<?xml version="1.0" encoding="UTF-8"?>
<testsuites tests="1" failures="0" errors="0" skipped="0">
  <testsuite timestamp="2025-05-19T17:44:39" time="96.895" tests="1" failures="0" errors="0" skipped="0">
    <properties>
      <property name="specId" value="0" />
      <property name="suiteName" value="Create template type - creation of orders on handover US151389" />
      <property name="capabilities" value="chrome.136_0_7103_93.windows" />
      <property name="file" value="file:///D:/a/1/s/test/specs/ISC/create-template-creation-of-orders-on-handovers.spec.js" />
    </properties>
    <testcase classname="chrome.136_0_7103_93.windows.Create_template_type_-_creation_of_orders_on_handover_US151389" name="Should create a new template of type Creation of orders on handover" time="72.077">
      <system-out><![CDATA[
COMMAND: POST /session/99666f4178e201b89ec77314404c7172/execute/async - {"script":"<script> [1562 bytes]","args":[{"selector":{"controlType":"sap.m.GenericTile","properties":{"header":"ISC Templates"}},"wdio_ui5_key":"sapm.GenericTile{\"header\":\"ISC Templates\"}"}]}
RESULT: {"script":"<script> [1562 bytes]","args":[{"selector":{"controlType":"sap.m.GenericTile","properties":{"header":"ISC Templates"}},"wdio_ui5_key":"sapm.GenericTile{\"header\":\"ISC Templates\"}"}]}
RESULT: undefined
COMMAND: POST /session/99666f4178e201b89ec77314404c7172/element - {"using":"xpath","value":"//*[@id=\"__tile111\"]"}
RESULT: {"using":"xpath","value":"//*[@id=\"__tile111\"]"}
COMMAND: POST /session/99666f4178e201b89ec77314404c7172/element/f.8E50B53551C43F305001E1F312EE8E61.d.A396F2235FFED1CDBB3C88CC26E3259A.e.117/click - {}
RESULT: {}
COMMAND: GET /session/99666f4178e201b89ec77314404c7172/screenshot - {}
RESULT: {}
COMMAND: POST /session/99666f4178e201b89ec77314404c7172/elements - {"using":"xpath","value":"//span[text()='Error']"}
RESULT: {"using":"xpath","value":"//span[text()='Error']"}
COMMAND: POST /session/99666f4178e201b89ec77314404c7172/execute/async - {"script":"<script> [1562 bytes]","args":[{"selector":{"id":"application-isctemplates-display-component---masterSafetyAndCompliance--idCreate","interaction":{"idSuffix":"inner"}},"wdio_ui5_key":"applicationisctemplates-display-component---masterSafetyAndCompliance--idCreate"}]}
RESULT: {"script":"<script> [1562 bytes]","args":[{"selector":{"id":"application-isctemplates-display-component---masterSafetyAndCompliance--idCreate","interaction":{"idSuffix":"inner"}},"wdio_ui5_key":"applicationisctemplates-display-component---masterSafetyAndCompliance--idCreate"}]}
RESULT: undefined
COMMAND: POST /session/99666f4178e201b89ec77314404c7172/element - {"using":"xpath","value":"//*[@id=\"application-isctemplates-display-component---masterSafetyAndCompliance--idCreate\"]"}
RESULT: {"using":"xpath","value":"//*[@id=\"application-isctemplates-display-component---masterSafetyAndCompliance--idCreate\"]"}
COMMAND: POST /session/99666f4178e201b89ec77314404c7172/element/f.8E50B53551C43F305001E1F312EE8E61.d.A396F2235FFED1CDBB3C88CC26E3259A.e.158/click - {}
RESULT: {}
COMMAND: GET /session/99666f4178e201b89ec77314404c7172/screenshot - {}
RESULT: {}
COMMAND: POST /session/99666f4178e201b89ec77314404c7172/execute/async - {"script":"<script> [1562 bytes]","args":[{"selector":{"id":"application-isctemplates-display-component---addDetailSafetyAndCompliance--sitNameInput","interaction":{"idSuffix":"inner"}},"wdio_ui5_key":"applicationisctemplates-display-component---addDetailSafetyAndCompliance--sitNameInput"}]}
RESULT: {"script":"<script> [1562 bytes]","args":[{"selector":{"id":"application-isctemplates-display-component---addDetailSafetyAndCompliance--sitNameInput","interaction":{"idSuffix":"inner"}},"wdio_ui5_key":"applicationisctemplates-display-component---addDetailSafetyAndCompliance--sitNameInput"}]}
RESULT: undefined
COMMAND: POST /session/99666f4178e201b89ec77314404c7172/execute/async - {"script":"<script> [776 bytes]","args":[{"enterText":"Webdriver Template handover","selector":{"id":"application-isctemplates-display-component---addDetailSafetyAndCompliance--sitNameInput","interaction":{"idSuffix":"inner"}},"clearTextFirst":true,"interactionType":"ENTER_TEXT"}]}
RESULT: {"script":"<script> [776 bytes]","args":[{"enterText":"Webdriver Template handover","selector":{"id":"application-isctemplates-display-component---addDetailSafetyAndCompliance--sitNameInput","interaction":{"idSuffix":"inner"}},"clearTextFirst":true,"interactionType":"ENTER_TEXT"}]}
COMMAND: POST /session/99666f4178e201b89ec77314404c7172/execute/async - {"script":"<script> [1562 bytes]","args":[{"selector":{"id":"application-isctemplates-display-component---addDetailSafetyAndCompliance--tempDesc","interaction":{"idSuffix":"inner"}},"wdio_ui5_key":"applicationisctemplates-display-component---addDetailSafetyAndCompliance--tempDesc"}]}
RESULT: {"script":"<script> [1562 bytes]","args":[{"selector":{"id":"application-isctemplates-display-component---addDetailSafetyAndCompliance--tempDesc","interaction":{"idSuffix":"inner"}},"wdio_ui5_key":"applicationisctemplates-display-component---addDetailSafetyAndCompliance--tempDesc"}]}
RESULT: undefined
COMMAND: POST /session/99666f4178e201b89ec77314404c7172/execute/async - {"script":"<script> [776 bytes]","args":[{"enterText":"WebdriverIO template description","selector":{"id":"application-isctemplates-display-component---addDetailSafetyAndCompliance--tempDesc","interaction":{"idSuffix":"inner"}},"clearTextFirst":true,"interactionType":"ENTER_TEXT"}]}
RESULT: {"script":"<script> [776 bytes]","args":[{"enterText":"WebdriverIO template description","selector":{"id":"application-isctemplates-display-component---addDetailSafetyAndCompliance--tempDesc","interaction":{"idSuffix":"inner"}},"clearTextFirst":true,"interactionType":"ENTER_TEXT"}]}
COMMAND: POST /session/99666f4178e201b89ec77314404c7172/execute/async - {"script":"<script> [1562 bytes]","args":[{"selector":{"id":"application-isctemplates-display-component---addDetailSafetyAndCompliance--typeSelect","interaction":{"idSuffix":"arrow"}},"wdio_ui5_key":"applicationisctemplates-display-component---addDetailSafetyAndCompliance--typeSelect"}]}
RESULT: {"script":"<script> [1562 bytes]","args":[{"selector":{"id":"application-isctemplates-display-component---addDetailSafetyAndCompliance--typeSelect","interaction":{"idSuffix":"arrow"}},"wdio_ui5_key":"applicationisctemplates-display-component---addDetailSafetyAndCompliance--typeSelect"}]}
RESULT: undefined
COMMAND: POST /session/99666f4178e201b89ec77314404c7172/element - {"using":"xpath","value":"//*[@id=\"application-isctemplates-display-component---addDetailSafetyAndCompliance--typeSelect\"]"}
RESULT: {"using":"xpath","value":"//*[@id=\"application-isctemplates-display-component---addDetailSafetyAndCompliance--typeSelect\"]"}
COMMAND: POST /session/99666f4178e201b89ec77314404c7172/element/f.8E50B53551C43F305001E1F312EE8E61.d.A396F2235FFED1CDBB3C88CC26E3259A.e.513/click - {}
RESULT: {}
COMMAND: GET /session/99666f4178e201b89ec77314404c7172/screenshot - {}
RESULT: {}
COMMAND: POST /session/99666f4178e201b89ec77314404c7172/execute/async - {"script":"<script> [1562 bytes]","args":[{"selector":{"controlType":"sap.ui.core.Item","viewName":"etm.portal.ui.isctemplates.view.New","viewId":"application-isctemplates-display-component---addDetailSafetyAndCompliance","bindingPath":{"path":"/TemplateTypes/1","propertyPath":"ID","modelName":"iscBaseModel"},"searchOpenDialogs":true},"wdio_ui5_key":"etmportal.ui.isctemplates.view.Newsap.ui.core.Item{\"path\":\"/TemplateTypes/1\",\"propertyPath\":\"ID\",\"modelName\":\"iscBaseModel\"}"}]}
RESULT: {"script":"<script> [1562 bytes]","args":[{"selector":{"controlType":"sap.ui.core.Item","viewName":"etm.portal.ui.isctemplates.view.New","viewId":"application-isctemplates-display-component---addDetailSafetyAndCompliance","bindingPath":{"path":"/TemplateTypes/1","propertyPath":"ID","modelName":"iscBaseModel"},"searchOpenDialogs":true},"wdio_ui5_key":"etmportal.ui.isctemplates.view.Newsap.ui.core.Item{\"path\":\"/TemplateTypes/1\",\"propertyPath\":\"ID\",\"modelName\":\"iscBaseModel\"}"}]}
RESULT: undefined
COMMAND: POST /session/99666f4178e201b89ec77314404c7172/element - {"using":"xpath","value":"//*[@id=\"__item50-application-isctemplates-display-component---addDetailSafetyAndCompliance--typeSelect-3\"]"}
RESULT: {"using":"xpath","value":"//*[@id=\"__item50-application-isctemplates-display-component---addDetailSafetyAndCompliance--typeSelect-3\"]"}
COMMAND: POST /session/99666f4178e201b89ec77314404c7172/element/f.8E50B53551C43F305001E1F312EE8E61.d.A396F2235FFED1CDBB3C88CC26E3259A.e.515/click - {}
RESULT: {}
COMMAND: GET /session/99666f4178e201b89ec77314404c7172/screenshot - {}
COMMAND: POST /session/99666f4178e201b89ec77314404c7172/execute/async - {"script":"<script> [1562 bytes]","args":[{"selector":{"id":"application-isctemplates-display-component---addDetailSafetyAndCompliance--durationEditMode","interaction":{"idSuffix":"inner"}},"wdio_ui5_key":"applicationisctemplates-display-component---addDetailSafetyAndCompliance--durationEditMode"}]}
RESULT: {}
RESULT: {"script":"<script> [1562 bytes]","args":[{"selector":{"id":"application-isctemplates-display-component---addDetailSafetyAndCompliance--durationEditMode","interaction":{"idSuffix":"inner"}},"wdio_ui5_key":"applicationisctemplates-display-component---addDetailSafetyAndCompliance--durationEditMode"}]}
RESULT: undefined
COMMAND: POST /session/99666f4178e201b89ec77314404c7172/execute/async - {"script":"<script> [776 bytes]","args":[{"enterText":"1","selector":{"id":"application-isctemplates-display-component---addDetailSafetyAndCompliance--durationEditMode","interaction":{"idSuffix":"inner"}},"clearTextFirst":true,"interactionType":"ENTER_TEXT"}]}
RESULT: {"script":"<script> [776 bytes]","args":[{"enterText":"1","selector":{"id":"application-isctemplates-display-component---addDetailSafetyAndCompliance--durationEditMode","interaction":{"idSuffix":"inner"}},"clearTextFirst":true,"interactionType":"ENTER_TEXT"}]}
COMMAND: POST /session/99666f4178e201b89ec77314404c7172/execute/async - {"script":"<script> [1562 bytes]","args":[{"selector":{"id":"application-isctemplates-display-component---addDetailSafetyAndCompliance--durationDimension-arrow"},"wdio_ui5_key":"applicationisctemplates-display-component---addDetailSafetyAndCompliance--durationDimension-arrow"}]}
RESULT: {"script":"<script> [1562 bytes]","args":[{"selector":{"id":"application-isctemplates-display-component---addDetailSafetyAndCompliance--durationDimension-arrow"},"wdio_ui5_key":"applicationisctemplates-display-component---addDetailSafetyAndCompliance--durationDimension-arrow"}]}
RESULT: undefined
COMMAND: POST /session/99666f4178e201b89ec77314404c7172/element - {"using":"xpath","value":"//*[@id=\"application-isctemplates-display-component---addDetailSafetyAndCompliance--durationDimension-arrow\"]"}
RESULT: {"using":"xpath","value":"//*[@id=\"application-isctemplates-display-component---addDetailSafetyAndCompliance--durationDimension-arrow\"]"}
COMMAND: POST /session/99666f4178e201b89ec77314404c7172/element/f.8E50B53551C43F305001E1F312EE8E61.d.A396F2235FFED1CDBB3C88CC26E3259A.e.532/click - {}
RESULT: {}
COMMAND: GET /session/99666f4178e201b89ec77314404c7172/screenshot - {}
RESULT: {}
COMMAND: POST /session/99666f4178e201b89ec77314404c7172/execute/async - {"script":"<script> [1562 bytes]","args":[{"selector":{"controlType":"sap.m.StandardListItem","viewName":"etm.portal.ui.isctemplates.view.New","viewId":"application-isctemplates-display-component---addDetailSafetyAndCompliance","properties":{"title":"Days"},"searchOpenDialogs":true,"interaction":{"idSuffix":"titleText"}},"wdio_ui5_key":"etmportal.ui.isctemplates.view.Newsap.m.StandardListItem{\"title\":\"Days\"}"}]}
RESULT: {"script":"<script> [1562 bytes]","args":[{"selector":{"controlType":"sap.m.StandardListItem","viewName":"etm.portal.ui.isctemplates.view.New","viewId":"application-isctemplates-display-component---addDetailSafetyAndCompliance","properties":{"title":"Days"},"searchOpenDialogs":true,"interaction":{"idSuffix":"titleText"}},"wdio_ui5_key":"etmportal.ui.isctemplates.view.Newsap.m.StandardListItem{\"title\":\"Days\"}"}]}
RESULT: undefined
COMMAND: POST /session/99666f4178e201b89ec77314404c7172/element - {"using":"xpath","value":"//*[@id=\"__item87\"]"}
RESULT: {"using":"xpath","value":"//*[@id=\"__item87\"]"}
COMMAND: POST /session/99666f4178e201b89ec77314404c7172/element/f.8E50B53551C43F305001E1F312EE8E61.d.A396F2235FFED1CDBB3C88CC26E3259A.e.534/click - {}
RESULT: {}
COMMAND: POST /session/99666f4178e201b89ec77314404c7172/execute/async - {"script":"<script> [1562 bytes]","args":[{"selector":{"id":"application-isctemplates-display-component---addDetailSafetyAndCompliance--addToPlanningCheck"},"wdio_ui5_key":"applicationisctemplates-display-component---addDetailSafetyAndCompliance--addToPlanningCheck"}]}
COMMAND: GET /session/99666f4178e201b89ec77314404c7172/screenshot - {}
RESULT: {"script":"<script> [1562 bytes]","args":[{"selector":{"id":"application-isctemplates-display-component---addDetailSafetyAndCompliance--addToPlanningCheck"},"wdio_ui5_key":"applicationisctemplates-display-component---addDetailSafetyAndCompliance--addToPlanningCheck"}]}
RESULT: undefined
COMMAND: POST /session/99666f4178e201b89ec77314404c7172/execute/async - {"script":"<script> [6424 bytes]","args":[{"element-6066-11e4-a52e-4f735466cecf":"f.8E50B53551C43F305001E1F312EE8E61.d.A396F2235FFED1CDBB3C88CC26E3259A.e.378"},"getSelected",[]]}
RESULT: {}
RESULT: {"script":"<script> [6424 bytes]","args":[{"element-6066-11e4-a52e-4f735466cecf":"f.8E50B53551C43F305001E1F312EE8E61.d.A396F2235FFED1CDBB3C88CC26E3259A.e.378"},"getSelected",[]]}
COMMAND: POST /session/99666f4178e201b89ec77314404c7172/execute/async - {"script":"<script> [1562 bytes]","args":[{"selector":{"id":"application-isctemplates-display-component---addDetailSafetyAndCompliance--saveBtn","interaction":{"idSuffix":"BDI-content"}},"wdio_ui5_key":"applicationisctemplates-display-component---addDetailSafetyAndCompliance--saveBtn"}]}
RESULT: {"script":"<script> [1562 bytes]","args":[{"selector":{"id":"application-isctemplates-display-component---addDetailSafetyAndCompliance--saveBtn","interaction":{"idSuffix":"BDI-content"}},"wdio_ui5_key":"applicationisctemplates-display-component---addDetailSafetyAndCompliance--saveBtn"}]}
RESULT: undefined
COMMAND: POST /session/99666f4178e201b89ec77314404c7172/element - {"using":"xpath","value":"//*[@id=\"application-isctemplates-display-component---addDetailSafetyAndCompliance--saveBtn\"]"}
RESULT: {"using":"xpath","value":"//*[@id=\"application-isctemplates-display-component---addDetailSafetyAndCompliance--saveBtn\"]"}
COMMAND: POST /session/99666f4178e201b89ec77314404c7172/element/f.8E50B53551C43F305001E1F312EE8E61.d.A396F2235FFED1CDBB3C88CC26E3259A.e.503/click - {}
RESULT: {}
COMMAND: GET /session/99666f4178e201b89ec77314404c7172/screenshot - {}
RESULT: {}
COMMAND: POST /session/99666f4178e201b89ec77314404c7172/execute/async - {"script":"<script> [1562 bytes]","args":[{"selector":{"id":"application-isctemplates-display-component---detailSafetyAndCompliance--templateType"},"wdio_ui5_key":"applicationisctemplates-display-component---detailSafetyAndCompliance--templateType"}]}
RESULT: {"script":"<script> [1562 bytes]","args":[{"selector":{"id":"application-isctemplates-display-component---detailSafetyAndCompliance--templateType"},"wdio_ui5_key":"applicationisctemplates-display-component---detailSafetyAndCompliance--templateType"}]}
RESULT: undefined
COMMAND: POST /session/99666f4178e201b89ec77314404c7172/execute/async - {"script":"<script> [6424 bytes]","args":[{"element-6066-11e4-a52e-4f735466cecf":"f.8E50B53551C43F305001E1F312EE8E61.d.A396F2235FFED1CDBB3C88CC26E3259A.e.577"},"getText",[]]}
RESULT: {"script":"<script> [6424 bytes]","args":[{"element-6066-11e4-a52e-4f735466cecf":"f.8E50B53551C43F305001E1F312EE8E61.d.A396F2235FFED1CDBB3C88CC26E3259A.e.577"},"getText",[]]}
COMMAND: POST /session/99666f4178e201b89ec77314404c7172/execute/async - {"script":"<script> [1562 bytes]","args":[{"selector":{"controlType":"sap.m.ObjectStatus","viewName":"reusables.view.ISC.Templates.Detail","viewId":"application-isctemplates-display-component---detailSafetyAndCompliance","bindingPath":{"propertyPath":"ACTIVE","modelName":"catalogModel"}},"wdio_ui5_key":"reusablesview.ISC.Templates.Detailsap.m.ObjectStatus{\"propertyPath\":\"ACTIVE\",\"modelName\":\"catalogModel\"}"}]}
RESULT: {"script":"<script> [1562 bytes]","args":[{"selector":{"controlType":"sap.m.ObjectStatus","viewName":"reusables.view.ISC.Templates.Detail","viewId":"application-isctemplates-display-component---detailSafetyAndCompliance","bindingPath":{"propertyPath":"ACTIVE","modelName":"catalogModel"}},"wdio_ui5_key":"reusablesview.ISC.Templates.Detailsap.m.ObjectStatus{\"propertyPath\":\"ACTIVE\",\"modelName\":\"catalogModel\"}"}]}
RESULT: undefined
COMMAND: POST /session/99666f4178e201b89ec77314404c7172/execute/async - {"script":"<script> [6424 bytes]","args":[{"element-6066-11e4-a52e-4f735466cecf":"f.8E50B53551C43F305001E1F312EE8E61.d.A396F2235FFED1CDBB3C88CC26E3259A.e.578"},"getText",[]]}
RESULT: {"script":"<script> [6424 bytes]","args":[{"element-6066-11e4-a52e-4f735466cecf":"f.8E50B53551C43F305001E1F312EE8E61.d.A396F2235FFED1CDBB3C88CC26E3259A.e.578"},"getText",[]]}
COMMAND: POST /session/99666f4178e201b89ec77314404c7172/execute/async - {"script":"<script> [1562 bytes]","args":[{"selector":{"id":"application-isctemplates-display-component---detailSafetyAndCompliance--addToPlanningCheck"},"wdio_ui5_key":"applicationisctemplates-display-component---detailSafetyAndCompliance--addToPlanningCheck"}]}
RESULT: {"script":"<script> [1562 bytes]","args":[{"selector":{"id":"application-isctemplates-display-component---detailSafetyAndCompliance--addToPlanningCheck"},"wdio_ui5_key":"applicationisctemplates-display-component---detailSafetyAndCompliance--addToPlanningCheck"}]}
RESULT: undefined
COMMAND: POST /session/99666f4178e201b89ec77314404c7172/execute/async - {"script":"<script> [6424 bytes]","args":[{"element-6066-11e4-a52e-4f735466cecf":"f.8E50B53551C43F305001E1F312EE8E61.d.A396F2235FFED1CDBB3C88CC26E3259A.e.579"},"getSelected",[]]}
RESULT: {"script":"<script> [6424 bytes]","args":[{"element-6066-11e4-a52e-4f735466cecf":"f.8E50B53551C43F305001E1F312EE8E61.d.A396F2235FFED1CDBB3C88CC26E3259A.e.579"},"getSelected",[]]}
COMMAND: DELETE /session/99666f4178e201b89ec77314404c7172 - {}
RESULT: {}
]]></system-out>
    </testcase>
  </testsuite>
</testsuites>