<?xml version="1.0" encoding="UTF-8"?>
<testsuites tests="21" failures="1" errors="1" skipped="0">
  <testsuite timestamp="2025-05-29T16:56:13" time="385.155" tests="3" failures="0" errors="0" skipped="0">
    <properties>
      <property name="specId" value="0"/>
      <property name="suiteName" value="Create condition pricing US117289 US134625"/>
      <property name="capabilities" value="chrome.136_0_7103_93.windows"/>
      <property name="file" value="file:///D:/a/1/s/test/specs/BTS/create-condition-pricing.spec.js"/>
    </properties>
    <testcase classname="chrome.136_0_7103_93.windows.Create_condition_pricing_US117289_US134625" name="Should create a new yard used for all following tests" time="119.335">
      <system-out><![CDATA[
COMMAND: POST /session/b1e904011ad8e22b26328390ecfe3dd0/window/fullscreen - {}
RESULT: {}
COMMAND: POST /session/b1e904011ad8e22b26328390ecfe3dd0/execute/async - {"script":"<script> [1562 bytes]","args":[{"selector":{"controlType":"sap.m.GenericTile","properties":{"header":"Manage Yards"}},"wdio_ui5_key":"sapm.GenericTile{\"header\":\"Manage Yards\"}"}]}
RESULT: {"script":"<script> [1562 bytes]","args":[{"selector":{"controlType":"sap.m.GenericTile","properties":{"header":"Manage Yards"}},"wdio_ui5_key":"sapm.GenericTile{\"header\":\"Manage Yards\"}"}]}
RESULT: undefined
COMMAND: POST /session/b1e904011ad8e22b26328390ecfe3dd0/element - {"using":"xpath","value":"//*[@id=\"__tile41\"]"}
RESULT: {"using":"xpath","value":"//*[@id=\"__tile41\"]"}
COMMAND: POST /session/b1e904011ad8e22b26328390ecfe3dd0/element/f.CA0320F3C4D5DF4C38F9949593A05479.d.87750399EEA76769995673DDF54E3A22.e.162/click - {}
RESULT: {}
COMMAND: GET /session/b1e904011ad8e22b26328390ecfe3dd0/screenshot - {}
RESULT: {}
COMMAND: POST /session/b1e904011ad8e22b26328390ecfe3dd0/elements - {"using":"xpath","value":"//span[text()='Error']"}
RESULT: {"using":"xpath","value":"//span[text()='Error']"}
COMMAND: POST /session/b1e904011ad8e22b26328390ecfe3dd0/element - {"using":"xpath","value":"//button[@data-kt=\"addNewYardOverflowToolbarButton\"]"}
RESULT: {"using":"xpath","value":"//button[@data-kt=\"addNewYardOverflowToolbarButton\"]"}
COMMAND: POST /session/b1e904011ad8e22b26328390ecfe3dd0/elements - {"using":"xpath","value":"//button[@data-kt=\"addNewYardOverflowToolbarButton\"]"}
RESULT: {"using":"xpath","value":"//button[@data-kt=\"addNewYardOverflowToolbarButton\"]"}
COMMAND: POST /session/b1e904011ad8e22b26328390ecfe3dd0/elements - {"using":"xpath","value":"//button[@data-kt=\"addNewYardOverflowToolbarButton\"]"}
RESULT: {"using":"xpath","value":"//button[@data-kt=\"addNewYardOverflowToolbarButton\"]"}
COMMAND: POST /session/b1e904011ad8e22b26328390ecfe3dd0/elements - {"using":"xpath","value":"//button[@data-kt=\"addNewYardOverflowToolbarButton\"]"}
RESULT: {"using":"xpath","value":"//button[@data-kt=\"addNewYardOverflowToolbarButton\"]"}
COMMAND: POST /session/b1e904011ad8e22b26328390ecfe3dd0/elements - {"using":"xpath","value":"//button[@data-kt=\"addNewYardOverflowToolbarButton\"]"}
RESULT: {"using":"xpath","value":"//button[@data-kt=\"addNewYardOverflowToolbarButton\"]"}
COMMAND: POST /session/b1e904011ad8e22b26328390ecfe3dd0/elements - {"using":"xpath","value":"//button[@data-kt=\"addNewYardOverflowToolbarButton\"]"}
RESULT: {"using":"xpath","value":"//button[@data-kt=\"addNewYardOverflowToolbarButton\"]"}
COMMAND: POST /session/b1e904011ad8e22b26328390ecfe3dd0/element - {"using":"xpath","value":"//button[@data-kt=\"addNewYardOverflowToolbarButton\"]"}
RESULT: {"using":"xpath","value":"//button[@data-kt=\"addNewYardOverflowToolbarButton\"]"}
COMMAND: POST /session/b1e904011ad8e22b26328390ecfe3dd0/execute/sync - {"script":"<script> [8489 bytes]","args":[{"element-6066-11e4-a52e-4f735466cecf":"f.CA0320F3C4D5DF4C38F9949593A05479.d.87750399EEA76769995673DDF54E3A22.e.299","ELEMENT":"f.CA0320F3C4D5DF4C38F9949593A05479.d.87750399EEA76769995673DDF54E3A22.e.299"}]}
RESULT: {"script":"<script> [8489 bytes]","args":[{"element-6066-11e4-a52e-4f735466cecf":"f.CA0320F3C4D5DF4C38F9949593A05479.d.87750399EEA76769995673DDF54E3A22.e.299","ELEMENT":"f.CA0320F3C4D5DF4C38F9949593A05479.d.87750399EEA76769995673DDF54E3A22.e.299"}]}
COMMAND: GET /session/b1e904011ad8e22b26328390ecfe3dd0/element/f.CA0320F3C4D5DF4C38F9949593A05479.d.87750399EEA76769995673DDF54E3A22.e.299/enabled - {}
COMMAND: GET /session/b1e904011ad8e22b26328390ecfe3dd0/screenshot - {}
RESULT: {}
COMMAND: POST /session/b1e904011ad8e22b26328390ecfe3dd0/execute/sync - {"script":"<script> [8489 bytes]","args":[{"element-6066-11e4-a52e-4f735466cecf":"f.CA0320F3C4D5DF4C38F9949593A05479.d.87750399EEA76769995673DDF54E3A22.e.299","ELEMENT":"f.CA0320F3C4D5DF4C38F9949593A05479.d.87750399EEA76769995673DDF54E3A22.e.299"}]}
COMMAND: GET /session/b1e904011ad8e22b26328390ecfe3dd0/screenshot - {}
RESULT: {}
RESULT: {"script":"<script> [8489 bytes]","args":[{"element-6066-11e4-a52e-4f735466cecf":"f.CA0320F3C4D5DF4C38F9949593A05479.d.87750399EEA76769995673DDF54E3A22.e.299","ELEMENT":"f.CA0320F3C4D5DF4C38F9949593A05479.d.87750399EEA76769995673DDF54E3A22.e.299"}]}
COMMAND: POST /session/b1e904011ad8e22b26328390ecfe3dd0/execute/sync - {"script":"<script> [5351 bytes]","args":[{"element-6066-11e4-a52e-4f735466cecf":"f.CA0320F3C4D5DF4C38F9949593A05479.d.87750399EEA76769995673DDF54E3A22.e.299","ELEMENT":"f.CA0320F3C4D5DF4C38F9949593A05479.d.87750399EEA76769995673DDF54E3A22.e.299"}]}
COMMAND: GET /session/b1e904011ad8e22b26328390ecfe3dd0/screenshot - {}
RESULT: {}
RESULT: {"script":"<script> [5351 bytes]","args":[{"element-6066-11e4-a52e-4f735466cecf":"f.CA0320F3C4D5DF4C38F9949593A05479.d.87750399EEA76769995673DDF54E3A22.e.299","ELEMENT":"f.CA0320F3C4D5DF4C38F9949593A05479.d.87750399EEA76769995673DDF54E3A22.e.299"}]}
COMMAND: POST /session/b1e904011ad8e22b26328390ecfe3dd0/element/f.CA0320F3C4D5DF4C38F9949593A05479.d.87750399EEA76769995673DDF54E3A22.e.299/click - {}
COMMAND: GET /session/b1e904011ad8e22b26328390ecfe3dd0/screenshot - {}
RESULT: {}
RESULT: {}
COMMAND: GET /session/b1e904011ad8e22b26328390ecfe3dd0/screenshot - {}
RESULT: {}
RESULT: {}
COMMAND: POST /session/b1e904011ad8e22b26328390ecfe3dd0/element - {"using":"xpath","value":"//input[@id=\"application-manageyards-display-component---NewYard--yardId-inner\"]"}
RESULT: {"using":"xpath","value":"//input[@id=\"application-manageyards-display-component---NewYard--yardId-inner\"]"}
COMMAND: POST /session/b1e904011ad8e22b26328390ecfe3dd0/element - {"using":"xpath","value":"//input[@id=\"application-manageyards-display-component---NewYard--yardId-inner\"]"}
RESULT: {"using":"xpath","value":"//input[@id=\"application-manageyards-display-component---NewYard--yardId-inner\"]"}
COMMAND: POST /session/b1e904011ad8e22b26328390ecfe3dd0/execute/async - {"script":"<script> [1562 bytes]","args":[{"selector":{"id":"application-manageyards-display-component---NewYard--addressDetailDetailsName1","interaction":{"idSuffix":"inner"}},"wdio_ui5_key":"applicationmanageyards-display-component---NewYard--addressDetailDetailsName1"}]}
RESULT: {"script":"<script> [1562 bytes]","args":[{"selector":{"id":"application-manageyards-display-component---NewYard--addressDetailDetailsName1","interaction":{"idSuffix":"inner"}},"wdio_ui5_key":"applicationmanageyards-display-component---NewYard--addressDetailDetailsName1"}]}
RESULT: undefined
COMMAND: POST /session/b1e904011ad8e22b26328390ecfe3dd0/execute/async - {"script":"<script> [776 bytes]","args":[{"enterText":"DailyPrice WDIO","selector":{"id":"application-manageyards-display-component---NewYard--addressDetailDetailsName1","interaction":{"idSuffix":"inner"}},"clearTextFirst":true,"interactionType":"ENTER_TEXT"}]}
RESULT: {"script":"<script> [776 bytes]","args":[{"enterText":"DailyPrice WDIO","selector":{"id":"application-manageyards-display-component---NewYard--addressDetailDetailsName1","interaction":{"idSuffix":"inner"}},"clearTextFirst":true,"interactionType":"ENTER_TEXT"}]}
COMMAND: POST /session/b1e904011ad8e22b26328390ecfe3dd0/execute/async - {"script":"<script> [1562 bytes]","args":[{"selector":{"id":"application-manageyards-display-component---NewYard--addressDetailDetailsLanguage-arrow"},"wdio_ui5_key":"applicationmanageyards-display-component---NewYard--addressDetailDetailsLanguage-arrow"}]}
RESULT: {"script":"<script> [1562 bytes]","args":[{"selector":{"id":"application-manageyards-display-component---NewYard--addressDetailDetailsLanguage-arrow"},"wdio_ui5_key":"applicationmanageyards-display-component---NewYard--addressDetailDetailsLanguage-arrow"}]}
RESULT: undefined
COMMAND: POST /session/b1e904011ad8e22b26328390ecfe3dd0/element - {"using":"xpath","value":"//*[@id=\"application-manageyards-display-component---NewYard--addressDetailDetailsLanguage-arrow\"]"}
RESULT: {"using":"xpath","value":"//*[@id=\"application-manageyards-display-component---NewYard--addressDetailDetailsLanguage-arrow\"]"}
COMMAND: POST /session/b1e904011ad8e22b26328390ecfe3dd0/element/f.CA0320F3C4D5DF4C38F9949593A05479.d.87750399EEA76769995673DDF54E3A22.e.730/click - {}
RESULT: {}
COMMAND: POST /session/b1e904011ad8e22b26328390ecfe3dd0/element - {"using":"xpath","value":"//span[contains(text(), \"English\")]"}
COMMAND: GET /session/b1e904011ad8e22b26328390ecfe3dd0/screenshot - {}
RESULT: {"using":"xpath","value":"//span[contains(text(), \"English\")]"}
COMMAND: POST /session/b1e904011ad8e22b26328390ecfe3dd0/element/f.CA0320F3C4D5DF4C38F9949593A05479.d.87750399EEA76769995673DDF54E3A22.e.731/click - {}
RESULT: {}
RESULT: {}
COMMAND: POST /session/b1e904011ad8e22b26328390ecfe3dd0/execute/async - {"script":"<script> [1562 bytes]","args":[{"selector":{"id":"application-manageyards-display-component---NewYard--addressDetailDetailsCity1","interaction":{"idSuffix":"inner"}},"wdio_ui5_key":"applicationmanageyards-display-component---NewYard--addressDetailDetailsCity1"}]}
COMMAND: GET /session/b1e904011ad8e22b26328390ecfe3dd0/screenshot - {}
RESULT: {"script":"<script> [1562 bytes]","args":[{"selector":{"id":"application-manageyards-display-component---NewYard--addressDetailDetailsCity1","interaction":{"idSuffix":"inner"}},"wdio_ui5_key":"applicationmanageyards-display-component---NewYard--addressDetailDetailsCity1"}]}
RESULT: undefined
COMMAND: POST /session/b1e904011ad8e22b26328390ecfe3dd0/execute/async - {"script":"<script> [776 bytes]","args":[{"enterText":"Rosario","selector":{"id":"application-manageyards-display-component---NewYard--addressDetailDetailsCity1","interaction":{"idSuffix":"inner"}},"clearTextFirst":true,"interactionType":"ENTER_TEXT"}]}
RESULT: {}
RESULT: {"script":"<script> [776 bytes]","args":[{"enterText":"Rosario","selector":{"id":"application-manageyards-display-component---NewYard--addressDetailDetailsCity1","interaction":{"idSuffix":"inner"}},"clearTextFirst":true,"interactionType":"ENTER_TEXT"}]}
COMMAND: POST /session/b1e904011ad8e22b26328390ecfe3dd0/execute/async - {"script":"<script> [1562 bytes]","args":[{"selector":{"id":"application-manageyards-display-component---NewYard--addressDetailDetailsCountry-arrow"},"wdio_ui5_key":"applicationmanageyards-display-component---NewYard--addressDetailDetailsCountry-arrow"}]}
RESULT: {"script":"<script> [1562 bytes]","args":[{"selector":{"id":"application-manageyards-display-component---NewYard--addressDetailDetailsCountry-arrow"},"wdio_ui5_key":"applicationmanageyards-display-component---NewYard--addressDetailDetailsCountry-arrow"}]}
RESULT: undefined
COMMAND: POST /session/b1e904011ad8e22b26328390ecfe3dd0/element - {"using":"xpath","value":"//*[@id=\"application-manageyards-display-component---NewYard--addressDetailDetailsCountry-arrow\"]"}
RESULT: {"using":"xpath","value":"//*[@id=\"application-manageyards-display-component---NewYard--addressDetailDetailsCountry-arrow\"]"}
COMMAND: POST /session/b1e904011ad8e22b26328390ecfe3dd0/element/f.CA0320F3C4D5DF4C38F9949593A05479.d.87750399EEA76769995673DDF54E3A22.e.733/click - {}
RESULT: {}
COMMAND: POST /session/b1e904011ad8e22b26328390ecfe3dd0/element - {"using":"xpath","value":"//span[contains(text(), \"Argentina\")]"}
COMMAND: GET /session/b1e904011ad8e22b26328390ecfe3dd0/screenshot - {}
RESULT: {"using":"xpath","value":"//span[contains(text(), \"Argentina\")]"}
COMMAND: POST /session/b1e904011ad8e22b26328390ecfe3dd0/element/f.CA0320F3C4D5DF4C38F9949593A05479.d.87750399EEA76769995673DDF54E3A22.e.735/click - {}
RESULT: {}
RESULT: {}
COMMAND: POST /session/b1e904011ad8e22b26328390ecfe3dd0/execute/async - {"script":"<script> [1562 bytes]","args":[{"selector":{"id":"application-manageyards-display-component---NewYard--addressEditDetailsCostObjectCstType-arrow"},"wdio_ui5_key":"applicationmanageyards-display-component---NewYard--addressEditDetailsCostObjectCstType-arrow"}]}
COMMAND: GET /session/b1e904011ad8e22b26328390ecfe3dd0/screenshot - {}
RESULT: {"script":"<script> [1562 bytes]","args":[{"selector":{"id":"application-manageyards-display-component---NewYard--addressEditDetailsCostObjectCstType-arrow"},"wdio_ui5_key":"applicationmanageyards-display-component---NewYard--addressEditDetailsCostObjectCstType-arrow"}]}
RESULT: undefined
COMMAND: POST /session/b1e904011ad8e22b26328390ecfe3dd0/element - {"using":"xpath","value":"//*[@id=\"application-manageyards-display-component---NewYard--addressEditDetailsCostObjectCstType-arrow\"]"}
RESULT: {}
RESULT: {"using":"xpath","value":"//*[@id=\"application-manageyards-display-component---NewYard--addressEditDetailsCostObjectCstType-arrow\"]"}
COMMAND: POST /session/b1e904011ad8e22b26328390ecfe3dd0/element/f.CA0320F3C4D5DF4C38F9949593A05479.d.87750399EEA76769995673DDF54E3A22.e.736/click - {}
RESULT: {}
COMMAND: POST /session/b1e904011ad8e22b26328390ecfe3dd0/element - {"using":"xpath","value":"//span[contains(text(), \"Cost Center\")]"}
COMMAND: GET /session/b1e904011ad8e22b26328390ecfe3dd0/screenshot - {}
RESULT: {"using":"xpath","value":"//span[contains(text(), \"Cost Center\")]"}
COMMAND: POST /session/b1e904011ad8e22b26328390ecfe3dd0/element/f.CA0320F3C4D5DF4C38F9949593A05479.d.87750399EEA76769995673DDF54E3A22.e.737/click - {}
RESULT: {}
RESULT: {}
COMMAND: GET /session/b1e904011ad8e22b26328390ecfe3dd0/screenshot - {}
RESULT: {}
COMMAND: POST /session/b1e904011ad8e22b26328390ecfe3dd0/element - {"using":"xpath","value":"//span[@id=\"application-manageyards-display-component---NewYard--addressNewCostObjectCstID-vhi\"]"}
RESULT: {"using":"xpath","value":"//span[@id=\"application-manageyards-display-component---NewYard--addressNewCostObjectCstID-vhi\"]"}
COMMAND: POST /session/b1e904011ad8e22b26328390ecfe3dd0/execute/sync - {"script":"<script> [8489 bytes]","args":[{"element-6066-11e4-a52e-4f735466cecf":"f.CA0320F3C4D5DF4C38F9949593A05479.d.87750399EEA76769995673DDF54E3A22.e.741","ELEMENT":"f.CA0320F3C4D5DF4C38F9949593A05479.d.87750399EEA76769995673DDF54E3A22.e.741"}]}
RESULT: {"script":"<script> [8489 bytes]","args":[{"element-6066-11e4-a52e-4f735466cecf":"f.CA0320F3C4D5DF4C38F9949593A05479.d.87750399EEA76769995673DDF54E3A22.e.741","ELEMENT":"f.CA0320F3C4D5DF4C38F9949593A05479.d.87750399EEA76769995673DDF54E3A22.e.741"}]}
COMMAND: POST /session/b1e904011ad8e22b26328390ecfe3dd0/execute/async - {"script":"<script> [1562 bytes]","args":[{"selector":{"id":"application-manageyards-display-component---NewYard--addressNewCostObjectCstID-vhi"},"wdio_ui5_key":"applicationmanageyards-display-component---NewYard--addressNewCostObjectCstID-vhi"}]}
COMMAND: GET /session/b1e904011ad8e22b26328390ecfe3dd0/screenshot - {}
RESULT: {"script":"<script> [1562 bytes]","args":[{"selector":{"id":"application-manageyards-display-component---NewYard--addressNewCostObjectCstID-vhi"},"wdio_ui5_key":"applicationmanageyards-display-component---NewYard--addressNewCostObjectCstID-vhi"}]}
RESULT: undefined
COMMAND: POST /session/b1e904011ad8e22b26328390ecfe3dd0/element - {"using":"xpath","value":"//*[@id=\"application-manageyards-display-component---NewYard--addressNewCostObjectCstID-vhi\"]"}
RESULT: {}
RESULT: {"using":"xpath","value":"//*[@id=\"application-manageyards-display-component---NewYard--addressNewCostObjectCstID-vhi\"]"}
COMMAND: POST /session/b1e904011ad8e22b26328390ecfe3dd0/element/f.CA0320F3C4D5DF4C38F9949593A05479.d.87750399EEA76769995673DDF54E3A22.e.741/click - {}
RESULT: {}
COMMAND: GET /session/b1e904011ad8e22b26328390ecfe3dd0/screenshot - {}
RESULT: {}
COMMAND: POST /session/b1e904011ad8e22b26328390ecfe3dd0/execute/async - {"script":"<script> [1562 bytes]","args":[{"selector":{"controlType":"sap.m.SearchField","properties":{"placeholder":"Search"},"searchOpenDialogs":true,"interaction":{"idSuffix":"I"}},"wdio_ui5_key":"sapm.SearchField{\"placeholder\":\"Search\"}"}]}
RESULT: {"script":"<script> [1562 bytes]","args":[{"selector":{"controlType":"sap.m.SearchField","properties":{"placeholder":"Search"},"searchOpenDialogs":true,"interaction":{"idSuffix":"I"}},"wdio_ui5_key":"sapm.SearchField{\"placeholder\":\"Search\"}"}]}
RESULT: undefined
COMMAND: POST /session/b1e904011ad8e22b26328390ecfe3dd0/execute/async - {"script":"<script> [776 bytes]","args":[{"enterText":"bauh_b","selector":{"controlType":"sap.m.SearchField","properties":{"placeholder":"Search"},"searchOpenDialogs":true,"interaction":{"idSuffix":"I"}},"clearTextFirst":true,"interactionType":"ENTER_TEXT"}]}
RESULT: {"script":"<script> [776 bytes]","args":[{"enterText":"bauh_b","selector":{"controlType":"sap.m.SearchField","properties":{"placeholder":"Search"},"searchOpenDialogs":true,"interaction":{"idSuffix":"I"}},"clearTextFirst":true,"interactionType":"ENTER_TEXT"}]}
COMMAND: POST /session/b1e904011ad8e22b26328390ecfe3dd0/actions - {"actions":[{"id":"action1","type":"key","parameters":{},"actions":[{"type":"keyDown","value":""},{"type":"pause","duration":10},{"type":"keyUp","value":""}]}]}
RESULT: {"actions":[{"id":"action1","type":"key","parameters":{},"actions":[{"type":"keyDown","value":""},{"type":"pause","duration":10},{"type":"keyUp","value":""}]}]}
COMMAND: GET /session/b1e904011ad8e22b26328390ecfe3dd0/screenshot - {}
RESULT: {}
COMMAND: POST /session/b1e904011ad8e22b26328390ecfe3dd0/element - {"using":"xpath","value":"//span[contains(text(), \"Demo Yard\")]"}
RESULT: {"using":"xpath","value":"//span[contains(text(), \"Demo Yard\")]"}
COMMAND: POST /session/b1e904011ad8e22b26328390ecfe3dd0/element/f.CA0320F3C4D5DF4C38F9949593A05479.d.87750399EEA76769995673DDF54E3A22.e.783/click - {}
RESULT: {}
COMMAND: GET /session/b1e904011ad8e22b26328390ecfe3dd0/screenshot - {}
RESULT: {}
COMMAND: POST /session/b1e904011ad8e22b26328390ecfe3dd0/element - {"using":"xpath","value":"//bdi[contains(text(), \"OK\")]"}
RESULT: {"using":"xpath","value":"//bdi[contains(text(), \"OK\")]"}
COMMAND: POST /session/b1e904011ad8e22b26328390ecfe3dd0/element/f.CA0320F3C4D5DF4C38F9949593A05479.d.87750399EEA76769995673DDF54E3A22.e.784/click - {}
RESULT: {}
COMMAND: GET /session/b1e904011ad8e22b26328390ecfe3dd0/screenshot - {}
RESULT: {}
COMMAND: POST /session/b1e904011ad8e22b26328390ecfe3dd0/execute/async - {"script":"<script> [1562 bytes]","args":[{"selector":{"id":"application-manageyards-display-component---NewYard--addressEditDetailsCurrency-arrow"},"wdio_ui5_key":"applicationmanageyards-display-component---NewYard--addressEditDetailsCurrency-arrow"}]}
RESULT: {"script":"<script> [1562 bytes]","args":[{"selector":{"id":"application-manageyards-display-component---NewYard--addressEditDetailsCurrency-arrow"},"wdio_ui5_key":"applicationmanageyards-display-component---NewYard--addressEditDetailsCurrency-arrow"}]}
RESULT: undefined
COMMAND: POST /session/b1e904011ad8e22b26328390ecfe3dd0/element - {"using":"xpath","value":"//*[@id=\"application-manageyards-display-component---NewYard--addressEditDetailsCurrency-arrow\"]"}
RESULT: {"using":"xpath","value":"//*[@id=\"application-manageyards-display-component---NewYard--addressEditDetailsCurrency-arrow\"]"}
COMMAND: POST /session/b1e904011ad8e22b26328390ecfe3dd0/element/f.CA0320F3C4D5DF4C38F9949593A05479.d.87750399EEA76769995673DDF54E3A22.e.787/click - {}
RESULT: {}
COMMAND: POST /session/b1e904011ad8e22b26328390ecfe3dd0/element - {"using":"xpath","value":"//span[contains(text(), \"Euro\")]"}
COMMAND: GET /session/b1e904011ad8e22b26328390ecfe3dd0/screenshot - {}
RESULT: {"using":"xpath","value":"//span[contains(text(), \"Euro\")]"}
COMMAND: POST /session/b1e904011ad8e22b26328390ecfe3dd0/element/f.CA0320F3C4D5DF4C38F9949593A05479.d.87750399EEA76769995673DDF54E3A22.e.788/click - {}
RESULT: {}
RESULT: {}
COMMAND: POST /session/b1e904011ad8e22b26328390ecfe3dd0/execute/async - {"script":"<script> [1562 bytes]","args":[{"selector":{"controlType":"sap.m.Input","viewName":"etm.portal.ui.manageyards.view.New","viewId":"application-manageyards-display-component---NewYard","bindingPath":{"path":"","propertyPath":"/CONTROLLING_AREA","modelName":"NewYardModel"},"interaction":{"idSuffix":"inner"}},"wdio_ui5_key":"etmportal.ui.manageyards.view.Newsap.m.Input{\"path\":\"\",\"propertyPath\":\"/CONTROLLING_AREA\",\"modelName\":\"NewYardModel\"}"}]}
COMMAND: GET /session/b1e904011ad8e22b26328390ecfe3dd0/screenshot - {}
RESULT: {"script":"<script> [1562 bytes]","args":[{"selector":{"controlType":"sap.m.Input","viewName":"etm.portal.ui.manageyards.view.New","viewId":"application-manageyards-display-component---NewYard","bindingPath":{"path":"","propertyPath":"/CONTROLLING_AREA","modelName":"NewYardModel"},"interaction":{"idSuffix":"inner"}},"wdio_ui5_key":"etmportal.ui.manageyards.view.Newsap.m.Input{\"path\":\"\",\"propertyPath\":\"/CONTROLLING_AREA\",\"modelName\":\"NewYardModel\"}"}]}
RESULT: undefined
COMMAND: POST /session/b1e904011ad8e22b26328390ecfe3dd0/execute/async - {"script":"<script> [776 bytes]","args":[{"enterText":"Z001","selector":{"controlType":"sap.m.Input","viewName":"etm.portal.ui.manageyards.view.New","viewId":"application-manageyards-display-component---NewYard","bindingPath":{"path":"","propertyPath":"/CONTROLLING_AREA","modelName":"NewYardModel"},"interaction":{"idSuffix":"inner"}},"clearTextFirst":true,"interactionType":"ENTER_TEXT"}]}
RESULT: {}
RESULT: {"script":"<script> [776 bytes]","args":[{"enterText":"Z001","selector":{"controlType":"sap.m.Input","viewName":"etm.portal.ui.manageyards.view.New","viewId":"application-manageyards-display-component---NewYard","bindingPath":{"path":"","propertyPath":"/CONTROLLING_AREA","modelName":"NewYardModel"},"interaction":{"idSuffix":"inner"}},"clearTextFirst":true,"interactionType":"ENTER_TEXT"}]}
COMMAND: POST /session/b1e904011ad8e22b26328390ecfe3dd0/execute/async - {"script":"<script> [1562 bytes]","args":[{"selector":{"id":"application-manageyards-display-component---NewYard--companyCodeComboBox","interaction":{"idSuffix":"inner"}},"wdio_ui5_key":"applicationmanageyards-display-component---NewYard--companyCodeComboBox"}]}
RESULT: {"script":"<script> [1562 bytes]","args":[{"selector":{"id":"application-manageyards-display-component---NewYard--companyCodeComboBox","interaction":{"idSuffix":"inner"}},"wdio_ui5_key":"applicationmanageyards-display-component---NewYard--companyCodeComboBox"}]}
RESULT: undefined
COMMAND: POST /session/b1e904011ad8e22b26328390ecfe3dd0/execute/async - {"script":"<script> [776 bytes]","args":[{"enterText":"1000","selector":{"id":"application-manageyards-display-component---NewYard--companyCodeComboBox","interaction":{"idSuffix":"inner"}},"clearTextFirst":true,"interactionType":"ENTER_TEXT"}]}
RESULT: {"script":"<script> [776 bytes]","args":[{"enterText":"1000","selector":{"id":"application-manageyards-display-component---NewYard--companyCodeComboBox","interaction":{"idSuffix":"inner"}},"clearTextFirst":true,"interactionType":"ENTER_TEXT"}]}
COMMAND: POST /session/b1e904011ad8e22b26328390ecfe3dd0/execute/async - {"script":"<script> [1562 bytes]","args":[{"selector":{"controlType":"sap.m.Input","viewName":"etm.portal.ui.manageyards.view.New","viewId":"application-manageyards-display-component---NewYard","bindingPath":{"path":"","propertyPath":"/PLANT","modelName":"NewYardModel"},"interaction":{"idSuffix":"inner"}},"wdio_ui5_key":"etmportal.ui.manageyards.view.Newsap.m.Input{\"path\":\"\",\"propertyPath\":\"/PLANT\",\"modelName\":\"NewYardModel\"}"}]}
RESULT: {"script":"<script> [1562 bytes]","args":[{"selector":{"controlType":"sap.m.Input","viewName":"etm.portal.ui.manageyards.view.New","viewId":"application-manageyards-display-component---NewYard","bindingPath":{"path":"","propertyPath":"/PLANT","modelName":"NewYardModel"},"interaction":{"idSuffix":"inner"}},"wdio_ui5_key":"etmportal.ui.manageyards.view.Newsap.m.Input{\"path\":\"\",\"propertyPath\":\"/PLANT\",\"modelName\":\"NewYardModel\"}"}]}
RESULT: undefined
COMMAND: POST /session/b1e904011ad8e22b26328390ecfe3dd0/execute/async - {"script":"<script> [776 bytes]","args":[{"enterText":"1001","selector":{"controlType":"sap.m.Input","viewName":"etm.portal.ui.manageyards.view.New","viewId":"application-manageyards-display-component---NewYard","bindingPath":{"path":"","propertyPath":"/PLANT","modelName":"NewYardModel"},"interaction":{"idSuffix":"inner"}},"clearTextFirst":true,"interactionType":"ENTER_TEXT"}]}
RESULT: {"script":"<script> [776 bytes]","args":[{"enterText":"1001","selector":{"controlType":"sap.m.Input","viewName":"etm.portal.ui.manageyards.view.New","viewId":"application-manageyards-display-component---NewYard","bindingPath":{"path":"","propertyPath":"/PLANT","modelName":"NewYardModel"},"interaction":{"idSuffix":"inner"}},"clearTextFirst":true,"interactionType":"ENTER_TEXT"}]}
COMMAND: POST /session/b1e904011ad8e22b26328390ecfe3dd0/execute/async - {"script":"<script> [1562 bytes]","args":[{"selector":{"controlType":"sap.m.Input","viewName":"etm.portal.ui.manageyards.view.New","viewId":"application-manageyards-display-component---NewYard","bindingPath":{"path":"","propertyPath":"/SALES_AREA_VKORG","modelName":"NewYardModel"},"interaction":{"idSuffix":"inner"}},"wdio_ui5_key":"etmportal.ui.manageyards.view.Newsap.m.Input{\"path\":\"\",\"propertyPath\":\"/SALES_AREA_VKORG\",\"modelName\":\"NewYardModel\"}"}]}
RESULT: {"script":"<script> [1562 bytes]","args":[{"selector":{"controlType":"sap.m.Input","viewName":"etm.portal.ui.manageyards.view.New","viewId":"application-manageyards-display-component---NewYard","bindingPath":{"path":"","propertyPath":"/SALES_AREA_VKORG","modelName":"NewYardModel"},"interaction":{"idSuffix":"inner"}},"wdio_ui5_key":"etmportal.ui.manageyards.view.Newsap.m.Input{\"path\":\"\",\"propertyPath\":\"/SALES_AREA_VKORG\",\"modelName\":\"NewYardModel\"}"}]}
RESULT: undefined
COMMAND: POST /session/b1e904011ad8e22b26328390ecfe3dd0/execute/async - {"script":"<script> [776 bytes]","args":[{"enterText":"C002","selector":{"controlType":"sap.m.Input","viewName":"etm.portal.ui.manageyards.view.New","viewId":"application-manageyards-display-component---NewYard","bindingPath":{"path":"","propertyPath":"/SALES_AREA_VKORG","modelName":"NewYardModel"},"interaction":{"idSuffix":"inner"}},"clearTextFirst":true,"interactionType":"ENTER_TEXT"}]}
RESULT: {"script":"<script> [776 bytes]","args":[{"enterText":"C002","selector":{"controlType":"sap.m.Input","viewName":"etm.portal.ui.manageyards.view.New","viewId":"application-manageyards-display-component---NewYard","bindingPath":{"path":"","propertyPath":"/SALES_AREA_VKORG","modelName":"NewYardModel"},"interaction":{"idSuffix":"inner"}},"clearTextFirst":true,"interactionType":"ENTER_TEXT"}]}
COMMAND: POST /session/b1e904011ad8e22b26328390ecfe3dd0/execute/async - {"script":"<script> [1562 bytes]","args":[{"selector":{"controlType":"sap.m.Input","viewName":"etm.portal.ui.manageyards.view.New","viewId":"application-manageyards-display-component---NewYard","bindingPath":{"path":"","propertyPath":"/SALES_AREA_VTWEG","modelName":"NewYardModel"},"interaction":{"idSuffix":"inner"}},"wdio_ui5_key":"etmportal.ui.manageyards.view.Newsap.m.Input{\"path\":\"\",\"propertyPath\":\"/SALES_AREA_VTWEG\",\"modelName\":\"NewYardModel\"}"}]}
RESULT: {"script":"<script> [1562 bytes]","args":[{"selector":{"controlType":"sap.m.Input","viewName":"etm.portal.ui.manageyards.view.New","viewId":"application-manageyards-display-component---NewYard","bindingPath":{"path":"","propertyPath":"/SALES_AREA_VTWEG","modelName":"NewYardModel"},"interaction":{"idSuffix":"inner"}},"wdio_ui5_key":"etmportal.ui.manageyards.view.Newsap.m.Input{\"path\":\"\",\"propertyPath\":\"/SALES_AREA_VTWEG\",\"modelName\":\"NewYardModel\"}"}]}
RESULT: undefined
COMMAND: POST /session/b1e904011ad8e22b26328390ecfe3dd0/execute/async - {"script":"<script> [776 bytes]","args":[{"enterText":"C2","selector":{"controlType":"sap.m.Input","viewName":"etm.portal.ui.manageyards.view.New","viewId":"application-manageyards-display-component---NewYard","bindingPath":{"path":"","propertyPath":"/SALES_AREA_VTWEG","modelName":"NewYardModel"},"interaction":{"idSuffix":"inner"}},"clearTextFirst":true,"interactionType":"ENTER_TEXT"}]}
RESULT: {"script":"<script> [776 bytes]","args":[{"enterText":"C2","selector":{"controlType":"sap.m.Input","viewName":"etm.portal.ui.manageyards.view.New","viewId":"application-manageyards-display-component---NewYard","bindingPath":{"path":"","propertyPath":"/SALES_AREA_VTWEG","modelName":"NewYardModel"},"interaction":{"idSuffix":"inner"}},"clearTextFirst":true,"interactionType":"ENTER_TEXT"}]}
COMMAND: POST /session/b1e904011ad8e22b26328390ecfe3dd0/execute/async - {"script":"<script> [1562 bytes]","args":[{"selector":{"controlType":"sap.m.Input","viewName":"etm.portal.ui.manageyards.view.New","viewId":"application-manageyards-display-component---NewYard","bindingPath":{"path":"","propertyPath":"/SALES_AREA_SPART","modelName":"NewYardModel"},"interaction":{"idSuffix":"inner"}},"wdio_ui5_key":"etmportal.ui.manageyards.view.Newsap.m.Input{\"path\":\"\",\"propertyPath\":\"/SALES_AREA_SPART\",\"modelName\":\"NewYardModel\"}"}]}
RESULT: {"script":"<script> [1562 bytes]","args":[{"selector":{"controlType":"sap.m.Input","viewName":"etm.portal.ui.manageyards.view.New","viewId":"application-manageyards-display-component---NewYard","bindingPath":{"path":"","propertyPath":"/SALES_AREA_SPART","modelName":"NewYardModel"},"interaction":{"idSuffix":"inner"}},"wdio_ui5_key":"etmportal.ui.manageyards.view.Newsap.m.Input{\"path\":\"\",\"propertyPath\":\"/SALES_AREA_SPART\",\"modelName\":\"NewYardModel\"}"}]}
RESULT: undefined
COMMAND: POST /session/b1e904011ad8e22b26328390ecfe3dd0/execute/async - {"script":"<script> [776 bytes]","args":[{"enterText":"C2","selector":{"controlType":"sap.m.Input","viewName":"etm.portal.ui.manageyards.view.New","viewId":"application-manageyards-display-component---NewYard","bindingPath":{"path":"","propertyPath":"/SALES_AREA_SPART","modelName":"NewYardModel"},"interaction":{"idSuffix":"inner"}},"clearTextFirst":true,"interactionType":"ENTER_TEXT"}]}
RESULT: {"script":"<script> [776 bytes]","args":[{"enterText":"C2","selector":{"controlType":"sap.m.Input","viewName":"etm.portal.ui.manageyards.view.New","viewId":"application-manageyards-display-component---NewYard","bindingPath":{"path":"","propertyPath":"/SALES_AREA_SPART","modelName":"NewYardModel"},"interaction":{"idSuffix":"inner"}},"clearTextFirst":true,"interactionType":"ENTER_TEXT"}]}
COMMAND: POST /session/b1e904011ad8e22b26328390ecfe3dd0/execute/async - {"script":"<script> [1562 bytes]","args":[{"selector":{"controlType":"sap.m.Input","viewName":"etm.portal.ui.manageyards.view.New","viewId":"application-manageyards-display-component---NewYard","bindingPath":{"path":"","propertyPath":"/SHIP_POINT","modelName":"NewYardModel"},"interaction":{"idSuffix":"inner"}},"wdio_ui5_key":"etmportal.ui.manageyards.view.Newsap.m.Input{\"path\":\"\",\"propertyPath\":\"/SHIP_POINT\",\"modelName\":\"NewYardModel\"}"}]}
RESULT: {"script":"<script> [1562 bytes]","args":[{"selector":{"controlType":"sap.m.Input","viewName":"etm.portal.ui.manageyards.view.New","viewId":"application-manageyards-display-component---NewYard","bindingPath":{"path":"","propertyPath":"/SHIP_POINT","modelName":"NewYardModel"},"interaction":{"idSuffix":"inner"}},"wdio_ui5_key":"etmportal.ui.manageyards.view.Newsap.m.Input{\"path\":\"\",\"propertyPath\":\"/SHIP_POINT\",\"modelName\":\"NewYardModel\"}"}]}
RESULT: undefined
COMMAND: POST /session/b1e904011ad8e22b26328390ecfe3dd0/execute/async - {"script":"<script> [776 bytes]","args":[{"enterText":"1710","selector":{"controlType":"sap.m.Input","viewName":"etm.portal.ui.manageyards.view.New","viewId":"application-manageyards-display-component---NewYard","bindingPath":{"path":"","propertyPath":"/SHIP_POINT","modelName":"NewYardModel"},"interaction":{"idSuffix":"inner"}},"clearTextFirst":true,"interactionType":"ENTER_TEXT"}]}
RESULT: {"script":"<script> [776 bytes]","args":[{"enterText":"1710","selector":{"controlType":"sap.m.Input","viewName":"etm.portal.ui.manageyards.view.New","viewId":"application-manageyards-display-component---NewYard","bindingPath":{"path":"","propertyPath":"/SHIP_POINT","modelName":"NewYardModel"},"interaction":{"idSuffix":"inner"}},"clearTextFirst":true,"interactionType":"ENTER_TEXT"}]}
COMMAND: POST /session/b1e904011ad8e22b26328390ecfe3dd0/execute/async - {"script":"<script> [1562 bytes]","args":[{"selector":{"controlType":"sap.m.Input","viewName":"etm.portal.ui.manageyards.view.New","viewId":"application-manageyards-display-component---NewYard","bindingPath":{"path":"","propertyPath":"/DELIVERY_TYPE","modelName":"NewYardModel"},"interaction":{"idSuffix":"inner"}},"wdio_ui5_key":"etmportal.ui.manageyards.view.Newsap.m.Input{\"path\":\"\",\"propertyPath\":\"/DELIVERY_TYPE\",\"modelName\":\"NewYardModel\"}"}]}
RESULT: {"script":"<script> [1562 bytes]","args":[{"selector":{"controlType":"sap.m.Input","viewName":"etm.portal.ui.manageyards.view.New","viewId":"application-manageyards-display-component---NewYard","bindingPath":{"path":"","propertyPath":"/DELIVERY_TYPE","modelName":"NewYardModel"},"interaction":{"idSuffix":"inner"}},"wdio_ui5_key":"etmportal.ui.manageyards.view.Newsap.m.Input{\"path\":\"\",\"propertyPath\":\"/DELIVERY_TYPE\",\"modelName\":\"NewYardModel\"}"}]}
RESULT: undefined
COMMAND: POST /session/b1e904011ad8e22b26328390ecfe3dd0/execute/async - {"script":"<script> [776 bytes]","args":[{"enterText":"ZL01","selector":{"controlType":"sap.m.Input","viewName":"etm.portal.ui.manageyards.view.New","viewId":"application-manageyards-display-component---NewYard","bindingPath":{"path":"","propertyPath":"/DELIVERY_TYPE","modelName":"NewYardModel"},"interaction":{"idSuffix":"inner"}},"clearTextFirst":true,"interactionType":"ENTER_TEXT"}]}
RESULT: {"script":"<script> [776 bytes]","args":[{"enterText":"ZL01","selector":{"controlType":"sap.m.Input","viewName":"etm.portal.ui.manageyards.view.New","viewId":"application-manageyards-display-component---NewYard","bindingPath":{"path":"","propertyPath":"/DELIVERY_TYPE","modelName":"NewYardModel"},"interaction":{"idSuffix":"inner"}},"clearTextFirst":true,"interactionType":"ENTER_TEXT"}]}
COMMAND: POST /session/b1e904011ad8e22b26328390ecfe3dd0/execute/async - {"script":"<script> [1562 bytes]","args":[{"selector":{"controlType":"sap.m.Input","viewName":"etm.portal.ui.manageyards.view.New","viewId":"application-manageyards-display-component---NewYard","bindingPath":{"path":"","propertyPath":"/AUART","modelName":"NewYardModel"},"interaction":{"idSuffix":"inner"}},"wdio_ui5_key":"etmportal.ui.manageyards.view.Newsap.m.Input{\"path\":\"\",\"propertyPath\":\"/AUART\",\"modelName\":\"NewYardModel\"}"}]}
RESULT: {"script":"<script> [1562 bytes]","args":[{"selector":{"controlType":"sap.m.Input","viewName":"etm.portal.ui.manageyards.view.New","viewId":"application-manageyards-display-component---NewYard","bindingPath":{"path":"","propertyPath":"/AUART","modelName":"NewYardModel"},"interaction":{"idSuffix":"inner"}},"wdio_ui5_key":"etmportal.ui.manageyards.view.Newsap.m.Input{\"path\":\"\",\"propertyPath\":\"/AUART\",\"modelName\":\"NewYardModel\"}"}]}
RESULT: undefined
COMMAND: POST /session/b1e904011ad8e22b26328390ecfe3dd0/execute/async - {"script":"<script> [776 bytes]","args":[{"enterText":"TA","selector":{"controlType":"sap.m.Input","viewName":"etm.portal.ui.manageyards.view.New","viewId":"application-manageyards-display-component---NewYard","bindingPath":{"path":"","propertyPath":"/AUART","modelName":"NewYardModel"},"interaction":{"idSuffix":"inner"}},"clearTextFirst":true,"interactionType":"ENTER_TEXT"}]}
RESULT: {"script":"<script> [776 bytes]","args":[{"enterText":"TA","selector":{"controlType":"sap.m.Input","viewName":"etm.portal.ui.manageyards.view.New","viewId":"application-manageyards-display-component---NewYard","bindingPath":{"path":"","propertyPath":"/AUART","modelName":"NewYardModel"},"interaction":{"idSuffix":"inner"}},"clearTextFirst":true,"interactionType":"ENTER_TEXT"}]}
COMMAND: POST /session/b1e904011ad8e22b26328390ecfe3dd0/element - {"using":"xpath","value":"//button[@data-kt=\"newYardSaveButton\"]"}
RESULT: {"using":"xpath","value":"//button[@data-kt=\"newYardSaveButton\"]"}
COMMAND: POST /session/b1e904011ad8e22b26328390ecfe3dd0/element/f.CA0320F3C4D5DF4C38F9949593A05479.d.87750399EEA76769995673DDF54E3A22.e.698/click - {}
RESULT: {}
COMMAND: GET /session/b1e904011ad8e22b26328390ecfe3dd0/screenshot - {}
RESULT: {}
COMMAND: POST /session/b1e904011ad8e22b26328390ecfe3dd0/element - {"using":"xpath","value":"//header[contains(@id, 'ObjectPageLayout-headerTitle')]/div[1]/div[2]/div[1]/span[1]"}
RESULT: {"using":"xpath","value":"//header[contains(@id, 'ObjectPageLayout-headerTitle')]/div[1]/div[2]/div[1]/span[1]"}
COMMAND: POST /session/b1e904011ad8e22b26328390ecfe3dd0/elements - {"using":"xpath","value":"//header[contains(@id, 'ObjectPageLayout-headerTitle')]/div[1]/div[2]/div[1]/span[1]"}
RESULT: {"using":"xpath","value":"//header[contains(@id, 'ObjectPageLayout-headerTitle')]/div[1]/div[2]/div[1]/span[1]"}
COMMAND: POST /session/b1e904011ad8e22b26328390ecfe3dd0/execute/sync - {"script":"<script> [56 bytes]","args":[{"element-6066-11e4-a52e-4f735466cecf":"f.CA0320F3C4D5DF4C38F9949593A05479.d.87750399EEA76769995673DDF54E3A22.e.1007","ELEMENT":"f.CA0320F3C4D5DF4C38F9949593A05479.d.87750399EEA76769995673DDF54E3A22.e.1007"}]}
RESULT: {"script":"<script> [56 bytes]","args":[{"element-6066-11e4-a52e-4f735466cecf":"f.CA0320F3C4D5DF4C38F9949593A05479.d.87750399EEA76769995673DDF54E3A22.e.1007","ELEMENT":"f.CA0320F3C4D5DF4C38F9949593A05479.d.87750399EEA76769995673DDF54E3A22.e.1007"}]}
COMMAND: GET /session/b1e904011ad8e22b26328390ecfe3dd0/screenshot - {}
RESULT: {}
COMMAND: POST /session/b1e904011ad8e22b26328390ecfe3dd0/element - {"using":"css selector","value":"#shell-header-logo"}
RESULT: {"using":"css selector","value":"#shell-header-logo"}
COMMAND: POST /session/b1e904011ad8e22b26328390ecfe3dd0/element/f.CA0320F3C4D5DF4C38F9949593A05479.d.87750399EEA76769995673DDF54E3A22.e.269/click - {}
RESULT: {}
COMMAND: GET /session/b1e904011ad8e22b26328390ecfe3dd0/screenshot - {}
RESULT: {}
COMMAND: POST /session/b1e904011ad8e22b26328390ecfe3dd0/execute/sync - {"script":"<script> [299 bytes]","args":[["getModel","getResource"]]}
RESULT: {"script":"<script> [299 bytes]","args":[["getModel","getResource"]]}
]]></system-out>
    </testcase>
    <testcase classname="chrome.136_0_7103_93.windows.Create_condition_pricing_US117289_US134625" name="Should create a new equipment used for all following tests" time="147.565">
      <system-out><![CDATA[
COMMAND: GET /session/b1e904011ad8e22b26328390ecfe3dd0/screenshot - {}
COMMAND: POST /session/b1e904011ad8e22b26328390ecfe3dd0/execute/async - {"script":"<script> [1562 bytes]","args":[{"selector":{"controlType":"sap.m.GenericTile","properties":{"header":"Manage Resources"}},"wdio_ui5_key":"sapm.GenericTile{\"header\":\"Manage Resources\"}"}]}
RESULT: {}
RESULT: {"script":"<script> [1562 bytes]","args":[{"selector":{"controlType":"sap.m.GenericTile","properties":{"header":"Manage Resources"}},"wdio_ui5_key":"sapm.GenericTile{\"header\":\"Manage Resources\"}"}]}
RESULT: undefined
COMMAND: POST /session/b1e904011ad8e22b26328390ecfe3dd0/element - {"using":"xpath","value":"//*[@id=\"__tile39\"]"}
RESULT: {"using":"xpath","value":"//*[@id=\"__tile39\"]"}
COMMAND: POST /session/b1e904011ad8e22b26328390ecfe3dd0/element/f.CA0320F3C4D5DF4C38F9949593A05479.d.87750399EEA76769995673DDF54E3A22.e.156/click - {}
RESULT: {}
COMMAND: GET /session/b1e904011ad8e22b26328390ecfe3dd0/screenshot - {}
RESULT: {}
COMMAND: POST /session/b1e904011ad8e22b26328390ecfe3dd0/elements - {"using":"xpath","value":"//span[text()='Error']"}
RESULT: {"using":"xpath","value":"//span[text()='Error']"}
COMMAND: POST /session/b1e904011ad8e22b26328390ecfe3dd0/element - {"using":"xpath","value":"//button[@data-kt=\"addNewRUOverflowToolbarButton\"]"}
RESULT: {"using":"xpath","value":"//button[@data-kt=\"addNewRUOverflowToolbarButton\"]"}
COMMAND: POST /session/b1e904011ad8e22b26328390ecfe3dd0/elements - {"using":"xpath","value":"//button[@data-kt=\"addNewRUOverflowToolbarButton\"]"}
RESULT: {"using":"xpath","value":"//button[@data-kt=\"addNewRUOverflowToolbarButton\"]"}
COMMAND: POST /session/b1e904011ad8e22b26328390ecfe3dd0/execute/sync - {"script":"<script> [8489 bytes]","args":[{"element-6066-11e4-a52e-4f735466cecf":"f.CA0320F3C4D5DF4C38F9949593A05479.d.87750399EEA76769995673DDF54E3A22.e.1050","ELEMENT":"f.CA0320F3C4D5DF4C38F9949593A05479.d.87750399EEA76769995673DDF54E3A22.e.1050"}]}
RESULT: {"script":"<script> [8489 bytes]","args":[{"element-6066-11e4-a52e-4f735466cecf":"f.CA0320F3C4D5DF4C38F9949593A05479.d.87750399EEA76769995673DDF54E3A22.e.1050","ELEMENT":"f.CA0320F3C4D5DF4C38F9949593A05479.d.87750399EEA76769995673DDF54E3A22.e.1050"}]}
COMMAND: GET /session/b1e904011ad8e22b26328390ecfe3dd0/element/f.CA0320F3C4D5DF4C38F9949593A05479.d.87750399EEA76769995673DDF54E3A22.e.1050/enabled - {}
COMMAND: GET /session/b1e904011ad8e22b26328390ecfe3dd0/screenshot - {}
RESULT: {}
COMMAND: POST /session/b1e904011ad8e22b26328390ecfe3dd0/execute/sync - {"script":"<script> [8489 bytes]","args":[{"element-6066-11e4-a52e-4f735466cecf":"f.CA0320F3C4D5DF4C38F9949593A05479.d.87750399EEA76769995673DDF54E3A22.e.1050","ELEMENT":"f.CA0320F3C4D5DF4C38F9949593A05479.d.87750399EEA76769995673DDF54E3A22.e.1050"}]}
COMMAND: GET /session/b1e904011ad8e22b26328390ecfe3dd0/screenshot - {}
RESULT: {}
RESULT: {"script":"<script> [8489 bytes]","args":[{"element-6066-11e4-a52e-4f735466cecf":"f.CA0320F3C4D5DF4C38F9949593A05479.d.87750399EEA76769995673DDF54E3A22.e.1050","ELEMENT":"f.CA0320F3C4D5DF4C38F9949593A05479.d.87750399EEA76769995673DDF54E3A22.e.1050"}]}
COMMAND: POST /session/b1e904011ad8e22b26328390ecfe3dd0/execute/sync - {"script":"<script> [5351 bytes]","args":[{"element-6066-11e4-a52e-4f735466cecf":"f.CA0320F3C4D5DF4C38F9949593A05479.d.87750399EEA76769995673DDF54E3A22.e.1050","ELEMENT":"f.CA0320F3C4D5DF4C38F9949593A05479.d.87750399EEA76769995673DDF54E3A22.e.1050"}]}
COMMAND: GET /session/b1e904011ad8e22b26328390ecfe3dd0/screenshot - {}
RESULT: {}
RESULT: {"script":"<script> [5351 bytes]","args":[{"element-6066-11e4-a52e-4f735466cecf":"f.CA0320F3C4D5DF4C38F9949593A05479.d.87750399EEA76769995673DDF54E3A22.e.1050","ELEMENT":"f.CA0320F3C4D5DF4C38F9949593A05479.d.87750399EEA76769995673DDF54E3A22.e.1050"}]}
COMMAND: POST /session/b1e904011ad8e22b26328390ecfe3dd0/element/f.CA0320F3C4D5DF4C38F9949593A05479.d.87750399EEA76769995673DDF54E3A22.e.1050/click - {}
COMMAND: GET /session/b1e904011ad8e22b26328390ecfe3dd0/screenshot - {}
RESULT: {}
RESULT: {}
COMMAND: GET /session/b1e904011ad8e22b26328390ecfe3dd0/screenshot - {}
RESULT: {}
RESULT: {}
COMMAND: POST /session/b1e904011ad8e22b26328390ecfe3dd0/execute/async - {"script":"<script> [1562 bytes]","args":[{"selector":{"id":"application-manageresources-display-component---newResourceUnit--TYPE-arrow"},"wdio_ui5_key":"applicationmanageresources-display-component---newResourceUnit--TYPE-arrow"}]}
RESULT: {"script":"<script> [1562 bytes]","args":[{"selector":{"id":"application-manageresources-display-component---newResourceUnit--TYPE-arrow"},"wdio_ui5_key":"applicationmanageresources-display-component---newResourceUnit--TYPE-arrow"}]}
RESULT: undefined
COMMAND: POST /session/b1e904011ad8e22b26328390ecfe3dd0/element - {"using":"xpath","value":"//*[@id=\"application-manageresources-display-component---newResourceUnit--TYPE-arrow\"]"}
RESULT: {"using":"xpath","value":"//*[@id=\"application-manageresources-display-component---newResourceUnit--TYPE-arrow\"]"}
COMMAND: POST /session/b1e904011ad8e22b26328390ecfe3dd0/element/f.CA0320F3C4D5DF4C38F9949593A05479.d.87750399EEA76769995673DDF54E3A22.e.1402/click - {}
RESULT: {}
COMMAND: POST /session/b1e904011ad8e22b26328390ecfe3dd0/element - {"using":"xpath","value":"//input[@id=\"application-manageresources-display-component---newResourceUnit--TYPE-inner\"]"}
COMMAND: GET /session/b1e904011ad8e22b26328390ecfe3dd0/screenshot - {}
RESULT: {"using":"xpath","value":"//input[@id=\"application-manageresources-display-component---newResourceUnit--TYPE-inner\"]"}
COMMAND: POST /session/b1e904011ad8e22b26328390ecfe3dd0/element/f.CA0320F3C4D5DF4C38F9949593A05479.d.87750399EEA76769995673DDF54E3A22.e.1391/clear - {}
RESULT: {}
RESULT: {}
COMMAND: POST /session/b1e904011ad8e22b26328390ecfe3dd0/element/f.CA0320F3C4D5DF4C38F9949593A05479.d.87750399EEA76769995673DDF54E3A22.e.1391/value - {"text":"Equipment"}
COMMAND: GET /session/b1e904011ad8e22b26328390ecfe3dd0/screenshot - {}
RESULT: {"text":"Equipment"}
COMMAND: GET /session/b1e904011ad8e22b26328390ecfe3dd0/screenshot - {}
RESULT: {}
RESULT: {}
COMMAND: POST /session/b1e904011ad8e22b26328390ecfe3dd0/actions - {"actions":[{"id":"action2","type":"key","parameters":{},"actions":[{"type":"keyDown","value":""},{"type":"pause","duration":10},{"type":"keyUp","value":""}]}]}
RESULT: {"actions":[{"id":"action2","type":"key","parameters":{},"actions":[{"type":"keyDown","value":""},{"type":"pause","duration":10},{"type":"keyUp","value":""}]}]}
COMMAND: POST /session/b1e904011ad8e22b26328390ecfe3dd0/execute/async - {"script":"<script> [1562 bytes]","args":[{"selector":{"id":"application-manageresources-display-component---newResourceUnit--resourceId","interaction":{"idSuffix":"inner"}},"wdio_ui5_key":"applicationmanageresources-display-component---newResourceUnit--resourceId"}]}
COMMAND: GET /session/b1e904011ad8e22b26328390ecfe3dd0/screenshot - {}
RESULT: {"script":"<script> [1562 bytes]","args":[{"selector":{"id":"application-manageresources-display-component---newResourceUnit--resourceId","interaction":{"idSuffix":"inner"}},"wdio_ui5_key":"applicationmanageresources-display-component---newResourceUnit--resourceId"}]}
RESULT: undefined
COMMAND: POST /session/b1e904011ad8e22b26328390ecfe3dd0/execute/async - {"script":"<script> [776 bytes]","args":[{"enterText":"iuByiGQC4O","selector":{"id":"application-manageresources-display-component---newResourceUnit--resourceId","interaction":{"idSuffix":"inner"}},"clearTextFirst":true,"interactionType":"ENTER_TEXT"}]}
RESULT: {}
RESULT: {"script":"<script> [776 bytes]","args":[{"enterText":"iuByiGQC4O","selector":{"id":"application-manageresources-display-component---newResourceUnit--resourceId","interaction":{"idSuffix":"inner"}},"clearTextFirst":true,"interactionType":"ENTER_TEXT"}]}
COMMAND: POST /session/b1e904011ad8e22b26328390ecfe3dd0/execute/async - {"script":"<script> [1562 bytes]","args":[{"selector":{"id":"application-manageresources-display-component---newResourceUnit--SHORT_TEXT","interaction":{"idSuffix":"inner"}},"wdio_ui5_key":"applicationmanageresources-display-component---newResourceUnit--SHORT_TEXT"}]}
RESULT: {"script":"<script> [1562 bytes]","args":[{"selector":{"id":"application-manageresources-display-component---newResourceUnit--SHORT_TEXT","interaction":{"idSuffix":"inner"}},"wdio_ui5_key":"applicationmanageresources-display-component---newResourceUnit--SHORT_TEXT"}]}
RESULT: undefined
COMMAND: POST /session/b1e904011ad8e22b26328390ecfe3dd0/execute/async - {"script":"<script> [776 bytes]","args":[{"enterText":"Intercompany Equipment WDIO","selector":{"id":"application-manageresources-display-component---newResourceUnit--SHORT_TEXT","interaction":{"idSuffix":"inner"}},"clearTextFirst":true,"interactionType":"ENTER_TEXT"}]}
RESULT: {"script":"<script> [776 bytes]","args":[{"enterText":"Intercompany Equipment WDIO","selector":{"id":"application-manageresources-display-component---newResourceUnit--SHORT_TEXT","interaction":{"idSuffix":"inner"}},"clearTextFirst":true,"interactionType":"ENTER_TEXT"}]}
COMMAND: POST /session/b1e904011ad8e22b26328390ecfe3dd0/execute/async - {"script":"<script> [1562 bytes]","args":[{"selector":{"id":"application-manageresources-display-component---newResourceUnit--BASE_UNIT_OF_MEASURE","interaction":{"idSuffix":"inner"}},"wdio_ui5_key":"applicationmanageresources-display-component---newResourceUnit--BASE_UNIT_OF_MEASURE"}]}
RESULT: {"script":"<script> [1562 bytes]","args":[{"selector":{"id":"application-manageresources-display-component---newResourceUnit--BASE_UNIT_OF_MEASURE","interaction":{"idSuffix":"inner"}},"wdio_ui5_key":"applicationmanageresources-display-component---newResourceUnit--BASE_UNIT_OF_MEASURE"}]}
RESULT: undefined
COMMAND: POST /session/b1e904011ad8e22b26328390ecfe3dd0/execute/async - {"script":"<script> [776 bytes]","args":[{"enterText":"Piece","selector":{"id":"application-manageresources-display-component---newResourceUnit--BASE_UNIT_OF_MEASURE","interaction":{"idSuffix":"inner"}},"clearTextFirst":true,"interactionType":"ENTER_TEXT"}]}
RESULT: {"script":"<script> [776 bytes]","args":[{"enterText":"Piece","selector":{"id":"application-manageresources-display-component---newResourceUnit--BASE_UNIT_OF_MEASURE","interaction":{"idSuffix":"inner"}},"clearTextFirst":true,"interactionType":"ENTER_TEXT"}]}
COMMAND: POST /session/b1e904011ad8e22b26328390ecfe3dd0/execute/async - {"script":"<script> [1562 bytes]","args":[{"selector":{"id":"application-manageresources-display-component---newResourceUnit--WEIGHT_UNIT","interaction":{"idSuffix":"inner"}},"wdio_ui5_key":"applicationmanageresources-display-component---newResourceUnit--WEIGHT_UNIT"}]}
RESULT: {"script":"<script> [1562 bytes]","args":[{"selector":{"id":"application-manageresources-display-component---newResourceUnit--WEIGHT_UNIT","interaction":{"idSuffix":"inner"}},"wdio_ui5_key":"applicationmanageresources-display-component---newResourceUnit--WEIGHT_UNIT"}]}
RESULT: undefined
COMMAND: POST /session/b1e904011ad8e22b26328390ecfe3dd0/execute/async - {"script":"<script> [776 bytes]","args":[{"enterText":"Gram","selector":{"id":"application-manageresources-display-component---newResourceUnit--WEIGHT_UNIT","interaction":{"idSuffix":"inner"}},"clearTextFirst":true,"interactionType":"ENTER_TEXT"}]}
RESULT: {"script":"<script> [776 bytes]","args":[{"enterText":"Gram","selector":{"id":"application-manageresources-display-component---newResourceUnit--WEIGHT_UNIT","interaction":{"idSuffix":"inner"}},"clearTextFirst":true,"interactionType":"ENTER_TEXT"}]}
COMMAND: POST /session/b1e904011ad8e22b26328390ecfe3dd0/execute/async - {"script":"<script> [1562 bytes]","args":[{"selector":{"id":"application-manageresources-display-component---newResourceUnit--DIMENSION_UNIT","interaction":{"idSuffix":"inner"}},"wdio_ui5_key":"applicationmanageresources-display-component---newResourceUnit--DIMENSION_UNIT"}]}
RESULT: {"script":"<script> [1562 bytes]","args":[{"selector":{"id":"application-manageresources-display-component---newResourceUnit--DIMENSION_UNIT","interaction":{"idSuffix":"inner"}},"wdio_ui5_key":"applicationmanageresources-display-component---newResourceUnit--DIMENSION_UNIT"}]}
RESULT: undefined
COMMAND: POST /session/b1e904011ad8e22b26328390ecfe3dd0/execute/async - {"script":"<script> [776 bytes]","args":[{"enterText":"Meter","selector":{"id":"application-manageresources-display-component---newResourceUnit--DIMENSION_UNIT","interaction":{"idSuffix":"inner"}},"clearTextFirst":true,"interactionType":"ENTER_TEXT"}]}
RESULT: {"script":"<script> [776 bytes]","args":[{"enterText":"Meter","selector":{"id":"application-manageresources-display-component---newResourceUnit--DIMENSION_UNIT","interaction":{"idSuffix":"inner"}},"clearTextFirst":true,"interactionType":"ENTER_TEXT"}]}
COMMAND: POST /session/b1e904011ad8e22b26328390ecfe3dd0/execute/async - {"script":"<script> [1562 bytes]","args":[{"selector":{"id":"application-manageresources-display-component---newResourceUnit--newRRUPage-anchBar-application-manageresources-display-component---newResourceUnit--control-anchor","interaction":{"idSuffix":"BDI-content"}},"wdio_ui5_key":"applicationmanageresources-display-component---newResourceUnit--newRRUPage-anchBar-application-manageresources-display-component---newResourceUnit--control-anchor"}]}
RESULT: {"script":"<script> [1562 bytes]","args":[{"selector":{"id":"application-manageresources-display-component---newResourceUnit--newRRUPage-anchBar-application-manageresources-display-component---newResourceUnit--control-anchor","interaction":{"idSuffix":"BDI-content"}},"wdio_ui5_key":"applicationmanageresources-display-component---newResourceUnit--newRRUPage-anchBar-application-manageresources-display-component---newResourceUnit--control-anchor"}]}
RESULT: undefined
COMMAND: POST /session/b1e904011ad8e22b26328390ecfe3dd0/element - {"using":"xpath","value":"//*[@id=\"application-manageresources-display-component---newResourceUnit--newRRUPage-anchBar-application-manageresources-display-component---newResourceUnit--control-anchor\"]"}
RESULT: {"using":"xpath","value":"//*[@id=\"application-manageresources-display-component---newResourceUnit--newRRUPage-anchBar-application-manageresources-display-component---newResourceUnit--control-anchor\"]"}
COMMAND: POST /session/b1e904011ad8e22b26328390ecfe3dd0/element/f.CA0320F3C4D5DF4C38F9949593A05479.d.87750399EEA76769995673DDF54E3A22.e.1560/click - {}
RESULT: {}
COMMAND: POST /session/b1e904011ad8e22b26328390ecfe3dd0/execute/async - {"script":"<script> [1562 bytes]","args":[{"selector":{"id":"application-manageresources-display-component---newResourceUnit--PLANNING_GROUP","interaction":{"idSuffix":"inner"}},"wdio_ui5_key":"applicationmanageresources-display-component---newResourceUnit--PLANNING_GROUP"}]}
COMMAND: GET /session/b1e904011ad8e22b26328390ecfe3dd0/screenshot - {}
RESULT: {"script":"<script> [1562 bytes]","args":[{"selector":{"id":"application-manageresources-display-component---newResourceUnit--PLANNING_GROUP","interaction":{"idSuffix":"inner"}},"wdio_ui5_key":"applicationmanageresources-display-component---newResourceUnit--PLANNING_GROUP"}]}
RESULT: undefined
COMMAND: POST /session/b1e904011ad8e22b26328390ecfe3dd0/execute/async - {"script":"<script> [776 bytes]","args":[{"enterText":"Heavy Equi","selector":{"id":"application-manageresources-display-component---newResourceUnit--PLANNING_GROUP","interaction":{"idSuffix":"inner"}},"clearTextFirst":true,"interactionType":"ENTER_TEXT"}]}
RESULT: {}
RESULT: {"script":"<script> [776 bytes]","args":[{"enterText":"Heavy Equi","selector":{"id":"application-manageresources-display-component---newResourceUnit--PLANNING_GROUP","interaction":{"idSuffix":"inner"}},"clearTextFirst":true,"interactionType":"ENTER_TEXT"}]}
COMMAND: POST /session/b1e904011ad8e22b26328390ecfe3dd0/execute/async - {"script":"<script> [1562 bytes]","args":[{"selector":{"id":"application-manageresources-display-component---newResourceUnit--ITEM_TYPE-arrow"},"wdio_ui5_key":"applicationmanageresources-display-component---newResourceUnit--ITEM_TYPE-arrow"}]}
RESULT: {"script":"<script> [1562 bytes]","args":[{"selector":{"id":"application-manageresources-display-component---newResourceUnit--ITEM_TYPE-arrow"},"wdio_ui5_key":"applicationmanageresources-display-component---newResourceUnit--ITEM_TYPE-arrow"}]}
RESULT: undefined
COMMAND: POST /session/b1e904011ad8e22b26328390ecfe3dd0/element - {"using":"xpath","value":"//*[@id=\"application-manageresources-display-component---newResourceUnit--ITEM_TYPE-arrow\"]"}
RESULT: {"using":"xpath","value":"//*[@id=\"application-manageresources-display-component---newResourceUnit--ITEM_TYPE-arrow\"]"}
COMMAND: POST /session/b1e904011ad8e22b26328390ecfe3dd0/element/f.CA0320F3C4D5DF4C38F9949593A05479.d.87750399EEA76769995673DDF54E3A22.e.1567/click - {}
RESULT: {}
COMMAND: POST /session/b1e904011ad8e22b26328390ecfe3dd0/element - {"using":"xpath","value":"//ul[contains(@id,\"ITEM_TYPE-popup-list-listUl\")]//li[.//span[contains(text(),\"Resource Unit\")]]"}
COMMAND: GET /session/b1e904011ad8e22b26328390ecfe3dd0/screenshot - {}
RESULT: {"using":"xpath","value":"//ul[contains(@id,\"ITEM_TYPE-popup-list-listUl\")]//li[.//span[contains(text(),\"Resource Unit\")]]"}
COMMAND: POST /session/b1e904011ad8e22b26328390ecfe3dd0/element/f.CA0320F3C4D5DF4C38F9949593A05479.d.87750399EEA76769995673DDF54E3A22.e.1568/click - {}
RESULT: {}
RESULT: {}
COMMAND: GET /session/b1e904011ad8e22b26328390ecfe3dd0/screenshot - {}
RESULT: {}
COMMAND: POST /session/b1e904011ad8e22b26328390ecfe3dd0/element - {"using":"css selector","value":"#application-manageresources-display-component---newResourceUnit--btnAddTimeSegment"}
RESULT: {"using":"css selector","value":"#application-manageresources-display-component---newResourceUnit--btnAddTimeSegment"}
COMMAND: GET /session/b1e904011ad8e22b26328390ecfe3dd0/element/f.CA0320F3C4D5DF4C38F9949593A05479.d.87750399EEA76769995673DDF54E3A22.e.1575/rect - {}
RESULT: {}
COMMAND: GET /session/b1e904011ad8e22b26328390ecfe3dd0/window/rect - {}
RESULT: {}
COMMAND: POST /session/b1e904011ad8e22b26328390ecfe3dd0/execute/sync - {"script":"<script> [92 bytes]","args":[]}
RESULT: {"script":"<script> [92 bytes]","args":[]}
COMMAND: POST /session/b1e904011ad8e22b26328390ecfe3dd0/actions - {"actions":[{"id":"action3","type":"wheel","parameters":{},"actions":[{"type":"scroll","x":-1888,"y":-32,"deltaX":0,"deltaY":0,"duration":0,"origin":{"element-6066-11e4-a52e-4f735466cecf":"f.CA0320F3C4D5DF4C38F9949593A05479.d.87750399EEA76769995673DDF54E3A22.e.1575"}}]}]}
COMMAND: GET /session/b1e904011ad8e22b26328390ecfe3dd0/screenshot - {}
RESULT: {}
COMMAND: POST /session/b1e904011ad8e22b26328390ecfe3dd0/execute/sync - {"script":"<script> [79 bytes]","args":[{"element-6066-11e4-a52e-4f735466cecf":"f.CA0320F3C4D5DF4C38F9949593A05479.d.87750399EEA76769995673DDF54E3A22.e.1575","ELEMENT":"f.CA0320F3C4D5DF4C38F9949593A05479.d.87750399EEA76769995673DDF54E3A22.e.1575"},{"block":"start","inline":"nearest"}]}
RESULT: {"script":"<script> [79 bytes]","args":[{"element-6066-11e4-a52e-4f735466cecf":"f.CA0320F3C4D5DF4C38F9949593A05479.d.87750399EEA76769995673DDF54E3A22.e.1575","ELEMENT":"f.CA0320F3C4D5DF4C38F9949593A05479.d.87750399EEA76769995673DDF54E3A22.e.1575"},{"block":"start","inline":"nearest"}]}
COMMAND: POST /session/b1e904011ad8e22b26328390ecfe3dd0/execute/async - {"script":"<script> [1562 bytes]","args":[{"selector":{"id":"application-manageresources-display-component---newResourceUnit--btnAddTimeSegment","interaction":{"idSuffix":"inner"}},"wdio_ui5_key":"applicationmanageresources-display-component---newResourceUnit--btnAddTimeSegment"}]}
COMMAND: GET /session/b1e904011ad8e22b26328390ecfe3dd0/screenshot - {}
RESULT: {"script":"<script> [1562 bytes]","args":[{"selector":{"id":"application-manageresources-display-component---newResourceUnit--btnAddTimeSegment","interaction":{"idSuffix":"inner"}},"wdio_ui5_key":"applicationmanageresources-display-component---newResourceUnit--btnAddTimeSegment"}]}
RESULT: undefined
COMMAND: POST /session/b1e904011ad8e22b26328390ecfe3dd0/element - {"using":"xpath","value":"//*[@id=\"application-manageresources-display-component---newResourceUnit--btnAddTimeSegment\"]"}
RESULT: {}
RESULT: {"using":"xpath","value":"//*[@id=\"application-manageresources-display-component---newResourceUnit--btnAddTimeSegment\"]"}
COMMAND: POST /session/b1e904011ad8e22b26328390ecfe3dd0/element/f.CA0320F3C4D5DF4C38F9949593A05479.d.87750399EEA76769995673DDF54E3A22.e.1575/click - {}
RESULT: {}
COMMAND: GET /session/b1e904011ad8e22b26328390ecfe3dd0/screenshot - {}
RESULT: {}
COMMAND: POST /session/b1e904011ad8e22b26328390ecfe3dd0/element - {"using":"xpath","value":"//input[@id=\"application-manageresources-display-component---newResourceUnit--idRuTSAdmin-application-manageresources-display-component---newResourceUnit--RUTimeSegment-0-inner\"]"}
RESULT: {"using":"xpath","value":"//input[@id=\"application-manageresources-display-component---newResourceUnit--idRuTSAdmin-application-manageresources-display-component---newResourceUnit--RUTimeSegment-0-inner\"]"}
COMMAND: POST /session/b1e904011ad8e22b26328390ecfe3dd0/element/f.CA0320F3C4D5DF4C38F9949593A05479.d.87750399EEA76769995673DDF54E3A22.e.1581/clear - {}
RESULT: {}
COMMAND: POST /session/b1e904011ad8e22b26328390ecfe3dd0/element/f.CA0320F3C4D5DF4C38F9949593A05479.d.87750399EEA76769995673DDF54E3A22.e.1581/value - {"text":"468"}
COMMAND: GET /session/b1e904011ad8e22b26328390ecfe3dd0/screenshot - {}
RESULT: {"text":"468"}
COMMAND: GET /session/b1e904011ad8e22b26328390ecfe3dd0/screenshot - {}
RESULT: {}
RESULT: {}
COMMAND: POST /session/b1e904011ad8e22b26328390ecfe3dd0/element - {"using":"xpath","value":"//li[.//span[text()='468']]"}
RESULT: {"using":"xpath","value":"//li[.//span[text()='468']]"}
COMMAND: POST /session/b1e904011ad8e22b26328390ecfe3dd0/element/f.CA0320F3C4D5DF4C38F9949593A05479.d.87750399EEA76769995673DDF54E3A22.e.1593/click - {}
RESULT: {}
COMMAND: GET /session/b1e904011ad8e22b26328390ecfe3dd0/screenshot - {}
RESULT: {}
COMMAND: POST /session/b1e904011ad8e22b26328390ecfe3dd0/element - {"using":"xpath","value":"(//span[contains(@id, \"-application-manageresources-display-component---newResourceUnit--RUTimeSegment-0-arrow\")])[6]"}
RESULT: {"using":"xpath","value":"(//span[contains(@id, \"-application-manageresources-display-component---newResourceUnit--RUTimeSegment-0-arrow\")])[6]"}
COMMAND: POST /session/b1e904011ad8e22b26328390ecfe3dd0/element/f.CA0320F3C4D5DF4C38F9949593A05479.d.87750399EEA76769995673DDF54E3A22.e.1594/click - {}
RESULT: {}
COMMAND: GET /session/b1e904011ad8e22b26328390ecfe3dd0/screenshot - {}
RESULT: {}
COMMAND: POST /session/b1e904011ad8e22b26328390ecfe3dd0/element - {"using":"xpath","value":"//span[contains(text(), \"PM Order\")]"}
RESULT: {"using":"xpath","value":"//span[contains(text(), \"PM Order\")]"}
COMMAND: POST /session/b1e904011ad8e22b26328390ecfe3dd0/element/f.CA0320F3C4D5DF4C38F9949593A05479.d.87750399EEA76769995673DDF54E3A22.e.1597/click - {}
RESULT: {}
COMMAND: GET /session/b1e904011ad8e22b26328390ecfe3dd0/screenshot - {}
RESULT: {}
COMMAND: POST /session/b1e904011ad8e22b26328390ecfe3dd0/element - {"using":"xpath","value":"(//span[contains(@id ,\"manageresources-display-component---newResourceUnit--RUTimeSegment-0-vhi\")])[1]"}
RESULT: {"using":"xpath","value":"(//span[contains(@id ,\"manageresources-display-component---newResourceUnit--RUTimeSegment-0-vhi\")])[1]"}
COMMAND: GET /session/b1e904011ad8e22b26328390ecfe3dd0/element/f.CA0320F3C4D5DF4C38F9949593A05479.d.87750399EEA76769995673DDF54E3A22.e.1601/rect - {}
RESULT: {}
COMMAND: GET /session/b1e904011ad8e22b26328390ecfe3dd0/window/rect - {}
RESULT: {}
COMMAND: POST /session/b1e904011ad8e22b26328390ecfe3dd0/execute/sync - {"script":"<script> [92 bytes]","args":[]}
RESULT: {"script":"<script> [92 bytes]","args":[]}
COMMAND: POST /session/b1e904011ad8e22b26328390ecfe3dd0/actions - {"actions":[{"id":"action4","type":"wheel","parameters":{},"actions":[{"type":"scroll","x":-869,"y":-24,"deltaX":0,"deltaY":0,"duration":0,"origin":{"element-6066-11e4-a52e-4f735466cecf":"f.CA0320F3C4D5DF4C38F9949593A05479.d.87750399EEA76769995673DDF54E3A22.e.1601"}}]}]}
COMMAND: GET /session/b1e904011ad8e22b26328390ecfe3dd0/screenshot - {}
RESULT: {"actions":[{"id":"action4","type":"wheel","parameters":{},"actions":[{"type":"scroll","x":-869,"y":-24,"deltaX":0,"deltaY":0,"duration":0,"origin":{"element-6066-11e4-a52e-4f735466cecf":"f.CA0320F3C4D5DF4C38F9949593A05479.d.87750399EEA76769995673DDF54E3A22.e.1601"}}]}]}
COMMAND: DELETE /session/b1e904011ad8e22b26328390ecfe3dd0/actions - {}
COMMAND: GET /session/b1e904011ad8e22b26328390ecfe3dd0/screenshot - {}
RESULT: {}
RESULT: {}
COMMAND: GET /session/b1e904011ad8e22b26328390ecfe3dd0/screenshot - {}
RESULT: {}
RESULT: {}
COMMAND: POST /session/b1e904011ad8e22b26328390ecfe3dd0/element/f.CA0320F3C4D5DF4C38F9949593A05479.d.87750399EEA76769995673DDF54E3A22.e.1601/click - {}
RESULT: {}
COMMAND: GET /session/b1e904011ad8e22b26328390ecfe3dd0/screenshot - {}
RESULT: {}
RESULT: undefined
COMMAND: POST /session/b1e904011ad8e22b26328390ecfe3dd0/execute/async - {"script":"<script> [776 bytes]","args":[{"enterText":"4000360","selector":{"controlType":"sap.m.SearchField","properties":{"placeholder":"Search"},"searchOpenDialogs":true,"interaction":{"idSuffix":"I"}},"clearTextFirst":true,"interactionType":"ENTER_TEXT"}]}
RESULT: {"script":"<script> [776 bytes]","args":[{"enterText":"4000360","selector":{"controlType":"sap.m.SearchField","properties":{"placeholder":"Search"},"searchOpenDialogs":true,"interaction":{"idSuffix":"I"}},"clearTextFirst":true,"interactionType":"ENTER_TEXT"}]}
COMMAND: POST /session/b1e904011ad8e22b26328390ecfe3dd0/actions - {"actions":[{"id":"action5","type":"key","parameters":{},"actions":[{"type":"keyDown","value":""},{"type":"pause","duration":10},{"type":"keyUp","value":""}]}]}
RESULT: {"actions":[{"id":"action5","type":"key","parameters":{},"actions":[{"type":"keyDown","value":""},{"type":"pause","duration":10},{"type":"keyUp","value":""}]}]}
COMMAND: GET /session/b1e904011ad8e22b26328390ecfe3dd0/screenshot - {}
RESULT: {}
COMMAND: POST /session/b1e904011ad8e22b26328390ecfe3dd0/element - {"using":"xpath","value":"//td/div/span[contains(text(), \"BGL Vehicles\")]"}
RESULT: {"using":"xpath","value":"//td/div/span[contains(text(), \"BGL Vehicles\")]"}
COMMAND: POST /session/b1e904011ad8e22b26328390ecfe3dd0/element/f.CA0320F3C4D5DF4C38F9949593A05479.d.87750399EEA76769995673DDF54E3A22.e.1622/click - {}
RESULT: {}
COMMAND: GET /session/b1e904011ad8e22b26328390ecfe3dd0/screenshot - {}
RESULT: {}
COMMAND: POST /session/b1e904011ad8e22b26328390ecfe3dd0/element - {"using":"xpath","value":"//bdi[contains(text(), \"OK\")]"}
RESULT: {"using":"xpath","value":"//bdi[contains(text(), \"OK\")]"}
COMMAND: POST /session/b1e904011ad8e22b26328390ecfe3dd0/element/f.CA0320F3C4D5DF4C38F9949593A05479.d.87750399EEA76769995673DDF54E3A22.e.1623/click - {}
RESULT: {}
COMMAND: GET /session/b1e904011ad8e22b26328390ecfe3dd0/screenshot - {}
RESULT: {}
COMMAND: POST /session/b1e904011ad8e22b26328390ecfe3dd0/execute/async - {"script":"<script> [1562 bytes]","args":[{"selector":{"id":"application-manageresources-display-component---newResourceUnit--newRRUPage-anchBar-application-manageresources-display-component---newResourceUnit--resource-anchor","interaction":{"idSuffix":"BDI-content"}},"wdio_ui5_key":"applicationmanageresources-display-component---newResourceUnit--newRRUPage-anchBar-application-manageresources-display-component---newResourceUnit--resource-anchor"}]}
RESULT: {"script":"<script> [1562 bytes]","args":[{"selector":{"id":"application-manageresources-display-component---newResourceUnit--newRRUPage-anchBar-application-manageresources-display-component---newResourceUnit--resource-anchor","interaction":{"idSuffix":"BDI-content"}},"wdio_ui5_key":"applicationmanageresources-display-component---newResourceUnit--newRRUPage-anchBar-application-manageresources-display-component---newResourceUnit--resource-anchor"}]}
RESULT: undefined
COMMAND: POST /session/b1e904011ad8e22b26328390ecfe3dd0/element - {"using":"xpath","value":"//*[@id=\"application-manageresources-display-component---newResourceUnit--newRRUPage-anchBar-application-manageresources-display-component---newResourceUnit--resource-anchor\"]"}
RESULT: {"using":"xpath","value":"//*[@id=\"application-manageresources-display-component---newResourceUnit--newRRUPage-anchBar-application-manageresources-display-component---newResourceUnit--resource-anchor\"]"}
COMMAND: POST /session/b1e904011ad8e22b26328390ecfe3dd0/element/f.CA0320F3C4D5DF4C38F9949593A05479.d.87750399EEA76769995673DDF54E3A22.e.1627/click - {}
RESULT: {}
COMMAND: POST /session/b1e904011ad8e22b26328390ecfe3dd0/execute/async - {"script":"<script> [1562 bytes]","args":[{"selector":{"id":"application-manageresources-display-component---newResourceUnit--PLANNED_DELIVERY_DATE","interaction":{"idSuffix":"inner"}},"wdio_ui5_key":"applicationmanageresources-display-component---newResourceUnit--PLANNED_DELIVERY_DATE"}]}
COMMAND: GET /session/b1e904011ad8e22b26328390ecfe3dd0/screenshot - {}
RESULT: {"script":"<script> [1562 bytes]","args":[{"selector":{"id":"application-manageresources-display-component---newResourceUnit--PLANNED_DELIVERY_DATE","interaction":{"idSuffix":"inner"}},"wdio_ui5_key":"applicationmanageresources-display-component---newResourceUnit--PLANNED_DELIVERY_DATE"}]}
RESULT: undefined
COMMAND: POST /session/b1e904011ad8e22b26328390ecfe3dd0/execute/async - {"script":"<script> [6424 bytes]","args":[{"element-6066-11e4-a52e-4f735466cecf":"f.CA0320F3C4D5DF4C38F9949593A05479.d.87750399EEA76769995673DDF54E3A22.e.1459"},"setValue",["5/29/25"]]}
RESULT: {}
RESULT: {"script":"<script> [6424 bytes]","args":[{"element-6066-11e4-a52e-4f735466cecf":"f.CA0320F3C4D5DF4C38F9949593A05479.d.87750399EEA76769995673DDF54E3A22.e.1459"},"setValue",["5/29/25"]]}
COMMAND: POST /session/b1e904011ad8e22b26328390ecfe3dd0/element - {"using":"xpath","value":"//label[contains(@class, 'sapMLabelRequired') and .//bdi[contains(text(), 'Planned Retirement')]]"}
RESULT: {"using":"xpath","value":"//label[contains(@class, 'sapMLabelRequired') and .//bdi[contains(text(), 'Planned Retirement')]]"}
COMMAND: POST /session/b1e904011ad8e22b26328390ecfe3dd0/elements - {"using":"xpath","value":"//label[contains(@class, 'sapMLabelRequired') and .//bdi[contains(text(), 'Planned Retirement')]]"}
RESULT: {"using":"xpath","value":"//label[contains(@class, 'sapMLabelRequired') and .//bdi[contains(text(), 'Planned Retirement')]]"}
COMMAND: POST /session/b1e904011ad8e22b26328390ecfe3dd0/element - {"using":"xpath","value":"//button[@data-kt=\"resourceUnitSaveButton\"]"}
RESULT: {"using":"xpath","value":"//button[@data-kt=\"resourceUnitSaveButton\"]"}
COMMAND: POST /session/b1e904011ad8e22b26328390ecfe3dd0/element/f.CA0320F3C4D5DF4C38F9949593A05479.d.87750399EEA76769995673DDF54E3A22.e.1419/click - {}
RESULT: {}
COMMAND: GET /session/b1e904011ad8e22b26328390ecfe3dd0/screenshot - {}
RESULT: {}
COMMAND: POST /session/b1e904011ad8e22b26328390ecfe3dd0/element - {"using":"xpath","value":"//bdi[contains(text(), \"Close\")]"}
RESULT: {"using":"xpath","value":"//bdi[contains(text(), \"Close\")]"}
COMMAND: POST /session/b1e904011ad8e22b26328390ecfe3dd0/element/f.CA0320F3C4D5DF4C38F9949593A05479.d.87750399EEA76769995673DDF54E3A22.e.1635/click - {}
RESULT: {}
COMMAND: GET /session/b1e904011ad8e22b26328390ecfe3dd0/screenshot - {}
RESULT: {}
COMMAND: POST /session/b1e904011ad8e22b26328390ecfe3dd0/element - {"using":"xpath","value":"(//button[contains(@id ,\"actionsToolbar-overflowButton\")])[1]"}
RESULT: {"using":"xpath","value":"(//button[contains(@id ,\"actionsToolbar-overflowButton\")])[1]"}
COMMAND: POST /session/b1e904011ad8e22b26328390ecfe3dd0/element/f.CA0320F3C4D5DF4C38F9949593A05479.d.87750399EEA76769995673DDF54E3A22.e.1691/click - {}
RESULT: {}
COMMAND: GET /session/b1e904011ad8e22b26328390ecfe3dd0/screenshot - {}
RESULT: {}
COMMAND: POST /session/b1e904011ad8e22b26328390ecfe3dd0/element - {"using":"xpath","value":"//button[@data-kt=\"priceInfoButton\"]"}
RESULT: {"using":"xpath","value":"//button[@data-kt=\"priceInfoButton\"]"}
COMMAND: POST /session/b1e904011ad8e22b26328390ecfe3dd0/element/f.CA0320F3C4D5DF4C38F9949593A05479.d.87750399EEA76769995673DDF54E3A22.e.1693/click - {}
RESULT: {}
COMMAND: GET /session/b1e904011ad8e22b26328390ecfe3dd0/screenshot - {}
RESULT: {}
COMMAND: POST /session/b1e904011ad8e22b26328390ecfe3dd0/element - {"using":"css selector","value":"#shell-header-logo"}
RESULT: {"using":"css selector","value":"#shell-header-logo"}
COMMAND: POST /session/b1e904011ad8e22b26328390ecfe3dd0/element/f.CA0320F3C4D5DF4C38F9949593A05479.d.87750399EEA76769995673DDF54E3A22.e.1010/click - {}
RESULT: {}
]]></system-out>
    </testcase>
    <testcase classname="chrome.136_0_7103_93.windows.Create_condition_pricing_US117289_US134625" name="Should create new condition" time="64.602">
      <system-out><![CDATA[
COMMAND: POST /session/b1e904011ad8e22b26328390ecfe3dd0/execute/async - {"script":"<script> [1562 bytes]","args":[{"selector":{"controlType":"sap.m.GenericTile","properties":{"header":"Manage Conditions & Prices"}},"wdio_ui5_key":"sapm.GenericTile{\"header\":\"Manage Conditions & Prices\"}"}]}
COMMAND: GET /session/b1e904011ad8e22b26328390ecfe3dd0/screenshot - {}
RESULT: {"script":"<script> [1562 bytes]","args":[{"selector":{"controlType":"sap.m.GenericTile","properties":{"header":"Manage Conditions & Prices"}},"wdio_ui5_key":"sapm.GenericTile{\"header\":\"Manage Conditions & Prices\"}"}]}
RESULT: undefined
COMMAND: POST /session/b1e904011ad8e22b26328390ecfe3dd0/element - {"using":"xpath","value":"//*[@id=\"__tile53\"]"}
RESULT: {}
RESULT: {"using":"xpath","value":"//*[@id=\"__tile53\"]"}
COMMAND: POST /session/b1e904011ad8e22b26328390ecfe3dd0/element/f.CA0320F3C4D5DF4C38F9949593A05479.d.87750399EEA76769995673DDF54E3A22.e.203/click - {}
RESULT: {}
COMMAND: GET /session/b1e904011ad8e22b26328390ecfe3dd0/screenshot - {}
RESULT: {}
COMMAND: POST /session/b1e904011ad8e22b26328390ecfe3dd0/elements - {"using":"xpath","value":"//span[text()='Error']"}
RESULT: {"using":"xpath","value":"//span[text()='Error']"}
COMMAND: POST /session/b1e904011ad8e22b26328390ecfe3dd0/element - {"using":"xpath","value":"//button[@aria-label=\"Create\"]"}
RESULT: {"using":"xpath","value":"//button[@aria-label=\"Create\"]"}
COMMAND: POST /session/b1e904011ad8e22b26328390ecfe3dd0/elements - {"using":"xpath","value":"//button[@aria-label=\"Create\"]"}
RESULT: {"using":"xpath","value":"//button[@aria-label=\"Create\"]"}
COMMAND: POST /session/b1e904011ad8e22b26328390ecfe3dd0/execute/sync - {"script":"<script> [8489 bytes]","args":[{"element-6066-11e4-a52e-4f735466cecf":"f.CA0320F3C4D5DF4C38F9949593A05479.d.87750399EEA76769995673DDF54E3A22.e.1805","ELEMENT":"f.CA0320F3C4D5DF4C38F9949593A05479.d.87750399EEA76769995673DDF54E3A22.e.1805"}]}
RESULT: {"script":"<script> [8489 bytes]","args":[{"element-6066-11e4-a52e-4f735466cecf":"f.CA0320F3C4D5DF4C38F9949593A05479.d.87750399EEA76769995673DDF54E3A22.e.1805","ELEMENT":"f.CA0320F3C4D5DF4C38F9949593A05479.d.87750399EEA76769995673DDF54E3A22.e.1805"}]}
COMMAND: GET /session/b1e904011ad8e22b26328390ecfe3dd0/element/f.CA0320F3C4D5DF4C38F9949593A05479.d.87750399EEA76769995673DDF54E3A22.e.1805/enabled - {}
COMMAND: GET /session/b1e904011ad8e22b26328390ecfe3dd0/screenshot - {}
RESULT: {}
COMMAND: POST /session/b1e904011ad8e22b26328390ecfe3dd0/execute/sync - {"script":"<script> [8489 bytes]","args":[{"element-6066-11e4-a52e-4f735466cecf":"f.CA0320F3C4D5DF4C38F9949593A05479.d.87750399EEA76769995673DDF54E3A22.e.1805","ELEMENT":"f.CA0320F3C4D5DF4C38F9949593A05479.d.87750399EEA76769995673DDF54E3A22.e.1805"}]}
COMMAND: GET /session/b1e904011ad8e22b26328390ecfe3dd0/screenshot - {}
RESULT: {}
RESULT: {"script":"<script> [8489 bytes]","args":[{"element-6066-11e4-a52e-4f735466cecf":"f.CA0320F3C4D5DF4C38F9949593A05479.d.87750399EEA76769995673DDF54E3A22.e.1805","ELEMENT":"f.CA0320F3C4D5DF4C38F9949593A05479.d.87750399EEA76769995673DDF54E3A22.e.1805"}]}
COMMAND: POST /session/b1e904011ad8e22b26328390ecfe3dd0/execute/sync - {"script":"<script> [5351 bytes]","args":[{"element-6066-11e4-a52e-4f735466cecf":"f.CA0320F3C4D5DF4C38F9949593A05479.d.87750399EEA76769995673DDF54E3A22.e.1805","ELEMENT":"f.CA0320F3C4D5DF4C38F9949593A05479.d.87750399EEA76769995673DDF54E3A22.e.1805"}]}
COMMAND: GET /session/b1e904011ad8e22b26328390ecfe3dd0/screenshot - {}
RESULT: {}
RESULT: {"script":"<script> [5351 bytes]","args":[{"element-6066-11e4-a52e-4f735466cecf":"f.CA0320F3C4D5DF4C38F9949593A05479.d.87750399EEA76769995673DDF54E3A22.e.1805","ELEMENT":"f.CA0320F3C4D5DF4C38F9949593A05479.d.87750399EEA76769995673DDF54E3A22.e.1805"}]}
COMMAND: POST /session/b1e904011ad8e22b26328390ecfe3dd0/element/f.CA0320F3C4D5DF4C38F9949593A05479.d.87750399EEA76769995673DDF54E3A22.e.1805/click - {}
COMMAND: GET /session/b1e904011ad8e22b26328390ecfe3dd0/screenshot - {}
RESULT: {}
RESULT: {}
COMMAND: GET /session/b1e904011ad8e22b26328390ecfe3dd0/screenshot - {}
RESULT: {}
RESULT: {}
COMMAND: POST /session/b1e904011ad8e22b26328390ecfe3dd0/actions - {"actions":[{"id":"action6","type":"key","parameters":{},"actions":[{"type":"keyDown","value":""},{"type":"pause","duration":10},{"type":"keyUp","value":""}]}]}
RESULT: {"actions":[{"id":"action6","type":"key","parameters":{},"actions":[{"type":"keyDown","value":""},{"type":"pause","duration":10},{"type":"keyUp","value":""}]}]}
COMMAND: GET /session/b1e904011ad8e22b26328390ecfe3dd0/screenshot - {}
RESULT: {}
COMMAND: POST /session/b1e904011ad8e22b26328390ecfe3dd0/execute/async - {"script":"<script> [1562 bytes]","args":[{"selector":{"id":"application-manageconditionprice-display-component---newCondition--condBillCond-arrow"},"wdio_ui5_key":"applicationmanageconditionprice-display-component---newCondition--condBillCond-arrow"}]}
RESULT: {"script":"<script> [1562 bytes]","args":[{"selector":{"id":"application-manageconditionprice-display-component---newCondition--condBillCond-arrow"},"wdio_ui5_key":"applicationmanageconditionprice-display-component---newCondition--condBillCond-arrow"}]}
RESULT: undefined
COMMAND: POST /session/b1e904011ad8e22b26328390ecfe3dd0/element - {"using":"xpath","value":"//*[@id=\"application-manageconditionprice-display-component---newCondition--condBillCond-arrow\"]"}
RESULT: {"using":"xpath","value":"//*[@id=\"application-manageconditionprice-display-component---newCondition--condBillCond-arrow\"]"}
COMMAND: POST /session/b1e904011ad8e22b26328390ecfe3dd0/element/f.CA0320F3C4D5DF4C38F9949593A05479.d.87750399EEA76769995673DDF54E3A22.e.1981/click - {}
RESULT: {}
COMMAND: GET /session/b1e904011ad8e22b26328390ecfe3dd0/screenshot - {}
RESULT: {}
COMMAND: POST /session/b1e904011ad8e22b26328390ecfe3dd0/element - {"using":"xpath","value":"//li[.//span[contains(text(), \"SAPR - Sales price\")]]"}
RESULT: {"using":"xpath","value":"//li[.//span[contains(text(), \"SAPR - Sales price\")]]"}
COMMAND: POST /session/b1e904011ad8e22b26328390ecfe3dd0/element/f.CA0320F3C4D5DF4C38F9949593A05479.d.87750399EEA76769995673DDF54E3A22.e.1984/click - {}
RESULT: {}
COMMAND: GET /session/b1e904011ad8e22b26328390ecfe3dd0/screenshot - {}
RESULT: {}
COMMAND: POST /session/b1e904011ad8e22b26328390ecfe3dd0/execute/async - {"script":"<script> [1562 bytes]","args":[{"selector":{"id":"application-manageconditionprice-display-component---newCondition--condValidTo","interaction":{"idSuffix":"inner"}},"wdio_ui5_key":"applicationmanageconditionprice-display-component---newCondition--condValidTo"}]}
RESULT: {"script":"<script> [1562 bytes]","args":[{"selector":{"id":"application-manageconditionprice-display-component---newCondition--condValidTo","interaction":{"idSuffix":"inner"}},"wdio_ui5_key":"applicationmanageconditionprice-display-component---newCondition--condValidTo"}]}
RESULT: undefined
COMMAND: POST /session/b1e904011ad8e22b26328390ecfe3dd0/execute/async - {"script":"<script> [776 bytes]","args":[{"enterText":"1/29/26","selector":{"id":"application-manageconditionprice-display-component---newCondition--condValidTo","interaction":{"idSuffix":"inner"}},"clearTextFirst":true,"interactionType":"ENTER_TEXT"}]}
RESULT: {"script":"<script> [776 bytes]","args":[{"enterText":"1/29/26","selector":{"id":"application-manageconditionprice-display-component---newCondition--condValidTo","interaction":{"idSuffix":"inner"}},"clearTextFirst":true,"interactionType":"ENTER_TEXT"}]}
COMMAND: POST /session/b1e904011ad8e22b26328390ecfe3dd0/element - {"using":"xpath","value":"//input[@id=\"application-manageconditionprice-display-component---newCondition--condRU-inner\"]"}
RESULT: {"using":"xpath","value":"//input[@id=\"application-manageconditionprice-display-component---newCondition--condRU-inner\"]"}
COMMAND: POST /session/b1e904011ad8e22b26328390ecfe3dd0/element/f.CA0320F3C4D5DF4C38F9949593A05479.d.87750399EEA76769995673DDF54E3A22.e.1847/clear - {}
RESULT: {}
COMMAND: POST /session/b1e904011ad8e22b26328390ecfe3dd0/element/f.CA0320F3C4D5DF4C38F9949593A05479.d.87750399EEA76769995673DDF54E3A22.e.1847/value - {"text":"iuByiGQC4O"}
COMMAND: GET /session/b1e904011ad8e22b26328390ecfe3dd0/screenshot - {}
RESULT: {"text":"iuByiGQC4O"}
COMMAND: GET /session/b1e904011ad8e22b26328390ecfe3dd0/screenshot - {}
RESULT: {}
RESULT: {}
COMMAND: POST /session/b1e904011ad8e22b26328390ecfe3dd0/actions - {"actions":[{"id":"action7","type":"key","parameters":{},"actions":[{"type":"keyDown","value":""},{"type":"pause","duration":10},{"type":"keyUp","value":""}]}]}
RESULT: {"actions":[{"id":"action7","type":"key","parameters":{},"actions":[{"type":"keyDown","value":""},{"type":"pause","duration":10},{"type":"keyUp","value":""}]}]}
COMMAND: POST /session/b1e904011ad8e22b26328390ecfe3dd0/execute/async - {"script":"<script> [1562 bytes]","args":[{"selector":{"id":"application-manageconditionprice-display-component---newCondition--condBaseQty","interaction":{"idSuffix":"inner"}},"wdio_ui5_key":"applicationmanageconditionprice-display-component---newCondition--condBaseQty"}]}
COMMAND: GET /session/b1e904011ad8e22b26328390ecfe3dd0/screenshot - {}
RESULT: {"script":"<script> [1562 bytes]","args":[{"selector":{"id":"application-manageconditionprice-display-component---newCondition--condBaseQty","interaction":{"idSuffix":"inner"}},"wdio_ui5_key":"applicationmanageconditionprice-display-component---newCondition--condBaseQty"}]}
RESULT: undefined
COMMAND: POST /session/b1e904011ad8e22b26328390ecfe3dd0/execute/async - {"script":"<script> [776 bytes]","args":[{"enterText":"1","selector":{"id":"application-manageconditionprice-display-component---newCondition--condBaseQty","interaction":{"idSuffix":"inner"}},"clearTextFirst":true,"interactionType":"ENTER_TEXT"}]}
RESULT: {}
RESULT: {"script":"<script> [776 bytes]","args":[{"enterText":"1","selector":{"id":"application-manageconditionprice-display-component---newCondition--condBaseQty","interaction":{"idSuffix":"inner"}},"clearTextFirst":true,"interactionType":"ENTER_TEXT"}]}
COMMAND: POST /session/b1e904011ad8e22b26328390ecfe3dd0/execute/async - {"script":"<script> [1562 bytes]","args":[{"selector":{"id":"application-manageconditionprice-display-component---newCondition--condValue","interaction":{"idSuffix":"inner"}},"wdio_ui5_key":"applicationmanageconditionprice-display-component---newCondition--condValue"}]}
RESULT: {"script":"<script> [1562 bytes]","args":[{"selector":{"id":"application-manageconditionprice-display-component---newCondition--condValue","interaction":{"idSuffix":"inner"}},"wdio_ui5_key":"applicationmanageconditionprice-display-component---newCondition--condValue"}]}
RESULT: undefined
COMMAND: POST /session/b1e904011ad8e22b26328390ecfe3dd0/execute/async - {"script":"<script> [776 bytes]","args":[{"enterText":"200","selector":{"id":"application-manageconditionprice-display-component---newCondition--condValue","interaction":{"idSuffix":"inner"}},"clearTextFirst":true,"interactionType":"ENTER_TEXT"}]}
RESULT: {"script":"<script> [776 bytes]","args":[{"enterText":"200","selector":{"id":"application-manageconditionprice-display-component---newCondition--condValue","interaction":{"idSuffix":"inner"}},"clearTextFirst":true,"interactionType":"ENTER_TEXT"}]}
COMMAND: POST /session/b1e904011ad8e22b26328390ecfe3dd0/execute/async - {"script":"<script> [1562 bytes]","args":[{"selector":{"id":"application-manageconditionprice-display-component---newCondition--condCurr-arrow"},"wdio_ui5_key":"applicationmanageconditionprice-display-component---newCondition--condCurr-arrow"}]}
RESULT: {"script":"<script> [1562 bytes]","args":[{"selector":{"id":"application-manageconditionprice-display-component---newCondition--condCurr-arrow"},"wdio_ui5_key":"applicationmanageconditionprice-display-component---newCondition--condCurr-arrow"}]}
RESULT: undefined
COMMAND: POST /session/b1e904011ad8e22b26328390ecfe3dd0/element - {"using":"xpath","value":"//*[@id=\"application-manageconditionprice-display-component---newCondition--condCurr-arrow\"]"}
RESULT: {"using":"xpath","value":"//*[@id=\"application-manageconditionprice-display-component---newCondition--condCurr-arrow\"]"}
COMMAND: POST /session/b1e904011ad8e22b26328390ecfe3dd0/element/f.CA0320F3C4D5DF4C38F9949593A05479.d.87750399EEA76769995673DDF54E3A22.e.1953/click - {}
RESULT: {}
COMMAND: POST /session/b1e904011ad8e22b26328390ecfe3dd0/element - {"using":"xpath","value":"//span[contains(text(), \"Euro\")]"}
COMMAND: GET /session/b1e904011ad8e22b26328390ecfe3dd0/screenshot - {}
RESULT: {"using":"xpath","value":"//span[contains(text(), \"Euro\")]"}
COMMAND: POST /session/b1e904011ad8e22b26328390ecfe3dd0/element/f.CA0320F3C4D5DF4C38F9949593A05479.d.87750399EEA76769995673DDF54E3A22.e.2022/click - {}
RESULT: {}
RESULT: {}
COMMAND: POST /session/b1e904011ad8e22b26328390ecfe3dd0/element - {"using":"xpath","value":"//button[@data-kt=\"saveButton\"]"}
COMMAND: GET /session/b1e904011ad8e22b26328390ecfe3dd0/screenshot - {}
RESULT: {"using":"xpath","value":"//button[@data-kt=\"saveButton\"]"}
COMMAND: POST /session/b1e904011ad8e22b26328390ecfe3dd0/element/f.CA0320F3C4D5DF4C38F9949593A05479.d.87750399EEA76769995673DDF54E3A22.e.1954/click - {}
RESULT: {}
RESULT: {}
COMMAND: GET /session/b1e904011ad8e22b26328390ecfe3dd0/screenshot - {}
RESULT: {}
COMMAND: POST /session/b1e904011ad8e22b26328390ecfe3dd0/execute/async - {"script":"<script> [1562 bytes]","args":[{"selector":{"id":"application-manageconditionprice-display-component---conditions--smartFilterBar-btnBasicSearch","interaction":{"idSuffix":"I"}},"wdio_ui5_key":"applicationmanageconditionprice-display-component---conditions--smartFilterBar-btnBasicSearch"}]}
RESULT: {"script":"<script> [1562 bytes]","args":[{"selector":{"id":"application-manageconditionprice-display-component---conditions--smartFilterBar-btnBasicSearch","interaction":{"idSuffix":"I"}},"wdio_ui5_key":"applicationmanageconditionprice-display-component---conditions--smartFilterBar-btnBasicSearch"}]}
RESULT: undefined
COMMAND: POST /session/b1e904011ad8e22b26328390ecfe3dd0/execute/async - {"script":"<script> [776 bytes]","args":[{"enterText":"iuByiGQC4O","selector":{"id":"application-manageconditionprice-display-component---conditions--smartFilterBar-btnBasicSearch","interaction":{"idSuffix":"I"}},"clearTextFirst":true,"interactionType":"ENTER_TEXT"}]}
RESULT: {"script":"<script> [776 bytes]","args":[{"enterText":"iuByiGQC4O","selector":{"id":"application-manageconditionprice-display-component---conditions--smartFilterBar-btnBasicSearch","interaction":{"idSuffix":"I"}},"clearTextFirst":true,"interactionType":"ENTER_TEXT"}]}
COMMAND: POST /session/b1e904011ad8e22b26328390ecfe3dd0/actions - {"actions":[{"id":"action8","type":"key","parameters":{},"actions":[{"type":"keyDown","value":""},{"type":"pause","duration":10},{"type":"keyUp","value":""}]}]}
RESULT: {"actions":[{"id":"action8","type":"key","parameters":{},"actions":[{"type":"keyDown","value":""},{"type":"pause","duration":10},{"type":"keyUp","value":""}]}]}
COMMAND: GET /session/b1e904011ad8e22b26328390ecfe3dd0/screenshot - {}
RESULT: {}
COMMAND: POST /session/b1e904011ad8e22b26328390ecfe3dd0/execute/async - {"script":"<script> [1562 bytes]","args":[{"selector":{"id":"application-manageconditionprice-display-component---conditions--smartFilterBar-filterItemControl_BASIC-BILL_TYPES-vhi"},"wdio_ui5_key":"applicationmanageconditionprice-display-component---conditions--smartFilterBar-filterItemControl_BASIC-BILL_TYPES-vhi"}]}
RESULT: {"script":"<script> [1562 bytes]","args":[{"selector":{"id":"application-manageconditionprice-display-component---conditions--smartFilterBar-filterItemControl_BASIC-BILL_TYPES-vhi"},"wdio_ui5_key":"applicationmanageconditionprice-display-component---conditions--smartFilterBar-filterItemControl_BASIC-BILL_TYPES-vhi"}]}
RESULT: undefined
COMMAND: POST /session/b1e904011ad8e22b26328390ecfe3dd0/element - {"using":"xpath","value":"//*[@id=\"application-manageconditionprice-display-component---conditions--smartFilterBar-filterItemControl_BASIC-BILL_TYPES-vhi\"]"}
RESULT: {"using":"xpath","value":"//*[@id=\"application-manageconditionprice-display-component---conditions--smartFilterBar-filterItemControl_BASIC-BILL_TYPES-vhi\"]"}
COMMAND: POST /session/b1e904011ad8e22b26328390ecfe3dd0/element/f.CA0320F3C4D5DF4C38F9949593A05479.d.87750399EEA76769995673DDF54E3A22.e.2129/click - {}
RESULT: {}
COMMAND: POST /session/b1e904011ad8e22b26328390ecfe3dd0/execute/async - {"script":"<script> [1562 bytes]","args":[{"selector":{"id":"application-manageconditionprice-display-component---conditions--smartFilterBar-filterItemControl_BASIC-BILL_TYPES-valueHelpDialog-smartFilterBar-btnBasicSearch","searchOpenDialogs":true,"interaction":{"idSuffix":"I"}},"wdio_ui5_key":"applicationmanageconditionprice-display-component---conditions--smartFilterBar-filterItemControl_BASIC-BILL_TYPES-valueHelpDialog-smartFilterBar-btnBasicSearch"}]}
COMMAND: GET /session/b1e904011ad8e22b26328390ecfe3dd0/screenshot - {}
RESULT: {"script":"<script> [1562 bytes]","args":[{"selector":{"id":"application-manageconditionprice-display-component---conditions--smartFilterBar-filterItemControl_BASIC-BILL_TYPES-valueHelpDialog-smartFilterBar-btnBasicSearch","searchOpenDialogs":true,"interaction":{"idSuffix":"I"}},"wdio_ui5_key":"applicationmanageconditionprice-display-component---conditions--smartFilterBar-filterItemControl_BASIC-BILL_TYPES-valueHelpDialog-smartFilterBar-btnBasicSearch"}]}
RESULT: undefined
COMMAND: POST /session/b1e904011ad8e22b26328390ecfe3dd0/execute/async - {"script":"<script> [776 bytes]","args":[{"enterText":"one","selector":{"id":"application-manageconditionprice-display-component---conditions--smartFilterBar-filterItemControl_BASIC-BILL_TYPES-valueHelpDialog-smartFilterBar-btnBasicSearch","searchOpenDialogs":true,"interaction":{"idSuffix":"I"}},"clearTextFirst":true,"interactionType":"ENTER_TEXT"}]}
RESULT: {}
RESULT: {"script":"<script> [776 bytes]","args":[{"enterText":"one","selector":{"id":"application-manageconditionprice-display-component---conditions--smartFilterBar-filterItemControl_BASIC-BILL_TYPES-valueHelpDialog-smartFilterBar-btnBasicSearch","searchOpenDialogs":true,"interaction":{"idSuffix":"I"}},"clearTextFirst":true,"interactionType":"ENTER_TEXT"}]}
COMMAND: POST /session/b1e904011ad8e22b26328390ecfe3dd0/actions - {"actions":[{"id":"action9","type":"key","parameters":{},"actions":[{"type":"keyDown","value":""},{"type":"pause","duration":10},{"type":"keyUp","value":""}]}]}
RESULT: {"actions":[{"id":"action9","type":"key","parameters":{},"actions":[{"type":"keyDown","value":""},{"type":"pause","duration":10},{"type":"keyUp","value":""}]}]}
COMMAND: GET /session/b1e904011ad8e22b26328390ecfe3dd0/screenshot - {}
RESULT: {}
COMMAND: POST /session/b1e904011ad8e22b26328390ecfe3dd0/element - {"using":"xpath","value":"//div[contains(@id, 'application-manageconditionprice-display-component---conditions--smartFilterBar-filterItemControl_BASIC-BILL_TYPES-valueHelpDialog-table-rowsel0')]"}
RESULT: {"using":"xpath","value":"//div[contains(@id, 'application-manageconditionprice-display-component---conditions--smartFilterBar-filterItemControl_BASIC-BILL_TYPES-valueHelpDialog-table-rowsel0')]"}
COMMAND: POST /session/b1e904011ad8e22b26328390ecfe3dd0/element/f.CA0320F3C4D5DF4C38F9949593A05479.d.87750399EEA76769995673DDF54E3A22.e.2139/click - {}
RESULT: {}
COMMAND: GET /session/b1e904011ad8e22b26328390ecfe3dd0/screenshot - {}
RESULT: {}
COMMAND: POST /session/b1e904011ad8e22b26328390ecfe3dd0/element - {"using":"xpath","value":"//bdi[contains(text(), \"OK\")]"}
RESULT: {"using":"xpath","value":"//bdi[contains(text(), \"OK\")]"}
COMMAND: POST /session/b1e904011ad8e22b26328390ecfe3dd0/element/f.CA0320F3C4D5DF4C38F9949593A05479.d.87750399EEA76769995673DDF54E3A22.e.2141/click - {}
RESULT: {}
COMMAND: GET /session/b1e904011ad8e22b26328390ecfe3dd0/screenshot - {}
RESULT: {}
COMMAND: POST /session/b1e904011ad8e22b26328390ecfe3dd0/element - {"using":"xpath","value":"//span[@id=\"application-manageconditionprice-display-component---conditions--smartTable-header-inner\"]"}
RESULT: {"using":"xpath","value":"//span[@id=\"application-manageconditionprice-display-component---conditions--smartTable-header-inner\"]"}
COMMAND: POST /session/b1e904011ad8e22b26328390ecfe3dd0/elements - {"using":"xpath","value":"//span[@id=\"application-manageconditionprice-display-component---conditions--smartTable-header-inner\"]"}
RESULT: {"using":"xpath","value":"//span[@id=\"application-manageconditionprice-display-component---conditions--smartTable-header-inner\"]"}
COMMAND: POST /session/b1e904011ad8e22b26328390ecfe3dd0/execute/sync - {"script":"<script> [56 bytes]","args":[{"element-6066-11e4-a52e-4f735466cecf":"f.CA0320F3C4D5DF4C38F9949593A05479.d.87750399EEA76769995673DDF54E3A22.e.2144","ELEMENT":"f.CA0320F3C4D5DF4C38F9949593A05479.d.87750399EEA76769995673DDF54E3A22.e.2144"}]}
RESULT: {"script":"<script> [56 bytes]","args":[{"element-6066-11e4-a52e-4f735466cecf":"f.CA0320F3C4D5DF4C38F9949593A05479.d.87750399EEA76769995673DDF54E3A22.e.2144","ELEMENT":"f.CA0320F3C4D5DF4C38F9949593A05479.d.87750399EEA76769995673DDF54E3A22.e.2144"}]}
COMMAND: POST /session/b1e904011ad8e22b26328390ecfe3dd0/element - {"using":"css selector","value":"#shell-header-logo"}
COMMAND: GET /session/b1e904011ad8e22b26328390ecfe3dd0/screenshot - {}
RESULT: {"using":"css selector","value":"#shell-header-logo"}
COMMAND: POST /session/b1e904011ad8e22b26328390ecfe3dd0/element/f.CA0320F3C4D5DF4C38F9949593A05479.d.87750399EEA76769995673DDF54E3A22.e.1773/click - {}
RESULT: {}
RESULT: {}
COMMAND: GET /session/b1e904011ad8e22b26328390ecfe3dd0/screenshot - {}
RESULT: {}
COMMAND: POST /session/b1e904011ad8e22b26328390ecfe3dd0/element - {"using":"css selector","value":"#j_username"}
COMMAND: POST /session/b1e904011ad8e22b26328390ecfe3dd0/url - {"url":"https://qa-testing-00-live-etm-ui.cfapps.eu10-004.hana.ondemand.com/"}
RESULT: {"using":"css selector","value":"#j_username"}
COMMAND: POST /session/b1e904011ad8e22b26328390ecfe3dd0/element - {"using":"css selector","value":"#j_username"}
RESULT: {"url":"https://qa-testing-00-live-etm-ui.cfapps.eu10-004.hana.ondemand.com/"}
RESULT: undefined
COMMAND: GET /session/b1e904011ad8e22b26328390ecfe3dd0/screenshot - {}
RESULT: {"using":"css selector","value":"#j_username"}
COMMAND: POST /session/b1e904011ad8e22b26328390ecfe3dd0/element - {"using":"css selector","value":"#shell-header-logo"}
RESULT: {}
RESULT: {"using":"css selector","value":"#shell-header-logo"}
COMMAND: POST /session/b1e904011ad8e22b26328390ecfe3dd0/execute/sync - {"script":"<script> [8489 bytes]","args":[{"element-6066-11e4-a52e-4f735466cecf":"f.CA0320F3C4D5DF4C38F9949593A05479.d.B855FBD117902A27112D7E1822062666.e.2158","ELEMENT":"f.CA0320F3C4D5DF4C38F9949593A05479.d.B855FBD117902A27112D7E1822062666.e.2158"}]}
RESULT: {"script":"<script> [8489 bytes]","args":[{"element-6066-11e4-a52e-4f735466cecf":"f.CA0320F3C4D5DF4C38F9949593A05479.d.B855FBD117902A27112D7E1822062666.e.2158","ELEMENT":"f.CA0320F3C4D5DF4C38F9949593A05479.d.B855FBD117902A27112D7E1822062666.e.2158"}]}
COMMAND: POST /session/b1e904011ad8e22b26328390ecfe3dd0/element - {"using":"css selector","value":"#shell-header-logo"}
COMMAND: GET /session/b1e904011ad8e22b26328390ecfe3dd0/screenshot - {}
RESULT: {"using":"css selector","value":"#shell-header-logo"}
COMMAND: POST /session/b1e904011ad8e22b26328390ecfe3dd0/execute/sync - {"script":"<script> [8489 bytes]","args":[{"element-6066-11e4-a52e-4f735466cecf":"f.CA0320F3C4D5DF4C38F9949593A05479.d.B855FBD117902A27112D7E1822062666.e.2158","ELEMENT":"f.CA0320F3C4D5DF4C38F9949593A05479.d.B855FBD117902A27112D7E1822062666.e.2158"}]}
RESULT: {}
RESULT: {"script":"<script> [8489 bytes]","args":[{"element-6066-11e4-a52e-4f735466cecf":"f.CA0320F3C4D5DF4C38F9949593A05479.d.B855FBD117902A27112D7E1822062666.e.2158","ELEMENT":"f.CA0320F3C4D5DF4C38F9949593A05479.d.B855FBD117902A27112D7E1822062666.e.2158"}]}
COMMAND: POST /session/b1e904011ad8e22b26328390ecfe3dd0/execute/sync - {"script":"<script> [5351 bytes]","args":[{"element-6066-11e4-a52e-4f735466cecf":"f.CA0320F3C4D5DF4C38F9949593A05479.d.B855FBD117902A27112D7E1822062666.e.2158","ELEMENT":"f.CA0320F3C4D5DF4C38F9949593A05479.d.B855FBD117902A27112D7E1822062666.e.2158"}]}
COMMAND: GET /session/b1e904011ad8e22b26328390ecfe3dd0/screenshot - {}
RESULT: {"script":"<script> [5351 bytes]","args":[{"element-6066-11e4-a52e-4f735466cecf":"f.CA0320F3C4D5DF4C38F9949593A05479.d.B855FBD117902A27112D7E1822062666.e.2158","ELEMENT":"f.CA0320F3C4D5DF4C38F9949593A05479.d.B855FBD117902A27112D7E1822062666.e.2158"}]}
COMMAND: POST /session/b1e904011ad8e22b26328390ecfe3dd0/element - {"using":"css selector","value":"#shell-header-logo"}
COMMAND: GET /session/b1e904011ad8e22b26328390ecfe3dd0/screenshot - {}
RESULT: {}
RESULT: {"using":"css selector","value":"#shell-header-logo"}
COMMAND: POST /session/b1e904011ad8e22b26328390ecfe3dd0/element/f.CA0320F3C4D5DF4C38F9949593A05479.d.B855FBD117902A27112D7E1822062666.e.2158/click - {}
RESULT: {}
RESULT: {}
COMMAND: GET /session/b1e904011ad8e22b26328390ecfe3dd0/screenshot - {}
RESULT: {}
COMMAND: POST /session/b1e904011ad8e22b26328390ecfe3dd0/execute/async - {"script":"<script> [189 bytes]","args":[]}
RESULT: {"script":"<script> [189 bytes]","args":[]}
COMMAND: POST /session/b1e904011ad8e22b26328390ecfe3dd0/execute/async - {"script":"<script> [123 bytes]","args":[]}
RESULT: {"script":"<script> [123 bytes]","args":[]}
COMMAND: POST /session/b1e904011ad8e22b26328390ecfe3dd0/timeouts - {"script":"<number>"}
RESULT: {"script":"<number>"}
COMMAND: GET /session/b1e904011ad8e22b26328390ecfe3dd0/timeouts - {}
RESULT: {}
RESULT: undefined
COMMAND: POST /session/b1e904011ad8e22b26328390ecfe3dd0/execute/async - {"script":"<script> [2676 bytes]","args":[]}
RESULT: {"script":"<script> [2676 bytes]","args":[]}
COMMAND: POST /session/b1e904011ad8e22b26328390ecfe3dd0/execute/async - {"script":"<script> [2342 bytes]","args":[{"protocol":"http","hostname":"0.0.0.0","path":"/","capabilities":{"browserName":"chrome","goog:chromeOptions":{"binary":"C:\\Program Files\\Google\\Chrome\\Application\\chrome.exe","args":["--start-maximized"]}},"logLevel":"warn","connectionRetryTimeout":120000,"connectionRetryCount":3,"logLevels":{},"enableDirectConnect":true,"strictSSL":true,"_":"65 more keys: [\"cacheDir\",\"port\",\"requestedCapabilities\",\"automationProtocol\",\"baseUrl\",\"waitforInterval\",\"waitforTimeout\",\"onReload\",\"beforeCommand\",\"afterCommand\",\"rootDir\",\"specs\",\"suites\",\"exclude\",\"groupLogsByTestSpec\",\"excludeDriverLogs\",\"bail\",\"framework\",\"reporters\",\"services\",\"maxInstances\",\"maxInstancesPerCapability\",\"injectGlobals\",\"filesToWatch\",\"execArgv\",\"runnerEnv\",\"runner\",\"shard\",\"specFileRetries\",\"specFileRetriesDelay\",\"specFileRetriesDeferred\",\"reporterSyncInterval\",\"reporterSyncTimeout\",\"cucumberFeaturesWithLineNumbers\",\"autoCompileOpts\",\"mochaOpts\",\"jasmineOpts\",\"cucumberOpts\",\"onPrepare\",\"onWorkerStart\",\"onWorkerEnd\",\"before\",\"beforeSession\",\"beforeSuite\",\"beforeHook\",\"beforeTest\",\"afterTest\",\"afterHook\",\"afterSuite\",\"afterSession\",\"after\",\"onComplete\",\"beforeAssertion\",\"afterAssertion\",\"beforeFeature\",\"beforeScenario\",\"beforeStep\",\"afterStep\",\"afterScenario\",\"afterFeature\",\"_\",\"suite\",\"$0\",\"ignoredWorkerServices\",\"wdi5\"]"}]}
RESULT: {"script":"<script> [2342 bytes]","args":[{"protocol":"http","hostname":"0.0.0.0","path":"/","capabilities":{"browserName":"chrome","goog:chromeOptions":{"binary":"C:\\Program Files\\Google\\Chrome\\Application\\chrome.exe","args":["--start-maximized"]}},"logLevel":"warn","connectionRetryTimeout":120000,"connectionRetryCount":3,"logLevels":{},"enableDirectConnect":true,"strictSSL":true,"_":"65 more keys: [\"cacheDir\",\"port\",\"requestedCapabilities\",\"automationProtocol\",\"baseUrl\",\"waitforInterval\",\"waitforTimeout\",\"onReload\",\"beforeCommand\",\"afterCommand\",\"rootDir\",\"specs\",\"suites\",\"exclude\",\"groupLogsByTestSpec\",\"excludeDriverLogs\",\"bail\",\"framework\",\"reporters\",\"services\",\"maxInstances\",\"maxInstancesPerCapability\",\"injectGlobals\",\"filesToWatch\",\"execArgv\",\"runnerEnv\",\"runner\",\"shard\",\"specFileRetries\",\"specFileRetriesDelay\",\"specFileRetriesDeferred\",\"reporterSyncInterval\",\"reporterSyncTimeout\",\"cucumberFeaturesWithLineNumbers\",\"autoCompileOpts\",\"mochaOpts\",\"jasmineOpts\",\"cucumberOpts\",\"onPrepare\",\"onWorkerStart\",\"onWorkerEnd\",\"before\",\"beforeSession\",\"beforeSuite\",\"beforeHook\",\"beforeTest\",\"afterTest\",\"afterHook\",\"afterSuite\",\"afterSession\",\"after\",\"onComplete\",\"beforeAssertion\",\"afterAssertion\",\"beforeFeature\",\"beforeScenario\",\"beforeStep\",\"afterStep\",\"afterScenario\",\"afterFeature\",\"_\",\"suite\",\"$0\",\"ignoredWorkerServices\",\"wdi5\"]"}]}
COMMAND: POST /session/b1e904011ad8e22b26328390ecfe3dd0/execute/async - {"script":"<script> [21126 bytes]","args":[35000]}
RESULT: {"script":"<script> [21126 bytes]","args":[35000]}
COMMAND: POST /session/b1e904011ad8e22b26328390ecfe3dd0/window/maximize - {}
RESULT: {}
COMMAND: POST /session/b1e904011ad8e22b26328390ecfe3dd0/execute/async - {"script":"<script> [1562 bytes]","args":[{"selector":{"id":"shell-header","interaction":{"idSuffix":"icon"}},"wdio_ui5_key":"shellheader"}]}
COMMAND: GET /session/b1e904011ad8e22b26328390ecfe3dd0/screenshot - {}
RESULT: {"script":"<script> [1562 bytes]","args":[{"selector":{"id":"shell-header","interaction":{"idSuffix":"icon"}},"wdio_ui5_key":"shellheader"}]}
RESULT: undefined
COMMAND: POST /session/b1e904011ad8e22b26328390ecfe3dd0/refresh - {}
RESULT: {}
RESULT: {}
COMMAND: GET /session/b1e904011ad8e22b26328390ecfe3dd0/screenshot - {}
RESULT: {}
COMMAND: POST /session/b1e904011ad8e22b26328390ecfe3dd0/refresh - {}
RESULT: {}
COMMAND: GET /session/b1e904011ad8e22b26328390ecfe3dd0/screenshot - {}
RESULT: {}
COMMAND: POST /session/b1e904011ad8e22b26328390ecfe3dd0/window/fullscreen - {}
RESULT: {}
COMMAND: POST /session/b1e904011ad8e22b26328390ecfe3dd0/execute/async - {"script":"<script> [189 bytes]","args":[]}
RESULT: {"script":"<script> [189 bytes]","args":[]}
COMMAND: POST /session/b1e904011ad8e22b26328390ecfe3dd0/execute/async - {"script":"<script> [123 bytes]","args":[]}
RESULT: {"script":"<script> [123 bytes]","args":[]}
COMMAND: POST /session/b1e904011ad8e22b26328390ecfe3dd0/timeouts - {"script":"<number>"}
RESULT: {"script":"<number>"}
COMMAND: GET /session/b1e904011ad8e22b26328390ecfe3dd0/timeouts - {}
RESULT: {}
RESULT: undefined
COMMAND: POST /session/b1e904011ad8e22b26328390ecfe3dd0/execute/async - {"script":"<script> [2676 bytes]","args":[]}
RESULT: {"script":"<script> [2676 bytes]","args":[]}
COMMAND: POST /session/b1e904011ad8e22b26328390ecfe3dd0/execute/async - {"script":"<script> [2342 bytes]","args":[{"protocol":"http","hostname":"0.0.0.0","path":"/","capabilities":{"browserName":"chrome","goog:chromeOptions":{"binary":"C:\\Program Files\\Google\\Chrome\\Application\\chrome.exe","args":["--start-maximized"]}},"logLevel":"warn","connectionRetryTimeout":120000,"connectionRetryCount":3,"logLevels":{},"enableDirectConnect":true,"strictSSL":true,"_":"65 more keys: [\"cacheDir\",\"port\",\"requestedCapabilities\",\"automationProtocol\",\"baseUrl\",\"waitforInterval\",\"waitforTimeout\",\"onReload\",\"beforeCommand\",\"afterCommand\",\"rootDir\",\"specs\",\"suites\",\"exclude\",\"groupLogsByTestSpec\",\"excludeDriverLogs\",\"bail\",\"framework\",\"reporters\",\"services\",\"maxInstances\",\"maxInstancesPerCapability\",\"injectGlobals\",\"filesToWatch\",\"execArgv\",\"runnerEnv\",\"runner\",\"shard\",\"specFileRetries\",\"specFileRetriesDelay\",\"specFileRetriesDeferred\",\"reporterSyncInterval\",\"reporterSyncTimeout\",\"cucumberFeaturesWithLineNumbers\",\"autoCompileOpts\",\"mochaOpts\",\"jasmineOpts\",\"cucumberOpts\",\"onPrepare\",\"onWorkerStart\",\"onWorkerEnd\",\"before\",\"beforeSession\",\"beforeSuite\",\"beforeHook\",\"beforeTest\",\"afterTest\",\"afterHook\",\"afterSuite\",\"afterSession\",\"after\",\"onComplete\",\"beforeAssertion\",\"afterAssertion\",\"beforeFeature\",\"beforeScenario\",\"beforeStep\",\"afterStep\",\"afterScenario\",\"afterFeature\",\"_\",\"suite\",\"$0\",\"ignoredWorkerServices\",\"wdi5\"]"}]}
RESULT: {"script":"<script> [2342 bytes]","args":[{"protocol":"http","hostname":"0.0.0.0","path":"/","capabilities":{"browserName":"chrome","goog:chromeOptions":{"binary":"C:\\Program Files\\Google\\Chrome\\Application\\chrome.exe","args":["--start-maximized"]}},"logLevel":"warn","connectionRetryTimeout":120000,"connectionRetryCount":3,"logLevels":{},"enableDirectConnect":true,"strictSSL":true,"_":"65 more keys: [\"cacheDir\",\"port\",\"requestedCapabilities\",\"automationProtocol\",\"baseUrl\",\"waitforInterval\",\"waitforTimeout\",\"onReload\",\"beforeCommand\",\"afterCommand\",\"rootDir\",\"specs\",\"suites\",\"exclude\",\"groupLogsByTestSpec\",\"excludeDriverLogs\",\"bail\",\"framework\",\"reporters\",\"services\",\"maxInstances\",\"maxInstancesPerCapability\",\"injectGlobals\",\"filesToWatch\",\"execArgv\",\"runnerEnv\",\"runner\",\"shard\",\"specFileRetries\",\"specFileRetriesDelay\",\"specFileRetriesDeferred\",\"reporterSyncInterval\",\"reporterSyncTimeout\",\"cucumberFeaturesWithLineNumbers\",\"autoCompileOpts\",\"mochaOpts\",\"jasmineOpts\",\"cucumberOpts\",\"onPrepare\",\"onWorkerStart\",\"onWorkerEnd\",\"before\",\"beforeSession\",\"beforeSuite\",\"beforeHook\",\"beforeTest\",\"afterTest\",\"afterHook\",\"afterSuite\",\"afterSession\",\"after\",\"onComplete\",\"beforeAssertion\",\"afterAssertion\",\"beforeFeature\",\"beforeScenario\",\"beforeStep\",\"afterStep\",\"afterScenario\",\"afterFeature\",\"_\",\"suite\",\"$0\",\"ignoredWorkerServices\",\"wdi5\"]"}]}
COMMAND: POST /session/b1e904011ad8e22b26328390ecfe3dd0/execute/async - {"script":"<script> [21126 bytes]","args":[35000]}
RESULT: {"script":"<script> [21126 bytes]","args":[35000]}
]]></system-out>
    </testcase>
  </testsuite>
  <testsuite timestamp="2025-05-29T17:02:38" time="125.643" tests="3" failures="0" errors="0" skipped="0">
    <properties>
      <property name="specId" value="0"/>
      <property name="suiteName" value="Set up pricing rule(OT) 104624"/>
      <property name="capabilities" value="chrome.136_0_7103_93.windows"/>
      <property name="file" value="file:///D:/a/1/s/test/specs/BTS/create-pricing-rule.spec.js"/>
    </properties>
    <testcase classname="chrome.136_0_7103_93.windows.Set_up_pricing_rule(OT)_104624" name="Should create a new yard used for all following tests" time="0.011">
      <system-out><![CDATA[
COMMAND: POST /session/b1e904011ad8e22b26328390ecfe3dd0/window/fullscreen - {}
RESULT: {}
]]></system-out>
    </testcase>
    <testcase classname="chrome.136_0_7103_93.windows.Set_up_pricing_rule(OT)_104624" name="Should create a new equipment used for all following tests" time="0.003"/>
    <testcase classname="chrome.136_0_7103_93.windows.Set_up_pricing_rule(OT)_104624" name="Should create new pricing rule on the created resource from earlier module or above" time="78.284">
      <system-out><![CDATA[
COMMAND: POST /session/b1e904011ad8e22b26328390ecfe3dd0/execute/async - {"script":"<script> [1562 bytes]","args":[{"selector":{"controlType":"sap.m.GenericTile","properties":{"header":"Manage Pricing Rules"}},"wdio_ui5_key":"sapm.GenericTile{\"header\":\"Manage Pricing Rules\"}"}]}
RESULT: {"script":"<script> [1562 bytes]","args":[{"selector":{"controlType":"sap.m.GenericTile","properties":{"header":"Manage Pricing Rules"}},"wdio_ui5_key":"sapm.GenericTile{\"header\":\"Manage Pricing Rules\"}"}]}
RESULT: undefined
COMMAND: POST /session/b1e904011ad8e22b26328390ecfe3dd0/element - {"using":"xpath","value":"//*[@id=\"__tile55\"]"}
RESULT: {"using":"xpath","value":"//*[@id=\"__tile55\"]"}
COMMAND: POST /session/b1e904011ad8e22b26328390ecfe3dd0/element/f.CA0320F3C4D5DF4C38F9949593A05479.d.4B384C5F48A5819ECE33BFDFBC7F108E.e.2428/click - {}
RESULT: {}
COMMAND: GET /session/b1e904011ad8e22b26328390ecfe3dd0/screenshot - {}
RESULT: {}
COMMAND: POST /session/b1e904011ad8e22b26328390ecfe3dd0/elements - {"using":"xpath","value":"//span[text()='Error']"}
RESULT: {"using":"xpath","value":"//span[text()='Error']"}
COMMAND: POST /session/b1e904011ad8e22b26328390ecfe3dd0/execute/async - {"script":"<script> [1562 bytes]","args":[{"selector":{"controlType":"sap.ui.core.Icon","viewName":"etm.portal.ui.managepricingrules.view.MasterHeader","viewId":"application-managepricingrules-display-component---priceInfoHeader","properties":{"src":{"regex":{"source":"activity\\-items"}}}},"wdio_ui5_key":"etmportal.ui.managepricingrules.view.MasterHeadersap.ui.core.Icon{\"src\":{\"regex\":{\"source\":\"activity\\\\-items\"}}}"}]}
RESULT: {"script":"<script> [1562 bytes]","args":[{"selector":{"controlType":"sap.ui.core.Icon","viewName":"etm.portal.ui.managepricingrules.view.MasterHeader","viewId":"application-managepricingrules-display-component---priceInfoHeader","properties":{"src":{"regex":{"source":"activity\\-items"}}}},"wdio_ui5_key":"etmportal.ui.managepricingrules.view.MasterHeadersap.ui.core.Icon{\"src\":{\"regex\":{\"source\":\"activity\\\\-items\"}}}"}]}
RESULT: undefined
COMMAND: POST /session/b1e904011ad8e22b26328390ecfe3dd0/element - {"using":"xpath","value":"//*[@id=\"__filter1-icon\"]"}
RESULT: {"using":"xpath","value":"//*[@id=\"__filter1-icon\"]"}
COMMAND: POST /session/b1e904011ad8e22b26328390ecfe3dd0/element/f.CA0320F3C4D5DF4C38F9949593A05479.d.4B384C5F48A5819ECE33BFDFBC7F108E.e.2480/click - {}
RESULT: {}
COMMAND: GET /session/b1e904011ad8e22b26328390ecfe3dd0/screenshot - {}
RESULT: {}
COMMAND: POST /session/b1e904011ad8e22b26328390ecfe3dd0/element - {"using":"xpath","value":"//button[@data-kt=\"addButton\"]"}
RESULT: {"using":"xpath","value":"//button[@data-kt=\"addButton\"]"}
COMMAND: POST /session/b1e904011ad8e22b26328390ecfe3dd0/elements - {"using":"xpath","value":"//button[@data-kt=\"addButton\"]"}
RESULT: {"using":"xpath","value":"//button[@data-kt=\"addButton\"]"}
COMMAND: POST /session/b1e904011ad8e22b26328390ecfe3dd0/execute/sync - {"script":"<script> [8489 bytes]","args":[{"element-6066-11e4-a52e-4f735466cecf":"f.CA0320F3C4D5DF4C38F9949593A05479.d.4B384C5F48A5819ECE33BFDFBC7F108E.e.2528","ELEMENT":"f.CA0320F3C4D5DF4C38F9949593A05479.d.4B384C5F48A5819ECE33BFDFBC7F108E.e.2528"}]}
RESULT: {"script":"<script> [8489 bytes]","args":[{"element-6066-11e4-a52e-4f735466cecf":"f.CA0320F3C4D5DF4C38F9949593A05479.d.4B384C5F48A5819ECE33BFDFBC7F108E.e.2528","ELEMENT":"f.CA0320F3C4D5DF4C38F9949593A05479.d.4B384C5F48A5819ECE33BFDFBC7F108E.e.2528"}]}
COMMAND: GET /session/b1e904011ad8e22b26328390ecfe3dd0/element/f.CA0320F3C4D5DF4C38F9949593A05479.d.4B384C5F48A5819ECE33BFDFBC7F108E.e.2528/enabled - {}
COMMAND: GET /session/b1e904011ad8e22b26328390ecfe3dd0/screenshot - {}
RESULT: {}
COMMAND: POST /session/b1e904011ad8e22b26328390ecfe3dd0/execute/sync - {"script":"<script> [8489 bytes]","args":[{"element-6066-11e4-a52e-4f735466cecf":"f.CA0320F3C4D5DF4C38F9949593A05479.d.4B384C5F48A5819ECE33BFDFBC7F108E.e.2528","ELEMENT":"f.CA0320F3C4D5DF4C38F9949593A05479.d.4B384C5F48A5819ECE33BFDFBC7F108E.e.2528"}]}
COMMAND: GET /session/b1e904011ad8e22b26328390ecfe3dd0/screenshot - {}
RESULT: {}
RESULT: {"script":"<script> [8489 bytes]","args":[{"element-6066-11e4-a52e-4f735466cecf":"f.CA0320F3C4D5DF4C38F9949593A05479.d.4B384C5F48A5819ECE33BFDFBC7F108E.e.2528","ELEMENT":"f.CA0320F3C4D5DF4C38F9949593A05479.d.4B384C5F48A5819ECE33BFDFBC7F108E.e.2528"}]}
COMMAND: POST /session/b1e904011ad8e22b26328390ecfe3dd0/execute/sync - {"script":"<script> [5351 bytes]","args":[{"element-6066-11e4-a52e-4f735466cecf":"f.CA0320F3C4D5DF4C38F9949593A05479.d.4B384C5F48A5819ECE33BFDFBC7F108E.e.2528","ELEMENT":"f.CA0320F3C4D5DF4C38F9949593A05479.d.4B384C5F48A5819ECE33BFDFBC7F108E.e.2528"}]}
COMMAND: GET /session/b1e904011ad8e22b26328390ecfe3dd0/screenshot - {}
RESULT: {}
RESULT: {"script":"<script> [5351 bytes]","args":[{"element-6066-11e4-a52e-4f735466cecf":"f.CA0320F3C4D5DF4C38F9949593A05479.d.4B384C5F48A5819ECE33BFDFBC7F108E.e.2528","ELEMENT":"f.CA0320F3C4D5DF4C38F9949593A05479.d.4B384C5F48A5819ECE33BFDFBC7F108E.e.2528"}]}
COMMAND: POST /session/b1e904011ad8e22b26328390ecfe3dd0/element/f.CA0320F3C4D5DF4C38F9949593A05479.d.4B384C5F48A5819ECE33BFDFBC7F108E.e.2528/click - {}
COMMAND: GET /session/b1e904011ad8e22b26328390ecfe3dd0/screenshot - {}
RESULT: {}
RESULT: {}
COMMAND: GET /session/b1e904011ad8e22b26328390ecfe3dd0/screenshot - {}
RESULT: {}
RESULT: {}
COMMAND: POST /session/b1e904011ad8e22b26328390ecfe3dd0/execute/async - {"script":"<script> [1562 bytes]","args":[{"selector":{"controlType":"sap.m.Title","viewName":"etm.portal.ui.managepricingrules.view.NewItem","viewId":"application-managepricingrules-display-component---newInfoPriceItem","properties":{"text":"New Pricing Rules - Item Level"}},"wdio_ui5_key":"etmportal.ui.managepricingrules.view.NewItemsap.m.Title{\"text\":\"New Pricing Rules - Item Level\"}"}]}
RESULT: {"script":"<script> [1562 bytes]","args":[{"selector":{"controlType":"sap.m.Title","viewName":"etm.portal.ui.managepricingrules.view.NewItem","viewId":"application-managepricingrules-display-component---newInfoPriceItem","properties":{"text":"New Pricing Rules - Item Level"}},"wdio_ui5_key":"etmportal.ui.managepricingrules.view.NewItemsap.m.Title{\"text\":\"New Pricing Rules - Item Level\"}"}]}
RESULT: undefined
COMMAND: POST /session/b1e904011ad8e22b26328390ecfe3dd0/execute/async - {"script":"<script> [6424 bytes]","args":[{"element-6066-11e4-a52e-4f735466cecf":"f.CA0320F3C4D5DF4C38F9949593A05479.d.4B384C5F48A5819ECE33BFDFBC7F108E.e.2831"},"getText",[]]}
RESULT: {"script":"<script> [6424 bytes]","args":[{"element-6066-11e4-a52e-4f735466cecf":"f.CA0320F3C4D5DF4C38F9949593A05479.d.4B384C5F48A5819ECE33BFDFBC7F108E.e.2831"},"getText",[]]}
COMMAND: POST /session/b1e904011ad8e22b26328390ecfe3dd0/execute/async - {"script":"<script> [1562 bytes]","args":[{"selector":{"id":"application-managepricingrules-display-component---newInfoPriceItem--condValidTo","interaction":{"idSuffix":"inner"}},"wdio_ui5_key":"applicationmanagepricingrules-display-component---newInfoPriceItem--condValidTo"}]}
RESULT: {"script":"<script> [1562 bytes]","args":[{"selector":{"id":"application-managepricingrules-display-component---newInfoPriceItem--condValidTo","interaction":{"idSuffix":"inner"}},"wdio_ui5_key":"applicationmanagepricingrules-display-component---newInfoPriceItem--condValidTo"}]}
RESULT: undefined
COMMAND: POST /session/b1e904011ad8e22b26328390ecfe3dd0/execute/async - {"script":"<script> [776 bytes]","args":[{"enterText":"1/29/26","selector":{"id":"application-managepricingrules-display-component---newInfoPriceItem--condValidTo","interaction":{"idSuffix":"inner"}},"clearTextFirst":true,"interactionType":"ENTER_TEXT"}]}
RESULT: {"script":"<script> [776 bytes]","args":[{"enterText":"1/29/26","selector":{"id":"application-managepricingrules-display-component---newInfoPriceItem--condValidTo","interaction":{"idSuffix":"inner"}},"clearTextFirst":true,"interactionType":"ENTER_TEXT"}]}
COMMAND: POST /session/b1e904011ad8e22b26328390ecfe3dd0/element - {"using":"xpath","value":"//input[@id=\"application-managepricingrules-display-component---newInfoPriceItem--condRU-inner\"]"}
RESULT: {"using":"xpath","value":"//input[@id=\"application-managepricingrules-display-component---newInfoPriceItem--condRU-inner\"]"}
COMMAND: POST /session/b1e904011ad8e22b26328390ecfe3dd0/element/f.CA0320F3C4D5DF4C38F9949593A05479.d.4B384C5F48A5819ECE33BFDFBC7F108E.e.2768/clear - {}
RESULT: {}
COMMAND: POST /session/b1e904011ad8e22b26328390ecfe3dd0/element/f.CA0320F3C4D5DF4C38F9949593A05479.d.4B384C5F48A5819ECE33BFDFBC7F108E.e.2768/value - {"text":"iuByiGQC4O"}
COMMAND: GET /session/b1e904011ad8e22b26328390ecfe3dd0/screenshot - {}
RESULT: {"text":"iuByiGQC4O"}
COMMAND: GET /session/b1e904011ad8e22b26328390ecfe3dd0/screenshot - {}
RESULT: {}
RESULT: {}
COMMAND: POST /session/b1e904011ad8e22b26328390ecfe3dd0/execute/async - {"script":"<script> [1562 bytes]","args":[{"selector":{"id":"application-managepricingrules-display-component---newInfoPriceItem--billType-arrow"},"wdio_ui5_key":"applicationmanagepricingrules-display-component---newInfoPriceItem--billType-arrow"}]}
RESULT: {"script":"<script> [1562 bytes]","args":[{"selector":{"id":"application-managepricingrules-display-component---newInfoPriceItem--billType-arrow"},"wdio_ui5_key":"applicationmanagepricingrules-display-component---newInfoPriceItem--billType-arrow"}]}
RESULT: undefined
COMMAND: POST /session/b1e904011ad8e22b26328390ecfe3dd0/element - {"using":"xpath","value":"//*[@id=\"application-managepricingrules-display-component---newInfoPriceItem--billType-arrow\"]"}
RESULT: {"using":"xpath","value":"//*[@id=\"application-managepricingrules-display-component---newInfoPriceItem--billType-arrow\"]"}
COMMAND: POST /session/b1e904011ad8e22b26328390ecfe3dd0/element/f.CA0320F3C4D5DF4C38F9949593A05479.d.4B384C5F48A5819ECE33BFDFBC7F108E.e.2834/click - {}
RESULT: {}
COMMAND: POST /session/b1e904011ad8e22b26328390ecfe3dd0/element - {"using":"xpath","value":"//span[contains(text(), \"OT - Sales (one-time)\")]"}
COMMAND: GET /session/b1e904011ad8e22b26328390ecfe3dd0/screenshot - {}
RESULT: {"using":"xpath","value":"//span[contains(text(), \"OT - Sales (one-time)\")]"}
COMMAND: POST /session/b1e904011ad8e22b26328390ecfe3dd0/element/f.CA0320F3C4D5DF4C38F9949593A05479.d.4B384C5F48A5819ECE33BFDFBC7F108E.e.2835/click - {}
RESULT: {}
RESULT: {}
COMMAND: POST /session/b1e904011ad8e22b26328390ecfe3dd0/execute/async - {"script":"<script> [1562 bytes]","args":[{"selector":{"id":"application-managepricingrules-display-component---newInfoPriceItem--priceProc-arrow"},"wdio_ui5_key":"applicationmanagepricingrules-display-component---newInfoPriceItem--priceProc-arrow"}]}
COMMAND: GET /session/b1e904011ad8e22b26328390ecfe3dd0/screenshot - {}
RESULT: {"script":"<script> [1562 bytes]","args":[{"selector":{"id":"application-managepricingrules-display-component---newInfoPriceItem--priceProc-arrow"},"wdio_ui5_key":"applicationmanagepricingrules-display-component---newInfoPriceItem--priceProc-arrow"}]}
RESULT: undefined
COMMAND: POST /session/b1e904011ad8e22b26328390ecfe3dd0/element - {"using":"xpath","value":"//*[@id=\"application-managepricingrules-display-component---newInfoPriceItem--priceProc-arrow\"]"}
RESULT: {}
RESULT: {"using":"xpath","value":"//*[@id=\"application-managepricingrules-display-component---newInfoPriceItem--priceProc-arrow\"]"}
COMMAND: POST /session/b1e904011ad8e22b26328390ecfe3dd0/element/f.CA0320F3C4D5DF4C38F9949593A05479.d.4B384C5F48A5819ECE33BFDFBC7F108E.e.2836/click - {}
RESULT: {}
COMMAND: POST /session/b1e904011ad8e22b26328390ecfe3dd0/element - {"using":"xpath","value":"//span[contains(text(), \"MAT - Material\")]"}
COMMAND: GET /session/b1e904011ad8e22b26328390ecfe3dd0/screenshot - {}
RESULT: {"using":"xpath","value":"//span[contains(text(), \"MAT - Material\")]"}
COMMAND: POST /session/b1e904011ad8e22b26328390ecfe3dd0/element/f.CA0320F3C4D5DF4C38F9949593A05479.d.4B384C5F48A5819ECE33BFDFBC7F108E.e.2837/click - {}
RESULT: {}
RESULT: {}
COMMAND: POST /session/b1e904011ad8e22b26328390ecfe3dd0/execute/async - {"script":"<script> [1562 bytes]","args":[{"selector":{"id":"application-managepricingrules-display-component---newInfoPriceItem--calcBase-arrow"},"wdio_ui5_key":"applicationmanagepricingrules-display-component---newInfoPriceItem--calcBase-arrow"}]}
COMMAND: GET /session/b1e904011ad8e22b26328390ecfe3dd0/screenshot - {}
RESULT: {"script":"<script> [1562 bytes]","args":[{"selector":{"id":"application-managepricingrules-display-component---newInfoPriceItem--calcBase-arrow"},"wdio_ui5_key":"applicationmanagepricingrules-display-component---newInfoPriceItem--calcBase-arrow"}]}
RESULT: undefined
COMMAND: POST /session/b1e904011ad8e22b26328390ecfe3dd0/element - {"using":"xpath","value":"//*[@id=\"application-managepricingrules-display-component---newInfoPriceItem--calcBase-arrow\"]"}
RESULT: {}
RESULT: {"using":"xpath","value":"//*[@id=\"application-managepricingrules-display-component---newInfoPriceItem--calcBase-arrow\"]"}
COMMAND: POST /session/b1e904011ad8e22b26328390ecfe3dd0/element/f.CA0320F3C4D5DF4C38F9949593A05479.d.4B384C5F48A5819ECE33BFDFBC7F108E.e.2838/click - {}
RESULT: {}
COMMAND: GET /session/b1e904011ad8e22b26328390ecfe3dd0/screenshot - {}
RESULT: {}
COMMAND: POST /session/b1e904011ad8e22b26328390ecfe3dd0/element - {"using":"xpath","value":"//span[contains(text(), \"0001 - TB(exact month + cal_days)\")]"}
RESULT: {"using":"xpath","value":"//span[contains(text(), \"0001 - TB(exact month + cal_days)\")]"}
COMMAND: POST /session/b1e904011ad8e22b26328390ecfe3dd0/element/f.CA0320F3C4D5DF4C38F9949593A05479.d.4B384C5F48A5819ECE33BFDFBC7F108E.e.2839/click - {}
RESULT: {}
COMMAND: GET /session/b1e904011ad8e22b26328390ecfe3dd0/screenshot - {}
RESULT: {}
COMMAND: POST /session/b1e904011ad8e22b26328390ecfe3dd0/element - {"using":"xpath","value":"//button[@data-kt=\"saveNewRuleButton\"]"}
RESULT: {"using":"xpath","value":"//button[@data-kt=\"saveNewRuleButton\"]"}
COMMAND: POST /session/b1e904011ad8e22b26328390ecfe3dd0/element/f.CA0320F3C4D5DF4C38F9949593A05479.d.4B384C5F48A5819ECE33BFDFBC7F108E.e.2840/click - {}
RESULT: {}
COMMAND: GET /session/b1e904011ad8e22b26328390ecfe3dd0/screenshot - {}
RESULT: {}
COMMAND: POST /session/b1e904011ad8e22b26328390ecfe3dd0/execute/async - {"script":"<script> [1562 bytes]","args":[{"selector":{"id":"application-managepricingrules-display-component---priceInfoItem--smartFilterBar-btnBasicSearch","interaction":{"idSuffix":"I"}},"wdio_ui5_key":"applicationmanagepricingrules-display-component---priceInfoItem--smartFilterBar-btnBasicSearch"}]}
RESULT: {"script":"<script> [1562 bytes]","args":[{"selector":{"id":"application-managepricingrules-display-component---priceInfoItem--smartFilterBar-btnBasicSearch","interaction":{"idSuffix":"I"}},"wdio_ui5_key":"applicationmanagepricingrules-display-component---priceInfoItem--smartFilterBar-btnBasicSearch"}]}
RESULT: undefined
COMMAND: POST /session/b1e904011ad8e22b26328390ecfe3dd0/execute/async - {"script":"<script> [776 bytes]","args":[{"enterText":"iuByiGQC4O","selector":{"id":"application-managepricingrules-display-component---priceInfoItem--smartFilterBar-btnBasicSearch","interaction":{"idSuffix":"I"}},"clearTextFirst":true,"interactionType":"ENTER_TEXT"}]}
RESULT: {"script":"<script> [776 bytes]","args":[{"enterText":"iuByiGQC4O","selector":{"id":"application-managepricingrules-display-component---priceInfoItem--smartFilterBar-btnBasicSearch","interaction":{"idSuffix":"I"}},"clearTextFirst":true,"interactionType":"ENTER_TEXT"}]}
COMMAND: POST /session/b1e904011ad8e22b26328390ecfe3dd0/actions - {"actions":[{"id":"action10","type":"key","parameters":{},"actions":[{"type":"keyDown","value":""},{"type":"pause","duration":10},{"type":"keyUp","value":""}]}]}
RESULT: {"actions":[{"id":"action10","type":"key","parameters":{},"actions":[{"type":"keyDown","value":""},{"type":"pause","duration":10},{"type":"keyUp","value":""}]}]}
COMMAND: GET /session/b1e904011ad8e22b26328390ecfe3dd0/screenshot - {}
RESULT: {}
COMMAND: POST /session/b1e904011ad8e22b26328390ecfe3dd0/element - {"using":"xpath","value":"//span[@id=\"application-managepricingrules-display-component---priceInfoItem--smartTable-header-inner\"]"}
RESULT: {"using":"xpath","value":"//span[@id=\"application-managepricingrules-display-component---priceInfoItem--smartTable-header-inner\"]"}
COMMAND: POST /session/b1e904011ad8e22b26328390ecfe3dd0/elements - {"using":"xpath","value":"//span[@id=\"application-managepricingrules-display-component---priceInfoItem--smartTable-header-inner\"]"}
RESULT: {"using":"xpath","value":"//span[@id=\"application-managepricingrules-display-component---priceInfoItem--smartTable-header-inner\"]"}
COMMAND: POST /session/b1e904011ad8e22b26328390ecfe3dd0/execute/sync - {"script":"<script> [56 bytes]","args":[{"element-6066-11e4-a52e-4f735466cecf":"f.CA0320F3C4D5DF4C38F9949593A05479.d.4B384C5F48A5819ECE33BFDFBC7F108E.e.2870","ELEMENT":"f.CA0320F3C4D5DF4C38F9949593A05479.d.4B384C5F48A5819ECE33BFDFBC7F108E.e.2870"}]}
RESULT: {"script":"<script> [56 bytes]","args":[{"element-6066-11e4-a52e-4f735466cecf":"f.CA0320F3C4D5DF4C38F9949593A05479.d.4B384C5F48A5819ECE33BFDFBC7F108E.e.2870","ELEMENT":"f.CA0320F3C4D5DF4C38F9949593A05479.d.4B384C5F48A5819ECE33BFDFBC7F108E.e.2870"}]}
COMMAND: POST /session/b1e904011ad8e22b26328390ecfe3dd0/element - {"using":"css selector","value":"#shell-header-logo"}
COMMAND: GET /session/b1e904011ad8e22b26328390ecfe3dd0/screenshot - {}
RESULT: {"using":"css selector","value":"#shell-header-logo"}
COMMAND: POST /session/b1e904011ad8e22b26328390ecfe3dd0/element/f.CA0320F3C4D5DF4C38F9949593A05479.d.4B384C5F48A5819ECE33BFDFBC7F108E.e.2434/click - {}
RESULT: {}
RESULT: {}
COMMAND: GET /session/b1e904011ad8e22b26328390ecfe3dd0/screenshot - {}
RESULT: {}
COMMAND: POST /session/b1e904011ad8e22b26328390ecfe3dd0/element - {"using":"css selector","value":"#j_username"}
COMMAND: POST /session/b1e904011ad8e22b26328390ecfe3dd0/url - {"url":"https://qa-testing-00-live-etm-ui.cfapps.eu10-004.hana.ondemand.com/"}
RESULT: {"using":"css selector","value":"#j_username"}
COMMAND: POST /session/b1e904011ad8e22b26328390ecfe3dd0/element - {"using":"css selector","value":"#j_username"}
RESULT: {"url":"https://qa-testing-00-live-etm-ui.cfapps.eu10-004.hana.ondemand.com/"}
RESULT: undefined
COMMAND: GET /session/b1e904011ad8e22b26328390ecfe3dd0/screenshot - {}
RESULT: {"using":"css selector","value":"#j_username"}
COMMAND: POST /session/b1e904011ad8e22b26328390ecfe3dd0/element - {"using":"css selector","value":"#shell-header-logo"}
RESULT: {}
RESULT: {"using":"css selector","value":"#shell-header-logo"}
COMMAND: POST /session/b1e904011ad8e22b26328390ecfe3dd0/execute/sync - {"script":"<script> [8489 bytes]","args":[{"element-6066-11e4-a52e-4f735466cecf":"f.CA0320F3C4D5DF4C38F9949593A05479.d.8D366B55F347956FDC5C831BF93278EA.e.2879","ELEMENT":"f.CA0320F3C4D5DF4C38F9949593A05479.d.8D366B55F347956FDC5C831BF93278EA.e.2879"}]}
RESULT: {"script":"<script> [8489 bytes]","args":[{"element-6066-11e4-a52e-4f735466cecf":"f.CA0320F3C4D5DF4C38F9949593A05479.d.8D366B55F347956FDC5C831BF93278EA.e.2879","ELEMENT":"f.CA0320F3C4D5DF4C38F9949593A05479.d.8D366B55F347956FDC5C831BF93278EA.e.2879"}]}
COMMAND: POST /session/b1e904011ad8e22b26328390ecfe3dd0/element - {"using":"css selector","value":"#shell-header-logo"}
COMMAND: GET /session/b1e904011ad8e22b26328390ecfe3dd0/screenshot - {}
RESULT: {"using":"css selector","value":"#shell-header-logo"}
COMMAND: POST /session/b1e904011ad8e22b26328390ecfe3dd0/execute/sync - {"script":"<script> [8489 bytes]","args":[{"element-6066-11e4-a52e-4f735466cecf":"f.CA0320F3C4D5DF4C38F9949593A05479.d.8D366B55F347956FDC5C831BF93278EA.e.2879","ELEMENT":"f.CA0320F3C4D5DF4C38F9949593A05479.d.8D366B55F347956FDC5C831BF93278EA.e.2879"}]}
RESULT: {}
RESULT: {"script":"<script> [8489 bytes]","args":[{"element-6066-11e4-a52e-4f735466cecf":"f.CA0320F3C4D5DF4C38F9949593A05479.d.8D366B55F347956FDC5C831BF93278EA.e.2879","ELEMENT":"f.CA0320F3C4D5DF4C38F9949593A05479.d.8D366B55F347956FDC5C831BF93278EA.e.2879"}]}
COMMAND: POST /session/b1e904011ad8e22b26328390ecfe3dd0/execute/sync - {"script":"<script> [5351 bytes]","args":[{"element-6066-11e4-a52e-4f735466cecf":"f.CA0320F3C4D5DF4C38F9949593A05479.d.8D366B55F347956FDC5C831BF93278EA.e.2879","ELEMENT":"f.CA0320F3C4D5DF4C38F9949593A05479.d.8D366B55F347956FDC5C831BF93278EA.e.2879"}]}
COMMAND: GET /session/b1e904011ad8e22b26328390ecfe3dd0/screenshot - {}
RESULT: {"script":"<script> [5351 bytes]","args":[{"element-6066-11e4-a52e-4f735466cecf":"f.CA0320F3C4D5DF4C38F9949593A05479.d.8D366B55F347956FDC5C831BF93278EA.e.2879","ELEMENT":"f.CA0320F3C4D5DF4C38F9949593A05479.d.8D366B55F347956FDC5C831BF93278EA.e.2879"}]}
COMMAND: POST /session/b1e904011ad8e22b26328390ecfe3dd0/element - {"using":"css selector","value":"#shell-header-logo"}
COMMAND: GET /session/b1e904011ad8e22b26328390ecfe3dd0/screenshot - {}
RESULT: {}
RESULT: {"using":"css selector","value":"#shell-header-logo"}
COMMAND: POST /session/b1e904011ad8e22b26328390ecfe3dd0/element/f.CA0320F3C4D5DF4C38F9949593A05479.d.8D366B55F347956FDC5C831BF93278EA.e.2879/click - {}
RESULT: {}
RESULT: {}
COMMAND: GET /session/b1e904011ad8e22b26328390ecfe3dd0/screenshot - {}
RESULT: {}
COMMAND: POST /session/b1e904011ad8e22b26328390ecfe3dd0/execute/async - {"script":"<script> [189 bytes]","args":[]}
RESULT: {"script":"<script> [189 bytes]","args":[]}
COMMAND: POST /session/b1e904011ad8e22b26328390ecfe3dd0/execute/async - {"script":"<script> [123 bytes]","args":[]}
RESULT: {"script":"<script> [123 bytes]","args":[]}
COMMAND: POST /session/b1e904011ad8e22b26328390ecfe3dd0/timeouts - {"script":"<number>"}
RESULT: {"script":"<number>"}
COMMAND: GET /session/b1e904011ad8e22b26328390ecfe3dd0/timeouts - {}
RESULT: {}
RESULT: undefined
COMMAND: POST /session/b1e904011ad8e22b26328390ecfe3dd0/execute/async - {"script":"<script> [2676 bytes]","args":[]}
RESULT: {"script":"<script> [2676 bytes]","args":[]}
COMMAND: POST /session/b1e904011ad8e22b26328390ecfe3dd0/execute/async - {"script":"<script> [2342 bytes]","args":[{"protocol":"http","hostname":"0.0.0.0","path":"/","capabilities":{"browserName":"chrome","goog:chromeOptions":{"binary":"C:\\Program Files\\Google\\Chrome\\Application\\chrome.exe","args":["--start-maximized"]}},"logLevel":"warn","connectionRetryTimeout":120000,"connectionRetryCount":3,"logLevels":{},"enableDirectConnect":true,"strictSSL":true,"_":"65 more keys: [\"cacheDir\",\"port\",\"requestedCapabilities\",\"automationProtocol\",\"baseUrl\",\"waitforInterval\",\"waitforTimeout\",\"onReload\",\"beforeCommand\",\"afterCommand\",\"rootDir\",\"specs\",\"suites\",\"exclude\",\"groupLogsByTestSpec\",\"excludeDriverLogs\",\"bail\",\"framework\",\"reporters\",\"services\",\"maxInstances\",\"maxInstancesPerCapability\",\"injectGlobals\",\"filesToWatch\",\"execArgv\",\"runnerEnv\",\"runner\",\"shard\",\"specFileRetries\",\"specFileRetriesDelay\",\"specFileRetriesDeferred\",\"reporterSyncInterval\",\"reporterSyncTimeout\",\"cucumberFeaturesWithLineNumbers\",\"autoCompileOpts\",\"mochaOpts\",\"jasmineOpts\",\"cucumberOpts\",\"onPrepare\",\"onWorkerStart\",\"onWorkerEnd\",\"before\",\"beforeSession\",\"beforeSuite\",\"beforeHook\",\"beforeTest\",\"afterTest\",\"afterHook\",\"afterSuite\",\"afterSession\",\"after\",\"onComplete\",\"beforeAssertion\",\"afterAssertion\",\"beforeFeature\",\"beforeScenario\",\"beforeStep\",\"afterStep\",\"afterScenario\",\"afterFeature\",\"_\",\"suite\",\"$0\",\"ignoredWorkerServices\",\"wdi5\"]"}]}
RESULT: {"script":"<script> [2342 bytes]","args":[{"protocol":"http","hostname":"0.0.0.0","path":"/","capabilities":{"browserName":"chrome","goog:chromeOptions":{"binary":"C:\\Program Files\\Google\\Chrome\\Application\\chrome.exe","args":["--start-maximized"]}},"logLevel":"warn","connectionRetryTimeout":120000,"connectionRetryCount":3,"logLevels":{},"enableDirectConnect":true,"strictSSL":true,"_":"65 more keys: [\"cacheDir\",\"port\",\"requestedCapabilities\",\"automationProtocol\",\"baseUrl\",\"waitforInterval\",\"waitforTimeout\",\"onReload\",\"beforeCommand\",\"afterCommand\",\"rootDir\",\"specs\",\"suites\",\"exclude\",\"groupLogsByTestSpec\",\"excludeDriverLogs\",\"bail\",\"framework\",\"reporters\",\"services\",\"maxInstances\",\"maxInstancesPerCapability\",\"injectGlobals\",\"filesToWatch\",\"execArgv\",\"runnerEnv\",\"runner\",\"shard\",\"specFileRetries\",\"specFileRetriesDelay\",\"specFileRetriesDeferred\",\"reporterSyncInterval\",\"reporterSyncTimeout\",\"cucumberFeaturesWithLineNumbers\",\"autoCompileOpts\",\"mochaOpts\",\"jasmineOpts\",\"cucumberOpts\",\"onPrepare\",\"onWorkerStart\",\"onWorkerEnd\",\"before\",\"beforeSession\",\"beforeSuite\",\"beforeHook\",\"beforeTest\",\"afterTest\",\"afterHook\",\"afterSuite\",\"afterSession\",\"after\",\"onComplete\",\"beforeAssertion\",\"afterAssertion\",\"beforeFeature\",\"beforeScenario\",\"beforeStep\",\"afterStep\",\"afterScenario\",\"afterFeature\",\"_\",\"suite\",\"$0\",\"ignoredWorkerServices\",\"wdi5\"]"}]}
COMMAND: POST /session/b1e904011ad8e22b26328390ecfe3dd0/execute/async - {"script":"<script> [21126 bytes]","args":[35000]}
RESULT: {"script":"<script> [21126 bytes]","args":[35000]}
COMMAND: POST /session/b1e904011ad8e22b26328390ecfe3dd0/window/maximize - {}
RESULT: {}
COMMAND: POST /session/b1e904011ad8e22b26328390ecfe3dd0/execute/async - {"script":"<script> [1562 bytes]","args":[{"selector":{"id":"shell-header","interaction":{"idSuffix":"icon"}},"wdio_ui5_key":"shellheader"}]}
COMMAND: GET /session/b1e904011ad8e22b26328390ecfe3dd0/screenshot - {}
RESULT: {"script":"<script> [1562 bytes]","args":[{"selector":{"id":"shell-header","interaction":{"idSuffix":"icon"}},"wdio_ui5_key":"shellheader"}]}
RESULT: undefined
COMMAND: POST /session/b1e904011ad8e22b26328390ecfe3dd0/refresh - {}
RESULT: {}
RESULT: {}
COMMAND: GET /session/b1e904011ad8e22b26328390ecfe3dd0/screenshot - {}
RESULT: {}
COMMAND: POST /session/b1e904011ad8e22b26328390ecfe3dd0/refresh - {}
RESULT: {}
COMMAND: GET /session/b1e904011ad8e22b26328390ecfe3dd0/screenshot - {}
RESULT: {}
COMMAND: POST /session/b1e904011ad8e22b26328390ecfe3dd0/window/fullscreen - {}
RESULT: {}
COMMAND: POST /session/b1e904011ad8e22b26328390ecfe3dd0/execute/async - {"script":"<script> [189 bytes]","args":[]}
RESULT: {"script":"<script> [189 bytes]","args":[]}
COMMAND: POST /session/b1e904011ad8e22b26328390ecfe3dd0/execute/async - {"script":"<script> [123 bytes]","args":[]}
RESULT: {"script":"<script> [123 bytes]","args":[]}
COMMAND: POST /session/b1e904011ad8e22b26328390ecfe3dd0/timeouts - {"script":"<number>"}
RESULT: {"script":"<number>"}
COMMAND: GET /session/b1e904011ad8e22b26328390ecfe3dd0/timeouts - {}
RESULT: {}
RESULT: undefined
COMMAND: POST /session/b1e904011ad8e22b26328390ecfe3dd0/execute/async - {"script":"<script> [2676 bytes]","args":[]}
RESULT: {"script":"<script> [2676 bytes]","args":[]}
COMMAND: POST /session/b1e904011ad8e22b26328390ecfe3dd0/execute/async - {"script":"<script> [2342 bytes]","args":[{"protocol":"http","hostname":"0.0.0.0","path":"/","capabilities":{"browserName":"chrome","goog:chromeOptions":{"binary":"C:\\Program Files\\Google\\Chrome\\Application\\chrome.exe","args":["--start-maximized"]}},"logLevel":"warn","connectionRetryTimeout":120000,"connectionRetryCount":3,"logLevels":{},"enableDirectConnect":true,"strictSSL":true,"_":"65 more keys: [\"cacheDir\",\"port\",\"requestedCapabilities\",\"automationProtocol\",\"baseUrl\",\"waitforInterval\",\"waitforTimeout\",\"onReload\",\"beforeCommand\",\"afterCommand\",\"rootDir\",\"specs\",\"suites\",\"exclude\",\"groupLogsByTestSpec\",\"excludeDriverLogs\",\"bail\",\"framework\",\"reporters\",\"services\",\"maxInstances\",\"maxInstancesPerCapability\",\"injectGlobals\",\"filesToWatch\",\"execArgv\",\"runnerEnv\",\"runner\",\"shard\",\"specFileRetries\",\"specFileRetriesDelay\",\"specFileRetriesDeferred\",\"reporterSyncInterval\",\"reporterSyncTimeout\",\"cucumberFeaturesWithLineNumbers\",\"autoCompileOpts\",\"mochaOpts\",\"jasmineOpts\",\"cucumberOpts\",\"onPrepare\",\"onWorkerStart\",\"onWorkerEnd\",\"before\",\"beforeSession\",\"beforeSuite\",\"beforeHook\",\"beforeTest\",\"afterTest\",\"afterHook\",\"afterSuite\",\"afterSession\",\"after\",\"onComplete\",\"beforeAssertion\",\"afterAssertion\",\"beforeFeature\",\"beforeScenario\",\"beforeStep\",\"afterStep\",\"afterScenario\",\"afterFeature\",\"_\",\"suite\",\"$0\",\"ignoredWorkerServices\",\"wdi5\"]"}]}
RESULT: {"script":"<script> [2342 bytes]","args":[{"protocol":"http","hostname":"0.0.0.0","path":"/","capabilities":{"browserName":"chrome","goog:chromeOptions":{"binary":"C:\\Program Files\\Google\\Chrome\\Application\\chrome.exe","args":["--start-maximized"]}},"logLevel":"warn","connectionRetryTimeout":120000,"connectionRetryCount":3,"logLevels":{},"enableDirectConnect":true,"strictSSL":true,"_":"65 more keys: [\"cacheDir\",\"port\",\"requestedCapabilities\",\"automationProtocol\",\"baseUrl\",\"waitforInterval\",\"waitforTimeout\",\"onReload\",\"beforeCommand\",\"afterCommand\",\"rootDir\",\"specs\",\"suites\",\"exclude\",\"groupLogsByTestSpec\",\"excludeDriverLogs\",\"bail\",\"framework\",\"reporters\",\"services\",\"maxInstances\",\"maxInstancesPerCapability\",\"injectGlobals\",\"filesToWatch\",\"execArgv\",\"runnerEnv\",\"runner\",\"shard\",\"specFileRetries\",\"specFileRetriesDelay\",\"specFileRetriesDeferred\",\"reporterSyncInterval\",\"reporterSyncTimeout\",\"cucumberFeaturesWithLineNumbers\",\"autoCompileOpts\",\"mochaOpts\",\"jasmineOpts\",\"cucumberOpts\",\"onPrepare\",\"onWorkerStart\",\"onWorkerEnd\",\"before\",\"beforeSession\",\"beforeSuite\",\"beforeHook\",\"beforeTest\",\"afterTest\",\"afterHook\",\"afterSuite\",\"afterSession\",\"after\",\"onComplete\",\"beforeAssertion\",\"afterAssertion\",\"beforeFeature\",\"beforeScenario\",\"beforeStep\",\"afterStep\",\"afterScenario\",\"afterFeature\",\"_\",\"suite\",\"$0\",\"ignoredWorkerServices\",\"wdi5\"]"}]}
COMMAND: POST /session/b1e904011ad8e22b26328390ecfe3dd0/execute/async - {"script":"<script> [21126 bytes]","args":[35000]}
RESULT: {"script":"<script> [21126 bytes]","args":[35000]}
]]></system-out>
    </testcase>
  </testsuite>
  <testsuite timestamp="2025-05-29T17:04:44" time="513.775" tests="6" failures="1" errors="1" skipped="0">
    <properties>
      <property name="specId" value="0"/>
      <property name="suiteName" value="Edit and delete daily price US134629 US134627"/>
      <property name="capabilities" value="chrome.136_0_7103_93.windows"/>
      <property name="file" value="file:///D:/a/1/s/test/specs/BTS/conditions-prices-daily-price.spec.js"/>
    </properties>
    <testcase classname="chrome.136_0_7103_93.windows.Edit_and_delete_daily_price_US134629_US134627" name="Should create a new yard used for all following tests" time="0.224">
      <system-out><![CDATA[
COMMAND: POST /session/b1e904011ad8e22b26328390ecfe3dd0/window/fullscreen - {}
RESULT: {}
]]></system-out>
    </testcase>
    <testcase classname="chrome.136_0_7103_93.windows.Edit_and_delete_daily_price_US134629_US134627" name="Should create a new partner" time="145.193">
      <system-out><![CDATA[
COMMAND: POST /session/b1e904011ad8e22b26328390ecfe3dd0/window/fullscreen - {}
RESULT: {}
COMMAND: POST /session/b1e904011ad8e22b26328390ecfe3dd0/execute/async - {"script":"<script> [1562 bytes]","args":[{"selector":{"controlType":"sap.m.GenericTile","properties":{"header":"Manage Partners"}},"wdio_ui5_key":"sapm.GenericTile{\"header\":\"Manage Partners\"}"}]}
RESULT: {"script":"<script> [1562 bytes]","args":[{"selector":{"controlType":"sap.m.GenericTile","properties":{"header":"Manage Partners"}},"wdio_ui5_key":"sapm.GenericTile{\"header\":\"Manage Partners\"}"}]}
RESULT: undefined
COMMAND: POST /session/b1e904011ad8e22b26328390ecfe3dd0/element - {"using":"xpath","value":"//*[@id=\"__tile38\"]"}
RESULT: {"using":"xpath","value":"//*[@id=\"__tile38\"]"}
COMMAND: POST /session/b1e904011ad8e22b26328390ecfe3dd0/element/f.CA0320F3C4D5DF4C38F9949593A05479.d.A19D80F6BAE2187ABEF569642FAE92AE.e.3041/click - {}
RESULT: {}
COMMAND: GET /session/b1e904011ad8e22b26328390ecfe3dd0/screenshot - {}
RESULT: {}
COMMAND: POST /session/b1e904011ad8e22b26328390ecfe3dd0/elements - {"using":"xpath","value":"//span[text()='Error']"}
RESULT: {"using":"xpath","value":"//span[text()='Error']"}
COMMAND: POST /session/b1e904011ad8e22b26328390ecfe3dd0/element - {"using":"xpath","value":"//button[@data-kt=\"addButton\"]"}
RESULT: {"using":"xpath","value":"//button[@data-kt=\"addButton\"]"}
COMMAND: POST /session/b1e904011ad8e22b26328390ecfe3dd0/elements - {"using":"xpath","value":"//button[@data-kt=\"addButton\"]"}
RESULT: {"using":"xpath","value":"//button[@data-kt=\"addButton\"]"}
COMMAND: POST /session/b1e904011ad8e22b26328390ecfe3dd0/elements - {"using":"xpath","value":"//button[@data-kt=\"addButton\"]"}
RESULT: {"using":"xpath","value":"//button[@data-kt=\"addButton\"]"}
COMMAND: POST /session/b1e904011ad8e22b26328390ecfe3dd0/elements - {"using":"xpath","value":"//button[@data-kt=\"addButton\"]"}
RESULT: {"using":"xpath","value":"//button[@data-kt=\"addButton\"]"}
COMMAND: POST /session/b1e904011ad8e22b26328390ecfe3dd0/elements - {"using":"xpath","value":"//button[@data-kt=\"addButton\"]"}
RESULT: {"using":"xpath","value":"//button[@data-kt=\"addButton\"]"}
COMMAND: POST /session/b1e904011ad8e22b26328390ecfe3dd0/element - {"using":"xpath","value":"//button[@data-kt=\"addButton\"]"}
RESULT: {"using":"xpath","value":"//button[@data-kt=\"addButton\"]"}
COMMAND: POST /session/b1e904011ad8e22b26328390ecfe3dd0/execute/sync - {"script":"<script> [8489 bytes]","args":[{"element-6066-11e4-a52e-4f735466cecf":"f.CA0320F3C4D5DF4C38F9949593A05479.d.A19D80F6BAE2187ABEF569642FAE92AE.e.3191","ELEMENT":"f.CA0320F3C4D5DF4C38F9949593A05479.d.A19D80F6BAE2187ABEF569642FAE92AE.e.3191"}]}
RESULT: {"script":"<script> [8489 bytes]","args":[{"element-6066-11e4-a52e-4f735466cecf":"f.CA0320F3C4D5DF4C38F9949593A05479.d.A19D80F6BAE2187ABEF569642FAE92AE.e.3191","ELEMENT":"f.CA0320F3C4D5DF4C38F9949593A05479.d.A19D80F6BAE2187ABEF569642FAE92AE.e.3191"}]}
COMMAND: GET /session/b1e904011ad8e22b26328390ecfe3dd0/element/f.CA0320F3C4D5DF4C38F9949593A05479.d.A19D80F6BAE2187ABEF569642FAE92AE.e.3191/enabled - {}
COMMAND: GET /session/b1e904011ad8e22b26328390ecfe3dd0/screenshot - {}
RESULT: {}
COMMAND: POST /session/b1e904011ad8e22b26328390ecfe3dd0/execute/sync - {"script":"<script> [8489 bytes]","args":[{"element-6066-11e4-a52e-4f735466cecf":"f.CA0320F3C4D5DF4C38F9949593A05479.d.A19D80F6BAE2187ABEF569642FAE92AE.e.3191","ELEMENT":"f.CA0320F3C4D5DF4C38F9949593A05479.d.A19D80F6BAE2187ABEF569642FAE92AE.e.3191"}]}
COMMAND: GET /session/b1e904011ad8e22b26328390ecfe3dd0/screenshot - {}
RESULT: {}
RESULT: {"script":"<script> [8489 bytes]","args":[{"element-6066-11e4-a52e-4f735466cecf":"f.CA0320F3C4D5DF4C38F9949593A05479.d.A19D80F6BAE2187ABEF569642FAE92AE.e.3191","ELEMENT":"f.CA0320F3C4D5DF4C38F9949593A05479.d.A19D80F6BAE2187ABEF569642FAE92AE.e.3191"}]}
COMMAND: POST /session/b1e904011ad8e22b26328390ecfe3dd0/execute/sync - {"script":"<script> [5351 bytes]","args":[{"element-6066-11e4-a52e-4f735466cecf":"f.CA0320F3C4D5DF4C38F9949593A05479.d.A19D80F6BAE2187ABEF569642FAE92AE.e.3191","ELEMENT":"f.CA0320F3C4D5DF4C38F9949593A05479.d.A19D80F6BAE2187ABEF569642FAE92AE.e.3191"}]}
COMMAND: GET /session/b1e904011ad8e22b26328390ecfe3dd0/screenshot - {}
RESULT: {}
RESULT: {"script":"<script> [5351 bytes]","args":[{"element-6066-11e4-a52e-4f735466cecf":"f.CA0320F3C4D5DF4C38F9949593A05479.d.A19D80F6BAE2187ABEF569642FAE92AE.e.3191","ELEMENT":"f.CA0320F3C4D5DF4C38F9949593A05479.d.A19D80F6BAE2187ABEF569642FAE92AE.e.3191"}]}
COMMAND: POST /session/b1e904011ad8e22b26328390ecfe3dd0/element/f.CA0320F3C4D5DF4C38F9949593A05479.d.A19D80F6BAE2187ABEF569642FAE92AE.e.3191/click - {}
COMMAND: GET /session/b1e904011ad8e22b26328390ecfe3dd0/screenshot - {}
RESULT: {}
RESULT: {}
COMMAND: GET /session/b1e904011ad8e22b26328390ecfe3dd0/screenshot - {}
RESULT: {}
RESULT: {}
COMMAND: POST /session/b1e904011ad8e22b26328390ecfe3dd0/execute/async - {"script":"<script> [1562 bytes]","args":[{"selector":{"id":"application-managepartners-display-component---NewPartner--addressDetailDetailsName1","interaction":{"idSuffix":"inner"}},"wdio_ui5_key":"applicationmanagepartners-display-component---NewPartner--addressDetailDetailsName1"}]}
RESULT: {"script":"<script> [1562 bytes]","args":[{"selector":{"id":"application-managepartners-display-component---NewPartner--addressDetailDetailsName1","interaction":{"idSuffix":"inner"}},"wdio_ui5_key":"applicationmanagepartners-display-component---NewPartner--addressDetailDetailsName1"}]}
RESULT: undefined
COMMAND: POST /session/b1e904011ad8e22b26328390ecfe3dd0/execute/async - {"script":"<script> [776 bytes]","args":[{"enterText":"DailyPrice Partner WDIO","selector":{"id":"application-managepartners-display-component---NewPartner--addressDetailDetailsName1","interaction":{"idSuffix":"inner"}},"clearTextFirst":true,"interactionType":"ENTER_TEXT"}]}
RESULT: {"script":"<script> [776 bytes]","args":[{"enterText":"DailyPrice Partner WDIO","selector":{"id":"application-managepartners-display-component---NewPartner--addressDetailDetailsName1","interaction":{"idSuffix":"inner"}},"clearTextFirst":true,"interactionType":"ENTER_TEXT"}]}
COMMAND: POST /session/b1e904011ad8e22b26328390ecfe3dd0/execute/async - {"script":"<script> [1562 bytes]","args":[{"selector":{"id":"application-managepartners-display-component---NewPartner--addressDetailDetailsLanguage-arrow"},"wdio_ui5_key":"applicationmanagepartners-display-component---NewPartner--addressDetailDetailsLanguage-arrow"}]}
RESULT: {"script":"<script> [1562 bytes]","args":[{"selector":{"id":"application-managepartners-display-component---NewPartner--addressDetailDetailsLanguage-arrow"},"wdio_ui5_key":"applicationmanagepartners-display-component---NewPartner--addressDetailDetailsLanguage-arrow"}]}
RESULT: undefined
COMMAND: POST /session/b1e904011ad8e22b26328390ecfe3dd0/element - {"using":"xpath","value":"//*[@id=\"application-managepartners-display-component---NewPartner--addressDetailDetailsLanguage-arrow\"]"}
RESULT: {"using":"xpath","value":"//*[@id=\"application-managepartners-display-component---NewPartner--addressDetailDetailsLanguage-arrow\"]"}
COMMAND: POST /session/b1e904011ad8e22b26328390ecfe3dd0/element/f.CA0320F3C4D5DF4C38F9949593A05479.d.A19D80F6BAE2187ABEF569642FAE92AE.e.3647/click - {}
RESULT: {}
COMMAND: POST /session/b1e904011ad8e22b26328390ecfe3dd0/element - {"using":"xpath","value":"//span[contains(text(), \"English\")]"}
COMMAND: GET /session/b1e904011ad8e22b26328390ecfe3dd0/screenshot - {}
RESULT: {"using":"xpath","value":"//span[contains(text(), \"English\")]"}
COMMAND: POST /session/b1e904011ad8e22b26328390ecfe3dd0/element/f.CA0320F3C4D5DF4C38F9949593A05479.d.A19D80F6BAE2187ABEF569642FAE92AE.e.3648/click - {}
RESULT: {}
RESULT: {}
COMMAND: GET /session/b1e904011ad8e22b26328390ecfe3dd0/screenshot - {}
RESULT: {}
COMMAND: POST /session/b1e904011ad8e22b26328390ecfe3dd0/execute/async - {"script":"<script> [1562 bytes]","args":[{"selector":{"id":"application-managepartners-display-component---NewPartner--addressDetailDetailsCity1","interaction":{"idSuffix":"inner"}},"wdio_ui5_key":"applicationmanagepartners-display-component---NewPartner--addressDetailDetailsCity1"}]}
RESULT: {"script":"<script> [1562 bytes]","args":[{"selector":{"id":"application-managepartners-display-component---NewPartner--addressDetailDetailsCity1","interaction":{"idSuffix":"inner"}},"wdio_ui5_key":"applicationmanagepartners-display-component---NewPartner--addressDetailDetailsCity1"}]}
RESULT: undefined
COMMAND: POST /session/b1e904011ad8e22b26328390ecfe3dd0/execute/async - {"script":"<script> [776 bytes]","args":[{"enterText":"Rosario","selector":{"id":"application-managepartners-display-component---NewPartner--addressDetailDetailsCity1","interaction":{"idSuffix":"inner"}},"clearTextFirst":true,"interactionType":"ENTER_TEXT"}]}
RESULT: {"script":"<script> [776 bytes]","args":[{"enterText":"Rosario","selector":{"id":"application-managepartners-display-component---NewPartner--addressDetailDetailsCity1","interaction":{"idSuffix":"inner"}},"clearTextFirst":true,"interactionType":"ENTER_TEXT"}]}
COMMAND: POST /session/b1e904011ad8e22b26328390ecfe3dd0/execute/async - {"script":"<script> [1562 bytes]","args":[{"selector":{"id":"application-managepartners-display-component---NewPartner--addressDetailDetailsCountry-arrow"},"wdio_ui5_key":"applicationmanagepartners-display-component---NewPartner--addressDetailDetailsCountry-arrow"}]}
RESULT: {"script":"<script> [1562 bytes]","args":[{"selector":{"id":"application-managepartners-display-component---NewPartner--addressDetailDetailsCountry-arrow"},"wdio_ui5_key":"applicationmanagepartners-display-component---NewPartner--addressDetailDetailsCountry-arrow"}]}
RESULT: undefined
COMMAND: POST /session/b1e904011ad8e22b26328390ecfe3dd0/element - {"using":"xpath","value":"//*[@id=\"application-managepartners-display-component---NewPartner--addressDetailDetailsCountry-arrow\"]"}
RESULT: {"using":"xpath","value":"//*[@id=\"application-managepartners-display-component---NewPartner--addressDetailDetailsCountry-arrow\"]"}
COMMAND: POST /session/b1e904011ad8e22b26328390ecfe3dd0/element/f.CA0320F3C4D5DF4C38F9949593A05479.d.A19D80F6BAE2187ABEF569642FAE92AE.e.3634/click - {}
RESULT: {}
COMMAND: POST /session/b1e904011ad8e22b26328390ecfe3dd0/element - {"using":"xpath","value":"//span[contains(text(), \"Argentina\")]"}
COMMAND: GET /session/b1e904011ad8e22b26328390ecfe3dd0/screenshot - {}
RESULT: {"using":"xpath","value":"//span[contains(text(), \"Argentina\")]"}
COMMAND: POST /session/b1e904011ad8e22b26328390ecfe3dd0/element/f.CA0320F3C4D5DF4C38F9949593A05479.d.A19D80F6BAE2187ABEF569642FAE92AE.e.3650/click - {}
RESULT: {}
RESULT: {}
COMMAND: GET /session/b1e904011ad8e22b26328390ecfe3dd0/screenshot - {}
RESULT: {}
COMMAND: POST /session/b1e904011ad8e22b26328390ecfe3dd0/element - {"using":"xpath","value":"//bdi[contains(text(), \"Commercial\")]"}
RESULT: {"using":"xpath","value":"//bdi[contains(text(), \"Commercial\")]"}
COMMAND: POST /session/b1e904011ad8e22b26328390ecfe3dd0/element/f.CA0320F3C4D5DF4C38F9949593A05479.d.A19D80F6BAE2187ABEF569642FAE92AE.e.3651/click - {}
RESULT: {}
COMMAND: GET /session/b1e904011ad8e22b26328390ecfe3dd0/screenshot - {}
RESULT: {}
COMMAND: POST /session/b1e904011ad8e22b26328390ecfe3dd0/execute/async - {"script":"<script> [1562 bytes]","args":[{"selector":{"id":"application-managepartners-display-component---NewPartner--partnerDetailInternal-arrow"},"wdio_ui5_key":"applicationmanagepartners-display-component---NewPartner--partnerDetailInternal-arrow"}]}
RESULT: {"script":"<script> [1562 bytes]","args":[{"selector":{"id":"application-managepartners-display-component---NewPartner--partnerDetailInternal-arrow"},"wdio_ui5_key":"applicationmanagepartners-display-component---NewPartner--partnerDetailInternal-arrow"}]}
RESULT: undefined
COMMAND: POST /session/b1e904011ad8e22b26328390ecfe3dd0/element - {"using":"xpath","value":"//*[@id=\"application-managepartners-display-component---NewPartner--partnerDetailInternal-arrow\"]"}
RESULT: {"using":"xpath","value":"//*[@id=\"application-managepartners-display-component---NewPartner--partnerDetailInternal-arrow\"]"}
COMMAND: POST /session/b1e904011ad8e22b26328390ecfe3dd0/element/f.CA0320F3C4D5DF4C38F9949593A05479.d.A19D80F6BAE2187ABEF569642FAE92AE.e.3657/click - {}
RESULT: {}
COMMAND: POST /session/b1e904011ad8e22b26328390ecfe3dd0/element - {"using":"xpath","value":"//span[contains(text(), \"Affiliated company\")]"}
COMMAND: GET /session/b1e904011ad8e22b26328390ecfe3dd0/screenshot - {}
RESULT: {"using":"xpath","value":"//span[contains(text(), \"Affiliated company\")]"}
COMMAND: POST /session/b1e904011ad8e22b26328390ecfe3dd0/element/f.CA0320F3C4D5DF4C38F9949593A05479.d.A19D80F6BAE2187ABEF569642FAE92AE.e.3658/click - {}
RESULT: {}
RESULT: {}
COMMAND: POST /session/b1e904011ad8e22b26328390ecfe3dd0/execute/async - {"script":"<script> [1562 bytes]","args":[{"selector":{"id":"application-managepartners-display-component---NewPartner--partnerDetailsCurrency-arrow"},"wdio_ui5_key":"applicationmanagepartners-display-component---NewPartner--partnerDetailsCurrency-arrow"}]}
COMMAND: GET /session/b1e904011ad8e22b26328390ecfe3dd0/screenshot - {}
RESULT: {"script":"<script> [1562 bytes]","args":[{"selector":{"id":"application-managepartners-display-component---NewPartner--partnerDetailsCurrency-arrow"},"wdio_ui5_key":"applicationmanagepartners-display-component---NewPartner--partnerDetailsCurrency-arrow"}]}
RESULT: undefined
COMMAND: POST /session/b1e904011ad8e22b26328390ecfe3dd0/element - {"using":"xpath","value":"//*[@id=\"application-managepartners-display-component---NewPartner--partnerDetailsCurrency-arrow\"]"}
RESULT: {}
RESULT: {"using":"xpath","value":"//*[@id=\"application-managepartners-display-component---NewPartner--partnerDetailsCurrency-arrow\"]"}
COMMAND: POST /session/b1e904011ad8e22b26328390ecfe3dd0/element/f.CA0320F3C4D5DF4C38F9949593A05479.d.A19D80F6BAE2187ABEF569642FAE92AE.e.3665/click - {}
RESULT: {}
COMMAND: POST /session/b1e904011ad8e22b26328390ecfe3dd0/element - {"using":"xpath","value":"//span[contains(text(), \"Euro\")]"}
COMMAND: GET /session/b1e904011ad8e22b26328390ecfe3dd0/screenshot - {}
RESULT: {"using":"xpath","value":"//span[contains(text(), \"Euro\")]"}
COMMAND: POST /session/b1e904011ad8e22b26328390ecfe3dd0/element/f.CA0320F3C4D5DF4C38F9949593A05479.d.A19D80F6BAE2187ABEF569642FAE92AE.e.3666/click - {}
RESULT: {}
RESULT: {}
COMMAND: POST /session/b1e904011ad8e22b26328390ecfe3dd0/execute/async - {"script":"<script> [1562 bytes]","args":[{"selector":{"id":"application-managepartners-display-component---NewPartner--addressEditDetailsCostObjectCstType-arrow"},"wdio_ui5_key":"applicationmanagepartners-display-component---NewPartner--addressEditDetailsCostObjectCstType-arrow"}]}
COMMAND: GET /session/b1e904011ad8e22b26328390ecfe3dd0/screenshot - {}
RESULT: {"script":"<script> [1562 bytes]","args":[{"selector":{"id":"application-managepartners-display-component---NewPartner--addressEditDetailsCostObjectCstType-arrow"},"wdio_ui5_key":"applicationmanagepartners-display-component---NewPartner--addressEditDetailsCostObjectCstType-arrow"}]}
RESULT: undefined
COMMAND: POST /session/b1e904011ad8e22b26328390ecfe3dd0/element - {"using":"xpath","value":"//*[@id=\"application-managepartners-display-component---NewPartner--addressEditDetailsCostObjectCstType-arrow\"]"}
RESULT: {}
RESULT: {"using":"xpath","value":"//*[@id=\"application-managepartners-display-component---NewPartner--addressEditDetailsCostObjectCstType-arrow\"]"}
COMMAND: POST /session/b1e904011ad8e22b26328390ecfe3dd0/element/f.CA0320F3C4D5DF4C38F9949593A05479.d.A19D80F6BAE2187ABEF569642FAE92AE.e.3667/click - {}
RESULT: {}
COMMAND: POST /session/b1e904011ad8e22b26328390ecfe3dd0/element - {"using":"xpath","value":"//span[contains(text(), \"Cost Center\")]"}
COMMAND: GET /session/b1e904011ad8e22b26328390ecfe3dd0/screenshot - {}
RESULT: {"using":"xpath","value":"//span[contains(text(), \"Cost Center\")]"}
COMMAND: POST /session/b1e904011ad8e22b26328390ecfe3dd0/element/f.CA0320F3C4D5DF4C38F9949593A05479.d.A19D80F6BAE2187ABEF569642FAE92AE.e.3668/click - {}
RESULT: {}
RESULT: {}
COMMAND: GET /session/b1e904011ad8e22b26328390ecfe3dd0/screenshot - {}
RESULT: {}
COMMAND: POST /session/b1e904011ad8e22b26328390ecfe3dd0/element - {"using":"xpath","value":"//span[@id=\"application-managepartners-display-component---NewPartner--addressNewCostObjectCstID-vhi\"]"}
RESULT: {"using":"xpath","value":"//span[@id=\"application-managepartners-display-component---NewPartner--addressNewCostObjectCstID-vhi\"]"}
COMMAND: POST /session/b1e904011ad8e22b26328390ecfe3dd0/execute/sync - {"script":"<script> [8489 bytes]","args":[{"element-6066-11e4-a52e-4f735466cecf":"f.CA0320F3C4D5DF4C38F9949593A05479.d.A19D80F6BAE2187ABEF569642FAE92AE.e.3672","ELEMENT":"f.CA0320F3C4D5DF4C38F9949593A05479.d.A19D80F6BAE2187ABEF569642FAE92AE.e.3672"}]}
RESULT: {"script":"<script> [8489 bytes]","args":[{"element-6066-11e4-a52e-4f735466cecf":"f.CA0320F3C4D5DF4C38F9949593A05479.d.A19D80F6BAE2187ABEF569642FAE92AE.e.3672","ELEMENT":"f.CA0320F3C4D5DF4C38F9949593A05479.d.A19D80F6BAE2187ABEF569642FAE92AE.e.3672"}]}
COMMAND: POST /session/b1e904011ad8e22b26328390ecfe3dd0/execute/async - {"script":"<script> [1562 bytes]","args":[{"selector":{"id":"application-managepartners-display-component---NewPartner--addressNewCostObjectCstID-vhi"},"wdio_ui5_key":"applicationmanagepartners-display-component---NewPartner--addressNewCostObjectCstID-vhi"}]}
COMMAND: GET /session/b1e904011ad8e22b26328390ecfe3dd0/screenshot - {}
RESULT: {"script":"<script> [1562 bytes]","args":[{"selector":{"id":"application-managepartners-display-component---NewPartner--addressNewCostObjectCstID-vhi"},"wdio_ui5_key":"applicationmanagepartners-display-component---NewPartner--addressNewCostObjectCstID-vhi"}]}
RESULT: undefined
COMMAND: POST /session/b1e904011ad8e22b26328390ecfe3dd0/element - {"using":"xpath","value":"//*[@id=\"application-managepartners-display-component---NewPartner--addressNewCostObjectCstID-vhi\"]"}
RESULT: {}
RESULT: {"using":"xpath","value":"//*[@id=\"application-managepartners-display-component---NewPartner--addressNewCostObjectCstID-vhi\"]"}
COMMAND: POST /session/b1e904011ad8e22b26328390ecfe3dd0/element/f.CA0320F3C4D5DF4C38F9949593A05479.d.A19D80F6BAE2187ABEF569642FAE92AE.e.3672/click - {}
RESULT: {}
COMMAND: GET /session/b1e904011ad8e22b26328390ecfe3dd0/screenshot - {}
RESULT: {}
COMMAND: POST /session/b1e904011ad8e22b26328390ecfe3dd0/execute/async - {"script":"<script> [1562 bytes]","args":[{"selector":{"controlType":"sap.m.SearchField","properties":{"placeholder":"Search"},"searchOpenDialogs":true,"interaction":{"idSuffix":"I"}},"wdio_ui5_key":"sapm.SearchField{\"placeholder\":\"Search\"}"}]}
RESULT: {"script":"<script> [1562 bytes]","args":[{"selector":{"controlType":"sap.m.SearchField","properties":{"placeholder":"Search"},"searchOpenDialogs":true,"interaction":{"idSuffix":"I"}},"wdio_ui5_key":"sapm.SearchField{\"placeholder\":\"Search\"}"}]}
RESULT: undefined
COMMAND: POST /session/b1e904011ad8e22b26328390ecfe3dd0/execute/async - {"script":"<script> [776 bytes]","args":[{"enterText":"10001013","selector":{"controlType":"sap.m.SearchField","properties":{"placeholder":"Search"},"searchOpenDialogs":true,"interaction":{"idSuffix":"I"}},"clearTextFirst":true,"interactionType":"ENTER_TEXT"}]}
RESULT: {"script":"<script> [776 bytes]","args":[{"enterText":"10001013","selector":{"controlType":"sap.m.SearchField","properties":{"placeholder":"Search"},"searchOpenDialogs":true,"interaction":{"idSuffix":"I"}},"clearTextFirst":true,"interactionType":"ENTER_TEXT"}]}
COMMAND: POST /session/b1e904011ad8e22b26328390ecfe3dd0/actions - {"actions":[{"id":"action11","type":"key","parameters":{},"actions":[{"type":"keyDown","value":""},{"type":"pause","duration":10},{"type":"keyUp","value":""}]}]}
RESULT: {"actions":[{"id":"action11","type":"key","parameters":{},"actions":[{"type":"keyDown","value":""},{"type":"pause","duration":10},{"type":"keyUp","value":""}]}]}
COMMAND: GET /session/b1e904011ad8e22b26328390ecfe3dd0/screenshot - {}
RESULT: {}
COMMAND: POST /session/b1e904011ad8e22b26328390ecfe3dd0/element - {"using":"xpath","value":"//span[contains(text(), \"General Management\")]"}
RESULT: {"using":"xpath","value":"//span[contains(text(), \"General Management\")]"}
COMMAND: POST /session/b1e904011ad8e22b26328390ecfe3dd0/element/f.CA0320F3C4D5DF4C38F9949593A05479.d.A19D80F6BAE2187ABEF569642FAE92AE.e.3714/click - {}
RESULT: {}
COMMAND: GET /session/b1e904011ad8e22b26328390ecfe3dd0/screenshot - {}
RESULT: {}
COMMAND: POST /session/b1e904011ad8e22b26328390ecfe3dd0/element - {"using":"xpath","value":"//bdi[contains(text(), \"OK\")]"}
RESULT: {"using":"xpath","value":"//bdi[contains(text(), \"OK\")]"}
COMMAND: POST /session/b1e904011ad8e22b26328390ecfe3dd0/element/f.CA0320F3C4D5DF4C38F9949593A05479.d.A19D80F6BAE2187ABEF569642FAE92AE.e.3715/click - {}
RESULT: {}
COMMAND: GET /session/b1e904011ad8e22b26328390ecfe3dd0/screenshot - {}
RESULT: {}
COMMAND: POST /session/b1e904011ad8e22b26328390ecfe3dd0/element - {"using":"xpath","value":"//input[@id=\"application-managepartners-display-component---NewPartner--companyCodeComboBox-inner\"]"}
RESULT: {"using":"xpath","value":"//input[@id=\"application-managepartners-display-component---NewPartner--companyCodeComboBox-inner\"]"}
COMMAND: POST /session/b1e904011ad8e22b26328390ecfe3dd0/element/f.CA0320F3C4D5DF4C38F9949593A05479.d.A19D80F6BAE2187ABEF569642FAE92AE.e.3505/clear - {}
RESULT: {}
COMMAND: POST /session/b1e904011ad8e22b26328390ecfe3dd0/element/f.CA0320F3C4D5DF4C38F9949593A05479.d.A19D80F6BAE2187ABEF569642FAE92AE.e.3505/value - {"text":"C002"}
COMMAND: GET /session/b1e904011ad8e22b26328390ecfe3dd0/screenshot - {}
RESULT: {"text":"C002"}
COMMAND: GET /session/b1e904011ad8e22b26328390ecfe3dd0/screenshot - {}
RESULT: {}
RESULT: {}
COMMAND: POST /session/b1e904011ad8e22b26328390ecfe3dd0/element - {"using":"xpath","value":"//li[.//span[text()= \"C002\"]]"}
RESULT: {"using":"xpath","value":"//li[.//span[text()= \"C002\"]]"}
COMMAND: POST /session/b1e904011ad8e22b26328390ecfe3dd0/element/f.CA0320F3C4D5DF4C38F9949593A05479.d.A19D80F6BAE2187ABEF569642FAE92AE.e.3721/click - {}
RESULT: {}
COMMAND: GET /session/b1e904011ad8e22b26328390ecfe3dd0/screenshot - {}
RESULT: {}
COMMAND: POST /session/b1e904011ad8e22b26328390ecfe3dd0/execute/async - {"script":"<script> [1562 bytes]","args":[{"selector":{"id":"application-managepartners-display-component---NewPartner--btnAddTableRow-img"},"wdio_ui5_key":"applicationmanagepartners-display-component---NewPartner--btnAddTableRow-img"}]}
RESULT: {"script":"<script> [1562 bytes]","args":[{"selector":{"id":"application-managepartners-display-component---NewPartner--btnAddTableRow-img"},"wdio_ui5_key":"applicationmanagepartners-display-component---NewPartner--btnAddTableRow-img"}]}
RESULT: undefined
COMMAND: POST /session/b1e904011ad8e22b26328390ecfe3dd0/element - {"using":"xpath","value":"//*[@id=\"application-managepartners-display-component---NewPartner--btnAddTableRow-img\"]"}
RESULT: {"using":"xpath","value":"//*[@id=\"application-managepartners-display-component---NewPartner--btnAddTableRow-img\"]"}
COMMAND: POST /session/b1e904011ad8e22b26328390ecfe3dd0/element/f.CA0320F3C4D5DF4C38F9949593A05479.d.A19D80F6BAE2187ABEF569642FAE92AE.e.3722/click - {}
RESULT: {}
COMMAND: GET /session/b1e904011ad8e22b26328390ecfe3dd0/screenshot - {}
RESULT: {}
COMMAND: POST /session/b1e904011ad8e22b26328390ecfe3dd0/element - {"using":"xpath","value":"//input[@id=\"application-managepartners-display-component---NewPartner--assignmentYard-application-managepartners-display-component---NewPartner--assignmentsTable-0-inner\"]"}
RESULT: {"using":"xpath","value":"//input[@id=\"application-managepartners-display-component---NewPartner--assignmentYard-application-managepartners-display-component---NewPartner--assignmentsTable-0-inner\"]"}
COMMAND: POST /session/b1e904011ad8e22b26328390ecfe3dd0/element/f.CA0320F3C4D5DF4C38F9949593A05479.d.A19D80F6BAE2187ABEF569642FAE92AE.e.3725/clear - {}
RESULT: {}
COMMAND: POST /session/b1e904011ad8e22b26328390ecfe3dd0/element/f.CA0320F3C4D5DF4C38F9949593A05479.d.A19D80F6BAE2187ABEF569642FAE92AE.e.3725/value - {"text":"468"}
COMMAND: GET /session/b1e904011ad8e22b26328390ecfe3dd0/screenshot - {}
RESULT: {"text":"468"}
COMMAND: GET /session/b1e904011ad8e22b26328390ecfe3dd0/screenshot - {}
RESULT: {}
RESULT: {}
COMMAND: POST /session/b1e904011ad8e22b26328390ecfe3dd0/element - {"using":"xpath","value":"//li[.//span[text()='468']]"}
RESULT: {"using":"xpath","value":"//li[.//span[text()='468']]"}
COMMAND: POST /session/b1e904011ad8e22b26328390ecfe3dd0/element/f.CA0320F3C4D5DF4C38F9949593A05479.d.A19D80F6BAE2187ABEF569642FAE92AE.e.3734/click - {}
RESULT: {}
COMMAND: GET /session/b1e904011ad8e22b26328390ecfe3dd0/screenshot - {}
RESULT: {}
COMMAND: POST /session/b1e904011ad8e22b26328390ecfe3dd0/actions - {"actions":[{"id":"action12","type":"key","parameters":{},"actions":[{"type":"keyDown","value":""},{"type":"pause","duration":10},{"type":"keyUp","value":""}]}]}
RESULT: {"actions":[{"id":"action12","type":"key","parameters":{},"actions":[{"type":"keyDown","value":""},{"type":"pause","duration":10},{"type":"keyUp","value":""}]}]}
COMMAND: POST /session/b1e904011ad8e22b26328390ecfe3dd0/execute/async - {"script":"<script> [1562 bytes]","args":[{"selector":{"id":"application-managepartners-display-component---NewPartner--externalCustomerComboBox-application-managepartners-display-component---NewPartner--assignmentsTable-0-vhi"},"wdio_ui5_key":"applicationmanagepartners-display-component---NewPartner--externalCustomerComboBox-application-managepartners-display-component---NewPartner--assignmentsTable-0-vhi"}]}
COMMAND: GET /session/b1e904011ad8e22b26328390ecfe3dd0/screenshot - {}
RESULT: {"script":"<script> [1562 bytes]","args":[{"selector":{"id":"application-managepartners-display-component---NewPartner--externalCustomerComboBox-application-managepartners-display-component---NewPartner--assignmentsTable-0-vhi"},"wdio_ui5_key":"applicationmanagepartners-display-component---NewPartner--externalCustomerComboBox-application-managepartners-display-component---NewPartner--assignmentsTable-0-vhi"}]}
RESULT: undefined
COMMAND: POST /session/b1e904011ad8e22b26328390ecfe3dd0/element - {"using":"xpath","value":"//*[@id=\"application-managepartners-display-component---NewPartner--externalCustomerComboBox-application-managepartners-display-component---NewPartner--assignmentsTable-0-vhi\"]"}
RESULT: {}
RESULT: {"using":"xpath","value":"//*[@id=\"application-managepartners-display-component---NewPartner--externalCustomerComboBox-application-managepartners-display-component---NewPartner--assignmentsTable-0-vhi\"]"}
COMMAND: POST /session/b1e904011ad8e22b26328390ecfe3dd0/element/f.CA0320F3C4D5DF4C38F9949593A05479.d.A19D80F6BAE2187ABEF569642FAE92AE.e.3738/click - {}
RESULT: {}
RESULT: undefined
COMMAND: POST /session/b1e904011ad8e22b26328390ecfe3dd0/execute/async - {"script":"<script> [776 bytes]","args":[{"enterText":"300003","selector":{"controlType":"sap.m.SearchField","properties":{"placeholder":"Search"},"searchOpenDialogs":true,"interaction":{"idSuffix":"I"}},"clearTextFirst":true,"interactionType":"ENTER_TEXT"}]}
COMMAND: GET /session/b1e904011ad8e22b26328390ecfe3dd0/screenshot - {}
RESULT: {"script":"<script> [776 bytes]","args":[{"enterText":"300003","selector":{"controlType":"sap.m.SearchField","properties":{"placeholder":"Search"},"searchOpenDialogs":true,"interaction":{"idSuffix":"I"}},"clearTextFirst":true,"interactionType":"ENTER_TEXT"}]}
COMMAND: POST /session/b1e904011ad8e22b26328390ecfe3dd0/actions - {"actions":[{"id":"action13","type":"key","parameters":{},"actions":[{"type":"keyDown","value":""},{"type":"pause","duration":10},{"type":"keyUp","value":""}]}]}
RESULT: {}
RESULT: {"actions":[{"id":"action13","type":"key","parameters":{},"actions":[{"type":"keyDown","value":""},{"type":"pause","duration":10},{"type":"keyUp","value":""}]}]}
COMMAND: GET /session/b1e904011ad8e22b26328390ecfe3dd0/screenshot - {}
RESULT: {}
COMMAND: POST /session/b1e904011ad8e22b26328390ecfe3dd0/element - {"using":"xpath","value":"//span[contains(text(), \"300003\")]"}
RESULT: {"using":"xpath","value":"//span[contains(text(), \"300003\")]"}
COMMAND: POST /session/b1e904011ad8e22b26328390ecfe3dd0/element/f.CA0320F3C4D5DF4C38F9949593A05479.d.A19D80F6BAE2187ABEF569642FAE92AE.e.3755/click - {}
RESULT: {}
COMMAND: GET /session/b1e904011ad8e22b26328390ecfe3dd0/screenshot - {}
RESULT: {}
COMMAND: POST /session/b1e904011ad8e22b26328390ecfe3dd0/element - {"using":"xpath","value":"//bdi[contains(text(), \"OK\")]"}
RESULT: {"using":"xpath","value":"//bdi[contains(text(), \"OK\")]"}
COMMAND: POST /session/b1e904011ad8e22b26328390ecfe3dd0/element/f.CA0320F3C4D5DF4C38F9949593A05479.d.A19D80F6BAE2187ABEF569642FAE92AE.e.3757/click - {}
RESULT: {}
COMMAND: GET /session/b1e904011ad8e22b26328390ecfe3dd0/screenshot - {}
RESULT: {}
COMMAND: POST /session/b1e904011ad8e22b26328390ecfe3dd0/execute/async - {"script":"<script> [1562 bytes]","args":[{"selector":{"id":"application-managepartners-display-component---NewPartner--intercompVendorComboBox-application-managepartners-display-component---NewPartner--assignmentsTable-0-vhi"},"wdio_ui5_key":"applicationmanagepartners-display-component---NewPartner--intercompVendorComboBox-application-managepartners-display-component---NewPartner--assignmentsTable-0-vhi"}]}
RESULT: {"script":"<script> [1562 bytes]","args":[{"selector":{"id":"application-managepartners-display-component---NewPartner--intercompVendorComboBox-application-managepartners-display-component---NewPartner--assignmentsTable-0-vhi"},"wdio_ui5_key":"applicationmanagepartners-display-component---NewPartner--intercompVendorComboBox-application-managepartners-display-component---NewPartner--assignmentsTable-0-vhi"}]}
RESULT: undefined
COMMAND: POST /session/b1e904011ad8e22b26328390ecfe3dd0/element - {"using":"xpath","value":"//*[@id=\"application-managepartners-display-component---NewPartner--intercompVendorComboBox-application-managepartners-display-component---NewPartner--assignmentsTable-0-vhi\"]"}
RESULT: {"using":"xpath","value":"//*[@id=\"application-managepartners-display-component---NewPartner--intercompVendorComboBox-application-managepartners-display-component---NewPartner--assignmentsTable-0-vhi\"]"}
COMMAND: POST /session/b1e904011ad8e22b26328390ecfe3dd0/element/f.CA0320F3C4D5DF4C38F9949593A05479.d.A19D80F6BAE2187ABEF569642FAE92AE.e.3760/click - {}
RESULT: {}
RESULT: undefined
COMMAND: POST /session/b1e904011ad8e22b26328390ecfe3dd0/execute/async - {"script":"<script> [776 bytes]","args":[{"enterText":"100005","selector":{"controlType":"sap.m.SearchField","properties":{"placeholder":"Search"},"searchOpenDialogs":true,"interaction":{"idSuffix":"I"}},"clearTextFirst":true,"interactionType":"ENTER_TEXT"}]}
COMMAND: GET /session/b1e904011ad8e22b26328390ecfe3dd0/screenshot - {}
RESULT: {"script":"<script> [776 bytes]","args":[{"enterText":"100005","selector":{"controlType":"sap.m.SearchField","properties":{"placeholder":"Search"},"searchOpenDialogs":true,"interaction":{"idSuffix":"I"}},"clearTextFirst":true,"interactionType":"ENTER_TEXT"}]}
COMMAND: POST /session/b1e904011ad8e22b26328390ecfe3dd0/actions - {"actions":[{"id":"action14","type":"key","parameters":{},"actions":[{"type":"keyDown","value":""},{"type":"pause","duration":10},{"type":"keyUp","value":""}]}]}
RESULT: {}
RESULT: {"actions":[{"id":"action14","type":"key","parameters":{},"actions":[{"type":"keyDown","value":""},{"type":"pause","duration":10},{"type":"keyUp","value":""}]}]}
COMMAND: GET /session/b1e904011ad8e22b26328390ecfe3dd0/screenshot - {}
RESULT: {}
COMMAND: POST /session/b1e904011ad8e22b26328390ecfe3dd0/element - {"using":"xpath","value":"//span[contains(text(), \"Penguins - Field/12345 Berlin\")]"}
RESULT: {"using":"xpath","value":"//span[contains(text(), \"Penguins - Field/12345 Berlin\")]"}
COMMAND: POST /session/b1e904011ad8e22b26328390ecfe3dd0/element/f.CA0320F3C4D5DF4C38F9949593A05479.d.A19D80F6BAE2187ABEF569642FAE92AE.e.3779/click - {}
RESULT: {}
COMMAND: GET /session/b1e904011ad8e22b26328390ecfe3dd0/screenshot - {}
RESULT: {}
COMMAND: POST /session/b1e904011ad8e22b26328390ecfe3dd0/element - {"using":"xpath","value":"//bdi[contains(text(), \"OK\")]"}
RESULT: {"using":"xpath","value":"//bdi[contains(text(), \"OK\")]"}
COMMAND: POST /session/b1e904011ad8e22b26328390ecfe3dd0/element/f.CA0320F3C4D5DF4C38F9949593A05479.d.A19D80F6BAE2187ABEF569642FAE92AE.e.3780/click - {}
RESULT: {}
COMMAND: GET /session/b1e904011ad8e22b26328390ecfe3dd0/screenshot - {}
RESULT: {}
COMMAND: POST /session/b1e904011ad8e22b26328390ecfe3dd0/element - {"using":"xpath","value":"//button[@data-kt=\"saveButton\"]"}
RESULT: {"using":"xpath","value":"//button[@data-kt=\"saveButton\"]"}
COMMAND: POST /session/b1e904011ad8e22b26328390ecfe3dd0/element/f.CA0320F3C4D5DF4C38F9949593A05479.d.A19D80F6BAE2187ABEF569642FAE92AE.e.3584/click - {}
RESULT: {}
COMMAND: GET /session/b1e904011ad8e22b26328390ecfe3dd0/screenshot - {}
RESULT: {}
COMMAND: POST /session/b1e904011ad8e22b26328390ecfe3dd0/element - {"using":"xpath","value":"//header[contains(@id, 'ObjectPageLayout-headerTitle')]/div[1]/div[2]/div[2]/span[1]"}
RESULT: {"using":"xpath","value":"//header[contains(@id, 'ObjectPageLayout-headerTitle')]/div[1]/div[2]/div[2]/span[1]"}
COMMAND: POST /session/b1e904011ad8e22b26328390ecfe3dd0/elements - {"using":"xpath","value":"//header[contains(@id, 'ObjectPageLayout-headerTitle')]/div[1]/div[2]/div[2]/span[1]"}
RESULT: {"using":"xpath","value":"//header[contains(@id, 'ObjectPageLayout-headerTitle')]/div[1]/div[2]/div[2]/span[1]"}
COMMAND: POST /session/b1e904011ad8e22b26328390ecfe3dd0/execute/sync - {"script":"<script> [56 bytes]","args":[{"element-6066-11e4-a52e-4f735466cecf":"f.CA0320F3C4D5DF4C38F9949593A05479.d.A19D80F6BAE2187ABEF569642FAE92AE.e.3947","ELEMENT":"f.CA0320F3C4D5DF4C38F9949593A05479.d.A19D80F6BAE2187ABEF569642FAE92AE.e.3947"}]}
RESULT: {"script":"<script> [56 bytes]","args":[{"element-6066-11e4-a52e-4f735466cecf":"f.CA0320F3C4D5DF4C38F9949593A05479.d.A19D80F6BAE2187ABEF569642FAE92AE.e.3947","ELEMENT":"f.CA0320F3C4D5DF4C38F9949593A05479.d.A19D80F6BAE2187ABEF569642FAE92AE.e.3947"}]}
COMMAND: POST /session/b1e904011ad8e22b26328390ecfe3dd0/element - {"using":"css selector","value":"#shell-header-logo"}
COMMAND: GET /session/b1e904011ad8e22b26328390ecfe3dd0/screenshot - {}
RESULT: {"using":"css selector","value":"#shell-header-logo"}
COMMAND: POST /session/b1e904011ad8e22b26328390ecfe3dd0/element/f.CA0320F3C4D5DF4C38F9949593A05479.d.A19D80F6BAE2187ABEF569642FAE92AE.e.3157/click - {}
RESULT: {}
RESULT: {}
COMMAND: GET /session/b1e904011ad8e22b26328390ecfe3dd0/screenshot - {}
RESULT: {}
COMMAND: POST /session/b1e904011ad8e22b26328390ecfe3dd0/execute/sync - {"script":"<script> [299 bytes]","args":[["getModel","getResource"]]}
RESULT: {"script":"<script> [299 bytes]","args":[["getModel","getResource"]]}
]]></system-out>
    </testcase>
    <testcase classname="chrome.136_0_7103_93.windows.Edit_and_delete_daily_price_US134629_US134627" name="Should create a new site used for following tests" time="154.285">
      <system-out><![CDATA[
COMMAND: GET /session/b1e904011ad8e22b26328390ecfe3dd0/screenshot - {}
COMMAND: POST /session/b1e904011ad8e22b26328390ecfe3dd0/execute/async - {"script":"<script> [1562 bytes]","args":[{"selector":{"controlType":"sap.m.GenericTile","properties":{"header":"Manage Sites"}},"wdio_ui5_key":"sapm.GenericTile{\"header\":\"Manage Sites\"}"}]}
RESULT: {"script":"<script> [1562 bytes]","args":[{"selector":{"controlType":"sap.m.GenericTile","properties":{"header":"Manage Sites"}},"wdio_ui5_key":"sapm.GenericTile{\"header\":\"Manage Sites\"}"}]}
RESULT: undefined
COMMAND: POST /session/b1e904011ad8e22b26328390ecfe3dd0/element - {"using":"xpath","value":"//*[@id=\"__tile40\"]"}
RESULT: {}
RESULT: {"using":"xpath","value":"//*[@id=\"__tile40\"]"}
COMMAND: POST /session/b1e904011ad8e22b26328390ecfe3dd0/element/f.CA0320F3C4D5DF4C38F9949593A05479.d.A19D80F6BAE2187ABEF569642FAE92AE.e.3047/click - {}
RESULT: {}
COMMAND: GET /session/b1e904011ad8e22b26328390ecfe3dd0/screenshot - {}
RESULT: {}
COMMAND: POST /session/b1e904011ad8e22b26328390ecfe3dd0/elements - {"using":"xpath","value":"//span[text()='Error']"}
RESULT: {"using":"xpath","value":"//span[text()='Error']"}
COMMAND: POST /session/b1e904011ad8e22b26328390ecfe3dd0/element - {"using":"xpath","value":"//button[@data-kt=\"addOverflowToolbarButton\"]"}
RESULT: {"using":"xpath","value":"//button[@data-kt=\"addOverflowToolbarButton\"]"}
COMMAND: POST /session/b1e904011ad8e22b26328390ecfe3dd0/elements - {"using":"xpath","value":"//button[@data-kt=\"addOverflowToolbarButton\"]"}
RESULT: {"using":"xpath","value":"//button[@data-kt=\"addOverflowToolbarButton\"]"}
COMMAND: POST /session/b1e904011ad8e22b26328390ecfe3dd0/execute/sync - {"script":"<script> [8489 bytes]","args":[{"element-6066-11e4-a52e-4f735466cecf":"f.CA0320F3C4D5DF4C38F9949593A05479.d.A19D80F6BAE2187ABEF569642FAE92AE.e.3994","ELEMENT":"f.CA0320F3C4D5DF4C38F9949593A05479.d.A19D80F6BAE2187ABEF569642FAE92AE.e.3994"}]}
RESULT: {"script":"<script> [8489 bytes]","args":[{"element-6066-11e4-a52e-4f735466cecf":"f.CA0320F3C4D5DF4C38F9949593A05479.d.A19D80F6BAE2187ABEF569642FAE92AE.e.3994","ELEMENT":"f.CA0320F3C4D5DF4C38F9949593A05479.d.A19D80F6BAE2187ABEF569642FAE92AE.e.3994"}]}
COMMAND: GET /session/b1e904011ad8e22b26328390ecfe3dd0/element/f.CA0320F3C4D5DF4C38F9949593A05479.d.A19D80F6BAE2187ABEF569642FAE92AE.e.3994/enabled - {}
COMMAND: GET /session/b1e904011ad8e22b26328390ecfe3dd0/screenshot - {}
RESULT: {}
COMMAND: POST /session/b1e904011ad8e22b26328390ecfe3dd0/execute/sync - {"script":"<script> [8489 bytes]","args":[{"element-6066-11e4-a52e-4f735466cecf":"f.CA0320F3C4D5DF4C38F9949593A05479.d.A19D80F6BAE2187ABEF569642FAE92AE.e.3994","ELEMENT":"f.CA0320F3C4D5DF4C38F9949593A05479.d.A19D80F6BAE2187ABEF569642FAE92AE.e.3994"}]}
COMMAND: GET /session/b1e904011ad8e22b26328390ecfe3dd0/screenshot - {}
RESULT: {}
RESULT: {"script":"<script> [8489 bytes]","args":[{"element-6066-11e4-a52e-4f735466cecf":"f.CA0320F3C4D5DF4C38F9949593A05479.d.A19D80F6BAE2187ABEF569642FAE92AE.e.3994","ELEMENT":"f.CA0320F3C4D5DF4C38F9949593A05479.d.A19D80F6BAE2187ABEF569642FAE92AE.e.3994"}]}
COMMAND: POST /session/b1e904011ad8e22b26328390ecfe3dd0/execute/sync - {"script":"<script> [5351 bytes]","args":[{"element-6066-11e4-a52e-4f735466cecf":"f.CA0320F3C4D5DF4C38F9949593A05479.d.A19D80F6BAE2187ABEF569642FAE92AE.e.3994","ELEMENT":"f.CA0320F3C4D5DF4C38F9949593A05479.d.A19D80F6BAE2187ABEF569642FAE92AE.e.3994"}]}
COMMAND: GET /session/b1e904011ad8e22b26328390ecfe3dd0/screenshot - {}
RESULT: {}
RESULT: {"script":"<script> [5351 bytes]","args":[{"element-6066-11e4-a52e-4f735466cecf":"f.CA0320F3C4D5DF4C38F9949593A05479.d.A19D80F6BAE2187ABEF569642FAE92AE.e.3994","ELEMENT":"f.CA0320F3C4D5DF4C38F9949593A05479.d.A19D80F6BAE2187ABEF569642FAE92AE.e.3994"}]}
COMMAND: POST /session/b1e904011ad8e22b26328390ecfe3dd0/element/f.CA0320F3C4D5DF4C38F9949593A05479.d.A19D80F6BAE2187ABEF569642FAE92AE.e.3994/click - {}
COMMAND: GET /session/b1e904011ad8e22b26328390ecfe3dd0/screenshot - {}
RESULT: {}
RESULT: {}
COMMAND: GET /session/b1e904011ad8e22b26328390ecfe3dd0/screenshot - {}
COMMAND: POST /session/b1e904011ad8e22b26328390ecfe3dd0/element - {"using":"xpath","value":"//input[@id=\"application-managesites-display-component---NewSite--siteId-inner\"]"}
RESULT: {}
RESULT: {}
RESULT: {"using":"xpath","value":"//input[@id=\"application-managesites-display-component---NewSite--siteId-inner\"]"}
COMMAND: POST /session/b1e904011ad8e22b26328390ecfe3dd0/element - {"using":"xpath","value":"//input[@id=\"application-managesites-display-component---NewSite--siteId-inner\"]"}
RESULT: {"using":"xpath","value":"//input[@id=\"application-managesites-display-component---NewSite--siteId-inner\"]"}
COMMAND: POST /session/b1e904011ad8e22b26328390ecfe3dd0/execute/async - {"script":"<script> [1562 bytes]","args":[{"selector":{"id":"application-managesites-display-component---NewSite--addressDetailDetailsName1","interaction":{"idSuffix":"inner"}},"wdio_ui5_key":"applicationmanagesites-display-component---NewSite--addressDetailDetailsName1"}]}
RESULT: {"script":"<script> [1562 bytes]","args":[{"selector":{"id":"application-managesites-display-component---NewSite--addressDetailDetailsName1","interaction":{"idSuffix":"inner"}},"wdio_ui5_key":"applicationmanagesites-display-component---NewSite--addressDetailDetailsName1"}]}
RESULT: undefined
COMMAND: POST /session/b1e904011ad8e22b26328390ecfe3dd0/execute/async - {"script":"<script> [776 bytes]","args":[{"enterText":"DailyPrice WDIO","selector":{"id":"application-managesites-display-component---NewSite--addressDetailDetailsName1","interaction":{"idSuffix":"inner"}},"clearTextFirst":true,"interactionType":"ENTER_TEXT"}]}
RESULT: {"script":"<script> [776 bytes]","args":[{"enterText":"DailyPrice WDIO","selector":{"id":"application-managesites-display-component---NewSite--addressDetailDetailsName1","interaction":{"idSuffix":"inner"}},"clearTextFirst":true,"interactionType":"ENTER_TEXT"}]}
COMMAND: POST /session/b1e904011ad8e22b26328390ecfe3dd0/execute/async - {"script":"<script> [1562 bytes]","args":[{"selector":{"id":"application-managesites-display-component---NewSite--addressDetailDetailsLanguage-arrow"},"wdio_ui5_key":"applicationmanagesites-display-component---NewSite--addressDetailDetailsLanguage-arrow"}]}
RESULT: {"script":"<script> [1562 bytes]","args":[{"selector":{"id":"application-managesites-display-component---NewSite--addressDetailDetailsLanguage-arrow"},"wdio_ui5_key":"applicationmanagesites-display-component---NewSite--addressDetailDetailsLanguage-arrow"}]}
RESULT: undefined
COMMAND: POST /session/b1e904011ad8e22b26328390ecfe3dd0/element - {"using":"xpath","value":"//*[@id=\"application-managesites-display-component---NewSite--addressDetailDetailsLanguage-arrow\"]"}
RESULT: {"using":"xpath","value":"//*[@id=\"application-managesites-display-component---NewSite--addressDetailDetailsLanguage-arrow\"]"}
COMMAND: POST /session/b1e904011ad8e22b26328390ecfe3dd0/element/f.CA0320F3C4D5DF4C38F9949593A05479.d.A19D80F6BAE2187ABEF569642FAE92AE.e.4400/click - {}
RESULT: {}
COMMAND: POST /session/b1e904011ad8e22b26328390ecfe3dd0/element - {"using":"xpath","value":"//span[contains(text(), \"English\")]"}
COMMAND: GET /session/b1e904011ad8e22b26328390ecfe3dd0/screenshot - {}
RESULT: {}
RESULT: {"using":"xpath","value":"//span[contains(text(), \"English\")]"}
COMMAND: POST /session/b1e904011ad8e22b26328390ecfe3dd0/element/f.CA0320F3C4D5DF4C38F9949593A05479.d.A19D80F6BAE2187ABEF569642FAE92AE.e.4401/click - {}
RESULT: {}
COMMAND: POST /session/b1e904011ad8e22b26328390ecfe3dd0/execute/async - {"script":"<script> [1562 bytes]","args":[{"selector":{"id":"application-managesites-display-component---NewSite--addressDetailDetailsCity1","interaction":{"idSuffix":"inner"}},"wdio_ui5_key":"applicationmanagesites-display-component---NewSite--addressDetailDetailsCity1"}]}
COMMAND: GET /session/b1e904011ad8e22b26328390ecfe3dd0/screenshot - {}
RESULT: {"script":"<script> [1562 bytes]","args":[{"selector":{"id":"application-managesites-display-component---NewSite--addressDetailDetailsCity1","interaction":{"idSuffix":"inner"}},"wdio_ui5_key":"applicationmanagesites-display-component---NewSite--addressDetailDetailsCity1"}]}
RESULT: undefined
COMMAND: POST /session/b1e904011ad8e22b26328390ecfe3dd0/execute/async - {"script":"<script> [776 bytes]","args":[{"enterText":"Rosario","selector":{"id":"application-managesites-display-component---NewSite--addressDetailDetailsCity1","interaction":{"idSuffix":"inner"}},"clearTextFirst":true,"interactionType":"ENTER_TEXT"}]}
RESULT: {}
RESULT: {"script":"<script> [776 bytes]","args":[{"enterText":"Rosario","selector":{"id":"application-managesites-display-component---NewSite--addressDetailDetailsCity1","interaction":{"idSuffix":"inner"}},"clearTextFirst":true,"interactionType":"ENTER_TEXT"}]}
COMMAND: POST /session/b1e904011ad8e22b26328390ecfe3dd0/execute/async - {"script":"<script> [1562 bytes]","args":[{"selector":{"id":"application-managesites-display-component---NewSite--addressDetailDetailsCountry-arrow"},"wdio_ui5_key":"applicationmanagesites-display-component---NewSite--addressDetailDetailsCountry-arrow"}]}
RESULT: {"script":"<script> [1562 bytes]","args":[{"selector":{"id":"application-managesites-display-component---NewSite--addressDetailDetailsCountry-arrow"},"wdio_ui5_key":"applicationmanagesites-display-component---NewSite--addressDetailDetailsCountry-arrow"}]}
RESULT: undefined
COMMAND: POST /session/b1e904011ad8e22b26328390ecfe3dd0/element - {"using":"xpath","value":"//*[@id=\"application-managesites-display-component---NewSite--addressDetailDetailsCountry-arrow\"]"}
RESULT: {"using":"xpath","value":"//*[@id=\"application-managesites-display-component---NewSite--addressDetailDetailsCountry-arrow\"]"}
COMMAND: POST /session/b1e904011ad8e22b26328390ecfe3dd0/element/f.CA0320F3C4D5DF4C38F9949593A05479.d.A19D80F6BAE2187ABEF569642FAE92AE.e.4403/click - {}
RESULT: {}
COMMAND: POST /session/b1e904011ad8e22b26328390ecfe3dd0/element - {"using":"xpath","value":"//span[contains(text(), \"Argentina\")]"}
COMMAND: GET /session/b1e904011ad8e22b26328390ecfe3dd0/screenshot - {}
RESULT: {"using":"xpath","value":"//span[contains(text(), \"Argentina\")]"}
COMMAND: POST /session/b1e904011ad8e22b26328390ecfe3dd0/element/f.CA0320F3C4D5DF4C38F9949593A05479.d.A19D80F6BAE2187ABEF569642FAE92AE.e.4404/click - {}
RESULT: {}
RESULT: {}
COMMAND: GET /session/b1e904011ad8e22b26328390ecfe3dd0/screenshot - {}
RESULT: {}
COMMAND: POST /session/b1e904011ad8e22b26328390ecfe3dd0/execute/async - {"script":"<script> [1562 bytes]","args":[{"selector":{"id":"application-managesites-display-component---NewSite--addressEditDetailsCostObjectCstType-arrow"},"wdio_ui5_key":"applicationmanagesites-display-component---NewSite--addressEditDetailsCostObjectCstType-arrow"}]}
RESULT: {"script":"<script> [1562 bytes]","args":[{"selector":{"id":"application-managesites-display-component---NewSite--addressEditDetailsCostObjectCstType-arrow"},"wdio_ui5_key":"applicationmanagesites-display-component---NewSite--addressEditDetailsCostObjectCstType-arrow"}]}
RESULT: undefined
COMMAND: POST /session/b1e904011ad8e22b26328390ecfe3dd0/element - {"using":"xpath","value":"//*[@id=\"application-managesites-display-component---NewSite--addressEditDetailsCostObjectCstType-arrow\"]"}
RESULT: {"using":"xpath","value":"//*[@id=\"application-managesites-display-component---NewSite--addressEditDetailsCostObjectCstType-arrow\"]"}
COMMAND: POST /session/b1e904011ad8e22b26328390ecfe3dd0/element/f.CA0320F3C4D5DF4C38F9949593A05479.d.A19D80F6BAE2187ABEF569642FAE92AE.e.4406/click - {}
RESULT: {}
COMMAND: POST /session/b1e904011ad8e22b26328390ecfe3dd0/element - {"using":"xpath","value":"//span[contains(text(), \"Cost Center\")]"}
COMMAND: GET /session/b1e904011ad8e22b26328390ecfe3dd0/screenshot - {}
RESULT: {"using":"xpath","value":"//span[contains(text(), \"Cost Center\")]"}
COMMAND: POST /session/b1e904011ad8e22b26328390ecfe3dd0/element/f.CA0320F3C4D5DF4C38F9949593A05479.d.A19D80F6BAE2187ABEF569642FAE92AE.e.4407/click - {}
RESULT: {}
RESULT: {}
COMMAND: GET /session/b1e904011ad8e22b26328390ecfe3dd0/screenshot - {}
RESULT: {}
COMMAND: POST /session/b1e904011ad8e22b26328390ecfe3dd0/element - {"using":"xpath","value":"//span[@id=\"application-managesites-display-component---NewSite--addressNewCostObjectCstID-vhi\"]"}
RESULT: {"using":"xpath","value":"//span[@id=\"application-managesites-display-component---NewSite--addressNewCostObjectCstID-vhi\"]"}
COMMAND: POST /session/b1e904011ad8e22b26328390ecfe3dd0/execute/sync - {"script":"<script> [8489 bytes]","args":[{"element-6066-11e4-a52e-4f735466cecf":"f.CA0320F3C4D5DF4C38F9949593A05479.d.A19D80F6BAE2187ABEF569642FAE92AE.e.4412","ELEMENT":"f.CA0320F3C4D5DF4C38F9949593A05479.d.A19D80F6BAE2187ABEF569642FAE92AE.e.4412"}]}
RESULT: {"script":"<script> [8489 bytes]","args":[{"element-6066-11e4-a52e-4f735466cecf":"f.CA0320F3C4D5DF4C38F9949593A05479.d.A19D80F6BAE2187ABEF569642FAE92AE.e.4412","ELEMENT":"f.CA0320F3C4D5DF4C38F9949593A05479.d.A19D80F6BAE2187ABEF569642FAE92AE.e.4412"}]}
COMMAND: POST /session/b1e904011ad8e22b26328390ecfe3dd0/execute/async - {"script":"<script> [1562 bytes]","args":[{"selector":{"id":"application-managesites-display-component---NewSite--addressNewCostObjectCstID-vhi"},"wdio_ui5_key":"applicationmanagesites-display-component---NewSite--addressNewCostObjectCstID-vhi"}]}
COMMAND: GET /session/b1e904011ad8e22b26328390ecfe3dd0/screenshot - {}
RESULT: {"script":"<script> [1562 bytes]","args":[{"selector":{"id":"application-managesites-display-component---NewSite--addressNewCostObjectCstID-vhi"},"wdio_ui5_key":"applicationmanagesites-display-component---NewSite--addressNewCostObjectCstID-vhi"}]}
RESULT: undefined
COMMAND: POST /session/b1e904011ad8e22b26328390ecfe3dd0/element - {"using":"xpath","value":"//*[@id=\"application-managesites-display-component---NewSite--addressNewCostObjectCstID-vhi\"]"}
RESULT: {}
RESULT: {"using":"xpath","value":"//*[@id=\"application-managesites-display-component---NewSite--addressNewCostObjectCstID-vhi\"]"}
COMMAND: POST /session/b1e904011ad8e22b26328390ecfe3dd0/element/f.CA0320F3C4D5DF4C38F9949593A05479.d.A19D80F6BAE2187ABEF569642FAE92AE.e.4412/click - {}
RESULT: {}
COMMAND: GET /session/b1e904011ad8e22b26328390ecfe3dd0/screenshot - {}
RESULT: {}
RESULT: undefined
COMMAND: POST /session/b1e904011ad8e22b26328390ecfe3dd0/execute/async - {"script":"<script> [776 bytes]","args":[{"enterText":"10001013","selector":{"controlType":"sap.m.SearchField","properties":{"placeholder":"Search"},"searchOpenDialogs":true,"interaction":{"idSuffix":"I"}},"clearTextFirst":true,"interactionType":"ENTER_TEXT"}]}
RESULT: {"script":"<script> [776 bytes]","args":[{"enterText":"10001013","selector":{"controlType":"sap.m.SearchField","properties":{"placeholder":"Search"},"searchOpenDialogs":true,"interaction":{"idSuffix":"I"}},"clearTextFirst":true,"interactionType":"ENTER_TEXT"}]}
COMMAND: POST /session/b1e904011ad8e22b26328390ecfe3dd0/actions - {"actions":[{"id":"action15","type":"key","parameters":{},"actions":[{"type":"keyDown","value":""},{"type":"pause","duration":10},{"type":"keyUp","value":""}]}]}
RESULT: {"actions":[{"id":"action15","type":"key","parameters":{},"actions":[{"type":"keyDown","value":""},{"type":"pause","duration":10},{"type":"keyUp","value":""}]}]}
COMMAND: GET /session/b1e904011ad8e22b26328390ecfe3dd0/screenshot - {}
RESULT: {}
COMMAND: POST /session/b1e904011ad8e22b26328390ecfe3dd0/element - {"using":"xpath","value":"//span[contains(text(), \"General Management\")]"}
RESULT: {"using":"xpath","value":"//span[contains(text(), \"General Management\")]"}
COMMAND: POST /session/b1e904011ad8e22b26328390ecfe3dd0/element/f.CA0320F3C4D5DF4C38F9949593A05479.d.A19D80F6BAE2187ABEF569642FAE92AE.e.4451/click - {}
RESULT: {}
COMMAND: GET /session/b1e904011ad8e22b26328390ecfe3dd0/screenshot - {}
RESULT: {}
COMMAND: POST /session/b1e904011ad8e22b26328390ecfe3dd0/element - {"using":"xpath","value":"//bdi[contains(text(), \"OK\")]"}
RESULT: {"using":"xpath","value":"//bdi[contains(text(), \"OK\")]"}
COMMAND: POST /session/b1e904011ad8e22b26328390ecfe3dd0/element/f.CA0320F3C4D5DF4C38F9949593A05479.d.A19D80F6BAE2187ABEF569642FAE92AE.e.4452/click - {}
RESULT: {}
COMMAND: GET /session/b1e904011ad8e22b26328390ecfe3dd0/screenshot - {}
RESULT: {}
COMMAND: POST /session/b1e904011ad8e22b26328390ecfe3dd0/element - {"using":"xpath","value":"//input[@id=\"application-managesites-display-component---NewSite--addressDetailDetailsCalendar-inner\"]"}
RESULT: {"using":"xpath","value":"//input[@id=\"application-managesites-display-component---NewSite--addressDetailDetailsCalendar-inner\"]"}
COMMAND: POST /session/b1e904011ad8e22b26328390ecfe3dd0/element/f.CA0320F3C4D5DF4C38F9949593A05479.d.A19D80F6BAE2187ABEF569642FAE92AE.e.4190/clear - {}
RESULT: {}
COMMAND: POST /session/b1e904011ad8e22b26328390ecfe3dd0/element/f.CA0320F3C4D5DF4C38F9949593A05479.d.A19D80F6BAE2187ABEF569642FAE92AE.e.4190/value - {"text":"Unit"}
COMMAND: GET /session/b1e904011ad8e22b26328390ecfe3dd0/screenshot - {}
RESULT: {"text":"Unit"}
COMMAND: GET /session/b1e904011ad8e22b26328390ecfe3dd0/screenshot - {}
RESULT: {}
RESULT: {}
COMMAND: POST /session/b1e904011ad8e22b26328390ecfe3dd0/actions - {"actions":[{"id":"action16","type":"key","parameters":{},"actions":[{"type":"keyDown","value":""},{"type":"pause","duration":10},{"type":"keyUp","value":""}]}]}
RESULT: {"actions":[{"id":"action16","type":"key","parameters":{},"actions":[{"type":"keyDown","value":""},{"type":"pause","duration":10},{"type":"keyUp","value":""}]}]}
COMMAND: POST /session/b1e904011ad8e22b26328390ecfe3dd0/element - {"using":"xpath","value":"//input[@id=\"application-managesites-display-component---NewSite--addressDetailDetailsYard-inner\"]"}
COMMAND: GET /session/b1e904011ad8e22b26328390ecfe3dd0/screenshot - {}
RESULT: {"using":"xpath","value":"//input[@id=\"application-managesites-display-component---NewSite--addressDetailDetailsYard-inner\"]"}
COMMAND: POST /session/b1e904011ad8e22b26328390ecfe3dd0/element/f.CA0320F3C4D5DF4C38F9949593A05479.d.A19D80F6BAE2187ABEF569642FAE92AE.e.4191/clear - {}
RESULT: {}
RESULT: {}
COMMAND: POST /session/b1e904011ad8e22b26328390ecfe3dd0/element/f.CA0320F3C4D5DF4C38F9949593A05479.d.A19D80F6BAE2187ABEF569642FAE92AE.e.4191/value - {"text":"468"}
COMMAND: GET /session/b1e904011ad8e22b26328390ecfe3dd0/screenshot - {}
RESULT: {"text":"468"}
COMMAND: GET /session/b1e904011ad8e22b26328390ecfe3dd0/screenshot - {}
RESULT: {}
RESULT: {}
COMMAND: POST /session/b1e904011ad8e22b26328390ecfe3dd0/element - {"using":"xpath","value":"//li[.//span[text()='468']]"}
RESULT: {"using":"xpath","value":"//li[.//span[text()='468']]"}
COMMAND: POST /session/b1e904011ad8e22b26328390ecfe3dd0/element/f.CA0320F3C4D5DF4C38F9949593A05479.d.A19D80F6BAE2187ABEF569642FAE92AE.e.4460/click - {}
RESULT: {}
COMMAND: GET /session/b1e904011ad8e22b26328390ecfe3dd0/screenshot - {}
RESULT: {}
COMMAND: POST /session/b1e904011ad8e22b26328390ecfe3dd0/element - {"using":"xpath","value":"//input[@id=\"application-managesites-display-component---NewSite--addressDetailDetailsPartner-inner\"]"}
RESULT: {"using":"xpath","value":"//input[@id=\"application-managesites-display-component---NewSite--addressDetailDetailsPartner-inner\"]"}
COMMAND: POST /session/b1e904011ad8e22b26328390ecfe3dd0/element - {"using":"xpath","value":"//input[@id=\"application-managesites-display-component---NewSite--addressDetailDetailsPartner-inner\"]"}
RESULT: {"using":"xpath","value":"//input[@id=\"application-managesites-display-component---NewSite--addressDetailDetailsPartner-inner\"]"}
COMMAND: POST /session/b1e904011ad8e22b26328390ecfe3dd0/element - {"using":"xpath","value":"//button[@data-kt=\"saveButton\"]"}
RESULT: {"using":"xpath","value":"//button[@data-kt=\"saveButton\"]"}
COMMAND: POST /session/b1e904011ad8e22b26328390ecfe3dd0/element/f.CA0320F3C4D5DF4C38F9949593A05479.d.A19D80F6BAE2187ABEF569642FAE92AE.e.4381/click - {}
RESULT: {}
COMMAND: GET /session/b1e904011ad8e22b26328390ecfe3dd0/screenshot - {}
RESULT: {}
COMMAND: POST /session/b1e904011ad8e22b26328390ecfe3dd0/element - {"using":"xpath","value":"//header[contains(@id, 'ObjectPageLayout-headerTitle')]/div[1]/div[2]/div[2]/span[1]"}
RESULT: {"using":"xpath","value":"//header[contains(@id, 'ObjectPageLayout-headerTitle')]/div[1]/div[2]/div[2]/span[1]"}
COMMAND: POST /session/b1e904011ad8e22b26328390ecfe3dd0/elements - {"using":"xpath","value":"//header[contains(@id, 'ObjectPageLayout-headerTitle')]/div[1]/div[2]/div[2]/span[1]"}
RESULT: {"using":"xpath","value":"//header[contains(@id, 'ObjectPageLayout-headerTitle')]/div[1]/div[2]/div[2]/span[1]"}
COMMAND: POST /session/b1e904011ad8e22b26328390ecfe3dd0/execute/sync - {"script":"<script> [56 bytes]","args":[{"element-6066-11e4-a52e-4f735466cecf":"f.CA0320F3C4D5DF4C38F9949593A05479.d.A19D80F6BAE2187ABEF569642FAE92AE.e.4668","ELEMENT":"f.CA0320F3C4D5DF4C38F9949593A05479.d.A19D80F6BAE2187ABEF569642FAE92AE.e.4668"}]}
RESULT: {"script":"<script> [56 bytes]","args":[{"element-6066-11e4-a52e-4f735466cecf":"f.CA0320F3C4D5DF4C38F9949593A05479.d.A19D80F6BAE2187ABEF569642FAE92AE.e.4668","ELEMENT":"f.CA0320F3C4D5DF4C38F9949593A05479.d.A19D80F6BAE2187ABEF569642FAE92AE.e.4668"}]}
COMMAND: POST /session/b1e904011ad8e22b26328390ecfe3dd0/element - {"using":"css selector","value":"#shell-header-logo"}
COMMAND: GET /session/b1e904011ad8e22b26328390ecfe3dd0/screenshot - {}
RESULT: {"using":"css selector","value":"#shell-header-logo"}
COMMAND: POST /session/b1e904011ad8e22b26328390ecfe3dd0/element/f.CA0320F3C4D5DF4C38F9949593A05479.d.A19D80F6BAE2187ABEF569642FAE92AE.e.3952/click - {}
RESULT: {}
RESULT: {}
COMMAND: GET /session/b1e904011ad8e22b26328390ecfe3dd0/screenshot - {}
RESULT: {}
COMMAND: POST /session/b1e904011ad8e22b26328390ecfe3dd0/execute/sync - {"script":"<script> [299 bytes]","args":[["getModel","getResource"]]}
RESULT: {"script":"<script> [299 bytes]","args":[["getModel","getResource"]]}
COMMAND: POST /session/b1e904011ad8e22b26328390ecfe3dd0/actions - {"actions":[{"id":"action17","type":"key","parameters":{},"actions":[{"type":"keyDown","value":""},{"type":"pause","duration":10},{"type":"keyUp","value":""}]}]}
COMMAND: GET /session/b1e904011ad8e22b26328390ecfe3dd0/screenshot - {}
RESULT: {"actions":[{"id":"action17","type":"key","parameters":{},"actions":[{"type":"keyDown","value":""},{"type":"pause","duration":10},{"type":"keyUp","value":""}]}]}
COMMAND: GET /session/b1e904011ad8e22b26328390ecfe3dd0/screenshot - {}
RESULT: {}
RESULT: {}
COMMAND: POST /session/b1e904011ad8e22b26328390ecfe3dd0/refresh - {}
RESULT: {}
COMMAND: GET /session/b1e904011ad8e22b26328390ecfe3dd0/screenshot - {}
RESULT: {}
COMMAND: POST /session/b1e904011ad8e22b26328390ecfe3dd0/refresh - {}
RESULT: {}
COMMAND: GET /session/b1e904011ad8e22b26328390ecfe3dd0/screenshot - {}
RESULT: {}
COMMAND: POST /session/b1e904011ad8e22b26328390ecfe3dd0/window/fullscreen - {}
RESULT: {}
COMMAND: POST /session/b1e904011ad8e22b26328390ecfe3dd0/execute/async - {"script":"<script> [189 bytes]","args":[]}
RESULT: {"script":"<script> [189 bytes]","args":[]}
COMMAND: POST /session/b1e904011ad8e22b26328390ecfe3dd0/execute/async - {"script":"<script> [123 bytes]","args":[]}
RESULT: {"script":"<script> [123 bytes]","args":[]}
COMMAND: POST /session/b1e904011ad8e22b26328390ecfe3dd0/timeouts - {"script":"<number>"}
RESULT: {"script":"<number>"}
COMMAND: GET /session/b1e904011ad8e22b26328390ecfe3dd0/timeouts - {}
RESULT: {}
RESULT: undefined
COMMAND: POST /session/b1e904011ad8e22b26328390ecfe3dd0/execute/async - {"script":"<script> [2676 bytes]","args":[]}
RESULT: {"script":"<script> [2676 bytes]","args":[]}
COMMAND: POST /session/b1e904011ad8e22b26328390ecfe3dd0/execute/async - {"script":"<script> [2342 bytes]","args":[{"protocol":"http","hostname":"0.0.0.0","path":"/","capabilities":{"browserName":"chrome","goog:chromeOptions":{"binary":"C:\\Program Files\\Google\\Chrome\\Application\\chrome.exe","args":["--start-maximized"]}},"logLevel":"warn","connectionRetryTimeout":120000,"connectionRetryCount":3,"logLevels":{},"enableDirectConnect":true,"strictSSL":true,"_":"65 more keys: [\"cacheDir\",\"port\",\"requestedCapabilities\",\"automationProtocol\",\"baseUrl\",\"waitforInterval\",\"waitforTimeout\",\"onReload\",\"beforeCommand\",\"afterCommand\",\"rootDir\",\"specs\",\"suites\",\"exclude\",\"groupLogsByTestSpec\",\"excludeDriverLogs\",\"bail\",\"framework\",\"reporters\",\"services\",\"maxInstances\",\"maxInstancesPerCapability\",\"injectGlobals\",\"filesToWatch\",\"execArgv\",\"runnerEnv\",\"runner\",\"shard\",\"specFileRetries\",\"specFileRetriesDelay\",\"specFileRetriesDeferred\",\"reporterSyncInterval\",\"reporterSyncTimeout\",\"cucumberFeaturesWithLineNumbers\",\"autoCompileOpts\",\"mochaOpts\",\"jasmineOpts\",\"cucumberOpts\",\"onPrepare\",\"onWorkerStart\",\"onWorkerEnd\",\"before\",\"beforeSession\",\"beforeSuite\",\"beforeHook\",\"beforeTest\",\"afterTest\",\"afterHook\",\"afterSuite\",\"afterSession\",\"after\",\"onComplete\",\"beforeAssertion\",\"afterAssertion\",\"beforeFeature\",\"beforeScenario\",\"beforeStep\",\"afterStep\",\"afterScenario\",\"afterFeature\",\"_\",\"suite\",\"$0\",\"ignoredWorkerServices\",\"wdi5\"]"}]}
RESULT: {"script":"<script> [2342 bytes]","args":[{"protocol":"http","hostname":"0.0.0.0","path":"/","capabilities":{"browserName":"chrome","goog:chromeOptions":{"binary":"C:\\Program Files\\Google\\Chrome\\Application\\chrome.exe","args":["--start-maximized"]}},"logLevel":"warn","connectionRetryTimeout":120000,"connectionRetryCount":3,"logLevels":{},"enableDirectConnect":true,"strictSSL":true,"_":"65 more keys: [\"cacheDir\",\"port\",\"requestedCapabilities\",\"automationProtocol\",\"baseUrl\",\"waitforInterval\",\"waitforTimeout\",\"onReload\",\"beforeCommand\",\"afterCommand\",\"rootDir\",\"specs\",\"suites\",\"exclude\",\"groupLogsByTestSpec\",\"excludeDriverLogs\",\"bail\",\"framework\",\"reporters\",\"services\",\"maxInstances\",\"maxInstancesPerCapability\",\"injectGlobals\",\"filesToWatch\",\"execArgv\",\"runnerEnv\",\"runner\",\"shard\",\"specFileRetries\",\"specFileRetriesDelay\",\"specFileRetriesDeferred\",\"reporterSyncInterval\",\"reporterSyncTimeout\",\"cucumberFeaturesWithLineNumbers\",\"autoCompileOpts\",\"mochaOpts\",\"jasmineOpts\",\"cucumberOpts\",\"onPrepare\",\"onWorkerStart\",\"onWorkerEnd\",\"before\",\"beforeSession\",\"beforeSuite\",\"beforeHook\",\"beforeTest\",\"afterTest\",\"afterHook\",\"afterSuite\",\"afterSession\",\"after\",\"onComplete\",\"beforeAssertion\",\"afterAssertion\",\"beforeFeature\",\"beforeScenario\",\"beforeStep\",\"afterStep\",\"afterScenario\",\"afterFeature\",\"_\",\"suite\",\"$0\",\"ignoredWorkerServices\",\"wdi5\"]"}]}
COMMAND: POST /session/b1e904011ad8e22b26328390ecfe3dd0/execute/async - {"script":"<script> [21126 bytes]","args":[35000]}
RESULT: {"script":"<script> [21126 bytes]","args":[35000]}
COMMAND: POST /session/b1e904011ad8e22b26328390ecfe3dd0/window/fullscreen - {}
RESULT: {}
]]></system-out>
    </testcase>
    <testcase classname="chrome.136_0_7103_93.windows.Edit_and_delete_daily_price_US134629_US134627" name="Should go to Manage Conditions Daily Price and add the 2 rows one with yard site and one with yard" time="90.016">
      <system-out><![CDATA[
COMMAND: POST /session/b1e904011ad8e22b26328390ecfe3dd0/execute/async - {"script":"<script> [1562 bytes]","args":[{"selector":{"controlType":"sap.m.GenericTile","properties":{"header":"Manage Conditions & Prices"}},"wdio_ui5_key":"sapm.GenericTile{\"header\":\"Manage Conditions & Prices\"}"}]}
RESULT: {"script":"<script> [1562 bytes]","args":[{"selector":{"controlType":"sap.m.GenericTile","properties":{"header":"Manage Conditions & Prices"}},"wdio_ui5_key":"sapm.GenericTile{\"header\":\"Manage Conditions & Prices\"}"}]}
RESULT: undefined
COMMAND: POST /session/b1e904011ad8e22b26328390ecfe3dd0/element - {"using":"xpath","value":"//*[@id=\"__tile93\"]"}
RESULT: {"using":"xpath","value":"//*[@id=\"__tile93\"]"}
COMMAND: POST /session/b1e904011ad8e22b26328390ecfe3dd0/element/f.CA0320F3C4D5DF4C38F9949593A05479.d.69885B8863464BEF7A5A594B3534FF1D.e.4803/click - {}
RESULT: {}
COMMAND: GET /session/b1e904011ad8e22b26328390ecfe3dd0/screenshot - {}
RESULT: {}
COMMAND: POST /session/b1e904011ad8e22b26328390ecfe3dd0/elements - {"using":"xpath","value":"//span[text()='Error']"}
RESULT: {"using":"xpath","value":"//span[text()='Error']"}
COMMAND: POST /session/b1e904011ad8e22b26328390ecfe3dd0/element - {"using":"xpath","value":"//button[@aria-label=\"Create\"]"}
RESULT: {"using":"xpath","value":"//button[@aria-label=\"Create\"]"}
COMMAND: POST /session/b1e904011ad8e22b26328390ecfe3dd0/elements - {"using":"xpath","value":"//button[@aria-label=\"Create\"]"}
RESULT: {"using":"xpath","value":"//button[@aria-label=\"Create\"]"}
COMMAND: POST /session/b1e904011ad8e22b26328390ecfe3dd0/elements - {"using":"xpath","value":"//button[@aria-label=\"Create\"]"}
RESULT: {"using":"xpath","value":"//button[@aria-label=\"Create\"]"}
COMMAND: POST /session/b1e904011ad8e22b26328390ecfe3dd0/elements - {"using":"xpath","value":"//button[@aria-label=\"Create\"]"}
RESULT: {"using":"xpath","value":"//button[@aria-label=\"Create\"]"}
COMMAND: POST /session/b1e904011ad8e22b26328390ecfe3dd0/elements - {"using":"xpath","value":"//button[@aria-label=\"Create\"]"}
RESULT: {"using":"xpath","value":"//button[@aria-label=\"Create\"]"}
COMMAND: POST /session/b1e904011ad8e22b26328390ecfe3dd0/elements - {"using":"xpath","value":"//button[@aria-label=\"Create\"]"}
RESULT: {"using":"xpath","value":"//button[@aria-label=\"Create\"]"}
COMMAND: POST /session/b1e904011ad8e22b26328390ecfe3dd0/element - {"using":"xpath","value":"//button[@aria-label=\"Create\"]"}
RESULT: {"using":"xpath","value":"//button[@aria-label=\"Create\"]"}
COMMAND: POST /session/b1e904011ad8e22b26328390ecfe3dd0/element/f.CA0320F3C4D5DF4C38F9949593A05479.d.69885B8863464BEF7A5A594B3534FF1D.e.4847/click - {}
RESULT: {}
COMMAND: GET /session/b1e904011ad8e22b26328390ecfe3dd0/screenshot - {}
RESULT: {}
COMMAND: POST /session/b1e904011ad8e22b26328390ecfe3dd0/actions - {"actions":[{"id":"action18","type":"key","parameters":{},"actions":[{"type":"keyDown","value":""},{"type":"pause","duration":10},{"type":"keyUp","value":""}]}]}
RESULT: {"actions":[{"id":"action18","type":"key","parameters":{},"actions":[{"type":"keyDown","value":""},{"type":"pause","duration":10},{"type":"keyUp","value":""}]}]}
COMMAND: POST /session/b1e904011ad8e22b26328390ecfe3dd0/actions - {"actions":[{"id":"action19","type":"key","parameters":{},"actions":[{"type":"keyDown","value":""},{"type":"pause","duration":10},{"type":"keyUp","value":""}]}]}
COMMAND: GET /session/b1e904011ad8e22b26328390ecfe3dd0/screenshot - {}
RESULT: {"actions":[{"id":"action19","type":"key","parameters":{},"actions":[{"type":"keyDown","value":""},{"type":"pause","duration":10},{"type":"keyUp","value":""}]}]}
COMMAND: POST /session/b1e904011ad8e22b26328390ecfe3dd0/execute/async - {"script":"<script> [1562 bytes]","args":[{"selector":{"controlType":"sap.m.Title","viewName":"etm.portal.ui.manageconditionprice.view.DailyPrices","viewId":"application-manageconditionprice-display-component---dailyPrices","i18NText":{"propertyName":"text","key":"dailyPrices"}},"wdio_ui5_key":"etmportal.ui.manageconditionprice.view.DailyPricessap.m.Title{\"propertyName\":\"text\",\"key\":\"dailyPrices\"}"}]}
COMMAND: GET /session/b1e904011ad8e22b26328390ecfe3dd0/screenshot - {}
RESULT: {}
RESULT: {"script":"<script> [1562 bytes]","args":[{"selector":{"controlType":"sap.m.Title","viewName":"etm.portal.ui.manageconditionprice.view.DailyPrices","viewId":"application-manageconditionprice-display-component---dailyPrices","i18NText":{"propertyName":"text","key":"dailyPrices"}},"wdio_ui5_key":"etmportal.ui.manageconditionprice.view.DailyPricessap.m.Title{\"propertyName\":\"text\",\"key\":\"dailyPrices\"}"}]}
RESULT: undefined
COMMAND: POST /session/b1e904011ad8e22b26328390ecfe3dd0/execute/async - {"script":"<script> [6424 bytes]","args":[{"element-6066-11e4-a52e-4f735466cecf":"f.CA0320F3C4D5DF4C38F9949593A05479.d.69885B8863464BEF7A5A594B3534FF1D.e.5166"},"getText",[]]}
RESULT: {}
RESULT: {"script":"<script> [6424 bytes]","args":[{"element-6066-11e4-a52e-4f735466cecf":"f.CA0320F3C4D5DF4C38F9949593A05479.d.69885B8863464BEF7A5A594B3534FF1D.e.5166"},"getText",[]]}
COMMAND: POST /session/b1e904011ad8e22b26328390ecfe3dd0/execute/async - {"script":"<script> [1562 bytes]","args":[{"selector":{"id":"application-manageconditionprice-display-component---dailyPrices--condBillCond","interaction":{"idSuffix":"inner"}},"wdio_ui5_key":"applicationmanageconditionprice-display-component---dailyPrices--condBillCond"}]}
RESULT: {"script":"<script> [1562 bytes]","args":[{"selector":{"id":"application-manageconditionprice-display-component---dailyPrices--condBillCond","interaction":{"idSuffix":"inner"}},"wdio_ui5_key":"applicationmanageconditionprice-display-component---dailyPrices--condBillCond"}]}
RESULT: undefined
COMMAND: POST /session/b1e904011ad8e22b26328390ecfe3dd0/execute/async - {"script":"<script> [776 bytes]","args":[{"enterText":"Residual Value %","selector":{"id":"application-manageconditionprice-display-component---dailyPrices--condBillCond","interaction":{"idSuffix":"inner"}},"clearTextFirst":true,"interactionType":"ENTER_TEXT"}]}
RESULT: {"script":"<script> [776 bytes]","args":[{"enterText":"Residual Value %","selector":{"id":"application-manageconditionprice-display-component---dailyPrices--condBillCond","interaction":{"idSuffix":"inner"}},"clearTextFirst":true,"interactionType":"ENTER_TEXT"}]}
COMMAND: POST /session/b1e904011ad8e22b26328390ecfe3dd0/execute/async - {"script":"<script> [1562 bytes]","args":[{"selector":{"controlType":"sap.m.StandardListItem","viewName":"etm.portal.ui.manageconditionprice.view.DailyPrices","viewId":"application-manageconditionprice-display-component---dailyPrices","properties":{"type":"Active"},"searchOpenDialogs":true,"interaction":{"idSuffix":"titleText"}},"wdio_ui5_key":"etmportal.ui.manageconditionprice.view.DailyPricessap.m.StandardListItem{\"type\":\"Active\"}"}]}
RESULT: {"script":"<script> [1562 bytes]","args":[{"selector":{"controlType":"sap.m.StandardListItem","viewName":"etm.portal.ui.manageconditionprice.view.DailyPrices","viewId":"application-manageconditionprice-display-component---dailyPrices","properties":{"type":"Active"},"searchOpenDialogs":true,"interaction":{"idSuffix":"titleText"}},"wdio_ui5_key":"etmportal.ui.manageconditionprice.view.DailyPricessap.m.StandardListItem{\"type\":\"Active\"}"}]}
RESULT: undefined
COMMAND: POST /session/b1e904011ad8e22b26328390ecfe3dd0/element - {"using":"xpath","value":"//*[@id=\"__item42\"]"}
RESULT: {"using":"xpath","value":"//*[@id=\"__item42\"]"}
COMMAND: POST /session/b1e904011ad8e22b26328390ecfe3dd0/element/f.CA0320F3C4D5DF4C38F9949593A05479.d.69885B8863464BEF7A5A594B3534FF1D.e.5170/click - {}
RESULT: {}
COMMAND: POST /session/b1e904011ad8e22b26328390ecfe3dd0/execute/async - {"script":"<script> [1562 bytes]","args":[{"selector":{"id":"application-manageconditionprice-display-component---dailyPrices--editBtn","interaction":{"idSuffix":"BDI-content"}},"wdio_ui5_key":"applicationmanageconditionprice-display-component---dailyPrices--editBtn"}]}
COMMAND: GET /session/b1e904011ad8e22b26328390ecfe3dd0/screenshot - {}
RESULT: {"script":"<script> [1562 bytes]","args":[{"selector":{"id":"application-manageconditionprice-display-component---dailyPrices--editBtn","interaction":{"idSuffix":"BDI-content"}},"wdio_ui5_key":"applicationmanageconditionprice-display-component---dailyPrices--editBtn"}]}
RESULT: undefined
COMMAND: POST /session/b1e904011ad8e22b26328390ecfe3dd0/element - {"using":"xpath","value":"//*[@id=\"application-manageconditionprice-display-component---dailyPrices--editBtn\"]"}
RESULT: {}
RESULT: {"using":"xpath","value":"//*[@id=\"application-manageconditionprice-display-component---dailyPrices--editBtn\"]"}
COMMAND: POST /session/b1e904011ad8e22b26328390ecfe3dd0/element/f.CA0320F3C4D5DF4C38F9949593A05479.d.69885B8863464BEF7A5A594B3534FF1D.e.5168/click - {}
RESULT: {}
COMMAND: POST /session/b1e904011ad8e22b26328390ecfe3dd0/execute/async - {"script":"<script> [1562 bytes]","args":[{"selector":{"controlType":"sap.m.Button","viewName":"etm.portal.ui.manageconditionprice.view.DailyPrices","viewId":"application-manageconditionprice-display-component---dailyPrices","i18NText":{"propertyName":"text","key":"add"},"interaction":{"idSuffix":"BDI-content"}},"wdio_ui5_key":"etmportal.ui.manageconditionprice.view.DailyPricessap.m.Button{\"propertyName\":\"text\",\"key\":\"add\"}"}]}
COMMAND: GET /session/b1e904011ad8e22b26328390ecfe3dd0/screenshot - {}
RESULT: {"script":"<script> [1562 bytes]","args":[{"selector":{"controlType":"sap.m.Button","viewName":"etm.portal.ui.manageconditionprice.view.DailyPrices","viewId":"application-manageconditionprice-display-component---dailyPrices","i18NText":{"propertyName":"text","key":"add"},"interaction":{"idSuffix":"BDI-content"}},"wdio_ui5_key":"etmportal.ui.manageconditionprice.view.DailyPricessap.m.Button{\"propertyName\":\"text\",\"key\":\"add\"}"}]}
RESULT: undefined
COMMAND: POST /session/b1e904011ad8e22b26328390ecfe3dd0/element - {"using":"xpath","value":"//*[@id=\"__button6\"]"}
RESULT: {}
RESULT: {"using":"xpath","value":"//*[@id=\"__button6\"]"}
COMMAND: POST /session/b1e904011ad8e22b26328390ecfe3dd0/element/f.CA0320F3C4D5DF4C38F9949593A05479.d.69885B8863464BEF7A5A594B3534FF1D.e.5178/click - {}
RESULT: {}
COMMAND: POST /session/b1e904011ad8e22b26328390ecfe3dd0/elements - {"using":"css selector","value":"table tr"}
COMMAND: GET /session/b1e904011ad8e22b26328390ecfe3dd0/screenshot - {}
RESULT: {"using":"css selector","value":"table tr"}
COMMAND: POST /session/b1e904011ad8e22b26328390ecfe3dd0/element/f.CA0320F3C4D5DF4C38F9949593A05479.d.69885B8863464BEF7A5A594B3534FF1D.e.5383/elements - {"using":"css selector","value":"input"}
RESULT: {}
RESULT: {"using":"css selector","value":"input"}
COMMAND: POST /session/b1e904011ad8e22b26328390ecfe3dd0/element/f.CA0320F3C4D5DF4C38F9949593A05479.d.69885B8863464BEF7A5A594B3534FF1D.e.5386/clear - {}
COMMAND: POST /session/b1e904011ad8e22b26328390ecfe3dd0/element/f.CA0320F3C4D5DF4C38F9949593A05479.d.69885B8863464BEF7A5A594B3534FF1D.e.5384/clear - {}
COMMAND: POST /session/b1e904011ad8e22b26328390ecfe3dd0/element/f.CA0320F3C4D5DF4C38F9949593A05479.d.69885B8863464BEF7A5A594B3534FF1D.e.5387/clear - {}
COMMAND: POST /session/b1e904011ad8e22b26328390ecfe3dd0/element/f.CA0320F3C4D5DF4C38F9949593A05479.d.69885B8863464BEF7A5A594B3534FF1D.e.5385/clear - {}
COMMAND: POST /session/b1e904011ad8e22b26328390ecfe3dd0/element/f.CA0320F3C4D5DF4C38F9949593A05479.d.69885B8863464BEF7A5A594B3534FF1D.e.5383/elements - {"using":"css selector","value":"td"}
RESULT: {}
COMMAND: POST /session/b1e904011ad8e22b26328390ecfe3dd0/element/f.CA0320F3C4D5DF4C38F9949593A05479.d.69885B8863464BEF7A5A594B3534FF1D.e.5385/value - {"text":"10/29/25"}
COMMAND: GET /session/b1e904011ad8e22b26328390ecfe3dd0/screenshot - {}
RESULT: {"using":"css selector","value":"td"}
COMMAND: POST /session/b1e904011ad8e22b26328390ecfe3dd0/element - {"using":"xpath","value":".//li[contains(., \"2240\") and not(.//li)]"}
COMMAND: POST /session/b1e904011ad8e22b26328390ecfe3dd0/element/f.CA0320F3C4D5DF4C38F9949593A05479.d.69885B8863464BEF7A5A594B3534FF1D.e.5405/element - {"using":"css selector","value":"input"}
COMMAND: POST /session/b1e904011ad8e22b26328390ecfe3dd0/element/f.CA0320F3C4D5DF4C38F9949593A05479.d.69885B8863464BEF7A5A594B3534FF1D.e.5405/element - {"using":"css selector","value":"input"}
RESULT: {}
COMMAND: POST /session/b1e904011ad8e22b26328390ecfe3dd0/element/f.CA0320F3C4D5DF4C38F9949593A05479.d.69885B8863464BEF7A5A594B3534FF1D.e.5387/value - {"text":"Euro"}
COMMAND: GET /session/b1e904011ad8e22b26328390ecfe3dd0/screenshot - {}
RESULT: {}
COMMAND: POST /session/b1e904011ad8e22b26328390ecfe3dd0/element/f.CA0320F3C4D5DF4C38F9949593A05479.d.69885B8863464BEF7A5A594B3534FF1D.e.5384/value - {"text":"05/29/25"}
COMMAND: GET /session/b1e904011ad8e22b26328390ecfe3dd0/screenshot - {}
RESULT: {}
COMMAND: POST /session/b1e904011ad8e22b26328390ecfe3dd0/element/f.CA0320F3C4D5DF4C38F9949593A05479.d.69885B8863464BEF7A5A594B3534FF1D.e.5386/value - {"text":"705.60"}
COMMAND: GET /session/b1e904011ad8e22b26328390ecfe3dd0/screenshot - {}
RESULT: {"text":"10/29/25"}
COMMAND: GET /session/b1e904011ad8e22b26328390ecfe3dd0/screenshot - {}
RESULT: {}
RESULT: {"using":"xpath","value":".//li[contains(., \"2240\") and not(.//li)]"}
RESULT: {"using":"css selector","value":"input"}
COMMAND: POST /session/b1e904011ad8e22b26328390ecfe3dd0/element/f.CA0320F3C4D5DF4C38F9949593A05479.d.69885B8863464BEF7A5A594B3534FF1D.e.5388/click - {}
RESULT: {"using":"css selector","value":"input"}
COMMAND: POST /session/b1e904011ad8e22b26328390ecfe3dd0/element/f.CA0320F3C4D5DF4C38F9949593A05479.d.69885B8863464BEF7A5A594B3534FF1D.e.5388/clear - {}
RESULT: {"text":"Euro"}
COMMAND: GET /session/b1e904011ad8e22b26328390ecfe3dd0/screenshot - {}
RESULT: {}
RESULT: {"text":"05/29/25"}
COMMAND: GET /session/b1e904011ad8e22b26328390ecfe3dd0/screenshot - {}
COMMAND: POST /session/b1e904011ad8e22b26328390ecfe3dd0/elements - {"using":"xpath","value":".//li[contains(., \"2240\") and not(.//li)]"}
RESULT: {}
RESULT: {"text":"705.60"}
COMMAND: GET /session/b1e904011ad8e22b26328390ecfe3dd0/screenshot - {}
RESULT: {}
RESULT: {}
RESULT: {}
COMMAND: GET /session/b1e904011ad8e22b26328390ecfe3dd0/screenshot - {}
RESULT: {}
COMMAND: POST /session/b1e904011ad8e22b26328390ecfe3dd0/element/f.CA0320F3C4D5DF4C38F9949593A05479.d.69885B8863464BEF7A5A594B3534FF1D.e.5388/value - {"text":"2240"}
COMMAND: GET /session/b1e904011ad8e22b26328390ecfe3dd0/screenshot - {}
RESULT: {}
RESULT: {}
RESULT: {"using":"xpath","value":".//li[contains(., \"2240\") and not(.//li)]"}
COMMAND: POST /session/b1e904011ad8e22b26328390ecfe3dd0/elements - {"using":"xpath","value":".//li[contains(., \"2240\") and not(.//li)]"}
RESULT: {}
RESULT: {}
RESULT: {"text":"2240"}
COMMAND: GET /session/b1e904011ad8e22b26328390ecfe3dd0/screenshot - {}
RESULT: {}
RESULT: {"using":"xpath","value":".//li[contains(., \"2240\") and not(.//li)]"}
COMMAND: POST /session/b1e904011ad8e22b26328390ecfe3dd0/element - {"using":"xpath","value":".//li[contains(., \"2240\") and not(.//li)]"}
RESULT: {}
RESULT: {"using":"xpath","value":".//li[contains(., \"2240\") and not(.//li)]"}
COMMAND: POST /session/b1e904011ad8e22b26328390ecfe3dd0/element/f.CA0320F3C4D5DF4C38F9949593A05479.d.69885B8863464BEF7A5A594B3534FF1D.e.5411/click - {}
RESULT: {}
COMMAND: POST /session/b1e904011ad8e22b26328390ecfe3dd0/element/f.CA0320F3C4D5DF4C38F9949593A05479.d.69885B8863464BEF7A5A594B3534FF1D.e.5406/element - {"using":"css selector","value":"input"}
COMMAND: GET /session/b1e904011ad8e22b26328390ecfe3dd0/screenshot - {}
RESULT: {"using":"css selector","value":"input"}
COMMAND: POST /session/b1e904011ad8e22b26328390ecfe3dd0/element/f.CA0320F3C4D5DF4C38F9949593A05479.d.69885B8863464BEF7A5A594B3534FF1D.e.5389/click - {}
RESULT: {}
RESULT: {}
COMMAND: GET /session/b1e904011ad8e22b26328390ecfe3dd0/screenshot - {}
RESULT: {}
COMMAND: POST /session/b1e904011ad8e22b26328390ecfe3dd0/element/f.CA0320F3C4D5DF4C38F9949593A05479.d.69885B8863464BEF7A5A594B3534FF1D.e.5406/element - {"using":"css selector","value":"input"}
RESULT: {"using":"css selector","value":"input"}
COMMAND: POST /session/b1e904011ad8e22b26328390ecfe3dd0/element/f.CA0320F3C4D5DF4C38F9949593A05479.d.69885B8863464BEF7A5A594B3534FF1D.e.5389/clear - {}
RESULT: {}
COMMAND: POST /session/b1e904011ad8e22b26328390ecfe3dd0/element/f.CA0320F3C4D5DF4C38F9949593A05479.d.69885B8863464BEF7A5A594B3534FF1D.e.5389/value - {"text":"468"}
COMMAND: GET /session/b1e904011ad8e22b26328390ecfe3dd0/screenshot - {}
RESULT: {"text":"468"}
COMMAND: GET /session/b1e904011ad8e22b26328390ecfe3dd0/screenshot - {}
RESULT: {}
RESULT: {}
COMMAND: POST /session/b1e904011ad8e22b26328390ecfe3dd0/element - {"using":"xpath","value":".//li[contains(., \"468\") and not(.//li)]"}
RESULT: {"using":"xpath","value":".//li[contains(., \"468\") and not(.//li)]"}
COMMAND: POST /session/b1e904011ad8e22b26328390ecfe3dd0/element/f.CA0320F3C4D5DF4C38F9949593A05479.d.69885B8863464BEF7A5A594B3534FF1D.e.5412/click - {}
RESULT: {}
RESULT: undefined
COMMAND: POST /session/b1e904011ad8e22b26328390ecfe3dd0/element - {"using":"xpath","value":"//*[@id=\"__button6\"]"}
COMMAND: GET /session/b1e904011ad8e22b26328390ecfe3dd0/screenshot - {}
RESULT: {"using":"xpath","value":"//*[@id=\"__button6\"]"}
COMMAND: POST /session/b1e904011ad8e22b26328390ecfe3dd0/element/f.CA0320F3C4D5DF4C38F9949593A05479.d.69885B8863464BEF7A5A594B3534FF1D.e.5178/click - {}
RESULT: {}
RESULT: {}
COMMAND: POST /session/b1e904011ad8e22b26328390ecfe3dd0/elements - {"using":"css selector","value":"table tr"}
COMMAND: GET /session/b1e904011ad8e22b26328390ecfe3dd0/screenshot - {}
RESULT: {"using":"css selector","value":"table tr"}
COMMAND: POST /session/b1e904011ad8e22b26328390ecfe3dd0/element/f.CA0320F3C4D5DF4C38F9949593A05479.d.69885B8863464BEF7A5A594B3534FF1D.e.5414/elements - {"using":"css selector","value":"input"}
RESULT: {}
RESULT: {"using":"css selector","value":"input"}
COMMAND: POST /session/b1e904011ad8e22b26328390ecfe3dd0/element/f.CA0320F3C4D5DF4C38F9949593A05479.d.69885B8863464BEF7A5A594B3534FF1D.e.5417/clear - {}
COMMAND: POST /session/b1e904011ad8e22b26328390ecfe3dd0/element/f.CA0320F3C4D5DF4C38F9949593A05479.d.69885B8863464BEF7A5A594B3534FF1D.e.5415/clear - {}
COMMAND: POST /session/b1e904011ad8e22b26328390ecfe3dd0/element/f.CA0320F3C4D5DF4C38F9949593A05479.d.69885B8863464BEF7A5A594B3534FF1D.e.5418/clear - {}
COMMAND: POST /session/b1e904011ad8e22b26328390ecfe3dd0/element/f.CA0320F3C4D5DF4C38F9949593A05479.d.69885B8863464BEF7A5A594B3534FF1D.e.5416/clear - {}
RESULT: {}
COMMAND: POST /session/b1e904011ad8e22b26328390ecfe3dd0/element/f.CA0320F3C4D5DF4C38F9949593A05479.d.69885B8863464BEF7A5A594B3534FF1D.e.5417/value - {"text":"99.5"}
COMMAND: GET /session/b1e904011ad8e22b26328390ecfe3dd0/screenshot - {}
RESULT: {}
COMMAND: POST /session/b1e904011ad8e22b26328390ecfe3dd0/element/f.CA0320F3C4D5DF4C38F9949593A05479.d.69885B8863464BEF7A5A594B3534FF1D.e.5415/value - {"text":"05/29/25"}
COMMAND: GET /session/b1e904011ad8e22b26328390ecfe3dd0/screenshot - {}
RESULT: {}
COMMAND: POST /session/b1e904011ad8e22b26328390ecfe3dd0/element/f.CA0320F3C4D5DF4C38F9949593A05479.d.69885B8863464BEF7A5A594B3534FF1D.e.5418/value - {"text":"US Dollar"}
COMMAND: GET /session/b1e904011ad8e22b26328390ecfe3dd0/screenshot - {}
RESULT: {}
COMMAND: POST /session/b1e904011ad8e22b26328390ecfe3dd0/element/f.CA0320F3C4D5DF4C38F9949593A05479.d.69885B8863464BEF7A5A594B3534FF1D.e.5416/value - {"text":"10/29/25"}
COMMAND: GET /session/b1e904011ad8e22b26328390ecfe3dd0/screenshot - {}
RESULT: {}
RESULT: {"text":"99.5"}
COMMAND: GET /session/b1e904011ad8e22b26328390ecfe3dd0/screenshot - {}
COMMAND: POST /session/b1e904011ad8e22b26328390ecfe3dd0/element/f.CA0320F3C4D5DF4C38F9949593A05479.d.69885B8863464BEF7A5A594B3534FF1D.e.5414/elements - {"using":"css selector","value":"td"}
RESULT: {"text":"05/29/25"}
COMMAND: GET /session/b1e904011ad8e22b26328390ecfe3dd0/screenshot - {}
RESULT: {}
RESULT: {"text":"US Dollar"}
COMMAND: GET /session/b1e904011ad8e22b26328390ecfe3dd0/screenshot - {}
RESULT: {}
RESULT: {"text":"10/29/25"}
COMMAND: GET /session/b1e904011ad8e22b26328390ecfe3dd0/screenshot - {}
RESULT: {}
RESULT: {}
RESULT: {"using":"css selector","value":"td"}
COMMAND: POST /session/b1e904011ad8e22b26328390ecfe3dd0/element/f.CA0320F3C4D5DF4C38F9949593A05479.d.69885B8863464BEF7A5A594B3534FF1D.e.5436/element - {"using":"css selector","value":"input"}
RESULT: {}
RESULT: {}
RESULT: {}
RESULT: {"using":"css selector","value":"input"}
COMMAND: POST /session/b1e904011ad8e22b26328390ecfe3dd0/element/f.CA0320F3C4D5DF4C38F9949593A05479.d.69885B8863464BEF7A5A594B3534FF1D.e.5419/click - {}
RESULT: {}
COMMAND: GET /session/b1e904011ad8e22b26328390ecfe3dd0/screenshot - {}
RESULT: {}
COMMAND: POST /session/b1e904011ad8e22b26328390ecfe3dd0/element/f.CA0320F3C4D5DF4C38F9949593A05479.d.69885B8863464BEF7A5A594B3534FF1D.e.5436/element - {"using":"css selector","value":"input"}
RESULT: {"using":"css selector","value":"input"}
COMMAND: POST /session/b1e904011ad8e22b26328390ecfe3dd0/element/f.CA0320F3C4D5DF4C38F9949593A05479.d.69885B8863464BEF7A5A594B3534FF1D.e.5419/clear - {}
RESULT: {}
COMMAND: POST /session/b1e904011ad8e22b26328390ecfe3dd0/element/f.CA0320F3C4D5DF4C38F9949593A05479.d.69885B8863464BEF7A5A594B3534FF1D.e.5419/value - {"text":"2240"}
COMMAND: GET /session/b1e904011ad8e22b26328390ecfe3dd0/screenshot - {}
RESULT: {"text":"2240"}
COMMAND: GET /session/b1e904011ad8e22b26328390ecfe3dd0/screenshot - {}
RESULT: {}
RESULT: {}
COMMAND: POST /session/b1e904011ad8e22b26328390ecfe3dd0/element - {"using":"xpath","value":"(//li[div//span[contains(text(), '2240')]])[2]"}
RESULT: {"using":"xpath","value":"(//li[div//span[contains(text(), '2240')]])[2]"}
COMMAND: POST /session/b1e904011ad8e22b26328390ecfe3dd0/element/f.CA0320F3C4D5DF4C38F9949593A05479.d.69885B8863464BEF7A5A594B3534FF1D.e.5442/click - {}
RESULT: {}
COMMAND: POST /session/b1e904011ad8e22b26328390ecfe3dd0/execute/async - {"script":"<script> [1562 bytes]","args":[{"selector":{"controlType":"sap.m.Button","viewName":"etm.portal.ui.manageconditionprice.view.DailyPrices","viewId":"application-manageconditionprice-display-component---dailyPrices","i18NText":{"propertyName":"tooltip","key":"save"},"interaction":{"idSuffix":"BDI-content"}},"wdio_ui5_key":"etmportal.ui.manageconditionprice.view.DailyPricessap.m.Button{\"propertyName\":\"tooltip\",\"key\":\"save\"}"}]}
COMMAND: GET /session/b1e904011ad8e22b26328390ecfe3dd0/screenshot - {}
RESULT: {"script":"<script> [1562 bytes]","args":[{"selector":{"controlType":"sap.m.Button","viewName":"etm.portal.ui.manageconditionprice.view.DailyPrices","viewId":"application-manageconditionprice-display-component---dailyPrices","i18NText":{"propertyName":"tooltip","key":"save"},"interaction":{"idSuffix":"BDI-content"}},"wdio_ui5_key":"etmportal.ui.manageconditionprice.view.DailyPricessap.m.Button{\"propertyName\":\"tooltip\",\"key\":\"save\"}"}]}
RESULT: undefined
COMMAND: POST /session/b1e904011ad8e22b26328390ecfe3dd0/element - {"using":"xpath","value":"//*[@id=\"__button8\"]"}
RESULT: {}
RESULT: {"using":"xpath","value":"//*[@id=\"__button8\"]"}
COMMAND: POST /session/b1e904011ad8e22b26328390ecfe3dd0/element/f.CA0320F3C4D5DF4C38F9949593A05479.d.69885B8863464BEF7A5A594B3534FF1D.e.5172/click - {}
RESULT: {}
COMMAND: GET /session/b1e904011ad8e22b26328390ecfe3dd0/screenshot - {}
RESULT: {}
]]></system-out>
    </testcase>
    <testcase classname="chrome.136_0_7103_93.windows.Edit_and_delete_daily_price_US134629_US134627" name="Should check whether the 2 rows have been added then edit one of the rows s currency and value and save and check the edited values" time="10.974">
      <system-out><![CDATA[
COMMAND: POST /session/b1e904011ad8e22b26328390ecfe3dd0/elements - {"using":"css selector","value":"table tr"}
RESULT: {"using":"css selector","value":"table tr"}
COMMAND: POST /session/b1e904011ad8e22b26328390ecfe3dd0/element/f.CA0320F3C4D5DF4C38F9949593A05479.d.69885B8863464BEF7A5A594B3534FF1D.e.5414/elements - {"using":"css selector","value":"td"}
RESULT: {"using":"css selector","value":"td"}
COMMAND: POST /session/b1e904011ad8e22b26328390ecfe3dd0/element/f.CA0320F3C4D5DF4C38F9949593A05479.d.69885B8863464BEF7A5A594B3534FF1D.e.5383/elements - {"using":"css selector","value":"td"}
RESULT: {"using":"css selector","value":"td"}
COMMAND: POST /session/b1e904011ad8e22b26328390ecfe3dd0/element/f.CA0320F3C4D5DF4C38F9949593A05479.d.69885B8863464BEF7A5A594B3534FF1D.e.5445/element - {"using":"css selector","value":".sapMObjectNumberText"}
RESULT: {"using":"css selector","value":".sapMObjectNumberText"}
COMMAND: GET /session/b1e904011ad8e22b26328390ecfe3dd0/element/f.CA0320F3C4D5DF4C38F9949593A05479.d.69885B8863464BEF7A5A594B3534FF1D.e.5447/text - {}
RESULT: {}
COMMAND: POST /session/b1e904011ad8e22b26328390ecfe3dd0/element/f.CA0320F3C4D5DF4C38F9949593A05479.d.69885B8863464BEF7A5A594B3534FF1D.e.5446/element - {"using":"css selector","value":".sapMObjectNumberText"}
RESULT: {"using":"css selector","value":".sapMObjectNumberText"}
COMMAND: GET /session/b1e904011ad8e22b26328390ecfe3dd0/element/f.CA0320F3C4D5DF4C38F9949593A05479.d.69885B8863464BEF7A5A594B3534FF1D.e.5448/text - {}
RESULT: {}
RESULT: undefined
COMMAND: POST /session/b1e904011ad8e22b26328390ecfe3dd0/element - {"using":"xpath","value":"//*[@id=\"application-manageconditionprice-display-component---dailyPrices--editBtn\"]"}
RESULT: {"using":"xpath","value":"//*[@id=\"application-manageconditionprice-display-component---dailyPrices--editBtn\"]"}
COMMAND: POST /session/b1e904011ad8e22b26328390ecfe3dd0/element/f.CA0320F3C4D5DF4C38F9949593A05479.d.69885B8863464BEF7A5A594B3534FF1D.e.5444/click - {}
RESULT: {}
COMMAND: POST /session/b1e904011ad8e22b26328390ecfe3dd0/elements - {"using":"css selector","value":"table tr"}
COMMAND: GET /session/b1e904011ad8e22b26328390ecfe3dd0/screenshot - {}
RESULT: {"using":"css selector","value":"table tr"}
COMMAND: POST /session/b1e904011ad8e22b26328390ecfe3dd0/element/f.CA0320F3C4D5DF4C38F9949593A05479.d.69885B8863464BEF7A5A594B3534FF1D.e.5414/elements - {"using":"css selector","value":"input"}
RESULT: {}
RESULT: {"using":"css selector","value":"input"}
COMMAND: POST /session/b1e904011ad8e22b26328390ecfe3dd0/element/f.CA0320F3C4D5DF4C38F9949593A05479.d.69885B8863464BEF7A5A594B3534FF1D.e.5463/clear - {}
COMMAND: POST /session/b1e904011ad8e22b26328390ecfe3dd0/element/f.CA0320F3C4D5DF4C38F9949593A05479.d.69885B8863464BEF7A5A594B3534FF1D.e.5464/clear - {}
RESULT: {}
COMMAND: POST /session/b1e904011ad8e22b26328390ecfe3dd0/element/f.CA0320F3C4D5DF4C38F9949593A05479.d.69885B8863464BEF7A5A594B3534FF1D.e.5464/value - {"text":"US Dollar"}
COMMAND: GET /session/b1e904011ad8e22b26328390ecfe3dd0/screenshot - {}
RESULT: {}
COMMAND: POST /session/b1e904011ad8e22b26328390ecfe3dd0/element/f.CA0320F3C4D5DF4C38F9949593A05479.d.69885B8863464BEF7A5A594B3534FF1D.e.5463/value - {"text":"566.1"}
COMMAND: GET /session/b1e904011ad8e22b26328390ecfe3dd0/screenshot - {}
RESULT: {"text":"US Dollar"}
COMMAND: GET /session/b1e904011ad8e22b26328390ecfe3dd0/screenshot - {}
RESULT: {}
RESULT: {"text":"566.1"}
COMMAND: GET /session/b1e904011ad8e22b26328390ecfe3dd0/screenshot - {}
RESULT: {}
RESULT: {}
RESULT: {}
RESULT: undefined
COMMAND: POST /session/b1e904011ad8e22b26328390ecfe3dd0/element - {"using":"xpath","value":"//*[@id=\"__button8\"]"}
RESULT: {"using":"xpath","value":"//*[@id=\"__button8\"]"}
COMMAND: POST /session/b1e904011ad8e22b26328390ecfe3dd0/element/f.CA0320F3C4D5DF4C38F9949593A05479.d.69885B8863464BEF7A5A594B3534FF1D.e.5449/click - {}
RESULT: {}
COMMAND: GET /session/b1e904011ad8e22b26328390ecfe3dd0/screenshot - {}
RESULT: {}
COMMAND: POST /session/b1e904011ad8e22b26328390ecfe3dd0/elements - {"using":"css selector","value":"table tr"}
RESULT: {"using":"css selector","value":"table tr"}
COMMAND: POST /session/b1e904011ad8e22b26328390ecfe3dd0/element/f.CA0320F3C4D5DF4C38F9949593A05479.d.69885B8863464BEF7A5A594B3534FF1D.e.5414/elements - {"using":"css selector","value":"td"}
RESULT: {"using":"css selector","value":"td"}
COMMAND: POST /session/b1e904011ad8e22b26328390ecfe3dd0/element/f.CA0320F3C4D5DF4C38F9949593A05479.d.69885B8863464BEF7A5A594B3534FF1D.e.5468/element - {"using":"css selector","value":".sapMObjectNumberText"}
RESULT: {"using":"css selector","value":".sapMObjectNumberText"}
COMMAND: GET /session/b1e904011ad8e22b26328390ecfe3dd0/element/f.CA0320F3C4D5DF4C38F9949593A05479.d.69885B8863464BEF7A5A594B3534FF1D.e.5470/text - {}
RESULT: {}
]]></system-out>
    </testcase>
    <testcase classname="chrome.136_0_7103_93.windows.Edit_and_delete_daily_price_US134629_US134627" name="Should go into edit and delete all the rows that match the yard we have created for this scenario check if all rows deleted" time="66.002">
      <failure/>
      <error message="Can't call getValue on element with selector &quot;input&quot; because element wasn't found"/>
      <system-out><![CDATA[
RESULT: undefined
COMMAND: POST /session/b1e904011ad8e22b26328390ecfe3dd0/element - {"using":"xpath","value":"//*[@id=\"application-manageconditionprice-display-component---dailyPrices--editBtn\"]"}
RESULT: {"using":"xpath","value":"//*[@id=\"application-manageconditionprice-display-component---dailyPrices--editBtn\"]"}
COMMAND: POST /session/b1e904011ad8e22b26328390ecfe3dd0/element/f.CA0320F3C4D5DF4C38F9949593A05479.d.69885B8863464BEF7A5A594B3534FF1D.e.5467/click - {}
RESULT: {}
COMMAND: GET /session/b1e904011ad8e22b26328390ecfe3dd0/screenshot - {}
RESULT: {}
COMMAND: POST /session/b1e904011ad8e22b26328390ecfe3dd0/elements - {"using":"css selector","value":"table tr"}
RESULT: {"using":"css selector","value":"table tr"}
COMMAND: POST /session/b1e904011ad8e22b26328390ecfe3dd0/element/f.CA0320F3C4D5DF4C38F9949593A05479.d.69885B8863464BEF7A5A594B3534FF1D.e.5180/elements - {"using":"css selector","value":"td"}
RESULT: {"using":"css selector","value":"td"}
COMMAND: POST /session/b1e904011ad8e22b26328390ecfe3dd0/element/f.CA0320F3C4D5DF4C38F9949593A05479.d.69885B8863464BEF7A5A594B3534FF1D.e.5181/elements - {"using":"css selector","value":"td"}
RESULT: {"using":"css selector","value":"td"}
COMMAND: POST /session/b1e904011ad8e22b26328390ecfe3dd0/element/f.CA0320F3C4D5DF4C38F9949593A05479.d.69885B8863464BEF7A5A594B3534FF1D.e.5182/elements - {"using":"css selector","value":"td"}
RESULT: {"using":"css selector","value":"td"}
COMMAND: POST /session/b1e904011ad8e22b26328390ecfe3dd0/element/f.CA0320F3C4D5DF4C38F9949593A05479.d.69885B8863464BEF7A5A594B3534FF1D.e.5484/element - {"using":"css selector","value":"input"}
RESULT: {"using":"css selector","value":"input"}
COMMAND: POST /session/b1e904011ad8e22b26328390ecfe3dd0/element/f.CA0320F3C4D5DF4C38F9949593A05479.d.69885B8863464BEF7A5A594B3534FF1D.e.5484/elements - {"using":"css selector","value":"input"}
RESULT: {"using":"css selector","value":"input"}
COMMAND: POST /session/b1e904011ad8e22b26328390ecfe3dd0/element/f.CA0320F3C4D5DF4C38F9949593A05479.d.69885B8863464BEF7A5A594B3534FF1D.e.5484/elements - {"using":"css selector","value":"input"}
RESULT: {"using":"css selector","value":"input"}
COMMAND: POST /session/b1e904011ad8e22b26328390ecfe3dd0/element/f.CA0320F3C4D5DF4C38F9949593A05479.d.69885B8863464BEF7A5A594B3534FF1D.e.5484/elements - {"using":"css selector","value":"input"}
RESULT: {"using":"css selector","value":"input"}
COMMAND: POST /session/b1e904011ad8e22b26328390ecfe3dd0/element/f.CA0320F3C4D5DF4C38F9949593A05479.d.69885B8863464BEF7A5A594B3534FF1D.e.5484/elements - {"using":"css selector","value":"input"}
RESULT: {"using":"css selector","value":"input"}
COMMAND: POST /session/b1e904011ad8e22b26328390ecfe3dd0/element/f.CA0320F3C4D5DF4C38F9949593A05479.d.69885B8863464BEF7A5A594B3534FF1D.e.5484/elements - {"using":"css selector","value":"input"}
RESULT: {"using":"css selector","value":"input"}
COMMAND: POST /session/b1e904011ad8e22b26328390ecfe3dd0/element/f.CA0320F3C4D5DF4C38F9949593A05479.d.69885B8863464BEF7A5A594B3534FF1D.e.5484/elements - {"using":"css selector","value":"input"}
RESULT: {"using":"css selector","value":"input"}
COMMAND: POST /session/b1e904011ad8e22b26328390ecfe3dd0/element/f.CA0320F3C4D5DF4C38F9949593A05479.d.69885B8863464BEF7A5A594B3534FF1D.e.5484/elements - {"using":"css selector","value":"input"}
RESULT: {"using":"css selector","value":"input"}
COMMAND: POST /session/b1e904011ad8e22b26328390ecfe3dd0/element/f.CA0320F3C4D5DF4C38F9949593A05479.d.69885B8863464BEF7A5A594B3534FF1D.e.5484/elements - {"using":"css selector","value":"input"}
RESULT: {"using":"css selector","value":"input"}
COMMAND: POST /session/b1e904011ad8e22b26328390ecfe3dd0/element/f.CA0320F3C4D5DF4C38F9949593A05479.d.69885B8863464BEF7A5A594B3534FF1D.e.5484/elements - {"using":"css selector","value":"input"}
RESULT: {"using":"css selector","value":"input"}
COMMAND: POST /session/b1e904011ad8e22b26328390ecfe3dd0/element/f.CA0320F3C4D5DF4C38F9949593A05479.d.69885B8863464BEF7A5A594B3534FF1D.e.5484/elements - {"using":"css selector","value":"input"}
RESULT: {"using":"css selector","value":"input"}
COMMAND: POST /session/b1e904011ad8e22b26328390ecfe3dd0/element/f.CA0320F3C4D5DF4C38F9949593A05479.d.69885B8863464BEF7A5A594B3534FF1D.e.5484/elements - {"using":"css selector","value":"input"}
RESULT: {"using":"css selector","value":"input"}
COMMAND: POST /session/b1e904011ad8e22b26328390ecfe3dd0/element/f.CA0320F3C4D5DF4C38F9949593A05479.d.69885B8863464BEF7A5A594B3534FF1D.e.5484/elements - {"using":"css selector","value":"input"}
RESULT: {"using":"css selector","value":"input"}
COMMAND: POST /session/b1e904011ad8e22b26328390ecfe3dd0/element/f.CA0320F3C4D5DF4C38F9949593A05479.d.69885B8863464BEF7A5A594B3534FF1D.e.5484/elements - {"using":"css selector","value":"input"}
RESULT: {"using":"css selector","value":"input"}
COMMAND: POST /session/b1e904011ad8e22b26328390ecfe3dd0/element/f.CA0320F3C4D5DF4C38F9949593A05479.d.69885B8863464BEF7A5A594B3534FF1D.e.5484/elements - {"using":"css selector","value":"input"}
RESULT: {"using":"css selector","value":"input"}
COMMAND: POST /session/b1e904011ad8e22b26328390ecfe3dd0/element/f.CA0320F3C4D5DF4C38F9949593A05479.d.69885B8863464BEF7A5A594B3534FF1D.e.5484/elements - {"using":"css selector","value":"input"}
RESULT: {"using":"css selector","value":"input"}
COMMAND: POST /session/b1e904011ad8e22b26328390ecfe3dd0/element/f.CA0320F3C4D5DF4C38F9949593A05479.d.69885B8863464BEF7A5A594B3534FF1D.e.5484/elements - {"using":"css selector","value":"input"}
RESULT: {"using":"css selector","value":"input"}
COMMAND: POST /session/b1e904011ad8e22b26328390ecfe3dd0/element/f.CA0320F3C4D5DF4C38F9949593A05479.d.69885B8863464BEF7A5A594B3534FF1D.e.5484/elements - {"using":"css selector","value":"input"}
RESULT: {"using":"css selector","value":"input"}
COMMAND: POST /session/b1e904011ad8e22b26328390ecfe3dd0/element/f.CA0320F3C4D5DF4C38F9949593A05479.d.69885B8863464BEF7A5A594B3534FF1D.e.5484/elements - {"using":"css selector","value":"input"}
RESULT: {"using":"css selector","value":"input"}
COMMAND: POST /session/b1e904011ad8e22b26328390ecfe3dd0/element/f.CA0320F3C4D5DF4C38F9949593A05479.d.69885B8863464BEF7A5A594B3534FF1D.e.5484/elements - {"using":"css selector","value":"input"}
RESULT: {"using":"css selector","value":"input"}
COMMAND: POST /session/b1e904011ad8e22b26328390ecfe3dd0/element/f.CA0320F3C4D5DF4C38F9949593A05479.d.69885B8863464BEF7A5A594B3534FF1D.e.5484/elements - {"using":"css selector","value":"input"}
RESULT: {"using":"css selector","value":"input"}
COMMAND: POST /session/b1e904011ad8e22b26328390ecfe3dd0/element/f.CA0320F3C4D5DF4C38F9949593A05479.d.69885B8863464BEF7A5A594B3534FF1D.e.5484/elements - {"using":"css selector","value":"input"}
RESULT: {"using":"css selector","value":"input"}
COMMAND: POST /session/b1e904011ad8e22b26328390ecfe3dd0/element/f.CA0320F3C4D5DF4C38F9949593A05479.d.69885B8863464BEF7A5A594B3534FF1D.e.5484/elements - {"using":"css selector","value":"input"}
RESULT: {"using":"css selector","value":"input"}
COMMAND: POST /session/b1e904011ad8e22b26328390ecfe3dd0/element/f.CA0320F3C4D5DF4C38F9949593A05479.d.69885B8863464BEF7A5A594B3534FF1D.e.5484/elements - {"using":"css selector","value":"input"}
RESULT: {"using":"css selector","value":"input"}
COMMAND: POST /session/b1e904011ad8e22b26328390ecfe3dd0/element/f.CA0320F3C4D5DF4C38F9949593A05479.d.69885B8863464BEF7A5A594B3534FF1D.e.5484/elements - {"using":"css selector","value":"input"}
RESULT: {"using":"css selector","value":"input"}
COMMAND: POST /session/b1e904011ad8e22b26328390ecfe3dd0/element/f.CA0320F3C4D5DF4C38F9949593A05479.d.69885B8863464BEF7A5A594B3534FF1D.e.5484/elements - {"using":"css selector","value":"input"}
RESULT: {"using":"css selector","value":"input"}
COMMAND: POST /session/b1e904011ad8e22b26328390ecfe3dd0/element/f.CA0320F3C4D5DF4C38F9949593A05479.d.69885B8863464BEF7A5A594B3534FF1D.e.5484/elements - {"using":"css selector","value":"input"}
RESULT: {"using":"css selector","value":"input"}
COMMAND: POST /session/b1e904011ad8e22b26328390ecfe3dd0/element/f.CA0320F3C4D5DF4C38F9949593A05479.d.69885B8863464BEF7A5A594B3534FF1D.e.5484/elements - {"using":"css selector","value":"input"}
RESULT: {"using":"css selector","value":"input"}
COMMAND: POST /session/b1e904011ad8e22b26328390ecfe3dd0/element/f.CA0320F3C4D5DF4C38F9949593A05479.d.69885B8863464BEF7A5A594B3534FF1D.e.5484/elements - {"using":"css selector","value":"input"}
RESULT: {"using":"css selector","value":"input"}
COMMAND: POST /session/b1e904011ad8e22b26328390ecfe3dd0/element/f.CA0320F3C4D5DF4C38F9949593A05479.d.69885B8863464BEF7A5A594B3534FF1D.e.5484/elements - {"using":"css selector","value":"input"}
RESULT: {"using":"css selector","value":"input"}
COMMAND: POST /session/b1e904011ad8e22b26328390ecfe3dd0/element/f.CA0320F3C4D5DF4C38F9949593A05479.d.69885B8863464BEF7A5A594B3534FF1D.e.5484/elements - {"using":"css selector","value":"input"}
RESULT: {"using":"css selector","value":"input"}
COMMAND: POST /session/b1e904011ad8e22b26328390ecfe3dd0/element/f.CA0320F3C4D5DF4C38F9949593A05479.d.69885B8863464BEF7A5A594B3534FF1D.e.5484/elements - {"using":"css selector","value":"input"}
RESULT: {"using":"css selector","value":"input"}
COMMAND: POST /session/b1e904011ad8e22b26328390ecfe3dd0/element/f.CA0320F3C4D5DF4C38F9949593A05479.d.69885B8863464BEF7A5A594B3534FF1D.e.5484/elements - {"using":"css selector","value":"input"}
RESULT: {"using":"css selector","value":"input"}
COMMAND: POST /session/b1e904011ad8e22b26328390ecfe3dd0/element/f.CA0320F3C4D5DF4C38F9949593A05479.d.69885B8863464BEF7A5A594B3534FF1D.e.5484/elements - {"using":"css selector","value":"input"}
RESULT: {"using":"css selector","value":"input"}
COMMAND: POST /session/b1e904011ad8e22b26328390ecfe3dd0/element/f.CA0320F3C4D5DF4C38F9949593A05479.d.69885B8863464BEF7A5A594B3534FF1D.e.5484/elements - {"using":"css selector","value":"input"}
RESULT: {"using":"css selector","value":"input"}
COMMAND: POST /session/b1e904011ad8e22b26328390ecfe3dd0/element/f.CA0320F3C4D5DF4C38F9949593A05479.d.69885B8863464BEF7A5A594B3534FF1D.e.5484/elements - {"using":"css selector","value":"input"}
RESULT: {"using":"css selector","value":"input"}
COMMAND: POST /session/b1e904011ad8e22b26328390ecfe3dd0/element/f.CA0320F3C4D5DF4C38F9949593A05479.d.69885B8863464BEF7A5A594B3534FF1D.e.5484/elements - {"using":"css selector","value":"input"}
RESULT: {"using":"css selector","value":"input"}
COMMAND: POST /session/b1e904011ad8e22b26328390ecfe3dd0/element/f.CA0320F3C4D5DF4C38F9949593A05479.d.69885B8863464BEF7A5A594B3534FF1D.e.5484/elements - {"using":"css selector","value":"input"}
RESULT: {"using":"css selector","value":"input"}
COMMAND: POST /session/b1e904011ad8e22b26328390ecfe3dd0/element/f.CA0320F3C4D5DF4C38F9949593A05479.d.69885B8863464BEF7A5A594B3534FF1D.e.5484/elements - {"using":"css selector","value":"input"}
RESULT: {"using":"css selector","value":"input"}
COMMAND: POST /session/b1e904011ad8e22b26328390ecfe3dd0/element/f.CA0320F3C4D5DF4C38F9949593A05479.d.69885B8863464BEF7A5A594B3534FF1D.e.5484/elements - {"using":"css selector","value":"input"}
RESULT: {"using":"css selector","value":"input"}
COMMAND: POST /session/b1e904011ad8e22b26328390ecfe3dd0/element/f.CA0320F3C4D5DF4C38F9949593A05479.d.69885B8863464BEF7A5A594B3534FF1D.e.5484/elements - {"using":"css selector","value":"input"}
RESULT: {"using":"css selector","value":"input"}
COMMAND: POST /session/b1e904011ad8e22b26328390ecfe3dd0/element/f.CA0320F3C4D5DF4C38F9949593A05479.d.69885B8863464BEF7A5A594B3534FF1D.e.5484/elements - {"using":"css selector","value":"input"}
RESULT: {"using":"css selector","value":"input"}
COMMAND: POST /session/b1e904011ad8e22b26328390ecfe3dd0/element/f.CA0320F3C4D5DF4C38F9949593A05479.d.69885B8863464BEF7A5A594B3534FF1D.e.5484/elements - {"using":"css selector","value":"input"}
RESULT: {"using":"css selector","value":"input"}
COMMAND: POST /session/b1e904011ad8e22b26328390ecfe3dd0/element/f.CA0320F3C4D5DF4C38F9949593A05479.d.69885B8863464BEF7A5A594B3534FF1D.e.5484/elements - {"using":"css selector","value":"input"}
RESULT: {"using":"css selector","value":"input"}
COMMAND: POST /session/b1e904011ad8e22b26328390ecfe3dd0/element/f.CA0320F3C4D5DF4C38F9949593A05479.d.69885B8863464BEF7A5A594B3534FF1D.e.5484/elements - {"using":"css selector","value":"input"}
RESULT: {"using":"css selector","value":"input"}
COMMAND: POST /session/b1e904011ad8e22b26328390ecfe3dd0/element/f.CA0320F3C4D5DF4C38F9949593A05479.d.69885B8863464BEF7A5A594B3534FF1D.e.5484/elements - {"using":"css selector","value":"input"}
RESULT: {"using":"css selector","value":"input"}
COMMAND: POST /session/b1e904011ad8e22b26328390ecfe3dd0/element/f.CA0320F3C4D5DF4C38F9949593A05479.d.69885B8863464BEF7A5A594B3534FF1D.e.5484/elements - {"using":"css selector","value":"input"}
RESULT: {"using":"css selector","value":"input"}
COMMAND: POST /session/b1e904011ad8e22b26328390ecfe3dd0/element/f.CA0320F3C4D5DF4C38F9949593A05479.d.69885B8863464BEF7A5A594B3534FF1D.e.5484/elements - {"using":"css selector","value":"input"}
RESULT: {"using":"css selector","value":"input"}
COMMAND: POST /session/b1e904011ad8e22b26328390ecfe3dd0/element/f.CA0320F3C4D5DF4C38F9949593A05479.d.69885B8863464BEF7A5A594B3534FF1D.e.5484/elements - {"using":"css selector","value":"input"}
RESULT: {"using":"css selector","value":"input"}
COMMAND: POST /session/b1e904011ad8e22b26328390ecfe3dd0/element/f.CA0320F3C4D5DF4C38F9949593A05479.d.69885B8863464BEF7A5A594B3534FF1D.e.5484/elements - {"using":"css selector","value":"input"}
RESULT: {"using":"css selector","value":"input"}
COMMAND: POST /session/b1e904011ad8e22b26328390ecfe3dd0/element/f.CA0320F3C4D5DF4C38F9949593A05479.d.69885B8863464BEF7A5A594B3534FF1D.e.5484/elements - {"using":"css selector","value":"input"}
RESULT: {"using":"css selector","value":"input"}
COMMAND: POST /session/b1e904011ad8e22b26328390ecfe3dd0/element/f.CA0320F3C4D5DF4C38F9949593A05479.d.69885B8863464BEF7A5A594B3534FF1D.e.5484/elements - {"using":"css selector","value":"input"}
RESULT: {"using":"css selector","value":"input"}
COMMAND: POST /session/b1e904011ad8e22b26328390ecfe3dd0/element/f.CA0320F3C4D5DF4C38F9949593A05479.d.69885B8863464BEF7A5A594B3534FF1D.e.5484/elements - {"using":"css selector","value":"input"}
RESULT: {"using":"css selector","value":"input"}
COMMAND: POST /session/b1e904011ad8e22b26328390ecfe3dd0/element/f.CA0320F3C4D5DF4C38F9949593A05479.d.69885B8863464BEF7A5A594B3534FF1D.e.5484/elements - {"using":"css selector","value":"input"}
RESULT: {"using":"css selector","value":"input"}
COMMAND: POST /session/b1e904011ad8e22b26328390ecfe3dd0/element/f.CA0320F3C4D5DF4C38F9949593A05479.d.69885B8863464BEF7A5A594B3534FF1D.e.5484/elements - {"using":"css selector","value":"input"}
RESULT: {"using":"css selector","value":"input"}
COMMAND: POST /session/b1e904011ad8e22b26328390ecfe3dd0/element/f.CA0320F3C4D5DF4C38F9949593A05479.d.69885B8863464BEF7A5A594B3534FF1D.e.5484/elements - {"using":"css selector","value":"input"}
RESULT: {"using":"css selector","value":"input"}
COMMAND: POST /session/b1e904011ad8e22b26328390ecfe3dd0/element/f.CA0320F3C4D5DF4C38F9949593A05479.d.69885B8863464BEF7A5A594B3534FF1D.e.5484/elements - {"using":"css selector","value":"input"}
RESULT: {"using":"css selector","value":"input"}
COMMAND: POST /session/b1e904011ad8e22b26328390ecfe3dd0/element/f.CA0320F3C4D5DF4C38F9949593A05479.d.69885B8863464BEF7A5A594B3534FF1D.e.5484/elements - {"using":"css selector","value":"input"}
RESULT: {"using":"css selector","value":"input"}
COMMAND: POST /session/b1e904011ad8e22b26328390ecfe3dd0/element/f.CA0320F3C4D5DF4C38F9949593A05479.d.69885B8863464BEF7A5A594B3534FF1D.e.5484/elements - {"using":"css selector","value":"input"}
RESULT: {"using":"css selector","value":"input"}
COMMAND: POST /session/b1e904011ad8e22b26328390ecfe3dd0/element/f.CA0320F3C4D5DF4C38F9949593A05479.d.69885B8863464BEF7A5A594B3534FF1D.e.5484/elements - {"using":"css selector","value":"input"}
RESULT: {"using":"css selector","value":"input"}
COMMAND: POST /session/b1e904011ad8e22b26328390ecfe3dd0/element/f.CA0320F3C4D5DF4C38F9949593A05479.d.69885B8863464BEF7A5A594B3534FF1D.e.5484/elements - {"using":"css selector","value":"input"}
RESULT: {"using":"css selector","value":"input"}
COMMAND: POST /session/b1e904011ad8e22b26328390ecfe3dd0/element/f.CA0320F3C4D5DF4C38F9949593A05479.d.69885B8863464BEF7A5A594B3534FF1D.e.5484/elements - {"using":"css selector","value":"input"}
RESULT: {"using":"css selector","value":"input"}
COMMAND: POST /session/b1e904011ad8e22b26328390ecfe3dd0/element/f.CA0320F3C4D5DF4C38F9949593A05479.d.69885B8863464BEF7A5A594B3534FF1D.e.5484/elements - {"using":"css selector","value":"input"}
RESULT: {"using":"css selector","value":"input"}
COMMAND: POST /session/b1e904011ad8e22b26328390ecfe3dd0/element/f.CA0320F3C4D5DF4C38F9949593A05479.d.69885B8863464BEF7A5A594B3534FF1D.e.5484/elements - {"using":"css selector","value":"input"}
RESULT: {"using":"css selector","value":"input"}
COMMAND: POST /session/b1e904011ad8e22b26328390ecfe3dd0/element/f.CA0320F3C4D5DF4C38F9949593A05479.d.69885B8863464BEF7A5A594B3534FF1D.e.5484/elements - {"using":"css selector","value":"input"}
RESULT: {"using":"css selector","value":"input"}
COMMAND: POST /session/b1e904011ad8e22b26328390ecfe3dd0/element/f.CA0320F3C4D5DF4C38F9949593A05479.d.69885B8863464BEF7A5A594B3534FF1D.e.5484/elements - {"using":"css selector","value":"input"}
RESULT: {"using":"css selector","value":"input"}
COMMAND: POST /session/b1e904011ad8e22b26328390ecfe3dd0/element/f.CA0320F3C4D5DF4C38F9949593A05479.d.69885B8863464BEF7A5A594B3534FF1D.e.5484/elements - {"using":"css selector","value":"input"}
RESULT: {"using":"css selector","value":"input"}
COMMAND: POST /session/b1e904011ad8e22b26328390ecfe3dd0/element/f.CA0320F3C4D5DF4C38F9949593A05479.d.69885B8863464BEF7A5A594B3534FF1D.e.5484/elements - {"using":"css selector","value":"input"}
RESULT: {"using":"css selector","value":"input"}
COMMAND: POST /session/b1e904011ad8e22b26328390ecfe3dd0/element/f.CA0320F3C4D5DF4C38F9949593A05479.d.69885B8863464BEF7A5A594B3534FF1D.e.5484/elements - {"using":"css selector","value":"input"}
RESULT: {"using":"css selector","value":"input"}
COMMAND: POST /session/b1e904011ad8e22b26328390ecfe3dd0/element/f.CA0320F3C4D5DF4C38F9949593A05479.d.69885B8863464BEF7A5A594B3534FF1D.e.5484/elements - {"using":"css selector","value":"input"}
RESULT: {"using":"css selector","value":"input"}
COMMAND: POST /session/b1e904011ad8e22b26328390ecfe3dd0/element/f.CA0320F3C4D5DF4C38F9949593A05479.d.69885B8863464BEF7A5A594B3534FF1D.e.5484/elements - {"using":"css selector","value":"input"}
RESULT: {"using":"css selector","value":"input"}
COMMAND: POST /session/b1e904011ad8e22b26328390ecfe3dd0/element/f.CA0320F3C4D5DF4C38F9949593A05479.d.69885B8863464BEF7A5A594B3534FF1D.e.5484/elements - {"using":"css selector","value":"input"}
RESULT: {"using":"css selector","value":"input"}
COMMAND: POST /session/b1e904011ad8e22b26328390ecfe3dd0/element/f.CA0320F3C4D5DF4C38F9949593A05479.d.69885B8863464BEF7A5A594B3534FF1D.e.5484/elements - {"using":"css selector","value":"input"}
RESULT: {"using":"css selector","value":"input"}
COMMAND: POST /session/b1e904011ad8e22b26328390ecfe3dd0/element/f.CA0320F3C4D5DF4C38F9949593A05479.d.69885B8863464BEF7A5A594B3534FF1D.e.5484/elements - {"using":"css selector","value":"input"}
RESULT: {"using":"css selector","value":"input"}
COMMAND: POST /session/b1e904011ad8e22b26328390ecfe3dd0/element/f.CA0320F3C4D5DF4C38F9949593A05479.d.69885B8863464BEF7A5A594B3534FF1D.e.5484/elements - {"using":"css selector","value":"input"}
RESULT: {"using":"css selector","value":"input"}
COMMAND: POST /session/b1e904011ad8e22b26328390ecfe3dd0/element/f.CA0320F3C4D5DF4C38F9949593A05479.d.69885B8863464BEF7A5A594B3534FF1D.e.5484/elements - {"using":"css selector","value":"input"}
RESULT: {"using":"css selector","value":"input"}
COMMAND: POST /session/b1e904011ad8e22b26328390ecfe3dd0/element/f.CA0320F3C4D5DF4C38F9949593A05479.d.69885B8863464BEF7A5A594B3534FF1D.e.5484/elements - {"using":"css selector","value":"input"}
RESULT: {"using":"css selector","value":"input"}
COMMAND: POST /session/b1e904011ad8e22b26328390ecfe3dd0/element/f.CA0320F3C4D5DF4C38F9949593A05479.d.69885B8863464BEF7A5A594B3534FF1D.e.5484/elements - {"using":"css selector","value":"input"}
RESULT: {"using":"css selector","value":"input"}
COMMAND: POST /session/b1e904011ad8e22b26328390ecfe3dd0/element/f.CA0320F3C4D5DF4C38F9949593A05479.d.69885B8863464BEF7A5A594B3534FF1D.e.5484/elements - {"using":"css selector","value":"input"}
RESULT: {"using":"css selector","value":"input"}
COMMAND: POST /session/b1e904011ad8e22b26328390ecfe3dd0/element/f.CA0320F3C4D5DF4C38F9949593A05479.d.69885B8863464BEF7A5A594B3534FF1D.e.5484/elements - {"using":"css selector","value":"input"}
RESULT: {"using":"css selector","value":"input"}
COMMAND: POST /session/b1e904011ad8e22b26328390ecfe3dd0/element/f.CA0320F3C4D5DF4C38F9949593A05479.d.69885B8863464BEF7A5A594B3534FF1D.e.5484/elements - {"using":"css selector","value":"input"}
RESULT: {"using":"css selector","value":"input"}
COMMAND: POST /session/b1e904011ad8e22b26328390ecfe3dd0/element/f.CA0320F3C4D5DF4C38F9949593A05479.d.69885B8863464BEF7A5A594B3534FF1D.e.5484/elements - {"using":"css selector","value":"input"}
RESULT: {"using":"css selector","value":"input"}
COMMAND: POST /session/b1e904011ad8e22b26328390ecfe3dd0/element/f.CA0320F3C4D5DF4C38F9949593A05479.d.69885B8863464BEF7A5A594B3534FF1D.e.5484/elements - {"using":"css selector","value":"input"}
RESULT: {"using":"css selector","value":"input"}
COMMAND: POST /session/b1e904011ad8e22b26328390ecfe3dd0/element/f.CA0320F3C4D5DF4C38F9949593A05479.d.69885B8863464BEF7A5A594B3534FF1D.e.5484/elements - {"using":"css selector","value":"input"}
RESULT: {"using":"css selector","value":"input"}
COMMAND: POST /session/b1e904011ad8e22b26328390ecfe3dd0/element/f.CA0320F3C4D5DF4C38F9949593A05479.d.69885B8863464BEF7A5A594B3534FF1D.e.5484/elements - {"using":"css selector","value":"input"}
RESULT: {"using":"css selector","value":"input"}
COMMAND: POST /session/b1e904011ad8e22b26328390ecfe3dd0/element/f.CA0320F3C4D5DF4C38F9949593A05479.d.69885B8863464BEF7A5A594B3534FF1D.e.5484/elements - {"using":"css selector","value":"input"}
RESULT: {"using":"css selector","value":"input"}
COMMAND: POST /session/b1e904011ad8e22b26328390ecfe3dd0/element/f.CA0320F3C4D5DF4C38F9949593A05479.d.69885B8863464BEF7A5A594B3534FF1D.e.5484/elements - {"using":"css selector","value":"input"}
RESULT: {"using":"css selector","value":"input"}
COMMAND: POST /session/b1e904011ad8e22b26328390ecfe3dd0/element/f.CA0320F3C4D5DF4C38F9949593A05479.d.69885B8863464BEF7A5A594B3534FF1D.e.5484/elements - {"using":"css selector","value":"input"}
RESULT: {"using":"css selector","value":"input"}
COMMAND: POST /session/b1e904011ad8e22b26328390ecfe3dd0/element/f.CA0320F3C4D5DF4C38F9949593A05479.d.69885B8863464BEF7A5A594B3534FF1D.e.5484/elements - {"using":"css selector","value":"input"}
RESULT: {"using":"css selector","value":"input"}
COMMAND: POST /session/b1e904011ad8e22b26328390ecfe3dd0/element/f.CA0320F3C4D5DF4C38F9949593A05479.d.69885B8863464BEF7A5A594B3534FF1D.e.5484/elements - {"using":"css selector","value":"input"}
RESULT: {"using":"css selector","value":"input"}
COMMAND: POST /session/b1e904011ad8e22b26328390ecfe3dd0/element/f.CA0320F3C4D5DF4C38F9949593A05479.d.69885B8863464BEF7A5A594B3534FF1D.e.5484/elements - {"using":"css selector","value":"input"}
RESULT: {"using":"css selector","value":"input"}
COMMAND: POST /session/b1e904011ad8e22b26328390ecfe3dd0/element/f.CA0320F3C4D5DF4C38F9949593A05479.d.69885B8863464BEF7A5A594B3534FF1D.e.5484/elements - {"using":"css selector","value":"input"}
RESULT: {"using":"css selector","value":"input"}
COMMAND: POST /session/b1e904011ad8e22b26328390ecfe3dd0/element/f.CA0320F3C4D5DF4C38F9949593A05479.d.69885B8863464BEF7A5A594B3534FF1D.e.5484/elements - {"using":"css selector","value":"input"}
RESULT: {"using":"css selector","value":"input"}
COMMAND: POST /session/b1e904011ad8e22b26328390ecfe3dd0/element/f.CA0320F3C4D5DF4C38F9949593A05479.d.69885B8863464BEF7A5A594B3534FF1D.e.5484/elements - {"using":"css selector","value":"input"}
RESULT: {"using":"css selector","value":"input"}
COMMAND: POST /session/b1e904011ad8e22b26328390ecfe3dd0/element/f.CA0320F3C4D5DF4C38F9949593A05479.d.69885B8863464BEF7A5A594B3534FF1D.e.5484/elements - {"using":"css selector","value":"input"}
RESULT: {"using":"css selector","value":"input"}
COMMAND: POST /session/b1e904011ad8e22b26328390ecfe3dd0/element/f.CA0320F3C4D5DF4C38F9949593A05479.d.69885B8863464BEF7A5A594B3534FF1D.e.5484/elements - {"using":"css selector","value":"input"}
RESULT: {"using":"css selector","value":"input"}
COMMAND: POST /session/b1e904011ad8e22b26328390ecfe3dd0/element/f.CA0320F3C4D5DF4C38F9949593A05479.d.69885B8863464BEF7A5A594B3534FF1D.e.5484/elements - {"using":"css selector","value":"input"}
RESULT: {"using":"css selector","value":"input"}
COMMAND: POST /session/b1e904011ad8e22b26328390ecfe3dd0/element/f.CA0320F3C4D5DF4C38F9949593A05479.d.69885B8863464BEF7A5A594B3534FF1D.e.5484/elements - {"using":"css selector","value":"input"}
RESULT: {"using":"css selector","value":"input"}
COMMAND: POST /session/b1e904011ad8e22b26328390ecfe3dd0/element/f.CA0320F3C4D5DF4C38F9949593A05479.d.69885B8863464BEF7A5A594B3534FF1D.e.5484/elements - {"using":"css selector","value":"input"}
RESULT: {"using":"css selector","value":"input"}
COMMAND: POST /session/b1e904011ad8e22b26328390ecfe3dd0/element/f.CA0320F3C4D5DF4C38F9949593A05479.d.69885B8863464BEF7A5A594B3534FF1D.e.5484/elements - {"using":"css selector","value":"input"}
RESULT: {"using":"css selector","value":"input"}
COMMAND: POST /session/b1e904011ad8e22b26328390ecfe3dd0/element/f.CA0320F3C4D5DF4C38F9949593A05479.d.69885B8863464BEF7A5A594B3534FF1D.e.5484/elements - {"using":"css selector","value":"input"}
RESULT: {"using":"css selector","value":"input"}
COMMAND: POST /session/b1e904011ad8e22b26328390ecfe3dd0/element/f.CA0320F3C4D5DF4C38F9949593A05479.d.69885B8863464BEF7A5A594B3534FF1D.e.5484/elements - {"using":"css selector","value":"input"}
RESULT: {"using":"css selector","value":"input"}
COMMAND: POST /session/b1e904011ad8e22b26328390ecfe3dd0/element/f.CA0320F3C4D5DF4C38F9949593A05479.d.69885B8863464BEF7A5A594B3534FF1D.e.5484/elements - {"using":"css selector","value":"input"}
RESULT: {"using":"css selector","value":"input"}
COMMAND: POST /session/b1e904011ad8e22b26328390ecfe3dd0/element/f.CA0320F3C4D5DF4C38F9949593A05479.d.69885B8863464BEF7A5A594B3534FF1D.e.5484/elements - {"using":"css selector","value":"input"}
RESULT: {"using":"css selector","value":"input"}
COMMAND: POST /session/b1e904011ad8e22b26328390ecfe3dd0/element/f.CA0320F3C4D5DF4C38F9949593A05479.d.69885B8863464BEF7A5A594B3534FF1D.e.5484/elements - {"using":"css selector","value":"input"}
RESULT: {"using":"css selector","value":"input"}
COMMAND: POST /session/b1e904011ad8e22b26328390ecfe3dd0/element/f.CA0320F3C4D5DF4C38F9949593A05479.d.69885B8863464BEF7A5A594B3534FF1D.e.5484/elements - {"using":"css selector","value":"input"}
RESULT: {"using":"css selector","value":"input"}
COMMAND: POST /session/b1e904011ad8e22b26328390ecfe3dd0/element/f.CA0320F3C4D5DF4C38F9949593A05479.d.69885B8863464BEF7A5A594B3534FF1D.e.5484/elements - {"using":"css selector","value":"input"}
RESULT: {"using":"css selector","value":"input"}
COMMAND: POST /session/b1e904011ad8e22b26328390ecfe3dd0/element/f.CA0320F3C4D5DF4C38F9949593A05479.d.69885B8863464BEF7A5A594B3534FF1D.e.5484/elements - {"using":"css selector","value":"input"}
RESULT: {"using":"css selector","value":"input"}
COMMAND: POST /session/b1e904011ad8e22b26328390ecfe3dd0/element/f.CA0320F3C4D5DF4C38F9949593A05479.d.69885B8863464BEF7A5A594B3534FF1D.e.5484/elements - {"using":"css selector","value":"input"}
RESULT: {"using":"css selector","value":"input"}
COMMAND: POST /session/b1e904011ad8e22b26328390ecfe3dd0/element/f.CA0320F3C4D5DF4C38F9949593A05479.d.69885B8863464BEF7A5A594B3534FF1D.e.5484/elements - {"using":"css selector","value":"input"}
RESULT: {"using":"css selector","value":"input"}
COMMAND: POST /session/b1e904011ad8e22b26328390ecfe3dd0/element/f.CA0320F3C4D5DF4C38F9949593A05479.d.69885B8863464BEF7A5A594B3534FF1D.e.5484/elements - {"using":"css selector","value":"input"}
RESULT: {"using":"css selector","value":"input"}
COMMAND: POST /session/b1e904011ad8e22b26328390ecfe3dd0/element/f.CA0320F3C4D5DF4C38F9949593A05479.d.69885B8863464BEF7A5A594B3534FF1D.e.5484/elements - {"using":"css selector","value":"input"}
RESULT: {"using":"css selector","value":"input"}
COMMAND: POST /session/b1e904011ad8e22b26328390ecfe3dd0/element/f.CA0320F3C4D5DF4C38F9949593A05479.d.69885B8863464BEF7A5A594B3534FF1D.e.5484/elements - {"using":"css selector","value":"input"}
RESULT: {"using":"css selector","value":"input"}
COMMAND: POST /session/b1e904011ad8e22b26328390ecfe3dd0/element/f.CA0320F3C4D5DF4C38F9949593A05479.d.69885B8863464BEF7A5A594B3534FF1D.e.5484/elements - {"using":"css selector","value":"input"}
RESULT: {"using":"css selector","value":"input"}
COMMAND: POST /session/b1e904011ad8e22b26328390ecfe3dd0/element/f.CA0320F3C4D5DF4C38F9949593A05479.d.69885B8863464BEF7A5A594B3534FF1D.e.5484/elements - {"using":"css selector","value":"input"}
RESULT: {"using":"css selector","value":"input"}
COMMAND: POST /session/b1e904011ad8e22b26328390ecfe3dd0/element/f.CA0320F3C4D5DF4C38F9949593A05479.d.69885B8863464BEF7A5A594B3534FF1D.e.5484/elements - {"using":"css selector","value":"input"}
RESULT: {"using":"css selector","value":"input"}
COMMAND: POST /session/b1e904011ad8e22b26328390ecfe3dd0/element/f.CA0320F3C4D5DF4C38F9949593A05479.d.69885B8863464BEF7A5A594B3534FF1D.e.5484/elements - {"using":"css selector","value":"input"}
RESULT: {"using":"css selector","value":"input"}
COMMAND: POST /session/b1e904011ad8e22b26328390ecfe3dd0/element/f.CA0320F3C4D5DF4C38F9949593A05479.d.69885B8863464BEF7A5A594B3534FF1D.e.5484/elements - {"using":"css selector","value":"input"}
RESULT: {"using":"css selector","value":"input"}
COMMAND: POST /session/b1e904011ad8e22b26328390ecfe3dd0/element/f.CA0320F3C4D5DF4C38F9949593A05479.d.69885B8863464BEF7A5A594B3534FF1D.e.5484/elements - {"using":"css selector","value":"input"}
RESULT: {"using":"css selector","value":"input"}
COMMAND: POST /session/b1e904011ad8e22b26328390ecfe3dd0/element/f.CA0320F3C4D5DF4C38F9949593A05479.d.69885B8863464BEF7A5A594B3534FF1D.e.5484/elements - {"using":"css selector","value":"input"}
RESULT: {"using":"css selector","value":"input"}
COMMAND: POST /session/b1e904011ad8e22b26328390ecfe3dd0/element/f.CA0320F3C4D5DF4C38F9949593A05479.d.69885B8863464BEF7A5A594B3534FF1D.e.5484/elements - {"using":"css selector","value":"input"}
RESULT: {"using":"css selector","value":"input"}
COMMAND: POST /session/b1e904011ad8e22b26328390ecfe3dd0/element/f.CA0320F3C4D5DF4C38F9949593A05479.d.69885B8863464BEF7A5A594B3534FF1D.e.5484/elements - {"using":"css selector","value":"input"}
COMMAND: GET /session/b1e904011ad8e22b26328390ecfe3dd0/screenshot - {}
RESULT: {"using":"css selector","value":"input"}
RESULT: {}
COMMAND: GET /session/b1e904011ad8e22b26328390ecfe3dd0/screenshot - {}
COMMAND: POST /session/b1e904011ad8e22b26328390ecfe3dd0/element - {"using":"css selector","value":"#j_username"}
COMMAND: POST /session/b1e904011ad8e22b26328390ecfe3dd0/url - {"url":"https://qa-testing-00-live-etm-ui.cfapps.eu10-004.hana.ondemand.com/"}
COMMAND: GET /session/b1e904011ad8e22b26328390ecfe3dd0/screenshot - {}
RESULT: {}
RESULT: {}
RESULT: {"url":"https://qa-testing-00-live-etm-ui.cfapps.eu10-004.hana.ondemand.com/"}
RESULT: undefined
COMMAND: GET /session/b1e904011ad8e22b26328390ecfe3dd0/screenshot - {}
RESULT: {"using":"css selector","value":"#j_username"}
COMMAND: POST /session/b1e904011ad8e22b26328390ecfe3dd0/element - {"using":"css selector","value":"#j_username"}
RESULT: {}
RESULT: {"using":"css selector","value":"#j_username"}
COMMAND: POST /session/b1e904011ad8e22b26328390ecfe3dd0/element - {"using":"css selector","value":"#shell-header-logo"}
RESULT: {"using":"css selector","value":"#shell-header-logo"}
COMMAND: POST /session/b1e904011ad8e22b26328390ecfe3dd0/execute/sync - {"script":"<script> [8489 bytes]","args":[{"element-6066-11e4-a52e-4f735466cecf":"f.CA0320F3C4D5DF4C38F9949593A05479.d.656E9BCEDFF437EE1B9A7C9775B6EF43.e.5497","ELEMENT":"f.CA0320F3C4D5DF4C38F9949593A05479.d.656E9BCEDFF437EE1B9A7C9775B6EF43.e.5497"}]}
RESULT: {"script":"<script> [8489 bytes]","args":[{"element-6066-11e4-a52e-4f735466cecf":"f.CA0320F3C4D5DF4C38F9949593A05479.d.656E9BCEDFF437EE1B9A7C9775B6EF43.e.5497","ELEMENT":"f.CA0320F3C4D5DF4C38F9949593A05479.d.656E9BCEDFF437EE1B9A7C9775B6EF43.e.5497"}]}
COMMAND: POST /session/b1e904011ad8e22b26328390ecfe3dd0/element - {"using":"css selector","value":"#shell-header-logo"}
COMMAND: GET /session/b1e904011ad8e22b26328390ecfe3dd0/screenshot - {}
RESULT: {"using":"css selector","value":"#shell-header-logo"}
COMMAND: POST /session/b1e904011ad8e22b26328390ecfe3dd0/execute/sync - {"script":"<script> [8489 bytes]","args":[{"element-6066-11e4-a52e-4f735466cecf":"f.CA0320F3C4D5DF4C38F9949593A05479.d.656E9BCEDFF437EE1B9A7C9775B6EF43.e.5497","ELEMENT":"f.CA0320F3C4D5DF4C38F9949593A05479.d.656E9BCEDFF437EE1B9A7C9775B6EF43.e.5497"}]}
RESULT: {}
RESULT: {"script":"<script> [8489 bytes]","args":[{"element-6066-11e4-a52e-4f735466cecf":"f.CA0320F3C4D5DF4C38F9949593A05479.d.656E9BCEDFF437EE1B9A7C9775B6EF43.e.5497","ELEMENT":"f.CA0320F3C4D5DF4C38F9949593A05479.d.656E9BCEDFF437EE1B9A7C9775B6EF43.e.5497"}]}
COMMAND: POST /session/b1e904011ad8e22b26328390ecfe3dd0/execute/sync - {"script":"<script> [5351 bytes]","args":[{"element-6066-11e4-a52e-4f735466cecf":"f.CA0320F3C4D5DF4C38F9949593A05479.d.656E9BCEDFF437EE1B9A7C9775B6EF43.e.5497","ELEMENT":"f.CA0320F3C4D5DF4C38F9949593A05479.d.656E9BCEDFF437EE1B9A7C9775B6EF43.e.5497"}]}
COMMAND: GET /session/b1e904011ad8e22b26328390ecfe3dd0/screenshot - {}
RESULT: {"script":"<script> [5351 bytes]","args":[{"element-6066-11e4-a52e-4f735466cecf":"f.CA0320F3C4D5DF4C38F9949593A05479.d.656E9BCEDFF437EE1B9A7C9775B6EF43.e.5497","ELEMENT":"f.CA0320F3C4D5DF4C38F9949593A05479.d.656E9BCEDFF437EE1B9A7C9775B6EF43.e.5497"}]}
COMMAND: POST /session/b1e904011ad8e22b26328390ecfe3dd0/element - {"using":"css selector","value":"#shell-header-logo"}
COMMAND: GET /session/b1e904011ad8e22b26328390ecfe3dd0/screenshot - {}
RESULT: {}
RESULT: {"using":"css selector","value":"#shell-header-logo"}
COMMAND: POST /session/b1e904011ad8e22b26328390ecfe3dd0/element/f.CA0320F3C4D5DF4C38F9949593A05479.d.656E9BCEDFF437EE1B9A7C9775B6EF43.e.5497/click - {}
RESULT: {}
RESULT: {}
COMMAND: GET /session/b1e904011ad8e22b26328390ecfe3dd0/screenshot - {}
RESULT: {}
COMMAND: POST /session/b1e904011ad8e22b26328390ecfe3dd0/execute/async - {"script":"<script> [189 bytes]","args":[]}
RESULT: {"script":"<script> [189 bytes]","args":[]}
COMMAND: POST /session/b1e904011ad8e22b26328390ecfe3dd0/execute/async - {"script":"<script> [123 bytes]","args":[]}
RESULT: {"script":"<script> [123 bytes]","args":[]}
COMMAND: POST /session/b1e904011ad8e22b26328390ecfe3dd0/timeouts - {"script":"<number>"}
RESULT: {"script":"<number>"}
COMMAND: GET /session/b1e904011ad8e22b26328390ecfe3dd0/timeouts - {}
RESULT: {}
RESULT: undefined
COMMAND: POST /session/b1e904011ad8e22b26328390ecfe3dd0/execute/async - {"script":"<script> [2676 bytes]","args":[]}
RESULT: {"script":"<script> [2676 bytes]","args":[]}
COMMAND: POST /session/b1e904011ad8e22b26328390ecfe3dd0/execute/async - {"script":"<script> [2342 bytes]","args":[{"protocol":"http","hostname":"0.0.0.0","path":"/","capabilities":{"browserName":"chrome","goog:chromeOptions":{"binary":"C:\\Program Files\\Google\\Chrome\\Application\\chrome.exe","args":["--start-maximized"]}},"logLevel":"warn","connectionRetryTimeout":120000,"connectionRetryCount":3,"logLevels":{},"enableDirectConnect":true,"strictSSL":true,"_":"65 more keys: [\"cacheDir\",\"port\",\"requestedCapabilities\",\"automationProtocol\",\"baseUrl\",\"waitforInterval\",\"waitforTimeout\",\"onReload\",\"beforeCommand\",\"afterCommand\",\"rootDir\",\"specs\",\"suites\",\"exclude\",\"groupLogsByTestSpec\",\"excludeDriverLogs\",\"bail\",\"framework\",\"reporters\",\"services\",\"maxInstances\",\"maxInstancesPerCapability\",\"injectGlobals\",\"filesToWatch\",\"execArgv\",\"runnerEnv\",\"runner\",\"shard\",\"specFileRetries\",\"specFileRetriesDelay\",\"specFileRetriesDeferred\",\"reporterSyncInterval\",\"reporterSyncTimeout\",\"cucumberFeaturesWithLineNumbers\",\"autoCompileOpts\",\"mochaOpts\",\"jasmineOpts\",\"cucumberOpts\",\"onPrepare\",\"onWorkerStart\",\"onWorkerEnd\",\"before\",\"beforeSession\",\"beforeSuite\",\"beforeHook\",\"beforeTest\",\"afterTest\",\"afterHook\",\"afterSuite\",\"afterSession\",\"after\",\"onComplete\",\"beforeAssertion\",\"afterAssertion\",\"beforeFeature\",\"beforeScenario\",\"beforeStep\",\"afterStep\",\"afterScenario\",\"afterFeature\",\"_\",\"suite\",\"$0\",\"ignoredWorkerServices\",\"wdi5\"]"}]}
RESULT: {"script":"<script> [2342 bytes]","args":[{"protocol":"http","hostname":"0.0.0.0","path":"/","capabilities":{"browserName":"chrome","goog:chromeOptions":{"binary":"C:\\Program Files\\Google\\Chrome\\Application\\chrome.exe","args":["--start-maximized"]}},"logLevel":"warn","connectionRetryTimeout":120000,"connectionRetryCount":3,"logLevels":{},"enableDirectConnect":true,"strictSSL":true,"_":"65 more keys: [\"cacheDir\",\"port\",\"requestedCapabilities\",\"automationProtocol\",\"baseUrl\",\"waitforInterval\",\"waitforTimeout\",\"onReload\",\"beforeCommand\",\"afterCommand\",\"rootDir\",\"specs\",\"suites\",\"exclude\",\"groupLogsByTestSpec\",\"excludeDriverLogs\",\"bail\",\"framework\",\"reporters\",\"services\",\"maxInstances\",\"maxInstancesPerCapability\",\"injectGlobals\",\"filesToWatch\",\"execArgv\",\"runnerEnv\",\"runner\",\"shard\",\"specFileRetries\",\"specFileRetriesDelay\",\"specFileRetriesDeferred\",\"reporterSyncInterval\",\"reporterSyncTimeout\",\"cucumberFeaturesWithLineNumbers\",\"autoCompileOpts\",\"mochaOpts\",\"jasmineOpts\",\"cucumberOpts\",\"onPrepare\",\"onWorkerStart\",\"onWorkerEnd\",\"before\",\"beforeSession\",\"beforeSuite\",\"beforeHook\",\"beforeTest\",\"afterTest\",\"afterHook\",\"afterSuite\",\"afterSession\",\"after\",\"onComplete\",\"beforeAssertion\",\"afterAssertion\",\"beforeFeature\",\"beforeScenario\",\"beforeStep\",\"afterStep\",\"afterScenario\",\"afterFeature\",\"_\",\"suite\",\"$0\",\"ignoredWorkerServices\",\"wdi5\"]"}]}
COMMAND: POST /session/b1e904011ad8e22b26328390ecfe3dd0/execute/async - {"script":"<script> [21126 bytes]","args":[35000]}
RESULT: {"script":"<script> [21126 bytes]","args":[35000]}
COMMAND: POST /session/b1e904011ad8e22b26328390ecfe3dd0/window/maximize - {}
RESULT: {}
COMMAND: POST /session/b1e904011ad8e22b26328390ecfe3dd0/execute/async - {"script":"<script> [1562 bytes]","args":[{"selector":{"id":"shell-header","interaction":{"idSuffix":"icon"}},"wdio_ui5_key":"shellheader"}]}
COMMAND: GET /session/b1e904011ad8e22b26328390ecfe3dd0/screenshot - {}
RESULT: {"script":"<script> [1562 bytes]","args":[{"selector":{"id":"shell-header","interaction":{"idSuffix":"icon"}},"wdio_ui5_key":"shellheader"}]}
RESULT: undefined
COMMAND: POST /session/b1e904011ad8e22b26328390ecfe3dd0/refresh - {}
RESULT: {}
RESULT: {}
COMMAND: GET /session/b1e904011ad8e22b26328390ecfe3dd0/screenshot - {}
RESULT: {}
COMMAND: POST /session/b1e904011ad8e22b26328390ecfe3dd0/refresh - {}
RESULT: {}
COMMAND: GET /session/b1e904011ad8e22b26328390ecfe3dd0/screenshot - {}
RESULT: {}
COMMAND: POST /session/b1e904011ad8e22b26328390ecfe3dd0/window/fullscreen - {}
RESULT: {}
COMMAND: POST /session/b1e904011ad8e22b26328390ecfe3dd0/execute/async - {"script":"<script> [189 bytes]","args":[]}
RESULT: {"script":"<script> [189 bytes]","args":[]}
COMMAND: POST /session/b1e904011ad8e22b26328390ecfe3dd0/execute/async - {"script":"<script> [123 bytes]","args":[]}
RESULT: {"script":"<script> [123 bytes]","args":[]}
COMMAND: POST /session/b1e904011ad8e22b26328390ecfe3dd0/timeouts - {"script":"<number>"}
RESULT: {"script":"<number>"}
COMMAND: GET /session/b1e904011ad8e22b26328390ecfe3dd0/timeouts - {}
RESULT: {}
RESULT: undefined
COMMAND: POST /session/b1e904011ad8e22b26328390ecfe3dd0/execute/async - {"script":"<script> [2676 bytes]","args":[]}
RESULT: {"script":"<script> [2676 bytes]","args":[]}
COMMAND: POST /session/b1e904011ad8e22b26328390ecfe3dd0/execute/async - {"script":"<script> [2342 bytes]","args":[{"protocol":"http","hostname":"0.0.0.0","path":"/","capabilities":{"browserName":"chrome","goog:chromeOptions":{"binary":"C:\\Program Files\\Google\\Chrome\\Application\\chrome.exe","args":["--start-maximized"]}},"logLevel":"warn","connectionRetryTimeout":120000,"connectionRetryCount":3,"logLevels":{},"enableDirectConnect":true,"strictSSL":true,"_":"65 more keys: [\"cacheDir\",\"port\",\"requestedCapabilities\",\"automationProtocol\",\"baseUrl\",\"waitforInterval\",\"waitforTimeout\",\"onReload\",\"beforeCommand\",\"afterCommand\",\"rootDir\",\"specs\",\"suites\",\"exclude\",\"groupLogsByTestSpec\",\"excludeDriverLogs\",\"bail\",\"framework\",\"reporters\",\"services\",\"maxInstances\",\"maxInstancesPerCapability\",\"injectGlobals\",\"filesToWatch\",\"execArgv\",\"runnerEnv\",\"runner\",\"shard\",\"specFileRetries\",\"specFileRetriesDelay\",\"specFileRetriesDeferred\",\"reporterSyncInterval\",\"reporterSyncTimeout\",\"cucumberFeaturesWithLineNumbers\",\"autoCompileOpts\",\"mochaOpts\",\"jasmineOpts\",\"cucumberOpts\",\"onPrepare\",\"onWorkerStart\",\"onWorkerEnd\",\"before\",\"beforeSession\",\"beforeSuite\",\"beforeHook\",\"beforeTest\",\"afterTest\",\"afterHook\",\"afterSuite\",\"afterSession\",\"after\",\"onComplete\",\"beforeAssertion\",\"afterAssertion\",\"beforeFeature\",\"beforeScenario\",\"beforeStep\",\"afterStep\",\"afterScenario\",\"afterFeature\",\"_\",\"suite\",\"$0\",\"ignoredWorkerServices\",\"wdi5\"]"}]}
RESULT: {"script":"<script> [2342 bytes]","args":[{"protocol":"http","hostname":"0.0.0.0","path":"/","capabilities":{"browserName":"chrome","goog:chromeOptions":{"binary":"C:\\Program Files\\Google\\Chrome\\Application\\chrome.exe","args":["--start-maximized"]}},"logLevel":"warn","connectionRetryTimeout":120000,"connectionRetryCount":3,"logLevels":{},"enableDirectConnect":true,"strictSSL":true,"_":"65 more keys: [\"cacheDir\",\"port\",\"requestedCapabilities\",\"automationProtocol\",\"baseUrl\",\"waitforInterval\",\"waitforTimeout\",\"onReload\",\"beforeCommand\",\"afterCommand\",\"rootDir\",\"specs\",\"suites\",\"exclude\",\"groupLogsByTestSpec\",\"excludeDriverLogs\",\"bail\",\"framework\",\"reporters\",\"services\",\"maxInstances\",\"maxInstancesPerCapability\",\"injectGlobals\",\"filesToWatch\",\"execArgv\",\"runnerEnv\",\"runner\",\"shard\",\"specFileRetries\",\"specFileRetriesDelay\",\"specFileRetriesDeferred\",\"reporterSyncInterval\",\"reporterSyncTimeout\",\"cucumberFeaturesWithLineNumbers\",\"autoCompileOpts\",\"mochaOpts\",\"jasmineOpts\",\"cucumberOpts\",\"onPrepare\",\"onWorkerStart\",\"onWorkerEnd\",\"before\",\"beforeSession\",\"beforeSuite\",\"beforeHook\",\"beforeTest\",\"afterTest\",\"afterHook\",\"afterSuite\",\"afterSession\",\"after\",\"onComplete\",\"beforeAssertion\",\"afterAssertion\",\"beforeFeature\",\"beforeScenario\",\"beforeStep\",\"afterStep\",\"afterScenario\",\"afterFeature\",\"_\",\"suite\",\"$0\",\"ignoredWorkerServices\",\"wdi5\"]"}]}
COMMAND: POST /session/b1e904011ad8e22b26328390ecfe3dd0/execute/async - {"script":"<script> [21126 bytes]","args":[35000]}
RESULT: {"script":"<script> [21126 bytes]","args":[35000]}
]]></system-out>
      <system-err><![CDATA[
Error: Can't call getValue on element with selector "input" because element wasn't found
    at async Context.<anonymous> (D:\a\1\s\test\specs\BTS\conditions-prices-daily-price.spec.js:267:34)
]]></system-err>
    </testcase>
  </testsuite>
  <testsuite timestamp="2025-05-29T17:13:18" time="418.12" tests="9" failures="0" errors="0" skipped="0">
    <properties>
      <property name="specId" value="0"/>
      <property name="suiteName" value="US134625 Set up price condition - one time"/>
      <property name="capabilities" value="chrome.136_0_7103_93.windows"/>
      <property name="file" value="file:///D:/a/1/s/test/specs/BTS/set-up-price-condition-one-time.spec.js"/>
    </properties>
    <testcase classname="chrome.136_0_7103_93.windows.US134625_Set_up_price_condition_-_one_time" name="Should create a new yard used for all following tests" time="0.011">
      <system-out><![CDATA[
COMMAND: POST /session/b1e904011ad8e22b26328390ecfe3dd0/window/fullscreen - {}
RESULT: {}
]]></system-out>
    </testcase>
    <testcase classname="chrome.136_0_7103_93.windows.US134625_Set_up_price_condition_-_one_time" name="Should create a new partner" time="0.004"/>
    <testcase classname="chrome.136_0_7103_93.windows.US134625_Set_up_price_condition_-_one_time" name="Should create a new site used for following tests" time="0.004"/>
    <testcase classname="chrome.136_0_7103_93.windows.US134625_Set_up_price_condition_-_one_time" name="Should create a new material for billing type one time" time="117.257">
      <system-out><![CDATA[
COMMAND: POST /session/b1e904011ad8e22b26328390ecfe3dd0/execute/async - {"script":"<script> [1562 bytes]","args":[{"selector":{"controlType":"sap.m.GenericTile","properties":{"header":"Manage Resources"}},"wdio_ui5_key":"sapm.GenericTile{\"header\":\"Manage Resources\"}"}]}
RESULT: {"script":"<script> [1562 bytes]","args":[{"selector":{"controlType":"sap.m.GenericTile","properties":{"header":"Manage Resources"}},"wdio_ui5_key":"sapm.GenericTile{\"header\":\"Manage Resources\"}"}]}
RESULT: undefined
COMMAND: POST /session/b1e904011ad8e22b26328390ecfe3dd0/element - {"using":"xpath","value":"//*[@id=\"__tile39\"]"}
RESULT: {"using":"xpath","value":"//*[@id=\"__tile39\"]"}
COMMAND: POST /session/b1e904011ad8e22b26328390ecfe3dd0/element/f.CA0320F3C4D5DF4C38F9949593A05479.d.A46D2B31E606B6D416FF0E83627CE6AB.e.5652/click - {}
RESULT: {}
COMMAND: GET /session/b1e904011ad8e22b26328390ecfe3dd0/screenshot - {}
RESULT: {}
COMMAND: POST /session/b1e904011ad8e22b26328390ecfe3dd0/elements - {"using":"xpath","value":"//span[text()='Error']"}
RESULT: {"using":"xpath","value":"//span[text()='Error']"}
COMMAND: POST /session/b1e904011ad8e22b26328390ecfe3dd0/element - {"using":"xpath","value":"//button[@data-kt=\"addNewRUOverflowToolbarButton\"]"}
RESULT: {"using":"xpath","value":"//button[@data-kt=\"addNewRUOverflowToolbarButton\"]"}
COMMAND: POST /session/b1e904011ad8e22b26328390ecfe3dd0/elements - {"using":"xpath","value":"//button[@data-kt=\"addNewRUOverflowToolbarButton\"]"}
RESULT: {"using":"xpath","value":"//button[@data-kt=\"addNewRUOverflowToolbarButton\"]"}
COMMAND: POST /session/b1e904011ad8e22b26328390ecfe3dd0/elements - {"using":"xpath","value":"//button[@data-kt=\"addNewRUOverflowToolbarButton\"]"}
RESULT: {"using":"xpath","value":"//button[@data-kt=\"addNewRUOverflowToolbarButton\"]"}
COMMAND: POST /session/b1e904011ad8e22b26328390ecfe3dd0/elements - {"using":"xpath","value":"//button[@data-kt=\"addNewRUOverflowToolbarButton\"]"}
RESULT: {"using":"xpath","value":"//button[@data-kt=\"addNewRUOverflowToolbarButton\"]"}
COMMAND: POST /session/b1e904011ad8e22b26328390ecfe3dd0/elements - {"using":"xpath","value":"//button[@data-kt=\"addNewRUOverflowToolbarButton\"]"}
RESULT: {"using":"xpath","value":"//button[@data-kt=\"addNewRUOverflowToolbarButton\"]"}
COMMAND: POST /session/b1e904011ad8e22b26328390ecfe3dd0/elements - {"using":"xpath","value":"//button[@data-kt=\"addNewRUOverflowToolbarButton\"]"}
RESULT: {"using":"xpath","value":"//button[@data-kt=\"addNewRUOverflowToolbarButton\"]"}
COMMAND: POST /session/b1e904011ad8e22b26328390ecfe3dd0/element - {"using":"xpath","value":"//button[@data-kt=\"addNewRUOverflowToolbarButton\"]"}
RESULT: {"using":"xpath","value":"//button[@data-kt=\"addNewRUOverflowToolbarButton\"]"}
COMMAND: POST /session/b1e904011ad8e22b26328390ecfe3dd0/execute/sync - {"script":"<script> [8489 bytes]","args":[{"element-6066-11e4-a52e-4f735466cecf":"f.CA0320F3C4D5DF4C38F9949593A05479.d.A46D2B31E606B6D416FF0E83627CE6AB.e.5801","ELEMENT":"f.CA0320F3C4D5DF4C38F9949593A05479.d.A46D2B31E606B6D416FF0E83627CE6AB.e.5801"}]}
RESULT: {"script":"<script> [8489 bytes]","args":[{"element-6066-11e4-a52e-4f735466cecf":"f.CA0320F3C4D5DF4C38F9949593A05479.d.A46D2B31E606B6D416FF0E83627CE6AB.e.5801","ELEMENT":"f.CA0320F3C4D5DF4C38F9949593A05479.d.A46D2B31E606B6D416FF0E83627CE6AB.e.5801"}]}
COMMAND: GET /session/b1e904011ad8e22b26328390ecfe3dd0/element/f.CA0320F3C4D5DF4C38F9949593A05479.d.A46D2B31E606B6D416FF0E83627CE6AB.e.5801/enabled - {}
COMMAND: GET /session/b1e904011ad8e22b26328390ecfe3dd0/screenshot - {}
RESULT: {}
COMMAND: POST /session/b1e904011ad8e22b26328390ecfe3dd0/execute/sync - {"script":"<script> [8489 bytes]","args":[{"element-6066-11e4-a52e-4f735466cecf":"f.CA0320F3C4D5DF4C38F9949593A05479.d.A46D2B31E606B6D416FF0E83627CE6AB.e.5801","ELEMENT":"f.CA0320F3C4D5DF4C38F9949593A05479.d.A46D2B31E606B6D416FF0E83627CE6AB.e.5801"}]}
COMMAND: GET /session/b1e904011ad8e22b26328390ecfe3dd0/screenshot - {}
RESULT: {}
RESULT: {"script":"<script> [8489 bytes]","args":[{"element-6066-11e4-a52e-4f735466cecf":"f.CA0320F3C4D5DF4C38F9949593A05479.d.A46D2B31E606B6D416FF0E83627CE6AB.e.5801","ELEMENT":"f.CA0320F3C4D5DF4C38F9949593A05479.d.A46D2B31E606B6D416FF0E83627CE6AB.e.5801"}]}
COMMAND: POST /session/b1e904011ad8e22b26328390ecfe3dd0/execute/sync - {"script":"<script> [5351 bytes]","args":[{"element-6066-11e4-a52e-4f735466cecf":"f.CA0320F3C4D5DF4C38F9949593A05479.d.A46D2B31E606B6D416FF0E83627CE6AB.e.5801","ELEMENT":"f.CA0320F3C4D5DF4C38F9949593A05479.d.A46D2B31E606B6D416FF0E83627CE6AB.e.5801"}]}
COMMAND: GET /session/b1e904011ad8e22b26328390ecfe3dd0/screenshot - {}
RESULT: {}
RESULT: {"script":"<script> [5351 bytes]","args":[{"element-6066-11e4-a52e-4f735466cecf":"f.CA0320F3C4D5DF4C38F9949593A05479.d.A46D2B31E606B6D416FF0E83627CE6AB.e.5801","ELEMENT":"f.CA0320F3C4D5DF4C38F9949593A05479.d.A46D2B31E606B6D416FF0E83627CE6AB.e.5801"}]}
COMMAND: POST /session/b1e904011ad8e22b26328390ecfe3dd0/element/f.CA0320F3C4D5DF4C38F9949593A05479.d.A46D2B31E606B6D416FF0E83627CE6AB.e.5801/click - {}
COMMAND: GET /session/b1e904011ad8e22b26328390ecfe3dd0/screenshot - {}
RESULT: {}
RESULT: {}
COMMAND: GET /session/b1e904011ad8e22b26328390ecfe3dd0/screenshot - {}
COMMAND: POST /session/b1e904011ad8e22b26328390ecfe3dd0/execute/async - {"script":"<script> [1562 bytes]","args":[{"selector":{"id":"application-manageresources-display-component---newResourceUnit--TYPE-arrow"},"wdio_ui5_key":"applicationmanageresources-display-component---newResourceUnit--TYPE-arrow"}]}
RESULT: {}
RESULT: {}
RESULT: {"script":"<script> [1562 bytes]","args":[{"selector":{"id":"application-manageresources-display-component---newResourceUnit--TYPE-arrow"},"wdio_ui5_key":"applicationmanageresources-display-component---newResourceUnit--TYPE-arrow"}]}
RESULT: undefined
COMMAND: POST /session/b1e904011ad8e22b26328390ecfe3dd0/element - {"using":"xpath","value":"//*[@id=\"application-manageresources-display-component---newResourceUnit--TYPE-arrow\"]"}
RESULT: {"using":"xpath","value":"//*[@id=\"application-manageresources-display-component---newResourceUnit--TYPE-arrow\"]"}
COMMAND: POST /session/b1e904011ad8e22b26328390ecfe3dd0/element/f.CA0320F3C4D5DF4C38F9949593A05479.d.A46D2B31E606B6D416FF0E83627CE6AB.e.6157/click - {}
RESULT: {}
COMMAND: POST /session/b1e904011ad8e22b26328390ecfe3dd0/element - {"using":"xpath","value":"//input[@id=\"application-manageresources-display-component---newResourceUnit--TYPE-inner\"]"}
COMMAND: GET /session/b1e904011ad8e22b26328390ecfe3dd0/screenshot - {}
RESULT: {"using":"xpath","value":"//input[@id=\"application-manageresources-display-component---newResourceUnit--TYPE-inner\"]"}
COMMAND: POST /session/b1e904011ad8e22b26328390ecfe3dd0/element/f.CA0320F3C4D5DF4C38F9949593A05479.d.A46D2B31E606B6D416FF0E83627CE6AB.e.6138/clear - {}
RESULT: {}
RESULT: {}
COMMAND: POST /session/b1e904011ad8e22b26328390ecfe3dd0/element/f.CA0320F3C4D5DF4C38F9949593A05479.d.A46D2B31E606B6D416FF0E83627CE6AB.e.6138/value - {"text":"Material"}
COMMAND: GET /session/b1e904011ad8e22b26328390ecfe3dd0/screenshot - {}
RESULT: {"text":"Material"}
COMMAND: GET /session/b1e904011ad8e22b26328390ecfe3dd0/screenshot - {}
RESULT: {}
RESULT: {}
COMMAND: POST /session/b1e904011ad8e22b26328390ecfe3dd0/actions - {"actions":[{"id":"action20","type":"key","parameters":{},"actions":[{"type":"keyDown","value":""},{"type":"pause","duration":10},{"type":"keyUp","value":""}]}]}
RESULT: {"actions":[{"id":"action20","type":"key","parameters":{},"actions":[{"type":"keyDown","value":""},{"type":"pause","duration":10},{"type":"keyUp","value":""}]}]}
COMMAND: POST /session/b1e904011ad8e22b26328390ecfe3dd0/execute/async - {"script":"<script> [1562 bytes]","args":[{"selector":{"id":"application-manageresources-display-component---newResourceUnit--SHORT_TEXT","interaction":{"idSuffix":"inner"}},"wdio_ui5_key":"applicationmanageresources-display-component---newResourceUnit--SHORT_TEXT"}]}
COMMAND: GET /session/b1e904011ad8e22b26328390ecfe3dd0/screenshot - {}
RESULT: {"script":"<script> [1562 bytes]","args":[{"selector":{"id":"application-manageresources-display-component---newResourceUnit--SHORT_TEXT","interaction":{"idSuffix":"inner"}},"wdio_ui5_key":"applicationmanageresources-display-component---newResourceUnit--SHORT_TEXT"}]}
RESULT: undefined
COMMAND: POST /session/b1e904011ad8e22b26328390ecfe3dd0/execute/async - {"script":"<script> [776 bytes]","args":[{"enterText":"Cement WDIO","selector":{"id":"application-manageresources-display-component---newResourceUnit--SHORT_TEXT","interaction":{"idSuffix":"inner"}},"clearTextFirst":true,"interactionType":"ENTER_TEXT"}]}
RESULT: {}
RESULT: {"script":"<script> [776 bytes]","args":[{"enterText":"Cement WDIO","selector":{"id":"application-manageresources-display-component---newResourceUnit--SHORT_TEXT","interaction":{"idSuffix":"inner"}},"clearTextFirst":true,"interactionType":"ENTER_TEXT"}]}
COMMAND: POST /session/b1e904011ad8e22b26328390ecfe3dd0/execute/async - {"script":"<script> [1562 bytes]","args":[{"selector":{"id":"application-manageresources-display-component---newResourceUnit--BASE_UNIT_OF_MEASURE","interaction":{"idSuffix":"inner"}},"wdio_ui5_key":"applicationmanageresources-display-component---newResourceUnit--BASE_UNIT_OF_MEASURE"}]}
RESULT: {"script":"<script> [1562 bytes]","args":[{"selector":{"id":"application-manageresources-display-component---newResourceUnit--BASE_UNIT_OF_MEASURE","interaction":{"idSuffix":"inner"}},"wdio_ui5_key":"applicationmanageresources-display-component---newResourceUnit--BASE_UNIT_OF_MEASURE"}]}
RESULT: undefined
COMMAND: POST /session/b1e904011ad8e22b26328390ecfe3dd0/execute/async - {"script":"<script> [776 bytes]","args":[{"enterText":"Piece","selector":{"id":"application-manageresources-display-component---newResourceUnit--BASE_UNIT_OF_MEASURE","interaction":{"idSuffix":"inner"}},"clearTextFirst":true,"interactionType":"ENTER_TEXT"}]}
RESULT: {"script":"<script> [776 bytes]","args":[{"enterText":"Piece","selector":{"id":"application-manageresources-display-component---newResourceUnit--BASE_UNIT_OF_MEASURE","interaction":{"idSuffix":"inner"}},"clearTextFirst":true,"interactionType":"ENTER_TEXT"}]}
COMMAND: POST /session/b1e904011ad8e22b26328390ecfe3dd0/execute/async - {"script":"<script> [1562 bytes]","args":[{"selector":{"id":"application-manageresources-display-component---newResourceUnit--WEIGHT_UNIT","interaction":{"idSuffix":"inner"}},"wdio_ui5_key":"applicationmanageresources-display-component---newResourceUnit--WEIGHT_UNIT"}]}
RESULT: {"script":"<script> [1562 bytes]","args":[{"selector":{"id":"application-manageresources-display-component---newResourceUnit--WEIGHT_UNIT","interaction":{"idSuffix":"inner"}},"wdio_ui5_key":"applicationmanageresources-display-component---newResourceUnit--WEIGHT_UNIT"}]}
RESULT: undefined
COMMAND: POST /session/b1e904011ad8e22b26328390ecfe3dd0/execute/async - {"script":"<script> [776 bytes]","args":[{"enterText":"Gram","selector":{"id":"application-manageresources-display-component---newResourceUnit--WEIGHT_UNIT","interaction":{"idSuffix":"inner"}},"clearTextFirst":true,"interactionType":"ENTER_TEXT"}]}
RESULT: {"script":"<script> [776 bytes]","args":[{"enterText":"Gram","selector":{"id":"application-manageresources-display-component---newResourceUnit--WEIGHT_UNIT","interaction":{"idSuffix":"inner"}},"clearTextFirst":true,"interactionType":"ENTER_TEXT"}]}
COMMAND: POST /session/b1e904011ad8e22b26328390ecfe3dd0/execute/async - {"script":"<script> [1562 bytes]","args":[{"selector":{"id":"application-manageresources-display-component---newResourceUnit--DIMENSION_UNIT","interaction":{"idSuffix":"inner"}},"wdio_ui5_key":"applicationmanageresources-display-component---newResourceUnit--DIMENSION_UNIT"}]}
RESULT: {"script":"<script> [1562 bytes]","args":[{"selector":{"id":"application-manageresources-display-component---newResourceUnit--DIMENSION_UNIT","interaction":{"idSuffix":"inner"}},"wdio_ui5_key":"applicationmanageresources-display-component---newResourceUnit--DIMENSION_UNIT"}]}
RESULT: undefined
COMMAND: POST /session/b1e904011ad8e22b26328390ecfe3dd0/execute/async - {"script":"<script> [776 bytes]","args":[{"enterText":"Meter","selector":{"id":"application-manageresources-display-component---newResourceUnit--DIMENSION_UNIT","interaction":{"idSuffix":"inner"}},"clearTextFirst":true,"interactionType":"ENTER_TEXT"}]}
RESULT: {"script":"<script> [776 bytes]","args":[{"enterText":"Meter","selector":{"id":"application-manageresources-display-component---newResourceUnit--DIMENSION_UNIT","interaction":{"idSuffix":"inner"}},"clearTextFirst":true,"interactionType":"ENTER_TEXT"}]}
COMMAND: POST /session/b1e904011ad8e22b26328390ecfe3dd0/execute/async - {"script":"<script> [1562 bytes]","args":[{"selector":{"id":"application-manageresources-display-component---newResourceUnit--newRRUPage-anchBar-application-manageresources-display-component---newResourceUnit--control-anchor","interaction":{"idSuffix":"BDI-content"}},"wdio_ui5_key":"applicationmanageresources-display-component---newResourceUnit--newRRUPage-anchBar-application-manageresources-display-component---newResourceUnit--control-anchor"}]}
RESULT: {"script":"<script> [1562 bytes]","args":[{"selector":{"id":"application-manageresources-display-component---newResourceUnit--newRRUPage-anchBar-application-manageresources-display-component---newResourceUnit--control-anchor","interaction":{"idSuffix":"BDI-content"}},"wdio_ui5_key":"applicationmanageresources-display-component---newResourceUnit--newRRUPage-anchBar-application-manageresources-display-component---newResourceUnit--control-anchor"}]}
RESULT: undefined
COMMAND: POST /session/b1e904011ad8e22b26328390ecfe3dd0/element - {"using":"xpath","value":"//*[@id=\"application-manageresources-display-component---newResourceUnit--newRRUPage-anchBar-application-manageresources-display-component---newResourceUnit--control-anchor\"]"}
RESULT: {"using":"xpath","value":"//*[@id=\"application-manageresources-display-component---newResourceUnit--newRRUPage-anchBar-application-manageresources-display-component---newResourceUnit--control-anchor\"]"}
COMMAND: POST /session/b1e904011ad8e22b26328390ecfe3dd0/element/f.CA0320F3C4D5DF4C38F9949593A05479.d.A46D2B31E606B6D416FF0E83627CE6AB.e.6289/click - {}
RESULT: {}
COMMAND: POST /session/b1e904011ad8e22b26328390ecfe3dd0/execute/async - {"script":"<script> [1562 bytes]","args":[{"selector":{"id":"application-manageresources-display-component---newResourceUnit--PLANNING_GROUP","interaction":{"idSuffix":"inner"}},"wdio_ui5_key":"applicationmanageresources-display-component---newResourceUnit--PLANNING_GROUP"}]}
COMMAND: GET /session/b1e904011ad8e22b26328390ecfe3dd0/screenshot - {}
RESULT: {"script":"<script> [1562 bytes]","args":[{"selector":{"id":"application-manageresources-display-component---newResourceUnit--PLANNING_GROUP","interaction":{"idSuffix":"inner"}},"wdio_ui5_key":"applicationmanageresources-display-component---newResourceUnit--PLANNING_GROUP"}]}
RESULT: undefined
COMMAND: POST /session/b1e904011ad8e22b26328390ecfe3dd0/execute/async - {"script":"<script> [776 bytes]","args":[{"enterText":"Material","selector":{"id":"application-manageresources-display-component---newResourceUnit--PLANNING_GROUP","interaction":{"idSuffix":"inner"}},"clearTextFirst":true,"interactionType":"ENTER_TEXT"}]}
RESULT: {}
RESULT: {"script":"<script> [776 bytes]","args":[{"enterText":"Material","selector":{"id":"application-manageresources-display-component---newResourceUnit--PLANNING_GROUP","interaction":{"idSuffix":"inner"}},"clearTextFirst":true,"interactionType":"ENTER_TEXT"}]}
COMMAND: POST /session/b1e904011ad8e22b26328390ecfe3dd0/execute/async - {"script":"<script> [1562 bytes]","args":[{"selector":{"id":"application-manageresources-display-component---newResourceUnit--PLANNING_INDICATOR","interaction":{"idSuffix":"inner"}},"wdio_ui5_key":"applicationmanageresources-display-component---newResourceUnit--PLANNING_INDICATOR"}]}
RESULT: {"script":"<script> [1562 bytes]","args":[{"selector":{"id":"application-manageresources-display-component---newResourceUnit--PLANNING_INDICATOR","interaction":{"idSuffix":"inner"}},"wdio_ui5_key":"applicationmanageresources-display-component---newResourceUnit--PLANNING_INDICATOR"}]}
RESULT: undefined
COMMAND: POST /session/b1e904011ad8e22b26328390ecfe3dd0/execute/async - {"script":"<script> [776 bytes]","args":[{"enterText":"10 - infinite","selector":{"id":"application-manageresources-display-component---newResourceUnit--PLANNING_INDICATOR","interaction":{"idSuffix":"inner"}},"clearTextFirst":true,"interactionType":"ENTER_TEXT"}]}
RESULT: {"script":"<script> [776 bytes]","args":[{"enterText":"10 - infinite","selector":{"id":"application-manageresources-display-component---newResourceUnit--PLANNING_INDICATOR","interaction":{"idSuffix":"inner"}},"clearTextFirst":true,"interactionType":"ENTER_TEXT"}]}
COMMAND: POST /session/b1e904011ad8e22b26328390ecfe3dd0/element - {"using":"css selector","value":"#application-manageresources-display-component---newResourceUnit--btnAddTimeSegment"}
RESULT: {"using":"css selector","value":"#application-manageresources-display-component---newResourceUnit--btnAddTimeSegment"}
COMMAND: GET /session/b1e904011ad8e22b26328390ecfe3dd0/element/f.CA0320F3C4D5DF4C38F9949593A05479.d.A46D2B31E606B6D416FF0E83627CE6AB.e.6299/rect - {}
RESULT: {}
COMMAND: GET /session/b1e904011ad8e22b26328390ecfe3dd0/window/rect - {}
RESULT: {}
COMMAND: POST /session/b1e904011ad8e22b26328390ecfe3dd0/execute/sync - {"script":"<script> [92 bytes]","args":[]}
RESULT: {"script":"<script> [92 bytes]","args":[]}
COMMAND: POST /session/b1e904011ad8e22b26328390ecfe3dd0/actions - {"actions":[{"id":"action21","type":"wheel","parameters":{},"actions":[{"type":"scroll","x":-1888,"y":-32,"deltaX":0,"deltaY":0,"duration":0,"origin":{"element-6066-11e4-a52e-4f735466cecf":"f.CA0320F3C4D5DF4C38F9949593A05479.d.A46D2B31E606B6D416FF0E83627CE6AB.e.6299"}}]}]}
COMMAND: GET /session/b1e904011ad8e22b26328390ecfe3dd0/screenshot - {}
RESULT: {}
COMMAND: POST /session/b1e904011ad8e22b26328390ecfe3dd0/execute/sync - {"script":"<script> [79 bytes]","args":[{"element-6066-11e4-a52e-4f735466cecf":"f.CA0320F3C4D5DF4C38F9949593A05479.d.A46D2B31E606B6D416FF0E83627CE6AB.e.6299","ELEMENT":"f.CA0320F3C4D5DF4C38F9949593A05479.d.A46D2B31E606B6D416FF0E83627CE6AB.e.6299"},{"block":"start","inline":"nearest"}]}
RESULT: {"script":"<script> [79 bytes]","args":[{"element-6066-11e4-a52e-4f735466cecf":"f.CA0320F3C4D5DF4C38F9949593A05479.d.A46D2B31E606B6D416FF0E83627CE6AB.e.6299","ELEMENT":"f.CA0320F3C4D5DF4C38F9949593A05479.d.A46D2B31E606B6D416FF0E83627CE6AB.e.6299"},{"block":"start","inline":"nearest"}]}
COMMAND: POST /session/b1e904011ad8e22b26328390ecfe3dd0/execute/async - {"script":"<script> [1562 bytes]","args":[{"selector":{"id":"application-manageresources-display-component---newResourceUnit--btnAddTimeSegment","interaction":{"idSuffix":"inner"}},"wdio_ui5_key":"applicationmanageresources-display-component---newResourceUnit--btnAddTimeSegment"}]}
COMMAND: GET /session/b1e904011ad8e22b26328390ecfe3dd0/screenshot - {}
RESULT: {"script":"<script> [1562 bytes]","args":[{"selector":{"id":"application-manageresources-display-component---newResourceUnit--btnAddTimeSegment","interaction":{"idSuffix":"inner"}},"wdio_ui5_key":"applicationmanageresources-display-component---newResourceUnit--btnAddTimeSegment"}]}
RESULT: undefined
COMMAND: POST /session/b1e904011ad8e22b26328390ecfe3dd0/element - {"using":"xpath","value":"//*[@id=\"application-manageresources-display-component---newResourceUnit--btnAddTimeSegment\"]"}
RESULT: {}
RESULT: {"using":"xpath","value":"//*[@id=\"application-manageresources-display-component---newResourceUnit--btnAddTimeSegment\"]"}
COMMAND: POST /session/b1e904011ad8e22b26328390ecfe3dd0/element/f.CA0320F3C4D5DF4C38F9949593A05479.d.A46D2B31E606B6D416FF0E83627CE6AB.e.6299/click - {}
RESULT: {}
COMMAND: GET /session/b1e904011ad8e22b26328390ecfe3dd0/screenshot - {}
RESULT: {}
COMMAND: POST /session/b1e904011ad8e22b26328390ecfe3dd0/element - {"using":"xpath","value":"//input[@id=\"application-manageresources-display-component---newResourceUnit--idRuTSAdmin-application-manageresources-display-component---newResourceUnit--RUTimeSegment-0-inner\"]"}
RESULT: {"using":"xpath","value":"//input[@id=\"application-manageresources-display-component---newResourceUnit--idRuTSAdmin-application-manageresources-display-component---newResourceUnit--RUTimeSegment-0-inner\"]"}
COMMAND: POST /session/b1e904011ad8e22b26328390ecfe3dd0/element/f.CA0320F3C4D5DF4C38F9949593A05479.d.A46D2B31E606B6D416FF0E83627CE6AB.e.6304/clear - {}
RESULT: {}
COMMAND: POST /session/b1e904011ad8e22b26328390ecfe3dd0/element/f.CA0320F3C4D5DF4C38F9949593A05479.d.A46D2B31E606B6D416FF0E83627CE6AB.e.6304/value - {"text":"468"}
COMMAND: GET /session/b1e904011ad8e22b26328390ecfe3dd0/screenshot - {}
RESULT: {"text":"468"}
COMMAND: GET /session/b1e904011ad8e22b26328390ecfe3dd0/screenshot - {}
RESULT: {}
RESULT: {}
COMMAND: POST /session/b1e904011ad8e22b26328390ecfe3dd0/element - {"using":"xpath","value":"//li[.//span[text()='468']]"}
RESULT: {"using":"xpath","value":"//li[.//span[text()='468']]"}
COMMAND: POST /session/b1e904011ad8e22b26328390ecfe3dd0/element/f.CA0320F3C4D5DF4C38F9949593A05479.d.A46D2B31E606B6D416FF0E83627CE6AB.e.6313/click - {}
RESULT: {}
COMMAND: GET /session/b1e904011ad8e22b26328390ecfe3dd0/screenshot - {}
RESULT: {}
COMMAND: POST /session/b1e904011ad8e22b26328390ecfe3dd0/element - {"using":"xpath","value":"(//span[contains(@id, \"-application-manageresources-display-component---newResourceUnit--RUTimeSegment-0-arrow\")])[2]"}
RESULT: {"using":"xpath","value":"(//span[contains(@id, \"-application-manageresources-display-component---newResourceUnit--RUTimeSegment-0-arrow\")])[2]"}
COMMAND: POST /session/b1e904011ad8e22b26328390ecfe3dd0/element/f.CA0320F3C4D5DF4C38F9949593A05479.d.A46D2B31E606B6D416FF0E83627CE6AB.e.6314/click - {}
RESULT: {}
COMMAND: POST /session/b1e904011ad8e22b26328390ecfe3dd0/element - {"using":"xpath","value":"//span[contains(text(), \"PM Order\")]"}
COMMAND: GET /session/b1e904011ad8e22b26328390ecfe3dd0/screenshot - {}
RESULT: {"using":"xpath","value":"//span[contains(text(), \"PM Order\")]"}
COMMAND: POST /session/b1e904011ad8e22b26328390ecfe3dd0/element/f.CA0320F3C4D5DF4C38F9949593A05479.d.A46D2B31E606B6D416FF0E83627CE6AB.e.6315/click - {}
RESULT: {}
RESULT: {}
COMMAND: GET /session/b1e904011ad8e22b26328390ecfe3dd0/screenshot - {}
RESULT: {}
COMMAND: POST /session/b1e904011ad8e22b26328390ecfe3dd0/element - {"using":"xpath","value":"//td/div/div/div/span[contains(@id, \"newResourceUnit--RUTimeSegment-0-vhi\")][1]"}
RESULT: {"using":"xpath","value":"//td/div/div/div/span[contains(@id, \"newResourceUnit--RUTimeSegment-0-vhi\")][1]"}
COMMAND: GET /session/b1e904011ad8e22b26328390ecfe3dd0/element/f.CA0320F3C4D5DF4C38F9949593A05479.d.A46D2B31E606B6D416FF0E83627CE6AB.e.6319/rect - {}
RESULT: {}
COMMAND: GET /session/b1e904011ad8e22b26328390ecfe3dd0/window/rect - {}
RESULT: {}
COMMAND: POST /session/b1e904011ad8e22b26328390ecfe3dd0/execute/sync - {"script":"<script> [92 bytes]","args":[]}
RESULT: {"script":"<script> [92 bytes]","args":[]}
COMMAND: POST /session/b1e904011ad8e22b26328390ecfe3dd0/actions - {"actions":[{"id":"action22","type":"wheel","parameters":{},"actions":[{"type":"scroll","x":-1888,"y":-24,"deltaX":0,"deltaY":0,"duration":0,"origin":{"element-6066-11e4-a52e-4f735466cecf":"f.CA0320F3C4D5DF4C38F9949593A05479.d.A46D2B31E606B6D416FF0E83627CE6AB.e.6319"}}]}]}
COMMAND: GET /session/b1e904011ad8e22b26328390ecfe3dd0/screenshot - {}
RESULT: {}
COMMAND: POST /session/b1e904011ad8e22b26328390ecfe3dd0/execute/sync - {"script":"<script> [79 bytes]","args":[{"element-6066-11e4-a52e-4f735466cecf":"f.CA0320F3C4D5DF4C38F9949593A05479.d.A46D2B31E606B6D416FF0E83627CE6AB.e.6319","ELEMENT":"f.CA0320F3C4D5DF4C38F9949593A05479.d.A46D2B31E606B6D416FF0E83627CE6AB.e.6319"},{"block":"start","inline":"nearest"}]}
RESULT: {"script":"<script> [79 bytes]","args":[{"element-6066-11e4-a52e-4f735466cecf":"f.CA0320F3C4D5DF4C38F9949593A05479.d.A46D2B31E606B6D416FF0E83627CE6AB.e.6319","ELEMENT":"f.CA0320F3C4D5DF4C38F9949593A05479.d.A46D2B31E606B6D416FF0E83627CE6AB.e.6319"},{"block":"start","inline":"nearest"}]}
COMMAND: GET /session/b1e904011ad8e22b26328390ecfe3dd0/screenshot - {}
RESULT: {}
COMMAND: POST /session/b1e904011ad8e22b26328390ecfe3dd0/element/f.CA0320F3C4D5DF4C38F9949593A05479.d.A46D2B31E606B6D416FF0E83627CE6AB.e.6319/click - {}
RESULT: {}
COMMAND: GET /session/b1e904011ad8e22b26328390ecfe3dd0/screenshot - {}
RESULT: {}
COMMAND: POST /session/b1e904011ad8e22b26328390ecfe3dd0/execute/async - {"script":"<script> [1562 bytes]","args":[{"selector":{"controlType":"sap.m.SearchField","properties":{"placeholder":"Search"},"searchOpenDialogs":true,"interaction":{"idSuffix":"I"}},"wdio_ui5_key":"sapm.SearchField{\"placeholder\":\"Search\"}"}]}
RESULT: {"script":"<script> [1562 bytes]","args":[{"selector":{"controlType":"sap.m.SearchField","properties":{"placeholder":"Search"},"searchOpenDialogs":true,"interaction":{"idSuffix":"I"}},"wdio_ui5_key":"sapm.SearchField{\"placeholder\":\"Search\"}"}]}
RESULT: undefined
COMMAND: POST /session/b1e904011ad8e22b26328390ecfe3dd0/execute/async - {"script":"<script> [776 bytes]","args":[{"enterText":"4000360","selector":{"controlType":"sap.m.SearchField","properties":{"placeholder":"Search"},"searchOpenDialogs":true,"interaction":{"idSuffix":"I"}},"clearTextFirst":true,"interactionType":"ENTER_TEXT"}]}
RESULT: {"script":"<script> [776 bytes]","args":[{"enterText":"4000360","selector":{"controlType":"sap.m.SearchField","properties":{"placeholder":"Search"},"searchOpenDialogs":true,"interaction":{"idSuffix":"I"}},"clearTextFirst":true,"interactionType":"ENTER_TEXT"}]}
COMMAND: POST /session/b1e904011ad8e22b26328390ecfe3dd0/actions - {"actions":[{"id":"action23","type":"key","parameters":{},"actions":[{"type":"keyDown","value":""},{"type":"pause","duration":10},{"type":"keyUp","value":""}]}]}
RESULT: {"actions":[{"id":"action23","type":"key","parameters":{},"actions":[{"type":"keyDown","value":""},{"type":"pause","duration":10},{"type":"keyUp","value":""}]}]}
COMMAND: GET /session/b1e904011ad8e22b26328390ecfe3dd0/screenshot - {}
RESULT: {}
COMMAND: POST /session/b1e904011ad8e22b26328390ecfe3dd0/element - {"using":"xpath","value":"//td/div/span[contains(text(), \"BGL Vehicles\")]"}
RESULT: {"using":"xpath","value":"//td/div/span[contains(text(), \"BGL Vehicles\")]"}
COMMAND: POST /session/b1e904011ad8e22b26328390ecfe3dd0/element/f.CA0320F3C4D5DF4C38F9949593A05479.d.A46D2B31E606B6D416FF0E83627CE6AB.e.6340/click - {}
RESULT: {}
COMMAND: GET /session/b1e904011ad8e22b26328390ecfe3dd0/screenshot - {}
RESULT: {}
COMMAND: POST /session/b1e904011ad8e22b26328390ecfe3dd0/element - {"using":"xpath","value":"//bdi[contains(text(), \"OK\")]"}
RESULT: {"using":"xpath","value":"//bdi[contains(text(), \"OK\")]"}
COMMAND: POST /session/b1e904011ad8e22b26328390ecfe3dd0/element/f.CA0320F3C4D5DF4C38F9949593A05479.d.A46D2B31E606B6D416FF0E83627CE6AB.e.6341/click - {}
RESULT: {}
COMMAND: GET /session/b1e904011ad8e22b26328390ecfe3dd0/screenshot - {}
RESULT: {}
COMMAND: POST /session/b1e904011ad8e22b26328390ecfe3dd0/element - {"using":"xpath","value":"//label[contains(@class, 'sapMLabelRequired') and .//bdi[contains(text(), 'Planned Retirement')]]"}
RESULT: {"using":"xpath","value":"//label[contains(@class, 'sapMLabelRequired') and .//bdi[contains(text(), 'Planned Retirement')]]"}
COMMAND: POST /session/b1e904011ad8e22b26328390ecfe3dd0/elements - {"using":"xpath","value":"//label[contains(@class, 'sapMLabelRequired') and .//bdi[contains(text(), 'Planned Retirement')]]"}
RESULT: {"using":"xpath","value":"//label[contains(@class, 'sapMLabelRequired') and .//bdi[contains(text(), 'Planned Retirement')]]"}
COMMAND: POST /session/b1e904011ad8e22b26328390ecfe3dd0/element - {"using":"xpath","value":"//button[@data-kt=\"resourceUnitSaveButton\"]"}
RESULT: {"using":"xpath","value":"//button[@data-kt=\"resourceUnitSaveButton\"]"}
COMMAND: POST /session/b1e904011ad8e22b26328390ecfe3dd0/element/f.CA0320F3C4D5DF4C38F9949593A05479.d.A46D2B31E606B6D416FF0E83627CE6AB.e.6176/click - {}
RESULT: {}
COMMAND: GET /session/b1e904011ad8e22b26328390ecfe3dd0/screenshot - {}
RESULT: {}
COMMAND: POST /session/b1e904011ad8e22b26328390ecfe3dd0/element - {"using":"xpath","value":"//bdi[contains(text(), \"Close\")]"}
RESULT: {"using":"xpath","value":"//bdi[contains(text(), \"Close\")]"}
COMMAND: POST /session/b1e904011ad8e22b26328390ecfe3dd0/element/f.CA0320F3C4D5DF4C38F9949593A05479.d.A46D2B31E606B6D416FF0E83627CE6AB.e.6347/click - {}
RESULT: {}
COMMAND: GET /session/b1e904011ad8e22b26328390ecfe3dd0/screenshot - {}
RESULT: {}
COMMAND: POST /session/b1e904011ad8e22b26328390ecfe3dd0/element - {"using":"xpath","value":"//header[contains(@id, 'detailRruPage-headerTitle')]/div[1]/div[2]/div[2]/span[1]"}
RESULT: {"using":"xpath","value":"//header[contains(@id, 'detailRruPage-headerTitle')]/div[1]/div[2]/div[2]/span[1]"}
COMMAND: POST /session/b1e904011ad8e22b26328390ecfe3dd0/elements - {"using":"xpath","value":"//header[contains(@id, 'detailRruPage-headerTitle')]/div[1]/div[2]/div[2]/span[1]"}
RESULT: {"using":"xpath","value":"//header[contains(@id, 'detailRruPage-headerTitle')]/div[1]/div[2]/div[2]/span[1]"}
COMMAND: POST /session/b1e904011ad8e22b26328390ecfe3dd0/execute/sync - {"script":"<script> [56 bytes]","args":[{"element-6066-11e4-a52e-4f735466cecf":"f.CA0320F3C4D5DF4C38F9949593A05479.d.A46D2B31E606B6D416FF0E83627CE6AB.e.6378","ELEMENT":"f.CA0320F3C4D5DF4C38F9949593A05479.d.A46D2B31E606B6D416FF0E83627CE6AB.e.6378"}]}
RESULT: {"script":"<script> [56 bytes]","args":[{"element-6066-11e4-a52e-4f735466cecf":"f.CA0320F3C4D5DF4C38F9949593A05479.d.A46D2B31E606B6D416FF0E83627CE6AB.e.6378","ELEMENT":"f.CA0320F3C4D5DF4C38F9949593A05479.d.A46D2B31E606B6D416FF0E83627CE6AB.e.6378"}]}
]]></system-out>
    </testcase>
    <testcase classname="chrome.136_0_7103_93.windows.US134625_Set_up_price_condition_-_one_time" name="Should create new pricing rule one time" time="57.139">
      <system-out><![CDATA[
COMMAND: GET /session/b1e904011ad8e22b26328390ecfe3dd0/screenshot - {}
COMMAND: POST /session/b1e904011ad8e22b26328390ecfe3dd0/element - {"using":"xpath","value":"(//button[contains(@id ,\"actionsToolbar-overflowButton\")])[1]"}
RESULT: {"using":"xpath","value":"(//button[contains(@id ,\"actionsToolbar-overflowButton\")])[1]"}
COMMAND: POST /session/b1e904011ad8e22b26328390ecfe3dd0/element/f.CA0320F3C4D5DF4C38F9949593A05479.d.A46D2B31E606B6D416FF0E83627CE6AB.e.6379/click - {}
RESULT: {}
RESULT: {}
COMMAND: GET /session/b1e904011ad8e22b26328390ecfe3dd0/screenshot - {}
RESULT: {}
COMMAND: POST /session/b1e904011ad8e22b26328390ecfe3dd0/element - {"using":"xpath","value":"//button[@data-kt=\"priceInfoButton\"]"}
RESULT: {"using":"xpath","value":"//button[@data-kt=\"priceInfoButton\"]"}
COMMAND: POST /session/b1e904011ad8e22b26328390ecfe3dd0/element/f.CA0320F3C4D5DF4C38F9949593A05479.d.A46D2B31E606B6D416FF0E83627CE6AB.e.6381/click - {}
RESULT: {}
COMMAND: GET /session/b1e904011ad8e22b26328390ecfe3dd0/screenshot - {}
RESULT: {}
COMMAND: POST /session/b1e904011ad8e22b26328390ecfe3dd0/element - {"using":"xpath","value":"//button[@data-kt=\"addButton\"]"}
RESULT: {"using":"xpath","value":"//button[@data-kt=\"addButton\"]"}
COMMAND: POST /session/b1e904011ad8e22b26328390ecfe3dd0/elements - {"using":"xpath","value":"//button[@data-kt=\"addButton\"]"}
RESULT: {"using":"xpath","value":"//button[@data-kt=\"addButton\"]"}
COMMAND: POST /session/b1e904011ad8e22b26328390ecfe3dd0/execute/sync - {"script":"<script> [8489 bytes]","args":[{"element-6066-11e4-a52e-4f735466cecf":"f.CA0320F3C4D5DF4C38F9949593A05479.d.A46D2B31E606B6D416FF0E83627CE6AB.e.6417","ELEMENT":"f.CA0320F3C4D5DF4C38F9949593A05479.d.A46D2B31E606B6D416FF0E83627CE6AB.e.6417"}]}
RESULT: {"script":"<script> [8489 bytes]","args":[{"element-6066-11e4-a52e-4f735466cecf":"f.CA0320F3C4D5DF4C38F9949593A05479.d.A46D2B31E606B6D416FF0E83627CE6AB.e.6417","ELEMENT":"f.CA0320F3C4D5DF4C38F9949593A05479.d.A46D2B31E606B6D416FF0E83627CE6AB.e.6417"}]}
COMMAND: GET /session/b1e904011ad8e22b26328390ecfe3dd0/element/f.CA0320F3C4D5DF4C38F9949593A05479.d.A46D2B31E606B6D416FF0E83627CE6AB.e.6417/enabled - {}
COMMAND: GET /session/b1e904011ad8e22b26328390ecfe3dd0/screenshot - {}
RESULT: {}
COMMAND: POST /session/b1e904011ad8e22b26328390ecfe3dd0/execute/sync - {"script":"<script> [8489 bytes]","args":[{"element-6066-11e4-a52e-4f735466cecf":"f.CA0320F3C4D5DF4C38F9949593A05479.d.A46D2B31E606B6D416FF0E83627CE6AB.e.6417","ELEMENT":"f.CA0320F3C4D5DF4C38F9949593A05479.d.A46D2B31E606B6D416FF0E83627CE6AB.e.6417"}]}
COMMAND: GET /session/b1e904011ad8e22b26328390ecfe3dd0/screenshot - {}
RESULT: {}
RESULT: {"script":"<script> [8489 bytes]","args":[{"element-6066-11e4-a52e-4f735466cecf":"f.CA0320F3C4D5DF4C38F9949593A05479.d.A46D2B31E606B6D416FF0E83627CE6AB.e.6417","ELEMENT":"f.CA0320F3C4D5DF4C38F9949593A05479.d.A46D2B31E606B6D416FF0E83627CE6AB.e.6417"}]}
COMMAND: POST /session/b1e904011ad8e22b26328390ecfe3dd0/execute/sync - {"script":"<script> [5351 bytes]","args":[{"element-6066-11e4-a52e-4f735466cecf":"f.CA0320F3C4D5DF4C38F9949593A05479.d.A46D2B31E606B6D416FF0E83627CE6AB.e.6417","ELEMENT":"f.CA0320F3C4D5DF4C38F9949593A05479.d.A46D2B31E606B6D416FF0E83627CE6AB.e.6417"}]}
COMMAND: GET /session/b1e904011ad8e22b26328390ecfe3dd0/screenshot - {}
RESULT: {}
RESULT: {"script":"<script> [5351 bytes]","args":[{"element-6066-11e4-a52e-4f735466cecf":"f.CA0320F3C4D5DF4C38F9949593A05479.d.A46D2B31E606B6D416FF0E83627CE6AB.e.6417","ELEMENT":"f.CA0320F3C4D5DF4C38F9949593A05479.d.A46D2B31E606B6D416FF0E83627CE6AB.e.6417"}]}
COMMAND: POST /session/b1e904011ad8e22b26328390ecfe3dd0/element/f.CA0320F3C4D5DF4C38F9949593A05479.d.A46D2B31E606B6D416FF0E83627CE6AB.e.6417/click - {}
COMMAND: GET /session/b1e904011ad8e22b26328390ecfe3dd0/screenshot - {}
RESULT: {}
RESULT: {}
COMMAND: GET /session/b1e904011ad8e22b26328390ecfe3dd0/screenshot - {}
RESULT: {}
RESULT: {}
COMMAND: POST /session/b1e904011ad8e22b26328390ecfe3dd0/execute/async - {"script":"<script> [1562 bytes]","args":[{"selector":{"controlType":"sap.m.Title","viewName":"etm.portal.ui.managepricingrules.view.NewItem","viewId":"application-managepricingrules-display-component---newInfoPriceItem","properties":{"text":"New Pricing Rules - Item Level"}},"wdio_ui5_key":"etmportal.ui.managepricingrules.view.NewItemsap.m.Title{\"text\":\"New Pricing Rules - Item Level\"}"}]}
RESULT: {"script":"<script> [1562 bytes]","args":[{"selector":{"controlType":"sap.m.Title","viewName":"etm.portal.ui.managepricingrules.view.NewItem","viewId":"application-managepricingrules-display-component---newInfoPriceItem","properties":{"text":"New Pricing Rules - Item Level"}},"wdio_ui5_key":"etmportal.ui.managepricingrules.view.NewItemsap.m.Title{\"text\":\"New Pricing Rules - Item Level\"}"}]}
RESULT: undefined
COMMAND: POST /session/b1e904011ad8e22b26328390ecfe3dd0/execute/async - {"script":"<script> [6424 bytes]","args":[{"element-6066-11e4-a52e-4f735466cecf":"f.CA0320F3C4D5DF4C38F9949593A05479.d.A46D2B31E606B6D416FF0E83627CE6AB.e.6587"},"getText",[]]}
RESULT: {"script":"<script> [6424 bytes]","args":[{"element-6066-11e4-a52e-4f735466cecf":"f.CA0320F3C4D5DF4C38F9949593A05479.d.A46D2B31E606B6D416FF0E83627CE6AB.e.6587"},"getText",[]]}
COMMAND: POST /session/b1e904011ad8e22b26328390ecfe3dd0/execute/async - {"script":"<script> [1562 bytes]","args":[{"selector":{"id":"application-managepricingrules-display-component---newInfoPriceItem--condValidTo","interaction":{"idSuffix":"inner"}},"wdio_ui5_key":"applicationmanagepricingrules-display-component---newInfoPriceItem--condValidTo"}]}
RESULT: {"script":"<script> [1562 bytes]","args":[{"selector":{"id":"application-managepricingrules-display-component---newInfoPriceItem--condValidTo","interaction":{"idSuffix":"inner"}},"wdio_ui5_key":"applicationmanagepricingrules-display-component---newInfoPriceItem--condValidTo"}]}
RESULT: undefined
COMMAND: POST /session/b1e904011ad8e22b26328390ecfe3dd0/execute/async - {"script":"<script> [776 bytes]","args":[{"enterText":"1/29/26","selector":{"id":"application-managepricingrules-display-component---newInfoPriceItem--condValidTo","interaction":{"idSuffix":"inner"}},"clearTextFirst":true,"interactionType":"ENTER_TEXT"}]}
RESULT: {"script":"<script> [776 bytes]","args":[{"enterText":"1/29/26","selector":{"id":"application-managepricingrules-display-component---newInfoPriceItem--condValidTo","interaction":{"idSuffix":"inner"}},"clearTextFirst":true,"interactionType":"ENTER_TEXT"}]}
COMMAND: POST /session/b1e904011ad8e22b26328390ecfe3dd0/execute/async - {"script":"<script> [1562 bytes]","args":[{"selector":{"id":"application-managepricingrules-display-component---newInfoPriceItem--billType-arrow"},"wdio_ui5_key":"applicationmanagepricingrules-display-component---newInfoPriceItem--billType-arrow"}]}
RESULT: {"script":"<script> [1562 bytes]","args":[{"selector":{"id":"application-managepricingrules-display-component---newInfoPriceItem--billType-arrow"},"wdio_ui5_key":"applicationmanagepricingrules-display-component---newInfoPriceItem--billType-arrow"}]}
RESULT: undefined
COMMAND: POST /session/b1e904011ad8e22b26328390ecfe3dd0/element - {"using":"xpath","value":"//*[@id=\"application-managepricingrules-display-component---newInfoPriceItem--billType-arrow\"]"}
RESULT: {"using":"xpath","value":"//*[@id=\"application-managepricingrules-display-component---newInfoPriceItem--billType-arrow\"]"}
COMMAND: POST /session/b1e904011ad8e22b26328390ecfe3dd0/element/f.CA0320F3C4D5DF4C38F9949593A05479.d.A46D2B31E606B6D416FF0E83627CE6AB.e.6547/click - {}
RESULT: {}
COMMAND: POST /session/b1e904011ad8e22b26328390ecfe3dd0/element - {"using":"xpath","value":"//span[contains(text(), \"OT - Sales (one-time)\")]"}
COMMAND: GET /session/b1e904011ad8e22b26328390ecfe3dd0/screenshot - {}
RESULT: {"using":"xpath","value":"//span[contains(text(), \"OT - Sales (one-time)\")]"}
COMMAND: POST /session/b1e904011ad8e22b26328390ecfe3dd0/element/f.CA0320F3C4D5DF4C38F9949593A05479.d.A46D2B31E606B6D416FF0E83627CE6AB.e.6589/click - {}
RESULT: {}
RESULT: {}
COMMAND: POST /session/b1e904011ad8e22b26328390ecfe3dd0/execute/async - {"script":"<script> [1562 bytes]","args":[{"selector":{"id":"application-managepricingrules-display-component---newInfoPriceItem--priceProc-arrow"},"wdio_ui5_key":"applicationmanagepricingrules-display-component---newInfoPriceItem--priceProc-arrow"}]}
COMMAND: GET /session/b1e904011ad8e22b26328390ecfe3dd0/screenshot - {}
RESULT: {"script":"<script> [1562 bytes]","args":[{"selector":{"id":"application-managepricingrules-display-component---newInfoPriceItem--priceProc-arrow"},"wdio_ui5_key":"applicationmanagepricingrules-display-component---newInfoPriceItem--priceProc-arrow"}]}
RESULT: undefined
COMMAND: POST /session/b1e904011ad8e22b26328390ecfe3dd0/element - {"using":"xpath","value":"//*[@id=\"application-managepricingrules-display-component---newInfoPriceItem--priceProc-arrow\"]"}
RESULT: {}
RESULT: {"using":"xpath","value":"//*[@id=\"application-managepricingrules-display-component---newInfoPriceItem--priceProc-arrow\"]"}
COMMAND: POST /session/b1e904011ad8e22b26328390ecfe3dd0/element/f.CA0320F3C4D5DF4C38F9949593A05479.d.A46D2B31E606B6D416FF0E83627CE6AB.e.6554/click - {}
RESULT: {}
COMMAND: POST /session/b1e904011ad8e22b26328390ecfe3dd0/element - {"using":"xpath","value":"//span[contains(text(), \"MAT - Material\")]"}
COMMAND: GET /session/b1e904011ad8e22b26328390ecfe3dd0/screenshot - {}
RESULT: {"using":"xpath","value":"//span[contains(text(), \"MAT - Material\")]"}
COMMAND: POST /session/b1e904011ad8e22b26328390ecfe3dd0/element/f.CA0320F3C4D5DF4C38F9949593A05479.d.A46D2B31E606B6D416FF0E83627CE6AB.e.6590/click - {}
RESULT: {}
RESULT: {}
COMMAND: POST /session/b1e904011ad8e22b26328390ecfe3dd0/execute/async - {"script":"<script> [1562 bytes]","args":[{"selector":{"id":"application-managepricingrules-display-component---newInfoPriceItem--calcBase-arrow"},"wdio_ui5_key":"applicationmanagepricingrules-display-component---newInfoPriceItem--calcBase-arrow"}]}
COMMAND: GET /session/b1e904011ad8e22b26328390ecfe3dd0/screenshot - {}
RESULT: {"script":"<script> [1562 bytes]","args":[{"selector":{"id":"application-managepricingrules-display-component---newInfoPriceItem--calcBase-arrow"},"wdio_ui5_key":"applicationmanagepricingrules-display-component---newInfoPriceItem--calcBase-arrow"}]}
RESULT: undefined
COMMAND: POST /session/b1e904011ad8e22b26328390ecfe3dd0/element - {"using":"xpath","value":"//*[@id=\"application-managepricingrules-display-component---newInfoPriceItem--calcBase-arrow\"]"}
RESULT: {}
RESULT: {"using":"xpath","value":"//*[@id=\"application-managepricingrules-display-component---newInfoPriceItem--calcBase-arrow\"]"}
COMMAND: POST /session/b1e904011ad8e22b26328390ecfe3dd0/element/f.CA0320F3C4D5DF4C38F9949593A05479.d.A46D2B31E606B6D416FF0E83627CE6AB.e.6561/click - {}
RESULT: {}
COMMAND: GET /session/b1e904011ad8e22b26328390ecfe3dd0/screenshot - {}
RESULT: {}
COMMAND: POST /session/b1e904011ad8e22b26328390ecfe3dd0/element - {"using":"xpath","value":"//span[contains(text(), \"0001 - TB(exact month + cal_days)\")]"}
RESULT: {"using":"xpath","value":"//span[contains(text(), \"0001 - TB(exact month + cal_days)\")]"}
COMMAND: POST /session/b1e904011ad8e22b26328390ecfe3dd0/element/f.CA0320F3C4D5DF4C38F9949593A05479.d.A46D2B31E606B6D416FF0E83627CE6AB.e.6591/click - {}
RESULT: {}
COMMAND: GET /session/b1e904011ad8e22b26328390ecfe3dd0/screenshot - {}
RESULT: {}
COMMAND: POST /session/b1e904011ad8e22b26328390ecfe3dd0/element - {"using":"xpath","value":"//button[@data-kt=\"saveNewRuleButton\"]"}
RESULT: {"using":"xpath","value":"//button[@data-kt=\"saveNewRuleButton\"]"}
COMMAND: POST /session/b1e904011ad8e22b26328390ecfe3dd0/element/f.CA0320F3C4D5DF4C38F9949593A05479.d.A46D2B31E606B6D416FF0E83627CE6AB.e.6581/click - {}
RESULT: {}
COMMAND: GET /session/b1e904011ad8e22b26328390ecfe3dd0/screenshot - {}
RESULT: {}
COMMAND: POST /session/b1e904011ad8e22b26328390ecfe3dd0/execute/async - {"script":"<script> [1562 bytes]","args":[{"selector":{"id":"application-managepricingrules-display-component---priceInfoItem--smartFilterBar-btnBasicSearch","interaction":{"idSuffix":"I"}},"wdio_ui5_key":"applicationmanagepricingrules-display-component---priceInfoItem--smartFilterBar-btnBasicSearch"}]}
RESULT: {"script":"<script> [1562 bytes]","args":[{"selector":{"id":"application-managepricingrules-display-component---priceInfoItem--smartFilterBar-btnBasicSearch","interaction":{"idSuffix":"I"}},"wdio_ui5_key":"applicationmanagepricingrules-display-component---priceInfoItem--smartFilterBar-btnBasicSearch"}]}
RESULT: undefined
COMMAND: POST /session/b1e904011ad8e22b26328390ecfe3dd0/execute/async - {"script":"<script> [776 bytes]","args":[{"enterText":"200261","selector":{"id":"application-managepricingrules-display-component---priceInfoItem--smartFilterBar-btnBasicSearch","interaction":{"idSuffix":"I"}},"clearTextFirst":true,"interactionType":"ENTER_TEXT"}]}
RESULT: {"script":"<script> [776 bytes]","args":[{"enterText":"200261","selector":{"id":"application-managepricingrules-display-component---priceInfoItem--smartFilterBar-btnBasicSearch","interaction":{"idSuffix":"I"}},"clearTextFirst":true,"interactionType":"ENTER_TEXT"}]}
COMMAND: POST /session/b1e904011ad8e22b26328390ecfe3dd0/actions - {"actions":[{"id":"action24","type":"key","parameters":{},"actions":[{"type":"keyDown","value":""},{"type":"pause","duration":10},{"type":"keyUp","value":""}]}]}
RESULT: {"actions":[{"id":"action24","type":"key","parameters":{},"actions":[{"type":"keyDown","value":""},{"type":"pause","duration":10},{"type":"keyUp","value":""}]}]}
COMMAND: GET /session/b1e904011ad8e22b26328390ecfe3dd0/screenshot - {}
RESULT: {}
COMMAND: POST /session/b1e904011ad8e22b26328390ecfe3dd0/element - {"using":"xpath","value":"//span[@id=\"application-managepricingrules-display-component---priceInfoItem--smartTable-header-inner\"]"}
RESULT: {"using":"xpath","value":"//span[@id=\"application-managepricingrules-display-component---priceInfoItem--smartTable-header-inner\"]"}
COMMAND: POST /session/b1e904011ad8e22b26328390ecfe3dd0/elements - {"using":"xpath","value":"//span[@id=\"application-managepricingrules-display-component---priceInfoItem--smartTable-header-inner\"]"}
RESULT: {"using":"xpath","value":"//span[@id=\"application-managepricingrules-display-component---priceInfoItem--smartTable-header-inner\"]"}
COMMAND: POST /session/b1e904011ad8e22b26328390ecfe3dd0/execute/sync - {"script":"<script> [56 bytes]","args":[{"element-6066-11e4-a52e-4f735466cecf":"f.CA0320F3C4D5DF4C38F9949593A05479.d.A46D2B31E606B6D416FF0E83627CE6AB.e.6604","ELEMENT":"f.CA0320F3C4D5DF4C38F9949593A05479.d.A46D2B31E606B6D416FF0E83627CE6AB.e.6604"}]}
RESULT: {"script":"<script> [56 bytes]","args":[{"element-6066-11e4-a52e-4f735466cecf":"f.CA0320F3C4D5DF4C38F9949593A05479.d.A46D2B31E606B6D416FF0E83627CE6AB.e.6604","ELEMENT":"f.CA0320F3C4D5DF4C38F9949593A05479.d.A46D2B31E606B6D416FF0E83627CE6AB.e.6604"}]}
COMMAND: POST /session/b1e904011ad8e22b26328390ecfe3dd0/element - {"using":"css selector","value":"#shell-header-logo"}
COMMAND: GET /session/b1e904011ad8e22b26328390ecfe3dd0/screenshot - {}
RESULT: {"using":"css selector","value":"#shell-header-logo"}
COMMAND: POST /session/b1e904011ad8e22b26328390ecfe3dd0/element/f.CA0320F3C4D5DF4C38F9949593A05479.d.A46D2B31E606B6D416FF0E83627CE6AB.e.5760/click - {}
RESULT: {}
RESULT: {}
COMMAND: GET /session/b1e904011ad8e22b26328390ecfe3dd0/screenshot - {}
RESULT: {}
]]></system-out>
    </testcase>
    <testcase classname="chrome.136_0_7103_93.windows.US134625_Set_up_price_condition_-_one_time" name="Should create new condition one time" time="66.687">
      <system-out><![CDATA[
COMMAND: POST /session/b1e904011ad8e22b26328390ecfe3dd0/execute/async - {"script":"<script> [1562 bytes]","args":[{"selector":{"controlType":"sap.m.GenericTile","properties":{"header":"Manage Conditions & Prices"}},"wdio_ui5_key":"sapm.GenericTile{\"header\":\"Manage Conditions & Prices\"}"}]}
RESULT: {"script":"<script> [1562 bytes]","args":[{"selector":{"controlType":"sap.m.GenericTile","properties":{"header":"Manage Conditions & Prices"}},"wdio_ui5_key":"sapm.GenericTile{\"header\":\"Manage Conditions & Prices\"}"}]}
RESULT: undefined
COMMAND: POST /session/b1e904011ad8e22b26328390ecfe3dd0/element - {"using":"xpath","value":"//*[@id=\"__tile53\"]"}
RESULT: {"using":"xpath","value":"//*[@id=\"__tile53\"]"}
COMMAND: POST /session/b1e904011ad8e22b26328390ecfe3dd0/element/f.CA0320F3C4D5DF4C38F9949593A05479.d.A46D2B31E606B6D416FF0E83627CE6AB.e.5699/click - {}
RESULT: {}
COMMAND: GET /session/b1e904011ad8e22b26328390ecfe3dd0/screenshot - {}
COMMAND: POST /session/b1e904011ad8e22b26328390ecfe3dd0/elements - {"using":"xpath","value":"//span[text()='Error']"}
RESULT: {}
RESULT: {"using":"xpath","value":"//span[text()='Error']"}
COMMAND: POST /session/b1e904011ad8e22b26328390ecfe3dd0/element - {"using":"xpath","value":"//button[@aria-label=\"Create\"]"}
RESULT: {"using":"xpath","value":"//button[@aria-label=\"Create\"]"}
COMMAND: POST /session/b1e904011ad8e22b26328390ecfe3dd0/elements - {"using":"xpath","value":"//button[@aria-label=\"Create\"]"}
RESULT: {"using":"xpath","value":"//button[@aria-label=\"Create\"]"}
COMMAND: POST /session/b1e904011ad8e22b26328390ecfe3dd0/execute/sync - {"script":"<script> [8489 bytes]","args":[{"element-6066-11e4-a52e-4f735466cecf":"f.CA0320F3C4D5DF4C38F9949593A05479.d.A46D2B31E606B6D416FF0E83627CE6AB.e.6639","ELEMENT":"f.CA0320F3C4D5DF4C38F9949593A05479.d.A46D2B31E606B6D416FF0E83627CE6AB.e.6639"}]}
RESULT: {"script":"<script> [8489 bytes]","args":[{"element-6066-11e4-a52e-4f735466cecf":"f.CA0320F3C4D5DF4C38F9949593A05479.d.A46D2B31E606B6D416FF0E83627CE6AB.e.6639","ELEMENT":"f.CA0320F3C4D5DF4C38F9949593A05479.d.A46D2B31E606B6D416FF0E83627CE6AB.e.6639"}]}
COMMAND: GET /session/b1e904011ad8e22b26328390ecfe3dd0/element/f.CA0320F3C4D5DF4C38F9949593A05479.d.A46D2B31E606B6D416FF0E83627CE6AB.e.6639/enabled - {}
COMMAND: GET /session/b1e904011ad8e22b26328390ecfe3dd0/screenshot - {}
RESULT: {}
COMMAND: POST /session/b1e904011ad8e22b26328390ecfe3dd0/execute/sync - {"script":"<script> [8489 bytes]","args":[{"element-6066-11e4-a52e-4f735466cecf":"f.CA0320F3C4D5DF4C38F9949593A05479.d.A46D2B31E606B6D416FF0E83627CE6AB.e.6639","ELEMENT":"f.CA0320F3C4D5DF4C38F9949593A05479.d.A46D2B31E606B6D416FF0E83627CE6AB.e.6639"}]}
COMMAND: GET /session/b1e904011ad8e22b26328390ecfe3dd0/screenshot - {}
RESULT: {}
RESULT: {"script":"<script> [8489 bytes]","args":[{"element-6066-11e4-a52e-4f735466cecf":"f.CA0320F3C4D5DF4C38F9949593A05479.d.A46D2B31E606B6D416FF0E83627CE6AB.e.6639","ELEMENT":"f.CA0320F3C4D5DF4C38F9949593A05479.d.A46D2B31E606B6D416FF0E83627CE6AB.e.6639"}]}
COMMAND: POST /session/b1e904011ad8e22b26328390ecfe3dd0/execute/sync - {"script":"<script> [5351 bytes]","args":[{"element-6066-11e4-a52e-4f735466cecf":"f.CA0320F3C4D5DF4C38F9949593A05479.d.A46D2B31E606B6D416FF0E83627CE6AB.e.6639","ELEMENT":"f.CA0320F3C4D5DF4C38F9949593A05479.d.A46D2B31E606B6D416FF0E83627CE6AB.e.6639"}]}
COMMAND: GET /session/b1e904011ad8e22b26328390ecfe3dd0/screenshot - {}
RESULT: {}
RESULT: {"script":"<script> [5351 bytes]","args":[{"element-6066-11e4-a52e-4f735466cecf":"f.CA0320F3C4D5DF4C38F9949593A05479.d.A46D2B31E606B6D416FF0E83627CE6AB.e.6639","ELEMENT":"f.CA0320F3C4D5DF4C38F9949593A05479.d.A46D2B31E606B6D416FF0E83627CE6AB.e.6639"}]}
COMMAND: POST /session/b1e904011ad8e22b26328390ecfe3dd0/element/f.CA0320F3C4D5DF4C38F9949593A05479.d.A46D2B31E606B6D416FF0E83627CE6AB.e.6639/click - {}
COMMAND: GET /session/b1e904011ad8e22b26328390ecfe3dd0/screenshot - {}
RESULT: {}
RESULT: {}
COMMAND: GET /session/b1e904011ad8e22b26328390ecfe3dd0/screenshot - {}
RESULT: {}
RESULT: {}
COMMAND: POST /session/b1e904011ad8e22b26328390ecfe3dd0/actions - {"actions":[{"id":"action25","type":"key","parameters":{},"actions":[{"type":"keyDown","value":""},{"type":"pause","duration":10},{"type":"keyUp","value":""}]}]}
RESULT: {"actions":[{"id":"action25","type":"key","parameters":{},"actions":[{"type":"keyDown","value":""},{"type":"pause","duration":10},{"type":"keyUp","value":""}]}]}
COMMAND: GET /session/b1e904011ad8e22b26328390ecfe3dd0/screenshot - {}
RESULT: {}
COMMAND: POST /session/b1e904011ad8e22b26328390ecfe3dd0/execute/async - {"script":"<script> [1562 bytes]","args":[{"selector":{"id":"application-manageconditionprice-display-component---newCondition--condBillCond-arrow"},"wdio_ui5_key":"applicationmanageconditionprice-display-component---newCondition--condBillCond-arrow"}]}
RESULT: {"script":"<script> [1562 bytes]","args":[{"selector":{"id":"application-manageconditionprice-display-component---newCondition--condBillCond-arrow"},"wdio_ui5_key":"applicationmanageconditionprice-display-component---newCondition--condBillCond-arrow"}]}
RESULT: undefined
COMMAND: POST /session/b1e904011ad8e22b26328390ecfe3dd0/element - {"using":"xpath","value":"//*[@id=\"application-manageconditionprice-display-component---newCondition--condBillCond-arrow\"]"}
RESULT: {"using":"xpath","value":"//*[@id=\"application-manageconditionprice-display-component---newCondition--condBillCond-arrow\"]"}
COMMAND: POST /session/b1e904011ad8e22b26328390ecfe3dd0/element/f.CA0320F3C4D5DF4C38F9949593A05479.d.A46D2B31E606B6D416FF0E83627CE6AB.e.6816/click - {}
RESULT: {}
COMMAND: GET /session/b1e904011ad8e22b26328390ecfe3dd0/screenshot - {}
RESULT: {}
COMMAND: POST /session/b1e904011ad8e22b26328390ecfe3dd0/element - {"using":"xpath","value":"//li[.//span[contains(text(), \"SAPR - Sales price\")]]"}
RESULT: {"using":"xpath","value":"//li[.//span[contains(text(), \"SAPR - Sales price\")]]"}
COMMAND: POST /session/b1e904011ad8e22b26328390ecfe3dd0/element/f.CA0320F3C4D5DF4C38F9949593A05479.d.A46D2B31E606B6D416FF0E83627CE6AB.e.6819/click - {}
RESULT: {}
COMMAND: GET /session/b1e904011ad8e22b26328390ecfe3dd0/screenshot - {}
RESULT: {}
COMMAND: POST /session/b1e904011ad8e22b26328390ecfe3dd0/execute/async - {"script":"<script> [1562 bytes]","args":[{"selector":{"id":"application-manageconditionprice-display-component---newCondition--condValidTo","interaction":{"idSuffix":"inner"}},"wdio_ui5_key":"applicationmanageconditionprice-display-component---newCondition--condValidTo"}]}
RESULT: {"script":"<script> [1562 bytes]","args":[{"selector":{"id":"application-manageconditionprice-display-component---newCondition--condValidTo","interaction":{"idSuffix":"inner"}},"wdio_ui5_key":"applicationmanageconditionprice-display-component---newCondition--condValidTo"}]}
RESULT: undefined
COMMAND: POST /session/b1e904011ad8e22b26328390ecfe3dd0/execute/async - {"script":"<script> [776 bytes]","args":[{"enterText":"1/29/26","selector":{"id":"application-manageconditionprice-display-component---newCondition--condValidTo","interaction":{"idSuffix":"inner"}},"clearTextFirst":true,"interactionType":"ENTER_TEXT"}]}
RESULT: {"script":"<script> [776 bytes]","args":[{"enterText":"1/29/26","selector":{"id":"application-manageconditionprice-display-component---newCondition--condValidTo","interaction":{"idSuffix":"inner"}},"clearTextFirst":true,"interactionType":"ENTER_TEXT"}]}
COMMAND: POST /session/b1e904011ad8e22b26328390ecfe3dd0/element - {"using":"xpath","value":"//input[@id=\"application-manageconditionprice-display-component---newCondition--condRU-inner\"]"}
RESULT: {"using":"xpath","value":"//input[@id=\"application-manageconditionprice-display-component---newCondition--condRU-inner\"]"}
COMMAND: POST /session/b1e904011ad8e22b26328390ecfe3dd0/element/f.CA0320F3C4D5DF4C38F9949593A05479.d.A46D2B31E606B6D416FF0E83627CE6AB.e.6680/clear - {}
RESULT: {}
COMMAND: POST /session/b1e904011ad8e22b26328390ecfe3dd0/element/f.CA0320F3C4D5DF4C38F9949593A05479.d.A46D2B31E606B6D416FF0E83627CE6AB.e.6680/value - {"text":"200261"}
COMMAND: GET /session/b1e904011ad8e22b26328390ecfe3dd0/screenshot - {}
RESULT: {"text":"200261"}
COMMAND: GET /session/b1e904011ad8e22b26328390ecfe3dd0/screenshot - {}
RESULT: {}
RESULT: {}
COMMAND: POST /session/b1e904011ad8e22b26328390ecfe3dd0/actions - {"actions":[{"id":"action26","type":"key","parameters":{},"actions":[{"type":"keyDown","value":""},{"type":"pause","duration":10},{"type":"keyUp","value":""}]}]}
RESULT: {"actions":[{"id":"action26","type":"key","parameters":{},"actions":[{"type":"keyDown","value":""},{"type":"pause","duration":10},{"type":"keyUp","value":""}]}]}
COMMAND: POST /session/b1e904011ad8e22b26328390ecfe3dd0/execute/async - {"script":"<script> [1562 bytes]","args":[{"selector":{"id":"application-manageconditionprice-display-component---newCondition--condBaseQty","interaction":{"idSuffix":"inner"}},"wdio_ui5_key":"applicationmanageconditionprice-display-component---newCondition--condBaseQty"}]}
COMMAND: GET /session/b1e904011ad8e22b26328390ecfe3dd0/screenshot - {}
RESULT: {"script":"<script> [1562 bytes]","args":[{"selector":{"id":"application-manageconditionprice-display-component---newCondition--condBaseQty","interaction":{"idSuffix":"inner"}},"wdio_ui5_key":"applicationmanageconditionprice-display-component---newCondition--condBaseQty"}]}
RESULT: undefined
COMMAND: POST /session/b1e904011ad8e22b26328390ecfe3dd0/execute/async - {"script":"<script> [776 bytes]","args":[{"enterText":"1","selector":{"id":"application-manageconditionprice-display-component---newCondition--condBaseQty","interaction":{"idSuffix":"inner"}},"clearTextFirst":true,"interactionType":"ENTER_TEXT"}]}
RESULT: {}
RESULT: {"script":"<script> [776 bytes]","args":[{"enterText":"1","selector":{"id":"application-manageconditionprice-display-component---newCondition--condBaseQty","interaction":{"idSuffix":"inner"}},"clearTextFirst":true,"interactionType":"ENTER_TEXT"}]}
COMMAND: POST /session/b1e904011ad8e22b26328390ecfe3dd0/execute/async - {"script":"<script> [1562 bytes]","args":[{"selector":{"id":"application-manageconditionprice-display-component---newCondition--condValue","interaction":{"idSuffix":"inner"}},"wdio_ui5_key":"applicationmanageconditionprice-display-component---newCondition--condValue"}]}
RESULT: {"script":"<script> [1562 bytes]","args":[{"selector":{"id":"application-manageconditionprice-display-component---newCondition--condValue","interaction":{"idSuffix":"inner"}},"wdio_ui5_key":"applicationmanageconditionprice-display-component---newCondition--condValue"}]}
RESULT: undefined
COMMAND: POST /session/b1e904011ad8e22b26328390ecfe3dd0/execute/async - {"script":"<script> [776 bytes]","args":[{"enterText":"100.00","selector":{"id":"application-manageconditionprice-display-component---newCondition--condValue","interaction":{"idSuffix":"inner"}},"clearTextFirst":true,"interactionType":"ENTER_TEXT"}]}
RESULT: {"script":"<script> [776 bytes]","args":[{"enterText":"100.00","selector":{"id":"application-manageconditionprice-display-component---newCondition--condValue","interaction":{"idSuffix":"inner"}},"clearTextFirst":true,"interactionType":"ENTER_TEXT"}]}
COMMAND: POST /session/b1e904011ad8e22b26328390ecfe3dd0/execute/async - {"script":"<script> [1562 bytes]","args":[{"selector":{"id":"application-manageconditionprice-display-component---newCondition--condCurr-arrow"},"wdio_ui5_key":"applicationmanageconditionprice-display-component---newCondition--condCurr-arrow"}]}
RESULT: {"script":"<script> [1562 bytes]","args":[{"selector":{"id":"application-manageconditionprice-display-component---newCondition--condCurr-arrow"},"wdio_ui5_key":"applicationmanageconditionprice-display-component---newCondition--condCurr-arrow"}]}
RESULT: undefined
COMMAND: POST /session/b1e904011ad8e22b26328390ecfe3dd0/element - {"using":"xpath","value":"//*[@id=\"application-manageconditionprice-display-component---newCondition--condCurr-arrow\"]"}
RESULT: {"using":"xpath","value":"//*[@id=\"application-manageconditionprice-display-component---newCondition--condCurr-arrow\"]"}
COMMAND: POST /session/b1e904011ad8e22b26328390ecfe3dd0/element/f.CA0320F3C4D5DF4C38F9949593A05479.d.A46D2B31E606B6D416FF0E83627CE6AB.e.6800/click - {}
RESULT: {}
COMMAND: POST /session/b1e904011ad8e22b26328390ecfe3dd0/element - {"using":"xpath","value":"//span[contains(text(), \"Euro\")]"}
COMMAND: GET /session/b1e904011ad8e22b26328390ecfe3dd0/screenshot - {}
RESULT: {"using":"xpath","value":"//span[contains(text(), \"Euro\")]"}
COMMAND: POST /session/b1e904011ad8e22b26328390ecfe3dd0/element/f.CA0320F3C4D5DF4C38F9949593A05479.d.A46D2B31E606B6D416FF0E83627CE6AB.e.6855/click - {}
RESULT: {}
RESULT: {}
COMMAND: POST /session/b1e904011ad8e22b26328390ecfe3dd0/element - {"using":"xpath","value":"//button[@data-kt=\"saveButton\"]"}
COMMAND: GET /session/b1e904011ad8e22b26328390ecfe3dd0/screenshot - {}
RESULT: {"using":"xpath","value":"//button[@data-kt=\"saveButton\"]"}
COMMAND: POST /session/b1e904011ad8e22b26328390ecfe3dd0/element/f.CA0320F3C4D5DF4C38F9949593A05479.d.A46D2B31E606B6D416FF0E83627CE6AB.e.6801/click - {}
RESULT: {}
RESULT: {}
COMMAND: GET /session/b1e904011ad8e22b26328390ecfe3dd0/screenshot - {}
RESULT: {}
COMMAND: POST /session/b1e904011ad8e22b26328390ecfe3dd0/execute/async - {"script":"<script> [1562 bytes]","args":[{"selector":{"id":"application-manageconditionprice-display-component---conditions--smartFilterBar-btnBasicSearch","interaction":{"idSuffix":"I"}},"wdio_ui5_key":"applicationmanageconditionprice-display-component---conditions--smartFilterBar-btnBasicSearch"}]}
RESULT: {"script":"<script> [1562 bytes]","args":[{"selector":{"id":"application-manageconditionprice-display-component---conditions--smartFilterBar-btnBasicSearch","interaction":{"idSuffix":"I"}},"wdio_ui5_key":"applicationmanageconditionprice-display-component---conditions--smartFilterBar-btnBasicSearch"}]}
RESULT: undefined
COMMAND: POST /session/b1e904011ad8e22b26328390ecfe3dd0/execute/async - {"script":"<script> [776 bytes]","args":[{"enterText":"200261","selector":{"id":"application-manageconditionprice-display-component---conditions--smartFilterBar-btnBasicSearch","interaction":{"idSuffix":"I"}},"clearTextFirst":true,"interactionType":"ENTER_TEXT"}]}
RESULT: {"script":"<script> [776 bytes]","args":[{"enterText":"200261","selector":{"id":"application-manageconditionprice-display-component---conditions--smartFilterBar-btnBasicSearch","interaction":{"idSuffix":"I"}},"clearTextFirst":true,"interactionType":"ENTER_TEXT"}]}
COMMAND: POST /session/b1e904011ad8e22b26328390ecfe3dd0/actions - {"actions":[{"id":"action27","type":"key","parameters":{},"actions":[{"type":"keyDown","value":""},{"type":"pause","duration":10},{"type":"keyUp","value":""}]}]}
RESULT: {"actions":[{"id":"action27","type":"key","parameters":{},"actions":[{"type":"keyDown","value":""},{"type":"pause","duration":10},{"type":"keyUp","value":""}]}]}
COMMAND: GET /session/b1e904011ad8e22b26328390ecfe3dd0/screenshot - {}
RESULT: {}
COMMAND: POST /session/b1e904011ad8e22b26328390ecfe3dd0/execute/async - {"script":"<script> [1562 bytes]","args":[{"selector":{"id":"application-manageconditionprice-display-component---conditions--smartFilterBar-filterItemControl_BASIC-BILL_TYPES-vhi"},"wdio_ui5_key":"applicationmanageconditionprice-display-component---conditions--smartFilterBar-filterItemControl_BASIC-BILL_TYPES-vhi"}]}
RESULT: {"script":"<script> [1562 bytes]","args":[{"selector":{"id":"application-manageconditionprice-display-component---conditions--smartFilterBar-filterItemControl_BASIC-BILL_TYPES-vhi"},"wdio_ui5_key":"applicationmanageconditionprice-display-component---conditions--smartFilterBar-filterItemControl_BASIC-BILL_TYPES-vhi"}]}
RESULT: undefined
COMMAND: POST /session/b1e904011ad8e22b26328390ecfe3dd0/element - {"using":"xpath","value":"//*[@id=\"application-manageconditionprice-display-component---conditions--smartFilterBar-filterItemControl_BASIC-BILL_TYPES-vhi\"]"}
RESULT: {"using":"xpath","value":"//*[@id=\"application-manageconditionprice-display-component---conditions--smartFilterBar-filterItemControl_BASIC-BILL_TYPES-vhi\"]"}
COMMAND: POST /session/b1e904011ad8e22b26328390ecfe3dd0/element/f.CA0320F3C4D5DF4C38F9949593A05479.d.A46D2B31E606B6D416FF0E83627CE6AB.e.6962/click - {}
RESULT: {}
COMMAND: POST /session/b1e904011ad8e22b26328390ecfe3dd0/execute/async - {"script":"<script> [1562 bytes]","args":[{"selector":{"id":"application-manageconditionprice-display-component---conditions--smartFilterBar-filterItemControl_BASIC-BILL_TYPES-valueHelpDialog-smartFilterBar-btnBasicSearch","searchOpenDialogs":true,"interaction":{"idSuffix":"I"}},"wdio_ui5_key":"applicationmanageconditionprice-display-component---conditions--smartFilterBar-filterItemControl_BASIC-BILL_TYPES-valueHelpDialog-smartFilterBar-btnBasicSearch"}]}
COMMAND: GET /session/b1e904011ad8e22b26328390ecfe3dd0/screenshot - {}
RESULT: {"script":"<script> [1562 bytes]","args":[{"selector":{"id":"application-manageconditionprice-display-component---conditions--smartFilterBar-filterItemControl_BASIC-BILL_TYPES-valueHelpDialog-smartFilterBar-btnBasicSearch","searchOpenDialogs":true,"interaction":{"idSuffix":"I"}},"wdio_ui5_key":"applicationmanageconditionprice-display-component---conditions--smartFilterBar-filterItemControl_BASIC-BILL_TYPES-valueHelpDialog-smartFilterBar-btnBasicSearch"}]}
RESULT: undefined
COMMAND: POST /session/b1e904011ad8e22b26328390ecfe3dd0/execute/async - {"script":"<script> [776 bytes]","args":[{"enterText":"one","selector":{"id":"application-manageconditionprice-display-component---conditions--smartFilterBar-filterItemControl_BASIC-BILL_TYPES-valueHelpDialog-smartFilterBar-btnBasicSearch","searchOpenDialogs":true,"interaction":{"idSuffix":"I"}},"clearTextFirst":true,"interactionType":"ENTER_TEXT"}]}
RESULT: {}
RESULT: {"script":"<script> [776 bytes]","args":[{"enterText":"one","selector":{"id":"application-manageconditionprice-display-component---conditions--smartFilterBar-filterItemControl_BASIC-BILL_TYPES-valueHelpDialog-smartFilterBar-btnBasicSearch","searchOpenDialogs":true,"interaction":{"idSuffix":"I"}},"clearTextFirst":true,"interactionType":"ENTER_TEXT"}]}
COMMAND: POST /session/b1e904011ad8e22b26328390ecfe3dd0/actions - {"actions":[{"id":"action28","type":"key","parameters":{},"actions":[{"type":"keyDown","value":""},{"type":"pause","duration":10},{"type":"keyUp","value":""}]}]}
RESULT: {"actions":[{"id":"action28","type":"key","parameters":{},"actions":[{"type":"keyDown","value":""},{"type":"pause","duration":10},{"type":"keyUp","value":""}]}]}
COMMAND: GET /session/b1e904011ad8e22b26328390ecfe3dd0/screenshot - {}
RESULT: {}
COMMAND: POST /session/b1e904011ad8e22b26328390ecfe3dd0/element - {"using":"xpath","value":"//div[contains(@id, 'application-manageconditionprice-display-component---conditions--smartFilterBar-filterItemControl_BASIC-BILL_TYPES-valueHelpDialog-table-rowsel0')]"}
RESULT: {"using":"xpath","value":"//div[contains(@id, 'application-manageconditionprice-display-component---conditions--smartFilterBar-filterItemControl_BASIC-BILL_TYPES-valueHelpDialog-table-rowsel0')]"}
COMMAND: POST /session/b1e904011ad8e22b26328390ecfe3dd0/element/f.CA0320F3C4D5DF4C38F9949593A05479.d.A46D2B31E606B6D416FF0E83627CE6AB.e.6970/click - {}
RESULT: {}
COMMAND: GET /session/b1e904011ad8e22b26328390ecfe3dd0/screenshot - {}
RESULT: {}
COMMAND: POST /session/b1e904011ad8e22b26328390ecfe3dd0/element - {"using":"xpath","value":"//bdi[contains(text(), \"OK\")]"}
RESULT: {"using":"xpath","value":"//bdi[contains(text(), \"OK\")]"}
COMMAND: POST /session/b1e904011ad8e22b26328390ecfe3dd0/element/f.CA0320F3C4D5DF4C38F9949593A05479.d.A46D2B31E606B6D416FF0E83627CE6AB.e.6972/click - {}
RESULT: {}
COMMAND: GET /session/b1e904011ad8e22b26328390ecfe3dd0/screenshot - {}
RESULT: {}
COMMAND: POST /session/b1e904011ad8e22b26328390ecfe3dd0/element - {"using":"xpath","value":"//span[@id=\"application-manageconditionprice-display-component---conditions--smartTable-header-inner\"]"}
RESULT: {"using":"xpath","value":"//span[@id=\"application-manageconditionprice-display-component---conditions--smartTable-header-inner\"]"}
COMMAND: POST /session/b1e904011ad8e22b26328390ecfe3dd0/elements - {"using":"xpath","value":"//span[@id=\"application-manageconditionprice-display-component---conditions--smartTable-header-inner\"]"}
RESULT: {"using":"xpath","value":"//span[@id=\"application-manageconditionprice-display-component---conditions--smartTable-header-inner\"]"}
COMMAND: POST /session/b1e904011ad8e22b26328390ecfe3dd0/execute/sync - {"script":"<script> [56 bytes]","args":[{"element-6066-11e4-a52e-4f735466cecf":"f.CA0320F3C4D5DF4C38F9949593A05479.d.A46D2B31E606B6D416FF0E83627CE6AB.e.6975","ELEMENT":"f.CA0320F3C4D5DF4C38F9949593A05479.d.A46D2B31E606B6D416FF0E83627CE6AB.e.6975"}]}
RESULT: {"script":"<script> [56 bytes]","args":[{"element-6066-11e4-a52e-4f735466cecf":"f.CA0320F3C4D5DF4C38F9949593A05479.d.A46D2B31E606B6D416FF0E83627CE6AB.e.6975","ELEMENT":"f.CA0320F3C4D5DF4C38F9949593A05479.d.A46D2B31E606B6D416FF0E83627CE6AB.e.6975"}]}
COMMAND: POST /session/b1e904011ad8e22b26328390ecfe3dd0/element - {"using":"css selector","value":"#shell-header-logo"}
COMMAND: GET /session/b1e904011ad8e22b26328390ecfe3dd0/screenshot - {}
RESULT: {"using":"css selector","value":"#shell-header-logo"}
COMMAND: POST /session/b1e904011ad8e22b26328390ecfe3dd0/element/f.CA0320F3C4D5DF4C38F9949593A05479.d.A46D2B31E606B6D416FF0E83627CE6AB.e.6607/click - {}
RESULT: {}
RESULT: {}
COMMAND: GET /session/b1e904011ad8e22b26328390ecfe3dd0/screenshot - {}
RESULT: {}
]]></system-out>
    </testcase>
    <testcase classname="chrome.136_0_7103_93.windows.US134625_Set_up_price_condition_-_one_time" name="Should create a new contract" time="65.409">
      <system-out><![CDATA[
COMMAND: POST /session/b1e904011ad8e22b26328390ecfe3dd0/execute/async - {"script":"<script> [1562 bytes]","args":[{"selector":{"controlType":"sap.m.GenericTile","properties":{"header":"Manage Contracts"}},"wdio_ui5_key":"sapm.GenericTile{\"header\":\"Manage Contracts\"}"}]}
RESULT: {"script":"<script> [1562 bytes]","args":[{"selector":{"controlType":"sap.m.GenericTile","properties":{"header":"Manage Contracts"}},"wdio_ui5_key":"sapm.GenericTile{\"header\":\"Manage Contracts\"}"}]}
RESULT: undefined
COMMAND: POST /session/b1e904011ad8e22b26328390ecfe3dd0/element - {"using":"xpath","value":"//*[@id=\"__tile130\"]"}
RESULT: {"using":"xpath","value":"//*[@id=\"__tile130\"]"}
COMMAND: POST /session/b1e904011ad8e22b26328390ecfe3dd0/element/f.CA0320F3C4D5DF4C38F9949593A05479.d.A46D2B31E606B6D416FF0E83627CE6AB.e.5668/click - {}
RESULT: {}
COMMAND: GET /session/b1e904011ad8e22b26328390ecfe3dd0/screenshot - {}
RESULT: {}
COMMAND: POST /session/b1e904011ad8e22b26328390ecfe3dd0/elements - {"using":"xpath","value":"//span[text()='Error']"}
RESULT: {"using":"xpath","value":"//span[text()='Error']"}
COMMAND: POST /session/b1e904011ad8e22b26328390ecfe3dd0/element - {"using":"xpath","value":"//button[@data-kt=\"addButton\"]"}
RESULT: {"using":"xpath","value":"//button[@data-kt=\"addButton\"]"}
COMMAND: POST /session/b1e904011ad8e22b26328390ecfe3dd0/elements - {"using":"xpath","value":"//button[@data-kt=\"addButton\"]"}
RESULT: {"using":"xpath","value":"//button[@data-kt=\"addButton\"]"}
COMMAND: POST /session/b1e904011ad8e22b26328390ecfe3dd0/execute/sync - {"script":"<script> [8489 bytes]","args":[{"element-6066-11e4-a52e-4f735466cecf":"f.CA0320F3C4D5DF4C38F9949593A05479.d.A46D2B31E606B6D416FF0E83627CE6AB.e.7023","ELEMENT":"f.CA0320F3C4D5DF4C38F9949593A05479.d.A46D2B31E606B6D416FF0E83627CE6AB.e.7023"}]}
RESULT: {"script":"<script> [8489 bytes]","args":[{"element-6066-11e4-a52e-4f735466cecf":"f.CA0320F3C4D5DF4C38F9949593A05479.d.A46D2B31E606B6D416FF0E83627CE6AB.e.7023","ELEMENT":"f.CA0320F3C4D5DF4C38F9949593A05479.d.A46D2B31E606B6D416FF0E83627CE6AB.e.7023"}]}
COMMAND: GET /session/b1e904011ad8e22b26328390ecfe3dd0/element/f.CA0320F3C4D5DF4C38F9949593A05479.d.A46D2B31E606B6D416FF0E83627CE6AB.e.7023/enabled - {}
COMMAND: GET /session/b1e904011ad8e22b26328390ecfe3dd0/screenshot - {}
RESULT: {}
COMMAND: POST /session/b1e904011ad8e22b26328390ecfe3dd0/execute/sync - {"script":"<script> [8489 bytes]","args":[{"element-6066-11e4-a52e-4f735466cecf":"f.CA0320F3C4D5DF4C38F9949593A05479.d.A46D2B31E606B6D416FF0E83627CE6AB.e.7023","ELEMENT":"f.CA0320F3C4D5DF4C38F9949593A05479.d.A46D2B31E606B6D416FF0E83627CE6AB.e.7023"}]}
COMMAND: GET /session/b1e904011ad8e22b26328390ecfe3dd0/screenshot - {}
RESULT: {}
RESULT: {"script":"<script> [8489 bytes]","args":[{"element-6066-11e4-a52e-4f735466cecf":"f.CA0320F3C4D5DF4C38F9949593A05479.d.A46D2B31E606B6D416FF0E83627CE6AB.e.7023","ELEMENT":"f.CA0320F3C4D5DF4C38F9949593A05479.d.A46D2B31E606B6D416FF0E83627CE6AB.e.7023"}]}
COMMAND: POST /session/b1e904011ad8e22b26328390ecfe3dd0/execute/sync - {"script":"<script> [5351 bytes]","args":[{"element-6066-11e4-a52e-4f735466cecf":"f.CA0320F3C4D5DF4C38F9949593A05479.d.A46D2B31E606B6D416FF0E83627CE6AB.e.7023","ELEMENT":"f.CA0320F3C4D5DF4C38F9949593A05479.d.A46D2B31E606B6D416FF0E83627CE6AB.e.7023"}]}
COMMAND: GET /session/b1e904011ad8e22b26328390ecfe3dd0/screenshot - {}
RESULT: {}
RESULT: {"script":"<script> [5351 bytes]","args":[{"element-6066-11e4-a52e-4f735466cecf":"f.CA0320F3C4D5DF4C38F9949593A05479.d.A46D2B31E606B6D416FF0E83627CE6AB.e.7023","ELEMENT":"f.CA0320F3C4D5DF4C38F9949593A05479.d.A46D2B31E606B6D416FF0E83627CE6AB.e.7023"}]}
COMMAND: GET /session/b1e904011ad8e22b26328390ecfe3dd0/screenshot - {}
RESULT: {}
RESULT: {}
COMMAND: POST /session/b1e904011ad8e22b26328390ecfe3dd0/element/f.CA0320F3C4D5DF4C38F9949593A05479.d.A46D2B31E606B6D416FF0E83627CE6AB.e.7023/click - {}
RESULT: {}
COMMAND: GET /session/b1e904011ad8e22b26328390ecfe3dd0/screenshot - {}
COMMAND: POST /session/b1e904011ad8e22b26328390ecfe3dd0/execute/async - {"script":"<script> [1562 bytes]","args":[{"selector":{"id":"application-managecontracts-display-component---AddNewContract--projectDescription","interaction":{"idSuffix":"inner"}},"wdio_ui5_key":"applicationmanagecontracts-display-component---AddNewContract--projectDescription"}]}
RESULT: {}
RESULT: {"script":"<script> [1562 bytes]","args":[{"selector":{"id":"application-managecontracts-display-component---AddNewContract--projectDescription","interaction":{"idSuffix":"inner"}},"wdio_ui5_key":"applicationmanagecontracts-display-component---AddNewContract--projectDescription"}]}
RESULT: undefined
COMMAND: POST /session/b1e904011ad8e22b26328390ecfe3dd0/execute/async - {"script":"<script> [776 bytes]","args":[{"enterText":"Intercompany Contract WDIO","selector":{"id":"application-managecontracts-display-component---AddNewContract--projectDescription","interaction":{"idSuffix":"inner"}},"clearTextFirst":true,"interactionType":"ENTER_TEXT"}]}
RESULT: {"script":"<script> [776 bytes]","args":[{"enterText":"Intercompany Contract WDIO","selector":{"id":"application-managecontracts-display-component---AddNewContract--projectDescription","interaction":{"idSuffix":"inner"}},"clearTextFirst":true,"interactionType":"ENTER_TEXT"}]}
COMMAND: POST /session/b1e904011ad8e22b26328390ecfe3dd0/element - {"using":"xpath","value":"//input[@id=\"application-managecontracts-display-component---AddNewContract--site-inner\"]"}
RESULT: {"using":"xpath","value":"//input[@id=\"application-managecontracts-display-component---AddNewContract--site-inner\"]"}
COMMAND: POST /session/b1e904011ad8e22b26328390ecfe3dd0/element/f.CA0320F3C4D5DF4C38F9949593A05479.d.A46D2B31E606B6D416FF0E83627CE6AB.e.7347/clear - {}
RESULT: {}
COMMAND: POST /session/b1e904011ad8e22b26328390ecfe3dd0/element/f.CA0320F3C4D5DF4C38F9949593A05479.d.A46D2B31E606B6D416FF0E83627CE6AB.e.7347/value - {"text":"2240"}
COMMAND: GET /session/b1e904011ad8e22b26328390ecfe3dd0/screenshot - {}
RESULT: {"text":"2240"}
COMMAND: GET /session/b1e904011ad8e22b26328390ecfe3dd0/screenshot - {}
RESULT: {}
RESULT: {}
COMMAND: POST /session/b1e904011ad8e22b26328390ecfe3dd0/element - {"using":"xpath","value":"//li[.//span[text()='2240']]"}
RESULT: {"using":"xpath","value":"//li[.//span[text()='2240']]"}
COMMAND: POST /session/b1e904011ad8e22b26328390ecfe3dd0/element/f.CA0320F3C4D5DF4C38F9949593A05479.d.A46D2B31E606B6D416FF0E83627CE6AB.e.7430/click - {}
RESULT: {}
COMMAND: GET /session/b1e904011ad8e22b26328390ecfe3dd0/screenshot - {}
RESULT: {}
COMMAND: POST /session/b1e904011ad8e22b26328390ecfe3dd0/element - {"using":"xpath","value":"//input[@id=\"application-managecontracts-display-component---AddNewContract--yardId-inner\"]"}
RESULT: {"using":"xpath","value":"//input[@id=\"application-managecontracts-display-component---AddNewContract--yardId-inner\"]"}
COMMAND: GET /session/b1e904011ad8e22b26328390ecfe3dd0/element/f.CA0320F3C4D5DF4C38F9949593A05479.d.A46D2B31E606B6D416FF0E83627CE6AB.e.7348/property/value - {}
RESULT: {}
COMMAND: POST /session/b1e904011ad8e22b26328390ecfe3dd0/element - {"using":"xpath","value":"//input[@id=\"application-managecontracts-display-component---AddNewContract--customerSelect-inner\"]"}
COMMAND: GET /session/b1e904011ad8e22b26328390ecfe3dd0/screenshot - {}
RESULT: {"using":"xpath","value":"//input[@id=\"application-managecontracts-display-component---AddNewContract--customerSelect-inner\"]"}
COMMAND: POST /session/b1e904011ad8e22b26328390ecfe3dd0/element/f.CA0320F3C4D5DF4C38F9949593A05479.d.A46D2B31E606B6D416FF0E83627CE6AB.e.7346/clear - {}
RESULT: {}
RESULT: {}
COMMAND: POST /session/b1e904011ad8e22b26328390ecfe3dd0/element/f.CA0320F3C4D5DF4C38F9949593A05479.d.A46D2B31E606B6D416FF0E83627CE6AB.e.7346/value - {"text":"1274"}
COMMAND: GET /session/b1e904011ad8e22b26328390ecfe3dd0/screenshot - {}
RESULT: {"text":"1274"}
COMMAND: GET /session/b1e904011ad8e22b26328390ecfe3dd0/screenshot - {}
RESULT: {}
RESULT: {}
COMMAND: POST /session/b1e904011ad8e22b26328390ecfe3dd0/element - {"using":"xpath","value":"//li[.//span[text()='1274']]"}
RESULT: {"using":"xpath","value":"//li[.//span[text()='1274']]"}
COMMAND: POST /session/b1e904011ad8e22b26328390ecfe3dd0/element/f.CA0320F3C4D5DF4C38F9949593A05479.d.A46D2B31E606B6D416FF0E83627CE6AB.e.7433/click - {}
RESULT: {}
COMMAND: GET /session/b1e904011ad8e22b26328390ecfe3dd0/screenshot - {}
RESULT: {}
COMMAND: POST /session/b1e904011ad8e22b26328390ecfe3dd0/element - {"using":"xpath","value":"//button[@data-kt=\"saveButton\"]"}
RESULT: {"using":"xpath","value":"//button[@data-kt=\"saveButton\"]"}
COMMAND: POST /session/b1e904011ad8e22b26328390ecfe3dd0/element/f.CA0320F3C4D5DF4C38F9949593A05479.d.A46D2B31E606B6D416FF0E83627CE6AB.e.7421/click - {}
RESULT: {}
COMMAND: GET /session/b1e904011ad8e22b26328390ecfe3dd0/screenshot - {}
RESULT: {}
COMMAND: POST /session/b1e904011ad8e22b26328390ecfe3dd0/element - {"using":"xpath","value":"//span[contains(@id ,\"contractDetailTitleNoExpanded\")]"}
RESULT: {"using":"xpath","value":"//span[contains(@id ,\"contractDetailTitleNoExpanded\")]"}
COMMAND: POST /session/b1e904011ad8e22b26328390ecfe3dd0/elements - {"using":"xpath","value":"//span[contains(@id ,\"contractDetailTitleNoExpanded\")]"}
RESULT: {"using":"xpath","value":"//span[contains(@id ,\"contractDetailTitleNoExpanded\")]"}
COMMAND: POST /session/b1e904011ad8e22b26328390ecfe3dd0/execute/sync - {"script":"<script> [56 bytes]","args":[{"element-6066-11e4-a52e-4f735466cecf":"f.CA0320F3C4D5DF4C38F9949593A05479.d.A46D2B31E606B6D416FF0E83627CE6AB.e.7503","ELEMENT":"f.CA0320F3C4D5DF4C38F9949593A05479.d.A46D2B31E606B6D416FF0E83627CE6AB.e.7503"}]}
RESULT: {"script":"<script> [56 bytes]","args":[{"element-6066-11e4-a52e-4f735466cecf":"f.CA0320F3C4D5DF4C38F9949593A05479.d.A46D2B31E606B6D416FF0E83627CE6AB.e.7503","ELEMENT":"f.CA0320F3C4D5DF4C38F9949593A05479.d.A46D2B31E606B6D416FF0E83627CE6AB.e.7503"}]}
COMMAND: GET /session/b1e904011ad8e22b26328390ecfe3dd0/screenshot - {}
RESULT: {}
]]></system-out>
    </testcase>
    <testcase classname="chrome.136_0_7103_93.windows.US134625_Set_up_price_condition_-_one_time" name="Should add the material to the contract" time="53.569">
      <system-out><![CDATA[
COMMAND: POST /session/b1e904011ad8e22b26328390ecfe3dd0/element - {"using":"xpath","value":"//button[@data-kt=\"contractDetailEditBtnButton\"]"}
RESULT: {"using":"xpath","value":"//button[@data-kt=\"contractDetailEditBtnButton\"]"}
COMMAND: POST /session/b1e904011ad8e22b26328390ecfe3dd0/element/f.CA0320F3C4D5DF4C38F9949593A05479.d.A46D2B31E606B6D416FF0E83627CE6AB.e.7505/click - {}
RESULT: {}
COMMAND: GET /session/b1e904011ad8e22b26328390ecfe3dd0/screenshot - {}
RESULT: {}
COMMAND: POST /session/b1e904011ad8e22b26328390ecfe3dd0/element - {"using":"xpath","value":"(//span[contains(text(), \"Additional Addresses\")])[2]"}
RESULT: {"using":"xpath","value":"(//span[contains(text(), \"Additional Addresses\")])[2]"}
COMMAND: POST /session/b1e904011ad8e22b26328390ecfe3dd0/element/f.CA0320F3C4D5DF4C38F9949593A05479.d.A46D2B31E606B6D416FF0E83627CE6AB.e.7561/click - {}
RESULT: {}
COMMAND: GET /session/b1e904011ad8e22b26328390ecfe3dd0/screenshot - {}
RESULT: {}
COMMAND: POST /session/b1e904011ad8e22b26328390ecfe3dd0/element - {"using":"xpath","value":"//button[@data-kt=\"btnAddTableRowOverflowToolbarButton\"]"}
RESULT: {"using":"xpath","value":"//button[@data-kt=\"btnAddTableRowOverflowToolbarButton\"]"}
COMMAND: POST /session/b1e904011ad8e22b26328390ecfe3dd0/element/f.CA0320F3C4D5DF4C38F9949593A05479.d.A46D2B31E606B6D416FF0E83627CE6AB.e.7563/click - {}
RESULT: {}
COMMAND: GET /session/b1e904011ad8e22b26328390ecfe3dd0/screenshot - {}
RESULT: {}
COMMAND: POST /session/b1e904011ad8e22b26328390ecfe3dd0/element - {"using":"xpath","value":"//div[(text() = 'Standard Entry' or . = 'Standard Entry')]"}
RESULT: {"using":"xpath","value":"//div[(text() = 'Standard Entry' or . = 'Standard Entry')]"}
COMMAND: POST /session/b1e904011ad8e22b26328390ecfe3dd0/element/f.CA0320F3C4D5DF4C38F9949593A05479.d.A46D2B31E606B6D416FF0E83627CE6AB.e.7565/click - {}
RESULT: {}
COMMAND: GET /session/b1e904011ad8e22b26328390ecfe3dd0/screenshot - {}
RESULT: {}
COMMAND: POST /session/b1e904011ad8e22b26328390ecfe3dd0/element - {"using":"xpath","value":"//td[6]/div/div/div/span"}
RESULT: {"using":"xpath","value":"//td[6]/div/div/div/span"}
COMMAND: POST /session/b1e904011ad8e22b26328390ecfe3dd0/element/f.CA0320F3C4D5DF4C38F9949593A05479.d.A46D2B31E606B6D416FF0E83627CE6AB.e.7577/click - {}
RESULT: {}
COMMAND: GET /session/b1e904011ad8e22b26328390ecfe3dd0/screenshot - {}
RESULT: {}
COMMAND: POST /session/b1e904011ad8e22b26328390ecfe3dd0/element - {"using":"xpath","value":"(//span[contains(text(), \"Material\")])"}
RESULT: {"using":"xpath","value":"(//span[contains(text(), \"Material\")])"}
COMMAND: POST /session/b1e904011ad8e22b26328390ecfe3dd0/element/f.CA0320F3C4D5DF4C38F9949593A05479.d.A46D2B31E606B6D416FF0E83627CE6AB.e.7578/click - {}
RESULT: {}
COMMAND: GET /session/b1e904011ad8e22b26328390ecfe3dd0/screenshot - {}
RESULT: {}
COMMAND: POST /session/b1e904011ad8e22b26328390ecfe3dd0/element - {"using":"xpath","value":"//td[7]/div/div/input"}
RESULT: {"using":"xpath","value":"//td[7]/div/div/input"}
COMMAND: POST /session/b1e904011ad8e22b26328390ecfe3dd0/element/f.CA0320F3C4D5DF4C38F9949593A05479.d.A46D2B31E606B6D416FF0E83627CE6AB.e.7582/clear - {}
RESULT: {}
COMMAND: POST /session/b1e904011ad8e22b26328390ecfe3dd0/element/f.CA0320F3C4D5DF4C38F9949593A05479.d.A46D2B31E606B6D416FF0E83627CE6AB.e.7582/value - {"text":"200261"}
COMMAND: GET /session/b1e904011ad8e22b26328390ecfe3dd0/screenshot - {}
RESULT: {"text":"200261"}
COMMAND: GET /session/b1e904011ad8e22b26328390ecfe3dd0/screenshot - {}
RESULT: {}
RESULT: {}
COMMAND: POST /session/b1e904011ad8e22b26328390ecfe3dd0/actions - {"actions":[{"id":"action29","type":"key","parameters":{},"actions":[{"type":"keyDown","value":""},{"type":"pause","duration":10},{"type":"keyUp","value":""}]}]}
RESULT: {"actions":[{"id":"action29","type":"key","parameters":{},"actions":[{"type":"keyDown","value":""},{"type":"pause","duration":10},{"type":"keyUp","value":""}]}]}
COMMAND: GET /session/b1e904011ad8e22b26328390ecfe3dd0/screenshot - {}
RESULT: {}
COMMAND: POST /session/b1e904011ad8e22b26328390ecfe3dd0/execute/sync - {"script":"<script> [276 bytes]","args":["No pricing information was found"]}
RESULT: {"script":"<script> [276 bytes]","args":["No pricing information was found"]}
COMMAND: POST /session/b1e904011ad8e22b26328390ecfe3dd0/element - {"using":"xpath","value":"(//button[@data-kt=\"saveButton\"])[2]"}
COMMAND: GET /session/b1e904011ad8e22b26328390ecfe3dd0/screenshot - {}
RESULT: {"using":"xpath","value":"(//button[@data-kt=\"saveButton\"])[2]"}
COMMAND: POST /session/b1e904011ad8e22b26328390ecfe3dd0/element/f.CA0320F3C4D5DF4C38F9949593A05479.d.A46D2B31E606B6D416FF0E83627CE6AB.e.7605/click - {}
RESULT: {}
RESULT: {}
COMMAND: GET /session/b1e904011ad8e22b26328390ecfe3dd0/screenshot - {}
RESULT: {}
COMMAND: POST /session/b1e904011ad8e22b26328390ecfe3dd0/execute/sync - {"script":"<script> [276 bytes]","args":["Some contract items are having rental validity exceeding header rental validity"]}
RESULT: {"script":"<script> [276 bytes]","args":["Some contract items are having rental validity exceeding header rental validity"]}
COMMAND: GET /session/b1e904011ad8e22b26328390ecfe3dd0/screenshot - {}
RESULT: {}
COMMAND: POST /session/b1e904011ad8e22b26328390ecfe3dd0/element - {"using":"xpath","value":"//span[contains(@id ,\"contractItemsSmartTable-header-inner\")]"}
RESULT: {"using":"xpath","value":"//span[contains(@id ,\"contractItemsSmartTable-header-inner\")]"}
COMMAND: POST /session/b1e904011ad8e22b26328390ecfe3dd0/elements - {"using":"xpath","value":"//span[contains(@id ,\"contractItemsSmartTable-header-inner\")]"}
RESULT: {"using":"xpath","value":"//span[contains(@id ,\"contractItemsSmartTable-header-inner\")]"}
COMMAND: POST /session/b1e904011ad8e22b26328390ecfe3dd0/execute/sync - {"script":"<script> [56 bytes]","args":[{"element-6066-11e4-a52e-4f735466cecf":"f.CA0320F3C4D5DF4C38F9949593A05479.d.A46D2B31E606B6D416FF0E83627CE6AB.e.7612","ELEMENT":"f.CA0320F3C4D5DF4C38F9949593A05479.d.A46D2B31E606B6D416FF0E83627CE6AB.e.7612"}]}
RESULT: {"script":"<script> [56 bytes]","args":[{"element-6066-11e4-a52e-4f735466cecf":"f.CA0320F3C4D5DF4C38F9949593A05479.d.A46D2B31E606B6D416FF0E83627CE6AB.e.7612","ELEMENT":"f.CA0320F3C4D5DF4C38F9949593A05479.d.A46D2B31E606B6D416FF0E83627CE6AB.e.7612"}]}
]]></system-out>
    </testcase>
    <testcase classname="chrome.136_0_7103_93.windows.US134625_Set_up_price_condition_-_one_time" name="Should verify the bill item creation and pricing condition" time="10.495">
      <system-out><![CDATA[
COMMAND: POST /session/b1e904011ad8e22b26328390ecfe3dd0/execute/async - {"script":"<script> [1562 bytes]","args":[{"selector":{"controlType":"sap.ui.core.Icon","viewName":"etm.portal.ui.managecontracts.view.Detail","properties":{"src":{"regex":{"source":"slim\\-arrow\\-right"}}}},"wdio_ui5_key":"etmportal.ui.managecontracts.view.Detailsap.ui.core.Icon{\"src\":{\"regex\":{\"source\":\"slim\\\\-arrow\\\\-right\"}}}"}]}
COMMAND: GET /session/b1e904011ad8e22b26328390ecfe3dd0/screenshot - {}
RESULT: {"script":"<script> [1562 bytes]","args":[{"selector":{"controlType":"sap.ui.core.Icon","viewName":"etm.portal.ui.managecontracts.view.Detail","properties":{"src":{"regex":{"source":"slim\\-arrow\\-right"}}}},"wdio_ui5_key":"etmportal.ui.managecontracts.view.Detailsap.ui.core.Icon{\"src\":{\"regex\":{\"source\":\"slim\\\\-arrow\\\\-right\"}}}"}]}
RESULT: undefined
COMMAND: POST /session/b1e904011ad8e22b26328390ecfe3dd0/element - {"using":"xpath","value":"//*[@id=\"__item1558-__clone3318-imgNav\"]"}
RESULT: {}
RESULT: {"using":"xpath","value":"//*[@id=\"__item1558-__clone3318-imgNav\"]"}
COMMAND: POST /session/b1e904011ad8e22b26328390ecfe3dd0/element/f.CA0320F3C4D5DF4C38F9949593A05479.d.A46D2B31E606B6D416FF0E83627CE6AB.e.7613/click - {}
RESULT: {}
COMMAND: GET /session/b1e904011ad8e22b26328390ecfe3dd0/screenshot - {}
COMMAND: POST /session/b1e904011ad8e22b26328390ecfe3dd0/execute/async - {"script":"<script> [1562 bytes]","args":[{"selector":{"controlType":"sap.m.Text","viewName":"etm.portal.ui.managecontracts.view.BillingItem","viewId":"application-managecontracts-display-component---BillingItem","bindingPath":{"propertyPath":"LINK_TO_C_BILL_TYPES/DESCRIPTION"}},"wdio_ui5_key":"etmportal.ui.managecontracts.view.BillingItemsap.m.Text{\"propertyPath\":\"LINK_TO_C_BILL_TYPES/DESCRIPTION\"}"}]}
RESULT: {}
RESULT: {"script":"<script> [1562 bytes]","args":[{"selector":{"controlType":"sap.m.Text","viewName":"etm.portal.ui.managecontracts.view.BillingItem","viewId":"application-managecontracts-display-component---BillingItem","bindingPath":{"propertyPath":"LINK_TO_C_BILL_TYPES/DESCRIPTION"}},"wdio_ui5_key":"etmportal.ui.managecontracts.view.BillingItemsap.m.Text{\"propertyPath\":\"LINK_TO_C_BILL_TYPES/DESCRIPTION\"}"}]}
RESULT: undefined
COMMAND: POST /session/b1e904011ad8e22b26328390ecfe3dd0/execute/async - {"script":"<script> [6424 bytes]","args":[{"element-6066-11e4-a52e-4f735466cecf":"f.CA0320F3C4D5DF4C38F9949593A05479.d.A46D2B31E606B6D416FF0E83627CE6AB.e.7627"},"getText",[]]}
RESULT: {"script":"<script> [6424 bytes]","args":[{"element-6066-11e4-a52e-4f735466cecf":"f.CA0320F3C4D5DF4C38F9949593A05479.d.A46D2B31E606B6D416FF0E83627CE6AB.e.7627"},"getText",[]]}
COMMAND: POST /session/b1e904011ad8e22b26328390ecfe3dd0/execute/async - {"script":"<script> [1562 bytes]","args":[{"selector":{"controlType":"sap.m.ObjectNumber","viewName":"etm.portal.ui.managecontracts.view.BillingItem","viewId":"application-managecontracts-display-component---BillingItem","bindingPath":{"propertyPath":"BASE_PRICE"}},"wdio_ui5_key":"etmportal.ui.managecontracts.view.BillingItemsap.m.ObjectNumber{\"propertyPath\":\"BASE_PRICE\"}"}]}
RESULT: {"script":"<script> [1562 bytes]","args":[{"selector":{"controlType":"sap.m.ObjectNumber","viewName":"etm.portal.ui.managecontracts.view.BillingItem","viewId":"application-managecontracts-display-component---BillingItem","bindingPath":{"propertyPath":"BASE_PRICE"}},"wdio_ui5_key":"etmportal.ui.managecontracts.view.BillingItemsap.m.ObjectNumber{\"propertyPath\":\"BASE_PRICE\"}"}]}
RESULT: undefined
COMMAND: POST /session/b1e904011ad8e22b26328390ecfe3dd0/execute/async - {"script":"<script> [6424 bytes]","args":[{"element-6066-11e4-a52e-4f735466cecf":"f.CA0320F3C4D5DF4C38F9949593A05479.d.A46D2B31E606B6D416FF0E83627CE6AB.e.7628"},"getNumber",[]]}
RESULT: {"script":"<script> [6424 bytes]","args":[{"element-6066-11e4-a52e-4f735466cecf":"f.CA0320F3C4D5DF4C38F9949593A05479.d.A46D2B31E606B6D416FF0E83627CE6AB.e.7628"},"getNumber",[]]}
COMMAND: POST /session/b1e904011ad8e22b26328390ecfe3dd0/execute/async - {"script":"<script> [1562 bytes]","args":[{"selector":{"controlType":"sap.m.ObjectNumber","viewName":"etm.portal.ui.managecontracts.view.BillingItem","viewId":"application-managecontracts-display-component---BillingItem","bindingPath":{"propertyPath":"BASE_QUANTITY"}},"wdio_ui5_key":"etmportal.ui.managecontracts.view.BillingItemsap.m.ObjectNumber{\"propertyPath\":\"BASE_QUANTITY\"}"}]}
RESULT: {"script":"<script> [1562 bytes]","args":[{"selector":{"controlType":"sap.m.ObjectNumber","viewName":"etm.portal.ui.managecontracts.view.BillingItem","viewId":"application-managecontracts-display-component---BillingItem","bindingPath":{"propertyPath":"BASE_QUANTITY"}},"wdio_ui5_key":"etmportal.ui.managecontracts.view.BillingItemsap.m.ObjectNumber{\"propertyPath\":\"BASE_QUANTITY\"}"}]}
RESULT: undefined
COMMAND: POST /session/b1e904011ad8e22b26328390ecfe3dd0/execute/async - {"script":"<script> [6424 bytes]","args":[{"element-6066-11e4-a52e-4f735466cecf":"f.CA0320F3C4D5DF4C38F9949593A05479.d.A46D2B31E606B6D416FF0E83627CE6AB.e.7629"},"getNumber",[]]}
RESULT: {"script":"<script> [6424 bytes]","args":[{"element-6066-11e4-a52e-4f735466cecf":"f.CA0320F3C4D5DF4C38F9949593A05479.d.A46D2B31E606B6D416FF0E83627CE6AB.e.7629"},"getNumber",[]]}
COMMAND: DELETE /session/b1e904011ad8e22b26328390ecfe3dd0 - {}
RESULT: {}
]]></system-out>
    </testcase>
  </testsuite>
</testsuites>