<?xml version="1.0" encoding="UTF-8"?>
<testsuites tests="9" failures="1" errors="1" skipped="0">
  <testsuite timestamp="2025-06-01T15:46:03" time="120.624" tests="1" failures="0" errors="0" skipped="0">
    <properties>
      <property name="specId" value="0"/>
      <property name="suiteName" value="Create a new catalogs section"/>
      <property name="capabilities" value="chrome.136_0_7103_93.windows"/>
      <property name="file" value="file:///D:/a/1/s/test/specs/R2C/create-new-webshop-catalog-section.spec.js"/>
    </properties>
    <testcase classname="chrome.136_0_7103_93.windows.Create_a_new_catalogs_section" name="Should navigate to manage catalogs and add a new section on webshop catalog" time="86.979">
      <system-out><![CDATA[
COMMAND: POST /session/a7b0557425261f11a09d542055100e7c/execute/async - {"script":"<script> [1562 bytes]","args":[{"selector":{"controlType":"sap.m.GenericTile","properties":{"header":"Manage Catalogs"}},"wdio_ui5_key":"sapm.GenericTile{\"header\":\"Manage Catalogs\"}"}]}
RESULT: {"script":"<script> [1562 bytes]","args":[{"selector":{"controlType":"sap.m.GenericTile","properties":{"header":"Manage Catalogs"}},"wdio_ui5_key":"sapm.GenericTile{\"header\":\"Manage Catalogs\"}"}]}
RESULT: undefined
COMMAND: POST /session/a7b0557425261f11a09d542055100e7c/element - {"using":"xpath","value":"//*[@id=\"__tile37\"]"}
RESULT: {"using":"xpath","value":"//*[@id=\"__tile37\"]"}
COMMAND: POST /session/a7b0557425261f11a09d542055100e7c/element/f.5C65E3028755DB4580F909E5F2E770AF.d.4EDC420AB5A31469137FA7EB20FDD90B.e.114/click - {}
RESULT: {}
COMMAND: GET /session/a7b0557425261f11a09d542055100e7c/screenshot - {}
RESULT: {}
COMMAND: POST /session/a7b0557425261f11a09d542055100e7c/elements - {"using":"xpath","value":"//span[text()='Error']"}
RESULT: {"using":"xpath","value":"//span[text()='Error']"}
COMMAND: POST /session/a7b0557425261f11a09d542055100e7c/execute/async - {"script":"<script> [1562 bytes]","args":[{"selector":{"controlType":"sap.m.Text","viewName":"etm.portal.ui.managecatalogs.view.MasterCatalogs","viewId":"application-managecatalogs-display-component---masterCatalogs","bindingPath":{"path":"/Catalogs('0D7502D073D53A0F1700BE067B89AFF9')","propertyPath":"DESCRIPTION","modelName":"catalogModel"}},"wdio_ui5_key":"etmportal.ui.managecatalogs.view.MasterCatalogssap.m.Text{\"path\":\"/Catalogs('0D7502D073D53A0F1700BE067B89AFF9')\",\"propertyPath\":\"DESCRIPTION\",\"modelName\":\"catalogModel\"}"}]}
RESULT: {"script":"<script> [1562 bytes]","args":[{"selector":{"controlType":"sap.m.Text","viewName":"etm.portal.ui.managecatalogs.view.MasterCatalogs","viewId":"application-managecatalogs-display-component---masterCatalogs","bindingPath":{"path":"/Catalogs('0D7502D073D53A0F1700BE067B89AFF9')","propertyPath":"DESCRIPTION","modelName":"catalogModel"}},"wdio_ui5_key":"etmportal.ui.managecatalogs.view.MasterCatalogssap.m.Text{\"path\":\"/Catalogs('0D7502D073D53A0F1700BE067B89AFF9')\",\"propertyPath\":\"DESCRIPTION\",\"modelName\":\"catalogModel\"}"}]}
RESULT: undefined
COMMAND: POST /session/a7b0557425261f11a09d542055100e7c/element - {"using":"xpath","value":"//*[@id=\"__text39-application-managecatalogs-display-component---masterCatalogs--CatalogsTable-11\"]"}
RESULT: {"using":"xpath","value":"//*[@id=\"__text39-application-managecatalogs-display-component---masterCatalogs--CatalogsTable-11\"]"}
COMMAND: POST /session/a7b0557425261f11a09d542055100e7c/element/f.5C65E3028755DB4580F909E5F2E770AF.d.4EDC420AB5A31469137FA7EB20FDD90B.e.144/click - {}
RESULT: {}
COMMAND: POST /session/a7b0557425261f11a09d542055100e7c/execute/async - {"script":"<script> [1562 bytes]","args":[{"selector":{"controlType":"sap.ui.layout.HorizontalLayout","viewName":"etm.portal.ui.managecatalogs.view.MasterItems","viewId":"application-managecatalogs-display-component---masterCatalogItems","ancestor":{"id":"application-managecatalogs-display-component---masterCatalogItems--idCatalogItemsTree-rows-row0"}},"wdio_ui5_key":"etmportal.ui.managecatalogs.view.MasterItemssap.ui.layout.HorizontalLayout{\"id\":\"application-managecatalogs-display-component---masterCatalogItems--idCatalogItemsTree-rows-row0\"}"}]}
COMMAND: GET /session/a7b0557425261f11a09d542055100e7c/screenshot - {}
RESULT: {"script":"<script> [1562 bytes]","args":[{"selector":{"controlType":"sap.ui.layout.HorizontalLayout","viewName":"etm.portal.ui.managecatalogs.view.MasterItems","viewId":"application-managecatalogs-display-component---masterCatalogItems","ancestor":{"id":"application-managecatalogs-display-component---masterCatalogItems--idCatalogItemsTree-rows-row0"}},"wdio_ui5_key":"etmportal.ui.managecatalogs.view.MasterItemssap.ui.layout.HorizontalLayout{\"id\":\"application-managecatalogs-display-component---masterCatalogItems--idCatalogItemsTree-rows-row0\"}"}]}
RESULT: undefined
COMMAND: POST /session/a7b0557425261f11a09d542055100e7c/element - {"using":"xpath","value":"//*[@id=\"__layout3-__clone11\"]"}
RESULT: {}
RESULT: {"using":"xpath","value":"//*[@id=\"__layout3-__clone11\"]"}
COMMAND: POST /session/a7b0557425261f11a09d542055100e7c/element/f.5C65E3028755DB4580F909E5F2E770AF.d.4EDC420AB5A31469137FA7EB20FDD90B.e.178/click - {}
RESULT: {}
COMMAND: GET /session/a7b0557425261f11a09d542055100e7c/screenshot - {}
RESULT: {}
COMMAND: POST /session/a7b0557425261f11a09d542055100e7c/execute/async - {"script":"<script> [1562 bytes]","args":[{"selector":{"controlType":"sap.m.Button","viewName":"etm.portal.ui.managecatalogs.view.Detail","viewId":"application-managecatalogs-display-component---detailCatalog","i18NText":{"propertyName":"text","key":"edit"},"interaction":{"idSuffix":"BDI-content"}},"wdio_ui5_key":"etmportal.ui.managecatalogs.view.Detailsap.m.Button{\"propertyName\":\"text\",\"key\":\"edit\"}"}]}
RESULT: {"script":"<script> [1562 bytes]","args":[{"selector":{"controlType":"sap.m.Button","viewName":"etm.portal.ui.managecatalogs.view.Detail","viewId":"application-managecatalogs-display-component---detailCatalog","i18NText":{"propertyName":"text","key":"edit"},"interaction":{"idSuffix":"BDI-content"}},"wdio_ui5_key":"etmportal.ui.managecatalogs.view.Detailsap.m.Button{\"propertyName\":\"text\",\"key\":\"edit\"}"}]}
RESULT: undefined
COMMAND: POST /session/a7b0557425261f11a09d542055100e7c/element - {"using":"xpath","value":"//*[@id=\"__button35\"]"}
RESULT: {"using":"xpath","value":"//*[@id=\"__button35\"]"}
COMMAND: POST /session/a7b0557425261f11a09d542055100e7c/element/f.5C65E3028755DB4580F909E5F2E770AF.d.4EDC420AB5A31469137FA7EB20FDD90B.e.288/click - {}
RESULT: {}
COMMAND: GET /session/a7b0557425261f11a09d542055100e7c/screenshot - {}
RESULT: {}
COMMAND: POST /session/a7b0557425261f11a09d542055100e7c/element - {"using":"xpath","value":"//bdi[contains(text(), \"Unlock\")]"}
RESULT: {"using":"xpath","value":"//bdi[contains(text(), \"Unlock\")]"}
COMMAND: POST /session/a7b0557425261f11a09d542055100e7c/elements - {"using":"xpath","value":"//bdi[contains(text(), \"Unlock\")]"}
RESULT: {"using":"xpath","value":"//bdi[contains(text(), \"Unlock\")]"}
COMMAND: POST /session/a7b0557425261f11a09d542055100e7c/execute/async - {"script":"<script> [1562 bytes]","args":[{"selector":{"controlType":"sap.ui.core.Icon","viewName":"etm.portal.ui.managecatalogs.view.Detail","viewId":"application-managecatalogs-display-component---detailCatalog","properties":{"src":{"regex":{"source":"add\\-folder"}}}},"wdio_ui5_key":"etmportal.ui.managecatalogs.view.Detailsap.ui.core.Icon{\"src\":{\"regex\":{\"source\":\"add\\\\-folder\"}}}"}]}
RESULT: {"script":"<script> [1562 bytes]","args":[{"selector":{"controlType":"sap.ui.core.Icon","viewName":"etm.portal.ui.managecatalogs.view.Detail","viewId":"application-managecatalogs-display-component---detailCatalog","properties":{"src":{"regex":{"source":"add\\-folder"}}}},"wdio_ui5_key":"etmportal.ui.managecatalogs.view.Detailsap.ui.core.Icon{\"src\":{\"regex\":{\"source\":\"add\\\\-folder\"}}}"}]}
RESULT: undefined
COMMAND: POST /session/a7b0557425261f11a09d542055100e7c/element - {"using":"xpath","value":"//*[@id=\"__button43-img\"]"}
RESULT: {"using":"xpath","value":"//*[@id=\"__button43-img\"]"}
COMMAND: POST /session/a7b0557425261f11a09d542055100e7c/element/f.5C65E3028755DB4580F909E5F2E770AF.d.4EDC420AB5A31469137FA7EB20FDD90B.e.297/click - {}
RESULT: {}
COMMAND: GET /session/a7b0557425261f11a09d542055100e7c/screenshot - {}
RESULT: {}
COMMAND: POST /session/a7b0557425261f11a09d542055100e7c/execute/async - {"script":"<script> [1562 bytes]","args":[{"selector":{"id":"application-managecatalogs-display-component---detailCatalog--numberInput","searchOpenDialogs":true,"interaction":{"idSuffix":"inner"}},"wdio_ui5_key":"applicationmanagecatalogs-display-component---detailCatalog--numberInput"}]}
RESULT: {"script":"<script> [1562 bytes]","args":[{"selector":{"id":"application-managecatalogs-display-component---detailCatalog--numberInput","searchOpenDialogs":true,"interaction":{"idSuffix":"inner"}},"wdio_ui5_key":"applicationmanagecatalogs-display-component---detailCatalog--numberInput"}]}
RESULT: undefined
COMMAND: POST /session/a7b0557425261f11a09d542055100e7c/execute/async - {"script":"<script> [776 bytes]","args":[{"enterText":"Sectionheuvt","selector":{"id":"application-managecatalogs-display-component---detailCatalog--numberInput","searchOpenDialogs":true,"interaction":{"idSuffix":"inner"}},"clearTextFirst":true,"interactionType":"ENTER_TEXT"}]}
RESULT: {"script":"<script> [776 bytes]","args":[{"enterText":"Sectionheuvt","selector":{"id":"application-managecatalogs-display-component---detailCatalog--numberInput","searchOpenDialogs":true,"interaction":{"idSuffix":"inner"}},"clearTextFirst":true,"interactionType":"ENTER_TEXT"}]}
COMMAND: POST /session/a7b0557425261f11a09d542055100e7c/element - {"using":"css selector","value":"#application-managecatalogs-display-component---detailCatalog--nameInput-inner"}
RESULT: {"using":"css selector","value":"#application-managecatalogs-display-component---detailCatalog--nameInput-inner"}
COMMAND: POST /session/a7b0557425261f11a09d542055100e7c/elements - {"using":"css selector","value":"#application-managecatalogs-display-component---detailCatalog--nameInput-inner"}
RESULT: {"using":"css selector","value":"#application-managecatalogs-display-component---detailCatalog--nameInput-inner"}
COMMAND: POST /session/a7b0557425261f11a09d542055100e7c/element/f.5C65E3028755DB4580F909E5F2E770AF.d.4EDC420AB5A31469137FA7EB20FDD90B.e.301/clear - {}
RESULT: {}
COMMAND: POST /session/a7b0557425261f11a09d542055100e7c/element/f.5C65E3028755DB4580F909E5F2E770AF.d.4EDC420AB5A31469137FA7EB20FDD90B.e.301/value - {"text":"Webdriverfj4lx"}
COMMAND: GET /session/a7b0557425261f11a09d542055100e7c/screenshot - {}
RESULT: {"text":"Webdriverfj4lx"}
COMMAND: POST /session/a7b0557425261f11a09d542055100e7c/execute/async - {"script":"<script> [1562 bytes]","args":[{"selector":{"controlType":"sap.m.Button","viewName":"etm.portal.ui.managecatalogs.view.Detail","viewId":"application-managecatalogs-display-component---detailCatalog","i18NText":{"propertyName":"text","key":"create"},"searchOpenDialogs":true,"interaction":{"idSuffix":"BDI-content"}},"wdio_ui5_key":"etmportal.ui.managecatalogs.view.Detailsap.m.Button{\"propertyName\":\"text\",\"key\":\"create\"}"}]}
COMMAND: GET /session/a7b0557425261f11a09d542055100e7c/screenshot - {}
RESULT: {}
RESULT: {"script":"<script> [1562 bytes]","args":[{"selector":{"controlType":"sap.m.Button","viewName":"etm.portal.ui.managecatalogs.view.Detail","viewId":"application-managecatalogs-display-component---detailCatalog","i18NText":{"propertyName":"text","key":"create"},"searchOpenDialogs":true,"interaction":{"idSuffix":"BDI-content"}},"wdio_ui5_key":"etmportal.ui.managecatalogs.view.Detailsap.m.Button{\"propertyName\":\"text\",\"key\":\"create\"}"}]}
RESULT: undefined
COMMAND: POST /session/a7b0557425261f11a09d542055100e7c/element - {"using":"xpath","value":"//*[@id=\"__button13\"]"}
RESULT: {}
RESULT: {"using":"xpath","value":"//*[@id=\"__button13\"]"}
COMMAND: POST /session/a7b0557425261f11a09d542055100e7c/element/f.5C65E3028755DB4580F909E5F2E770AF.d.4EDC420AB5A31469137FA7EB20FDD90B.e.307/click - {}
RESULT: {}
COMMAND: GET /session/a7b0557425261f11a09d542055100e7c/screenshot - {}
RESULT: {}
COMMAND: POST /session/a7b0557425261f11a09d542055100e7c/element - {"using":"xpath","value":"//button[@title=\"Save\"]"}
RESULT: {"using":"xpath","value":"//button[@title=\"Save\"]"}
COMMAND: POST /session/a7b0557425261f11a09d542055100e7c/element/f.5C65E3028755DB4580F909E5F2E770AF.d.4EDC420AB5A31469137FA7EB20FDD90B.e.308/click - {}
RESULT: {}
COMMAND: POST /session/a7b0557425261f11a09d542055100e7c/execute/async - {"script":"<script> [1562 bytes]","args":[{"selector":{"controlType":"sap.ui.core.Icon","viewName":"etm.portal.ui.managecatalogs.view.Detail","viewId":"application-managecatalogs-display-component---detailCatalog","properties":{"src":{"regex":{"source":"decline"}}}},"wdio_ui5_key":"etmportal.ui.managecatalogs.view.Detailsap.ui.core.Icon{\"src\":{\"regex\":{\"source\":\"decline\"}}}"}]}
COMMAND: GET /session/a7b0557425261f11a09d542055100e7c/screenshot - {}
RESULT: {"script":"<script> [1562 bytes]","args":[{"selector":{"controlType":"sap.ui.core.Icon","viewName":"etm.portal.ui.managecatalogs.view.Detail","viewId":"application-managecatalogs-display-component---detailCatalog","properties":{"src":{"regex":{"source":"decline"}}}},"wdio_ui5_key":"etmportal.ui.managecatalogs.view.Detailsap.ui.core.Icon{\"src\":{\"regex\":{\"source\":\"decline\"}}}"}]}
RESULT: undefined
COMMAND: POST /session/a7b0557425261f11a09d542055100e7c/element - {"using":"xpath","value":"//*[@id=\"__button38-img\"]"}
RESULT: {}
RESULT: {"using":"xpath","value":"//*[@id=\"__button38-img\"]"}
COMMAND: POST /session/a7b0557425261f11a09d542055100e7c/element/f.5C65E3028755DB4580F909E5F2E770AF.d.4EDC420AB5A31469137FA7EB20FDD90B.e.314/click - {}
RESULT: {}
COMMAND: GET /session/a7b0557425261f11a09d542055100e7c/screenshot - {}
RESULT: {}
COMMAND: POST /session/a7b0557425261f11a09d542055100e7c/execute/async - {"script":"<script> [1562 bytes]","args":[{"selector":{"controlType":"sap.ui.core.Icon","viewName":"etm.portal.ui.managecatalogs.view.MasterItems","viewId":"application-managecatalogs-display-component---masterCatalogItems","properties":{"src":{"regex":{"source":"refresh"}}}},"wdio_ui5_key":"etmportal.ui.managecatalogs.view.MasterItemssap.ui.core.Icon{\"src\":{\"regex\":{\"source\":\"refresh\"}}}"}]}
RESULT: {"script":"<script> [1562 bytes]","args":[{"selector":{"controlType":"sap.ui.core.Icon","viewName":"etm.portal.ui.managecatalogs.view.MasterItems","viewId":"application-managecatalogs-display-component---masterCatalogItems","properties":{"src":{"regex":{"source":"refresh"}}}},"wdio_ui5_key":"etmportal.ui.managecatalogs.view.MasterItemssap.ui.core.Icon{\"src\":{\"regex\":{\"source\":\"refresh\"}}}"}]}
RESULT: undefined
COMMAND: POST /session/a7b0557425261f11a09d542055100e7c/element - {"using":"xpath","value":"//*[@id=\"__button11-img\"]"}
RESULT: {"using":"xpath","value":"//*[@id=\"__button11-img\"]"}
COMMAND: POST /session/a7b0557425261f11a09d542055100e7c/element/f.5C65E3028755DB4580F909E5F2E770AF.d.4EDC420AB5A31469137FA7EB20FDD90B.e.350/click - {}
RESULT: {}
COMMAND: POST /session/a7b0557425261f11a09d542055100e7c/execute/async - {"script":"<script> [1562 bytes]","args":[{"selector":{"id":"application-managecatalogs-display-component---masterCatalogItems--searchItemsField","interaction":{"idSuffix":"I"}},"wdio_ui5_key":"applicationmanagecatalogs-display-component---masterCatalogItems--searchItemsField"}]}
COMMAND: GET /session/a7b0557425261f11a09d542055100e7c/screenshot - {}
RESULT: {"script":"<script> [1562 bytes]","args":[{"selector":{"id":"application-managecatalogs-display-component---masterCatalogItems--searchItemsField","interaction":{"idSuffix":"I"}},"wdio_ui5_key":"applicationmanagecatalogs-display-component---masterCatalogItems--searchItemsField"}]}
RESULT: undefined
COMMAND: POST /session/a7b0557425261f11a09d542055100e7c/execute/async - {"script":"<script> [776 bytes]","args":[{"enterText":"Webdriverfj4lx","selector":{"id":"application-managecatalogs-display-component---masterCatalogItems--searchItemsField","interaction":{"idSuffix":"I"}},"clearTextFirst":true,"interactionType":"ENTER_TEXT"}]}
RESULT: {}
RESULT: {"script":"<script> [776 bytes]","args":[{"enterText":"Webdriverfj4lx","selector":{"id":"application-managecatalogs-display-component---masterCatalogItems--searchItemsField","interaction":{"idSuffix":"I"}},"clearTextFirst":true,"interactionType":"ENTER_TEXT"}]}
COMMAND: POST /session/a7b0557425261f11a09d542055100e7c/actions - {"actions":[{"id":"action1","type":"key","parameters":{},"actions":[{"type":"keyDown","value":""},{"type":"pause","duration":10},{"type":"keyUp","value":""}]}]}
RESULT: {"actions":[{"id":"action1","type":"key","parameters":{},"actions":[{"type":"keyDown","value":""},{"type":"pause","duration":10},{"type":"keyUp","value":""}]}]}
COMMAND: POST /session/a7b0557425261f11a09d542055100e7c/element - {"using":"xpath","value":"(//span[contains(text(), \"Webdriverfj4lx\")])[1]"}
COMMAND: GET /session/a7b0557425261f11a09d542055100e7c/screenshot - {}
RESULT: {"using":"xpath","value":"(//span[contains(text(), \"Webdriverfj4lx\")])[1]"}
COMMAND: POST /session/a7b0557425261f11a09d542055100e7c/element/f.5C65E3028755DB4580F909E5F2E770AF.d.4EDC420AB5A31469137FA7EB20FDD90B.e.353/click - {}
RESULT: {}
RESULT: {}
COMMAND: GET /session/a7b0557425261f11a09d542055100e7c/screenshot - {}
RESULT: {}
RESULT: undefined
COMMAND: POST /session/a7b0557425261f11a09d542055100e7c/element - {"using":"xpath","value":"//*[@id=\"__button35\"]"}
RESULT: {"using":"xpath","value":"//*[@id=\"__button35\"]"}
COMMAND: POST /session/a7b0557425261f11a09d542055100e7c/element/f.5C65E3028755DB4580F909E5F2E770AF.d.4EDC420AB5A31469137FA7EB20FDD90B.e.390/click - {}
RESULT: {}
COMMAND: GET /session/a7b0557425261f11a09d542055100e7c/screenshot - {}
RESULT: {}
RESULT: undefined
COMMAND: POST /session/a7b0557425261f11a09d542055100e7c/element - {"using":"xpath","value":"//*[@id=\"__button43-img\"]"}
RESULT: {"using":"xpath","value":"//*[@id=\"__button43-img\"]"}
COMMAND: POST /session/a7b0557425261f11a09d542055100e7c/element/f.5C65E3028755DB4580F909E5F2E770AF.d.4EDC420AB5A31469137FA7EB20FDD90B.e.439/click - {}
RESULT: {}
COMMAND: GET /session/a7b0557425261f11a09d542055100e7c/screenshot - {}
RESULT: {}
RESULT: undefined
COMMAND: POST /session/a7b0557425261f11a09d542055100e7c/execute/async - {"script":"<script> [776 bytes]","args":[{"enterText":"SecondSectionhndxj","selector":{"id":"application-managecatalogs-display-component---detailCatalog--numberInput","searchOpenDialogs":true,"interaction":{"idSuffix":"inner"}},"clearTextFirst":true,"interactionType":"ENTER_TEXT"}]}
RESULT: {"script":"<script> [776 bytes]","args":[{"enterText":"SecondSectionhndxj","selector":{"id":"application-managecatalogs-display-component---detailCatalog--numberInput","searchOpenDialogs":true,"interaction":{"idSuffix":"inner"}},"clearTextFirst":true,"interactionType":"ENTER_TEXT"}]}
COMMAND: POST /session/a7b0557425261f11a09d542055100e7c/element - {"using":"xpath","value":"//input[contains(@id ,\"application-managecatalogs-display-component---detailCatalog--nameInput-inner\")]"}
RESULT: {"using":"xpath","value":"//input[contains(@id ,\"application-managecatalogs-display-component---detailCatalog--nameInput-inner\")]"}
COMMAND: POST /session/a7b0557425261f11a09d542055100e7c/elements - {"using":"xpath","value":"//input[contains(@id ,\"application-managecatalogs-display-component---detailCatalog--nameInput-inner\")]"}
RESULT: {"using":"xpath","value":"//input[contains(@id ,\"application-managecatalogs-display-component---detailCatalog--nameInput-inner\")]"}
COMMAND: POST /session/a7b0557425261f11a09d542055100e7c/element/f.5C65E3028755DB4580F909E5F2E770AF.d.4EDC420AB5A31469137FA7EB20FDD90B.e.442/clear - {}
RESULT: {}
COMMAND: POST /session/a7b0557425261f11a09d542055100e7c/element/f.5C65E3028755DB4580F909E5F2E770AF.d.4EDC420AB5A31469137FA7EB20FDD90B.e.442/value - {"text":"webdriversecondlgb2o"}
COMMAND: GET /session/a7b0557425261f11a09d542055100e7c/screenshot - {}
RESULT: {"text":"webdriversecondlgb2o"}
COMMAND: POST /session/a7b0557425261f11a09d542055100e7c/execute/async - {"script":"<script> [1562 bytes]","args":[{"selector":{"id":"application-managecatalogs-display-component---detailCatalog--nameInput","searchOpenDialogs":true,"interaction":{"idSuffix":"inner"}},"wdio_ui5_key":"applicationmanagecatalogs-display-component---detailCatalog--nameInput"}]}
COMMAND: GET /session/a7b0557425261f11a09d542055100e7c/screenshot - {}
RESULT: {}
RESULT: {"script":"<script> [1562 bytes]","args":[{"selector":{"id":"application-managecatalogs-display-component---detailCatalog--nameInput","searchOpenDialogs":true,"interaction":{"idSuffix":"inner"}},"wdio_ui5_key":"applicationmanagecatalogs-display-component---detailCatalog--nameInput"}]}
RESULT: undefined
COMMAND: POST /session/a7b0557425261f11a09d542055100e7c/execute/async - {"script":"<script> [776 bytes]","args":[{"enterText":"webdriversecondlgb2o","selector":{"id":"application-managecatalogs-display-component---detailCatalog--nameInput","searchOpenDialogs":true,"interaction":{"idSuffix":"inner"}},"clearTextFirst":true,"interactionType":"ENTER_TEXT"}]}
RESULT: {}
RESULT: {"script":"<script> [776 bytes]","args":[{"enterText":"webdriversecondlgb2o","selector":{"id":"application-managecatalogs-display-component---detailCatalog--nameInput","searchOpenDialogs":true,"interaction":{"idSuffix":"inner"}},"clearTextFirst":true,"interactionType":"ENTER_TEXT"}]}
RESULT: undefined
COMMAND: POST /session/a7b0557425261f11a09d542055100e7c/element - {"using":"xpath","value":"//*[@id=\"__button13\"]"}
RESULT: {"using":"xpath","value":"//*[@id=\"__button13\"]"}
COMMAND: POST /session/a7b0557425261f11a09d542055100e7c/element/f.5C65E3028755DB4580F909E5F2E770AF.d.4EDC420AB5A31469137FA7EB20FDD90B.e.446/click - {}
RESULT: {}
COMMAND: GET /session/a7b0557425261f11a09d542055100e7c/screenshot - {}
RESULT: {}
COMMAND: POST /session/a7b0557425261f11a09d542055100e7c/element - {"using":"xpath","value":"//button[@title=\"Save\"]"}
RESULT: {"using":"xpath","value":"//button[@title=\"Save\"]"}
COMMAND: POST /session/a7b0557425261f11a09d542055100e7c/element/f.5C65E3028755DB4580F909E5F2E770AF.d.4EDC420AB5A31469137FA7EB20FDD90B.e.424/click - {}
RESULT: {}
COMMAND: GET /session/a7b0557425261f11a09d542055100e7c/screenshot - {}
RESULT: {}
RESULT: undefined
COMMAND: POST /session/a7b0557425261f11a09d542055100e7c/element - {"using":"xpath","value":"//*[@id=\"__button38-img\"]"}
RESULT: {"using":"xpath","value":"//*[@id=\"__button38-img\"]"}
COMMAND: POST /session/a7b0557425261f11a09d542055100e7c/element/f.5C65E3028755DB4580F909E5F2E770AF.d.4EDC420AB5A31469137FA7EB20FDD90B.e.397/click - {}
RESULT: {}
COMMAND: GET /session/a7b0557425261f11a09d542055100e7c/screenshot - {}
RESULT: {}
RESULT: undefined
COMMAND: POST /session/a7b0557425261f11a09d542055100e7c/element - {"using":"xpath","value":"//*[@id=\"__button11-img\"]"}
RESULT: {"using":"xpath","value":"//*[@id=\"__button11-img\"]"}
COMMAND: POST /session/a7b0557425261f11a09d542055100e7c/element/f.5C65E3028755DB4580F909E5F2E770AF.d.4EDC420AB5A31469137FA7EB20FDD90B.e.486/click - {}
RESULT: {}
COMMAND: GET /session/a7b0557425261f11a09d542055100e7c/screenshot - {}
RESULT: {}
RESULT: undefined
COMMAND: POST /session/a7b0557425261f11a09d542055100e7c/execute/async - {"script":"<script> [776 bytes]","args":[{"enterText":"SecondSectionhndxj","selector":{"id":"application-managecatalogs-display-component---masterCatalogItems--searchItemsField","interaction":{"idSuffix":"I"}},"clearTextFirst":true,"interactionType":"ENTER_TEXT"}]}
RESULT: {"script":"<script> [776 bytes]","args":[{"enterText":"SecondSectionhndxj","selector":{"id":"application-managecatalogs-display-component---masterCatalogItems--searchItemsField","interaction":{"idSuffix":"I"}},"clearTextFirst":true,"interactionType":"ENTER_TEXT"}]}
COMMAND: POST /session/a7b0557425261f11a09d542055100e7c/actions - {"actions":[{"id":"action2","type":"key","parameters":{},"actions":[{"type":"keyDown","value":""},{"type":"pause","duration":10},{"type":"keyUp","value":""}]}]}
RESULT: {"actions":[{"id":"action2","type":"key","parameters":{},"actions":[{"type":"keyDown","value":""},{"type":"pause","duration":10},{"type":"keyUp","value":""}]}]}
COMMAND: POST /session/a7b0557425261f11a09d542055100e7c/element - {"using":"xpath","value":"(//span[contains(text(), \"SecondSectionhndxj\")])[1]"}
COMMAND: GET /session/a7b0557425261f11a09d542055100e7c/screenshot - {}
RESULT: {"using":"xpath","value":"(//span[contains(text(), \"SecondSectionhndxj\")])[1]"}
COMMAND: POST /session/a7b0557425261f11a09d542055100e7c/element/f.5C65E3028755DB4580F909E5F2E770AF.d.4EDC420AB5A31469137FA7EB20FDD90B.e.489/click - {}
RESULT: {}
RESULT: {}
COMMAND: POST /session/a7b0557425261f11a09d542055100e7c/element - {"using":"xpath","value":"(//span[contains(text(), \"SecondSectionhndxj\")])[1]"}
COMMAND: GET /session/a7b0557425261f11a09d542055100e7c/screenshot - {}
RESULT: {"using":"xpath","value":"(//span[contains(text(), \"SecondSectionhndxj\")])[1]"}
COMMAND: GET /session/a7b0557425261f11a09d542055100e7c/element/f.5C65E3028755DB4580F909E5F2E770AF.d.4EDC420AB5A31469137FA7EB20FDD90B.e.489/text - {}
RESULT: {}
COMMAND: POST /session/a7b0557425261f11a09d542055100e7c/element - {"using":"xpath","value":"(//span[contains(text(), \"SecondSectionhndxj\")])[1]"}
RESULT: {"using":"xpath","value":"(//span[contains(text(), \"SecondSectionhndxj\")])[1]"}
COMMAND: GET /session/a7b0557425261f11a09d542055100e7c/element/f.5C65E3028755DB4580F909E5F2E770AF.d.4EDC420AB5A31469137FA7EB20FDD90B.e.489/text - {}
COMMAND: POST /session/a7b0557425261f11a09d542055100e7c/element - {"using":"xpath","value":"(//span[contains(text(), \"SecondSectionhndxj\")])[1]"}
RESULT: {"using":"xpath","value":"(//span[contains(text(), \"SecondSectionhndxj\")])[1]"}
COMMAND: GET /session/a7b0557425261f11a09d542055100e7c/element/f.5C65E3028755DB4580F909E5F2E770AF.d.4EDC420AB5A31469137FA7EB20FDD90B.e.540/text - {}
RESULT: {}
COMMAND: POST /session/a7b0557425261f11a09d542055100e7c/element - {"using":"css selector","value":"#shell-header-logo"}
RESULT: {"using":"css selector","value":"#shell-header-logo"}
COMMAND: POST /session/a7b0557425261f11a09d542055100e7c/element/f.5C65E3028755DB4580F909E5F2E770AF.d.4EDC420AB5A31469137FA7EB20FDD90B.e.117/click - {}
RESULT: {}
COMMAND: GET /session/a7b0557425261f11a09d542055100e7c/screenshot - {}
RESULT: {}
COMMAND: POST /session/a7b0557425261f11a09d542055100e7c/execute/async - {"script":"<script> [1562 bytes]","args":[{"selector":{"controlType":"sap.m.GenericTile","properties":{"header":"Manage Classifications"}},"wdio_ui5_key":"sapm.GenericTile{\"header\":\"Manage Classifications\"}"}]}
RESULT: {"script":"<script> [1562 bytes]","args":[{"selector":{"controlType":"sap.m.GenericTile","properties":{"header":"Manage Classifications"}},"wdio_ui5_key":"sapm.GenericTile{\"header\":\"Manage Classifications\"}"}]}
RESULT: undefined
COMMAND: POST /session/a7b0557425261f11a09d542055100e7c/element - {"using":"xpath","value":"//*[@id=\"__tile115\"]"}
RESULT: {"using":"xpath","value":"//*[@id=\"__tile115\"]"}
COMMAND: POST /session/a7b0557425261f11a09d542055100e7c/element/f.5C65E3028755DB4580F909E5F2E770AF.d.4EDC420AB5A31469137FA7EB20FDD90B.e.545/click - {}
RESULT: {}
COMMAND: GET /session/a7b0557425261f11a09d542055100e7c/screenshot - {}
RESULT: {}
COMMAND: POST /session/a7b0557425261f11a09d542055100e7c/elements - {"using":"xpath","value":"//span[text()='Error']"}
RESULT: {"using":"xpath","value":"//span[text()='Error']"}
]]></system-out>
    </testcase>
  </testsuite>
  <testsuite timestamp="2025-06-01T15:48:03" time="262.058" tests="3" failures="0" errors="0" skipped="0">
    <properties>
      <property name="specId" value="0"/>
      <property name="suiteName" value="Manage catalogs - yard assignment classification US138930"/>
      <property name="capabilities" value="chrome.136_0_7103_93.windows"/>
      <property name="file" value="file:///D:/a/1/s/test/specs/R2C/manage-catalogs-yard-assignment-classification.spec.js"/>
    </properties>
    <testcase classname="chrome.136_0_7103_93.windows.Manage_catalogs_-_yard_assignment_classification_US138930" name="Should create a new classification of type yard assignment" time="34.776">
      <system-out><![CDATA[
COMMAND: POST /session/a7b0557425261f11a09d542055100e7c/execute/async - {"script":"<script> [1562 bytes]","args":[{"selector":{"controlType":"sap.ui.core.Icon","viewName":"etm.portal.ui.manageclassifications.view.Master","viewId":"application-manageclassifications-display-component---classificationMaster","properties":{"src":{"regex":{"source":"add"}}}},"wdio_ui5_key":"etmportal.ui.manageclassifications.view.Mastersap.ui.core.Icon{\"src\":{\"regex\":{\"source\":\"add\"}}}"}]}
RESULT: {"script":"<script> [1562 bytes]","args":[{"selector":{"controlType":"sap.ui.core.Icon","viewName":"etm.portal.ui.manageclassifications.view.Master","viewId":"application-manageclassifications-display-component---classificationMaster","properties":{"src":{"regex":{"source":"add"}}}},"wdio_ui5_key":"etmportal.ui.manageclassifications.view.Mastersap.ui.core.Icon{\"src\":{\"regex\":{\"source\":\"add\"}}}"}]}
RESULT: undefined
COMMAND: POST /session/a7b0557425261f11a09d542055100e7c/element - {"using":"xpath","value":"//*[@id=\"__button77-img\"]"}
RESULT: {"using":"xpath","value":"//*[@id=\"__button77-img\"]"}
COMMAND: POST /session/a7b0557425261f11a09d542055100e7c/element/f.5C65E3028755DB4580F909E5F2E770AF.d.4EDC420AB5A31469137FA7EB20FDD90B.e.585/click - {}
RESULT: {}
COMMAND: POST /session/a7b0557425261f11a09d542055100e7c/execute/async - {"script":"<script> [1562 bytes]","args":[{"selector":{"id":"application-manageclassifications-display-component---classificationCreate--classHeaderName","interaction":{"idSuffix":"inner"}},"wdio_ui5_key":"applicationmanageclassifications-display-component---classificationCreate--classHeaderName"}]}
COMMAND: GET /session/a7b0557425261f11a09d542055100e7c/screenshot - {}
RESULT: {"script":"<script> [1562 bytes]","args":[{"selector":{"id":"application-manageclassifications-display-component---classificationCreate--classHeaderName","interaction":{"idSuffix":"inner"}},"wdio_ui5_key":"applicationmanageclassifications-display-component---classificationCreate--classHeaderName"}]}
RESULT: undefined
COMMAND: POST /session/a7b0557425261f11a09d542055100e7c/execute/async - {"script":"<script> [776 bytes]","args":[{"enterText":"WebdriverYardClasscxq6t","selector":{"id":"application-manageclassifications-display-component---classificationCreate--classHeaderName","interaction":{"idSuffix":"inner"}},"clearTextFirst":true,"interactionType":"ENTER_TEXT"}]}
RESULT: {}
RESULT: {"script":"<script> [776 bytes]","args":[{"enterText":"WebdriverYardClasscxq6t","selector":{"id":"application-manageclassifications-display-component---classificationCreate--classHeaderName","interaction":{"idSuffix":"inner"}},"clearTextFirst":true,"interactionType":"ENTER_TEXT"}]}
COMMAND: POST /session/a7b0557425261f11a09d542055100e7c/execute/async - {"script":"<script> [1562 bytes]","args":[{"selector":{"controlType":"sap.ui.core.Icon","viewName":"etm.portal.ui.manageclassifications.view.Create","viewId":"application-manageclassifications-display-component---classificationCreate","properties":{"src":{"regex":{"source":"slim\\-arrow\\-down"}}}},"wdio_ui5_key":"etmportal.ui.manageclassifications.view.Createsap.ui.core.Icon{\"src\":{\"regex\":{\"source\":\"slim\\\\-arrow\\\\-down\"}}}"}]}
RESULT: {"script":"<script> [1562 bytes]","args":[{"selector":{"controlType":"sap.ui.core.Icon","viewName":"etm.portal.ui.manageclassifications.view.Create","viewId":"application-manageclassifications-display-component---classificationCreate","properties":{"src":{"regex":{"source":"slim\\-arrow\\-down"}}}},"wdio_ui5_key":"etmportal.ui.manageclassifications.view.Createsap.ui.core.Icon{\"src\":{\"regex\":{\"source\":\"slim\\\\-arrow\\\\-down\"}}}"}]}
RESULT: undefined
COMMAND: POST /session/a7b0557425261f11a09d542055100e7c/element - {"using":"xpath","value":"//*[@id=\"__box48-arrow\"]"}
RESULT: {"using":"xpath","value":"//*[@id=\"__box48-arrow\"]"}
COMMAND: POST /session/a7b0557425261f11a09d542055100e7c/element/f.5C65E3028755DB4580F909E5F2E770AF.d.4EDC420AB5A31469137FA7EB20FDD90B.e.1023/click - {}
RESULT: {}
COMMAND: POST /session/a7b0557425261f11a09d542055100e7c/execute/async - {"script":"<script> [1562 bytes]","args":[{"selector":{"controlType":"sap.m.StandardListItem","viewName":"etm.portal.ui.manageclassifications.view.Create","viewId":"application-manageclassifications-display-component---classificationCreate","properties":{"title":"Yard assignment"},"searchOpenDialogs":true,"interaction":{"idSuffix":"titleText"}},"wdio_ui5_key":"etmportal.ui.manageclassifications.view.Createsap.m.StandardListItem{\"title\":\"Yard assignment\"}"}]}
COMMAND: GET /session/a7b0557425261f11a09d542055100e7c/screenshot - {}
RESULT: {"script":"<script> [1562 bytes]","args":[{"selector":{"controlType":"sap.m.StandardListItem","viewName":"etm.portal.ui.manageclassifications.view.Create","viewId":"application-manageclassifications-display-component---classificationCreate","properties":{"title":"Yard assignment"},"searchOpenDialogs":true,"interaction":{"idSuffix":"titleText"}},"wdio_ui5_key":"etmportal.ui.manageclassifications.view.Createsap.m.StandardListItem{\"title\":\"Yard assignment\"}"}]}
RESULT: undefined
COMMAND: POST /session/a7b0557425261f11a09d542055100e7c/element - {"using":"xpath","value":"//*[@id=\"__item288\"]"}
RESULT: {}
RESULT: {"using":"xpath","value":"//*[@id=\"__item288\"]"}
COMMAND: POST /session/a7b0557425261f11a09d542055100e7c/element/f.5C65E3028755DB4580F909E5F2E770AF.d.4EDC420AB5A31469137FA7EB20FDD90B.e.1080/click - {}
RESULT: {}
COMMAND: POST /session/a7b0557425261f11a09d542055100e7c/execute/async - {"script":"<script> [1562 bytes]","args":[{"selector":{"controlType":"sap.ui.core.Icon","viewName":"etm.portal.ui.manageclassifications.view.Create","viewId":"application-manageclassifications-display-component---classificationCreate","properties":{"src":{"regex":{"source":"add"}}}},"wdio_ui5_key":"etmportal.ui.manageclassifications.view.Createsap.ui.core.Icon{\"src\":{\"regex\":{\"source\":\"add\"}}}"}]}
COMMAND: GET /session/a7b0557425261f11a09d542055100e7c/screenshot - {}
RESULT: {"script":"<script> [1562 bytes]","args":[{"selector":{"controlType":"sap.ui.core.Icon","viewName":"etm.portal.ui.manageclassifications.view.Create","viewId":"application-manageclassifications-display-component---classificationCreate","properties":{"src":{"regex":{"source":"add"}}}},"wdio_ui5_key":"etmportal.ui.manageclassifications.view.Createsap.ui.core.Icon{\"src\":{\"regex\":{\"source\":\"add\"}}}"}]}
RESULT: undefined
COMMAND: POST /session/a7b0557425261f11a09d542055100e7c/element - {"using":"xpath","value":"//*[@id=\"__button82-img\"]"}
RESULT: {}
RESULT: {"using":"xpath","value":"//*[@id=\"__button82-img\"]"}
COMMAND: POST /session/a7b0557425261f11a09d542055100e7c/element/f.5C65E3028755DB4580F909E5F2E770AF.d.4EDC420AB5A31469137FA7EB20FDD90B.e.1026/click - {}
RESULT: {}
COMMAND: POST /session/a7b0557425261f11a09d542055100e7c/execute/async - {"script":"<script> [1562 bytes]","args":[{"selector":{"controlType":"sap.m.Input","viewName":"etm.portal.ui.manageclassifications.view.Create","viewId":"application-manageclassifications-display-component---classificationCreate","bindingPath":{"path":"/0","propertyPath":"PROPERTY","modelName":"newConfigModel"},"interaction":{"idSuffix":"inner"}},"wdio_ui5_key":"etmportal.ui.manageclassifications.view.Createsap.m.Input{\"path\":\"/0\",\"propertyPath\":\"PROPERTY\",\"modelName\":\"newConfigModel\"}"}]}
COMMAND: GET /session/a7b0557425261f11a09d542055100e7c/screenshot - {}
RESULT: {"script":"<script> [1562 bytes]","args":[{"selector":{"controlType":"sap.m.Input","viewName":"etm.portal.ui.manageclassifications.view.Create","viewId":"application-manageclassifications-display-component---classificationCreate","bindingPath":{"path":"/0","propertyPath":"PROPERTY","modelName":"newConfigModel"},"interaction":{"idSuffix":"inner"}},"wdio_ui5_key":"etmportal.ui.manageclassifications.view.Createsap.m.Input{\"path\":\"/0\",\"propertyPath\":\"PROPERTY\",\"modelName\":\"newConfigModel\"}"}]}
RESULT: undefined
COMMAND: POST /session/a7b0557425261f11a09d542055100e7c/execute/async - {"script":"<script> [776 bytes]","args":[{"enterText":"101","selector":{"controlType":"sap.m.Input","viewName":"etm.portal.ui.manageclassifications.view.Create","viewId":"application-manageclassifications-display-component---classificationCreate","bindingPath":{"path":"/0","propertyPath":"PROPERTY","modelName":"newConfigModel"},"interaction":{"idSuffix":"inner"}},"clearTextFirst":true,"interactionType":"ENTER_TEXT"}]}
RESULT: {}
RESULT: {"script":"<script> [776 bytes]","args":[{"enterText":"101","selector":{"controlType":"sap.m.Input","viewName":"etm.portal.ui.manageclassifications.view.Create","viewId":"application-manageclassifications-display-component---classificationCreate","bindingPath":{"path":"/0","propertyPath":"PROPERTY","modelName":"newConfigModel"},"interaction":{"idSuffix":"inner"}},"clearTextFirst":true,"interactionType":"ENTER_TEXT"}]}
COMMAND: POST /session/a7b0557425261f11a09d542055100e7c/execute/async - {"script":"<script> [1562 bytes]","args":[{"selector":{"controlType":"sap.m.Input","viewName":"etm.portal.ui.manageclassifications.view.Create","viewId":"application-manageclassifications-display-component---classificationCreate","bindingPath":{"path":"/0","propertyPath":"DESCRIPTION","modelName":"newConfigModel"},"interaction":{"idSuffix":"inner"}},"wdio_ui5_key":"etmportal.ui.manageclassifications.view.Createsap.m.Input{\"path\":\"/0\",\"propertyPath\":\"DESCRIPTION\",\"modelName\":\"newConfigModel\"}"}]}
RESULT: {"script":"<script> [1562 bytes]","args":[{"selector":{"controlType":"sap.m.Input","viewName":"etm.portal.ui.manageclassifications.view.Create","viewId":"application-manageclassifications-display-component---classificationCreate","bindingPath":{"path":"/0","propertyPath":"DESCRIPTION","modelName":"newConfigModel"},"interaction":{"idSuffix":"inner"}},"wdio_ui5_key":"etmportal.ui.manageclassifications.view.Createsap.m.Input{\"path\":\"/0\",\"propertyPath\":\"DESCRIPTION\",\"modelName\":\"newConfigModel\"}"}]}
RESULT: undefined
COMMAND: POST /session/a7b0557425261f11a09d542055100e7c/execute/async - {"script":"<script> [776 bytes]","args":[{"enterText":"yard1","selector":{"controlType":"sap.m.Input","viewName":"etm.portal.ui.manageclassifications.view.Create","viewId":"application-manageclassifications-display-component---classificationCreate","bindingPath":{"path":"/0","propertyPath":"DESCRIPTION","modelName":"newConfigModel"},"interaction":{"idSuffix":"inner"}},"clearTextFirst":true,"interactionType":"ENTER_TEXT"}]}
RESULT: {"script":"<script> [776 bytes]","args":[{"enterText":"yard1","selector":{"controlType":"sap.m.Input","viewName":"etm.portal.ui.manageclassifications.view.Create","viewId":"application-manageclassifications-display-component---classificationCreate","bindingPath":{"path":"/0","propertyPath":"DESCRIPTION","modelName":"newConfigModel"},"interaction":{"idSuffix":"inner"}},"clearTextFirst":true,"interactionType":"ENTER_TEXT"}]}
COMMAND: POST /session/a7b0557425261f11a09d542055100e7c/execute/async - {"script":"<script> [1562 bytes]","args":[{"selector":{"controlType":"sap.ui.core.Icon","viewName":"etm.portal.ui.manageclassifications.view.Create","viewId":"application-manageclassifications-display-component---classificationCreate","properties":{"src":{"regex":{"source":"slim\\-arrow\\-down"}}},"ancestor":{"controlType":"sap.m.ComboBox","viewName":"etm.portal.ui.manageclassifications.view.Create","viewId":"application-manageclassifications-display-component---classificationCreate","bindingPath":{"path":"/0","propertyPath":"VALUE_TYPE","modelName":"newConfigModel"}}},"wdio_ui5_key":"etmportal.ui.manageclassifications.view.Createsap.ui.core.Icon{\"src\":{\"regex\":{\"source\":\"slim\\\\-arrow\\\\-down\"}}}{\"controlType\":\"sap.m.ComboBox\",\"viewName\":\"etm.portal.ui.manageclassifications.view.Create\",\"viewId\":\"application-manageclassifications-display-component---classificationCreate\",\"bindingPath\":{\"path\":\"/0\",\"propertyPath\":\"VALUE_TYPE\",\"modelName\":\"newConfigModel\"}}"}]}
RESULT: {"script":"<script> [1562 bytes]","args":[{"selector":{"controlType":"sap.ui.core.Icon","viewName":"etm.portal.ui.manageclassifications.view.Create","viewId":"application-manageclassifications-display-component---classificationCreate","properties":{"src":{"regex":{"source":"slim\\-arrow\\-down"}}},"ancestor":{"controlType":"sap.m.ComboBox","viewName":"etm.portal.ui.manageclassifications.view.Create","viewId":"application-manageclassifications-display-component---classificationCreate","bindingPath":{"path":"/0","propertyPath":"VALUE_TYPE","modelName":"newConfigModel"}}},"wdio_ui5_key":"etmportal.ui.manageclassifications.view.Createsap.ui.core.Icon{\"src\":{\"regex\":{\"source\":\"slim\\\\-arrow\\\\-down\"}}}{\"controlType\":\"sap.m.ComboBox\",\"viewName\":\"etm.portal.ui.manageclassifications.view.Create\",\"viewId\":\"application-manageclassifications-display-component---classificationCreate\",\"bindingPath\":{\"path\":\"/0\",\"propertyPath\":\"VALUE_TYPE\",\"modelName\":\"newConfigModel\"}}"}]}
RESULT: undefined
COMMAND: POST /session/a7b0557425261f11a09d542055100e7c/element - {"using":"xpath","value":"//*[@id=\"__box49-application-manageclassifications-display-component---classificationCreate--configurationList-0-arrow\"]"}
RESULT: {"using":"xpath","value":"//*[@id=\"__box49-application-manageclassifications-display-component---classificationCreate--configurationList-0-arrow\"]"}
COMMAND: POST /session/a7b0557425261f11a09d542055100e7c/element/f.5C65E3028755DB4580F909E5F2E770AF.d.4EDC420AB5A31469137FA7EB20FDD90B.e.1089/click - {}
RESULT: {}
COMMAND: POST /session/a7b0557425261f11a09d542055100e7c/execute/async - {"script":"<script> [1562 bytes]","args":[{"selector":{"controlType":"sap.m.StandardListItem","viewName":"etm.portal.ui.manageclassifications.view.Create","viewId":"application-manageclassifications-display-component---classificationCreate","properties":{"title":"Boolean"},"searchOpenDialogs":true,"interaction":{"idSuffix":"content"}},"wdio_ui5_key":"etmportal.ui.manageclassifications.view.Createsap.m.StandardListItem{\"title\":\"Boolean\"}"}]}
COMMAND: GET /session/a7b0557425261f11a09d542055100e7c/screenshot - {}
RESULT: {"script":"<script> [1562 bytes]","args":[{"selector":{"controlType":"sap.m.StandardListItem","viewName":"etm.portal.ui.manageclassifications.view.Create","viewId":"application-manageclassifications-display-component---classificationCreate","properties":{"title":"Boolean"},"searchOpenDialogs":true,"interaction":{"idSuffix":"content"}},"wdio_ui5_key":"etmportal.ui.manageclassifications.view.Createsap.m.StandardListItem{\"title\":\"Boolean\"}"}]}
RESULT: undefined
COMMAND: POST /session/a7b0557425261f11a09d542055100e7c/element - {"using":"xpath","value":"//*[@id=\"__item291\"]"}
RESULT: {}
RESULT: {"using":"xpath","value":"//*[@id=\"__item291\"]"}
COMMAND: POST /session/a7b0557425261f11a09d542055100e7c/element/f.5C65E3028755DB4580F909E5F2E770AF.d.4EDC420AB5A31469137FA7EB20FDD90B.e.1091/click - {}
RESULT: {}
COMMAND: POST /session/a7b0557425261f11a09d542055100e7c/element - {"using":"xpath","value":"//input[contains(@id ,\"application-manageclassifications-display-component---classificationCreate--classHeaderName-inner\")]"}
COMMAND: GET /session/a7b0557425261f11a09d542055100e7c/screenshot - {}
RESULT: {"using":"xpath","value":"//input[contains(@id ,\"application-manageclassifications-display-component---classificationCreate--classHeaderName-inner\")]"}
COMMAND: GET /session/a7b0557425261f11a09d542055100e7c/element/f.5C65E3028755DB4580F909E5F2E770AF.d.4EDC420AB5A31469137FA7EB20FDD90B.e.951/property/value - {}
RESULT: {}
RESULT: {}
COMMAND: GET /session/a7b0557425261f11a09d542055100e7c/screenshot - {}
RESULT: {}
COMMAND: POST /session/a7b0557425261f11a09d542055100e7c/element - {"using":"xpath","value":"//button[@title=\"Save\"]"}
RESULT: {"using":"xpath","value":"//button[@title=\"Save\"]"}
COMMAND: POST /session/a7b0557425261f11a09d542055100e7c/element/f.5C65E3028755DB4580F909E5F2E770AF.d.4EDC420AB5A31469137FA7EB20FDD90B.e.1034/click - {}
RESULT: {}
COMMAND: GET /session/a7b0557425261f11a09d542055100e7c/screenshot - {}
RESULT: {}
COMMAND: POST /session/a7b0557425261f11a09d542055100e7c/execute/async - {"script":"<script> [1562 bytes]","args":[{"selector":{"id":"application-manageclassifications-display-component---classificationMaster--smartFilterBar-btnBasicSearch","interaction":{"idSuffix":"I"}},"wdio_ui5_key":"applicationmanageclassifications-display-component---classificationMaster--smartFilterBar-btnBasicSearch"}]}
RESULT: {"script":"<script> [1562 bytes]","args":[{"selector":{"id":"application-manageclassifications-display-component---classificationMaster--smartFilterBar-btnBasicSearch","interaction":{"idSuffix":"I"}},"wdio_ui5_key":"applicationmanageclassifications-display-component---classificationMaster--smartFilterBar-btnBasicSearch"}]}
RESULT: undefined
COMMAND: POST /session/a7b0557425261f11a09d542055100e7c/execute/async - {"script":"<script> [776 bytes]","args":[{"enterText":"WebdriverYardClasscxq6t","selector":{"id":"application-manageclassifications-display-component---classificationMaster--smartFilterBar-btnBasicSearch","interaction":{"idSuffix":"I"}},"clearTextFirst":true,"interactionType":"ENTER_TEXT"}]}
RESULT: {"script":"<script> [776 bytes]","args":[{"enterText":"WebdriverYardClasscxq6t","selector":{"id":"application-manageclassifications-display-component---classificationMaster--smartFilterBar-btnBasicSearch","interaction":{"idSuffix":"I"}},"clearTextFirst":true,"interactionType":"ENTER_TEXT"}]}
COMMAND: POST /session/a7b0557425261f11a09d542055100e7c/actions - {"actions":[{"id":"action3","type":"key","parameters":{},"actions":[{"type":"keyDown","value":""},{"type":"pause","duration":10},{"type":"keyUp","value":""}]}]}
RESULT: {"actions":[{"id":"action3","type":"key","parameters":{},"actions":[{"type":"keyDown","value":""},{"type":"pause","duration":10},{"type":"keyUp","value":""}]}]}
COMMAND: POST /session/a7b0557425261f11a09d542055100e7c/execute/async - {"script":"<script> [1562 bytes]","args":[{"selector":{"id":"application-manageclassifications-display-component---classificationMaster--smartTable-header"},"wdio_ui5_key":"applicationmanageclassifications-display-component---classificationMaster--smartTable-header"}]}
COMMAND: GET /session/a7b0557425261f11a09d542055100e7c/screenshot - {}
RESULT: {"script":"<script> [1562 bytes]","args":[{"selector":{"id":"application-manageclassifications-display-component---classificationMaster--smartTable-header"},"wdio_ui5_key":"applicationmanageclassifications-display-component---classificationMaster--smartTable-header"}]}
RESULT: undefined
COMMAND: POST /session/a7b0557425261f11a09d542055100e7c/execute/async - {"script":"<script> [6424 bytes]","args":[{"element-6066-11e4-a52e-4f735466cecf":"f.5C65E3028755DB4580F909E5F2E770AF.d.4EDC420AB5A31469137FA7EB20FDD90B.e.1279"},"getText",[]]}
RESULT: {}
RESULT: {"script":"<script> [6424 bytes]","args":[{"element-6066-11e4-a52e-4f735466cecf":"f.5C65E3028755DB4580F909E5F2E770AF.d.4EDC420AB5A31469137FA7EB20FDD90B.e.1279"},"getText",[]]}
COMMAND: POST /session/a7b0557425261f11a09d542055100e7c/element - {"using":"css selector","value":"#shell-header-logo"}
RESULT: {"using":"css selector","value":"#shell-header-logo"}
COMMAND: POST /session/a7b0557425261f11a09d542055100e7c/element/f.5C65E3028755DB4580F909E5F2E770AF.d.4EDC420AB5A31469137FA7EB20FDD90B.e.550/click - {}
RESULT: {}
COMMAND: GET /session/a7b0557425261f11a09d542055100e7c/screenshot - {}
RESULT: {}
]]></system-out>
    </testcase>
    <testcase classname="chrome.136_0_7103_93.windows.Manage_catalogs_-_yard_assignment_classification_US138930" name="Should add the yard classification to a catalog item" time="121.724">
      <system-out><![CDATA[
RESULT: undefined
COMMAND: POST /session/a7b0557425261f11a09d542055100e7c/element - {"using":"xpath","value":"//*[@id=\"__tile37\"]"}
RESULT: {"using":"xpath","value":"//*[@id=\"__tile37\"]"}
COMMAND: POST /session/a7b0557425261f11a09d542055100e7c/element/f.5C65E3028755DB4580F909E5F2E770AF.d.4EDC420AB5A31469137FA7EB20FDD90B.e.114/click - {}
RESULT: {}
COMMAND: GET /session/a7b0557425261f11a09d542055100e7c/screenshot - {}
RESULT: {}
COMMAND: POST /session/a7b0557425261f11a09d542055100e7c/elements - {"using":"xpath","value":"//span[text()='Error']"}
RESULT: {"using":"xpath","value":"//span[text()='Error']"}
COMMAND: POST /session/a7b0557425261f11a09d542055100e7c/refresh - {}
RESULT: {}
COMMAND: GET /session/a7b0557425261f11a09d542055100e7c/screenshot - {}
RESULT: {}
COMMAND: POST /session/a7b0557425261f11a09d542055100e7c/execute/async - {"script":"<script> [189 bytes]","args":[]}
RESULT: {"script":"<script> [189 bytes]","args":[]}
COMMAND: POST /session/a7b0557425261f11a09d542055100e7c/execute/async - {"script":"<script> [123 bytes]","args":[]}
RESULT: {"script":"<script> [123 bytes]","args":[]}
COMMAND: POST /session/a7b0557425261f11a09d542055100e7c/timeouts - {"script":"<number>"}
RESULT: {"script":"<number>"}
COMMAND: GET /session/a7b0557425261f11a09d542055100e7c/timeouts - {}
RESULT: {}
RESULT: undefined
COMMAND: POST /session/a7b0557425261f11a09d542055100e7c/execute/async - {"script":"<script> [2676 bytes]","args":[]}
RESULT: {"script":"<script> [2676 bytes]","args":[]}
COMMAND: POST /session/a7b0557425261f11a09d542055100e7c/execute/async - {"script":"<script> [2342 bytes]","args":[{"protocol":"http","hostname":"0.0.0.0","path":"/","capabilities":{"browserName":"chrome","goog:chromeOptions":{"binary":"C:\\Program Files\\Google\\Chrome\\Application\\chrome.exe","args":["--start-maximized"]}},"logLevel":"warn","connectionRetryTimeout":120000,"connectionRetryCount":3,"logLevels":{},"enableDirectConnect":true,"strictSSL":true,"_":"65 more keys: [\"cacheDir\",\"port\",\"requestedCapabilities\",\"automationProtocol\",\"baseUrl\",\"waitforInterval\",\"waitforTimeout\",\"onReload\",\"beforeCommand\",\"afterCommand\",\"rootDir\",\"specs\",\"suites\",\"exclude\",\"groupLogsByTestSpec\",\"excludeDriverLogs\",\"bail\",\"framework\",\"reporters\",\"services\",\"maxInstances\",\"maxInstancesPerCapability\",\"injectGlobals\",\"filesToWatch\",\"execArgv\",\"runnerEnv\",\"runner\",\"shard\",\"specFileRetries\",\"specFileRetriesDelay\",\"specFileRetriesDeferred\",\"reporterSyncInterval\",\"reporterSyncTimeout\",\"cucumberFeaturesWithLineNumbers\",\"autoCompileOpts\",\"mochaOpts\",\"jasmineOpts\",\"cucumberOpts\",\"onPrepare\",\"onWorkerStart\",\"onWorkerEnd\",\"before\",\"beforeSession\",\"beforeSuite\",\"beforeHook\",\"beforeTest\",\"afterTest\",\"afterHook\",\"afterSuite\",\"afterSession\",\"after\",\"onComplete\",\"beforeAssertion\",\"afterAssertion\",\"beforeFeature\",\"beforeScenario\",\"beforeStep\",\"afterStep\",\"afterScenario\",\"afterFeature\",\"_\",\"suite\",\"$0\",\"ignoredWorkerServices\",\"wdi5\"]"}]}
RESULT: {"script":"<script> [2342 bytes]","args":[{"protocol":"http","hostname":"0.0.0.0","path":"/","capabilities":{"browserName":"chrome","goog:chromeOptions":{"binary":"C:\\Program Files\\Google\\Chrome\\Application\\chrome.exe","args":["--start-maximized"]}},"logLevel":"warn","connectionRetryTimeout":120000,"connectionRetryCount":3,"logLevels":{},"enableDirectConnect":true,"strictSSL":true,"_":"65 more keys: [\"cacheDir\",\"port\",\"requestedCapabilities\",\"automationProtocol\",\"baseUrl\",\"waitforInterval\",\"waitforTimeout\",\"onReload\",\"beforeCommand\",\"afterCommand\",\"rootDir\",\"specs\",\"suites\",\"exclude\",\"groupLogsByTestSpec\",\"excludeDriverLogs\",\"bail\",\"framework\",\"reporters\",\"services\",\"maxInstances\",\"maxInstancesPerCapability\",\"injectGlobals\",\"filesToWatch\",\"execArgv\",\"runnerEnv\",\"runner\",\"shard\",\"specFileRetries\",\"specFileRetriesDelay\",\"specFileRetriesDeferred\",\"reporterSyncInterval\",\"reporterSyncTimeout\",\"cucumberFeaturesWithLineNumbers\",\"autoCompileOpts\",\"mochaOpts\",\"jasmineOpts\",\"cucumberOpts\",\"onPrepare\",\"onWorkerStart\",\"onWorkerEnd\",\"before\",\"beforeSession\",\"beforeSuite\",\"beforeHook\",\"beforeTest\",\"afterTest\",\"afterHook\",\"afterSuite\",\"afterSession\",\"after\",\"onComplete\",\"beforeAssertion\",\"afterAssertion\",\"beforeFeature\",\"beforeScenario\",\"beforeStep\",\"afterStep\",\"afterScenario\",\"afterFeature\",\"_\",\"suite\",\"$0\",\"ignoredWorkerServices\",\"wdi5\"]"}]}
COMMAND: POST /session/a7b0557425261f11a09d542055100e7c/execute/async - {"script":"<script> [21126 bytes]","args":[35000]}
RESULT: {"script":"<script> [21126 bytes]","args":[35000]}
COMMAND: POST /session/a7b0557425261f11a09d542055100e7c/element - {"using":"xpath","value":"//span[contains(text(), \"Webshop Catalog\")][contains(@id ,\"masterCatalogs\")]"}
RESULT: {"using":"xpath","value":"//span[contains(text(), \"Webshop Catalog\")][contains(@id ,\"masterCatalogs\")]"}
COMMAND: POST /session/a7b0557425261f11a09d542055100e7c/element/f.5C65E3028755DB4580F909E5F2E770AF.d.59571B364A9D2276F28F1A8B825021DB.e.1383/click - {}
RESULT: {}
COMMAND: GET /session/a7b0557425261f11a09d542055100e7c/screenshot - {}
RESULT: {}
COMMAND: POST /session/a7b0557425261f11a09d542055100e7c/element - {"using":"xpath","value":"//input[contains(@id ,\"application-managecatalogs-display-component---masterCatalogItems--searchItemsField-I\")]"}
RESULT: {"using":"xpath","value":"//input[contains(@id ,\"application-managecatalogs-display-component---masterCatalogItems--searchItemsField-I\")]"}
COMMAND: POST /session/a7b0557425261f11a09d542055100e7c/element/f.5C65E3028755DB4580F909E5F2E770AF.d.59571B364A9D2276F28F1A8B825021DB.e.1392/value - {"text":"SecondSectionhndxj"}
RESULT: {"text":"SecondSectionhndxj"}
COMMAND: POST /session/a7b0557425261f11a09d542055100e7c/actions - {"actions":[{"id":"action4","type":"key","parameters":{},"actions":[{"type":"keyDown","value":""},{"type":"pause","duration":10},{"type":"keyUp","value":""}]}]}
COMMAND: GET /session/a7b0557425261f11a09d542055100e7c/screenshot - {}
RESULT: {"actions":[{"id":"action4","type":"key","parameters":{},"actions":[{"type":"keyDown","value":""},{"type":"pause","duration":10},{"type":"keyUp","value":""}]}]}
COMMAND: GET /session/a7b0557425261f11a09d542055100e7c/screenshot - {}
RESULT: {}
RESULT: {}
COMMAND: POST /session/a7b0557425261f11a09d542055100e7c/element - {"using":"xpath","value":"(//span[contains(text(), \"SecondSectionhndxj\")])[1]"}
RESULT: {"using":"xpath","value":"(//span[contains(text(), \"SecondSectionhndxj\")])[1]"}
COMMAND: POST /session/a7b0557425261f11a09d542055100e7c/element/f.5C65E3028755DB4580F909E5F2E770AF.d.59571B364A9D2276F28F1A8B825021DB.e.1420/click - {}
RESULT: {}
COMMAND: POST /session/a7b0557425261f11a09d542055100e7c/execute/async - {"script":"<script> [1562 bytes]","args":[{"selector":{"controlType":"sap.m.Button","viewName":"etm.portal.ui.managecatalogs.view.Detail","viewId":"application-managecatalogs-display-component---detailCatalog","i18NText":{"propertyName":"text","key":"edit"},"interaction":{"idSuffix":"BDI-content"}},"wdio_ui5_key":"etmportal.ui.managecatalogs.view.Detailsap.m.Button{\"propertyName\":\"text\",\"key\":\"edit\"}"}]}
COMMAND: GET /session/a7b0557425261f11a09d542055100e7c/screenshot - {}
RESULT: {"script":"<script> [1562 bytes]","args":[{"selector":{"controlType":"sap.m.Button","viewName":"etm.portal.ui.managecatalogs.view.Detail","viewId":"application-managecatalogs-display-component---detailCatalog","i18NText":{"propertyName":"text","key":"edit"},"interaction":{"idSuffix":"BDI-content"}},"wdio_ui5_key":"etmportal.ui.managecatalogs.view.Detailsap.m.Button{\"propertyName\":\"text\",\"key\":\"edit\"}"}]}
RESULT: undefined
COMMAND: POST /session/a7b0557425261f11a09d542055100e7c/element - {"using":"xpath","value":"//*[@id=\"__button33\"]"}
RESULT: {}
RESULT: {"using":"xpath","value":"//*[@id=\"__button33\"]"}
COMMAND: POST /session/a7b0557425261f11a09d542055100e7c/element/f.5C65E3028755DB4580F909E5F2E770AF.d.59571B364A9D2276F28F1A8B825021DB.e.1482/click - {}
RESULT: {}
COMMAND: POST /session/a7b0557425261f11a09d542055100e7c/execute/async - {"script":"<script> [1562 bytes]","args":[{"selector":{"controlType":"sap.ui.core.Icon","viewName":"etm.portal.ui.managecatalogs.view.Detail","viewId":"application-managecatalogs-display-component---detailCatalog","properties":{"src":{"regex":{"source":"add\\-document"}}}},"wdio_ui5_key":"etmportal.ui.managecatalogs.view.Detailsap.ui.core.Icon{\"src\":{\"regex\":{\"source\":\"add\\\\-document\"}}}"}]}
COMMAND: GET /session/a7b0557425261f11a09d542055100e7c/screenshot - {}
RESULT: {"script":"<script> [1562 bytes]","args":[{"selector":{"controlType":"sap.ui.core.Icon","viewName":"etm.portal.ui.managecatalogs.view.Detail","viewId":"application-managecatalogs-display-component---detailCatalog","properties":{"src":{"regex":{"source":"add\\-document"}}}},"wdio_ui5_key":"etmportal.ui.managecatalogs.view.Detailsap.ui.core.Icon{\"src\":{\"regex\":{\"source\":\"add\\\\-document\"}}}"}]}
RESULT: undefined
COMMAND: POST /session/a7b0557425261f11a09d542055100e7c/element - {"using":"xpath","value":"//*[@id=\"__button42-img\"]"}
RESULT: {}
RESULT: {"using":"xpath","value":"//*[@id=\"__button42-img\"]"}
COMMAND: POST /session/a7b0557425261f11a09d542055100e7c/element/f.5C65E3028755DB4580F909E5F2E770AF.d.59571B364A9D2276F28F1A8B825021DB.e.1489/click - {}
RESULT: {}
COMMAND: POST /session/a7b0557425261f11a09d542055100e7c/execute/async - {"script":"<script> [1562 bytes]","args":[{"selector":{"id":"application-managecatalogs-display-component---detailCatalog--newItemNumberInput","searchOpenDialogs":true,"interaction":{"idSuffix":"inner"}},"wdio_ui5_key":"applicationmanagecatalogs-display-component---detailCatalog--newItemNumberInput"}]}
COMMAND: GET /session/a7b0557425261f11a09d542055100e7c/screenshot - {}
RESULT: {"script":"<script> [1562 bytes]","args":[{"selector":{"id":"application-managecatalogs-display-component---detailCatalog--newItemNumberInput","searchOpenDialogs":true,"interaction":{"idSuffix":"inner"}},"wdio_ui5_key":"applicationmanagecatalogs-display-component---detailCatalog--newItemNumberInput"}]}
RESULT: undefined
COMMAND: POST /session/a7b0557425261f11a09d542055100e7c/execute/async - {"script":"<script> [776 bytes]","args":[{"enterText":"catalogItemnhmwrh","selector":{"id":"application-managecatalogs-display-component---detailCatalog--newItemNumberInput","searchOpenDialogs":true,"interaction":{"idSuffix":"inner"}},"clearTextFirst":true,"interactionType":"ENTER_TEXT"}]}
RESULT: {}
RESULT: {"script":"<script> [776 bytes]","args":[{"enterText":"catalogItemnhmwrh","selector":{"id":"application-managecatalogs-display-component---detailCatalog--newItemNumberInput","searchOpenDialogs":true,"interaction":{"idSuffix":"inner"}},"clearTextFirst":true,"interactionType":"ENTER_TEXT"}]}
COMMAND: POST /session/a7b0557425261f11a09d542055100e7c/execute/async - {"script":"<script> [1562 bytes]","args":[{"selector":{"controlType":"sap.m.Input","viewName":"etm.portal.ui.managecatalogs.view.Detail","viewId":"application-managecatalogs-display-component---detailCatalog","bindingPath":{"path":"","propertyPath":"/DESCRIPTION"},"searchOpenDialogs":true,"interaction":{"idSuffix":"inner"}},"wdio_ui5_key":"etmportal.ui.managecatalogs.view.Detailsap.m.Input{\"path\":\"\",\"propertyPath\":\"/DESCRIPTION\"}"}]}
RESULT: {"script":"<script> [1562 bytes]","args":[{"selector":{"controlType":"sap.m.Input","viewName":"etm.portal.ui.managecatalogs.view.Detail","viewId":"application-managecatalogs-display-component---detailCatalog","bindingPath":{"path":"","propertyPath":"/DESCRIPTION"},"searchOpenDialogs":true,"interaction":{"idSuffix":"inner"}},"wdio_ui5_key":"etmportal.ui.managecatalogs.view.Detailsap.m.Input{\"path\":\"\",\"propertyPath\":\"/DESCRIPTION\"}"}]}
RESULT: undefined
COMMAND: POST /session/a7b0557425261f11a09d542055100e7c/execute/async - {"script":"<script> [776 bytes]","args":[{"enterText":"catalogItemNamexxrpv","selector":{"controlType":"sap.m.Input","viewName":"etm.portal.ui.managecatalogs.view.Detail","viewId":"application-managecatalogs-display-component---detailCatalog","bindingPath":{"path":"","propertyPath":"/DESCRIPTION"},"searchOpenDialogs":true,"interaction":{"idSuffix":"inner"}},"clearTextFirst":true,"interactionType":"ENTER_TEXT"}]}
RESULT: {"script":"<script> [776 bytes]","args":[{"enterText":"catalogItemNamexxrpv","selector":{"controlType":"sap.m.Input","viewName":"etm.portal.ui.managecatalogs.view.Detail","viewId":"application-managecatalogs-display-component---detailCatalog","bindingPath":{"path":"","propertyPath":"/DESCRIPTION"},"searchOpenDialogs":true,"interaction":{"idSuffix":"inner"}},"clearTextFirst":true,"interactionType":"ENTER_TEXT"}]}
COMMAND: POST /session/a7b0557425261f11a09d542055100e7c/execute/async - {"script":"<script> [1562 bytes]","args":[{"selector":{"controlType":"sap.m.Button","viewName":"etm.portal.ui.managecatalogs.view.Detail","viewId":"application-managecatalogs-display-component---detailCatalog","i18NText":{"propertyName":"text","key":"create"},"searchOpenDialogs":true,"interaction":{"idSuffix":"BDI-content"}},"wdio_ui5_key":"etmportal.ui.managecatalogs.view.Detailsap.m.Button{\"propertyName\":\"text\",\"key\":\"create\"}"}]}
RESULT: {"script":"<script> [1562 bytes]","args":[{"selector":{"controlType":"sap.m.Button","viewName":"etm.portal.ui.managecatalogs.view.Detail","viewId":"application-managecatalogs-display-component---detailCatalog","i18NText":{"propertyName":"text","key":"create"},"searchOpenDialogs":true,"interaction":{"idSuffix":"BDI-content"}},"wdio_ui5_key":"etmportal.ui.managecatalogs.view.Detailsap.m.Button{\"propertyName\":\"text\",\"key\":\"create\"}"}]}
RESULT: undefined
COMMAND: POST /session/a7b0557425261f11a09d542055100e7c/element - {"using":"xpath","value":"//*[@id=\"__button17\"]"}
RESULT: {"using":"xpath","value":"//*[@id=\"__button17\"]"}
COMMAND: POST /session/a7b0557425261f11a09d542055100e7c/element/f.5C65E3028755DB4580F909E5F2E770AF.d.59571B364A9D2276F28F1A8B825021DB.e.1499/click - {}
RESULT: {}
COMMAND: GET /session/a7b0557425261f11a09d542055100e7c/screenshot - {}
RESULT: {}
COMMAND: POST /session/a7b0557425261f11a09d542055100e7c/element - {"using":"xpath","value":"//button[@title=\"Save\"]"}
RESULT: {"using":"xpath","value":"//button[@title=\"Save\"]"}
COMMAND: POST /session/a7b0557425261f11a09d542055100e7c/element/f.5C65E3028755DB4580F909E5F2E770AF.d.59571B364A9D2276F28F1A8B825021DB.e.1500/click - {}
RESULT: {}
COMMAND: GET /session/a7b0557425261f11a09d542055100e7c/screenshot - {}
RESULT: {}
COMMAND: POST /session/a7b0557425261f11a09d542055100e7c/execute/async - {"script":"<script> [1562 bytes]","args":[{"selector":{"controlType":"sap.ui.core.Icon","viewName":"etm.portal.ui.managecatalogs.view.Detail","viewId":"application-managecatalogs-display-component---detailCatalog","properties":{"src":{"regex":{"source":"decline"}}}},"wdio_ui5_key":"etmportal.ui.managecatalogs.view.Detailsap.ui.core.Icon{\"src\":{\"regex\":{\"source\":\"decline\"}}}"}]}
RESULT: {"script":"<script> [1562 bytes]","args":[{"selector":{"controlType":"sap.ui.core.Icon","viewName":"etm.portal.ui.managecatalogs.view.Detail","viewId":"application-managecatalogs-display-component---detailCatalog","properties":{"src":{"regex":{"source":"decline"}}}},"wdio_ui5_key":"etmportal.ui.managecatalogs.view.Detailsap.ui.core.Icon{\"src\":{\"regex\":{\"source\":\"decline\"}}}"}]}
RESULT: undefined
COMMAND: POST /session/a7b0557425261f11a09d542055100e7c/element - {"using":"xpath","value":"//*[@id=\"__button36-img\"]"}
RESULT: {"using":"xpath","value":"//*[@id=\"__button36-img\"]"}
COMMAND: POST /session/a7b0557425261f11a09d542055100e7c/element/f.5C65E3028755DB4580F909E5F2E770AF.d.59571B364A9D2276F28F1A8B825021DB.e.1506/click - {}
RESULT: {}
COMMAND: GET /session/a7b0557425261f11a09d542055100e7c/screenshot - {}
RESULT: {}
COMMAND: POST /session/a7b0557425261f11a09d542055100e7c/execute/async - {"script":"<script> [1562 bytes]","args":[{"selector":{"controlType":"sap.ui.core.Icon","viewName":"etm.portal.ui.managecatalogs.view.MasterItems","viewId":"application-managecatalogs-display-component---masterCatalogItems","properties":{"src":{"regex":{"source":"refresh"}}}},"wdio_ui5_key":"etmportal.ui.managecatalogs.view.MasterItemssap.ui.core.Icon{\"src\":{\"regex\":{\"source\":\"refresh\"}}}"}]}
RESULT: {"script":"<script> [1562 bytes]","args":[{"selector":{"controlType":"sap.ui.core.Icon","viewName":"etm.portal.ui.managecatalogs.view.MasterItems","viewId":"application-managecatalogs-display-component---masterCatalogItems","properties":{"src":{"regex":{"source":"refresh"}}}},"wdio_ui5_key":"etmportal.ui.managecatalogs.view.MasterItemssap.ui.core.Icon{\"src\":{\"regex\":{\"source\":\"refresh\"}}}"}]}
RESULT: undefined
COMMAND: POST /session/a7b0557425261f11a09d542055100e7c/element - {"using":"xpath","value":"//*[@id=\"__button9-img\"]"}
RESULT: {"using":"xpath","value":"//*[@id=\"__button9-img\"]"}
COMMAND: POST /session/a7b0557425261f11a09d542055100e7c/element/f.5C65E3028755DB4580F909E5F2E770AF.d.59571B364A9D2276F28F1A8B825021DB.e.1540/click - {}
RESULT: {}
COMMAND: GET /session/a7b0557425261f11a09d542055100e7c/screenshot - {}
RESULT: {}
COMMAND: POST /session/a7b0557425261f11a09d542055100e7c/execute/async - {"script":"<script> [1562 bytes]","args":[{"selector":{"id":"application-managecatalogs-display-component---masterCatalogItems--searchItemsField","interaction":{"idSuffix":"I"}},"wdio_ui5_key":"applicationmanagecatalogs-display-component---masterCatalogItems--searchItemsField"}]}
RESULT: {"script":"<script> [1562 bytes]","args":[{"selector":{"id":"application-managecatalogs-display-component---masterCatalogItems--searchItemsField","interaction":{"idSuffix":"I"}},"wdio_ui5_key":"applicationmanagecatalogs-display-component---masterCatalogItems--searchItemsField"}]}
RESULT: undefined
COMMAND: POST /session/a7b0557425261f11a09d542055100e7c/execute/async - {"script":"<script> [776 bytes]","args":[{"enterText":"catalogItemNamexxrpv","selector":{"id":"application-managecatalogs-display-component---masterCatalogItems--searchItemsField","interaction":{"idSuffix":"I"}},"clearTextFirst":true,"interactionType":"ENTER_TEXT"}]}
RESULT: {"script":"<script> [776 bytes]","args":[{"enterText":"catalogItemNamexxrpv","selector":{"id":"application-managecatalogs-display-component---masterCatalogItems--searchItemsField","interaction":{"idSuffix":"I"}},"clearTextFirst":true,"interactionType":"ENTER_TEXT"}]}
COMMAND: POST /session/a7b0557425261f11a09d542055100e7c/actions - {"actions":[{"id":"action5","type":"key","parameters":{},"actions":[{"type":"keyDown","value":""},{"type":"pause","duration":10},{"type":"keyUp","value":""}]}]}
RESULT: {"actions":[{"id":"action5","type":"key","parameters":{},"actions":[{"type":"keyDown","value":""},{"type":"pause","duration":10},{"type":"keyUp","value":""}]}]}
COMMAND: POST /session/a7b0557425261f11a09d542055100e7c/element - {"using":"xpath","value":"(//span[contains(text(), \"catalogItemNamexxrpv\")])[1]"}
COMMAND: GET /session/a7b0557425261f11a09d542055100e7c/screenshot - {}
RESULT: {"using":"xpath","value":"(//span[contains(text(), \"catalogItemNamexxrpv\")])[1]"}
COMMAND: POST /session/a7b0557425261f11a09d542055100e7c/element/f.5C65E3028755DB4580F909E5F2E770AF.d.59571B364A9D2276F28F1A8B825021DB.e.1547/click - {}
RESULT: {}
RESULT: {}
COMMAND: GET /session/a7b0557425261f11a09d542055100e7c/screenshot - {}
RESULT: {}
COMMAND: POST /session/a7b0557425261f11a09d542055100e7c/element - {"using":"xpath","value":"//span[contains(text(), \"catalogItemnhmwrh\")]"}
RESULT: {"using":"xpath","value":"//span[contains(text(), \"catalogItemnhmwrh\")]"}
COMMAND: GET /session/a7b0557425261f11a09d542055100e7c/element/f.5C65E3028755DB4580F909E5F2E770AF.d.59571B364A9D2276F28F1A8B825021DB.e.1600/text - {}
RESULT: {}
RESULT: undefined
COMMAND: POST /session/a7b0557425261f11a09d542055100e7c/element - {"using":"xpath","value":"//*[@id=\"__button33\"]"}
RESULT: {"using":"xpath","value":"//*[@id=\"__button33\"]"}
COMMAND: POST /session/a7b0557425261f11a09d542055100e7c/element/f.5C65E3028755DB4580F909E5F2E770AF.d.59571B364A9D2276F28F1A8B825021DB.e.1584/click - {}
COMMAND: POST /session/a7b0557425261f11a09d542055100e7c/element - {"using":"xpath","value":"//*[@id=\"__button33\"]"}
RESULT: {"using":"xpath","value":"//*[@id=\"__button33\"]"}
COMMAND: POST /session/a7b0557425261f11a09d542055100e7c/element/f.5C65E3028755DB4580F909E5F2E770AF.d.59571B364A9D2276F28F1A8B825021DB.e.1584/click - {}
COMMAND: POST /session/a7b0557425261f11a09d542055100e7c/element - {"using":"xpath","value":"//*[@id=\"__button33\"]"}
RESULT: {"using":"xpath","value":"//*[@id=\"__button33\"]"}
COMMAND: POST /session/a7b0557425261f11a09d542055100e7c/element/f.5C65E3028755DB4580F909E5F2E770AF.d.59571B364A9D2276F28F1A8B825021DB.e.1610/click - {}
RESULT: {}
COMMAND: GET /session/a7b0557425261f11a09d542055100e7c/screenshot - {}
RESULT: {}
COMMAND: POST /session/a7b0557425261f11a09d542055100e7c/execute/async - {"script":"<script> [1562 bytes]","args":[{"selector":{"id":"application-managecatalogs-display-component---detailCatalog--BASE_UNIT_OF_MEASURE-arrow"},"wdio_ui5_key":"applicationmanagecatalogs-display-component---detailCatalog--BASE_UNIT_OF_MEASURE-arrow"}]}
RESULT: {"script":"<script> [1562 bytes]","args":[{"selector":{"id":"application-managecatalogs-display-component---detailCatalog--BASE_UNIT_OF_MEASURE-arrow"},"wdio_ui5_key":"applicationmanagecatalogs-display-component---detailCatalog--BASE_UNIT_OF_MEASURE-arrow"}]}
RESULT: undefined
COMMAND: POST /session/a7b0557425261f11a09d542055100e7c/element - {"using":"xpath","value":"//*[@id=\"application-managecatalogs-display-component---detailCatalog--BASE_UNIT_OF_MEASURE-arrow\"]"}
RESULT: {"using":"xpath","value":"//*[@id=\"application-managecatalogs-display-component---detailCatalog--BASE_UNIT_OF_MEASURE-arrow\"]"}
COMMAND: POST /session/a7b0557425261f11a09d542055100e7c/element/f.5C65E3028755DB4580F909E5F2E770AF.d.59571B364A9D2276F28F1A8B825021DB.e.1638/click - {}
RESULT: {}
COMMAND: GET /session/a7b0557425261f11a09d542055100e7c/screenshot - {}
RESULT: {}
COMMAND: POST /session/a7b0557425261f11a09d542055100e7c/execute/async - {"script":"<script> [1562 bytes]","args":[{"selector":{"controlType":"sap.m.StandardListItem","viewName":"etm.portal.ui.managecatalogs.view.Detail","viewId":"application-managecatalogs-display-component---detailCatalog","properties":{"title":"Piece"},"searchOpenDialogs":true,"interaction":{"idSuffix":"titleText"}},"wdio_ui5_key":"etmportal.ui.managecatalogs.view.Detailsap.m.StandardListItem{\"title\":\"Piece\"}"}]}
RESULT: {"script":"<script> [1562 bytes]","args":[{"selector":{"controlType":"sap.m.StandardListItem","viewName":"etm.portal.ui.managecatalogs.view.Detail","viewId":"application-managecatalogs-display-component---detailCatalog","properties":{"title":"Piece"},"searchOpenDialogs":true,"interaction":{"idSuffix":"titleText"}},"wdio_ui5_key":"etmportal.ui.managecatalogs.view.Detailsap.m.StandardListItem{\"title\":\"Piece\"}"}]}
RESULT: undefined
COMMAND: POST /session/a7b0557425261f11a09d542055100e7c/element - {"using":"xpath","value":"//*[@id=\"__item225\"]"}
RESULT: {"using":"xpath","value":"//*[@id=\"__item225\"]"}
COMMAND: POST /session/a7b0557425261f11a09d542055100e7c/element/f.5C65E3028755DB4580F909E5F2E770AF.d.59571B364A9D2276F28F1A8B825021DB.e.1642/click - {}
RESULT: {}
COMMAND: POST /session/a7b0557425261f11a09d542055100e7c/execute/async - {"script":"<script> [1562 bytes]","args":[{"selector":{"controlType":"sap.ui.core.Icon","viewName":"etm.portal.ui.managecatalogs.view.Detail","viewId":"application-managecatalogs-display-component---detailCatalog","properties":{"src":{"regex":{"source":"add"}}},"ancestor":{"controlType":"sap.m.Button","viewName":"etm.portal.ui.managecatalogs.view.Detail","viewId":"application-managecatalogs-display-component---detailCatalog","i18NText":{"propertyName":"tooltip","key":"addClass"}}},"wdio_ui5_key":"etmportal.ui.managecatalogs.view.Detailsap.ui.core.Icon{\"src\":{\"regex\":{\"source\":\"add\"}}}{\"controlType\":\"sap.m.Button\",\"viewName\":\"etm.portal.ui.managecatalogs.view.Detail\",\"viewId\":\"application-managecatalogs-display-component---detailCatalog\",\"i18NText\":{\"propertyName\":\"tooltip\",\"key\":\"addClass\"}}"}]}
COMMAND: GET /session/a7b0557425261f11a09d542055100e7c/screenshot - {}
RESULT: {"script":"<script> [1562 bytes]","args":[{"selector":{"controlType":"sap.ui.core.Icon","viewName":"etm.portal.ui.managecatalogs.view.Detail","viewId":"application-managecatalogs-display-component---detailCatalog","properties":{"src":{"regex":{"source":"add"}}},"ancestor":{"controlType":"sap.m.Button","viewName":"etm.portal.ui.managecatalogs.view.Detail","viewId":"application-managecatalogs-display-component---detailCatalog","i18NText":{"propertyName":"tooltip","key":"addClass"}}},"wdio_ui5_key":"etmportal.ui.managecatalogs.view.Detailsap.ui.core.Icon{\"src\":{\"regex\":{\"source\":\"add\"}}}{\"controlType\":\"sap.m.Button\",\"viewName\":\"etm.portal.ui.managecatalogs.view.Detail\",\"viewId\":\"application-managecatalogs-display-component---detailCatalog\",\"i18NText\":{\"propertyName\":\"tooltip\",\"key\":\"addClass\"}}"}]}
RESULT: undefined
COMMAND: POST /session/a7b0557425261f11a09d542055100e7c/element - {"using":"xpath","value":"//*[@id=\"__button39-img\"]"}
RESULT: {}
RESULT: {"using":"xpath","value":"//*[@id=\"__button39-img\"]"}
COMMAND: POST /session/a7b0557425261f11a09d542055100e7c/element/f.5C65E3028755DB4580F909E5F2E770AF.d.59571B364A9D2276F28F1A8B825021DB.e.1643/click - {}
RESULT: {}
COMMAND: GET /session/a7b0557425261f11a09d542055100e7c/screenshot - {}
RESULT: {}
COMMAND: POST /session/a7b0557425261f11a09d542055100e7c/element - {"using":"xpath","value":"//input[contains(@id ,\"searchField-I\")]"}
RESULT: {"using":"xpath","value":"//input[contains(@id ,\"searchField-I\")]"}
COMMAND: POST /session/a7b0557425261f11a09d542055100e7c/element/f.5C65E3028755DB4580F909E5F2E770AF.d.59571B364A9D2276F28F1A8B825021DB.e.1647/value - {"text":"WebdriverYardClasscxq6t"}
RESULT: {"text":"WebdriverYardClasscxq6t"}
COMMAND: POST /session/a7b0557425261f11a09d542055100e7c/actions - {"actions":[{"id":"action6","type":"key","parameters":{},"actions":[{"type":"keyDown","value":""},{"type":"pause","duration":10},{"type":"keyUp","value":""}]}]}
COMMAND: GET /session/a7b0557425261f11a09d542055100e7c/screenshot - {}
RESULT: {"actions":[{"id":"action6","type":"key","parameters":{},"actions":[{"type":"keyDown","value":""},{"type":"pause","duration":10},{"type":"keyUp","value":""}]}]}
COMMAND: GET /session/a7b0557425261f11a09d542055100e7c/screenshot - {}
RESULT: {}
RESULT: {}
COMMAND: POST /session/a7b0557425261f11a09d542055100e7c/element - {"using":"xpath","value":"//span[contains(text(), \"WebdriverYardClasscxq6t\")]"}
RESULT: {"using":"xpath","value":"//span[contains(text(), \"WebdriverYardClasscxq6t\")]"}
COMMAND: POST /session/a7b0557425261f11a09d542055100e7c/element/f.5C65E3028755DB4580F909E5F2E770AF.d.59571B364A9D2276F28F1A8B825021DB.e.1681/click - {}
RESULT: {}
COMMAND: GET /session/a7b0557425261f11a09d542055100e7c/screenshot - {}
RESULT: {}
COMMAND: POST /session/a7b0557425261f11a09d542055100e7c/execute/async - {"script":"<script> [1562 bytes]","args":[{"selector":{"controlType":"sap.m.Button","viewName":"etm.portal.ui.managecatalogs.view.Detail","viewId":"application-managecatalogs-display-component---detailCatalog","properties":{"text":"Classification"},"interaction":{"idSuffix":"BDI-content"}},"wdio_ui5_key":"etmportal.ui.managecatalogs.view.Detailsap.m.Button{\"text\":\"Classification\"}"}]}
RESULT: {"script":"<script> [1562 bytes]","args":[{"selector":{"controlType":"sap.m.Button","viewName":"etm.portal.ui.managecatalogs.view.Detail","viewId":"application-managecatalogs-display-component---detailCatalog","properties":{"text":"Classification"},"interaction":{"idSuffix":"BDI-content"}},"wdio_ui5_key":"etmportal.ui.managecatalogs.view.Detailsap.m.Button{\"text\":\"Classification\"}"}]}
RESULT: undefined
COMMAND: POST /session/a7b0557425261f11a09d542055100e7c/element - {"using":"xpath","value":"//*[@id=\"application-managecatalogs-display-component---detailCatalog--ObjectPageLayout-anchBar-__section3-anchor\"]"}
RESULT: {"using":"xpath","value":"//*[@id=\"application-managecatalogs-display-component---detailCatalog--ObjectPageLayout-anchBar-__section3-anchor\"]"}
COMMAND: POST /session/a7b0557425261f11a09d542055100e7c/element/f.5C65E3028755DB4580F909E5F2E770AF.d.59571B364A9D2276F28F1A8B825021DB.e.1686/click - {}
RESULT: {}
COMMAND: GET /session/a7b0557425261f11a09d542055100e7c/screenshot - {}
RESULT: {}
COMMAND: POST /session/a7b0557425261f11a09d542055100e7c/element - {"using":"xpath","value":"//span[contains(@id ,\"expandButton-img\")]"}
RESULT: {"using":"xpath","value":"//span[contains(@id ,\"expandButton-img\")]"}
COMMAND: POST /session/a7b0557425261f11a09d542055100e7c/element/f.5C65E3028755DB4580F909E5F2E770AF.d.59571B364A9D2276F28F1A8B825021DB.e.1692/click - {}
RESULT: {}
COMMAND: POST /session/a7b0557425261f11a09d542055100e7c/execute/async - {"script":"<script> [1562 bytes]","args":[{"selector":{"controlType":"sap.m.CheckBox","viewName":"etm.portal.ui.managecatalogs.view.Detail","viewId":"application-managecatalogs-display-component---detailCatalog","bindingPath":{"path":"/data/0/PROPERTIES/0","propertyPath":"SELECTED","modelName":"classModel"},"interaction":{"idSuffix":"CbBg"}},"wdio_ui5_key":"etmportal.ui.managecatalogs.view.Detailsap.m.CheckBox{\"path\":\"/data/0/PROPERTIES/0\",\"propertyPath\":\"SELECTED\",\"modelName\":\"classModel\"}"}]}
COMMAND: GET /session/a7b0557425261f11a09d542055100e7c/screenshot - {}
RESULT: {"script":"<script> [1562 bytes]","args":[{"selector":{"controlType":"sap.m.CheckBox","viewName":"etm.portal.ui.managecatalogs.view.Detail","viewId":"application-managecatalogs-display-component---detailCatalog","bindingPath":{"path":"/data/0/PROPERTIES/0","propertyPath":"SELECTED","modelName":"classModel"},"interaction":{"idSuffix":"CbBg"}},"wdio_ui5_key":"etmportal.ui.managecatalogs.view.Detailsap.m.CheckBox{\"path\":\"/data/0/PROPERTIES/0\",\"propertyPath\":\"SELECTED\",\"modelName\":\"classModel\"}"}]}
RESULT: undefined
COMMAND: POST /session/a7b0557425261f11a09d542055100e7c/element - {"using":"xpath","value":"//*[@id=\"__box32\"]"}
RESULT: {}
RESULT: {"using":"xpath","value":"//*[@id=\"__box32\"]"}
COMMAND: POST /session/a7b0557425261f11a09d542055100e7c/element/f.5C65E3028755DB4580F909E5F2E770AF.d.59571B364A9D2276F28F1A8B825021DB.e.1707/click - {}
RESULT: {}
RESULT: undefined
COMMAND: POST /session/a7b0557425261f11a09d542055100e7c/execute/async - {"script":"<script> [6424 bytes]","args":[{"element-6066-11e4-a52e-4f735466cecf":"f.5C65E3028755DB4580F909E5F2E770AF.d.59571B364A9D2276F28F1A8B825021DB.e.1705"},"getSelected",[]]}
COMMAND: GET /session/a7b0557425261f11a09d542055100e7c/screenshot - {}
RESULT: {"script":"<script> [6424 bytes]","args":[{"element-6066-11e4-a52e-4f735466cecf":"f.5C65E3028755DB4580F909E5F2E770AF.d.59571B364A9D2276F28F1A8B825021DB.e.1705"},"getSelected",[]]}
COMMAND: POST /session/a7b0557425261f11a09d542055100e7c/execute/async - {"script":"<script> [1562 bytes]","args":[{"selector":{"controlType":"sap.m.Button","viewName":"etm.portal.ui.managecatalogs.view.Detail","viewId":"application-managecatalogs-display-component---detailCatalog","i18NText":{"propertyName":"text","key":"save"},"interaction":{"idSuffix":"BDI-content"}},"wdio_ui5_key":"etmportal.ui.managecatalogs.view.Detailsap.m.Button{\"propertyName\":\"text\",\"key\":\"save\"}"}]}
RESULT: {}
RESULT: {"script":"<script> [1562 bytes]","args":[{"selector":{"controlType":"sap.m.Button","viewName":"etm.portal.ui.managecatalogs.view.Detail","viewId":"application-managecatalogs-display-component---detailCatalog","i18NText":{"propertyName":"text","key":"save"},"interaction":{"idSuffix":"BDI-content"}},"wdio_ui5_key":"etmportal.ui.managecatalogs.view.Detailsap.m.Button{\"propertyName\":\"text\",\"key\":\"save\"}"}]}
RESULT: undefined
COMMAND: POST /session/a7b0557425261f11a09d542055100e7c/element - {"using":"xpath","value":"//*[@id=\"__button51\"]"}
RESULT: {"using":"xpath","value":"//*[@id=\"__button51\"]"}
COMMAND: POST /session/a7b0557425261f11a09d542055100e7c/element/f.5C65E3028755DB4580F909E5F2E770AF.d.59571B364A9D2276F28F1A8B825021DB.e.1612/click - {}
RESULT: {}
COMMAND: GET /session/a7b0557425261f11a09d542055100e7c/screenshot - {}
RESULT: {}
COMMAND: POST /session/a7b0557425261f11a09d542055100e7c/element - {"using":"css selector","value":"#shell-header-logo"}
RESULT: {"using":"css selector","value":"#shell-header-logo"}
COMMAND: POST /session/a7b0557425261f11a09d542055100e7c/element/f.5C65E3028755DB4580F909E5F2E770AF.d.59571B364A9D2276F28F1A8B825021DB.e.1381/click - {}
RESULT: {}
COMMAND: GET /session/a7b0557425261f11a09d542055100e7c/screenshot - {}
RESULT: {}
]]></system-out>
    </testcase>
    <testcase classname="chrome.136_0_7103_93.windows.Manage_catalogs_-_yard_assignment_classification_US138930" name="Should verify if the catalog item is visible after selecting the yard" time="77.428">
      <system-out><![CDATA[
COMMAND: POST /session/a7b0557425261f11a09d542055100e7c/execute/async - {"script":"<script> [1562 bytes]","args":[{"selector":{"controlType":"sap.m.Text","properties":{"text":"Webshop"},"interaction":{"idSuffix":"inner"}},"wdio_ui5_key":"sapm.Text{\"text\":\"Webshop\"}"}]}
RESULT: {"script":"<script> [1562 bytes]","args":[{"selector":{"controlType":"sap.m.Text","properties":{"text":"Webshop"},"interaction":{"idSuffix":"inner"}},"wdio_ui5_key":"sapm.Text{\"text\":\"Webshop\"}"}]}
RESULT: undefined
COMMAND: POST /session/a7b0557425261f11a09d542055100e7c/element - {"using":"xpath","value":"//*[@id=\"__tile49-title\"]"}
RESULT: {"using":"xpath","value":"//*[@id=\"__tile49-title\"]"}
COMMAND: POST /session/a7b0557425261f11a09d542055100e7c/element/f.5C65E3028755DB4580F909E5F2E770AF.d.59571B364A9D2276F28F1A8B825021DB.e.1729/click - {}
RESULT: {}
COMMAND: GET /session/a7b0557425261f11a09d542055100e7c/screenshot - {}
RESULT: {}
COMMAND: POST /session/a7b0557425261f11a09d542055100e7c/element - {"using":"css selector","value":"#requestCreationDialog--createRequestPopUp-title-inner"}
RESULT: {"using":"css selector","value":"#requestCreationDialog--createRequestPopUp-title-inner"}
COMMAND: POST /session/a7b0557425261f11a09d542055100e7c/execute/sync - {"script":"<script> [8489 bytes]","args":[{"element-6066-11e4-a52e-4f735466cecf":"f.5C65E3028755DB4580F909E5F2E770AF.d.59571B364A9D2276F28F1A8B825021DB.e.1757","ELEMENT":"f.5C65E3028755DB4580F909E5F2E770AF.d.59571B364A9D2276F28F1A8B825021DB.e.1757"}]}
RESULT: {"script":"<script> [8489 bytes]","args":[{"element-6066-11e4-a52e-4f735466cecf":"f.5C65E3028755DB4580F909E5F2E770AF.d.59571B364A9D2276F28F1A8B825021DB.e.1757","ELEMENT":"f.5C65E3028755DB4580F909E5F2E770AF.d.59571B364A9D2276F28F1A8B825021DB.e.1757"}]}
COMMAND: GET /session/a7b0557425261f11a09d542055100e7c/element/f.5C65E3028755DB4580F909E5F2E770AF.d.59571B364A9D2276F28F1A8B825021DB.e.1757/enabled - {}
COMMAND: GET /session/a7b0557425261f11a09d542055100e7c/screenshot - {}
RESULT: {}
COMMAND: POST /session/a7b0557425261f11a09d542055100e7c/elements - {"using":"css selector","value":"#requestCreationDialog--createRequestPopUp-title-inner"}
COMMAND: GET /session/a7b0557425261f11a09d542055100e7c/screenshot - {}
RESULT: {}
RESULT: {"using":"css selector","value":"#requestCreationDialog--createRequestPopUp-title-inner"}
COMMAND: POST /session/a7b0557425261f11a09d542055100e7c/execute/async - {"script":"<script> [1562 bytes]","args":[{"selector":{"id":"requestCreationDialog--requestName","searchOpenDialogs":true,"interaction":{"idSuffix":"inner"}},"wdio_ui5_key":"requestCreationDialogrequestName"}]}
RESULT: {}
RESULT: {"script":"<script> [1562 bytes]","args":[{"selector":{"id":"requestCreationDialog--requestName","searchOpenDialogs":true,"interaction":{"idSuffix":"inner"}},"wdio_ui5_key":"requestCreationDialogrequestName"}]}
RESULT: undefined
COMMAND: POST /session/a7b0557425261f11a09d542055100e7c/execute/async - {"script":"<script> [776 bytes]","args":[{"enterText":"WebdriverTest","selector":{"id":"requestCreationDialog--requestName","searchOpenDialogs":true,"interaction":{"idSuffix":"inner"}},"clearTextFirst":true,"interactionType":"ENTER_TEXT"}]}
RESULT: {"script":"<script> [776 bytes]","args":[{"enterText":"WebdriverTest","selector":{"id":"requestCreationDialog--requestName","searchOpenDialogs":true,"interaction":{"idSuffix":"inner"}},"clearTextFirst":true,"interactionType":"ENTER_TEXT"}]}
COMMAND: POST /session/a7b0557425261f11a09d542055100e7c/element - {"using":"xpath","value":"//input[contains(@id ,\"requestCreationDialog--yardId-inner\")]"}
RESULT: {"using":"xpath","value":"//input[contains(@id ,\"requestCreationDialog--yardId-inner\")]"}
COMMAND: POST /session/a7b0557425261f11a09d542055100e7c/element/f.5C65E3028755DB4580F909E5F2E770AF.d.59571B364A9D2276F28F1A8B825021DB.e.1745/clear - {}
RESULT: {}
COMMAND: POST /session/a7b0557425261f11a09d542055100e7c/element/f.5C65E3028755DB4580F909E5F2E770AF.d.59571B364A9D2276F28F1A8B825021DB.e.1745/value - {"text":"101"}
COMMAND: GET /session/a7b0557425261f11a09d542055100e7c/screenshot - {}
RESULT: {"text":"101"}
COMMAND: GET /session/a7b0557425261f11a09d542055100e7c/screenshot - {}
RESULT: {}
RESULT: {}
COMMAND: POST /session/a7b0557425261f11a09d542055100e7c/execute/async - {"script":"<script> [1562 bytes]","args":[{"selector":{"id":"requestCreationDialog--okButton","searchOpenDialogs":true,"interaction":{"idSuffix":"BDI-content"}},"wdio_ui5_key":"requestCreationDialogokButton"}]}
RESULT: {"script":"<script> [1562 bytes]","args":[{"selector":{"id":"requestCreationDialog--okButton","searchOpenDialogs":true,"interaction":{"idSuffix":"BDI-content"}},"wdio_ui5_key":"requestCreationDialogokButton"}]}
RESULT: undefined
COMMAND: POST /session/a7b0557425261f11a09d542055100e7c/element - {"using":"xpath","value":"//*[@id=\"requestCreationDialog--okButton\"]"}
RESULT: {"using":"xpath","value":"//*[@id=\"requestCreationDialog--okButton\"]"}
COMMAND: POST /session/a7b0557425261f11a09d542055100e7c/element/f.5C65E3028755DB4580F909E5F2E770AF.d.59571B364A9D2276F28F1A8B825021DB.e.1762/click - {}
RESULT: {}
COMMAND: GET /session/a7b0557425261f11a09d542055100e7c/screenshot - {}
RESULT: {}
COMMAND: POST /session/a7b0557425261f11a09d542055100e7c/element - {"using":"xpath","value":"//input[contains(@id ,\"searchFiledId-I\")]"}
RESULT: {"using":"xpath","value":"//input[contains(@id ,\"searchFiledId-I\")]"}
COMMAND: POST /session/a7b0557425261f11a09d542055100e7c/element/f.5C65E3028755DB4580F909E5F2E770AF.d.59571B364A9D2276F28F1A8B825021DB.e.1734/value - {"text":"catalogItemnhmwrh"}
RESULT: {"text":"catalogItemnhmwrh"}
COMMAND: POST /session/a7b0557425261f11a09d542055100e7c/actions - {"actions":[{"id":"action7","type":"key","parameters":{},"actions":[{"type":"keyDown","value":""},{"type":"pause","duration":10},{"type":"keyUp","value":""}]}]}
COMMAND: GET /session/a7b0557425261f11a09d542055100e7c/screenshot - {}
RESULT: {"actions":[{"id":"action7","type":"key","parameters":{},"actions":[{"type":"keyDown","value":""},{"type":"pause","duration":10},{"type":"keyUp","value":""}]}]}
COMMAND: GET /session/a7b0557425261f11a09d542055100e7c/screenshot - {}
RESULT: {}
RESULT: {}
COMMAND: POST /session/a7b0557425261f11a09d542055100e7c/element - {"using":"xpath","value":"//span[contains(@id ,\"subTitle\")][contains(text(), \"catalogItemnhmwrh\")]"}
RESULT: {"using":"xpath","value":"//span[contains(@id ,\"subTitle\")][contains(text(), \"catalogItemnhmwrh\")]"}
COMMAND: POST /session/a7b0557425261f11a09d542055100e7c/element - {"using":"xpath","value":"//span[contains(@id ,\"subTitle\")][contains(text(), \"catalogItemnhmwrh\")]"}
RESULT: {"using":"xpath","value":"//span[contains(@id ,\"subTitle\")][contains(text(), \"catalogItemnhmwrh\")]"}
COMMAND: POST /session/a7b0557425261f11a09d542055100e7c/execute/async - {"script":"<script> [1562 bytes]","args":[{"selector":{"controlType":"sap.tnt.NavigationListItem","viewName":"etm.portal.ui.webshop.view.Homepage","i18NText":{"propertyName":"text","key":"exit"},"interaction":{"idSuffix":"a"}},"wdio_ui5_key":"etmportal.ui.webshop.view.Homepagesap.tnt.NavigationListItem{\"propertyName\":\"text\",\"key\":\"exit\"}"}]}
RESULT: {"script":"<script> [1562 bytes]","args":[{"selector":{"controlType":"sap.tnt.NavigationListItem","viewName":"etm.portal.ui.webshop.view.Homepage","i18NText":{"propertyName":"text","key":"exit"},"interaction":{"idSuffix":"a"}},"wdio_ui5_key":"etmportal.ui.webshop.view.Homepagesap.tnt.NavigationListItem{\"propertyName\":\"text\",\"key\":\"exit\"}"}]}
RESULT: undefined
COMMAND: POST /session/a7b0557425261f11a09d542055100e7c/element - {"using":"xpath","value":"//*[@id=\"__item285\"]"}
RESULT: {"using":"xpath","value":"//*[@id=\"__item285\"]"}
COMMAND: POST /session/a7b0557425261f11a09d542055100e7c/element/f.5C65E3028755DB4580F909E5F2E770AF.d.59571B364A9D2276F28F1A8B825021DB.e.1770/click - {}
RESULT: {}
]]></system-out>
    </testcase>
  </testsuite>
  <testsuite timestamp="2025-06-01T15:52:25" time="133.492" tests="1" failures="1" errors="1" skipped="0">
    <properties>
      <property name="specId" value="0"/>
      <property name="suiteName" value="Catalogs section"/>
      <property name="capabilities" value="chrome.136_0_7103_93.windows"/>
      <property name="file" value="file:///D:/a/1/s/test/specs/R2C/manage-catalogs-values-section.spec.js"/>
    </properties>
    <testcase classname="chrome.136_0_7103_93.windows.Catalogs_section" name="Should add values to a catalog item" time="133.481">
      <failure/>
      <error message="Can't call click on element with selector &quot;(//span[contains(text(), &quot;SecondSectionhndxj&quot;)])[1]&quot; because element wasn't found"/>
      <system-out><![CDATA[
COMMAND: POST /session/a7b0557425261f11a09d542055100e7c/element - {"using":"xpath","value":"//span[contains(@id ,\"requestCreationDialog--createRequestPopUp-title-inner\")]"}
COMMAND: GET /session/a7b0557425261f11a09d542055100e7c/screenshot - {}
RESULT: {"using":"xpath","value":"//span[contains(@id ,\"requestCreationDialog--createRequestPopUp-title-inner\")]"}
COMMAND: POST /session/a7b0557425261f11a09d542055100e7c/elements - {"using":"xpath","value":"//span[contains(@id ,\"requestCreationDialog--createRequestPopUp-title-inner\")]"}
RESULT: {}
RESULT: {"using":"xpath","value":"//span[contains(@id ,\"requestCreationDialog--createRequestPopUp-title-inner\")]"}
COMMAND: POST /session/a7b0557425261f11a09d542055100e7c/execute/async - {"script":"<script> [1562 bytes]","args":[{"selector":{"controlType":"sap.m.GenericTile","properties":{"header":"Manage Catalogs"}},"wdio_ui5_key":"sapm.GenericTile{\"header\":\"Manage Catalogs\"}"}]}
RESULT: {"script":"<script> [1562 bytes]","args":[{"selector":{"controlType":"sap.m.GenericTile","properties":{"header":"Manage Catalogs"}},"wdio_ui5_key":"sapm.GenericTile{\"header\":\"Manage Catalogs\"}"}]}
RESULT: undefined
COMMAND: POST /session/a7b0557425261f11a09d542055100e7c/element - {"using":"xpath","value":"//*[@id=\"__tile37\"]"}
RESULT: {"using":"xpath","value":"//*[@id=\"__tile37\"]"}
COMMAND: POST /session/a7b0557425261f11a09d542055100e7c/element/f.5C65E3028755DB4580F909E5F2E770AF.d.59571B364A9D2276F28F1A8B825021DB.e.1781/click - {}
RESULT: {}
COMMAND: GET /session/a7b0557425261f11a09d542055100e7c/screenshot - {}
RESULT: {}
COMMAND: POST /session/a7b0557425261f11a09d542055100e7c/elements - {"using":"xpath","value":"//span[text()='Error']"}
RESULT: {"using":"xpath","value":"//span[text()='Error']"}
COMMAND: POST /session/a7b0557425261f11a09d542055100e7c/refresh - {}
RESULT: {}
COMMAND: GET /session/a7b0557425261f11a09d542055100e7c/screenshot - {}
RESULT: {}
COMMAND: POST /session/a7b0557425261f11a09d542055100e7c/execute/async - {"script":"<script> [189 bytes]","args":[]}
RESULT: {"script":"<script> [189 bytes]","args":[]}
COMMAND: POST /session/a7b0557425261f11a09d542055100e7c/execute/async - {"script":"<script> [123 bytes]","args":[]}
RESULT: {"script":"<script> [123 bytes]","args":[]}
COMMAND: POST /session/a7b0557425261f11a09d542055100e7c/timeouts - {"script":"<number>"}
RESULT: {"script":"<number>"}
COMMAND: GET /session/a7b0557425261f11a09d542055100e7c/timeouts - {}
RESULT: {}
RESULT: undefined
COMMAND: POST /session/a7b0557425261f11a09d542055100e7c/execute/async - {"script":"<script> [2676 bytes]","args":[]}
RESULT: {"script":"<script> [2676 bytes]","args":[]}
COMMAND: POST /session/a7b0557425261f11a09d542055100e7c/execute/async - {"script":"<script> [2342 bytes]","args":[{"protocol":"http","hostname":"0.0.0.0","path":"/","capabilities":{"browserName":"chrome","goog:chromeOptions":{"binary":"C:\\Program Files\\Google\\Chrome\\Application\\chrome.exe","args":["--start-maximized"]}},"logLevel":"warn","connectionRetryTimeout":120000,"connectionRetryCount":3,"logLevels":{},"enableDirectConnect":true,"strictSSL":true,"_":"65 more keys: [\"cacheDir\",\"port\",\"requestedCapabilities\",\"automationProtocol\",\"baseUrl\",\"waitforInterval\",\"waitforTimeout\",\"onReload\",\"beforeCommand\",\"afterCommand\",\"rootDir\",\"specs\",\"suites\",\"exclude\",\"groupLogsByTestSpec\",\"excludeDriverLogs\",\"bail\",\"framework\",\"reporters\",\"services\",\"maxInstances\",\"maxInstancesPerCapability\",\"injectGlobals\",\"filesToWatch\",\"execArgv\",\"runnerEnv\",\"runner\",\"shard\",\"specFileRetries\",\"specFileRetriesDelay\",\"specFileRetriesDeferred\",\"reporterSyncInterval\",\"reporterSyncTimeout\",\"cucumberFeaturesWithLineNumbers\",\"autoCompileOpts\",\"mochaOpts\",\"jasmineOpts\",\"cucumberOpts\",\"onPrepare\",\"onWorkerStart\",\"onWorkerEnd\",\"before\",\"beforeSession\",\"beforeSuite\",\"beforeHook\",\"beforeTest\",\"afterTest\",\"afterHook\",\"afterSuite\",\"afterSession\",\"after\",\"onComplete\",\"beforeAssertion\",\"afterAssertion\",\"beforeFeature\",\"beforeScenario\",\"beforeStep\",\"afterStep\",\"afterScenario\",\"afterFeature\",\"_\",\"suite\",\"$0\",\"ignoredWorkerServices\",\"wdi5\"]"}]}
RESULT: {"script":"<script> [2342 bytes]","args":[{"protocol":"http","hostname":"0.0.0.0","path":"/","capabilities":{"browserName":"chrome","goog:chromeOptions":{"binary":"C:\\Program Files\\Google\\Chrome\\Application\\chrome.exe","args":["--start-maximized"]}},"logLevel":"warn","connectionRetryTimeout":120000,"connectionRetryCount":3,"logLevels":{},"enableDirectConnect":true,"strictSSL":true,"_":"65 more keys: [\"cacheDir\",\"port\",\"requestedCapabilities\",\"automationProtocol\",\"baseUrl\",\"waitforInterval\",\"waitforTimeout\",\"onReload\",\"beforeCommand\",\"afterCommand\",\"rootDir\",\"specs\",\"suites\",\"exclude\",\"groupLogsByTestSpec\",\"excludeDriverLogs\",\"bail\",\"framework\",\"reporters\",\"services\",\"maxInstances\",\"maxInstancesPerCapability\",\"injectGlobals\",\"filesToWatch\",\"execArgv\",\"runnerEnv\",\"runner\",\"shard\",\"specFileRetries\",\"specFileRetriesDelay\",\"specFileRetriesDeferred\",\"reporterSyncInterval\",\"reporterSyncTimeout\",\"cucumberFeaturesWithLineNumbers\",\"autoCompileOpts\",\"mochaOpts\",\"jasmineOpts\",\"cucumberOpts\",\"onPrepare\",\"onWorkerStart\",\"onWorkerEnd\",\"before\",\"beforeSession\",\"beforeSuite\",\"beforeHook\",\"beforeTest\",\"afterTest\",\"afterHook\",\"afterSuite\",\"afterSession\",\"after\",\"onComplete\",\"beforeAssertion\",\"afterAssertion\",\"beforeFeature\",\"beforeScenario\",\"beforeStep\",\"afterStep\",\"afterScenario\",\"afterFeature\",\"_\",\"suite\",\"$0\",\"ignoredWorkerServices\",\"wdi5\"]"}]}
COMMAND: POST /session/a7b0557425261f11a09d542055100e7c/execute/async - {"script":"<script> [21126 bytes]","args":[35000]}
RESULT: {"script":"<script> [21126 bytes]","args":[35000]}
COMMAND: POST /session/a7b0557425261f11a09d542055100e7c/element - {"using":"xpath","value":"//span[contains(text(), \"Webshop Catalog\")][contains(@id ,\"masterCatalogs\")]"}
RESULT: {"using":"xpath","value":"//span[contains(text(), \"Webshop Catalog\")][contains(@id ,\"masterCatalogs\")]"}
COMMAND: POST /session/a7b0557425261f11a09d542055100e7c/elements - {"using":"xpath","value":"//span[contains(text(), \"Webshop Catalog\")][contains(@id ,\"masterCatalogs\")]"}
RESULT: {"using":"xpath","value":"//span[contains(text(), \"Webshop Catalog\")][contains(@id ,\"masterCatalogs\")]"}
COMMAND: POST /session/a7b0557425261f11a09d542055100e7c/elements - {"using":"xpath","value":"//span[contains(text(), \"Webshop Catalog\")][contains(@id ,\"masterCatalogs\")]"}
RESULT: {"using":"xpath","value":"//span[contains(text(), \"Webshop Catalog\")][contains(@id ,\"masterCatalogs\")]"}
COMMAND: POST /session/a7b0557425261f11a09d542055100e7c/elements - {"using":"xpath","value":"//span[contains(text(), \"Webshop Catalog\")][contains(@id ,\"masterCatalogs\")]"}
RESULT: {"using":"xpath","value":"//span[contains(text(), \"Webshop Catalog\")][contains(@id ,\"masterCatalogs\")]"}
COMMAND: POST /session/a7b0557425261f11a09d542055100e7c/elements - {"using":"xpath","value":"//span[contains(text(), \"Webshop Catalog\")][contains(@id ,\"masterCatalogs\")]"}
RESULT: {"using":"xpath","value":"//span[contains(text(), \"Webshop Catalog\")][contains(@id ,\"masterCatalogs\")]"}
COMMAND: POST /session/a7b0557425261f11a09d542055100e7c/elements - {"using":"xpath","value":"//span[contains(text(), \"Webshop Catalog\")][contains(@id ,\"masterCatalogs\")]"}
RESULT: {"using":"xpath","value":"//span[contains(text(), \"Webshop Catalog\")][contains(@id ,\"masterCatalogs\")]"}
COMMAND: POST /session/a7b0557425261f11a09d542055100e7c/elements - {"using":"xpath","value":"//span[contains(text(), \"Webshop Catalog\")][contains(@id ,\"masterCatalogs\")]"}
RESULT: {"using":"xpath","value":"//span[contains(text(), \"Webshop Catalog\")][contains(@id ,\"masterCatalogs\")]"}
COMMAND: POST /session/a7b0557425261f11a09d542055100e7c/elements - {"using":"xpath","value":"//span[contains(text(), \"Webshop Catalog\")][contains(@id ,\"masterCatalogs\")]"}
RESULT: {"using":"xpath","value":"//span[contains(text(), \"Webshop Catalog\")][contains(@id ,\"masterCatalogs\")]"}
COMMAND: POST /session/a7b0557425261f11a09d542055100e7c/elements - {"using":"xpath","value":"//span[contains(text(), \"Webshop Catalog\")][contains(@id ,\"masterCatalogs\")]"}
RESULT: {"using":"xpath","value":"//span[contains(text(), \"Webshop Catalog\")][contains(@id ,\"masterCatalogs\")]"}
COMMAND: POST /session/a7b0557425261f11a09d542055100e7c/elements - {"using":"xpath","value":"//span[contains(text(), \"Webshop Catalog\")][contains(@id ,\"masterCatalogs\")]"}
RESULT: {"using":"xpath","value":"//span[contains(text(), \"Webshop Catalog\")][contains(@id ,\"masterCatalogs\")]"}
COMMAND: POST /session/a7b0557425261f11a09d542055100e7c/elements - {"using":"xpath","value":"//span[contains(text(), \"Webshop Catalog\")][contains(@id ,\"masterCatalogs\")]"}
RESULT: {"using":"xpath","value":"//span[contains(text(), \"Webshop Catalog\")][contains(@id ,\"masterCatalogs\")]"}
COMMAND: POST /session/a7b0557425261f11a09d542055100e7c/elements - {"using":"xpath","value":"//span[contains(text(), \"Webshop Catalog\")][contains(@id ,\"masterCatalogs\")]"}
RESULT: {"using":"xpath","value":"//span[contains(text(), \"Webshop Catalog\")][contains(@id ,\"masterCatalogs\")]"}
COMMAND: POST /session/a7b0557425261f11a09d542055100e7c/elements - {"using":"xpath","value":"//span[contains(text(), \"Webshop Catalog\")][contains(@id ,\"masterCatalogs\")]"}
RESULT: {"using":"xpath","value":"//span[contains(text(), \"Webshop Catalog\")][contains(@id ,\"masterCatalogs\")]"}
COMMAND: POST /session/a7b0557425261f11a09d542055100e7c/element - {"using":"xpath","value":"//span[contains(text(), \"Webshop Catalog\")][contains(@id ,\"masterCatalogs\")]"}
RESULT: {"using":"xpath","value":"//span[contains(text(), \"Webshop Catalog\")][contains(@id ,\"masterCatalogs\")]"}
COMMAND: POST /session/a7b0557425261f11a09d542055100e7c/element/f.5C65E3028755DB4580F909E5F2E770AF.d.E3DBD2DA4358375158825104A81EF749.e.1881/click - {}
RESULT: {}
COMMAND: GET /session/a7b0557425261f11a09d542055100e7c/screenshot - {}
RESULT: {}
COMMAND: POST /session/a7b0557425261f11a09d542055100e7c/element - {"using":"xpath","value":"//input[contains(@id ,\"application-managecatalogs-display-component---masterCatalogItems--searchItemsField-I\")]"}
RESULT: {"using":"xpath","value":"//input[contains(@id ,\"application-managecatalogs-display-component---masterCatalogItems--searchItemsField-I\")]"}
COMMAND: POST /session/a7b0557425261f11a09d542055100e7c/elements - {"using":"xpath","value":"//input[contains(@id ,\"application-managecatalogs-display-component---masterCatalogItems--searchItemsField-I\")]"}
RESULT: {"using":"xpath","value":"//input[contains(@id ,\"application-managecatalogs-display-component---masterCatalogItems--searchItemsField-I\")]"}
COMMAND: POST /session/a7b0557425261f11a09d542055100e7c/elements - {"using":"xpath","value":"//input[contains(@id ,\"application-managecatalogs-display-component---masterCatalogItems--searchItemsField-I\")]"}
RESULT: {"using":"xpath","value":"//input[contains(@id ,\"application-managecatalogs-display-component---masterCatalogItems--searchItemsField-I\")]"}
COMMAND: POST /session/a7b0557425261f11a09d542055100e7c/elements - {"using":"xpath","value":"//input[contains(@id ,\"application-managecatalogs-display-component---masterCatalogItems--searchItemsField-I\")]"}
RESULT: {"using":"xpath","value":"//input[contains(@id ,\"application-managecatalogs-display-component---masterCatalogItems--searchItemsField-I\")]"}
COMMAND: POST /session/a7b0557425261f11a09d542055100e7c/elements - {"using":"xpath","value":"//input[contains(@id ,\"application-managecatalogs-display-component---masterCatalogItems--searchItemsField-I\")]"}
RESULT: {"using":"xpath","value":"//input[contains(@id ,\"application-managecatalogs-display-component---masterCatalogItems--searchItemsField-I\")]"}
COMMAND: POST /session/a7b0557425261f11a09d542055100e7c/elements - {"using":"xpath","value":"//input[contains(@id ,\"application-managecatalogs-display-component---masterCatalogItems--searchItemsField-I\")]"}
RESULT: {"using":"xpath","value":"//input[contains(@id ,\"application-managecatalogs-display-component---masterCatalogItems--searchItemsField-I\")]"}
COMMAND: POST /session/a7b0557425261f11a09d542055100e7c/element - {"using":"xpath","value":"//input[contains(@id ,\"application-managecatalogs-display-component---masterCatalogItems--searchItemsField-I\")]"}
RESULT: {"using":"xpath","value":"//input[contains(@id ,\"application-managecatalogs-display-component---masterCatalogItems--searchItemsField-I\")]"}
COMMAND: POST /session/a7b0557425261f11a09d542055100e7c/element/f.5C65E3028755DB4580F909E5F2E770AF.d.E3DBD2DA4358375158825104A81EF749.e.1886/value - {"text":"SecondSectionhndxj"}
RESULT: {"text":"SecondSectionhndxj"}
COMMAND: POST /session/a7b0557425261f11a09d542055100e7c/actions - {"actions":[{"id":"action8","type":"key","parameters":{},"actions":[{"type":"keyDown","value":""},{"type":"pause","duration":10},{"type":"keyUp","value":""}]}]}
COMMAND: GET /session/a7b0557425261f11a09d542055100e7c/screenshot - {}
RESULT: {"actions":[{"id":"action8","type":"key","parameters":{},"actions":[{"type":"keyDown","value":""},{"type":"pause","duration":10},{"type":"keyUp","value":""}]}]}
COMMAND: GET /session/a7b0557425261f11a09d542055100e7c/screenshot - {}
RESULT: {}
RESULT: {}
COMMAND: POST /session/a7b0557425261f11a09d542055100e7c/element - {"using":"xpath","value":"(//span[contains(text(), \"SecondSectionhndxj\")])[1]"}
RESULT: {"using":"xpath","value":"(//span[contains(text(), \"SecondSectionhndxj\")])[1]"}
COMMAND: POST /session/a7b0557425261f11a09d542055100e7c/elements - {"using":"xpath","value":"(//span[contains(text(), \"SecondSectionhndxj\")])[1]"}
RESULT: {"using":"xpath","value":"(//span[contains(text(), \"SecondSectionhndxj\")])[1]"}
COMMAND: POST /session/a7b0557425261f11a09d542055100e7c/elements - {"using":"xpath","value":"(//span[contains(text(), \"SecondSectionhndxj\")])[1]"}
RESULT: {"using":"xpath","value":"(//span[contains(text(), \"SecondSectionhndxj\")])[1]"}
COMMAND: POST /session/a7b0557425261f11a09d542055100e7c/elements - {"using":"xpath","value":"(//span[contains(text(), \"SecondSectionhndxj\")])[1]"}
RESULT: {"using":"xpath","value":"(//span[contains(text(), \"SecondSectionhndxj\")])[1]"}
COMMAND: POST /session/a7b0557425261f11a09d542055100e7c/elements - {"using":"xpath","value":"(//span[contains(text(), \"SecondSectionhndxj\")])[1]"}
RESULT: {"using":"xpath","value":"(//span[contains(text(), \"SecondSectionhndxj\")])[1]"}
COMMAND: POST /session/a7b0557425261f11a09d542055100e7c/elements - {"using":"xpath","value":"(//span[contains(text(), \"SecondSectionhndxj\")])[1]"}
RESULT: {"using":"xpath","value":"(//span[contains(text(), \"SecondSectionhndxj\")])[1]"}
COMMAND: POST /session/a7b0557425261f11a09d542055100e7c/elements - {"using":"xpath","value":"(//span[contains(text(), \"SecondSectionhndxj\")])[1]"}
RESULT: {"using":"xpath","value":"(//span[contains(text(), \"SecondSectionhndxj\")])[1]"}
COMMAND: POST /session/a7b0557425261f11a09d542055100e7c/elements - {"using":"xpath","value":"(//span[contains(text(), \"SecondSectionhndxj\")])[1]"}
RESULT: {"using":"xpath","value":"(//span[contains(text(), \"SecondSectionhndxj\")])[1]"}
COMMAND: POST /session/a7b0557425261f11a09d542055100e7c/elements - {"using":"xpath","value":"(//span[contains(text(), \"SecondSectionhndxj\")])[1]"}
RESULT: {"using":"xpath","value":"(//span[contains(text(), \"SecondSectionhndxj\")])[1]"}
COMMAND: POST /session/a7b0557425261f11a09d542055100e7c/elements - {"using":"xpath","value":"(//span[contains(text(), \"SecondSectionhndxj\")])[1]"}
RESULT: {"using":"xpath","value":"(//span[contains(text(), \"SecondSectionhndxj\")])[1]"}
COMMAND: POST /session/a7b0557425261f11a09d542055100e7c/elements - {"using":"xpath","value":"(//span[contains(text(), \"SecondSectionhndxj\")])[1]"}
RESULT: {"using":"xpath","value":"(//span[contains(text(), \"SecondSectionhndxj\")])[1]"}
COMMAND: POST /session/a7b0557425261f11a09d542055100e7c/elements - {"using":"xpath","value":"(//span[contains(text(), \"SecondSectionhndxj\")])[1]"}
RESULT: {"using":"xpath","value":"(//span[contains(text(), \"SecondSectionhndxj\")])[1]"}
COMMAND: POST /session/a7b0557425261f11a09d542055100e7c/elements - {"using":"xpath","value":"(//span[contains(text(), \"SecondSectionhndxj\")])[1]"}
RESULT: {"using":"xpath","value":"(//span[contains(text(), \"SecondSectionhndxj\")])[1]"}
COMMAND: POST /session/a7b0557425261f11a09d542055100e7c/elements - {"using":"xpath","value":"(//span[contains(text(), \"SecondSectionhndxj\")])[1]"}
RESULT: {"using":"xpath","value":"(//span[contains(text(), \"SecondSectionhndxj\")])[1]"}
COMMAND: POST /session/a7b0557425261f11a09d542055100e7c/elements - {"using":"xpath","value":"(//span[contains(text(), \"SecondSectionhndxj\")])[1]"}
RESULT: {"using":"xpath","value":"(//span[contains(text(), \"SecondSectionhndxj\")])[1]"}
COMMAND: POST /session/a7b0557425261f11a09d542055100e7c/elements - {"using":"xpath","value":"(//span[contains(text(), \"SecondSectionhndxj\")])[1]"}
RESULT: {"using":"xpath","value":"(//span[contains(text(), \"SecondSectionhndxj\")])[1]"}
COMMAND: POST /session/a7b0557425261f11a09d542055100e7c/elements - {"using":"xpath","value":"(//span[contains(text(), \"SecondSectionhndxj\")])[1]"}
RESULT: {"using":"xpath","value":"(//span[contains(text(), \"SecondSectionhndxj\")])[1]"}
COMMAND: POST /session/a7b0557425261f11a09d542055100e7c/elements - {"using":"xpath","value":"(//span[contains(text(), \"SecondSectionhndxj\")])[1]"}
RESULT: {"using":"xpath","value":"(//span[contains(text(), \"SecondSectionhndxj\")])[1]"}
COMMAND: POST /session/a7b0557425261f11a09d542055100e7c/elements - {"using":"xpath","value":"(//span[contains(text(), \"SecondSectionhndxj\")])[1]"}
RESULT: {"using":"xpath","value":"(//span[contains(text(), \"SecondSectionhndxj\")])[1]"}
COMMAND: POST /session/a7b0557425261f11a09d542055100e7c/elements - {"using":"xpath","value":"(//span[contains(text(), \"SecondSectionhndxj\")])[1]"}
RESULT: {"using":"xpath","value":"(//span[contains(text(), \"SecondSectionhndxj\")])[1]"}
COMMAND: POST /session/a7b0557425261f11a09d542055100e7c/elements - {"using":"xpath","value":"(//span[contains(text(), \"SecondSectionhndxj\")])[1]"}
RESULT: {"using":"xpath","value":"(//span[contains(text(), \"SecondSectionhndxj\")])[1]"}
COMMAND: POST /session/a7b0557425261f11a09d542055100e7c/elements - {"using":"xpath","value":"(//span[contains(text(), \"SecondSectionhndxj\")])[1]"}
RESULT: {"using":"xpath","value":"(//span[contains(text(), \"SecondSectionhndxj\")])[1]"}
COMMAND: POST /session/a7b0557425261f11a09d542055100e7c/elements - {"using":"xpath","value":"(//span[contains(text(), \"SecondSectionhndxj\")])[1]"}
RESULT: {"using":"xpath","value":"(//span[contains(text(), \"SecondSectionhndxj\")])[1]"}
COMMAND: POST /session/a7b0557425261f11a09d542055100e7c/elements - {"using":"xpath","value":"(//span[contains(text(), \"SecondSectionhndxj\")])[1]"}
RESULT: {"using":"xpath","value":"(//span[contains(text(), \"SecondSectionhndxj\")])[1]"}
COMMAND: POST /session/a7b0557425261f11a09d542055100e7c/elements - {"using":"xpath","value":"(//span[contains(text(), \"SecondSectionhndxj\")])[1]"}
RESULT: {"using":"xpath","value":"(//span[contains(text(), \"SecondSectionhndxj\")])[1]"}
COMMAND: POST /session/a7b0557425261f11a09d542055100e7c/elements - {"using":"xpath","value":"(//span[contains(text(), \"SecondSectionhndxj\")])[1]"}
RESULT: {"using":"xpath","value":"(//span[contains(text(), \"SecondSectionhndxj\")])[1]"}
COMMAND: POST /session/a7b0557425261f11a09d542055100e7c/elements - {"using":"xpath","value":"(//span[contains(text(), \"SecondSectionhndxj\")])[1]"}
RESULT: {"using":"xpath","value":"(//span[contains(text(), \"SecondSectionhndxj\")])[1]"}
COMMAND: POST /session/a7b0557425261f11a09d542055100e7c/elements - {"using":"xpath","value":"(//span[contains(text(), \"SecondSectionhndxj\")])[1]"}
RESULT: {"using":"xpath","value":"(//span[contains(text(), \"SecondSectionhndxj\")])[1]"}
COMMAND: POST /session/a7b0557425261f11a09d542055100e7c/elements - {"using":"xpath","value":"(//span[contains(text(), \"SecondSectionhndxj\")])[1]"}
RESULT: {"using":"xpath","value":"(//span[contains(text(), \"SecondSectionhndxj\")])[1]"}
COMMAND: POST /session/a7b0557425261f11a09d542055100e7c/elements - {"using":"xpath","value":"(//span[contains(text(), \"SecondSectionhndxj\")])[1]"}
RESULT: {"using":"xpath","value":"(//span[contains(text(), \"SecondSectionhndxj\")])[1]"}
COMMAND: POST /session/a7b0557425261f11a09d542055100e7c/elements - {"using":"xpath","value":"(//span[contains(text(), \"SecondSectionhndxj\")])[1]"}
RESULT: {"using":"xpath","value":"(//span[contains(text(), \"SecondSectionhndxj\")])[1]"}
COMMAND: POST /session/a7b0557425261f11a09d542055100e7c/elements - {"using":"xpath","value":"(//span[contains(text(), \"SecondSectionhndxj\")])[1]"}
RESULT: {"using":"xpath","value":"(//span[contains(text(), \"SecondSectionhndxj\")])[1]"}
COMMAND: POST /session/a7b0557425261f11a09d542055100e7c/elements - {"using":"xpath","value":"(//span[contains(text(), \"SecondSectionhndxj\")])[1]"}
RESULT: {"using":"xpath","value":"(//span[contains(text(), \"SecondSectionhndxj\")])[1]"}
COMMAND: POST /session/a7b0557425261f11a09d542055100e7c/elements - {"using":"xpath","value":"(//span[contains(text(), \"SecondSectionhndxj\")])[1]"}
RESULT: {"using":"xpath","value":"(//span[contains(text(), \"SecondSectionhndxj\")])[1]"}
COMMAND: POST /session/a7b0557425261f11a09d542055100e7c/elements - {"using":"xpath","value":"(//span[contains(text(), \"SecondSectionhndxj\")])[1]"}
RESULT: {"using":"xpath","value":"(//span[contains(text(), \"SecondSectionhndxj\")])[1]"}
COMMAND: POST /session/a7b0557425261f11a09d542055100e7c/elements - {"using":"xpath","value":"(//span[contains(text(), \"SecondSectionhndxj\")])[1]"}
RESULT: {"using":"xpath","value":"(//span[contains(text(), \"SecondSectionhndxj\")])[1]"}
COMMAND: POST /session/a7b0557425261f11a09d542055100e7c/elements - {"using":"xpath","value":"(//span[contains(text(), \"SecondSectionhndxj\")])[1]"}
RESULT: {"using":"xpath","value":"(//span[contains(text(), \"SecondSectionhndxj\")])[1]"}
COMMAND: POST /session/a7b0557425261f11a09d542055100e7c/elements - {"using":"xpath","value":"(//span[contains(text(), \"SecondSectionhndxj\")])[1]"}
RESULT: {"using":"xpath","value":"(//span[contains(text(), \"SecondSectionhndxj\")])[1]"}
COMMAND: POST /session/a7b0557425261f11a09d542055100e7c/elements - {"using":"xpath","value":"(//span[contains(text(), \"SecondSectionhndxj\")])[1]"}
RESULT: {"using":"xpath","value":"(//span[contains(text(), \"SecondSectionhndxj\")])[1]"}
COMMAND: POST /session/a7b0557425261f11a09d542055100e7c/elements - {"using":"xpath","value":"(//span[contains(text(), \"SecondSectionhndxj\")])[1]"}
RESULT: {"using":"xpath","value":"(//span[contains(text(), \"SecondSectionhndxj\")])[1]"}
COMMAND: POST /session/a7b0557425261f11a09d542055100e7c/elements - {"using":"xpath","value":"(//span[contains(text(), \"SecondSectionhndxj\")])[1]"}
RESULT: {"using":"xpath","value":"(//span[contains(text(), \"SecondSectionhndxj\")])[1]"}
COMMAND: POST /session/a7b0557425261f11a09d542055100e7c/elements - {"using":"xpath","value":"(//span[contains(text(), \"SecondSectionhndxj\")])[1]"}
RESULT: {"using":"xpath","value":"(//span[contains(text(), \"SecondSectionhndxj\")])[1]"}
COMMAND: POST /session/a7b0557425261f11a09d542055100e7c/elements - {"using":"xpath","value":"(//span[contains(text(), \"SecondSectionhndxj\")])[1]"}
RESULT: {"using":"xpath","value":"(//span[contains(text(), \"SecondSectionhndxj\")])[1]"}
COMMAND: POST /session/a7b0557425261f11a09d542055100e7c/elements - {"using":"xpath","value":"(//span[contains(text(), \"SecondSectionhndxj\")])[1]"}
RESULT: {"using":"xpath","value":"(//span[contains(text(), \"SecondSectionhndxj\")])[1]"}
COMMAND: POST /session/a7b0557425261f11a09d542055100e7c/elements - {"using":"xpath","value":"(//span[contains(text(), \"SecondSectionhndxj\")])[1]"}
RESULT: {"using":"xpath","value":"(//span[contains(text(), \"SecondSectionhndxj\")])[1]"}
COMMAND: POST /session/a7b0557425261f11a09d542055100e7c/elements - {"using":"xpath","value":"(//span[contains(text(), \"SecondSectionhndxj\")])[1]"}
RESULT: {"using":"xpath","value":"(//span[contains(text(), \"SecondSectionhndxj\")])[1]"}
COMMAND: POST /session/a7b0557425261f11a09d542055100e7c/elements - {"using":"xpath","value":"(//span[contains(text(), \"SecondSectionhndxj\")])[1]"}
RESULT: {"using":"xpath","value":"(//span[contains(text(), \"SecondSectionhndxj\")])[1]"}
COMMAND: POST /session/a7b0557425261f11a09d542055100e7c/elements - {"using":"xpath","value":"(//span[contains(text(), \"SecondSectionhndxj\")])[1]"}
RESULT: {"using":"xpath","value":"(//span[contains(text(), \"SecondSectionhndxj\")])[1]"}
COMMAND: POST /session/a7b0557425261f11a09d542055100e7c/elements - {"using":"xpath","value":"(//span[contains(text(), \"SecondSectionhndxj\")])[1]"}
RESULT: {"using":"xpath","value":"(//span[contains(text(), \"SecondSectionhndxj\")])[1]"}
COMMAND: POST /session/a7b0557425261f11a09d542055100e7c/elements - {"using":"xpath","value":"(//span[contains(text(), \"SecondSectionhndxj\")])[1]"}
RESULT: {"using":"xpath","value":"(//span[contains(text(), \"SecondSectionhndxj\")])[1]"}
COMMAND: POST /session/a7b0557425261f11a09d542055100e7c/elements - {"using":"xpath","value":"(//span[contains(text(), \"SecondSectionhndxj\")])[1]"}
RESULT: {"using":"xpath","value":"(//span[contains(text(), \"SecondSectionhndxj\")])[1]"}
COMMAND: POST /session/a7b0557425261f11a09d542055100e7c/elements - {"using":"xpath","value":"(//span[contains(text(), \"SecondSectionhndxj\")])[1]"}
RESULT: {"using":"xpath","value":"(//span[contains(text(), \"SecondSectionhndxj\")])[1]"}
COMMAND: POST /session/a7b0557425261f11a09d542055100e7c/elements - {"using":"xpath","value":"(//span[contains(text(), \"SecondSectionhndxj\")])[1]"}
RESULT: {"using":"xpath","value":"(//span[contains(text(), \"SecondSectionhndxj\")])[1]"}
COMMAND: POST /session/a7b0557425261f11a09d542055100e7c/elements - {"using":"xpath","value":"(//span[contains(text(), \"SecondSectionhndxj\")])[1]"}
RESULT: {"using":"xpath","value":"(//span[contains(text(), \"SecondSectionhndxj\")])[1]"}
COMMAND: POST /session/a7b0557425261f11a09d542055100e7c/elements - {"using":"xpath","value":"(//span[contains(text(), \"SecondSectionhndxj\")])[1]"}
RESULT: {"using":"xpath","value":"(//span[contains(text(), \"SecondSectionhndxj\")])[1]"}
COMMAND: POST /session/a7b0557425261f11a09d542055100e7c/elements - {"using":"xpath","value":"(//span[contains(text(), \"SecondSectionhndxj\")])[1]"}
RESULT: {"using":"xpath","value":"(//span[contains(text(), \"SecondSectionhndxj\")])[1]"}
COMMAND: POST /session/a7b0557425261f11a09d542055100e7c/elements - {"using":"xpath","value":"(//span[contains(text(), \"SecondSectionhndxj\")])[1]"}
RESULT: {"using":"xpath","value":"(//span[contains(text(), \"SecondSectionhndxj\")])[1]"}
COMMAND: POST /session/a7b0557425261f11a09d542055100e7c/elements - {"using":"xpath","value":"(//span[contains(text(), \"SecondSectionhndxj\")])[1]"}
RESULT: {"using":"xpath","value":"(//span[contains(text(), \"SecondSectionhndxj\")])[1]"}
COMMAND: POST /session/a7b0557425261f11a09d542055100e7c/elements - {"using":"xpath","value":"(//span[contains(text(), \"SecondSectionhndxj\")])[1]"}
RESULT: {"using":"xpath","value":"(//span[contains(text(), \"SecondSectionhndxj\")])[1]"}
COMMAND: POST /session/a7b0557425261f11a09d542055100e7c/elements - {"using":"xpath","value":"(//span[contains(text(), \"SecondSectionhndxj\")])[1]"}
RESULT: {"using":"xpath","value":"(//span[contains(text(), \"SecondSectionhndxj\")])[1]"}
COMMAND: POST /session/a7b0557425261f11a09d542055100e7c/elements - {"using":"xpath","value":"(//span[contains(text(), \"SecondSectionhndxj\")])[1]"}
RESULT: {"using":"xpath","value":"(//span[contains(text(), \"SecondSectionhndxj\")])[1]"}
COMMAND: POST /session/a7b0557425261f11a09d542055100e7c/elements - {"using":"xpath","value":"(//span[contains(text(), \"SecondSectionhndxj\")])[1]"}
RESULT: {"using":"xpath","value":"(//span[contains(text(), \"SecondSectionhndxj\")])[1]"}
COMMAND: POST /session/a7b0557425261f11a09d542055100e7c/elements - {"using":"xpath","value":"(//span[contains(text(), \"SecondSectionhndxj\")])[1]"}
RESULT: {"using":"xpath","value":"(//span[contains(text(), \"SecondSectionhndxj\")])[1]"}
COMMAND: POST /session/a7b0557425261f11a09d542055100e7c/elements - {"using":"xpath","value":"(//span[contains(text(), \"SecondSectionhndxj\")])[1]"}
RESULT: {"using":"xpath","value":"(//span[contains(text(), \"SecondSectionhndxj\")])[1]"}
COMMAND: POST /session/a7b0557425261f11a09d542055100e7c/elements - {"using":"xpath","value":"(//span[contains(text(), \"SecondSectionhndxj\")])[1]"}
RESULT: {"using":"xpath","value":"(//span[contains(text(), \"SecondSectionhndxj\")])[1]"}
COMMAND: POST /session/a7b0557425261f11a09d542055100e7c/elements - {"using":"xpath","value":"(//span[contains(text(), \"SecondSectionhndxj\")])[1]"}
RESULT: {"using":"xpath","value":"(//span[contains(text(), \"SecondSectionhndxj\")])[1]"}
COMMAND: POST /session/a7b0557425261f11a09d542055100e7c/elements - {"using":"xpath","value":"(//span[contains(text(), \"SecondSectionhndxj\")])[1]"}
RESULT: {"using":"xpath","value":"(//span[contains(text(), \"SecondSectionhndxj\")])[1]"}
COMMAND: POST /session/a7b0557425261f11a09d542055100e7c/elements - {"using":"xpath","value":"(//span[contains(text(), \"SecondSectionhndxj\")])[1]"}
RESULT: {"using":"xpath","value":"(//span[contains(text(), \"SecondSectionhndxj\")])[1]"}
COMMAND: POST /session/a7b0557425261f11a09d542055100e7c/elements - {"using":"xpath","value":"(//span[contains(text(), \"SecondSectionhndxj\")])[1]"}
RESULT: {"using":"xpath","value":"(//span[contains(text(), \"SecondSectionhndxj\")])[1]"}
COMMAND: POST /session/a7b0557425261f11a09d542055100e7c/elements - {"using":"xpath","value":"(//span[contains(text(), \"SecondSectionhndxj\")])[1]"}
RESULT: {"using":"xpath","value":"(//span[contains(text(), \"SecondSectionhndxj\")])[1]"}
COMMAND: POST /session/a7b0557425261f11a09d542055100e7c/elements - {"using":"xpath","value":"(//span[contains(text(), \"SecondSectionhndxj\")])[1]"}
RESULT: {"using":"xpath","value":"(//span[contains(text(), \"SecondSectionhndxj\")])[1]"}
COMMAND: POST /session/a7b0557425261f11a09d542055100e7c/elements - {"using":"xpath","value":"(//span[contains(text(), \"SecondSectionhndxj\")])[1]"}
RESULT: {"using":"xpath","value":"(//span[contains(text(), \"SecondSectionhndxj\")])[1]"}
COMMAND: POST /session/a7b0557425261f11a09d542055100e7c/elements - {"using":"xpath","value":"(//span[contains(text(), \"SecondSectionhndxj\")])[1]"}
RESULT: {"using":"xpath","value":"(//span[contains(text(), \"SecondSectionhndxj\")])[1]"}
COMMAND: POST /session/a7b0557425261f11a09d542055100e7c/elements - {"using":"xpath","value":"(//span[contains(text(), \"SecondSectionhndxj\")])[1]"}
RESULT: {"using":"xpath","value":"(//span[contains(text(), \"SecondSectionhndxj\")])[1]"}
COMMAND: POST /session/a7b0557425261f11a09d542055100e7c/elements - {"using":"xpath","value":"(//span[contains(text(), \"SecondSectionhndxj\")])[1]"}
RESULT: {"using":"xpath","value":"(//span[contains(text(), \"SecondSectionhndxj\")])[1]"}
COMMAND: POST /session/a7b0557425261f11a09d542055100e7c/elements - {"using":"xpath","value":"(//span[contains(text(), \"SecondSectionhndxj\")])[1]"}
RESULT: {"using":"xpath","value":"(//span[contains(text(), \"SecondSectionhndxj\")])[1]"}
COMMAND: POST /session/a7b0557425261f11a09d542055100e7c/elements - {"using":"xpath","value":"(//span[contains(text(), \"SecondSectionhndxj\")])[1]"}
RESULT: {"using":"xpath","value":"(//span[contains(text(), \"SecondSectionhndxj\")])[1]"}
COMMAND: POST /session/a7b0557425261f11a09d542055100e7c/elements - {"using":"xpath","value":"(//span[contains(text(), \"SecondSectionhndxj\")])[1]"}
RESULT: {"using":"xpath","value":"(//span[contains(text(), \"SecondSectionhndxj\")])[1]"}
COMMAND: POST /session/a7b0557425261f11a09d542055100e7c/elements - {"using":"xpath","value":"(//span[contains(text(), \"SecondSectionhndxj\")])[1]"}
RESULT: {"using":"xpath","value":"(//span[contains(text(), \"SecondSectionhndxj\")])[1]"}
COMMAND: POST /session/a7b0557425261f11a09d542055100e7c/elements - {"using":"xpath","value":"(//span[contains(text(), \"SecondSectionhndxj\")])[1]"}
RESULT: {"using":"xpath","value":"(//span[contains(text(), \"SecondSectionhndxj\")])[1]"}
COMMAND: POST /session/a7b0557425261f11a09d542055100e7c/elements - {"using":"xpath","value":"(//span[contains(text(), \"SecondSectionhndxj\")])[1]"}
RESULT: {"using":"xpath","value":"(//span[contains(text(), \"SecondSectionhndxj\")])[1]"}
COMMAND: POST /session/a7b0557425261f11a09d542055100e7c/elements - {"using":"xpath","value":"(//span[contains(text(), \"SecondSectionhndxj\")])[1]"}
RESULT: {"using":"xpath","value":"(//span[contains(text(), \"SecondSectionhndxj\")])[1]"}
COMMAND: POST /session/a7b0557425261f11a09d542055100e7c/elements - {"using":"xpath","value":"(//span[contains(text(), \"SecondSectionhndxj\")])[1]"}
RESULT: {"using":"xpath","value":"(//span[contains(text(), \"SecondSectionhndxj\")])[1]"}
COMMAND: POST /session/a7b0557425261f11a09d542055100e7c/elements - {"using":"xpath","value":"(//span[contains(text(), \"SecondSectionhndxj\")])[1]"}
RESULT: {"using":"xpath","value":"(//span[contains(text(), \"SecondSectionhndxj\")])[1]"}
COMMAND: POST /session/a7b0557425261f11a09d542055100e7c/elements - {"using":"xpath","value":"(//span[contains(text(), \"SecondSectionhndxj\")])[1]"}
RESULT: {"using":"xpath","value":"(//span[contains(text(), \"SecondSectionhndxj\")])[1]"}
COMMAND: POST /session/a7b0557425261f11a09d542055100e7c/elements - {"using":"xpath","value":"(//span[contains(text(), \"SecondSectionhndxj\")])[1]"}
RESULT: {"using":"xpath","value":"(//span[contains(text(), \"SecondSectionhndxj\")])[1]"}
COMMAND: POST /session/a7b0557425261f11a09d542055100e7c/elements - {"using":"xpath","value":"(//span[contains(text(), \"SecondSectionhndxj\")])[1]"}
RESULT: {"using":"xpath","value":"(//span[contains(text(), \"SecondSectionhndxj\")])[1]"}
COMMAND: POST /session/a7b0557425261f11a09d542055100e7c/elements - {"using":"xpath","value":"(//span[contains(text(), \"SecondSectionhndxj\")])[1]"}
RESULT: {"using":"xpath","value":"(//span[contains(text(), \"SecondSectionhndxj\")])[1]"}
COMMAND: POST /session/a7b0557425261f11a09d542055100e7c/elements - {"using":"xpath","value":"(//span[contains(text(), \"SecondSectionhndxj\")])[1]"}
RESULT: {"using":"xpath","value":"(//span[contains(text(), \"SecondSectionhndxj\")])[1]"}
COMMAND: POST /session/a7b0557425261f11a09d542055100e7c/elements - {"using":"xpath","value":"(//span[contains(text(), \"SecondSectionhndxj\")])[1]"}
RESULT: {"using":"xpath","value":"(//span[contains(text(), \"SecondSectionhndxj\")])[1]"}
COMMAND: POST /session/a7b0557425261f11a09d542055100e7c/elements - {"using":"xpath","value":"(//span[contains(text(), \"SecondSectionhndxj\")])[1]"}
RESULT: {"using":"xpath","value":"(//span[contains(text(), \"SecondSectionhndxj\")])[1]"}
COMMAND: POST /session/a7b0557425261f11a09d542055100e7c/elements - {"using":"xpath","value":"(//span[contains(text(), \"SecondSectionhndxj\")])[1]"}
RESULT: {"using":"xpath","value":"(//span[contains(text(), \"SecondSectionhndxj\")])[1]"}
COMMAND: POST /session/a7b0557425261f11a09d542055100e7c/elements - {"using":"xpath","value":"(//span[contains(text(), \"SecondSectionhndxj\")])[1]"}
RESULT: {"using":"xpath","value":"(//span[contains(text(), \"SecondSectionhndxj\")])[1]"}
COMMAND: POST /session/a7b0557425261f11a09d542055100e7c/elements - {"using":"xpath","value":"(//span[contains(text(), \"SecondSectionhndxj\")])[1]"}
RESULT: {"using":"xpath","value":"(//span[contains(text(), \"SecondSectionhndxj\")])[1]"}
COMMAND: POST /session/a7b0557425261f11a09d542055100e7c/elements - {"using":"xpath","value":"(//span[contains(text(), \"SecondSectionhndxj\")])[1]"}
RESULT: {"using":"xpath","value":"(//span[contains(text(), \"SecondSectionhndxj\")])[1]"}
COMMAND: POST /session/a7b0557425261f11a09d542055100e7c/elements - {"using":"xpath","value":"(//span[contains(text(), \"SecondSectionhndxj\")])[1]"}
RESULT: {"using":"xpath","value":"(//span[contains(text(), \"SecondSectionhndxj\")])[1]"}
COMMAND: POST /session/a7b0557425261f11a09d542055100e7c/elements - {"using":"xpath","value":"(//span[contains(text(), \"SecondSectionhndxj\")])[1]"}
RESULT: {"using":"xpath","value":"(//span[contains(text(), \"SecondSectionhndxj\")])[1]"}
COMMAND: POST /session/a7b0557425261f11a09d542055100e7c/elements - {"using":"xpath","value":"(//span[contains(text(), \"SecondSectionhndxj\")])[1]"}
RESULT: {"using":"xpath","value":"(//span[contains(text(), \"SecondSectionhndxj\")])[1]"}
COMMAND: POST /session/a7b0557425261f11a09d542055100e7c/elements - {"using":"xpath","value":"(//span[contains(text(), \"SecondSectionhndxj\")])[1]"}
RESULT: {"using":"xpath","value":"(//span[contains(text(), \"SecondSectionhndxj\")])[1]"}
COMMAND: POST /session/a7b0557425261f11a09d542055100e7c/elements - {"using":"xpath","value":"(//span[contains(text(), \"SecondSectionhndxj\")])[1]"}
RESULT: {"using":"xpath","value":"(//span[contains(text(), \"SecondSectionhndxj\")])[1]"}
COMMAND: POST /session/a7b0557425261f11a09d542055100e7c/elements - {"using":"xpath","value":"(//span[contains(text(), \"SecondSectionhndxj\")])[1]"}
RESULT: {"using":"xpath","value":"(//span[contains(text(), \"SecondSectionhndxj\")])[1]"}
COMMAND: POST /session/a7b0557425261f11a09d542055100e7c/elements - {"using":"xpath","value":"(//span[contains(text(), \"SecondSectionhndxj\")])[1]"}
RESULT: {"using":"xpath","value":"(//span[contains(text(), \"SecondSectionhndxj\")])[1]"}
COMMAND: POST /session/a7b0557425261f11a09d542055100e7c/elements - {"using":"xpath","value":"(//span[contains(text(), \"SecondSectionhndxj\")])[1]"}
RESULT: {"using":"xpath","value":"(//span[contains(text(), \"SecondSectionhndxj\")])[1]"}
COMMAND: POST /session/a7b0557425261f11a09d542055100e7c/elements - {"using":"xpath","value":"(//span[contains(text(), \"SecondSectionhndxj\")])[1]"}
RESULT: {"using":"xpath","value":"(//span[contains(text(), \"SecondSectionhndxj\")])[1]"}
COMMAND: POST /session/a7b0557425261f11a09d542055100e7c/elements - {"using":"xpath","value":"(//span[contains(text(), \"SecondSectionhndxj\")])[1]"}
RESULT: {"using":"xpath","value":"(//span[contains(text(), \"SecondSectionhndxj\")])[1]"}
COMMAND: POST /session/a7b0557425261f11a09d542055100e7c/elements - {"using":"xpath","value":"(//span[contains(text(), \"SecondSectionhndxj\")])[1]"}
RESULT: {"using":"xpath","value":"(//span[contains(text(), \"SecondSectionhndxj\")])[1]"}
COMMAND: POST /session/a7b0557425261f11a09d542055100e7c/elements - {"using":"xpath","value":"(//span[contains(text(), \"SecondSectionhndxj\")])[1]"}
RESULT: {"using":"xpath","value":"(//span[contains(text(), \"SecondSectionhndxj\")])[1]"}
COMMAND: POST /session/a7b0557425261f11a09d542055100e7c/elements - {"using":"xpath","value":"(//span[contains(text(), \"SecondSectionhndxj\")])[1]"}
RESULT: {"using":"xpath","value":"(//span[contains(text(), \"SecondSectionhndxj\")])[1]"}
COMMAND: POST /session/a7b0557425261f11a09d542055100e7c/elements - {"using":"xpath","value":"(//span[contains(text(), \"SecondSectionhndxj\")])[1]"}
RESULT: {"using":"xpath","value":"(//span[contains(text(), \"SecondSectionhndxj\")])[1]"}
COMMAND: POST /session/a7b0557425261f11a09d542055100e7c/elements - {"using":"xpath","value":"(//span[contains(text(), \"SecondSectionhndxj\")])[1]"}
RESULT: {"using":"xpath","value":"(//span[contains(text(), \"SecondSectionhndxj\")])[1]"}
COMMAND: POST /session/a7b0557425261f11a09d542055100e7c/elements - {"using":"xpath","value":"(//span[contains(text(), \"SecondSectionhndxj\")])[1]"}
RESULT: {"using":"xpath","value":"(//span[contains(text(), \"SecondSectionhndxj\")])[1]"}
COMMAND: POST /session/a7b0557425261f11a09d542055100e7c/elements - {"using":"xpath","value":"(//span[contains(text(), \"SecondSectionhndxj\")])[1]"}
RESULT: {"using":"xpath","value":"(//span[contains(text(), \"SecondSectionhndxj\")])[1]"}
COMMAND: POST /session/a7b0557425261f11a09d542055100e7c/elements - {"using":"xpath","value":"(//span[contains(text(), \"SecondSectionhndxj\")])[1]"}
RESULT: {"using":"xpath","value":"(//span[contains(text(), \"SecondSectionhndxj\")])[1]"}
COMMAND: POST /session/a7b0557425261f11a09d542055100e7c/elements - {"using":"xpath","value":"(//span[contains(text(), \"SecondSectionhndxj\")])[1]"}
RESULT: {"using":"xpath","value":"(//span[contains(text(), \"SecondSectionhndxj\")])[1]"}
COMMAND: POST /session/a7b0557425261f11a09d542055100e7c/elements - {"using":"xpath","value":"(//span[contains(text(), \"SecondSectionhndxj\")])[1]"}
RESULT: {"using":"xpath","value":"(//span[contains(text(), \"SecondSectionhndxj\")])[1]"}
COMMAND: POST /session/a7b0557425261f11a09d542055100e7c/elements - {"using":"xpath","value":"(//span[contains(text(), \"SecondSectionhndxj\")])[1]"}
RESULT: {"using":"xpath","value":"(//span[contains(text(), \"SecondSectionhndxj\")])[1]"}
COMMAND: POST /session/a7b0557425261f11a09d542055100e7c/elements - {"using":"xpath","value":"(//span[contains(text(), \"SecondSectionhndxj\")])[1]"}
RESULT: {"using":"xpath","value":"(//span[contains(text(), \"SecondSectionhndxj\")])[1]"}
COMMAND: POST /session/a7b0557425261f11a09d542055100e7c/elements - {"using":"xpath","value":"(//span[contains(text(), \"SecondSectionhndxj\")])[1]"}
RESULT: {"using":"xpath","value":"(//span[contains(text(), \"SecondSectionhndxj\")])[1]"}
COMMAND: POST /session/a7b0557425261f11a09d542055100e7c/elements - {"using":"xpath","value":"(//span[contains(text(), \"SecondSectionhndxj\")])[1]"}
RESULT: {"using":"xpath","value":"(//span[contains(text(), \"SecondSectionhndxj\")])[1]"}
COMMAND: POST /session/a7b0557425261f11a09d542055100e7c/elements - {"using":"xpath","value":"(//span[contains(text(), \"SecondSectionhndxj\")])[1]"}
RESULT: {"using":"xpath","value":"(//span[contains(text(), \"SecondSectionhndxj\")])[1]"}
COMMAND: POST /session/a7b0557425261f11a09d542055100e7c/elements - {"using":"xpath","value":"(//span[contains(text(), \"SecondSectionhndxj\")])[1]"}
RESULT: {"using":"xpath","value":"(//span[contains(text(), \"SecondSectionhndxj\")])[1]"}
COMMAND: POST /session/a7b0557425261f11a09d542055100e7c/elements - {"using":"xpath","value":"(//span[contains(text(), \"SecondSectionhndxj\")])[1]"}
COMMAND: GET /session/a7b0557425261f11a09d542055100e7c/screenshot - {}
RESULT: {"using":"xpath","value":"(//span[contains(text(), \"SecondSectionhndxj\")])[1]"}
RESULT: {}
COMMAND: POST /session/a7b0557425261f11a09d542055100e7c/element - {"using":"css selector","value":"#shell-header-logo"}
COMMAND: GET /session/a7b0557425261f11a09d542055100e7c/screenshot - {}
COMMAND: GET /session/a7b0557425261f11a09d542055100e7c/screenshot - {}
RESULT: {"using":"css selector","value":"#shell-header-logo"}
COMMAND: POST /session/a7b0557425261f11a09d542055100e7c/element/f.5C65E3028755DB4580F909E5F2E770AF.d.E3DBD2DA4358375158825104A81EF749.e.1857/click - {}
RESULT: {}
RESULT: {}
RESULT: {}
COMMAND: GET /session/a7b0557425261f11a09d542055100e7c/screenshot - {}
RESULT: {}
]]></system-out>
      <system-err><![CDATA[
Error: Can't call click on element with selector "(//span[contains(text(), "SecondSectionhndxj")])[1]" because element wasn't found
    at async Context.<anonymous> (D:\a\1\s\test\specs\R2C\manage-catalogs-values-section.spec.js:94:9)
]]></system-err>
    </testcase>
  </testsuite>
  <testsuite timestamp="2025-06-01T15:54:39" time="426.988" tests="4" failures="0" errors="0" skipped="0">
    <properties>
      <property name="specId" value="0"/>
      <property name="suiteName" value="Verify RU inventory split cost information US139363"/>
      <property name="capabilities" value="chrome.136_0_7103_93.windows"/>
      <property name="file" value="file:///D:/a/1/s/test/specs/R2C/verify-ru-inventory-split-cost-information.spec.js"/>
    </properties>
    <testcase classname="chrome.136_0_7103_93.windows.Verify_RU_inventory_split_cost_information_US139363" name="Should create a new contract" time="101.584">
      <system-out><![CDATA[
COMMAND: POST /session/a7b0557425261f11a09d542055100e7c/execute/async - {"script":"<script> [1562 bytes]","args":[{"selector":{"controlType":"sap.m.GenericTile","properties":{"header":"Manage Contracts"}},"wdio_ui5_key":"sapm.GenericTile{\"header\":\"Manage Contracts\"}"}]}
RESULT: {"script":"<script> [1562 bytes]","args":[{"selector":{"controlType":"sap.m.GenericTile","properties":{"header":"Manage Contracts"}},"wdio_ui5_key":"sapm.GenericTile{\"header\":\"Manage Contracts\"}"}]}
RESULT: undefined
COMMAND: POST /session/a7b0557425261f11a09d542055100e7c/element - {"using":"xpath","value":"//*[@id=\"__tile130\"]"}
RESULT: {"using":"xpath","value":"//*[@id=\"__tile130\"]"}
COMMAND: POST /session/a7b0557425261f11a09d542055100e7c/element/f.5C65E3028755DB4580F909E5F2E770AF.d.E3DBD2DA4358375158825104A81EF749.e.1909/click - {}
RESULT: {}
COMMAND: GET /session/a7b0557425261f11a09d542055100e7c/screenshot - {}
RESULT: {}
COMMAND: POST /session/a7b0557425261f11a09d542055100e7c/elements - {"using":"xpath","value":"//span[text()='Error']"}
RESULT: {"using":"xpath","value":"//span[text()='Error']"}
COMMAND: POST /session/a7b0557425261f11a09d542055100e7c/element - {"using":"xpath","value":"//button[@data-kt=\"addButton\"]"}
RESULT: {"using":"xpath","value":"//button[@data-kt=\"addButton\"]"}
COMMAND: POST /session/a7b0557425261f11a09d542055100e7c/element/f.5C65E3028755DB4580F909E5F2E770AF.d.E3DBD2DA4358375158825104A81EF749.e.1960/click - {}
RESULT: {}
COMMAND: GET /session/a7b0557425261f11a09d542055100e7c/screenshot - {}
COMMAND: POST /session/a7b0557425261f11a09d542055100e7c/execute/async - {"script":"<script> [1562 bytes]","args":[{"selector":{"id":"application-managecontracts-display-component---AddNewContract--projectDescription","interaction":{"idSuffix":"inner"}},"wdio_ui5_key":"applicationmanagecontracts-display-component---AddNewContract--projectDescription"}]}
RESULT: {}
RESULT: {"script":"<script> [1562 bytes]","args":[{"selector":{"id":"application-managecontracts-display-component---AddNewContract--projectDescription","interaction":{"idSuffix":"inner"}},"wdio_ui5_key":"applicationmanagecontracts-display-component---AddNewContract--projectDescription"}]}
RESULT: undefined
COMMAND: POST /session/a7b0557425261f11a09d542055100e7c/execute/async - {"script":"<script> [776 bytes]","args":[{"enterText":"WdIOTest0b2nq","selector":{"id":"application-managecontracts-display-component---AddNewContract--projectDescription","interaction":{"idSuffix":"inner"}},"clearTextFirst":true,"interactionType":"ENTER_TEXT"}]}
RESULT: {"script":"<script> [776 bytes]","args":[{"enterText":"WdIOTest0b2nq","selector":{"id":"application-managecontracts-display-component---AddNewContract--projectDescription","interaction":{"idSuffix":"inner"}},"clearTextFirst":true,"interactionType":"ENTER_TEXT"}]}
COMMAND: POST /session/a7b0557425261f11a09d542055100e7c/element - {"using":"xpath","value":"//input[@id=\"application-managecontracts-display-component---AddNewContract--yardId-inner\"]"}
RESULT: {"using":"xpath","value":"//input[@id=\"application-managecontracts-display-component---AddNewContract--yardId-inner\"]"}
COMMAND: POST /session/a7b0557425261f11a09d542055100e7c/element/f.5C65E3028755DB4580F909E5F2E770AF.d.E3DBD2DA4358375158825104A81EF749.e.2226/clear - {}
RESULT: {}
COMMAND: POST /session/a7b0557425261f11a09d542055100e7c/element/f.5C65E3028755DB4580F909E5F2E770AF.d.E3DBD2DA4358375158825104A81EF749.e.2226/value - {"text":"webdriveryard"}
COMMAND: GET /session/a7b0557425261f11a09d542055100e7c/screenshot - {}
RESULT: {"text":"webdriveryard"}
COMMAND: GET /session/a7b0557425261f11a09d542055100e7c/screenshot - {}
RESULT: {}
RESULT: {}
COMMAND: POST /session/a7b0557425261f11a09d542055100e7c/actions - {"actions":[{"id":"action9","type":"key","parameters":{},"actions":[{"type":"keyDown","value":""},{"type":"pause","duration":10},{"type":"keyUp","value":""}]}]}
RESULT: {"actions":[{"id":"action9","type":"key","parameters":{},"actions":[{"type":"keyDown","value":""},{"type":"pause","duration":10},{"type":"keyUp","value":""}]}]}
COMMAND: GET /session/a7b0557425261f11a09d542055100e7c/screenshot - {}
RESULT: {}
COMMAND: POST /session/a7b0557425261f11a09d542055100e7c/element - {"using":"xpath","value":"//input[@id=\"application-managecontracts-display-component---AddNewContract--customerSelect-inner\"]"}
RESULT: {"using":"xpath","value":"//input[@id=\"application-managecontracts-display-component---AddNewContract--customerSelect-inner\"]"}
COMMAND: POST /session/a7b0557425261f11a09d542055100e7c/element/f.5C65E3028755DB4580F909E5F2E770AF.d.E3DBD2DA4358375158825104A81EF749.e.2224/clear - {}
RESULT: {}
COMMAND: POST /session/a7b0557425261f11a09d542055100e7c/element/f.5C65E3028755DB4580F909E5F2E770AF.d.E3DBD2DA4358375158825104A81EF749.e.2224/value - {"text":"webdriverpartner"}
COMMAND: GET /session/a7b0557425261f11a09d542055100e7c/screenshot - {}
RESULT: {"text":"webdriverpartner"}
COMMAND: GET /session/a7b0557425261f11a09d542055100e7c/screenshot - {}
RESULT: {}
RESULT: {}
COMMAND: POST /session/a7b0557425261f11a09d542055100e7c/actions - {"actions":[{"id":"action10","type":"key","parameters":{},"actions":[{"type":"keyDown","value":""},{"type":"pause","duration":10},{"type":"keyUp","value":""}]}]}
RESULT: {"actions":[{"id":"action10","type":"key","parameters":{},"actions":[{"type":"keyDown","value":""},{"type":"pause","duration":10},{"type":"keyUp","value":""}]}]}
COMMAND: GET /session/a7b0557425261f11a09d542055100e7c/screenshot - {}
RESULT: {}
COMMAND: POST /session/a7b0557425261f11a09d542055100e7c/element - {"using":"xpath","value":"//input[@id=\"application-managecontracts-display-component---AddNewContract--site-inner\"]"}
RESULT: {"using":"xpath","value":"//input[@id=\"application-managecontracts-display-component---AddNewContract--site-inner\"]"}
COMMAND: POST /session/a7b0557425261f11a09d542055100e7c/element/f.5C65E3028755DB4580F909E5F2E770AF.d.E3DBD2DA4358375158825104A81EF749.e.2225/clear - {}
RESULT: {}
COMMAND: POST /session/a7b0557425261f11a09d542055100e7c/element/f.5C65E3028755DB4580F909E5F2E770AF.d.E3DBD2DA4358375158825104A81EF749.e.2225/value - {"text":"Webdriversite"}
COMMAND: GET /session/a7b0557425261f11a09d542055100e7c/screenshot - {}
RESULT: {"text":"Webdriversite"}
COMMAND: GET /session/a7b0557425261f11a09d542055100e7c/screenshot - {}
RESULT: {}
RESULT: {}
COMMAND: POST /session/a7b0557425261f11a09d542055100e7c/actions - {"actions":[{"id":"action11","type":"key","parameters":{},"actions":[{"type":"keyDown","value":""},{"type":"pause","duration":10},{"type":"keyUp","value":""}]}]}
RESULT: {"actions":[{"id":"action11","type":"key","parameters":{},"actions":[{"type":"keyDown","value":""},{"type":"pause","duration":10},{"type":"keyUp","value":""}]}]}
COMMAND: GET /session/a7b0557425261f11a09d542055100e7c/screenshot - {}
RESULT: {}
COMMAND: POST /session/a7b0557425261f11a09d542055100e7c/element - {"using":"xpath","value":"//button[@data-kt=\"saveButton\"]"}
RESULT: {"using":"xpath","value":"//button[@data-kt=\"saveButton\"]"}
COMMAND: POST /session/a7b0557425261f11a09d542055100e7c/element/f.5C65E3028755DB4580F909E5F2E770AF.d.E3DBD2DA4358375158825104A81EF749.e.2300/click - {}
RESULT: {}
COMMAND: GET /session/a7b0557425261f11a09d542055100e7c/screenshot - {}
RESULT: {}
COMMAND: POST /session/a7b0557425261f11a09d542055100e7c/execute/async - {"script":"<script> [1562 bytes]","args":[{"selector":{"id":"contractDetailTitleNoExpanded","viewName":"etm.portal.ui.managecontracts.view.Detail"},"wdio_ui5_key":"contractDetailTitleNoExpandedetmportal.ui.managecontracts.view.Detail"}]}
RESULT: {"script":"<script> [1562 bytes]","args":[{"selector":{"id":"contractDetailTitleNoExpanded","viewName":"etm.portal.ui.managecontracts.view.Detail"},"wdio_ui5_key":"contractDetailTitleNoExpandedetmportal.ui.managecontracts.view.Detail"}]}
RESULT: undefined
COMMAND: POST /session/a7b0557425261f11a09d542055100e7c/execute/async - {"script":"<script> [6424 bytes]","args":[{"element-6066-11e4-a52e-4f735466cecf":"f.5C65E3028755DB4580F909E5F2E770AF.d.E3DBD2DA4358375158825104A81EF749.e.2322"},"getText",[]]}
RESULT: {"script":"<script> [6424 bytes]","args":[{"element-6066-11e4-a52e-4f735466cecf":"f.5C65E3028755DB4580F909E5F2E770AF.d.E3DBD2DA4358375158825104A81EF749.e.2322"},"getText",[]]}
COMMAND: POST /session/a7b0557425261f11a09d542055100e7c/element - {"using":"css selector","value":"#shell-header-logo"}
RESULT: {"using":"css selector","value":"#shell-header-logo"}
COMMAND: POST /session/a7b0557425261f11a09d542055100e7c/element/f.5C65E3028755DB4580F909E5F2E770AF.d.E3DBD2DA4358375158825104A81EF749.e.1912/click - {}
RESULT: {}
COMMAND: GET /session/a7b0557425261f11a09d542055100e7c/screenshot - {}
RESULT: {}
]]></system-out>
    </testcase>
    <testcase classname="chrome.136_0_7103_93.windows.Verify_RU_inventory_split_cost_information_US139363" name="Should create a new equipment" time="129.375">
      <system-out><![CDATA[
COMMAND: POST /session/a7b0557425261f11a09d542055100e7c/execute/async - {"script":"<script> [1562 bytes]","args":[{"selector":{"controlType":"sap.m.GenericTile","properties":{"header":"Manage Resources"}},"wdio_ui5_key":"sapm.GenericTile{\"header\":\"Manage Resources\"}"}]}
RESULT: {"script":"<script> [1562 bytes]","args":[{"selector":{"controlType":"sap.m.GenericTile","properties":{"header":"Manage Resources"}},"wdio_ui5_key":"sapm.GenericTile{\"header\":\"Manage Resources\"}"}]}
RESULT: undefined
COMMAND: POST /session/a7b0557425261f11a09d542055100e7c/element - {"using":"xpath","value":"//*[@id=\"__tile39\"]"}
RESULT: {"using":"xpath","value":"//*[@id=\"__tile39\"]"}
COMMAND: POST /session/a7b0557425261f11a09d542055100e7c/element/f.5C65E3028755DB4580F909E5F2E770AF.d.E3DBD2DA4358375158825104A81EF749.e.2327/click - {}
RESULT: {}
COMMAND: GET /session/a7b0557425261f11a09d542055100e7c/screenshot - {}
RESULT: {}
COMMAND: POST /session/a7b0557425261f11a09d542055100e7c/elements - {"using":"xpath","value":"//span[text()='Error']"}
RESULT: {"using":"xpath","value":"//span[text()='Error']"}
COMMAND: POST /session/a7b0557425261f11a09d542055100e7c/element - {"using":"xpath","value":"//button[@data-kt=\"addNewRUOverflowToolbarButton\"]"}
RESULT: {"using":"xpath","value":"//button[@data-kt=\"addNewRUOverflowToolbarButton\"]"}
COMMAND: POST /session/a7b0557425261f11a09d542055100e7c/execute/sync - {"script":"<script> [8489 bytes]","args":[{"element-6066-11e4-a52e-4f735466cecf":"f.5C65E3028755DB4580F909E5F2E770AF.d.E3DBD2DA4358375158825104A81EF749.e.2368","ELEMENT":"f.5C65E3028755DB4580F909E5F2E770AF.d.E3DBD2DA4358375158825104A81EF749.e.2368"}]}
RESULT: {"script":"<script> [8489 bytes]","args":[{"element-6066-11e4-a52e-4f735466cecf":"f.5C65E3028755DB4580F909E5F2E770AF.d.E3DBD2DA4358375158825104A81EF749.e.2368","ELEMENT":"f.5C65E3028755DB4580F909E5F2E770AF.d.E3DBD2DA4358375158825104A81EF749.e.2368"}]}
COMMAND: POST /session/a7b0557425261f11a09d542055100e7c/element/f.5C65E3028755DB4580F909E5F2E770AF.d.E3DBD2DA4358375158825104A81EF749.e.2368/click - {}
COMMAND: GET /session/a7b0557425261f11a09d542055100e7c/screenshot - {}
RESULT: {}
RESULT: {}
COMMAND: GET /session/a7b0557425261f11a09d542055100e7c/screenshot - {}
COMMAND: POST /session/a7b0557425261f11a09d542055100e7c/execute/async - {"script":"<script> [1562 bytes]","args":[{"selector":{"id":"application-manageresources-display-component---newResourceUnit--TYPE-arrow"},"wdio_ui5_key":"applicationmanageresources-display-component---newResourceUnit--TYPE-arrow"}]}
RESULT: {}
RESULT: {"script":"<script> [1562 bytes]","args":[{"selector":{"id":"application-manageresources-display-component---newResourceUnit--TYPE-arrow"},"wdio_ui5_key":"applicationmanageresources-display-component---newResourceUnit--TYPE-arrow"}]}
RESULT: undefined
COMMAND: POST /session/a7b0557425261f11a09d542055100e7c/element - {"using":"xpath","value":"//*[@id=\"application-manageresources-display-component---newResourceUnit--TYPE-arrow\"]"}
RESULT: {"using":"xpath","value":"//*[@id=\"application-manageresources-display-component---newResourceUnit--TYPE-arrow\"]"}
COMMAND: POST /session/a7b0557425261f11a09d542055100e7c/element/f.5C65E3028755DB4580F909E5F2E770AF.d.E3DBD2DA4358375158825104A81EF749.e.2692/click - {}
RESULT: {}
COMMAND: POST /session/a7b0557425261f11a09d542055100e7c/execute/async - {"script":"<script> [1562 bytes]","args":[{"selector":{"controlType":"sap.m.StandardListItem","viewName":"reusables.view.manageresources.NewResourceUnit","viewId":"application-manageresources-display-component---newResourceUnit","properties":{"title":"Equipment"},"searchOpenDialogs":true,"interaction":{"idSuffix":"content"}},"wdio_ui5_key":"reusablesview.manageresources.NewResourceUnitsap.m.StandardListItem{\"title\":\"Equipment\"}"}]}
COMMAND: GET /session/a7b0557425261f11a09d542055100e7c/screenshot - {}
RESULT: {"script":"<script> [1562 bytes]","args":[{"selector":{"controlType":"sap.m.StandardListItem","viewName":"reusables.view.manageresources.NewResourceUnit","viewId":"application-manageresources-display-component---newResourceUnit","properties":{"title":"Equipment"},"searchOpenDialogs":true,"interaction":{"idSuffix":"content"}},"wdio_ui5_key":"reusablesview.manageresources.NewResourceUnitsap.m.StandardListItem{\"title\":\"Equipment\"}"}]}
RESULT: undefined
COMMAND: POST /session/a7b0557425261f11a09d542055100e7c/element - {"using":"xpath","value":"//*[@id=\"__item1915\"]"}
RESULT: {}
RESULT: {"using":"xpath","value":"//*[@id=\"__item1915\"]"}
COMMAND: POST /session/a7b0557425261f11a09d542055100e7c/element/f.5C65E3028755DB4580F909E5F2E770AF.d.E3DBD2DA4358375158825104A81EF749.e.2695/click - {}
RESULT: {}
COMMAND: POST /session/a7b0557425261f11a09d542055100e7c/execute/async - {"script":"<script> [1562 bytes]","args":[{"selector":{"id":"application-manageresources-display-component---newResourceUnit--resourceId","interaction":{"idSuffix":"inner"}},"wdio_ui5_key":"applicationmanageresources-display-component---newResourceUnit--resourceId"}]}
COMMAND: GET /session/a7b0557425261f11a09d542055100e7c/screenshot - {}
RESULT: {"script":"<script> [1562 bytes]","args":[{"selector":{"id":"application-manageresources-display-component---newResourceUnit--resourceId","interaction":{"idSuffix":"inner"}},"wdio_ui5_key":"applicationmanageresources-display-component---newResourceUnit--resourceId"}]}
RESULT: undefined
COMMAND: POST /session/a7b0557425261f11a09d542055100e7c/execute/async - {"script":"<script> [776 bytes]","args":[{"enterText":"WdIOTestEquipzxgrs","selector":{"id":"application-manageresources-display-component---newResourceUnit--resourceId","interaction":{"idSuffix":"inner"}},"clearTextFirst":true,"interactionType":"ENTER_TEXT"}]}
RESULT: {}
RESULT: {"script":"<script> [776 bytes]","args":[{"enterText":"WdIOTestEquipzxgrs","selector":{"id":"application-manageresources-display-component---newResourceUnit--resourceId","interaction":{"idSuffix":"inner"}},"clearTextFirst":true,"interactionType":"ENTER_TEXT"}]}
COMMAND: POST /session/a7b0557425261f11a09d542055100e7c/execute/async - {"script":"<script> [1562 bytes]","args":[{"selector":{"id":"application-manageresources-display-component---newResourceUnit--SHORT_TEXT","interaction":{"idSuffix":"inner"}},"wdio_ui5_key":"applicationmanageresources-display-component---newResourceUnit--SHORT_TEXT"}]}
RESULT: {"script":"<script> [1562 bytes]","args":[{"selector":{"id":"application-manageresources-display-component---newResourceUnit--SHORT_TEXT","interaction":{"idSuffix":"inner"}},"wdio_ui5_key":"applicationmanageresources-display-component---newResourceUnit--SHORT_TEXT"}]}
RESULT: undefined
COMMAND: POST /session/a7b0557425261f11a09d542055100e7c/execute/async - {"script":"<script> [776 bytes]","args":[{"enterText":"WdIOTestEquipzxgrs","selector":{"id":"application-manageresources-display-component---newResourceUnit--SHORT_TEXT","interaction":{"idSuffix":"inner"}},"clearTextFirst":true,"interactionType":"ENTER_TEXT"}]}
RESULT: {"script":"<script> [776 bytes]","args":[{"enterText":"WdIOTestEquipzxgrs","selector":{"id":"application-manageresources-display-component---newResourceUnit--SHORT_TEXT","interaction":{"idSuffix":"inner"}},"clearTextFirst":true,"interactionType":"ENTER_TEXT"}]}
COMMAND: POST /session/a7b0557425261f11a09d542055100e7c/execute/async - {"script":"<script> [1562 bytes]","args":[{"selector":{"id":"application-manageresources-display-component---newResourceUnit--BASE_UNIT_OF_MEASURE","interaction":{"idSuffix":"inner"}},"wdio_ui5_key":"applicationmanageresources-display-component---newResourceUnit--BASE_UNIT_OF_MEASURE"}]}
RESULT: {"script":"<script> [1562 bytes]","args":[{"selector":{"id":"application-manageresources-display-component---newResourceUnit--BASE_UNIT_OF_MEASURE","interaction":{"idSuffix":"inner"}},"wdio_ui5_key":"applicationmanageresources-display-component---newResourceUnit--BASE_UNIT_OF_MEASURE"}]}
RESULT: undefined
COMMAND: POST /session/a7b0557425261f11a09d542055100e7c/execute/async - {"script":"<script> [776 bytes]","args":[{"enterText":"Piece","selector":{"id":"application-manageresources-display-component---newResourceUnit--BASE_UNIT_OF_MEASURE","interaction":{"idSuffix":"inner"}},"clearTextFirst":true,"interactionType":"ENTER_TEXT"}]}
RESULT: {"script":"<script> [776 bytes]","args":[{"enterText":"Piece","selector":{"id":"application-manageresources-display-component---newResourceUnit--BASE_UNIT_OF_MEASURE","interaction":{"idSuffix":"inner"}},"clearTextFirst":true,"interactionType":"ENTER_TEXT"}]}
COMMAND: POST /session/a7b0557425261f11a09d542055100e7c/execute/async - {"script":"<script> [1562 bytes]","args":[{"selector":{"id":"application-manageresources-display-component---newResourceUnit--WEIGHT_UNIT","interaction":{"idSuffix":"inner"}},"wdio_ui5_key":"applicationmanageresources-display-component---newResourceUnit--WEIGHT_UNIT"}]}
RESULT: {"script":"<script> [1562 bytes]","args":[{"selector":{"id":"application-manageresources-display-component---newResourceUnit--WEIGHT_UNIT","interaction":{"idSuffix":"inner"}},"wdio_ui5_key":"applicationmanageresources-display-component---newResourceUnit--WEIGHT_UNIT"}]}
RESULT: undefined
COMMAND: POST /session/a7b0557425261f11a09d542055100e7c/execute/async - {"script":"<script> [776 bytes]","args":[{"enterText":"Gram","selector":{"id":"application-manageresources-display-component---newResourceUnit--WEIGHT_UNIT","interaction":{"idSuffix":"inner"}},"clearTextFirst":true,"interactionType":"ENTER_TEXT"}]}
RESULT: {"script":"<script> [776 bytes]","args":[{"enterText":"Gram","selector":{"id":"application-manageresources-display-component---newResourceUnit--WEIGHT_UNIT","interaction":{"idSuffix":"inner"}},"clearTextFirst":true,"interactionType":"ENTER_TEXT"}]}
COMMAND: POST /session/a7b0557425261f11a09d542055100e7c/execute/async - {"script":"<script> [1562 bytes]","args":[{"selector":{"id":"application-manageresources-display-component---newResourceUnit--newRRUPage-OPHeaderContent-collapseBtn-img"},"wdio_ui5_key":"applicationmanageresources-display-component---newResourceUnit--newRRUPage-OPHeaderContent-collapseBtn-img"}]}
RESULT: {"script":"<script> [1562 bytes]","args":[{"selector":{"id":"application-manageresources-display-component---newResourceUnit--newRRUPage-OPHeaderContent-collapseBtn-img"},"wdio_ui5_key":"applicationmanageresources-display-component---newResourceUnit--newRRUPage-OPHeaderContent-collapseBtn-img"}]}
RESULT: undefined
COMMAND: POST /session/a7b0557425261f11a09d542055100e7c/element - {"using":"xpath","value":"//*[@id=\"application-manageresources-display-component---newResourceUnit--newRRUPage-OPHeaderContent-collapseBtn-img\"]"}
RESULT: {"using":"xpath","value":"//*[@id=\"application-manageresources-display-component---newResourceUnit--newRRUPage-OPHeaderContent-collapseBtn-img\"]"}
COMMAND: POST /session/a7b0557425261f11a09d542055100e7c/element/f.5C65E3028755DB4580F909E5F2E770AF.d.E3DBD2DA4358375158825104A81EF749.e.2704/click - {}
RESULT: {}
COMMAND: GET /session/a7b0557425261f11a09d542055100e7c/screenshot - {}
RESULT: {}
COMMAND: POST /session/a7b0557425261f11a09d542055100e7c/element - {"using":"xpath","value":"(//span[contains(@id ,\"application-manageresources-display-component---newResourceUnit--DIMENSION_UNIT-arrow\")])[1]"}
RESULT: {"using":"xpath","value":"(//span[contains(@id ,\"application-manageresources-display-component---newResourceUnit--DIMENSION_UNIT-arrow\")])[1]"}
COMMAND: POST /session/a7b0557425261f11a09d542055100e7c/element/f.5C65E3028755DB4580F909E5F2E770AF.d.E3DBD2DA4358375158825104A81EF749.e.2854/click - {}
RESULT: {}
COMMAND: GET /session/a7b0557425261f11a09d542055100e7c/screenshot - {}
RESULT: {}
COMMAND: POST /session/a7b0557425261f11a09d542055100e7c/execute/async - {"script":"<script> [1562 bytes]","args":[{"selector":{"controlType":"sap.m.StandardListItem","viewName":"reusables.view.manageresources.NewResourceUnit","viewId":"application-manageresources-display-component---newResourceUnit","properties":{"title":"Centimeter"},"searchOpenDialogs":true,"interaction":{"idSuffix":"titleText"}},"wdio_ui5_key":"reusablesview.manageresources.NewResourceUnitsap.m.StandardListItem{\"title\":\"Centimeter\"}"}]}
RESULT: {"script":"<script> [1562 bytes]","args":[{"selector":{"controlType":"sap.m.StandardListItem","viewName":"reusables.view.manageresources.NewResourceUnit","viewId":"application-manageresources-display-component---newResourceUnit","properties":{"title":"Centimeter"},"searchOpenDialogs":true,"interaction":{"idSuffix":"titleText"}},"wdio_ui5_key":"reusablesview.manageresources.NewResourceUnitsap.m.StandardListItem{\"title\":\"Centimeter\"}"}]}
RESULT: undefined
COMMAND: POST /session/a7b0557425261f11a09d542055100e7c/element - {"using":"xpath","value":"//*[@id=\"__item1975\"]"}
RESULT: {"using":"xpath","value":"//*[@id=\"__item1975\"]"}
COMMAND: POST /session/a7b0557425261f11a09d542055100e7c/element/f.5C65E3028755DB4580F909E5F2E770AF.d.E3DBD2DA4358375158825104A81EF749.e.2856/click - {}
RESULT: {}
COMMAND: GET /session/a7b0557425261f11a09d542055100e7c/screenshot - {}
RESULT: {}
COMMAND: POST /session/a7b0557425261f11a09d542055100e7c/execute/async - {"script":"<script> [1562 bytes]","args":[{"selector":{"id":"application-manageresources-display-component---newResourceUnit--newRRUPage-anchBar-application-manageresources-display-component---newResourceUnit--control-anchor","interaction":{"idSuffix":"BDI-content"}},"wdio_ui5_key":"applicationmanageresources-display-component---newResourceUnit--newRRUPage-anchBar-application-manageresources-display-component---newResourceUnit--control-anchor"}]}
RESULT: {"script":"<script> [1562 bytes]","args":[{"selector":{"id":"application-manageresources-display-component---newResourceUnit--newRRUPage-anchBar-application-manageresources-display-component---newResourceUnit--control-anchor","interaction":{"idSuffix":"BDI-content"}},"wdio_ui5_key":"applicationmanageresources-display-component---newResourceUnit--newRRUPage-anchBar-application-manageresources-display-component---newResourceUnit--control-anchor"}]}
RESULT: undefined
COMMAND: POST /session/a7b0557425261f11a09d542055100e7c/element - {"using":"xpath","value":"//*[@id=\"application-manageresources-display-component---newResourceUnit--newRRUPage-anchBar-application-manageresources-display-component---newResourceUnit--control-anchor\"]"}
RESULT: {"using":"xpath","value":"//*[@id=\"application-manageresources-display-component---newResourceUnit--newRRUPage-anchBar-application-manageresources-display-component---newResourceUnit--control-anchor\"]"}
COMMAND: POST /session/a7b0557425261f11a09d542055100e7c/element/f.5C65E3028755DB4580F909E5F2E770AF.d.E3DBD2DA4358375158825104A81EF749.e.2858/click - {}
RESULT: {}
COMMAND: POST /session/a7b0557425261f11a09d542055100e7c/execute/async - {"script":"<script> [1562 bytes]","args":[{"selector":{"id":"application-manageresources-display-component---newResourceUnit--PLANNING_GROUP","interaction":{"idSuffix":"inner"}},"wdio_ui5_key":"applicationmanageresources-display-component---newResourceUnit--PLANNING_GROUP"}]}
COMMAND: GET /session/a7b0557425261f11a09d542055100e7c/screenshot - {}
RESULT: {"script":"<script> [1562 bytes]","args":[{"selector":{"id":"application-manageresources-display-component---newResourceUnit--PLANNING_GROUP","interaction":{"idSuffix":"inner"}},"wdio_ui5_key":"applicationmanageresources-display-component---newResourceUnit--PLANNING_GROUP"}]}
RESULT: undefined
COMMAND: POST /session/a7b0557425261f11a09d542055100e7c/execute/async - {"script":"<script> [776 bytes]","args":[{"enterText":"Heavy Equi","selector":{"id":"application-manageresources-display-component---newResourceUnit--PLANNING_GROUP","interaction":{"idSuffix":"inner"}},"clearTextFirst":true,"interactionType":"ENTER_TEXT"}]}
RESULT: {}
RESULT: {"script":"<script> [776 bytes]","args":[{"enterText":"Heavy Equi","selector":{"id":"application-manageresources-display-component---newResourceUnit--PLANNING_GROUP","interaction":{"idSuffix":"inner"}},"clearTextFirst":true,"interactionType":"ENTER_TEXT"}]}
COMMAND: POST /session/a7b0557425261f11a09d542055100e7c/execute/async - {"script":"<script> [1562 bytes]","args":[{"selector":{"id":"application-manageresources-display-component---newResourceUnit--ITEM_TYPE-arrow"},"wdio_ui5_key":"applicationmanageresources-display-component---newResourceUnit--ITEM_TYPE-arrow"}]}
RESULT: {"script":"<script> [1562 bytes]","args":[{"selector":{"id":"application-manageresources-display-component---newResourceUnit--ITEM_TYPE-arrow"},"wdio_ui5_key":"applicationmanageresources-display-component---newResourceUnit--ITEM_TYPE-arrow"}]}
RESULT: undefined
COMMAND: POST /session/a7b0557425261f11a09d542055100e7c/element - {"using":"xpath","value":"//*[@id=\"application-manageresources-display-component---newResourceUnit--ITEM_TYPE-arrow\"]"}
RESULT: {"using":"xpath","value":"//*[@id=\"application-manageresources-display-component---newResourceUnit--ITEM_TYPE-arrow\"]"}
COMMAND: POST /session/a7b0557425261f11a09d542055100e7c/element/f.5C65E3028755DB4580F909E5F2E770AF.d.E3DBD2DA4358375158825104A81EF749.e.2863/click - {}
RESULT: {}
COMMAND: POST /session/a7b0557425261f11a09d542055100e7c/execute/async - {"script":"<script> [1562 bytes]","args":[{"selector":{"controlType":"sap.m.StandardListItem","viewName":"reusables.view.manageresources.NewResourceUnit","viewId":"application-manageresources-display-component---newResourceUnit","properties":{"title":"Resource Unit"},"searchOpenDialogs":true,"interaction":{"idSuffix":"titleText"}},"wdio_ui5_key":"reusablesview.manageresources.NewResourceUnitsap.m.StandardListItem{\"title\":\"Resource Unit\"}"}]}
COMMAND: GET /session/a7b0557425261f11a09d542055100e7c/screenshot - {}
RESULT: {"script":"<script> [1562 bytes]","args":[{"selector":{"controlType":"sap.m.StandardListItem","viewName":"reusables.view.manageresources.NewResourceUnit","viewId":"application-manageresources-display-component---newResourceUnit","properties":{"title":"Resource Unit"},"searchOpenDialogs":true,"interaction":{"idSuffix":"titleText"}},"wdio_ui5_key":"reusablesview.manageresources.NewResourceUnitsap.m.StandardListItem{\"title\":\"Resource Unit\"}"}]}
RESULT: undefined
COMMAND: POST /session/a7b0557425261f11a09d542055100e7c/element - {"using":"xpath","value":"//*[@id=\"__item1997\"]"}
RESULT: {}
RESULT: {"using":"xpath","value":"//*[@id=\"__item1997\"]"}
COMMAND: POST /session/a7b0557425261f11a09d542055100e7c/element/f.5C65E3028755DB4580F909E5F2E770AF.d.E3DBD2DA4358375158825104A81EF749.e.2865/click - {}
RESULT: {}
COMMAND: POST /session/a7b0557425261f11a09d542055100e7c/element - {"using":"xpath","value":"//bdi[contains(text(), \"Time Segment\")]"}
COMMAND: GET /session/a7b0557425261f11a09d542055100e7c/screenshot - {}
RESULT: {"using":"xpath","value":"//bdi[contains(text(), \"Time Segment\")]"}
COMMAND: GET /session/a7b0557425261f11a09d542055100e7c/element/f.5C65E3028755DB4580F909E5F2E770AF.d.E3DBD2DA4358375158825104A81EF749.e.2872/rect - {}
RESULT: {}
RESULT: {}
COMMAND: GET /session/a7b0557425261f11a09d542055100e7c/window/rect - {}
RESULT: {}
COMMAND: POST /session/a7b0557425261f11a09d542055100e7c/execute/sync - {"script":"<script> [92 bytes]","args":[]}
RESULT: {"script":"<script> [92 bytes]","args":[]}
COMMAND: POST /session/a7b0557425261f11a09d542055100e7c/actions - {"actions":[{"id":"action12","type":"wheel","parameters":{},"actions":[{"type":"scroll","x":-1820,"y":-21,"deltaX":0,"deltaY":0,"duration":0,"origin":{"element-6066-11e4-a52e-4f735466cecf":"f.5C65E3028755DB4580F909E5F2E770AF.d.E3DBD2DA4358375158825104A81EF749.e.2872"}}]}]}
COMMAND: GET /session/a7b0557425261f11a09d542055100e7c/screenshot - {}
RESULT: {}
COMMAND: POST /session/a7b0557425261f11a09d542055100e7c/execute/sync - {"script":"<script> [79 bytes]","args":[{"element-6066-11e4-a52e-4f735466cecf":"f.5C65E3028755DB4580F909E5F2E770AF.d.E3DBD2DA4358375158825104A81EF749.e.2872","ELEMENT":"f.5C65E3028755DB4580F909E5F2E770AF.d.E3DBD2DA4358375158825104A81EF749.e.2872"},{"block":"start","inline":"nearest"}]}
RESULT: {"script":"<script> [79 bytes]","args":[{"element-6066-11e4-a52e-4f735466cecf":"f.5C65E3028755DB4580F909E5F2E770AF.d.E3DBD2DA4358375158825104A81EF749.e.2872","ELEMENT":"f.5C65E3028755DB4580F909E5F2E770AF.d.E3DBD2DA4358375158825104A81EF749.e.2872"},{"block":"start","inline":"nearest"}]}
COMMAND: POST /session/a7b0557425261f11a09d542055100e7c/execute/async - {"script":"<script> [1562 bytes]","args":[{"selector":{"id":"application-manageresources-display-component---newResourceUnit--btnAddTimeSegment-img"},"wdio_ui5_key":"applicationmanageresources-display-component---newResourceUnit--btnAddTimeSegment-img"}]}
COMMAND: GET /session/a7b0557425261f11a09d542055100e7c/screenshot - {}
RESULT: {"script":"<script> [1562 bytes]","args":[{"selector":{"id":"application-manageresources-display-component---newResourceUnit--btnAddTimeSegment-img"},"wdio_ui5_key":"applicationmanageresources-display-component---newResourceUnit--btnAddTimeSegment-img"}]}
RESULT: undefined
COMMAND: POST /session/a7b0557425261f11a09d542055100e7c/element - {"using":"xpath","value":"//*[@id=\"application-manageresources-display-component---newResourceUnit--btnAddTimeSegment-img\"]"}
RESULT: {}
RESULT: {"using":"xpath","value":"//*[@id=\"application-manageresources-display-component---newResourceUnit--btnAddTimeSegment-img\"]"}
COMMAND: POST /session/a7b0557425261f11a09d542055100e7c/element/f.5C65E3028755DB4580F909E5F2E770AF.d.E3DBD2DA4358375158825104A81EF749.e.2873/click - {}
RESULT: {}
COMMAND: GET /session/a7b0557425261f11a09d542055100e7c/screenshot - {}
RESULT: {}
COMMAND: POST /session/a7b0557425261f11a09d542055100e7c/element - {"using":"xpath","value":"//input[@id=\"application-manageresources-display-component---newResourceUnit--idRuTSAdmin-application-manageresources-display-component---newResourceUnit--RUTimeSegment-0-inner\"]"}
RESULT: {"using":"xpath","value":"//input[@id=\"application-manageresources-display-component---newResourceUnit--idRuTSAdmin-application-manageresources-display-component---newResourceUnit--RUTimeSegment-0-inner\"]"}
COMMAND: POST /session/a7b0557425261f11a09d542055100e7c/element/f.5C65E3028755DB4580F909E5F2E770AF.d.E3DBD2DA4358375158825104A81EF749.e.2879/clear - {}
RESULT: {}
COMMAND: POST /session/a7b0557425261f11a09d542055100e7c/element/f.5C65E3028755DB4580F909E5F2E770AF.d.E3DBD2DA4358375158825104A81EF749.e.2879/value - {"text":"webdriveryard"}
COMMAND: GET /session/a7b0557425261f11a09d542055100e7c/screenshot - {}
RESULT: {"text":"webdriveryard"}
COMMAND: GET /session/a7b0557425261f11a09d542055100e7c/screenshot - {}
RESULT: {}
RESULT: {}
COMMAND: POST /session/a7b0557425261f11a09d542055100e7c/actions - {"actions":[{"id":"action13","type":"key","parameters":{},"actions":[{"type":"keyDown","value":""},{"type":"pause","duration":10},{"type":"keyUp","value":""}]}]}
RESULT: {"actions":[{"id":"action13","type":"key","parameters":{},"actions":[{"type":"keyDown","value":""},{"type":"pause","duration":10},{"type":"keyUp","value":""}]}]}
COMMAND: POST /session/a7b0557425261f11a09d542055100e7c/execute/async - {"script":"<script> [1562 bytes]","args":[{"selector":{"controlType":"sap.ui.core.Icon","viewName":"reusables.view.manageresources.NewResourceUnit","viewId":"application-manageresources-display-component---newResourceUnit","properties":{"src":{"regex":{"source":"slim\\-arrow\\-down"}}},"ancestor":{"controlType":"sap.m.ComboBox","viewName":"reusables.view.manageresources.NewResourceUnit","viewId":"application-manageresources-display-component---newResourceUnit","bindingPath":{"path":"/RESOURCE_UNIT_TIME_SEQUENCES/0","propertyPath":"COST_OBJECT_ADMIN_CST_TYPE","modelName":"oNewRruModel"}}},"wdio_ui5_key":"reusablesview.manageresources.NewResourceUnitsap.ui.core.Icon{\"src\":{\"regex\":{\"source\":\"slim\\\\-arrow\\\\-down\"}}}{\"controlType\":\"sap.m.ComboBox\",\"viewName\":\"reusables.view.manageresources.NewResourceUnit\",\"viewId\":\"application-manageresources-display-component---newResourceUnit\",\"bindingPath\":{\"path\":\"/RESOURCE_UNIT_TIME_SEQUENCES/0\",\"propertyPath\":\"COST_OBJECT_ADMIN_CST_TYPE\",\"modelName\":\"oNewRruModel\"}}"}]}
COMMAND: GET /session/a7b0557425261f11a09d542055100e7c/screenshot - {}
RESULT: {"script":"<script> [1562 bytes]","args":[{"selector":{"controlType":"sap.ui.core.Icon","viewName":"reusables.view.manageresources.NewResourceUnit","viewId":"application-manageresources-display-component---newResourceUnit","properties":{"src":{"regex":{"source":"slim\\-arrow\\-down"}}},"ancestor":{"controlType":"sap.m.ComboBox","viewName":"reusables.view.manageresources.NewResourceUnit","viewId":"application-manageresources-display-component---newResourceUnit","bindingPath":{"path":"/RESOURCE_UNIT_TIME_SEQUENCES/0","propertyPath":"COST_OBJECT_ADMIN_CST_TYPE","modelName":"oNewRruModel"}}},"wdio_ui5_key":"reusablesview.manageresources.NewResourceUnitsap.ui.core.Icon{\"src\":{\"regex\":{\"source\":\"slim\\\\-arrow\\\\-down\"}}}{\"controlType\":\"sap.m.ComboBox\",\"viewName\":\"reusables.view.manageresources.NewResourceUnit\",\"viewId\":\"application-manageresources-display-component---newResourceUnit\",\"bindingPath\":{\"path\":\"/RESOURCE_UNIT_TIME_SEQUENCES/0\",\"propertyPath\":\"COST_OBJECT_ADMIN_CST_TYPE\",\"modelName\":\"oNewRruModel\"}}"}]}
RESULT: undefined
COMMAND: POST /session/a7b0557425261f11a09d542055100e7c/element - {"using":"xpath","value":"//*[@id=\"__box10-application-manageresources-display-component---newResourceUnit--RUTimeSegment-0-arrow\"]"}
RESULT: {}
RESULT: {"using":"xpath","value":"//*[@id=\"__box10-application-manageresources-display-component---newResourceUnit--RUTimeSegment-0-arrow\"]"}
COMMAND: POST /session/a7b0557425261f11a09d542055100e7c/element/f.5C65E3028755DB4580F909E5F2E770AF.d.E3DBD2DA4358375158825104A81EF749.e.2893/click - {}
RESULT: {}
COMMAND: POST /session/a7b0557425261f11a09d542055100e7c/execute/async - {"script":"<script> [1562 bytes]","args":[{"selector":{"controlType":"sap.m.StandardListItem","viewName":"reusables.view.manageresources.NewResourceUnit","viewId":"application-manageresources-display-component---newResourceUnit","properties":{"title":"PM Order"},"searchOpenDialogs":true,"interaction":{"idSuffix":"titleText"}},"wdio_ui5_key":"reusablesview.manageresources.NewResourceUnitsap.m.StandardListItem{\"title\":\"PM Order\"}"}]}
COMMAND: GET /session/a7b0557425261f11a09d542055100e7c/screenshot - {}
RESULT: {"script":"<script> [1562 bytes]","args":[{"selector":{"controlType":"sap.m.StandardListItem","viewName":"reusables.view.manageresources.NewResourceUnit","viewId":"application-manageresources-display-component---newResourceUnit","properties":{"title":"PM Order"},"searchOpenDialogs":true,"interaction":{"idSuffix":"titleText"}},"wdio_ui5_key":"reusablesview.manageresources.NewResourceUnitsap.m.StandardListItem{\"title\":\"PM Order\"}"}]}
RESULT: undefined
COMMAND: POST /session/a7b0557425261f11a09d542055100e7c/element - {"using":"xpath","value":"//*[@id=\"__item2519\"]"}
RESULT: {}
RESULT: {"using":"xpath","value":"//*[@id=\"__item2519\"]"}
COMMAND: POST /session/a7b0557425261f11a09d542055100e7c/element/f.5C65E3028755DB4580F909E5F2E770AF.d.E3DBD2DA4358375158825104A81EF749.e.2897/click - {}
RESULT: {}
COMMAND: GET /session/a7b0557425261f11a09d542055100e7c/screenshot - {}
RESULT: {}
COMMAND: POST /session/a7b0557425261f11a09d542055100e7c/element - {"using":"xpath","value":"(//input[contains(@id ,\"-application-manageresources-display-component---newResourceUnit--RUTimeSegment-0-inner\")])[8]"}
RESULT: {"using":"xpath","value":"(//input[contains(@id ,\"-application-manageresources-display-component---newResourceUnit--RUTimeSegment-0-inner\")])[8]"}
COMMAND: POST /session/a7b0557425261f11a09d542055100e7c/element/f.5C65E3028755DB4580F909E5F2E770AF.d.E3DBD2DA4358375158825104A81EF749.e.2900/clear - {}
RESULT: {}
COMMAND: POST /session/a7b0557425261f11a09d542055100e7c/element/f.5C65E3028755DB4580F909E5F2E770AF.d.E3DBD2DA4358375158825104A81EF749.e.2900/value - {"text":"4000360"}
COMMAND: GET /session/a7b0557425261f11a09d542055100e7c/screenshot - {}
RESULT: {"text":"4000360"}
COMMAND: GET /session/a7b0557425261f11a09d542055100e7c/screenshot - {}
RESULT: {}
RESULT: {}
COMMAND: POST /session/a7b0557425261f11a09d542055100e7c/actions - {"actions":[{"id":"action14","type":"key","parameters":{},"actions":[{"type":"keyDown","value":""},{"type":"pause","duration":10},{"type":"keyUp","value":""}]}]}
RESULT: {"actions":[{"id":"action14","type":"key","parameters":{},"actions":[{"type":"keyDown","value":""},{"type":"pause","duration":10},{"type":"keyUp","value":""}]}]}
COMMAND: GET /session/a7b0557425261f11a09d542055100e7c/screenshot - {}
RESULT: {}
COMMAND: POST /session/a7b0557425261f11a09d542055100e7c/element - {"using":"xpath","value":"//input[contains(@id ,\"application-manageresources-display-component---newResourceUnit--newTimeSegmentFromDatePicker-application-manageresources-display-component---newResourceUnit--RUTimeSegment-0-inner\")]"}
RESULT: {"using":"xpath","value":"//input[contains(@id ,\"application-manageresources-display-component---newResourceUnit--newTimeSegmentFromDatePicker-application-manageresources-display-component---newResourceUnit--RUTimeSegment-0-inner\")]"}
COMMAND: POST /session/a7b0557425261f11a09d542055100e7c/element/f.5C65E3028755DB4580F909E5F2E770AF.d.E3DBD2DA4358375158825104A81EF749.e.2886/clear - {}
RESULT: {}
COMMAND: POST /session/a7b0557425261f11a09d542055100e7c/element/f.5C65E3028755DB4580F909E5F2E770AF.d.E3DBD2DA4358375158825104A81EF749.e.2886/clear - {}
COMMAND: GET /session/a7b0557425261f11a09d542055100e7c/screenshot - {}
RESULT: {}
COMMAND: POST /session/a7b0557425261f11a09d542055100e7c/element/f.5C65E3028755DB4580F909E5F2E770AF.d.E3DBD2DA4358375158825104A81EF749.e.2886/value - {"text":"07/01/24"}
COMMAND: GET /session/a7b0557425261f11a09d542055100e7c/screenshot - {}
RESULT: {}
RESULT: {"text":"07/01/24"}
COMMAND: POST /session/a7b0557425261f11a09d542055100e7c/execute/async - {"script":"<script> [1562 bytes]","args":[{"selector":{"id":"application-manageresources-display-component---newResourceUnit--newRRUPage-anchBar-application-manageresources-display-component---newResourceUnit--resource-anchor","interaction":{"idSuffix":"BDI-content"}},"wdio_ui5_key":"applicationmanageresources-display-component---newResourceUnit--newRRUPage-anchBar-application-manageresources-display-component---newResourceUnit--resource-anchor"}]}
COMMAND: GET /session/a7b0557425261f11a09d542055100e7c/screenshot - {}
RESULT: {}
RESULT: {"script":"<script> [1562 bytes]","args":[{"selector":{"id":"application-manageresources-display-component---newResourceUnit--newRRUPage-anchBar-application-manageresources-display-component---newResourceUnit--resource-anchor","interaction":{"idSuffix":"BDI-content"}},"wdio_ui5_key":"applicationmanageresources-display-component---newResourceUnit--newRRUPage-anchBar-application-manageresources-display-component---newResourceUnit--resource-anchor"}]}
RESULT: undefined
COMMAND: POST /session/a7b0557425261f11a09d542055100e7c/element - {"using":"xpath","value":"//*[@id=\"application-manageresources-display-component---newResourceUnit--newRRUPage-anchBar-application-manageresources-display-component---newResourceUnit--resource-anchor\"]"}
RESULT: {}
RESULT: {"using":"xpath","value":"//*[@id=\"application-manageresources-display-component---newResourceUnit--newRRUPage-anchBar-application-manageresources-display-component---newResourceUnit--resource-anchor\"]"}
COMMAND: POST /session/a7b0557425261f11a09d542055100e7c/element/f.5C65E3028755DB4580F909E5F2E770AF.d.E3DBD2DA4358375158825104A81EF749.e.2920/click - {}
RESULT: {}
COMMAND: POST /session/a7b0557425261f11a09d542055100e7c/execute/async - {"script":"<script> [1562 bytes]","args":[{"selector":{"id":"application-manageresources-display-component---newResourceUnit--PLANNED_DELIVERY_DATE","interaction":{"idSuffix":"inner"}},"wdio_ui5_key":"applicationmanageresources-display-component---newResourceUnit--PLANNED_DELIVERY_DATE"}]}
COMMAND: GET /session/a7b0557425261f11a09d542055100e7c/screenshot - {}
RESULT: {"script":"<script> [1562 bytes]","args":[{"selector":{"id":"application-manageresources-display-component---newResourceUnit--PLANNED_DELIVERY_DATE","interaction":{"idSuffix":"inner"}},"wdio_ui5_key":"applicationmanageresources-display-component---newResourceUnit--PLANNED_DELIVERY_DATE"}]}
RESULT: undefined
COMMAND: POST /session/a7b0557425261f11a09d542055100e7c/execute/async - {"script":"<script> [6424 bytes]","args":[{"element-6066-11e4-a52e-4f735466cecf":"f.5C65E3028755DB4580F909E5F2E770AF.d.E3DBD2DA4358375158825104A81EF749.e.2750"},"setValue",["07/01/24"]]}
RESULT: {}
RESULT: {"script":"<script> [6424 bytes]","args":[{"element-6066-11e4-a52e-4f735466cecf":"f.5C65E3028755DB4580F909E5F2E770AF.d.E3DBD2DA4358375158825104A81EF749.e.2750"},"setValue",["07/01/24"]]}
COMMAND: POST /session/a7b0557425261f11a09d542055100e7c/execute/async - {"script":"<script> [1562 bytes]","args":[{"selector":{"id":"application-manageresources-display-component---newResourceUnit--RETIRE_PLANNED_DATE","interaction":{"idSuffix":"inner"}},"wdio_ui5_key":"applicationmanageresources-display-component---newResourceUnit--RETIRE_PLANNED_DATE"}]}
RESULT: {"script":"<script> [1562 bytes]","args":[{"selector":{"id":"application-manageresources-display-component---newResourceUnit--RETIRE_PLANNED_DATE","interaction":{"idSuffix":"inner"}},"wdio_ui5_key":"applicationmanageresources-display-component---newResourceUnit--RETIRE_PLANNED_DATE"}]}
RESULT: undefined
COMMAND: POST /session/a7b0557425261f11a09d542055100e7c/execute/async - {"script":"<script> [776 bytes]","args":[{"enterText":"3/14/29","selector":{"id":"application-manageresources-display-component---newResourceUnit--RETIRE_PLANNED_DATE","interaction":{"idSuffix":"inner"}},"clearTextFirst":true,"interactionType":"ENTER_TEXT"}]}
RESULT: {"script":"<script> [776 bytes]","args":[{"enterText":"3/14/29","selector":{"id":"application-manageresources-display-component---newResourceUnit--RETIRE_PLANNED_DATE","interaction":{"idSuffix":"inner"}},"clearTextFirst":true,"interactionType":"ENTER_TEXT"}]}
COMMAND: POST /session/a7b0557425261f11a09d542055100e7c/execute/async - {"script":"<script> [1562 bytes]","args":[{"selector":{"controlType":"sap.m.Button","viewName":"reusables.view.manageresources.NewResourceUnit","viewId":"application-manageresources-display-component---newResourceUnit","i18NText":{"propertyName":"tooltip","key":"save"},"interaction":{"idSuffix":"BDI-content"}},"wdio_ui5_key":"reusablesview.manageresources.NewResourceUnitsap.m.Button{\"propertyName\":\"tooltip\",\"key\":\"save\"}"}]}
RESULT: {"script":"<script> [1562 bytes]","args":[{"selector":{"controlType":"sap.m.Button","viewName":"reusables.view.manageresources.NewResourceUnit","viewId":"application-manageresources-display-component---newResourceUnit","i18NText":{"propertyName":"tooltip","key":"save"},"interaction":{"idSuffix":"BDI-content"}},"wdio_ui5_key":"reusablesview.manageresources.NewResourceUnitsap.m.Button{\"propertyName\":\"tooltip\",\"key\":\"save\"}"}]}
RESULT: undefined
COMMAND: POST /session/a7b0557425261f11a09d542055100e7c/element - {"using":"xpath","value":"//*[@id=\"application-manageresources-display-component---newResourceUnit--createRuButton\"]"}
RESULT: {"using":"xpath","value":"//*[@id=\"application-manageresources-display-component---newResourceUnit--createRuButton\"]"}
COMMAND: POST /session/a7b0557425261f11a09d542055100e7c/element/f.5C65E3028755DB4580F909E5F2E770AF.d.E3DBD2DA4358375158825104A81EF749.e.2710/click - {}
RESULT: {}
COMMAND: GET /session/a7b0557425261f11a09d542055100e7c/screenshot - {}
RESULT: {}
COMMAND: POST /session/a7b0557425261f11a09d542055100e7c/execute/async - {"script":"<script> [1562 bytes]","args":[{"selector":{"controlType":"sap.m.Button","properties":{"text":"Close"},"searchOpenDialogs":true,"interaction":{"idSuffix":"inner"}},"wdio_ui5_key":"sapm.Button{\"text\":\"Close\"}"}]}
RESULT: {"script":"<script> [1562 bytes]","args":[{"selector":{"controlType":"sap.m.Button","properties":{"text":"Close"},"searchOpenDialogs":true,"interaction":{"idSuffix":"inner"}},"wdio_ui5_key":"sapm.Button{\"text\":\"Close\"}"}]}
RESULT: undefined
COMMAND: POST /session/a7b0557425261f11a09d542055100e7c/element - {"using":"xpath","value":"//*[@id=\"__mbox-btn-0\"]"}
RESULT: {"using":"xpath","value":"//*[@id=\"__mbox-btn-0\"]"}
COMMAND: POST /session/a7b0557425261f11a09d542055100e7c/element/f.5C65E3028755DB4580F909E5F2E770AF.d.E3DBD2DA4358375158825104A81EF749.e.2930/click - {}
RESULT: {}
COMMAND: GET /session/a7b0557425261f11a09d542055100e7c/screenshot - {}
COMMAND: POST /session/a7b0557425261f11a09d542055100e7c/execute/async - {"script":"<script> [1562 bytes]","args":[{"selector":{"controlType":"sap.m.Text","viewName":"etm.portal.ui.manageresources.view.Detail","viewId":"application-manageresources-display-component---detailRU","bindingPath":{"propertyPath":"ID","modelName":"catalogModel"}},"wdio_ui5_key":"etmportal.ui.manageresources.view.Detailsap.m.Text{\"propertyPath\":\"ID\",\"modelName\":\"catalogModel\"}"}]}
RESULT: {}
RESULT: {"script":"<script> [1562 bytes]","args":[{"selector":{"controlType":"sap.m.Text","viewName":"etm.portal.ui.manageresources.view.Detail","viewId":"application-manageresources-display-component---detailRU","bindingPath":{"propertyPath":"ID","modelName":"catalogModel"}},"wdio_ui5_key":"etmportal.ui.manageresources.view.Detailsap.m.Text{\"propertyPath\":\"ID\",\"modelName\":\"catalogModel\"}"}]}
RESULT: undefined
COMMAND: POST /session/a7b0557425261f11a09d542055100e7c/execute/async - {"script":"<script> [6424 bytes]","args":[{"element-6066-11e4-a52e-4f735466cecf":"f.5C65E3028755DB4580F909E5F2E770AF.d.E3DBD2DA4358375158825104A81EF749.e.2962"},"getText",[]]}
RESULT: {"script":"<script> [6424 bytes]","args":[{"element-6066-11e4-a52e-4f735466cecf":"f.5C65E3028755DB4580F909E5F2E770AF.d.E3DBD2DA4358375158825104A81EF749.e.2962"},"getText",[]]}
COMMAND: POST /session/a7b0557425261f11a09d542055100e7c/element - {"using":"css selector","value":"#shell-header-logo"}
RESULT: {"using":"css selector","value":"#shell-header-logo"}
COMMAND: POST /session/a7b0557425261f11a09d542055100e7c/element/f.5C65E3028755DB4580F909E5F2E770AF.d.E3DBD2DA4358375158825104A81EF749.e.2330/click - {}
RESULT: {}
COMMAND: GET /session/a7b0557425261f11a09d542055100e7c/screenshot - {}
RESULT: {}
]]></system-out>
    </testcase>
    <testcase classname="chrome.136_0_7103_93.windows.Verify_RU_inventory_split_cost_information_US139363" name="Should do a stock increase for the equipment" time="88.272">
      <system-out><![CDATA[
COMMAND: POST /session/a7b0557425261f11a09d542055100e7c/execute/async - {"script":"<script> [1562 bytes]","args":[{"selector":{"controlType":"sap.m.GenericTile","properties":{"header":"Manage Handovers"}},"wdio_ui5_key":"sapm.GenericTile{\"header\":\"Manage Handovers\"}"}]}
RESULT: {"script":"<script> [1562 bytes]","args":[{"selector":{"controlType":"sap.m.GenericTile","properties":{"header":"Manage Handovers"}},"wdio_ui5_key":"sapm.GenericTile{\"header\":\"Manage Handovers\"}"}]}
RESULT: undefined
COMMAND: POST /session/a7b0557425261f11a09d542055100e7c/element - {"using":"xpath","value":"//*[@id=\"__tile132\"]"}
RESULT: {"using":"xpath","value":"//*[@id=\"__tile132\"]"}
COMMAND: POST /session/a7b0557425261f11a09d542055100e7c/element/f.5C65E3028755DB4580F909E5F2E770AF.d.E3DBD2DA4358375158825104A81EF749.e.2966/click - {}
RESULT: {}
COMMAND: GET /session/a7b0557425261f11a09d542055100e7c/screenshot - {}
RESULT: {}
COMMAND: POST /session/a7b0557425261f11a09d542055100e7c/elements - {"using":"xpath","value":"//span[text()='Error']"}
RESULT: {"using":"xpath","value":"//span[text()='Error']"}
COMMAND: POST /session/a7b0557425261f11a09d542055100e7c/element - {"using":"xpath","value":"//button[@data-kt=\"masterHOAddButton\"]"}
RESULT: {"using":"xpath","value":"//button[@data-kt=\"masterHOAddButton\"]"}
COMMAND: POST /session/a7b0557425261f11a09d542055100e7c/execute/sync - {"script":"<script> [8489 bytes]","args":[{"element-6066-11e4-a52e-4f735466cecf":"f.5C65E3028755DB4580F909E5F2E770AF.d.E3DBD2DA4358375158825104A81EF749.e.3021","ELEMENT":"f.5C65E3028755DB4580F909E5F2E770AF.d.E3DBD2DA4358375158825104A81EF749.e.3021"}]}
RESULT: {"script":"<script> [8489 bytes]","args":[{"element-6066-11e4-a52e-4f735466cecf":"f.5C65E3028755DB4580F909E5F2E770AF.d.E3DBD2DA4358375158825104A81EF749.e.3021","ELEMENT":"f.5C65E3028755DB4580F909E5F2E770AF.d.E3DBD2DA4358375158825104A81EF749.e.3021"}]}
COMMAND: POST /session/a7b0557425261f11a09d542055100e7c/element/f.5C65E3028755DB4580F909E5F2E770AF.d.E3DBD2DA4358375158825104A81EF749.e.3021/click - {}
COMMAND: GET /session/a7b0557425261f11a09d542055100e7c/screenshot - {}
RESULT: {}
COMMAND: GET /session/a7b0557425261f11a09d542055100e7c/screenshot - {}
RESULT: {}
COMMAND: POST /session/a7b0557425261f11a09d542055100e7c/element - {"using":"xpath","value":"//span[contains(@id ,\"AddNewHO--typeSelect-arrow\")]"}
RESULT: {}
RESULT: {"using":"xpath","value":"//span[contains(@id ,\"AddNewHO--typeSelect-arrow\")]"}
COMMAND: POST /session/a7b0557425261f11a09d542055100e7c/element/f.5C65E3028755DB4580F909E5F2E770AF.d.E3DBD2DA4358375158825104A81EF749.e.3380/click - {}
RESULT: {}
COMMAND: GET /session/a7b0557425261f11a09d542055100e7c/screenshot - {}
RESULT: {}
COMMAND: POST /session/a7b0557425261f11a09d542055100e7c/element - {"using":"xpath","value":"(//li[contains(text(), \"stock increase yard\")])[1]"}
RESULT: {"using":"xpath","value":"(//li[contains(text(), \"stock increase yard\")])[1]"}
COMMAND: POST /session/a7b0557425261f11a09d542055100e7c/element/f.5C65E3028755DB4580F909E5F2E770AF.d.E3DBD2DA4358375158825104A81EF749.e.3381/click - {}
RESULT: {}
COMMAND: GET /session/a7b0557425261f11a09d542055100e7c/screenshot - {}
RESULT: {}
COMMAND: POST /session/a7b0557425261f11a09d542055100e7c/execute/async - {"script":"<script> [1562 bytes]","args":[{"selector":{"id":"application-managehandovers-display-component---AddNewHO--dueDate","interaction":{"idSuffix":"inner"}},"wdio_ui5_key":"applicationmanagehandovers-display-component---AddNewHO--dueDate"}]}
RESULT: {"script":"<script> [1562 bytes]","args":[{"selector":{"id":"application-managehandovers-display-component---AddNewHO--dueDate","interaction":{"idSuffix":"inner"}},"wdio_ui5_key":"applicationmanagehandovers-display-component---AddNewHO--dueDate"}]}
RESULT: undefined
COMMAND: POST /session/a7b0557425261f11a09d542055100e7c/execute/async - {"script":"<script> [6424 bytes]","args":[{"element-6066-11e4-a52e-4f735466cecf":"f.5C65E3028755DB4580F909E5F2E770AF.d.E3DBD2DA4358375158825104A81EF749.e.3384"},"setValue",["6/1/25"]]}
RESULT: {"script":"<script> [6424 bytes]","args":[{"element-6066-11e4-a52e-4f735466cecf":"f.5C65E3028755DB4580F909E5F2E770AF.d.E3DBD2DA4358375158825104A81EF749.e.3384"},"setValue",["6/1/25"]]}
COMMAND: POST /session/a7b0557425261f11a09d542055100e7c/element - {"using":"xpath","value":"//input[@id=\"generalSectionFrg--receiveYard-inner\"]"}
RESULT: {"using":"xpath","value":"//input[@id=\"generalSectionFrg--receiveYard-inner\"]"}
COMMAND: POST /session/a7b0557425261f11a09d542055100e7c/element/f.5C65E3028755DB4580F909E5F2E770AF.d.E3DBD2DA4358375158825104A81EF749.e.3390/clear - {}
RESULT: {}
COMMAND: POST /session/a7b0557425261f11a09d542055100e7c/element/f.5C65E3028755DB4580F909E5F2E770AF.d.E3DBD2DA4358375158825104A81EF749.e.3390/value - {"text":"webdriveryard"}
COMMAND: GET /session/a7b0557425261f11a09d542055100e7c/screenshot - {}
RESULT: {"text":"webdriveryard"}
COMMAND: GET /session/a7b0557425261f11a09d542055100e7c/screenshot - {}
RESULT: {}
RESULT: {}
COMMAND: POST /session/a7b0557425261f11a09d542055100e7c/execute/async - {"script":"<script> [1562 bytes]","args":[{"selector":{"id":"application-managehandovers-display-component---AddNewHO--ObjectPageLayout-anchBar-application-managehandovers-display-component---AddNewHO--section4-anchor","interaction":{"idSuffix":"BDI-content"}},"wdio_ui5_key":"applicationmanagehandovers-display-component---AddNewHO--ObjectPageLayout-anchBar-application-managehandovers-display-component---AddNewHO--section4-anchor"}]}
RESULT: {"script":"<script> [1562 bytes]","args":[{"selector":{"id":"application-managehandovers-display-component---AddNewHO--ObjectPageLayout-anchBar-application-managehandovers-display-component---AddNewHO--section4-anchor","interaction":{"idSuffix":"BDI-content"}},"wdio_ui5_key":"applicationmanagehandovers-display-component---AddNewHO--ObjectPageLayout-anchBar-application-managehandovers-display-component---AddNewHO--section4-anchor"}]}
RESULT: undefined
COMMAND: POST /session/a7b0557425261f11a09d542055100e7c/element - {"using":"xpath","value":"//*[@id=\"application-managehandovers-display-component---AddNewHO--ObjectPageLayout-anchBar-application-managehandovers-display-component---AddNewHO--section4-anchor\"]"}
RESULT: {"using":"xpath","value":"//*[@id=\"application-managehandovers-display-component---AddNewHO--ObjectPageLayout-anchBar-application-managehandovers-display-component---AddNewHO--section4-anchor\"]"}
COMMAND: POST /session/a7b0557425261f11a09d542055100e7c/element/f.5C65E3028755DB4580F909E5F2E770AF.d.E3DBD2DA4358375158825104A81EF749.e.3411/click - {}
RESULT: {}
COMMAND: GET /session/a7b0557425261f11a09d542055100e7c/screenshot - {}
RESULT: {}
COMMAND: POST /session/a7b0557425261f11a09d542055100e7c/element - {"using":"xpath","value":"//button[@aria-label=\"Add\"]"}
RESULT: {"using":"xpath","value":"//button[@aria-label=\"Add\"]"}
COMMAND: POST /session/a7b0557425261f11a09d542055100e7c/element/f.5C65E3028755DB4580F909E5F2E770AF.d.E3DBD2DA4358375158825104A81EF749.e.3415/click - {}
RESULT: {}
COMMAND: GET /session/a7b0557425261f11a09d542055100e7c/screenshot - {}
RESULT: {}
COMMAND: POST /session/a7b0557425261f11a09d542055100e7c/execute/async - {"script":"<script> [1562 bytes]","args":[{"selector":{"id":"application-managehandovers-display-component---AddNewHO--smartFilterBar-btnBasicSearch","searchOpenDialogs":true,"interaction":{"idSuffix":"I"}},"wdio_ui5_key":"applicationmanagehandovers-display-component---AddNewHO--smartFilterBar-btnBasicSearch"}]}
RESULT: {"script":"<script> [1562 bytes]","args":[{"selector":{"id":"application-managehandovers-display-component---AddNewHO--smartFilterBar-btnBasicSearch","searchOpenDialogs":true,"interaction":{"idSuffix":"I"}},"wdio_ui5_key":"applicationmanagehandovers-display-component---AddNewHO--smartFilterBar-btnBasicSearch"}]}
RESULT: undefined
COMMAND: POST /session/a7b0557425261f11a09d542055100e7c/execute/async - {"script":"<script> [776 bytes]","args":[{"enterText":"WdIOTestEquipzxgrs","selector":{"id":"application-managehandovers-display-component---AddNewHO--smartFilterBar-btnBasicSearch","searchOpenDialogs":true,"interaction":{"idSuffix":"I"}},"clearTextFirst":true,"interactionType":"ENTER_TEXT"}]}
RESULT: {"script":"<script> [776 bytes]","args":[{"enterText":"WdIOTestEquipzxgrs","selector":{"id":"application-managehandovers-display-component---AddNewHO--smartFilterBar-btnBasicSearch","searchOpenDialogs":true,"interaction":{"idSuffix":"I"}},"clearTextFirst":true,"interactionType":"ENTER_TEXT"}]}
COMMAND: POST /session/a7b0557425261f11a09d542055100e7c/actions - {"actions":[{"id":"action15","type":"key","parameters":{},"actions":[{"type":"keyDown","value":""},{"type":"pause","duration":10},{"type":"keyUp","value":""}]}]}
RESULT: {"actions":[{"id":"action15","type":"key","parameters":{},"actions":[{"type":"keyDown","value":""},{"type":"pause","duration":10},{"type":"keyUp","value":""}]}]}
COMMAND: POST /session/a7b0557425261f11a09d542055100e7c/execute/async - {"script":"<script> [1562 bytes]","args":[{"selector":{"id":"application-managehandovers-display-component---AddNewHO--popup-sa","searchOpenDialogs":true,"interaction":{"idSuffix":"CbBg"}},"wdio_ui5_key":"applicationmanagehandovers-display-component---AddNewHO--popup-sa"}]}
COMMAND: GET /session/a7b0557425261f11a09d542055100e7c/screenshot - {}
RESULT: {"script":"<script> [1562 bytes]","args":[{"selector":{"id":"application-managehandovers-display-component---AddNewHO--popup-sa","searchOpenDialogs":true,"interaction":{"idSuffix":"CbBg"}},"wdio_ui5_key":"applicationmanagehandovers-display-component---AddNewHO--popup-sa"}]}
RESULT: undefined
COMMAND: POST /session/a7b0557425261f11a09d542055100e7c/element - {"using":"xpath","value":"//*[@id=\"application-managehandovers-display-component---AddNewHO--popup-sa\"]"}
RESULT: {}
RESULT: {"using":"xpath","value":"//*[@id=\"application-managehandovers-display-component---AddNewHO--popup-sa\"]"}
COMMAND: POST /session/a7b0557425261f11a09d542055100e7c/element/f.5C65E3028755DB4580F909E5F2E770AF.d.E3DBD2DA4358375158825104A81EF749.e.3542/click - {}
RESULT: {}
COMMAND: GET /session/a7b0557425261f11a09d542055100e7c/screenshot - {}
RESULT: {}
COMMAND: POST /session/a7b0557425261f11a09d542055100e7c/element - {"using":"xpath","value":"//bdi[contains(text(), \"Select\")]"}
RESULT: {"using":"xpath","value":"//bdi[contains(text(), \"Select\")]"}
COMMAND: POST /session/a7b0557425261f11a09d542055100e7c/element/f.5C65E3028755DB4580F909E5F2E770AF.d.E3DBD2DA4358375158825104A81EF749.e.3543/click - {}
RESULT: {}
COMMAND: GET /session/a7b0557425261f11a09d542055100e7c/screenshot - {}
RESULT: {}
COMMAND: POST /session/a7b0557425261f11a09d542055100e7c/element - {"using":"xpath","value":"//button[@data-kt=\"AddNewHOSaveButton\"]"}
RESULT: {"using":"xpath","value":"//button[@data-kt=\"AddNewHOSaveButton\"]"}
COMMAND: POST /session/a7b0557425261f11a09d542055100e7c/element/f.5C65E3028755DB4580F909E5F2E770AF.d.E3DBD2DA4358375158825104A81EF749.e.3547/click - {}
RESULT: {}
COMMAND: GET /session/a7b0557425261f11a09d542055100e7c/screenshot - {}
RESULT: {}
COMMAND: POST /session/a7b0557425261f11a09d542055100e7c/execute/async - {"script":"<script> [1562 bytes]","args":[{"selector":{"id":"receiptDatePicker","viewName":"etm.portal.ui.managehandovers.view.DetailExecuteHO","interaction":{"idSuffix":"inner"}},"wdio_ui5_key":"receiptDatePickeretmportal.ui.managehandovers.view.DetailExecuteHO"}]}
RESULT: {"script":"<script> [1562 bytes]","args":[{"selector":{"id":"receiptDatePicker","viewName":"etm.portal.ui.managehandovers.view.DetailExecuteHO","interaction":{"idSuffix":"inner"}},"wdio_ui5_key":"receiptDatePickeretmportal.ui.managehandovers.view.DetailExecuteHO"}]}
RESULT: undefined
COMMAND: POST /session/a7b0557425261f11a09d542055100e7c/execute/async - {"script":"<script> [6424 bytes]","args":[{"element-6066-11e4-a52e-4f735466cecf":"f.5C65E3028755DB4580F909E5F2E770AF.d.E3DBD2DA4358375158825104A81EF749.e.3574"},"setValue",["6/1/25"]]}
RESULT: {"script":"<script> [6424 bytes]","args":[{"element-6066-11e4-a52e-4f735466cecf":"f.5C65E3028755DB4580F909E5F2E770AF.d.E3DBD2DA4358375158825104A81EF749.e.3574"},"setValue",["6/1/25"]]}
COMMAND: POST /session/a7b0557425261f11a09d542055100e7c/actions - {"actions":[{"id":"action16","type":"key","parameters":{},"actions":[{"type":"keyDown","value":""},{"type":"pause","duration":10},{"type":"keyUp","value":""}]}]}
RESULT: {"actions":[{"id":"action16","type":"key","parameters":{},"actions":[{"type":"keyDown","value":""},{"type":"pause","duration":10},{"type":"keyUp","value":""}]}]}
COMMAND: POST /session/a7b0557425261f11a09d542055100e7c/actions - {"actions":[{"id":"action17","type":"key","parameters":{},"actions":[{"type":"keyDown","value":""},{"type":"pause","duration":10},{"type":"keyUp","value":""}]}]}
COMMAND: GET /session/a7b0557425261f11a09d542055100e7c/screenshot - {}
RESULT: {"actions":[{"id":"action17","type":"key","parameters":{},"actions":[{"type":"keyDown","value":""},{"type":"pause","duration":10},{"type":"keyUp","value":""}]}]}
COMMAND: POST /session/a7b0557425261f11a09d542055100e7c/element - {"using":"xpath","value":"//button[@data-kt=\"ReceivingTableConfirmAllButton\"]"}
COMMAND: GET /session/a7b0557425261f11a09d542055100e7c/screenshot - {}
RESULT: {}
RESULT: {"using":"xpath","value":"//button[@data-kt=\"ReceivingTableConfirmAllButton\"]"}
COMMAND: POST /session/a7b0557425261f11a09d542055100e7c/element/f.5C65E3028755DB4580F909E5F2E770AF.d.E3DBD2DA4358375158825104A81EF749.e.3590/click - {}
RESULT: {}
RESULT: {}
COMMAND: GET /session/a7b0557425261f11a09d542055100e7c/screenshot - {}
RESULT: {}
COMMAND: POST /session/a7b0557425261f11a09d542055100e7c/element - {"using":"xpath","value":"//bdi[contains(text(), \"OK\")]"}
RESULT: {"using":"xpath","value":"//bdi[contains(text(), \"OK\")]"}
COMMAND: POST /session/a7b0557425261f11a09d542055100e7c/element/f.5C65E3028755DB4580F909E5F2E770AF.d.E3DBD2DA4358375158825104A81EF749.e.3592/click - {}
RESULT: {}
COMMAND: GET /session/a7b0557425261f11a09d542055100e7c/screenshot - {}
RESULT: {}
COMMAND: POST /session/a7b0557425261f11a09d542055100e7c/element - {"using":"xpath","value":"(//bdi[contains(text(), \"Receive\")])[2]"}
RESULT: {"using":"xpath","value":"(//bdi[contains(text(), \"Receive\")])[2]"}
COMMAND: POST /session/a7b0557425261f11a09d542055100e7c/element/f.5C65E3028755DB4580F909E5F2E770AF.d.E3DBD2DA4358375158825104A81EF749.e.3594/click - {}
RESULT: {}
COMMAND: GET /session/a7b0557425261f11a09d542055100e7c/screenshot - {}
RESULT: {}
COMMAND: POST /session/a7b0557425261f11a09d542055100e7c/element - {"using":"css selector","value":"#shell-header-logo"}
RESULT: {"using":"css selector","value":"#shell-header-logo"}
COMMAND: POST /session/a7b0557425261f11a09d542055100e7c/element/f.5C65E3028755DB4580F909E5F2E770AF.d.E3DBD2DA4358375158825104A81EF749.e.2971/click - {}
RESULT: {}
]]></system-out>
    </testcase>
    <testcase classname="chrome.136_0_7103_93.windows.Verify_RU_inventory_split_cost_information_US139363" name="Should navigate to RU inventory and add the resource to the contract" time="99.09">
      <system-out><![CDATA[
COMMAND: POST /session/a7b0557425261f11a09d542055100e7c/execute/async - {"script":"<script> [1562 bytes]","args":[{"selector":{"controlType":"sap.m.GenericTile","properties":{"header":"RU Inventory List"}},"wdio_ui5_key":"sapm.GenericTile{\"header\":\"RU Inventory List\"}"}]}
COMMAND: GET /session/a7b0557425261f11a09d542055100e7c/screenshot - {}
RESULT: {"script":"<script> [1562 bytes]","args":[{"selector":{"controlType":"sap.m.GenericTile","properties":{"header":"RU Inventory List"}},"wdio_ui5_key":"sapm.GenericTile{\"header\":\"RU Inventory List\"}"}]}
RESULT: undefined
COMMAND: POST /session/a7b0557425261f11a09d542055100e7c/element - {"using":"xpath","value":"//*[@id=\"__tile99\"]"}
RESULT: {}
RESULT: {"using":"xpath","value":"//*[@id=\"__tile99\"]"}
COMMAND: POST /session/a7b0557425261f11a09d542055100e7c/element/f.5C65E3028755DB4580F909E5F2E770AF.d.E3DBD2DA4358375158825104A81EF749.e.3839/click - {}
RESULT: {}
COMMAND: GET /session/a7b0557425261f11a09d542055100e7c/screenshot - {}
RESULT: {}
COMMAND: POST /session/a7b0557425261f11a09d542055100e7c/elements - {"using":"xpath","value":"//span[text()='Error']"}
RESULT: {"using":"xpath","value":"//span[text()='Error']"}
COMMAND: POST /session/a7b0557425261f11a09d542055100e7c/execute/async - {"script":"<script> [1562 bytes]","args":[{"selector":{"id":"application-ruinventorylist-display-component---Master--smartFilterBar-btnBasicSearch","interaction":{"idSuffix":"I"}},"wdio_ui5_key":"applicationruinventorylist-display-component---Master--smartFilterBar-btnBasicSearch"}]}
RESULT: {"script":"<script> [1562 bytes]","args":[{"selector":{"id":"application-ruinventorylist-display-component---Master--smartFilterBar-btnBasicSearch","interaction":{"idSuffix":"I"}},"wdio_ui5_key":"applicationruinventorylist-display-component---Master--smartFilterBar-btnBasicSearch"}]}
RESULT: undefined
COMMAND: POST /session/a7b0557425261f11a09d542055100e7c/execute/async - {"script":"<script> [776 bytes]","args":[{"enterText":"WdIOTestEquipzxgrs","selector":{"id":"application-ruinventorylist-display-component---Master--smartFilterBar-btnBasicSearch","interaction":{"idSuffix":"I"}},"clearTextFirst":true,"interactionType":"ENTER_TEXT"}]}
RESULT: {"script":"<script> [776 bytes]","args":[{"enterText":"WdIOTestEquipzxgrs","selector":{"id":"application-ruinventorylist-display-component---Master--smartFilterBar-btnBasicSearch","interaction":{"idSuffix":"I"}},"clearTextFirst":true,"interactionType":"ENTER_TEXT"}]}
COMMAND: POST /session/a7b0557425261f11a09d542055100e7c/actions - {"actions":[{"id":"action18","type":"key","parameters":{},"actions":[{"type":"keyDown","value":""},{"type":"pause","duration":10},{"type":"keyUp","value":""}]}]}
RESULT: {"actions":[{"id":"action18","type":"key","parameters":{},"actions":[{"type":"keyDown","value":""},{"type":"pause","duration":10},{"type":"keyUp","value":""}]}]}
COMMAND: GET /session/a7b0557425261f11a09d542055100e7c/screenshot - {}
RESULT: {}
COMMAND: POST /session/a7b0557425261f11a09d542055100e7c/execute/async - {"script":"<script> [1562 bytes]","args":[{"selector":{"id":"application-ruinventorylist-display-component---Master--smartTableRuInventoryList-header"},"wdio_ui5_key":"applicationruinventorylist-display-component---Master--smartTableRuInventoryList-header"}]}
RESULT: {"script":"<script> [1562 bytes]","args":[{"selector":{"id":"application-ruinventorylist-display-component---Master--smartTableRuInventoryList-header"},"wdio_ui5_key":"applicationruinventorylist-display-component---Master--smartTableRuInventoryList-header"}]}
RESULT: undefined
COMMAND: POST /session/a7b0557425261f11a09d542055100e7c/execute/async - {"script":"<script> [6424 bytes]","args":[{"element-6066-11e4-a52e-4f735466cecf":"f.5C65E3028755DB4580F909E5F2E770AF.d.E3DBD2DA4358375158825104A81EF749.e.4051"},"getText",[]]}
RESULT: {"script":"<script> [6424 bytes]","args":[{"element-6066-11e4-a52e-4f735466cecf":"f.5C65E3028755DB4580F909E5F2E770AF.d.E3DBD2DA4358375158825104A81EF749.e.4051"},"getText",[]]}
COMMAND: POST /session/a7b0557425261f11a09d542055100e7c/execute/async - {"script":"<script> [1562 bytes]","args":[{"selector":{"id":"application-ruinventorylist-display-component---Master--createContractItemsBtn-img"},"wdio_ui5_key":"applicationruinventorylist-display-component---Master--createContractItemsBtn-img"}]}
RESULT: {"script":"<script> [1562 bytes]","args":[{"selector":{"id":"application-ruinventorylist-display-component---Master--createContractItemsBtn-img"},"wdio_ui5_key":"applicationruinventorylist-display-component---Master--createContractItemsBtn-img"}]}
RESULT: undefined
COMMAND: POST /session/a7b0557425261f11a09d542055100e7c/element - {"using":"xpath","value":"//*[@id=\"application-ruinventorylist-display-component---Master--createContractItemsBtn-img\"]"}
RESULT: {"using":"xpath","value":"//*[@id=\"application-ruinventorylist-display-component---Master--createContractItemsBtn-img\"]"}
COMMAND: POST /session/a7b0557425261f11a09d542055100e7c/element/f.5C65E3028755DB4580F909E5F2E770AF.d.E3DBD2DA4358375158825104A81EF749.e.3885/click - {}
RESULT: {}
COMMAND: GET /session/a7b0557425261f11a09d542055100e7c/screenshot - {}
RESULT: {}
COMMAND: POST /session/a7b0557425261f11a09d542055100e7c/element - {"using":"xpath","value":"//div[contains(@id ,\"application-ruinventorylist-display-component---Master--tableRuInventoryList-sa-CbBg\")]"}
RESULT: {"using":"xpath","value":"//div[contains(@id ,\"application-ruinventorylist-display-component---Master--tableRuInventoryList-sa-CbBg\")]"}
COMMAND: POST /session/a7b0557425261f11a09d542055100e7c/element/f.5C65E3028755DB4580F909E5F2E770AF.d.E3DBD2DA4358375158825104A81EF749.e.4060/click - {}
RESULT: {}
RESULT: undefined
COMMAND: POST /session/a7b0557425261f11a09d542055100e7c/element - {"using":"xpath","value":"//*[@id=\"application-ruinventorylist-display-component---Master--createContractItemsBtn-img\"]"}
COMMAND: GET /session/a7b0557425261f11a09d542055100e7c/screenshot - {}
RESULT: {"using":"xpath","value":"//*[@id=\"application-ruinventorylist-display-component---Master--createContractItemsBtn-img\"]"}
COMMAND: POST /session/a7b0557425261f11a09d542055100e7c/element/f.5C65E3028755DB4580F909E5F2E770AF.d.E3DBD2DA4358375158825104A81EF749.e.3885/click - {}
RESULT: {}
RESULT: {}
COMMAND: GET /session/a7b0557425261f11a09d542055100e7c/screenshot - {}
RESULT: {}
COMMAND: POST /session/a7b0557425261f11a09d542055100e7c/element - {"using":"xpath","value":"//div[contains(@class ,\"sapMObjStatus sapMObjStatusError sapMObjStatusActive\")]"}
RESULT: {"using":"xpath","value":"//div[contains(@class ,\"sapMObjStatus sapMObjStatusError sapMObjStatusActive\")]"}
COMMAND: POST /session/a7b0557425261f11a09d542055100e7c/elements - {"using":"xpath","value":"//div[contains(@class ,\"sapMObjStatus sapMObjStatusError sapMObjStatusActive\")]"}
RESULT: {"using":"xpath","value":"//div[contains(@class ,\"sapMObjStatus sapMObjStatusError sapMObjStatusActive\")]"}
COMMAND: POST /session/a7b0557425261f11a09d542055100e7c/element - {"using":"xpath","value":"//input[contains(@id, \"application-ruinventorylist-display-component---Master--contractCb-inner\")]"}
RESULT: {"using":"xpath","value":"//input[contains(@id, \"application-ruinventorylist-display-component---Master--contractCb-inner\")]"}
COMMAND: POST /session/a7b0557425261f11a09d542055100e7c/element/f.5C65E3028755DB4580F909E5F2E770AF.d.E3DBD2DA4358375158825104A81EF749.e.4063/clear - {}
RESULT: {}
COMMAND: POST /session/a7b0557425261f11a09d542055100e7c/element/f.5C65E3028755DB4580F909E5F2E770AF.d.E3DBD2DA4358375158825104A81EF749.e.4063/value - {"text":"10419"}
COMMAND: GET /session/a7b0557425261f11a09d542055100e7c/screenshot - {}
RESULT: {"text":"10419"}
COMMAND: GET /session/a7b0557425261f11a09d542055100e7c/screenshot - {}
RESULT: {}
RESULT: {}
COMMAND: POST /session/a7b0557425261f11a09d542055100e7c/actions - {"actions":[{"id":"action19","type":"key","parameters":{},"actions":[{"type":"keyDown","value":""},{"type":"pause","duration":10},{"type":"keyUp","value":""}]}]}
RESULT: {"actions":[{"id":"action19","type":"key","parameters":{},"actions":[{"type":"keyDown","value":""},{"type":"pause","duration":10},{"type":"keyUp","value":""}]}]}
COMMAND: GET /session/a7b0557425261f11a09d542055100e7c/screenshot - {}
RESULT: {}
COMMAND: POST /session/a7b0557425261f11a09d542055100e7c/actions - {"actions":[{"id":"action20","type":"key","parameters":{},"actions":[{"type":"keyDown","value":""},{"type":"pause","duration":10},{"type":"keyUp","value":""}]}]}
RESULT: {"actions":[{"id":"action20","type":"key","parameters":{},"actions":[{"type":"keyDown","value":""},{"type":"pause","duration":10},{"type":"keyUp","value":""}]}]}
COMMAND: GET /session/a7b0557425261f11a09d542055100e7c/screenshot - {}
RESULT: {}
COMMAND: POST /session/a7b0557425261f11a09d542055100e7c/element - {"using":"xpath","value":"//input[contains(@id, \"application-ruinventorylist-display-component---Master--endDate-inner\")]"}
RESULT: {"using":"xpath","value":"//input[contains(@id, \"application-ruinventorylist-display-component---Master--endDate-inner\")]"}
COMMAND: POST /session/a7b0557425261f11a09d542055100e7c/element/f.5C65E3028755DB4580F909E5F2E770AF.d.E3DBD2DA4358375158825104A81EF749.e.4066/clear - {}
RESULT: {}
COMMAND: POST /session/a7b0557425261f11a09d542055100e7c/element/f.5C65E3028755DB4580F909E5F2E770AF.d.E3DBD2DA4358375158825104A81EF749.e.4066/value - {"text":"06/02/25"}
COMMAND: GET /session/a7b0557425261f11a09d542055100e7c/screenshot - {}
RESULT: {"text":"06/02/25"}
COMMAND: POST /session/a7b0557425261f11a09d542055100e7c/element - {"using":"xpath","value":"(//div[contains(@data-kt ,\"characteristicsObjectStatus\")])[2]"}
COMMAND: GET /session/a7b0557425261f11a09d542055100e7c/screenshot - {}
RESULT: {}
RESULT: {"using":"xpath","value":"(//div[contains(@data-kt ,\"characteristicsObjectStatus\")])[2]"}
COMMAND: POST /session/a7b0557425261f11a09d542055100e7c/element/f.5C65E3028755DB4580F909E5F2E770AF.d.E3DBD2DA4358375158825104A81EF749.e.4080/click - {}
RESULT: {}
RESULT: {}
COMMAND: GET /session/a7b0557425261f11a09d542055100e7c/screenshot - {}
RESULT: {}
COMMAND: POST /session/a7b0557425261f11a09d542055100e7c/element - {"using":"xpath","value":"//span[contains(@id ,\"application-ruinventorylist-display-component---Master--addSplitCharacteristicsRowButton-img\")]"}
RESULT: {"using":"xpath","value":"//span[contains(@id ,\"application-ruinventorylist-display-component---Master--addSplitCharacteristicsRowButton-img\")]"}
COMMAND: POST /session/a7b0557425261f11a09d542055100e7c/element/f.5C65E3028755DB4580F909E5F2E770AF.d.E3DBD2DA4358375158825104A81EF749.e.4083/click - {}
RESULT: {}
COMMAND: POST /session/a7b0557425261f11a09d542055100e7c/element - {"using":"xpath","value":"(//input[contains(@id ,\"application-ruinventorylist-display-component---Master--splitCharacteristicsTable-0-inner\")])[1]"}
COMMAND: GET /session/a7b0557425261f11a09d542055100e7c/screenshot - {}
RESULT: {"using":"xpath","value":"(//input[contains(@id ,\"application-ruinventorylist-display-component---Master--splitCharacteristicsTable-0-inner\")])[1]"}
COMMAND: POST /session/a7b0557425261f11a09d542055100e7c/element/f.5C65E3028755DB4580F909E5F2E770AF.d.E3DBD2DA4358375158825104A81EF749.e.4086/clear - {}
RESULT: {}
RESULT: {}
COMMAND: POST /session/a7b0557425261f11a09d542055100e7c/element/f.5C65E3028755DB4580F909E5F2E770AF.d.E3DBD2DA4358375158825104A81EF749.e.4086/value - {"text":"Cost Center"}
COMMAND: GET /session/a7b0557425261f11a09d542055100e7c/screenshot - {}
RESULT: {"text":"Cost Center"}
COMMAND: GET /session/a7b0557425261f11a09d542055100e7c/screenshot - {}
RESULT: {}
RESULT: {}
COMMAND: POST /session/a7b0557425261f11a09d542055100e7c/actions - {"actions":[{"id":"action21","type":"key","parameters":{},"actions":[{"type":"keyDown","value":""},{"type":"pause","duration":10},{"type":"keyUp","value":""}]}]}
RESULT: {"actions":[{"id":"action21","type":"key","parameters":{},"actions":[{"type":"keyDown","value":""},{"type":"pause","duration":10},{"type":"keyUp","value":""}]}]}
COMMAND: POST /session/a7b0557425261f11a09d542055100e7c/execute/async - {"script":"<script> [1562 bytes]","args":[{"selector":{"controlType":"sap.ui.core.Icon","viewName":"etm.portal.ui.ruinventorylist.view.Master","viewId":"application-ruinventorylist-display-component---Master","properties":{"src":{"regex":{"source":"value\\-help"}}},"searchOpenDialogs":true,"ancestor":{"controlType":"sap.m.ColumnListItem","viewName":"etm.portal.ui.ruinventorylist.view.Master","viewId":"application-ruinventorylist-display-component---Master","bindingPath":{"modelName":"additionalRequiredFields","path":"/currentCharacteristics/0"},"ancestor":{"id":"application-ruinventorylist-display-component---Master--splitCharacteristicsTable","searchOpenDialogs":true}}},"wdio_ui5_key":"etmportal.ui.ruinventorylist.view.Mastersap.ui.core.Icon{\"src\":{\"regex\":{\"source\":\"value\\\\-help\"}}}{\"controlType\":\"sap.m.ColumnListItem\",\"viewName\":\"etm.portal.ui.ruinventorylist.view.Master\",\"viewId\":\"application-ruinventorylist-display-component---Master\",\"bindingPath\":{\"modelName\":\"additionalRequiredFields\",\"path\":\"/currentCharacteristics/0\"},\"ancestor\":{\"id\":\"application-ruinventorylist-display-component---Master--splitCharacteristicsTable\",\"searchOpenDialogs\":true}}"}]}
COMMAND: GET /session/a7b0557425261f11a09d542055100e7c/screenshot - {}
RESULT: {"script":"<script> [1562 bytes]","args":[{"selector":{"controlType":"sap.ui.core.Icon","viewName":"etm.portal.ui.ruinventorylist.view.Master","viewId":"application-ruinventorylist-display-component---Master","properties":{"src":{"regex":{"source":"value\\-help"}}},"searchOpenDialogs":true,"ancestor":{"controlType":"sap.m.ColumnListItem","viewName":"etm.portal.ui.ruinventorylist.view.Master","viewId":"application-ruinventorylist-display-component---Master","bindingPath":{"modelName":"additionalRequiredFields","path":"/currentCharacteristics/0"},"ancestor":{"id":"application-ruinventorylist-display-component---Master--splitCharacteristicsTable","searchOpenDialogs":true}}},"wdio_ui5_key":"etmportal.ui.ruinventorylist.view.Mastersap.ui.core.Icon{\"src\":{\"regex\":{\"source\":\"value\\\\-help\"}}}{\"controlType\":\"sap.m.ColumnListItem\",\"viewName\":\"etm.portal.ui.ruinventorylist.view.Master\",\"viewId\":\"application-ruinventorylist-display-component---Master\",\"bindingPath\":{\"modelName\":\"additionalRequiredFields\",\"path\":\"/currentCharacteristics/0\"},\"ancestor\":{\"id\":\"application-ruinventorylist-display-component---Master--splitCharacteristicsTable\",\"searchOpenDialogs\":true}}"}]}
RESULT: undefined
COMMAND: POST /session/a7b0557425261f11a09d542055100e7c/element - {"using":"xpath","value":"//*[@id=\"__help4-application-ruinventorylist-display-component---Master--splitCharacteristicsTable-0-vhi\"]"}
RESULT: {}
RESULT: {"using":"xpath","value":"//*[@id=\"__help4-application-ruinventorylist-display-component---Master--splitCharacteristicsTable-0-vhi\"]"}
COMMAND: POST /session/a7b0557425261f11a09d542055100e7c/element/f.5C65E3028755DB4580F909E5F2E770AF.d.E3DBD2DA4358375158825104A81EF749.e.4094/click - {}
RESULT: {}
COMMAND: POST /session/a7b0557425261f11a09d542055100e7c/element - {"using":"xpath","value":"(//input[contains(@aria-label ,\"Search\")])[1]"}
COMMAND: GET /session/a7b0557425261f11a09d542055100e7c/screenshot - {}
RESULT: {"using":"xpath","value":"(//input[contains(@aria-label ,\"Search\")])[1]"}
COMMAND: POST /session/a7b0557425261f11a09d542055100e7c/element/f.5C65E3028755DB4580F909E5F2E770AF.d.E3DBD2DA4358375158825104A81EF749.e.4097/clear - {}
RESULT: {}
RESULT: {}
COMMAND: POST /session/a7b0557425261f11a09d542055100e7c/element/f.5C65E3028755DB4580F909E5F2E770AF.d.E3DBD2DA4358375158825104A81EF749.e.4097/value - {"text":"10001010"}
COMMAND: GET /session/a7b0557425261f11a09d542055100e7c/screenshot - {}
RESULT: {"text":"10001010"}
COMMAND: POST /session/a7b0557425261f11a09d542055100e7c/actions - {"actions":[{"id":"action22","type":"key","parameters":{},"actions":[{"type":"keyDown","value":""},{"type":"pause","duration":10},{"type":"keyUp","value":""}]}]}
COMMAND: GET /session/a7b0557425261f11a09d542055100e7c/screenshot - {}
RESULT: {}
RESULT: {"actions":[{"id":"action22","type":"key","parameters":{},"actions":[{"type":"keyDown","value":""},{"type":"pause","duration":10},{"type":"keyUp","value":""}]}]}
COMMAND: GET /session/a7b0557425261f11a09d542055100e7c/screenshot - {}
RESULT: {}
RESULT: {}
COMMAND: POST /session/a7b0557425261f11a09d542055100e7c/element - {"using":"xpath","value":"(//span[contains(text(), \"Purchasing\")])[1]"}
RESULT: {"using":"xpath","value":"(//span[contains(text(), \"Purchasing\")])[1]"}
COMMAND: POST /session/a7b0557425261f11a09d542055100e7c/element/f.5C65E3028755DB4580F909E5F2E770AF.d.E3DBD2DA4358375158825104A81EF749.e.4134/click - {}
RESULT: {}
COMMAND: GET /session/a7b0557425261f11a09d542055100e7c/screenshot - {}
RESULT: {}
COMMAND: POST /session/a7b0557425261f11a09d542055100e7c/element - {"using":"xpath","value":"//span[contains(@id ,\"ok-content\")]"}
RESULT: {"using":"xpath","value":"//span[contains(@id ,\"ok-content\")]"}
COMMAND: POST /session/a7b0557425261f11a09d542055100e7c/element/f.5C65E3028755DB4580F909E5F2E770AF.d.E3DBD2DA4358375158825104A81EF749.e.4135/click - {}
RESULT: {}
COMMAND: GET /session/a7b0557425261f11a09d542055100e7c/screenshot - {}
RESULT: {}
COMMAND: POST /session/a7b0557425261f11a09d542055100e7c/element - {"using":"xpath","value":"//bdi[contains(text(), \"Save\")]"}
RESULT: {"using":"xpath","value":"//bdi[contains(text(), \"Save\")]"}
COMMAND: POST /session/a7b0557425261f11a09d542055100e7c/element/f.5C65E3028755DB4580F909E5F2E770AF.d.E3DBD2DA4358375158825104A81EF749.e.4138/click - {}
RESULT: {}
COMMAND: GET /session/a7b0557425261f11a09d542055100e7c/screenshot - {}
RESULT: {}
COMMAND: POST /session/a7b0557425261f11a09d542055100e7c/element - {"using":"xpath","value":"//bdi[contains(text(), \"OK\")]"}
RESULT: {"using":"xpath","value":"//bdi[contains(text(), \"OK\")]"}
COMMAND: POST /session/a7b0557425261f11a09d542055100e7c/element/f.5C65E3028755DB4580F909E5F2E770AF.d.E3DBD2DA4358375158825104A81EF749.e.4140/click - {}
RESULT: {}
COMMAND: GET /session/a7b0557425261f11a09d542055100e7c/screenshot - {}
RESULT: {}
COMMAND: POST /session/a7b0557425261f11a09d542055100e7c/actions - {"actions":[{"id":"action23","type":"key","parameters":{},"actions":[{"type":"keyDown","value":""},{"type":"pause","duration":10},{"type":"keyUp","value":""}]}]}
RESULT: {"actions":[{"id":"action23","type":"key","parameters":{},"actions":[{"type":"keyDown","value":""},{"type":"pause","duration":10},{"type":"keyUp","value":""}]}]}
COMMAND: GET /session/a7b0557425261f11a09d542055100e7c/screenshot - {}
RESULT: {}
COMMAND: POST /session/a7b0557425261f11a09d542055100e7c/execute/async - {"script":"<script> [1562 bytes]","args":[{"selector":{"controlType":"sap.m.Title","viewName":"etm.portal.ui.managecontracts.view.Detail","properties":{"text":"Contract Items (1)"}},"wdio_ui5_key":"etmportal.ui.managecontracts.view.Detailsap.m.Title{\"text\":\"Contract Items (1)\"}"}]}
RESULT: {"script":"<script> [1562 bytes]","args":[{"selector":{"controlType":"sap.m.Title","viewName":"etm.portal.ui.managecontracts.view.Detail","properties":{"text":"Contract Items (1)"}},"wdio_ui5_key":"etmportal.ui.managecontracts.view.Detailsap.m.Title{\"text\":\"Contract Items (1)\"}"}]}
RESULT: undefined
COMMAND: POST /session/a7b0557425261f11a09d542055100e7c/execute/async - {"script":"<script> [6424 bytes]","args":[{"element-6066-11e4-a52e-4f735466cecf":"f.5C65E3028755DB4580F909E5F2E770AF.d.E3DBD2DA4358375158825104A81EF749.e.4374"},"getText",[]]}
RESULT: {"script":"<script> [6424 bytes]","args":[{"element-6066-11e4-a52e-4f735466cecf":"f.5C65E3028755DB4580F909E5F2E770AF.d.E3DBD2DA4358375158825104A81EF749.e.4374"},"getText",[]]}
COMMAND: POST /session/a7b0557425261f11a09d542055100e7c/element - {"using":"xpath","value":"//div[contains(@data-kt ,\"characteristicsObjectStatus\")]"}
RESULT: {"using":"xpath","value":"//div[contains(@data-kt ,\"characteristicsObjectStatus\")]"}
COMMAND: POST /session/a7b0557425261f11a09d542055100e7c/element/f.5C65E3028755DB4580F909E5F2E770AF.d.E3DBD2DA4358375158825104A81EF749.e.4375/click - {}
RESULT: {}
COMMAND: GET /session/a7b0557425261f11a09d542055100e7c/screenshot - {}
RESULT: {}
COMMAND: POST /session/a7b0557425261f11a09d542055100e7c/element - {"using":"xpath","value":"(//input[contains(@class ,\"sapMInputBaseInner sapMComboBoxInner\")])[2]"}
RESULT: {"using":"xpath","value":"(//input[contains(@class ,\"sapMInputBaseInner sapMComboBoxInner\")])[2]"}
COMMAND: GET /session/a7b0557425261f11a09d542055100e7c/element/f.5C65E3028755DB4580F909E5F2E770AF.d.E3DBD2DA4358375158825104A81EF749.e.4381/property/value - {}
RESULT: {}
COMMAND: POST /session/a7b0557425261f11a09d542055100e7c/element - {"using":"xpath","value":"//span[contains(text(), \"Input (10001010) 10001010 - Purchasing\")]"}
COMMAND: GET /session/a7b0557425261f11a09d542055100e7c/screenshot - {}
RESULT: {"using":"xpath","value":"//span[contains(text(), \"Input (10001010) 10001010 - Purchasing\")]"}
COMMAND: POST /session/a7b0557425261f11a09d542055100e7c/elements - {"using":"xpath","value":"//span[contains(text(), \"Input (10001010) 10001010 - Purchasing\")]"}
RESULT: {}
RESULT: {"using":"xpath","value":"//span[contains(text(), \"Input (10001010) 10001010 - Purchasing\")]"}
COMMAND: POST /session/a7b0557425261f11a09d542055100e7c/elements - {"using":"xpath","value":"//span[contains(text(), \"Input (10001010) 10001010 - Purchasing\")]"}
RESULT: {"using":"xpath","value":"//span[contains(text(), \"Input (10001010) 10001010 - Purchasing\")]"}
COMMAND: POST /session/a7b0557425261f11a09d542055100e7c/elements - {"using":"xpath","value":"//span[contains(text(), \"Input (10001010) 10001010 - Purchasing\")]"}
RESULT: {"using":"xpath","value":"//span[contains(text(), \"Input (10001010) 10001010 - Purchasing\")]"}
COMMAND: POST /session/a7b0557425261f11a09d542055100e7c/elements - {"using":"xpath","value":"//span[contains(text(), \"Input (10001010) 10001010 - Purchasing\")]"}
RESULT: {"using":"xpath","value":"//span[contains(text(), \"Input (10001010) 10001010 - Purchasing\")]"}
COMMAND: POST /session/a7b0557425261f11a09d542055100e7c/elements - {"using":"xpath","value":"//span[contains(text(), \"Input (10001010) 10001010 - Purchasing\")]"}
RESULT: {"using":"xpath","value":"//span[contains(text(), \"Input (10001010) 10001010 - Purchasing\")]"}
COMMAND: POST /session/a7b0557425261f11a09d542055100e7c/elements - {"using":"xpath","value":"//span[contains(text(), \"Input (10001010) 10001010 - Purchasing\")]"}
RESULT: {"using":"xpath","value":"//span[contains(text(), \"Input (10001010) 10001010 - Purchasing\")]"}
COMMAND: POST /session/a7b0557425261f11a09d542055100e7c/elements - {"using":"xpath","value":"//span[contains(text(), \"Input (10001010) 10001010 - Purchasing\")]"}
RESULT: {"using":"xpath","value":"//span[contains(text(), \"Input (10001010) 10001010 - Purchasing\")]"}
COMMAND: POST /session/a7b0557425261f11a09d542055100e7c/elements - {"using":"xpath","value":"//span[contains(text(), \"Input (10001010) 10001010 - Purchasing\")]"}
RESULT: {"using":"xpath","value":"//span[contains(text(), \"Input (10001010) 10001010 - Purchasing\")]"}
COMMAND: POST /session/a7b0557425261f11a09d542055100e7c/elements - {"using":"xpath","value":"//span[contains(text(), \"Input (10001010) 10001010 - Purchasing\")]"}
RESULT: {"using":"xpath","value":"//span[contains(text(), \"Input (10001010) 10001010 - Purchasing\")]"}
COMMAND: POST /session/a7b0557425261f11a09d542055100e7c/elements - {"using":"xpath","value":"//span[contains(text(), \"Input (10001010) 10001010 - Purchasing\")]"}
RESULT: {"using":"xpath","value":"//span[contains(text(), \"Input (10001010) 10001010 - Purchasing\")]"}
COMMAND: POST /session/a7b0557425261f11a09d542055100e7c/elements - {"using":"xpath","value":"//span[contains(text(), \"Input (10001010) 10001010 - Purchasing\")]"}
RESULT: {"using":"xpath","value":"//span[contains(text(), \"Input (10001010) 10001010 - Purchasing\")]"}
COMMAND: POST /session/a7b0557425261f11a09d542055100e7c/elements - {"using":"xpath","value":"//span[contains(text(), \"Input (10001010) 10001010 - Purchasing\")]"}
RESULT: {"using":"xpath","value":"//span[contains(text(), \"Input (10001010) 10001010 - Purchasing\")]"}
COMMAND: POST /session/a7b0557425261f11a09d542055100e7c/elements - {"using":"xpath","value":"//span[contains(text(), \"Input (10001010) 10001010 - Purchasing\")]"}
RESULT: {"using":"xpath","value":"//span[contains(text(), \"Input (10001010) 10001010 - Purchasing\")]"}
COMMAND: POST /session/a7b0557425261f11a09d542055100e7c/elements - {"using":"xpath","value":"//span[contains(text(), \"Input (10001010) 10001010 - Purchasing\")]"}
RESULT: {"using":"xpath","value":"//span[contains(text(), \"Input (10001010) 10001010 - Purchasing\")]"}
COMMAND: POST /session/a7b0557425261f11a09d542055100e7c/elements - {"using":"xpath","value":"//span[contains(text(), \"Input (10001010) 10001010 - Purchasing\")]"}
RESULT: {"using":"xpath","value":"//span[contains(text(), \"Input (10001010) 10001010 - Purchasing\")]"}
COMMAND: POST /session/a7b0557425261f11a09d542055100e7c/elements - {"using":"xpath","value":"//span[contains(text(), \"Input (10001010) 10001010 - Purchasing\")]"}
RESULT: {"using":"xpath","value":"//span[contains(text(), \"Input (10001010) 10001010 - Purchasing\")]"}
COMMAND: POST /session/a7b0557425261f11a09d542055100e7c/elements - {"using":"xpath","value":"//span[contains(text(), \"Input (10001010) 10001010 - Purchasing\")]"}
RESULT: {"using":"xpath","value":"//span[contains(text(), \"Input (10001010) 10001010 - Purchasing\")]"}
COMMAND: POST /session/a7b0557425261f11a09d542055100e7c/elements - {"using":"xpath","value":"//span[contains(text(), \"Input (10001010) 10001010 - Purchasing\")]"}
RESULT: {"using":"xpath","value":"//span[contains(text(), \"Input (10001010) 10001010 - Purchasing\")]"}
COMMAND: POST /session/a7b0557425261f11a09d542055100e7c/elements - {"using":"xpath","value":"//span[contains(text(), \"Input (10001010) 10001010 - Purchasing\")]"}
RESULT: {"using":"xpath","value":"//span[contains(text(), \"Input (10001010) 10001010 - Purchasing\")]"}
COMMAND: POST /session/a7b0557425261f11a09d542055100e7c/elements - {"using":"xpath","value":"//span[contains(text(), \"Input (10001010) 10001010 - Purchasing\")]"}
RESULT: {"using":"xpath","value":"//span[contains(text(), \"Input (10001010) 10001010 - Purchasing\")]"}
COMMAND: POST /session/a7b0557425261f11a09d542055100e7c/elements - {"using":"xpath","value":"//span[contains(text(), \"Input (10001010) 10001010 - Purchasing\")]"}
RESULT: {"using":"xpath","value":"//span[contains(text(), \"Input (10001010) 10001010 - Purchasing\")]"}
COMMAND: POST /session/a7b0557425261f11a09d542055100e7c/elements - {"using":"xpath","value":"//span[contains(text(), \"Input (10001010) 10001010 - Purchasing\")]"}
RESULT: {"using":"xpath","value":"//span[contains(text(), \"Input (10001010) 10001010 - Purchasing\")]"}
COMMAND: POST /session/a7b0557425261f11a09d542055100e7c/elements - {"using":"xpath","value":"//span[contains(text(), \"Input (10001010) 10001010 - Purchasing\")]"}
RESULT: {"using":"xpath","value":"//span[contains(text(), \"Input (10001010) 10001010 - Purchasing\")]"}
COMMAND: POST /session/a7b0557425261f11a09d542055100e7c/elements - {"using":"xpath","value":"//span[contains(text(), \"Input (10001010) 10001010 - Purchasing\")]"}
RESULT: {"using":"xpath","value":"//span[contains(text(), \"Input (10001010) 10001010 - Purchasing\")]"}
COMMAND: POST /session/a7b0557425261f11a09d542055100e7c/elements - {"using":"xpath","value":"//span[contains(text(), \"Input (10001010) 10001010 - Purchasing\")]"}
RESULT: {"using":"xpath","value":"//span[contains(text(), \"Input (10001010) 10001010 - Purchasing\")]"}
COMMAND: POST /session/a7b0557425261f11a09d542055100e7c/elements - {"using":"xpath","value":"//span[contains(text(), \"Input (10001010) 10001010 - Purchasing\")]"}
RESULT: {"using":"xpath","value":"//span[contains(text(), \"Input (10001010) 10001010 - Purchasing\")]"}
COMMAND: POST /session/a7b0557425261f11a09d542055100e7c/elements - {"using":"xpath","value":"//span[contains(text(), \"Input (10001010) 10001010 - Purchasing\")]"}
RESULT: {"using":"xpath","value":"//span[contains(text(), \"Input (10001010) 10001010 - Purchasing\")]"}
COMMAND: POST /session/a7b0557425261f11a09d542055100e7c/elements - {"using":"xpath","value":"//span[contains(text(), \"Input (10001010) 10001010 - Purchasing\")]"}
RESULT: {"using":"xpath","value":"//span[contains(text(), \"Input (10001010) 10001010 - Purchasing\")]"}
COMMAND: POST /session/a7b0557425261f11a09d542055100e7c/elements - {"using":"xpath","value":"//span[contains(text(), \"Input (10001010) 10001010 - Purchasing\")]"}
RESULT: {"using":"xpath","value":"//span[contains(text(), \"Input (10001010) 10001010 - Purchasing\")]"}
COMMAND: POST /session/a7b0557425261f11a09d542055100e7c/elements - {"using":"xpath","value":"//span[contains(text(), \"Input (10001010) 10001010 - Purchasing\")]"}
RESULT: {"using":"xpath","value":"//span[contains(text(), \"Input (10001010) 10001010 - Purchasing\")]"}
COMMAND: POST /session/a7b0557425261f11a09d542055100e7c/elements - {"using":"xpath","value":"//span[contains(text(), \"Input (10001010) 10001010 - Purchasing\")]"}
RESULT: {"using":"xpath","value":"//span[contains(text(), \"Input (10001010) 10001010 - Purchasing\")]"}
COMMAND: POST /session/a7b0557425261f11a09d542055100e7c/elements - {"using":"xpath","value":"//span[contains(text(), \"Input (10001010) 10001010 - Purchasing\")]"}
RESULT: {"using":"xpath","value":"//span[contains(text(), \"Input (10001010) 10001010 - Purchasing\")]"}
COMMAND: POST /session/a7b0557425261f11a09d542055100e7c/elements - {"using":"xpath","value":"//span[contains(text(), \"Input (10001010) 10001010 - Purchasing\")]"}
RESULT: {"using":"xpath","value":"//span[contains(text(), \"Input (10001010) 10001010 - Purchasing\")]"}
COMMAND: POST /session/a7b0557425261f11a09d542055100e7c/elements - {"using":"xpath","value":"//span[contains(text(), \"Input (10001010) 10001010 - Purchasing\")]"}
RESULT: {"using":"xpath","value":"//span[contains(text(), \"Input (10001010) 10001010 - Purchasing\")]"}
COMMAND: POST /session/a7b0557425261f11a09d542055100e7c/elements - {"using":"xpath","value":"//span[contains(text(), \"Input (10001010) 10001010 - Purchasing\")]"}
RESULT: {"using":"xpath","value":"//span[contains(text(), \"Input (10001010) 10001010 - Purchasing\")]"}
COMMAND: POST /session/a7b0557425261f11a09d542055100e7c/elements - {"using":"xpath","value":"//span[contains(text(), \"Input (10001010) 10001010 - Purchasing\")]"}
RESULT: {"using":"xpath","value":"//span[contains(text(), \"Input (10001010) 10001010 - Purchasing\")]"}
COMMAND: POST /session/a7b0557425261f11a09d542055100e7c/elements - {"using":"xpath","value":"//span[contains(text(), \"Input (10001010) 10001010 - Purchasing\")]"}
RESULT: {"using":"xpath","value":"//span[contains(text(), \"Input (10001010) 10001010 - Purchasing\")]"}
COMMAND: POST /session/a7b0557425261f11a09d542055100e7c/elements - {"using":"xpath","value":"//span[contains(text(), \"Input (10001010) 10001010 - Purchasing\")]"}
RESULT: {"using":"xpath","value":"//span[contains(text(), \"Input (10001010) 10001010 - Purchasing\")]"}
COMMAND: POST /session/a7b0557425261f11a09d542055100e7c/elements - {"using":"xpath","value":"//span[contains(text(), \"Input (10001010) 10001010 - Purchasing\")]"}
RESULT: {"using":"xpath","value":"//span[contains(text(), \"Input (10001010) 10001010 - Purchasing\")]"}
COMMAND: POST /session/a7b0557425261f11a09d542055100e7c/elements - {"using":"xpath","value":"//span[contains(text(), \"Input (10001010) 10001010 - Purchasing\")]"}
RESULT: {"using":"xpath","value":"//span[contains(text(), \"Input (10001010) 10001010 - Purchasing\")]"}
COMMAND: POST /session/a7b0557425261f11a09d542055100e7c/elements - {"using":"xpath","value":"//span[contains(text(), \"Input (10001010) 10001010 - Purchasing\")]"}
RESULT: {"using":"xpath","value":"//span[contains(text(), \"Input (10001010) 10001010 - Purchasing\")]"}
COMMAND: POST /session/a7b0557425261f11a09d542055100e7c/elements - {"using":"xpath","value":"//span[contains(text(), \"Input (10001010) 10001010 - Purchasing\")]"}
RESULT: {"using":"xpath","value":"//span[contains(text(), \"Input (10001010) 10001010 - Purchasing\")]"}
COMMAND: POST /session/a7b0557425261f11a09d542055100e7c/elements - {"using":"xpath","value":"//span[contains(text(), \"Input (10001010) 10001010 - Purchasing\")]"}
RESULT: {"using":"xpath","value":"//span[contains(text(), \"Input (10001010) 10001010 - Purchasing\")]"}
COMMAND: POST /session/a7b0557425261f11a09d542055100e7c/elements - {"using":"xpath","value":"//span[contains(text(), \"Input (10001010) 10001010 - Purchasing\")]"}
RESULT: {"using":"xpath","value":"//span[contains(text(), \"Input (10001010) 10001010 - Purchasing\")]"}
COMMAND: POST /session/a7b0557425261f11a09d542055100e7c/elements - {"using":"xpath","value":"//span[contains(text(), \"Input (10001010) 10001010 - Purchasing\")]"}
RESULT: {"using":"xpath","value":"//span[contains(text(), \"Input (10001010) 10001010 - Purchasing\")]"}
COMMAND: POST /session/a7b0557425261f11a09d542055100e7c/elements - {"using":"xpath","value":"//span[contains(text(), \"Input (10001010) 10001010 - Purchasing\")]"}
RESULT: {"using":"xpath","value":"//span[contains(text(), \"Input (10001010) 10001010 - Purchasing\")]"}
COMMAND: POST /session/a7b0557425261f11a09d542055100e7c/elements - {"using":"xpath","value":"//span[contains(text(), \"Input (10001010) 10001010 - Purchasing\")]"}
RESULT: {"using":"xpath","value":"//span[contains(text(), \"Input (10001010) 10001010 - Purchasing\")]"}
COMMAND: POST /session/a7b0557425261f11a09d542055100e7c/elements - {"using":"xpath","value":"//span[contains(text(), \"Input (10001010) 10001010 - Purchasing\")]"}
RESULT: {"using":"xpath","value":"//span[contains(text(), \"Input (10001010) 10001010 - Purchasing\")]"}
COMMAND: POST /session/a7b0557425261f11a09d542055100e7c/elements - {"using":"xpath","value":"//span[contains(text(), \"Input (10001010) 10001010 - Purchasing\")]"}
RESULT: {"using":"xpath","value":"//span[contains(text(), \"Input (10001010) 10001010 - Purchasing\")]"}
COMMAND: POST /session/a7b0557425261f11a09d542055100e7c/elements - {"using":"xpath","value":"//span[contains(text(), \"Input (10001010) 10001010 - Purchasing\")]"}
RESULT: {"using":"xpath","value":"//span[contains(text(), \"Input (10001010) 10001010 - Purchasing\")]"}
COMMAND: POST /session/a7b0557425261f11a09d542055100e7c/elements - {"using":"xpath","value":"//span[contains(text(), \"Input (10001010) 10001010 - Purchasing\")]"}
RESULT: {"using":"xpath","value":"//span[contains(text(), \"Input (10001010) 10001010 - Purchasing\")]"}
COMMAND: POST /session/a7b0557425261f11a09d542055100e7c/elements - {"using":"xpath","value":"//span[contains(text(), \"Input (10001010) 10001010 - Purchasing\")]"}
RESULT: {"using":"xpath","value":"//span[contains(text(), \"Input (10001010) 10001010 - Purchasing\")]"}
COMMAND: POST /session/a7b0557425261f11a09d542055100e7c/elements - {"using":"xpath","value":"//span[contains(text(), \"Input (10001010) 10001010 - Purchasing\")]"}
RESULT: {"using":"xpath","value":"//span[contains(text(), \"Input (10001010) 10001010 - Purchasing\")]"}
COMMAND: POST /session/a7b0557425261f11a09d542055100e7c/elements - {"using":"xpath","value":"//span[contains(text(), \"Input (10001010) 10001010 - Purchasing\")]"}
RESULT: {"using":"xpath","value":"//span[contains(text(), \"Input (10001010) 10001010 - Purchasing\")]"}
COMMAND: POST /session/a7b0557425261f11a09d542055100e7c/elements - {"using":"xpath","value":"//span[contains(text(), \"Input (10001010) 10001010 - Purchasing\")]"}
RESULT: {"using":"xpath","value":"//span[contains(text(), \"Input (10001010) 10001010 - Purchasing\")]"}
COMMAND: POST /session/a7b0557425261f11a09d542055100e7c/elements - {"using":"xpath","value":"//span[contains(text(), \"Input (10001010) 10001010 - Purchasing\")]"}
RESULT: {"using":"xpath","value":"//span[contains(text(), \"Input (10001010) 10001010 - Purchasing\")]"}
COMMAND: POST /session/a7b0557425261f11a09d542055100e7c/elements - {"using":"xpath","value":"//span[contains(text(), \"Input (10001010) 10001010 - Purchasing\")]"}
RESULT: {"using":"xpath","value":"//span[contains(text(), \"Input (10001010) 10001010 - Purchasing\")]"}
COMMAND: POST /session/a7b0557425261f11a09d542055100e7c/elements - {"using":"xpath","value":"//span[contains(text(), \"Input (10001010) 10001010 - Purchasing\")]"}
RESULT: {"using":"xpath","value":"//span[contains(text(), \"Input (10001010) 10001010 - Purchasing\")]"}
COMMAND: POST /session/a7b0557425261f11a09d542055100e7c/elements - {"using":"xpath","value":"//span[contains(text(), \"Input (10001010) 10001010 - Purchasing\")]"}
RESULT: {"using":"xpath","value":"//span[contains(text(), \"Input (10001010) 10001010 - Purchasing\")]"}
COMMAND: POST /session/a7b0557425261f11a09d542055100e7c/elements - {"using":"xpath","value":"//span[contains(text(), \"Input (10001010) 10001010 - Purchasing\")]"}
RESULT: {"using":"xpath","value":"//span[contains(text(), \"Input (10001010) 10001010 - Purchasing\")]"}
COMMAND: POST /session/a7b0557425261f11a09d542055100e7c/elements - {"using":"xpath","value":"//span[contains(text(), \"Input (10001010) 10001010 - Purchasing\")]"}
RESULT: {"using":"xpath","value":"//span[contains(text(), \"Input (10001010) 10001010 - Purchasing\")]"}
COMMAND: POST /session/a7b0557425261f11a09d542055100e7c/elements - {"using":"xpath","value":"//span[contains(text(), \"Input (10001010) 10001010 - Purchasing\")]"}
RESULT: {"using":"xpath","value":"//span[contains(text(), \"Input (10001010) 10001010 - Purchasing\")]"}
COMMAND: POST /session/a7b0557425261f11a09d542055100e7c/elements - {"using":"xpath","value":"//span[contains(text(), \"Input (10001010) 10001010 - Purchasing\")]"}
RESULT: {"using":"xpath","value":"//span[contains(text(), \"Input (10001010) 10001010 - Purchasing\")]"}
COMMAND: POST /session/a7b0557425261f11a09d542055100e7c/elements - {"using":"xpath","value":"//span[contains(text(), \"Input (10001010) 10001010 - Purchasing\")]"}
RESULT: {"using":"xpath","value":"//span[contains(text(), \"Input (10001010) 10001010 - Purchasing\")]"}
COMMAND: POST /session/a7b0557425261f11a09d542055100e7c/elements - {"using":"xpath","value":"//span[contains(text(), \"Input (10001010) 10001010 - Purchasing\")]"}
RESULT: {"using":"xpath","value":"//span[contains(text(), \"Input (10001010) 10001010 - Purchasing\")]"}
COMMAND: POST /session/a7b0557425261f11a09d542055100e7c/elements - {"using":"xpath","value":"//span[contains(text(), \"Input (10001010) 10001010 - Purchasing\")]"}
RESULT: {"using":"xpath","value":"//span[contains(text(), \"Input (10001010) 10001010 - Purchasing\")]"}
COMMAND: POST /session/a7b0557425261f11a09d542055100e7c/elements - {"using":"xpath","value":"//span[contains(text(), \"Input (10001010) 10001010 - Purchasing\")]"}
RESULT: {"using":"xpath","value":"//span[contains(text(), \"Input (10001010) 10001010 - Purchasing\")]"}
COMMAND: POST /session/a7b0557425261f11a09d542055100e7c/elements - {"using":"xpath","value":"//span[contains(text(), \"Input (10001010) 10001010 - Purchasing\")]"}
RESULT: {"using":"xpath","value":"//span[contains(text(), \"Input (10001010) 10001010 - Purchasing\")]"}
COMMAND: POST /session/a7b0557425261f11a09d542055100e7c/elements - {"using":"xpath","value":"//span[contains(text(), \"Input (10001010) 10001010 - Purchasing\")]"}
RESULT: {"using":"xpath","value":"//span[contains(text(), \"Input (10001010) 10001010 - Purchasing\")]"}
COMMAND: POST /session/a7b0557425261f11a09d542055100e7c/elements - {"using":"xpath","value":"//span[contains(text(), \"Input (10001010) 10001010 - Purchasing\")]"}
RESULT: {"using":"xpath","value":"//span[contains(text(), \"Input (10001010) 10001010 - Purchasing\")]"}
COMMAND: POST /session/a7b0557425261f11a09d542055100e7c/elements - {"using":"xpath","value":"//span[contains(text(), \"Input (10001010) 10001010 - Purchasing\")]"}
RESULT: {"using":"xpath","value":"//span[contains(text(), \"Input (10001010) 10001010 - Purchasing\")]"}
COMMAND: POST /session/a7b0557425261f11a09d542055100e7c/elements - {"using":"xpath","value":"//span[contains(text(), \"Input (10001010) 10001010 - Purchasing\")]"}
RESULT: {"using":"xpath","value":"//span[contains(text(), \"Input (10001010) 10001010 - Purchasing\")]"}
COMMAND: POST /session/a7b0557425261f11a09d542055100e7c/elements - {"using":"xpath","value":"//span[contains(text(), \"Input (10001010) 10001010 - Purchasing\")]"}
RESULT: {"using":"xpath","value":"//span[contains(text(), \"Input (10001010) 10001010 - Purchasing\")]"}
COMMAND: POST /session/a7b0557425261f11a09d542055100e7c/elements - {"using":"xpath","value":"//span[contains(text(), \"Input (10001010) 10001010 - Purchasing\")]"}
RESULT: {"using":"xpath","value":"//span[contains(text(), \"Input (10001010) 10001010 - Purchasing\")]"}
COMMAND: POST /session/a7b0557425261f11a09d542055100e7c/elements - {"using":"xpath","value":"//span[contains(text(), \"Input (10001010) 10001010 - Purchasing\")]"}
RESULT: {"using":"xpath","value":"//span[contains(text(), \"Input (10001010) 10001010 - Purchasing\")]"}
COMMAND: POST /session/a7b0557425261f11a09d542055100e7c/elements - {"using":"xpath","value":"//span[contains(text(), \"Input (10001010) 10001010 - Purchasing\")]"}
RESULT: {"using":"xpath","value":"//span[contains(text(), \"Input (10001010) 10001010 - Purchasing\")]"}
COMMAND: POST /session/a7b0557425261f11a09d542055100e7c/elements - {"using":"xpath","value":"//span[contains(text(), \"Input (10001010) 10001010 - Purchasing\")]"}
RESULT: {"using":"xpath","value":"//span[contains(text(), \"Input (10001010) 10001010 - Purchasing\")]"}
COMMAND: POST /session/a7b0557425261f11a09d542055100e7c/elements - {"using":"xpath","value":"//span[contains(text(), \"Input (10001010) 10001010 - Purchasing\")]"}
RESULT: {"using":"xpath","value":"//span[contains(text(), \"Input (10001010) 10001010 - Purchasing\")]"}
COMMAND: POST /session/a7b0557425261f11a09d542055100e7c/elements - {"using":"xpath","value":"//span[contains(text(), \"Input (10001010) 10001010 - Purchasing\")]"}
RESULT: {"using":"xpath","value":"//span[contains(text(), \"Input (10001010) 10001010 - Purchasing\")]"}
COMMAND: POST /session/a7b0557425261f11a09d542055100e7c/elements - {"using":"xpath","value":"//span[contains(text(), \"Input (10001010) 10001010 - Purchasing\")]"}
RESULT: {"using":"xpath","value":"//span[contains(text(), \"Input (10001010) 10001010 - Purchasing\")]"}
COMMAND: DELETE /session/a7b0557425261f11a09d542055100e7c - {}
RESULT: {}
]]></system-out>
    </testcase>
  </testsuite>
</testsuites>