<?xml version="1.0" encoding="UTF-8"?>
<testsuites tests="15" failures="1" errors="1" skipped="0">
  <testsuite timestamp="2025-05-29T15:18:42" time="65.442" tests="2" failures="0" errors="0" skipped="0">
    <properties>
      <property name="specId" value="0"/>
      <property name="suiteName" value="Assign the user test user id to an address"/>
      <property name="capabilities" value="chrome.136_0_7103_93.windows"/>
      <property name="file" value="file:///D:/a/1/s/test/specs/R2C/assign-user-id-to-an-address.spec.js"/>
    </properties>
    <testcase classname="chrome.136_0_7103_93.windows.Assign_the_user_test_user_id_to_an_address" name="Should search for test1ETM create only if not present" time="10.754">
      <system-out><![CDATA[
COMMAND: POST /session/3080ab49fbb8c4e7eecdf487ecde7ebb/execute/async - {"script":"<script> [1562 bytes]","args":[{"selector":{"id":"application-addressmanagement-display-component---masterAdm--smartFilterBar-filterItemControl_BASIC-NAME-vhi"},"wdio_ui5_key":"applicationaddressmanagement-display-component---masterAdm--smartFilterBar-filterItemControl_BASIC-NAME-vhi"}]}
RESULT: {"script":"<script> [1562 bytes]","args":[{"selector":{"id":"application-addressmanagement-display-component---masterAdm--smartFilterBar-filterItemControl_BASIC-NAME-vhi"},"wdio_ui5_key":"applicationaddressmanagement-display-component---masterAdm--smartFilterBar-filterItemControl_BASIC-NAME-vhi"}]}
RESULT: undefined
COMMAND: POST /session/3080ab49fbb8c4e7eecdf487ecde7ebb/element - {"using":"xpath","value":"//*[@id=\"application-addressmanagement-display-component---masterAdm--smartFilterBar-filterItemControl_BASIC-NAME-vhi\"]"}
RESULT: {"using":"xpath","value":"//*[@id=\"application-addressmanagement-display-component---masterAdm--smartFilterBar-filterItemControl_BASIC-NAME-vhi\"]"}
COMMAND: POST /session/3080ab49fbb8c4e7eecdf487ecde7ebb/element/f.73CD6E590336CA8913C659C97A11067A.d.00683B123B832D2E75BC62D211658CEC.e.290/click - {}
RESULT: {}
COMMAND: POST /session/3080ab49fbb8c4e7eecdf487ecde7ebb/execute/async - {"script":"<script> [1562 bytes]","args":[{"selector":{"controlType":"sap.m.Input","viewName":"etm.portal.ui.addressmanagement.view.Master","viewId":"application-addressmanagement-display-component---masterAdm","properties":{"valueState":"None"},"searchOpenDialogs":true,"interaction":{"idSuffix":"inner"}},"wdio_ui5_key":"etmportal.ui.addressmanagement.view.Mastersap.m.Input{\"valueState\":\"None\"}"}]}
COMMAND: GET /session/3080ab49fbb8c4e7eecdf487ecde7ebb/screenshot - {}
RESULT: {"script":"<script> [1562 bytes]","args":[{"selector":{"controlType":"sap.m.Input","viewName":"etm.portal.ui.addressmanagement.view.Master","viewId":"application-addressmanagement-display-component---masterAdm","properties":{"valueState":"None"},"searchOpenDialogs":true,"interaction":{"idSuffix":"inner"}},"wdio_ui5_key":"etmportal.ui.addressmanagement.view.Mastersap.m.Input{\"valueState\":\"None\"}"}]}
RESULT: undefined
COMMAND: POST /session/3080ab49fbb8c4e7eecdf487ecde7ebb/execute/async - {"script":"<script> [776 bytes]","args":[{"enterText":"Test1ETM","selector":{"controlType":"sap.m.Input","viewName":"etm.portal.ui.addressmanagement.view.Master","viewId":"application-addressmanagement-display-component---masterAdm","properties":{"valueState":"None"},"searchOpenDialogs":true,"interaction":{"idSuffix":"inner"}},"clearTextFirst":true,"interactionType":"ENTER_TEXT"}]}
RESULT: {}
RESULT: {"script":"<script> [776 bytes]","args":[{"enterText":"Test1ETM","selector":{"controlType":"sap.m.Input","viewName":"etm.portal.ui.addressmanagement.view.Master","viewId":"application-addressmanagement-display-component---masterAdm","properties":{"valueState":"None"},"searchOpenDialogs":true,"interaction":{"idSuffix":"inner"}},"clearTextFirst":true,"interactionType":"ENTER_TEXT"}]}
COMMAND: POST /session/3080ab49fbb8c4e7eecdf487ecde7ebb/actions - {"actions":[{"id":"action1","type":"key","parameters":{},"actions":[{"type":"keyDown","value":""},{"type":"pause","duration":10},{"type":"keyUp","value":""}]}]}
RESULT: {"actions":[{"id":"action1","type":"key","parameters":{},"actions":[{"type":"keyDown","value":""},{"type":"pause","duration":10},{"type":"keyUp","value":""}]}]}
COMMAND: POST /session/3080ab49fbb8c4e7eecdf487ecde7ebb/execute/async - {"script":"<script> [1562 bytes]","args":[{"selector":{"id":"application-addressmanagement-display-component---masterAdm--smartFilterBar-filterItemControl_BASIC-NAME-valueHelpDialog-ok","searchOpenDialogs":true,"interaction":{"idSuffix":"BDI-content"}},"wdio_ui5_key":"applicationaddressmanagement-display-component---masterAdm--smartFilterBar-filterItemControl_BASIC-NAME-valueHelpDialog-ok"}]}
COMMAND: GET /session/3080ab49fbb8c4e7eecdf487ecde7ebb/screenshot - {}
RESULT: {"script":"<script> [1562 bytes]","args":[{"selector":{"id":"application-addressmanagement-display-component---masterAdm--smartFilterBar-filterItemControl_BASIC-NAME-valueHelpDialog-ok","searchOpenDialogs":true,"interaction":{"idSuffix":"BDI-content"}},"wdio_ui5_key":"applicationaddressmanagement-display-component---masterAdm--smartFilterBar-filterItemControl_BASIC-NAME-valueHelpDialog-ok"}]}
RESULT: undefined
COMMAND: POST /session/3080ab49fbb8c4e7eecdf487ecde7ebb/element - {"using":"xpath","value":"//*[@id=\"application-addressmanagement-display-component---masterAdm--smartFilterBar-filterItemControl_BASIC-NAME-valueHelpDialog-ok\"]"}
RESULT: {}
RESULT: {"using":"xpath","value":"//*[@id=\"application-addressmanagement-display-component---masterAdm--smartFilterBar-filterItemControl_BASIC-NAME-valueHelpDialog-ok\"]"}
COMMAND: POST /session/3080ab49fbb8c4e7eecdf487ecde7ebb/element/f.73CD6E590336CA8913C659C97A11067A.d.00683B123B832D2E75BC62D211658CEC.e.299/click - {}
RESULT: {}
COMMAND: GET /session/3080ab49fbb8c4e7eecdf487ecde7ebb/screenshot - {}
RESULT: {}
COMMAND: POST /session/3080ab49fbb8c4e7eecdf487ecde7ebb/element - {"using":"xpath","value":"(//span[text()=\"Active\"])[1]"}
RESULT: {"using":"xpath","value":"(//span[text()=\"Active\"])[1]"}
COMMAND: POST /session/3080ab49fbb8c4e7eecdf487ecde7ebb/elements - {"using":"xpath","value":"(//span[text()=\"Active\"])[1]"}
RESULT: {"using":"xpath","value":"(//span[text()=\"Active\"])[1]"}
COMMAND: POST /session/3080ab49fbb8c4e7eecdf487ecde7ebb/execute/sync - {"script":"<script> [8489 bytes]","args":[{"element-6066-11e4-a52e-4f735466cecf":"f.73CD6E590336CA8913C659C97A11067A.d.00683B123B832D2E75BC62D211658CEC.e.318","ELEMENT":"f.73CD6E590336CA8913C659C97A11067A.d.00683B123B832D2E75BC62D211658CEC.e.318"}]}
RESULT: {"script":"<script> [8489 bytes]","args":[{"element-6066-11e4-a52e-4f735466cecf":"f.73CD6E590336CA8913C659C97A11067A.d.00683B123B832D2E75BC62D211658CEC.e.318","ELEMENT":"f.73CD6E590336CA8913C659C97A11067A.d.00683B123B832D2E75BC62D211658CEC.e.318"}]}
COMMAND: POST /session/3080ab49fbb8c4e7eecdf487ecde7ebb/execute/sync - {"script":"<script> [5351 bytes]","args":[{"element-6066-11e4-a52e-4f735466cecf":"f.73CD6E590336CA8913C659C97A11067A.d.00683B123B832D2E75BC62D211658CEC.e.318","ELEMENT":"f.73CD6E590336CA8913C659C97A11067A.d.00683B123B832D2E75BC62D211658CEC.e.318"}]}
COMMAND: GET /session/3080ab49fbb8c4e7eecdf487ecde7ebb/screenshot - {}
RESULT: {"script":"<script> [5351 bytes]","args":[{"element-6066-11e4-a52e-4f735466cecf":"f.73CD6E590336CA8913C659C97A11067A.d.00683B123B832D2E75BC62D211658CEC.e.318","ELEMENT":"f.73CD6E590336CA8913C659C97A11067A.d.00683B123B832D2E75BC62D211658CEC.e.318"}]}
COMMAND: POST /session/3080ab49fbb8c4e7eecdf487ecde7ebb/element/f.73CD6E590336CA8913C659C97A11067A.d.00683B123B832D2E75BC62D211658CEC.e.318/click - {}
COMMAND: GET /session/3080ab49fbb8c4e7eecdf487ecde7ebb/screenshot - {}
RESULT: {}
RESULT: {}
COMMAND: POST /session/3080ab49fbb8c4e7eecdf487ecde7ebb/element - {"using":"xpath","value":"//span[@id=\"application-addressmanagement-display-component---detailAdm--addressDetailDetailsName1\"]"}
COMMAND: GET /session/3080ab49fbb8c4e7eecdf487ecde7ebb/screenshot - {}
RESULT: {}
RESULT: {"using":"xpath","value":"//span[@id=\"application-addressmanagement-display-component---detailAdm--addressDetailDetailsName1\"]"}
COMMAND: POST /session/3080ab49fbb8c4e7eecdf487ecde7ebb/execute/sync - {"script":"<script> [8489 bytes]","args":[{"element-6066-11e4-a52e-4f735466cecf":"f.73CD6E590336CA8913C659C97A11067A.d.00683B123B832D2E75BC62D211658CEC.e.396","ELEMENT":"f.73CD6E590336CA8913C659C97A11067A.d.00683B123B832D2E75BC62D211658CEC.e.396"}]}
RESULT: {}
RESULT: {"script":"<script> [8489 bytes]","args":[{"element-6066-11e4-a52e-4f735466cecf":"f.73CD6E590336CA8913C659C97A11067A.d.00683B123B832D2E75BC62D211658CEC.e.396","ELEMENT":"f.73CD6E590336CA8913C659C97A11067A.d.00683B123B832D2E75BC62D211658CEC.e.396"}]}
COMMAND: GET /session/3080ab49fbb8c4e7eecdf487ecde7ebb/screenshot - {}
]]></system-out>
    </testcase>
    <testcase classname="chrome.136_0_7103_93.windows.Assign_the_user_test_user_id_to_an_address" name="Should edit the title of the created found address" time="10.179">
      <system-out><![CDATA[
COMMAND: POST /session/3080ab49fbb8c4e7eecdf487ecde7ebb/execute/async - {"script":"<script> [1562 bytes]","args":[{"selector":{"controlType":"sap.m.Button","viewName":"etm.portal.ui.addressmanagement.view.Detail","viewId":"application-addressmanagement-display-component---detailAdm","i18NText":{"propertyName":"text","key":"edit"}},"wdio_ui5_key":"etmportal.ui.addressmanagement.view.Detailsap.m.Button{\"propertyName\":\"text\",\"key\":\"edit\"}"}]}
RESULT: {}
RESULT: {"script":"<script> [1562 bytes]","args":[{"selector":{"controlType":"sap.m.Button","viewName":"etm.portal.ui.addressmanagement.view.Detail","viewId":"application-addressmanagement-display-component---detailAdm","i18NText":{"propertyName":"text","key":"edit"}},"wdio_ui5_key":"etmportal.ui.addressmanagement.view.Detailsap.m.Button{\"propertyName\":\"text\",\"key\":\"edit\"}"}]}
RESULT: undefined
COMMAND: POST /session/3080ab49fbb8c4e7eecdf487ecde7ebb/element - {"using":"xpath","value":"//*[@id=\"__button16\"]"}
RESULT: {"using":"xpath","value":"//*[@id=\"__button16\"]"}
COMMAND: POST /session/3080ab49fbb8c4e7eecdf487ecde7ebb/element/f.73CD6E590336CA8913C659C97A11067A.d.00683B123B832D2E75BC62D211658CEC.e.401/click - {}
RESULT: {}
COMMAND: POST /session/3080ab49fbb8c4e7eecdf487ecde7ebb/execute/async - {"script":"<script> [1562 bytes]","args":[{"selector":{"controlType":"sap.ui.core.Icon","viewName":"etm.portal.ui.addressmanagement.view.EditDetail","properties":{"src":{"regex":{"source":"slim\\-arrow\\-down"}}},"ancestor":{"id":"addressTitle","viewName":"etm.portal.ui.addressmanagement.view.EditDetail"}},"wdio_ui5_key":"etmportal.ui.addressmanagement.view.EditDetailsap.ui.core.Icon{\"src\":{\"regex\":{\"source\":\"slim\\\\-arrow\\\\-down\"}}}{\"id\":\"addressTitle\",\"viewName\":\"etm.portal.ui.addressmanagement.view.EditDetail\"}"}]}
COMMAND: GET /session/3080ab49fbb8c4e7eecdf487ecde7ebb/screenshot - {}
RESULT: {"script":"<script> [1562 bytes]","args":[{"selector":{"controlType":"sap.ui.core.Icon","viewName":"etm.portal.ui.addressmanagement.view.EditDetail","properties":{"src":{"regex":{"source":"slim\\-arrow\\-down"}}},"ancestor":{"id":"addressTitle","viewName":"etm.portal.ui.addressmanagement.view.EditDetail"}},"wdio_ui5_key":"etmportal.ui.addressmanagement.view.EditDetailsap.ui.core.Icon{\"src\":{\"regex\":{\"source\":\"slim\\\\-arrow\\\\-down\"}}}{\"id\":\"addressTitle\",\"viewName\":\"etm.portal.ui.addressmanagement.view.EditDetail\"}"}]}
RESULT: undefined
COMMAND: POST /session/3080ab49fbb8c4e7eecdf487ecde7ebb/element - {"using":"xpath","value":"//*[@id=\"__xmlview58--addressTitle-arrow\"]"}
RESULT: {}
RESULT: {"using":"xpath","value":"//*[@id=\"__xmlview58--addressTitle-arrow\"]"}
COMMAND: POST /session/3080ab49fbb8c4e7eecdf487ecde7ebb/element/f.73CD6E590336CA8913C659C97A11067A.d.00683B123B832D2E75BC62D211658CEC.e.438/click - {}
RESULT: {}
COMMAND: POST /session/3080ab49fbb8c4e7eecdf487ecde7ebb/execute/async - {"script":"<script> [1562 bytes]","args":[{"selector":{"controlType":"sap.m.StandardListItem","viewName":"etm.portal.ui.addressmanagement.view.EditDetail","properties":{"title":"Dr."},"searchOpenDialogs":true},"wdio_ui5_key":"etmportal.ui.addressmanagement.view.EditDetailsap.m.StandardListItem{\"title\":\"Dr.\"}"}]}
COMMAND: GET /session/3080ab49fbb8c4e7eecdf487ecde7ebb/screenshot - {}
RESULT: {"script":"<script> [1562 bytes]","args":[{"selector":{"controlType":"sap.m.StandardListItem","viewName":"etm.portal.ui.addressmanagement.view.EditDetail","properties":{"title":"Dr."},"searchOpenDialogs":true},"wdio_ui5_key":"etmportal.ui.addressmanagement.view.EditDetailsap.m.StandardListItem{\"title\":\"Dr.\"}"}]}
RESULT: undefined
COMMAND: POST /session/3080ab49fbb8c4e7eecdf487ecde7ebb/element - {"using":"xpath","value":"//*[@id=\"__item229\"]"}
RESULT: {}
RESULT: {"using":"xpath","value":"//*[@id=\"__item229\"]"}
COMMAND: POST /session/3080ab49fbb8c4e7eecdf487ecde7ebb/element/f.73CD6E590336CA8913C659C97A11067A.d.00683B123B832D2E75BC62D211658CEC.e.439/click - {}
RESULT: {}
COMMAND: POST /session/3080ab49fbb8c4e7eecdf487ecde7ebb/execute/async - {"script":"<script> [1562 bytes]","args":[{"selector":{"controlType":"sap.m.Button","viewName":"etm.portal.ui.addressmanagement.view.EditDetail","i18NText":{"propertyName":"text","key":"save"}},"wdio_ui5_key":"etmportal.ui.addressmanagement.view.EditDetailsap.m.Button{\"propertyName\":\"text\",\"key\":\"save\"}"}]}
COMMAND: GET /session/3080ab49fbb8c4e7eecdf487ecde7ebb/screenshot - {}
RESULT: {"script":"<script> [1562 bytes]","args":[{"selector":{"controlType":"sap.m.Button","viewName":"etm.portal.ui.addressmanagement.view.EditDetail","i18NText":{"propertyName":"text","key":"save"}},"wdio_ui5_key":"etmportal.ui.addressmanagement.view.EditDetailsap.m.Button{\"propertyName\":\"text\",\"key\":\"save\"}"}]}
RESULT: undefined
COMMAND: POST /session/3080ab49fbb8c4e7eecdf487ecde7ebb/element - {"using":"xpath","value":"//*[@id=\"__button39\"]"}
RESULT: {}
RESULT: {"using":"xpath","value":"//*[@id=\"__button39\"]"}
COMMAND: POST /session/3080ab49fbb8c4e7eecdf487ecde7ebb/element/f.73CD6E590336CA8913C659C97A11067A.d.00683B123B832D2E75BC62D211658CEC.e.440/click - {}
RESULT: {}
COMMAND: GET /session/3080ab49fbb8c4e7eecdf487ecde7ebb/screenshot - {}
RESULT: {}
COMMAND: POST /session/3080ab49fbb8c4e7eecdf487ecde7ebb/element - {"using":"xpath","value":"//span[@id=\"application-addressmanagement-display-component---detailAdm--addressTitle\"]"}
RESULT: {"using":"xpath","value":"//span[@id=\"application-addressmanagement-display-component---detailAdm--addressTitle\"]"}
COMMAND: GET /session/3080ab49fbb8c4e7eecdf487ecde7ebb/element/f.73CD6E590336CA8913C659C97A11067A.d.00683B123B832D2E75BC62D211658CEC.e.445/text - {}
RESULT: {}
COMMAND: POST /session/3080ab49fbb8c4e7eecdf487ecde7ebb/element - {"using":"xpath","value":"//span[@id=\"application-addressmanagement-display-component---detailAdm--addressDetailDetailsName1\"]"}
RESULT: {"using":"xpath","value":"//span[@id=\"application-addressmanagement-display-component---detailAdm--addressDetailDetailsName1\"]"}
COMMAND: GET /session/3080ab49fbb8c4e7eecdf487ecde7ebb/element/f.73CD6E590336CA8913C659C97A11067A.d.00683B123B832D2E75BC62D211658CEC.e.396/text - {}
RESULT: {}
COMMAND: POST /session/3080ab49fbb8c4e7eecdf487ecde7ebb/refresh - {}
RESULT: {}
COMMAND: GET /session/3080ab49fbb8c4e7eecdf487ecde7ebb/screenshot - {}
RESULT: {}
COMMAND: POST /session/3080ab49fbb8c4e7eecdf487ecde7ebb/refresh - {}
RESULT: {}
COMMAND: GET /session/3080ab49fbb8c4e7eecdf487ecde7ebb/screenshot - {}
RESULT: {}
COMMAND: POST /session/3080ab49fbb8c4e7eecdf487ecde7ebb/window/fullscreen - {}
RESULT: {}
COMMAND: POST /session/3080ab49fbb8c4e7eecdf487ecde7ebb/execute/async - {"script":"<script> [189 bytes]","args":[]}
RESULT: {"script":"<script> [189 bytes]","args":[]}
COMMAND: POST /session/3080ab49fbb8c4e7eecdf487ecde7ebb/execute/async - {"script":"<script> [123 bytes]","args":[]}
RESULT: {"script":"<script> [123 bytes]","args":[]}
COMMAND: POST /session/3080ab49fbb8c4e7eecdf487ecde7ebb/timeouts - {"script":"<number>"}
RESULT: {"script":"<number>"}
COMMAND: GET /session/3080ab49fbb8c4e7eecdf487ecde7ebb/timeouts - {}
RESULT: {}
RESULT: undefined
COMMAND: POST /session/3080ab49fbb8c4e7eecdf487ecde7ebb/execute/async - {"script":"<script> [2676 bytes]","args":[]}
RESULT: {"script":"<script> [2676 bytes]","args":[]}
COMMAND: POST /session/3080ab49fbb8c4e7eecdf487ecde7ebb/execute/async - {"script":"<script> [2342 bytes]","args":[{"protocol":"http","hostname":"0.0.0.0","path":"/","capabilities":{"browserName":"chrome","goog:chromeOptions":{"binary":"C:\\Program Files\\Google\\Chrome\\Application\\chrome.exe","args":["--start-maximized"]}},"logLevel":"warn","connectionRetryTimeout":120000,"connectionRetryCount":3,"logLevels":{},"enableDirectConnect":true,"strictSSL":true,"_":"65 more keys: [\"cacheDir\",\"port\",\"requestedCapabilities\",\"automationProtocol\",\"baseUrl\",\"waitforInterval\",\"waitforTimeout\",\"onReload\",\"beforeCommand\",\"afterCommand\",\"rootDir\",\"specs\",\"suites\",\"exclude\",\"groupLogsByTestSpec\",\"excludeDriverLogs\",\"bail\",\"framework\",\"reporters\",\"services\",\"maxInstances\",\"maxInstancesPerCapability\",\"injectGlobals\",\"filesToWatch\",\"execArgv\",\"runnerEnv\",\"runner\",\"shard\",\"specFileRetries\",\"specFileRetriesDelay\",\"specFileRetriesDeferred\",\"reporterSyncInterval\",\"reporterSyncTimeout\",\"cucumberFeaturesWithLineNumbers\",\"autoCompileOpts\",\"mochaOpts\",\"jasmineOpts\",\"cucumberOpts\",\"onPrepare\",\"onWorkerStart\",\"onWorkerEnd\",\"before\",\"beforeSession\",\"beforeSuite\",\"beforeHook\",\"beforeTest\",\"afterTest\",\"afterHook\",\"afterSuite\",\"afterSession\",\"after\",\"onComplete\",\"beforeAssertion\",\"afterAssertion\",\"beforeFeature\",\"beforeScenario\",\"beforeStep\",\"afterStep\",\"afterScenario\",\"afterFeature\",\"_\",\"suite\",\"$0\",\"ignoredWorkerServices\",\"wdi5\"]"}]}
RESULT: {"script":"<script> [2342 bytes]","args":[{"protocol":"http","hostname":"0.0.0.0","path":"/","capabilities":{"browserName":"chrome","goog:chromeOptions":{"binary":"C:\\Program Files\\Google\\Chrome\\Application\\chrome.exe","args":["--start-maximized"]}},"logLevel":"warn","connectionRetryTimeout":120000,"connectionRetryCount":3,"logLevels":{},"enableDirectConnect":true,"strictSSL":true,"_":"65 more keys: [\"cacheDir\",\"port\",\"requestedCapabilities\",\"automationProtocol\",\"baseUrl\",\"waitforInterval\",\"waitforTimeout\",\"onReload\",\"beforeCommand\",\"afterCommand\",\"rootDir\",\"specs\",\"suites\",\"exclude\",\"groupLogsByTestSpec\",\"excludeDriverLogs\",\"bail\",\"framework\",\"reporters\",\"services\",\"maxInstances\",\"maxInstancesPerCapability\",\"injectGlobals\",\"filesToWatch\",\"execArgv\",\"runnerEnv\",\"runner\",\"shard\",\"specFileRetries\",\"specFileRetriesDelay\",\"specFileRetriesDeferred\",\"reporterSyncInterval\",\"reporterSyncTimeout\",\"cucumberFeaturesWithLineNumbers\",\"autoCompileOpts\",\"mochaOpts\",\"jasmineOpts\",\"cucumberOpts\",\"onPrepare\",\"onWorkerStart\",\"onWorkerEnd\",\"before\",\"beforeSession\",\"beforeSuite\",\"beforeHook\",\"beforeTest\",\"afterTest\",\"afterHook\",\"afterSuite\",\"afterSession\",\"after\",\"onComplete\",\"beforeAssertion\",\"afterAssertion\",\"beforeFeature\",\"beforeScenario\",\"beforeStep\",\"afterStep\",\"afterScenario\",\"afterFeature\",\"_\",\"suite\",\"$0\",\"ignoredWorkerServices\",\"wdi5\"]"}]}
COMMAND: POST /session/3080ab49fbb8c4e7eecdf487ecde7ebb/execute/async - {"script":"<script> [21126 bytes]","args":[35000]}
RESULT: {"script":"<script> [21126 bytes]","args":[35000]}
COMMAND: POST /session/3080ab49fbb8c4e7eecdf487ecde7ebb/element - {"using":"css selector","value":"#shell-header-logo"}
RESULT: {"using":"css selector","value":"#shell-header-logo"}
COMMAND: POST /session/3080ab49fbb8c4e7eecdf487ecde7ebb/element/f.73CD6E590336CA8913C659C97A11067A.d.3107E0B1817687C7AE25AD61D054DD06.e.950/click - {}
RESULT: {}
COMMAND: GET /session/3080ab49fbb8c4e7eecdf487ecde7ebb/screenshot - {}
RESULT: {}
COMMAND: POST /session/3080ab49fbb8c4e7eecdf487ecde7ebb/execute/async - {"script":"<script> [1562 bytes]","args":[{"selector":{"controlType":"sap.m.GenericTile","properties":{"header":"Manage Yards"}},"wdio_ui5_key":"sapm.GenericTile{\"header\":\"Manage Yards\"}"}]}
RESULT: {"script":"<script> [1562 bytes]","args":[{"selector":{"controlType":"sap.m.GenericTile","properties":{"header":"Manage Yards"}},"wdio_ui5_key":"sapm.GenericTile{\"header\":\"Manage Yards\"}"}]}
RESULT: undefined
COMMAND: POST /session/3080ab49fbb8c4e7eecdf487ecde7ebb/element - {"using":"xpath","value":"//*[@id=\"__tile52\"]"}
RESULT: {"using":"xpath","value":"//*[@id=\"__tile52\"]"}
COMMAND: POST /session/3080ab49fbb8c4e7eecdf487ecde7ebb/element/f.73CD6E590336CA8913C659C97A11067A.d.3107E0B1817687C7AE25AD61D054DD06.e.1091/click - {}
RESULT: {}
COMMAND: GET /session/3080ab49fbb8c4e7eecdf487ecde7ebb/screenshot - {}
RESULT: {}
COMMAND: POST /session/3080ab49fbb8c4e7eecdf487ecde7ebb/elements - {"using":"xpath","value":"//span[text()='Error']"}
RESULT: {"using":"xpath","value":"//span[text()='Error']"}
]]></system-out>
    </testcase>
  </testsuite>
  <testsuite timestamp="2025-05-29T15:19:48" time="273.246" tests="2" failures="0" errors="0" skipped="0">
    <properties>
      <property name="specId" value="0"/>
      <property name="suiteName" value="Create 2 Yards US112496"/>
      <property name="capabilities" value="chrome.136_0_7103_93.windows"/>
      <property name="file" value="file:///D:/a/1/s/test/specs/R2C/create-yard.spec.js"/>
    </properties>
    <testcase classname="chrome.136_0_7103_93.windows.Create_2_Yards_US112496" name="Should create a new simple yard" time="126.985">
      <system-out><![CDATA[
COMMAND: POST /session/3080ab49fbb8c4e7eecdf487ecde7ebb/execute/async - {"script":"<script> [1562 bytes]","args":[{"selector":{"controlType":"sap.ui.core.Icon","viewName":"etm.portal.ui.manageyards.view.Master","viewId":"application-manageyards-display-component---masterYard","properties":{"src":{"regex":{"source":"add"}}}},"wdio_ui5_key":"etmportal.ui.manageyards.view.Mastersap.ui.core.Icon{\"src\":{\"regex\":{\"source\":\"add\"}}}"}]}
RESULT: {"script":"<script> [1562 bytes]","args":[{"selector":{"controlType":"sap.ui.core.Icon","viewName":"etm.portal.ui.manageyards.view.Master","viewId":"application-manageyards-display-component---masterYard","properties":{"src":{"regex":{"source":"add"}}}},"wdio_ui5_key":"etmportal.ui.manageyards.view.Mastersap.ui.core.Icon{\"src\":{\"regex\":{\"source\":\"add\"}}}"}]}
RESULT: undefined
COMMAND: POST /session/3080ab49fbb8c4e7eecdf487ecde7ebb/element - {"using":"xpath","value":"//*[@id=\"__button25-img\"]"}
RESULT: {"using":"xpath","value":"//*[@id=\"__button25-img\"]"}
COMMAND: POST /session/3080ab49fbb8c4e7eecdf487ecde7ebb/element/f.73CD6E590336CA8913C659C97A11067A.d.3107E0B1817687C7AE25AD61D054DD06.e.1237/click - {}
RESULT: {}
COMMAND: GET /session/3080ab49fbb8c4e7eecdf487ecde7ebb/screenshot - {}
RESULT: {}
COMMAND: POST /session/3080ab49fbb8c4e7eecdf487ecde7ebb/execute/async - {"script":"<script> [1562 bytes]","args":[{"selector":{"id":"application-manageyards-display-component---NewYard--yardId","interaction":{"idSuffix":"inner"}},"wdio_ui5_key":"applicationmanageyards-display-component---NewYard--yardId"}]}
RESULT: {"script":"<script> [1562 bytes]","args":[{"selector":{"id":"application-manageyards-display-component---NewYard--yardId","interaction":{"idSuffix":"inner"}},"wdio_ui5_key":"applicationmanageyards-display-component---NewYard--yardId"}]}
RESULT: undefined
COMMAND: POST /session/3080ab49fbb8c4e7eecdf487ecde7ebb/element - {"using":"xpath","value":"//*[@id=\"application-manageyards-display-component---NewYard--addressDetailDetailsName1-inner\"]"}
RESULT: {"using":"xpath","value":"//*[@id=\"application-manageyards-display-component---NewYard--addressDetailDetailsName1-inner\"]"}
COMMAND: POST /session/3080ab49fbb8c4e7eecdf487ecde7ebb/element/f.73CD6E590336CA8913C659C97A11067A.d.3107E0B1817687C7AE25AD61D054DD06.e.1561/clear - {}
RESULT: {}
COMMAND: POST /session/3080ab49fbb8c4e7eecdf487ecde7ebb/element/f.73CD6E590336CA8913C659C97A11067A.d.3107E0B1817687C7AE25AD61D054DD06.e.1561/value - {"text":"Webdriver Yard wj6uv"}
COMMAND: GET /session/3080ab49fbb8c4e7eecdf487ecde7ebb/screenshot - {}
RESULT: {"text":"Webdriver Yard wj6uv"}
COMMAND: POST /session/3080ab49fbb8c4e7eecdf487ecde7ebb/element - {"using":"xpath","value":"//*[@id=\"application-manageyards-display-component---NewYard--addressDetailDetailsLanguage-inner\"]"}
COMMAND: GET /session/3080ab49fbb8c4e7eecdf487ecde7ebb/screenshot - {}
RESULT: {}
RESULT: {"using":"xpath","value":"//*[@id=\"application-manageyards-display-component---NewYard--addressDetailDetailsLanguage-inner\"]"}
COMMAND: POST /session/3080ab49fbb8c4e7eecdf487ecde7ebb/element/f.73CD6E590336CA8913C659C97A11067A.d.3107E0B1817687C7AE25AD61D054DD06.e.1562/clear - {}
RESULT: {}
RESULT: {}
COMMAND: POST /session/3080ab49fbb8c4e7eecdf487ecde7ebb/element/f.73CD6E590336CA8913C659C97A11067A.d.3107E0B1817687C7AE25AD61D054DD06.e.1562/value - {"text":"Romanian"}
COMMAND: GET /session/3080ab49fbb8c4e7eecdf487ecde7ebb/screenshot - {}
RESULT: {"text":"Romanian"}
COMMAND: GET /session/3080ab49fbb8c4e7eecdf487ecde7ebb/screenshot - {}
RESULT: {}
RESULT: {}
COMMAND: POST /session/3080ab49fbb8c4e7eecdf487ecde7ebb/element - {"using":"xpath","value":"//*[@id=\"application-manageyards-display-component---NewYard--addressDetailDetailsCity1-inner\"]"}
RESULT: {"using":"xpath","value":"//*[@id=\"application-manageyards-display-component---NewYard--addressDetailDetailsCity1-inner\"]"}
COMMAND: POST /session/3080ab49fbb8c4e7eecdf487ecde7ebb/element/f.73CD6E590336CA8913C659C97A11067A.d.3107E0B1817687C7AE25AD61D054DD06.e.1564/clear - {}
RESULT: {}
COMMAND: POST /session/3080ab49fbb8c4e7eecdf487ecde7ebb/element/f.73CD6E590336CA8913C659C97A11067A.d.3107E0B1817687C7AE25AD61D054DD06.e.1564/value - {"text":"Bucuresti"}
COMMAND: GET /session/3080ab49fbb8c4e7eecdf487ecde7ebb/screenshot - {}
RESULT: {"text":"Bucuresti"}
COMMAND: GET /session/3080ab49fbb8c4e7eecdf487ecde7ebb/screenshot - {}
RESULT: {}
RESULT: {}
COMMAND: POST /session/3080ab49fbb8c4e7eecdf487ecde7ebb/element - {"using":"xpath","value":"//*[@id=\"application-manageyards-display-component---NewYard--addressDetailDetailsCountry-inner\"]"}
RESULT: {"using":"xpath","value":"//*[@id=\"application-manageyards-display-component---NewYard--addressDetailDetailsCountry-inner\"]"}
COMMAND: POST /session/3080ab49fbb8c4e7eecdf487ecde7ebb/element/f.73CD6E590336CA8913C659C97A11067A.d.3107E0B1817687C7AE25AD61D054DD06.e.1568/clear - {}
RESULT: {}
COMMAND: POST /session/3080ab49fbb8c4e7eecdf487ecde7ebb/element/f.73CD6E590336CA8913C659C97A11067A.d.3107E0B1817687C7AE25AD61D054DD06.e.1568/value - {"text":"Romania"}
COMMAND: GET /session/3080ab49fbb8c4e7eecdf487ecde7ebb/screenshot - {}
RESULT: {"text":"Romania"}
COMMAND: GET /session/3080ab49fbb8c4e7eecdf487ecde7ebb/screenshot - {}
RESULT: {}
COMMAND: POST /session/3080ab49fbb8c4e7eecdf487ecde7ebb/element - {"using":"xpath","value":"//div[contains(text(), \"Commercial\")]"}
RESULT: {}
RESULT: {"using":"xpath","value":"//div[contains(text(), \"Commercial\")]"}
COMMAND: GET /session/3080ab49fbb8c4e7eecdf487ecde7ebb/element/f.73CD6E590336CA8913C659C97A11067A.d.3107E0B1817687C7AE25AD61D054DD06.e.1743/rect - {}
RESULT: {}
COMMAND: GET /session/3080ab49fbb8c4e7eecdf487ecde7ebb/window/rect - {}
RESULT: {}
COMMAND: POST /session/3080ab49fbb8c4e7eecdf487ecde7ebb/execute/sync - {"script":"<script> [92 bytes]","args":[]}
RESULT: {"script":"<script> [92 bytes]","args":[]}
COMMAND: POST /session/3080ab49fbb8c4e7eecdf487ecde7ebb/actions - {"actions":[{"id":"action2","type":"wheel","parameters":{},"actions":[{"type":"scroll","x":-1825,"y":-44,"deltaX":0,"deltaY":0,"duration":0,"origin":{"element-6066-11e4-a52e-4f735466cecf":"f.73CD6E590336CA8913C659C97A11067A.d.3107E0B1817687C7AE25AD61D054DD06.e.1743"}}]}]}
COMMAND: GET /session/3080ab49fbb8c4e7eecdf487ecde7ebb/screenshot - {}
RESULT: {}
COMMAND: POST /session/3080ab49fbb8c4e7eecdf487ecde7ebb/execute/sync - {"script":"<script> [79 bytes]","args":[{"element-6066-11e4-a52e-4f735466cecf":"f.73CD6E590336CA8913C659C97A11067A.d.3107E0B1817687C7AE25AD61D054DD06.e.1743","ELEMENT":"f.73CD6E590336CA8913C659C97A11067A.d.3107E0B1817687C7AE25AD61D054DD06.e.1743"},{"block":"start","inline":"nearest"}]}
RESULT: {"script":"<script> [79 bytes]","args":[{"element-6066-11e4-a52e-4f735466cecf":"f.73CD6E590336CA8913C659C97A11067A.d.3107E0B1817687C7AE25AD61D054DD06.e.1743","ELEMENT":"f.73CD6E590336CA8913C659C97A11067A.d.3107E0B1817687C7AE25AD61D054DD06.e.1743"},{"block":"start","inline":"nearest"}]}
COMMAND: GET /session/3080ab49fbb8c4e7eecdf487ecde7ebb/screenshot - {}
RESULT: {}
COMMAND: POST /session/3080ab49fbb8c4e7eecdf487ecde7ebb/element - {"using":"xpath","value":"//input[@id='application-manageyards-display-component---NewYard--addressEditDetailsCostObjectCstType-inner']"}
RESULT: {"using":"xpath","value":"//input[@id='application-manageyards-display-component---NewYard--addressEditDetailsCostObjectCstType-inner']"}
COMMAND: POST /session/3080ab49fbb8c4e7eecdf487ecde7ebb/execute/sync - {"script":"<script> [8489 bytes]","args":[{"element-6066-11e4-a52e-4f735466cecf":"f.73CD6E590336CA8913C659C97A11067A.d.3107E0B1817687C7AE25AD61D054DD06.e.1574","ELEMENT":"f.73CD6E590336CA8913C659C97A11067A.d.3107E0B1817687C7AE25AD61D054DD06.e.1574"}]}
RESULT: {"script":"<script> [8489 bytes]","args":[{"element-6066-11e4-a52e-4f735466cecf":"f.73CD6E590336CA8913C659C97A11067A.d.3107E0B1817687C7AE25AD61D054DD06.e.1574","ELEMENT":"f.73CD6E590336CA8913C659C97A11067A.d.3107E0B1817687C7AE25AD61D054DD06.e.1574"}]}
COMMAND: POST /session/3080ab49fbb8c4e7eecdf487ecde7ebb/element/f.73CD6E590336CA8913C659C97A11067A.d.3107E0B1817687C7AE25AD61D054DD06.e.1574/clear - {}
COMMAND: GET /session/3080ab49fbb8c4e7eecdf487ecde7ebb/screenshot - {}
RESULT: {}
COMMAND: POST /session/3080ab49fbb8c4e7eecdf487ecde7ebb/element/f.73CD6E590336CA8913C659C97A11067A.d.3107E0B1817687C7AE25AD61D054DD06.e.1574/value - {"text":"Cost"}
COMMAND: GET /session/3080ab49fbb8c4e7eecdf487ecde7ebb/screenshot - {}
RESULT: {}
RESULT: {"text":"Cost"}
COMMAND: GET /session/3080ab49fbb8c4e7eecdf487ecde7ebb/screenshot - {}
RESULT: {}
RESULT: {}
COMMAND: POST /session/3080ab49fbb8c4e7eecdf487ecde7ebb/execute/async - {"script":"<script> [1562 bytes]","args":[{"selector":{"id":"application-manageyards-display-component---NewYard--addressNewCostObjectCstID","interaction":{"idSuffix":"inner"}},"wdio_ui5_key":"applicationmanageyards-display-component---NewYard--addressNewCostObjectCstID"}]}
RESULT: {"script":"<script> [1562 bytes]","args":[{"selector":{"id":"application-manageyards-display-component---NewYard--addressNewCostObjectCstID","interaction":{"idSuffix":"inner"}},"wdio_ui5_key":"applicationmanageyards-display-component---NewYard--addressNewCostObjectCstID"}]}
RESULT: undefined
COMMAND: POST /session/3080ab49fbb8c4e7eecdf487ecde7ebb/execute/async - {"script":"<script> [776 bytes]","args":[{"enterText":"10001013","selector":{"id":"application-manageyards-display-component---NewYard--addressNewCostObjectCstID","interaction":{"idSuffix":"inner"}},"clearTextFirst":true,"interactionType":"ENTER_TEXT"}]}
RESULT: {"script":"<script> [776 bytes]","args":[{"enterText":"10001013","selector":{"id":"application-manageyards-display-component---NewYard--addressNewCostObjectCstID","interaction":{"idSuffix":"inner"}},"clearTextFirst":true,"interactionType":"ENTER_TEXT"}]}
COMMAND: POST /session/3080ab49fbb8c4e7eecdf487ecde7ebb/actions - {"actions":[{"id":"action3","type":"key","parameters":{},"actions":[{"type":"keyDown","value":""},{"type":"pause","duration":10},{"type":"keyUp","value":""}]}]}
RESULT: {"actions":[{"id":"action3","type":"key","parameters":{},"actions":[{"type":"keyDown","value":""},{"type":"pause","duration":10},{"type":"keyUp","value":""}]}]}
COMMAND: GET /session/3080ab49fbb8c4e7eecdf487ecde7ebb/screenshot - {}
RESULT: {}
COMMAND: POST /session/3080ab49fbb8c4e7eecdf487ecde7ebb/execute/async - {"script":"<script> [1562 bytes]","args":[{"selector":{"controlType":"sap.m.Button","viewName":"etm.portal.ui.manageyards.view.New","viewId":"application-manageyards-display-component---NewYard","i18NText":{"propertyName":"text","key":"save"},"interaction":{"idSuffix":"inner"}},"wdio_ui5_key":"etmportal.ui.manageyards.view.Newsap.m.Button{\"propertyName\":\"text\",\"key\":\"save\"}"}]}
RESULT: {"script":"<script> [1562 bytes]","args":[{"selector":{"controlType":"sap.m.Button","viewName":"etm.portal.ui.manageyards.view.New","viewId":"application-manageyards-display-component---NewYard","i18NText":{"propertyName":"text","key":"save"},"interaction":{"idSuffix":"inner"}},"wdio_ui5_key":"etmportal.ui.manageyards.view.Newsap.m.Button{\"propertyName\":\"text\",\"key\":\"save\"}"}]}
RESULT: undefined
COMMAND: POST /session/3080ab49fbb8c4e7eecdf487ecde7ebb/element - {"using":"xpath","value":"//*[@id=\"__button39\"]"}
RESULT: {"using":"xpath","value":"//*[@id=\"__button39\"]"}
COMMAND: POST /session/3080ab49fbb8c4e7eecdf487ecde7ebb/element/f.73CD6E590336CA8913C659C97A11067A.d.3107E0B1817687C7AE25AD61D054DD06.e.1722/click - {}
RESULT: {}
COMMAND: GET /session/3080ab49fbb8c4e7eecdf487ecde7ebb/screenshot - {}
RESULT: {}
COMMAND: POST /session/3080ab49fbb8c4e7eecdf487ecde7ebb/element - {"using":"xpath","value":"//header/div/div/div/div/div/div[2]/div/span"}
RESULT: {"using":"xpath","value":"//header/div/div/div/div/div/div[2]/div/span"}
COMMAND: GET /session/3080ab49fbb8c4e7eecdf487ecde7ebb/element/f.73CD6E590336CA8913C659C97A11067A.d.3107E0B1817687C7AE25AD61D054DD06.e.1955/text - {}
RESULT: {}
COMMAND: POST /session/3080ab49fbb8c4e7eecdf487ecde7ebb/element - {"using":"xpath","value":"//header/div/div[2]/div[2]/span"}
RESULT: {"using":"xpath","value":"//header/div/div[2]/div[2]/span"}
COMMAND: GET /session/3080ab49fbb8c4e7eecdf487ecde7ebb/element/f.73CD6E590336CA8913C659C97A11067A.d.3107E0B1817687C7AE25AD61D054DD06.e.1956/text - {}
RESULT: {}
COMMAND: POST /session/3080ab49fbb8c4e7eecdf487ecde7ebb/execute/async - {"script":"<script> [1562 bytes]","args":[{"selector":{"controlType":"sap.m.OverflowToolbarButton","viewName":"etm.portal.ui.manageyards.view.Detail","viewId":"application-manageyards-display-component---detailYard","i18NText":{"propertyName":"tooltip","key":"closeColumn"},"interaction":{"idSuffix":"inner"}},"wdio_ui5_key":"etmportal.ui.manageyards.view.Detailsap.m.OverflowToolbarButton{\"propertyName\":\"tooltip\",\"key\":\"closeColumn\"}"}]}
RESULT: {"script":"<script> [1562 bytes]","args":[{"selector":{"controlType":"sap.m.OverflowToolbarButton","viewName":"etm.portal.ui.manageyards.view.Detail","viewId":"application-manageyards-display-component---detailYard","i18NText":{"propertyName":"tooltip","key":"closeColumn"},"interaction":{"idSuffix":"inner"}},"wdio_ui5_key":"etmportal.ui.manageyards.view.Detailsap.m.OverflowToolbarButton{\"propertyName\":\"tooltip\",\"key\":\"closeColumn\"}"}]}
RESULT: undefined
COMMAND: POST /session/3080ab49fbb8c4e7eecdf487ecde7ebb/element - {"using":"xpath","value":"//*[@id=\"__button62\"]"}
RESULT: {"using":"xpath","value":"//*[@id=\"__button62\"]"}
COMMAND: POST /session/3080ab49fbb8c4e7eecdf487ecde7ebb/element/f.73CD6E590336CA8913C659C97A11067A.d.3107E0B1817687C7AE25AD61D054DD06.e.1958/click - {}
RESULT: {}
COMMAND: POST /session/3080ab49fbb8c4e7eecdf487ecde7ebb/refresh - {}
COMMAND: GET /session/3080ab49fbb8c4e7eecdf487ecde7ebb/screenshot - {}
RESULT: {}
COMMAND: GET /session/3080ab49fbb8c4e7eecdf487ecde7ebb/screenshot - {}
RESULT: {}
RESULT: {}
COMMAND: POST /session/3080ab49fbb8c4e7eecdf487ecde7ebb/refresh - {}
RESULT: {}
COMMAND: GET /session/3080ab49fbb8c4e7eecdf487ecde7ebb/screenshot - {}
COMMAND: POST /session/3080ab49fbb8c4e7eecdf487ecde7ebb/window/fullscreen - {}
RESULT: {}
RESULT: {}
COMMAND: POST /session/3080ab49fbb8c4e7eecdf487ecde7ebb/execute/async - {"script":"<script> [189 bytes]","args":[]}
RESULT: {"script":"<script> [189 bytes]","args":[]}
COMMAND: POST /session/3080ab49fbb8c4e7eecdf487ecde7ebb/execute/async - {"script":"<script> [123 bytes]","args":[]}
RESULT: {"script":"<script> [123 bytes]","args":[]}
COMMAND: POST /session/3080ab49fbb8c4e7eecdf487ecde7ebb/timeouts - {"script":"<number>"}
RESULT: {"script":"<number>"}
COMMAND: GET /session/3080ab49fbb8c4e7eecdf487ecde7ebb/timeouts - {}
RESULT: {}
RESULT: undefined
COMMAND: POST /session/3080ab49fbb8c4e7eecdf487ecde7ebb/execute/async - {"script":"<script> [2676 bytes]","args":[]}
RESULT: {"script":"<script> [2676 bytes]","args":[]}
COMMAND: POST /session/3080ab49fbb8c4e7eecdf487ecde7ebb/execute/async - {"script":"<script> [2342 bytes]","args":[{"protocol":"http","hostname":"0.0.0.0","path":"/","capabilities":{"browserName":"chrome","goog:chromeOptions":{"binary":"C:\\Program Files\\Google\\Chrome\\Application\\chrome.exe","args":["--start-maximized"]}},"logLevel":"warn","connectionRetryTimeout":120000,"connectionRetryCount":3,"logLevels":{},"enableDirectConnect":true,"strictSSL":true,"_":"65 more keys: [\"cacheDir\",\"port\",\"requestedCapabilities\",\"automationProtocol\",\"baseUrl\",\"waitforInterval\",\"waitforTimeout\",\"onReload\",\"beforeCommand\",\"afterCommand\",\"rootDir\",\"specs\",\"suites\",\"exclude\",\"groupLogsByTestSpec\",\"excludeDriverLogs\",\"bail\",\"framework\",\"reporters\",\"services\",\"maxInstances\",\"maxInstancesPerCapability\",\"injectGlobals\",\"filesToWatch\",\"execArgv\",\"runnerEnv\",\"runner\",\"shard\",\"specFileRetries\",\"specFileRetriesDelay\",\"specFileRetriesDeferred\",\"reporterSyncInterval\",\"reporterSyncTimeout\",\"cucumberFeaturesWithLineNumbers\",\"autoCompileOpts\",\"mochaOpts\",\"jasmineOpts\",\"cucumberOpts\",\"onPrepare\",\"onWorkerStart\",\"onWorkerEnd\",\"before\",\"beforeSession\",\"beforeSuite\",\"beforeHook\",\"beforeTest\",\"afterTest\",\"afterHook\",\"afterSuite\",\"afterSession\",\"after\",\"onComplete\",\"beforeAssertion\",\"afterAssertion\",\"beforeFeature\",\"beforeScenario\",\"beforeStep\",\"afterStep\",\"afterScenario\",\"afterFeature\",\"_\",\"suite\",\"$0\",\"ignoredWorkerServices\",\"wdi5\"]"}]}
RESULT: {"script":"<script> [2342 bytes]","args":[{"protocol":"http","hostname":"0.0.0.0","path":"/","capabilities":{"browserName":"chrome","goog:chromeOptions":{"binary":"C:\\Program Files\\Google\\Chrome\\Application\\chrome.exe","args":["--start-maximized"]}},"logLevel":"warn","connectionRetryTimeout":120000,"connectionRetryCount":3,"logLevels":{},"enableDirectConnect":true,"strictSSL":true,"_":"65 more keys: [\"cacheDir\",\"port\",\"requestedCapabilities\",\"automationProtocol\",\"baseUrl\",\"waitforInterval\",\"waitforTimeout\",\"onReload\",\"beforeCommand\",\"afterCommand\",\"rootDir\",\"specs\",\"suites\",\"exclude\",\"groupLogsByTestSpec\",\"excludeDriverLogs\",\"bail\",\"framework\",\"reporters\",\"services\",\"maxInstances\",\"maxInstancesPerCapability\",\"injectGlobals\",\"filesToWatch\",\"execArgv\",\"runnerEnv\",\"runner\",\"shard\",\"specFileRetries\",\"specFileRetriesDelay\",\"specFileRetriesDeferred\",\"reporterSyncInterval\",\"reporterSyncTimeout\",\"cucumberFeaturesWithLineNumbers\",\"autoCompileOpts\",\"mochaOpts\",\"jasmineOpts\",\"cucumberOpts\",\"onPrepare\",\"onWorkerStart\",\"onWorkerEnd\",\"before\",\"beforeSession\",\"beforeSuite\",\"beforeHook\",\"beforeTest\",\"afterTest\",\"afterHook\",\"afterSuite\",\"afterSession\",\"after\",\"onComplete\",\"beforeAssertion\",\"afterAssertion\",\"beforeFeature\",\"beforeScenario\",\"beforeStep\",\"afterStep\",\"afterScenario\",\"afterFeature\",\"_\",\"suite\",\"$0\",\"ignoredWorkerServices\",\"wdi5\"]"}]}
COMMAND: POST /session/3080ab49fbb8c4e7eecdf487ecde7ebb/execute/async - {"script":"<script> [21126 bytes]","args":[35000]}
RESULT: {"script":"<script> [21126 bytes]","args":[35000]}
]]></system-out>
    </testcase>
    <testcase classname="chrome.136_0_7103_93.windows.Create_2_Yards_US112496" name="Should create a WHM yard" time="64.257">
      <system-out><![CDATA[
COMMAND: POST /session/3080ab49fbb8c4e7eecdf487ecde7ebb/execute/async - {"script":"<script> [1562 bytes]","args":[{"selector":{"controlType":"sap.ui.core.Icon","viewName":"etm.portal.ui.manageyards.view.Master","viewId":"application-manageyards-display-component---masterYard","properties":{"src":{"regex":{"source":"add"}}}},"wdio_ui5_key":"etmportal.ui.manageyards.view.Mastersap.ui.core.Icon{\"src\":{\"regex\":{\"source\":\"add\"}}}"}]}
RESULT: {"script":"<script> [1562 bytes]","args":[{"selector":{"controlType":"sap.ui.core.Icon","viewName":"etm.portal.ui.manageyards.view.Master","viewId":"application-manageyards-display-component---masterYard","properties":{"src":{"regex":{"source":"add"}}}},"wdio_ui5_key":"etmportal.ui.manageyards.view.Mastersap.ui.core.Icon{\"src\":{\"regex\":{\"source\":\"add\"}}}"}]}
RESULT: undefined
COMMAND: POST /session/3080ab49fbb8c4e7eecdf487ecde7ebb/element - {"using":"xpath","value":"//*[@id=\"__button9-img\"]"}
RESULT: {"using":"xpath","value":"//*[@id=\"__button9-img\"]"}
COMMAND: POST /session/3080ab49fbb8c4e7eecdf487ecde7ebb/element/f.73CD6E590336CA8913C659C97A11067A.d.7F019B2CDA5EEAF3C2C1F104F9216AAE.e.2061/click - {}
RESULT: {}
COMMAND: GET /session/3080ab49fbb8c4e7eecdf487ecde7ebb/screenshot - {}
RESULT: {}
COMMAND: POST /session/3080ab49fbb8c4e7eecdf487ecde7ebb/execute/async - {"script":"<script> [1562 bytes]","args":[{"selector":{"id":"application-manageyards-display-component---NewYard--yardId","interaction":{"idSuffix":"inner"}},"wdio_ui5_key":"applicationmanageyards-display-component---NewYard--yardId"}]}
RESULT: {"script":"<script> [1562 bytes]","args":[{"selector":{"id":"application-manageyards-display-component---NewYard--yardId","interaction":{"idSuffix":"inner"}},"wdio_ui5_key":"applicationmanageyards-display-component---NewYard--yardId"}]}
RESULT: undefined
COMMAND: POST /session/3080ab49fbb8c4e7eecdf487ecde7ebb/element - {"using":"xpath","value":"//*[@id=\"application-manageyards-display-component---NewYard--addressDetailDetailsName1-inner\"]"}
RESULT: {"using":"xpath","value":"//*[@id=\"application-manageyards-display-component---NewYard--addressDetailDetailsName1-inner\"]"}
COMMAND: POST /session/3080ab49fbb8c4e7eecdf487ecde7ebb/element/f.73CD6E590336CA8913C659C97A11067A.d.7F019B2CDA5EEAF3C2C1F104F9216AAE.e.2209/clear - {}
RESULT: {}
COMMAND: POST /session/3080ab49fbb8c4e7eecdf487ecde7ebb/element/f.73CD6E590336CA8913C659C97A11067A.d.7F019B2CDA5EEAF3C2C1F104F9216AAE.e.2209/value - {"text":"Webdriver WHM Yard 5xjys"}
COMMAND: GET /session/3080ab49fbb8c4e7eecdf487ecde7ebb/screenshot - {}
RESULT: {"text":"Webdriver WHM Yard 5xjys"}
COMMAND: POST /session/3080ab49fbb8c4e7eecdf487ecde7ebb/element - {"using":"xpath","value":"//*[@id=\"application-manageyards-display-component---NewYard--addressDetailDetailsLanguage-inner\"]"}
COMMAND: GET /session/3080ab49fbb8c4e7eecdf487ecde7ebb/screenshot - {}
RESULT: {}
RESULT: {"using":"xpath","value":"//*[@id=\"application-manageyards-display-component---NewYard--addressDetailDetailsLanguage-inner\"]"}
COMMAND: POST /session/3080ab49fbb8c4e7eecdf487ecde7ebb/element/f.73CD6E590336CA8913C659C97A11067A.d.7F019B2CDA5EEAF3C2C1F104F9216AAE.e.2210/clear - {}
RESULT: {}
RESULT: {}
COMMAND: POST /session/3080ab49fbb8c4e7eecdf487ecde7ebb/element/f.73CD6E590336CA8913C659C97A11067A.d.7F019B2CDA5EEAF3C2C1F104F9216AAE.e.2210/value - {"text":"Romanian"}
COMMAND: GET /session/3080ab49fbb8c4e7eecdf487ecde7ebb/screenshot - {}
RESULT: {"text":"Romanian"}
COMMAND: GET /session/3080ab49fbb8c4e7eecdf487ecde7ebb/screenshot - {}
RESULT: {}
RESULT: {}
COMMAND: POST /session/3080ab49fbb8c4e7eecdf487ecde7ebb/element - {"using":"xpath","value":"//*[@id=\"application-manageyards-display-component---NewYard--addressDetailDetailsCity1-inner\"]"}
RESULT: {"using":"xpath","value":"//*[@id=\"application-manageyards-display-component---NewYard--addressDetailDetailsCity1-inner\"]"}
COMMAND: POST /session/3080ab49fbb8c4e7eecdf487ecde7ebb/element/f.73CD6E590336CA8913C659C97A11067A.d.7F019B2CDA5EEAF3C2C1F104F9216AAE.e.2212/clear - {}
RESULT: {}
COMMAND: POST /session/3080ab49fbb8c4e7eecdf487ecde7ebb/element/f.73CD6E590336CA8913C659C97A11067A.d.7F019B2CDA5EEAF3C2C1F104F9216AAE.e.2212/value - {"text":"Bucuresti"}
COMMAND: GET /session/3080ab49fbb8c4e7eecdf487ecde7ebb/screenshot - {}
RESULT: {"text":"Bucuresti"}
COMMAND: GET /session/3080ab49fbb8c4e7eecdf487ecde7ebb/screenshot - {}
RESULT: {}
RESULT: {}
COMMAND: POST /session/3080ab49fbb8c4e7eecdf487ecde7ebb/element - {"using":"xpath","value":"//*[@id=\"application-manageyards-display-component---NewYard--addressDetailDetailsCountry-inner\"]"}
RESULT: {"using":"xpath","value":"//*[@id=\"application-manageyards-display-component---NewYard--addressDetailDetailsCountry-inner\"]"}
COMMAND: POST /session/3080ab49fbb8c4e7eecdf487ecde7ebb/element/f.73CD6E590336CA8913C659C97A11067A.d.7F019B2CDA5EEAF3C2C1F104F9216AAE.e.2216/clear - {}
RESULT: {}
COMMAND: POST /session/3080ab49fbb8c4e7eecdf487ecde7ebb/element/f.73CD6E590336CA8913C659C97A11067A.d.7F019B2CDA5EEAF3C2C1F104F9216AAE.e.2216/value - {"text":"Romania"}
COMMAND: GET /session/3080ab49fbb8c4e7eecdf487ecde7ebb/screenshot - {}
RESULT: {"text":"Romania"}
COMMAND: GET /session/3080ab49fbb8c4e7eecdf487ecde7ebb/screenshot - {}
RESULT: {}
RESULT: {}
COMMAND: POST /session/3080ab49fbb8c4e7eecdf487ecde7ebb/execute/async - {"script":"<script> [1562 bytes]","args":[{"selector":{"controlType":"sap.m.Button","viewName":"etm.portal.ui.manageyards.view.New","viewId":"application-manageyards-display-component---NewYard","properties":{"text":"Commercial"},"interaction":{"idSuffix":"BDI-content"}},"wdio_ui5_key":"etmportal.ui.manageyards.view.Newsap.m.Button{\"text\":\"Commercial\"}"}]}
RESULT: {"script":"<script> [1562 bytes]","args":[{"selector":{"controlType":"sap.m.Button","viewName":"etm.portal.ui.manageyards.view.New","viewId":"application-manageyards-display-component---NewYard","properties":{"text":"Commercial"},"interaction":{"idSuffix":"BDI-content"}},"wdio_ui5_key":"etmportal.ui.manageyards.view.Newsap.m.Button{\"text\":\"Commercial\"}"}]}
RESULT: undefined
COMMAND: POST /session/3080ab49fbb8c4e7eecdf487ecde7ebb/element - {"using":"xpath","value":"//*[@id=\"application-manageyards-display-component---NewYard--ObjectPageLayout-anchBar-__section18-anchor\"]"}
RESULT: {"using":"xpath","value":"//*[@id=\"application-manageyards-display-component---NewYard--ObjectPageLayout-anchBar-__section18-anchor\"]"}
COMMAND: POST /session/3080ab49fbb8c4e7eecdf487ecde7ebb/element/f.73CD6E590336CA8913C659C97A11067A.d.7F019B2CDA5EEAF3C2C1F104F9216AAE.e.2361/click - {}
RESULT: {}
COMMAND: GET /session/3080ab49fbb8c4e7eecdf487ecde7ebb/screenshot - {}
RESULT: {}
COMMAND: POST /session/3080ab49fbb8c4e7eecdf487ecde7ebb/element - {"using":"xpath","value":"//input[@id='application-manageyards-display-component---NewYard--addressEditDetailsCostObjectCstType-inner']"}
RESULT: {"using":"xpath","value":"//input[@id='application-manageyards-display-component---NewYard--addressEditDetailsCostObjectCstType-inner']"}
COMMAND: POST /session/3080ab49fbb8c4e7eecdf487ecde7ebb/execute/sync - {"script":"<script> [8489 bytes]","args":[{"element-6066-11e4-a52e-4f735466cecf":"f.73CD6E590336CA8913C659C97A11067A.d.7F019B2CDA5EEAF3C2C1F104F9216AAE.e.2222","ELEMENT":"f.73CD6E590336CA8913C659C97A11067A.d.7F019B2CDA5EEAF3C2C1F104F9216AAE.e.2222"}]}
RESULT: {"script":"<script> [8489 bytes]","args":[{"element-6066-11e4-a52e-4f735466cecf":"f.73CD6E590336CA8913C659C97A11067A.d.7F019B2CDA5EEAF3C2C1F104F9216AAE.e.2222","ELEMENT":"f.73CD6E590336CA8913C659C97A11067A.d.7F019B2CDA5EEAF3C2C1F104F9216AAE.e.2222"}]}
COMMAND: POST /session/3080ab49fbb8c4e7eecdf487ecde7ebb/element/f.73CD6E590336CA8913C659C97A11067A.d.7F019B2CDA5EEAF3C2C1F104F9216AAE.e.2222/clear - {}
COMMAND: GET /session/3080ab49fbb8c4e7eecdf487ecde7ebb/screenshot - {}
RESULT: {}
COMMAND: POST /session/3080ab49fbb8c4e7eecdf487ecde7ebb/element/f.73CD6E590336CA8913C659C97A11067A.d.7F019B2CDA5EEAF3C2C1F104F9216AAE.e.2222/value - {"text":"Cost"}
COMMAND: GET /session/3080ab49fbb8c4e7eecdf487ecde7ebb/screenshot - {}
RESULT: {}
RESULT: {"text":"Cost"}
COMMAND: GET /session/3080ab49fbb8c4e7eecdf487ecde7ebb/screenshot - {}
RESULT: {}
RESULT: {}
COMMAND: POST /session/3080ab49fbb8c4e7eecdf487ecde7ebb/execute/async - {"script":"<script> [1562 bytes]","args":[{"selector":{"id":"application-manageyards-display-component---NewYard--addressNewCostObjectCstID","interaction":{"idSuffix":"inner"}},"wdio_ui5_key":"applicationmanageyards-display-component---NewYard--addressNewCostObjectCstID"}]}
RESULT: {"script":"<script> [1562 bytes]","args":[{"selector":{"id":"application-manageyards-display-component---NewYard--addressNewCostObjectCstID","interaction":{"idSuffix":"inner"}},"wdio_ui5_key":"applicationmanageyards-display-component---NewYard--addressNewCostObjectCstID"}]}
RESULT: undefined
COMMAND: POST /session/3080ab49fbb8c4e7eecdf487ecde7ebb/execute/async - {"script":"<script> [776 bytes]","args":[{"enterText":"10001013","selector":{"id":"application-manageyards-display-component---NewYard--addressNewCostObjectCstID","interaction":{"idSuffix":"inner"}},"clearTextFirst":true,"interactionType":"ENTER_TEXT"}]}
RESULT: {"script":"<script> [776 bytes]","args":[{"enterText":"10001013","selector":{"id":"application-manageyards-display-component---NewYard--addressNewCostObjectCstID","interaction":{"idSuffix":"inner"}},"clearTextFirst":true,"interactionType":"ENTER_TEXT"}]}
COMMAND: POST /session/3080ab49fbb8c4e7eecdf487ecde7ebb/actions - {"actions":[{"id":"action4","type":"key","parameters":{},"actions":[{"type":"keyDown","value":""},{"type":"pause","duration":10},{"type":"keyUp","value":""}]}]}
RESULT: {"actions":[{"id":"action4","type":"key","parameters":{},"actions":[{"type":"keyDown","value":""},{"type":"pause","duration":10},{"type":"keyUp","value":""}]}]}
COMMAND: POST /session/3080ab49fbb8c4e7eecdf487ecde7ebb/execute/async - {"script":"<script> [1562 bytes]","args":[{"selector":{"id":"application-manageyards-display-component---NewYard--addressEditDetailsCurrency","interaction":{"idSuffix":"inner"}},"wdio_ui5_key":"applicationmanageyards-display-component---NewYard--addressEditDetailsCurrency"}]}
COMMAND: GET /session/3080ab49fbb8c4e7eecdf487ecde7ebb/screenshot - {}
RESULT: {"script":"<script> [1562 bytes]","args":[{"selector":{"id":"application-manageyards-display-component---NewYard--addressEditDetailsCurrency","interaction":{"idSuffix":"inner"}},"wdio_ui5_key":"applicationmanageyards-display-component---NewYard--addressEditDetailsCurrency"}]}
RESULT: undefined
COMMAND: POST /session/3080ab49fbb8c4e7eecdf487ecde7ebb/execute/async - {"script":"<script> [776 bytes]","args":[{"enterText":"Euro","selector":{"id":"application-manageyards-display-component---NewYard--addressEditDetailsCurrency","interaction":{"idSuffix":"inner"}},"clearTextFirst":true,"interactionType":"ENTER_TEXT"}]}
RESULT: {}
RESULT: {"script":"<script> [776 bytes]","args":[{"enterText":"Euro","selector":{"id":"application-manageyards-display-component---NewYard--addressEditDetailsCurrency","interaction":{"idSuffix":"inner"}},"clearTextFirst":true,"interactionType":"ENTER_TEXT"}]}
COMMAND: POST /session/3080ab49fbb8c4e7eecdf487ecde7ebb/execute/async - {"script":"<script> [1562 bytes]","args":[{"selector":{"controlType":"sap.m.Input","viewName":"etm.portal.ui.manageyards.view.New","viewId":"application-manageyards-display-component---NewYard","bindingPath":{"path":"","propertyPath":"/CONTROLLING_AREA","modelName":"NewYardModel"},"interaction":{"idSuffix":"inner"}},"wdio_ui5_key":"etmportal.ui.manageyards.view.Newsap.m.Input{\"path\":\"\",\"propertyPath\":\"/CONTROLLING_AREA\",\"modelName\":\"NewYardModel\"}"}]}
RESULT: {"script":"<script> [1562 bytes]","args":[{"selector":{"controlType":"sap.m.Input","viewName":"etm.portal.ui.manageyards.view.New","viewId":"application-manageyards-display-component---NewYard","bindingPath":{"path":"","propertyPath":"/CONTROLLING_AREA","modelName":"NewYardModel"},"interaction":{"idSuffix":"inner"}},"wdio_ui5_key":"etmportal.ui.manageyards.view.Newsap.m.Input{\"path\":\"\",\"propertyPath\":\"/CONTROLLING_AREA\",\"modelName\":\"NewYardModel\"}"}]}
RESULT: undefined
COMMAND: POST /session/3080ab49fbb8c4e7eecdf487ecde7ebb/execute/async - {"script":"<script> [776 bytes]","args":[{"enterText":"Z001","selector":{"controlType":"sap.m.Input","viewName":"etm.portal.ui.manageyards.view.New","viewId":"application-manageyards-display-component---NewYard","bindingPath":{"path":"","propertyPath":"/CONTROLLING_AREA","modelName":"NewYardModel"},"interaction":{"idSuffix":"inner"}},"clearTextFirst":true,"interactionType":"ENTER_TEXT"}]}
RESULT: {"script":"<script> [776 bytes]","args":[{"enterText":"Z001","selector":{"controlType":"sap.m.Input","viewName":"etm.portal.ui.manageyards.view.New","viewId":"application-manageyards-display-component---NewYard","bindingPath":{"path":"","propertyPath":"/CONTROLLING_AREA","modelName":"NewYardModel"},"interaction":{"idSuffix":"inner"}},"clearTextFirst":true,"interactionType":"ENTER_TEXT"}]}
COMMAND: POST /session/3080ab49fbb8c4e7eecdf487ecde7ebb/execute/async - {"script":"<script> [1562 bytes]","args":[{"selector":{"id":"application-manageyards-display-component---NewYard--companyCodeComboBox","interaction":{"idSuffix":"inner"}},"wdio_ui5_key":"applicationmanageyards-display-component---NewYard--companyCodeComboBox"}]}
RESULT: {"script":"<script> [1562 bytes]","args":[{"selector":{"id":"application-manageyards-display-component---NewYard--companyCodeComboBox","interaction":{"idSuffix":"inner"}},"wdio_ui5_key":"applicationmanageyards-display-component---NewYard--companyCodeComboBox"}]}
RESULT: undefined
COMMAND: POST /session/3080ab49fbb8c4e7eecdf487ecde7ebb/execute/async - {"script":"<script> [776 bytes]","args":[{"enterText":"1000","selector":{"id":"application-manageyards-display-component---NewYard--companyCodeComboBox","interaction":{"idSuffix":"inner"}},"clearTextFirst":true,"interactionType":"ENTER_TEXT"}]}
RESULT: {"script":"<script> [776 bytes]","args":[{"enterText":"1000","selector":{"id":"application-manageyards-display-component---NewYard--companyCodeComboBox","interaction":{"idSuffix":"inner"}},"clearTextFirst":true,"interactionType":"ENTER_TEXT"}]}
COMMAND: POST /session/3080ab49fbb8c4e7eecdf487ecde7ebb/actions - {"actions":[{"id":"action5","type":"key","parameters":{},"actions":[{"type":"keyDown","value":""},{"type":"pause","duration":10},{"type":"keyUp","value":""}]}]}
RESULT: {"actions":[{"id":"action5","type":"key","parameters":{},"actions":[{"type":"keyDown","value":""},{"type":"pause","duration":10},{"type":"keyUp","value":""}]}]}
COMMAND: POST /session/3080ab49fbb8c4e7eecdf487ecde7ebb/execute/async - {"script":"<script> [1562 bytes]","args":[{"selector":{"controlType":"sap.m.Input","viewName":"etm.portal.ui.manageyards.view.New","viewId":"application-manageyards-display-component---NewYard","bindingPath":{"path":"","propertyPath":"/PLANT","modelName":"NewYardModel"},"interaction":{"idSuffix":"inner"}},"wdio_ui5_key":"etmportal.ui.manageyards.view.Newsap.m.Input{\"path\":\"\",\"propertyPath\":\"/PLANT\",\"modelName\":\"NewYardModel\"}"}]}
COMMAND: GET /session/3080ab49fbb8c4e7eecdf487ecde7ebb/screenshot - {}
RESULT: {"script":"<script> [1562 bytes]","args":[{"selector":{"controlType":"sap.m.Input","viewName":"etm.portal.ui.manageyards.view.New","viewId":"application-manageyards-display-component---NewYard","bindingPath":{"path":"","propertyPath":"/PLANT","modelName":"NewYardModel"},"interaction":{"idSuffix":"inner"}},"wdio_ui5_key":"etmportal.ui.manageyards.view.Newsap.m.Input{\"path\":\"\",\"propertyPath\":\"/PLANT\",\"modelName\":\"NewYardModel\"}"}]}
RESULT: undefined
COMMAND: POST /session/3080ab49fbb8c4e7eecdf487ecde7ebb/execute/async - {"script":"<script> [776 bytes]","args":[{"enterText":"1001","selector":{"controlType":"sap.m.Input","viewName":"etm.portal.ui.manageyards.view.New","viewId":"application-manageyards-display-component---NewYard","bindingPath":{"path":"","propertyPath":"/PLANT","modelName":"NewYardModel"},"interaction":{"idSuffix":"inner"}},"clearTextFirst":true,"interactionType":"ENTER_TEXT"}]}
RESULT: {}
RESULT: {"script":"<script> [776 bytes]","args":[{"enterText":"1001","selector":{"controlType":"sap.m.Input","viewName":"etm.portal.ui.manageyards.view.New","viewId":"application-manageyards-display-component---NewYard","bindingPath":{"path":"","propertyPath":"/PLANT","modelName":"NewYardModel"},"interaction":{"idSuffix":"inner"}},"clearTextFirst":true,"interactionType":"ENTER_TEXT"}]}
COMMAND: POST /session/3080ab49fbb8c4e7eecdf487ecde7ebb/execute/async - {"script":"<script> [1562 bytes]","args":[{"selector":{"controlType":"sap.m.Input","viewName":"etm.portal.ui.manageyards.view.New","viewId":"application-manageyards-display-component---NewYard","bindingPath":{"path":"","propertyPath":"/SALES_AREA_VKORG","modelName":"NewYardModel"},"interaction":{"idSuffix":"inner"}},"wdio_ui5_key":"etmportal.ui.manageyards.view.Newsap.m.Input{\"path\":\"\",\"propertyPath\":\"/SALES_AREA_VKORG\",\"modelName\":\"NewYardModel\"}"}]}
RESULT: {"script":"<script> [1562 bytes]","args":[{"selector":{"controlType":"sap.m.Input","viewName":"etm.portal.ui.manageyards.view.New","viewId":"application-manageyards-display-component---NewYard","bindingPath":{"path":"","propertyPath":"/SALES_AREA_VKORG","modelName":"NewYardModel"},"interaction":{"idSuffix":"inner"}},"wdio_ui5_key":"etmportal.ui.manageyards.view.Newsap.m.Input{\"path\":\"\",\"propertyPath\":\"/SALES_AREA_VKORG\",\"modelName\":\"NewYardModel\"}"}]}
RESULT: undefined
COMMAND: POST /session/3080ab49fbb8c4e7eecdf487ecde7ebb/execute/async - {"script":"<script> [776 bytes]","args":[{"enterText":"C002","selector":{"controlType":"sap.m.Input","viewName":"etm.portal.ui.manageyards.view.New","viewId":"application-manageyards-display-component---NewYard","bindingPath":{"path":"","propertyPath":"/SALES_AREA_VKORG","modelName":"NewYardModel"},"interaction":{"idSuffix":"inner"}},"clearTextFirst":true,"interactionType":"ENTER_TEXT"}]}
RESULT: {"script":"<script> [776 bytes]","args":[{"enterText":"C002","selector":{"controlType":"sap.m.Input","viewName":"etm.portal.ui.manageyards.view.New","viewId":"application-manageyards-display-component---NewYard","bindingPath":{"path":"","propertyPath":"/SALES_AREA_VKORG","modelName":"NewYardModel"},"interaction":{"idSuffix":"inner"}},"clearTextFirst":true,"interactionType":"ENTER_TEXT"}]}
COMMAND: POST /session/3080ab49fbb8c4e7eecdf487ecde7ebb/execute/async - {"script":"<script> [1562 bytes]","args":[{"selector":{"controlType":"sap.m.Input","viewName":"etm.portal.ui.manageyards.view.New","viewId":"application-manageyards-display-component---NewYard","bindingPath":{"path":"","propertyPath":"/SALES_AREA_VTWEG","modelName":"NewYardModel"},"interaction":{"idSuffix":"inner"}},"wdio_ui5_key":"etmportal.ui.manageyards.view.Newsap.m.Input{\"path\":\"\",\"propertyPath\":\"/SALES_AREA_VTWEG\",\"modelName\":\"NewYardModel\"}"}]}
RESULT: {"script":"<script> [1562 bytes]","args":[{"selector":{"controlType":"sap.m.Input","viewName":"etm.portal.ui.manageyards.view.New","viewId":"application-manageyards-display-component---NewYard","bindingPath":{"path":"","propertyPath":"/SALES_AREA_VTWEG","modelName":"NewYardModel"},"interaction":{"idSuffix":"inner"}},"wdio_ui5_key":"etmportal.ui.manageyards.view.Newsap.m.Input{\"path\":\"\",\"propertyPath\":\"/SALES_AREA_VTWEG\",\"modelName\":\"NewYardModel\"}"}]}
RESULT: undefined
COMMAND: POST /session/3080ab49fbb8c4e7eecdf487ecde7ebb/execute/async - {"script":"<script> [776 bytes]","args":[{"enterText":"C2","selector":{"controlType":"sap.m.Input","viewName":"etm.portal.ui.manageyards.view.New","viewId":"application-manageyards-display-component---NewYard","bindingPath":{"path":"","propertyPath":"/SALES_AREA_VTWEG","modelName":"NewYardModel"},"interaction":{"idSuffix":"inner"}},"clearTextFirst":true,"interactionType":"ENTER_TEXT"}]}
RESULT: {"script":"<script> [776 bytes]","args":[{"enterText":"C2","selector":{"controlType":"sap.m.Input","viewName":"etm.portal.ui.manageyards.view.New","viewId":"application-manageyards-display-component---NewYard","bindingPath":{"path":"","propertyPath":"/SALES_AREA_VTWEG","modelName":"NewYardModel"},"interaction":{"idSuffix":"inner"}},"clearTextFirst":true,"interactionType":"ENTER_TEXT"}]}
COMMAND: POST /session/3080ab49fbb8c4e7eecdf487ecde7ebb/execute/async - {"script":"<script> [1562 bytes]","args":[{"selector":{"controlType":"sap.m.Input","viewName":"etm.portal.ui.manageyards.view.New","viewId":"application-manageyards-display-component---NewYard","bindingPath":{"path":"","propertyPath":"/SALES_AREA_SPART","modelName":"NewYardModel"},"interaction":{"idSuffix":"inner"}},"wdio_ui5_key":"etmportal.ui.manageyards.view.Newsap.m.Input{\"path\":\"\",\"propertyPath\":\"/SALES_AREA_SPART\",\"modelName\":\"NewYardModel\"}"}]}
RESULT: {"script":"<script> [1562 bytes]","args":[{"selector":{"controlType":"sap.m.Input","viewName":"etm.portal.ui.manageyards.view.New","viewId":"application-manageyards-display-component---NewYard","bindingPath":{"path":"","propertyPath":"/SALES_AREA_SPART","modelName":"NewYardModel"},"interaction":{"idSuffix":"inner"}},"wdio_ui5_key":"etmportal.ui.manageyards.view.Newsap.m.Input{\"path\":\"\",\"propertyPath\":\"/SALES_AREA_SPART\",\"modelName\":\"NewYardModel\"}"}]}
RESULT: undefined
COMMAND: POST /session/3080ab49fbb8c4e7eecdf487ecde7ebb/execute/async - {"script":"<script> [776 bytes]","args":[{"enterText":"C2","selector":{"controlType":"sap.m.Input","viewName":"etm.portal.ui.manageyards.view.New","viewId":"application-manageyards-display-component---NewYard","bindingPath":{"path":"","propertyPath":"/SALES_AREA_SPART","modelName":"NewYardModel"},"interaction":{"idSuffix":"inner"}},"clearTextFirst":true,"interactionType":"ENTER_TEXT"}]}
RESULT: {"script":"<script> [776 bytes]","args":[{"enterText":"C2","selector":{"controlType":"sap.m.Input","viewName":"etm.portal.ui.manageyards.view.New","viewId":"application-manageyards-display-component---NewYard","bindingPath":{"path":"","propertyPath":"/SALES_AREA_SPART","modelName":"NewYardModel"},"interaction":{"idSuffix":"inner"}},"clearTextFirst":true,"interactionType":"ENTER_TEXT"}]}
COMMAND: POST /session/3080ab49fbb8c4e7eecdf487ecde7ebb/execute/async - {"script":"<script> [1562 bytes]","args":[{"selector":{"id":"application-manageyards-display-component---NewYard--whmCheckBox","interaction":{"idSuffix":"CbBg"}},"wdio_ui5_key":"applicationmanageyards-display-component---NewYard--whmCheckBox"}]}
RESULT: {"script":"<script> [1562 bytes]","args":[{"selector":{"id":"application-manageyards-display-component---NewYard--whmCheckBox","interaction":{"idSuffix":"CbBg"}},"wdio_ui5_key":"applicationmanageyards-display-component---NewYard--whmCheckBox"}]}
RESULT: undefined
COMMAND: POST /session/3080ab49fbb8c4e7eecdf487ecde7ebb/element - {"using":"xpath","value":"//*[@id=\"application-manageyards-display-component---NewYard--whmCheckBox\"]"}
RESULT: {"using":"xpath","value":"//*[@id=\"application-manageyards-display-component---NewYard--whmCheckBox\"]"}
COMMAND: POST /session/3080ab49fbb8c4e7eecdf487ecde7ebb/element/f.73CD6E590336CA8913C659C97A11067A.d.7F019B2CDA5EEAF3C2C1F104F9216AAE.e.2384/click - {}
RESULT: {}
COMMAND: POST /session/3080ab49fbb8c4e7eecdf487ecde7ebb/execute/async - {"script":"<script> [1562 bytes]","args":[{"selector":{"controlType":"sap.m.Button","viewName":"etm.portal.ui.manageyards.view.New","viewId":"application-manageyards-display-component---NewYard","i18NText":{"propertyName":"text","key":"save"},"interaction":{"idSuffix":"inner"}},"wdio_ui5_key":"etmportal.ui.manageyards.view.Newsap.m.Button{\"propertyName\":\"text\",\"key\":\"save\"}"}]}
COMMAND: GET /session/3080ab49fbb8c4e7eecdf487ecde7ebb/screenshot - {}
RESULT: {"script":"<script> [1562 bytes]","args":[{"selector":{"controlType":"sap.m.Button","viewName":"etm.portal.ui.manageyards.view.New","viewId":"application-manageyards-display-component---NewYard","i18NText":{"propertyName":"text","key":"save"},"interaction":{"idSuffix":"inner"}},"wdio_ui5_key":"etmportal.ui.manageyards.view.Newsap.m.Button{\"propertyName\":\"text\",\"key\":\"save\"}"}]}
RESULT: undefined
COMMAND: POST /session/3080ab49fbb8c4e7eecdf487ecde7ebb/element - {"using":"xpath","value":"//*[@id=\"__button43\"]"}
RESULT: {}
RESULT: {"using":"xpath","value":"//*[@id=\"__button43\"]"}
COMMAND: POST /session/3080ab49fbb8c4e7eecdf487ecde7ebb/element/f.73CD6E590336CA8913C659C97A11067A.d.7F019B2CDA5EEAF3C2C1F104F9216AAE.e.2350/click - {}
RESULT: {}
COMMAND: GET /session/3080ab49fbb8c4e7eecdf487ecde7ebb/screenshot - {}
RESULT: {}
COMMAND: POST /session/3080ab49fbb8c4e7eecdf487ecde7ebb/element - {"using":"xpath","value":"//header/div/div/div/div/div/div[2]/div/span"}
RESULT: {"using":"xpath","value":"//header/div/div/div/div/div/div[2]/div/span"}
COMMAND: GET /session/3080ab49fbb8c4e7eecdf487ecde7ebb/element/f.73CD6E590336CA8913C659C97A11067A.d.7F019B2CDA5EEAF3C2C1F104F9216AAE.e.2535/text - {}
RESULT: {}
COMMAND: POST /session/3080ab49fbb8c4e7eecdf487ecde7ebb/element - {"using":"xpath","value":"//header/div/div[2]/div[2]/span"}
RESULT: {"using":"xpath","value":"//header/div/div[2]/div[2]/span"}
COMMAND: GET /session/3080ab49fbb8c4e7eecdf487ecde7ebb/element/f.73CD6E590336CA8913C659C97A11067A.d.7F019B2CDA5EEAF3C2C1F104F9216AAE.e.2536/text - {}
RESULT: {}
COMMAND: POST /session/3080ab49fbb8c4e7eecdf487ecde7ebb/element - {"using":"css selector","value":"#j_username"}
COMMAND: POST /session/3080ab49fbb8c4e7eecdf487ecde7ebb/url - {"url":"https://qa-testing-00-live-etm-ui.cfapps.eu10-004.hana.ondemand.com/"}
RESULT: {"url":"https://qa-testing-00-live-etm-ui.cfapps.eu10-004.hana.ondemand.com/"}
RESULT: undefined
COMMAND: GET /session/3080ab49fbb8c4e7eecdf487ecde7ebb/screenshot - {}
RESULT: {"using":"css selector","value":"#j_username"}
COMMAND: POST /session/3080ab49fbb8c4e7eecdf487ecde7ebb/element - {"using":"css selector","value":"#j_username"}
RESULT: {}
RESULT: {"using":"css selector","value":"#j_username"}
COMMAND: POST /session/3080ab49fbb8c4e7eecdf487ecde7ebb/element - {"using":"css selector","value":"#shell-header-logo"}
RESULT: {"using":"css selector","value":"#shell-header-logo"}
COMMAND: POST /session/3080ab49fbb8c4e7eecdf487ecde7ebb/execute/sync - {"script":"<script> [8489 bytes]","args":[{"element-6066-11e4-a52e-4f735466cecf":"f.73CD6E590336CA8913C659C97A11067A.d.6C068CCB7F9FD6AFC674031243D62FC5.e.2552","ELEMENT":"f.73CD6E590336CA8913C659C97A11067A.d.6C068CCB7F9FD6AFC674031243D62FC5.e.2552"}]}
RESULT: {"script":"<script> [8489 bytes]","args":[{"element-6066-11e4-a52e-4f735466cecf":"f.73CD6E590336CA8913C659C97A11067A.d.6C068CCB7F9FD6AFC674031243D62FC5.e.2552","ELEMENT":"f.73CD6E590336CA8913C659C97A11067A.d.6C068CCB7F9FD6AFC674031243D62FC5.e.2552"}]}
COMMAND: POST /session/3080ab49fbb8c4e7eecdf487ecde7ebb/element - {"using":"css selector","value":"#shell-header-logo"}
COMMAND: GET /session/3080ab49fbb8c4e7eecdf487ecde7ebb/screenshot - {}
RESULT: {"using":"css selector","value":"#shell-header-logo"}
COMMAND: POST /session/3080ab49fbb8c4e7eecdf487ecde7ebb/execute/sync - {"script":"<script> [8489 bytes]","args":[{"element-6066-11e4-a52e-4f735466cecf":"f.73CD6E590336CA8913C659C97A11067A.d.6C068CCB7F9FD6AFC674031243D62FC5.e.2552","ELEMENT":"f.73CD6E590336CA8913C659C97A11067A.d.6C068CCB7F9FD6AFC674031243D62FC5.e.2552"}]}
RESULT: {}
RESULT: {"script":"<script> [8489 bytes]","args":[{"element-6066-11e4-a52e-4f735466cecf":"f.73CD6E590336CA8913C659C97A11067A.d.6C068CCB7F9FD6AFC674031243D62FC5.e.2552","ELEMENT":"f.73CD6E590336CA8913C659C97A11067A.d.6C068CCB7F9FD6AFC674031243D62FC5.e.2552"}]}
COMMAND: POST /session/3080ab49fbb8c4e7eecdf487ecde7ebb/execute/sync - {"script":"<script> [5351 bytes]","args":[{"element-6066-11e4-a52e-4f735466cecf":"f.73CD6E590336CA8913C659C97A11067A.d.6C068CCB7F9FD6AFC674031243D62FC5.e.2552","ELEMENT":"f.73CD6E590336CA8913C659C97A11067A.d.6C068CCB7F9FD6AFC674031243D62FC5.e.2552"}]}
COMMAND: GET /session/3080ab49fbb8c4e7eecdf487ecde7ebb/screenshot - {}
RESULT: {"script":"<script> [5351 bytes]","args":[{"element-6066-11e4-a52e-4f735466cecf":"f.73CD6E590336CA8913C659C97A11067A.d.6C068CCB7F9FD6AFC674031243D62FC5.e.2552","ELEMENT":"f.73CD6E590336CA8913C659C97A11067A.d.6C068CCB7F9FD6AFC674031243D62FC5.e.2552"}]}
COMMAND: POST /session/3080ab49fbb8c4e7eecdf487ecde7ebb/element - {"using":"css selector","value":"#shell-header-logo"}
COMMAND: GET /session/3080ab49fbb8c4e7eecdf487ecde7ebb/screenshot - {}
RESULT: {}
RESULT: {"using":"css selector","value":"#shell-header-logo"}
COMMAND: POST /session/3080ab49fbb8c4e7eecdf487ecde7ebb/element/f.73CD6E590336CA8913C659C97A11067A.d.6C068CCB7F9FD6AFC674031243D62FC5.e.2552/click - {}
RESULT: {}
RESULT: {}
COMMAND: GET /session/3080ab49fbb8c4e7eecdf487ecde7ebb/screenshot - {}
RESULT: {}
COMMAND: POST /session/3080ab49fbb8c4e7eecdf487ecde7ebb/execute/async - {"script":"<script> [189 bytes]","args":[]}
RESULT: {"script":"<script> [189 bytes]","args":[]}
COMMAND: POST /session/3080ab49fbb8c4e7eecdf487ecde7ebb/execute/async - {"script":"<script> [123 bytes]","args":[]}
RESULT: {"script":"<script> [123 bytes]","args":[]}
COMMAND: POST /session/3080ab49fbb8c4e7eecdf487ecde7ebb/timeouts - {"script":"<number>"}
RESULT: {"script":"<number>"}
COMMAND: GET /session/3080ab49fbb8c4e7eecdf487ecde7ebb/timeouts - {}
RESULT: {}
RESULT: undefined
COMMAND: POST /session/3080ab49fbb8c4e7eecdf487ecde7ebb/execute/async - {"script":"<script> [2676 bytes]","args":[]}
RESULT: {"script":"<script> [2676 bytes]","args":[]}
COMMAND: POST /session/3080ab49fbb8c4e7eecdf487ecde7ebb/execute/async - {"script":"<script> [2342 bytes]","args":[{"protocol":"http","hostname":"0.0.0.0","path":"/","capabilities":{"browserName":"chrome","goog:chromeOptions":{"binary":"C:\\Program Files\\Google\\Chrome\\Application\\chrome.exe","args":["--start-maximized"]}},"logLevel":"warn","connectionRetryTimeout":120000,"connectionRetryCount":3,"logLevels":{},"enableDirectConnect":true,"strictSSL":true,"_":"65 more keys: [\"cacheDir\",\"port\",\"requestedCapabilities\",\"automationProtocol\",\"baseUrl\",\"waitforInterval\",\"waitforTimeout\",\"onReload\",\"beforeCommand\",\"afterCommand\",\"rootDir\",\"specs\",\"suites\",\"exclude\",\"groupLogsByTestSpec\",\"excludeDriverLogs\",\"bail\",\"framework\",\"reporters\",\"services\",\"maxInstances\",\"maxInstancesPerCapability\",\"injectGlobals\",\"filesToWatch\",\"execArgv\",\"runnerEnv\",\"runner\",\"shard\",\"specFileRetries\",\"specFileRetriesDelay\",\"specFileRetriesDeferred\",\"reporterSyncInterval\",\"reporterSyncTimeout\",\"cucumberFeaturesWithLineNumbers\",\"autoCompileOpts\",\"mochaOpts\",\"jasmineOpts\",\"cucumberOpts\",\"onPrepare\",\"onWorkerStart\",\"onWorkerEnd\",\"before\",\"beforeSession\",\"beforeSuite\",\"beforeHook\",\"beforeTest\",\"afterTest\",\"afterHook\",\"afterSuite\",\"afterSession\",\"after\",\"onComplete\",\"beforeAssertion\",\"afterAssertion\",\"beforeFeature\",\"beforeScenario\",\"beforeStep\",\"afterStep\",\"afterScenario\",\"afterFeature\",\"_\",\"suite\",\"$0\",\"ignoredWorkerServices\",\"wdi5\"]"}]}
RESULT: {"script":"<script> [2342 bytes]","args":[{"protocol":"http","hostname":"0.0.0.0","path":"/","capabilities":{"browserName":"chrome","goog:chromeOptions":{"binary":"C:\\Program Files\\Google\\Chrome\\Application\\chrome.exe","args":["--start-maximized"]}},"logLevel":"warn","connectionRetryTimeout":120000,"connectionRetryCount":3,"logLevels":{},"enableDirectConnect":true,"strictSSL":true,"_":"65 more keys: [\"cacheDir\",\"port\",\"requestedCapabilities\",\"automationProtocol\",\"baseUrl\",\"waitforInterval\",\"waitforTimeout\",\"onReload\",\"beforeCommand\",\"afterCommand\",\"rootDir\",\"specs\",\"suites\",\"exclude\",\"groupLogsByTestSpec\",\"excludeDriverLogs\",\"bail\",\"framework\",\"reporters\",\"services\",\"maxInstances\",\"maxInstancesPerCapability\",\"injectGlobals\",\"filesToWatch\",\"execArgv\",\"runnerEnv\",\"runner\",\"shard\",\"specFileRetries\",\"specFileRetriesDelay\",\"specFileRetriesDeferred\",\"reporterSyncInterval\",\"reporterSyncTimeout\",\"cucumberFeaturesWithLineNumbers\",\"autoCompileOpts\",\"mochaOpts\",\"jasmineOpts\",\"cucumberOpts\",\"onPrepare\",\"onWorkerStart\",\"onWorkerEnd\",\"before\",\"beforeSession\",\"beforeSuite\",\"beforeHook\",\"beforeTest\",\"afterTest\",\"afterHook\",\"afterSuite\",\"afterSession\",\"after\",\"onComplete\",\"beforeAssertion\",\"afterAssertion\",\"beforeFeature\",\"beforeScenario\",\"beforeStep\",\"afterStep\",\"afterScenario\",\"afterFeature\",\"_\",\"suite\",\"$0\",\"ignoredWorkerServices\",\"wdi5\"]"}]}
COMMAND: POST /session/3080ab49fbb8c4e7eecdf487ecde7ebb/execute/async - {"script":"<script> [21126 bytes]","args":[35000]}
RESULT: {"script":"<script> [21126 bytes]","args":[35000]}
COMMAND: POST /session/3080ab49fbb8c4e7eecdf487ecde7ebb/window/maximize - {}
RESULT: {}
COMMAND: POST /session/3080ab49fbb8c4e7eecdf487ecde7ebb/execute/async - {"script":"<script> [1562 bytes]","args":[{"selector":{"id":"shell-header","interaction":{"idSuffix":"icon"}},"wdio_ui5_key":"shellheader"}]}
COMMAND: GET /session/3080ab49fbb8c4e7eecdf487ecde7ebb/screenshot - {}
RESULT: {"script":"<script> [1562 bytes]","args":[{"selector":{"id":"shell-header","interaction":{"idSuffix":"icon"}},"wdio_ui5_key":"shellheader"}]}
RESULT: undefined
COMMAND: POST /session/3080ab49fbb8c4e7eecdf487ecde7ebb/refresh - {}
RESULT: {}
RESULT: {}
COMMAND: GET /session/3080ab49fbb8c4e7eecdf487ecde7ebb/screenshot - {}
RESULT: {}
COMMAND: POST /session/3080ab49fbb8c4e7eecdf487ecde7ebb/refresh - {}
RESULT: {}
COMMAND: GET /session/3080ab49fbb8c4e7eecdf487ecde7ebb/screenshot - {}
RESULT: {}
COMMAND: POST /session/3080ab49fbb8c4e7eecdf487ecde7ebb/window/fullscreen - {}
RESULT: {}
COMMAND: POST /session/3080ab49fbb8c4e7eecdf487ecde7ebb/execute/async - {"script":"<script> [189 bytes]","args":[]}
RESULT: {"script":"<script> [189 bytes]","args":[]}
COMMAND: POST /session/3080ab49fbb8c4e7eecdf487ecde7ebb/execute/async - {"script":"<script> [123 bytes]","args":[]}
RESULT: {"script":"<script> [123 bytes]","args":[]}
COMMAND: POST /session/3080ab49fbb8c4e7eecdf487ecde7ebb/timeouts - {"script":"<number>"}
RESULT: {"script":"<number>"}
COMMAND: GET /session/3080ab49fbb8c4e7eecdf487ecde7ebb/timeouts - {}
RESULT: {}
RESULT: undefined
COMMAND: POST /session/3080ab49fbb8c4e7eecdf487ecde7ebb/execute/async - {"script":"<script> [2676 bytes]","args":[]}
RESULT: {"script":"<script> [2676 bytes]","args":[]}
COMMAND: POST /session/3080ab49fbb8c4e7eecdf487ecde7ebb/execute/async - {"script":"<script> [2342 bytes]","args":[{"protocol":"http","hostname":"0.0.0.0","path":"/","capabilities":{"browserName":"chrome","goog:chromeOptions":{"binary":"C:\\Program Files\\Google\\Chrome\\Application\\chrome.exe","args":["--start-maximized"]}},"logLevel":"warn","connectionRetryTimeout":120000,"connectionRetryCount":3,"logLevels":{},"enableDirectConnect":true,"strictSSL":true,"_":"65 more keys: [\"cacheDir\",\"port\",\"requestedCapabilities\",\"automationProtocol\",\"baseUrl\",\"waitforInterval\",\"waitforTimeout\",\"onReload\",\"beforeCommand\",\"afterCommand\",\"rootDir\",\"specs\",\"suites\",\"exclude\",\"groupLogsByTestSpec\",\"excludeDriverLogs\",\"bail\",\"framework\",\"reporters\",\"services\",\"maxInstances\",\"maxInstancesPerCapability\",\"injectGlobals\",\"filesToWatch\",\"execArgv\",\"runnerEnv\",\"runner\",\"shard\",\"specFileRetries\",\"specFileRetriesDelay\",\"specFileRetriesDeferred\",\"reporterSyncInterval\",\"reporterSyncTimeout\",\"cucumberFeaturesWithLineNumbers\",\"autoCompileOpts\",\"mochaOpts\",\"jasmineOpts\",\"cucumberOpts\",\"onPrepare\",\"onWorkerStart\",\"onWorkerEnd\",\"before\",\"beforeSession\",\"beforeSuite\",\"beforeHook\",\"beforeTest\",\"afterTest\",\"afterHook\",\"afterSuite\",\"afterSession\",\"after\",\"onComplete\",\"beforeAssertion\",\"afterAssertion\",\"beforeFeature\",\"beforeScenario\",\"beforeStep\",\"afterStep\",\"afterScenario\",\"afterFeature\",\"_\",\"suite\",\"$0\",\"ignoredWorkerServices\",\"wdi5\"]"}]}
RESULT: {"script":"<script> [2342 bytes]","args":[{"protocol":"http","hostname":"0.0.0.0","path":"/","capabilities":{"browserName":"chrome","goog:chromeOptions":{"binary":"C:\\Program Files\\Google\\Chrome\\Application\\chrome.exe","args":["--start-maximized"]}},"logLevel":"warn","connectionRetryTimeout":120000,"connectionRetryCount":3,"logLevels":{},"enableDirectConnect":true,"strictSSL":true,"_":"65 more keys: [\"cacheDir\",\"port\",\"requestedCapabilities\",\"automationProtocol\",\"baseUrl\",\"waitforInterval\",\"waitforTimeout\",\"onReload\",\"beforeCommand\",\"afterCommand\",\"rootDir\",\"specs\",\"suites\",\"exclude\",\"groupLogsByTestSpec\",\"excludeDriverLogs\",\"bail\",\"framework\",\"reporters\",\"services\",\"maxInstances\",\"maxInstancesPerCapability\",\"injectGlobals\",\"filesToWatch\",\"execArgv\",\"runnerEnv\",\"runner\",\"shard\",\"specFileRetries\",\"specFileRetriesDelay\",\"specFileRetriesDeferred\",\"reporterSyncInterval\",\"reporterSyncTimeout\",\"cucumberFeaturesWithLineNumbers\",\"autoCompileOpts\",\"mochaOpts\",\"jasmineOpts\",\"cucumberOpts\",\"onPrepare\",\"onWorkerStart\",\"onWorkerEnd\",\"before\",\"beforeSession\",\"beforeSuite\",\"beforeHook\",\"beforeTest\",\"afterTest\",\"afterHook\",\"afterSuite\",\"afterSession\",\"after\",\"onComplete\",\"beforeAssertion\",\"afterAssertion\",\"beforeFeature\",\"beforeScenario\",\"beforeStep\",\"afterStep\",\"afterScenario\",\"afterFeature\",\"_\",\"suite\",\"$0\",\"ignoredWorkerServices\",\"wdi5\"]"}]}
COMMAND: POST /session/3080ab49fbb8c4e7eecdf487ecde7ebb/execute/async - {"script":"<script> [21126 bytes]","args":[35000]}
RESULT: {"script":"<script> [21126 bytes]","args":[35000]}
]]></system-out>
    </testcase>
  </testsuite>
  <testsuite timestamp="2025-05-29T15:24:21" time="323.901" tests="4" failures="1" errors="1" skipped="0">
    <properties>
      <property name="specId" value="0"/>
      <property name="suiteName" value="Create partner US118246"/>
      <property name="capabilities" value="chrome.136_0_7103_93.windows"/>
      <property name="file" value="file:///D:/a/1/s/test/specs/BTS/create-partner.spec.js"/>
    </properties>
    <testcase classname="chrome.136_0_7103_93.windows.Create_partner_US118246" name="Should create a new yard in case create yard failed" time="0.022">
      <system-out><![CDATA[
COMMAND: POST /session/3080ab49fbb8c4e7eecdf487ecde7ebb/window/fullscreen - {}
RESULT: {}
]]></system-out>
    </testcase>
    <testcase classname="chrome.136_0_7103_93.windows.Create_partner_US118246" name="Should create new external partner" time="104.057">
      <system-out><![CDATA[
COMMAND: POST /session/3080ab49fbb8c4e7eecdf487ecde7ebb/window/fullscreen - {}
RESULT: {}
COMMAND: POST /session/3080ab49fbb8c4e7eecdf487ecde7ebb/execute/async - {"script":"<script> [1562 bytes]","args":[{"selector":{"controlType":"sap.m.GenericTile","properties":{"header":"Manage Partners"}},"wdio_ui5_key":"sapm.GenericTile{\"header\":\"Manage Partners\"}"}]}
RESULT: {"script":"<script> [1562 bytes]","args":[{"selector":{"controlType":"sap.m.GenericTile","properties":{"header":"Manage Partners"}},"wdio_ui5_key":"sapm.GenericTile{\"header\":\"Manage Partners\"}"}]}
RESULT: undefined
COMMAND: POST /session/3080ab49fbb8c4e7eecdf487ecde7ebb/element - {"using":"xpath","value":"//*[@id=\"__tile38\"]"}
RESULT: {"using":"xpath","value":"//*[@id=\"__tile38\"]"}
COMMAND: POST /session/3080ab49fbb8c4e7eecdf487ecde7ebb/element/f.73CD6E590336CA8913C659C97A11067A.d.7E359AABFE25C33F3B9B706480F02C9E.e.2705/click - {}
RESULT: {}
COMMAND: GET /session/3080ab49fbb8c4e7eecdf487ecde7ebb/screenshot - {}
RESULT: {}
COMMAND: POST /session/3080ab49fbb8c4e7eecdf487ecde7ebb/elements - {"using":"xpath","value":"//span[text()='Error']"}
RESULT: {"using":"xpath","value":"//span[text()='Error']"}
COMMAND: POST /session/3080ab49fbb8c4e7eecdf487ecde7ebb/element - {"using":"xpath","value":"//button[@data-kt=\"addButton\"]"}
RESULT: {"using":"xpath","value":"//button[@data-kt=\"addButton\"]"}
COMMAND: POST /session/3080ab49fbb8c4e7eecdf487ecde7ebb/elements - {"using":"xpath","value":"//button[@data-kt=\"addButton\"]"}
RESULT: {"using":"xpath","value":"//button[@data-kt=\"addButton\"]"}
COMMAND: POST /session/3080ab49fbb8c4e7eecdf487ecde7ebb/elements - {"using":"xpath","value":"//button[@data-kt=\"addButton\"]"}
RESULT: {"using":"xpath","value":"//button[@data-kt=\"addButton\"]"}
COMMAND: POST /session/3080ab49fbb8c4e7eecdf487ecde7ebb/elements - {"using":"xpath","value":"//button[@data-kt=\"addButton\"]"}
RESULT: {"using":"xpath","value":"//button[@data-kt=\"addButton\"]"}
COMMAND: POST /session/3080ab49fbb8c4e7eecdf487ecde7ebb/elements - {"using":"xpath","value":"//button[@data-kt=\"addButton\"]"}
RESULT: {"using":"xpath","value":"//button[@data-kt=\"addButton\"]"}
COMMAND: POST /session/3080ab49fbb8c4e7eecdf487ecde7ebb/elements - {"using":"xpath","value":"//button[@data-kt=\"addButton\"]"}
RESULT: {"using":"xpath","value":"//button[@data-kt=\"addButton\"]"}
COMMAND: POST /session/3080ab49fbb8c4e7eecdf487ecde7ebb/elements - {"using":"xpath","value":"//button[@data-kt=\"addButton\"]"}
RESULT: {"using":"xpath","value":"//button[@data-kt=\"addButton\"]"}
COMMAND: POST /session/3080ab49fbb8c4e7eecdf487ecde7ebb/elements - {"using":"xpath","value":"//button[@data-kt=\"addButton\"]"}
RESULT: {"using":"xpath","value":"//button[@data-kt=\"addButton\"]"}
COMMAND: POST /session/3080ab49fbb8c4e7eecdf487ecde7ebb/element - {"using":"xpath","value":"//button[@data-kt=\"addButton\"]"}
RESULT: {"using":"xpath","value":"//button[@data-kt=\"addButton\"]"}
COMMAND: POST /session/3080ab49fbb8c4e7eecdf487ecde7ebb/execute/sync - {"script":"<script> [8489 bytes]","args":[{"element-6066-11e4-a52e-4f735466cecf":"f.73CD6E590336CA8913C659C97A11067A.d.7E359AABFE25C33F3B9B706480F02C9E.e.2851","ELEMENT":"f.73CD6E590336CA8913C659C97A11067A.d.7E359AABFE25C33F3B9B706480F02C9E.e.2851"}]}
RESULT: {"script":"<script> [8489 bytes]","args":[{"element-6066-11e4-a52e-4f735466cecf":"f.73CD6E590336CA8913C659C97A11067A.d.7E359AABFE25C33F3B9B706480F02C9E.e.2851","ELEMENT":"f.73CD6E590336CA8913C659C97A11067A.d.7E359AABFE25C33F3B9B706480F02C9E.e.2851"}]}
COMMAND: GET /session/3080ab49fbb8c4e7eecdf487ecde7ebb/element/f.73CD6E590336CA8913C659C97A11067A.d.7E359AABFE25C33F3B9B706480F02C9E.e.2851/enabled - {}
COMMAND: GET /session/3080ab49fbb8c4e7eecdf487ecde7ebb/screenshot - {}
RESULT: {}
COMMAND: POST /session/3080ab49fbb8c4e7eecdf487ecde7ebb/execute/sync - {"script":"<script> [8489 bytes]","args":[{"element-6066-11e4-a52e-4f735466cecf":"f.73CD6E590336CA8913C659C97A11067A.d.7E359AABFE25C33F3B9B706480F02C9E.e.2851","ELEMENT":"f.73CD6E590336CA8913C659C97A11067A.d.7E359AABFE25C33F3B9B706480F02C9E.e.2851"}]}
COMMAND: GET /session/3080ab49fbb8c4e7eecdf487ecde7ebb/screenshot - {}
RESULT: {}
RESULT: {"script":"<script> [8489 bytes]","args":[{"element-6066-11e4-a52e-4f735466cecf":"f.73CD6E590336CA8913C659C97A11067A.d.7E359AABFE25C33F3B9B706480F02C9E.e.2851","ELEMENT":"f.73CD6E590336CA8913C659C97A11067A.d.7E359AABFE25C33F3B9B706480F02C9E.e.2851"}]}
COMMAND: POST /session/3080ab49fbb8c4e7eecdf487ecde7ebb/execute/sync - {"script":"<script> [5351 bytes]","args":[{"element-6066-11e4-a52e-4f735466cecf":"f.73CD6E590336CA8913C659C97A11067A.d.7E359AABFE25C33F3B9B706480F02C9E.e.2851","ELEMENT":"f.73CD6E590336CA8913C659C97A11067A.d.7E359AABFE25C33F3B9B706480F02C9E.e.2851"}]}
COMMAND: GET /session/3080ab49fbb8c4e7eecdf487ecde7ebb/screenshot - {}
RESULT: {}
RESULT: {"script":"<script> [5351 bytes]","args":[{"element-6066-11e4-a52e-4f735466cecf":"f.73CD6E590336CA8913C659C97A11067A.d.7E359AABFE25C33F3B9B706480F02C9E.e.2851","ELEMENT":"f.73CD6E590336CA8913C659C97A11067A.d.7E359AABFE25C33F3B9B706480F02C9E.e.2851"}]}
COMMAND: POST /session/3080ab49fbb8c4e7eecdf487ecde7ebb/element/f.73CD6E590336CA8913C659C97A11067A.d.7E359AABFE25C33F3B9B706480F02C9E.e.2851/click - {}
COMMAND: GET /session/3080ab49fbb8c4e7eecdf487ecde7ebb/screenshot - {}
RESULT: {}
RESULT: {}
COMMAND: GET /session/3080ab49fbb8c4e7eecdf487ecde7ebb/screenshot - {}
COMMAND: POST /session/3080ab49fbb8c4e7eecdf487ecde7ebb/execute/async - {"script":"<script> [1562 bytes]","args":[{"selector":{"id":"application-managepartners-display-component---NewPartner--addressDetailDetailsName1","interaction":{"idSuffix":"inner"}},"wdio_ui5_key":"applicationmanagepartners-display-component---NewPartner--addressDetailDetailsName1"}]}
RESULT: {}
RESULT: {}
RESULT: {"script":"<script> [1562 bytes]","args":[{"selector":{"id":"application-managepartners-display-component---NewPartner--addressDetailDetailsName1","interaction":{"idSuffix":"inner"}},"wdio_ui5_key":"applicationmanagepartners-display-component---NewPartner--addressDetailDetailsName1"}]}
RESULT: undefined
COMMAND: POST /session/3080ab49fbb8c4e7eecdf487ecde7ebb/execute/async - {"script":"<script> [776 bytes]","args":[{"enterText":"External Partner WDIO","selector":{"id":"application-managepartners-display-component---NewPartner--addressDetailDetailsName1","interaction":{"idSuffix":"inner"}},"clearTextFirst":true,"interactionType":"ENTER_TEXT"}]}
RESULT: {"script":"<script> [776 bytes]","args":[{"enterText":"External Partner WDIO","selector":{"id":"application-managepartners-display-component---NewPartner--addressDetailDetailsName1","interaction":{"idSuffix":"inner"}},"clearTextFirst":true,"interactionType":"ENTER_TEXT"}]}
COMMAND: POST /session/3080ab49fbb8c4e7eecdf487ecde7ebb/execute/async - {"script":"<script> [1562 bytes]","args":[{"selector":{"id":"application-managepartners-display-component---NewPartner--addressDetailDetailsLanguage-arrow"},"wdio_ui5_key":"applicationmanagepartners-display-component---NewPartner--addressDetailDetailsLanguage-arrow"}]}
RESULT: {"script":"<script> [1562 bytes]","args":[{"selector":{"id":"application-managepartners-display-component---NewPartner--addressDetailDetailsLanguage-arrow"},"wdio_ui5_key":"applicationmanagepartners-display-component---NewPartner--addressDetailDetailsLanguage-arrow"}]}
RESULT: undefined
COMMAND: POST /session/3080ab49fbb8c4e7eecdf487ecde7ebb/element - {"using":"xpath","value":"//*[@id=\"application-managepartners-display-component---NewPartner--addressDetailDetailsLanguage-arrow\"]"}
RESULT: {"using":"xpath","value":"//*[@id=\"application-managepartners-display-component---NewPartner--addressDetailDetailsLanguage-arrow\"]"}
COMMAND: POST /session/3080ab49fbb8c4e7eecdf487ecde7ebb/element/f.73CD6E590336CA8913C659C97A11067A.d.7E359AABFE25C33F3B9B706480F02C9E.e.3305/click - {}
RESULT: {}
COMMAND: POST /session/3080ab49fbb8c4e7eecdf487ecde7ebb/element - {"using":"xpath","value":"//span[contains(text(), \"English\")]"}
COMMAND: GET /session/3080ab49fbb8c4e7eecdf487ecde7ebb/screenshot - {}
RESULT: {"using":"xpath","value":"//span[contains(text(), \"English\")]"}
COMMAND: POST /session/3080ab49fbb8c4e7eecdf487ecde7ebb/element/f.73CD6E590336CA8913C659C97A11067A.d.7E359AABFE25C33F3B9B706480F02C9E.e.3306/click - {}
RESULT: {}
RESULT: {}
COMMAND: GET /session/3080ab49fbb8c4e7eecdf487ecde7ebb/screenshot - {}
RESULT: {}
COMMAND: POST /session/3080ab49fbb8c4e7eecdf487ecde7ebb/execute/async - {"script":"<script> [1562 bytes]","args":[{"selector":{"id":"application-managepartners-display-component---NewPartner--addressDetailDetailsCity1","interaction":{"idSuffix":"inner"}},"wdio_ui5_key":"applicationmanagepartners-display-component---NewPartner--addressDetailDetailsCity1"}]}
RESULT: {"script":"<script> [1562 bytes]","args":[{"selector":{"id":"application-managepartners-display-component---NewPartner--addressDetailDetailsCity1","interaction":{"idSuffix":"inner"}},"wdio_ui5_key":"applicationmanagepartners-display-component---NewPartner--addressDetailDetailsCity1"}]}
RESULT: undefined
COMMAND: POST /session/3080ab49fbb8c4e7eecdf487ecde7ebb/execute/async - {"script":"<script> [776 bytes]","args":[{"enterText":"Rosario","selector":{"id":"application-managepartners-display-component---NewPartner--addressDetailDetailsCity1","interaction":{"idSuffix":"inner"}},"clearTextFirst":true,"interactionType":"ENTER_TEXT"}]}
RESULT: {"script":"<script> [776 bytes]","args":[{"enterText":"Rosario","selector":{"id":"application-managepartners-display-component---NewPartner--addressDetailDetailsCity1","interaction":{"idSuffix":"inner"}},"clearTextFirst":true,"interactionType":"ENTER_TEXT"}]}
COMMAND: POST /session/3080ab49fbb8c4e7eecdf487ecde7ebb/execute/async - {"script":"<script> [1562 bytes]","args":[{"selector":{"id":"application-managepartners-display-component---NewPartner--addressDetailDetailsCountry-arrow"},"wdio_ui5_key":"applicationmanagepartners-display-component---NewPartner--addressDetailDetailsCountry-arrow"}]}
RESULT: {"script":"<script> [1562 bytes]","args":[{"selector":{"id":"application-managepartners-display-component---NewPartner--addressDetailDetailsCountry-arrow"},"wdio_ui5_key":"applicationmanagepartners-display-component---NewPartner--addressDetailDetailsCountry-arrow"}]}
RESULT: undefined
COMMAND: POST /session/3080ab49fbb8c4e7eecdf487ecde7ebb/element - {"using":"xpath","value":"//*[@id=\"application-managepartners-display-component---NewPartner--addressDetailDetailsCountry-arrow\"]"}
RESULT: {"using":"xpath","value":"//*[@id=\"application-managepartners-display-component---NewPartner--addressDetailDetailsCountry-arrow\"]"}
COMMAND: POST /session/3080ab49fbb8c4e7eecdf487ecde7ebb/element/f.73CD6E590336CA8913C659C97A11067A.d.7E359AABFE25C33F3B9B706480F02C9E.e.3292/click - {}
RESULT: {}
COMMAND: POST /session/3080ab49fbb8c4e7eecdf487ecde7ebb/element - {"using":"xpath","value":"//span[contains(text(), \"Argentina\")]"}
COMMAND: GET /session/3080ab49fbb8c4e7eecdf487ecde7ebb/screenshot - {}
RESULT: {"using":"xpath","value":"//span[contains(text(), \"Argentina\")]"}
COMMAND: POST /session/3080ab49fbb8c4e7eecdf487ecde7ebb/element/f.73CD6E590336CA8913C659C97A11067A.d.7E359AABFE25C33F3B9B706480F02C9E.e.3308/click - {}
RESULT: {}
RESULT: {}
COMMAND: GET /session/3080ab49fbb8c4e7eecdf487ecde7ebb/screenshot - {}
RESULT: {}
COMMAND: POST /session/3080ab49fbb8c4e7eecdf487ecde7ebb/element - {"using":"xpath","value":"//bdi[contains(text(), \"Commercial\")]"}
RESULT: {"using":"xpath","value":"//bdi[contains(text(), \"Commercial\")]"}
COMMAND: POST /session/3080ab49fbb8c4e7eecdf487ecde7ebb/element/f.73CD6E590336CA8913C659C97A11067A.d.7E359AABFE25C33F3B9B706480F02C9E.e.3309/click - {}
RESULT: {}
COMMAND: GET /session/3080ab49fbb8c4e7eecdf487ecde7ebb/screenshot - {}
RESULT: {}
COMMAND: POST /session/3080ab49fbb8c4e7eecdf487ecde7ebb/execute/async - {"script":"<script> [1562 bytes]","args":[{"selector":{"id":"application-managepartners-display-component---NewPartner--partnerDetailInternal-arrow"},"wdio_ui5_key":"applicationmanagepartners-display-component---NewPartner--partnerDetailInternal-arrow"}]}
RESULT: {"script":"<script> [1562 bytes]","args":[{"selector":{"id":"application-managepartners-display-component---NewPartner--partnerDetailInternal-arrow"},"wdio_ui5_key":"applicationmanagepartners-display-component---NewPartner--partnerDetailInternal-arrow"}]}
RESULT: undefined
COMMAND: POST /session/3080ab49fbb8c4e7eecdf487ecde7ebb/element - {"using":"xpath","value":"//*[@id=\"application-managepartners-display-component---NewPartner--partnerDetailInternal-arrow\"]"}
RESULT: {"using":"xpath","value":"//*[@id=\"application-managepartners-display-component---NewPartner--partnerDetailInternal-arrow\"]"}
COMMAND: POST /session/3080ab49fbb8c4e7eecdf487ecde7ebb/element/f.73CD6E590336CA8913C659C97A11067A.d.7E359AABFE25C33F3B9B706480F02C9E.e.3315/click - {}
RESULT: {}
COMMAND: POST /session/3080ab49fbb8c4e7eecdf487ecde7ebb/element - {"using":"xpath","value":"//span[contains(text(), \"External partner\")]"}
COMMAND: GET /session/3080ab49fbb8c4e7eecdf487ecde7ebb/screenshot - {}
RESULT: {"using":"xpath","value":"//span[contains(text(), \"External partner\")]"}
COMMAND: POST /session/3080ab49fbb8c4e7eecdf487ecde7ebb/element/f.73CD6E590336CA8913C659C97A11067A.d.7E359AABFE25C33F3B9B706480F02C9E.e.3316/click - {}
RESULT: {}
RESULT: {}
COMMAND: POST /session/3080ab49fbb8c4e7eecdf487ecde7ebb/execute/async - {"script":"<script> [1562 bytes]","args":[{"selector":{"id":"application-managepartners-display-component---NewPartner--partnerDetailsCurrency-arrow"},"wdio_ui5_key":"applicationmanagepartners-display-component---NewPartner--partnerDetailsCurrency-arrow"}]}
COMMAND: GET /session/3080ab49fbb8c4e7eecdf487ecde7ebb/screenshot - {}
RESULT: {"script":"<script> [1562 bytes]","args":[{"selector":{"id":"application-managepartners-display-component---NewPartner--partnerDetailsCurrency-arrow"},"wdio_ui5_key":"applicationmanagepartners-display-component---NewPartner--partnerDetailsCurrency-arrow"}]}
RESULT: undefined
COMMAND: POST /session/3080ab49fbb8c4e7eecdf487ecde7ebb/element - {"using":"xpath","value":"//*[@id=\"application-managepartners-display-component---NewPartner--partnerDetailsCurrency-arrow\"]"}
RESULT: {}
RESULT: {"using":"xpath","value":"//*[@id=\"application-managepartners-display-component---NewPartner--partnerDetailsCurrency-arrow\"]"}
COMMAND: POST /session/3080ab49fbb8c4e7eecdf487ecde7ebb/element/f.73CD6E590336CA8913C659C97A11067A.d.7E359AABFE25C33F3B9B706480F02C9E.e.3321/click - {}
RESULT: {}
COMMAND: POST /session/3080ab49fbb8c4e7eecdf487ecde7ebb/element - {"using":"xpath","value":"//span[contains(text(), \"US Dollar\")]"}
COMMAND: GET /session/3080ab49fbb8c4e7eecdf487ecde7ebb/screenshot - {}
RESULT: {"using":"xpath","value":"//span[contains(text(), \"US Dollar\")]"}
COMMAND: POST /session/3080ab49fbb8c4e7eecdf487ecde7ebb/element/f.73CD6E590336CA8913C659C97A11067A.d.7E359AABFE25C33F3B9B706480F02C9E.e.3322/click - {}
RESULT: {}
RESULT: {}
COMMAND: GET /session/3080ab49fbb8c4e7eecdf487ecde7ebb/screenshot - {}
RESULT: {}
COMMAND: POST /session/3080ab49fbb8c4e7eecdf487ecde7ebb/element - {"using":"xpath","value":"//input[@id=\"application-managepartners-display-component---NewPartner--companyCodeComboBox-inner\"]"}
RESULT: {"using":"xpath","value":"//input[@id=\"application-managepartners-display-component---NewPartner--companyCodeComboBox-inner\"]"}
COMMAND: POST /session/3080ab49fbb8c4e7eecdf487ecde7ebb/element/f.73CD6E590336CA8913C659C97A11067A.d.7E359AABFE25C33F3B9B706480F02C9E.e.3164/clear - {}
RESULT: {}
COMMAND: POST /session/3080ab49fbb8c4e7eecdf487ecde7ebb/element/f.73CD6E590336CA8913C659C97A11067A.d.7E359AABFE25C33F3B9B706480F02C9E.e.3164/value - {"text":"C002"}
COMMAND: GET /session/3080ab49fbb8c4e7eecdf487ecde7ebb/screenshot - {}
RESULT: {"text":"C002"}
COMMAND: GET /session/3080ab49fbb8c4e7eecdf487ecde7ebb/screenshot - {}
RESULT: {}
RESULT: {}
COMMAND: POST /session/3080ab49fbb8c4e7eecdf487ecde7ebb/element - {"using":"xpath","value":"//li[.//span[text()= \"C002\"]]"}
RESULT: {"using":"xpath","value":"//li[.//span[text()= \"C002\"]]"}
COMMAND: POST /session/3080ab49fbb8c4e7eecdf487ecde7ebb/element/f.73CD6E590336CA8913C659C97A11067A.d.7E359AABFE25C33F3B9B706480F02C9E.e.3326/click - {}
RESULT: {}
COMMAND: GET /session/3080ab49fbb8c4e7eecdf487ecde7ebb/screenshot - {}
RESULT: {}
COMMAND: POST /session/3080ab49fbb8c4e7eecdf487ecde7ebb/execute/async - {"script":"<script> [1562 bytes]","args":[{"selector":{"controlType":"sap.ui.core.Icon","viewName":"etm.portal.ui.managepartners.view.NewPartner","viewId":"application-managepartners-display-component---NewPartner","properties":{"src":{"regex":{"source":"slim\\-arrow\\-down"}}},"ancestor":{"controlType":"sap.m.ComboBox","viewName":"etm.portal.ui.managepartners.view.NewPartner","viewId":"application-managepartners-display-component---NewPartner","bindingPath":{"path":"","propertyPath":"/CATALOG","modelName":"oNewPartnerModel"}}},"wdio_ui5_key":"etmportal.ui.managepartners.view.NewPartnersap.ui.core.Icon{\"src\":{\"regex\":{\"source\":\"slim\\\\-arrow\\\\-down\"}}}{\"controlType\":\"sap.m.ComboBox\",\"viewName\":\"etm.portal.ui.managepartners.view.NewPartner\",\"viewId\":\"application-managepartners-display-component---NewPartner\",\"bindingPath\":{\"path\":\"\",\"propertyPath\":\"/CATALOG\",\"modelName\":\"oNewPartnerModel\"}}"}]}
RESULT: {"script":"<script> [1562 bytes]","args":[{"selector":{"controlType":"sap.ui.core.Icon","viewName":"etm.portal.ui.managepartners.view.NewPartner","viewId":"application-managepartners-display-component---NewPartner","properties":{"src":{"regex":{"source":"slim\\-arrow\\-down"}}},"ancestor":{"controlType":"sap.m.ComboBox","viewName":"etm.portal.ui.managepartners.view.NewPartner","viewId":"application-managepartners-display-component---NewPartner","bindingPath":{"path":"","propertyPath":"/CATALOG","modelName":"oNewPartnerModel"}}},"wdio_ui5_key":"etmportal.ui.managepartners.view.NewPartnersap.ui.core.Icon{\"src\":{\"regex\":{\"source\":\"slim\\\\-arrow\\\\-down\"}}}{\"controlType\":\"sap.m.ComboBox\",\"viewName\":\"etm.portal.ui.managepartners.view.NewPartner\",\"viewId\":\"application-managepartners-display-component---NewPartner\",\"bindingPath\":{\"path\":\"\",\"propertyPath\":\"/CATALOG\",\"modelName\":\"oNewPartnerModel\"}}"}]}
RESULT: undefined
COMMAND: POST /session/3080ab49fbb8c4e7eecdf487ecde7ebb/element - {"using":"xpath","value":"//*[@id=\"__box7-arrow\"]"}
RESULT: {"using":"xpath","value":"//*[@id=\"__box7-arrow\"]"}
COMMAND: POST /session/3080ab49fbb8c4e7eecdf487ecde7ebb/element/f.73CD6E590336CA8913C659C97A11067A.d.7E359AABFE25C33F3B9B706480F02C9E.e.3293/click - {}
RESULT: {}
COMMAND: GET /session/3080ab49fbb8c4e7eecdf487ecde7ebb/screenshot - {}
RESULT: {}
COMMAND: POST /session/3080ab49fbb8c4e7eecdf487ecde7ebb/element - {"using":"xpath","value":"//li[.//span[text()= \"Webshop Catalog\"]]"}
RESULT: {"using":"xpath","value":"//li[.//span[text()= \"Webshop Catalog\"]]"}
COMMAND: POST /session/3080ab49fbb8c4e7eecdf487ecde7ebb/element/f.73CD6E590336CA8913C659C97A11067A.d.7E359AABFE25C33F3B9B706480F02C9E.e.3328/click - {}
RESULT: {}
COMMAND: GET /session/3080ab49fbb8c4e7eecdf487ecde7ebb/screenshot - {}
RESULT: {}
COMMAND: POST /session/3080ab49fbb8c4e7eecdf487ecde7ebb/execute/async - {"script":"<script> [1562 bytes]","args":[{"selector":{"id":"application-managepartners-display-component---NewPartner--btnAddTableRow-img"},"wdio_ui5_key":"applicationmanagepartners-display-component---NewPartner--btnAddTableRow-img"}]}
RESULT: {"script":"<script> [1562 bytes]","args":[{"selector":{"id":"application-managepartners-display-component---NewPartner--btnAddTableRow-img"},"wdio_ui5_key":"applicationmanagepartners-display-component---NewPartner--btnAddTableRow-img"}]}
RESULT: undefined
COMMAND: POST /session/3080ab49fbb8c4e7eecdf487ecde7ebb/element - {"using":"xpath","value":"//*[@id=\"application-managepartners-display-component---NewPartner--btnAddTableRow-img\"]"}
RESULT: {"using":"xpath","value":"//*[@id=\"application-managepartners-display-component---NewPartner--btnAddTableRow-img\"]"}
COMMAND: POST /session/3080ab49fbb8c4e7eecdf487ecde7ebb/element/f.73CD6E590336CA8913C659C97A11067A.d.7E359AABFE25C33F3B9B706480F02C9E.e.3329/click - {}
RESULT: {}
COMMAND: GET /session/3080ab49fbb8c4e7eecdf487ecde7ebb/screenshot - {}
RESULT: {}
COMMAND: POST /session/3080ab49fbb8c4e7eecdf487ecde7ebb/element - {"using":"xpath","value":"//input[@id=\"application-managepartners-display-component---NewPartner--assignmentYard-application-managepartners-display-component---NewPartner--assignmentsTable-0-inner\"]"}
RESULT: {"using":"xpath","value":"//input[@id=\"application-managepartners-display-component---NewPartner--assignmentYard-application-managepartners-display-component---NewPartner--assignmentsTable-0-inner\"]"}
COMMAND: POST /session/3080ab49fbb8c4e7eecdf487ecde7ebb/element/f.73CD6E590336CA8913C659C97A11067A.d.7E359AABFE25C33F3B9B706480F02C9E.e.3332/clear - {}
RESULT: {}
COMMAND: POST /session/3080ab49fbb8c4e7eecdf487ecde7ebb/element/f.73CD6E590336CA8913C659C97A11067A.d.7E359AABFE25C33F3B9B706480F02C9E.e.3332/value - {"text":"456"}
COMMAND: GET /session/3080ab49fbb8c4e7eecdf487ecde7ebb/screenshot - {}
RESULT: {"text":"456"}
COMMAND: GET /session/3080ab49fbb8c4e7eecdf487ecde7ebb/screenshot - {}
RESULT: {}
RESULT: {}
COMMAND: POST /session/3080ab49fbb8c4e7eecdf487ecde7ebb/element - {"using":"xpath","value":"//li[.//span[text()='456']]"}
RESULT: {"using":"xpath","value":"//li[.//span[text()='456']]"}
COMMAND: POST /session/3080ab49fbb8c4e7eecdf487ecde7ebb/element/f.73CD6E590336CA8913C659C97A11067A.d.7E359AABFE25C33F3B9B706480F02C9E.e.3340/click - {}
RESULT: {}
COMMAND: GET /session/3080ab49fbb8c4e7eecdf487ecde7ebb/screenshot - {}
RESULT: {}
COMMAND: POST /session/3080ab49fbb8c4e7eecdf487ecde7ebb/actions - {"actions":[{"id":"action6","type":"key","parameters":{},"actions":[{"type":"keyDown","value":""},{"type":"pause","duration":10},{"type":"keyUp","value":""}]}]}
RESULT: {"actions":[{"id":"action6","type":"key","parameters":{},"actions":[{"type":"keyDown","value":""},{"type":"pause","duration":10},{"type":"keyUp","value":""}]}]}
COMMAND: POST /session/3080ab49fbb8c4e7eecdf487ecde7ebb/element - {"using":"xpath","value":"//td[contains(@id, \"assignmentsTable-0-cell2\")]/div/div"}
COMMAND: GET /session/3080ab49fbb8c4e7eecdf487ecde7ebb/screenshot - {}
RESULT: {"using":"xpath","value":"//td[contains(@id, \"assignmentsTable-0-cell2\")]/div/div"}
COMMAND: POST /session/3080ab49fbb8c4e7eecdf487ecde7ebb/element/f.73CD6E590336CA8913C659C97A11067A.d.7E359AABFE25C33F3B9B706480F02C9E.e.3343/click - {}
RESULT: {}
RESULT: {}
COMMAND: GET /session/3080ab49fbb8c4e7eecdf487ecde7ebb/screenshot - {}
RESULT: {}
COMMAND: POST /session/3080ab49fbb8c4e7eecdf487ecde7ebb/element - {"using":"xpath","value":"//button[@data-kt=\"saveButton\"]"}
RESULT: {"using":"xpath","value":"//button[@data-kt=\"saveButton\"]"}
COMMAND: POST /session/3080ab49fbb8c4e7eecdf487ecde7ebb/element/f.73CD6E590336CA8913C659C97A11067A.d.7E359AABFE25C33F3B9B706480F02C9E.e.3219/click - {}
RESULT: {}
COMMAND: GET /session/3080ab49fbb8c4e7eecdf487ecde7ebb/screenshot - {}
RESULT: {}
COMMAND: POST /session/3080ab49fbb8c4e7eecdf487ecde7ebb/element - {"using":"xpath","value":"//header[contains(@id, 'ObjectPageLayout-headerTitle')]/div[1]/div[2]/div[2]/span[1]"}
RESULT: {"using":"xpath","value":"//header[contains(@id, 'ObjectPageLayout-headerTitle')]/div[1]/div[2]/div[2]/span[1]"}
COMMAND: POST /session/3080ab49fbb8c4e7eecdf487ecde7ebb/elements - {"using":"xpath","value":"//header[contains(@id, 'ObjectPageLayout-headerTitle')]/div[1]/div[2]/div[2]/span[1]"}
RESULT: {"using":"xpath","value":"//header[contains(@id, 'ObjectPageLayout-headerTitle')]/div[1]/div[2]/div[2]/span[1]"}
COMMAND: POST /session/3080ab49fbb8c4e7eecdf487ecde7ebb/execute/sync - {"script":"<script> [56 bytes]","args":[{"element-6066-11e4-a52e-4f735466cecf":"f.73CD6E590336CA8913C659C97A11067A.d.7E359AABFE25C33F3B9B706480F02C9E.e.3506","ELEMENT":"f.73CD6E590336CA8913C659C97A11067A.d.7E359AABFE25C33F3B9B706480F02C9E.e.3506"}]}
RESULT: {"script":"<script> [56 bytes]","args":[{"element-6066-11e4-a52e-4f735466cecf":"f.73CD6E590336CA8913C659C97A11067A.d.7E359AABFE25C33F3B9B706480F02C9E.e.3506","ELEMENT":"f.73CD6E590336CA8913C659C97A11067A.d.7E359AABFE25C33F3B9B706480F02C9E.e.3506"}]}
COMMAND: POST /session/3080ab49fbb8c4e7eecdf487ecde7ebb/element - {"using":"css selector","value":"#shell-header-logo"}
COMMAND: GET /session/3080ab49fbb8c4e7eecdf487ecde7ebb/screenshot - {}
RESULT: {"using":"css selector","value":"#shell-header-logo"}
COMMAND: POST /session/3080ab49fbb8c4e7eecdf487ecde7ebb/element/f.73CD6E590336CA8913C659C97A11067A.d.7E359AABFE25C33F3B9B706480F02C9E.e.2817/click - {}
RESULT: {}
RESULT: {}
COMMAND: GET /session/3080ab49fbb8c4e7eecdf487ecde7ebb/screenshot - {}
RESULT: {}
COMMAND: POST /session/3080ab49fbb8c4e7eecdf487ecde7ebb/execute/sync - {"script":"<script> [299 bytes]","args":[["getModel","getResource"]]}
RESULT: {"script":"<script> [299 bytes]","args":[["getModel","getResource"]]}
]]></system-out>
    </testcase>
    <testcase classname="chrome.136_0_7103_93.windows.Create_partner_US118246" name="Should create a new yard in case create yard failed" time="0.005"/>
    <testcase classname="chrome.136_0_7103_93.windows.Create_partner_US118246" name="Should create new external WHM partner" time="162.879">
      <failure/>
      <error message="Can't call click on element with selector &quot;//li[.//span[text()= &quot;Webshop Catalog&quot;]]&quot; because element wasn't found"/>
      <system-out><![CDATA[
COMMAND: GET /session/3080ab49fbb8c4e7eecdf487ecde7ebb/screenshot - {}
COMMAND: POST /session/3080ab49fbb8c4e7eecdf487ecde7ebb/window/fullscreen - {}
RESULT: {}
RESULT: undefined
COMMAND: POST /session/3080ab49fbb8c4e7eecdf487ecde7ebb/element - {"using":"xpath","value":"//*[@id=\"__tile38\"]"}
RESULT: {}
RESULT: {"using":"xpath","value":"//*[@id=\"__tile38\"]"}
COMMAND: POST /session/3080ab49fbb8c4e7eecdf487ecde7ebb/element/f.73CD6E590336CA8913C659C97A11067A.d.7E359AABFE25C33F3B9B706480F02C9E.e.2705/click - {}
RESULT: {}
COMMAND: GET /session/3080ab49fbb8c4e7eecdf487ecde7ebb/screenshot - {}
RESULT: {}
COMMAND: POST /session/3080ab49fbb8c4e7eecdf487ecde7ebb/elements - {"using":"xpath","value":"//span[text()='Error']"}
RESULT: {"using":"xpath","value":"//span[text()='Error']"}
COMMAND: POST /session/3080ab49fbb8c4e7eecdf487ecde7ebb/element - {"using":"xpath","value":"//button[@data-kt=\"addButton\"]"}
RESULT: {"using":"xpath","value":"//button[@data-kt=\"addButton\"]"}
COMMAND: POST /session/3080ab49fbb8c4e7eecdf487ecde7ebb/elements - {"using":"xpath","value":"//button[@data-kt=\"addButton\"]"}
RESULT: {"using":"xpath","value":"//button[@data-kt=\"addButton\"]"}
COMMAND: POST /session/3080ab49fbb8c4e7eecdf487ecde7ebb/execute/sync - {"script":"<script> [8489 bytes]","args":[{"element-6066-11e4-a52e-4f735466cecf":"f.73CD6E590336CA8913C659C97A11067A.d.7E359AABFE25C33F3B9B706480F02C9E.e.3554","ELEMENT":"f.73CD6E590336CA8913C659C97A11067A.d.7E359AABFE25C33F3B9B706480F02C9E.e.3554"}]}
RESULT: {"script":"<script> [8489 bytes]","args":[{"element-6066-11e4-a52e-4f735466cecf":"f.73CD6E590336CA8913C659C97A11067A.d.7E359AABFE25C33F3B9B706480F02C9E.e.3554","ELEMENT":"f.73CD6E590336CA8913C659C97A11067A.d.7E359AABFE25C33F3B9B706480F02C9E.e.3554"}]}
COMMAND: GET /session/3080ab49fbb8c4e7eecdf487ecde7ebb/element/f.73CD6E590336CA8913C659C97A11067A.d.7E359AABFE25C33F3B9B706480F02C9E.e.3554/enabled - {}
COMMAND: GET /session/3080ab49fbb8c4e7eecdf487ecde7ebb/screenshot - {}
RESULT: {}
COMMAND: POST /session/3080ab49fbb8c4e7eecdf487ecde7ebb/execute/sync - {"script":"<script> [8489 bytes]","args":[{"element-6066-11e4-a52e-4f735466cecf":"f.73CD6E590336CA8913C659C97A11067A.d.7E359AABFE25C33F3B9B706480F02C9E.e.3554","ELEMENT":"f.73CD6E590336CA8913C659C97A11067A.d.7E359AABFE25C33F3B9B706480F02C9E.e.3554"}]}
COMMAND: GET /session/3080ab49fbb8c4e7eecdf487ecde7ebb/screenshot - {}
RESULT: {}
RESULT: {"script":"<script> [8489 bytes]","args":[{"element-6066-11e4-a52e-4f735466cecf":"f.73CD6E590336CA8913C659C97A11067A.d.7E359AABFE25C33F3B9B706480F02C9E.e.3554","ELEMENT":"f.73CD6E590336CA8913C659C97A11067A.d.7E359AABFE25C33F3B9B706480F02C9E.e.3554"}]}
COMMAND: POST /session/3080ab49fbb8c4e7eecdf487ecde7ebb/execute/sync - {"script":"<script> [5351 bytes]","args":[{"element-6066-11e4-a52e-4f735466cecf":"f.73CD6E590336CA8913C659C97A11067A.d.7E359AABFE25C33F3B9B706480F02C9E.e.3554","ELEMENT":"f.73CD6E590336CA8913C659C97A11067A.d.7E359AABFE25C33F3B9B706480F02C9E.e.3554"}]}
COMMAND: GET /session/3080ab49fbb8c4e7eecdf487ecde7ebb/screenshot - {}
RESULT: {}
RESULT: {"script":"<script> [5351 bytes]","args":[{"element-6066-11e4-a52e-4f735466cecf":"f.73CD6E590336CA8913C659C97A11067A.d.7E359AABFE25C33F3B9B706480F02C9E.e.3554","ELEMENT":"f.73CD6E590336CA8913C659C97A11067A.d.7E359AABFE25C33F3B9B706480F02C9E.e.3554"}]}
COMMAND: POST /session/3080ab49fbb8c4e7eecdf487ecde7ebb/element/f.73CD6E590336CA8913C659C97A11067A.d.7E359AABFE25C33F3B9B706480F02C9E.e.3554/click - {}
COMMAND: GET /session/3080ab49fbb8c4e7eecdf487ecde7ebb/screenshot - {}
RESULT: {}
RESULT: {}
COMMAND: GET /session/3080ab49fbb8c4e7eecdf487ecde7ebb/screenshot - {}
RESULT: {}
RESULT: undefined
COMMAND: POST /session/3080ab49fbb8c4e7eecdf487ecde7ebb/execute/async - {"script":"<script> [776 bytes]","args":[{"enterText":"External Partner WDIO","selector":{"id":"application-managepartners-display-component---NewPartner--addressDetailDetailsName1","interaction":{"idSuffix":"inner"}},"clearTextFirst":true,"interactionType":"ENTER_TEXT"}]}
RESULT: {}
RESULT: {"script":"<script> [776 bytes]","args":[{"enterText":"External Partner WDIO","selector":{"id":"application-managepartners-display-component---NewPartner--addressDetailDetailsName1","interaction":{"idSuffix":"inner"}},"clearTextFirst":true,"interactionType":"ENTER_TEXT"}]}
RESULT: undefined
COMMAND: POST /session/3080ab49fbb8c4e7eecdf487ecde7ebb/element - {"using":"xpath","value":"//*[@id=\"application-managepartners-display-component---NewPartner--addressDetailDetailsLanguage-arrow\"]"}
RESULT: {"using":"xpath","value":"//*[@id=\"application-managepartners-display-component---NewPartner--addressDetailDetailsLanguage-arrow\"]"}
COMMAND: POST /session/3080ab49fbb8c4e7eecdf487ecde7ebb/element/f.73CD6E590336CA8913C659C97A11067A.d.7E359AABFE25C33F3B9B706480F02C9E.e.3996/click - {}
RESULT: {}
COMMAND: POST /session/3080ab49fbb8c4e7eecdf487ecde7ebb/element - {"using":"xpath","value":"//span[contains(text(), \"English\")]"}
COMMAND: GET /session/3080ab49fbb8c4e7eecdf487ecde7ebb/screenshot - {}
RESULT: {"using":"xpath","value":"//span[contains(text(), \"English\")]"}
COMMAND: POST /session/3080ab49fbb8c4e7eecdf487ecde7ebb/element/f.73CD6E590336CA8913C659C97A11067A.d.7E359AABFE25C33F3B9B706480F02C9E.e.3997/click - {}
RESULT: {}
RESULT: {}
COMMAND: GET /session/3080ab49fbb8c4e7eecdf487ecde7ebb/screenshot - {}
RESULT: {}
RESULT: undefined
COMMAND: POST /session/3080ab49fbb8c4e7eecdf487ecde7ebb/execute/async - {"script":"<script> [776 bytes]","args":[{"enterText":"Rosario","selector":{"id":"application-managepartners-display-component---NewPartner--addressDetailDetailsCity1","interaction":{"idSuffix":"inner"}},"clearTextFirst":true,"interactionType":"ENTER_TEXT"}]}
RESULT: {"script":"<script> [776 bytes]","args":[{"enterText":"Rosario","selector":{"id":"application-managepartners-display-component---NewPartner--addressDetailDetailsCity1","interaction":{"idSuffix":"inner"}},"clearTextFirst":true,"interactionType":"ENTER_TEXT"}]}
RESULT: undefined
COMMAND: POST /session/3080ab49fbb8c4e7eecdf487ecde7ebb/element - {"using":"xpath","value":"//*[@id=\"application-managepartners-display-component---NewPartner--addressDetailDetailsCountry-arrow\"]"}
RESULT: {"using":"xpath","value":"//*[@id=\"application-managepartners-display-component---NewPartner--addressDetailDetailsCountry-arrow\"]"}
COMMAND: POST /session/3080ab49fbb8c4e7eecdf487ecde7ebb/element/f.73CD6E590336CA8913C659C97A11067A.d.7E359AABFE25C33F3B9B706480F02C9E.e.3984/click - {}
RESULT: {}
COMMAND: POST /session/3080ab49fbb8c4e7eecdf487ecde7ebb/element - {"using":"xpath","value":"//span[contains(text(), \"Argentina\")]"}
COMMAND: GET /session/3080ab49fbb8c4e7eecdf487ecde7ebb/screenshot - {}
RESULT: {"using":"xpath","value":"//span[contains(text(), \"Argentina\")]"}
COMMAND: POST /session/3080ab49fbb8c4e7eecdf487ecde7ebb/element/f.73CD6E590336CA8913C659C97A11067A.d.7E359AABFE25C33F3B9B706480F02C9E.e.3998/click - {}
RESULT: {}
RESULT: {}
COMMAND: GET /session/3080ab49fbb8c4e7eecdf487ecde7ebb/screenshot - {}
RESULT: {}
COMMAND: POST /session/3080ab49fbb8c4e7eecdf487ecde7ebb/element - {"using":"xpath","value":"//bdi[contains(text(), \"Commercial\")]"}
RESULT: {"using":"xpath","value":"//bdi[contains(text(), \"Commercial\")]"}
COMMAND: POST /session/3080ab49fbb8c4e7eecdf487ecde7ebb/element/f.73CD6E590336CA8913C659C97A11067A.d.7E359AABFE25C33F3B9B706480F02C9E.e.3999/click - {}
RESULT: {}
COMMAND: GET /session/3080ab49fbb8c4e7eecdf487ecde7ebb/screenshot - {}
RESULT: {}
RESULT: undefined
COMMAND: POST /session/3080ab49fbb8c4e7eecdf487ecde7ebb/element - {"using":"xpath","value":"//*[@id=\"application-managepartners-display-component---NewPartner--partnerDetailInternal-arrow\"]"}
RESULT: {"using":"xpath","value":"//*[@id=\"application-managepartners-display-component---NewPartner--partnerDetailInternal-arrow\"]"}
COMMAND: POST /session/3080ab49fbb8c4e7eecdf487ecde7ebb/element/f.73CD6E590336CA8913C659C97A11067A.d.7E359AABFE25C33F3B9B706480F02C9E.e.4005/click - {}
RESULT: {}
COMMAND: POST /session/3080ab49fbb8c4e7eecdf487ecde7ebb/element - {"using":"xpath","value":"//span[contains(text(), \"External partner\")]"}
COMMAND: GET /session/3080ab49fbb8c4e7eecdf487ecde7ebb/screenshot - {}
RESULT: {"using":"xpath","value":"//span[contains(text(), \"External partner\")]"}
COMMAND: POST /session/3080ab49fbb8c4e7eecdf487ecde7ebb/element/f.73CD6E590336CA8913C659C97A11067A.d.7E359AABFE25C33F3B9B706480F02C9E.e.4006/click - {}
RESULT: {}
RESULT: {}
RESULT: undefined
COMMAND: POST /session/3080ab49fbb8c4e7eecdf487ecde7ebb/element - {"using":"xpath","value":"//*[@id=\"application-managepartners-display-component---NewPartner--partnerDetailsCurrency-arrow\"]"}
COMMAND: GET /session/3080ab49fbb8c4e7eecdf487ecde7ebb/screenshot - {}
RESULT: {"using":"xpath","value":"//*[@id=\"application-managepartners-display-component---NewPartner--partnerDetailsCurrency-arrow\"]"}
COMMAND: POST /session/3080ab49fbb8c4e7eecdf487ecde7ebb/element/f.73CD6E590336CA8913C659C97A11067A.d.7E359AABFE25C33F3B9B706480F02C9E.e.4011/click - {}
RESULT: {}
RESULT: {}
COMMAND: POST /session/3080ab49fbb8c4e7eecdf487ecde7ebb/element - {"using":"xpath","value":"//span[contains(text(), \"US Dollar\")]"}
COMMAND: GET /session/3080ab49fbb8c4e7eecdf487ecde7ebb/screenshot - {}
RESULT: {"using":"xpath","value":"//span[contains(text(), \"US Dollar\")]"}
COMMAND: POST /session/3080ab49fbb8c4e7eecdf487ecde7ebb/element/f.73CD6E590336CA8913C659C97A11067A.d.7E359AABFE25C33F3B9B706480F02C9E.e.4012/click - {}
RESULT: {}
RESULT: {}
COMMAND: GET /session/3080ab49fbb8c4e7eecdf487ecde7ebb/screenshot - {}
RESULT: {}
COMMAND: POST /session/3080ab49fbb8c4e7eecdf487ecde7ebb/element - {"using":"xpath","value":"//input[@id=\"application-managepartners-display-component---NewPartner--companyCodeComboBox-inner\"]"}
RESULT: {"using":"xpath","value":"//input[@id=\"application-managepartners-display-component---NewPartner--companyCodeComboBox-inner\"]"}
COMMAND: POST /session/3080ab49fbb8c4e7eecdf487ecde7ebb/element/f.73CD6E590336CA8913C659C97A11067A.d.7E359AABFE25C33F3B9B706480F02C9E.e.3855/clear - {}
RESULT: {}
COMMAND: POST /session/3080ab49fbb8c4e7eecdf487ecde7ebb/element/f.73CD6E590336CA8913C659C97A11067A.d.7E359AABFE25C33F3B9B706480F02C9E.e.3855/value - {"text":"C002"}
COMMAND: GET /session/3080ab49fbb8c4e7eecdf487ecde7ebb/screenshot - {}
RESULT: {"text":"C002"}
COMMAND: GET /session/3080ab49fbb8c4e7eecdf487ecde7ebb/screenshot - {}
RESULT: {}
RESULT: {}
COMMAND: POST /session/3080ab49fbb8c4e7eecdf487ecde7ebb/element - {"using":"xpath","value":"//li[.//span[text()= \"C002\"]]"}
RESULT: {"using":"xpath","value":"//li[.//span[text()= \"C002\"]]"}
COMMAND: POST /session/3080ab49fbb8c4e7eecdf487ecde7ebb/element/f.73CD6E590336CA8913C659C97A11067A.d.7E359AABFE25C33F3B9B706480F02C9E.e.4016/click - {}
RESULT: {}
COMMAND: GET /session/3080ab49fbb8c4e7eecdf487ecde7ebb/screenshot - {}
RESULT: {}
RESULT: undefined
COMMAND: POST /session/3080ab49fbb8c4e7eecdf487ecde7ebb/element - {"using":"xpath","value":"//*[@id=\"__box7-arrow\"]"}
RESULT: {"using":"xpath","value":"//*[@id=\"__box7-arrow\"]"}
COMMAND: POST /session/3080ab49fbb8c4e7eecdf487ecde7ebb/elements - {"using":"xpath","value":"//*[@id=\"__box7-arrow\"]"}
RESULT: {"using":"xpath","value":"//*[@id=\"__box7-arrow\"]"}
COMMAND: POST /session/3080ab49fbb8c4e7eecdf487ecde7ebb/elements - {"using":"xpath","value":"//*[@id=\"__box7-arrow\"]"}
RESULT: {"using":"xpath","value":"//*[@id=\"__box7-arrow\"]"}
COMMAND: POST /session/3080ab49fbb8c4e7eecdf487ecde7ebb/elements - {"using":"xpath","value":"//*[@id=\"__box7-arrow\"]"}
RESULT: {"using":"xpath","value":"//*[@id=\"__box7-arrow\"]"}
COMMAND: POST /session/3080ab49fbb8c4e7eecdf487ecde7ebb/elements - {"using":"xpath","value":"//*[@id=\"__box7-arrow\"]"}
RESULT: {"using":"xpath","value":"//*[@id=\"__box7-arrow\"]"}
COMMAND: POST /session/3080ab49fbb8c4e7eecdf487ecde7ebb/elements - {"using":"xpath","value":"//*[@id=\"__box7-arrow\"]"}
RESULT: {"using":"xpath","value":"//*[@id=\"__box7-arrow\"]"}
COMMAND: POST /session/3080ab49fbb8c4e7eecdf487ecde7ebb/elements - {"using":"xpath","value":"//*[@id=\"__box7-arrow\"]"}
RESULT: {"using":"xpath","value":"//*[@id=\"__box7-arrow\"]"}
COMMAND: POST /session/3080ab49fbb8c4e7eecdf487ecde7ebb/elements - {"using":"xpath","value":"//*[@id=\"__box7-arrow\"]"}
RESULT: {"using":"xpath","value":"//*[@id=\"__box7-arrow\"]"}
COMMAND: POST /session/3080ab49fbb8c4e7eecdf487ecde7ebb/elements - {"using":"xpath","value":"//*[@id=\"__box7-arrow\"]"}
RESULT: {"using":"xpath","value":"//*[@id=\"__box7-arrow\"]"}
COMMAND: POST /session/3080ab49fbb8c4e7eecdf487ecde7ebb/elements - {"using":"xpath","value":"//*[@id=\"__box7-arrow\"]"}
RESULT: {"using":"xpath","value":"//*[@id=\"__box7-arrow\"]"}
COMMAND: POST /session/3080ab49fbb8c4e7eecdf487ecde7ebb/elements - {"using":"xpath","value":"//*[@id=\"__box7-arrow\"]"}
RESULT: {"using":"xpath","value":"//*[@id=\"__box7-arrow\"]"}
COMMAND: POST /session/3080ab49fbb8c4e7eecdf487ecde7ebb/elements - {"using":"xpath","value":"//*[@id=\"__box7-arrow\"]"}
RESULT: {"using":"xpath","value":"//*[@id=\"__box7-arrow\"]"}
COMMAND: POST /session/3080ab49fbb8c4e7eecdf487ecde7ebb/elements - {"using":"xpath","value":"//*[@id=\"__box7-arrow\"]"}
RESULT: {"using":"xpath","value":"//*[@id=\"__box7-arrow\"]"}
COMMAND: POST /session/3080ab49fbb8c4e7eecdf487ecde7ebb/elements - {"using":"xpath","value":"//*[@id=\"__box7-arrow\"]"}
RESULT: {"using":"xpath","value":"//*[@id=\"__box7-arrow\"]"}
COMMAND: POST /session/3080ab49fbb8c4e7eecdf487ecde7ebb/elements - {"using":"xpath","value":"//*[@id=\"__box7-arrow\"]"}
RESULT: {"using":"xpath","value":"//*[@id=\"__box7-arrow\"]"}
COMMAND: POST /session/3080ab49fbb8c4e7eecdf487ecde7ebb/elements - {"using":"xpath","value":"//*[@id=\"__box7-arrow\"]"}
RESULT: {"using":"xpath","value":"//*[@id=\"__box7-arrow\"]"}
COMMAND: POST /session/3080ab49fbb8c4e7eecdf487ecde7ebb/elements - {"using":"xpath","value":"//*[@id=\"__box7-arrow\"]"}
RESULT: {"using":"xpath","value":"//*[@id=\"__box7-arrow\"]"}
COMMAND: POST /session/3080ab49fbb8c4e7eecdf487ecde7ebb/elements - {"using":"xpath","value":"//*[@id=\"__box7-arrow\"]"}
RESULT: {"using":"xpath","value":"//*[@id=\"__box7-arrow\"]"}
COMMAND: POST /session/3080ab49fbb8c4e7eecdf487ecde7ebb/elements - {"using":"xpath","value":"//*[@id=\"__box7-arrow\"]"}
RESULT: {"using":"xpath","value":"//*[@id=\"__box7-arrow\"]"}
COMMAND: POST /session/3080ab49fbb8c4e7eecdf487ecde7ebb/elements - {"using":"xpath","value":"//*[@id=\"__box7-arrow\"]"}
RESULT: {"using":"xpath","value":"//*[@id=\"__box7-arrow\"]"}
COMMAND: POST /session/3080ab49fbb8c4e7eecdf487ecde7ebb/elements - {"using":"xpath","value":"//*[@id=\"__box7-arrow\"]"}
RESULT: {"using":"xpath","value":"//*[@id=\"__box7-arrow\"]"}
COMMAND: POST /session/3080ab49fbb8c4e7eecdf487ecde7ebb/elements - {"using":"xpath","value":"//*[@id=\"__box7-arrow\"]"}
RESULT: {"using":"xpath","value":"//*[@id=\"__box7-arrow\"]"}
COMMAND: POST /session/3080ab49fbb8c4e7eecdf487ecde7ebb/elements - {"using":"xpath","value":"//*[@id=\"__box7-arrow\"]"}
RESULT: {"using":"xpath","value":"//*[@id=\"__box7-arrow\"]"}
COMMAND: POST /session/3080ab49fbb8c4e7eecdf487ecde7ebb/elements - {"using":"xpath","value":"//*[@id=\"__box7-arrow\"]"}
RESULT: {"using":"xpath","value":"//*[@id=\"__box7-arrow\"]"}
COMMAND: POST /session/3080ab49fbb8c4e7eecdf487ecde7ebb/elements - {"using":"xpath","value":"//*[@id=\"__box7-arrow\"]"}
RESULT: {"using":"xpath","value":"//*[@id=\"__box7-arrow\"]"}
COMMAND: POST /session/3080ab49fbb8c4e7eecdf487ecde7ebb/elements - {"using":"xpath","value":"//*[@id=\"__box7-arrow\"]"}
RESULT: {"using":"xpath","value":"//*[@id=\"__box7-arrow\"]"}
COMMAND: POST /session/3080ab49fbb8c4e7eecdf487ecde7ebb/elements - {"using":"xpath","value":"//*[@id=\"__box7-arrow\"]"}
RESULT: {"using":"xpath","value":"//*[@id=\"__box7-arrow\"]"}
COMMAND: POST /session/3080ab49fbb8c4e7eecdf487ecde7ebb/elements - {"using":"xpath","value":"//*[@id=\"__box7-arrow\"]"}
RESULT: {"using":"xpath","value":"//*[@id=\"__box7-arrow\"]"}
COMMAND: POST /session/3080ab49fbb8c4e7eecdf487ecde7ebb/elements - {"using":"xpath","value":"//*[@id=\"__box7-arrow\"]"}
RESULT: {"using":"xpath","value":"//*[@id=\"__box7-arrow\"]"}
COMMAND: POST /session/3080ab49fbb8c4e7eecdf487ecde7ebb/elements - {"using":"xpath","value":"//*[@id=\"__box7-arrow\"]"}
RESULT: {"using":"xpath","value":"//*[@id=\"__box7-arrow\"]"}
COMMAND: POST /session/3080ab49fbb8c4e7eecdf487ecde7ebb/elements - {"using":"xpath","value":"//*[@id=\"__box7-arrow\"]"}
RESULT: {"using":"xpath","value":"//*[@id=\"__box7-arrow\"]"}
COMMAND: POST /session/3080ab49fbb8c4e7eecdf487ecde7ebb/elements - {"using":"xpath","value":"//*[@id=\"__box7-arrow\"]"}
RESULT: {"using":"xpath","value":"//*[@id=\"__box7-arrow\"]"}
COMMAND: POST /session/3080ab49fbb8c4e7eecdf487ecde7ebb/elements - {"using":"xpath","value":"//*[@id=\"__box7-arrow\"]"}
RESULT: {"using":"xpath","value":"//*[@id=\"__box7-arrow\"]"}
COMMAND: POST /session/3080ab49fbb8c4e7eecdf487ecde7ebb/elements - {"using":"xpath","value":"//*[@id=\"__box7-arrow\"]"}
RESULT: {"using":"xpath","value":"//*[@id=\"__box7-arrow\"]"}
COMMAND: POST /session/3080ab49fbb8c4e7eecdf487ecde7ebb/elements - {"using":"xpath","value":"//*[@id=\"__box7-arrow\"]"}
RESULT: {"using":"xpath","value":"//*[@id=\"__box7-arrow\"]"}
COMMAND: POST /session/3080ab49fbb8c4e7eecdf487ecde7ebb/elements - {"using":"xpath","value":"//*[@id=\"__box7-arrow\"]"}
RESULT: {"using":"xpath","value":"//*[@id=\"__box7-arrow\"]"}
COMMAND: POST /session/3080ab49fbb8c4e7eecdf487ecde7ebb/elements - {"using":"xpath","value":"//*[@id=\"__box7-arrow\"]"}
RESULT: {"using":"xpath","value":"//*[@id=\"__box7-arrow\"]"}
COMMAND: POST /session/3080ab49fbb8c4e7eecdf487ecde7ebb/elements - {"using":"xpath","value":"//*[@id=\"__box7-arrow\"]"}
RESULT: {"using":"xpath","value":"//*[@id=\"__box7-arrow\"]"}
COMMAND: POST /session/3080ab49fbb8c4e7eecdf487ecde7ebb/elements - {"using":"xpath","value":"//*[@id=\"__box7-arrow\"]"}
RESULT: {"using":"xpath","value":"//*[@id=\"__box7-arrow\"]"}
COMMAND: POST /session/3080ab49fbb8c4e7eecdf487ecde7ebb/elements - {"using":"xpath","value":"//*[@id=\"__box7-arrow\"]"}
RESULT: {"using":"xpath","value":"//*[@id=\"__box7-arrow\"]"}
COMMAND: POST /session/3080ab49fbb8c4e7eecdf487ecde7ebb/elements - {"using":"xpath","value":"//*[@id=\"__box7-arrow\"]"}
RESULT: {"using":"xpath","value":"//*[@id=\"__box7-arrow\"]"}
COMMAND: POST /session/3080ab49fbb8c4e7eecdf487ecde7ebb/elements - {"using":"xpath","value":"//*[@id=\"__box7-arrow\"]"}
RESULT: {"using":"xpath","value":"//*[@id=\"__box7-arrow\"]"}
COMMAND: POST /session/3080ab49fbb8c4e7eecdf487ecde7ebb/elements - {"using":"xpath","value":"//*[@id=\"__box7-arrow\"]"}
RESULT: {"using":"xpath","value":"//*[@id=\"__box7-arrow\"]"}
COMMAND: POST /session/3080ab49fbb8c4e7eecdf487ecde7ebb/elements - {"using":"xpath","value":"//*[@id=\"__box7-arrow\"]"}
RESULT: {"using":"xpath","value":"//*[@id=\"__box7-arrow\"]"}
COMMAND: POST /session/3080ab49fbb8c4e7eecdf487ecde7ebb/elements - {"using":"xpath","value":"//*[@id=\"__box7-arrow\"]"}
RESULT: {"using":"xpath","value":"//*[@id=\"__box7-arrow\"]"}
COMMAND: POST /session/3080ab49fbb8c4e7eecdf487ecde7ebb/elements - {"using":"xpath","value":"//*[@id=\"__box7-arrow\"]"}
RESULT: {"using":"xpath","value":"//*[@id=\"__box7-arrow\"]"}
COMMAND: POST /session/3080ab49fbb8c4e7eecdf487ecde7ebb/elements - {"using":"xpath","value":"//*[@id=\"__box7-arrow\"]"}
RESULT: {"using":"xpath","value":"//*[@id=\"__box7-arrow\"]"}
COMMAND: POST /session/3080ab49fbb8c4e7eecdf487ecde7ebb/elements - {"using":"xpath","value":"//*[@id=\"__box7-arrow\"]"}
RESULT: {"using":"xpath","value":"//*[@id=\"__box7-arrow\"]"}
COMMAND: POST /session/3080ab49fbb8c4e7eecdf487ecde7ebb/elements - {"using":"xpath","value":"//*[@id=\"__box7-arrow\"]"}
RESULT: {"using":"xpath","value":"//*[@id=\"__box7-arrow\"]"}
COMMAND: POST /session/3080ab49fbb8c4e7eecdf487ecde7ebb/elements - {"using":"xpath","value":"//*[@id=\"__box7-arrow\"]"}
RESULT: {"using":"xpath","value":"//*[@id=\"__box7-arrow\"]"}
COMMAND: POST /session/3080ab49fbb8c4e7eecdf487ecde7ebb/elements - {"using":"xpath","value":"//*[@id=\"__box7-arrow\"]"}
RESULT: {"using":"xpath","value":"//*[@id=\"__box7-arrow\"]"}
COMMAND: POST /session/3080ab49fbb8c4e7eecdf487ecde7ebb/elements - {"using":"xpath","value":"//*[@id=\"__box7-arrow\"]"}
RESULT: {"using":"xpath","value":"//*[@id=\"__box7-arrow\"]"}
COMMAND: POST /session/3080ab49fbb8c4e7eecdf487ecde7ebb/elements - {"using":"xpath","value":"//*[@id=\"__box7-arrow\"]"}
RESULT: {"using":"xpath","value":"//*[@id=\"__box7-arrow\"]"}
COMMAND: POST /session/3080ab49fbb8c4e7eecdf487ecde7ebb/elements - {"using":"xpath","value":"//*[@id=\"__box7-arrow\"]"}
RESULT: {"using":"xpath","value":"//*[@id=\"__box7-arrow\"]"}
COMMAND: POST /session/3080ab49fbb8c4e7eecdf487ecde7ebb/elements - {"using":"xpath","value":"//*[@id=\"__box7-arrow\"]"}
RESULT: {"using":"xpath","value":"//*[@id=\"__box7-arrow\"]"}
COMMAND: POST /session/3080ab49fbb8c4e7eecdf487ecde7ebb/elements - {"using":"xpath","value":"//*[@id=\"__box7-arrow\"]"}
RESULT: {"using":"xpath","value":"//*[@id=\"__box7-arrow\"]"}
COMMAND: POST /session/3080ab49fbb8c4e7eecdf487ecde7ebb/elements - {"using":"xpath","value":"//*[@id=\"__box7-arrow\"]"}
RESULT: {"using":"xpath","value":"//*[@id=\"__box7-arrow\"]"}
COMMAND: POST /session/3080ab49fbb8c4e7eecdf487ecde7ebb/elements - {"using":"xpath","value":"//*[@id=\"__box7-arrow\"]"}
RESULT: {"using":"xpath","value":"//*[@id=\"__box7-arrow\"]"}
COMMAND: POST /session/3080ab49fbb8c4e7eecdf487ecde7ebb/elements - {"using":"xpath","value":"//*[@id=\"__box7-arrow\"]"}
RESULT: {"using":"xpath","value":"//*[@id=\"__box7-arrow\"]"}
COMMAND: POST /session/3080ab49fbb8c4e7eecdf487ecde7ebb/elements - {"using":"xpath","value":"//*[@id=\"__box7-arrow\"]"}
RESULT: {"using":"xpath","value":"//*[@id=\"__box7-arrow\"]"}
COMMAND: POST /session/3080ab49fbb8c4e7eecdf487ecde7ebb/elements - {"using":"xpath","value":"//*[@id=\"__box7-arrow\"]"}
RESULT: {"using":"xpath","value":"//*[@id=\"__box7-arrow\"]"}
COMMAND: POST /session/3080ab49fbb8c4e7eecdf487ecde7ebb/elements - {"using":"xpath","value":"//*[@id=\"__box7-arrow\"]"}
RESULT: {"using":"xpath","value":"//*[@id=\"__box7-arrow\"]"}
COMMAND: POST /session/3080ab49fbb8c4e7eecdf487ecde7ebb/elements - {"using":"xpath","value":"//*[@id=\"__box7-arrow\"]"}
RESULT: {"using":"xpath","value":"//*[@id=\"__box7-arrow\"]"}
COMMAND: POST /session/3080ab49fbb8c4e7eecdf487ecde7ebb/elements - {"using":"xpath","value":"//*[@id=\"__box7-arrow\"]"}
RESULT: {"using":"xpath","value":"//*[@id=\"__box7-arrow\"]"}
COMMAND: POST /session/3080ab49fbb8c4e7eecdf487ecde7ebb/elements - {"using":"xpath","value":"//*[@id=\"__box7-arrow\"]"}
RESULT: {"using":"xpath","value":"//*[@id=\"__box7-arrow\"]"}
COMMAND: POST /session/3080ab49fbb8c4e7eecdf487ecde7ebb/elements - {"using":"xpath","value":"//*[@id=\"__box7-arrow\"]"}
RESULT: {"using":"xpath","value":"//*[@id=\"__box7-arrow\"]"}
COMMAND: POST /session/3080ab49fbb8c4e7eecdf487ecde7ebb/elements - {"using":"xpath","value":"//*[@id=\"__box7-arrow\"]"}
RESULT: {"using":"xpath","value":"//*[@id=\"__box7-arrow\"]"}
COMMAND: POST /session/3080ab49fbb8c4e7eecdf487ecde7ebb/elements - {"using":"xpath","value":"//*[@id=\"__box7-arrow\"]"}
RESULT: {"using":"xpath","value":"//*[@id=\"__box7-arrow\"]"}
COMMAND: POST /session/3080ab49fbb8c4e7eecdf487ecde7ebb/elements - {"using":"xpath","value":"//*[@id=\"__box7-arrow\"]"}
RESULT: {"using":"xpath","value":"//*[@id=\"__box7-arrow\"]"}
COMMAND: POST /session/3080ab49fbb8c4e7eecdf487ecde7ebb/elements - {"using":"xpath","value":"//*[@id=\"__box7-arrow\"]"}
RESULT: {"using":"xpath","value":"//*[@id=\"__box7-arrow\"]"}
COMMAND: POST /session/3080ab49fbb8c4e7eecdf487ecde7ebb/elements - {"using":"xpath","value":"//*[@id=\"__box7-arrow\"]"}
RESULT: {"using":"xpath","value":"//*[@id=\"__box7-arrow\"]"}
COMMAND: POST /session/3080ab49fbb8c4e7eecdf487ecde7ebb/elements - {"using":"xpath","value":"//*[@id=\"__box7-arrow\"]"}
RESULT: {"using":"xpath","value":"//*[@id=\"__box7-arrow\"]"}
COMMAND: POST /session/3080ab49fbb8c4e7eecdf487ecde7ebb/elements - {"using":"xpath","value":"//*[@id=\"__box7-arrow\"]"}
RESULT: {"using":"xpath","value":"//*[@id=\"__box7-arrow\"]"}
COMMAND: POST /session/3080ab49fbb8c4e7eecdf487ecde7ebb/elements - {"using":"xpath","value":"//*[@id=\"__box7-arrow\"]"}
RESULT: {"using":"xpath","value":"//*[@id=\"__box7-arrow\"]"}
COMMAND: POST /session/3080ab49fbb8c4e7eecdf487ecde7ebb/elements - {"using":"xpath","value":"//*[@id=\"__box7-arrow\"]"}
RESULT: {"using":"xpath","value":"//*[@id=\"__box7-arrow\"]"}
COMMAND: POST /session/3080ab49fbb8c4e7eecdf487ecde7ebb/elements - {"using":"xpath","value":"//*[@id=\"__box7-arrow\"]"}
RESULT: {"using":"xpath","value":"//*[@id=\"__box7-arrow\"]"}
COMMAND: POST /session/3080ab49fbb8c4e7eecdf487ecde7ebb/elements - {"using":"xpath","value":"//*[@id=\"__box7-arrow\"]"}
RESULT: {"using":"xpath","value":"//*[@id=\"__box7-arrow\"]"}
COMMAND: POST /session/3080ab49fbb8c4e7eecdf487ecde7ebb/elements - {"using":"xpath","value":"//*[@id=\"__box7-arrow\"]"}
RESULT: {"using":"xpath","value":"//*[@id=\"__box7-arrow\"]"}
COMMAND: POST /session/3080ab49fbb8c4e7eecdf487ecde7ebb/elements - {"using":"xpath","value":"//*[@id=\"__box7-arrow\"]"}
RESULT: {"using":"xpath","value":"//*[@id=\"__box7-arrow\"]"}
COMMAND: POST /session/3080ab49fbb8c4e7eecdf487ecde7ebb/elements - {"using":"xpath","value":"//*[@id=\"__box7-arrow\"]"}
RESULT: {"using":"xpath","value":"//*[@id=\"__box7-arrow\"]"}
COMMAND: POST /session/3080ab49fbb8c4e7eecdf487ecde7ebb/elements - {"using":"xpath","value":"//*[@id=\"__box7-arrow\"]"}
RESULT: {"using":"xpath","value":"//*[@id=\"__box7-arrow\"]"}
COMMAND: POST /session/3080ab49fbb8c4e7eecdf487ecde7ebb/elements - {"using":"xpath","value":"//*[@id=\"__box7-arrow\"]"}
RESULT: {"using":"xpath","value":"//*[@id=\"__box7-arrow\"]"}
COMMAND: POST /session/3080ab49fbb8c4e7eecdf487ecde7ebb/elements - {"using":"xpath","value":"//*[@id=\"__box7-arrow\"]"}
RESULT: {"using":"xpath","value":"//*[@id=\"__box7-arrow\"]"}
COMMAND: POST /session/3080ab49fbb8c4e7eecdf487ecde7ebb/elements - {"using":"xpath","value":"//*[@id=\"__box7-arrow\"]"}
RESULT: {"using":"xpath","value":"//*[@id=\"__box7-arrow\"]"}
COMMAND: POST /session/3080ab49fbb8c4e7eecdf487ecde7ebb/elements - {"using":"xpath","value":"//*[@id=\"__box7-arrow\"]"}
RESULT: {"using":"xpath","value":"//*[@id=\"__box7-arrow\"]"}
COMMAND: POST /session/3080ab49fbb8c4e7eecdf487ecde7ebb/elements - {"using":"xpath","value":"//*[@id=\"__box7-arrow\"]"}
RESULT: {"using":"xpath","value":"//*[@id=\"__box7-arrow\"]"}
COMMAND: POST /session/3080ab49fbb8c4e7eecdf487ecde7ebb/elements - {"using":"xpath","value":"//*[@id=\"__box7-arrow\"]"}
RESULT: {"using":"xpath","value":"//*[@id=\"__box7-arrow\"]"}
COMMAND: POST /session/3080ab49fbb8c4e7eecdf487ecde7ebb/elements - {"using":"xpath","value":"//*[@id=\"__box7-arrow\"]"}
RESULT: {"using":"xpath","value":"//*[@id=\"__box7-arrow\"]"}
COMMAND: POST /session/3080ab49fbb8c4e7eecdf487ecde7ebb/elements - {"using":"xpath","value":"//*[@id=\"__box7-arrow\"]"}
RESULT: {"using":"xpath","value":"//*[@id=\"__box7-arrow\"]"}
COMMAND: POST /session/3080ab49fbb8c4e7eecdf487ecde7ebb/elements - {"using":"xpath","value":"//*[@id=\"__box7-arrow\"]"}
RESULT: {"using":"xpath","value":"//*[@id=\"__box7-arrow\"]"}
COMMAND: POST /session/3080ab49fbb8c4e7eecdf487ecde7ebb/elements - {"using":"xpath","value":"//*[@id=\"__box7-arrow\"]"}
RESULT: {"using":"xpath","value":"//*[@id=\"__box7-arrow\"]"}
COMMAND: POST /session/3080ab49fbb8c4e7eecdf487ecde7ebb/elements - {"using":"xpath","value":"//*[@id=\"__box7-arrow\"]"}
RESULT: {"using":"xpath","value":"//*[@id=\"__box7-arrow\"]"}
COMMAND: POST /session/3080ab49fbb8c4e7eecdf487ecde7ebb/elements - {"using":"xpath","value":"//*[@id=\"__box7-arrow\"]"}
RESULT: {"using":"xpath","value":"//*[@id=\"__box7-arrow\"]"}
COMMAND: POST /session/3080ab49fbb8c4e7eecdf487ecde7ebb/elements - {"using":"xpath","value":"//*[@id=\"__box7-arrow\"]"}
RESULT: {"using":"xpath","value":"//*[@id=\"__box7-arrow\"]"}
COMMAND: POST /session/3080ab49fbb8c4e7eecdf487ecde7ebb/elements - {"using":"xpath","value":"//*[@id=\"__box7-arrow\"]"}
RESULT: {"using":"xpath","value":"//*[@id=\"__box7-arrow\"]"}
COMMAND: POST /session/3080ab49fbb8c4e7eecdf487ecde7ebb/elements - {"using":"xpath","value":"//*[@id=\"__box7-arrow\"]"}
RESULT: {"using":"xpath","value":"//*[@id=\"__box7-arrow\"]"}
COMMAND: POST /session/3080ab49fbb8c4e7eecdf487ecde7ebb/elements - {"using":"xpath","value":"//*[@id=\"__box7-arrow\"]"}
RESULT: {"using":"xpath","value":"//*[@id=\"__box7-arrow\"]"}
COMMAND: POST /session/3080ab49fbb8c4e7eecdf487ecde7ebb/elements - {"using":"xpath","value":"//*[@id=\"__box7-arrow\"]"}
RESULT: {"using":"xpath","value":"//*[@id=\"__box7-arrow\"]"}
COMMAND: POST /session/3080ab49fbb8c4e7eecdf487ecde7ebb/elements - {"using":"xpath","value":"//*[@id=\"__box7-arrow\"]"}
RESULT: {"using":"xpath","value":"//*[@id=\"__box7-arrow\"]"}
COMMAND: POST /session/3080ab49fbb8c4e7eecdf487ecde7ebb/elements - {"using":"xpath","value":"//*[@id=\"__box7-arrow\"]"}
RESULT: {"using":"xpath","value":"//*[@id=\"__box7-arrow\"]"}
COMMAND: POST /session/3080ab49fbb8c4e7eecdf487ecde7ebb/elements - {"using":"xpath","value":"//*[@id=\"__box7-arrow\"]"}
RESULT: {"using":"xpath","value":"//*[@id=\"__box7-arrow\"]"}
COMMAND: POST /session/3080ab49fbb8c4e7eecdf487ecde7ebb/elements - {"using":"xpath","value":"//*[@id=\"__box7-arrow\"]"}
RESULT: {"using":"xpath","value":"//*[@id=\"__box7-arrow\"]"}
COMMAND: POST /session/3080ab49fbb8c4e7eecdf487ecde7ebb/elements - {"using":"xpath","value":"//*[@id=\"__box7-arrow\"]"}
RESULT: {"using":"xpath","value":"//*[@id=\"__box7-arrow\"]"}
COMMAND: POST /session/3080ab49fbb8c4e7eecdf487ecde7ebb/elements - {"using":"xpath","value":"//*[@id=\"__box7-arrow\"]"}
RESULT: {"using":"xpath","value":"//*[@id=\"__box7-arrow\"]"}
COMMAND: POST /session/3080ab49fbb8c4e7eecdf487ecde7ebb/elements - {"using":"xpath","value":"//*[@id=\"__box7-arrow\"]"}
RESULT: {"using":"xpath","value":"//*[@id=\"__box7-arrow\"]"}
COMMAND: POST /session/3080ab49fbb8c4e7eecdf487ecde7ebb/elements - {"using":"xpath","value":"//*[@id=\"__box7-arrow\"]"}
RESULT: {"using":"xpath","value":"//*[@id=\"__box7-arrow\"]"}
COMMAND: POST /session/3080ab49fbb8c4e7eecdf487ecde7ebb/elements - {"using":"xpath","value":"//*[@id=\"__box7-arrow\"]"}
RESULT: {"using":"xpath","value":"//*[@id=\"__box7-arrow\"]"}
COMMAND: POST /session/3080ab49fbb8c4e7eecdf487ecde7ebb/elements - {"using":"xpath","value":"//*[@id=\"__box7-arrow\"]"}
RESULT: {"using":"xpath","value":"//*[@id=\"__box7-arrow\"]"}
COMMAND: POST /session/3080ab49fbb8c4e7eecdf487ecde7ebb/elements - {"using":"xpath","value":"//*[@id=\"__box7-arrow\"]"}
RESULT: {"using":"xpath","value":"//*[@id=\"__box7-arrow\"]"}
COMMAND: POST /session/3080ab49fbb8c4e7eecdf487ecde7ebb/elements - {"using":"xpath","value":"//*[@id=\"__box7-arrow\"]"}
RESULT: {"using":"xpath","value":"//*[@id=\"__box7-arrow\"]"}
COMMAND: POST /session/3080ab49fbb8c4e7eecdf487ecde7ebb/elements - {"using":"xpath","value":"//*[@id=\"__box7-arrow\"]"}
RESULT: {"using":"xpath","value":"//*[@id=\"__box7-arrow\"]"}
COMMAND: POST /session/3080ab49fbb8c4e7eecdf487ecde7ebb/elements - {"using":"xpath","value":"//*[@id=\"__box7-arrow\"]"}
RESULT: {"using":"xpath","value":"//*[@id=\"__box7-arrow\"]"}
COMMAND: POST /session/3080ab49fbb8c4e7eecdf487ecde7ebb/elements - {"using":"xpath","value":"//*[@id=\"__box7-arrow\"]"}
RESULT: {"using":"xpath","value":"//*[@id=\"__box7-arrow\"]"}
COMMAND: POST /session/3080ab49fbb8c4e7eecdf487ecde7ebb/elements - {"using":"xpath","value":"//*[@id=\"__box7-arrow\"]"}
RESULT: {"using":"xpath","value":"//*[@id=\"__box7-arrow\"]"}
COMMAND: POST /session/3080ab49fbb8c4e7eecdf487ecde7ebb/elements - {"using":"xpath","value":"//*[@id=\"__box7-arrow\"]"}
RESULT: {"using":"xpath","value":"//*[@id=\"__box7-arrow\"]"}
COMMAND: POST /session/3080ab49fbb8c4e7eecdf487ecde7ebb/elements - {"using":"xpath","value":"//*[@id=\"__box7-arrow\"]"}
RESULT: {"using":"xpath","value":"//*[@id=\"__box7-arrow\"]"}
COMMAND: POST /session/3080ab49fbb8c4e7eecdf487ecde7ebb/elements - {"using":"xpath","value":"//*[@id=\"__box7-arrow\"]"}
RESULT: {"using":"xpath","value":"//*[@id=\"__box7-arrow\"]"}
COMMAND: POST /session/3080ab49fbb8c4e7eecdf487ecde7ebb/elements - {"using":"xpath","value":"//*[@id=\"__box7-arrow\"]"}
RESULT: {"using":"xpath","value":"//*[@id=\"__box7-arrow\"]"}
COMMAND: POST /session/3080ab49fbb8c4e7eecdf487ecde7ebb/elements - {"using":"xpath","value":"//*[@id=\"__box7-arrow\"]"}
RESULT: {"using":"xpath","value":"//*[@id=\"__box7-arrow\"]"}
COMMAND: POST /session/3080ab49fbb8c4e7eecdf487ecde7ebb/elements - {"using":"xpath","value":"//*[@id=\"__box7-arrow\"]"}
RESULT: {"using":"xpath","value":"//*[@id=\"__box7-arrow\"]"}
COMMAND: POST /session/3080ab49fbb8c4e7eecdf487ecde7ebb/elements - {"using":"xpath","value":"//*[@id=\"__box7-arrow\"]"}
RESULT: {"using":"xpath","value":"//*[@id=\"__box7-arrow\"]"}
COMMAND: POST /session/3080ab49fbb8c4e7eecdf487ecde7ebb/elements - {"using":"xpath","value":"//*[@id=\"__box7-arrow\"]"}
RESULT: {"using":"xpath","value":"//*[@id=\"__box7-arrow\"]"}
COMMAND: POST /session/3080ab49fbb8c4e7eecdf487ecde7ebb/element - {"using":"xpath","value":"//li[.//span[text()= \"Webshop Catalog\"]]"}
RESULT: {"using":"xpath","value":"//li[.//span[text()= \"Webshop Catalog\"]]"}
COMMAND: POST /session/3080ab49fbb8c4e7eecdf487ecde7ebb/elements - {"using":"xpath","value":"//li[.//span[text()= \"Webshop Catalog\"]]"}
RESULT: {"using":"xpath","value":"//li[.//span[text()= \"Webshop Catalog\"]]"}
COMMAND: POST /session/3080ab49fbb8c4e7eecdf487ecde7ebb/elements - {"using":"xpath","value":"//li[.//span[text()= \"Webshop Catalog\"]]"}
RESULT: {"using":"xpath","value":"//li[.//span[text()= \"Webshop Catalog\"]]"}
COMMAND: POST /session/3080ab49fbb8c4e7eecdf487ecde7ebb/elements - {"using":"xpath","value":"//li[.//span[text()= \"Webshop Catalog\"]]"}
RESULT: {"using":"xpath","value":"//li[.//span[text()= \"Webshop Catalog\"]]"}
COMMAND: POST /session/3080ab49fbb8c4e7eecdf487ecde7ebb/elements - {"using":"xpath","value":"//li[.//span[text()= \"Webshop Catalog\"]]"}
RESULT: {"using":"xpath","value":"//li[.//span[text()= \"Webshop Catalog\"]]"}
COMMAND: POST /session/3080ab49fbb8c4e7eecdf487ecde7ebb/elements - {"using":"xpath","value":"//li[.//span[text()= \"Webshop Catalog\"]]"}
RESULT: {"using":"xpath","value":"//li[.//span[text()= \"Webshop Catalog\"]]"}
COMMAND: POST /session/3080ab49fbb8c4e7eecdf487ecde7ebb/elements - {"using":"xpath","value":"//li[.//span[text()= \"Webshop Catalog\"]]"}
RESULT: {"using":"xpath","value":"//li[.//span[text()= \"Webshop Catalog\"]]"}
COMMAND: POST /session/3080ab49fbb8c4e7eecdf487ecde7ebb/elements - {"using":"xpath","value":"//li[.//span[text()= \"Webshop Catalog\"]]"}
RESULT: {"using":"xpath","value":"//li[.//span[text()= \"Webshop Catalog\"]]"}
COMMAND: POST /session/3080ab49fbb8c4e7eecdf487ecde7ebb/elements - {"using":"xpath","value":"//li[.//span[text()= \"Webshop Catalog\"]]"}
RESULT: {"using":"xpath","value":"//li[.//span[text()= \"Webshop Catalog\"]]"}
COMMAND: POST /session/3080ab49fbb8c4e7eecdf487ecde7ebb/elements - {"using":"xpath","value":"//li[.//span[text()= \"Webshop Catalog\"]]"}
RESULT: {"using":"xpath","value":"//li[.//span[text()= \"Webshop Catalog\"]]"}
COMMAND: POST /session/3080ab49fbb8c4e7eecdf487ecde7ebb/elements - {"using":"xpath","value":"//li[.//span[text()= \"Webshop Catalog\"]]"}
RESULT: {"using":"xpath","value":"//li[.//span[text()= \"Webshop Catalog\"]]"}
COMMAND: POST /session/3080ab49fbb8c4e7eecdf487ecde7ebb/elements - {"using":"xpath","value":"//li[.//span[text()= \"Webshop Catalog\"]]"}
RESULT: {"using":"xpath","value":"//li[.//span[text()= \"Webshop Catalog\"]]"}
COMMAND: POST /session/3080ab49fbb8c4e7eecdf487ecde7ebb/elements - {"using":"xpath","value":"//li[.//span[text()= \"Webshop Catalog\"]]"}
RESULT: {"using":"xpath","value":"//li[.//span[text()= \"Webshop Catalog\"]]"}
COMMAND: POST /session/3080ab49fbb8c4e7eecdf487ecde7ebb/elements - {"using":"xpath","value":"//li[.//span[text()= \"Webshop Catalog\"]]"}
RESULT: {"using":"xpath","value":"//li[.//span[text()= \"Webshop Catalog\"]]"}
COMMAND: POST /session/3080ab49fbb8c4e7eecdf487ecde7ebb/elements - {"using":"xpath","value":"//li[.//span[text()= \"Webshop Catalog\"]]"}
RESULT: {"using":"xpath","value":"//li[.//span[text()= \"Webshop Catalog\"]]"}
COMMAND: POST /session/3080ab49fbb8c4e7eecdf487ecde7ebb/elements - {"using":"xpath","value":"//li[.//span[text()= \"Webshop Catalog\"]]"}
RESULT: {"using":"xpath","value":"//li[.//span[text()= \"Webshop Catalog\"]]"}
COMMAND: POST /session/3080ab49fbb8c4e7eecdf487ecde7ebb/elements - {"using":"xpath","value":"//li[.//span[text()= \"Webshop Catalog\"]]"}
RESULT: {"using":"xpath","value":"//li[.//span[text()= \"Webshop Catalog\"]]"}
COMMAND: POST /session/3080ab49fbb8c4e7eecdf487ecde7ebb/elements - {"using":"xpath","value":"//li[.//span[text()= \"Webshop Catalog\"]]"}
RESULT: {"using":"xpath","value":"//li[.//span[text()= \"Webshop Catalog\"]]"}
COMMAND: POST /session/3080ab49fbb8c4e7eecdf487ecde7ebb/elements - {"using":"xpath","value":"//li[.//span[text()= \"Webshop Catalog\"]]"}
RESULT: {"using":"xpath","value":"//li[.//span[text()= \"Webshop Catalog\"]]"}
COMMAND: POST /session/3080ab49fbb8c4e7eecdf487ecde7ebb/elements - {"using":"xpath","value":"//li[.//span[text()= \"Webshop Catalog\"]]"}
RESULT: {"using":"xpath","value":"//li[.//span[text()= \"Webshop Catalog\"]]"}
COMMAND: POST /session/3080ab49fbb8c4e7eecdf487ecde7ebb/elements - {"using":"xpath","value":"//li[.//span[text()= \"Webshop Catalog\"]]"}
RESULT: {"using":"xpath","value":"//li[.//span[text()= \"Webshop Catalog\"]]"}
COMMAND: POST /session/3080ab49fbb8c4e7eecdf487ecde7ebb/elements - {"using":"xpath","value":"//li[.//span[text()= \"Webshop Catalog\"]]"}
RESULT: {"using":"xpath","value":"//li[.//span[text()= \"Webshop Catalog\"]]"}
COMMAND: POST /session/3080ab49fbb8c4e7eecdf487ecde7ebb/elements - {"using":"xpath","value":"//li[.//span[text()= \"Webshop Catalog\"]]"}
RESULT: {"using":"xpath","value":"//li[.//span[text()= \"Webshop Catalog\"]]"}
COMMAND: POST /session/3080ab49fbb8c4e7eecdf487ecde7ebb/elements - {"using":"xpath","value":"//li[.//span[text()= \"Webshop Catalog\"]]"}
RESULT: {"using":"xpath","value":"//li[.//span[text()= \"Webshop Catalog\"]]"}
COMMAND: POST /session/3080ab49fbb8c4e7eecdf487ecde7ebb/elements - {"using":"xpath","value":"//li[.//span[text()= \"Webshop Catalog\"]]"}
RESULT: {"using":"xpath","value":"//li[.//span[text()= \"Webshop Catalog\"]]"}
COMMAND: POST /session/3080ab49fbb8c4e7eecdf487ecde7ebb/elements - {"using":"xpath","value":"//li[.//span[text()= \"Webshop Catalog\"]]"}
RESULT: {"using":"xpath","value":"//li[.//span[text()= \"Webshop Catalog\"]]"}
COMMAND: POST /session/3080ab49fbb8c4e7eecdf487ecde7ebb/elements - {"using":"xpath","value":"//li[.//span[text()= \"Webshop Catalog\"]]"}
RESULT: {"using":"xpath","value":"//li[.//span[text()= \"Webshop Catalog\"]]"}
COMMAND: POST /session/3080ab49fbb8c4e7eecdf487ecde7ebb/elements - {"using":"xpath","value":"//li[.//span[text()= \"Webshop Catalog\"]]"}
RESULT: {"using":"xpath","value":"//li[.//span[text()= \"Webshop Catalog\"]]"}
COMMAND: POST /session/3080ab49fbb8c4e7eecdf487ecde7ebb/elements - {"using":"xpath","value":"//li[.//span[text()= \"Webshop Catalog\"]]"}
RESULT: {"using":"xpath","value":"//li[.//span[text()= \"Webshop Catalog\"]]"}
COMMAND: POST /session/3080ab49fbb8c4e7eecdf487ecde7ebb/elements - {"using":"xpath","value":"//li[.//span[text()= \"Webshop Catalog\"]]"}
RESULT: {"using":"xpath","value":"//li[.//span[text()= \"Webshop Catalog\"]]"}
COMMAND: POST /session/3080ab49fbb8c4e7eecdf487ecde7ebb/elements - {"using":"xpath","value":"//li[.//span[text()= \"Webshop Catalog\"]]"}
RESULT: {"using":"xpath","value":"//li[.//span[text()= \"Webshop Catalog\"]]"}
COMMAND: POST /session/3080ab49fbb8c4e7eecdf487ecde7ebb/elements - {"using":"xpath","value":"//li[.//span[text()= \"Webshop Catalog\"]]"}
RESULT: {"using":"xpath","value":"//li[.//span[text()= \"Webshop Catalog\"]]"}
COMMAND: POST /session/3080ab49fbb8c4e7eecdf487ecde7ebb/elements - {"using":"xpath","value":"//li[.//span[text()= \"Webshop Catalog\"]]"}
RESULT: {"using":"xpath","value":"//li[.//span[text()= \"Webshop Catalog\"]]"}
COMMAND: POST /session/3080ab49fbb8c4e7eecdf487ecde7ebb/elements - {"using":"xpath","value":"//li[.//span[text()= \"Webshop Catalog\"]]"}
RESULT: {"using":"xpath","value":"//li[.//span[text()= \"Webshop Catalog\"]]"}
COMMAND: POST /session/3080ab49fbb8c4e7eecdf487ecde7ebb/elements - {"using":"xpath","value":"//li[.//span[text()= \"Webshop Catalog\"]]"}
RESULT: {"using":"xpath","value":"//li[.//span[text()= \"Webshop Catalog\"]]"}
COMMAND: POST /session/3080ab49fbb8c4e7eecdf487ecde7ebb/elements - {"using":"xpath","value":"//li[.//span[text()= \"Webshop Catalog\"]]"}
RESULT: {"using":"xpath","value":"//li[.//span[text()= \"Webshop Catalog\"]]"}
COMMAND: POST /session/3080ab49fbb8c4e7eecdf487ecde7ebb/elements - {"using":"xpath","value":"//li[.//span[text()= \"Webshop Catalog\"]]"}
RESULT: {"using":"xpath","value":"//li[.//span[text()= \"Webshop Catalog\"]]"}
COMMAND: POST /session/3080ab49fbb8c4e7eecdf487ecde7ebb/elements - {"using":"xpath","value":"//li[.//span[text()= \"Webshop Catalog\"]]"}
RESULT: {"using":"xpath","value":"//li[.//span[text()= \"Webshop Catalog\"]]"}
COMMAND: POST /session/3080ab49fbb8c4e7eecdf487ecde7ebb/elements - {"using":"xpath","value":"//li[.//span[text()= \"Webshop Catalog\"]]"}
RESULT: {"using":"xpath","value":"//li[.//span[text()= \"Webshop Catalog\"]]"}
COMMAND: POST /session/3080ab49fbb8c4e7eecdf487ecde7ebb/elements - {"using":"xpath","value":"//li[.//span[text()= \"Webshop Catalog\"]]"}
RESULT: {"using":"xpath","value":"//li[.//span[text()= \"Webshop Catalog\"]]"}
COMMAND: POST /session/3080ab49fbb8c4e7eecdf487ecde7ebb/elements - {"using":"xpath","value":"//li[.//span[text()= \"Webshop Catalog\"]]"}
RESULT: {"using":"xpath","value":"//li[.//span[text()= \"Webshop Catalog\"]]"}
COMMAND: POST /session/3080ab49fbb8c4e7eecdf487ecde7ebb/elements - {"using":"xpath","value":"//li[.//span[text()= \"Webshop Catalog\"]]"}
RESULT: {"using":"xpath","value":"//li[.//span[text()= \"Webshop Catalog\"]]"}
COMMAND: POST /session/3080ab49fbb8c4e7eecdf487ecde7ebb/elements - {"using":"xpath","value":"//li[.//span[text()= \"Webshop Catalog\"]]"}
RESULT: {"using":"xpath","value":"//li[.//span[text()= \"Webshop Catalog\"]]"}
COMMAND: POST /session/3080ab49fbb8c4e7eecdf487ecde7ebb/elements - {"using":"xpath","value":"//li[.//span[text()= \"Webshop Catalog\"]]"}
RESULT: {"using":"xpath","value":"//li[.//span[text()= \"Webshop Catalog\"]]"}
COMMAND: POST /session/3080ab49fbb8c4e7eecdf487ecde7ebb/elements - {"using":"xpath","value":"//li[.//span[text()= \"Webshop Catalog\"]]"}
RESULT: {"using":"xpath","value":"//li[.//span[text()= \"Webshop Catalog\"]]"}
COMMAND: POST /session/3080ab49fbb8c4e7eecdf487ecde7ebb/elements - {"using":"xpath","value":"//li[.//span[text()= \"Webshop Catalog\"]]"}
RESULT: {"using":"xpath","value":"//li[.//span[text()= \"Webshop Catalog\"]]"}
COMMAND: POST /session/3080ab49fbb8c4e7eecdf487ecde7ebb/elements - {"using":"xpath","value":"//li[.//span[text()= \"Webshop Catalog\"]]"}
RESULT: {"using":"xpath","value":"//li[.//span[text()= \"Webshop Catalog\"]]"}
COMMAND: POST /session/3080ab49fbb8c4e7eecdf487ecde7ebb/elements - {"using":"xpath","value":"//li[.//span[text()= \"Webshop Catalog\"]]"}
RESULT: {"using":"xpath","value":"//li[.//span[text()= \"Webshop Catalog\"]]"}
COMMAND: POST /session/3080ab49fbb8c4e7eecdf487ecde7ebb/elements - {"using":"xpath","value":"//li[.//span[text()= \"Webshop Catalog\"]]"}
RESULT: {"using":"xpath","value":"//li[.//span[text()= \"Webshop Catalog\"]]"}
COMMAND: POST /session/3080ab49fbb8c4e7eecdf487ecde7ebb/elements - {"using":"xpath","value":"//li[.//span[text()= \"Webshop Catalog\"]]"}
RESULT: {"using":"xpath","value":"//li[.//span[text()= \"Webshop Catalog\"]]"}
COMMAND: POST /session/3080ab49fbb8c4e7eecdf487ecde7ebb/elements - {"using":"xpath","value":"//li[.//span[text()= \"Webshop Catalog\"]]"}
RESULT: {"using":"xpath","value":"//li[.//span[text()= \"Webshop Catalog\"]]"}
COMMAND: POST /session/3080ab49fbb8c4e7eecdf487ecde7ebb/elements - {"using":"xpath","value":"//li[.//span[text()= \"Webshop Catalog\"]]"}
RESULT: {"using":"xpath","value":"//li[.//span[text()= \"Webshop Catalog\"]]"}
COMMAND: POST /session/3080ab49fbb8c4e7eecdf487ecde7ebb/elements - {"using":"xpath","value":"//li[.//span[text()= \"Webshop Catalog\"]]"}
RESULT: {"using":"xpath","value":"//li[.//span[text()= \"Webshop Catalog\"]]"}
COMMAND: POST /session/3080ab49fbb8c4e7eecdf487ecde7ebb/elements - {"using":"xpath","value":"//li[.//span[text()= \"Webshop Catalog\"]]"}
RESULT: {"using":"xpath","value":"//li[.//span[text()= \"Webshop Catalog\"]]"}
COMMAND: POST /session/3080ab49fbb8c4e7eecdf487ecde7ebb/elements - {"using":"xpath","value":"//li[.//span[text()= \"Webshop Catalog\"]]"}
RESULT: {"using":"xpath","value":"//li[.//span[text()= \"Webshop Catalog\"]]"}
COMMAND: POST /session/3080ab49fbb8c4e7eecdf487ecde7ebb/elements - {"using":"xpath","value":"//li[.//span[text()= \"Webshop Catalog\"]]"}
RESULT: {"using":"xpath","value":"//li[.//span[text()= \"Webshop Catalog\"]]"}
COMMAND: POST /session/3080ab49fbb8c4e7eecdf487ecde7ebb/elements - {"using":"xpath","value":"//li[.//span[text()= \"Webshop Catalog\"]]"}
RESULT: {"using":"xpath","value":"//li[.//span[text()= \"Webshop Catalog\"]]"}
COMMAND: POST /session/3080ab49fbb8c4e7eecdf487ecde7ebb/elements - {"using":"xpath","value":"//li[.//span[text()= \"Webshop Catalog\"]]"}
RESULT: {"using":"xpath","value":"//li[.//span[text()= \"Webshop Catalog\"]]"}
COMMAND: POST /session/3080ab49fbb8c4e7eecdf487ecde7ebb/elements - {"using":"xpath","value":"//li[.//span[text()= \"Webshop Catalog\"]]"}
RESULT: {"using":"xpath","value":"//li[.//span[text()= \"Webshop Catalog\"]]"}
COMMAND: POST /session/3080ab49fbb8c4e7eecdf487ecde7ebb/elements - {"using":"xpath","value":"//li[.//span[text()= \"Webshop Catalog\"]]"}
RESULT: {"using":"xpath","value":"//li[.//span[text()= \"Webshop Catalog\"]]"}
COMMAND: POST /session/3080ab49fbb8c4e7eecdf487ecde7ebb/elements - {"using":"xpath","value":"//li[.//span[text()= \"Webshop Catalog\"]]"}
RESULT: {"using":"xpath","value":"//li[.//span[text()= \"Webshop Catalog\"]]"}
COMMAND: POST /session/3080ab49fbb8c4e7eecdf487ecde7ebb/elements - {"using":"xpath","value":"//li[.//span[text()= \"Webshop Catalog\"]]"}
RESULT: {"using":"xpath","value":"//li[.//span[text()= \"Webshop Catalog\"]]"}
COMMAND: POST /session/3080ab49fbb8c4e7eecdf487ecde7ebb/elements - {"using":"xpath","value":"//li[.//span[text()= \"Webshop Catalog\"]]"}
RESULT: {"using":"xpath","value":"//li[.//span[text()= \"Webshop Catalog\"]]"}
COMMAND: POST /session/3080ab49fbb8c4e7eecdf487ecde7ebb/elements - {"using":"xpath","value":"//li[.//span[text()= \"Webshop Catalog\"]]"}
RESULT: {"using":"xpath","value":"//li[.//span[text()= \"Webshop Catalog\"]]"}
COMMAND: POST /session/3080ab49fbb8c4e7eecdf487ecde7ebb/elements - {"using":"xpath","value":"//li[.//span[text()= \"Webshop Catalog\"]]"}
RESULT: {"using":"xpath","value":"//li[.//span[text()= \"Webshop Catalog\"]]"}
COMMAND: POST /session/3080ab49fbb8c4e7eecdf487ecde7ebb/elements - {"using":"xpath","value":"//li[.//span[text()= \"Webshop Catalog\"]]"}
RESULT: {"using":"xpath","value":"//li[.//span[text()= \"Webshop Catalog\"]]"}
COMMAND: POST /session/3080ab49fbb8c4e7eecdf487ecde7ebb/elements - {"using":"xpath","value":"//li[.//span[text()= \"Webshop Catalog\"]]"}
RESULT: {"using":"xpath","value":"//li[.//span[text()= \"Webshop Catalog\"]]"}
COMMAND: POST /session/3080ab49fbb8c4e7eecdf487ecde7ebb/elements - {"using":"xpath","value":"//li[.//span[text()= \"Webshop Catalog\"]]"}
RESULT: {"using":"xpath","value":"//li[.//span[text()= \"Webshop Catalog\"]]"}
COMMAND: POST /session/3080ab49fbb8c4e7eecdf487ecde7ebb/elements - {"using":"xpath","value":"//li[.//span[text()= \"Webshop Catalog\"]]"}
RESULT: {"using":"xpath","value":"//li[.//span[text()= \"Webshop Catalog\"]]"}
COMMAND: POST /session/3080ab49fbb8c4e7eecdf487ecde7ebb/elements - {"using":"xpath","value":"//li[.//span[text()= \"Webshop Catalog\"]]"}
RESULT: {"using":"xpath","value":"//li[.//span[text()= \"Webshop Catalog\"]]"}
COMMAND: POST /session/3080ab49fbb8c4e7eecdf487ecde7ebb/elements - {"using":"xpath","value":"//li[.//span[text()= \"Webshop Catalog\"]]"}
RESULT: {"using":"xpath","value":"//li[.//span[text()= \"Webshop Catalog\"]]"}
COMMAND: POST /session/3080ab49fbb8c4e7eecdf487ecde7ebb/elements - {"using":"xpath","value":"//li[.//span[text()= \"Webshop Catalog\"]]"}
RESULT: {"using":"xpath","value":"//li[.//span[text()= \"Webshop Catalog\"]]"}
COMMAND: POST /session/3080ab49fbb8c4e7eecdf487ecde7ebb/elements - {"using":"xpath","value":"//li[.//span[text()= \"Webshop Catalog\"]]"}
RESULT: {"using":"xpath","value":"//li[.//span[text()= \"Webshop Catalog\"]]"}
COMMAND: POST /session/3080ab49fbb8c4e7eecdf487ecde7ebb/elements - {"using":"xpath","value":"//li[.//span[text()= \"Webshop Catalog\"]]"}
RESULT: {"using":"xpath","value":"//li[.//span[text()= \"Webshop Catalog\"]]"}
COMMAND: POST /session/3080ab49fbb8c4e7eecdf487ecde7ebb/elements - {"using":"xpath","value":"//li[.//span[text()= \"Webshop Catalog\"]]"}
RESULT: {"using":"xpath","value":"//li[.//span[text()= \"Webshop Catalog\"]]"}
COMMAND: POST /session/3080ab49fbb8c4e7eecdf487ecde7ebb/elements - {"using":"xpath","value":"//li[.//span[text()= \"Webshop Catalog\"]]"}
RESULT: {"using":"xpath","value":"//li[.//span[text()= \"Webshop Catalog\"]]"}
COMMAND: POST /session/3080ab49fbb8c4e7eecdf487ecde7ebb/elements - {"using":"xpath","value":"//li[.//span[text()= \"Webshop Catalog\"]]"}
RESULT: {"using":"xpath","value":"//li[.//span[text()= \"Webshop Catalog\"]]"}
COMMAND: POST /session/3080ab49fbb8c4e7eecdf487ecde7ebb/elements - {"using":"xpath","value":"//li[.//span[text()= \"Webshop Catalog\"]]"}
RESULT: {"using":"xpath","value":"//li[.//span[text()= \"Webshop Catalog\"]]"}
COMMAND: POST /session/3080ab49fbb8c4e7eecdf487ecde7ebb/elements - {"using":"xpath","value":"//li[.//span[text()= \"Webshop Catalog\"]]"}
RESULT: {"using":"xpath","value":"//li[.//span[text()= \"Webshop Catalog\"]]"}
COMMAND: POST /session/3080ab49fbb8c4e7eecdf487ecde7ebb/elements - {"using":"xpath","value":"//li[.//span[text()= \"Webshop Catalog\"]]"}
RESULT: {"using":"xpath","value":"//li[.//span[text()= \"Webshop Catalog\"]]"}
COMMAND: POST /session/3080ab49fbb8c4e7eecdf487ecde7ebb/elements - {"using":"xpath","value":"//li[.//span[text()= \"Webshop Catalog\"]]"}
RESULT: {"using":"xpath","value":"//li[.//span[text()= \"Webshop Catalog\"]]"}
COMMAND: POST /session/3080ab49fbb8c4e7eecdf487ecde7ebb/elements - {"using":"xpath","value":"//li[.//span[text()= \"Webshop Catalog\"]]"}
RESULT: {"using":"xpath","value":"//li[.//span[text()= \"Webshop Catalog\"]]"}
COMMAND: POST /session/3080ab49fbb8c4e7eecdf487ecde7ebb/elements - {"using":"xpath","value":"//li[.//span[text()= \"Webshop Catalog\"]]"}
RESULT: {"using":"xpath","value":"//li[.//span[text()= \"Webshop Catalog\"]]"}
COMMAND: POST /session/3080ab49fbb8c4e7eecdf487ecde7ebb/elements - {"using":"xpath","value":"//li[.//span[text()= \"Webshop Catalog\"]]"}
RESULT: {"using":"xpath","value":"//li[.//span[text()= \"Webshop Catalog\"]]"}
COMMAND: POST /session/3080ab49fbb8c4e7eecdf487ecde7ebb/elements - {"using":"xpath","value":"//li[.//span[text()= \"Webshop Catalog\"]]"}
RESULT: {"using":"xpath","value":"//li[.//span[text()= \"Webshop Catalog\"]]"}
COMMAND: POST /session/3080ab49fbb8c4e7eecdf487ecde7ebb/elements - {"using":"xpath","value":"//li[.//span[text()= \"Webshop Catalog\"]]"}
RESULT: {"using":"xpath","value":"//li[.//span[text()= \"Webshop Catalog\"]]"}
COMMAND: POST /session/3080ab49fbb8c4e7eecdf487ecde7ebb/elements - {"using":"xpath","value":"//li[.//span[text()= \"Webshop Catalog\"]]"}
RESULT: {"using":"xpath","value":"//li[.//span[text()= \"Webshop Catalog\"]]"}
COMMAND: POST /session/3080ab49fbb8c4e7eecdf487ecde7ebb/elements - {"using":"xpath","value":"//li[.//span[text()= \"Webshop Catalog\"]]"}
RESULT: {"using":"xpath","value":"//li[.//span[text()= \"Webshop Catalog\"]]"}
COMMAND: POST /session/3080ab49fbb8c4e7eecdf487ecde7ebb/elements - {"using":"xpath","value":"//li[.//span[text()= \"Webshop Catalog\"]]"}
RESULT: {"using":"xpath","value":"//li[.//span[text()= \"Webshop Catalog\"]]"}
COMMAND: POST /session/3080ab49fbb8c4e7eecdf487ecde7ebb/elements - {"using":"xpath","value":"//li[.//span[text()= \"Webshop Catalog\"]]"}
RESULT: {"using":"xpath","value":"//li[.//span[text()= \"Webshop Catalog\"]]"}
COMMAND: POST /session/3080ab49fbb8c4e7eecdf487ecde7ebb/elements - {"using":"xpath","value":"//li[.//span[text()= \"Webshop Catalog\"]]"}
RESULT: {"using":"xpath","value":"//li[.//span[text()= \"Webshop Catalog\"]]"}
COMMAND: POST /session/3080ab49fbb8c4e7eecdf487ecde7ebb/elements - {"using":"xpath","value":"//li[.//span[text()= \"Webshop Catalog\"]]"}
RESULT: {"using":"xpath","value":"//li[.//span[text()= \"Webshop Catalog\"]]"}
COMMAND: POST /session/3080ab49fbb8c4e7eecdf487ecde7ebb/elements - {"using":"xpath","value":"//li[.//span[text()= \"Webshop Catalog\"]]"}
RESULT: {"using":"xpath","value":"//li[.//span[text()= \"Webshop Catalog\"]]"}
COMMAND: POST /session/3080ab49fbb8c4e7eecdf487ecde7ebb/elements - {"using":"xpath","value":"//li[.//span[text()= \"Webshop Catalog\"]]"}
RESULT: {"using":"xpath","value":"//li[.//span[text()= \"Webshop Catalog\"]]"}
COMMAND: POST /session/3080ab49fbb8c4e7eecdf487ecde7ebb/elements - {"using":"xpath","value":"//li[.//span[text()= \"Webshop Catalog\"]]"}
RESULT: {"using":"xpath","value":"//li[.//span[text()= \"Webshop Catalog\"]]"}
COMMAND: POST /session/3080ab49fbb8c4e7eecdf487ecde7ebb/elements - {"using":"xpath","value":"//li[.//span[text()= \"Webshop Catalog\"]]"}
RESULT: {"using":"xpath","value":"//li[.//span[text()= \"Webshop Catalog\"]]"}
COMMAND: POST /session/3080ab49fbb8c4e7eecdf487ecde7ebb/elements - {"using":"xpath","value":"//li[.//span[text()= \"Webshop Catalog\"]]"}
RESULT: {"using":"xpath","value":"//li[.//span[text()= \"Webshop Catalog\"]]"}
COMMAND: POST /session/3080ab49fbb8c4e7eecdf487ecde7ebb/elements - {"using":"xpath","value":"//li[.//span[text()= \"Webshop Catalog\"]]"}
RESULT: {"using":"xpath","value":"//li[.//span[text()= \"Webshop Catalog\"]]"}
COMMAND: POST /session/3080ab49fbb8c4e7eecdf487ecde7ebb/elements - {"using":"xpath","value":"//li[.//span[text()= \"Webshop Catalog\"]]"}
RESULT: {"using":"xpath","value":"//li[.//span[text()= \"Webshop Catalog\"]]"}
COMMAND: POST /session/3080ab49fbb8c4e7eecdf487ecde7ebb/elements - {"using":"xpath","value":"//li[.//span[text()= \"Webshop Catalog\"]]"}
RESULT: {"using":"xpath","value":"//li[.//span[text()= \"Webshop Catalog\"]]"}
COMMAND: POST /session/3080ab49fbb8c4e7eecdf487ecde7ebb/elements - {"using":"xpath","value":"//li[.//span[text()= \"Webshop Catalog\"]]"}
RESULT: {"using":"xpath","value":"//li[.//span[text()= \"Webshop Catalog\"]]"}
COMMAND: POST /session/3080ab49fbb8c4e7eecdf487ecde7ebb/elements - {"using":"xpath","value":"//li[.//span[text()= \"Webshop Catalog\"]]"}
RESULT: {"using":"xpath","value":"//li[.//span[text()= \"Webshop Catalog\"]]"}
COMMAND: POST /session/3080ab49fbb8c4e7eecdf487ecde7ebb/elements - {"using":"xpath","value":"//li[.//span[text()= \"Webshop Catalog\"]]"}
RESULT: {"using":"xpath","value":"//li[.//span[text()= \"Webshop Catalog\"]]"}
COMMAND: POST /session/3080ab49fbb8c4e7eecdf487ecde7ebb/elements - {"using":"xpath","value":"//li[.//span[text()= \"Webshop Catalog\"]]"}
RESULT: {"using":"xpath","value":"//li[.//span[text()= \"Webshop Catalog\"]]"}
COMMAND: POST /session/3080ab49fbb8c4e7eecdf487ecde7ebb/elements - {"using":"xpath","value":"//li[.//span[text()= \"Webshop Catalog\"]]"}
RESULT: {"using":"xpath","value":"//li[.//span[text()= \"Webshop Catalog\"]]"}
COMMAND: POST /session/3080ab49fbb8c4e7eecdf487ecde7ebb/elements - {"using":"xpath","value":"//li[.//span[text()= \"Webshop Catalog\"]]"}
RESULT: {"using":"xpath","value":"//li[.//span[text()= \"Webshop Catalog\"]]"}
COMMAND: POST /session/3080ab49fbb8c4e7eecdf487ecde7ebb/elements - {"using":"xpath","value":"//li[.//span[text()= \"Webshop Catalog\"]]"}
RESULT: {"using":"xpath","value":"//li[.//span[text()= \"Webshop Catalog\"]]"}
COMMAND: POST /session/3080ab49fbb8c4e7eecdf487ecde7ebb/elements - {"using":"xpath","value":"//li[.//span[text()= \"Webshop Catalog\"]]"}
RESULT: {"using":"xpath","value":"//li[.//span[text()= \"Webshop Catalog\"]]"}
COMMAND: POST /session/3080ab49fbb8c4e7eecdf487ecde7ebb/elements - {"using":"xpath","value":"//li[.//span[text()= \"Webshop Catalog\"]]"}
RESULT: {"using":"xpath","value":"//li[.//span[text()= \"Webshop Catalog\"]]"}
COMMAND: POST /session/3080ab49fbb8c4e7eecdf487ecde7ebb/elements - {"using":"xpath","value":"//li[.//span[text()= \"Webshop Catalog\"]]"}
RESULT: {"using":"xpath","value":"//li[.//span[text()= \"Webshop Catalog\"]]"}
COMMAND: POST /session/3080ab49fbb8c4e7eecdf487ecde7ebb/elements - {"using":"xpath","value":"//li[.//span[text()= \"Webshop Catalog\"]]"}
RESULT: {"using":"xpath","value":"//li[.//span[text()= \"Webshop Catalog\"]]"}
COMMAND: POST /session/3080ab49fbb8c4e7eecdf487ecde7ebb/elements - {"using":"xpath","value":"//li[.//span[text()= \"Webshop Catalog\"]]"}
RESULT: {"using":"xpath","value":"//li[.//span[text()= \"Webshop Catalog\"]]"}
COMMAND: POST /session/3080ab49fbb8c4e7eecdf487ecde7ebb/elements - {"using":"xpath","value":"//li[.//span[text()= \"Webshop Catalog\"]]"}
RESULT: {"using":"xpath","value":"//li[.//span[text()= \"Webshop Catalog\"]]"}
COMMAND: POST /session/3080ab49fbb8c4e7eecdf487ecde7ebb/elements - {"using":"xpath","value":"//li[.//span[text()= \"Webshop Catalog\"]]"}
RESULT: {"using":"xpath","value":"//li[.//span[text()= \"Webshop Catalog\"]]"}
COMMAND: POST /session/3080ab49fbb8c4e7eecdf487ecde7ebb/elements - {"using":"xpath","value":"//li[.//span[text()= \"Webshop Catalog\"]]"}
RESULT: {"using":"xpath","value":"//li[.//span[text()= \"Webshop Catalog\"]]"}
COMMAND: POST /session/3080ab49fbb8c4e7eecdf487ecde7ebb/elements - {"using":"xpath","value":"//li[.//span[text()= \"Webshop Catalog\"]]"}
RESULT: {"using":"xpath","value":"//li[.//span[text()= \"Webshop Catalog\"]]"}
COMMAND: POST /session/3080ab49fbb8c4e7eecdf487ecde7ebb/elements - {"using":"xpath","value":"//li[.//span[text()= \"Webshop Catalog\"]]"}
RESULT: {"using":"xpath","value":"//li[.//span[text()= \"Webshop Catalog\"]]"}
COMMAND: POST /session/3080ab49fbb8c4e7eecdf487ecde7ebb/elements - {"using":"xpath","value":"//li[.//span[text()= \"Webshop Catalog\"]]"}
RESULT: {"using":"xpath","value":"//li[.//span[text()= \"Webshop Catalog\"]]"}
COMMAND: POST /session/3080ab49fbb8c4e7eecdf487ecde7ebb/elements - {"using":"xpath","value":"//li[.//span[text()= \"Webshop Catalog\"]]"}
RESULT: {"using":"xpath","value":"//li[.//span[text()= \"Webshop Catalog\"]]"}
COMMAND: POST /session/3080ab49fbb8c4e7eecdf487ecde7ebb/elements - {"using":"xpath","value":"//li[.//span[text()= \"Webshop Catalog\"]]"}
RESULT: {"using":"xpath","value":"//li[.//span[text()= \"Webshop Catalog\"]]"}
COMMAND: POST /session/3080ab49fbb8c4e7eecdf487ecde7ebb/elements - {"using":"xpath","value":"//li[.//span[text()= \"Webshop Catalog\"]]"}
RESULT: {"using":"xpath","value":"//li[.//span[text()= \"Webshop Catalog\"]]"}
COMMAND: GET /session/3080ab49fbb8c4e7eecdf487ecde7ebb/screenshot - {}
RESULT: {}
COMMAND: POST /session/3080ab49fbb8c4e7eecdf487ecde7ebb/refresh - {}
COMMAND: GET /session/3080ab49fbb8c4e7eecdf487ecde7ebb/screenshot - {}
COMMAND: GET /session/3080ab49fbb8c4e7eecdf487ecde7ebb/screenshot - {}
RESULT: {}
COMMAND: GET /session/3080ab49fbb8c4e7eecdf487ecde7ebb/screenshot - {}
RESULT: {}
RESULT: {}
RESULT: {}
COMMAND: POST /session/3080ab49fbb8c4e7eecdf487ecde7ebb/refresh - {}
RESULT: {}
COMMAND: GET /session/3080ab49fbb8c4e7eecdf487ecde7ebb/screenshot - {}
RESULT: {}
COMMAND: POST /session/3080ab49fbb8c4e7eecdf487ecde7ebb/window/fullscreen - {}
RESULT: {}
COMMAND: POST /session/3080ab49fbb8c4e7eecdf487ecde7ebb/execute/async - {"script":"<script> [189 bytes]","args":[]}
RESULT: {"script":"<script> [189 bytes]","args":[]}
COMMAND: POST /session/3080ab49fbb8c4e7eecdf487ecde7ebb/execute/async - {"script":"<script> [123 bytes]","args":[]}
RESULT: {"script":"<script> [123 bytes]","args":[]}
COMMAND: POST /session/3080ab49fbb8c4e7eecdf487ecde7ebb/timeouts - {"script":"<number>"}
RESULT: {"script":"<number>"}
COMMAND: GET /session/3080ab49fbb8c4e7eecdf487ecde7ebb/timeouts - {}
RESULT: {}
RESULT: undefined
COMMAND: POST /session/3080ab49fbb8c4e7eecdf487ecde7ebb/execute/async - {"script":"<script> [2676 bytes]","args":[]}
RESULT: {"script":"<script> [2676 bytes]","args":[]}
COMMAND: POST /session/3080ab49fbb8c4e7eecdf487ecde7ebb/execute/async - {"script":"<script> [2342 bytes]","args":[{"protocol":"http","hostname":"0.0.0.0","path":"/","capabilities":{"browserName":"chrome","goog:chromeOptions":{"binary":"C:\\Program Files\\Google\\Chrome\\Application\\chrome.exe","args":["--start-maximized"]}},"logLevel":"warn","connectionRetryTimeout":120000,"connectionRetryCount":3,"logLevels":{},"enableDirectConnect":true,"strictSSL":true,"_":"65 more keys: [\"cacheDir\",\"port\",\"requestedCapabilities\",\"automationProtocol\",\"baseUrl\",\"waitforInterval\",\"waitforTimeout\",\"onReload\",\"beforeCommand\",\"afterCommand\",\"rootDir\",\"specs\",\"suites\",\"exclude\",\"groupLogsByTestSpec\",\"excludeDriverLogs\",\"bail\",\"framework\",\"reporters\",\"services\",\"maxInstances\",\"maxInstancesPerCapability\",\"injectGlobals\",\"filesToWatch\",\"execArgv\",\"runnerEnv\",\"runner\",\"shard\",\"specFileRetries\",\"specFileRetriesDelay\",\"specFileRetriesDeferred\",\"reporterSyncInterval\",\"reporterSyncTimeout\",\"cucumberFeaturesWithLineNumbers\",\"autoCompileOpts\",\"mochaOpts\",\"jasmineOpts\",\"cucumberOpts\",\"onPrepare\",\"onWorkerStart\",\"onWorkerEnd\",\"before\",\"beforeSession\",\"beforeSuite\",\"beforeHook\",\"beforeTest\",\"afterTest\",\"afterHook\",\"afterSuite\",\"afterSession\",\"after\",\"onComplete\",\"beforeAssertion\",\"afterAssertion\",\"beforeFeature\",\"beforeScenario\",\"beforeStep\",\"afterStep\",\"afterScenario\",\"afterFeature\",\"_\",\"suite\",\"$0\",\"ignoredWorkerServices\",\"wdi5\"]"}]}
RESULT: {"script":"<script> [2342 bytes]","args":[{"protocol":"http","hostname":"0.0.0.0","path":"/","capabilities":{"browserName":"chrome","goog:chromeOptions":{"binary":"C:\\Program Files\\Google\\Chrome\\Application\\chrome.exe","args":["--start-maximized"]}},"logLevel":"warn","connectionRetryTimeout":120000,"connectionRetryCount":3,"logLevels":{},"enableDirectConnect":true,"strictSSL":true,"_":"65 more keys: [\"cacheDir\",\"port\",\"requestedCapabilities\",\"automationProtocol\",\"baseUrl\",\"waitforInterval\",\"waitforTimeout\",\"onReload\",\"beforeCommand\",\"afterCommand\",\"rootDir\",\"specs\",\"suites\",\"exclude\",\"groupLogsByTestSpec\",\"excludeDriverLogs\",\"bail\",\"framework\",\"reporters\",\"services\",\"maxInstances\",\"maxInstancesPerCapability\",\"injectGlobals\",\"filesToWatch\",\"execArgv\",\"runnerEnv\",\"runner\",\"shard\",\"specFileRetries\",\"specFileRetriesDelay\",\"specFileRetriesDeferred\",\"reporterSyncInterval\",\"reporterSyncTimeout\",\"cucumberFeaturesWithLineNumbers\",\"autoCompileOpts\",\"mochaOpts\",\"jasmineOpts\",\"cucumberOpts\",\"onPrepare\",\"onWorkerStart\",\"onWorkerEnd\",\"before\",\"beforeSession\",\"beforeSuite\",\"beforeHook\",\"beforeTest\",\"afterTest\",\"afterHook\",\"afterSuite\",\"afterSession\",\"after\",\"onComplete\",\"beforeAssertion\",\"afterAssertion\",\"beforeFeature\",\"beforeScenario\",\"beforeStep\",\"afterStep\",\"afterScenario\",\"afterFeature\",\"_\",\"suite\",\"$0\",\"ignoredWorkerServices\",\"wdi5\"]"}]}
COMMAND: POST /session/3080ab49fbb8c4e7eecdf487ecde7ebb/execute/async - {"script":"<script> [21126 bytes]","args":[35000]}
RESULT: {"script":"<script> [21126 bytes]","args":[35000]}
COMMAND: POST /session/3080ab49fbb8c4e7eecdf487ecde7ebb/element - {"using":"css selector","value":"#shell-header-logo"}
RESULT: {"using":"css selector","value":"#shell-header-logo"}
COMMAND: POST /session/3080ab49fbb8c4e7eecdf487ecde7ebb/element/f.73CD6E590336CA8913C659C97A11067A.d.D421616B8E925A0FCCC195C6E1D1F049.e.4038/click - {}
RESULT: {}
COMMAND: GET /session/3080ab49fbb8c4e7eecdf487ecde7ebb/screenshot - {}
RESULT: {}
COMMAND: POST /session/3080ab49fbb8c4e7eecdf487ecde7ebb/execute/async - {"script":"<script> [1562 bytes]","args":[{"selector":{"controlType":"sap.m.GenericTile","properties":{"header":"Manage Sites"}},"wdio_ui5_key":"sapm.GenericTile{\"header\":\"Manage Sites\"}"}]}
RESULT: {"script":"<script> [1562 bytes]","args":[{"selector":{"controlType":"sap.m.GenericTile","properties":{"header":"Manage Sites"}},"wdio_ui5_key":"sapm.GenericTile{\"header\":\"Manage Sites\"}"}]}
RESULT: undefined
COMMAND: POST /session/3080ab49fbb8c4e7eecdf487ecde7ebb/element - {"using":"xpath","value":"//*[@id=\"__tile51\"]"}
RESULT: {"using":"xpath","value":"//*[@id=\"__tile51\"]"}
COMMAND: POST /session/3080ab49fbb8c4e7eecdf487ecde7ebb/element/f.73CD6E590336CA8913C659C97A11067A.d.D421616B8E925A0FCCC195C6E1D1F049.e.4283/click - {}
RESULT: {}
COMMAND: GET /session/3080ab49fbb8c4e7eecdf487ecde7ebb/screenshot - {}
RESULT: {}
COMMAND: POST /session/3080ab49fbb8c4e7eecdf487ecde7ebb/elements - {"using":"xpath","value":"//span[text()='Error']"}
RESULT: {"using":"xpath","value":"//span[text()='Error']"}
]]></system-out>
      <system-err><![CDATA[
Error: Can't call click on element with selector "//li[.//span[text()= "Webshop Catalog"]]" because element wasn't found
    at async UtilsPrerequisites.partnerCreation (D:\a\1\s\test\specs\BTS\prerequisites-and-utils-functions.js:518:13)
    at async Context.<anonymous> (D:\a\1\s\test\specs\BTS\create-partner.spec.js:43:47)
]]></system-err>
    </testcase>
  </testsuite>
  <testsuite timestamp="2025-05-29T15:29:45" time="189.67" tests="2" failures="0" errors="0" skipped="0">
    <properties>
      <property name="specId" value="0"/>
      <property name="suiteName" value="Create 2 sites US118246"/>
      <property name="capabilities" value="chrome.136_0_7103_93.windows"/>
      <property name="file" value="file:///D:/a/1/s/test/specs/R2C/create-site.spec.js"/>
    </properties>
    <testcase classname="chrome.136_0_7103_93.windows.Create_2_sites_US118246" name="Should create new site" time="71.59">
      <system-out><![CDATA[
COMMAND: POST /session/3080ab49fbb8c4e7eecdf487ecde7ebb/execute/async - {"script":"<script> [1562 bytes]","args":[{"selector":{"controlType":"sap.m.Title","viewName":"etm.portal.ui.managesites.view.Master","viewId":"application-managesites-display-component---masterSite","i18NText":{"propertyName":"text","key":"sites"}},"wdio_ui5_key":"etmportal.ui.managesites.view.Mastersap.m.Title{\"propertyName\":\"text\",\"key\":\"sites\"}"}]}
RESULT: {"script":"<script> [1562 bytes]","args":[{"selector":{"controlType":"sap.m.Title","viewName":"etm.portal.ui.managesites.view.Master","viewId":"application-managesites-display-component---masterSite","i18NText":{"propertyName":"text","key":"sites"}},"wdio_ui5_key":"etmportal.ui.managesites.view.Mastersap.m.Title{\"propertyName\":\"text\",\"key\":\"sites\"}"}]}
RESULT: undefined
COMMAND: POST /session/3080ab49fbb8c4e7eecdf487ecde7ebb/execute/async - {"script":"<script> [6424 bytes]","args":[{"element-6066-11e4-a52e-4f735466cecf":"f.73CD6E590336CA8913C659C97A11067A.d.D421616B8E925A0FCCC195C6E1D1F049.e.4701"},"getText",[]]}
RESULT: {"script":"<script> [6424 bytes]","args":[{"element-6066-11e4-a52e-4f735466cecf":"f.73CD6E590336CA8913C659C97A11067A.d.D421616B8E925A0FCCC195C6E1D1F049.e.4701"},"getText",[]]}
COMMAND: POST /session/3080ab49fbb8c4e7eecdf487ecde7ebb/execute/async - {"script":"<script> [1562 bytes]","args":[{"selector":{"controlType":"sap.ui.core.Icon","viewName":"etm.portal.ui.managesites.view.Master","viewId":"application-managesites-display-component---masterSite","properties":{"src":{"regex":{"source":"add"}}}},"wdio_ui5_key":"etmportal.ui.managesites.view.Mastersap.ui.core.Icon{\"src\":{\"regex\":{\"source\":\"add\"}}}"}]}
RESULT: {"script":"<script> [1562 bytes]","args":[{"selector":{"controlType":"sap.ui.core.Icon","viewName":"etm.portal.ui.managesites.view.Master","viewId":"application-managesites-display-component---masterSite","properties":{"src":{"regex":{"source":"add"}}}},"wdio_ui5_key":"etmportal.ui.managesites.view.Mastersap.ui.core.Icon{\"src\":{\"regex\":{\"source\":\"add\"}}}"}]}
RESULT: undefined
COMMAND: POST /session/3080ab49fbb8c4e7eecdf487ecde7ebb/element - {"using":"xpath","value":"//*[@id=\"__button29-img\"]"}
RESULT: {"using":"xpath","value":"//*[@id=\"__button29-img\"]"}
COMMAND: POST /session/3080ab49fbb8c4e7eecdf487ecde7ebb/element/f.73CD6E590336CA8913C659C97A11067A.d.D421616B8E925A0FCCC195C6E1D1F049.e.4330/click - {}
RESULT: {}
COMMAND: POST /session/3080ab49fbb8c4e7eecdf487ecde7ebb/execute/async - {"script":"<script> [1562 bytes]","args":[{"selector":{"id":"application-managesites-display-component---NewSite--siteId","interaction":{"idSuffix":"inner"}},"wdio_ui5_key":"applicationmanagesites-display-component---NewSite--siteId"}]}
COMMAND: GET /session/3080ab49fbb8c4e7eecdf487ecde7ebb/screenshot - {}
RESULT: {"script":"<script> [1562 bytes]","args":[{"selector":{"id":"application-managesites-display-component---NewSite--siteId","interaction":{"idSuffix":"inner"}},"wdio_ui5_key":"applicationmanagesites-display-component---NewSite--siteId"}]}
RESULT: undefined
COMMAND: POST /session/3080ab49fbb8c4e7eecdf487ecde7ebb/execute/async - {"script":"<script> [1562 bytes]","args":[{"selector":{"id":"application-managesites-display-component---NewSite--addressDetailDetailsName1","interaction":{"idSuffix":"inner"}},"wdio_ui5_key":"applicationmanagesites-display-component---NewSite--addressDetailDetailsName1"}]}
RESULT: {}
RESULT: {"script":"<script> [1562 bytes]","args":[{"selector":{"id":"application-managesites-display-component---NewSite--addressDetailDetailsName1","interaction":{"idSuffix":"inner"}},"wdio_ui5_key":"applicationmanagesites-display-component---NewSite--addressDetailDetailsName1"}]}
RESULT: undefined
COMMAND: POST /session/3080ab49fbb8c4e7eecdf487ecde7ebb/execute/async - {"script":"<script> [776 bytes]","args":[{"enterText":"Webdriver Site l0wyd","selector":{"id":"application-managesites-display-component---NewSite--addressDetailDetailsName1","interaction":{"idSuffix":"inner"}},"clearTextFirst":true,"interactionType":"ENTER_TEXT"}]}
RESULT: {"script":"<script> [776 bytes]","args":[{"enterText":"Webdriver Site l0wyd","selector":{"id":"application-managesites-display-component---NewSite--addressDetailDetailsName1","interaction":{"idSuffix":"inner"}},"clearTextFirst":true,"interactionType":"ENTER_TEXT"}]}
COMMAND: POST /session/3080ab49fbb8c4e7eecdf487ecde7ebb/execute/async - {"script":"<script> [1562 bytes]","args":[{"selector":{"id":"application-managesites-display-component---NewSite--addressDetailDetailsLanguage","interaction":{"idSuffix":"inner"}},"wdio_ui5_key":"applicationmanagesites-display-component---NewSite--addressDetailDetailsLanguage"}]}
RESULT: {"script":"<script> [1562 bytes]","args":[{"selector":{"id":"application-managesites-display-component---NewSite--addressDetailDetailsLanguage","interaction":{"idSuffix":"inner"}},"wdio_ui5_key":"applicationmanagesites-display-component---NewSite--addressDetailDetailsLanguage"}]}
RESULT: undefined
COMMAND: POST /session/3080ab49fbb8c4e7eecdf487ecde7ebb/execute/async - {"script":"<script> [776 bytes]","args":[{"enterText":"Romanian","selector":{"id":"application-managesites-display-component---NewSite--addressDetailDetailsLanguage","interaction":{"idSuffix":"inner"}},"clearTextFirst":true,"interactionType":"ENTER_TEXT"}]}
RESULT: {"script":"<script> [776 bytes]","args":[{"enterText":"Romanian","selector":{"id":"application-managesites-display-component---NewSite--addressDetailDetailsLanguage","interaction":{"idSuffix":"inner"}},"clearTextFirst":true,"interactionType":"ENTER_TEXT"}]}
COMMAND: POST /session/3080ab49fbb8c4e7eecdf487ecde7ebb/execute/async - {"script":"<script> [1562 bytes]","args":[{"selector":{"id":"application-managesites-display-component---NewSite--addressDetailDetailsCity1","interaction":{"idSuffix":"inner"}},"wdio_ui5_key":"applicationmanagesites-display-component---NewSite--addressDetailDetailsCity1"}]}
RESULT: {"script":"<script> [1562 bytes]","args":[{"selector":{"id":"application-managesites-display-component---NewSite--addressDetailDetailsCity1","interaction":{"idSuffix":"inner"}},"wdio_ui5_key":"applicationmanagesites-display-component---NewSite--addressDetailDetailsCity1"}]}
RESULT: undefined
COMMAND: POST /session/3080ab49fbb8c4e7eecdf487ecde7ebb/execute/async - {"script":"<script> [776 bytes]","args":[{"enterText":"Bucharest","selector":{"id":"application-managesites-display-component---NewSite--addressDetailDetailsCity1","interaction":{"idSuffix":"inner"}},"clearTextFirst":true,"interactionType":"ENTER_TEXT"}]}
RESULT: {"script":"<script> [776 bytes]","args":[{"enterText":"Bucharest","selector":{"id":"application-managesites-display-component---NewSite--addressDetailDetailsCity1","interaction":{"idSuffix":"inner"}},"clearTextFirst":true,"interactionType":"ENTER_TEXT"}]}
COMMAND: POST /session/3080ab49fbb8c4e7eecdf487ecde7ebb/execute/async - {"script":"<script> [1562 bytes]","args":[{"selector":{"id":"application-managesites-display-component---NewSite--addressDetailDetailsCountry","interaction":{"idSuffix":"inner"}},"wdio_ui5_key":"applicationmanagesites-display-component---NewSite--addressDetailDetailsCountry"}]}
RESULT: {"script":"<script> [1562 bytes]","args":[{"selector":{"id":"application-managesites-display-component---NewSite--addressDetailDetailsCountry","interaction":{"idSuffix":"inner"}},"wdio_ui5_key":"applicationmanagesites-display-component---NewSite--addressDetailDetailsCountry"}]}
RESULT: undefined
COMMAND: POST /session/3080ab49fbb8c4e7eecdf487ecde7ebb/execute/async - {"script":"<script> [776 bytes]","args":[{"enterText":"Romania","selector":{"id":"application-managesites-display-component---NewSite--addressDetailDetailsCountry","interaction":{"idSuffix":"inner"}},"clearTextFirst":true,"interactionType":"ENTER_TEXT"}]}
RESULT: {"script":"<script> [776 bytes]","args":[{"enterText":"Romania","selector":{"id":"application-managesites-display-component---NewSite--addressDetailDetailsCountry","interaction":{"idSuffix":"inner"}},"clearTextFirst":true,"interactionType":"ENTER_TEXT"}]}
COMMAND: POST /session/3080ab49fbb8c4e7eecdf487ecde7ebb/execute/async - {"script":"<script> [1562 bytes]","args":[{"selector":{"id":"application-managesites-display-component---NewSite--addressDetailDetailsCalendar","interaction":{"idSuffix":"inner"}},"wdio_ui5_key":"applicationmanagesites-display-component---NewSite--addressDetailDetailsCalendar"}]}
RESULT: {"script":"<script> [1562 bytes]","args":[{"selector":{"id":"application-managesites-display-component---NewSite--addressDetailDetailsCalendar","interaction":{"idSuffix":"inner"}},"wdio_ui5_key":"applicationmanagesites-display-component---NewSite--addressDetailDetailsCalendar"}]}
RESULT: undefined
COMMAND: POST /session/3080ab49fbb8c4e7eecdf487ecde7ebb/execute/async - {"script":"<script> [776 bytes]","args":[{"enterText":"Germany","selector":{"id":"application-managesites-display-component---NewSite--addressDetailDetailsCalendar","interaction":{"idSuffix":"inner"}},"clearTextFirst":true,"interactionType":"ENTER_TEXT"}]}
RESULT: {"script":"<script> [776 bytes]","args":[{"enterText":"Germany","selector":{"id":"application-managesites-display-component---NewSite--addressDetailDetailsCalendar","interaction":{"idSuffix":"inner"}},"clearTextFirst":true,"interactionType":"ENTER_TEXT"}]}
COMMAND: POST /session/3080ab49fbb8c4e7eecdf487ecde7ebb/execute/async - {"script":"<script> [1562 bytes]","args":[{"selector":{"id":"application-managesites-display-component---NewSite--addressEditDetailsCostObjectCstType-arrow"},"wdio_ui5_key":"applicationmanagesites-display-component---NewSite--addressEditDetailsCostObjectCstType-arrow"}]}
RESULT: {"script":"<script> [1562 bytes]","args":[{"selector":{"id":"application-managesites-display-component---NewSite--addressEditDetailsCostObjectCstType-arrow"},"wdio_ui5_key":"applicationmanagesites-display-component---NewSite--addressEditDetailsCostObjectCstType-arrow"}]}
RESULT: undefined
COMMAND: POST /session/3080ab49fbb8c4e7eecdf487ecde7ebb/element - {"using":"xpath","value":"//*[@id=\"application-managesites-display-component---NewSite--addressEditDetailsCostObjectCstType-arrow\"]"}
RESULT: {"using":"xpath","value":"//*[@id=\"application-managesites-display-component---NewSite--addressEditDetailsCostObjectCstType-arrow\"]"}
COMMAND: POST /session/3080ab49fbb8c4e7eecdf487ecde7ebb/element/f.73CD6E590336CA8913C659C97A11067A.d.D421616B8E925A0FCCC195C6E1D1F049.e.4969/click - {}
RESULT: {}
COMMAND: POST /session/3080ab49fbb8c4e7eecdf487ecde7ebb/element - {"using":"xpath","value":"//span[contains(text(), \"Work Breakdown Structure\")]"}
COMMAND: GET /session/3080ab49fbb8c4e7eecdf487ecde7ebb/screenshot - {}
RESULT: {"using":"xpath","value":"//span[contains(text(), \"Work Breakdown Structure\")]"}
COMMAND: POST /session/3080ab49fbb8c4e7eecdf487ecde7ebb/element/f.73CD6E590336CA8913C659C97A11067A.d.D421616B8E925A0FCCC195C6E1D1F049.e.4971/click - {}
RESULT: {}
RESULT: {}
COMMAND: GET /session/3080ab49fbb8c4e7eecdf487ecde7ebb/screenshot - {}
RESULT: {}
COMMAND: POST /session/3080ab49fbb8c4e7eecdf487ecde7ebb/execute/async - {"script":"<script> [1562 bytes]","args":[{"selector":{"id":"application-managesites-display-component---NewSite--addressNewCostObjectCstID-vhi"},"wdio_ui5_key":"applicationmanagesites-display-component---NewSite--addressNewCostObjectCstID-vhi"}]}
RESULT: {"script":"<script> [1562 bytes]","args":[{"selector":{"id":"application-managesites-display-component---NewSite--addressNewCostObjectCstID-vhi"},"wdio_ui5_key":"applicationmanagesites-display-component---NewSite--addressNewCostObjectCstID-vhi"}]}
RESULT: undefined
COMMAND: POST /session/3080ab49fbb8c4e7eecdf487ecde7ebb/element - {"using":"xpath","value":"//*[@id=\"application-managesites-display-component---NewSite--addressNewCostObjectCstID-vhi\"]"}
RESULT: {"using":"xpath","value":"//*[@id=\"application-managesites-display-component---NewSite--addressNewCostObjectCstID-vhi\"]"}
COMMAND: POST /session/3080ab49fbb8c4e7eecdf487ecde7ebb/element/f.73CD6E590336CA8913C659C97A11067A.d.D421616B8E925A0FCCC195C6E1D1F049.e.4975/click - {}
RESULT: {}
COMMAND: GET /session/3080ab49fbb8c4e7eecdf487ecde7ebb/screenshot - {}
RESULT: {}
COMMAND: POST /session/3080ab49fbb8c4e7eecdf487ecde7ebb/execute/async - {"script":"<script> [1562 bytes]","args":[{"selector":{"controlType":"sap.m.SearchField","properties":{"placeholder":"Search"},"searchOpenDialogs":true,"interaction":{"idSuffix":"I"}},"wdio_ui5_key":"sapm.SearchField{\"placeholder\":\"Search\"}"}]}
RESULT: {"script":"<script> [1562 bytes]","args":[{"selector":{"controlType":"sap.m.SearchField","properties":{"placeholder":"Search"},"searchOpenDialogs":true,"interaction":{"idSuffix":"I"}},"wdio_ui5_key":"sapm.SearchField{\"placeholder\":\"Search\"}"}]}
RESULT: undefined
COMMAND: POST /session/3080ab49fbb8c4e7eecdf487ecde7ebb/execute/async - {"script":"<script> [776 bytes]","args":[{"enterText":"A1-000100-01","selector":{"controlType":"sap.m.SearchField","properties":{"placeholder":"Search"},"searchOpenDialogs":true,"interaction":{"idSuffix":"I"}},"clearTextFirst":true,"interactionType":"ENTER_TEXT"}]}
RESULT: {"script":"<script> [776 bytes]","args":[{"enterText":"A1-000100-01","selector":{"controlType":"sap.m.SearchField","properties":{"placeholder":"Search"},"searchOpenDialogs":true,"interaction":{"idSuffix":"I"}},"clearTextFirst":true,"interactionType":"ENTER_TEXT"}]}
COMMAND: POST /session/3080ab49fbb8c4e7eecdf487ecde7ebb/actions - {"actions":[{"id":"action7","type":"key","parameters":{},"actions":[{"type":"keyDown","value":""},{"type":"pause","duration":10},{"type":"keyUp","value":""}]}]}
RESULT: {"actions":[{"id":"action7","type":"key","parameters":{},"actions":[{"type":"keyDown","value":""},{"type":"pause","duration":10},{"type":"keyUp","value":""}]}]}
COMMAND: GET /session/3080ab49fbb8c4e7eecdf487ecde7ebb/screenshot - {}
RESULT: {}
COMMAND: POST /session/3080ab49fbb8c4e7eecdf487ecde7ebb/element - {"using":"xpath","value":"//span[contains(text(), \"Template for ETO-Process\")]"}
RESULT: {"using":"xpath","value":"//span[contains(text(), \"Template for ETO-Process\")]"}
COMMAND: POST /session/3080ab49fbb8c4e7eecdf487ecde7ebb/element/f.73CD6E590336CA8913C659C97A11067A.d.D421616B8E925A0FCCC195C6E1D1F049.e.4995/click - {}
RESULT: {}
COMMAND: GET /session/3080ab49fbb8c4e7eecdf487ecde7ebb/screenshot - {}
RESULT: {}
COMMAND: POST /session/3080ab49fbb8c4e7eecdf487ecde7ebb/element - {"using":"xpath","value":"//bdi[contains(text(), \"OK\")]"}
RESULT: {"using":"xpath","value":"//bdi[contains(text(), \"OK\")]"}
COMMAND: POST /session/3080ab49fbb8c4e7eecdf487ecde7ebb/element/f.73CD6E590336CA8913C659C97A11067A.d.D421616B8E925A0FCCC195C6E1D1F049.e.4996/click - {}
RESULT: {}
COMMAND: GET /session/3080ab49fbb8c4e7eecdf487ecde7ebb/screenshot - {}
RESULT: {}
COMMAND: POST /session/3080ab49fbb8c4e7eecdf487ecde7ebb/element - {"using":"xpath","value":"//input[@id=\"application-managesites-display-component---NewSite--addressDetailDetailsYard-inner\"]"}
RESULT: {"using":"xpath","value":"//input[@id=\"application-managesites-display-component---NewSite--addressDetailDetailsYard-inner\"]"}
COMMAND: POST /session/3080ab49fbb8c4e7eecdf487ecde7ebb/element/f.73CD6E590336CA8913C659C97A11067A.d.D421616B8E925A0FCCC195C6E1D1F049.e.4762/value - {"text":"456"}
RESULT: {"text":"456"}
COMMAND: GET /session/3080ab49fbb8c4e7eecdf487ecde7ebb/screenshot - {}
RESULT: {}
COMMAND: POST /session/3080ab49fbb8c4e7eecdf487ecde7ebb/actions - {"actions":[{"id":"action8","type":"key","parameters":{},"actions":[{"type":"keyDown","value":""},{"type":"pause","duration":10},{"type":"keyUp","value":""}]}]}
RESULT: {"actions":[{"id":"action8","type":"key","parameters":{},"actions":[{"type":"keyDown","value":""},{"type":"pause","duration":10},{"type":"keyUp","value":""}]}]}
COMMAND: GET /session/3080ab49fbb8c4e7eecdf487ecde7ebb/screenshot - {}
RESULT: {}
COMMAND: POST /session/3080ab49fbb8c4e7eecdf487ecde7ebb/element - {"using":"xpath","value":"//input[@id=\"application-managesites-display-component---NewSite--addressDetailDetailsPartner-inner\"]"}
RESULT: {"using":"xpath","value":"//input[@id=\"application-managesites-display-component---NewSite--addressDetailDetailsPartner-inner\"]"}
COMMAND: POST /session/3080ab49fbb8c4e7eecdf487ecde7ebb/elements - {"using":"xpath","value":"//input[@id=\"application-managesites-display-component---NewSite--addressDetailDetailsPartner-inner\"]"}
RESULT: {"using":"xpath","value":"//input[@id=\"application-managesites-display-component---NewSite--addressDetailDetailsPartner-inner\"]"}
COMMAND: POST /session/3080ab49fbb8c4e7eecdf487ecde7ebb/execute/async - {"script":"<script> [1562 bytes]","args":[{"selector":{"controlType":"sap.m.Button","viewName":"etm.portal.ui.managesites.view.NewSmartSite","viewId":"application-managesites-display-component---NewSite","properties":{"text":"Commercial"},"interaction":{"idSuffix":"BDI-content"}},"wdio_ui5_key":"etmportal.ui.managesites.view.NewSmartSitesap.m.Button{\"text\":\"Commercial\"}"}]}
RESULT: {"script":"<script> [1562 bytes]","args":[{"selector":{"controlType":"sap.m.Button","viewName":"etm.portal.ui.managesites.view.NewSmartSite","viewId":"application-managesites-display-component---NewSite","properties":{"text":"Commercial"},"interaction":{"idSuffix":"BDI-content"}},"wdio_ui5_key":"etmportal.ui.managesites.view.NewSmartSitesap.m.Button{\"text\":\"Commercial\"}"}]}
RESULT: undefined
COMMAND: POST /session/3080ab49fbb8c4e7eecdf487ecde7ebb/element - {"using":"xpath","value":"//*[@id=\"application-managesites-display-component---NewSite--ObjectPageLayout-anchBar-__section18-anchor\"]"}
RESULT: {"using":"xpath","value":"//*[@id=\"application-managesites-display-component---NewSite--ObjectPageLayout-anchBar-__section18-anchor\"]"}
COMMAND: POST /session/3080ab49fbb8c4e7eecdf487ecde7ebb/element/f.73CD6E590336CA8913C659C97A11067A.d.D421616B8E925A0FCCC195C6E1D1F049.e.5003/click - {}
RESULT: {}
COMMAND: POST /session/3080ab49fbb8c4e7eecdf487ecde7ebb/execute/async - {"script":"<script> [1562 bytes]","args":[{"selector":{"controlType":"sap.m.Button","viewName":"etm.portal.ui.managesites.view.NewSmartSite","viewId":"application-managesites-display-component---NewSite","i18NText":{"propertyName":"text","key":"save"},"interaction":{"idSuffix":"BDI-content"}},"wdio_ui5_key":"etmportal.ui.managesites.view.NewSmartSitesap.m.Button{\"propertyName\":\"text\",\"key\":\"save\"}"}]}
COMMAND: GET /session/3080ab49fbb8c4e7eecdf487ecde7ebb/screenshot - {}
RESULT: {"script":"<script> [1562 bytes]","args":[{"selector":{"controlType":"sap.m.Button","viewName":"etm.portal.ui.managesites.view.NewSmartSite","viewId":"application-managesites-display-component---NewSite","i18NText":{"propertyName":"text","key":"save"},"interaction":{"idSuffix":"BDI-content"}},"wdio_ui5_key":"etmportal.ui.managesites.view.NewSmartSitesap.m.Button{\"propertyName\":\"text\",\"key\":\"save\"}"}]}
RESULT: undefined
COMMAND: POST /session/3080ab49fbb8c4e7eecdf487ecde7ebb/element - {"using":"xpath","value":"//*[@id=\"__button41\"]"}
RESULT: {}
RESULT: {"using":"xpath","value":"//*[@id=\"__button41\"]"}
COMMAND: POST /session/3080ab49fbb8c4e7eecdf487ecde7ebb/element/f.73CD6E590336CA8913C659C97A11067A.d.D421616B8E925A0FCCC195C6E1D1F049.e.4946/click - {}
RESULT: {}
COMMAND: GET /session/3080ab49fbb8c4e7eecdf487ecde7ebb/screenshot - {}
RESULT: {}
COMMAND: POST /session/3080ab49fbb8c4e7eecdf487ecde7ebb/execute/async - {"script":"<script> [1562 bytes]","args":[{"selector":{"id":"application-managesites-display-component---detailSite--addressDetailDetailsYardText"},"wdio_ui5_key":"applicationmanagesites-display-component---detailSite--addressDetailDetailsYardText"}]}
RESULT: {"script":"<script> [1562 bytes]","args":[{"selector":{"id":"application-managesites-display-component---detailSite--addressDetailDetailsYardText"},"wdio_ui5_key":"applicationmanagesites-display-component---detailSite--addressDetailDetailsYardText"}]}
RESULT: undefined
COMMAND: POST /session/3080ab49fbb8c4e7eecdf487ecde7ebb/element - {"using":"xpath","value":"//header/div/div[2]/div[2]/span"}
RESULT: {"using":"xpath","value":"//header/div/div[2]/div[2]/span"}
COMMAND: GET /session/3080ab49fbb8c4e7eecdf487ecde7ebb/element/f.73CD6E590336CA8913C659C97A11067A.d.D421616B8E925A0FCCC195C6E1D1F049.e.5216/text - {}
RESULT: {}
COMMAND: POST /session/3080ab49fbb8c4e7eecdf487ecde7ebb/execute/async - {"script":"<script> [1562 bytes]","args":[{"selector":{"controlType":"sap.m.Label","viewName":"etm.portal.ui.managesites.view.Detail","viewId":"application-managesites-display-component---detailSite","i18NText":{"propertyName":"text","key":"status"}},"wdio_ui5_key":"etmportal.ui.managesites.view.Detailsap.m.Label{\"propertyName\":\"text\",\"key\":\"status\"}"}]}
RESULT: {"script":"<script> [1562 bytes]","args":[{"selector":{"controlType":"sap.m.Label","viewName":"etm.portal.ui.managesites.view.Detail","viewId":"application-managesites-display-component---detailSite","i18NText":{"propertyName":"text","key":"status"}},"wdio_ui5_key":"etmportal.ui.managesites.view.Detailsap.m.Label{\"propertyName\":\"text\",\"key\":\"status\"}"}]}
RESULT: undefined
COMMAND: POST /session/3080ab49fbb8c4e7eecdf487ecde7ebb/execute/async - {"script":"<script> [6424 bytes]","args":[{"element-6066-11e4-a52e-4f735466cecf":"f.73CD6E590336CA8913C659C97A11067A.d.D421616B8E925A0FCCC195C6E1D1F049.e.5203"},"getText",[]]}
RESULT: {"script":"<script> [6424 bytes]","args":[{"element-6066-11e4-a52e-4f735466cecf":"f.73CD6E590336CA8913C659C97A11067A.d.D421616B8E925A0FCCC195C6E1D1F049.e.5203"},"getText",[]]}
]]></system-out>
    </testcase>
    <testcase classname="chrome.136_0_7103_93.windows.Create_2_sites_US118246" name="Should create WHM site" time="54.665">
      <system-out><![CDATA[
RESULT: undefined
COMMAND: POST /session/3080ab49fbb8c4e7eecdf487ecde7ebb/element - {"using":"xpath","value":"//*[@id=\"__button29-img\"]"}
RESULT: {"using":"xpath","value":"//*[@id=\"__button29-img\"]"}
COMMAND: POST /session/3080ab49fbb8c4e7eecdf487ecde7ebb/element/f.73CD6E590336CA8913C659C97A11067A.d.D421616B8E925A0FCCC195C6E1D1F049.e.5217/click - {}
RESULT: {}
COMMAND: GET /session/3080ab49fbb8c4e7eecdf487ecde7ebb/screenshot - {}
RESULT: {}
RESULT: undefined
COMMAND: POST /session/3080ab49fbb8c4e7eecdf487ecde7ebb/execute/async - {"script":"<script> [1562 bytes]","args":[{"selector":{"controlType":"sap.m.Button","viewName":"etm.portal.ui.managesites.view.NewSmartSite","viewId":"application-managesites-display-component---NewSite","properties":{"text":"General Information"},"interaction":{"idSuffix":"BDI-content"}},"wdio_ui5_key":"etmportal.ui.managesites.view.NewSmartSitesap.m.Button{\"text\":\"General Information\"}"}]}
RESULT: {"script":"<script> [1562 bytes]","args":[{"selector":{"controlType":"sap.m.Button","viewName":"etm.portal.ui.managesites.view.NewSmartSite","viewId":"application-managesites-display-component---NewSite","properties":{"text":"General Information"},"interaction":{"idSuffix":"BDI-content"}},"wdio_ui5_key":"etmportal.ui.managesites.view.NewSmartSitesap.m.Button{\"text\":\"General Information\"}"}]}
RESULT: undefined
COMMAND: POST /session/3080ab49fbb8c4e7eecdf487ecde7ebb/element - {"using":"xpath","value":"//*[@id=\"application-managesites-display-component---NewSite--ObjectPageLayout-anchBar-__section16-anchor\"]"}
RESULT: {"using":"xpath","value":"//*[@id=\"application-managesites-display-component---NewSite--ObjectPageLayout-anchBar-__section16-anchor\"]"}
COMMAND: POST /session/3080ab49fbb8c4e7eecdf487ecde7ebb/element/f.73CD6E590336CA8913C659C97A11067A.d.D421616B8E925A0FCCC195C6E1D1F049.e.5398/click - {}
RESULT: {}
RESULT: undefined
COMMAND: POST /session/3080ab49fbb8c4e7eecdf487ecde7ebb/execute/async - {"script":"<script> [776 bytes]","args":[{"enterText":"Webdriver WHM Site 64lkt","selector":{"id":"application-managesites-display-component---NewSite--addressDetailDetailsName1","interaction":{"idSuffix":"inner"}},"clearTextFirst":true,"interactionType":"ENTER_TEXT"}]}
COMMAND: GET /session/3080ab49fbb8c4e7eecdf487ecde7ebb/screenshot - {}
RESULT: {"script":"<script> [776 bytes]","args":[{"enterText":"Webdriver WHM Site 64lkt","selector":{"id":"application-managesites-display-component---NewSite--addressDetailDetailsName1","interaction":{"idSuffix":"inner"}},"clearTextFirst":true,"interactionType":"ENTER_TEXT"}]}
RESULT: {}
RESULT: undefined
COMMAND: POST /session/3080ab49fbb8c4e7eecdf487ecde7ebb/execute/async - {"script":"<script> [776 bytes]","args":[{"enterText":"Romanian","selector":{"id":"application-managesites-display-component---NewSite--addressDetailDetailsLanguage","interaction":{"idSuffix":"inner"}},"clearTextFirst":true,"interactionType":"ENTER_TEXT"}]}
RESULT: {"script":"<script> [776 bytes]","args":[{"enterText":"Romanian","selector":{"id":"application-managesites-display-component---NewSite--addressDetailDetailsLanguage","interaction":{"idSuffix":"inner"}},"clearTextFirst":true,"interactionType":"ENTER_TEXT"}]}
COMMAND: POST /session/3080ab49fbb8c4e7eecdf487ecde7ebb/actions - {"actions":[{"id":"action9","type":"key","parameters":{},"actions":[{"type":"keyDown","value":""},{"type":"pause","duration":10},{"type":"keyUp","value":""}]}]}
RESULT: {"actions":[{"id":"action9","type":"key","parameters":{},"actions":[{"type":"keyDown","value":""},{"type":"pause","duration":10},{"type":"keyUp","value":""}]}]}
RESULT: undefined
COMMAND: POST /session/3080ab49fbb8c4e7eecdf487ecde7ebb/execute/async - {"script":"<script> [776 bytes]","args":[{"enterText":"Bucharest","selector":{"id":"application-managesites-display-component---NewSite--addressDetailDetailsCity1","interaction":{"idSuffix":"inner"}},"clearTextFirst":true,"interactionType":"ENTER_TEXT"}]}
COMMAND: GET /session/3080ab49fbb8c4e7eecdf487ecde7ebb/screenshot - {}
RESULT: {"script":"<script> [776 bytes]","args":[{"enterText":"Bucharest","selector":{"id":"application-managesites-display-component---NewSite--addressDetailDetailsCity1","interaction":{"idSuffix":"inner"}},"clearTextFirst":true,"interactionType":"ENTER_TEXT"}]}
RESULT: {}
COMMAND: POST /session/3080ab49fbb8c4e7eecdf487ecde7ebb/actions - {"actions":[{"id":"action10","type":"key","parameters":{},"actions":[{"type":"keyDown","value":""},{"type":"pause","duration":10},{"type":"keyUp","value":""}]}]}
RESULT: {"actions":[{"id":"action10","type":"key","parameters":{},"actions":[{"type":"keyDown","value":""},{"type":"pause","duration":10},{"type":"keyUp","value":""}]}]}
RESULT: undefined
COMMAND: POST /session/3080ab49fbb8c4e7eecdf487ecde7ebb/execute/async - {"script":"<script> [6424 bytes]","args":[{"element-6066-11e4-a52e-4f735466cecf":"f.73CD6E590336CA8913C659C97A11067A.d.D421616B8E925A0FCCC195C6E1D1F049.e.4751"},"setValue",["Romania"]]}
COMMAND: GET /session/3080ab49fbb8c4e7eecdf487ecde7ebb/screenshot - {}
COMMAND: POST /session/3080ab49fbb8c4e7eecdf487ecde7ebb/execute/async - {"script":"<script> [1562 bytes]","args":[{"selector":{"id":"application-managesites-display-component---NewSite--addressDetailDetailsCountry","interaction":{"idSuffix":"inner"}},"wdio_ui5_key":"applicationmanagesites-display-component---NewSite--addressDetailDetailsCountry"}]}
RESULT: {}
RESULT: {"script":"<script> [1562 bytes]","args":[{"selector":{"id":"application-managesites-display-component---NewSite--addressDetailDetailsCountry","interaction":{"idSuffix":"inner"}},"wdio_ui5_key":"applicationmanagesites-display-component---NewSite--addressDetailDetailsCountry"}]}
COMMAND: POST /session/3080ab49fbb8c4e7eecdf487ecde7ebb/execute/async - {"script":"<script> [6424 bytes]","args":[{"element-6066-11e4-a52e-4f735466cecf":"f.73CD6E590336CA8913C659C97A11067A.d.D421616B8E925A0FCCC195C6E1D1F049.e.5270"},"setValue",["Romania"]]}
RESULT: {"script":"<script> [6424 bytes]","args":[{"element-6066-11e4-a52e-4f735466cecf":"f.73CD6E590336CA8913C659C97A11067A.d.D421616B8E925A0FCCC195C6E1D1F049.e.5270"},"setValue",["Romania"]]}
COMMAND: POST /session/3080ab49fbb8c4e7eecdf487ecde7ebb/actions - {"actions":[{"id":"action11","type":"key","parameters":{},"actions":[{"type":"keyDown","value":""},{"type":"pause","duration":10},{"type":"keyUp","value":""}]}]}
RESULT: {"actions":[{"id":"action11","type":"key","parameters":{},"actions":[{"type":"keyDown","value":""},{"type":"pause","duration":10},{"type":"keyUp","value":""}]}]}
RESULT: undefined
COMMAND: POST /session/3080ab49fbb8c4e7eecdf487ecde7ebb/execute/async - {"script":"<script> [776 bytes]","args":[{"enterText":"Germany","selector":{"id":"application-managesites-display-component---NewSite--addressDetailDetailsCalendar","interaction":{"idSuffix":"inner"}},"clearTextFirst":true,"interactionType":"ENTER_TEXT"}]}
COMMAND: GET /session/3080ab49fbb8c4e7eecdf487ecde7ebb/screenshot - {}
RESULT: {"script":"<script> [776 bytes]","args":[{"enterText":"Germany","selector":{"id":"application-managesites-display-component---NewSite--addressDetailDetailsCalendar","interaction":{"idSuffix":"inner"}},"clearTextFirst":true,"interactionType":"ENTER_TEXT"}]}
RESULT: {}
COMMAND: POST /session/3080ab49fbb8c4e7eecdf487ecde7ebb/actions - {"actions":[{"id":"action12","type":"key","parameters":{},"actions":[{"type":"keyDown","value":""},{"type":"pause","duration":10},{"type":"keyUp","value":""}]}]}
RESULT: {"actions":[{"id":"action12","type":"key","parameters":{},"actions":[{"type":"keyDown","value":""},{"type":"pause","duration":10},{"type":"keyUp","value":""}]}]}
COMMAND: POST /session/3080ab49fbb8c4e7eecdf487ecde7ebb/execute/async - {"script":"<script> [1562 bytes]","args":[{"selector":{"id":"application-managesites-display-component---NewSite--addressEditDetailsCostObjectCstType","interaction":{"idSuffix":"inner"}},"wdio_ui5_key":"applicationmanagesites-display-component---NewSite--addressEditDetailsCostObjectCstType"}]}
COMMAND: GET /session/3080ab49fbb8c4e7eecdf487ecde7ebb/screenshot - {}
RESULT: {"script":"<script> [1562 bytes]","args":[{"selector":{"id":"application-managesites-display-component---NewSite--addressEditDetailsCostObjectCstType","interaction":{"idSuffix":"inner"}},"wdio_ui5_key":"applicationmanagesites-display-component---NewSite--addressEditDetailsCostObjectCstType"}]}
RESULT: undefined
COMMAND: POST /session/3080ab49fbb8c4e7eecdf487ecde7ebb/execute/async - {"script":"<script> [776 bytes]","args":[{"enterText":"Cost","selector":{"id":"application-managesites-display-component---NewSite--addressEditDetailsCostObjectCstType","interaction":{"idSuffix":"inner"}},"clearTextFirst":true,"interactionType":"ENTER_TEXT"}]}
RESULT: {}
RESULT: {"script":"<script> [776 bytes]","args":[{"enterText":"Cost","selector":{"id":"application-managesites-display-component---NewSite--addressEditDetailsCostObjectCstType","interaction":{"idSuffix":"inner"}},"clearTextFirst":true,"interactionType":"ENTER_TEXT"}]}
COMMAND: POST /session/3080ab49fbb8c4e7eecdf487ecde7ebb/actions - {"actions":[{"id":"action13","type":"key","parameters":{},"actions":[{"type":"keyDown","value":""},{"type":"pause","duration":10},{"type":"keyUp","value":""}]}]}
RESULT: {"actions":[{"id":"action13","type":"key","parameters":{},"actions":[{"type":"keyDown","value":""},{"type":"pause","duration":10},{"type":"keyUp","value":""}]}]}
COMMAND: POST /session/3080ab49fbb8c4e7eecdf487ecde7ebb/execute/async - {"script":"<script> [1562 bytes]","args":[{"selector":{"id":"application-managesites-display-component---NewSite--addressNewCostObjectCstID","interaction":{"idSuffix":"inner"}},"wdio_ui5_key":"applicationmanagesites-display-component---NewSite--addressNewCostObjectCstID"}]}
COMMAND: GET /session/3080ab49fbb8c4e7eecdf487ecde7ebb/screenshot - {}
RESULT: {"script":"<script> [1562 bytes]","args":[{"selector":{"id":"application-managesites-display-component---NewSite--addressNewCostObjectCstID","interaction":{"idSuffix":"inner"}},"wdio_ui5_key":"applicationmanagesites-display-component---NewSite--addressNewCostObjectCstID"}]}
RESULT: undefined
COMMAND: POST /session/3080ab49fbb8c4e7eecdf487ecde7ebb/execute/async - {"script":"<script> [776 bytes]","args":[{"enterText":"1001","selector":{"id":"application-managesites-display-component---NewSite--addressNewCostObjectCstID","interaction":{"idSuffix":"inner"}},"clearTextFirst":true,"interactionType":"ENTER_TEXT"}]}
RESULT: {}
RESULT: {"script":"<script> [776 bytes]","args":[{"enterText":"1001","selector":{"id":"application-managesites-display-component---NewSite--addressNewCostObjectCstID","interaction":{"idSuffix":"inner"}},"clearTextFirst":true,"interactionType":"ENTER_TEXT"}]}
COMMAND: POST /session/3080ab49fbb8c4e7eecdf487ecde7ebb/actions - {"actions":[{"id":"action14","type":"key","parameters":{},"actions":[{"type":"keyDown","value":""},{"type":"pause","duration":10},{"type":"keyUp","value":""}]}]}
RESULT: {"actions":[{"id":"action14","type":"key","parameters":{},"actions":[{"type":"keyDown","value":""},{"type":"pause","duration":10},{"type":"keyUp","value":""}]}]}
COMMAND: POST /session/3080ab49fbb8c4e7eecdf487ecde7ebb/element - {"using":"xpath","value":"//input[@id=\"application-managesites-display-component---NewSite--addressDetailDetailsYard-inner\"]"}
COMMAND: GET /session/3080ab49fbb8c4e7eecdf487ecde7ebb/screenshot - {}
RESULT: {"using":"xpath","value":"//input[@id=\"application-managesites-display-component---NewSite--addressDetailDetailsYard-inner\"]"}
COMMAND: POST /session/3080ab49fbb8c4e7eecdf487ecde7ebb/element/f.73CD6E590336CA8913C659C97A11067A.d.D421616B8E925A0FCCC195C6E1D1F049.e.5281/value - {"text":"457"}
RESULT: {}
RESULT: {"text":"457"}
COMMAND: GET /session/3080ab49fbb8c4e7eecdf487ecde7ebb/screenshot - {}
RESULT: {}
COMMAND: POST /session/3080ab49fbb8c4e7eecdf487ecde7ebb/actions - {"actions":[{"id":"action15","type":"key","parameters":{},"actions":[{"type":"keyDown","value":""},{"type":"pause","duration":10},{"type":"keyUp","value":""}]}]}
RESULT: {"actions":[{"id":"action15","type":"key","parameters":{},"actions":[{"type":"keyDown","value":""},{"type":"pause","duration":10},{"type":"keyUp","value":""}]}]}
COMMAND: GET /session/3080ab49fbb8c4e7eecdf487ecde7ebb/screenshot - {}
RESULT: {}
COMMAND: POST /session/3080ab49fbb8c4e7eecdf487ecde7ebb/element - {"using":"xpath","value":"//input[@id=\"application-managesites-display-component---NewSite--addressDetailDetailsPartner-inner\"]"}
RESULT: {"using":"xpath","value":"//input[@id=\"application-managesites-display-component---NewSite--addressDetailDetailsPartner-inner\"]"}
COMMAND: POST /session/3080ab49fbb8c4e7eecdf487ecde7ebb/elements - {"using":"xpath","value":"//input[@id=\"application-managesites-display-component---NewSite--addressDetailDetailsPartner-inner\"]"}
RESULT: {"using":"xpath","value":"//input[@id=\"application-managesites-display-component---NewSite--addressDetailDetailsPartner-inner\"]"}
RESULT: undefined
COMMAND: POST /session/3080ab49fbb8c4e7eecdf487ecde7ebb/element - {"using":"xpath","value":"//*[@id=\"application-managesites-display-component---NewSite--ObjectPageLayout-anchBar-__section18-anchor\"]"}
RESULT: {"using":"xpath","value":"//*[@id=\"application-managesites-display-component---NewSite--ObjectPageLayout-anchBar-__section18-anchor\"]"}
COMMAND: POST /session/3080ab49fbb8c4e7eecdf487ecde7ebb/element/f.73CD6E590336CA8913C659C97A11067A.d.D421616B8E925A0FCCC195C6E1D1F049.e.5405/click - {}
RESULT: {}
COMMAND: POST /session/3080ab49fbb8c4e7eecdf487ecde7ebb/execute/async - {"script":"<script> [1562 bytes]","args":[{"selector":{"id":"application-managesites-display-component---NewSite--siteWhmCheckBox-label","interaction":{"idSuffix":"bdi"}},"wdio_ui5_key":"applicationmanagesites-display-component---NewSite--siteWhmCheckBox-label"}]}
COMMAND: GET /session/3080ab49fbb8c4e7eecdf487ecde7ebb/screenshot - {}
RESULT: {"script":"<script> [1562 bytes]","args":[{"selector":{"id":"application-managesites-display-component---NewSite--siteWhmCheckBox-label","interaction":{"idSuffix":"bdi"}},"wdio_ui5_key":"applicationmanagesites-display-component---NewSite--siteWhmCheckBox-label"}]}
RESULT: undefined
COMMAND: POST /session/3080ab49fbb8c4e7eecdf487ecde7ebb/element - {"using":"xpath","value":"//*[@id=\"application-managesites-display-component---NewSite--siteWhmCheckBox-label\"]"}
RESULT: {}
RESULT: {"using":"xpath","value":"//*[@id=\"application-managesites-display-component---NewSite--siteWhmCheckBox-label\"]"}
COMMAND: POST /session/3080ab49fbb8c4e7eecdf487ecde7ebb/element/f.73CD6E590336CA8913C659C97A11067A.d.D421616B8E925A0FCCC195C6E1D1F049.e.5409/click - {}
RESULT: {}
RESULT: undefined
COMMAND: POST /session/3080ab49fbb8c4e7eecdf487ecde7ebb/element - {"using":"xpath","value":"//*[@id=\"__button41\"]"}
COMMAND: GET /session/3080ab49fbb8c4e7eecdf487ecde7ebb/screenshot - {}
RESULT: {"using":"xpath","value":"//*[@id=\"__button41\"]"}
COMMAND: POST /session/3080ab49fbb8c4e7eecdf487ecde7ebb/element/f.73CD6E590336CA8913C659C97A11067A.d.D421616B8E925A0FCCC195C6E1D1F049.e.5410/click - {}
RESULT: {}
RESULT: {}
COMMAND: GET /session/3080ab49fbb8c4e7eecdf487ecde7ebb/screenshot - {}
RESULT: {}
COMMAND: POST /session/3080ab49fbb8c4e7eecdf487ecde7ebb/element - {"using":"xpath","value":"//header/div/div[2]/div[2]/span"}
RESULT: {"using":"xpath","value":"//header/div/div[2]/div[2]/span"}
COMMAND: GET /session/3080ab49fbb8c4e7eecdf487ecde7ebb/element/f.73CD6E590336CA8913C659C97A11067A.d.D421616B8E925A0FCCC195C6E1D1F049.e.5614/text - {}
RESULT: {}
RESULT: undefined
RESULT: undefined
COMMAND: POST /session/3080ab49fbb8c4e7eecdf487ecde7ebb/execute/async - {"script":"<script> [6424 bytes]","args":[{"element-6066-11e4-a52e-4f735466cecf":"f.73CD6E590336CA8913C659C97A11067A.d.D421616B8E925A0FCCC195C6E1D1F049.e.5203"},"getText",[]]}
COMMAND: POST /session/3080ab49fbb8c4e7eecdf487ecde7ebb/execute/async - {"script":"<script> [1562 bytes]","args":[{"selector":{"controlType":"sap.m.Label","viewName":"etm.portal.ui.managesites.view.Detail","viewId":"application-managesites-display-component---detailSite","i18NText":{"propertyName":"text","key":"status"}},"wdio_ui5_key":"etmportal.ui.managesites.view.Detailsap.m.Label{\"propertyName\":\"text\",\"key\":\"status\"}"}]}
RESULT: {"script":"<script> [1562 bytes]","args":[{"selector":{"controlType":"sap.m.Label","viewName":"etm.portal.ui.managesites.view.Detail","viewId":"application-managesites-display-component---detailSite","i18NText":{"propertyName":"text","key":"status"}},"wdio_ui5_key":"etmportal.ui.managesites.view.Detailsap.m.Label{\"propertyName\":\"text\",\"key\":\"status\"}"}]}
COMMAND: POST /session/3080ab49fbb8c4e7eecdf487ecde7ebb/execute/async - {"script":"<script> [6424 bytes]","args":[{"element-6066-11e4-a52e-4f735466cecf":"f.73CD6E590336CA8913C659C97A11067A.d.D421616B8E925A0FCCC195C6E1D1F049.e.5601"},"getText",[]]}
RESULT: {"script":"<script> [6424 bytes]","args":[{"element-6066-11e4-a52e-4f735466cecf":"f.73CD6E590336CA8913C659C97A11067A.d.D421616B8E925A0FCCC195C6E1D1F049.e.5601"},"getText",[]]}
COMMAND: POST /session/3080ab49fbb8c4e7eecdf487ecde7ebb/execute/async - {"script":"<script> [1562 bytes]","args":[{"selector":{"id":"shell-header","interaction":{"idSuffix":"icon"}},"wdio_ui5_key":"shellheader"}]}
RESULT: {"script":"<script> [1562 bytes]","args":[{"selector":{"id":"shell-header","interaction":{"idSuffix":"icon"}},"wdio_ui5_key":"shellheader"}]}
RESULT: undefined
COMMAND: POST /session/3080ab49fbb8c4e7eecdf487ecde7ebb/element - {"using":"xpath","value":"//*[@id=\"shell-header\"]"}
RESULT: {"using":"xpath","value":"//*[@id=\"shell-header\"]"}
COMMAND: POST /session/3080ab49fbb8c4e7eecdf487ecde7ebb/element/f.73CD6E590336CA8913C659C97A11067A.d.D421616B8E925A0FCCC195C6E1D1F049.e.5615/click - {}
RESULT: {}
COMMAND: GET /session/3080ab49fbb8c4e7eecdf487ecde7ebb/screenshot - {}
COMMAND: POST /session/3080ab49fbb8c4e7eecdf487ecde7ebb/refresh - {}
RESULT: {}
RESULT: {}
COMMAND: GET /session/3080ab49fbb8c4e7eecdf487ecde7ebb/screenshot - {}
RESULT: {}
COMMAND: POST /session/3080ab49fbb8c4e7eecdf487ecde7ebb/refresh - {}
RESULT: {}
COMMAND: GET /session/3080ab49fbb8c4e7eecdf487ecde7ebb/screenshot - {}
RESULT: {}
COMMAND: POST /session/3080ab49fbb8c4e7eecdf487ecde7ebb/window/fullscreen - {}
RESULT: {}
COMMAND: POST /session/3080ab49fbb8c4e7eecdf487ecde7ebb/execute/async - {"script":"<script> [189 bytes]","args":[]}
RESULT: {"script":"<script> [189 bytes]","args":[]}
COMMAND: POST /session/3080ab49fbb8c4e7eecdf487ecde7ebb/execute/async - {"script":"<script> [123 bytes]","args":[]}
RESULT: {"script":"<script> [123 bytes]","args":[]}
COMMAND: POST /session/3080ab49fbb8c4e7eecdf487ecde7ebb/timeouts - {"script":"<number>"}
RESULT: {"script":"<number>"}
COMMAND: GET /session/3080ab49fbb8c4e7eecdf487ecde7ebb/timeouts - {}
RESULT: {}
RESULT: undefined
COMMAND: POST /session/3080ab49fbb8c4e7eecdf487ecde7ebb/execute/async - {"script":"<script> [2676 bytes]","args":[]}
RESULT: {"script":"<script> [2676 bytes]","args":[]}
COMMAND: POST /session/3080ab49fbb8c4e7eecdf487ecde7ebb/execute/async - {"script":"<script> [2342 bytes]","args":[{"protocol":"http","hostname":"0.0.0.0","path":"/","capabilities":{"browserName":"chrome","goog:chromeOptions":{"binary":"C:\\Program Files\\Google\\Chrome\\Application\\chrome.exe","args":["--start-maximized"]}},"logLevel":"warn","connectionRetryTimeout":120000,"connectionRetryCount":3,"logLevels":{},"enableDirectConnect":true,"strictSSL":true,"_":"65 more keys: [\"cacheDir\",\"port\",\"requestedCapabilities\",\"automationProtocol\",\"baseUrl\",\"waitforInterval\",\"waitforTimeout\",\"onReload\",\"beforeCommand\",\"afterCommand\",\"rootDir\",\"specs\",\"suites\",\"exclude\",\"groupLogsByTestSpec\",\"excludeDriverLogs\",\"bail\",\"framework\",\"reporters\",\"services\",\"maxInstances\",\"maxInstancesPerCapability\",\"injectGlobals\",\"filesToWatch\",\"execArgv\",\"runnerEnv\",\"runner\",\"shard\",\"specFileRetries\",\"specFileRetriesDelay\",\"specFileRetriesDeferred\",\"reporterSyncInterval\",\"reporterSyncTimeout\",\"cucumberFeaturesWithLineNumbers\",\"autoCompileOpts\",\"mochaOpts\",\"jasmineOpts\",\"cucumberOpts\",\"onPrepare\",\"onWorkerStart\",\"onWorkerEnd\",\"before\",\"beforeSession\",\"beforeSuite\",\"beforeHook\",\"beforeTest\",\"afterTest\",\"afterHook\",\"afterSuite\",\"afterSession\",\"after\",\"onComplete\",\"beforeAssertion\",\"afterAssertion\",\"beforeFeature\",\"beforeScenario\",\"beforeStep\",\"afterStep\",\"afterScenario\",\"afterFeature\",\"_\",\"suite\",\"$0\",\"ignoredWorkerServices\",\"wdi5\"]"}]}
RESULT: {"script":"<script> [2342 bytes]","args":[{"protocol":"http","hostname":"0.0.0.0","path":"/","capabilities":{"browserName":"chrome","goog:chromeOptions":{"binary":"C:\\Program Files\\Google\\Chrome\\Application\\chrome.exe","args":["--start-maximized"]}},"logLevel":"warn","connectionRetryTimeout":120000,"connectionRetryCount":3,"logLevels":{},"enableDirectConnect":true,"strictSSL":true,"_":"65 more keys: [\"cacheDir\",\"port\",\"requestedCapabilities\",\"automationProtocol\",\"baseUrl\",\"waitforInterval\",\"waitforTimeout\",\"onReload\",\"beforeCommand\",\"afterCommand\",\"rootDir\",\"specs\",\"suites\",\"exclude\",\"groupLogsByTestSpec\",\"excludeDriverLogs\",\"bail\",\"framework\",\"reporters\",\"services\",\"maxInstances\",\"maxInstancesPerCapability\",\"injectGlobals\",\"filesToWatch\",\"execArgv\",\"runnerEnv\",\"runner\",\"shard\",\"specFileRetries\",\"specFileRetriesDelay\",\"specFileRetriesDeferred\",\"reporterSyncInterval\",\"reporterSyncTimeout\",\"cucumberFeaturesWithLineNumbers\",\"autoCompileOpts\",\"mochaOpts\",\"jasmineOpts\",\"cucumberOpts\",\"onPrepare\",\"onWorkerStart\",\"onWorkerEnd\",\"before\",\"beforeSession\",\"beforeSuite\",\"beforeHook\",\"beforeTest\",\"afterTest\",\"afterHook\",\"afterSuite\",\"afterSession\",\"after\",\"onComplete\",\"beforeAssertion\",\"afterAssertion\",\"beforeFeature\",\"beforeScenario\",\"beforeStep\",\"afterStep\",\"afterScenario\",\"afterFeature\",\"_\",\"suite\",\"$0\",\"ignoredWorkerServices\",\"wdi5\"]"}]}
COMMAND: POST /session/3080ab49fbb8c4e7eecdf487ecde7ebb/execute/async - {"script":"<script> [21126 bytes]","args":[35000]}
RESULT: {"script":"<script> [21126 bytes]","args":[35000]}
COMMAND: POST /session/3080ab49fbb8c4e7eecdf487ecde7ebb/element - {"using":"css selector","value":"#j_username"}
COMMAND: POST /session/3080ab49fbb8c4e7eecdf487ecde7ebb/url - {"url":"https://qa-testing-00-live-etm-ui.cfapps.eu10-004.hana.ondemand.com/"}
RESULT: {"using":"css selector","value":"#j_username"}
COMMAND: POST /session/3080ab49fbb8c4e7eecdf487ecde7ebb/element - {"using":"css selector","value":"#j_username"}
RESULT: {"url":"https://qa-testing-00-live-etm-ui.cfapps.eu10-004.hana.ondemand.com/"}
RESULT: undefined
COMMAND: GET /session/3080ab49fbb8c4e7eecdf487ecde7ebb/screenshot - {}
RESULT: {"using":"css selector","value":"#j_username"}
COMMAND: POST /session/3080ab49fbb8c4e7eecdf487ecde7ebb/element - {"using":"css selector","value":"#shell-header-logo"}
RESULT: {}
RESULT: {"using":"css selector","value":"#shell-header-logo"}
COMMAND: POST /session/3080ab49fbb8c4e7eecdf487ecde7ebb/execute/sync - {"script":"<script> [8489 bytes]","args":[{"element-6066-11e4-a52e-4f735466cecf":"f.73CD6E590336CA8913C659C97A11067A.d.7B47048FC100D258751F43B656191309.e.6052","ELEMENT":"f.73CD6E590336CA8913C659C97A11067A.d.7B47048FC100D258751F43B656191309.e.6052"}]}
RESULT: {"script":"<script> [8489 bytes]","args":[{"element-6066-11e4-a52e-4f735466cecf":"f.73CD6E590336CA8913C659C97A11067A.d.7B47048FC100D258751F43B656191309.e.6052","ELEMENT":"f.73CD6E590336CA8913C659C97A11067A.d.7B47048FC100D258751F43B656191309.e.6052"}]}
COMMAND: POST /session/3080ab49fbb8c4e7eecdf487ecde7ebb/element - {"using":"css selector","value":"#shell-header-logo"}
COMMAND: GET /session/3080ab49fbb8c4e7eecdf487ecde7ebb/screenshot - {}
RESULT: {"using":"css selector","value":"#shell-header-logo"}
COMMAND: POST /session/3080ab49fbb8c4e7eecdf487ecde7ebb/execute/sync - {"script":"<script> [8489 bytes]","args":[{"element-6066-11e4-a52e-4f735466cecf":"f.73CD6E590336CA8913C659C97A11067A.d.7B47048FC100D258751F43B656191309.e.6052","ELEMENT":"f.73CD6E590336CA8913C659C97A11067A.d.7B47048FC100D258751F43B656191309.e.6052"}]}
RESULT: {}
RESULT: {"script":"<script> [8489 bytes]","args":[{"element-6066-11e4-a52e-4f735466cecf":"f.73CD6E590336CA8913C659C97A11067A.d.7B47048FC100D258751F43B656191309.e.6052","ELEMENT":"f.73CD6E590336CA8913C659C97A11067A.d.7B47048FC100D258751F43B656191309.e.6052"}]}
COMMAND: POST /session/3080ab49fbb8c4e7eecdf487ecde7ebb/execute/sync - {"script":"<script> [5351 bytes]","args":[{"element-6066-11e4-a52e-4f735466cecf":"f.73CD6E590336CA8913C659C97A11067A.d.7B47048FC100D258751F43B656191309.e.6052","ELEMENT":"f.73CD6E590336CA8913C659C97A11067A.d.7B47048FC100D258751F43B656191309.e.6052"}]}
COMMAND: GET /session/3080ab49fbb8c4e7eecdf487ecde7ebb/screenshot - {}
RESULT: {"script":"<script> [5351 bytes]","args":[{"element-6066-11e4-a52e-4f735466cecf":"f.73CD6E590336CA8913C659C97A11067A.d.7B47048FC100D258751F43B656191309.e.6052","ELEMENT":"f.73CD6E590336CA8913C659C97A11067A.d.7B47048FC100D258751F43B656191309.e.6052"}]}
COMMAND: POST /session/3080ab49fbb8c4e7eecdf487ecde7ebb/element - {"using":"css selector","value":"#shell-header-logo"}
COMMAND: GET /session/3080ab49fbb8c4e7eecdf487ecde7ebb/screenshot - {}
RESULT: {}
RESULT: {"using":"css selector","value":"#shell-header-logo"}
COMMAND: POST /session/3080ab49fbb8c4e7eecdf487ecde7ebb/element/f.73CD6E590336CA8913C659C97A11067A.d.7B47048FC100D258751F43B656191309.e.6052/click - {}
RESULT: {}
RESULT: {}
COMMAND: GET /session/3080ab49fbb8c4e7eecdf487ecde7ebb/screenshot - {}
RESULT: {}
COMMAND: POST /session/3080ab49fbb8c4e7eecdf487ecde7ebb/execute/async - {"script":"<script> [189 bytes]","args":[]}
RESULT: {"script":"<script> [189 bytes]","args":[]}
COMMAND: POST /session/3080ab49fbb8c4e7eecdf487ecde7ebb/execute/async - {"script":"<script> [123 bytes]","args":[]}
RESULT: {"script":"<script> [123 bytes]","args":[]}
COMMAND: POST /session/3080ab49fbb8c4e7eecdf487ecde7ebb/timeouts - {"script":"<number>"}
RESULT: {"script":"<number>"}
COMMAND: GET /session/3080ab49fbb8c4e7eecdf487ecde7ebb/timeouts - {}
RESULT: {}
RESULT: undefined
COMMAND: POST /session/3080ab49fbb8c4e7eecdf487ecde7ebb/execute/async - {"script":"<script> [2676 bytes]","args":[]}
RESULT: {"script":"<script> [2676 bytes]","args":[]}
COMMAND: POST /session/3080ab49fbb8c4e7eecdf487ecde7ebb/execute/async - {"script":"<script> [2342 bytes]","args":[{"protocol":"http","hostname":"0.0.0.0","path":"/","capabilities":{"browserName":"chrome","goog:chromeOptions":{"binary":"C:\\Program Files\\Google\\Chrome\\Application\\chrome.exe","args":["--start-maximized"]}},"logLevel":"warn","connectionRetryTimeout":120000,"connectionRetryCount":3,"logLevels":{},"enableDirectConnect":true,"strictSSL":true,"_":"65 more keys: [\"cacheDir\",\"port\",\"requestedCapabilities\",\"automationProtocol\",\"baseUrl\",\"waitforInterval\",\"waitforTimeout\",\"onReload\",\"beforeCommand\",\"afterCommand\",\"rootDir\",\"specs\",\"suites\",\"exclude\",\"groupLogsByTestSpec\",\"excludeDriverLogs\",\"bail\",\"framework\",\"reporters\",\"services\",\"maxInstances\",\"maxInstancesPerCapability\",\"injectGlobals\",\"filesToWatch\",\"execArgv\",\"runnerEnv\",\"runner\",\"shard\",\"specFileRetries\",\"specFileRetriesDelay\",\"specFileRetriesDeferred\",\"reporterSyncInterval\",\"reporterSyncTimeout\",\"cucumberFeaturesWithLineNumbers\",\"autoCompileOpts\",\"mochaOpts\",\"jasmineOpts\",\"cucumberOpts\",\"onPrepare\",\"onWorkerStart\",\"onWorkerEnd\",\"before\",\"beforeSession\",\"beforeSuite\",\"beforeHook\",\"beforeTest\",\"afterTest\",\"afterHook\",\"afterSuite\",\"afterSession\",\"after\",\"onComplete\",\"beforeAssertion\",\"afterAssertion\",\"beforeFeature\",\"beforeScenario\",\"beforeStep\",\"afterStep\",\"afterScenario\",\"afterFeature\",\"_\",\"suite\",\"$0\",\"ignoredWorkerServices\",\"wdi5\"]"}]}
RESULT: {"script":"<script> [2342 bytes]","args":[{"protocol":"http","hostname":"0.0.0.0","path":"/","capabilities":{"browserName":"chrome","goog:chromeOptions":{"binary":"C:\\Program Files\\Google\\Chrome\\Application\\chrome.exe","args":["--start-maximized"]}},"logLevel":"warn","connectionRetryTimeout":120000,"connectionRetryCount":3,"logLevels":{},"enableDirectConnect":true,"strictSSL":true,"_":"65 more keys: [\"cacheDir\",\"port\",\"requestedCapabilities\",\"automationProtocol\",\"baseUrl\",\"waitforInterval\",\"waitforTimeout\",\"onReload\",\"beforeCommand\",\"afterCommand\",\"rootDir\",\"specs\",\"suites\",\"exclude\",\"groupLogsByTestSpec\",\"excludeDriverLogs\",\"bail\",\"framework\",\"reporters\",\"services\",\"maxInstances\",\"maxInstancesPerCapability\",\"injectGlobals\",\"filesToWatch\",\"execArgv\",\"runnerEnv\",\"runner\",\"shard\",\"specFileRetries\",\"specFileRetriesDelay\",\"specFileRetriesDeferred\",\"reporterSyncInterval\",\"reporterSyncTimeout\",\"cucumberFeaturesWithLineNumbers\",\"autoCompileOpts\",\"mochaOpts\",\"jasmineOpts\",\"cucumberOpts\",\"onPrepare\",\"onWorkerStart\",\"onWorkerEnd\",\"before\",\"beforeSession\",\"beforeSuite\",\"beforeHook\",\"beforeTest\",\"afterTest\",\"afterHook\",\"afterSuite\",\"afterSession\",\"after\",\"onComplete\",\"beforeAssertion\",\"afterAssertion\",\"beforeFeature\",\"beforeScenario\",\"beforeStep\",\"afterStep\",\"afterScenario\",\"afterFeature\",\"_\",\"suite\",\"$0\",\"ignoredWorkerServices\",\"wdi5\"]"}]}
COMMAND: POST /session/3080ab49fbb8c4e7eecdf487ecde7ebb/execute/async - {"script":"<script> [21126 bytes]","args":[35000]}
RESULT: {"script":"<script> [21126 bytes]","args":[35000]}
COMMAND: POST /session/3080ab49fbb8c4e7eecdf487ecde7ebb/window/maximize - {}
RESULT: {}
COMMAND: POST /session/3080ab49fbb8c4e7eecdf487ecde7ebb/execute/async - {"script":"<script> [1562 bytes]","args":[{"selector":{"id":"shell-header","interaction":{"idSuffix":"icon"}},"wdio_ui5_key":"shellheader"}]}
COMMAND: GET /session/3080ab49fbb8c4e7eecdf487ecde7ebb/screenshot - {}
RESULT: {"script":"<script> [1562 bytes]","args":[{"selector":{"id":"shell-header","interaction":{"idSuffix":"icon"}},"wdio_ui5_key":"shellheader"}]}
RESULT: undefined
RESULT: {}
COMMAND: POST /session/3080ab49fbb8c4e7eecdf487ecde7ebb/execute/async - {"script":"<script> [1562 bytes]","args":[{"selector":{"controlType":"sap.m.Title","i18NText":{"propertyName":"text","key":"dataCollectionAgreement"},"searchOpenDialogs":true},"wdio_ui5_key":"sapm.Title{\"propertyName\":\"text\",\"key\":\"dataCollectionAgreement\"}"}]}
RESULT: {"script":"<script> [1562 bytes]","args":[{"selector":{"controlType":"sap.m.Title","i18NText":{"propertyName":"text","key":"dataCollectionAgreement"},"searchOpenDialogs":true},"wdio_ui5_key":"sapm.Title{\"propertyName\":\"text\",\"key\":\"dataCollectionAgreement\"}"}]}
RESULT: undefined
COMMAND: POST /session/3080ab49fbb8c4e7eecdf487ecde7ebb/execute/async - {"script":"<script> [1562 bytes]","args":[{"selector":{"controlType":"sap.m.GenericTile","properties":{"header":"Manage Resources"}},"wdio_ui5_key":"sapm.GenericTile{\"header\":\"Manage Resources\"}"}]}
RESULT: {"script":"<script> [1562 bytes]","args":[{"selector":{"controlType":"sap.m.GenericTile","properties":{"header":"Manage Resources"}},"wdio_ui5_key":"sapm.GenericTile{\"header\":\"Manage Resources\"}"}]}
RESULT: undefined
COMMAND: POST /session/3080ab49fbb8c4e7eecdf487ecde7ebb/element - {"using":"xpath","value":"//*[@id=\"__tile31\"]"}
RESULT: {"using":"xpath","value":"//*[@id=\"__tile31\"]"}
COMMAND: POST /session/3080ab49fbb8c4e7eecdf487ecde7ebb/element/f.73CD6E590336CA8913C659C97A11067A.d.7B47048FC100D258751F43B656191309.e.6077/click - {}
RESULT: {}
COMMAND: GET /session/3080ab49fbb8c4e7eecdf487ecde7ebb/screenshot - {}
RESULT: {}
COMMAND: POST /session/3080ab49fbb8c4e7eecdf487ecde7ebb/elements - {"using":"xpath","value":"//span[text()='Error']"}
RESULT: {"using":"xpath","value":"//span[text()='Error']"}
]]></system-out>
    </testcase>
  </testsuite>
  <testsuite timestamp="2025-05-29T15:32:55" time="548.803" tests="2" failures="0" errors="0" skipped="0">
    <properties>
      <property name="specId" value="0"/>
      <property name="suiteName" value="Create 2 RU material US118246"/>
      <property name="capabilities" value="chrome.136_0_7103_93.windows"/>
      <property name="file" value="file:///D:/a/1/s/test/specs/R2C/create-material.spec.js"/>
    </properties>
    <testcase classname="chrome.136_0_7103_93.windows.Create_2_RU_material_US118246" name="Create material" time="248.447">
      <system-out><![CDATA[
COMMAND: POST /session/3080ab49fbb8c4e7eecdf487ecde7ebb/element - {"using":"xpath","value":"//button[@data-kt=\"addNewRUOverflowToolbarButton\"]"}
RESULT: {"using":"xpath","value":"//button[@data-kt=\"addNewRUOverflowToolbarButton\"]"}
COMMAND: POST /session/3080ab49fbb8c4e7eecdf487ecde7ebb/execute/sync - {"script":"<script> [8489 bytes]","args":[{"element-6066-11e4-a52e-4f735466cecf":"f.73CD6E590336CA8913C659C97A11067A.d.7B47048FC100D258751F43B656191309.e.6216","ELEMENT":"f.73CD6E590336CA8913C659C97A11067A.d.7B47048FC100D258751F43B656191309.e.6216"}]}
RESULT: {"script":"<script> [8489 bytes]","args":[{"element-6066-11e4-a52e-4f735466cecf":"f.73CD6E590336CA8913C659C97A11067A.d.7B47048FC100D258751F43B656191309.e.6216","ELEMENT":"f.73CD6E590336CA8913C659C97A11067A.d.7B47048FC100D258751F43B656191309.e.6216"}]}
COMMAND: POST /session/3080ab49fbb8c4e7eecdf487ecde7ebb/element/f.73CD6E590336CA8913C659C97A11067A.d.7B47048FC100D258751F43B656191309.e.6216/click - {}
COMMAND: GET /session/3080ab49fbb8c4e7eecdf487ecde7ebb/screenshot - {}
RESULT: {}
COMMAND: GET /session/3080ab49fbb8c4e7eecdf487ecde7ebb/screenshot - {}
RESULT: {}
RESULT: {}
COMMAND: POST /session/3080ab49fbb8c4e7eecdf487ecde7ebb/execute/async - {"script":"<script> [1562 bytes]","args":[{"selector":{"controlType":"sap.m.ComboBox","viewName":"reusables.view.manageresources.NewResourceUnit","viewId":"application-manageresources-display-component---newResourceUnit","bindingPath":{"path":"","propertyPath":"/RuTypes","modelName":"catalogModel"},"searchOpenDialogs":true},"wdio_ui5_key":"reusablesview.manageresources.NewResourceUnitsap.m.ComboBox{\"path\":\"\",\"propertyPath\":\"/RuTypes\",\"modelName\":\"catalogModel\"}"}]}
RESULT: {"script":"<script> [1562 bytes]","args":[{"selector":{"controlType":"sap.m.ComboBox","viewName":"reusables.view.manageresources.NewResourceUnit","viewId":"application-manageresources-display-component---newResourceUnit","bindingPath":{"path":"","propertyPath":"/RuTypes","modelName":"catalogModel"},"searchOpenDialogs":true},"wdio_ui5_key":"reusablesview.manageresources.NewResourceUnitsap.m.ComboBox{\"path\":\"\",\"propertyPath\":\"/RuTypes\",\"modelName\":\"catalogModel\"}"}]}
RESULT: undefined
COMMAND: POST /session/3080ab49fbb8c4e7eecdf487ecde7ebb/execute/async - {"script":"<script> [1562 bytes]","args":[{"selector":{"controlType":"sap.m.ComboBox","viewName":"reusables.view.manageresources.NewResourceUnit","viewId":"application-manageresources-display-component---newResourceUnit","bindingPath":{"path":"","propertyPath":"/Yards","modelName":"catalogModel"},"searchOpenDialogs":true},"wdio_ui5_key":"reusablesview.manageresources.NewResourceUnitsap.m.ComboBox{\"path\":\"\",\"propertyPath\":\"/Yards\",\"modelName\":\"catalogModel\"}"}]}
RESULT: {"script":"<script> [1562 bytes]","args":[{"selector":{"controlType":"sap.m.ComboBox","viewName":"reusables.view.manageresources.NewResourceUnit","viewId":"application-manageresources-display-component---newResourceUnit","bindingPath":{"path":"","propertyPath":"/Yards","modelName":"catalogModel"},"searchOpenDialogs":true},"wdio_ui5_key":"reusablesview.manageresources.NewResourceUnitsap.m.ComboBox{\"path\":\"\",\"propertyPath\":\"/Yards\",\"modelName\":\"catalogModel\"}"}]}
RESULT: undefined
COMMAND: POST /session/3080ab49fbb8c4e7eecdf487ecde7ebb/execute/async - {"script":"<script> [1562 bytes]","args":[{"selector":{"controlType":"etm.portal.ui.reusables.customControls.LiveSearchComboBox","viewName":"reusables.view.manageresources.NewResourceUnit","viewId":"application-manageresources-display-component---newResourceUnit","bindingPath":{"path":"","propertyPath":"/CatalogItems","modelName":"catalogModel"},"searchOpenDialogs":true},"wdio_ui5_key":"reusablesview.manageresources.NewResourceUnitetm.portal.ui.reusables.customControls.LiveSearchComboBox{\"path\":\"\",\"propertyPath\":\"/CatalogItems\",\"modelName\":\"catalogModel\"}"}]}
RESULT: {"script":"<script> [1562 bytes]","args":[{"selector":{"controlType":"etm.portal.ui.reusables.customControls.LiveSearchComboBox","viewName":"reusables.view.manageresources.NewResourceUnit","viewId":"application-manageresources-display-component---newResourceUnit","bindingPath":{"path":"","propertyPath":"/CatalogItems","modelName":"catalogModel"},"searchOpenDialogs":true},"wdio_ui5_key":"reusablesview.manageresources.NewResourceUnitetm.portal.ui.reusables.customControls.LiveSearchComboBox{\"path\":\"\",\"propertyPath\":\"/CatalogItems\",\"modelName\":\"catalogModel\"}"}]}
RESULT: undefined
COMMAND: POST /session/3080ab49fbb8c4e7eecdf487ecde7ebb/element - {"using":"xpath","value":"//bdi[text()=\"OK\"]"}
RESULT: {"using":"xpath","value":"//bdi[text()=\"OK\"]"}
COMMAND: POST /session/3080ab49fbb8c4e7eecdf487ecde7ebb/elements - {"using":"xpath","value":"//bdi[text()=\"OK\"]"}
RESULT: {"using":"xpath","value":"//bdi[text()=\"OK\"]"}
COMMAND: POST /session/3080ab49fbb8c4e7eecdf487ecde7ebb/elements - {"using":"xpath","value":"//bdi[text()=\"OK\"]"}
RESULT: {"using":"xpath","value":"//bdi[text()=\"OK\"]"}
COMMAND: POST /session/3080ab49fbb8c4e7eecdf487ecde7ebb/elements - {"using":"xpath","value":"//bdi[text()=\"OK\"]"}
RESULT: {"using":"xpath","value":"//bdi[text()=\"OK\"]"}
COMMAND: POST /session/3080ab49fbb8c4e7eecdf487ecde7ebb/elements - {"using":"xpath","value":"//bdi[text()=\"OK\"]"}
RESULT: {"using":"xpath","value":"//bdi[text()=\"OK\"]"}
COMMAND: POST /session/3080ab49fbb8c4e7eecdf487ecde7ebb/elements - {"using":"xpath","value":"//bdi[text()=\"OK\"]"}
RESULT: {"using":"xpath","value":"//bdi[text()=\"OK\"]"}
COMMAND: POST /session/3080ab49fbb8c4e7eecdf487ecde7ebb/elements - {"using":"xpath","value":"//bdi[text()=\"OK\"]"}
RESULT: {"using":"xpath","value":"//bdi[text()=\"OK\"]"}
COMMAND: POST /session/3080ab49fbb8c4e7eecdf487ecde7ebb/elements - {"using":"xpath","value":"//bdi[text()=\"OK\"]"}
RESULT: {"using":"xpath","value":"//bdi[text()=\"OK\"]"}
COMMAND: POST /session/3080ab49fbb8c4e7eecdf487ecde7ebb/elements - {"using":"xpath","value":"//bdi[text()=\"OK\"]"}
RESULT: {"using":"xpath","value":"//bdi[text()=\"OK\"]"}
COMMAND: POST /session/3080ab49fbb8c4e7eecdf487ecde7ebb/elements - {"using":"xpath","value":"//bdi[text()=\"OK\"]"}
RESULT: {"using":"xpath","value":"//bdi[text()=\"OK\"]"}
COMMAND: POST /session/3080ab49fbb8c4e7eecdf487ecde7ebb/elements - {"using":"xpath","value":"//bdi[text()=\"OK\"]"}
RESULT: {"using":"xpath","value":"//bdi[text()=\"OK\"]"}
COMMAND: POST /session/3080ab49fbb8c4e7eecdf487ecde7ebb/elements - {"using":"xpath","value":"//bdi[text()=\"OK\"]"}
RESULT: {"using":"xpath","value":"//bdi[text()=\"OK\"]"}
COMMAND: POST /session/3080ab49fbb8c4e7eecdf487ecde7ebb/elements - {"using":"xpath","value":"//bdi[text()=\"OK\"]"}
RESULT: {"using":"xpath","value":"//bdi[text()=\"OK\"]"}
COMMAND: POST /session/3080ab49fbb8c4e7eecdf487ecde7ebb/elements - {"using":"xpath","value":"//bdi[text()=\"OK\"]"}
RESULT: {"using":"xpath","value":"//bdi[text()=\"OK\"]"}
COMMAND: POST /session/3080ab49fbb8c4e7eecdf487ecde7ebb/elements - {"using":"xpath","value":"//bdi[text()=\"OK\"]"}
RESULT: {"using":"xpath","value":"//bdi[text()=\"OK\"]"}
COMMAND: POST /session/3080ab49fbb8c4e7eecdf487ecde7ebb/elements - {"using":"xpath","value":"//bdi[text()=\"OK\"]"}
RESULT: {"using":"xpath","value":"//bdi[text()=\"OK\"]"}
COMMAND: POST /session/3080ab49fbb8c4e7eecdf487ecde7ebb/elements - {"using":"xpath","value":"//bdi[text()=\"OK\"]"}
RESULT: {"using":"xpath","value":"//bdi[text()=\"OK\"]"}
COMMAND: POST /session/3080ab49fbb8c4e7eecdf487ecde7ebb/elements - {"using":"xpath","value":"//bdi[text()=\"OK\"]"}
RESULT: {"using":"xpath","value":"//bdi[text()=\"OK\"]"}
COMMAND: POST /session/3080ab49fbb8c4e7eecdf487ecde7ebb/elements - {"using":"xpath","value":"//bdi[text()=\"OK\"]"}
RESULT: {"using":"xpath","value":"//bdi[text()=\"OK\"]"}
COMMAND: POST /session/3080ab49fbb8c4e7eecdf487ecde7ebb/elements - {"using":"xpath","value":"//bdi[text()=\"OK\"]"}
RESULT: {"using":"xpath","value":"//bdi[text()=\"OK\"]"}
COMMAND: POST /session/3080ab49fbb8c4e7eecdf487ecde7ebb/elements - {"using":"xpath","value":"//bdi[text()=\"OK\"]"}
RESULT: {"using":"xpath","value":"//bdi[text()=\"OK\"]"}
COMMAND: POST /session/3080ab49fbb8c4e7eecdf487ecde7ebb/elements - {"using":"xpath","value":"//bdi[text()=\"OK\"]"}
RESULT: {"using":"xpath","value":"//bdi[text()=\"OK\"]"}
COMMAND: POST /session/3080ab49fbb8c4e7eecdf487ecde7ebb/elements - {"using":"xpath","value":"//bdi[text()=\"OK\"]"}
RESULT: {"using":"xpath","value":"//bdi[text()=\"OK\"]"}
COMMAND: POST /session/3080ab49fbb8c4e7eecdf487ecde7ebb/elements - {"using":"xpath","value":"//bdi[text()=\"OK\"]"}
RESULT: {"using":"xpath","value":"//bdi[text()=\"OK\"]"}
COMMAND: POST /session/3080ab49fbb8c4e7eecdf487ecde7ebb/elements - {"using":"xpath","value":"//bdi[text()=\"OK\"]"}
RESULT: {"using":"xpath","value":"//bdi[text()=\"OK\"]"}
COMMAND: POST /session/3080ab49fbb8c4e7eecdf487ecde7ebb/elements - {"using":"xpath","value":"//bdi[text()=\"OK\"]"}
RESULT: {"using":"xpath","value":"//bdi[text()=\"OK\"]"}
COMMAND: POST /session/3080ab49fbb8c4e7eecdf487ecde7ebb/elements - {"using":"xpath","value":"//bdi[text()=\"OK\"]"}
RESULT: {"using":"xpath","value":"//bdi[text()=\"OK\"]"}
COMMAND: POST /session/3080ab49fbb8c4e7eecdf487ecde7ebb/elements - {"using":"xpath","value":"//bdi[text()=\"OK\"]"}
RESULT: {"using":"xpath","value":"//bdi[text()=\"OK\"]"}
COMMAND: POST /session/3080ab49fbb8c4e7eecdf487ecde7ebb/elements - {"using":"xpath","value":"//bdi[text()=\"OK\"]"}
RESULT: {"using":"xpath","value":"//bdi[text()=\"OK\"]"}
COMMAND: POST /session/3080ab49fbb8c4e7eecdf487ecde7ebb/elements - {"using":"xpath","value":"//bdi[text()=\"OK\"]"}
RESULT: {"using":"xpath","value":"//bdi[text()=\"OK\"]"}
COMMAND: POST /session/3080ab49fbb8c4e7eecdf487ecde7ebb/elements - {"using":"xpath","value":"//bdi[text()=\"OK\"]"}
RESULT: {"using":"xpath","value":"//bdi[text()=\"OK\"]"}
COMMAND: POST /session/3080ab49fbb8c4e7eecdf487ecde7ebb/elements - {"using":"xpath","value":"//bdi[text()=\"OK\"]"}
RESULT: {"using":"xpath","value":"//bdi[text()=\"OK\"]"}
COMMAND: POST /session/3080ab49fbb8c4e7eecdf487ecde7ebb/elements - {"using":"xpath","value":"//bdi[text()=\"OK\"]"}
RESULT: {"using":"xpath","value":"//bdi[text()=\"OK\"]"}
COMMAND: POST /session/3080ab49fbb8c4e7eecdf487ecde7ebb/elements - {"using":"xpath","value":"//bdi[text()=\"OK\"]"}
RESULT: {"using":"xpath","value":"//bdi[text()=\"OK\"]"}
COMMAND: POST /session/3080ab49fbb8c4e7eecdf487ecde7ebb/elements - {"using":"xpath","value":"//bdi[text()=\"OK\"]"}
RESULT: {"using":"xpath","value":"//bdi[text()=\"OK\"]"}
COMMAND: POST /session/3080ab49fbb8c4e7eecdf487ecde7ebb/elements - {"using":"xpath","value":"//bdi[text()=\"OK\"]"}
RESULT: {"using":"xpath","value":"//bdi[text()=\"OK\"]"}
COMMAND: POST /session/3080ab49fbb8c4e7eecdf487ecde7ebb/elements - {"using":"xpath","value":"//bdi[text()=\"OK\"]"}
RESULT: {"using":"xpath","value":"//bdi[text()=\"OK\"]"}
COMMAND: POST /session/3080ab49fbb8c4e7eecdf487ecde7ebb/elements - {"using":"xpath","value":"//bdi[text()=\"OK\"]"}
RESULT: {"using":"xpath","value":"//bdi[text()=\"OK\"]"}
COMMAND: POST /session/3080ab49fbb8c4e7eecdf487ecde7ebb/elements - {"using":"xpath","value":"//bdi[text()=\"OK\"]"}
RESULT: {"using":"xpath","value":"//bdi[text()=\"OK\"]"}
COMMAND: POST /session/3080ab49fbb8c4e7eecdf487ecde7ebb/elements - {"using":"xpath","value":"//bdi[text()=\"OK\"]"}
RESULT: {"using":"xpath","value":"//bdi[text()=\"OK\"]"}
COMMAND: POST /session/3080ab49fbb8c4e7eecdf487ecde7ebb/elements - {"using":"xpath","value":"//bdi[text()=\"OK\"]"}
RESULT: {"using":"xpath","value":"//bdi[text()=\"OK\"]"}
COMMAND: POST /session/3080ab49fbb8c4e7eecdf487ecde7ebb/elements - {"using":"xpath","value":"//bdi[text()=\"OK\"]"}
RESULT: {"using":"xpath","value":"//bdi[text()=\"OK\"]"}
COMMAND: POST /session/3080ab49fbb8c4e7eecdf487ecde7ebb/elements - {"using":"xpath","value":"//bdi[text()=\"OK\"]"}
RESULT: {"using":"xpath","value":"//bdi[text()=\"OK\"]"}
COMMAND: POST /session/3080ab49fbb8c4e7eecdf487ecde7ebb/elements - {"using":"xpath","value":"//bdi[text()=\"OK\"]"}
RESULT: {"using":"xpath","value":"//bdi[text()=\"OK\"]"}
COMMAND: POST /session/3080ab49fbb8c4e7eecdf487ecde7ebb/elements - {"using":"xpath","value":"//bdi[text()=\"OK\"]"}
RESULT: {"using":"xpath","value":"//bdi[text()=\"OK\"]"}
COMMAND: POST /session/3080ab49fbb8c4e7eecdf487ecde7ebb/elements - {"using":"xpath","value":"//bdi[text()=\"OK\"]"}
RESULT: {"using":"xpath","value":"//bdi[text()=\"OK\"]"}
COMMAND: POST /session/3080ab49fbb8c4e7eecdf487ecde7ebb/elements - {"using":"xpath","value":"//bdi[text()=\"OK\"]"}
RESULT: {"using":"xpath","value":"//bdi[text()=\"OK\"]"}
COMMAND: POST /session/3080ab49fbb8c4e7eecdf487ecde7ebb/elements - {"using":"xpath","value":"//bdi[text()=\"OK\"]"}
RESULT: {"using":"xpath","value":"//bdi[text()=\"OK\"]"}
COMMAND: POST /session/3080ab49fbb8c4e7eecdf487ecde7ebb/elements - {"using":"xpath","value":"//bdi[text()=\"OK\"]"}
RESULT: {"using":"xpath","value":"//bdi[text()=\"OK\"]"}
COMMAND: POST /session/3080ab49fbb8c4e7eecdf487ecde7ebb/elements - {"using":"xpath","value":"//bdi[text()=\"OK\"]"}
RESULT: {"using":"xpath","value":"//bdi[text()=\"OK\"]"}
COMMAND: POST /session/3080ab49fbb8c4e7eecdf487ecde7ebb/elements - {"using":"xpath","value":"//bdi[text()=\"OK\"]"}
RESULT: {"using":"xpath","value":"//bdi[text()=\"OK\"]"}
COMMAND: POST /session/3080ab49fbb8c4e7eecdf487ecde7ebb/elements - {"using":"xpath","value":"//bdi[text()=\"OK\"]"}
RESULT: {"using":"xpath","value":"//bdi[text()=\"OK\"]"}
COMMAND: POST /session/3080ab49fbb8c4e7eecdf487ecde7ebb/elements - {"using":"xpath","value":"//bdi[text()=\"OK\"]"}
RESULT: {"using":"xpath","value":"//bdi[text()=\"OK\"]"}
COMMAND: POST /session/3080ab49fbb8c4e7eecdf487ecde7ebb/elements - {"using":"xpath","value":"//bdi[text()=\"OK\"]"}
RESULT: {"using":"xpath","value":"//bdi[text()=\"OK\"]"}
COMMAND: POST /session/3080ab49fbb8c4e7eecdf487ecde7ebb/elements - {"using":"xpath","value":"//bdi[text()=\"OK\"]"}
RESULT: {"using":"xpath","value":"//bdi[text()=\"OK\"]"}
COMMAND: POST /session/3080ab49fbb8c4e7eecdf487ecde7ebb/elements - {"using":"xpath","value":"//bdi[text()=\"OK\"]"}
RESULT: {"using":"xpath","value":"//bdi[text()=\"OK\"]"}
COMMAND: POST /session/3080ab49fbb8c4e7eecdf487ecde7ebb/elements - {"using":"xpath","value":"//bdi[text()=\"OK\"]"}
RESULT: {"using":"xpath","value":"//bdi[text()=\"OK\"]"}
COMMAND: POST /session/3080ab49fbb8c4e7eecdf487ecde7ebb/elements - {"using":"xpath","value":"//bdi[text()=\"OK\"]"}
RESULT: {"using":"xpath","value":"//bdi[text()=\"OK\"]"}
COMMAND: POST /session/3080ab49fbb8c4e7eecdf487ecde7ebb/elements - {"using":"xpath","value":"//bdi[text()=\"OK\"]"}
RESULT: {"using":"xpath","value":"//bdi[text()=\"OK\"]"}
COMMAND: POST /session/3080ab49fbb8c4e7eecdf487ecde7ebb/elements - {"using":"xpath","value":"//bdi[text()=\"OK\"]"}
RESULT: {"using":"xpath","value":"//bdi[text()=\"OK\"]"}
COMMAND: POST /session/3080ab49fbb8c4e7eecdf487ecde7ebb/elements - {"using":"xpath","value":"//bdi[text()=\"OK\"]"}
RESULT: {"using":"xpath","value":"//bdi[text()=\"OK\"]"}
COMMAND: POST /session/3080ab49fbb8c4e7eecdf487ecde7ebb/elements - {"using":"xpath","value":"//bdi[text()=\"OK\"]"}
RESULT: {"using":"xpath","value":"//bdi[text()=\"OK\"]"}
COMMAND: POST /session/3080ab49fbb8c4e7eecdf487ecde7ebb/elements - {"using":"xpath","value":"//bdi[text()=\"OK\"]"}
RESULT: {"using":"xpath","value":"//bdi[text()=\"OK\"]"}
COMMAND: POST /session/3080ab49fbb8c4e7eecdf487ecde7ebb/elements - {"using":"xpath","value":"//bdi[text()=\"OK\"]"}
RESULT: {"using":"xpath","value":"//bdi[text()=\"OK\"]"}
COMMAND: POST /session/3080ab49fbb8c4e7eecdf487ecde7ebb/elements - {"using":"xpath","value":"//bdi[text()=\"OK\"]"}
RESULT: {"using":"xpath","value":"//bdi[text()=\"OK\"]"}
COMMAND: POST /session/3080ab49fbb8c4e7eecdf487ecde7ebb/elements - {"using":"xpath","value":"//bdi[text()=\"OK\"]"}
RESULT: {"using":"xpath","value":"//bdi[text()=\"OK\"]"}
COMMAND: POST /session/3080ab49fbb8c4e7eecdf487ecde7ebb/elements - {"using":"xpath","value":"//bdi[text()=\"OK\"]"}
RESULT: {"using":"xpath","value":"//bdi[text()=\"OK\"]"}
COMMAND: POST /session/3080ab49fbb8c4e7eecdf487ecde7ebb/elements - {"using":"xpath","value":"//bdi[text()=\"OK\"]"}
RESULT: {"using":"xpath","value":"//bdi[text()=\"OK\"]"}
COMMAND: POST /session/3080ab49fbb8c4e7eecdf487ecde7ebb/elements - {"using":"xpath","value":"//bdi[text()=\"OK\"]"}
RESULT: {"using":"xpath","value":"//bdi[text()=\"OK\"]"}
COMMAND: POST /session/3080ab49fbb8c4e7eecdf487ecde7ebb/elements - {"using":"xpath","value":"//bdi[text()=\"OK\"]"}
RESULT: {"using":"xpath","value":"//bdi[text()=\"OK\"]"}
COMMAND: POST /session/3080ab49fbb8c4e7eecdf487ecde7ebb/elements - {"using":"xpath","value":"//bdi[text()=\"OK\"]"}
RESULT: {"using":"xpath","value":"//bdi[text()=\"OK\"]"}
COMMAND: POST /session/3080ab49fbb8c4e7eecdf487ecde7ebb/elements - {"using":"xpath","value":"//bdi[text()=\"OK\"]"}
RESULT: {"using":"xpath","value":"//bdi[text()=\"OK\"]"}
COMMAND: POST /session/3080ab49fbb8c4e7eecdf487ecde7ebb/elements - {"using":"xpath","value":"//bdi[text()=\"OK\"]"}
RESULT: {"using":"xpath","value":"//bdi[text()=\"OK\"]"}
COMMAND: POST /session/3080ab49fbb8c4e7eecdf487ecde7ebb/elements - {"using":"xpath","value":"//bdi[text()=\"OK\"]"}
RESULT: {"using":"xpath","value":"//bdi[text()=\"OK\"]"}
COMMAND: POST /session/3080ab49fbb8c4e7eecdf487ecde7ebb/elements - {"using":"xpath","value":"//bdi[text()=\"OK\"]"}
RESULT: {"using":"xpath","value":"//bdi[text()=\"OK\"]"}
COMMAND: POST /session/3080ab49fbb8c4e7eecdf487ecde7ebb/elements - {"using":"xpath","value":"//bdi[text()=\"OK\"]"}
RESULT: {"using":"xpath","value":"//bdi[text()=\"OK\"]"}
COMMAND: POST /session/3080ab49fbb8c4e7eecdf487ecde7ebb/elements - {"using":"xpath","value":"//bdi[text()=\"OK\"]"}
RESULT: {"using":"xpath","value":"//bdi[text()=\"OK\"]"}
COMMAND: POST /session/3080ab49fbb8c4e7eecdf487ecde7ebb/elements - {"using":"xpath","value":"//bdi[text()=\"OK\"]"}
RESULT: {"using":"xpath","value":"//bdi[text()=\"OK\"]"}
COMMAND: POST /session/3080ab49fbb8c4e7eecdf487ecde7ebb/elements - {"using":"xpath","value":"//bdi[text()=\"OK\"]"}
RESULT: {"using":"xpath","value":"//bdi[text()=\"OK\"]"}
COMMAND: POST /session/3080ab49fbb8c4e7eecdf487ecde7ebb/elements - {"using":"xpath","value":"//bdi[text()=\"OK\"]"}
RESULT: {"using":"xpath","value":"//bdi[text()=\"OK\"]"}
COMMAND: POST /session/3080ab49fbb8c4e7eecdf487ecde7ebb/elements - {"using":"xpath","value":"//bdi[text()=\"OK\"]"}
RESULT: {"using":"xpath","value":"//bdi[text()=\"OK\"]"}
COMMAND: POST /session/3080ab49fbb8c4e7eecdf487ecde7ebb/elements - {"using":"xpath","value":"//bdi[text()=\"OK\"]"}
RESULT: {"using":"xpath","value":"//bdi[text()=\"OK\"]"}
COMMAND: POST /session/3080ab49fbb8c4e7eecdf487ecde7ebb/elements - {"using":"xpath","value":"//bdi[text()=\"OK\"]"}
RESULT: {"using":"xpath","value":"//bdi[text()=\"OK\"]"}
COMMAND: POST /session/3080ab49fbb8c4e7eecdf487ecde7ebb/elements - {"using":"xpath","value":"//bdi[text()=\"OK\"]"}
RESULT: {"using":"xpath","value":"//bdi[text()=\"OK\"]"}
COMMAND: POST /session/3080ab49fbb8c4e7eecdf487ecde7ebb/elements - {"using":"xpath","value":"//bdi[text()=\"OK\"]"}
RESULT: {"using":"xpath","value":"//bdi[text()=\"OK\"]"}
COMMAND: POST /session/3080ab49fbb8c4e7eecdf487ecde7ebb/elements - {"using":"xpath","value":"//bdi[text()=\"OK\"]"}
RESULT: {"using":"xpath","value":"//bdi[text()=\"OK\"]"}
COMMAND: POST /session/3080ab49fbb8c4e7eecdf487ecde7ebb/elements - {"using":"xpath","value":"//bdi[text()=\"OK\"]"}
RESULT: {"using":"xpath","value":"//bdi[text()=\"OK\"]"}
COMMAND: POST /session/3080ab49fbb8c4e7eecdf487ecde7ebb/elements - {"using":"xpath","value":"//bdi[text()=\"OK\"]"}
RESULT: {"using":"xpath","value":"//bdi[text()=\"OK\"]"}
COMMAND: POST /session/3080ab49fbb8c4e7eecdf487ecde7ebb/elements - {"using":"xpath","value":"//bdi[text()=\"OK\"]"}
RESULT: {"using":"xpath","value":"//bdi[text()=\"OK\"]"}
COMMAND: POST /session/3080ab49fbb8c4e7eecdf487ecde7ebb/elements - {"using":"xpath","value":"//bdi[text()=\"OK\"]"}
RESULT: {"using":"xpath","value":"//bdi[text()=\"OK\"]"}
COMMAND: POST /session/3080ab49fbb8c4e7eecdf487ecde7ebb/elements - {"using":"xpath","value":"//bdi[text()=\"OK\"]"}
RESULT: {"using":"xpath","value":"//bdi[text()=\"OK\"]"}
COMMAND: POST /session/3080ab49fbb8c4e7eecdf487ecde7ebb/elements - {"using":"xpath","value":"//bdi[text()=\"OK\"]"}
RESULT: {"using":"xpath","value":"//bdi[text()=\"OK\"]"}
COMMAND: POST /session/3080ab49fbb8c4e7eecdf487ecde7ebb/elements - {"using":"xpath","value":"//bdi[text()=\"OK\"]"}
RESULT: {"using":"xpath","value":"//bdi[text()=\"OK\"]"}
COMMAND: POST /session/3080ab49fbb8c4e7eecdf487ecde7ebb/elements - {"using":"xpath","value":"//bdi[text()=\"OK\"]"}
RESULT: {"using":"xpath","value":"//bdi[text()=\"OK\"]"}
COMMAND: POST /session/3080ab49fbb8c4e7eecdf487ecde7ebb/elements - {"using":"xpath","value":"//bdi[text()=\"OK\"]"}
RESULT: {"using":"xpath","value":"//bdi[text()=\"OK\"]"}
COMMAND: POST /session/3080ab49fbb8c4e7eecdf487ecde7ebb/elements - {"using":"xpath","value":"//bdi[text()=\"OK\"]"}
RESULT: {"using":"xpath","value":"//bdi[text()=\"OK\"]"}
COMMAND: POST /session/3080ab49fbb8c4e7eecdf487ecde7ebb/elements - {"using":"xpath","value":"//bdi[text()=\"OK\"]"}
RESULT: {"using":"xpath","value":"//bdi[text()=\"OK\"]"}
COMMAND: POST /session/3080ab49fbb8c4e7eecdf487ecde7ebb/elements - {"using":"xpath","value":"//bdi[text()=\"OK\"]"}
RESULT: {"using":"xpath","value":"//bdi[text()=\"OK\"]"}
COMMAND: POST /session/3080ab49fbb8c4e7eecdf487ecde7ebb/elements - {"using":"xpath","value":"//bdi[text()=\"OK\"]"}
RESULT: {"using":"xpath","value":"//bdi[text()=\"OK\"]"}
COMMAND: POST /session/3080ab49fbb8c4e7eecdf487ecde7ebb/elements - {"using":"xpath","value":"//bdi[text()=\"OK\"]"}
RESULT: {"using":"xpath","value":"//bdi[text()=\"OK\"]"}
COMMAND: POST /session/3080ab49fbb8c4e7eecdf487ecde7ebb/elements - {"using":"xpath","value":"//bdi[text()=\"OK\"]"}
RESULT: {"using":"xpath","value":"//bdi[text()=\"OK\"]"}
COMMAND: POST /session/3080ab49fbb8c4e7eecdf487ecde7ebb/elements - {"using":"xpath","value":"//bdi[text()=\"OK\"]"}
RESULT: {"using":"xpath","value":"//bdi[text()=\"OK\"]"}
COMMAND: POST /session/3080ab49fbb8c4e7eecdf487ecde7ebb/elements - {"using":"xpath","value":"//bdi[text()=\"OK\"]"}
RESULT: {"using":"xpath","value":"//bdi[text()=\"OK\"]"}
COMMAND: POST /session/3080ab49fbb8c4e7eecdf487ecde7ebb/elements - {"using":"xpath","value":"//bdi[text()=\"OK\"]"}
RESULT: {"using":"xpath","value":"//bdi[text()=\"OK\"]"}
COMMAND: POST /session/3080ab49fbb8c4e7eecdf487ecde7ebb/elements - {"using":"xpath","value":"//bdi[text()=\"OK\"]"}
RESULT: {"using":"xpath","value":"//bdi[text()=\"OK\"]"}
COMMAND: POST /session/3080ab49fbb8c4e7eecdf487ecde7ebb/elements - {"using":"xpath","value":"//bdi[text()=\"OK\"]"}
RESULT: {"using":"xpath","value":"//bdi[text()=\"OK\"]"}
COMMAND: POST /session/3080ab49fbb8c4e7eecdf487ecde7ebb/elements - {"using":"xpath","value":"//bdi[text()=\"OK\"]"}
RESULT: {"using":"xpath","value":"//bdi[text()=\"OK\"]"}
COMMAND: POST /session/3080ab49fbb8c4e7eecdf487ecde7ebb/elements - {"using":"xpath","value":"//bdi[text()=\"OK\"]"}
RESULT: {"using":"xpath","value":"//bdi[text()=\"OK\"]"}
COMMAND: POST /session/3080ab49fbb8c4e7eecdf487ecde7ebb/elements - {"using":"xpath","value":"//bdi[text()=\"OK\"]"}
RESULT: {"using":"xpath","value":"//bdi[text()=\"OK\"]"}
COMMAND: POST /session/3080ab49fbb8c4e7eecdf487ecde7ebb/elements - {"using":"xpath","value":"//bdi[text()=\"OK\"]"}
RESULT: {"using":"xpath","value":"//bdi[text()=\"OK\"]"}
COMMAND: POST /session/3080ab49fbb8c4e7eecdf487ecde7ebb/elements - {"using":"xpath","value":"//bdi[text()=\"OK\"]"}
RESULT: {"using":"xpath","value":"//bdi[text()=\"OK\"]"}
COMMAND: POST /session/3080ab49fbb8c4e7eecdf487ecde7ebb/elements - {"using":"xpath","value":"//bdi[text()=\"OK\"]"}
RESULT: {"using":"xpath","value":"//bdi[text()=\"OK\"]"}
COMMAND: POST /session/3080ab49fbb8c4e7eecdf487ecde7ebb/elements - {"using":"xpath","value":"//bdi[text()=\"OK\"]"}
RESULT: {"using":"xpath","value":"//bdi[text()=\"OK\"]"}
COMMAND: POST /session/3080ab49fbb8c4e7eecdf487ecde7ebb/elements - {"using":"xpath","value":"//bdi[text()=\"OK\"]"}
RESULT: {"using":"xpath","value":"//bdi[text()=\"OK\"]"}
COMMAND: POST /session/3080ab49fbb8c4e7eecdf487ecde7ebb/elements - {"using":"xpath","value":"//bdi[text()=\"OK\"]"}
RESULT: {"using":"xpath","value":"//bdi[text()=\"OK\"]"}
COMMAND: POST /session/3080ab49fbb8c4e7eecdf487ecde7ebb/elements - {"using":"xpath","value":"//bdi[text()=\"OK\"]"}
RESULT: {"using":"xpath","value":"//bdi[text()=\"OK\"]"}
COMMAND: POST /session/3080ab49fbb8c4e7eecdf487ecde7ebb/elements - {"using":"xpath","value":"//bdi[text()=\"OK\"]"}
RESULT: {"using":"xpath","value":"//bdi[text()=\"OK\"]"}
COMMAND: POST /session/3080ab49fbb8c4e7eecdf487ecde7ebb/elements - {"using":"xpath","value":"//bdi[text()=\"OK\"]"}
RESULT: {"using":"xpath","value":"//bdi[text()=\"OK\"]"}
COMMAND: POST /session/3080ab49fbb8c4e7eecdf487ecde7ebb/elements - {"using":"xpath","value":"//bdi[text()=\"OK\"]"}
RESULT: {"using":"xpath","value":"//bdi[text()=\"OK\"]"}
COMMAND: POST /session/3080ab49fbb8c4e7eecdf487ecde7ebb/elements - {"using":"xpath","value":"//bdi[text()=\"OK\"]"}
RESULT: {"using":"xpath","value":"//bdi[text()=\"OK\"]"}
COMMAND: POST /session/3080ab49fbb8c4e7eecdf487ecde7ebb/elements - {"using":"xpath","value":"//bdi[text()=\"OK\"]"}
RESULT: {"using":"xpath","value":"//bdi[text()=\"OK\"]"}
COMMAND: POST /session/3080ab49fbb8c4e7eecdf487ecde7ebb/elements - {"using":"xpath","value":"//bdi[text()=\"OK\"]"}
RESULT: {"using":"xpath","value":"//bdi[text()=\"OK\"]"}
COMMAND: POST /session/3080ab49fbb8c4e7eecdf487ecde7ebb/element - {"using":"xpath","value":"//bdi[text()=\"OK\"]"}
RESULT: {"using":"xpath","value":"//bdi[text()=\"OK\"]"}
COMMAND: POST /session/3080ab49fbb8c4e7eecdf487ecde7ebb/elements - {"using":"xpath","value":"//bdi[text()=\"OK\"]"}
RESULT: {"using":"xpath","value":"//bdi[text()=\"OK\"]"}
COMMAND: POST /session/3080ab49fbb8c4e7eecdf487ecde7ebb/elements - {"using":"xpath","value":"//bdi[text()=\"OK\"]"}
RESULT: {"using":"xpath","value":"//bdi[text()=\"OK\"]"}
COMMAND: POST /session/3080ab49fbb8c4e7eecdf487ecde7ebb/elements - {"using":"xpath","value":"//bdi[text()=\"OK\"]"}
RESULT: {"using":"xpath","value":"//bdi[text()=\"OK\"]"}
COMMAND: POST /session/3080ab49fbb8c4e7eecdf487ecde7ebb/elements - {"using":"xpath","value":"//bdi[text()=\"OK\"]"}
RESULT: {"using":"xpath","value":"//bdi[text()=\"OK\"]"}
COMMAND: POST /session/3080ab49fbb8c4e7eecdf487ecde7ebb/elements - {"using":"xpath","value":"//bdi[text()=\"OK\"]"}
RESULT: {"using":"xpath","value":"//bdi[text()=\"OK\"]"}
COMMAND: POST /session/3080ab49fbb8c4e7eecdf487ecde7ebb/elements - {"using":"xpath","value":"//bdi[text()=\"OK\"]"}
RESULT: {"using":"xpath","value":"//bdi[text()=\"OK\"]"}
COMMAND: POST /session/3080ab49fbb8c4e7eecdf487ecde7ebb/elements - {"using":"xpath","value":"//bdi[text()=\"OK\"]"}
RESULT: {"using":"xpath","value":"//bdi[text()=\"OK\"]"}
COMMAND: POST /session/3080ab49fbb8c4e7eecdf487ecde7ebb/elements - {"using":"xpath","value":"//bdi[text()=\"OK\"]"}
RESULT: {"using":"xpath","value":"//bdi[text()=\"OK\"]"}
COMMAND: POST /session/3080ab49fbb8c4e7eecdf487ecde7ebb/elements - {"using":"xpath","value":"//bdi[text()=\"OK\"]"}
RESULT: {"using":"xpath","value":"//bdi[text()=\"OK\"]"}
COMMAND: POST /session/3080ab49fbb8c4e7eecdf487ecde7ebb/elements - {"using":"xpath","value":"//bdi[text()=\"OK\"]"}
RESULT: {"using":"xpath","value":"//bdi[text()=\"OK\"]"}
COMMAND: POST /session/3080ab49fbb8c4e7eecdf487ecde7ebb/elements - {"using":"xpath","value":"//bdi[text()=\"OK\"]"}
RESULT: {"using":"xpath","value":"//bdi[text()=\"OK\"]"}
COMMAND: POST /session/3080ab49fbb8c4e7eecdf487ecde7ebb/elements - {"using":"xpath","value":"//bdi[text()=\"OK\"]"}
RESULT: {"using":"xpath","value":"//bdi[text()=\"OK\"]"}
COMMAND: POST /session/3080ab49fbb8c4e7eecdf487ecde7ebb/elements - {"using":"xpath","value":"//bdi[text()=\"OK\"]"}
RESULT: {"using":"xpath","value":"//bdi[text()=\"OK\"]"}
COMMAND: POST /session/3080ab49fbb8c4e7eecdf487ecde7ebb/elements - {"using":"xpath","value":"//bdi[text()=\"OK\"]"}
RESULT: {"using":"xpath","value":"//bdi[text()=\"OK\"]"}
COMMAND: POST /session/3080ab49fbb8c4e7eecdf487ecde7ebb/elements - {"using":"xpath","value":"//bdi[text()=\"OK\"]"}
RESULT: {"using":"xpath","value":"//bdi[text()=\"OK\"]"}
COMMAND: POST /session/3080ab49fbb8c4e7eecdf487ecde7ebb/elements - {"using":"xpath","value":"//bdi[text()=\"OK\"]"}
RESULT: {"using":"xpath","value":"//bdi[text()=\"OK\"]"}
COMMAND: POST /session/3080ab49fbb8c4e7eecdf487ecde7ebb/elements - {"using":"xpath","value":"//bdi[text()=\"OK\"]"}
RESULT: {"using":"xpath","value":"//bdi[text()=\"OK\"]"}
COMMAND: POST /session/3080ab49fbb8c4e7eecdf487ecde7ebb/elements - {"using":"xpath","value":"//bdi[text()=\"OK\"]"}
RESULT: {"using":"xpath","value":"//bdi[text()=\"OK\"]"}
COMMAND: POST /session/3080ab49fbb8c4e7eecdf487ecde7ebb/elements - {"using":"xpath","value":"//bdi[text()=\"OK\"]"}
RESULT: {"using":"xpath","value":"//bdi[text()=\"OK\"]"}
COMMAND: POST /session/3080ab49fbb8c4e7eecdf487ecde7ebb/elements - {"using":"xpath","value":"//bdi[text()=\"OK\"]"}
RESULT: {"using":"xpath","value":"//bdi[text()=\"OK\"]"}
COMMAND: POST /session/3080ab49fbb8c4e7eecdf487ecde7ebb/elements - {"using":"xpath","value":"//bdi[text()=\"OK\"]"}
RESULT: {"using":"xpath","value":"//bdi[text()=\"OK\"]"}
COMMAND: POST /session/3080ab49fbb8c4e7eecdf487ecde7ebb/elements - {"using":"xpath","value":"//bdi[text()=\"OK\"]"}
RESULT: {"using":"xpath","value":"//bdi[text()=\"OK\"]"}
COMMAND: POST /session/3080ab49fbb8c4e7eecdf487ecde7ebb/elements - {"using":"xpath","value":"//bdi[text()=\"OK\"]"}
RESULT: {"using":"xpath","value":"//bdi[text()=\"OK\"]"}
COMMAND: POST /session/3080ab49fbb8c4e7eecdf487ecde7ebb/elements - {"using":"xpath","value":"//bdi[text()=\"OK\"]"}
RESULT: {"using":"xpath","value":"//bdi[text()=\"OK\"]"}
COMMAND: POST /session/3080ab49fbb8c4e7eecdf487ecde7ebb/elements - {"using":"xpath","value":"//bdi[text()=\"OK\"]"}
RESULT: {"using":"xpath","value":"//bdi[text()=\"OK\"]"}
COMMAND: POST /session/3080ab49fbb8c4e7eecdf487ecde7ebb/elements - {"using":"xpath","value":"//bdi[text()=\"OK\"]"}
RESULT: {"using":"xpath","value":"//bdi[text()=\"OK\"]"}
COMMAND: POST /session/3080ab49fbb8c4e7eecdf487ecde7ebb/elements - {"using":"xpath","value":"//bdi[text()=\"OK\"]"}
RESULT: {"using":"xpath","value":"//bdi[text()=\"OK\"]"}
COMMAND: POST /session/3080ab49fbb8c4e7eecdf487ecde7ebb/elements - {"using":"xpath","value":"//bdi[text()=\"OK\"]"}
RESULT: {"using":"xpath","value":"//bdi[text()=\"OK\"]"}
COMMAND: POST /session/3080ab49fbb8c4e7eecdf487ecde7ebb/elements - {"using":"xpath","value":"//bdi[text()=\"OK\"]"}
RESULT: {"using":"xpath","value":"//bdi[text()=\"OK\"]"}
COMMAND: POST /session/3080ab49fbb8c4e7eecdf487ecde7ebb/elements - {"using":"xpath","value":"//bdi[text()=\"OK\"]"}
RESULT: {"using":"xpath","value":"//bdi[text()=\"OK\"]"}
COMMAND: POST /session/3080ab49fbb8c4e7eecdf487ecde7ebb/elements - {"using":"xpath","value":"//bdi[text()=\"OK\"]"}
RESULT: {"using":"xpath","value":"//bdi[text()=\"OK\"]"}
COMMAND: POST /session/3080ab49fbb8c4e7eecdf487ecde7ebb/elements - {"using":"xpath","value":"//bdi[text()=\"OK\"]"}
RESULT: {"using":"xpath","value":"//bdi[text()=\"OK\"]"}
COMMAND: POST /session/3080ab49fbb8c4e7eecdf487ecde7ebb/elements - {"using":"xpath","value":"//bdi[text()=\"OK\"]"}
RESULT: {"using":"xpath","value":"//bdi[text()=\"OK\"]"}
COMMAND: POST /session/3080ab49fbb8c4e7eecdf487ecde7ebb/elements - {"using":"xpath","value":"//bdi[text()=\"OK\"]"}
RESULT: {"using":"xpath","value":"//bdi[text()=\"OK\"]"}
COMMAND: POST /session/3080ab49fbb8c4e7eecdf487ecde7ebb/elements - {"using":"xpath","value":"//bdi[text()=\"OK\"]"}
RESULT: {"using":"xpath","value":"//bdi[text()=\"OK\"]"}
COMMAND: POST /session/3080ab49fbb8c4e7eecdf487ecde7ebb/elements - {"using":"xpath","value":"//bdi[text()=\"OK\"]"}
RESULT: {"using":"xpath","value":"//bdi[text()=\"OK\"]"}
COMMAND: POST /session/3080ab49fbb8c4e7eecdf487ecde7ebb/elements - {"using":"xpath","value":"//bdi[text()=\"OK\"]"}
RESULT: {"using":"xpath","value":"//bdi[text()=\"OK\"]"}
COMMAND: POST /session/3080ab49fbb8c4e7eecdf487ecde7ebb/elements - {"using":"xpath","value":"//bdi[text()=\"OK\"]"}
RESULT: {"using":"xpath","value":"//bdi[text()=\"OK\"]"}
COMMAND: POST /session/3080ab49fbb8c4e7eecdf487ecde7ebb/elements - {"using":"xpath","value":"//bdi[text()=\"OK\"]"}
RESULT: {"using":"xpath","value":"//bdi[text()=\"OK\"]"}
COMMAND: POST /session/3080ab49fbb8c4e7eecdf487ecde7ebb/elements - {"using":"xpath","value":"//bdi[text()=\"OK\"]"}
RESULT: {"using":"xpath","value":"//bdi[text()=\"OK\"]"}
COMMAND: POST /session/3080ab49fbb8c4e7eecdf487ecde7ebb/elements - {"using":"xpath","value":"//bdi[text()=\"OK\"]"}
RESULT: {"using":"xpath","value":"//bdi[text()=\"OK\"]"}
COMMAND: POST /session/3080ab49fbb8c4e7eecdf487ecde7ebb/elements - {"using":"xpath","value":"//bdi[text()=\"OK\"]"}
RESULT: {"using":"xpath","value":"//bdi[text()=\"OK\"]"}
COMMAND: POST /session/3080ab49fbb8c4e7eecdf487ecde7ebb/elements - {"using":"xpath","value":"//bdi[text()=\"OK\"]"}
RESULT: {"using":"xpath","value":"//bdi[text()=\"OK\"]"}
COMMAND: POST /session/3080ab49fbb8c4e7eecdf487ecde7ebb/elements - {"using":"xpath","value":"//bdi[text()=\"OK\"]"}
RESULT: {"using":"xpath","value":"//bdi[text()=\"OK\"]"}
COMMAND: POST /session/3080ab49fbb8c4e7eecdf487ecde7ebb/elements - {"using":"xpath","value":"//bdi[text()=\"OK\"]"}
RESULT: {"using":"xpath","value":"//bdi[text()=\"OK\"]"}
COMMAND: POST /session/3080ab49fbb8c4e7eecdf487ecde7ebb/elements - {"using":"xpath","value":"//bdi[text()=\"OK\"]"}
RESULT: {"using":"xpath","value":"//bdi[text()=\"OK\"]"}
COMMAND: POST /session/3080ab49fbb8c4e7eecdf487ecde7ebb/elements - {"using":"xpath","value":"//bdi[text()=\"OK\"]"}
RESULT: {"using":"xpath","value":"//bdi[text()=\"OK\"]"}
COMMAND: POST /session/3080ab49fbb8c4e7eecdf487ecde7ebb/elements - {"using":"xpath","value":"//bdi[text()=\"OK\"]"}
RESULT: {"using":"xpath","value":"//bdi[text()=\"OK\"]"}
COMMAND: POST /session/3080ab49fbb8c4e7eecdf487ecde7ebb/elements - {"using":"xpath","value":"//bdi[text()=\"OK\"]"}
RESULT: {"using":"xpath","value":"//bdi[text()=\"OK\"]"}
COMMAND: POST /session/3080ab49fbb8c4e7eecdf487ecde7ebb/elements - {"using":"xpath","value":"//bdi[text()=\"OK\"]"}
RESULT: {"using":"xpath","value":"//bdi[text()=\"OK\"]"}
COMMAND: POST /session/3080ab49fbb8c4e7eecdf487ecde7ebb/elements - {"using":"xpath","value":"//bdi[text()=\"OK\"]"}
RESULT: {"using":"xpath","value":"//bdi[text()=\"OK\"]"}
COMMAND: POST /session/3080ab49fbb8c4e7eecdf487ecde7ebb/elements - {"using":"xpath","value":"//bdi[text()=\"OK\"]"}
RESULT: {"using":"xpath","value":"//bdi[text()=\"OK\"]"}
COMMAND: POST /session/3080ab49fbb8c4e7eecdf487ecde7ebb/elements - {"using":"xpath","value":"//bdi[text()=\"OK\"]"}
RESULT: {"using":"xpath","value":"//bdi[text()=\"OK\"]"}
COMMAND: POST /session/3080ab49fbb8c4e7eecdf487ecde7ebb/elements - {"using":"xpath","value":"//bdi[text()=\"OK\"]"}
RESULT: {"using":"xpath","value":"//bdi[text()=\"OK\"]"}
COMMAND: POST /session/3080ab49fbb8c4e7eecdf487ecde7ebb/elements - {"using":"xpath","value":"//bdi[text()=\"OK\"]"}
RESULT: {"using":"xpath","value":"//bdi[text()=\"OK\"]"}
COMMAND: POST /session/3080ab49fbb8c4e7eecdf487ecde7ebb/elements - {"using":"xpath","value":"//bdi[text()=\"OK\"]"}
RESULT: {"using":"xpath","value":"//bdi[text()=\"OK\"]"}
COMMAND: POST /session/3080ab49fbb8c4e7eecdf487ecde7ebb/elements - {"using":"xpath","value":"//bdi[text()=\"OK\"]"}
RESULT: {"using":"xpath","value":"//bdi[text()=\"OK\"]"}
COMMAND: POST /session/3080ab49fbb8c4e7eecdf487ecde7ebb/elements - {"using":"xpath","value":"//bdi[text()=\"OK\"]"}
RESULT: {"using":"xpath","value":"//bdi[text()=\"OK\"]"}
COMMAND: POST /session/3080ab49fbb8c4e7eecdf487ecde7ebb/elements - {"using":"xpath","value":"//bdi[text()=\"OK\"]"}
RESULT: {"using":"xpath","value":"//bdi[text()=\"OK\"]"}
COMMAND: POST /session/3080ab49fbb8c4e7eecdf487ecde7ebb/elements - {"using":"xpath","value":"//bdi[text()=\"OK\"]"}
RESULT: {"using":"xpath","value":"//bdi[text()=\"OK\"]"}
COMMAND: POST /session/3080ab49fbb8c4e7eecdf487ecde7ebb/elements - {"using":"xpath","value":"//bdi[text()=\"OK\"]"}
RESULT: {"using":"xpath","value":"//bdi[text()=\"OK\"]"}
COMMAND: POST /session/3080ab49fbb8c4e7eecdf487ecde7ebb/elements - {"using":"xpath","value":"//bdi[text()=\"OK\"]"}
RESULT: {"using":"xpath","value":"//bdi[text()=\"OK\"]"}
COMMAND: POST /session/3080ab49fbb8c4e7eecdf487ecde7ebb/elements - {"using":"xpath","value":"//bdi[text()=\"OK\"]"}
RESULT: {"using":"xpath","value":"//bdi[text()=\"OK\"]"}
COMMAND: POST /session/3080ab49fbb8c4e7eecdf487ecde7ebb/elements - {"using":"xpath","value":"//bdi[text()=\"OK\"]"}
RESULT: {"using":"xpath","value":"//bdi[text()=\"OK\"]"}
COMMAND: POST /session/3080ab49fbb8c4e7eecdf487ecde7ebb/elements - {"using":"xpath","value":"//bdi[text()=\"OK\"]"}
RESULT: {"using":"xpath","value":"//bdi[text()=\"OK\"]"}
COMMAND: POST /session/3080ab49fbb8c4e7eecdf487ecde7ebb/elements - {"using":"xpath","value":"//bdi[text()=\"OK\"]"}
RESULT: {"using":"xpath","value":"//bdi[text()=\"OK\"]"}
COMMAND: POST /session/3080ab49fbb8c4e7eecdf487ecde7ebb/elements - {"using":"xpath","value":"//bdi[text()=\"OK\"]"}
RESULT: {"using":"xpath","value":"//bdi[text()=\"OK\"]"}
COMMAND: POST /session/3080ab49fbb8c4e7eecdf487ecde7ebb/elements - {"using":"xpath","value":"//bdi[text()=\"OK\"]"}
RESULT: {"using":"xpath","value":"//bdi[text()=\"OK\"]"}
COMMAND: POST /session/3080ab49fbb8c4e7eecdf487ecde7ebb/elements - {"using":"xpath","value":"//bdi[text()=\"OK\"]"}
RESULT: {"using":"xpath","value":"//bdi[text()=\"OK\"]"}
COMMAND: POST /session/3080ab49fbb8c4e7eecdf487ecde7ebb/elements - {"using":"xpath","value":"//bdi[text()=\"OK\"]"}
RESULT: {"using":"xpath","value":"//bdi[text()=\"OK\"]"}
COMMAND: POST /session/3080ab49fbb8c4e7eecdf487ecde7ebb/elements - {"using":"xpath","value":"//bdi[text()=\"OK\"]"}
RESULT: {"using":"xpath","value":"//bdi[text()=\"OK\"]"}
COMMAND: POST /session/3080ab49fbb8c4e7eecdf487ecde7ebb/elements - {"using":"xpath","value":"//bdi[text()=\"OK\"]"}
RESULT: {"using":"xpath","value":"//bdi[text()=\"OK\"]"}
COMMAND: POST /session/3080ab49fbb8c4e7eecdf487ecde7ebb/elements - {"using":"xpath","value":"//bdi[text()=\"OK\"]"}
RESULT: {"using":"xpath","value":"//bdi[text()=\"OK\"]"}
COMMAND: POST /session/3080ab49fbb8c4e7eecdf487ecde7ebb/elements - {"using":"xpath","value":"//bdi[text()=\"OK\"]"}
RESULT: {"using":"xpath","value":"//bdi[text()=\"OK\"]"}
COMMAND: POST /session/3080ab49fbb8c4e7eecdf487ecde7ebb/elements - {"using":"xpath","value":"//bdi[text()=\"OK\"]"}
RESULT: {"using":"xpath","value":"//bdi[text()=\"OK\"]"}
COMMAND: POST /session/3080ab49fbb8c4e7eecdf487ecde7ebb/elements - {"using":"xpath","value":"//bdi[text()=\"OK\"]"}
RESULT: {"using":"xpath","value":"//bdi[text()=\"OK\"]"}
COMMAND: POST /session/3080ab49fbb8c4e7eecdf487ecde7ebb/elements - {"using":"xpath","value":"//bdi[text()=\"OK\"]"}
RESULT: {"using":"xpath","value":"//bdi[text()=\"OK\"]"}
COMMAND: POST /session/3080ab49fbb8c4e7eecdf487ecde7ebb/elements - {"using":"xpath","value":"//bdi[text()=\"OK\"]"}
RESULT: {"using":"xpath","value":"//bdi[text()=\"OK\"]"}
COMMAND: POST /session/3080ab49fbb8c4e7eecdf487ecde7ebb/elements - {"using":"xpath","value":"//bdi[text()=\"OK\"]"}
RESULT: {"using":"xpath","value":"//bdi[text()=\"OK\"]"}
COMMAND: POST /session/3080ab49fbb8c4e7eecdf487ecde7ebb/elements - {"using":"xpath","value":"//bdi[text()=\"OK\"]"}
RESULT: {"using":"xpath","value":"//bdi[text()=\"OK\"]"}
COMMAND: POST /session/3080ab49fbb8c4e7eecdf487ecde7ebb/elements - {"using":"xpath","value":"//bdi[text()=\"OK\"]"}
RESULT: {"using":"xpath","value":"//bdi[text()=\"OK\"]"}
COMMAND: POST /session/3080ab49fbb8c4e7eecdf487ecde7ebb/elements - {"using":"xpath","value":"//bdi[text()=\"OK\"]"}
RESULT: {"using":"xpath","value":"//bdi[text()=\"OK\"]"}
COMMAND: POST /session/3080ab49fbb8c4e7eecdf487ecde7ebb/elements - {"using":"xpath","value":"//bdi[text()=\"OK\"]"}
RESULT: {"using":"xpath","value":"//bdi[text()=\"OK\"]"}
COMMAND: POST /session/3080ab49fbb8c4e7eecdf487ecde7ebb/elements - {"using":"xpath","value":"//bdi[text()=\"OK\"]"}
RESULT: {"using":"xpath","value":"//bdi[text()=\"OK\"]"}
COMMAND: POST /session/3080ab49fbb8c4e7eecdf487ecde7ebb/elements - {"using":"xpath","value":"//bdi[text()=\"OK\"]"}
RESULT: {"using":"xpath","value":"//bdi[text()=\"OK\"]"}
COMMAND: POST /session/3080ab49fbb8c4e7eecdf487ecde7ebb/elements - {"using":"xpath","value":"//bdi[text()=\"OK\"]"}
RESULT: {"using":"xpath","value":"//bdi[text()=\"OK\"]"}
COMMAND: POST /session/3080ab49fbb8c4e7eecdf487ecde7ebb/elements - {"using":"xpath","value":"//bdi[text()=\"OK\"]"}
RESULT: {"using":"xpath","value":"//bdi[text()=\"OK\"]"}
COMMAND: POST /session/3080ab49fbb8c4e7eecdf487ecde7ebb/elements - {"using":"xpath","value":"//bdi[text()=\"OK\"]"}
RESULT: {"using":"xpath","value":"//bdi[text()=\"OK\"]"}
COMMAND: POST /session/3080ab49fbb8c4e7eecdf487ecde7ebb/elements - {"using":"xpath","value":"//bdi[text()=\"OK\"]"}
RESULT: {"using":"xpath","value":"//bdi[text()=\"OK\"]"}
COMMAND: POST /session/3080ab49fbb8c4e7eecdf487ecde7ebb/elements - {"using":"xpath","value":"//bdi[text()=\"OK\"]"}
RESULT: {"using":"xpath","value":"//bdi[text()=\"OK\"]"}
COMMAND: POST /session/3080ab49fbb8c4e7eecdf487ecde7ebb/elements - {"using":"xpath","value":"//bdi[text()=\"OK\"]"}
RESULT: {"using":"xpath","value":"//bdi[text()=\"OK\"]"}
COMMAND: POST /session/3080ab49fbb8c4e7eecdf487ecde7ebb/elements - {"using":"xpath","value":"//bdi[text()=\"OK\"]"}
RESULT: {"using":"xpath","value":"//bdi[text()=\"OK\"]"}
COMMAND: POST /session/3080ab49fbb8c4e7eecdf487ecde7ebb/elements - {"using":"xpath","value":"//bdi[text()=\"OK\"]"}
RESULT: {"using":"xpath","value":"//bdi[text()=\"OK\"]"}
COMMAND: POST /session/3080ab49fbb8c4e7eecdf487ecde7ebb/elements - {"using":"xpath","value":"//bdi[text()=\"OK\"]"}
RESULT: {"using":"xpath","value":"//bdi[text()=\"OK\"]"}
COMMAND: POST /session/3080ab49fbb8c4e7eecdf487ecde7ebb/elements - {"using":"xpath","value":"//bdi[text()=\"OK\"]"}
RESULT: {"using":"xpath","value":"//bdi[text()=\"OK\"]"}
COMMAND: POST /session/3080ab49fbb8c4e7eecdf487ecde7ebb/elements - {"using":"xpath","value":"//bdi[text()=\"OK\"]"}
RESULT: {"using":"xpath","value":"//bdi[text()=\"OK\"]"}
COMMAND: POST /session/3080ab49fbb8c4e7eecdf487ecde7ebb/elements - {"using":"xpath","value":"//bdi[text()=\"OK\"]"}
RESULT: {"using":"xpath","value":"//bdi[text()=\"OK\"]"}
COMMAND: POST /session/3080ab49fbb8c4e7eecdf487ecde7ebb/elements - {"using":"xpath","value":"//bdi[text()=\"OK\"]"}
RESULT: {"using":"xpath","value":"//bdi[text()=\"OK\"]"}
COMMAND: POST /session/3080ab49fbb8c4e7eecdf487ecde7ebb/elements - {"using":"xpath","value":"//bdi[text()=\"OK\"]"}
RESULT: {"using":"xpath","value":"//bdi[text()=\"OK\"]"}
COMMAND: POST /session/3080ab49fbb8c4e7eecdf487ecde7ebb/elements - {"using":"xpath","value":"//bdi[text()=\"OK\"]"}
RESULT: {"using":"xpath","value":"//bdi[text()=\"OK\"]"}
COMMAND: POST /session/3080ab49fbb8c4e7eecdf487ecde7ebb/elements - {"using":"xpath","value":"//bdi[text()=\"OK\"]"}
RESULT: {"using":"xpath","value":"//bdi[text()=\"OK\"]"}
COMMAND: POST /session/3080ab49fbb8c4e7eecdf487ecde7ebb/elements - {"using":"xpath","value":"//bdi[text()=\"OK\"]"}
RESULT: {"using":"xpath","value":"//bdi[text()=\"OK\"]"}
COMMAND: POST /session/3080ab49fbb8c4e7eecdf487ecde7ebb/elements - {"using":"xpath","value":"//bdi[text()=\"OK\"]"}
RESULT: {"using":"xpath","value":"//bdi[text()=\"OK\"]"}
COMMAND: POST /session/3080ab49fbb8c4e7eecdf487ecde7ebb/elements - {"using":"xpath","value":"//bdi[text()=\"OK\"]"}
RESULT: {"using":"xpath","value":"//bdi[text()=\"OK\"]"}
COMMAND: POST /session/3080ab49fbb8c4e7eecdf487ecde7ebb/elements - {"using":"xpath","value":"//bdi[text()=\"OK\"]"}
RESULT: {"using":"xpath","value":"//bdi[text()=\"OK\"]"}
COMMAND: POST /session/3080ab49fbb8c4e7eecdf487ecde7ebb/elements - {"using":"xpath","value":"//bdi[text()=\"OK\"]"}
RESULT: {"using":"xpath","value":"//bdi[text()=\"OK\"]"}
COMMAND: POST /session/3080ab49fbb8c4e7eecdf487ecde7ebb/elements - {"using":"xpath","value":"//bdi[text()=\"OK\"]"}
RESULT: {"using":"xpath","value":"//bdi[text()=\"OK\"]"}
COMMAND: POST /session/3080ab49fbb8c4e7eecdf487ecde7ebb/elements - {"using":"xpath","value":"//bdi[text()=\"OK\"]"}
RESULT: {"using":"xpath","value":"//bdi[text()=\"OK\"]"}
COMMAND: POST /session/3080ab49fbb8c4e7eecdf487ecde7ebb/elements - {"using":"xpath","value":"//bdi[text()=\"OK\"]"}
RESULT: {"using":"xpath","value":"//bdi[text()=\"OK\"]"}
COMMAND: POST /session/3080ab49fbb8c4e7eecdf487ecde7ebb/elements - {"using":"xpath","value":"//bdi[text()=\"OK\"]"}
RESULT: {"using":"xpath","value":"//bdi[text()=\"OK\"]"}
COMMAND: POST /session/3080ab49fbb8c4e7eecdf487ecde7ebb/elements - {"using":"xpath","value":"//bdi[text()=\"OK\"]"}
RESULT: {"using":"xpath","value":"//bdi[text()=\"OK\"]"}
COMMAND: POST /session/3080ab49fbb8c4e7eecdf487ecde7ebb/elements - {"using":"xpath","value":"//bdi[text()=\"OK\"]"}
RESULT: {"using":"xpath","value":"//bdi[text()=\"OK\"]"}
COMMAND: POST /session/3080ab49fbb8c4e7eecdf487ecde7ebb/elements - {"using":"xpath","value":"//bdi[text()=\"OK\"]"}
RESULT: {"using":"xpath","value":"//bdi[text()=\"OK\"]"}
COMMAND: POST /session/3080ab49fbb8c4e7eecdf487ecde7ebb/elements - {"using":"xpath","value":"//bdi[text()=\"OK\"]"}
RESULT: {"using":"xpath","value":"//bdi[text()=\"OK\"]"}
COMMAND: POST /session/3080ab49fbb8c4e7eecdf487ecde7ebb/elements - {"using":"xpath","value":"//bdi[text()=\"OK\"]"}
RESULT: {"using":"xpath","value":"//bdi[text()=\"OK\"]"}
COMMAND: POST /session/3080ab49fbb8c4e7eecdf487ecde7ebb/elements - {"using":"xpath","value":"//bdi[text()=\"OK\"]"}
RESULT: {"using":"xpath","value":"//bdi[text()=\"OK\"]"}
COMMAND: POST /session/3080ab49fbb8c4e7eecdf487ecde7ebb/elements - {"using":"xpath","value":"//bdi[text()=\"OK\"]"}
RESULT: {"using":"xpath","value":"//bdi[text()=\"OK\"]"}
COMMAND: POST /session/3080ab49fbb8c4e7eecdf487ecde7ebb/elements - {"using":"xpath","value":"//bdi[text()=\"OK\"]"}
RESULT: {"using":"xpath","value":"//bdi[text()=\"OK\"]"}
COMMAND: POST /session/3080ab49fbb8c4e7eecdf487ecde7ebb/elements - {"using":"xpath","value":"//bdi[text()=\"OK\"]"}
RESULT: {"using":"xpath","value":"//bdi[text()=\"OK\"]"}
COMMAND: POST /session/3080ab49fbb8c4e7eecdf487ecde7ebb/elements - {"using":"xpath","value":"//bdi[text()=\"OK\"]"}
RESULT: {"using":"xpath","value":"//bdi[text()=\"OK\"]"}
COMMAND: POST /session/3080ab49fbb8c4e7eecdf487ecde7ebb/execute/async - {"script":"<script> [1562 bytes]","args":[{"selector":{"id":"application-manageresources-display-component---newResourceUnit--TYPE-arrow"},"wdio_ui5_key":"applicationmanageresources-display-component---newResourceUnit--TYPE-arrow"}]}
RESULT: {"script":"<script> [1562 bytes]","args":[{"selector":{"id":"application-manageresources-display-component---newResourceUnit--TYPE-arrow"},"wdio_ui5_key":"applicationmanageresources-display-component---newResourceUnit--TYPE-arrow"}]}
RESULT: undefined
COMMAND: POST /session/3080ab49fbb8c4e7eecdf487ecde7ebb/element - {"using":"xpath","value":"//*[@id=\"application-manageresources-display-component---newResourceUnit--TYPE-arrow\"]"}
RESULT: {"using":"xpath","value":"//*[@id=\"application-manageresources-display-component---newResourceUnit--TYPE-arrow\"]"}
COMMAND: POST /session/3080ab49fbb8c4e7eecdf487ecde7ebb/element/f.73CD6E590336CA8913C659C97A11067A.d.7B47048FC100D258751F43B656191309.e.6544/click - {}
RESULT: {}
COMMAND: POST /session/3080ab49fbb8c4e7eecdf487ecde7ebb/execute/async - {"script":"<script> [1562 bytes]","args":[{"selector":{"controlType":"sap.m.StandardListItem","viewName":"reusables.view.manageresources.NewResourceUnit","viewId":"application-manageresources-display-component---newResourceUnit","properties":{"title":"Material"},"searchOpenDialogs":true,"interaction":{"idSuffix":"titleText"}},"wdio_ui5_key":"reusablesview.manageresources.NewResourceUnitsap.m.StandardListItem{\"title\":\"Material\"}"}]}
COMMAND: GET /session/3080ab49fbb8c4e7eecdf487ecde7ebb/screenshot - {}
RESULT: {"script":"<script> [1562 bytes]","args":[{"selector":{"controlType":"sap.m.StandardListItem","viewName":"reusables.view.manageresources.NewResourceUnit","viewId":"application-manageresources-display-component---newResourceUnit","properties":{"title":"Material"},"searchOpenDialogs":true,"interaction":{"idSuffix":"titleText"}},"wdio_ui5_key":"reusablesview.manageresources.NewResourceUnitsap.m.StandardListItem{\"title\":\"Material\"}"}]}
RESULT: undefined
COMMAND: POST /session/3080ab49fbb8c4e7eecdf487ecde7ebb/element - {"using":"xpath","value":"//*[@id=\"__item146\"]"}
RESULT: {}
RESULT: {"using":"xpath","value":"//*[@id=\"__item146\"]"}
COMMAND: POST /session/3080ab49fbb8c4e7eecdf487ecde7ebb/element/f.73CD6E590336CA8913C659C97A11067A.d.7B47048FC100D258751F43B656191309.e.6547/click - {}
RESULT: {}
COMMAND: POST /session/3080ab49fbb8c4e7eecdf487ecde7ebb/execute/async - {"script":"<script> [1562 bytes]","args":[{"selector":{"id":"application-manageresources-display-component---newResourceUnit--SHORT_TEXT","interaction":{"idSuffix":"inner"}},"wdio_ui5_key":"applicationmanageresources-display-component---newResourceUnit--SHORT_TEXT"}]}
COMMAND: GET /session/3080ab49fbb8c4e7eecdf487ecde7ebb/screenshot - {}
RESULT: {"script":"<script> [1562 bytes]","args":[{"selector":{"id":"application-manageresources-display-component---newResourceUnit--SHORT_TEXT","interaction":{"idSuffix":"inner"}},"wdio_ui5_key":"applicationmanageresources-display-component---newResourceUnit--SHORT_TEXT"}]}
RESULT: undefined
COMMAND: POST /session/3080ab49fbb8c4e7eecdf487ecde7ebb/execute/async - {"script":"<script> [776 bytes]","args":[{"enterText":"WebdriverRU R2Cdkhg4","selector":{"id":"application-manageresources-display-component---newResourceUnit--SHORT_TEXT","interaction":{"idSuffix":"inner"}},"clearTextFirst":true,"interactionType":"ENTER_TEXT"}]}
RESULT: {}
RESULT: {"script":"<script> [776 bytes]","args":[{"enterText":"WebdriverRU R2Cdkhg4","selector":{"id":"application-manageresources-display-component---newResourceUnit--SHORT_TEXT","interaction":{"idSuffix":"inner"}},"clearTextFirst":true,"interactionType":"ENTER_TEXT"}]}
COMMAND: POST /session/3080ab49fbb8c4e7eecdf487ecde7ebb/execute/async - {"script":"<script> [1562 bytes]","args":[{"selector":{"id":"application-manageresources-display-component---newResourceUnit--BASE_UNIT_OF_MEASURE-arrow"},"wdio_ui5_key":"applicationmanageresources-display-component---newResourceUnit--BASE_UNIT_OF_MEASURE-arrow"}]}
RESULT: {"script":"<script> [1562 bytes]","args":[{"selector":{"id":"application-manageresources-display-component---newResourceUnit--BASE_UNIT_OF_MEASURE-arrow"},"wdio_ui5_key":"applicationmanageresources-display-component---newResourceUnit--BASE_UNIT_OF_MEASURE-arrow"}]}
RESULT: undefined
COMMAND: POST /session/3080ab49fbb8c4e7eecdf487ecde7ebb/element - {"using":"xpath","value":"//*[@id=\"application-manageresources-display-component---newResourceUnit--BASE_UNIT_OF_MEASURE-arrow\"]"}
RESULT: {"using":"xpath","value":"//*[@id=\"application-manageresources-display-component---newResourceUnit--BASE_UNIT_OF_MEASURE-arrow\"]"}
COMMAND: POST /session/3080ab49fbb8c4e7eecdf487ecde7ebb/element/f.73CD6E590336CA8913C659C97A11067A.d.7B47048FC100D258751F43B656191309.e.6669/click - {}
RESULT: {}
COMMAND: POST /session/3080ab49fbb8c4e7eecdf487ecde7ebb/execute/async - {"script":"<script> [1562 bytes]","args":[{"selector":{"controlType":"sap.m.StandardListItem","viewName":"reusables.view.manageresources.NewResourceUnit","viewId":"application-manageresources-display-component---newResourceUnit","properties":{"title":"Piece"},"searchOpenDialogs":true,"interaction":{"idSuffix":"titleText"}},"wdio_ui5_key":"reusablesview.manageresources.NewResourceUnitsap.m.StandardListItem{\"title\":\"Piece\"}"}]}
COMMAND: GET /session/3080ab49fbb8c4e7eecdf487ecde7ebb/screenshot - {}
RESULT: {"script":"<script> [1562 bytes]","args":[{"selector":{"controlType":"sap.m.StandardListItem","viewName":"reusables.view.manageresources.NewResourceUnit","viewId":"application-manageresources-display-component---newResourceUnit","properties":{"title":"Piece"},"searchOpenDialogs":true,"interaction":{"idSuffix":"titleText"}},"wdio_ui5_key":"reusablesview.manageresources.NewResourceUnitsap.m.StandardListItem{\"title\":\"Piece\"}"}]}
RESULT: undefined
COMMAND: POST /session/3080ab49fbb8c4e7eecdf487ecde7ebb/element - {"using":"xpath","value":"//*[@id=\"__item199\"]"}
RESULT: {}
RESULT: {"using":"xpath","value":"//*[@id=\"__item199\"]"}
COMMAND: POST /session/3080ab49fbb8c4e7eecdf487ecde7ebb/element/f.73CD6E590336CA8913C659C97A11067A.d.7B47048FC100D258751F43B656191309.e.6671/click - {}
RESULT: {}
COMMAND: POST /session/3080ab49fbb8c4e7eecdf487ecde7ebb/execute/async - {"script":"<script> [1562 bytes]","args":[{"selector":{"id":"application-manageresources-display-component---newResourceUnit--WEIGHT_UNIT-arrow"},"wdio_ui5_key":"applicationmanageresources-display-component---newResourceUnit--WEIGHT_UNIT-arrow"}]}
COMMAND: GET /session/3080ab49fbb8c4e7eecdf487ecde7ebb/screenshot - {}
RESULT: {"script":"<script> [1562 bytes]","args":[{"selector":{"id":"application-manageresources-display-component---newResourceUnit--WEIGHT_UNIT-arrow"},"wdio_ui5_key":"applicationmanageresources-display-component---newResourceUnit--WEIGHT_UNIT-arrow"}]}
RESULT: undefined
COMMAND: POST /session/3080ab49fbb8c4e7eecdf487ecde7ebb/element - {"using":"xpath","value":"//*[@id=\"application-manageresources-display-component---newResourceUnit--WEIGHT_UNIT-arrow\"]"}
RESULT: {}
RESULT: {"using":"xpath","value":"//*[@id=\"application-manageresources-display-component---newResourceUnit--WEIGHT_UNIT-arrow\"]"}
COMMAND: POST /session/3080ab49fbb8c4e7eecdf487ecde7ebb/element/f.73CD6E590336CA8913C659C97A11067A.d.7B47048FC100D258751F43B656191309.e.6672/click - {}
RESULT: {}
COMMAND: POST /session/3080ab49fbb8c4e7eecdf487ecde7ebb/execute/async - {"script":"<script> [1562 bytes]","args":[{"selector":{"controlType":"sap.m.StandardListItem","viewName":"reusables.view.manageresources.NewResourceUnit","viewId":"application-manageresources-display-component---newResourceUnit","properties":{"title":"Gram"},"searchOpenDialogs":true,"interaction":{"idSuffix":"content"}},"wdio_ui5_key":"reusablesview.manageresources.NewResourceUnitsap.m.StandardListItem{\"title\":\"Gram\"}"}]}
COMMAND: GET /session/3080ab49fbb8c4e7eecdf487ecde7ebb/screenshot - {}
RESULT: {"script":"<script> [1562 bytes]","args":[{"selector":{"controlType":"sap.m.StandardListItem","viewName":"reusables.view.manageresources.NewResourceUnit","viewId":"application-manageresources-display-component---newResourceUnit","properties":{"title":"Gram"},"searchOpenDialogs":true,"interaction":{"idSuffix":"content"}},"wdio_ui5_key":"reusablesview.manageresources.NewResourceUnitsap.m.StandardListItem{\"title\":\"Gram\"}"}]}
RESULT: undefined
COMMAND: POST /session/3080ab49fbb8c4e7eecdf487ecde7ebb/element - {"using":"xpath","value":"//*[@id=\"__item264\"]"}
RESULT: {}
RESULT: {"using":"xpath","value":"//*[@id=\"__item264\"]"}
COMMAND: POST /session/3080ab49fbb8c4e7eecdf487ecde7ebb/element/f.73CD6E590336CA8913C659C97A11067A.d.7B47048FC100D258751F43B656191309.e.6674/click - {}
RESULT: {}
COMMAND: GET /session/3080ab49fbb8c4e7eecdf487ecde7ebb/screenshot - {}
RESULT: {}
COMMAND: POST /session/3080ab49fbb8c4e7eecdf487ecde7ebb/execute/async - {"script":"<script> [1562 bytes]","args":[{"selector":{"id":"application-manageresources-display-component---newResourceUnit--newRRUPage-OPHeaderContent-collapseBtn-img"},"wdio_ui5_key":"applicationmanageresources-display-component---newResourceUnit--newRRUPage-OPHeaderContent-collapseBtn-img"}]}
RESULT: {"script":"<script> [1562 bytes]","args":[{"selector":{"id":"application-manageresources-display-component---newResourceUnit--newRRUPage-OPHeaderContent-collapseBtn-img"},"wdio_ui5_key":"applicationmanageresources-display-component---newResourceUnit--newRRUPage-OPHeaderContent-collapseBtn-img"}]}
RESULT: undefined
COMMAND: POST /session/3080ab49fbb8c4e7eecdf487ecde7ebb/element - {"using":"xpath","value":"//*[@id=\"application-manageresources-display-component---newResourceUnit--newRRUPage-OPHeaderContent-collapseBtn-img\"]"}
RESULT: {"using":"xpath","value":"//*[@id=\"application-manageresources-display-component---newResourceUnit--newRRUPage-OPHeaderContent-collapseBtn-img\"]"}
COMMAND: POST /session/3080ab49fbb8c4e7eecdf487ecde7ebb/element/f.73CD6E590336CA8913C659C97A11067A.d.7B47048FC100D258751F43B656191309.e.6555/click - {}
RESULT: {}
COMMAND: GET /session/3080ab49fbb8c4e7eecdf487ecde7ebb/screenshot - {}
RESULT: {}
COMMAND: POST /session/3080ab49fbb8c4e7eecdf487ecde7ebb/element - {"using":"xpath","value":"(//span[contains(@id ,\"application-manageresources-display-component---newResourceUnit--DIMENSION_UNIT-arrow\")])[1]"}
RESULT: {"using":"xpath","value":"(//span[contains(@id ,\"application-manageresources-display-component---newResourceUnit--DIMENSION_UNIT-arrow\")])[1]"}
COMMAND: POST /session/3080ab49fbb8c4e7eecdf487ecde7ebb/element/f.73CD6E590336CA8913C659C97A11067A.d.7B47048FC100D258751F43B656191309.e.6678/click - {}
RESULT: {}
COMMAND: GET /session/3080ab49fbb8c4e7eecdf487ecde7ebb/screenshot - {}
RESULT: {}
COMMAND: POST /session/3080ab49fbb8c4e7eecdf487ecde7ebb/execute/async - {"script":"<script> [1562 bytes]","args":[{"selector":{"controlType":"sap.m.StandardListItem","viewName":"reusables.view.manageresources.NewResourceUnit","viewId":"application-manageresources-display-component---newResourceUnit","properties":{"title":"Centimeter"},"searchOpenDialogs":true,"interaction":{"idSuffix":"titleText"}},"wdio_ui5_key":"reusablesview.manageresources.NewResourceUnitsap.m.StandardListItem{\"title\":\"Centimeter\"}"}]}
RESULT: {"script":"<script> [1562 bytes]","args":[{"selector":{"controlType":"sap.m.StandardListItem","viewName":"reusables.view.manageresources.NewResourceUnit","viewId":"application-manageresources-display-component---newResourceUnit","properties":{"title":"Centimeter"},"searchOpenDialogs":true,"interaction":{"idSuffix":"titleText"}},"wdio_ui5_key":"reusablesview.manageresources.NewResourceUnitsap.m.StandardListItem{\"title\":\"Centimeter\"}"}]}
RESULT: undefined
COMMAND: POST /session/3080ab49fbb8c4e7eecdf487ecde7ebb/element - {"using":"xpath","value":"//*[@id=\"__item267\"]"}
RESULT: {"using":"xpath","value":"//*[@id=\"__item267\"]"}
COMMAND: POST /session/3080ab49fbb8c4e7eecdf487ecde7ebb/element/f.73CD6E590336CA8913C659C97A11067A.d.7B47048FC100D258751F43B656191309.e.6682/click - {}
RESULT: {}
COMMAND: GET /session/3080ab49fbb8c4e7eecdf487ecde7ebb/screenshot - {}
RESULT: {}
COMMAND: POST /session/3080ab49fbb8c4e7eecdf487ecde7ebb/execute/async - {"script":"<script> [1562 bytes]","args":[{"selector":{"id":"application-manageresources-display-component---newResourceUnit--newRRUPage-anchBar-application-manageresources-display-component---newResourceUnit--reference-anchor","interaction":{"idSuffix":"BDI-content"}},"wdio_ui5_key":"applicationmanageresources-display-component---newResourceUnit--newRRUPage-anchBar-application-manageresources-display-component---newResourceUnit--reference-anchor"}]}
RESULT: {"script":"<script> [1562 bytes]","args":[{"selector":{"id":"application-manageresources-display-component---newResourceUnit--newRRUPage-anchBar-application-manageresources-display-component---newResourceUnit--reference-anchor","interaction":{"idSuffix":"BDI-content"}},"wdio_ui5_key":"applicationmanageresources-display-component---newResourceUnit--newRRUPage-anchBar-application-manageresources-display-component---newResourceUnit--reference-anchor"}]}
RESULT: undefined
COMMAND: POST /session/3080ab49fbb8c4e7eecdf487ecde7ebb/element - {"using":"xpath","value":"//*[@id=\"application-manageresources-display-component---newResourceUnit--newRRUPage-anchBar-application-manageresources-display-component---newResourceUnit--reference-anchor\"]"}
RESULT: {"using":"xpath","value":"//*[@id=\"application-manageresources-display-component---newResourceUnit--newRRUPage-anchBar-application-manageresources-display-component---newResourceUnit--reference-anchor\"]"}
COMMAND: POST /session/3080ab49fbb8c4e7eecdf487ecde7ebb/element/f.73CD6E590336CA8913C659C97A11067A.d.7B47048FC100D258751F43B656191309.e.6684/click - {}
RESULT: {}
COMMAND: POST /session/3080ab49fbb8c4e7eecdf487ecde7ebb/execute/async - {"script":"<script> [1562 bytes]","args":[{"selector":{"id":"application-manageresources-display-component---newResourceUnit--PLANNING_GROUP-arrow"},"wdio_ui5_key":"applicationmanageresources-display-component---newResourceUnit--PLANNING_GROUP-arrow"}]}
COMMAND: GET /session/3080ab49fbb8c4e7eecdf487ecde7ebb/screenshot - {}
RESULT: {"script":"<script> [1562 bytes]","args":[{"selector":{"id":"application-manageresources-display-component---newResourceUnit--PLANNING_GROUP-arrow"},"wdio_ui5_key":"applicationmanageresources-display-component---newResourceUnit--PLANNING_GROUP-arrow"}]}
RESULT: undefined
COMMAND: POST /session/3080ab49fbb8c4e7eecdf487ecde7ebb/element - {"using":"xpath","value":"//*[@id=\"application-manageresources-display-component---newResourceUnit--PLANNING_GROUP-arrow\"]"}
RESULT: {}
RESULT: {"using":"xpath","value":"//*[@id=\"application-manageresources-display-component---newResourceUnit--PLANNING_GROUP-arrow\"]"}
COMMAND: POST /session/3080ab49fbb8c4e7eecdf487ecde7ebb/element/f.73CD6E590336CA8913C659C97A11067A.d.7B47048FC100D258751F43B656191309.e.6688/click - {}
RESULT: {}
COMMAND: POST /session/3080ab49fbb8c4e7eecdf487ecde7ebb/execute/async - {"script":"<script> [1562 bytes]","args":[{"selector":{"controlType":"sap.m.StandardListItem","viewName":"reusables.view.manageresources.NewResourceUnit","viewId":"application-manageresources-display-component---newResourceUnit","properties":{"title":"Heavy Equi"},"searchOpenDialogs":true,"interaction":{"idSuffix":"content"}},"wdio_ui5_key":"reusablesview.manageresources.NewResourceUnitsap.m.StandardListItem{\"title\":\"Heavy Equi\"}"}]}
COMMAND: GET /session/3080ab49fbb8c4e7eecdf487ecde7ebb/screenshot - {}
RESULT: {"script":"<script> [1562 bytes]","args":[{"selector":{"controlType":"sap.m.StandardListItem","viewName":"reusables.view.manageresources.NewResourceUnit","viewId":"application-manageresources-display-component---newResourceUnit","properties":{"title":"Heavy Equi"},"searchOpenDialogs":true,"interaction":{"idSuffix":"content"}},"wdio_ui5_key":"reusablesview.manageresources.NewResourceUnitsap.m.StandardListItem{\"title\":\"Heavy Equi\"}"}]}
RESULT: undefined
COMMAND: POST /session/3080ab49fbb8c4e7eecdf487ecde7ebb/element - {"using":"xpath","value":"//*[@id=\"__item275\"]"}
RESULT: {}
RESULT: {"using":"xpath","value":"//*[@id=\"__item275\"]"}
COMMAND: POST /session/3080ab49fbb8c4e7eecdf487ecde7ebb/element/f.73CD6E590336CA8913C659C97A11067A.d.7B47048FC100D258751F43B656191309.e.6690/click - {}
RESULT: {}
COMMAND: GET /session/3080ab49fbb8c4e7eecdf487ecde7ebb/screenshot - {}
RESULT: {}
COMMAND: POST /session/3080ab49fbb8c4e7eecdf487ecde7ebb/execute/async - {"script":"<script> [1562 bytes]","args":[{"selector":{"id":"application-manageresources-display-component---newResourceUnit--PLANNING_INDICATOR-arrow"},"wdio_ui5_key":"applicationmanageresources-display-component---newResourceUnit--PLANNING_INDICATOR-arrow"}]}
RESULT: {"script":"<script> [1562 bytes]","args":[{"selector":{"id":"application-manageresources-display-component---newResourceUnit--PLANNING_INDICATOR-arrow"},"wdio_ui5_key":"applicationmanageresources-display-component---newResourceUnit--PLANNING_INDICATOR-arrow"}]}
RESULT: undefined
COMMAND: POST /session/3080ab49fbb8c4e7eecdf487ecde7ebb/element - {"using":"xpath","value":"//*[@id=\"application-manageresources-display-component---newResourceUnit--PLANNING_INDICATOR-arrow\"]"}
RESULT: {"using":"xpath","value":"//*[@id=\"application-manageresources-display-component---newResourceUnit--PLANNING_INDICATOR-arrow\"]"}
COMMAND: POST /session/3080ab49fbb8c4e7eecdf487ecde7ebb/element/f.73CD6E590336CA8913C659C97A11067A.d.7B47048FC100D258751F43B656191309.e.6691/click - {}
RESULT: {}
COMMAND: POST /session/3080ab49fbb8c4e7eecdf487ecde7ebb/execute/async - {"script":"<script> [1562 bytes]","args":[{"selector":{"controlType":"sap.m.StandardListItem","viewName":"reusables.view.manageresources.NewResourceUnit","viewId":"application-manageresources-display-component---newResourceUnit","properties":{"title":"10 - infinite"},"searchOpenDialogs":true,"interaction":{"idSuffix":"content"}},"wdio_ui5_key":"reusablesview.manageresources.NewResourceUnitsap.m.StandardListItem{\"title\":\"10 - infinite\"}"}]}
COMMAND: GET /session/3080ab49fbb8c4e7eecdf487ecde7ebb/screenshot - {}
RESULT: {"script":"<script> [1562 bytes]","args":[{"selector":{"controlType":"sap.m.StandardListItem","viewName":"reusables.view.manageresources.NewResourceUnit","viewId":"application-manageresources-display-component---newResourceUnit","properties":{"title":"10 - infinite"},"searchOpenDialogs":true,"interaction":{"idSuffix":"content"}},"wdio_ui5_key":"reusablesview.manageresources.NewResourceUnitsap.m.StandardListItem{\"title\":\"10 - infinite\"}"}]}
RESULT: undefined
COMMAND: POST /session/3080ab49fbb8c4e7eecdf487ecde7ebb/element - {"using":"xpath","value":"//*[@id=\"__item285\"]"}
RESULT: {}
RESULT: {"using":"xpath","value":"//*[@id=\"__item285\"]"}
COMMAND: POST /session/3080ab49fbb8c4e7eecdf487ecde7ebb/element/f.73CD6E590336CA8913C659C97A11067A.d.7B47048FC100D258751F43B656191309.e.6693/click - {}
RESULT: {}
COMMAND: GET /session/3080ab49fbb8c4e7eecdf487ecde7ebb/screenshot - {}
RESULT: {}
COMMAND: POST /session/3080ab49fbb8c4e7eecdf487ecde7ebb/element - {"using":"xpath","value":"//bdi[contains(text(), \"Time Segment\")]"}
RESULT: {"using":"xpath","value":"//bdi[contains(text(), \"Time Segment\")]"}
COMMAND: GET /session/3080ab49fbb8c4e7eecdf487ecde7ebb/element/f.73CD6E590336CA8913C659C97A11067A.d.7B47048FC100D258751F43B656191309.e.6694/rect - {}
RESULT: {}
COMMAND: GET /session/3080ab49fbb8c4e7eecdf487ecde7ebb/window/rect - {}
RESULT: {}
COMMAND: POST /session/3080ab49fbb8c4e7eecdf487ecde7ebb/execute/sync - {"script":"<script> [92 bytes]","args":[]}
RESULT: {"script":"<script> [92 bytes]","args":[]}
COMMAND: POST /session/3080ab49fbb8c4e7eecdf487ecde7ebb/actions - {"actions":[{"id":"action16","type":"wheel","parameters":{},"actions":[{"type":"scroll","x":-1820,"y":-21,"deltaX":0,"deltaY":0,"duration":0,"origin":{"element-6066-11e4-a52e-4f735466cecf":"f.73CD6E590336CA8913C659C97A11067A.d.7B47048FC100D258751F43B656191309.e.6694"}}]}]}
COMMAND: GET /session/3080ab49fbb8c4e7eecdf487ecde7ebb/screenshot - {}
RESULT: {}
COMMAND: POST /session/3080ab49fbb8c4e7eecdf487ecde7ebb/execute/sync - {"script":"<script> [79 bytes]","args":[{"element-6066-11e4-a52e-4f735466cecf":"f.73CD6E590336CA8913C659C97A11067A.d.7B47048FC100D258751F43B656191309.e.6694","ELEMENT":"f.73CD6E590336CA8913C659C97A11067A.d.7B47048FC100D258751F43B656191309.e.6694"},{"block":"start","inline":"nearest"}]}
RESULT: {"script":"<script> [79 bytes]","args":[{"element-6066-11e4-a52e-4f735466cecf":"f.73CD6E590336CA8913C659C97A11067A.d.7B47048FC100D258751F43B656191309.e.6694","ELEMENT":"f.73CD6E590336CA8913C659C97A11067A.d.7B47048FC100D258751F43B656191309.e.6694"},{"block":"start","inline":"nearest"}]}
COMMAND: GET /session/3080ab49fbb8c4e7eecdf487ecde7ebb/screenshot - {}
RESULT: {}
COMMAND: POST /session/3080ab49fbb8c4e7eecdf487ecde7ebb/element - {"using":"xpath","value":"//span[@id=\"application-manageresources-display-component---newResourceUnit--btnAddTimeSegment-img\"]"}
RESULT: {"using":"xpath","value":"//span[@id=\"application-manageresources-display-component---newResourceUnit--btnAddTimeSegment-img\"]"}
COMMAND: POST /session/3080ab49fbb8c4e7eecdf487ecde7ebb/execute/sync - {"script":"<script> [8489 bytes]","args":[{"element-6066-11e4-a52e-4f735466cecf":"f.73CD6E590336CA8913C659C97A11067A.d.7B47048FC100D258751F43B656191309.e.6697","ELEMENT":"f.73CD6E590336CA8913C659C97A11067A.d.7B47048FC100D258751F43B656191309.e.6697"}]}
RESULT: {"script":"<script> [8489 bytes]","args":[{"element-6066-11e4-a52e-4f735466cecf":"f.73CD6E590336CA8913C659C97A11067A.d.7B47048FC100D258751F43B656191309.e.6697","ELEMENT":"f.73CD6E590336CA8913C659C97A11067A.d.7B47048FC100D258751F43B656191309.e.6697"}]}
COMMAND: POST /session/3080ab49fbb8c4e7eecdf487ecde7ebb/element/f.73CD6E590336CA8913C659C97A11067A.d.7B47048FC100D258751F43B656191309.e.6697/click - {}
COMMAND: GET /session/3080ab49fbb8c4e7eecdf487ecde7ebb/screenshot - {}
RESULT: {}
COMMAND: GET /session/3080ab49fbb8c4e7eecdf487ecde7ebb/screenshot - {}
COMMAND: POST /session/3080ab49fbb8c4e7eecdf487ecde7ebb/element - {"using":"xpath","value":"//input[@id=\"application-manageresources-display-component---newResourceUnit--idRuTSAdmin-application-manageresources-display-component---newResourceUnit--RUTimeSegment-0-inner\"]"}
RESULT: {}
RESULT: {}
RESULT: {"using":"xpath","value":"//input[@id=\"application-manageresources-display-component---newResourceUnit--idRuTSAdmin-application-manageresources-display-component---newResourceUnit--RUTimeSegment-0-inner\"]"}
COMMAND: POST /session/3080ab49fbb8c4e7eecdf487ecde7ebb/element/f.73CD6E590336CA8913C659C97A11067A.d.7B47048FC100D258751F43B656191309.e.6700/clear - {}
RESULT: {}
COMMAND: POST /session/3080ab49fbb8c4e7eecdf487ecde7ebb/element/f.73CD6E590336CA8913C659C97A11067A.d.7B47048FC100D258751F43B656191309.e.6700/value - {"text":"456"}
COMMAND: GET /session/3080ab49fbb8c4e7eecdf487ecde7ebb/screenshot - {}
RESULT: {"text":"456"}
COMMAND: GET /session/3080ab49fbb8c4e7eecdf487ecde7ebb/screenshot - {}
RESULT: {}
RESULT: {}
COMMAND: POST /session/3080ab49fbb8c4e7eecdf487ecde7ebb/actions - {"actions":[{"id":"action17","type":"key","parameters":{},"actions":[{"type":"keyDown","value":""},{"type":"pause","duration":10},{"type":"keyUp","value":""}]}]}
RESULT: {"actions":[{"id":"action17","type":"key","parameters":{},"actions":[{"type":"keyDown","value":""},{"type":"pause","duration":10},{"type":"keyUp","value":""}]}]}
COMMAND: GET /session/3080ab49fbb8c4e7eecdf487ecde7ebb/screenshot - {}
RESULT: {}
COMMAND: POST /session/3080ab49fbb8c4e7eecdf487ecde7ebb/execute/async - {"script":"<script> [1562 bytes]","args":[{"selector":{"controlType":"sap.m.Button","viewName":"reusables.view.manageresources.NewResourceUnit","viewId":"application-manageresources-display-component---newResourceUnit","i18NText":{"propertyName":"tooltip","key":"save"},"interaction":{"idSuffix":"BDI-content"}},"wdio_ui5_key":"reusablesview.manageresources.NewResourceUnitsap.m.Button{\"propertyName\":\"tooltip\",\"key\":\"save\"}"}]}
RESULT: {"script":"<script> [1562 bytes]","args":[{"selector":{"controlType":"sap.m.Button","viewName":"reusables.view.manageresources.NewResourceUnit","viewId":"application-manageresources-display-component---newResourceUnit","i18NText":{"propertyName":"tooltip","key":"save"},"interaction":{"idSuffix":"BDI-content"}},"wdio_ui5_key":"reusablesview.manageresources.NewResourceUnitsap.m.Button{\"propertyName\":\"tooltip\",\"key\":\"save\"}"}]}
RESULT: undefined
COMMAND: POST /session/3080ab49fbb8c4e7eecdf487ecde7ebb/element - {"using":"xpath","value":"//*[@id=\"application-manageresources-display-component---newResourceUnit--createRuButton\"]"}
RESULT: {"using":"xpath","value":"//*[@id=\"application-manageresources-display-component---newResourceUnit--createRuButton\"]"}
COMMAND: POST /session/3080ab49fbb8c4e7eecdf487ecde7ebb/element/f.73CD6E590336CA8913C659C97A11067A.d.7B47048FC100D258751F43B656191309.e.6561/click - {}
RESULT: {}
COMMAND: GET /session/3080ab49fbb8c4e7eecdf487ecde7ebb/screenshot - {}
RESULT: {}
COMMAND: POST /session/3080ab49fbb8c4e7eecdf487ecde7ebb/execute/async - {"script":"<script> [1562 bytes]","args":[{"selector":{"controlType":"sap.m.Title","properties":{"text":"Success"},"searchOpenDialogs":true},"wdio_ui5_key":"sapm.Title{\"text\":\"Success\"}"}]}
RESULT: {"script":"<script> [1562 bytes]","args":[{"selector":{"controlType":"sap.m.Title","properties":{"text":"Success"},"searchOpenDialogs":true},"wdio_ui5_key":"sapm.Title{\"text\":\"Success\"}"}]}
RESULT: undefined
COMMAND: POST /session/3080ab49fbb8c4e7eecdf487ecde7ebb/execute/async - {"script":"<script> [6424 bytes]","args":[{"element-6066-11e4-a52e-4f735466cecf":"f.73CD6E590336CA8913C659C97A11067A.d.7B47048FC100D258751F43B656191309.e.6716"},"getText",[]]}
RESULT: {"script":"<script> [6424 bytes]","args":[{"element-6066-11e4-a52e-4f735466cecf":"f.73CD6E590336CA8913C659C97A11067A.d.7B47048FC100D258751F43B656191309.e.6716"},"getText",[]]}
COMMAND: POST /session/3080ab49fbb8c4e7eecdf487ecde7ebb/element - {"using":"xpath","value":"//*[contains(@id, '__text') and (contains(text(), 'successfully created') or contains(., 'successfully created'))]"}
RESULT: {"using":"xpath","value":"//*[contains(@id, '__text') and (contains(text(), 'successfully created') or contains(., 'successfully created'))]"}
COMMAND: GET /session/3080ab49fbb8c4e7eecdf487ecde7ebb/element/f.73CD6E590336CA8913C659C97A11067A.d.7B47048FC100D258751F43B656191309.e.6715/text - {}
RESULT: {}
COMMAND: POST /session/3080ab49fbb8c4e7eecdf487ecde7ebb/execute/async - {"script":"<script> [1562 bytes]","args":[{"selector":{"controlType":"sap.m.Button","properties":{"text":"Close"},"searchOpenDialogs":true,"interaction":{"idSuffix":"BDI-content"}},"wdio_ui5_key":"sapm.Button{\"text\":\"Close\"}"}]}
RESULT: {"script":"<script> [1562 bytes]","args":[{"selector":{"controlType":"sap.m.Button","properties":{"text":"Close"},"searchOpenDialogs":true,"interaction":{"idSuffix":"BDI-content"}},"wdio_ui5_key":"sapm.Button{\"text\":\"Close\"}"}]}
RESULT: undefined
COMMAND: POST /session/3080ab49fbb8c4e7eecdf487ecde7ebb/element - {"using":"xpath","value":"//*[@id=\"__mbox-btn-0\"]"}
RESULT: {"using":"xpath","value":"//*[@id=\"__mbox-btn-0\"]"}
COMMAND: POST /session/3080ab49fbb8c4e7eecdf487ecde7ebb/element/f.73CD6E590336CA8913C659C97A11067A.d.7B47048FC100D258751F43B656191309.e.6712/click - {}
RESULT: {}
COMMAND: GET /session/3080ab49fbb8c4e7eecdf487ecde7ebb/screenshot - {}
RESULT: {}
COMMAND: POST /session/3080ab49fbb8c4e7eecdf487ecde7ebb/execute/async - {"script":"<script> [1562 bytes]","args":[{"selector":{"controlType":"sap.ui.core.Icon","viewName":"etm.portal.ui.manageresources.view.Detail","viewId":"application-manageresources-display-component---detailRU","properties":{"src":{"regex":{"source":"overflow"}}}},"wdio_ui5_key":"etmportal.ui.manageresources.view.Detailsap.ui.core.Icon{\"src\":{\"regex\":{\"source\":\"overflow\"}}}"}]}
RESULT: {"script":"<script> [1562 bytes]","args":[{"selector":{"controlType":"sap.ui.core.Icon","viewName":"etm.portal.ui.manageresources.view.Detail","viewId":"application-manageresources-display-component---detailRU","properties":{"src":{"regex":{"source":"overflow"}}}},"wdio_ui5_key":"etmportal.ui.manageresources.view.Detailsap.ui.core.Icon{\"src\":{\"regex\":{\"source\":\"overflow\"}}}"}]}
RESULT: undefined
COMMAND: POST /session/3080ab49fbb8c4e7eecdf487ecde7ebb/element - {"using":"xpath","value":"//*[@id=\"__title15-_actionsToolbar-overflowButton-img\"]"}
RESULT: {"using":"xpath","value":"//*[@id=\"__title15-_actionsToolbar-overflowButton-img\"]"}
COMMAND: POST /session/3080ab49fbb8c4e7eecdf487ecde7ebb/element/f.73CD6E590336CA8913C659C97A11067A.d.7B47048FC100D258751F43B656191309.e.6751/click - {}
RESULT: {}
COMMAND: POST /session/3080ab49fbb8c4e7eecdf487ecde7ebb/execute/async - {"script":"<script> [1562 bytes]","args":[{"selector":{"controlType":"sap.m.Button","viewName":"etm.portal.ui.manageresources.view.Detail","viewId":"application-manageresources-display-component---detailRU","i18NText":{"propertyName":"tooltip","key":"closeColumn"},"searchOpenDialogs":true,"interaction":{"idSuffix":"inner"}},"wdio_ui5_key":"etmportal.ui.manageresources.view.Detailsap.m.Button{\"propertyName\":\"tooltip\",\"key\":\"closeColumn\"}"}]}
COMMAND: GET /session/3080ab49fbb8c4e7eecdf487ecde7ebb/screenshot - {}
RESULT: {"script":"<script> [1562 bytes]","args":[{"selector":{"controlType":"sap.m.Button","viewName":"etm.portal.ui.manageresources.view.Detail","viewId":"application-manageresources-display-component---detailRU","i18NText":{"propertyName":"tooltip","key":"closeColumn"},"searchOpenDialogs":true,"interaction":{"idSuffix":"inner"}},"wdio_ui5_key":"etmportal.ui.manageresources.view.Detailsap.m.Button{\"propertyName\":\"tooltip\",\"key\":\"closeColumn\"}"}]}
RESULT: undefined
COMMAND: POST /session/3080ab49fbb8c4e7eecdf487ecde7ebb/element - {"using":"xpath","value":"//*[@id=\"__button47\"]"}
RESULT: {}
RESULT: {"using":"xpath","value":"//*[@id=\"__button47\"]"}
COMMAND: POST /session/3080ab49fbb8c4e7eecdf487ecde7ebb/element/f.73CD6E590336CA8913C659C97A11067A.d.7B47048FC100D258751F43B656191309.e.6753/click - {}
RESULT: {}
COMMAND: GET /session/3080ab49fbb8c4e7eecdf487ecde7ebb/screenshot - {}
RESULT: {}
COMMAND: POST /session/3080ab49fbb8c4e7eecdf487ecde7ebb/refresh - {}
RESULT: {}
COMMAND: GET /session/3080ab49fbb8c4e7eecdf487ecde7ebb/screenshot - {}
RESULT: {}
COMMAND: POST /session/3080ab49fbb8c4e7eecdf487ecde7ebb/refresh - {}
RESULT: {}
COMMAND: GET /session/3080ab49fbb8c4e7eecdf487ecde7ebb/screenshot - {}
RESULT: {}
COMMAND: POST /session/3080ab49fbb8c4e7eecdf487ecde7ebb/window/fullscreen - {}
RESULT: {}
COMMAND: POST /session/3080ab49fbb8c4e7eecdf487ecde7ebb/execute/async - {"script":"<script> [189 bytes]","args":[]}
RESULT: {"script":"<script> [189 bytes]","args":[]}
COMMAND: POST /session/3080ab49fbb8c4e7eecdf487ecde7ebb/execute/async - {"script":"<script> [123 bytes]","args":[]}
RESULT: {"script":"<script> [123 bytes]","args":[]}
COMMAND: POST /session/3080ab49fbb8c4e7eecdf487ecde7ebb/timeouts - {"script":"<number>"}
RESULT: {"script":"<number>"}
COMMAND: GET /session/3080ab49fbb8c4e7eecdf487ecde7ebb/timeouts - {}
RESULT: {}
RESULT: undefined
COMMAND: POST /session/3080ab49fbb8c4e7eecdf487ecde7ebb/execute/async - {"script":"<script> [2676 bytes]","args":[]}
RESULT: {"script":"<script> [2676 bytes]","args":[]}
COMMAND: POST /session/3080ab49fbb8c4e7eecdf487ecde7ebb/execute/async - {"script":"<script> [2342 bytes]","args":[{"protocol":"http","hostname":"0.0.0.0","path":"/","capabilities":{"browserName":"chrome","goog:chromeOptions":{"binary":"C:\\Program Files\\Google\\Chrome\\Application\\chrome.exe","args":["--start-maximized"]}},"logLevel":"warn","connectionRetryTimeout":120000,"connectionRetryCount":3,"logLevels":{},"enableDirectConnect":true,"strictSSL":true,"_":"65 more keys: [\"cacheDir\",\"port\",\"requestedCapabilities\",\"automationProtocol\",\"baseUrl\",\"waitforInterval\",\"waitforTimeout\",\"onReload\",\"beforeCommand\",\"afterCommand\",\"rootDir\",\"specs\",\"suites\",\"exclude\",\"groupLogsByTestSpec\",\"excludeDriverLogs\",\"bail\",\"framework\",\"reporters\",\"services\",\"maxInstances\",\"maxInstancesPerCapability\",\"injectGlobals\",\"filesToWatch\",\"execArgv\",\"runnerEnv\",\"runner\",\"shard\",\"specFileRetries\",\"specFileRetriesDelay\",\"specFileRetriesDeferred\",\"reporterSyncInterval\",\"reporterSyncTimeout\",\"cucumberFeaturesWithLineNumbers\",\"autoCompileOpts\",\"mochaOpts\",\"jasmineOpts\",\"cucumberOpts\",\"onPrepare\",\"onWorkerStart\",\"onWorkerEnd\",\"before\",\"beforeSession\",\"beforeSuite\",\"beforeHook\",\"beforeTest\",\"afterTest\",\"afterHook\",\"afterSuite\",\"afterSession\",\"after\",\"onComplete\",\"beforeAssertion\",\"afterAssertion\",\"beforeFeature\",\"beforeScenario\",\"beforeStep\",\"afterStep\",\"afterScenario\",\"afterFeature\",\"_\",\"suite\",\"$0\",\"ignoredWorkerServices\",\"wdi5\"]"}]}
RESULT: {"script":"<script> [2342 bytes]","args":[{"protocol":"http","hostname":"0.0.0.0","path":"/","capabilities":{"browserName":"chrome","goog:chromeOptions":{"binary":"C:\\Program Files\\Google\\Chrome\\Application\\chrome.exe","args":["--start-maximized"]}},"logLevel":"warn","connectionRetryTimeout":120000,"connectionRetryCount":3,"logLevels":{},"enableDirectConnect":true,"strictSSL":true,"_":"65 more keys: [\"cacheDir\",\"port\",\"requestedCapabilities\",\"automationProtocol\",\"baseUrl\",\"waitforInterval\",\"waitforTimeout\",\"onReload\",\"beforeCommand\",\"afterCommand\",\"rootDir\",\"specs\",\"suites\",\"exclude\",\"groupLogsByTestSpec\",\"excludeDriverLogs\",\"bail\",\"framework\",\"reporters\",\"services\",\"maxInstances\",\"maxInstancesPerCapability\",\"injectGlobals\",\"filesToWatch\",\"execArgv\",\"runnerEnv\",\"runner\",\"shard\",\"specFileRetries\",\"specFileRetriesDelay\",\"specFileRetriesDeferred\",\"reporterSyncInterval\",\"reporterSyncTimeout\",\"cucumberFeaturesWithLineNumbers\",\"autoCompileOpts\",\"mochaOpts\",\"jasmineOpts\",\"cucumberOpts\",\"onPrepare\",\"onWorkerStart\",\"onWorkerEnd\",\"before\",\"beforeSession\",\"beforeSuite\",\"beforeHook\",\"beforeTest\",\"afterTest\",\"afterHook\",\"afterSuite\",\"afterSession\",\"after\",\"onComplete\",\"beforeAssertion\",\"afterAssertion\",\"beforeFeature\",\"beforeScenario\",\"beforeStep\",\"afterStep\",\"afterScenario\",\"afterFeature\",\"_\",\"suite\",\"$0\",\"ignoredWorkerServices\",\"wdi5\"]"}]}
COMMAND: POST /session/3080ab49fbb8c4e7eecdf487ecde7ebb/execute/async - {"script":"<script> [21126 bytes]","args":[35000]}
RESULT: {"script":"<script> [21126 bytes]","args":[35000]}
]]></system-out>
    </testcase>
    <testcase classname="chrome.136_0_7103_93.windows.Create_2_RU_material_US118246" name="Create WHM material" time="184.522">
      <system-out><![CDATA[
COMMAND: POST /session/3080ab49fbb8c4e7eecdf487ecde7ebb/element - {"using":"xpath","value":"//button[@data-kt=\"addNewRUOverflowToolbarButton\"]"}
RESULT: {"using":"xpath","value":"//button[@data-kt=\"addNewRUOverflowToolbarButton\"]"}
COMMAND: POST /session/3080ab49fbb8c4e7eecdf487ecde7ebb/execute/sync - {"script":"<script> [8489 bytes]","args":[{"element-6066-11e4-a52e-4f735466cecf":"f.73CD6E590336CA8913C659C97A11067A.d.983B460216EDE2323843633C338566DF.e.6992","ELEMENT":"f.73CD6E590336CA8913C659C97A11067A.d.983B460216EDE2323843633C338566DF.e.6992"}]}
RESULT: {"script":"<script> [8489 bytes]","args":[{"element-6066-11e4-a52e-4f735466cecf":"f.73CD6E590336CA8913C659C97A11067A.d.983B460216EDE2323843633C338566DF.e.6992","ELEMENT":"f.73CD6E590336CA8913C659C97A11067A.d.983B460216EDE2323843633C338566DF.e.6992"}]}
COMMAND: POST /session/3080ab49fbb8c4e7eecdf487ecde7ebb/element/f.73CD6E590336CA8913C659C97A11067A.d.983B460216EDE2323843633C338566DF.e.6992/click - {}
COMMAND: GET /session/3080ab49fbb8c4e7eecdf487ecde7ebb/screenshot - {}
RESULT: {}
COMMAND: GET /session/3080ab49fbb8c4e7eecdf487ecde7ebb/screenshot - {}
RESULT: {}
RESULT: {}
COMMAND: POST /session/3080ab49fbb8c4e7eecdf487ecde7ebb/execute/async - {"script":"<script> [1562 bytes]","args":[{"selector":{"controlType":"sap.m.ComboBox","viewName":"reusables.view.manageresources.NewResourceUnit","viewId":"application-manageresources-display-component---newResourceUnit","bindingPath":{"path":"","propertyPath":"/RuTypes","modelName":"catalogModel"},"searchOpenDialogs":true},"wdio_ui5_key":"reusablesview.manageresources.NewResourceUnitsap.m.ComboBox{\"path\":\"\",\"propertyPath\":\"/RuTypes\",\"modelName\":\"catalogModel\"}"}]}
RESULT: {"script":"<script> [1562 bytes]","args":[{"selector":{"controlType":"sap.m.ComboBox","viewName":"reusables.view.manageresources.NewResourceUnit","viewId":"application-manageresources-display-component---newResourceUnit","bindingPath":{"path":"","propertyPath":"/RuTypes","modelName":"catalogModel"},"searchOpenDialogs":true},"wdio_ui5_key":"reusablesview.manageresources.NewResourceUnitsap.m.ComboBox{\"path\":\"\",\"propertyPath\":\"/RuTypes\",\"modelName\":\"catalogModel\"}"}]}
RESULT: undefined
COMMAND: POST /session/3080ab49fbb8c4e7eecdf487ecde7ebb/execute/async - {"script":"<script> [1562 bytes]","args":[{"selector":{"controlType":"sap.m.ComboBox","viewName":"reusables.view.manageresources.NewResourceUnit","viewId":"application-manageresources-display-component---newResourceUnit","bindingPath":{"path":"","propertyPath":"/Yards","modelName":"catalogModel"},"searchOpenDialogs":true},"wdio_ui5_key":"reusablesview.manageresources.NewResourceUnitsap.m.ComboBox{\"path\":\"\",\"propertyPath\":\"/Yards\",\"modelName\":\"catalogModel\"}"}]}
RESULT: {"script":"<script> [1562 bytes]","args":[{"selector":{"controlType":"sap.m.ComboBox","viewName":"reusables.view.manageresources.NewResourceUnit","viewId":"application-manageresources-display-component---newResourceUnit","bindingPath":{"path":"","propertyPath":"/Yards","modelName":"catalogModel"},"searchOpenDialogs":true},"wdio_ui5_key":"reusablesview.manageresources.NewResourceUnitsap.m.ComboBox{\"path\":\"\",\"propertyPath\":\"/Yards\",\"modelName\":\"catalogModel\"}"}]}
RESULT: undefined
COMMAND: POST /session/3080ab49fbb8c4e7eecdf487ecde7ebb/execute/async - {"script":"<script> [1562 bytes]","args":[{"selector":{"controlType":"etm.portal.ui.reusables.customControls.LiveSearchComboBox","viewName":"reusables.view.manageresources.NewResourceUnit","viewId":"application-manageresources-display-component---newResourceUnit","bindingPath":{"path":"","propertyPath":"/CatalogItems","modelName":"catalogModel"},"searchOpenDialogs":true},"wdio_ui5_key":"reusablesview.manageresources.NewResourceUnitetm.portal.ui.reusables.customControls.LiveSearchComboBox{\"path\":\"\",\"propertyPath\":\"/CatalogItems\",\"modelName\":\"catalogModel\"}"}]}
RESULT: {"script":"<script> [1562 bytes]","args":[{"selector":{"controlType":"etm.portal.ui.reusables.customControls.LiveSearchComboBox","viewName":"reusables.view.manageresources.NewResourceUnit","viewId":"application-manageresources-display-component---newResourceUnit","bindingPath":{"path":"","propertyPath":"/CatalogItems","modelName":"catalogModel"},"searchOpenDialogs":true},"wdio_ui5_key":"reusablesview.manageresources.NewResourceUnitetm.portal.ui.reusables.customControls.LiveSearchComboBox{\"path\":\"\",\"propertyPath\":\"/CatalogItems\",\"modelName\":\"catalogModel\"}"}]}
RESULT: undefined
COMMAND: POST /session/3080ab49fbb8c4e7eecdf487ecde7ebb/element - {"using":"xpath","value":"//bdi[text()=\"OK\"]"}
RESULT: {"using":"xpath","value":"//bdi[text()=\"OK\"]"}
COMMAND: POST /session/3080ab49fbb8c4e7eecdf487ecde7ebb/elements - {"using":"xpath","value":"//bdi[text()=\"OK\"]"}
RESULT: {"using":"xpath","value":"//bdi[text()=\"OK\"]"}
COMMAND: POST /session/3080ab49fbb8c4e7eecdf487ecde7ebb/elements - {"using":"xpath","value":"//bdi[text()=\"OK\"]"}
RESULT: {"using":"xpath","value":"//bdi[text()=\"OK\"]"}
COMMAND: POST /session/3080ab49fbb8c4e7eecdf487ecde7ebb/elements - {"using":"xpath","value":"//bdi[text()=\"OK\"]"}
RESULT: {"using":"xpath","value":"//bdi[text()=\"OK\"]"}
COMMAND: POST /session/3080ab49fbb8c4e7eecdf487ecde7ebb/elements - {"using":"xpath","value":"//bdi[text()=\"OK\"]"}
RESULT: {"using":"xpath","value":"//bdi[text()=\"OK\"]"}
COMMAND: POST /session/3080ab49fbb8c4e7eecdf487ecde7ebb/elements - {"using":"xpath","value":"//bdi[text()=\"OK\"]"}
RESULT: {"using":"xpath","value":"//bdi[text()=\"OK\"]"}
COMMAND: POST /session/3080ab49fbb8c4e7eecdf487ecde7ebb/elements - {"using":"xpath","value":"//bdi[text()=\"OK\"]"}
RESULT: {"using":"xpath","value":"//bdi[text()=\"OK\"]"}
COMMAND: POST /session/3080ab49fbb8c4e7eecdf487ecde7ebb/elements - {"using":"xpath","value":"//bdi[text()=\"OK\"]"}
RESULT: {"using":"xpath","value":"//bdi[text()=\"OK\"]"}
COMMAND: POST /session/3080ab49fbb8c4e7eecdf487ecde7ebb/elements - {"using":"xpath","value":"//bdi[text()=\"OK\"]"}
RESULT: {"using":"xpath","value":"//bdi[text()=\"OK\"]"}
COMMAND: POST /session/3080ab49fbb8c4e7eecdf487ecde7ebb/elements - {"using":"xpath","value":"//bdi[text()=\"OK\"]"}
RESULT: {"using":"xpath","value":"//bdi[text()=\"OK\"]"}
COMMAND: POST /session/3080ab49fbb8c4e7eecdf487ecde7ebb/elements - {"using":"xpath","value":"//bdi[text()=\"OK\"]"}
RESULT: {"using":"xpath","value":"//bdi[text()=\"OK\"]"}
COMMAND: POST /session/3080ab49fbb8c4e7eecdf487ecde7ebb/elements - {"using":"xpath","value":"//bdi[text()=\"OK\"]"}
RESULT: {"using":"xpath","value":"//bdi[text()=\"OK\"]"}
COMMAND: POST /session/3080ab49fbb8c4e7eecdf487ecde7ebb/elements - {"using":"xpath","value":"//bdi[text()=\"OK\"]"}
RESULT: {"using":"xpath","value":"//bdi[text()=\"OK\"]"}
COMMAND: POST /session/3080ab49fbb8c4e7eecdf487ecde7ebb/elements - {"using":"xpath","value":"//bdi[text()=\"OK\"]"}
RESULT: {"using":"xpath","value":"//bdi[text()=\"OK\"]"}
COMMAND: POST /session/3080ab49fbb8c4e7eecdf487ecde7ebb/elements - {"using":"xpath","value":"//bdi[text()=\"OK\"]"}
RESULT: {"using":"xpath","value":"//bdi[text()=\"OK\"]"}
COMMAND: POST /session/3080ab49fbb8c4e7eecdf487ecde7ebb/elements - {"using":"xpath","value":"//bdi[text()=\"OK\"]"}
RESULT: {"using":"xpath","value":"//bdi[text()=\"OK\"]"}
COMMAND: POST /session/3080ab49fbb8c4e7eecdf487ecde7ebb/elements - {"using":"xpath","value":"//bdi[text()=\"OK\"]"}
RESULT: {"using":"xpath","value":"//bdi[text()=\"OK\"]"}
COMMAND: POST /session/3080ab49fbb8c4e7eecdf487ecde7ebb/elements - {"using":"xpath","value":"//bdi[text()=\"OK\"]"}
RESULT: {"using":"xpath","value":"//bdi[text()=\"OK\"]"}
COMMAND: POST /session/3080ab49fbb8c4e7eecdf487ecde7ebb/elements - {"using":"xpath","value":"//bdi[text()=\"OK\"]"}
RESULT: {"using":"xpath","value":"//bdi[text()=\"OK\"]"}
COMMAND: POST /session/3080ab49fbb8c4e7eecdf487ecde7ebb/elements - {"using":"xpath","value":"//bdi[text()=\"OK\"]"}
RESULT: {"using":"xpath","value":"//bdi[text()=\"OK\"]"}
COMMAND: POST /session/3080ab49fbb8c4e7eecdf487ecde7ebb/elements - {"using":"xpath","value":"//bdi[text()=\"OK\"]"}
RESULT: {"using":"xpath","value":"//bdi[text()=\"OK\"]"}
COMMAND: POST /session/3080ab49fbb8c4e7eecdf487ecde7ebb/elements - {"using":"xpath","value":"//bdi[text()=\"OK\"]"}
RESULT: {"using":"xpath","value":"//bdi[text()=\"OK\"]"}
COMMAND: POST /session/3080ab49fbb8c4e7eecdf487ecde7ebb/elements - {"using":"xpath","value":"//bdi[text()=\"OK\"]"}
RESULT: {"using":"xpath","value":"//bdi[text()=\"OK\"]"}
COMMAND: POST /session/3080ab49fbb8c4e7eecdf487ecde7ebb/elements - {"using":"xpath","value":"//bdi[text()=\"OK\"]"}
RESULT: {"using":"xpath","value":"//bdi[text()=\"OK\"]"}
COMMAND: POST /session/3080ab49fbb8c4e7eecdf487ecde7ebb/elements - {"using":"xpath","value":"//bdi[text()=\"OK\"]"}
RESULT: {"using":"xpath","value":"//bdi[text()=\"OK\"]"}
COMMAND: POST /session/3080ab49fbb8c4e7eecdf487ecde7ebb/elements - {"using":"xpath","value":"//bdi[text()=\"OK\"]"}
RESULT: {"using":"xpath","value":"//bdi[text()=\"OK\"]"}
COMMAND: POST /session/3080ab49fbb8c4e7eecdf487ecde7ebb/elements - {"using":"xpath","value":"//bdi[text()=\"OK\"]"}
RESULT: {"using":"xpath","value":"//bdi[text()=\"OK\"]"}
COMMAND: POST /session/3080ab49fbb8c4e7eecdf487ecde7ebb/elements - {"using":"xpath","value":"//bdi[text()=\"OK\"]"}
RESULT: {"using":"xpath","value":"//bdi[text()=\"OK\"]"}
COMMAND: POST /session/3080ab49fbb8c4e7eecdf487ecde7ebb/elements - {"using":"xpath","value":"//bdi[text()=\"OK\"]"}
RESULT: {"using":"xpath","value":"//bdi[text()=\"OK\"]"}
COMMAND: POST /session/3080ab49fbb8c4e7eecdf487ecde7ebb/elements - {"using":"xpath","value":"//bdi[text()=\"OK\"]"}
RESULT: {"using":"xpath","value":"//bdi[text()=\"OK\"]"}
COMMAND: POST /session/3080ab49fbb8c4e7eecdf487ecde7ebb/elements - {"using":"xpath","value":"//bdi[text()=\"OK\"]"}
RESULT: {"using":"xpath","value":"//bdi[text()=\"OK\"]"}
COMMAND: POST /session/3080ab49fbb8c4e7eecdf487ecde7ebb/elements - {"using":"xpath","value":"//bdi[text()=\"OK\"]"}
RESULT: {"using":"xpath","value":"//bdi[text()=\"OK\"]"}
COMMAND: POST /session/3080ab49fbb8c4e7eecdf487ecde7ebb/elements - {"using":"xpath","value":"//bdi[text()=\"OK\"]"}
RESULT: {"using":"xpath","value":"//bdi[text()=\"OK\"]"}
COMMAND: POST /session/3080ab49fbb8c4e7eecdf487ecde7ebb/elements - {"using":"xpath","value":"//bdi[text()=\"OK\"]"}
RESULT: {"using":"xpath","value":"//bdi[text()=\"OK\"]"}
COMMAND: POST /session/3080ab49fbb8c4e7eecdf487ecde7ebb/elements - {"using":"xpath","value":"//bdi[text()=\"OK\"]"}
RESULT: {"using":"xpath","value":"//bdi[text()=\"OK\"]"}
COMMAND: POST /session/3080ab49fbb8c4e7eecdf487ecde7ebb/elements - {"using":"xpath","value":"//bdi[text()=\"OK\"]"}
RESULT: {"using":"xpath","value":"//bdi[text()=\"OK\"]"}
COMMAND: POST /session/3080ab49fbb8c4e7eecdf487ecde7ebb/elements - {"using":"xpath","value":"//bdi[text()=\"OK\"]"}
RESULT: {"using":"xpath","value":"//bdi[text()=\"OK\"]"}
COMMAND: POST /session/3080ab49fbb8c4e7eecdf487ecde7ebb/elements - {"using":"xpath","value":"//bdi[text()=\"OK\"]"}
RESULT: {"using":"xpath","value":"//bdi[text()=\"OK\"]"}
COMMAND: POST /session/3080ab49fbb8c4e7eecdf487ecde7ebb/elements - {"using":"xpath","value":"//bdi[text()=\"OK\"]"}
RESULT: {"using":"xpath","value":"//bdi[text()=\"OK\"]"}
COMMAND: POST /session/3080ab49fbb8c4e7eecdf487ecde7ebb/elements - {"using":"xpath","value":"//bdi[text()=\"OK\"]"}
RESULT: {"using":"xpath","value":"//bdi[text()=\"OK\"]"}
COMMAND: POST /session/3080ab49fbb8c4e7eecdf487ecde7ebb/elements - {"using":"xpath","value":"//bdi[text()=\"OK\"]"}
RESULT: {"using":"xpath","value":"//bdi[text()=\"OK\"]"}
COMMAND: POST /session/3080ab49fbb8c4e7eecdf487ecde7ebb/elements - {"using":"xpath","value":"//bdi[text()=\"OK\"]"}
RESULT: {"using":"xpath","value":"//bdi[text()=\"OK\"]"}
COMMAND: POST /session/3080ab49fbb8c4e7eecdf487ecde7ebb/elements - {"using":"xpath","value":"//bdi[text()=\"OK\"]"}
RESULT: {"using":"xpath","value":"//bdi[text()=\"OK\"]"}
COMMAND: POST /session/3080ab49fbb8c4e7eecdf487ecde7ebb/elements - {"using":"xpath","value":"//bdi[text()=\"OK\"]"}
RESULT: {"using":"xpath","value":"//bdi[text()=\"OK\"]"}
COMMAND: POST /session/3080ab49fbb8c4e7eecdf487ecde7ebb/elements - {"using":"xpath","value":"//bdi[text()=\"OK\"]"}
RESULT: {"using":"xpath","value":"//bdi[text()=\"OK\"]"}
COMMAND: POST /session/3080ab49fbb8c4e7eecdf487ecde7ebb/elements - {"using":"xpath","value":"//bdi[text()=\"OK\"]"}
RESULT: {"using":"xpath","value":"//bdi[text()=\"OK\"]"}
COMMAND: POST /session/3080ab49fbb8c4e7eecdf487ecde7ebb/elements - {"using":"xpath","value":"//bdi[text()=\"OK\"]"}
RESULT: {"using":"xpath","value":"//bdi[text()=\"OK\"]"}
COMMAND: POST /session/3080ab49fbb8c4e7eecdf487ecde7ebb/elements - {"using":"xpath","value":"//bdi[text()=\"OK\"]"}
RESULT: {"using":"xpath","value":"//bdi[text()=\"OK\"]"}
COMMAND: POST /session/3080ab49fbb8c4e7eecdf487ecde7ebb/elements - {"using":"xpath","value":"//bdi[text()=\"OK\"]"}
RESULT: {"using":"xpath","value":"//bdi[text()=\"OK\"]"}
COMMAND: POST /session/3080ab49fbb8c4e7eecdf487ecde7ebb/elements - {"using":"xpath","value":"//bdi[text()=\"OK\"]"}
RESULT: {"using":"xpath","value":"//bdi[text()=\"OK\"]"}
COMMAND: POST /session/3080ab49fbb8c4e7eecdf487ecde7ebb/elements - {"using":"xpath","value":"//bdi[text()=\"OK\"]"}
RESULT: {"using":"xpath","value":"//bdi[text()=\"OK\"]"}
COMMAND: POST /session/3080ab49fbb8c4e7eecdf487ecde7ebb/elements - {"using":"xpath","value":"//bdi[text()=\"OK\"]"}
RESULT: {"using":"xpath","value":"//bdi[text()=\"OK\"]"}
COMMAND: POST /session/3080ab49fbb8c4e7eecdf487ecde7ebb/elements - {"using":"xpath","value":"//bdi[text()=\"OK\"]"}
RESULT: {"using":"xpath","value":"//bdi[text()=\"OK\"]"}
COMMAND: POST /session/3080ab49fbb8c4e7eecdf487ecde7ebb/elements - {"using":"xpath","value":"//bdi[text()=\"OK\"]"}
RESULT: {"using":"xpath","value":"//bdi[text()=\"OK\"]"}
COMMAND: POST /session/3080ab49fbb8c4e7eecdf487ecde7ebb/elements - {"using":"xpath","value":"//bdi[text()=\"OK\"]"}
RESULT: {"using":"xpath","value":"//bdi[text()=\"OK\"]"}
COMMAND: POST /session/3080ab49fbb8c4e7eecdf487ecde7ebb/elements - {"using":"xpath","value":"//bdi[text()=\"OK\"]"}
RESULT: {"using":"xpath","value":"//bdi[text()=\"OK\"]"}
COMMAND: POST /session/3080ab49fbb8c4e7eecdf487ecde7ebb/elements - {"using":"xpath","value":"//bdi[text()=\"OK\"]"}
RESULT: {"using":"xpath","value":"//bdi[text()=\"OK\"]"}
COMMAND: POST /session/3080ab49fbb8c4e7eecdf487ecde7ebb/elements - {"using":"xpath","value":"//bdi[text()=\"OK\"]"}
RESULT: {"using":"xpath","value":"//bdi[text()=\"OK\"]"}
COMMAND: POST /session/3080ab49fbb8c4e7eecdf487ecde7ebb/elements - {"using":"xpath","value":"//bdi[text()=\"OK\"]"}
RESULT: {"using":"xpath","value":"//bdi[text()=\"OK\"]"}
COMMAND: POST /session/3080ab49fbb8c4e7eecdf487ecde7ebb/elements - {"using":"xpath","value":"//bdi[text()=\"OK\"]"}
RESULT: {"using":"xpath","value":"//bdi[text()=\"OK\"]"}
COMMAND: POST /session/3080ab49fbb8c4e7eecdf487ecde7ebb/elements - {"using":"xpath","value":"//bdi[text()=\"OK\"]"}
RESULT: {"using":"xpath","value":"//bdi[text()=\"OK\"]"}
COMMAND: POST /session/3080ab49fbb8c4e7eecdf487ecde7ebb/elements - {"using":"xpath","value":"//bdi[text()=\"OK\"]"}
RESULT: {"using":"xpath","value":"//bdi[text()=\"OK\"]"}
COMMAND: POST /session/3080ab49fbb8c4e7eecdf487ecde7ebb/elements - {"using":"xpath","value":"//bdi[text()=\"OK\"]"}
RESULT: {"using":"xpath","value":"//bdi[text()=\"OK\"]"}
COMMAND: POST /session/3080ab49fbb8c4e7eecdf487ecde7ebb/elements - {"using":"xpath","value":"//bdi[text()=\"OK\"]"}
RESULT: {"using":"xpath","value":"//bdi[text()=\"OK\"]"}
COMMAND: POST /session/3080ab49fbb8c4e7eecdf487ecde7ebb/elements - {"using":"xpath","value":"//bdi[text()=\"OK\"]"}
RESULT: {"using":"xpath","value":"//bdi[text()=\"OK\"]"}
COMMAND: POST /session/3080ab49fbb8c4e7eecdf487ecde7ebb/elements - {"using":"xpath","value":"//bdi[text()=\"OK\"]"}
RESULT: {"using":"xpath","value":"//bdi[text()=\"OK\"]"}
COMMAND: POST /session/3080ab49fbb8c4e7eecdf487ecde7ebb/elements - {"using":"xpath","value":"//bdi[text()=\"OK\"]"}
RESULT: {"using":"xpath","value":"//bdi[text()=\"OK\"]"}
COMMAND: POST /session/3080ab49fbb8c4e7eecdf487ecde7ebb/elements - {"using":"xpath","value":"//bdi[text()=\"OK\"]"}
RESULT: {"using":"xpath","value":"//bdi[text()=\"OK\"]"}
COMMAND: POST /session/3080ab49fbb8c4e7eecdf487ecde7ebb/elements - {"using":"xpath","value":"//bdi[text()=\"OK\"]"}
RESULT: {"using":"xpath","value":"//bdi[text()=\"OK\"]"}
COMMAND: POST /session/3080ab49fbb8c4e7eecdf487ecde7ebb/elements - {"using":"xpath","value":"//bdi[text()=\"OK\"]"}
RESULT: {"using":"xpath","value":"//bdi[text()=\"OK\"]"}
COMMAND: POST /session/3080ab49fbb8c4e7eecdf487ecde7ebb/elements - {"using":"xpath","value":"//bdi[text()=\"OK\"]"}
RESULT: {"using":"xpath","value":"//bdi[text()=\"OK\"]"}
COMMAND: POST /session/3080ab49fbb8c4e7eecdf487ecde7ebb/elements - {"using":"xpath","value":"//bdi[text()=\"OK\"]"}
RESULT: {"using":"xpath","value":"//bdi[text()=\"OK\"]"}
COMMAND: POST /session/3080ab49fbb8c4e7eecdf487ecde7ebb/elements - {"using":"xpath","value":"//bdi[text()=\"OK\"]"}
RESULT: {"using":"xpath","value":"//bdi[text()=\"OK\"]"}
COMMAND: POST /session/3080ab49fbb8c4e7eecdf487ecde7ebb/elements - {"using":"xpath","value":"//bdi[text()=\"OK\"]"}
RESULT: {"using":"xpath","value":"//bdi[text()=\"OK\"]"}
COMMAND: POST /session/3080ab49fbb8c4e7eecdf487ecde7ebb/elements - {"using":"xpath","value":"//bdi[text()=\"OK\"]"}
RESULT: {"using":"xpath","value":"//bdi[text()=\"OK\"]"}
COMMAND: POST /session/3080ab49fbb8c4e7eecdf487ecde7ebb/elements - {"using":"xpath","value":"//bdi[text()=\"OK\"]"}
RESULT: {"using":"xpath","value":"//bdi[text()=\"OK\"]"}
COMMAND: POST /session/3080ab49fbb8c4e7eecdf487ecde7ebb/elements - {"using":"xpath","value":"//bdi[text()=\"OK\"]"}
RESULT: {"using":"xpath","value":"//bdi[text()=\"OK\"]"}
COMMAND: POST /session/3080ab49fbb8c4e7eecdf487ecde7ebb/elements - {"using":"xpath","value":"//bdi[text()=\"OK\"]"}
RESULT: {"using":"xpath","value":"//bdi[text()=\"OK\"]"}
COMMAND: POST /session/3080ab49fbb8c4e7eecdf487ecde7ebb/elements - {"using":"xpath","value":"//bdi[text()=\"OK\"]"}
RESULT: {"using":"xpath","value":"//bdi[text()=\"OK\"]"}
COMMAND: POST /session/3080ab49fbb8c4e7eecdf487ecde7ebb/elements - {"using":"xpath","value":"//bdi[text()=\"OK\"]"}
RESULT: {"using":"xpath","value":"//bdi[text()=\"OK\"]"}
COMMAND: POST /session/3080ab49fbb8c4e7eecdf487ecde7ebb/elements - {"using":"xpath","value":"//bdi[text()=\"OK\"]"}
RESULT: {"using":"xpath","value":"//bdi[text()=\"OK\"]"}
COMMAND: POST /session/3080ab49fbb8c4e7eecdf487ecde7ebb/elements - {"using":"xpath","value":"//bdi[text()=\"OK\"]"}
RESULT: {"using":"xpath","value":"//bdi[text()=\"OK\"]"}
COMMAND: POST /session/3080ab49fbb8c4e7eecdf487ecde7ebb/elements - {"using":"xpath","value":"//bdi[text()=\"OK\"]"}
RESULT: {"using":"xpath","value":"//bdi[text()=\"OK\"]"}
COMMAND: POST /session/3080ab49fbb8c4e7eecdf487ecde7ebb/elements - {"using":"xpath","value":"//bdi[text()=\"OK\"]"}
RESULT: {"using":"xpath","value":"//bdi[text()=\"OK\"]"}
COMMAND: POST /session/3080ab49fbb8c4e7eecdf487ecde7ebb/elements - {"using":"xpath","value":"//bdi[text()=\"OK\"]"}
RESULT: {"using":"xpath","value":"//bdi[text()=\"OK\"]"}
COMMAND: POST /session/3080ab49fbb8c4e7eecdf487ecde7ebb/elements - {"using":"xpath","value":"//bdi[text()=\"OK\"]"}
RESULT: {"using":"xpath","value":"//bdi[text()=\"OK\"]"}
COMMAND: POST /session/3080ab49fbb8c4e7eecdf487ecde7ebb/elements - {"using":"xpath","value":"//bdi[text()=\"OK\"]"}
RESULT: {"using":"xpath","value":"//bdi[text()=\"OK\"]"}
COMMAND: POST /session/3080ab49fbb8c4e7eecdf487ecde7ebb/elements - {"using":"xpath","value":"//bdi[text()=\"OK\"]"}
RESULT: {"using":"xpath","value":"//bdi[text()=\"OK\"]"}
COMMAND: POST /session/3080ab49fbb8c4e7eecdf487ecde7ebb/elements - {"using":"xpath","value":"//bdi[text()=\"OK\"]"}
RESULT: {"using":"xpath","value":"//bdi[text()=\"OK\"]"}
COMMAND: POST /session/3080ab49fbb8c4e7eecdf487ecde7ebb/elements - {"using":"xpath","value":"//bdi[text()=\"OK\"]"}
RESULT: {"using":"xpath","value":"//bdi[text()=\"OK\"]"}
COMMAND: POST /session/3080ab49fbb8c4e7eecdf487ecde7ebb/elements - {"using":"xpath","value":"//bdi[text()=\"OK\"]"}
RESULT: {"using":"xpath","value":"//bdi[text()=\"OK\"]"}
COMMAND: POST /session/3080ab49fbb8c4e7eecdf487ecde7ebb/elements - {"using":"xpath","value":"//bdi[text()=\"OK\"]"}
RESULT: {"using":"xpath","value":"//bdi[text()=\"OK\"]"}
COMMAND: POST /session/3080ab49fbb8c4e7eecdf487ecde7ebb/elements - {"using":"xpath","value":"//bdi[text()=\"OK\"]"}
RESULT: {"using":"xpath","value":"//bdi[text()=\"OK\"]"}
COMMAND: POST /session/3080ab49fbb8c4e7eecdf487ecde7ebb/elements - {"using":"xpath","value":"//bdi[text()=\"OK\"]"}
RESULT: {"using":"xpath","value":"//bdi[text()=\"OK\"]"}
COMMAND: POST /session/3080ab49fbb8c4e7eecdf487ecde7ebb/elements - {"using":"xpath","value":"//bdi[text()=\"OK\"]"}
RESULT: {"using":"xpath","value":"//bdi[text()=\"OK\"]"}
COMMAND: POST /session/3080ab49fbb8c4e7eecdf487ecde7ebb/elements - {"using":"xpath","value":"//bdi[text()=\"OK\"]"}
RESULT: {"using":"xpath","value":"//bdi[text()=\"OK\"]"}
COMMAND: POST /session/3080ab49fbb8c4e7eecdf487ecde7ebb/elements - {"using":"xpath","value":"//bdi[text()=\"OK\"]"}
RESULT: {"using":"xpath","value":"//bdi[text()=\"OK\"]"}
COMMAND: POST /session/3080ab49fbb8c4e7eecdf487ecde7ebb/elements - {"using":"xpath","value":"//bdi[text()=\"OK\"]"}
RESULT: {"using":"xpath","value":"//bdi[text()=\"OK\"]"}
COMMAND: POST /session/3080ab49fbb8c4e7eecdf487ecde7ebb/elements - {"using":"xpath","value":"//bdi[text()=\"OK\"]"}
RESULT: {"using":"xpath","value":"//bdi[text()=\"OK\"]"}
COMMAND: POST /session/3080ab49fbb8c4e7eecdf487ecde7ebb/elements - {"using":"xpath","value":"//bdi[text()=\"OK\"]"}
RESULT: {"using":"xpath","value":"//bdi[text()=\"OK\"]"}
COMMAND: POST /session/3080ab49fbb8c4e7eecdf487ecde7ebb/elements - {"using":"xpath","value":"//bdi[text()=\"OK\"]"}
RESULT: {"using":"xpath","value":"//bdi[text()=\"OK\"]"}
COMMAND: POST /session/3080ab49fbb8c4e7eecdf487ecde7ebb/elements - {"using":"xpath","value":"//bdi[text()=\"OK\"]"}
RESULT: {"using":"xpath","value":"//bdi[text()=\"OK\"]"}
COMMAND: POST /session/3080ab49fbb8c4e7eecdf487ecde7ebb/elements - {"using":"xpath","value":"//bdi[text()=\"OK\"]"}
RESULT: {"using":"xpath","value":"//bdi[text()=\"OK\"]"}
COMMAND: POST /session/3080ab49fbb8c4e7eecdf487ecde7ebb/elements - {"using":"xpath","value":"//bdi[text()=\"OK\"]"}
RESULT: {"using":"xpath","value":"//bdi[text()=\"OK\"]"}
COMMAND: POST /session/3080ab49fbb8c4e7eecdf487ecde7ebb/elements - {"using":"xpath","value":"//bdi[text()=\"OK\"]"}
RESULT: {"using":"xpath","value":"//bdi[text()=\"OK\"]"}
COMMAND: POST /session/3080ab49fbb8c4e7eecdf487ecde7ebb/elements - {"using":"xpath","value":"//bdi[text()=\"OK\"]"}
RESULT: {"using":"xpath","value":"//bdi[text()=\"OK\"]"}
COMMAND: POST /session/3080ab49fbb8c4e7eecdf487ecde7ebb/elements - {"using":"xpath","value":"//bdi[text()=\"OK\"]"}
RESULT: {"using":"xpath","value":"//bdi[text()=\"OK\"]"}
COMMAND: POST /session/3080ab49fbb8c4e7eecdf487ecde7ebb/elements - {"using":"xpath","value":"//bdi[text()=\"OK\"]"}
RESULT: {"using":"xpath","value":"//bdi[text()=\"OK\"]"}
COMMAND: POST /session/3080ab49fbb8c4e7eecdf487ecde7ebb/elements - {"using":"xpath","value":"//bdi[text()=\"OK\"]"}
RESULT: {"using":"xpath","value":"//bdi[text()=\"OK\"]"}
COMMAND: POST /session/3080ab49fbb8c4e7eecdf487ecde7ebb/elements - {"using":"xpath","value":"//bdi[text()=\"OK\"]"}
RESULT: {"using":"xpath","value":"//bdi[text()=\"OK\"]"}
COMMAND: POST /session/3080ab49fbb8c4e7eecdf487ecde7ebb/elements - {"using":"xpath","value":"//bdi[text()=\"OK\"]"}
RESULT: {"using":"xpath","value":"//bdi[text()=\"OK\"]"}
COMMAND: POST /session/3080ab49fbb8c4e7eecdf487ecde7ebb/elements - {"using":"xpath","value":"//bdi[text()=\"OK\"]"}
RESULT: {"using":"xpath","value":"//bdi[text()=\"OK\"]"}
COMMAND: POST /session/3080ab49fbb8c4e7eecdf487ecde7ebb/elements - {"using":"xpath","value":"//bdi[text()=\"OK\"]"}
RESULT: {"using":"xpath","value":"//bdi[text()=\"OK\"]"}
COMMAND: POST /session/3080ab49fbb8c4e7eecdf487ecde7ebb/elements - {"using":"xpath","value":"//bdi[text()=\"OK\"]"}
RESULT: {"using":"xpath","value":"//bdi[text()=\"OK\"]"}
COMMAND: POST /session/3080ab49fbb8c4e7eecdf487ecde7ebb/elements - {"using":"xpath","value":"//bdi[text()=\"OK\"]"}
RESULT: {"using":"xpath","value":"//bdi[text()=\"OK\"]"}
COMMAND: POST /session/3080ab49fbb8c4e7eecdf487ecde7ebb/elements - {"using":"xpath","value":"//bdi[text()=\"OK\"]"}
RESULT: {"using":"xpath","value":"//bdi[text()=\"OK\"]"}
COMMAND: POST /session/3080ab49fbb8c4e7eecdf487ecde7ebb/elements - {"using":"xpath","value":"//bdi[text()=\"OK\"]"}
RESULT: {"using":"xpath","value":"//bdi[text()=\"OK\"]"}
COMMAND: POST /session/3080ab49fbb8c4e7eecdf487ecde7ebb/elements - {"using":"xpath","value":"//bdi[text()=\"OK\"]"}
RESULT: {"using":"xpath","value":"//bdi[text()=\"OK\"]"}
COMMAND: POST /session/3080ab49fbb8c4e7eecdf487ecde7ebb/elements - {"using":"xpath","value":"//bdi[text()=\"OK\"]"}
RESULT: {"using":"xpath","value":"//bdi[text()=\"OK\"]"}
COMMAND: POST /session/3080ab49fbb8c4e7eecdf487ecde7ebb/elements - {"using":"xpath","value":"//bdi[text()=\"OK\"]"}
RESULT: {"using":"xpath","value":"//bdi[text()=\"OK\"]"}
COMMAND: POST /session/3080ab49fbb8c4e7eecdf487ecde7ebb/elements - {"using":"xpath","value":"//bdi[text()=\"OK\"]"}
RESULT: {"using":"xpath","value":"//bdi[text()=\"OK\"]"}
COMMAND: POST /session/3080ab49fbb8c4e7eecdf487ecde7ebb/elements - {"using":"xpath","value":"//bdi[text()=\"OK\"]"}
COMMAND: POST /session/3080ab49fbb8c4e7eecdf487ecde7ebb/element - {"using":"xpath","value":"//bdi[text()=\"OK\"]"}
RESULT: {"using":"xpath","value":"//bdi[text()=\"OK\"]"}
RESULT: {"using":"xpath","value":"//bdi[text()=\"OK\"]"}
COMMAND: POST /session/3080ab49fbb8c4e7eecdf487ecde7ebb/elements - {"using":"xpath","value":"//bdi[text()=\"OK\"]"}
RESULT: {"using":"xpath","value":"//bdi[text()=\"OK\"]"}
COMMAND: POST /session/3080ab49fbb8c4e7eecdf487ecde7ebb/elements - {"using":"xpath","value":"//bdi[text()=\"OK\"]"}
RESULT: {"using":"xpath","value":"//bdi[text()=\"OK\"]"}
COMMAND: POST /session/3080ab49fbb8c4e7eecdf487ecde7ebb/elements - {"using":"xpath","value":"//bdi[text()=\"OK\"]"}
RESULT: {"using":"xpath","value":"//bdi[text()=\"OK\"]"}
COMMAND: POST /session/3080ab49fbb8c4e7eecdf487ecde7ebb/elements - {"using":"xpath","value":"//bdi[text()=\"OK\"]"}
RESULT: {"using":"xpath","value":"//bdi[text()=\"OK\"]"}
COMMAND: POST /session/3080ab49fbb8c4e7eecdf487ecde7ebb/elements - {"using":"xpath","value":"//bdi[text()=\"OK\"]"}
RESULT: {"using":"xpath","value":"//bdi[text()=\"OK\"]"}
COMMAND: POST /session/3080ab49fbb8c4e7eecdf487ecde7ebb/elements - {"using":"xpath","value":"//bdi[text()=\"OK\"]"}
RESULT: {"using":"xpath","value":"//bdi[text()=\"OK\"]"}
COMMAND: POST /session/3080ab49fbb8c4e7eecdf487ecde7ebb/elements - {"using":"xpath","value":"//bdi[text()=\"OK\"]"}
RESULT: {"using":"xpath","value":"//bdi[text()=\"OK\"]"}
COMMAND: POST /session/3080ab49fbb8c4e7eecdf487ecde7ebb/elements - {"using":"xpath","value":"//bdi[text()=\"OK\"]"}
RESULT: {"using":"xpath","value":"//bdi[text()=\"OK\"]"}
COMMAND: POST /session/3080ab49fbb8c4e7eecdf487ecde7ebb/elements - {"using":"xpath","value":"//bdi[text()=\"OK\"]"}
RESULT: {"using":"xpath","value":"//bdi[text()=\"OK\"]"}
COMMAND: POST /session/3080ab49fbb8c4e7eecdf487ecde7ebb/elements - {"using":"xpath","value":"//bdi[text()=\"OK\"]"}
RESULT: {"using":"xpath","value":"//bdi[text()=\"OK\"]"}
COMMAND: POST /session/3080ab49fbb8c4e7eecdf487ecde7ebb/elements - {"using":"xpath","value":"//bdi[text()=\"OK\"]"}
RESULT: {"using":"xpath","value":"//bdi[text()=\"OK\"]"}
COMMAND: POST /session/3080ab49fbb8c4e7eecdf487ecde7ebb/elements - {"using":"xpath","value":"//bdi[text()=\"OK\"]"}
RESULT: {"using":"xpath","value":"//bdi[text()=\"OK\"]"}
COMMAND: POST /session/3080ab49fbb8c4e7eecdf487ecde7ebb/elements - {"using":"xpath","value":"//bdi[text()=\"OK\"]"}
RESULT: {"using":"xpath","value":"//bdi[text()=\"OK\"]"}
COMMAND: POST /session/3080ab49fbb8c4e7eecdf487ecde7ebb/elements - {"using":"xpath","value":"//bdi[text()=\"OK\"]"}
RESULT: {"using":"xpath","value":"//bdi[text()=\"OK\"]"}
COMMAND: POST /session/3080ab49fbb8c4e7eecdf487ecde7ebb/elements - {"using":"xpath","value":"//bdi[text()=\"OK\"]"}
RESULT: {"using":"xpath","value":"//bdi[text()=\"OK\"]"}
COMMAND: POST /session/3080ab49fbb8c4e7eecdf487ecde7ebb/elements - {"using":"xpath","value":"//bdi[text()=\"OK\"]"}
RESULT: {"using":"xpath","value":"//bdi[text()=\"OK\"]"}
COMMAND: POST /session/3080ab49fbb8c4e7eecdf487ecde7ebb/elements - {"using":"xpath","value":"//bdi[text()=\"OK\"]"}
RESULT: {"using":"xpath","value":"//bdi[text()=\"OK\"]"}
COMMAND: POST /session/3080ab49fbb8c4e7eecdf487ecde7ebb/elements - {"using":"xpath","value":"//bdi[text()=\"OK\"]"}
RESULT: {"using":"xpath","value":"//bdi[text()=\"OK\"]"}
COMMAND: POST /session/3080ab49fbb8c4e7eecdf487ecde7ebb/elements - {"using":"xpath","value":"//bdi[text()=\"OK\"]"}
RESULT: {"using":"xpath","value":"//bdi[text()=\"OK\"]"}
COMMAND: POST /session/3080ab49fbb8c4e7eecdf487ecde7ebb/elements - {"using":"xpath","value":"//bdi[text()=\"OK\"]"}
RESULT: {"using":"xpath","value":"//bdi[text()=\"OK\"]"}
COMMAND: POST /session/3080ab49fbb8c4e7eecdf487ecde7ebb/elements - {"using":"xpath","value":"//bdi[text()=\"OK\"]"}
RESULT: {"using":"xpath","value":"//bdi[text()=\"OK\"]"}
COMMAND: POST /session/3080ab49fbb8c4e7eecdf487ecde7ebb/elements - {"using":"xpath","value":"//bdi[text()=\"OK\"]"}
RESULT: {"using":"xpath","value":"//bdi[text()=\"OK\"]"}
COMMAND: POST /session/3080ab49fbb8c4e7eecdf487ecde7ebb/elements - {"using":"xpath","value":"//bdi[text()=\"OK\"]"}
RESULT: {"using":"xpath","value":"//bdi[text()=\"OK\"]"}
COMMAND: POST /session/3080ab49fbb8c4e7eecdf487ecde7ebb/elements - {"using":"xpath","value":"//bdi[text()=\"OK\"]"}
RESULT: {"using":"xpath","value":"//bdi[text()=\"OK\"]"}
COMMAND: POST /session/3080ab49fbb8c4e7eecdf487ecde7ebb/elements - {"using":"xpath","value":"//bdi[text()=\"OK\"]"}
RESULT: {"using":"xpath","value":"//bdi[text()=\"OK\"]"}
COMMAND: POST /session/3080ab49fbb8c4e7eecdf487ecde7ebb/elements - {"using":"xpath","value":"//bdi[text()=\"OK\"]"}
RESULT: {"using":"xpath","value":"//bdi[text()=\"OK\"]"}
COMMAND: POST /session/3080ab49fbb8c4e7eecdf487ecde7ebb/elements - {"using":"xpath","value":"//bdi[text()=\"OK\"]"}
RESULT: {"using":"xpath","value":"//bdi[text()=\"OK\"]"}
COMMAND: POST /session/3080ab49fbb8c4e7eecdf487ecde7ebb/elements - {"using":"xpath","value":"//bdi[text()=\"OK\"]"}
RESULT: {"using":"xpath","value":"//bdi[text()=\"OK\"]"}
COMMAND: POST /session/3080ab49fbb8c4e7eecdf487ecde7ebb/elements - {"using":"xpath","value":"//bdi[text()=\"OK\"]"}
RESULT: {"using":"xpath","value":"//bdi[text()=\"OK\"]"}
COMMAND: POST /session/3080ab49fbb8c4e7eecdf487ecde7ebb/elements - {"using":"xpath","value":"//bdi[text()=\"OK\"]"}
RESULT: {"using":"xpath","value":"//bdi[text()=\"OK\"]"}
COMMAND: POST /session/3080ab49fbb8c4e7eecdf487ecde7ebb/elements - {"using":"xpath","value":"//bdi[text()=\"OK\"]"}
RESULT: {"using":"xpath","value":"//bdi[text()=\"OK\"]"}
COMMAND: POST /session/3080ab49fbb8c4e7eecdf487ecde7ebb/elements - {"using":"xpath","value":"//bdi[text()=\"OK\"]"}
RESULT: {"using":"xpath","value":"//bdi[text()=\"OK\"]"}
COMMAND: POST /session/3080ab49fbb8c4e7eecdf487ecde7ebb/elements - {"using":"xpath","value":"//bdi[text()=\"OK\"]"}
RESULT: {"using":"xpath","value":"//bdi[text()=\"OK\"]"}
COMMAND: POST /session/3080ab49fbb8c4e7eecdf487ecde7ebb/elements - {"using":"xpath","value":"//bdi[text()=\"OK\"]"}
RESULT: {"using":"xpath","value":"//bdi[text()=\"OK\"]"}
COMMAND: POST /session/3080ab49fbb8c4e7eecdf487ecde7ebb/elements - {"using":"xpath","value":"//bdi[text()=\"OK\"]"}
RESULT: {"using":"xpath","value":"//bdi[text()=\"OK\"]"}
COMMAND: POST /session/3080ab49fbb8c4e7eecdf487ecde7ebb/elements - {"using":"xpath","value":"//bdi[text()=\"OK\"]"}
RESULT: {"using":"xpath","value":"//bdi[text()=\"OK\"]"}
COMMAND: POST /session/3080ab49fbb8c4e7eecdf487ecde7ebb/elements - {"using":"xpath","value":"//bdi[text()=\"OK\"]"}
RESULT: {"using":"xpath","value":"//bdi[text()=\"OK\"]"}
COMMAND: POST /session/3080ab49fbb8c4e7eecdf487ecde7ebb/elements - {"using":"xpath","value":"//bdi[text()=\"OK\"]"}
RESULT: {"using":"xpath","value":"//bdi[text()=\"OK\"]"}
COMMAND: POST /session/3080ab49fbb8c4e7eecdf487ecde7ebb/elements - {"using":"xpath","value":"//bdi[text()=\"OK\"]"}
RESULT: {"using":"xpath","value":"//bdi[text()=\"OK\"]"}
COMMAND: POST /session/3080ab49fbb8c4e7eecdf487ecde7ebb/elements - {"using":"xpath","value":"//bdi[text()=\"OK\"]"}
RESULT: {"using":"xpath","value":"//bdi[text()=\"OK\"]"}
COMMAND: POST /session/3080ab49fbb8c4e7eecdf487ecde7ebb/elements - {"using":"xpath","value":"//bdi[text()=\"OK\"]"}
RESULT: {"using":"xpath","value":"//bdi[text()=\"OK\"]"}
COMMAND: POST /session/3080ab49fbb8c4e7eecdf487ecde7ebb/elements - {"using":"xpath","value":"//bdi[text()=\"OK\"]"}
RESULT: {"using":"xpath","value":"//bdi[text()=\"OK\"]"}
COMMAND: POST /session/3080ab49fbb8c4e7eecdf487ecde7ebb/elements - {"using":"xpath","value":"//bdi[text()=\"OK\"]"}
RESULT: {"using":"xpath","value":"//bdi[text()=\"OK\"]"}
COMMAND: POST /session/3080ab49fbb8c4e7eecdf487ecde7ebb/elements - {"using":"xpath","value":"//bdi[text()=\"OK\"]"}
RESULT: {"using":"xpath","value":"//bdi[text()=\"OK\"]"}
COMMAND: POST /session/3080ab49fbb8c4e7eecdf487ecde7ebb/elements - {"using":"xpath","value":"//bdi[text()=\"OK\"]"}
RESULT: {"using":"xpath","value":"//bdi[text()=\"OK\"]"}
COMMAND: POST /session/3080ab49fbb8c4e7eecdf487ecde7ebb/elements - {"using":"xpath","value":"//bdi[text()=\"OK\"]"}
RESULT: {"using":"xpath","value":"//bdi[text()=\"OK\"]"}
COMMAND: POST /session/3080ab49fbb8c4e7eecdf487ecde7ebb/elements - {"using":"xpath","value":"//bdi[text()=\"OK\"]"}
RESULT: {"using":"xpath","value":"//bdi[text()=\"OK\"]"}
COMMAND: POST /session/3080ab49fbb8c4e7eecdf487ecde7ebb/elements - {"using":"xpath","value":"//bdi[text()=\"OK\"]"}
RESULT: {"using":"xpath","value":"//bdi[text()=\"OK\"]"}
COMMAND: POST /session/3080ab49fbb8c4e7eecdf487ecde7ebb/elements - {"using":"xpath","value":"//bdi[text()=\"OK\"]"}
RESULT: {"using":"xpath","value":"//bdi[text()=\"OK\"]"}
COMMAND: POST /session/3080ab49fbb8c4e7eecdf487ecde7ebb/elements - {"using":"xpath","value":"//bdi[text()=\"OK\"]"}
RESULT: {"using":"xpath","value":"//bdi[text()=\"OK\"]"}
COMMAND: POST /session/3080ab49fbb8c4e7eecdf487ecde7ebb/elements - {"using":"xpath","value":"//bdi[text()=\"OK\"]"}
RESULT: {"using":"xpath","value":"//bdi[text()=\"OK\"]"}
COMMAND: POST /session/3080ab49fbb8c4e7eecdf487ecde7ebb/elements - {"using":"xpath","value":"//bdi[text()=\"OK\"]"}
RESULT: {"using":"xpath","value":"//bdi[text()=\"OK\"]"}
COMMAND: POST /session/3080ab49fbb8c4e7eecdf487ecde7ebb/elements - {"using":"xpath","value":"//bdi[text()=\"OK\"]"}
RESULT: {"using":"xpath","value":"//bdi[text()=\"OK\"]"}
COMMAND: POST /session/3080ab49fbb8c4e7eecdf487ecde7ebb/elements - {"using":"xpath","value":"//bdi[text()=\"OK\"]"}
RESULT: {"using":"xpath","value":"//bdi[text()=\"OK\"]"}
COMMAND: POST /session/3080ab49fbb8c4e7eecdf487ecde7ebb/elements - {"using":"xpath","value":"//bdi[text()=\"OK\"]"}
RESULT: {"using":"xpath","value":"//bdi[text()=\"OK\"]"}
COMMAND: POST /session/3080ab49fbb8c4e7eecdf487ecde7ebb/elements - {"using":"xpath","value":"//bdi[text()=\"OK\"]"}
RESULT: {"using":"xpath","value":"//bdi[text()=\"OK\"]"}
COMMAND: POST /session/3080ab49fbb8c4e7eecdf487ecde7ebb/elements - {"using":"xpath","value":"//bdi[text()=\"OK\"]"}
RESULT: {"using":"xpath","value":"//bdi[text()=\"OK\"]"}
COMMAND: POST /session/3080ab49fbb8c4e7eecdf487ecde7ebb/elements - {"using":"xpath","value":"//bdi[text()=\"OK\"]"}
RESULT: {"using":"xpath","value":"//bdi[text()=\"OK\"]"}
COMMAND: POST /session/3080ab49fbb8c4e7eecdf487ecde7ebb/elements - {"using":"xpath","value":"//bdi[text()=\"OK\"]"}
RESULT: {"using":"xpath","value":"//bdi[text()=\"OK\"]"}
COMMAND: POST /session/3080ab49fbb8c4e7eecdf487ecde7ebb/elements - {"using":"xpath","value":"//bdi[text()=\"OK\"]"}
RESULT: {"using":"xpath","value":"//bdi[text()=\"OK\"]"}
COMMAND: POST /session/3080ab49fbb8c4e7eecdf487ecde7ebb/elements - {"using":"xpath","value":"//bdi[text()=\"OK\"]"}
RESULT: {"using":"xpath","value":"//bdi[text()=\"OK\"]"}
COMMAND: POST /session/3080ab49fbb8c4e7eecdf487ecde7ebb/elements - {"using":"xpath","value":"//bdi[text()=\"OK\"]"}
RESULT: {"using":"xpath","value":"//bdi[text()=\"OK\"]"}
COMMAND: POST /session/3080ab49fbb8c4e7eecdf487ecde7ebb/elements - {"using":"xpath","value":"//bdi[text()=\"OK\"]"}
RESULT: {"using":"xpath","value":"//bdi[text()=\"OK\"]"}
COMMAND: POST /session/3080ab49fbb8c4e7eecdf487ecde7ebb/elements - {"using":"xpath","value":"//bdi[text()=\"OK\"]"}
RESULT: {"using":"xpath","value":"//bdi[text()=\"OK\"]"}
COMMAND: POST /session/3080ab49fbb8c4e7eecdf487ecde7ebb/elements - {"using":"xpath","value":"//bdi[text()=\"OK\"]"}
RESULT: {"using":"xpath","value":"//bdi[text()=\"OK\"]"}
COMMAND: POST /session/3080ab49fbb8c4e7eecdf487ecde7ebb/elements - {"using":"xpath","value":"//bdi[text()=\"OK\"]"}
RESULT: {"using":"xpath","value":"//bdi[text()=\"OK\"]"}
COMMAND: POST /session/3080ab49fbb8c4e7eecdf487ecde7ebb/elements - {"using":"xpath","value":"//bdi[text()=\"OK\"]"}
RESULT: {"using":"xpath","value":"//bdi[text()=\"OK\"]"}
COMMAND: POST /session/3080ab49fbb8c4e7eecdf487ecde7ebb/elements - {"using":"xpath","value":"//bdi[text()=\"OK\"]"}
RESULT: {"using":"xpath","value":"//bdi[text()=\"OK\"]"}
COMMAND: POST /session/3080ab49fbb8c4e7eecdf487ecde7ebb/elements - {"using":"xpath","value":"//bdi[text()=\"OK\"]"}
RESULT: {"using":"xpath","value":"//bdi[text()=\"OK\"]"}
COMMAND: POST /session/3080ab49fbb8c4e7eecdf487ecde7ebb/elements - {"using":"xpath","value":"//bdi[text()=\"OK\"]"}
RESULT: {"using":"xpath","value":"//bdi[text()=\"OK\"]"}
COMMAND: POST /session/3080ab49fbb8c4e7eecdf487ecde7ebb/elements - {"using":"xpath","value":"//bdi[text()=\"OK\"]"}
RESULT: {"using":"xpath","value":"//bdi[text()=\"OK\"]"}
COMMAND: POST /session/3080ab49fbb8c4e7eecdf487ecde7ebb/elements - {"using":"xpath","value":"//bdi[text()=\"OK\"]"}
RESULT: {"using":"xpath","value":"//bdi[text()=\"OK\"]"}
COMMAND: POST /session/3080ab49fbb8c4e7eecdf487ecde7ebb/elements - {"using":"xpath","value":"//bdi[text()=\"OK\"]"}
RESULT: {"using":"xpath","value":"//bdi[text()=\"OK\"]"}
COMMAND: POST /session/3080ab49fbb8c4e7eecdf487ecde7ebb/elements - {"using":"xpath","value":"//bdi[text()=\"OK\"]"}
RESULT: {"using":"xpath","value":"//bdi[text()=\"OK\"]"}
COMMAND: POST /session/3080ab49fbb8c4e7eecdf487ecde7ebb/elements - {"using":"xpath","value":"//bdi[text()=\"OK\"]"}
RESULT: {"using":"xpath","value":"//bdi[text()=\"OK\"]"}
COMMAND: POST /session/3080ab49fbb8c4e7eecdf487ecde7ebb/elements - {"using":"xpath","value":"//bdi[text()=\"OK\"]"}
RESULT: {"using":"xpath","value":"//bdi[text()=\"OK\"]"}
COMMAND: POST /session/3080ab49fbb8c4e7eecdf487ecde7ebb/elements - {"using":"xpath","value":"//bdi[text()=\"OK\"]"}
RESULT: {"using":"xpath","value":"//bdi[text()=\"OK\"]"}
COMMAND: POST /session/3080ab49fbb8c4e7eecdf487ecde7ebb/elements - {"using":"xpath","value":"//bdi[text()=\"OK\"]"}
RESULT: {"using":"xpath","value":"//bdi[text()=\"OK\"]"}
COMMAND: POST /session/3080ab49fbb8c4e7eecdf487ecde7ebb/elements - {"using":"xpath","value":"//bdi[text()=\"OK\"]"}
RESULT: {"using":"xpath","value":"//bdi[text()=\"OK\"]"}
COMMAND: POST /session/3080ab49fbb8c4e7eecdf487ecde7ebb/elements - {"using":"xpath","value":"//bdi[text()=\"OK\"]"}
RESULT: {"using":"xpath","value":"//bdi[text()=\"OK\"]"}
COMMAND: POST /session/3080ab49fbb8c4e7eecdf487ecde7ebb/elements - {"using":"xpath","value":"//bdi[text()=\"OK\"]"}
RESULT: {"using":"xpath","value":"//bdi[text()=\"OK\"]"}
COMMAND: POST /session/3080ab49fbb8c4e7eecdf487ecde7ebb/elements - {"using":"xpath","value":"//bdi[text()=\"OK\"]"}
RESULT: {"using":"xpath","value":"//bdi[text()=\"OK\"]"}
COMMAND: POST /session/3080ab49fbb8c4e7eecdf487ecde7ebb/elements - {"using":"xpath","value":"//bdi[text()=\"OK\"]"}
RESULT: {"using":"xpath","value":"//bdi[text()=\"OK\"]"}
COMMAND: POST /session/3080ab49fbb8c4e7eecdf487ecde7ebb/elements - {"using":"xpath","value":"//bdi[text()=\"OK\"]"}
RESULT: {"using":"xpath","value":"//bdi[text()=\"OK\"]"}
COMMAND: POST /session/3080ab49fbb8c4e7eecdf487ecde7ebb/elements - {"using":"xpath","value":"//bdi[text()=\"OK\"]"}
RESULT: {"using":"xpath","value":"//bdi[text()=\"OK\"]"}
COMMAND: POST /session/3080ab49fbb8c4e7eecdf487ecde7ebb/elements - {"using":"xpath","value":"//bdi[text()=\"OK\"]"}
RESULT: {"using":"xpath","value":"//bdi[text()=\"OK\"]"}
COMMAND: POST /session/3080ab49fbb8c4e7eecdf487ecde7ebb/elements - {"using":"xpath","value":"//bdi[text()=\"OK\"]"}
RESULT: {"using":"xpath","value":"//bdi[text()=\"OK\"]"}
COMMAND: POST /session/3080ab49fbb8c4e7eecdf487ecde7ebb/elements - {"using":"xpath","value":"//bdi[text()=\"OK\"]"}
RESULT: {"using":"xpath","value":"//bdi[text()=\"OK\"]"}
COMMAND: POST /session/3080ab49fbb8c4e7eecdf487ecde7ebb/elements - {"using":"xpath","value":"//bdi[text()=\"OK\"]"}
RESULT: {"using":"xpath","value":"//bdi[text()=\"OK\"]"}
COMMAND: POST /session/3080ab49fbb8c4e7eecdf487ecde7ebb/elements - {"using":"xpath","value":"//bdi[text()=\"OK\"]"}
RESULT: {"using":"xpath","value":"//bdi[text()=\"OK\"]"}
COMMAND: POST /session/3080ab49fbb8c4e7eecdf487ecde7ebb/elements - {"using":"xpath","value":"//bdi[text()=\"OK\"]"}
RESULT: {"using":"xpath","value":"//bdi[text()=\"OK\"]"}
COMMAND: POST /session/3080ab49fbb8c4e7eecdf487ecde7ebb/elements - {"using":"xpath","value":"//bdi[text()=\"OK\"]"}
RESULT: {"using":"xpath","value":"//bdi[text()=\"OK\"]"}
COMMAND: POST /session/3080ab49fbb8c4e7eecdf487ecde7ebb/elements - {"using":"xpath","value":"//bdi[text()=\"OK\"]"}
RESULT: {"using":"xpath","value":"//bdi[text()=\"OK\"]"}
COMMAND: POST /session/3080ab49fbb8c4e7eecdf487ecde7ebb/elements - {"using":"xpath","value":"//bdi[text()=\"OK\"]"}
RESULT: {"using":"xpath","value":"//bdi[text()=\"OK\"]"}
COMMAND: POST /session/3080ab49fbb8c4e7eecdf487ecde7ebb/elements - {"using":"xpath","value":"//bdi[text()=\"OK\"]"}
RESULT: {"using":"xpath","value":"//bdi[text()=\"OK\"]"}
COMMAND: POST /session/3080ab49fbb8c4e7eecdf487ecde7ebb/elements - {"using":"xpath","value":"//bdi[text()=\"OK\"]"}
RESULT: {"using":"xpath","value":"//bdi[text()=\"OK\"]"}
COMMAND: POST /session/3080ab49fbb8c4e7eecdf487ecde7ebb/elements - {"using":"xpath","value":"//bdi[text()=\"OK\"]"}
RESULT: {"using":"xpath","value":"//bdi[text()=\"OK\"]"}
COMMAND: POST /session/3080ab49fbb8c4e7eecdf487ecde7ebb/elements - {"using":"xpath","value":"//bdi[text()=\"OK\"]"}
RESULT: {"using":"xpath","value":"//bdi[text()=\"OK\"]"}
COMMAND: POST /session/3080ab49fbb8c4e7eecdf487ecde7ebb/elements - {"using":"xpath","value":"//bdi[text()=\"OK\"]"}
RESULT: {"using":"xpath","value":"//bdi[text()=\"OK\"]"}
COMMAND: POST /session/3080ab49fbb8c4e7eecdf487ecde7ebb/elements - {"using":"xpath","value":"//bdi[text()=\"OK\"]"}
RESULT: {"using":"xpath","value":"//bdi[text()=\"OK\"]"}
COMMAND: POST /session/3080ab49fbb8c4e7eecdf487ecde7ebb/elements - {"using":"xpath","value":"//bdi[text()=\"OK\"]"}
RESULT: {"using":"xpath","value":"//bdi[text()=\"OK\"]"}
COMMAND: POST /session/3080ab49fbb8c4e7eecdf487ecde7ebb/elements - {"using":"xpath","value":"//bdi[text()=\"OK\"]"}
RESULT: {"using":"xpath","value":"//bdi[text()=\"OK\"]"}
COMMAND: POST /session/3080ab49fbb8c4e7eecdf487ecde7ebb/elements - {"using":"xpath","value":"//bdi[text()=\"OK\"]"}
RESULT: {"using":"xpath","value":"//bdi[text()=\"OK\"]"}
COMMAND: POST /session/3080ab49fbb8c4e7eecdf487ecde7ebb/elements - {"using":"xpath","value":"//bdi[text()=\"OK\"]"}
RESULT: {"using":"xpath","value":"//bdi[text()=\"OK\"]"}
COMMAND: POST /session/3080ab49fbb8c4e7eecdf487ecde7ebb/elements - {"using":"xpath","value":"//bdi[text()=\"OK\"]"}
RESULT: {"using":"xpath","value":"//bdi[text()=\"OK\"]"}
COMMAND: POST /session/3080ab49fbb8c4e7eecdf487ecde7ebb/elements - {"using":"xpath","value":"//bdi[text()=\"OK\"]"}
RESULT: {"using":"xpath","value":"//bdi[text()=\"OK\"]"}
COMMAND: POST /session/3080ab49fbb8c4e7eecdf487ecde7ebb/elements - {"using":"xpath","value":"//bdi[text()=\"OK\"]"}
RESULT: {"using":"xpath","value":"//bdi[text()=\"OK\"]"}
COMMAND: POST /session/3080ab49fbb8c4e7eecdf487ecde7ebb/elements - {"using":"xpath","value":"//bdi[text()=\"OK\"]"}
RESULT: {"using":"xpath","value":"//bdi[text()=\"OK\"]"}
COMMAND: POST /session/3080ab49fbb8c4e7eecdf487ecde7ebb/elements - {"using":"xpath","value":"//bdi[text()=\"OK\"]"}
RESULT: {"using":"xpath","value":"//bdi[text()=\"OK\"]"}
COMMAND: POST /session/3080ab49fbb8c4e7eecdf487ecde7ebb/elements - {"using":"xpath","value":"//bdi[text()=\"OK\"]"}
RESULT: {"using":"xpath","value":"//bdi[text()=\"OK\"]"}
COMMAND: POST /session/3080ab49fbb8c4e7eecdf487ecde7ebb/elements - {"using":"xpath","value":"//bdi[text()=\"OK\"]"}
RESULT: {"using":"xpath","value":"//bdi[text()=\"OK\"]"}
COMMAND: POST /session/3080ab49fbb8c4e7eecdf487ecde7ebb/elements - {"using":"xpath","value":"//bdi[text()=\"OK\"]"}
RESULT: {"using":"xpath","value":"//bdi[text()=\"OK\"]"}
COMMAND: POST /session/3080ab49fbb8c4e7eecdf487ecde7ebb/elements - {"using":"xpath","value":"//bdi[text()=\"OK\"]"}
RESULT: {"using":"xpath","value":"//bdi[text()=\"OK\"]"}
COMMAND: POST /session/3080ab49fbb8c4e7eecdf487ecde7ebb/elements - {"using":"xpath","value":"//bdi[text()=\"OK\"]"}
RESULT: {"using":"xpath","value":"//bdi[text()=\"OK\"]"}
COMMAND: POST /session/3080ab49fbb8c4e7eecdf487ecde7ebb/elements - {"using":"xpath","value":"//bdi[text()=\"OK\"]"}
RESULT: {"using":"xpath","value":"//bdi[text()=\"OK\"]"}
COMMAND: POST /session/3080ab49fbb8c4e7eecdf487ecde7ebb/elements - {"using":"xpath","value":"//bdi[text()=\"OK\"]"}
RESULT: {"using":"xpath","value":"//bdi[text()=\"OK\"]"}
COMMAND: POST /session/3080ab49fbb8c4e7eecdf487ecde7ebb/elements - {"using":"xpath","value":"//bdi[text()=\"OK\"]"}
RESULT: {"using":"xpath","value":"//bdi[text()=\"OK\"]"}
COMMAND: POST /session/3080ab49fbb8c4e7eecdf487ecde7ebb/elements - {"using":"xpath","value":"//bdi[text()=\"OK\"]"}
RESULT: {"using":"xpath","value":"//bdi[text()=\"OK\"]"}
COMMAND: POST /session/3080ab49fbb8c4e7eecdf487ecde7ebb/elements - {"using":"xpath","value":"//bdi[text()=\"OK\"]"}
RESULT: {"using":"xpath","value":"//bdi[text()=\"OK\"]"}
COMMAND: POST /session/3080ab49fbb8c4e7eecdf487ecde7ebb/elements - {"using":"xpath","value":"//bdi[text()=\"OK\"]"}
RESULT: {"using":"xpath","value":"//bdi[text()=\"OK\"]"}
COMMAND: POST /session/3080ab49fbb8c4e7eecdf487ecde7ebb/execute/async - {"script":"<script> [1562 bytes]","args":[{"selector":{"id":"application-manageresources-display-component---newResourceUnit--TYPE-arrow"},"wdio_ui5_key":"applicationmanageresources-display-component---newResourceUnit--TYPE-arrow"}]}
RESULT: {"script":"<script> [1562 bytes]","args":[{"selector":{"id":"application-manageresources-display-component---newResourceUnit--TYPE-arrow"},"wdio_ui5_key":"applicationmanageresources-display-component---newResourceUnit--TYPE-arrow"}]}
RESULT: undefined
COMMAND: POST /session/3080ab49fbb8c4e7eecdf487ecde7ebb/element - {"using":"xpath","value":"//*[@id=\"application-manageresources-display-component---newResourceUnit--TYPE-arrow\"]"}
RESULT: {"using":"xpath","value":"//*[@id=\"application-manageresources-display-component---newResourceUnit--TYPE-arrow\"]"}
COMMAND: POST /session/3080ab49fbb8c4e7eecdf487ecde7ebb/element/f.73CD6E590336CA8913C659C97A11067A.d.983B460216EDE2323843633C338566DF.e.7343/click - {}
RESULT: {}
COMMAND: POST /session/3080ab49fbb8c4e7eecdf487ecde7ebb/execute/async - {"script":"<script> [1562 bytes]","args":[{"selector":{"controlType":"sap.m.StandardListItem","viewName":"reusables.view.manageresources.NewResourceUnit","viewId":"application-manageresources-display-component---newResourceUnit","properties":{"title":"Material"},"searchOpenDialogs":true,"interaction":{"idSuffix":"titleText"}},"wdio_ui5_key":"reusablesview.manageresources.NewResourceUnitsap.m.StandardListItem{\"title\":\"Material\"}"}]}
COMMAND: GET /session/3080ab49fbb8c4e7eecdf487ecde7ebb/screenshot - {}
RESULT: {"script":"<script> [1562 bytes]","args":[{"selector":{"controlType":"sap.m.StandardListItem","viewName":"reusables.view.manageresources.NewResourceUnit","viewId":"application-manageresources-display-component---newResourceUnit","properties":{"title":"Material"},"searchOpenDialogs":true,"interaction":{"idSuffix":"titleText"}},"wdio_ui5_key":"reusablesview.manageresources.NewResourceUnitsap.m.StandardListItem{\"title\":\"Material\"}"}]}
RESULT: undefined
COMMAND: POST /session/3080ab49fbb8c4e7eecdf487ecde7ebb/element - {"using":"xpath","value":"//*[@id=\"__item147\"]"}
RESULT: {}
RESULT: {"using":"xpath","value":"//*[@id=\"__item147\"]"}
COMMAND: POST /session/3080ab49fbb8c4e7eecdf487ecde7ebb/element/f.73CD6E590336CA8913C659C97A11067A.d.983B460216EDE2323843633C338566DF.e.7346/click - {}
RESULT: {}
COMMAND: POST /session/3080ab49fbb8c4e7eecdf487ecde7ebb/execute/async - {"script":"<script> [1562 bytes]","args":[{"selector":{"id":"application-manageresources-display-component---newResourceUnit--SHORT_TEXT","interaction":{"idSuffix":"inner"}},"wdio_ui5_key":"applicationmanageresources-display-component---newResourceUnit--SHORT_TEXT"}]}
COMMAND: GET /session/3080ab49fbb8c4e7eecdf487ecde7ebb/screenshot - {}
RESULT: {"script":"<script> [1562 bytes]","args":[{"selector":{"id":"application-manageresources-display-component---newResourceUnit--SHORT_TEXT","interaction":{"idSuffix":"inner"}},"wdio_ui5_key":"applicationmanageresources-display-component---newResourceUnit--SHORT_TEXT"}]}
RESULT: undefined
COMMAND: POST /session/3080ab49fbb8c4e7eecdf487ecde7ebb/execute/async - {"script":"<script> [776 bytes]","args":[{"enterText":"WebdriverWHM_RU R2Cppg8e","selector":{"id":"application-manageresources-display-component---newResourceUnit--SHORT_TEXT","interaction":{"idSuffix":"inner"}},"clearTextFirst":true,"interactionType":"ENTER_TEXT"}]}
RESULT: {}
RESULT: {"script":"<script> [776 bytes]","args":[{"enterText":"WebdriverWHM_RU R2Cppg8e","selector":{"id":"application-manageresources-display-component---newResourceUnit--SHORT_TEXT","interaction":{"idSuffix":"inner"}},"clearTextFirst":true,"interactionType":"ENTER_TEXT"}]}
COMMAND: POST /session/3080ab49fbb8c4e7eecdf487ecde7ebb/execute/async - {"script":"<script> [1562 bytes]","args":[{"selector":{"id":"application-manageresources-display-component---newResourceUnit--BASE_UNIT_OF_MEASURE-arrow"},"wdio_ui5_key":"applicationmanageresources-display-component---newResourceUnit--BASE_UNIT_OF_MEASURE-arrow"}]}
RESULT: {"script":"<script> [1562 bytes]","args":[{"selector":{"id":"application-manageresources-display-component---newResourceUnit--BASE_UNIT_OF_MEASURE-arrow"},"wdio_ui5_key":"applicationmanageresources-display-component---newResourceUnit--BASE_UNIT_OF_MEASURE-arrow"}]}
RESULT: undefined
COMMAND: POST /session/3080ab49fbb8c4e7eecdf487ecde7ebb/element - {"using":"xpath","value":"//*[@id=\"application-manageresources-display-component---newResourceUnit--BASE_UNIT_OF_MEASURE-arrow\"]"}
RESULT: {"using":"xpath","value":"//*[@id=\"application-manageresources-display-component---newResourceUnit--BASE_UNIT_OF_MEASURE-arrow\"]"}
COMMAND: POST /session/3080ab49fbb8c4e7eecdf487ecde7ebb/element/f.73CD6E590336CA8913C659C97A11067A.d.983B460216EDE2323843633C338566DF.e.7468/click - {}
RESULT: {}
COMMAND: POST /session/3080ab49fbb8c4e7eecdf487ecde7ebb/execute/async - {"script":"<script> [1562 bytes]","args":[{"selector":{"controlType":"sap.m.StandardListItem","viewName":"reusables.view.manageresources.NewResourceUnit","viewId":"application-manageresources-display-component---newResourceUnit","properties":{"title":"Piece"},"searchOpenDialogs":true,"interaction":{"idSuffix":"content"}},"wdio_ui5_key":"reusablesview.manageresources.NewResourceUnitsap.m.StandardListItem{\"title\":\"Piece\"}"}]}
COMMAND: GET /session/3080ab49fbb8c4e7eecdf487ecde7ebb/screenshot - {}
RESULT: {"script":"<script> [1562 bytes]","args":[{"selector":{"controlType":"sap.m.StandardListItem","viewName":"reusables.view.manageresources.NewResourceUnit","viewId":"application-manageresources-display-component---newResourceUnit","properties":{"title":"Piece"},"searchOpenDialogs":true,"interaction":{"idSuffix":"content"}},"wdio_ui5_key":"reusablesview.manageresources.NewResourceUnitsap.m.StandardListItem{\"title\":\"Piece\"}"}]}
RESULT: undefined
COMMAND: POST /session/3080ab49fbb8c4e7eecdf487ecde7ebb/element - {"using":"xpath","value":"//*[@id=\"__item200\"]"}
RESULT: {}
RESULT: {"using":"xpath","value":"//*[@id=\"__item200\"]"}
COMMAND: POST /session/3080ab49fbb8c4e7eecdf487ecde7ebb/element/f.73CD6E590336CA8913C659C97A11067A.d.983B460216EDE2323843633C338566DF.e.7470/click - {}
RESULT: {}
COMMAND: POST /session/3080ab49fbb8c4e7eecdf487ecde7ebb/execute/async - {"script":"<script> [1562 bytes]","args":[{"selector":{"id":"application-manageresources-display-component---newResourceUnit--WEIGHT_UNIT-arrow"},"wdio_ui5_key":"applicationmanageresources-display-component---newResourceUnit--WEIGHT_UNIT-arrow"}]}
COMMAND: GET /session/3080ab49fbb8c4e7eecdf487ecde7ebb/screenshot - {}
RESULT: {"script":"<script> [1562 bytes]","args":[{"selector":{"id":"application-manageresources-display-component---newResourceUnit--WEIGHT_UNIT-arrow"},"wdio_ui5_key":"applicationmanageresources-display-component---newResourceUnit--WEIGHT_UNIT-arrow"}]}
RESULT: undefined
COMMAND: POST /session/3080ab49fbb8c4e7eecdf487ecde7ebb/element - {"using":"xpath","value":"//*[@id=\"application-manageresources-display-component---newResourceUnit--WEIGHT_UNIT-arrow\"]"}
RESULT: {}
RESULT: {"using":"xpath","value":"//*[@id=\"application-manageresources-display-component---newResourceUnit--WEIGHT_UNIT-arrow\"]"}
COMMAND: POST /session/3080ab49fbb8c4e7eecdf487ecde7ebb/element/f.73CD6E590336CA8913C659C97A11067A.d.983B460216EDE2323843633C338566DF.e.7471/click - {}
RESULT: {}
COMMAND: POST /session/3080ab49fbb8c4e7eecdf487ecde7ebb/execute/async - {"script":"<script> [1562 bytes]","args":[{"selector":{"controlType":"sap.m.StandardListItem","viewName":"reusables.view.manageresources.NewResourceUnit","viewId":"application-manageresources-display-component---newResourceUnit","properties":{"title":"Gram"},"searchOpenDialogs":true,"interaction":{"idSuffix":"content"}},"wdio_ui5_key":"reusablesview.manageresources.NewResourceUnitsap.m.StandardListItem{\"title\":\"Gram\"}"}]}
COMMAND: GET /session/3080ab49fbb8c4e7eecdf487ecde7ebb/screenshot - {}
RESULT: {"script":"<script> [1562 bytes]","args":[{"selector":{"controlType":"sap.m.StandardListItem","viewName":"reusables.view.manageresources.NewResourceUnit","viewId":"application-manageresources-display-component---newResourceUnit","properties":{"title":"Gram"},"searchOpenDialogs":true,"interaction":{"idSuffix":"content"}},"wdio_ui5_key":"reusablesview.manageresources.NewResourceUnitsap.m.StandardListItem{\"title\":\"Gram\"}"}]}
RESULT: undefined
COMMAND: POST /session/3080ab49fbb8c4e7eecdf487ecde7ebb/element - {"using":"xpath","value":"//*[@id=\"__item265\"]"}
RESULT: {}
RESULT: {"using":"xpath","value":"//*[@id=\"__item265\"]"}
COMMAND: POST /session/3080ab49fbb8c4e7eecdf487ecde7ebb/element/f.73CD6E590336CA8913C659C97A11067A.d.983B460216EDE2323843633C338566DF.e.7473/click - {}
RESULT: {}
COMMAND: GET /session/3080ab49fbb8c4e7eecdf487ecde7ebb/screenshot - {}
RESULT: {}
COMMAND: POST /session/3080ab49fbb8c4e7eecdf487ecde7ebb/execute/async - {"script":"<script> [1562 bytes]","args":[{"selector":{"id":"application-manageresources-display-component---newResourceUnit--newRRUPage-OPHeaderContent-collapseBtn-img"},"wdio_ui5_key":"applicationmanageresources-display-component---newResourceUnit--newRRUPage-OPHeaderContent-collapseBtn-img"}]}
RESULT: {"script":"<script> [1562 bytes]","args":[{"selector":{"id":"application-manageresources-display-component---newResourceUnit--newRRUPage-OPHeaderContent-collapseBtn-img"},"wdio_ui5_key":"applicationmanageresources-display-component---newResourceUnit--newRRUPage-OPHeaderContent-collapseBtn-img"}]}
RESULT: undefined
COMMAND: POST /session/3080ab49fbb8c4e7eecdf487ecde7ebb/element - {"using":"xpath","value":"//*[@id=\"application-manageresources-display-component---newResourceUnit--newRRUPage-OPHeaderContent-collapseBtn-img\"]"}
RESULT: {"using":"xpath","value":"//*[@id=\"application-manageresources-display-component---newResourceUnit--newRRUPage-OPHeaderContent-collapseBtn-img\"]"}
COMMAND: POST /session/3080ab49fbb8c4e7eecdf487ecde7ebb/element/f.73CD6E590336CA8913C659C97A11067A.d.983B460216EDE2323843633C338566DF.e.7354/click - {}
RESULT: {}
COMMAND: GET /session/3080ab49fbb8c4e7eecdf487ecde7ebb/screenshot - {}
RESULT: {}
COMMAND: POST /session/3080ab49fbb8c4e7eecdf487ecde7ebb/element - {"using":"xpath","value":"(//span[contains(@id ,\"application-manageresources-display-component---newResourceUnit--DIMENSION_UNIT-arrow\")])[1]"}
RESULT: {"using":"xpath","value":"(//span[contains(@id ,\"application-manageresources-display-component---newResourceUnit--DIMENSION_UNIT-arrow\")])[1]"}
COMMAND: POST /session/3080ab49fbb8c4e7eecdf487ecde7ebb/element/f.73CD6E590336CA8913C659C97A11067A.d.983B460216EDE2323843633C338566DF.e.7477/click - {}
RESULT: {}
COMMAND: GET /session/3080ab49fbb8c4e7eecdf487ecde7ebb/screenshot - {}
RESULT: {}
COMMAND: POST /session/3080ab49fbb8c4e7eecdf487ecde7ebb/execute/async - {"script":"<script> [1562 bytes]","args":[{"selector":{"controlType":"sap.m.StandardListItem","viewName":"reusables.view.manageresources.NewResourceUnit","viewId":"application-manageresources-display-component---newResourceUnit","properties":{"title":"Centimeter"},"searchOpenDialogs":true,"interaction":{"idSuffix":"titleText"}},"wdio_ui5_key":"reusablesview.manageresources.NewResourceUnitsap.m.StandardListItem{\"title\":\"Centimeter\"}"}]}
RESULT: {"script":"<script> [1562 bytes]","args":[{"selector":{"controlType":"sap.m.StandardListItem","viewName":"reusables.view.manageresources.NewResourceUnit","viewId":"application-manageresources-display-component---newResourceUnit","properties":{"title":"Centimeter"},"searchOpenDialogs":true,"interaction":{"idSuffix":"titleText"}},"wdio_ui5_key":"reusablesview.manageresources.NewResourceUnitsap.m.StandardListItem{\"title\":\"Centimeter\"}"}]}
RESULT: undefined
COMMAND: POST /session/3080ab49fbb8c4e7eecdf487ecde7ebb/element - {"using":"xpath","value":"//*[@id=\"__item268\"]"}
RESULT: {"using":"xpath","value":"//*[@id=\"__item268\"]"}
COMMAND: POST /session/3080ab49fbb8c4e7eecdf487ecde7ebb/element/f.73CD6E590336CA8913C659C97A11067A.d.983B460216EDE2323843633C338566DF.e.7481/click - {}
RESULT: {}
COMMAND: GET /session/3080ab49fbb8c4e7eecdf487ecde7ebb/screenshot - {}
RESULT: {}
COMMAND: POST /session/3080ab49fbb8c4e7eecdf487ecde7ebb/execute/async - {"script":"<script> [1562 bytes]","args":[{"selector":{"id":"application-manageresources-display-component---newResourceUnit--newRRUPage-anchBar-application-manageresources-display-component---newResourceUnit--reference-anchor","interaction":{"idSuffix":"BDI-content"}},"wdio_ui5_key":"applicationmanageresources-display-component---newResourceUnit--newRRUPage-anchBar-application-manageresources-display-component---newResourceUnit--reference-anchor"}]}
RESULT: {"script":"<script> [1562 bytes]","args":[{"selector":{"id":"application-manageresources-display-component---newResourceUnit--newRRUPage-anchBar-application-manageresources-display-component---newResourceUnit--reference-anchor","interaction":{"idSuffix":"BDI-content"}},"wdio_ui5_key":"applicationmanageresources-display-component---newResourceUnit--newRRUPage-anchBar-application-manageresources-display-component---newResourceUnit--reference-anchor"}]}
RESULT: undefined
COMMAND: POST /session/3080ab49fbb8c4e7eecdf487ecde7ebb/element - {"using":"xpath","value":"//*[@id=\"application-manageresources-display-component---newResourceUnit--newRRUPage-anchBar-application-manageresources-display-component---newResourceUnit--reference-anchor\"]"}
RESULT: {"using":"xpath","value":"//*[@id=\"application-manageresources-display-component---newResourceUnit--newRRUPage-anchBar-application-manageresources-display-component---newResourceUnit--reference-anchor\"]"}
COMMAND: POST /session/3080ab49fbb8c4e7eecdf487ecde7ebb/element/f.73CD6E590336CA8913C659C97A11067A.d.983B460216EDE2323843633C338566DF.e.7483/click - {}
RESULT: {}
COMMAND: POST /session/3080ab49fbb8c4e7eecdf487ecde7ebb/execute/async - {"script":"<script> [1562 bytes]","args":[{"selector":{"id":"application-manageresources-display-component---newResourceUnit--PLANNING_GROUP-arrow"},"wdio_ui5_key":"applicationmanageresources-display-component---newResourceUnit--PLANNING_GROUP-arrow"}]}
COMMAND: GET /session/3080ab49fbb8c4e7eecdf487ecde7ebb/screenshot - {}
RESULT: {"script":"<script> [1562 bytes]","args":[{"selector":{"id":"application-manageresources-display-component---newResourceUnit--PLANNING_GROUP-arrow"},"wdio_ui5_key":"applicationmanageresources-display-component---newResourceUnit--PLANNING_GROUP-arrow"}]}
RESULT: undefined
COMMAND: POST /session/3080ab49fbb8c4e7eecdf487ecde7ebb/element - {"using":"xpath","value":"//*[@id=\"application-manageresources-display-component---newResourceUnit--PLANNING_GROUP-arrow\"]"}
RESULT: {}
RESULT: {"using":"xpath","value":"//*[@id=\"application-manageresources-display-component---newResourceUnit--PLANNING_GROUP-arrow\"]"}
COMMAND: POST /session/3080ab49fbb8c4e7eecdf487ecde7ebb/element/f.73CD6E590336CA8913C659C97A11067A.d.983B460216EDE2323843633C338566DF.e.7487/click - {}
RESULT: {}
COMMAND: POST /session/3080ab49fbb8c4e7eecdf487ecde7ebb/execute/async - {"script":"<script> [1562 bytes]","args":[{"selector":{"controlType":"sap.m.StandardListItem","viewName":"reusables.view.manageresources.NewResourceUnit","viewId":"application-manageresources-display-component---newResourceUnit","properties":{"title":"Heavy Equi"},"searchOpenDialogs":true,"interaction":{"idSuffix":"content"}},"wdio_ui5_key":"reusablesview.manageresources.NewResourceUnitsap.m.StandardListItem{\"title\":\"Heavy Equi\"}"}]}
COMMAND: GET /session/3080ab49fbb8c4e7eecdf487ecde7ebb/screenshot - {}
RESULT: {"script":"<script> [1562 bytes]","args":[{"selector":{"controlType":"sap.m.StandardListItem","viewName":"reusables.view.manageresources.NewResourceUnit","viewId":"application-manageresources-display-component---newResourceUnit","properties":{"title":"Heavy Equi"},"searchOpenDialogs":true,"interaction":{"idSuffix":"content"}},"wdio_ui5_key":"reusablesview.manageresources.NewResourceUnitsap.m.StandardListItem{\"title\":\"Heavy Equi\"}"}]}
RESULT: undefined
COMMAND: POST /session/3080ab49fbb8c4e7eecdf487ecde7ebb/element - {"using":"xpath","value":"//*[@id=\"__item276\"]"}
RESULT: {}
RESULT: {"using":"xpath","value":"//*[@id=\"__item276\"]"}
COMMAND: POST /session/3080ab49fbb8c4e7eecdf487ecde7ebb/element/f.73CD6E590336CA8913C659C97A11067A.d.983B460216EDE2323843633C338566DF.e.7489/click - {}
RESULT: {}
COMMAND: GET /session/3080ab49fbb8c4e7eecdf487ecde7ebb/screenshot - {}
RESULT: {}
COMMAND: POST /session/3080ab49fbb8c4e7eecdf487ecde7ebb/execute/async - {"script":"<script> [1562 bytes]","args":[{"selector":{"id":"application-manageresources-display-component---newResourceUnit--PLANNING_INDICATOR-arrow"},"wdio_ui5_key":"applicationmanageresources-display-component---newResourceUnit--PLANNING_INDICATOR-arrow"}]}
RESULT: {"script":"<script> [1562 bytes]","args":[{"selector":{"id":"application-manageresources-display-component---newResourceUnit--PLANNING_INDICATOR-arrow"},"wdio_ui5_key":"applicationmanageresources-display-component---newResourceUnit--PLANNING_INDICATOR-arrow"}]}
RESULT: undefined
COMMAND: POST /session/3080ab49fbb8c4e7eecdf487ecde7ebb/element - {"using":"xpath","value":"//*[@id=\"application-manageresources-display-component---newResourceUnit--PLANNING_INDICATOR-arrow\"]"}
RESULT: {"using":"xpath","value":"//*[@id=\"application-manageresources-display-component---newResourceUnit--PLANNING_INDICATOR-arrow\"]"}
COMMAND: POST /session/3080ab49fbb8c4e7eecdf487ecde7ebb/element/f.73CD6E590336CA8913C659C97A11067A.d.983B460216EDE2323843633C338566DF.e.7490/click - {}
RESULT: {}
COMMAND: POST /session/3080ab49fbb8c4e7eecdf487ecde7ebb/execute/async - {"script":"<script> [1562 bytes]","args":[{"selector":{"controlType":"sap.m.StandardListItem","viewName":"reusables.view.manageresources.NewResourceUnit","viewId":"application-manageresources-display-component---newResourceUnit","properties":{"title":"10 - infinite"},"searchOpenDialogs":true,"interaction":{"idSuffix":"content"}},"wdio_ui5_key":"reusablesview.manageresources.NewResourceUnitsap.m.StandardListItem{\"title\":\"10 - infinite\"}"}]}
COMMAND: GET /session/3080ab49fbb8c4e7eecdf487ecde7ebb/screenshot - {}
RESULT: {"script":"<script> [1562 bytes]","args":[{"selector":{"controlType":"sap.m.StandardListItem","viewName":"reusables.view.manageresources.NewResourceUnit","viewId":"application-manageresources-display-component---newResourceUnit","properties":{"title":"10 - infinite"},"searchOpenDialogs":true,"interaction":{"idSuffix":"content"}},"wdio_ui5_key":"reusablesview.manageresources.NewResourceUnitsap.m.StandardListItem{\"title\":\"10 - infinite\"}"}]}
RESULT: undefined
COMMAND: POST /session/3080ab49fbb8c4e7eecdf487ecde7ebb/element - {"using":"xpath","value":"//*[@id=\"__item286\"]"}
RESULT: {}
RESULT: {"using":"xpath","value":"//*[@id=\"__item286\"]"}
COMMAND: POST /session/3080ab49fbb8c4e7eecdf487ecde7ebb/element/f.73CD6E590336CA8913C659C97A11067A.d.983B460216EDE2323843633C338566DF.e.7492/click - {}
RESULT: {}
COMMAND: GET /session/3080ab49fbb8c4e7eecdf487ecde7ebb/screenshot - {}
RESULT: {}
COMMAND: POST /session/3080ab49fbb8c4e7eecdf487ecde7ebb/element - {"using":"xpath","value":"//bdi[contains(text(), \"Time Segment\")]"}
RESULT: {"using":"xpath","value":"//bdi[contains(text(), \"Time Segment\")]"}
COMMAND: GET /session/3080ab49fbb8c4e7eecdf487ecde7ebb/element/f.73CD6E590336CA8913C659C97A11067A.d.983B460216EDE2323843633C338566DF.e.7493/rect - {}
RESULT: {}
COMMAND: GET /session/3080ab49fbb8c4e7eecdf487ecde7ebb/window/rect - {}
RESULT: {}
COMMAND: POST /session/3080ab49fbb8c4e7eecdf487ecde7ebb/execute/sync - {"script":"<script> [92 bytes]","args":[]}
RESULT: {"script":"<script> [92 bytes]","args":[]}
COMMAND: POST /session/3080ab49fbb8c4e7eecdf487ecde7ebb/actions - {"actions":[{"id":"action18","type":"wheel","parameters":{},"actions":[{"type":"scroll","x":-1804,"y":-21,"deltaX":0,"deltaY":0,"duration":0,"origin":{"element-6066-11e4-a52e-4f735466cecf":"f.73CD6E590336CA8913C659C97A11067A.d.983B460216EDE2323843633C338566DF.e.7493"}}]}]}
COMMAND: GET /session/3080ab49fbb8c4e7eecdf487ecde7ebb/screenshot - {}
RESULT: {}
COMMAND: POST /session/3080ab49fbb8c4e7eecdf487ecde7ebb/execute/sync - {"script":"<script> [79 bytes]","args":[{"element-6066-11e4-a52e-4f735466cecf":"f.73CD6E590336CA8913C659C97A11067A.d.983B460216EDE2323843633C338566DF.e.7493","ELEMENT":"f.73CD6E590336CA8913C659C97A11067A.d.983B460216EDE2323843633C338566DF.e.7493"},{"block":"start","inline":"nearest"}]}
RESULT: {"script":"<script> [79 bytes]","args":[{"element-6066-11e4-a52e-4f735466cecf":"f.73CD6E590336CA8913C659C97A11067A.d.983B460216EDE2323843633C338566DF.e.7493","ELEMENT":"f.73CD6E590336CA8913C659C97A11067A.d.983B460216EDE2323843633C338566DF.e.7493"},{"block":"start","inline":"nearest"}]}
COMMAND: GET /session/3080ab49fbb8c4e7eecdf487ecde7ebb/screenshot - {}
RESULT: {}
COMMAND: POST /session/3080ab49fbb8c4e7eecdf487ecde7ebb/element - {"using":"xpath","value":"//span[@id=\"application-manageresources-display-component---newResourceUnit--btnAddTimeSegment-img\"]"}
RESULT: {"using":"xpath","value":"//span[@id=\"application-manageresources-display-component---newResourceUnit--btnAddTimeSegment-img\"]"}
COMMAND: POST /session/3080ab49fbb8c4e7eecdf487ecde7ebb/execute/sync - {"script":"<script> [8489 bytes]","args":[{"element-6066-11e4-a52e-4f735466cecf":"f.73CD6E590336CA8913C659C97A11067A.d.983B460216EDE2323843633C338566DF.e.7496","ELEMENT":"f.73CD6E590336CA8913C659C97A11067A.d.983B460216EDE2323843633C338566DF.e.7496"}]}
RESULT: {"script":"<script> [8489 bytes]","args":[{"element-6066-11e4-a52e-4f735466cecf":"f.73CD6E590336CA8913C659C97A11067A.d.983B460216EDE2323843633C338566DF.e.7496","ELEMENT":"f.73CD6E590336CA8913C659C97A11067A.d.983B460216EDE2323843633C338566DF.e.7496"}]}
COMMAND: POST /session/3080ab49fbb8c4e7eecdf487ecde7ebb/element/f.73CD6E590336CA8913C659C97A11067A.d.983B460216EDE2323843633C338566DF.e.7496/click - {}
COMMAND: GET /session/3080ab49fbb8c4e7eecdf487ecde7ebb/screenshot - {}
RESULT: {}
COMMAND: GET /session/3080ab49fbb8c4e7eecdf487ecde7ebb/screenshot - {}
RESULT: {}
COMMAND: POST /session/3080ab49fbb8c4e7eecdf487ecde7ebb/element - {"using":"xpath","value":"//input[@id=\"application-manageresources-display-component---newResourceUnit--idRuTSAdmin-application-manageresources-display-component---newResourceUnit--RUTimeSegment-0-inner\"]"}
RESULT: {}
RESULT: {"using":"xpath","value":"//input[@id=\"application-manageresources-display-component---newResourceUnit--idRuTSAdmin-application-manageresources-display-component---newResourceUnit--RUTimeSegment-0-inner\"]"}
COMMAND: POST /session/3080ab49fbb8c4e7eecdf487ecde7ebb/element/f.73CD6E590336CA8913C659C97A11067A.d.983B460216EDE2323843633C338566DF.e.7499/clear - {}
RESULT: {}
COMMAND: POST /session/3080ab49fbb8c4e7eecdf487ecde7ebb/element/f.73CD6E590336CA8913C659C97A11067A.d.983B460216EDE2323843633C338566DF.e.7499/value - {"text":"457"}
COMMAND: GET /session/3080ab49fbb8c4e7eecdf487ecde7ebb/screenshot - {}
RESULT: {"text":"457"}
COMMAND: GET /session/3080ab49fbb8c4e7eecdf487ecde7ebb/screenshot - {}
RESULT: {}
RESULT: {}
COMMAND: POST /session/3080ab49fbb8c4e7eecdf487ecde7ebb/actions - {"actions":[{"id":"action19","type":"key","parameters":{},"actions":[{"type":"keyDown","value":""},{"type":"pause","duration":10},{"type":"keyUp","value":""}]}]}
RESULT: {"actions":[{"id":"action19","type":"key","parameters":{},"actions":[{"type":"keyDown","value":""},{"type":"pause","duration":10},{"type":"keyUp","value":""}]}]}
COMMAND: POST /session/3080ab49fbb8c4e7eecdf487ecde7ebb/execute/async - {"script":"<script> [1562 bytes]","args":[{"selector":{"controlType":"sap.m.Button","viewName":"reusables.view.manageresources.NewResourceUnit","viewId":"application-manageresources-display-component---newResourceUnit","i18NText":{"propertyName":"tooltip","key":"save"},"interaction":{"idSuffix":"BDI-content"}},"wdio_ui5_key":"reusablesview.manageresources.NewResourceUnitsap.m.Button{\"propertyName\":\"tooltip\",\"key\":\"save\"}"}]}
COMMAND: GET /session/3080ab49fbb8c4e7eecdf487ecde7ebb/screenshot - {}
RESULT: {"script":"<script> [1562 bytes]","args":[{"selector":{"controlType":"sap.m.Button","viewName":"reusables.view.manageresources.NewResourceUnit","viewId":"application-manageresources-display-component---newResourceUnit","i18NText":{"propertyName":"tooltip","key":"save"},"interaction":{"idSuffix":"BDI-content"}},"wdio_ui5_key":"reusablesview.manageresources.NewResourceUnitsap.m.Button{\"propertyName\":\"tooltip\",\"key\":\"save\"}"}]}
RESULT: undefined
COMMAND: POST /session/3080ab49fbb8c4e7eecdf487ecde7ebb/element - {"using":"xpath","value":"//*[@id=\"application-manageresources-display-component---newResourceUnit--createRuButton\"]"}
RESULT: {}
RESULT: {"using":"xpath","value":"//*[@id=\"application-manageresources-display-component---newResourceUnit--createRuButton\"]"}
COMMAND: POST /session/3080ab49fbb8c4e7eecdf487ecde7ebb/element/f.73CD6E590336CA8913C659C97A11067A.d.983B460216EDE2323843633C338566DF.e.7360/click - {}
RESULT: {}
COMMAND: GET /session/3080ab49fbb8c4e7eecdf487ecde7ebb/screenshot - {}
RESULT: {}
COMMAND: POST /session/3080ab49fbb8c4e7eecdf487ecde7ebb/execute/async - {"script":"<script> [1562 bytes]","args":[{"selector":{"controlType":"sap.m.Title","properties":{"text":"Success"},"searchOpenDialogs":true},"wdio_ui5_key":"sapm.Title{\"text\":\"Success\"}"}]}
RESULT: {"script":"<script> [1562 bytes]","args":[{"selector":{"controlType":"sap.m.Title","properties":{"text":"Success"},"searchOpenDialogs":true},"wdio_ui5_key":"sapm.Title{\"text\":\"Success\"}"}]}
RESULT: undefined
COMMAND: POST /session/3080ab49fbb8c4e7eecdf487ecde7ebb/execute/async - {"script":"<script> [6424 bytes]","args":[{"element-6066-11e4-a52e-4f735466cecf":"f.73CD6E590336CA8913C659C97A11067A.d.983B460216EDE2323843633C338566DF.e.7514"},"getText",[]]}
RESULT: {"script":"<script> [6424 bytes]","args":[{"element-6066-11e4-a52e-4f735466cecf":"f.73CD6E590336CA8913C659C97A11067A.d.983B460216EDE2323843633C338566DF.e.7514"},"getText",[]]}
COMMAND: POST /session/3080ab49fbb8c4e7eecdf487ecde7ebb/element - {"using":"xpath","value":"//*[contains(@id, '__text') and (contains(text(), 'successfully created') or contains(., 'successfully created'))]"}
RESULT: {"using":"xpath","value":"//*[contains(@id, '__text') and (contains(text(), 'successfully created') or contains(., 'successfully created'))]"}
COMMAND: GET /session/3080ab49fbb8c4e7eecdf487ecde7ebb/element/f.73CD6E590336CA8913C659C97A11067A.d.983B460216EDE2323843633C338566DF.e.7512/text - {}
RESULT: {}
COMMAND: POST /session/3080ab49fbb8c4e7eecdf487ecde7ebb/execute/async - {"script":"<script> [1562 bytes]","args":[{"selector":{"controlType":"sap.m.Button","properties":{"text":"Close"},"searchOpenDialogs":true,"interaction":{"idSuffix":"BDI-content"}},"wdio_ui5_key":"sapm.Button{\"text\":\"Close\"}"}]}
RESULT: {"script":"<script> [1562 bytes]","args":[{"selector":{"controlType":"sap.m.Button","properties":{"text":"Close"},"searchOpenDialogs":true,"interaction":{"idSuffix":"BDI-content"}},"wdio_ui5_key":"sapm.Button{\"text\":\"Close\"}"}]}
RESULT: undefined
COMMAND: POST /session/3080ab49fbb8c4e7eecdf487ecde7ebb/element - {"using":"xpath","value":"//*[@id=\"__mbox-btn-0\"]"}
RESULT: {"using":"xpath","value":"//*[@id=\"__mbox-btn-0\"]"}
COMMAND: POST /session/3080ab49fbb8c4e7eecdf487ecde7ebb/element/f.73CD6E590336CA8913C659C97A11067A.d.983B460216EDE2323843633C338566DF.e.7510/click - {}
RESULT: {}
COMMAND: GET /session/3080ab49fbb8c4e7eecdf487ecde7ebb/screenshot - {}
RESULT: {}
COMMAND: POST /session/3080ab49fbb8c4e7eecdf487ecde7ebb/execute/async - {"script":"<script> [1562 bytes]","args":[{"selector":{"controlType":"sap.ui.core.Icon","viewName":"etm.portal.ui.manageresources.view.Detail","viewId":"application-manageresources-display-component---detailRU","properties":{"src":{"regex":{"source":"overflow"}}}},"wdio_ui5_key":"etmportal.ui.manageresources.view.Detailsap.ui.core.Icon{\"src\":{\"regex\":{\"source\":\"overflow\"}}}"}]}
RESULT: {"script":"<script> [1562 bytes]","args":[{"selector":{"controlType":"sap.ui.core.Icon","viewName":"etm.portal.ui.manageresources.view.Detail","viewId":"application-manageresources-display-component---detailRU","properties":{"src":{"regex":{"source":"overflow"}}}},"wdio_ui5_key":"etmportal.ui.manageresources.view.Detailsap.ui.core.Icon{\"src\":{\"regex\":{\"source\":\"overflow\"}}}"}]}
RESULT: undefined
COMMAND: POST /session/3080ab49fbb8c4e7eecdf487ecde7ebb/element - {"using":"xpath","value":"//*[@id=\"__title15-_actionsToolbar-overflowButton-img\"]"}
RESULT: {"using":"xpath","value":"//*[@id=\"__title15-_actionsToolbar-overflowButton-img\"]"}
COMMAND: POST /session/3080ab49fbb8c4e7eecdf487ecde7ebb/element/f.73CD6E590336CA8913C659C97A11067A.d.983B460216EDE2323843633C338566DF.e.7545/click - {}
RESULT: {}
COMMAND: POST /session/3080ab49fbb8c4e7eecdf487ecde7ebb/execute/async - {"script":"<script> [1562 bytes]","args":[{"selector":{"controlType":"sap.m.Button","viewName":"etm.portal.ui.manageresources.view.Detail","viewId":"application-manageresources-display-component---detailRU","i18NText":{"propertyName":"tooltip","key":"closeColumn"},"searchOpenDialogs":true,"interaction":{"idSuffix":"inner"}},"wdio_ui5_key":"etmportal.ui.manageresources.view.Detailsap.m.Button{\"propertyName\":\"tooltip\",\"key\":\"closeColumn\"}"}]}
COMMAND: GET /session/3080ab49fbb8c4e7eecdf487ecde7ebb/screenshot - {}
RESULT: {"script":"<script> [1562 bytes]","args":[{"selector":{"controlType":"sap.m.Button","viewName":"etm.portal.ui.manageresources.view.Detail","viewId":"application-manageresources-display-component---detailRU","i18NText":{"propertyName":"tooltip","key":"closeColumn"},"searchOpenDialogs":true,"interaction":{"idSuffix":"inner"}},"wdio_ui5_key":"etmportal.ui.manageresources.view.Detailsap.m.Button{\"propertyName\":\"tooltip\",\"key\":\"closeColumn\"}"}]}
RESULT: undefined
COMMAND: POST /session/3080ab49fbb8c4e7eecdf487ecde7ebb/element - {"using":"xpath","value":"//*[@id=\"__button45\"]"}
RESULT: {}
RESULT: {"using":"xpath","value":"//*[@id=\"__button45\"]"}
COMMAND: POST /session/3080ab49fbb8c4e7eecdf487ecde7ebb/element/f.73CD6E590336CA8913C659C97A11067A.d.983B460216EDE2323843633C338566DF.e.7547/click - {}
RESULT: {}
COMMAND: GET /session/3080ab49fbb8c4e7eecdf487ecde7ebb/screenshot - {}
COMMAND: POST /session/3080ab49fbb8c4e7eecdf487ecde7ebb/element - {"using":"css selector","value":"#j_username"}
COMMAND: POST /session/3080ab49fbb8c4e7eecdf487ecde7ebb/url - {"url":"https://qa-testing-00-live-etm-ui.cfapps.eu10-004.hana.ondemand.com/"}
RESULT: {}
RESULT: {"using":"css selector","value":"#j_username"}
COMMAND: POST /session/3080ab49fbb8c4e7eecdf487ecde7ebb/element - {"using":"css selector","value":"#j_username"}
RESULT: {"url":"https://qa-testing-00-live-etm-ui.cfapps.eu10-004.hana.ondemand.com/"}
RESULT: undefined
COMMAND: GET /session/3080ab49fbb8c4e7eecdf487ecde7ebb/screenshot - {}
RESULT: {"using":"css selector","value":"#j_username"}
COMMAND: POST /session/3080ab49fbb8c4e7eecdf487ecde7ebb/element - {"using":"css selector","value":"#shell-header-logo"}
RESULT: {}
RESULT: {"using":"css selector","value":"#shell-header-logo"}
COMMAND: POST /session/3080ab49fbb8c4e7eecdf487ecde7ebb/execute/sync - {"script":"<script> [8489 bytes]","args":[{"element-6066-11e4-a52e-4f735466cecf":"f.73CD6E590336CA8913C659C97A11067A.d.334BFE85BE870C0C131045F00BA5BE6D.e.7726","ELEMENT":"f.73CD6E590336CA8913C659C97A11067A.d.334BFE85BE870C0C131045F00BA5BE6D.e.7726"}]}
RESULT: {"script":"<script> [8489 bytes]","args":[{"element-6066-11e4-a52e-4f735466cecf":"f.73CD6E590336CA8913C659C97A11067A.d.334BFE85BE870C0C131045F00BA5BE6D.e.7726","ELEMENT":"f.73CD6E590336CA8913C659C97A11067A.d.334BFE85BE870C0C131045F00BA5BE6D.e.7726"}]}
COMMAND: POST /session/3080ab49fbb8c4e7eecdf487ecde7ebb/element - {"using":"css selector","value":"#shell-header-logo"}
COMMAND: GET /session/3080ab49fbb8c4e7eecdf487ecde7ebb/screenshot - {}
RESULT: {"using":"css selector","value":"#shell-header-logo"}
COMMAND: POST /session/3080ab49fbb8c4e7eecdf487ecde7ebb/execute/sync - {"script":"<script> [8489 bytes]","args":[{"element-6066-11e4-a52e-4f735466cecf":"f.73CD6E590336CA8913C659C97A11067A.d.334BFE85BE870C0C131045F00BA5BE6D.e.7726","ELEMENT":"f.73CD6E590336CA8913C659C97A11067A.d.334BFE85BE870C0C131045F00BA5BE6D.e.7726"}]}
RESULT: {}
RESULT: {"script":"<script> [8489 bytes]","args":[{"element-6066-11e4-a52e-4f735466cecf":"f.73CD6E590336CA8913C659C97A11067A.d.334BFE85BE870C0C131045F00BA5BE6D.e.7726","ELEMENT":"f.73CD6E590336CA8913C659C97A11067A.d.334BFE85BE870C0C131045F00BA5BE6D.e.7726"}]}
COMMAND: POST /session/3080ab49fbb8c4e7eecdf487ecde7ebb/execute/sync - {"script":"<script> [5351 bytes]","args":[{"element-6066-11e4-a52e-4f735466cecf":"f.73CD6E590336CA8913C659C97A11067A.d.334BFE85BE870C0C131045F00BA5BE6D.e.7726","ELEMENT":"f.73CD6E590336CA8913C659C97A11067A.d.334BFE85BE870C0C131045F00BA5BE6D.e.7726"}]}
COMMAND: GET /session/3080ab49fbb8c4e7eecdf487ecde7ebb/screenshot - {}
RESULT: {"script":"<script> [5351 bytes]","args":[{"element-6066-11e4-a52e-4f735466cecf":"f.73CD6E590336CA8913C659C97A11067A.d.334BFE85BE870C0C131045F00BA5BE6D.e.7726","ELEMENT":"f.73CD6E590336CA8913C659C97A11067A.d.334BFE85BE870C0C131045F00BA5BE6D.e.7726"}]}
COMMAND: POST /session/3080ab49fbb8c4e7eecdf487ecde7ebb/element - {"using":"css selector","value":"#shell-header-logo"}
COMMAND: GET /session/3080ab49fbb8c4e7eecdf487ecde7ebb/screenshot - {}
RESULT: {}
RESULT: {"using":"css selector","value":"#shell-header-logo"}
COMMAND: POST /session/3080ab49fbb8c4e7eecdf487ecde7ebb/element/f.73CD6E590336CA8913C659C97A11067A.d.334BFE85BE870C0C131045F00BA5BE6D.e.7726/click - {}
RESULT: {}
RESULT: {}
COMMAND: GET /session/3080ab49fbb8c4e7eecdf487ecde7ebb/screenshot - {}
RESULT: {}
COMMAND: POST /session/3080ab49fbb8c4e7eecdf487ecde7ebb/execute/async - {"script":"<script> [189 bytes]","args":[]}
RESULT: {"script":"<script> [189 bytes]","args":[]}
COMMAND: POST /session/3080ab49fbb8c4e7eecdf487ecde7ebb/execute/async - {"script":"<script> [123 bytes]","args":[]}
RESULT: {"script":"<script> [123 bytes]","args":[]}
COMMAND: POST /session/3080ab49fbb8c4e7eecdf487ecde7ebb/timeouts - {"script":"<number>"}
RESULT: {"script":"<number>"}
COMMAND: GET /session/3080ab49fbb8c4e7eecdf487ecde7ebb/timeouts - {}
RESULT: {}
RESULT: undefined
COMMAND: POST /session/3080ab49fbb8c4e7eecdf487ecde7ebb/execute/async - {"script":"<script> [2676 bytes]","args":[]}
RESULT: {"script":"<script> [2676 bytes]","args":[]}
COMMAND: POST /session/3080ab49fbb8c4e7eecdf487ecde7ebb/execute/async - {"script":"<script> [2342 bytes]","args":[{"protocol":"http","hostname":"0.0.0.0","path":"/","capabilities":{"browserName":"chrome","goog:chromeOptions":{"binary":"C:\\Program Files\\Google\\Chrome\\Application\\chrome.exe","args":["--start-maximized"]}},"logLevel":"warn","connectionRetryTimeout":120000,"connectionRetryCount":3,"logLevels":{},"enableDirectConnect":true,"strictSSL":true,"_":"65 more keys: [\"cacheDir\",\"port\",\"requestedCapabilities\",\"automationProtocol\",\"baseUrl\",\"waitforInterval\",\"waitforTimeout\",\"onReload\",\"beforeCommand\",\"afterCommand\",\"rootDir\",\"specs\",\"suites\",\"exclude\",\"groupLogsByTestSpec\",\"excludeDriverLogs\",\"bail\",\"framework\",\"reporters\",\"services\",\"maxInstances\",\"maxInstancesPerCapability\",\"injectGlobals\",\"filesToWatch\",\"execArgv\",\"runnerEnv\",\"runner\",\"shard\",\"specFileRetries\",\"specFileRetriesDelay\",\"specFileRetriesDeferred\",\"reporterSyncInterval\",\"reporterSyncTimeout\",\"cucumberFeaturesWithLineNumbers\",\"autoCompileOpts\",\"mochaOpts\",\"jasmineOpts\",\"cucumberOpts\",\"onPrepare\",\"onWorkerStart\",\"onWorkerEnd\",\"before\",\"beforeSession\",\"beforeSuite\",\"beforeHook\",\"beforeTest\",\"afterTest\",\"afterHook\",\"afterSuite\",\"afterSession\",\"after\",\"onComplete\",\"beforeAssertion\",\"afterAssertion\",\"beforeFeature\",\"beforeScenario\",\"beforeStep\",\"afterStep\",\"afterScenario\",\"afterFeature\",\"_\",\"suite\",\"$0\",\"ignoredWorkerServices\",\"wdi5\"]"}]}
RESULT: {"script":"<script> [2342 bytes]","args":[{"protocol":"http","hostname":"0.0.0.0","path":"/","capabilities":{"browserName":"chrome","goog:chromeOptions":{"binary":"C:\\Program Files\\Google\\Chrome\\Application\\chrome.exe","args":["--start-maximized"]}},"logLevel":"warn","connectionRetryTimeout":120000,"connectionRetryCount":3,"logLevels":{},"enableDirectConnect":true,"strictSSL":true,"_":"65 more keys: [\"cacheDir\",\"port\",\"requestedCapabilities\",\"automationProtocol\",\"baseUrl\",\"waitforInterval\",\"waitforTimeout\",\"onReload\",\"beforeCommand\",\"afterCommand\",\"rootDir\",\"specs\",\"suites\",\"exclude\",\"groupLogsByTestSpec\",\"excludeDriverLogs\",\"bail\",\"framework\",\"reporters\",\"services\",\"maxInstances\",\"maxInstancesPerCapability\",\"injectGlobals\",\"filesToWatch\",\"execArgv\",\"runnerEnv\",\"runner\",\"shard\",\"specFileRetries\",\"specFileRetriesDelay\",\"specFileRetriesDeferred\",\"reporterSyncInterval\",\"reporterSyncTimeout\",\"cucumberFeaturesWithLineNumbers\",\"autoCompileOpts\",\"mochaOpts\",\"jasmineOpts\",\"cucumberOpts\",\"onPrepare\",\"onWorkerStart\",\"onWorkerEnd\",\"before\",\"beforeSession\",\"beforeSuite\",\"beforeHook\",\"beforeTest\",\"afterTest\",\"afterHook\",\"afterSuite\",\"afterSession\",\"after\",\"onComplete\",\"beforeAssertion\",\"afterAssertion\",\"beforeFeature\",\"beforeScenario\",\"beforeStep\",\"afterStep\",\"afterScenario\",\"afterFeature\",\"_\",\"suite\",\"$0\",\"ignoredWorkerServices\",\"wdi5\"]"}]}
COMMAND: POST /session/3080ab49fbb8c4e7eecdf487ecde7ebb/execute/async - {"script":"<script> [21126 bytes]","args":[35000]}
RESULT: {"script":"<script> [21126 bytes]","args":[35000]}
COMMAND: POST /session/3080ab49fbb8c4e7eecdf487ecde7ebb/window/maximize - {}
RESULT: {}
COMMAND: POST /session/3080ab49fbb8c4e7eecdf487ecde7ebb/execute/async - {"script":"<script> [1562 bytes]","args":[{"selector":{"id":"shell-header","interaction":{"idSuffix":"icon"}},"wdio_ui5_key":"shellheader"}]}
COMMAND: GET /session/3080ab49fbb8c4e7eecdf487ecde7ebb/screenshot - {}
RESULT: {"script":"<script> [1562 bytes]","args":[{"selector":{"id":"shell-header","interaction":{"idSuffix":"icon"}},"wdio_ui5_key":"shellheader"}]}
RESULT: undefined
]]></system-out>
    </testcase>
  </testsuite>
  <testsuite timestamp="2025-05-29T15:42:04" time="287.353" tests="1" failures="0" errors="0" skipped="0">
    <properties>
      <property name="specId" value="0"/>
      <property name="suiteName" value="create-equipment"/>
      <property name="capabilities" value="chrome.136_0_7103_93.windows"/>
      <property name="file" value="file:///D:/a/1/s/test/specs/R2C/create-equipment.spec.js"/>
    </properties>
    <testcase classname="chrome.136_0_7103_93.windows.create-equipment" name="create equipment" time="272.312">
      <system-out><![CDATA[
COMMAND: POST /session/3080ab49fbb8c4e7eecdf487ecde7ebb/execute/async - {"script":"<script> [1562 bytes]","args":[{"selector":{"controlType":"sap.m.GenericTile","properties":{"header":"Manage Resources"}},"wdio_ui5_key":"sapm.GenericTile{\"header\":\"Manage Resources\"}"}]}
RESULT: {}
RESULT: {"script":"<script> [1562 bytes]","args":[{"selector":{"controlType":"sap.m.GenericTile","properties":{"header":"Manage Resources"}},"wdio_ui5_key":"sapm.GenericTile{\"header\":\"Manage Resources\"}"}]}
RESULT: undefined
COMMAND: POST /session/3080ab49fbb8c4e7eecdf487ecde7ebb/element - {"using":"xpath","value":"//*[@id=\"__tile31\"]"}
RESULT: {"using":"xpath","value":"//*[@id=\"__tile31\"]"}
COMMAND: POST /session/3080ab49fbb8c4e7eecdf487ecde7ebb/element/f.73CD6E590336CA8913C659C97A11067A.d.334BFE85BE870C0C131045F00BA5BE6D.e.7756/click - {}
RESULT: {}
COMMAND: GET /session/3080ab49fbb8c4e7eecdf487ecde7ebb/screenshot - {}
RESULT: {}
COMMAND: POST /session/3080ab49fbb8c4e7eecdf487ecde7ebb/elements - {"using":"xpath","value":"//span[text()='Error']"}
RESULT: {"using":"xpath","value":"//span[text()='Error']"}
COMMAND: POST /session/3080ab49fbb8c4e7eecdf487ecde7ebb/element - {"using":"xpath","value":"//button[@data-kt=\"addNewRUOverflowToolbarButton\"]"}
RESULT: {"using":"xpath","value":"//button[@data-kt=\"addNewRUOverflowToolbarButton\"]"}
COMMAND: POST /session/3080ab49fbb8c4e7eecdf487ecde7ebb/execute/sync - {"script":"<script> [8489 bytes]","args":[{"element-6066-11e4-a52e-4f735466cecf":"f.73CD6E590336CA8913C659C97A11067A.d.334BFE85BE870C0C131045F00BA5BE6D.e.7892","ELEMENT":"f.73CD6E590336CA8913C659C97A11067A.d.334BFE85BE870C0C131045F00BA5BE6D.e.7892"}]}
RESULT: {"script":"<script> [8489 bytes]","args":[{"element-6066-11e4-a52e-4f735466cecf":"f.73CD6E590336CA8913C659C97A11067A.d.334BFE85BE870C0C131045F00BA5BE6D.e.7892","ELEMENT":"f.73CD6E590336CA8913C659C97A11067A.d.334BFE85BE870C0C131045F00BA5BE6D.e.7892"}]}
COMMAND: POST /session/3080ab49fbb8c4e7eecdf487ecde7ebb/element/f.73CD6E590336CA8913C659C97A11067A.d.334BFE85BE870C0C131045F00BA5BE6D.e.7892/click - {}
COMMAND: GET /session/3080ab49fbb8c4e7eecdf487ecde7ebb/screenshot - {}
RESULT: {}
COMMAND: GET /session/3080ab49fbb8c4e7eecdf487ecde7ebb/screenshot - {}
RESULT: {}
RESULT: {}
COMMAND: POST /session/3080ab49fbb8c4e7eecdf487ecde7ebb/execute/async - {"script":"<script> [1562 bytes]","args":[{"selector":{"controlType":"sap.m.ComboBox","viewName":"reusables.view.manageresources.NewResourceUnit","viewId":"application-manageresources-display-component---newResourceUnit","bindingPath":{"path":"","propertyPath":"/RuTypes","modelName":"catalogModel"},"searchOpenDialogs":true},"wdio_ui5_key":"reusablesview.manageresources.NewResourceUnitsap.m.ComboBox{\"path\":\"\",\"propertyPath\":\"/RuTypes\",\"modelName\":\"catalogModel\"}"}]}
RESULT: {"script":"<script> [1562 bytes]","args":[{"selector":{"controlType":"sap.m.ComboBox","viewName":"reusables.view.manageresources.NewResourceUnit","viewId":"application-manageresources-display-component---newResourceUnit","bindingPath":{"path":"","propertyPath":"/RuTypes","modelName":"catalogModel"},"searchOpenDialogs":true},"wdio_ui5_key":"reusablesview.manageresources.NewResourceUnitsap.m.ComboBox{\"path\":\"\",\"propertyPath\":\"/RuTypes\",\"modelName\":\"catalogModel\"}"}]}
RESULT: undefined
COMMAND: POST /session/3080ab49fbb8c4e7eecdf487ecde7ebb/execute/async - {"script":"<script> [1562 bytes]","args":[{"selector":{"controlType":"sap.m.ComboBox","viewName":"reusables.view.manageresources.NewResourceUnit","viewId":"application-manageresources-display-component---newResourceUnit","bindingPath":{"path":"","propertyPath":"/Yards","modelName":"catalogModel"},"searchOpenDialogs":true},"wdio_ui5_key":"reusablesview.manageresources.NewResourceUnitsap.m.ComboBox{\"path\":\"\",\"propertyPath\":\"/Yards\",\"modelName\":\"catalogModel\"}"}]}
RESULT: {"script":"<script> [1562 bytes]","args":[{"selector":{"controlType":"sap.m.ComboBox","viewName":"reusables.view.manageresources.NewResourceUnit","viewId":"application-manageresources-display-component---newResourceUnit","bindingPath":{"path":"","propertyPath":"/Yards","modelName":"catalogModel"},"searchOpenDialogs":true},"wdio_ui5_key":"reusablesview.manageresources.NewResourceUnitsap.m.ComboBox{\"path\":\"\",\"propertyPath\":\"/Yards\",\"modelName\":\"catalogModel\"}"}]}
RESULT: undefined
COMMAND: POST /session/3080ab49fbb8c4e7eecdf487ecde7ebb/execute/async - {"script":"<script> [1562 bytes]","args":[{"selector":{"controlType":"etm.portal.ui.reusables.customControls.LiveSearchComboBox","viewName":"reusables.view.manageresources.NewResourceUnit","viewId":"application-manageresources-display-component---newResourceUnit","bindingPath":{"path":"","propertyPath":"/CatalogItems","modelName":"catalogModel"},"searchOpenDialogs":true},"wdio_ui5_key":"reusablesview.manageresources.NewResourceUnitetm.portal.ui.reusables.customControls.LiveSearchComboBox{\"path\":\"\",\"propertyPath\":\"/CatalogItems\",\"modelName\":\"catalogModel\"}"}]}
RESULT: {"script":"<script> [1562 bytes]","args":[{"selector":{"controlType":"etm.portal.ui.reusables.customControls.LiveSearchComboBox","viewName":"reusables.view.manageresources.NewResourceUnit","viewId":"application-manageresources-display-component---newResourceUnit","bindingPath":{"path":"","propertyPath":"/CatalogItems","modelName":"catalogModel"},"searchOpenDialogs":true},"wdio_ui5_key":"reusablesview.manageresources.NewResourceUnitetm.portal.ui.reusables.customControls.LiveSearchComboBox{\"path\":\"\",\"propertyPath\":\"/CatalogItems\",\"modelName\":\"catalogModel\"}"}]}
RESULT: undefined
COMMAND: POST /session/3080ab49fbb8c4e7eecdf487ecde7ebb/element - {"using":"xpath","value":"//bdi[text()=\"OK\"]"}
RESULT: {"using":"xpath","value":"//bdi[text()=\"OK\"]"}
COMMAND: POST /session/3080ab49fbb8c4e7eecdf487ecde7ebb/elements - {"using":"xpath","value":"//bdi[text()=\"OK\"]"}
RESULT: {"using":"xpath","value":"//bdi[text()=\"OK\"]"}
COMMAND: POST /session/3080ab49fbb8c4e7eecdf487ecde7ebb/elements - {"using":"xpath","value":"//bdi[text()=\"OK\"]"}
RESULT: {"using":"xpath","value":"//bdi[text()=\"OK\"]"}
COMMAND: POST /session/3080ab49fbb8c4e7eecdf487ecde7ebb/elements - {"using":"xpath","value":"//bdi[text()=\"OK\"]"}
RESULT: {"using":"xpath","value":"//bdi[text()=\"OK\"]"}
COMMAND: POST /session/3080ab49fbb8c4e7eecdf487ecde7ebb/elements - {"using":"xpath","value":"//bdi[text()=\"OK\"]"}
RESULT: {"using":"xpath","value":"//bdi[text()=\"OK\"]"}
COMMAND: POST /session/3080ab49fbb8c4e7eecdf487ecde7ebb/elements - {"using":"xpath","value":"//bdi[text()=\"OK\"]"}
RESULT: {"using":"xpath","value":"//bdi[text()=\"OK\"]"}
COMMAND: POST /session/3080ab49fbb8c4e7eecdf487ecde7ebb/elements - {"using":"xpath","value":"//bdi[text()=\"OK\"]"}
RESULT: {"using":"xpath","value":"//bdi[text()=\"OK\"]"}
COMMAND: POST /session/3080ab49fbb8c4e7eecdf487ecde7ebb/elements - {"using":"xpath","value":"//bdi[text()=\"OK\"]"}
RESULT: {"using":"xpath","value":"//bdi[text()=\"OK\"]"}
COMMAND: POST /session/3080ab49fbb8c4e7eecdf487ecde7ebb/elements - {"using":"xpath","value":"//bdi[text()=\"OK\"]"}
RESULT: {"using":"xpath","value":"//bdi[text()=\"OK\"]"}
COMMAND: POST /session/3080ab49fbb8c4e7eecdf487ecde7ebb/elements - {"using":"xpath","value":"//bdi[text()=\"OK\"]"}
RESULT: {"using":"xpath","value":"//bdi[text()=\"OK\"]"}
COMMAND: POST /session/3080ab49fbb8c4e7eecdf487ecde7ebb/elements - {"using":"xpath","value":"//bdi[text()=\"OK\"]"}
RESULT: {"using":"xpath","value":"//bdi[text()=\"OK\"]"}
COMMAND: POST /session/3080ab49fbb8c4e7eecdf487ecde7ebb/elements - {"using":"xpath","value":"//bdi[text()=\"OK\"]"}
RESULT: {"using":"xpath","value":"//bdi[text()=\"OK\"]"}
COMMAND: POST /session/3080ab49fbb8c4e7eecdf487ecde7ebb/elements - {"using":"xpath","value":"//bdi[text()=\"OK\"]"}
RESULT: {"using":"xpath","value":"//bdi[text()=\"OK\"]"}
COMMAND: POST /session/3080ab49fbb8c4e7eecdf487ecde7ebb/elements - {"using":"xpath","value":"//bdi[text()=\"OK\"]"}
RESULT: {"using":"xpath","value":"//bdi[text()=\"OK\"]"}
COMMAND: POST /session/3080ab49fbb8c4e7eecdf487ecde7ebb/elements - {"using":"xpath","value":"//bdi[text()=\"OK\"]"}
RESULT: {"using":"xpath","value":"//bdi[text()=\"OK\"]"}
COMMAND: POST /session/3080ab49fbb8c4e7eecdf487ecde7ebb/elements - {"using":"xpath","value":"//bdi[text()=\"OK\"]"}
RESULT: {"using":"xpath","value":"//bdi[text()=\"OK\"]"}
COMMAND: POST /session/3080ab49fbb8c4e7eecdf487ecde7ebb/elements - {"using":"xpath","value":"//bdi[text()=\"OK\"]"}
RESULT: {"using":"xpath","value":"//bdi[text()=\"OK\"]"}
COMMAND: POST /session/3080ab49fbb8c4e7eecdf487ecde7ebb/elements - {"using":"xpath","value":"//bdi[text()=\"OK\"]"}
RESULT: {"using":"xpath","value":"//bdi[text()=\"OK\"]"}
COMMAND: POST /session/3080ab49fbb8c4e7eecdf487ecde7ebb/elements - {"using":"xpath","value":"//bdi[text()=\"OK\"]"}
RESULT: {"using":"xpath","value":"//bdi[text()=\"OK\"]"}
COMMAND: POST /session/3080ab49fbb8c4e7eecdf487ecde7ebb/elements - {"using":"xpath","value":"//bdi[text()=\"OK\"]"}
RESULT: {"using":"xpath","value":"//bdi[text()=\"OK\"]"}
COMMAND: POST /session/3080ab49fbb8c4e7eecdf487ecde7ebb/elements - {"using":"xpath","value":"//bdi[text()=\"OK\"]"}
RESULT: {"using":"xpath","value":"//bdi[text()=\"OK\"]"}
COMMAND: POST /session/3080ab49fbb8c4e7eecdf487ecde7ebb/elements - {"using":"xpath","value":"//bdi[text()=\"OK\"]"}
RESULT: {"using":"xpath","value":"//bdi[text()=\"OK\"]"}
COMMAND: POST /session/3080ab49fbb8c4e7eecdf487ecde7ebb/elements - {"using":"xpath","value":"//bdi[text()=\"OK\"]"}
RESULT: {"using":"xpath","value":"//bdi[text()=\"OK\"]"}
COMMAND: POST /session/3080ab49fbb8c4e7eecdf487ecde7ebb/elements - {"using":"xpath","value":"//bdi[text()=\"OK\"]"}
RESULT: {"using":"xpath","value":"//bdi[text()=\"OK\"]"}
COMMAND: POST /session/3080ab49fbb8c4e7eecdf487ecde7ebb/elements - {"using":"xpath","value":"//bdi[text()=\"OK\"]"}
RESULT: {"using":"xpath","value":"//bdi[text()=\"OK\"]"}
COMMAND: POST /session/3080ab49fbb8c4e7eecdf487ecde7ebb/elements - {"using":"xpath","value":"//bdi[text()=\"OK\"]"}
RESULT: {"using":"xpath","value":"//bdi[text()=\"OK\"]"}
COMMAND: POST /session/3080ab49fbb8c4e7eecdf487ecde7ebb/elements - {"using":"xpath","value":"//bdi[text()=\"OK\"]"}
RESULT: {"using":"xpath","value":"//bdi[text()=\"OK\"]"}
COMMAND: POST /session/3080ab49fbb8c4e7eecdf487ecde7ebb/elements - {"using":"xpath","value":"//bdi[text()=\"OK\"]"}
RESULT: {"using":"xpath","value":"//bdi[text()=\"OK\"]"}
COMMAND: POST /session/3080ab49fbb8c4e7eecdf487ecde7ebb/elements - {"using":"xpath","value":"//bdi[text()=\"OK\"]"}
RESULT: {"using":"xpath","value":"//bdi[text()=\"OK\"]"}
COMMAND: POST /session/3080ab49fbb8c4e7eecdf487ecde7ebb/elements - {"using":"xpath","value":"//bdi[text()=\"OK\"]"}
RESULT: {"using":"xpath","value":"//bdi[text()=\"OK\"]"}
COMMAND: POST /session/3080ab49fbb8c4e7eecdf487ecde7ebb/elements - {"using":"xpath","value":"//bdi[text()=\"OK\"]"}
RESULT: {"using":"xpath","value":"//bdi[text()=\"OK\"]"}
COMMAND: POST /session/3080ab49fbb8c4e7eecdf487ecde7ebb/elements - {"using":"xpath","value":"//bdi[text()=\"OK\"]"}
RESULT: {"using":"xpath","value":"//bdi[text()=\"OK\"]"}
COMMAND: POST /session/3080ab49fbb8c4e7eecdf487ecde7ebb/elements - {"using":"xpath","value":"//bdi[text()=\"OK\"]"}
RESULT: {"using":"xpath","value":"//bdi[text()=\"OK\"]"}
COMMAND: POST /session/3080ab49fbb8c4e7eecdf487ecde7ebb/elements - {"using":"xpath","value":"//bdi[text()=\"OK\"]"}
RESULT: {"using":"xpath","value":"//bdi[text()=\"OK\"]"}
COMMAND: POST /session/3080ab49fbb8c4e7eecdf487ecde7ebb/elements - {"using":"xpath","value":"//bdi[text()=\"OK\"]"}
RESULT: {"using":"xpath","value":"//bdi[text()=\"OK\"]"}
COMMAND: POST /session/3080ab49fbb8c4e7eecdf487ecde7ebb/elements - {"using":"xpath","value":"//bdi[text()=\"OK\"]"}
RESULT: {"using":"xpath","value":"//bdi[text()=\"OK\"]"}
COMMAND: POST /session/3080ab49fbb8c4e7eecdf487ecde7ebb/elements - {"using":"xpath","value":"//bdi[text()=\"OK\"]"}
RESULT: {"using":"xpath","value":"//bdi[text()=\"OK\"]"}
COMMAND: POST /session/3080ab49fbb8c4e7eecdf487ecde7ebb/elements - {"using":"xpath","value":"//bdi[text()=\"OK\"]"}
RESULT: {"using":"xpath","value":"//bdi[text()=\"OK\"]"}
COMMAND: POST /session/3080ab49fbb8c4e7eecdf487ecde7ebb/elements - {"using":"xpath","value":"//bdi[text()=\"OK\"]"}
RESULT: {"using":"xpath","value":"//bdi[text()=\"OK\"]"}
COMMAND: POST /session/3080ab49fbb8c4e7eecdf487ecde7ebb/elements - {"using":"xpath","value":"//bdi[text()=\"OK\"]"}
RESULT: {"using":"xpath","value":"//bdi[text()=\"OK\"]"}
COMMAND: POST /session/3080ab49fbb8c4e7eecdf487ecde7ebb/elements - {"using":"xpath","value":"//bdi[text()=\"OK\"]"}
RESULT: {"using":"xpath","value":"//bdi[text()=\"OK\"]"}
COMMAND: POST /session/3080ab49fbb8c4e7eecdf487ecde7ebb/elements - {"using":"xpath","value":"//bdi[text()=\"OK\"]"}
RESULT: {"using":"xpath","value":"//bdi[text()=\"OK\"]"}
COMMAND: POST /session/3080ab49fbb8c4e7eecdf487ecde7ebb/elements - {"using":"xpath","value":"//bdi[text()=\"OK\"]"}
RESULT: {"using":"xpath","value":"//bdi[text()=\"OK\"]"}
COMMAND: POST /session/3080ab49fbb8c4e7eecdf487ecde7ebb/elements - {"using":"xpath","value":"//bdi[text()=\"OK\"]"}
RESULT: {"using":"xpath","value":"//bdi[text()=\"OK\"]"}
COMMAND: POST /session/3080ab49fbb8c4e7eecdf487ecde7ebb/elements - {"using":"xpath","value":"//bdi[text()=\"OK\"]"}
RESULT: {"using":"xpath","value":"//bdi[text()=\"OK\"]"}
COMMAND: POST /session/3080ab49fbb8c4e7eecdf487ecde7ebb/elements - {"using":"xpath","value":"//bdi[text()=\"OK\"]"}
RESULT: {"using":"xpath","value":"//bdi[text()=\"OK\"]"}
COMMAND: POST /session/3080ab49fbb8c4e7eecdf487ecde7ebb/elements - {"using":"xpath","value":"//bdi[text()=\"OK\"]"}
RESULT: {"using":"xpath","value":"//bdi[text()=\"OK\"]"}
COMMAND: POST /session/3080ab49fbb8c4e7eecdf487ecde7ebb/elements - {"using":"xpath","value":"//bdi[text()=\"OK\"]"}
RESULT: {"using":"xpath","value":"//bdi[text()=\"OK\"]"}
COMMAND: POST /session/3080ab49fbb8c4e7eecdf487ecde7ebb/elements - {"using":"xpath","value":"//bdi[text()=\"OK\"]"}
RESULT: {"using":"xpath","value":"//bdi[text()=\"OK\"]"}
COMMAND: POST /session/3080ab49fbb8c4e7eecdf487ecde7ebb/elements - {"using":"xpath","value":"//bdi[text()=\"OK\"]"}
RESULT: {"using":"xpath","value":"//bdi[text()=\"OK\"]"}
COMMAND: POST /session/3080ab49fbb8c4e7eecdf487ecde7ebb/elements - {"using":"xpath","value":"//bdi[text()=\"OK\"]"}
RESULT: {"using":"xpath","value":"//bdi[text()=\"OK\"]"}
COMMAND: POST /session/3080ab49fbb8c4e7eecdf487ecde7ebb/elements - {"using":"xpath","value":"//bdi[text()=\"OK\"]"}
RESULT: {"using":"xpath","value":"//bdi[text()=\"OK\"]"}
COMMAND: POST /session/3080ab49fbb8c4e7eecdf487ecde7ebb/elements - {"using":"xpath","value":"//bdi[text()=\"OK\"]"}
RESULT: {"using":"xpath","value":"//bdi[text()=\"OK\"]"}
COMMAND: POST /session/3080ab49fbb8c4e7eecdf487ecde7ebb/elements - {"using":"xpath","value":"//bdi[text()=\"OK\"]"}
RESULT: {"using":"xpath","value":"//bdi[text()=\"OK\"]"}
COMMAND: POST /session/3080ab49fbb8c4e7eecdf487ecde7ebb/elements - {"using":"xpath","value":"//bdi[text()=\"OK\"]"}
RESULT: {"using":"xpath","value":"//bdi[text()=\"OK\"]"}
COMMAND: POST /session/3080ab49fbb8c4e7eecdf487ecde7ebb/elements - {"using":"xpath","value":"//bdi[text()=\"OK\"]"}
RESULT: {"using":"xpath","value":"//bdi[text()=\"OK\"]"}
COMMAND: POST /session/3080ab49fbb8c4e7eecdf487ecde7ebb/elements - {"using":"xpath","value":"//bdi[text()=\"OK\"]"}
RESULT: {"using":"xpath","value":"//bdi[text()=\"OK\"]"}
COMMAND: POST /session/3080ab49fbb8c4e7eecdf487ecde7ebb/elements - {"using":"xpath","value":"//bdi[text()=\"OK\"]"}
RESULT: {"using":"xpath","value":"//bdi[text()=\"OK\"]"}
COMMAND: POST /session/3080ab49fbb8c4e7eecdf487ecde7ebb/elements - {"using":"xpath","value":"//bdi[text()=\"OK\"]"}
RESULT: {"using":"xpath","value":"//bdi[text()=\"OK\"]"}
COMMAND: POST /session/3080ab49fbb8c4e7eecdf487ecde7ebb/elements - {"using":"xpath","value":"//bdi[text()=\"OK\"]"}
RESULT: {"using":"xpath","value":"//bdi[text()=\"OK\"]"}
COMMAND: POST /session/3080ab49fbb8c4e7eecdf487ecde7ebb/elements - {"using":"xpath","value":"//bdi[text()=\"OK\"]"}
RESULT: {"using":"xpath","value":"//bdi[text()=\"OK\"]"}
COMMAND: POST /session/3080ab49fbb8c4e7eecdf487ecde7ebb/elements - {"using":"xpath","value":"//bdi[text()=\"OK\"]"}
RESULT: {"using":"xpath","value":"//bdi[text()=\"OK\"]"}
COMMAND: POST /session/3080ab49fbb8c4e7eecdf487ecde7ebb/elements - {"using":"xpath","value":"//bdi[text()=\"OK\"]"}
RESULT: {"using":"xpath","value":"//bdi[text()=\"OK\"]"}
COMMAND: POST /session/3080ab49fbb8c4e7eecdf487ecde7ebb/elements - {"using":"xpath","value":"//bdi[text()=\"OK\"]"}
RESULT: {"using":"xpath","value":"//bdi[text()=\"OK\"]"}
COMMAND: POST /session/3080ab49fbb8c4e7eecdf487ecde7ebb/elements - {"using":"xpath","value":"//bdi[text()=\"OK\"]"}
RESULT: {"using":"xpath","value":"//bdi[text()=\"OK\"]"}
COMMAND: POST /session/3080ab49fbb8c4e7eecdf487ecde7ebb/elements - {"using":"xpath","value":"//bdi[text()=\"OK\"]"}
RESULT: {"using":"xpath","value":"//bdi[text()=\"OK\"]"}
COMMAND: POST /session/3080ab49fbb8c4e7eecdf487ecde7ebb/elements - {"using":"xpath","value":"//bdi[text()=\"OK\"]"}
RESULT: {"using":"xpath","value":"//bdi[text()=\"OK\"]"}
COMMAND: POST /session/3080ab49fbb8c4e7eecdf487ecde7ebb/elements - {"using":"xpath","value":"//bdi[text()=\"OK\"]"}
RESULT: {"using":"xpath","value":"//bdi[text()=\"OK\"]"}
COMMAND: POST /session/3080ab49fbb8c4e7eecdf487ecde7ebb/elements - {"using":"xpath","value":"//bdi[text()=\"OK\"]"}
RESULT: {"using":"xpath","value":"//bdi[text()=\"OK\"]"}
COMMAND: POST /session/3080ab49fbb8c4e7eecdf487ecde7ebb/elements - {"using":"xpath","value":"//bdi[text()=\"OK\"]"}
RESULT: {"using":"xpath","value":"//bdi[text()=\"OK\"]"}
COMMAND: POST /session/3080ab49fbb8c4e7eecdf487ecde7ebb/elements - {"using":"xpath","value":"//bdi[text()=\"OK\"]"}
RESULT: {"using":"xpath","value":"//bdi[text()=\"OK\"]"}
COMMAND: POST /session/3080ab49fbb8c4e7eecdf487ecde7ebb/elements - {"using":"xpath","value":"//bdi[text()=\"OK\"]"}
RESULT: {"using":"xpath","value":"//bdi[text()=\"OK\"]"}
COMMAND: POST /session/3080ab49fbb8c4e7eecdf487ecde7ebb/elements - {"using":"xpath","value":"//bdi[text()=\"OK\"]"}
RESULT: {"using":"xpath","value":"//bdi[text()=\"OK\"]"}
COMMAND: POST /session/3080ab49fbb8c4e7eecdf487ecde7ebb/elements - {"using":"xpath","value":"//bdi[text()=\"OK\"]"}
RESULT: {"using":"xpath","value":"//bdi[text()=\"OK\"]"}
COMMAND: POST /session/3080ab49fbb8c4e7eecdf487ecde7ebb/elements - {"using":"xpath","value":"//bdi[text()=\"OK\"]"}
RESULT: {"using":"xpath","value":"//bdi[text()=\"OK\"]"}
COMMAND: POST /session/3080ab49fbb8c4e7eecdf487ecde7ebb/elements - {"using":"xpath","value":"//bdi[text()=\"OK\"]"}
RESULT: {"using":"xpath","value":"//bdi[text()=\"OK\"]"}
COMMAND: POST /session/3080ab49fbb8c4e7eecdf487ecde7ebb/elements - {"using":"xpath","value":"//bdi[text()=\"OK\"]"}
RESULT: {"using":"xpath","value":"//bdi[text()=\"OK\"]"}
COMMAND: POST /session/3080ab49fbb8c4e7eecdf487ecde7ebb/elements - {"using":"xpath","value":"//bdi[text()=\"OK\"]"}
RESULT: {"using":"xpath","value":"//bdi[text()=\"OK\"]"}
COMMAND: POST /session/3080ab49fbb8c4e7eecdf487ecde7ebb/elements - {"using":"xpath","value":"//bdi[text()=\"OK\"]"}
RESULT: {"using":"xpath","value":"//bdi[text()=\"OK\"]"}
COMMAND: POST /session/3080ab49fbb8c4e7eecdf487ecde7ebb/elements - {"using":"xpath","value":"//bdi[text()=\"OK\"]"}
RESULT: {"using":"xpath","value":"//bdi[text()=\"OK\"]"}
COMMAND: POST /session/3080ab49fbb8c4e7eecdf487ecde7ebb/elements - {"using":"xpath","value":"//bdi[text()=\"OK\"]"}
RESULT: {"using":"xpath","value":"//bdi[text()=\"OK\"]"}
COMMAND: POST /session/3080ab49fbb8c4e7eecdf487ecde7ebb/elements - {"using":"xpath","value":"//bdi[text()=\"OK\"]"}
RESULT: {"using":"xpath","value":"//bdi[text()=\"OK\"]"}
COMMAND: POST /session/3080ab49fbb8c4e7eecdf487ecde7ebb/elements - {"using":"xpath","value":"//bdi[text()=\"OK\"]"}
RESULT: {"using":"xpath","value":"//bdi[text()=\"OK\"]"}
COMMAND: POST /session/3080ab49fbb8c4e7eecdf487ecde7ebb/elements - {"using":"xpath","value":"//bdi[text()=\"OK\"]"}
RESULT: {"using":"xpath","value":"//bdi[text()=\"OK\"]"}
COMMAND: POST /session/3080ab49fbb8c4e7eecdf487ecde7ebb/elements - {"using":"xpath","value":"//bdi[text()=\"OK\"]"}
RESULT: {"using":"xpath","value":"//bdi[text()=\"OK\"]"}
COMMAND: POST /session/3080ab49fbb8c4e7eecdf487ecde7ebb/elements - {"using":"xpath","value":"//bdi[text()=\"OK\"]"}
RESULT: {"using":"xpath","value":"//bdi[text()=\"OK\"]"}
COMMAND: POST /session/3080ab49fbb8c4e7eecdf487ecde7ebb/elements - {"using":"xpath","value":"//bdi[text()=\"OK\"]"}
RESULT: {"using":"xpath","value":"//bdi[text()=\"OK\"]"}
COMMAND: POST /session/3080ab49fbb8c4e7eecdf487ecde7ebb/elements - {"using":"xpath","value":"//bdi[text()=\"OK\"]"}
RESULT: {"using":"xpath","value":"//bdi[text()=\"OK\"]"}
COMMAND: POST /session/3080ab49fbb8c4e7eecdf487ecde7ebb/elements - {"using":"xpath","value":"//bdi[text()=\"OK\"]"}
RESULT: {"using":"xpath","value":"//bdi[text()=\"OK\"]"}
COMMAND: POST /session/3080ab49fbb8c4e7eecdf487ecde7ebb/elements - {"using":"xpath","value":"//bdi[text()=\"OK\"]"}
RESULT: {"using":"xpath","value":"//bdi[text()=\"OK\"]"}
COMMAND: POST /session/3080ab49fbb8c4e7eecdf487ecde7ebb/elements - {"using":"xpath","value":"//bdi[text()=\"OK\"]"}
RESULT: {"using":"xpath","value":"//bdi[text()=\"OK\"]"}
COMMAND: POST /session/3080ab49fbb8c4e7eecdf487ecde7ebb/elements - {"using":"xpath","value":"//bdi[text()=\"OK\"]"}
RESULT: {"using":"xpath","value":"//bdi[text()=\"OK\"]"}
COMMAND: POST /session/3080ab49fbb8c4e7eecdf487ecde7ebb/elements - {"using":"xpath","value":"//bdi[text()=\"OK\"]"}
RESULT: {"using":"xpath","value":"//bdi[text()=\"OK\"]"}
COMMAND: POST /session/3080ab49fbb8c4e7eecdf487ecde7ebb/elements - {"using":"xpath","value":"//bdi[text()=\"OK\"]"}
RESULT: {"using":"xpath","value":"//bdi[text()=\"OK\"]"}
COMMAND: POST /session/3080ab49fbb8c4e7eecdf487ecde7ebb/elements - {"using":"xpath","value":"//bdi[text()=\"OK\"]"}
RESULT: {"using":"xpath","value":"//bdi[text()=\"OK\"]"}
COMMAND: POST /session/3080ab49fbb8c4e7eecdf487ecde7ebb/elements - {"using":"xpath","value":"//bdi[text()=\"OK\"]"}
RESULT: {"using":"xpath","value":"//bdi[text()=\"OK\"]"}
COMMAND: POST /session/3080ab49fbb8c4e7eecdf487ecde7ebb/elements - {"using":"xpath","value":"//bdi[text()=\"OK\"]"}
RESULT: {"using":"xpath","value":"//bdi[text()=\"OK\"]"}
COMMAND: POST /session/3080ab49fbb8c4e7eecdf487ecde7ebb/elements - {"using":"xpath","value":"//bdi[text()=\"OK\"]"}
RESULT: {"using":"xpath","value":"//bdi[text()=\"OK\"]"}
COMMAND: POST /session/3080ab49fbb8c4e7eecdf487ecde7ebb/elements - {"using":"xpath","value":"//bdi[text()=\"OK\"]"}
RESULT: {"using":"xpath","value":"//bdi[text()=\"OK\"]"}
COMMAND: POST /session/3080ab49fbb8c4e7eecdf487ecde7ebb/elements - {"using":"xpath","value":"//bdi[text()=\"OK\"]"}
RESULT: {"using":"xpath","value":"//bdi[text()=\"OK\"]"}
COMMAND: POST /session/3080ab49fbb8c4e7eecdf487ecde7ebb/elements - {"using":"xpath","value":"//bdi[text()=\"OK\"]"}
RESULT: {"using":"xpath","value":"//bdi[text()=\"OK\"]"}
COMMAND: POST /session/3080ab49fbb8c4e7eecdf487ecde7ebb/elements - {"using":"xpath","value":"//bdi[text()=\"OK\"]"}
RESULT: {"using":"xpath","value":"//bdi[text()=\"OK\"]"}
COMMAND: POST /session/3080ab49fbb8c4e7eecdf487ecde7ebb/elements - {"using":"xpath","value":"//bdi[text()=\"OK\"]"}
RESULT: {"using":"xpath","value":"//bdi[text()=\"OK\"]"}
COMMAND: POST /session/3080ab49fbb8c4e7eecdf487ecde7ebb/elements - {"using":"xpath","value":"//bdi[text()=\"OK\"]"}
RESULT: {"using":"xpath","value":"//bdi[text()=\"OK\"]"}
COMMAND: POST /session/3080ab49fbb8c4e7eecdf487ecde7ebb/elements - {"using":"xpath","value":"//bdi[text()=\"OK\"]"}
RESULT: {"using":"xpath","value":"//bdi[text()=\"OK\"]"}
COMMAND: POST /session/3080ab49fbb8c4e7eecdf487ecde7ebb/elements - {"using":"xpath","value":"//bdi[text()=\"OK\"]"}
RESULT: {"using":"xpath","value":"//bdi[text()=\"OK\"]"}
COMMAND: POST /session/3080ab49fbb8c4e7eecdf487ecde7ebb/elements - {"using":"xpath","value":"//bdi[text()=\"OK\"]"}
RESULT: {"using":"xpath","value":"//bdi[text()=\"OK\"]"}
COMMAND: POST /session/3080ab49fbb8c4e7eecdf487ecde7ebb/elements - {"using":"xpath","value":"//bdi[text()=\"OK\"]"}
RESULT: {"using":"xpath","value":"//bdi[text()=\"OK\"]"}
COMMAND: POST /session/3080ab49fbb8c4e7eecdf487ecde7ebb/elements - {"using":"xpath","value":"//bdi[text()=\"OK\"]"}
RESULT: {"using":"xpath","value":"//bdi[text()=\"OK\"]"}
COMMAND: POST /session/3080ab49fbb8c4e7eecdf487ecde7ebb/elements - {"using":"xpath","value":"//bdi[text()=\"OK\"]"}
RESULT: {"using":"xpath","value":"//bdi[text()=\"OK\"]"}
COMMAND: POST /session/3080ab49fbb8c4e7eecdf487ecde7ebb/elements - {"using":"xpath","value":"//bdi[text()=\"OK\"]"}
RESULT: {"using":"xpath","value":"//bdi[text()=\"OK\"]"}
COMMAND: POST /session/3080ab49fbb8c4e7eecdf487ecde7ebb/elements - {"using":"xpath","value":"//bdi[text()=\"OK\"]"}
RESULT: {"using":"xpath","value":"//bdi[text()=\"OK\"]"}
COMMAND: POST /session/3080ab49fbb8c4e7eecdf487ecde7ebb/elements - {"using":"xpath","value":"//bdi[text()=\"OK\"]"}
RESULT: {"using":"xpath","value":"//bdi[text()=\"OK\"]"}
COMMAND: POST /session/3080ab49fbb8c4e7eecdf487ecde7ebb/elements - {"using":"xpath","value":"//bdi[text()=\"OK\"]"}
RESULT: {"using":"xpath","value":"//bdi[text()=\"OK\"]"}
COMMAND: POST /session/3080ab49fbb8c4e7eecdf487ecde7ebb/elements - {"using":"xpath","value":"//bdi[text()=\"OK\"]"}
RESULT: {"using":"xpath","value":"//bdi[text()=\"OK\"]"}
COMMAND: POST /session/3080ab49fbb8c4e7eecdf487ecde7ebb/elements - {"using":"xpath","value":"//bdi[text()=\"OK\"]"}
RESULT: {"using":"xpath","value":"//bdi[text()=\"OK\"]"}
COMMAND: POST /session/3080ab49fbb8c4e7eecdf487ecde7ebb/elements - {"using":"xpath","value":"//bdi[text()=\"OK\"]"}
RESULT: {"using":"xpath","value":"//bdi[text()=\"OK\"]"}
COMMAND: POST /session/3080ab49fbb8c4e7eecdf487ecde7ebb/elements - {"using":"xpath","value":"//bdi[text()=\"OK\"]"}
RESULT: {"using":"xpath","value":"//bdi[text()=\"OK\"]"}
COMMAND: POST /session/3080ab49fbb8c4e7eecdf487ecde7ebb/elements - {"using":"xpath","value":"//bdi[text()=\"OK\"]"}
RESULT: {"using":"xpath","value":"//bdi[text()=\"OK\"]"}
COMMAND: POST /session/3080ab49fbb8c4e7eecdf487ecde7ebb/elements - {"using":"xpath","value":"//bdi[text()=\"OK\"]"}
RESULT: {"using":"xpath","value":"//bdi[text()=\"OK\"]"}
COMMAND: POST /session/3080ab49fbb8c4e7eecdf487ecde7ebb/elements - {"using":"xpath","value":"//bdi[text()=\"OK\"]"}
RESULT: {"using":"xpath","value":"//bdi[text()=\"OK\"]"}
COMMAND: POST /session/3080ab49fbb8c4e7eecdf487ecde7ebb/element - {"using":"xpath","value":"//bdi[text()=\"OK\"]"}
RESULT: {"using":"xpath","value":"//bdi[text()=\"OK\"]"}
COMMAND: POST /session/3080ab49fbb8c4e7eecdf487ecde7ebb/elements - {"using":"xpath","value":"//bdi[text()=\"OK\"]"}
RESULT: {"using":"xpath","value":"//bdi[text()=\"OK\"]"}
COMMAND: POST /session/3080ab49fbb8c4e7eecdf487ecde7ebb/elements - {"using":"xpath","value":"//bdi[text()=\"OK\"]"}
RESULT: {"using":"xpath","value":"//bdi[text()=\"OK\"]"}
COMMAND: POST /session/3080ab49fbb8c4e7eecdf487ecde7ebb/elements - {"using":"xpath","value":"//bdi[text()=\"OK\"]"}
RESULT: {"using":"xpath","value":"//bdi[text()=\"OK\"]"}
COMMAND: POST /session/3080ab49fbb8c4e7eecdf487ecde7ebb/elements - {"using":"xpath","value":"//bdi[text()=\"OK\"]"}
RESULT: {"using":"xpath","value":"//bdi[text()=\"OK\"]"}
COMMAND: POST /session/3080ab49fbb8c4e7eecdf487ecde7ebb/elements - {"using":"xpath","value":"//bdi[text()=\"OK\"]"}
RESULT: {"using":"xpath","value":"//bdi[text()=\"OK\"]"}
COMMAND: POST /session/3080ab49fbb8c4e7eecdf487ecde7ebb/elements - {"using":"xpath","value":"//bdi[text()=\"OK\"]"}
RESULT: {"using":"xpath","value":"//bdi[text()=\"OK\"]"}
COMMAND: POST /session/3080ab49fbb8c4e7eecdf487ecde7ebb/elements - {"using":"xpath","value":"//bdi[text()=\"OK\"]"}
RESULT: {"using":"xpath","value":"//bdi[text()=\"OK\"]"}
COMMAND: POST /session/3080ab49fbb8c4e7eecdf487ecde7ebb/elements - {"using":"xpath","value":"//bdi[text()=\"OK\"]"}
RESULT: {"using":"xpath","value":"//bdi[text()=\"OK\"]"}
COMMAND: POST /session/3080ab49fbb8c4e7eecdf487ecde7ebb/elements - {"using":"xpath","value":"//bdi[text()=\"OK\"]"}
RESULT: {"using":"xpath","value":"//bdi[text()=\"OK\"]"}
COMMAND: POST /session/3080ab49fbb8c4e7eecdf487ecde7ebb/elements - {"using":"xpath","value":"//bdi[text()=\"OK\"]"}
RESULT: {"using":"xpath","value":"//bdi[text()=\"OK\"]"}
COMMAND: POST /session/3080ab49fbb8c4e7eecdf487ecde7ebb/elements - {"using":"xpath","value":"//bdi[text()=\"OK\"]"}
RESULT: {"using":"xpath","value":"//bdi[text()=\"OK\"]"}
COMMAND: POST /session/3080ab49fbb8c4e7eecdf487ecde7ebb/elements - {"using":"xpath","value":"//bdi[text()=\"OK\"]"}
RESULT: {"using":"xpath","value":"//bdi[text()=\"OK\"]"}
COMMAND: POST /session/3080ab49fbb8c4e7eecdf487ecde7ebb/elements - {"using":"xpath","value":"//bdi[text()=\"OK\"]"}
RESULT: {"using":"xpath","value":"//bdi[text()=\"OK\"]"}
COMMAND: POST /session/3080ab49fbb8c4e7eecdf487ecde7ebb/elements - {"using":"xpath","value":"//bdi[text()=\"OK\"]"}
RESULT: {"using":"xpath","value":"//bdi[text()=\"OK\"]"}
COMMAND: POST /session/3080ab49fbb8c4e7eecdf487ecde7ebb/elements - {"using":"xpath","value":"//bdi[text()=\"OK\"]"}
RESULT: {"using":"xpath","value":"//bdi[text()=\"OK\"]"}
COMMAND: POST /session/3080ab49fbb8c4e7eecdf487ecde7ebb/elements - {"using":"xpath","value":"//bdi[text()=\"OK\"]"}
RESULT: {"using":"xpath","value":"//bdi[text()=\"OK\"]"}
COMMAND: POST /session/3080ab49fbb8c4e7eecdf487ecde7ebb/elements - {"using":"xpath","value":"//bdi[text()=\"OK\"]"}
RESULT: {"using":"xpath","value":"//bdi[text()=\"OK\"]"}
COMMAND: POST /session/3080ab49fbb8c4e7eecdf487ecde7ebb/elements - {"using":"xpath","value":"//bdi[text()=\"OK\"]"}
RESULT: {"using":"xpath","value":"//bdi[text()=\"OK\"]"}
COMMAND: POST /session/3080ab49fbb8c4e7eecdf487ecde7ebb/elements - {"using":"xpath","value":"//bdi[text()=\"OK\"]"}
RESULT: {"using":"xpath","value":"//bdi[text()=\"OK\"]"}
COMMAND: POST /session/3080ab49fbb8c4e7eecdf487ecde7ebb/elements - {"using":"xpath","value":"//bdi[text()=\"OK\"]"}
RESULT: {"using":"xpath","value":"//bdi[text()=\"OK\"]"}
COMMAND: POST /session/3080ab49fbb8c4e7eecdf487ecde7ebb/elements - {"using":"xpath","value":"//bdi[text()=\"OK\"]"}
RESULT: {"using":"xpath","value":"//bdi[text()=\"OK\"]"}
COMMAND: POST /session/3080ab49fbb8c4e7eecdf487ecde7ebb/elements - {"using":"xpath","value":"//bdi[text()=\"OK\"]"}
RESULT: {"using":"xpath","value":"//bdi[text()=\"OK\"]"}
COMMAND: POST /session/3080ab49fbb8c4e7eecdf487ecde7ebb/elements - {"using":"xpath","value":"//bdi[text()=\"OK\"]"}
RESULT: {"using":"xpath","value":"//bdi[text()=\"OK\"]"}
COMMAND: POST /session/3080ab49fbb8c4e7eecdf487ecde7ebb/elements - {"using":"xpath","value":"//bdi[text()=\"OK\"]"}
RESULT: {"using":"xpath","value":"//bdi[text()=\"OK\"]"}
COMMAND: POST /session/3080ab49fbb8c4e7eecdf487ecde7ebb/elements - {"using":"xpath","value":"//bdi[text()=\"OK\"]"}
RESULT: {"using":"xpath","value":"//bdi[text()=\"OK\"]"}
COMMAND: POST /session/3080ab49fbb8c4e7eecdf487ecde7ebb/elements - {"using":"xpath","value":"//bdi[text()=\"OK\"]"}
RESULT: {"using":"xpath","value":"//bdi[text()=\"OK\"]"}
COMMAND: POST /session/3080ab49fbb8c4e7eecdf487ecde7ebb/elements - {"using":"xpath","value":"//bdi[text()=\"OK\"]"}
RESULT: {"using":"xpath","value":"//bdi[text()=\"OK\"]"}
COMMAND: POST /session/3080ab49fbb8c4e7eecdf487ecde7ebb/elements - {"using":"xpath","value":"//bdi[text()=\"OK\"]"}
RESULT: {"using":"xpath","value":"//bdi[text()=\"OK\"]"}
COMMAND: POST /session/3080ab49fbb8c4e7eecdf487ecde7ebb/elements - {"using":"xpath","value":"//bdi[text()=\"OK\"]"}
RESULT: {"using":"xpath","value":"//bdi[text()=\"OK\"]"}
COMMAND: POST /session/3080ab49fbb8c4e7eecdf487ecde7ebb/elements - {"using":"xpath","value":"//bdi[text()=\"OK\"]"}
RESULT: {"using":"xpath","value":"//bdi[text()=\"OK\"]"}
COMMAND: POST /session/3080ab49fbb8c4e7eecdf487ecde7ebb/elements - {"using":"xpath","value":"//bdi[text()=\"OK\"]"}
RESULT: {"using":"xpath","value":"//bdi[text()=\"OK\"]"}
COMMAND: POST /session/3080ab49fbb8c4e7eecdf487ecde7ebb/elements - {"using":"xpath","value":"//bdi[text()=\"OK\"]"}
RESULT: {"using":"xpath","value":"//bdi[text()=\"OK\"]"}
COMMAND: POST /session/3080ab49fbb8c4e7eecdf487ecde7ebb/elements - {"using":"xpath","value":"//bdi[text()=\"OK\"]"}
RESULT: {"using":"xpath","value":"//bdi[text()=\"OK\"]"}
COMMAND: POST /session/3080ab49fbb8c4e7eecdf487ecde7ebb/elements - {"using":"xpath","value":"//bdi[text()=\"OK\"]"}
RESULT: {"using":"xpath","value":"//bdi[text()=\"OK\"]"}
COMMAND: POST /session/3080ab49fbb8c4e7eecdf487ecde7ebb/elements - {"using":"xpath","value":"//bdi[text()=\"OK\"]"}
RESULT: {"using":"xpath","value":"//bdi[text()=\"OK\"]"}
COMMAND: POST /session/3080ab49fbb8c4e7eecdf487ecde7ebb/elements - {"using":"xpath","value":"//bdi[text()=\"OK\"]"}
RESULT: {"using":"xpath","value":"//bdi[text()=\"OK\"]"}
COMMAND: POST /session/3080ab49fbb8c4e7eecdf487ecde7ebb/elements - {"using":"xpath","value":"//bdi[text()=\"OK\"]"}
RESULT: {"using":"xpath","value":"//bdi[text()=\"OK\"]"}
COMMAND: POST /session/3080ab49fbb8c4e7eecdf487ecde7ebb/elements - {"using":"xpath","value":"//bdi[text()=\"OK\"]"}
RESULT: {"using":"xpath","value":"//bdi[text()=\"OK\"]"}
COMMAND: POST /session/3080ab49fbb8c4e7eecdf487ecde7ebb/elements - {"using":"xpath","value":"//bdi[text()=\"OK\"]"}
RESULT: {"using":"xpath","value":"//bdi[text()=\"OK\"]"}
COMMAND: POST /session/3080ab49fbb8c4e7eecdf487ecde7ebb/elements - {"using":"xpath","value":"//bdi[text()=\"OK\"]"}
RESULT: {"using":"xpath","value":"//bdi[text()=\"OK\"]"}
COMMAND: POST /session/3080ab49fbb8c4e7eecdf487ecde7ebb/elements - {"using":"xpath","value":"//bdi[text()=\"OK\"]"}
RESULT: {"using":"xpath","value":"//bdi[text()=\"OK\"]"}
COMMAND: POST /session/3080ab49fbb8c4e7eecdf487ecde7ebb/elements - {"using":"xpath","value":"//bdi[text()=\"OK\"]"}
RESULT: {"using":"xpath","value":"//bdi[text()=\"OK\"]"}
COMMAND: POST /session/3080ab49fbb8c4e7eecdf487ecde7ebb/elements - {"using":"xpath","value":"//bdi[text()=\"OK\"]"}
RESULT: {"using":"xpath","value":"//bdi[text()=\"OK\"]"}
COMMAND: POST /session/3080ab49fbb8c4e7eecdf487ecde7ebb/elements - {"using":"xpath","value":"//bdi[text()=\"OK\"]"}
RESULT: {"using":"xpath","value":"//bdi[text()=\"OK\"]"}
COMMAND: POST /session/3080ab49fbb8c4e7eecdf487ecde7ebb/elements - {"using":"xpath","value":"//bdi[text()=\"OK\"]"}
RESULT: {"using":"xpath","value":"//bdi[text()=\"OK\"]"}
COMMAND: POST /session/3080ab49fbb8c4e7eecdf487ecde7ebb/elements - {"using":"xpath","value":"//bdi[text()=\"OK\"]"}
RESULT: {"using":"xpath","value":"//bdi[text()=\"OK\"]"}
COMMAND: POST /session/3080ab49fbb8c4e7eecdf487ecde7ebb/elements - {"using":"xpath","value":"//bdi[text()=\"OK\"]"}
RESULT: {"using":"xpath","value":"//bdi[text()=\"OK\"]"}
COMMAND: POST /session/3080ab49fbb8c4e7eecdf487ecde7ebb/elements - {"using":"xpath","value":"//bdi[text()=\"OK\"]"}
RESULT: {"using":"xpath","value":"//bdi[text()=\"OK\"]"}
COMMAND: POST /session/3080ab49fbb8c4e7eecdf487ecde7ebb/elements - {"using":"xpath","value":"//bdi[text()=\"OK\"]"}
RESULT: {"using":"xpath","value":"//bdi[text()=\"OK\"]"}
COMMAND: POST /session/3080ab49fbb8c4e7eecdf487ecde7ebb/elements - {"using":"xpath","value":"//bdi[text()=\"OK\"]"}
RESULT: {"using":"xpath","value":"//bdi[text()=\"OK\"]"}
COMMAND: POST /session/3080ab49fbb8c4e7eecdf487ecde7ebb/elements - {"using":"xpath","value":"//bdi[text()=\"OK\"]"}
RESULT: {"using":"xpath","value":"//bdi[text()=\"OK\"]"}
COMMAND: POST /session/3080ab49fbb8c4e7eecdf487ecde7ebb/elements - {"using":"xpath","value":"//bdi[text()=\"OK\"]"}
RESULT: {"using":"xpath","value":"//bdi[text()=\"OK\"]"}
COMMAND: POST /session/3080ab49fbb8c4e7eecdf487ecde7ebb/elements - {"using":"xpath","value":"//bdi[text()=\"OK\"]"}
RESULT: {"using":"xpath","value":"//bdi[text()=\"OK\"]"}
COMMAND: POST /session/3080ab49fbb8c4e7eecdf487ecde7ebb/elements - {"using":"xpath","value":"//bdi[text()=\"OK\"]"}
RESULT: {"using":"xpath","value":"//bdi[text()=\"OK\"]"}
COMMAND: POST /session/3080ab49fbb8c4e7eecdf487ecde7ebb/elements - {"using":"xpath","value":"//bdi[text()=\"OK\"]"}
RESULT: {"using":"xpath","value":"//bdi[text()=\"OK\"]"}
COMMAND: POST /session/3080ab49fbb8c4e7eecdf487ecde7ebb/elements - {"using":"xpath","value":"//bdi[text()=\"OK\"]"}
RESULT: {"using":"xpath","value":"//bdi[text()=\"OK\"]"}
COMMAND: POST /session/3080ab49fbb8c4e7eecdf487ecde7ebb/elements - {"using":"xpath","value":"//bdi[text()=\"OK\"]"}
RESULT: {"using":"xpath","value":"//bdi[text()=\"OK\"]"}
COMMAND: POST /session/3080ab49fbb8c4e7eecdf487ecde7ebb/elements - {"using":"xpath","value":"//bdi[text()=\"OK\"]"}
RESULT: {"using":"xpath","value":"//bdi[text()=\"OK\"]"}
COMMAND: POST /session/3080ab49fbb8c4e7eecdf487ecde7ebb/elements - {"using":"xpath","value":"//bdi[text()=\"OK\"]"}
RESULT: {"using":"xpath","value":"//bdi[text()=\"OK\"]"}
COMMAND: POST /session/3080ab49fbb8c4e7eecdf487ecde7ebb/elements - {"using":"xpath","value":"//bdi[text()=\"OK\"]"}
RESULT: {"using":"xpath","value":"//bdi[text()=\"OK\"]"}
COMMAND: POST /session/3080ab49fbb8c4e7eecdf487ecde7ebb/elements - {"using":"xpath","value":"//bdi[text()=\"OK\"]"}
RESULT: {"using":"xpath","value":"//bdi[text()=\"OK\"]"}
COMMAND: POST /session/3080ab49fbb8c4e7eecdf487ecde7ebb/elements - {"using":"xpath","value":"//bdi[text()=\"OK\"]"}
RESULT: {"using":"xpath","value":"//bdi[text()=\"OK\"]"}
COMMAND: POST /session/3080ab49fbb8c4e7eecdf487ecde7ebb/elements - {"using":"xpath","value":"//bdi[text()=\"OK\"]"}
RESULT: {"using":"xpath","value":"//bdi[text()=\"OK\"]"}
COMMAND: POST /session/3080ab49fbb8c4e7eecdf487ecde7ebb/elements - {"using":"xpath","value":"//bdi[text()=\"OK\"]"}
RESULT: {"using":"xpath","value":"//bdi[text()=\"OK\"]"}
COMMAND: POST /session/3080ab49fbb8c4e7eecdf487ecde7ebb/elements - {"using":"xpath","value":"//bdi[text()=\"OK\"]"}
RESULT: {"using":"xpath","value":"//bdi[text()=\"OK\"]"}
COMMAND: POST /session/3080ab49fbb8c4e7eecdf487ecde7ebb/elements - {"using":"xpath","value":"//bdi[text()=\"OK\"]"}
RESULT: {"using":"xpath","value":"//bdi[text()=\"OK\"]"}
COMMAND: POST /session/3080ab49fbb8c4e7eecdf487ecde7ebb/elements - {"using":"xpath","value":"//bdi[text()=\"OK\"]"}
RESULT: {"using":"xpath","value":"//bdi[text()=\"OK\"]"}
COMMAND: POST /session/3080ab49fbb8c4e7eecdf487ecde7ebb/elements - {"using":"xpath","value":"//bdi[text()=\"OK\"]"}
RESULT: {"using":"xpath","value":"//bdi[text()=\"OK\"]"}
COMMAND: POST /session/3080ab49fbb8c4e7eecdf487ecde7ebb/elements - {"using":"xpath","value":"//bdi[text()=\"OK\"]"}
RESULT: {"using":"xpath","value":"//bdi[text()=\"OK\"]"}
COMMAND: POST /session/3080ab49fbb8c4e7eecdf487ecde7ebb/elements - {"using":"xpath","value":"//bdi[text()=\"OK\"]"}
RESULT: {"using":"xpath","value":"//bdi[text()=\"OK\"]"}
COMMAND: POST /session/3080ab49fbb8c4e7eecdf487ecde7ebb/elements - {"using":"xpath","value":"//bdi[text()=\"OK\"]"}
RESULT: {"using":"xpath","value":"//bdi[text()=\"OK\"]"}
COMMAND: POST /session/3080ab49fbb8c4e7eecdf487ecde7ebb/elements - {"using":"xpath","value":"//bdi[text()=\"OK\"]"}
RESULT: {"using":"xpath","value":"//bdi[text()=\"OK\"]"}
COMMAND: POST /session/3080ab49fbb8c4e7eecdf487ecde7ebb/elements - {"using":"xpath","value":"//bdi[text()=\"OK\"]"}
RESULT: {"using":"xpath","value":"//bdi[text()=\"OK\"]"}
COMMAND: POST /session/3080ab49fbb8c4e7eecdf487ecde7ebb/elements - {"using":"xpath","value":"//bdi[text()=\"OK\"]"}
RESULT: {"using":"xpath","value":"//bdi[text()=\"OK\"]"}
COMMAND: POST /session/3080ab49fbb8c4e7eecdf487ecde7ebb/elements - {"using":"xpath","value":"//bdi[text()=\"OK\"]"}
RESULT: {"using":"xpath","value":"//bdi[text()=\"OK\"]"}
COMMAND: POST /session/3080ab49fbb8c4e7eecdf487ecde7ebb/elements - {"using":"xpath","value":"//bdi[text()=\"OK\"]"}
RESULT: {"using":"xpath","value":"//bdi[text()=\"OK\"]"}
COMMAND: POST /session/3080ab49fbb8c4e7eecdf487ecde7ebb/elements - {"using":"xpath","value":"//bdi[text()=\"OK\"]"}
RESULT: {"using":"xpath","value":"//bdi[text()=\"OK\"]"}
COMMAND: POST /session/3080ab49fbb8c4e7eecdf487ecde7ebb/elements - {"using":"xpath","value":"//bdi[text()=\"OK\"]"}
RESULT: {"using":"xpath","value":"//bdi[text()=\"OK\"]"}
COMMAND: POST /session/3080ab49fbb8c4e7eecdf487ecde7ebb/elements - {"using":"xpath","value":"//bdi[text()=\"OK\"]"}
RESULT: {"using":"xpath","value":"//bdi[text()=\"OK\"]"}
COMMAND: POST /session/3080ab49fbb8c4e7eecdf487ecde7ebb/elements - {"using":"xpath","value":"//bdi[text()=\"OK\"]"}
RESULT: {"using":"xpath","value":"//bdi[text()=\"OK\"]"}
COMMAND: POST /session/3080ab49fbb8c4e7eecdf487ecde7ebb/elements - {"using":"xpath","value":"//bdi[text()=\"OK\"]"}
RESULT: {"using":"xpath","value":"//bdi[text()=\"OK\"]"}
COMMAND: POST /session/3080ab49fbb8c4e7eecdf487ecde7ebb/elements - {"using":"xpath","value":"//bdi[text()=\"OK\"]"}
RESULT: {"using":"xpath","value":"//bdi[text()=\"OK\"]"}
COMMAND: POST /session/3080ab49fbb8c4e7eecdf487ecde7ebb/elements - {"using":"xpath","value":"//bdi[text()=\"OK\"]"}
RESULT: {"using":"xpath","value":"//bdi[text()=\"OK\"]"}
COMMAND: POST /session/3080ab49fbb8c4e7eecdf487ecde7ebb/elements - {"using":"xpath","value":"//bdi[text()=\"OK\"]"}
RESULT: {"using":"xpath","value":"//bdi[text()=\"OK\"]"}
COMMAND: POST /session/3080ab49fbb8c4e7eecdf487ecde7ebb/elements - {"using":"xpath","value":"//bdi[text()=\"OK\"]"}
RESULT: {"using":"xpath","value":"//bdi[text()=\"OK\"]"}
COMMAND: POST /session/3080ab49fbb8c4e7eecdf487ecde7ebb/elements - {"using":"xpath","value":"//bdi[text()=\"OK\"]"}
RESULT: {"using":"xpath","value":"//bdi[text()=\"OK\"]"}
COMMAND: POST /session/3080ab49fbb8c4e7eecdf487ecde7ebb/elements - {"using":"xpath","value":"//bdi[text()=\"OK\"]"}
RESULT: {"using":"xpath","value":"//bdi[text()=\"OK\"]"}
COMMAND: POST /session/3080ab49fbb8c4e7eecdf487ecde7ebb/elements - {"using":"xpath","value":"//bdi[text()=\"OK\"]"}
RESULT: {"using":"xpath","value":"//bdi[text()=\"OK\"]"}
COMMAND: POST /session/3080ab49fbb8c4e7eecdf487ecde7ebb/elements - {"using":"xpath","value":"//bdi[text()=\"OK\"]"}
RESULT: {"using":"xpath","value":"//bdi[text()=\"OK\"]"}
COMMAND: POST /session/3080ab49fbb8c4e7eecdf487ecde7ebb/elements - {"using":"xpath","value":"//bdi[text()=\"OK\"]"}
RESULT: {"using":"xpath","value":"//bdi[text()=\"OK\"]"}
COMMAND: POST /session/3080ab49fbb8c4e7eecdf487ecde7ebb/elements - {"using":"xpath","value":"//bdi[text()=\"OK\"]"}
RESULT: {"using":"xpath","value":"//bdi[text()=\"OK\"]"}
COMMAND: POST /session/3080ab49fbb8c4e7eecdf487ecde7ebb/elements - {"using":"xpath","value":"//bdi[text()=\"OK\"]"}
RESULT: {"using":"xpath","value":"//bdi[text()=\"OK\"]"}
COMMAND: POST /session/3080ab49fbb8c4e7eecdf487ecde7ebb/elements - {"using":"xpath","value":"//bdi[text()=\"OK\"]"}
RESULT: {"using":"xpath","value":"//bdi[text()=\"OK\"]"}
COMMAND: POST /session/3080ab49fbb8c4e7eecdf487ecde7ebb/elements - {"using":"xpath","value":"//bdi[text()=\"OK\"]"}
RESULT: {"using":"xpath","value":"//bdi[text()=\"OK\"]"}
COMMAND: POST /session/3080ab49fbb8c4e7eecdf487ecde7ebb/elements - {"using":"xpath","value":"//bdi[text()=\"OK\"]"}
RESULT: {"using":"xpath","value":"//bdi[text()=\"OK\"]"}
COMMAND: POST /session/3080ab49fbb8c4e7eecdf487ecde7ebb/elements - {"using":"xpath","value":"//bdi[text()=\"OK\"]"}
RESULT: {"using":"xpath","value":"//bdi[text()=\"OK\"]"}
COMMAND: POST /session/3080ab49fbb8c4e7eecdf487ecde7ebb/elements - {"using":"xpath","value":"//bdi[text()=\"OK\"]"}
RESULT: {"using":"xpath","value":"//bdi[text()=\"OK\"]"}
COMMAND: POST /session/3080ab49fbb8c4e7eecdf487ecde7ebb/elements - {"using":"xpath","value":"//bdi[text()=\"OK\"]"}
RESULT: {"using":"xpath","value":"//bdi[text()=\"OK\"]"}
COMMAND: POST /session/3080ab49fbb8c4e7eecdf487ecde7ebb/elements - {"using":"xpath","value":"//bdi[text()=\"OK\"]"}
RESULT: {"using":"xpath","value":"//bdi[text()=\"OK\"]"}
COMMAND: POST /session/3080ab49fbb8c4e7eecdf487ecde7ebb/elements - {"using":"xpath","value":"//bdi[text()=\"OK\"]"}
RESULT: {"using":"xpath","value":"//bdi[text()=\"OK\"]"}
COMMAND: POST /session/3080ab49fbb8c4e7eecdf487ecde7ebb/elements - {"using":"xpath","value":"//bdi[text()=\"OK\"]"}
RESULT: {"using":"xpath","value":"//bdi[text()=\"OK\"]"}
COMMAND: POST /session/3080ab49fbb8c4e7eecdf487ecde7ebb/elements - {"using":"xpath","value":"//bdi[text()=\"OK\"]"}
RESULT: {"using":"xpath","value":"//bdi[text()=\"OK\"]"}
COMMAND: POST /session/3080ab49fbb8c4e7eecdf487ecde7ebb/elements - {"using":"xpath","value":"//bdi[text()=\"OK\"]"}
RESULT: {"using":"xpath","value":"//bdi[text()=\"OK\"]"}
COMMAND: POST /session/3080ab49fbb8c4e7eecdf487ecde7ebb/elements - {"using":"xpath","value":"//bdi[text()=\"OK\"]"}
RESULT: {"using":"xpath","value":"//bdi[text()=\"OK\"]"}
COMMAND: POST /session/3080ab49fbb8c4e7eecdf487ecde7ebb/elements - {"using":"xpath","value":"//bdi[text()=\"OK\"]"}
RESULT: {"using":"xpath","value":"//bdi[text()=\"OK\"]"}
COMMAND: POST /session/3080ab49fbb8c4e7eecdf487ecde7ebb/elements - {"using":"xpath","value":"//bdi[text()=\"OK\"]"}
RESULT: {"using":"xpath","value":"//bdi[text()=\"OK\"]"}
COMMAND: POST /session/3080ab49fbb8c4e7eecdf487ecde7ebb/elements - {"using":"xpath","value":"//bdi[text()=\"OK\"]"}
RESULT: {"using":"xpath","value":"//bdi[text()=\"OK\"]"}
COMMAND: POST /session/3080ab49fbb8c4e7eecdf487ecde7ebb/elements - {"using":"xpath","value":"//bdi[text()=\"OK\"]"}
RESULT: {"using":"xpath","value":"//bdi[text()=\"OK\"]"}
COMMAND: POST /session/3080ab49fbb8c4e7eecdf487ecde7ebb/elements - {"using":"xpath","value":"//bdi[text()=\"OK\"]"}
RESULT: {"using":"xpath","value":"//bdi[text()=\"OK\"]"}
COMMAND: POST /session/3080ab49fbb8c4e7eecdf487ecde7ebb/elements - {"using":"xpath","value":"//bdi[text()=\"OK\"]"}
RESULT: {"using":"xpath","value":"//bdi[text()=\"OK\"]"}
COMMAND: POST /session/3080ab49fbb8c4e7eecdf487ecde7ebb/elements - {"using":"xpath","value":"//bdi[text()=\"OK\"]"}
RESULT: {"using":"xpath","value":"//bdi[text()=\"OK\"]"}
COMMAND: POST /session/3080ab49fbb8c4e7eecdf487ecde7ebb/elements - {"using":"xpath","value":"//bdi[text()=\"OK\"]"}
RESULT: {"using":"xpath","value":"//bdi[text()=\"OK\"]"}
COMMAND: POST /session/3080ab49fbb8c4e7eecdf487ecde7ebb/elements - {"using":"xpath","value":"//bdi[text()=\"OK\"]"}
RESULT: {"using":"xpath","value":"//bdi[text()=\"OK\"]"}
COMMAND: POST /session/3080ab49fbb8c4e7eecdf487ecde7ebb/elements - {"using":"xpath","value":"//bdi[text()=\"OK\"]"}
RESULT: {"using":"xpath","value":"//bdi[text()=\"OK\"]"}
COMMAND: POST /session/3080ab49fbb8c4e7eecdf487ecde7ebb/elements - {"using":"xpath","value":"//bdi[text()=\"OK\"]"}
RESULT: {"using":"xpath","value":"//bdi[text()=\"OK\"]"}
COMMAND: POST /session/3080ab49fbb8c4e7eecdf487ecde7ebb/elements - {"using":"xpath","value":"//bdi[text()=\"OK\"]"}
RESULT: {"using":"xpath","value":"//bdi[text()=\"OK\"]"}
COMMAND: POST /session/3080ab49fbb8c4e7eecdf487ecde7ebb/elements - {"using":"xpath","value":"//bdi[text()=\"OK\"]"}
RESULT: {"using":"xpath","value":"//bdi[text()=\"OK\"]"}
COMMAND: POST /session/3080ab49fbb8c4e7eecdf487ecde7ebb/elements - {"using":"xpath","value":"//bdi[text()=\"OK\"]"}
RESULT: {"using":"xpath","value":"//bdi[text()=\"OK\"]"}
COMMAND: POST /session/3080ab49fbb8c4e7eecdf487ecde7ebb/elements - {"using":"xpath","value":"//bdi[text()=\"OK\"]"}
RESULT: {"using":"xpath","value":"//bdi[text()=\"OK\"]"}
COMMAND: POST /session/3080ab49fbb8c4e7eecdf487ecde7ebb/elements - {"using":"xpath","value":"//bdi[text()=\"OK\"]"}
RESULT: {"using":"xpath","value":"//bdi[text()=\"OK\"]"}
COMMAND: POST /session/3080ab49fbb8c4e7eecdf487ecde7ebb/elements - {"using":"xpath","value":"//bdi[text()=\"OK\"]"}
RESULT: {"using":"xpath","value":"//bdi[text()=\"OK\"]"}
COMMAND: POST /session/3080ab49fbb8c4e7eecdf487ecde7ebb/execute/async - {"script":"<script> [1562 bytes]","args":[{"selector":{"id":"application-manageresources-display-component---newResourceUnit--TYPE-arrow"},"wdio_ui5_key":"applicationmanageresources-display-component---newResourceUnit--TYPE-arrow"}]}
RESULT: {"script":"<script> [1562 bytes]","args":[{"selector":{"id":"application-manageresources-display-component---newResourceUnit--TYPE-arrow"},"wdio_ui5_key":"applicationmanageresources-display-component---newResourceUnit--TYPE-arrow"}]}
RESULT: undefined
COMMAND: POST /session/3080ab49fbb8c4e7eecdf487ecde7ebb/element - {"using":"xpath","value":"//*[@id=\"application-manageresources-display-component---newResourceUnit--TYPE-arrow\"]"}
RESULT: {"using":"xpath","value":"//*[@id=\"application-manageresources-display-component---newResourceUnit--TYPE-arrow\"]"}
COMMAND: POST /session/3080ab49fbb8c4e7eecdf487ecde7ebb/element/f.73CD6E590336CA8913C659C97A11067A.d.334BFE85BE870C0C131045F00BA5BE6D.e.8221/click - {}
RESULT: {}
COMMAND: POST /session/3080ab49fbb8c4e7eecdf487ecde7ebb/execute/async - {"script":"<script> [1562 bytes]","args":[{"selector":{"controlType":"sap.m.StandardListItem","viewName":"reusables.view.manageresources.NewResourceUnit","viewId":"application-manageresources-display-component---newResourceUnit","properties":{"title":"Equipment"},"searchOpenDialogs":true,"interaction":{"idSuffix":"content"}},"wdio_ui5_key":"reusablesview.manageresources.NewResourceUnitsap.m.StandardListItem{\"title\":\"Equipment\"}"}]}
COMMAND: GET /session/3080ab49fbb8c4e7eecdf487ecde7ebb/screenshot - {}
RESULT: {"script":"<script> [1562 bytes]","args":[{"selector":{"controlType":"sap.m.StandardListItem","viewName":"reusables.view.manageresources.NewResourceUnit","viewId":"application-manageresources-display-component---newResourceUnit","properties":{"title":"Equipment"},"searchOpenDialogs":true,"interaction":{"idSuffix":"content"}},"wdio_ui5_key":"reusablesview.manageresources.NewResourceUnitsap.m.StandardListItem{\"title\":\"Equipment\"}"}]}
RESULT: undefined
COMMAND: POST /session/3080ab49fbb8c4e7eecdf487ecde7ebb/element - {"using":"xpath","value":"//*[@id=\"__item143\"]"}
RESULT: {}
RESULT: {"using":"xpath","value":"//*[@id=\"__item143\"]"}
COMMAND: POST /session/3080ab49fbb8c4e7eecdf487ecde7ebb/element/f.73CD6E590336CA8913C659C97A11067A.d.334BFE85BE870C0C131045F00BA5BE6D.e.8224/click - {}
RESULT: {}
COMMAND: POST /session/3080ab49fbb8c4e7eecdf487ecde7ebb/execute/async - {"script":"<script> [1562 bytes]","args":[{"selector":{"id":"application-manageresources-display-component---newResourceUnit--resourceId","interaction":{"idSuffix":"inner"}},"wdio_ui5_key":"applicationmanageresources-display-component---newResourceUnit--resourceId"}]}
COMMAND: GET /session/3080ab49fbb8c4e7eecdf487ecde7ebb/screenshot - {}
RESULT: {"script":"<script> [1562 bytes]","args":[{"selector":{"id":"application-manageresources-display-component---newResourceUnit--resourceId","interaction":{"idSuffix":"inner"}},"wdio_ui5_key":"applicationmanageresources-display-component---newResourceUnit--resourceId"}]}
RESULT: undefined
COMMAND: POST /session/3080ab49fbb8c4e7eecdf487ecde7ebb/execute/async - {"script":"<script> [776 bytes]","args":[{"enterText":"EquipmentCounter r6egp","selector":{"id":"application-manageresources-display-component---newResourceUnit--resourceId","interaction":{"idSuffix":"inner"}},"clearTextFirst":true,"interactionType":"ENTER_TEXT"}]}
RESULT: {}
RESULT: {"script":"<script> [776 bytes]","args":[{"enterText":"EquipmentCounter r6egp","selector":{"id":"application-manageresources-display-component---newResourceUnit--resourceId","interaction":{"idSuffix":"inner"}},"clearTextFirst":true,"interactionType":"ENTER_TEXT"}]}
COMMAND: POST /session/3080ab49fbb8c4e7eecdf487ecde7ebb/execute/async - {"script":"<script> [1562 bytes]","args":[{"selector":{"id":"application-manageresources-display-component---newResourceUnit--SHORT_TEXT","interaction":{"idSuffix":"inner"}},"wdio_ui5_key":"applicationmanageresources-display-component---newResourceUnit--SHORT_TEXT"}]}
RESULT: {"script":"<script> [1562 bytes]","args":[{"selector":{"id":"application-manageresources-display-component---newResourceUnit--SHORT_TEXT","interaction":{"idSuffix":"inner"}},"wdio_ui5_key":"applicationmanageresources-display-component---newResourceUnit--SHORT_TEXT"}]}
RESULT: undefined
COMMAND: POST /session/3080ab49fbb8c4e7eecdf487ecde7ebb/execute/async - {"script":"<script> [776 bytes]","args":[{"enterText":"EquipmentCounter r6egp","selector":{"id":"application-manageresources-display-component---newResourceUnit--SHORT_TEXT","interaction":{"idSuffix":"inner"}},"clearTextFirst":true,"interactionType":"ENTER_TEXT"}]}
RESULT: {"script":"<script> [776 bytes]","args":[{"enterText":"EquipmentCounter r6egp","selector":{"id":"application-manageresources-display-component---newResourceUnit--SHORT_TEXT","interaction":{"idSuffix":"inner"}},"clearTextFirst":true,"interactionType":"ENTER_TEXT"}]}
COMMAND: POST /session/3080ab49fbb8c4e7eecdf487ecde7ebb/execute/async - {"script":"<script> [1562 bytes]","args":[{"selector":{"id":"application-manageresources-display-component---newResourceUnit--BASE_UNIT_OF_MEASURE","interaction":{"idSuffix":"inner"}},"wdio_ui5_key":"applicationmanageresources-display-component---newResourceUnit--BASE_UNIT_OF_MEASURE"}]}
RESULT: {"script":"<script> [1562 bytes]","args":[{"selector":{"id":"application-manageresources-display-component---newResourceUnit--BASE_UNIT_OF_MEASURE","interaction":{"idSuffix":"inner"}},"wdio_ui5_key":"applicationmanageresources-display-component---newResourceUnit--BASE_UNIT_OF_MEASURE"}]}
RESULT: undefined
COMMAND: POST /session/3080ab49fbb8c4e7eecdf487ecde7ebb/execute/async - {"script":"<script> [776 bytes]","args":[{"enterText":"Piece","selector":{"id":"application-manageresources-display-component---newResourceUnit--BASE_UNIT_OF_MEASURE","interaction":{"idSuffix":"inner"}},"clearTextFirst":true,"interactionType":"ENTER_TEXT"}]}
RESULT: {"script":"<script> [776 bytes]","args":[{"enterText":"Piece","selector":{"id":"application-manageresources-display-component---newResourceUnit--BASE_UNIT_OF_MEASURE","interaction":{"idSuffix":"inner"}},"clearTextFirst":true,"interactionType":"ENTER_TEXT"}]}
COMMAND: POST /session/3080ab49fbb8c4e7eecdf487ecde7ebb/execute/async - {"script":"<script> [1562 bytes]","args":[{"selector":{"id":"application-manageresources-display-component---newResourceUnit--WEIGHT_UNIT","interaction":{"idSuffix":"inner"}},"wdio_ui5_key":"applicationmanageresources-display-component---newResourceUnit--WEIGHT_UNIT"}]}
RESULT: {"script":"<script> [1562 bytes]","args":[{"selector":{"id":"application-manageresources-display-component---newResourceUnit--WEIGHT_UNIT","interaction":{"idSuffix":"inner"}},"wdio_ui5_key":"applicationmanageresources-display-component---newResourceUnit--WEIGHT_UNIT"}]}
RESULT: undefined
COMMAND: POST /session/3080ab49fbb8c4e7eecdf487ecde7ebb/execute/async - {"script":"<script> [776 bytes]","args":[{"enterText":"Gram","selector":{"id":"application-manageresources-display-component---newResourceUnit--WEIGHT_UNIT","interaction":{"idSuffix":"inner"}},"clearTextFirst":true,"interactionType":"ENTER_TEXT"}]}
RESULT: {"script":"<script> [776 bytes]","args":[{"enterText":"Gram","selector":{"id":"application-manageresources-display-component---newResourceUnit--WEIGHT_UNIT","interaction":{"idSuffix":"inner"}},"clearTextFirst":true,"interactionType":"ENTER_TEXT"}]}
COMMAND: POST /session/3080ab49fbb8c4e7eecdf487ecde7ebb/execute/async - {"script":"<script> [1562 bytes]","args":[{"selector":{"id":"application-manageresources-display-component---newResourceUnit--newRRUPage-OPHeaderContent-collapseBtn-img"},"wdio_ui5_key":"applicationmanageresources-display-component---newResourceUnit--newRRUPage-OPHeaderContent-collapseBtn-img"}]}
RESULT: {"script":"<script> [1562 bytes]","args":[{"selector":{"id":"application-manageresources-display-component---newResourceUnit--newRRUPage-OPHeaderContent-collapseBtn-img"},"wdio_ui5_key":"applicationmanageresources-display-component---newResourceUnit--newRRUPage-OPHeaderContent-collapseBtn-img"}]}
RESULT: undefined
COMMAND: POST /session/3080ab49fbb8c4e7eecdf487ecde7ebb/element - {"using":"xpath","value":"//*[@id=\"application-manageresources-display-component---newResourceUnit--newRRUPage-OPHeaderContent-collapseBtn-img\"]"}
RESULT: {"using":"xpath","value":"//*[@id=\"application-manageresources-display-component---newResourceUnit--newRRUPage-OPHeaderContent-collapseBtn-img\"]"}
COMMAND: POST /session/3080ab49fbb8c4e7eecdf487ecde7ebb/element/f.73CD6E590336CA8913C659C97A11067A.d.334BFE85BE870C0C131045F00BA5BE6D.e.8232/click - {}
RESULT: {}
COMMAND: GET /session/3080ab49fbb8c4e7eecdf487ecde7ebb/screenshot - {}
RESULT: {}
COMMAND: POST /session/3080ab49fbb8c4e7eecdf487ecde7ebb/element - {"using":"xpath","value":"(//span[contains(@id ,\"application-manageresources-display-component---newResourceUnit--DIMENSION_UNIT-arrow\")])[1]"}
RESULT: {"using":"xpath","value":"(//span[contains(@id ,\"application-manageresources-display-component---newResourceUnit--DIMENSION_UNIT-arrow\")])[1]"}
COMMAND: POST /session/3080ab49fbb8c4e7eecdf487ecde7ebb/element/f.73CD6E590336CA8913C659C97A11067A.d.334BFE85BE870C0C131045F00BA5BE6D.e.8381/click - {}
RESULT: {}
COMMAND: GET /session/3080ab49fbb8c4e7eecdf487ecde7ebb/screenshot - {}
RESULT: {}
COMMAND: POST /session/3080ab49fbb8c4e7eecdf487ecde7ebb/execute/async - {"script":"<script> [1562 bytes]","args":[{"selector":{"controlType":"sap.m.StandardListItem","viewName":"reusables.view.manageresources.NewResourceUnit","viewId":"application-manageresources-display-component---newResourceUnit","properties":{"title":"Centimeter"},"searchOpenDialogs":true,"interaction":{"idSuffix":"titleText"}},"wdio_ui5_key":"reusablesview.manageresources.NewResourceUnitsap.m.StandardListItem{\"title\":\"Centimeter\"}"}]}
RESULT: {"script":"<script> [1562 bytes]","args":[{"selector":{"controlType":"sap.m.StandardListItem","viewName":"reusables.view.manageresources.NewResourceUnit","viewId":"application-manageresources-display-component---newResourceUnit","properties":{"title":"Centimeter"},"searchOpenDialogs":true,"interaction":{"idSuffix":"titleText"}},"wdio_ui5_key":"reusablesview.manageresources.NewResourceUnitsap.m.StandardListItem{\"title\":\"Centimeter\"}"}]}
RESULT: undefined
COMMAND: POST /session/3080ab49fbb8c4e7eecdf487ecde7ebb/element - {"using":"xpath","value":"//*[@id=\"__item203\"]"}
RESULT: {"using":"xpath","value":"//*[@id=\"__item203\"]"}
COMMAND: POST /session/3080ab49fbb8c4e7eecdf487ecde7ebb/element/f.73CD6E590336CA8913C659C97A11067A.d.334BFE85BE870C0C131045F00BA5BE6D.e.8385/click - {}
RESULT: {}
COMMAND: GET /session/3080ab49fbb8c4e7eecdf487ecde7ebb/screenshot - {}
RESULT: {}
COMMAND: POST /session/3080ab49fbb8c4e7eecdf487ecde7ebb/execute/async - {"script":"<script> [1562 bytes]","args":[{"selector":{"id":"application-manageresources-display-component---newResourceUnit--newRRUPage-anchBar-application-manageresources-display-component---newResourceUnit--control-anchor","interaction":{"idSuffix":"BDI-content"}},"wdio_ui5_key":"applicationmanageresources-display-component---newResourceUnit--newRRUPage-anchBar-application-manageresources-display-component---newResourceUnit--control-anchor"}]}
RESULT: {"script":"<script> [1562 bytes]","args":[{"selector":{"id":"application-manageresources-display-component---newResourceUnit--newRRUPage-anchBar-application-manageresources-display-component---newResourceUnit--control-anchor","interaction":{"idSuffix":"BDI-content"}},"wdio_ui5_key":"applicationmanageresources-display-component---newResourceUnit--newRRUPage-anchBar-application-manageresources-display-component---newResourceUnit--control-anchor"}]}
RESULT: undefined
COMMAND: POST /session/3080ab49fbb8c4e7eecdf487ecde7ebb/element - {"using":"xpath","value":"//*[@id=\"application-manageresources-display-component---newResourceUnit--newRRUPage-anchBar-application-manageresources-display-component---newResourceUnit--control-anchor\"]"}
RESULT: {"using":"xpath","value":"//*[@id=\"application-manageresources-display-component---newResourceUnit--newRRUPage-anchBar-application-manageresources-display-component---newResourceUnit--control-anchor\"]"}
COMMAND: POST /session/3080ab49fbb8c4e7eecdf487ecde7ebb/element/f.73CD6E590336CA8913C659C97A11067A.d.334BFE85BE870C0C131045F00BA5BE6D.e.8387/click - {}
RESULT: {}
COMMAND: POST /session/3080ab49fbb8c4e7eecdf487ecde7ebb/execute/async - {"script":"<script> [1562 bytes]","args":[{"selector":{"id":"application-manageresources-display-component---newResourceUnit--PLANNING_GROUP","interaction":{"idSuffix":"inner"}},"wdio_ui5_key":"applicationmanageresources-display-component---newResourceUnit--PLANNING_GROUP"}]}
COMMAND: GET /session/3080ab49fbb8c4e7eecdf487ecde7ebb/screenshot - {}
RESULT: {"script":"<script> [1562 bytes]","args":[{"selector":{"id":"application-manageresources-display-component---newResourceUnit--PLANNING_GROUP","interaction":{"idSuffix":"inner"}},"wdio_ui5_key":"applicationmanageresources-display-component---newResourceUnit--PLANNING_GROUP"}]}
RESULT: undefined
COMMAND: POST /session/3080ab49fbb8c4e7eecdf487ecde7ebb/execute/async - {"script":"<script> [776 bytes]","args":[{"enterText":"Heavy Equi","selector":{"id":"application-manageresources-display-component---newResourceUnit--PLANNING_GROUP","interaction":{"idSuffix":"inner"}},"clearTextFirst":true,"interactionType":"ENTER_TEXT"}]}
RESULT: {}
RESULT: {"script":"<script> [776 bytes]","args":[{"enterText":"Heavy Equi","selector":{"id":"application-manageresources-display-component---newResourceUnit--PLANNING_GROUP","interaction":{"idSuffix":"inner"}},"clearTextFirst":true,"interactionType":"ENTER_TEXT"}]}
COMMAND: POST /session/3080ab49fbb8c4e7eecdf487ecde7ebb/execute/async - {"script":"<script> [1562 bytes]","args":[{"selector":{"id":"application-manageresources-display-component---newResourceUnit--ITEM_TYPE-arrow"},"wdio_ui5_key":"applicationmanageresources-display-component---newResourceUnit--ITEM_TYPE-arrow"}]}
RESULT: {"script":"<script> [1562 bytes]","args":[{"selector":{"id":"application-manageresources-display-component---newResourceUnit--ITEM_TYPE-arrow"},"wdio_ui5_key":"applicationmanageresources-display-component---newResourceUnit--ITEM_TYPE-arrow"}]}
RESULT: undefined
COMMAND: POST /session/3080ab49fbb8c4e7eecdf487ecde7ebb/element - {"using":"xpath","value":"//*[@id=\"application-manageresources-display-component---newResourceUnit--ITEM_TYPE-arrow\"]"}
RESULT: {"using":"xpath","value":"//*[@id=\"application-manageresources-display-component---newResourceUnit--ITEM_TYPE-arrow\"]"}
COMMAND: POST /session/3080ab49fbb8c4e7eecdf487ecde7ebb/element/f.73CD6E590336CA8913C659C97A11067A.d.334BFE85BE870C0C131045F00BA5BE6D.e.8392/click - {}
RESULT: {}
COMMAND: POST /session/3080ab49fbb8c4e7eecdf487ecde7ebb/execute/async - {"script":"<script> [1562 bytes]","args":[{"selector":{"controlType":"sap.m.StandardListItem","viewName":"reusables.view.manageresources.NewResourceUnit","viewId":"application-manageresources-display-component---newResourceUnit","properties":{"title":"Resource Unit"},"searchOpenDialogs":true,"interaction":{"idSuffix":"titleText"}},"wdio_ui5_key":"reusablesview.manageresources.NewResourceUnitsap.m.StandardListItem{\"title\":\"Resource Unit\"}"}]}
COMMAND: GET /session/3080ab49fbb8c4e7eecdf487ecde7ebb/screenshot - {}
RESULT: {"script":"<script> [1562 bytes]","args":[{"selector":{"controlType":"sap.m.StandardListItem","viewName":"reusables.view.manageresources.NewResourceUnit","viewId":"application-manageresources-display-component---newResourceUnit","properties":{"title":"Resource Unit"},"searchOpenDialogs":true,"interaction":{"idSuffix":"titleText"}},"wdio_ui5_key":"reusablesview.manageresources.NewResourceUnitsap.m.StandardListItem{\"title\":\"Resource Unit\"}"}]}
RESULT: undefined
COMMAND: POST /session/3080ab49fbb8c4e7eecdf487ecde7ebb/element - {"using":"xpath","value":"//*[@id=\"__item225\"]"}
RESULT: {}
RESULT: {"using":"xpath","value":"//*[@id=\"__item225\"]"}
COMMAND: POST /session/3080ab49fbb8c4e7eecdf487ecde7ebb/element/f.73CD6E590336CA8913C659C97A11067A.d.334BFE85BE870C0C131045F00BA5BE6D.e.8394/click - {}
RESULT: {}
COMMAND: POST /session/3080ab49fbb8c4e7eecdf487ecde7ebb/element - {"using":"xpath","value":"//bdi[contains(text(), \"Time Segment\")]"}
COMMAND: GET /session/3080ab49fbb8c4e7eecdf487ecde7ebb/screenshot - {}
RESULT: {"using":"xpath","value":"//bdi[contains(text(), \"Time Segment\")]"}
COMMAND: GET /session/3080ab49fbb8c4e7eecdf487ecde7ebb/element/f.73CD6E590336CA8913C659C97A11067A.d.334BFE85BE870C0C131045F00BA5BE6D.e.8402/rect - {}
RESULT: {}
RESULT: {}
COMMAND: GET /session/3080ab49fbb8c4e7eecdf487ecde7ebb/window/rect - {}
RESULT: {}
COMMAND: POST /session/3080ab49fbb8c4e7eecdf487ecde7ebb/execute/sync - {"script":"<script> [92 bytes]","args":[]}
RESULT: {"script":"<script> [92 bytes]","args":[]}
COMMAND: POST /session/3080ab49fbb8c4e7eecdf487ecde7ebb/actions - {"actions":[{"id":"action20","type":"wheel","parameters":{},"actions":[{"type":"scroll","x":-1820,"y":-21,"deltaX":0,"deltaY":0,"duration":0,"origin":{"element-6066-11e4-a52e-4f735466cecf":"f.73CD6E590336CA8913C659C97A11067A.d.334BFE85BE870C0C131045F00BA5BE6D.e.8402"}}]}]}
COMMAND: GET /session/3080ab49fbb8c4e7eecdf487ecde7ebb/screenshot - {}
RESULT: {}
COMMAND: POST /session/3080ab49fbb8c4e7eecdf487ecde7ebb/execute/sync - {"script":"<script> [79 bytes]","args":[{"element-6066-11e4-a52e-4f735466cecf":"f.73CD6E590336CA8913C659C97A11067A.d.334BFE85BE870C0C131045F00BA5BE6D.e.8402","ELEMENT":"f.73CD6E590336CA8913C659C97A11067A.d.334BFE85BE870C0C131045F00BA5BE6D.e.8402"},{"block":"start","inline":"nearest"}]}
RESULT: {"script":"<script> [79 bytes]","args":[{"element-6066-11e4-a52e-4f735466cecf":"f.73CD6E590336CA8913C659C97A11067A.d.334BFE85BE870C0C131045F00BA5BE6D.e.8402","ELEMENT":"f.73CD6E590336CA8913C659C97A11067A.d.334BFE85BE870C0C131045F00BA5BE6D.e.8402"},{"block":"start","inline":"nearest"}]}
COMMAND: POST /session/3080ab49fbb8c4e7eecdf487ecde7ebb/execute/async - {"script":"<script> [1562 bytes]","args":[{"selector":{"id":"application-manageresources-display-component---newResourceUnit--btnAddTimeSegment-img"},"wdio_ui5_key":"applicationmanageresources-display-component---newResourceUnit--btnAddTimeSegment-img"}]}
COMMAND: GET /session/3080ab49fbb8c4e7eecdf487ecde7ebb/screenshot - {}
RESULT: {"script":"<script> [1562 bytes]","args":[{"selector":{"id":"application-manageresources-display-component---newResourceUnit--btnAddTimeSegment-img"},"wdio_ui5_key":"applicationmanageresources-display-component---newResourceUnit--btnAddTimeSegment-img"}]}
RESULT: undefined
COMMAND: POST /session/3080ab49fbb8c4e7eecdf487ecde7ebb/element - {"using":"xpath","value":"//*[@id=\"application-manageresources-display-component---newResourceUnit--btnAddTimeSegment-img\"]"}
RESULT: {}
RESULT: {"using":"xpath","value":"//*[@id=\"application-manageresources-display-component---newResourceUnit--btnAddTimeSegment-img\"]"}
COMMAND: POST /session/3080ab49fbb8c4e7eecdf487ecde7ebb/element/f.73CD6E590336CA8913C659C97A11067A.d.334BFE85BE870C0C131045F00BA5BE6D.e.8403/click - {}
RESULT: {}
COMMAND: POST /session/3080ab49fbb8c4e7eecdf487ecde7ebb/element - {"using":"xpath","value":"//input[@id=\"application-manageresources-display-component---newResourceUnit--idRuTSAdmin-application-manageresources-display-component---newResourceUnit--RUTimeSegment-0-inner\"]"}
COMMAND: GET /session/3080ab49fbb8c4e7eecdf487ecde7ebb/screenshot - {}
RESULT: {"using":"xpath","value":"//input[@id=\"application-manageresources-display-component---newResourceUnit--idRuTSAdmin-application-manageresources-display-component---newResourceUnit--RUTimeSegment-0-inner\"]"}
COMMAND: POST /session/3080ab49fbb8c4e7eecdf487ecde7ebb/element/f.73CD6E590336CA8913C659C97A11067A.d.334BFE85BE870C0C131045F00BA5BE6D.e.8408/clear - {}
RESULT: {}
RESULT: {}
COMMAND: POST /session/3080ab49fbb8c4e7eecdf487ecde7ebb/element/f.73CD6E590336CA8913C659C97A11067A.d.334BFE85BE870C0C131045F00BA5BE6D.e.8408/value - {"text":"Webdriver Yard"}
COMMAND: GET /session/3080ab49fbb8c4e7eecdf487ecde7ebb/screenshot - {}
RESULT: {"text":"Webdriver Yard"}
COMMAND: GET /session/3080ab49fbb8c4e7eecdf487ecde7ebb/screenshot - {}
RESULT: {}
RESULT: {}
COMMAND: POST /session/3080ab49fbb8c4e7eecdf487ecde7ebb/actions - {"actions":[{"id":"action21","type":"key","parameters":{},"actions":[{"type":"keyDown","value":""},{"type":"pause","duration":10},{"type":"keyUp","value":""}]}]}
RESULT: {"actions":[{"id":"action21","type":"key","parameters":{},"actions":[{"type":"keyDown","value":""},{"type":"pause","duration":10},{"type":"keyUp","value":""}]}]}
COMMAND: POST /session/3080ab49fbb8c4e7eecdf487ecde7ebb/execute/async - {"script":"<script> [1562 bytes]","args":[{"selector":{"controlType":"sap.ui.core.Icon","viewName":"reusables.view.manageresources.NewResourceUnit","viewId":"application-manageresources-display-component---newResourceUnit","properties":{"src":{"regex":{"source":"slim\\-arrow\\-down"}}},"ancestor":{"controlType":"sap.m.ComboBox","viewName":"reusables.view.manageresources.NewResourceUnit","viewId":"application-manageresources-display-component---newResourceUnit","bindingPath":{"path":"/RESOURCE_UNIT_TIME_SEQUENCES/0","propertyPath":"COST_OBJECT_ADMIN_CST_TYPE","modelName":"oNewRruModel"}}},"wdio_ui5_key":"reusablesview.manageresources.NewResourceUnitsap.ui.core.Icon{\"src\":{\"regex\":{\"source\":\"slim\\\\-arrow\\\\-down\"}}}{\"controlType\":\"sap.m.ComboBox\",\"viewName\":\"reusables.view.manageresources.NewResourceUnit\",\"viewId\":\"application-manageresources-display-component---newResourceUnit\",\"bindingPath\":{\"path\":\"/RESOURCE_UNIT_TIME_SEQUENCES/0\",\"propertyPath\":\"COST_OBJECT_ADMIN_CST_TYPE\",\"modelName\":\"oNewRruModel\"}}"}]}
COMMAND: GET /session/3080ab49fbb8c4e7eecdf487ecde7ebb/screenshot - {}
RESULT: {"script":"<script> [1562 bytes]","args":[{"selector":{"controlType":"sap.ui.core.Icon","viewName":"reusables.view.manageresources.NewResourceUnit","viewId":"application-manageresources-display-component---newResourceUnit","properties":{"src":{"regex":{"source":"slim\\-arrow\\-down"}}},"ancestor":{"controlType":"sap.m.ComboBox","viewName":"reusables.view.manageresources.NewResourceUnit","viewId":"application-manageresources-display-component---newResourceUnit","bindingPath":{"path":"/RESOURCE_UNIT_TIME_SEQUENCES/0","propertyPath":"COST_OBJECT_ADMIN_CST_TYPE","modelName":"oNewRruModel"}}},"wdio_ui5_key":"reusablesview.manageresources.NewResourceUnitsap.ui.core.Icon{\"src\":{\"regex\":{\"source\":\"slim\\\\-arrow\\\\-down\"}}}{\"controlType\":\"sap.m.ComboBox\",\"viewName\":\"reusables.view.manageresources.NewResourceUnit\",\"viewId\":\"application-manageresources-display-component---newResourceUnit\",\"bindingPath\":{\"path\":\"/RESOURCE_UNIT_TIME_SEQUENCES/0\",\"propertyPath\":\"COST_OBJECT_ADMIN_CST_TYPE\",\"modelName\":\"oNewRruModel\"}}"}]}
RESULT: undefined
COMMAND: POST /session/3080ab49fbb8c4e7eecdf487ecde7ebb/element - {"using":"xpath","value":"//*[@id=\"__box4-application-manageresources-display-component---newResourceUnit--RUTimeSegment-0-arrow\"]"}
RESULT: {}
RESULT: {"using":"xpath","value":"//*[@id=\"__box4-application-manageresources-display-component---newResourceUnit--RUTimeSegment-0-arrow\"]"}
COMMAND: POST /session/3080ab49fbb8c4e7eecdf487ecde7ebb/element/f.73CD6E590336CA8913C659C97A11067A.d.334BFE85BE870C0C131045F00BA5BE6D.e.8422/click - {}
RESULT: {}
COMMAND: POST /session/3080ab49fbb8c4e7eecdf487ecde7ebb/execute/async - {"script":"<script> [1562 bytes]","args":[{"selector":{"controlType":"sap.m.StandardListItem","viewName":"reusables.view.manageresources.NewResourceUnit","viewId":"application-manageresources-display-component---newResourceUnit","properties":{"title":"PM Order"},"searchOpenDialogs":true,"interaction":{"idSuffix":"titleText"}},"wdio_ui5_key":"reusablesview.manageresources.NewResourceUnitsap.m.StandardListItem{\"title\":\"PM Order\"}"}]}
COMMAND: GET /session/3080ab49fbb8c4e7eecdf487ecde7ebb/screenshot - {}
RESULT: {"script":"<script> [1562 bytes]","args":[{"selector":{"controlType":"sap.m.StandardListItem","viewName":"reusables.view.manageresources.NewResourceUnit","viewId":"application-manageresources-display-component---newResourceUnit","properties":{"title":"PM Order"},"searchOpenDialogs":true,"interaction":{"idSuffix":"titleText"}},"wdio_ui5_key":"reusablesview.manageresources.NewResourceUnitsap.m.StandardListItem{\"title\":\"PM Order\"}"}]}
RESULT: undefined
COMMAND: POST /session/3080ab49fbb8c4e7eecdf487ecde7ebb/element - {"using":"xpath","value":"//*[@id=\"__item607\"]"}
RESULT: {}
RESULT: {"using":"xpath","value":"//*[@id=\"__item607\"]"}
COMMAND: POST /session/3080ab49fbb8c4e7eecdf487ecde7ebb/element/f.73CD6E590336CA8913C659C97A11067A.d.334BFE85BE870C0C131045F00BA5BE6D.e.8426/click - {}
RESULT: {}
COMMAND: GET /session/3080ab49fbb8c4e7eecdf487ecde7ebb/screenshot - {}
RESULT: {}
COMMAND: POST /session/3080ab49fbb8c4e7eecdf487ecde7ebb/element - {"using":"xpath","value":"(//input[contains(@id ,\"-application-manageresources-display-component---newResourceUnit--RUTimeSegment-0-inner\")])[8]"}
RESULT: {"using":"xpath","value":"(//input[contains(@id ,\"-application-manageresources-display-component---newResourceUnit--RUTimeSegment-0-inner\")])[8]"}
COMMAND: POST /session/3080ab49fbb8c4e7eecdf487ecde7ebb/element/f.73CD6E590336CA8913C659C97A11067A.d.334BFE85BE870C0C131045F00BA5BE6D.e.8429/clear - {}
RESULT: {}
COMMAND: POST /session/3080ab49fbb8c4e7eecdf487ecde7ebb/element/f.73CD6E590336CA8913C659C97A11067A.d.334BFE85BE870C0C131045F00BA5BE6D.e.8429/value - {"text":"4000360"}
COMMAND: GET /session/3080ab49fbb8c4e7eecdf487ecde7ebb/screenshot - {}
RESULT: {"text":"4000360"}
COMMAND: GET /session/3080ab49fbb8c4e7eecdf487ecde7ebb/screenshot - {}
RESULT: {}
RESULT: {}
COMMAND: POST /session/3080ab49fbb8c4e7eecdf487ecde7ebb/actions - {"actions":[{"id":"action22","type":"key","parameters":{},"actions":[{"type":"keyDown","value":""},{"type":"pause","duration":10},{"type":"keyUp","value":""}]}]}
RESULT: {"actions":[{"id":"action22","type":"key","parameters":{},"actions":[{"type":"keyDown","value":""},{"type":"pause","duration":10},{"type":"keyUp","value":""}]}]}
COMMAND: GET /session/3080ab49fbb8c4e7eecdf487ecde7ebb/screenshot - {}
RESULT: {}
COMMAND: POST /session/3080ab49fbb8c4e7eecdf487ecde7ebb/execute/async - {"script":"<script> [1562 bytes]","args":[{"selector":{"id":"application-manageresources-display-component---newResourceUnit--newTimeSegmentDateRangePicker-application-manageresources-display-component---newResourceUnit--RUTimeSegment-0","interaction":{"idSuffix":"inner"}},"wdio_ui5_key":"applicationmanageresources-display-component---newResourceUnit--newTimeSegmentDateRangePicker-application-manageresources-display-component---newResourceUnit--RUTimeSegment-0"}]}
RESULT: {"script":"<script> [1562 bytes]","args":[{"selector":{"id":"application-manageresources-display-component---newResourceUnit--newTimeSegmentDateRangePicker-application-manageresources-display-component---newResourceUnit--RUTimeSegment-0","interaction":{"idSuffix":"inner"}},"wdio_ui5_key":"applicationmanageresources-display-component---newResourceUnit--newTimeSegmentDateRangePicker-application-manageresources-display-component---newResourceUnit--RUTimeSegment-0"}]}
RESULT: undefined
COMMAND: POST /session/3080ab49fbb8c4e7eecdf487ecde7ebb/execute/async - {"script":"<script> [1562 bytes]","args":[{"selector":{"id":"application-manageresources-display-component---newResourceUnit--newRRUPage-anchBar-application-manageresources-display-component---newResourceUnit--resource-anchor","interaction":{"idSuffix":"BDI-content"}},"wdio_ui5_key":"applicationmanageresources-display-component---newResourceUnit--newRRUPage-anchBar-application-manageresources-display-component---newResourceUnit--resource-anchor"}]}
RESULT: {"script":"<script> [1562 bytes]","args":[{"selector":{"id":"application-manageresources-display-component---newResourceUnit--newRRUPage-anchBar-application-manageresources-display-component---newResourceUnit--resource-anchor","interaction":{"idSuffix":"BDI-content"}},"wdio_ui5_key":"applicationmanageresources-display-component---newResourceUnit--newRRUPage-anchBar-application-manageresources-display-component---newResourceUnit--resource-anchor"}]}
RESULT: undefined
COMMAND: POST /session/3080ab49fbb8c4e7eecdf487ecde7ebb/element - {"using":"xpath","value":"//*[@id=\"application-manageresources-display-component---newResourceUnit--newRRUPage-anchBar-application-manageresources-display-component---newResourceUnit--resource-anchor\"]"}
RESULT: {"using":"xpath","value":"//*[@id=\"application-manageresources-display-component---newResourceUnit--newRRUPage-anchBar-application-manageresources-display-component---newResourceUnit--resource-anchor\"]"}
COMMAND: POST /session/3080ab49fbb8c4e7eecdf487ecde7ebb/element/f.73CD6E590336CA8913C659C97A11067A.d.334BFE85BE870C0C131045F00BA5BE6D.e.8448/click - {}
RESULT: {}
COMMAND: POST /session/3080ab49fbb8c4e7eecdf487ecde7ebb/execute/async - {"script":"<script> [1562 bytes]","args":[{"selector":{"id":"application-manageresources-display-component---newResourceUnit--PLANNED_DELIVERY_DATE","interaction":{"idSuffix":"inner"}},"wdio_ui5_key":"applicationmanageresources-display-component---newResourceUnit--PLANNED_DELIVERY_DATE"}]}
COMMAND: GET /session/3080ab49fbb8c4e7eecdf487ecde7ebb/screenshot - {}
RESULT: {"script":"<script> [1562 bytes]","args":[{"selector":{"id":"application-manageresources-display-component---newResourceUnit--PLANNED_DELIVERY_DATE","interaction":{"idSuffix":"inner"}},"wdio_ui5_key":"applicationmanageresources-display-component---newResourceUnit--PLANNED_DELIVERY_DATE"}]}
RESULT: undefined
COMMAND: POST /session/3080ab49fbb8c4e7eecdf487ecde7ebb/execute/async - {"script":"<script> [6424 bytes]","args":[{"element-6066-11e4-a52e-4f735466cecf":"f.73CD6E590336CA8913C659C97A11067A.d.334BFE85BE870C0C131045F00BA5BE6D.e.8279"},"setValue",["06/29/24"]]}
RESULT: {}
RESULT: {"script":"<script> [6424 bytes]","args":[{"element-6066-11e4-a52e-4f735466cecf":"f.73CD6E590336CA8913C659C97A11067A.d.334BFE85BE870C0C131045F00BA5BE6D.e.8279"},"setValue",["06/29/24"]]}
COMMAND: POST /session/3080ab49fbb8c4e7eecdf487ecde7ebb/execute/async - {"script":"<script> [1562 bytes]","args":[{"selector":{"controlType":"sap.m.Button","viewName":"reusables.view.manageresources.NewResourceUnit","viewId":"application-manageresources-display-component---newResourceUnit","i18NText":{"propertyName":"tooltip","key":"save"},"interaction":{"idSuffix":"BDI-content"}},"wdio_ui5_key":"reusablesview.manageresources.NewResourceUnitsap.m.Button{\"propertyName\":\"tooltip\",\"key\":\"save\"}"}]}
RESULT: {"script":"<script> [1562 bytes]","args":[{"selector":{"controlType":"sap.m.Button","viewName":"reusables.view.manageresources.NewResourceUnit","viewId":"application-manageresources-display-component---newResourceUnit","i18NText":{"propertyName":"tooltip","key":"save"},"interaction":{"idSuffix":"BDI-content"}},"wdio_ui5_key":"reusablesview.manageresources.NewResourceUnitsap.m.Button{\"propertyName\":\"tooltip\",\"key\":\"save\"}"}]}
RESULT: undefined
COMMAND: POST /session/3080ab49fbb8c4e7eecdf487ecde7ebb/element - {"using":"xpath","value":"//*[@id=\"application-manageresources-display-component---newResourceUnit--createRuButton\"]"}
RESULT: {"using":"xpath","value":"//*[@id=\"application-manageresources-display-component---newResourceUnit--createRuButton\"]"}
COMMAND: POST /session/3080ab49fbb8c4e7eecdf487ecde7ebb/element/f.73CD6E590336CA8913C659C97A11067A.d.334BFE85BE870C0C131045F00BA5BE6D.e.8238/click - {}
RESULT: {}
COMMAND: GET /session/3080ab49fbb8c4e7eecdf487ecde7ebb/screenshot - {}
RESULT: {}
COMMAND: POST /session/3080ab49fbb8c4e7eecdf487ecde7ebb/execute/async - {"script":"<script> [1562 bytes]","args":[{"selector":{"controlType":"sap.m.Button","properties":{"text":"Close"},"searchOpenDialogs":true,"interaction":{"idSuffix":"inner"}},"wdio_ui5_key":"sapm.Button{\"text\":\"Close\"}"}]}
RESULT: {"script":"<script> [1562 bytes]","args":[{"selector":{"controlType":"sap.m.Button","properties":{"text":"Close"},"searchOpenDialogs":true,"interaction":{"idSuffix":"inner"}},"wdio_ui5_key":"sapm.Button{\"text\":\"Close\"}"}]}
RESULT: undefined
COMMAND: POST /session/3080ab49fbb8c4e7eecdf487ecde7ebb/element - {"using":"xpath","value":"//*[@id=\"__mbox-btn-0\"]"}
RESULT: {"using":"xpath","value":"//*[@id=\"__mbox-btn-0\"]"}
COMMAND: POST /session/3080ab49fbb8c4e7eecdf487ecde7ebb/element/f.73CD6E590336CA8913C659C97A11067A.d.334BFE85BE870C0C131045F00BA5BE6D.e.8454/click - {}
RESULT: {}
COMMAND: GET /session/3080ab49fbb8c4e7eecdf487ecde7ebb/screenshot - {}
RESULT: {}
COMMAND: POST /session/3080ab49fbb8c4e7eecdf487ecde7ebb/execute/async - {"script":"<script> [1562 bytes]","args":[{"selector":{"controlType":"sap.m.Text","viewName":"etm.portal.ui.manageresources.view.Detail","viewId":"application-manageresources-display-component---detailRU","bindingPath":{"propertyPath":"ID","modelName":"catalogModel"}},"wdio_ui5_key":"etmportal.ui.manageresources.view.Detailsap.m.Text{\"propertyPath\":\"ID\",\"modelName\":\"catalogModel\"}"}]}
RESULT: {"script":"<script> [1562 bytes]","args":[{"selector":{"controlType":"sap.m.Text","viewName":"etm.portal.ui.manageresources.view.Detail","viewId":"application-manageresources-display-component---detailRU","bindingPath":{"propertyPath":"ID","modelName":"catalogModel"}},"wdio_ui5_key":"etmportal.ui.manageresources.view.Detailsap.m.Text{\"propertyPath\":\"ID\",\"modelName\":\"catalogModel\"}"}]}
RESULT: undefined
COMMAND: POST /session/3080ab49fbb8c4e7eecdf487ecde7ebb/execute/async - {"script":"<script> [6424 bytes]","args":[{"element-6066-11e4-a52e-4f735466cecf":"f.73CD6E590336CA8913C659C97A11067A.d.334BFE85BE870C0C131045F00BA5BE6D.e.8511"},"getText",[]]}
RESULT: {"script":"<script> [6424 bytes]","args":[{"element-6066-11e4-a52e-4f735466cecf":"f.73CD6E590336CA8913C659C97A11067A.d.334BFE85BE870C0C131045F00BA5BE6D.e.8511"},"getText",[]]}
COMMAND: POST /session/3080ab49fbb8c4e7eecdf487ecde7ebb/element - {"using":"xpath","value":"//bdi[text()=\"Edit\"]"}
RESULT: {"using":"xpath","value":"//bdi[text()=\"Edit\"]"}
COMMAND: GET /session/3080ab49fbb8c4e7eecdf487ecde7ebb/element/f.73CD6E590336CA8913C659C97A11067A.d.334BFE85BE870C0C131045F00BA5BE6D.e.8512/enabled - {}
RESULT: {}
COMMAND: POST /session/3080ab49fbb8c4e7eecdf487ecde7ebb/execute/sync - {"script":"<script> [8489 bytes]","args":[{"element-6066-11e4-a52e-4f735466cecf":"f.73CD6E590336CA8913C659C97A11067A.d.334BFE85BE870C0C131045F00BA5BE6D.e.8512","ELEMENT":"f.73CD6E590336CA8913C659C97A11067A.d.334BFE85BE870C0C131045F00BA5BE6D.e.8512"}]}
COMMAND: GET /session/3080ab49fbb8c4e7eecdf487ecde7ebb/screenshot - {}
RESULT: {"script":"<script> [8489 bytes]","args":[{"element-6066-11e4-a52e-4f735466cecf":"f.73CD6E590336CA8913C659C97A11067A.d.334BFE85BE870C0C131045F00BA5BE6D.e.8512","ELEMENT":"f.73CD6E590336CA8913C659C97A11067A.d.334BFE85BE870C0C131045F00BA5BE6D.e.8512"}]}
COMMAND: POST /session/3080ab49fbb8c4e7eecdf487ecde7ebb/execute/sync - {"script":"<script> [5351 bytes]","args":[{"element-6066-11e4-a52e-4f735466cecf":"f.73CD6E590336CA8913C659C97A11067A.d.334BFE85BE870C0C131045F00BA5BE6D.e.8512","ELEMENT":"f.73CD6E590336CA8913C659C97A11067A.d.334BFE85BE870C0C131045F00BA5BE6D.e.8512"}]}
COMMAND: GET /session/3080ab49fbb8c4e7eecdf487ecde7ebb/screenshot - {}
RESULT: {}
RESULT: {"script":"<script> [5351 bytes]","args":[{"element-6066-11e4-a52e-4f735466cecf":"f.73CD6E590336CA8913C659C97A11067A.d.334BFE85BE870C0C131045F00BA5BE6D.e.8512","ELEMENT":"f.73CD6E590336CA8913C659C97A11067A.d.334BFE85BE870C0C131045F00BA5BE6D.e.8512"}]}
COMMAND: POST /session/3080ab49fbb8c4e7eecdf487ecde7ebb/element/f.73CD6E590336CA8913C659C97A11067A.d.334BFE85BE870C0C131045F00BA5BE6D.e.8512/click - {}
COMMAND: GET /session/3080ab49fbb8c4e7eecdf487ecde7ebb/screenshot - {}
RESULT: {}
RESULT: {}
COMMAND: GET /session/3080ab49fbb8c4e7eecdf487ecde7ebb/screenshot - {}
RESULT: {}
RESULT: {}
COMMAND: POST /session/3080ab49fbb8c4e7eecdf487ecde7ebb/element - {"using":"xpath","value":"//bdi[@id=\"application-manageresources-display-component---editResource--editRruPage-anchBar-application-manageresources-display-component---editResource--counters-anchor-BDI-content\"]"}
RESULT: {"using":"xpath","value":"//bdi[@id=\"application-manageresources-display-component---editResource--editRruPage-anchBar-application-manageresources-display-component---editResource--counters-anchor-BDI-content\"]"}
COMMAND: POST /session/3080ab49fbb8c4e7eecdf487ecde7ebb/execute/sync - {"script":"<script> [8489 bytes]","args":[{"element-6066-11e4-a52e-4f735466cecf":"f.73CD6E590336CA8913C659C97A11067A.d.334BFE85BE870C0C131045F00BA5BE6D.e.8650","ELEMENT":"f.73CD6E590336CA8913C659C97A11067A.d.334BFE85BE870C0C131045F00BA5BE6D.e.8650"}]}
RESULT: {"script":"<script> [8489 bytes]","args":[{"element-6066-11e4-a52e-4f735466cecf":"f.73CD6E590336CA8913C659C97A11067A.d.334BFE85BE870C0C131045F00BA5BE6D.e.8650","ELEMENT":"f.73CD6E590336CA8913C659C97A11067A.d.334BFE85BE870C0C131045F00BA5BE6D.e.8650"}]}
COMMAND: POST /session/3080ab49fbb8c4e7eecdf487ecde7ebb/element/f.73CD6E590336CA8913C659C97A11067A.d.334BFE85BE870C0C131045F00BA5BE6D.e.8650/click - {}
COMMAND: GET /session/3080ab49fbb8c4e7eecdf487ecde7ebb/screenshot - {}
COMMAND: POST /session/3080ab49fbb8c4e7eecdf487ecde7ebb/element - {"using":"xpath","value":"//bdi[@id=\"application-manageresources-display-component---editResource--editRruPage-anchBar-application-manageresources-display-component---editResource--counters-anchor-BDI-content\"]"}
RESULT: {}
RESULT: {"using":"xpath","value":"//bdi[@id=\"application-manageresources-display-component---editResource--editRruPage-anchBar-application-manageresources-display-component---editResource--counters-anchor-BDI-content\"]"}
COMMAND: POST /session/3080ab49fbb8c4e7eecdf487ecde7ebb/element/f.73CD6E590336CA8913C659C97A11067A.d.334BFE85BE870C0C131045F00BA5BE6D.e.8650/click - {}
COMMAND: POST /session/3080ab49fbb8c4e7eecdf487ecde7ebb/element - {"using":"xpath","value":"//bdi[@id=\"application-manageresources-display-component---editResource--editRruPage-anchBar-application-manageresources-display-component---editResource--counters-anchor-BDI-content\"]"}
RESULT: {"using":"xpath","value":"//bdi[@id=\"application-manageresources-display-component---editResource--editRruPage-anchBar-application-manageresources-display-component---editResource--counters-anchor-BDI-content\"]"}
COMMAND: POST /session/3080ab49fbb8c4e7eecdf487ecde7ebb/element/f.73CD6E590336CA8913C659C97A11067A.d.334BFE85BE870C0C131045F00BA5BE6D.e.8659/click - {}
RESULT: {}
COMMAND: GET /session/3080ab49fbb8c4e7eecdf487ecde7ebb/screenshot - {}
RESULT: {}
COMMAND: POST /session/3080ab49fbb8c4e7eecdf487ecde7ebb/execute/async - {"script":"<script> [1562 bytes]","args":[{"selector":{"id":"application-manageresources-display-component---editResource--btnAddCounter-img"},"wdio_ui5_key":"applicationmanageresources-display-component---editResource--btnAddCounter-img"}]}
RESULT: {"script":"<script> [1562 bytes]","args":[{"selector":{"id":"application-manageresources-display-component---editResource--btnAddCounter-img"},"wdio_ui5_key":"applicationmanageresources-display-component---editResource--btnAddCounter-img"}]}
RESULT: undefined
COMMAND: POST /session/3080ab49fbb8c4e7eecdf487ecde7ebb/element - {"using":"xpath","value":"//*[@id=\"application-manageresources-display-component---editResource--btnAddCounter-img\"]"}
RESULT: {"using":"xpath","value":"//*[@id=\"application-manageresources-display-component---editResource--btnAddCounter-img\"]"}
COMMAND: POST /session/3080ab49fbb8c4e7eecdf487ecde7ebb/element/f.73CD6E590336CA8913C659C97A11067A.d.334BFE85BE870C0C131045F00BA5BE6D.e.8665/click - {}
RESULT: {}
COMMAND: GET /session/3080ab49fbb8c4e7eecdf487ecde7ebb/screenshot - {}
RESULT: {}
COMMAND: POST /session/3080ab49fbb8c4e7eecdf487ecde7ebb/execute/async - {"script":"<script> [1562 bytes]","args":[{"selector":{"id":"application-manageresources-display-component---editResource--HAND_OVER_TYPE-application-manageresources-display-component---editResource--RUCounters-0","interaction":{"idSuffix":"CbBg"}},"wdio_ui5_key":"applicationmanageresources-display-component---editResource--HAND_OVER_TYPE-application-manageresources-display-component---editResource--RUCounters-0"}]}
RESULT: {"script":"<script> [1562 bytes]","args":[{"selector":{"id":"application-manageresources-display-component---editResource--HAND_OVER_TYPE-application-manageresources-display-component---editResource--RUCounters-0","interaction":{"idSuffix":"CbBg"}},"wdio_ui5_key":"applicationmanageresources-display-component---editResource--HAND_OVER_TYPE-application-manageresources-display-component---editResource--RUCounters-0"}]}
RESULT: undefined
COMMAND: POST /session/3080ab49fbb8c4e7eecdf487ecde7ebb/element - {"using":"xpath","value":"//*[@id=\"application-manageresources-display-component---editResource--HAND_OVER_TYPE-application-manageresources-display-component---editResource--RUCounters-0\"]"}
RESULT: {"using":"xpath","value":"//*[@id=\"application-manageresources-display-component---editResource--HAND_OVER_TYPE-application-manageresources-display-component---editResource--RUCounters-0\"]"}
COMMAND: POST /session/3080ab49fbb8c4e7eecdf487ecde7ebb/element/f.73CD6E590336CA8913C659C97A11067A.d.334BFE85BE870C0C131045F00BA5BE6D.e.8673/click - {}
RESULT: {}
COMMAND: POST /session/3080ab49fbb8c4e7eecdf487ecde7ebb/execute/async - {"script":"<script> [1562 bytes]","args":[{"selector":{"controlType":"sap.m.Button","viewName":"etm.portal.ui.manageresources.view.EditResource","viewId":"application-manageresources-display-component---editResource","i18NText":{"propertyName":"text","key":"save"},"interaction":{"idSuffix":"BDI-content"}},"wdio_ui5_key":"etmportal.ui.manageresources.view.EditResourcesap.m.Button{\"propertyName\":\"text\",\"key\":\"save\"}"}]}
COMMAND: GET /session/3080ab49fbb8c4e7eecdf487ecde7ebb/screenshot - {}
RESULT: {"script":"<script> [1562 bytes]","args":[{"selector":{"controlType":"sap.m.Button","viewName":"etm.portal.ui.manageresources.view.EditResource","viewId":"application-manageresources-display-component---editResource","i18NText":{"propertyName":"text","key":"save"},"interaction":{"idSuffix":"BDI-content"}},"wdio_ui5_key":"etmportal.ui.manageresources.view.EditResourcesap.m.Button{\"propertyName\":\"text\",\"key\":\"save\"}"}]}
RESULT: undefined
COMMAND: POST /session/3080ab49fbb8c4e7eecdf487ecde7ebb/element - {"using":"xpath","value":"//*[@id=\"__button102\"]"}
RESULT: {}
RESULT: {"using":"xpath","value":"//*[@id=\"__button102\"]"}
COMMAND: POST /session/3080ab49fbb8c4e7eecdf487ecde7ebb/element/f.73CD6E590336CA8913C659C97A11067A.d.334BFE85BE870C0C131045F00BA5BE6D.e.8675/click - {}
RESULT: {}
COMMAND: GET /session/3080ab49fbb8c4e7eecdf487ecde7ebb/screenshot - {}
RESULT: {}
COMMAND: POST /session/3080ab49fbb8c4e7eecdf487ecde7ebb/element - {"using":"css selector","value":"#shell-header-logo"}
RESULT: {"using":"css selector","value":"#shell-header-logo"}
COMMAND: POST /session/3080ab49fbb8c4e7eecdf487ecde7ebb/elements - {"using":"css selector","value":"#shell-header-logo"}
RESULT: {"using":"css selector","value":"#shell-header-logo"}
COMMAND: POST /session/3080ab49fbb8c4e7eecdf487ecde7ebb/execute/sync - {"script":"<script> [8489 bytes]","args":[{"element-6066-11e4-a52e-4f735466cecf":"f.73CD6E590336CA8913C659C97A11067A.d.334BFE85BE870C0C131045F00BA5BE6D.e.7726","ELEMENT":"f.73CD6E590336CA8913C659C97A11067A.d.334BFE85BE870C0C131045F00BA5BE6D.e.7726"}]}
RESULT: {"script":"<script> [8489 bytes]","args":[{"element-6066-11e4-a52e-4f735466cecf":"f.73CD6E590336CA8913C659C97A11067A.d.334BFE85BE870C0C131045F00BA5BE6D.e.7726","ELEMENT":"f.73CD6E590336CA8913C659C97A11067A.d.334BFE85BE870C0C131045F00BA5BE6D.e.7726"}]}
COMMAND: POST /session/3080ab49fbb8c4e7eecdf487ecde7ebb/execute/sync - {"script":"<script> [5351 bytes]","args":[{"element-6066-11e4-a52e-4f735466cecf":"f.73CD6E590336CA8913C659C97A11067A.d.334BFE85BE870C0C131045F00BA5BE6D.e.7726","ELEMENT":"f.73CD6E590336CA8913C659C97A11067A.d.334BFE85BE870C0C131045F00BA5BE6D.e.7726"}]}
COMMAND: GET /session/3080ab49fbb8c4e7eecdf487ecde7ebb/screenshot - {}
RESULT: {"script":"<script> [5351 bytes]","args":[{"element-6066-11e4-a52e-4f735466cecf":"f.73CD6E590336CA8913C659C97A11067A.d.334BFE85BE870C0C131045F00BA5BE6D.e.7726","ELEMENT":"f.73CD6E590336CA8913C659C97A11067A.d.334BFE85BE870C0C131045F00BA5BE6D.e.7726"}]}
COMMAND: POST /session/3080ab49fbb8c4e7eecdf487ecde7ebb/element/f.73CD6E590336CA8913C659C97A11067A.d.334BFE85BE870C0C131045F00BA5BE6D.e.7726/click - {}
COMMAND: GET /session/3080ab49fbb8c4e7eecdf487ecde7ebb/screenshot - {}
RESULT: {}
RESULT: {}
COMMAND: GET /session/3080ab49fbb8c4e7eecdf487ecde7ebb/screenshot - {}
RESULT: {}
RESULT: {}
COMMAND: POST /session/3080ab49fbb8c4e7eecdf487ecde7ebb/element - {"using":"css selector","value":"#shell-header-logo"}
RESULT: {"using":"css selector","value":"#shell-header-logo"}
COMMAND: POST /session/3080ab49fbb8c4e7eecdf487ecde7ebb/element/f.73CD6E590336CA8913C659C97A11067A.d.334BFE85BE870C0C131045F00BA5BE6D.e.8690/click - {}
RESULT: {}
COMMAND: GET /session/3080ab49fbb8c4e7eecdf487ecde7ebb/screenshot - {}
RESULT: {}
]]></system-out>
    </testcase>
  </testsuite>
  <testsuite timestamp="2025-05-29T15:46:51" time="88.594" tests="2" failures="0" errors="0" skipped="0">
    <properties>
      <property name="specId" value="0"/>
      <property name="suiteName" value="Personnel creation and reference material verification  US120163"/>
      <property name="capabilities" value="chrome.136_0_7103_93.windows"/>
      <property name="file" value="file:///D:/a/1/s/test/specs/R2C/create-personnel-no-material-reference.spec.js"/>
    </properties>
    <testcase classname="chrome.136_0_7103_93.windows.Personnel_creation_and_reference_material_verification__US120163" name="Should create a new personnel and verify if the material reference is visible" time="69.323">
      <system-out><![CDATA[
RESULT: undefined
COMMAND: POST /session/3080ab49fbb8c4e7eecdf487ecde7ebb/element - {"using":"xpath","value":"//*[@id=\"__tile31\"]"}
RESULT: {"using":"xpath","value":"//*[@id=\"__tile31\"]"}
COMMAND: POST /session/3080ab49fbb8c4e7eecdf487ecde7ebb/element/f.73CD6E590336CA8913C659C97A11067A.d.334BFE85BE870C0C131045F00BA5BE6D.e.7756/click - {}
RESULT: {}
COMMAND: GET /session/3080ab49fbb8c4e7eecdf487ecde7ebb/screenshot - {}
RESULT: {}
COMMAND: POST /session/3080ab49fbb8c4e7eecdf487ecde7ebb/elements - {"using":"xpath","value":"//span[text()='Error']"}
RESULT: {"using":"xpath","value":"//span[text()='Error']"}
COMMAND: POST /session/3080ab49fbb8c4e7eecdf487ecde7ebb/element - {"using":"xpath","value":"//button[@data-kt=\"addNewRUOverflowToolbarButton\"]"}
RESULT: {"using":"xpath","value":"//button[@data-kt=\"addNewRUOverflowToolbarButton\"]"}
COMMAND: POST /session/3080ab49fbb8c4e7eecdf487ecde7ebb/execute/sync - {"script":"<script> [8489 bytes]","args":[{"element-6066-11e4-a52e-4f735466cecf":"f.73CD6E590336CA8913C659C97A11067A.d.334BFE85BE870C0C131045F00BA5BE6D.e.8730","ELEMENT":"f.73CD6E590336CA8913C659C97A11067A.d.334BFE85BE870C0C131045F00BA5BE6D.e.8730"}]}
RESULT: {"script":"<script> [8489 bytes]","args":[{"element-6066-11e4-a52e-4f735466cecf":"f.73CD6E590336CA8913C659C97A11067A.d.334BFE85BE870C0C131045F00BA5BE6D.e.8730","ELEMENT":"f.73CD6E590336CA8913C659C97A11067A.d.334BFE85BE870C0C131045F00BA5BE6D.e.8730"}]}
COMMAND: POST /session/3080ab49fbb8c4e7eecdf487ecde7ebb/element/f.73CD6E590336CA8913C659C97A11067A.d.334BFE85BE870C0C131045F00BA5BE6D.e.8730/click - {}
COMMAND: GET /session/3080ab49fbb8c4e7eecdf487ecde7ebb/screenshot - {}
RESULT: {}
RESULT: undefined
COMMAND: POST /session/3080ab49fbb8c4e7eecdf487ecde7ebb/element - {"using":"xpath","value":"//*[@id=\"application-manageresources-display-component---newResourceUnit--TYPE-arrow\"]"}
COMMAND: GET /session/3080ab49fbb8c4e7eecdf487ecde7ebb/screenshot - {}
RESULT: {}
RESULT: {"using":"xpath","value":"//*[@id=\"application-manageresources-display-component---newResourceUnit--TYPE-arrow\"]"}
COMMAND: POST /session/3080ab49fbb8c4e7eecdf487ecde7ebb/element/f.73CD6E590336CA8913C659C97A11067A.d.334BFE85BE870C0C131045F00BA5BE6D.e.9057/click - {}
RESULT: {}
RESULT: {}
COMMAND: POST /session/3080ab49fbb8c4e7eecdf487ecde7ebb/execute/async - {"script":"<script> [1562 bytes]","args":[{"selector":{"controlType":"sap.m.StandardListItem","viewName":"reusables.view.manageresources.NewResourceUnit","viewId":"application-manageresources-display-component---newResourceUnit","properties":{"title":"Personnel"},"searchOpenDialogs":true,"interaction":{"idSuffix":"titleText"}},"wdio_ui5_key":"reusablesview.manageresources.NewResourceUnitsap.m.StandardListItem{\"title\":\"Personnel\"}"}]}
COMMAND: GET /session/3080ab49fbb8c4e7eecdf487ecde7ebb/screenshot - {}
RESULT: {"script":"<script> [1562 bytes]","args":[{"selector":{"controlType":"sap.m.StandardListItem","viewName":"reusables.view.manageresources.NewResourceUnit","viewId":"application-manageresources-display-component---newResourceUnit","properties":{"title":"Personnel"},"searchOpenDialogs":true,"interaction":{"idSuffix":"titleText"}},"wdio_ui5_key":"reusablesview.manageresources.NewResourceUnitsap.m.StandardListItem{\"title\":\"Personnel\"}"}]}
RESULT: undefined
COMMAND: POST /session/3080ab49fbb8c4e7eecdf487ecde7ebb/element - {"using":"xpath","value":"//*[@id=\"__item1261\"]"}
RESULT: {}
RESULT: {"using":"xpath","value":"//*[@id=\"__item1261\"]"}
COMMAND: POST /session/3080ab49fbb8c4e7eecdf487ecde7ebb/element/f.73CD6E590336CA8913C659C97A11067A.d.334BFE85BE870C0C131045F00BA5BE6D.e.9060/click - {}
RESULT: {}
RESULT: undefined
COMMAND: POST /session/3080ab49fbb8c4e7eecdf487ecde7ebb/execute/async - {"script":"<script> [776 bytes]","args":[{"enterText":"WdIOPersonnels5pjg","selector":{"id":"application-manageresources-display-component---newResourceUnit--SHORT_TEXT","interaction":{"idSuffix":"inner"}},"clearTextFirst":true,"interactionType":"ENTER_TEXT"}]}
COMMAND: GET /session/3080ab49fbb8c4e7eecdf487ecde7ebb/screenshot - {}
RESULT: {"script":"<script> [776 bytes]","args":[{"enterText":"WdIOPersonnels5pjg","selector":{"id":"application-manageresources-display-component---newResourceUnit--SHORT_TEXT","interaction":{"idSuffix":"inner"}},"clearTextFirst":true,"interactionType":"ENTER_TEXT"}]}
COMMAND: POST /session/3080ab49fbb8c4e7eecdf487ecde7ebb/element - {"using":"xpath","value":"//bdi[contains(text(), \"Material\")]"}
RESULT: {}
RESULT: {"using":"xpath","value":"//bdi[contains(text(), \"Material\")]"}
COMMAND: POST /session/3080ab49fbb8c4e7eecdf487ecde7ebb/element - {"using":"xpath","value":"//bdi[contains(text(), \"Material\")]"}
RESULT: {"using":"xpath","value":"//bdi[contains(text(), \"Material\")]"}
COMMAND: POST /session/3080ab49fbb8c4e7eecdf487ecde7ebb/execute/async - {"script":"<script> [1562 bytes]","args":[{"selector":{"id":"application-manageresources-display-component---newResourceUnit--BASE_UNIT_OF_MEASURE-arrow"},"wdio_ui5_key":"applicationmanageresources-display-component---newResourceUnit--BASE_UNIT_OF_MEASURE-arrow"}]}
RESULT: {"script":"<script> [1562 bytes]","args":[{"selector":{"id":"application-manageresources-display-component---newResourceUnit--BASE_UNIT_OF_MEASURE-arrow"},"wdio_ui5_key":"applicationmanageresources-display-component---newResourceUnit--BASE_UNIT_OF_MEASURE-arrow"}]}
RESULT: undefined
COMMAND: POST /session/3080ab49fbb8c4e7eecdf487ecde7ebb/element - {"using":"xpath","value":"//*[@id=\"application-manageresources-display-component---newResourceUnit--BASE_UNIT_OF_MEASURE-arrow\"]"}
RESULT: {"using":"xpath","value":"//*[@id=\"application-manageresources-display-component---newResourceUnit--BASE_UNIT_OF_MEASURE-arrow\"]"}
COMMAND: POST /session/3080ab49fbb8c4e7eecdf487ecde7ebb/element/f.73CD6E590336CA8913C659C97A11067A.d.334BFE85BE870C0C131045F00BA5BE6D.e.9165/click - {}
RESULT: {}
COMMAND: POST /session/3080ab49fbb8c4e7eecdf487ecde7ebb/execute/async - {"script":"<script> [1562 bytes]","args":[{"selector":{"controlType":"sap.m.StandardListItem","viewName":"reusables.view.manageresources.NewResourceUnit","viewId":"application-manageresources-display-component---newResourceUnit","properties":{"title":"Percent"},"searchOpenDialogs":true,"interaction":{"idSuffix":"titleText"}},"wdio_ui5_key":"reusablesview.manageresources.NewResourceUnitsap.m.StandardListItem{\"title\":\"Percent\"}"}]}
COMMAND: GET /session/3080ab49fbb8c4e7eecdf487ecde7ebb/screenshot - {}
RESULT: {"script":"<script> [1562 bytes]","args":[{"selector":{"controlType":"sap.m.StandardListItem","viewName":"reusables.view.manageresources.NewResourceUnit","viewId":"application-manageresources-display-component---newResourceUnit","properties":{"title":"Percent"},"searchOpenDialogs":true,"interaction":{"idSuffix":"titleText"}},"wdio_ui5_key":"reusablesview.manageresources.NewResourceUnitsap.m.StandardListItem{\"title\":\"Percent\"}"}]}
RESULT: undefined
COMMAND: POST /session/3080ab49fbb8c4e7eecdf487ecde7ebb/element - {"using":"xpath","value":"//*[@id=\"__item1291\"]"}
RESULT: {}
RESULT: {"using":"xpath","value":"//*[@id=\"__item1291\"]"}
COMMAND: POST /session/3080ab49fbb8c4e7eecdf487ecde7ebb/element/f.73CD6E590336CA8913C659C97A11067A.d.334BFE85BE870C0C131045F00BA5BE6D.e.9167/click - {}
RESULT: {}
COMMAND: POST /session/3080ab49fbb8c4e7eecdf487ecde7ebb/execute/async - {"script":"<script> [1562 bytes]","args":[{"selector":{"id":"application-manageresources-display-component---newResourceUnit--PLANNING_GROUP-arrow"},"wdio_ui5_key":"applicationmanageresources-display-component---newResourceUnit--PLANNING_GROUP-arrow"}]}
COMMAND: GET /session/3080ab49fbb8c4e7eecdf487ecde7ebb/screenshot - {}
RESULT: {"script":"<script> [1562 bytes]","args":[{"selector":{"id":"application-manageresources-display-component---newResourceUnit--PLANNING_GROUP-arrow"},"wdio_ui5_key":"applicationmanageresources-display-component---newResourceUnit--PLANNING_GROUP-arrow"}]}
RESULT: undefined
COMMAND: POST /session/3080ab49fbb8c4e7eecdf487ecde7ebb/element - {"using":"xpath","value":"//*[@id=\"application-manageresources-display-component---newResourceUnit--PLANNING_GROUP-arrow\"]"}
RESULT: {}
RESULT: {"using":"xpath","value":"//*[@id=\"application-manageresources-display-component---newResourceUnit--PLANNING_GROUP-arrow\"]"}
COMMAND: POST /session/3080ab49fbb8c4e7eecdf487ecde7ebb/element/f.73CD6E590336CA8913C659C97A11067A.d.334BFE85BE870C0C131045F00BA5BE6D.e.9168/click - {}
RESULT: {}
COMMAND: GET /session/3080ab49fbb8c4e7eecdf487ecde7ebb/screenshot - {}
RESULT: {}
COMMAND: POST /session/3080ab49fbb8c4e7eecdf487ecde7ebb/execute/async - {"script":"<script> [1562 bytes]","args":[{"selector":{"controlType":"sap.m.StandardListItem","viewName":"reusables.view.manageresources.NewResourceUnit","viewId":"application-manageresources-display-component---newResourceUnit","properties":{"title":"Operating personnel"},"searchOpenDialogs":true,"interaction":{"idSuffix":"titleText"}},"wdio_ui5_key":"reusablesview.manageresources.NewResourceUnitsap.m.StandardListItem{\"title\":\"Operating personnel\"}"}]}
RESULT: {"script":"<script> [1562 bytes]","args":[{"selector":{"controlType":"sap.m.StandardListItem","viewName":"reusables.view.manageresources.NewResourceUnit","viewId":"application-manageresources-display-component---newResourceUnit","properties":{"title":"Operating personnel"},"searchOpenDialogs":true,"interaction":{"idSuffix":"titleText"}},"wdio_ui5_key":"reusablesview.manageresources.NewResourceUnitsap.m.StandardListItem{\"title\":\"Operating personnel\"}"}]}
RESULT: undefined
COMMAND: POST /session/3080ab49fbb8c4e7eecdf487ecde7ebb/element - {"using":"xpath","value":"//*[@id=\"__item1300\"]"}
RESULT: {"using":"xpath","value":"//*[@id=\"__item1300\"]"}
COMMAND: POST /session/3080ab49fbb8c4e7eecdf487ecde7ebb/element/f.73CD6E590336CA8913C659C97A11067A.d.334BFE85BE870C0C131045F00BA5BE6D.e.9170/click - {}
RESULT: {}
COMMAND: GET /session/3080ab49fbb8c4e7eecdf487ecde7ebb/screenshot - {}
RESULT: {}
COMMAND: POST /session/3080ab49fbb8c4e7eecdf487ecde7ebb/element - {"using":"xpath","value":"//bdi[contains(text(), \"Time Segment\")]"}
RESULT: {"using":"xpath","value":"//bdi[contains(text(), \"Time Segment\")]"}
COMMAND: GET /session/3080ab49fbb8c4e7eecdf487ecde7ebb/element/f.73CD6E590336CA8913C659C97A11067A.d.334BFE85BE870C0C131045F00BA5BE6D.e.9171/rect - {}
RESULT: {}
COMMAND: GET /session/3080ab49fbb8c4e7eecdf487ecde7ebb/window/rect - {}
RESULT: {}
COMMAND: POST /session/3080ab49fbb8c4e7eecdf487ecde7ebb/execute/sync - {"script":"<script> [92 bytes]","args":[]}
RESULT: {"script":"<script> [92 bytes]","args":[]}
COMMAND: POST /session/3080ab49fbb8c4e7eecdf487ecde7ebb/actions - {"actions":[{"id":"action23","type":"wheel","parameters":{},"actions":[{"type":"scroll","x":-1820,"y":804,"deltaX":0,"deltaY":0,"duration":0,"origin":{"element-6066-11e4-a52e-4f735466cecf":"f.73CD6E590336CA8913C659C97A11067A.d.334BFE85BE870C0C131045F00BA5BE6D.e.9171"}}]}]}
COMMAND: GET /session/3080ab49fbb8c4e7eecdf487ecde7ebb/screenshot - {}
RESULT: {}
COMMAND: POST /session/3080ab49fbb8c4e7eecdf487ecde7ebb/execute/sync - {"script":"<script> [79 bytes]","args":[{"element-6066-11e4-a52e-4f735466cecf":"f.73CD6E590336CA8913C659C97A11067A.d.334BFE85BE870C0C131045F00BA5BE6D.e.9171","ELEMENT":"f.73CD6E590336CA8913C659C97A11067A.d.334BFE85BE870C0C131045F00BA5BE6D.e.9171"},{"block":"start","inline":"nearest"}]}
RESULT: {"script":"<script> [79 bytes]","args":[{"element-6066-11e4-a52e-4f735466cecf":"f.73CD6E590336CA8913C659C97A11067A.d.334BFE85BE870C0C131045F00BA5BE6D.e.9171","ELEMENT":"f.73CD6E590336CA8913C659C97A11067A.d.334BFE85BE870C0C131045F00BA5BE6D.e.9171"},{"block":"start","inline":"nearest"}]}
COMMAND: GET /session/3080ab49fbb8c4e7eecdf487ecde7ebb/screenshot - {}
RESULT: {}
COMMAND: POST /session/3080ab49fbb8c4e7eecdf487ecde7ebb/element - {"using":"xpath","value":"//span[@id=\"application-manageresources-display-component---newResourceUnit--btnAddTimeSegment-img\"]"}
RESULT: {"using":"xpath","value":"//span[@id=\"application-manageresources-display-component---newResourceUnit--btnAddTimeSegment-img\"]"}
COMMAND: POST /session/3080ab49fbb8c4e7eecdf487ecde7ebb/execute/sync - {"script":"<script> [8489 bytes]","args":[{"element-6066-11e4-a52e-4f735466cecf":"f.73CD6E590336CA8913C659C97A11067A.d.334BFE85BE870C0C131045F00BA5BE6D.e.9178","ELEMENT":"f.73CD6E590336CA8913C659C97A11067A.d.334BFE85BE870C0C131045F00BA5BE6D.e.9178"}]}
RESULT: {"script":"<script> [8489 bytes]","args":[{"element-6066-11e4-a52e-4f735466cecf":"f.73CD6E590336CA8913C659C97A11067A.d.334BFE85BE870C0C131045F00BA5BE6D.e.9178","ELEMENT":"f.73CD6E590336CA8913C659C97A11067A.d.334BFE85BE870C0C131045F00BA5BE6D.e.9178"}]}
COMMAND: POST /session/3080ab49fbb8c4e7eecdf487ecde7ebb/element/f.73CD6E590336CA8913C659C97A11067A.d.334BFE85BE870C0C131045F00BA5BE6D.e.9178/click - {}
COMMAND: GET /session/3080ab49fbb8c4e7eecdf487ecde7ebb/screenshot - {}
RESULT: {}
COMMAND: GET /session/3080ab49fbb8c4e7eecdf487ecde7ebb/screenshot - {}
COMMAND: POST /session/3080ab49fbb8c4e7eecdf487ecde7ebb/element - {"using":"xpath","value":"//input[@id=\"application-manageresources-display-component---newResourceUnit--idRuTSAdmin-application-manageresources-display-component---newResourceUnit--RUTimeSegment-0-inner\"]"}
RESULT: {}
RESULT: {}
RESULT: {"using":"xpath","value":"//input[@id=\"application-manageresources-display-component---newResourceUnit--idRuTSAdmin-application-manageresources-display-component---newResourceUnit--RUTimeSegment-0-inner\"]"}
COMMAND: POST /session/3080ab49fbb8c4e7eecdf487ecde7ebb/element/f.73CD6E590336CA8913C659C97A11067A.d.334BFE85BE870C0C131045F00BA5BE6D.e.9181/clear - {}
RESULT: {}
COMMAND: POST /session/3080ab49fbb8c4e7eecdf487ecde7ebb/element/f.73CD6E590336CA8913C659C97A11067A.d.334BFE85BE870C0C131045F00BA5BE6D.e.9181/value - {"text":"webdriveryard"}
COMMAND: GET /session/3080ab49fbb8c4e7eecdf487ecde7ebb/screenshot - {}
RESULT: {"text":"webdriveryard"}
COMMAND: GET /session/3080ab49fbb8c4e7eecdf487ecde7ebb/screenshot - {}
RESULT: {}
RESULT: {}
COMMAND: POST /session/3080ab49fbb8c4e7eecdf487ecde7ebb/actions - {"actions":[{"id":"action24","type":"key","parameters":{},"actions":[{"type":"keyDown","value":""},{"type":"pause","duration":10},{"type":"keyUp","value":""}]}]}
RESULT: {"actions":[{"id":"action24","type":"key","parameters":{},"actions":[{"type":"keyDown","value":""},{"type":"pause","duration":10},{"type":"keyUp","value":""}]}]}
COMMAND: GET /session/3080ab49fbb8c4e7eecdf487ecde7ebb/screenshot - {}
RESULT: {}
COMMAND: POST /session/3080ab49fbb8c4e7eecdf487ecde7ebb/element - {"using":"xpath","value":"//input[contains(@id, \"application-manageresources-display-component---newResourceUnit--newControlDataDateRangePicker-inner\")]"}
RESULT: {"using":"xpath","value":"//input[contains(@id, \"application-manageresources-display-component---newResourceUnit--newControlDataDateRangePicker-inner\")]"}
COMMAND: POST /session/3080ab49fbb8c4e7eecdf487ecde7ebb/element/f.73CD6E590336CA8913C659C97A11067A.d.334BFE85BE870C0C131045F00BA5BE6D.e.9089/clear - {}
RESULT: {}
COMMAND: POST /session/3080ab49fbb8c4e7eecdf487ecde7ebb/element/f.73CD6E590336CA8913C659C97A11067A.d.334BFE85BE870C0C131045F00BA5BE6D.e.9089/value - {"text":"12/17/26 - 2/18/27"}
COMMAND: GET /session/3080ab49fbb8c4e7eecdf487ecde7ebb/screenshot - {}
RESULT: {"text":"12/17/26 - 2/18/27"}
COMMAND: POST /session/3080ab49fbb8c4e7eecdf487ecde7ebb/element - {"using":"xpath","value":"//bdi[contains(@id, \"application-manageresources-display-component---newResourceUnit--createRuButton-BDI-content\")]"}
COMMAND: GET /session/3080ab49fbb8c4e7eecdf487ecde7ebb/screenshot - {}
RESULT: {}
RESULT: {"using":"xpath","value":"//bdi[contains(@id, \"application-manageresources-display-component---newResourceUnit--createRuButton-BDI-content\")]"}
COMMAND: POST /session/3080ab49fbb8c4e7eecdf487ecde7ebb/element/f.73CD6E590336CA8913C659C97A11067A.d.334BFE85BE870C0C131045F00BA5BE6D.e.9195/click - {}
RESULT: {}
RESULT: {}
COMMAND: GET /session/3080ab49fbb8c4e7eecdf487ecde7ebb/screenshot - {}
RESULT: {}
COMMAND: POST /session/3080ab49fbb8c4e7eecdf487ecde7ebb/actions - {"actions":[{"id":"action25","type":"key","parameters":{},"actions":[{"type":"keyDown","value":""},{"type":"pause","duration":10},{"type":"keyUp","value":""}]}]}
RESULT: {"actions":[{"id":"action25","type":"key","parameters":{},"actions":[{"type":"keyDown","value":""},{"type":"pause","duration":10},{"type":"keyUp","value":""}]}]}
COMMAND: GET /session/3080ab49fbb8c4e7eecdf487ecde7ebb/screenshot - {}
RESULT: {}
]]></system-out>
    </testcase>
    <testcase classname="chrome.136_0_7103_93.windows.Personnel_creation_and_reference_material_verification__US120163" name="Should verify if the reference material is visible in edit and detail mode" time="16.075">
      <system-out><![CDATA[
COMMAND: POST /session/3080ab49fbb8c4e7eecdf487ecde7ebb/element - {"using":"xpath","value":"//bdi[contains(text(), \"Edit\")]"}
RESULT: {"using":"xpath","value":"//bdi[contains(text(), \"Edit\")]"}
COMMAND: POST /session/3080ab49fbb8c4e7eecdf487ecde7ebb/element/f.73CD6E590336CA8913C659C97A11067A.d.334BFE85BE870C0C131045F00BA5BE6D.e.9228/click - {}
RESULT: {}
COMMAND: GET /session/3080ab49fbb8c4e7eecdf487ecde7ebb/screenshot - {}
RESULT: {}
COMMAND: POST /session/3080ab49fbb8c4e7eecdf487ecde7ebb/element - {"using":"xpath","value":"//bdi[contains(text(), \"Material\")]"}
RESULT: {"using":"xpath","value":"//bdi[contains(text(), \"Material\")]"}
COMMAND: POST /session/3080ab49fbb8c4e7eecdf487ecde7ebb/element - {"using":"xpath","value":"//bdi[contains(text(), \"Material\")]"}
RESULT: {"using":"xpath","value":"//bdi[contains(text(), \"Material\")]"}
COMMAND: POST /session/3080ab49fbb8c4e7eecdf487ecde7ebb/element - {"using":"xpath","value":"(//bdi[contains(text(), \"Save\")])[2]"}
RESULT: {"using":"xpath","value":"(//bdi[contains(text(), \"Save\")])[2]"}
COMMAND: POST /session/3080ab49fbb8c4e7eecdf487ecde7ebb/element/f.73CD6E590336CA8913C659C97A11067A.d.334BFE85BE870C0C131045F00BA5BE6D.e.9277/click - {}
RESULT: {}
COMMAND: GET /session/3080ab49fbb8c4e7eecdf487ecde7ebb/screenshot - {}
RESULT: {}
COMMAND: DELETE /session/3080ab49fbb8c4e7eecdf487ecde7ebb - {}
RESULT: {}
]]></system-out>
    </testcase>
  </testsuite>
</testsuites>