<?xml version="1.0" encoding="UTF-8"?>
<testsuites tests="7" failures="0" errors="0" skipped="0">
  <testsuite timestamp="2025-05-14T15:27:22" time="847.094" tests="7" failures="0" errors="0" skipped="0">
    <properties>
      <property name="specId" value="0" />
      <property name="suiteName" value="Related resources for groups US139107" />
      <property name="capabilities" value="chrome.136_0_7103_93.windows" />
      <property name="file" value="file:///D:/a/1/s/test/specs/R2C/related-resources-area-rpg.spec.js" />
    </properties>
    <testcase classname="chrome.136_0_7103_93.windows.Related_resources_for_groups_US139107" name="Should create a new yard" time="139.445">
      <system-out><![CDATA[
COMMAND: POST /session/53c41539dcf78f2848fb30d801739189/execute/async - {"script":"<script> [1562 bytes]","args":[{"selector":{"controlType":"sap.m.GenericTile","properties":{"header":"Manage Yards"}},"wdio_ui5_key":"sapm.GenericTile{\"header\":\"Manage Yards\"}"}]}
RESULT: {"script":"<script> [1562 bytes]","args":[{"selector":{"controlType":"sap.m.GenericTile","properties":{"header":"Manage Yards"}},"wdio_ui5_key":"sapm.GenericTile{\"header\":\"Manage Yards\"}"}]}
RESULT: undefined
COMMAND: POST /session/53c41539dcf78f2848fb30d801739189/element - {"using":"xpath","value":"//*[@id=\"__tile41\"]"}
RESULT: {"using":"xpath","value":"//*[@id=\"__tile41\"]"}
COMMAND: POST /session/53c41539dcf78f2848fb30d801739189/element/f.AB9978BF0B315C6117297547856C7EDD.d.F0A37FF3F94AAA38A3FCF92D1F7B5A97.e.117/click - {}
RESULT: {}
COMMAND: GET /session/53c41539dcf78f2848fb30d801739189/screenshot - {}
RESULT: {}
COMMAND: POST /session/53c41539dcf78f2848fb30d801739189/elements - {"using":"xpath","value":"//span[text()='Error']"}
RESULT: {"using":"xpath","value":"//span[text()='Error']"}
COMMAND: POST /session/53c41539dcf78f2848fb30d801739189/execute/async - {"script":"<script> [1562 bytes]","args":[{"selector":{"controlType":"sap.ui.core.Icon","viewName":"etm.portal.ui.manageyards.view.Master","viewId":"application-manageyards-display-component---masterYard","properties":{"src":{"regex":{"source":"add"}}}},"wdio_ui5_key":"etmportal.ui.manageyards.view.Mastersap.ui.core.Icon{\"src\":{\"regex\":{\"source\":\"add\"}}}"}]}
RESULT: {"script":"<script> [1562 bytes]","args":[{"selector":{"controlType":"sap.ui.core.Icon","viewName":"etm.portal.ui.manageyards.view.Master","viewId":"application-manageyards-display-component---masterYard","properties":{"src":{"regex":{"source":"add"}}}},"wdio_ui5_key":"etmportal.ui.manageyards.view.Mastersap.ui.core.Icon{\"src\":{\"regex\":{\"source\":\"add\"}}}"}]}
RESULT: undefined
COMMAND: POST /session/53c41539dcf78f2848fb30d801739189/element - {"using":"xpath","value":"//*[@id=\"__button4-img\"]"}
RESULT: {"using":"xpath","value":"//*[@id=\"__button4-img\"]"}
COMMAND: POST /session/53c41539dcf78f2848fb30d801739189/element/f.AB9978BF0B315C6117297547856C7EDD.d.F0A37FF3F94AAA38A3FCF92D1F7B5A97.e.164/click - {}
RESULT: {}
COMMAND: GET /session/53c41539dcf78f2848fb30d801739189/screenshot - {}
RESULT: {}
COMMAND: POST /session/53c41539dcf78f2848fb30d801739189/execute/async - {"script":"<script> [1562 bytes]","args":[{"selector":{"id":"application-manageyards-display-component---NewYard--yardId","interaction":{"idSuffix":"inner"}},"wdio_ui5_key":"applicationmanageyards-display-component---NewYard--yardId"}]}
RESULT: {"script":"<script> [1562 bytes]","args":[{"selector":{"id":"application-manageyards-display-component---NewYard--yardId","interaction":{"idSuffix":"inner"}},"wdio_ui5_key":"applicationmanageyards-display-component---NewYard--yardId"}]}
RESULT: undefined
COMMAND: POST /session/53c41539dcf78f2848fb30d801739189/element - {"using":"xpath","value":"//*[@id=\"application-manageyards-display-component---NewYard--addressDetailDetailsName1-inner\"]"}
RESULT: {"using":"xpath","value":"//*[@id=\"application-manageyards-display-component---NewYard--addressDetailDetailsName1-inner\"]"}
COMMAND: POST /session/53c41539dcf78f2848fb30d801739189/element/f.AB9978BF0B315C6117297547856C7EDD.d.F0A37FF3F94AAA38A3FCF92D1F7B5A97.e.331/clear - {}
RESULT: {}
COMMAND: POST /session/53c41539dcf78f2848fb30d801739189/element/f.AB9978BF0B315C6117297547856C7EDD.d.F0A37FF3F94AAA38A3FCF92D1F7B5A97.e.331/value - {"text":"WebdriverYardlhmfcg"}
COMMAND: GET /session/53c41539dcf78f2848fb30d801739189/screenshot - {}
RESULT: {"text":"WebdriverYardlhmfcg"}
COMMAND: POST /session/53c41539dcf78f2848fb30d801739189/element - {"using":"xpath","value":"//*[@id=\"application-manageyards-display-component---NewYard--addressDetailDetailsLanguage-inner\"]"}
COMMAND: GET /session/53c41539dcf78f2848fb30d801739189/screenshot - {}
RESULT: {}
RESULT: {"using":"xpath","value":"//*[@id=\"application-manageyards-display-component---NewYard--addressDetailDetailsLanguage-inner\"]"}
COMMAND: POST /session/53c41539dcf78f2848fb30d801739189/element/f.AB9978BF0B315C6117297547856C7EDD.d.F0A37FF3F94AAA38A3FCF92D1F7B5A97.e.332/clear - {}
RESULT: {}
RESULT: {}
COMMAND: POST /session/53c41539dcf78f2848fb30d801739189/element/f.AB9978BF0B315C6117297547856C7EDD.d.F0A37FF3F94AAA38A3FCF92D1F7B5A97.e.332/value - {"text":"Romanian"}
COMMAND: GET /session/53c41539dcf78f2848fb30d801739189/screenshot - {}
RESULT: {"text":"Romanian"}
COMMAND: POST /session/53c41539dcf78f2848fb30d801739189/element - {"using":"xpath","value":"//input[contains(@id ,\"application-manageyards-display-component---NewYard--addressDetailDetailsName1-inner\")]"}
COMMAND: GET /session/53c41539dcf78f2848fb30d801739189/screenshot - {}
RESULT: {}
RESULT: {"using":"xpath","value":"//input[contains(@id ,\"application-manageyards-display-component---NewYard--addressDetailDetailsName1-inner\")]"}
COMMAND: GET /session/53c41539dcf78f2848fb30d801739189/element/f.AB9978BF0B315C6117297547856C7EDD.d.F0A37FF3F94AAA38A3FCF92D1F7B5A97.e.331/property/value - {}
RESULT: {}
RESULT: {}
COMMAND: GET /session/53c41539dcf78f2848fb30d801739189/screenshot - {}
RESULT: {}
COMMAND: POST /session/53c41539dcf78f2848fb30d801739189/element - {"using":"xpath","value":"//*[@id=\"application-manageyards-display-component---NewYard--addressDetailDetailsCity1-inner\"]"}
RESULT: {"using":"xpath","value":"//*[@id=\"application-manageyards-display-component---NewYard--addressDetailDetailsCity1-inner\"]"}
COMMAND: POST /session/53c41539dcf78f2848fb30d801739189/element/f.AB9978BF0B315C6117297547856C7EDD.d.F0A37FF3F94AAA38A3FCF92D1F7B5A97.e.334/clear - {}
RESULT: {}
COMMAND: POST /session/53c41539dcf78f2848fb30d801739189/element/f.AB9978BF0B315C6117297547856C7EDD.d.F0A37FF3F94AAA38A3FCF92D1F7B5A97.e.334/value - {"text":"Bucuresti"}
COMMAND: GET /session/53c41539dcf78f2848fb30d801739189/screenshot - {}
RESULT: {"text":"Bucuresti"}
COMMAND: GET /session/53c41539dcf78f2848fb30d801739189/screenshot - {}
RESULT: {}
RESULT: {}
COMMAND: POST /session/53c41539dcf78f2848fb30d801739189/element - {"using":"xpath","value":"//*[@id=\"application-manageyards-display-component---NewYard--addressDetailDetailsCountry-inner\"]"}
RESULT: {"using":"xpath","value":"//*[@id=\"application-manageyards-display-component---NewYard--addressDetailDetailsCountry-inner\"]"}
COMMAND: POST /session/53c41539dcf78f2848fb30d801739189/element/f.AB9978BF0B315C6117297547856C7EDD.d.F0A37FF3F94AAA38A3FCF92D1F7B5A97.e.338/clear - {}
RESULT: {}
COMMAND: POST /session/53c41539dcf78f2848fb30d801739189/element/f.AB9978BF0B315C6117297547856C7EDD.d.F0A37FF3F94AAA38A3FCF92D1F7B5A97.e.338/value - {"text":"Romania"}
COMMAND: GET /session/53c41539dcf78f2848fb30d801739189/screenshot - {}
RESULT: {"text":"Romania"}
COMMAND: GET /session/53c41539dcf78f2848fb30d801739189/screenshot - {}
RESULT: {}
RESULT: {}
COMMAND: POST /session/53c41539dcf78f2848fb30d801739189/element - {"using":"xpath","value":"//div[contains(text(), \"Commercial\")]"}
RESULT: {"using":"xpath","value":"//div[contains(text(), \"Commercial\")]"}
COMMAND: GET /session/53c41539dcf78f2848fb30d801739189/element/f.AB9978BF0B315C6117297547856C7EDD.d.F0A37FF3F94AAA38A3FCF92D1F7B5A97.e.579/rect - {}
RESULT: {}
COMMAND: GET /session/53c41539dcf78f2848fb30d801739189/window/rect - {}
RESULT: {}
COMMAND: POST /session/53c41539dcf78f2848fb30d801739189/execute/sync - {"script":"<script> [92 bytes]","args":[]}
RESULT: {"script":"<script> [92 bytes]","args":[]}
COMMAND: POST /session/53c41539dcf78f2848fb30d801739189/actions - {"actions":[{"id":"action1","type":"wheel","parameters":{},"actions":[{"type":"scroll","x":-1841,"y":-44,"deltaX":0,"deltaY":0,"duration":0,"origin":{"element-6066-11e4-a52e-4f735466cecf":"f.AB9978BF0B315C6117297547856C7EDD.d.F0A37FF3F94AAA38A3FCF92D1F7B5A97.e.579"}}]}]}
COMMAND: GET /session/53c41539dcf78f2848fb30d801739189/screenshot - {}
RESULT: {}
COMMAND: POST /session/53c41539dcf78f2848fb30d801739189/execute/sync - {"script":"<script> [79 bytes]","args":[{"element-6066-11e4-a52e-4f735466cecf":"f.AB9978BF0B315C6117297547856C7EDD.d.F0A37FF3F94AAA38A3FCF92D1F7B5A97.e.579","ELEMENT":"f.AB9978BF0B315C6117297547856C7EDD.d.F0A37FF3F94AAA38A3FCF92D1F7B5A97.e.579"},{"block":"start","inline":"nearest"}]}
RESULT: {"script":"<script> [79 bytes]","args":[{"element-6066-11e4-a52e-4f735466cecf":"f.AB9978BF0B315C6117297547856C7EDD.d.F0A37FF3F94AAA38A3FCF92D1F7B5A97.e.579","ELEMENT":"f.AB9978BF0B315C6117297547856C7EDD.d.F0A37FF3F94AAA38A3FCF92D1F7B5A97.e.579"},{"block":"start","inline":"nearest"}]}
COMMAND: GET /session/53c41539dcf78f2848fb30d801739189/screenshot - {}
RESULT: {}
COMMAND: POST /session/53c41539dcf78f2848fb30d801739189/execute/async - {"script":"<script> [1562 bytes]","args":[{"selector":{"id":"application-manageyards-display-component---NewYard--addressEditDetailsCostObjectCstType-arrow"},"wdio_ui5_key":"applicationmanageyards-display-component---NewYard--addressEditDetailsCostObjectCstType-arrow"}]}
RESULT: {"script":"<script> [1562 bytes]","args":[{"selector":{"id":"application-manageyards-display-component---NewYard--addressEditDetailsCostObjectCstType-arrow"},"wdio_ui5_key":"applicationmanageyards-display-component---NewYard--addressEditDetailsCostObjectCstType-arrow"}]}
RESULT: undefined
COMMAND: POST /session/53c41539dcf78f2848fb30d801739189/element - {"using":"xpath","value":"//*[@id=\"application-manageyards-display-component---NewYard--addressEditDetailsCostObjectCstType-arrow\"]"}
RESULT: {"using":"xpath","value":"//*[@id=\"application-manageyards-display-component---NewYard--addressEditDetailsCostObjectCstType-arrow\"]"}
COMMAND: POST /session/53c41539dcf78f2848fb30d801739189/element/f.AB9978BF0B315C6117297547856C7EDD.d.F0A37FF3F94AAA38A3FCF92D1F7B5A97.e.587/click - {}
RESULT: {}
COMMAND: POST /session/53c41539dcf78f2848fb30d801739189/element - {"using":"xpath","value":"//span[contains(text(), \"Cost Center\")]"}
COMMAND: GET /session/53c41539dcf78f2848fb30d801739189/screenshot - {}
RESULT: {}
RESULT: {"using":"xpath","value":"//span[contains(text(), \"Cost Center\")]"}
COMMAND: POST /session/53c41539dcf78f2848fb30d801739189/element/f.AB9978BF0B315C6117297547856C7EDD.d.F0A37FF3F94AAA38A3FCF92D1F7B5A97.e.588/click - {}
RESULT: {}
COMMAND: GET /session/53c41539dcf78f2848fb30d801739189/screenshot - {}
RESULT: {}
COMMAND: POST /session/53c41539dcf78f2848fb30d801739189/execute/async - {"script":"<script> [1562 bytes]","args":[{"selector":{"id":"application-manageyards-display-component---NewYard--addressNewCostObjectCstID-vhi"},"wdio_ui5_key":"applicationmanageyards-display-component---NewYard--addressNewCostObjectCstID-vhi"}]}
RESULT: {"script":"<script> [1562 bytes]","args":[{"selector":{"id":"application-manageyards-display-component---NewYard--addressNewCostObjectCstID-vhi"},"wdio_ui5_key":"applicationmanageyards-display-component---NewYard--addressNewCostObjectCstID-vhi"}]}
RESULT: undefined
COMMAND: POST /session/53c41539dcf78f2848fb30d801739189/element - {"using":"xpath","value":"//*[@id=\"application-manageyards-display-component---NewYard--addressNewCostObjectCstID-vhi\"]"}
RESULT: {"using":"xpath","value":"//*[@id=\"application-manageyards-display-component---NewYard--addressNewCostObjectCstID-vhi\"]"}
COMMAND: POST /session/53c41539dcf78f2848fb30d801739189/element/f.AB9978BF0B315C6117297547856C7EDD.d.F0A37FF3F94AAA38A3FCF92D1F7B5A97.e.592/click - {}
RESULT: {}
COMMAND: GET /session/53c41539dcf78f2848fb30d801739189/screenshot - {}
RESULT: {}
COMMAND: POST /session/53c41539dcf78f2848fb30d801739189/execute/async - {"script":"<script> [1562 bytes]","args":[{"selector":{"controlType":"sap.m.SearchField","properties":{"placeholder":"Search"},"searchOpenDialogs":true,"interaction":{"idSuffix":"I"}},"wdio_ui5_key":"sapm.SearchField{\"placeholder\":\"Search\"}"}]}
RESULT: {"script":"<script> [1562 bytes]","args":[{"selector":{"controlType":"sap.m.SearchField","properties":{"placeholder":"Search"},"searchOpenDialogs":true,"interaction":{"idSuffix":"I"}},"wdio_ui5_key":"sapm.SearchField{\"placeholder\":\"Search\"}"}]}
RESULT: undefined
COMMAND: POST /session/53c41539dcf78f2848fb30d801739189/execute/async - {"script":"<script> [776 bytes]","args":[{"enterText":"10001013","selector":{"controlType":"sap.m.SearchField","properties":{"placeholder":"Search"},"searchOpenDialogs":true,"interaction":{"idSuffix":"I"}},"clearTextFirst":true,"interactionType":"ENTER_TEXT"}]}
RESULT: {"script":"<script> [776 bytes]","args":[{"enterText":"10001013","selector":{"controlType":"sap.m.SearchField","properties":{"placeholder":"Search"},"searchOpenDialogs":true,"interaction":{"idSuffix":"I"}},"clearTextFirst":true,"interactionType":"ENTER_TEXT"}]}
COMMAND: POST /session/53c41539dcf78f2848fb30d801739189/actions - {"actions":[{"id":"action2","type":"key","parameters":{},"actions":[{"type":"keyDown","value":"î€‡"},{"type":"pause","duration":10},{"type":"keyUp","value":"î€‡"}]}]}
RESULT: {"actions":[{"id":"action2","type":"key","parameters":{},"actions":[{"type":"keyDown","value":"î€‡"},{"type":"pause","duration":10},{"type":"keyUp","value":"î€‡"}]}]}
COMMAND: GET /session/53c41539dcf78f2848fb30d801739189/screenshot - {}
RESULT: {}
COMMAND: POST /session/53c41539dcf78f2848fb30d801739189/element - {"using":"xpath","value":"//span[contains(text(), \"General Management\")]"}
RESULT: {"using":"xpath","value":"//span[contains(text(), \"General Management\")]"}
COMMAND: POST /session/53c41539dcf78f2848fb30d801739189/element/f.AB9978BF0B315C6117297547856C7EDD.d.F0A37FF3F94AAA38A3FCF92D1F7B5A97.e.632/click - {}
RESULT: {}
COMMAND: GET /session/53c41539dcf78f2848fb30d801739189/screenshot - {}
RESULT: {}
COMMAND: POST /session/53c41539dcf78f2848fb30d801739189/element - {"using":"xpath","value":"//bdi[contains(text(), \"OK\")]"}
RESULT: {"using":"xpath","value":"//bdi[contains(text(), \"OK\")]"}
COMMAND: POST /session/53c41539dcf78f2848fb30d801739189/element/f.AB9978BF0B315C6117297547856C7EDD.d.F0A37FF3F94AAA38A3FCF92D1F7B5A97.e.633/click - {}
RESULT: {}
COMMAND: GET /session/53c41539dcf78f2848fb30d801739189/screenshot - {}
RESULT: {}
COMMAND: POST /session/53c41539dcf78f2848fb30d801739189/execute/async - {"script":"<script> [1562 bytes]","args":[{"selector":{"controlType":"sap.m.Button","viewName":"etm.portal.ui.manageyards.view.New","viewId":"application-manageyards-display-component---NewYard","i18NText":{"propertyName":"text","key":"save"},"interaction":{"idSuffix":"inner"}},"wdio_ui5_key":"etmportal.ui.manageyards.view.Newsap.m.Button{\"propertyName\":\"text\",\"key\":\"save\"}"}]}
RESULT: {"script":"<script> [1562 bytes]","args":[{"selector":{"controlType":"sap.m.Button","viewName":"etm.portal.ui.manageyards.view.New","viewId":"application-manageyards-display-component---NewYard","i18NText":{"propertyName":"text","key":"save"},"interaction":{"idSuffix":"inner"}},"wdio_ui5_key":"etmportal.ui.manageyards.view.Newsap.m.Button{\"propertyName\":\"text\",\"key\":\"save\"}"}]}
RESULT: undefined
COMMAND: POST /session/53c41539dcf78f2848fb30d801739189/element - {"using":"xpath","value":"//*[@id=\"__button18\"]"}
RESULT: {"using":"xpath","value":"//*[@id=\"__button18\"]"}
COMMAND: POST /session/53c41539dcf78f2848fb30d801739189/element/f.AB9978BF0B315C6117297547856C7EDD.d.F0A37FF3F94AAA38A3FCF92D1F7B5A97.e.538/click - {}
RESULT: {}
COMMAND: GET /session/53c41539dcf78f2848fb30d801739189/screenshot - {}
RESULT: {}
COMMAND: POST /session/53c41539dcf78f2848fb30d801739189/element - {"using":"xpath","value":"//header/div/div[2]/div[2]/span"}
RESULT: {"using":"xpath","value":"//header/div/div[2]/div[2]/span"}
COMMAND: GET /session/53c41539dcf78f2848fb30d801739189/element/f.AB9978BF0B315C6117297547856C7EDD.d.F0A37FF3F94AAA38A3FCF92D1F7B5A97.e.832/text - {}
RESULT: {}
COMMAND: POST /session/53c41539dcf78f2848fb30d801739189/execute/async - {"script":"<script> [1562 bytes]","args":[{"selector":{"controlType":"sap.m.OverflowToolbarButton","viewName":"etm.portal.ui.manageyards.view.Detail","viewId":"application-manageyards-display-component---detailYard","i18NText":{"propertyName":"tooltip","key":"closeColumn"},"interaction":{"idSuffix":"inner"}},"wdio_ui5_key":"etmportal.ui.manageyards.view.Detailsap.m.OverflowToolbarButton{\"propertyName\":\"tooltip\",\"key\":\"closeColumn\"}"}]}
RESULT: {"script":"<script> [1562 bytes]","args":[{"selector":{"controlType":"sap.m.OverflowToolbarButton","viewName":"etm.portal.ui.manageyards.view.Detail","viewId":"application-manageyards-display-component---detailYard","i18NText":{"propertyName":"tooltip","key":"closeColumn"},"interaction":{"idSuffix":"inner"}},"wdio_ui5_key":"etmportal.ui.manageyards.view.Detailsap.m.OverflowToolbarButton{\"propertyName\":\"tooltip\",\"key\":\"closeColumn\"}"}]}
RESULT: undefined
COMMAND: POST /session/53c41539dcf78f2848fb30d801739189/element - {"using":"xpath","value":"//*[@id=\"__button40\"]"}
RESULT: {"using":"xpath","value":"//*[@id=\"__button40\"]"}
COMMAND: POST /session/53c41539dcf78f2848fb30d801739189/element/f.AB9978BF0B315C6117297547856C7EDD.d.F0A37FF3F94AAA38A3FCF92D1F7B5A97.e.834/click - {}
RESULT: {}
COMMAND: GET /session/53c41539dcf78f2848fb30d801739189/screenshot - {}
RESULT: {}
COMMAND: POST /session/53c41539dcf78f2848fb30d801739189/element - {"using":"css selector","value":"#shell-header-logo"}
RESULT: {"using":"css selector","value":"#shell-header-logo"}
COMMAND: POST /session/53c41539dcf78f2848fb30d801739189/element/f.AB9978BF0B315C6117297547856C7EDD.d.F0A37FF3F94AAA38A3FCF92D1F7B5A97.e.119/click - {}
RESULT: {}
COMMAND: GET /session/53c41539dcf78f2848fb30d801739189/screenshot - {}
RESULT: {}
COMMAND: POST /session/53c41539dcf78f2848fb30d801739189/refresh - {}
RESULT: {}
COMMAND: GET /session/53c41539dcf78f2848fb30d801739189/screenshot - {}
RESULT: {}
COMMAND: POST /session/53c41539dcf78f2848fb30d801739189/execute/async - {"script":"<script> [189 bytes]","args":[]}
RESULT: {"script":"<script> [189 bytes]","args":[]}
COMMAND: POST /session/53c41539dcf78f2848fb30d801739189/execute/async - {"script":"<script> [123 bytes]","args":[]}
RESULT: {"script":"<script> [123 bytes]","args":[]}
COMMAND: POST /session/53c41539dcf78f2848fb30d801739189/timeouts - {"script":"<number>"}
RESULT: {"script":"<number>"}
COMMAND: GET /session/53c41539dcf78f2848fb30d801739189/timeouts - {}
RESULT: {}
RESULT: undefined
COMMAND: POST /session/53c41539dcf78f2848fb30d801739189/execute/async - {"script":"<script> [2676 bytes]","args":[]}
RESULT: {"script":"<script> [2676 bytes]","args":[]}
COMMAND: POST /session/53c41539dcf78f2848fb30d801739189/execute/async - {"script":"<script> [2342 bytes]","args":[{"protocol":"http","hostname":"0.0.0.0","path":"/","capabilities":{"browserName":"chrome","goog:chromeOptions":{"binary":"C:\\Program Files\\Google\\Chrome\\Application\\chrome.exe","args":["--start-maximized"]}},"logLevel":"warn","connectionRetryTimeout":120000,"connectionRetryCount":3,"logLevels":{},"enableDirectConnect":true,"strictSSL":true,"_":"65 more keys: [\"cacheDir\",\"port\",\"requestedCapabilities\",\"automationProtocol\",\"baseUrl\",\"waitforInterval\",\"waitforTimeout\",\"onReload\",\"beforeCommand\",\"afterCommand\",\"rootDir\",\"specs\",\"suites\",\"exclude\",\"groupLogsByTestSpec\",\"excludeDriverLogs\",\"bail\",\"framework\",\"reporters\",\"services\",\"maxInstances\",\"maxInstancesPerCapability\",\"injectGlobals\",\"filesToWatch\",\"execArgv\",\"runnerEnv\",\"runner\",\"shard\",\"specFileRetries\",\"specFileRetriesDelay\",\"specFileRetriesDeferred\",\"reporterSyncInterval\",\"reporterSyncTimeout\",\"cucumberFeaturesWithLineNumbers\",\"autoCompileOpts\",\"mochaOpts\",\"jasmineOpts\",\"cucumberOpts\",\"onPrepare\",\"onWorkerStart\",\"onWorkerEnd\",\"before\",\"beforeSession\",\"beforeSuite\",\"beforeHook\",\"beforeTest\",\"afterTest\",\"afterHook\",\"afterSuite\",\"afterSession\",\"after\",\"onComplete\",\"beforeAssertion\",\"afterAssertion\",\"beforeFeature\",\"beforeScenario\",\"beforeStep\",\"afterStep\",\"afterScenario\",\"afterFeature\",\"_\",\"suite\",\"$0\",\"ignoredWorkerServices\",\"wdi5\"]"}]}
RESULT: {"script":"<script> [2342 bytes]","args":[{"protocol":"http","hostname":"0.0.0.0","path":"/","capabilities":{"browserName":"chrome","goog:chromeOptions":{"binary":"C:\\Program Files\\Google\\Chrome\\Application\\chrome.exe","args":["--start-maximized"]}},"logLevel":"warn","connectionRetryTimeout":120000,"connectionRetryCount":3,"logLevels":{},"enableDirectConnect":true,"strictSSL":true,"_":"65 more keys: [\"cacheDir\",\"port\",\"requestedCapabilities\",\"automationProtocol\",\"baseUrl\",\"waitforInterval\",\"waitforTimeout\",\"onReload\",\"beforeCommand\",\"afterCommand\",\"rootDir\",\"specs\",\"suites\",\"exclude\",\"groupLogsByTestSpec\",\"excludeDriverLogs\",\"bail\",\"framework\",\"reporters\",\"services\",\"maxInstances\",\"maxInstancesPerCapability\",\"injectGlobals\",\"filesToWatch\",\"execArgv\",\"runnerEnv\",\"runner\",\"shard\",\"specFileRetries\",\"specFileRetriesDelay\",\"specFileRetriesDeferred\",\"reporterSyncInterval\",\"reporterSyncTimeout\",\"cucumberFeaturesWithLineNumbers\",\"autoCompileOpts\",\"mochaOpts\",\"jasmineOpts\",\"cucumberOpts\",\"onPrepare\",\"onWorkerStart\",\"onWorkerEnd\",\"before\",\"beforeSession\",\"beforeSuite\",\"beforeHook\",\"beforeTest\",\"afterTest\",\"afterHook\",\"afterSuite\",\"afterSession\",\"after\",\"onComplete\",\"beforeAssertion\",\"afterAssertion\",\"beforeFeature\",\"beforeScenario\",\"beforeStep\",\"afterStep\",\"afterScenario\",\"afterFeature\",\"_\",\"suite\",\"$0\",\"ignoredWorkerServices\",\"wdi5\"]"}]}
COMMAND: POST /session/53c41539dcf78f2848fb30d801739189/execute/async - {"script":"<script> [21126 bytes]","args":[35000]}
RESULT: {"script":"<script> [21126 bytes]","args":[35000]}
]]></system-out>
    </testcase>
    <testcase classname="chrome.136_0_7103_93.windows.Related_resources_for_groups_US139107" name="Should create a resource of type group" time="94.653">
      <system-out><![CDATA[
COMMAND: POST /session/53c41539dcf78f2848fb30d801739189/execute/async - {"script":"<script> [1562 bytes]","args":[{"selector":{"controlType":"sap.m.GenericTile","properties":{"header":"Manage Resources"}},"wdio_ui5_key":"sapm.GenericTile{\"header\":\"Manage Resources\"}"}]}
RESULT: {"script":"<script> [1562 bytes]","args":[{"selector":{"controlType":"sap.m.GenericTile","properties":{"header":"Manage Resources"}},"wdio_ui5_key":"sapm.GenericTile{\"header\":\"Manage Resources\"}"}]}
RESULT: undefined
COMMAND: POST /session/53c41539dcf78f2848fb30d801739189/element - {"using":"xpath","value":"//*[@id=\"__tile39\"]"}
RESULT: {"using":"xpath","value":"//*[@id=\"__tile39\"]"}
COMMAND: POST /session/53c41539dcf78f2848fb30d801739189/element/f.AB9978BF0B315C6117297547856C7EDD.d.A2B8F9FDEB722DA515C9AB95934F1DBE.e.1191/click - {}
RESULT: {}
COMMAND: GET /session/53c41539dcf78f2848fb30d801739189/screenshot - {}
RESULT: {}
COMMAND: POST /session/53c41539dcf78f2848fb30d801739189/elements - {"using":"xpath","value":"//span[text()='Error']"}
RESULT: {"using":"xpath","value":"//span[text()='Error']"}
COMMAND: POST /session/53c41539dcf78f2848fb30d801739189/element - {"using":"xpath","value":"//button[@data-kt=\"addNewRUOverflowToolbarButton\"]"}
RESULT: {"using":"xpath","value":"//button[@data-kt=\"addNewRUOverflowToolbarButton\"]"}
COMMAND: POST /session/53c41539dcf78f2848fb30d801739189/execute/sync - {"script":"<script> [8489 bytes]","args":[{"element-6066-11e4-a52e-4f735466cecf":"f.AB9978BF0B315C6117297547856C7EDD.d.A2B8F9FDEB722DA515C9AB95934F1DBE.e.1234","ELEMENT":"f.AB9978BF0B315C6117297547856C7EDD.d.A2B8F9FDEB722DA515C9AB95934F1DBE.e.1234"}]}
RESULT: {"script":"<script> [8489 bytes]","args":[{"element-6066-11e4-a52e-4f735466cecf":"f.AB9978BF0B315C6117297547856C7EDD.d.A2B8F9FDEB722DA515C9AB95934F1DBE.e.1234","ELEMENT":"f.AB9978BF0B315C6117297547856C7EDD.d.A2B8F9FDEB722DA515C9AB95934F1DBE.e.1234"}]}
COMMAND: POST /session/53c41539dcf78f2848fb30d801739189/element/f.AB9978BF0B315C6117297547856C7EDD.d.A2B8F9FDEB722DA515C9AB95934F1DBE.e.1234/click - {}
COMMAND: GET /session/53c41539dcf78f2848fb30d801739189/screenshot - {}
RESULT: {}
COMMAND: GET /session/53c41539dcf78f2848fb30d801739189/screenshot - {}
RESULT: {}
RESULT: {}
COMMAND: POST /session/53c41539dcf78f2848fb30d801739189/execute/async - {"script":"<script> [1562 bytes]","args":[{"selector":{"id":"application-manageresources-display-component---newResourceUnit--TYPE-arrow"},"wdio_ui5_key":"applicationmanageresources-display-component---newResourceUnit--TYPE-arrow"}]}
RESULT: {"script":"<script> [1562 bytes]","args":[{"selector":{"id":"application-manageresources-display-component---newResourceUnit--TYPE-arrow"},"wdio_ui5_key":"applicationmanageresources-display-component---newResourceUnit--TYPE-arrow"}]}
RESULT: undefined
COMMAND: POST /session/53c41539dcf78f2848fb30d801739189/element - {"using":"xpath","value":"//*[@id=\"application-manageresources-display-component---newResourceUnit--TYPE-arrow\"]"}
RESULT: {"using":"xpath","value":"//*[@id=\"application-manageresources-display-component---newResourceUnit--TYPE-arrow\"]"}
COMMAND: POST /session/53c41539dcf78f2848fb30d801739189/element/f.AB9978BF0B315C6117297547856C7EDD.d.A2B8F9FDEB722DA515C9AB95934F1DBE.e.1550/click - {}
RESULT: {}
COMMAND: POST /session/53c41539dcf78f2848fb30d801739189/execute/async - {"script":"<script> [1562 bytes]","args":[{"selector":{"controlType":"sap.m.StandardListItem","viewName":"reusables.view.manageresources.NewResourceUnit","viewId":"application-manageresources-display-component---newResourceUnit","properties":{"title":"Group"},"searchOpenDialogs":true,"interaction":{"idSuffix":"content"}},"wdio_ui5_key":"reusablesview.manageresources.NewResourceUnitsap.m.StandardListItem{\"title\":\"Group\"}"}]}
COMMAND: GET /session/53c41539dcf78f2848fb30d801739189/screenshot - {}
RESULT: {"script":"<script> [1562 bytes]","args":[{"selector":{"controlType":"sap.m.StandardListItem","viewName":"reusables.view.manageresources.NewResourceUnit","viewId":"application-manageresources-display-component---newResourceUnit","properties":{"title":"Group"},"searchOpenDialogs":true,"interaction":{"idSuffix":"content"}},"wdio_ui5_key":"reusablesview.manageresources.NewResourceUnitsap.m.StandardListItem{\"title\":\"Group\"}"}]}
RESULT: undefined
COMMAND: POST /session/53c41539dcf78f2848fb30d801739189/element - {"using":"xpath","value":"//*[@id=\"__item149\"]"}
RESULT: {}
RESULT: {"using":"xpath","value":"//*[@id=\"__item149\"]"}
COMMAND: POST /session/53c41539dcf78f2848fb30d801739189/element/f.AB9978BF0B315C6117297547856C7EDD.d.A2B8F9FDEB722DA515C9AB95934F1DBE.e.1553/click - {}
RESULT: {}
COMMAND: GET /session/53c41539dcf78f2848fb30d801739189/screenshot - {}
RESULT: {}
COMMAND: POST /session/53c41539dcf78f2848fb30d801739189/execute/async - {"script":"<script> [1562 bytes]","args":[{"selector":{"id":"application-manageresources-display-component---newResourceUnit--SHORT_TEXT","interaction":{"idSuffix":"inner"}},"wdio_ui5_key":"applicationmanageresources-display-component---newResourceUnit--SHORT_TEXT"}]}
RESULT: {"script":"<script> [1562 bytes]","args":[{"selector":{"id":"application-manageresources-display-component---newResourceUnit--SHORT_TEXT","interaction":{"idSuffix":"inner"}},"wdio_ui5_key":"applicationmanageresources-display-component---newResourceUnit--SHORT_TEXT"}]}
RESULT: undefined
COMMAND: POST /session/53c41539dcf78f2848fb30d801739189/execute/async - {"script":"<script> [776 bytes]","args":[{"enterText":"WdIORUGroupcv4nr","selector":{"id":"application-manageresources-display-component---newResourceUnit--SHORT_TEXT","interaction":{"idSuffix":"inner"}},"clearTextFirst":true,"interactionType":"ENTER_TEXT"}]}
RESULT: {"script":"<script> [776 bytes]","args":[{"enterText":"WdIORUGroupcv4nr","selector":{"id":"application-manageresources-display-component---newResourceUnit--SHORT_TEXT","interaction":{"idSuffix":"inner"}},"clearTextFirst":true,"interactionType":"ENTER_TEXT"}]}
COMMAND: POST /session/53c41539dcf78f2848fb30d801739189/execute/async - {"script":"<script> [1562 bytes]","args":[{"selector":{"id":"application-manageresources-display-component---newResourceUnit--BASE_UNIT_OF_MEASURE","interaction":{"idSuffix":"inner"}},"wdio_ui5_key":"applicationmanageresources-display-component---newResourceUnit--BASE_UNIT_OF_MEASURE"}]}
RESULT: {"script":"<script> [1562 bytes]","args":[{"selector":{"id":"application-manageresources-display-component---newResourceUnit--BASE_UNIT_OF_MEASURE","interaction":{"idSuffix":"inner"}},"wdio_ui5_key":"applicationmanageresources-display-component---newResourceUnit--BASE_UNIT_OF_MEASURE"}]}
RESULT: undefined
COMMAND: POST /session/53c41539dcf78f2848fb30d801739189/execute/async - {"script":"<script> [776 bytes]","args":[{"enterText":"Piece","selector":{"id":"application-manageresources-display-component---newResourceUnit--BASE_UNIT_OF_MEASURE","interaction":{"idSuffix":"inner"}},"clearTextFirst":true,"interactionType":"ENTER_TEXT"}]}
RESULT: {"script":"<script> [776 bytes]","args":[{"enterText":"Piece","selector":{"id":"application-manageresources-display-component---newResourceUnit--BASE_UNIT_OF_MEASURE","interaction":{"idSuffix":"inner"}},"clearTextFirst":true,"interactionType":"ENTER_TEXT"}]}
COMMAND: POST /session/53c41539dcf78f2848fb30d801739189/execute/async - {"script":"<script> [1562 bytes]","args":[{"selector":{"id":"application-manageresources-display-component---newResourceUnit--newRRUPage-OPHeaderContent-collapseBtn-img"},"wdio_ui5_key":"applicationmanageresources-display-component---newResourceUnit--newRRUPage-OPHeaderContent-collapseBtn-img"}]}
RESULT: {"script":"<script> [1562 bytes]","args":[{"selector":{"id":"application-manageresources-display-component---newResourceUnit--newRRUPage-OPHeaderContent-collapseBtn-img"},"wdio_ui5_key":"applicationmanageresources-display-component---newResourceUnit--newRRUPage-OPHeaderContent-collapseBtn-img"}]}
RESULT: undefined
COMMAND: POST /session/53c41539dcf78f2848fb30d801739189/element - {"using":"xpath","value":"//*[@id=\"application-manageresources-display-component---newResourceUnit--newRRUPage-OPHeaderContent-collapseBtn-img\"]"}
RESULT: {"using":"xpath","value":"//*[@id=\"application-manageresources-display-component---newResourceUnit--newRRUPage-OPHeaderContent-collapseBtn-img\"]"}
COMMAND: POST /session/53c41539dcf78f2848fb30d801739189/element/f.AB9978BF0B315C6117297547856C7EDD.d.A2B8F9FDEB722DA515C9AB95934F1DBE.e.1561/click - {}
RESULT: {}
COMMAND: GET /session/53c41539dcf78f2848fb30d801739189/screenshot - {}
RESULT: {}
COMMAND: POST /session/53c41539dcf78f2848fb30d801739189/execute/async - {"script":"<script> [1562 bytes]","args":[{"selector":{"id":"application-manageresources-display-component---newResourceUnit--newRRUPage-anchBar-application-manageresources-display-component---newResourceUnit--control-anchor","interaction":{"idSuffix":"BDI-content"}},"wdio_ui5_key":"applicationmanageresources-display-component---newResourceUnit--newRRUPage-anchBar-application-manageresources-display-component---newResourceUnit--control-anchor"}]}
RESULT: {"script":"<script> [1562 bytes]","args":[{"selector":{"id":"application-manageresources-display-component---newResourceUnit--newRRUPage-anchBar-application-manageresources-display-component---newResourceUnit--control-anchor","interaction":{"idSuffix":"BDI-content"}},"wdio_ui5_key":"applicationmanageresources-display-component---newResourceUnit--newRRUPage-anchBar-application-manageresources-display-component---newResourceUnit--control-anchor"}]}
RESULT: undefined
COMMAND: POST /session/53c41539dcf78f2848fb30d801739189/element - {"using":"xpath","value":"//*[@id=\"application-manageresources-display-component---newResourceUnit--newRRUPage-anchBar-application-manageresources-display-component---newResourceUnit--control-anchor\"]"}
RESULT: {"using":"xpath","value":"//*[@id=\"application-manageresources-display-component---newResourceUnit--newRRUPage-anchBar-application-manageresources-display-component---newResourceUnit--control-anchor\"]"}
COMMAND: POST /session/53c41539dcf78f2848fb30d801739189/element/f.AB9978BF0B315C6117297547856C7EDD.d.A2B8F9FDEB722DA515C9AB95934F1DBE.e.1607/click - {}
RESULT: {}
COMMAND: POST /session/53c41539dcf78f2848fb30d801739189/execute/async - {"script":"<script> [1562 bytes]","args":[{"selector":{"id":"application-manageresources-display-component---newResourceUnit--PLANNING_GROUP","interaction":{"idSuffix":"inner"}},"wdio_ui5_key":"applicationmanageresources-display-component---newResourceUnit--PLANNING_GROUP"}]}
COMMAND: GET /session/53c41539dcf78f2848fb30d801739189/screenshot - {}
RESULT: {"script":"<script> [1562 bytes]","args":[{"selector":{"id":"application-manageresources-display-component---newResourceUnit--PLANNING_GROUP","interaction":{"idSuffix":"inner"}},"wdio_ui5_key":"applicationmanageresources-display-component---newResourceUnit--PLANNING_GROUP"}]}
RESULT: undefined
COMMAND: POST /session/53c41539dcf78f2848fb30d801739189/execute/async - {"script":"<script> [776 bytes]","args":[{"enterText":"Heavy Equi","selector":{"id":"application-manageresources-display-component---newResourceUnit--PLANNING_GROUP","interaction":{"idSuffix":"inner"}},"clearTextFirst":true,"interactionType":"ENTER_TEXT"}]}
RESULT: {}
RESULT: {"script":"<script> [776 bytes]","args":[{"enterText":"Heavy Equi","selector":{"id":"application-manageresources-display-component---newResourceUnit--PLANNING_GROUP","interaction":{"idSuffix":"inner"}},"clearTextFirst":true,"interactionType":"ENTER_TEXT"}]}
COMMAND: POST /session/53c41539dcf78f2848fb30d801739189/element - {"using":"xpath","value":"//bdi[contains(text(), \"Time Segment\")]"}
RESULT: {"using":"xpath","value":"//bdi[contains(text(), \"Time Segment\")]"}
COMMAND: GET /session/53c41539dcf78f2848fb30d801739189/element/f.AB9978BF0B315C6117297547856C7EDD.d.A2B8F9FDEB722DA515C9AB95934F1DBE.e.1612/rect - {}
RESULT: {}
COMMAND: GET /session/53c41539dcf78f2848fb30d801739189/window/rect - {}
RESULT: {}
COMMAND: POST /session/53c41539dcf78f2848fb30d801739189/execute/sync - {"script":"<script> [92 bytes]","args":[]}
RESULT: {"script":"<script> [92 bytes]","args":[]}
COMMAND: POST /session/53c41539dcf78f2848fb30d801739189/actions - {"actions":[{"id":"action3","type":"wheel","parameters":{},"actions":[{"type":"scroll","x":-1820,"y":-21,"deltaX":0,"deltaY":0,"duration":0,"origin":{"element-6066-11e4-a52e-4f735466cecf":"f.AB9978BF0B315C6117297547856C7EDD.d.A2B8F9FDEB722DA515C9AB95934F1DBE.e.1612"}}]}]}
COMMAND: GET /session/53c41539dcf78f2848fb30d801739189/screenshot - {}
RESULT: {}
COMMAND: POST /session/53c41539dcf78f2848fb30d801739189/execute/sync - {"script":"<script> [79 bytes]","args":[{"element-6066-11e4-a52e-4f735466cecf":"f.AB9978BF0B315C6117297547856C7EDD.d.A2B8F9FDEB722DA515C9AB95934F1DBE.e.1612","ELEMENT":"f.AB9978BF0B315C6117297547856C7EDD.d.A2B8F9FDEB722DA515C9AB95934F1DBE.e.1612"},{"block":"start","inline":"nearest"}]}
RESULT: {"script":"<script> [79 bytes]","args":[{"element-6066-11e4-a52e-4f735466cecf":"f.AB9978BF0B315C6117297547856C7EDD.d.A2B8F9FDEB722DA515C9AB95934F1DBE.e.1612","ELEMENT":"f.AB9978BF0B315C6117297547856C7EDD.d.A2B8F9FDEB722DA515C9AB95934F1DBE.e.1612"},{"block":"start","inline":"nearest"}]}
COMMAND: GET /session/53c41539dcf78f2848fb30d801739189/screenshot - {}
RESULT: {}
COMMAND: POST /session/53c41539dcf78f2848fb30d801739189/execute/async - {"script":"<script> [1562 bytes]","args":[{"selector":{"id":"application-manageresources-display-component---newResourceUnit--btnAddTimeSegment-img"},"wdio_ui5_key":"applicationmanageresources-display-component---newResourceUnit--btnAddTimeSegment-img"}]}
RESULT: {"script":"<script> [1562 bytes]","args":[{"selector":{"id":"application-manageresources-display-component---newResourceUnit--btnAddTimeSegment-img"},"wdio_ui5_key":"applicationmanageresources-display-component---newResourceUnit--btnAddTimeSegment-img"}]}
RESULT: undefined
COMMAND: POST /session/53c41539dcf78f2848fb30d801739189/element - {"using":"xpath","value":"//*[@id=\"application-manageresources-display-component---newResourceUnit--btnAddTimeSegment-img\"]"}
RESULT: {"using":"xpath","value":"//*[@id=\"application-manageresources-display-component---newResourceUnit--btnAddTimeSegment-img\"]"}
COMMAND: POST /session/53c41539dcf78f2848fb30d801739189/element/f.AB9978BF0B315C6117297547856C7EDD.d.A2B8F9FDEB722DA515C9AB95934F1DBE.e.1615/click - {}
RESULT: {}
COMMAND: GET /session/53c41539dcf78f2848fb30d801739189/screenshot - {}
RESULT: {}
COMMAND: POST /session/53c41539dcf78f2848fb30d801739189/element - {"using":"xpath","value":"//input[@id=\"application-manageresources-display-component---newResourceUnit--idRuTSAdmin-application-manageresources-display-component---newResourceUnit--RUTimeSegment-0-inner\"]"}
RESULT: {"using":"xpath","value":"//input[@id=\"application-manageresources-display-component---newResourceUnit--idRuTSAdmin-application-manageresources-display-component---newResourceUnit--RUTimeSegment-0-inner\"]"}
COMMAND: POST /session/53c41539dcf78f2848fb30d801739189/element/f.AB9978BF0B315C6117297547856C7EDD.d.A2B8F9FDEB722DA515C9AB95934F1DBE.e.1618/clear - {}
RESULT: {}
COMMAND: POST /session/53c41539dcf78f2848fb30d801739189/element/f.AB9978BF0B315C6117297547856C7EDD.d.A2B8F9FDEB722DA515C9AB95934F1DBE.e.1618/value - {"text":"WebdriverYardlhmfcg"}
COMMAND: GET /session/53c41539dcf78f2848fb30d801739189/screenshot - {}
RESULT: {"text":"WebdriverYardlhmfcg"}
COMMAND: GET /session/53c41539dcf78f2848fb30d801739189/screenshot - {}
RESULT: {}
RESULT: {}
COMMAND: POST /session/53c41539dcf78f2848fb30d801739189/actions - {"actions":[{"id":"action4","type":"key","parameters":{},"actions":[{"type":"keyDown","value":"î€‡"},{"type":"pause","duration":10},{"type":"keyUp","value":"î€‡"}]}]}
RESULT: {"actions":[{"id":"action4","type":"key","parameters":{},"actions":[{"type":"keyDown","value":"î€‡"},{"type":"pause","duration":10},{"type":"keyUp","value":"î€‡"}]}]}
COMMAND: GET /session/53c41539dcf78f2848fb30d801739189/screenshot - {}
RESULT: {}
COMMAND: POST /session/53c41539dcf78f2848fb30d801739189/execute/async - {"script":"<script> [1562 bytes]","args":[{"selector":{"controlType":"sap.m.Button","viewName":"reusables.view.manageresources.NewResourceUnit","viewId":"application-manageresources-display-component---newResourceUnit","i18NText":{"propertyName":"tooltip","key":"save"},"interaction":{"idSuffix":"BDI-content"}},"wdio_ui5_key":"reusablesview.manageresources.NewResourceUnitsap.m.Button{\"propertyName\":\"tooltip\",\"key\":\"save\"}"}]}
RESULT: {"script":"<script> [1562 bytes]","args":[{"selector":{"controlType":"sap.m.Button","viewName":"reusables.view.manageresources.NewResourceUnit","viewId":"application-manageresources-display-component---newResourceUnit","i18NText":{"propertyName":"tooltip","key":"save"},"interaction":{"idSuffix":"BDI-content"}},"wdio_ui5_key":"reusablesview.manageresources.NewResourceUnitsap.m.Button{\"propertyName\":\"tooltip\",\"key\":\"save\"}"}]}
RESULT: undefined
COMMAND: POST /session/53c41539dcf78f2848fb30d801739189/element - {"using":"xpath","value":"//*[@id=\"application-manageresources-display-component---newResourceUnit--createRuButton\"]"}
RESULT: {"using":"xpath","value":"//*[@id=\"application-manageresources-display-component---newResourceUnit--createRuButton\"]"}
COMMAND: POST /session/53c41539dcf78f2848fb30d801739189/element/f.AB9978BF0B315C6117297547856C7EDD.d.A2B8F9FDEB722DA515C9AB95934F1DBE.e.1567/click - {}
RESULT: {}
COMMAND: GET /session/53c41539dcf78f2848fb30d801739189/screenshot - {}
RESULT: {}
COMMAND: POST /session/53c41539dcf78f2848fb30d801739189/execute/async - {"script":"<script> [1562 bytes]","args":[{"selector":{"controlType":"sap.m.Button","properties":{"text":"Close"},"searchOpenDialogs":true,"interaction":{"idSuffix":"inner"}},"wdio_ui5_key":"sapm.Button{\"text\":\"Close\"}"}]}
RESULT: {"script":"<script> [1562 bytes]","args":[{"selector":{"controlType":"sap.m.Button","properties":{"text":"Close"},"searchOpenDialogs":true,"interaction":{"idSuffix":"inner"}},"wdio_ui5_key":"sapm.Button{\"text\":\"Close\"}"}]}
RESULT: undefined
COMMAND: POST /session/53c41539dcf78f2848fb30d801739189/element - {"using":"xpath","value":"//*[@id=\"__mbox-btn-0\"]"}
RESULT: {"using":"xpath","value":"//*[@id=\"__mbox-btn-0\"]"}
COMMAND: POST /session/53c41539dcf78f2848fb30d801739189/element/f.AB9978BF0B315C6117297547856C7EDD.d.A2B8F9FDEB722DA515C9AB95934F1DBE.e.1625/click - {}
RESULT: {}
COMMAND: GET /session/53c41539dcf78f2848fb30d801739189/screenshot - {}
RESULT: {}
]]></system-out>
    </testcase>
    <testcase classname="chrome.136_0_7103_93.windows.Related_resources_for_groups_US139107" name="Should create first equipment and add it to the group" time="123.733">
      <system-out><![CDATA[
RESULT: undefined
COMMAND: POST /session/53c41539dcf78f2848fb30d801739189/element - {"using":"xpath","value":"//*[@id=\"__tile39\"]"}
RESULT: {"using":"xpath","value":"//*[@id=\"__tile39\"]"}
COMMAND: POST /session/53c41539dcf78f2848fb30d801739189/element/f.AB9978BF0B315C6117297547856C7EDD.d.A2B8F9FDEB722DA515C9AB95934F1DBE.e.1191/click - {}
COMMAND: POST /session/53c41539dcf78f2848fb30d801739189/elements - {"using":"xpath","value":"//span[text()='Error']"}
RESULT: {"using":"xpath","value":"//span[text()='Error']"}
COMMAND: POST /session/53c41539dcf78f2848fb30d801739189/element - {"using":"xpath","value":"//button[@data-kt=\"addNewRUOverflowToolbarButton\"]"}
RESULT: {"using":"xpath","value":"//button[@data-kt=\"addNewRUOverflowToolbarButton\"]"}
COMMAND: POST /session/53c41539dcf78f2848fb30d801739189/execute/sync - {"script":"<script> [8489 bytes]","args":[{"element-6066-11e4-a52e-4f735466cecf":"f.AB9978BF0B315C6117297547856C7EDD.d.A2B8F9FDEB722DA515C9AB95934F1DBE.e.1234","ELEMENT":"f.AB9978BF0B315C6117297547856C7EDD.d.A2B8F9FDEB722DA515C9AB95934F1DBE.e.1234"}]}
RESULT: {"script":"<script> [8489 bytes]","args":[{"element-6066-11e4-a52e-4f735466cecf":"f.AB9978BF0B315C6117297547856C7EDD.d.A2B8F9FDEB722DA515C9AB95934F1DBE.e.1234","ELEMENT":"f.AB9978BF0B315C6117297547856C7EDD.d.A2B8F9FDEB722DA515C9AB95934F1DBE.e.1234"}]}
COMMAND: POST /session/53c41539dcf78f2848fb30d801739189/element/f.AB9978BF0B315C6117297547856C7EDD.d.A2B8F9FDEB722DA515C9AB95934F1DBE.e.1234/click - {}
COMMAND: GET /session/53c41539dcf78f2848fb30d801739189/screenshot - {}
RESULT: {}
COMMAND: GET /session/53c41539dcf78f2848fb30d801739189/screenshot - {}
RESULT: {}
RESULT: {}
RESULT: undefined
COMMAND: POST /session/53c41539dcf78f2848fb30d801739189/element - {"using":"xpath","value":"//*[@id=\"application-manageresources-display-component---newResourceUnit--TYPE-arrow\"]"}
RESULT: {"using":"xpath","value":"//*[@id=\"application-manageresources-display-component---newResourceUnit--TYPE-arrow\"]"}
COMMAND: POST /session/53c41539dcf78f2848fb30d801739189/element/f.AB9978BF0B315C6117297547856C7EDD.d.A2B8F9FDEB722DA515C9AB95934F1DBE.e.1550/click - {}
RESULT: {}
COMMAND: POST /session/53c41539dcf78f2848fb30d801739189/execute/async - {"script":"<script> [1562 bytes]","args":[{"selector":{"controlType":"sap.m.StandardListItem","viewName":"reusables.view.manageresources.NewResourceUnit","viewId":"application-manageresources-display-component---newResourceUnit","properties":{"title":"Equipment"},"searchOpenDialogs":true,"interaction":{"idSuffix":"content"}},"wdio_ui5_key":"reusablesview.manageresources.NewResourceUnitsap.m.StandardListItem{\"title\":\"Equipment\"}"}]}
COMMAND: GET /session/53c41539dcf78f2848fb30d801739189/screenshot - {}
RESULT: {"script":"<script> [1562 bytes]","args":[{"selector":{"controlType":"sap.m.StandardListItem","viewName":"reusables.view.manageresources.NewResourceUnit","viewId":"application-manageresources-display-component---newResourceUnit","properties":{"title":"Equipment"},"searchOpenDialogs":true,"interaction":{"idSuffix":"content"}},"wdio_ui5_key":"reusablesview.manageresources.NewResourceUnitsap.m.StandardListItem{\"title\":\"Equipment\"}"}]}
RESULT: undefined
COMMAND: POST /session/53c41539dcf78f2848fb30d801739189/element - {"using":"xpath","value":"//*[@id=\"__item140\"]"}
RESULT: {}
RESULT: {"using":"xpath","value":"//*[@id=\"__item140\"]"}
COMMAND: POST /session/53c41539dcf78f2848fb30d801739189/element/f.AB9978BF0B315C6117297547856C7EDD.d.A2B8F9FDEB722DA515C9AB95934F1DBE.e.1668/click - {}
RESULT: {}
COMMAND: POST /session/53c41539dcf78f2848fb30d801739189/execute/async - {"script":"<script> [1562 bytes]","args":[{"selector":{"id":"application-manageresources-display-component---newResourceUnit--resourceId","interaction":{"idSuffix":"inner"}},"wdio_ui5_key":"applicationmanageresources-display-component---newResourceUnit--resourceId"}]}
COMMAND: GET /session/53c41539dcf78f2848fb30d801739189/screenshot - {}
RESULT: {"script":"<script> [1562 bytes]","args":[{"selector":{"id":"application-manageresources-display-component---newResourceUnit--resourceId","interaction":{"idSuffix":"inner"}},"wdio_ui5_key":"applicationmanageresources-display-component---newResourceUnit--resourceId"}]}
RESULT: undefined
COMMAND: POST /session/53c41539dcf78f2848fb30d801739189/execute/async - {"script":"<script> [776 bytes]","args":[{"enterText":"WdIORUEquip10ucnd","selector":{"id":"application-manageresources-display-component---newResourceUnit--resourceId","interaction":{"idSuffix":"inner"}},"clearTextFirst":true,"interactionType":"ENTER_TEXT"}]}
RESULT: {}
RESULT: {"script":"<script> [776 bytes]","args":[{"enterText":"WdIORUEquip10ucnd","selector":{"id":"application-manageresources-display-component---newResourceUnit--resourceId","interaction":{"idSuffix":"inner"}},"clearTextFirst":true,"interactionType":"ENTER_TEXT"}]}
RESULT: undefined
COMMAND: POST /session/53c41539dcf78f2848fb30d801739189/execute/async - {"script":"<script> [776 bytes]","args":[{"enterText":"WdIORUEquip10ucnd","selector":{"id":"application-manageresources-display-component---newResourceUnit--SHORT_TEXT","interaction":{"idSuffix":"inner"}},"clearTextFirst":true,"interactionType":"ENTER_TEXT"}]}
RESULT: {"script":"<script> [776 bytes]","args":[{"enterText":"WdIORUEquip10ucnd","selector":{"id":"application-manageresources-display-component---newResourceUnit--SHORT_TEXT","interaction":{"idSuffix":"inner"}},"clearTextFirst":true,"interactionType":"ENTER_TEXT"}]}
RESULT: undefined
COMMAND: POST /session/53c41539dcf78f2848fb30d801739189/execute/async - {"script":"<script> [776 bytes]","args":[{"enterText":"Piece","selector":{"id":"application-manageresources-display-component---newResourceUnit--BASE_UNIT_OF_MEASURE","interaction":{"idSuffix":"inner"}},"clearTextFirst":true,"interactionType":"ENTER_TEXT"}]}
RESULT: {"script":"<script> [776 bytes]","args":[{"enterText":"Piece","selector":{"id":"application-manageresources-display-component---newResourceUnit--BASE_UNIT_OF_MEASURE","interaction":{"idSuffix":"inner"}},"clearTextFirst":true,"interactionType":"ENTER_TEXT"}]}
COMMAND: POST /session/53c41539dcf78f2848fb30d801739189/element - {"using":"xpath","value":"//input[contains(@id ,\"application-manageresources-display-component---newResourceUnit--HIGHER_LEVEL_RESOURCE-inner\")]"}
RESULT: {"using":"xpath","value":"//input[contains(@id ,\"application-manageresources-display-component---newResourceUnit--HIGHER_LEVEL_RESOURCE-inner\")]"}
COMMAND: POST /session/53c41539dcf78f2848fb30d801739189/element/f.AB9978BF0B315C6117297547856C7EDD.d.A2B8F9FDEB722DA515C9AB95934F1DBE.e.1674/value - {"text":"WdIORUGroupcv4nr"}
RESULT: {"text":"WdIORUGroupcv4nr"}
COMMAND: GET /session/53c41539dcf78f2848fb30d801739189/screenshot - {}
RESULT: {}
COMMAND: POST /session/53c41539dcf78f2848fb30d801739189/actions - {"actions":[{"id":"action5","type":"key","parameters":{},"actions":[{"type":"keyDown","value":"î€‡"},{"type":"pause","duration":10},{"type":"keyUp","value":"î€‡"}]}]}
RESULT: {"actions":[{"id":"action5","type":"key","parameters":{},"actions":[{"type":"keyDown","value":"î€‡"},{"type":"pause","duration":10},{"type":"keyUp","value":"î€‡"}]}]}
COMMAND: POST /session/53c41539dcf78f2848fb30d801739189/execute/async - {"script":"<script> [1562 bytes]","args":[{"selector":{"id":"application-manageresources-display-component---newResourceUnit--WEIGHT_UNIT","interaction":{"idSuffix":"inner"}},"wdio_ui5_key":"applicationmanageresources-display-component---newResourceUnit--WEIGHT_UNIT"}]}
COMMAND: GET /session/53c41539dcf78f2848fb30d801739189/screenshot - {}
RESULT: {"script":"<script> [1562 bytes]","args":[{"selector":{"id":"application-manageresources-display-component---newResourceUnit--WEIGHT_UNIT","interaction":{"idSuffix":"inner"}},"wdio_ui5_key":"applicationmanageresources-display-component---newResourceUnit--WEIGHT_UNIT"}]}
RESULT: undefined
COMMAND: POST /session/53c41539dcf78f2848fb30d801739189/execute/async - {"script":"<script> [776 bytes]","args":[{"enterText":"Gram","selector":{"id":"application-manageresources-display-component---newResourceUnit--WEIGHT_UNIT","interaction":{"idSuffix":"inner"}},"clearTextFirst":true,"interactionType":"ENTER_TEXT"}]}
RESULT: {}
RESULT: {"script":"<script> [776 bytes]","args":[{"enterText":"Gram","selector":{"id":"application-manageresources-display-component---newResourceUnit--WEIGHT_UNIT","interaction":{"idSuffix":"inner"}},"clearTextFirst":true,"interactionType":"ENTER_TEXT"}]}
RESULT: undefined
COMMAND: POST /session/53c41539dcf78f2848fb30d801739189/element - {"using":"xpath","value":"//*[@id=\"application-manageresources-display-component---newResourceUnit--newRRUPage-OPHeaderContent-collapseBtn-img\"]"}
RESULT: {"using":"xpath","value":"//*[@id=\"application-manageresources-display-component---newResourceUnit--newRRUPage-OPHeaderContent-collapseBtn-img\"]"}
COMMAND: POST /session/53c41539dcf78f2848fb30d801739189/element/f.AB9978BF0B315C6117297547856C7EDD.d.A2B8F9FDEB722DA515C9AB95934F1DBE.e.1561/click - {}
RESULT: {}
COMMAND: GET /session/53c41539dcf78f2848fb30d801739189/screenshot - {}
RESULT: {}
COMMAND: POST /session/53c41539dcf78f2848fb30d801739189/element - {"using":"xpath","value":"(//span[contains(@id ,\"application-manageresources-display-component---newResourceUnit--DIMENSION_UNIT-arrow\")])[1]"}
RESULT: {"using":"xpath","value":"(//span[contains(@id ,\"application-manageresources-display-component---newResourceUnit--DIMENSION_UNIT-arrow\")])[1]"}
COMMAND: POST /session/53c41539dcf78f2848fb30d801739189/element/f.AB9978BF0B315C6117297547856C7EDD.d.A2B8F9FDEB722DA515C9AB95934F1DBE.e.1797/click - {}
RESULT: {}
COMMAND: GET /session/53c41539dcf78f2848fb30d801739189/screenshot - {}
RESULT: {}
COMMAND: POST /session/53c41539dcf78f2848fb30d801739189/execute/async - {"script":"<script> [1562 bytes]","args":[{"selector":{"controlType":"sap.m.StandardListItem","viewName":"reusables.view.manageresources.NewResourceUnit","viewId":"application-manageresources-display-component---newResourceUnit","properties":{"title":"Centimeter"},"searchOpenDialogs":true,"interaction":{"idSuffix":"titleText"}},"wdio_ui5_key":"reusablesview.manageresources.NewResourceUnitsap.m.StandardListItem{\"title\":\"Centimeter\"}"}]}
RESULT: {"script":"<script> [1562 bytes]","args":[{"selector":{"controlType":"sap.m.StandardListItem","viewName":"reusables.view.manageresources.NewResourceUnit","viewId":"application-manageresources-display-component---newResourceUnit","properties":{"title":"Centimeter"},"searchOpenDialogs":true,"interaction":{"idSuffix":"titleText"}},"wdio_ui5_key":"reusablesview.manageresources.NewResourceUnitsap.m.StandardListItem{\"title\":\"Centimeter\"}"}]}
RESULT: undefined
COMMAND: POST /session/53c41539dcf78f2848fb30d801739189/element - {"using":"xpath","value":"//*[@id=\"__item554\"]"}
RESULT: {"using":"xpath","value":"//*[@id=\"__item554\"]"}
COMMAND: POST /session/53c41539dcf78f2848fb30d801739189/element/f.AB9978BF0B315C6117297547856C7EDD.d.A2B8F9FDEB722DA515C9AB95934F1DBE.e.1799/click - {}
RESULT: {}
COMMAND: GET /session/53c41539dcf78f2848fb30d801739189/screenshot - {}
RESULT: {}
RESULT: undefined
COMMAND: POST /session/53c41539dcf78f2848fb30d801739189/element - {"using":"xpath","value":"//*[@id=\"application-manageresources-display-component---newResourceUnit--newRRUPage-anchBar-application-manageresources-display-component---newResourceUnit--control-anchor\"]"}
RESULT: {"using":"xpath","value":"//*[@id=\"application-manageresources-display-component---newResourceUnit--newRRUPage-anchBar-application-manageresources-display-component---newResourceUnit--control-anchor\"]"}
COMMAND: POST /session/53c41539dcf78f2848fb30d801739189/element/f.AB9978BF0B315C6117297547856C7EDD.d.A2B8F9FDEB722DA515C9AB95934F1DBE.e.1800/click - {}
RESULT: {}
RESULT: undefined
COMMAND: POST /session/53c41539dcf78f2848fb30d801739189/execute/async - {"script":"<script> [776 bytes]","args":[{"enterText":"Heavy Equi","selector":{"id":"application-manageresources-display-component---newResourceUnit--PLANNING_GROUP","interaction":{"idSuffix":"inner"}},"clearTextFirst":true,"interactionType":"ENTER_TEXT"}]}
COMMAND: GET /session/53c41539dcf78f2848fb30d801739189/screenshot - {}
RESULT: {"script":"<script> [776 bytes]","args":[{"enterText":"Heavy Equi","selector":{"id":"application-manageresources-display-component---newResourceUnit--PLANNING_GROUP","interaction":{"idSuffix":"inner"}},"clearTextFirst":true,"interactionType":"ENTER_TEXT"}]}
RESULT: {}
COMMAND: POST /session/53c41539dcf78f2848fb30d801739189/execute/async - {"script":"<script> [1562 bytes]","args":[{"selector":{"id":"application-manageresources-display-component---newResourceUnit--ITEM_TYPE-arrow"},"wdio_ui5_key":"applicationmanageresources-display-component---newResourceUnit--ITEM_TYPE-arrow"}]}
RESULT: {"script":"<script> [1562 bytes]","args":[{"selector":{"id":"application-manageresources-display-component---newResourceUnit--ITEM_TYPE-arrow"},"wdio_ui5_key":"applicationmanageresources-display-component---newResourceUnit--ITEM_TYPE-arrow"}]}
RESULT: undefined
COMMAND: POST /session/53c41539dcf78f2848fb30d801739189/element - {"using":"xpath","value":"//*[@id=\"application-manageresources-display-component---newResourceUnit--ITEM_TYPE-arrow\"]"}
RESULT: {"using":"xpath","value":"//*[@id=\"application-manageresources-display-component---newResourceUnit--ITEM_TYPE-arrow\"]"}
COMMAND: POST /session/53c41539dcf78f2848fb30d801739189/element/f.AB9978BF0B315C6117297547856C7EDD.d.A2B8F9FDEB722DA515C9AB95934F1DBE.e.1804/click - {}
RESULT: {}
COMMAND: POST /session/53c41539dcf78f2848fb30d801739189/execute/async - {"script":"<script> [1562 bytes]","args":[{"selector":{"controlType":"sap.m.StandardListItem","viewName":"reusables.view.manageresources.NewResourceUnit","viewId":"application-manageresources-display-component---newResourceUnit","properties":{"title":"Resource Unit"},"searchOpenDialogs":true,"interaction":{"idSuffix":"titleText"}},"wdio_ui5_key":"reusablesview.manageresources.NewResourceUnitsap.m.StandardListItem{\"title\":\"Resource Unit\"}"}]}
COMMAND: GET /session/53c41539dcf78f2848fb30d801739189/screenshot - {}
RESULT: {"script":"<script> [1562 bytes]","args":[{"selector":{"controlType":"sap.m.StandardListItem","viewName":"reusables.view.manageresources.NewResourceUnit","viewId":"application-manageresources-display-component---newResourceUnit","properties":{"title":"Resource Unit"},"searchOpenDialogs":true,"interaction":{"idSuffix":"titleText"}},"wdio_ui5_key":"reusablesview.manageresources.NewResourceUnitsap.m.StandardListItem{\"title\":\"Resource Unit\"}"}]}
RESULT: undefined
COMMAND: POST /session/53c41539dcf78f2848fb30d801739189/element - {"using":"xpath","value":"//*[@id=\"__item563\"]"}
RESULT: {}
RESULT: {"using":"xpath","value":"//*[@id=\"__item563\"]"}
COMMAND: POST /session/53c41539dcf78f2848fb30d801739189/element/f.AB9978BF0B315C6117297547856C7EDD.d.A2B8F9FDEB722DA515C9AB95934F1DBE.e.1806/click - {}
RESULT: {}
COMMAND: POST /session/53c41539dcf78f2848fb30d801739189/element - {"using":"xpath","value":"//bdi[contains(text(), \"Time Segment\")]"}
COMMAND: GET /session/53c41539dcf78f2848fb30d801739189/screenshot - {}
RESULT: {"using":"xpath","value":"//bdi[contains(text(), \"Time Segment\")]"}
COMMAND: GET /session/53c41539dcf78f2848fb30d801739189/element/f.AB9978BF0B315C6117297547856C7EDD.d.A2B8F9FDEB722DA515C9AB95934F1DBE.e.1807/rect - {}
RESULT: {}
RESULT: {}
COMMAND: GET /session/53c41539dcf78f2848fb30d801739189/window/rect - {}
RESULT: {}
COMMAND: POST /session/53c41539dcf78f2848fb30d801739189/execute/sync - {"script":"<script> [92 bytes]","args":[]}
RESULT: {"script":"<script> [92 bytes]","args":[]}
COMMAND: POST /session/53c41539dcf78f2848fb30d801739189/actions - {"actions":[{"id":"action6","type":"wheel","parameters":{},"actions":[{"type":"scroll","x":-1820,"y":-21,"deltaX":0,"deltaY":0,"duration":0,"origin":{"element-6066-11e4-a52e-4f735466cecf":"f.AB9978BF0B315C6117297547856C7EDD.d.A2B8F9FDEB722DA515C9AB95934F1DBE.e.1807"}}]}]}
COMMAND: GET /session/53c41539dcf78f2848fb30d801739189/screenshot - {}
RESULT: {}
COMMAND: POST /session/53c41539dcf78f2848fb30d801739189/execute/sync - {"script":"<script> [79 bytes]","args":[{"element-6066-11e4-a52e-4f735466cecf":"f.AB9978BF0B315C6117297547856C7EDD.d.A2B8F9FDEB722DA515C9AB95934F1DBE.e.1807","ELEMENT":"f.AB9978BF0B315C6117297547856C7EDD.d.A2B8F9FDEB722DA515C9AB95934F1DBE.e.1807"},{"block":"start","inline":"nearest"}]}
RESULT: {"script":"<script> [79 bytes]","args":[{"element-6066-11e4-a52e-4f735466cecf":"f.AB9978BF0B315C6117297547856C7EDD.d.A2B8F9FDEB722DA515C9AB95934F1DBE.e.1807","ELEMENT":"f.AB9978BF0B315C6117297547856C7EDD.d.A2B8F9FDEB722DA515C9AB95934F1DBE.e.1807"},{"block":"start","inline":"nearest"}]}
RESULT: undefined
COMMAND: POST /session/53c41539dcf78f2848fb30d801739189/element - {"using":"xpath","value":"//*[@id=\"application-manageresources-display-component---newResourceUnit--btnAddTimeSegment-img\"]"}
COMMAND: GET /session/53c41539dcf78f2848fb30d801739189/screenshot - {}
RESULT: {"using":"xpath","value":"//*[@id=\"application-manageresources-display-component---newResourceUnit--btnAddTimeSegment-img\"]"}
COMMAND: POST /session/53c41539dcf78f2848fb30d801739189/element/f.AB9978BF0B315C6117297547856C7EDD.d.A2B8F9FDEB722DA515C9AB95934F1DBE.e.1808/click - {}
RESULT: {}
RESULT: {}
COMMAND: GET /session/53c41539dcf78f2848fb30d801739189/screenshot - {}
RESULT: {}
COMMAND: POST /session/53c41539dcf78f2848fb30d801739189/element - {"using":"xpath","value":"//input[@id=\"application-manageresources-display-component---newResourceUnit--idRuTSAdmin-application-manageresources-display-component---newResourceUnit--RUTimeSegment-0-inner\"]"}
RESULT: {"using":"xpath","value":"//input[@id=\"application-manageresources-display-component---newResourceUnit--idRuTSAdmin-application-manageresources-display-component---newResourceUnit--RUTimeSegment-0-inner\"]"}
COMMAND: POST /session/53c41539dcf78f2848fb30d801739189/element/f.AB9978BF0B315C6117297547856C7EDD.d.A2B8F9FDEB722DA515C9AB95934F1DBE.e.1814/clear - {}
RESULT: {}
COMMAND: POST /session/53c41539dcf78f2848fb30d801739189/element/f.AB9978BF0B315C6117297547856C7EDD.d.A2B8F9FDEB722DA515C9AB95934F1DBE.e.1814/value - {"text":"WebdriverYardlhmfcg"}
COMMAND: GET /session/53c41539dcf78f2848fb30d801739189/screenshot - {}
RESULT: {"text":"WebdriverYardlhmfcg"}
COMMAND: GET /session/53c41539dcf78f2848fb30d801739189/screenshot - {}
RESULT: {}
RESULT: {}
COMMAND: POST /session/53c41539dcf78f2848fb30d801739189/actions - {"actions":[{"id":"action7","type":"key","parameters":{},"actions":[{"type":"keyDown","value":"î€‡"},{"type":"pause","duration":10},{"type":"keyUp","value":"î€‡"}]}]}
RESULT: {"actions":[{"id":"action7","type":"key","parameters":{},"actions":[{"type":"keyDown","value":"î€‡"},{"type":"pause","duration":10},{"type":"keyUp","value":"î€‡"}]}]}
COMMAND: POST /session/53c41539dcf78f2848fb30d801739189/execute/async - {"script":"<script> [1562 bytes]","args":[{"selector":{"controlType":"sap.ui.core.Icon","viewName":"reusables.view.manageresources.NewResourceUnit","viewId":"application-manageresources-display-component---newResourceUnit","properties":{"src":{"regex":{"source":"slim\\-arrow\\-down"}}},"ancestor":{"controlType":"sap.m.ComboBox","viewName":"reusables.view.manageresources.NewResourceUnit","viewId":"application-manageresources-display-component---newResourceUnit","bindingPath":{"path":"/RESOURCE_UNIT_TIME_SEQUENCES/0","propertyPath":"COST_OBJECT_ADMIN_CST_TYPE","modelName":"oNewRruModel"}}},"wdio_ui5_key":"reusablesview.manageresources.NewResourceUnitsap.ui.core.Icon{\"src\":{\"regex\":{\"source\":\"slim\\\\-arrow\\\\-down\"}}}{\"controlType\":\"sap.m.ComboBox\",\"viewName\":\"reusables.view.manageresources.NewResourceUnit\",\"viewId\":\"application-manageresources-display-component---newResourceUnit\",\"bindingPath\":{\"path\":\"/RESOURCE_UNIT_TIME_SEQUENCES/0\",\"propertyPath\":\"COST_OBJECT_ADMIN_CST_TYPE\",\"modelName\":\"oNewRruModel\"}}"}]}
COMMAND: GET /session/53c41539dcf78f2848fb30d801739189/screenshot - {}
RESULT: {"script":"<script> [1562 bytes]","args":[{"selector":{"controlType":"sap.ui.core.Icon","viewName":"reusables.view.manageresources.NewResourceUnit","viewId":"application-manageresources-display-component---newResourceUnit","properties":{"src":{"regex":{"source":"slim\\-arrow\\-down"}}},"ancestor":{"controlType":"sap.m.ComboBox","viewName":"reusables.view.manageresources.NewResourceUnit","viewId":"application-manageresources-display-component---newResourceUnit","bindingPath":{"path":"/RESOURCE_UNIT_TIME_SEQUENCES/0","propertyPath":"COST_OBJECT_ADMIN_CST_TYPE","modelName":"oNewRruModel"}}},"wdio_ui5_key":"reusablesview.manageresources.NewResourceUnitsap.ui.core.Icon{\"src\":{\"regex\":{\"source\":\"slim\\\\-arrow\\\\-down\"}}}{\"controlType\":\"sap.m.ComboBox\",\"viewName\":\"reusables.view.manageresources.NewResourceUnit\",\"viewId\":\"application-manageresources-display-component---newResourceUnit\",\"bindingPath\":{\"path\":\"/RESOURCE_UNIT_TIME_SEQUENCES/0\",\"propertyPath\":\"COST_OBJECT_ADMIN_CST_TYPE\",\"modelName\":\"oNewRruModel\"}}"}]}
RESULT: undefined
COMMAND: POST /session/53c41539dcf78f2848fb30d801739189/element - {"using":"xpath","value":"//*[@id=\"__box5-application-manageresources-display-component---newResourceUnit--RUTimeSegment-0-arrow\"]"}
RESULT: {}
RESULT: {"using":"xpath","value":"//*[@id=\"__box5-application-manageresources-display-component---newResourceUnit--RUTimeSegment-0-arrow\"]"}
COMMAND: POST /session/53c41539dcf78f2848fb30d801739189/element/f.AB9978BF0B315C6117297547856C7EDD.d.A2B8F9FDEB722DA515C9AB95934F1DBE.e.1829/click - {}
RESULT: {}
COMMAND: POST /session/53c41539dcf78f2848fb30d801739189/execute/async - {"script":"<script> [1562 bytes]","args":[{"selector":{"controlType":"sap.m.StandardListItem","viewName":"reusables.view.manageresources.NewResourceUnit","viewId":"application-manageresources-display-component---newResourceUnit","properties":{"title":"PM Order"},"searchOpenDialogs":true,"interaction":{"idSuffix":"titleText"}},"wdio_ui5_key":"reusablesview.manageresources.NewResourceUnitsap.m.StandardListItem{\"title\":\"PM Order\"}"}]}
COMMAND: GET /session/53c41539dcf78f2848fb30d801739189/screenshot - {}
RESULT: {"script":"<script> [1562 bytes]","args":[{"selector":{"controlType":"sap.m.StandardListItem","viewName":"reusables.view.manageresources.NewResourceUnit","viewId":"application-manageresources-display-component---newResourceUnit","properties":{"title":"PM Order"},"searchOpenDialogs":true,"interaction":{"idSuffix":"titleText"}},"wdio_ui5_key":"reusablesview.manageresources.NewResourceUnitsap.m.StandardListItem{\"title\":\"PM Order\"}"}]}
RESULT: undefined
COMMAND: POST /session/53c41539dcf78f2848fb30d801739189/element - {"using":"xpath","value":"//*[@id=\"__item991\"]"}
RESULT: {}
RESULT: {"using":"xpath","value":"//*[@id=\"__item991\"]"}
COMMAND: POST /session/53c41539dcf78f2848fb30d801739189/element/f.AB9978BF0B315C6117297547856C7EDD.d.A2B8F9FDEB722DA515C9AB95934F1DBE.e.1833/click - {}
RESULT: {}
COMMAND: GET /session/53c41539dcf78f2848fb30d801739189/screenshot - {}
RESULT: {}
COMMAND: POST /session/53c41539dcf78f2848fb30d801739189/element - {"using":"xpath","value":"(//input[contains(@id ,\"-application-manageresources-display-component---newResourceUnit--RUTimeSegment-0-inner\")])[8]"}
RESULT: {"using":"xpath","value":"(//input[contains(@id ,\"-application-manageresources-display-component---newResourceUnit--RUTimeSegment-0-inner\")])[8]"}
COMMAND: POST /session/53c41539dcf78f2848fb30d801739189/element/f.AB9978BF0B315C6117297547856C7EDD.d.A2B8F9FDEB722DA515C9AB95934F1DBE.e.1836/clear - {}
RESULT: {}
COMMAND: POST /session/53c41539dcf78f2848fb30d801739189/element/f.AB9978BF0B315C6117297547856C7EDD.d.A2B8F9FDEB722DA515C9AB95934F1DBE.e.1836/value - {"text":"4000360"}
COMMAND: GET /session/53c41539dcf78f2848fb30d801739189/screenshot - {}
RESULT: {"text":"4000360"}
COMMAND: GET /session/53c41539dcf78f2848fb30d801739189/screenshot - {}
RESULT: {}
RESULT: {}
COMMAND: POST /session/53c41539dcf78f2848fb30d801739189/actions - {"actions":[{"id":"action8","type":"key","parameters":{},"actions":[{"type":"keyDown","value":"î€‡"},{"type":"pause","duration":10},{"type":"keyUp","value":"î€‡"}]}]}
RESULT: {"actions":[{"id":"action8","type":"key","parameters":{},"actions":[{"type":"keyDown","value":"î€‡"},{"type":"pause","duration":10},{"type":"keyUp","value":"î€‡"}]}]}
COMMAND: GET /session/53c41539dcf78f2848fb30d801739189/screenshot - {}
RESULT: {}
COMMAND: POST /session/53c41539dcf78f2848fb30d801739189/element - {"using":"xpath","value":"//input[contains(@id ,\"application-manageresources-display-component---newResourceUnit--newTimeSegmentFromDatePicker-application-manageresources-display-component---newResourceUnit--RUTimeSegment-0-inner\")]"}
RESULT: {"using":"xpath","value":"//input[contains(@id ,\"application-manageresources-display-component---newResourceUnit--newTimeSegmentFromDatePicker-application-manageresources-display-component---newResourceUnit--RUTimeSegment-0-inner\")]"}
COMMAND: POST /session/53c41539dcf78f2848fb30d801739189/element/f.AB9978BF0B315C6117297547856C7EDD.d.A2B8F9FDEB722DA515C9AB95934F1DBE.e.1821/clear - {}
RESULT: {}
COMMAND: POST /session/53c41539dcf78f2848fb30d801739189/element/f.AB9978BF0B315C6117297547856C7EDD.d.A2B8F9FDEB722DA515C9AB95934F1DBE.e.1821/clear - {}
COMMAND: GET /session/53c41539dcf78f2848fb30d801739189/screenshot - {}
RESULT: {}
COMMAND: POST /session/53c41539dcf78f2848fb30d801739189/element/f.AB9978BF0B315C6117297547856C7EDD.d.A2B8F9FDEB722DA515C9AB95934F1DBE.e.1821/value - {"text":"06/14/24"}
COMMAND: GET /session/53c41539dcf78f2848fb30d801739189/screenshot - {}
RESULT: {}
RESULT: {"text":"06/14/24"}
COMMAND: POST /session/53c41539dcf78f2848fb30d801739189/execute/async - {"script":"<script> [1562 bytes]","args":[{"selector":{"id":"application-manageresources-display-component---newResourceUnit--newRRUPage-anchBar-application-manageresources-display-component---newResourceUnit--resource-anchor","interaction":{"idSuffix":"BDI-content"}},"wdio_ui5_key":"applicationmanageresources-display-component---newResourceUnit--newRRUPage-anchBar-application-manageresources-display-component---newResourceUnit--resource-anchor"}]}
COMMAND: GET /session/53c41539dcf78f2848fb30d801739189/screenshot - {}
RESULT: {}
RESULT: {"script":"<script> [1562 bytes]","args":[{"selector":{"id":"application-manageresources-display-component---newResourceUnit--newRRUPage-anchBar-application-manageresources-display-component---newResourceUnit--resource-anchor","interaction":{"idSuffix":"BDI-content"}},"wdio_ui5_key":"applicationmanageresources-display-component---newResourceUnit--newRRUPage-anchBar-application-manageresources-display-component---newResourceUnit--resource-anchor"}]}
RESULT: undefined
COMMAND: POST /session/53c41539dcf78f2848fb30d801739189/element - {"using":"xpath","value":"//*[@id=\"application-manageresources-display-component---newResourceUnit--newRRUPage-anchBar-application-manageresources-display-component---newResourceUnit--resource-anchor\"]"}
RESULT: {}
RESULT: {"using":"xpath","value":"//*[@id=\"application-manageresources-display-component---newResourceUnit--newRRUPage-anchBar-application-manageresources-display-component---newResourceUnit--resource-anchor\"]"}
COMMAND: POST /session/53c41539dcf78f2848fb30d801739189/element/f.AB9978BF0B315C6117297547856C7EDD.d.A2B8F9FDEB722DA515C9AB95934F1DBE.e.1843/click - {}
RESULT: {}
COMMAND: POST /session/53c41539dcf78f2848fb30d801739189/execute/async - {"script":"<script> [1562 bytes]","args":[{"selector":{"id":"application-manageresources-display-component---newResourceUnit--PLANNED_DELIVERY_DATE","interaction":{"idSuffix":"inner"}},"wdio_ui5_key":"applicationmanageresources-display-component---newResourceUnit--PLANNED_DELIVERY_DATE"}]}
COMMAND: GET /session/53c41539dcf78f2848fb30d801739189/screenshot - {}
RESULT: {"script":"<script> [1562 bytes]","args":[{"selector":{"id":"application-manageresources-display-component---newResourceUnit--PLANNED_DELIVERY_DATE","interaction":{"idSuffix":"inner"}},"wdio_ui5_key":"applicationmanageresources-display-component---newResourceUnit--PLANNED_DELIVERY_DATE"}]}
RESULT: undefined
COMMAND: POST /session/53c41539dcf78f2848fb30d801739189/execute/async - {"script":"<script> [6424 bytes]","args":[{"element-6066-11e4-a52e-4f735466cecf":"f.AB9978BF0B315C6117297547856C7EDD.d.A2B8F9FDEB722DA515C9AB95934F1DBE.e.1704"},"setValue",["06/14/24"]]}
RESULT: {}
RESULT: {"script":"<script> [6424 bytes]","args":[{"element-6066-11e4-a52e-4f735466cecf":"f.AB9978BF0B315C6117297547856C7EDD.d.A2B8F9FDEB722DA515C9AB95934F1DBE.e.1704"},"setValue",["06/14/24"]]}
COMMAND: POST /session/53c41539dcf78f2848fb30d801739189/execute/async - {"script":"<script> [1562 bytes]","args":[{"selector":{"id":"application-manageresources-display-component---newResourceUnit--RETIRE_PLANNED_DATE","interaction":{"idSuffix":"inner"}},"wdio_ui5_key":"applicationmanageresources-display-component---newResourceUnit--RETIRE_PLANNED_DATE"}]}
RESULT: {"script":"<script> [1562 bytes]","args":[{"selector":{"id":"application-manageresources-display-component---newResourceUnit--RETIRE_PLANNED_DATE","interaction":{"idSuffix":"inner"}},"wdio_ui5_key":"applicationmanageresources-display-component---newResourceUnit--RETIRE_PLANNED_DATE"}]}
RESULT: undefined
COMMAND: POST /session/53c41539dcf78f2848fb30d801739189/execute/async - {"script":"<script> [776 bytes]","args":[{"enterText":"3/14/29","selector":{"id":"application-manageresources-display-component---newResourceUnit--RETIRE_PLANNED_DATE","interaction":{"idSuffix":"inner"}},"clearTextFirst":true,"interactionType":"ENTER_TEXT"}]}
RESULT: {"script":"<script> [776 bytes]","args":[{"enterText":"3/14/29","selector":{"id":"application-manageresources-display-component---newResourceUnit--RETIRE_PLANNED_DATE","interaction":{"idSuffix":"inner"}},"clearTextFirst":true,"interactionType":"ENTER_TEXT"}]}
RESULT: undefined
COMMAND: POST /session/53c41539dcf78f2848fb30d801739189/element - {"using":"xpath","value":"//*[@id=\"application-manageresources-display-component---newResourceUnit--createRuButton\"]"}
RESULT: {"using":"xpath","value":"//*[@id=\"application-manageresources-display-component---newResourceUnit--createRuButton\"]"}
COMMAND: POST /session/53c41539dcf78f2848fb30d801739189/element/f.AB9978BF0B315C6117297547856C7EDD.d.A2B8F9FDEB722DA515C9AB95934F1DBE.e.1567/click - {}
RESULT: {}
COMMAND: GET /session/53c41539dcf78f2848fb30d801739189/screenshot - {}
RESULT: {}
COMMAND: POST /session/53c41539dcf78f2848fb30d801739189/element - {"using":"xpath","value":"(//bdi[contains(text(), \"Close\")])[1]"}
RESULT: {"using":"xpath","value":"(//bdi[contains(text(), \"Close\")])[1]"}
COMMAND: POST /session/53c41539dcf78f2848fb30d801739189/element/f.AB9978BF0B315C6117297547856C7EDD.d.A2B8F9FDEB722DA515C9AB95934F1DBE.e.1852/click - {}
RESULT: {}
COMMAND: GET /session/53c41539dcf78f2848fb30d801739189/screenshot - {}
RESULT: {}
]]></system-out>
    </testcase>
    <testcase classname="chrome.136_0_7103_93.windows.Related_resources_for_groups_US139107" name="Should create one more equipment using copy function and add it to the group" time="74.899">
      <system-out><![CDATA[
COMMAND: POST /session/53c41539dcf78f2848fb30d801739189/element - {"using":"xpath","value":"//span[contains(@id ,\"actionsToolbar-overflowButton-img\")]"}
RESULT: {"using":"xpath","value":"//span[contains(@id ,\"actionsToolbar-overflowButton-img\")]"}
COMMAND: POST /session/53c41539dcf78f2848fb30d801739189/execute/sync - {"script":"<script> [8489 bytes]","args":[{"element-6066-11e4-a52e-4f735466cecf":"f.AB9978BF0B315C6117297547856C7EDD.d.A2B8F9FDEB722DA515C9AB95934F1DBE.e.1870","ELEMENT":"f.AB9978BF0B315C6117297547856C7EDD.d.A2B8F9FDEB722DA515C9AB95934F1DBE.e.1870"}]}
RESULT: {"script":"<script> [8489 bytes]","args":[{"element-6066-11e4-a52e-4f735466cecf":"f.AB9978BF0B315C6117297547856C7EDD.d.A2B8F9FDEB722DA515C9AB95934F1DBE.e.1870","ELEMENT":"f.AB9978BF0B315C6117297547856C7EDD.d.A2B8F9FDEB722DA515C9AB95934F1DBE.e.1870"}]}
COMMAND: POST /session/53c41539dcf78f2848fb30d801739189/execute/sync - {"script":"<script> [5351 bytes]","args":[{"element-6066-11e4-a52e-4f735466cecf":"f.AB9978BF0B315C6117297547856C7EDD.d.A2B8F9FDEB722DA515C9AB95934F1DBE.e.1870","ELEMENT":"f.AB9978BF0B315C6117297547856C7EDD.d.A2B8F9FDEB722DA515C9AB95934F1DBE.e.1870"}]}
COMMAND: GET /session/53c41539dcf78f2848fb30d801739189/screenshot - {}
RESULT: {"script":"<script> [5351 bytes]","args":[{"element-6066-11e4-a52e-4f735466cecf":"f.AB9978BF0B315C6117297547856C7EDD.d.A2B8F9FDEB722DA515C9AB95934F1DBE.e.1870","ELEMENT":"f.AB9978BF0B315C6117297547856C7EDD.d.A2B8F9FDEB722DA515C9AB95934F1DBE.e.1870"}]}
COMMAND: GET /session/53c41539dcf78f2848fb30d801739189/screenshot - {}
COMMAND: POST /session/53c41539dcf78f2848fb30d801739189/execute/sync - {"script":"<script> [8489 bytes]","args":[{"element-6066-11e4-a52e-4f735466cecf":"f.AB9978BF0B315C6117297547856C7EDD.d.A2B8F9FDEB722DA515C9AB95934F1DBE.e.1870","ELEMENT":"f.AB9978BF0B315C6117297547856C7EDD.d.A2B8F9FDEB722DA515C9AB95934F1DBE.e.1870"}]}
RESULT: {}
RESULT: {}
RESULT: {"script":"<script> [8489 bytes]","args":[{"element-6066-11e4-a52e-4f735466cecf":"f.AB9978BF0B315C6117297547856C7EDD.d.A2B8F9FDEB722DA515C9AB95934F1DBE.e.1870","ELEMENT":"f.AB9978BF0B315C6117297547856C7EDD.d.A2B8F9FDEB722DA515C9AB95934F1DBE.e.1870"}]}
COMMAND: POST /session/53c41539dcf78f2848fb30d801739189/execute/sync - {"script":"<script> [5351 bytes]","args":[{"element-6066-11e4-a52e-4f735466cecf":"f.AB9978BF0B315C6117297547856C7EDD.d.A2B8F9FDEB722DA515C9AB95934F1DBE.e.1870","ELEMENT":"f.AB9978BF0B315C6117297547856C7EDD.d.A2B8F9FDEB722DA515C9AB95934F1DBE.e.1870"}]}
COMMAND: GET /session/53c41539dcf78f2848fb30d801739189/screenshot - {}
RESULT: {"script":"<script> [5351 bytes]","args":[{"element-6066-11e4-a52e-4f735466cecf":"f.AB9978BF0B315C6117297547856C7EDD.d.A2B8F9FDEB722DA515C9AB95934F1DBE.e.1870","ELEMENT":"f.AB9978BF0B315C6117297547856C7EDD.d.A2B8F9FDEB722DA515C9AB95934F1DBE.e.1870"}]}
COMMAND: GET /session/53c41539dcf78f2848fb30d801739189/screenshot - {}
COMMAND: POST /session/53c41539dcf78f2848fb30d801739189/execute/sync - {"script":"<script> [8489 bytes]","args":[{"element-6066-11e4-a52e-4f735466cecf":"f.AB9978BF0B315C6117297547856C7EDD.d.A2B8F9FDEB722DA515C9AB95934F1DBE.e.1870","ELEMENT":"f.AB9978BF0B315C6117297547856C7EDD.d.A2B8F9FDEB722DA515C9AB95934F1DBE.e.1870"}]}
RESULT: {}
COMMAND: POST /session/53c41539dcf78f2848fb30d801739189/element - {"using":"xpath","value":"//span[contains(@id ,\"actionsToolbar-overflowButton-img\")]"}
RESULT: {}
RESULT: {"using":"xpath","value":"//span[contains(@id ,\"actionsToolbar-overflowButton-img\")]"}
COMMAND: POST /session/53c41539dcf78f2848fb30d801739189/execute/sync - {"script":"<script> [8489 bytes]","args":[{"element-6066-11e4-a52e-4f735466cecf":"f.AB9978BF0B315C6117297547856C7EDD.d.A2B8F9FDEB722DA515C9AB95934F1DBE.e.1874","ELEMENT":"f.AB9978BF0B315C6117297547856C7EDD.d.A2B8F9FDEB722DA515C9AB95934F1DBE.e.1874"}]}
RESULT: {"script":"<script> [8489 bytes]","args":[{"element-6066-11e4-a52e-4f735466cecf":"f.AB9978BF0B315C6117297547856C7EDD.d.A2B8F9FDEB722DA515C9AB95934F1DBE.e.1874","ELEMENT":"f.AB9978BF0B315C6117297547856C7EDD.d.A2B8F9FDEB722DA515C9AB95934F1DBE.e.1874"}]}
COMMAND: POST /session/53c41539dcf78f2848fb30d801739189/execute/sync - {"script":"<script> [5351 bytes]","args":[{"element-6066-11e4-a52e-4f735466cecf":"f.AB9978BF0B315C6117297547856C7EDD.d.A2B8F9FDEB722DA515C9AB95934F1DBE.e.1874","ELEMENT":"f.AB9978BF0B315C6117297547856C7EDD.d.A2B8F9FDEB722DA515C9AB95934F1DBE.e.1874"}]}
COMMAND: GET /session/53c41539dcf78f2848fb30d801739189/screenshot - {}
RESULT: {"script":"<script> [5351 bytes]","args":[{"element-6066-11e4-a52e-4f735466cecf":"f.AB9978BF0B315C6117297547856C7EDD.d.A2B8F9FDEB722DA515C9AB95934F1DBE.e.1874","ELEMENT":"f.AB9978BF0B315C6117297547856C7EDD.d.A2B8F9FDEB722DA515C9AB95934F1DBE.e.1874"}]}
COMMAND: POST /session/53c41539dcf78f2848fb30d801739189/element/f.AB9978BF0B315C6117297547856C7EDD.d.A2B8F9FDEB722DA515C9AB95934F1DBE.e.1874/click - {}
COMMAND: GET /session/53c41539dcf78f2848fb30d801739189/screenshot - {}
RESULT: {}
RESULT: {}
COMMAND: GET /session/53c41539dcf78f2848fb30d801739189/screenshot - {}
RESULT: {}
RESULT: {}
COMMAND: POST /session/53c41539dcf78f2848fb30d801739189/execute/async - {"script":"<script> [1562 bytes]","args":[{"selector":{"controlType":"sap.m.Button","viewName":"etm.portal.ui.manageresources.view.Detail","viewId":"application-manageresources-display-component---detailRU","i18NText":{"propertyName":"text","key":"copy"},"interaction":{"idSuffix":"BDI-content"}},"wdio_ui5_key":"etmportal.ui.manageresources.view.Detailsap.m.Button{\"propertyName\":\"text\",\"key\":\"copy\"}"}]}
RESULT: {"script":"<script> [1562 bytes]","args":[{"selector":{"controlType":"sap.m.Button","viewName":"etm.portal.ui.manageresources.view.Detail","viewId":"application-manageresources-display-component---detailRU","i18NText":{"propertyName":"text","key":"copy"},"interaction":{"idSuffix":"BDI-content"}},"wdio_ui5_key":"etmportal.ui.manageresources.view.Detailsap.m.Button{\"propertyName\":\"text\",\"key\":\"copy\"}"}]}
RESULT: undefined
COMMAND: POST /session/53c41539dcf78f2848fb30d801739189/element - {"using":"xpath","value":"//*[@id=\"__button31\"]"}
RESULT: {"using":"xpath","value":"//*[@id=\"__button31\"]"}
COMMAND: POST /session/53c41539dcf78f2848fb30d801739189/element/f.AB9978BF0B315C6117297547856C7EDD.d.A2B8F9FDEB722DA515C9AB95934F1DBE.e.1878/click - {}
RESULT: {}
COMMAND: GET /session/53c41539dcf78f2848fb30d801739189/screenshot - {}
RESULT: {}
COMMAND: POST /session/53c41539dcf78f2848fb30d801739189/execute/async - {"script":"<script> [1562 bytes]","args":[{"selector":{"controlType":"sap.m.Button","viewName":"etm.portal.ui.manageresources.view.Detail","viewId":"application-manageresources-display-component---detailRU","i18NText":{"propertyName":"text","key":"selectAll"},"searchOpenDialogs":true,"interaction":{"idSuffix":"BDI-content"}},"wdio_ui5_key":"etmportal.ui.manageresources.view.Detailsap.m.Button{\"propertyName\":\"text\",\"key\":\"selectAll\"}"}]}
RESULT: {"script":"<script> [1562 bytes]","args":[{"selector":{"controlType":"sap.m.Button","viewName":"etm.portal.ui.manageresources.view.Detail","viewId":"application-manageresources-display-component---detailRU","i18NText":{"propertyName":"text","key":"selectAll"},"searchOpenDialogs":true,"interaction":{"idSuffix":"BDI-content"}},"wdio_ui5_key":"etmportal.ui.manageresources.view.Detailsap.m.Button{\"propertyName\":\"text\",\"key\":\"selectAll\"}"}]}
RESULT: undefined
COMMAND: POST /session/53c41539dcf78f2848fb30d801739189/element - {"using":"xpath","value":"//*[@id=\"__button79\"]"}
RESULT: {"using":"xpath","value":"//*[@id=\"__button79\"]"}
COMMAND: POST /session/53c41539dcf78f2848fb30d801739189/element/f.AB9978BF0B315C6117297547856C7EDD.d.A2B8F9FDEB722DA515C9AB95934F1DBE.e.1879/click - {}
RESULT: {}
COMMAND: GET /session/53c41539dcf78f2848fb30d801739189/screenshot - {}
RESULT: {}
COMMAND: POST /session/53c41539dcf78f2848fb30d801739189/execute/async - {"script":"<script> [1562 bytes]","args":[{"selector":{"controlType":"sap.m.Button","viewName":"etm.portal.ui.manageresources.view.Detail","viewId":"application-manageresources-display-component---detailRU","i18NText":{"propertyName":"text","key":"confirm"},"searchOpenDialogs":true,"interaction":{"idSuffix":"content"}},"wdio_ui5_key":"etmportal.ui.manageresources.view.Detailsap.m.Button{\"propertyName\":\"text\",\"key\":\"confirm\"}"}]}
RESULT: {"script":"<script> [1562 bytes]","args":[{"selector":{"controlType":"sap.m.Button","viewName":"etm.portal.ui.manageresources.view.Detail","viewId":"application-manageresources-display-component---detailRU","i18NText":{"propertyName":"text","key":"confirm"},"searchOpenDialogs":true,"interaction":{"idSuffix":"content"}},"wdio_ui5_key":"etmportal.ui.manageresources.view.Detailsap.m.Button{\"propertyName\":\"text\",\"key\":\"confirm\"}"}]}
RESULT: undefined
COMMAND: POST /session/53c41539dcf78f2848fb30d801739189/element - {"using":"xpath","value":"//*[@id=\"__button80\"]"}
RESULT: {"using":"xpath","value":"//*[@id=\"__button80\"]"}
COMMAND: POST /session/53c41539dcf78f2848fb30d801739189/element/f.AB9978BF0B315C6117297547856C7EDD.d.A2B8F9FDEB722DA515C9AB95934F1DBE.e.1903/click - {}
RESULT: {}
COMMAND: GET /session/53c41539dcf78f2848fb30d801739189/screenshot - {}
RESULT: {}
COMMAND: POST /session/53c41539dcf78f2848fb30d801739189/element - {"using":"xpath","value":"(//span[contains(@id ,\"expandBtn-inner\")])[2]"}
RESULT: {"using":"xpath","value":"(//span[contains(@id ,\"expandBtn-inner\")])[2]"}
COMMAND: POST /session/53c41539dcf78f2848fb30d801739189/element/f.AB9978BF0B315C6117297547856C7EDD.d.A2B8F9FDEB722DA515C9AB95934F1DBE.e.1917/click - {}
RESULT: {}
COMMAND: GET /session/53c41539dcf78f2848fb30d801739189/screenshot - {}
RESULT: {}
COMMAND: POST /session/53c41539dcf78f2848fb30d801739189/element - {"using":"xpath","value":"//input[contains(@id ,\"application-manageresources-display-component---newResourceUnit--resourceId-inner\")]"}
RESULT: {"using":"xpath","value":"//input[contains(@id ,\"application-manageresources-display-component---newResourceUnit--resourceId-inner\")]"}
COMMAND: POST /session/53c41539dcf78f2848fb30d801739189/element/f.AB9978BF0B315C6117297547856C7EDD.d.A2B8F9FDEB722DA515C9AB95934F1DBE.e.1669/clear - {}
RESULT: {}
COMMAND: POST /session/53c41539dcf78f2848fb30d801739189/element/f.AB9978BF0B315C6117297547856C7EDD.d.A2B8F9FDEB722DA515C9AB95934F1DBE.e.1669/value - {"text":"WdIORUEquip2tc1ug"}
COMMAND: GET /session/53c41539dcf78f2848fb30d801739189/screenshot - {}
RESULT: {"text":"WdIORUEquip2tc1ug"}
COMMAND: POST /session/53c41539dcf78f2848fb30d801739189/element - {"using":"xpath","value":"//input[contains(@id ,\"application-manageresources-display-component---newResourceUnit--SHORT_TEXT-inner\")]"}
COMMAND: GET /session/53c41539dcf78f2848fb30d801739189/screenshot - {}
RESULT: {}
RESULT: {"using":"xpath","value":"//input[contains(@id ,\"application-manageresources-display-component---newResourceUnit--SHORT_TEXT-inner\")]"}
COMMAND: POST /session/53c41539dcf78f2848fb30d801739189/element/f.AB9978BF0B315C6117297547856C7EDD.d.A2B8F9FDEB722DA515C9AB95934F1DBE.e.1670/clear - {}
RESULT: {}
RESULT: {}
COMMAND: POST /session/53c41539dcf78f2848fb30d801739189/element/f.AB9978BF0B315C6117297547856C7EDD.d.A2B8F9FDEB722DA515C9AB95934F1DBE.e.1670/clear - {}
COMMAND: GET /session/53c41539dcf78f2848fb30d801739189/screenshot - {}
RESULT: {}
COMMAND: POST /session/53c41539dcf78f2848fb30d801739189/element/f.AB9978BF0B315C6117297547856C7EDD.d.A2B8F9FDEB722DA515C9AB95934F1DBE.e.1670/value - {"text":"WdIORUEquip2tc1ug"}
COMMAND: GET /session/53c41539dcf78f2848fb30d801739189/screenshot - {}
RESULT: {}
RESULT: {"text":"WdIORUEquip2tc1ug"}
COMMAND: POST /session/53c41539dcf78f2848fb30d801739189/element - {"using":"xpath","value":"//bdi[contains(text(), \"Time Segment\")]"}
COMMAND: GET /session/53c41539dcf78f2848fb30d801739189/screenshot - {}
RESULT: {}
RESULT: {"using":"xpath","value":"//bdi[contains(text(), \"Time Segment\")]"}
COMMAND: GET /session/53c41539dcf78f2848fb30d801739189/element/f.AB9978BF0B315C6117297547856C7EDD.d.A2B8F9FDEB722DA515C9AB95934F1DBE.e.1807/rect - {}
RESULT: {}
RESULT: {}
COMMAND: GET /session/53c41539dcf78f2848fb30d801739189/window/rect - {}
RESULT: {}
COMMAND: POST /session/53c41539dcf78f2848fb30d801739189/execute/sync - {"script":"<script> [92 bytes]","args":[]}
RESULT: {"script":"<script> [92 bytes]","args":[]}
COMMAND: POST /session/53c41539dcf78f2848fb30d801739189/actions - {"actions":[{"id":"action9","type":"wheel","parameters":{},"actions":[{"type":"scroll","x":-1820,"y":1110,"deltaX":0,"deltaY":0,"duration":0,"origin":{"element-6066-11e4-a52e-4f735466cecf":"f.AB9978BF0B315C6117297547856C7EDD.d.A2B8F9FDEB722DA515C9AB95934F1DBE.e.1807"}}]}]}
COMMAND: GET /session/53c41539dcf78f2848fb30d801739189/screenshot - {}
RESULT: {}
COMMAND: POST /session/53c41539dcf78f2848fb30d801739189/execute/sync - {"script":"<script> [79 bytes]","args":[{"element-6066-11e4-a52e-4f735466cecf":"f.AB9978BF0B315C6117297547856C7EDD.d.A2B8F9FDEB722DA515C9AB95934F1DBE.e.1807","ELEMENT":"f.AB9978BF0B315C6117297547856C7EDD.d.A2B8F9FDEB722DA515C9AB95934F1DBE.e.1807"},{"block":"start","inline":"nearest"}]}
RESULT: {"script":"<script> [79 bytes]","args":[{"element-6066-11e4-a52e-4f735466cecf":"f.AB9978BF0B315C6117297547856C7EDD.d.A2B8F9FDEB722DA515C9AB95934F1DBE.e.1807","ELEMENT":"f.AB9978BF0B315C6117297547856C7EDD.d.A2B8F9FDEB722DA515C9AB95934F1DBE.e.1807"},{"block":"start","inline":"nearest"}]}
COMMAND: GET /session/53c41539dcf78f2848fb30d801739189/screenshot - {}
RESULT: {}
COMMAND: POST /session/53c41539dcf78f2848fb30d801739189/element - {"using":"xpath","value":"//input[@id=\"application-manageresources-display-component---newResourceUnit--idRuTSAdmin-application-manageresources-display-component---newResourceUnit--RUTimeSegment-0-inner\"]"}
RESULT: {"using":"xpath","value":"//input[@id=\"application-manageresources-display-component---newResourceUnit--idRuTSAdmin-application-manageresources-display-component---newResourceUnit--RUTimeSegment-0-inner\"]"}
COMMAND: POST /session/53c41539dcf78f2848fb30d801739189/element/f.AB9978BF0B315C6117297547856C7EDD.d.A2B8F9FDEB722DA515C9AB95934F1DBE.e.1814/clear - {}
RESULT: {}
COMMAND: POST /session/53c41539dcf78f2848fb30d801739189/element/f.AB9978BF0B315C6117297547856C7EDD.d.A2B8F9FDEB722DA515C9AB95934F1DBE.e.1814/value - {"text":"WebdriverYardlhmfcg"}
COMMAND: GET /session/53c41539dcf78f2848fb30d801739189/screenshot - {}
RESULT: {"text":"WebdriverYardlhmfcg"}
COMMAND: GET /session/53c41539dcf78f2848fb30d801739189/screenshot - {}
RESULT: {}
RESULT: {}
COMMAND: POST /session/53c41539dcf78f2848fb30d801739189/actions - {"actions":[{"id":"action10","type":"key","parameters":{},"actions":[{"type":"keyDown","value":"î€‡"},{"type":"pause","duration":10},{"type":"keyUp","value":"î€‡"}]}]}
RESULT: {"actions":[{"id":"action10","type":"key","parameters":{},"actions":[{"type":"keyDown","value":"î€‡"},{"type":"pause","duration":10},{"type":"keyUp","value":"î€‡"}]}]}
COMMAND: GET /session/53c41539dcf78f2848fb30d801739189/screenshot - {}
RESULT: {}
RESULT: undefined
COMMAND: POST /session/53c41539dcf78f2848fb30d801739189/element - {"using":"xpath","value":"//*[@id=\"__box5-application-manageresources-display-component---newResourceUnit--RUTimeSegment-0-arrow\"]"}
RESULT: {"using":"xpath","value":"//*[@id=\"__box5-application-manageresources-display-component---newResourceUnit--RUTimeSegment-0-arrow\"]"}
COMMAND: POST /session/53c41539dcf78f2848fb30d801739189/element/f.AB9978BF0B315C6117297547856C7EDD.d.A2B8F9FDEB722DA515C9AB95934F1DBE.e.1829/click - {}
RESULT: {}
COMMAND: GET /session/53c41539dcf78f2848fb30d801739189/screenshot - {}
RESULT: {}
COMMAND: POST /session/53c41539dcf78f2848fb30d801739189/element - {"using":"xpath","value":"//span[contains(@id ,\"titleText\")][contains(text(), \"PM Order\")]"}
RESULT: {"using":"xpath","value":"//span[contains(@id ,\"titleText\")][contains(text(), \"PM Order\")]"}
COMMAND: POST /session/53c41539dcf78f2848fb30d801739189/element/f.AB9978BF0B315C6117297547856C7EDD.d.A2B8F9FDEB722DA515C9AB95934F1DBE.e.1989/click - {}
RESULT: {}
COMMAND: GET /session/53c41539dcf78f2848fb30d801739189/screenshot - {}
RESULT: {}
COMMAND: POST /session/53c41539dcf78f2848fb30d801739189/element - {"using":"xpath","value":"(//input[contains(@id ,\"-application-manageresources-display-component---newResourceUnit--RUTimeSegment-0-inner\")])[8]"}
RESULT: {"using":"xpath","value":"(//input[contains(@id ,\"-application-manageresources-display-component---newResourceUnit--RUTimeSegment-0-inner\")])[8]"}
COMMAND: POST /session/53c41539dcf78f2848fb30d801739189/element/f.AB9978BF0B315C6117297547856C7EDD.d.A2B8F9FDEB722DA515C9AB95934F1DBE.e.1992/clear - {}
RESULT: {}
COMMAND: POST /session/53c41539dcf78f2848fb30d801739189/element/f.AB9978BF0B315C6117297547856C7EDD.d.A2B8F9FDEB722DA515C9AB95934F1DBE.e.1992/value - {"text":"4000360"}
COMMAND: GET /session/53c41539dcf78f2848fb30d801739189/screenshot - {}
RESULT: {"text":"4000360"}
COMMAND: GET /session/53c41539dcf78f2848fb30d801739189/screenshot - {}
RESULT: {}
RESULT: {}
COMMAND: POST /session/53c41539dcf78f2848fb30d801739189/actions - {"actions":[{"id":"action11","type":"key","parameters":{},"actions":[{"type":"keyDown","value":"î€‡"},{"type":"pause","duration":10},{"type":"keyUp","value":"î€‡"}]}]}
RESULT: {"actions":[{"id":"action11","type":"key","parameters":{},"actions":[{"type":"keyDown","value":"î€‡"},{"type":"pause","duration":10},{"type":"keyUp","value":"î€‡"}]}]}
COMMAND: GET /session/53c41539dcf78f2848fb30d801739189/screenshot - {}
RESULT: {}
RESULT: undefined
COMMAND: POST /session/53c41539dcf78f2848fb30d801739189/element - {"using":"xpath","value":"//*[@id=\"application-manageresources-display-component---newResourceUnit--createRuButton\"]"}
RESULT: {"using":"xpath","value":"//*[@id=\"application-manageresources-display-component---newResourceUnit--createRuButton\"]"}
COMMAND: POST /session/53c41539dcf78f2848fb30d801739189/element/f.AB9978BF0B315C6117297547856C7EDD.d.A2B8F9FDEB722DA515C9AB95934F1DBE.e.1567/click - {}
RESULT: {}
COMMAND: GET /session/53c41539dcf78f2848fb30d801739189/screenshot - {}
RESULT: {}
COMMAND: POST /session/53c41539dcf78f2848fb30d801739189/element - {"using":"xpath","value":"(//bdi[contains(text(), \"Close\")])[1]"}
RESULT: {"using":"xpath","value":"(//bdi[contains(text(), \"Close\")])[1]"}
COMMAND: POST /session/53c41539dcf78f2848fb30d801739189/element/f.AB9978BF0B315C6117297547856C7EDD.d.A2B8F9FDEB722DA515C9AB95934F1DBE.e.2014/click - {}
RESULT: {}
COMMAND: GET /session/53c41539dcf78f2848fb30d801739189/screenshot - {}
RESULT: {}
]]></system-out>
    </testcase>
    <testcase classname="chrome.136_0_7103_93.windows.Related_resources_for_groups_US139107" name="Should verify the Yard Overview hyperlinks in related resource" time="123.976">
      <system-out><![CDATA[
COMMAND: POST /session/53c41539dcf78f2848fb30d801739189/execute/async - {"script":"<script> [1562 bytes]","args":[{"selector":{"controlType":"sap.ui.core.Icon","viewName":"etm.portal.ui.manageresources.view.Detail","viewId":"application-manageresources-display-component---detailRU","properties":{"src":{"regex":{"source":"decline"}}}},"wdio_ui5_key":"etmportal.ui.manageresources.view.Detailsap.ui.core.Icon{\"src\":{\"regex\":{\"source\":\"decline\"}}}"}]}
RESULT: {"script":"<script> [1562 bytes]","args":[{"selector":{"controlType":"sap.ui.core.Icon","viewName":"etm.portal.ui.manageresources.view.Detail","viewId":"application-manageresources-display-component---detailRU","properties":{"src":{"regex":{"source":"decline"}}}},"wdio_ui5_key":"etmportal.ui.manageresources.view.Detailsap.ui.core.Icon{\"src\":{\"regex\":{\"source\":\"decline\"}}}"}]}
RESULT: undefined
COMMAND: POST /session/53c41539dcf78f2848fb30d801739189/element - {"using":"xpath","value":"//input[contains(@id ,\"application-manageresources-display-component---masterRU--smartFilterBar-btnBasicSearch-I\")]"}
RESULT: {"using":"xpath","value":"//input[contains(@id ,\"application-manageresources-display-component---masterRU--smartFilterBar-btnBasicSearch-I\")]"}
COMMAND: POST /session/53c41539dcf78f2848fb30d801739189/element/f.AB9978BF0B315C6117297547856C7EDD.d.A2B8F9FDEB722DA515C9AB95934F1DBE.e.1210/value - {"text":"WdIORUGroupcv4nr"}
RESULT: {"text":"WdIORUGroupcv4nr"}
COMMAND: GET /session/53c41539dcf78f2848fb30d801739189/screenshot - {}
RESULT: {}
COMMAND: POST /session/53c41539dcf78f2848fb30d801739189/actions - {"actions":[{"id":"action12","type":"key","parameters":{},"actions":[{"type":"keyDown","value":"î€‡"},{"type":"pause","duration":10},{"type":"keyUp","value":"î€‡"}]}]}
RESULT: {"actions":[{"id":"action12","type":"key","parameters":{},"actions":[{"type":"keyDown","value":"î€‡"},{"type":"pause","duration":10},{"type":"keyUp","value":"î€‡"}]}]}
COMMAND: GET /session/53c41539dcf78f2848fb30d801739189/screenshot - {}
RESULT: {}
COMMAND: POST /session/53c41539dcf78f2848fb30d801739189/execute/async - {"script":"<script> [1562 bytes]","args":[{"selector":{"controlType":"sap.ui.core.Icon","viewName":"etm.portal.ui.manageresources.view.Master","viewId":"application-manageresources-display-component---masterRU","properties":{"src":{"regex":{"source":"slim\\-arrow\\-right"}}}},"wdio_ui5_key":"etmportal.ui.manageresources.view.Mastersap.ui.core.Icon{\"src\":{\"regex\":{\"source\":\"slim\\\\-arrow\\\\-right\"}}}"}]}
RESULT: {"script":"<script> [1562 bytes]","args":[{"selector":{"controlType":"sap.ui.core.Icon","viewName":"etm.portal.ui.manageresources.view.Master","viewId":"application-manageresources-display-component---masterRU","properties":{"src":{"regex":{"source":"slim\\-arrow\\-right"}}}},"wdio_ui5_key":"etmportal.ui.manageresources.view.Mastersap.ui.core.Icon{\"src\":{\"regex\":{\"source\":\"slim\\\\-arrow\\\\-right\"}}}"}]}
RESULT: undefined
COMMAND: POST /session/53c41539dcf78f2848fb30d801739189/element - {"using":"xpath","value":"//*[@id=\"__item35-__clone109-imgNav\"]"}
RESULT: {"using":"xpath","value":"//*[@id=\"__item35-__clone109-imgNav\"]"}
COMMAND: POST /session/53c41539dcf78f2848fb30d801739189/element/f.AB9978BF0B315C6117297547856C7EDD.d.A2B8F9FDEB722DA515C9AB95934F1DBE.e.1380/click - {}
RESULT: {}
COMMAND: GET /session/53c41539dcf78f2848fb30d801739189/screenshot - {}
RESULT: {}
COMMAND: POST /session/53c41539dcf78f2848fb30d801739189/element - {"using":"xpath","value":"//bdi[contains(@id ,\"application-manageresources-display-component---detailRU--openRelatedRus-BDI-content\")]"}
RESULT: {"using":"xpath","value":"//bdi[contains(@id ,\"application-manageresources-display-component---detailRU--openRelatedRus-BDI-content\")]"}
COMMAND: POST /session/53c41539dcf78f2848fb30d801739189/execute/sync - {"script":"<script> [8489 bytes]","args":[{"element-6066-11e4-a52e-4f735466cecf":"f.AB9978BF0B315C6117297547856C7EDD.d.A2B8F9FDEB722DA515C9AB95934F1DBE.e.2071","ELEMENT":"f.AB9978BF0B315C6117297547856C7EDD.d.A2B8F9FDEB722DA515C9AB95934F1DBE.e.2071"}]}
RESULT: {"script":"<script> [8489 bytes]","args":[{"element-6066-11e4-a52e-4f735466cecf":"f.AB9978BF0B315C6117297547856C7EDD.d.A2B8F9FDEB722DA515C9AB95934F1DBE.e.2071","ELEMENT":"f.AB9978BF0B315C6117297547856C7EDD.d.A2B8F9FDEB722DA515C9AB95934F1DBE.e.2071"}]}
COMMAND: POST /session/53c41539dcf78f2848fb30d801739189/execute/sync - {"script":"<script> [5351 bytes]","args":[{"element-6066-11e4-a52e-4f735466cecf":"f.AB9978BF0B315C6117297547856C7EDD.d.A2B8F9FDEB722DA515C9AB95934F1DBE.e.2071","ELEMENT":"f.AB9978BF0B315C6117297547856C7EDD.d.A2B8F9FDEB722DA515C9AB95934F1DBE.e.2071"}]}
COMMAND: GET /session/53c41539dcf78f2848fb30d801739189/screenshot - {}
RESULT: {"script":"<script> [5351 bytes]","args":[{"element-6066-11e4-a52e-4f735466cecf":"f.AB9978BF0B315C6117297547856C7EDD.d.A2B8F9FDEB722DA515C9AB95934F1DBE.e.2071","ELEMENT":"f.AB9978BF0B315C6117297547856C7EDD.d.A2B8F9FDEB722DA515C9AB95934F1DBE.e.2071"}]}
COMMAND: POST /session/53c41539dcf78f2848fb30d801739189/element/f.AB9978BF0B315C6117297547856C7EDD.d.A2B8F9FDEB722DA515C9AB95934F1DBE.e.2071/click - {}
COMMAND: GET /session/53c41539dcf78f2848fb30d801739189/screenshot - {}
RESULT: {}
RESULT: {}
COMMAND: GET /session/53c41539dcf78f2848fb30d801739189/screenshot - {}
RESULT: {}
RESULT: {}
COMMAND: POST /session/53c41539dcf78f2848fb30d801739189/element - {"using":"xpath","value":"//*[contains(@data-kt ,\"openRUIdMenuLink\")]"}
RESULT: {"using":"xpath","value":"//*[contains(@data-kt ,\"openRUIdMenuLink\")]"}
COMMAND: POST /session/53c41539dcf78f2848fb30d801739189/execute/sync - {"script":"<script> [8489 bytes]","args":[{"element-6066-11e4-a52e-4f735466cecf":"f.AB9978BF0B315C6117297547856C7EDD.d.A2B8F9FDEB722DA515C9AB95934F1DBE.e.2076","ELEMENT":"f.AB9978BF0B315C6117297547856C7EDD.d.A2B8F9FDEB722DA515C9AB95934F1DBE.e.2076"}]}
RESULT: {"script":"<script> [8489 bytes]","args":[{"element-6066-11e4-a52e-4f735466cecf":"f.AB9978BF0B315C6117297547856C7EDD.d.A2B8F9FDEB722DA515C9AB95934F1DBE.e.2076","ELEMENT":"f.AB9978BF0B315C6117297547856C7EDD.d.A2B8F9FDEB722DA515C9AB95934F1DBE.e.2076"}]}
COMMAND: POST /session/53c41539dcf78f2848fb30d801739189/execute/sync - {"script":"<script> [5351 bytes]","args":[{"element-6066-11e4-a52e-4f735466cecf":"f.AB9978BF0B315C6117297547856C7EDD.d.A2B8F9FDEB722DA515C9AB95934F1DBE.e.2076","ELEMENT":"f.AB9978BF0B315C6117297547856C7EDD.d.A2B8F9FDEB722DA515C9AB95934F1DBE.e.2076"}]}
COMMAND: GET /session/53c41539dcf78f2848fb30d801739189/screenshot - {}
RESULT: {"script":"<script> [5351 bytes]","args":[{"element-6066-11e4-a52e-4f735466cecf":"f.AB9978BF0B315C6117297547856C7EDD.d.A2B8F9FDEB722DA515C9AB95934F1DBE.e.2076","ELEMENT":"f.AB9978BF0B315C6117297547856C7EDD.d.A2B8F9FDEB722DA515C9AB95934F1DBE.e.2076"}]}
COMMAND: POST /session/53c41539dcf78f2848fb30d801739189/execute/async - {"script":"<script> [1562 bytes]","args":[{"selector":{"id":"RelatedRUsFragmentID--smartTableRUs-header","searchOpenDialogs":true},"wdio_ui5_key":"RelatedRUsFragmentIDsmartTableRUs-header"}]}
COMMAND: GET /session/53c41539dcf78f2848fb30d801739189/screenshot - {}
RESULT: {}
RESULT: {"script":"<script> [1562 bytes]","args":[{"selector":{"id":"RelatedRUsFragmentID--smartTableRUs-header","searchOpenDialogs":true},"wdio_ui5_key":"RelatedRUsFragmentIDsmartTableRUs-header"}]}
RESULT: undefined
COMMAND: POST /session/53c41539dcf78f2848fb30d801739189/execute/async - {"script":"<script> [6424 bytes]","args":[{"element-6066-11e4-a52e-4f735466cecf":"f.AB9978BF0B315C6117297547856C7EDD.d.A2B8F9FDEB722DA515C9AB95934F1DBE.e.2077"},"getText",[]]}
RESULT: {}
RESULT: {"script":"<script> [6424 bytes]","args":[{"element-6066-11e4-a52e-4f735466cecf":"f.AB9978BF0B315C6117297547856C7EDD.d.A2B8F9FDEB722DA515C9AB95934F1DBE.e.2077"},"getText",[]]}
COMMAND: POST /session/53c41539dcf78f2848fb30d801739189/element/f.AB9978BF0B315C6117297547856C7EDD.d.A2B8F9FDEB722DA515C9AB95934F1DBE.e.2076/click - {}
RESULT: {}
COMMAND: GET /session/53c41539dcf78f2848fb30d801739189/screenshot - {}
RESULT: {}
COMMAND: POST /session/53c41539dcf78f2848fb30d801739189/element - {"using":"xpath","value":"//*[contains(@data-kt ,\"ContextMenuId2Link\")][contains(text(), \"RU Overview\")]"}
RESULT: {"using":"xpath","value":"//*[contains(@data-kt ,\"ContextMenuId2Link\")][contains(text(), \"RU Overview\")]"}
COMMAND: POST /session/53c41539dcf78f2848fb30d801739189/execute/sync - {"script":"<script> [8489 bytes]","args":[{"element-6066-11e4-a52e-4f735466cecf":"f.AB9978BF0B315C6117297547856C7EDD.d.A2B8F9FDEB722DA515C9AB95934F1DBE.e.2079","ELEMENT":"f.AB9978BF0B315C6117297547856C7EDD.d.A2B8F9FDEB722DA515C9AB95934F1DBE.e.2079"}]}
COMMAND: POST /session/53c41539dcf78f2848fb30d801739189/element/f.AB9978BF0B315C6117297547856C7EDD.d.A2B8F9FDEB722DA515C9AB95934F1DBE.e.2079/click - {}
RESULT: {"script":"<script> [8489 bytes]","args":[{"element-6066-11e4-a52e-4f735466cecf":"f.AB9978BF0B315C6117297547856C7EDD.d.A2B8F9FDEB722DA515C9AB95934F1DBE.e.2079","ELEMENT":"f.AB9978BF0B315C6117297547856C7EDD.d.A2B8F9FDEB722DA515C9AB95934F1DBE.e.2079"}]}
COMMAND: GET /session/53c41539dcf78f2848fb30d801739189/screenshot - {}
RESULT: {}
COMMAND: GET /session/53c41539dcf78f2848fb30d801739189/screenshot - {}
RESULT: {}
RESULT: {}
COMMAND: POST /session/53c41539dcf78f2848fb30d801739189/execute/async - {"script":"<script> [1562 bytes]","args":[{"selector":{"id":"shellAppTitle"},"wdio_ui5_key":"shellAppTitle"}]}
RESULT: {"script":"<script> [1562 bytes]","args":[{"selector":{"id":"shellAppTitle"},"wdio_ui5_key":"shellAppTitle"}]}
RESULT: undefined
COMMAND: POST /session/53c41539dcf78f2848fb30d801739189/execute/async - {"script":"<script> [6424 bytes]","args":[{"element-6066-11e4-a52e-4f735466cecf":"f.AB9978BF0B315C6117297547856C7EDD.d.A2B8F9FDEB722DA515C9AB95934F1DBE.e.2334"},"getTitle",[]]}
RESULT: {"script":"<script> [6424 bytes]","args":[{"element-6066-11e4-a52e-4f735466cecf":"f.AB9978BF0B315C6117297547856C7EDD.d.A2B8F9FDEB722DA515C9AB95934F1DBE.e.2334"},"getTitle",[]]}
COMMAND: POST /session/53c41539dcf78f2848fb30d801739189/element - {"using":"xpath","value":"//span[contains(@id ,\"application-manageresources-display-component---detailRU--snappedTitle-inner\")][contains(text(), \"WdIORUEquip10ucnd\")]"}
RESULT: {"using":"xpath","value":"//span[contains(@id ,\"application-manageresources-display-component---detailRU--snappedTitle-inner\")][contains(text(), \"WdIORUEquip10ucnd\")]"}
COMMAND: POST /session/53c41539dcf78f2848fb30d801739189/execute/sync - {"script":"<script> [8489 bytes]","args":[{"element-6066-11e4-a52e-4f735466cecf":"f.AB9978BF0B315C6117297547856C7EDD.d.A2B8F9FDEB722DA515C9AB95934F1DBE.e.2335","ELEMENT":"f.AB9978BF0B315C6117297547856C7EDD.d.A2B8F9FDEB722DA515C9AB95934F1DBE.e.2335"}]}
COMMAND: POST /session/53c41539dcf78f2848fb30d801739189/execute/async - {"script":"<script> [1562 bytes]","args":[{"selector":{"id":"backBtn"},"wdio_ui5_key":"backBtn"}]}
RESULT: {"script":"<script> [1562 bytes]","args":[{"selector":{"id":"backBtn"},"wdio_ui5_key":"backBtn"}]}
RESULT: undefined
COMMAND: POST /session/53c41539dcf78f2848fb30d801739189/element - {"using":"xpath","value":"//*[@id=\"backBtn\"]"}
RESULT: {"script":"<script> [8489 bytes]","args":[{"element-6066-11e4-a52e-4f735466cecf":"f.AB9978BF0B315C6117297547856C7EDD.d.A2B8F9FDEB722DA515C9AB95934F1DBE.e.2335","ELEMENT":"f.AB9978BF0B315C6117297547856C7EDD.d.A2B8F9FDEB722DA515C9AB95934F1DBE.e.2335"}]}
COMMAND: GET /session/53c41539dcf78f2848fb30d801739189/screenshot - {}
RESULT: {"using":"xpath","value":"//*[@id=\"backBtn\"]"}
COMMAND: POST /session/53c41539dcf78f2848fb30d801739189/element/f.AB9978BF0B315C6117297547856C7EDD.d.A2B8F9FDEB722DA515C9AB95934F1DBE.e.2336/click - {}
RESULT: {}
RESULT: {}
COMMAND: GET /session/53c41539dcf78f2848fb30d801739189/screenshot - {}
RESULT: {}
COMMAND: POST /session/53c41539dcf78f2848fb30d801739189/execute/sync - {"script":"<script> [8489 bytes]","args":[{"element-6066-11e4-a52e-4f735466cecf":"f.AB9978BF0B315C6117297547856C7EDD.d.A2B8F9FDEB722DA515C9AB95934F1DBE.e.2071","ELEMENT":"f.AB9978BF0B315C6117297547856C7EDD.d.A2B8F9FDEB722DA515C9AB95934F1DBE.e.2071"}]}
COMMAND: POST /session/53c41539dcf78f2848fb30d801739189/element - {"using":"xpath","value":"//bdi[contains(@id ,\"application-manageresources-display-component---detailRU--openRelatedRus-BDI-content\")]"}
RESULT: {"using":"xpath","value":"//bdi[contains(@id ,\"application-manageresources-display-component---detailRU--openRelatedRus-BDI-content\")]"}
COMMAND: POST /session/53c41539dcf78f2848fb30d801739189/execute/sync - {"script":"<script> [8489 bytes]","args":[{"element-6066-11e4-a52e-4f735466cecf":"f.AB9978BF0B315C6117297547856C7EDD.d.A2B8F9FDEB722DA515C9AB95934F1DBE.e.2698","ELEMENT":"f.AB9978BF0B315C6117297547856C7EDD.d.A2B8F9FDEB722DA515C9AB95934F1DBE.e.2698"}]}
RESULT: {"script":"<script> [8489 bytes]","args":[{"element-6066-11e4-a52e-4f735466cecf":"f.AB9978BF0B315C6117297547856C7EDD.d.A2B8F9FDEB722DA515C9AB95934F1DBE.e.2698","ELEMENT":"f.AB9978BF0B315C6117297547856C7EDD.d.A2B8F9FDEB722DA515C9AB95934F1DBE.e.2698"}]}
COMMAND: POST /session/53c41539dcf78f2848fb30d801739189/execute/sync - {"script":"<script> [5351 bytes]","args":[{"element-6066-11e4-a52e-4f735466cecf":"f.AB9978BF0B315C6117297547856C7EDD.d.A2B8F9FDEB722DA515C9AB95934F1DBE.e.2698","ELEMENT":"f.AB9978BF0B315C6117297547856C7EDD.d.A2B8F9FDEB722DA515C9AB95934F1DBE.e.2698"}]}
COMMAND: GET /session/53c41539dcf78f2848fb30d801739189/screenshot - {}
RESULT: {"script":"<script> [5351 bytes]","args":[{"element-6066-11e4-a52e-4f735466cecf":"f.AB9978BF0B315C6117297547856C7EDD.d.A2B8F9FDEB722DA515C9AB95934F1DBE.e.2698","ELEMENT":"f.AB9978BF0B315C6117297547856C7EDD.d.A2B8F9FDEB722DA515C9AB95934F1DBE.e.2698"}]}
COMMAND: POST /session/53c41539dcf78f2848fb30d801739189/element/f.AB9978BF0B315C6117297547856C7EDD.d.A2B8F9FDEB722DA515C9AB95934F1DBE.e.2698/click - {}
COMMAND: GET /session/53c41539dcf78f2848fb30d801739189/screenshot - {}
RESULT: {}
RESULT: {}
COMMAND: GET /session/53c41539dcf78f2848fb30d801739189/screenshot - {}
RESULT: {}
RESULT: {}
COMMAND: POST /session/53c41539dcf78f2848fb30d801739189/execute/sync - {"script":"<script> [8489 bytes]","args":[{"element-6066-11e4-a52e-4f735466cecf":"f.AB9978BF0B315C6117297547856C7EDD.d.A2B8F9FDEB722DA515C9AB95934F1DBE.e.2076","ELEMENT":"f.AB9978BF0B315C6117297547856C7EDD.d.A2B8F9FDEB722DA515C9AB95934F1DBE.e.2076"}]}
COMMAND: POST /session/53c41539dcf78f2848fb30d801739189/element - {"using":"xpath","value":"//*[contains(@data-kt ,\"openRUIdMenuLink\")]"}
RESULT: {"using":"xpath","value":"//*[contains(@data-kt ,\"openRUIdMenuLink\")]"}
COMMAND: POST /session/53c41539dcf78f2848fb30d801739189/execute/sync - {"script":"<script> [8489 bytes]","args":[{"element-6066-11e4-a52e-4f735466cecf":"f.AB9978BF0B315C6117297547856C7EDD.d.A2B8F9FDEB722DA515C9AB95934F1DBE.e.2702","ELEMENT":"f.AB9978BF0B315C6117297547856C7EDD.d.A2B8F9FDEB722DA515C9AB95934F1DBE.e.2702"}]}
RESULT: {"script":"<script> [8489 bytes]","args":[{"element-6066-11e4-a52e-4f735466cecf":"f.AB9978BF0B315C6117297547856C7EDD.d.A2B8F9FDEB722DA515C9AB95934F1DBE.e.2702","ELEMENT":"f.AB9978BF0B315C6117297547856C7EDD.d.A2B8F9FDEB722DA515C9AB95934F1DBE.e.2702"}]}
COMMAND: POST /session/53c41539dcf78f2848fb30d801739189/execute/sync - {"script":"<script> [5351 bytes]","args":[{"element-6066-11e4-a52e-4f735466cecf":"f.AB9978BF0B315C6117297547856C7EDD.d.A2B8F9FDEB722DA515C9AB95934F1DBE.e.2702","ELEMENT":"f.AB9978BF0B315C6117297547856C7EDD.d.A2B8F9FDEB722DA515C9AB95934F1DBE.e.2702"}]}
COMMAND: GET /session/53c41539dcf78f2848fb30d801739189/screenshot - {}
RESULT: {"script":"<script> [5351 bytes]","args":[{"element-6066-11e4-a52e-4f735466cecf":"f.AB9978BF0B315C6117297547856C7EDD.d.A2B8F9FDEB722DA515C9AB95934F1DBE.e.2702","ELEMENT":"f.AB9978BF0B315C6117297547856C7EDD.d.A2B8F9FDEB722DA515C9AB95934F1DBE.e.2702"}]}
COMMAND: POST /session/53c41539dcf78f2848fb30d801739189/element/f.AB9978BF0B315C6117297547856C7EDD.d.A2B8F9FDEB722DA515C9AB95934F1DBE.e.2702/click - {}
COMMAND: GET /session/53c41539dcf78f2848fb30d801739189/screenshot - {}
RESULT: {}
RESULT: {}
COMMAND: GET /session/53c41539dcf78f2848fb30d801739189/screenshot - {}
RESULT: {}
RESULT: {}
COMMAND: POST /session/53c41539dcf78f2848fb30d801739189/element - {"using":"xpath","value":"//button[contains(@data-kt ,\"ContextMenuExternalId2Link\")]"}
RESULT: {"using":"xpath","value":"//button[contains(@data-kt ,\"ContextMenuExternalId2Link\")]"}
COMMAND: POST /session/53c41539dcf78f2848fb30d801739189/element/f.AB9978BF0B315C6117297547856C7EDD.d.A2B8F9FDEB722DA515C9AB95934F1DBE.e.2703/click - {}
RESULT: {}
COMMAND: GET /session/53c41539dcf78f2848fb30d801739189/screenshot - {}
RESULT: {}
COMMAND: GET /session/53c41539dcf78f2848fb30d801739189/window/handles - {}
RESULT: {}
COMMAND: POST /session/53c41539dcf78f2848fb30d801739189/window - {"handle":"8A6E5616472547011711B7E5695A4441"}
RESULT: {"handle":"8A6E5616472547011711B7E5695A4441"}
COMMAND: GET /session/53c41539dcf78f2848fb30d801739189/url - {}
RESULT: {}
COMMAND: GET /session/53c41539dcf78f2848fb30d801739189/screenshot - {}
RESULT: {}
COMMAND: POST /session/53c41539dcf78f2848fb30d801739189/execute/sync - {"script":"<script> [8489 bytes]","args":[{"element-6066-11e4-a52e-4f735466cecf":"f.AB9978BF0B315C6117297547856C7EDD.d.A2B8F9FDEB722DA515C9AB95934F1DBE.e.2335","ELEMENT":"f.AB9978BF0B315C6117297547856C7EDD.d.A2B8F9FDEB722DA515C9AB95934F1DBE.e.2335"}]}
COMMAND: DELETE /session/53c41539dcf78f2848fb30d801739189/window - {}
RESULT: {}
COMMAND: POST /session/53c41539dcf78f2848fb30d801739189/window - {"handle":"AB9978BF0B315C6117297547856C7EDD"}
RESULT: {"handle":"AB9978BF0B315C6117297547856C7EDD"}
COMMAND: GET /session/53c41539dcf78f2848fb30d801739189/url - {}
COMMAND: POST /session/53c41539dcf78f2848fb30d801739189/element - {"using":"xpath","value":"//span[contains(@id ,\"application-manageresources-display-component---detailRU--snappedTitle-inner\")][contains(text(), \"WdIORUEquip10ucnd\")]"}
RESULT: {}
COMMAND: GET /session/53c41539dcf78f2848fb30d801739189/screenshot - {}
RESULT: {"using":"xpath","value":"//span[contains(@id ,\"application-manageresources-display-component---detailRU--snappedTitle-inner\")][contains(text(), \"WdIORUEquip10ucnd\")]"}
COMMAND: POST /session/53c41539dcf78f2848fb30d801739189/element - {"using":"xpath","value":"//span[contains(@id ,\"application-manageresources-display-component---detailRU--snappedTitle-inner\")][contains(text(), \"WdIORUEquip10ucnd\")]"}
RESULT: {}
RESULT: {"using":"xpath","value":"//span[contains(@id ,\"application-manageresources-display-component---detailRU--snappedTitle-inner\")][contains(text(), \"WdIORUEquip10ucnd\")]"}
COMMAND: POST /session/53c41539dcf78f2848fb30d801739189/element - {"using":"xpath","value":"//span[contains(@id ,\"application-manageresources-display-component---detailRU--snappedTitle-inner\")][contains(text(), \"WdIORUEquip10ucnd\")]"}
RESULT: {"using":"xpath","value":"//span[contains(@id ,\"application-manageresources-display-component---detailRU--snappedTitle-inner\")][contains(text(), \"WdIORUEquip10ucnd\")]"}
COMMAND: POST /session/53c41539dcf78f2848fb30d801739189/element - {"using":"xpath","value":"//span[contains(@id ,\"application-manageresources-display-component---detailRU--snappedTitle-inner\")][contains(text(), \"WdIORUEquip10ucnd\")]"}
RESULT: {"using":"xpath","value":"//span[contains(@id ,\"application-manageresources-display-component---detailRU--snappedTitle-inner\")][contains(text(), \"WdIORUEquip10ucnd\")]"}
COMMAND: POST /session/53c41539dcf78f2848fb30d801739189/element - {"using":"xpath","value":"//span[contains(@id ,\"application-manageresources-display-component---detailRU--snappedTitle-inner\")][contains(text(), \"WdIORUEquip10ucnd\")]"}
RESULT: {"using":"xpath","value":"//span[contains(@id ,\"application-manageresources-display-component---detailRU--snappedTitle-inner\")][contains(text(), \"WdIORUEquip10ucnd\")]"}
COMMAND: POST /session/53c41539dcf78f2848fb30d801739189/element - {"using":"xpath","value":"//span[contains(@id ,\"application-manageresources-display-component---detailRU--snappedTitle-inner\")][contains(text(), \"WdIORUEquip10ucnd\")]"}
RESULT: {"using":"xpath","value":"//span[contains(@id ,\"application-manageresources-display-component---detailRU--snappedTitle-inner\")][contains(text(), \"WdIORUEquip10ucnd\")]"}
COMMAND: POST /session/53c41539dcf78f2848fb30d801739189/element - {"using":"xpath","value":"//span[contains(@id ,\"application-manageresources-display-component---detailRU--snappedTitle-inner\")][contains(text(), \"WdIORUEquip10ucnd\")]"}
RESULT: {"using":"xpath","value":"//span[contains(@id ,\"application-manageresources-display-component---detailRU--snappedTitle-inner\")][contains(text(), \"WdIORUEquip10ucnd\")]"}
COMMAND: POST /session/53c41539dcf78f2848fb30d801739189/element - {"using":"xpath","value":"//span[contains(@id ,\"application-manageresources-display-component---detailRU--snappedTitle-inner\")][contains(text(), \"WdIORUEquip10ucnd\")]"}
RESULT: {"using":"xpath","value":"//span[contains(@id ,\"application-manageresources-display-component---detailRU--snappedTitle-inner\")][contains(text(), \"WdIORUEquip10ucnd\")]"}
]]></system-out>
    </testcase>
    <testcase classname="chrome.136_0_7103_93.windows.Related_resources_for_groups_US139107" name="Should verify the current location hyperlinks in related resources" time="179.808">
      <system-out><![CDATA[
COMMAND: POST /session/53c41539dcf78f2848fb30d801739189/element - {"using":"xpath","value":"//*[contains(@data-kt ,\"openLocationActionMenuLink\")]"}
RESULT: {"using":"xpath","value":"//*[contains(@data-kt ,\"openLocationActionMenuLink\")]"}
COMMAND: POST /session/53c41539dcf78f2848fb30d801739189/execute/sync - {"script":"<script> [8489 bytes]","args":[{"element-6066-11e4-a52e-4f735466cecf":"f.AB9978BF0B315C6117297547856C7EDD.d.A2B8F9FDEB722DA515C9AB95934F1DBE.e.2717","ELEMENT":"f.AB9978BF0B315C6117297547856C7EDD.d.A2B8F9FDEB722DA515C9AB95934F1DBE.e.2717"}]}
RESULT: {"script":"<script> [8489 bytes]","args":[{"element-6066-11e4-a52e-4f735466cecf":"f.AB9978BF0B315C6117297547856C7EDD.d.A2B8F9FDEB722DA515C9AB95934F1DBE.e.2717","ELEMENT":"f.AB9978BF0B315C6117297547856C7EDD.d.A2B8F9FDEB722DA515C9AB95934F1DBE.e.2717"}]}
COMMAND: POST /session/53c41539dcf78f2848fb30d801739189/execute/sync - {"script":"<script> [5351 bytes]","args":[{"element-6066-11e4-a52e-4f735466cecf":"f.AB9978BF0B315C6117297547856C7EDD.d.A2B8F9FDEB722DA515C9AB95934F1DBE.e.2717","ELEMENT":"f.AB9978BF0B315C6117297547856C7EDD.d.A2B8F9FDEB722DA515C9AB95934F1DBE.e.2717"}]}
COMMAND: GET /session/53c41539dcf78f2848fb30d801739189/screenshot - {}
RESULT: {"script":"<script> [5351 bytes]","args":[{"element-6066-11e4-a52e-4f735466cecf":"f.AB9978BF0B315C6117297547856C7EDD.d.A2B8F9FDEB722DA515C9AB95934F1DBE.e.2717","ELEMENT":"f.AB9978BF0B315C6117297547856C7EDD.d.A2B8F9FDEB722DA515C9AB95934F1DBE.e.2717"}]}
COMMAND: POST /session/53c41539dcf78f2848fb30d801739189/element/f.AB9978BF0B315C6117297547856C7EDD.d.A2B8F9FDEB722DA515C9AB95934F1DBE.e.2717/click - {}
COMMAND: GET /session/53c41539dcf78f2848fb30d801739189/screenshot - {}
COMMAND: POST /session/53c41539dcf78f2848fb30d801739189/element - {"using":"xpath","value":"//span[contains(@id ,\"application-manageresources-display-component---detailRU--snappedTitle-inner\")][contains(text(), \"WdIORUEquip10ucnd\")]"}
RESULT: {}
RESULT: {}
COMMAND: GET /session/53c41539dcf78f2848fb30d801739189/screenshot - {}
RESULT: {}
RESULT: {"using":"xpath","value":"//span[contains(@id ,\"application-manageresources-display-component---detailRU--snappedTitle-inner\")][contains(text(), \"WdIORUEquip10ucnd\")]"}
RESULT: {}
COMMAND: POST /session/53c41539dcf78f2848fb30d801739189/element - {"using":"xpath","value":"//span[contains(@id ,\"application-manageresources-display-component---detailRU--snappedTitle-inner\")][contains(text(), \"WdIORUEquip10ucnd\")]"}
RESULT: {"using":"xpath","value":"//span[contains(@id ,\"application-manageresources-display-component---detailRU--snappedTitle-inner\")][contains(text(), \"WdIORUEquip10ucnd\")]"}
COMMAND: POST /session/53c41539dcf78f2848fb30d801739189/element - {"using":"xpath","value":"//span[contains(@id ,\"application-manageresources-display-component---detailRU--snappedTitle-inner\")][contains(text(), \"WdIORUEquip10ucnd\")]"}
RESULT: {"using":"xpath","value":"//span[contains(@id ,\"application-manageresources-display-component---detailRU--snappedTitle-inner\")][contains(text(), \"WdIORUEquip10ucnd\")]"}
COMMAND: POST /session/53c41539dcf78f2848fb30d801739189/element - {"using":"xpath","value":"//span[contains(@id ,\"application-manageresources-display-component---detailRU--snappedTitle-inner\")][contains(text(), \"WdIORUEquip10ucnd\")]"}
RESULT: {"using":"xpath","value":"//span[contains(@id ,\"application-manageresources-display-component---detailRU--snappedTitle-inner\")][contains(text(), \"WdIORUEquip10ucnd\")]"}
COMMAND: POST /session/53c41539dcf78f2848fb30d801739189/element - {"using":"xpath","value":"//a[contains(@class ,\"sapMLnk sapMLnkMaxWidth sapUiTinyMarginTop\")][contains(text(), \"Yard Overview\")]"}
RESULT: {"using":"xpath","value":"//a[contains(@class ,\"sapMLnk sapMLnkMaxWidth sapUiTinyMarginTop\")][contains(text(), \"Yard Overview\")]"}
COMMAND: POST /session/53c41539dcf78f2848fb30d801739189/execute/sync - {"script":"<script> [8489 bytes]","args":[{"element-6066-11e4-a52e-4f735466cecf":"f.AB9978BF0B315C6117297547856C7EDD.d.A2B8F9FDEB722DA515C9AB95934F1DBE.e.2719","ELEMENT":"f.AB9978BF0B315C6117297547856C7EDD.d.A2B8F9FDEB722DA515C9AB95934F1DBE.e.2719"}]}
COMMAND: POST /session/53c41539dcf78f2848fb30d801739189/element - {"using":"xpath","value":"//a[contains(@class ,\"sapMLnk sapMLnkMaxWidth sapUiTinyMarginTop\")][contains(text(), \"Yard Address\")]"}
RESULT: {"using":"xpath","value":"//a[contains(@class ,\"sapMLnk sapMLnkMaxWidth sapUiTinyMarginTop\")][contains(text(), \"Yard Address\")]"}
COMMAND: POST /session/53c41539dcf78f2848fb30d801739189/execute/sync - {"script":"<script> [8489 bytes]","args":[{"element-6066-11e4-a52e-4f735466cecf":"f.AB9978BF0B315C6117297547856C7EDD.d.A2B8F9FDEB722DA515C9AB95934F1DBE.e.2720","ELEMENT":"f.AB9978BF0B315C6117297547856C7EDD.d.A2B8F9FDEB722DA515C9AB95934F1DBE.e.2720"}]}
COMMAND: POST /session/53c41539dcf78f2848fb30d801739189/element/f.AB9978BF0B315C6117297547856C7EDD.d.A2B8F9FDEB722DA515C9AB95934F1DBE.e.2719/click - {}
RESULT: {"script":"<script> [8489 bytes]","args":[{"element-6066-11e4-a52e-4f735466cecf":"f.AB9978BF0B315C6117297547856C7EDD.d.A2B8F9FDEB722DA515C9AB95934F1DBE.e.2719","ELEMENT":"f.AB9978BF0B315C6117297547856C7EDD.d.A2B8F9FDEB722DA515C9AB95934F1DBE.e.2719"}]}
COMMAND: GET /session/53c41539dcf78f2848fb30d801739189/screenshot - {}
COMMAND: POST /session/53c41539dcf78f2848fb30d801739189/element - {"using":"xpath","value":"//span[contains(@id ,\"application-manageresources-display-component---detailRU--snappedTitle-inner\")][contains(text(), \"WdIORUEquip10ucnd\")]"}
RESULT: {}
COMMAND: GET /session/53c41539dcf78f2848fb30d801739189/screenshot - {}
RESULT: {"script":"<script> [8489 bytes]","args":[{"element-6066-11e4-a52e-4f735466cecf":"f.AB9978BF0B315C6117297547856C7EDD.d.A2B8F9FDEB722DA515C9AB95934F1DBE.e.2720","ELEMENT":"f.AB9978BF0B315C6117297547856C7EDD.d.A2B8F9FDEB722DA515C9AB95934F1DBE.e.2720"}]}
COMMAND: GET /session/53c41539dcf78f2848fb30d801739189/screenshot - {}
RESULT: {}
RESULT: {"using":"xpath","value":"//span[contains(@id ,\"application-manageresources-display-component---detailRU--snappedTitle-inner\")][contains(text(), \"WdIORUEquip10ucnd\")]"}
COMMAND: POST /session/53c41539dcf78f2848fb30d801739189/element - {"using":"xpath","value":"//span[contains(@id ,\"application-manageresources-display-component---detailRU--snappedTitle-inner\")][contains(text(), \"WdIORUEquip10ucnd\")]"}
RESULT: {}
RESULT: {}
RESULT: {"using":"xpath","value":"//span[contains(@id ,\"application-manageresources-display-component---detailRU--snappedTitle-inner\")][contains(text(), \"WdIORUEquip10ucnd\")]"}
COMMAND: POST /session/53c41539dcf78f2848fb30d801739189/element - {"using":"xpath","value":"//span[contains(@id ,\"application-manageresources-display-component---detailRU--snappedTitle-inner\")][contains(text(), \"WdIORUEquip10ucnd\")]"}
RESULT: {"using":"xpath","value":"//span[contains(@id ,\"application-manageresources-display-component---detailRU--snappedTitle-inner\")][contains(text(), \"WdIORUEquip10ucnd\")]"}
COMMAND: POST /session/53c41539dcf78f2848fb30d801739189/element - {"using":"xpath","value":"//span[contains(@id ,\"application-manageresources-display-component---detailRU--snappedTitle-inner\")][contains(text(), \"WdIORUEquip10ucnd\")]"}
RESULT: {"using":"xpath","value":"//span[contains(@id ,\"application-manageresources-display-component---detailRU--snappedTitle-inner\")][contains(text(), \"WdIORUEquip10ucnd\")]"}
COMMAND: POST /session/53c41539dcf78f2848fb30d801739189/element - {"using":"xpath","value":"//span[contains(@id ,\"application-manageresources-display-component---detailRU--snappedTitle-inner\")][contains(text(), \"WdIORUEquip10ucnd\")]"}
RESULT: {"using":"xpath","value":"//span[contains(@id ,\"application-manageresources-display-component---detailRU--snappedTitle-inner\")][contains(text(), \"WdIORUEquip10ucnd\")]"}
COMMAND: POST /session/53c41539dcf78f2848fb30d801739189/element - {"using":"xpath","value":"//span[contains(@id ,\"application-manageresources-display-component---detailRU--snappedTitle-inner\")][contains(text(), \"WdIORUEquip10ucnd\")]"}
RESULT: {"using":"xpath","value":"//span[contains(@id ,\"application-manageresources-display-component---detailRU--snappedTitle-inner\")][contains(text(), \"WdIORUEquip10ucnd\")]"}
COMMAND: POST /session/53c41539dcf78f2848fb30d801739189/element - {"using":"xpath","value":"//span[contains(@id ,\"application-manageresources-display-component---detailRU--snappedTitle-inner\")][contains(text(), \"WdIORUEquip10ucnd\")]"}
RESULT: {"using":"xpath","value":"//span[contains(@id ,\"application-manageresources-display-component---detailRU--snappedTitle-inner\")][contains(text(), \"WdIORUEquip10ucnd\")]"}
RESULT: undefined
COMMAND: POST /session/53c41539dcf78f2848fb30d801739189/execute/async - {"script":"<script> [6424 bytes]","args":[{"element-6066-11e4-a52e-4f735466cecf":"f.AB9978BF0B315C6117297547856C7EDD.d.A2B8F9FDEB722DA515C9AB95934F1DBE.e.2334"},"getTitle",[]]}
COMMAND: POST /session/53c41539dcf78f2848fb30d801739189/execute/async - {"script":"<script> [1562 bytes]","args":[{"selector":{"id":"shellAppTitle"},"wdio_ui5_key":"shellAppTitle"}]}
COMMAND: POST /session/53c41539dcf78f2848fb30d801739189/element - {"using":"xpath","value":"//span[contains(@id ,\"application-manageresources-display-component---detailRU--snappedTitle-inner\")][contains(text(), \"WdIORUEquip10ucnd\")]"}
RESULT: {"script":"<script> [1562 bytes]","args":[{"selector":{"id":"shellAppTitle"},"wdio_ui5_key":"shellAppTitle"}]}
COMMAND: POST /session/53c41539dcf78f2848fb30d801739189/execute/async - {"script":"<script> [6424 bytes]","args":[{"element-6066-11e4-a52e-4f735466cecf":"f.AB9978BF0B315C6117297547856C7EDD.d.A2B8F9FDEB722DA515C9AB95934F1DBE.e.2845"},"getTitle",[]]}
RESULT: {"using":"xpath","value":"//span[contains(@id ,\"application-manageresources-display-component---detailRU--snappedTitle-inner\")][contains(text(), \"WdIORUEquip10ucnd\")]"}
RESULT: {"script":"<script> [6424 bytes]","args":[{"element-6066-11e4-a52e-4f735466cecf":"f.AB9978BF0B315C6117297547856C7EDD.d.A2B8F9FDEB722DA515C9AB95934F1DBE.e.2845"},"getTitle",[]]}
COMMAND: POST /session/53c41539dcf78f2848fb30d801739189/element - {"using":"xpath","value":"(//span[contains(text(), \"null\")])[2]"}
RESULT: {"using":"xpath","value":"(//span[contains(text(), \"null\")])[2]"}
COMMAND: POST /session/53c41539dcf78f2848fb30d801739189/element - {"using":"xpath","value":"(//span[contains(text(), \"null\")])[2]"}
RESULT: undefined
COMMAND: POST /session/53c41539dcf78f2848fb30d801739189/element - {"using":"xpath","value":"//*[@id=\"backBtn\"]"}
COMMAND: POST /session/53c41539dcf78f2848fb30d801739189/element - {"using":"xpath","value":"//span[contains(@id ,\"application-manageresources-display-component---detailRU--snappedTitle-inner\")][contains(text(), \"WdIORUEquip10ucnd\")]"}
RESULT: {"using":"xpath","value":"//*[@id=\"backBtn\"]"}
COMMAND: POST /session/53c41539dcf78f2848fb30d801739189/element/f.AB9978BF0B315C6117297547856C7EDD.d.A2B8F9FDEB722DA515C9AB95934F1DBE.e.2336/click - {}
RESULT: {"using":"xpath","value":"(//span[contains(text(), \"null\")])[2]"}
RESULT: {"using":"xpath","value":"//span[contains(@id ,\"application-manageresources-display-component---detailRU--snappedTitle-inner\")][contains(text(), \"WdIORUEquip10ucnd\")]"}
COMMAND: POST /session/53c41539dcf78f2848fb30d801739189/element - {"using":"xpath","value":"(//span[contains(text(), \"null\")])[2]"}
COMMAND: POST /session/53c41539dcf78f2848fb30d801739189/element - {"using":"xpath","value":"//span[contains(@id ,\"application-manageresources-display-component---detailRU--snappedTitle-inner\")][contains(text(), \"WdIORUEquip10ucnd\")]"}
RESULT: {}
COMMAND: GET /session/53c41539dcf78f2848fb30d801739189/screenshot - {}
RESULT: {"using":"xpath","value":"(//span[contains(text(), \"null\")])[2]"}
RESULT: {"using":"xpath","value":"//span[contains(@id ,\"application-manageresources-display-component---detailRU--snappedTitle-inner\")][contains(text(), \"WdIORUEquip10ucnd\")]"}
COMMAND: POST /session/53c41539dcf78f2848fb30d801739189/element - {"using":"xpath","value":"(//span[contains(text(), \"null\")])[2]"}
COMMAND: POST /session/53c41539dcf78f2848fb30d801739189/element - {"using":"xpath","value":"//span[contains(@id ,\"application-manageresources-display-component---detailRU--snappedTitle-inner\")][contains(text(), \"WdIORUEquip10ucnd\")]"}
RESULT: {}
RESULT: {"using":"xpath","value":"(//span[contains(text(), \"null\")])[2]"}
RESULT: {"using":"xpath","value":"//span[contains(@id ,\"application-manageresources-display-component---detailRU--snappedTitle-inner\")][contains(text(), \"WdIORUEquip10ucnd\")]"}
COMMAND: POST /session/53c41539dcf78f2848fb30d801739189/element - {"using":"xpath","value":"(//span[contains(text(), \"null\")])[2]"}
COMMAND: POST /session/53c41539dcf78f2848fb30d801739189/element - {"using":"xpath","value":"//span[contains(@id ,\"application-manageresources-display-component---detailRU--snappedTitle-inner\")][contains(text(), \"WdIORUEquip10ucnd\")]"}
RESULT: {"using":"xpath","value":"(//span[contains(text(), \"null\")])[2]"}
RESULT: {"using":"xpath","value":"//span[contains(@id ,\"application-manageresources-display-component---detailRU--snappedTitle-inner\")][contains(text(), \"WdIORUEquip10ucnd\")]"}
COMMAND: POST /session/53c41539dcf78f2848fb30d801739189/element - {"using":"xpath","value":"(//span[contains(text(), \"null\")])[2]"}
RESULT: {"using":"xpath","value":"(//span[contains(text(), \"null\")])[2]"}
COMMAND: POST /session/53c41539dcf78f2848fb30d801739189/element - {"using":"xpath","value":"//span[contains(@id ,\"application-manageresources-display-component---detailRU--snappedTitle-inner\")][contains(text(), \"WdIORUEquip10ucnd\")]"}
RESULT: {"using":"xpath","value":"//span[contains(@id ,\"application-manageresources-display-component---detailRU--snappedTitle-inner\")][contains(text(), \"WdIORUEquip10ucnd\")]"}
COMMAND: POST /session/53c41539dcf78f2848fb30d801739189/element - {"using":"xpath","value":"(//span[contains(text(), \"null\")])[2]"}
RESULT: {"using":"xpath","value":"(//span[contains(text(), \"null\")])[2]"}
COMMAND: POST /session/53c41539dcf78f2848fb30d801739189/element - {"using":"xpath","value":"(//span[contains(text(), \"null\")])[2]"}
RESULT: {"using":"xpath","value":"(//span[contains(text(), \"null\")])[2]"}
COMMAND: POST /session/53c41539dcf78f2848fb30d801739189/element - {"using":"xpath","value":"(//span[contains(text(), \"null\")])[2]"}
RESULT: {"using":"xpath","value":"(//span[contains(text(), \"null\")])[2]"}
COMMAND: POST /session/53c41539dcf78f2848fb30d801739189/element - {"using":"xpath","value":"(//span[contains(text(), \"null\")])[2]"}
RESULT: {"using":"xpath","value":"(//span[contains(text(), \"null\")])[2]"}
COMMAND: POST /session/53c41539dcf78f2848fb30d801739189/element - {"using":"xpath","value":"(//span[contains(text(), \"null\")])[2]"}
RESULT: {"using":"xpath","value":"(//span[contains(text(), \"null\")])[2]"}
COMMAND: POST /session/53c41539dcf78f2848fb30d801739189/element - {"using":"xpath","value":"(//span[contains(text(), \"null\")])[2]"}
RESULT: {"using":"xpath","value":"(//span[contains(text(), \"null\")])[2]"}
COMMAND: POST /session/53c41539dcf78f2848fb30d801739189/element - {"using":"xpath","value":"(//span[contains(text(), \"null\")])[2]"}
RESULT: {"using":"xpath","value":"(//span[contains(text(), \"null\")])[2]"}
COMMAND: POST /session/53c41539dcf78f2848fb30d801739189/element - {"using":"xpath","value":"(//span[contains(text(), \"null\")])[2]"}
RESULT: {"using":"xpath","value":"(//span[contains(text(), \"null\")])[2]"}
COMMAND: POST /session/53c41539dcf78f2848fb30d801739189/element - {"using":"xpath","value":"(//span[contains(text(), \"null\")])[2]"}
RESULT: {"using":"xpath","value":"(//span[contains(text(), \"null\")])[2]"}
COMMAND: POST /session/53c41539dcf78f2848fb30d801739189/element - {"using":"xpath","value":"(//span[contains(text(), \"null\")])[2]"}
RESULT: {"using":"xpath","value":"(//span[contains(text(), \"null\")])[2]"}
COMMAND: POST /session/53c41539dcf78f2848fb30d801739189/element - {"using":"xpath","value":"(//span[contains(text(), \"null\")])[2]"}
RESULT: {"using":"xpath","value":"(//span[contains(text(), \"null\")])[2]"}
COMMAND: POST /session/53c41539dcf78f2848fb30d801739189/element - {"using":"xpath","value":"(//span[contains(text(), \"null\")])[2]"}
RESULT: {"using":"xpath","value":"(//span[contains(text(), \"null\")])[2]"}
COMMAND: POST /session/53c41539dcf78f2848fb30d801739189/element - {"using":"xpath","value":"(//span[contains(text(), \"null\")])[2]"}
RESULT: {"using":"xpath","value":"(//span[contains(text(), \"null\")])[2]"}
COMMAND: POST /session/53c41539dcf78f2848fb30d801739189/element - {"using":"xpath","value":"(//span[contains(text(), \"null\")])[2]"}
RESULT: {"using":"xpath","value":"(//span[contains(text(), \"null\")])[2]"}
COMMAND: POST /session/53c41539dcf78f2848fb30d801739189/element - {"using":"xpath","value":"(//span[contains(text(), \"null\")])[2]"}
RESULT: {"using":"xpath","value":"(//span[contains(text(), \"null\")])[2]"}
COMMAND: POST /session/53c41539dcf78f2848fb30d801739189/element - {"using":"xpath","value":"(//span[contains(text(), \"null\")])[2]"}
RESULT: {"using":"xpath","value":"(//span[contains(text(), \"null\")])[2]"}
COMMAND: POST /session/53c41539dcf78f2848fb30d801739189/element - {"using":"xpath","value":"(//span[contains(text(), \"null\")])[2]"}
RESULT: {"using":"xpath","value":"(//span[contains(text(), \"null\")])[2]"}
COMMAND: POST /session/53c41539dcf78f2848fb30d801739189/element - {"using":"xpath","value":"(//span[contains(text(), \"null\")])[2]"}
RESULT: {"using":"xpath","value":"(//span[contains(text(), \"null\")])[2]"}
COMMAND: POST /session/53c41539dcf78f2848fb30d801739189/element - {"using":"xpath","value":"(//span[contains(text(), \"null\")])[2]"}
RESULT: {"using":"xpath","value":"(//span[contains(text(), \"null\")])[2]"}
COMMAND: POST /session/53c41539dcf78f2848fb30d801739189/element - {"using":"xpath","value":"//bdi[contains(@id ,\"application-manageresources-display-component---detailRU--openRelatedRus-BDI-content\")]"}
RESULT: {"using":"xpath","value":"//bdi[contains(@id ,\"application-manageresources-display-component---detailRU--openRelatedRus-BDI-content\")]"}
COMMAND: POST /session/53c41539dcf78f2848fb30d801739189/execute/sync - {"script":"<script> [8489 bytes]","args":[{"element-6066-11e4-a52e-4f735466cecf":"f.AB9978BF0B315C6117297547856C7EDD.d.A2B8F9FDEB722DA515C9AB95934F1DBE.e.3079","ELEMENT":"f.AB9978BF0B315C6117297547856C7EDD.d.A2B8F9FDEB722DA515C9AB95934F1DBE.e.3079"}]}
COMMAND: POST /session/53c41539dcf78f2848fb30d801739189/element - {"using":"xpath","value":"(//span[contains(text(), \"null\")])[2]"}
RESULT: {"script":"<script> [8489 bytes]","args":[{"element-6066-11e4-a52e-4f735466cecf":"f.AB9978BF0B315C6117297547856C7EDD.d.A2B8F9FDEB722DA515C9AB95934F1DBE.e.3079","ELEMENT":"f.AB9978BF0B315C6117297547856C7EDD.d.A2B8F9FDEB722DA515C9AB95934F1DBE.e.3079"}]}
COMMAND: POST /session/53c41539dcf78f2848fb30d801739189/execute/sync - {"script":"<script> [5351 bytes]","args":[{"element-6066-11e4-a52e-4f735466cecf":"f.AB9978BF0B315C6117297547856C7EDD.d.A2B8F9FDEB722DA515C9AB95934F1DBE.e.3079","ELEMENT":"f.AB9978BF0B315C6117297547856C7EDD.d.A2B8F9FDEB722DA515C9AB95934F1DBE.e.3079"}]}
COMMAND: GET /session/53c41539dcf78f2848fb30d801739189/screenshot - {}
RESULT: {"using":"xpath","value":"(//span[contains(text(), \"null\")])[2]"}
RESULT: {"script":"<script> [5351 bytes]","args":[{"element-6066-11e4-a52e-4f735466cecf":"f.AB9978BF0B315C6117297547856C7EDD.d.A2B8F9FDEB722DA515C9AB95934F1DBE.e.3079","ELEMENT":"f.AB9978BF0B315C6117297547856C7EDD.d.A2B8F9FDEB722DA515C9AB95934F1DBE.e.3079"}]}
COMMAND: POST /session/53c41539dcf78f2848fb30d801739189/element/f.AB9978BF0B315C6117297547856C7EDD.d.A2B8F9FDEB722DA515C9AB95934F1DBE.e.3079/click - {}
COMMAND: GET /session/53c41539dcf78f2848fb30d801739189/screenshot - {}
RESULT: {}
COMMAND: POST /session/53c41539dcf78f2848fb30d801739189/element - {"using":"xpath","value":"(//span[contains(text(), \"null\")])[2]"}
RESULT: {}
COMMAND: GET /session/53c41539dcf78f2848fb30d801739189/screenshot - {}
RESULT: {}
RESULT: {"using":"xpath","value":"(//span[contains(text(), \"null\")])[2]"}
RESULT: {}
COMMAND: POST /session/53c41539dcf78f2848fb30d801739189/element - {"using":"xpath","value":"(//span[contains(text(), \"null\")])[2]"}
COMMAND: POST /session/53c41539dcf78f2848fb30d801739189/element/f.AB9978BF0B315C6117297547856C7EDD.d.A2B8F9FDEB722DA515C9AB95934F1DBE.e.2717/click - {}
RESULT: {"using":"xpath","value":"(//span[contains(text(), \"null\")])[2]"}
COMMAND: POST /session/53c41539dcf78f2848fb30d801739189/element - {"using":"xpath","value":"//*[contains(@data-kt ,\"openLocationActionMenuLink\")]"}
RESULT: {"using":"xpath","value":"//*[contains(@data-kt ,\"openLocationActionMenuLink\")]"}
COMMAND: POST /session/53c41539dcf78f2848fb30d801739189/element/f.AB9978BF0B315C6117297547856C7EDD.d.A2B8F9FDEB722DA515C9AB95934F1DBE.e.2717/click - {}
COMMAND: POST /session/53c41539dcf78f2848fb30d801739189/element - {"using":"xpath","value":"//*[contains(@data-kt ,\"openLocationActionMenuLink\")]"}
RESULT: {"using":"xpath","value":"//*[contains(@data-kt ,\"openLocationActionMenuLink\")]"}
COMMAND: POST /session/53c41539dcf78f2848fb30d801739189/element/f.AB9978BF0B315C6117297547856C7EDD.d.A2B8F9FDEB722DA515C9AB95934F1DBE.e.3084/click - {}
RESULT: {}
COMMAND: GET /session/53c41539dcf78f2848fb30d801739189/screenshot - {}
COMMAND: POST /session/53c41539dcf78f2848fb30d801739189/element - {"using":"xpath","value":"(//span[contains(text(), \"null\")])[2]"}
RESULT: {}
RESULT: {"using":"xpath","value":"(//span[contains(text(), \"null\")])[2]"}
COMMAND: POST /session/53c41539dcf78f2848fb30d801739189/element - {"using":"xpath","value":"(//span[contains(text(), \"null\")])[2]"}
RESULT: {"using":"xpath","value":"(//span[contains(text(), \"null\")])[2]"}
COMMAND: POST /session/53c41539dcf78f2848fb30d801739189/element - {"using":"xpath","value":"(//span[contains(text(), \"null\")])[2]"}
RESULT: {"using":"xpath","value":"(//span[contains(text(), \"null\")])[2]"}
COMMAND: POST /session/53c41539dcf78f2848fb30d801739189/element/f.AB9978BF0B315C6117297547856C7EDD.d.A2B8F9FDEB722DA515C9AB95934F1DBE.e.2720/click - {}
COMMAND: POST /session/53c41539dcf78f2848fb30d801739189/element - {"using":"xpath","value":"//a[contains(@class ,\"sapMLnk sapMLnkMaxWidth sapUiTinyMarginTop\")][contains(text(), \"Yard Address\")]"}
COMMAND: POST /session/53c41539dcf78f2848fb30d801739189/element - {"using":"xpath","value":"(//span[contains(text(), \"null\")])[2]"}
RESULT: {"using":"xpath","value":"//a[contains(@class ,\"sapMLnk sapMLnkMaxWidth sapUiTinyMarginTop\")][contains(text(), \"Yard Address\")]"}
COMMAND: POST /session/53c41539dcf78f2848fb30d801739189/element/f.AB9978BF0B315C6117297547856C7EDD.d.A2B8F9FDEB722DA515C9AB95934F1DBE.e.2720/click - {}
RESULT: {"using":"xpath","value":"(//span[contains(text(), \"null\")])[2]"}
COMMAND: POST /session/53c41539dcf78f2848fb30d801739189/element - {"using":"xpath","value":"//a[contains(@class ,\"sapMLnk sapMLnkMaxWidth sapUiTinyMarginTop\")][contains(text(), \"Yard Address\")]"}
RESULT: {"using":"xpath","value":"//a[contains(@class ,\"sapMLnk sapMLnkMaxWidth sapUiTinyMarginTop\")][contains(text(), \"Yard Address\")]"}
COMMAND: POST /session/53c41539dcf78f2848fb30d801739189/element/f.AB9978BF0B315C6117297547856C7EDD.d.A2B8F9FDEB722DA515C9AB95934F1DBE.e.3086/click - {}
RESULT: {}
COMMAND: GET /session/53c41539dcf78f2848fb30d801739189/screenshot - {}
COMMAND: POST /session/53c41539dcf78f2848fb30d801739189/element - {"using":"xpath","value":"(//span[contains(text(), \"null\")])[2]"}
RESULT: {}
RESULT: {"using":"xpath","value":"(//span[contains(text(), \"null\")])[2]"}
COMMAND: POST /session/53c41539dcf78f2848fb30d801739189/element - {"using":"xpath","value":"(//span[contains(text(), \"null\")])[2]"}
RESULT: {"using":"xpath","value":"(//span[contains(text(), \"null\")])[2]"}
COMMAND: POST /session/53c41539dcf78f2848fb30d801739189/element - {"using":"xpath","value":"(//span[contains(text(), \"null\")])[2]"}
RESULT: {"using":"xpath","value":"(//span[contains(text(), \"null\")])[2]"}
COMMAND: POST /session/53c41539dcf78f2848fb30d801739189/element - {"using":"xpath","value":"(//span[contains(text(), \"null\")])[2]"}
RESULT: {"using":"xpath","value":"(//span[contains(text(), \"null\")])[2]"}
COMMAND: POST /session/53c41539dcf78f2848fb30d801739189/element - {"using":"xpath","value":"(//span[contains(text(), \"null\")])[2]"}
RESULT: {"using":"xpath","value":"(//span[contains(text(), \"null\")])[2]"}
COMMAND: POST /session/53c41539dcf78f2848fb30d801739189/element - {"using":"xpath","value":"(//span[contains(text(), \"null\")])[2]"}
RESULT: {"using":"xpath","value":"(//span[contains(text(), \"null\")])[2]"}
RESULT: undefined
COMMAND: POST /session/53c41539dcf78f2848fb30d801739189/execute/async - {"script":"<script> [6424 bytes]","args":[{"element-6066-11e4-a52e-4f735466cecf":"f.AB9978BF0B315C6117297547856C7EDD.d.A2B8F9FDEB722DA515C9AB95934F1DBE.e.2334"},"getTitle",[]]}
COMMAND: POST /session/53c41539dcf78f2848fb30d801739189/execute/async - {"script":"<script> [1562 bytes]","args":[{"selector":{"id":"shellAppTitle"},"wdio_ui5_key":"shellAppTitle"}]}
RESULT: {"script":"<script> [1562 bytes]","args":[{"selector":{"id":"shellAppTitle"},"wdio_ui5_key":"shellAppTitle"}]}
COMMAND: POST /session/53c41539dcf78f2848fb30d801739189/execute/async - {"script":"<script> [6424 bytes]","args":[{"element-6066-11e4-a52e-4f735466cecf":"f.AB9978BF0B315C6117297547856C7EDD.d.A2B8F9FDEB722DA515C9AB95934F1DBE.e.3308"},"getTitle",[]]}
RESULT: {"script":"<script> [6424 bytes]","args":[{"element-6066-11e4-a52e-4f735466cecf":"f.AB9978BF0B315C6117297547856C7EDD.d.A2B8F9FDEB722DA515C9AB95934F1DBE.e.3308"},"getTitle",[]]}
COMMAND: POST /session/53c41539dcf78f2848fb30d801739189/element - {"using":"xpath","value":"//span[contains(@id ,\"application-addressmanagement-display-component---detailAdm--addressDetailDetailsName1\")][contains(text(), \"null\")]"}
RESULT: {"using":"xpath","value":"//span[contains(@id ,\"application-addressmanagement-display-component---detailAdm--addressDetailDetailsName1\")][contains(text(), \"null\")]"}
COMMAND: POST /session/53c41539dcf78f2848fb30d801739189/element - {"using":"xpath","value":"//span[contains(@id ,\"application-addressmanagement-display-component---detailAdm--addressDetailDetailsName1\")][contains(text(), \"null\")]"}
RESULT: undefined
COMMAND: POST /session/53c41539dcf78f2848fb30d801739189/element - {"using":"xpath","value":"//*[@id=\"backBtn\"]"}
RESULT: {"using":"xpath","value":"//span[contains(@id ,\"application-addressmanagement-display-component---detailAdm--addressDetailDetailsName1\")][contains(text(), \"null\")]"}
RESULT: {"using":"xpath","value":"//*[@id=\"backBtn\"]"}
COMMAND: POST /session/53c41539dcf78f2848fb30d801739189/element/f.AB9978BF0B315C6117297547856C7EDD.d.A2B8F9FDEB722DA515C9AB95934F1DBE.e.2336/click - {}
RESULT: {}
COMMAND: GET /session/53c41539dcf78f2848fb30d801739189/screenshot - {}
COMMAND: POST /session/53c41539dcf78f2848fb30d801739189/element - {"using":"xpath","value":"//span[contains(@id ,\"application-addressmanagement-display-component---detailAdm--addressDetailDetailsName1\")][contains(text(), \"null\")]"}
RESULT: {}
RESULT: {"using":"xpath","value":"//span[contains(@id ,\"application-addressmanagement-display-component---detailAdm--addressDetailDetailsName1\")][contains(text(), \"null\")]"}
COMMAND: POST /session/53c41539dcf78f2848fb30d801739189/element - {"using":"xpath","value":"//span[contains(@id ,\"application-addressmanagement-display-component---detailAdm--addressDetailDetailsName1\")][contains(text(), \"null\")]"}
RESULT: {"using":"xpath","value":"//span[contains(@id ,\"application-addressmanagement-display-component---detailAdm--addressDetailDetailsName1\")][contains(text(), \"null\")]"}
COMMAND: POST /session/53c41539dcf78f2848fb30d801739189/element - {"using":"xpath","value":"//span[contains(@id ,\"application-addressmanagement-display-component---detailAdm--addressDetailDetailsName1\")][contains(text(), \"null\")]"}
RESULT: {"using":"xpath","value":"//span[contains(@id ,\"application-addressmanagement-display-component---detailAdm--addressDetailDetailsName1\")][contains(text(), \"null\")]"}
COMMAND: POST /session/53c41539dcf78f2848fb30d801739189/element - {"using":"xpath","value":"//span[contains(@id ,\"application-addressmanagement-display-component---detailAdm--addressDetailDetailsName1\")][contains(text(), \"null\")]"}
RESULT: {"using":"xpath","value":"//span[contains(@id ,\"application-addressmanagement-display-component---detailAdm--addressDetailDetailsName1\")][contains(text(), \"null\")]"}
COMMAND: POST /session/53c41539dcf78f2848fb30d801739189/element - {"using":"xpath","value":"//span[contains(@id ,\"application-addressmanagement-display-component---detailAdm--addressDetailDetailsName1\")][contains(text(), \"null\")]"}
RESULT: {"using":"xpath","value":"//span[contains(@id ,\"application-addressmanagement-display-component---detailAdm--addressDetailDetailsName1\")][contains(text(), \"null\")]"}
COMMAND: POST /session/53c41539dcf78f2848fb30d801739189/element - {"using":"xpath","value":"//span[contains(@id ,\"application-addressmanagement-display-component---detailAdm--addressDetailDetailsName1\")][contains(text(), \"null\")]"}
RESULT: {"using":"xpath","value":"//span[contains(@id ,\"application-addressmanagement-display-component---detailAdm--addressDetailDetailsName1\")][contains(text(), \"null\")]"}
COMMAND: POST /session/53c41539dcf78f2848fb30d801739189/element - {"using":"xpath","value":"//span[contains(@id ,\"application-addressmanagement-display-component---detailAdm--addressDetailDetailsName1\")][contains(text(), \"null\")]"}
RESULT: {"using":"xpath","value":"//span[contains(@id ,\"application-addressmanagement-display-component---detailAdm--addressDetailDetailsName1\")][contains(text(), \"null\")]"}
COMMAND: POST /session/53c41539dcf78f2848fb30d801739189/element - {"using":"xpath","value":"//span[contains(@id ,\"application-addressmanagement-display-component---detailAdm--addressDetailDetailsName1\")][contains(text(), \"null\")]"}
RESULT: {"using":"xpath","value":"//span[contains(@id ,\"application-addressmanagement-display-component---detailAdm--addressDetailDetailsName1\")][contains(text(), \"null\")]"}
COMMAND: POST /session/53c41539dcf78f2848fb30d801739189/element - {"using":"xpath","value":"//span[contains(@id ,\"application-addressmanagement-display-component---detailAdm--addressDetailDetailsName1\")][contains(text(), \"null\")]"}
RESULT: {"using":"xpath","value":"//span[contains(@id ,\"application-addressmanagement-display-component---detailAdm--addressDetailDetailsName1\")][contains(text(), \"null\")]"}
COMMAND: POST /session/53c41539dcf78f2848fb30d801739189/element - {"using":"xpath","value":"//span[contains(@id ,\"application-addressmanagement-display-component---detailAdm--addressDetailDetailsName1\")][contains(text(), \"null\")]"}
RESULT: {"using":"xpath","value":"//span[contains(@id ,\"application-addressmanagement-display-component---detailAdm--addressDetailDetailsName1\")][contains(text(), \"null\")]"}
COMMAND: POST /session/53c41539dcf78f2848fb30d801739189/element - {"using":"xpath","value":"//span[contains(@id ,\"application-addressmanagement-display-component---detailAdm--addressDetailDetailsName1\")][contains(text(), \"null\")]"}
RESULT: {"using":"xpath","value":"//span[contains(@id ,\"application-addressmanagement-display-component---detailAdm--addressDetailDetailsName1\")][contains(text(), \"null\")]"}
COMMAND: POST /session/53c41539dcf78f2848fb30d801739189/element - {"using":"xpath","value":"//span[contains(@id ,\"application-addressmanagement-display-component---detailAdm--addressDetailDetailsName1\")][contains(text(), \"null\")]"}
RESULT: {"using":"xpath","value":"//span[contains(@id ,\"application-addressmanagement-display-component---detailAdm--addressDetailDetailsName1\")][contains(text(), \"null\")]"}
COMMAND: POST /session/53c41539dcf78f2848fb30d801739189/element - {"using":"xpath","value":"//span[contains(@id ,\"application-addressmanagement-display-component---detailAdm--addressDetailDetailsName1\")][contains(text(), \"null\")]"}
RESULT: {"using":"xpath","value":"//span[contains(@id ,\"application-addressmanagement-display-component---detailAdm--addressDetailDetailsName1\")][contains(text(), \"null\")]"}
COMMAND: POST /session/53c41539dcf78f2848fb30d801739189/execute/sync - {"script":"<script> [8489 bytes]","args":[{"element-6066-11e4-a52e-4f735466cecf":"f.AB9978BF0B315C6117297547856C7EDD.d.A2B8F9FDEB722DA515C9AB95934F1DBE.e.3079","ELEMENT":"f.AB9978BF0B315C6117297547856C7EDD.d.A2B8F9FDEB722DA515C9AB95934F1DBE.e.3079"}]}
COMMAND: POST /session/53c41539dcf78f2848fb30d801739189/element - {"using":"xpath","value":"//bdi[contains(@id ,\"application-manageresources-display-component---detailRU--openRelatedRus-BDI-content\")]"}
RESULT: {"using":"xpath","value":"//bdi[contains(@id ,\"application-manageresources-display-component---detailRU--openRelatedRus-BDI-content\")]"}
COMMAND: POST /session/53c41539dcf78f2848fb30d801739189/execute/sync - {"script":"<script> [8489 bytes]","args":[{"element-6066-11e4-a52e-4f735466cecf":"f.AB9978BF0B315C6117297547856C7EDD.d.A2B8F9FDEB722DA515C9AB95934F1DBE.e.3669","ELEMENT":"f.AB9978BF0B315C6117297547856C7EDD.d.A2B8F9FDEB722DA515C9AB95934F1DBE.e.3669"}]}
RESULT: {"script":"<script> [8489 bytes]","args":[{"element-6066-11e4-a52e-4f735466cecf":"f.AB9978BF0B315C6117297547856C7EDD.d.A2B8F9FDEB722DA515C9AB95934F1DBE.e.3669","ELEMENT":"f.AB9978BF0B315C6117297547856C7EDD.d.A2B8F9FDEB722DA515C9AB95934F1DBE.e.3669"}]}
COMMAND: POST /session/53c41539dcf78f2848fb30d801739189/execute/sync - {"script":"<script> [5351 bytes]","args":[{"element-6066-11e4-a52e-4f735466cecf":"f.AB9978BF0B315C6117297547856C7EDD.d.A2B8F9FDEB722DA515C9AB95934F1DBE.e.3669","ELEMENT":"f.AB9978BF0B315C6117297547856C7EDD.d.A2B8F9FDEB722DA515C9AB95934F1DBE.e.3669"}]}
COMMAND: GET /session/53c41539dcf78f2848fb30d801739189/screenshot - {}
RESULT: {"script":"<script> [5351 bytes]","args":[{"element-6066-11e4-a52e-4f735466cecf":"f.AB9978BF0B315C6117297547856C7EDD.d.A2B8F9FDEB722DA515C9AB95934F1DBE.e.3669","ELEMENT":"f.AB9978BF0B315C6117297547856C7EDD.d.A2B8F9FDEB722DA515C9AB95934F1DBE.e.3669"}]}
COMMAND: POST /session/53c41539dcf78f2848fb30d801739189/element/f.AB9978BF0B315C6117297547856C7EDD.d.A2B8F9FDEB722DA515C9AB95934F1DBE.e.3669/click - {}
COMMAND: GET /session/53c41539dcf78f2848fb30d801739189/screenshot - {}
RESULT: {}
COMMAND: POST /session/53c41539dcf78f2848fb30d801739189/element - {"using":"xpath","value":"//span[contains(@id ,\"application-addressmanagement-display-component---detailAdm--addressDetailDetailsName1\")][contains(text(), \"null\")]"}
RESULT: {}
COMMAND: GET /session/53c41539dcf78f2848fb30d801739189/screenshot - {}
RESULT: {}
RESULT: {"using":"xpath","value":"//span[contains(@id ,\"application-addressmanagement-display-component---detailAdm--addressDetailDetailsName1\")][contains(text(), \"null\")]"}
RESULT: {}
COMMAND: POST /session/53c41539dcf78f2848fb30d801739189/element - {"using":"xpath","value":"//span[contains(@id ,\"application-addressmanagement-display-component---detailAdm--addressDetailDetailsName1\")][contains(text(), \"null\")]"}
RESULT: {"using":"xpath","value":"//span[contains(@id ,\"application-addressmanagement-display-component---detailAdm--addressDetailDetailsName1\")][contains(text(), \"null\")]"}
COMMAND: POST /session/53c41539dcf78f2848fb30d801739189/element - {"using":"xpath","value":"//span[contains(@id ,\"application-addressmanagement-display-component---detailAdm--addressDetailDetailsName1\")][contains(text(), \"null\")]"}
RESULT: {"using":"xpath","value":"//span[contains(@id ,\"application-addressmanagement-display-component---detailAdm--addressDetailDetailsName1\")][contains(text(), \"null\")]"}
COMMAND: POST /session/53c41539dcf78f2848fb30d801739189/element - {"using":"xpath","value":"//span[contains(@id ,\"application-addressmanagement-display-component---detailAdm--addressDetailDetailsName1\")][contains(text(), \"null\")]"}
RESULT: {"using":"xpath","value":"//span[contains(@id ,\"application-addressmanagement-display-component---detailAdm--addressDetailDetailsName1\")][contains(text(), \"null\")]"}
COMMAND: POST /session/53c41539dcf78f2848fb30d801739189/element - {"using":"xpath","value":"//span[contains(@id ,\"application-addressmanagement-display-component---detailAdm--addressDetailDetailsName1\")][contains(text(), \"null\")]"}
RESULT: {"using":"xpath","value":"//span[contains(@id ,\"application-addressmanagement-display-component---detailAdm--addressDetailDetailsName1\")][contains(text(), \"null\")]"}
COMMAND: POST /session/53c41539dcf78f2848fb30d801739189/element - {"using":"xpath","value":"//span[contains(@id ,\"application-addressmanagement-display-component---detailAdm--addressDetailDetailsName1\")][contains(text(), \"null\")]"}
RESULT: {"using":"xpath","value":"//span[contains(@id ,\"application-addressmanagement-display-component---detailAdm--addressDetailDetailsName1\")][contains(text(), \"null\")]"}
COMMAND: POST /session/53c41539dcf78f2848fb30d801739189/element - {"using":"xpath","value":"//span[contains(@id ,\"application-addressmanagement-display-component---detailAdm--addressDetailDetailsName1\")][contains(text(), \"null\")]"}
RESULT: {"using":"xpath","value":"//span[contains(@id ,\"application-addressmanagement-display-component---detailAdm--addressDetailDetailsName1\")][contains(text(), \"null\")]"}
COMMAND: POST /session/53c41539dcf78f2848fb30d801739189/element - {"using":"xpath","value":"//span[contains(@id ,\"application-addressmanagement-display-component---detailAdm--addressDetailDetailsName1\")][contains(text(), \"null\")]"}
RESULT: {"using":"xpath","value":"//span[contains(@id ,\"application-addressmanagement-display-component---detailAdm--addressDetailDetailsName1\")][contains(text(), \"null\")]"}
COMMAND: POST /session/53c41539dcf78f2848fb30d801739189/element - {"using":"xpath","value":"//span[contains(@id ,\"application-addressmanagement-display-component---detailAdm--addressDetailDetailsName1\")][contains(text(), \"null\")]"}
RESULT: {"using":"xpath","value":"//span[contains(@id ,\"application-addressmanagement-display-component---detailAdm--addressDetailDetailsName1\")][contains(text(), \"null\")]"}
COMMAND: POST /session/53c41539dcf78f2848fb30d801739189/element/f.AB9978BF0B315C6117297547856C7EDD.d.A2B8F9FDEB722DA515C9AB95934F1DBE.e.3084/click - {}
COMMAND: POST /session/53c41539dcf78f2848fb30d801739189/element - {"using":"xpath","value":"//*[contains(@data-kt ,\"openLocationActionMenuLink\")]"}
RESULT: {"using":"xpath","value":"//*[contains(@data-kt ,\"openLocationActionMenuLink\")]"}
COMMAND: POST /session/53c41539dcf78f2848fb30d801739189/element/f.AB9978BF0B315C6117297547856C7EDD.d.A2B8F9FDEB722DA515C9AB95934F1DBE.e.3084/click - {}
COMMAND: POST /session/53c41539dcf78f2848fb30d801739189/element - {"using":"xpath","value":"//*[contains(@data-kt ,\"openLocationActionMenuLink\")]"}
RESULT: {"using":"xpath","value":"//*[contains(@data-kt ,\"openLocationActionMenuLink\")]"}
COMMAND: POST /session/53c41539dcf78f2848fb30d801739189/element/f.AB9978BF0B315C6117297547856C7EDD.d.A2B8F9FDEB722DA515C9AB95934F1DBE.e.3673/click - {}
COMMAND: POST /session/53c41539dcf78f2848fb30d801739189/element - {"using":"xpath","value":"//span[contains(@id ,\"application-addressmanagement-display-component---detailAdm--addressDetailDetailsName1\")][contains(text(), \"null\")]"}
RESULT: {}
COMMAND: GET /session/53c41539dcf78f2848fb30d801739189/screenshot - {}
RESULT: {"using":"xpath","value":"//span[contains(@id ,\"application-addressmanagement-display-component---detailAdm--addressDetailDetailsName1\")][contains(text(), \"null\")]"}
RESULT: {}
COMMAND: POST /session/53c41539dcf78f2848fb30d801739189/element - {"using":"xpath","value":"//span[contains(@id ,\"application-addressmanagement-display-component---detailAdm--addressDetailDetailsName1\")][contains(text(), \"null\")]"}
RESULT: {"using":"xpath","value":"//span[contains(@id ,\"application-addressmanagement-display-component---detailAdm--addressDetailDetailsName1\")][contains(text(), \"null\")]"}
COMMAND: POST /session/53c41539dcf78f2848fb30d801739189/element - {"using":"xpath","value":"//span[contains(@id ,\"application-addressmanagement-display-component---detailAdm--addressDetailDetailsName1\")][contains(text(), \"null\")]"}
RESULT: {"using":"xpath","value":"//span[contains(@id ,\"application-addressmanagement-display-component---detailAdm--addressDetailDetailsName1\")][contains(text(), \"null\")]"}
COMMAND: POST /session/53c41539dcf78f2848fb30d801739189/element - {"using":"xpath","value":"//span[contains(@id ,\"application-addressmanagement-display-component---detailAdm--addressDetailDetailsName1\")][contains(text(), \"null\")]"}
RESULT: {"using":"xpath","value":"//span[contains(@id ,\"application-addressmanagement-display-component---detailAdm--addressDetailDetailsName1\")][contains(text(), \"null\")]"}
COMMAND: POST /session/53c41539dcf78f2848fb30d801739189/element - {"using":"xpath","value":"(//button[contains(@title ,\"Open in new tab\")])[1]"}
RESULT: {"using":"xpath","value":"(//button[contains(@title ,\"Open in new tab\")])[1]"}
COMMAND: POST /session/53c41539dcf78f2848fb30d801739189/element/f.AB9978BF0B315C6117297547856C7EDD.d.A2B8F9FDEB722DA515C9AB95934F1DBE.e.3674/click - {}
COMMAND: POST /session/53c41539dcf78f2848fb30d801739189/element - {"using":"xpath","value":"//span[contains(@id ,\"application-addressmanagement-display-component---detailAdm--addressDetailDetailsName1\")][contains(text(), \"null\")]"}
RESULT: {}
COMMAND: GET /session/53c41539dcf78f2848fb30d801739189/screenshot - {}
RESULT: {"using":"xpath","value":"//span[contains(@id ,\"application-addressmanagement-display-component---detailAdm--addressDetailDetailsName1\")][contains(text(), \"null\")]"}
COMMAND: POST /session/53c41539dcf78f2848fb30d801739189/element - {"using":"xpath","value":"//span[contains(@id ,\"application-addressmanagement-display-component---detailAdm--addressDetailDetailsName1\")][contains(text(), \"null\")]"}
RESULT: {}
RESULT: {"using":"xpath","value":"//span[contains(@id ,\"application-addressmanagement-display-component---detailAdm--addressDetailDetailsName1\")][contains(text(), \"null\")]"}
COMMAND: POST /session/53c41539dcf78f2848fb30d801739189/element - {"using":"xpath","value":"//span[contains(@id ,\"application-addressmanagement-display-component---detailAdm--addressDetailDetailsName1\")][contains(text(), \"null\")]"}
RESULT: {"using":"xpath","value":"//span[contains(@id ,\"application-addressmanagement-display-component---detailAdm--addressDetailDetailsName1\")][contains(text(), \"null\")]"}
COMMAND: POST /session/53c41539dcf78f2848fb30d801739189/element - {"using":"xpath","value":"//span[contains(@id ,\"application-addressmanagement-display-component---detailAdm--addressDetailDetailsName1\")][contains(text(), \"null\")]"}
RESULT: {"using":"xpath","value":"//span[contains(@id ,\"application-addressmanagement-display-component---detailAdm--addressDetailDetailsName1\")][contains(text(), \"null\")]"}
COMMAND: POST /session/53c41539dcf78f2848fb30d801739189/element - {"using":"xpath","value":"//span[contains(@id ,\"application-addressmanagement-display-component---detailAdm--addressDetailDetailsName1\")][contains(text(), \"null\")]"}
RESULT: {"using":"xpath","value":"//span[contains(@id ,\"application-addressmanagement-display-component---detailAdm--addressDetailDetailsName1\")][contains(text(), \"null\")]"}
COMMAND: GET /session/53c41539dcf78f2848fb30d801739189/window/handles - {}
RESULT: {}
COMMAND: POST /session/53c41539dcf78f2848fb30d801739189/window - {"handle":"E4CB16E4302ADC7637A15C3E78AA5B01"}
COMMAND: POST /session/53c41539dcf78f2848fb30d801739189/element - {"using":"xpath","value":"//span[contains(@id ,\"application-addressmanagement-display-component---detailAdm--addressDetailDetailsName1\")][contains(text(), \"null\")]"}
RESULT: {"handle":"E4CB16E4302ADC7637A15C3E78AA5B01"}
COMMAND: GET /session/53c41539dcf78f2848fb30d801739189/url - {}
RESULT: {"using":"xpath","value":"//span[contains(@id ,\"application-addressmanagement-display-component---detailAdm--addressDetailDetailsName1\")][contains(text(), \"null\")]"}
RESULT: {}
COMMAND: GET /session/53c41539dcf78f2848fb30d801739189/screenshot - {}
RESULT: {}
COMMAND: POST /session/53c41539dcf78f2848fb30d801739189/element - {"using":"xpath","value":"//span[contains(@id ,\"application-addressmanagement-display-component---detailAdm--addressDetailDetailsName1\")][contains(text(), \"null\")]"}
RESULT: {"using":"xpath","value":"//span[contains(@id ,\"application-addressmanagement-display-component---detailAdm--addressDetailDetailsName1\")][contains(text(), \"null\")]"}
COMMAND: POST /session/53c41539dcf78f2848fb30d801739189/element - {"using":"xpath","value":"//span[contains(@id ,\"application-addressmanagement-display-component---detailAdm--addressDetailDetailsName1\")][contains(text(), \"null\")]"}
RESULT: {"using":"xpath","value":"//span[contains(@id ,\"application-addressmanagement-display-component---detailAdm--addressDetailDetailsName1\")][contains(text(), \"null\")]"}
COMMAND: POST /session/53c41539dcf78f2848fb30d801739189/element - {"using":"xpath","value":"//span[contains(@id ,\"application-addressmanagement-display-component---detailAdm--addressDetailDetailsName1\")][contains(text(), \"null\")]"}
RESULT: {"using":"xpath","value":"//span[contains(@id ,\"application-addressmanagement-display-component---detailAdm--addressDetailDetailsName1\")][contains(text(), \"null\")]"}
COMMAND: POST /session/53c41539dcf78f2848fb30d801739189/element - {"using":"xpath","value":"//span[contains(@id ,\"application-addressmanagement-display-component---detailAdm--addressDetailDetailsName1\")][contains(text(), \"null\")]"}
RESULT: {"using":"xpath","value":"//span[contains(@id ,\"application-addressmanagement-display-component---detailAdm--addressDetailDetailsName1\")][contains(text(), \"null\")]"}
COMMAND: POST /session/53c41539dcf78f2848fb30d801739189/element - {"using":"xpath","value":"//span[contains(@id ,\"application-addressmanagement-display-component---detailAdm--addressDetailDetailsName1\")][contains(text(), \"null\")]"}
RESULT: {"using":"xpath","value":"//span[contains(@id ,\"application-addressmanagement-display-component---detailAdm--addressDetailDetailsName1\")][contains(text(), \"null\")]"}
COMMAND: POST /session/53c41539dcf78f2848fb30d801739189/element - {"using":"xpath","value":"(//span[contains(text(), \"null\")])[2]"}
COMMAND: DELETE /session/53c41539dcf78f2848fb30d801739189/window - {}
RESULT: {}
COMMAND: POST /session/53c41539dcf78f2848fb30d801739189/window - {"handle":"AB9978BF0B315C6117297547856C7EDD"}
RESULT: {"handle":"AB9978BF0B315C6117297547856C7EDD"}
COMMAND: GET /session/53c41539dcf78f2848fb30d801739189/url - {}
RESULT: {"using":"xpath","value":"(//span[contains(text(), \"null\")])[2]"}
RESULT: {}
COMMAND: GET /session/53c41539dcf78f2848fb30d801739189/screenshot - {}
COMMAND: POST /session/53c41539dcf78f2848fb30d801739189/element - {"using":"xpath","value":"//span[contains(@id ,\"application-addressmanagement-display-component---detailAdm--addressDetailDetailsName1\")][contains(text(), \"null\")]"}
COMMAND: POST /session/53c41539dcf78f2848fb30d801739189/element - {"using":"xpath","value":"(//span[contains(text(), \"null\")])[2]"}
RESULT: {}
RESULT: {"using":"xpath","value":"//span[contains(@id ,\"application-addressmanagement-display-component---detailAdm--addressDetailDetailsName1\")][contains(text(), \"null\")]"}
RESULT: {"using":"xpath","value":"(//span[contains(text(), \"null\")])[2]"}
COMMAND: POST /session/53c41539dcf78f2848fb30d801739189/element - {"using":"xpath","value":"//span[contains(@id ,\"application-addressmanagement-display-component---detailAdm--addressDetailDetailsName1\")][contains(text(), \"null\")]"}
COMMAND: POST /session/53c41539dcf78f2848fb30d801739189/element - {"using":"xpath","value":"(//span[contains(text(), \"null\")])[2]"}
RESULT: {"using":"xpath","value":"//span[contains(@id ,\"application-addressmanagement-display-component---detailAdm--addressDetailDetailsName1\")][contains(text(), \"null\")]"}
RESULT: {"using":"xpath","value":"(//span[contains(text(), \"null\")])[2]"}
COMMAND: POST /session/53c41539dcf78f2848fb30d801739189/element - {"using":"xpath","value":"//span[contains(@id ,\"application-addressmanagement-display-component---detailAdm--addressDetailDetailsName1\")][contains(text(), \"null\")]"}
COMMAND: POST /session/53c41539dcf78f2848fb30d801739189/element - {"using":"xpath","value":"(//span[contains(text(), \"null\")])[2]"}
RESULT: {"using":"xpath","value":"//span[contains(@id ,\"application-addressmanagement-display-component---detailAdm--addressDetailDetailsName1\")][contains(text(), \"null\")]"}
RESULT: {"using":"xpath","value":"(//span[contains(text(), \"null\")])[2]"}
COMMAND: POST /session/53c41539dcf78f2848fb30d801739189/element - {"using":"xpath","value":"//span[contains(@id ,\"application-addressmanagement-display-component---detailAdm--addressDetailDetailsName1\")][contains(text(), \"null\")]"}
COMMAND: POST /session/53c41539dcf78f2848fb30d801739189/element - {"using":"xpath","value":"(//span[contains(text(), \"null\")])[2]"}
RESULT: {"using":"xpath","value":"//span[contains(@id ,\"application-addressmanagement-display-component---detailAdm--addressDetailDetailsName1\")][contains(text(), \"null\")]"}
RESULT: {"using":"xpath","value":"(//span[contains(text(), \"null\")])[2]"}
COMMAND: POST /session/53c41539dcf78f2848fb30d801739189/element - {"using":"xpath","value":"//span[contains(@id ,\"application-addressmanagement-display-component---detailAdm--addressDetailDetailsName1\")][contains(text(), \"null\")]"}
COMMAND: POST /session/53c41539dcf78f2848fb30d801739189/element - {"using":"xpath","value":"(//span[contains(text(), \"null\")])[2]"}
RESULT: {"using":"xpath","value":"//span[contains(@id ,\"application-addressmanagement-display-component---detailAdm--addressDetailDetailsName1\")][contains(text(), \"null\")]"}
RESULT: {"using":"xpath","value":"(//span[contains(text(), \"null\")])[2]"}
COMMAND: POST /session/53c41539dcf78f2848fb30d801739189/element - {"using":"xpath","value":"//span[contains(@id ,\"application-addressmanagement-display-component---detailAdm--addressDetailDetailsName1\")][contains(text(), \"null\")]"}
COMMAND: POST /session/53c41539dcf78f2848fb30d801739189/element - {"using":"xpath","value":"(//span[contains(text(), \"null\")])[2]"}
RESULT: {"using":"xpath","value":"//span[contains(@id ,\"application-addressmanagement-display-component---detailAdm--addressDetailDetailsName1\")][contains(text(), \"null\")]"}
RESULT: {"using":"xpath","value":"(//span[contains(text(), \"null\")])[2]"}
COMMAND: POST /session/53c41539dcf78f2848fb30d801739189/element - {"using":"xpath","value":"//span[contains(@id ,\"application-addressmanagement-display-component---detailAdm--addressDetailDetailsName1\")][contains(text(), \"null\")]"}
COMMAND: POST /session/53c41539dcf78f2848fb30d801739189/element - {"using":"xpath","value":"(//span[contains(text(), \"null\")])[2]"}
RESULT: {"using":"xpath","value":"//span[contains(@id ,\"application-addressmanagement-display-component---detailAdm--addressDetailDetailsName1\")][contains(text(), \"null\")]"}
RESULT: {"using":"xpath","value":"(//span[contains(text(), \"null\")])[2]"}
COMMAND: POST /session/53c41539dcf78f2848fb30d801739189/element - {"using":"xpath","value":"//span[contains(@id ,\"application-addressmanagement-display-component---detailAdm--addressDetailDetailsName1\")][contains(text(), \"null\")]"}
COMMAND: POST /session/53c41539dcf78f2848fb30d801739189/element - {"using":"xpath","value":"(//span[contains(text(), \"null\")])[2]"}
RESULT: {"using":"xpath","value":"//span[contains(@id ,\"application-addressmanagement-display-component---detailAdm--addressDetailDetailsName1\")][contains(text(), \"null\")]"}
RESULT: {"using":"xpath","value":"(//span[contains(text(), \"null\")])[2]"}
COMMAND: POST /session/53c41539dcf78f2848fb30d801739189/element - {"using":"xpath","value":"(//button[contains(@title ,\"Open in new tab\")])[2]"}
RESULT: {"using":"xpath","value":"(//button[contains(@title ,\"Open in new tab\")])[2]"}
COMMAND: POST /session/53c41539dcf78f2848fb30d801739189/element/f.AB9978BF0B315C6117297547856C7EDD.d.A2B8F9FDEB722DA515C9AB95934F1DBE.e.3800/click - {}
COMMAND: POST /session/53c41539dcf78f2848fb30d801739189/element - {"using":"xpath","value":"//span[contains(@id ,\"application-addressmanagement-display-component---detailAdm--addressDetailDetailsName1\")][contains(text(), \"null\")]"}
COMMAND: POST /session/53c41539dcf78f2848fb30d801739189/element - {"using":"xpath","value":"(//span[contains(text(), \"null\")])[2]"}
RESULT: {}
COMMAND: GET /session/53c41539dcf78f2848fb30d801739189/screenshot - {}
RESULT: {"using":"xpath","value":"(//span[contains(text(), \"null\")])[2]"}
RESULT: {"using":"xpath","value":"//span[contains(@id ,\"application-addressmanagement-display-component---detailAdm--addressDetailDetailsName1\")][contains(text(), \"null\")]"}
COMMAND: POST /session/53c41539dcf78f2848fb30d801739189/element - {"using":"xpath","value":"(//span[contains(text(), \"null\")])[2]"}
COMMAND: POST /session/53c41539dcf78f2848fb30d801739189/element - {"using":"xpath","value":"//span[contains(@id ,\"application-addressmanagement-display-component---detailAdm--addressDetailDetailsName1\")][contains(text(), \"null\")]"}
RESULT: {}
RESULT: {"using":"xpath","value":"(//span[contains(text(), \"null\")])[2]"}
RESULT: {"using":"xpath","value":"//span[contains(@id ,\"application-addressmanagement-display-component---detailAdm--addressDetailDetailsName1\")][contains(text(), \"null\")]"}
COMMAND: POST /session/53c41539dcf78f2848fb30d801739189/element - {"using":"xpath","value":"(//span[contains(text(), \"null\")])[2]"}
COMMAND: POST /session/53c41539dcf78f2848fb30d801739189/element - {"using":"xpath","value":"//span[contains(@id ,\"application-addressmanagement-display-component---detailAdm--addressDetailDetailsName1\")][contains(text(), \"null\")]"}
RESULT: {"using":"xpath","value":"(//span[contains(text(), \"null\")])[2]"}
RESULT: {"using":"xpath","value":"//span[contains(@id ,\"application-addressmanagement-display-component---detailAdm--addressDetailDetailsName1\")][contains(text(), \"null\")]"}
COMMAND: POST /session/53c41539dcf78f2848fb30d801739189/element - {"using":"xpath","value":"(//span[contains(text(), \"null\")])[2]"}
RESULT: {"using":"xpath","value":"(//span[contains(text(), \"null\")])[2]"}
COMMAND: POST /session/53c41539dcf78f2848fb30d801739189/element - {"using":"xpath","value":"(//span[contains(text(), \"null\")])[2]"}
RESULT: {"using":"xpath","value":"(//span[contains(text(), \"null\")])[2]"}
COMMAND: POST /session/53c41539dcf78f2848fb30d801739189/element - {"using":"xpath","value":"(//span[contains(text(), \"null\")])[2]"}
COMMAND: GET /session/53c41539dcf78f2848fb30d801739189/window/handles - {}
RESULT: {"using":"xpath","value":"(//span[contains(text(), \"null\")])[2]"}
RESULT: {}
COMMAND: POST /session/53c41539dcf78f2848fb30d801739189/window - {"handle":"78B1969F1919282EB2FFB4D65EA35AB5"}
COMMAND: POST /session/53c41539dcf78f2848fb30d801739189/element - {"using":"xpath","value":"(//span[contains(text(), \"null\")])[2]"}
RESULT: {"handle":"78B1969F1919282EB2FFB4D65EA35AB5"}
COMMAND: GET /session/53c41539dcf78f2848fb30d801739189/url - {}
RESULT: {"using":"xpath","value":"(//span[contains(text(), \"null\")])[2]"}
COMMAND: POST /session/53c41539dcf78f2848fb30d801739189/element - {"using":"xpath","value":"(//span[contains(text(), \"null\")])[2]"}
RESULT: {}
COMMAND: GET /session/53c41539dcf78f2848fb30d801739189/screenshot - {}
RESULT: {"using":"xpath","value":"(//span[contains(text(), \"null\")])[2]"}
RESULT: {}
COMMAND: POST /session/53c41539dcf78f2848fb30d801739189/element - {"using":"xpath","value":"(//span[contains(text(), \"null\")])[2]"}
RESULT: {"using":"xpath","value":"(//span[contains(text(), \"null\")])[2]"}
COMMAND: POST /session/53c41539dcf78f2848fb30d801739189/element - {"using":"xpath","value":"(//span[contains(text(), \"null\")])[2]"}
RESULT: {"using":"xpath","value":"(//span[contains(text(), \"null\")])[2]"}
COMMAND: POST /session/53c41539dcf78f2848fb30d801739189/element - {"using":"xpath","value":"(//span[contains(text(), \"null\")])[2]"}
RESULT: {"using":"xpath","value":"(//span[contains(text(), \"null\")])[2]"}
COMMAND: POST /session/53c41539dcf78f2848fb30d801739189/element - {"using":"xpath","value":"(//span[contains(text(), \"null\")])[2]"}
RESULT: {"using":"xpath","value":"(//span[contains(text(), \"null\")])[2]"}
COMMAND: POST /session/53c41539dcf78f2848fb30d801739189/element - {"using":"xpath","value":"(//span[contains(text(), \"null\")])[2]"}
COMMAND: POST /session/53c41539dcf78f2848fb30d801739189/element - {"using":"xpath","value":"//span[contains(@id ,\"application-addressmanagement-display-component---detailAdm--addressDetailDetailsName1\")][contains(text(), \"null\")]"}
COMMAND: DELETE /session/53c41539dcf78f2848fb30d801739189/window - {}
RESULT: {"using":"xpath","value":"(//span[contains(text(), \"null\")])[2]"}
RESULT: {}
COMMAND: POST /session/53c41539dcf78f2848fb30d801739189/window - {"handle":"AB9978BF0B315C6117297547856C7EDD"}
RESULT: {"handle":"AB9978BF0B315C6117297547856C7EDD"}
COMMAND: GET /session/53c41539dcf78f2848fb30d801739189/url - {}
RESULT: {"using":"xpath","value":"//span[contains(@id ,\"application-addressmanagement-display-component---detailAdm--addressDetailDetailsName1\")][contains(text(), \"null\")]"}
RESULT: {}
COMMAND: GET /session/53c41539dcf78f2848fb30d801739189/screenshot - {}
COMMAND: POST /session/53c41539dcf78f2848fb30d801739189/element - {"using":"xpath","value":"(//span[contains(text(), \"null\")])[2]"}
COMMAND: POST /session/53c41539dcf78f2848fb30d801739189/element - {"using":"xpath","value":"//span[contains(@id ,\"application-addressmanagement-display-component---detailAdm--addressDetailDetailsName1\")][contains(text(), \"null\")]"}
RESULT: {}
RESULT: {"using":"xpath","value":"(//span[contains(text(), \"null\")])[2]"}
RESULT: {"using":"xpath","value":"//span[contains(@id ,\"application-addressmanagement-display-component---detailAdm--addressDetailDetailsName1\")][contains(text(), \"null\")]"}
COMMAND: POST /session/53c41539dcf78f2848fb30d801739189/element - {"using":"xpath","value":"(//span[contains(text(), \"null\")])[2]"}
RESULT: {"using":"xpath","value":"(//span[contains(text(), \"null\")])[2]"}
COMMAND: POST /session/53c41539dcf78f2848fb30d801739189/element - {"using":"xpath","value":"//span[contains(@id ,\"application-addressmanagement-display-component---detailAdm--addressDetailDetailsName1\")][contains(text(), \"null\")]"}
RESULT: {"using":"xpath","value":"//span[contains(@id ,\"application-addressmanagement-display-component---detailAdm--addressDetailDetailsName1\")][contains(text(), \"null\")]"}
COMMAND: POST /session/53c41539dcf78f2848fb30d801739189/element - {"using":"xpath","value":"(//span[contains(text(), \"null\")])[2]"}
RESULT: {"using":"xpath","value":"(//span[contains(text(), \"null\")])[2]"}
COMMAND: POST /session/53c41539dcf78f2848fb30d801739189/element - {"using":"xpath","value":"//span[contains(@id ,\"application-addressmanagement-display-component---detailAdm--addressDetailDetailsName1\")][contains(text(), \"null\")]"}
RESULT: {"using":"xpath","value":"//span[contains(@id ,\"application-addressmanagement-display-component---detailAdm--addressDetailDetailsName1\")][contains(text(), \"null\")]"}
COMMAND: POST /session/53c41539dcf78f2848fb30d801739189/element - {"using":"xpath","value":"(//span[contains(text(), \"null\")])[2]"}
RESULT: {"using":"xpath","value":"(//span[contains(text(), \"null\")])[2]"}
COMMAND: POST /session/53c41539dcf78f2848fb30d801739189/element - {"using":"xpath","value":"//span[contains(@id ,\"application-addressmanagement-display-component---detailAdm--addressDetailDetailsName1\")][contains(text(), \"null\")]"}
RESULT: {"using":"xpath","value":"//span[contains(@id ,\"application-addressmanagement-display-component---detailAdm--addressDetailDetailsName1\")][contains(text(), \"null\")]"}
COMMAND: POST /session/53c41539dcf78f2848fb30d801739189/element - {"using":"xpath","value":"(//span[contains(text(), \"null\")])[2]"}
COMMAND: POST /session/53c41539dcf78f2848fb30d801739189/element - {"using":"xpath","value":"//span[contains(@id ,\"application-addressmanagement-display-component---detailAdm--addressDetailDetailsName1\")][contains(text(), \"null\")]"}
RESULT: {"using":"xpath","value":"(//span[contains(text(), \"null\")])[2]"}
RESULT: {"using":"xpath","value":"//span[contains(@id ,\"application-addressmanagement-display-component---detailAdm--addressDetailDetailsName1\")][contains(text(), \"null\")]"}
COMMAND: POST /session/53c41539dcf78f2848fb30d801739189/element - {"using":"xpath","value":"(//span[contains(text(), \"null\")])[2]"}
COMMAND: POST /session/53c41539dcf78f2848fb30d801739189/element - {"using":"xpath","value":"//span[contains(@id ,\"application-addressmanagement-display-component---detailAdm--addressDetailDetailsName1\")][contains(text(), \"null\")]"}
RESULT: {"using":"xpath","value":"(//span[contains(text(), \"null\")])[2]"}
RESULT: {"using":"xpath","value":"//span[contains(@id ,\"application-addressmanagement-display-component---detailAdm--addressDetailDetailsName1\")][contains(text(), \"null\")]"}
COMMAND: POST /session/53c41539dcf78f2848fb30d801739189/element - {"using":"xpath","value":"(//span[contains(text(), \"null\")])[2]"}
COMMAND: POST /session/53c41539dcf78f2848fb30d801739189/element - {"using":"xpath","value":"//span[contains(@id ,\"application-addressmanagement-display-component---detailAdm--addressDetailDetailsName1\")][contains(text(), \"null\")]"}
RESULT: {"using":"xpath","value":"(//span[contains(text(), \"null\")])[2]"}
RESULT: {"using":"xpath","value":"//span[contains(@id ,\"application-addressmanagement-display-component---detailAdm--addressDetailDetailsName1\")][contains(text(), \"null\")]"}
COMMAND: POST /session/53c41539dcf78f2848fb30d801739189/element - {"using":"xpath","value":"(//span[contains(text(), \"null\")])[2]"}
COMMAND: POST /session/53c41539dcf78f2848fb30d801739189/element - {"using":"xpath","value":"//span[contains(@id ,\"application-addressmanagement-display-component---detailAdm--addressDetailDetailsName1\")][contains(text(), \"null\")]"}
RESULT: {"using":"xpath","value":"(//span[contains(text(), \"null\")])[2]"}
RESULT: {"using":"xpath","value":"//span[contains(@id ,\"application-addressmanagement-display-component---detailAdm--addressDetailDetailsName1\")][contains(text(), \"null\")]"}
COMMAND: POST /session/53c41539dcf78f2848fb30d801739189/element - {"using":"xpath","value":"(//span[contains(text(), \"null\")])[2]"}
COMMAND: POST /session/53c41539dcf78f2848fb30d801739189/element - {"using":"xpath","value":"//span[contains(@id ,\"application-addressmanagement-display-component---detailAdm--addressDetailDetailsName1\")][contains(text(), \"null\")]"}
RESULT: {"using":"xpath","value":"(//span[contains(text(), \"null\")])[2]"}
RESULT: {"using":"xpath","value":"//span[contains(@id ,\"application-addressmanagement-display-component---detailAdm--addressDetailDetailsName1\")][contains(text(), \"null\")]"}
]]></system-out>
    </testcase>
    <testcase classname="chrome.136_0_7103_93.windows.Related_resources_for_groups_US139107" name="Should set one equipment to inactive and verify that it does not show in the releated resources" time="65.808">
      <system-out><![CDATA[
COMMAND: POST /session/53c41539dcf78f2848fb30d801739189/element - {"using":"xpath","value":"//*[contains(@data-kt ,\"openRUIdMenuLink\")]"}
RESULT: {"using":"xpath","value":"//*[contains(@data-kt ,\"openRUIdMenuLink\")]"}
COMMAND: POST /session/53c41539dcf78f2848fb30d801739189/execute/sync - {"script":"<script> [8489 bytes]","args":[{"element-6066-11e4-a52e-4f735466cecf":"f.AB9978BF0B315C6117297547856C7EDD.d.A2B8F9FDEB722DA515C9AB95934F1DBE.e.3806","ELEMENT":"f.AB9978BF0B315C6117297547856C7EDD.d.A2B8F9FDEB722DA515C9AB95934F1DBE.e.3806"}]}
RESULT: {"script":"<script> [8489 bytes]","args":[{"element-6066-11e4-a52e-4f735466cecf":"f.AB9978BF0B315C6117297547856C7EDD.d.A2B8F9FDEB722DA515C9AB95934F1DBE.e.3806","ELEMENT":"f.AB9978BF0B315C6117297547856C7EDD.d.A2B8F9FDEB722DA515C9AB95934F1DBE.e.3806"}]}
COMMAND: POST /session/53c41539dcf78f2848fb30d801739189/execute/sync - {"script":"<script> [5351 bytes]","args":[{"element-6066-11e4-a52e-4f735466cecf":"f.AB9978BF0B315C6117297547856C7EDD.d.A2B8F9FDEB722DA515C9AB95934F1DBE.e.3806","ELEMENT":"f.AB9978BF0B315C6117297547856C7EDD.d.A2B8F9FDEB722DA515C9AB95934F1DBE.e.3806"}]}
COMMAND: GET /session/53c41539dcf78f2848fb30d801739189/screenshot - {}
RESULT: {"script":"<script> [5351 bytes]","args":[{"element-6066-11e4-a52e-4f735466cecf":"f.AB9978BF0B315C6117297547856C7EDD.d.A2B8F9FDEB722DA515C9AB95934F1DBE.e.3806","ELEMENT":"f.AB9978BF0B315C6117297547856C7EDD.d.A2B8F9FDEB722DA515C9AB95934F1DBE.e.3806"}]}
COMMAND: POST /session/53c41539dcf78f2848fb30d801739189/element/f.AB9978BF0B315C6117297547856C7EDD.d.A2B8F9FDEB722DA515C9AB95934F1DBE.e.3806/click - {}
COMMAND: GET /session/53c41539dcf78f2848fb30d801739189/screenshot - {}
COMMAND: POST /session/53c41539dcf78f2848fb30d801739189/element - {"using":"xpath","value":"(//span[contains(text(), \"null\")])[2]"}
COMMAND: POST /session/53c41539dcf78f2848fb30d801739189/element - {"using":"xpath","value":"//span[contains(@id ,\"application-addressmanagement-display-component---detailAdm--addressDetailDetailsName1\")][contains(text(), \"null\")]"}
RESULT: {}
RESULT: {}
COMMAND: GET /session/53c41539dcf78f2848fb30d801739189/screenshot - {}
RESULT: {}
RESULT: {"using":"xpath","value":"(//span[contains(text(), \"null\")])[2]"}
RESULT: {"using":"xpath","value":"//span[contains(@id ,\"application-addressmanagement-display-component---detailAdm--addressDetailDetailsName1\")][contains(text(), \"null\")]"}
COMMAND: POST /session/53c41539dcf78f2848fb30d801739189/element - {"using":"xpath","value":"(//span[contains(text(), \"null\")])[2]"}
RESULT: {}
RESULT: {"using":"xpath","value":"(//span[contains(text(), \"null\")])[2]"}
COMMAND: POST /session/53c41539dcf78f2848fb30d801739189/element - {"using":"xpath","value":"//span[contains(@id ,\"application-addressmanagement-display-component---detailAdm--addressDetailDetailsName1\")][contains(text(), \"null\")]"}
RESULT: {"using":"xpath","value":"//span[contains(@id ,\"application-addressmanagement-display-component---detailAdm--addressDetailDetailsName1\")][contains(text(), \"null\")]"}
COMMAND: POST /session/53c41539dcf78f2848fb30d801739189/element - {"using":"xpath","value":"//*[contains(@data-kt ,\"ContextMenuId2Link\")][contains(text(), \"RU Overview\")]"}
RESULT: {"using":"xpath","value":"//*[contains(@data-kt ,\"ContextMenuId2Link\")][contains(text(), \"RU Overview\")]"}
COMMAND: POST /session/53c41539dcf78f2848fb30d801739189/execute/sync - {"script":"<script> [8489 bytes]","args":[{"element-6066-11e4-a52e-4f735466cecf":"f.AB9978BF0B315C6117297547856C7EDD.d.A2B8F9FDEB722DA515C9AB95934F1DBE.e.3808","ELEMENT":"f.AB9978BF0B315C6117297547856C7EDD.d.A2B8F9FDEB722DA515C9AB95934F1DBE.e.3808"}]}
COMMAND: POST /session/53c41539dcf78f2848fb30d801739189/element/f.AB9978BF0B315C6117297547856C7EDD.d.A2B8F9FDEB722DA515C9AB95934F1DBE.e.3808/click - {}
COMMAND: POST /session/53c41539dcf78f2848fb30d801739189/element - {"using":"xpath","value":"(//span[contains(text(), \"null\")])[2]"}
COMMAND: POST /session/53c41539dcf78f2848fb30d801739189/element - {"using":"xpath","value":"//span[contains(@id ,\"application-addressmanagement-display-component---detailAdm--addressDetailDetailsName1\")][contains(text(), \"null\")]"}
RESULT: {}
RESULT: {"script":"<script> [8489 bytes]","args":[{"element-6066-11e4-a52e-4f735466cecf":"f.AB9978BF0B315C6117297547856C7EDD.d.A2B8F9FDEB722DA515C9AB95934F1DBE.e.3808","ELEMENT":"f.AB9978BF0B315C6117297547856C7EDD.d.A2B8F9FDEB722DA515C9AB95934F1DBE.e.3808"}]}
RESULT: {"using":"xpath","value":"(//span[contains(text(), \"null\")])[2]"}
COMMAND: GET /session/53c41539dcf78f2848fb30d801739189/screenshot - {}
COMMAND: GET /session/53c41539dcf78f2848fb30d801739189/screenshot - {}
RESULT: {"using":"xpath","value":"//span[contains(@id ,\"application-addressmanagement-display-component---detailAdm--addressDetailDetailsName1\")][contains(text(), \"null\")]"}
RESULT: {}
COMMAND: POST /session/53c41539dcf78f2848fb30d801739189/element - {"using":"xpath","value":"(//span[contains(text(), \"null\")])[2]"}
COMMAND: POST /session/53c41539dcf78f2848fb30d801739189/element - {"using":"xpath","value":"//span[contains(@id ,\"application-addressmanagement-display-component---detailAdm--addressDetailDetailsName1\")][contains(text(), \"null\")]"}
RESULT: {}
RESULT: {"using":"xpath","value":"(//span[contains(text(), \"null\")])[2]"}
RESULT: {"using":"xpath","value":"//span[contains(@id ,\"application-addressmanagement-display-component---detailAdm--addressDetailDetailsName1\")][contains(text(), \"null\")]"}
COMMAND: POST /session/53c41539dcf78f2848fb30d801739189/element - {"using":"xpath","value":"(//span[contains(text(), \"null\")])[2]"}
COMMAND: POST /session/53c41539dcf78f2848fb30d801739189/element - {"using":"xpath","value":"//span[contains(@id ,\"application-addressmanagement-display-component---detailAdm--addressDetailDetailsName1\")][contains(text(), \"null\")]"}
RESULT: {"using":"xpath","value":"//span[contains(@id ,\"application-addressmanagement-display-component---detailAdm--addressDetailDetailsName1\")][contains(text(), \"null\")]"}
RESULT: {"using":"xpath","value":"(//span[contains(text(), \"null\")])[2]"}
COMMAND: POST /session/53c41539dcf78f2848fb30d801739189/element - {"using":"xpath","value":"//span[contains(@id ,\"application-addressmanagement-display-component---detailAdm--addressDetailDetailsName1\")][contains(text(), \"null\")]"}
COMMAND: POST /session/53c41539dcf78f2848fb30d801739189/element - {"using":"xpath","value":"(//span[contains(text(), \"null\")])[2]"}
RESULT: {"using":"xpath","value":"(//span[contains(text(), \"null\")])[2]"}
RESULT: {"using":"xpath","value":"//span[contains(@id ,\"application-addressmanagement-display-component---detailAdm--addressDetailDetailsName1\")][contains(text(), \"null\")]"}
COMMAND: POST /session/53c41539dcf78f2848fb30d801739189/element - {"using":"xpath","value":"(//span[contains(text(), \"null\")])[2]"}
COMMAND: POST /session/53c41539dcf78f2848fb30d801739189/element - {"using":"xpath","value":"//span[contains(@id ,\"application-addressmanagement-display-component---detailAdm--addressDetailDetailsName1\")][contains(text(), \"null\")]"}
RESULT: {"using":"xpath","value":"(//span[contains(text(), \"null\")])[2]"}
RESULT: {"using":"xpath","value":"//span[contains(@id ,\"application-addressmanagement-display-component---detailAdm--addressDetailDetailsName1\")][contains(text(), \"null\")]"}
COMMAND: POST /session/53c41539dcf78f2848fb30d801739189/element - {"using":"xpath","value":"//span[contains(@id ,\"actionsToolbar-overflowButton-img\")]"}
COMMAND: POST /session/53c41539dcf78f2848fb30d801739189/element - {"using":"xpath","value":"//span[contains(@id ,\"application-addressmanagement-display-component---detailAdm--addressDetailDetailsName1\")][contains(text(), \"null\")]"}
RESULT: {"using":"xpath","value":"//span[contains(@id ,\"actionsToolbar-overflowButton-img\")]"}
COMMAND: POST /session/53c41539dcf78f2848fb30d801739189/execute/sync - {"script":"<script> [8489 bytes]","args":[{"element-6066-11e4-a52e-4f735466cecf":"f.AB9978BF0B315C6117297547856C7EDD.d.A2B8F9FDEB722DA515C9AB95934F1DBE.e.4045","ELEMENT":"f.AB9978BF0B315C6117297547856C7EDD.d.A2B8F9FDEB722DA515C9AB95934F1DBE.e.4045"}]}
RESULT: {"using":"xpath","value":"//span[contains(@id ,\"application-addressmanagement-display-component---detailAdm--addressDetailDetailsName1\")][contains(text(), \"null\")]"}
RESULT: {"script":"<script> [8489 bytes]","args":[{"element-6066-11e4-a52e-4f735466cecf":"f.AB9978BF0B315C6117297547856C7EDD.d.A2B8F9FDEB722DA515C9AB95934F1DBE.e.4045","ELEMENT":"f.AB9978BF0B315C6117297547856C7EDD.d.A2B8F9FDEB722DA515C9AB95934F1DBE.e.4045"}]}
COMMAND: POST /session/53c41539dcf78f2848fb30d801739189/execute/sync - {"script":"<script> [5351 bytes]","args":[{"element-6066-11e4-a52e-4f735466cecf":"f.AB9978BF0B315C6117297547856C7EDD.d.A2B8F9FDEB722DA515C9AB95934F1DBE.e.4045","ELEMENT":"f.AB9978BF0B315C6117297547856C7EDD.d.A2B8F9FDEB722DA515C9AB95934F1DBE.e.4045"}]}
RESULT: {"script":"<script> [5351 bytes]","args":[{"element-6066-11e4-a52e-4f735466cecf":"f.AB9978BF0B315C6117297547856C7EDD.d.A2B8F9FDEB722DA515C9AB95934F1DBE.e.4045","ELEMENT":"f.AB9978BF0B315C6117297547856C7EDD.d.A2B8F9FDEB722DA515C9AB95934F1DBE.e.4045"}]}
COMMAND: POST /session/53c41539dcf78f2848fb30d801739189/element/f.AB9978BF0B315C6117297547856C7EDD.d.A2B8F9FDEB722DA515C9AB95934F1DBE.e.4045/click - {}
COMMAND: GET /session/53c41539dcf78f2848fb30d801739189/screenshot - {}
COMMAND: GET /session/53c41539dcf78f2848fb30d801739189/screenshot - {}
RESULT: {}
COMMAND: POST /session/53c41539dcf78f2848fb30d801739189/element - {"using":"xpath","value":"//span[contains(@id ,\"application-addressmanagement-display-component---detailAdm--addressDetailDetailsName1\")][contains(text(), \"null\")]"}
RESULT: {}
COMMAND: GET /session/53c41539dcf78f2848fb30d801739189/screenshot - {}
RESULT: {}
RESULT: {"using":"xpath","value":"//span[contains(@id ,\"application-addressmanagement-display-component---detailAdm--addressDetailDetailsName1\")][contains(text(), \"null\")]"}
RESULT: {}
COMMAND: POST /session/53c41539dcf78f2848fb30d801739189/element - {"using":"xpath","value":"//span[contains(@id ,\"application-addressmanagement-display-component---detailAdm--addressDetailDetailsName1\")][contains(text(), \"null\")]"}
RESULT: {"using":"xpath","value":"//span[contains(@id ,\"application-addressmanagement-display-component---detailAdm--addressDetailDetailsName1\")][contains(text(), \"null\")]"}
COMMAND: POST /session/53c41539dcf78f2848fb30d801739189/element - {"using":"xpath","value":"//span[contains(@id ,\"application-addressmanagement-display-component---detailAdm--addressDetailDetailsName1\")][contains(text(), \"null\")]"}
RESULT: {"using":"xpath","value":"//span[contains(@id ,\"application-addressmanagement-display-component---detailAdm--addressDetailDetailsName1\")][contains(text(), \"null\")]"}
COMMAND: POST /session/53c41539dcf78f2848fb30d801739189/element - {"using":"xpath","value":"//span[contains(@id ,\"application-addressmanagement-display-component---detailAdm--addressDetailDetailsName1\")][contains(text(), \"null\")]"}
RESULT: {"using":"xpath","value":"//span[contains(@id ,\"application-addressmanagement-display-component---detailAdm--addressDetailDetailsName1\")][contains(text(), \"null\")]"}
COMMAND: POST /session/53c41539dcf78f2848fb30d801739189/element - {"using":"xpath","value":"(//bdi[contains(text(), \"Deactivate\")])[1]"}
RESULT: {"using":"xpath","value":"(//bdi[contains(text(), \"Deactivate\")])[1]"}
COMMAND: POST /session/53c41539dcf78f2848fb30d801739189/element/f.AB9978BF0B315C6117297547856C7EDD.d.A2B8F9FDEB722DA515C9AB95934F1DBE.e.4050/click - {}
COMMAND: POST /session/53c41539dcf78f2848fb30d801739189/element - {"using":"xpath","value":"//span[contains(@id ,\"application-addressmanagement-display-component---detailAdm--addressDetailDetailsName1\")][contains(text(), \"null\")]"}
RESULT: {}
COMMAND: GET /session/53c41539dcf78f2848fb30d801739189/screenshot - {}
RESULT: {"using":"xpath","value":"//span[contains(@id ,\"application-addressmanagement-display-component---detailAdm--addressDetailDetailsName1\")][contains(text(), \"null\")]"}
RESULT: {}
COMMAND: POST /session/53c41539dcf78f2848fb30d801739189/element - {"using":"xpath","value":"//span[contains(@id ,\"application-addressmanagement-display-component---detailAdm--addressDetailDetailsName1\")][contains(text(), \"null\")]"}
RESULT: {"using":"xpath","value":"//span[contains(@id ,\"application-addressmanagement-display-component---detailAdm--addressDetailDetailsName1\")][contains(text(), \"null\")]"}
COMMAND: POST /session/53c41539dcf78f2848fb30d801739189/element - {"using":"xpath","value":"//span[contains(@id ,\"application-addressmanagement-display-component---detailAdm--addressDetailDetailsName1\")][contains(text(), \"null\")]"}
RESULT: {"using":"xpath","value":"//span[contains(@id ,\"application-addressmanagement-display-component---detailAdm--addressDetailDetailsName1\")][contains(text(), \"null\")]"}
COMMAND: POST /session/53c41539dcf78f2848fb30d801739189/element - {"using":"xpath","value":"//span[contains(@id ,\"application-addressmanagement-display-component---detailAdm--addressDetailDetailsName1\")][contains(text(), \"null\")]"}
RESULT: {"using":"xpath","value":"//span[contains(@id ,\"application-addressmanagement-display-component---detailAdm--addressDetailDetailsName1\")][contains(text(), \"null\")]"}
COMMAND: POST /session/53c41539dcf78f2848fb30d801739189/element - {"using":"xpath","value":"(//bdi[contains(text(), \"OK\")])[1]"}
RESULT: {"using":"xpath","value":"(//bdi[contains(text(), \"OK\")])[1]"}
COMMAND: POST /session/53c41539dcf78f2848fb30d801739189/element/f.AB9978BF0B315C6117297547856C7EDD.d.A2B8F9FDEB722DA515C9AB95934F1DBE.e.4053/click - {}
COMMAND: POST /session/53c41539dcf78f2848fb30d801739189/element - {"using":"xpath","value":"//span[contains(@id ,\"application-addressmanagement-display-component---detailAdm--addressDetailDetailsName1\")][contains(text(), \"null\")]"}
RESULT: {}
COMMAND: GET /session/53c41539dcf78f2848fb30d801739189/screenshot - {}
RESULT: {"using":"xpath","value":"//span[contains(@id ,\"application-addressmanagement-display-component---detailAdm--addressDetailDetailsName1\")][contains(text(), \"null\")]"}
COMMAND: POST /session/53c41539dcf78f2848fb30d801739189/element - {"using":"xpath","value":"//span[contains(@id ,\"application-addressmanagement-display-component---detailAdm--addressDetailDetailsName1\")][contains(text(), \"null\")]"}
RESULT: {}
RESULT: {"using":"xpath","value":"//span[contains(@id ,\"application-addressmanagement-display-component---detailAdm--addressDetailDetailsName1\")][contains(text(), \"null\")]"}
COMMAND: POST /session/53c41539dcf78f2848fb30d801739189/element - {"using":"xpath","value":"//span[contains(@id ,\"application-addressmanagement-display-component---detailAdm--addressDetailDetailsName1\")][contains(text(), \"null\")]"}
RESULT: {"using":"xpath","value":"//span[contains(@id ,\"application-addressmanagement-display-component---detailAdm--addressDetailDetailsName1\")][contains(text(), \"null\")]"}
COMMAND: POST /session/53c41539dcf78f2848fb30d801739189/element - {"using":"xpath","value":"//span[contains(@id ,\"application-addressmanagement-display-component---detailAdm--addressDetailDetailsName1\")][contains(text(), \"null\")]"}
RESULT: {"using":"xpath","value":"//span[contains(@id ,\"application-addressmanagement-display-component---detailAdm--addressDetailDetailsName1\")][contains(text(), \"null\")]"}
COMMAND: POST /session/53c41539dcf78f2848fb30d801739189/element - {"using":"xpath","value":"//span[contains(@id ,\"application-addressmanagement-display-component---detailAdm--addressDetailDetailsName1\")][contains(text(), \"null\")]"}
RESULT: {"using":"xpath","value":"//span[contains(@id ,\"application-addressmanagement-display-component---detailAdm--addressDetailDetailsName1\")][contains(text(), \"null\")]"}
COMMAND: POST /session/53c41539dcf78f2848fb30d801739189/element - {"using":"xpath","value":"//input[contains(@id ,\"application-manageresources-display-component---masterRU--smartFilterBar-btnBasicSearch-I\")]"}
RESULT: {"using":"xpath","value":"//input[contains(@id ,\"application-manageresources-display-component---masterRU--smartFilterBar-btnBasicSearch-I\")]"}
COMMAND: POST /session/53c41539dcf78f2848fb30d801739189/element/f.AB9978BF0B315C6117297547856C7EDD.d.A2B8F9FDEB722DA515C9AB95934F1DBE.e.3819/value - {"text":"WdIORUGroupcv4nr"}
COMMAND: POST /session/53c41539dcf78f2848fb30d801739189/element - {"using":"xpath","value":"//span[contains(@id ,\"application-addressmanagement-display-component---detailAdm--addressDetailDetailsName1\")][contains(text(), \"null\")]"}
RESULT: {"text":"WdIORUGroupcv4nr"}
COMMAND: GET /session/53c41539dcf78f2848fb30d801739189/screenshot - {}
RESULT: {"using":"xpath","value":"//span[contains(@id ,\"application-addressmanagement-display-component---detailAdm--addressDetailDetailsName1\")][contains(text(), \"null\")]"}
RESULT: {}
COMMAND: POST /session/53c41539dcf78f2848fb30d801739189/element - {"using":"xpath","value":"//span[contains(@id ,\"application-addressmanagement-display-component---detailAdm--addressDetailDetailsName1\")][contains(text(), \"null\")]"}
RESULT: {"using":"xpath","value":"//span[contains(@id ,\"application-addressmanagement-display-component---detailAdm--addressDetailDetailsName1\")][contains(text(), \"null\")]"}
COMMAND: POST /session/53c41539dcf78f2848fb30d801739189/element - {"using":"xpath","value":"//span[contains(@id ,\"application-addressmanagement-display-component---detailAdm--addressDetailDetailsName1\")][contains(text(), \"null\")]"}
RESULT: {"using":"xpath","value":"//span[contains(@id ,\"application-addressmanagement-display-component---detailAdm--addressDetailDetailsName1\")][contains(text(), \"null\")]"}
COMMAND: POST /session/53c41539dcf78f2848fb30d801739189/element - {"using":"xpath","value":"//span[contains(@id ,\"application-addressmanagement-display-component---detailAdm--addressDetailDetailsName1\")][contains(text(), \"null\")]"}
RESULT: {"using":"xpath","value":"//span[contains(@id ,\"application-addressmanagement-display-component---detailAdm--addressDetailDetailsName1\")][contains(text(), \"null\")]"}
COMMAND: POST /session/53c41539dcf78f2848fb30d801739189/actions - {"actions":[{"id":"action13","type":"key","parameters":{},"actions":[{"type":"keyDown","value":"î€‡"},{"type":"pause","duration":10},{"type":"keyUp","value":"î€‡"}]}]}
RESULT: {"actions":[{"id":"action13","type":"key","parameters":{},"actions":[{"type":"keyDown","value":"î€‡"},{"type":"pause","duration":10},{"type":"keyUp","value":"î€‡"}]}]}
COMMAND: GET /session/53c41539dcf78f2848fb30d801739189/screenshot - {}
COMMAND: POST /session/53c41539dcf78f2848fb30d801739189/element - {"using":"xpath","value":"//span[contains(@id ,\"application-addressmanagement-display-component---detailAdm--addressDetailDetailsName1\")][contains(text(), \"null\")]"}
RESULT: {}
RESULT: {"using":"xpath","value":"//span[contains(@id ,\"application-addressmanagement-display-component---detailAdm--addressDetailDetailsName1\")][contains(text(), \"null\")]"}
COMMAND: POST /session/53c41539dcf78f2848fb30d801739189/element - {"using":"xpath","value":"//span[contains(@id ,\"application-addressmanagement-display-component---detailAdm--addressDetailDetailsName1\")][contains(text(), \"null\")]"}
RESULT: {"using":"xpath","value":"//span[contains(@id ,\"application-addressmanagement-display-component---detailAdm--addressDetailDetailsName1\")][contains(text(), \"null\")]"}
COMMAND: POST /session/53c41539dcf78f2848fb30d801739189/element - {"using":"xpath","value":"//span[contains(@id ,\"application-addressmanagement-display-component---detailAdm--addressDetailDetailsName1\")][contains(text(), \"null\")]"}
RESULT: {"using":"xpath","value":"//span[contains(@id ,\"application-addressmanagement-display-component---detailAdm--addressDetailDetailsName1\")][contains(text(), \"null\")]"}
COMMAND: POST /session/53c41539dcf78f2848fb30d801739189/element - {"using":"xpath","value":"//span[contains(@id ,\"application-addressmanagement-display-component---detailAdm--addressDetailDetailsName1\")][contains(text(), \"null\")]"}
RESULT: {"using":"xpath","value":"//span[contains(@id ,\"application-addressmanagement-display-component---detailAdm--addressDetailDetailsName1\")][contains(text(), \"null\")]"}
COMMAND: POST /session/53c41539dcf78f2848fb30d801739189/element - {"using":"xpath","value":"//span[contains(@id ,\"application-addressmanagement-display-component---detailAdm--addressDetailDetailsName1\")][contains(text(), \"null\")]"}
RESULT: {"using":"xpath","value":"//span[contains(@id ,\"application-addressmanagement-display-component---detailAdm--addressDetailDetailsName1\")][contains(text(), \"null\")]"}
COMMAND: POST /session/53c41539dcf78f2848fb30d801739189/element - {"using":"xpath","value":"//span[contains(@id ,\"application-addressmanagement-display-component---detailAdm--addressDetailDetailsName1\")][contains(text(), \"null\")]"}
RESULT: {"using":"xpath","value":"//span[contains(@id ,\"application-addressmanagement-display-component---detailAdm--addressDetailDetailsName1\")][contains(text(), \"null\")]"}
COMMAND: POST /session/53c41539dcf78f2848fb30d801739189/element - {"using":"xpath","value":"//span[contains(@id ,\"application-addressmanagement-display-component---detailAdm--addressDetailDetailsName1\")][contains(text(), \"null\")]"}
RESULT: {"using":"xpath","value":"//span[contains(@id ,\"application-addressmanagement-display-component---detailAdm--addressDetailDetailsName1\")][contains(text(), \"null\")]"}
COMMAND: POST /session/53c41539dcf78f2848fb30d801739189/element - {"using":"xpath","value":"//span[contains(@id ,\"application-addressmanagement-display-component---detailAdm--addressDetailDetailsName1\")][contains(text(), \"null\")]"}
RESULT: {"using":"xpath","value":"//span[contains(@id ,\"application-addressmanagement-display-component---detailAdm--addressDetailDetailsName1\")][contains(text(), \"null\")]"}
COMMAND: POST /session/53c41539dcf78f2848fb30d801739189/element - {"using":"xpath","value":"//span[contains(@id ,\"application-addressmanagement-display-component---detailAdm--addressDetailDetailsName1\")][contains(text(), \"null\")]"}
RESULT: {"using":"xpath","value":"//span[contains(@id ,\"application-addressmanagement-display-component---detailAdm--addressDetailDetailsName1\")][contains(text(), \"null\")]"}
COMMAND: POST /session/53c41539dcf78f2848fb30d801739189/element - {"using":"xpath","value":"//span[contains(@id ,\"application-addressmanagement-display-component---detailAdm--addressDetailDetailsName1\")][contains(text(), \"null\")]"}
RESULT: {"using":"xpath","value":"//span[contains(@id ,\"application-addressmanagement-display-component---detailAdm--addressDetailDetailsName1\")][contains(text(), \"null\")]"}
COMMAND: POST /session/53c41539dcf78f2848fb30d801739189/element - {"using":"xpath","value":"//span[contains(@id ,\"application-addressmanagement-display-component---detailAdm--addressDetailDetailsName1\")][contains(text(), \"null\")]"}
RESULT: {"using":"xpath","value":"//span[contains(@id ,\"application-addressmanagement-display-component---detailAdm--addressDetailDetailsName1\")][contains(text(), \"null\")]"}
COMMAND: POST /session/53c41539dcf78f2848fb30d801739189/element - {"using":"xpath","value":"//span[contains(text(), \"WdIORUGroupcv4nr\")][contains(@class ,\"sapMText sapUiSelectable sapMTextBreakWord sapMTextMaxWidth\")]"}
RESULT: {"using":"xpath","value":"//span[contains(text(), \"WdIORUGroupcv4nr\")][contains(@class ,\"sapMText sapUiSelectable sapMTextBreakWord sapMTextMaxWidth\")]"}
COMMAND: POST /session/53c41539dcf78f2848fb30d801739189/element/f.AB9978BF0B315C6117297547856C7EDD.d.A2B8F9FDEB722DA515C9AB95934F1DBE.e.4327/click - {}
COMMAND: POST /session/53c41539dcf78f2848fb30d801739189/element - {"using":"xpath","value":"//span[contains(@id ,\"application-addressmanagement-display-component---detailAdm--addressDetailDetailsName1\")][contains(text(), \"null\")]"}
RESULT: {}
COMMAND: GET /session/53c41539dcf78f2848fb30d801739189/screenshot - {}
RESULT: {"using":"xpath","value":"//span[contains(@id ,\"application-addressmanagement-display-component---detailAdm--addressDetailDetailsName1\")][contains(text(), \"null\")]"}
RESULT: {}
COMMAND: POST /session/53c41539dcf78f2848fb30d801739189/element - {"using":"xpath","value":"//span[contains(@id ,\"application-addressmanagement-display-component---detailAdm--addressDetailDetailsName1\")][contains(text(), \"null\")]"}
RESULT: {"using":"xpath","value":"//span[contains(@id ,\"application-addressmanagement-display-component---detailAdm--addressDetailDetailsName1\")][contains(text(), \"null\")]"}
COMMAND: POST /session/53c41539dcf78f2848fb30d801739189/element - {"using":"xpath","value":"//span[contains(@id ,\"application-addressmanagement-display-component---detailAdm--addressDetailDetailsName1\")][contains(text(), \"null\")]"}
RESULT: {"using":"xpath","value":"//span[contains(@id ,\"application-addressmanagement-display-component---detailAdm--addressDetailDetailsName1\")][contains(text(), \"null\")]"}
COMMAND: POST /session/53c41539dcf78f2848fb30d801739189/element - {"using":"xpath","value":"//span[contains(@id ,\"application-addressmanagement-display-component---detailAdm--addressDetailDetailsName1\")][contains(text(), \"null\")]"}
RESULT: {"using":"xpath","value":"//span[contains(@id ,\"application-addressmanagement-display-component---detailAdm--addressDetailDetailsName1\")][contains(text(), \"null\")]"}
COMMAND: POST /session/53c41539dcf78f2848fb30d801739189/element - {"using":"xpath","value":"//span[contains(@id ,\"application-addressmanagement-display-component---detailAdm--addressDetailDetailsName1\")][contains(text(), \"null\")]"}
RESULT: {"using":"xpath","value":"//span[contains(@id ,\"application-addressmanagement-display-component---detailAdm--addressDetailDetailsName1\")][contains(text(), \"null\")]"}
COMMAND: POST /session/53c41539dcf78f2848fb30d801739189/element - {"using":"xpath","value":"//span[contains(@id ,\"application-addressmanagement-display-component---detailAdm--addressDetailDetailsName1\")][contains(text(), \"null\")]"}
RESULT: {"using":"xpath","value":"//span[contains(@id ,\"application-addressmanagement-display-component---detailAdm--addressDetailDetailsName1\")][contains(text(), \"null\")]"}
COMMAND: POST /session/53c41539dcf78f2848fb30d801739189/element - {"using":"xpath","value":"//span[contains(@id ,\"application-addressmanagement-display-component---detailAdm--addressDetailDetailsName1\")][contains(text(), \"null\")]"}
RESULT: {"using":"xpath","value":"//span[contains(@id ,\"application-addressmanagement-display-component---detailAdm--addressDetailDetailsName1\")][contains(text(), \"null\")]"}
COMMAND: POST /session/53c41539dcf78f2848fb30d801739189/element - {"using":"xpath","value":"//span[contains(@id ,\"application-addressmanagement-display-component---detailAdm--addressDetailDetailsName1\")][contains(text(), \"null\")]"}
RESULT: {"using":"xpath","value":"//span[contains(@id ,\"application-addressmanagement-display-component---detailAdm--addressDetailDetailsName1\")][contains(text(), \"null\")]"}
COMMAND: POST /session/53c41539dcf78f2848fb30d801739189/element - {"using":"xpath","value":"//span[contains(@id ,\"application-addressmanagement-display-component---detailAdm--addressDetailDetailsName1\")][contains(text(), \"null\")]"}
RESULT: {"using":"xpath","value":"//span[contains(@id ,\"application-addressmanagement-display-component---detailAdm--addressDetailDetailsName1\")][contains(text(), \"null\")]"}
COMMAND: POST /session/53c41539dcf78f2848fb30d801739189/element - {"using":"xpath","value":"//span[contains(@id ,\"application-addressmanagement-display-component---detailAdm--addressDetailDetailsName1\")][contains(text(), \"null\")]"}
RESULT: {"using":"xpath","value":"//span[contains(@id ,\"application-addressmanagement-display-component---detailAdm--addressDetailDetailsName1\")][contains(text(), \"null\")]"}
COMMAND: POST /session/53c41539dcf78f2848fb30d801739189/element - {"using":"xpath","value":"//span[contains(@id ,\"application-addressmanagement-display-component---detailAdm--addressDetailDetailsName1\")][contains(text(), \"null\")]"}
RESULT: {"using":"xpath","value":"//span[contains(@id ,\"application-addressmanagement-display-component---detailAdm--addressDetailDetailsName1\")][contains(text(), \"null\")]"}
COMMAND: POST /session/53c41539dcf78f2848fb30d801739189/element - {"using":"xpath","value":"//bdi[contains(@id ,\"application-manageresources-display-component---detailRU--openRelatedRus-BDI-content\")]"}
RESULT: {"using":"xpath","value":"//bdi[contains(@id ,\"application-manageresources-display-component---detailRU--openRelatedRus-BDI-content\")]"}
COMMAND: POST /session/53c41539dcf78f2848fb30d801739189/execute/sync - {"script":"<script> [8489 bytes]","args":[{"element-6066-11e4-a52e-4f735466cecf":"f.AB9978BF0B315C6117297547856C7EDD.d.A2B8F9FDEB722DA515C9AB95934F1DBE.e.4382","ELEMENT":"f.AB9978BF0B315C6117297547856C7EDD.d.A2B8F9FDEB722DA515C9AB95934F1DBE.e.4382"}]}
RESULT: {"script":"<script> [8489 bytes]","args":[{"element-6066-11e4-a52e-4f735466cecf":"f.AB9978BF0B315C6117297547856C7EDD.d.A2B8F9FDEB722DA515C9AB95934F1DBE.e.4382","ELEMENT":"f.AB9978BF0B315C6117297547856C7EDD.d.A2B8F9FDEB722DA515C9AB95934F1DBE.e.4382"}]}
COMMAND: POST /session/53c41539dcf78f2848fb30d801739189/execute/sync - {"script":"<script> [5351 bytes]","args":[{"element-6066-11e4-a52e-4f735466cecf":"f.AB9978BF0B315C6117297547856C7EDD.d.A2B8F9FDEB722DA515C9AB95934F1DBE.e.4382","ELEMENT":"f.AB9978BF0B315C6117297547856C7EDD.d.A2B8F9FDEB722DA515C9AB95934F1DBE.e.4382"}]}
COMMAND: GET /session/53c41539dcf78f2848fb30d801739189/screenshot - {}
RESULT: {"script":"<script> [5351 bytes]","args":[{"element-6066-11e4-a52e-4f735466cecf":"f.AB9978BF0B315C6117297547856C7EDD.d.A2B8F9FDEB722DA515C9AB95934F1DBE.e.4382","ELEMENT":"f.AB9978BF0B315C6117297547856C7EDD.d.A2B8F9FDEB722DA515C9AB95934F1DBE.e.4382"}]}
COMMAND: POST /session/53c41539dcf78f2848fb30d801739189/element/f.AB9978BF0B315C6117297547856C7EDD.d.A2B8F9FDEB722DA515C9AB95934F1DBE.e.4382/click - {}
COMMAND: GET /session/53c41539dcf78f2848fb30d801739189/screenshot - {}
RESULT: {}
COMMAND: POST /session/53c41539dcf78f2848fb30d801739189/element - {"using":"xpath","value":"//span[contains(@id ,\"application-addressmanagement-display-component---detailAdm--addressDetailDetailsName1\")][contains(text(), \"null\")]"}
RESULT: {}
COMMAND: GET /session/53c41539dcf78f2848fb30d801739189/screenshot - {}
RESULT: {}
RESULT: {"using":"xpath","value":"//span[contains(@id ,\"application-addressmanagement-display-component---detailAdm--addressDetailDetailsName1\")][contains(text(), \"null\")]"}
RESULT: {}
RESULT: undefined
COMMAND: POST /session/53c41539dcf78f2848fb30d801739189/execute/async - {"script":"<script> [6424 bytes]","args":[{"element-6066-11e4-a52e-4f735466cecf":"f.AB9978BF0B315C6117297547856C7EDD.d.A2B8F9FDEB722DA515C9AB95934F1DBE.e.2077"},"getText",[]]}
COMMAND: POST /session/53c41539dcf78f2848fb30d801739189/execute/async - {"script":"<script> [1562 bytes]","args":[{"selector":{"id":"RelatedRUsFragmentID--smartTableRUs-header","searchOpenDialogs":true},"wdio_ui5_key":"RelatedRUsFragmentIDsmartTableRUs-header"}]}
RESULT: {"script":"<script> [1562 bytes]","args":[{"selector":{"id":"RelatedRUsFragmentID--smartTableRUs-header","searchOpenDialogs":true},"wdio_ui5_key":"RelatedRUsFragmentIDsmartTableRUs-header"}]}
COMMAND: POST /session/53c41539dcf78f2848fb30d801739189/execute/async - {"script":"<script> [6424 bytes]","args":[{"element-6066-11e4-a52e-4f735466cecf":"f.AB9978BF0B315C6117297547856C7EDD.d.A2B8F9FDEB722DA515C9AB95934F1DBE.e.4389"},"getText",[]]}
RESULT: {"script":"<script> [6424 bytes]","args":[{"element-6066-11e4-a52e-4f735466cecf":"f.AB9978BF0B315C6117297547856C7EDD.d.A2B8F9FDEB722DA515C9AB95934F1DBE.e.4389"},"getText",[]]}
COMMAND: POST /session/53c41539dcf78f2848fb30d801739189/element - {"using":"xpath","value":"//span[contains(text(), \"WdIORUEquip10ucnd\")]"}
RESULT: {"using":"xpath","value":"//span[contains(text(), \"WdIORUEquip10ucnd\")]"}
COMMAND: POST /session/53c41539dcf78f2848fb30d801739189/element - {"using":"xpath","value":"//span[contains(text(), \"WdIORUEquip10ucnd\")]"}
RESULT: {"using":"xpath","value":"//span[contains(text(), \"WdIORUEquip10ucnd\")]"}
COMMAND: DELETE /session/53c41539dcf78f2848fb30d801739189 - {}
RESULT: {}
]]></system-out>
    </testcase>
  </testsuite>
</testsuites>