<?xml version="1.0" encoding="UTF-8"?>
<testsuites tests="20" failures="5" errors="5" skipped="0">
  <testsuite timestamp="2025-05-14T06:18:55" time="63.654" tests="2" failures="0" errors="0" skipped="0">
    <properties>
      <property name="specId" value="0" />
      <property name="suiteName" value="Assign the user test user id to an address" />
      <property name="capabilities" value="chrome.136_0_7103_49.windows" />
      <property name="file" value="file:///D:/a/1/s/test/specs/R2C/assign-user-id-to-an-address.spec.js" />
    </properties>
    <testcase classname="chrome.136_0_7103_49.windows.Assign_the_user_test_user_id_to_an_address" name="Should search for test1ETM create only if not present" time="9.309">
      <system-out><![CDATA[
COMMAND: POST /session/00377494c9177dc39dc7c331b478fd1b/execute/async - {"script":"<script> [1562 bytes]","args":[{"selector":{"id":"application-addressmanagement-display-component---masterAdm--smartFilterBar-filterItemControl_BASIC-NAME-vhi"},"wdio_ui5_key":"applicationaddressmanagement-display-component---masterAdm--smartFilterBar-filterItemControl_BASIC-NAME-vhi"}]}
RESULT: {"script":"<script> [1562 bytes]","args":[{"selector":{"id":"application-addressmanagement-display-component---masterAdm--smartFilterBar-filterItemControl_BASIC-NAME-vhi"},"wdio_ui5_key":"applicationaddressmanagement-display-component---masterAdm--smartFilterBar-filterItemControl_BASIC-NAME-vhi"}]}
RESULT: undefined
COMMAND: POST /session/00377494c9177dc39dc7c331b478fd1b/element - {"using":"xpath","value":"//*[@id=\"application-addressmanagement-display-component---masterAdm--smartFilterBar-filterItemControl_BASIC-NAME-vhi\"]"}
RESULT: {"using":"xpath","value":"//*[@id=\"application-addressmanagement-display-component---masterAdm--smartFilterBar-filterItemControl_BASIC-NAME-vhi\"]"}
COMMAND: POST /session/00377494c9177dc39dc7c331b478fd1b/element/f.BC6A9895F84C302F47B04B2C9514348C.d.CD3DE5CD112A193C69B6984DA170EDDD.e.289/click - {}
RESULT: {}
COMMAND: POST /session/00377494c9177dc39dc7c331b478fd1b/execute/async - {"script":"<script> [1562 bytes]","args":[{"selector":{"controlType":"sap.m.Input","viewName":"etm.portal.ui.addressmanagement.view.Master","viewId":"application-addressmanagement-display-component---masterAdm","properties":{"valueState":"None"},"searchOpenDialogs":true,"interaction":{"idSuffix":"inner"}},"wdio_ui5_key":"etmportal.ui.addressmanagement.view.Mastersap.m.Input{\"valueState\":\"None\"}"}]}
COMMAND: GET /session/00377494c9177dc39dc7c331b478fd1b/screenshot - {}
RESULT: {"script":"<script> [1562 bytes]","args":[{"selector":{"controlType":"sap.m.Input","viewName":"etm.portal.ui.addressmanagement.view.Master","viewId":"application-addressmanagement-display-component---masterAdm","properties":{"valueState":"None"},"searchOpenDialogs":true,"interaction":{"idSuffix":"inner"}},"wdio_ui5_key":"etmportal.ui.addressmanagement.view.Mastersap.m.Input{\"valueState\":\"None\"}"}]}
RESULT: undefined
COMMAND: POST /session/00377494c9177dc39dc7c331b478fd1b/execute/async - {"script":"<script> [776 bytes]","args":[{"enterText":"Test1ETM","selector":{"controlType":"sap.m.Input","viewName":"etm.portal.ui.addressmanagement.view.Master","viewId":"application-addressmanagement-display-component---masterAdm","properties":{"valueState":"None"},"searchOpenDialogs":true,"interaction":{"idSuffix":"inner"}},"clearTextFirst":true,"interactionType":"ENTER_TEXT"}]}
RESULT: {}
RESULT: {"script":"<script> [776 bytes]","args":[{"enterText":"Test1ETM","selector":{"controlType":"sap.m.Input","viewName":"etm.portal.ui.addressmanagement.view.Master","viewId":"application-addressmanagement-display-component---masterAdm","properties":{"valueState":"None"},"searchOpenDialogs":true,"interaction":{"idSuffix":"inner"}},"clearTextFirst":true,"interactionType":"ENTER_TEXT"}]}
COMMAND: POST /session/00377494c9177dc39dc7c331b478fd1b/actions - {"actions":[{"id":"action1","type":"key","parameters":{},"actions":[{"type":"keyDown","value":"î€‡"},{"type":"pause","duration":10},{"type":"keyUp","value":"î€‡"}]}]}
RESULT: {"actions":[{"id":"action1","type":"key","parameters":{},"actions":[{"type":"keyDown","value":"î€‡"},{"type":"pause","duration":10},{"type":"keyUp","value":"î€‡"}]}]}
COMMAND: POST /session/00377494c9177dc39dc7c331b478fd1b/execute/async - {"script":"<script> [1562 bytes]","args":[{"selector":{"id":"application-addressmanagement-display-component---masterAdm--smartFilterBar-filterItemControl_BASIC-NAME-valueHelpDialog-ok","searchOpenDialogs":true,"interaction":{"idSuffix":"BDI-content"}},"wdio_ui5_key":"applicationaddressmanagement-display-component---masterAdm--smartFilterBar-filterItemControl_BASIC-NAME-valueHelpDialog-ok"}]}
COMMAND: GET /session/00377494c9177dc39dc7c331b478fd1b/screenshot - {}
RESULT: {"script":"<script> [1562 bytes]","args":[{"selector":{"id":"application-addressmanagement-display-component---masterAdm--smartFilterBar-filterItemControl_BASIC-NAME-valueHelpDialog-ok","searchOpenDialogs":true,"interaction":{"idSuffix":"BDI-content"}},"wdio_ui5_key":"applicationaddressmanagement-display-component---masterAdm--smartFilterBar-filterItemControl_BASIC-NAME-valueHelpDialog-ok"}]}
RESULT: undefined
COMMAND: POST /session/00377494c9177dc39dc7c331b478fd1b/element - {"using":"xpath","value":"//*[@id=\"application-addressmanagement-display-component---masterAdm--smartFilterBar-filterItemControl_BASIC-NAME-valueHelpDialog-ok\"]"}
RESULT: {}
RESULT: {"using":"xpath","value":"//*[@id=\"application-addressmanagement-display-component---masterAdm--smartFilterBar-filterItemControl_BASIC-NAME-valueHelpDialog-ok\"]"}
COMMAND: POST /session/00377494c9177dc39dc7c331b478fd1b/element/f.BC6A9895F84C302F47B04B2C9514348C.d.CD3DE5CD112A193C69B6984DA170EDDD.e.298/click - {}
RESULT: {}
COMMAND: GET /session/00377494c9177dc39dc7c331b478fd1b/screenshot - {}
RESULT: {}
COMMAND: POST /session/00377494c9177dc39dc7c331b478fd1b/element - {"using":"xpath","value":"(//span[text()=\"Active\"])[1]"}
RESULT: {"using":"xpath","value":"(//span[text()=\"Active\"])[1]"}
COMMAND: POST /session/00377494c9177dc39dc7c331b478fd1b/elements - {"using":"xpath","value":"(//span[text()=\"Active\"])[1]"}
RESULT: {"using":"xpath","value":"(//span[text()=\"Active\"])[1]"}
COMMAND: POST /session/00377494c9177dc39dc7c331b478fd1b/execute/sync - {"script":"<script> [8489 bytes]","args":[{"element-6066-11e4-a52e-4f735466cecf":"f.BC6A9895F84C302F47B04B2C9514348C.d.CD3DE5CD112A193C69B6984DA170EDDD.e.316","ELEMENT":"f.BC6A9895F84C302F47B04B2C9514348C.d.CD3DE5CD112A193C69B6984DA170EDDD.e.316"}]}
RESULT: {"script":"<script> [8489 bytes]","args":[{"element-6066-11e4-a52e-4f735466cecf":"f.BC6A9895F84C302F47B04B2C9514348C.d.CD3DE5CD112A193C69B6984DA170EDDD.e.316","ELEMENT":"f.BC6A9895F84C302F47B04B2C9514348C.d.CD3DE5CD112A193C69B6984DA170EDDD.e.316"}]}
COMMAND: POST /session/00377494c9177dc39dc7c331b478fd1b/execute/sync - {"script":"<script> [5351 bytes]","args":[{"element-6066-11e4-a52e-4f735466cecf":"f.BC6A9895F84C302F47B04B2C9514348C.d.CD3DE5CD112A193C69B6984DA170EDDD.e.316","ELEMENT":"f.BC6A9895F84C302F47B04B2C9514348C.d.CD3DE5CD112A193C69B6984DA170EDDD.e.316"}]}
COMMAND: GET /session/00377494c9177dc39dc7c331b478fd1b/screenshot - {}
RESULT: {"script":"<script> [5351 bytes]","args":[{"element-6066-11e4-a52e-4f735466cecf":"f.BC6A9895F84C302F47B04B2C9514348C.d.CD3DE5CD112A193C69B6984DA170EDDD.e.316","ELEMENT":"f.BC6A9895F84C302F47B04B2C9514348C.d.CD3DE5CD112A193C69B6984DA170EDDD.e.316"}]}
COMMAND: POST /session/00377494c9177dc39dc7c331b478fd1b/element/f.BC6A9895F84C302F47B04B2C9514348C.d.CD3DE5CD112A193C69B6984DA170EDDD.e.316/click - {}
COMMAND: GET /session/00377494c9177dc39dc7c331b478fd1b/screenshot - {}
RESULT: {}
RESULT: {}
COMMAND: POST /session/00377494c9177dc39dc7c331b478fd1b/element - {"using":"xpath","value":"//span[@id=\"application-addressmanagement-display-component---detailAdm--addressDetailDetailsName1\"]"}
COMMAND: GET /session/00377494c9177dc39dc7c331b478fd1b/screenshot - {}
RESULT: {}
RESULT: {"using":"xpath","value":"//span[@id=\"application-addressmanagement-display-component---detailAdm--addressDetailDetailsName1\"]"}
COMMAND: POST /session/00377494c9177dc39dc7c331b478fd1b/execute/sync - {"script":"<script> [8489 bytes]","args":[{"element-6066-11e4-a52e-4f735466cecf":"f.BC6A9895F84C302F47B04B2C9514348C.d.CD3DE5CD112A193C69B6984DA170EDDD.e.391","ELEMENT":"f.BC6A9895F84C302F47B04B2C9514348C.d.CD3DE5CD112A193C69B6984DA170EDDD.e.391"}]}
RESULT: {}
RESULT: {"script":"<script> [8489 bytes]","args":[{"element-6066-11e4-a52e-4f735466cecf":"f.BC6A9895F84C302F47B04B2C9514348C.d.CD3DE5CD112A193C69B6984DA170EDDD.e.391","ELEMENT":"f.BC6A9895F84C302F47B04B2C9514348C.d.CD3DE5CD112A193C69B6984DA170EDDD.e.391"}]}
]]></system-out>
    </testcase>
    <testcase classname="chrome.136_0_7103_49.windows.Assign_the_user_test_user_id_to_an_address" name="Should edit the title of the created found address" time="9.685">
      <system-out><![CDATA[
COMMAND: POST /session/00377494c9177dc39dc7c331b478fd1b/execute/async - {"script":"<script> [1562 bytes]","args":[{"selector":{"controlType":"sap.m.Button","viewName":"etm.portal.ui.addressmanagement.view.Detail","viewId":"application-addressmanagement-display-component---detailAdm","i18NText":{"propertyName":"text","key":"edit"}},"wdio_ui5_key":"etmportal.ui.addressmanagement.view.Detailsap.m.Button{\"propertyName\":\"text\",\"key\":\"edit\"}"}]}
COMMAND: GET /session/00377494c9177dc39dc7c331b478fd1b/screenshot - {}
RESULT: {"script":"<script> [1562 bytes]","args":[{"selector":{"controlType":"sap.m.Button","viewName":"etm.portal.ui.addressmanagement.view.Detail","viewId":"application-addressmanagement-display-component---detailAdm","i18NText":{"propertyName":"text","key":"edit"}},"wdio_ui5_key":"etmportal.ui.addressmanagement.view.Detailsap.m.Button{\"propertyName\":\"text\",\"key\":\"edit\"}"}]}
RESULT: undefined
COMMAND: POST /session/00377494c9177dc39dc7c331b478fd1b/element - {"using":"xpath","value":"//*[@id=\"__button16\"]"}
RESULT: {}
RESULT: {"using":"xpath","value":"//*[@id=\"__button16\"]"}
COMMAND: POST /session/00377494c9177dc39dc7c331b478fd1b/element/f.BC6A9895F84C302F47B04B2C9514348C.d.CD3DE5CD112A193C69B6984DA170EDDD.e.395/click - {}
RESULT: {}
COMMAND: POST /session/00377494c9177dc39dc7c331b478fd1b/execute/async - {"script":"<script> [1562 bytes]","args":[{"selector":{"controlType":"sap.ui.core.Icon","viewName":"etm.portal.ui.addressmanagement.view.EditDetail","properties":{"src":{"regex":{"source":"slim\\-arrow\\-down"}}},"ancestor":{"id":"addressTitle","viewName":"etm.portal.ui.addressmanagement.view.EditDetail"}},"wdio_ui5_key":"etmportal.ui.addressmanagement.view.EditDetailsap.ui.core.Icon{\"src\":{\"regex\":{\"source\":\"slim\\\\-arrow\\\\-down\"}}}{\"id\":\"addressTitle\",\"viewName\":\"etm.portal.ui.addressmanagement.view.EditDetail\"}"}]}
COMMAND: GET /session/00377494c9177dc39dc7c331b478fd1b/screenshot - {}
RESULT: {"script":"<script> [1562 bytes]","args":[{"selector":{"controlType":"sap.ui.core.Icon","viewName":"etm.portal.ui.addressmanagement.view.EditDetail","properties":{"src":{"regex":{"source":"slim\\-arrow\\-down"}}},"ancestor":{"id":"addressTitle","viewName":"etm.portal.ui.addressmanagement.view.EditDetail"}},"wdio_ui5_key":"etmportal.ui.addressmanagement.view.EditDetailsap.ui.core.Icon{\"src\":{\"regex\":{\"source\":\"slim\\\\-arrow\\\\-down\"}}}{\"id\":\"addressTitle\",\"viewName\":\"etm.portal.ui.addressmanagement.view.EditDetail\"}"}]}
RESULT: undefined
COMMAND: POST /session/00377494c9177dc39dc7c331b478fd1b/element - {"using":"xpath","value":"//*[@id=\"__xmlview58--addressTitle-arrow\"]"}
RESULT: {}
RESULT: {"using":"xpath","value":"//*[@id=\"__xmlview58--addressTitle-arrow\"]"}
COMMAND: POST /session/00377494c9177dc39dc7c331b478fd1b/element/f.BC6A9895F84C302F47B04B2C9514348C.d.CD3DE5CD112A193C69B6984DA170EDDD.e.429/click - {}
RESULT: {}
COMMAND: POST /session/00377494c9177dc39dc7c331b478fd1b/execute/async - {"script":"<script> [1562 bytes]","args":[{"selector":{"controlType":"sap.m.StandardListItem","viewName":"etm.portal.ui.addressmanagement.view.EditDetail","properties":{"title":"Dr."},"searchOpenDialogs":true},"wdio_ui5_key":"etmportal.ui.addressmanagement.view.EditDetailsap.m.StandardListItem{\"title\":\"Dr.\"}"}]}
COMMAND: GET /session/00377494c9177dc39dc7c331b478fd1b/screenshot - {}
RESULT: {"script":"<script> [1562 bytes]","args":[{"selector":{"controlType":"sap.m.StandardListItem","viewName":"etm.portal.ui.addressmanagement.view.EditDetail","properties":{"title":"Dr."},"searchOpenDialogs":true},"wdio_ui5_key":"etmportal.ui.addressmanagement.view.EditDetailsap.m.StandardListItem{\"title\":\"Dr.\"}"}]}
RESULT: undefined
COMMAND: POST /session/00377494c9177dc39dc7c331b478fd1b/element - {"using":"xpath","value":"//*[@id=\"__item219\"]"}
RESULT: {}
RESULT: {"using":"xpath","value":"//*[@id=\"__item219\"]"}
COMMAND: POST /session/00377494c9177dc39dc7c331b478fd1b/element/f.BC6A9895F84C302F47B04B2C9514348C.d.CD3DE5CD112A193C69B6984DA170EDDD.e.431/click - {}
RESULT: {}
COMMAND: POST /session/00377494c9177dc39dc7c331b478fd1b/execute/async - {"script":"<script> [1562 bytes]","args":[{"selector":{"controlType":"sap.m.Button","viewName":"etm.portal.ui.addressmanagement.view.EditDetail","i18NText":{"propertyName":"text","key":"save"}},"wdio_ui5_key":"etmportal.ui.addressmanagement.view.EditDetailsap.m.Button{\"propertyName\":\"text\",\"key\":\"save\"}"}]}
COMMAND: GET /session/00377494c9177dc39dc7c331b478fd1b/screenshot - {}
RESULT: {"script":"<script> [1562 bytes]","args":[{"selector":{"controlType":"sap.m.Button","viewName":"etm.portal.ui.addressmanagement.view.EditDetail","i18NText":{"propertyName":"text","key":"save"}},"wdio_ui5_key":"etmportal.ui.addressmanagement.view.EditDetailsap.m.Button{\"propertyName\":\"text\",\"key\":\"save\"}"}]}
RESULT: undefined
COMMAND: POST /session/00377494c9177dc39dc7c331b478fd1b/element - {"using":"xpath","value":"//*[@id=\"__button37\"]"}
RESULT: {}
RESULT: {"using":"xpath","value":"//*[@id=\"__button37\"]"}
COMMAND: POST /session/00377494c9177dc39dc7c331b478fd1b/element/f.BC6A9895F84C302F47B04B2C9514348C.d.CD3DE5CD112A193C69B6984DA170EDDD.e.432/click - {}
RESULT: {}
COMMAND: GET /session/00377494c9177dc39dc7c331b478fd1b/screenshot - {}
RESULT: {}
COMMAND: POST /session/00377494c9177dc39dc7c331b478fd1b/element - {"using":"xpath","value":"//span[@id=\"application-addressmanagement-display-component---detailAdm--addressTitle\"]"}
RESULT: {"using":"xpath","value":"//span[@id=\"application-addressmanagement-display-component---detailAdm--addressTitle\"]"}
COMMAND: GET /session/00377494c9177dc39dc7c331b478fd1b/element/f.BC6A9895F84C302F47B04B2C9514348C.d.CD3DE5CD112A193C69B6984DA170EDDD.e.437/text - {}
RESULT: {}
COMMAND: POST /session/00377494c9177dc39dc7c331b478fd1b/element - {"using":"xpath","value":"//span[@id=\"application-addressmanagement-display-component---detailAdm--addressDetailDetailsName1\"]"}
RESULT: {"using":"xpath","value":"//span[@id=\"application-addressmanagement-display-component---detailAdm--addressDetailDetailsName1\"]"}
COMMAND: GET /session/00377494c9177dc39dc7c331b478fd1b/element/f.BC6A9895F84C302F47B04B2C9514348C.d.CD3DE5CD112A193C69B6984DA170EDDD.e.391/text - {}
RESULT: {}
COMMAND: POST /session/00377494c9177dc39dc7c331b478fd1b/refresh - {}
RESULT: {}
COMMAND: GET /session/00377494c9177dc39dc7c331b478fd1b/screenshot - {}
RESULT: {}
COMMAND: POST /session/00377494c9177dc39dc7c331b478fd1b/refresh - {}
RESULT: {}
COMMAND: GET /session/00377494c9177dc39dc7c331b478fd1b/screenshot - {}
RESULT: {}
COMMAND: POST /session/00377494c9177dc39dc7c331b478fd1b/window/fullscreen - {}
RESULT: {}
COMMAND: POST /session/00377494c9177dc39dc7c331b478fd1b/execute/async - {"script":"<script> [189 bytes]","args":[]}
RESULT: {"script":"<script> [189 bytes]","args":[]}
COMMAND: POST /session/00377494c9177dc39dc7c331b478fd1b/execute/async - {"script":"<script> [123 bytes]","args":[]}
RESULT: {"script":"<script> [123 bytes]","args":[]}
COMMAND: POST /session/00377494c9177dc39dc7c331b478fd1b/timeouts - {"script":"<number>"}
RESULT: {"script":"<number>"}
COMMAND: GET /session/00377494c9177dc39dc7c331b478fd1b/timeouts - {}
RESULT: {}
RESULT: undefined
COMMAND: POST /session/00377494c9177dc39dc7c331b478fd1b/execute/async - {"script":"<script> [2676 bytes]","args":[]}
RESULT: {"script":"<script> [2676 bytes]","args":[]}
COMMAND: POST /session/00377494c9177dc39dc7c331b478fd1b/execute/async - {"script":"<script> [2342 bytes]","args":[{"protocol":"http","hostname":"0.0.0.0","path":"/","capabilities":{"browserName":"chrome","goog:chromeOptions":{"binary":"C:\\Program Files\\Google\\Chrome\\Application\\chrome.exe","args":["--start-maximized"]}},"logLevel":"warn","connectionRetryTimeout":120000,"connectionRetryCount":3,"logLevels":{},"enableDirectConnect":true,"strictSSL":true,"_":"65 more keys: [\"cacheDir\",\"port\",\"requestedCapabilities\",\"automationProtocol\",\"baseUrl\",\"waitforInterval\",\"waitforTimeout\",\"onReload\",\"beforeCommand\",\"afterCommand\",\"rootDir\",\"specs\",\"suites\",\"exclude\",\"groupLogsByTestSpec\",\"excludeDriverLogs\",\"bail\",\"framework\",\"reporters\",\"services\",\"maxInstances\",\"maxInstancesPerCapability\",\"injectGlobals\",\"filesToWatch\",\"execArgv\",\"runnerEnv\",\"runner\",\"shard\",\"specFileRetries\",\"specFileRetriesDelay\",\"specFileRetriesDeferred\",\"reporterSyncInterval\",\"reporterSyncTimeout\",\"cucumberFeaturesWithLineNumbers\",\"autoCompileOpts\",\"mochaOpts\",\"jasmineOpts\",\"cucumberOpts\",\"onPrepare\",\"onWorkerStart\",\"onWorkerEnd\",\"before\",\"beforeSession\",\"beforeSuite\",\"beforeHook\",\"beforeTest\",\"afterTest\",\"afterHook\",\"afterSuite\",\"afterSession\",\"after\",\"onComplete\",\"beforeAssertion\",\"afterAssertion\",\"beforeFeature\",\"beforeScenario\",\"beforeStep\",\"afterStep\",\"afterScenario\",\"afterFeature\",\"_\",\"suite\",\"$0\",\"ignoredWorkerServices\",\"wdi5\"]"}]}
RESULT: {"script":"<script> [2342 bytes]","args":[{"protocol":"http","hostname":"0.0.0.0","path":"/","capabilities":{"browserName":"chrome","goog:chromeOptions":{"binary":"C:\\Program Files\\Google\\Chrome\\Application\\chrome.exe","args":["--start-maximized"]}},"logLevel":"warn","connectionRetryTimeout":120000,"connectionRetryCount":3,"logLevels":{},"enableDirectConnect":true,"strictSSL":true,"_":"65 more keys: [\"cacheDir\",\"port\",\"requestedCapabilities\",\"automationProtocol\",\"baseUrl\",\"waitforInterval\",\"waitforTimeout\",\"onReload\",\"beforeCommand\",\"afterCommand\",\"rootDir\",\"specs\",\"suites\",\"exclude\",\"groupLogsByTestSpec\",\"excludeDriverLogs\",\"bail\",\"framework\",\"reporters\",\"services\",\"maxInstances\",\"maxInstancesPerCapability\",\"injectGlobals\",\"filesToWatch\",\"execArgv\",\"runnerEnv\",\"runner\",\"shard\",\"specFileRetries\",\"specFileRetriesDelay\",\"specFileRetriesDeferred\",\"reporterSyncInterval\",\"reporterSyncTimeout\",\"cucumberFeaturesWithLineNumbers\",\"autoCompileOpts\",\"mochaOpts\",\"jasmineOpts\",\"cucumberOpts\",\"onPrepare\",\"onWorkerStart\",\"onWorkerEnd\",\"before\",\"beforeSession\",\"beforeSuite\",\"beforeHook\",\"beforeTest\",\"afterTest\",\"afterHook\",\"afterSuite\",\"afterSession\",\"after\",\"onComplete\",\"beforeAssertion\",\"afterAssertion\",\"beforeFeature\",\"beforeScenario\",\"beforeStep\",\"afterStep\",\"afterScenario\",\"afterFeature\",\"_\",\"suite\",\"$0\",\"ignoredWorkerServices\",\"wdi5\"]"}]}
COMMAND: POST /session/00377494c9177dc39dc7c331b478fd1b/execute/async - {"script":"<script> [21126 bytes]","args":[35000]}
RESULT: {"script":"<script> [21126 bytes]","args":[35000]}
COMMAND: POST /session/00377494c9177dc39dc7c331b478fd1b/element - {"using":"css selector","value":"#shell-header-logo"}
RESULT: {"using":"css selector","value":"#shell-header-logo"}
COMMAND: POST /session/00377494c9177dc39dc7c331b478fd1b/element/f.BC6A9895F84C302F47B04B2C9514348C.d.AA6997925F55C3E539F15B782E14F4CC.e.457/click - {}
RESULT: {}
COMMAND: GET /session/00377494c9177dc39dc7c331b478fd1b/screenshot - {}
RESULT: {}
COMMAND: POST /session/00377494c9177dc39dc7c331b478fd1b/execute/async - {"script":"<script> [1562 bytes]","args":[{"selector":{"controlType":"sap.m.GenericTile","properties":{"header":"Manage Yards"}},"wdio_ui5_key":"sapm.GenericTile{\"header\":\"Manage Yards\"}"}]}
RESULT: {"script":"<script> [1562 bytes]","args":[{"selector":{"controlType":"sap.m.GenericTile","properties":{"header":"Manage Yards"}},"wdio_ui5_key":"sapm.GenericTile{\"header\":\"Manage Yards\"}"}]}
RESULT: undefined
COMMAND: POST /session/00377494c9177dc39dc7c331b478fd1b/element - {"using":"xpath","value":"//*[@id=\"__tile52\"]"}
RESULT: {"using":"xpath","value":"//*[@id=\"__tile52\"]"}
COMMAND: POST /session/00377494c9177dc39dc7c331b478fd1b/element/f.BC6A9895F84C302F47B04B2C9514348C.d.AA6997925F55C3E539F15B782E14F4CC.e.752/click - {}
RESULT: {}
COMMAND: GET /session/00377494c9177dc39dc7c331b478fd1b/screenshot - {}
RESULT: {}
COMMAND: POST /session/00377494c9177dc39dc7c331b478fd1b/elements - {"using":"xpath","value":"//span[text()='Error']"}
RESULT: {"using":"xpath","value":"//span[text()='Error']"}
]]></system-out>
    </testcase>
  </testsuite>
  <testsuite timestamp="2025-05-14T06:19:58" time="255.522" tests="2" failures="0" errors="0" skipped="0">
    <properties>
      <property name="specId" value="0" />
      <property name="suiteName" value="Create 2 Yards US112496" />
      <property name="capabilities" value="chrome.136_0_7103_49.windows" />
      <property name="file" value="file:///D:/a/1/s/test/specs/R2C/create-yard.spec.js" />
    </properties>
    <testcase classname="chrome.136_0_7103_49.windows.Create_2_Yards_US112496" name="Should create a new simple yard" time="117.873">
      <system-out><![CDATA[
COMMAND: POST /session/00377494c9177dc39dc7c331b478fd1b/execute/async - {"script":"<script> [1562 bytes]","args":[{"selector":{"controlType":"sap.ui.core.Icon","viewName":"etm.portal.ui.manageyards.view.Master","viewId":"application-manageyards-display-component---masterYard","properties":{"src":{"regex":{"source":"add"}}}},"wdio_ui5_key":"etmportal.ui.manageyards.view.Mastersap.ui.core.Icon{\"src\":{\"regex\":{\"source\":\"add\"}}}"}]}
RESULT: {"script":"<script> [1562 bytes]","args":[{"selector":{"controlType":"sap.ui.core.Icon","viewName":"etm.portal.ui.manageyards.view.Master","viewId":"application-manageyards-display-component---masterYard","properties":{"src":{"regex":{"source":"add"}}}},"wdio_ui5_key":"etmportal.ui.manageyards.view.Mastersap.ui.core.Icon{\"src\":{\"regex\":{\"source\":\"add\"}}}"}]}
RESULT: undefined
COMMAND: POST /session/00377494c9177dc39dc7c331b478fd1b/element - {"using":"xpath","value":"//*[@id=\"__button23-img\"]"}
RESULT: {"using":"xpath","value":"//*[@id=\"__button23-img\"]"}
COMMAND: POST /session/00377494c9177dc39dc7c331b478fd1b/element/f.BC6A9895F84C302F47B04B2C9514348C.d.AA6997925F55C3E539F15B782E14F4CC.e.798/click - {}
RESULT: {}
COMMAND: GET /session/00377494c9177dc39dc7c331b478fd1b/screenshot - {}
RESULT: {}
COMMAND: POST /session/00377494c9177dc39dc7c331b478fd1b/execute/async - {"script":"<script> [1562 bytes]","args":[{"selector":{"id":"application-manageyards-display-component---NewYard--yardId","interaction":{"idSuffix":"inner"}},"wdio_ui5_key":"applicationmanageyards-display-component---NewYard--yardId"}]}
RESULT: {"script":"<script> [1562 bytes]","args":[{"selector":{"id":"application-manageyards-display-component---NewYard--yardId","interaction":{"idSuffix":"inner"}},"wdio_ui5_key":"applicationmanageyards-display-component---NewYard--yardId"}]}
RESULT: undefined
COMMAND: POST /session/00377494c9177dc39dc7c331b478fd1b/element - {"using":"xpath","value":"//*[@id=\"application-manageyards-display-component---NewYard--addressDetailDetailsName1-inner\"]"}
RESULT: {"using":"xpath","value":"//*[@id=\"application-manageyards-display-component---NewYard--addressDetailDetailsName1-inner\"]"}
COMMAND: POST /session/00377494c9177dc39dc7c331b478fd1b/element/f.BC6A9895F84C302F47B04B2C9514348C.d.AA6997925F55C3E539F15B782E14F4CC.e.1035/clear - {}
RESULT: {}
COMMAND: POST /session/00377494c9177dc39dc7c331b478fd1b/element/f.BC6A9895F84C302F47B04B2C9514348C.d.AA6997925F55C3E539F15B782E14F4CC.e.1035/value - {"text":"Webdriver Yard wrdv4j"}
COMMAND: GET /session/00377494c9177dc39dc7c331b478fd1b/screenshot - {}
RESULT: {"text":"Webdriver Yard wrdv4j"}
COMMAND: POST /session/00377494c9177dc39dc7c331b478fd1b/element - {"using":"xpath","value":"//*[@id=\"application-manageyards-display-component---NewYard--addressDetailDetailsLanguage-inner\"]"}
COMMAND: GET /session/00377494c9177dc39dc7c331b478fd1b/screenshot - {}
RESULT: {}
RESULT: {"using":"xpath","value":"//*[@id=\"application-manageyards-display-component---NewYard--addressDetailDetailsLanguage-inner\"]"}
COMMAND: POST /session/00377494c9177dc39dc7c331b478fd1b/element/f.BC6A9895F84C302F47B04B2C9514348C.d.AA6997925F55C3E539F15B782E14F4CC.e.1036/clear - {}
RESULT: {}
RESULT: {}
COMMAND: POST /session/00377494c9177dc39dc7c331b478fd1b/element/f.BC6A9895F84C302F47B04B2C9514348C.d.AA6997925F55C3E539F15B782E14F4CC.e.1036/value - {"text":"Romanian"}
COMMAND: GET /session/00377494c9177dc39dc7c331b478fd1b/screenshot - {}
RESULT: {"text":"Romanian"}
COMMAND: GET /session/00377494c9177dc39dc7c331b478fd1b/screenshot - {}
RESULT: {}
RESULT: {}
COMMAND: POST /session/00377494c9177dc39dc7c331b478fd1b/element - {"using":"xpath","value":"//*[@id=\"application-manageyards-display-component---NewYard--addressDetailDetailsCity1-inner\"]"}
RESULT: {"using":"xpath","value":"//*[@id=\"application-manageyards-display-component---NewYard--addressDetailDetailsCity1-inner\"]"}
COMMAND: POST /session/00377494c9177dc39dc7c331b478fd1b/element/f.BC6A9895F84C302F47B04B2C9514348C.d.AA6997925F55C3E539F15B782E14F4CC.e.1038/clear - {}
RESULT: {}
COMMAND: POST /session/00377494c9177dc39dc7c331b478fd1b/element/f.BC6A9895F84C302F47B04B2C9514348C.d.AA6997925F55C3E539F15B782E14F4CC.e.1038/value - {"text":"Bucuresti"}
COMMAND: GET /session/00377494c9177dc39dc7c331b478fd1b/screenshot - {}
RESULT: {"text":"Bucuresti"}
COMMAND: GET /session/00377494c9177dc39dc7c331b478fd1b/screenshot - {}
RESULT: {}
RESULT: {}
COMMAND: POST /session/00377494c9177dc39dc7c331b478fd1b/element - {"using":"xpath","value":"//*[@id=\"application-manageyards-display-component---NewYard--addressDetailDetailsCountry-inner\"]"}
RESULT: {"using":"xpath","value":"//*[@id=\"application-manageyards-display-component---NewYard--addressDetailDetailsCountry-inner\"]"}
COMMAND: POST /session/00377494c9177dc39dc7c331b478fd1b/element/f.BC6A9895F84C302F47B04B2C9514348C.d.AA6997925F55C3E539F15B782E14F4CC.e.1042/clear - {}
RESULT: {}
COMMAND: POST /session/00377494c9177dc39dc7c331b478fd1b/element/f.BC6A9895F84C302F47B04B2C9514348C.d.AA6997925F55C3E539F15B782E14F4CC.e.1042/value - {"text":"Romania"}
COMMAND: GET /session/00377494c9177dc39dc7c331b478fd1b/screenshot - {}
RESULT: {"text":"Romania"}
COMMAND: GET /session/00377494c9177dc39dc7c331b478fd1b/screenshot - {}
RESULT: {}
RESULT: {}
COMMAND: POST /session/00377494c9177dc39dc7c331b478fd1b/element - {"using":"xpath","value":"//div[contains(text(), \"Commercial\")]"}
RESULT: {"using":"xpath","value":"//div[contains(text(), \"Commercial\")]"}
COMMAND: GET /session/00377494c9177dc39dc7c331b478fd1b/element/f.BC6A9895F84C302F47B04B2C9514348C.d.AA6997925F55C3E539F15B782E14F4CC.e.1231/rect - {}
RESULT: {}
COMMAND: GET /session/00377494c9177dc39dc7c331b478fd1b/window/rect - {}
RESULT: {}
COMMAND: POST /session/00377494c9177dc39dc7c331b478fd1b/execute/sync - {"script":"<script> [92 bytes]","args":[]}
RESULT: {"script":"<script> [92 bytes]","args":[]}
COMMAND: POST /session/00377494c9177dc39dc7c331b478fd1b/actions - {"actions":[{"id":"action2","type":"wheel","parameters":{},"actions":[{"type":"scroll","x":-1825,"y":-44,"deltaX":0,"deltaY":0,"duration":0,"origin":{"element-6066-11e4-a52e-4f735466cecf":"f.BC6A9895F84C302F47B04B2C9514348C.d.AA6997925F55C3E539F15B782E14F4CC.e.1231"}}]}]}
COMMAND: GET /session/00377494c9177dc39dc7c331b478fd1b/screenshot - {}
RESULT: {}
COMMAND: POST /session/00377494c9177dc39dc7c331b478fd1b/execute/sync - {"script":"<script> [79 bytes]","args":[{"element-6066-11e4-a52e-4f735466cecf":"f.BC6A9895F84C302F47B04B2C9514348C.d.AA6997925F55C3E539F15B782E14F4CC.e.1231","ELEMENT":"f.BC6A9895F84C302F47B04B2C9514348C.d.AA6997925F55C3E539F15B782E14F4CC.e.1231"},{"block":"start","inline":"nearest"}]}
RESULT: {"script":"<script> [79 bytes]","args":[{"element-6066-11e4-a52e-4f735466cecf":"f.BC6A9895F84C302F47B04B2C9514348C.d.AA6997925F55C3E539F15B782E14F4CC.e.1231","ELEMENT":"f.BC6A9895F84C302F47B04B2C9514348C.d.AA6997925F55C3E539F15B782E14F4CC.e.1231"},{"block":"start","inline":"nearest"}]}
COMMAND: GET /session/00377494c9177dc39dc7c331b478fd1b/screenshot - {}
RESULT: {}
COMMAND: POST /session/00377494c9177dc39dc7c331b478fd1b/element - {"using":"xpath","value":"//input[@id='application-manageyards-display-component---NewYard--addressEditDetailsCostObjectCstType-inner']"}
RESULT: {"using":"xpath","value":"//input[@id='application-manageyards-display-component---NewYard--addressEditDetailsCostObjectCstType-inner']"}
COMMAND: POST /session/00377494c9177dc39dc7c331b478fd1b/execute/sync - {"script":"<script> [8489 bytes]","args":[{"element-6066-11e4-a52e-4f735466cecf":"f.BC6A9895F84C302F47B04B2C9514348C.d.AA6997925F55C3E539F15B782E14F4CC.e.1048","ELEMENT":"f.BC6A9895F84C302F47B04B2C9514348C.d.AA6997925F55C3E539F15B782E14F4CC.e.1048"}]}
RESULT: {"script":"<script> [8489 bytes]","args":[{"element-6066-11e4-a52e-4f735466cecf":"f.BC6A9895F84C302F47B04B2C9514348C.d.AA6997925F55C3E539F15B782E14F4CC.e.1048","ELEMENT":"f.BC6A9895F84C302F47B04B2C9514348C.d.AA6997925F55C3E539F15B782E14F4CC.e.1048"}]}
COMMAND: POST /session/00377494c9177dc39dc7c331b478fd1b/element/f.BC6A9895F84C302F47B04B2C9514348C.d.AA6997925F55C3E539F15B782E14F4CC.e.1048/clear - {}
COMMAND: GET /session/00377494c9177dc39dc7c331b478fd1b/screenshot - {}
RESULT: {}
COMMAND: POST /session/00377494c9177dc39dc7c331b478fd1b/element/f.BC6A9895F84C302F47B04B2C9514348C.d.AA6997925F55C3E539F15B782E14F4CC.e.1048/value - {"text":"Cost"}
COMMAND: GET /session/00377494c9177dc39dc7c331b478fd1b/screenshot - {}
RESULT: {}
RESULT: {"text":"Cost"}
COMMAND: GET /session/00377494c9177dc39dc7c331b478fd1b/screenshot - {}
RESULT: {}
RESULT: {}
COMMAND: POST /session/00377494c9177dc39dc7c331b478fd1b/execute/async - {"script":"<script> [1562 bytes]","args":[{"selector":{"id":"application-manageyards-display-component---NewYard--addressNewCostObjectCstID","interaction":{"idSuffix":"inner"}},"wdio_ui5_key":"applicationmanageyards-display-component---NewYard--addressNewCostObjectCstID"}]}
RESULT: {"script":"<script> [1562 bytes]","args":[{"selector":{"id":"application-manageyards-display-component---NewYard--addressNewCostObjectCstID","interaction":{"idSuffix":"inner"}},"wdio_ui5_key":"applicationmanageyards-display-component---NewYard--addressNewCostObjectCstID"}]}
RESULT: undefined
COMMAND: POST /session/00377494c9177dc39dc7c331b478fd1b/execute/async - {"script":"<script> [776 bytes]","args":[{"enterText":"10001013","selector":{"id":"application-manageyards-display-component---NewYard--addressNewCostObjectCstID","interaction":{"idSuffix":"inner"}},"clearTextFirst":true,"interactionType":"ENTER_TEXT"}]}
RESULT: {"script":"<script> [776 bytes]","args":[{"enterText":"10001013","selector":{"id":"application-manageyards-display-component---NewYard--addressNewCostObjectCstID","interaction":{"idSuffix":"inner"}},"clearTextFirst":true,"interactionType":"ENTER_TEXT"}]}
COMMAND: POST /session/00377494c9177dc39dc7c331b478fd1b/actions - {"actions":[{"id":"action3","type":"key","parameters":{},"actions":[{"type":"keyDown","value":"î€‡"},{"type":"pause","duration":10},{"type":"keyUp","value":"î€‡"}]}]}
RESULT: {"actions":[{"id":"action3","type":"key","parameters":{},"actions":[{"type":"keyDown","value":"î€‡"},{"type":"pause","duration":10},{"type":"keyUp","value":"î€‡"}]}]}
COMMAND: GET /session/00377494c9177dc39dc7c331b478fd1b/screenshot - {}
RESULT: {}
COMMAND: POST /session/00377494c9177dc39dc7c331b478fd1b/execute/async - {"script":"<script> [1562 bytes]","args":[{"selector":{"controlType":"sap.m.Button","viewName":"etm.portal.ui.manageyards.view.New","viewId":"application-manageyards-display-component---NewYard","i18NText":{"propertyName":"text","key":"save"},"interaction":{"idSuffix":"inner"}},"wdio_ui5_key":"etmportal.ui.manageyards.view.Newsap.m.Button{\"propertyName\":\"text\",\"key\":\"save\"}"}]}
RESULT: {"script":"<script> [1562 bytes]","args":[{"selector":{"controlType":"sap.m.Button","viewName":"etm.portal.ui.manageyards.view.New","viewId":"application-manageyards-display-component---NewYard","i18NText":{"propertyName":"text","key":"save"},"interaction":{"idSuffix":"inner"}},"wdio_ui5_key":"etmportal.ui.manageyards.view.Newsap.m.Button{\"propertyName\":\"text\",\"key\":\"save\"}"}]}
RESULT: undefined
COMMAND: POST /session/00377494c9177dc39dc7c331b478fd1b/element - {"using":"xpath","value":"//*[@id=\"__button37\"]"}
RESULT: {"using":"xpath","value":"//*[@id=\"__button37\"]"}
COMMAND: POST /session/00377494c9177dc39dc7c331b478fd1b/element/f.BC6A9895F84C302F47B04B2C9514348C.d.AA6997925F55C3E539F15B782E14F4CC.e.1185/click - {}
RESULT: {}
COMMAND: GET /session/00377494c9177dc39dc7c331b478fd1b/screenshot - {}
RESULT: {}
COMMAND: POST /session/00377494c9177dc39dc7c331b478fd1b/element - {"using":"xpath","value":"//header/div/div/div/div/div/div[2]/div/span"}
RESULT: {"using":"xpath","value":"//header/div/div/div/div/div/div[2]/div/span"}
COMMAND: GET /session/00377494c9177dc39dc7c331b478fd1b/element/f.BC6A9895F84C302F47B04B2C9514348C.d.AA6997925F55C3E539F15B782E14F4CC.e.1449/text - {}
RESULT: {}
COMMAND: POST /session/00377494c9177dc39dc7c331b478fd1b/element - {"using":"xpath","value":"//header/div/div[2]/div[2]/span"}
RESULT: {"using":"xpath","value":"//header/div/div[2]/div[2]/span"}
COMMAND: GET /session/00377494c9177dc39dc7c331b478fd1b/element/f.BC6A9895F84C302F47B04B2C9514348C.d.AA6997925F55C3E539F15B782E14F4CC.e.1450/text - {}
RESULT: {}
COMMAND: POST /session/00377494c9177dc39dc7c331b478fd1b/execute/async - {"script":"<script> [1562 bytes]","args":[{"selector":{"controlType":"sap.m.OverflowToolbarButton","viewName":"etm.portal.ui.manageyards.view.Detail","viewId":"application-manageyards-display-component---detailYard","i18NText":{"propertyName":"tooltip","key":"closeColumn"},"interaction":{"idSuffix":"inner"}},"wdio_ui5_key":"etmportal.ui.manageyards.view.Detailsap.m.OverflowToolbarButton{\"propertyName\":\"tooltip\",\"key\":\"closeColumn\"}"}]}
RESULT: {"script":"<script> [1562 bytes]","args":[{"selector":{"controlType":"sap.m.OverflowToolbarButton","viewName":"etm.portal.ui.manageyards.view.Detail","viewId":"application-manageyards-display-component---detailYard","i18NText":{"propertyName":"tooltip","key":"closeColumn"},"interaction":{"idSuffix":"inner"}},"wdio_ui5_key":"etmportal.ui.manageyards.view.Detailsap.m.OverflowToolbarButton{\"propertyName\":\"tooltip\",\"key\":\"closeColumn\"}"}]}
RESULT: undefined
COMMAND: POST /session/00377494c9177dc39dc7c331b478fd1b/element - {"using":"xpath","value":"//*[@id=\"__button58\"]"}
RESULT: {"using":"xpath","value":"//*[@id=\"__button58\"]"}
COMMAND: POST /session/00377494c9177dc39dc7c331b478fd1b/element/f.BC6A9895F84C302F47B04B2C9514348C.d.AA6997925F55C3E539F15B782E14F4CC.e.1455/click - {}
RESULT: {}
COMMAND: POST /session/00377494c9177dc39dc7c331b478fd1b/refresh - {}
COMMAND: GET /session/00377494c9177dc39dc7c331b478fd1b/screenshot - {}
RESULT: {}
COMMAND: GET /session/00377494c9177dc39dc7c331b478fd1b/screenshot - {}
RESULT: {}
RESULT: {}
COMMAND: POST /session/00377494c9177dc39dc7c331b478fd1b/refresh - {}
RESULT: {}
COMMAND: GET /session/00377494c9177dc39dc7c331b478fd1b/screenshot - {}
RESULT: {}
COMMAND: POST /session/00377494c9177dc39dc7c331b478fd1b/window/fullscreen - {}
RESULT: {}
COMMAND: POST /session/00377494c9177dc39dc7c331b478fd1b/execute/async - {"script":"<script> [189 bytes]","args":[]}
RESULT: {"script":"<script> [189 bytes]","args":[]}
COMMAND: POST /session/00377494c9177dc39dc7c331b478fd1b/execute/async - {"script":"<script> [123 bytes]","args":[]}
RESULT: {"script":"<script> [123 bytes]","args":[]}
COMMAND: POST /session/00377494c9177dc39dc7c331b478fd1b/timeouts - {"script":"<number>"}
RESULT: {"script":"<number>"}
COMMAND: GET /session/00377494c9177dc39dc7c331b478fd1b/timeouts - {}
RESULT: {}
RESULT: undefined
COMMAND: POST /session/00377494c9177dc39dc7c331b478fd1b/execute/async - {"script":"<script> [2676 bytes]","args":[]}
RESULT: {"script":"<script> [2676 bytes]","args":[]}
COMMAND: POST /session/00377494c9177dc39dc7c331b478fd1b/execute/async - {"script":"<script> [2342 bytes]","args":[{"protocol":"http","hostname":"0.0.0.0","path":"/","capabilities":{"browserName":"chrome","goog:chromeOptions":{"binary":"C:\\Program Files\\Google\\Chrome\\Application\\chrome.exe","args":["--start-maximized"]}},"logLevel":"warn","connectionRetryTimeout":120000,"connectionRetryCount":3,"logLevels":{},"enableDirectConnect":true,"strictSSL":true,"_":"65 more keys: [\"cacheDir\",\"port\",\"requestedCapabilities\",\"automationProtocol\",\"baseUrl\",\"waitforInterval\",\"waitforTimeout\",\"onReload\",\"beforeCommand\",\"afterCommand\",\"rootDir\",\"specs\",\"suites\",\"exclude\",\"groupLogsByTestSpec\",\"excludeDriverLogs\",\"bail\",\"framework\",\"reporters\",\"services\",\"maxInstances\",\"maxInstancesPerCapability\",\"injectGlobals\",\"filesToWatch\",\"execArgv\",\"runnerEnv\",\"runner\",\"shard\",\"specFileRetries\",\"specFileRetriesDelay\",\"specFileRetriesDeferred\",\"reporterSyncInterval\",\"reporterSyncTimeout\",\"cucumberFeaturesWithLineNumbers\",\"autoCompileOpts\",\"mochaOpts\",\"jasmineOpts\",\"cucumberOpts\",\"onPrepare\",\"onWorkerStart\",\"onWorkerEnd\",\"before\",\"beforeSession\",\"beforeSuite\",\"beforeHook\",\"beforeTest\",\"afterTest\",\"afterHook\",\"afterSuite\",\"afterSession\",\"after\",\"onComplete\",\"beforeAssertion\",\"afterAssertion\",\"beforeFeature\",\"beforeScenario\",\"beforeStep\",\"afterStep\",\"afterScenario\",\"afterFeature\",\"_\",\"suite\",\"$0\",\"ignoredWorkerServices\",\"wdi5\"]"}]}
RESULT: {"script":"<script> [2342 bytes]","args":[{"protocol":"http","hostname":"0.0.0.0","path":"/","capabilities":{"browserName":"chrome","goog:chromeOptions":{"binary":"C:\\Program Files\\Google\\Chrome\\Application\\chrome.exe","args":["--start-maximized"]}},"logLevel":"warn","connectionRetryTimeout":120000,"connectionRetryCount":3,"logLevels":{},"enableDirectConnect":true,"strictSSL":true,"_":"65 more keys: [\"cacheDir\",\"port\",\"requestedCapabilities\",\"automationProtocol\",\"baseUrl\",\"waitforInterval\",\"waitforTimeout\",\"onReload\",\"beforeCommand\",\"afterCommand\",\"rootDir\",\"specs\",\"suites\",\"exclude\",\"groupLogsByTestSpec\",\"excludeDriverLogs\",\"bail\",\"framework\",\"reporters\",\"services\",\"maxInstances\",\"maxInstancesPerCapability\",\"injectGlobals\",\"filesToWatch\",\"execArgv\",\"runnerEnv\",\"runner\",\"shard\",\"specFileRetries\",\"specFileRetriesDelay\",\"specFileRetriesDeferred\",\"reporterSyncInterval\",\"reporterSyncTimeout\",\"cucumberFeaturesWithLineNumbers\",\"autoCompileOpts\",\"mochaOpts\",\"jasmineOpts\",\"cucumberOpts\",\"onPrepare\",\"onWorkerStart\",\"onWorkerEnd\",\"before\",\"beforeSession\",\"beforeSuite\",\"beforeHook\",\"beforeTest\",\"afterTest\",\"afterHook\",\"afterSuite\",\"afterSession\",\"after\",\"onComplete\",\"beforeAssertion\",\"afterAssertion\",\"beforeFeature\",\"beforeScenario\",\"beforeStep\",\"afterStep\",\"afterScenario\",\"afterFeature\",\"_\",\"suite\",\"$0\",\"ignoredWorkerServices\",\"wdi5\"]"}]}
COMMAND: POST /session/00377494c9177dc39dc7c331b478fd1b/execute/async - {"script":"<script> [21126 bytes]","args":[35000]}
RESULT: {"script":"<script> [21126 bytes]","args":[35000]}
]]></system-out>
    </testcase>
    <testcase classname="chrome.136_0_7103_49.windows.Create_2_Yards_US112496" name="Should create a WHM yard" time="63.825">
      <system-out><![CDATA[
COMMAND: POST /session/00377494c9177dc39dc7c331b478fd1b/execute/async - {"script":"<script> [1562 bytes]","args":[{"selector":{"controlType":"sap.ui.core.Icon","viewName":"etm.portal.ui.manageyards.view.Master","viewId":"application-manageyards-display-component---masterYard","properties":{"src":{"regex":{"source":"add"}}}},"wdio_ui5_key":"etmportal.ui.manageyards.view.Mastersap.ui.core.Icon{\"src\":{\"regex\":{\"source\":\"add\"}}}"}]}
RESULT: {"script":"<script> [1562 bytes]","args":[{"selector":{"controlType":"sap.ui.core.Icon","viewName":"etm.portal.ui.manageyards.view.Master","viewId":"application-manageyards-display-component---masterYard","properties":{"src":{"regex":{"source":"add"}}}},"wdio_ui5_key":"etmportal.ui.manageyards.view.Mastersap.ui.core.Icon{\"src\":{\"regex\":{\"source\":\"add\"}}}"}]}
RESULT: undefined
COMMAND: POST /session/00377494c9177dc39dc7c331b478fd1b/element - {"using":"xpath","value":"//*[@id=\"__button9-img\"]"}
RESULT: {"using":"xpath","value":"//*[@id=\"__button9-img\"]"}
COMMAND: POST /session/00377494c9177dc39dc7c331b478fd1b/element/f.BC6A9895F84C302F47B04B2C9514348C.d.C2D4D3CEE3C55FD84C3BDFA10842D0A3.e.1678/click - {}
RESULT: {}
COMMAND: GET /session/00377494c9177dc39dc7c331b478fd1b/screenshot - {}
RESULT: {}
COMMAND: POST /session/00377494c9177dc39dc7c331b478fd1b/execute/async - {"script":"<script> [1562 bytes]","args":[{"selector":{"id":"application-manageyards-display-component---NewYard--yardId","interaction":{"idSuffix":"inner"}},"wdio_ui5_key":"applicationmanageyards-display-component---NewYard--yardId"}]}
RESULT: {"script":"<script> [1562 bytes]","args":[{"selector":{"id":"application-manageyards-display-component---NewYard--yardId","interaction":{"idSuffix":"inner"}},"wdio_ui5_key":"applicationmanageyards-display-component---NewYard--yardId"}]}
RESULT: undefined
COMMAND: POST /session/00377494c9177dc39dc7c331b478fd1b/element - {"using":"xpath","value":"//*[@id=\"application-manageyards-display-component---NewYard--addressDetailDetailsName1-inner\"]"}
RESULT: {"using":"xpath","value":"//*[@id=\"application-manageyards-display-component---NewYard--addressDetailDetailsName1-inner\"]"}
COMMAND: POST /session/00377494c9177dc39dc7c331b478fd1b/element/f.BC6A9895F84C302F47B04B2C9514348C.d.C2D4D3CEE3C55FD84C3BDFA10842D0A3.e.1966/clear - {}
RESULT: {}
COMMAND: POST /session/00377494c9177dc39dc7c331b478fd1b/element/f.BC6A9895F84C302F47B04B2C9514348C.d.C2D4D3CEE3C55FD84C3BDFA10842D0A3.e.1966/value - {"text":"Webdriver WHM Yard z55jf"}
COMMAND: GET /session/00377494c9177dc39dc7c331b478fd1b/screenshot - {}
RESULT: {"text":"Webdriver WHM Yard z55jf"}
COMMAND: POST /session/00377494c9177dc39dc7c331b478fd1b/element - {"using":"xpath","value":"//*[@id=\"application-manageyards-display-component---NewYard--addressDetailDetailsLanguage-inner\"]"}
COMMAND: GET /session/00377494c9177dc39dc7c331b478fd1b/screenshot - {}
RESULT: {}
RESULT: {"using":"xpath","value":"//*[@id=\"application-manageyards-display-component---NewYard--addressDetailDetailsLanguage-inner\"]"}
COMMAND: POST /session/00377494c9177dc39dc7c331b478fd1b/element/f.BC6A9895F84C302F47B04B2C9514348C.d.C2D4D3CEE3C55FD84C3BDFA10842D0A3.e.1967/clear - {}
RESULT: {}
RESULT: {}
COMMAND: POST /session/00377494c9177dc39dc7c331b478fd1b/element/f.BC6A9895F84C302F47B04B2C9514348C.d.C2D4D3CEE3C55FD84C3BDFA10842D0A3.e.1967/value - {"text":"Romanian"}
COMMAND: GET /session/00377494c9177dc39dc7c331b478fd1b/screenshot - {}
RESULT: {"text":"Romanian"}
COMMAND: GET /session/00377494c9177dc39dc7c331b478fd1b/screenshot - {}
RESULT: {}
RESULT: {}
COMMAND: POST /session/00377494c9177dc39dc7c331b478fd1b/element - {"using":"xpath","value":"//*[@id=\"application-manageyards-display-component---NewYard--addressDetailDetailsCity1-inner\"]"}
RESULT: {"using":"xpath","value":"//*[@id=\"application-manageyards-display-component---NewYard--addressDetailDetailsCity1-inner\"]"}
COMMAND: POST /session/00377494c9177dc39dc7c331b478fd1b/element/f.BC6A9895F84C302F47B04B2C9514348C.d.C2D4D3CEE3C55FD84C3BDFA10842D0A3.e.1969/clear - {}
RESULT: {}
COMMAND: POST /session/00377494c9177dc39dc7c331b478fd1b/element/f.BC6A9895F84C302F47B04B2C9514348C.d.C2D4D3CEE3C55FD84C3BDFA10842D0A3.e.1969/value - {"text":"Bucuresti"}
COMMAND: GET /session/00377494c9177dc39dc7c331b478fd1b/screenshot - {}
RESULT: {"text":"Bucuresti"}
COMMAND: GET /session/00377494c9177dc39dc7c331b478fd1b/screenshot - {}
RESULT: {}
RESULT: {}
COMMAND: POST /session/00377494c9177dc39dc7c331b478fd1b/element - {"using":"xpath","value":"//*[@id=\"application-manageyards-display-component---NewYard--addressDetailDetailsCountry-inner\"]"}
RESULT: {"using":"xpath","value":"//*[@id=\"application-manageyards-display-component---NewYard--addressDetailDetailsCountry-inner\"]"}
COMMAND: POST /session/00377494c9177dc39dc7c331b478fd1b/element/f.BC6A9895F84C302F47B04B2C9514348C.d.C2D4D3CEE3C55FD84C3BDFA10842D0A3.e.1973/clear - {}
RESULT: {}
COMMAND: POST /session/00377494c9177dc39dc7c331b478fd1b/element/f.BC6A9895F84C302F47B04B2C9514348C.d.C2D4D3CEE3C55FD84C3BDFA10842D0A3.e.1973/value - {"text":"Romania"}
COMMAND: GET /session/00377494c9177dc39dc7c331b478fd1b/screenshot - {}
RESULT: {"text":"Romania"}
COMMAND: GET /session/00377494c9177dc39dc7c331b478fd1b/screenshot - {}
RESULT: {}
RESULT: {}
COMMAND: POST /session/00377494c9177dc39dc7c331b478fd1b/execute/async - {"script":"<script> [1562 bytes]","args":[{"selector":{"controlType":"sap.m.Button","viewName":"etm.portal.ui.manageyards.view.New","viewId":"application-manageyards-display-component---NewYard","properties":{"text":"Commercial"},"interaction":{"idSuffix":"BDI-content"}},"wdio_ui5_key":"etmportal.ui.manageyards.view.Newsap.m.Button{\"text\":\"Commercial\"}"}]}
RESULT: {"script":"<script> [1562 bytes]","args":[{"selector":{"controlType":"sap.m.Button","viewName":"etm.portal.ui.manageyards.view.New","viewId":"application-manageyards-display-component---NewYard","properties":{"text":"Commercial"},"interaction":{"idSuffix":"BDI-content"}},"wdio_ui5_key":"etmportal.ui.manageyards.view.Newsap.m.Button{\"text\":\"Commercial\"}"}]}
RESULT: undefined
COMMAND: POST /session/00377494c9177dc39dc7c331b478fd1b/element - {"using":"xpath","value":"//*[@id=\"application-manageyards-display-component---NewYard--ObjectPageLayout-anchBar-__section17-anchor\"]"}
RESULT: {"using":"xpath","value":"//*[@id=\"application-manageyards-display-component---NewYard--ObjectPageLayout-anchBar-__section17-anchor\"]"}
COMMAND: POST /session/00377494c9177dc39dc7c331b478fd1b/element/f.BC6A9895F84C302F47B04B2C9514348C.d.C2D4D3CEE3C55FD84C3BDFA10842D0A3.e.2116/click - {}
RESULT: {}
COMMAND: GET /session/00377494c9177dc39dc7c331b478fd1b/screenshot - {}
RESULT: {}
COMMAND: POST /session/00377494c9177dc39dc7c331b478fd1b/element - {"using":"xpath","value":"//input[@id='application-manageyards-display-component---NewYard--addressEditDetailsCostObjectCstType-inner']"}
RESULT: {"using":"xpath","value":"//input[@id='application-manageyards-display-component---NewYard--addressEditDetailsCostObjectCstType-inner']"}
COMMAND: POST /session/00377494c9177dc39dc7c331b478fd1b/execute/sync - {"script":"<script> [8489 bytes]","args":[{"element-6066-11e4-a52e-4f735466cecf":"f.BC6A9895F84C302F47B04B2C9514348C.d.C2D4D3CEE3C55FD84C3BDFA10842D0A3.e.1979","ELEMENT":"f.BC6A9895F84C302F47B04B2C9514348C.d.C2D4D3CEE3C55FD84C3BDFA10842D0A3.e.1979"}]}
RESULT: {"script":"<script> [8489 bytes]","args":[{"element-6066-11e4-a52e-4f735466cecf":"f.BC6A9895F84C302F47B04B2C9514348C.d.C2D4D3CEE3C55FD84C3BDFA10842D0A3.e.1979","ELEMENT":"f.BC6A9895F84C302F47B04B2C9514348C.d.C2D4D3CEE3C55FD84C3BDFA10842D0A3.e.1979"}]}
COMMAND: POST /session/00377494c9177dc39dc7c331b478fd1b/element/f.BC6A9895F84C302F47B04B2C9514348C.d.C2D4D3CEE3C55FD84C3BDFA10842D0A3.e.1979/clear - {}
COMMAND: GET /session/00377494c9177dc39dc7c331b478fd1b/screenshot - {}
RESULT: {}
COMMAND: POST /session/00377494c9177dc39dc7c331b478fd1b/element/f.BC6A9895F84C302F47B04B2C9514348C.d.C2D4D3CEE3C55FD84C3BDFA10842D0A3.e.1979/value - {"text":"Cost"}
COMMAND: GET /session/00377494c9177dc39dc7c331b478fd1b/screenshot - {}
RESULT: {}
RESULT: {"text":"Cost"}
COMMAND: GET /session/00377494c9177dc39dc7c331b478fd1b/screenshot - {}
RESULT: {}
RESULT: {}
COMMAND: POST /session/00377494c9177dc39dc7c331b478fd1b/execute/async - {"script":"<script> [1562 bytes]","args":[{"selector":{"id":"application-manageyards-display-component---NewYard--addressNewCostObjectCstID","interaction":{"idSuffix":"inner"}},"wdio_ui5_key":"applicationmanageyards-display-component---NewYard--addressNewCostObjectCstID"}]}
RESULT: {"script":"<script> [1562 bytes]","args":[{"selector":{"id":"application-manageyards-display-component---NewYard--addressNewCostObjectCstID","interaction":{"idSuffix":"inner"}},"wdio_ui5_key":"applicationmanageyards-display-component---NewYard--addressNewCostObjectCstID"}]}
RESULT: undefined
COMMAND: POST /session/00377494c9177dc39dc7c331b478fd1b/execute/async - {"script":"<script> [776 bytes]","args":[{"enterText":"10001013","selector":{"id":"application-manageyards-display-component---NewYard--addressNewCostObjectCstID","interaction":{"idSuffix":"inner"}},"clearTextFirst":true,"interactionType":"ENTER_TEXT"}]}
RESULT: {"script":"<script> [776 bytes]","args":[{"enterText":"10001013","selector":{"id":"application-manageyards-display-component---NewYard--addressNewCostObjectCstID","interaction":{"idSuffix":"inner"}},"clearTextFirst":true,"interactionType":"ENTER_TEXT"}]}
COMMAND: POST /session/00377494c9177dc39dc7c331b478fd1b/actions - {"actions":[{"id":"action4","type":"key","parameters":{},"actions":[{"type":"keyDown","value":"î€‡"},{"type":"pause","duration":10},{"type":"keyUp","value":"î€‡"}]}]}
RESULT: {"actions":[{"id":"action4","type":"key","parameters":{},"actions":[{"type":"keyDown","value":"î€‡"},{"type":"pause","duration":10},{"type":"keyUp","value":"î€‡"}]}]}
COMMAND: POST /session/00377494c9177dc39dc7c331b478fd1b/execute/async - {"script":"<script> [1562 bytes]","args":[{"selector":{"id":"application-manageyards-display-component---NewYard--addressEditDetailsCurrency","interaction":{"idSuffix":"inner"}},"wdio_ui5_key":"applicationmanageyards-display-component---NewYard--addressEditDetailsCurrency"}]}
COMMAND: GET /session/00377494c9177dc39dc7c331b478fd1b/screenshot - {}
RESULT: {"script":"<script> [1562 bytes]","args":[{"selector":{"id":"application-manageyards-display-component---NewYard--addressEditDetailsCurrency","interaction":{"idSuffix":"inner"}},"wdio_ui5_key":"applicationmanageyards-display-component---NewYard--addressEditDetailsCurrency"}]}
RESULT: undefined
COMMAND: POST /session/00377494c9177dc39dc7c331b478fd1b/execute/async - {"script":"<script> [776 bytes]","args":[{"enterText":"Euro","selector":{"id":"application-manageyards-display-component---NewYard--addressEditDetailsCurrency","interaction":{"idSuffix":"inner"}},"clearTextFirst":true,"interactionType":"ENTER_TEXT"}]}
RESULT: {}
RESULT: {"script":"<script> [776 bytes]","args":[{"enterText":"Euro","selector":{"id":"application-manageyards-display-component---NewYard--addressEditDetailsCurrency","interaction":{"idSuffix":"inner"}},"clearTextFirst":true,"interactionType":"ENTER_TEXT"}]}
COMMAND: POST /session/00377494c9177dc39dc7c331b478fd1b/execute/async - {"script":"<script> [1562 bytes]","args":[{"selector":{"controlType":"sap.m.Input","viewName":"etm.portal.ui.manageyards.view.New","viewId":"application-manageyards-display-component---NewYard","bindingPath":{"path":"","propertyPath":"/CONTROLLING_AREA","modelName":"NewYardModel"},"interaction":{"idSuffix":"inner"}},"wdio_ui5_key":"etmportal.ui.manageyards.view.Newsap.m.Input{\"path\":\"\",\"propertyPath\":\"/CONTROLLING_AREA\",\"modelName\":\"NewYardModel\"}"}]}
RESULT: {"script":"<script> [1562 bytes]","args":[{"selector":{"controlType":"sap.m.Input","viewName":"etm.portal.ui.manageyards.view.New","viewId":"application-manageyards-display-component---NewYard","bindingPath":{"path":"","propertyPath":"/CONTROLLING_AREA","modelName":"NewYardModel"},"interaction":{"idSuffix":"inner"}},"wdio_ui5_key":"etmportal.ui.manageyards.view.Newsap.m.Input{\"path\":\"\",\"propertyPath\":\"/CONTROLLING_AREA\",\"modelName\":\"NewYardModel\"}"}]}
RESULT: undefined
COMMAND: POST /session/00377494c9177dc39dc7c331b478fd1b/execute/async - {"script":"<script> [776 bytes]","args":[{"enterText":"Z001","selector":{"controlType":"sap.m.Input","viewName":"etm.portal.ui.manageyards.view.New","viewId":"application-manageyards-display-component---NewYard","bindingPath":{"path":"","propertyPath":"/CONTROLLING_AREA","modelName":"NewYardModel"},"interaction":{"idSuffix":"inner"}},"clearTextFirst":true,"interactionType":"ENTER_TEXT"}]}
RESULT: {"script":"<script> [776 bytes]","args":[{"enterText":"Z001","selector":{"controlType":"sap.m.Input","viewName":"etm.portal.ui.manageyards.view.New","viewId":"application-manageyards-display-component---NewYard","bindingPath":{"path":"","propertyPath":"/CONTROLLING_AREA","modelName":"NewYardModel"},"interaction":{"idSuffix":"inner"}},"clearTextFirst":true,"interactionType":"ENTER_TEXT"}]}
COMMAND: POST /session/00377494c9177dc39dc7c331b478fd1b/execute/async - {"script":"<script> [1562 bytes]","args":[{"selector":{"id":"application-manageyards-display-component---NewYard--companyCodeComboBox","interaction":{"idSuffix":"inner"}},"wdio_ui5_key":"applicationmanageyards-display-component---NewYard--companyCodeComboBox"}]}
RESULT: {"script":"<script> [1562 bytes]","args":[{"selector":{"id":"application-manageyards-display-component---NewYard--companyCodeComboBox","interaction":{"idSuffix":"inner"}},"wdio_ui5_key":"applicationmanageyards-display-component---NewYard--companyCodeComboBox"}]}
RESULT: undefined
COMMAND: POST /session/00377494c9177dc39dc7c331b478fd1b/execute/async - {"script":"<script> [776 bytes]","args":[{"enterText":"1000","selector":{"id":"application-manageyards-display-component---NewYard--companyCodeComboBox","interaction":{"idSuffix":"inner"}},"clearTextFirst":true,"interactionType":"ENTER_TEXT"}]}
RESULT: {"script":"<script> [776 bytes]","args":[{"enterText":"1000","selector":{"id":"application-manageyards-display-component---NewYard--companyCodeComboBox","interaction":{"idSuffix":"inner"}},"clearTextFirst":true,"interactionType":"ENTER_TEXT"}]}
COMMAND: POST /session/00377494c9177dc39dc7c331b478fd1b/actions - {"actions":[{"id":"action5","type":"key","parameters":{},"actions":[{"type":"keyDown","value":"î€‡"},{"type":"pause","duration":10},{"type":"keyUp","value":"î€‡"}]}]}
RESULT: {"actions":[{"id":"action5","type":"key","parameters":{},"actions":[{"type":"keyDown","value":"î€‡"},{"type":"pause","duration":10},{"type":"keyUp","value":"î€‡"}]}]}
COMMAND: POST /session/00377494c9177dc39dc7c331b478fd1b/execute/async - {"script":"<script> [1562 bytes]","args":[{"selector":{"controlType":"sap.m.Input","viewName":"etm.portal.ui.manageyards.view.New","viewId":"application-manageyards-display-component---NewYard","bindingPath":{"path":"","propertyPath":"/PLANT","modelName":"NewYardModel"},"interaction":{"idSuffix":"inner"}},"wdio_ui5_key":"etmportal.ui.manageyards.view.Newsap.m.Input{\"path\":\"\",\"propertyPath\":\"/PLANT\",\"modelName\":\"NewYardModel\"}"}]}
COMMAND: GET /session/00377494c9177dc39dc7c331b478fd1b/screenshot - {}
RESULT: {"script":"<script> [1562 bytes]","args":[{"selector":{"controlType":"sap.m.Input","viewName":"etm.portal.ui.manageyards.view.New","viewId":"application-manageyards-display-component---NewYard","bindingPath":{"path":"","propertyPath":"/PLANT","modelName":"NewYardModel"},"interaction":{"idSuffix":"inner"}},"wdio_ui5_key":"etmportal.ui.manageyards.view.Newsap.m.Input{\"path\":\"\",\"propertyPath\":\"/PLANT\",\"modelName\":\"NewYardModel\"}"}]}
RESULT: undefined
COMMAND: POST /session/00377494c9177dc39dc7c331b478fd1b/execute/async - {"script":"<script> [776 bytes]","args":[{"enterText":"1001","selector":{"controlType":"sap.m.Input","viewName":"etm.portal.ui.manageyards.view.New","viewId":"application-manageyards-display-component---NewYard","bindingPath":{"path":"","propertyPath":"/PLANT","modelName":"NewYardModel"},"interaction":{"idSuffix":"inner"}},"clearTextFirst":true,"interactionType":"ENTER_TEXT"}]}
RESULT: {}
RESULT: {"script":"<script> [776 bytes]","args":[{"enterText":"1001","selector":{"controlType":"sap.m.Input","viewName":"etm.portal.ui.manageyards.view.New","viewId":"application-manageyards-display-component---NewYard","bindingPath":{"path":"","propertyPath":"/PLANT","modelName":"NewYardModel"},"interaction":{"idSuffix":"inner"}},"clearTextFirst":true,"interactionType":"ENTER_TEXT"}]}
COMMAND: POST /session/00377494c9177dc39dc7c331b478fd1b/execute/async - {"script":"<script> [1562 bytes]","args":[{"selector":{"controlType":"sap.m.Input","viewName":"etm.portal.ui.manageyards.view.New","viewId":"application-manageyards-display-component---NewYard","bindingPath":{"path":"","propertyPath":"/SALES_AREA_VKORG","modelName":"NewYardModel"},"interaction":{"idSuffix":"inner"}},"wdio_ui5_key":"etmportal.ui.manageyards.view.Newsap.m.Input{\"path\":\"\",\"propertyPath\":\"/SALES_AREA_VKORG\",\"modelName\":\"NewYardModel\"}"}]}
RESULT: {"script":"<script> [1562 bytes]","args":[{"selector":{"controlType":"sap.m.Input","viewName":"etm.portal.ui.manageyards.view.New","viewId":"application-manageyards-display-component---NewYard","bindingPath":{"path":"","propertyPath":"/SALES_AREA_VKORG","modelName":"NewYardModel"},"interaction":{"idSuffix":"inner"}},"wdio_ui5_key":"etmportal.ui.manageyards.view.Newsap.m.Input{\"path\":\"\",\"propertyPath\":\"/SALES_AREA_VKORG\",\"modelName\":\"NewYardModel\"}"}]}
RESULT: undefined
COMMAND: POST /session/00377494c9177dc39dc7c331b478fd1b/execute/async - {"script":"<script> [776 bytes]","args":[{"enterText":"C002","selector":{"controlType":"sap.m.Input","viewName":"etm.portal.ui.manageyards.view.New","viewId":"application-manageyards-display-component---NewYard","bindingPath":{"path":"","propertyPath":"/SALES_AREA_VKORG","modelName":"NewYardModel"},"interaction":{"idSuffix":"inner"}},"clearTextFirst":true,"interactionType":"ENTER_TEXT"}]}
RESULT: {"script":"<script> [776 bytes]","args":[{"enterText":"C002","selector":{"controlType":"sap.m.Input","viewName":"etm.portal.ui.manageyards.view.New","viewId":"application-manageyards-display-component---NewYard","bindingPath":{"path":"","propertyPath":"/SALES_AREA_VKORG","modelName":"NewYardModel"},"interaction":{"idSuffix":"inner"}},"clearTextFirst":true,"interactionType":"ENTER_TEXT"}]}
COMMAND: POST /session/00377494c9177dc39dc7c331b478fd1b/execute/async - {"script":"<script> [1562 bytes]","args":[{"selector":{"controlType":"sap.m.Input","viewName":"etm.portal.ui.manageyards.view.New","viewId":"application-manageyards-display-component---NewYard","bindingPath":{"path":"","propertyPath":"/SALES_AREA_VTWEG","modelName":"NewYardModel"},"interaction":{"idSuffix":"inner"}},"wdio_ui5_key":"etmportal.ui.manageyards.view.Newsap.m.Input{\"path\":\"\",\"propertyPath\":\"/SALES_AREA_VTWEG\",\"modelName\":\"NewYardModel\"}"}]}
RESULT: {"script":"<script> [1562 bytes]","args":[{"selector":{"controlType":"sap.m.Input","viewName":"etm.portal.ui.manageyards.view.New","viewId":"application-manageyards-display-component---NewYard","bindingPath":{"path":"","propertyPath":"/SALES_AREA_VTWEG","modelName":"NewYardModel"},"interaction":{"idSuffix":"inner"}},"wdio_ui5_key":"etmportal.ui.manageyards.view.Newsap.m.Input{\"path\":\"\",\"propertyPath\":\"/SALES_AREA_VTWEG\",\"modelName\":\"NewYardModel\"}"}]}
RESULT: undefined
COMMAND: POST /session/00377494c9177dc39dc7c331b478fd1b/execute/async - {"script":"<script> [776 bytes]","args":[{"enterText":"C2","selector":{"controlType":"sap.m.Input","viewName":"etm.portal.ui.manageyards.view.New","viewId":"application-manageyards-display-component---NewYard","bindingPath":{"path":"","propertyPath":"/SALES_AREA_VTWEG","modelName":"NewYardModel"},"interaction":{"idSuffix":"inner"}},"clearTextFirst":true,"interactionType":"ENTER_TEXT"}]}
RESULT: {"script":"<script> [776 bytes]","args":[{"enterText":"C2","selector":{"controlType":"sap.m.Input","viewName":"etm.portal.ui.manageyards.view.New","viewId":"application-manageyards-display-component---NewYard","bindingPath":{"path":"","propertyPath":"/SALES_AREA_VTWEG","modelName":"NewYardModel"},"interaction":{"idSuffix":"inner"}},"clearTextFirst":true,"interactionType":"ENTER_TEXT"}]}
COMMAND: POST /session/00377494c9177dc39dc7c331b478fd1b/execute/async - {"script":"<script> [1562 bytes]","args":[{"selector":{"controlType":"sap.m.Input","viewName":"etm.portal.ui.manageyards.view.New","viewId":"application-manageyards-display-component---NewYard","bindingPath":{"path":"","propertyPath":"/SALES_AREA_SPART","modelName":"NewYardModel"},"interaction":{"idSuffix":"inner"}},"wdio_ui5_key":"etmportal.ui.manageyards.view.Newsap.m.Input{\"path\":\"\",\"propertyPath\":\"/SALES_AREA_SPART\",\"modelName\":\"NewYardModel\"}"}]}
RESULT: {"script":"<script> [1562 bytes]","args":[{"selector":{"controlType":"sap.m.Input","viewName":"etm.portal.ui.manageyards.view.New","viewId":"application-manageyards-display-component---NewYard","bindingPath":{"path":"","propertyPath":"/SALES_AREA_SPART","modelName":"NewYardModel"},"interaction":{"idSuffix":"inner"}},"wdio_ui5_key":"etmportal.ui.manageyards.view.Newsap.m.Input{\"path\":\"\",\"propertyPath\":\"/SALES_AREA_SPART\",\"modelName\":\"NewYardModel\"}"}]}
RESULT: undefined
COMMAND: POST /session/00377494c9177dc39dc7c331b478fd1b/execute/async - {"script":"<script> [776 bytes]","args":[{"enterText":"C2","selector":{"controlType":"sap.m.Input","viewName":"etm.portal.ui.manageyards.view.New","viewId":"application-manageyards-display-component---NewYard","bindingPath":{"path":"","propertyPath":"/SALES_AREA_SPART","modelName":"NewYardModel"},"interaction":{"idSuffix":"inner"}},"clearTextFirst":true,"interactionType":"ENTER_TEXT"}]}
RESULT: {"script":"<script> [776 bytes]","args":[{"enterText":"C2","selector":{"controlType":"sap.m.Input","viewName":"etm.portal.ui.manageyards.view.New","viewId":"application-manageyards-display-component---NewYard","bindingPath":{"path":"","propertyPath":"/SALES_AREA_SPART","modelName":"NewYardModel"},"interaction":{"idSuffix":"inner"}},"clearTextFirst":true,"interactionType":"ENTER_TEXT"}]}
COMMAND: POST /session/00377494c9177dc39dc7c331b478fd1b/execute/async - {"script":"<script> [1562 bytes]","args":[{"selector":{"id":"application-manageyards-display-component---NewYard--whmCheckBox","interaction":{"idSuffix":"CbBg"}},"wdio_ui5_key":"applicationmanageyards-display-component---NewYard--whmCheckBox"}]}
RESULT: {"script":"<script> [1562 bytes]","args":[{"selector":{"id":"application-manageyards-display-component---NewYard--whmCheckBox","interaction":{"idSuffix":"CbBg"}},"wdio_ui5_key":"applicationmanageyards-display-component---NewYard--whmCheckBox"}]}
RESULT: undefined
COMMAND: POST /session/00377494c9177dc39dc7c331b478fd1b/element - {"using":"xpath","value":"//*[@id=\"application-manageyards-display-component---NewYard--whmCheckBox\"]"}
RESULT: {"using":"xpath","value":"//*[@id=\"application-manageyards-display-component---NewYard--whmCheckBox\"]"}
COMMAND: POST /session/00377494c9177dc39dc7c331b478fd1b/element/f.BC6A9895F84C302F47B04B2C9514348C.d.C2D4D3CEE3C55FD84C3BDFA10842D0A3.e.2144/click - {}
RESULT: {}
COMMAND: POST /session/00377494c9177dc39dc7c331b478fd1b/execute/async - {"script":"<script> [1562 bytes]","args":[{"selector":{"controlType":"sap.m.Button","viewName":"etm.portal.ui.manageyards.view.New","viewId":"application-manageyards-display-component---NewYard","i18NText":{"propertyName":"text","key":"save"},"interaction":{"idSuffix":"inner"}},"wdio_ui5_key":"etmportal.ui.manageyards.view.Newsap.m.Button{\"propertyName\":\"text\",\"key\":\"save\"}"}]}
COMMAND: GET /session/00377494c9177dc39dc7c331b478fd1b/screenshot - {}
RESULT: {"script":"<script> [1562 bytes]","args":[{"selector":{"controlType":"sap.m.Button","viewName":"etm.portal.ui.manageyards.view.New","viewId":"application-manageyards-display-component---NewYard","i18NText":{"propertyName":"text","key":"save"},"interaction":{"idSuffix":"inner"}},"wdio_ui5_key":"etmportal.ui.manageyards.view.Newsap.m.Button{\"propertyName\":\"text\",\"key\":\"save\"}"}]}
RESULT: undefined
COMMAND: POST /session/00377494c9177dc39dc7c331b478fd1b/element - {"using":"xpath","value":"//*[@id=\"__button41\"]"}
RESULT: {}
RESULT: {"using":"xpath","value":"//*[@id=\"__button41\"]"}
COMMAND: POST /session/00377494c9177dc39dc7c331b478fd1b/element/f.BC6A9895F84C302F47B04B2C9514348C.d.C2D4D3CEE3C55FD84C3BDFA10842D0A3.e.2101/click - {}
RESULT: {}
COMMAND: GET /session/00377494c9177dc39dc7c331b478fd1b/screenshot - {}
RESULT: {}
COMMAND: POST /session/00377494c9177dc39dc7c331b478fd1b/element - {"using":"xpath","value":"//header/div/div/div/div/div/div[2]/div/span"}
RESULT: {"using":"xpath","value":"//header/div/div/div/div/div/div[2]/div/span"}
COMMAND: GET /session/00377494c9177dc39dc7c331b478fd1b/element/f.BC6A9895F84C302F47B04B2C9514348C.d.C2D4D3CEE3C55FD84C3BDFA10842D0A3.e.2350/text - {}
RESULT: {}
COMMAND: POST /session/00377494c9177dc39dc7c331b478fd1b/element - {"using":"xpath","value":"//header/div/div[2]/div[2]/span"}
RESULT: {"using":"xpath","value":"//header/div/div[2]/div[2]/span"}
COMMAND: GET /session/00377494c9177dc39dc7c331b478fd1b/element/f.BC6A9895F84C302F47B04B2C9514348C.d.C2D4D3CEE3C55FD84C3BDFA10842D0A3.e.2351/text - {}
RESULT: {}
COMMAND: POST /session/00377494c9177dc39dc7c331b478fd1b/element - {"using":"css selector","value":"#j_username"}
COMMAND: POST /session/00377494c9177dc39dc7c331b478fd1b/url - {"url":"https://qa-testing-00-live-etm-ui.cfapps.eu10-004.hana.ondemand.com/"}
RESULT: {"url":"https://qa-testing-00-live-etm-ui.cfapps.eu10-004.hana.ondemand.com/"}
RESULT: undefined
COMMAND: GET /session/00377494c9177dc39dc7c331b478fd1b/screenshot - {}
RESULT: {"using":"css selector","value":"#j_username"}
COMMAND: POST /session/00377494c9177dc39dc7c331b478fd1b/element - {"using":"css selector","value":"#j_username"}
RESULT: {}
RESULT: {"using":"css selector","value":"#j_username"}
COMMAND: POST /session/00377494c9177dc39dc7c331b478fd1b/element - {"using":"css selector","value":"#shell-header-logo"}
RESULT: {"using":"css selector","value":"#shell-header-logo"}
COMMAND: POST /session/00377494c9177dc39dc7c331b478fd1b/execute/sync - {"script":"<script> [8489 bytes]","args":[{"element-6066-11e4-a52e-4f735466cecf":"f.BC6A9895F84C302F47B04B2C9514348C.d.901C43447BF46E9303815241532E997A.e.2363","ELEMENT":"f.BC6A9895F84C302F47B04B2C9514348C.d.901C43447BF46E9303815241532E997A.e.2363"}]}
RESULT: {"script":"<script> [8489 bytes]","args":[{"element-6066-11e4-a52e-4f735466cecf":"f.BC6A9895F84C302F47B04B2C9514348C.d.901C43447BF46E9303815241532E997A.e.2363","ELEMENT":"f.BC6A9895F84C302F47B04B2C9514348C.d.901C43447BF46E9303815241532E997A.e.2363"}]}
COMMAND: POST /session/00377494c9177dc39dc7c331b478fd1b/element - {"using":"css selector","value":"#shell-header-logo"}
COMMAND: GET /session/00377494c9177dc39dc7c331b478fd1b/screenshot - {}
RESULT: {"using":"css selector","value":"#shell-header-logo"}
COMMAND: POST /session/00377494c9177dc39dc7c331b478fd1b/execute/sync - {"script":"<script> [8489 bytes]","args":[{"element-6066-11e4-a52e-4f735466cecf":"f.BC6A9895F84C302F47B04B2C9514348C.d.901C43447BF46E9303815241532E997A.e.2363","ELEMENT":"f.BC6A9895F84C302F47B04B2C9514348C.d.901C43447BF46E9303815241532E997A.e.2363"}]}
RESULT: {}
RESULT: {"script":"<script> [8489 bytes]","args":[{"element-6066-11e4-a52e-4f735466cecf":"f.BC6A9895F84C302F47B04B2C9514348C.d.901C43447BF46E9303815241532E997A.e.2363","ELEMENT":"f.BC6A9895F84C302F47B04B2C9514348C.d.901C43447BF46E9303815241532E997A.e.2363"}]}
COMMAND: POST /session/00377494c9177dc39dc7c331b478fd1b/execute/sync - {"script":"<script> [5351 bytes]","args":[{"element-6066-11e4-a52e-4f735466cecf":"f.BC6A9895F84C302F47B04B2C9514348C.d.901C43447BF46E9303815241532E997A.e.2363","ELEMENT":"f.BC6A9895F84C302F47B04B2C9514348C.d.901C43447BF46E9303815241532E997A.e.2363"}]}
COMMAND: GET /session/00377494c9177dc39dc7c331b478fd1b/screenshot - {}
RESULT: {"script":"<script> [5351 bytes]","args":[{"element-6066-11e4-a52e-4f735466cecf":"f.BC6A9895F84C302F47B04B2C9514348C.d.901C43447BF46E9303815241532E997A.e.2363","ELEMENT":"f.BC6A9895F84C302F47B04B2C9514348C.d.901C43447BF46E9303815241532E997A.e.2363"}]}
COMMAND: POST /session/00377494c9177dc39dc7c331b478fd1b/element - {"using":"css selector","value":"#shell-header-logo"}
COMMAND: GET /session/00377494c9177dc39dc7c331b478fd1b/screenshot - {}
RESULT: {}
RESULT: {"using":"css selector","value":"#shell-header-logo"}
COMMAND: POST /session/00377494c9177dc39dc7c331b478fd1b/element/f.BC6A9895F84C302F47B04B2C9514348C.d.901C43447BF46E9303815241532E997A.e.2363/click - {}
RESULT: {}
RESULT: {}
COMMAND: GET /session/00377494c9177dc39dc7c331b478fd1b/screenshot - {}
RESULT: {}
COMMAND: POST /session/00377494c9177dc39dc7c331b478fd1b/execute/async - {"script":"<script> [189 bytes]","args":[]}
RESULT: {"script":"<script> [189 bytes]","args":[]}
COMMAND: POST /session/00377494c9177dc39dc7c331b478fd1b/execute/async - {"script":"<script> [123 bytes]","args":[]}
RESULT: {"script":"<script> [123 bytes]","args":[]}
COMMAND: POST /session/00377494c9177dc39dc7c331b478fd1b/timeouts - {"script":"<number>"}
RESULT: {"script":"<number>"}
COMMAND: GET /session/00377494c9177dc39dc7c331b478fd1b/timeouts - {}
RESULT: {}
RESULT: undefined
COMMAND: POST /session/00377494c9177dc39dc7c331b478fd1b/execute/async - {"script":"<script> [2676 bytes]","args":[]}
RESULT: {"script":"<script> [2676 bytes]","args":[]}
COMMAND: POST /session/00377494c9177dc39dc7c331b478fd1b/execute/async - {"script":"<script> [2342 bytes]","args":[{"protocol":"http","hostname":"0.0.0.0","path":"/","capabilities":{"browserName":"chrome","goog:chromeOptions":{"binary":"C:\\Program Files\\Google\\Chrome\\Application\\chrome.exe","args":["--start-maximized"]}},"logLevel":"warn","connectionRetryTimeout":120000,"connectionRetryCount":3,"logLevels":{},"enableDirectConnect":true,"strictSSL":true,"_":"65 more keys: [\"cacheDir\",\"port\",\"requestedCapabilities\",\"automationProtocol\",\"baseUrl\",\"waitforInterval\",\"waitforTimeout\",\"onReload\",\"beforeCommand\",\"afterCommand\",\"rootDir\",\"specs\",\"suites\",\"exclude\",\"groupLogsByTestSpec\",\"excludeDriverLogs\",\"bail\",\"framework\",\"reporters\",\"services\",\"maxInstances\",\"maxInstancesPerCapability\",\"injectGlobals\",\"filesToWatch\",\"execArgv\",\"runnerEnv\",\"runner\",\"shard\",\"specFileRetries\",\"specFileRetriesDelay\",\"specFileRetriesDeferred\",\"reporterSyncInterval\",\"reporterSyncTimeout\",\"cucumberFeaturesWithLineNumbers\",\"autoCompileOpts\",\"mochaOpts\",\"jasmineOpts\",\"cucumberOpts\",\"onPrepare\",\"onWorkerStart\",\"onWorkerEnd\",\"before\",\"beforeSession\",\"beforeSuite\",\"beforeHook\",\"beforeTest\",\"afterTest\",\"afterHook\",\"afterSuite\",\"afterSession\",\"after\",\"onComplete\",\"beforeAssertion\",\"afterAssertion\",\"beforeFeature\",\"beforeScenario\",\"beforeStep\",\"afterStep\",\"afterScenario\",\"afterFeature\",\"_\",\"suite\",\"$0\",\"ignoredWorkerServices\",\"wdi5\"]"}]}
RESULT: {"script":"<script> [2342 bytes]","args":[{"protocol":"http","hostname":"0.0.0.0","path":"/","capabilities":{"browserName":"chrome","goog:chromeOptions":{"binary":"C:\\Program Files\\Google\\Chrome\\Application\\chrome.exe","args":["--start-maximized"]}},"logLevel":"warn","connectionRetryTimeout":120000,"connectionRetryCount":3,"logLevels":{},"enableDirectConnect":true,"strictSSL":true,"_":"65 more keys: [\"cacheDir\",\"port\",\"requestedCapabilities\",\"automationProtocol\",\"baseUrl\",\"waitforInterval\",\"waitforTimeout\",\"onReload\",\"beforeCommand\",\"afterCommand\",\"rootDir\",\"specs\",\"suites\",\"exclude\",\"groupLogsByTestSpec\",\"excludeDriverLogs\",\"bail\",\"framework\",\"reporters\",\"services\",\"maxInstances\",\"maxInstancesPerCapability\",\"injectGlobals\",\"filesToWatch\",\"execArgv\",\"runnerEnv\",\"runner\",\"shard\",\"specFileRetries\",\"specFileRetriesDelay\",\"specFileRetriesDeferred\",\"reporterSyncInterval\",\"reporterSyncTimeout\",\"cucumberFeaturesWithLineNumbers\",\"autoCompileOpts\",\"mochaOpts\",\"jasmineOpts\",\"cucumberOpts\",\"onPrepare\",\"onWorkerStart\",\"onWorkerEnd\",\"before\",\"beforeSession\",\"beforeSuite\",\"beforeHook\",\"beforeTest\",\"afterTest\",\"afterHook\",\"afterSuite\",\"afterSession\",\"after\",\"onComplete\",\"beforeAssertion\",\"afterAssertion\",\"beforeFeature\",\"beforeScenario\",\"beforeStep\",\"afterStep\",\"afterScenario\",\"afterFeature\",\"_\",\"suite\",\"$0\",\"ignoredWorkerServices\",\"wdi5\"]"}]}
COMMAND: POST /session/00377494c9177dc39dc7c331b478fd1b/execute/async - {"script":"<script> [21126 bytes]","args":[35000]}
RESULT: {"script":"<script> [21126 bytes]","args":[35000]}
COMMAND: POST /session/00377494c9177dc39dc7c331b478fd1b/window/maximize - {}
RESULT: {}
COMMAND: POST /session/00377494c9177dc39dc7c331b478fd1b/execute/async - {"script":"<script> [1562 bytes]","args":[{"selector":{"id":"shell-header","interaction":{"idSuffix":"icon"}},"wdio_ui5_key":"shellheader"}]}
COMMAND: GET /session/00377494c9177dc39dc7c331b478fd1b/screenshot - {}
RESULT: {"script":"<script> [1562 bytes]","args":[{"selector":{"id":"shell-header","interaction":{"idSuffix":"icon"}},"wdio_ui5_key":"shellheader"}]}
RESULT: undefined
COMMAND: POST /session/00377494c9177dc39dc7c331b478fd1b/refresh - {}
RESULT: {}
RESULT: {}
COMMAND: GET /session/00377494c9177dc39dc7c331b478fd1b/screenshot - {}
RESULT: {}
COMMAND: POST /session/00377494c9177dc39dc7c331b478fd1b/refresh - {}
RESULT: {}
COMMAND: GET /session/00377494c9177dc39dc7c331b478fd1b/screenshot - {}
RESULT: {}
COMMAND: POST /session/00377494c9177dc39dc7c331b478fd1b/window/fullscreen - {}
RESULT: {}
COMMAND: POST /session/00377494c9177dc39dc7c331b478fd1b/execute/async - {"script":"<script> [189 bytes]","args":[]}
RESULT: {"script":"<script> [189 bytes]","args":[]}
COMMAND: POST /session/00377494c9177dc39dc7c331b478fd1b/execute/async - {"script":"<script> [123 bytes]","args":[]}
RESULT: {"script":"<script> [123 bytes]","args":[]}
COMMAND: POST /session/00377494c9177dc39dc7c331b478fd1b/timeouts - {"script":"<number>"}
RESULT: {"script":"<number>"}
COMMAND: GET /session/00377494c9177dc39dc7c331b478fd1b/timeouts - {}
RESULT: {}
RESULT: undefined
COMMAND: POST /session/00377494c9177dc39dc7c331b478fd1b/execute/async - {"script":"<script> [2676 bytes]","args":[]}
RESULT: {"script":"<script> [2676 bytes]","args":[]}
COMMAND: POST /session/00377494c9177dc39dc7c331b478fd1b/execute/async - {"script":"<script> [2342 bytes]","args":[{"protocol":"http","hostname":"0.0.0.0","path":"/","capabilities":{"browserName":"chrome","goog:chromeOptions":{"binary":"C:\\Program Files\\Google\\Chrome\\Application\\chrome.exe","args":["--start-maximized"]}},"logLevel":"warn","connectionRetryTimeout":120000,"connectionRetryCount":3,"logLevels":{},"enableDirectConnect":true,"strictSSL":true,"_":"65 more keys: [\"cacheDir\",\"port\",\"requestedCapabilities\",\"automationProtocol\",\"baseUrl\",\"waitforInterval\",\"waitforTimeout\",\"onReload\",\"beforeCommand\",\"afterCommand\",\"rootDir\",\"specs\",\"suites\",\"exclude\",\"groupLogsByTestSpec\",\"excludeDriverLogs\",\"bail\",\"framework\",\"reporters\",\"services\",\"maxInstances\",\"maxInstancesPerCapability\",\"injectGlobals\",\"filesToWatch\",\"execArgv\",\"runnerEnv\",\"runner\",\"shard\",\"specFileRetries\",\"specFileRetriesDelay\",\"specFileRetriesDeferred\",\"reporterSyncInterval\",\"reporterSyncTimeout\",\"cucumberFeaturesWithLineNumbers\",\"autoCompileOpts\",\"mochaOpts\",\"jasmineOpts\",\"cucumberOpts\",\"onPrepare\",\"onWorkerStart\",\"onWorkerEnd\",\"before\",\"beforeSession\",\"beforeSuite\",\"beforeHook\",\"beforeTest\",\"afterTest\",\"afterHook\",\"afterSuite\",\"afterSession\",\"after\",\"onComplete\",\"beforeAssertion\",\"afterAssertion\",\"beforeFeature\",\"beforeScenario\",\"beforeStep\",\"afterStep\",\"afterScenario\",\"afterFeature\",\"_\",\"suite\",\"$0\",\"ignoredWorkerServices\",\"wdi5\"]"}]}
RESULT: {"script":"<script> [2342 bytes]","args":[{"protocol":"http","hostname":"0.0.0.0","path":"/","capabilities":{"browserName":"chrome","goog:chromeOptions":{"binary":"C:\\Program Files\\Google\\Chrome\\Application\\chrome.exe","args":["--start-maximized"]}},"logLevel":"warn","connectionRetryTimeout":120000,"connectionRetryCount":3,"logLevels":{},"enableDirectConnect":true,"strictSSL":true,"_":"65 more keys: [\"cacheDir\",\"port\",\"requestedCapabilities\",\"automationProtocol\",\"baseUrl\",\"waitforInterval\",\"waitforTimeout\",\"onReload\",\"beforeCommand\",\"afterCommand\",\"rootDir\",\"specs\",\"suites\",\"exclude\",\"groupLogsByTestSpec\",\"excludeDriverLogs\",\"bail\",\"framework\",\"reporters\",\"services\",\"maxInstances\",\"maxInstancesPerCapability\",\"injectGlobals\",\"filesToWatch\",\"execArgv\",\"runnerEnv\",\"runner\",\"shard\",\"specFileRetries\",\"specFileRetriesDelay\",\"specFileRetriesDeferred\",\"reporterSyncInterval\",\"reporterSyncTimeout\",\"cucumberFeaturesWithLineNumbers\",\"autoCompileOpts\",\"mochaOpts\",\"jasmineOpts\",\"cucumberOpts\",\"onPrepare\",\"onWorkerStart\",\"onWorkerEnd\",\"before\",\"beforeSession\",\"beforeSuite\",\"beforeHook\",\"beforeTest\",\"afterTest\",\"afterHook\",\"afterSuite\",\"afterSession\",\"after\",\"onComplete\",\"beforeAssertion\",\"afterAssertion\",\"beforeFeature\",\"beforeScenario\",\"beforeStep\",\"afterStep\",\"afterScenario\",\"afterFeature\",\"_\",\"suite\",\"$0\",\"ignoredWorkerServices\",\"wdi5\"]"}]}
COMMAND: POST /session/00377494c9177dc39dc7c331b478fd1b/execute/async - {"script":"<script> [21126 bytes]","args":[35000]}
RESULT: {"script":"<script> [21126 bytes]","args":[35000]}
]]></system-out>
    </testcase>
  </testsuite>
  <testsuite timestamp="2025-05-14T06:24:14" time="305.084" tests="4" failures="0" errors="0" skipped="0">
    <properties>
      <property name="specId" value="0" />
      <property name="suiteName" value="Create partner US118246" />
      <property name="capabilities" value="chrome.136_0_7103_49.windows" />
      <property name="file" value="file:///D:/a/1/s/test/specs/BTS/create-partner.spec.js" />
    </properties>
    <testcase classname="chrome.136_0_7103_49.windows.Create_partner_US118246" name="Should create a new yard in case create yard failed" time="100.915">
      <system-out><![CDATA[
COMMAND: POST /session/00377494c9177dc39dc7c331b478fd1b/window/fullscreen - {}
RESULT: {}
COMMAND: POST /session/00377494c9177dc39dc7c331b478fd1b/execute/async - {"script":"<script> [1562 bytes]","args":[{"selector":{"controlType":"sap.m.GenericTile","properties":{"header":"Manage Yards"}},"wdio_ui5_key":"sapm.GenericTile{\"header\":\"Manage Yards\"}"}]}
RESULT: {"script":"<script> [1562 bytes]","args":[{"selector":{"controlType":"sap.m.GenericTile","properties":{"header":"Manage Yards"}},"wdio_ui5_key":"sapm.GenericTile{\"header\":\"Manage Yards\"}"}]}
RESULT: undefined
COMMAND: POST /session/00377494c9177dc39dc7c331b478fd1b/element - {"using":"xpath","value":"//*[@id=\"__tile41\"]"}
RESULT: {"using":"xpath","value":"//*[@id=\"__tile41\"]"}
COMMAND: POST /session/00377494c9177dc39dc7c331b478fd1b/element/f.BC6A9895F84C302F47B04B2C9514348C.d.9E7FC38A3D5F747C536D9487DB4DC56D.e.2530/click - {}
RESULT: {}
COMMAND: POST /session/00377494c9177dc39dc7c331b478fd1b/element - {"using":"xpath","value":"//button[@data-kt=\"addNewYardOverflowToolbarButton\"]"}
COMMAND: GET /session/00377494c9177dc39dc7c331b478fd1b/screenshot - {}
RESULT: {"using":"xpath","value":"//button[@data-kt=\"addNewYardOverflowToolbarButton\"]"}
COMMAND: POST /session/00377494c9177dc39dc7c331b478fd1b/elements - {"using":"xpath","value":"//button[@data-kt=\"addNewYardOverflowToolbarButton\"]"}
RESULT: {}
RESULT: {"using":"xpath","value":"//button[@data-kt=\"addNewYardOverflowToolbarButton\"]"}
COMMAND: POST /session/00377494c9177dc39dc7c331b478fd1b/elements - {"using":"xpath","value":"//button[@data-kt=\"addNewYardOverflowToolbarButton\"]"}
RESULT: {"using":"xpath","value":"//button[@data-kt=\"addNewYardOverflowToolbarButton\"]"}
COMMAND: POST /session/00377494c9177dc39dc7c331b478fd1b/elements - {"using":"xpath","value":"//button[@data-kt=\"addNewYardOverflowToolbarButton\"]"}
RESULT: {"using":"xpath","value":"//button[@data-kt=\"addNewYardOverflowToolbarButton\"]"}
COMMAND: POST /session/00377494c9177dc39dc7c331b478fd1b/elements - {"using":"xpath","value":"//button[@data-kt=\"addNewYardOverflowToolbarButton\"]"}
RESULT: {"using":"xpath","value":"//button[@data-kt=\"addNewYardOverflowToolbarButton\"]"}
COMMAND: POST /session/00377494c9177dc39dc7c331b478fd1b/elements - {"using":"xpath","value":"//button[@data-kt=\"addNewYardOverflowToolbarButton\"]"}
RESULT: {"using":"xpath","value":"//button[@data-kt=\"addNewYardOverflowToolbarButton\"]"}
COMMAND: POST /session/00377494c9177dc39dc7c331b478fd1b/elements - {"using":"xpath","value":"//button[@data-kt=\"addNewYardOverflowToolbarButton\"]"}
RESULT: {"using":"xpath","value":"//button[@data-kt=\"addNewYardOverflowToolbarButton\"]"}
COMMAND: POST /session/00377494c9177dc39dc7c331b478fd1b/elements - {"using":"xpath","value":"//button[@data-kt=\"addNewYardOverflowToolbarButton\"]"}
RESULT: {"using":"xpath","value":"//button[@data-kt=\"addNewYardOverflowToolbarButton\"]"}
COMMAND: POST /session/00377494c9177dc39dc7c331b478fd1b/elements - {"using":"xpath","value":"//button[@data-kt=\"addNewYardOverflowToolbarButton\"]"}
RESULT: {"using":"xpath","value":"//button[@data-kt=\"addNewYardOverflowToolbarButton\"]"}
COMMAND: POST /session/00377494c9177dc39dc7c331b478fd1b/elements - {"using":"xpath","value":"//button[@data-kt=\"addNewYardOverflowToolbarButton\"]"}
RESULT: {"using":"xpath","value":"//button[@data-kt=\"addNewYardOverflowToolbarButton\"]"}
COMMAND: POST /session/00377494c9177dc39dc7c331b478fd1b/elements - {"using":"xpath","value":"//button[@data-kt=\"addNewYardOverflowToolbarButton\"]"}
RESULT: {"using":"xpath","value":"//button[@data-kt=\"addNewYardOverflowToolbarButton\"]"}
COMMAND: POST /session/00377494c9177dc39dc7c331b478fd1b/elements - {"using":"xpath","value":"//button[@data-kt=\"addNewYardOverflowToolbarButton\"]"}
RESULT: {"using":"xpath","value":"//button[@data-kt=\"addNewYardOverflowToolbarButton\"]"}
COMMAND: POST /session/00377494c9177dc39dc7c331b478fd1b/elements - {"using":"xpath","value":"//button[@data-kt=\"addNewYardOverflowToolbarButton\"]"}
RESULT: {"using":"xpath","value":"//button[@data-kt=\"addNewYardOverflowToolbarButton\"]"}
COMMAND: POST /session/00377494c9177dc39dc7c331b478fd1b/elements - {"using":"xpath","value":"//button[@data-kt=\"addNewYardOverflowToolbarButton\"]"}
RESULT: {"using":"xpath","value":"//button[@data-kt=\"addNewYardOverflowToolbarButton\"]"}
COMMAND: POST /session/00377494c9177dc39dc7c331b478fd1b/elements - {"using":"xpath","value":"//button[@data-kt=\"addNewYardOverflowToolbarButton\"]"}
RESULT: {"using":"xpath","value":"//button[@data-kt=\"addNewYardOverflowToolbarButton\"]"}
COMMAND: POST /session/00377494c9177dc39dc7c331b478fd1b/elements - {"using":"xpath","value":"//button[@data-kt=\"addNewYardOverflowToolbarButton\"]"}
RESULT: {"using":"xpath","value":"//button[@data-kt=\"addNewYardOverflowToolbarButton\"]"}
COMMAND: POST /session/00377494c9177dc39dc7c331b478fd1b/elements - {"using":"xpath","value":"//button[@data-kt=\"addNewYardOverflowToolbarButton\"]"}
RESULT: {"using":"xpath","value":"//button[@data-kt=\"addNewYardOverflowToolbarButton\"]"}
COMMAND: POST /session/00377494c9177dc39dc7c331b478fd1b/elements - {"using":"xpath","value":"//button[@data-kt=\"addNewYardOverflowToolbarButton\"]"}
RESULT: {"using":"xpath","value":"//button[@data-kt=\"addNewYardOverflowToolbarButton\"]"}
COMMAND: POST /session/00377494c9177dc39dc7c331b478fd1b/elements - {"using":"xpath","value":"//button[@data-kt=\"addNewYardOverflowToolbarButton\"]"}
RESULT: {"using":"xpath","value":"//button[@data-kt=\"addNewYardOverflowToolbarButton\"]"}
COMMAND: POST /session/00377494c9177dc39dc7c331b478fd1b/elements - {"using":"xpath","value":"//button[@data-kt=\"addNewYardOverflowToolbarButton\"]"}
RESULT: {"using":"xpath","value":"//button[@data-kt=\"addNewYardOverflowToolbarButton\"]"}
COMMAND: POST /session/00377494c9177dc39dc7c331b478fd1b/element - {"using":"xpath","value":"//button[@data-kt=\"addNewYardOverflowToolbarButton\"]"}
RESULT: {"using":"xpath","value":"//button[@data-kt=\"addNewYardOverflowToolbarButton\"]"}
COMMAND: POST /session/00377494c9177dc39dc7c331b478fd1b/execute/sync - {"script":"<script> [8489 bytes]","args":[{"element-6066-11e4-a52e-4f735466cecf":"f.BC6A9895F84C302F47B04B2C9514348C.d.9E7FC38A3D5F747C536D9487DB4DC56D.e.2669","ELEMENT":"f.BC6A9895F84C302F47B04B2C9514348C.d.9E7FC38A3D5F747C536D9487DB4DC56D.e.2669"}]}
RESULT: {"script":"<script> [8489 bytes]","args":[{"element-6066-11e4-a52e-4f735466cecf":"f.BC6A9895F84C302F47B04B2C9514348C.d.9E7FC38A3D5F747C536D9487DB4DC56D.e.2669","ELEMENT":"f.BC6A9895F84C302F47B04B2C9514348C.d.9E7FC38A3D5F747C536D9487DB4DC56D.e.2669"}]}
COMMAND: GET /session/00377494c9177dc39dc7c331b478fd1b/element/f.BC6A9895F84C302F47B04B2C9514348C.d.9E7FC38A3D5F747C536D9487DB4DC56D.e.2669/enabled - {}
COMMAND: GET /session/00377494c9177dc39dc7c331b478fd1b/screenshot - {}
RESULT: {}
COMMAND: POST /session/00377494c9177dc39dc7c331b478fd1b/execute/sync - {"script":"<script> [8489 bytes]","args":[{"element-6066-11e4-a52e-4f735466cecf":"f.BC6A9895F84C302F47B04B2C9514348C.d.9E7FC38A3D5F747C536D9487DB4DC56D.e.2669","ELEMENT":"f.BC6A9895F84C302F47B04B2C9514348C.d.9E7FC38A3D5F747C536D9487DB4DC56D.e.2669"}]}
COMMAND: GET /session/00377494c9177dc39dc7c331b478fd1b/screenshot - {}
RESULT: {}
RESULT: {"script":"<script> [8489 bytes]","args":[{"element-6066-11e4-a52e-4f735466cecf":"f.BC6A9895F84C302F47B04B2C9514348C.d.9E7FC38A3D5F747C536D9487DB4DC56D.e.2669","ELEMENT":"f.BC6A9895F84C302F47B04B2C9514348C.d.9E7FC38A3D5F747C536D9487DB4DC56D.e.2669"}]}
COMMAND: POST /session/00377494c9177dc39dc7c331b478fd1b/execute/sync - {"script":"<script> [5351 bytes]","args":[{"element-6066-11e4-a52e-4f735466cecf":"f.BC6A9895F84C302F47B04B2C9514348C.d.9E7FC38A3D5F747C536D9487DB4DC56D.e.2669","ELEMENT":"f.BC6A9895F84C302F47B04B2C9514348C.d.9E7FC38A3D5F747C536D9487DB4DC56D.e.2669"}]}
COMMAND: GET /session/00377494c9177dc39dc7c331b478fd1b/screenshot - {}
RESULT: {}
RESULT: {"script":"<script> [5351 bytes]","args":[{"element-6066-11e4-a52e-4f735466cecf":"f.BC6A9895F84C302F47B04B2C9514348C.d.9E7FC38A3D5F747C536D9487DB4DC56D.e.2669","ELEMENT":"f.BC6A9895F84C302F47B04B2C9514348C.d.9E7FC38A3D5F747C536D9487DB4DC56D.e.2669"}]}
COMMAND: POST /session/00377494c9177dc39dc7c331b478fd1b/element/f.BC6A9895F84C302F47B04B2C9514348C.d.9E7FC38A3D5F747C536D9487DB4DC56D.e.2669/click - {}
COMMAND: GET /session/00377494c9177dc39dc7c331b478fd1b/screenshot - {}
RESULT: {}
RESULT: {}
COMMAND: GET /session/00377494c9177dc39dc7c331b478fd1b/screenshot - {}
RESULT: {}
COMMAND: POST /session/00377494c9177dc39dc7c331b478fd1b/element - {"using":"xpath","value":"//input[@id=\"application-manageyards-display-component---NewYard--yardId-inner\"]"}
RESULT: {}
RESULT: {"using":"xpath","value":"//input[@id=\"application-manageyards-display-component---NewYard--yardId-inner\"]"}
COMMAND: POST /session/00377494c9177dc39dc7c331b478fd1b/element - {"using":"xpath","value":"//input[@id=\"application-manageyards-display-component---NewYard--yardId-inner\"]"}
RESULT: {"using":"xpath","value":"//input[@id=\"application-manageyards-display-component---NewYard--yardId-inner\"]"}
COMMAND: POST /session/00377494c9177dc39dc7c331b478fd1b/execute/async - {"script":"<script> [1562 bytes]","args":[{"selector":{"id":"application-manageyards-display-component---NewYard--addressDetailDetailsName1","interaction":{"idSuffix":"inner"}},"wdio_ui5_key":"applicationmanageyards-display-component---NewYard--addressDetailDetailsName1"}]}
RESULT: {"script":"<script> [1562 bytes]","args":[{"selector":{"id":"application-manageyards-display-component---NewYard--addressDetailDetailsName1","interaction":{"idSuffix":"inner"}},"wdio_ui5_key":"applicationmanageyards-display-component---NewYard--addressDetailDetailsName1"}]}
RESULT: undefined
COMMAND: POST /session/00377494c9177dc39dc7c331b478fd1b/execute/async - {"script":"<script> [776 bytes]","args":[{"enterText":"Intracompany Yard wdIO","selector":{"id":"application-manageyards-display-component---NewYard--addressDetailDetailsName1","interaction":{"idSuffix":"inner"}},"clearTextFirst":true,"interactionType":"ENTER_TEXT"}]}
RESULT: {"script":"<script> [776 bytes]","args":[{"enterText":"Intracompany Yard wdIO","selector":{"id":"application-manageyards-display-component---NewYard--addressDetailDetailsName1","interaction":{"idSuffix":"inner"}},"clearTextFirst":true,"interactionType":"ENTER_TEXT"}]}
COMMAND: POST /session/00377494c9177dc39dc7c331b478fd1b/execute/async - {"script":"<script> [1562 bytes]","args":[{"selector":{"id":"application-manageyards-display-component---NewYard--addressDetailDetailsLanguage-arrow"},"wdio_ui5_key":"applicationmanageyards-display-component---NewYard--addressDetailDetailsLanguage-arrow"}]}
RESULT: {"script":"<script> [1562 bytes]","args":[{"selector":{"id":"application-manageyards-display-component---NewYard--addressDetailDetailsLanguage-arrow"},"wdio_ui5_key":"applicationmanageyards-display-component---NewYard--addressDetailDetailsLanguage-arrow"}]}
RESULT: undefined
COMMAND: POST /session/00377494c9177dc39dc7c331b478fd1b/element - {"using":"xpath","value":"//*[@id=\"application-manageyards-display-component---NewYard--addressDetailDetailsLanguage-arrow\"]"}
RESULT: {"using":"xpath","value":"//*[@id=\"application-manageyards-display-component---NewYard--addressDetailDetailsLanguage-arrow\"]"}
COMMAND: POST /session/00377494c9177dc39dc7c331b478fd1b/element/f.BC6A9895F84C302F47B04B2C9514348C.d.9E7FC38A3D5F747C536D9487DB4DC56D.e.3098/click - {}
RESULT: {}
COMMAND: POST /session/00377494c9177dc39dc7c331b478fd1b/element - {"using":"xpath","value":"//span[contains(text(), \"English\")]"}
COMMAND: GET /session/00377494c9177dc39dc7c331b478fd1b/screenshot - {}
RESULT: {"using":"xpath","value":"//span[contains(text(), \"English\")]"}
COMMAND: POST /session/00377494c9177dc39dc7c331b478fd1b/element/f.BC6A9895F84C302F47B04B2C9514348C.d.9E7FC38A3D5F747C536D9487DB4DC56D.e.3099/click - {}
RESULT: {}
RESULT: {}
COMMAND: POST /session/00377494c9177dc39dc7c331b478fd1b/execute/async - {"script":"<script> [1562 bytes]","args":[{"selector":{"id":"application-manageyards-display-component---NewYard--addressDetailDetailsCity1","interaction":{"idSuffix":"inner"}},"wdio_ui5_key":"applicationmanageyards-display-component---NewYard--addressDetailDetailsCity1"}]}
COMMAND: GET /session/00377494c9177dc39dc7c331b478fd1b/screenshot - {}
RESULT: {"script":"<script> [1562 bytes]","args":[{"selector":{"id":"application-manageyards-display-component---NewYard--addressDetailDetailsCity1","interaction":{"idSuffix":"inner"}},"wdio_ui5_key":"applicationmanageyards-display-component---NewYard--addressDetailDetailsCity1"}]}
RESULT: undefined
COMMAND: POST /session/00377494c9177dc39dc7c331b478fd1b/execute/async - {"script":"<script> [776 bytes]","args":[{"enterText":"Rosario","selector":{"id":"application-manageyards-display-component---NewYard--addressDetailDetailsCity1","interaction":{"idSuffix":"inner"}},"clearTextFirst":true,"interactionType":"ENTER_TEXT"}]}
RESULT: {}
RESULT: {"script":"<script> [776 bytes]","args":[{"enterText":"Rosario","selector":{"id":"application-manageyards-display-component---NewYard--addressDetailDetailsCity1","interaction":{"idSuffix":"inner"}},"clearTextFirst":true,"interactionType":"ENTER_TEXT"}]}
COMMAND: POST /session/00377494c9177dc39dc7c331b478fd1b/execute/async - {"script":"<script> [1562 bytes]","args":[{"selector":{"id":"application-manageyards-display-component---NewYard--addressDetailDetailsCountry-arrow"},"wdio_ui5_key":"applicationmanageyards-display-component---NewYard--addressDetailDetailsCountry-arrow"}]}
RESULT: {"script":"<script> [1562 bytes]","args":[{"selector":{"id":"application-manageyards-display-component---NewYard--addressDetailDetailsCountry-arrow"},"wdio_ui5_key":"applicationmanageyards-display-component---NewYard--addressDetailDetailsCountry-arrow"}]}
RESULT: undefined
COMMAND: POST /session/00377494c9177dc39dc7c331b478fd1b/element - {"using":"xpath","value":"//*[@id=\"application-manageyards-display-component---NewYard--addressDetailDetailsCountry-arrow\"]"}
RESULT: {"using":"xpath","value":"//*[@id=\"application-manageyards-display-component---NewYard--addressDetailDetailsCountry-arrow\"]"}
COMMAND: POST /session/00377494c9177dc39dc7c331b478fd1b/element/f.BC6A9895F84C302F47B04B2C9514348C.d.9E7FC38A3D5F747C536D9487DB4DC56D.e.3101/click - {}
RESULT: {}
COMMAND: POST /session/00377494c9177dc39dc7c331b478fd1b/element - {"using":"xpath","value":"//span[contains(text(), \"Argentina\")]"}
COMMAND: GET /session/00377494c9177dc39dc7c331b478fd1b/screenshot - {}
RESULT: {"using":"xpath","value":"//span[contains(text(), \"Argentina\")]"}
COMMAND: POST /session/00377494c9177dc39dc7c331b478fd1b/element/f.BC6A9895F84C302F47B04B2C9514348C.d.9E7FC38A3D5F747C536D9487DB4DC56D.e.3102/click - {}
RESULT: {}
RESULT: {}
COMMAND: POST /session/00377494c9177dc39dc7c331b478fd1b/execute/async - {"script":"<script> [1562 bytes]","args":[{"selector":{"id":"application-manageyards-display-component---NewYard--addressEditDetailsCostObjectCstType-arrow"},"wdio_ui5_key":"applicationmanageyards-display-component---NewYard--addressEditDetailsCostObjectCstType-arrow"}]}
COMMAND: GET /session/00377494c9177dc39dc7c331b478fd1b/screenshot - {}
RESULT: {"script":"<script> [1562 bytes]","args":[{"selector":{"id":"application-manageyards-display-component---NewYard--addressEditDetailsCostObjectCstType-arrow"},"wdio_ui5_key":"applicationmanageyards-display-component---NewYard--addressEditDetailsCostObjectCstType-arrow"}]}
RESULT: undefined
COMMAND: POST /session/00377494c9177dc39dc7c331b478fd1b/element - {"using":"xpath","value":"//*[@id=\"application-manageyards-display-component---NewYard--addressEditDetailsCostObjectCstType-arrow\"]"}
RESULT: {}
RESULT: {"using":"xpath","value":"//*[@id=\"application-manageyards-display-component---NewYard--addressEditDetailsCostObjectCstType-arrow\"]"}
COMMAND: POST /session/00377494c9177dc39dc7c331b478fd1b/element/f.BC6A9895F84C302F47B04B2C9514348C.d.9E7FC38A3D5F747C536D9487DB4DC56D.e.3103/click - {}
RESULT: {}
COMMAND: POST /session/00377494c9177dc39dc7c331b478fd1b/element - {"using":"xpath","value":"//span[contains(text(), \"Cost Center\")]"}
COMMAND: GET /session/00377494c9177dc39dc7c331b478fd1b/screenshot - {}
RESULT: {"using":"xpath","value":"//span[contains(text(), \"Cost Center\")]"}
COMMAND: POST /session/00377494c9177dc39dc7c331b478fd1b/element/f.BC6A9895F84C302F47B04B2C9514348C.d.9E7FC38A3D5F747C536D9487DB4DC56D.e.3104/click - {}
RESULT: {}
RESULT: {}
COMMAND: GET /session/00377494c9177dc39dc7c331b478fd1b/screenshot - {}
RESULT: {}
COMMAND: POST /session/00377494c9177dc39dc7c331b478fd1b/element - {"using":"xpath","value":"//span[@id=\"application-manageyards-display-component---NewYard--addressNewCostObjectCstID-vhi\"]"}
RESULT: {"using":"xpath","value":"//span[@id=\"application-manageyards-display-component---NewYard--addressNewCostObjectCstID-vhi\"]"}
COMMAND: POST /session/00377494c9177dc39dc7c331b478fd1b/execute/sync - {"script":"<script> [8489 bytes]","args":[{"element-6066-11e4-a52e-4f735466cecf":"f.BC6A9895F84C302F47B04B2C9514348C.d.9E7FC38A3D5F747C536D9487DB4DC56D.e.3108","ELEMENT":"f.BC6A9895F84C302F47B04B2C9514348C.d.9E7FC38A3D5F747C536D9487DB4DC56D.e.3108"}]}
RESULT: {"script":"<script> [8489 bytes]","args":[{"element-6066-11e4-a52e-4f735466cecf":"f.BC6A9895F84C302F47B04B2C9514348C.d.9E7FC38A3D5F747C536D9487DB4DC56D.e.3108","ELEMENT":"f.BC6A9895F84C302F47B04B2C9514348C.d.9E7FC38A3D5F747C536D9487DB4DC56D.e.3108"}]}
COMMAND: POST /session/00377494c9177dc39dc7c331b478fd1b/execute/async - {"script":"<script> [1562 bytes]","args":[{"selector":{"id":"application-manageyards-display-component---NewYard--addressNewCostObjectCstID-vhi"},"wdio_ui5_key":"applicationmanageyards-display-component---NewYard--addressNewCostObjectCstID-vhi"}]}
COMMAND: GET /session/00377494c9177dc39dc7c331b478fd1b/screenshot - {}
RESULT: {"script":"<script> [1562 bytes]","args":[{"selector":{"id":"application-manageyards-display-component---NewYard--addressNewCostObjectCstID-vhi"},"wdio_ui5_key":"applicationmanageyards-display-component---NewYard--addressNewCostObjectCstID-vhi"}]}
RESULT: undefined
COMMAND: POST /session/00377494c9177dc39dc7c331b478fd1b/element - {"using":"xpath","value":"//*[@id=\"application-manageyards-display-component---NewYard--addressNewCostObjectCstID-vhi\"]"}
RESULT: {}
RESULT: {"using":"xpath","value":"//*[@id=\"application-manageyards-display-component---NewYard--addressNewCostObjectCstID-vhi\"]"}
COMMAND: POST /session/00377494c9177dc39dc7c331b478fd1b/element/f.BC6A9895F84C302F47B04B2C9514348C.d.9E7FC38A3D5F747C536D9487DB4DC56D.e.3108/click - {}
RESULT: {}
COMMAND: GET /session/00377494c9177dc39dc7c331b478fd1b/screenshot - {}
RESULT: {}
COMMAND: POST /session/00377494c9177dc39dc7c331b478fd1b/execute/async - {"script":"<script> [1562 bytes]","args":[{"selector":{"controlType":"sap.m.SearchField","properties":{"placeholder":"Search"},"searchOpenDialogs":true,"interaction":{"idSuffix":"I"}},"wdio_ui5_key":"sapm.SearchField{\"placeholder\":\"Search\"}"}]}
RESULT: {"script":"<script> [1562 bytes]","args":[{"selector":{"controlType":"sap.m.SearchField","properties":{"placeholder":"Search"},"searchOpenDialogs":true,"interaction":{"idSuffix":"I"}},"wdio_ui5_key":"sapm.SearchField{\"placeholder\":\"Search\"}"}]}
RESULT: undefined
COMMAND: POST /session/00377494c9177dc39dc7c331b478fd1b/execute/async - {"script":"<script> [776 bytes]","args":[{"enterText":"10001013","selector":{"controlType":"sap.m.SearchField","properties":{"placeholder":"Search"},"searchOpenDialogs":true,"interaction":{"idSuffix":"I"}},"clearTextFirst":true,"interactionType":"ENTER_TEXT"}]}
RESULT: {"script":"<script> [776 bytes]","args":[{"enterText":"10001013","selector":{"controlType":"sap.m.SearchField","properties":{"placeholder":"Search"},"searchOpenDialogs":true,"interaction":{"idSuffix":"I"}},"clearTextFirst":true,"interactionType":"ENTER_TEXT"}]}
COMMAND: POST /session/00377494c9177dc39dc7c331b478fd1b/actions - {"actions":[{"id":"action6","type":"key","parameters":{},"actions":[{"type":"keyDown","value":"î€‡"},{"type":"pause","duration":10},{"type":"keyUp","value":"î€‡"}]}]}
RESULT: {"actions":[{"id":"action6","type":"key","parameters":{},"actions":[{"type":"keyDown","value":"î€‡"},{"type":"pause","duration":10},{"type":"keyUp","value":"î€‡"}]}]}
COMMAND: GET /session/00377494c9177dc39dc7c331b478fd1b/screenshot - {}
RESULT: {}
COMMAND: POST /session/00377494c9177dc39dc7c331b478fd1b/element - {"using":"xpath","value":"//span[contains(text(), \"General Management\")]"}
RESULT: {"using":"xpath","value":"//span[contains(text(), \"General Management\")]"}
COMMAND: POST /session/00377494c9177dc39dc7c331b478fd1b/element/f.BC6A9895F84C302F47B04B2C9514348C.d.9E7FC38A3D5F747C536D9487DB4DC56D.e.3149/click - {}
RESULT: {}
COMMAND: GET /session/00377494c9177dc39dc7c331b478fd1b/screenshot - {}
RESULT: {}
COMMAND: POST /session/00377494c9177dc39dc7c331b478fd1b/element - {"using":"xpath","value":"//bdi[contains(text(), \"OK\")]"}
RESULT: {"using":"xpath","value":"//bdi[contains(text(), \"OK\")]"}
COMMAND: POST /session/00377494c9177dc39dc7c331b478fd1b/element/f.BC6A9895F84C302F47B04B2C9514348C.d.9E7FC38A3D5F747C536D9487DB4DC56D.e.3150/click - {}
RESULT: {}
COMMAND: GET /session/00377494c9177dc39dc7c331b478fd1b/screenshot - {}
RESULT: {}
COMMAND: POST /session/00377494c9177dc39dc7c331b478fd1b/execute/async - {"script":"<script> [1562 bytes]","args":[{"selector":{"id":"application-manageyards-display-component---NewYard--addressEditDetailsCurrency-arrow"},"wdio_ui5_key":"applicationmanageyards-display-component---NewYard--addressEditDetailsCurrency-arrow"}]}
RESULT: {"script":"<script> [1562 bytes]","args":[{"selector":{"id":"application-manageyards-display-component---NewYard--addressEditDetailsCurrency-arrow"},"wdio_ui5_key":"applicationmanageyards-display-component---NewYard--addressEditDetailsCurrency-arrow"}]}
RESULT: undefined
COMMAND: POST /session/00377494c9177dc39dc7c331b478fd1b/element - {"using":"xpath","value":"//*[@id=\"application-manageyards-display-component---NewYard--addressEditDetailsCurrency-arrow\"]"}
RESULT: {"using":"xpath","value":"//*[@id=\"application-manageyards-display-component---NewYard--addressEditDetailsCurrency-arrow\"]"}
COMMAND: POST /session/00377494c9177dc39dc7c331b478fd1b/element/f.BC6A9895F84C302F47B04B2C9514348C.d.9E7FC38A3D5F747C536D9487DB4DC56D.e.3153/click - {}
RESULT: {}
COMMAND: POST /session/00377494c9177dc39dc7c331b478fd1b/element - {"using":"xpath","value":"//span[contains(text(), \"Euro\")]"}
COMMAND: GET /session/00377494c9177dc39dc7c331b478fd1b/screenshot - {}
RESULT: {"using":"xpath","value":"//span[contains(text(), \"Euro\")]"}
COMMAND: POST /session/00377494c9177dc39dc7c331b478fd1b/element/f.BC6A9895F84C302F47B04B2C9514348C.d.9E7FC38A3D5F747C536D9487DB4DC56D.e.3154/click - {}
RESULT: {}
RESULT: {}
COMMAND: POST /session/00377494c9177dc39dc7c331b478fd1b/execute/async - {"script":"<script> [1562 bytes]","args":[{"selector":{"controlType":"sap.m.Input","viewName":"etm.portal.ui.manageyards.view.New","viewId":"application-manageyards-display-component---NewYard","bindingPath":{"path":"","propertyPath":"/CONTROLLING_AREA","modelName":"NewYardModel"},"interaction":{"idSuffix":"inner"}},"wdio_ui5_key":"etmportal.ui.manageyards.view.Newsap.m.Input{\"path\":\"\",\"propertyPath\":\"/CONTROLLING_AREA\",\"modelName\":\"NewYardModel\"}"}]}
COMMAND: GET /session/00377494c9177dc39dc7c331b478fd1b/screenshot - {}
RESULT: {"script":"<script> [1562 bytes]","args":[{"selector":{"controlType":"sap.m.Input","viewName":"etm.portal.ui.manageyards.view.New","viewId":"application-manageyards-display-component---NewYard","bindingPath":{"path":"","propertyPath":"/CONTROLLING_AREA","modelName":"NewYardModel"},"interaction":{"idSuffix":"inner"}},"wdio_ui5_key":"etmportal.ui.manageyards.view.Newsap.m.Input{\"path\":\"\",\"propertyPath\":\"/CONTROLLING_AREA\",\"modelName\":\"NewYardModel\"}"}]}
RESULT: undefined
COMMAND: POST /session/00377494c9177dc39dc7c331b478fd1b/execute/async - {"script":"<script> [776 bytes]","args":[{"enterText":"Z001","selector":{"controlType":"sap.m.Input","viewName":"etm.portal.ui.manageyards.view.New","viewId":"application-manageyards-display-component---NewYard","bindingPath":{"path":"","propertyPath":"/CONTROLLING_AREA","modelName":"NewYardModel"},"interaction":{"idSuffix":"inner"}},"clearTextFirst":true,"interactionType":"ENTER_TEXT"}]}
RESULT: {}
RESULT: {"script":"<script> [776 bytes]","args":[{"enterText":"Z001","selector":{"controlType":"sap.m.Input","viewName":"etm.portal.ui.manageyards.view.New","viewId":"application-manageyards-display-component---NewYard","bindingPath":{"path":"","propertyPath":"/CONTROLLING_AREA","modelName":"NewYardModel"},"interaction":{"idSuffix":"inner"}},"clearTextFirst":true,"interactionType":"ENTER_TEXT"}]}
COMMAND: POST /session/00377494c9177dc39dc7c331b478fd1b/execute/async - {"script":"<script> [1562 bytes]","args":[{"selector":{"id":"application-manageyards-display-component---NewYard--companyCodeComboBox","interaction":{"idSuffix":"inner"}},"wdio_ui5_key":"applicationmanageyards-display-component---NewYard--companyCodeComboBox"}]}
RESULT: {"script":"<script> [1562 bytes]","args":[{"selector":{"id":"application-manageyards-display-component---NewYard--companyCodeComboBox","interaction":{"idSuffix":"inner"}},"wdio_ui5_key":"applicationmanageyards-display-component---NewYard--companyCodeComboBox"}]}
RESULT: undefined
COMMAND: POST /session/00377494c9177dc39dc7c331b478fd1b/execute/async - {"script":"<script> [776 bytes]","args":[{"enterText":"1000","selector":{"id":"application-manageyards-display-component---NewYard--companyCodeComboBox","interaction":{"idSuffix":"inner"}},"clearTextFirst":true,"interactionType":"ENTER_TEXT"}]}
RESULT: {"script":"<script> [776 bytes]","args":[{"enterText":"1000","selector":{"id":"application-manageyards-display-component---NewYard--companyCodeComboBox","interaction":{"idSuffix":"inner"}},"clearTextFirst":true,"interactionType":"ENTER_TEXT"}]}
COMMAND: POST /session/00377494c9177dc39dc7c331b478fd1b/execute/async - {"script":"<script> [1562 bytes]","args":[{"selector":{"controlType":"sap.m.Input","viewName":"etm.portal.ui.manageyards.view.New","viewId":"application-manageyards-display-component---NewYard","bindingPath":{"path":"","propertyPath":"/PLANT","modelName":"NewYardModel"},"interaction":{"idSuffix":"inner"}},"wdio_ui5_key":"etmportal.ui.manageyards.view.Newsap.m.Input{\"path\":\"\",\"propertyPath\":\"/PLANT\",\"modelName\":\"NewYardModel\"}"}]}
RESULT: {"script":"<script> [1562 bytes]","args":[{"selector":{"controlType":"sap.m.Input","viewName":"etm.portal.ui.manageyards.view.New","viewId":"application-manageyards-display-component---NewYard","bindingPath":{"path":"","propertyPath":"/PLANT","modelName":"NewYardModel"},"interaction":{"idSuffix":"inner"}},"wdio_ui5_key":"etmportal.ui.manageyards.view.Newsap.m.Input{\"path\":\"\",\"propertyPath\":\"/PLANT\",\"modelName\":\"NewYardModel\"}"}]}
RESULT: undefined
COMMAND: POST /session/00377494c9177dc39dc7c331b478fd1b/execute/async - {"script":"<script> [776 bytes]","args":[{"enterText":"1001","selector":{"controlType":"sap.m.Input","viewName":"etm.portal.ui.manageyards.view.New","viewId":"application-manageyards-display-component---NewYard","bindingPath":{"path":"","propertyPath":"/PLANT","modelName":"NewYardModel"},"interaction":{"idSuffix":"inner"}},"clearTextFirst":true,"interactionType":"ENTER_TEXT"}]}
RESULT: {"script":"<script> [776 bytes]","args":[{"enterText":"1001","selector":{"controlType":"sap.m.Input","viewName":"etm.portal.ui.manageyards.view.New","viewId":"application-manageyards-display-component---NewYard","bindingPath":{"path":"","propertyPath":"/PLANT","modelName":"NewYardModel"},"interaction":{"idSuffix":"inner"}},"clearTextFirst":true,"interactionType":"ENTER_TEXT"}]}
COMMAND: POST /session/00377494c9177dc39dc7c331b478fd1b/execute/async - {"script":"<script> [1562 bytes]","args":[{"selector":{"controlType":"sap.m.Input","viewName":"etm.portal.ui.manageyards.view.New","viewId":"application-manageyards-display-component---NewYard","bindingPath":{"path":"","propertyPath":"/SALES_AREA_VKORG","modelName":"NewYardModel"},"interaction":{"idSuffix":"inner"}},"wdio_ui5_key":"etmportal.ui.manageyards.view.Newsap.m.Input{\"path\":\"\",\"propertyPath\":\"/SALES_AREA_VKORG\",\"modelName\":\"NewYardModel\"}"}]}
RESULT: {"script":"<script> [1562 bytes]","args":[{"selector":{"controlType":"sap.m.Input","viewName":"etm.portal.ui.manageyards.view.New","viewId":"application-manageyards-display-component---NewYard","bindingPath":{"path":"","propertyPath":"/SALES_AREA_VKORG","modelName":"NewYardModel"},"interaction":{"idSuffix":"inner"}},"wdio_ui5_key":"etmportal.ui.manageyards.view.Newsap.m.Input{\"path\":\"\",\"propertyPath\":\"/SALES_AREA_VKORG\",\"modelName\":\"NewYardModel\"}"}]}
RESULT: undefined
COMMAND: POST /session/00377494c9177dc39dc7c331b478fd1b/execute/async - {"script":"<script> [776 bytes]","args":[{"enterText":"C002","selector":{"controlType":"sap.m.Input","viewName":"etm.portal.ui.manageyards.view.New","viewId":"application-manageyards-display-component---NewYard","bindingPath":{"path":"","propertyPath":"/SALES_AREA_VKORG","modelName":"NewYardModel"},"interaction":{"idSuffix":"inner"}},"clearTextFirst":true,"interactionType":"ENTER_TEXT"}]}
RESULT: {"script":"<script> [776 bytes]","args":[{"enterText":"C002","selector":{"controlType":"sap.m.Input","viewName":"etm.portal.ui.manageyards.view.New","viewId":"application-manageyards-display-component---NewYard","bindingPath":{"path":"","propertyPath":"/SALES_AREA_VKORG","modelName":"NewYardModel"},"interaction":{"idSuffix":"inner"}},"clearTextFirst":true,"interactionType":"ENTER_TEXT"}]}
COMMAND: POST /session/00377494c9177dc39dc7c331b478fd1b/execute/async - {"script":"<script> [1562 bytes]","args":[{"selector":{"controlType":"sap.m.Input","viewName":"etm.portal.ui.manageyards.view.New","viewId":"application-manageyards-display-component---NewYard","bindingPath":{"path":"","propertyPath":"/SALES_AREA_VTWEG","modelName":"NewYardModel"},"interaction":{"idSuffix":"inner"}},"wdio_ui5_key":"etmportal.ui.manageyards.view.Newsap.m.Input{\"path\":\"\",\"propertyPath\":\"/SALES_AREA_VTWEG\",\"modelName\":\"NewYardModel\"}"}]}
RESULT: {"script":"<script> [1562 bytes]","args":[{"selector":{"controlType":"sap.m.Input","viewName":"etm.portal.ui.manageyards.view.New","viewId":"application-manageyards-display-component---NewYard","bindingPath":{"path":"","propertyPath":"/SALES_AREA_VTWEG","modelName":"NewYardModel"},"interaction":{"idSuffix":"inner"}},"wdio_ui5_key":"etmportal.ui.manageyards.view.Newsap.m.Input{\"path\":\"\",\"propertyPath\":\"/SALES_AREA_VTWEG\",\"modelName\":\"NewYardModel\"}"}]}
RESULT: undefined
COMMAND: POST /session/00377494c9177dc39dc7c331b478fd1b/execute/async - {"script":"<script> [776 bytes]","args":[{"enterText":"C2","selector":{"controlType":"sap.m.Input","viewName":"etm.portal.ui.manageyards.view.New","viewId":"application-manageyards-display-component---NewYard","bindingPath":{"path":"","propertyPath":"/SALES_AREA_VTWEG","modelName":"NewYardModel"},"interaction":{"idSuffix":"inner"}},"clearTextFirst":true,"interactionType":"ENTER_TEXT"}]}
RESULT: {"script":"<script> [776 bytes]","args":[{"enterText":"C2","selector":{"controlType":"sap.m.Input","viewName":"etm.portal.ui.manageyards.view.New","viewId":"application-manageyards-display-component---NewYard","bindingPath":{"path":"","propertyPath":"/SALES_AREA_VTWEG","modelName":"NewYardModel"},"interaction":{"idSuffix":"inner"}},"clearTextFirst":true,"interactionType":"ENTER_TEXT"}]}
COMMAND: POST /session/00377494c9177dc39dc7c331b478fd1b/execute/async - {"script":"<script> [1562 bytes]","args":[{"selector":{"controlType":"sap.m.Input","viewName":"etm.portal.ui.manageyards.view.New","viewId":"application-manageyards-display-component---NewYard","bindingPath":{"path":"","propertyPath":"/SALES_AREA_SPART","modelName":"NewYardModel"},"interaction":{"idSuffix":"inner"}},"wdio_ui5_key":"etmportal.ui.manageyards.view.Newsap.m.Input{\"path\":\"\",\"propertyPath\":\"/SALES_AREA_SPART\",\"modelName\":\"NewYardModel\"}"}]}
RESULT: {"script":"<script> [1562 bytes]","args":[{"selector":{"controlType":"sap.m.Input","viewName":"etm.portal.ui.manageyards.view.New","viewId":"application-manageyards-display-component---NewYard","bindingPath":{"path":"","propertyPath":"/SALES_AREA_SPART","modelName":"NewYardModel"},"interaction":{"idSuffix":"inner"}},"wdio_ui5_key":"etmportal.ui.manageyards.view.Newsap.m.Input{\"path\":\"\",\"propertyPath\":\"/SALES_AREA_SPART\",\"modelName\":\"NewYardModel\"}"}]}
RESULT: undefined
COMMAND: POST /session/00377494c9177dc39dc7c331b478fd1b/execute/async - {"script":"<script> [776 bytes]","args":[{"enterText":"C2","selector":{"controlType":"sap.m.Input","viewName":"etm.portal.ui.manageyards.view.New","viewId":"application-manageyards-display-component---NewYard","bindingPath":{"path":"","propertyPath":"/SALES_AREA_SPART","modelName":"NewYardModel"},"interaction":{"idSuffix":"inner"}},"clearTextFirst":true,"interactionType":"ENTER_TEXT"}]}
RESULT: {"script":"<script> [776 bytes]","args":[{"enterText":"C2","selector":{"controlType":"sap.m.Input","viewName":"etm.portal.ui.manageyards.view.New","viewId":"application-manageyards-display-component---NewYard","bindingPath":{"path":"","propertyPath":"/SALES_AREA_SPART","modelName":"NewYardModel"},"interaction":{"idSuffix":"inner"}},"clearTextFirst":true,"interactionType":"ENTER_TEXT"}]}
COMMAND: POST /session/00377494c9177dc39dc7c331b478fd1b/execute/async - {"script":"<script> [1562 bytes]","args":[{"selector":{"controlType":"sap.m.Input","viewName":"etm.portal.ui.manageyards.view.New","viewId":"application-manageyards-display-component---NewYard","bindingPath":{"path":"","propertyPath":"/SHIP_POINT","modelName":"NewYardModel"},"interaction":{"idSuffix":"inner"}},"wdio_ui5_key":"etmportal.ui.manageyards.view.Newsap.m.Input{\"path\":\"\",\"propertyPath\":\"/SHIP_POINT\",\"modelName\":\"NewYardModel\"}"}]}
RESULT: {"script":"<script> [1562 bytes]","args":[{"selector":{"controlType":"sap.m.Input","viewName":"etm.portal.ui.manageyards.view.New","viewId":"application-manageyards-display-component---NewYard","bindingPath":{"path":"","propertyPath":"/SHIP_POINT","modelName":"NewYardModel"},"interaction":{"idSuffix":"inner"}},"wdio_ui5_key":"etmportal.ui.manageyards.view.Newsap.m.Input{\"path\":\"\",\"propertyPath\":\"/SHIP_POINT\",\"modelName\":\"NewYardModel\"}"}]}
RESULT: undefined
COMMAND: POST /session/00377494c9177dc39dc7c331b478fd1b/execute/async - {"script":"<script> [776 bytes]","args":[{"enterText":"1710","selector":{"controlType":"sap.m.Input","viewName":"etm.portal.ui.manageyards.view.New","viewId":"application-manageyards-display-component---NewYard","bindingPath":{"path":"","propertyPath":"/SHIP_POINT","modelName":"NewYardModel"},"interaction":{"idSuffix":"inner"}},"clearTextFirst":true,"interactionType":"ENTER_TEXT"}]}
RESULT: {"script":"<script> [776 bytes]","args":[{"enterText":"1710","selector":{"controlType":"sap.m.Input","viewName":"etm.portal.ui.manageyards.view.New","viewId":"application-manageyards-display-component---NewYard","bindingPath":{"path":"","propertyPath":"/SHIP_POINT","modelName":"NewYardModel"},"interaction":{"idSuffix":"inner"}},"clearTextFirst":true,"interactionType":"ENTER_TEXT"}]}
COMMAND: POST /session/00377494c9177dc39dc7c331b478fd1b/execute/async - {"script":"<script> [1562 bytes]","args":[{"selector":{"controlType":"sap.m.Input","viewName":"etm.portal.ui.manageyards.view.New","viewId":"application-manageyards-display-component---NewYard","bindingPath":{"path":"","propertyPath":"/DELIVERY_TYPE","modelName":"NewYardModel"},"interaction":{"idSuffix":"inner"}},"wdio_ui5_key":"etmportal.ui.manageyards.view.Newsap.m.Input{\"path\":\"\",\"propertyPath\":\"/DELIVERY_TYPE\",\"modelName\":\"NewYardModel\"}"}]}
RESULT: {"script":"<script> [1562 bytes]","args":[{"selector":{"controlType":"sap.m.Input","viewName":"etm.portal.ui.manageyards.view.New","viewId":"application-manageyards-display-component---NewYard","bindingPath":{"path":"","propertyPath":"/DELIVERY_TYPE","modelName":"NewYardModel"},"interaction":{"idSuffix":"inner"}},"wdio_ui5_key":"etmportal.ui.manageyards.view.Newsap.m.Input{\"path\":\"\",\"propertyPath\":\"/DELIVERY_TYPE\",\"modelName\":\"NewYardModel\"}"}]}
RESULT: undefined
COMMAND: POST /session/00377494c9177dc39dc7c331b478fd1b/execute/async - {"script":"<script> [776 bytes]","args":[{"enterText":"ZL01","selector":{"controlType":"sap.m.Input","viewName":"etm.portal.ui.manageyards.view.New","viewId":"application-manageyards-display-component---NewYard","bindingPath":{"path":"","propertyPath":"/DELIVERY_TYPE","modelName":"NewYardModel"},"interaction":{"idSuffix":"inner"}},"clearTextFirst":true,"interactionType":"ENTER_TEXT"}]}
RESULT: {"script":"<script> [776 bytes]","args":[{"enterText":"ZL01","selector":{"controlType":"sap.m.Input","viewName":"etm.portal.ui.manageyards.view.New","viewId":"application-manageyards-display-component---NewYard","bindingPath":{"path":"","propertyPath":"/DELIVERY_TYPE","modelName":"NewYardModel"},"interaction":{"idSuffix":"inner"}},"clearTextFirst":true,"interactionType":"ENTER_TEXT"}]}
COMMAND: POST /session/00377494c9177dc39dc7c331b478fd1b/execute/async - {"script":"<script> [1562 bytes]","args":[{"selector":{"controlType":"sap.m.Input","viewName":"etm.portal.ui.manageyards.view.New","viewId":"application-manageyards-display-component---NewYard","bindingPath":{"path":"","propertyPath":"/AUART","modelName":"NewYardModel"},"interaction":{"idSuffix":"inner"}},"wdio_ui5_key":"etmportal.ui.manageyards.view.Newsap.m.Input{\"path\":\"\",\"propertyPath\":\"/AUART\",\"modelName\":\"NewYardModel\"}"}]}
RESULT: {"script":"<script> [1562 bytes]","args":[{"selector":{"controlType":"sap.m.Input","viewName":"etm.portal.ui.manageyards.view.New","viewId":"application-manageyards-display-component---NewYard","bindingPath":{"path":"","propertyPath":"/AUART","modelName":"NewYardModel"},"interaction":{"idSuffix":"inner"}},"wdio_ui5_key":"etmportal.ui.manageyards.view.Newsap.m.Input{\"path\":\"\",\"propertyPath\":\"/AUART\",\"modelName\":\"NewYardModel\"}"}]}
RESULT: undefined
COMMAND: POST /session/00377494c9177dc39dc7c331b478fd1b/execute/async - {"script":"<script> [776 bytes]","args":[{"enterText":"TA","selector":{"controlType":"sap.m.Input","viewName":"etm.portal.ui.manageyards.view.New","viewId":"application-manageyards-display-component---NewYard","bindingPath":{"path":"","propertyPath":"/AUART","modelName":"NewYardModel"},"interaction":{"idSuffix":"inner"}},"clearTextFirst":true,"interactionType":"ENTER_TEXT"}]}
RESULT: {"script":"<script> [776 bytes]","args":[{"enterText":"TA","selector":{"controlType":"sap.m.Input","viewName":"etm.portal.ui.manageyards.view.New","viewId":"application-manageyards-display-component---NewYard","bindingPath":{"path":"","propertyPath":"/AUART","modelName":"NewYardModel"},"interaction":{"idSuffix":"inner"}},"clearTextFirst":true,"interactionType":"ENTER_TEXT"}]}
COMMAND: POST /session/00377494c9177dc39dc7c331b478fd1b/element - {"using":"xpath","value":"//button[@data-kt=\"newYardSaveButton\"]"}
RESULT: {"using":"xpath","value":"//button[@data-kt=\"newYardSaveButton\"]"}
COMMAND: POST /session/00377494c9177dc39dc7c331b478fd1b/element/f.BC6A9895F84C302F47B04B2C9514348C.d.9E7FC38A3D5F747C536D9487DB4DC56D.e.3057/click - {}
RESULT: {}
COMMAND: GET /session/00377494c9177dc39dc7c331b478fd1b/screenshot - {}
RESULT: {}
COMMAND: POST /session/00377494c9177dc39dc7c331b478fd1b/element - {"using":"xpath","value":"//header[contains(@id, 'ObjectPageLayout-headerTitle')]/div[1]/div[2]/div[1]/span[1]"}
RESULT: {"using":"xpath","value":"//header[contains(@id, 'ObjectPageLayout-headerTitle')]/div[1]/div[2]/div[1]/span[1]"}
COMMAND: POST /session/00377494c9177dc39dc7c331b478fd1b/elements - {"using":"xpath","value":"//header[contains(@id, 'ObjectPageLayout-headerTitle')]/div[1]/div[2]/div[1]/span[1]"}
RESULT: {"using":"xpath","value":"//header[contains(@id, 'ObjectPageLayout-headerTitle')]/div[1]/div[2]/div[1]/span[1]"}
COMMAND: POST /session/00377494c9177dc39dc7c331b478fd1b/execute/sync - {"script":"<script> [56 bytes]","args":[{"element-6066-11e4-a52e-4f735466cecf":"f.BC6A9895F84C302F47B04B2C9514348C.d.9E7FC38A3D5F747C536D9487DB4DC56D.e.3381","ELEMENT":"f.BC6A9895F84C302F47B04B2C9514348C.d.9E7FC38A3D5F747C536D9487DB4DC56D.e.3381"}]}
RESULT: {"script":"<script> [56 bytes]","args":[{"element-6066-11e4-a52e-4f735466cecf":"f.BC6A9895F84C302F47B04B2C9514348C.d.9E7FC38A3D5F747C536D9487DB4DC56D.e.3381","ELEMENT":"f.BC6A9895F84C302F47B04B2C9514348C.d.9E7FC38A3D5F747C536D9487DB4DC56D.e.3381"}]}
COMMAND: GET /session/00377494c9177dc39dc7c331b478fd1b/screenshot - {}
RESULT: {}
COMMAND: POST /session/00377494c9177dc39dc7c331b478fd1b/element - {"using":"css selector","value":"#shell-header-logo"}
RESULT: {"using":"css selector","value":"#shell-header-logo"}
COMMAND: POST /session/00377494c9177dc39dc7c331b478fd1b/element/f.BC6A9895F84C302F47B04B2C9514348C.d.9E7FC38A3D5F747C536D9487DB4DC56D.e.2625/click - {}
RESULT: {}
COMMAND: GET /session/00377494c9177dc39dc7c331b478fd1b/screenshot - {}
RESULT: {}
COMMAND: POST /session/00377494c9177dc39dc7c331b478fd1b/execute/sync - {"script":"<script> [299 bytes]","args":[["getModel","getResource"]]}
RESULT: {"script":"<script> [299 bytes]","args":[["getModel","getResource"]]}
]]></system-out>
    </testcase>
    <testcase classname="chrome.136_0_7103_49.windows.Create_partner_US118246" name="Should create new external partner" time="79.858">
      <system-out><![CDATA[
COMMAND: GET /session/00377494c9177dc39dc7c331b478fd1b/screenshot - {}
COMMAND: POST /session/00377494c9177dc39dc7c331b478fd1b/window/fullscreen - {}
RESULT: {}
RESULT: {}
COMMAND: POST /session/00377494c9177dc39dc7c331b478fd1b/execute/async - {"script":"<script> [1562 bytes]","args":[{"selector":{"controlType":"sap.m.GenericTile","properties":{"header":"Manage Partners"}},"wdio_ui5_key":"sapm.GenericTile{\"header\":\"Manage Partners\"}"}]}
RESULT: {"script":"<script> [1562 bytes]","args":[{"selector":{"controlType":"sap.m.GenericTile","properties":{"header":"Manage Partners"}},"wdio_ui5_key":"sapm.GenericTile{\"header\":\"Manage Partners\"}"}]}
RESULT: undefined
COMMAND: POST /session/00377494c9177dc39dc7c331b478fd1b/element - {"using":"xpath","value":"//*[@id=\"__tile38\"]"}
RESULT: {"using":"xpath","value":"//*[@id=\"__tile38\"]"}
COMMAND: POST /session/00377494c9177dc39dc7c331b478fd1b/element/f.BC6A9895F84C302F47B04B2C9514348C.d.9E7FC38A3D5F747C536D9487DB4DC56D.e.2521/click - {}
RESULT: {}
COMMAND: POST /session/00377494c9177dc39dc7c331b478fd1b/element - {"using":"xpath","value":"//button[@data-kt=\"addButton\"]"}
COMMAND: GET /session/00377494c9177dc39dc7c331b478fd1b/screenshot - {}
RESULT: {"using":"xpath","value":"//button[@data-kt=\"addButton\"]"}
COMMAND: POST /session/00377494c9177dc39dc7c331b478fd1b/elements - {"using":"xpath","value":"//button[@data-kt=\"addButton\"]"}
RESULT: {}
RESULT: {"using":"xpath","value":"//button[@data-kt=\"addButton\"]"}
COMMAND: POST /session/00377494c9177dc39dc7c331b478fd1b/elements - {"using":"xpath","value":"//button[@data-kt=\"addButton\"]"}
RESULT: {"using":"xpath","value":"//button[@data-kt=\"addButton\"]"}
COMMAND: POST /session/00377494c9177dc39dc7c331b478fd1b/elements - {"using":"xpath","value":"//button[@data-kt=\"addButton\"]"}
RESULT: {"using":"xpath","value":"//button[@data-kt=\"addButton\"]"}
COMMAND: POST /session/00377494c9177dc39dc7c331b478fd1b/elements - {"using":"xpath","value":"//button[@data-kt=\"addButton\"]"}
RESULT: {"using":"xpath","value":"//button[@data-kt=\"addButton\"]"}
COMMAND: POST /session/00377494c9177dc39dc7c331b478fd1b/elements - {"using":"xpath","value":"//button[@data-kt=\"addButton\"]"}
RESULT: {"using":"xpath","value":"//button[@data-kt=\"addButton\"]"}
COMMAND: POST /session/00377494c9177dc39dc7c331b478fd1b/elements - {"using":"xpath","value":"//button[@data-kt=\"addButton\"]"}
RESULT: {"using":"xpath","value":"//button[@data-kt=\"addButton\"]"}
COMMAND: POST /session/00377494c9177dc39dc7c331b478fd1b/elements - {"using":"xpath","value":"//button[@data-kt=\"addButton\"]"}
RESULT: {"using":"xpath","value":"//button[@data-kt=\"addButton\"]"}
COMMAND: POST /session/00377494c9177dc39dc7c331b478fd1b/elements - {"using":"xpath","value":"//button[@data-kt=\"addButton\"]"}
RESULT: {"using":"xpath","value":"//button[@data-kt=\"addButton\"]"}
COMMAND: POST /session/00377494c9177dc39dc7c331b478fd1b/elements - {"using":"xpath","value":"//button[@data-kt=\"addButton\"]"}
RESULT: {"using":"xpath","value":"//button[@data-kt=\"addButton\"]"}
COMMAND: POST /session/00377494c9177dc39dc7c331b478fd1b/elements - {"using":"xpath","value":"//button[@data-kt=\"addButton\"]"}
RESULT: {"using":"xpath","value":"//button[@data-kt=\"addButton\"]"}
COMMAND: POST /session/00377494c9177dc39dc7c331b478fd1b/elements - {"using":"xpath","value":"//button[@data-kt=\"addButton\"]"}
RESULT: {"using":"xpath","value":"//button[@data-kt=\"addButton\"]"}
COMMAND: POST /session/00377494c9177dc39dc7c331b478fd1b/elements - {"using":"xpath","value":"//button[@data-kt=\"addButton\"]"}
RESULT: {"using":"xpath","value":"//button[@data-kt=\"addButton\"]"}
COMMAND: POST /session/00377494c9177dc39dc7c331b478fd1b/elements - {"using":"xpath","value":"//button[@data-kt=\"addButton\"]"}
RESULT: {"using":"xpath","value":"//button[@data-kt=\"addButton\"]"}
COMMAND: POST /session/00377494c9177dc39dc7c331b478fd1b/elements - {"using":"xpath","value":"//button[@data-kt=\"addButton\"]"}
RESULT: {"using":"xpath","value":"//button[@data-kt=\"addButton\"]"}
COMMAND: POST /session/00377494c9177dc39dc7c331b478fd1b/elements - {"using":"xpath","value":"//button[@data-kt=\"addButton\"]"}
RESULT: {"using":"xpath","value":"//button[@data-kt=\"addButton\"]"}
COMMAND: POST /session/00377494c9177dc39dc7c331b478fd1b/elements - {"using":"xpath","value":"//button[@data-kt=\"addButton\"]"}
RESULT: {"using":"xpath","value":"//button[@data-kt=\"addButton\"]"}
COMMAND: POST /session/00377494c9177dc39dc7c331b478fd1b/elements - {"using":"xpath","value":"//button[@data-kt=\"addButton\"]"}
RESULT: {"using":"xpath","value":"//button[@data-kt=\"addButton\"]"}
COMMAND: POST /session/00377494c9177dc39dc7c331b478fd1b/elements - {"using":"xpath","value":"//button[@data-kt=\"addButton\"]"}
RESULT: {"using":"xpath","value":"//button[@data-kt=\"addButton\"]"}
COMMAND: POST /session/00377494c9177dc39dc7c331b478fd1b/element - {"using":"xpath","value":"//button[@data-kt=\"addButton\"]"}
RESULT: {"using":"xpath","value":"//button[@data-kt=\"addButton\"]"}
COMMAND: POST /session/00377494c9177dc39dc7c331b478fd1b/execute/sync - {"script":"<script> [8489 bytes]","args":[{"element-6066-11e4-a52e-4f735466cecf":"f.BC6A9895F84C302F47B04B2C9514348C.d.9E7FC38A3D5F747C536D9487DB4DC56D.e.3419","ELEMENT":"f.BC6A9895F84C302F47B04B2C9514348C.d.9E7FC38A3D5F747C536D9487DB4DC56D.e.3419"}]}
RESULT: {"script":"<script> [8489 bytes]","args":[{"element-6066-11e4-a52e-4f735466cecf":"f.BC6A9895F84C302F47B04B2C9514348C.d.9E7FC38A3D5F747C536D9487DB4DC56D.e.3419","ELEMENT":"f.BC6A9895F84C302F47B04B2C9514348C.d.9E7FC38A3D5F747C536D9487DB4DC56D.e.3419"}]}
COMMAND: GET /session/00377494c9177dc39dc7c331b478fd1b/element/f.BC6A9895F84C302F47B04B2C9514348C.d.9E7FC38A3D5F747C536D9487DB4DC56D.e.3419/enabled - {}
COMMAND: GET /session/00377494c9177dc39dc7c331b478fd1b/screenshot - {}
RESULT: {}
COMMAND: POST /session/00377494c9177dc39dc7c331b478fd1b/execute/sync - {"script":"<script> [8489 bytes]","args":[{"element-6066-11e4-a52e-4f735466cecf":"f.BC6A9895F84C302F47B04B2C9514348C.d.9E7FC38A3D5F747C536D9487DB4DC56D.e.3419","ELEMENT":"f.BC6A9895F84C302F47B04B2C9514348C.d.9E7FC38A3D5F747C536D9487DB4DC56D.e.3419"}]}
COMMAND: GET /session/00377494c9177dc39dc7c331b478fd1b/screenshot - {}
RESULT: {}
RESULT: {"script":"<script> [8489 bytes]","args":[{"element-6066-11e4-a52e-4f735466cecf":"f.BC6A9895F84C302F47B04B2C9514348C.d.9E7FC38A3D5F747C536D9487DB4DC56D.e.3419","ELEMENT":"f.BC6A9895F84C302F47B04B2C9514348C.d.9E7FC38A3D5F747C536D9487DB4DC56D.e.3419"}]}
COMMAND: POST /session/00377494c9177dc39dc7c331b478fd1b/execute/sync - {"script":"<script> [5351 bytes]","args":[{"element-6066-11e4-a52e-4f735466cecf":"f.BC6A9895F84C302F47B04B2C9514348C.d.9E7FC38A3D5F747C536D9487DB4DC56D.e.3419","ELEMENT":"f.BC6A9895F84C302F47B04B2C9514348C.d.9E7FC38A3D5F747C536D9487DB4DC56D.e.3419"}]}
COMMAND: GET /session/00377494c9177dc39dc7c331b478fd1b/screenshot - {}
RESULT: {}
RESULT: {"script":"<script> [5351 bytes]","args":[{"element-6066-11e4-a52e-4f735466cecf":"f.BC6A9895F84C302F47B04B2C9514348C.d.9E7FC38A3D5F747C536D9487DB4DC56D.e.3419","ELEMENT":"f.BC6A9895F84C302F47B04B2C9514348C.d.9E7FC38A3D5F747C536D9487DB4DC56D.e.3419"}]}
COMMAND: POST /session/00377494c9177dc39dc7c331b478fd1b/element/f.BC6A9895F84C302F47B04B2C9514348C.d.9E7FC38A3D5F747C536D9487DB4DC56D.e.3419/click - {}
COMMAND: GET /session/00377494c9177dc39dc7c331b478fd1b/screenshot - {}
RESULT: {}
RESULT: {}
COMMAND: GET /session/00377494c9177dc39dc7c331b478fd1b/screenshot - {}
COMMAND: POST /session/00377494c9177dc39dc7c331b478fd1b/execute/async - {"script":"<script> [1562 bytes]","args":[{"selector":{"id":"application-managepartners-display-component---NewPartner--addressDetailDetailsName1","interaction":{"idSuffix":"inner"}},"wdio_ui5_key":"applicationmanagepartners-display-component---NewPartner--addressDetailDetailsName1"}]}
RESULT: {}
RESULT: {}
RESULT: {"script":"<script> [1562 bytes]","args":[{"selector":{"id":"application-managepartners-display-component---NewPartner--addressDetailDetailsName1","interaction":{"idSuffix":"inner"}},"wdio_ui5_key":"applicationmanagepartners-display-component---NewPartner--addressDetailDetailsName1"}]}
RESULT: undefined
COMMAND: POST /session/00377494c9177dc39dc7c331b478fd1b/execute/async - {"script":"<script> [776 bytes]","args":[{"enterText":"External Partner WDIO","selector":{"id":"application-managepartners-display-component---NewPartner--addressDetailDetailsName1","interaction":{"idSuffix":"inner"}},"clearTextFirst":true,"interactionType":"ENTER_TEXT"}]}
RESULT: {"script":"<script> [776 bytes]","args":[{"enterText":"External Partner WDIO","selector":{"id":"application-managepartners-display-component---NewPartner--addressDetailDetailsName1","interaction":{"idSuffix":"inner"}},"clearTextFirst":true,"interactionType":"ENTER_TEXT"}]}
COMMAND: POST /session/00377494c9177dc39dc7c331b478fd1b/execute/async - {"script":"<script> [1562 bytes]","args":[{"selector":{"id":"application-managepartners-display-component---NewPartner--addressDetailDetailsLanguage-arrow"},"wdio_ui5_key":"applicationmanagepartners-display-component---NewPartner--addressDetailDetailsLanguage-arrow"}]}
RESULT: {"script":"<script> [1562 bytes]","args":[{"selector":{"id":"application-managepartners-display-component---NewPartner--addressDetailDetailsLanguage-arrow"},"wdio_ui5_key":"applicationmanagepartners-display-component---NewPartner--addressDetailDetailsLanguage-arrow"}]}
RESULT: undefined
COMMAND: POST /session/00377494c9177dc39dc7c331b478fd1b/element - {"using":"xpath","value":"//*[@id=\"application-managepartners-display-component---NewPartner--addressDetailDetailsLanguage-arrow\"]"}
RESULT: {"using":"xpath","value":"//*[@id=\"application-managepartners-display-component---NewPartner--addressDetailDetailsLanguage-arrow\"]"}
COMMAND: POST /session/00377494c9177dc39dc7c331b478fd1b/element/f.BC6A9895F84C302F47B04B2C9514348C.d.9E7FC38A3D5F747C536D9487DB4DC56D.e.3873/click - {}
RESULT: {}
COMMAND: POST /session/00377494c9177dc39dc7c331b478fd1b/element - {"using":"xpath","value":"//span[contains(text(), \"English\")]"}
COMMAND: GET /session/00377494c9177dc39dc7c331b478fd1b/screenshot - {}
RESULT: {"using":"xpath","value":"//span[contains(text(), \"English\")]"}
COMMAND: POST /session/00377494c9177dc39dc7c331b478fd1b/element/f.BC6A9895F84C302F47B04B2C9514348C.d.9E7FC38A3D5F747C536D9487DB4DC56D.e.3874/click - {}
RESULT: {}
RESULT: {}
COMMAND: GET /session/00377494c9177dc39dc7c331b478fd1b/screenshot - {}
RESULT: {}
COMMAND: POST /session/00377494c9177dc39dc7c331b478fd1b/execute/async - {"script":"<script> [1562 bytes]","args":[{"selector":{"id":"application-managepartners-display-component---NewPartner--addressDetailDetailsCity1","interaction":{"idSuffix":"inner"}},"wdio_ui5_key":"applicationmanagepartners-display-component---NewPartner--addressDetailDetailsCity1"}]}
RESULT: {"script":"<script> [1562 bytes]","args":[{"selector":{"id":"application-managepartners-display-component---NewPartner--addressDetailDetailsCity1","interaction":{"idSuffix":"inner"}},"wdio_ui5_key":"applicationmanagepartners-display-component---NewPartner--addressDetailDetailsCity1"}]}
RESULT: undefined
COMMAND: POST /session/00377494c9177dc39dc7c331b478fd1b/execute/async - {"script":"<script> [776 bytes]","args":[{"enterText":"Rosario","selector":{"id":"application-managepartners-display-component---NewPartner--addressDetailDetailsCity1","interaction":{"idSuffix":"inner"}},"clearTextFirst":true,"interactionType":"ENTER_TEXT"}]}
RESULT: {"script":"<script> [776 bytes]","args":[{"enterText":"Rosario","selector":{"id":"application-managepartners-display-component---NewPartner--addressDetailDetailsCity1","interaction":{"idSuffix":"inner"}},"clearTextFirst":true,"interactionType":"ENTER_TEXT"}]}
COMMAND: POST /session/00377494c9177dc39dc7c331b478fd1b/execute/async - {"script":"<script> [1562 bytes]","args":[{"selector":{"id":"application-managepartners-display-component---NewPartner--addressDetailDetailsCountry-arrow"},"wdio_ui5_key":"applicationmanagepartners-display-component---NewPartner--addressDetailDetailsCountry-arrow"}]}
RESULT: {"script":"<script> [1562 bytes]","args":[{"selector":{"id":"application-managepartners-display-component---NewPartner--addressDetailDetailsCountry-arrow"},"wdio_ui5_key":"applicationmanagepartners-display-component---NewPartner--addressDetailDetailsCountry-arrow"}]}
RESULT: undefined
COMMAND: POST /session/00377494c9177dc39dc7c331b478fd1b/element - {"using":"xpath","value":"//*[@id=\"application-managepartners-display-component---NewPartner--addressDetailDetailsCountry-arrow\"]"}
RESULT: {"using":"xpath","value":"//*[@id=\"application-managepartners-display-component---NewPartner--addressDetailDetailsCountry-arrow\"]"}
COMMAND: POST /session/00377494c9177dc39dc7c331b478fd1b/element/f.BC6A9895F84C302F47B04B2C9514348C.d.9E7FC38A3D5F747C536D9487DB4DC56D.e.3860/click - {}
RESULT: {}
COMMAND: POST /session/00377494c9177dc39dc7c331b478fd1b/element - {"using":"xpath","value":"//span[contains(text(), \"Argentina\")]"}
COMMAND: GET /session/00377494c9177dc39dc7c331b478fd1b/screenshot - {}
RESULT: {"using":"xpath","value":"//span[contains(text(), \"Argentina\")]"}
COMMAND: POST /session/00377494c9177dc39dc7c331b478fd1b/element/f.BC6A9895F84C302F47B04B2C9514348C.d.9E7FC38A3D5F747C536D9487DB4DC56D.e.3876/click - {}
RESULT: {}
RESULT: {}
COMMAND: GET /session/00377494c9177dc39dc7c331b478fd1b/screenshot - {}
RESULT: {}
COMMAND: POST /session/00377494c9177dc39dc7c331b478fd1b/element - {"using":"xpath","value":"//bdi[contains(text(), \"Commercial\")]"}
RESULT: {"using":"xpath","value":"//bdi[contains(text(), \"Commercial\")]"}
COMMAND: POST /session/00377494c9177dc39dc7c331b478fd1b/element/f.BC6A9895F84C302F47B04B2C9514348C.d.9E7FC38A3D5F747C536D9487DB4DC56D.e.3877/click - {}
RESULT: {}
COMMAND: GET /session/00377494c9177dc39dc7c331b478fd1b/screenshot - {}
RESULT: {}
COMMAND: POST /session/00377494c9177dc39dc7c331b478fd1b/execute/async - {"script":"<script> [1562 bytes]","args":[{"selector":{"id":"application-managepartners-display-component---NewPartner--partnerDetailInternal-arrow"},"wdio_ui5_key":"applicationmanagepartners-display-component---NewPartner--partnerDetailInternal-arrow"}]}
RESULT: {"script":"<script> [1562 bytes]","args":[{"selector":{"id":"application-managepartners-display-component---NewPartner--partnerDetailInternal-arrow"},"wdio_ui5_key":"applicationmanagepartners-display-component---NewPartner--partnerDetailInternal-arrow"}]}
RESULT: undefined
COMMAND: POST /session/00377494c9177dc39dc7c331b478fd1b/element - {"using":"xpath","value":"//*[@id=\"application-managepartners-display-component---NewPartner--partnerDetailInternal-arrow\"]"}
RESULT: {"using":"xpath","value":"//*[@id=\"application-managepartners-display-component---NewPartner--partnerDetailInternal-arrow\"]"}
COMMAND: POST /session/00377494c9177dc39dc7c331b478fd1b/element/f.BC6A9895F84C302F47B04B2C9514348C.d.9E7FC38A3D5F747C536D9487DB4DC56D.e.3883/click - {}
RESULT: {}
COMMAND: POST /session/00377494c9177dc39dc7c331b478fd1b/element - {"using":"xpath","value":"//span[contains(text(), \"External partner\")]"}
COMMAND: GET /session/00377494c9177dc39dc7c331b478fd1b/screenshot - {}
RESULT: {"using":"xpath","value":"//span[contains(text(), \"External partner\")]"}
COMMAND: POST /session/00377494c9177dc39dc7c331b478fd1b/element/f.BC6A9895F84C302F47B04B2C9514348C.d.9E7FC38A3D5F747C536D9487DB4DC56D.e.3884/click - {}
RESULT: {}
RESULT: {}
COMMAND: POST /session/00377494c9177dc39dc7c331b478fd1b/execute/async - {"script":"<script> [1562 bytes]","args":[{"selector":{"id":"application-managepartners-display-component---NewPartner--partnerDetailsCurrency-arrow"},"wdio_ui5_key":"applicationmanagepartners-display-component---NewPartner--partnerDetailsCurrency-arrow"}]}
COMMAND: GET /session/00377494c9177dc39dc7c331b478fd1b/screenshot - {}
RESULT: {"script":"<script> [1562 bytes]","args":[{"selector":{"id":"application-managepartners-display-component---NewPartner--partnerDetailsCurrency-arrow"},"wdio_ui5_key":"applicationmanagepartners-display-component---NewPartner--partnerDetailsCurrency-arrow"}]}
RESULT: undefined
COMMAND: POST /session/00377494c9177dc39dc7c331b478fd1b/element - {"using":"xpath","value":"//*[@id=\"application-managepartners-display-component---NewPartner--partnerDetailsCurrency-arrow\"]"}
RESULT: {}
RESULT: {"using":"xpath","value":"//*[@id=\"application-managepartners-display-component---NewPartner--partnerDetailsCurrency-arrow\"]"}
COMMAND: POST /session/00377494c9177dc39dc7c331b478fd1b/element/f.BC6A9895F84C302F47B04B2C9514348C.d.9E7FC38A3D5F747C536D9487DB4DC56D.e.3889/click - {}
RESULT: {}
COMMAND: POST /session/00377494c9177dc39dc7c331b478fd1b/element - {"using":"xpath","value":"//span[contains(text(), \"US Dollar\")]"}
COMMAND: GET /session/00377494c9177dc39dc7c331b478fd1b/screenshot - {}
RESULT: {"using":"xpath","value":"//span[contains(text(), \"US Dollar\")]"}
COMMAND: POST /session/00377494c9177dc39dc7c331b478fd1b/element/f.BC6A9895F84C302F47B04B2C9514348C.d.9E7FC38A3D5F747C536D9487DB4DC56D.e.3890/click - {}
RESULT: {}
RESULT: {}
COMMAND: GET /session/00377494c9177dc39dc7c331b478fd1b/screenshot - {}
RESULT: {}
COMMAND: POST /session/00377494c9177dc39dc7c331b478fd1b/element - {"using":"xpath","value":"//input[@id=\"application-managepartners-display-component---NewPartner--companyCodeComboBox-inner\"]"}
RESULT: {"using":"xpath","value":"//input[@id=\"application-managepartners-display-component---NewPartner--companyCodeComboBox-inner\"]"}
COMMAND: POST /session/00377494c9177dc39dc7c331b478fd1b/element/f.BC6A9895F84C302F47B04B2C9514348C.d.9E7FC38A3D5F747C536D9487DB4DC56D.e.3739/clear - {}
RESULT: {}
COMMAND: POST /session/00377494c9177dc39dc7c331b478fd1b/element/f.BC6A9895F84C302F47B04B2C9514348C.d.9E7FC38A3D5F747C536D9487DB4DC56D.e.3739/value - {"text":"C002"}
COMMAND: GET /session/00377494c9177dc39dc7c331b478fd1b/screenshot - {}
RESULT: {"text":"C002"}
COMMAND: GET /session/00377494c9177dc39dc7c331b478fd1b/screenshot - {}
RESULT: {}
RESULT: {}
COMMAND: POST /session/00377494c9177dc39dc7c331b478fd1b/element - {"using":"xpath","value":"//li[.//span[text()= \"C002\"]]"}
RESULT: {"using":"xpath","value":"//li[.//span[text()= \"C002\"]]"}
COMMAND: POST /session/00377494c9177dc39dc7c331b478fd1b/element/f.BC6A9895F84C302F47B04B2C9514348C.d.9E7FC38A3D5F747C536D9487DB4DC56D.e.3894/click - {}
RESULT: {}
COMMAND: GET /session/00377494c9177dc39dc7c331b478fd1b/screenshot - {}
RESULT: {}
COMMAND: POST /session/00377494c9177dc39dc7c331b478fd1b/execute/async - {"script":"<script> [1562 bytes]","args":[{"selector":{"id":"application-managepartners-display-component---NewPartner--btnAddTableRow-img"},"wdio_ui5_key":"applicationmanagepartners-display-component---NewPartner--btnAddTableRow-img"}]}
RESULT: {"script":"<script> [1562 bytes]","args":[{"selector":{"id":"application-managepartners-display-component---NewPartner--btnAddTableRow-img"},"wdio_ui5_key":"applicationmanagepartners-display-component---NewPartner--btnAddTableRow-img"}]}
RESULT: undefined
COMMAND: POST /session/00377494c9177dc39dc7c331b478fd1b/element - {"using":"xpath","value":"//*[@id=\"application-managepartners-display-component---NewPartner--btnAddTableRow-img\"]"}
RESULT: {"using":"xpath","value":"//*[@id=\"application-managepartners-display-component---NewPartner--btnAddTableRow-img\"]"}
COMMAND: POST /session/00377494c9177dc39dc7c331b478fd1b/element/f.BC6A9895F84C302F47B04B2C9514348C.d.9E7FC38A3D5F747C536D9487DB4DC56D.e.3895/click - {}
RESULT: {}
COMMAND: GET /session/00377494c9177dc39dc7c331b478fd1b/screenshot - {}
RESULT: {}
COMMAND: POST /session/00377494c9177dc39dc7c331b478fd1b/element - {"using":"xpath","value":"//input[@id=\"application-managepartners-display-component---NewPartner--assignmentYard-application-managepartners-display-component---NewPartner--assignmentsTable-0-inner\"]"}
RESULT: {"using":"xpath","value":"//input[@id=\"application-managepartners-display-component---NewPartner--assignmentYard-application-managepartners-display-component---NewPartner--assignmentsTable-0-inner\"]"}
COMMAND: POST /session/00377494c9177dc39dc7c331b478fd1b/element/f.BC6A9895F84C302F47B04B2C9514348C.d.9E7FC38A3D5F747C536D9487DB4DC56D.e.3898/clear - {}
RESULT: {}
COMMAND: POST /session/00377494c9177dc39dc7c331b478fd1b/element/f.BC6A9895F84C302F47B04B2C9514348C.d.9E7FC38A3D5F747C536D9487DB4DC56D.e.3898/value - {"text":"305"}
COMMAND: GET /session/00377494c9177dc39dc7c331b478fd1b/screenshot - {}
RESULT: {"text":"305"}
COMMAND: GET /session/00377494c9177dc39dc7c331b478fd1b/screenshot - {}
RESULT: {}
RESULT: {}
COMMAND: POST /session/00377494c9177dc39dc7c331b478fd1b/element - {"using":"xpath","value":"//li[.//span[text()='305']]"}
RESULT: {"using":"xpath","value":"//li[.//span[text()='305']]"}
COMMAND: POST /session/00377494c9177dc39dc7c331b478fd1b/element/f.BC6A9895F84C302F47B04B2C9514348C.d.9E7FC38A3D5F747C536D9487DB4DC56D.e.3906/click - {}
RESULT: {}
COMMAND: GET /session/00377494c9177dc39dc7c331b478fd1b/screenshot - {}
RESULT: {}
COMMAND: POST /session/00377494c9177dc39dc7c331b478fd1b/actions - {"actions":[{"id":"action7","type":"key","parameters":{},"actions":[{"type":"keyDown","value":"î€‡"},{"type":"pause","duration":10},{"type":"keyUp","value":"î€‡"}]}]}
RESULT: {"actions":[{"id":"action7","type":"key","parameters":{},"actions":[{"type":"keyDown","value":"î€‡"},{"type":"pause","duration":10},{"type":"keyUp","value":"î€‡"}]}]}
COMMAND: POST /session/00377494c9177dc39dc7c331b478fd1b/element - {"using":"xpath","value":"//td[contains(@id, \"assignmentsTable-0-cell2\")]/div/div"}
COMMAND: GET /session/00377494c9177dc39dc7c331b478fd1b/screenshot - {}
RESULT: {"using":"xpath","value":"//td[contains(@id, \"assignmentsTable-0-cell2\")]/div/div"}
COMMAND: POST /session/00377494c9177dc39dc7c331b478fd1b/element/f.BC6A9895F84C302F47B04B2C9514348C.d.9E7FC38A3D5F747C536D9487DB4DC56D.e.3909/click - {}
RESULT: {}
RESULT: {}
COMMAND: GET /session/00377494c9177dc39dc7c331b478fd1b/screenshot - {}
RESULT: {}
COMMAND: POST /session/00377494c9177dc39dc7c331b478fd1b/element - {"using":"xpath","value":"//button[@data-kt=\"saveButton\"]"}
RESULT: {"using":"xpath","value":"//button[@data-kt=\"saveButton\"]"}
COMMAND: POST /session/00377494c9177dc39dc7c331b478fd1b/element/f.BC6A9895F84C302F47B04B2C9514348C.d.9E7FC38A3D5F747C536D9487DB4DC56D.e.3808/click - {}
RESULT: {}
COMMAND: GET /session/00377494c9177dc39dc7c331b478fd1b/screenshot - {}
RESULT: {}
COMMAND: POST /session/00377494c9177dc39dc7c331b478fd1b/element - {"using":"xpath","value":"//header[contains(@id, 'ObjectPageLayout-headerTitle')]/div[1]/div[2]/div[2]/span[1]"}
RESULT: {"using":"xpath","value":"//header[contains(@id, 'ObjectPageLayout-headerTitle')]/div[1]/div[2]/div[2]/span[1]"}
COMMAND: POST /session/00377494c9177dc39dc7c331b478fd1b/elements - {"using":"xpath","value":"//header[contains(@id, 'ObjectPageLayout-headerTitle')]/div[1]/div[2]/div[2]/span[1]"}
RESULT: {"using":"xpath","value":"//header[contains(@id, 'ObjectPageLayout-headerTitle')]/div[1]/div[2]/div[2]/span[1]"}
COMMAND: POST /session/00377494c9177dc39dc7c331b478fd1b/execute/sync - {"script":"<script> [56 bytes]","args":[{"element-6066-11e4-a52e-4f735466cecf":"f.BC6A9895F84C302F47B04B2C9514348C.d.9E7FC38A3D5F747C536D9487DB4DC56D.e.4072","ELEMENT":"f.BC6A9895F84C302F47B04B2C9514348C.d.9E7FC38A3D5F747C536D9487DB4DC56D.e.4072"}]}
RESULT: {"script":"<script> [56 bytes]","args":[{"element-6066-11e4-a52e-4f735466cecf":"f.BC6A9895F84C302F47B04B2C9514348C.d.9E7FC38A3D5F747C536D9487DB4DC56D.e.4072","ELEMENT":"f.BC6A9895F84C302F47B04B2C9514348C.d.9E7FC38A3D5F747C536D9487DB4DC56D.e.4072"}]}
COMMAND: POST /session/00377494c9177dc39dc7c331b478fd1b/element - {"using":"css selector","value":"#shell-header-logo"}
COMMAND: GET /session/00377494c9177dc39dc7c331b478fd1b/screenshot - {}
RESULT: {"using":"css selector","value":"#shell-header-logo"}
COMMAND: POST /session/00377494c9177dc39dc7c331b478fd1b/element/f.BC6A9895F84C302F47B04B2C9514348C.d.9E7FC38A3D5F747C536D9487DB4DC56D.e.3386/click - {}
RESULT: {}
RESULT: {}
COMMAND: GET /session/00377494c9177dc39dc7c331b478fd1b/screenshot - {}
RESULT: {}
COMMAND: POST /session/00377494c9177dc39dc7c331b478fd1b/execute/sync - {"script":"<script> [299 bytes]","args":[["getModel","getResource"]]}
RESULT: {"script":"<script> [299 bytes]","args":[["getModel","getResource"]]}
COMMAND: GET /session/00377494c9177dc39dc7c331b478fd1b/screenshot - {}
]]></system-out>
    </testcase>
    <testcase classname="chrome.136_0_7103_49.windows.Create_partner_US118246" name="Should create a new yard in case create yard failed" time="0.005" />
    <testcase classname="chrome.136_0_7103_49.windows.Create_partner_US118246" name="Should create new external WHM partner" time="73.014">
      <system-out><![CDATA[
COMMAND: POST /session/00377494c9177dc39dc7c331b478fd1b/window/fullscreen - {}
RESULT: {}
RESULT: {}
RESULT: undefined
COMMAND: POST /session/00377494c9177dc39dc7c331b478fd1b/element - {"using":"xpath","value":"//*[@id=\"__tile38\"]"}
RESULT: {"using":"xpath","value":"//*[@id=\"__tile38\"]"}
COMMAND: POST /session/00377494c9177dc39dc7c331b478fd1b/element/f.BC6A9895F84C302F47B04B2C9514348C.d.9E7FC38A3D5F747C536D9487DB4DC56D.e.2521/click - {}
RESULT: {}
COMMAND: POST /session/00377494c9177dc39dc7c331b478fd1b/element - {"using":"xpath","value":"//button[@data-kt=\"addButton\"]"}
COMMAND: GET /session/00377494c9177dc39dc7c331b478fd1b/screenshot - {}
RESULT: {"using":"xpath","value":"//button[@data-kt=\"addButton\"]"}
COMMAND: POST /session/00377494c9177dc39dc7c331b478fd1b/elements - {"using":"xpath","value":"//button[@data-kt=\"addButton\"]"}
RESULT: {}
RESULT: {"using":"xpath","value":"//button[@data-kt=\"addButton\"]"}
COMMAND: POST /session/00377494c9177dc39dc7c331b478fd1b/elements - {"using":"xpath","value":"//button[@data-kt=\"addButton\"]"}
RESULT: {"using":"xpath","value":"//button[@data-kt=\"addButton\"]"}
COMMAND: POST /session/00377494c9177dc39dc7c331b478fd1b/elements - {"using":"xpath","value":"//button[@data-kt=\"addButton\"]"}
RESULT: {"using":"xpath","value":"//button[@data-kt=\"addButton\"]"}
COMMAND: POST /session/00377494c9177dc39dc7c331b478fd1b/elements - {"using":"xpath","value":"//button[@data-kt=\"addButton\"]"}
RESULT: {"using":"xpath","value":"//button[@data-kt=\"addButton\"]"}
COMMAND: POST /session/00377494c9177dc39dc7c331b478fd1b/element - {"using":"xpath","value":"//button[@data-kt=\"addButton\"]"}
RESULT: {"using":"xpath","value":"//button[@data-kt=\"addButton\"]"}
COMMAND: POST /session/00377494c9177dc39dc7c331b478fd1b/execute/sync - {"script":"<script> [8489 bytes]","args":[{"element-6066-11e4-a52e-4f735466cecf":"f.BC6A9895F84C302F47B04B2C9514348C.d.9E7FC38A3D5F747C536D9487DB4DC56D.e.4108","ELEMENT":"f.BC6A9895F84C302F47B04B2C9514348C.d.9E7FC38A3D5F747C536D9487DB4DC56D.e.4108"}]}
RESULT: {"script":"<script> [8489 bytes]","args":[{"element-6066-11e4-a52e-4f735466cecf":"f.BC6A9895F84C302F47B04B2C9514348C.d.9E7FC38A3D5F747C536D9487DB4DC56D.e.4108","ELEMENT":"f.BC6A9895F84C302F47B04B2C9514348C.d.9E7FC38A3D5F747C536D9487DB4DC56D.e.4108"}]}
COMMAND: GET /session/00377494c9177dc39dc7c331b478fd1b/element/f.BC6A9895F84C302F47B04B2C9514348C.d.9E7FC38A3D5F747C536D9487DB4DC56D.e.4108/enabled - {}
COMMAND: GET /session/00377494c9177dc39dc7c331b478fd1b/screenshot - {}
RESULT: {}
RESULT: {}
COMMAND: POST /session/00377494c9177dc39dc7c331b478fd1b/execute/sync - {"script":"<script> [8489 bytes]","args":[{"element-6066-11e4-a52e-4f735466cecf":"f.BC6A9895F84C302F47B04B2C9514348C.d.9E7FC38A3D5F747C536D9487DB4DC56D.e.4108","ELEMENT":"f.BC6A9895F84C302F47B04B2C9514348C.d.9E7FC38A3D5F747C536D9487DB4DC56D.e.4108"}]}
COMMAND: GET /session/00377494c9177dc39dc7c331b478fd1b/screenshot - {}
RESULT: {"script":"<script> [8489 bytes]","args":[{"element-6066-11e4-a52e-4f735466cecf":"f.BC6A9895F84C302F47B04B2C9514348C.d.9E7FC38A3D5F747C536D9487DB4DC56D.e.4108","ELEMENT":"f.BC6A9895F84C302F47B04B2C9514348C.d.9E7FC38A3D5F747C536D9487DB4DC56D.e.4108"}]}
COMMAND: POST /session/00377494c9177dc39dc7c331b478fd1b/execute/sync - {"script":"<script> [5351 bytes]","args":[{"element-6066-11e4-a52e-4f735466cecf":"f.BC6A9895F84C302F47B04B2C9514348C.d.9E7FC38A3D5F747C536D9487DB4DC56D.e.4108","ELEMENT":"f.BC6A9895F84C302F47B04B2C9514348C.d.9E7FC38A3D5F747C536D9487DB4DC56D.e.4108"}]}
COMMAND: GET /session/00377494c9177dc39dc7c331b478fd1b/screenshot - {}
RESULT: {}
RESULT: {"script":"<script> [5351 bytes]","args":[{"element-6066-11e4-a52e-4f735466cecf":"f.BC6A9895F84C302F47B04B2C9514348C.d.9E7FC38A3D5F747C536D9487DB4DC56D.e.4108","ELEMENT":"f.BC6A9895F84C302F47B04B2C9514348C.d.9E7FC38A3D5F747C536D9487DB4DC56D.e.4108"}]}
COMMAND: POST /session/00377494c9177dc39dc7c331b478fd1b/element/f.BC6A9895F84C302F47B04B2C9514348C.d.9E7FC38A3D5F747C536D9487DB4DC56D.e.4108/click - {}
COMMAND: GET /session/00377494c9177dc39dc7c331b478fd1b/screenshot - {}
RESULT: {}
RESULT: {}
COMMAND: GET /session/00377494c9177dc39dc7c331b478fd1b/screenshot - {}
RESULT: undefined
COMMAND: POST /session/00377494c9177dc39dc7c331b478fd1b/execute/async - {"script":"<script> [776 bytes]","args":[{"enterText":"External Partner WDIO","selector":{"id":"application-managepartners-display-component---NewPartner--addressDetailDetailsName1","interaction":{"idSuffix":"inner"}},"clearTextFirst":true,"interactionType":"ENTER_TEXT"}]}
RESULT: {}
RESULT: {}
RESULT: {"script":"<script> [776 bytes]","args":[{"enterText":"External Partner WDIO","selector":{"id":"application-managepartners-display-component---NewPartner--addressDetailDetailsName1","interaction":{"idSuffix":"inner"}},"clearTextFirst":true,"interactionType":"ENTER_TEXT"}]}
RESULT: undefined
COMMAND: POST /session/00377494c9177dc39dc7c331b478fd1b/element - {"using":"xpath","value":"//*[@id=\"application-managepartners-display-component---NewPartner--addressDetailDetailsLanguage-arrow\"]"}
RESULT: {"using":"xpath","value":"//*[@id=\"application-managepartners-display-component---NewPartner--addressDetailDetailsLanguage-arrow\"]"}
COMMAND: POST /session/00377494c9177dc39dc7c331b478fd1b/element/f.BC6A9895F84C302F47B04B2C9514348C.d.9E7FC38A3D5F747C536D9487DB4DC56D.e.4563/click - {}
RESULT: {}
COMMAND: POST /session/00377494c9177dc39dc7c331b478fd1b/element - {"using":"xpath","value":"//span[contains(text(), \"English\")]"}
COMMAND: GET /session/00377494c9177dc39dc7c331b478fd1b/screenshot - {}
RESULT: {"using":"xpath","value":"//span[contains(text(), \"English\")]"}
COMMAND: POST /session/00377494c9177dc39dc7c331b478fd1b/element/f.BC6A9895F84C302F47B04B2C9514348C.d.9E7FC38A3D5F747C536D9487DB4DC56D.e.4564/click - {}
RESULT: {}
RESULT: {}
COMMAND: GET /session/00377494c9177dc39dc7c331b478fd1b/screenshot - {}
RESULT: {}
RESULT: undefined
COMMAND: POST /session/00377494c9177dc39dc7c331b478fd1b/execute/async - {"script":"<script> [776 bytes]","args":[{"enterText":"Rosario","selector":{"id":"application-managepartners-display-component---NewPartner--addressDetailDetailsCity1","interaction":{"idSuffix":"inner"}},"clearTextFirst":true,"interactionType":"ENTER_TEXT"}]}
RESULT: {"script":"<script> [776 bytes]","args":[{"enterText":"Rosario","selector":{"id":"application-managepartners-display-component---NewPartner--addressDetailDetailsCity1","interaction":{"idSuffix":"inner"}},"clearTextFirst":true,"interactionType":"ENTER_TEXT"}]}
RESULT: undefined
COMMAND: POST /session/00377494c9177dc39dc7c331b478fd1b/element - {"using":"xpath","value":"//*[@id=\"application-managepartners-display-component---NewPartner--addressDetailDetailsCountry-arrow\"]"}
RESULT: {"using":"xpath","value":"//*[@id=\"application-managepartners-display-component---NewPartner--addressDetailDetailsCountry-arrow\"]"}
COMMAND: POST /session/00377494c9177dc39dc7c331b478fd1b/element/f.BC6A9895F84C302F47B04B2C9514348C.d.9E7FC38A3D5F747C536D9487DB4DC56D.e.4551/click - {}
RESULT: {}
COMMAND: POST /session/00377494c9177dc39dc7c331b478fd1b/element - {"using":"xpath","value":"//span[contains(text(), \"Argentina\")]"}
COMMAND: GET /session/00377494c9177dc39dc7c331b478fd1b/screenshot - {}
RESULT: {"using":"xpath","value":"//span[contains(text(), \"Argentina\")]"}
COMMAND: POST /session/00377494c9177dc39dc7c331b478fd1b/element/f.BC6A9895F84C302F47B04B2C9514348C.d.9E7FC38A3D5F747C536D9487DB4DC56D.e.4565/click - {}
RESULT: {}
RESULT: {}
COMMAND: GET /session/00377494c9177dc39dc7c331b478fd1b/screenshot - {}
RESULT: {}
COMMAND: POST /session/00377494c9177dc39dc7c331b478fd1b/element - {"using":"xpath","value":"//bdi[contains(text(), \"Commercial\")]"}
RESULT: {"using":"xpath","value":"//bdi[contains(text(), \"Commercial\")]"}
COMMAND: POST /session/00377494c9177dc39dc7c331b478fd1b/element/f.BC6A9895F84C302F47B04B2C9514348C.d.9E7FC38A3D5F747C536D9487DB4DC56D.e.4566/click - {}
RESULT: {}
COMMAND: GET /session/00377494c9177dc39dc7c331b478fd1b/screenshot - {}
RESULT: {}
RESULT: undefined
COMMAND: POST /session/00377494c9177dc39dc7c331b478fd1b/element - {"using":"xpath","value":"//*[@id=\"application-managepartners-display-component---NewPartner--partnerDetailInternal-arrow\"]"}
RESULT: {"using":"xpath","value":"//*[@id=\"application-managepartners-display-component---NewPartner--partnerDetailInternal-arrow\"]"}
COMMAND: POST /session/00377494c9177dc39dc7c331b478fd1b/element/f.BC6A9895F84C302F47B04B2C9514348C.d.9E7FC38A3D5F747C536D9487DB4DC56D.e.4572/click - {}
RESULT: {}
COMMAND: POST /session/00377494c9177dc39dc7c331b478fd1b/element - {"using":"xpath","value":"//span[contains(text(), \"External partner\")]"}
COMMAND: GET /session/00377494c9177dc39dc7c331b478fd1b/screenshot - {}
RESULT: {"using":"xpath","value":"//span[contains(text(), \"External partner\")]"}
COMMAND: POST /session/00377494c9177dc39dc7c331b478fd1b/element/f.BC6A9895F84C302F47B04B2C9514348C.d.9E7FC38A3D5F747C536D9487DB4DC56D.e.4573/click - {}
RESULT: {}
RESULT: {}
RESULT: undefined
COMMAND: POST /session/00377494c9177dc39dc7c331b478fd1b/element - {"using":"xpath","value":"//*[@id=\"application-managepartners-display-component---NewPartner--partnerDetailsCurrency-arrow\"]"}
COMMAND: GET /session/00377494c9177dc39dc7c331b478fd1b/screenshot - {}
RESULT: {"using":"xpath","value":"//*[@id=\"application-managepartners-display-component---NewPartner--partnerDetailsCurrency-arrow\"]"}
COMMAND: POST /session/00377494c9177dc39dc7c331b478fd1b/element/f.BC6A9895F84C302F47B04B2C9514348C.d.9E7FC38A3D5F747C536D9487DB4DC56D.e.4578/click - {}
RESULT: {}
RESULT: {}
COMMAND: POST /session/00377494c9177dc39dc7c331b478fd1b/element - {"using":"xpath","value":"//span[contains(text(), \"US Dollar\")]"}
COMMAND: GET /session/00377494c9177dc39dc7c331b478fd1b/screenshot - {}
RESULT: {"using":"xpath","value":"//span[contains(text(), \"US Dollar\")]"}
COMMAND: POST /session/00377494c9177dc39dc7c331b478fd1b/element/f.BC6A9895F84C302F47B04B2C9514348C.d.9E7FC38A3D5F747C536D9487DB4DC56D.e.4579/click - {}
RESULT: {}
RESULT: {}
COMMAND: GET /session/00377494c9177dc39dc7c331b478fd1b/screenshot - {}
RESULT: {}
COMMAND: POST /session/00377494c9177dc39dc7c331b478fd1b/element - {"using":"xpath","value":"//input[@id=\"application-managepartners-display-component---NewPartner--companyCodeComboBox-inner\"]"}
RESULT: {"using":"xpath","value":"//input[@id=\"application-managepartners-display-component---NewPartner--companyCodeComboBox-inner\"]"}
COMMAND: POST /session/00377494c9177dc39dc7c331b478fd1b/element/f.BC6A9895F84C302F47B04B2C9514348C.d.9E7FC38A3D5F747C536D9487DB4DC56D.e.4434/clear - {}
RESULT: {}
COMMAND: POST /session/00377494c9177dc39dc7c331b478fd1b/element/f.BC6A9895F84C302F47B04B2C9514348C.d.9E7FC38A3D5F747C536D9487DB4DC56D.e.4434/value - {"text":"C002"}
COMMAND: GET /session/00377494c9177dc39dc7c331b478fd1b/screenshot - {}
RESULT: {"text":"C002"}
COMMAND: GET /session/00377494c9177dc39dc7c331b478fd1b/screenshot - {}
RESULT: {}
RESULT: {}
COMMAND: POST /session/00377494c9177dc39dc7c331b478fd1b/element - {"using":"xpath","value":"//li[.//span[text()= \"C002\"]]"}
RESULT: {"using":"xpath","value":"//li[.//span[text()= \"C002\"]]"}
COMMAND: POST /session/00377494c9177dc39dc7c331b478fd1b/element/f.BC6A9895F84C302F47B04B2C9514348C.d.9E7FC38A3D5F747C536D9487DB4DC56D.e.4583/click - {}
RESULT: {}
COMMAND: GET /session/00377494c9177dc39dc7c331b478fd1b/screenshot - {}
RESULT: {}
RESULT: undefined
COMMAND: POST /session/00377494c9177dc39dc7c331b478fd1b/element - {"using":"xpath","value":"//*[@id=\"application-managepartners-display-component---NewPartner--btnAddTableRow-img\"]"}
RESULT: {"using":"xpath","value":"//*[@id=\"application-managepartners-display-component---NewPartner--btnAddTableRow-img\"]"}
COMMAND: POST /session/00377494c9177dc39dc7c331b478fd1b/element/f.BC6A9895F84C302F47B04B2C9514348C.d.9E7FC38A3D5F747C536D9487DB4DC56D.e.4584/click - {}
RESULT: {}
COMMAND: GET /session/00377494c9177dc39dc7c331b478fd1b/screenshot - {}
RESULT: {}
COMMAND: POST /session/00377494c9177dc39dc7c331b478fd1b/element - {"using":"xpath","value":"//input[@id=\"application-managepartners-display-component---NewPartner--assignmentYard-application-managepartners-display-component---NewPartner--assignmentsTable-0-inner\"]"}
RESULT: {"using":"xpath","value":"//input[@id=\"application-managepartners-display-component---NewPartner--assignmentYard-application-managepartners-display-component---NewPartner--assignmentsTable-0-inner\"]"}
COMMAND: POST /session/00377494c9177dc39dc7c331b478fd1b/element/f.BC6A9895F84C302F47B04B2C9514348C.d.9E7FC38A3D5F747C536D9487DB4DC56D.e.4587/clear - {}
RESULT: {}
COMMAND: POST /session/00377494c9177dc39dc7c331b478fd1b/element/f.BC6A9895F84C302F47B04B2C9514348C.d.9E7FC38A3D5F747C536D9487DB4DC56D.e.4587/value - {"text":"303"}
COMMAND: GET /session/00377494c9177dc39dc7c331b478fd1b/screenshot - {}
RESULT: {"text":"303"}
COMMAND: GET /session/00377494c9177dc39dc7c331b478fd1b/screenshot - {}
RESULT: {}
RESULT: {}
COMMAND: POST /session/00377494c9177dc39dc7c331b478fd1b/element - {"using":"xpath","value":"//li[.//span[text()='303']]"}
RESULT: {"using":"xpath","value":"//li[.//span[text()='303']]"}
COMMAND: POST /session/00377494c9177dc39dc7c331b478fd1b/element/f.BC6A9895F84C302F47B04B2C9514348C.d.9E7FC38A3D5F747C536D9487DB4DC56D.e.4595/click - {}
RESULT: {}
COMMAND: GET /session/00377494c9177dc39dc7c331b478fd1b/screenshot - {}
RESULT: {}
COMMAND: POST /session/00377494c9177dc39dc7c331b478fd1b/actions - {"actions":[{"id":"action8","type":"key","parameters":{},"actions":[{"type":"keyDown","value":"î€‡"},{"type":"pause","duration":10},{"type":"keyUp","value":"î€‡"}]}]}
RESULT: {"actions":[{"id":"action8","type":"key","parameters":{},"actions":[{"type":"keyDown","value":"î€‡"},{"type":"pause","duration":10},{"type":"keyUp","value":"î€‡"}]}]}
COMMAND: POST /session/00377494c9177dc39dc7c331b478fd1b/element - {"using":"xpath","value":"//td[contains(@id, \"assignmentsTable-0-cell2\")]/div/div"}
COMMAND: GET /session/00377494c9177dc39dc7c331b478fd1b/screenshot - {}
RESULT: {"using":"xpath","value":"//td[contains(@id, \"assignmentsTable-0-cell2\")]/div/div"}
COMMAND: POST /session/00377494c9177dc39dc7c331b478fd1b/element/f.BC6A9895F84C302F47B04B2C9514348C.d.9E7FC38A3D5F747C536D9487DB4DC56D.e.4598/click - {}
RESULT: {}
RESULT: {}
COMMAND: GET /session/00377494c9177dc39dc7c331b478fd1b/screenshot - {}
RESULT: {}
COMMAND: POST /session/00377494c9177dc39dc7c331b478fd1b/element - {"using":"xpath","value":"//button[@data-kt=\"saveButton\"]"}
RESULT: {"using":"xpath","value":"//button[@data-kt=\"saveButton\"]"}
COMMAND: POST /session/00377494c9177dc39dc7c331b478fd1b/element/f.BC6A9895F84C302F47B04B2C9514348C.d.9E7FC38A3D5F747C536D9487DB4DC56D.e.4467/click - {}
RESULT: {}
COMMAND: GET /session/00377494c9177dc39dc7c331b478fd1b/screenshot - {}
RESULT: {}
COMMAND: POST /session/00377494c9177dc39dc7c331b478fd1b/element - {"using":"xpath","value":"//header[contains(@id, 'ObjectPageLayout-headerTitle')]/div[1]/div[2]/div[2]/span[1]"}
RESULT: {"using":"xpath","value":"//header[contains(@id, 'ObjectPageLayout-headerTitle')]/div[1]/div[2]/div[2]/span[1]"}
COMMAND: POST /session/00377494c9177dc39dc7c331b478fd1b/elements - {"using":"xpath","value":"//header[contains(@id, 'ObjectPageLayout-headerTitle')]/div[1]/div[2]/div[2]/span[1]"}
RESULT: {"using":"xpath","value":"//header[contains(@id, 'ObjectPageLayout-headerTitle')]/div[1]/div[2]/div[2]/span[1]"}
COMMAND: POST /session/00377494c9177dc39dc7c331b478fd1b/execute/sync - {"script":"<script> [56 bytes]","args":[{"element-6066-11e4-a52e-4f735466cecf":"f.BC6A9895F84C302F47B04B2C9514348C.d.9E7FC38A3D5F747C536D9487DB4DC56D.e.4764","ELEMENT":"f.BC6A9895F84C302F47B04B2C9514348C.d.9E7FC38A3D5F747C536D9487DB4DC56D.e.4764"}]}
RESULT: {"script":"<script> [56 bytes]","args":[{"element-6066-11e4-a52e-4f735466cecf":"f.BC6A9895F84C302F47B04B2C9514348C.d.9E7FC38A3D5F747C536D9487DB4DC56D.e.4764","ELEMENT":"f.BC6A9895F84C302F47B04B2C9514348C.d.9E7FC38A3D5F747C536D9487DB4DC56D.e.4764"}]}
COMMAND: POST /session/00377494c9177dc39dc7c331b478fd1b/element - {"using":"css selector","value":"#shell-header-logo"}
COMMAND: GET /session/00377494c9177dc39dc7c331b478fd1b/screenshot - {}
RESULT: {"using":"css selector","value":"#shell-header-logo"}
COMMAND: POST /session/00377494c9177dc39dc7c331b478fd1b/element/f.BC6A9895F84C302F47B04B2C9514348C.d.9E7FC38A3D5F747C536D9487DB4DC56D.e.4075/click - {}
RESULT: {}
RESULT: {}
COMMAND: GET /session/00377494c9177dc39dc7c331b478fd1b/screenshot - {}
RESULT: {}
COMMAND: POST /session/00377494c9177dc39dc7c331b478fd1b/execute/sync - {"script":"<script> [299 bytes]","args":[["getModel","getResource"]]}
RESULT: {"script":"<script> [299 bytes]","args":[["getModel","getResource"]]}
COMMAND: GET /session/00377494c9177dc39dc7c331b478fd1b/screenshot - {}
COMMAND: POST /session/00377494c9177dc39dc7c331b478fd1b/refresh - {}
RESULT: {}
RESULT: {}
COMMAND: GET /session/00377494c9177dc39dc7c331b478fd1b/screenshot - {}
RESULT: {}
COMMAND: POST /session/00377494c9177dc39dc7c331b478fd1b/refresh - {}
RESULT: {}
COMMAND: GET /session/00377494c9177dc39dc7c331b478fd1b/screenshot - {}
RESULT: {}
COMMAND: POST /session/00377494c9177dc39dc7c331b478fd1b/window/fullscreen - {}
RESULT: {}
COMMAND: POST /session/00377494c9177dc39dc7c331b478fd1b/execute/async - {"script":"<script> [189 bytes]","args":[]}
RESULT: {"script":"<script> [189 bytes]","args":[]}
COMMAND: POST /session/00377494c9177dc39dc7c331b478fd1b/execute/async - {"script":"<script> [123 bytes]","args":[]}
RESULT: {"script":"<script> [123 bytes]","args":[]}
COMMAND: POST /session/00377494c9177dc39dc7c331b478fd1b/timeouts - {"script":"<number>"}
RESULT: {"script":"<number>"}
COMMAND: GET /session/00377494c9177dc39dc7c331b478fd1b/timeouts - {}
RESULT: {}
RESULT: undefined
COMMAND: POST /session/00377494c9177dc39dc7c331b478fd1b/execute/async - {"script":"<script> [2676 bytes]","args":[]}
RESULT: {"script":"<script> [2676 bytes]","args":[]}
COMMAND: POST /session/00377494c9177dc39dc7c331b478fd1b/execute/async - {"script":"<script> [2342 bytes]","args":[{"protocol":"http","hostname":"0.0.0.0","path":"/","capabilities":{"browserName":"chrome","goog:chromeOptions":{"binary":"C:\\Program Files\\Google\\Chrome\\Application\\chrome.exe","args":["--start-maximized"]}},"logLevel":"warn","connectionRetryTimeout":120000,"connectionRetryCount":3,"logLevels":{},"enableDirectConnect":true,"strictSSL":true,"_":"65 more keys: [\"cacheDir\",\"port\",\"requestedCapabilities\",\"automationProtocol\",\"baseUrl\",\"waitforInterval\",\"waitforTimeout\",\"onReload\",\"beforeCommand\",\"afterCommand\",\"rootDir\",\"specs\",\"suites\",\"exclude\",\"groupLogsByTestSpec\",\"excludeDriverLogs\",\"bail\",\"framework\",\"reporters\",\"services\",\"maxInstances\",\"maxInstancesPerCapability\",\"injectGlobals\",\"filesToWatch\",\"execArgv\",\"runnerEnv\",\"runner\",\"shard\",\"specFileRetries\",\"specFileRetriesDelay\",\"specFileRetriesDeferred\",\"reporterSyncInterval\",\"reporterSyncTimeout\",\"cucumberFeaturesWithLineNumbers\",\"autoCompileOpts\",\"mochaOpts\",\"jasmineOpts\",\"cucumberOpts\",\"onPrepare\",\"onWorkerStart\",\"onWorkerEnd\",\"before\",\"beforeSession\",\"beforeSuite\",\"beforeHook\",\"beforeTest\",\"afterTest\",\"afterHook\",\"afterSuite\",\"afterSession\",\"after\",\"onComplete\",\"beforeAssertion\",\"afterAssertion\",\"beforeFeature\",\"beforeScenario\",\"beforeStep\",\"afterStep\",\"afterScenario\",\"afterFeature\",\"_\",\"suite\",\"$0\",\"ignoredWorkerServices\",\"wdi5\"]"}]}
RESULT: {"script":"<script> [2342 bytes]","args":[{"protocol":"http","hostname":"0.0.0.0","path":"/","capabilities":{"browserName":"chrome","goog:chromeOptions":{"binary":"C:\\Program Files\\Google\\Chrome\\Application\\chrome.exe","args":["--start-maximized"]}},"logLevel":"warn","connectionRetryTimeout":120000,"connectionRetryCount":3,"logLevels":{},"enableDirectConnect":true,"strictSSL":true,"_":"65 more keys: [\"cacheDir\",\"port\",\"requestedCapabilities\",\"automationProtocol\",\"baseUrl\",\"waitforInterval\",\"waitforTimeout\",\"onReload\",\"beforeCommand\",\"afterCommand\",\"rootDir\",\"specs\",\"suites\",\"exclude\",\"groupLogsByTestSpec\",\"excludeDriverLogs\",\"bail\",\"framework\",\"reporters\",\"services\",\"maxInstances\",\"maxInstancesPerCapability\",\"injectGlobals\",\"filesToWatch\",\"execArgv\",\"runnerEnv\",\"runner\",\"shard\",\"specFileRetries\",\"specFileRetriesDelay\",\"specFileRetriesDeferred\",\"reporterSyncInterval\",\"reporterSyncTimeout\",\"cucumberFeaturesWithLineNumbers\",\"autoCompileOpts\",\"mochaOpts\",\"jasmineOpts\",\"cucumberOpts\",\"onPrepare\",\"onWorkerStart\",\"onWorkerEnd\",\"before\",\"beforeSession\",\"beforeSuite\",\"beforeHook\",\"beforeTest\",\"afterTest\",\"afterHook\",\"afterSuite\",\"afterSession\",\"after\",\"onComplete\",\"beforeAssertion\",\"afterAssertion\",\"beforeFeature\",\"beforeScenario\",\"beforeStep\",\"afterStep\",\"afterScenario\",\"afterFeature\",\"_\",\"suite\",\"$0\",\"ignoredWorkerServices\",\"wdi5\"]"}]}
COMMAND: POST /session/00377494c9177dc39dc7c331b478fd1b/execute/async - {"script":"<script> [21126 bytes]","args":[35000]}
RESULT: {"script":"<script> [21126 bytes]","args":[35000]}
COMMAND: POST /session/00377494c9177dc39dc7c331b478fd1b/element - {"using":"css selector","value":"#shell-header-logo"}
RESULT: {"using":"css selector","value":"#shell-header-logo"}
COMMAND: POST /session/00377494c9177dc39dc7c331b478fd1b/element/f.BC6A9895F84C302F47B04B2C9514348C.d.6474CFCDAD1A9B1FCC0E2872C1AE6F02.e.4911/click - {}
RESULT: {}
COMMAND: GET /session/00377494c9177dc39dc7c331b478fd1b/screenshot - {}
RESULT: {}
COMMAND: POST /session/00377494c9177dc39dc7c331b478fd1b/execute/async - {"script":"<script> [1562 bytes]","args":[{"selector":{"controlType":"sap.m.GenericTile","properties":{"header":"Manage Sites"}},"wdio_ui5_key":"sapm.GenericTile{\"header\":\"Manage Sites\"}"}]}
RESULT: {"script":"<script> [1562 bytes]","args":[{"selector":{"controlType":"sap.m.GenericTile","properties":{"header":"Manage Sites"}},"wdio_ui5_key":"sapm.GenericTile{\"header\":\"Manage Sites\"}"}]}
RESULT: undefined
COMMAND: POST /session/00377494c9177dc39dc7c331b478fd1b/element - {"using":"xpath","value":"//*[@id=\"__tile32\"]"}
RESULT: {"using":"xpath","value":"//*[@id=\"__tile32\"]"}
COMMAND: POST /session/00377494c9177dc39dc7c331b478fd1b/element/f.BC6A9895F84C302F47B04B2C9514348C.d.6474CFCDAD1A9B1FCC0E2872C1AE6F02.e.4840/click - {}
RESULT: {}
COMMAND: GET /session/00377494c9177dc39dc7c331b478fd1b/screenshot - {}
RESULT: {}
COMMAND: POST /session/00377494c9177dc39dc7c331b478fd1b/elements - {"using":"xpath","value":"//span[text()='Error']"}
RESULT: {"using":"xpath","value":"//span[text()='Error']"}
]]></system-out>
    </testcase>
  </testsuite>
  <testsuite timestamp="2025-05-14T06:29:19" time="234.963" tests="2" failures="1" errors="1" skipped="0">
    <properties>
      <property name="specId" value="0" />
      <property name="suiteName" value="Create 2 sites US118246" />
      <property name="capabilities" value="chrome.136_0_7103_49.windows" />
      <property name="file" value="file:///D:/a/1/s/test/specs/R2C/create-site.spec.js" />
    </properties>
    <testcase classname="chrome.136_0_7103_49.windows.Create_2_sites_US118246" name="Should create WHM site" time="60.566">
      <system-out><![CDATA[
COMMAND: GET /session/00377494c9177dc39dc7c331b478fd1b/screenshot - {}
RESULT: undefined
COMMAND: POST /session/00377494c9177dc39dc7c331b478fd1b/element - {"using":"xpath","value":"//*[@id=\"__button4-img\"]"}
RESULT: {"using":"xpath","value":"//*[@id=\"__button4-img\"]"}
COMMAND: POST /session/00377494c9177dc39dc7c331b478fd1b/element/f.BC6A9895F84C302F47B04B2C9514348C.d.6474CFCDAD1A9B1FCC0E2872C1AE6F02.e.5286/click - {}
RESULT: {}
RESULT: undefined
COMMAND: POST /session/00377494c9177dc39dc7c331b478fd1b/execute/async - {"script":"<script> [1562 bytes]","args":[{"selector":{"controlType":"sap.m.Button","viewName":"etm.portal.ui.managesites.view.NewSmartSite","viewId":"application-managesites-display-component---NewSite","properties":{"text":"General Information"},"interaction":{"idSuffix":"BDI-content"}},"wdio_ui5_key":"etmportal.ui.managesites.view.NewSmartSitesap.m.Button{\"text\":\"General Information\"}"}]}
RESULT: {"script":"<script> [1562 bytes]","args":[{"selector":{"controlType":"sap.m.Button","viewName":"etm.portal.ui.managesites.view.NewSmartSite","viewId":"application-managesites-display-component---NewSite","properties":{"text":"General Information"},"interaction":{"idSuffix":"BDI-content"}},"wdio_ui5_key":"etmportal.ui.managesites.view.NewSmartSitesap.m.Button{\"text\":\"General Information\"}"}]}
RESULT: undefined
COMMAND: POST /session/00377494c9177dc39dc7c331b478fd1b/element - {"using":"xpath","value":"//*[@id=\"application-managesites-display-component---NewSite--ObjectPageLayout-anchBar-__section3-anchor\"]"}
RESULT: {"using":"xpath","value":"//*[@id=\"application-managesites-display-component---NewSite--ObjectPageLayout-anchBar-__section3-anchor\"]"}
COMMAND: POST /session/00377494c9177dc39dc7c331b478fd1b/element/f.BC6A9895F84C302F47B04B2C9514348C.d.6474CFCDAD1A9B1FCC0E2872C1AE6F02.e.5443/click - {}
RESULT: undefined
COMMAND: POST /session/00377494c9177dc39dc7c331b478fd1b/execute/async - {"script":"<script> [776 bytes]","args":[{"enterText":"Webdriver WHM Site ryy1a","selector":{"id":"application-managesites-display-component---NewSite--addressDetailDetailsName1","interaction":{"idSuffix":"inner"}},"clearTextFirst":true,"interactionType":"ENTER_TEXT"}]}
RESULT: {"script":"<script> [776 bytes]","args":[{"enterText":"Webdriver WHM Site ryy1a","selector":{"id":"application-managesites-display-component---NewSite--addressDetailDetailsName1","interaction":{"idSuffix":"inner"}},"clearTextFirst":true,"interactionType":"ENTER_TEXT"}]}
RESULT: undefined
COMMAND: POST /session/00377494c9177dc39dc7c331b478fd1b/execute/async - {"script":"<script> [776 bytes]","args":[{"enterText":"Romanian","selector":{"id":"application-managesites-display-component---NewSite--addressDetailDetailsLanguage","interaction":{"idSuffix":"inner"}},"clearTextFirst":true,"interactionType":"ENTER_TEXT"}]}
RESULT: {"script":"<script> [776 bytes]","args":[{"enterText":"Romanian","selector":{"id":"application-managesites-display-component---NewSite--addressDetailDetailsLanguage","interaction":{"idSuffix":"inner"}},"clearTextFirst":true,"interactionType":"ENTER_TEXT"}]}
COMMAND: POST /session/00377494c9177dc39dc7c331b478fd1b/actions - {"actions":[{"id":"action11","type":"key","parameters":{},"actions":[{"type":"keyDown","value":"î€‡"},{"type":"pause","duration":10},{"type":"keyUp","value":"î€‡"}]}]}
RESULT: {"actions":[{"id":"action11","type":"key","parameters":{},"actions":[{"type":"keyDown","value":"î€‡"},{"type":"pause","duration":10},{"type":"keyUp","value":"î€‡"}]}]}
RESULT: undefined
COMMAND: POST /session/00377494c9177dc39dc7c331b478fd1b/execute/async - {"script":"<script> [776 bytes]","args":[{"enterText":"Bucharest","selector":{"id":"application-managesites-display-component---NewSite--addressDetailDetailsCity1","interaction":{"idSuffix":"inner"}},"clearTextFirst":true,"interactionType":"ENTER_TEXT"}]}
COMMAND: GET /session/00377494c9177dc39dc7c331b478fd1b/screenshot - {}
RESULT: {"script":"<script> [776 bytes]","args":[{"enterText":"Bucharest","selector":{"id":"application-managesites-display-component---NewSite--addressDetailDetailsCity1","interaction":{"idSuffix":"inner"}},"clearTextFirst":true,"interactionType":"ENTER_TEXT"}]}
RESULT: {}
COMMAND: POST /session/00377494c9177dc39dc7c331b478fd1b/actions - {"actions":[{"id":"action12","type":"key","parameters":{},"actions":[{"type":"keyDown","value":"î€‡"},{"type":"pause","duration":10},{"type":"keyUp","value":"î€‡"}]}]}
RESULT: {"actions":[{"id":"action12","type":"key","parameters":{},"actions":[{"type":"keyDown","value":"î€‡"},{"type":"pause","duration":10},{"type":"keyUp","value":"î€‡"}]}]}
RESULT: undefined
COMMAND: POST /session/00377494c9177dc39dc7c331b478fd1b/execute/async - {"script":"<script> [6424 bytes]","args":[{"element-6066-11e4-a52e-4f735466cecf":"f.BC6A9895F84C302F47B04B2C9514348C.d.6474CFCDAD1A9B1FCC0E2872C1AE6F02.e.5143"},"setValue",["Romania"]]}
COMMAND: GET /session/00377494c9177dc39dc7c331b478fd1b/screenshot - {}
RESULT: {"script":"<script> [6424 bytes]","args":[{"element-6066-11e4-a52e-4f735466cecf":"f.BC6A9895F84C302F47B04B2C9514348C.d.6474CFCDAD1A9B1FCC0E2872C1AE6F02.e.5143"},"setValue",["Romania"]]}
RESULT: {}
COMMAND: POST /session/00377494c9177dc39dc7c331b478fd1b/actions - {"actions":[{"id":"action13","type":"key","parameters":{},"actions":[{"type":"keyDown","value":"î€‡"},{"type":"pause","duration":10},{"type":"keyUp","value":"î€‡"}]}]}
RESULT: {"actions":[{"id":"action13","type":"key","parameters":{},"actions":[{"type":"keyDown","value":"î€‡"},{"type":"pause","duration":10},{"type":"keyUp","value":"î€‡"}]}]}
RESULT: undefined
COMMAND: POST /session/00377494c9177dc39dc7c331b478fd1b/execute/async - {"script":"<script> [776 bytes]","args":[{"enterText":"Germany","selector":{"id":"application-managesites-display-component---NewSite--addressDetailDetailsCalendar","interaction":{"idSuffix":"inner"}},"clearTextFirst":true,"interactionType":"ENTER_TEXT"}]}
COMMAND: GET /session/00377494c9177dc39dc7c331b478fd1b/screenshot - {}
RESULT: {"script":"<script> [776 bytes]","args":[{"enterText":"Germany","selector":{"id":"application-managesites-display-component---NewSite--addressDetailDetailsCalendar","interaction":{"idSuffix":"inner"}},"clearTextFirst":true,"interactionType":"ENTER_TEXT"}]}
RESULT: {}
COMMAND: POST /session/00377494c9177dc39dc7c331b478fd1b/actions - {"actions":[{"id":"action14","type":"key","parameters":{},"actions":[{"type":"keyDown","value":"î€‡"},{"type":"pause","duration":10},{"type":"keyUp","value":"î€‡"}]}]}
RESULT: {"actions":[{"id":"action14","type":"key","parameters":{},"actions":[{"type":"keyDown","value":"î€‡"},{"type":"pause","duration":10},{"type":"keyUp","value":"î€‡"}]}]}
COMMAND: POST /session/00377494c9177dc39dc7c331b478fd1b/execute/async - {"script":"<script> [1562 bytes]","args":[{"selector":{"id":"application-managesites-display-component---NewSite--addressEditDetailsCostObjectCstType","interaction":{"idSuffix":"inner"}},"wdio_ui5_key":"applicationmanagesites-display-component---NewSite--addressEditDetailsCostObjectCstType"}]}
COMMAND: GET /session/00377494c9177dc39dc7c331b478fd1b/screenshot - {}
RESULT: {"script":"<script> [1562 bytes]","args":[{"selector":{"id":"application-managesites-display-component---NewSite--addressEditDetailsCostObjectCstType","interaction":{"idSuffix":"inner"}},"wdio_ui5_key":"applicationmanagesites-display-component---NewSite--addressEditDetailsCostObjectCstType"}]}
RESULT: undefined
COMMAND: POST /session/00377494c9177dc39dc7c331b478fd1b/execute/async - {"script":"<script> [776 bytes]","args":[{"enterText":"Cost","selector":{"id":"application-managesites-display-component---NewSite--addressEditDetailsCostObjectCstType","interaction":{"idSuffix":"inner"}},"clearTextFirst":true,"interactionType":"ENTER_TEXT"}]}
RESULT: {}
RESULT: {"script":"<script> [776 bytes]","args":[{"enterText":"Cost","selector":{"id":"application-managesites-display-component---NewSite--addressEditDetailsCostObjectCstType","interaction":{"idSuffix":"inner"}},"clearTextFirst":true,"interactionType":"ENTER_TEXT"}]}
COMMAND: POST /session/00377494c9177dc39dc7c331b478fd1b/actions - {"actions":[{"id":"action15","type":"key","parameters":{},"actions":[{"type":"keyDown","value":"î€‡"},{"type":"pause","duration":10},{"type":"keyUp","value":"î€‡"}]}]}
RESULT: {"actions":[{"id":"action15","type":"key","parameters":{},"actions":[{"type":"keyDown","value":"î€‡"},{"type":"pause","duration":10},{"type":"keyUp","value":"î€‡"}]}]}
COMMAND: POST /session/00377494c9177dc39dc7c331b478fd1b/execute/async - {"script":"<script> [1562 bytes]","args":[{"selector":{"id":"application-managesites-display-component---NewSite--addressNewCostObjectCstID","interaction":{"idSuffix":"inner"}},"wdio_ui5_key":"applicationmanagesites-display-component---NewSite--addressNewCostObjectCstID"}]}
COMMAND: GET /session/00377494c9177dc39dc7c331b478fd1b/screenshot - {}
RESULT: {"script":"<script> [1562 bytes]","args":[{"selector":{"id":"application-managesites-display-component---NewSite--addressNewCostObjectCstID","interaction":{"idSuffix":"inner"}},"wdio_ui5_key":"applicationmanagesites-display-component---NewSite--addressNewCostObjectCstID"}]}
RESULT: undefined
COMMAND: POST /session/00377494c9177dc39dc7c331b478fd1b/execute/async - {"script":"<script> [776 bytes]","args":[{"enterText":"1001","selector":{"id":"application-managesites-display-component---NewSite--addressNewCostObjectCstID","interaction":{"idSuffix":"inner"}},"clearTextFirst":true,"interactionType":"ENTER_TEXT"}]}
RESULT: {}
RESULT: {"script":"<script> [776 bytes]","args":[{"enterText":"1001","selector":{"id":"application-managesites-display-component---NewSite--addressNewCostObjectCstID","interaction":{"idSuffix":"inner"}},"clearTextFirst":true,"interactionType":"ENTER_TEXT"}]}
COMMAND: POST /session/00377494c9177dc39dc7c331b478fd1b/actions - {"actions":[{"id":"action16","type":"key","parameters":{},"actions":[{"type":"keyDown","value":"î€‡"},{"type":"pause","duration":10},{"type":"keyUp","value":"î€‡"}]}]}
RESULT: {"actions":[{"id":"action16","type":"key","parameters":{},"actions":[{"type":"keyDown","value":"î€‡"},{"type":"pause","duration":10},{"type":"keyUp","value":"î€‡"}]}]}
COMMAND: POST /session/00377494c9177dc39dc7c331b478fd1b/element - {"using":"xpath","value":"//input[@id=\"application-managesites-display-component---NewSite--addressDetailDetailsYard-inner\"]"}
COMMAND: GET /session/00377494c9177dc39dc7c331b478fd1b/screenshot - {}
RESULT: {"using":"xpath","value":"//input[@id=\"application-managesites-display-component---NewSite--addressDetailDetailsYard-inner\"]"}
COMMAND: POST /session/00377494c9177dc39dc7c331b478fd1b/element/f.BC6A9895F84C302F47B04B2C9514348C.d.6474CFCDAD1A9B1FCC0E2872C1AE6F02.e.5154/value - {"text":"303"}
RESULT: {}
RESULT: {"text":"303"}
COMMAND: GET /session/00377494c9177dc39dc7c331b478fd1b/screenshot - {}
RESULT: {}
COMMAND: POST /session/00377494c9177dc39dc7c331b478fd1b/actions - {"actions":[{"id":"action17","type":"key","parameters":{},"actions":[{"type":"keyDown","value":"î€‡"},{"type":"pause","duration":10},{"type":"keyUp","value":"î€‡"}]}]}
RESULT: {"actions":[{"id":"action17","type":"key","parameters":{},"actions":[{"type":"keyDown","value":"î€‡"},{"type":"pause","duration":10},{"type":"keyUp","value":"î€‡"}]}]}
COMMAND: GET /session/00377494c9177dc39dc7c331b478fd1b/screenshot - {}
RESULT: {}
COMMAND: POST /session/00377494c9177dc39dc7c331b478fd1b/element - {"using":"xpath","value":"//input[@id=\"application-managesites-display-component---NewSite--addressDetailDetailsPartner-inner\"]"}
RESULT: {"using":"xpath","value":"//input[@id=\"application-managesites-display-component---NewSite--addressDetailDetailsPartner-inner\"]"}
COMMAND: POST /session/00377494c9177dc39dc7c331b478fd1b/elements - {"using":"xpath","value":"//input[@id=\"application-managesites-display-component---NewSite--addressDetailDetailsPartner-inner\"]"}
RESULT: {"using":"xpath","value":"//input[@id=\"application-managesites-display-component---NewSite--addressDetailDetailsPartner-inner\"]"}
RESULT: undefined
COMMAND: POST /session/00377494c9177dc39dc7c331b478fd1b/element - {"using":"xpath","value":"//*[@id=\"application-managesites-display-component---NewSite--ObjectPageLayout-anchBar-__section5-anchor\"]"}
RESULT: {"using":"xpath","value":"//*[@id=\"application-managesites-display-component---NewSite--ObjectPageLayout-anchBar-__section5-anchor\"]"}
COMMAND: POST /session/00377494c9177dc39dc7c331b478fd1b/element/f.BC6A9895F84C302F47B04B2C9514348C.d.6474CFCDAD1A9B1FCC0E2872C1AE6F02.e.5400/click - {}
RESULT: {}
COMMAND: POST /session/00377494c9177dc39dc7c331b478fd1b/execute/async - {"script":"<script> [1562 bytes]","args":[{"selector":{"id":"application-managesites-display-component---NewSite--siteWhmCheckBox-label","interaction":{"idSuffix":"bdi"}},"wdio_ui5_key":"applicationmanagesites-display-component---NewSite--siteWhmCheckBox-label"}]}
COMMAND: GET /session/00377494c9177dc39dc7c331b478fd1b/screenshot - {}
RESULT: {"script":"<script> [1562 bytes]","args":[{"selector":{"id":"application-managesites-display-component---NewSite--siteWhmCheckBox-label","interaction":{"idSuffix":"bdi"}},"wdio_ui5_key":"applicationmanagesites-display-component---NewSite--siteWhmCheckBox-label"}]}
RESULT: undefined
COMMAND: POST /session/00377494c9177dc39dc7c331b478fd1b/element - {"using":"xpath","value":"//*[@id=\"application-managesites-display-component---NewSite--siteWhmCheckBox-label\"]"}
RESULT: {}
RESULT: {"using":"xpath","value":"//*[@id=\"application-managesites-display-component---NewSite--siteWhmCheckBox-label\"]"}
COMMAND: POST /session/00377494c9177dc39dc7c331b478fd1b/element/f.BC6A9895F84C302F47B04B2C9514348C.d.6474CFCDAD1A9B1FCC0E2872C1AE6F02.e.5450/click - {}
RESULT: {}
RESULT: undefined
COMMAND: POST /session/00377494c9177dc39dc7c331b478fd1b/element - {"using":"xpath","value":"//*[@id=\"__button16\"]"}
COMMAND: GET /session/00377494c9177dc39dc7c331b478fd1b/screenshot - {}
RESULT: {"using":"xpath","value":"//*[@id=\"__button16\"]"}
COMMAND: POST /session/00377494c9177dc39dc7c331b478fd1b/element/f.BC6A9895F84C302F47B04B2C9514348C.d.6474CFCDAD1A9B1FCC0E2872C1AE6F02.e.5290/click - {}
RESULT: {}
RESULT: {}
COMMAND: GET /session/00377494c9177dc39dc7c331b478fd1b/screenshot - {}
RESULT: {}
COMMAND: POST /session/00377494c9177dc39dc7c331b478fd1b/element - {"using":"xpath","value":"//header/div/div[2]/div[2]/span"}
RESULT: {"using":"xpath","value":"//header/div/div[2]/div[2]/span"}
COMMAND: GET /session/00377494c9177dc39dc7c331b478fd1b/element/f.BC6A9895F84C302F47B04B2C9514348C.d.6474CFCDAD1A9B1FCC0E2872C1AE6F02.e.5657/text - {}
RESULT: {}
RESULT: undefined
COMMAND: POST /session/00377494c9177dc39dc7c331b478fd1b/execute/async - {"script":"<script> [1562 bytes]","args":[{"selector":{"controlType":"sap.m.Label","viewName":"etm.portal.ui.managesites.view.Detail","viewId":"application-managesites-display-component---detailSite","i18NText":{"propertyName":"text","key":"status"}},"wdio_ui5_key":"etmportal.ui.managesites.view.Detailsap.m.Label{\"propertyName\":\"text\",\"key\":\"status\"}"}]}
RESULT: {"script":"<script> [1562 bytes]","args":[{"selector":{"controlType":"sap.m.Label","viewName":"etm.portal.ui.managesites.view.Detail","viewId":"application-managesites-display-component---detailSite","i18NText":{"propertyName":"text","key":"status"}},"wdio_ui5_key":"etmportal.ui.managesites.view.Detailsap.m.Label{\"propertyName\":\"text\",\"key\":\"status\"}"}]}
RESULT: undefined
COMMAND: POST /session/00377494c9177dc39dc7c331b478fd1b/execute/async - {"script":"<script> [6424 bytes]","args":[{"element-6066-11e4-a52e-4f735466cecf":"f.BC6A9895F84C302F47B04B2C9514348C.d.6474CFCDAD1A9B1FCC0E2872C1AE6F02.e.5644"},"getText",[]]}
RESULT: {"script":"<script> [6424 bytes]","args":[{"element-6066-11e4-a52e-4f735466cecf":"f.BC6A9895F84C302F47B04B2C9514348C.d.6474CFCDAD1A9B1FCC0E2872C1AE6F02.e.5644"},"getText",[]]}
COMMAND: POST /session/00377494c9177dc39dc7c331b478fd1b/execute/async - {"script":"<script> [1562 bytes]","args":[{"selector":{"id":"shell-header","interaction":{"idSuffix":"icon"}},"wdio_ui5_key":"shellheader"}]}
RESULT: {"script":"<script> [1562 bytes]","args":[{"selector":{"id":"shell-header","interaction":{"idSuffix":"icon"}},"wdio_ui5_key":"shellheader"}]}
RESULT: undefined
COMMAND: POST /session/00377494c9177dc39dc7c331b478fd1b/element - {"using":"xpath","value":"//*[@id=\"shell-header\"]"}
RESULT: {"using":"xpath","value":"//*[@id=\"shell-header\"]"}
COMMAND: POST /session/00377494c9177dc39dc7c331b478fd1b/element/f.BC6A9895F84C302F47B04B2C9514348C.d.6474CFCDAD1A9B1FCC0E2872C1AE6F02.e.5658/click - {}
RESULT: {}
COMMAND: POST /session/00377494c9177dc39dc7c331b478fd1b/refresh - {}
COMMAND: GET /session/00377494c9177dc39dc7c331b478fd1b/screenshot - {}
COMMAND: GET /session/00377494c9177dc39dc7c331b478fd1b/screenshot - {}
RESULT: {}
COMMAND: GET /session/00377494c9177dc39dc7c331b478fd1b/screenshot - {}
RESULT: {}
RESULT: {}
RESULT: {}
COMMAND: POST /session/00377494c9177dc39dc7c331b478fd1b/refresh - {}
RESULT: {}
COMMAND: GET /session/00377494c9177dc39dc7c331b478fd1b/screenshot - {}
RESULT: {}
COMMAND: POST /session/00377494c9177dc39dc7c331b478fd1b/window/fullscreen - {}
RESULT: {}
COMMAND: POST /session/00377494c9177dc39dc7c331b478fd1b/execute/async - {"script":"<script> [189 bytes]","args":[]}
RESULT: {"script":"<script> [189 bytes]","args":[]}
COMMAND: POST /session/00377494c9177dc39dc7c331b478fd1b/execute/async - {"script":"<script> [123 bytes]","args":[]}
RESULT: {"script":"<script> [123 bytes]","args":[]}
COMMAND: POST /session/00377494c9177dc39dc7c331b478fd1b/timeouts - {"script":"<number>"}
RESULT: {"script":"<number>"}
COMMAND: GET /session/00377494c9177dc39dc7c331b478fd1b/timeouts - {}
RESULT: {}
RESULT: undefined
COMMAND: POST /session/00377494c9177dc39dc7c331b478fd1b/execute/async - {"script":"<script> [2676 bytes]","args":[]}
RESULT: {"script":"<script> [2676 bytes]","args":[]}
COMMAND: POST /session/00377494c9177dc39dc7c331b478fd1b/execute/async - {"script":"<script> [2342 bytes]","args":[{"protocol":"http","hostname":"0.0.0.0","path":"/","capabilities":{"browserName":"chrome","goog:chromeOptions":{"binary":"C:\\Program Files\\Google\\Chrome\\Application\\chrome.exe","args":["--start-maximized"]}},"logLevel":"warn","connectionRetryTimeout":120000,"connectionRetryCount":3,"logLevels":{},"enableDirectConnect":true,"strictSSL":true,"_":"65 more keys: [\"cacheDir\",\"port\",\"requestedCapabilities\",\"automationProtocol\",\"baseUrl\",\"waitforInterval\",\"waitforTimeout\",\"onReload\",\"beforeCommand\",\"afterCommand\",\"rootDir\",\"specs\",\"suites\",\"exclude\",\"groupLogsByTestSpec\",\"excludeDriverLogs\",\"bail\",\"framework\",\"reporters\",\"services\",\"maxInstances\",\"maxInstancesPerCapability\",\"injectGlobals\",\"filesToWatch\",\"execArgv\",\"runnerEnv\",\"runner\",\"shard\",\"specFileRetries\",\"specFileRetriesDelay\",\"specFileRetriesDeferred\",\"reporterSyncInterval\",\"reporterSyncTimeout\",\"cucumberFeaturesWithLineNumbers\",\"autoCompileOpts\",\"mochaOpts\",\"jasmineOpts\",\"cucumberOpts\",\"onPrepare\",\"onWorkerStart\",\"onWorkerEnd\",\"before\",\"beforeSession\",\"beforeSuite\",\"beforeHook\",\"beforeTest\",\"afterTest\",\"afterHook\",\"afterSuite\",\"afterSession\",\"after\",\"onComplete\",\"beforeAssertion\",\"afterAssertion\",\"beforeFeature\",\"beforeScenario\",\"beforeStep\",\"afterStep\",\"afterScenario\",\"afterFeature\",\"_\",\"suite\",\"$0\",\"ignoredWorkerServices\",\"wdi5\"]"}]}
RESULT: {"script":"<script> [2342 bytes]","args":[{"protocol":"http","hostname":"0.0.0.0","path":"/","capabilities":{"browserName":"chrome","goog:chromeOptions":{"binary":"C:\\Program Files\\Google\\Chrome\\Application\\chrome.exe","args":["--start-maximized"]}},"logLevel":"warn","connectionRetryTimeout":120000,"connectionRetryCount":3,"logLevels":{},"enableDirectConnect":true,"strictSSL":true,"_":"65 more keys: [\"cacheDir\",\"port\",\"requestedCapabilities\",\"automationProtocol\",\"baseUrl\",\"waitforInterval\",\"waitforTimeout\",\"onReload\",\"beforeCommand\",\"afterCommand\",\"rootDir\",\"specs\",\"suites\",\"exclude\",\"groupLogsByTestSpec\",\"excludeDriverLogs\",\"bail\",\"framework\",\"reporters\",\"services\",\"maxInstances\",\"maxInstancesPerCapability\",\"injectGlobals\",\"filesToWatch\",\"execArgv\",\"runnerEnv\",\"runner\",\"shard\",\"specFileRetries\",\"specFileRetriesDelay\",\"specFileRetriesDeferred\",\"reporterSyncInterval\",\"reporterSyncTimeout\",\"cucumberFeaturesWithLineNumbers\",\"autoCompileOpts\",\"mochaOpts\",\"jasmineOpts\",\"cucumberOpts\",\"onPrepare\",\"onWorkerStart\",\"onWorkerEnd\",\"before\",\"beforeSession\",\"beforeSuite\",\"beforeHook\",\"beforeTest\",\"afterTest\",\"afterHook\",\"afterSuite\",\"afterSession\",\"after\",\"onComplete\",\"beforeAssertion\",\"afterAssertion\",\"beforeFeature\",\"beforeScenario\",\"beforeStep\",\"afterStep\",\"afterScenario\",\"afterFeature\",\"_\",\"suite\",\"$0\",\"ignoredWorkerServices\",\"wdi5\"]"}]}
COMMAND: POST /session/00377494c9177dc39dc7c331b478fd1b/execute/async - {"script":"<script> [21126 bytes]","args":[35000]}
RESULT: {"script":"<script> [21126 bytes]","args":[35000]}
COMMAND: POST /session/00377494c9177dc39dc7c331b478fd1b/element - {"using":"css selector","value":"#j_username"}
COMMAND: POST /session/00377494c9177dc39dc7c331b478fd1b/url - {"url":"https://qa-testing-00-live-etm-ui.cfapps.eu10-004.hana.ondemand.com/"}
RESULT: {"using":"css selector","value":"#j_username"}
COMMAND: POST /session/00377494c9177dc39dc7c331b478fd1b/element - {"using":"css selector","value":"#j_username"}
RESULT: {"url":"https://qa-testing-00-live-etm-ui.cfapps.eu10-004.hana.ondemand.com/"}
RESULT: undefined
COMMAND: GET /session/00377494c9177dc39dc7c331b478fd1b/screenshot - {}
RESULT: {"using":"css selector","value":"#j_username"}
COMMAND: POST /session/00377494c9177dc39dc7c331b478fd1b/element - {"using":"css selector","value":"#shell-header-logo"}
RESULT: {}
RESULT: {"using":"css selector","value":"#shell-header-logo"}
COMMAND: POST /session/00377494c9177dc39dc7c331b478fd1b/execute/sync - {"script":"<script> [8489 bytes]","args":[{"element-6066-11e4-a52e-4f735466cecf":"f.BC6A9895F84C302F47B04B2C9514348C.d.1139BB0A1CA0BA5E5B9596FAE02739FC.e.6136","ELEMENT":"f.BC6A9895F84C302F47B04B2C9514348C.d.1139BB0A1CA0BA5E5B9596FAE02739FC.e.6136"}]}
RESULT: {"script":"<script> [8489 bytes]","args":[{"element-6066-11e4-a52e-4f735466cecf":"f.BC6A9895F84C302F47B04B2C9514348C.d.1139BB0A1CA0BA5E5B9596FAE02739FC.e.6136","ELEMENT":"f.BC6A9895F84C302F47B04B2C9514348C.d.1139BB0A1CA0BA5E5B9596FAE02739FC.e.6136"}]}
COMMAND: POST /session/00377494c9177dc39dc7c331b478fd1b/element - {"using":"css selector","value":"#shell-header-logo"}
COMMAND: GET /session/00377494c9177dc39dc7c331b478fd1b/screenshot - {}
RESULT: {"using":"css selector","value":"#shell-header-logo"}
COMMAND: POST /session/00377494c9177dc39dc7c331b478fd1b/execute/sync - {"script":"<script> [8489 bytes]","args":[{"element-6066-11e4-a52e-4f735466cecf":"f.BC6A9895F84C302F47B04B2C9514348C.d.1139BB0A1CA0BA5E5B9596FAE02739FC.e.6136","ELEMENT":"f.BC6A9895F84C302F47B04B2C9514348C.d.1139BB0A1CA0BA5E5B9596FAE02739FC.e.6136"}]}
RESULT: {}
RESULT: {"script":"<script> [8489 bytes]","args":[{"element-6066-11e4-a52e-4f735466cecf":"f.BC6A9895F84C302F47B04B2C9514348C.d.1139BB0A1CA0BA5E5B9596FAE02739FC.e.6136","ELEMENT":"f.BC6A9895F84C302F47B04B2C9514348C.d.1139BB0A1CA0BA5E5B9596FAE02739FC.e.6136"}]}
COMMAND: POST /session/00377494c9177dc39dc7c331b478fd1b/execute/sync - {"script":"<script> [5351 bytes]","args":[{"element-6066-11e4-a52e-4f735466cecf":"f.BC6A9895F84C302F47B04B2C9514348C.d.1139BB0A1CA0BA5E5B9596FAE02739FC.e.6136","ELEMENT":"f.BC6A9895F84C302F47B04B2C9514348C.d.1139BB0A1CA0BA5E5B9596FAE02739FC.e.6136"}]}
COMMAND: GET /session/00377494c9177dc39dc7c331b478fd1b/screenshot - {}
RESULT: {"script":"<script> [5351 bytes]","args":[{"element-6066-11e4-a52e-4f735466cecf":"f.BC6A9895F84C302F47B04B2C9514348C.d.1139BB0A1CA0BA5E5B9596FAE02739FC.e.6136","ELEMENT":"f.BC6A9895F84C302F47B04B2C9514348C.d.1139BB0A1CA0BA5E5B9596FAE02739FC.e.6136"}]}
COMMAND: POST /session/00377494c9177dc39dc7c331b478fd1b/element - {"using":"css selector","value":"#shell-header-logo"}
COMMAND: GET /session/00377494c9177dc39dc7c331b478fd1b/screenshot - {}
RESULT: {}
RESULT: {"using":"css selector","value":"#shell-header-logo"}
COMMAND: POST /session/00377494c9177dc39dc7c331b478fd1b/element/f.BC6A9895F84C302F47B04B2C9514348C.d.1139BB0A1CA0BA5E5B9596FAE02739FC.e.6136/click - {}
RESULT: {}
RESULT: {}
COMMAND: GET /session/00377494c9177dc39dc7c331b478fd1b/screenshot - {}
RESULT: {}
COMMAND: POST /session/00377494c9177dc39dc7c331b478fd1b/execute/async - {"script":"<script> [189 bytes]","args":[]}
RESULT: {"script":"<script> [189 bytes]","args":[]}
COMMAND: POST /session/00377494c9177dc39dc7c331b478fd1b/execute/async - {"script":"<script> [123 bytes]","args":[]}
RESULT: {"script":"<script> [123 bytes]","args":[]}
COMMAND: POST /session/00377494c9177dc39dc7c331b478fd1b/timeouts - {"script":"<number>"}
RESULT: {"script":"<number>"}
COMMAND: GET /session/00377494c9177dc39dc7c331b478fd1b/timeouts - {}
RESULT: {}
RESULT: undefined
COMMAND: POST /session/00377494c9177dc39dc7c331b478fd1b/execute/async - {"script":"<script> [2676 bytes]","args":[]}
RESULT: {"script":"<script> [2676 bytes]","args":[]}
COMMAND: POST /session/00377494c9177dc39dc7c331b478fd1b/execute/async - {"script":"<script> [2342 bytes]","args":[{"protocol":"http","hostname":"0.0.0.0","path":"/","capabilities":{"browserName":"chrome","goog:chromeOptions":{"binary":"C:\\Program Files\\Google\\Chrome\\Application\\chrome.exe","args":["--start-maximized"]}},"logLevel":"warn","connectionRetryTimeout":120000,"connectionRetryCount":3,"logLevels":{},"enableDirectConnect":true,"strictSSL":true,"_":"65 more keys: [\"cacheDir\",\"port\",\"requestedCapabilities\",\"automationProtocol\",\"baseUrl\",\"waitforInterval\",\"waitforTimeout\",\"onReload\",\"beforeCommand\",\"afterCommand\",\"rootDir\",\"specs\",\"suites\",\"exclude\",\"groupLogsByTestSpec\",\"excludeDriverLogs\",\"bail\",\"framework\",\"reporters\",\"services\",\"maxInstances\",\"maxInstancesPerCapability\",\"injectGlobals\",\"filesToWatch\",\"execArgv\",\"runnerEnv\",\"runner\",\"shard\",\"specFileRetries\",\"specFileRetriesDelay\",\"specFileRetriesDeferred\",\"reporterSyncInterval\",\"reporterSyncTimeout\",\"cucumberFeaturesWithLineNumbers\",\"autoCompileOpts\",\"mochaOpts\",\"jasmineOpts\",\"cucumberOpts\",\"onPrepare\",\"onWorkerStart\",\"onWorkerEnd\",\"before\",\"beforeSession\",\"beforeSuite\",\"beforeHook\",\"beforeTest\",\"afterTest\",\"afterHook\",\"afterSuite\",\"afterSession\",\"after\",\"onComplete\",\"beforeAssertion\",\"afterAssertion\",\"beforeFeature\",\"beforeScenario\",\"beforeStep\",\"afterStep\",\"afterScenario\",\"afterFeature\",\"_\",\"suite\",\"$0\",\"ignoredWorkerServices\",\"wdi5\"]"}]}
RESULT: {"script":"<script> [2342 bytes]","args":[{"protocol":"http","hostname":"0.0.0.0","path":"/","capabilities":{"browserName":"chrome","goog:chromeOptions":{"binary":"C:\\Program Files\\Google\\Chrome\\Application\\chrome.exe","args":["--start-maximized"]}},"logLevel":"warn","connectionRetryTimeout":120000,"connectionRetryCount":3,"logLevels":{},"enableDirectConnect":true,"strictSSL":true,"_":"65 more keys: [\"cacheDir\",\"port\",\"requestedCapabilities\",\"automationProtocol\",\"baseUrl\",\"waitforInterval\",\"waitforTimeout\",\"onReload\",\"beforeCommand\",\"afterCommand\",\"rootDir\",\"specs\",\"suites\",\"exclude\",\"groupLogsByTestSpec\",\"excludeDriverLogs\",\"bail\",\"framework\",\"reporters\",\"services\",\"maxInstances\",\"maxInstancesPerCapability\",\"injectGlobals\",\"filesToWatch\",\"execArgv\",\"runnerEnv\",\"runner\",\"shard\",\"specFileRetries\",\"specFileRetriesDelay\",\"specFileRetriesDeferred\",\"reporterSyncInterval\",\"reporterSyncTimeout\",\"cucumberFeaturesWithLineNumbers\",\"autoCompileOpts\",\"mochaOpts\",\"jasmineOpts\",\"cucumberOpts\",\"onPrepare\",\"onWorkerStart\",\"onWorkerEnd\",\"before\",\"beforeSession\",\"beforeSuite\",\"beforeHook\",\"beforeTest\",\"afterTest\",\"afterHook\",\"afterSuite\",\"afterSession\",\"after\",\"onComplete\",\"beforeAssertion\",\"afterAssertion\",\"beforeFeature\",\"beforeScenario\",\"beforeStep\",\"afterStep\",\"afterScenario\",\"afterFeature\",\"_\",\"suite\",\"$0\",\"ignoredWorkerServices\",\"wdi5\"]"}]}
COMMAND: POST /session/00377494c9177dc39dc7c331b478fd1b/execute/async - {"script":"<script> [21126 bytes]","args":[35000]}
RESULT: {"script":"<script> [21126 bytes]","args":[35000]}
COMMAND: POST /session/00377494c9177dc39dc7c331b478fd1b/window/maximize - {}
RESULT: {}
COMMAND: POST /session/00377494c9177dc39dc7c331b478fd1b/execute/async - {"script":"<script> [1562 bytes]","args":[{"selector":{"id":"shell-header","interaction":{"idSuffix":"icon"}},"wdio_ui5_key":"shellheader"}]}
COMMAND: GET /session/00377494c9177dc39dc7c331b478fd1b/screenshot - {}
RESULT: {"script":"<script> [1562 bytes]","args":[{"selector":{"id":"shell-header","interaction":{"idSuffix":"icon"}},"wdio_ui5_key":"shellheader"}]}
RESULT: undefined
RESULT: {}
COMMAND: POST /session/00377494c9177dc39dc7c331b478fd1b/execute/async - {"script":"<script> [1562 bytes]","args":[{"selector":{"controlType":"sap.m.Title","i18NText":{"propertyName":"text","key":"dataCollectionAgreement"},"searchOpenDialogs":true},"wdio_ui5_key":"sapm.Title{\"propertyName\":\"text\",\"key\":\"dataCollectionAgreement\"}"}]}
RESULT: {"script":"<script> [1562 bytes]","args":[{"selector":{"controlType":"sap.m.Title","i18NText":{"propertyName":"text","key":"dataCollectionAgreement"},"searchOpenDialogs":true},"wdio_ui5_key":"sapm.Title{\"propertyName\":\"text\",\"key\":\"dataCollectionAgreement\"}"}]}
RESULT: undefined
COMMAND: POST /session/00377494c9177dc39dc7c331b478fd1b/execute/async - {"script":"<script> [1562 bytes]","args":[{"selector":{"controlType":"sap.m.GenericTile","properties":{"header":"Manage Resources"}},"wdio_ui5_key":"sapm.GenericTile{\"header\":\"Manage Resources\"}"}]}
RESULT: {"script":"<script> [1562 bytes]","args":[{"selector":{"controlType":"sap.m.GenericTile","properties":{"header":"Manage Resources"}},"wdio_ui5_key":"sapm.GenericTile{\"header\":\"Manage Resources\"}"}]}
RESULT: undefined
COMMAND: POST /session/00377494c9177dc39dc7c331b478fd1b/element - {"using":"xpath","value":"//*[@id=\"__tile31\"]"}
RESULT: {"using":"xpath","value":"//*[@id=\"__tile31\"]"}
COMMAND: POST /session/00377494c9177dc39dc7c331b478fd1b/element/f.BC6A9895F84C302F47B04B2C9514348C.d.1139BB0A1CA0BA5E5B9596FAE02739FC.e.6154/click - {}
RESULT: {}
COMMAND: GET /session/00377494c9177dc39dc7c331b478fd1b/screenshot - {}
RESULT: {}
COMMAND: POST /session/00377494c9177dc39dc7c331b478fd1b/elements - {"using":"xpath","value":"//span[text()='Error']"}
RESULT: {"using":"xpath","value":"//span[text()='Error']"}
]]></system-out>
    </testcase>
  </testsuite>
  <testsuite timestamp="2025-05-14T06:33:14" time="435.431" tests="2" failures="2" errors="2" skipped="0">
    <properties>
      <property name="specId" value="0" />
      <property name="suiteName" value="Create 2 RU material US118246" />
      <property name="capabilities" value="chrome.136_0_7103_49.windows" />
      <property name="file" value="file:///D:/a/1/s/test/specs/R2C/create-material.spec.js" />
    </properties>
  </testsuite>
  <testsuite timestamp="2025-05-14T06:40:29" time="269.493" tests="1" failures="0" errors="0" skipped="0">
    <properties>
      <property name="specId" value="0" />
      <property name="suiteName" value="create-equipment" />
      <property name="capabilities" value="chrome.136_0_7103_49.windows" />
      <property name="file" value="file:///D:/a/1/s/test/specs/R2C/create-equipment.spec.js" />
    </properties>
    <testcase classname="chrome.136_0_7103_49.windows.create-equipment" name="create equipment" time="255.979">
      <system-out><![CDATA[
COMMAND: POST /session/00377494c9177dc39dc7c331b478fd1b/execute/async - {"script":"<script> [1562 bytes]","args":[{"selector":{"controlType":"sap.m.GenericTile","properties":{"header":"Manage Resources"}},"wdio_ui5_key":"sapm.GenericTile{\"header\":\"Manage Resources\"}"}]}
RESULT: {}
RESULT: {"script":"<script> [1562 bytes]","args":[{"selector":{"controlType":"sap.m.GenericTile","properties":{"header":"Manage Resources"}},"wdio_ui5_key":"sapm.GenericTile{\"header\":\"Manage Resources\"}"}]}
RESULT: undefined
COMMAND: POST /session/00377494c9177dc39dc7c331b478fd1b/element - {"using":"xpath","value":"//*[@id=\"__tile39\"]"}
RESULT: {"using":"xpath","value":"//*[@id=\"__tile39\"]"}
COMMAND: POST /session/00377494c9177dc39dc7c331b478fd1b/element/f.BC6A9895F84C302F47B04B2C9514348C.d.A0136FF06D32702749283588F64E01B8.e.6751/click - {}
RESULT: {}
COMMAND: GET /session/00377494c9177dc39dc7c331b478fd1b/screenshot - {}
RESULT: {}
COMMAND: POST /session/00377494c9177dc39dc7c331b478fd1b/elements - {"using":"xpath","value":"//span[text()='Error']"}
RESULT: {"using":"xpath","value":"//span[text()='Error']"}
COMMAND: POST /session/00377494c9177dc39dc7c331b478fd1b/element - {"using":"xpath","value":"//button[@data-kt=\"addNewRUOverflowToolbarButton\"]"}
RESULT: {"using":"xpath","value":"//button[@data-kt=\"addNewRUOverflowToolbarButton\"]"}
COMMAND: POST /session/00377494c9177dc39dc7c331b478fd1b/execute/sync - {"script":"<script> [8489 bytes]","args":[{"element-6066-11e4-a52e-4f735466cecf":"f.BC6A9895F84C302F47B04B2C9514348C.d.A0136FF06D32702749283588F64E01B8.e.6794","ELEMENT":"f.BC6A9895F84C302F47B04B2C9514348C.d.A0136FF06D32702749283588F64E01B8.e.6794"}]}
RESULT: {"script":"<script> [8489 bytes]","args":[{"element-6066-11e4-a52e-4f735466cecf":"f.BC6A9895F84C302F47B04B2C9514348C.d.A0136FF06D32702749283588F64E01B8.e.6794","ELEMENT":"f.BC6A9895F84C302F47B04B2C9514348C.d.A0136FF06D32702749283588F64E01B8.e.6794"}]}
COMMAND: POST /session/00377494c9177dc39dc7c331b478fd1b/element/f.BC6A9895F84C302F47B04B2C9514348C.d.A0136FF06D32702749283588F64E01B8.e.6794/click - {}
COMMAND: GET /session/00377494c9177dc39dc7c331b478fd1b/screenshot - {}
RESULT: {}
COMMAND: GET /session/00377494c9177dc39dc7c331b478fd1b/screenshot - {}
RESULT: {}
RESULT: {}
COMMAND: POST /session/00377494c9177dc39dc7c331b478fd1b/execute/async - {"script":"<script> [1562 bytes]","args":[{"selector":{"controlType":"sap.m.ComboBox","viewName":"reusables.view.manageresources.NewResourceUnit","viewId":"application-manageresources-display-component---newResourceUnit","bindingPath":{"path":"","propertyPath":"/RuTypes","modelName":"catalogModel"},"searchOpenDialogs":true},"wdio_ui5_key":"reusablesview.manageresources.NewResourceUnitsap.m.ComboBox{\"path\":\"\",\"propertyPath\":\"/RuTypes\",\"modelName\":\"catalogModel\"}"}]}
RESULT: {"script":"<script> [1562 bytes]","args":[{"selector":{"controlType":"sap.m.ComboBox","viewName":"reusables.view.manageresources.NewResourceUnit","viewId":"application-manageresources-display-component---newResourceUnit","bindingPath":{"path":"","propertyPath":"/RuTypes","modelName":"catalogModel"},"searchOpenDialogs":true},"wdio_ui5_key":"reusablesview.manageresources.NewResourceUnitsap.m.ComboBox{\"path\":\"\",\"propertyPath\":\"/RuTypes\",\"modelName\":\"catalogModel\"}"}]}
RESULT: undefined
COMMAND: POST /session/00377494c9177dc39dc7c331b478fd1b/execute/async - {"script":"<script> [1562 bytes]","args":[{"selector":{"controlType":"sap.m.ComboBox","viewName":"reusables.view.manageresources.NewResourceUnit","viewId":"application-manageresources-display-component---newResourceUnit","bindingPath":{"path":"","propertyPath":"/Yards","modelName":"catalogModel"},"searchOpenDialogs":true},"wdio_ui5_key":"reusablesview.manageresources.NewResourceUnitsap.m.ComboBox{\"path\":\"\",\"propertyPath\":\"/Yards\",\"modelName\":\"catalogModel\"}"}]}
RESULT: {"script":"<script> [1562 bytes]","args":[{"selector":{"controlType":"sap.m.ComboBox","viewName":"reusables.view.manageresources.NewResourceUnit","viewId":"application-manageresources-display-component---newResourceUnit","bindingPath":{"path":"","propertyPath":"/Yards","modelName":"catalogModel"},"searchOpenDialogs":true},"wdio_ui5_key":"reusablesview.manageresources.NewResourceUnitsap.m.ComboBox{\"path\":\"\",\"propertyPath\":\"/Yards\",\"modelName\":\"catalogModel\"}"}]}
RESULT: undefined
COMMAND: POST /session/00377494c9177dc39dc7c331b478fd1b/execute/async - {"script":"<script> [1562 bytes]","args":[{"selector":{"controlType":"etm.portal.ui.reusables.customControls.LiveSearchComboBox","viewName":"reusables.view.manageresources.NewResourceUnit","viewId":"application-manageresources-display-component---newResourceUnit","bindingPath":{"path":"","propertyPath":"/CatalogItems","modelName":"catalogModel"},"searchOpenDialogs":true},"wdio_ui5_key":"reusablesview.manageresources.NewResourceUnitetm.portal.ui.reusables.customControls.LiveSearchComboBox{\"path\":\"\",\"propertyPath\":\"/CatalogItems\",\"modelName\":\"catalogModel\"}"}]}
RESULT: {"script":"<script> [1562 bytes]","args":[{"selector":{"controlType":"etm.portal.ui.reusables.customControls.LiveSearchComboBox","viewName":"reusables.view.manageresources.NewResourceUnit","viewId":"application-manageresources-display-component---newResourceUnit","bindingPath":{"path":"","propertyPath":"/CatalogItems","modelName":"catalogModel"},"searchOpenDialogs":true},"wdio_ui5_key":"reusablesview.manageresources.NewResourceUnitetm.portal.ui.reusables.customControls.LiveSearchComboBox{\"path\":\"\",\"propertyPath\":\"/CatalogItems\",\"modelName\":\"catalogModel\"}"}]}
RESULT: undefined
COMMAND: POST /session/00377494c9177dc39dc7c331b478fd1b/element - {"using":"xpath","value":"//bdi[text()=\"OK\"]"}
RESULT: {"using":"xpath","value":"//bdi[text()=\"OK\"]"}
COMMAND: POST /session/00377494c9177dc39dc7c331b478fd1b/elements - {"using":"xpath","value":"//bdi[text()=\"OK\"]"}
RESULT: {"using":"xpath","value":"//bdi[text()=\"OK\"]"}
COMMAND: POST /session/00377494c9177dc39dc7c331b478fd1b/elements - {"using":"xpath","value":"//bdi[text()=\"OK\"]"}
RESULT: {"using":"xpath","value":"//bdi[text()=\"OK\"]"}
COMMAND: POST /session/00377494c9177dc39dc7c331b478fd1b/elements - {"using":"xpath","value":"//bdi[text()=\"OK\"]"}
RESULT: {"using":"xpath","value":"//bdi[text()=\"OK\"]"}
COMMAND: POST /session/00377494c9177dc39dc7c331b478fd1b/elements - {"using":"xpath","value":"//bdi[text()=\"OK\"]"}
RESULT: {"using":"xpath","value":"//bdi[text()=\"OK\"]"}
COMMAND: POST /session/00377494c9177dc39dc7c331b478fd1b/elements - {"using":"xpath","value":"//bdi[text()=\"OK\"]"}
RESULT: {"using":"xpath","value":"//bdi[text()=\"OK\"]"}
COMMAND: POST /session/00377494c9177dc39dc7c331b478fd1b/elements - {"using":"xpath","value":"//bdi[text()=\"OK\"]"}
RESULT: {"using":"xpath","value":"//bdi[text()=\"OK\"]"}
COMMAND: POST /session/00377494c9177dc39dc7c331b478fd1b/elements - {"using":"xpath","value":"//bdi[text()=\"OK\"]"}
RESULT: {"using":"xpath","value":"//bdi[text()=\"OK\"]"}
COMMAND: POST /session/00377494c9177dc39dc7c331b478fd1b/elements - {"using":"xpath","value":"//bdi[text()=\"OK\"]"}
RESULT: {"using":"xpath","value":"//bdi[text()=\"OK\"]"}
COMMAND: POST /session/00377494c9177dc39dc7c331b478fd1b/elements - {"using":"xpath","value":"//bdi[text()=\"OK\"]"}
RESULT: {"using":"xpath","value":"//bdi[text()=\"OK\"]"}
COMMAND: POST /session/00377494c9177dc39dc7c331b478fd1b/elements - {"using":"xpath","value":"//bdi[text()=\"OK\"]"}
RESULT: {"using":"xpath","value":"//bdi[text()=\"OK\"]"}
COMMAND: POST /session/00377494c9177dc39dc7c331b478fd1b/elements - {"using":"xpath","value":"//bdi[text()=\"OK\"]"}
RESULT: {"using":"xpath","value":"//bdi[text()=\"OK\"]"}
COMMAND: POST /session/00377494c9177dc39dc7c331b478fd1b/elements - {"using":"xpath","value":"//bdi[text()=\"OK\"]"}
RESULT: {"using":"xpath","value":"//bdi[text()=\"OK\"]"}
COMMAND: POST /session/00377494c9177dc39dc7c331b478fd1b/elements - {"using":"xpath","value":"//bdi[text()=\"OK\"]"}
RESULT: {"using":"xpath","value":"//bdi[text()=\"OK\"]"}
COMMAND: POST /session/00377494c9177dc39dc7c331b478fd1b/elements - {"using":"xpath","value":"//bdi[text()=\"OK\"]"}
RESULT: {"using":"xpath","value":"//bdi[text()=\"OK\"]"}
COMMAND: POST /session/00377494c9177dc39dc7c331b478fd1b/elements - {"using":"xpath","value":"//bdi[text()=\"OK\"]"}
RESULT: {"using":"xpath","value":"//bdi[text()=\"OK\"]"}
COMMAND: POST /session/00377494c9177dc39dc7c331b478fd1b/elements - {"using":"xpath","value":"//bdi[text()=\"OK\"]"}
RESULT: {"using":"xpath","value":"//bdi[text()=\"OK\"]"}
COMMAND: POST /session/00377494c9177dc39dc7c331b478fd1b/elements - {"using":"xpath","value":"//bdi[text()=\"OK\"]"}
RESULT: {"using":"xpath","value":"//bdi[text()=\"OK\"]"}
COMMAND: POST /session/00377494c9177dc39dc7c331b478fd1b/elements - {"using":"xpath","value":"//bdi[text()=\"OK\"]"}
RESULT: {"using":"xpath","value":"//bdi[text()=\"OK\"]"}
COMMAND: POST /session/00377494c9177dc39dc7c331b478fd1b/elements - {"using":"xpath","value":"//bdi[text()=\"OK\"]"}
RESULT: {"using":"xpath","value":"//bdi[text()=\"OK\"]"}
COMMAND: POST /session/00377494c9177dc39dc7c331b478fd1b/elements - {"using":"xpath","value":"//bdi[text()=\"OK\"]"}
RESULT: {"using":"xpath","value":"//bdi[text()=\"OK\"]"}
COMMAND: POST /session/00377494c9177dc39dc7c331b478fd1b/elements - {"using":"xpath","value":"//bdi[text()=\"OK\"]"}
RESULT: {"using":"xpath","value":"//bdi[text()=\"OK\"]"}
COMMAND: POST /session/00377494c9177dc39dc7c331b478fd1b/elements - {"using":"xpath","value":"//bdi[text()=\"OK\"]"}
RESULT: {"using":"xpath","value":"//bdi[text()=\"OK\"]"}
COMMAND: POST /session/00377494c9177dc39dc7c331b478fd1b/elements - {"using":"xpath","value":"//bdi[text()=\"OK\"]"}
RESULT: {"using":"xpath","value":"//bdi[text()=\"OK\"]"}
COMMAND: POST /session/00377494c9177dc39dc7c331b478fd1b/elements - {"using":"xpath","value":"//bdi[text()=\"OK\"]"}
RESULT: {"using":"xpath","value":"//bdi[text()=\"OK\"]"}
COMMAND: POST /session/00377494c9177dc39dc7c331b478fd1b/elements - {"using":"xpath","value":"//bdi[text()=\"OK\"]"}
RESULT: {"using":"xpath","value":"//bdi[text()=\"OK\"]"}
COMMAND: POST /session/00377494c9177dc39dc7c331b478fd1b/elements - {"using":"xpath","value":"//bdi[text()=\"OK\"]"}
RESULT: {"using":"xpath","value":"//bdi[text()=\"OK\"]"}
COMMAND: POST /session/00377494c9177dc39dc7c331b478fd1b/elements - {"using":"xpath","value":"//bdi[text()=\"OK\"]"}
RESULT: {"using":"xpath","value":"//bdi[text()=\"OK\"]"}
COMMAND: POST /session/00377494c9177dc39dc7c331b478fd1b/elements - {"using":"xpath","value":"//bdi[text()=\"OK\"]"}
RESULT: {"using":"xpath","value":"//bdi[text()=\"OK\"]"}
COMMAND: POST /session/00377494c9177dc39dc7c331b478fd1b/elements - {"using":"xpath","value":"//bdi[text()=\"OK\"]"}
RESULT: {"using":"xpath","value":"//bdi[text()=\"OK\"]"}
COMMAND: POST /session/00377494c9177dc39dc7c331b478fd1b/elements - {"using":"xpath","value":"//bdi[text()=\"OK\"]"}
RESULT: {"using":"xpath","value":"//bdi[text()=\"OK\"]"}
COMMAND: POST /session/00377494c9177dc39dc7c331b478fd1b/elements - {"using":"xpath","value":"//bdi[text()=\"OK\"]"}
RESULT: {"using":"xpath","value":"//bdi[text()=\"OK\"]"}
COMMAND: POST /session/00377494c9177dc39dc7c331b478fd1b/elements - {"using":"xpath","value":"//bdi[text()=\"OK\"]"}
RESULT: {"using":"xpath","value":"//bdi[text()=\"OK\"]"}
COMMAND: POST /session/00377494c9177dc39dc7c331b478fd1b/elements - {"using":"xpath","value":"//bdi[text()=\"OK\"]"}
RESULT: {"using":"xpath","value":"//bdi[text()=\"OK\"]"}
COMMAND: POST /session/00377494c9177dc39dc7c331b478fd1b/elements - {"using":"xpath","value":"//bdi[text()=\"OK\"]"}
RESULT: {"using":"xpath","value":"//bdi[text()=\"OK\"]"}
COMMAND: POST /session/00377494c9177dc39dc7c331b478fd1b/elements - {"using":"xpath","value":"//bdi[text()=\"OK\"]"}
RESULT: {"using":"xpath","value":"//bdi[text()=\"OK\"]"}
COMMAND: POST /session/00377494c9177dc39dc7c331b478fd1b/elements - {"using":"xpath","value":"//bdi[text()=\"OK\"]"}
RESULT: {"using":"xpath","value":"//bdi[text()=\"OK\"]"}
COMMAND: POST /session/00377494c9177dc39dc7c331b478fd1b/elements - {"using":"xpath","value":"//bdi[text()=\"OK\"]"}
RESULT: {"using":"xpath","value":"//bdi[text()=\"OK\"]"}
COMMAND: POST /session/00377494c9177dc39dc7c331b478fd1b/elements - {"using":"xpath","value":"//bdi[text()=\"OK\"]"}
RESULT: {"using":"xpath","value":"//bdi[text()=\"OK\"]"}
COMMAND: POST /session/00377494c9177dc39dc7c331b478fd1b/elements - {"using":"xpath","value":"//bdi[text()=\"OK\"]"}
RESULT: {"using":"xpath","value":"//bdi[text()=\"OK\"]"}
COMMAND: POST /session/00377494c9177dc39dc7c331b478fd1b/elements - {"using":"xpath","value":"//bdi[text()=\"OK\"]"}
RESULT: {"using":"xpath","value":"//bdi[text()=\"OK\"]"}
COMMAND: POST /session/00377494c9177dc39dc7c331b478fd1b/elements - {"using":"xpath","value":"//bdi[text()=\"OK\"]"}
RESULT: {"using":"xpath","value":"//bdi[text()=\"OK\"]"}
COMMAND: POST /session/00377494c9177dc39dc7c331b478fd1b/elements - {"using":"xpath","value":"//bdi[text()=\"OK\"]"}
RESULT: {"using":"xpath","value":"//bdi[text()=\"OK\"]"}
COMMAND: POST /session/00377494c9177dc39dc7c331b478fd1b/elements - {"using":"xpath","value":"//bdi[text()=\"OK\"]"}
RESULT: {"using":"xpath","value":"//bdi[text()=\"OK\"]"}
COMMAND: POST /session/00377494c9177dc39dc7c331b478fd1b/elements - {"using":"xpath","value":"//bdi[text()=\"OK\"]"}
RESULT: {"using":"xpath","value":"//bdi[text()=\"OK\"]"}
COMMAND: POST /session/00377494c9177dc39dc7c331b478fd1b/elements - {"using":"xpath","value":"//bdi[text()=\"OK\"]"}
RESULT: {"using":"xpath","value":"//bdi[text()=\"OK\"]"}
COMMAND: POST /session/00377494c9177dc39dc7c331b478fd1b/elements - {"using":"xpath","value":"//bdi[text()=\"OK\"]"}
RESULT: {"using":"xpath","value":"//bdi[text()=\"OK\"]"}
COMMAND: POST /session/00377494c9177dc39dc7c331b478fd1b/elements - {"using":"xpath","value":"//bdi[text()=\"OK\"]"}
RESULT: {"using":"xpath","value":"//bdi[text()=\"OK\"]"}
COMMAND: POST /session/00377494c9177dc39dc7c331b478fd1b/elements - {"using":"xpath","value":"//bdi[text()=\"OK\"]"}
RESULT: {"using":"xpath","value":"//bdi[text()=\"OK\"]"}
COMMAND: POST /session/00377494c9177dc39dc7c331b478fd1b/elements - {"using":"xpath","value":"//bdi[text()=\"OK\"]"}
RESULT: {"using":"xpath","value":"//bdi[text()=\"OK\"]"}
COMMAND: POST /session/00377494c9177dc39dc7c331b478fd1b/elements - {"using":"xpath","value":"//bdi[text()=\"OK\"]"}
RESULT: {"using":"xpath","value":"//bdi[text()=\"OK\"]"}
COMMAND: POST /session/00377494c9177dc39dc7c331b478fd1b/elements - {"using":"xpath","value":"//bdi[text()=\"OK\"]"}
RESULT: {"using":"xpath","value":"//bdi[text()=\"OK\"]"}
COMMAND: POST /session/00377494c9177dc39dc7c331b478fd1b/elements - {"using":"xpath","value":"//bdi[text()=\"OK\"]"}
RESULT: {"using":"xpath","value":"//bdi[text()=\"OK\"]"}
COMMAND: POST /session/00377494c9177dc39dc7c331b478fd1b/elements - {"using":"xpath","value":"//bdi[text()=\"OK\"]"}
RESULT: {"using":"xpath","value":"//bdi[text()=\"OK\"]"}
COMMAND: POST /session/00377494c9177dc39dc7c331b478fd1b/elements - {"using":"xpath","value":"//bdi[text()=\"OK\"]"}
RESULT: {"using":"xpath","value":"//bdi[text()=\"OK\"]"}
COMMAND: POST /session/00377494c9177dc39dc7c331b478fd1b/elements - {"using":"xpath","value":"//bdi[text()=\"OK\"]"}
RESULT: {"using":"xpath","value":"//bdi[text()=\"OK\"]"}
COMMAND: POST /session/00377494c9177dc39dc7c331b478fd1b/elements - {"using":"xpath","value":"//bdi[text()=\"OK\"]"}
RESULT: {"using":"xpath","value":"//bdi[text()=\"OK\"]"}
COMMAND: POST /session/00377494c9177dc39dc7c331b478fd1b/elements - {"using":"xpath","value":"//bdi[text()=\"OK\"]"}
RESULT: {"using":"xpath","value":"//bdi[text()=\"OK\"]"}
COMMAND: POST /session/00377494c9177dc39dc7c331b478fd1b/elements - {"using":"xpath","value":"//bdi[text()=\"OK\"]"}
RESULT: {"using":"xpath","value":"//bdi[text()=\"OK\"]"}
COMMAND: POST /session/00377494c9177dc39dc7c331b478fd1b/elements - {"using":"xpath","value":"//bdi[text()=\"OK\"]"}
RESULT: {"using":"xpath","value":"//bdi[text()=\"OK\"]"}
COMMAND: POST /session/00377494c9177dc39dc7c331b478fd1b/elements - {"using":"xpath","value":"//bdi[text()=\"OK\"]"}
RESULT: {"using":"xpath","value":"//bdi[text()=\"OK\"]"}
COMMAND: POST /session/00377494c9177dc39dc7c331b478fd1b/elements - {"using":"xpath","value":"//bdi[text()=\"OK\"]"}
RESULT: {"using":"xpath","value":"//bdi[text()=\"OK\"]"}
COMMAND: POST /session/00377494c9177dc39dc7c331b478fd1b/elements - {"using":"xpath","value":"//bdi[text()=\"OK\"]"}
RESULT: {"using":"xpath","value":"//bdi[text()=\"OK\"]"}
COMMAND: POST /session/00377494c9177dc39dc7c331b478fd1b/elements - {"using":"xpath","value":"//bdi[text()=\"OK\"]"}
RESULT: {"using":"xpath","value":"//bdi[text()=\"OK\"]"}
COMMAND: POST /session/00377494c9177dc39dc7c331b478fd1b/elements - {"using":"xpath","value":"//bdi[text()=\"OK\"]"}
RESULT: {"using":"xpath","value":"//bdi[text()=\"OK\"]"}
COMMAND: POST /session/00377494c9177dc39dc7c331b478fd1b/elements - {"using":"xpath","value":"//bdi[text()=\"OK\"]"}
RESULT: {"using":"xpath","value":"//bdi[text()=\"OK\"]"}
COMMAND: POST /session/00377494c9177dc39dc7c331b478fd1b/elements - {"using":"xpath","value":"//bdi[text()=\"OK\"]"}
RESULT: {"using":"xpath","value":"//bdi[text()=\"OK\"]"}
COMMAND: POST /session/00377494c9177dc39dc7c331b478fd1b/elements - {"using":"xpath","value":"//bdi[text()=\"OK\"]"}
RESULT: {"using":"xpath","value":"//bdi[text()=\"OK\"]"}
COMMAND: POST /session/00377494c9177dc39dc7c331b478fd1b/elements - {"using":"xpath","value":"//bdi[text()=\"OK\"]"}
RESULT: {"using":"xpath","value":"//bdi[text()=\"OK\"]"}
COMMAND: POST /session/00377494c9177dc39dc7c331b478fd1b/elements - {"using":"xpath","value":"//bdi[text()=\"OK\"]"}
RESULT: {"using":"xpath","value":"//bdi[text()=\"OK\"]"}
COMMAND: POST /session/00377494c9177dc39dc7c331b478fd1b/elements - {"using":"xpath","value":"//bdi[text()=\"OK\"]"}
RESULT: {"using":"xpath","value":"//bdi[text()=\"OK\"]"}
COMMAND: POST /session/00377494c9177dc39dc7c331b478fd1b/elements - {"using":"xpath","value":"//bdi[text()=\"OK\"]"}
RESULT: {"using":"xpath","value":"//bdi[text()=\"OK\"]"}
COMMAND: POST /session/00377494c9177dc39dc7c331b478fd1b/elements - {"using":"xpath","value":"//bdi[text()=\"OK\"]"}
RESULT: {"using":"xpath","value":"//bdi[text()=\"OK\"]"}
COMMAND: POST /session/00377494c9177dc39dc7c331b478fd1b/elements - {"using":"xpath","value":"//bdi[text()=\"OK\"]"}
RESULT: {"using":"xpath","value":"//bdi[text()=\"OK\"]"}
COMMAND: POST /session/00377494c9177dc39dc7c331b478fd1b/elements - {"using":"xpath","value":"//bdi[text()=\"OK\"]"}
RESULT: {"using":"xpath","value":"//bdi[text()=\"OK\"]"}
COMMAND: POST /session/00377494c9177dc39dc7c331b478fd1b/elements - {"using":"xpath","value":"//bdi[text()=\"OK\"]"}
RESULT: {"using":"xpath","value":"//bdi[text()=\"OK\"]"}
COMMAND: POST /session/00377494c9177dc39dc7c331b478fd1b/elements - {"using":"xpath","value":"//bdi[text()=\"OK\"]"}
RESULT: {"using":"xpath","value":"//bdi[text()=\"OK\"]"}
COMMAND: POST /session/00377494c9177dc39dc7c331b478fd1b/elements - {"using":"xpath","value":"//bdi[text()=\"OK\"]"}
RESULT: {"using":"xpath","value":"//bdi[text()=\"OK\"]"}
COMMAND: POST /session/00377494c9177dc39dc7c331b478fd1b/elements - {"using":"xpath","value":"//bdi[text()=\"OK\"]"}
RESULT: {"using":"xpath","value":"//bdi[text()=\"OK\"]"}
COMMAND: POST /session/00377494c9177dc39dc7c331b478fd1b/elements - {"using":"xpath","value":"//bdi[text()=\"OK\"]"}
RESULT: {"using":"xpath","value":"//bdi[text()=\"OK\"]"}
COMMAND: POST /session/00377494c9177dc39dc7c331b478fd1b/elements - {"using":"xpath","value":"//bdi[text()=\"OK\"]"}
RESULT: {"using":"xpath","value":"//bdi[text()=\"OK\"]"}
COMMAND: POST /session/00377494c9177dc39dc7c331b478fd1b/elements - {"using":"xpath","value":"//bdi[text()=\"OK\"]"}
RESULT: {"using":"xpath","value":"//bdi[text()=\"OK\"]"}
COMMAND: POST /session/00377494c9177dc39dc7c331b478fd1b/elements - {"using":"xpath","value":"//bdi[text()=\"OK\"]"}
RESULT: {"using":"xpath","value":"//bdi[text()=\"OK\"]"}
COMMAND: POST /session/00377494c9177dc39dc7c331b478fd1b/elements - {"using":"xpath","value":"//bdi[text()=\"OK\"]"}
RESULT: {"using":"xpath","value":"//bdi[text()=\"OK\"]"}
COMMAND: POST /session/00377494c9177dc39dc7c331b478fd1b/elements - {"using":"xpath","value":"//bdi[text()=\"OK\"]"}
RESULT: {"using":"xpath","value":"//bdi[text()=\"OK\"]"}
COMMAND: POST /session/00377494c9177dc39dc7c331b478fd1b/elements - {"using":"xpath","value":"//bdi[text()=\"OK\"]"}
RESULT: {"using":"xpath","value":"//bdi[text()=\"OK\"]"}
COMMAND: POST /session/00377494c9177dc39dc7c331b478fd1b/elements - {"using":"xpath","value":"//bdi[text()=\"OK\"]"}
RESULT: {"using":"xpath","value":"//bdi[text()=\"OK\"]"}
COMMAND: POST /session/00377494c9177dc39dc7c331b478fd1b/elements - {"using":"xpath","value":"//bdi[text()=\"OK\"]"}
RESULT: {"using":"xpath","value":"//bdi[text()=\"OK\"]"}
COMMAND: POST /session/00377494c9177dc39dc7c331b478fd1b/elements - {"using":"xpath","value":"//bdi[text()=\"OK\"]"}
RESULT: {"using":"xpath","value":"//bdi[text()=\"OK\"]"}
COMMAND: POST /session/00377494c9177dc39dc7c331b478fd1b/elements - {"using":"xpath","value":"//bdi[text()=\"OK\"]"}
RESULT: {"using":"xpath","value":"//bdi[text()=\"OK\"]"}
COMMAND: POST /session/00377494c9177dc39dc7c331b478fd1b/elements - {"using":"xpath","value":"//bdi[text()=\"OK\"]"}
RESULT: {"using":"xpath","value":"//bdi[text()=\"OK\"]"}
COMMAND: POST /session/00377494c9177dc39dc7c331b478fd1b/elements - {"using":"xpath","value":"//bdi[text()=\"OK\"]"}
RESULT: {"using":"xpath","value":"//bdi[text()=\"OK\"]"}
COMMAND: POST /session/00377494c9177dc39dc7c331b478fd1b/elements - {"using":"xpath","value":"//bdi[text()=\"OK\"]"}
RESULT: {"using":"xpath","value":"//bdi[text()=\"OK\"]"}
COMMAND: POST /session/00377494c9177dc39dc7c331b478fd1b/elements - {"using":"xpath","value":"//bdi[text()=\"OK\"]"}
RESULT: {"using":"xpath","value":"//bdi[text()=\"OK\"]"}
COMMAND: POST /session/00377494c9177dc39dc7c331b478fd1b/elements - {"using":"xpath","value":"//bdi[text()=\"OK\"]"}
RESULT: {"using":"xpath","value":"//bdi[text()=\"OK\"]"}
COMMAND: POST /session/00377494c9177dc39dc7c331b478fd1b/elements - {"using":"xpath","value":"//bdi[text()=\"OK\"]"}
RESULT: {"using":"xpath","value":"//bdi[text()=\"OK\"]"}
COMMAND: POST /session/00377494c9177dc39dc7c331b478fd1b/elements - {"using":"xpath","value":"//bdi[text()=\"OK\"]"}
RESULT: {"using":"xpath","value":"//bdi[text()=\"OK\"]"}
COMMAND: POST /session/00377494c9177dc39dc7c331b478fd1b/elements - {"using":"xpath","value":"//bdi[text()=\"OK\"]"}
RESULT: {"using":"xpath","value":"//bdi[text()=\"OK\"]"}
COMMAND: POST /session/00377494c9177dc39dc7c331b478fd1b/elements - {"using":"xpath","value":"//bdi[text()=\"OK\"]"}
RESULT: {"using":"xpath","value":"//bdi[text()=\"OK\"]"}
COMMAND: POST /session/00377494c9177dc39dc7c331b478fd1b/elements - {"using":"xpath","value":"//bdi[text()=\"OK\"]"}
RESULT: {"using":"xpath","value":"//bdi[text()=\"OK\"]"}
COMMAND: POST /session/00377494c9177dc39dc7c331b478fd1b/elements - {"using":"xpath","value":"//bdi[text()=\"OK\"]"}
RESULT: {"using":"xpath","value":"//bdi[text()=\"OK\"]"}
COMMAND: POST /session/00377494c9177dc39dc7c331b478fd1b/elements - {"using":"xpath","value":"//bdi[text()=\"OK\"]"}
RESULT: {"using":"xpath","value":"//bdi[text()=\"OK\"]"}
COMMAND: POST /session/00377494c9177dc39dc7c331b478fd1b/elements - {"using":"xpath","value":"//bdi[text()=\"OK\"]"}
RESULT: {"using":"xpath","value":"//bdi[text()=\"OK\"]"}
COMMAND: POST /session/00377494c9177dc39dc7c331b478fd1b/elements - {"using":"xpath","value":"//bdi[text()=\"OK\"]"}
RESULT: {"using":"xpath","value":"//bdi[text()=\"OK\"]"}
COMMAND: POST /session/00377494c9177dc39dc7c331b478fd1b/elements - {"using":"xpath","value":"//bdi[text()=\"OK\"]"}
RESULT: {"using":"xpath","value":"//bdi[text()=\"OK\"]"}
COMMAND: POST /session/00377494c9177dc39dc7c331b478fd1b/elements - {"using":"xpath","value":"//bdi[text()=\"OK\"]"}
RESULT: {"using":"xpath","value":"//bdi[text()=\"OK\"]"}
COMMAND: POST /session/00377494c9177dc39dc7c331b478fd1b/elements - {"using":"xpath","value":"//bdi[text()=\"OK\"]"}
RESULT: {"using":"xpath","value":"//bdi[text()=\"OK\"]"}
COMMAND: POST /session/00377494c9177dc39dc7c331b478fd1b/elements - {"using":"xpath","value":"//bdi[text()=\"OK\"]"}
RESULT: {"using":"xpath","value":"//bdi[text()=\"OK\"]"}
COMMAND: POST /session/00377494c9177dc39dc7c331b478fd1b/elements - {"using":"xpath","value":"//bdi[text()=\"OK\"]"}
RESULT: {"using":"xpath","value":"//bdi[text()=\"OK\"]"}
COMMAND: POST /session/00377494c9177dc39dc7c331b478fd1b/elements - {"using":"xpath","value":"//bdi[text()=\"OK\"]"}
RESULT: {"using":"xpath","value":"//bdi[text()=\"OK\"]"}
COMMAND: POST /session/00377494c9177dc39dc7c331b478fd1b/elements - {"using":"xpath","value":"//bdi[text()=\"OK\"]"}
RESULT: {"using":"xpath","value":"//bdi[text()=\"OK\"]"}
COMMAND: POST /session/00377494c9177dc39dc7c331b478fd1b/elements - {"using":"xpath","value":"//bdi[text()=\"OK\"]"}
RESULT: {"using":"xpath","value":"//bdi[text()=\"OK\"]"}
COMMAND: POST /session/00377494c9177dc39dc7c331b478fd1b/elements - {"using":"xpath","value":"//bdi[text()=\"OK\"]"}
RESULT: {"using":"xpath","value":"//bdi[text()=\"OK\"]"}
COMMAND: POST /session/00377494c9177dc39dc7c331b478fd1b/elements - {"using":"xpath","value":"//bdi[text()=\"OK\"]"}
RESULT: {"using":"xpath","value":"//bdi[text()=\"OK\"]"}
COMMAND: POST /session/00377494c9177dc39dc7c331b478fd1b/elements - {"using":"xpath","value":"//bdi[text()=\"OK\"]"}
RESULT: {"using":"xpath","value":"//bdi[text()=\"OK\"]"}
COMMAND: POST /session/00377494c9177dc39dc7c331b478fd1b/elements - {"using":"xpath","value":"//bdi[text()=\"OK\"]"}
RESULT: {"using":"xpath","value":"//bdi[text()=\"OK\"]"}
COMMAND: POST /session/00377494c9177dc39dc7c331b478fd1b/elements - {"using":"xpath","value":"//bdi[text()=\"OK\"]"}
RESULT: {"using":"xpath","value":"//bdi[text()=\"OK\"]"}
COMMAND: POST /session/00377494c9177dc39dc7c331b478fd1b/elements - {"using":"xpath","value":"//bdi[text()=\"OK\"]"}
RESULT: {"using":"xpath","value":"//bdi[text()=\"OK\"]"}
COMMAND: POST /session/00377494c9177dc39dc7c331b478fd1b/elements - {"using":"xpath","value":"//bdi[text()=\"OK\"]"}
RESULT: {"using":"xpath","value":"//bdi[text()=\"OK\"]"}
COMMAND: POST /session/00377494c9177dc39dc7c331b478fd1b/elements - {"using":"xpath","value":"//bdi[text()=\"OK\"]"}
RESULT: {"using":"xpath","value":"//bdi[text()=\"OK\"]"}
COMMAND: POST /session/00377494c9177dc39dc7c331b478fd1b/elements - {"using":"xpath","value":"//bdi[text()=\"OK\"]"}
RESULT: {"using":"xpath","value":"//bdi[text()=\"OK\"]"}
COMMAND: POST /session/00377494c9177dc39dc7c331b478fd1b/elements - {"using":"xpath","value":"//bdi[text()=\"OK\"]"}
COMMAND: POST /session/00377494c9177dc39dc7c331b478fd1b/element - {"using":"xpath","value":"//bdi[text()=\"OK\"]"}
RESULT: {"using":"xpath","value":"//bdi[text()=\"OK\"]"}
RESULT: {"using":"xpath","value":"//bdi[text()=\"OK\"]"}
COMMAND: POST /session/00377494c9177dc39dc7c331b478fd1b/elements - {"using":"xpath","value":"//bdi[text()=\"OK\"]"}
RESULT: {"using":"xpath","value":"//bdi[text()=\"OK\"]"}
COMMAND: POST /session/00377494c9177dc39dc7c331b478fd1b/elements - {"using":"xpath","value":"//bdi[text()=\"OK\"]"}
RESULT: {"using":"xpath","value":"//bdi[text()=\"OK\"]"}
COMMAND: POST /session/00377494c9177dc39dc7c331b478fd1b/elements - {"using":"xpath","value":"//bdi[text()=\"OK\"]"}
RESULT: {"using":"xpath","value":"//bdi[text()=\"OK\"]"}
COMMAND: POST /session/00377494c9177dc39dc7c331b478fd1b/elements - {"using":"xpath","value":"//bdi[text()=\"OK\"]"}
RESULT: {"using":"xpath","value":"//bdi[text()=\"OK\"]"}
COMMAND: POST /session/00377494c9177dc39dc7c331b478fd1b/elements - {"using":"xpath","value":"//bdi[text()=\"OK\"]"}
RESULT: {"using":"xpath","value":"//bdi[text()=\"OK\"]"}
COMMAND: POST /session/00377494c9177dc39dc7c331b478fd1b/elements - {"using":"xpath","value":"//bdi[text()=\"OK\"]"}
RESULT: {"using":"xpath","value":"//bdi[text()=\"OK\"]"}
COMMAND: POST /session/00377494c9177dc39dc7c331b478fd1b/elements - {"using":"xpath","value":"//bdi[text()=\"OK\"]"}
RESULT: {"using":"xpath","value":"//bdi[text()=\"OK\"]"}
COMMAND: POST /session/00377494c9177dc39dc7c331b478fd1b/elements - {"using":"xpath","value":"//bdi[text()=\"OK\"]"}
RESULT: {"using":"xpath","value":"//bdi[text()=\"OK\"]"}
COMMAND: POST /session/00377494c9177dc39dc7c331b478fd1b/elements - {"using":"xpath","value":"//bdi[text()=\"OK\"]"}
RESULT: {"using":"xpath","value":"//bdi[text()=\"OK\"]"}
COMMAND: POST /session/00377494c9177dc39dc7c331b478fd1b/elements - {"using":"xpath","value":"//bdi[text()=\"OK\"]"}
RESULT: {"using":"xpath","value":"//bdi[text()=\"OK\"]"}
COMMAND: POST /session/00377494c9177dc39dc7c331b478fd1b/elements - {"using":"xpath","value":"//bdi[text()=\"OK\"]"}
RESULT: {"using":"xpath","value":"//bdi[text()=\"OK\"]"}
COMMAND: POST /session/00377494c9177dc39dc7c331b478fd1b/elements - {"using":"xpath","value":"//bdi[text()=\"OK\"]"}
RESULT: {"using":"xpath","value":"//bdi[text()=\"OK\"]"}
COMMAND: POST /session/00377494c9177dc39dc7c331b478fd1b/elements - {"using":"xpath","value":"//bdi[text()=\"OK\"]"}
RESULT: {"using":"xpath","value":"//bdi[text()=\"OK\"]"}
COMMAND: POST /session/00377494c9177dc39dc7c331b478fd1b/elements - {"using":"xpath","value":"//bdi[text()=\"OK\"]"}
RESULT: {"using":"xpath","value":"//bdi[text()=\"OK\"]"}
COMMAND: POST /session/00377494c9177dc39dc7c331b478fd1b/elements - {"using":"xpath","value":"//bdi[text()=\"OK\"]"}
RESULT: {"using":"xpath","value":"//bdi[text()=\"OK\"]"}
COMMAND: POST /session/00377494c9177dc39dc7c331b478fd1b/elements - {"using":"xpath","value":"//bdi[text()=\"OK\"]"}
RESULT: {"using":"xpath","value":"//bdi[text()=\"OK\"]"}
COMMAND: POST /session/00377494c9177dc39dc7c331b478fd1b/elements - {"using":"xpath","value":"//bdi[text()=\"OK\"]"}
RESULT: {"using":"xpath","value":"//bdi[text()=\"OK\"]"}
COMMAND: POST /session/00377494c9177dc39dc7c331b478fd1b/elements - {"using":"xpath","value":"//bdi[text()=\"OK\"]"}
RESULT: {"using":"xpath","value":"//bdi[text()=\"OK\"]"}
COMMAND: POST /session/00377494c9177dc39dc7c331b478fd1b/elements - {"using":"xpath","value":"//bdi[text()=\"OK\"]"}
RESULT: {"using":"xpath","value":"//bdi[text()=\"OK\"]"}
COMMAND: POST /session/00377494c9177dc39dc7c331b478fd1b/elements - {"using":"xpath","value":"//bdi[text()=\"OK\"]"}
RESULT: {"using":"xpath","value":"//bdi[text()=\"OK\"]"}
COMMAND: POST /session/00377494c9177dc39dc7c331b478fd1b/elements - {"using":"xpath","value":"//bdi[text()=\"OK\"]"}
RESULT: {"using":"xpath","value":"//bdi[text()=\"OK\"]"}
COMMAND: POST /session/00377494c9177dc39dc7c331b478fd1b/elements - {"using":"xpath","value":"//bdi[text()=\"OK\"]"}
RESULT: {"using":"xpath","value":"//bdi[text()=\"OK\"]"}
COMMAND: POST /session/00377494c9177dc39dc7c331b478fd1b/elements - {"using":"xpath","value":"//bdi[text()=\"OK\"]"}
RESULT: {"using":"xpath","value":"//bdi[text()=\"OK\"]"}
COMMAND: POST /session/00377494c9177dc39dc7c331b478fd1b/elements - {"using":"xpath","value":"//bdi[text()=\"OK\"]"}
RESULT: {"using":"xpath","value":"//bdi[text()=\"OK\"]"}
COMMAND: POST /session/00377494c9177dc39dc7c331b478fd1b/elements - {"using":"xpath","value":"//bdi[text()=\"OK\"]"}
RESULT: {"using":"xpath","value":"//bdi[text()=\"OK\"]"}
COMMAND: POST /session/00377494c9177dc39dc7c331b478fd1b/elements - {"using":"xpath","value":"//bdi[text()=\"OK\"]"}
RESULT: {"using":"xpath","value":"//bdi[text()=\"OK\"]"}
COMMAND: POST /session/00377494c9177dc39dc7c331b478fd1b/elements - {"using":"xpath","value":"//bdi[text()=\"OK\"]"}
RESULT: {"using":"xpath","value":"//bdi[text()=\"OK\"]"}
COMMAND: POST /session/00377494c9177dc39dc7c331b478fd1b/elements - {"using":"xpath","value":"//bdi[text()=\"OK\"]"}
RESULT: {"using":"xpath","value":"//bdi[text()=\"OK\"]"}
COMMAND: POST /session/00377494c9177dc39dc7c331b478fd1b/elements - {"using":"xpath","value":"//bdi[text()=\"OK\"]"}
RESULT: {"using":"xpath","value":"//bdi[text()=\"OK\"]"}
COMMAND: POST /session/00377494c9177dc39dc7c331b478fd1b/elements - {"using":"xpath","value":"//bdi[text()=\"OK\"]"}
RESULT: {"using":"xpath","value":"//bdi[text()=\"OK\"]"}
COMMAND: POST /session/00377494c9177dc39dc7c331b478fd1b/elements - {"using":"xpath","value":"//bdi[text()=\"OK\"]"}
RESULT: {"using":"xpath","value":"//bdi[text()=\"OK\"]"}
COMMAND: POST /session/00377494c9177dc39dc7c331b478fd1b/elements - {"using":"xpath","value":"//bdi[text()=\"OK\"]"}
RESULT: {"using":"xpath","value":"//bdi[text()=\"OK\"]"}
COMMAND: POST /session/00377494c9177dc39dc7c331b478fd1b/elements - {"using":"xpath","value":"//bdi[text()=\"OK\"]"}
RESULT: {"using":"xpath","value":"//bdi[text()=\"OK\"]"}
COMMAND: POST /session/00377494c9177dc39dc7c331b478fd1b/elements - {"using":"xpath","value":"//bdi[text()=\"OK\"]"}
RESULT: {"using":"xpath","value":"//bdi[text()=\"OK\"]"}
COMMAND: POST /session/00377494c9177dc39dc7c331b478fd1b/elements - {"using":"xpath","value":"//bdi[text()=\"OK\"]"}
RESULT: {"using":"xpath","value":"//bdi[text()=\"OK\"]"}
COMMAND: POST /session/00377494c9177dc39dc7c331b478fd1b/elements - {"using":"xpath","value":"//bdi[text()=\"OK\"]"}
RESULT: {"using":"xpath","value":"//bdi[text()=\"OK\"]"}
COMMAND: POST /session/00377494c9177dc39dc7c331b478fd1b/elements - {"using":"xpath","value":"//bdi[text()=\"OK\"]"}
RESULT: {"using":"xpath","value":"//bdi[text()=\"OK\"]"}
COMMAND: POST /session/00377494c9177dc39dc7c331b478fd1b/elements - {"using":"xpath","value":"//bdi[text()=\"OK\"]"}
RESULT: {"using":"xpath","value":"//bdi[text()=\"OK\"]"}
COMMAND: POST /session/00377494c9177dc39dc7c331b478fd1b/elements - {"using":"xpath","value":"//bdi[text()=\"OK\"]"}
RESULT: {"using":"xpath","value":"//bdi[text()=\"OK\"]"}
COMMAND: POST /session/00377494c9177dc39dc7c331b478fd1b/elements - {"using":"xpath","value":"//bdi[text()=\"OK\"]"}
RESULT: {"using":"xpath","value":"//bdi[text()=\"OK\"]"}
COMMAND: POST /session/00377494c9177dc39dc7c331b478fd1b/elements - {"using":"xpath","value":"//bdi[text()=\"OK\"]"}
RESULT: {"using":"xpath","value":"//bdi[text()=\"OK\"]"}
COMMAND: POST /session/00377494c9177dc39dc7c331b478fd1b/elements - {"using":"xpath","value":"//bdi[text()=\"OK\"]"}
RESULT: {"using":"xpath","value":"//bdi[text()=\"OK\"]"}
COMMAND: POST /session/00377494c9177dc39dc7c331b478fd1b/elements - {"using":"xpath","value":"//bdi[text()=\"OK\"]"}
RESULT: {"using":"xpath","value":"//bdi[text()=\"OK\"]"}
COMMAND: POST /session/00377494c9177dc39dc7c331b478fd1b/elements - {"using":"xpath","value":"//bdi[text()=\"OK\"]"}
RESULT: {"using":"xpath","value":"//bdi[text()=\"OK\"]"}
COMMAND: POST /session/00377494c9177dc39dc7c331b478fd1b/elements - {"using":"xpath","value":"//bdi[text()=\"OK\"]"}
RESULT: {"using":"xpath","value":"//bdi[text()=\"OK\"]"}
COMMAND: POST /session/00377494c9177dc39dc7c331b478fd1b/elements - {"using":"xpath","value":"//bdi[text()=\"OK\"]"}
RESULT: {"using":"xpath","value":"//bdi[text()=\"OK\"]"}
COMMAND: POST /session/00377494c9177dc39dc7c331b478fd1b/elements - {"using":"xpath","value":"//bdi[text()=\"OK\"]"}
RESULT: {"using":"xpath","value":"//bdi[text()=\"OK\"]"}
COMMAND: POST /session/00377494c9177dc39dc7c331b478fd1b/elements - {"using":"xpath","value":"//bdi[text()=\"OK\"]"}
RESULT: {"using":"xpath","value":"//bdi[text()=\"OK\"]"}
COMMAND: POST /session/00377494c9177dc39dc7c331b478fd1b/elements - {"using":"xpath","value":"//bdi[text()=\"OK\"]"}
RESULT: {"using":"xpath","value":"//bdi[text()=\"OK\"]"}
COMMAND: POST /session/00377494c9177dc39dc7c331b478fd1b/elements - {"using":"xpath","value":"//bdi[text()=\"OK\"]"}
RESULT: {"using":"xpath","value":"//bdi[text()=\"OK\"]"}
COMMAND: POST /session/00377494c9177dc39dc7c331b478fd1b/elements - {"using":"xpath","value":"//bdi[text()=\"OK\"]"}
RESULT: {"using":"xpath","value":"//bdi[text()=\"OK\"]"}
COMMAND: POST /session/00377494c9177dc39dc7c331b478fd1b/elements - {"using":"xpath","value":"//bdi[text()=\"OK\"]"}
RESULT: {"using":"xpath","value":"//bdi[text()=\"OK\"]"}
COMMAND: POST /session/00377494c9177dc39dc7c331b478fd1b/elements - {"using":"xpath","value":"//bdi[text()=\"OK\"]"}
RESULT: {"using":"xpath","value":"//bdi[text()=\"OK\"]"}
COMMAND: POST /session/00377494c9177dc39dc7c331b478fd1b/elements - {"using":"xpath","value":"//bdi[text()=\"OK\"]"}
RESULT: {"using":"xpath","value":"//bdi[text()=\"OK\"]"}
COMMAND: POST /session/00377494c9177dc39dc7c331b478fd1b/elements - {"using":"xpath","value":"//bdi[text()=\"OK\"]"}
RESULT: {"using":"xpath","value":"//bdi[text()=\"OK\"]"}
COMMAND: POST /session/00377494c9177dc39dc7c331b478fd1b/elements - {"using":"xpath","value":"//bdi[text()=\"OK\"]"}
RESULT: {"using":"xpath","value":"//bdi[text()=\"OK\"]"}
COMMAND: POST /session/00377494c9177dc39dc7c331b478fd1b/elements - {"using":"xpath","value":"//bdi[text()=\"OK\"]"}
RESULT: {"using":"xpath","value":"//bdi[text()=\"OK\"]"}
COMMAND: POST /session/00377494c9177dc39dc7c331b478fd1b/elements - {"using":"xpath","value":"//bdi[text()=\"OK\"]"}
RESULT: {"using":"xpath","value":"//bdi[text()=\"OK\"]"}
COMMAND: POST /session/00377494c9177dc39dc7c331b478fd1b/elements - {"using":"xpath","value":"//bdi[text()=\"OK\"]"}
RESULT: {"using":"xpath","value":"//bdi[text()=\"OK\"]"}
COMMAND: POST /session/00377494c9177dc39dc7c331b478fd1b/elements - {"using":"xpath","value":"//bdi[text()=\"OK\"]"}
RESULT: {"using":"xpath","value":"//bdi[text()=\"OK\"]"}
COMMAND: POST /session/00377494c9177dc39dc7c331b478fd1b/elements - {"using":"xpath","value":"//bdi[text()=\"OK\"]"}
RESULT: {"using":"xpath","value":"//bdi[text()=\"OK\"]"}
COMMAND: POST /session/00377494c9177dc39dc7c331b478fd1b/elements - {"using":"xpath","value":"//bdi[text()=\"OK\"]"}
RESULT: {"using":"xpath","value":"//bdi[text()=\"OK\"]"}
COMMAND: POST /session/00377494c9177dc39dc7c331b478fd1b/elements - {"using":"xpath","value":"//bdi[text()=\"OK\"]"}
RESULT: {"using":"xpath","value":"//bdi[text()=\"OK\"]"}
COMMAND: POST /session/00377494c9177dc39dc7c331b478fd1b/elements - {"using":"xpath","value":"//bdi[text()=\"OK\"]"}
RESULT: {"using":"xpath","value":"//bdi[text()=\"OK\"]"}
COMMAND: POST /session/00377494c9177dc39dc7c331b478fd1b/elements - {"using":"xpath","value":"//bdi[text()=\"OK\"]"}
RESULT: {"using":"xpath","value":"//bdi[text()=\"OK\"]"}
COMMAND: POST /session/00377494c9177dc39dc7c331b478fd1b/elements - {"using":"xpath","value":"//bdi[text()=\"OK\"]"}
RESULT: {"using":"xpath","value":"//bdi[text()=\"OK\"]"}
COMMAND: POST /session/00377494c9177dc39dc7c331b478fd1b/elements - {"using":"xpath","value":"//bdi[text()=\"OK\"]"}
RESULT: {"using":"xpath","value":"//bdi[text()=\"OK\"]"}
COMMAND: POST /session/00377494c9177dc39dc7c331b478fd1b/elements - {"using":"xpath","value":"//bdi[text()=\"OK\"]"}
RESULT: {"using":"xpath","value":"//bdi[text()=\"OK\"]"}
COMMAND: POST /session/00377494c9177dc39dc7c331b478fd1b/elements - {"using":"xpath","value":"//bdi[text()=\"OK\"]"}
RESULT: {"using":"xpath","value":"//bdi[text()=\"OK\"]"}
COMMAND: POST /session/00377494c9177dc39dc7c331b478fd1b/elements - {"using":"xpath","value":"//bdi[text()=\"OK\"]"}
RESULT: {"using":"xpath","value":"//bdi[text()=\"OK\"]"}
COMMAND: POST /session/00377494c9177dc39dc7c331b478fd1b/elements - {"using":"xpath","value":"//bdi[text()=\"OK\"]"}
RESULT: {"using":"xpath","value":"//bdi[text()=\"OK\"]"}
COMMAND: POST /session/00377494c9177dc39dc7c331b478fd1b/elements - {"using":"xpath","value":"//bdi[text()=\"OK\"]"}
RESULT: {"using":"xpath","value":"//bdi[text()=\"OK\"]"}
COMMAND: POST /session/00377494c9177dc39dc7c331b478fd1b/elements - {"using":"xpath","value":"//bdi[text()=\"OK\"]"}
RESULT: {"using":"xpath","value":"//bdi[text()=\"OK\"]"}
COMMAND: POST /session/00377494c9177dc39dc7c331b478fd1b/elements - {"using":"xpath","value":"//bdi[text()=\"OK\"]"}
RESULT: {"using":"xpath","value":"//bdi[text()=\"OK\"]"}
COMMAND: POST /session/00377494c9177dc39dc7c331b478fd1b/elements - {"using":"xpath","value":"//bdi[text()=\"OK\"]"}
RESULT: {"using":"xpath","value":"//bdi[text()=\"OK\"]"}
COMMAND: POST /session/00377494c9177dc39dc7c331b478fd1b/elements - {"using":"xpath","value":"//bdi[text()=\"OK\"]"}
RESULT: {"using":"xpath","value":"//bdi[text()=\"OK\"]"}
COMMAND: POST /session/00377494c9177dc39dc7c331b478fd1b/elements - {"using":"xpath","value":"//bdi[text()=\"OK\"]"}
RESULT: {"using":"xpath","value":"//bdi[text()=\"OK\"]"}
COMMAND: POST /session/00377494c9177dc39dc7c331b478fd1b/elements - {"using":"xpath","value":"//bdi[text()=\"OK\"]"}
RESULT: {"using":"xpath","value":"//bdi[text()=\"OK\"]"}
COMMAND: POST /session/00377494c9177dc39dc7c331b478fd1b/elements - {"using":"xpath","value":"//bdi[text()=\"OK\"]"}
RESULT: {"using":"xpath","value":"//bdi[text()=\"OK\"]"}
COMMAND: POST /session/00377494c9177dc39dc7c331b478fd1b/elements - {"using":"xpath","value":"//bdi[text()=\"OK\"]"}
RESULT: {"using":"xpath","value":"//bdi[text()=\"OK\"]"}
COMMAND: POST /session/00377494c9177dc39dc7c331b478fd1b/elements - {"using":"xpath","value":"//bdi[text()=\"OK\"]"}
RESULT: {"using":"xpath","value":"//bdi[text()=\"OK\"]"}
COMMAND: POST /session/00377494c9177dc39dc7c331b478fd1b/elements - {"using":"xpath","value":"//bdi[text()=\"OK\"]"}
RESULT: {"using":"xpath","value":"//bdi[text()=\"OK\"]"}
COMMAND: POST /session/00377494c9177dc39dc7c331b478fd1b/elements - {"using":"xpath","value":"//bdi[text()=\"OK\"]"}
RESULT: {"using":"xpath","value":"//bdi[text()=\"OK\"]"}
COMMAND: POST /session/00377494c9177dc39dc7c331b478fd1b/elements - {"using":"xpath","value":"//bdi[text()=\"OK\"]"}
RESULT: {"using":"xpath","value":"//bdi[text()=\"OK\"]"}
COMMAND: POST /session/00377494c9177dc39dc7c331b478fd1b/elements - {"using":"xpath","value":"//bdi[text()=\"OK\"]"}
RESULT: {"using":"xpath","value":"//bdi[text()=\"OK\"]"}
COMMAND: POST /session/00377494c9177dc39dc7c331b478fd1b/elements - {"using":"xpath","value":"//bdi[text()=\"OK\"]"}
RESULT: {"using":"xpath","value":"//bdi[text()=\"OK\"]"}
COMMAND: POST /session/00377494c9177dc39dc7c331b478fd1b/elements - {"using":"xpath","value":"//bdi[text()=\"OK\"]"}
RESULT: {"using":"xpath","value":"//bdi[text()=\"OK\"]"}
COMMAND: POST /session/00377494c9177dc39dc7c331b478fd1b/elements - {"using":"xpath","value":"//bdi[text()=\"OK\"]"}
RESULT: {"using":"xpath","value":"//bdi[text()=\"OK\"]"}
COMMAND: POST /session/00377494c9177dc39dc7c331b478fd1b/elements - {"using":"xpath","value":"//bdi[text()=\"OK\"]"}
RESULT: {"using":"xpath","value":"//bdi[text()=\"OK\"]"}
COMMAND: POST /session/00377494c9177dc39dc7c331b478fd1b/elements - {"using":"xpath","value":"//bdi[text()=\"OK\"]"}
RESULT: {"using":"xpath","value":"//bdi[text()=\"OK\"]"}
COMMAND: POST /session/00377494c9177dc39dc7c331b478fd1b/elements - {"using":"xpath","value":"//bdi[text()=\"OK\"]"}
RESULT: {"using":"xpath","value":"//bdi[text()=\"OK\"]"}
COMMAND: POST /session/00377494c9177dc39dc7c331b478fd1b/elements - {"using":"xpath","value":"//bdi[text()=\"OK\"]"}
RESULT: {"using":"xpath","value":"//bdi[text()=\"OK\"]"}
COMMAND: POST /session/00377494c9177dc39dc7c331b478fd1b/elements - {"using":"xpath","value":"//bdi[text()=\"OK\"]"}
RESULT: {"using":"xpath","value":"//bdi[text()=\"OK\"]"}
COMMAND: POST /session/00377494c9177dc39dc7c331b478fd1b/elements - {"using":"xpath","value":"//bdi[text()=\"OK\"]"}
RESULT: {"using":"xpath","value":"//bdi[text()=\"OK\"]"}
COMMAND: POST /session/00377494c9177dc39dc7c331b478fd1b/elements - {"using":"xpath","value":"//bdi[text()=\"OK\"]"}
RESULT: {"using":"xpath","value":"//bdi[text()=\"OK\"]"}
COMMAND: POST /session/00377494c9177dc39dc7c331b478fd1b/elements - {"using":"xpath","value":"//bdi[text()=\"OK\"]"}
RESULT: {"using":"xpath","value":"//bdi[text()=\"OK\"]"}
COMMAND: POST /session/00377494c9177dc39dc7c331b478fd1b/elements - {"using":"xpath","value":"//bdi[text()=\"OK\"]"}
RESULT: {"using":"xpath","value":"//bdi[text()=\"OK\"]"}
COMMAND: POST /session/00377494c9177dc39dc7c331b478fd1b/elements - {"using":"xpath","value":"//bdi[text()=\"OK\"]"}
RESULT: {"using":"xpath","value":"//bdi[text()=\"OK\"]"}
COMMAND: POST /session/00377494c9177dc39dc7c331b478fd1b/elements - {"using":"xpath","value":"//bdi[text()=\"OK\"]"}
RESULT: {"using":"xpath","value":"//bdi[text()=\"OK\"]"}
COMMAND: POST /session/00377494c9177dc39dc7c331b478fd1b/elements - {"using":"xpath","value":"//bdi[text()=\"OK\"]"}
RESULT: {"using":"xpath","value":"//bdi[text()=\"OK\"]"}
COMMAND: POST /session/00377494c9177dc39dc7c331b478fd1b/elements - {"using":"xpath","value":"//bdi[text()=\"OK\"]"}
RESULT: {"using":"xpath","value":"//bdi[text()=\"OK\"]"}
COMMAND: POST /session/00377494c9177dc39dc7c331b478fd1b/elements - {"using":"xpath","value":"//bdi[text()=\"OK\"]"}
RESULT: {"using":"xpath","value":"//bdi[text()=\"OK\"]"}
COMMAND: POST /session/00377494c9177dc39dc7c331b478fd1b/elements - {"using":"xpath","value":"//bdi[text()=\"OK\"]"}
RESULT: {"using":"xpath","value":"//bdi[text()=\"OK\"]"}
COMMAND: POST /session/00377494c9177dc39dc7c331b478fd1b/elements - {"using":"xpath","value":"//bdi[text()=\"OK\"]"}
RESULT: {"using":"xpath","value":"//bdi[text()=\"OK\"]"}
COMMAND: POST /session/00377494c9177dc39dc7c331b478fd1b/elements - {"using":"xpath","value":"//bdi[text()=\"OK\"]"}
RESULT: {"using":"xpath","value":"//bdi[text()=\"OK\"]"}
COMMAND: POST /session/00377494c9177dc39dc7c331b478fd1b/elements - {"using":"xpath","value":"//bdi[text()=\"OK\"]"}
RESULT: {"using":"xpath","value":"//bdi[text()=\"OK\"]"}
COMMAND: POST /session/00377494c9177dc39dc7c331b478fd1b/elements - {"using":"xpath","value":"//bdi[text()=\"OK\"]"}
RESULT: {"using":"xpath","value":"//bdi[text()=\"OK\"]"}
COMMAND: POST /session/00377494c9177dc39dc7c331b478fd1b/elements - {"using":"xpath","value":"//bdi[text()=\"OK\"]"}
RESULT: {"using":"xpath","value":"//bdi[text()=\"OK\"]"}
COMMAND: POST /session/00377494c9177dc39dc7c331b478fd1b/elements - {"using":"xpath","value":"//bdi[text()=\"OK\"]"}
RESULT: {"using":"xpath","value":"//bdi[text()=\"OK\"]"}
COMMAND: POST /session/00377494c9177dc39dc7c331b478fd1b/elements - {"using":"xpath","value":"//bdi[text()=\"OK\"]"}
RESULT: {"using":"xpath","value":"//bdi[text()=\"OK\"]"}
COMMAND: POST /session/00377494c9177dc39dc7c331b478fd1b/elements - {"using":"xpath","value":"//bdi[text()=\"OK\"]"}
RESULT: {"using":"xpath","value":"//bdi[text()=\"OK\"]"}
COMMAND: POST /session/00377494c9177dc39dc7c331b478fd1b/elements - {"using":"xpath","value":"//bdi[text()=\"OK\"]"}
RESULT: {"using":"xpath","value":"//bdi[text()=\"OK\"]"}
COMMAND: POST /session/00377494c9177dc39dc7c331b478fd1b/elements - {"using":"xpath","value":"//bdi[text()=\"OK\"]"}
RESULT: {"using":"xpath","value":"//bdi[text()=\"OK\"]"}
COMMAND: POST /session/00377494c9177dc39dc7c331b478fd1b/elements - {"using":"xpath","value":"//bdi[text()=\"OK\"]"}
RESULT: {"using":"xpath","value":"//bdi[text()=\"OK\"]"}
COMMAND: POST /session/00377494c9177dc39dc7c331b478fd1b/elements - {"using":"xpath","value":"//bdi[text()=\"OK\"]"}
RESULT: {"using":"xpath","value":"//bdi[text()=\"OK\"]"}
COMMAND: POST /session/00377494c9177dc39dc7c331b478fd1b/elements - {"using":"xpath","value":"//bdi[text()=\"OK\"]"}
RESULT: {"using":"xpath","value":"//bdi[text()=\"OK\"]"}
COMMAND: POST /session/00377494c9177dc39dc7c331b478fd1b/elements - {"using":"xpath","value":"//bdi[text()=\"OK\"]"}
RESULT: {"using":"xpath","value":"//bdi[text()=\"OK\"]"}
COMMAND: POST /session/00377494c9177dc39dc7c331b478fd1b/elements - {"using":"xpath","value":"//bdi[text()=\"OK\"]"}
RESULT: {"using":"xpath","value":"//bdi[text()=\"OK\"]"}
COMMAND: POST /session/00377494c9177dc39dc7c331b478fd1b/elements - {"using":"xpath","value":"//bdi[text()=\"OK\"]"}
RESULT: {"using":"xpath","value":"//bdi[text()=\"OK\"]"}
COMMAND: POST /session/00377494c9177dc39dc7c331b478fd1b/elements - {"using":"xpath","value":"//bdi[text()=\"OK\"]"}
RESULT: {"using":"xpath","value":"//bdi[text()=\"OK\"]"}
COMMAND: POST /session/00377494c9177dc39dc7c331b478fd1b/elements - {"using":"xpath","value":"//bdi[text()=\"OK\"]"}
RESULT: {"using":"xpath","value":"//bdi[text()=\"OK\"]"}
COMMAND: POST /session/00377494c9177dc39dc7c331b478fd1b/execute/async - {"script":"<script> [1562 bytes]","args":[{"selector":{"id":"application-manageresources-display-component---newResourceUnit--TYPE-arrow"},"wdio_ui5_key":"applicationmanageresources-display-component---newResourceUnit--TYPE-arrow"}]}
RESULT: {"script":"<script> [1562 bytes]","args":[{"selector":{"id":"application-manageresources-display-component---newResourceUnit--TYPE-arrow"},"wdio_ui5_key":"applicationmanageresources-display-component---newResourceUnit--TYPE-arrow"}]}
RESULT: undefined
COMMAND: POST /session/00377494c9177dc39dc7c331b478fd1b/element - {"using":"xpath","value":"//*[@id=\"application-manageresources-display-component---newResourceUnit--TYPE-arrow\"]"}
RESULT: {"using":"xpath","value":"//*[@id=\"application-manageresources-display-component---newResourceUnit--TYPE-arrow\"]"}
COMMAND: POST /session/00377494c9177dc39dc7c331b478fd1b/element/f.BC6A9895F84C302F47B04B2C9514348C.d.A0136FF06D32702749283588F64E01B8.e.7119/click - {}
RESULT: {}
COMMAND: POST /session/00377494c9177dc39dc7c331b478fd1b/execute/async - {"script":"<script> [1562 bytes]","args":[{"selector":{"controlType":"sap.m.StandardListItem","viewName":"reusables.view.manageresources.NewResourceUnit","viewId":"application-manageresources-display-component---newResourceUnit","properties":{"title":"Equipment"},"searchOpenDialogs":true,"interaction":{"idSuffix":"content"}},"wdio_ui5_key":"reusablesview.manageresources.NewResourceUnitsap.m.StandardListItem{\"title\":\"Equipment\"}"}]}
COMMAND: GET /session/00377494c9177dc39dc7c331b478fd1b/screenshot - {}
RESULT: {"script":"<script> [1562 bytes]","args":[{"selector":{"controlType":"sap.m.StandardListItem","viewName":"reusables.view.manageresources.NewResourceUnit","viewId":"application-manageresources-display-component---newResourceUnit","properties":{"title":"Equipment"},"searchOpenDialogs":true,"interaction":{"idSuffix":"content"}},"wdio_ui5_key":"reusablesview.manageresources.NewResourceUnitsap.m.StandardListItem{\"title\":\"Equipment\"}"}]}
RESULT: undefined
COMMAND: POST /session/00377494c9177dc39dc7c331b478fd1b/element - {"using":"xpath","value":"//*[@id=\"__item140\"]"}
RESULT: {}
RESULT: {"using":"xpath","value":"//*[@id=\"__item140\"]"}
COMMAND: POST /session/00377494c9177dc39dc7c331b478fd1b/element/f.BC6A9895F84C302F47B04B2C9514348C.d.A0136FF06D32702749283588F64E01B8.e.7122/click - {}
RESULT: {}
COMMAND: POST /session/00377494c9177dc39dc7c331b478fd1b/execute/async - {"script":"<script> [1562 bytes]","args":[{"selector":{"id":"application-manageresources-display-component---newResourceUnit--resourceId","interaction":{"idSuffix":"inner"}},"wdio_ui5_key":"applicationmanageresources-display-component---newResourceUnit--resourceId"}]}
COMMAND: GET /session/00377494c9177dc39dc7c331b478fd1b/screenshot - {}
RESULT: {"script":"<script> [1562 bytes]","args":[{"selector":{"id":"application-manageresources-display-component---newResourceUnit--resourceId","interaction":{"idSuffix":"inner"}},"wdio_ui5_key":"applicationmanageresources-display-component---newResourceUnit--resourceId"}]}
RESULT: undefined
COMMAND: POST /session/00377494c9177dc39dc7c331b478fd1b/execute/async - {"script":"<script> [776 bytes]","args":[{"enterText":"EquipmentCounter 8h289","selector":{"id":"application-manageresources-display-component---newResourceUnit--resourceId","interaction":{"idSuffix":"inner"}},"clearTextFirst":true,"interactionType":"ENTER_TEXT"}]}
RESULT: {}
RESULT: {"script":"<script> [776 bytes]","args":[{"enterText":"EquipmentCounter 8h289","selector":{"id":"application-manageresources-display-component---newResourceUnit--resourceId","interaction":{"idSuffix":"inner"}},"clearTextFirst":true,"interactionType":"ENTER_TEXT"}]}
COMMAND: POST /session/00377494c9177dc39dc7c331b478fd1b/execute/async - {"script":"<script> [1562 bytes]","args":[{"selector":{"id":"application-manageresources-display-component---newResourceUnit--SHORT_TEXT","interaction":{"idSuffix":"inner"}},"wdio_ui5_key":"applicationmanageresources-display-component---newResourceUnit--SHORT_TEXT"}]}
RESULT: {"script":"<script> [1562 bytes]","args":[{"selector":{"id":"application-manageresources-display-component---newResourceUnit--SHORT_TEXT","interaction":{"idSuffix":"inner"}},"wdio_ui5_key":"applicationmanageresources-display-component---newResourceUnit--SHORT_TEXT"}]}
RESULT: undefined
COMMAND: POST /session/00377494c9177dc39dc7c331b478fd1b/execute/async - {"script":"<script> [776 bytes]","args":[{"enterText":"EquipmentCounter 8h289","selector":{"id":"application-manageresources-display-component---newResourceUnit--SHORT_TEXT","interaction":{"idSuffix":"inner"}},"clearTextFirst":true,"interactionType":"ENTER_TEXT"}]}
RESULT: {"script":"<script> [776 bytes]","args":[{"enterText":"EquipmentCounter 8h289","selector":{"id":"application-manageresources-display-component---newResourceUnit--SHORT_TEXT","interaction":{"idSuffix":"inner"}},"clearTextFirst":true,"interactionType":"ENTER_TEXT"}]}
COMMAND: POST /session/00377494c9177dc39dc7c331b478fd1b/execute/async - {"script":"<script> [1562 bytes]","args":[{"selector":{"id":"application-manageresources-display-component---newResourceUnit--BASE_UNIT_OF_MEASURE","interaction":{"idSuffix":"inner"}},"wdio_ui5_key":"applicationmanageresources-display-component---newResourceUnit--BASE_UNIT_OF_MEASURE"}]}
RESULT: {"script":"<script> [1562 bytes]","args":[{"selector":{"id":"application-manageresources-display-component---newResourceUnit--BASE_UNIT_OF_MEASURE","interaction":{"idSuffix":"inner"}},"wdio_ui5_key":"applicationmanageresources-display-component---newResourceUnit--BASE_UNIT_OF_MEASURE"}]}
RESULT: undefined
COMMAND: POST /session/00377494c9177dc39dc7c331b478fd1b/execute/async - {"script":"<script> [776 bytes]","args":[{"enterText":"Piece","selector":{"id":"application-manageresources-display-component---newResourceUnit--BASE_UNIT_OF_MEASURE","interaction":{"idSuffix":"inner"}},"clearTextFirst":true,"interactionType":"ENTER_TEXT"}]}
RESULT: {"script":"<script> [776 bytes]","args":[{"enterText":"Piece","selector":{"id":"application-manageresources-display-component---newResourceUnit--BASE_UNIT_OF_MEASURE","interaction":{"idSuffix":"inner"}},"clearTextFirst":true,"interactionType":"ENTER_TEXT"}]}
COMMAND: POST /session/00377494c9177dc39dc7c331b478fd1b/execute/async - {"script":"<script> [1562 bytes]","args":[{"selector":{"id":"application-manageresources-display-component---newResourceUnit--WEIGHT_UNIT","interaction":{"idSuffix":"inner"}},"wdio_ui5_key":"applicationmanageresources-display-component---newResourceUnit--WEIGHT_UNIT"}]}
RESULT: {"script":"<script> [1562 bytes]","args":[{"selector":{"id":"application-manageresources-display-component---newResourceUnit--WEIGHT_UNIT","interaction":{"idSuffix":"inner"}},"wdio_ui5_key":"applicationmanageresources-display-component---newResourceUnit--WEIGHT_UNIT"}]}
RESULT: undefined
COMMAND: POST /session/00377494c9177dc39dc7c331b478fd1b/execute/async - {"script":"<script> [776 bytes]","args":[{"enterText":"Gram","selector":{"id":"application-manageresources-display-component---newResourceUnit--WEIGHT_UNIT","interaction":{"idSuffix":"inner"}},"clearTextFirst":true,"interactionType":"ENTER_TEXT"}]}
RESULT: {"script":"<script> [776 bytes]","args":[{"enterText":"Gram","selector":{"id":"application-manageresources-display-component---newResourceUnit--WEIGHT_UNIT","interaction":{"idSuffix":"inner"}},"clearTextFirst":true,"interactionType":"ENTER_TEXT"}]}
COMMAND: POST /session/00377494c9177dc39dc7c331b478fd1b/execute/async - {"script":"<script> [1562 bytes]","args":[{"selector":{"id":"application-manageresources-display-component---newResourceUnit--newRRUPage-OPHeaderContent-collapseBtn-img"},"wdio_ui5_key":"applicationmanageresources-display-component---newResourceUnit--newRRUPage-OPHeaderContent-collapseBtn-img"}]}
RESULT: {"script":"<script> [1562 bytes]","args":[{"selector":{"id":"application-manageresources-display-component---newResourceUnit--newRRUPage-OPHeaderContent-collapseBtn-img"},"wdio_ui5_key":"applicationmanageresources-display-component---newResourceUnit--newRRUPage-OPHeaderContent-collapseBtn-img"}]}
RESULT: undefined
COMMAND: POST /session/00377494c9177dc39dc7c331b478fd1b/element - {"using":"xpath","value":"//*[@id=\"application-manageresources-display-component---newResourceUnit--newRRUPage-OPHeaderContent-collapseBtn-img\"]"}
RESULT: {"using":"xpath","value":"//*[@id=\"application-manageresources-display-component---newResourceUnit--newRRUPage-OPHeaderContent-collapseBtn-img\"]"}
COMMAND: POST /session/00377494c9177dc39dc7c331b478fd1b/element/f.BC6A9895F84C302F47B04B2C9514348C.d.A0136FF06D32702749283588F64E01B8.e.7130/click - {}
RESULT: {}
COMMAND: GET /session/00377494c9177dc39dc7c331b478fd1b/screenshot - {}
RESULT: {}
COMMAND: POST /session/00377494c9177dc39dc7c331b478fd1b/element - {"using":"xpath","value":"(//span[contains(@id ,\"application-manageresources-display-component---newResourceUnit--DIMENSION_UNIT-arrow\")])[1]"}
RESULT: {"using":"xpath","value":"(//span[contains(@id ,\"application-manageresources-display-component---newResourceUnit--DIMENSION_UNIT-arrow\")])[1]"}
COMMAND: POST /session/00377494c9177dc39dc7c331b478fd1b/element/f.BC6A9895F84C302F47B04B2C9514348C.d.A0136FF06D32702749283588F64E01B8.e.7251/click - {}
RESULT: {}
COMMAND: GET /session/00377494c9177dc39dc7c331b478fd1b/screenshot - {}
RESULT: {}
COMMAND: POST /session/00377494c9177dc39dc7c331b478fd1b/execute/async - {"script":"<script> [1562 bytes]","args":[{"selector":{"controlType":"sap.m.StandardListItem","viewName":"reusables.view.manageresources.NewResourceUnit","viewId":"application-manageresources-display-component---newResourceUnit","properties":{"title":"Centimeter"},"searchOpenDialogs":true,"interaction":{"idSuffix":"titleText"}},"wdio_ui5_key":"reusablesview.manageresources.NewResourceUnitsap.m.StandardListItem{\"title\":\"Centimeter\"}"}]}
RESULT: {"script":"<script> [1562 bytes]","args":[{"selector":{"controlType":"sap.m.StandardListItem","viewName":"reusables.view.manageresources.NewResourceUnit","viewId":"application-manageresources-display-component---newResourceUnit","properties":{"title":"Centimeter"},"searchOpenDialogs":true,"interaction":{"idSuffix":"titleText"}},"wdio_ui5_key":"reusablesview.manageresources.NewResourceUnitsap.m.StandardListItem{\"title\":\"Centimeter\"}"}]}
RESULT: undefined
COMMAND: POST /session/00377494c9177dc39dc7c331b478fd1b/element - {"using":"xpath","value":"//*[@id=\"__item181\"]"}
RESULT: {"using":"xpath","value":"//*[@id=\"__item181\"]"}
COMMAND: POST /session/00377494c9177dc39dc7c331b478fd1b/element/f.BC6A9895F84C302F47B04B2C9514348C.d.A0136FF06D32702749283588F64E01B8.e.7255/click - {}
RESULT: {}
COMMAND: GET /session/00377494c9177dc39dc7c331b478fd1b/screenshot - {}
RESULT: {}
COMMAND: POST /session/00377494c9177dc39dc7c331b478fd1b/execute/async - {"script":"<script> [1562 bytes]","args":[{"selector":{"id":"application-manageresources-display-component---newResourceUnit--newRRUPage-anchBar-application-manageresources-display-component---newResourceUnit--control-anchor","interaction":{"idSuffix":"BDI-content"}},"wdio_ui5_key":"applicationmanageresources-display-component---newResourceUnit--newRRUPage-anchBar-application-manageresources-display-component---newResourceUnit--control-anchor"}]}
RESULT: {"script":"<script> [1562 bytes]","args":[{"selector":{"id":"application-manageresources-display-component---newResourceUnit--newRRUPage-anchBar-application-manageresources-display-component---newResourceUnit--control-anchor","interaction":{"idSuffix":"BDI-content"}},"wdio_ui5_key":"applicationmanageresources-display-component---newResourceUnit--newRRUPage-anchBar-application-manageresources-display-component---newResourceUnit--control-anchor"}]}
RESULT: undefined
COMMAND: POST /session/00377494c9177dc39dc7c331b478fd1b/element - {"using":"xpath","value":"//*[@id=\"application-manageresources-display-component---newResourceUnit--newRRUPage-anchBar-application-manageresources-display-component---newResourceUnit--control-anchor\"]"}
RESULT: {"using":"xpath","value":"//*[@id=\"application-manageresources-display-component---newResourceUnit--newRRUPage-anchBar-application-manageresources-display-component---newResourceUnit--control-anchor\"]"}
COMMAND: POST /session/00377494c9177dc39dc7c331b478fd1b/element/f.BC6A9895F84C302F47B04B2C9514348C.d.A0136FF06D32702749283588F64E01B8.e.7257/click - {}
RESULT: {}
COMMAND: POST /session/00377494c9177dc39dc7c331b478fd1b/execute/async - {"script":"<script> [1562 bytes]","args":[{"selector":{"id":"application-manageresources-display-component---newResourceUnit--PLANNING_GROUP","interaction":{"idSuffix":"inner"}},"wdio_ui5_key":"applicationmanageresources-display-component---newResourceUnit--PLANNING_GROUP"}]}
COMMAND: GET /session/00377494c9177dc39dc7c331b478fd1b/screenshot - {}
RESULT: {"script":"<script> [1562 bytes]","args":[{"selector":{"id":"application-manageresources-display-component---newResourceUnit--PLANNING_GROUP","interaction":{"idSuffix":"inner"}},"wdio_ui5_key":"applicationmanageresources-display-component---newResourceUnit--PLANNING_GROUP"}]}
RESULT: undefined
COMMAND: POST /session/00377494c9177dc39dc7c331b478fd1b/execute/async - {"script":"<script> [776 bytes]","args":[{"enterText":"Heavy Equi","selector":{"id":"application-manageresources-display-component---newResourceUnit--PLANNING_GROUP","interaction":{"idSuffix":"inner"}},"clearTextFirst":true,"interactionType":"ENTER_TEXT"}]}
RESULT: {}
RESULT: {"script":"<script> [776 bytes]","args":[{"enterText":"Heavy Equi","selector":{"id":"application-manageresources-display-component---newResourceUnit--PLANNING_GROUP","interaction":{"idSuffix":"inner"}},"clearTextFirst":true,"interactionType":"ENTER_TEXT"}]}
COMMAND: POST /session/00377494c9177dc39dc7c331b478fd1b/execute/async - {"script":"<script> [1562 bytes]","args":[{"selector":{"id":"application-manageresources-display-component---newResourceUnit--ITEM_TYPE-arrow"},"wdio_ui5_key":"applicationmanageresources-display-component---newResourceUnit--ITEM_TYPE-arrow"}]}
RESULT: {"script":"<script> [1562 bytes]","args":[{"selector":{"id":"application-manageresources-display-component---newResourceUnit--ITEM_TYPE-arrow"},"wdio_ui5_key":"applicationmanageresources-display-component---newResourceUnit--ITEM_TYPE-arrow"}]}
RESULT: undefined
COMMAND: POST /session/00377494c9177dc39dc7c331b478fd1b/element - {"using":"xpath","value":"//*[@id=\"application-manageresources-display-component---newResourceUnit--ITEM_TYPE-arrow\"]"}
RESULT: {"using":"xpath","value":"//*[@id=\"application-manageresources-display-component---newResourceUnit--ITEM_TYPE-arrow\"]"}
COMMAND: POST /session/00377494c9177dc39dc7c331b478fd1b/element/f.BC6A9895F84C302F47B04B2C9514348C.d.A0136FF06D32702749283588F64E01B8.e.7262/click - {}
RESULT: {}
COMMAND: POST /session/00377494c9177dc39dc7c331b478fd1b/execute/async - {"script":"<script> [1562 bytes]","args":[{"selector":{"controlType":"sap.m.StandardListItem","viewName":"reusables.view.manageresources.NewResourceUnit","viewId":"application-manageresources-display-component---newResourceUnit","properties":{"title":"Resource Unit"},"searchOpenDialogs":true,"interaction":{"idSuffix":"titleText"}},"wdio_ui5_key":"reusablesview.manageresources.NewResourceUnitsap.m.StandardListItem{\"title\":\"Resource Unit\"}"}]}
COMMAND: GET /session/00377494c9177dc39dc7c331b478fd1b/screenshot - {}
RESULT: {"script":"<script> [1562 bytes]","args":[{"selector":{"controlType":"sap.m.StandardListItem","viewName":"reusables.view.manageresources.NewResourceUnit","viewId":"application-manageresources-display-component---newResourceUnit","properties":{"title":"Resource Unit"},"searchOpenDialogs":true,"interaction":{"idSuffix":"titleText"}},"wdio_ui5_key":"reusablesview.manageresources.NewResourceUnitsap.m.StandardListItem{\"title\":\"Resource Unit\"}"}]}
RESULT: undefined
COMMAND: POST /session/00377494c9177dc39dc7c331b478fd1b/element - {"using":"xpath","value":"//*[@id=\"__item203\"]"}
RESULT: {}
RESULT: {"using":"xpath","value":"//*[@id=\"__item203\"]"}
COMMAND: POST /session/00377494c9177dc39dc7c331b478fd1b/element/f.BC6A9895F84C302F47B04B2C9514348C.d.A0136FF06D32702749283588F64E01B8.e.7264/click - {}
RESULT: {}
COMMAND: POST /session/00377494c9177dc39dc7c331b478fd1b/element - {"using":"xpath","value":"//bdi[contains(text(), \"Time Segment\")]"}
COMMAND: GET /session/00377494c9177dc39dc7c331b478fd1b/screenshot - {}
RESULT: {"using":"xpath","value":"//bdi[contains(text(), \"Time Segment\")]"}
COMMAND: GET /session/00377494c9177dc39dc7c331b478fd1b/element/f.BC6A9895F84C302F47B04B2C9514348C.d.A0136FF06D32702749283588F64E01B8.e.7265/rect - {}
RESULT: {}
RESULT: {}
COMMAND: GET /session/00377494c9177dc39dc7c331b478fd1b/window/rect - {}
RESULT: {}
COMMAND: POST /session/00377494c9177dc39dc7c331b478fd1b/execute/sync - {"script":"<script> [92 bytes]","args":[]}
RESULT: {"script":"<script> [92 bytes]","args":[]}
COMMAND: POST /session/00377494c9177dc39dc7c331b478fd1b/actions - {"actions":[{"id":"action20","type":"wheel","parameters":{},"actions":[{"type":"scroll","x":-1820,"y":-21,"deltaX":0,"deltaY":0,"duration":0,"origin":{"element-6066-11e4-a52e-4f735466cecf":"f.BC6A9895F84C302F47B04B2C9514348C.d.A0136FF06D32702749283588F64E01B8.e.7265"}}]}]}
COMMAND: GET /session/00377494c9177dc39dc7c331b478fd1b/screenshot - {}
RESULT: {}
COMMAND: POST /session/00377494c9177dc39dc7c331b478fd1b/execute/sync - {"script":"<script> [79 bytes]","args":[{"element-6066-11e4-a52e-4f735466cecf":"f.BC6A9895F84C302F47B04B2C9514348C.d.A0136FF06D32702749283588F64E01B8.e.7265","ELEMENT":"f.BC6A9895F84C302F47B04B2C9514348C.d.A0136FF06D32702749283588F64E01B8.e.7265"},{"block":"start","inline":"nearest"}]}
RESULT: {"script":"<script> [79 bytes]","args":[{"element-6066-11e4-a52e-4f735466cecf":"f.BC6A9895F84C302F47B04B2C9514348C.d.A0136FF06D32702749283588F64E01B8.e.7265","ELEMENT":"f.BC6A9895F84C302F47B04B2C9514348C.d.A0136FF06D32702749283588F64E01B8.e.7265"},{"block":"start","inline":"nearest"}]}
COMMAND: POST /session/00377494c9177dc39dc7c331b478fd1b/execute/async - {"script":"<script> [1562 bytes]","args":[{"selector":{"id":"application-manageresources-display-component---newResourceUnit--btnAddTimeSegment-img"},"wdio_ui5_key":"applicationmanageresources-display-component---newResourceUnit--btnAddTimeSegment-img"}]}
COMMAND: GET /session/00377494c9177dc39dc7c331b478fd1b/screenshot - {}
RESULT: {"script":"<script> [1562 bytes]","args":[{"selector":{"id":"application-manageresources-display-component---newResourceUnit--btnAddTimeSegment-img"},"wdio_ui5_key":"applicationmanageresources-display-component---newResourceUnit--btnAddTimeSegment-img"}]}
RESULT: undefined
COMMAND: POST /session/00377494c9177dc39dc7c331b478fd1b/element - {"using":"xpath","value":"//*[@id=\"application-manageresources-display-component---newResourceUnit--btnAddTimeSegment-img\"]"}
RESULT: {}
RESULT: {"using":"xpath","value":"//*[@id=\"application-manageresources-display-component---newResourceUnit--btnAddTimeSegment-img\"]"}
COMMAND: POST /session/00377494c9177dc39dc7c331b478fd1b/element/f.BC6A9895F84C302F47B04B2C9514348C.d.A0136FF06D32702749283588F64E01B8.e.7268/click - {}
RESULT: {}
COMMAND: POST /session/00377494c9177dc39dc7c331b478fd1b/element - {"using":"xpath","value":"//input[@id=\"application-manageresources-display-component---newResourceUnit--idRuTSAdmin-application-manageresources-display-component---newResourceUnit--RUTimeSegment-0-inner\"]"}
COMMAND: GET /session/00377494c9177dc39dc7c331b478fd1b/screenshot - {}
RESULT: {"using":"xpath","value":"//input[@id=\"application-manageresources-display-component---newResourceUnit--idRuTSAdmin-application-manageresources-display-component---newResourceUnit--RUTimeSegment-0-inner\"]"}
COMMAND: POST /session/00377494c9177dc39dc7c331b478fd1b/element/f.BC6A9895F84C302F47B04B2C9514348C.d.A0136FF06D32702749283588F64E01B8.e.7271/clear - {}
RESULT: {}
RESULT: {}
COMMAND: POST /session/00377494c9177dc39dc7c331b478fd1b/element/f.BC6A9895F84C302F47B04B2C9514348C.d.A0136FF06D32702749283588F64E01B8.e.7271/value - {"text":"Webdriver Yard"}
COMMAND: GET /session/00377494c9177dc39dc7c331b478fd1b/screenshot - {}
RESULT: {"text":"Webdriver Yard"}
COMMAND: GET /session/00377494c9177dc39dc7c331b478fd1b/screenshot - {}
RESULT: {}
RESULT: {}
COMMAND: POST /session/00377494c9177dc39dc7c331b478fd1b/actions - {"actions":[{"id":"action21","type":"key","parameters":{},"actions":[{"type":"keyDown","value":"î€‡"},{"type":"pause","duration":10},{"type":"keyUp","value":"î€‡"}]}]}
RESULT: {"actions":[{"id":"action21","type":"key","parameters":{},"actions":[{"type":"keyDown","value":"î€‡"},{"type":"pause","duration":10},{"type":"keyUp","value":"î€‡"}]}]}
COMMAND: POST /session/00377494c9177dc39dc7c331b478fd1b/execute/async - {"script":"<script> [1562 bytes]","args":[{"selector":{"controlType":"sap.ui.core.Icon","viewName":"reusables.view.manageresources.NewResourceUnit","viewId":"application-manageresources-display-component---newResourceUnit","properties":{"src":{"regex":{"source":"slim\\-arrow\\-down"}}},"ancestor":{"controlType":"sap.m.ComboBox","viewName":"reusables.view.manageresources.NewResourceUnit","viewId":"application-manageresources-display-component---newResourceUnit","bindingPath":{"path":"/RESOURCE_UNIT_TIME_SEQUENCES/0","propertyPath":"COST_OBJECT_ADMIN_CST_TYPE","modelName":"oNewRruModel"}}},"wdio_ui5_key":"reusablesview.manageresources.NewResourceUnitsap.ui.core.Icon{\"src\":{\"regex\":{\"source\":\"slim\\\\-arrow\\\\-down\"}}}{\"controlType\":\"sap.m.ComboBox\",\"viewName\":\"reusables.view.manageresources.NewResourceUnit\",\"viewId\":\"application-manageresources-display-component---newResourceUnit\",\"bindingPath\":{\"path\":\"/RESOURCE_UNIT_TIME_SEQUENCES/0\",\"propertyPath\":\"COST_OBJECT_ADMIN_CST_TYPE\",\"modelName\":\"oNewRruModel\"}}"}]}
COMMAND: GET /session/00377494c9177dc39dc7c331b478fd1b/screenshot - {}
RESULT: {"script":"<script> [1562 bytes]","args":[{"selector":{"controlType":"sap.ui.core.Icon","viewName":"reusables.view.manageresources.NewResourceUnit","viewId":"application-manageresources-display-component---newResourceUnit","properties":{"src":{"regex":{"source":"slim\\-arrow\\-down"}}},"ancestor":{"controlType":"sap.m.ComboBox","viewName":"reusables.view.manageresources.NewResourceUnit","viewId":"application-manageresources-display-component---newResourceUnit","bindingPath":{"path":"/RESOURCE_UNIT_TIME_SEQUENCES/0","propertyPath":"COST_OBJECT_ADMIN_CST_TYPE","modelName":"oNewRruModel"}}},"wdio_ui5_key":"reusablesview.manageresources.NewResourceUnitsap.ui.core.Icon{\"src\":{\"regex\":{\"source\":\"slim\\\\-arrow\\\\-down\"}}}{\"controlType\":\"sap.m.ComboBox\",\"viewName\":\"reusables.view.manageresources.NewResourceUnit\",\"viewId\":\"application-manageresources-display-component---newResourceUnit\",\"bindingPath\":{\"path\":\"/RESOURCE_UNIT_TIME_SEQUENCES/0\",\"propertyPath\":\"COST_OBJECT_ADMIN_CST_TYPE\",\"modelName\":\"oNewRruModel\"}}"}]}
RESULT: undefined
COMMAND: POST /session/00377494c9177dc39dc7c331b478fd1b/element - {"using":"xpath","value":"//*[@id=\"__box5-application-manageresources-display-component---newResourceUnit--RUTimeSegment-0-arrow\"]"}
RESULT: {}
RESULT: {"using":"xpath","value":"//*[@id=\"__box5-application-manageresources-display-component---newResourceUnit--RUTimeSegment-0-arrow\"]"}
COMMAND: POST /session/00377494c9177dc39dc7c331b478fd1b/element/f.BC6A9895F84C302F47B04B2C9514348C.d.A0136FF06D32702749283588F64E01B8.e.7284/click - {}
RESULT: {}
COMMAND: POST /session/00377494c9177dc39dc7c331b478fd1b/execute/async - {"script":"<script> [1562 bytes]","args":[{"selector":{"controlType":"sap.m.StandardListItem","viewName":"reusables.view.manageresources.NewResourceUnit","viewId":"application-manageresources-display-component---newResourceUnit","properties":{"title":"PM Order"},"searchOpenDialogs":true,"interaction":{"idSuffix":"titleText"}},"wdio_ui5_key":"reusablesview.manageresources.NewResourceUnitsap.m.StandardListItem{\"title\":\"PM Order\"}"}]}
COMMAND: GET /session/00377494c9177dc39dc7c331b478fd1b/screenshot - {}
RESULT: {"script":"<script> [1562 bytes]","args":[{"selector":{"controlType":"sap.m.StandardListItem","viewName":"reusables.view.manageresources.NewResourceUnit","viewId":"application-manageresources-display-component---newResourceUnit","properties":{"title":"PM Order"},"searchOpenDialogs":true,"interaction":{"idSuffix":"titleText"}},"wdio_ui5_key":"reusablesview.manageresources.NewResourceUnitsap.m.StandardListItem{\"title\":\"PM Order\"}"}]}
RESULT: undefined
COMMAND: POST /session/00377494c9177dc39dc7c331b478fd1b/element - {"using":"xpath","value":"//*[@id=\"__item416\"]"}
RESULT: {}
RESULT: {"using":"xpath","value":"//*[@id=\"__item416\"]"}
COMMAND: POST /session/00377494c9177dc39dc7c331b478fd1b/element/f.BC6A9895F84C302F47B04B2C9514348C.d.A0136FF06D32702749283588F64E01B8.e.7288/click - {}
RESULT: {}
COMMAND: GET /session/00377494c9177dc39dc7c331b478fd1b/screenshot - {}
RESULT: {}
COMMAND: POST /session/00377494c9177dc39dc7c331b478fd1b/element - {"using":"xpath","value":"(//input[contains(@id ,\"-application-manageresources-display-component---newResourceUnit--RUTimeSegment-0-inner\")])[8]"}
RESULT: {"using":"xpath","value":"(//input[contains(@id ,\"-application-manageresources-display-component---newResourceUnit--RUTimeSegment-0-inner\")])[8]"}
COMMAND: POST /session/00377494c9177dc39dc7c331b478fd1b/element/f.BC6A9895F84C302F47B04B2C9514348C.d.A0136FF06D32702749283588F64E01B8.e.7291/clear - {}
RESULT: {}
COMMAND: POST /session/00377494c9177dc39dc7c331b478fd1b/element/f.BC6A9895F84C302F47B04B2C9514348C.d.A0136FF06D32702749283588F64E01B8.e.7291/value - {"text":"4000360"}
COMMAND: GET /session/00377494c9177dc39dc7c331b478fd1b/screenshot - {}
RESULT: {"text":"4000360"}
COMMAND: GET /session/00377494c9177dc39dc7c331b478fd1b/screenshot - {}
RESULT: {}
RESULT: {}
COMMAND: POST /session/00377494c9177dc39dc7c331b478fd1b/actions - {"actions":[{"id":"action22","type":"key","parameters":{},"actions":[{"type":"keyDown","value":"î€‡"},{"type":"pause","duration":10},{"type":"keyUp","value":"î€‡"}]}]}
RESULT: {"actions":[{"id":"action22","type":"key","parameters":{},"actions":[{"type":"keyDown","value":"î€‡"},{"type":"pause","duration":10},{"type":"keyUp","value":"î€‡"}]}]}
COMMAND: GET /session/00377494c9177dc39dc7c331b478fd1b/screenshot - {}
RESULT: {}
COMMAND: POST /session/00377494c9177dc39dc7c331b478fd1b/execute/async - {"script":"<script> [1562 bytes]","args":[{"selector":{"id":"application-manageresources-display-component---newResourceUnit--newTimeSegmentDateRangePicker-application-manageresources-display-component---newResourceUnit--RUTimeSegment-0","interaction":{"idSuffix":"inner"}},"wdio_ui5_key":"applicationmanageresources-display-component---newResourceUnit--newTimeSegmentDateRangePicker-application-manageresources-display-component---newResourceUnit--RUTimeSegment-0"}]}
RESULT: {"script":"<script> [1562 bytes]","args":[{"selector":{"id":"application-manageresources-display-component---newResourceUnit--newTimeSegmentDateRangePicker-application-manageresources-display-component---newResourceUnit--RUTimeSegment-0","interaction":{"idSuffix":"inner"}},"wdio_ui5_key":"applicationmanageresources-display-component---newResourceUnit--newTimeSegmentDateRangePicker-application-manageresources-display-component---newResourceUnit--RUTimeSegment-0"}]}
RESULT: undefined
COMMAND: POST /session/00377494c9177dc39dc7c331b478fd1b/execute/async - {"script":"<script> [1562 bytes]","args":[{"selector":{"id":"application-manageresources-display-component---newResourceUnit--newRRUPage-anchBar-application-manageresources-display-component---newResourceUnit--resource-anchor","interaction":{"idSuffix":"BDI-content"}},"wdio_ui5_key":"applicationmanageresources-display-component---newResourceUnit--newRRUPage-anchBar-application-manageresources-display-component---newResourceUnit--resource-anchor"}]}
RESULT: {"script":"<script> [1562 bytes]","args":[{"selector":{"id":"application-manageresources-display-component---newResourceUnit--newRRUPage-anchBar-application-manageresources-display-component---newResourceUnit--resource-anchor","interaction":{"idSuffix":"BDI-content"}},"wdio_ui5_key":"applicationmanageresources-display-component---newResourceUnit--newRRUPage-anchBar-application-manageresources-display-component---newResourceUnit--resource-anchor"}]}
RESULT: undefined
COMMAND: POST /session/00377494c9177dc39dc7c331b478fd1b/element - {"using":"xpath","value":"//*[@id=\"application-manageresources-display-component---newResourceUnit--newRRUPage-anchBar-application-manageresources-display-component---newResourceUnit--resource-anchor\"]"}
RESULT: {"using":"xpath","value":"//*[@id=\"application-manageresources-display-component---newResourceUnit--newRRUPage-anchBar-application-manageresources-display-component---newResourceUnit--resource-anchor\"]"}
COMMAND: POST /session/00377494c9177dc39dc7c331b478fd1b/element/f.BC6A9895F84C302F47B04B2C9514348C.d.A0136FF06D32702749283588F64E01B8.e.7311/click - {}
RESULT: {}
COMMAND: POST /session/00377494c9177dc39dc7c331b478fd1b/execute/async - {"script":"<script> [1562 bytes]","args":[{"selector":{"id":"application-manageresources-display-component---newResourceUnit--PLANNED_DELIVERY_DATE","interaction":{"idSuffix":"inner"}},"wdio_ui5_key":"applicationmanageresources-display-component---newResourceUnit--PLANNED_DELIVERY_DATE"}]}
COMMAND: GET /session/00377494c9177dc39dc7c331b478fd1b/screenshot - {}
RESULT: {"script":"<script> [1562 bytes]","args":[{"selector":{"id":"application-manageresources-display-component---newResourceUnit--PLANNED_DELIVERY_DATE","interaction":{"idSuffix":"inner"}},"wdio_ui5_key":"applicationmanageresources-display-component---newResourceUnit--PLANNED_DELIVERY_DATE"}]}
RESULT: undefined
COMMAND: POST /session/00377494c9177dc39dc7c331b478fd1b/execute/async - {"script":"<script> [6424 bytes]","args":[{"element-6066-11e4-a52e-4f735466cecf":"f.BC6A9895F84C302F47B04B2C9514348C.d.A0136FF06D32702749283588F64E01B8.e.7176"},"setValue",["06/14/24"]]}
RESULT: {}
RESULT: {"script":"<script> [6424 bytes]","args":[{"element-6066-11e4-a52e-4f735466cecf":"f.BC6A9895F84C302F47B04B2C9514348C.d.A0136FF06D32702749283588F64E01B8.e.7176"},"setValue",["06/14/24"]]}
COMMAND: POST /session/00377494c9177dc39dc7c331b478fd1b/execute/async - {"script":"<script> [1562 bytes]","args":[{"selector":{"controlType":"sap.m.Button","viewName":"reusables.view.manageresources.NewResourceUnit","viewId":"application-manageresources-display-component---newResourceUnit","i18NText":{"propertyName":"tooltip","key":"save"},"interaction":{"idSuffix":"BDI-content"}},"wdio_ui5_key":"reusablesview.manageresources.NewResourceUnitsap.m.Button{\"propertyName\":\"tooltip\",\"key\":\"save\"}"}]}
RESULT: {"script":"<script> [1562 bytes]","args":[{"selector":{"controlType":"sap.m.Button","viewName":"reusables.view.manageresources.NewResourceUnit","viewId":"application-manageresources-display-component---newResourceUnit","i18NText":{"propertyName":"tooltip","key":"save"},"interaction":{"idSuffix":"BDI-content"}},"wdio_ui5_key":"reusablesview.manageresources.NewResourceUnitsap.m.Button{\"propertyName\":\"tooltip\",\"key\":\"save\"}"}]}
RESULT: undefined
COMMAND: POST /session/00377494c9177dc39dc7c331b478fd1b/element - {"using":"xpath","value":"//*[@id=\"application-manageresources-display-component---newResourceUnit--createRuButton\"]"}
RESULT: {"using":"xpath","value":"//*[@id=\"application-manageresources-display-component---newResourceUnit--createRuButton\"]"}
COMMAND: POST /session/00377494c9177dc39dc7c331b478fd1b/element/f.BC6A9895F84C302F47B04B2C9514348C.d.A0136FF06D32702749283588F64E01B8.e.7136/click - {}
RESULT: {}
COMMAND: GET /session/00377494c9177dc39dc7c331b478fd1b/screenshot - {}
RESULT: {}
COMMAND: POST /session/00377494c9177dc39dc7c331b478fd1b/execute/async - {"script":"<script> [1562 bytes]","args":[{"selector":{"controlType":"sap.m.Button","properties":{"text":"Close"},"searchOpenDialogs":true,"interaction":{"idSuffix":"inner"}},"wdio_ui5_key":"sapm.Button{\"text\":\"Close\"}"}]}
RESULT: {"script":"<script> [1562 bytes]","args":[{"selector":{"controlType":"sap.m.Button","properties":{"text":"Close"},"searchOpenDialogs":true,"interaction":{"idSuffix":"inner"}},"wdio_ui5_key":"sapm.Button{\"text\":\"Close\"}"}]}
RESULT: undefined
COMMAND: POST /session/00377494c9177dc39dc7c331b478fd1b/element - {"using":"xpath","value":"//*[@id=\"__mbox-btn-0\"]"}
RESULT: {"using":"xpath","value":"//*[@id=\"__mbox-btn-0\"]"}
COMMAND: POST /session/00377494c9177dc39dc7c331b478fd1b/element/f.BC6A9895F84C302F47B04B2C9514348C.d.A0136FF06D32702749283588F64E01B8.e.7317/click - {}
RESULT: {}
COMMAND: GET /session/00377494c9177dc39dc7c331b478fd1b/screenshot - {}
RESULT: {}
COMMAND: POST /session/00377494c9177dc39dc7c331b478fd1b/execute/async - {"script":"<script> [1562 bytes]","args":[{"selector":{"controlType":"sap.m.Text","viewName":"etm.portal.ui.manageresources.view.Detail","viewId":"application-manageresources-display-component---detailRU","bindingPath":{"propertyPath":"ID","modelName":"catalogModel"}},"wdio_ui5_key":"etmportal.ui.manageresources.view.Detailsap.m.Text{\"propertyPath\":\"ID\",\"modelName\":\"catalogModel\"}"}]}
RESULT: {"script":"<script> [1562 bytes]","args":[{"selector":{"controlType":"sap.m.Text","viewName":"etm.portal.ui.manageresources.view.Detail","viewId":"application-manageresources-display-component---detailRU","bindingPath":{"propertyPath":"ID","modelName":"catalogModel"}},"wdio_ui5_key":"etmportal.ui.manageresources.view.Detailsap.m.Text{\"propertyPath\":\"ID\",\"modelName\":\"catalogModel\"}"}]}
RESULT: undefined
COMMAND: POST /session/00377494c9177dc39dc7c331b478fd1b/execute/async - {"script":"<script> [6424 bytes]","args":[{"element-6066-11e4-a52e-4f735466cecf":"f.BC6A9895F84C302F47B04B2C9514348C.d.A0136FF06D32702749283588F64E01B8.e.7373"},"getText",[]]}
RESULT: {"script":"<script> [6424 bytes]","args":[{"element-6066-11e4-a52e-4f735466cecf":"f.BC6A9895F84C302F47B04B2C9514348C.d.A0136FF06D32702749283588F64E01B8.e.7373"},"getText",[]]}
COMMAND: POST /session/00377494c9177dc39dc7c331b478fd1b/element - {"using":"xpath","value":"//bdi[text()=\"Edit\"]"}
RESULT: {"using":"xpath","value":"//bdi[text()=\"Edit\"]"}
COMMAND: GET /session/00377494c9177dc39dc7c331b478fd1b/element/f.BC6A9895F84C302F47B04B2C9514348C.d.A0136FF06D32702749283588F64E01B8.e.7374/enabled - {}
RESULT: {}
COMMAND: POST /session/00377494c9177dc39dc7c331b478fd1b/execute/sync - {"script":"<script> [8489 bytes]","args":[{"element-6066-11e4-a52e-4f735466cecf":"f.BC6A9895F84C302F47B04B2C9514348C.d.A0136FF06D32702749283588F64E01B8.e.7374","ELEMENT":"f.BC6A9895F84C302F47B04B2C9514348C.d.A0136FF06D32702749283588F64E01B8.e.7374"}]}
COMMAND: GET /session/00377494c9177dc39dc7c331b478fd1b/screenshot - {}
RESULT: {"script":"<script> [8489 bytes]","args":[{"element-6066-11e4-a52e-4f735466cecf":"f.BC6A9895F84C302F47B04B2C9514348C.d.A0136FF06D32702749283588F64E01B8.e.7374","ELEMENT":"f.BC6A9895F84C302F47B04B2C9514348C.d.A0136FF06D32702749283588F64E01B8.e.7374"}]}
COMMAND: POST /session/00377494c9177dc39dc7c331b478fd1b/execute/sync - {"script":"<script> [5351 bytes]","args":[{"element-6066-11e4-a52e-4f735466cecf":"f.BC6A9895F84C302F47B04B2C9514348C.d.A0136FF06D32702749283588F64E01B8.e.7374","ELEMENT":"f.BC6A9895F84C302F47B04B2C9514348C.d.A0136FF06D32702749283588F64E01B8.e.7374"}]}
COMMAND: GET /session/00377494c9177dc39dc7c331b478fd1b/screenshot - {}
RESULT: {}
RESULT: {"script":"<script> [5351 bytes]","args":[{"element-6066-11e4-a52e-4f735466cecf":"f.BC6A9895F84C302F47B04B2C9514348C.d.A0136FF06D32702749283588F64E01B8.e.7374","ELEMENT":"f.BC6A9895F84C302F47B04B2C9514348C.d.A0136FF06D32702749283588F64E01B8.e.7374"}]}
COMMAND: POST /session/00377494c9177dc39dc7c331b478fd1b/element/f.BC6A9895F84C302F47B04B2C9514348C.d.A0136FF06D32702749283588F64E01B8.e.7374/click - {}
COMMAND: GET /session/00377494c9177dc39dc7c331b478fd1b/screenshot - {}
RESULT: {}
RESULT: {}
COMMAND: GET /session/00377494c9177dc39dc7c331b478fd1b/screenshot - {}
RESULT: {}
RESULT: {}
COMMAND: POST /session/00377494c9177dc39dc7c331b478fd1b/element - {"using":"xpath","value":"//bdi[@id=\"application-manageresources-display-component---editResource--editRruPage-anchBar-application-manageresources-display-component---editResource--counters-anchor-BDI-content\"]"}
RESULT: {"using":"xpath","value":"//bdi[@id=\"application-manageresources-display-component---editResource--editRruPage-anchBar-application-manageresources-display-component---editResource--counters-anchor-BDI-content\"]"}
COMMAND: POST /session/00377494c9177dc39dc7c331b478fd1b/execute/sync - {"script":"<script> [8489 bytes]","args":[{"element-6066-11e4-a52e-4f735466cecf":"f.BC6A9895F84C302F47B04B2C9514348C.d.A0136FF06D32702749283588F64E01B8.e.7481","ELEMENT":"f.BC6A9895F84C302F47B04B2C9514348C.d.A0136FF06D32702749283588F64E01B8.e.7481"}]}
RESULT: {"script":"<script> [8489 bytes]","args":[{"element-6066-11e4-a52e-4f735466cecf":"f.BC6A9895F84C302F47B04B2C9514348C.d.A0136FF06D32702749283588F64E01B8.e.7481","ELEMENT":"f.BC6A9895F84C302F47B04B2C9514348C.d.A0136FF06D32702749283588F64E01B8.e.7481"}]}
COMMAND: POST /session/00377494c9177dc39dc7c331b478fd1b/element/f.BC6A9895F84C302F47B04B2C9514348C.d.A0136FF06D32702749283588F64E01B8.e.7481/click - {}
COMMAND: GET /session/00377494c9177dc39dc7c331b478fd1b/screenshot - {}
RESULT: {}
COMMAND: GET /session/00377494c9177dc39dc7c331b478fd1b/screenshot - {}
RESULT: {}
RESULT: {}
COMMAND: POST /session/00377494c9177dc39dc7c331b478fd1b/execute/async - {"script":"<script> [1562 bytes]","args":[{"selector":{"id":"application-manageresources-display-component---editResource--btnAddCounter-img"},"wdio_ui5_key":"applicationmanageresources-display-component---editResource--btnAddCounter-img"}]}
RESULT: {"script":"<script> [1562 bytes]","args":[{"selector":{"id":"application-manageresources-display-component---editResource--btnAddCounter-img"},"wdio_ui5_key":"applicationmanageresources-display-component---editResource--btnAddCounter-img"}]}
RESULT: undefined
COMMAND: POST /session/00377494c9177dc39dc7c331b478fd1b/element - {"using":"xpath","value":"//*[@id=\"application-manageresources-display-component---editResource--btnAddCounter-img\"]"}
RESULT: {"using":"xpath","value":"//*[@id=\"application-manageresources-display-component---editResource--btnAddCounter-img\"]"}
COMMAND: POST /session/00377494c9177dc39dc7c331b478fd1b/element/f.BC6A9895F84C302F47B04B2C9514348C.d.A0136FF06D32702749283588F64E01B8.e.7516/click - {}
RESULT: {}
COMMAND: GET /session/00377494c9177dc39dc7c331b478fd1b/screenshot - {}
RESULT: {}
COMMAND: POST /session/00377494c9177dc39dc7c331b478fd1b/execute/async - {"script":"<script> [1562 bytes]","args":[{"selector":{"id":"application-manageresources-display-component---editResource--HAND_OVER_TYPE-application-manageresources-display-component---editResource--RUCounters-0","interaction":{"idSuffix":"CbBg"}},"wdio_ui5_key":"applicationmanageresources-display-component---editResource--HAND_OVER_TYPE-application-manageresources-display-component---editResource--RUCounters-0"}]}
RESULT: {"script":"<script> [1562 bytes]","args":[{"selector":{"id":"application-manageresources-display-component---editResource--HAND_OVER_TYPE-application-manageresources-display-component---editResource--RUCounters-0","interaction":{"idSuffix":"CbBg"}},"wdio_ui5_key":"applicationmanageresources-display-component---editResource--HAND_OVER_TYPE-application-manageresources-display-component---editResource--RUCounters-0"}]}
RESULT: undefined
COMMAND: POST /session/00377494c9177dc39dc7c331b478fd1b/element - {"using":"xpath","value":"//*[@id=\"application-manageresources-display-component---editResource--HAND_OVER_TYPE-application-manageresources-display-component---editResource--RUCounters-0\"]"}
RESULT: {"using":"xpath","value":"//*[@id=\"application-manageresources-display-component---editResource--HAND_OVER_TYPE-application-manageresources-display-component---editResource--RUCounters-0\"]"}
COMMAND: POST /session/00377494c9177dc39dc7c331b478fd1b/element/f.BC6A9895F84C302F47B04B2C9514348C.d.A0136FF06D32702749283588F64E01B8.e.7521/click - {}
RESULT: {}
COMMAND: POST /session/00377494c9177dc39dc7c331b478fd1b/execute/async - {"script":"<script> [1562 bytes]","args":[{"selector":{"controlType":"sap.m.Button","viewName":"etm.portal.ui.manageresources.view.EditResource","viewId":"application-manageresources-display-component---editResource","i18NText":{"propertyName":"text","key":"save"},"interaction":{"idSuffix":"BDI-content"}},"wdio_ui5_key":"etmportal.ui.manageresources.view.EditResourcesap.m.Button{\"propertyName\":\"text\",\"key\":\"save\"}"}]}
COMMAND: GET /session/00377494c9177dc39dc7c331b478fd1b/screenshot - {}
RESULT: {"script":"<script> [1562 bytes]","args":[{"selector":{"controlType":"sap.m.Button","viewName":"etm.portal.ui.manageresources.view.EditResource","viewId":"application-manageresources-display-component---editResource","i18NText":{"propertyName":"text","key":"save"},"interaction":{"idSuffix":"BDI-content"}},"wdio_ui5_key":"etmportal.ui.manageresources.view.EditResourcesap.m.Button{\"propertyName\":\"text\",\"key\":\"save\"}"}]}
RESULT: undefined
COMMAND: POST /session/00377494c9177dc39dc7c331b478fd1b/element - {"using":"xpath","value":"//*[@id=\"__button86\"]"}
RESULT: {}
RESULT: {"using":"xpath","value":"//*[@id=\"__button86\"]"}
COMMAND: POST /session/00377494c9177dc39dc7c331b478fd1b/element/f.BC6A9895F84C302F47B04B2C9514348C.d.A0136FF06D32702749283588F64E01B8.e.7523/click - {}
RESULT: {}
COMMAND: GET /session/00377494c9177dc39dc7c331b478fd1b/screenshot - {}
RESULT: {}
COMMAND: POST /session/00377494c9177dc39dc7c331b478fd1b/element - {"using":"css selector","value":"#shell-header-logo"}
RESULT: {"using":"css selector","value":"#shell-header-logo"}
COMMAND: POST /session/00377494c9177dc39dc7c331b478fd1b/elements - {"using":"css selector","value":"#shell-header-logo"}
RESULT: {"using":"css selector","value":"#shell-header-logo"}
COMMAND: POST /session/00377494c9177dc39dc7c331b478fd1b/execute/sync - {"script":"<script> [8489 bytes]","args":[{"element-6066-11e4-a52e-4f735466cecf":"f.BC6A9895F84C302F47B04B2C9514348C.d.A0136FF06D32702749283588F64E01B8.e.6743","ELEMENT":"f.BC6A9895F84C302F47B04B2C9514348C.d.A0136FF06D32702749283588F64E01B8.e.6743"}]}
RESULT: {"script":"<script> [8489 bytes]","args":[{"element-6066-11e4-a52e-4f735466cecf":"f.BC6A9895F84C302F47B04B2C9514348C.d.A0136FF06D32702749283588F64E01B8.e.6743","ELEMENT":"f.BC6A9895F84C302F47B04B2C9514348C.d.A0136FF06D32702749283588F64E01B8.e.6743"}]}
COMMAND: POST /session/00377494c9177dc39dc7c331b478fd1b/execute/sync - {"script":"<script> [5351 bytes]","args":[{"element-6066-11e4-a52e-4f735466cecf":"f.BC6A9895F84C302F47B04B2C9514348C.d.A0136FF06D32702749283588F64E01B8.e.6743","ELEMENT":"f.BC6A9895F84C302F47B04B2C9514348C.d.A0136FF06D32702749283588F64E01B8.e.6743"}]}
COMMAND: GET /session/00377494c9177dc39dc7c331b478fd1b/screenshot - {}
RESULT: {"script":"<script> [5351 bytes]","args":[{"element-6066-11e4-a52e-4f735466cecf":"f.BC6A9895F84C302F47B04B2C9514348C.d.A0136FF06D32702749283588F64E01B8.e.6743","ELEMENT":"f.BC6A9895F84C302F47B04B2C9514348C.d.A0136FF06D32702749283588F64E01B8.e.6743"}]}
COMMAND: POST /session/00377494c9177dc39dc7c331b478fd1b/element/f.BC6A9895F84C302F47B04B2C9514348C.d.A0136FF06D32702749283588F64E01B8.e.6743/click - {}
COMMAND: GET /session/00377494c9177dc39dc7c331b478fd1b/screenshot - {}
RESULT: {}
RESULT: {}
COMMAND: GET /session/00377494c9177dc39dc7c331b478fd1b/screenshot - {}
RESULT: {}
RESULT: {}
COMMAND: POST /session/00377494c9177dc39dc7c331b478fd1b/element - {"using":"css selector","value":"#shell-header-logo"}
RESULT: {"using":"css selector","value":"#shell-header-logo"}
COMMAND: POST /session/00377494c9177dc39dc7c331b478fd1b/element/f.BC6A9895F84C302F47B04B2C9514348C.d.A0136FF06D32702749283588F64E01B8.e.7537/click - {}
RESULT: {}
COMMAND: GET /session/00377494c9177dc39dc7c331b478fd1b/screenshot - {}
RESULT: {}
]]></system-out>
    </testcase>
  </testsuite>
  <testsuite timestamp="2025-05-14T06:44:59" time="76.168" tests="2" failures="0" errors="0" skipped="0">
    <properties>
      <property name="specId" value="0" />
      <property name="suiteName" value="Personnel creation and reference material verification  US120163" />
      <property name="capabilities" value="chrome.136_0_7103_49.windows" />
      <property name="file" value="file:///D:/a/1/s/test/specs/R2C/create-personnel-no-material-reference.spec.js" />
    </properties>
    <testcase classname="chrome.136_0_7103_49.windows.Personnel_creation_and_reference_material_verification__US120163" name="Should create a new personnel and verify if the material reference is visible" time="57.619">
      <system-out><![CDATA[
RESULT: undefined
COMMAND: POST /session/00377494c9177dc39dc7c331b478fd1b/element - {"using":"xpath","value":"//*[@id=\"__tile39\"]"}
RESULT: {"using":"xpath","value":"//*[@id=\"__tile39\"]"}
COMMAND: POST /session/00377494c9177dc39dc7c331b478fd1b/element/f.BC6A9895F84C302F47B04B2C9514348C.d.A0136FF06D32702749283588F64E01B8.e.6751/click - {}
RESULT: {}
COMMAND: GET /session/00377494c9177dc39dc7c331b478fd1b/screenshot - {}
RESULT: {}
COMMAND: POST /session/00377494c9177dc39dc7c331b478fd1b/elements - {"using":"xpath","value":"//span[text()='Error']"}
RESULT: {"using":"xpath","value":"//span[text()='Error']"}
COMMAND: POST /session/00377494c9177dc39dc7c331b478fd1b/element - {"using":"xpath","value":"//button[@data-kt=\"addNewRUOverflowToolbarButton\"]"}
RESULT: {"using":"xpath","value":"//button[@data-kt=\"addNewRUOverflowToolbarButton\"]"}
COMMAND: POST /session/00377494c9177dc39dc7c331b478fd1b/execute/sync - {"script":"<script> [8489 bytes]","args":[{"element-6066-11e4-a52e-4f735466cecf":"f.BC6A9895F84C302F47B04B2C9514348C.d.A0136FF06D32702749283588F64E01B8.e.7577","ELEMENT":"f.BC6A9895F84C302F47B04B2C9514348C.d.A0136FF06D32702749283588F64E01B8.e.7577"}]}
RESULT: {"script":"<script> [8489 bytes]","args":[{"element-6066-11e4-a52e-4f735466cecf":"f.BC6A9895F84C302F47B04B2C9514348C.d.A0136FF06D32702749283588F64E01B8.e.7577","ELEMENT":"f.BC6A9895F84C302F47B04B2C9514348C.d.A0136FF06D32702749283588F64E01B8.e.7577"}]}
COMMAND: POST /session/00377494c9177dc39dc7c331b478fd1b/element/f.BC6A9895F84C302F47B04B2C9514348C.d.A0136FF06D32702749283588F64E01B8.e.7577/click - {}
COMMAND: GET /session/00377494c9177dc39dc7c331b478fd1b/screenshot - {}
RESULT: {}
RESULT: undefined
COMMAND: POST /session/00377494c9177dc39dc7c331b478fd1b/element - {"using":"xpath","value":"//*[@id=\"application-manageresources-display-component---newResourceUnit--TYPE-arrow\"]"}
COMMAND: GET /session/00377494c9177dc39dc7c331b478fd1b/screenshot - {}
RESULT: {}
RESULT: {"using":"xpath","value":"//*[@id=\"application-manageresources-display-component---newResourceUnit--TYPE-arrow\"]"}
COMMAND: POST /session/00377494c9177dc39dc7c331b478fd1b/element/f.BC6A9895F84C302F47B04B2C9514348C.d.A0136FF06D32702749283588F64E01B8.e.7903/click - {}
RESULT: {}
RESULT: {}
COMMAND: POST /session/00377494c9177dc39dc7c331b478fd1b/execute/async - {"script":"<script> [1562 bytes]","args":[{"selector":{"controlType":"sap.m.StandardListItem","viewName":"reusables.view.manageresources.NewResourceUnit","viewId":"application-manageresources-display-component---newResourceUnit","properties":{"title":"Personnel"},"searchOpenDialogs":true,"interaction":{"idSuffix":"titleText"}},"wdio_ui5_key":"reusablesview.manageresources.NewResourceUnitsap.m.StandardListItem{\"title\":\"Personnel\"}"}]}
COMMAND: GET /session/00377494c9177dc39dc7c331b478fd1b/screenshot - {}
RESULT: {"script":"<script> [1562 bytes]","args":[{"selector":{"controlType":"sap.m.StandardListItem","viewName":"reusables.view.manageresources.NewResourceUnit","viewId":"application-manageresources-display-component---newResourceUnit","properties":{"title":"Personnel"},"searchOpenDialogs":true,"interaction":{"idSuffix":"titleText"}},"wdio_ui5_key":"reusablesview.manageresources.NewResourceUnitsap.m.StandardListItem{\"title\":\"Personnel\"}"}]}
RESULT: undefined
COMMAND: POST /session/00377494c9177dc39dc7c331b478fd1b/element - {"using":"xpath","value":"//*[@id=\"__item975\"]"}
RESULT: {}
RESULT: {"using":"xpath","value":"//*[@id=\"__item975\"]"}
COMMAND: POST /session/00377494c9177dc39dc7c331b478fd1b/element/f.BC6A9895F84C302F47B04B2C9514348C.d.A0136FF06D32702749283588F64E01B8.e.7906/click - {}
RESULT: {}
RESULT: undefined
COMMAND: POST /session/00377494c9177dc39dc7c331b478fd1b/execute/async - {"script":"<script> [776 bytes]","args":[{"enterText":"WdIOPersonnelifn98l","selector":{"id":"application-manageresources-display-component---newResourceUnit--SHORT_TEXT","interaction":{"idSuffix":"inner"}},"clearTextFirst":true,"interactionType":"ENTER_TEXT"}]}
COMMAND: GET /session/00377494c9177dc39dc7c331b478fd1b/screenshot - {}
RESULT: {"script":"<script> [776 bytes]","args":[{"enterText":"WdIOPersonnelifn98l","selector":{"id":"application-manageresources-display-component---newResourceUnit--SHORT_TEXT","interaction":{"idSuffix":"inner"}},"clearTextFirst":true,"interactionType":"ENTER_TEXT"}]}
COMMAND: POST /session/00377494c9177dc39dc7c331b478fd1b/element - {"using":"xpath","value":"//bdi[contains(text(), \"Material\")]"}
RESULT: {}
RESULT: {"using":"xpath","value":"//bdi[contains(text(), \"Material\")]"}
COMMAND: POST /session/00377494c9177dc39dc7c331b478fd1b/element - {"using":"xpath","value":"//bdi[contains(text(), \"Material\")]"}
RESULT: {"using":"xpath","value":"//bdi[contains(text(), \"Material\")]"}
COMMAND: POST /session/00377494c9177dc39dc7c331b478fd1b/execute/async - {"script":"<script> [1562 bytes]","args":[{"selector":{"id":"application-manageresources-display-component---newResourceUnit--BASE_UNIT_OF_MEASURE-arrow"},"wdio_ui5_key":"applicationmanageresources-display-component---newResourceUnit--BASE_UNIT_OF_MEASURE-arrow"}]}
RESULT: {"script":"<script> [1562 bytes]","args":[{"selector":{"id":"application-manageresources-display-component---newResourceUnit--BASE_UNIT_OF_MEASURE-arrow"},"wdio_ui5_key":"applicationmanageresources-display-component---newResourceUnit--BASE_UNIT_OF_MEASURE-arrow"}]}
RESULT: undefined
COMMAND: POST /session/00377494c9177dc39dc7c331b478fd1b/element - {"using":"xpath","value":"//*[@id=\"application-manageresources-display-component---newResourceUnit--BASE_UNIT_OF_MEASURE-arrow\"]"}
RESULT: {"using":"xpath","value":"//*[@id=\"application-manageresources-display-component---newResourceUnit--BASE_UNIT_OF_MEASURE-arrow\"]"}
COMMAND: POST /session/00377494c9177dc39dc7c331b478fd1b/element/f.BC6A9895F84C302F47B04B2C9514348C.d.A0136FF06D32702749283588F64E01B8.e.7946/click - {}
RESULT: {}
COMMAND: POST /session/00377494c9177dc39dc7c331b478fd1b/execute/async - {"script":"<script> [1562 bytes]","args":[{"selector":{"controlType":"sap.m.StandardListItem","viewName":"reusables.view.manageresources.NewResourceUnit","viewId":"application-manageresources-display-component---newResourceUnit","properties":{"title":"Percent"},"searchOpenDialogs":true,"interaction":{"idSuffix":"titleText"}},"wdio_ui5_key":"reusablesview.manageresources.NewResourceUnitsap.m.StandardListItem{\"title\":\"Percent\"}"}]}
COMMAND: GET /session/00377494c9177dc39dc7c331b478fd1b/screenshot - {}
RESULT: {"script":"<script> [1562 bytes]","args":[{"selector":{"controlType":"sap.m.StandardListItem","viewName":"reusables.view.manageresources.NewResourceUnit","viewId":"application-manageresources-display-component---newResourceUnit","properties":{"title":"Percent"},"searchOpenDialogs":true,"interaction":{"idSuffix":"titleText"}},"wdio_ui5_key":"reusablesview.manageresources.NewResourceUnitsap.m.StandardListItem{\"title\":\"Percent\"}"}]}
RESULT: undefined
COMMAND: POST /session/00377494c9177dc39dc7c331b478fd1b/element - {"using":"xpath","value":"//*[@id=\"__item995\"]"}
RESULT: {}
RESULT: {"using":"xpath","value":"//*[@id=\"__item995\"]"}
COMMAND: POST /session/00377494c9177dc39dc7c331b478fd1b/element/f.BC6A9895F84C302F47B04B2C9514348C.d.A0136FF06D32702749283588F64E01B8.e.7948/click - {}
RESULT: {}
COMMAND: POST /session/00377494c9177dc39dc7c331b478fd1b/execute/async - {"script":"<script> [1562 bytes]","args":[{"selector":{"id":"application-manageresources-display-component---newResourceUnit--PLANNING_GROUP-arrow"},"wdio_ui5_key":"applicationmanageresources-display-component---newResourceUnit--PLANNING_GROUP-arrow"}]}
COMMAND: GET /session/00377494c9177dc39dc7c331b478fd1b/screenshot - {}
RESULT: {"script":"<script> [1562 bytes]","args":[{"selector":{"id":"application-manageresources-display-component---newResourceUnit--PLANNING_GROUP-arrow"},"wdio_ui5_key":"applicationmanageresources-display-component---newResourceUnit--PLANNING_GROUP-arrow"}]}
RESULT: undefined
COMMAND: POST /session/00377494c9177dc39dc7c331b478fd1b/element - {"using":"xpath","value":"//*[@id=\"application-manageresources-display-component---newResourceUnit--PLANNING_GROUP-arrow\"]"}
RESULT: {}
RESULT: {"using":"xpath","value":"//*[@id=\"application-manageresources-display-component---newResourceUnit--PLANNING_GROUP-arrow\"]"}
COMMAND: POST /session/00377494c9177dc39dc7c331b478fd1b/element/f.BC6A9895F84C302F47B04B2C9514348C.d.A0136FF06D32702749283588F64E01B8.e.7949/click - {}
RESULT: {}
COMMAND: GET /session/00377494c9177dc39dc7c331b478fd1b/screenshot - {}
RESULT: {}
COMMAND: POST /session/00377494c9177dc39dc7c331b478fd1b/execute/async - {"script":"<script> [1562 bytes]","args":[{"selector":{"controlType":"sap.m.StandardListItem","viewName":"reusables.view.manageresources.NewResourceUnit","viewId":"application-manageresources-display-component---newResourceUnit","properties":{"title":"Operating personnel"},"searchOpenDialogs":true,"interaction":{"idSuffix":"titleText"}},"wdio_ui5_key":"reusablesview.manageresources.NewResourceUnitsap.m.StandardListItem{\"title\":\"Operating personnel\"}"}]}
RESULT: {"script":"<script> [1562 bytes]","args":[{"selector":{"controlType":"sap.m.StandardListItem","viewName":"reusables.view.manageresources.NewResourceUnit","viewId":"application-manageresources-display-component---newResourceUnit","properties":{"title":"Operating personnel"},"searchOpenDialogs":true,"interaction":{"idSuffix":"titleText"}},"wdio_ui5_key":"reusablesview.manageresources.NewResourceUnitsap.m.StandardListItem{\"title\":\"Operating personnel\"}"}]}
RESULT: undefined
COMMAND: POST /session/00377494c9177dc39dc7c331b478fd1b/element - {"using":"xpath","value":"//*[@id=\"__item1004\"]"}
RESULT: {"using":"xpath","value":"//*[@id=\"__item1004\"]"}
COMMAND: POST /session/00377494c9177dc39dc7c331b478fd1b/element/f.BC6A9895F84C302F47B04B2C9514348C.d.A0136FF06D32702749283588F64E01B8.e.7951/click - {}
RESULT: {}
COMMAND: GET /session/00377494c9177dc39dc7c331b478fd1b/screenshot - {}
RESULT: {}
COMMAND: POST /session/00377494c9177dc39dc7c331b478fd1b/element - {"using":"xpath","value":"//bdi[contains(text(), \"Time Segment\")]"}
RESULT: {"using":"xpath","value":"//bdi[contains(text(), \"Time Segment\")]"}
COMMAND: GET /session/00377494c9177dc39dc7c331b478fd1b/element/f.BC6A9895F84C302F47B04B2C9514348C.d.A0136FF06D32702749283588F64E01B8.e.7952/rect - {}
RESULT: {}
COMMAND: GET /session/00377494c9177dc39dc7c331b478fd1b/window/rect - {}
RESULT: {}
COMMAND: POST /session/00377494c9177dc39dc7c331b478fd1b/execute/sync - {"script":"<script> [92 bytes]","args":[]}
RESULT: {"script":"<script> [92 bytes]","args":[]}
COMMAND: POST /session/00377494c9177dc39dc7c331b478fd1b/actions - {"actions":[{"id":"action23","type":"wheel","parameters":{},"actions":[{"type":"scroll","x":-1820,"y":804,"deltaX":0,"deltaY":0,"duration":0,"origin":{"element-6066-11e4-a52e-4f735466cecf":"f.BC6A9895F84C302F47B04B2C9514348C.d.A0136FF06D32702749283588F64E01B8.e.7952"}}]}]}
COMMAND: GET /session/00377494c9177dc39dc7c331b478fd1b/screenshot - {}
RESULT: {}
COMMAND: POST /session/00377494c9177dc39dc7c331b478fd1b/execute/sync - {"script":"<script> [79 bytes]","args":[{"element-6066-11e4-a52e-4f735466cecf":"f.BC6A9895F84C302F47B04B2C9514348C.d.A0136FF06D32702749283588F64E01B8.e.7952","ELEMENT":"f.BC6A9895F84C302F47B04B2C9514348C.d.A0136FF06D32702749283588F64E01B8.e.7952"},{"block":"start","inline":"nearest"}]}
RESULT: {"script":"<script> [79 bytes]","args":[{"element-6066-11e4-a52e-4f735466cecf":"f.BC6A9895F84C302F47B04B2C9514348C.d.A0136FF06D32702749283588F64E01B8.e.7952","ELEMENT":"f.BC6A9895F84C302F47B04B2C9514348C.d.A0136FF06D32702749283588F64E01B8.e.7952"},{"block":"start","inline":"nearest"}]}
COMMAND: GET /session/00377494c9177dc39dc7c331b478fd1b/screenshot - {}
RESULT: {}
COMMAND: POST /session/00377494c9177dc39dc7c331b478fd1b/element - {"using":"xpath","value":"//span[@id=\"application-manageresources-display-component---newResourceUnit--btnAddTimeSegment-img\"]"}
RESULT: {"using":"xpath","value":"//span[@id=\"application-manageresources-display-component---newResourceUnit--btnAddTimeSegment-img\"]"}
COMMAND: POST /session/00377494c9177dc39dc7c331b478fd1b/execute/sync - {"script":"<script> [8489 bytes]","args":[{"element-6066-11e4-a52e-4f735466cecf":"f.BC6A9895F84C302F47B04B2C9514348C.d.A0136FF06D32702749283588F64E01B8.e.7957","ELEMENT":"f.BC6A9895F84C302F47B04B2C9514348C.d.A0136FF06D32702749283588F64E01B8.e.7957"}]}
RESULT: {"script":"<script> [8489 bytes]","args":[{"element-6066-11e4-a52e-4f735466cecf":"f.BC6A9895F84C302F47B04B2C9514348C.d.A0136FF06D32702749283588F64E01B8.e.7957","ELEMENT":"f.BC6A9895F84C302F47B04B2C9514348C.d.A0136FF06D32702749283588F64E01B8.e.7957"}]}
COMMAND: POST /session/00377494c9177dc39dc7c331b478fd1b/element/f.BC6A9895F84C302F47B04B2C9514348C.d.A0136FF06D32702749283588F64E01B8.e.7957/click - {}
COMMAND: GET /session/00377494c9177dc39dc7c331b478fd1b/screenshot - {}
RESULT: {}
COMMAND: GET /session/00377494c9177dc39dc7c331b478fd1b/screenshot - {}
RESULT: {}
COMMAND: POST /session/00377494c9177dc39dc7c331b478fd1b/element - {"using":"xpath","value":"//input[@id=\"application-manageresources-display-component---newResourceUnit--idRuTSAdmin-application-manageresources-display-component---newResourceUnit--RUTimeSegment-0-inner\"]"}
RESULT: {}
RESULT: {"using":"xpath","value":"//input[@id=\"application-manageresources-display-component---newResourceUnit--idRuTSAdmin-application-manageresources-display-component---newResourceUnit--RUTimeSegment-0-inner\"]"}
COMMAND: POST /session/00377494c9177dc39dc7c331b478fd1b/element/f.BC6A9895F84C302F47B04B2C9514348C.d.A0136FF06D32702749283588F64E01B8.e.7960/clear - {}
RESULT: {}
COMMAND: POST /session/00377494c9177dc39dc7c331b478fd1b/element/f.BC6A9895F84C302F47B04B2C9514348C.d.A0136FF06D32702749283588F64E01B8.e.7960/value - {"text":"webdriveryard"}
COMMAND: GET /session/00377494c9177dc39dc7c331b478fd1b/screenshot - {}
RESULT: {"text":"webdriveryard"}
COMMAND: GET /session/00377494c9177dc39dc7c331b478fd1b/screenshot - {}
RESULT: {}
RESULT: {}
COMMAND: POST /session/00377494c9177dc39dc7c331b478fd1b/actions - {"actions":[{"id":"action24","type":"key","parameters":{},"actions":[{"type":"keyDown","value":"î€‡"},{"type":"pause","duration":10},{"type":"keyUp","value":"î€‡"}]}]}
RESULT: {"actions":[{"id":"action24","type":"key","parameters":{},"actions":[{"type":"keyDown","value":"î€‡"},{"type":"pause","duration":10},{"type":"keyUp","value":"î€‡"}]}]}
COMMAND: GET /session/00377494c9177dc39dc7c331b478fd1b/screenshot - {}
RESULT: {}
COMMAND: POST /session/00377494c9177dc39dc7c331b478fd1b/element - {"using":"xpath","value":"//input[contains(@id, \"application-manageresources-display-component---newResourceUnit--newControlDataDateRangePicker-inner\")]"}
RESULT: {"using":"xpath","value":"//input[contains(@id, \"application-manageresources-display-component---newResourceUnit--newControlDataDateRangePicker-inner\")]"}
COMMAND: POST /session/00377494c9177dc39dc7c331b478fd1b/element/f.BC6A9895F84C302F47B04B2C9514348C.d.A0136FF06D32702749283588F64E01B8.e.7935/clear - {}
RESULT: {}
COMMAND: POST /session/00377494c9177dc39dc7c331b478fd1b/element/f.BC6A9895F84C302F47B04B2C9514348C.d.A0136FF06D32702749283588F64E01B8.e.7935/value - {"text":"12/17/26 - 2/18/27"}
COMMAND: GET /session/00377494c9177dc39dc7c331b478fd1b/screenshot - {}
RESULT: {"text":"12/17/26 - 2/18/27"}
COMMAND: POST /session/00377494c9177dc39dc7c331b478fd1b/element - {"using":"xpath","value":"//bdi[contains(@id, \"application-manageresources-display-component---newResourceUnit--createRuButton-BDI-content\")]"}
COMMAND: GET /session/00377494c9177dc39dc7c331b478fd1b/screenshot - {}
RESULT: {}
RESULT: {"using":"xpath","value":"//bdi[contains(@id, \"application-manageresources-display-component---newResourceUnit--createRuButton-BDI-content\")]"}
COMMAND: POST /session/00377494c9177dc39dc7c331b478fd1b/element/f.BC6A9895F84C302F47B04B2C9514348C.d.A0136FF06D32702749283588F64E01B8.e.7972/click - {}
RESULT: {}
RESULT: {}
COMMAND: GET /session/00377494c9177dc39dc7c331b478fd1b/screenshot - {}
RESULT: {}
COMMAND: POST /session/00377494c9177dc39dc7c331b478fd1b/actions - {"actions":[{"id":"action25","type":"key","parameters":{},"actions":[{"type":"keyDown","value":"î€‡"},{"type":"pause","duration":10},{"type":"keyUp","value":"î€‡"}]}]}
RESULT: {"actions":[{"id":"action25","type":"key","parameters":{},"actions":[{"type":"keyDown","value":"î€‡"},{"type":"pause","duration":10},{"type":"keyUp","value":"î€‡"}]}]}
COMMAND: GET /session/00377494c9177dc39dc7c331b478fd1b/screenshot - {}
RESULT: {}
]]></system-out>
    </testcase>
    <testcase classname="chrome.136_0_7103_49.windows.Personnel_creation_and_reference_material_verification__US120163" name="Should verify if the reference material is visible in edit and detail mode" time="15.369">
      <system-out><![CDATA[
COMMAND: POST /session/00377494c9177dc39dc7c331b478fd1b/element - {"using":"xpath","value":"//bdi[contains(text(), \"Edit\")]"}
RESULT: {"using":"xpath","value":"//bdi[contains(text(), \"Edit\")]"}
COMMAND: POST /session/00377494c9177dc39dc7c331b478fd1b/element/f.BC6A9895F84C302F47B04B2C9514348C.d.A0136FF06D32702749283588F64E01B8.e.8000/click - {}
RESULT: {}
COMMAND: GET /session/00377494c9177dc39dc7c331b478fd1b/screenshot - {}
RESULT: {}
COMMAND: POST /session/00377494c9177dc39dc7c331b478fd1b/element - {"using":"xpath","value":"//bdi[contains(text(), \"Material\")]"}
RESULT: {"using":"xpath","value":"//bdi[contains(text(), \"Material\")]"}
COMMAND: POST /session/00377494c9177dc39dc7c331b478fd1b/element - {"using":"xpath","value":"//bdi[contains(text(), \"Material\")]"}
RESULT: {"using":"xpath","value":"//bdi[contains(text(), \"Material\")]"}
COMMAND: POST /session/00377494c9177dc39dc7c331b478fd1b/element - {"using":"xpath","value":"(//bdi[contains(text(), \"Save\")])[2]"}
RESULT: {"using":"xpath","value":"(//bdi[contains(text(), \"Save\")])[2]"}
COMMAND: POST /session/00377494c9177dc39dc7c331b478fd1b/element/f.BC6A9895F84C302F47B04B2C9514348C.d.A0136FF06D32702749283588F64E01B8.e.8074/click - {}
RESULT: {}
COMMAND: GET /session/00377494c9177dc39dc7c331b478fd1b/screenshot - {}
RESULT: {}
COMMAND: POST /session/00377494c9177dc39dc7c331b478fd1b/element - {"using":"css selector","value":"#j_username"}
COMMAND: POST /session/00377494c9177dc39dc7c331b478fd1b/url - {"url":"https://qa-testing-00-live-etm-ui.cfapps.eu10-004.hana.ondemand.com/"}
RESULT: {"using":"css selector","value":"#j_username"}
COMMAND: POST /session/00377494c9177dc39dc7c331b478fd1b/element - {"using":"css selector","value":"#j_username"}
RESULT: {"url":"https://qa-testing-00-live-etm-ui.cfapps.eu10-004.hana.ondemand.com/"}
RESULT: undefined
COMMAND: GET /session/00377494c9177dc39dc7c331b478fd1b/screenshot - {}
RESULT: {"using":"css selector","value":"#j_username"}
COMMAND: POST /session/00377494c9177dc39dc7c331b478fd1b/element - {"using":"css selector","value":"#shell-header-logo"}
RESULT: {}
RESULT: {"using":"css selector","value":"#shell-header-logo"}
COMMAND: POST /session/00377494c9177dc39dc7c331b478fd1b/execute/sync - {"script":"<script> [8489 bytes]","args":[{"element-6066-11e4-a52e-4f735466cecf":"f.BC6A9895F84C302F47B04B2C9514348C.d.8CFCE6CA6D53F254ED590E95214EB498.e.8089","ELEMENT":"f.BC6A9895F84C302F47B04B2C9514348C.d.8CFCE6CA6D53F254ED590E95214EB498.e.8089"}]}
RESULT: {"script":"<script> [8489 bytes]","args":[{"element-6066-11e4-a52e-4f735466cecf":"f.BC6A9895F84C302F47B04B2C9514348C.d.8CFCE6CA6D53F254ED590E95214EB498.e.8089","ELEMENT":"f.BC6A9895F84C302F47B04B2C9514348C.d.8CFCE6CA6D53F254ED590E95214EB498.e.8089"}]}
COMMAND: POST /session/00377494c9177dc39dc7c331b478fd1b/element - {"using":"css selector","value":"#shell-header-logo"}
COMMAND: GET /session/00377494c9177dc39dc7c331b478fd1b/screenshot - {}
RESULT: {"using":"css selector","value":"#shell-header-logo"}
COMMAND: POST /session/00377494c9177dc39dc7c331b478fd1b/execute/sync - {"script":"<script> [8489 bytes]","args":[{"element-6066-11e4-a52e-4f735466cecf":"f.BC6A9895F84C302F47B04B2C9514348C.d.8CFCE6CA6D53F254ED590E95214EB498.e.8089","ELEMENT":"f.BC6A9895F84C302F47B04B2C9514348C.d.8CFCE6CA6D53F254ED590E95214EB498.e.8089"}]}
RESULT: {}
RESULT: {"script":"<script> [8489 bytes]","args":[{"element-6066-11e4-a52e-4f735466cecf":"f.BC6A9895F84C302F47B04B2C9514348C.d.8CFCE6CA6D53F254ED590E95214EB498.e.8089","ELEMENT":"f.BC6A9895F84C302F47B04B2C9514348C.d.8CFCE6CA6D53F254ED590E95214EB498.e.8089"}]}
COMMAND: POST /session/00377494c9177dc39dc7c331b478fd1b/execute/sync - {"script":"<script> [5351 bytes]","args":[{"element-6066-11e4-a52e-4f735466cecf":"f.BC6A9895F84C302F47B04B2C9514348C.d.8CFCE6CA6D53F254ED590E95214EB498.e.8089","ELEMENT":"f.BC6A9895F84C302F47B04B2C9514348C.d.8CFCE6CA6D53F254ED590E95214EB498.e.8089"}]}
COMMAND: GET /session/00377494c9177dc39dc7c331b478fd1b/screenshot - {}
RESULT: {"script":"<script> [5351 bytes]","args":[{"element-6066-11e4-a52e-4f735466cecf":"f.BC6A9895F84C302F47B04B2C9514348C.d.8CFCE6CA6D53F254ED590E95214EB498.e.8089","ELEMENT":"f.BC6A9895F84C302F47B04B2C9514348C.d.8CFCE6CA6D53F254ED590E95214EB498.e.8089"}]}
COMMAND: POST /session/00377494c9177dc39dc7c331b478fd1b/element - {"using":"css selector","value":"#shell-header-logo"}
COMMAND: GET /session/00377494c9177dc39dc7c331b478fd1b/screenshot - {}
RESULT: {}
RESULT: {"using":"css selector","value":"#shell-header-logo"}
COMMAND: POST /session/00377494c9177dc39dc7c331b478fd1b/element/f.BC6A9895F84C302F47B04B2C9514348C.d.8CFCE6CA6D53F254ED590E95214EB498.e.8089/click - {}
RESULT: {}
RESULT: {}
COMMAND: GET /session/00377494c9177dc39dc7c331b478fd1b/screenshot - {}
RESULT: {}
COMMAND: POST /session/00377494c9177dc39dc7c331b478fd1b/execute/async - {"script":"<script> [189 bytes]","args":[]}
RESULT: {"script":"<script> [189 bytes]","args":[]}
COMMAND: POST /session/00377494c9177dc39dc7c331b478fd1b/execute/async - {"script":"<script> [123 bytes]","args":[]}
RESULT: {"script":"<script> [123 bytes]","args":[]}
COMMAND: POST /session/00377494c9177dc39dc7c331b478fd1b/timeouts - {"script":"<number>"}
RESULT: {"script":"<number>"}
COMMAND: GET /session/00377494c9177dc39dc7c331b478fd1b/timeouts - {}
RESULT: {}
RESULT: undefined
COMMAND: POST /session/00377494c9177dc39dc7c331b478fd1b/execute/async - {"script":"<script> [2676 bytes]","args":[]}
RESULT: {"script":"<script> [2676 bytes]","args":[]}
COMMAND: POST /session/00377494c9177dc39dc7c331b478fd1b/execute/async - {"script":"<script> [2342 bytes]","args":[{"protocol":"http","hostname":"0.0.0.0","path":"/","capabilities":{"browserName":"chrome","goog:chromeOptions":{"binary":"C:\\Program Files\\Google\\Chrome\\Application\\chrome.exe","args":["--start-maximized"]}},"logLevel":"warn","connectionRetryTimeout":120000,"connectionRetryCount":3,"logLevels":{},"enableDirectConnect":true,"strictSSL":true,"_":"65 more keys: [\"cacheDir\",\"port\",\"requestedCapabilities\",\"automationProtocol\",\"baseUrl\",\"waitforInterval\",\"waitforTimeout\",\"onReload\",\"beforeCommand\",\"afterCommand\",\"rootDir\",\"specs\",\"suites\",\"exclude\",\"groupLogsByTestSpec\",\"excludeDriverLogs\",\"bail\",\"framework\",\"reporters\",\"services\",\"maxInstances\",\"maxInstancesPerCapability\",\"injectGlobals\",\"filesToWatch\",\"execArgv\",\"runnerEnv\",\"runner\",\"shard\",\"specFileRetries\",\"specFileRetriesDelay\",\"specFileRetriesDeferred\",\"reporterSyncInterval\",\"reporterSyncTimeout\",\"cucumberFeaturesWithLineNumbers\",\"autoCompileOpts\",\"mochaOpts\",\"jasmineOpts\",\"cucumberOpts\",\"onPrepare\",\"onWorkerStart\",\"onWorkerEnd\",\"before\",\"beforeSession\",\"beforeSuite\",\"beforeHook\",\"beforeTest\",\"afterTest\",\"afterHook\",\"afterSuite\",\"afterSession\",\"after\",\"onComplete\",\"beforeAssertion\",\"afterAssertion\",\"beforeFeature\",\"beforeScenario\",\"beforeStep\",\"afterStep\",\"afterScenario\",\"afterFeature\",\"_\",\"suite\",\"$0\",\"ignoredWorkerServices\",\"wdi5\"]"}]}
RESULT: {"script":"<script> [2342 bytes]","args":[{"protocol":"http","hostname":"0.0.0.0","path":"/","capabilities":{"browserName":"chrome","goog:chromeOptions":{"binary":"C:\\Program Files\\Google\\Chrome\\Application\\chrome.exe","args":["--start-maximized"]}},"logLevel":"warn","connectionRetryTimeout":120000,"connectionRetryCount":3,"logLevels":{},"enableDirectConnect":true,"strictSSL":true,"_":"65 more keys: [\"cacheDir\",\"port\",\"requestedCapabilities\",\"automationProtocol\",\"baseUrl\",\"waitforInterval\",\"waitforTimeout\",\"onReload\",\"beforeCommand\",\"afterCommand\",\"rootDir\",\"specs\",\"suites\",\"exclude\",\"groupLogsByTestSpec\",\"excludeDriverLogs\",\"bail\",\"framework\",\"reporters\",\"services\",\"maxInstances\",\"maxInstancesPerCapability\",\"injectGlobals\",\"filesToWatch\",\"execArgv\",\"runnerEnv\",\"runner\",\"shard\",\"specFileRetries\",\"specFileRetriesDelay\",\"specFileRetriesDeferred\",\"reporterSyncInterval\",\"reporterSyncTimeout\",\"cucumberFeaturesWithLineNumbers\",\"autoCompileOpts\",\"mochaOpts\",\"jasmineOpts\",\"cucumberOpts\",\"onPrepare\",\"onWorkerStart\",\"onWorkerEnd\",\"before\",\"beforeSession\",\"beforeSuite\",\"beforeHook\",\"beforeTest\",\"afterTest\",\"afterHook\",\"afterSuite\",\"afterSession\",\"after\",\"onComplete\",\"beforeAssertion\",\"afterAssertion\",\"beforeFeature\",\"beforeScenario\",\"beforeStep\",\"afterStep\",\"afterScenario\",\"afterFeature\",\"_\",\"suite\",\"$0\",\"ignoredWorkerServices\",\"wdi5\"]"}]}
COMMAND: POST /session/00377494c9177dc39dc7c331b478fd1b/execute/async - {"script":"<script> [21126 bytes]","args":[35000]}
RESULT: {"script":"<script> [21126 bytes]","args":[35000]}
COMMAND: POST /session/00377494c9177dc39dc7c331b478fd1b/window/maximize - {}
RESULT: {}
COMMAND: POST /session/00377494c9177dc39dc7c331b478fd1b/execute/async - {"script":"<script> [1562 bytes]","args":[{"selector":{"id":"shell-header","interaction":{"idSuffix":"icon"}},"wdio_ui5_key":"shellheader"}]}
COMMAND: GET /session/00377494c9177dc39dc7c331b478fd1b/screenshot - {}
RESULT: {"script":"<script> [1562 bytes]","args":[{"selector":{"id":"shell-header","interaction":{"idSuffix":"icon"}},"wdio_ui5_key":"shellheader"}]}
RESULT: undefined
RESULT: {}
]]></system-out>
    </testcase>
  </testsuite>
  <testsuite timestamp="2025-05-14T06:46:15" time="475.978" tests="5" failures="2" errors="2" skipped="0">
    <properties>
      <property name="specId" value="0" />
      <property name="suiteName" value="Warehouse movements inventory test" />
      <property name="capabilities" value="chrome.136_0_7103_49.windows" />
      <property name="file" value="file:///D:/a/1/s/test/specs/R2C/create-resource.spec.js" />
    </properties>
    <testcase classname="chrome.136_0_7103_49.windows.Warehouse_movements_inventory_test" name="Should create a new WHM yard" time="129.415">
      <system-out><![CDATA[
COMMAND: POST /session/00377494c9177dc39dc7c331b478fd1b/execute/async - {"script":"<script> [1562 bytes]","args":[{"selector":{"controlType":"sap.m.GenericTile","properties":{"header":"Manage Yards"}},"wdio_ui5_key":"sapm.GenericTile{\"header\":\"Manage Yards\"}"}]}
RESULT: {"script":"<script> [1562 bytes]","args":[{"selector":{"controlType":"sap.m.GenericTile","properties":{"header":"Manage Yards"}},"wdio_ui5_key":"sapm.GenericTile{\"header\":\"Manage Yards\"}"}]}
RESULT: undefined
COMMAND: POST /session/00377494c9177dc39dc7c331b478fd1b/element - {"using":"xpath","value":"//*[@id=\"__tile41\"]"}
RESULT: {"using":"xpath","value":"//*[@id=\"__tile41\"]"}
COMMAND: POST /session/00377494c9177dc39dc7c331b478fd1b/element/f.BC6A9895F84C302F47B04B2C9514348C.d.8CFCE6CA6D53F254ED590E95214EB498.e.8102/click - {}
RESULT: {}
COMMAND: GET /session/00377494c9177dc39dc7c331b478fd1b/screenshot - {}
RESULT: {}
COMMAND: POST /session/00377494c9177dc39dc7c331b478fd1b/elements - {"using":"xpath","value":"//span[text()='Error']"}
RESULT: {"using":"xpath","value":"//span[text()='Error']"}
COMMAND: POST /session/00377494c9177dc39dc7c331b478fd1b/execute/async - {"script":"<script> [1562 bytes]","args":[{"selector":{"controlType":"sap.ui.core.Icon","viewName":"etm.portal.ui.manageyards.view.Master","viewId":"application-manageyards-display-component---masterYard","properties":{"src":{"regex":{"source":"add"}}}},"wdio_ui5_key":"etmportal.ui.manageyards.view.Mastersap.ui.core.Icon{\"src\":{\"regex\":{\"source\":\"add\"}}}"}]}
RESULT: {"script":"<script> [1562 bytes]","args":[{"selector":{"controlType":"sap.ui.core.Icon","viewName":"etm.portal.ui.manageyards.view.Master","viewId":"application-manageyards-display-component---masterYard","properties":{"src":{"regex":{"source":"add"}}}},"wdio_ui5_key":"etmportal.ui.manageyards.view.Mastersap.ui.core.Icon{\"src\":{\"regex\":{\"source\":\"add\"}}}"}]}
RESULT: undefined
COMMAND: POST /session/00377494c9177dc39dc7c331b478fd1b/element - {"using":"xpath","value":"//*[@id=\"__button4-img\"]"}
RESULT: {"using":"xpath","value":"//*[@id=\"__button4-img\"]"}
COMMAND: POST /session/00377494c9177dc39dc7c331b478fd1b/element/f.BC6A9895F84C302F47B04B2C9514348C.d.8CFCE6CA6D53F254ED590E95214EB498.e.8243/click - {}
RESULT: {}
COMMAND: GET /session/00377494c9177dc39dc7c331b478fd1b/screenshot - {}
RESULT: {}
COMMAND: POST /session/00377494c9177dc39dc7c331b478fd1b/execute/async - {"script":"<script> [1562 bytes]","args":[{"selector":{"id":"application-manageyards-display-component---NewYard--yardId","interaction":{"idSuffix":"inner"}},"wdio_ui5_key":"applicationmanageyards-display-component---NewYard--yardId"}]}
RESULT: {"script":"<script> [1562 bytes]","args":[{"selector":{"id":"application-manageyards-display-component---NewYard--yardId","interaction":{"idSuffix":"inner"}},"wdio_ui5_key":"applicationmanageyards-display-component---NewYard--yardId"}]}
RESULT: undefined
COMMAND: POST /session/00377494c9177dc39dc7c331b478fd1b/element - {"using":"xpath","value":"//*[@id=\"application-manageyards-display-component---NewYard--addressDetailDetailsName1-inner\"]"}
RESULT: {"using":"xpath","value":"//*[@id=\"application-manageyards-display-component---NewYard--addressDetailDetailsName1-inner\"]"}
COMMAND: POST /session/00377494c9177dc39dc7c331b478fd1b/element/f.BC6A9895F84C302F47B04B2C9514348C.d.8CFCE6CA6D53F254ED590E95214EB498.e.8313/clear - {}
RESULT: {}
COMMAND: POST /session/00377494c9177dc39dc7c331b478fd1b/element/f.BC6A9895F84C302F47B04B2C9514348C.d.8CFCE6CA6D53F254ED590E95214EB498.e.8313/value - {"text":"WebdriverWHMYard5soh7"}
COMMAND: GET /session/00377494c9177dc39dc7c331b478fd1b/screenshot - {}
RESULT: {"text":"WebdriverWHMYard5soh7"}
COMMAND: POST /session/00377494c9177dc39dc7c331b478fd1b/element - {"using":"xpath","value":"//*[@id=\"application-manageyards-display-component---NewYard--addressDetailDetailsLanguage-inner\"]"}
COMMAND: GET /session/00377494c9177dc39dc7c331b478fd1b/screenshot - {}
RESULT: {}
RESULT: {"using":"xpath","value":"//*[@id=\"application-manageyards-display-component---NewYard--addressDetailDetailsLanguage-inner\"]"}
COMMAND: POST /session/00377494c9177dc39dc7c331b478fd1b/element/f.BC6A9895F84C302F47B04B2C9514348C.d.8CFCE6CA6D53F254ED590E95214EB498.e.8314/clear - {}
RESULT: {}
RESULT: {}
COMMAND: POST /session/00377494c9177dc39dc7c331b478fd1b/element/f.BC6A9895F84C302F47B04B2C9514348C.d.8CFCE6CA6D53F254ED590E95214EB498.e.8314/value - {"text":"Romanian"}
COMMAND: GET /session/00377494c9177dc39dc7c331b478fd1b/screenshot - {}
RESULT: {"text":"Romanian"}
COMMAND: POST /session/00377494c9177dc39dc7c331b478fd1b/element - {"using":"xpath","value":"//input[contains(@id ,\"application-manageyards-display-component---NewYard--addressDetailDetailsName1-inner\")]"}
COMMAND: GET /session/00377494c9177dc39dc7c331b478fd1b/screenshot - {}
RESULT: {}
RESULT: {"using":"xpath","value":"//input[contains(@id ,\"application-manageyards-display-component---NewYard--addressDetailDetailsName1-inner\")]"}
COMMAND: GET /session/00377494c9177dc39dc7c331b478fd1b/element/f.BC6A9895F84C302F47B04B2C9514348C.d.8CFCE6CA6D53F254ED590E95214EB498.e.8313/property/value - {}
RESULT: {}
RESULT: {}
COMMAND: GET /session/00377494c9177dc39dc7c331b478fd1b/screenshot - {}
RESULT: {}
COMMAND: POST /session/00377494c9177dc39dc7c331b478fd1b/element - {"using":"xpath","value":"//*[@id=\"application-manageyards-display-component---NewYard--addressDetailDetailsCity1-inner\"]"}
RESULT: {"using":"xpath","value":"//*[@id=\"application-manageyards-display-component---NewYard--addressDetailDetailsCity1-inner\"]"}
COMMAND: POST /session/00377494c9177dc39dc7c331b478fd1b/element/f.BC6A9895F84C302F47B04B2C9514348C.d.8CFCE6CA6D53F254ED590E95214EB498.e.8316/clear - {}
RESULT: {}
COMMAND: POST /session/00377494c9177dc39dc7c331b478fd1b/element/f.BC6A9895F84C302F47B04B2C9514348C.d.8CFCE6CA6D53F254ED590E95214EB498.e.8316/value - {"text":"Bucuresti"}
COMMAND: GET /session/00377494c9177dc39dc7c331b478fd1b/screenshot - {}
RESULT: {"text":"Bucuresti"}
COMMAND: GET /session/00377494c9177dc39dc7c331b478fd1b/screenshot - {}
RESULT: {}
RESULT: {}
COMMAND: POST /session/00377494c9177dc39dc7c331b478fd1b/element - {"using":"xpath","value":"//*[@id=\"application-manageyards-display-component---NewYard--addressDetailDetailsCountry-inner\"]"}
RESULT: {"using":"xpath","value":"//*[@id=\"application-manageyards-display-component---NewYard--addressDetailDetailsCountry-inner\"]"}
COMMAND: POST /session/00377494c9177dc39dc7c331b478fd1b/element/f.BC6A9895F84C302F47B04B2C9514348C.d.8CFCE6CA6D53F254ED590E95214EB498.e.8320/clear - {}
RESULT: {}
COMMAND: POST /session/00377494c9177dc39dc7c331b478fd1b/element/f.BC6A9895F84C302F47B04B2C9514348C.d.8CFCE6CA6D53F254ED590E95214EB498.e.8320/value - {"text":"Romania"}
COMMAND: GET /session/00377494c9177dc39dc7c331b478fd1b/screenshot - {}
RESULT: {"text":"Romania"}
COMMAND: GET /session/00377494c9177dc39dc7c331b478fd1b/screenshot - {}
RESULT: {}
RESULT: {}
COMMAND: POST /session/00377494c9177dc39dc7c331b478fd1b/execute/async - {"script":"<script> [1562 bytes]","args":[{"selector":{"controlType":"sap.m.Button","viewName":"etm.portal.ui.manageyards.view.New","viewId":"application-manageyards-display-component---NewYard","properties":{"text":"Commercial"},"interaction":{"idSuffix":"BDI-content"}},"wdio_ui5_key":"etmportal.ui.manageyards.view.Newsap.m.Button{\"text\":\"Commercial\"}"}]}
RESULT: {"script":"<script> [1562 bytes]","args":[{"selector":{"controlType":"sap.m.Button","viewName":"etm.portal.ui.manageyards.view.New","viewId":"application-manageyards-display-component---NewYard","properties":{"text":"Commercial"},"interaction":{"idSuffix":"BDI-content"}},"wdio_ui5_key":"etmportal.ui.manageyards.view.Newsap.m.Button{\"text\":\"Commercial\"}"}]}
RESULT: undefined
COMMAND: POST /session/00377494c9177dc39dc7c331b478fd1b/element - {"using":"xpath","value":"//*[@id=\"application-manageyards-display-component---NewYard--ObjectPageLayout-anchBar-__section5-anchor\"]"}
RESULT: {"using":"xpath","value":"//*[@id=\"application-manageyards-display-component---NewYard--ObjectPageLayout-anchBar-__section5-anchor\"]"}
COMMAND: POST /session/00377494c9177dc39dc7c331b478fd1b/element/f.BC6A9895F84C302F47B04B2C9514348C.d.8CFCE6CA6D53F254ED590E95214EB498.e.8570/click - {}
RESULT: {}
COMMAND: GET /session/00377494c9177dc39dc7c331b478fd1b/screenshot - {}
RESULT: {}
COMMAND: POST /session/00377494c9177dc39dc7c331b478fd1b/element - {"using":"xpath","value":"//div[contains(text(), \"Commercial\")]"}
RESULT: {"using":"xpath","value":"//div[contains(text(), \"Commercial\")]"}
COMMAND: GET /session/00377494c9177dc39dc7c331b478fd1b/element/f.BC6A9895F84C302F47B04B2C9514348C.d.8CFCE6CA6D53F254ED590E95214EB498.e.8579/rect - {}
RESULT: {}
COMMAND: GET /session/00377494c9177dc39dc7c331b478fd1b/window/rect - {}
RESULT: {}
COMMAND: POST /session/00377494c9177dc39dc7c331b478fd1b/execute/sync - {"script":"<script> [92 bytes]","args":[]}
RESULT: {"script":"<script> [92 bytes]","args":[]}
COMMAND: POST /session/00377494c9177dc39dc7c331b478fd1b/actions - {"actions":[{"id":"action26","type":"wheel","parameters":{},"actions":[{"type":"scroll","x":-1841,"y":-44,"deltaX":0,"deltaY":0,"duration":0,"origin":{"element-6066-11e4-a52e-4f735466cecf":"f.BC6A9895F84C302F47B04B2C9514348C.d.8CFCE6CA6D53F254ED590E95214EB498.e.8579"}}]}]}
COMMAND: GET /session/00377494c9177dc39dc7c331b478fd1b/screenshot - {}
RESULT: {}
COMMAND: POST /session/00377494c9177dc39dc7c331b478fd1b/execute/sync - {"script":"<script> [79 bytes]","args":[{"element-6066-11e4-a52e-4f735466cecf":"f.BC6A9895F84C302F47B04B2C9514348C.d.8CFCE6CA6D53F254ED590E95214EB498.e.8579","ELEMENT":"f.BC6A9895F84C302F47B04B2C9514348C.d.8CFCE6CA6D53F254ED590E95214EB498.e.8579"},{"block":"start","inline":"nearest"}]}
RESULT: {"script":"<script> [79 bytes]","args":[{"element-6066-11e4-a52e-4f735466cecf":"f.BC6A9895F84C302F47B04B2C9514348C.d.8CFCE6CA6D53F254ED590E95214EB498.e.8579","ELEMENT":"f.BC6A9895F84C302F47B04B2C9514348C.d.8CFCE6CA6D53F254ED590E95214EB498.e.8579"},{"block":"start","inline":"nearest"}]}
COMMAND: GET /session/00377494c9177dc39dc7c331b478fd1b/screenshot - {}
RESULT: {}
COMMAND: POST /session/00377494c9177dc39dc7c331b478fd1b/execute/async - {"script":"<script> [1562 bytes]","args":[{"selector":{"id":"application-manageyards-display-component---NewYard--addressEditDetailsCostObjectCstType-arrow"},"wdio_ui5_key":"applicationmanageyards-display-component---NewYard--addressEditDetailsCostObjectCstType-arrow"}]}
RESULT: {"script":"<script> [1562 bytes]","args":[{"selector":{"id":"application-manageyards-display-component---NewYard--addressEditDetailsCostObjectCstType-arrow"},"wdio_ui5_key":"applicationmanageyards-display-component---NewYard--addressEditDetailsCostObjectCstType-arrow"}]}
RESULT: undefined
COMMAND: POST /session/00377494c9177dc39dc7c331b478fd1b/element - {"using":"xpath","value":"//*[@id=\"application-manageyards-display-component---NewYard--addressEditDetailsCostObjectCstType-arrow\"]"}
RESULT: {"using":"xpath","value":"//*[@id=\"application-manageyards-display-component---NewYard--addressEditDetailsCostObjectCstType-arrow\"]"}
COMMAND: POST /session/00377494c9177dc39dc7c331b478fd1b/element/f.BC6A9895F84C302F47B04B2C9514348C.d.8CFCE6CA6D53F254ED590E95214EB498.e.8580/click - {}
RESULT: {}
COMMAND: POST /session/00377494c9177dc39dc7c331b478fd1b/element - {"using":"xpath","value":"//span[contains(text(), \"Cost Center\")]"}
COMMAND: GET /session/00377494c9177dc39dc7c331b478fd1b/screenshot - {}
RESULT: {"using":"xpath","value":"//span[contains(text(), \"Cost Center\")]"}
COMMAND: POST /session/00377494c9177dc39dc7c331b478fd1b/element/f.BC6A9895F84C302F47B04B2C9514348C.d.8CFCE6CA6D53F254ED590E95214EB498.e.8581/click - {}
RESULT: {}
RESULT: {}
COMMAND: GET /session/00377494c9177dc39dc7c331b478fd1b/screenshot - {}
RESULT: {}
COMMAND: POST /session/00377494c9177dc39dc7c331b478fd1b/execute/async - {"script":"<script> [1562 bytes]","args":[{"selector":{"id":"application-manageyards-display-component---NewYard--addressNewCostObjectCstID-vhi"},"wdio_ui5_key":"applicationmanageyards-display-component---NewYard--addressNewCostObjectCstID-vhi"}]}
RESULT: {"script":"<script> [1562 bytes]","args":[{"selector":{"id":"application-manageyards-display-component---NewYard--addressNewCostObjectCstID-vhi"},"wdio_ui5_key":"applicationmanageyards-display-component---NewYard--addressNewCostObjectCstID-vhi"}]}
RESULT: undefined
COMMAND: POST /session/00377494c9177dc39dc7c331b478fd1b/element - {"using":"xpath","value":"//*[@id=\"application-manageyards-display-component---NewYard--addressNewCostObjectCstID-vhi\"]"}
RESULT: {"using":"xpath","value":"//*[@id=\"application-manageyards-display-component---NewYard--addressNewCostObjectCstID-vhi\"]"}
COMMAND: POST /session/00377494c9177dc39dc7c331b478fd1b/element/f.BC6A9895F84C302F47B04B2C9514348C.d.8CFCE6CA6D53F254ED590E95214EB498.e.8585/click - {}
RESULT: {}
COMMAND: GET /session/00377494c9177dc39dc7c331b478fd1b/screenshot - {}
RESULT: {}
COMMAND: POST /session/00377494c9177dc39dc7c331b478fd1b/execute/async - {"script":"<script> [1562 bytes]","args":[{"selector":{"controlType":"sap.m.SearchField","properties":{"placeholder":"Search"},"searchOpenDialogs":true,"interaction":{"idSuffix":"I"}},"wdio_ui5_key":"sapm.SearchField{\"placeholder\":\"Search\"}"}]}
RESULT: {"script":"<script> [1562 bytes]","args":[{"selector":{"controlType":"sap.m.SearchField","properties":{"placeholder":"Search"},"searchOpenDialogs":true,"interaction":{"idSuffix":"I"}},"wdio_ui5_key":"sapm.SearchField{\"placeholder\":\"Search\"}"}]}
RESULT: undefined
COMMAND: POST /session/00377494c9177dc39dc7c331b478fd1b/execute/async - {"script":"<script> [776 bytes]","args":[{"enterText":"10001013","selector":{"controlType":"sap.m.SearchField","properties":{"placeholder":"Search"},"searchOpenDialogs":true,"interaction":{"idSuffix":"I"}},"clearTextFirst":true,"interactionType":"ENTER_TEXT"}]}
RESULT: {"script":"<script> [776 bytes]","args":[{"enterText":"10001013","selector":{"controlType":"sap.m.SearchField","properties":{"placeholder":"Search"},"searchOpenDialogs":true,"interaction":{"idSuffix":"I"}},"clearTextFirst":true,"interactionType":"ENTER_TEXT"}]}
COMMAND: POST /session/00377494c9177dc39dc7c331b478fd1b/actions - {"actions":[{"id":"action27","type":"key","parameters":{},"actions":[{"type":"keyDown","value":"î€‡"},{"type":"pause","duration":10},{"type":"keyUp","value":"î€‡"}]}]}
RESULT: {"actions":[{"id":"action27","type":"key","parameters":{},"actions":[{"type":"keyDown","value":"î€‡"},{"type":"pause","duration":10},{"type":"keyUp","value":"î€‡"}]}]}
COMMAND: GET /session/00377494c9177dc39dc7c331b478fd1b/screenshot - {}
RESULT: {}
COMMAND: POST /session/00377494c9177dc39dc7c331b478fd1b/element - {"using":"xpath","value":"//span[contains(text(), \"General Management\")]"}
RESULT: {"using":"xpath","value":"//span[contains(text(), \"General Management\")]"}
COMMAND: POST /session/00377494c9177dc39dc7c331b478fd1b/element/f.BC6A9895F84C302F47B04B2C9514348C.d.8CFCE6CA6D53F254ED590E95214EB498.e.8627/click - {}
RESULT: {}
COMMAND: GET /session/00377494c9177dc39dc7c331b478fd1b/screenshot - {}
RESULT: {}
COMMAND: POST /session/00377494c9177dc39dc7c331b478fd1b/element - {"using":"xpath","value":"//bdi[contains(text(), \"OK\")]"}
RESULT: {"using":"xpath","value":"//bdi[contains(text(), \"OK\")]"}
COMMAND: POST /session/00377494c9177dc39dc7c331b478fd1b/element/f.BC6A9895F84C302F47B04B2C9514348C.d.8CFCE6CA6D53F254ED590E95214EB498.e.8628/click - {}
RESULT: {}
COMMAND: GET /session/00377494c9177dc39dc7c331b478fd1b/screenshot - {}
RESULT: {}
COMMAND: POST /session/00377494c9177dc39dc7c331b478fd1b/execute/async - {"script":"<script> [1562 bytes]","args":[{"selector":{"id":"application-manageyards-display-component---NewYard--addressEditDetailsCurrency","interaction":{"idSuffix":"inner"}},"wdio_ui5_key":"applicationmanageyards-display-component---NewYard--addressEditDetailsCurrency"}]}
RESULT: {"script":"<script> [1562 bytes]","args":[{"selector":{"id":"application-manageyards-display-component---NewYard--addressEditDetailsCurrency","interaction":{"idSuffix":"inner"}},"wdio_ui5_key":"applicationmanageyards-display-component---NewYard--addressEditDetailsCurrency"}]}
RESULT: undefined
COMMAND: POST /session/00377494c9177dc39dc7c331b478fd1b/execute/async - {"script":"<script> [776 bytes]","args":[{"enterText":"Euro","selector":{"id":"application-manageyards-display-component---NewYard--addressEditDetailsCurrency","interaction":{"idSuffix":"inner"}},"clearTextFirst":true,"interactionType":"ENTER_TEXT"}]}
RESULT: {"script":"<script> [776 bytes]","args":[{"enterText":"Euro","selector":{"id":"application-manageyards-display-component---NewYard--addressEditDetailsCurrency","interaction":{"idSuffix":"inner"}},"clearTextFirst":true,"interactionType":"ENTER_TEXT"}]}
COMMAND: POST /session/00377494c9177dc39dc7c331b478fd1b/execute/async - {"script":"<script> [1562 bytes]","args":[{"selector":{"controlType":"sap.m.Input","viewName":"etm.portal.ui.manageyards.view.New","viewId":"application-manageyards-display-component---NewYard","bindingPath":{"path":"","propertyPath":"/CONTROLLING_AREA","modelName":"NewYardModel"},"interaction":{"idSuffix":"inner"}},"wdio_ui5_key":"etmportal.ui.manageyards.view.Newsap.m.Input{\"path\":\"\",\"propertyPath\":\"/CONTROLLING_AREA\",\"modelName\":\"NewYardModel\"}"}]}
RESULT: {"script":"<script> [1562 bytes]","args":[{"selector":{"controlType":"sap.m.Input","viewName":"etm.portal.ui.manageyards.view.New","viewId":"application-manageyards-display-component---NewYard","bindingPath":{"path":"","propertyPath":"/CONTROLLING_AREA","modelName":"NewYardModel"},"interaction":{"idSuffix":"inner"}},"wdio_ui5_key":"etmportal.ui.manageyards.view.Newsap.m.Input{\"path\":\"\",\"propertyPath\":\"/CONTROLLING_AREA\",\"modelName\":\"NewYardModel\"}"}]}
RESULT: undefined
COMMAND: POST /session/00377494c9177dc39dc7c331b478fd1b/execute/async - {"script":"<script> [776 bytes]","args":[{"enterText":"Z001","selector":{"controlType":"sap.m.Input","viewName":"etm.portal.ui.manageyards.view.New","viewId":"application-manageyards-display-component---NewYard","bindingPath":{"path":"","propertyPath":"/CONTROLLING_AREA","modelName":"NewYardModel"},"interaction":{"idSuffix":"inner"}},"clearTextFirst":true,"interactionType":"ENTER_TEXT"}]}
RESULT: {"script":"<script> [776 bytes]","args":[{"enterText":"Z001","selector":{"controlType":"sap.m.Input","viewName":"etm.portal.ui.manageyards.view.New","viewId":"application-manageyards-display-component---NewYard","bindingPath":{"path":"","propertyPath":"/CONTROLLING_AREA","modelName":"NewYardModel"},"interaction":{"idSuffix":"inner"}},"clearTextFirst":true,"interactionType":"ENTER_TEXT"}]}
COMMAND: POST /session/00377494c9177dc39dc7c331b478fd1b/execute/async - {"script":"<script> [1562 bytes]","args":[{"selector":{"id":"application-manageyards-display-component---NewYard--companyCodeComboBox","interaction":{"idSuffix":"inner"}},"wdio_ui5_key":"applicationmanageyards-display-component---NewYard--companyCodeComboBox"}]}
RESULT: {"script":"<script> [1562 bytes]","args":[{"selector":{"id":"application-manageyards-display-component---NewYard--companyCodeComboBox","interaction":{"idSuffix":"inner"}},"wdio_ui5_key":"applicationmanageyards-display-component---NewYard--companyCodeComboBox"}]}
RESULT: undefined
COMMAND: POST /session/00377494c9177dc39dc7c331b478fd1b/execute/async - {"script":"<script> [776 bytes]","args":[{"enterText":"1000","selector":{"id":"application-manageyards-display-component---NewYard--companyCodeComboBox","interaction":{"idSuffix":"inner"}},"clearTextFirst":true,"interactionType":"ENTER_TEXT"}]}
RESULT: {"script":"<script> [776 bytes]","args":[{"enterText":"1000","selector":{"id":"application-manageyards-display-component---NewYard--companyCodeComboBox","interaction":{"idSuffix":"inner"}},"clearTextFirst":true,"interactionType":"ENTER_TEXT"}]}
COMMAND: POST /session/00377494c9177dc39dc7c331b478fd1b/actions - {"actions":[{"id":"action28","type":"key","parameters":{},"actions":[{"type":"keyDown","value":"î€‡"},{"type":"pause","duration":10},{"type":"keyUp","value":"î€‡"}]}]}
RESULT: {"actions":[{"id":"action28","type":"key","parameters":{},"actions":[{"type":"keyDown","value":"î€‡"},{"type":"pause","duration":10},{"type":"keyUp","value":"î€‡"}]}]}
COMMAND: POST /session/00377494c9177dc39dc7c331b478fd1b/execute/async - {"script":"<script> [1562 bytes]","args":[{"selector":{"controlType":"sap.m.Input","viewName":"etm.portal.ui.manageyards.view.New","viewId":"application-manageyards-display-component---NewYard","bindingPath":{"path":"","propertyPath":"/PLANT","modelName":"NewYardModel"},"interaction":{"idSuffix":"inner"}},"wdio_ui5_key":"etmportal.ui.manageyards.view.Newsap.m.Input{\"path\":\"\",\"propertyPath\":\"/PLANT\",\"modelName\":\"NewYardModel\"}"}]}
COMMAND: GET /session/00377494c9177dc39dc7c331b478fd1b/screenshot - {}
RESULT: {"script":"<script> [1562 bytes]","args":[{"selector":{"controlType":"sap.m.Input","viewName":"etm.portal.ui.manageyards.view.New","viewId":"application-manageyards-display-component---NewYard","bindingPath":{"path":"","propertyPath":"/PLANT","modelName":"NewYardModel"},"interaction":{"idSuffix":"inner"}},"wdio_ui5_key":"etmportal.ui.manageyards.view.Newsap.m.Input{\"path\":\"\",\"propertyPath\":\"/PLANT\",\"modelName\":\"NewYardModel\"}"}]}
RESULT: undefined
COMMAND: POST /session/00377494c9177dc39dc7c331b478fd1b/execute/async - {"script":"<script> [776 bytes]","args":[{"enterText":"1001","selector":{"controlType":"sap.m.Input","viewName":"etm.portal.ui.manageyards.view.New","viewId":"application-manageyards-display-component---NewYard","bindingPath":{"path":"","propertyPath":"/PLANT","modelName":"NewYardModel"},"interaction":{"idSuffix":"inner"}},"clearTextFirst":true,"interactionType":"ENTER_TEXT"}]}
RESULT: {}
RESULT: {"script":"<script> [776 bytes]","args":[{"enterText":"1001","selector":{"controlType":"sap.m.Input","viewName":"etm.portal.ui.manageyards.view.New","viewId":"application-manageyards-display-component---NewYard","bindingPath":{"path":"","propertyPath":"/PLANT","modelName":"NewYardModel"},"interaction":{"idSuffix":"inner"}},"clearTextFirst":true,"interactionType":"ENTER_TEXT"}]}
COMMAND: POST /session/00377494c9177dc39dc7c331b478fd1b/execute/async - {"script":"<script> [1562 bytes]","args":[{"selector":{"controlType":"sap.m.Input","viewName":"etm.portal.ui.manageyards.view.New","viewId":"application-manageyards-display-component---NewYard","bindingPath":{"path":"","propertyPath":"/SALES_AREA_VKORG","modelName":"NewYardModel"},"interaction":{"idSuffix":"inner"}},"wdio_ui5_key":"etmportal.ui.manageyards.view.Newsap.m.Input{\"path\":\"\",\"propertyPath\":\"/SALES_AREA_VKORG\",\"modelName\":\"NewYardModel\"}"}]}
RESULT: {"script":"<script> [1562 bytes]","args":[{"selector":{"controlType":"sap.m.Input","viewName":"etm.portal.ui.manageyards.view.New","viewId":"application-manageyards-display-component---NewYard","bindingPath":{"path":"","propertyPath":"/SALES_AREA_VKORG","modelName":"NewYardModel"},"interaction":{"idSuffix":"inner"}},"wdio_ui5_key":"etmportal.ui.manageyards.view.Newsap.m.Input{\"path\":\"\",\"propertyPath\":\"/SALES_AREA_VKORG\",\"modelName\":\"NewYardModel\"}"}]}
RESULT: undefined
COMMAND: POST /session/00377494c9177dc39dc7c331b478fd1b/execute/async - {"script":"<script> [776 bytes]","args":[{"enterText":"C002","selector":{"controlType":"sap.m.Input","viewName":"etm.portal.ui.manageyards.view.New","viewId":"application-manageyards-display-component---NewYard","bindingPath":{"path":"","propertyPath":"/SALES_AREA_VKORG","modelName":"NewYardModel"},"interaction":{"idSuffix":"inner"}},"clearTextFirst":true,"interactionType":"ENTER_TEXT"}]}
RESULT: {"script":"<script> [776 bytes]","args":[{"enterText":"C002","selector":{"controlType":"sap.m.Input","viewName":"etm.portal.ui.manageyards.view.New","viewId":"application-manageyards-display-component---NewYard","bindingPath":{"path":"","propertyPath":"/SALES_AREA_VKORG","modelName":"NewYardModel"},"interaction":{"idSuffix":"inner"}},"clearTextFirst":true,"interactionType":"ENTER_TEXT"}]}
COMMAND: POST /session/00377494c9177dc39dc7c331b478fd1b/execute/async - {"script":"<script> [1562 bytes]","args":[{"selector":{"controlType":"sap.m.Input","viewName":"etm.portal.ui.manageyards.view.New","viewId":"application-manageyards-display-component---NewYard","bindingPath":{"path":"","propertyPath":"/SALES_AREA_VTWEG","modelName":"NewYardModel"},"interaction":{"idSuffix":"inner"}},"wdio_ui5_key":"etmportal.ui.manageyards.view.Newsap.m.Input{\"path\":\"\",\"propertyPath\":\"/SALES_AREA_VTWEG\",\"modelName\":\"NewYardModel\"}"}]}
RESULT: {"script":"<script> [1562 bytes]","args":[{"selector":{"controlType":"sap.m.Input","viewName":"etm.portal.ui.manageyards.view.New","viewId":"application-manageyards-display-component---NewYard","bindingPath":{"path":"","propertyPath":"/SALES_AREA_VTWEG","modelName":"NewYardModel"},"interaction":{"idSuffix":"inner"}},"wdio_ui5_key":"etmportal.ui.manageyards.view.Newsap.m.Input{\"path\":\"\",\"propertyPath\":\"/SALES_AREA_VTWEG\",\"modelName\":\"NewYardModel\"}"}]}
RESULT: undefined
COMMAND: POST /session/00377494c9177dc39dc7c331b478fd1b/execute/async - {"script":"<script> [776 bytes]","args":[{"enterText":"C2","selector":{"controlType":"sap.m.Input","viewName":"etm.portal.ui.manageyards.view.New","viewId":"application-manageyards-display-component---NewYard","bindingPath":{"path":"","propertyPath":"/SALES_AREA_VTWEG","modelName":"NewYardModel"},"interaction":{"idSuffix":"inner"}},"clearTextFirst":true,"interactionType":"ENTER_TEXT"}]}
RESULT: {"script":"<script> [776 bytes]","args":[{"enterText":"C2","selector":{"controlType":"sap.m.Input","viewName":"etm.portal.ui.manageyards.view.New","viewId":"application-manageyards-display-component---NewYard","bindingPath":{"path":"","propertyPath":"/SALES_AREA_VTWEG","modelName":"NewYardModel"},"interaction":{"idSuffix":"inner"}},"clearTextFirst":true,"interactionType":"ENTER_TEXT"}]}
COMMAND: POST /session/00377494c9177dc39dc7c331b478fd1b/execute/async - {"script":"<script> [1562 bytes]","args":[{"selector":{"controlType":"sap.m.Input","viewName":"etm.portal.ui.manageyards.view.New","viewId":"application-manageyards-display-component---NewYard","bindingPath":{"path":"","propertyPath":"/SALES_AREA_SPART","modelName":"NewYardModel"},"interaction":{"idSuffix":"inner"}},"wdio_ui5_key":"etmportal.ui.manageyards.view.Newsap.m.Input{\"path\":\"\",\"propertyPath\":\"/SALES_AREA_SPART\",\"modelName\":\"NewYardModel\"}"}]}
RESULT: {"script":"<script> [1562 bytes]","args":[{"selector":{"controlType":"sap.m.Input","viewName":"etm.portal.ui.manageyards.view.New","viewId":"application-manageyards-display-component---NewYard","bindingPath":{"path":"","propertyPath":"/SALES_AREA_SPART","modelName":"NewYardModel"},"interaction":{"idSuffix":"inner"}},"wdio_ui5_key":"etmportal.ui.manageyards.view.Newsap.m.Input{\"path\":\"\",\"propertyPath\":\"/SALES_AREA_SPART\",\"modelName\":\"NewYardModel\"}"}]}
RESULT: undefined
COMMAND: POST /session/00377494c9177dc39dc7c331b478fd1b/execute/async - {"script":"<script> [776 bytes]","args":[{"enterText":"C2","selector":{"controlType":"sap.m.Input","viewName":"etm.portal.ui.manageyards.view.New","viewId":"application-manageyards-display-component---NewYard","bindingPath":{"path":"","propertyPath":"/SALES_AREA_SPART","modelName":"NewYardModel"},"interaction":{"idSuffix":"inner"}},"clearTextFirst":true,"interactionType":"ENTER_TEXT"}]}
RESULT: {"script":"<script> [776 bytes]","args":[{"enterText":"C2","selector":{"controlType":"sap.m.Input","viewName":"etm.portal.ui.manageyards.view.New","viewId":"application-manageyards-display-component---NewYard","bindingPath":{"path":"","propertyPath":"/SALES_AREA_SPART","modelName":"NewYardModel"},"interaction":{"idSuffix":"inner"}},"clearTextFirst":true,"interactionType":"ENTER_TEXT"}]}
COMMAND: POST /session/00377494c9177dc39dc7c331b478fd1b/execute/async - {"script":"<script> [1562 bytes]","args":[{"selector":{"id":"application-manageyards-display-component---NewYard--whmCheckBox","interaction":{"idSuffix":"CbBg"}},"wdio_ui5_key":"applicationmanageyards-display-component---NewYard--whmCheckBox"}]}
RESULT: {"script":"<script> [1562 bytes]","args":[{"selector":{"id":"application-manageyards-display-component---NewYard--whmCheckBox","interaction":{"idSuffix":"CbBg"}},"wdio_ui5_key":"applicationmanageyards-display-component---NewYard--whmCheckBox"}]}
RESULT: undefined
COMMAND: POST /session/00377494c9177dc39dc7c331b478fd1b/element - {"using":"xpath","value":"//*[@id=\"application-manageyards-display-component---NewYard--whmCheckBox\"]"}
RESULT: {"using":"xpath","value":"//*[@id=\"application-manageyards-display-component---NewYard--whmCheckBox\"]"}
COMMAND: POST /session/00377494c9177dc39dc7c331b478fd1b/element/f.BC6A9895F84C302F47B04B2C9514348C.d.8CFCE6CA6D53F254ED590E95214EB498.e.8639/click - {}
RESULT: {}
COMMAND: POST /session/00377494c9177dc39dc7c331b478fd1b/execute/async - {"script":"<script> [1562 bytes]","args":[{"selector":{"controlType":"sap.m.Button","viewName":"etm.portal.ui.manageyards.view.New","viewId":"application-manageyards-display-component---NewYard","i18NText":{"propertyName":"text","key":"save"},"interaction":{"idSuffix":"inner"}},"wdio_ui5_key":"etmportal.ui.manageyards.view.Newsap.m.Button{\"propertyName\":\"text\",\"key\":\"save\"}"}]}
COMMAND: GET /session/00377494c9177dc39dc7c331b478fd1b/screenshot - {}
RESULT: {"script":"<script> [1562 bytes]","args":[{"selector":{"controlType":"sap.m.Button","viewName":"etm.portal.ui.manageyards.view.New","viewId":"application-manageyards-display-component---NewYard","i18NText":{"propertyName":"text","key":"save"},"interaction":{"idSuffix":"inner"}},"wdio_ui5_key":"etmportal.ui.manageyards.view.Newsap.m.Button{\"propertyName\":\"text\",\"key\":\"save\"}"}]}
RESULT: undefined
COMMAND: POST /session/00377494c9177dc39dc7c331b478fd1b/element - {"using":"xpath","value":"//*[@id=\"__button18\"]"}
RESULT: {}
RESULT: {"using":"xpath","value":"//*[@id=\"__button18\"]"}
COMMAND: POST /session/00377494c9177dc39dc7c331b478fd1b/element/f.BC6A9895F84C302F47B04B2C9514348C.d.8CFCE6CA6D53F254ED590E95214EB498.e.8516/click - {}
RESULT: {}
COMMAND: GET /session/00377494c9177dc39dc7c331b478fd1b/screenshot - {}
RESULT: {}
COMMAND: POST /session/00377494c9177dc39dc7c331b478fd1b/element - {"using":"css selector","value":"#shell-header-logo"}
RESULT: {"using":"css selector","value":"#shell-header-logo"}
COMMAND: POST /session/00377494c9177dc39dc7c331b478fd1b/element/f.BC6A9895F84C302F47B04B2C9514348C.d.8CFCE6CA6D53F254ED590E95214EB498.e.8089/click - {}
RESULT: {}
COMMAND: GET /session/00377494c9177dc39dc7c331b478fd1b/screenshot - {}
RESULT: {}
COMMAND: POST /session/00377494c9177dc39dc7c331b478fd1b/refresh - {}
RESULT: {}
COMMAND: GET /session/00377494c9177dc39dc7c331b478fd1b/screenshot - {}
RESULT: {}
COMMAND: POST /session/00377494c9177dc39dc7c331b478fd1b/execute/async - {"script":"<script> [189 bytes]","args":[]}
RESULT: {"script":"<script> [189 bytes]","args":[]}
COMMAND: POST /session/00377494c9177dc39dc7c331b478fd1b/execute/async - {"script":"<script> [123 bytes]","args":[]}
RESULT: {"script":"<script> [123 bytes]","args":[]}
COMMAND: POST /session/00377494c9177dc39dc7c331b478fd1b/timeouts - {"script":"<number>"}
RESULT: {"script":"<number>"}
COMMAND: GET /session/00377494c9177dc39dc7c331b478fd1b/timeouts - {}
RESULT: {}
RESULT: undefined
COMMAND: POST /session/00377494c9177dc39dc7c331b478fd1b/execute/async - {"script":"<script> [2676 bytes]","args":[]}
RESULT: {"script":"<script> [2676 bytes]","args":[]}
COMMAND: POST /session/00377494c9177dc39dc7c331b478fd1b/execute/async - {"script":"<script> [2342 bytes]","args":[{"protocol":"http","hostname":"0.0.0.0","path":"/","capabilities":{"browserName":"chrome","goog:chromeOptions":{"binary":"C:\\Program Files\\Google\\Chrome\\Application\\chrome.exe","args":["--start-maximized"]}},"logLevel":"warn","connectionRetryTimeout":120000,"connectionRetryCount":3,"logLevels":{},"enableDirectConnect":true,"strictSSL":true,"_":"65 more keys: [\"cacheDir\",\"port\",\"requestedCapabilities\",\"automationProtocol\",\"baseUrl\",\"waitforInterval\",\"waitforTimeout\",\"onReload\",\"beforeCommand\",\"afterCommand\",\"rootDir\",\"specs\",\"suites\",\"exclude\",\"groupLogsByTestSpec\",\"excludeDriverLogs\",\"bail\",\"framework\",\"reporters\",\"services\",\"maxInstances\",\"maxInstancesPerCapability\",\"injectGlobals\",\"filesToWatch\",\"execArgv\",\"runnerEnv\",\"runner\",\"shard\",\"specFileRetries\",\"specFileRetriesDelay\",\"specFileRetriesDeferred\",\"reporterSyncInterval\",\"reporterSyncTimeout\",\"cucumberFeaturesWithLineNumbers\",\"autoCompileOpts\",\"mochaOpts\",\"jasmineOpts\",\"cucumberOpts\",\"onPrepare\",\"onWorkerStart\",\"onWorkerEnd\",\"before\",\"beforeSession\",\"beforeSuite\",\"beforeHook\",\"beforeTest\",\"afterTest\",\"afterHook\",\"afterSuite\",\"afterSession\",\"after\",\"onComplete\",\"beforeAssertion\",\"afterAssertion\",\"beforeFeature\",\"beforeScenario\",\"beforeStep\",\"afterStep\",\"afterScenario\",\"afterFeature\",\"_\",\"suite\",\"$0\",\"ignoredWorkerServices\",\"wdi5\"]"}]}
RESULT: {"script":"<script> [2342 bytes]","args":[{"protocol":"http","hostname":"0.0.0.0","path":"/","capabilities":{"browserName":"chrome","goog:chromeOptions":{"binary":"C:\\Program Files\\Google\\Chrome\\Application\\chrome.exe","args":["--start-maximized"]}},"logLevel":"warn","connectionRetryTimeout":120000,"connectionRetryCount":3,"logLevels":{},"enableDirectConnect":true,"strictSSL":true,"_":"65 more keys: [\"cacheDir\",\"port\",\"requestedCapabilities\",\"automationProtocol\",\"baseUrl\",\"waitforInterval\",\"waitforTimeout\",\"onReload\",\"beforeCommand\",\"afterCommand\",\"rootDir\",\"specs\",\"suites\",\"exclude\",\"groupLogsByTestSpec\",\"excludeDriverLogs\",\"bail\",\"framework\",\"reporters\",\"services\",\"maxInstances\",\"maxInstancesPerCapability\",\"injectGlobals\",\"filesToWatch\",\"execArgv\",\"runnerEnv\",\"runner\",\"shard\",\"specFileRetries\",\"specFileRetriesDelay\",\"specFileRetriesDeferred\",\"reporterSyncInterval\",\"reporterSyncTimeout\",\"cucumberFeaturesWithLineNumbers\",\"autoCompileOpts\",\"mochaOpts\",\"jasmineOpts\",\"cucumberOpts\",\"onPrepare\",\"onWorkerStart\",\"onWorkerEnd\",\"before\",\"beforeSession\",\"beforeSuite\",\"beforeHook\",\"beforeTest\",\"afterTest\",\"afterHook\",\"afterSuite\",\"afterSession\",\"after\",\"onComplete\",\"beforeAssertion\",\"afterAssertion\",\"beforeFeature\",\"beforeScenario\",\"beforeStep\",\"afterStep\",\"afterScenario\",\"afterFeature\",\"_\",\"suite\",\"$0\",\"ignoredWorkerServices\",\"wdi5\"]"}]}
COMMAND: POST /session/00377494c9177dc39dc7c331b478fd1b/execute/async - {"script":"<script> [21126 bytes]","args":[35000]}
RESULT: {"script":"<script> [21126 bytes]","args":[35000]}
]]></system-out>
    </testcase>
    <testcase classname="chrome.136_0_7103_49.windows.Warehouse_movements_inventory_test" name="Should create a new warehouse organization" time="58.535">
      <system-out><![CDATA[
COMMAND: POST /session/00377494c9177dc39dc7c331b478fd1b/execute/async - {"script":"<script> [1562 bytes]","args":[{"selector":{"controlType":"sap.m.GenericTile","properties":{"header":"Bin Status Report"}},"wdio_ui5_key":"sapm.GenericTile{\"header\":\"Bin Status Report\"}"}]}
RESULT: {"script":"<script> [1562 bytes]","args":[{"selector":{"controlType":"sap.m.GenericTile","properties":{"header":"Bin Status Report"}},"wdio_ui5_key":"sapm.GenericTile{\"header\":\"Bin Status Report\"}"}]}
RESULT: undefined
COMMAND: POST /session/00377494c9177dc39dc7c331b478fd1b/element - {"using":"xpath","value":"//*[@id=\"__tile104\"]"}
RESULT: {"using":"xpath","value":"//*[@id=\"__tile104\"]"}
COMMAND: POST /session/00377494c9177dc39dc7c331b478fd1b/element/f.BC6A9895F84C302F47B04B2C9514348C.d.E2807DB58B13F1B53215389D43EF5B66.e.8851/click - {}
RESULT: {}
COMMAND: GET /session/00377494c9177dc39dc7c331b478fd1b/screenshot - {}
RESULT: {}
COMMAND: POST /session/00377494c9177dc39dc7c331b478fd1b/elements - {"using":"xpath","value":"//span[text()='Error']"}
RESULT: {"using":"xpath","value":"//span[text()='Error']"}
COMMAND: POST /session/00377494c9177dc39dc7c331b478fd1b/execute/async - {"script":"<script> [1562 bytes]","args":[{"selector":{"id":"application-binstatusreport-display-component---warehousing--createOrgBtn","interaction":{"idSuffix":"BDI-content"}},"wdio_ui5_key":"applicationbinstatusreport-display-component---warehousing--createOrgBtn"}]}
RESULT: {"script":"<script> [1562 bytes]","args":[{"selector":{"id":"application-binstatusreport-display-component---warehousing--createOrgBtn","interaction":{"idSuffix":"BDI-content"}},"wdio_ui5_key":"applicationbinstatusreport-display-component---warehousing--createOrgBtn"}]}
RESULT: undefined
COMMAND: POST /session/00377494c9177dc39dc7c331b478fd1b/element - {"using":"xpath","value":"//*[@id=\"application-binstatusreport-display-component---warehousing--createOrgBtn\"]"}
RESULT: {"using":"xpath","value":"//*[@id=\"application-binstatusreport-display-component---warehousing--createOrgBtn\"]"}
COMMAND: POST /session/00377494c9177dc39dc7c331b478fd1b/element/f.BC6A9895F84C302F47B04B2C9514348C.d.E2807DB58B13F1B53215389D43EF5B66.e.8896/click - {}
RESULT: {}
COMMAND: GET /session/00377494c9177dc39dc7c331b478fd1b/screenshot - {}
RESULT: {}
COMMAND: POST /session/00377494c9177dc39dc7c331b478fd1b/execute/async - {"script":"<script> [1562 bytes]","args":[{"selector":{"id":"createOrganizationPop--sectionInput","searchOpenDialogs":true,"interaction":{"idSuffix":"inner"}},"wdio_ui5_key":"createOrganizationPopsectionInput"}]}
RESULT: {"script":"<script> [1562 bytes]","args":[{"selector":{"id":"createOrganizationPop--sectionInput","searchOpenDialogs":true,"interaction":{"idSuffix":"inner"}},"wdio_ui5_key":"createOrganizationPopsectionInput"}]}
RESULT: undefined
COMMAND: POST /session/00377494c9177dc39dc7c331b478fd1b/execute/async - {"script":"<script> [776 bytes]","args":[{"enterText":"Sec1t1kt","selector":{"id":"createOrganizationPop--sectionInput","searchOpenDialogs":true,"interaction":{"idSuffix":"inner"}},"clearTextFirst":true,"interactionType":"ENTER_TEXT"}]}
RESULT: {"script":"<script> [776 bytes]","args":[{"enterText":"Sec1t1kt","selector":{"id":"createOrganizationPop--sectionInput","searchOpenDialogs":true,"interaction":{"idSuffix":"inner"}},"clearTextFirst":true,"interactionType":"ENTER_TEXT"}]}
COMMAND: POST /session/00377494c9177dc39dc7c331b478fd1b/execute/async - {"script":"<script> [1562 bytes]","args":[{"selector":{"id":"createOrganizationPop--descriptionInput","searchOpenDialogs":true,"interaction":{"idSuffix":"inner"}},"wdio_ui5_key":"createOrganizationPopdescriptionInput"}]}
RESULT: {"script":"<script> [1562 bytes]","args":[{"selector":{"id":"createOrganizationPop--descriptionInput","searchOpenDialogs":true,"interaction":{"idSuffix":"inner"}},"wdio_ui5_key":"createOrganizationPopdescriptionInput"}]}
RESULT: undefined
COMMAND: POST /session/00377494c9177dc39dc7c331b478fd1b/execute/async - {"script":"<script> [776 bytes]","args":[{"enterText":"OrgNameeo63p","selector":{"id":"createOrganizationPop--descriptionInput","searchOpenDialogs":true,"interaction":{"idSuffix":"inner"}},"clearTextFirst":true,"interactionType":"ENTER_TEXT"}]}
RESULT: {"script":"<script> [776 bytes]","args":[{"enterText":"OrgNameeo63p","selector":{"id":"createOrganizationPop--descriptionInput","searchOpenDialogs":true,"interaction":{"idSuffix":"inner"}},"clearTextFirst":true,"interactionType":"ENTER_TEXT"}]}
COMMAND: POST /session/00377494c9177dc39dc7c331b478fd1b/element - {"using":"xpath","value":"//input[contains(@id ,\"createOrganizationPop--yardOrg-inner\")]"}
RESULT: {"using":"xpath","value":"//input[contains(@id ,\"createOrganizationPop--yardOrg-inner\")]"}
COMMAND: POST /session/00377494c9177dc39dc7c331b478fd1b/element/f.BC6A9895F84C302F47B04B2C9514348C.d.E2807DB58B13F1B53215389D43EF5B66.e.8932/clear - {}
RESULT: {}
COMMAND: POST /session/00377494c9177dc39dc7c331b478fd1b/element/f.BC6A9895F84C302F47B04B2C9514348C.d.E2807DB58B13F1B53215389D43EF5B66.e.8932/value - {"text":"WebdriverWHMYard5soh7"}
COMMAND: GET /session/00377494c9177dc39dc7c331b478fd1b/screenshot - {}
RESULT: {"text":"WebdriverWHMYard5soh7"}
COMMAND: GET /session/00377494c9177dc39dc7c331b478fd1b/screenshot - {}
RESULT: {}
RESULT: {}
COMMAND: POST /session/00377494c9177dc39dc7c331b478fd1b/actions - {"actions":[{"id":"action29","type":"key","parameters":{},"actions":[{"type":"keyDown","value":"î€‡"},{"type":"pause","duration":10},{"type":"keyUp","value":"î€‡"}]}]}
RESULT: {"actions":[{"id":"action29","type":"key","parameters":{},"actions":[{"type":"keyDown","value":"î€‡"},{"type":"pause","duration":10},{"type":"keyUp","value":"î€‡"}]}]}
COMMAND: GET /session/00377494c9177dc39dc7c331b478fd1b/screenshot - {}
RESULT: {}
COMMAND: POST /session/00377494c9177dc39dc7c331b478fd1b/execute/async - {"script":"<script> [1562 bytes]","args":[{"selector":{"id":"createOrganizationPop--grZone","searchOpenDialogs":true,"interaction":{"idSuffix":"CbBg"}},"wdio_ui5_key":"createOrganizationPopgrZone"}]}
RESULT: {"script":"<script> [1562 bytes]","args":[{"selector":{"id":"createOrganizationPop--grZone","searchOpenDialogs":true,"interaction":{"idSuffix":"CbBg"}},"wdio_ui5_key":"createOrganizationPopgrZone"}]}
RESULT: undefined
COMMAND: POST /session/00377494c9177dc39dc7c331b478fd1b/element - {"using":"xpath","value":"//*[@id=\"createOrganizationPop--grZone\"]"}
RESULT: {"using":"xpath","value":"//*[@id=\"createOrganizationPop--grZone\"]"}
COMMAND: POST /session/00377494c9177dc39dc7c331b478fd1b/element/f.BC6A9895F84C302F47B04B2C9514348C.d.E2807DB58B13F1B53215389D43EF5B66.e.8954/click - {}
RESULT: {}
COMMAND: POST /session/00377494c9177dc39dc7c331b478fd1b/execute/async - {"script":"<script> [1562 bytes]","args":[{"selector":{"id":"createOrganizationPop--giZone","searchOpenDialogs":true,"interaction":{"idSuffix":"CbBg"}},"wdio_ui5_key":"createOrganizationPopgiZone"}]}
COMMAND: GET /session/00377494c9177dc39dc7c331b478fd1b/screenshot - {}
RESULT: {"script":"<script> [1562 bytes]","args":[{"selector":{"id":"createOrganizationPop--giZone","searchOpenDialogs":true,"interaction":{"idSuffix":"CbBg"}},"wdio_ui5_key":"createOrganizationPopgiZone"}]}
RESULT: undefined
COMMAND: POST /session/00377494c9177dc39dc7c331b478fd1b/element - {"using":"xpath","value":"//*[@id=\"createOrganizationPop--giZone\"]"}
RESULT: {}
RESULT: {"using":"xpath","value":"//*[@id=\"createOrganizationPop--giZone\"]"}
COMMAND: POST /session/00377494c9177dc39dc7c331b478fd1b/element/f.BC6A9895F84C302F47B04B2C9514348C.d.E2807DB58B13F1B53215389D43EF5B66.e.8956/click - {}
RESULT: {}
COMMAND: POST /session/00377494c9177dc39dc7c331b478fd1b/execute/async - {"script":"<script> [1562 bytes]","args":[{"selector":{"id":"createOrganizationPop--binNoInput","searchOpenDialogs":true,"interaction":{"idSuffix":"inner"}},"wdio_ui5_key":"createOrganizationPopbinNoInput"}]}
COMMAND: GET /session/00377494c9177dc39dc7c331b478fd1b/screenshot - {}
RESULT: {"script":"<script> [1562 bytes]","args":[{"selector":{"id":"createOrganizationPop--binNoInput","searchOpenDialogs":true,"interaction":{"idSuffix":"inner"}},"wdio_ui5_key":"createOrganizationPopbinNoInput"}]}
RESULT: undefined
COMMAND: POST /session/00377494c9177dc39dc7c331b478fd1b/execute/async - {"script":"<script> [776 bytes]","args":[{"enterText":"Binjychcl","selector":{"id":"createOrganizationPop--binNoInput","searchOpenDialogs":true,"interaction":{"idSuffix":"inner"}},"clearTextFirst":true,"interactionType":"ENTER_TEXT"}]}
RESULT: {}
RESULT: {"script":"<script> [776 bytes]","args":[{"enterText":"Binjychcl","selector":{"id":"createOrganizationPop--binNoInput","searchOpenDialogs":true,"interaction":{"idSuffix":"inner"}},"clearTextFirst":true,"interactionType":"ENTER_TEXT"}]}
COMMAND: POST /session/00377494c9177dc39dc7c331b478fd1b/execute/async - {"script":"<script> [1562 bytes]","args":[{"selector":{"id":"createOrganizationPop--descriptionId","searchOpenDialogs":true,"interaction":{"idSuffix":"inner"}},"wdio_ui5_key":"createOrganizationPopdescriptionId"}]}
RESULT: {"script":"<script> [1562 bytes]","args":[{"selector":{"id":"createOrganizationPop--descriptionId","searchOpenDialogs":true,"interaction":{"idSuffix":"inner"}},"wdio_ui5_key":"createOrganizationPopdescriptionId"}]}
RESULT: undefined
COMMAND: POST /session/00377494c9177dc39dc7c331b478fd1b/execute/async - {"script":"<script> [776 bytes]","args":[{"enterText":"Bing4u3m","selector":{"id":"createOrganizationPop--descriptionId","searchOpenDialogs":true,"interaction":{"idSuffix":"inner"}},"clearTextFirst":true,"interactionType":"ENTER_TEXT"}]}
RESULT: {"script":"<script> [776 bytes]","args":[{"enterText":"Bing4u3m","selector":{"id":"createOrganizationPop--descriptionId","searchOpenDialogs":true,"interaction":{"idSuffix":"inner"}},"clearTextFirst":true,"interactionType":"ENTER_TEXT"}]}
COMMAND: POST /session/00377494c9177dc39dc7c331b478fd1b/execute/async - {"script":"<script> [1562 bytes]","args":[{"selector":{"controlType":"sap.m.CheckBox","viewName":"etm.portal.ui.binstatusreport.view.MasterWareBins","viewId":"application-binstatusreport-display-component---warehousing","bindingPath":{"path":"","propertyPath":"/ZONE","modelName":"newBin"},"searchOpenDialogs":true,"interaction":{"idSuffix":"CbBg"}},"wdio_ui5_key":"etmportal.ui.binstatusreport.view.MasterWareBinssap.m.CheckBox{\"path\":\"\",\"propertyPath\":\"/ZONE\",\"modelName\":\"newBin\"}"}]}
RESULT: {"script":"<script> [1562 bytes]","args":[{"selector":{"controlType":"sap.m.CheckBox","viewName":"etm.portal.ui.binstatusreport.view.MasterWareBins","viewId":"application-binstatusreport-display-component---warehousing","bindingPath":{"path":"","propertyPath":"/ZONE","modelName":"newBin"},"searchOpenDialogs":true,"interaction":{"idSuffix":"CbBg"}},"wdio_ui5_key":"etmportal.ui.binstatusreport.view.MasterWareBinssap.m.CheckBox{\"path\":\"\",\"propertyPath\":\"/ZONE\",\"modelName\":\"newBin\"}"}]}
RESULT: undefined
COMMAND: POST /session/00377494c9177dc39dc7c331b478fd1b/element - {"using":"xpath","value":"//*[@id=\"__box12\"]"}
RESULT: {"using":"xpath","value":"//*[@id=\"__box12\"]"}
COMMAND: POST /session/00377494c9177dc39dc7c331b478fd1b/element/f.BC6A9895F84C302F47B04B2C9514348C.d.E2807DB58B13F1B53215389D43EF5B66.e.8960/click - {}
RESULT: {}
COMMAND: POST /session/00377494c9177dc39dc7c331b478fd1b/execute/async - {"script":"<script> [1562 bytes]","args":[{"selector":{"id":"createOrganizationPop--binTypesCB-arrow","searchOpenDialogs":true},"wdio_ui5_key":"createOrganizationPopbinTypesCB-arrow"}]}
COMMAND: GET /session/00377494c9177dc39dc7c331b478fd1b/screenshot - {}
RESULT: {"script":"<script> [1562 bytes]","args":[{"selector":{"id":"createOrganizationPop--binTypesCB-arrow","searchOpenDialogs":true},"wdio_ui5_key":"createOrganizationPopbinTypesCB-arrow"}]}
RESULT: undefined
COMMAND: POST /session/00377494c9177dc39dc7c331b478fd1b/element - {"using":"xpath","value":"//*[@id=\"createOrganizationPop--binTypesCB-arrow\"]"}
RESULT: {}
RESULT: {"using":"xpath","value":"//*[@id=\"createOrganizationPop--binTypesCB-arrow\"]"}
COMMAND: POST /session/00377494c9177dc39dc7c331b478fd1b/element/f.BC6A9895F84C302F47B04B2C9514348C.d.E2807DB58B13F1B53215389D43EF5B66.e.8961/click - {}
RESULT: {}
COMMAND: POST /session/00377494c9177dc39dc7c331b478fd1b/execute/async - {"script":"<script> [1562 bytes]","args":[{"selector":{"controlType":"sap.m.StandardListItem","viewName":"etm.portal.ui.binstatusreport.view.MasterWareBins","viewId":"application-binstatusreport-display-component---warehousing","properties":{"title":"1 - General / No capacity check"},"searchOpenDialogs":true,"interaction":{"idSuffix":"content"}},"wdio_ui5_key":"etmportal.ui.binstatusreport.view.MasterWareBinssap.m.StandardListItem{\"title\":\"1 - General / No capacity check\"}"}]}
COMMAND: GET /session/00377494c9177dc39dc7c331b478fd1b/screenshot - {}
RESULT: {"script":"<script> [1562 bytes]","args":[{"selector":{"controlType":"sap.m.StandardListItem","viewName":"etm.portal.ui.binstatusreport.view.MasterWareBins","viewId":"application-binstatusreport-display-component---warehousing","properties":{"title":"1 - General / No capacity check"},"searchOpenDialogs":true,"interaction":{"idSuffix":"content"}},"wdio_ui5_key":"etmportal.ui.binstatusreport.view.MasterWareBinssap.m.StandardListItem{\"title\":\"1 - General / No capacity check\"}"}]}
RESULT: undefined
COMMAND: POST /session/00377494c9177dc39dc7c331b478fd1b/element - {"using":"xpath","value":"//*[@id=\"__item98\"]"}
RESULT: {}
RESULT: {"using":"xpath","value":"//*[@id=\"__item98\"]"}
COMMAND: POST /session/00377494c9177dc39dc7c331b478fd1b/element/f.BC6A9895F84C302F47B04B2C9514348C.d.E2807DB58B13F1B53215389D43EF5B66.e.8963/click - {}
RESULT: {}
COMMAND: POST /session/00377494c9177dc39dc7c331b478fd1b/execute/async - {"script":"<script> [1562 bytes]","args":[{"selector":{"id":"createOrganizationPop--finishBtn","searchOpenDialogs":true,"interaction":{"idSuffix":"BDI-content"}},"wdio_ui5_key":"createOrganizationPopfinishBtn"}]}
COMMAND: GET /session/00377494c9177dc39dc7c331b478fd1b/screenshot - {}
RESULT: {"script":"<script> [1562 bytes]","args":[{"selector":{"id":"createOrganizationPop--finishBtn","searchOpenDialogs":true,"interaction":{"idSuffix":"BDI-content"}},"wdio_ui5_key":"createOrganizationPopfinishBtn"}]}
RESULT: undefined
COMMAND: POST /session/00377494c9177dc39dc7c331b478fd1b/element - {"using":"xpath","value":"//*[@id=\"createOrganizationPop--finishBtn\"]"}
RESULT: {}
RESULT: {"using":"xpath","value":"//*[@id=\"createOrganizationPop--finishBtn\"]"}
COMMAND: POST /session/00377494c9177dc39dc7c331b478fd1b/element/f.BC6A9895F84C302F47B04B2C9514348C.d.E2807DB58B13F1B53215389D43EF5B66.e.8965/click - {}
RESULT: {}
COMMAND: GET /session/00377494c9177dc39dc7c331b478fd1b/screenshot - {}
RESULT: {}
COMMAND: POST /session/00377494c9177dc39dc7c331b478fd1b/element - {"using":"css selector","value":"#shell-header-logo"}
RESULT: {"using":"css selector","value":"#shell-header-logo"}
COMMAND: POST /session/00377494c9177dc39dc7c331b478fd1b/element/f.BC6A9895F84C302F47B04B2C9514348C.d.E2807DB58B13F1B53215389D43EF5B66.e.8856/click - {}
RESULT: {}
COMMAND: GET /session/00377494c9177dc39dc7c331b478fd1b/screenshot - {}
RESULT: {}
]]></system-out>
    </testcase>
    <testcase classname="chrome.136_0_7103_49.windows.Warehouse_movements_inventory_test" name="Should Create new material for WHM yard" time="124.021">
      <system-out><![CDATA[
COMMAND: POST /session/00377494c9177dc39dc7c331b478fd1b/execute/async - {"script":"<script> [1562 bytes]","args":[{"selector":{"controlType":"sap.m.GenericTile","properties":{"header":"Manage Resources"}},"wdio_ui5_key":"sapm.GenericTile{\"header\":\"Manage Resources\"}"}]}
RESULT: {"script":"<script> [1562 bytes]","args":[{"selector":{"controlType":"sap.m.GenericTile","properties":{"header":"Manage Resources"}},"wdio_ui5_key":"sapm.GenericTile{\"header\":\"Manage Resources\"}"}]}
RESULT: undefined
COMMAND: POST /session/00377494c9177dc39dc7c331b478fd1b/element - {"using":"xpath","value":"//*[@id=\"__tile39\"]"}
RESULT: {"using":"xpath","value":"//*[@id=\"__tile39\"]"}
COMMAND: POST /session/00377494c9177dc39dc7c331b478fd1b/element/f.BC6A9895F84C302F47B04B2C9514348C.d.E2807DB58B13F1B53215389D43EF5B66.e.8972/click - {}
RESULT: {}
COMMAND: GET /session/00377494c9177dc39dc7c331b478fd1b/screenshot - {}
RESULT: {}
COMMAND: POST /session/00377494c9177dc39dc7c331b478fd1b/elements - {"using":"xpath","value":"//span[text()='Error']"}
RESULT: {"using":"xpath","value":"//span[text()='Error']"}
COMMAND: POST /session/00377494c9177dc39dc7c331b478fd1b/element - {"using":"xpath","value":"//button[@data-kt=\"addNewRUOverflowToolbarButton\"]"}
RESULT: {"using":"xpath","value":"//button[@data-kt=\"addNewRUOverflowToolbarButton\"]"}
COMMAND: POST /session/00377494c9177dc39dc7c331b478fd1b/execute/sync - {"script":"<script> [8489 bytes]","args":[{"element-6066-11e4-a52e-4f735466cecf":"f.BC6A9895F84C302F47B04B2C9514348C.d.E2807DB58B13F1B53215389D43EF5B66.e.9015","ELEMENT":"f.BC6A9895F84C302F47B04B2C9514348C.d.E2807DB58B13F1B53215389D43EF5B66.e.9015"}]}
RESULT: {"script":"<script> [8489 bytes]","args":[{"element-6066-11e4-a52e-4f735466cecf":"f.BC6A9895F84C302F47B04B2C9514348C.d.E2807DB58B13F1B53215389D43EF5B66.e.9015","ELEMENT":"f.BC6A9895F84C302F47B04B2C9514348C.d.E2807DB58B13F1B53215389D43EF5B66.e.9015"}]}
COMMAND: POST /session/00377494c9177dc39dc7c331b478fd1b/element/f.BC6A9895F84C302F47B04B2C9514348C.d.E2807DB58B13F1B53215389D43EF5B66.e.9015/click - {}
COMMAND: GET /session/00377494c9177dc39dc7c331b478fd1b/screenshot - {}
RESULT: {}
COMMAND: POST /session/00377494c9177dc39dc7c331b478fd1b/execute/async - {"script":"<script> [1562 bytes]","args":[{"selector":{"id":"application-manageresources-display-component---newResourceUnit--TYPE-arrow"},"wdio_ui5_key":"applicationmanageresources-display-component---newResourceUnit--TYPE-arrow"}]}
COMMAND: GET /session/00377494c9177dc39dc7c331b478fd1b/screenshot - {}
RESULT: {}
RESULT: {"script":"<script> [1562 bytes]","args":[{"selector":{"id":"application-manageresources-display-component---newResourceUnit--TYPE-arrow"},"wdio_ui5_key":"applicationmanageresources-display-component---newResourceUnit--TYPE-arrow"}]}
RESULT: undefined
COMMAND: POST /session/00377494c9177dc39dc7c331b478fd1b/element - {"using":"xpath","value":"//*[@id=\"application-manageresources-display-component---newResourceUnit--TYPE-arrow\"]"}
RESULT: {}
RESULT: {"using":"xpath","value":"//*[@id=\"application-manageresources-display-component---newResourceUnit--TYPE-arrow\"]"}
COMMAND: POST /session/00377494c9177dc39dc7c331b478fd1b/element/f.BC6A9895F84C302F47B04B2C9514348C.d.E2807DB58B13F1B53215389D43EF5B66.e.9404/click - {}
RESULT: {}
COMMAND: POST /session/00377494c9177dc39dc7c331b478fd1b/execute/async - {"script":"<script> [1562 bytes]","args":[{"selector":{"controlType":"sap.m.StandardListItem","viewName":"reusables.view.manageresources.NewResourceUnit","viewId":"application-manageresources-display-component---newResourceUnit","properties":{"title":"Material"},"searchOpenDialogs":true,"interaction":{"idSuffix":"titleText"}},"wdio_ui5_key":"reusablesview.manageresources.NewResourceUnitsap.m.StandardListItem{\"title\":\"Material\"}"}]}
COMMAND: GET /session/00377494c9177dc39dc7c331b478fd1b/screenshot - {}
RESULT: {"script":"<script> [1562 bytes]","args":[{"selector":{"controlType":"sap.m.StandardListItem","viewName":"reusables.view.manageresources.NewResourceUnit","viewId":"application-manageresources-display-component---newResourceUnit","properties":{"title":"Material"},"searchOpenDialogs":true,"interaction":{"idSuffix":"titleText"}},"wdio_ui5_key":"reusablesview.manageresources.NewResourceUnitsap.m.StandardListItem{\"title\":\"Material\"}"}]}
RESULT: undefined
COMMAND: POST /session/00377494c9177dc39dc7c331b478fd1b/element - {"using":"xpath","value":"//*[@id=\"__item227\"]"}
RESULT: {}
RESULT: {"using":"xpath","value":"//*[@id=\"__item227\"]"}
COMMAND: POST /session/00377494c9177dc39dc7c331b478fd1b/element/f.BC6A9895F84C302F47B04B2C9514348C.d.E2807DB58B13F1B53215389D43EF5B66.e.9407/click - {}
RESULT: {}
COMMAND: POST /session/00377494c9177dc39dc7c331b478fd1b/execute/async - {"script":"<script> [1562 bytes]","args":[{"selector":{"id":"application-manageresources-display-component---newResourceUnit--SHORT_TEXT","interaction":{"idSuffix":"inner"}},"wdio_ui5_key":"applicationmanageresources-display-component---newResourceUnit--SHORT_TEXT"}]}
COMMAND: GET /session/00377494c9177dc39dc7c331b478fd1b/screenshot - {}
RESULT: {"script":"<script> [1562 bytes]","args":[{"selector":{"id":"application-manageresources-display-component---newResourceUnit--SHORT_TEXT","interaction":{"idSuffix":"inner"}},"wdio_ui5_key":"applicationmanageresources-display-component---newResourceUnit--SHORT_TEXT"}]}
RESULT: undefined
COMMAND: POST /session/00377494c9177dc39dc7c331b478fd1b/execute/async - {"script":"<script> [776 bytes]","args":[{"enterText":"WebdriverRUR2Cv7na9","selector":{"id":"application-manageresources-display-component---newResourceUnit--SHORT_TEXT","interaction":{"idSuffix":"inner"}},"clearTextFirst":true,"interactionType":"ENTER_TEXT"}]}
RESULT: {}
RESULT: {"script":"<script> [776 bytes]","args":[{"enterText":"WebdriverRUR2Cv7na9","selector":{"id":"application-manageresources-display-component---newResourceUnit--SHORT_TEXT","interaction":{"idSuffix":"inner"}},"clearTextFirst":true,"interactionType":"ENTER_TEXT"}]}
COMMAND: POST /session/00377494c9177dc39dc7c331b478fd1b/execute/async - {"script":"<script> [1562 bytes]","args":[{"selector":{"id":"application-manageresources-display-component---newResourceUnit--BASE_UNIT_OF_MEASURE-arrow"},"wdio_ui5_key":"applicationmanageresources-display-component---newResourceUnit--BASE_UNIT_OF_MEASURE-arrow"}]}
RESULT: {"script":"<script> [1562 bytes]","args":[{"selector":{"id":"application-manageresources-display-component---newResourceUnit--BASE_UNIT_OF_MEASURE-arrow"},"wdio_ui5_key":"applicationmanageresources-display-component---newResourceUnit--BASE_UNIT_OF_MEASURE-arrow"}]}
RESULT: undefined
COMMAND: POST /session/00377494c9177dc39dc7c331b478fd1b/element - {"using":"xpath","value":"//*[@id=\"application-manageresources-display-component---newResourceUnit--BASE_UNIT_OF_MEASURE-arrow\"]"}
RESULT: {"using":"xpath","value":"//*[@id=\"application-manageresources-display-component---newResourceUnit--BASE_UNIT_OF_MEASURE-arrow\"]"}
COMMAND: POST /session/00377494c9177dc39dc7c331b478fd1b/element/f.BC6A9895F84C302F47B04B2C9514348C.d.E2807DB58B13F1B53215389D43EF5B66.e.9461/click - {}
RESULT: {}
COMMAND: POST /session/00377494c9177dc39dc7c331b478fd1b/execute/async - {"script":"<script> [1562 bytes]","args":[{"selector":{"controlType":"sap.m.StandardListItem","viewName":"reusables.view.manageresources.NewResourceUnit","viewId":"application-manageresources-display-component---newResourceUnit","properties":{"title":"Piece"},"searchOpenDialogs":true,"interaction":{"idSuffix":"titleText"}},"wdio_ui5_key":"reusablesview.manageresources.NewResourceUnitsap.m.StandardListItem{\"title\":\"Piece\"}"}]}
COMMAND: GET /session/00377494c9177dc39dc7c331b478fd1b/screenshot - {}
RESULT: {"script":"<script> [1562 bytes]","args":[{"selector":{"controlType":"sap.m.StandardListItem","viewName":"reusables.view.manageresources.NewResourceUnit","viewId":"application-manageresources-display-component---newResourceUnit","properties":{"title":"Piece"},"searchOpenDialogs":true,"interaction":{"idSuffix":"titleText"}},"wdio_ui5_key":"reusablesview.manageresources.NewResourceUnitsap.m.StandardListItem{\"title\":\"Piece\"}"}]}
RESULT: undefined
COMMAND: POST /session/00377494c9177dc39dc7c331b478fd1b/element - {"using":"xpath","value":"//*[@id=\"__item269\"]"}
RESULT: {}
RESULT: {"using":"xpath","value":"//*[@id=\"__item269\"]"}
COMMAND: POST /session/00377494c9177dc39dc7c331b478fd1b/element/f.BC6A9895F84C302F47B04B2C9514348C.d.E2807DB58B13F1B53215389D43EF5B66.e.9463/click - {}
RESULT: {}
COMMAND: POST /session/00377494c9177dc39dc7c331b478fd1b/element - {"using":"xpath","value":"//input[contains(@id ,\"application-manageresources-display-component---newResourceUnit--SHORT_TEXT-inner\")]"}
COMMAND: GET /session/00377494c9177dc39dc7c331b478fd1b/screenshot - {}
RESULT: {"using":"xpath","value":"//input[contains(@id ,\"application-manageresources-display-component---newResourceUnit--SHORT_TEXT-inner\")]"}
COMMAND: GET /session/00377494c9177dc39dc7c331b478fd1b/element/f.BC6A9895F84C302F47B04B2C9514348C.d.E2807DB58B13F1B53215389D43EF5B66.e.9424/property/value - {}
RESULT: {}
RESULT: {}
COMMAND: POST /session/00377494c9177dc39dc7c331b478fd1b/execute/async - {"script":"<script> [1562 bytes]","args":[{"selector":{"id":"application-manageresources-display-component---newResourceUnit--WEIGHT_UNIT-arrow"},"wdio_ui5_key":"applicationmanageresources-display-component---newResourceUnit--WEIGHT_UNIT-arrow"}]}
COMMAND: GET /session/00377494c9177dc39dc7c331b478fd1b/screenshot - {}
RESULT: {"script":"<script> [1562 bytes]","args":[{"selector":{"id":"application-manageresources-display-component---newResourceUnit--WEIGHT_UNIT-arrow"},"wdio_ui5_key":"applicationmanageresources-display-component---newResourceUnit--WEIGHT_UNIT-arrow"}]}
RESULT: undefined
COMMAND: POST /session/00377494c9177dc39dc7c331b478fd1b/element - {"using":"xpath","value":"//*[@id=\"application-manageresources-display-component---newResourceUnit--WEIGHT_UNIT-arrow\"]"}
RESULT: {}
RESULT: {"using":"xpath","value":"//*[@id=\"application-manageresources-display-component---newResourceUnit--WEIGHT_UNIT-arrow\"]"}
COMMAND: POST /session/00377494c9177dc39dc7c331b478fd1b/element/f.BC6A9895F84C302F47B04B2C9514348C.d.E2807DB58B13F1B53215389D43EF5B66.e.9464/click - {}
RESULT: {}
COMMAND: POST /session/00377494c9177dc39dc7c331b478fd1b/execute/async - {"script":"<script> [1562 bytes]","args":[{"selector":{"controlType":"sap.m.StandardListItem","viewName":"reusables.view.manageresources.NewResourceUnit","viewId":"application-manageresources-display-component---newResourceUnit","properties":{"title":"Gram"},"searchOpenDialogs":true,"interaction":{"idSuffix":"content"}},"wdio_ui5_key":"reusablesview.manageresources.NewResourceUnitsap.m.StandardListItem{\"title\":\"Gram\"}"}]}
COMMAND: GET /session/00377494c9177dc39dc7c331b478fd1b/screenshot - {}
RESULT: {"script":"<script> [1562 bytes]","args":[{"selector":{"controlType":"sap.m.StandardListItem","viewName":"reusables.view.manageresources.NewResourceUnit","viewId":"application-manageresources-display-component---newResourceUnit","properties":{"title":"Gram"},"searchOpenDialogs":true,"interaction":{"idSuffix":"content"}},"wdio_ui5_key":"reusablesview.manageresources.NewResourceUnitsap.m.StandardListItem{\"title\":\"Gram\"}"}]}
RESULT: undefined
COMMAND: POST /session/00377494c9177dc39dc7c331b478fd1b/element - {"using":"xpath","value":"//*[@id=\"__item334\"]"}
RESULT: {}
RESULT: {"using":"xpath","value":"//*[@id=\"__item334\"]"}
COMMAND: POST /session/00377494c9177dc39dc7c331b478fd1b/element/f.BC6A9895F84C302F47B04B2C9514348C.d.E2807DB58B13F1B53215389D43EF5B66.e.9466/click - {}
RESULT: {}
COMMAND: POST /session/00377494c9177dc39dc7c331b478fd1b/execute/async - {"script":"<script> [1562 bytes]","args":[{"selector":{"id":"application-manageresources-display-component---newResourceUnit--newRRUPage-OPHeaderContent-collapseBtn-img"},"wdio_ui5_key":"applicationmanageresources-display-component---newResourceUnit--newRRUPage-OPHeaderContent-collapseBtn-img"}]}
COMMAND: GET /session/00377494c9177dc39dc7c331b478fd1b/screenshot - {}
RESULT: {"script":"<script> [1562 bytes]","args":[{"selector":{"id":"application-manageresources-display-component---newResourceUnit--newRRUPage-OPHeaderContent-collapseBtn-img"},"wdio_ui5_key":"applicationmanageresources-display-component---newResourceUnit--newRRUPage-OPHeaderContent-collapseBtn-img"}]}
RESULT: undefined
COMMAND: POST /session/00377494c9177dc39dc7c331b478fd1b/element - {"using":"xpath","value":"//*[@id=\"application-manageresources-display-component---newResourceUnit--newRRUPage-OPHeaderContent-collapseBtn-img\"]"}
RESULT: {}
RESULT: {"using":"xpath","value":"//*[@id=\"application-manageresources-display-component---newResourceUnit--newRRUPage-OPHeaderContent-collapseBtn-img\"]"}
COMMAND: POST /session/00377494c9177dc39dc7c331b478fd1b/element/f.BC6A9895F84C302F47B04B2C9514348C.d.E2807DB58B13F1B53215389D43EF5B66.e.9414/click - {}
RESULT: {}
COMMAND: GET /session/00377494c9177dc39dc7c331b478fd1b/screenshot - {}
RESULT: {}
COMMAND: POST /session/00377494c9177dc39dc7c331b478fd1b/element - {"using":"xpath","value":"(//span[contains(@id ,\"application-manageresources-display-component---newResourceUnit--DIMENSION_UNIT-arrow\")])[1]"}
RESULT: {"using":"xpath","value":"(//span[contains(@id ,\"application-manageresources-display-component---newResourceUnit--DIMENSION_UNIT-arrow\")])[1]"}
COMMAND: POST /session/00377494c9177dc39dc7c331b478fd1b/element/f.BC6A9895F84C302F47B04B2C9514348C.d.E2807DB58B13F1B53215389D43EF5B66.e.9472/click - {}
RESULT: {}
COMMAND: GET /session/00377494c9177dc39dc7c331b478fd1b/screenshot - {}
RESULT: {}
COMMAND: POST /session/00377494c9177dc39dc7c331b478fd1b/execute/async - {"script":"<script> [1562 bytes]","args":[{"selector":{"controlType":"sap.m.StandardListItem","viewName":"reusables.view.manageresources.NewResourceUnit","viewId":"application-manageresources-display-component---newResourceUnit","properties":{"title":"Centimeter"},"searchOpenDialogs":true,"interaction":{"idSuffix":"titleText"}},"wdio_ui5_key":"reusablesview.manageresources.NewResourceUnitsap.m.StandardListItem{\"title\":\"Centimeter\"}"}]}
RESULT: {"script":"<script> [1562 bytes]","args":[{"selector":{"controlType":"sap.m.StandardListItem","viewName":"reusables.view.manageresources.NewResourceUnit","viewId":"application-manageresources-display-component---newResourceUnit","properties":{"title":"Centimeter"},"searchOpenDialogs":true,"interaction":{"idSuffix":"titleText"}},"wdio_ui5_key":"reusablesview.manageresources.NewResourceUnitsap.m.StandardListItem{\"title\":\"Centimeter\"}"}]}
RESULT: undefined
COMMAND: POST /session/00377494c9177dc39dc7c331b478fd1b/element - {"using":"xpath","value":"//*[@id=\"__item337\"]"}
RESULT: {"using":"xpath","value":"//*[@id=\"__item337\"]"}
COMMAND: POST /session/00377494c9177dc39dc7c331b478fd1b/element/f.BC6A9895F84C302F47B04B2C9514348C.d.E2807DB58B13F1B53215389D43EF5B66.e.9474/click - {}
RESULT: {}
COMMAND: POST /session/00377494c9177dc39dc7c331b478fd1b/execute/async - {"script":"<script> [1562 bytes]","args":[{"selector":{"id":"application-manageresources-display-component---newResourceUnit--newRRUPage-anchBar-application-manageresources-display-component---newResourceUnit--reference-anchor","interaction":{"idSuffix":"BDI-content"}},"wdio_ui5_key":"applicationmanageresources-display-component---newResourceUnit--newRRUPage-anchBar-application-manageresources-display-component---newResourceUnit--reference-anchor"}]}
COMMAND: GET /session/00377494c9177dc39dc7c331b478fd1b/screenshot - {}
RESULT: {"script":"<script> [1562 bytes]","args":[{"selector":{"id":"application-manageresources-display-component---newResourceUnit--newRRUPage-anchBar-application-manageresources-display-component---newResourceUnit--reference-anchor","interaction":{"idSuffix":"BDI-content"}},"wdio_ui5_key":"applicationmanageresources-display-component---newResourceUnit--newRRUPage-anchBar-application-manageresources-display-component---newResourceUnit--reference-anchor"}]}
RESULT: undefined
COMMAND: POST /session/00377494c9177dc39dc7c331b478fd1b/element - {"using":"xpath","value":"//*[@id=\"application-manageresources-display-component---newResourceUnit--newRRUPage-anchBar-application-manageresources-display-component---newResourceUnit--reference-anchor\"]"}
RESULT: {}
RESULT: {"using":"xpath","value":"//*[@id=\"application-manageresources-display-component---newResourceUnit--newRRUPage-anchBar-application-manageresources-display-component---newResourceUnit--reference-anchor\"]"}
COMMAND: POST /session/00377494c9177dc39dc7c331b478fd1b/element/f.BC6A9895F84C302F47B04B2C9514348C.d.E2807DB58B13F1B53215389D43EF5B66.e.9476/click - {}
RESULT: {}
COMMAND: POST /session/00377494c9177dc39dc7c331b478fd1b/execute/async - {"script":"<script> [1562 bytes]","args":[{"selector":{"id":"application-manageresources-display-component---newResourceUnit--PLANNING_GROUP-arrow"},"wdio_ui5_key":"applicationmanageresources-display-component---newResourceUnit--PLANNING_GROUP-arrow"}]}
COMMAND: GET /session/00377494c9177dc39dc7c331b478fd1b/screenshot - {}
RESULT: {"script":"<script> [1562 bytes]","args":[{"selector":{"id":"application-manageresources-display-component---newResourceUnit--PLANNING_GROUP-arrow"},"wdio_ui5_key":"applicationmanageresources-display-component---newResourceUnit--PLANNING_GROUP-arrow"}]}
RESULT: undefined
COMMAND: POST /session/00377494c9177dc39dc7c331b478fd1b/element - {"using":"xpath","value":"//*[@id=\"application-manageresources-display-component---newResourceUnit--PLANNING_GROUP-arrow\"]"}
RESULT: {}
RESULT: {"using":"xpath","value":"//*[@id=\"application-manageresources-display-component---newResourceUnit--PLANNING_GROUP-arrow\"]"}
COMMAND: POST /session/00377494c9177dc39dc7c331b478fd1b/element/f.BC6A9895F84C302F47B04B2C9514348C.d.E2807DB58B13F1B53215389D43EF5B66.e.9480/click - {}
RESULT: {}
COMMAND: POST /session/00377494c9177dc39dc7c331b478fd1b/execute/async - {"script":"<script> [1562 bytes]","args":[{"selector":{"controlType":"sap.m.StandardListItem","viewName":"reusables.view.manageresources.NewResourceUnit","viewId":"application-manageresources-display-component---newResourceUnit","properties":{"title":"Heavy Equi"},"searchOpenDialogs":true,"interaction":{"idSuffix":"content"}},"wdio_ui5_key":"reusablesview.manageresources.NewResourceUnitsap.m.StandardListItem{\"title\":\"Heavy Equi\"}"}]}
COMMAND: GET /session/00377494c9177dc39dc7c331b478fd1b/screenshot - {}
RESULT: {}
RESULT: {"script":"<script> [1562 bytes]","args":[{"selector":{"controlType":"sap.m.StandardListItem","viewName":"reusables.view.manageresources.NewResourceUnit","viewId":"application-manageresources-display-component---newResourceUnit","properties":{"title":"Heavy Equi"},"searchOpenDialogs":true,"interaction":{"idSuffix":"content"}},"wdio_ui5_key":"reusablesview.manageresources.NewResourceUnitsap.m.StandardListItem{\"title\":\"Heavy Equi\"}"}]}
RESULT: undefined
COMMAND: POST /session/00377494c9177dc39dc7c331b478fd1b/element - {"using":"xpath","value":"//*[@id=\"__item345\"]"}
RESULT: {"using":"xpath","value":"//*[@id=\"__item345\"]"}
COMMAND: POST /session/00377494c9177dc39dc7c331b478fd1b/element/f.BC6A9895F84C302F47B04B2C9514348C.d.E2807DB58B13F1B53215389D43EF5B66.e.9482/click - {}
RESULT: {}
COMMAND: GET /session/00377494c9177dc39dc7c331b478fd1b/screenshot - {}
RESULT: {}
COMMAND: POST /session/00377494c9177dc39dc7c331b478fd1b/execute/async - {"script":"<script> [1562 bytes]","args":[{"selector":{"id":"application-manageresources-display-component---newResourceUnit--PLANNING_INDICATOR-arrow"},"wdio_ui5_key":"applicationmanageresources-display-component---newResourceUnit--PLANNING_INDICATOR-arrow"}]}
RESULT: {"script":"<script> [1562 bytes]","args":[{"selector":{"id":"application-manageresources-display-component---newResourceUnit--PLANNING_INDICATOR-arrow"},"wdio_ui5_key":"applicationmanageresources-display-component---newResourceUnit--PLANNING_INDICATOR-arrow"}]}
RESULT: undefined
COMMAND: POST /session/00377494c9177dc39dc7c331b478fd1b/element - {"using":"xpath","value":"//*[@id=\"application-manageresources-display-component---newResourceUnit--PLANNING_INDICATOR-arrow\"]"}
RESULT: {"using":"xpath","value":"//*[@id=\"application-manageresources-display-component---newResourceUnit--PLANNING_INDICATOR-arrow\"]"}
COMMAND: POST /session/00377494c9177dc39dc7c331b478fd1b/element/f.BC6A9895F84C302F47B04B2C9514348C.d.E2807DB58B13F1B53215389D43EF5B66.e.9483/click - {}
RESULT: {}
COMMAND: POST /session/00377494c9177dc39dc7c331b478fd1b/execute/async - {"script":"<script> [1562 bytes]","args":[{"selector":{"controlType":"sap.m.StandardListItem","viewName":"reusables.view.manageresources.NewResourceUnit","viewId":"application-manageresources-display-component---newResourceUnit","properties":{"title":"10 - infinite"},"searchOpenDialogs":true,"interaction":{"idSuffix":"content"}},"wdio_ui5_key":"reusablesview.manageresources.NewResourceUnitsap.m.StandardListItem{\"title\":\"10 - infinite\"}"}]}
COMMAND: GET /session/00377494c9177dc39dc7c331b478fd1b/screenshot - {}
RESULT: {"script":"<script> [1562 bytes]","args":[{"selector":{"controlType":"sap.m.StandardListItem","viewName":"reusables.view.manageresources.NewResourceUnit","viewId":"application-manageresources-display-component---newResourceUnit","properties":{"title":"10 - infinite"},"searchOpenDialogs":true,"interaction":{"idSuffix":"content"}},"wdio_ui5_key":"reusablesview.manageresources.NewResourceUnitsap.m.StandardListItem{\"title\":\"10 - infinite\"}"}]}
RESULT: undefined
COMMAND: POST /session/00377494c9177dc39dc7c331b478fd1b/element - {"using":"xpath","value":"//*[@id=\"__item355\"]"}
RESULT: {}
RESULT: {"using":"xpath","value":"//*[@id=\"__item355\"]"}
COMMAND: POST /session/00377494c9177dc39dc7c331b478fd1b/element/f.BC6A9895F84C302F47B04B2C9514348C.d.E2807DB58B13F1B53215389D43EF5B66.e.9485/click - {}
RESULT: {}
COMMAND: GET /session/00377494c9177dc39dc7c331b478fd1b/screenshot - {}
RESULT: {}
COMMAND: POST /session/00377494c9177dc39dc7c331b478fd1b/element - {"using":"xpath","value":"//bdi[contains(text(), \"Time Segment\")]"}
RESULT: {"using":"xpath","value":"//bdi[contains(text(), \"Time Segment\")]"}
COMMAND: GET /session/00377494c9177dc39dc7c331b478fd1b/element/f.BC6A9895F84C302F47B04B2C9514348C.d.E2807DB58B13F1B53215389D43EF5B66.e.9486/rect - {}
RESULT: {}
COMMAND: GET /session/00377494c9177dc39dc7c331b478fd1b/window/rect - {}
RESULT: {}
COMMAND: POST /session/00377494c9177dc39dc7c331b478fd1b/execute/sync - {"script":"<script> [92 bytes]","args":[]}
RESULT: {"script":"<script> [92 bytes]","args":[]}
COMMAND: POST /session/00377494c9177dc39dc7c331b478fd1b/actions - {"actions":[{"id":"action30","type":"wheel","parameters":{},"actions":[{"type":"scroll","x":-1820,"y":-21,"deltaX":0,"deltaY":0,"duration":0,"origin":{"element-6066-11e4-a52e-4f735466cecf":"f.BC6A9895F84C302F47B04B2C9514348C.d.E2807DB58B13F1B53215389D43EF5B66.e.9486"}}]}]}
COMMAND: GET /session/00377494c9177dc39dc7c331b478fd1b/screenshot - {}
RESULT: {}
COMMAND: POST /session/00377494c9177dc39dc7c331b478fd1b/execute/sync - {"script":"<script> [79 bytes]","args":[{"element-6066-11e4-a52e-4f735466cecf":"f.BC6A9895F84C302F47B04B2C9514348C.d.E2807DB58B13F1B53215389D43EF5B66.e.9486","ELEMENT":"f.BC6A9895F84C302F47B04B2C9514348C.d.E2807DB58B13F1B53215389D43EF5B66.e.9486"},{"block":"start","inline":"nearest"}]}
RESULT: {"script":"<script> [79 bytes]","args":[{"element-6066-11e4-a52e-4f735466cecf":"f.BC6A9895F84C302F47B04B2C9514348C.d.E2807DB58B13F1B53215389D43EF5B66.e.9486","ELEMENT":"f.BC6A9895F84C302F47B04B2C9514348C.d.E2807DB58B13F1B53215389D43EF5B66.e.9486"},{"block":"start","inline":"nearest"}]}
COMMAND: GET /session/00377494c9177dc39dc7c331b478fd1b/screenshot - {}
RESULT: {}
COMMAND: POST /session/00377494c9177dc39dc7c331b478fd1b/element - {"using":"xpath","value":"//span[@id=\"application-manageresources-display-component---newResourceUnit--btnAddTimeSegment-img\"]"}
RESULT: {"using":"xpath","value":"//span[@id=\"application-manageresources-display-component---newResourceUnit--btnAddTimeSegment-img\"]"}
COMMAND: POST /session/00377494c9177dc39dc7c331b478fd1b/execute/sync - {"script":"<script> [8489 bytes]","args":[{"element-6066-11e4-a52e-4f735466cecf":"f.BC6A9895F84C302F47B04B2C9514348C.d.E2807DB58B13F1B53215389D43EF5B66.e.9489","ELEMENT":"f.BC6A9895F84C302F47B04B2C9514348C.d.E2807DB58B13F1B53215389D43EF5B66.e.9489"}]}
RESULT: {"script":"<script> [8489 bytes]","args":[{"element-6066-11e4-a52e-4f735466cecf":"f.BC6A9895F84C302F47B04B2C9514348C.d.E2807DB58B13F1B53215389D43EF5B66.e.9489","ELEMENT":"f.BC6A9895F84C302F47B04B2C9514348C.d.E2807DB58B13F1B53215389D43EF5B66.e.9489"}]}
COMMAND: POST /session/00377494c9177dc39dc7c331b478fd1b/element/f.BC6A9895F84C302F47B04B2C9514348C.d.E2807DB58B13F1B53215389D43EF5B66.e.9489/click - {}
COMMAND: GET /session/00377494c9177dc39dc7c331b478fd1b/screenshot - {}
RESULT: {}
COMMAND: GET /session/00377494c9177dc39dc7c331b478fd1b/screenshot - {}
COMMAND: POST /session/00377494c9177dc39dc7c331b478fd1b/element - {"using":"xpath","value":"//input[@id=\"application-manageresources-display-component---newResourceUnit--idRuTSAdmin-application-manageresources-display-component---newResourceUnit--RUTimeSegment-0-inner\"]"}
RESULT: {}
RESULT: {}
RESULT: {"using":"xpath","value":"//input[@id=\"application-manageresources-display-component---newResourceUnit--idRuTSAdmin-application-manageresources-display-component---newResourceUnit--RUTimeSegment-0-inner\"]"}
COMMAND: POST /session/00377494c9177dc39dc7c331b478fd1b/element/f.BC6A9895F84C302F47B04B2C9514348C.d.E2807DB58B13F1B53215389D43EF5B66.e.9492/clear - {}
RESULT: {}
COMMAND: POST /session/00377494c9177dc39dc7c331b478fd1b/element/f.BC6A9895F84C302F47B04B2C9514348C.d.E2807DB58B13F1B53215389D43EF5B66.e.9492/value - {"text":"WebdriverWHMYard5soh7"}
COMMAND: GET /session/00377494c9177dc39dc7c331b478fd1b/screenshot - {}
RESULT: {"text":"WebdriverWHMYard5soh7"}
COMMAND: GET /session/00377494c9177dc39dc7c331b478fd1b/screenshot - {}
RESULT: {}
RESULT: {}
COMMAND: POST /session/00377494c9177dc39dc7c331b478fd1b/actions - {"actions":[{"id":"action31","type":"key","parameters":{},"actions":[{"type":"keyDown","value":"î€‡"},{"type":"pause","duration":10},{"type":"keyUp","value":"î€‡"}]}]}
RESULT: {"actions":[{"id":"action31","type":"key","parameters":{},"actions":[{"type":"keyDown","value":"î€‡"},{"type":"pause","duration":10},{"type":"keyUp","value":"î€‡"}]}]}
COMMAND: GET /session/00377494c9177dc39dc7c331b478fd1b/screenshot - {}
RESULT: {}
COMMAND: POST /session/00377494c9177dc39dc7c331b478fd1b/execute/async - {"script":"<script> [1562 bytes]","args":[{"selector":{"controlType":"sap.m.Button","viewName":"reusables.view.manageresources.NewResourceUnit","viewId":"application-manageresources-display-component---newResourceUnit","i18NText":{"propertyName":"tooltip","key":"save"},"interaction":{"idSuffix":"BDI-content"}},"wdio_ui5_key":"reusablesview.manageresources.NewResourceUnitsap.m.Button{\"propertyName\":\"tooltip\",\"key\":\"save\"}"}]}
RESULT: {"script":"<script> [1562 bytes]","args":[{"selector":{"controlType":"sap.m.Button","viewName":"reusables.view.manageresources.NewResourceUnit","viewId":"application-manageresources-display-component---newResourceUnit","i18NText":{"propertyName":"tooltip","key":"save"},"interaction":{"idSuffix":"BDI-content"}},"wdio_ui5_key":"reusablesview.manageresources.NewResourceUnitsap.m.Button{\"propertyName\":\"tooltip\",\"key\":\"save\"}"}]}
RESULT: undefined
COMMAND: POST /session/00377494c9177dc39dc7c331b478fd1b/element - {"using":"xpath","value":"//*[@id=\"application-manageresources-display-component---newResourceUnit--createRuButton\"]"}
RESULT: {"using":"xpath","value":"//*[@id=\"application-manageresources-display-component---newResourceUnit--createRuButton\"]"}
COMMAND: POST /session/00377494c9177dc39dc7c331b478fd1b/element/f.BC6A9895F84C302F47B04B2C9514348C.d.E2807DB58B13F1B53215389D43EF5B66.e.9420/click - {}
RESULT: {}
COMMAND: GET /session/00377494c9177dc39dc7c331b478fd1b/screenshot - {}
RESULT: {}
COMMAND: POST /session/00377494c9177dc39dc7c331b478fd1b/execute/async - {"script":"<script> [1562 bytes]","args":[{"selector":{"controlType":"sap.m.Title","properties":{"text":"Success"},"searchOpenDialogs":true},"wdio_ui5_key":"sapm.Title{\"text\":\"Success\"}"}]}
RESULT: {"script":"<script> [1562 bytes]","args":[{"selector":{"controlType":"sap.m.Title","properties":{"text":"Success"},"searchOpenDialogs":true},"wdio_ui5_key":"sapm.Title{\"text\":\"Success\"}"}]}
RESULT: undefined
COMMAND: POST /session/00377494c9177dc39dc7c331b478fd1b/execute/async - {"script":"<script> [6424 bytes]","args":[{"element-6066-11e4-a52e-4f735466cecf":"f.BC6A9895F84C302F47B04B2C9514348C.d.E2807DB58B13F1B53215389D43EF5B66.e.9508"},"getText",[]]}
RESULT: {"script":"<script> [6424 bytes]","args":[{"element-6066-11e4-a52e-4f735466cecf":"f.BC6A9895F84C302F47B04B2C9514348C.d.E2807DB58B13F1B53215389D43EF5B66.e.9508"},"getText",[]]}
COMMAND: POST /session/00377494c9177dc39dc7c331b478fd1b/element - {"using":"xpath","value":"//*[contains(@id, '__text') and (contains(text(), 'successfully created') or contains(., 'successfully created'))]"}
RESULT: {"using":"xpath","value":"//*[contains(@id, '__text') and (contains(text(), 'successfully created') or contains(., 'successfully created'))]"}
COMMAND: GET /session/00377494c9177dc39dc7c331b478fd1b/element/f.BC6A9895F84C302F47B04B2C9514348C.d.E2807DB58B13F1B53215389D43EF5B66.e.9507/text - {}
RESULT: {}
COMMAND: POST /session/00377494c9177dc39dc7c331b478fd1b/execute/async - {"script":"<script> [1562 bytes]","args":[{"selector":{"controlType":"sap.m.Button","properties":{"text":"Close"},"searchOpenDialogs":true,"interaction":{"idSuffix":"BDI-content"}},"wdio_ui5_key":"sapm.Button{\"text\":\"Close\"}"}]}
RESULT: {"script":"<script> [1562 bytes]","args":[{"selector":{"controlType":"sap.m.Button","properties":{"text":"Close"},"searchOpenDialogs":true,"interaction":{"idSuffix":"BDI-content"}},"wdio_ui5_key":"sapm.Button{\"text\":\"Close\"}"}]}
RESULT: undefined
COMMAND: POST /session/00377494c9177dc39dc7c331b478fd1b/element - {"using":"xpath","value":"//*[@id=\"__mbox-btn-0\"]"}
RESULT: {"using":"xpath","value":"//*[@id=\"__mbox-btn-0\"]"}
COMMAND: POST /session/00377494c9177dc39dc7c331b478fd1b/element/f.BC6A9895F84C302F47B04B2C9514348C.d.E2807DB58B13F1B53215389D43EF5B66.e.9504/click - {}
RESULT: {}
COMMAND: GET /session/00377494c9177dc39dc7c331b478fd1b/screenshot - {}
RESULT: {}
COMMAND: POST /session/00377494c9177dc39dc7c331b478fd1b/execute/async - {"script":"<script> [1562 bytes]","args":[{"selector":{"controlType":"sap.ui.core.Icon","viewName":"etm.portal.ui.manageresources.view.Detail","viewId":"application-manageresources-display-component---detailRU","properties":{"src":{"regex":{"source":"overflow"}}}},"wdio_ui5_key":"etmportal.ui.manageresources.view.Detailsap.ui.core.Icon{\"src\":{\"regex\":{\"source\":\"overflow\"}}}"}]}
RESULT: {"script":"<script> [1562 bytes]","args":[{"selector":{"controlType":"sap.ui.core.Icon","viewName":"etm.portal.ui.manageresources.view.Detail","viewId":"application-manageresources-display-component---detailRU","properties":{"src":{"regex":{"source":"overflow"}}}},"wdio_ui5_key":"etmportal.ui.manageresources.view.Detailsap.ui.core.Icon{\"src\":{\"regex\":{\"source\":\"overflow\"}}}"}]}
RESULT: undefined
COMMAND: POST /session/00377494c9177dc39dc7c331b478fd1b/element - {"using":"xpath","value":"//*[@id=\"__title17-_actionsToolbar-overflowButton-img\"]"}
RESULT: {"using":"xpath","value":"//*[@id=\"__title17-_actionsToolbar-overflowButton-img\"]"}
COMMAND: POST /session/00377494c9177dc39dc7c331b478fd1b/element/f.BC6A9895F84C302F47B04B2C9514348C.d.E2807DB58B13F1B53215389D43EF5B66.e.9542/click - {}
RESULT: {}
COMMAND: POST /session/00377494c9177dc39dc7c331b478fd1b/execute/async - {"script":"<script> [1562 bytes]","args":[{"selector":{"controlType":"sap.m.Button","viewName":"etm.portal.ui.manageresources.view.Detail","viewId":"application-manageresources-display-component---detailRU","i18NText":{"propertyName":"tooltip","key":"closeColumn"},"searchOpenDialogs":true,"interaction":{"idSuffix":"inner"}},"wdio_ui5_key":"etmportal.ui.manageresources.view.Detailsap.m.Button{\"propertyName\":\"tooltip\",\"key\":\"closeColumn\"}"}]}
COMMAND: GET /session/00377494c9177dc39dc7c331b478fd1b/screenshot - {}
RESULT: {"script":"<script> [1562 bytes]","args":[{"selector":{"controlType":"sap.m.Button","viewName":"etm.portal.ui.manageresources.view.Detail","viewId":"application-manageresources-display-component---detailRU","i18NText":{"propertyName":"tooltip","key":"closeColumn"},"searchOpenDialogs":true,"interaction":{"idSuffix":"inner"}},"wdio_ui5_key":"etmportal.ui.manageresources.view.Detailsap.m.Button{\"propertyName\":\"tooltip\",\"key\":\"closeColumn\"}"}]}
RESULT: undefined
COMMAND: POST /session/00377494c9177dc39dc7c331b478fd1b/element - {"using":"xpath","value":"//*[@id=\"__button45\"]"}
RESULT: {}
RESULT: {"using":"xpath","value":"//*[@id=\"__button45\"]"}
COMMAND: POST /session/00377494c9177dc39dc7c331b478fd1b/element/f.BC6A9895F84C302F47B04B2C9514348C.d.E2807DB58B13F1B53215389D43EF5B66.e.9544/click - {}
RESULT: {}
COMMAND: GET /session/00377494c9177dc39dc7c331b478fd1b/screenshot - {}
RESULT: {}
COMMAND: POST /session/00377494c9177dc39dc7c331b478fd1b/refresh - {}
RESULT: {}
COMMAND: GET /session/00377494c9177dc39dc7c331b478fd1b/screenshot - {}
RESULT: {}
COMMAND: POST /session/00377494c9177dc39dc7c331b478fd1b/execute/async - {"script":"<script> [189 bytes]","args":[]}
RESULT: {"script":"<script> [189 bytes]","args":[]}
COMMAND: POST /session/00377494c9177dc39dc7c331b478fd1b/execute/async - {"script":"<script> [123 bytes]","args":[]}
RESULT: {"script":"<script> [123 bytes]","args":[]}
COMMAND: POST /session/00377494c9177dc39dc7c331b478fd1b/timeouts - {"script":"<number>"}
RESULT: {"script":"<number>"}
COMMAND: GET /session/00377494c9177dc39dc7c331b478fd1b/timeouts - {}
RESULT: {}
RESULT: undefined
COMMAND: POST /session/00377494c9177dc39dc7c331b478fd1b/execute/async - {"script":"<script> [2676 bytes]","args":[]}
RESULT: {"script":"<script> [2676 bytes]","args":[]}
COMMAND: POST /session/00377494c9177dc39dc7c331b478fd1b/execute/async - {"script":"<script> [2342 bytes]","args":[{"protocol":"http","hostname":"0.0.0.0","path":"/","capabilities":{"browserName":"chrome","goog:chromeOptions":{"binary":"C:\\Program Files\\Google\\Chrome\\Application\\chrome.exe","args":["--start-maximized"]}},"logLevel":"warn","connectionRetryTimeout":120000,"connectionRetryCount":3,"logLevels":{},"enableDirectConnect":true,"strictSSL":true,"_":"65 more keys: [\"cacheDir\",\"port\",\"requestedCapabilities\",\"automationProtocol\",\"baseUrl\",\"waitforInterval\",\"waitforTimeout\",\"onReload\",\"beforeCommand\",\"afterCommand\",\"rootDir\",\"specs\",\"suites\",\"exclude\",\"groupLogsByTestSpec\",\"excludeDriverLogs\",\"bail\",\"framework\",\"reporters\",\"services\",\"maxInstances\",\"maxInstancesPerCapability\",\"injectGlobals\",\"filesToWatch\",\"execArgv\",\"runnerEnv\",\"runner\",\"shard\",\"specFileRetries\",\"specFileRetriesDelay\",\"specFileRetriesDeferred\",\"reporterSyncInterval\",\"reporterSyncTimeout\",\"cucumberFeaturesWithLineNumbers\",\"autoCompileOpts\",\"mochaOpts\",\"jasmineOpts\",\"cucumberOpts\",\"onPrepare\",\"onWorkerStart\",\"onWorkerEnd\",\"before\",\"beforeSession\",\"beforeSuite\",\"beforeHook\",\"beforeTest\",\"afterTest\",\"afterHook\",\"afterSuite\",\"afterSession\",\"after\",\"onComplete\",\"beforeAssertion\",\"afterAssertion\",\"beforeFeature\",\"beforeScenario\",\"beforeStep\",\"afterStep\",\"afterScenario\",\"afterFeature\",\"_\",\"suite\",\"$0\",\"ignoredWorkerServices\",\"wdi5\"]"}]}
RESULT: {"script":"<script> [2342 bytes]","args":[{"protocol":"http","hostname":"0.0.0.0","path":"/","capabilities":{"browserName":"chrome","goog:chromeOptions":{"binary":"C:\\Program Files\\Google\\Chrome\\Application\\chrome.exe","args":["--start-maximized"]}},"logLevel":"warn","connectionRetryTimeout":120000,"connectionRetryCount":3,"logLevels":{},"enableDirectConnect":true,"strictSSL":true,"_":"65 more keys: [\"cacheDir\",\"port\",\"requestedCapabilities\",\"automationProtocol\",\"baseUrl\",\"waitforInterval\",\"waitforTimeout\",\"onReload\",\"beforeCommand\",\"afterCommand\",\"rootDir\",\"specs\",\"suites\",\"exclude\",\"groupLogsByTestSpec\",\"excludeDriverLogs\",\"bail\",\"framework\",\"reporters\",\"services\",\"maxInstances\",\"maxInstancesPerCapability\",\"injectGlobals\",\"filesToWatch\",\"execArgv\",\"runnerEnv\",\"runner\",\"shard\",\"specFileRetries\",\"specFileRetriesDelay\",\"specFileRetriesDeferred\",\"reporterSyncInterval\",\"reporterSyncTimeout\",\"cucumberFeaturesWithLineNumbers\",\"autoCompileOpts\",\"mochaOpts\",\"jasmineOpts\",\"cucumberOpts\",\"onPrepare\",\"onWorkerStart\",\"onWorkerEnd\",\"before\",\"beforeSession\",\"beforeSuite\",\"beforeHook\",\"beforeTest\",\"afterTest\",\"afterHook\",\"afterSuite\",\"afterSession\",\"after\",\"onComplete\",\"beforeAssertion\",\"afterAssertion\",\"beforeFeature\",\"beforeScenario\",\"beforeStep\",\"afterStep\",\"afterScenario\",\"afterFeature\",\"_\",\"suite\",\"$0\",\"ignoredWorkerServices\",\"wdi5\"]"}]}
COMMAND: POST /session/00377494c9177dc39dc7c331b478fd1b/execute/async - {"script":"<script> [21126 bytes]","args":[35000]}
RESULT: {"script":"<script> [21126 bytes]","args":[35000]}
COMMAND: POST /session/00377494c9177dc39dc7c331b478fd1b/element - {"using":"css selector","value":"#shell-header-logo"}
RESULT: {"using":"css selector","value":"#shell-header-logo"}
COMMAND: POST /session/00377494c9177dc39dc7c331b478fd1b/element/f.BC6A9895F84C302F47B04B2C9514348C.d.67EEE6C1FD1C526D7F26980567AFA1CC.e.9698/click - {}
RESULT: {}
COMMAND: GET /session/00377494c9177dc39dc7c331b478fd1b/screenshot - {}
RESULT: {}
COMMAND: POST /session/00377494c9177dc39dc7c331b478fd1b/element - {"using":"css selector","value":"#shell-header-logo"}
RESULT: {"using":"css selector","value":"#shell-header-logo"}
COMMAND: POST /session/00377494c9177dc39dc7c331b478fd1b/element/f.BC6A9895F84C302F47B04B2C9514348C.d.67EEE6C1FD1C526D7F26980567AFA1CC.e.9877/click - {}
RESULT: {}
COMMAND: GET /session/00377494c9177dc39dc7c331b478fd1b/screenshot - {}
RESULT: {}
]]></system-out>
    </testcase>
  </testsuite>
</testsuites>