<?xml version="1.0" encoding="UTF-8"?>
<testsuites tests="80" failures="1" errors="1" skipped="0">
  <testsuite timestamp="2025-05-18T16:17:38" time="704.343" tests="8" failures="0" errors="0" skipped="0">
    <properties>
      <property name="specId" value="0" />
      <property name="suiteName" value="Stock increase - with WHM US125587" />
      <property name="capabilities" value="chrome.136_0_7103_93.windows" />
      <property name="file" value="file:///D:/a/1/s/test/specs/HTR/stock-increase.spec.js" />
    </properties>
    <testcase classname="chrome.136_0_7103_93.windows.Stock_increase_-_with_WHM_US125587" name="Should create a new WHM yard" time="117.186">
      <system-out><![CDATA[
COMMAND: POST /session/0fb4450c6422fe69939d6824736e2f6f/window/fullscreen - {}
RESULT: {}
COMMAND: POST /session/0fb4450c6422fe69939d6824736e2f6f/execute/async - {"script":"<script> [1562 bytes]","args":[{"selector":{"controlType":"sap.m.GenericTile","properties":{"header":"Manage Yards"}},"wdio_ui5_key":"sapm.GenericTile{\"header\":\"Manage Yards\"}"}]}
RESULT: {"script":"<script> [1562 bytes]","args":[{"selector":{"controlType":"sap.m.GenericTile","properties":{"header":"Manage Yards"}},"wdio_ui5_key":"sapm.GenericTile{\"header\":\"Manage Yards\"}"}]}
RESULT: undefined
COMMAND: POST /session/0fb4450c6422fe69939d6824736e2f6f/element - {"using":"xpath","value":"//*[@id=\"__tile41\"]"}
RESULT: {"using":"xpath","value":"//*[@id=\"__tile41\"]"}
COMMAND: POST /session/0fb4450c6422fe69939d6824736e2f6f/element/f.852D346EF878C3E5FC3136AC53424AFF.d.C9DEAD2D3946AE1262409D8F1F251DF9.e.126/click - {}
RESULT: {}
COMMAND: GET /session/0fb4450c6422fe69939d6824736e2f6f/screenshot - {}
RESULT: {}
COMMAND: POST /session/0fb4450c6422fe69939d6824736e2f6f/elements - {"using":"xpath","value":"//span[text()='Error']"}
RESULT: {"using":"xpath","value":"//span[text()='Error']"}
COMMAND: POST /session/0fb4450c6422fe69939d6824736e2f6f/element - {"using":"xpath","value":"//button[@data-kt=\"addNewYardOverflowToolbarButton\"]"}
RESULT: {"using":"xpath","value":"//button[@data-kt=\"addNewYardOverflowToolbarButton\"]"}
COMMAND: POST /session/0fb4450c6422fe69939d6824736e2f6f/elements - {"using":"xpath","value":"//button[@data-kt=\"addNewYardOverflowToolbarButton\"]"}
RESULT: {"using":"xpath","value":"//button[@data-kt=\"addNewYardOverflowToolbarButton\"]"}
COMMAND: POST /session/0fb4450c6422fe69939d6824736e2f6f/execute/sync - {"script":"<script> [8489 bytes]","args":[{"element-6066-11e4-a52e-4f735466cecf":"f.852D346EF878C3E5FC3136AC53424AFF.d.C9DEAD2D3946AE1262409D8F1F251DF9.e.262","ELEMENT":"f.852D346EF878C3E5FC3136AC53424AFF.d.C9DEAD2D3946AE1262409D8F1F251DF9.e.262"}]}
RESULT: {"script":"<script> [8489 bytes]","args":[{"element-6066-11e4-a52e-4f735466cecf":"f.852D346EF878C3E5FC3136AC53424AFF.d.C9DEAD2D3946AE1262409D8F1F251DF9.e.262","ELEMENT":"f.852D346EF878C3E5FC3136AC53424AFF.d.C9DEAD2D3946AE1262409D8F1F251DF9.e.262"}]}
COMMAND: GET /session/0fb4450c6422fe69939d6824736e2f6f/element/f.852D346EF878C3E5FC3136AC53424AFF.d.C9DEAD2D3946AE1262409D8F1F251DF9.e.262/enabled - {}
COMMAND: GET /session/0fb4450c6422fe69939d6824736e2f6f/screenshot - {}
RESULT: {}
COMMAND: POST /session/0fb4450c6422fe69939d6824736e2f6f/execute/sync - {"script":"<script> [8489 bytes]","args":[{"element-6066-11e4-a52e-4f735466cecf":"f.852D346EF878C3E5FC3136AC53424AFF.d.C9DEAD2D3946AE1262409D8F1F251DF9.e.262","ELEMENT":"f.852D346EF878C3E5FC3136AC53424AFF.d.C9DEAD2D3946AE1262409D8F1F251DF9.e.262"}]}
COMMAND: GET /session/0fb4450c6422fe69939d6824736e2f6f/screenshot - {}
RESULT: {}
RESULT: {"script":"<script> [8489 bytes]","args":[{"element-6066-11e4-a52e-4f735466cecf":"f.852D346EF878C3E5FC3136AC53424AFF.d.C9DEAD2D3946AE1262409D8F1F251DF9.e.262","ELEMENT":"f.852D346EF878C3E5FC3136AC53424AFF.d.C9DEAD2D3946AE1262409D8F1F251DF9.e.262"}]}
COMMAND: POST /session/0fb4450c6422fe69939d6824736e2f6f/execute/sync - {"script":"<script> [5351 bytes]","args":[{"element-6066-11e4-a52e-4f735466cecf":"f.852D346EF878C3E5FC3136AC53424AFF.d.C9DEAD2D3946AE1262409D8F1F251DF9.e.262","ELEMENT":"f.852D346EF878C3E5FC3136AC53424AFF.d.C9DEAD2D3946AE1262409D8F1F251DF9.e.262"}]}
COMMAND: GET /session/0fb4450c6422fe69939d6824736e2f6f/screenshot - {}
RESULT: {}
RESULT: {"script":"<script> [5351 bytes]","args":[{"element-6066-11e4-a52e-4f735466cecf":"f.852D346EF878C3E5FC3136AC53424AFF.d.C9DEAD2D3946AE1262409D8F1F251DF9.e.262","ELEMENT":"f.852D346EF878C3E5FC3136AC53424AFF.d.C9DEAD2D3946AE1262409D8F1F251DF9.e.262"}]}
COMMAND: POST /session/0fb4450c6422fe69939d6824736e2f6f/element/f.852D346EF878C3E5FC3136AC53424AFF.d.C9DEAD2D3946AE1262409D8F1F251DF9.e.262/click - {}
COMMAND: GET /session/0fb4450c6422fe69939d6824736e2f6f/screenshot - {}
RESULT: {}
RESULT: {}
COMMAND: GET /session/0fb4450c6422fe69939d6824736e2f6f/screenshot - {}
RESULT: {}
RESULT: {}
COMMAND: POST /session/0fb4450c6422fe69939d6824736e2f6f/element - {"using":"xpath","value":"//input[@id=\"application-manageyards-display-component---NewYard--yardId-inner\"]"}
RESULT: {"using":"xpath","value":"//input[@id=\"application-manageyards-display-component---NewYard--yardId-inner\"]"}
COMMAND: POST /session/0fb4450c6422fe69939d6824736e2f6f/element - {"using":"xpath","value":"//input[@id=\"application-manageyards-display-component---NewYard--yardId-inner\"]"}
RESULT: {"using":"xpath","value":"//input[@id=\"application-manageyards-display-component---NewYard--yardId-inner\"]"}
COMMAND: POST /session/0fb4450c6422fe69939d6824736e2f6f/execute/async - {"script":"<script> [1562 bytes]","args":[{"selector":{"id":"application-manageyards-display-component---NewYard--addressDetailDetailsName1","interaction":{"idSuffix":"inner"}},"wdio_ui5_key":"applicationmanageyards-display-component---NewYard--addressDetailDetailsName1"}]}
RESULT: {"script":"<script> [1562 bytes]","args":[{"selector":{"id":"application-manageyards-display-component---NewYard--addressDetailDetailsName1","interaction":{"idSuffix":"inner"}},"wdio_ui5_key":"applicationmanageyards-display-component---NewYard--addressDetailDetailsName1"}]}
RESULT: undefined
COMMAND: POST /session/0fb4450c6422fe69939d6824736e2f6f/execute/async - {"script":"<script> [776 bytes]","args":[{"enterText":"Warehouse Managed WDIO","selector":{"id":"application-manageyards-display-component---NewYard--addressDetailDetailsName1","interaction":{"idSuffix":"inner"}},"clearTextFirst":true,"interactionType":"ENTER_TEXT"}]}
RESULT: {"script":"<script> [776 bytes]","args":[{"enterText":"Warehouse Managed WDIO","selector":{"id":"application-manageyards-display-component---NewYard--addressDetailDetailsName1","interaction":{"idSuffix":"inner"}},"clearTextFirst":true,"interactionType":"ENTER_TEXT"}]}
COMMAND: POST /session/0fb4450c6422fe69939d6824736e2f6f/execute/async - {"script":"<script> [1562 bytes]","args":[{"selector":{"id":"application-manageyards-display-component---NewYard--addressDetailDetailsLanguage-arrow"},"wdio_ui5_key":"applicationmanageyards-display-component---NewYard--addressDetailDetailsLanguage-arrow"}]}
RESULT: {"script":"<script> [1562 bytes]","args":[{"selector":{"id":"application-manageyards-display-component---NewYard--addressDetailDetailsLanguage-arrow"},"wdio_ui5_key":"applicationmanageyards-display-component---NewYard--addressDetailDetailsLanguage-arrow"}]}
RESULT: undefined
COMMAND: POST /session/0fb4450c6422fe69939d6824736e2f6f/element - {"using":"xpath","value":"//*[@id=\"application-manageyards-display-component---NewYard--addressDetailDetailsLanguage-arrow\"]"}
RESULT: {"using":"xpath","value":"//*[@id=\"application-manageyards-display-component---NewYard--addressDetailDetailsLanguage-arrow\"]"}
COMMAND: POST /session/0fb4450c6422fe69939d6824736e2f6f/element/f.852D346EF878C3E5FC3136AC53424AFF.d.C9DEAD2D3946AE1262409D8F1F251DF9.e.706/click - {}
RESULT: {}
COMMAND: POST /session/0fb4450c6422fe69939d6824736e2f6f/element - {"using":"xpath","value":"//span[contains(text(), \"English\")]"}
COMMAND: GET /session/0fb4450c6422fe69939d6824736e2f6f/screenshot - {}
RESULT: {"using":"xpath","value":"//span[contains(text(), \"English\")]"}
COMMAND: POST /session/0fb4450c6422fe69939d6824736e2f6f/element/f.852D346EF878C3E5FC3136AC53424AFF.d.C9DEAD2D3946AE1262409D8F1F251DF9.e.707/click - {}
RESULT: {}
RESULT: {}
COMMAND: POST /session/0fb4450c6422fe69939d6824736e2f6f/execute/async - {"script":"<script> [1562 bytes]","args":[{"selector":{"id":"application-manageyards-display-component---NewYard--addressDetailDetailsCity1","interaction":{"idSuffix":"inner"}},"wdio_ui5_key":"applicationmanageyards-display-component---NewYard--addressDetailDetailsCity1"}]}
COMMAND: GET /session/0fb4450c6422fe69939d6824736e2f6f/screenshot - {}
RESULT: {"script":"<script> [1562 bytes]","args":[{"selector":{"id":"application-manageyards-display-component---NewYard--addressDetailDetailsCity1","interaction":{"idSuffix":"inner"}},"wdio_ui5_key":"applicationmanageyards-display-component---NewYard--addressDetailDetailsCity1"}]}
RESULT: undefined
COMMAND: POST /session/0fb4450c6422fe69939d6824736e2f6f/execute/async - {"script":"<script> [776 bytes]","args":[{"enterText":"Rosario","selector":{"id":"application-manageyards-display-component---NewYard--addressDetailDetailsCity1","interaction":{"idSuffix":"inner"}},"clearTextFirst":true,"interactionType":"ENTER_TEXT"}]}
RESULT: {}
RESULT: {"script":"<script> [776 bytes]","args":[{"enterText":"Rosario","selector":{"id":"application-manageyards-display-component---NewYard--addressDetailDetailsCity1","interaction":{"idSuffix":"inner"}},"clearTextFirst":true,"interactionType":"ENTER_TEXT"}]}
COMMAND: POST /session/0fb4450c6422fe69939d6824736e2f6f/execute/async - {"script":"<script> [1562 bytes]","args":[{"selector":{"id":"application-manageyards-display-component---NewYard--addressDetailDetailsCountry-arrow"},"wdio_ui5_key":"applicationmanageyards-display-component---NewYard--addressDetailDetailsCountry-arrow"}]}
RESULT: {"script":"<script> [1562 bytes]","args":[{"selector":{"id":"application-manageyards-display-component---NewYard--addressDetailDetailsCountry-arrow"},"wdio_ui5_key":"applicationmanageyards-display-component---NewYard--addressDetailDetailsCountry-arrow"}]}
RESULT: undefined
COMMAND: POST /session/0fb4450c6422fe69939d6824736e2f6f/element - {"using":"xpath","value":"//*[@id=\"application-manageyards-display-component---NewYard--addressDetailDetailsCountry-arrow\"]"}
RESULT: {"using":"xpath","value":"//*[@id=\"application-manageyards-display-component---NewYard--addressDetailDetailsCountry-arrow\"]"}
COMMAND: POST /session/0fb4450c6422fe69939d6824736e2f6f/element/f.852D346EF878C3E5FC3136AC53424AFF.d.C9DEAD2D3946AE1262409D8F1F251DF9.e.709/click - {}
RESULT: {}
COMMAND: POST /session/0fb4450c6422fe69939d6824736e2f6f/element - {"using":"xpath","value":"//span[contains(text(), \"Argentina\")]"}
COMMAND: GET /session/0fb4450c6422fe69939d6824736e2f6f/screenshot - {}
RESULT: {"using":"xpath","value":"//span[contains(text(), \"Argentina\")]"}
COMMAND: POST /session/0fb4450c6422fe69939d6824736e2f6f/element/f.852D346EF878C3E5FC3136AC53424AFF.d.C9DEAD2D3946AE1262409D8F1F251DF9.e.710/click - {}
RESULT: {}
RESULT: {}
COMMAND: POST /session/0fb4450c6422fe69939d6824736e2f6f/execute/async - {"script":"<script> [1562 bytes]","args":[{"selector":{"id":"application-manageyards-display-component---NewYard--addressEditDetailsCostObjectCstType-arrow"},"wdio_ui5_key":"applicationmanageyards-display-component---NewYard--addressEditDetailsCostObjectCstType-arrow"}]}
COMMAND: GET /session/0fb4450c6422fe69939d6824736e2f6f/screenshot - {}
RESULT: {"script":"<script> [1562 bytes]","args":[{"selector":{"id":"application-manageyards-display-component---NewYard--addressEditDetailsCostObjectCstType-arrow"},"wdio_ui5_key":"applicationmanageyards-display-component---NewYard--addressEditDetailsCostObjectCstType-arrow"}]}
RESULT: undefined
COMMAND: POST /session/0fb4450c6422fe69939d6824736e2f6f/element - {"using":"xpath","value":"//*[@id=\"application-manageyards-display-component---NewYard--addressEditDetailsCostObjectCstType-arrow\"]"}
RESULT: {}
RESULT: {"using":"xpath","value":"//*[@id=\"application-manageyards-display-component---NewYard--addressEditDetailsCostObjectCstType-arrow\"]"}
COMMAND: POST /session/0fb4450c6422fe69939d6824736e2f6f/element/f.852D346EF878C3E5FC3136AC53424AFF.d.C9DEAD2D3946AE1262409D8F1F251DF9.e.712/click - {}
RESULT: {}
COMMAND: POST /session/0fb4450c6422fe69939d6824736e2f6f/element - {"using":"xpath","value":"//span[contains(text(), \"Cost Center\")]"}
COMMAND: GET /session/0fb4450c6422fe69939d6824736e2f6f/screenshot - {}
RESULT: {"using":"xpath","value":"//span[contains(text(), \"Cost Center\")]"}
COMMAND: POST /session/0fb4450c6422fe69939d6824736e2f6f/element/f.852D346EF878C3E5FC3136AC53424AFF.d.C9DEAD2D3946AE1262409D8F1F251DF9.e.713/click - {}
RESULT: {}
RESULT: {}
COMMAND: GET /session/0fb4450c6422fe69939d6824736e2f6f/screenshot - {}
RESULT: {}
COMMAND: POST /session/0fb4450c6422fe69939d6824736e2f6f/element - {"using":"xpath","value":"//span[@id=\"application-manageyards-display-component---NewYard--addressNewCostObjectCstID-vhi\"]"}
RESULT: {"using":"xpath","value":"//span[@id=\"application-manageyards-display-component---NewYard--addressNewCostObjectCstID-vhi\"]"}
COMMAND: POST /session/0fb4450c6422fe69939d6824736e2f6f/execute/sync - {"script":"<script> [8489 bytes]","args":[{"element-6066-11e4-a52e-4f735466cecf":"f.852D346EF878C3E5FC3136AC53424AFF.d.C9DEAD2D3946AE1262409D8F1F251DF9.e.717","ELEMENT":"f.852D346EF878C3E5FC3136AC53424AFF.d.C9DEAD2D3946AE1262409D8F1F251DF9.e.717"}]}
RESULT: {"script":"<script> [8489 bytes]","args":[{"element-6066-11e4-a52e-4f735466cecf":"f.852D346EF878C3E5FC3136AC53424AFF.d.C9DEAD2D3946AE1262409D8F1F251DF9.e.717","ELEMENT":"f.852D346EF878C3E5FC3136AC53424AFF.d.C9DEAD2D3946AE1262409D8F1F251DF9.e.717"}]}
COMMAND: POST /session/0fb4450c6422fe69939d6824736e2f6f/execute/async - {"script":"<script> [1562 bytes]","args":[{"selector":{"id":"application-manageyards-display-component---NewYard--addressNewCostObjectCstID-vhi"},"wdio_ui5_key":"applicationmanageyards-display-component---NewYard--addressNewCostObjectCstID-vhi"}]}
COMMAND: GET /session/0fb4450c6422fe69939d6824736e2f6f/screenshot - {}
RESULT: {"script":"<script> [1562 bytes]","args":[{"selector":{"id":"application-manageyards-display-component---NewYard--addressNewCostObjectCstID-vhi"},"wdio_ui5_key":"applicationmanageyards-display-component---NewYard--addressNewCostObjectCstID-vhi"}]}
RESULT: undefined
COMMAND: POST /session/0fb4450c6422fe69939d6824736e2f6f/element - {"using":"xpath","value":"//*[@id=\"application-manageyards-display-component---NewYard--addressNewCostObjectCstID-vhi\"]"}
RESULT: {}
RESULT: {"using":"xpath","value":"//*[@id=\"application-manageyards-display-component---NewYard--addressNewCostObjectCstID-vhi\"]"}
COMMAND: POST /session/0fb4450c6422fe69939d6824736e2f6f/element/f.852D346EF878C3E5FC3136AC53424AFF.d.C9DEAD2D3946AE1262409D8F1F251DF9.e.717/click - {}
RESULT: {}
COMMAND: GET /session/0fb4450c6422fe69939d6824736e2f6f/screenshot - {}
RESULT: {}
COMMAND: POST /session/0fb4450c6422fe69939d6824736e2f6f/execute/async - {"script":"<script> [1562 bytes]","args":[{"selector":{"controlType":"sap.m.SearchField","properties":{"placeholder":"Search"},"searchOpenDialogs":true,"interaction":{"idSuffix":"I"}},"wdio_ui5_key":"sapm.SearchField{\"placeholder\":\"Search\"}"}]}
RESULT: {"script":"<script> [1562 bytes]","args":[{"selector":{"controlType":"sap.m.SearchField","properties":{"placeholder":"Search"},"searchOpenDialogs":true,"interaction":{"idSuffix":"I"}},"wdio_ui5_key":"sapm.SearchField{\"placeholder\":\"Search\"}"}]}
RESULT: undefined
COMMAND: POST /session/0fb4450c6422fe69939d6824736e2f6f/execute/async - {"script":"<script> [776 bytes]","args":[{"enterText":"bauh_b","selector":{"controlType":"sap.m.SearchField","properties":{"placeholder":"Search"},"searchOpenDialogs":true,"interaction":{"idSuffix":"I"}},"clearTextFirst":true,"interactionType":"ENTER_TEXT"}]}
RESULT: {"script":"<script> [776 bytes]","args":[{"enterText":"bauh_b","selector":{"controlType":"sap.m.SearchField","properties":{"placeholder":"Search"},"searchOpenDialogs":true,"interaction":{"idSuffix":"I"}},"clearTextFirst":true,"interactionType":"ENTER_TEXT"}]}
COMMAND: POST /session/0fb4450c6422fe69939d6824736e2f6f/actions - {"actions":[{"id":"action1","type":"key","parameters":{},"actions":[{"type":"keyDown","value":"î€‡"},{"type":"pause","duration":10},{"type":"keyUp","value":"î€‡"}]}]}
RESULT: {"actions":[{"id":"action1","type":"key","parameters":{},"actions":[{"type":"keyDown","value":"î€‡"},{"type":"pause","duration":10},{"type":"keyUp","value":"î€‡"}]}]}
COMMAND: GET /session/0fb4450c6422fe69939d6824736e2f6f/screenshot - {}
RESULT: {}
COMMAND: POST /session/0fb4450c6422fe69939d6824736e2f6f/element - {"using":"xpath","value":"//span[contains(text(), \"Demo Yard\")]"}
RESULT: {"using":"xpath","value":"//span[contains(text(), \"Demo Yard\")]"}
COMMAND: POST /session/0fb4450c6422fe69939d6824736e2f6f/element/f.852D346EF878C3E5FC3136AC53424AFF.d.C9DEAD2D3946AE1262409D8F1F251DF9.e.757/click - {}
RESULT: {}
COMMAND: GET /session/0fb4450c6422fe69939d6824736e2f6f/screenshot - {}
RESULT: {}
COMMAND: POST /session/0fb4450c6422fe69939d6824736e2f6f/element - {"using":"xpath","value":"//bdi[contains(text(), \"OK\")]"}
RESULT: {"using":"xpath","value":"//bdi[contains(text(), \"OK\")]"}
COMMAND: POST /session/0fb4450c6422fe69939d6824736e2f6f/element/f.852D346EF878C3E5FC3136AC53424AFF.d.C9DEAD2D3946AE1262409D8F1F251DF9.e.758/click - {}
RESULT: {}
COMMAND: GET /session/0fb4450c6422fe69939d6824736e2f6f/screenshot - {}
RESULT: {}
COMMAND: POST /session/0fb4450c6422fe69939d6824736e2f6f/execute/async - {"script":"<script> [1562 bytes]","args":[{"selector":{"id":"application-manageyards-display-component---NewYard--addressEditDetailsCurrency-arrow"},"wdio_ui5_key":"applicationmanageyards-display-component---NewYard--addressEditDetailsCurrency-arrow"}]}
RESULT: {"script":"<script> [1562 bytes]","args":[{"selector":{"id":"application-manageyards-display-component---NewYard--addressEditDetailsCurrency-arrow"},"wdio_ui5_key":"applicationmanageyards-display-component---NewYard--addressEditDetailsCurrency-arrow"}]}
RESULT: undefined
COMMAND: POST /session/0fb4450c6422fe69939d6824736e2f6f/element - {"using":"xpath","value":"//*[@id=\"application-manageyards-display-component---NewYard--addressEditDetailsCurrency-arrow\"]"}
RESULT: {"using":"xpath","value":"//*[@id=\"application-manageyards-display-component---NewYard--addressEditDetailsCurrency-arrow\"]"}
COMMAND: POST /session/0fb4450c6422fe69939d6824736e2f6f/element/f.852D346EF878C3E5FC3136AC53424AFF.d.C9DEAD2D3946AE1262409D8F1F251DF9.e.761/click - {}
RESULT: {}
COMMAND: POST /session/0fb4450c6422fe69939d6824736e2f6f/element - {"using":"xpath","value":"//span[contains(text(), \"Euro\")]"}
COMMAND: GET /session/0fb4450c6422fe69939d6824736e2f6f/screenshot - {}
RESULT: {"using":"xpath","value":"//span[contains(text(), \"Euro\")]"}
COMMAND: POST /session/0fb4450c6422fe69939d6824736e2f6f/element/f.852D346EF878C3E5FC3136AC53424AFF.d.C9DEAD2D3946AE1262409D8F1F251DF9.e.762/click - {}
RESULT: {}
RESULT: {}
COMMAND: POST /session/0fb4450c6422fe69939d6824736e2f6f/execute/async - {"script":"<script> [1562 bytes]","args":[{"selector":{"controlType":"sap.m.Input","viewName":"etm.portal.ui.manageyards.view.New","viewId":"application-manageyards-display-component---NewYard","bindingPath":{"path":"","propertyPath":"/CONTROLLING_AREA","modelName":"NewYardModel"},"interaction":{"idSuffix":"inner"}},"wdio_ui5_key":"etmportal.ui.manageyards.view.Newsap.m.Input{\"path\":\"\",\"propertyPath\":\"/CONTROLLING_AREA\",\"modelName\":\"NewYardModel\"}"}]}
COMMAND: GET /session/0fb4450c6422fe69939d6824736e2f6f/screenshot - {}
RESULT: {"script":"<script> [1562 bytes]","args":[{"selector":{"controlType":"sap.m.Input","viewName":"etm.portal.ui.manageyards.view.New","viewId":"application-manageyards-display-component---NewYard","bindingPath":{"path":"","propertyPath":"/CONTROLLING_AREA","modelName":"NewYardModel"},"interaction":{"idSuffix":"inner"}},"wdio_ui5_key":"etmportal.ui.manageyards.view.Newsap.m.Input{\"path\":\"\",\"propertyPath\":\"/CONTROLLING_AREA\",\"modelName\":\"NewYardModel\"}"}]}
RESULT: undefined
COMMAND: POST /session/0fb4450c6422fe69939d6824736e2f6f/execute/async - {"script":"<script> [776 bytes]","args":[{"enterText":"Z001","selector":{"controlType":"sap.m.Input","viewName":"etm.portal.ui.manageyards.view.New","viewId":"application-manageyards-display-component---NewYard","bindingPath":{"path":"","propertyPath":"/CONTROLLING_AREA","modelName":"NewYardModel"},"interaction":{"idSuffix":"inner"}},"clearTextFirst":true,"interactionType":"ENTER_TEXT"}]}
RESULT: {}
RESULT: {"script":"<script> [776 bytes]","args":[{"enterText":"Z001","selector":{"controlType":"sap.m.Input","viewName":"etm.portal.ui.manageyards.view.New","viewId":"application-manageyards-display-component---NewYard","bindingPath":{"path":"","propertyPath":"/CONTROLLING_AREA","modelName":"NewYardModel"},"interaction":{"idSuffix":"inner"}},"clearTextFirst":true,"interactionType":"ENTER_TEXT"}]}
COMMAND: POST /session/0fb4450c6422fe69939d6824736e2f6f/execute/async - {"script":"<script> [1562 bytes]","args":[{"selector":{"id":"application-manageyards-display-component---NewYard--companyCodeComboBox","interaction":{"idSuffix":"inner"}},"wdio_ui5_key":"applicationmanageyards-display-component---NewYard--companyCodeComboBox"}]}
RESULT: {"script":"<script> [1562 bytes]","args":[{"selector":{"id":"application-manageyards-display-component---NewYard--companyCodeComboBox","interaction":{"idSuffix":"inner"}},"wdio_ui5_key":"applicationmanageyards-display-component---NewYard--companyCodeComboBox"}]}
RESULT: undefined
COMMAND: POST /session/0fb4450c6422fe69939d6824736e2f6f/execute/async - {"script":"<script> [776 bytes]","args":[{"enterText":"1000","selector":{"id":"application-manageyards-display-component---NewYard--companyCodeComboBox","interaction":{"idSuffix":"inner"}},"clearTextFirst":true,"interactionType":"ENTER_TEXT"}]}
RESULT: {"script":"<script> [776 bytes]","args":[{"enterText":"1000","selector":{"id":"application-manageyards-display-component---NewYard--companyCodeComboBox","interaction":{"idSuffix":"inner"}},"clearTextFirst":true,"interactionType":"ENTER_TEXT"}]}
COMMAND: POST /session/0fb4450c6422fe69939d6824736e2f6f/execute/async - {"script":"<script> [1562 bytes]","args":[{"selector":{"controlType":"sap.m.Input","viewName":"etm.portal.ui.manageyards.view.New","viewId":"application-manageyards-display-component---NewYard","bindingPath":{"path":"","propertyPath":"/PLANT","modelName":"NewYardModel"},"interaction":{"idSuffix":"inner"}},"wdio_ui5_key":"etmportal.ui.manageyards.view.Newsap.m.Input{\"path\":\"\",\"propertyPath\":\"/PLANT\",\"modelName\":\"NewYardModel\"}"}]}
RESULT: {"script":"<script> [1562 bytes]","args":[{"selector":{"controlType":"sap.m.Input","viewName":"etm.portal.ui.manageyards.view.New","viewId":"application-manageyards-display-component---NewYard","bindingPath":{"path":"","propertyPath":"/PLANT","modelName":"NewYardModel"},"interaction":{"idSuffix":"inner"}},"wdio_ui5_key":"etmportal.ui.manageyards.view.Newsap.m.Input{\"path\":\"\",\"propertyPath\":\"/PLANT\",\"modelName\":\"NewYardModel\"}"}]}
RESULT: undefined
COMMAND: POST /session/0fb4450c6422fe69939d6824736e2f6f/execute/async - {"script":"<script> [776 bytes]","args":[{"enterText":"1001","selector":{"controlType":"sap.m.Input","viewName":"etm.portal.ui.manageyards.view.New","viewId":"application-manageyards-display-component---NewYard","bindingPath":{"path":"","propertyPath":"/PLANT","modelName":"NewYardModel"},"interaction":{"idSuffix":"inner"}},"clearTextFirst":true,"interactionType":"ENTER_TEXT"}]}
RESULT: {"script":"<script> [776 bytes]","args":[{"enterText":"1001","selector":{"controlType":"sap.m.Input","viewName":"etm.portal.ui.manageyards.view.New","viewId":"application-manageyards-display-component---NewYard","bindingPath":{"path":"","propertyPath":"/PLANT","modelName":"NewYardModel"},"interaction":{"idSuffix":"inner"}},"clearTextFirst":true,"interactionType":"ENTER_TEXT"}]}
COMMAND: POST /session/0fb4450c6422fe69939d6824736e2f6f/execute/async - {"script":"<script> [1562 bytes]","args":[{"selector":{"controlType":"sap.m.Input","viewName":"etm.portal.ui.manageyards.view.New","viewId":"application-manageyards-display-component---NewYard","bindingPath":{"path":"","propertyPath":"/SALES_AREA_VKORG","modelName":"NewYardModel"},"interaction":{"idSuffix":"inner"}},"wdio_ui5_key":"etmportal.ui.manageyards.view.Newsap.m.Input{\"path\":\"\",\"propertyPath\":\"/SALES_AREA_VKORG\",\"modelName\":\"NewYardModel\"}"}]}
RESULT: {"script":"<script> [1562 bytes]","args":[{"selector":{"controlType":"sap.m.Input","viewName":"etm.portal.ui.manageyards.view.New","viewId":"application-manageyards-display-component---NewYard","bindingPath":{"path":"","propertyPath":"/SALES_AREA_VKORG","modelName":"NewYardModel"},"interaction":{"idSuffix":"inner"}},"wdio_ui5_key":"etmportal.ui.manageyards.view.Newsap.m.Input{\"path\":\"\",\"propertyPath\":\"/SALES_AREA_VKORG\",\"modelName\":\"NewYardModel\"}"}]}
RESULT: undefined
COMMAND: POST /session/0fb4450c6422fe69939d6824736e2f6f/execute/async - {"script":"<script> [776 bytes]","args":[{"enterText":"C002","selector":{"controlType":"sap.m.Input","viewName":"etm.portal.ui.manageyards.view.New","viewId":"application-manageyards-display-component---NewYard","bindingPath":{"path":"","propertyPath":"/SALES_AREA_VKORG","modelName":"NewYardModel"},"interaction":{"idSuffix":"inner"}},"clearTextFirst":true,"interactionType":"ENTER_TEXT"}]}
RESULT: {"script":"<script> [776 bytes]","args":[{"enterText":"C002","selector":{"controlType":"sap.m.Input","viewName":"etm.portal.ui.manageyards.view.New","viewId":"application-manageyards-display-component---NewYard","bindingPath":{"path":"","propertyPath":"/SALES_AREA_VKORG","modelName":"NewYardModel"},"interaction":{"idSuffix":"inner"}},"clearTextFirst":true,"interactionType":"ENTER_TEXT"}]}
COMMAND: POST /session/0fb4450c6422fe69939d6824736e2f6f/execute/async - {"script":"<script> [1562 bytes]","args":[{"selector":{"controlType":"sap.m.Input","viewName":"etm.portal.ui.manageyards.view.New","viewId":"application-manageyards-display-component---NewYard","bindingPath":{"path":"","propertyPath":"/SALES_AREA_VTWEG","modelName":"NewYardModel"},"interaction":{"idSuffix":"inner"}},"wdio_ui5_key":"etmportal.ui.manageyards.view.Newsap.m.Input{\"path\":\"\",\"propertyPath\":\"/SALES_AREA_VTWEG\",\"modelName\":\"NewYardModel\"}"}]}
RESULT: {"script":"<script> [1562 bytes]","args":[{"selector":{"controlType":"sap.m.Input","viewName":"etm.portal.ui.manageyards.view.New","viewId":"application-manageyards-display-component---NewYard","bindingPath":{"path":"","propertyPath":"/SALES_AREA_VTWEG","modelName":"NewYardModel"},"interaction":{"idSuffix":"inner"}},"wdio_ui5_key":"etmportal.ui.manageyards.view.Newsap.m.Input{\"path\":\"\",\"propertyPath\":\"/SALES_AREA_VTWEG\",\"modelName\":\"NewYardModel\"}"}]}
RESULT: undefined
COMMAND: POST /session/0fb4450c6422fe69939d6824736e2f6f/execute/async - {"script":"<script> [776 bytes]","args":[{"enterText":"C2","selector":{"controlType":"sap.m.Input","viewName":"etm.portal.ui.manageyards.view.New","viewId":"application-manageyards-display-component---NewYard","bindingPath":{"path":"","propertyPath":"/SALES_AREA_VTWEG","modelName":"NewYardModel"},"interaction":{"idSuffix":"inner"}},"clearTextFirst":true,"interactionType":"ENTER_TEXT"}]}
RESULT: {"script":"<script> [776 bytes]","args":[{"enterText":"C2","selector":{"controlType":"sap.m.Input","viewName":"etm.portal.ui.manageyards.view.New","viewId":"application-manageyards-display-component---NewYard","bindingPath":{"path":"","propertyPath":"/SALES_AREA_VTWEG","modelName":"NewYardModel"},"interaction":{"idSuffix":"inner"}},"clearTextFirst":true,"interactionType":"ENTER_TEXT"}]}
COMMAND: POST /session/0fb4450c6422fe69939d6824736e2f6f/execute/async - {"script":"<script> [1562 bytes]","args":[{"selector":{"controlType":"sap.m.Input","viewName":"etm.portal.ui.manageyards.view.New","viewId":"application-manageyards-display-component---NewYard","bindingPath":{"path":"","propertyPath":"/SALES_AREA_SPART","modelName":"NewYardModel"},"interaction":{"idSuffix":"inner"}},"wdio_ui5_key":"etmportal.ui.manageyards.view.Newsap.m.Input{\"path\":\"\",\"propertyPath\":\"/SALES_AREA_SPART\",\"modelName\":\"NewYardModel\"}"}]}
RESULT: {"script":"<script> [1562 bytes]","args":[{"selector":{"controlType":"sap.m.Input","viewName":"etm.portal.ui.manageyards.view.New","viewId":"application-manageyards-display-component---NewYard","bindingPath":{"path":"","propertyPath":"/SALES_AREA_SPART","modelName":"NewYardModel"},"interaction":{"idSuffix":"inner"}},"wdio_ui5_key":"etmportal.ui.manageyards.view.Newsap.m.Input{\"path\":\"\",\"propertyPath\":\"/SALES_AREA_SPART\",\"modelName\":\"NewYardModel\"}"}]}
RESULT: undefined
COMMAND: POST /session/0fb4450c6422fe69939d6824736e2f6f/execute/async - {"script":"<script> [776 bytes]","args":[{"enterText":"C2","selector":{"controlType":"sap.m.Input","viewName":"etm.portal.ui.manageyards.view.New","viewId":"application-manageyards-display-component---NewYard","bindingPath":{"path":"","propertyPath":"/SALES_AREA_SPART","modelName":"NewYardModel"},"interaction":{"idSuffix":"inner"}},"clearTextFirst":true,"interactionType":"ENTER_TEXT"}]}
RESULT: {"script":"<script> [776 bytes]","args":[{"enterText":"C2","selector":{"controlType":"sap.m.Input","viewName":"etm.portal.ui.manageyards.view.New","viewId":"application-manageyards-display-component---NewYard","bindingPath":{"path":"","propertyPath":"/SALES_AREA_SPART","modelName":"NewYardModel"},"interaction":{"idSuffix":"inner"}},"clearTextFirst":true,"interactionType":"ENTER_TEXT"}]}
COMMAND: POST /session/0fb4450c6422fe69939d6824736e2f6f/execute/async - {"script":"<script> [1562 bytes]","args":[{"selector":{"controlType":"sap.m.Input","viewName":"etm.portal.ui.manageyards.view.New","viewId":"application-manageyards-display-component---NewYard","bindingPath":{"path":"","propertyPath":"/SHIP_POINT","modelName":"NewYardModel"},"interaction":{"idSuffix":"inner"}},"wdio_ui5_key":"etmportal.ui.manageyards.view.Newsap.m.Input{\"path\":\"\",\"propertyPath\":\"/SHIP_POINT\",\"modelName\":\"NewYardModel\"}"}]}
RESULT: {"script":"<script> [1562 bytes]","args":[{"selector":{"controlType":"sap.m.Input","viewName":"etm.portal.ui.manageyards.view.New","viewId":"application-manageyards-display-component---NewYard","bindingPath":{"path":"","propertyPath":"/SHIP_POINT","modelName":"NewYardModel"},"interaction":{"idSuffix":"inner"}},"wdio_ui5_key":"etmportal.ui.manageyards.view.Newsap.m.Input{\"path\":\"\",\"propertyPath\":\"/SHIP_POINT\",\"modelName\":\"NewYardModel\"}"}]}
RESULT: undefined
COMMAND: POST /session/0fb4450c6422fe69939d6824736e2f6f/execute/async - {"script":"<script> [776 bytes]","args":[{"enterText":"1710","selector":{"controlType":"sap.m.Input","viewName":"etm.portal.ui.manageyards.view.New","viewId":"application-manageyards-display-component---NewYard","bindingPath":{"path":"","propertyPath":"/SHIP_POINT","modelName":"NewYardModel"},"interaction":{"idSuffix":"inner"}},"clearTextFirst":true,"interactionType":"ENTER_TEXT"}]}
RESULT: {"script":"<script> [776 bytes]","args":[{"enterText":"1710","selector":{"controlType":"sap.m.Input","viewName":"etm.portal.ui.manageyards.view.New","viewId":"application-manageyards-display-component---NewYard","bindingPath":{"path":"","propertyPath":"/SHIP_POINT","modelName":"NewYardModel"},"interaction":{"idSuffix":"inner"}},"clearTextFirst":true,"interactionType":"ENTER_TEXT"}]}
COMMAND: POST /session/0fb4450c6422fe69939d6824736e2f6f/execute/async - {"script":"<script> [1562 bytes]","args":[{"selector":{"controlType":"sap.m.Input","viewName":"etm.portal.ui.manageyards.view.New","viewId":"application-manageyards-display-component---NewYard","bindingPath":{"path":"","propertyPath":"/DELIVERY_TYPE","modelName":"NewYardModel"},"interaction":{"idSuffix":"inner"}},"wdio_ui5_key":"etmportal.ui.manageyards.view.Newsap.m.Input{\"path\":\"\",\"propertyPath\":\"/DELIVERY_TYPE\",\"modelName\":\"NewYardModel\"}"}]}
RESULT: {"script":"<script> [1562 bytes]","args":[{"selector":{"controlType":"sap.m.Input","viewName":"etm.portal.ui.manageyards.view.New","viewId":"application-manageyards-display-component---NewYard","bindingPath":{"path":"","propertyPath":"/DELIVERY_TYPE","modelName":"NewYardModel"},"interaction":{"idSuffix":"inner"}},"wdio_ui5_key":"etmportal.ui.manageyards.view.Newsap.m.Input{\"path\":\"\",\"propertyPath\":\"/DELIVERY_TYPE\",\"modelName\":\"NewYardModel\"}"}]}
RESULT: undefined
COMMAND: POST /session/0fb4450c6422fe69939d6824736e2f6f/execute/async - {"script":"<script> [776 bytes]","args":[{"enterText":"ZL01","selector":{"controlType":"sap.m.Input","viewName":"etm.portal.ui.manageyards.view.New","viewId":"application-manageyards-display-component---NewYard","bindingPath":{"path":"","propertyPath":"/DELIVERY_TYPE","modelName":"NewYardModel"},"interaction":{"idSuffix":"inner"}},"clearTextFirst":true,"interactionType":"ENTER_TEXT"}]}
RESULT: {"script":"<script> [776 bytes]","args":[{"enterText":"ZL01","selector":{"controlType":"sap.m.Input","viewName":"etm.portal.ui.manageyards.view.New","viewId":"application-manageyards-display-component---NewYard","bindingPath":{"path":"","propertyPath":"/DELIVERY_TYPE","modelName":"NewYardModel"},"interaction":{"idSuffix":"inner"}},"clearTextFirst":true,"interactionType":"ENTER_TEXT"}]}
COMMAND: POST /session/0fb4450c6422fe69939d6824736e2f6f/execute/async - {"script":"<script> [1562 bytes]","args":[{"selector":{"controlType":"sap.m.Input","viewName":"etm.portal.ui.manageyards.view.New","viewId":"application-manageyards-display-component---NewYard","bindingPath":{"path":"","propertyPath":"/AUART","modelName":"NewYardModel"},"interaction":{"idSuffix":"inner"}},"wdio_ui5_key":"etmportal.ui.manageyards.view.Newsap.m.Input{\"path\":\"\",\"propertyPath\":\"/AUART\",\"modelName\":\"NewYardModel\"}"}]}
RESULT: {"script":"<script> [1562 bytes]","args":[{"selector":{"controlType":"sap.m.Input","viewName":"etm.portal.ui.manageyards.view.New","viewId":"application-manageyards-display-component---NewYard","bindingPath":{"path":"","propertyPath":"/AUART","modelName":"NewYardModel"},"interaction":{"idSuffix":"inner"}},"wdio_ui5_key":"etmportal.ui.manageyards.view.Newsap.m.Input{\"path\":\"\",\"propertyPath\":\"/AUART\",\"modelName\":\"NewYardModel\"}"}]}
RESULT: undefined
COMMAND: POST /session/0fb4450c6422fe69939d6824736e2f6f/execute/async - {"script":"<script> [776 bytes]","args":[{"enterText":"TA","selector":{"controlType":"sap.m.Input","viewName":"etm.portal.ui.manageyards.view.New","viewId":"application-manageyards-display-component---NewYard","bindingPath":{"path":"","propertyPath":"/AUART","modelName":"NewYardModel"},"interaction":{"idSuffix":"inner"}},"clearTextFirst":true,"interactionType":"ENTER_TEXT"}]}
RESULT: {"script":"<script> [776 bytes]","args":[{"enterText":"TA","selector":{"controlType":"sap.m.Input","viewName":"etm.portal.ui.manageyards.view.New","viewId":"application-manageyards-display-component---NewYard","bindingPath":{"path":"","propertyPath":"/AUART","modelName":"NewYardModel"},"interaction":{"idSuffix":"inner"}},"clearTextFirst":true,"interactionType":"ENTER_TEXT"}]}
COMMAND: POST /session/0fb4450c6422fe69939d6824736e2f6f/execute/async - {"script":"<script> [1562 bytes]","args":[{"selector":{"id":"application-manageyards-display-component---NewYard--whmCheckBox","interaction":{"idSuffix":"CbBg"}},"wdio_ui5_key":"applicationmanageyards-display-component---NewYard--whmCheckBox"}]}
RESULT: {"script":"<script> [1562 bytes]","args":[{"selector":{"id":"application-manageyards-display-component---NewYard--whmCheckBox","interaction":{"idSuffix":"CbBg"}},"wdio_ui5_key":"applicationmanageyards-display-component---NewYard--whmCheckBox"}]}
RESULT: undefined
COMMAND: POST /session/0fb4450c6422fe69939d6824736e2f6f/element - {"using":"xpath","value":"//*[@id=\"application-manageyards-display-component---NewYard--whmCheckBox\"]"}
RESULT: {"using":"xpath","value":"//*[@id=\"application-manageyards-display-component---NewYard--whmCheckBox\"]"}
COMMAND: POST /session/0fb4450c6422fe69939d6824736e2f6f/element/f.852D346EF878C3E5FC3136AC53424AFF.d.C9DEAD2D3946AE1262409D8F1F251DF9.e.783/click - {}
RESULT: {}
COMMAND: GET /session/0fb4450c6422fe69939d6824736e2f6f/screenshot - {}
RESULT: {}
COMMAND: POST /session/0fb4450c6422fe69939d6824736e2f6f/element - {"using":"xpath","value":"//button[@data-kt=\"newYardSaveButton\"]"}
RESULT: {"using":"xpath","value":"//button[@data-kt=\"newYardSaveButton\"]"}
COMMAND: POST /session/0fb4450c6422fe69939d6824736e2f6f/element/f.852D346EF878C3E5FC3136AC53424AFF.d.C9DEAD2D3946AE1262409D8F1F251DF9.e.670/click - {}
RESULT: {}
COMMAND: GET /session/0fb4450c6422fe69939d6824736e2f6f/screenshot - {}
RESULT: {}
COMMAND: POST /session/0fb4450c6422fe69939d6824736e2f6f/element - {"using":"xpath","value":"//header[contains(@id, 'ObjectPageLayout-headerTitle')]/div[1]/div[2]/div[1]/span[1]"}
RESULT: {"using":"xpath","value":"//header[contains(@id, 'ObjectPageLayout-headerTitle')]/div[1]/div[2]/div[1]/span[1]"}
COMMAND: POST /session/0fb4450c6422fe69939d6824736e2f6f/elements - {"using":"xpath","value":"//header[contains(@id, 'ObjectPageLayout-headerTitle')]/div[1]/div[2]/div[1]/span[1]"}
RESULT: {"using":"xpath","value":"//header[contains(@id, 'ObjectPageLayout-headerTitle')]/div[1]/div[2]/div[1]/span[1]"}
COMMAND: POST /session/0fb4450c6422fe69939d6824736e2f6f/execute/sync - {"script":"<script> [56 bytes]","args":[{"element-6066-11e4-a52e-4f735466cecf":"f.852D346EF878C3E5FC3136AC53424AFF.d.C9DEAD2D3946AE1262409D8F1F251DF9.e.988","ELEMENT":"f.852D346EF878C3E5FC3136AC53424AFF.d.C9DEAD2D3946AE1262409D8F1F251DF9.e.988"}]}
RESULT: {"script":"<script> [56 bytes]","args":[{"element-6066-11e4-a52e-4f735466cecf":"f.852D346EF878C3E5FC3136AC53424AFF.d.C9DEAD2D3946AE1262409D8F1F251DF9.e.988","ELEMENT":"f.852D346EF878C3E5FC3136AC53424AFF.d.C9DEAD2D3946AE1262409D8F1F251DF9.e.988"}]}
COMMAND: GET /session/0fb4450c6422fe69939d6824736e2f6f/screenshot - {}
RESULT: {}
COMMAND: POST /session/0fb4450c6422fe69939d6824736e2f6f/element - {"using":"css selector","value":"#shell-header-logo"}
RESULT: {"using":"css selector","value":"#shell-header-logo"}
COMMAND: POST /session/0fb4450c6422fe69939d6824736e2f6f/element/f.852D346EF878C3E5FC3136AC53424AFF.d.C9DEAD2D3946AE1262409D8F1F251DF9.e.232/click - {}
RESULT: {}
COMMAND: GET /session/0fb4450c6422fe69939d6824736e2f6f/screenshot - {}
RESULT: {}
COMMAND: POST /session/0fb4450c6422fe69939d6824736e2f6f/execute/sync - {"script":"<script> [299 bytes]","args":[["getModel","getResource"]]}
RESULT: {"script":"<script> [299 bytes]","args":[["getModel","getResource"]]}
COMMAND: GET /session/0fb4450c6422fe69939d6824736e2f6f/screenshot - {}
]]></system-out>
    </testcase>
    <testcase classname="chrome.136_0_7103_93.windows.Stock_increase_-_with_WHM_US125587" name="Should create a new external WHM partner" time="89.668">
      <system-out><![CDATA[
COMMAND: POST /session/0fb4450c6422fe69939d6824736e2f6f/window/fullscreen - {}
RESULT: {}
RESULT: {}
COMMAND: POST /session/0fb4450c6422fe69939d6824736e2f6f/execute/async - {"script":"<script> [1562 bytes]","args":[{"selector":{"controlType":"sap.m.GenericTile","properties":{"header":"Manage Partners"}},"wdio_ui5_key":"sapm.GenericTile{\"header\":\"Manage Partners\"}"}]}
RESULT: {"script":"<script> [1562 bytes]","args":[{"selector":{"controlType":"sap.m.GenericTile","properties":{"header":"Manage Partners"}},"wdio_ui5_key":"sapm.GenericTile{\"header\":\"Manage Partners\"}"}]}
RESULT: undefined
COMMAND: POST /session/0fb4450c6422fe69939d6824736e2f6f/element - {"using":"xpath","value":"//*[@id=\"__tile38\"]"}
RESULT: {"using":"xpath","value":"//*[@id=\"__tile38\"]"}
COMMAND: POST /session/0fb4450c6422fe69939d6824736e2f6f/element/f.852D346EF878C3E5FC3136AC53424AFF.d.C9DEAD2D3946AE1262409D8F1F251DF9.e.117/click - {}
RESULT: {}
COMMAND: GET /session/0fb4450c6422fe69939d6824736e2f6f/screenshot - {}
RESULT: {}
COMMAND: POST /session/0fb4450c6422fe69939d6824736e2f6f/elements - {"using":"xpath","value":"//span[text()='Error']"}
RESULT: {"using":"xpath","value":"//span[text()='Error']"}
COMMAND: POST /session/0fb4450c6422fe69939d6824736e2f6f/element - {"using":"xpath","value":"//button[@data-kt=\"addButton\"]"}
RESULT: {"using":"xpath","value":"//button[@data-kt=\"addButton\"]"}
COMMAND: POST /session/0fb4450c6422fe69939d6824736e2f6f/elements - {"using":"xpath","value":"//button[@data-kt=\"addButton\"]"}
RESULT: {"using":"xpath","value":"//button[@data-kt=\"addButton\"]"}
COMMAND: POST /session/0fb4450c6422fe69939d6824736e2f6f/execute/sync - {"script":"<script> [8489 bytes]","args":[{"element-6066-11e4-a52e-4f735466cecf":"f.852D346EF878C3E5FC3136AC53424AFF.d.C9DEAD2D3946AE1262409D8F1F251DF9.e.1037","ELEMENT":"f.852D346EF878C3E5FC3136AC53424AFF.d.C9DEAD2D3946AE1262409D8F1F251DF9.e.1037"}]}
RESULT: {"script":"<script> [8489 bytes]","args":[{"element-6066-11e4-a52e-4f735466cecf":"f.852D346EF878C3E5FC3136AC53424AFF.d.C9DEAD2D3946AE1262409D8F1F251DF9.e.1037","ELEMENT":"f.852D346EF878C3E5FC3136AC53424AFF.d.C9DEAD2D3946AE1262409D8F1F251DF9.e.1037"}]}
COMMAND: GET /session/0fb4450c6422fe69939d6824736e2f6f/element/f.852D346EF878C3E5FC3136AC53424AFF.d.C9DEAD2D3946AE1262409D8F1F251DF9.e.1037/enabled - {}
COMMAND: GET /session/0fb4450c6422fe69939d6824736e2f6f/screenshot - {}
RESULT: {}
COMMAND: POST /session/0fb4450c6422fe69939d6824736e2f6f/execute/sync - {"script":"<script> [8489 bytes]","args":[{"element-6066-11e4-a52e-4f735466cecf":"f.852D346EF878C3E5FC3136AC53424AFF.d.C9DEAD2D3946AE1262409D8F1F251DF9.e.1037","ELEMENT":"f.852D346EF878C3E5FC3136AC53424AFF.d.C9DEAD2D3946AE1262409D8F1F251DF9.e.1037"}]}
COMMAND: GET /session/0fb4450c6422fe69939d6824736e2f6f/screenshot - {}
RESULT: {}
RESULT: {"script":"<script> [8489 bytes]","args":[{"element-6066-11e4-a52e-4f735466cecf":"f.852D346EF878C3E5FC3136AC53424AFF.d.C9DEAD2D3946AE1262409D8F1F251DF9.e.1037","ELEMENT":"f.852D346EF878C3E5FC3136AC53424AFF.d.C9DEAD2D3946AE1262409D8F1F251DF9.e.1037"}]}
COMMAND: POST /session/0fb4450c6422fe69939d6824736e2f6f/execute/sync - {"script":"<script> [5351 bytes]","args":[{"element-6066-11e4-a52e-4f735466cecf":"f.852D346EF878C3E5FC3136AC53424AFF.d.C9DEAD2D3946AE1262409D8F1F251DF9.e.1037","ELEMENT":"f.852D346EF878C3E5FC3136AC53424AFF.d.C9DEAD2D3946AE1262409D8F1F251DF9.e.1037"}]}
COMMAND: GET /session/0fb4450c6422fe69939d6824736e2f6f/screenshot - {}
RESULT: {}
RESULT: {"script":"<script> [5351 bytes]","args":[{"element-6066-11e4-a52e-4f735466cecf":"f.852D346EF878C3E5FC3136AC53424AFF.d.C9DEAD2D3946AE1262409D8F1F251DF9.e.1037","ELEMENT":"f.852D346EF878C3E5FC3136AC53424AFF.d.C9DEAD2D3946AE1262409D8F1F251DF9.e.1037"}]}
COMMAND: POST /session/0fb4450c6422fe69939d6824736e2f6f/element/f.852D346EF878C3E5FC3136AC53424AFF.d.C9DEAD2D3946AE1262409D8F1F251DF9.e.1037/click - {}
COMMAND: GET /session/0fb4450c6422fe69939d6824736e2f6f/screenshot - {}
RESULT: {}
RESULT: {}
COMMAND: GET /session/0fb4450c6422fe69939d6824736e2f6f/screenshot - {}
COMMAND: POST /session/0fb4450c6422fe69939d6824736e2f6f/execute/async - {"script":"<script> [1562 bytes]","args":[{"selector":{"id":"application-managepartners-display-component---NewPartner--addressDetailDetailsName1","interaction":{"idSuffix":"inner"}},"wdio_ui5_key":"applicationmanagepartners-display-component---NewPartner--addressDetailDetailsName1"}]}
RESULT: {}
RESULT: {}
RESULT: {"script":"<script> [1562 bytes]","args":[{"selector":{"id":"application-managepartners-display-component---NewPartner--addressDetailDetailsName1","interaction":{"idSuffix":"inner"}},"wdio_ui5_key":"applicationmanagepartners-display-component---NewPartner--addressDetailDetailsName1"}]}
RESULT: undefined
COMMAND: POST /session/0fb4450c6422fe69939d6824736e2f6f/execute/async - {"script":"<script> [776 bytes]","args":[{"enterText":"External Partner WDIO","selector":{"id":"application-managepartners-display-component---NewPartner--addressDetailDetailsName1","interaction":{"idSuffix":"inner"}},"clearTextFirst":true,"interactionType":"ENTER_TEXT"}]}
RESULT: {"script":"<script> [776 bytes]","args":[{"enterText":"External Partner WDIO","selector":{"id":"application-managepartners-display-component---NewPartner--addressDetailDetailsName1","interaction":{"idSuffix":"inner"}},"clearTextFirst":true,"interactionType":"ENTER_TEXT"}]}
COMMAND: POST /session/0fb4450c6422fe69939d6824736e2f6f/execute/async - {"script":"<script> [1562 bytes]","args":[{"selector":{"id":"application-managepartners-display-component---NewPartner--addressDetailDetailsLanguage-arrow"},"wdio_ui5_key":"applicationmanagepartners-display-component---NewPartner--addressDetailDetailsLanguage-arrow"}]}
RESULT: {"script":"<script> [1562 bytes]","args":[{"selector":{"id":"application-managepartners-display-component---NewPartner--addressDetailDetailsLanguage-arrow"},"wdio_ui5_key":"applicationmanagepartners-display-component---NewPartner--addressDetailDetailsLanguage-arrow"}]}
RESULT: undefined
COMMAND: POST /session/0fb4450c6422fe69939d6824736e2f6f/element - {"using":"xpath","value":"//*[@id=\"application-managepartners-display-component---NewPartner--addressDetailDetailsLanguage-arrow\"]"}
RESULT: {"using":"xpath","value":"//*[@id=\"application-managepartners-display-component---NewPartner--addressDetailDetailsLanguage-arrow\"]"}
COMMAND: POST /session/0fb4450c6422fe69939d6824736e2f6f/element/f.852D346EF878C3E5FC3136AC53424AFF.d.C9DEAD2D3946AE1262409D8F1F251DF9.e.1484/click - {}
RESULT: {}
COMMAND: POST /session/0fb4450c6422fe69939d6824736e2f6f/element - {"using":"xpath","value":"//span[contains(text(), \"English\")]"}
COMMAND: GET /session/0fb4450c6422fe69939d6824736e2f6f/screenshot - {}
RESULT: {"using":"xpath","value":"//span[contains(text(), \"English\")]"}
COMMAND: POST /session/0fb4450c6422fe69939d6824736e2f6f/element/f.852D346EF878C3E5FC3136AC53424AFF.d.C9DEAD2D3946AE1262409D8F1F251DF9.e.1485/click - {}
RESULT: {}
RESULT: {}
COMMAND: GET /session/0fb4450c6422fe69939d6824736e2f6f/screenshot - {}
RESULT: {}
COMMAND: POST /session/0fb4450c6422fe69939d6824736e2f6f/execute/async - {"script":"<script> [1562 bytes]","args":[{"selector":{"id":"application-managepartners-display-component---NewPartner--addressDetailDetailsCity1","interaction":{"idSuffix":"inner"}},"wdio_ui5_key":"applicationmanagepartners-display-component---NewPartner--addressDetailDetailsCity1"}]}
RESULT: {"script":"<script> [1562 bytes]","args":[{"selector":{"id":"application-managepartners-display-component---NewPartner--addressDetailDetailsCity1","interaction":{"idSuffix":"inner"}},"wdio_ui5_key":"applicationmanagepartners-display-component---NewPartner--addressDetailDetailsCity1"}]}
RESULT: undefined
COMMAND: POST /session/0fb4450c6422fe69939d6824736e2f6f/execute/async - {"script":"<script> [776 bytes]","args":[{"enterText":"Rosario","selector":{"id":"application-managepartners-display-component---NewPartner--addressDetailDetailsCity1","interaction":{"idSuffix":"inner"}},"clearTextFirst":true,"interactionType":"ENTER_TEXT"}]}
RESULT: {"script":"<script> [776 bytes]","args":[{"enterText":"Rosario","selector":{"id":"application-managepartners-display-component---NewPartner--addressDetailDetailsCity1","interaction":{"idSuffix":"inner"}},"clearTextFirst":true,"interactionType":"ENTER_TEXT"}]}
COMMAND: POST /session/0fb4450c6422fe69939d6824736e2f6f/execute/async - {"script":"<script> [1562 bytes]","args":[{"selector":{"id":"application-managepartners-display-component---NewPartner--addressDetailDetailsCountry-arrow"},"wdio_ui5_key":"applicationmanagepartners-display-component---NewPartner--addressDetailDetailsCountry-arrow"}]}
RESULT: {"script":"<script> [1562 bytes]","args":[{"selector":{"id":"application-managepartners-display-component---NewPartner--addressDetailDetailsCountry-arrow"},"wdio_ui5_key":"applicationmanagepartners-display-component---NewPartner--addressDetailDetailsCountry-arrow"}]}
RESULT: undefined
COMMAND: POST /session/0fb4450c6422fe69939d6824736e2f6f/element - {"using":"xpath","value":"//*[@id=\"application-managepartners-display-component---NewPartner--addressDetailDetailsCountry-arrow\"]"}
RESULT: {"using":"xpath","value":"//*[@id=\"application-managepartners-display-component---NewPartner--addressDetailDetailsCountry-arrow\"]"}
COMMAND: POST /session/0fb4450c6422fe69939d6824736e2f6f/element/f.852D346EF878C3E5FC3136AC53424AFF.d.C9DEAD2D3946AE1262409D8F1F251DF9.e.1471/click - {}
RESULT: {}
COMMAND: POST /session/0fb4450c6422fe69939d6824736e2f6f/element - {"using":"xpath","value":"//span[contains(text(), \"Argentina\")]"}
COMMAND: GET /session/0fb4450c6422fe69939d6824736e2f6f/screenshot - {}
RESULT: {"using":"xpath","value":"//span[contains(text(), \"Argentina\")]"}
COMMAND: POST /session/0fb4450c6422fe69939d6824736e2f6f/element/f.852D346EF878C3E5FC3136AC53424AFF.d.C9DEAD2D3946AE1262409D8F1F251DF9.e.1487/click - {}
RESULT: {}
RESULT: {}
COMMAND: GET /session/0fb4450c6422fe69939d6824736e2f6f/screenshot - {}
RESULT: {}
COMMAND: POST /session/0fb4450c6422fe69939d6824736e2f6f/element - {"using":"xpath","value":"//bdi[contains(text(), \"Commercial\")]"}
RESULT: {"using":"xpath","value":"//bdi[contains(text(), \"Commercial\")]"}
COMMAND: POST /session/0fb4450c6422fe69939d6824736e2f6f/element/f.852D346EF878C3E5FC3136AC53424AFF.d.C9DEAD2D3946AE1262409D8F1F251DF9.e.1488/click - {}
RESULT: {}
COMMAND: GET /session/0fb4450c6422fe69939d6824736e2f6f/screenshot - {}
RESULT: {}
COMMAND: POST /session/0fb4450c6422fe69939d6824736e2f6f/execute/async - {"script":"<script> [1562 bytes]","args":[{"selector":{"id":"application-managepartners-display-component---NewPartner--partnerDetailInternal-arrow"},"wdio_ui5_key":"applicationmanagepartners-display-component---NewPartner--partnerDetailInternal-arrow"}]}
RESULT: {"script":"<script> [1562 bytes]","args":[{"selector":{"id":"application-managepartners-display-component---NewPartner--partnerDetailInternal-arrow"},"wdio_ui5_key":"applicationmanagepartners-display-component---NewPartner--partnerDetailInternal-arrow"}]}
RESULT: undefined
COMMAND: POST /session/0fb4450c6422fe69939d6824736e2f6f/element - {"using":"xpath","value":"//*[@id=\"application-managepartners-display-component---NewPartner--partnerDetailInternal-arrow\"]"}
RESULT: {"using":"xpath","value":"//*[@id=\"application-managepartners-display-component---NewPartner--partnerDetailInternal-arrow\"]"}
COMMAND: POST /session/0fb4450c6422fe69939d6824736e2f6f/element/f.852D346EF878C3E5FC3136AC53424AFF.d.C9DEAD2D3946AE1262409D8F1F251DF9.e.1494/click - {}
RESULT: {}
COMMAND: POST /session/0fb4450c6422fe69939d6824736e2f6f/element - {"using":"xpath","value":"//span[contains(text(), \"External partner\")]"}
COMMAND: GET /session/0fb4450c6422fe69939d6824736e2f6f/screenshot - {}
RESULT: {"using":"xpath","value":"//span[contains(text(), \"External partner\")]"}
COMMAND: POST /session/0fb4450c6422fe69939d6824736e2f6f/element/f.852D346EF878C3E5FC3136AC53424AFF.d.C9DEAD2D3946AE1262409D8F1F251DF9.e.1495/click - {}
RESULT: {}
RESULT: {}
COMMAND: POST /session/0fb4450c6422fe69939d6824736e2f6f/execute/async - {"script":"<script> [1562 bytes]","args":[{"selector":{"id":"application-managepartners-display-component---NewPartner--partnerDetailsCurrency-arrow"},"wdio_ui5_key":"applicationmanagepartners-display-component---NewPartner--partnerDetailsCurrency-arrow"}]}
COMMAND: GET /session/0fb4450c6422fe69939d6824736e2f6f/screenshot - {}
RESULT: {"script":"<script> [1562 bytes]","args":[{"selector":{"id":"application-managepartners-display-component---NewPartner--partnerDetailsCurrency-arrow"},"wdio_ui5_key":"applicationmanagepartners-display-component---NewPartner--partnerDetailsCurrency-arrow"}]}
RESULT: undefined
COMMAND: POST /session/0fb4450c6422fe69939d6824736e2f6f/element - {"using":"xpath","value":"//*[@id=\"application-managepartners-display-component---NewPartner--partnerDetailsCurrency-arrow\"]"}
RESULT: {}
RESULT: {"using":"xpath","value":"//*[@id=\"application-managepartners-display-component---NewPartner--partnerDetailsCurrency-arrow\"]"}
COMMAND: POST /session/0fb4450c6422fe69939d6824736e2f6f/element/f.852D346EF878C3E5FC3136AC53424AFF.d.C9DEAD2D3946AE1262409D8F1F251DF9.e.1500/click - {}
RESULT: {}
COMMAND: POST /session/0fb4450c6422fe69939d6824736e2f6f/element - {"using":"xpath","value":"//span[contains(text(), \"US Dollar\")]"}
COMMAND: GET /session/0fb4450c6422fe69939d6824736e2f6f/screenshot - {}
RESULT: {"using":"xpath","value":"//span[contains(text(), \"US Dollar\")]"}
COMMAND: POST /session/0fb4450c6422fe69939d6824736e2f6f/element/f.852D346EF878C3E5FC3136AC53424AFF.d.C9DEAD2D3946AE1262409D8F1F251DF9.e.1501/click - {}
RESULT: {}
RESULT: {}
COMMAND: GET /session/0fb4450c6422fe69939d6824736e2f6f/screenshot - {}
RESULT: {}
COMMAND: POST /session/0fb4450c6422fe69939d6824736e2f6f/element - {"using":"xpath","value":"//input[@id=\"application-managepartners-display-component---NewPartner--companyCodeComboBox-inner\"]"}
RESULT: {"using":"xpath","value":"//input[@id=\"application-managepartners-display-component---NewPartner--companyCodeComboBox-inner\"]"}
COMMAND: POST /session/0fb4450c6422fe69939d6824736e2f6f/element/f.852D346EF878C3E5FC3136AC53424AFF.d.C9DEAD2D3946AE1262409D8F1F251DF9.e.1351/clear - {}
RESULT: {}
COMMAND: POST /session/0fb4450c6422fe69939d6824736e2f6f/element/f.852D346EF878C3E5FC3136AC53424AFF.d.C9DEAD2D3946AE1262409D8F1F251DF9.e.1351/value - {"text":"C002"}
COMMAND: GET /session/0fb4450c6422fe69939d6824736e2f6f/screenshot - {}
RESULT: {"text":"C002"}
COMMAND: GET /session/0fb4450c6422fe69939d6824736e2f6f/screenshot - {}
RESULT: {}
RESULT: {}
COMMAND: POST /session/0fb4450c6422fe69939d6824736e2f6f/element - {"using":"xpath","value":"//li[.//span[text()= \"C002\"]]"}
RESULT: {"using":"xpath","value":"//li[.//span[text()= \"C002\"]]"}
COMMAND: POST /session/0fb4450c6422fe69939d6824736e2f6f/element/f.852D346EF878C3E5FC3136AC53424AFF.d.C9DEAD2D3946AE1262409D8F1F251DF9.e.1505/click - {}
RESULT: {}
COMMAND: GET /session/0fb4450c6422fe69939d6824736e2f6f/screenshot - {}
RESULT: {}
COMMAND: POST /session/0fb4450c6422fe69939d6824736e2f6f/execute/async - {"script":"<script> [1562 bytes]","args":[{"selector":{"id":"application-managepartners-display-component---NewPartner--btnAddTableRow-img"},"wdio_ui5_key":"applicationmanagepartners-display-component---NewPartner--btnAddTableRow-img"}]}
RESULT: {"script":"<script> [1562 bytes]","args":[{"selector":{"id":"application-managepartners-display-component---NewPartner--btnAddTableRow-img"},"wdio_ui5_key":"applicationmanagepartners-display-component---NewPartner--btnAddTableRow-img"}]}
RESULT: undefined
COMMAND: POST /session/0fb4450c6422fe69939d6824736e2f6f/element - {"using":"xpath","value":"//*[@id=\"application-managepartners-display-component---NewPartner--btnAddTableRow-img\"]"}
RESULT: {"using":"xpath","value":"//*[@id=\"application-managepartners-display-component---NewPartner--btnAddTableRow-img\"]"}
COMMAND: POST /session/0fb4450c6422fe69939d6824736e2f6f/element/f.852D346EF878C3E5FC3136AC53424AFF.d.C9DEAD2D3946AE1262409D8F1F251DF9.e.1506/click - {}
RESULT: {}
COMMAND: GET /session/0fb4450c6422fe69939d6824736e2f6f/screenshot - {}
RESULT: {}
COMMAND: POST /session/0fb4450c6422fe69939d6824736e2f6f/element - {"using":"xpath","value":"//input[@id=\"application-managepartners-display-component---NewPartner--assignmentYard-application-managepartners-display-component---NewPartner--assignmentsTable-0-inner\"]"}
RESULT: {"using":"xpath","value":"//input[@id=\"application-managepartners-display-component---NewPartner--assignmentYard-application-managepartners-display-component---NewPartner--assignmentsTable-0-inner\"]"}
COMMAND: POST /session/0fb4450c6422fe69939d6824736e2f6f/element/f.852D346EF878C3E5FC3136AC53424AFF.d.C9DEAD2D3946AE1262409D8F1F251DF9.e.1509/clear - {}
RESULT: {}
COMMAND: POST /session/0fb4450c6422fe69939d6824736e2f6f/element/f.852D346EF878C3E5FC3136AC53424AFF.d.C9DEAD2D3946AE1262409D8F1F251DF9.e.1509/value - {"text":"520"}
COMMAND: GET /session/0fb4450c6422fe69939d6824736e2f6f/screenshot - {}
RESULT: {"text":"520"}
COMMAND: GET /session/0fb4450c6422fe69939d6824736e2f6f/screenshot - {}
RESULT: {}
RESULT: {}
COMMAND: POST /session/0fb4450c6422fe69939d6824736e2f6f/element - {"using":"xpath","value":"//li[.//span[text()='520']]"}
RESULT: {"using":"xpath","value":"//li[.//span[text()='520']]"}
COMMAND: POST /session/0fb4450c6422fe69939d6824736e2f6f/element/f.852D346EF878C3E5FC3136AC53424AFF.d.C9DEAD2D3946AE1262409D8F1F251DF9.e.1517/click - {}
RESULT: {}
COMMAND: GET /session/0fb4450c6422fe69939d6824736e2f6f/screenshot - {}
RESULT: {}
COMMAND: POST /session/0fb4450c6422fe69939d6824736e2f6f/actions - {"actions":[{"id":"action2","type":"key","parameters":{},"actions":[{"type":"keyDown","value":"î€‡"},{"type":"pause","duration":10},{"type":"keyUp","value":"î€‡"}]}]}
RESULT: {"actions":[{"id":"action2","type":"key","parameters":{},"actions":[{"type":"keyDown","value":"î€‡"},{"type":"pause","duration":10},{"type":"keyUp","value":"î€‡"}]}]}
COMMAND: POST /session/0fb4450c6422fe69939d6824736e2f6f/element - {"using":"xpath","value":"//td[contains(@id, \"assignmentsTable-0-cell2\")]/div/div"}
COMMAND: GET /session/0fb4450c6422fe69939d6824736e2f6f/screenshot - {}
RESULT: {"using":"xpath","value":"//td[contains(@id, \"assignmentsTable-0-cell2\")]/div/div"}
COMMAND: POST /session/0fb4450c6422fe69939d6824736e2f6f/element/f.852D346EF878C3E5FC3136AC53424AFF.d.C9DEAD2D3946AE1262409D8F1F251DF9.e.1520/click - {}
RESULT: {}
RESULT: {}
COMMAND: GET /session/0fb4450c6422fe69939d6824736e2f6f/screenshot - {}
RESULT: {}
COMMAND: POST /session/0fb4450c6422fe69939d6824736e2f6f/element - {"using":"xpath","value":"//button[@data-kt=\"saveButton\"]"}
RESULT: {"using":"xpath","value":"//button[@data-kt=\"saveButton\"]"}
COMMAND: POST /session/0fb4450c6422fe69939d6824736e2f6f/element/f.852D346EF878C3E5FC3136AC53424AFF.d.C9DEAD2D3946AE1262409D8F1F251DF9.e.1385/click - {}
RESULT: {}
COMMAND: GET /session/0fb4450c6422fe69939d6824736e2f6f/screenshot - {}
RESULT: {}
COMMAND: POST /session/0fb4450c6422fe69939d6824736e2f6f/element - {"using":"xpath","value":"//header[contains(@id, 'ObjectPageLayout-headerTitle')]/div[1]/div[2]/div[2]/span[1]"}
RESULT: {"using":"xpath","value":"//header[contains(@id, 'ObjectPageLayout-headerTitle')]/div[1]/div[2]/div[2]/span[1]"}
COMMAND: POST /session/0fb4450c6422fe69939d6824736e2f6f/elements - {"using":"xpath","value":"//header[contains(@id, 'ObjectPageLayout-headerTitle')]/div[1]/div[2]/div[2]/span[1]"}
RESULT: {"using":"xpath","value":"//header[contains(@id, 'ObjectPageLayout-headerTitle')]/div[1]/div[2]/div[2]/span[1]"}
COMMAND: POST /session/0fb4450c6422fe69939d6824736e2f6f/execute/sync - {"script":"<script> [56 bytes]","args":[{"element-6066-11e4-a52e-4f735466cecf":"f.852D346EF878C3E5FC3136AC53424AFF.d.C9DEAD2D3946AE1262409D8F1F251DF9.e.1684","ELEMENT":"f.852D346EF878C3E5FC3136AC53424AFF.d.C9DEAD2D3946AE1262409D8F1F251DF9.e.1684"}]}
RESULT: {"script":"<script> [56 bytes]","args":[{"element-6066-11e4-a52e-4f735466cecf":"f.852D346EF878C3E5FC3136AC53424AFF.d.C9DEAD2D3946AE1262409D8F1F251DF9.e.1684","ELEMENT":"f.852D346EF878C3E5FC3136AC53424AFF.d.C9DEAD2D3946AE1262409D8F1F251DF9.e.1684"}]}
COMMAND: POST /session/0fb4450c6422fe69939d6824736e2f6f/element - {"using":"css selector","value":"#shell-header-logo"}
COMMAND: GET /session/0fb4450c6422fe69939d6824736e2f6f/screenshot - {}
RESULT: {"using":"css selector","value":"#shell-header-logo"}
COMMAND: POST /session/0fb4450c6422fe69939d6824736e2f6f/element/f.852D346EF878C3E5FC3136AC53424AFF.d.C9DEAD2D3946AE1262409D8F1F251DF9.e.993/click - {}
RESULT: {}
RESULT: {}
COMMAND: GET /session/0fb4450c6422fe69939d6824736e2f6f/screenshot - {}
RESULT: {}
COMMAND: POST /session/0fb4450c6422fe69939d6824736e2f6f/execute/sync - {"script":"<script> [299 bytes]","args":[["getModel","getResource"]]}
RESULT: {"script":"<script> [299 bytes]","args":[["getModel","getResource"]]}
]]></system-out>
    </testcase>
    <testcase classname="chrome.136_0_7103_93.windows.Stock_increase_-_with_WHM_US125587" name="Should create a new WHM site" time="91.228">
      <system-out><![CDATA[
COMMAND: GET /session/0fb4450c6422fe69939d6824736e2f6f/screenshot - {}
COMMAND: POST /session/0fb4450c6422fe69939d6824736e2f6f/execute/async - {"script":"<script> [1562 bytes]","args":[{"selector":{"controlType":"sap.m.GenericTile","properties":{"header":"Manage Sites"}},"wdio_ui5_key":"sapm.GenericTile{\"header\":\"Manage Sites\"}"}]}
RESULT: {}
RESULT: {"script":"<script> [1562 bytes]","args":[{"selector":{"controlType":"sap.m.GenericTile","properties":{"header":"Manage Sites"}},"wdio_ui5_key":"sapm.GenericTile{\"header\":\"Manage Sites\"}"}]}
RESULT: undefined
COMMAND: POST /session/0fb4450c6422fe69939d6824736e2f6f/element - {"using":"xpath","value":"//*[@id=\"__tile40\"]"}
RESULT: {"using":"xpath","value":"//*[@id=\"__tile40\"]"}
COMMAND: POST /session/0fb4450c6422fe69939d6824736e2f6f/element/f.852D346EF878C3E5FC3136AC53424AFF.d.C9DEAD2D3946AE1262409D8F1F251DF9.e.123/click - {}
RESULT: {}
COMMAND: GET /session/0fb4450c6422fe69939d6824736e2f6f/screenshot - {}
RESULT: {}
COMMAND: POST /session/0fb4450c6422fe69939d6824736e2f6f/elements - {"using":"xpath","value":"//span[text()='Error']"}
RESULT: {"using":"xpath","value":"//span[text()='Error']"}
COMMAND: POST /session/0fb4450c6422fe69939d6824736e2f6f/element - {"using":"xpath","value":"//button[@data-kt=\"addOverflowToolbarButton\"]"}
RESULT: {"using":"xpath","value":"//button[@data-kt=\"addOverflowToolbarButton\"]"}
COMMAND: POST /session/0fb4450c6422fe69939d6824736e2f6f/elements - {"using":"xpath","value":"//button[@data-kt=\"addOverflowToolbarButton\"]"}
RESULT: {"using":"xpath","value":"//button[@data-kt=\"addOverflowToolbarButton\"]"}
COMMAND: POST /session/0fb4450c6422fe69939d6824736e2f6f/execute/sync - {"script":"<script> [8489 bytes]","args":[{"element-6066-11e4-a52e-4f735466cecf":"f.852D346EF878C3E5FC3136AC53424AFF.d.C9DEAD2D3946AE1262409D8F1F251DF9.e.1740","ELEMENT":"f.852D346EF878C3E5FC3136AC53424AFF.d.C9DEAD2D3946AE1262409D8F1F251DF9.e.1740"}]}
RESULT: {"script":"<script> [8489 bytes]","args":[{"element-6066-11e4-a52e-4f735466cecf":"f.852D346EF878C3E5FC3136AC53424AFF.d.C9DEAD2D3946AE1262409D8F1F251DF9.e.1740","ELEMENT":"f.852D346EF878C3E5FC3136AC53424AFF.d.C9DEAD2D3946AE1262409D8F1F251DF9.e.1740"}]}
COMMAND: GET /session/0fb4450c6422fe69939d6824736e2f6f/element/f.852D346EF878C3E5FC3136AC53424AFF.d.C9DEAD2D3946AE1262409D8F1F251DF9.e.1740/enabled - {}
COMMAND: GET /session/0fb4450c6422fe69939d6824736e2f6f/screenshot - {}
RESULT: {}
COMMAND: POST /session/0fb4450c6422fe69939d6824736e2f6f/execute/sync - {"script":"<script> [8489 bytes]","args":[{"element-6066-11e4-a52e-4f735466cecf":"f.852D346EF878C3E5FC3136AC53424AFF.d.C9DEAD2D3946AE1262409D8F1F251DF9.e.1740","ELEMENT":"f.852D346EF878C3E5FC3136AC53424AFF.d.C9DEAD2D3946AE1262409D8F1F251DF9.e.1740"}]}
COMMAND: GET /session/0fb4450c6422fe69939d6824736e2f6f/screenshot - {}
RESULT: {}
RESULT: {"script":"<script> [8489 bytes]","args":[{"element-6066-11e4-a52e-4f735466cecf":"f.852D346EF878C3E5FC3136AC53424AFF.d.C9DEAD2D3946AE1262409D8F1F251DF9.e.1740","ELEMENT":"f.852D346EF878C3E5FC3136AC53424AFF.d.C9DEAD2D3946AE1262409D8F1F251DF9.e.1740"}]}
COMMAND: POST /session/0fb4450c6422fe69939d6824736e2f6f/execute/sync - {"script":"<script> [5351 bytes]","args":[{"element-6066-11e4-a52e-4f735466cecf":"f.852D346EF878C3E5FC3136AC53424AFF.d.C9DEAD2D3946AE1262409D8F1F251DF9.e.1740","ELEMENT":"f.852D346EF878C3E5FC3136AC53424AFF.d.C9DEAD2D3946AE1262409D8F1F251DF9.e.1740"}]}
COMMAND: GET /session/0fb4450c6422fe69939d6824736e2f6f/screenshot - {}
RESULT: {}
RESULT: {"script":"<script> [5351 bytes]","args":[{"element-6066-11e4-a52e-4f735466cecf":"f.852D346EF878C3E5FC3136AC53424AFF.d.C9DEAD2D3946AE1262409D8F1F251DF9.e.1740","ELEMENT":"f.852D346EF878C3E5FC3136AC53424AFF.d.C9DEAD2D3946AE1262409D8F1F251DF9.e.1740"}]}
COMMAND: POST /session/0fb4450c6422fe69939d6824736e2f6f/element/f.852D346EF878C3E5FC3136AC53424AFF.d.C9DEAD2D3946AE1262409D8F1F251DF9.e.1740/click - {}
COMMAND: GET /session/0fb4450c6422fe69939d6824736e2f6f/screenshot - {}
RESULT: {}
RESULT: {}
COMMAND: GET /session/0fb4450c6422fe69939d6824736e2f6f/screenshot - {}
RESULT: {}
COMMAND: POST /session/0fb4450c6422fe69939d6824736e2f6f/element - {"using":"xpath","value":"//input[@id=\"application-managesites-display-component---NewSite--siteId-inner\"]"}
RESULT: {}
RESULT: {"using":"xpath","value":"//input[@id=\"application-managesites-display-component---NewSite--siteId-inner\"]"}
COMMAND: POST /session/0fb4450c6422fe69939d6824736e2f6f/element - {"using":"xpath","value":"//input[@id=\"application-managesites-display-component---NewSite--siteId-inner\"]"}
RESULT: {"using":"xpath","value":"//input[@id=\"application-managesites-display-component---NewSite--siteId-inner\"]"}
COMMAND: POST /session/0fb4450c6422fe69939d6824736e2f6f/execute/async - {"script":"<script> [1562 bytes]","args":[{"selector":{"id":"application-managesites-display-component---NewSite--addressDetailDetailsName1","interaction":{"idSuffix":"inner"}},"wdio_ui5_key":"applicationmanagesites-display-component---NewSite--addressDetailDetailsName1"}]}
RESULT: {"script":"<script> [1562 bytes]","args":[{"selector":{"id":"application-managesites-display-component---NewSite--addressDetailDetailsName1","interaction":{"idSuffix":"inner"}},"wdio_ui5_key":"applicationmanagesites-display-component---NewSite--addressDetailDetailsName1"}]}
RESULT: undefined
COMMAND: POST /session/0fb4450c6422fe69939d6824736e2f6f/execute/async - {"script":"<script> [776 bytes]","args":[{"enterText":"Warehouse Managed Site WDIO","selector":{"id":"application-managesites-display-component---NewSite--addressDetailDetailsName1","interaction":{"idSuffix":"inner"}},"clearTextFirst":true,"interactionType":"ENTER_TEXT"}]}
RESULT: {"script":"<script> [776 bytes]","args":[{"enterText":"Warehouse Managed Site WDIO","selector":{"id":"application-managesites-display-component---NewSite--addressDetailDetailsName1","interaction":{"idSuffix":"inner"}},"clearTextFirst":true,"interactionType":"ENTER_TEXT"}]}
COMMAND: POST /session/0fb4450c6422fe69939d6824736e2f6f/execute/async - {"script":"<script> [1562 bytes]","args":[{"selector":{"id":"application-managesites-display-component---NewSite--addressDetailDetailsLanguage-arrow"},"wdio_ui5_key":"applicationmanagesites-display-component---NewSite--addressDetailDetailsLanguage-arrow"}]}
RESULT: {"script":"<script> [1562 bytes]","args":[{"selector":{"id":"application-managesites-display-component---NewSite--addressDetailDetailsLanguage-arrow"},"wdio_ui5_key":"applicationmanagesites-display-component---NewSite--addressDetailDetailsLanguage-arrow"}]}
RESULT: undefined
COMMAND: POST /session/0fb4450c6422fe69939d6824736e2f6f/element - {"using":"xpath","value":"//*[@id=\"application-managesites-display-component---NewSite--addressDetailDetailsLanguage-arrow\"]"}
RESULT: {"using":"xpath","value":"//*[@id=\"application-managesites-display-component---NewSite--addressDetailDetailsLanguage-arrow\"]"}
COMMAND: POST /session/0fb4450c6422fe69939d6824736e2f6f/element/f.852D346EF878C3E5FC3136AC53424AFF.d.C9DEAD2D3946AE1262409D8F1F251DF9.e.2198/click - {}
RESULT: {}
COMMAND: POST /session/0fb4450c6422fe69939d6824736e2f6f/element - {"using":"xpath","value":"//span[contains(text(), \"English\")]"}
COMMAND: GET /session/0fb4450c6422fe69939d6824736e2f6f/screenshot - {}
RESULT: {"using":"xpath","value":"//span[contains(text(), \"English\")]"}
COMMAND: POST /session/0fb4450c6422fe69939d6824736e2f6f/element/f.852D346EF878C3E5FC3136AC53424AFF.d.C9DEAD2D3946AE1262409D8F1F251DF9.e.2199/click - {}
RESULT: {}
RESULT: {}
COMMAND: POST /session/0fb4450c6422fe69939d6824736e2f6f/execute/async - {"script":"<script> [1562 bytes]","args":[{"selector":{"id":"application-managesites-display-component---NewSite--addressDetailDetailsCity1","interaction":{"idSuffix":"inner"}},"wdio_ui5_key":"applicationmanagesites-display-component---NewSite--addressDetailDetailsCity1"}]}
COMMAND: GET /session/0fb4450c6422fe69939d6824736e2f6f/screenshot - {}
RESULT: {"script":"<script> [1562 bytes]","args":[{"selector":{"id":"application-managesites-display-component---NewSite--addressDetailDetailsCity1","interaction":{"idSuffix":"inner"}},"wdio_ui5_key":"applicationmanagesites-display-component---NewSite--addressDetailDetailsCity1"}]}
RESULT: undefined
COMMAND: POST /session/0fb4450c6422fe69939d6824736e2f6f/execute/async - {"script":"<script> [776 bytes]","args":[{"enterText":"Rosario","selector":{"id":"application-managesites-display-component---NewSite--addressDetailDetailsCity1","interaction":{"idSuffix":"inner"}},"clearTextFirst":true,"interactionType":"ENTER_TEXT"}]}
RESULT: {}
RESULT: {"script":"<script> [776 bytes]","args":[{"enterText":"Rosario","selector":{"id":"application-managesites-display-component---NewSite--addressDetailDetailsCity1","interaction":{"idSuffix":"inner"}},"clearTextFirst":true,"interactionType":"ENTER_TEXT"}]}
COMMAND: POST /session/0fb4450c6422fe69939d6824736e2f6f/execute/async - {"script":"<script> [1562 bytes]","args":[{"selector":{"id":"application-managesites-display-component---NewSite--addressDetailDetailsCountry-arrow"},"wdio_ui5_key":"applicationmanagesites-display-component---NewSite--addressDetailDetailsCountry-arrow"}]}
RESULT: {"script":"<script> [1562 bytes]","args":[{"selector":{"id":"application-managesites-display-component---NewSite--addressDetailDetailsCountry-arrow"},"wdio_ui5_key":"applicationmanagesites-display-component---NewSite--addressDetailDetailsCountry-arrow"}]}
RESULT: undefined
COMMAND: POST /session/0fb4450c6422fe69939d6824736e2f6f/element - {"using":"xpath","value":"//*[@id=\"application-managesites-display-component---NewSite--addressDetailDetailsCountry-arrow\"]"}
RESULT: {"using":"xpath","value":"//*[@id=\"application-managesites-display-component---NewSite--addressDetailDetailsCountry-arrow\"]"}
COMMAND: POST /session/0fb4450c6422fe69939d6824736e2f6f/element/f.852D346EF878C3E5FC3136AC53424AFF.d.C9DEAD2D3946AE1262409D8F1F251DF9.e.2201/click - {}
RESULT: {}
COMMAND: POST /session/0fb4450c6422fe69939d6824736e2f6f/element - {"using":"xpath","value":"//span[contains(text(), \"Argentina\")]"}
COMMAND: GET /session/0fb4450c6422fe69939d6824736e2f6f/screenshot - {}
RESULT: {"using":"xpath","value":"//span[contains(text(), \"Argentina\")]"}
COMMAND: POST /session/0fb4450c6422fe69939d6824736e2f6f/element/f.852D346EF878C3E5FC3136AC53424AFF.d.C9DEAD2D3946AE1262409D8F1F251DF9.e.2202/click - {}
RESULT: {}
RESULT: {}
COMMAND: GET /session/0fb4450c6422fe69939d6824736e2f6f/screenshot - {}
RESULT: {}
COMMAND: POST /session/0fb4450c6422fe69939d6824736e2f6f/execute/async - {"script":"<script> [1562 bytes]","args":[{"selector":{"id":"application-managesites-display-component---NewSite--addressEditDetailsCostObjectCstType-arrow"},"wdio_ui5_key":"applicationmanagesites-display-component---NewSite--addressEditDetailsCostObjectCstType-arrow"}]}
RESULT: {"script":"<script> [1562 bytes]","args":[{"selector":{"id":"application-managesites-display-component---NewSite--addressEditDetailsCostObjectCstType-arrow"},"wdio_ui5_key":"applicationmanagesites-display-component---NewSite--addressEditDetailsCostObjectCstType-arrow"}]}
RESULT: undefined
COMMAND: POST /session/0fb4450c6422fe69939d6824736e2f6f/element - {"using":"xpath","value":"//*[@id=\"application-managesites-display-component---NewSite--addressEditDetailsCostObjectCstType-arrow\"]"}
RESULT: {"using":"xpath","value":"//*[@id=\"application-managesites-display-component---NewSite--addressEditDetailsCostObjectCstType-arrow\"]"}
COMMAND: POST /session/0fb4450c6422fe69939d6824736e2f6f/element/f.852D346EF878C3E5FC3136AC53424AFF.d.C9DEAD2D3946AE1262409D8F1F251DF9.e.2204/click - {}
RESULT: {}
COMMAND: POST /session/0fb4450c6422fe69939d6824736e2f6f/element - {"using":"xpath","value":"//span[contains(text(), \"Cost Center\")]"}
COMMAND: GET /session/0fb4450c6422fe69939d6824736e2f6f/screenshot - {}
RESULT: {"using":"xpath","value":"//span[contains(text(), \"Cost Center\")]"}
COMMAND: POST /session/0fb4450c6422fe69939d6824736e2f6f/element/f.852D346EF878C3E5FC3136AC53424AFF.d.C9DEAD2D3946AE1262409D8F1F251DF9.e.2205/click - {}
RESULT: {}
RESULT: {}
COMMAND: GET /session/0fb4450c6422fe69939d6824736e2f6f/screenshot - {}
RESULT: {}
COMMAND: POST /session/0fb4450c6422fe69939d6824736e2f6f/element - {"using":"xpath","value":"//span[@id=\"application-managesites-display-component---NewSite--addressNewCostObjectCstID-vhi\"]"}
RESULT: {"using":"xpath","value":"//span[@id=\"application-managesites-display-component---NewSite--addressNewCostObjectCstID-vhi\"]"}
COMMAND: POST /session/0fb4450c6422fe69939d6824736e2f6f/execute/sync - {"script":"<script> [8489 bytes]","args":[{"element-6066-11e4-a52e-4f735466cecf":"f.852D346EF878C3E5FC3136AC53424AFF.d.C9DEAD2D3946AE1262409D8F1F251DF9.e.2209","ELEMENT":"f.852D346EF878C3E5FC3136AC53424AFF.d.C9DEAD2D3946AE1262409D8F1F251DF9.e.2209"}]}
RESULT: {"script":"<script> [8489 bytes]","args":[{"element-6066-11e4-a52e-4f735466cecf":"f.852D346EF878C3E5FC3136AC53424AFF.d.C9DEAD2D3946AE1262409D8F1F251DF9.e.2209","ELEMENT":"f.852D346EF878C3E5FC3136AC53424AFF.d.C9DEAD2D3946AE1262409D8F1F251DF9.e.2209"}]}
COMMAND: POST /session/0fb4450c6422fe69939d6824736e2f6f/execute/async - {"script":"<script> [1562 bytes]","args":[{"selector":{"id":"application-managesites-display-component---NewSite--addressNewCostObjectCstID-vhi"},"wdio_ui5_key":"applicationmanagesites-display-component---NewSite--addressNewCostObjectCstID-vhi"}]}
COMMAND: GET /session/0fb4450c6422fe69939d6824736e2f6f/screenshot - {}
RESULT: {"script":"<script> [1562 bytes]","args":[{"selector":{"id":"application-managesites-display-component---NewSite--addressNewCostObjectCstID-vhi"},"wdio_ui5_key":"applicationmanagesites-display-component---NewSite--addressNewCostObjectCstID-vhi"}]}
RESULT: undefined
COMMAND: POST /session/0fb4450c6422fe69939d6824736e2f6f/element - {"using":"xpath","value":"//*[@id=\"application-managesites-display-component---NewSite--addressNewCostObjectCstID-vhi\"]"}
RESULT: {}
RESULT: {"using":"xpath","value":"//*[@id=\"application-managesites-display-component---NewSite--addressNewCostObjectCstID-vhi\"]"}
COMMAND: POST /session/0fb4450c6422fe69939d6824736e2f6f/element/f.852D346EF878C3E5FC3136AC53424AFF.d.C9DEAD2D3946AE1262409D8F1F251DF9.e.2209/click - {}
RESULT: {}
COMMAND: GET /session/0fb4450c6422fe69939d6824736e2f6f/screenshot - {}
RESULT: {}
RESULT: undefined
COMMAND: POST /session/0fb4450c6422fe69939d6824736e2f6f/execute/async - {"script":"<script> [776 bytes]","args":[{"enterText":"10001013","selector":{"controlType":"sap.m.SearchField","properties":{"placeholder":"Search"},"searchOpenDialogs":true,"interaction":{"idSuffix":"I"}},"clearTextFirst":true,"interactionType":"ENTER_TEXT"}]}
RESULT: {"script":"<script> [776 bytes]","args":[{"enterText":"10001013","selector":{"controlType":"sap.m.SearchField","properties":{"placeholder":"Search"},"searchOpenDialogs":true,"interaction":{"idSuffix":"I"}},"clearTextFirst":true,"interactionType":"ENTER_TEXT"}]}
COMMAND: POST /session/0fb4450c6422fe69939d6824736e2f6f/actions - {"actions":[{"id":"action3","type":"key","parameters":{},"actions":[{"type":"keyDown","value":"î€‡"},{"type":"pause","duration":10},{"type":"keyUp","value":"î€‡"}]}]}
RESULT: {"actions":[{"id":"action3","type":"key","parameters":{},"actions":[{"type":"keyDown","value":"î€‡"},{"type":"pause","duration":10},{"type":"keyUp","value":"î€‡"}]}]}
COMMAND: GET /session/0fb4450c6422fe69939d6824736e2f6f/screenshot - {}
RESULT: {}
COMMAND: POST /session/0fb4450c6422fe69939d6824736e2f6f/element - {"using":"xpath","value":"//span[contains(text(), \"General Management\")]"}
RESULT: {"using":"xpath","value":"//span[contains(text(), \"General Management\")]"}
COMMAND: POST /session/0fb4450c6422fe69939d6824736e2f6f/element/f.852D346EF878C3E5FC3136AC53424AFF.d.C9DEAD2D3946AE1262409D8F1F251DF9.e.2248/click - {}
RESULT: {}
COMMAND: GET /session/0fb4450c6422fe69939d6824736e2f6f/screenshot - {}
RESULT: {}
COMMAND: POST /session/0fb4450c6422fe69939d6824736e2f6f/element - {"using":"xpath","value":"//bdi[contains(text(), \"OK\")]"}
RESULT: {"using":"xpath","value":"//bdi[contains(text(), \"OK\")]"}
COMMAND: POST /session/0fb4450c6422fe69939d6824736e2f6f/element/f.852D346EF878C3E5FC3136AC53424AFF.d.C9DEAD2D3946AE1262409D8F1F251DF9.e.2249/click - {}
RESULT: {}
COMMAND: GET /session/0fb4450c6422fe69939d6824736e2f6f/screenshot - {}
RESULT: {}
COMMAND: POST /session/0fb4450c6422fe69939d6824736e2f6f/element - {"using":"xpath","value":"//input[@id=\"application-managesites-display-component---NewSite--addressDetailDetailsCalendar-inner\"]"}
RESULT: {"using":"xpath","value":"//input[@id=\"application-managesites-display-component---NewSite--addressDetailDetailsCalendar-inner\"]"}
COMMAND: POST /session/0fb4450c6422fe69939d6824736e2f6f/element/f.852D346EF878C3E5FC3136AC53424AFF.d.C9DEAD2D3946AE1262409D8F1F251DF9.e.1998/clear - {}
RESULT: {}
COMMAND: POST /session/0fb4450c6422fe69939d6824736e2f6f/element/f.852D346EF878C3E5FC3136AC53424AFF.d.C9DEAD2D3946AE1262409D8F1F251DF9.e.1998/value - {"text":"Unit"}
COMMAND: GET /session/0fb4450c6422fe69939d6824736e2f6f/screenshot - {}
RESULT: {"text":"Unit"}
COMMAND: GET /session/0fb4450c6422fe69939d6824736e2f6f/screenshot - {}
RESULT: {}
RESULT: {}
COMMAND: POST /session/0fb4450c6422fe69939d6824736e2f6f/actions - {"actions":[{"id":"action4","type":"key","parameters":{},"actions":[{"type":"keyDown","value":"î€‡"},{"type":"pause","duration":10},{"type":"keyUp","value":"î€‡"}]}]}
RESULT: {"actions":[{"id":"action4","type":"key","parameters":{},"actions":[{"type":"keyDown","value":"î€‡"},{"type":"pause","duration":10},{"type":"keyUp","value":"î€‡"}]}]}
COMMAND: POST /session/0fb4450c6422fe69939d6824736e2f6f/element - {"using":"xpath","value":"//input[@id=\"application-managesites-display-component---NewSite--addressDetailDetailsYard-inner\"]"}
COMMAND: GET /session/0fb4450c6422fe69939d6824736e2f6f/screenshot - {}
RESULT: {"using":"xpath","value":"//input[@id=\"application-managesites-display-component---NewSite--addressDetailDetailsYard-inner\"]"}
COMMAND: POST /session/0fb4450c6422fe69939d6824736e2f6f/element/f.852D346EF878C3E5FC3136AC53424AFF.d.C9DEAD2D3946AE1262409D8F1F251DF9.e.1999/clear - {}
RESULT: {}
RESULT: {}
COMMAND: POST /session/0fb4450c6422fe69939d6824736e2f6f/element/f.852D346EF878C3E5FC3136AC53424AFF.d.C9DEAD2D3946AE1262409D8F1F251DF9.e.1999/value - {"text":"520"}
COMMAND: GET /session/0fb4450c6422fe69939d6824736e2f6f/screenshot - {}
RESULT: {"text":"520"}
COMMAND: GET /session/0fb4450c6422fe69939d6824736e2f6f/screenshot - {}
RESULT: {}
RESULT: {}
COMMAND: POST /session/0fb4450c6422fe69939d6824736e2f6f/element - {"using":"xpath","value":"//li[.//span[text()='520']]"}
RESULT: {"using":"xpath","value":"//li[.//span[text()='520']]"}
COMMAND: POST /session/0fb4450c6422fe69939d6824736e2f6f/element/f.852D346EF878C3E5FC3136AC53424AFF.d.C9DEAD2D3946AE1262409D8F1F251DF9.e.2257/click - {}
RESULT: {}
COMMAND: GET /session/0fb4450c6422fe69939d6824736e2f6f/screenshot - {}
RESULT: {}
COMMAND: POST /session/0fb4450c6422fe69939d6824736e2f6f/element - {"using":"xpath","value":"//input[@id=\"application-managesites-display-component---NewSite--addressDetailDetailsPartner-inner\"]"}
RESULT: {"using":"xpath","value":"//input[@id=\"application-managesites-display-component---NewSite--addressDetailDetailsPartner-inner\"]"}
COMMAND: POST /session/0fb4450c6422fe69939d6824736e2f6f/element - {"using":"xpath","value":"//input[@id=\"application-managesites-display-component---NewSite--addressDetailDetailsPartner-inner\"]"}
RESULT: {"using":"xpath","value":"//input[@id=\"application-managesites-display-component---NewSite--addressDetailDetailsPartner-inner\"]"}
COMMAND: POST /session/0fb4450c6422fe69939d6824736e2f6f/execute/async - {"script":"<script> [1562 bytes]","args":[{"selector":{"id":"application-managesites-display-component---NewSite--siteWhmCheckBox-label","interaction":{"idSuffix":"bdi"}},"wdio_ui5_key":"applicationmanagesites-display-component---NewSite--siteWhmCheckBox-label"}]}
RESULT: {"script":"<script> [1562 bytes]","args":[{"selector":{"id":"application-managesites-display-component---NewSite--siteWhmCheckBox-label","interaction":{"idSuffix":"bdi"}},"wdio_ui5_key":"applicationmanagesites-display-component---NewSite--siteWhmCheckBox-label"}]}
RESULT: undefined
COMMAND: POST /session/0fb4450c6422fe69939d6824736e2f6f/element - {"using":"xpath","value":"//*[@id=\"application-managesites-display-component---NewSite--siteWhmCheckBox-label\"]"}
RESULT: {"using":"xpath","value":"//*[@id=\"application-managesites-display-component---NewSite--siteWhmCheckBox-label\"]"}
COMMAND: POST /session/0fb4450c6422fe69939d6824736e2f6f/element/f.852D346EF878C3E5FC3136AC53424AFF.d.C9DEAD2D3946AE1262409D8F1F251DF9.e.2259/click - {}
RESULT: {}
COMMAND: GET /session/0fb4450c6422fe69939d6824736e2f6f/screenshot - {}
RESULT: {}
COMMAND: POST /session/0fb4450c6422fe69939d6824736e2f6f/element - {"using":"xpath","value":"//button[@data-kt=\"saveButton\"]"}
RESULT: {"using":"xpath","value":"//button[@data-kt=\"saveButton\"]"}
COMMAND: POST /session/0fb4450c6422fe69939d6824736e2f6f/element/f.852D346EF878C3E5FC3136AC53424AFF.d.C9DEAD2D3946AE1262409D8F1F251DF9.e.2137/click - {}
RESULT: {}
COMMAND: GET /session/0fb4450c6422fe69939d6824736e2f6f/screenshot - {}
RESULT: {}
COMMAND: POST /session/0fb4450c6422fe69939d6824736e2f6f/element - {"using":"xpath","value":"//header[contains(@id, 'ObjectPageLayout-headerTitle')]/div[1]/div[2]/div[2]/span[1]"}
RESULT: {"using":"xpath","value":"//header[contains(@id, 'ObjectPageLayout-headerTitle')]/div[1]/div[2]/div[2]/span[1]"}
COMMAND: POST /session/0fb4450c6422fe69939d6824736e2f6f/elements - {"using":"xpath","value":"//header[contains(@id, 'ObjectPageLayout-headerTitle')]/div[1]/div[2]/div[2]/span[1]"}
RESULT: {"using":"xpath","value":"//header[contains(@id, 'ObjectPageLayout-headerTitle')]/div[1]/div[2]/div[2]/span[1]"}
COMMAND: POST /session/0fb4450c6422fe69939d6824736e2f6f/execute/sync - {"script":"<script> [56 bytes]","args":[{"element-6066-11e4-a52e-4f735466cecf":"f.852D346EF878C3E5FC3136AC53424AFF.d.C9DEAD2D3946AE1262409D8F1F251DF9.e.2465","ELEMENT":"f.852D346EF878C3E5FC3136AC53424AFF.d.C9DEAD2D3946AE1262409D8F1F251DF9.e.2465"}]}
RESULT: {"script":"<script> [56 bytes]","args":[{"element-6066-11e4-a52e-4f735466cecf":"f.852D346EF878C3E5FC3136AC53424AFF.d.C9DEAD2D3946AE1262409D8F1F251DF9.e.2465","ELEMENT":"f.852D346EF878C3E5FC3136AC53424AFF.d.C9DEAD2D3946AE1262409D8F1F251DF9.e.2465"}]}
COMMAND: POST /session/0fb4450c6422fe69939d6824736e2f6f/element - {"using":"css selector","value":"#shell-header-logo"}
COMMAND: GET /session/0fb4450c6422fe69939d6824736e2f6f/screenshot - {}
RESULT: {"using":"css selector","value":"#shell-header-logo"}
COMMAND: POST /session/0fb4450c6422fe69939d6824736e2f6f/element/f.852D346EF878C3E5FC3136AC53424AFF.d.C9DEAD2D3946AE1262409D8F1F251DF9.e.1689/click - {}
RESULT: {}
RESULT: {}
COMMAND: GET /session/0fb4450c6422fe69939d6824736e2f6f/screenshot - {}
RESULT: {}
COMMAND: POST /session/0fb4450c6422fe69939d6824736e2f6f/execute/sync - {"script":"<script> [299 bytes]","args":[["getModel","getResource"]]}
RESULT: {"script":"<script> [299 bytes]","args":[["getModel","getResource"]]}
]]></system-out>
    </testcase>
    <testcase classname="chrome.136_0_7103_93.windows.Stock_increase_-_with_WHM_US125587" name="Should create a new material" time="110.212">
      <system-out><![CDATA[
COMMAND: GET /session/0fb4450c6422fe69939d6824736e2f6f/screenshot - {}
COMMAND: POST /session/0fb4450c6422fe69939d6824736e2f6f/execute/async - {"script":"<script> [1562 bytes]","args":[{"selector":{"controlType":"sap.m.GenericTile","properties":{"header":"Manage Resources"}},"wdio_ui5_key":"sapm.GenericTile{\"header\":\"Manage Resources\"}"}]}
RESULT: {}
RESULT: {"script":"<script> [1562 bytes]","args":[{"selector":{"controlType":"sap.m.GenericTile","properties":{"header":"Manage Resources"}},"wdio_ui5_key":"sapm.GenericTile{\"header\":\"Manage Resources\"}"}]}
RESULT: undefined
COMMAND: POST /session/0fb4450c6422fe69939d6824736e2f6f/element - {"using":"xpath","value":"//*[@id=\"__tile39\"]"}
RESULT: {"using":"xpath","value":"//*[@id=\"__tile39\"]"}
COMMAND: POST /session/0fb4450c6422fe69939d6824736e2f6f/element/f.852D346EF878C3E5FC3136AC53424AFF.d.C9DEAD2D3946AE1262409D8F1F251DF9.e.120/click - {}
RESULT: {}
COMMAND: GET /session/0fb4450c6422fe69939d6824736e2f6f/screenshot - {}
RESULT: {}
COMMAND: POST /session/0fb4450c6422fe69939d6824736e2f6f/elements - {"using":"xpath","value":"//span[text()='Error']"}
RESULT: {"using":"xpath","value":"//span[text()='Error']"}
COMMAND: POST /session/0fb4450c6422fe69939d6824736e2f6f/element - {"using":"xpath","value":"//button[@data-kt=\"addNewRUOverflowToolbarButton\"]"}
RESULT: {"using":"xpath","value":"//button[@data-kt=\"addNewRUOverflowToolbarButton\"]"}
COMMAND: POST /session/0fb4450c6422fe69939d6824736e2f6f/elements - {"using":"xpath","value":"//button[@data-kt=\"addNewRUOverflowToolbarButton\"]"}
RESULT: {"using":"xpath","value":"//button[@data-kt=\"addNewRUOverflowToolbarButton\"]"}
COMMAND: POST /session/0fb4450c6422fe69939d6824736e2f6f/execute/sync - {"script":"<script> [8489 bytes]","args":[{"element-6066-11e4-a52e-4f735466cecf":"f.852D346EF878C3E5FC3136AC53424AFF.d.C9DEAD2D3946AE1262409D8F1F251DF9.e.2509","ELEMENT":"f.852D346EF878C3E5FC3136AC53424AFF.d.C9DEAD2D3946AE1262409D8F1F251DF9.e.2509"}]}
RESULT: {"script":"<script> [8489 bytes]","args":[{"element-6066-11e4-a52e-4f735466cecf":"f.852D346EF878C3E5FC3136AC53424AFF.d.C9DEAD2D3946AE1262409D8F1F251DF9.e.2509","ELEMENT":"f.852D346EF878C3E5FC3136AC53424AFF.d.C9DEAD2D3946AE1262409D8F1F251DF9.e.2509"}]}
COMMAND: GET /session/0fb4450c6422fe69939d6824736e2f6f/element/f.852D346EF878C3E5FC3136AC53424AFF.d.C9DEAD2D3946AE1262409D8F1F251DF9.e.2509/enabled - {}
COMMAND: GET /session/0fb4450c6422fe69939d6824736e2f6f/screenshot - {}
RESULT: {}
COMMAND: POST /session/0fb4450c6422fe69939d6824736e2f6f/execute/sync - {"script":"<script> [8489 bytes]","args":[{"element-6066-11e4-a52e-4f735466cecf":"f.852D346EF878C3E5FC3136AC53424AFF.d.C9DEAD2D3946AE1262409D8F1F251DF9.e.2509","ELEMENT":"f.852D346EF878C3E5FC3136AC53424AFF.d.C9DEAD2D3946AE1262409D8F1F251DF9.e.2509"}]}
COMMAND: GET /session/0fb4450c6422fe69939d6824736e2f6f/screenshot - {}
RESULT: {}
RESULT: {"script":"<script> [8489 bytes]","args":[{"element-6066-11e4-a52e-4f735466cecf":"f.852D346EF878C3E5FC3136AC53424AFF.d.C9DEAD2D3946AE1262409D8F1F251DF9.e.2509","ELEMENT":"f.852D346EF878C3E5FC3136AC53424AFF.d.C9DEAD2D3946AE1262409D8F1F251DF9.e.2509"}]}
COMMAND: POST /session/0fb4450c6422fe69939d6824736e2f6f/execute/sync - {"script":"<script> [5351 bytes]","args":[{"element-6066-11e4-a52e-4f735466cecf":"f.852D346EF878C3E5FC3136AC53424AFF.d.C9DEAD2D3946AE1262409D8F1F251DF9.e.2509","ELEMENT":"f.852D346EF878C3E5FC3136AC53424AFF.d.C9DEAD2D3946AE1262409D8F1F251DF9.e.2509"}]}
COMMAND: GET /session/0fb4450c6422fe69939d6824736e2f6f/screenshot - {}
RESULT: {}
RESULT: {"script":"<script> [5351 bytes]","args":[{"element-6066-11e4-a52e-4f735466cecf":"f.852D346EF878C3E5FC3136AC53424AFF.d.C9DEAD2D3946AE1262409D8F1F251DF9.e.2509","ELEMENT":"f.852D346EF878C3E5FC3136AC53424AFF.d.C9DEAD2D3946AE1262409D8F1F251DF9.e.2509"}]}
COMMAND: POST /session/0fb4450c6422fe69939d6824736e2f6f/element/f.852D346EF878C3E5FC3136AC53424AFF.d.C9DEAD2D3946AE1262409D8F1F251DF9.e.2509/click - {}
COMMAND: GET /session/0fb4450c6422fe69939d6824736e2f6f/screenshot - {}
RESULT: {}
RESULT: {}
COMMAND: GET /session/0fb4450c6422fe69939d6824736e2f6f/screenshot - {}
RESULT: {}
RESULT: {}
COMMAND: POST /session/0fb4450c6422fe69939d6824736e2f6f/execute/async - {"script":"<script> [1562 bytes]","args":[{"selector":{"id":"application-manageresources-display-component---newResourceUnit--TYPE-arrow"},"wdio_ui5_key":"applicationmanageresources-display-component---newResourceUnit--TYPE-arrow"}]}
RESULT: {"script":"<script> [1562 bytes]","args":[{"selector":{"id":"application-manageresources-display-component---newResourceUnit--TYPE-arrow"},"wdio_ui5_key":"applicationmanageresources-display-component---newResourceUnit--TYPE-arrow"}]}
RESULT: undefined
COMMAND: POST /session/0fb4450c6422fe69939d6824736e2f6f/element - {"using":"xpath","value":"//*[@id=\"application-manageresources-display-component---newResourceUnit--TYPE-arrow\"]"}
RESULT: {"using":"xpath","value":"//*[@id=\"application-manageresources-display-component---newResourceUnit--TYPE-arrow\"]"}
COMMAND: POST /session/0fb4450c6422fe69939d6824736e2f6f/element/f.852D346EF878C3E5FC3136AC53424AFF.d.C9DEAD2D3946AE1262409D8F1F251DF9.e.2855/click - {}
RESULT: {}
COMMAND: POST /session/0fb4450c6422fe69939d6824736e2f6f/element - {"using":"xpath","value":"//input[@id=\"application-manageresources-display-component---newResourceUnit--TYPE-inner\"]"}
COMMAND: GET /session/0fb4450c6422fe69939d6824736e2f6f/screenshot - {}
RESULT: {"using":"xpath","value":"//input[@id=\"application-manageresources-display-component---newResourceUnit--TYPE-inner\"]"}
COMMAND: POST /session/0fb4450c6422fe69939d6824736e2f6f/element/f.852D346EF878C3E5FC3136AC53424AFF.d.C9DEAD2D3946AE1262409D8F1F251DF9.e.2849/clear - {}
RESULT: {}
RESULT: {}
COMMAND: POST /session/0fb4450c6422fe69939d6824736e2f6f/element/f.852D346EF878C3E5FC3136AC53424AFF.d.C9DEAD2D3946AE1262409D8F1F251DF9.e.2849/value - {"text":"Material"}
COMMAND: GET /session/0fb4450c6422fe69939d6824736e2f6f/screenshot - {}
RESULT: {"text":"Material"}
COMMAND: GET /session/0fb4450c6422fe69939d6824736e2f6f/screenshot - {}
RESULT: {}
RESULT: {}
COMMAND: POST /session/0fb4450c6422fe69939d6824736e2f6f/actions - {"actions":[{"id":"action5","type":"key","parameters":{},"actions":[{"type":"keyDown","value":"î€‡"},{"type":"pause","duration":10},{"type":"keyUp","value":"î€‡"}]}]}
RESULT: {"actions":[{"id":"action5","type":"key","parameters":{},"actions":[{"type":"keyDown","value":"î€‡"},{"type":"pause","duration":10},{"type":"keyUp","value":"î€‡"}]}]}
COMMAND: POST /session/0fb4450c6422fe69939d6824736e2f6f/execute/async - {"script":"<script> [1562 bytes]","args":[{"selector":{"id":"application-manageresources-display-component---newResourceUnit--SHORT_TEXT","interaction":{"idSuffix":"inner"}},"wdio_ui5_key":"applicationmanageresources-display-component---newResourceUnit--SHORT_TEXT"}]}
COMMAND: GET /session/0fb4450c6422fe69939d6824736e2f6f/screenshot - {}
RESULT: {"script":"<script> [1562 bytes]","args":[{"selector":{"id":"application-manageresources-display-component---newResourceUnit--SHORT_TEXT","interaction":{"idSuffix":"inner"}},"wdio_ui5_key":"applicationmanageresources-display-component---newResourceUnit--SHORT_TEXT"}]}
RESULT: undefined
COMMAND: POST /session/0fb4450c6422fe69939d6824736e2f6f/execute/async - {"script":"<script> [776 bytes]","args":[{"enterText":"Cement WDIO","selector":{"id":"application-manageresources-display-component---newResourceUnit--SHORT_TEXT","interaction":{"idSuffix":"inner"}},"clearTextFirst":true,"interactionType":"ENTER_TEXT"}]}
RESULT: {}
RESULT: {"script":"<script> [776 bytes]","args":[{"enterText":"Cement WDIO","selector":{"id":"application-manageresources-display-component---newResourceUnit--SHORT_TEXT","interaction":{"idSuffix":"inner"}},"clearTextFirst":true,"interactionType":"ENTER_TEXT"}]}
COMMAND: POST /session/0fb4450c6422fe69939d6824736e2f6f/execute/async - {"script":"<script> [1562 bytes]","args":[{"selector":{"id":"application-manageresources-display-component---newResourceUnit--BASE_UNIT_OF_MEASURE","interaction":{"idSuffix":"inner"}},"wdio_ui5_key":"applicationmanageresources-display-component---newResourceUnit--BASE_UNIT_OF_MEASURE"}]}
RESULT: {"script":"<script> [1562 bytes]","args":[{"selector":{"id":"application-manageresources-display-component---newResourceUnit--BASE_UNIT_OF_MEASURE","interaction":{"idSuffix":"inner"}},"wdio_ui5_key":"applicationmanageresources-display-component---newResourceUnit--BASE_UNIT_OF_MEASURE"}]}
RESULT: undefined
COMMAND: POST /session/0fb4450c6422fe69939d6824736e2f6f/execute/async - {"script":"<script> [776 bytes]","args":[{"enterText":"Piece","selector":{"id":"application-manageresources-display-component---newResourceUnit--BASE_UNIT_OF_MEASURE","interaction":{"idSuffix":"inner"}},"clearTextFirst":true,"interactionType":"ENTER_TEXT"}]}
RESULT: {"script":"<script> [776 bytes]","args":[{"enterText":"Piece","selector":{"id":"application-manageresources-display-component---newResourceUnit--BASE_UNIT_OF_MEASURE","interaction":{"idSuffix":"inner"}},"clearTextFirst":true,"interactionType":"ENTER_TEXT"}]}
COMMAND: POST /session/0fb4450c6422fe69939d6824736e2f6f/execute/async - {"script":"<script> [1562 bytes]","args":[{"selector":{"id":"application-manageresources-display-component---newResourceUnit--WEIGHT_UNIT","interaction":{"idSuffix":"inner"}},"wdio_ui5_key":"applicationmanageresources-display-component---newResourceUnit--WEIGHT_UNIT"}]}
RESULT: {"script":"<script> [1562 bytes]","args":[{"selector":{"id":"application-manageresources-display-component---newResourceUnit--WEIGHT_UNIT","interaction":{"idSuffix":"inner"}},"wdio_ui5_key":"applicationmanageresources-display-component---newResourceUnit--WEIGHT_UNIT"}]}
RESULT: undefined
COMMAND: POST /session/0fb4450c6422fe69939d6824736e2f6f/execute/async - {"script":"<script> [776 bytes]","args":[{"enterText":"Gram","selector":{"id":"application-manageresources-display-component---newResourceUnit--WEIGHT_UNIT","interaction":{"idSuffix":"inner"}},"clearTextFirst":true,"interactionType":"ENTER_TEXT"}]}
RESULT: {"script":"<script> [776 bytes]","args":[{"enterText":"Gram","selector":{"id":"application-manageresources-display-component---newResourceUnit--WEIGHT_UNIT","interaction":{"idSuffix":"inner"}},"clearTextFirst":true,"interactionType":"ENTER_TEXT"}]}
COMMAND: POST /session/0fb4450c6422fe69939d6824736e2f6f/execute/async - {"script":"<script> [1562 bytes]","args":[{"selector":{"id":"application-manageresources-display-component---newResourceUnit--DIMENSION_UNIT","interaction":{"idSuffix":"inner"}},"wdio_ui5_key":"applicationmanageresources-display-component---newResourceUnit--DIMENSION_UNIT"}]}
RESULT: {"script":"<script> [1562 bytes]","args":[{"selector":{"id":"application-manageresources-display-component---newResourceUnit--DIMENSION_UNIT","interaction":{"idSuffix":"inner"}},"wdio_ui5_key":"applicationmanageresources-display-component---newResourceUnit--DIMENSION_UNIT"}]}
RESULT: undefined
COMMAND: POST /session/0fb4450c6422fe69939d6824736e2f6f/execute/async - {"script":"<script> [776 bytes]","args":[{"enterText":"Meter","selector":{"id":"application-manageresources-display-component---newResourceUnit--DIMENSION_UNIT","interaction":{"idSuffix":"inner"}},"clearTextFirst":true,"interactionType":"ENTER_TEXT"}]}
RESULT: {"script":"<script> [776 bytes]","args":[{"enterText":"Meter","selector":{"id":"application-manageresources-display-component---newResourceUnit--DIMENSION_UNIT","interaction":{"idSuffix":"inner"}},"clearTextFirst":true,"interactionType":"ENTER_TEXT"}]}
COMMAND: POST /session/0fb4450c6422fe69939d6824736e2f6f/execute/async - {"script":"<script> [1562 bytes]","args":[{"selector":{"id":"application-manageresources-display-component---newResourceUnit--newRRUPage-anchBar-application-manageresources-display-component---newResourceUnit--control-anchor","interaction":{"idSuffix":"BDI-content"}},"wdio_ui5_key":"applicationmanageresources-display-component---newResourceUnit--newRRUPage-anchBar-application-manageresources-display-component---newResourceUnit--control-anchor"}]}
RESULT: {"script":"<script> [1562 bytes]","args":[{"selector":{"id":"application-manageresources-display-component---newResourceUnit--newRRUPage-anchBar-application-manageresources-display-component---newResourceUnit--control-anchor","interaction":{"idSuffix":"BDI-content"}},"wdio_ui5_key":"applicationmanageresources-display-component---newResourceUnit--newRRUPage-anchBar-application-manageresources-display-component---newResourceUnit--control-anchor"}]}
RESULT: undefined
COMMAND: POST /session/0fb4450c6422fe69939d6824736e2f6f/element - {"using":"xpath","value":"//*[@id=\"application-manageresources-display-component---newResourceUnit--newRRUPage-anchBar-application-manageresources-display-component---newResourceUnit--control-anchor\"]"}
RESULT: {"using":"xpath","value":"//*[@id=\"application-manageresources-display-component---newResourceUnit--newRRUPage-anchBar-application-manageresources-display-component---newResourceUnit--control-anchor\"]"}
COMMAND: POST /session/0fb4450c6422fe69939d6824736e2f6f/element/f.852D346EF878C3E5FC3136AC53424AFF.d.C9DEAD2D3946AE1262409D8F1F251DF9.e.2920/click - {}
RESULT: {}
COMMAND: POST /session/0fb4450c6422fe69939d6824736e2f6f/execute/async - {"script":"<script> [1562 bytes]","args":[{"selector":{"id":"application-manageresources-display-component---newResourceUnit--PLANNING_GROUP","interaction":{"idSuffix":"inner"}},"wdio_ui5_key":"applicationmanageresources-display-component---newResourceUnit--PLANNING_GROUP"}]}
COMMAND: GET /session/0fb4450c6422fe69939d6824736e2f6f/screenshot - {}
RESULT: {"script":"<script> [1562 bytes]","args":[{"selector":{"id":"application-manageresources-display-component---newResourceUnit--PLANNING_GROUP","interaction":{"idSuffix":"inner"}},"wdio_ui5_key":"applicationmanageresources-display-component---newResourceUnit--PLANNING_GROUP"}]}
RESULT: undefined
COMMAND: POST /session/0fb4450c6422fe69939d6824736e2f6f/execute/async - {"script":"<script> [776 bytes]","args":[{"enterText":"Material","selector":{"id":"application-manageresources-display-component---newResourceUnit--PLANNING_GROUP","interaction":{"idSuffix":"inner"}},"clearTextFirst":true,"interactionType":"ENTER_TEXT"}]}
RESULT: {}
RESULT: {"script":"<script> [776 bytes]","args":[{"enterText":"Material","selector":{"id":"application-manageresources-display-component---newResourceUnit--PLANNING_GROUP","interaction":{"idSuffix":"inner"}},"clearTextFirst":true,"interactionType":"ENTER_TEXT"}]}
COMMAND: POST /session/0fb4450c6422fe69939d6824736e2f6f/execute/async - {"script":"<script> [1562 bytes]","args":[{"selector":{"id":"application-manageresources-display-component---newResourceUnit--PLANNING_INDICATOR","interaction":{"idSuffix":"inner"}},"wdio_ui5_key":"applicationmanageresources-display-component---newResourceUnit--PLANNING_INDICATOR"}]}
RESULT: {"script":"<script> [1562 bytes]","args":[{"selector":{"id":"application-manageresources-display-component---newResourceUnit--PLANNING_INDICATOR","interaction":{"idSuffix":"inner"}},"wdio_ui5_key":"applicationmanageresources-display-component---newResourceUnit--PLANNING_INDICATOR"}]}
RESULT: undefined
COMMAND: POST /session/0fb4450c6422fe69939d6824736e2f6f/execute/async - {"script":"<script> [776 bytes]","args":[{"enterText":"10 - infinite","selector":{"id":"application-manageresources-display-component---newResourceUnit--PLANNING_INDICATOR","interaction":{"idSuffix":"inner"}},"clearTextFirst":true,"interactionType":"ENTER_TEXT"}]}
RESULT: {"script":"<script> [776 bytes]","args":[{"enterText":"10 - infinite","selector":{"id":"application-manageresources-display-component---newResourceUnit--PLANNING_INDICATOR","interaction":{"idSuffix":"inner"}},"clearTextFirst":true,"interactionType":"ENTER_TEXT"}]}
COMMAND: POST /session/0fb4450c6422fe69939d6824736e2f6f/element - {"using":"css selector","value":"#application-manageresources-display-component---newResourceUnit--btnAddTimeSegment"}
RESULT: {"using":"css selector","value":"#application-manageresources-display-component---newResourceUnit--btnAddTimeSegment"}
COMMAND: GET /session/0fb4450c6422fe69939d6824736e2f6f/element/f.852D346EF878C3E5FC3136AC53424AFF.d.C9DEAD2D3946AE1262409D8F1F251DF9.e.2928/rect - {}
RESULT: {}
COMMAND: GET /session/0fb4450c6422fe69939d6824736e2f6f/window/rect - {}
RESULT: {}
COMMAND: POST /session/0fb4450c6422fe69939d6824736e2f6f/execute/sync - {"script":"<script> [92 bytes]","args":[]}
RESULT: {"script":"<script> [92 bytes]","args":[]}
COMMAND: POST /session/0fb4450c6422fe69939d6824736e2f6f/actions - {"actions":[{"id":"action6","type":"wheel","parameters":{},"actions":[{"type":"scroll","x":-1888,"y":-32,"deltaX":0,"deltaY":0,"duration":0,"origin":{"element-6066-11e4-a52e-4f735466cecf":"f.852D346EF878C3E5FC3136AC53424AFF.d.C9DEAD2D3946AE1262409D8F1F251DF9.e.2928"}}]}]}
COMMAND: GET /session/0fb4450c6422fe69939d6824736e2f6f/screenshot - {}
RESULT: {}
COMMAND: POST /session/0fb4450c6422fe69939d6824736e2f6f/execute/sync - {"script":"<script> [79 bytes]","args":[{"element-6066-11e4-a52e-4f735466cecf":"f.852D346EF878C3E5FC3136AC53424AFF.d.C9DEAD2D3946AE1262409D8F1F251DF9.e.2928","ELEMENT":"f.852D346EF878C3E5FC3136AC53424AFF.d.C9DEAD2D3946AE1262409D8F1F251DF9.e.2928"},{"block":"start","inline":"nearest"}]}
RESULT: {"script":"<script> [79 bytes]","args":[{"element-6066-11e4-a52e-4f735466cecf":"f.852D346EF878C3E5FC3136AC53424AFF.d.C9DEAD2D3946AE1262409D8F1F251DF9.e.2928","ELEMENT":"f.852D346EF878C3E5FC3136AC53424AFF.d.C9DEAD2D3946AE1262409D8F1F251DF9.e.2928"},{"block":"start","inline":"nearest"}]}
COMMAND: POST /session/0fb4450c6422fe69939d6824736e2f6f/execute/async - {"script":"<script> [1562 bytes]","args":[{"selector":{"id":"application-manageresources-display-component---newResourceUnit--btnAddTimeSegment","interaction":{"idSuffix":"inner"}},"wdio_ui5_key":"applicationmanageresources-display-component---newResourceUnit--btnAddTimeSegment"}]}
COMMAND: GET /session/0fb4450c6422fe69939d6824736e2f6f/screenshot - {}
RESULT: {"script":"<script> [1562 bytes]","args":[{"selector":{"id":"application-manageresources-display-component---newResourceUnit--btnAddTimeSegment","interaction":{"idSuffix":"inner"}},"wdio_ui5_key":"applicationmanageresources-display-component---newResourceUnit--btnAddTimeSegment"}]}
RESULT: undefined
COMMAND: POST /session/0fb4450c6422fe69939d6824736e2f6f/element - {"using":"xpath","value":"//*[@id=\"application-manageresources-display-component---newResourceUnit--btnAddTimeSegment\"]"}
RESULT: {}
RESULT: {"using":"xpath","value":"//*[@id=\"application-manageresources-display-component---newResourceUnit--btnAddTimeSegment\"]"}
COMMAND: POST /session/0fb4450c6422fe69939d6824736e2f6f/element/f.852D346EF878C3E5FC3136AC53424AFF.d.C9DEAD2D3946AE1262409D8F1F251DF9.e.2928/click - {}
RESULT: {}
COMMAND: GET /session/0fb4450c6422fe69939d6824736e2f6f/screenshot - {}
RESULT: {}
COMMAND: POST /session/0fb4450c6422fe69939d6824736e2f6f/element - {"using":"xpath","value":"//input[@id=\"application-manageresources-display-component---newResourceUnit--idRuTSAdmin-application-manageresources-display-component---newResourceUnit--RUTimeSegment-0-inner\"]"}
RESULT: {"using":"xpath","value":"//input[@id=\"application-manageresources-display-component---newResourceUnit--idRuTSAdmin-application-manageresources-display-component---newResourceUnit--RUTimeSegment-0-inner\"]"}
COMMAND: POST /session/0fb4450c6422fe69939d6824736e2f6f/element/f.852D346EF878C3E5FC3136AC53424AFF.d.C9DEAD2D3946AE1262409D8F1F251DF9.e.2933/clear - {}
RESULT: {}
COMMAND: POST /session/0fb4450c6422fe69939d6824736e2f6f/element/f.852D346EF878C3E5FC3136AC53424AFF.d.C9DEAD2D3946AE1262409D8F1F251DF9.e.2933/value - {"text":"520"}
COMMAND: GET /session/0fb4450c6422fe69939d6824736e2f6f/screenshot - {}
RESULT: {"text":"520"}
COMMAND: GET /session/0fb4450c6422fe69939d6824736e2f6f/screenshot - {}
RESULT: {}
RESULT: {}
COMMAND: POST /session/0fb4450c6422fe69939d6824736e2f6f/element - {"using":"xpath","value":"//li[.//span[text()='520']]"}
RESULT: {"using":"xpath","value":"//li[.//span[text()='520']]"}
COMMAND: POST /session/0fb4450c6422fe69939d6824736e2f6f/element/f.852D346EF878C3E5FC3136AC53424AFF.d.C9DEAD2D3946AE1262409D8F1F251DF9.e.2942/click - {}
RESULT: {}
COMMAND: GET /session/0fb4450c6422fe69939d6824736e2f6f/screenshot - {}
RESULT: {}
COMMAND: POST /session/0fb4450c6422fe69939d6824736e2f6f/element - {"using":"xpath","value":"(//span[contains(@id, \"-application-manageresources-display-component---newResourceUnit--RUTimeSegment-0-arrow\")])[2]"}
RESULT: {"using":"xpath","value":"(//span[contains(@id, \"-application-manageresources-display-component---newResourceUnit--RUTimeSegment-0-arrow\")])[2]"}
COMMAND: POST /session/0fb4450c6422fe69939d6824736e2f6f/element/f.852D346EF878C3E5FC3136AC53424AFF.d.C9DEAD2D3946AE1262409D8F1F251DF9.e.2943/click - {}
RESULT: {}
COMMAND: POST /session/0fb4450c6422fe69939d6824736e2f6f/element - {"using":"xpath","value":"//span[contains(text(), \"PM Order\")]"}
COMMAND: GET /session/0fb4450c6422fe69939d6824736e2f6f/screenshot - {}
RESULT: {"using":"xpath","value":"//span[contains(text(), \"PM Order\")]"}
COMMAND: POST /session/0fb4450c6422fe69939d6824736e2f6f/element/f.852D346EF878C3E5FC3136AC53424AFF.d.C9DEAD2D3946AE1262409D8F1F251DF9.e.2944/click - {}
RESULT: {}
RESULT: {}
COMMAND: GET /session/0fb4450c6422fe69939d6824736e2f6f/screenshot - {}
RESULT: {}
COMMAND: POST /session/0fb4450c6422fe69939d6824736e2f6f/element - {"using":"xpath","value":"//td/div/div/div/span[contains(@id, \"newResourceUnit--RUTimeSegment-0-vhi\")][1]"}
RESULT: {"using":"xpath","value":"//td/div/div/div/span[contains(@id, \"newResourceUnit--RUTimeSegment-0-vhi\")][1]"}
COMMAND: GET /session/0fb4450c6422fe69939d6824736e2f6f/element/f.852D346EF878C3E5FC3136AC53424AFF.d.C9DEAD2D3946AE1262409D8F1F251DF9.e.2948/rect - {}
RESULT: {}
COMMAND: GET /session/0fb4450c6422fe69939d6824736e2f6f/window/rect - {}
RESULT: {}
COMMAND: POST /session/0fb4450c6422fe69939d6824736e2f6f/execute/sync - {"script":"<script> [92 bytes]","args":[]}
RESULT: {"script":"<script> [92 bytes]","args":[]}
COMMAND: POST /session/0fb4450c6422fe69939d6824736e2f6f/actions - {"actions":[{"id":"action7","type":"wheel","parameters":{},"actions":[{"type":"scroll","x":-1888,"y":-24,"deltaX":0,"deltaY":0,"duration":0,"origin":{"element-6066-11e4-a52e-4f735466cecf":"f.852D346EF878C3E5FC3136AC53424AFF.d.C9DEAD2D3946AE1262409D8F1F251DF9.e.2948"}}]}]}
COMMAND: GET /session/0fb4450c6422fe69939d6824736e2f6f/screenshot - {}
RESULT: {}
COMMAND: POST /session/0fb4450c6422fe69939d6824736e2f6f/execute/sync - {"script":"<script> [79 bytes]","args":[{"element-6066-11e4-a52e-4f735466cecf":"f.852D346EF878C3E5FC3136AC53424AFF.d.C9DEAD2D3946AE1262409D8F1F251DF9.e.2948","ELEMENT":"f.852D346EF878C3E5FC3136AC53424AFF.d.C9DEAD2D3946AE1262409D8F1F251DF9.e.2948"},{"block":"start","inline":"nearest"}]}
RESULT: {"script":"<script> [79 bytes]","args":[{"element-6066-11e4-a52e-4f735466cecf":"f.852D346EF878C3E5FC3136AC53424AFF.d.C9DEAD2D3946AE1262409D8F1F251DF9.e.2948","ELEMENT":"f.852D346EF878C3E5FC3136AC53424AFF.d.C9DEAD2D3946AE1262409D8F1F251DF9.e.2948"},{"block":"start","inline":"nearest"}]}
COMMAND: GET /session/0fb4450c6422fe69939d6824736e2f6f/screenshot - {}
RESULT: {}
COMMAND: POST /session/0fb4450c6422fe69939d6824736e2f6f/element/f.852D346EF878C3E5FC3136AC53424AFF.d.C9DEAD2D3946AE1262409D8F1F251DF9.e.2948/click - {}
RESULT: {}
COMMAND: GET /session/0fb4450c6422fe69939d6824736e2f6f/screenshot - {}
RESULT: {}
RESULT: undefined
COMMAND: POST /session/0fb4450c6422fe69939d6824736e2f6f/execute/async - {"script":"<script> [776 bytes]","args":[{"enterText":"4000360","selector":{"controlType":"sap.m.SearchField","properties":{"placeholder":"Search"},"searchOpenDialogs":true,"interaction":{"idSuffix":"I"}},"clearTextFirst":true,"interactionType":"ENTER_TEXT"}]}
RESULT: {"script":"<script> [776 bytes]","args":[{"enterText":"4000360","selector":{"controlType":"sap.m.SearchField","properties":{"placeholder":"Search"},"searchOpenDialogs":true,"interaction":{"idSuffix":"I"}},"clearTextFirst":true,"interactionType":"ENTER_TEXT"}]}
COMMAND: POST /session/0fb4450c6422fe69939d6824736e2f6f/actions - {"actions":[{"id":"action8","type":"key","parameters":{},"actions":[{"type":"keyDown","value":"î€‡"},{"type":"pause","duration":10},{"type":"keyUp","value":"î€‡"}]}]}
RESULT: {"actions":[{"id":"action8","type":"key","parameters":{},"actions":[{"type":"keyDown","value":"î€‡"},{"type":"pause","duration":10},{"type":"keyUp","value":"î€‡"}]}]}
COMMAND: GET /session/0fb4450c6422fe69939d6824736e2f6f/screenshot - {}
RESULT: {}
COMMAND: POST /session/0fb4450c6422fe69939d6824736e2f6f/element - {"using":"xpath","value":"//td/div/span[contains(text(), \"BGL Vehicles\")]"}
RESULT: {"using":"xpath","value":"//td/div/span[contains(text(), \"BGL Vehicles\")]"}
COMMAND: POST /session/0fb4450c6422fe69939d6824736e2f6f/element/f.852D346EF878C3E5FC3136AC53424AFF.d.C9DEAD2D3946AE1262409D8F1F251DF9.e.2968/click - {}
RESULT: {}
COMMAND: GET /session/0fb4450c6422fe69939d6824736e2f6f/screenshot - {}
RESULT: {}
COMMAND: POST /session/0fb4450c6422fe69939d6824736e2f6f/element - {"using":"xpath","value":"//bdi[contains(text(), \"OK\")]"}
RESULT: {"using":"xpath","value":"//bdi[contains(text(), \"OK\")]"}
COMMAND: POST /session/0fb4450c6422fe69939d6824736e2f6f/element/f.852D346EF878C3E5FC3136AC53424AFF.d.C9DEAD2D3946AE1262409D8F1F251DF9.e.2969/click - {}
RESULT: {}
COMMAND: GET /session/0fb4450c6422fe69939d6824736e2f6f/screenshot - {}
RESULT: {}
COMMAND: POST /session/0fb4450c6422fe69939d6824736e2f6f/element - {"using":"xpath","value":"//label[contains(@class, 'sapMLabelRequired') and .//bdi[contains(text(), 'Planned Retirement')]]"}
RESULT: {"using":"xpath","value":"//label[contains(@class, 'sapMLabelRequired') and .//bdi[contains(text(), 'Planned Retirement')]]"}
COMMAND: POST /session/0fb4450c6422fe69939d6824736e2f6f/elements - {"using":"xpath","value":"//label[contains(@class, 'sapMLabelRequired') and .//bdi[contains(text(), 'Planned Retirement')]]"}
RESULT: {"using":"xpath","value":"//label[contains(@class, 'sapMLabelRequired') and .//bdi[contains(text(), 'Planned Retirement')]]"}
COMMAND: POST /session/0fb4450c6422fe69939d6824736e2f6f/element - {"using":"xpath","value":"//button[@data-kt=\"resourceUnitSaveButton\"]"}
RESULT: {"using":"xpath","value":"//button[@data-kt=\"resourceUnitSaveButton\"]"}
COMMAND: POST /session/0fb4450c6422fe69939d6824736e2f6f/element/f.852D346EF878C3E5FC3136AC53424AFF.d.C9DEAD2D3946AE1262409D8F1F251DF9.e.2873/click - {}
RESULT: {}
COMMAND: GET /session/0fb4450c6422fe69939d6824736e2f6f/screenshot - {}
RESULT: {}
COMMAND: POST /session/0fb4450c6422fe69939d6824736e2f6f/element - {"using":"xpath","value":"//bdi[contains(text(), \"Close\")]"}
RESULT: {"using":"xpath","value":"//bdi[contains(text(), \"Close\")]"}
COMMAND: POST /session/0fb4450c6422fe69939d6824736e2f6f/element/f.852D346EF878C3E5FC3136AC53424AFF.d.C9DEAD2D3946AE1262409D8F1F251DF9.e.2975/click - {}
RESULT: {}
COMMAND: GET /session/0fb4450c6422fe69939d6824736e2f6f/screenshot - {}
RESULT: {}
COMMAND: POST /session/0fb4450c6422fe69939d6824736e2f6f/element - {"using":"xpath","value":"//header[contains(@id, 'detailRruPage-headerTitle')]/div[1]/div[2]/div[2]/span[1]"}
RESULT: {"using":"xpath","value":"//header[contains(@id, 'detailRruPage-headerTitle')]/div[1]/div[2]/div[2]/span[1]"}
COMMAND: POST /session/0fb4450c6422fe69939d6824736e2f6f/elements - {"using":"xpath","value":"//header[contains(@id, 'detailRruPage-headerTitle')]/div[1]/div[2]/div[2]/span[1]"}
RESULT: {"using":"xpath","value":"//header[contains(@id, 'detailRruPage-headerTitle')]/div[1]/div[2]/div[2]/span[1]"}
COMMAND: POST /session/0fb4450c6422fe69939d6824736e2f6f/execute/sync - {"script":"<script> [56 bytes]","args":[{"element-6066-11e4-a52e-4f735466cecf":"f.852D346EF878C3E5FC3136AC53424AFF.d.C9DEAD2D3946AE1262409D8F1F251DF9.e.3007","ELEMENT":"f.852D346EF878C3E5FC3136AC53424AFF.d.C9DEAD2D3946AE1262409D8F1F251DF9.e.3007"}]}
RESULT: {"script":"<script> [56 bytes]","args":[{"element-6066-11e4-a52e-4f735466cecf":"f.852D346EF878C3E5FC3136AC53424AFF.d.C9DEAD2D3946AE1262409D8F1F251DF9.e.3007","ELEMENT":"f.852D346EF878C3E5FC3136AC53424AFF.d.C9DEAD2D3946AE1262409D8F1F251DF9.e.3007"}]}
COMMAND: POST /session/0fb4450c6422fe69939d6824736e2f6f/element - {"using":"css selector","value":"#shell-header-logo"}
COMMAND: GET /session/0fb4450c6422fe69939d6824736e2f6f/screenshot - {}
RESULT: {"using":"css selector","value":"#shell-header-logo"}
COMMAND: POST /session/0fb4450c6422fe69939d6824736e2f6f/element/f.852D346EF878C3E5FC3136AC53424AFF.d.C9DEAD2D3946AE1262409D8F1F251DF9.e.2470/click - {}
RESULT: {}
RESULT: {}
COMMAND: GET /session/0fb4450c6422fe69939d6824736e2f6f/screenshot - {}
RESULT: {}
]]></system-out>
    </testcase>
    <testcase classname="chrome.136_0_7103_93.windows.Stock_increase_-_with_WHM_US125587" name="Bin Status Report Should Create New Organization yard" time="80.357">
      <system-out><![CDATA[
COMMAND: POST /session/0fb4450c6422fe69939d6824736e2f6f/execute/async - {"script":"<script> [1562 bytes]","args":[{"selector":{"controlType":"sap.m.GenericTile","properties":{"header":"Bin Status Report"}},"wdio_ui5_key":"sapm.GenericTile{\"header\":\"Bin Status Report\"}"}]}
RESULT: {"script":"<script> [1562 bytes]","args":[{"selector":{"controlType":"sap.m.GenericTile","properties":{"header":"Bin Status Report"}},"wdio_ui5_key":"sapm.GenericTile{\"header\":\"Bin Status Report\"}"}]}
RESULT: undefined
COMMAND: POST /session/0fb4450c6422fe69939d6824736e2f6f/element - {"using":"xpath","value":"//*[@id=\"__tile104\"]"}
RESULT: {"using":"xpath","value":"//*[@id=\"__tile104\"]"}
COMMAND: POST /session/0fb4450c6422fe69939d6824736e2f6f/element/f.852D346EF878C3E5FC3136AC53424AFF.d.C9DEAD2D3946AE1262409D8F1F251DF9.e.3009/click - {}
RESULT: {}
COMMAND: GET /session/0fb4450c6422fe69939d6824736e2f6f/screenshot - {}
RESULT: {}
COMMAND: POST /session/0fb4450c6422fe69939d6824736e2f6f/elements - {"using":"xpath","value":"//span[text()='Error']"}
RESULT: {"using":"xpath","value":"//span[text()='Error']"}
COMMAND: POST /session/0fb4450c6422fe69939d6824736e2f6f/element - {"using":"xpath","value":"//button[@id=\"application-binstatusreport-display-component---warehousing--createOrgBtn\"]"}
RESULT: {"using":"xpath","value":"//button[@id=\"application-binstatusreport-display-component---warehousing--createOrgBtn\"]"}
COMMAND: POST /session/0fb4450c6422fe69939d6824736e2f6f/elements - {"using":"xpath","value":"//button[@id=\"application-binstatusreport-display-component---warehousing--createOrgBtn\"]"}
RESULT: {"using":"xpath","value":"//button[@id=\"application-binstatusreport-display-component---warehousing--createOrgBtn\"]"}
COMMAND: POST /session/0fb4450c6422fe69939d6824736e2f6f/execute/sync - {"script":"<script> [8489 bytes]","args":[{"element-6066-11e4-a52e-4f735466cecf":"f.852D346EF878C3E5FC3136AC53424AFF.d.C9DEAD2D3946AE1262409D8F1F251DF9.e.3068","ELEMENT":"f.852D346EF878C3E5FC3136AC53424AFF.d.C9DEAD2D3946AE1262409D8F1F251DF9.e.3068"}]}
RESULT: {"script":"<script> [8489 bytes]","args":[{"element-6066-11e4-a52e-4f735466cecf":"f.852D346EF878C3E5FC3136AC53424AFF.d.C9DEAD2D3946AE1262409D8F1F251DF9.e.3068","ELEMENT":"f.852D346EF878C3E5FC3136AC53424AFF.d.C9DEAD2D3946AE1262409D8F1F251DF9.e.3068"}]}
COMMAND: GET /session/0fb4450c6422fe69939d6824736e2f6f/element/f.852D346EF878C3E5FC3136AC53424AFF.d.C9DEAD2D3946AE1262409D8F1F251DF9.e.3068/enabled - {}
COMMAND: GET /session/0fb4450c6422fe69939d6824736e2f6f/screenshot - {}
RESULT: {}
COMMAND: POST /session/0fb4450c6422fe69939d6824736e2f6f/execute/sync - {"script":"<script> [8489 bytes]","args":[{"element-6066-11e4-a52e-4f735466cecf":"f.852D346EF878C3E5FC3136AC53424AFF.d.C9DEAD2D3946AE1262409D8F1F251DF9.e.3068","ELEMENT":"f.852D346EF878C3E5FC3136AC53424AFF.d.C9DEAD2D3946AE1262409D8F1F251DF9.e.3068"}]}
COMMAND: GET /session/0fb4450c6422fe69939d6824736e2f6f/screenshot - {}
RESULT: {}
RESULT: {"script":"<script> [8489 bytes]","args":[{"element-6066-11e4-a52e-4f735466cecf":"f.852D346EF878C3E5FC3136AC53424AFF.d.C9DEAD2D3946AE1262409D8F1F251DF9.e.3068","ELEMENT":"f.852D346EF878C3E5FC3136AC53424AFF.d.C9DEAD2D3946AE1262409D8F1F251DF9.e.3068"}]}
COMMAND: POST /session/0fb4450c6422fe69939d6824736e2f6f/execute/sync - {"script":"<script> [5351 bytes]","args":[{"element-6066-11e4-a52e-4f735466cecf":"f.852D346EF878C3E5FC3136AC53424AFF.d.C9DEAD2D3946AE1262409D8F1F251DF9.e.3068","ELEMENT":"f.852D346EF878C3E5FC3136AC53424AFF.d.C9DEAD2D3946AE1262409D8F1F251DF9.e.3068"}]}
COMMAND: GET /session/0fb4450c6422fe69939d6824736e2f6f/screenshot - {}
RESULT: {}
RESULT: {"script":"<script> [5351 bytes]","args":[{"element-6066-11e4-a52e-4f735466cecf":"f.852D346EF878C3E5FC3136AC53424AFF.d.C9DEAD2D3946AE1262409D8F1F251DF9.e.3068","ELEMENT":"f.852D346EF878C3E5FC3136AC53424AFF.d.C9DEAD2D3946AE1262409D8F1F251DF9.e.3068"}]}
COMMAND: GET /session/0fb4450c6422fe69939d6824736e2f6f/screenshot - {}
RESULT: {}
RESULT: {}
COMMAND: POST /session/0fb4450c6422fe69939d6824736e2f6f/element/f.852D346EF878C3E5FC3136AC53424AFF.d.C9DEAD2D3946AE1262409D8F1F251DF9.e.3068/click - {}
RESULT: {}
COMMAND: GET /session/0fb4450c6422fe69939d6824736e2f6f/screenshot - {}
RESULT: {}
COMMAND: POST /session/0fb4450c6422fe69939d6824736e2f6f/execute/async - {"script":"<script> [1562 bytes]","args":[{"selector":{"id":"createOrganizationPop--sectionInput","searchOpenDialogs":true,"interaction":{"idSuffix":"inner"}},"wdio_ui5_key":"createOrganizationPopsectionInput"}]}
RESULT: {"script":"<script> [1562 bytes]","args":[{"selector":{"id":"createOrganizationPop--sectionInput","searchOpenDialogs":true,"interaction":{"idSuffix":"inner"}},"wdio_ui5_key":"createOrganizationPopsectionInput"}]}
RESULT: undefined
COMMAND: POST /session/0fb4450c6422fe69939d6824736e2f6f/execute/async - {"script":"<script> [776 bytes]","args":[{"enterText":"WDIO-520","selector":{"id":"createOrganizationPop--sectionInput","searchOpenDialogs":true,"interaction":{"idSuffix":"inner"}},"clearTextFirst":true,"interactionType":"ENTER_TEXT"}]}
RESULT: {"script":"<script> [776 bytes]","args":[{"enterText":"WDIO-520","selector":{"id":"createOrganizationPop--sectionInput","searchOpenDialogs":true,"interaction":{"idSuffix":"inner"}},"clearTextFirst":true,"interactionType":"ENTER_TEXT"}]}
COMMAND: POST /session/0fb4450c6422fe69939d6824736e2f6f/execute/async - {"script":"<script> [1562 bytes]","args":[{"selector":{"id":"createOrganizationPop--descriptionInput","searchOpenDialogs":true,"interaction":{"idSuffix":"inner"}},"wdio_ui5_key":"createOrganizationPopdescriptionInput"}]}
RESULT: {"script":"<script> [1562 bytes]","args":[{"selector":{"id":"createOrganizationPop--descriptionInput","searchOpenDialogs":true,"interaction":{"idSuffix":"inner"}},"wdio_ui5_key":"createOrganizationPopdescriptionInput"}]}
RESULT: undefined
COMMAND: POST /session/0fb4450c6422fe69939d6824736e2f6f/execute/async - {"script":"<script> [776 bytes]","args":[{"enterText":"Shipping-520","selector":{"id":"createOrganizationPop--descriptionInput","searchOpenDialogs":true,"interaction":{"idSuffix":"inner"}},"clearTextFirst":true,"interactionType":"ENTER_TEXT"}]}
RESULT: {"script":"<script> [776 bytes]","args":[{"enterText":"Shipping-520","selector":{"id":"createOrganizationPop--descriptionInput","searchOpenDialogs":true,"interaction":{"idSuffix":"inner"}},"clearTextFirst":true,"interactionType":"ENTER_TEXT"}]}
COMMAND: POST /session/0fb4450c6422fe69939d6824736e2f6f/element - {"using":"css selector","value":"#createOrganizationPop--yardOrg-inner"}
RESULT: {"using":"css selector","value":"#createOrganizationPop--yardOrg-inner"}
COMMAND: POST /session/0fb4450c6422fe69939d6824736e2f6f/element/f.852D346EF878C3E5FC3136AC53424AFF.d.C9DEAD2D3946AE1262409D8F1F251DF9.e.3112/clear - {}
RESULT: {}
COMMAND: POST /session/0fb4450c6422fe69939d6824736e2f6f/element/f.852D346EF878C3E5FC3136AC53424AFF.d.C9DEAD2D3946AE1262409D8F1F251DF9.e.3112/value - {"text":"520"}
COMMAND: GET /session/0fb4450c6422fe69939d6824736e2f6f/screenshot - {}
RESULT: {"text":"520"}
COMMAND: GET /session/0fb4450c6422fe69939d6824736e2f6f/screenshot - {}
RESULT: {}
RESULT: {}
COMMAND: POST /session/0fb4450c6422fe69939d6824736e2f6f/actions - {"actions":[{"id":"action9","type":"key","parameters":{},"actions":[{"type":"keyDown","value":"î€‡"},{"type":"pause","duration":10},{"type":"keyUp","value":"î€‡"}]}]}
RESULT: {"actions":[{"id":"action9","type":"key","parameters":{},"actions":[{"type":"keyDown","value":"î€‡"},{"type":"pause","duration":10},{"type":"keyUp","value":"î€‡"}]}]}
COMMAND: POST /session/0fb4450c6422fe69939d6824736e2f6f/execute/async - {"script":"<script> [1562 bytes]","args":[{"selector":{"id":"createOrganizationPop--grZone","searchOpenDialogs":true,"interaction":{"idSuffix":"CbBg"}},"wdio_ui5_key":"createOrganizationPopgrZone"}]}
COMMAND: GET /session/0fb4450c6422fe69939d6824736e2f6f/screenshot - {}
RESULT: {"script":"<script> [1562 bytes]","args":[{"selector":{"id":"createOrganizationPop--grZone","searchOpenDialogs":true,"interaction":{"idSuffix":"CbBg"}},"wdio_ui5_key":"createOrganizationPopgrZone"}]}
RESULT: undefined
COMMAND: POST /session/0fb4450c6422fe69939d6824736e2f6f/element - {"using":"xpath","value":"//*[@id=\"createOrganizationPop--grZone\"]"}
RESULT: {}
RESULT: {"using":"xpath","value":"//*[@id=\"createOrganizationPop--grZone\"]"}
COMMAND: POST /session/0fb4450c6422fe69939d6824736e2f6f/element/f.852D346EF878C3E5FC3136AC53424AFF.d.C9DEAD2D3946AE1262409D8F1F251DF9.e.3133/click - {}
RESULT: {}
COMMAND: GET /session/0fb4450c6422fe69939d6824736e2f6f/screenshot - {}
RESULT: {}
COMMAND: POST /session/0fb4450c6422fe69939d6824736e2f6f/execute/async - {"script":"<script> [1562 bytes]","args":[{"selector":{"id":"createOrganizationPop--giZone","searchOpenDialogs":true,"interaction":{"idSuffix":"CbBg"}},"wdio_ui5_key":"createOrganizationPopgiZone"}]}
RESULT: {"script":"<script> [1562 bytes]","args":[{"selector":{"id":"createOrganizationPop--giZone","searchOpenDialogs":true,"interaction":{"idSuffix":"CbBg"}},"wdio_ui5_key":"createOrganizationPopgiZone"}]}
RESULT: undefined
COMMAND: POST /session/0fb4450c6422fe69939d6824736e2f6f/element - {"using":"xpath","value":"//*[@id=\"createOrganizationPop--giZone\"]"}
RESULT: {"using":"xpath","value":"//*[@id=\"createOrganizationPop--giZone\"]"}
COMMAND: POST /session/0fb4450c6422fe69939d6824736e2f6f/element/f.852D346EF878C3E5FC3136AC53424AFF.d.C9DEAD2D3946AE1262409D8F1F251DF9.e.3135/click - {}
RESULT: {}
COMMAND: GET /session/0fb4450c6422fe69939d6824736e2f6f/screenshot - {}
RESULT: {}
COMMAND: POST /session/0fb4450c6422fe69939d6824736e2f6f/execute/async - {"script":"<script> [1562 bytes]","args":[{"selector":{"id":"createOrganizationPop--binNoInput","searchOpenDialogs":true,"interaction":{"idSuffix":"inner"}},"wdio_ui5_key":"createOrganizationPopbinNoInput"}]}
RESULT: {"script":"<script> [1562 bytes]","args":[{"selector":{"id":"createOrganizationPop--binNoInput","searchOpenDialogs":true,"interaction":{"idSuffix":"inner"}},"wdio_ui5_key":"createOrganizationPopbinNoInput"}]}
RESULT: undefined
COMMAND: POST /session/0fb4450c6422fe69939d6824736e2f6f/execute/async - {"script":"<script> [776 bytes]","args":[{"enterText":"Bin-Wd","selector":{"id":"createOrganizationPop--binNoInput","searchOpenDialogs":true,"interaction":{"idSuffix":"inner"}},"clearTextFirst":true,"interactionType":"ENTER_TEXT"}]}
RESULT: {"script":"<script> [776 bytes]","args":[{"enterText":"Bin-Wd","selector":{"id":"createOrganizationPop--binNoInput","searchOpenDialogs":true,"interaction":{"idSuffix":"inner"}},"clearTextFirst":true,"interactionType":"ENTER_TEXT"}]}
COMMAND: POST /session/0fb4450c6422fe69939d6824736e2f6f/execute/async - {"script":"<script> [1562 bytes]","args":[{"selector":{"id":"createOrganizationPop--descriptionId","searchOpenDialogs":true,"interaction":{"idSuffix":"inner"}},"wdio_ui5_key":"createOrganizationPopdescriptionId"}]}
RESULT: {"script":"<script> [1562 bytes]","args":[{"selector":{"id":"createOrganizationPop--descriptionId","searchOpenDialogs":true,"interaction":{"idSuffix":"inner"}},"wdio_ui5_key":"createOrganizationPopdescriptionId"}]}
RESULT: undefined
COMMAND: POST /session/0fb4450c6422fe69939d6824736e2f6f/execute/async - {"script":"<script> [776 bytes]","args":[{"enterText":"Shipping-Wd","selector":{"id":"createOrganizationPop--descriptionId","searchOpenDialogs":true,"interaction":{"idSuffix":"inner"}},"clearTextFirst":true,"interactionType":"ENTER_TEXT"}]}
RESULT: {"script":"<script> [776 bytes]","args":[{"enterText":"Shipping-Wd","selector":{"id":"createOrganizationPop--descriptionId","searchOpenDialogs":true,"interaction":{"idSuffix":"inner"}},"clearTextFirst":true,"interactionType":"ENTER_TEXT"}]}
COMMAND: POST /session/0fb4450c6422fe69939d6824736e2f6f/execute/async - {"script":"<script> [1562 bytes]","args":[{"selector":{"controlType":"sap.m.CheckBox","viewName":"etm.portal.ui.binstatusreport.view.MasterWareBins","viewId":"application-binstatusreport-display-component---warehousing","bindingPath":{"path":"","propertyPath":"/ZONE","modelName":"newBin"},"searchOpenDialogs":true,"interaction":{"idSuffix":"CbBg"}},"wdio_ui5_key":"etmportal.ui.binstatusreport.view.MasterWareBinssap.m.CheckBox{\"path\":\"\",\"propertyPath\":\"/ZONE\",\"modelName\":\"newBin\"}"}]}
RESULT: {"script":"<script> [1562 bytes]","args":[{"selector":{"controlType":"sap.m.CheckBox","viewName":"etm.portal.ui.binstatusreport.view.MasterWareBins","viewId":"application-binstatusreport-display-component---warehousing","bindingPath":{"path":"","propertyPath":"/ZONE","modelName":"newBin"},"searchOpenDialogs":true,"interaction":{"idSuffix":"CbBg"}},"wdio_ui5_key":"etmportal.ui.binstatusreport.view.MasterWareBinssap.m.CheckBox{\"path\":\"\",\"propertyPath\":\"/ZONE\",\"modelName\":\"newBin\"}"}]}
RESULT: undefined
COMMAND: POST /session/0fb4450c6422fe69939d6824736e2f6f/element - {"using":"xpath","value":"//*[@id=\"__box56\"]"}
RESULT: {"using":"xpath","value":"//*[@id=\"__box56\"]"}
COMMAND: POST /session/0fb4450c6422fe69939d6824736e2f6f/element/f.852D346EF878C3E5FC3136AC53424AFF.d.C9DEAD2D3946AE1262409D8F1F251DF9.e.3139/click - {}
RESULT: {}
COMMAND: GET /session/0fb4450c6422fe69939d6824736e2f6f/screenshot - {}
RESULT: {}
COMMAND: POST /session/0fb4450c6422fe69939d6824736e2f6f/execute/async - {"script":"<script> [1562 bytes]","args":[{"selector":{"id":"createOrganizationPop--binTypesCB","searchOpenDialogs":true,"interaction":{"idSuffix":"inner"}},"wdio_ui5_key":"createOrganizationPopbinTypesCB"}]}
RESULT: {"script":"<script> [1562 bytes]","args":[{"selector":{"id":"createOrganizationPop--binTypesCB","searchOpenDialogs":true,"interaction":{"idSuffix":"inner"}},"wdio_ui5_key":"createOrganizationPopbinTypesCB"}]}
RESULT: undefined
COMMAND: POST /session/0fb4450c6422fe69939d6824736e2f6f/execute/async - {"script":"<script> [776 bytes]","args":[{"enterText":"1 - General / No capacity check","selector":{"id":"createOrganizationPop--binTypesCB","searchOpenDialogs":true,"interaction":{"idSuffix":"inner"}},"clearTextFirst":true,"interactionType":"ENTER_TEXT"}]}
RESULT: {"script":"<script> [776 bytes]","args":[{"enterText":"1 - General / No capacity check","selector":{"id":"createOrganizationPop--binTypesCB","searchOpenDialogs":true,"interaction":{"idSuffix":"inner"}},"clearTextFirst":true,"interactionType":"ENTER_TEXT"}]}
COMMAND: POST /session/0fb4450c6422fe69939d6824736e2f6f/actions - {"actions":[{"id":"action10","type":"key","parameters":{},"actions":[{"type":"keyDown","value":"î€‡"},{"type":"pause","duration":10},{"type":"keyUp","value":"î€‡"}]}]}
RESULT: {"actions":[{"id":"action10","type":"key","parameters":{},"actions":[{"type":"keyDown","value":"î€‡"},{"type":"pause","duration":10},{"type":"keyUp","value":"î€‡"}]}]}
COMMAND: GET /session/0fb4450c6422fe69939d6824736e2f6f/screenshot - {}
RESULT: {}
COMMAND: POST /session/0fb4450c6422fe69939d6824736e2f6f/execute/async - {"script":"<script> [1562 bytes]","args":[{"selector":{"id":"createOrganizationPop--finishBtn","searchOpenDialogs":true,"interaction":{"idSuffix":"BDI-content"}},"wdio_ui5_key":"createOrganizationPopfinishBtn"}]}
RESULT: {"script":"<script> [1562 bytes]","args":[{"selector":{"id":"createOrganizationPop--finishBtn","searchOpenDialogs":true,"interaction":{"idSuffix":"BDI-content"}},"wdio_ui5_key":"createOrganizationPopfinishBtn"}]}
RESULT: undefined
COMMAND: POST /session/0fb4450c6422fe69939d6824736e2f6f/element - {"using":"xpath","value":"//*[@id=\"createOrganizationPop--finishBtn\"]"}
RESULT: {"using":"xpath","value":"//*[@id=\"createOrganizationPop--finishBtn\"]"}
COMMAND: POST /session/0fb4450c6422fe69939d6824736e2f6f/element/f.852D346EF878C3E5FC3136AC53424AFF.d.C9DEAD2D3946AE1262409D8F1F251DF9.e.3142/click - {}
RESULT: {}
COMMAND: GET /session/0fb4450c6422fe69939d6824736e2f6f/screenshot - {}
RESULT: {}
COMMAND: POST /session/0fb4450c6422fe69939d6824736e2f6f/element - {"using":"css selector","value":"#shell-header-logo"}
RESULT: {"using":"css selector","value":"#shell-header-logo"}
COMMAND: POST /session/0fb4450c6422fe69939d6824736e2f6f/element/f.852D346EF878C3E5FC3136AC53424AFF.d.C9DEAD2D3946AE1262409D8F1F251DF9.e.3015/click - {}
RESULT: {}
COMMAND: GET /session/0fb4450c6422fe69939d6824736e2f6f/screenshot - {}
RESULT: {}
]]></system-out>
    </testcase>
    <testcase classname="chrome.136_0_7103_93.windows.Stock_increase_-_with_WHM_US125587" name="Bin Status Report Should Create New Organization for Site" time="64.868">
      <system-out><![CDATA[
RESULT: undefined
COMMAND: POST /session/0fb4450c6422fe69939d6824736e2f6f/element - {"using":"xpath","value":"//*[@id=\"__tile104\"]"}
RESULT: {"using":"xpath","value":"//*[@id=\"__tile104\"]"}
COMMAND: POST /session/0fb4450c6422fe69939d6824736e2f6f/element/f.852D346EF878C3E5FC3136AC53424AFF.d.C9DEAD2D3946AE1262409D8F1F251DF9.e.3009/click - {}
RESULT: {}
COMMAND: GET /session/0fb4450c6422fe69939d6824736e2f6f/screenshot - {}
RESULT: {}
COMMAND: POST /session/0fb4450c6422fe69939d6824736e2f6f/elements - {"using":"xpath","value":"//span[text()='Error']"}
RESULT: {"using":"xpath","value":"//span[text()='Error']"}
COMMAND: POST /session/0fb4450c6422fe69939d6824736e2f6f/element - {"using":"xpath","value":"//button[@id=\"application-binstatusreport-display-component---warehousing--createOrgBtn\"]"}
RESULT: {"using":"xpath","value":"//button[@id=\"application-binstatusreport-display-component---warehousing--createOrgBtn\"]"}
COMMAND: POST /session/0fb4450c6422fe69939d6824736e2f6f/elements - {"using":"xpath","value":"//button[@id=\"application-binstatusreport-display-component---warehousing--createOrgBtn\"]"}
RESULT: {"using":"xpath","value":"//button[@id=\"application-binstatusreport-display-component---warehousing--createOrgBtn\"]"}
COMMAND: POST /session/0fb4450c6422fe69939d6824736e2f6f/execute/sync - {"script":"<script> [8489 bytes]","args":[{"element-6066-11e4-a52e-4f735466cecf":"f.852D346EF878C3E5FC3136AC53424AFF.d.C9DEAD2D3946AE1262409D8F1F251DF9.e.3204","ELEMENT":"f.852D346EF878C3E5FC3136AC53424AFF.d.C9DEAD2D3946AE1262409D8F1F251DF9.e.3204"}]}
RESULT: {"script":"<script> [8489 bytes]","args":[{"element-6066-11e4-a52e-4f735466cecf":"f.852D346EF878C3E5FC3136AC53424AFF.d.C9DEAD2D3946AE1262409D8F1F251DF9.e.3204","ELEMENT":"f.852D346EF878C3E5FC3136AC53424AFF.d.C9DEAD2D3946AE1262409D8F1F251DF9.e.3204"}]}
COMMAND: GET /session/0fb4450c6422fe69939d6824736e2f6f/element/f.852D346EF878C3E5FC3136AC53424AFF.d.C9DEAD2D3946AE1262409D8F1F251DF9.e.3204/enabled - {}
COMMAND: GET /session/0fb4450c6422fe69939d6824736e2f6f/screenshot - {}
RESULT: {}
COMMAND: POST /session/0fb4450c6422fe69939d6824736e2f6f/execute/sync - {"script":"<script> [8489 bytes]","args":[{"element-6066-11e4-a52e-4f735466cecf":"f.852D346EF878C3E5FC3136AC53424AFF.d.C9DEAD2D3946AE1262409D8F1F251DF9.e.3204","ELEMENT":"f.852D346EF878C3E5FC3136AC53424AFF.d.C9DEAD2D3946AE1262409D8F1F251DF9.e.3204"}]}
COMMAND: GET /session/0fb4450c6422fe69939d6824736e2f6f/screenshot - {}
RESULT: {}
RESULT: {"script":"<script> [8489 bytes]","args":[{"element-6066-11e4-a52e-4f735466cecf":"f.852D346EF878C3E5FC3136AC53424AFF.d.C9DEAD2D3946AE1262409D8F1F251DF9.e.3204","ELEMENT":"f.852D346EF878C3E5FC3136AC53424AFF.d.C9DEAD2D3946AE1262409D8F1F251DF9.e.3204"}]}
COMMAND: POST /session/0fb4450c6422fe69939d6824736e2f6f/execute/sync - {"script":"<script> [5351 bytes]","args":[{"element-6066-11e4-a52e-4f735466cecf":"f.852D346EF878C3E5FC3136AC53424AFF.d.C9DEAD2D3946AE1262409D8F1F251DF9.e.3204","ELEMENT":"f.852D346EF878C3E5FC3136AC53424AFF.d.C9DEAD2D3946AE1262409D8F1F251DF9.e.3204"}]}
COMMAND: GET /session/0fb4450c6422fe69939d6824736e2f6f/screenshot - {}
RESULT: {}
RESULT: {"script":"<script> [5351 bytes]","args":[{"element-6066-11e4-a52e-4f735466cecf":"f.852D346EF878C3E5FC3136AC53424AFF.d.C9DEAD2D3946AE1262409D8F1F251DF9.e.3204","ELEMENT":"f.852D346EF878C3E5FC3136AC53424AFF.d.C9DEAD2D3946AE1262409D8F1F251DF9.e.3204"}]}
COMMAND: GET /session/0fb4450c6422fe69939d6824736e2f6f/screenshot - {}
RESULT: {}
RESULT: {}
COMMAND: POST /session/0fb4450c6422fe69939d6824736e2f6f/element/f.852D346EF878C3E5FC3136AC53424AFF.d.C9DEAD2D3946AE1262409D8F1F251DF9.e.3204/click - {}
RESULT: {}
COMMAND: GET /session/0fb4450c6422fe69939d6824736e2f6f/screenshot - {}
RESULT: {}
RESULT: undefined
COMMAND: POST /session/0fb4450c6422fe69939d6824736e2f6f/execute/async - {"script":"<script> [776 bytes]","args":[{"enterText":"2255","selector":{"id":"createOrganizationPop--sectionInput","searchOpenDialogs":true,"interaction":{"idSuffix":"inner"}},"clearTextFirst":true,"interactionType":"ENTER_TEXT"}]}
RESULT: {"script":"<script> [776 bytes]","args":[{"enterText":"2255","selector":{"id":"createOrganizationPop--sectionInput","searchOpenDialogs":true,"interaction":{"idSuffix":"inner"}},"clearTextFirst":true,"interactionType":"ENTER_TEXT"}]}
RESULT: undefined
COMMAND: POST /session/0fb4450c6422fe69939d6824736e2f6f/execute/async - {"script":"<script> [776 bytes]","args":[{"enterText":"WDIO-2255","selector":{"id":"createOrganizationPop--descriptionInput","searchOpenDialogs":true,"interaction":{"idSuffix":"inner"}},"clearTextFirst":true,"interactionType":"ENTER_TEXT"}]}
RESULT: {"script":"<script> [776 bytes]","args":[{"enterText":"WDIO-2255","selector":{"id":"createOrganizationPop--descriptionInput","searchOpenDialogs":true,"interaction":{"idSuffix":"inner"}},"clearTextFirst":true,"interactionType":"ENTER_TEXT"}]}
COMMAND: POST /session/0fb4450c6422fe69939d6824736e2f6f/element - {"using":"css selector","value":"#createOrganizationPop--siteOrg-inner"}
RESULT: {"using":"css selector","value":"#createOrganizationPop--siteOrg-inner"}
COMMAND: POST /session/0fb4450c6422fe69939d6824736e2f6f/element/f.852D346EF878C3E5FC3136AC53424AFF.d.C9DEAD2D3946AE1262409D8F1F251DF9.e.3248/clear - {}
RESULT: {}
COMMAND: POST /session/0fb4450c6422fe69939d6824736e2f6f/element/f.852D346EF878C3E5FC3136AC53424AFF.d.C9DEAD2D3946AE1262409D8F1F251DF9.e.3248/value - {"text":"2255"}
COMMAND: GET /session/0fb4450c6422fe69939d6824736e2f6f/screenshot - {}
RESULT: {"text":"2255"}
COMMAND: GET /session/0fb4450c6422fe69939d6824736e2f6f/screenshot - {}
RESULT: {}
RESULT: {}
COMMAND: POST /session/0fb4450c6422fe69939d6824736e2f6f/actions - {"actions":[{"id":"action11","type":"key","parameters":{},"actions":[{"type":"keyDown","value":"î€‡"},{"type":"pause","duration":10},{"type":"keyUp","value":"î€‡"}]}]}
RESULT: {"actions":[{"id":"action11","type":"key","parameters":{},"actions":[{"type":"keyDown","value":"î€‡"},{"type":"pause","duration":10},{"type":"keyUp","value":"î€‡"}]}]}
RESULT: undefined
COMMAND: POST /session/0fb4450c6422fe69939d6824736e2f6f/element - {"using":"xpath","value":"//*[@id=\"createOrganizationPop--giZone\"]"}
COMMAND: GET /session/0fb4450c6422fe69939d6824736e2f6f/screenshot - {}
RESULT: {"using":"xpath","value":"//*[@id=\"createOrganizationPop--giZone\"]"}
COMMAND: POST /session/0fb4450c6422fe69939d6824736e2f6f/element/f.852D346EF878C3E5FC3136AC53424AFF.d.C9DEAD2D3946AE1262409D8F1F251DF9.e.3266/click - {}
RESULT: {}
RESULT: {}
COMMAND: GET /session/0fb4450c6422fe69939d6824736e2f6f/screenshot - {}
RESULT: {}
RESULT: undefined
COMMAND: POST /session/0fb4450c6422fe69939d6824736e2f6f/execute/async - {"script":"<script> [776 bytes]","args":[{"enterText":"WD-BIN","selector":{"id":"createOrganizationPop--binNoInput","searchOpenDialogs":true,"interaction":{"idSuffix":"inner"}},"clearTextFirst":true,"interactionType":"ENTER_TEXT"}]}
RESULT: {"script":"<script> [776 bytes]","args":[{"enterText":"WD-BIN","selector":{"id":"createOrganizationPop--binNoInput","searchOpenDialogs":true,"interaction":{"idSuffix":"inner"}},"clearTextFirst":true,"interactionType":"ENTER_TEXT"}]}
RESULT: undefined
COMMAND: POST /session/0fb4450c6422fe69939d6824736e2f6f/execute/async - {"script":"<script> [776 bytes]","args":[{"enterText":"WD-BIN","selector":{"id":"createOrganizationPop--descriptionId","searchOpenDialogs":true,"interaction":{"idSuffix":"inner"}},"clearTextFirst":true,"interactionType":"ENTER_TEXT"}]}
RESULT: {"script":"<script> [776 bytes]","args":[{"enterText":"WD-BIN","selector":{"id":"createOrganizationPop--descriptionId","searchOpenDialogs":true,"interaction":{"idSuffix":"inner"}},"clearTextFirst":true,"interactionType":"ENTER_TEXT"}]}
COMMAND: POST /session/0fb4450c6422fe69939d6824736e2f6f/execute/async - {"script":"<script> [1562 bytes]","args":[{"selector":{"controlType":"sap.m.CheckBox","viewName":"etm.portal.ui.binstatusreport.view.MasterWareBins","viewId":"application-binstatusreport-display-component---warehousing","bindingPath":{"propertyPath":"/ZONE","modelName":"newBin"},"searchOpenDialogs":true,"interaction":{"idSuffix":"CbBg"}},"wdio_ui5_key":"etmportal.ui.binstatusreport.view.MasterWareBinssap.m.CheckBox{\"propertyPath\":\"/ZONE\",\"modelName\":\"newBin\"}"}]}
RESULT: {"script":"<script> [1562 bytes]","args":[{"selector":{"controlType":"sap.m.CheckBox","viewName":"etm.portal.ui.binstatusreport.view.MasterWareBins","viewId":"application-binstatusreport-display-component---warehousing","bindingPath":{"propertyPath":"/ZONE","modelName":"newBin"},"searchOpenDialogs":true,"interaction":{"idSuffix":"CbBg"}},"wdio_ui5_key":"etmportal.ui.binstatusreport.view.MasterWareBinssap.m.CheckBox{\"propertyPath\":\"/ZONE\",\"modelName\":\"newBin\"}"}]}
RESULT: undefined
COMMAND: POST /session/0fb4450c6422fe69939d6824736e2f6f/element - {"using":"xpath","value":"//*[@id=\"__box68\"]"}
RESULT: {"using":"xpath","value":"//*[@id=\"__box68\"]"}
COMMAND: POST /session/0fb4450c6422fe69939d6824736e2f6f/element/f.852D346EF878C3E5FC3136AC53424AFF.d.C9DEAD2D3946AE1262409D8F1F251DF9.e.3268/click - {}
RESULT: {}
COMMAND: GET /session/0fb4450c6422fe69939d6824736e2f6f/screenshot - {}
RESULT: {}
RESULT: undefined
COMMAND: POST /session/0fb4450c6422fe69939d6824736e2f6f/execute/async - {"script":"<script> [776 bytes]","args":[{"enterText":"1 - General / No capacity check","selector":{"id":"createOrganizationPop--binTypesCB","searchOpenDialogs":true,"interaction":{"idSuffix":"inner"}},"clearTextFirst":true,"interactionType":"ENTER_TEXT"}]}
RESULT: {"script":"<script> [776 bytes]","args":[{"enterText":"1 - General / No capacity check","selector":{"id":"createOrganizationPop--binTypesCB","searchOpenDialogs":true,"interaction":{"idSuffix":"inner"}},"clearTextFirst":true,"interactionType":"ENTER_TEXT"}]}
COMMAND: POST /session/0fb4450c6422fe69939d6824736e2f6f/execute/async - {"script":"<script> [1562 bytes]","args":[{"selector":{"id":"createOrganizationPop--capacityId","searchOpenDialogs":true,"interaction":{"idSuffix":"inner"}},"wdio_ui5_key":"createOrganizationPopcapacityId"}]}
RESULT: {"script":"<script> [1562 bytes]","args":[{"selector":{"id":"createOrganizationPop--capacityId","searchOpenDialogs":true,"interaction":{"idSuffix":"inner"}},"wdio_ui5_key":"createOrganizationPopcapacityId"}]}
RESULT: undefined
COMMAND: POST /session/0fb4450c6422fe69939d6824736e2f6f/actions - {"actions":[{"id":"action12","type":"key","parameters":{},"actions":[{"type":"keyDown","value":"î€‡"},{"type":"pause","duration":10},{"type":"keyUp","value":"î€‡"}]}]}
RESULT: {"actions":[{"id":"action12","type":"key","parameters":{},"actions":[{"type":"keyDown","value":"î€‡"},{"type":"pause","duration":10},{"type":"keyUp","value":"î€‡"}]}]}
COMMAND: GET /session/0fb4450c6422fe69939d6824736e2f6f/screenshot - {}
RESULT: {}
RESULT: undefined
COMMAND: POST /session/0fb4450c6422fe69939d6824736e2f6f/element - {"using":"xpath","value":"//*[@id=\"createOrganizationPop--finishBtn\"]"}
RESULT: {"using":"xpath","value":"//*[@id=\"createOrganizationPop--finishBtn\"]"}
COMMAND: POST /session/0fb4450c6422fe69939d6824736e2f6f/element/f.852D346EF878C3E5FC3136AC53424AFF.d.C9DEAD2D3946AE1262409D8F1F251DF9.e.3269/click - {}
RESULT: {}
COMMAND: GET /session/0fb4450c6422fe69939d6824736e2f6f/screenshot - {}
RESULT: {}
COMMAND: POST /session/0fb4450c6422fe69939d6824736e2f6f/element - {"using":"css selector","value":"#shell-header-logo"}
RESULT: {"using":"css selector","value":"#shell-header-logo"}
COMMAND: POST /session/0fb4450c6422fe69939d6824736e2f6f/element/f.852D346EF878C3E5FC3136AC53424AFF.d.C9DEAD2D3946AE1262409D8F1F251DF9.e.3151/click - {}
RESULT: {}
COMMAND: GET /session/0fb4450c6422fe69939d6824736e2f6f/screenshot - {}
RESULT: {}
]]></system-out>
    </testcase>
    <testcase classname="chrome.136_0_7103_93.windows.Stock_increase_-_with_WHM_US125587" name="Create a Warehouse Movement for created yard" time="49.69">
      <system-out><![CDATA[
COMMAND: POST /session/0fb4450c6422fe69939d6824736e2f6f/execute/async - {"script":"<script> [1562 bytes]","args":[{"selector":{"controlType":"sap.m.GenericTile","properties":{"header":"Manage Warehouse Movements"}},"wdio_ui5_key":"sapm.GenericTile{\"header\":\"Manage Warehouse Movements\"}"}]}
RESULT: {"script":"<script> [1562 bytes]","args":[{"selector":{"controlType":"sap.m.GenericTile","properties":{"header":"Manage Warehouse Movements"}},"wdio_ui5_key":"sapm.GenericTile{\"header\":\"Manage Warehouse Movements\"}"}]}
RESULT: undefined
COMMAND: POST /session/0fb4450c6422fe69939d6824736e2f6f/element - {"using":"xpath","value":"//*[@id=\"__tile105\"]"}
RESULT: {"using":"xpath","value":"//*[@id=\"__tile105\"]"}
COMMAND: POST /session/0fb4450c6422fe69939d6824736e2f6f/element/f.852D346EF878C3E5FC3136AC53424AFF.d.C9DEAD2D3946AE1262409D8F1F251DF9.e.3277/click - {}
RESULT: {}
COMMAND: GET /session/0fb4450c6422fe69939d6824736e2f6f/screenshot - {}
RESULT: {}
COMMAND: POST /session/0fb4450c6422fe69939d6824736e2f6f/elements - {"using":"xpath","value":"//span[text()='Error']"}
RESULT: {"using":"xpath","value":"//span[text()='Error']"}
COMMAND: POST /session/0fb4450c6422fe69939d6824736e2f6f/element - {"using":"xpath","value":"//input[@id='application-warehousemovements-display-component---warehouseMovements--smartFilterBar-filterItemControl_BASIC-YARD-inner']"}
RESULT: {"using":"xpath","value":"//input[@id='application-warehousemovements-display-component---warehouseMovements--smartFilterBar-filterItemControl_BASIC-YARD-inner']"}
COMMAND: POST /session/0fb4450c6422fe69939d6824736e2f6f/elements - {"using":"xpath","value":"//input[@id='application-warehousemovements-display-component---warehouseMovements--smartFilterBar-filterItemControl_BASIC-YARD-inner']"}
RESULT: {"using":"xpath","value":"//input[@id='application-warehousemovements-display-component---warehouseMovements--smartFilterBar-filterItemControl_BASIC-YARD-inner']"}
COMMAND: POST /session/0fb4450c6422fe69939d6824736e2f6f/execute/sync - {"script":"<script> [8489 bytes]","args":[{"element-6066-11e4-a52e-4f735466cecf":"f.852D346EF878C3E5FC3136AC53424AFF.d.C9DEAD2D3946AE1262409D8F1F251DF9.e.3299","ELEMENT":"f.852D346EF878C3E5FC3136AC53424AFF.d.C9DEAD2D3946AE1262409D8F1F251DF9.e.3299"}]}
RESULT: {"script":"<script> [8489 bytes]","args":[{"element-6066-11e4-a52e-4f735466cecf":"f.852D346EF878C3E5FC3136AC53424AFF.d.C9DEAD2D3946AE1262409D8F1F251DF9.e.3299","ELEMENT":"f.852D346EF878C3E5FC3136AC53424AFF.d.C9DEAD2D3946AE1262409D8F1F251DF9.e.3299"}]}
COMMAND: GET /session/0fb4450c6422fe69939d6824736e2f6f/element/f.852D346EF878C3E5FC3136AC53424AFF.d.C9DEAD2D3946AE1262409D8F1F251DF9.e.3299/enabled - {}
COMMAND: GET /session/0fb4450c6422fe69939d6824736e2f6f/screenshot - {}
RESULT: {}
COMMAND: POST /session/0fb4450c6422fe69939d6824736e2f6f/execute/sync - {"script":"<script> [8489 bytes]","args":[{"element-6066-11e4-a52e-4f735466cecf":"f.852D346EF878C3E5FC3136AC53424AFF.d.C9DEAD2D3946AE1262409D8F1F251DF9.e.3299","ELEMENT":"f.852D346EF878C3E5FC3136AC53424AFF.d.C9DEAD2D3946AE1262409D8F1F251DF9.e.3299"}]}
COMMAND: GET /session/0fb4450c6422fe69939d6824736e2f6f/screenshot - {}
RESULT: {}
RESULT: {"script":"<script> [8489 bytes]","args":[{"element-6066-11e4-a52e-4f735466cecf":"f.852D346EF878C3E5FC3136AC53424AFF.d.C9DEAD2D3946AE1262409D8F1F251DF9.e.3299","ELEMENT":"f.852D346EF878C3E5FC3136AC53424AFF.d.C9DEAD2D3946AE1262409D8F1F251DF9.e.3299"}]}
COMMAND: POST /session/0fb4450c6422fe69939d6824736e2f6f/execute/sync - {"script":"<script> [5351 bytes]","args":[{"element-6066-11e4-a52e-4f735466cecf":"f.852D346EF878C3E5FC3136AC53424AFF.d.C9DEAD2D3946AE1262409D8F1F251DF9.e.3299","ELEMENT":"f.852D346EF878C3E5FC3136AC53424AFF.d.C9DEAD2D3946AE1262409D8F1F251DF9.e.3299"}]}
COMMAND: GET /session/0fb4450c6422fe69939d6824736e2f6f/screenshot - {}
RESULT: {}
RESULT: {"script":"<script> [5351 bytes]","args":[{"element-6066-11e4-a52e-4f735466cecf":"f.852D346EF878C3E5FC3136AC53424AFF.d.C9DEAD2D3946AE1262409D8F1F251DF9.e.3299","ELEMENT":"f.852D346EF878C3E5FC3136AC53424AFF.d.C9DEAD2D3946AE1262409D8F1F251DF9.e.3299"}]}
COMMAND: GET /session/0fb4450c6422fe69939d6824736e2f6f/screenshot - {}
RESULT: {}
RESULT: {}
COMMAND: POST /session/0fb4450c6422fe69939d6824736e2f6f/element/f.852D346EF878C3E5FC3136AC53424AFF.d.C9DEAD2D3946AE1262409D8F1F251DF9.e.3299/clear - {}
RESULT: {}
COMMAND: POST /session/0fb4450c6422fe69939d6824736e2f6f/element/f.852D346EF878C3E5FC3136AC53424AFF.d.C9DEAD2D3946AE1262409D8F1F251DF9.e.3299/value - {"text":"520"}
COMMAND: GET /session/0fb4450c6422fe69939d6824736e2f6f/screenshot - {}
RESULT: {"text":"520"}
COMMAND: POST /session/0fb4450c6422fe69939d6824736e2f6f/actions - {"actions":[{"id":"action13","type":"key","parameters":{},"actions":[{"type":"keyDown","value":"î€‡"},{"type":"pause","duration":10},{"type":"keyUp","value":"î€‡"}]}]}
COMMAND: GET /session/0fb4450c6422fe69939d6824736e2f6f/screenshot - {}
RESULT: {}
RESULT: {"actions":[{"id":"action13","type":"key","parameters":{},"actions":[{"type":"keyDown","value":"î€‡"},{"type":"pause","duration":10},{"type":"keyUp","value":"î€‡"}]}]}
COMMAND: GET /session/0fb4450c6422fe69939d6824736e2f6f/screenshot - {}
RESULT: {}
RESULT: {}
COMMAND: POST /session/0fb4450c6422fe69939d6824736e2f6f/element - {"using":"xpath","value":"//button[contains(@data-kt, \"MasterMovementAddOverflowToolbarButton\")]"}
RESULT: {"using":"xpath","value":"//button[contains(@data-kt, \"MasterMovementAddOverflowToolbarButton\")]"}
COMMAND: POST /session/0fb4450c6422fe69939d6824736e2f6f/element/f.852D346EF878C3E5FC3136AC53424AFF.d.C9DEAD2D3946AE1262409D8F1F251DF9.e.3323/click - {}
RESULT: {}
COMMAND: GET /session/0fb4450c6422fe69939d6824736e2f6f/screenshot - {}
RESULT: {}
COMMAND: POST /session/0fb4450c6422fe69939d6824736e2f6f/element - {"using":"xpath","value":"//*[@id=\"application-warehousemovements-display-component---addMovement--sectionsList-arrow\"]"}
RESULT: {"using":"xpath","value":"//*[@id=\"application-warehousemovements-display-component---addMovement--sectionsList-arrow\"]"}
COMMAND: POST /session/0fb4450c6422fe69939d6824736e2f6f/element/f.852D346EF878C3E5FC3136AC53424AFF.d.C9DEAD2D3946AE1262409D8F1F251DF9.e.3474/click - {}
RESULT: {}
COMMAND: POST /session/0fb4450c6422fe69939d6824736e2f6f/actions - {"actions":[{"id":"action14","type":"key","parameters":{},"actions":[{"type":"keyDown","value":"î€•"},{"type":"pause","duration":10},{"type":"keyUp","value":"î€•"}]}]}
COMMAND: GET /session/0fb4450c6422fe69939d6824736e2f6f/screenshot - {}
RESULT: {"actions":[{"id":"action14","type":"key","parameters":{},"actions":[{"type":"keyDown","value":"î€•"},{"type":"pause","duration":10},{"type":"keyUp","value":"î€•"}]}]}
COMMAND: GET /session/0fb4450c6422fe69939d6824736e2f6f/screenshot - {}
RESULT: {}
RESULT: {}
COMMAND: POST /session/0fb4450c6422fe69939d6824736e2f6f/actions - {"actions":[{"id":"action15","type":"key","parameters":{},"actions":[{"type":"keyDown","value":"î€‡"},{"type":"pause","duration":10},{"type":"keyUp","value":"î€‡"}]}]}
RESULT: {"actions":[{"id":"action15","type":"key","parameters":{},"actions":[{"type":"keyDown","value":"î€‡"},{"type":"pause","duration":10},{"type":"keyUp","value":"î€‡"}]}]}
COMMAND: GET /session/0fb4450c6422fe69939d6824736e2f6f/screenshot - {}
RESULT: {}
COMMAND: POST /session/0fb4450c6422fe69939d6824736e2f6f/element - {"using":"xpath","value":"//*[@id=\"application-warehousemovements-display-component---addMovement--saveMovementBtn-BDI-content\" and text()=\"Save\"]"}
RESULT: {"using":"xpath","value":"//*[@id=\"application-warehousemovements-display-component---addMovement--saveMovementBtn-BDI-content\" and text()=\"Save\"]"}
COMMAND: POST /session/0fb4450c6422fe69939d6824736e2f6f/element/f.852D346EF878C3E5FC3136AC53424AFF.d.C9DEAD2D3946AE1262409D8F1F251DF9.e.3475/click - {}
RESULT: {}
COMMAND: GET /session/0fb4450c6422fe69939d6824736e2f6f/screenshot - {}
RESULT: {}
COMMAND: POST /session/0fb4450c6422fe69939d6824736e2f6f/element - {"using":"css selector","value":"#shell-header-logo"}
RESULT: {"using":"css selector","value":"#shell-header-logo"}
COMMAND: POST /session/0fb4450c6422fe69939d6824736e2f6f/element/f.852D346EF878C3E5FC3136AC53424AFF.d.C9DEAD2D3946AE1262409D8F1F251DF9.e.3280/click - {}
RESULT: {}
COMMAND: GET /session/0fb4450c6422fe69939d6824736e2f6f/screenshot - {}
RESULT: {}
]]></system-out>
    </testcase>
    <testcase classname="chrome.136_0_7103_93.windows.Stock_increase_-_with_WHM_US125587" name="Should do a stock increase handover" time="84.806">
      <system-out><![CDATA[
COMMAND: POST /session/0fb4450c6422fe69939d6824736e2f6f/execute/async - {"script":"<script> [1562 bytes]","args":[{"selector":{"controlType":"sap.m.GenericTile","properties":{"header":"Manage Handovers"}},"wdio_ui5_key":"sapm.GenericTile{\"header\":\"Manage Handovers\"}"}]}
RESULT: {"script":"<script> [1562 bytes]","args":[{"selector":{"controlType":"sap.m.GenericTile","properties":{"header":"Manage Handovers"}},"wdio_ui5_key":"sapm.GenericTile{\"header\":\"Manage Handovers\"}"}]}
RESULT: undefined
COMMAND: POST /session/0fb4450c6422fe69939d6824736e2f6f/element - {"using":"xpath","value":"//*[@id=\"__tile132\"]"}
RESULT: {"using":"xpath","value":"//*[@id=\"__tile132\"]"}
COMMAND: POST /session/0fb4450c6422fe69939d6824736e2f6f/element/f.852D346EF878C3E5FC3136AC53424AFF.d.C9DEAD2D3946AE1262409D8F1F251DF9.e.206/click - {}
RESULT: {}
COMMAND: GET /session/0fb4450c6422fe69939d6824736e2f6f/screenshot - {}
RESULT: {}
COMMAND: POST /session/0fb4450c6422fe69939d6824736e2f6f/elements - {"using":"xpath","value":"//span[text()='Error']"}
RESULT: {"using":"xpath","value":"//span[text()='Error']"}
COMMAND: POST /session/0fb4450c6422fe69939d6824736e2f6f/element - {"using":"xpath","value":"//button[@data-kt=\"masterHOAddButton\"]"}
RESULT: {"using":"xpath","value":"//button[@data-kt=\"masterHOAddButton\"]"}
COMMAND: POST /session/0fb4450c6422fe69939d6824736e2f6f/elements - {"using":"xpath","value":"//button[@data-kt=\"masterHOAddButton\"]"}
RESULT: {"using":"xpath","value":"//button[@data-kt=\"masterHOAddButton\"]"}
COMMAND: POST /session/0fb4450c6422fe69939d6824736e2f6f/execute/sync - {"script":"<script> [8489 bytes]","args":[{"element-6066-11e4-a52e-4f735466cecf":"f.852D346EF878C3E5FC3136AC53424AFF.d.C9DEAD2D3946AE1262409D8F1F251DF9.e.3573","ELEMENT":"f.852D346EF878C3E5FC3136AC53424AFF.d.C9DEAD2D3946AE1262409D8F1F251DF9.e.3573"}]}
RESULT: {"script":"<script> [8489 bytes]","args":[{"element-6066-11e4-a52e-4f735466cecf":"f.852D346EF878C3E5FC3136AC53424AFF.d.C9DEAD2D3946AE1262409D8F1F251DF9.e.3573","ELEMENT":"f.852D346EF878C3E5FC3136AC53424AFF.d.C9DEAD2D3946AE1262409D8F1F251DF9.e.3573"}]}
COMMAND: GET /session/0fb4450c6422fe69939d6824736e2f6f/element/f.852D346EF878C3E5FC3136AC53424AFF.d.C9DEAD2D3946AE1262409D8F1F251DF9.e.3573/enabled - {}
COMMAND: GET /session/0fb4450c6422fe69939d6824736e2f6f/screenshot - {}
RESULT: {}
RESULT: {}
COMMAND: POST /session/0fb4450c6422fe69939d6824736e2f6f/execute/sync - {"script":"<script> [8489 bytes]","args":[{"element-6066-11e4-a52e-4f735466cecf":"f.852D346EF878C3E5FC3136AC53424AFF.d.C9DEAD2D3946AE1262409D8F1F251DF9.e.3573","ELEMENT":"f.852D346EF878C3E5FC3136AC53424AFF.d.C9DEAD2D3946AE1262409D8F1F251DF9.e.3573"}]}
COMMAND: GET /session/0fb4450c6422fe69939d6824736e2f6f/screenshot - {}
RESULT: {}
RESULT: {"script":"<script> [8489 bytes]","args":[{"element-6066-11e4-a52e-4f735466cecf":"f.852D346EF878C3E5FC3136AC53424AFF.d.C9DEAD2D3946AE1262409D8F1F251DF9.e.3573","ELEMENT":"f.852D346EF878C3E5FC3136AC53424AFF.d.C9DEAD2D3946AE1262409D8F1F251DF9.e.3573"}]}
COMMAND: POST /session/0fb4450c6422fe69939d6824736e2f6f/execute/sync - {"script":"<script> [5351 bytes]","args":[{"element-6066-11e4-a52e-4f735466cecf":"f.852D346EF878C3E5FC3136AC53424AFF.d.C9DEAD2D3946AE1262409D8F1F251DF9.e.3573","ELEMENT":"f.852D346EF878C3E5FC3136AC53424AFF.d.C9DEAD2D3946AE1262409D8F1F251DF9.e.3573"}]}
COMMAND: GET /session/0fb4450c6422fe69939d6824736e2f6f/screenshot - {}
RESULT: {"script":"<script> [5351 bytes]","args":[{"element-6066-11e4-a52e-4f735466cecf":"f.852D346EF878C3E5FC3136AC53424AFF.d.C9DEAD2D3946AE1262409D8F1F251DF9.e.3573","ELEMENT":"f.852D346EF878C3E5FC3136AC53424AFF.d.C9DEAD2D3946AE1262409D8F1F251DF9.e.3573"}]}
COMMAND: POST /session/0fb4450c6422fe69939d6824736e2f6f/element/f.852D346EF878C3E5FC3136AC53424AFF.d.C9DEAD2D3946AE1262409D8F1F251DF9.e.3573/click - {}
COMMAND: GET /session/0fb4450c6422fe69939d6824736e2f6f/screenshot - {}
RESULT: {}
RESULT: {}
COMMAND: GET /session/0fb4450c6422fe69939d6824736e2f6f/screenshot - {}
RESULT: {}
COMMAND: POST /session/0fb4450c6422fe69939d6824736e2f6f/element - {"using":"xpath","value":"//span[contains(@id ,\"AddNewHO--typeSelect-arrow\")]"}
RESULT: {}
RESULT: {"using":"xpath","value":"//span[contains(@id ,\"AddNewHO--typeSelect-arrow\")]"}
COMMAND: POST /session/0fb4450c6422fe69939d6824736e2f6f/element/f.852D346EF878C3E5FC3136AC53424AFF.d.C9DEAD2D3946AE1262409D8F1F251DF9.e.3940/click - {}
RESULT: {}
COMMAND: GET /session/0fb4450c6422fe69939d6824736e2f6f/screenshot - {}
RESULT: {}
COMMAND: POST /session/0fb4450c6422fe69939d6824736e2f6f/element - {"using":"xpath","value":"(//li[contains(text(), \"stock increase yard\")])[1]"}
RESULT: {"using":"xpath","value":"(//li[contains(text(), \"stock increase yard\")])[1]"}
COMMAND: POST /session/0fb4450c6422fe69939d6824736e2f6f/element/f.852D346EF878C3E5FC3136AC53424AFF.d.C9DEAD2D3946AE1262409D8F1F251DF9.e.3941/click - {}
RESULT: {}
COMMAND: GET /session/0fb4450c6422fe69939d6824736e2f6f/screenshot - {}
RESULT: {}
COMMAND: POST /session/0fb4450c6422fe69939d6824736e2f6f/execute/async - {"script":"<script> [1562 bytes]","args":[{"selector":{"id":"application-managehandovers-display-component---AddNewHO--dueDate","interaction":{"idSuffix":"inner"}},"wdio_ui5_key":"applicationmanagehandovers-display-component---AddNewHO--dueDate"}]}
RESULT: {"script":"<script> [1562 bytes]","args":[{"selector":{"id":"application-managehandovers-display-component---AddNewHO--dueDate","interaction":{"idSuffix":"inner"}},"wdio_ui5_key":"applicationmanagehandovers-display-component---AddNewHO--dueDate"}]}
RESULT: undefined
COMMAND: POST /session/0fb4450c6422fe69939d6824736e2f6f/execute/async - {"script":"<script> [6424 bytes]","args":[{"element-6066-11e4-a52e-4f735466cecf":"f.852D346EF878C3E5FC3136AC53424AFF.d.C9DEAD2D3946AE1262409D8F1F251DF9.e.3943"},"setValue",["5/18/25"]]}
RESULT: {"script":"<script> [6424 bytes]","args":[{"element-6066-11e4-a52e-4f735466cecf":"f.852D346EF878C3E5FC3136AC53424AFF.d.C9DEAD2D3946AE1262409D8F1F251DF9.e.3943"},"setValue",["5/18/25"]]}
COMMAND: POST /session/0fb4450c6422fe69939d6824736e2f6f/element - {"using":"xpath","value":"//input[@id=\"generalSectionFrg--receiveYard-inner\"]"}
RESULT: {"using":"xpath","value":"//input[@id=\"generalSectionFrg--receiveYard-inner\"]"}
COMMAND: POST /session/0fb4450c6422fe69939d6824736e2f6f/element/f.852D346EF878C3E5FC3136AC53424AFF.d.C9DEAD2D3946AE1262409D8F1F251DF9.e.3947/clear - {}
RESULT: {}
COMMAND: POST /session/0fb4450c6422fe69939d6824736e2f6f/element/f.852D346EF878C3E5FC3136AC53424AFF.d.C9DEAD2D3946AE1262409D8F1F251DF9.e.3947/value - {"text":"520"}
COMMAND: GET /session/0fb4450c6422fe69939d6824736e2f6f/screenshot - {}
RESULT: {"text":"520"}
COMMAND: GET /session/0fb4450c6422fe69939d6824736e2f6f/screenshot - {}
RESULT: {}
RESULT: {}
COMMAND: POST /session/0fb4450c6422fe69939d6824736e2f6f/element - {"using":"xpath","value":"//li[.//span[text()='520']]"}
RESULT: {"using":"xpath","value":"//li[.//span[text()='520']]"}
COMMAND: POST /session/0fb4450c6422fe69939d6824736e2f6f/element/f.852D346EF878C3E5FC3136AC53424AFF.d.C9DEAD2D3946AE1262409D8F1F251DF9.e.3965/click - {}
RESULT: {}
COMMAND: GET /session/0fb4450c6422fe69939d6824736e2f6f/screenshot - {}
RESULT: {}
COMMAND: POST /session/0fb4450c6422fe69939d6824736e2f6f/execute/async - {"script":"<script> [1562 bytes]","args":[{"selector":{"id":"application-managehandovers-display-component---AddNewHO--ObjectPageLayout-anchBar-application-managehandovers-display-component---AddNewHO--section4-anchor","interaction":{"idSuffix":"BDI-content"}},"wdio_ui5_key":"applicationmanagehandovers-display-component---AddNewHO--ObjectPageLayout-anchBar-application-managehandovers-display-component---AddNewHO--section4-anchor"}]}
RESULT: {"script":"<script> [1562 bytes]","args":[{"selector":{"id":"application-managehandovers-display-component---AddNewHO--ObjectPageLayout-anchBar-application-managehandovers-display-component---AddNewHO--section4-anchor","interaction":{"idSuffix":"BDI-content"}},"wdio_ui5_key":"applicationmanagehandovers-display-component---AddNewHO--ObjectPageLayout-anchBar-application-managehandovers-display-component---AddNewHO--section4-anchor"}]}
RESULT: undefined
COMMAND: POST /session/0fb4450c6422fe69939d6824736e2f6f/element - {"using":"xpath","value":"//*[@id=\"application-managehandovers-display-component---AddNewHO--ObjectPageLayout-anchBar-application-managehandovers-display-component---AddNewHO--section4-anchor\"]"}
RESULT: {"using":"xpath","value":"//*[@id=\"application-managehandovers-display-component---AddNewHO--ObjectPageLayout-anchBar-application-managehandovers-display-component---AddNewHO--section4-anchor\"]"}
COMMAND: POST /session/0fb4450c6422fe69939d6824736e2f6f/element/f.852D346EF878C3E5FC3136AC53424AFF.d.C9DEAD2D3946AE1262409D8F1F251DF9.e.3967/click - {}
RESULT: {}
COMMAND: POST /session/0fb4450c6422fe69939d6824736e2f6f/element - {"using":"xpath","value":"//button[@aria-label=\"Add\"]"}
COMMAND: GET /session/0fb4450c6422fe69939d6824736e2f6f/screenshot - {}
RESULT: {"using":"xpath","value":"//button[@aria-label=\"Add\"]"}
COMMAND: POST /session/0fb4450c6422fe69939d6824736e2f6f/element/f.852D346EF878C3E5FC3136AC53424AFF.d.C9DEAD2D3946AE1262409D8F1F251DF9.e.3969/click - {}
RESULT: {}
RESULT: {}
COMMAND: GET /session/0fb4450c6422fe69939d6824736e2f6f/screenshot - {}
RESULT: {}
COMMAND: POST /session/0fb4450c6422fe69939d6824736e2f6f/execute/async - {"script":"<script> [1562 bytes]","args":[{"selector":{"id":"application-managehandovers-display-component---AddNewHO--smartFilterBar-btnBasicSearch","searchOpenDialogs":true,"interaction":{"idSuffix":"I"}},"wdio_ui5_key":"applicationmanagehandovers-display-component---AddNewHO--smartFilterBar-btnBasicSearch"}]}
RESULT: {"script":"<script> [1562 bytes]","args":[{"selector":{"id":"application-managehandovers-display-component---AddNewHO--smartFilterBar-btnBasicSearch","searchOpenDialogs":true,"interaction":{"idSuffix":"I"}},"wdio_ui5_key":"applicationmanagehandovers-display-component---AddNewHO--smartFilterBar-btnBasicSearch"}]}
RESULT: undefined
COMMAND: POST /session/0fb4450c6422fe69939d6824736e2f6f/execute/async - {"script":"<script> [776 bytes]","args":[{"enterText":"200268","selector":{"id":"application-managehandovers-display-component---AddNewHO--smartFilterBar-btnBasicSearch","searchOpenDialogs":true,"interaction":{"idSuffix":"I"}},"clearTextFirst":true,"interactionType":"ENTER_TEXT"}]}
RESULT: {"script":"<script> [776 bytes]","args":[{"enterText":"200268","selector":{"id":"application-managehandovers-display-component---AddNewHO--smartFilterBar-btnBasicSearch","searchOpenDialogs":true,"interaction":{"idSuffix":"I"}},"clearTextFirst":true,"interactionType":"ENTER_TEXT"}]}
COMMAND: POST /session/0fb4450c6422fe69939d6824736e2f6f/actions - {"actions":[{"id":"action16","type":"key","parameters":{},"actions":[{"type":"keyDown","value":"î€‡"},{"type":"pause","duration":10},{"type":"keyUp","value":"î€‡"}]}]}
RESULT: {"actions":[{"id":"action16","type":"key","parameters":{},"actions":[{"type":"keyDown","value":"î€‡"},{"type":"pause","duration":10},{"type":"keyUp","value":"î€‡"}]}]}
COMMAND: GET /session/0fb4450c6422fe69939d6824736e2f6f/screenshot - {}
RESULT: {}
COMMAND: POST /session/0fb4450c6422fe69939d6824736e2f6f/execute/async - {"script":"<script> [1562 bytes]","args":[{"selector":{"id":"application-managehandovers-display-component---AddNewHO--popup-sa","searchOpenDialogs":true,"interaction":{"idSuffix":"CbBg"}},"wdio_ui5_key":"applicationmanagehandovers-display-component---AddNewHO--popup-sa"}]}
RESULT: {"script":"<script> [1562 bytes]","args":[{"selector":{"id":"application-managehandovers-display-component---AddNewHO--popup-sa","searchOpenDialogs":true,"interaction":{"idSuffix":"CbBg"}},"wdio_ui5_key":"applicationmanagehandovers-display-component---AddNewHO--popup-sa"}]}
RESULT: undefined
COMMAND: POST /session/0fb4450c6422fe69939d6824736e2f6f/element - {"using":"xpath","value":"//*[@id=\"application-managehandovers-display-component---AddNewHO--popup-sa\"]"}
RESULT: {"using":"xpath","value":"//*[@id=\"application-managehandovers-display-component---AddNewHO--popup-sa\"]"}
COMMAND: POST /session/0fb4450c6422fe69939d6824736e2f6f/element/f.852D346EF878C3E5FC3136AC53424AFF.d.C9DEAD2D3946AE1262409D8F1F251DF9.e.4122/click - {}
RESULT: {}
COMMAND: GET /session/0fb4450c6422fe69939d6824736e2f6f/screenshot - {}
RESULT: {}
COMMAND: POST /session/0fb4450c6422fe69939d6824736e2f6f/element - {"using":"xpath","value":"//bdi[contains(text(), \"Select\")]"}
RESULT: {"using":"xpath","value":"//bdi[contains(text(), \"Select\")]"}
COMMAND: POST /session/0fb4450c6422fe69939d6824736e2f6f/element/f.852D346EF878C3E5FC3136AC53424AFF.d.C9DEAD2D3946AE1262409D8F1F251DF9.e.4123/click - {}
RESULT: {}
COMMAND: GET /session/0fb4450c6422fe69939d6824736e2f6f/screenshot - {}
RESULT: {}
COMMAND: POST /session/0fb4450c6422fe69939d6824736e2f6f/element - {"using":"xpath","value":"//button[@data-kt=\"AddNewHOSaveButton\"]"}
RESULT: {"using":"xpath","value":"//button[@data-kt=\"AddNewHOSaveButton\"]"}
COMMAND: POST /session/0fb4450c6422fe69939d6824736e2f6f/element/f.852D346EF878C3E5FC3136AC53424AFF.d.C9DEAD2D3946AE1262409D8F1F251DF9.e.4127/click - {}
RESULT: {}
COMMAND: GET /session/0fb4450c6422fe69939d6824736e2f6f/screenshot - {}
RESULT: {}
COMMAND: POST /session/0fb4450c6422fe69939d6824736e2f6f/execute/async - {"script":"<script> [1562 bytes]","args":[{"selector":{"id":"receiptDatePicker","viewName":"etm.portal.ui.managehandovers.view.DetailExecuteHO","interaction":{"idSuffix":"inner"}},"wdio_ui5_key":"receiptDatePickeretmportal.ui.managehandovers.view.DetailExecuteHO"}]}
RESULT: {"script":"<script> [1562 bytes]","args":[{"selector":{"id":"receiptDatePicker","viewName":"etm.portal.ui.managehandovers.view.DetailExecuteHO","interaction":{"idSuffix":"inner"}},"wdio_ui5_key":"receiptDatePickeretmportal.ui.managehandovers.view.DetailExecuteHO"}]}
RESULT: undefined
COMMAND: POST /session/0fb4450c6422fe69939d6824736e2f6f/execute/async - {"script":"<script> [6424 bytes]","args":[{"element-6066-11e4-a52e-4f735466cecf":"f.852D346EF878C3E5FC3136AC53424AFF.d.C9DEAD2D3946AE1262409D8F1F251DF9.e.4145"},"setValue",["5/18/25"]]}
RESULT: {"script":"<script> [6424 bytes]","args":[{"element-6066-11e4-a52e-4f735466cecf":"f.852D346EF878C3E5FC3136AC53424AFF.d.C9DEAD2D3946AE1262409D8F1F251DF9.e.4145"},"setValue",["5/18/25"]]}
COMMAND: POST /session/0fb4450c6422fe69939d6824736e2f6f/element - {"using":"xpath","value":"//button[@data-kt=\"PickingTableConfirmAllButton\"]"}
RESULT: {"using":"xpath","value":"//button[@data-kt=\"PickingTableConfirmAllButton\"]"}
COMMAND: POST /session/0fb4450c6422fe69939d6824736e2f6f/element/f.852D346EF878C3E5FC3136AC53424AFF.d.C9DEAD2D3946AE1262409D8F1F251DF9.e.4162/click - {}
RESULT: {}
COMMAND: GET /session/0fb4450c6422fe69939d6824736e2f6f/screenshot - {}
RESULT: {}
COMMAND: POST /session/0fb4450c6422fe69939d6824736e2f6f/element - {"using":"xpath","value":"//bdi[contains(text(), \"OK\")]"}
RESULT: {"using":"xpath","value":"//bdi[contains(text(), \"OK\")]"}
COMMAND: POST /session/0fb4450c6422fe69939d6824736e2f6f/element/f.852D346EF878C3E5FC3136AC53424AFF.d.C9DEAD2D3946AE1262409D8F1F251DF9.e.4164/click - {}
RESULT: {}
COMMAND: GET /session/0fb4450c6422fe69939d6824736e2f6f/screenshot - {}
RESULT: {}
COMMAND: POST /session/0fb4450c6422fe69939d6824736e2f6f/element - {"using":"xpath","value":"(//bdi[contains(text(), \"Receive\")])[2]"}
RESULT: {"using":"xpath","value":"(//bdi[contains(text(), \"Receive\")])[2]"}
COMMAND: POST /session/0fb4450c6422fe69939d6824736e2f6f/element/f.852D346EF878C3E5FC3136AC53424AFF.d.C9DEAD2D3946AE1262409D8F1F251DF9.e.4166/click - {}
RESULT: {}
COMMAND: GET /session/0fb4450c6422fe69939d6824736e2f6f/screenshot - {}
RESULT: {}
COMMAND: POST /session/0fb4450c6422fe69939d6824736e2f6f/element - {"using":"css selector","value":"#shell-header-logo"}
RESULT: {"using":"css selector","value":"#shell-header-logo"}
COMMAND: POST /session/0fb4450c6422fe69939d6824736e2f6f/element/f.852D346EF878C3E5FC3136AC53424AFF.d.C9DEAD2D3946AE1262409D8F1F251DF9.e.3543/click - {}
RESULT: {}
COMMAND: GET /session/0fb4450c6422fe69939d6824736e2f6f/screenshot - {}
RESULT: {}
COMMAND: POST /session/0fb4450c6422fe69939d6824736e2f6f/element - {"using":"css selector","value":"#j_username"}
COMMAND: POST /session/0fb4450c6422fe69939d6824736e2f6f/url - {"url":"https://qa-testing-00-live-etm-ui.cfapps.eu10-004.hana.ondemand.com/"}
RESULT: {"using":"css selector","value":"#j_username"}
COMMAND: POST /session/0fb4450c6422fe69939d6824736e2f6f/element - {"using":"css selector","value":"#j_username"}
RESULT: {"url":"https://qa-testing-00-live-etm-ui.cfapps.eu10-004.hana.ondemand.com/"}
RESULT: undefined
COMMAND: GET /session/0fb4450c6422fe69939d6824736e2f6f/screenshot - {}
RESULT: {"using":"css selector","value":"#j_username"}
COMMAND: POST /session/0fb4450c6422fe69939d6824736e2f6f/element - {"using":"css selector","value":"#shell-header-logo"}
RESULT: {}
RESULT: {"using":"css selector","value":"#shell-header-logo"}
COMMAND: POST /session/0fb4450c6422fe69939d6824736e2f6f/execute/sync - {"script":"<script> [8489 bytes]","args":[{"element-6066-11e4-a52e-4f735466cecf":"f.852D346EF878C3E5FC3136AC53424AFF.d.E22756D608EDCCD4872A6569FDF1662A.e.4345","ELEMENT":"f.852D346EF878C3E5FC3136AC53424AFF.d.E22756D608EDCCD4872A6569FDF1662A.e.4345"}]}
RESULT: {"script":"<script> [8489 bytes]","args":[{"element-6066-11e4-a52e-4f735466cecf":"f.852D346EF878C3E5FC3136AC53424AFF.d.E22756D608EDCCD4872A6569FDF1662A.e.4345","ELEMENT":"f.852D346EF878C3E5FC3136AC53424AFF.d.E22756D608EDCCD4872A6569FDF1662A.e.4345"}]}
COMMAND: POST /session/0fb4450c6422fe69939d6824736e2f6f/element - {"using":"css selector","value":"#shell-header-logo"}
COMMAND: GET /session/0fb4450c6422fe69939d6824736e2f6f/screenshot - {}
RESULT: {"using":"css selector","value":"#shell-header-logo"}
COMMAND: POST /session/0fb4450c6422fe69939d6824736e2f6f/execute/sync - {"script":"<script> [8489 bytes]","args":[{"element-6066-11e4-a52e-4f735466cecf":"f.852D346EF878C3E5FC3136AC53424AFF.d.E22756D608EDCCD4872A6569FDF1662A.e.4345","ELEMENT":"f.852D346EF878C3E5FC3136AC53424AFF.d.E22756D608EDCCD4872A6569FDF1662A.e.4345"}]}
RESULT: {}
RESULT: {"script":"<script> [8489 bytes]","args":[{"element-6066-11e4-a52e-4f735466cecf":"f.852D346EF878C3E5FC3136AC53424AFF.d.E22756D608EDCCD4872A6569FDF1662A.e.4345","ELEMENT":"f.852D346EF878C3E5FC3136AC53424AFF.d.E22756D608EDCCD4872A6569FDF1662A.e.4345"}]}
COMMAND: POST /session/0fb4450c6422fe69939d6824736e2f6f/execute/sync - {"script":"<script> [5351 bytes]","args":[{"element-6066-11e4-a52e-4f735466cecf":"f.852D346EF878C3E5FC3136AC53424AFF.d.E22756D608EDCCD4872A6569FDF1662A.e.4345","ELEMENT":"f.852D346EF878C3E5FC3136AC53424AFF.d.E22756D608EDCCD4872A6569FDF1662A.e.4345"}]}
COMMAND: GET /session/0fb4450c6422fe69939d6824736e2f6f/screenshot - {}
RESULT: {"script":"<script> [5351 bytes]","args":[{"element-6066-11e4-a52e-4f735466cecf":"f.852D346EF878C3E5FC3136AC53424AFF.d.E22756D608EDCCD4872A6569FDF1662A.e.4345","ELEMENT":"f.852D346EF878C3E5FC3136AC53424AFF.d.E22756D608EDCCD4872A6569FDF1662A.e.4345"}]}
COMMAND: POST /session/0fb4450c6422fe69939d6824736e2f6f/element - {"using":"css selector","value":"#shell-header-logo"}
COMMAND: GET /session/0fb4450c6422fe69939d6824736e2f6f/screenshot - {}
RESULT: {}
RESULT: {"using":"css selector","value":"#shell-header-logo"}
COMMAND: POST /session/0fb4450c6422fe69939d6824736e2f6f/element/f.852D346EF878C3E5FC3136AC53424AFF.d.E22756D608EDCCD4872A6569FDF1662A.e.4345/click - {}
RESULT: {}
RESULT: {}
COMMAND: GET /session/0fb4450c6422fe69939d6824736e2f6f/screenshot - {}
RESULT: {}
COMMAND: POST /session/0fb4450c6422fe69939d6824736e2f6f/execute/async - {"script":"<script> [189 bytes]","args":[]}
RESULT: {"script":"<script> [189 bytes]","args":[]}
COMMAND: POST /session/0fb4450c6422fe69939d6824736e2f6f/execute/async - {"script":"<script> [123 bytes]","args":[]}
RESULT: {"script":"<script> [123 bytes]","args":[]}
COMMAND: POST /session/0fb4450c6422fe69939d6824736e2f6f/timeouts - {"script":"<number>"}
RESULT: {"script":"<number>"}
COMMAND: GET /session/0fb4450c6422fe69939d6824736e2f6f/timeouts - {}
RESULT: {}
RESULT: undefined
COMMAND: POST /session/0fb4450c6422fe69939d6824736e2f6f/execute/async - {"script":"<script> [2676 bytes]","args":[]}
RESULT: {"script":"<script> [2676 bytes]","args":[]}
COMMAND: POST /session/0fb4450c6422fe69939d6824736e2f6f/execute/async - {"script":"<script> [2342 bytes]","args":[{"protocol":"http","hostname":"0.0.0.0","path":"/","capabilities":{"browserName":"chrome","goog:chromeOptions":{"binary":"C:\\Program Files\\Google\\Chrome\\Application\\chrome.exe","args":["--start-maximized"]}},"logLevel":"warn","connectionRetryTimeout":120000,"connectionRetryCount":3,"logLevels":{},"enableDirectConnect":true,"strictSSL":true,"_":"65 more keys: [\"cacheDir\",\"port\",\"requestedCapabilities\",\"automationProtocol\",\"baseUrl\",\"waitforInterval\",\"waitforTimeout\",\"onReload\",\"beforeCommand\",\"afterCommand\",\"rootDir\",\"specs\",\"suites\",\"exclude\",\"groupLogsByTestSpec\",\"excludeDriverLogs\",\"bail\",\"framework\",\"reporters\",\"services\",\"maxInstances\",\"maxInstancesPerCapability\",\"injectGlobals\",\"filesToWatch\",\"execArgv\",\"runnerEnv\",\"runner\",\"shard\",\"specFileRetries\",\"specFileRetriesDelay\",\"specFileRetriesDeferred\",\"reporterSyncInterval\",\"reporterSyncTimeout\",\"cucumberFeaturesWithLineNumbers\",\"autoCompileOpts\",\"mochaOpts\",\"jasmineOpts\",\"cucumberOpts\",\"onPrepare\",\"onWorkerStart\",\"onWorkerEnd\",\"before\",\"beforeSession\",\"beforeSuite\",\"beforeHook\",\"beforeTest\",\"afterTest\",\"afterHook\",\"afterSuite\",\"afterSession\",\"after\",\"onComplete\",\"beforeAssertion\",\"afterAssertion\",\"beforeFeature\",\"beforeScenario\",\"beforeStep\",\"afterStep\",\"afterScenario\",\"afterFeature\",\"_\",\"suite\",\"$0\",\"ignoredWorkerServices\",\"wdi5\"]"}]}
RESULT: {"script":"<script> [2342 bytes]","args":[{"protocol":"http","hostname":"0.0.0.0","path":"/","capabilities":{"browserName":"chrome","goog:chromeOptions":{"binary":"C:\\Program Files\\Google\\Chrome\\Application\\chrome.exe","args":["--start-maximized"]}},"logLevel":"warn","connectionRetryTimeout":120000,"connectionRetryCount":3,"logLevels":{},"enableDirectConnect":true,"strictSSL":true,"_":"65 more keys: [\"cacheDir\",\"port\",\"requestedCapabilities\",\"automationProtocol\",\"baseUrl\",\"waitforInterval\",\"waitforTimeout\",\"onReload\",\"beforeCommand\",\"afterCommand\",\"rootDir\",\"specs\",\"suites\",\"exclude\",\"groupLogsByTestSpec\",\"excludeDriverLogs\",\"bail\",\"framework\",\"reporters\",\"services\",\"maxInstances\",\"maxInstancesPerCapability\",\"injectGlobals\",\"filesToWatch\",\"execArgv\",\"runnerEnv\",\"runner\",\"shard\",\"specFileRetries\",\"specFileRetriesDelay\",\"specFileRetriesDeferred\",\"reporterSyncInterval\",\"reporterSyncTimeout\",\"cucumberFeaturesWithLineNumbers\",\"autoCompileOpts\",\"mochaOpts\",\"jasmineOpts\",\"cucumberOpts\",\"onPrepare\",\"onWorkerStart\",\"onWorkerEnd\",\"before\",\"beforeSession\",\"beforeSuite\",\"beforeHook\",\"beforeTest\",\"afterTest\",\"afterHook\",\"afterSuite\",\"afterSession\",\"after\",\"onComplete\",\"beforeAssertion\",\"afterAssertion\",\"beforeFeature\",\"beforeScenario\",\"beforeStep\",\"afterStep\",\"afterScenario\",\"afterFeature\",\"_\",\"suite\",\"$0\",\"ignoredWorkerServices\",\"wdi5\"]"}]}
COMMAND: POST /session/0fb4450c6422fe69939d6824736e2f6f/execute/async - {"script":"<script> [21126 bytes]","args":[35000]}
RESULT: {"script":"<script> [21126 bytes]","args":[35000]}
COMMAND: POST /session/0fb4450c6422fe69939d6824736e2f6f/window/maximize - {}
RESULT: {}
COMMAND: POST /session/0fb4450c6422fe69939d6824736e2f6f/execute/async - {"script":"<script> [1562 bytes]","args":[{"selector":{"id":"shell-header","interaction":{"idSuffix":"icon"}},"wdio_ui5_key":"shellheader"}]}
COMMAND: GET /session/0fb4450c6422fe69939d6824736e2f6f/screenshot - {}
RESULT: {"script":"<script> [1562 bytes]","args":[{"selector":{"id":"shell-header","interaction":{"idSuffix":"icon"}},"wdio_ui5_key":"shellheader"}]}
RESULT: undefined
COMMAND: POST /session/0fb4450c6422fe69939d6824736e2f6f/window/fullscreen - {}
RESULT: {}
RESULT: {}
]]></system-out>
    </testcase>
  </testsuite>
  <testsuite timestamp="2025-05-18T16:29:23" time="127.205" tests="6" failures="0" errors="0" skipped="0">
    <properties>
      <property name="specId" value="0" />
      <property name="suiteName" value="Provide to Site w/ warehouse management w/ clarification US115878" />
      <property name="capabilities" value="chrome.136_0_7103_93.windows" />
      <property name="file" value="file:///D:/a/1/s/test/specs/HTR/provide-to-site-w-warehouse-w-clarification.spec.js" />
    </properties>
    <testcase classname="chrome.136_0_7103_93.windows.Provide_to_Site_w/_warehouse_management_w/_clarification_US115878" name="Should create a new WHM yard" time="0.222">
      <system-out><![CDATA[
COMMAND: POST /session/0fb4450c6422fe69939d6824736e2f6f/window/fullscreen - {}
RESULT: {}
]]></system-out>
    </testcase>
    <testcase classname="chrome.136_0_7103_93.windows.Provide_to_Site_w/_warehouse_management_w/_clarification_US115878" name="Should create a new external WHM partner" time="0.004" />
    <testcase classname="chrome.136_0_7103_93.windows.Provide_to_Site_w/_warehouse_management_w/_clarification_US115878" name="Should create a new WHM site" time="0.003" />
    <testcase classname="chrome.136_0_7103_93.windows.Provide_to_Site_w/_warehouse_management_w/_clarification_US115878" name="Should create a new material" time="114.176">
      <system-out><![CDATA[
COMMAND: POST /session/0fb4450c6422fe69939d6824736e2f6f/execute/async - {"script":"<script> [1562 bytes]","args":[{"selector":{"controlType":"sap.m.GenericTile","properties":{"header":"Manage Resources"}},"wdio_ui5_key":"sapm.GenericTile{\"header\":\"Manage Resources\"}"}]}
RESULT: {"script":"<script> [1562 bytes]","args":[{"selector":{"controlType":"sap.m.GenericTile","properties":{"header":"Manage Resources"}},"wdio_ui5_key":"sapm.GenericTile{\"header\":\"Manage Resources\"}"}]}
RESULT: undefined
COMMAND: POST /session/0fb4450c6422fe69939d6824736e2f6f/element - {"using":"xpath","value":"//*[@id=\"__tile31\"]"}
RESULT: {"using":"xpath","value":"//*[@id=\"__tile31\"]"}
COMMAND: POST /session/0fb4450c6422fe69939d6824736e2f6f/element/f.852D346EF878C3E5FC3136AC53424AFF.d.E22756D608EDCCD4872A6569FDF1662A.e.4369/click - {}
RESULT: {}
COMMAND: GET /session/0fb4450c6422fe69939d6824736e2f6f/screenshot - {}
RESULT: {}
COMMAND: POST /session/0fb4450c6422fe69939d6824736e2f6f/elements - {"using":"xpath","value":"//span[text()='Error']"}
RESULT: {"using":"xpath","value":"//span[text()='Error']"}
COMMAND: POST /session/0fb4450c6422fe69939d6824736e2f6f/element - {"using":"xpath","value":"//button[@data-kt=\"addNewRUOverflowToolbarButton\"]"}
RESULT: {"using":"xpath","value":"//button[@data-kt=\"addNewRUOverflowToolbarButton\"]"}
COMMAND: POST /session/0fb4450c6422fe69939d6824736e2f6f/elements - {"using":"xpath","value":"//button[@data-kt=\"addNewRUOverflowToolbarButton\"]"}
RESULT: {"using":"xpath","value":"//button[@data-kt=\"addNewRUOverflowToolbarButton\"]"}
COMMAND: POST /session/0fb4450c6422fe69939d6824736e2f6f/execute/sync - {"script":"<script> [8489 bytes]","args":[{"element-6066-11e4-a52e-4f735466cecf":"f.852D346EF878C3E5FC3136AC53424AFF.d.E22756D608EDCCD4872A6569FDF1662A.e.4500","ELEMENT":"f.852D346EF878C3E5FC3136AC53424AFF.d.E22756D608EDCCD4872A6569FDF1662A.e.4500"}]}
RESULT: {"script":"<script> [8489 bytes]","args":[{"element-6066-11e4-a52e-4f735466cecf":"f.852D346EF878C3E5FC3136AC53424AFF.d.E22756D608EDCCD4872A6569FDF1662A.e.4500","ELEMENT":"f.852D346EF878C3E5FC3136AC53424AFF.d.E22756D608EDCCD4872A6569FDF1662A.e.4500"}]}
COMMAND: GET /session/0fb4450c6422fe69939d6824736e2f6f/element/f.852D346EF878C3E5FC3136AC53424AFF.d.E22756D608EDCCD4872A6569FDF1662A.e.4500/enabled - {}
COMMAND: GET /session/0fb4450c6422fe69939d6824736e2f6f/screenshot - {}
RESULT: {}
COMMAND: POST /session/0fb4450c6422fe69939d6824736e2f6f/execute/sync - {"script":"<script> [8489 bytes]","args":[{"element-6066-11e4-a52e-4f735466cecf":"f.852D346EF878C3E5FC3136AC53424AFF.d.E22756D608EDCCD4872A6569FDF1662A.e.4500","ELEMENT":"f.852D346EF878C3E5FC3136AC53424AFF.d.E22756D608EDCCD4872A6569FDF1662A.e.4500"}]}
COMMAND: GET /session/0fb4450c6422fe69939d6824736e2f6f/screenshot - {}
RESULT: {}
RESULT: {"script":"<script> [8489 bytes]","args":[{"element-6066-11e4-a52e-4f735466cecf":"f.852D346EF878C3E5FC3136AC53424AFF.d.E22756D608EDCCD4872A6569FDF1662A.e.4500","ELEMENT":"f.852D346EF878C3E5FC3136AC53424AFF.d.E22756D608EDCCD4872A6569FDF1662A.e.4500"}]}
COMMAND: POST /session/0fb4450c6422fe69939d6824736e2f6f/execute/sync - {"script":"<script> [5351 bytes]","args":[{"element-6066-11e4-a52e-4f735466cecf":"f.852D346EF878C3E5FC3136AC53424AFF.d.E22756D608EDCCD4872A6569FDF1662A.e.4500","ELEMENT":"f.852D346EF878C3E5FC3136AC53424AFF.d.E22756D608EDCCD4872A6569FDF1662A.e.4500"}]}
COMMAND: GET /session/0fb4450c6422fe69939d6824736e2f6f/screenshot - {}
RESULT: {}
RESULT: {"script":"<script> [5351 bytes]","args":[{"element-6066-11e4-a52e-4f735466cecf":"f.852D346EF878C3E5FC3136AC53424AFF.d.E22756D608EDCCD4872A6569FDF1662A.e.4500","ELEMENT":"f.852D346EF878C3E5FC3136AC53424AFF.d.E22756D608EDCCD4872A6569FDF1662A.e.4500"}]}
COMMAND: POST /session/0fb4450c6422fe69939d6824736e2f6f/element/f.852D346EF878C3E5FC3136AC53424AFF.d.E22756D608EDCCD4872A6569FDF1662A.e.4500/click - {}
COMMAND: GET /session/0fb4450c6422fe69939d6824736e2f6f/screenshot - {}
RESULT: {}
RESULT: {}
COMMAND: GET /session/0fb4450c6422fe69939d6824736e2f6f/screenshot - {}
RESULT: {}
RESULT: {}
COMMAND: POST /session/0fb4450c6422fe69939d6824736e2f6f/execute/async - {"script":"<script> [1562 bytes]","args":[{"selector":{"id":"application-manageresources-display-component---newResourceUnit--TYPE-arrow"},"wdio_ui5_key":"applicationmanageresources-display-component---newResourceUnit--TYPE-arrow"}]}
RESULT: {"script":"<script> [1562 bytes]","args":[{"selector":{"id":"application-manageresources-display-component---newResourceUnit--TYPE-arrow"},"wdio_ui5_key":"applicationmanageresources-display-component---newResourceUnit--TYPE-arrow"}]}
RESULT: undefined
COMMAND: POST /session/0fb4450c6422fe69939d6824736e2f6f/element - {"using":"xpath","value":"//*[@id=\"application-manageresources-display-component---newResourceUnit--TYPE-arrow\"]"}
RESULT: {"using":"xpath","value":"//*[@id=\"application-manageresources-display-component---newResourceUnit--TYPE-arrow\"]"}
COMMAND: POST /session/0fb4450c6422fe69939d6824736e2f6f/element/f.852D346EF878C3E5FC3136AC53424AFF.d.E22756D608EDCCD4872A6569FDF1662A.e.4670/click - {}
RESULT: {}
COMMAND: POST /session/0fb4450c6422fe69939d6824736e2f6f/element - {"using":"xpath","value":"//input[@id=\"application-manageresources-display-component---newResourceUnit--TYPE-inner\"]"}
COMMAND: GET /session/0fb4450c6422fe69939d6824736e2f6f/screenshot - {}
RESULT: {"using":"xpath","value":"//input[@id=\"application-manageresources-display-component---newResourceUnit--TYPE-inner\"]"}
COMMAND: POST /session/0fb4450c6422fe69939d6824736e2f6f/element/f.852D346EF878C3E5FC3136AC53424AFF.d.E22756D608EDCCD4872A6569FDF1662A.e.4552/clear - {}
RESULT: {}
RESULT: {}
COMMAND: POST /session/0fb4450c6422fe69939d6824736e2f6f/element/f.852D346EF878C3E5FC3136AC53424AFF.d.E22756D608EDCCD4872A6569FDF1662A.e.4552/value - {"text":"Material"}
COMMAND: GET /session/0fb4450c6422fe69939d6824736e2f6f/screenshot - {}
RESULT: {"text":"Material"}
COMMAND: GET /session/0fb4450c6422fe69939d6824736e2f6f/screenshot - {}
RESULT: {}
RESULT: {}
COMMAND: POST /session/0fb4450c6422fe69939d6824736e2f6f/actions - {"actions":[{"id":"action17","type":"key","parameters":{},"actions":[{"type":"keyDown","value":"î€‡"},{"type":"pause","duration":10},{"type":"keyUp","value":"î€‡"}]}]}
RESULT: {"actions":[{"id":"action17","type":"key","parameters":{},"actions":[{"type":"keyDown","value":"î€‡"},{"type":"pause","duration":10},{"type":"keyUp","value":"î€‡"}]}]}
COMMAND: POST /session/0fb4450c6422fe69939d6824736e2f6f/execute/async - {"script":"<script> [1562 bytes]","args":[{"selector":{"id":"application-manageresources-display-component---newResourceUnit--SHORT_TEXT","interaction":{"idSuffix":"inner"}},"wdio_ui5_key":"applicationmanageresources-display-component---newResourceUnit--SHORT_TEXT"}]}
COMMAND: GET /session/0fb4450c6422fe69939d6824736e2f6f/screenshot - {}
RESULT: {"script":"<script> [1562 bytes]","args":[{"selector":{"id":"application-manageresources-display-component---newResourceUnit--SHORT_TEXT","interaction":{"idSuffix":"inner"}},"wdio_ui5_key":"applicationmanageresources-display-component---newResourceUnit--SHORT_TEXT"}]}
RESULT: undefined
COMMAND: POST /session/0fb4450c6422fe69939d6824736e2f6f/execute/async - {"script":"<script> [776 bytes]","args":[{"enterText":"Cement WDIO","selector":{"id":"application-manageresources-display-component---newResourceUnit--SHORT_TEXT","interaction":{"idSuffix":"inner"}},"clearTextFirst":true,"interactionType":"ENTER_TEXT"}]}
RESULT: {}
RESULT: {"script":"<script> [776 bytes]","args":[{"enterText":"Cement WDIO","selector":{"id":"application-manageresources-display-component---newResourceUnit--SHORT_TEXT","interaction":{"idSuffix":"inner"}},"clearTextFirst":true,"interactionType":"ENTER_TEXT"}]}
COMMAND: POST /session/0fb4450c6422fe69939d6824736e2f6f/execute/async - {"script":"<script> [1562 bytes]","args":[{"selector":{"id":"application-manageresources-display-component---newResourceUnit--BASE_UNIT_OF_MEASURE","interaction":{"idSuffix":"inner"}},"wdio_ui5_key":"applicationmanageresources-display-component---newResourceUnit--BASE_UNIT_OF_MEASURE"}]}
RESULT: {"script":"<script> [1562 bytes]","args":[{"selector":{"id":"application-manageresources-display-component---newResourceUnit--BASE_UNIT_OF_MEASURE","interaction":{"idSuffix":"inner"}},"wdio_ui5_key":"applicationmanageresources-display-component---newResourceUnit--BASE_UNIT_OF_MEASURE"}]}
RESULT: undefined
COMMAND: POST /session/0fb4450c6422fe69939d6824736e2f6f/execute/async - {"script":"<script> [776 bytes]","args":[{"enterText":"Piece","selector":{"id":"application-manageresources-display-component---newResourceUnit--BASE_UNIT_OF_MEASURE","interaction":{"idSuffix":"inner"}},"clearTextFirst":true,"interactionType":"ENTER_TEXT"}]}
RESULT: {"script":"<script> [776 bytes]","args":[{"enterText":"Piece","selector":{"id":"application-manageresources-display-component---newResourceUnit--BASE_UNIT_OF_MEASURE","interaction":{"idSuffix":"inner"}},"clearTextFirst":true,"interactionType":"ENTER_TEXT"}]}
COMMAND: POST /session/0fb4450c6422fe69939d6824736e2f6f/execute/async - {"script":"<script> [1562 bytes]","args":[{"selector":{"id":"application-manageresources-display-component---newResourceUnit--WEIGHT_UNIT","interaction":{"idSuffix":"inner"}},"wdio_ui5_key":"applicationmanageresources-display-component---newResourceUnit--WEIGHT_UNIT"}]}
RESULT: {"script":"<script> [1562 bytes]","args":[{"selector":{"id":"application-manageresources-display-component---newResourceUnit--WEIGHT_UNIT","interaction":{"idSuffix":"inner"}},"wdio_ui5_key":"applicationmanageresources-display-component---newResourceUnit--WEIGHT_UNIT"}]}
RESULT: undefined
COMMAND: POST /session/0fb4450c6422fe69939d6824736e2f6f/execute/async - {"script":"<script> [776 bytes]","args":[{"enterText":"Gram","selector":{"id":"application-manageresources-display-component---newResourceUnit--WEIGHT_UNIT","interaction":{"idSuffix":"inner"}},"clearTextFirst":true,"interactionType":"ENTER_TEXT"}]}
RESULT: {"script":"<script> [776 bytes]","args":[{"enterText":"Gram","selector":{"id":"application-manageresources-display-component---newResourceUnit--WEIGHT_UNIT","interaction":{"idSuffix":"inner"}},"clearTextFirst":true,"interactionType":"ENTER_TEXT"}]}
COMMAND: POST /session/0fb4450c6422fe69939d6824736e2f6f/execute/async - {"script":"<script> [1562 bytes]","args":[{"selector":{"id":"application-manageresources-display-component---newResourceUnit--DIMENSION_UNIT","interaction":{"idSuffix":"inner"}},"wdio_ui5_key":"applicationmanageresources-display-component---newResourceUnit--DIMENSION_UNIT"}]}
RESULT: {"script":"<script> [1562 bytes]","args":[{"selector":{"id":"application-manageresources-display-component---newResourceUnit--DIMENSION_UNIT","interaction":{"idSuffix":"inner"}},"wdio_ui5_key":"applicationmanageresources-display-component---newResourceUnit--DIMENSION_UNIT"}]}
RESULT: undefined
COMMAND: POST /session/0fb4450c6422fe69939d6824736e2f6f/execute/async - {"script":"<script> [776 bytes]","args":[{"enterText":"Meter","selector":{"id":"application-manageresources-display-component---newResourceUnit--DIMENSION_UNIT","interaction":{"idSuffix":"inner"}},"clearTextFirst":true,"interactionType":"ENTER_TEXT"}]}
RESULT: {"script":"<script> [776 bytes]","args":[{"enterText":"Meter","selector":{"id":"application-manageresources-display-component---newResourceUnit--DIMENSION_UNIT","interaction":{"idSuffix":"inner"}},"clearTextFirst":true,"interactionType":"ENTER_TEXT"}]}
COMMAND: POST /session/0fb4450c6422fe69939d6824736e2f6f/execute/async - {"script":"<script> [1562 bytes]","args":[{"selector":{"id":"application-manageresources-display-component---newResourceUnit--newRRUPage-anchBar-application-manageresources-display-component---newResourceUnit--control-anchor","interaction":{"idSuffix":"BDI-content"}},"wdio_ui5_key":"applicationmanageresources-display-component---newResourceUnit--newRRUPage-anchBar-application-manageresources-display-component---newResourceUnit--control-anchor"}]}
RESULT: {"script":"<script> [1562 bytes]","args":[{"selector":{"id":"application-manageresources-display-component---newResourceUnit--newRRUPage-anchBar-application-manageresources-display-component---newResourceUnit--control-anchor","interaction":{"idSuffix":"BDI-content"}},"wdio_ui5_key":"applicationmanageresources-display-component---newResourceUnit--newRRUPage-anchBar-application-manageresources-display-component---newResourceUnit--control-anchor"}]}
RESULT: undefined
COMMAND: POST /session/0fb4450c6422fe69939d6824736e2f6f/element - {"using":"xpath","value":"//*[@id=\"application-manageresources-display-component---newResourceUnit--newRRUPage-anchBar-application-manageresources-display-component---newResourceUnit--control-anchor\"]"}
RESULT: {"using":"xpath","value":"//*[@id=\"application-manageresources-display-component---newResourceUnit--newRRUPage-anchBar-application-manageresources-display-component---newResourceUnit--control-anchor\"]"}
COMMAND: POST /session/0fb4450c6422fe69939d6824736e2f6f/element/f.852D346EF878C3E5FC3136AC53424AFF.d.E22756D608EDCCD4872A6569FDF1662A.e.4736/click - {}
RESULT: {}
COMMAND: POST /session/0fb4450c6422fe69939d6824736e2f6f/execute/async - {"script":"<script> [1562 bytes]","args":[{"selector":{"id":"application-manageresources-display-component---newResourceUnit--PLANNING_GROUP","interaction":{"idSuffix":"inner"}},"wdio_ui5_key":"applicationmanageresources-display-component---newResourceUnit--PLANNING_GROUP"}]}
COMMAND: GET /session/0fb4450c6422fe69939d6824736e2f6f/screenshot - {}
RESULT: {"script":"<script> [1562 bytes]","args":[{"selector":{"id":"application-manageresources-display-component---newResourceUnit--PLANNING_GROUP","interaction":{"idSuffix":"inner"}},"wdio_ui5_key":"applicationmanageresources-display-component---newResourceUnit--PLANNING_GROUP"}]}
RESULT: undefined
COMMAND: POST /session/0fb4450c6422fe69939d6824736e2f6f/execute/async - {"script":"<script> [776 bytes]","args":[{"enterText":"Material","selector":{"id":"application-manageresources-display-component---newResourceUnit--PLANNING_GROUP","interaction":{"idSuffix":"inner"}},"clearTextFirst":true,"interactionType":"ENTER_TEXT"}]}
RESULT: {}
RESULT: {"script":"<script> [776 bytes]","args":[{"enterText":"Material","selector":{"id":"application-manageresources-display-component---newResourceUnit--PLANNING_GROUP","interaction":{"idSuffix":"inner"}},"clearTextFirst":true,"interactionType":"ENTER_TEXT"}]}
COMMAND: POST /session/0fb4450c6422fe69939d6824736e2f6f/execute/async - {"script":"<script> [1562 bytes]","args":[{"selector":{"id":"application-manageresources-display-component---newResourceUnit--PLANNING_INDICATOR","interaction":{"idSuffix":"inner"}},"wdio_ui5_key":"applicationmanageresources-display-component---newResourceUnit--PLANNING_INDICATOR"}]}
RESULT: {"script":"<script> [1562 bytes]","args":[{"selector":{"id":"application-manageresources-display-component---newResourceUnit--PLANNING_INDICATOR","interaction":{"idSuffix":"inner"}},"wdio_ui5_key":"applicationmanageresources-display-component---newResourceUnit--PLANNING_INDICATOR"}]}
RESULT: undefined
COMMAND: POST /session/0fb4450c6422fe69939d6824736e2f6f/execute/async - {"script":"<script> [776 bytes]","args":[{"enterText":"10 - infinite","selector":{"id":"application-manageresources-display-component---newResourceUnit--PLANNING_INDICATOR","interaction":{"idSuffix":"inner"}},"clearTextFirst":true,"interactionType":"ENTER_TEXT"}]}
RESULT: {"script":"<script> [776 bytes]","args":[{"enterText":"10 - infinite","selector":{"id":"application-manageresources-display-component---newResourceUnit--PLANNING_INDICATOR","interaction":{"idSuffix":"inner"}},"clearTextFirst":true,"interactionType":"ENTER_TEXT"}]}
COMMAND: POST /session/0fb4450c6422fe69939d6824736e2f6f/element - {"using":"css selector","value":"#application-manageresources-display-component---newResourceUnit--btnAddTimeSegment"}
RESULT: {"using":"css selector","value":"#application-manageresources-display-component---newResourceUnit--btnAddTimeSegment"}
COMMAND: GET /session/0fb4450c6422fe69939d6824736e2f6f/element/f.852D346EF878C3E5FC3136AC53424AFF.d.E22756D608EDCCD4872A6569FDF1662A.e.4744/rect - {}
RESULT: {}
COMMAND: GET /session/0fb4450c6422fe69939d6824736e2f6f/window/rect - {}
RESULT: {}
COMMAND: POST /session/0fb4450c6422fe69939d6824736e2f6f/execute/sync - {"script":"<script> [92 bytes]","args":[]}
RESULT: {"script":"<script> [92 bytes]","args":[]}
COMMAND: POST /session/0fb4450c6422fe69939d6824736e2f6f/actions - {"actions":[{"id":"action18","type":"wheel","parameters":{},"actions":[{"type":"scroll","x":-1888,"y":-32,"deltaX":0,"deltaY":0,"duration":0,"origin":{"element-6066-11e4-a52e-4f735466cecf":"f.852D346EF878C3E5FC3136AC53424AFF.d.E22756D608EDCCD4872A6569FDF1662A.e.4744"}}]}]}
COMMAND: GET /session/0fb4450c6422fe69939d6824736e2f6f/screenshot - {}
RESULT: {}
COMMAND: POST /session/0fb4450c6422fe69939d6824736e2f6f/execute/sync - {"script":"<script> [79 bytes]","args":[{"element-6066-11e4-a52e-4f735466cecf":"f.852D346EF878C3E5FC3136AC53424AFF.d.E22756D608EDCCD4872A6569FDF1662A.e.4744","ELEMENT":"f.852D346EF878C3E5FC3136AC53424AFF.d.E22756D608EDCCD4872A6569FDF1662A.e.4744"},{"block":"start","inline":"nearest"}]}
RESULT: {"script":"<script> [79 bytes]","args":[{"element-6066-11e4-a52e-4f735466cecf":"f.852D346EF878C3E5FC3136AC53424AFF.d.E22756D608EDCCD4872A6569FDF1662A.e.4744","ELEMENT":"f.852D346EF878C3E5FC3136AC53424AFF.d.E22756D608EDCCD4872A6569FDF1662A.e.4744"},{"block":"start","inline":"nearest"}]}
COMMAND: POST /session/0fb4450c6422fe69939d6824736e2f6f/execute/async - {"script":"<script> [1562 bytes]","args":[{"selector":{"id":"application-manageresources-display-component---newResourceUnit--btnAddTimeSegment","interaction":{"idSuffix":"inner"}},"wdio_ui5_key":"applicationmanageresources-display-component---newResourceUnit--btnAddTimeSegment"}]}
COMMAND: GET /session/0fb4450c6422fe69939d6824736e2f6f/screenshot - {}
RESULT: {"script":"<script> [1562 bytes]","args":[{"selector":{"id":"application-manageresources-display-component---newResourceUnit--btnAddTimeSegment","interaction":{"idSuffix":"inner"}},"wdio_ui5_key":"applicationmanageresources-display-component---newResourceUnit--btnAddTimeSegment"}]}
RESULT: undefined
COMMAND: POST /session/0fb4450c6422fe69939d6824736e2f6f/element - {"using":"xpath","value":"//*[@id=\"application-manageresources-display-component---newResourceUnit--btnAddTimeSegment\"]"}
RESULT: {}
RESULT: {"using":"xpath","value":"//*[@id=\"application-manageresources-display-component---newResourceUnit--btnAddTimeSegment\"]"}
COMMAND: POST /session/0fb4450c6422fe69939d6824736e2f6f/element/f.852D346EF878C3E5FC3136AC53424AFF.d.E22756D608EDCCD4872A6569FDF1662A.e.4744/click - {}
RESULT: {}
COMMAND: GET /session/0fb4450c6422fe69939d6824736e2f6f/screenshot - {}
RESULT: {}
COMMAND: POST /session/0fb4450c6422fe69939d6824736e2f6f/element - {"using":"xpath","value":"//input[@id=\"application-manageresources-display-component---newResourceUnit--idRuTSAdmin-application-manageresources-display-component---newResourceUnit--RUTimeSegment-0-inner\"]"}
RESULT: {"using":"xpath","value":"//input[@id=\"application-manageresources-display-component---newResourceUnit--idRuTSAdmin-application-manageresources-display-component---newResourceUnit--RUTimeSegment-0-inner\"]"}
COMMAND: POST /session/0fb4450c6422fe69939d6824736e2f6f/element/f.852D346EF878C3E5FC3136AC53424AFF.d.E22756D608EDCCD4872A6569FDF1662A.e.4749/clear - {}
RESULT: {}
COMMAND: POST /session/0fb4450c6422fe69939d6824736e2f6f/element/f.852D346EF878C3E5FC3136AC53424AFF.d.E22756D608EDCCD4872A6569FDF1662A.e.4749/value - {"text":"520"}
COMMAND: GET /session/0fb4450c6422fe69939d6824736e2f6f/screenshot - {}
RESULT: {"text":"520"}
COMMAND: GET /session/0fb4450c6422fe69939d6824736e2f6f/screenshot - {}
RESULT: {}
RESULT: {}
COMMAND: POST /session/0fb4450c6422fe69939d6824736e2f6f/element - {"using":"xpath","value":"//li[.//span[text()='520']]"}
RESULT: {"using":"xpath","value":"//li[.//span[text()='520']]"}
COMMAND: POST /session/0fb4450c6422fe69939d6824736e2f6f/element/f.852D346EF878C3E5FC3136AC53424AFF.d.E22756D608EDCCD4872A6569FDF1662A.e.4758/click - {}
RESULT: {}
COMMAND: GET /session/0fb4450c6422fe69939d6824736e2f6f/screenshot - {}
RESULT: {}
COMMAND: POST /session/0fb4450c6422fe69939d6824736e2f6f/element - {"using":"xpath","value":"(//span[contains(@id, \"-application-manageresources-display-component---newResourceUnit--RUTimeSegment-0-arrow\")])[2]"}
RESULT: {"using":"xpath","value":"(//span[contains(@id, \"-application-manageresources-display-component---newResourceUnit--RUTimeSegment-0-arrow\")])[2]"}
COMMAND: POST /session/0fb4450c6422fe69939d6824736e2f6f/element/f.852D346EF878C3E5FC3136AC53424AFF.d.E22756D608EDCCD4872A6569FDF1662A.e.4759/click - {}
RESULT: {}
COMMAND: POST /session/0fb4450c6422fe69939d6824736e2f6f/element - {"using":"xpath","value":"//span[contains(text(), \"PM Order\")]"}
COMMAND: GET /session/0fb4450c6422fe69939d6824736e2f6f/screenshot - {}
RESULT: {"using":"xpath","value":"//span[contains(text(), \"PM Order\")]"}
COMMAND: POST /session/0fb4450c6422fe69939d6824736e2f6f/element/f.852D346EF878C3E5FC3136AC53424AFF.d.E22756D608EDCCD4872A6569FDF1662A.e.4760/click - {}
RESULT: {}
RESULT: {}
COMMAND: GET /session/0fb4450c6422fe69939d6824736e2f6f/screenshot - {}
RESULT: {}
COMMAND: POST /session/0fb4450c6422fe69939d6824736e2f6f/element - {"using":"xpath","value":"//td/div/div/div/span[contains(@id, \"newResourceUnit--RUTimeSegment-0-vhi\")][1]"}
RESULT: {"using":"xpath","value":"//td/div/div/div/span[contains(@id, \"newResourceUnit--RUTimeSegment-0-vhi\")][1]"}
COMMAND: GET /session/0fb4450c6422fe69939d6824736e2f6f/element/f.852D346EF878C3E5FC3136AC53424AFF.d.E22756D608EDCCD4872A6569FDF1662A.e.4764/rect - {}
RESULT: {}
COMMAND: GET /session/0fb4450c6422fe69939d6824736e2f6f/window/rect - {}
RESULT: {}
COMMAND: POST /session/0fb4450c6422fe69939d6824736e2f6f/execute/sync - {"script":"<script> [92 bytes]","args":[]}
RESULT: {"script":"<script> [92 bytes]","args":[]}
COMMAND: POST /session/0fb4450c6422fe69939d6824736e2f6f/actions - {"actions":[{"id":"action19","type":"wheel","parameters":{},"actions":[{"type":"scroll","x":-1888,"y":-24,"deltaX":0,"deltaY":0,"duration":0,"origin":{"element-6066-11e4-a52e-4f735466cecf":"f.852D346EF878C3E5FC3136AC53424AFF.d.E22756D608EDCCD4872A6569FDF1662A.e.4764"}}]}]}
COMMAND: GET /session/0fb4450c6422fe69939d6824736e2f6f/screenshot - {}
RESULT: {}
COMMAND: POST /session/0fb4450c6422fe69939d6824736e2f6f/execute/sync - {"script":"<script> [79 bytes]","args":[{"element-6066-11e4-a52e-4f735466cecf":"f.852D346EF878C3E5FC3136AC53424AFF.d.E22756D608EDCCD4872A6569FDF1662A.e.4764","ELEMENT":"f.852D346EF878C3E5FC3136AC53424AFF.d.E22756D608EDCCD4872A6569FDF1662A.e.4764"},{"block":"start","inline":"nearest"}]}
RESULT: {"script":"<script> [79 bytes]","args":[{"element-6066-11e4-a52e-4f735466cecf":"f.852D346EF878C3E5FC3136AC53424AFF.d.E22756D608EDCCD4872A6569FDF1662A.e.4764","ELEMENT":"f.852D346EF878C3E5FC3136AC53424AFF.d.E22756D608EDCCD4872A6569FDF1662A.e.4764"},{"block":"start","inline":"nearest"}]}
COMMAND: GET /session/0fb4450c6422fe69939d6824736e2f6f/screenshot - {}
RESULT: {}
COMMAND: POST /session/0fb4450c6422fe69939d6824736e2f6f/element/f.852D346EF878C3E5FC3136AC53424AFF.d.E22756D608EDCCD4872A6569FDF1662A.e.4764/click - {}
RESULT: {}
COMMAND: GET /session/0fb4450c6422fe69939d6824736e2f6f/screenshot - {}
RESULT: {}
COMMAND: POST /session/0fb4450c6422fe69939d6824736e2f6f/execute/async - {"script":"<script> [1562 bytes]","args":[{"selector":{"controlType":"sap.m.SearchField","properties":{"placeholder":"Search"},"searchOpenDialogs":true,"interaction":{"idSuffix":"I"}},"wdio_ui5_key":"sapm.SearchField{\"placeholder\":\"Search\"}"}]}
RESULT: {"script":"<script> [1562 bytes]","args":[{"selector":{"controlType":"sap.m.SearchField","properties":{"placeholder":"Search"},"searchOpenDialogs":true,"interaction":{"idSuffix":"I"}},"wdio_ui5_key":"sapm.SearchField{\"placeholder\":\"Search\"}"}]}
RESULT: undefined
COMMAND: POST /session/0fb4450c6422fe69939d6824736e2f6f/execute/async - {"script":"<script> [776 bytes]","args":[{"enterText":"4000360","selector":{"controlType":"sap.m.SearchField","properties":{"placeholder":"Search"},"searchOpenDialogs":true,"interaction":{"idSuffix":"I"}},"clearTextFirst":true,"interactionType":"ENTER_TEXT"}]}
RESULT: {"script":"<script> [776 bytes]","args":[{"enterText":"4000360","selector":{"controlType":"sap.m.SearchField","properties":{"placeholder":"Search"},"searchOpenDialogs":true,"interaction":{"idSuffix":"I"}},"clearTextFirst":true,"interactionType":"ENTER_TEXT"}]}
COMMAND: POST /session/0fb4450c6422fe69939d6824736e2f6f/actions - {"actions":[{"id":"action20","type":"key","parameters":{},"actions":[{"type":"keyDown","value":"î€‡"},{"type":"pause","duration":10},{"type":"keyUp","value":"î€‡"}]}]}
RESULT: {"actions":[{"id":"action20","type":"key","parameters":{},"actions":[{"type":"keyDown","value":"î€‡"},{"type":"pause","duration":10},{"type":"keyUp","value":"î€‡"}]}]}
COMMAND: GET /session/0fb4450c6422fe69939d6824736e2f6f/screenshot - {}
RESULT: {}
COMMAND: POST /session/0fb4450c6422fe69939d6824736e2f6f/element - {"using":"xpath","value":"//td/div/span[contains(text(), \"BGL Vehicles\")]"}
RESULT: {"using":"xpath","value":"//td/div/span[contains(text(), \"BGL Vehicles\")]"}
COMMAND: POST /session/0fb4450c6422fe69939d6824736e2f6f/element/f.852D346EF878C3E5FC3136AC53424AFF.d.E22756D608EDCCD4872A6569FDF1662A.e.4786/click - {}
RESULT: {}
COMMAND: GET /session/0fb4450c6422fe69939d6824736e2f6f/screenshot - {}
RESULT: {}
COMMAND: POST /session/0fb4450c6422fe69939d6824736e2f6f/element - {"using":"xpath","value":"//bdi[contains(text(), \"OK\")]"}
RESULT: {"using":"xpath","value":"//bdi[contains(text(), \"OK\")]"}
COMMAND: POST /session/0fb4450c6422fe69939d6824736e2f6f/element/f.852D346EF878C3E5FC3136AC53424AFF.d.E22756D608EDCCD4872A6569FDF1662A.e.4787/click - {}
RESULT: {}
COMMAND: GET /session/0fb4450c6422fe69939d6824736e2f6f/screenshot - {}
RESULT: {}
COMMAND: POST /session/0fb4450c6422fe69939d6824736e2f6f/element - {"using":"xpath","value":"//label[contains(@class, 'sapMLabelRequired') and .//bdi[contains(text(), 'Planned Retirement')]]"}
RESULT: {"using":"xpath","value":"//label[contains(@class, 'sapMLabelRequired') and .//bdi[contains(text(), 'Planned Retirement')]]"}
COMMAND: POST /session/0fb4450c6422fe69939d6824736e2f6f/elements - {"using":"xpath","value":"//label[contains(@class, 'sapMLabelRequired') and .//bdi[contains(text(), 'Planned Retirement')]]"}
RESULT: {"using":"xpath","value":"//label[contains(@class, 'sapMLabelRequired') and .//bdi[contains(text(), 'Planned Retirement')]]"}
COMMAND: POST /session/0fb4450c6422fe69939d6824736e2f6f/element - {"using":"xpath","value":"//button[@data-kt=\"resourceUnitSaveButton\"]"}
RESULT: {"using":"xpath","value":"//button[@data-kt=\"resourceUnitSaveButton\"]"}
COMMAND: POST /session/0fb4450c6422fe69939d6824736e2f6f/element/f.852D346EF878C3E5FC3136AC53424AFF.d.E22756D608EDCCD4872A6569FDF1662A.e.4689/click - {}
RESULT: {}
COMMAND: GET /session/0fb4450c6422fe69939d6824736e2f6f/screenshot - {}
RESULT: {}
COMMAND: POST /session/0fb4450c6422fe69939d6824736e2f6f/element - {"using":"xpath","value":"//bdi[contains(text(), \"Close\")]"}
RESULT: {"using":"xpath","value":"//bdi[contains(text(), \"Close\")]"}
COMMAND: POST /session/0fb4450c6422fe69939d6824736e2f6f/element/f.852D346EF878C3E5FC3136AC53424AFF.d.E22756D608EDCCD4872A6569FDF1662A.e.4793/click - {}
RESULT: {}
COMMAND: GET /session/0fb4450c6422fe69939d6824736e2f6f/screenshot - {}
RESULT: {}
COMMAND: POST /session/0fb4450c6422fe69939d6824736e2f6f/element - {"using":"xpath","value":"//header[contains(@id, 'detailRruPage-headerTitle')]/div[1]/div[2]/div[2]/span[1]"}
RESULT: {"using":"xpath","value":"//header[contains(@id, 'detailRruPage-headerTitle')]/div[1]/div[2]/div[2]/span[1]"}
COMMAND: POST /session/0fb4450c6422fe69939d6824736e2f6f/elements - {"using":"xpath","value":"//header[contains(@id, 'detailRruPage-headerTitle')]/div[1]/div[2]/div[2]/span[1]"}
RESULT: {"using":"xpath","value":"//header[contains(@id, 'detailRruPage-headerTitle')]/div[1]/div[2]/div[2]/span[1]"}
COMMAND: POST /session/0fb4450c6422fe69939d6824736e2f6f/execute/sync - {"script":"<script> [56 bytes]","args":[{"element-6066-11e4-a52e-4f735466cecf":"f.852D346EF878C3E5FC3136AC53424AFF.d.E22756D608EDCCD4872A6569FDF1662A.e.4833","ELEMENT":"f.852D346EF878C3E5FC3136AC53424AFF.d.E22756D608EDCCD4872A6569FDF1662A.e.4833"}]}
RESULT: {"script":"<script> [56 bytes]","args":[{"element-6066-11e4-a52e-4f735466cecf":"f.852D346EF878C3E5FC3136AC53424AFF.d.E22756D608EDCCD4872A6569FDF1662A.e.4833","ELEMENT":"f.852D346EF878C3E5FC3136AC53424AFF.d.E22756D608EDCCD4872A6569FDF1662A.e.4833"}]}
COMMAND: POST /session/0fb4450c6422fe69939d6824736e2f6f/element - {"using":"css selector","value":"#shell-header-logo"}
COMMAND: GET /session/0fb4450c6422fe69939d6824736e2f6f/screenshot - {}
RESULT: {"using":"css selector","value":"#shell-header-logo"}
COMMAND: POST /session/0fb4450c6422fe69939d6824736e2f6f/element/f.852D346EF878C3E5FC3136AC53424AFF.d.E22756D608EDCCD4872A6569FDF1662A.e.4345/click - {}
RESULT: {}
RESULT: {}
COMMAND: GET /session/0fb4450c6422fe69939d6824736e2f6f/screenshot - {}
RESULT: {}
]]></system-out>
    </testcase>
    <testcase classname="chrome.136_0_7103_93.windows.Provide_to_Site_w/_warehouse_management_w/_clarification_US115878" name="Bin Status Report Should Create New Organization yard" time="0.004" />
    <testcase classname="chrome.136_0_7103_93.windows.Provide_to_Site_w/_warehouse_management_w/_clarification_US115878" name="Bin Status Report Should Create New Organization for Site" time="0.004" />
  </testsuite>
  <testsuite timestamp="2025-05-18T16:31:30" time="439.797" tests="6" failures="0" errors="0" skipped="0">
    <properties>
      <property name="specId" value="0" />
      <property name="suiteName" value="Provide to Site w/ warehouse management w clarification" />
      <property name="capabilities" value="chrome.136_0_7103_93.windows" />
      <property name="file" value="file:///D:/a/1/s/test/specs/HTR/provide-to-site-w-warehouse-w-clarification.spec.js" />
    </properties>
    <testcase classname="chrome.136_0_7103_93.windows.Provide_to_Site_w/_warehouse_management_w_clarification" name="Should do a stock increase handover" time="86.302">
      <system-out><![CDATA[
COMMAND: POST /session/0fb4450c6422fe69939d6824736e2f6f/execute/async - {"script":"<script> [1562 bytes]","args":[{"selector":{"controlType":"sap.m.GenericTile","properties":{"header":"Manage Handovers"}},"wdio_ui5_key":"sapm.GenericTile{\"header\":\"Manage Handovers\"}"}]}
RESULT: {"script":"<script> [1562 bytes]","args":[{"selector":{"controlType":"sap.m.GenericTile","properties":{"header":"Manage Handovers"}},"wdio_ui5_key":"sapm.GenericTile{\"header\":\"Manage Handovers\"}"}]}
RESULT: undefined
COMMAND: POST /session/0fb4450c6422fe69939d6824736e2f6f/element - {"using":"xpath","value":"//*[@id=\"__tile132\"]"}
RESULT: {"using":"xpath","value":"//*[@id=\"__tile132\"]"}
COMMAND: POST /session/0fb4450c6422fe69939d6824736e2f6f/element/f.852D346EF878C3E5FC3136AC53424AFF.d.E22756D608EDCCD4872A6569FDF1662A.e.4396/click - {}
RESULT: {}
COMMAND: GET /session/0fb4450c6422fe69939d6824736e2f6f/screenshot - {}
RESULT: {}
COMMAND: POST /session/0fb4450c6422fe69939d6824736e2f6f/elements - {"using":"xpath","value":"//span[text()='Error']"}
RESULT: {"using":"xpath","value":"//span[text()='Error']"}
COMMAND: POST /session/0fb4450c6422fe69939d6824736e2f6f/element - {"using":"xpath","value":"//button[@data-kt=\"masterHOAddButton\"]"}
RESULT: {"using":"xpath","value":"//button[@data-kt=\"masterHOAddButton\"]"}
COMMAND: POST /session/0fb4450c6422fe69939d6824736e2f6f/elements - {"using":"xpath","value":"//button[@data-kt=\"masterHOAddButton\"]"}
RESULT: {"using":"xpath","value":"//button[@data-kt=\"masterHOAddButton\"]"}
COMMAND: POST /session/0fb4450c6422fe69939d6824736e2f6f/execute/sync - {"script":"<script> [8489 bytes]","args":[{"element-6066-11e4-a52e-4f735466cecf":"f.852D346EF878C3E5FC3136AC53424AFF.d.E22756D608EDCCD4872A6569FDF1662A.e.4873","ELEMENT":"f.852D346EF878C3E5FC3136AC53424AFF.d.E22756D608EDCCD4872A6569FDF1662A.e.4873"}]}
RESULT: {"script":"<script> [8489 bytes]","args":[{"element-6066-11e4-a52e-4f735466cecf":"f.852D346EF878C3E5FC3136AC53424AFF.d.E22756D608EDCCD4872A6569FDF1662A.e.4873","ELEMENT":"f.852D346EF878C3E5FC3136AC53424AFF.d.E22756D608EDCCD4872A6569FDF1662A.e.4873"}]}
COMMAND: GET /session/0fb4450c6422fe69939d6824736e2f6f/element/f.852D346EF878C3E5FC3136AC53424AFF.d.E22756D608EDCCD4872A6569FDF1662A.e.4873/enabled - {}
COMMAND: GET /session/0fb4450c6422fe69939d6824736e2f6f/screenshot - {}
RESULT: {}
COMMAND: POST /session/0fb4450c6422fe69939d6824736e2f6f/execute/sync - {"script":"<script> [8489 bytes]","args":[{"element-6066-11e4-a52e-4f735466cecf":"f.852D346EF878C3E5FC3136AC53424AFF.d.E22756D608EDCCD4872A6569FDF1662A.e.4873","ELEMENT":"f.852D346EF878C3E5FC3136AC53424AFF.d.E22756D608EDCCD4872A6569FDF1662A.e.4873"}]}
COMMAND: GET /session/0fb4450c6422fe69939d6824736e2f6f/screenshot - {}
RESULT: {}
RESULT: {"script":"<script> [8489 bytes]","args":[{"element-6066-11e4-a52e-4f735466cecf":"f.852D346EF878C3E5FC3136AC53424AFF.d.E22756D608EDCCD4872A6569FDF1662A.e.4873","ELEMENT":"f.852D346EF878C3E5FC3136AC53424AFF.d.E22756D608EDCCD4872A6569FDF1662A.e.4873"}]}
COMMAND: POST /session/0fb4450c6422fe69939d6824736e2f6f/execute/sync - {"script":"<script> [5351 bytes]","args":[{"element-6066-11e4-a52e-4f735466cecf":"f.852D346EF878C3E5FC3136AC53424AFF.d.E22756D608EDCCD4872A6569FDF1662A.e.4873","ELEMENT":"f.852D346EF878C3E5FC3136AC53424AFF.d.E22756D608EDCCD4872A6569FDF1662A.e.4873"}]}
COMMAND: GET /session/0fb4450c6422fe69939d6824736e2f6f/screenshot - {}
RESULT: {}
RESULT: {"script":"<script> [5351 bytes]","args":[{"element-6066-11e4-a52e-4f735466cecf":"f.852D346EF878C3E5FC3136AC53424AFF.d.E22756D608EDCCD4872A6569FDF1662A.e.4873","ELEMENT":"f.852D346EF878C3E5FC3136AC53424AFF.d.E22756D608EDCCD4872A6569FDF1662A.e.4873"}]}
COMMAND: POST /session/0fb4450c6422fe69939d6824736e2f6f/element/f.852D346EF878C3E5FC3136AC53424AFF.d.E22756D608EDCCD4872A6569FDF1662A.e.4873/click - {}
COMMAND: GET /session/0fb4450c6422fe69939d6824736e2f6f/screenshot - {}
RESULT: {}
RESULT: {}
COMMAND: GET /session/0fb4450c6422fe69939d6824736e2f6f/screenshot - {}
COMMAND: POST /session/0fb4450c6422fe69939d6824736e2f6f/element - {"using":"xpath","value":"//span[contains(@id ,\"AddNewHO--typeSelect-arrow\")]"}
RESULT: {}
RESULT: {}
RESULT: {"using":"xpath","value":"//span[contains(@id ,\"AddNewHO--typeSelect-arrow\")]"}
COMMAND: POST /session/0fb4450c6422fe69939d6824736e2f6f/element/f.852D346EF878C3E5FC3136AC53424AFF.d.E22756D608EDCCD4872A6569FDF1662A.e.5230/click - {}
RESULT: {}
COMMAND: GET /session/0fb4450c6422fe69939d6824736e2f6f/screenshot - {}
RESULT: {}
COMMAND: POST /session/0fb4450c6422fe69939d6824736e2f6f/element - {"using":"xpath","value":"(//li[contains(text(), \"stock increase yard\")])[1]"}
RESULT: {"using":"xpath","value":"(//li[contains(text(), \"stock increase yard\")])[1]"}
COMMAND: POST /session/0fb4450c6422fe69939d6824736e2f6f/element/f.852D346EF878C3E5FC3136AC53424AFF.d.E22756D608EDCCD4872A6569FDF1662A.e.5231/click - {}
RESULT: {}
COMMAND: GET /session/0fb4450c6422fe69939d6824736e2f6f/screenshot - {}
RESULT: {}
COMMAND: POST /session/0fb4450c6422fe69939d6824736e2f6f/execute/async - {"script":"<script> [1562 bytes]","args":[{"selector":{"id":"application-managehandovers-display-component---AddNewHO--dueDate","interaction":{"idSuffix":"inner"}},"wdio_ui5_key":"applicationmanagehandovers-display-component---AddNewHO--dueDate"}]}
RESULT: {"script":"<script> [1562 bytes]","args":[{"selector":{"id":"application-managehandovers-display-component---AddNewHO--dueDate","interaction":{"idSuffix":"inner"}},"wdio_ui5_key":"applicationmanagehandovers-display-component---AddNewHO--dueDate"}]}
RESULT: undefined
COMMAND: POST /session/0fb4450c6422fe69939d6824736e2f6f/execute/async - {"script":"<script> [6424 bytes]","args":[{"element-6066-11e4-a52e-4f735466cecf":"f.852D346EF878C3E5FC3136AC53424AFF.d.E22756D608EDCCD4872A6569FDF1662A.e.5233"},"setValue",["5/18/25"]]}
RESULT: {"script":"<script> [6424 bytes]","args":[{"element-6066-11e4-a52e-4f735466cecf":"f.852D346EF878C3E5FC3136AC53424AFF.d.E22756D608EDCCD4872A6569FDF1662A.e.5233"},"setValue",["5/18/25"]]}
COMMAND: POST /session/0fb4450c6422fe69939d6824736e2f6f/element - {"using":"xpath","value":"//input[@id=\"generalSectionFrg--receiveYard-inner\"]"}
RESULT: {"using":"xpath","value":"//input[@id=\"generalSectionFrg--receiveYard-inner\"]"}
COMMAND: POST /session/0fb4450c6422fe69939d6824736e2f6f/element/f.852D346EF878C3E5FC3136AC53424AFF.d.E22756D608EDCCD4872A6569FDF1662A.e.5237/clear - {}
RESULT: {}
COMMAND: POST /session/0fb4450c6422fe69939d6824736e2f6f/element/f.852D346EF878C3E5FC3136AC53424AFF.d.E22756D608EDCCD4872A6569FDF1662A.e.5237/value - {"text":"520"}
COMMAND: GET /session/0fb4450c6422fe69939d6824736e2f6f/screenshot - {}
RESULT: {"text":"520"}
COMMAND: GET /session/0fb4450c6422fe69939d6824736e2f6f/screenshot - {}
RESULT: {}
RESULT: {}
COMMAND: POST /session/0fb4450c6422fe69939d6824736e2f6f/element - {"using":"xpath","value":"//li[.//span[text()='520']]"}
RESULT: {"using":"xpath","value":"//li[.//span[text()='520']]"}
COMMAND: POST /session/0fb4450c6422fe69939d6824736e2f6f/element/f.852D346EF878C3E5FC3136AC53424AFF.d.E22756D608EDCCD4872A6569FDF1662A.e.5254/click - {}
RESULT: {}
COMMAND: GET /session/0fb4450c6422fe69939d6824736e2f6f/screenshot - {}
RESULT: {}
COMMAND: POST /session/0fb4450c6422fe69939d6824736e2f6f/execute/async - {"script":"<script> [1562 bytes]","args":[{"selector":{"id":"application-managehandovers-display-component---AddNewHO--ObjectPageLayout-anchBar-application-managehandovers-display-component---AddNewHO--section4-anchor","interaction":{"idSuffix":"BDI-content"}},"wdio_ui5_key":"applicationmanagehandovers-display-component---AddNewHO--ObjectPageLayout-anchBar-application-managehandovers-display-component---AddNewHO--section4-anchor"}]}
RESULT: {"script":"<script> [1562 bytes]","args":[{"selector":{"id":"application-managehandovers-display-component---AddNewHO--ObjectPageLayout-anchBar-application-managehandovers-display-component---AddNewHO--section4-anchor","interaction":{"idSuffix":"BDI-content"}},"wdio_ui5_key":"applicationmanagehandovers-display-component---AddNewHO--ObjectPageLayout-anchBar-application-managehandovers-display-component---AddNewHO--section4-anchor"}]}
RESULT: undefined
COMMAND: POST /session/0fb4450c6422fe69939d6824736e2f6f/element - {"using":"xpath","value":"//*[@id=\"application-managehandovers-display-component---AddNewHO--ObjectPageLayout-anchBar-application-managehandovers-display-component---AddNewHO--section4-anchor\"]"}
RESULT: {"using":"xpath","value":"//*[@id=\"application-managehandovers-display-component---AddNewHO--ObjectPageLayout-anchBar-application-managehandovers-display-component---AddNewHO--section4-anchor\"]"}
COMMAND: POST /session/0fb4450c6422fe69939d6824736e2f6f/element/f.852D346EF878C3E5FC3136AC53424AFF.d.E22756D608EDCCD4872A6569FDF1662A.e.5256/click - {}
RESULT: {}
COMMAND: POST /session/0fb4450c6422fe69939d6824736e2f6f/element - {"using":"xpath","value":"//button[@aria-label=\"Add\"]"}
COMMAND: GET /session/0fb4450c6422fe69939d6824736e2f6f/screenshot - {}
RESULT: {"using":"xpath","value":"//button[@aria-label=\"Add\"]"}
COMMAND: POST /session/0fb4450c6422fe69939d6824736e2f6f/element/f.852D346EF878C3E5FC3136AC53424AFF.d.E22756D608EDCCD4872A6569FDF1662A.e.5258/click - {}
RESULT: {}
RESULT: {}
COMMAND: GET /session/0fb4450c6422fe69939d6824736e2f6f/screenshot - {}
RESULT: {}
COMMAND: POST /session/0fb4450c6422fe69939d6824736e2f6f/execute/async - {"script":"<script> [1562 bytes]","args":[{"selector":{"id":"application-managehandovers-display-component---AddNewHO--smartFilterBar-btnBasicSearch","searchOpenDialogs":true,"interaction":{"idSuffix":"I"}},"wdio_ui5_key":"applicationmanagehandovers-display-component---AddNewHO--smartFilterBar-btnBasicSearch"}]}
RESULT: {"script":"<script> [1562 bytes]","args":[{"selector":{"id":"application-managehandovers-display-component---AddNewHO--smartFilterBar-btnBasicSearch","searchOpenDialogs":true,"interaction":{"idSuffix":"I"}},"wdio_ui5_key":"applicationmanagehandovers-display-component---AddNewHO--smartFilterBar-btnBasicSearch"}]}
RESULT: undefined
COMMAND: POST /session/0fb4450c6422fe69939d6824736e2f6f/execute/async - {"script":"<script> [776 bytes]","args":[{"enterText":"200269","selector":{"id":"application-managehandovers-display-component---AddNewHO--smartFilterBar-btnBasicSearch","searchOpenDialogs":true,"interaction":{"idSuffix":"I"}},"clearTextFirst":true,"interactionType":"ENTER_TEXT"}]}
RESULT: {"script":"<script> [776 bytes]","args":[{"enterText":"200269","selector":{"id":"application-managehandovers-display-component---AddNewHO--smartFilterBar-btnBasicSearch","searchOpenDialogs":true,"interaction":{"idSuffix":"I"}},"clearTextFirst":true,"interactionType":"ENTER_TEXT"}]}
COMMAND: POST /session/0fb4450c6422fe69939d6824736e2f6f/actions - {"actions":[{"id":"action21","type":"key","parameters":{},"actions":[{"type":"keyDown","value":"î€‡"},{"type":"pause","duration":10},{"type":"keyUp","value":"î€‡"}]}]}
RESULT: {"actions":[{"id":"action21","type":"key","parameters":{},"actions":[{"type":"keyDown","value":"î€‡"},{"type":"pause","duration":10},{"type":"keyUp","value":"î€‡"}]}]}
COMMAND: GET /session/0fb4450c6422fe69939d6824736e2f6f/screenshot - {}
RESULT: {}
COMMAND: POST /session/0fb4450c6422fe69939d6824736e2f6f/execute/async - {"script":"<script> [1562 bytes]","args":[{"selector":{"id":"application-managehandovers-display-component---AddNewHO--popup-sa","searchOpenDialogs":true,"interaction":{"idSuffix":"CbBg"}},"wdio_ui5_key":"applicationmanagehandovers-display-component---AddNewHO--popup-sa"}]}
RESULT: {"script":"<script> [1562 bytes]","args":[{"selector":{"id":"application-managehandovers-display-component---AddNewHO--popup-sa","searchOpenDialogs":true,"interaction":{"idSuffix":"CbBg"}},"wdio_ui5_key":"applicationmanagehandovers-display-component---AddNewHO--popup-sa"}]}
RESULT: undefined
COMMAND: POST /session/0fb4450c6422fe69939d6824736e2f6f/element - {"using":"xpath","value":"//*[@id=\"application-managehandovers-display-component---AddNewHO--popup-sa\"]"}
RESULT: {"using":"xpath","value":"//*[@id=\"application-managehandovers-display-component---AddNewHO--popup-sa\"]"}
COMMAND: POST /session/0fb4450c6422fe69939d6824736e2f6f/element/f.852D346EF878C3E5FC3136AC53424AFF.d.E22756D608EDCCD4872A6569FDF1662A.e.5411/click - {}
RESULT: {}
COMMAND: GET /session/0fb4450c6422fe69939d6824736e2f6f/screenshot - {}
RESULT: {}
COMMAND: POST /session/0fb4450c6422fe69939d6824736e2f6f/element - {"using":"xpath","value":"//bdi[contains(text(), \"Select\")]"}
RESULT: {"using":"xpath","value":"//bdi[contains(text(), \"Select\")]"}
COMMAND: POST /session/0fb4450c6422fe69939d6824736e2f6f/element/f.852D346EF878C3E5FC3136AC53424AFF.d.E22756D608EDCCD4872A6569FDF1662A.e.5412/click - {}
RESULT: {}
COMMAND: GET /session/0fb4450c6422fe69939d6824736e2f6f/screenshot - {}
RESULT: {}
COMMAND: POST /session/0fb4450c6422fe69939d6824736e2f6f/element - {"using":"xpath","value":"//button[@data-kt=\"AddNewHOSaveButton\"]"}
RESULT: {"using":"xpath","value":"//button[@data-kt=\"AddNewHOSaveButton\"]"}
COMMAND: POST /session/0fb4450c6422fe69939d6824736e2f6f/element/f.852D346EF878C3E5FC3136AC53424AFF.d.E22756D608EDCCD4872A6569FDF1662A.e.5416/click - {}
RESULT: {}
COMMAND: GET /session/0fb4450c6422fe69939d6824736e2f6f/screenshot - {}
RESULT: {}
COMMAND: POST /session/0fb4450c6422fe69939d6824736e2f6f/execute/async - {"script":"<script> [1562 bytes]","args":[{"selector":{"id":"receiptDatePicker","viewName":"etm.portal.ui.managehandovers.view.DetailExecuteHO","interaction":{"idSuffix":"inner"}},"wdio_ui5_key":"receiptDatePickeretmportal.ui.managehandovers.view.DetailExecuteHO"}]}
RESULT: {"script":"<script> [1562 bytes]","args":[{"selector":{"id":"receiptDatePicker","viewName":"etm.portal.ui.managehandovers.view.DetailExecuteHO","interaction":{"idSuffix":"inner"}},"wdio_ui5_key":"receiptDatePickeretmportal.ui.managehandovers.view.DetailExecuteHO"}]}
RESULT: undefined
COMMAND: POST /session/0fb4450c6422fe69939d6824736e2f6f/execute/async - {"script":"<script> [6424 bytes]","args":[{"element-6066-11e4-a52e-4f735466cecf":"f.852D346EF878C3E5FC3136AC53424AFF.d.E22756D608EDCCD4872A6569FDF1662A.e.5437"},"setValue",["5/18/25"]]}
RESULT: {"script":"<script> [6424 bytes]","args":[{"element-6066-11e4-a52e-4f735466cecf":"f.852D346EF878C3E5FC3136AC53424AFF.d.E22756D608EDCCD4872A6569FDF1662A.e.5437"},"setValue",["5/18/25"]]}
COMMAND: POST /session/0fb4450c6422fe69939d6824736e2f6f/element - {"using":"xpath","value":"//button[@data-kt=\"PickingTableConfirmAllButton\"]"}
RESULT: {"using":"xpath","value":"//button[@data-kt=\"PickingTableConfirmAllButton\"]"}
COMMAND: POST /session/0fb4450c6422fe69939d6824736e2f6f/element/f.852D346EF878C3E5FC3136AC53424AFF.d.E22756D608EDCCD4872A6569FDF1662A.e.5454/click - {}
RESULT: {}
COMMAND: GET /session/0fb4450c6422fe69939d6824736e2f6f/screenshot - {}
RESULT: {}
COMMAND: POST /session/0fb4450c6422fe69939d6824736e2f6f/element - {"using":"xpath","value":"//bdi[contains(text(), \"OK\")]"}
RESULT: {"using":"xpath","value":"//bdi[contains(text(), \"OK\")]"}
COMMAND: POST /session/0fb4450c6422fe69939d6824736e2f6f/element/f.852D346EF878C3E5FC3136AC53424AFF.d.E22756D608EDCCD4872A6569FDF1662A.e.5456/click - {}
RESULT: {}
COMMAND: GET /session/0fb4450c6422fe69939d6824736e2f6f/screenshot - {}
RESULT: {}
COMMAND: POST /session/0fb4450c6422fe69939d6824736e2f6f/element - {"using":"xpath","value":"(//bdi[contains(text(), \"Receive\")])[2]"}
RESULT: {"using":"xpath","value":"(//bdi[contains(text(), \"Receive\")])[2]"}
COMMAND: POST /session/0fb4450c6422fe69939d6824736e2f6f/element/f.852D346EF878C3E5FC3136AC53424AFF.d.E22756D608EDCCD4872A6569FDF1662A.e.5458/click - {}
RESULT: {}
COMMAND: GET /session/0fb4450c6422fe69939d6824736e2f6f/screenshot - {}
RESULT: {}
COMMAND: POST /session/0fb4450c6422fe69939d6824736e2f6f/element - {"using":"css selector","value":"#shell-header-logo"}
RESULT: {"using":"css selector","value":"#shell-header-logo"}
COMMAND: POST /session/0fb4450c6422fe69939d6824736e2f6f/element/f.852D346EF878C3E5FC3136AC53424AFF.d.E22756D608EDCCD4872A6569FDF1662A.e.4838/click - {}
RESULT: {}
COMMAND: GET /session/0fb4450c6422fe69939d6824736e2f6f/screenshot - {}
RESULT: {}
]]></system-out>
    </testcase>
    <testcase classname="chrome.136_0_7103_93.windows.Provide_to_Site_w/_warehouse_management_w_clarification" name="Should create a new contract" time="59.636">
      <system-out><![CDATA[
COMMAND: POST /session/0fb4450c6422fe69939d6824736e2f6f/execute/async - {"script":"<script> [1562 bytes]","args":[{"selector":{"controlType":"sap.m.GenericTile","properties":{"header":"Manage Contracts"}},"wdio_ui5_key":"sapm.GenericTile{\"header\":\"Manage Contracts\"}"}]}
RESULT: {"script":"<script> [1562 bytes]","args":[{"selector":{"controlType":"sap.m.GenericTile","properties":{"header":"Manage Contracts"}},"wdio_ui5_key":"sapm.GenericTile{\"header\":\"Manage Contracts\"}"}]}
RESULT: undefined
COMMAND: POST /session/0fb4450c6422fe69939d6824736e2f6f/element - {"using":"xpath","value":"//*[@id=\"__tile130\"]"}
RESULT: {"using":"xpath","value":"//*[@id=\"__tile130\"]"}
COMMAND: POST /session/0fb4450c6422fe69939d6824736e2f6f/element/f.852D346EF878C3E5FC3136AC53424AFF.d.E22756D608EDCCD4872A6569FDF1662A.e.4385/click - {}
RESULT: {}
COMMAND: GET /session/0fb4450c6422fe69939d6824736e2f6f/screenshot - {}
RESULT: {}
COMMAND: POST /session/0fb4450c6422fe69939d6824736e2f6f/elements - {"using":"xpath","value":"//span[text()='Error']"}
RESULT: {"using":"xpath","value":"//span[text()='Error']"}
COMMAND: POST /session/0fb4450c6422fe69939d6824736e2f6f/element - {"using":"xpath","value":"//button[@data-kt=\"addButton\"]"}
RESULT: {"using":"xpath","value":"//button[@data-kt=\"addButton\"]"}
COMMAND: POST /session/0fb4450c6422fe69939d6824736e2f6f/elements - {"using":"xpath","value":"//button[@data-kt=\"addButton\"]"}
RESULT: {"using":"xpath","value":"//button[@data-kt=\"addButton\"]"}
COMMAND: POST /session/0fb4450c6422fe69939d6824736e2f6f/execute/sync - {"script":"<script> [8489 bytes]","args":[{"element-6066-11e4-a52e-4f735466cecf":"f.852D346EF878C3E5FC3136AC53424AFF.d.E22756D608EDCCD4872A6569FDF1662A.e.5828","ELEMENT":"f.852D346EF878C3E5FC3136AC53424AFF.d.E22756D608EDCCD4872A6569FDF1662A.e.5828"}]}
RESULT: {"script":"<script> [8489 bytes]","args":[{"element-6066-11e4-a52e-4f735466cecf":"f.852D346EF878C3E5FC3136AC53424AFF.d.E22756D608EDCCD4872A6569FDF1662A.e.5828","ELEMENT":"f.852D346EF878C3E5FC3136AC53424AFF.d.E22756D608EDCCD4872A6569FDF1662A.e.5828"}]}
COMMAND: GET /session/0fb4450c6422fe69939d6824736e2f6f/element/f.852D346EF878C3E5FC3136AC53424AFF.d.E22756D608EDCCD4872A6569FDF1662A.e.5828/enabled - {}
COMMAND: GET /session/0fb4450c6422fe69939d6824736e2f6f/screenshot - {}
RESULT: {}
COMMAND: POST /session/0fb4450c6422fe69939d6824736e2f6f/execute/sync - {"script":"<script> [8489 bytes]","args":[{"element-6066-11e4-a52e-4f735466cecf":"f.852D346EF878C3E5FC3136AC53424AFF.d.E22756D608EDCCD4872A6569FDF1662A.e.5828","ELEMENT":"f.852D346EF878C3E5FC3136AC53424AFF.d.E22756D608EDCCD4872A6569FDF1662A.e.5828"}]}
COMMAND: GET /session/0fb4450c6422fe69939d6824736e2f6f/screenshot - {}
RESULT: {}
RESULT: {"script":"<script> [8489 bytes]","args":[{"element-6066-11e4-a52e-4f735466cecf":"f.852D346EF878C3E5FC3136AC53424AFF.d.E22756D608EDCCD4872A6569FDF1662A.e.5828","ELEMENT":"f.852D346EF878C3E5FC3136AC53424AFF.d.E22756D608EDCCD4872A6569FDF1662A.e.5828"}]}
COMMAND: POST /session/0fb4450c6422fe69939d6824736e2f6f/execute/sync - {"script":"<script> [5351 bytes]","args":[{"element-6066-11e4-a52e-4f735466cecf":"f.852D346EF878C3E5FC3136AC53424AFF.d.E22756D608EDCCD4872A6569FDF1662A.e.5828","ELEMENT":"f.852D346EF878C3E5FC3136AC53424AFF.d.E22756D608EDCCD4872A6569FDF1662A.e.5828"}]}
COMMAND: GET /session/0fb4450c6422fe69939d6824736e2f6f/screenshot - {}
RESULT: {}
RESULT: {"script":"<script> [5351 bytes]","args":[{"element-6066-11e4-a52e-4f735466cecf":"f.852D346EF878C3E5FC3136AC53424AFF.d.E22756D608EDCCD4872A6569FDF1662A.e.5828","ELEMENT":"f.852D346EF878C3E5FC3136AC53424AFF.d.E22756D608EDCCD4872A6569FDF1662A.e.5828"}]}
COMMAND: GET /session/0fb4450c6422fe69939d6824736e2f6f/screenshot - {}
RESULT: {}
RESULT: {}
COMMAND: POST /session/0fb4450c6422fe69939d6824736e2f6f/element/f.852D346EF878C3E5FC3136AC53424AFF.d.E22756D608EDCCD4872A6569FDF1662A.e.5828/click - {}
RESULT: {}
COMMAND: GET /session/0fb4450c6422fe69939d6824736e2f6f/screenshot - {}
RESULT: {}
COMMAND: POST /session/0fb4450c6422fe69939d6824736e2f6f/execute/async - {"script":"<script> [1562 bytes]","args":[{"selector":{"id":"application-managecontracts-display-component---AddNewContract--projectDescription","interaction":{"idSuffix":"inner"}},"wdio_ui5_key":"applicationmanagecontracts-display-component---AddNewContract--projectDescription"}]}
RESULT: {"script":"<script> [1562 bytes]","args":[{"selector":{"id":"application-managecontracts-display-component---AddNewContract--projectDescription","interaction":{"idSuffix":"inner"}},"wdio_ui5_key":"applicationmanagecontracts-display-component---AddNewContract--projectDescription"}]}
RESULT: undefined
COMMAND: POST /session/0fb4450c6422fe69939d6824736e2f6f/execute/async - {"script":"<script> [776 bytes]","args":[{"enterText":"Contract WDIO","selector":{"id":"application-managecontracts-display-component---AddNewContract--projectDescription","interaction":{"idSuffix":"inner"}},"clearTextFirst":true,"interactionType":"ENTER_TEXT"}]}
RESULT: {"script":"<script> [776 bytes]","args":[{"enterText":"Contract WDIO","selector":{"id":"application-managecontracts-display-component---AddNewContract--projectDescription","interaction":{"idSuffix":"inner"}},"clearTextFirst":true,"interactionType":"ENTER_TEXT"}]}
COMMAND: POST /session/0fb4450c6422fe69939d6824736e2f6f/element - {"using":"xpath","value":"//input[@id=\"application-managecontracts-display-component---AddNewContract--site-inner\"]"}
RESULT: {"using":"xpath","value":"//input[@id=\"application-managecontracts-display-component---AddNewContract--site-inner\"]"}
COMMAND: POST /session/0fb4450c6422fe69939d6824736e2f6f/element/f.852D346EF878C3E5FC3136AC53424AFF.d.E22756D608EDCCD4872A6569FDF1662A.e.6187/clear - {}
RESULT: {}
COMMAND: POST /session/0fb4450c6422fe69939d6824736e2f6f/element/f.852D346EF878C3E5FC3136AC53424AFF.d.E22756D608EDCCD4872A6569FDF1662A.e.6187/value - {"text":"2255"}
COMMAND: GET /session/0fb4450c6422fe69939d6824736e2f6f/screenshot - {}
RESULT: {"text":"2255"}
COMMAND: GET /session/0fb4450c6422fe69939d6824736e2f6f/screenshot - {}
RESULT: {}
RESULT: {}
COMMAND: POST /session/0fb4450c6422fe69939d6824736e2f6f/element - {"using":"xpath","value":"//li[.//span[text()='2255']]"}
RESULT: {"using":"xpath","value":"//li[.//span[text()='2255']]"}
COMMAND: POST /session/0fb4450c6422fe69939d6824736e2f6f/element/f.852D346EF878C3E5FC3136AC53424AFF.d.E22756D608EDCCD4872A6569FDF1662A.e.6217/click - {}
RESULT: {}
COMMAND: GET /session/0fb4450c6422fe69939d6824736e2f6f/screenshot - {}
RESULT: {}
COMMAND: POST /session/0fb4450c6422fe69939d6824736e2f6f/element - {"using":"xpath","value":"//input[@id=\"application-managecontracts-display-component---AddNewContract--yardId-inner\"]"}
RESULT: {"using":"xpath","value":"//input[@id=\"application-managecontracts-display-component---AddNewContract--yardId-inner\"]"}
COMMAND: GET /session/0fb4450c6422fe69939d6824736e2f6f/element/f.852D346EF878C3E5FC3136AC53424AFF.d.E22756D608EDCCD4872A6569FDF1662A.e.6188/property/value - {}
RESULT: {}
COMMAND: POST /session/0fb4450c6422fe69939d6824736e2f6f/element - {"using":"xpath","value":"//input[@id=\"application-managecontracts-display-component---AddNewContract--customerSelect-inner\"]"}
COMMAND: GET /session/0fb4450c6422fe69939d6824736e2f6f/screenshot - {}
RESULT: {"using":"xpath","value":"//input[@id=\"application-managecontracts-display-component---AddNewContract--customerSelect-inner\"]"}
COMMAND: POST /session/0fb4450c6422fe69939d6824736e2f6f/element/f.852D346EF878C3E5FC3136AC53424AFF.d.E22756D608EDCCD4872A6569FDF1662A.e.6186/clear - {}
RESULT: {}
RESULT: {}
COMMAND: POST /session/0fb4450c6422fe69939d6824736e2f6f/element/f.852D346EF878C3E5FC3136AC53424AFF.d.E22756D608EDCCD4872A6569FDF1662A.e.6186/value - {"text":"1303"}
COMMAND: GET /session/0fb4450c6422fe69939d6824736e2f6f/screenshot - {}
RESULT: {"text":"1303"}
COMMAND: GET /session/0fb4450c6422fe69939d6824736e2f6f/screenshot - {}
RESULT: {}
RESULT: {}
COMMAND: POST /session/0fb4450c6422fe69939d6824736e2f6f/element - {"using":"xpath","value":"//li[.//span[text()='1303']]"}
RESULT: {"using":"xpath","value":"//li[.//span[text()='1303']]"}
COMMAND: POST /session/0fb4450c6422fe69939d6824736e2f6f/element/f.852D346EF878C3E5FC3136AC53424AFF.d.E22756D608EDCCD4872A6569FDF1662A.e.6220/click - {}
RESULT: {}
COMMAND: GET /session/0fb4450c6422fe69939d6824736e2f6f/screenshot - {}
RESULT: {}
COMMAND: POST /session/0fb4450c6422fe69939d6824736e2f6f/element - {"using":"xpath","value":"//button[@data-kt=\"saveButton\"]"}
RESULT: {"using":"xpath","value":"//button[@data-kt=\"saveButton\"]"}
COMMAND: POST /session/0fb4450c6422fe69939d6824736e2f6f/element/f.852D346EF878C3E5FC3136AC53424AFF.d.E22756D608EDCCD4872A6569FDF1662A.e.6221/click - {}
RESULT: {}
COMMAND: GET /session/0fb4450c6422fe69939d6824736e2f6f/screenshot - {}
RESULT: {}
COMMAND: POST /session/0fb4450c6422fe69939d6824736e2f6f/element - {"using":"xpath","value":"//span[contains(@id ,\"contractDetailTitleNoExpanded\")]"}
RESULT: {"using":"xpath","value":"//span[contains(@id ,\"contractDetailTitleNoExpanded\")]"}
COMMAND: POST /session/0fb4450c6422fe69939d6824736e2f6f/elements - {"using":"xpath","value":"//span[contains(@id ,\"contractDetailTitleNoExpanded\")]"}
RESULT: {"using":"xpath","value":"//span[contains(@id ,\"contractDetailTitleNoExpanded\")]"}
COMMAND: POST /session/0fb4450c6422fe69939d6824736e2f6f/execute/sync - {"script":"<script> [56 bytes]","args":[{"element-6066-11e4-a52e-4f735466cecf":"f.852D346EF878C3E5FC3136AC53424AFF.d.E22756D608EDCCD4872A6569FDF1662A.e.6293","ELEMENT":"f.852D346EF878C3E5FC3136AC53424AFF.d.E22756D608EDCCD4872A6569FDF1662A.e.6293"}]}
RESULT: {"script":"<script> [56 bytes]","args":[{"element-6066-11e4-a52e-4f735466cecf":"f.852D346EF878C3E5FC3136AC53424AFF.d.E22756D608EDCCD4872A6569FDF1662A.e.6293","ELEMENT":"f.852D346EF878C3E5FC3136AC53424AFF.d.E22756D608EDCCD4872A6569FDF1662A.e.6293"}]}
COMMAND: GET /session/0fb4450c6422fe69939d6824736e2f6f/screenshot - {}
RESULT: {}
]]></system-out>
    </testcase>
    <testcase classname="chrome.136_0_7103_93.windows.Provide_to_Site_w/_warehouse_management_w_clarification" name="Should add equipment to the contract" time="56.224">
      <system-out><![CDATA[
COMMAND: POST /session/0fb4450c6422fe69939d6824736e2f6f/element - {"using":"xpath","value":"//button[@data-kt=\"contractDetailEditBtnButton\"]"}
RESULT: {"using":"xpath","value":"//button[@data-kt=\"contractDetailEditBtnButton\"]"}
COMMAND: POST /session/0fb4450c6422fe69939d6824736e2f6f/element/f.852D346EF878C3E5FC3136AC53424AFF.d.E22756D608EDCCD4872A6569FDF1662A.e.6295/click - {}
RESULT: {}
COMMAND: GET /session/0fb4450c6422fe69939d6824736e2f6f/screenshot - {}
RESULT: {}
COMMAND: POST /session/0fb4450c6422fe69939d6824736e2f6f/element - {"using":"xpath","value":"(//span[contains(text(), \"Additional Addresses\")])[2]"}
RESULT: {"using":"xpath","value":"(//span[contains(text(), \"Additional Addresses\")])[2]"}
COMMAND: POST /session/0fb4450c6422fe69939d6824736e2f6f/element/f.852D346EF878C3E5FC3136AC53424AFF.d.E22756D608EDCCD4872A6569FDF1662A.e.6349/click - {}
RESULT: {}
COMMAND: GET /session/0fb4450c6422fe69939d6824736e2f6f/screenshot - {}
RESULT: {}
COMMAND: POST /session/0fb4450c6422fe69939d6824736e2f6f/element - {"using":"xpath","value":"//button[@data-kt=\"btnAddTableRowOverflowToolbarButton\"]"}
RESULT: {"using":"xpath","value":"//button[@data-kt=\"btnAddTableRowOverflowToolbarButton\"]"}
COMMAND: POST /session/0fb4450c6422fe69939d6824736e2f6f/element/f.852D346EF878C3E5FC3136AC53424AFF.d.E22756D608EDCCD4872A6569FDF1662A.e.6353/click - {}
RESULT: {}
COMMAND: GET /session/0fb4450c6422fe69939d6824736e2f6f/screenshot - {}
RESULT: {}
COMMAND: POST /session/0fb4450c6422fe69939d6824736e2f6f/element - {"using":"xpath","value":"//div[(text() = 'Standard Entry' or . = 'Standard Entry')]"}
RESULT: {"using":"xpath","value":"//div[(text() = 'Standard Entry' or . = 'Standard Entry')]"}
COMMAND: POST /session/0fb4450c6422fe69939d6824736e2f6f/element/f.852D346EF878C3E5FC3136AC53424AFF.d.E22756D608EDCCD4872A6569FDF1662A.e.6355/click - {}
RESULT: {}
COMMAND: GET /session/0fb4450c6422fe69939d6824736e2f6f/screenshot - {}
RESULT: {}
COMMAND: POST /session/0fb4450c6422fe69939d6824736e2f6f/element - {"using":"xpath","value":"//td[6]/div/div/div/span"}
RESULT: {"using":"xpath","value":"//td[6]/div/div/div/span"}
COMMAND: POST /session/0fb4450c6422fe69939d6824736e2f6f/element/f.852D346EF878C3E5FC3136AC53424AFF.d.E22756D608EDCCD4872A6569FDF1662A.e.6367/click - {}
RESULT: {}
COMMAND: GET /session/0fb4450c6422fe69939d6824736e2f6f/screenshot - {}
RESULT: {}
COMMAND: POST /session/0fb4450c6422fe69939d6824736e2f6f/element - {"using":"xpath","value":"(//span[contains(text(), \"Material\")])"}
RESULT: {"using":"xpath","value":"(//span[contains(text(), \"Material\")])"}
COMMAND: POST /session/0fb4450c6422fe69939d6824736e2f6f/element/f.852D346EF878C3E5FC3136AC53424AFF.d.E22756D608EDCCD4872A6569FDF1662A.e.6368/click - {}
RESULT: {}
COMMAND: GET /session/0fb4450c6422fe69939d6824736e2f6f/screenshot - {}
RESULT: {}
COMMAND: POST /session/0fb4450c6422fe69939d6824736e2f6f/element - {"using":"xpath","value":"//td[7]/div/div/input"}
RESULT: {"using":"xpath","value":"//td[7]/div/div/input"}
COMMAND: POST /session/0fb4450c6422fe69939d6824736e2f6f/element/f.852D346EF878C3E5FC3136AC53424AFF.d.E22756D608EDCCD4872A6569FDF1662A.e.6372/clear - {}
RESULT: {}
COMMAND: POST /session/0fb4450c6422fe69939d6824736e2f6f/element/f.852D346EF878C3E5FC3136AC53424AFF.d.E22756D608EDCCD4872A6569FDF1662A.e.6372/value - {"text":"200269"}
COMMAND: GET /session/0fb4450c6422fe69939d6824736e2f6f/screenshot - {}
RESULT: {"text":"200269"}
COMMAND: GET /session/0fb4450c6422fe69939d6824736e2f6f/screenshot - {}
RESULT: {}
RESULT: {}
COMMAND: POST /session/0fb4450c6422fe69939d6824736e2f6f/actions - {"actions":[{"id":"action22","type":"key","parameters":{},"actions":[{"type":"keyDown","value":"î€‡"},{"type":"pause","duration":10},{"type":"keyUp","value":"î€‡"}]}]}
RESULT: {"actions":[{"id":"action22","type":"key","parameters":{},"actions":[{"type":"keyDown","value":"î€‡"},{"type":"pause","duration":10},{"type":"keyUp","value":"î€‡"}]}]}
COMMAND: GET /session/0fb4450c6422fe69939d6824736e2f6f/screenshot - {}
RESULT: {}
COMMAND: POST /session/0fb4450c6422fe69939d6824736e2f6f/execute/sync - {"script":"<script> [276 bytes]","args":["No pricing information was found"]}
RESULT: {"script":"<script> [276 bytes]","args":["No pricing information was found"]}
COMMAND: POST /session/0fb4450c6422fe69939d6824736e2f6f/element - {"using":"xpath","value":"//bdi[contains(text(), \"OK\")]"}
COMMAND: GET /session/0fb4450c6422fe69939d6824736e2f6f/screenshot - {}
RESULT: {"using":"xpath","value":"//bdi[contains(text(), \"OK\")]"}
COMMAND: POST /session/0fb4450c6422fe69939d6824736e2f6f/element/f.852D346EF878C3E5FC3136AC53424AFF.d.E22756D608EDCCD4872A6569FDF1662A.e.6398/click - {}
RESULT: {}
RESULT: {}
COMMAND: GET /session/0fb4450c6422fe69939d6824736e2f6f/screenshot - {}
RESULT: {}
COMMAND: POST /session/0fb4450c6422fe69939d6824736e2f6f/element - {"using":"xpath","value":"(//button[@data-kt=\"saveButton\"])[2]"}
RESULT: {"using":"xpath","value":"(//button[@data-kt=\"saveButton\"])[2]"}
COMMAND: POST /session/0fb4450c6422fe69939d6824736e2f6f/element/f.852D346EF878C3E5FC3136AC53424AFF.d.E22756D608EDCCD4872A6569FDF1662A.e.6399/click - {}
RESULT: {}
COMMAND: GET /session/0fb4450c6422fe69939d6824736e2f6f/screenshot - {}
RESULT: {}
COMMAND: POST /session/0fb4450c6422fe69939d6824736e2f6f/execute/sync - {"script":"<script> [276 bytes]","args":["Some contract items are having rental validity exceeding header rental validity"]}
RESULT: {"script":"<script> [276 bytes]","args":["Some contract items are having rental validity exceeding header rental validity"]}
COMMAND: GET /session/0fb4450c6422fe69939d6824736e2f6f/screenshot - {}
RESULT: {}
COMMAND: POST /session/0fb4450c6422fe69939d6824736e2f6f/element - {"using":"xpath","value":"//span[contains(@id ,\"contractItemsSmartTable-header-inner\")]"}
RESULT: {"using":"xpath","value":"//span[contains(@id ,\"contractItemsSmartTable-header-inner\")]"}
COMMAND: POST /session/0fb4450c6422fe69939d6824736e2f6f/elements - {"using":"xpath","value":"//span[contains(@id ,\"contractItemsSmartTable-header-inner\")]"}
RESULT: {"using":"xpath","value":"//span[contains(@id ,\"contractItemsSmartTable-header-inner\")]"}
COMMAND: POST /session/0fb4450c6422fe69939d6824736e2f6f/execute/sync - {"script":"<script> [56 bytes]","args":[{"element-6066-11e4-a52e-4f735466cecf":"f.852D346EF878C3E5FC3136AC53424AFF.d.E22756D608EDCCD4872A6569FDF1662A.e.6404","ELEMENT":"f.852D346EF878C3E5FC3136AC53424AFF.d.E22756D608EDCCD4872A6569FDF1662A.e.6404"}]}
RESULT: {"script":"<script> [56 bytes]","args":[{"element-6066-11e4-a52e-4f735466cecf":"f.852D346EF878C3E5FC3136AC53424AFF.d.E22756D608EDCCD4872A6569FDF1662A.e.6404","ELEMENT":"f.852D346EF878C3E5FC3136AC53424AFF.d.E22756D608EDCCD4872A6569FDF1662A.e.6404"}]}
]]></system-out>
    </testcase>
    <testcase classname="chrome.136_0_7103_93.windows.Provide_to_Site_w/_warehouse_management_w_clarification" name="Should provide to site" time="35.921">
      <system-out><![CDATA[
COMMAND: POST /session/0fb4450c6422fe69939d6824736e2f6f/element - {"using":"xpath","value":"//button[@data-kt=\"provideButton\"]"}
COMMAND: GET /session/0fb4450c6422fe69939d6824736e2f6f/screenshot - {}
RESULT: {"using":"xpath","value":"//button[@data-kt=\"provideButton\"]"}
COMMAND: POST /session/0fb4450c6422fe69939d6824736e2f6f/element/f.852D346EF878C3E5FC3136AC53424AFF.d.E22756D608EDCCD4872A6569FDF1662A.e.6405/click - {}
RESULT: {}
RESULT: {}
COMMAND: GET /session/0fb4450c6422fe69939d6824736e2f6f/screenshot - {}
RESULT: undefined
COMMAND: POST /session/0fb4450c6422fe69939d6824736e2f6f/execute/async - {"script":"<script> [6424 bytes]","args":[{"element-6066-11e4-a52e-4f735466cecf":"f.852D346EF878C3E5FC3136AC53424AFF.d.E22756D608EDCCD4872A6569FDF1662A.e.5233"},"setValue",["05/18/25"]]}
RESULT: {}
COMMAND: POST /session/0fb4450c6422fe69939d6824736e2f6f/execute/async - {"script":"<script> [1562 bytes]","args":[{"selector":{"id":"application-managehandovers-display-component---AddNewHO--dueDate","interaction":{"idSuffix":"inner"}},"wdio_ui5_key":"applicationmanagehandovers-display-component---AddNewHO--dueDate"}]}
RESULT: {"script":"<script> [1562 bytes]","args":[{"selector":{"id":"application-managehandovers-display-component---AddNewHO--dueDate","interaction":{"idSuffix":"inner"}},"wdio_ui5_key":"applicationmanagehandovers-display-component---AddNewHO--dueDate"}]}
COMMAND: POST /session/0fb4450c6422fe69939d6824736e2f6f/execute/async - {"script":"<script> [6424 bytes]","args":[{"element-6066-11e4-a52e-4f735466cecf":"f.852D346EF878C3E5FC3136AC53424AFF.d.E22756D608EDCCD4872A6569FDF1662A.e.6462"},"setValue",["05/18/25"]]}
RESULT: {"script":"<script> [6424 bytes]","args":[{"element-6066-11e4-a52e-4f735466cecf":"f.852D346EF878C3E5FC3136AC53424AFF.d.E22756D608EDCCD4872A6569FDF1662A.e.6462"},"setValue",["05/18/25"]]}
COMMAND: POST /session/0fb4450c6422fe69939d6824736e2f6f/element - {"using":"xpath","value":"//bdi[contains(text(), \"Instructions\")]"}
RESULT: {"using":"xpath","value":"//bdi[contains(text(), \"Instructions\")]"}
COMMAND: POST /session/0fb4450c6422fe69939d6824736e2f6f/element/f.852D346EF878C3E5FC3136AC53424AFF.d.E22756D608EDCCD4872A6569FDF1662A.e.6710/click - {}
RESULT: {}
COMMAND: GET /session/0fb4450c6422fe69939d6824736e2f6f/screenshot - {}
RESULT: {}
COMMAND: POST /session/0fb4450c6422fe69939d6824736e2f6f/element - {"using":"xpath","value":"//button[@data-kt=\"AddNewHOProvideAddItemsButton\"]"}
RESULT: {"using":"xpath","value":"//button[@data-kt=\"AddNewHOProvideAddItemsButton\"]"}
COMMAND: POST /session/0fb4450c6422fe69939d6824736e2f6f/element/f.852D346EF878C3E5FC3136AC53424AFF.d.E22756D608EDCCD4872A6569FDF1662A.e.6714/click - {}
RESULT: {}
COMMAND: GET /session/0fb4450c6422fe69939d6824736e2f6f/screenshot - {}
RESULT: {}
RESULT: undefined
COMMAND: POST /session/0fb4450c6422fe69939d6824736e2f6f/element - {"using":"xpath","value":"//*[@id=\"application-managehandovers-display-component---AddNewHO--popup-sa\"]"}
RESULT: {"using":"xpath","value":"//*[@id=\"application-managehandovers-display-component---AddNewHO--popup-sa\"]"}
COMMAND: POST /session/0fb4450c6422fe69939d6824736e2f6f/element/f.852D346EF878C3E5FC3136AC53424AFF.d.E22756D608EDCCD4872A6569FDF1662A.e.6723/click - {}
RESULT: {}
COMMAND: GET /session/0fb4450c6422fe69939d6824736e2f6f/screenshot - {}
RESULT: {}
COMMAND: POST /session/0fb4450c6422fe69939d6824736e2f6f/element - {"using":"xpath","value":"//*[contains(@id ,\"BDI-content\")][contains(text(), \"Select\")]"}
RESULT: {"using":"xpath","value":"//*[contains(@id ,\"BDI-content\")][contains(text(), \"Select\")]"}
COMMAND: POST /session/0fb4450c6422fe69939d6824736e2f6f/element/f.852D346EF878C3E5FC3136AC53424AFF.d.E22756D608EDCCD4872A6569FDF1662A.e.6725/click - {}
RESULT: {}
COMMAND: GET /session/0fb4450c6422fe69939d6824736e2f6f/screenshot - {}
RESULT: {}
COMMAND: POST /session/0fb4450c6422fe69939d6824736e2f6f/element - {"using":"xpath","value":"//bdi[(text() = 'Save' or . = 'Save')]"}
RESULT: {"using":"xpath","value":"//bdi[(text() = 'Save' or . = 'Save')]"}
COMMAND: POST /session/0fb4450c6422fe69939d6824736e2f6f/element/f.852D346EF878C3E5FC3136AC53424AFF.d.E22756D608EDCCD4872A6569FDF1662A.e.6728/click - {}
RESULT: {}
COMMAND: GET /session/0fb4450c6422fe69939d6824736e2f6f/screenshot - {}
RESULT: {}
]]></system-out>
    </testcase>
    <testcase classname="chrome.136_0_7103_93.windows.Provide_to_Site_w/_warehouse_management_w_clarification" name="Should test for Handover Execution" time="141.711">
      <system-out><![CDATA[
COMMAND: POST /session/0fb4450c6422fe69939d6824736e2f6f/execute/async - {"script":"<script> [1562 bytes]","args":[{"selector":{"controlType":"sap.m.Link","viewName":"etm.portal.ui.managehandovers.view.DetailExecuteHO","bindingPath":{"path":"","propertyPath":"/wmDoc","modelName":"warehouseMovModel"}},"wdio_ui5_key":"etmportal.ui.managehandovers.view.DetailExecuteHOsap.m.Link{\"path\":\"\",\"propertyPath\":\"/wmDoc\",\"modelName\":\"warehouseMovModel\"}"}]}
RESULT: {"script":"<script> [1562 bytes]","args":[{"selector":{"controlType":"sap.m.Link","viewName":"etm.portal.ui.managehandovers.view.DetailExecuteHO","bindingPath":{"path":"","propertyPath":"/wmDoc","modelName":"warehouseMovModel"}},"wdio_ui5_key":"etmportal.ui.managehandovers.view.DetailExecuteHOsap.m.Link{\"path\":\"\",\"propertyPath\":\"/wmDoc\",\"modelName\":\"warehouseMovModel\"}"}]}
RESULT: undefined
COMMAND: POST /session/0fb4450c6422fe69939d6824736e2f6f/element - {"using":"xpath","value":"//*[@id=\"__link81\"]"}
RESULT: {"using":"xpath","value":"//*[@id=\"__link81\"]"}
COMMAND: POST /session/0fb4450c6422fe69939d6824736e2f6f/element/f.852D346EF878C3E5FC3136AC53424AFF.d.E22756D608EDCCD4872A6569FDF1662A.e.6758/click - {}
RESULT: {}
COMMAND: GET /session/0fb4450c6422fe69939d6824736e2f6f/screenshot - {}
RESULT: {}
COMMAND: POST /session/0fb4450c6422fe69939d6824736e2f6f/execute/async - {"script":"<script> [1562 bytes]","args":[{"selector":{"controlType":"sap.m.Link","viewName":"etm.portal.ui.managehandovers.view.DetailExecuteHO","properties":{"text":"Warehouse Overview"},"searchOpenDialogs":true},"wdio_ui5_key":"etmportal.ui.managehandovers.view.DetailExecuteHOsap.m.Link{\"text\":\"Warehouse Overview\"}"}]}
RESULT: {"script":"<script> [1562 bytes]","args":[{"selector":{"controlType":"sap.m.Link","viewName":"etm.portal.ui.managehandovers.view.DetailExecuteHO","properties":{"text":"Warehouse Overview"},"searchOpenDialogs":true},"wdio_ui5_key":"etmportal.ui.managehandovers.view.DetailExecuteHOsap.m.Link{\"text\":\"Warehouse Overview\"}"}]}
RESULT: undefined
COMMAND: POST /session/0fb4450c6422fe69939d6824736e2f6f/element - {"using":"xpath","value":"//*[@id=\"__link96\"]"}
RESULT: {"using":"xpath","value":"//*[@id=\"__link96\"]"}
COMMAND: POST /session/0fb4450c6422fe69939d6824736e2f6f/element/f.852D346EF878C3E5FC3136AC53424AFF.d.E22756D608EDCCD4872A6569FDF1662A.e.6762/click - {}
RESULT: {}
COMMAND: GET /session/0fb4450c6422fe69939d6824736e2f6f/screenshot - {}
RESULT: {}
COMMAND: POST /session/0fb4450c6422fe69939d6824736e2f6f/execute/async - {"script":"<script> [1562 bytes]","args":[{"selector":{"controlType":"sap.m.Button","viewName":"etm.portal.ui.warehousemovements.view.DisplayMovement","viewId":"application-warehousemovements-display-component---displayMovement","i18NText":{"propertyName":"text","key":"execution"},"interaction":{"idSuffix":"BDI-content"}},"wdio_ui5_key":"etmportal.ui.warehousemovements.view.DisplayMovementsap.m.Button{\"propertyName\":\"text\",\"key\":\"execution\"}"}]}
RESULT: {"script":"<script> [1562 bytes]","args":[{"selector":{"controlType":"sap.m.Button","viewName":"etm.portal.ui.warehousemovements.view.DisplayMovement","viewId":"application-warehousemovements-display-component---displayMovement","i18NText":{"propertyName":"text","key":"execution"},"interaction":{"idSuffix":"BDI-content"}},"wdio_ui5_key":"etmportal.ui.warehousemovements.view.DisplayMovementsap.m.Button{\"propertyName\":\"text\",\"key\":\"execution\"}"}]}
RESULT: undefined
COMMAND: POST /session/0fb4450c6422fe69939d6824736e2f6f/element - {"using":"xpath","value":"//*[@id=\"__button219\"]"}
RESULT: {"using":"xpath","value":"//*[@id=\"__button219\"]"}
COMMAND: POST /session/0fb4450c6422fe69939d6824736e2f6f/element/f.852D346EF878C3E5FC3136AC53424AFF.d.E22756D608EDCCD4872A6569FDF1662A.e.6941/click - {}
RESULT: {}
COMMAND: GET /session/0fb4450c6422fe69939d6824736e2f6f/screenshot - {}
RESULT: {}
COMMAND: POST /session/0fb4450c6422fe69939d6824736e2f6f/execute/async - {"script":"<script> [1562 bytes]","args":[{"selector":{"controlType":"sap.m.Button","viewName":"etm.portal.ui.warehousemovements.view.ExecuteMovement","viewId":"application-warehousemovements-display-component---executeMovement","properties":{"text":"Items"},"interaction":{"idSuffix":"BDI-content"}},"wdio_ui5_key":"etmportal.ui.warehousemovements.view.ExecuteMovementsap.m.Button{\"text\":\"Items\"}"}]}
RESULT: {"script":"<script> [1562 bytes]","args":[{"selector":{"controlType":"sap.m.Button","viewName":"etm.portal.ui.warehousemovements.view.ExecuteMovement","viewId":"application-warehousemovements-display-component---executeMovement","properties":{"text":"Items"},"interaction":{"idSuffix":"BDI-content"}},"wdio_ui5_key":"etmportal.ui.warehousemovements.view.ExecuteMovementsap.m.Button{\"text\":\"Items\"}"}]}
RESULT: undefined
COMMAND: POST /session/0fb4450c6422fe69939d6824736e2f6f/element - {"using":"xpath","value":"//*[@id=\"__layout353-anchBar-application-warehousemovements-display-component---executeMovement--itemsSection-anchor\"]"}
RESULT: {"using":"xpath","value":"//*[@id=\"__layout353-anchBar-application-warehousemovements-display-component---executeMovement--itemsSection-anchor\"]"}
COMMAND: POST /session/0fb4450c6422fe69939d6824736e2f6f/element/f.852D346EF878C3E5FC3136AC53424AFF.d.E22756D608EDCCD4872A6569FDF1662A.e.7037/click - {}
RESULT: {}
COMMAND: GET /session/0fb4450c6422fe69939d6824736e2f6f/screenshot - {}
RESULT: {}
COMMAND: POST /session/0fb4450c6422fe69939d6824736e2f6f/execute/async - {"script":"<script> [1562 bytes]","args":[{"selector":{"controlType":"sap.m.ToggleButton","viewName":"etm.portal.ui.warehousemovements.view.ExecuteMovement","viewId":"application-warehousemovements-display-component---executeMovement","bindingPath":{"propertyPath":"STATUS","modelName":"catalogModel"},"interaction":{"idSuffix":"BDI-content"}},"wdio_ui5_key":"etmportal.ui.warehousemovements.view.ExecuteMovementsap.m.ToggleButton{\"propertyPath\":\"STATUS\",\"modelName\":\"catalogModel\"}"}]}
RESULT: {"script":"<script> [1562 bytes]","args":[{"selector":{"controlType":"sap.m.ToggleButton","viewName":"etm.portal.ui.warehousemovements.view.ExecuteMovement","viewId":"application-warehousemovements-display-component---executeMovement","bindingPath":{"propertyPath":"STATUS","modelName":"catalogModel"},"interaction":{"idSuffix":"BDI-content"}},"wdio_ui5_key":"etmportal.ui.warehousemovements.view.ExecuteMovementsap.m.ToggleButton{\"propertyPath\":\"STATUS\",\"modelName\":\"catalogModel\"}"}]}
RESULT: undefined
COMMAND: POST /session/0fb4450c6422fe69939d6824736e2f6f/element - {"using":"xpath","value":"//*[@id=\"__button242-__clone3232\"]"}
RESULT: {"using":"xpath","value":"//*[@id=\"__button242-__clone3232\"]"}
COMMAND: POST /session/0fb4450c6422fe69939d6824736e2f6f/element/f.852D346EF878C3E5FC3136AC53424AFF.d.E22756D608EDCCD4872A6569FDF1662A.e.7009/click - {}
RESULT: {}
RESULT: undefined
COMMAND: POST /session/0fb4450c6422fe69939d6824736e2f6f/element - {"using":"xpath","value":"//*[@id=\"__button242-__clone3232\"]"}
COMMAND: GET /session/0fb4450c6422fe69939d6824736e2f6f/screenshot - {}
RESULT: {"using":"xpath","value":"//*[@id=\"__button242-__clone3232\"]"}
COMMAND: POST /session/0fb4450c6422fe69939d6824736e2f6f/element/f.852D346EF878C3E5FC3136AC53424AFF.d.E22756D608EDCCD4872A6569FDF1662A.e.7009/click - {}
RESULT: {}
RESULT: {}
COMMAND: GET /session/0fb4450c6422fe69939d6824736e2f6f/screenshot - {}
RESULT: {}
COMMAND: POST /session/0fb4450c6422fe69939d6824736e2f6f/element - {"using":"xpath","value":"//section[contains(@id,\"FC-NoHead\")]/div[1]/div[5]/div[2]/span"}
RESULT: {"using":"xpath","value":"//section[contains(@id,\"FC-NoHead\")]/div[1]/div[5]/div[2]/span"}
COMMAND: POST /session/0fb4450c6422fe69939d6824736e2f6f/elements - {"using":"xpath","value":"//section[contains(@id,\"FC-NoHead\")]/div[1]/div[5]/div[2]/span"}
RESULT: {"using":"xpath","value":"//section[contains(@id,\"FC-NoHead\")]/div[1]/div[5]/div[2]/span"}
COMMAND: POST /session/0fb4450c6422fe69939d6824736e2f6f/execute/sync - {"script":"<script> [56 bytes]","args":[{"element-6066-11e4-a52e-4f735466cecf":"f.852D346EF878C3E5FC3136AC53424AFF.d.E22756D608EDCCD4872A6569FDF1662A.e.7044","ELEMENT":"f.852D346EF878C3E5FC3136AC53424AFF.d.E22756D608EDCCD4872A6569FDF1662A.e.7044"}]}
RESULT: {"script":"<script> [56 bytes]","args":[{"element-6066-11e4-a52e-4f735466cecf":"f.852D346EF878C3E5FC3136AC53424AFF.d.E22756D608EDCCD4872A6569FDF1662A.e.7044","ELEMENT":"f.852D346EF878C3E5FC3136AC53424AFF.d.E22756D608EDCCD4872A6569FDF1662A.e.7044"}]}
COMMAND: POST /session/0fb4450c6422fe69939d6824736e2f6f/actions - {"actions":[{"id":"action23","type":"key","parameters":{},"actions":[{"type":"keyDown","value":"î€‡"},{"type":"pause","duration":10},{"type":"keyUp","value":"î€‡"}]}]}
COMMAND: GET /session/0fb4450c6422fe69939d6824736e2f6f/screenshot - {}
RESULT: {"actions":[{"id":"action23","type":"key","parameters":{},"actions":[{"type":"keyDown","value":"î€‡"},{"type":"pause","duration":10},{"type":"keyUp","value":"î€‡"}]}]}
COMMAND: POST /session/0fb4450c6422fe69939d6824736e2f6f/execute/async - {"script":"<script> [1562 bytes]","args":[{"selector":{"id":"application-warehousemovements-display-component---executeMovement--executeId","interaction":{"idSuffix":"BDI-content"}},"wdio_ui5_key":"applicationwarehousemovements-display-component---executeMovement--executeId"}]}
COMMAND: GET /session/0fb4450c6422fe69939d6824736e2f6f/screenshot - {}
RESULT: {}
RESULT: {"script":"<script> [1562 bytes]","args":[{"selector":{"id":"application-warehousemovements-display-component---executeMovement--executeId","interaction":{"idSuffix":"BDI-content"}},"wdio_ui5_key":"applicationwarehousemovements-display-component---executeMovement--executeId"}]}
RESULT: undefined
COMMAND: POST /session/0fb4450c6422fe69939d6824736e2f6f/element - {"using":"xpath","value":"//*[@id=\"application-warehousemovements-display-component---executeMovement--executeId\"]"}
RESULT: {}
RESULT: {"using":"xpath","value":"//*[@id=\"application-warehousemovements-display-component---executeMovement--executeId\"]"}
COMMAND: POST /session/0fb4450c6422fe69939d6824736e2f6f/element/f.852D346EF878C3E5FC3136AC53424AFF.d.E22756D608EDCCD4872A6569FDF1662A.e.7003/click - {}
RESULT: {}
COMMAND: GET /session/0fb4450c6422fe69939d6824736e2f6f/screenshot - {}
RESULT: {}
COMMAND: POST /session/0fb4450c6422fe69939d6824736e2f6f/element - {"using":"css selector","value":"#shell-header-logo"}
RESULT: {"using":"css selector","value":"#shell-header-logo"}
COMMAND: POST /session/0fb4450c6422fe69939d6824736e2f6f/element/f.852D346EF878C3E5FC3136AC53424AFF.d.E22756D608EDCCD4872A6569FDF1662A.e.5787/click - {}
RESULT: {}
COMMAND: GET /session/0fb4450c6422fe69939d6824736e2f6f/screenshot - {}
RESULT: {}
RESULT: undefined
COMMAND: POST /session/0fb4450c6422fe69939d6824736e2f6f/element - {"using":"xpath","value":"//*[@id=\"__tile132\"]"}
RESULT: {"using":"xpath","value":"//*[@id=\"__tile132\"]"}
COMMAND: POST /session/0fb4450c6422fe69939d6824736e2f6f/element/f.852D346EF878C3E5FC3136AC53424AFF.d.E22756D608EDCCD4872A6569FDF1662A.e.4396/click - {}
RESULT: {}
COMMAND: GET /session/0fb4450c6422fe69939d6824736e2f6f/screenshot - {}
RESULT: {}
COMMAND: POST /session/0fb4450c6422fe69939d6824736e2f6f/elements - {"using":"xpath","value":"//span[text()='Error']"}
RESULT: {"using":"xpath","value":"//span[text()='Error']"}
COMMAND: POST /session/0fb4450c6422fe69939d6824736e2f6f/execute/async - {"script":"<script> [1562 bytes]","args":[{"selector":{"controlType":"sap.m.SearchField","viewName":"etm.portal.ui.managehandovers.view.MasterHO","bindingPath":{"propertyPath":"/_BASIC_SEARCH_FIELD","modelName":"fi1t3rM0d31"},"interaction":{"idSuffix":"I"}},"wdio_ui5_key":"etmportal.ui.managehandovers.view.MasterHOsap.m.SearchField{\"propertyPath\":\"/_BASIC_SEARCH_FIELD\",\"modelName\":\"fi1t3rM0d31\"}"}]}
RESULT: {"script":"<script> [1562 bytes]","args":[{"selector":{"controlType":"sap.m.SearchField","viewName":"etm.portal.ui.managehandovers.view.MasterHO","bindingPath":{"propertyPath":"/_BASIC_SEARCH_FIELD","modelName":"fi1t3rM0d31"},"interaction":{"idSuffix":"I"}},"wdio_ui5_key":"etmportal.ui.managehandovers.view.MasterHOsap.m.SearchField{\"propertyPath\":\"/_BASIC_SEARCH_FIELD\",\"modelName\":\"fi1t3rM0d31\"}"}]}
RESULT: undefined
COMMAND: POST /session/0fb4450c6422fe69939d6824736e2f6f/execute/async - {"script":"<script> [776 bytes]","args":[{"enterText":"30669","selector":{"controlType":"sap.m.SearchField","viewName":"etm.portal.ui.managehandovers.view.MasterHO","bindingPath":{"propertyPath":"/_BASIC_SEARCH_FIELD","modelName":"fi1t3rM0d31"},"interaction":{"idSuffix":"I"}},"clearTextFirst":true,"interactionType":"ENTER_TEXT"}]}
RESULT: {"script":"<script> [776 bytes]","args":[{"enterText":"30669","selector":{"controlType":"sap.m.SearchField","viewName":"etm.portal.ui.managehandovers.view.MasterHO","bindingPath":{"propertyPath":"/_BASIC_SEARCH_FIELD","modelName":"fi1t3rM0d31"},"interaction":{"idSuffix":"I"}},"clearTextFirst":true,"interactionType":"ENTER_TEXT"}]}
COMMAND: POST /session/0fb4450c6422fe69939d6824736e2f6f/actions - {"actions":[{"id":"action24","type":"key","parameters":{},"actions":[{"type":"keyDown","value":"î€‡"},{"type":"pause","duration":10},{"type":"keyUp","value":"î€‡"}]}]}
RESULT: {"actions":[{"id":"action24","type":"key","parameters":{},"actions":[{"type":"keyDown","value":"î€‡"},{"type":"pause","duration":10},{"type":"keyUp","value":"î€‡"}]}]}
COMMAND: GET /session/0fb4450c6422fe69939d6824736e2f6f/screenshot - {}
RESULT: {}
COMMAND: POST /session/0fb4450c6422fe69939d6824736e2f6f/execute/async - {"script":"<script> [1562 bytes]","args":[{"selector":{"controlType":"sap.ui.core.Icon","viewName":"etm.portal.ui.managehandovers.view.MasterHO","properties":{"src":{"regex":{"source":"slim\\-arrow\\-right"}}}},"wdio_ui5_key":"etmportal.ui.managehandovers.view.MasterHOsap.ui.core.Icon{\"src\":{\"regex\":{\"source\":\"slim\\\\-arrow\\\\-right\"}}}"}]}
RESULT: {"script":"<script> [1562 bytes]","args":[{"selector":{"controlType":"sap.ui.core.Icon","viewName":"etm.portal.ui.managehandovers.view.MasterHO","properties":{"src":{"regex":{"source":"slim\\-arrow\\-right"}}}},"wdio_ui5_key":"etmportal.ui.managehandovers.view.MasterHOsap.ui.core.Icon{\"src\":{\"regex\":{\"source\":\"slim\\\\-arrow\\\\-right\"}}}"}]}
RESULT: undefined
COMMAND: POST /session/0fb4450c6422fe69939d6824736e2f6f/element - {"using":"xpath","value":"//*[@id=\"__item1726-__clone3312-imgNav\"]"}
RESULT: {"using":"xpath","value":"//*[@id=\"__item1726-__clone3312-imgNav\"]"}
COMMAND: POST /session/0fb4450c6422fe69939d6824736e2f6f/element/f.852D346EF878C3E5FC3136AC53424AFF.d.E22756D608EDCCD4872A6569FDF1662A.e.7226/click - {}
RESULT: {}
COMMAND: GET /session/0fb4450c6422fe69939d6824736e2f6f/screenshot - {}
RESULT: {}
COMMAND: POST /session/0fb4450c6422fe69939d6824736e2f6f/execute/async - {"script":"<script> [1562 bytes]","args":[{"selector":{"controlType":"sap.m.Button","viewName":"etm.portal.ui.managehandovers.view.DetailExecuteHO","i18NText":{"propertyName":"text","key":"confirmAll"},"interaction":{"idSuffix":"BDI-content"}},"wdio_ui5_key":"etmportal.ui.managehandovers.view.DetailExecuteHOsap.m.Button{\"propertyName\":\"text\",\"key\":\"confirmAll\"}"}]}
RESULT: {"script":"<script> [1562 bytes]","args":[{"selector":{"controlType":"sap.m.Button","viewName":"etm.portal.ui.managehandovers.view.DetailExecuteHO","i18NText":{"propertyName":"text","key":"confirmAll"},"interaction":{"idSuffix":"BDI-content"}},"wdio_ui5_key":"etmportal.ui.managehandovers.view.DetailExecuteHOsap.m.Button{\"propertyName\":\"text\",\"key\":\"confirmAll\"}"}]}
RESULT: undefined
COMMAND: POST /session/0fb4450c6422fe69939d6824736e2f6f/element - {"using":"xpath","value":"//*[@id=\"__button280\"]"}
RESULT: {"using":"xpath","value":"//*[@id=\"__button280\"]"}
COMMAND: POST /session/0fb4450c6422fe69939d6824736e2f6f/element/f.852D346EF878C3E5FC3136AC53424AFF.d.E22756D608EDCCD4872A6569FDF1662A.e.7311/click - {}
RESULT: {}
COMMAND: GET /session/0fb4450c6422fe69939d6824736e2f6f/screenshot - {}
RESULT: {}
COMMAND: POST /session/0fb4450c6422fe69939d6824736e2f6f/actions - {"actions":[{"id":"action25","type":"key","parameters":{},"actions":[{"type":"keyDown","value":"î€‡"},{"type":"pause","duration":10},{"type":"keyUp","value":"î€‡"}]}]}
RESULT: {"actions":[{"id":"action25","type":"key","parameters":{},"actions":[{"type":"keyDown","value":"î€‡"},{"type":"pause","duration":10},{"type":"keyUp","value":"î€‡"}]}]}
COMMAND: GET /session/0fb4450c6422fe69939d6824736e2f6f/screenshot - {}
RESULT: {}
COMMAND: POST /session/0fb4450c6422fe69939d6824736e2f6f/element - {"using":"xpath","value":"//button[@data-kt=\"execHoIssueButton\"]"}
RESULT: {"using":"xpath","value":"//button[@data-kt=\"execHoIssueButton\"]"}
COMMAND: POST /session/0fb4450c6422fe69939d6824736e2f6f/element/f.852D346EF878C3E5FC3136AC53424AFF.d.E22756D608EDCCD4872A6569FDF1662A.e.7319/click - {}
RESULT: {}
COMMAND: GET /session/0fb4450c6422fe69939d6824736e2f6f/screenshot - {}
RESULT: {}
RESULT: undefined
COMMAND: POST /session/0fb4450c6422fe69939d6824736e2f6f/execute/async - {"script":"<script> [776 bytes]","args":[{"enterText":"30669","selector":{"controlType":"sap.m.SearchField","viewName":"etm.portal.ui.managehandovers.view.MasterHO","bindingPath":{"propertyPath":"/_BASIC_SEARCH_FIELD","modelName":"fi1t3rM0d31"},"interaction":{"idSuffix":"I"}},"clearTextFirst":true,"interactionType":"ENTER_TEXT"}]}
RESULT: {"script":"<script> [776 bytes]","args":[{"enterText":"30669","selector":{"controlType":"sap.m.SearchField","viewName":"etm.portal.ui.managehandovers.view.MasterHO","bindingPath":{"propertyPath":"/_BASIC_SEARCH_FIELD","modelName":"fi1t3rM0d31"},"interaction":{"idSuffix":"I"}},"clearTextFirst":true,"interactionType":"ENTER_TEXT"}]}
COMMAND: POST /session/0fb4450c6422fe69939d6824736e2f6f/actions - {"actions":[{"id":"action26","type":"key","parameters":{},"actions":[{"type":"keyDown","value":"î€‡"},{"type":"pause","duration":10},{"type":"keyUp","value":"î€‡"}]}]}
RESULT: {"actions":[{"id":"action26","type":"key","parameters":{},"actions":[{"type":"keyDown","value":"î€‡"},{"type":"pause","duration":10},{"type":"keyUp","value":"î€‡"}]}]}
COMMAND: GET /session/0fb4450c6422fe69939d6824736e2f6f/screenshot - {}
RESULT: {}
COMMAND: POST /session/0fb4450c6422fe69939d6824736e2f6f/element - {"using":"xpath","value":"//span[(text() = '30669' or . = '30669')]"}
RESULT: {"using":"xpath","value":"//span[(text() = '30669' or . = '30669')]"}
COMMAND: POST /session/0fb4450c6422fe69939d6824736e2f6f/element/f.852D346EF878C3E5FC3136AC53424AFF.d.E22756D608EDCCD4872A6569FDF1662A.e.7364/click - {}
RESULT: {}
COMMAND: GET /session/0fb4450c6422fe69939d6824736e2f6f/screenshot - {}
RESULT: {}
COMMAND: POST /session/0fb4450c6422fe69939d6824736e2f6f/element - {"using":"xpath","value":"//span[contains(text(), \"Instructions\")]"}
RESULT: {"using":"xpath","value":"//span[contains(text(), \"Instructions\")]"}
COMMAND: POST /session/0fb4450c6422fe69939d6824736e2f6f/element/f.852D346EF878C3E5FC3136AC53424AFF.d.E22756D608EDCCD4872A6569FDF1662A.e.7403/click - {}
RESULT: {}
COMMAND: GET /session/0fb4450c6422fe69939d6824736e2f6f/screenshot - {}
RESULT: {}
COMMAND: POST /session/0fb4450c6422fe69939d6824736e2f6f/element - {"using":"xpath","value":"//span[contains(text(), \"Instructions\")]"}
RESULT: {"using":"xpath","value":"//span[contains(text(), \"Instructions\")]"}
COMMAND: POST /session/0fb4450c6422fe69939d6824736e2f6f/element/f.852D346EF878C3E5FC3136AC53424AFF.d.E22756D608EDCCD4872A6569FDF1662A.e.7403/click - {}
RESULT: {}
COMMAND: GET /session/0fb4450c6422fe69939d6824736e2f6f/screenshot - {}
RESULT: {}
COMMAND: POST /session/0fb4450c6422fe69939d6824736e2f6f/execute/async - {"script":"<script> [1562 bytes]","args":[{"selector":{"controlType":"sap.m.ComboBox","viewName":"etm.portal.ui.managehandovers.view.DetailExecuteHO","bindingPath":{"propertyPath":"RECEIVING_SECTION","modelName":"catalogModel"},"interaction":{"idSuffix":"inner"}},"wdio_ui5_key":"etmportal.ui.managehandovers.view.DetailExecuteHOsap.m.ComboBox{\"propertyPath\":\"RECEIVING_SECTION\",\"modelName\":\"catalogModel\"}"}]}
RESULT: {"script":"<script> [1562 bytes]","args":[{"selector":{"controlType":"sap.m.ComboBox","viewName":"etm.portal.ui.managehandovers.view.DetailExecuteHO","bindingPath":{"propertyPath":"RECEIVING_SECTION","modelName":"catalogModel"},"interaction":{"idSuffix":"inner"}},"wdio_ui5_key":"etmportal.ui.managehandovers.view.DetailExecuteHOsap.m.ComboBox{\"propertyPath\":\"RECEIVING_SECTION\",\"modelName\":\"catalogModel\"}"}]}
RESULT: undefined
COMMAND: POST /session/0fb4450c6422fe69939d6824736e2f6f/execute/async - {"script":"<script> [776 bytes]","args":[{"enterText":"WDIO-2255","selector":{"controlType":"sap.m.ComboBox","viewName":"etm.portal.ui.managehandovers.view.DetailExecuteHO","bindingPath":{"propertyPath":"RECEIVING_SECTION","modelName":"catalogModel"},"interaction":{"idSuffix":"inner"}},"clearTextFirst":true,"interactionType":"ENTER_TEXT"}]}
RESULT: {"script":"<script> [776 bytes]","args":[{"enterText":"WDIO-2255","selector":{"controlType":"sap.m.ComboBox","viewName":"etm.portal.ui.managehandovers.view.DetailExecuteHO","bindingPath":{"propertyPath":"RECEIVING_SECTION","modelName":"catalogModel"},"interaction":{"idSuffix":"inner"}},"clearTextFirst":true,"interactionType":"ENTER_TEXT"}]}
COMMAND: POST /session/0fb4450c6422fe69939d6824736e2f6f/actions - {"actions":[{"id":"action27","type":"key","parameters":{},"actions":[{"type":"keyDown","value":"î€‡"},{"type":"pause","duration":10},{"type":"keyUp","value":"î€‡"}]}]}
RESULT: {"actions":[{"id":"action27","type":"key","parameters":{},"actions":[{"type":"keyDown","value":"î€‡"},{"type":"pause","duration":10},{"type":"keyUp","value":"î€‡"}]}]}
COMMAND: GET /session/0fb4450c6422fe69939d6824736e2f6f/screenshot - {}
RESULT: {}
COMMAND: POST /session/0fb4450c6422fe69939d6824736e2f6f/element - {"using":"xpath","value":"//button[@data-kt= \"execHoReceiveButton\"]"}
RESULT: {"using":"xpath","value":"//button[@data-kt= \"execHoReceiveButton\"]"}
COMMAND: POST /session/0fb4450c6422fe69939d6824736e2f6f/element/f.852D346EF878C3E5FC3136AC53424AFF.d.E22756D608EDCCD4872A6569FDF1662A.e.7408/click - {}
RESULT: {}
COMMAND: GET /session/0fb4450c6422fe69939d6824736e2f6f/screenshot - {}
RESULT: {}
COMMAND: POST /session/0fb4450c6422fe69939d6824736e2f6f/execute/async - {"script":"<script> [1562 bytes]","args":[{"selector":{"controlType":"sap.m.Button","properties":{"text":"Continue"},"searchOpenDialogs":true,"interaction":{"idSuffix":"content"}},"wdio_ui5_key":"sapm.Button{\"text\":\"Continue\"}"}]}
RESULT: {"script":"<script> [1562 bytes]","args":[{"selector":{"controlType":"sap.m.Button","properties":{"text":"Continue"},"searchOpenDialogs":true,"interaction":{"idSuffix":"content"}},"wdio_ui5_key":"sapm.Button{\"text\":\"Continue\"}"}]}
RESULT: undefined
COMMAND: POST /session/0fb4450c6422fe69939d6824736e2f6f/element - {"using":"xpath","value":"//*[@id=\"__mbox-btn-6\"]"}
RESULT: {"using":"xpath","value":"//*[@id=\"__mbox-btn-6\"]"}
COMMAND: POST /session/0fb4450c6422fe69939d6824736e2f6f/element/f.852D346EF878C3E5FC3136AC53424AFF.d.E22756D608EDCCD4872A6569FDF1662A.e.7409/click - {}
RESULT: {}
COMMAND: GET /session/0fb4450c6422fe69939d6824736e2f6f/screenshot - {}
RESULT: {}
COMMAND: POST /session/0fb4450c6422fe69939d6824736e2f6f/element - {"using":"css selector","value":"#shell-header-logo"}
RESULT: {"using":"css selector","value":"#shell-header-logo"}
COMMAND: POST /session/0fb4450c6422fe69939d6824736e2f6f/element/f.852D346EF878C3E5FC3136AC53424AFF.d.E22756D608EDCCD4872A6569FDF1662A.e.7109/click - {}
RESULT: {}
COMMAND: GET /session/0fb4450c6422fe69939d6824736e2f6f/screenshot - {}
RESULT: {}
]]></system-out>
    </testcase>
    <testcase classname="chrome.136_0_7103_93.windows.Provide_to_Site_w/_warehouse_management_w_clarification" name="Should test for Clarification" time="59.997">
      <system-out><![CDATA[
RESULT: undefined
COMMAND: POST /session/0fb4450c6422fe69939d6824736e2f6f/element - {"using":"xpath","value":"//*[@id=\"__tile132\"]"}
RESULT: {"using":"xpath","value":"//*[@id=\"__tile132\"]"}
COMMAND: POST /session/0fb4450c6422fe69939d6824736e2f6f/element/f.852D346EF878C3E5FC3136AC53424AFF.d.E22756D608EDCCD4872A6569FDF1662A.e.4396/click - {}
RESULT: {}
COMMAND: GET /session/0fb4450c6422fe69939d6824736e2f6f/screenshot - {}
RESULT: {}
COMMAND: POST /session/0fb4450c6422fe69939d6824736e2f6f/elements - {"using":"xpath","value":"//span[text()='Error']"}
RESULT: {"using":"xpath","value":"//span[text()='Error']"}
RESULT: undefined
COMMAND: POST /session/0fb4450c6422fe69939d6824736e2f6f/execute/async - {"script":"<script> [776 bytes]","args":[{"enterText":"30669","selector":{"controlType":"sap.m.SearchField","viewName":"etm.portal.ui.managehandovers.view.MasterHO","bindingPath":{"propertyPath":"/_BASIC_SEARCH_FIELD","modelName":"fi1t3rM0d31"},"interaction":{"idSuffix":"I"}},"clearTextFirst":true,"interactionType":"ENTER_TEXT"}]}
RESULT: {"script":"<script> [776 bytes]","args":[{"enterText":"30669","selector":{"controlType":"sap.m.SearchField","viewName":"etm.portal.ui.managehandovers.view.MasterHO","bindingPath":{"propertyPath":"/_BASIC_SEARCH_FIELD","modelName":"fi1t3rM0d31"},"interaction":{"idSuffix":"I"}},"clearTextFirst":true,"interactionType":"ENTER_TEXT"}]}
COMMAND: POST /session/0fb4450c6422fe69939d6824736e2f6f/actions - {"actions":[{"id":"action28","type":"key","parameters":{},"actions":[{"type":"keyDown","value":"î€‡"},{"type":"pause","duration":10},{"type":"keyUp","value":"î€‡"}]}]}
RESULT: {"actions":[{"id":"action28","type":"key","parameters":{},"actions":[{"type":"keyDown","value":"î€‡"},{"type":"pause","duration":10},{"type":"keyUp","value":"î€‡"}]}]}
COMMAND: GET /session/0fb4450c6422fe69939d6824736e2f6f/screenshot - {}
RESULT: {}
COMMAND: POST /session/0fb4450c6422fe69939d6824736e2f6f/element - {"using":"xpath","value":"//span[(text() = '30669' or . = '30669')]"}
RESULT: {"using":"xpath","value":"//span[(text() = '30669' or . = '30669')]"}
COMMAND: POST /session/0fb4450c6422fe69939d6824736e2f6f/element/f.852D346EF878C3E5FC3136AC53424AFF.d.E22756D608EDCCD4872A6569FDF1662A.e.7710/click - {}
RESULT: {}
COMMAND: GET /session/0fb4450c6422fe69939d6824736e2f6f/screenshot - {}
RESULT: {}
COMMAND: POST /session/0fb4450c6422fe69939d6824736e2f6f/element - {"using":"xpath","value":"//span[contains(text(), \"Instructions\")]"}
RESULT: {"using":"xpath","value":"//span[contains(text(), \"Instructions\")]"}
COMMAND: POST /session/0fb4450c6422fe69939d6824736e2f6f/element/f.852D346EF878C3E5FC3136AC53424AFF.d.E22756D608EDCCD4872A6569FDF1662A.e.7795/click - {}
RESULT: {}
COMMAND: GET /session/0fb4450c6422fe69939d6824736e2f6f/screenshot - {}
RESULT: {}
COMMAND: POST /session/0fb4450c6422fe69939d6824736e2f6f/element - {"using":"xpath","value":"//span[contains(text(), \"Instructions\")]"}
RESULT: {"using":"xpath","value":"//span[contains(text(), \"Instructions\")]"}
COMMAND: POST /session/0fb4450c6422fe69939d6824736e2f6f/element/f.852D346EF878C3E5FC3136AC53424AFF.d.E22756D608EDCCD4872A6569FDF1662A.e.7795/click - {}
RESULT: {}
COMMAND: GET /session/0fb4450c6422fe69939d6824736e2f6f/screenshot - {}
RESULT: {}
COMMAND: POST /session/0fb4450c6422fe69939d6824736e2f6f/element - {"using":"xpath","value":"//button[.//bdi[text() = \"Refuse\"]]"}
RESULT: {"using":"xpath","value":"//button[.//bdi[text() = \"Refuse\"]]"}
COMMAND: POST /session/0fb4450c6422fe69939d6824736e2f6f/element/f.852D346EF878C3E5FC3136AC53424AFF.d.E22756D608EDCCD4872A6569FDF1662A.e.7800/click - {}
RESULT: {}
COMMAND: GET /session/0fb4450c6422fe69939d6824736e2f6f/screenshot - {}
RESULT: {}
COMMAND: POST /session/0fb4450c6422fe69939d6824736e2f6f/element - {"using":"xpath","value":"//button[@data-kt= \"execHoReceiveRefuseButton\"]"}
RESULT: {"using":"xpath","value":"//button[@data-kt= \"execHoReceiveRefuseButton\"]"}
COMMAND: POST /session/0fb4450c6422fe69939d6824736e2f6f/element/f.852D346EF878C3E5FC3136AC53424AFF.d.E22756D608EDCCD4872A6569FDF1662A.e.7802/click - {}
RESULT: {}
COMMAND: GET /session/0fb4450c6422fe69939d6824736e2f6f/screenshot - {}
RESULT: {}
COMMAND: POST /session/0fb4450c6422fe69939d6824736e2f6f/element - {"using":"css selector","value":"#shell-header-logo"}
RESULT: {"using":"css selector","value":"#shell-header-logo"}
COMMAND: POST /session/0fb4450c6422fe69939d6824736e2f6f/element/f.852D346EF878C3E5FC3136AC53424AFF.d.E22756D608EDCCD4872A6569FDF1662A.e.7468/click - {}
RESULT: {}
COMMAND: GET /session/0fb4450c6422fe69939d6824736e2f6f/screenshot - {}
RESULT: {}
COMMAND: POST /session/0fb4450c6422fe69939d6824736e2f6f/element - {"using":"css selector","value":"#j_username"}
COMMAND: POST /session/0fb4450c6422fe69939d6824736e2f6f/url - {"url":"https://qa-testing-00-live-etm-ui.cfapps.eu10-004.hana.ondemand.com/"}
RESULT: {"using":"css selector","value":"#j_username"}
COMMAND: POST /session/0fb4450c6422fe69939d6824736e2f6f/element - {"using":"css selector","value":"#j_username"}
RESULT: {"url":"https://qa-testing-00-live-etm-ui.cfapps.eu10-004.hana.ondemand.com/"}
RESULT: undefined
COMMAND: GET /session/0fb4450c6422fe69939d6824736e2f6f/screenshot - {}
RESULT: {"using":"css selector","value":"#j_username"}
COMMAND: POST /session/0fb4450c6422fe69939d6824736e2f6f/element - {"using":"css selector","value":"#shell-header-logo"}
RESULT: {}
RESULT: {"using":"css selector","value":"#shell-header-logo"}
COMMAND: POST /session/0fb4450c6422fe69939d6824736e2f6f/execute/sync - {"script":"<script> [8489 bytes]","args":[{"element-6066-11e4-a52e-4f735466cecf":"f.852D346EF878C3E5FC3136AC53424AFF.d.79FA3B7C1A5F95F833E41A9225CFDEA0.e.7857","ELEMENT":"f.852D346EF878C3E5FC3136AC53424AFF.d.79FA3B7C1A5F95F833E41A9225CFDEA0.e.7857"}]}
RESULT: {"script":"<script> [8489 bytes]","args":[{"element-6066-11e4-a52e-4f735466cecf":"f.852D346EF878C3E5FC3136AC53424AFF.d.79FA3B7C1A5F95F833E41A9225CFDEA0.e.7857","ELEMENT":"f.852D346EF878C3E5FC3136AC53424AFF.d.79FA3B7C1A5F95F833E41A9225CFDEA0.e.7857"}]}
COMMAND: POST /session/0fb4450c6422fe69939d6824736e2f6f/element - {"using":"css selector","value":"#shell-header-logo"}
COMMAND: GET /session/0fb4450c6422fe69939d6824736e2f6f/screenshot - {}
RESULT: {"using":"css selector","value":"#shell-header-logo"}
COMMAND: POST /session/0fb4450c6422fe69939d6824736e2f6f/execute/sync - {"script":"<script> [8489 bytes]","args":[{"element-6066-11e4-a52e-4f735466cecf":"f.852D346EF878C3E5FC3136AC53424AFF.d.79FA3B7C1A5F95F833E41A9225CFDEA0.e.7857","ELEMENT":"f.852D346EF878C3E5FC3136AC53424AFF.d.79FA3B7C1A5F95F833E41A9225CFDEA0.e.7857"}]}
RESULT: {}
RESULT: {"script":"<script> [8489 bytes]","args":[{"element-6066-11e4-a52e-4f735466cecf":"f.852D346EF878C3E5FC3136AC53424AFF.d.79FA3B7C1A5F95F833E41A9225CFDEA0.e.7857","ELEMENT":"f.852D346EF878C3E5FC3136AC53424AFF.d.79FA3B7C1A5F95F833E41A9225CFDEA0.e.7857"}]}
COMMAND: POST /session/0fb4450c6422fe69939d6824736e2f6f/execute/sync - {"script":"<script> [5351 bytes]","args":[{"element-6066-11e4-a52e-4f735466cecf":"f.852D346EF878C3E5FC3136AC53424AFF.d.79FA3B7C1A5F95F833E41A9225CFDEA0.e.7857","ELEMENT":"f.852D346EF878C3E5FC3136AC53424AFF.d.79FA3B7C1A5F95F833E41A9225CFDEA0.e.7857"}]}
COMMAND: GET /session/0fb4450c6422fe69939d6824736e2f6f/screenshot - {}
RESULT: {"script":"<script> [5351 bytes]","args":[{"element-6066-11e4-a52e-4f735466cecf":"f.852D346EF878C3E5FC3136AC53424AFF.d.79FA3B7C1A5F95F833E41A9225CFDEA0.e.7857","ELEMENT":"f.852D346EF878C3E5FC3136AC53424AFF.d.79FA3B7C1A5F95F833E41A9225CFDEA0.e.7857"}]}
COMMAND: POST /session/0fb4450c6422fe69939d6824736e2f6f/element - {"using":"css selector","value":"#shell-header-logo"}
COMMAND: GET /session/0fb4450c6422fe69939d6824736e2f6f/screenshot - {}
RESULT: {}
RESULT: {"using":"css selector","value":"#shell-header-logo"}
COMMAND: POST /session/0fb4450c6422fe69939d6824736e2f6f/element/f.852D346EF878C3E5FC3136AC53424AFF.d.79FA3B7C1A5F95F833E41A9225CFDEA0.e.7857/click - {}
RESULT: {}
RESULT: {}
COMMAND: GET /session/0fb4450c6422fe69939d6824736e2f6f/screenshot - {}
RESULT: {}
COMMAND: POST /session/0fb4450c6422fe69939d6824736e2f6f/execute/async - {"script":"<script> [189 bytes]","args":[]}
RESULT: {"script":"<script> [189 bytes]","args":[]}
COMMAND: POST /session/0fb4450c6422fe69939d6824736e2f6f/execute/async - {"script":"<script> [123 bytes]","args":[]}
RESULT: {"script":"<script> [123 bytes]","args":[]}
COMMAND: POST /session/0fb4450c6422fe69939d6824736e2f6f/timeouts - {"script":"<number>"}
RESULT: {"script":"<number>"}
COMMAND: GET /session/0fb4450c6422fe69939d6824736e2f6f/timeouts - {}
RESULT: {}
RESULT: undefined
COMMAND: POST /session/0fb4450c6422fe69939d6824736e2f6f/execute/async - {"script":"<script> [2676 bytes]","args":[]}
RESULT: {"script":"<script> [2676 bytes]","args":[]}
COMMAND: POST /session/0fb4450c6422fe69939d6824736e2f6f/execute/async - {"script":"<script> [2342 bytes]","args":[{"protocol":"http","hostname":"0.0.0.0","path":"/","capabilities":{"browserName":"chrome","goog:chromeOptions":{"binary":"C:\\Program Files\\Google\\Chrome\\Application\\chrome.exe","args":["--start-maximized"]}},"logLevel":"warn","connectionRetryTimeout":120000,"connectionRetryCount":3,"logLevels":{},"enableDirectConnect":true,"strictSSL":true,"_":"65 more keys: [\"cacheDir\",\"port\",\"requestedCapabilities\",\"automationProtocol\",\"baseUrl\",\"waitforInterval\",\"waitforTimeout\",\"onReload\",\"beforeCommand\",\"afterCommand\",\"rootDir\",\"specs\",\"suites\",\"exclude\",\"groupLogsByTestSpec\",\"excludeDriverLogs\",\"bail\",\"framework\",\"reporters\",\"services\",\"maxInstances\",\"maxInstancesPerCapability\",\"injectGlobals\",\"filesToWatch\",\"execArgv\",\"runnerEnv\",\"runner\",\"shard\",\"specFileRetries\",\"specFileRetriesDelay\",\"specFileRetriesDeferred\",\"reporterSyncInterval\",\"reporterSyncTimeout\",\"cucumberFeaturesWithLineNumbers\",\"autoCompileOpts\",\"mochaOpts\",\"jasmineOpts\",\"cucumberOpts\",\"onPrepare\",\"onWorkerStart\",\"onWorkerEnd\",\"before\",\"beforeSession\",\"beforeSuite\",\"beforeHook\",\"beforeTest\",\"afterTest\",\"afterHook\",\"afterSuite\",\"afterSession\",\"after\",\"onComplete\",\"beforeAssertion\",\"afterAssertion\",\"beforeFeature\",\"beforeScenario\",\"beforeStep\",\"afterStep\",\"afterScenario\",\"afterFeature\",\"_\",\"suite\",\"$0\",\"ignoredWorkerServices\",\"wdi5\"]"}]}
RESULT: {"script":"<script> [2342 bytes]","args":[{"protocol":"http","hostname":"0.0.0.0","path":"/","capabilities":{"browserName":"chrome","goog:chromeOptions":{"binary":"C:\\Program Files\\Google\\Chrome\\Application\\chrome.exe","args":["--start-maximized"]}},"logLevel":"warn","connectionRetryTimeout":120000,"connectionRetryCount":3,"logLevels":{},"enableDirectConnect":true,"strictSSL":true,"_":"65 more keys: [\"cacheDir\",\"port\",\"requestedCapabilities\",\"automationProtocol\",\"baseUrl\",\"waitforInterval\",\"waitforTimeout\",\"onReload\",\"beforeCommand\",\"afterCommand\",\"rootDir\",\"specs\",\"suites\",\"exclude\",\"groupLogsByTestSpec\",\"excludeDriverLogs\",\"bail\",\"framework\",\"reporters\",\"services\",\"maxInstances\",\"maxInstancesPerCapability\",\"injectGlobals\",\"filesToWatch\",\"execArgv\",\"runnerEnv\",\"runner\",\"shard\",\"specFileRetries\",\"specFileRetriesDelay\",\"specFileRetriesDeferred\",\"reporterSyncInterval\",\"reporterSyncTimeout\",\"cucumberFeaturesWithLineNumbers\",\"autoCompileOpts\",\"mochaOpts\",\"jasmineOpts\",\"cucumberOpts\",\"onPrepare\",\"onWorkerStart\",\"onWorkerEnd\",\"before\",\"beforeSession\",\"beforeSuite\",\"beforeHook\",\"beforeTest\",\"afterTest\",\"afterHook\",\"afterSuite\",\"afterSession\",\"after\",\"onComplete\",\"beforeAssertion\",\"afterAssertion\",\"beforeFeature\",\"beforeScenario\",\"beforeStep\",\"afterStep\",\"afterScenario\",\"afterFeature\",\"_\",\"suite\",\"$0\",\"ignoredWorkerServices\",\"wdi5\"]"}]}
COMMAND: POST /session/0fb4450c6422fe69939d6824736e2f6f/execute/async - {"script":"<script> [21126 bytes]","args":[35000]}
RESULT: {"script":"<script> [21126 bytes]","args":[35000]}
COMMAND: POST /session/0fb4450c6422fe69939d6824736e2f6f/window/maximize - {}
RESULT: {}
COMMAND: POST /session/0fb4450c6422fe69939d6824736e2f6f/execute/async - {"script":"<script> [1562 bytes]","args":[{"selector":{"id":"shell-header","interaction":{"idSuffix":"icon"}},"wdio_ui5_key":"shellheader"}]}
COMMAND: GET /session/0fb4450c6422fe69939d6824736e2f6f/screenshot - {}
RESULT: {"script":"<script> [1562 bytes]","args":[{"selector":{"id":"shell-header","interaction":{"idSuffix":"icon"}},"wdio_ui5_key":"shellheader"}]}
RESULT: undefined
COMMAND: POST /session/0fb4450c6422fe69939d6824736e2f6f/window/fullscreen - {}
RESULT: {}
RESULT: {}
]]></system-out>
    </testcase>
  </testsuite>
  <testsuite timestamp="2025-05-18T16:38:50" time="136.557" tests="6" failures="0" errors="0" skipped="0">
    <properties>
      <property name="specId" value="0" />
      <property name="suiteName" value="Provide to Site w/ warehouse management w/o clarification US113782 " />
      <property name="capabilities" value="chrome.136_0_7103_93.windows" />
      <property name="file" value="file:///D:/a/1/s/test/specs/HTR/provide-to-site-w-warehouse-wo-clarification.spec.js" />
    </properties>
    <testcase classname="chrome.136_0_7103_93.windows.Provide_to_Site_w/_warehouse_management_w/o_clarification_US113782_" name="Should create a new WHM yard" time="0.013">
      <system-out><![CDATA[
COMMAND: POST /session/0fb4450c6422fe69939d6824736e2f6f/window/fullscreen - {}
RESULT: {}
]]></system-out>
    </testcase>
    <testcase classname="chrome.136_0_7103_93.windows.Provide_to_Site_w/_warehouse_management_w/o_clarification_US113782_" name="Should create a new external WHM partner" time="0.003" />
    <testcase classname="chrome.136_0_7103_93.windows.Provide_to_Site_w/_warehouse_management_w/o_clarification_US113782_" name="Should create a new WHM site" time="0.003" />
    <testcase classname="chrome.136_0_7103_93.windows.Provide_to_Site_w/_warehouse_management_w/o_clarification_US113782_" name="Should create a new material" time="121.566">
      <system-out><![CDATA[
COMMAND: POST /session/0fb4450c6422fe69939d6824736e2f6f/execute/async - {"script":"<script> [1562 bytes]","args":[{"selector":{"controlType":"sap.m.GenericTile","properties":{"header":"Manage Resources"}},"wdio_ui5_key":"sapm.GenericTile{\"header\":\"Manage Resources\"}"}]}
RESULT: {"script":"<script> [1562 bytes]","args":[{"selector":{"controlType":"sap.m.GenericTile","properties":{"header":"Manage Resources"}},"wdio_ui5_key":"sapm.GenericTile{\"header\":\"Manage Resources\"}"}]}
RESULT: undefined
COMMAND: POST /session/0fb4450c6422fe69939d6824736e2f6f/element - {"using":"xpath","value":"//*[@id=\"__tile31\"]"}
RESULT: {"using":"xpath","value":"//*[@id=\"__tile31\"]"}
COMMAND: POST /session/0fb4450c6422fe69939d6824736e2f6f/element/f.852D346EF878C3E5FC3136AC53424AFF.d.79FA3B7C1A5F95F833E41A9225CFDEA0.e.7880/click - {}
RESULT: {}
COMMAND: GET /session/0fb4450c6422fe69939d6824736e2f6f/screenshot - {}
RESULT: {}
COMMAND: POST /session/0fb4450c6422fe69939d6824736e2f6f/elements - {"using":"xpath","value":"//span[text()='Error']"}
RESULT: {"using":"xpath","value":"//span[text()='Error']"}
COMMAND: POST /session/0fb4450c6422fe69939d6824736e2f6f/element - {"using":"xpath","value":"//button[@data-kt=\"addNewRUOverflowToolbarButton\"]"}
RESULT: {"using":"xpath","value":"//button[@data-kt=\"addNewRUOverflowToolbarButton\"]"}
COMMAND: POST /session/0fb4450c6422fe69939d6824736e2f6f/elements - {"using":"xpath","value":"//button[@data-kt=\"addNewRUOverflowToolbarButton\"]"}
RESULT: {"using":"xpath","value":"//button[@data-kt=\"addNewRUOverflowToolbarButton\"]"}
COMMAND: POST /session/0fb4450c6422fe69939d6824736e2f6f/elements - {"using":"xpath","value":"//button[@data-kt=\"addNewRUOverflowToolbarButton\"]"}
RESULT: {"using":"xpath","value":"//button[@data-kt=\"addNewRUOverflowToolbarButton\"]"}
COMMAND: POST /session/0fb4450c6422fe69939d6824736e2f6f/element - {"using":"xpath","value":"//button[@data-kt=\"addNewRUOverflowToolbarButton\"]"}
RESULT: {"using":"xpath","value":"//button[@data-kt=\"addNewRUOverflowToolbarButton\"]"}
COMMAND: POST /session/0fb4450c6422fe69939d6824736e2f6f/execute/sync - {"script":"<script> [8489 bytes]","args":[{"element-6066-11e4-a52e-4f735466cecf":"f.852D346EF878C3E5FC3136AC53424AFF.d.79FA3B7C1A5F95F833E41A9225CFDEA0.e.8010","ELEMENT":"f.852D346EF878C3E5FC3136AC53424AFF.d.79FA3B7C1A5F95F833E41A9225CFDEA0.e.8010"}]}
RESULT: {"script":"<script> [8489 bytes]","args":[{"element-6066-11e4-a52e-4f735466cecf":"f.852D346EF878C3E5FC3136AC53424AFF.d.79FA3B7C1A5F95F833E41A9225CFDEA0.e.8010","ELEMENT":"f.852D346EF878C3E5FC3136AC53424AFF.d.79FA3B7C1A5F95F833E41A9225CFDEA0.e.8010"}]}
COMMAND: GET /session/0fb4450c6422fe69939d6824736e2f6f/element/f.852D346EF878C3E5FC3136AC53424AFF.d.79FA3B7C1A5F95F833E41A9225CFDEA0.e.8010/enabled - {}
COMMAND: GET /session/0fb4450c6422fe69939d6824736e2f6f/screenshot - {}
RESULT: {}
RESULT: {}
COMMAND: POST /session/0fb4450c6422fe69939d6824736e2f6f/execute/sync - {"script":"<script> [8489 bytes]","args":[{"element-6066-11e4-a52e-4f735466cecf":"f.852D346EF878C3E5FC3136AC53424AFF.d.79FA3B7C1A5F95F833E41A9225CFDEA0.e.8010","ELEMENT":"f.852D346EF878C3E5FC3136AC53424AFF.d.79FA3B7C1A5F95F833E41A9225CFDEA0.e.8010"}]}
COMMAND: GET /session/0fb4450c6422fe69939d6824736e2f6f/screenshot - {}
RESULT: {"script":"<script> [8489 bytes]","args":[{"element-6066-11e4-a52e-4f735466cecf":"f.852D346EF878C3E5FC3136AC53424AFF.d.79FA3B7C1A5F95F833E41A9225CFDEA0.e.8010","ELEMENT":"f.852D346EF878C3E5FC3136AC53424AFF.d.79FA3B7C1A5F95F833E41A9225CFDEA0.e.8010"}]}
COMMAND: POST /session/0fb4450c6422fe69939d6824736e2f6f/execute/sync - {"script":"<script> [5351 bytes]","args":[{"element-6066-11e4-a52e-4f735466cecf":"f.852D346EF878C3E5FC3136AC53424AFF.d.79FA3B7C1A5F95F833E41A9225CFDEA0.e.8010","ELEMENT":"f.852D346EF878C3E5FC3136AC53424AFF.d.79FA3B7C1A5F95F833E41A9225CFDEA0.e.8010"}]}
COMMAND: GET /session/0fb4450c6422fe69939d6824736e2f6f/screenshot - {}
RESULT: {}
RESULT: {"script":"<script> [5351 bytes]","args":[{"element-6066-11e4-a52e-4f735466cecf":"f.852D346EF878C3E5FC3136AC53424AFF.d.79FA3B7C1A5F95F833E41A9225CFDEA0.e.8010","ELEMENT":"f.852D346EF878C3E5FC3136AC53424AFF.d.79FA3B7C1A5F95F833E41A9225CFDEA0.e.8010"}]}
COMMAND: POST /session/0fb4450c6422fe69939d6824736e2f6f/element/f.852D346EF878C3E5FC3136AC53424AFF.d.79FA3B7C1A5F95F833E41A9225CFDEA0.e.8010/click - {}
COMMAND: GET /session/0fb4450c6422fe69939d6824736e2f6f/screenshot - {}
RESULT: {}
RESULT: {}
COMMAND: GET /session/0fb4450c6422fe69939d6824736e2f6f/screenshot - {}
RESULT: {}
RESULT: {}
COMMAND: POST /session/0fb4450c6422fe69939d6824736e2f6f/execute/async - {"script":"<script> [1562 bytes]","args":[{"selector":{"id":"application-manageresources-display-component---newResourceUnit--TYPE-arrow"},"wdio_ui5_key":"applicationmanageresources-display-component---newResourceUnit--TYPE-arrow"}]}
RESULT: {"script":"<script> [1562 bytes]","args":[{"selector":{"id":"application-manageresources-display-component---newResourceUnit--TYPE-arrow"},"wdio_ui5_key":"applicationmanageresources-display-component---newResourceUnit--TYPE-arrow"}]}
RESULT: undefined
COMMAND: POST /session/0fb4450c6422fe69939d6824736e2f6f/element - {"using":"xpath","value":"//*[@id=\"application-manageresources-display-component---newResourceUnit--TYPE-arrow\"]"}
RESULT: {"using":"xpath","value":"//*[@id=\"application-manageresources-display-component---newResourceUnit--TYPE-arrow\"]"}
COMMAND: POST /session/0fb4450c6422fe69939d6824736e2f6f/element/f.852D346EF878C3E5FC3136AC53424AFF.d.79FA3B7C1A5F95F833E41A9225CFDEA0.e.8370/click - {}
RESULT: {}
COMMAND: POST /session/0fb4450c6422fe69939d6824736e2f6f/element - {"using":"xpath","value":"//input[@id=\"application-manageresources-display-component---newResourceUnit--TYPE-inner\"]"}
COMMAND: GET /session/0fb4450c6422fe69939d6824736e2f6f/screenshot - {}
RESULT: {"using":"xpath","value":"//input[@id=\"application-manageresources-display-component---newResourceUnit--TYPE-inner\"]"}
COMMAND: POST /session/0fb4450c6422fe69939d6824736e2f6f/element/f.852D346EF878C3E5FC3136AC53424AFF.d.79FA3B7C1A5F95F833E41A9225CFDEA0.e.8362/clear - {}
RESULT: {}
RESULT: {}
COMMAND: POST /session/0fb4450c6422fe69939d6824736e2f6f/element/f.852D346EF878C3E5FC3136AC53424AFF.d.79FA3B7C1A5F95F833E41A9225CFDEA0.e.8362/value - {"text":"Material"}
COMMAND: GET /session/0fb4450c6422fe69939d6824736e2f6f/screenshot - {}
RESULT: {"text":"Material"}
COMMAND: GET /session/0fb4450c6422fe69939d6824736e2f6f/screenshot - {}
RESULT: {}
RESULT: {}
COMMAND: POST /session/0fb4450c6422fe69939d6824736e2f6f/actions - {"actions":[{"id":"action29","type":"key","parameters":{},"actions":[{"type":"keyDown","value":"î€‡"},{"type":"pause","duration":10},{"type":"keyUp","value":"î€‡"}]}]}
RESULT: {"actions":[{"id":"action29","type":"key","parameters":{},"actions":[{"type":"keyDown","value":"î€‡"},{"type":"pause","duration":10},{"type":"keyUp","value":"î€‡"}]}]}
COMMAND: POST /session/0fb4450c6422fe69939d6824736e2f6f/execute/async - {"script":"<script> [1562 bytes]","args":[{"selector":{"id":"application-manageresources-display-component---newResourceUnit--SHORT_TEXT","interaction":{"idSuffix":"inner"}},"wdio_ui5_key":"applicationmanageresources-display-component---newResourceUnit--SHORT_TEXT"}]}
COMMAND: GET /session/0fb4450c6422fe69939d6824736e2f6f/screenshot - {}
RESULT: {"script":"<script> [1562 bytes]","args":[{"selector":{"id":"application-manageresources-display-component---newResourceUnit--SHORT_TEXT","interaction":{"idSuffix":"inner"}},"wdio_ui5_key":"applicationmanageresources-display-component---newResourceUnit--SHORT_TEXT"}]}
RESULT: undefined
COMMAND: POST /session/0fb4450c6422fe69939d6824736e2f6f/execute/async - {"script":"<script> [776 bytes]","args":[{"enterText":"Cement WDIO","selector":{"id":"application-manageresources-display-component---newResourceUnit--SHORT_TEXT","interaction":{"idSuffix":"inner"}},"clearTextFirst":true,"interactionType":"ENTER_TEXT"}]}
RESULT: {}
RESULT: {"script":"<script> [776 bytes]","args":[{"enterText":"Cement WDIO","selector":{"id":"application-manageresources-display-component---newResourceUnit--SHORT_TEXT","interaction":{"idSuffix":"inner"}},"clearTextFirst":true,"interactionType":"ENTER_TEXT"}]}
COMMAND: POST /session/0fb4450c6422fe69939d6824736e2f6f/execute/async - {"script":"<script> [1562 bytes]","args":[{"selector":{"id":"application-manageresources-display-component---newResourceUnit--BASE_UNIT_OF_MEASURE","interaction":{"idSuffix":"inner"}},"wdio_ui5_key":"applicationmanageresources-display-component---newResourceUnit--BASE_UNIT_OF_MEASURE"}]}
RESULT: {"script":"<script> [1562 bytes]","args":[{"selector":{"id":"application-manageresources-display-component---newResourceUnit--BASE_UNIT_OF_MEASURE","interaction":{"idSuffix":"inner"}},"wdio_ui5_key":"applicationmanageresources-display-component---newResourceUnit--BASE_UNIT_OF_MEASURE"}]}
RESULT: undefined
COMMAND: POST /session/0fb4450c6422fe69939d6824736e2f6f/execute/async - {"script":"<script> [776 bytes]","args":[{"enterText":"Piece","selector":{"id":"application-manageresources-display-component---newResourceUnit--BASE_UNIT_OF_MEASURE","interaction":{"idSuffix":"inner"}},"clearTextFirst":true,"interactionType":"ENTER_TEXT"}]}
RESULT: {"script":"<script> [776 bytes]","args":[{"enterText":"Piece","selector":{"id":"application-manageresources-display-component---newResourceUnit--BASE_UNIT_OF_MEASURE","interaction":{"idSuffix":"inner"}},"clearTextFirst":true,"interactionType":"ENTER_TEXT"}]}
COMMAND: POST /session/0fb4450c6422fe69939d6824736e2f6f/execute/async - {"script":"<script> [1562 bytes]","args":[{"selector":{"id":"application-manageresources-display-component---newResourceUnit--WEIGHT_UNIT","interaction":{"idSuffix":"inner"}},"wdio_ui5_key":"applicationmanageresources-display-component---newResourceUnit--WEIGHT_UNIT"}]}
RESULT: {"script":"<script> [1562 bytes]","args":[{"selector":{"id":"application-manageresources-display-component---newResourceUnit--WEIGHT_UNIT","interaction":{"idSuffix":"inner"}},"wdio_ui5_key":"applicationmanageresources-display-component---newResourceUnit--WEIGHT_UNIT"}]}
RESULT: undefined
COMMAND: POST /session/0fb4450c6422fe69939d6824736e2f6f/execute/async - {"script":"<script> [776 bytes]","args":[{"enterText":"Gram","selector":{"id":"application-manageresources-display-component---newResourceUnit--WEIGHT_UNIT","interaction":{"idSuffix":"inner"}},"clearTextFirst":true,"interactionType":"ENTER_TEXT"}]}
RESULT: {"script":"<script> [776 bytes]","args":[{"enterText":"Gram","selector":{"id":"application-manageresources-display-component---newResourceUnit--WEIGHT_UNIT","interaction":{"idSuffix":"inner"}},"clearTextFirst":true,"interactionType":"ENTER_TEXT"}]}
COMMAND: POST /session/0fb4450c6422fe69939d6824736e2f6f/execute/async - {"script":"<script> [1562 bytes]","args":[{"selector":{"id":"application-manageresources-display-component---newResourceUnit--DIMENSION_UNIT","interaction":{"idSuffix":"inner"}},"wdio_ui5_key":"applicationmanageresources-display-component---newResourceUnit--DIMENSION_UNIT"}]}
RESULT: {"script":"<script> [1562 bytes]","args":[{"selector":{"id":"application-manageresources-display-component---newResourceUnit--DIMENSION_UNIT","interaction":{"idSuffix":"inner"}},"wdio_ui5_key":"applicationmanageresources-display-component---newResourceUnit--DIMENSION_UNIT"}]}
RESULT: undefined
COMMAND: POST /session/0fb4450c6422fe69939d6824736e2f6f/execute/async - {"script":"<script> [776 bytes]","args":[{"enterText":"Meter","selector":{"id":"application-manageresources-display-component---newResourceUnit--DIMENSION_UNIT","interaction":{"idSuffix":"inner"}},"clearTextFirst":true,"interactionType":"ENTER_TEXT"}]}
RESULT: {"script":"<script> [776 bytes]","args":[{"enterText":"Meter","selector":{"id":"application-manageresources-display-component---newResourceUnit--DIMENSION_UNIT","interaction":{"idSuffix":"inner"}},"clearTextFirst":true,"interactionType":"ENTER_TEXT"}]}
COMMAND: POST /session/0fb4450c6422fe69939d6824736e2f6f/execute/async - {"script":"<script> [1562 bytes]","args":[{"selector":{"id":"application-manageresources-display-component---newResourceUnit--newRRUPage-anchBar-application-manageresources-display-component---newResourceUnit--control-anchor","interaction":{"idSuffix":"BDI-content"}},"wdio_ui5_key":"applicationmanageresources-display-component---newResourceUnit--newRRUPage-anchBar-application-manageresources-display-component---newResourceUnit--control-anchor"}]}
RESULT: {"script":"<script> [1562 bytes]","args":[{"selector":{"id":"application-manageresources-display-component---newResourceUnit--newRRUPage-anchBar-application-manageresources-display-component---newResourceUnit--control-anchor","interaction":{"idSuffix":"BDI-content"}},"wdio_ui5_key":"applicationmanageresources-display-component---newResourceUnit--newRRUPage-anchBar-application-manageresources-display-component---newResourceUnit--control-anchor"}]}
RESULT: undefined
COMMAND: POST /session/0fb4450c6422fe69939d6824736e2f6f/element - {"using":"xpath","value":"//*[@id=\"application-manageresources-display-component---newResourceUnit--newRRUPage-anchBar-application-manageresources-display-component---newResourceUnit--control-anchor\"]"}
RESULT: {"using":"xpath","value":"//*[@id=\"application-manageresources-display-component---newResourceUnit--newRRUPage-anchBar-application-manageresources-display-component---newResourceUnit--control-anchor\"]"}
COMMAND: POST /session/0fb4450c6422fe69939d6824736e2f6f/element/f.852D346EF878C3E5FC3136AC53424AFF.d.79FA3B7C1A5F95F833E41A9225CFDEA0.e.8437/click - {}
RESULT: {}
COMMAND: POST /session/0fb4450c6422fe69939d6824736e2f6f/execute/async - {"script":"<script> [1562 bytes]","args":[{"selector":{"id":"application-manageresources-display-component---newResourceUnit--PLANNING_GROUP","interaction":{"idSuffix":"inner"}},"wdio_ui5_key":"applicationmanageresources-display-component---newResourceUnit--PLANNING_GROUP"}]}
COMMAND: GET /session/0fb4450c6422fe69939d6824736e2f6f/screenshot - {}
RESULT: {"script":"<script> [1562 bytes]","args":[{"selector":{"id":"application-manageresources-display-component---newResourceUnit--PLANNING_GROUP","interaction":{"idSuffix":"inner"}},"wdio_ui5_key":"applicationmanageresources-display-component---newResourceUnit--PLANNING_GROUP"}]}
RESULT: undefined
COMMAND: POST /session/0fb4450c6422fe69939d6824736e2f6f/execute/async - {"script":"<script> [776 bytes]","args":[{"enterText":"Material","selector":{"id":"application-manageresources-display-component---newResourceUnit--PLANNING_GROUP","interaction":{"idSuffix":"inner"}},"clearTextFirst":true,"interactionType":"ENTER_TEXT"}]}
RESULT: {}
RESULT: {"script":"<script> [776 bytes]","args":[{"enterText":"Material","selector":{"id":"application-manageresources-display-component---newResourceUnit--PLANNING_GROUP","interaction":{"idSuffix":"inner"}},"clearTextFirst":true,"interactionType":"ENTER_TEXT"}]}
COMMAND: POST /session/0fb4450c6422fe69939d6824736e2f6f/execute/async - {"script":"<script> [1562 bytes]","args":[{"selector":{"id":"application-manageresources-display-component---newResourceUnit--PLANNING_INDICATOR","interaction":{"idSuffix":"inner"}},"wdio_ui5_key":"applicationmanageresources-display-component---newResourceUnit--PLANNING_INDICATOR"}]}
RESULT: {"script":"<script> [1562 bytes]","args":[{"selector":{"id":"application-manageresources-display-component---newResourceUnit--PLANNING_INDICATOR","interaction":{"idSuffix":"inner"}},"wdio_ui5_key":"applicationmanageresources-display-component---newResourceUnit--PLANNING_INDICATOR"}]}
RESULT: undefined
COMMAND: POST /session/0fb4450c6422fe69939d6824736e2f6f/execute/async - {"script":"<script> [776 bytes]","args":[{"enterText":"10 - infinite","selector":{"id":"application-manageresources-display-component---newResourceUnit--PLANNING_INDICATOR","interaction":{"idSuffix":"inner"}},"clearTextFirst":true,"interactionType":"ENTER_TEXT"}]}
RESULT: {"script":"<script> [776 bytes]","args":[{"enterText":"10 - infinite","selector":{"id":"application-manageresources-display-component---newResourceUnit--PLANNING_INDICATOR","interaction":{"idSuffix":"inner"}},"clearTextFirst":true,"interactionType":"ENTER_TEXT"}]}
COMMAND: POST /session/0fb4450c6422fe69939d6824736e2f6f/element - {"using":"css selector","value":"#application-manageresources-display-component---newResourceUnit--btnAddTimeSegment"}
RESULT: {"using":"css selector","value":"#application-manageresources-display-component---newResourceUnit--btnAddTimeSegment"}
COMMAND: GET /session/0fb4450c6422fe69939d6824736e2f6f/element/f.852D346EF878C3E5FC3136AC53424AFF.d.79FA3B7C1A5F95F833E41A9225CFDEA0.e.8446/rect - {}
RESULT: {}
COMMAND: GET /session/0fb4450c6422fe69939d6824736e2f6f/window/rect - {}
RESULT: {}
COMMAND: POST /session/0fb4450c6422fe69939d6824736e2f6f/execute/sync - {"script":"<script> [92 bytes]","args":[]}
RESULT: {"script":"<script> [92 bytes]","args":[]}
COMMAND: POST /session/0fb4450c6422fe69939d6824736e2f6f/actions - {"actions":[{"id":"action30","type":"wheel","parameters":{},"actions":[{"type":"scroll","x":-1888,"y":-32,"deltaX":0,"deltaY":0,"duration":0,"origin":{"element-6066-11e4-a52e-4f735466cecf":"f.852D346EF878C3E5FC3136AC53424AFF.d.79FA3B7C1A5F95F833E41A9225CFDEA0.e.8446"}}]}]}
COMMAND: GET /session/0fb4450c6422fe69939d6824736e2f6f/screenshot - {}
RESULT: {}
COMMAND: POST /session/0fb4450c6422fe69939d6824736e2f6f/execute/sync - {"script":"<script> [79 bytes]","args":[{"element-6066-11e4-a52e-4f735466cecf":"f.852D346EF878C3E5FC3136AC53424AFF.d.79FA3B7C1A5F95F833E41A9225CFDEA0.e.8446","ELEMENT":"f.852D346EF878C3E5FC3136AC53424AFF.d.79FA3B7C1A5F95F833E41A9225CFDEA0.e.8446"},{"block":"start","inline":"nearest"}]}
RESULT: {"script":"<script> [79 bytes]","args":[{"element-6066-11e4-a52e-4f735466cecf":"f.852D346EF878C3E5FC3136AC53424AFF.d.79FA3B7C1A5F95F833E41A9225CFDEA0.e.8446","ELEMENT":"f.852D346EF878C3E5FC3136AC53424AFF.d.79FA3B7C1A5F95F833E41A9225CFDEA0.e.8446"},{"block":"start","inline":"nearest"}]}
COMMAND: POST /session/0fb4450c6422fe69939d6824736e2f6f/execute/async - {"script":"<script> [1562 bytes]","args":[{"selector":{"id":"application-manageresources-display-component---newResourceUnit--btnAddTimeSegment","interaction":{"idSuffix":"inner"}},"wdio_ui5_key":"applicationmanageresources-display-component---newResourceUnit--btnAddTimeSegment"}]}
COMMAND: GET /session/0fb4450c6422fe69939d6824736e2f6f/screenshot - {}
RESULT: {"script":"<script> [1562 bytes]","args":[{"selector":{"id":"application-manageresources-display-component---newResourceUnit--btnAddTimeSegment","interaction":{"idSuffix":"inner"}},"wdio_ui5_key":"applicationmanageresources-display-component---newResourceUnit--btnAddTimeSegment"}]}
RESULT: undefined
COMMAND: POST /session/0fb4450c6422fe69939d6824736e2f6f/element - {"using":"xpath","value":"//*[@id=\"application-manageresources-display-component---newResourceUnit--btnAddTimeSegment\"]"}
RESULT: {}
RESULT: {"using":"xpath","value":"//*[@id=\"application-manageresources-display-component---newResourceUnit--btnAddTimeSegment\"]"}
COMMAND: POST /session/0fb4450c6422fe69939d6824736e2f6f/element/f.852D346EF878C3E5FC3136AC53424AFF.d.79FA3B7C1A5F95F833E41A9225CFDEA0.e.8446/click - {}
RESULT: {}
COMMAND: GET /session/0fb4450c6422fe69939d6824736e2f6f/screenshot - {}
RESULT: {}
COMMAND: POST /session/0fb4450c6422fe69939d6824736e2f6f/element - {"using":"xpath","value":"//input[@id=\"application-manageresources-display-component---newResourceUnit--idRuTSAdmin-application-manageresources-display-component---newResourceUnit--RUTimeSegment-0-inner\"]"}
RESULT: {"using":"xpath","value":"//input[@id=\"application-manageresources-display-component---newResourceUnit--idRuTSAdmin-application-manageresources-display-component---newResourceUnit--RUTimeSegment-0-inner\"]"}
COMMAND: POST /session/0fb4450c6422fe69939d6824736e2f6f/element/f.852D346EF878C3E5FC3136AC53424AFF.d.79FA3B7C1A5F95F833E41A9225CFDEA0.e.8451/clear - {}
RESULT: {}
COMMAND: POST /session/0fb4450c6422fe69939d6824736e2f6f/element/f.852D346EF878C3E5FC3136AC53424AFF.d.79FA3B7C1A5F95F833E41A9225CFDEA0.e.8451/value - {"text":"520"}
COMMAND: GET /session/0fb4450c6422fe69939d6824736e2f6f/screenshot - {}
RESULT: {"text":"520"}
COMMAND: GET /session/0fb4450c6422fe69939d6824736e2f6f/screenshot - {}
RESULT: {}
RESULT: {}
COMMAND: POST /session/0fb4450c6422fe69939d6824736e2f6f/element - {"using":"xpath","value":"//li[.//span[text()='520']]"}
RESULT: {"using":"xpath","value":"//li[.//span[text()='520']]"}
COMMAND: POST /session/0fb4450c6422fe69939d6824736e2f6f/element/f.852D346EF878C3E5FC3136AC53424AFF.d.79FA3B7C1A5F95F833E41A9225CFDEA0.e.8460/click - {}
RESULT: {}
COMMAND: GET /session/0fb4450c6422fe69939d6824736e2f6f/screenshot - {}
RESULT: {}
COMMAND: POST /session/0fb4450c6422fe69939d6824736e2f6f/element - {"using":"xpath","value":"(//span[contains(@id, \"-application-manageresources-display-component---newResourceUnit--RUTimeSegment-0-arrow\")])[2]"}
RESULT: {"using":"xpath","value":"(//span[contains(@id, \"-application-manageresources-display-component---newResourceUnit--RUTimeSegment-0-arrow\")])[2]"}
COMMAND: POST /session/0fb4450c6422fe69939d6824736e2f6f/element/f.852D346EF878C3E5FC3136AC53424AFF.d.79FA3B7C1A5F95F833E41A9225CFDEA0.e.8461/click - {}
RESULT: {}
COMMAND: POST /session/0fb4450c6422fe69939d6824736e2f6f/element - {"using":"xpath","value":"//span[contains(text(), \"PM Order\")]"}
COMMAND: GET /session/0fb4450c6422fe69939d6824736e2f6f/screenshot - {}
RESULT: {"using":"xpath","value":"//span[contains(text(), \"PM Order\")]"}
COMMAND: POST /session/0fb4450c6422fe69939d6824736e2f6f/element/f.852D346EF878C3E5FC3136AC53424AFF.d.79FA3B7C1A5F95F833E41A9225CFDEA0.e.8462/click - {}
RESULT: {}
RESULT: {}
COMMAND: GET /session/0fb4450c6422fe69939d6824736e2f6f/screenshot - {}
RESULT: {}
COMMAND: POST /session/0fb4450c6422fe69939d6824736e2f6f/element - {"using":"xpath","value":"//td/div/div/div/span[contains(@id, \"newResourceUnit--RUTimeSegment-0-vhi\")][1]"}
RESULT: {"using":"xpath","value":"//td/div/div/div/span[contains(@id, \"newResourceUnit--RUTimeSegment-0-vhi\")][1]"}
COMMAND: GET /session/0fb4450c6422fe69939d6824736e2f6f/element/f.852D346EF878C3E5FC3136AC53424AFF.d.79FA3B7C1A5F95F833E41A9225CFDEA0.e.8466/rect - {}
RESULT: {}
COMMAND: GET /session/0fb4450c6422fe69939d6824736e2f6f/window/rect - {}
RESULT: {}
COMMAND: POST /session/0fb4450c6422fe69939d6824736e2f6f/execute/sync - {"script":"<script> [92 bytes]","args":[]}
RESULT: {"script":"<script> [92 bytes]","args":[]}
COMMAND: POST /session/0fb4450c6422fe69939d6824736e2f6f/actions - {"actions":[{"id":"action31","type":"wheel","parameters":{},"actions":[{"type":"scroll","x":-1888,"y":-24,"deltaX":0,"deltaY":0,"duration":0,"origin":{"element-6066-11e4-a52e-4f735466cecf":"f.852D346EF878C3E5FC3136AC53424AFF.d.79FA3B7C1A5F95F833E41A9225CFDEA0.e.8466"}}]}]}
COMMAND: GET /session/0fb4450c6422fe69939d6824736e2f6f/screenshot - {}
RESULT: {}
COMMAND: POST /session/0fb4450c6422fe69939d6824736e2f6f/execute/sync - {"script":"<script> [79 bytes]","args":[{"element-6066-11e4-a52e-4f735466cecf":"f.852D346EF878C3E5FC3136AC53424AFF.d.79FA3B7C1A5F95F833E41A9225CFDEA0.e.8466","ELEMENT":"f.852D346EF878C3E5FC3136AC53424AFF.d.79FA3B7C1A5F95F833E41A9225CFDEA0.e.8466"},{"block":"start","inline":"nearest"}]}
RESULT: {"script":"<script> [79 bytes]","args":[{"element-6066-11e4-a52e-4f735466cecf":"f.852D346EF878C3E5FC3136AC53424AFF.d.79FA3B7C1A5F95F833E41A9225CFDEA0.e.8466","ELEMENT":"f.852D346EF878C3E5FC3136AC53424AFF.d.79FA3B7C1A5F95F833E41A9225CFDEA0.e.8466"},{"block":"start","inline":"nearest"}]}
COMMAND: GET /session/0fb4450c6422fe69939d6824736e2f6f/screenshot - {}
RESULT: {}
COMMAND: POST /session/0fb4450c6422fe69939d6824736e2f6f/element/f.852D346EF878C3E5FC3136AC53424AFF.d.79FA3B7C1A5F95F833E41A9225CFDEA0.e.8466/click - {}
RESULT: {}
COMMAND: GET /session/0fb4450c6422fe69939d6824736e2f6f/screenshot - {}
RESULT: {}
COMMAND: POST /session/0fb4450c6422fe69939d6824736e2f6f/execute/async - {"script":"<script> [1562 bytes]","args":[{"selector":{"controlType":"sap.m.SearchField","properties":{"placeholder":"Search"},"searchOpenDialogs":true,"interaction":{"idSuffix":"I"}},"wdio_ui5_key":"sapm.SearchField{\"placeholder\":\"Search\"}"}]}
RESULT: {"script":"<script> [1562 bytes]","args":[{"selector":{"controlType":"sap.m.SearchField","properties":{"placeholder":"Search"},"searchOpenDialogs":true,"interaction":{"idSuffix":"I"}},"wdio_ui5_key":"sapm.SearchField{\"placeholder\":\"Search\"}"}]}
RESULT: undefined
COMMAND: POST /session/0fb4450c6422fe69939d6824736e2f6f/execute/async - {"script":"<script> [776 bytes]","args":[{"enterText":"4000360","selector":{"controlType":"sap.m.SearchField","properties":{"placeholder":"Search"},"searchOpenDialogs":true,"interaction":{"idSuffix":"I"}},"clearTextFirst":true,"interactionType":"ENTER_TEXT"}]}
RESULT: {"script":"<script> [776 bytes]","args":[{"enterText":"4000360","selector":{"controlType":"sap.m.SearchField","properties":{"placeholder":"Search"},"searchOpenDialogs":true,"interaction":{"idSuffix":"I"}},"clearTextFirst":true,"interactionType":"ENTER_TEXT"}]}
COMMAND: POST /session/0fb4450c6422fe69939d6824736e2f6f/actions - {"actions":[{"id":"action32","type":"key","parameters":{},"actions":[{"type":"keyDown","value":"î€‡"},{"type":"pause","duration":10},{"type":"keyUp","value":"î€‡"}]}]}
RESULT: {"actions":[{"id":"action32","type":"key","parameters":{},"actions":[{"type":"keyDown","value":"î€‡"},{"type":"pause","duration":10},{"type":"keyUp","value":"î€‡"}]}]}
COMMAND: GET /session/0fb4450c6422fe69939d6824736e2f6f/screenshot - {}
RESULT: {}
COMMAND: POST /session/0fb4450c6422fe69939d6824736e2f6f/element - {"using":"xpath","value":"//td/div/span[contains(text(), \"BGL Vehicles\")]"}
RESULT: {"using":"xpath","value":"//td/div/span[contains(text(), \"BGL Vehicles\")]"}
COMMAND: POST /session/0fb4450c6422fe69939d6824736e2f6f/element/f.852D346EF878C3E5FC3136AC53424AFF.d.79FA3B7C1A5F95F833E41A9225CFDEA0.e.8486/click - {}
RESULT: {}
COMMAND: GET /session/0fb4450c6422fe69939d6824736e2f6f/screenshot - {}
RESULT: {}
COMMAND: POST /session/0fb4450c6422fe69939d6824736e2f6f/element - {"using":"xpath","value":"//bdi[contains(text(), \"OK\")]"}
RESULT: {"using":"xpath","value":"//bdi[contains(text(), \"OK\")]"}
COMMAND: POST /session/0fb4450c6422fe69939d6824736e2f6f/element/f.852D346EF878C3E5FC3136AC53424AFF.d.79FA3B7C1A5F95F833E41A9225CFDEA0.e.8487/click - {}
RESULT: {}
COMMAND: GET /session/0fb4450c6422fe69939d6824736e2f6f/screenshot - {}
RESULT: {}
COMMAND: POST /session/0fb4450c6422fe69939d6824736e2f6f/element - {"using":"xpath","value":"//label[contains(@class, 'sapMLabelRequired') and .//bdi[contains(text(), 'Planned Retirement')]]"}
RESULT: {"using":"xpath","value":"//label[contains(@class, 'sapMLabelRequired') and .//bdi[contains(text(), 'Planned Retirement')]]"}
COMMAND: POST /session/0fb4450c6422fe69939d6824736e2f6f/elements - {"using":"xpath","value":"//label[contains(@class, 'sapMLabelRequired') and .//bdi[contains(text(), 'Planned Retirement')]]"}
RESULT: {"using":"xpath","value":"//label[contains(@class, 'sapMLabelRequired') and .//bdi[contains(text(), 'Planned Retirement')]]"}
COMMAND: POST /session/0fb4450c6422fe69939d6824736e2f6f/element - {"using":"xpath","value":"//button[@data-kt=\"resourceUnitSaveButton\"]"}
RESULT: {"using":"xpath","value":"//button[@data-kt=\"resourceUnitSaveButton\"]"}
COMMAND: POST /session/0fb4450c6422fe69939d6824736e2f6f/element/f.852D346EF878C3E5FC3136AC53424AFF.d.79FA3B7C1A5F95F833E41A9225CFDEA0.e.8389/click - {}
RESULT: {}
COMMAND: GET /session/0fb4450c6422fe69939d6824736e2f6f/screenshot - {}
RESULT: {}
COMMAND: POST /session/0fb4450c6422fe69939d6824736e2f6f/element - {"using":"xpath","value":"//bdi[contains(text(), \"Close\")]"}
RESULT: {"using":"xpath","value":"//bdi[contains(text(), \"Close\")]"}
COMMAND: POST /session/0fb4450c6422fe69939d6824736e2f6f/element/f.852D346EF878C3E5FC3136AC53424AFF.d.79FA3B7C1A5F95F833E41A9225CFDEA0.e.8493/click - {}
RESULT: {}
COMMAND: GET /session/0fb4450c6422fe69939d6824736e2f6f/screenshot - {}
RESULT: {}
COMMAND: POST /session/0fb4450c6422fe69939d6824736e2f6f/element - {"using":"xpath","value":"//header[contains(@id, 'detailRruPage-headerTitle')]/div[1]/div[2]/div[2]/span[1]"}
RESULT: {"using":"xpath","value":"//header[contains(@id, 'detailRruPage-headerTitle')]/div[1]/div[2]/div[2]/span[1]"}
COMMAND: POST /session/0fb4450c6422fe69939d6824736e2f6f/elements - {"using":"xpath","value":"//header[contains(@id, 'detailRruPage-headerTitle')]/div[1]/div[2]/div[2]/span[1]"}
RESULT: {"using":"xpath","value":"//header[contains(@id, 'detailRruPage-headerTitle')]/div[1]/div[2]/div[2]/span[1]"}
COMMAND: POST /session/0fb4450c6422fe69939d6824736e2f6f/execute/sync - {"script":"<script> [56 bytes]","args":[{"element-6066-11e4-a52e-4f735466cecf":"f.852D346EF878C3E5FC3136AC53424AFF.d.79FA3B7C1A5F95F833E41A9225CFDEA0.e.8526","ELEMENT":"f.852D346EF878C3E5FC3136AC53424AFF.d.79FA3B7C1A5F95F833E41A9225CFDEA0.e.8526"}]}
RESULT: {"script":"<script> [56 bytes]","args":[{"element-6066-11e4-a52e-4f735466cecf":"f.852D346EF878C3E5FC3136AC53424AFF.d.79FA3B7C1A5F95F833E41A9225CFDEA0.e.8526","ELEMENT":"f.852D346EF878C3E5FC3136AC53424AFF.d.79FA3B7C1A5F95F833E41A9225CFDEA0.e.8526"}]}
COMMAND: POST /session/0fb4450c6422fe69939d6824736e2f6f/element - {"using":"css selector","value":"#shell-header-logo"}
COMMAND: GET /session/0fb4450c6422fe69939d6824736e2f6f/screenshot - {}
RESULT: {"using":"css selector","value":"#shell-header-logo"}
COMMAND: POST /session/0fb4450c6422fe69939d6824736e2f6f/element/f.852D346EF878C3E5FC3136AC53424AFF.d.79FA3B7C1A5F95F833E41A9225CFDEA0.e.7857/click - {}
RESULT: {}
RESULT: {}
COMMAND: GET /session/0fb4450c6422fe69939d6824736e2f6f/screenshot - {}
RESULT: {}
]]></system-out>
    </testcase>
    <testcase classname="chrome.136_0_7103_93.windows.Provide_to_Site_w/_warehouse_management_w/o_clarification_US113782_" name="Bin Status Report Should Create New Organization yard" time="0.004" />
    <testcase classname="chrome.136_0_7103_93.windows.Provide_to_Site_w/_warehouse_management_w/o_clarification_US113782_" name="Bin Status Report Should Create New Organization for Site" time="0.004" />
  </testsuite>
  <testsuite timestamp="2025-05-18T16:41:06" time="387.288" tests="5" failures="0" errors="0" skipped="0">
    <properties>
      <property name="specId" value="0" />
      <property name="suiteName" value="Provide to Site w/ warehouse management wo clarification" />
      <property name="capabilities" value="chrome.136_0_7103_93.windows" />
      <property name="file" value="file:///D:/a/1/s/test/specs/HTR/provide-to-site-w-warehouse-wo-clarification.spec.js" />
    </properties>
    <testcase classname="chrome.136_0_7103_93.windows.Provide_to_Site_w/_warehouse_management_wo_clarification" name="Should do a stock increase handover" time="83.237">
      <system-out><![CDATA[
COMMAND: POST /session/0fb4450c6422fe69939d6824736e2f6f/execute/async - {"script":"<script> [1562 bytes]","args":[{"selector":{"controlType":"sap.m.GenericTile","properties":{"header":"Manage Handovers"}},"wdio_ui5_key":"sapm.GenericTile{\"header\":\"Manage Handovers\"}"}]}
RESULT: {"script":"<script> [1562 bytes]","args":[{"selector":{"controlType":"sap.m.GenericTile","properties":{"header":"Manage Handovers"}},"wdio_ui5_key":"sapm.GenericTile{\"header\":\"Manage Handovers\"}"}]}
RESULT: undefined
COMMAND: POST /session/0fb4450c6422fe69939d6824736e2f6f/element - {"using":"xpath","value":"//*[@id=\"__tile132\"]"}
RESULT: {"using":"xpath","value":"//*[@id=\"__tile132\"]"}
COMMAND: POST /session/0fb4450c6422fe69939d6824736e2f6f/element/f.852D346EF878C3E5FC3136AC53424AFF.d.79FA3B7C1A5F95F833E41A9225CFDEA0.e.7907/click - {}
RESULT: {}
COMMAND: GET /session/0fb4450c6422fe69939d6824736e2f6f/screenshot - {}
RESULT: {}
COMMAND: POST /session/0fb4450c6422fe69939d6824736e2f6f/elements - {"using":"xpath","value":"//span[text()='Error']"}
RESULT: {"using":"xpath","value":"//span[text()='Error']"}
COMMAND: POST /session/0fb4450c6422fe69939d6824736e2f6f/element - {"using":"xpath","value":"//button[@data-kt=\"masterHOAddButton\"]"}
RESULT: {"using":"xpath","value":"//button[@data-kt=\"masterHOAddButton\"]"}
COMMAND: POST /session/0fb4450c6422fe69939d6824736e2f6f/elements - {"using":"xpath","value":"//button[@data-kt=\"masterHOAddButton\"]"}
RESULT: {"using":"xpath","value":"//button[@data-kt=\"masterHOAddButton\"]"}
COMMAND: POST /session/0fb4450c6422fe69939d6824736e2f6f/execute/sync - {"script":"<script> [8489 bytes]","args":[{"element-6066-11e4-a52e-4f735466cecf":"f.852D346EF878C3E5FC3136AC53424AFF.d.79FA3B7C1A5F95F833E41A9225CFDEA0.e.8568","ELEMENT":"f.852D346EF878C3E5FC3136AC53424AFF.d.79FA3B7C1A5F95F833E41A9225CFDEA0.e.8568"}]}
RESULT: {"script":"<script> [8489 bytes]","args":[{"element-6066-11e4-a52e-4f735466cecf":"f.852D346EF878C3E5FC3136AC53424AFF.d.79FA3B7C1A5F95F833E41A9225CFDEA0.e.8568","ELEMENT":"f.852D346EF878C3E5FC3136AC53424AFF.d.79FA3B7C1A5F95F833E41A9225CFDEA0.e.8568"}]}
COMMAND: GET /session/0fb4450c6422fe69939d6824736e2f6f/element/f.852D346EF878C3E5FC3136AC53424AFF.d.79FA3B7C1A5F95F833E41A9225CFDEA0.e.8568/enabled - {}
COMMAND: GET /session/0fb4450c6422fe69939d6824736e2f6f/screenshot - {}
RESULT: {}
COMMAND: POST /session/0fb4450c6422fe69939d6824736e2f6f/execute/sync - {"script":"<script> [8489 bytes]","args":[{"element-6066-11e4-a52e-4f735466cecf":"f.852D346EF878C3E5FC3136AC53424AFF.d.79FA3B7C1A5F95F833E41A9225CFDEA0.e.8568","ELEMENT":"f.852D346EF878C3E5FC3136AC53424AFF.d.79FA3B7C1A5F95F833E41A9225CFDEA0.e.8568"}]}
COMMAND: GET /session/0fb4450c6422fe69939d6824736e2f6f/screenshot - {}
RESULT: {}
RESULT: {"script":"<script> [8489 bytes]","args":[{"element-6066-11e4-a52e-4f735466cecf":"f.852D346EF878C3E5FC3136AC53424AFF.d.79FA3B7C1A5F95F833E41A9225CFDEA0.e.8568","ELEMENT":"f.852D346EF878C3E5FC3136AC53424AFF.d.79FA3B7C1A5F95F833E41A9225CFDEA0.e.8568"}]}
COMMAND: POST /session/0fb4450c6422fe69939d6824736e2f6f/execute/sync - {"script":"<script> [5351 bytes]","args":[{"element-6066-11e4-a52e-4f735466cecf":"f.852D346EF878C3E5FC3136AC53424AFF.d.79FA3B7C1A5F95F833E41A9225CFDEA0.e.8568","ELEMENT":"f.852D346EF878C3E5FC3136AC53424AFF.d.79FA3B7C1A5F95F833E41A9225CFDEA0.e.8568"}]}
COMMAND: GET /session/0fb4450c6422fe69939d6824736e2f6f/screenshot - {}
RESULT: {}
RESULT: {"script":"<script> [5351 bytes]","args":[{"element-6066-11e4-a52e-4f735466cecf":"f.852D346EF878C3E5FC3136AC53424AFF.d.79FA3B7C1A5F95F833E41A9225CFDEA0.e.8568","ELEMENT":"f.852D346EF878C3E5FC3136AC53424AFF.d.79FA3B7C1A5F95F833E41A9225CFDEA0.e.8568"}]}
COMMAND: POST /session/0fb4450c6422fe69939d6824736e2f6f/element/f.852D346EF878C3E5FC3136AC53424AFF.d.79FA3B7C1A5F95F833E41A9225CFDEA0.e.8568/click - {}
COMMAND: GET /session/0fb4450c6422fe69939d6824736e2f6f/screenshot - {}
RESULT: {}
RESULT: {}
COMMAND: GET /session/0fb4450c6422fe69939d6824736e2f6f/screenshot - {}
RESULT: {}
RESULT: {}
COMMAND: POST /session/0fb4450c6422fe69939d6824736e2f6f/element - {"using":"xpath","value":"//span[contains(@id ,\"AddNewHO--typeSelect-arrow\")]"}
RESULT: {"using":"xpath","value":"//span[contains(@id ,\"AddNewHO--typeSelect-arrow\")]"}
COMMAND: POST /session/0fb4450c6422fe69939d6824736e2f6f/element/f.852D346EF878C3E5FC3136AC53424AFF.d.79FA3B7C1A5F95F833E41A9225CFDEA0.e.8929/click - {}
RESULT: {}
COMMAND: GET /session/0fb4450c6422fe69939d6824736e2f6f/screenshot - {}
RESULT: {}
COMMAND: POST /session/0fb4450c6422fe69939d6824736e2f6f/element - {"using":"xpath","value":"(//li[contains(text(), \"stock increase yard\")])[1]"}
RESULT: {"using":"xpath","value":"(//li[contains(text(), \"stock increase yard\")])[1]"}
COMMAND: POST /session/0fb4450c6422fe69939d6824736e2f6f/element/f.852D346EF878C3E5FC3136AC53424AFF.d.79FA3B7C1A5F95F833E41A9225CFDEA0.e.8930/click - {}
RESULT: {}
COMMAND: GET /session/0fb4450c6422fe69939d6824736e2f6f/screenshot - {}
RESULT: {}
COMMAND: POST /session/0fb4450c6422fe69939d6824736e2f6f/execute/async - {"script":"<script> [1562 bytes]","args":[{"selector":{"id":"application-managehandovers-display-component---AddNewHO--dueDate","interaction":{"idSuffix":"inner"}},"wdio_ui5_key":"applicationmanagehandovers-display-component---AddNewHO--dueDate"}]}
RESULT: {"script":"<script> [1562 bytes]","args":[{"selector":{"id":"application-managehandovers-display-component---AddNewHO--dueDate","interaction":{"idSuffix":"inner"}},"wdio_ui5_key":"applicationmanagehandovers-display-component---AddNewHO--dueDate"}]}
RESULT: undefined
COMMAND: POST /session/0fb4450c6422fe69939d6824736e2f6f/execute/async - {"script":"<script> [6424 bytes]","args":[{"element-6066-11e4-a52e-4f735466cecf":"f.852D346EF878C3E5FC3136AC53424AFF.d.79FA3B7C1A5F95F833E41A9225CFDEA0.e.8932"},"setValue",["5/18/25"]]}
RESULT: {"script":"<script> [6424 bytes]","args":[{"element-6066-11e4-a52e-4f735466cecf":"f.852D346EF878C3E5FC3136AC53424AFF.d.79FA3B7C1A5F95F833E41A9225CFDEA0.e.8932"},"setValue",["5/18/25"]]}
COMMAND: POST /session/0fb4450c6422fe69939d6824736e2f6f/element - {"using":"xpath","value":"//input[@id=\"generalSectionFrg--receiveYard-inner\"]"}
RESULT: {"using":"xpath","value":"//input[@id=\"generalSectionFrg--receiveYard-inner\"]"}
COMMAND: POST /session/0fb4450c6422fe69939d6824736e2f6f/element/f.852D346EF878C3E5FC3136AC53424AFF.d.79FA3B7C1A5F95F833E41A9225CFDEA0.e.8936/clear - {}
RESULT: {}
COMMAND: POST /session/0fb4450c6422fe69939d6824736e2f6f/element/f.852D346EF878C3E5FC3136AC53424AFF.d.79FA3B7C1A5F95F833E41A9225CFDEA0.e.8936/value - {"text":"520"}
COMMAND: GET /session/0fb4450c6422fe69939d6824736e2f6f/screenshot - {}
RESULT: {"text":"520"}
COMMAND: GET /session/0fb4450c6422fe69939d6824736e2f6f/screenshot - {}
RESULT: {}
RESULT: {}
COMMAND: POST /session/0fb4450c6422fe69939d6824736e2f6f/element - {"using":"xpath","value":"//li[.//span[text()='520']]"}
RESULT: {"using":"xpath","value":"//li[.//span[text()='520']]"}
COMMAND: POST /session/0fb4450c6422fe69939d6824736e2f6f/element/f.852D346EF878C3E5FC3136AC53424AFF.d.79FA3B7C1A5F95F833E41A9225CFDEA0.e.8954/click - {}
RESULT: {}
COMMAND: GET /session/0fb4450c6422fe69939d6824736e2f6f/screenshot - {}
RESULT: {}
COMMAND: POST /session/0fb4450c6422fe69939d6824736e2f6f/execute/async - {"script":"<script> [1562 bytes]","args":[{"selector":{"id":"application-managehandovers-display-component---AddNewHO--ObjectPageLayout-anchBar-application-managehandovers-display-component---AddNewHO--section4-anchor","interaction":{"idSuffix":"BDI-content"}},"wdio_ui5_key":"applicationmanagehandovers-display-component---AddNewHO--ObjectPageLayout-anchBar-application-managehandovers-display-component---AddNewHO--section4-anchor"}]}
RESULT: {"script":"<script> [1562 bytes]","args":[{"selector":{"id":"application-managehandovers-display-component---AddNewHO--ObjectPageLayout-anchBar-application-managehandovers-display-component---AddNewHO--section4-anchor","interaction":{"idSuffix":"BDI-content"}},"wdio_ui5_key":"applicationmanagehandovers-display-component---AddNewHO--ObjectPageLayout-anchBar-application-managehandovers-display-component---AddNewHO--section4-anchor"}]}
RESULT: undefined
COMMAND: POST /session/0fb4450c6422fe69939d6824736e2f6f/element - {"using":"xpath","value":"//*[@id=\"application-managehandovers-display-component---AddNewHO--ObjectPageLayout-anchBar-application-managehandovers-display-component---AddNewHO--section4-anchor\"]"}
RESULT: {"using":"xpath","value":"//*[@id=\"application-managehandovers-display-component---AddNewHO--ObjectPageLayout-anchBar-application-managehandovers-display-component---AddNewHO--section4-anchor\"]"}
COMMAND: POST /session/0fb4450c6422fe69939d6824736e2f6f/element/f.852D346EF878C3E5FC3136AC53424AFF.d.79FA3B7C1A5F95F833E41A9225CFDEA0.e.8956/click - {}
RESULT: {}
COMMAND: POST /session/0fb4450c6422fe69939d6824736e2f6f/element - {"using":"xpath","value":"//button[@aria-label=\"Add\"]"}
COMMAND: GET /session/0fb4450c6422fe69939d6824736e2f6f/screenshot - {}
RESULT: {"using":"xpath","value":"//button[@aria-label=\"Add\"]"}
COMMAND: POST /session/0fb4450c6422fe69939d6824736e2f6f/element/f.852D346EF878C3E5FC3136AC53424AFF.d.79FA3B7C1A5F95F833E41A9225CFDEA0.e.8958/click - {}
RESULT: {}
RESULT: {}
COMMAND: GET /session/0fb4450c6422fe69939d6824736e2f6f/screenshot - {}
RESULT: {}
COMMAND: POST /session/0fb4450c6422fe69939d6824736e2f6f/execute/async - {"script":"<script> [1562 bytes]","args":[{"selector":{"id":"application-managehandovers-display-component---AddNewHO--smartFilterBar-btnBasicSearch","searchOpenDialogs":true,"interaction":{"idSuffix":"I"}},"wdio_ui5_key":"applicationmanagehandovers-display-component---AddNewHO--smartFilterBar-btnBasicSearch"}]}
RESULT: {"script":"<script> [1562 bytes]","args":[{"selector":{"id":"application-managehandovers-display-component---AddNewHO--smartFilterBar-btnBasicSearch","searchOpenDialogs":true,"interaction":{"idSuffix":"I"}},"wdio_ui5_key":"applicationmanagehandovers-display-component---AddNewHO--smartFilterBar-btnBasicSearch"}]}
RESULT: undefined
COMMAND: POST /session/0fb4450c6422fe69939d6824736e2f6f/execute/async - {"script":"<script> [776 bytes]","args":[{"enterText":"200270","selector":{"id":"application-managehandovers-display-component---AddNewHO--smartFilterBar-btnBasicSearch","searchOpenDialogs":true,"interaction":{"idSuffix":"I"}},"clearTextFirst":true,"interactionType":"ENTER_TEXT"}]}
RESULT: {"script":"<script> [776 bytes]","args":[{"enterText":"200270","selector":{"id":"application-managehandovers-display-component---AddNewHO--smartFilterBar-btnBasicSearch","searchOpenDialogs":true,"interaction":{"idSuffix":"I"}},"clearTextFirst":true,"interactionType":"ENTER_TEXT"}]}
COMMAND: POST /session/0fb4450c6422fe69939d6824736e2f6f/actions - {"actions":[{"id":"action33","type":"key","parameters":{},"actions":[{"type":"keyDown","value":"î€‡"},{"type":"pause","duration":10},{"type":"keyUp","value":"î€‡"}]}]}
RESULT: {"actions":[{"id":"action33","type":"key","parameters":{},"actions":[{"type":"keyDown","value":"î€‡"},{"type":"pause","duration":10},{"type":"keyUp","value":"î€‡"}]}]}
COMMAND: GET /session/0fb4450c6422fe69939d6824736e2f6f/screenshot - {}
RESULT: {}
COMMAND: POST /session/0fb4450c6422fe69939d6824736e2f6f/execute/async - {"script":"<script> [1562 bytes]","args":[{"selector":{"id":"application-managehandovers-display-component---AddNewHO--popup-sa","searchOpenDialogs":true,"interaction":{"idSuffix":"CbBg"}},"wdio_ui5_key":"applicationmanagehandovers-display-component---AddNewHO--popup-sa"}]}
RESULT: {"script":"<script> [1562 bytes]","args":[{"selector":{"id":"application-managehandovers-display-component---AddNewHO--popup-sa","searchOpenDialogs":true,"interaction":{"idSuffix":"CbBg"}},"wdio_ui5_key":"applicationmanagehandovers-display-component---AddNewHO--popup-sa"}]}
RESULT: undefined
COMMAND: POST /session/0fb4450c6422fe69939d6824736e2f6f/element - {"using":"xpath","value":"//*[@id=\"application-managehandovers-display-component---AddNewHO--popup-sa\"]"}
RESULT: {"using":"xpath","value":"//*[@id=\"application-managehandovers-display-component---AddNewHO--popup-sa\"]"}
COMMAND: POST /session/0fb4450c6422fe69939d6824736e2f6f/element/f.852D346EF878C3E5FC3136AC53424AFF.d.79FA3B7C1A5F95F833E41A9225CFDEA0.e.9111/click - {}
RESULT: {}
COMMAND: GET /session/0fb4450c6422fe69939d6824736e2f6f/screenshot - {}
RESULT: {}
COMMAND: POST /session/0fb4450c6422fe69939d6824736e2f6f/element - {"using":"xpath","value":"//bdi[contains(text(), \"Select\")]"}
RESULT: {"using":"xpath","value":"//bdi[contains(text(), \"Select\")]"}
COMMAND: POST /session/0fb4450c6422fe69939d6824736e2f6f/element/f.852D346EF878C3E5FC3136AC53424AFF.d.79FA3B7C1A5F95F833E41A9225CFDEA0.e.9112/click - {}
RESULT: {}
COMMAND: GET /session/0fb4450c6422fe69939d6824736e2f6f/screenshot - {}
RESULT: {}
COMMAND: POST /session/0fb4450c6422fe69939d6824736e2f6f/element - {"using":"xpath","value":"//button[@data-kt=\"AddNewHOSaveButton\"]"}
RESULT: {"using":"xpath","value":"//button[@data-kt=\"AddNewHOSaveButton\"]"}
COMMAND: POST /session/0fb4450c6422fe69939d6824736e2f6f/element/f.852D346EF878C3E5FC3136AC53424AFF.d.79FA3B7C1A5F95F833E41A9225CFDEA0.e.9116/click - {}
RESULT: {}
COMMAND: GET /session/0fb4450c6422fe69939d6824736e2f6f/screenshot - {}
RESULT: {}
COMMAND: POST /session/0fb4450c6422fe69939d6824736e2f6f/execute/async - {"script":"<script> [1562 bytes]","args":[{"selector":{"id":"receiptDatePicker","viewName":"etm.portal.ui.managehandovers.view.DetailExecuteHO","interaction":{"idSuffix":"inner"}},"wdio_ui5_key":"receiptDatePickeretmportal.ui.managehandovers.view.DetailExecuteHO"}]}
RESULT: {"script":"<script> [1562 bytes]","args":[{"selector":{"id":"receiptDatePicker","viewName":"etm.portal.ui.managehandovers.view.DetailExecuteHO","interaction":{"idSuffix":"inner"}},"wdio_ui5_key":"receiptDatePickeretmportal.ui.managehandovers.view.DetailExecuteHO"}]}
RESULT: undefined
COMMAND: POST /session/0fb4450c6422fe69939d6824736e2f6f/execute/async - {"script":"<script> [6424 bytes]","args":[{"element-6066-11e4-a52e-4f735466cecf":"f.852D346EF878C3E5FC3136AC53424AFF.d.79FA3B7C1A5F95F833E41A9225CFDEA0.e.9133"},"setValue",["5/18/25"]]}
RESULT: {"script":"<script> [6424 bytes]","args":[{"element-6066-11e4-a52e-4f735466cecf":"f.852D346EF878C3E5FC3136AC53424AFF.d.79FA3B7C1A5F95F833E41A9225CFDEA0.e.9133"},"setValue",["5/18/25"]]}
COMMAND: POST /session/0fb4450c6422fe69939d6824736e2f6f/element - {"using":"xpath","value":"//button[@data-kt=\"PickingTableConfirmAllButton\"]"}
RESULT: {"using":"xpath","value":"//button[@data-kt=\"PickingTableConfirmAllButton\"]"}
COMMAND: POST /session/0fb4450c6422fe69939d6824736e2f6f/element/f.852D346EF878C3E5FC3136AC53424AFF.d.79FA3B7C1A5F95F833E41A9225CFDEA0.e.9153/click - {}
RESULT: {}
COMMAND: GET /session/0fb4450c6422fe69939d6824736e2f6f/screenshot - {}
RESULT: {}
COMMAND: POST /session/0fb4450c6422fe69939d6824736e2f6f/element - {"using":"xpath","value":"//bdi[contains(text(), \"OK\")]"}
RESULT: {"using":"xpath","value":"//bdi[contains(text(), \"OK\")]"}
COMMAND: POST /session/0fb4450c6422fe69939d6824736e2f6f/element/f.852D346EF878C3E5FC3136AC53424AFF.d.79FA3B7C1A5F95F833E41A9225CFDEA0.e.9155/click - {}
RESULT: {}
COMMAND: GET /session/0fb4450c6422fe69939d6824736e2f6f/screenshot - {}
RESULT: {}
COMMAND: POST /session/0fb4450c6422fe69939d6824736e2f6f/element - {"using":"xpath","value":"(//bdi[contains(text(), \"Receive\")])[2]"}
RESULT: {"using":"xpath","value":"(//bdi[contains(text(), \"Receive\")])[2]"}
COMMAND: POST /session/0fb4450c6422fe69939d6824736e2f6f/element/f.852D346EF878C3E5FC3136AC53424AFF.d.79FA3B7C1A5F95F833E41A9225CFDEA0.e.9157/click - {}
RESULT: {}
COMMAND: GET /session/0fb4450c6422fe69939d6824736e2f6f/screenshot - {}
RESULT: {}
COMMAND: POST /session/0fb4450c6422fe69939d6824736e2f6f/element - {"using":"css selector","value":"#shell-header-logo"}
RESULT: {"using":"css selector","value":"#shell-header-logo"}
COMMAND: POST /session/0fb4450c6422fe69939d6824736e2f6f/element/f.852D346EF878C3E5FC3136AC53424AFF.d.79FA3B7C1A5F95F833E41A9225CFDEA0.e.8531/click - {}
RESULT: {}
COMMAND: GET /session/0fb4450c6422fe69939d6824736e2f6f/screenshot - {}
RESULT: {}
]]></system-out>
    </testcase>
    <testcase classname="chrome.136_0_7103_93.windows.Provide_to_Site_w/_warehouse_management_wo_clarification" name="Should create a new contract" time="62.458">
      <system-out><![CDATA[
COMMAND: POST /session/0fb4450c6422fe69939d6824736e2f6f/execute/async - {"script":"<script> [1562 bytes]","args":[{"selector":{"controlType":"sap.m.GenericTile","properties":{"header":"Manage Contracts"}},"wdio_ui5_key":"sapm.GenericTile{\"header\":\"Manage Contracts\"}"}]}
RESULT: {"script":"<script> [1562 bytes]","args":[{"selector":{"controlType":"sap.m.GenericTile","properties":{"header":"Manage Contracts"}},"wdio_ui5_key":"sapm.GenericTile{\"header\":\"Manage Contracts\"}"}]}
RESULT: undefined
COMMAND: POST /session/0fb4450c6422fe69939d6824736e2f6f/element - {"using":"xpath","value":"//*[@id=\"__tile130\"]"}
RESULT: {"using":"xpath","value":"//*[@id=\"__tile130\"]"}
COMMAND: POST /session/0fb4450c6422fe69939d6824736e2f6f/element/f.852D346EF878C3E5FC3136AC53424AFF.d.79FA3B7C1A5F95F833E41A9225CFDEA0.e.7896/click - {}
RESULT: {}
COMMAND: GET /session/0fb4450c6422fe69939d6824736e2f6f/screenshot - {}
RESULT: {}
COMMAND: POST /session/0fb4450c6422fe69939d6824736e2f6f/elements - {"using":"xpath","value":"//span[text()='Error']"}
RESULT: {"using":"xpath","value":"//span[text()='Error']"}
COMMAND: POST /session/0fb4450c6422fe69939d6824736e2f6f/element - {"using":"xpath","value":"//button[@data-kt=\"addButton\"]"}
RESULT: {"using":"xpath","value":"//button[@data-kt=\"addButton\"]"}
COMMAND: POST /session/0fb4450c6422fe69939d6824736e2f6f/elements - {"using":"xpath","value":"//button[@data-kt=\"addButton\"]"}
RESULT: {"using":"xpath","value":"//button[@data-kt=\"addButton\"]"}
COMMAND: POST /session/0fb4450c6422fe69939d6824736e2f6f/execute/sync - {"script":"<script> [8489 bytes]","args":[{"element-6066-11e4-a52e-4f735466cecf":"f.852D346EF878C3E5FC3136AC53424AFF.d.79FA3B7C1A5F95F833E41A9225CFDEA0.e.9489","ELEMENT":"f.852D346EF878C3E5FC3136AC53424AFF.d.79FA3B7C1A5F95F833E41A9225CFDEA0.e.9489"}]}
RESULT: {"script":"<script> [8489 bytes]","args":[{"element-6066-11e4-a52e-4f735466cecf":"f.852D346EF878C3E5FC3136AC53424AFF.d.79FA3B7C1A5F95F833E41A9225CFDEA0.e.9489","ELEMENT":"f.852D346EF878C3E5FC3136AC53424AFF.d.79FA3B7C1A5F95F833E41A9225CFDEA0.e.9489"}]}
COMMAND: GET /session/0fb4450c6422fe69939d6824736e2f6f/element/f.852D346EF878C3E5FC3136AC53424AFF.d.79FA3B7C1A5F95F833E41A9225CFDEA0.e.9489/enabled - {}
COMMAND: GET /session/0fb4450c6422fe69939d6824736e2f6f/screenshot - {}
RESULT: {}
COMMAND: POST /session/0fb4450c6422fe69939d6824736e2f6f/execute/sync - {"script":"<script> [8489 bytes]","args":[{"element-6066-11e4-a52e-4f735466cecf":"f.852D346EF878C3E5FC3136AC53424AFF.d.79FA3B7C1A5F95F833E41A9225CFDEA0.e.9489","ELEMENT":"f.852D346EF878C3E5FC3136AC53424AFF.d.79FA3B7C1A5F95F833E41A9225CFDEA0.e.9489"}]}
COMMAND: GET /session/0fb4450c6422fe69939d6824736e2f6f/screenshot - {}
RESULT: {}
RESULT: {"script":"<script> [8489 bytes]","args":[{"element-6066-11e4-a52e-4f735466cecf":"f.852D346EF878C3E5FC3136AC53424AFF.d.79FA3B7C1A5F95F833E41A9225CFDEA0.e.9489","ELEMENT":"f.852D346EF878C3E5FC3136AC53424AFF.d.79FA3B7C1A5F95F833E41A9225CFDEA0.e.9489"}]}
COMMAND: POST /session/0fb4450c6422fe69939d6824736e2f6f/execute/sync - {"script":"<script> [5351 bytes]","args":[{"element-6066-11e4-a52e-4f735466cecf":"f.852D346EF878C3E5FC3136AC53424AFF.d.79FA3B7C1A5F95F833E41A9225CFDEA0.e.9489","ELEMENT":"f.852D346EF878C3E5FC3136AC53424AFF.d.79FA3B7C1A5F95F833E41A9225CFDEA0.e.9489"}]}
COMMAND: GET /session/0fb4450c6422fe69939d6824736e2f6f/screenshot - {}
RESULT: {}
RESULT: {"script":"<script> [5351 bytes]","args":[{"element-6066-11e4-a52e-4f735466cecf":"f.852D346EF878C3E5FC3136AC53424AFF.d.79FA3B7C1A5F95F833E41A9225CFDEA0.e.9489","ELEMENT":"f.852D346EF878C3E5FC3136AC53424AFF.d.79FA3B7C1A5F95F833E41A9225CFDEA0.e.9489"}]}
COMMAND: GET /session/0fb4450c6422fe69939d6824736e2f6f/screenshot - {}
RESULT: {}
RESULT: {}
COMMAND: POST /session/0fb4450c6422fe69939d6824736e2f6f/element/f.852D346EF878C3E5FC3136AC53424AFF.d.79FA3B7C1A5F95F833E41A9225CFDEA0.e.9489/click - {}
RESULT: {}
COMMAND: GET /session/0fb4450c6422fe69939d6824736e2f6f/screenshot - {}
RESULT: {}
COMMAND: POST /session/0fb4450c6422fe69939d6824736e2f6f/execute/async - {"script":"<script> [1562 bytes]","args":[{"selector":{"id":"application-managecontracts-display-component---AddNewContract--projectDescription","interaction":{"idSuffix":"inner"}},"wdio_ui5_key":"applicationmanagecontracts-display-component---AddNewContract--projectDescription"}]}
RESULT: {"script":"<script> [1562 bytes]","args":[{"selector":{"id":"application-managecontracts-display-component---AddNewContract--projectDescription","interaction":{"idSuffix":"inner"}},"wdio_ui5_key":"applicationmanagecontracts-display-component---AddNewContract--projectDescription"}]}
RESULT: undefined
COMMAND: POST /session/0fb4450c6422fe69939d6824736e2f6f/execute/async - {"script":"<script> [776 bytes]","args":[{"enterText":"Contract WDIO","selector":{"id":"application-managecontracts-display-component---AddNewContract--projectDescription","interaction":{"idSuffix":"inner"}},"clearTextFirst":true,"interactionType":"ENTER_TEXT"}]}
RESULT: {"script":"<script> [776 bytes]","args":[{"enterText":"Contract WDIO","selector":{"id":"application-managecontracts-display-component---AddNewContract--projectDescription","interaction":{"idSuffix":"inner"}},"clearTextFirst":true,"interactionType":"ENTER_TEXT"}]}
COMMAND: POST /session/0fb4450c6422fe69939d6824736e2f6f/element - {"using":"xpath","value":"//input[@id=\"application-managecontracts-display-component---AddNewContract--site-inner\"]"}
RESULT: {"using":"xpath","value":"//input[@id=\"application-managecontracts-display-component---AddNewContract--site-inner\"]"}
COMMAND: POST /session/0fb4450c6422fe69939d6824736e2f6f/element/f.852D346EF878C3E5FC3136AC53424AFF.d.79FA3B7C1A5F95F833E41A9225CFDEA0.e.9846/clear - {}
RESULT: {}
COMMAND: POST /session/0fb4450c6422fe69939d6824736e2f6f/element/f.852D346EF878C3E5FC3136AC53424AFF.d.79FA3B7C1A5F95F833E41A9225CFDEA0.e.9846/value - {"text":"2255"}
COMMAND: GET /session/0fb4450c6422fe69939d6824736e2f6f/screenshot - {}
RESULT: {"text":"2255"}
COMMAND: GET /session/0fb4450c6422fe69939d6824736e2f6f/screenshot - {}
RESULT: {}
RESULT: {}
COMMAND: POST /session/0fb4450c6422fe69939d6824736e2f6f/element - {"using":"xpath","value":"//li[.//span[text()='2255']]"}
RESULT: {"using":"xpath","value":"//li[.//span[text()='2255']]"}
COMMAND: POST /session/0fb4450c6422fe69939d6824736e2f6f/element/f.852D346EF878C3E5FC3136AC53424AFF.d.79FA3B7C1A5F95F833E41A9225CFDEA0.e.9879/click - {}
RESULT: {}
COMMAND: GET /session/0fb4450c6422fe69939d6824736e2f6f/screenshot - {}
RESULT: {}
COMMAND: POST /session/0fb4450c6422fe69939d6824736e2f6f/element - {"using":"xpath","value":"//input[@id=\"application-managecontracts-display-component---AddNewContract--yardId-inner\"]"}
RESULT: {"using":"xpath","value":"//input[@id=\"application-managecontracts-display-component---AddNewContract--yardId-inner\"]"}
COMMAND: GET /session/0fb4450c6422fe69939d6824736e2f6f/element/f.852D346EF878C3E5FC3136AC53424AFF.d.79FA3B7C1A5F95F833E41A9225CFDEA0.e.9847/property/value - {}
RESULT: {}
COMMAND: POST /session/0fb4450c6422fe69939d6824736e2f6f/element - {"using":"xpath","value":"//input[@id=\"application-managecontracts-display-component---AddNewContract--customerSelect-inner\"]"}
COMMAND: GET /session/0fb4450c6422fe69939d6824736e2f6f/screenshot - {}
RESULT: {"using":"xpath","value":"//input[@id=\"application-managecontracts-display-component---AddNewContract--customerSelect-inner\"]"}
COMMAND: POST /session/0fb4450c6422fe69939d6824736e2f6f/element/f.852D346EF878C3E5FC3136AC53424AFF.d.79FA3B7C1A5F95F833E41A9225CFDEA0.e.9845/clear - {}
RESULT: {}
RESULT: {}
COMMAND: POST /session/0fb4450c6422fe69939d6824736e2f6f/element/f.852D346EF878C3E5FC3136AC53424AFF.d.79FA3B7C1A5F95F833E41A9225CFDEA0.e.9845/value - {"text":"1303"}
COMMAND: GET /session/0fb4450c6422fe69939d6824736e2f6f/screenshot - {}
RESULT: {"text":"1303"}
COMMAND: GET /session/0fb4450c6422fe69939d6824736e2f6f/screenshot - {}
RESULT: {}
RESULT: {}
COMMAND: POST /session/0fb4450c6422fe69939d6824736e2f6f/element - {"using":"xpath","value":"//li[.//span[text()='1303']]"}
RESULT: {"using":"xpath","value":"//li[.//span[text()='1303']]"}
COMMAND: POST /session/0fb4450c6422fe69939d6824736e2f6f/element/f.852D346EF878C3E5FC3136AC53424AFF.d.79FA3B7C1A5F95F833E41A9225CFDEA0.e.9882/click - {}
RESULT: {}
COMMAND: GET /session/0fb4450c6422fe69939d6824736e2f6f/screenshot - {}
RESULT: {}
COMMAND: POST /session/0fb4450c6422fe69939d6824736e2f6f/element - {"using":"xpath","value":"//button[@data-kt=\"saveButton\"]"}
RESULT: {"using":"xpath","value":"//button[@data-kt=\"saveButton\"]"}
COMMAND: POST /session/0fb4450c6422fe69939d6824736e2f6f/element/f.852D346EF878C3E5FC3136AC53424AFF.d.79FA3B7C1A5F95F833E41A9225CFDEA0.e.9883/click - {}
RESULT: {}
COMMAND: GET /session/0fb4450c6422fe69939d6824736e2f6f/screenshot - {}
RESULT: {}
COMMAND: POST /session/0fb4450c6422fe69939d6824736e2f6f/element - {"using":"xpath","value":"//span[contains(@id ,\"contractDetailTitleNoExpanded\")]"}
RESULT: {"using":"xpath","value":"//span[contains(@id ,\"contractDetailTitleNoExpanded\")]"}
COMMAND: POST /session/0fb4450c6422fe69939d6824736e2f6f/elements - {"using":"xpath","value":"//span[contains(@id ,\"contractDetailTitleNoExpanded\")]"}
RESULT: {"using":"xpath","value":"//span[contains(@id ,\"contractDetailTitleNoExpanded\")]"}
COMMAND: POST /session/0fb4450c6422fe69939d6824736e2f6f/execute/sync - {"script":"<script> [56 bytes]","args":[{"element-6066-11e4-a52e-4f735466cecf":"f.852D346EF878C3E5FC3136AC53424AFF.d.79FA3B7C1A5F95F833E41A9225CFDEA0.e.9954","ELEMENT":"f.852D346EF878C3E5FC3136AC53424AFF.d.79FA3B7C1A5F95F833E41A9225CFDEA0.e.9954"}]}
RESULT: {"script":"<script> [56 bytes]","args":[{"element-6066-11e4-a52e-4f735466cecf":"f.852D346EF878C3E5FC3136AC53424AFF.d.79FA3B7C1A5F95F833E41A9225CFDEA0.e.9954","ELEMENT":"f.852D346EF878C3E5FC3136AC53424AFF.d.79FA3B7C1A5F95F833E41A9225CFDEA0.e.9954"}]}
COMMAND: GET /session/0fb4450c6422fe69939d6824736e2f6f/screenshot - {}
RESULT: {}
]]></system-out>
    </testcase>
    <testcase classname="chrome.136_0_7103_93.windows.Provide_to_Site_w/_warehouse_management_wo_clarification" name="Should add equipment to the contract" time="56.338">
      <system-out><![CDATA[
COMMAND: POST /session/0fb4450c6422fe69939d6824736e2f6f/element - {"using":"xpath","value":"//button[@data-kt=\"contractDetailEditBtnButton\"]"}
RESULT: {"using":"xpath","value":"//button[@data-kt=\"contractDetailEditBtnButton\"]"}
COMMAND: POST /session/0fb4450c6422fe69939d6824736e2f6f/element/f.852D346EF878C3E5FC3136AC53424AFF.d.79FA3B7C1A5F95F833E41A9225CFDEA0.e.9955/click - {}
RESULT: {}
COMMAND: GET /session/0fb4450c6422fe69939d6824736e2f6f/screenshot - {}
RESULT: {}
COMMAND: POST /session/0fb4450c6422fe69939d6824736e2f6f/element - {"using":"xpath","value":"(//span[contains(text(), \"Additional Addresses\")])[2]"}
RESULT: {"using":"xpath","value":"(//span[contains(text(), \"Additional Addresses\")])[2]"}
COMMAND: POST /session/0fb4450c6422fe69939d6824736e2f6f/element/f.852D346EF878C3E5FC3136AC53424AFF.d.79FA3B7C1A5F95F833E41A9225CFDEA0.e.10016/click - {}
RESULT: {}
COMMAND: GET /session/0fb4450c6422fe69939d6824736e2f6f/screenshot - {}
RESULT: {}
COMMAND: POST /session/0fb4450c6422fe69939d6824736e2f6f/element - {"using":"xpath","value":"//button[@data-kt=\"btnAddTableRowOverflowToolbarButton\"]"}
RESULT: {"using":"xpath","value":"//button[@data-kt=\"btnAddTableRowOverflowToolbarButton\"]"}
COMMAND: POST /session/0fb4450c6422fe69939d6824736e2f6f/element/f.852D346EF878C3E5FC3136AC53424AFF.d.79FA3B7C1A5F95F833E41A9225CFDEA0.e.10019/click - {}
RESULT: {}
COMMAND: GET /session/0fb4450c6422fe69939d6824736e2f6f/screenshot - {}
RESULT: {}
COMMAND: POST /session/0fb4450c6422fe69939d6824736e2f6f/element - {"using":"xpath","value":"//div[(text() = 'Standard Entry' or . = 'Standard Entry')]"}
RESULT: {"using":"xpath","value":"//div[(text() = 'Standard Entry' or . = 'Standard Entry')]"}
COMMAND: POST /session/0fb4450c6422fe69939d6824736e2f6f/element/f.852D346EF878C3E5FC3136AC53424AFF.d.79FA3B7C1A5F95F833E41A9225CFDEA0.e.10021/click - {}
RESULT: {}
COMMAND: GET /session/0fb4450c6422fe69939d6824736e2f6f/screenshot - {}
RESULT: {}
COMMAND: POST /session/0fb4450c6422fe69939d6824736e2f6f/element - {"using":"xpath","value":"//td[6]/div/div/div/span"}
RESULT: {"using":"xpath","value":"//td[6]/div/div/div/span"}
COMMAND: POST /session/0fb4450c6422fe69939d6824736e2f6f/element/f.852D346EF878C3E5FC3136AC53424AFF.d.79FA3B7C1A5F95F833E41A9225CFDEA0.e.10033/click - {}
RESULT: {}
COMMAND: GET /session/0fb4450c6422fe69939d6824736e2f6f/screenshot - {}
RESULT: {}
COMMAND: POST /session/0fb4450c6422fe69939d6824736e2f6f/element - {"using":"xpath","value":"(//span[contains(text(), \"Material\")])"}
RESULT: {"using":"xpath","value":"(//span[contains(text(), \"Material\")])"}
COMMAND: POST /session/0fb4450c6422fe69939d6824736e2f6f/element/f.852D346EF878C3E5FC3136AC53424AFF.d.79FA3B7C1A5F95F833E41A9225CFDEA0.e.10034/click - {}
RESULT: {}
COMMAND: GET /session/0fb4450c6422fe69939d6824736e2f6f/screenshot - {}
RESULT: {}
COMMAND: POST /session/0fb4450c6422fe69939d6824736e2f6f/element - {"using":"xpath","value":"//td[7]/div/div/input"}
RESULT: {"using":"xpath","value":"//td[7]/div/div/input"}
COMMAND: POST /session/0fb4450c6422fe69939d6824736e2f6f/element/f.852D346EF878C3E5FC3136AC53424AFF.d.79FA3B7C1A5F95F833E41A9225CFDEA0.e.10038/clear - {}
RESULT: {}
COMMAND: POST /session/0fb4450c6422fe69939d6824736e2f6f/element/f.852D346EF878C3E5FC3136AC53424AFF.d.79FA3B7C1A5F95F833E41A9225CFDEA0.e.10038/value - {"text":"200270"}
COMMAND: GET /session/0fb4450c6422fe69939d6824736e2f6f/screenshot - {}
RESULT: {"text":"200270"}
COMMAND: GET /session/0fb4450c6422fe69939d6824736e2f6f/screenshot - {}
RESULT: {}
RESULT: {}
COMMAND: POST /session/0fb4450c6422fe69939d6824736e2f6f/actions - {"actions":[{"id":"action34","type":"key","parameters":{},"actions":[{"type":"keyDown","value":"î€‡"},{"type":"pause","duration":10},{"type":"keyUp","value":"î€‡"}]}]}
RESULT: {"actions":[{"id":"action34","type":"key","parameters":{},"actions":[{"type":"keyDown","value":"î€‡"},{"type":"pause","duration":10},{"type":"keyUp","value":"î€‡"}]}]}
COMMAND: GET /session/0fb4450c6422fe69939d6824736e2f6f/screenshot - {}
RESULT: {}
COMMAND: POST /session/0fb4450c6422fe69939d6824736e2f6f/execute/sync - {"script":"<script> [276 bytes]","args":["No pricing information was found"]}
RESULT: {"script":"<script> [276 bytes]","args":["No pricing information was found"]}
COMMAND: POST /session/0fb4450c6422fe69939d6824736e2f6f/element - {"using":"xpath","value":"//bdi[contains(text(), \"OK\")]"}
COMMAND: GET /session/0fb4450c6422fe69939d6824736e2f6f/screenshot - {}
RESULT: {"using":"xpath","value":"//bdi[contains(text(), \"OK\")]"}
COMMAND: POST /session/0fb4450c6422fe69939d6824736e2f6f/element/f.852D346EF878C3E5FC3136AC53424AFF.d.79FA3B7C1A5F95F833E41A9225CFDEA0.e.10064/click - {}
RESULT: {}
RESULT: {}
COMMAND: GET /session/0fb4450c6422fe69939d6824736e2f6f/screenshot - {}
RESULT: {}
COMMAND: POST /session/0fb4450c6422fe69939d6824736e2f6f/element - {"using":"xpath","value":"(//button[@data-kt=\"saveButton\"])[2]"}
RESULT: {"using":"xpath","value":"(//button[@data-kt=\"saveButton\"])[2]"}
COMMAND: POST /session/0fb4450c6422fe69939d6824736e2f6f/element/f.852D346EF878C3E5FC3136AC53424AFF.d.79FA3B7C1A5F95F833E41A9225CFDEA0.e.10065/click - {}
RESULT: {}
COMMAND: GET /session/0fb4450c6422fe69939d6824736e2f6f/screenshot - {}
RESULT: {}
COMMAND: POST /session/0fb4450c6422fe69939d6824736e2f6f/execute/sync - {"script":"<script> [276 bytes]","args":["Some contract items are having rental validity exceeding header rental validity"]}
RESULT: {"script":"<script> [276 bytes]","args":["Some contract items are having rental validity exceeding header rental validity"]}
COMMAND: GET /session/0fb4450c6422fe69939d6824736e2f6f/screenshot - {}
RESULT: {}
COMMAND: POST /session/0fb4450c6422fe69939d6824736e2f6f/element - {"using":"xpath","value":"//span[contains(@id ,\"contractItemsSmartTable-header-inner\")]"}
RESULT: {"using":"xpath","value":"//span[contains(@id ,\"contractItemsSmartTable-header-inner\")]"}
COMMAND: POST /session/0fb4450c6422fe69939d6824736e2f6f/elements - {"using":"xpath","value":"//span[contains(@id ,\"contractItemsSmartTable-header-inner\")]"}
RESULT: {"using":"xpath","value":"//span[contains(@id ,\"contractItemsSmartTable-header-inner\")]"}
COMMAND: POST /session/0fb4450c6422fe69939d6824736e2f6f/execute/sync - {"script":"<script> [56 bytes]","args":[{"element-6066-11e4-a52e-4f735466cecf":"f.852D346EF878C3E5FC3136AC53424AFF.d.79FA3B7C1A5F95F833E41A9225CFDEA0.e.10070","ELEMENT":"f.852D346EF878C3E5FC3136AC53424AFF.d.79FA3B7C1A5F95F833E41A9225CFDEA0.e.10070"}]}
RESULT: {"script":"<script> [56 bytes]","args":[{"element-6066-11e4-a52e-4f735466cecf":"f.852D346EF878C3E5FC3136AC53424AFF.d.79FA3B7C1A5F95F833E41A9225CFDEA0.e.10070","ELEMENT":"f.852D346EF878C3E5FC3136AC53424AFF.d.79FA3B7C1A5F95F833E41A9225CFDEA0.e.10070"}]}
COMMAND: GET /session/0fb4450c6422fe69939d6824736e2f6f/screenshot - {}
]]></system-out>
    </testcase>
    <testcase classname="chrome.136_0_7103_93.windows.Provide_to_Site_w/_warehouse_management_wo_clarification" name="Should provide to site" time="38.27">
      <system-out><![CDATA[
COMMAND: POST /session/0fb4450c6422fe69939d6824736e2f6f/element - {"using":"xpath","value":"//button[@data-kt=\"provideButton\"]"}
RESULT: {}
RESULT: {"using":"xpath","value":"//button[@data-kt=\"provideButton\"]"}
COMMAND: POST /session/0fb4450c6422fe69939d6824736e2f6f/element/f.852D346EF878C3E5FC3136AC53424AFF.d.79FA3B7C1A5F95F833E41A9225CFDEA0.e.10071/click - {}
RESULT: {}
COMMAND: GET /session/0fb4450c6422fe69939d6824736e2f6f/screenshot - {}
RESULT: {}
RESULT: undefined
COMMAND: POST /session/0fb4450c6422fe69939d6824736e2f6f/execute/async - {"script":"<script> [6424 bytes]","args":[{"element-6066-11e4-a52e-4f735466cecf":"f.852D346EF878C3E5FC3136AC53424AFF.d.79FA3B7C1A5F95F833E41A9225CFDEA0.e.8932"},"setValue",["05/18/25"]]}
COMMAND: POST /session/0fb4450c6422fe69939d6824736e2f6f/execute/async - {"script":"<script> [1562 bytes]","args":[{"selector":{"id":"application-managehandovers-display-component---AddNewHO--dueDate","interaction":{"idSuffix":"inner"}},"wdio_ui5_key":"applicationmanagehandovers-display-component---AddNewHO--dueDate"}]}
RESULT: {"script":"<script> [1562 bytes]","args":[{"selector":{"id":"application-managehandovers-display-component---AddNewHO--dueDate","interaction":{"idSuffix":"inner"}},"wdio_ui5_key":"applicationmanagehandovers-display-component---AddNewHO--dueDate"}]}
COMMAND: POST /session/0fb4450c6422fe69939d6824736e2f6f/execute/async - {"script":"<script> [6424 bytes]","args":[{"element-6066-11e4-a52e-4f735466cecf":"f.852D346EF878C3E5FC3136AC53424AFF.d.79FA3B7C1A5F95F833E41A9225CFDEA0.e.10128"},"setValue",["05/18/25"]]}
RESULT: {"script":"<script> [6424 bytes]","args":[{"element-6066-11e4-a52e-4f735466cecf":"f.852D346EF878C3E5FC3136AC53424AFF.d.79FA3B7C1A5F95F833E41A9225CFDEA0.e.10128"},"setValue",["05/18/25"]]}
COMMAND: POST /session/0fb4450c6422fe69939d6824736e2f6f/element - {"using":"xpath","value":"//bdi[contains(text(), \"Instructions\")]"}
RESULT: {"using":"xpath","value":"//bdi[contains(text(), \"Instructions\")]"}
COMMAND: POST /session/0fb4450c6422fe69939d6824736e2f6f/element/f.852D346EF878C3E5FC3136AC53424AFF.d.79FA3B7C1A5F95F833E41A9225CFDEA0.e.10387/click - {}
RESULT: {}
COMMAND: GET /session/0fb4450c6422fe69939d6824736e2f6f/screenshot - {}
RESULT: {}
COMMAND: POST /session/0fb4450c6422fe69939d6824736e2f6f/element - {"using":"xpath","value":"//button[@data-kt=\"AddNewHOProvideAddItemsButton\"]"}
RESULT: {"using":"xpath","value":"//button[@data-kt=\"AddNewHOProvideAddItemsButton\"]"}
COMMAND: POST /session/0fb4450c6422fe69939d6824736e2f6f/element/f.852D346EF878C3E5FC3136AC53424AFF.d.79FA3B7C1A5F95F833E41A9225CFDEA0.e.10391/click - {}
RESULT: {}
COMMAND: GET /session/0fb4450c6422fe69939d6824736e2f6f/screenshot - {}
RESULT: {}
RESULT: undefined
COMMAND: POST /session/0fb4450c6422fe69939d6824736e2f6f/element - {"using":"xpath","value":"//*[@id=\"application-managehandovers-display-component---AddNewHO--popup-sa\"]"}
RESULT: {"using":"xpath","value":"//*[@id=\"application-managehandovers-display-component---AddNewHO--popup-sa\"]"}
COMMAND: POST /session/0fb4450c6422fe69939d6824736e2f6f/element/f.852D346EF878C3E5FC3136AC53424AFF.d.79FA3B7C1A5F95F833E41A9225CFDEA0.e.10400/click - {}
RESULT: {}
COMMAND: GET /session/0fb4450c6422fe69939d6824736e2f6f/screenshot - {}
RESULT: {}
COMMAND: POST /session/0fb4450c6422fe69939d6824736e2f6f/element - {"using":"xpath","value":"//*[contains(@id ,\"BDI-content\")][contains(text(), \"Select\")]"}
RESULT: {"using":"xpath","value":"//*[contains(@id ,\"BDI-content\")][contains(text(), \"Select\")]"}
COMMAND: POST /session/0fb4450c6422fe69939d6824736e2f6f/element/f.852D346EF878C3E5FC3136AC53424AFF.d.79FA3B7C1A5F95F833E41A9225CFDEA0.e.10402/click - {}
RESULT: {}
COMMAND: GET /session/0fb4450c6422fe69939d6824736e2f6f/screenshot - {}
RESULT: {}
COMMAND: POST /session/0fb4450c6422fe69939d6824736e2f6f/element - {"using":"xpath","value":"//bdi[(text() = 'Save' or . = 'Save')]"}
RESULT: {"using":"xpath","value":"//bdi[(text() = 'Save' or . = 'Save')]"}
COMMAND: POST /session/0fb4450c6422fe69939d6824736e2f6f/element/f.852D346EF878C3E5FC3136AC53424AFF.d.79FA3B7C1A5F95F833E41A9225CFDEA0.e.10405/click - {}
RESULT: {}
COMMAND: GET /session/0fb4450c6422fe69939d6824736e2f6f/screenshot - {}
RESULT: {}
]]></system-out>
    </testcase>
    <testcase classname="chrome.136_0_7103_93.windows.Provide_to_Site_w/_warehouse_management_wo_clarification" name="Should Test for Handover Execution" time="146.978">
      <system-out><![CDATA[
COMMAND: POST /session/0fb4450c6422fe69939d6824736e2f6f/execute/async - {"script":"<script> [1562 bytes]","args":[{"selector":{"controlType":"sap.m.Link","viewName":"etm.portal.ui.managehandovers.view.DetailExecuteHO","bindingPath":{"path":"","propertyPath":"/wmDoc","modelName":"warehouseMovModel"}},"wdio_ui5_key":"etmportal.ui.managehandovers.view.DetailExecuteHOsap.m.Link{\"path\":\"\",\"propertyPath\":\"/wmDoc\",\"modelName\":\"warehouseMovModel\"}"}]}
RESULT: {"script":"<script> [1562 bytes]","args":[{"selector":{"controlType":"sap.m.Link","viewName":"etm.portal.ui.managehandovers.view.DetailExecuteHO","bindingPath":{"path":"","propertyPath":"/wmDoc","modelName":"warehouseMovModel"}},"wdio_ui5_key":"etmportal.ui.managehandovers.view.DetailExecuteHOsap.m.Link{\"path\":\"\",\"propertyPath\":\"/wmDoc\",\"modelName\":\"warehouseMovModel\"}"}]}
RESULT: undefined
COMMAND: POST /session/0fb4450c6422fe69939d6824736e2f6f/element - {"using":"xpath","value":"//*[@id=\"__link81\"]"}
RESULT: {"using":"xpath","value":"//*[@id=\"__link81\"]"}
COMMAND: POST /session/0fb4450c6422fe69939d6824736e2f6f/element/f.852D346EF878C3E5FC3136AC53424AFF.d.79FA3B7C1A5F95F833E41A9225CFDEA0.e.10453/click - {}
RESULT: {}
COMMAND: GET /session/0fb4450c6422fe69939d6824736e2f6f/screenshot - {}
RESULT: {}
COMMAND: POST /session/0fb4450c6422fe69939d6824736e2f6f/execute/async - {"script":"<script> [1562 bytes]","args":[{"selector":{"controlType":"sap.m.Link","viewName":"etm.portal.ui.managehandovers.view.DetailExecuteHO","properties":{"text":"Warehouse Overview"},"searchOpenDialogs":true},"wdio_ui5_key":"etmportal.ui.managehandovers.view.DetailExecuteHOsap.m.Link{\"text\":\"Warehouse Overview\"}"}]}
RESULT: {"script":"<script> [1562 bytes]","args":[{"selector":{"controlType":"sap.m.Link","viewName":"etm.portal.ui.managehandovers.view.DetailExecuteHO","properties":{"text":"Warehouse Overview"},"searchOpenDialogs":true},"wdio_ui5_key":"etmportal.ui.managehandovers.view.DetailExecuteHOsap.m.Link{\"text\":\"Warehouse Overview\"}"}]}
RESULT: undefined
COMMAND: POST /session/0fb4450c6422fe69939d6824736e2f6f/element - {"using":"xpath","value":"//*[@id=\"__link96\"]"}
RESULT: {"using":"xpath","value":"//*[@id=\"__link96\"]"}
COMMAND: POST /session/0fb4450c6422fe69939d6824736e2f6f/element/f.852D346EF878C3E5FC3136AC53424AFF.d.79FA3B7C1A5F95F833E41A9225CFDEA0.e.10457/click - {}
RESULT: {}
COMMAND: GET /session/0fb4450c6422fe69939d6824736e2f6f/screenshot - {}
RESULT: {}
COMMAND: POST /session/0fb4450c6422fe69939d6824736e2f6f/execute/async - {"script":"<script> [1562 bytes]","args":[{"selector":{"controlType":"sap.m.Button","viewName":"etm.portal.ui.warehousemovements.view.DisplayMovement","viewId":"application-warehousemovements-display-component---displayMovement","i18NText":{"propertyName":"text","key":"execution"},"interaction":{"idSuffix":"BDI-content"}},"wdio_ui5_key":"etmportal.ui.warehousemovements.view.DisplayMovementsap.m.Button{\"propertyName\":\"text\",\"key\":\"execution\"}"}]}
RESULT: {"script":"<script> [1562 bytes]","args":[{"selector":{"controlType":"sap.m.Button","viewName":"etm.portal.ui.warehousemovements.view.DisplayMovement","viewId":"application-warehousemovements-display-component---displayMovement","i18NText":{"propertyName":"text","key":"execution"},"interaction":{"idSuffix":"BDI-content"}},"wdio_ui5_key":"etmportal.ui.warehousemovements.view.DisplayMovementsap.m.Button{\"propertyName\":\"text\",\"key\":\"execution\"}"}]}
RESULT: undefined
COMMAND: POST /session/0fb4450c6422fe69939d6824736e2f6f/element - {"using":"xpath","value":"//*[@id=\"__button219\"]"}
RESULT: {"using":"xpath","value":"//*[@id=\"__button219\"]"}
COMMAND: POST /session/0fb4450c6422fe69939d6824736e2f6f/element/f.852D346EF878C3E5FC3136AC53424AFF.d.79FA3B7C1A5F95F833E41A9225CFDEA0.e.10577/click - {}
RESULT: {}
COMMAND: GET /session/0fb4450c6422fe69939d6824736e2f6f/screenshot - {}
RESULT: {}
COMMAND: POST /session/0fb4450c6422fe69939d6824736e2f6f/execute/async - {"script":"<script> [1562 bytes]","args":[{"selector":{"controlType":"sap.m.Button","viewName":"etm.portal.ui.warehousemovements.view.ExecuteMovement","viewId":"application-warehousemovements-display-component---executeMovement","properties":{"text":"Items"},"interaction":{"idSuffix":"BDI-content"}},"wdio_ui5_key":"etmportal.ui.warehousemovements.view.ExecuteMovementsap.m.Button{\"text\":\"Items\"}"}]}
RESULT: {"script":"<script> [1562 bytes]","args":[{"selector":{"controlType":"sap.m.Button","viewName":"etm.portal.ui.warehousemovements.view.ExecuteMovement","viewId":"application-warehousemovements-display-component---executeMovement","properties":{"text":"Items"},"interaction":{"idSuffix":"BDI-content"}},"wdio_ui5_key":"etmportal.ui.warehousemovements.view.ExecuteMovementsap.m.Button{\"text\":\"Items\"}"}]}
RESULT: undefined
COMMAND: POST /session/0fb4450c6422fe69939d6824736e2f6f/element - {"using":"xpath","value":"//*[@id=\"__layout353-anchBar-application-warehousemovements-display-component---executeMovement--itemsSection-anchor\"]"}
RESULT: {"using":"xpath","value":"//*[@id=\"__layout353-anchBar-application-warehousemovements-display-component---executeMovement--itemsSection-anchor\"]"}
COMMAND: POST /session/0fb4450c6422fe69939d6824736e2f6f/element/f.852D346EF878C3E5FC3136AC53424AFF.d.79FA3B7C1A5F95F833E41A9225CFDEA0.e.10684/click - {}
RESULT: {}
COMMAND: GET /session/0fb4450c6422fe69939d6824736e2f6f/screenshot - {}
RESULT: {}
COMMAND: POST /session/0fb4450c6422fe69939d6824736e2f6f/execute/async - {"script":"<script> [1562 bytes]","args":[{"selector":{"controlType":"sap.m.ToggleButton","viewName":"etm.portal.ui.warehousemovements.view.ExecuteMovement","viewId":"application-warehousemovements-display-component---executeMovement","bindingPath":{"propertyPath":"STATUS","modelName":"catalogModel"},"interaction":{"idSuffix":"BDI-content"}},"wdio_ui5_key":"etmportal.ui.warehousemovements.view.ExecuteMovementsap.m.ToggleButton{\"propertyPath\":\"STATUS\",\"modelName\":\"catalogModel\"}"}]}
RESULT: {"script":"<script> [1562 bytes]","args":[{"selector":{"controlType":"sap.m.ToggleButton","viewName":"etm.portal.ui.warehousemovements.view.ExecuteMovement","viewId":"application-warehousemovements-display-component---executeMovement","bindingPath":{"propertyPath":"STATUS","modelName":"catalogModel"},"interaction":{"idSuffix":"BDI-content"}},"wdio_ui5_key":"etmportal.ui.warehousemovements.view.ExecuteMovementsap.m.ToggleButton{\"propertyPath\":\"STATUS\",\"modelName\":\"catalogModel\"}"}]}
RESULT: undefined
COMMAND: POST /session/0fb4450c6422fe69939d6824736e2f6f/element - {"using":"xpath","value":"//*[@id=\"__button242-__clone3240\"]"}
RESULT: {"using":"xpath","value":"//*[@id=\"__button242-__clone3240\"]"}
COMMAND: POST /session/0fb4450c6422fe69939d6824736e2f6f/element/f.852D346EF878C3E5FC3136AC53424AFF.d.79FA3B7C1A5F95F833E41A9225CFDEA0.e.10657/click - {}
RESULT: {}
RESULT: undefined
COMMAND: POST /session/0fb4450c6422fe69939d6824736e2f6f/element - {"using":"xpath","value":"//*[@id=\"__button242-__clone3240\"]"}
COMMAND: GET /session/0fb4450c6422fe69939d6824736e2f6f/screenshot - {}
RESULT: {"using":"xpath","value":"//*[@id=\"__button242-__clone3240\"]"}
COMMAND: POST /session/0fb4450c6422fe69939d6824736e2f6f/element/f.852D346EF878C3E5FC3136AC53424AFF.d.79FA3B7C1A5F95F833E41A9225CFDEA0.e.10657/click - {}
RESULT: {}
RESULT: {}
COMMAND: GET /session/0fb4450c6422fe69939d6824736e2f6f/screenshot - {}
RESULT: {}
RESULT: undefined
COMMAND: POST /session/0fb4450c6422fe69939d6824736e2f6f/execute/async - {"script":"<script> [6424 bytes]","args":[{"element-6066-11e4-a52e-4f735466cecf":"f.852D346EF878C3E5FC3136AC53424AFF.d.79FA3B7C1A5F95F833E41A9225CFDEA0.e.10690"},"getText",[]]}
RESULT: {"script":"<script> [6424 bytes]","args":[{"element-6066-11e4-a52e-4f735466cecf":"f.852D346EF878C3E5FC3136AC53424AFF.d.79FA3B7C1A5F95F833E41A9225CFDEA0.e.10690"},"getText",[]]}
COMMAND: POST /session/0fb4450c6422fe69939d6824736e2f6f/element - {"using":"xpath","value":"//section[contains(@id,\"FC-NoHead\")]/div[1]/div[5]/div[2]/span"}
RESULT: {"using":"xpath","value":"//section[contains(@id,\"FC-NoHead\")]/div[1]/div[5]/div[2]/span"}
COMMAND: POST /session/0fb4450c6422fe69939d6824736e2f6f/elements - {"using":"xpath","value":"//section[contains(@id,\"FC-NoHead\")]/div[1]/div[5]/div[2]/span"}
RESULT: {"using":"xpath","value":"//section[contains(@id,\"FC-NoHead\")]/div[1]/div[5]/div[2]/span"}
COMMAND: POST /session/0fb4450c6422fe69939d6824736e2f6f/execute/sync - {"script":"<script> [56 bytes]","args":[{"element-6066-11e4-a52e-4f735466cecf":"f.852D346EF878C3E5FC3136AC53424AFF.d.79FA3B7C1A5F95F833E41A9225CFDEA0.e.10692","ELEMENT":"f.852D346EF878C3E5FC3136AC53424AFF.d.79FA3B7C1A5F95F833E41A9225CFDEA0.e.10692"}]}
RESULT: {"script":"<script> [56 bytes]","args":[{"element-6066-11e4-a52e-4f735466cecf":"f.852D346EF878C3E5FC3136AC53424AFF.d.79FA3B7C1A5F95F833E41A9225CFDEA0.e.10692","ELEMENT":"f.852D346EF878C3E5FC3136AC53424AFF.d.79FA3B7C1A5F95F833E41A9225CFDEA0.e.10692"}]}
COMMAND: POST /session/0fb4450c6422fe69939d6824736e2f6f/actions - {"actions":[{"id":"action35","type":"key","parameters":{},"actions":[{"type":"keyDown","value":"î€‡"},{"type":"pause","duration":10},{"type":"keyUp","value":"î€‡"}]}]}
COMMAND: GET /session/0fb4450c6422fe69939d6824736e2f6f/screenshot - {}
RESULT: {"actions":[{"id":"action35","type":"key","parameters":{},"actions":[{"type":"keyDown","value":"î€‡"},{"type":"pause","duration":10},{"type":"keyUp","value":"î€‡"}]}]}
COMMAND: POST /session/0fb4450c6422fe69939d6824736e2f6f/execute/async - {"script":"<script> [1562 bytes]","args":[{"selector":{"id":"application-warehousemovements-display-component---executeMovement--executeId","interaction":{"idSuffix":"BDI-content"}},"wdio_ui5_key":"applicationwarehousemovements-display-component---executeMovement--executeId"}]}
COMMAND: GET /session/0fb4450c6422fe69939d6824736e2f6f/screenshot - {}
RESULT: {}
RESULT: {"script":"<script> [1562 bytes]","args":[{"selector":{"id":"application-warehousemovements-display-component---executeMovement--executeId","interaction":{"idSuffix":"BDI-content"}},"wdio_ui5_key":"applicationwarehousemovements-display-component---executeMovement--executeId"}]}
RESULT: undefined
COMMAND: POST /session/0fb4450c6422fe69939d6824736e2f6f/element - {"using":"xpath","value":"//*[@id=\"application-warehousemovements-display-component---executeMovement--executeId\"]"}
RESULT: {}
RESULT: {"using":"xpath","value":"//*[@id=\"application-warehousemovements-display-component---executeMovement--executeId\"]"}
COMMAND: POST /session/0fb4450c6422fe69939d6824736e2f6f/element/f.852D346EF878C3E5FC3136AC53424AFF.d.79FA3B7C1A5F95F833E41A9225CFDEA0.e.10651/click - {}
RESULT: {}
COMMAND: GET /session/0fb4450c6422fe69939d6824736e2f6f/screenshot - {}
RESULT: {}
COMMAND: POST /session/0fb4450c6422fe69939d6824736e2f6f/element - {"using":"css selector","value":"#shell-header-logo"}
RESULT: {"using":"css selector","value":"#shell-header-logo"}
COMMAND: POST /session/0fb4450c6422fe69939d6824736e2f6f/element/f.852D346EF878C3E5FC3136AC53424AFF.d.79FA3B7C1A5F95F833E41A9225CFDEA0.e.9443/click - {}
RESULT: {}
COMMAND: GET /session/0fb4450c6422fe69939d6824736e2f6f/screenshot - {}
RESULT: {}
RESULT: undefined
COMMAND: POST /session/0fb4450c6422fe69939d6824736e2f6f/element - {"using":"xpath","value":"//*[@id=\"__tile132\"]"}
RESULT: {"using":"xpath","value":"//*[@id=\"__tile132\"]"}
COMMAND: POST /session/0fb4450c6422fe69939d6824736e2f6f/element/f.852D346EF878C3E5FC3136AC53424AFF.d.79FA3B7C1A5F95F833E41A9225CFDEA0.e.7907/click - {}
RESULT: {}
COMMAND: GET /session/0fb4450c6422fe69939d6824736e2f6f/screenshot - {}
RESULT: {}
COMMAND: POST /session/0fb4450c6422fe69939d6824736e2f6f/elements - {"using":"xpath","value":"//span[text()='Error']"}
RESULT: {"using":"xpath","value":"//span[text()='Error']"}
COMMAND: POST /session/0fb4450c6422fe69939d6824736e2f6f/execute/async - {"script":"<script> [1562 bytes]","args":[{"selector":{"controlType":"sap.m.SearchField","viewName":"etm.portal.ui.managehandovers.view.MasterHO","bindingPath":{"propertyPath":"/_BASIC_SEARCH_FIELD","modelName":"fi1t3rM0d31"},"interaction":{"idSuffix":"I"}},"wdio_ui5_key":"etmportal.ui.managehandovers.view.MasterHOsap.m.SearchField{\"propertyPath\":\"/_BASIC_SEARCH_FIELD\",\"modelName\":\"fi1t3rM0d31\"}"}]}
RESULT: {"script":"<script> [1562 bytes]","args":[{"selector":{"controlType":"sap.m.SearchField","viewName":"etm.portal.ui.managehandovers.view.MasterHO","bindingPath":{"propertyPath":"/_BASIC_SEARCH_FIELD","modelName":"fi1t3rM0d31"},"interaction":{"idSuffix":"I"}},"wdio_ui5_key":"etmportal.ui.managehandovers.view.MasterHOsap.m.SearchField{\"propertyPath\":\"/_BASIC_SEARCH_FIELD\",\"modelName\":\"fi1t3rM0d31\"}"}]}
RESULT: undefined
COMMAND: POST /session/0fb4450c6422fe69939d6824736e2f6f/execute/async - {"script":"<script> [776 bytes]","args":[{"enterText":"30674","selector":{"controlType":"sap.m.SearchField","viewName":"etm.portal.ui.managehandovers.view.MasterHO","bindingPath":{"propertyPath":"/_BASIC_SEARCH_FIELD","modelName":"fi1t3rM0d31"},"interaction":{"idSuffix":"I"}},"clearTextFirst":true,"interactionType":"ENTER_TEXT"}]}
RESULT: {"script":"<script> [776 bytes]","args":[{"enterText":"30674","selector":{"controlType":"sap.m.SearchField","viewName":"etm.portal.ui.managehandovers.view.MasterHO","bindingPath":{"propertyPath":"/_BASIC_SEARCH_FIELD","modelName":"fi1t3rM0d31"},"interaction":{"idSuffix":"I"}},"clearTextFirst":true,"interactionType":"ENTER_TEXT"}]}
COMMAND: POST /session/0fb4450c6422fe69939d6824736e2f6f/actions - {"actions":[{"id":"action36","type":"key","parameters":{},"actions":[{"type":"keyDown","value":"î€‡"},{"type":"pause","duration":10},{"type":"keyUp","value":"î€‡"}]}]}
RESULT: {"actions":[{"id":"action36","type":"key","parameters":{},"actions":[{"type":"keyDown","value":"î€‡"},{"type":"pause","duration":10},{"type":"keyUp","value":"î€‡"}]}]}
COMMAND: GET /session/0fb4450c6422fe69939d6824736e2f6f/screenshot - {}
RESULT: {}
COMMAND: POST /session/0fb4450c6422fe69939d6824736e2f6f/execute/async - {"script":"<script> [1562 bytes]","args":[{"selector":{"controlType":"sap.ui.core.Icon","viewName":"etm.portal.ui.managehandovers.view.MasterHO","properties":{"src":{"regex":{"source":"slim\\-arrow\\-right"}}}},"wdio_ui5_key":"etmportal.ui.managehandovers.view.MasterHOsap.ui.core.Icon{\"src\":{\"regex\":{\"source\":\"slim\\\\-arrow\\\\-right\"}}}"}]}
RESULT: {"script":"<script> [1562 bytes]","args":[{"selector":{"controlType":"sap.ui.core.Icon","viewName":"etm.portal.ui.managehandovers.view.MasterHO","properties":{"src":{"regex":{"source":"slim\\-arrow\\-right"}}}},"wdio_ui5_key":"etmportal.ui.managehandovers.view.MasterHOsap.ui.core.Icon{\"src\":{\"regex\":{\"source\":\"slim\\\\-arrow\\\\-right\"}}}"}]}
RESULT: undefined
COMMAND: POST /session/0fb4450c6422fe69939d6824736e2f6f/element - {"using":"xpath","value":"//*[@id=\"__item1733-__clone3320-imgNav\"]"}
RESULT: {"using":"xpath","value":"//*[@id=\"__item1733-__clone3320-imgNav\"]"}
COMMAND: POST /session/0fb4450c6422fe69939d6824736e2f6f/element/f.852D346EF878C3E5FC3136AC53424AFF.d.79FA3B7C1A5F95F833E41A9225CFDEA0.e.10885/click - {}
RESULT: {}
COMMAND: GET /session/0fb4450c6422fe69939d6824736e2f6f/screenshot - {}
RESULT: {}
COMMAND: POST /session/0fb4450c6422fe69939d6824736e2f6f/execute/async - {"script":"<script> [1562 bytes]","args":[{"selector":{"controlType":"sap.m.Button","viewName":"etm.portal.ui.managehandovers.view.DetailExecuteHO","i18NText":{"propertyName":"text","key":"confirmAll"},"interaction":{"idSuffix":"BDI-content"}},"wdio_ui5_key":"etmportal.ui.managehandovers.view.DetailExecuteHOsap.m.Button{\"propertyName\":\"text\",\"key\":\"confirmAll\"}"}]}
RESULT: {"script":"<script> [1562 bytes]","args":[{"selector":{"controlType":"sap.m.Button","viewName":"etm.portal.ui.managehandovers.view.DetailExecuteHO","i18NText":{"propertyName":"text","key":"confirmAll"},"interaction":{"idSuffix":"BDI-content"}},"wdio_ui5_key":"etmportal.ui.managehandovers.view.DetailExecuteHOsap.m.Button{\"propertyName\":\"text\",\"key\":\"confirmAll\"}"}]}
RESULT: undefined
COMMAND: POST /session/0fb4450c6422fe69939d6824736e2f6f/element - {"using":"xpath","value":"//*[@id=\"__button280\"]"}
RESULT: {"using":"xpath","value":"//*[@id=\"__button280\"]"}
COMMAND: POST /session/0fb4450c6422fe69939d6824736e2f6f/element/f.852D346EF878C3E5FC3136AC53424AFF.d.79FA3B7C1A5F95F833E41A9225CFDEA0.e.10966/click - {}
RESULT: {}
COMMAND: GET /session/0fb4450c6422fe69939d6824736e2f6f/screenshot - {}
RESULT: {}
COMMAND: POST /session/0fb4450c6422fe69939d6824736e2f6f/actions - {"actions":[{"id":"action37","type":"key","parameters":{},"actions":[{"type":"keyDown","value":"î€‡"},{"type":"pause","duration":10},{"type":"keyUp","value":"î€‡"}]}]}
RESULT: {"actions":[{"id":"action37","type":"key","parameters":{},"actions":[{"type":"keyDown","value":"î€‡"},{"type":"pause","duration":10},{"type":"keyUp","value":"î€‡"}]}]}
COMMAND: GET /session/0fb4450c6422fe69939d6824736e2f6f/screenshot - {}
RESULT: {}
COMMAND: POST /session/0fb4450c6422fe69939d6824736e2f6f/element - {"using":"xpath","value":"//button[@data-kt=\"execHoIssueButton\"]"}
RESULT: {"using":"xpath","value":"//button[@data-kt=\"execHoIssueButton\"]"}
COMMAND: POST /session/0fb4450c6422fe69939d6824736e2f6f/element/f.852D346EF878C3E5FC3136AC53424AFF.d.79FA3B7C1A5F95F833E41A9225CFDEA0.e.10974/click - {}
RESULT: {}
COMMAND: GET /session/0fb4450c6422fe69939d6824736e2f6f/screenshot - {}
RESULT: {}
RESULT: undefined
COMMAND: POST /session/0fb4450c6422fe69939d6824736e2f6f/execute/async - {"script":"<script> [776 bytes]","args":[{"enterText":"30674","selector":{"controlType":"sap.m.SearchField","viewName":"etm.portal.ui.managehandovers.view.MasterHO","bindingPath":{"propertyPath":"/_BASIC_SEARCH_FIELD","modelName":"fi1t3rM0d31"},"interaction":{"idSuffix":"I"}},"clearTextFirst":true,"interactionType":"ENTER_TEXT"}]}
RESULT: {"script":"<script> [776 bytes]","args":[{"enterText":"30674","selector":{"controlType":"sap.m.SearchField","viewName":"etm.portal.ui.managehandovers.view.MasterHO","bindingPath":{"propertyPath":"/_BASIC_SEARCH_FIELD","modelName":"fi1t3rM0d31"},"interaction":{"idSuffix":"I"}},"clearTextFirst":true,"interactionType":"ENTER_TEXT"}]}
COMMAND: POST /session/0fb4450c6422fe69939d6824736e2f6f/actions - {"actions":[{"id":"action38","type":"key","parameters":{},"actions":[{"type":"keyDown","value":"î€‡"},{"type":"pause","duration":10},{"type":"keyUp","value":"î€‡"}]}]}
RESULT: {"actions":[{"id":"action38","type":"key","parameters":{},"actions":[{"type":"keyDown","value":"î€‡"},{"type":"pause","duration":10},{"type":"keyUp","value":"î€‡"}]}]}
COMMAND: GET /session/0fb4450c6422fe69939d6824736e2f6f/screenshot - {}
RESULT: {}
COMMAND: POST /session/0fb4450c6422fe69939d6824736e2f6f/element - {"using":"xpath","value":"//span[(text() = '30674' or . = '30674')]"}
RESULT: {"using":"xpath","value":"//span[(text() = '30674' or . = '30674')]"}
COMMAND: POST /session/0fb4450c6422fe69939d6824736e2f6f/element/f.852D346EF878C3E5FC3136AC53424AFF.d.79FA3B7C1A5F95F833E41A9225CFDEA0.e.11019/click - {}
RESULT: {}
COMMAND: GET /session/0fb4450c6422fe69939d6824736e2f6f/screenshot - {}
RESULT: {}
COMMAND: POST /session/0fb4450c6422fe69939d6824736e2f6f/element - {"using":"xpath","value":"//span[contains(text(), \"Instructions\")]"}
RESULT: {"using":"xpath","value":"//span[contains(text(), \"Instructions\")]"}
COMMAND: POST /session/0fb4450c6422fe69939d6824736e2f6f/element/f.852D346EF878C3E5FC3136AC53424AFF.d.79FA3B7C1A5F95F833E41A9225CFDEA0.e.11058/click - {}
RESULT: {}
COMMAND: GET /session/0fb4450c6422fe69939d6824736e2f6f/screenshot - {}
RESULT: {}
COMMAND: POST /session/0fb4450c6422fe69939d6824736e2f6f/element - {"using":"xpath","value":"//span[contains(text(), \"Instructions\")]"}
RESULT: {"using":"xpath","value":"//span[contains(text(), \"Instructions\")]"}
COMMAND: POST /session/0fb4450c6422fe69939d6824736e2f6f/element/f.852D346EF878C3E5FC3136AC53424AFF.d.79FA3B7C1A5F95F833E41A9225CFDEA0.e.11058/click - {}
RESULT: {}
COMMAND: GET /session/0fb4450c6422fe69939d6824736e2f6f/screenshot - {}
RESULT: {}
COMMAND: POST /session/0fb4450c6422fe69939d6824736e2f6f/execute/async - {"script":"<script> [1562 bytes]","args":[{"selector":{"controlType":"sap.m.ComboBox","viewName":"etm.portal.ui.managehandovers.view.DetailExecuteHO","bindingPath":{"propertyPath":"RECEIVING_SECTION","modelName":"catalogModel"},"interaction":{"idSuffix":"inner"}},"wdio_ui5_key":"etmportal.ui.managehandovers.view.DetailExecuteHOsap.m.ComboBox{\"propertyPath\":\"RECEIVING_SECTION\",\"modelName\":\"catalogModel\"}"}]}
RESULT: {"script":"<script> [1562 bytes]","args":[{"selector":{"controlType":"sap.m.ComboBox","viewName":"etm.portal.ui.managehandovers.view.DetailExecuteHO","bindingPath":{"propertyPath":"RECEIVING_SECTION","modelName":"catalogModel"},"interaction":{"idSuffix":"inner"}},"wdio_ui5_key":"etmportal.ui.managehandovers.view.DetailExecuteHOsap.m.ComboBox{\"propertyPath\":\"RECEIVING_SECTION\",\"modelName\":\"catalogModel\"}"}]}
RESULT: undefined
COMMAND: POST /session/0fb4450c6422fe69939d6824736e2f6f/execute/async - {"script":"<script> [776 bytes]","args":[{"enterText":"WDIO-2255","selector":{"controlType":"sap.m.ComboBox","viewName":"etm.portal.ui.managehandovers.view.DetailExecuteHO","bindingPath":{"propertyPath":"RECEIVING_SECTION","modelName":"catalogModel"},"interaction":{"idSuffix":"inner"}},"clearTextFirst":true,"interactionType":"ENTER_TEXT"}]}
RESULT: {"script":"<script> [776 bytes]","args":[{"enterText":"WDIO-2255","selector":{"controlType":"sap.m.ComboBox","viewName":"etm.portal.ui.managehandovers.view.DetailExecuteHO","bindingPath":{"propertyPath":"RECEIVING_SECTION","modelName":"catalogModel"},"interaction":{"idSuffix":"inner"}},"clearTextFirst":true,"interactionType":"ENTER_TEXT"}]}
COMMAND: POST /session/0fb4450c6422fe69939d6824736e2f6f/actions - {"actions":[{"id":"action39","type":"key","parameters":{},"actions":[{"type":"keyDown","value":"î€‡"},{"type":"pause","duration":10},{"type":"keyUp","value":"î€‡"}]}]}
RESULT: {"actions":[{"id":"action39","type":"key","parameters":{},"actions":[{"type":"keyDown","value":"î€‡"},{"type":"pause","duration":10},{"type":"keyUp","value":"î€‡"}]}]}
COMMAND: GET /session/0fb4450c6422fe69939d6824736e2f6f/screenshot - {}
RESULT: {}
COMMAND: POST /session/0fb4450c6422fe69939d6824736e2f6f/element - {"using":"xpath","value":"//button[@data-kt= \"execHoReceiveButton\"]"}
RESULT: {"using":"xpath","value":"//button[@data-kt= \"execHoReceiveButton\"]"}
COMMAND: POST /session/0fb4450c6422fe69939d6824736e2f6f/element/f.852D346EF878C3E5FC3136AC53424AFF.d.79FA3B7C1A5F95F833E41A9225CFDEA0.e.11063/click - {}
RESULT: {}
COMMAND: GET /session/0fb4450c6422fe69939d6824736e2f6f/screenshot - {}
RESULT: {}
COMMAND: POST /session/0fb4450c6422fe69939d6824736e2f6f/execute/async - {"script":"<script> [1562 bytes]","args":[{"selector":{"controlType":"sap.m.Button","properties":{"text":"Continue"},"searchOpenDialogs":true,"interaction":{"idSuffix":"content"}},"wdio_ui5_key":"sapm.Button{\"text\":\"Continue\"}"}]}
RESULT: {"script":"<script> [1562 bytes]","args":[{"selector":{"controlType":"sap.m.Button","properties":{"text":"Continue"},"searchOpenDialogs":true,"interaction":{"idSuffix":"content"}},"wdio_ui5_key":"sapm.Button{\"text\":\"Continue\"}"}]}
RESULT: undefined
COMMAND: POST /session/0fb4450c6422fe69939d6824736e2f6f/element - {"using":"xpath","value":"//*[@id=\"__mbox-btn-6\"]"}
RESULT: {"using":"xpath","value":"//*[@id=\"__mbox-btn-6\"]"}
COMMAND: POST /session/0fb4450c6422fe69939d6824736e2f6f/element/f.852D346EF878C3E5FC3136AC53424AFF.d.79FA3B7C1A5F95F833E41A9225CFDEA0.e.11064/click - {}
RESULT: {}
COMMAND: GET /session/0fb4450c6422fe69939d6824736e2f6f/screenshot - {}
RESULT: {}
COMMAND: POST /session/0fb4450c6422fe69939d6824736e2f6f/element - {"using":"css selector","value":"#shell-header-logo"}
RESULT: {"using":"css selector","value":"#shell-header-logo"}
COMMAND: POST /session/0fb4450c6422fe69939d6824736e2f6f/element/f.852D346EF878C3E5FC3136AC53424AFF.d.79FA3B7C1A5F95F833E41A9225CFDEA0.e.10759/click - {}
RESULT: {}
COMMAND: GET /session/0fb4450c6422fe69939d6824736e2f6f/screenshot - {}
RESULT: {}
COMMAND: POST /session/0fb4450c6422fe69939d6824736e2f6f/element - {"using":"css selector","value":"#j_username"}
COMMAND: POST /session/0fb4450c6422fe69939d6824736e2f6f/url - {"url":"https://qa-testing-00-live-etm-ui.cfapps.eu10-004.hana.ondemand.com/"}
RESULT: {"using":"css selector","value":"#j_username"}
COMMAND: POST /session/0fb4450c6422fe69939d6824736e2f6f/element - {"using":"css selector","value":"#j_username"}
RESULT: {"url":"https://qa-testing-00-live-etm-ui.cfapps.eu10-004.hana.ondemand.com/"}
RESULT: undefined
COMMAND: GET /session/0fb4450c6422fe69939d6824736e2f6f/screenshot - {}
RESULT: {"using":"css selector","value":"#j_username"}
COMMAND: POST /session/0fb4450c6422fe69939d6824736e2f6f/element - {"using":"css selector","value":"#shell-header-logo"}
RESULT: {}
RESULT: {"using":"css selector","value":"#shell-header-logo"}
COMMAND: POST /session/0fb4450c6422fe69939d6824736e2f6f/execute/sync - {"script":"<script> [8489 bytes]","args":[{"element-6066-11e4-a52e-4f735466cecf":"f.852D346EF878C3E5FC3136AC53424AFF.d.0DACB25A6E3DA8401FA225E04EC0E298.e.11120","ELEMENT":"f.852D346EF878C3E5FC3136AC53424AFF.d.0DACB25A6E3DA8401FA225E04EC0E298.e.11120"}]}
RESULT: {"script":"<script> [8489 bytes]","args":[{"element-6066-11e4-a52e-4f735466cecf":"f.852D346EF878C3E5FC3136AC53424AFF.d.0DACB25A6E3DA8401FA225E04EC0E298.e.11120","ELEMENT":"f.852D346EF878C3E5FC3136AC53424AFF.d.0DACB25A6E3DA8401FA225E04EC0E298.e.11120"}]}
COMMAND: POST /session/0fb4450c6422fe69939d6824736e2f6f/element - {"using":"css selector","value":"#shell-header-logo"}
COMMAND: GET /session/0fb4450c6422fe69939d6824736e2f6f/screenshot - {}
RESULT: {"using":"css selector","value":"#shell-header-logo"}
COMMAND: POST /session/0fb4450c6422fe69939d6824736e2f6f/execute/sync - {"script":"<script> [8489 bytes]","args":[{"element-6066-11e4-a52e-4f735466cecf":"f.852D346EF878C3E5FC3136AC53424AFF.d.0DACB25A6E3DA8401FA225E04EC0E298.e.11120","ELEMENT":"f.852D346EF878C3E5FC3136AC53424AFF.d.0DACB25A6E3DA8401FA225E04EC0E298.e.11120"}]}
RESULT: {}
RESULT: {"script":"<script> [8489 bytes]","args":[{"element-6066-11e4-a52e-4f735466cecf":"f.852D346EF878C3E5FC3136AC53424AFF.d.0DACB25A6E3DA8401FA225E04EC0E298.e.11120","ELEMENT":"f.852D346EF878C3E5FC3136AC53424AFF.d.0DACB25A6E3DA8401FA225E04EC0E298.e.11120"}]}
COMMAND: POST /session/0fb4450c6422fe69939d6824736e2f6f/execute/sync - {"script":"<script> [5351 bytes]","args":[{"element-6066-11e4-a52e-4f735466cecf":"f.852D346EF878C3E5FC3136AC53424AFF.d.0DACB25A6E3DA8401FA225E04EC0E298.e.11120","ELEMENT":"f.852D346EF878C3E5FC3136AC53424AFF.d.0DACB25A6E3DA8401FA225E04EC0E298.e.11120"}]}
COMMAND: GET /session/0fb4450c6422fe69939d6824736e2f6f/screenshot - {}
RESULT: {"script":"<script> [5351 bytes]","args":[{"element-6066-11e4-a52e-4f735466cecf":"f.852D346EF878C3E5FC3136AC53424AFF.d.0DACB25A6E3DA8401FA225E04EC0E298.e.11120","ELEMENT":"f.852D346EF878C3E5FC3136AC53424AFF.d.0DACB25A6E3DA8401FA225E04EC0E298.e.11120"}]}
COMMAND: POST /session/0fb4450c6422fe69939d6824736e2f6f/element - {"using":"css selector","value":"#shell-header-logo"}
COMMAND: GET /session/0fb4450c6422fe69939d6824736e2f6f/screenshot - {}
RESULT: {}
RESULT: {"using":"css selector","value":"#shell-header-logo"}
COMMAND: POST /session/0fb4450c6422fe69939d6824736e2f6f/element/f.852D346EF878C3E5FC3136AC53424AFF.d.0DACB25A6E3DA8401FA225E04EC0E298.e.11120/click - {}
RESULT: {}
RESULT: {}
COMMAND: GET /session/0fb4450c6422fe69939d6824736e2f6f/screenshot - {}
RESULT: {}
COMMAND: POST /session/0fb4450c6422fe69939d6824736e2f6f/execute/async - {"script":"<script> [189 bytes]","args":[]}
RESULT: {"script":"<script> [189 bytes]","args":[]}
COMMAND: POST /session/0fb4450c6422fe69939d6824736e2f6f/execute/async - {"script":"<script> [123 bytes]","args":[]}
RESULT: {"script":"<script> [123 bytes]","args":[]}
COMMAND: POST /session/0fb4450c6422fe69939d6824736e2f6f/timeouts - {"script":"<number>"}
RESULT: {"script":"<number>"}
COMMAND: GET /session/0fb4450c6422fe69939d6824736e2f6f/timeouts - {}
RESULT: {}
RESULT: undefined
COMMAND: POST /session/0fb4450c6422fe69939d6824736e2f6f/execute/async - {"script":"<script> [2676 bytes]","args":[]}
RESULT: {"script":"<script> [2676 bytes]","args":[]}
COMMAND: POST /session/0fb4450c6422fe69939d6824736e2f6f/execute/async - {"script":"<script> [2342 bytes]","args":[{"protocol":"http","hostname":"0.0.0.0","path":"/","capabilities":{"browserName":"chrome","goog:chromeOptions":{"binary":"C:\\Program Files\\Google\\Chrome\\Application\\chrome.exe","args":["--start-maximized"]}},"logLevel":"warn","connectionRetryTimeout":120000,"connectionRetryCount":3,"logLevels":{},"enableDirectConnect":true,"strictSSL":true,"_":"65 more keys: [\"cacheDir\",\"port\",\"requestedCapabilities\",\"automationProtocol\",\"baseUrl\",\"waitforInterval\",\"waitforTimeout\",\"onReload\",\"beforeCommand\",\"afterCommand\",\"rootDir\",\"specs\",\"suites\",\"exclude\",\"groupLogsByTestSpec\",\"excludeDriverLogs\",\"bail\",\"framework\",\"reporters\",\"services\",\"maxInstances\",\"maxInstancesPerCapability\",\"injectGlobals\",\"filesToWatch\",\"execArgv\",\"runnerEnv\",\"runner\",\"shard\",\"specFileRetries\",\"specFileRetriesDelay\",\"specFileRetriesDeferred\",\"reporterSyncInterval\",\"reporterSyncTimeout\",\"cucumberFeaturesWithLineNumbers\",\"autoCompileOpts\",\"mochaOpts\",\"jasmineOpts\",\"cucumberOpts\",\"onPrepare\",\"onWorkerStart\",\"onWorkerEnd\",\"before\",\"beforeSession\",\"beforeSuite\",\"beforeHook\",\"beforeTest\",\"afterTest\",\"afterHook\",\"afterSuite\",\"afterSession\",\"after\",\"onComplete\",\"beforeAssertion\",\"afterAssertion\",\"beforeFeature\",\"beforeScenario\",\"beforeStep\",\"afterStep\",\"afterScenario\",\"afterFeature\",\"_\",\"suite\",\"$0\",\"ignoredWorkerServices\",\"wdi5\"]"}]}
RESULT: {"script":"<script> [2342 bytes]","args":[{"protocol":"http","hostname":"0.0.0.0","path":"/","capabilities":{"browserName":"chrome","goog:chromeOptions":{"binary":"C:\\Program Files\\Google\\Chrome\\Application\\chrome.exe","args":["--start-maximized"]}},"logLevel":"warn","connectionRetryTimeout":120000,"connectionRetryCount":3,"logLevels":{},"enableDirectConnect":true,"strictSSL":true,"_":"65 more keys: [\"cacheDir\",\"port\",\"requestedCapabilities\",\"automationProtocol\",\"baseUrl\",\"waitforInterval\",\"waitforTimeout\",\"onReload\",\"beforeCommand\",\"afterCommand\",\"rootDir\",\"specs\",\"suites\",\"exclude\",\"groupLogsByTestSpec\",\"excludeDriverLogs\",\"bail\",\"framework\",\"reporters\",\"services\",\"maxInstances\",\"maxInstancesPerCapability\",\"injectGlobals\",\"filesToWatch\",\"execArgv\",\"runnerEnv\",\"runner\",\"shard\",\"specFileRetries\",\"specFileRetriesDelay\",\"specFileRetriesDeferred\",\"reporterSyncInterval\",\"reporterSyncTimeout\",\"cucumberFeaturesWithLineNumbers\",\"autoCompileOpts\",\"mochaOpts\",\"jasmineOpts\",\"cucumberOpts\",\"onPrepare\",\"onWorkerStart\",\"onWorkerEnd\",\"before\",\"beforeSession\",\"beforeSuite\",\"beforeHook\",\"beforeTest\",\"afterTest\",\"afterHook\",\"afterSuite\",\"afterSession\",\"after\",\"onComplete\",\"beforeAssertion\",\"afterAssertion\",\"beforeFeature\",\"beforeScenario\",\"beforeStep\",\"afterStep\",\"afterScenario\",\"afterFeature\",\"_\",\"suite\",\"$0\",\"ignoredWorkerServices\",\"wdi5\"]"}]}
COMMAND: POST /session/0fb4450c6422fe69939d6824736e2f6f/execute/async - {"script":"<script> [21126 bytes]","args":[35000]}
RESULT: {"script":"<script> [21126 bytes]","args":[35000]}
COMMAND: POST /session/0fb4450c6422fe69939d6824736e2f6f/window/maximize - {}
RESULT: {}
COMMAND: POST /session/0fb4450c6422fe69939d6824736e2f6f/execute/async - {"script":"<script> [1562 bytes]","args":[{"selector":{"id":"shell-header","interaction":{"idSuffix":"icon"}},"wdio_ui5_key":"shellheader"}]}
COMMAND: GET /session/0fb4450c6422fe69939d6824736e2f6f/screenshot - {}
RESULT: {"script":"<script> [1562 bytes]","args":[{"selector":{"id":"shell-header","interaction":{"idSuffix":"icon"}},"wdio_ui5_key":"shellheader"}]}
RESULT: undefined
COMMAND: POST /session/0fb4450c6422fe69939d6824736e2f6f/window/fullscreen - {}
RESULT: {}
RESULT: {}
]]></system-out>
    </testcase>
  </testsuite>
  <testsuite timestamp="2025-05-18T16:47:34" time="423.246" tests="4" failures="0" errors="0" skipped="0">
    <properties>
      <property name="specId" value="0" />
      <property name="suiteName" value="Provide to Site w/o warehouse management w/ clarification US116605" />
      <property name="capabilities" value="chrome.136_0_7103_93.windows" />
      <property name="file" value="file:///D:/a/1/s/test/specs/HTR/provide-to-site-wo-warehouse-w-clarification.spec.js" />
    </properties>
    <testcase classname="chrome.136_0_7103_93.windows.Provide_to_Site_w/o_warehouse_management_w/_clarification_US116605" name="Should create a new yard" time="113.171">
      <system-out><![CDATA[
COMMAND: POST /session/0fb4450c6422fe69939d6824736e2f6f/window/fullscreen - {}
RESULT: {}
COMMAND: POST /session/0fb4450c6422fe69939d6824736e2f6f/execute/async - {"script":"<script> [1562 bytes]","args":[{"selector":{"controlType":"sap.m.GenericTile","properties":{"header":"Manage Yards"}},"wdio_ui5_key":"sapm.GenericTile{\"header\":\"Manage Yards\"}"}]}
RESULT: {"script":"<script> [1562 bytes]","args":[{"selector":{"controlType":"sap.m.GenericTile","properties":{"header":"Manage Yards"}},"wdio_ui5_key":"sapm.GenericTile{\"header\":\"Manage Yards\"}"}]}
RESULT: undefined
COMMAND: POST /session/0fb4450c6422fe69939d6824736e2f6f/element - {"using":"xpath","value":"//*[@id=\"__tile33\"]"}
RESULT: {"using":"xpath","value":"//*[@id=\"__tile33\"]"}
COMMAND: POST /session/0fb4450c6422fe69939d6824736e2f6f/element/f.852D346EF878C3E5FC3136AC53424AFF.d.0DACB25A6E3DA8401FA225E04EC0E298.e.11143/click - {}
RESULT: {}
COMMAND: GET /session/0fb4450c6422fe69939d6824736e2f6f/screenshot - {}
RESULT: {}
COMMAND: POST /session/0fb4450c6422fe69939d6824736e2f6f/elements - {"using":"xpath","value":"//span[text()='Error']"}
RESULT: {"using":"xpath","value":"//span[text()='Error']"}
COMMAND: POST /session/0fb4450c6422fe69939d6824736e2f6f/element - {"using":"xpath","value":"//button[@data-kt=\"addNewYardOverflowToolbarButton\"]"}
RESULT: {"using":"xpath","value":"//button[@data-kt=\"addNewYardOverflowToolbarButton\"]"}
COMMAND: POST /session/0fb4450c6422fe69939d6824736e2f6f/elements - {"using":"xpath","value":"//button[@data-kt=\"addNewYardOverflowToolbarButton\"]"}
RESULT: {"using":"xpath","value":"//button[@data-kt=\"addNewYardOverflowToolbarButton\"]"}
COMMAND: POST /session/0fb4450c6422fe69939d6824736e2f6f/execute/sync - {"script":"<script> [8489 bytes]","args":[{"element-6066-11e4-a52e-4f735466cecf":"f.852D346EF878C3E5FC3136AC53424AFF.d.0DACB25A6E3DA8401FA225E04EC0E298.e.11279","ELEMENT":"f.852D346EF878C3E5FC3136AC53424AFF.d.0DACB25A6E3DA8401FA225E04EC0E298.e.11279"}]}
RESULT: {"script":"<script> [8489 bytes]","args":[{"element-6066-11e4-a52e-4f735466cecf":"f.852D346EF878C3E5FC3136AC53424AFF.d.0DACB25A6E3DA8401FA225E04EC0E298.e.11279","ELEMENT":"f.852D346EF878C3E5FC3136AC53424AFF.d.0DACB25A6E3DA8401FA225E04EC0E298.e.11279"}]}
COMMAND: GET /session/0fb4450c6422fe69939d6824736e2f6f/element/f.852D346EF878C3E5FC3136AC53424AFF.d.0DACB25A6E3DA8401FA225E04EC0E298.e.11279/enabled - {}
COMMAND: GET /session/0fb4450c6422fe69939d6824736e2f6f/screenshot - {}
RESULT: {}
COMMAND: POST /session/0fb4450c6422fe69939d6824736e2f6f/execute/sync - {"script":"<script> [8489 bytes]","args":[{"element-6066-11e4-a52e-4f735466cecf":"f.852D346EF878C3E5FC3136AC53424AFF.d.0DACB25A6E3DA8401FA225E04EC0E298.e.11279","ELEMENT":"f.852D346EF878C3E5FC3136AC53424AFF.d.0DACB25A6E3DA8401FA225E04EC0E298.e.11279"}]}
COMMAND: GET /session/0fb4450c6422fe69939d6824736e2f6f/screenshot - {}
RESULT: {}
RESULT: {"script":"<script> [8489 bytes]","args":[{"element-6066-11e4-a52e-4f735466cecf":"f.852D346EF878C3E5FC3136AC53424AFF.d.0DACB25A6E3DA8401FA225E04EC0E298.e.11279","ELEMENT":"f.852D346EF878C3E5FC3136AC53424AFF.d.0DACB25A6E3DA8401FA225E04EC0E298.e.11279"}]}
COMMAND: POST /session/0fb4450c6422fe69939d6824736e2f6f/execute/sync - {"script":"<script> [5351 bytes]","args":[{"element-6066-11e4-a52e-4f735466cecf":"f.852D346EF878C3E5FC3136AC53424AFF.d.0DACB25A6E3DA8401FA225E04EC0E298.e.11279","ELEMENT":"f.852D346EF878C3E5FC3136AC53424AFF.d.0DACB25A6E3DA8401FA225E04EC0E298.e.11279"}]}
COMMAND: GET /session/0fb4450c6422fe69939d6824736e2f6f/screenshot - {}
RESULT: {}
RESULT: {"script":"<script> [5351 bytes]","args":[{"element-6066-11e4-a52e-4f735466cecf":"f.852D346EF878C3E5FC3136AC53424AFF.d.0DACB25A6E3DA8401FA225E04EC0E298.e.11279","ELEMENT":"f.852D346EF878C3E5FC3136AC53424AFF.d.0DACB25A6E3DA8401FA225E04EC0E298.e.11279"}]}
COMMAND: POST /session/0fb4450c6422fe69939d6824736e2f6f/element/f.852D346EF878C3E5FC3136AC53424AFF.d.0DACB25A6E3DA8401FA225E04EC0E298.e.11279/click - {}
COMMAND: GET /session/0fb4450c6422fe69939d6824736e2f6f/screenshot - {}
RESULT: {}
RESULT: {}
COMMAND: GET /session/0fb4450c6422fe69939d6824736e2f6f/screenshot - {}
RESULT: {}
RESULT: {}
COMMAND: POST /session/0fb4450c6422fe69939d6824736e2f6f/element - {"using":"xpath","value":"//input[@id=\"application-manageyards-display-component---NewYard--yardId-inner\"]"}
RESULT: {"using":"xpath","value":"//input[@id=\"application-manageyards-display-component---NewYard--yardId-inner\"]"}
COMMAND: POST /session/0fb4450c6422fe69939d6824736e2f6f/element - {"using":"xpath","value":"//input[@id=\"application-manageyards-display-component---NewYard--yardId-inner\"]"}
RESULT: {"using":"xpath","value":"//input[@id=\"application-manageyards-display-component---NewYard--yardId-inner\"]"}
COMMAND: POST /session/0fb4450c6422fe69939d6824736e2f6f/execute/async - {"script":"<script> [1562 bytes]","args":[{"selector":{"id":"application-manageyards-display-component---NewYard--addressDetailDetailsName1","interaction":{"idSuffix":"inner"}},"wdio_ui5_key":"applicationmanageyards-display-component---NewYard--addressDetailDetailsName1"}]}
RESULT: {"script":"<script> [1562 bytes]","args":[{"selector":{"id":"application-manageyards-display-component---NewYard--addressDetailDetailsName1","interaction":{"idSuffix":"inner"}},"wdio_ui5_key":"applicationmanageyards-display-component---NewYard--addressDetailDetailsName1"}]}
RESULT: undefined
COMMAND: POST /session/0fb4450c6422fe69939d6824736e2f6f/execute/async - {"script":"<script> [776 bytes]","args":[{"enterText":"Other Yard WDIO","selector":{"id":"application-manageyards-display-component---NewYard--addressDetailDetailsName1","interaction":{"idSuffix":"inner"}},"clearTextFirst":true,"interactionType":"ENTER_TEXT"}]}
RESULT: {"script":"<script> [776 bytes]","args":[{"enterText":"Other Yard WDIO","selector":{"id":"application-manageyards-display-component---NewYard--addressDetailDetailsName1","interaction":{"idSuffix":"inner"}},"clearTextFirst":true,"interactionType":"ENTER_TEXT"}]}
COMMAND: POST /session/0fb4450c6422fe69939d6824736e2f6f/execute/async - {"script":"<script> [1562 bytes]","args":[{"selector":{"id":"application-manageyards-display-component---NewYard--addressDetailDetailsLanguage-arrow"},"wdio_ui5_key":"applicationmanageyards-display-component---NewYard--addressDetailDetailsLanguage-arrow"}]}
RESULT: {"script":"<script> [1562 bytes]","args":[{"selector":{"id":"application-manageyards-display-component---NewYard--addressDetailDetailsLanguage-arrow"},"wdio_ui5_key":"applicationmanageyards-display-component---NewYard--addressDetailDetailsLanguage-arrow"}]}
RESULT: undefined
COMMAND: POST /session/0fb4450c6422fe69939d6824736e2f6f/element - {"using":"xpath","value":"//*[@id=\"application-manageyards-display-component---NewYard--addressDetailDetailsLanguage-arrow\"]"}
RESULT: {"using":"xpath","value":"//*[@id=\"application-manageyards-display-component---NewYard--addressDetailDetailsLanguage-arrow\"]"}
COMMAND: POST /session/0fb4450c6422fe69939d6824736e2f6f/element/f.852D346EF878C3E5FC3136AC53424AFF.d.0DACB25A6E3DA8401FA225E04EC0E298.e.11709/click - {}
RESULT: {}
COMMAND: POST /session/0fb4450c6422fe69939d6824736e2f6f/element - {"using":"xpath","value":"//span[contains(text(), \"English\")]"}
COMMAND: GET /session/0fb4450c6422fe69939d6824736e2f6f/screenshot - {}
RESULT: {"using":"xpath","value":"//span[contains(text(), \"English\")]"}
COMMAND: POST /session/0fb4450c6422fe69939d6824736e2f6f/element/f.852D346EF878C3E5FC3136AC53424AFF.d.0DACB25A6E3DA8401FA225E04EC0E298.e.11710/click - {}
RESULT: {}
RESULT: {}
COMMAND: POST /session/0fb4450c6422fe69939d6824736e2f6f/execute/async - {"script":"<script> [1562 bytes]","args":[{"selector":{"id":"application-manageyards-display-component---NewYard--addressDetailDetailsCity1","interaction":{"idSuffix":"inner"}},"wdio_ui5_key":"applicationmanageyards-display-component---NewYard--addressDetailDetailsCity1"}]}
COMMAND: GET /session/0fb4450c6422fe69939d6824736e2f6f/screenshot - {}
RESULT: {"script":"<script> [1562 bytes]","args":[{"selector":{"id":"application-manageyards-display-component---NewYard--addressDetailDetailsCity1","interaction":{"idSuffix":"inner"}},"wdio_ui5_key":"applicationmanageyards-display-component---NewYard--addressDetailDetailsCity1"}]}
RESULT: undefined
COMMAND: POST /session/0fb4450c6422fe69939d6824736e2f6f/execute/async - {"script":"<script> [776 bytes]","args":[{"enterText":"Rosario","selector":{"id":"application-manageyards-display-component---NewYard--addressDetailDetailsCity1","interaction":{"idSuffix":"inner"}},"clearTextFirst":true,"interactionType":"ENTER_TEXT"}]}
RESULT: {}
RESULT: {"script":"<script> [776 bytes]","args":[{"enterText":"Rosario","selector":{"id":"application-manageyards-display-component---NewYard--addressDetailDetailsCity1","interaction":{"idSuffix":"inner"}},"clearTextFirst":true,"interactionType":"ENTER_TEXT"}]}
COMMAND: POST /session/0fb4450c6422fe69939d6824736e2f6f/execute/async - {"script":"<script> [1562 bytes]","args":[{"selector":{"id":"application-manageyards-display-component---NewYard--addressDetailDetailsCountry-arrow"},"wdio_ui5_key":"applicationmanageyards-display-component---NewYard--addressDetailDetailsCountry-arrow"}]}
RESULT: {"script":"<script> [1562 bytes]","args":[{"selector":{"id":"application-manageyards-display-component---NewYard--addressDetailDetailsCountry-arrow"},"wdio_ui5_key":"applicationmanageyards-display-component---NewYard--addressDetailDetailsCountry-arrow"}]}
RESULT: undefined
COMMAND: POST /session/0fb4450c6422fe69939d6824736e2f6f/element - {"using":"xpath","value":"//*[@id=\"application-manageyards-display-component---NewYard--addressDetailDetailsCountry-arrow\"]"}
RESULT: {"using":"xpath","value":"//*[@id=\"application-manageyards-display-component---NewYard--addressDetailDetailsCountry-arrow\"]"}
COMMAND: POST /session/0fb4450c6422fe69939d6824736e2f6f/element/f.852D346EF878C3E5FC3136AC53424AFF.d.0DACB25A6E3DA8401FA225E04EC0E298.e.11712/click - {}
RESULT: {}
COMMAND: POST /session/0fb4450c6422fe69939d6824736e2f6f/element - {"using":"xpath","value":"//span[contains(text(), \"Argentina\")]"}
COMMAND: GET /session/0fb4450c6422fe69939d6824736e2f6f/screenshot - {}
RESULT: {"using":"xpath","value":"//span[contains(text(), \"Argentina\")]"}
COMMAND: POST /session/0fb4450c6422fe69939d6824736e2f6f/element/f.852D346EF878C3E5FC3136AC53424AFF.d.0DACB25A6E3DA8401FA225E04EC0E298.e.11713/click - {}
RESULT: {}
RESULT: {}
COMMAND: POST /session/0fb4450c6422fe69939d6824736e2f6f/execute/async - {"script":"<script> [1562 bytes]","args":[{"selector":{"id":"application-manageyards-display-component---NewYard--addressEditDetailsCostObjectCstType-arrow"},"wdio_ui5_key":"applicationmanageyards-display-component---NewYard--addressEditDetailsCostObjectCstType-arrow"}]}
COMMAND: GET /session/0fb4450c6422fe69939d6824736e2f6f/screenshot - {}
RESULT: {"script":"<script> [1562 bytes]","args":[{"selector":{"id":"application-manageyards-display-component---NewYard--addressEditDetailsCostObjectCstType-arrow"},"wdio_ui5_key":"applicationmanageyards-display-component---NewYard--addressEditDetailsCostObjectCstType-arrow"}]}
RESULT: undefined
COMMAND: POST /session/0fb4450c6422fe69939d6824736e2f6f/element - {"using":"xpath","value":"//*[@id=\"application-manageyards-display-component---NewYard--addressEditDetailsCostObjectCstType-arrow\"]"}
RESULT: {}
RESULT: {"using":"xpath","value":"//*[@id=\"application-manageyards-display-component---NewYard--addressEditDetailsCostObjectCstType-arrow\"]"}
COMMAND: POST /session/0fb4450c6422fe69939d6824736e2f6f/element/f.852D346EF878C3E5FC3136AC53424AFF.d.0DACB25A6E3DA8401FA225E04EC0E298.e.11715/click - {}
RESULT: {}
COMMAND: POST /session/0fb4450c6422fe69939d6824736e2f6f/element - {"using":"xpath","value":"//span[contains(text(), \"Cost Center\")]"}
COMMAND: GET /session/0fb4450c6422fe69939d6824736e2f6f/screenshot - {}
RESULT: {"using":"xpath","value":"//span[contains(text(), \"Cost Center\")]"}
COMMAND: POST /session/0fb4450c6422fe69939d6824736e2f6f/element/f.852D346EF878C3E5FC3136AC53424AFF.d.0DACB25A6E3DA8401FA225E04EC0E298.e.11716/click - {}
RESULT: {}
RESULT: {}
COMMAND: GET /session/0fb4450c6422fe69939d6824736e2f6f/screenshot - {}
RESULT: {}
COMMAND: POST /session/0fb4450c6422fe69939d6824736e2f6f/element - {"using":"xpath","value":"//span[@id=\"application-manageyards-display-component---NewYard--addressNewCostObjectCstID-vhi\"]"}
RESULT: {"using":"xpath","value":"//span[@id=\"application-manageyards-display-component---NewYard--addressNewCostObjectCstID-vhi\"]"}
COMMAND: POST /session/0fb4450c6422fe69939d6824736e2f6f/execute/sync - {"script":"<script> [8489 bytes]","args":[{"element-6066-11e4-a52e-4f735466cecf":"f.852D346EF878C3E5FC3136AC53424AFF.d.0DACB25A6E3DA8401FA225E04EC0E298.e.11720","ELEMENT":"f.852D346EF878C3E5FC3136AC53424AFF.d.0DACB25A6E3DA8401FA225E04EC0E298.e.11720"}]}
RESULT: {"script":"<script> [8489 bytes]","args":[{"element-6066-11e4-a52e-4f735466cecf":"f.852D346EF878C3E5FC3136AC53424AFF.d.0DACB25A6E3DA8401FA225E04EC0E298.e.11720","ELEMENT":"f.852D346EF878C3E5FC3136AC53424AFF.d.0DACB25A6E3DA8401FA225E04EC0E298.e.11720"}]}
COMMAND: POST /session/0fb4450c6422fe69939d6824736e2f6f/execute/async - {"script":"<script> [1562 bytes]","args":[{"selector":{"id":"application-manageyards-display-component---NewYard--addressNewCostObjectCstID-vhi"},"wdio_ui5_key":"applicationmanageyards-display-component---NewYard--addressNewCostObjectCstID-vhi"}]}
COMMAND: GET /session/0fb4450c6422fe69939d6824736e2f6f/screenshot - {}
RESULT: {"script":"<script> [1562 bytes]","args":[{"selector":{"id":"application-manageyards-display-component---NewYard--addressNewCostObjectCstID-vhi"},"wdio_ui5_key":"applicationmanageyards-display-component---NewYard--addressNewCostObjectCstID-vhi"}]}
RESULT: undefined
COMMAND: POST /session/0fb4450c6422fe69939d6824736e2f6f/element - {"using":"xpath","value":"//*[@id=\"application-manageyards-display-component---NewYard--addressNewCostObjectCstID-vhi\"]"}
RESULT: {}
RESULT: {"using":"xpath","value":"//*[@id=\"application-manageyards-display-component---NewYard--addressNewCostObjectCstID-vhi\"]"}
COMMAND: POST /session/0fb4450c6422fe69939d6824736e2f6f/element/f.852D346EF878C3E5FC3136AC53424AFF.d.0DACB25A6E3DA8401FA225E04EC0E298.e.11720/click - {}
RESULT: {}
COMMAND: GET /session/0fb4450c6422fe69939d6824736e2f6f/screenshot - {}
RESULT: {}
COMMAND: POST /session/0fb4450c6422fe69939d6824736e2f6f/execute/async - {"script":"<script> [1562 bytes]","args":[{"selector":{"controlType":"sap.m.SearchField","properties":{"placeholder":"Search"},"searchOpenDialogs":true,"interaction":{"idSuffix":"I"}},"wdio_ui5_key":"sapm.SearchField{\"placeholder\":\"Search\"}"}]}
RESULT: {"script":"<script> [1562 bytes]","args":[{"selector":{"controlType":"sap.m.SearchField","properties":{"placeholder":"Search"},"searchOpenDialogs":true,"interaction":{"idSuffix":"I"}},"wdio_ui5_key":"sapm.SearchField{\"placeholder\":\"Search\"}"}]}
RESULT: undefined
COMMAND: POST /session/0fb4450c6422fe69939d6824736e2f6f/execute/async - {"script":"<script> [776 bytes]","args":[{"enterText":"bauh_b","selector":{"controlType":"sap.m.SearchField","properties":{"placeholder":"Search"},"searchOpenDialogs":true,"interaction":{"idSuffix":"I"}},"clearTextFirst":true,"interactionType":"ENTER_TEXT"}]}
RESULT: {"script":"<script> [776 bytes]","args":[{"enterText":"bauh_b","selector":{"controlType":"sap.m.SearchField","properties":{"placeholder":"Search"},"searchOpenDialogs":true,"interaction":{"idSuffix":"I"}},"clearTextFirst":true,"interactionType":"ENTER_TEXT"}]}
COMMAND: POST /session/0fb4450c6422fe69939d6824736e2f6f/actions - {"actions":[{"id":"action40","type":"key","parameters":{},"actions":[{"type":"keyDown","value":"î€‡"},{"type":"pause","duration":10},{"type":"keyUp","value":"î€‡"}]}]}
RESULT: {"actions":[{"id":"action40","type":"key","parameters":{},"actions":[{"type":"keyDown","value":"î€‡"},{"type":"pause","duration":10},{"type":"keyUp","value":"î€‡"}]}]}
COMMAND: GET /session/0fb4450c6422fe69939d6824736e2f6f/screenshot - {}
RESULT: {}
COMMAND: POST /session/0fb4450c6422fe69939d6824736e2f6f/element - {"using":"xpath","value":"//span[contains(text(), \"Demo Yard\")]"}
RESULT: {"using":"xpath","value":"//span[contains(text(), \"Demo Yard\")]"}
COMMAND: POST /session/0fb4450c6422fe69939d6824736e2f6f/element/f.852D346EF878C3E5FC3136AC53424AFF.d.0DACB25A6E3DA8401FA225E04EC0E298.e.11762/click - {}
RESULT: {}
COMMAND: GET /session/0fb4450c6422fe69939d6824736e2f6f/screenshot - {}
RESULT: {}
COMMAND: POST /session/0fb4450c6422fe69939d6824736e2f6f/element - {"using":"xpath","value":"//bdi[contains(text(), \"OK\")]"}
RESULT: {"using":"xpath","value":"//bdi[contains(text(), \"OK\")]"}
COMMAND: POST /session/0fb4450c6422fe69939d6824736e2f6f/element/f.852D346EF878C3E5FC3136AC53424AFF.d.0DACB25A6E3DA8401FA225E04EC0E298.e.11763/click - {}
RESULT: {}
COMMAND: GET /session/0fb4450c6422fe69939d6824736e2f6f/screenshot - {}
RESULT: {}
COMMAND: POST /session/0fb4450c6422fe69939d6824736e2f6f/execute/async - {"script":"<script> [1562 bytes]","args":[{"selector":{"id":"application-manageyards-display-component---NewYard--addressEditDetailsCurrency-arrow"},"wdio_ui5_key":"applicationmanageyards-display-component---NewYard--addressEditDetailsCurrency-arrow"}]}
RESULT: {"script":"<script> [1562 bytes]","args":[{"selector":{"id":"application-manageyards-display-component---NewYard--addressEditDetailsCurrency-arrow"},"wdio_ui5_key":"applicationmanageyards-display-component---NewYard--addressEditDetailsCurrency-arrow"}]}
RESULT: undefined
COMMAND: POST /session/0fb4450c6422fe69939d6824736e2f6f/element - {"using":"xpath","value":"//*[@id=\"application-manageyards-display-component---NewYard--addressEditDetailsCurrency-arrow\"]"}
RESULT: {"using":"xpath","value":"//*[@id=\"application-manageyards-display-component---NewYard--addressEditDetailsCurrency-arrow\"]"}
COMMAND: POST /session/0fb4450c6422fe69939d6824736e2f6f/element/f.852D346EF878C3E5FC3136AC53424AFF.d.0DACB25A6E3DA8401FA225E04EC0E298.e.11766/click - {}
RESULT: {}
COMMAND: POST /session/0fb4450c6422fe69939d6824736e2f6f/element - {"using":"xpath","value":"//span[contains(text(), \"Euro\")]"}
COMMAND: GET /session/0fb4450c6422fe69939d6824736e2f6f/screenshot - {}
RESULT: {"using":"xpath","value":"//span[contains(text(), \"Euro\")]"}
COMMAND: POST /session/0fb4450c6422fe69939d6824736e2f6f/element/f.852D346EF878C3E5FC3136AC53424AFF.d.0DACB25A6E3DA8401FA225E04EC0E298.e.11767/click - {}
RESULT: {}
RESULT: {}
COMMAND: POST /session/0fb4450c6422fe69939d6824736e2f6f/execute/async - {"script":"<script> [1562 bytes]","args":[{"selector":{"controlType":"sap.m.Input","viewName":"etm.portal.ui.manageyards.view.New","viewId":"application-manageyards-display-component---NewYard","bindingPath":{"path":"","propertyPath":"/CONTROLLING_AREA","modelName":"NewYardModel"},"interaction":{"idSuffix":"inner"}},"wdio_ui5_key":"etmportal.ui.manageyards.view.Newsap.m.Input{\"path\":\"\",\"propertyPath\":\"/CONTROLLING_AREA\",\"modelName\":\"NewYardModel\"}"}]}
COMMAND: GET /session/0fb4450c6422fe69939d6824736e2f6f/screenshot - {}
RESULT: {"script":"<script> [1562 bytes]","args":[{"selector":{"controlType":"sap.m.Input","viewName":"etm.portal.ui.manageyards.view.New","viewId":"application-manageyards-display-component---NewYard","bindingPath":{"path":"","propertyPath":"/CONTROLLING_AREA","modelName":"NewYardModel"},"interaction":{"idSuffix":"inner"}},"wdio_ui5_key":"etmportal.ui.manageyards.view.Newsap.m.Input{\"path\":\"\",\"propertyPath\":\"/CONTROLLING_AREA\",\"modelName\":\"NewYardModel\"}"}]}
RESULT: undefined
COMMAND: POST /session/0fb4450c6422fe69939d6824736e2f6f/execute/async - {"script":"<script> [776 bytes]","args":[{"enterText":"Z001","selector":{"controlType":"sap.m.Input","viewName":"etm.portal.ui.manageyards.view.New","viewId":"application-manageyards-display-component---NewYard","bindingPath":{"path":"","propertyPath":"/CONTROLLING_AREA","modelName":"NewYardModel"},"interaction":{"idSuffix":"inner"}},"clearTextFirst":true,"interactionType":"ENTER_TEXT"}]}
RESULT: {}
RESULT: {"script":"<script> [776 bytes]","args":[{"enterText":"Z001","selector":{"controlType":"sap.m.Input","viewName":"etm.portal.ui.manageyards.view.New","viewId":"application-manageyards-display-component---NewYard","bindingPath":{"path":"","propertyPath":"/CONTROLLING_AREA","modelName":"NewYardModel"},"interaction":{"idSuffix":"inner"}},"clearTextFirst":true,"interactionType":"ENTER_TEXT"}]}
COMMAND: POST /session/0fb4450c6422fe69939d6824736e2f6f/execute/async - {"script":"<script> [1562 bytes]","args":[{"selector":{"id":"application-manageyards-display-component---NewYard--companyCodeComboBox","interaction":{"idSuffix":"inner"}},"wdio_ui5_key":"applicationmanageyards-display-component---NewYard--companyCodeComboBox"}]}
RESULT: {"script":"<script> [1562 bytes]","args":[{"selector":{"id":"application-manageyards-display-component---NewYard--companyCodeComboBox","interaction":{"idSuffix":"inner"}},"wdio_ui5_key":"applicationmanageyards-display-component---NewYard--companyCodeComboBox"}]}
RESULT: undefined
COMMAND: POST /session/0fb4450c6422fe69939d6824736e2f6f/execute/async - {"script":"<script> [776 bytes]","args":[{"enterText":"1000","selector":{"id":"application-manageyards-display-component---NewYard--companyCodeComboBox","interaction":{"idSuffix":"inner"}},"clearTextFirst":true,"interactionType":"ENTER_TEXT"}]}
RESULT: {"script":"<script> [776 bytes]","args":[{"enterText":"1000","selector":{"id":"application-manageyards-display-component---NewYard--companyCodeComboBox","interaction":{"idSuffix":"inner"}},"clearTextFirst":true,"interactionType":"ENTER_TEXT"}]}
COMMAND: POST /session/0fb4450c6422fe69939d6824736e2f6f/execute/async - {"script":"<script> [1562 bytes]","args":[{"selector":{"controlType":"sap.m.Input","viewName":"etm.portal.ui.manageyards.view.New","viewId":"application-manageyards-display-component---NewYard","bindingPath":{"path":"","propertyPath":"/PLANT","modelName":"NewYardModel"},"interaction":{"idSuffix":"inner"}},"wdio_ui5_key":"etmportal.ui.manageyards.view.Newsap.m.Input{\"path\":\"\",\"propertyPath\":\"/PLANT\",\"modelName\":\"NewYardModel\"}"}]}
RESULT: {"script":"<script> [1562 bytes]","args":[{"selector":{"controlType":"sap.m.Input","viewName":"etm.portal.ui.manageyards.view.New","viewId":"application-manageyards-display-component---NewYard","bindingPath":{"path":"","propertyPath":"/PLANT","modelName":"NewYardModel"},"interaction":{"idSuffix":"inner"}},"wdio_ui5_key":"etmportal.ui.manageyards.view.Newsap.m.Input{\"path\":\"\",\"propertyPath\":\"/PLANT\",\"modelName\":\"NewYardModel\"}"}]}
RESULT: undefined
COMMAND: POST /session/0fb4450c6422fe69939d6824736e2f6f/execute/async - {"script":"<script> [776 bytes]","args":[{"enterText":"1001","selector":{"controlType":"sap.m.Input","viewName":"etm.portal.ui.manageyards.view.New","viewId":"application-manageyards-display-component---NewYard","bindingPath":{"path":"","propertyPath":"/PLANT","modelName":"NewYardModel"},"interaction":{"idSuffix":"inner"}},"clearTextFirst":true,"interactionType":"ENTER_TEXT"}]}
RESULT: {"script":"<script> [776 bytes]","args":[{"enterText":"1001","selector":{"controlType":"sap.m.Input","viewName":"etm.portal.ui.manageyards.view.New","viewId":"application-manageyards-display-component---NewYard","bindingPath":{"path":"","propertyPath":"/PLANT","modelName":"NewYardModel"},"interaction":{"idSuffix":"inner"}},"clearTextFirst":true,"interactionType":"ENTER_TEXT"}]}
COMMAND: POST /session/0fb4450c6422fe69939d6824736e2f6f/execute/async - {"script":"<script> [1562 bytes]","args":[{"selector":{"controlType":"sap.m.Input","viewName":"etm.portal.ui.manageyards.view.New","viewId":"application-manageyards-display-component---NewYard","bindingPath":{"path":"","propertyPath":"/SALES_AREA_VKORG","modelName":"NewYardModel"},"interaction":{"idSuffix":"inner"}},"wdio_ui5_key":"etmportal.ui.manageyards.view.Newsap.m.Input{\"path\":\"\",\"propertyPath\":\"/SALES_AREA_VKORG\",\"modelName\":\"NewYardModel\"}"}]}
RESULT: {"script":"<script> [1562 bytes]","args":[{"selector":{"controlType":"sap.m.Input","viewName":"etm.portal.ui.manageyards.view.New","viewId":"application-manageyards-display-component---NewYard","bindingPath":{"path":"","propertyPath":"/SALES_AREA_VKORG","modelName":"NewYardModel"},"interaction":{"idSuffix":"inner"}},"wdio_ui5_key":"etmportal.ui.manageyards.view.Newsap.m.Input{\"path\":\"\",\"propertyPath\":\"/SALES_AREA_VKORG\",\"modelName\":\"NewYardModel\"}"}]}
RESULT: undefined
COMMAND: POST /session/0fb4450c6422fe69939d6824736e2f6f/execute/async - {"script":"<script> [776 bytes]","args":[{"enterText":"C002","selector":{"controlType":"sap.m.Input","viewName":"etm.portal.ui.manageyards.view.New","viewId":"application-manageyards-display-component---NewYard","bindingPath":{"path":"","propertyPath":"/SALES_AREA_VKORG","modelName":"NewYardModel"},"interaction":{"idSuffix":"inner"}},"clearTextFirst":true,"interactionType":"ENTER_TEXT"}]}
RESULT: {"script":"<script> [776 bytes]","args":[{"enterText":"C002","selector":{"controlType":"sap.m.Input","viewName":"etm.portal.ui.manageyards.view.New","viewId":"application-manageyards-display-component---NewYard","bindingPath":{"path":"","propertyPath":"/SALES_AREA_VKORG","modelName":"NewYardModel"},"interaction":{"idSuffix":"inner"}},"clearTextFirst":true,"interactionType":"ENTER_TEXT"}]}
COMMAND: POST /session/0fb4450c6422fe69939d6824736e2f6f/execute/async - {"script":"<script> [1562 bytes]","args":[{"selector":{"controlType":"sap.m.Input","viewName":"etm.portal.ui.manageyards.view.New","viewId":"application-manageyards-display-component---NewYard","bindingPath":{"path":"","propertyPath":"/SALES_AREA_VTWEG","modelName":"NewYardModel"},"interaction":{"idSuffix":"inner"}},"wdio_ui5_key":"etmportal.ui.manageyards.view.Newsap.m.Input{\"path\":\"\",\"propertyPath\":\"/SALES_AREA_VTWEG\",\"modelName\":\"NewYardModel\"}"}]}
RESULT: {"script":"<script> [1562 bytes]","args":[{"selector":{"controlType":"sap.m.Input","viewName":"etm.portal.ui.manageyards.view.New","viewId":"application-manageyards-display-component---NewYard","bindingPath":{"path":"","propertyPath":"/SALES_AREA_VTWEG","modelName":"NewYardModel"},"interaction":{"idSuffix":"inner"}},"wdio_ui5_key":"etmportal.ui.manageyards.view.Newsap.m.Input{\"path\":\"\",\"propertyPath\":\"/SALES_AREA_VTWEG\",\"modelName\":\"NewYardModel\"}"}]}
RESULT: undefined
COMMAND: POST /session/0fb4450c6422fe69939d6824736e2f6f/execute/async - {"script":"<script> [776 bytes]","args":[{"enterText":"C2","selector":{"controlType":"sap.m.Input","viewName":"etm.portal.ui.manageyards.view.New","viewId":"application-manageyards-display-component---NewYard","bindingPath":{"path":"","propertyPath":"/SALES_AREA_VTWEG","modelName":"NewYardModel"},"interaction":{"idSuffix":"inner"}},"clearTextFirst":true,"interactionType":"ENTER_TEXT"}]}
RESULT: {"script":"<script> [776 bytes]","args":[{"enterText":"C2","selector":{"controlType":"sap.m.Input","viewName":"etm.portal.ui.manageyards.view.New","viewId":"application-manageyards-display-component---NewYard","bindingPath":{"path":"","propertyPath":"/SALES_AREA_VTWEG","modelName":"NewYardModel"},"interaction":{"idSuffix":"inner"}},"clearTextFirst":true,"interactionType":"ENTER_TEXT"}]}
COMMAND: POST /session/0fb4450c6422fe69939d6824736e2f6f/execute/async - {"script":"<script> [1562 bytes]","args":[{"selector":{"controlType":"sap.m.Input","viewName":"etm.portal.ui.manageyards.view.New","viewId":"application-manageyards-display-component---NewYard","bindingPath":{"path":"","propertyPath":"/SALES_AREA_SPART","modelName":"NewYardModel"},"interaction":{"idSuffix":"inner"}},"wdio_ui5_key":"etmportal.ui.manageyards.view.Newsap.m.Input{\"path\":\"\",\"propertyPath\":\"/SALES_AREA_SPART\",\"modelName\":\"NewYardModel\"}"}]}
RESULT: {"script":"<script> [1562 bytes]","args":[{"selector":{"controlType":"sap.m.Input","viewName":"etm.portal.ui.manageyards.view.New","viewId":"application-manageyards-display-component---NewYard","bindingPath":{"path":"","propertyPath":"/SALES_AREA_SPART","modelName":"NewYardModel"},"interaction":{"idSuffix":"inner"}},"wdio_ui5_key":"etmportal.ui.manageyards.view.Newsap.m.Input{\"path\":\"\",\"propertyPath\":\"/SALES_AREA_SPART\",\"modelName\":\"NewYardModel\"}"}]}
RESULT: undefined
COMMAND: POST /session/0fb4450c6422fe69939d6824736e2f6f/execute/async - {"script":"<script> [776 bytes]","args":[{"enterText":"C2","selector":{"controlType":"sap.m.Input","viewName":"etm.portal.ui.manageyards.view.New","viewId":"application-manageyards-display-component---NewYard","bindingPath":{"path":"","propertyPath":"/SALES_AREA_SPART","modelName":"NewYardModel"},"interaction":{"idSuffix":"inner"}},"clearTextFirst":true,"interactionType":"ENTER_TEXT"}]}
RESULT: {"script":"<script> [776 bytes]","args":[{"enterText":"C2","selector":{"controlType":"sap.m.Input","viewName":"etm.portal.ui.manageyards.view.New","viewId":"application-manageyards-display-component---NewYard","bindingPath":{"path":"","propertyPath":"/SALES_AREA_SPART","modelName":"NewYardModel"},"interaction":{"idSuffix":"inner"}},"clearTextFirst":true,"interactionType":"ENTER_TEXT"}]}
COMMAND: POST /session/0fb4450c6422fe69939d6824736e2f6f/execute/async - {"script":"<script> [1562 bytes]","args":[{"selector":{"controlType":"sap.m.Input","viewName":"etm.portal.ui.manageyards.view.New","viewId":"application-manageyards-display-component---NewYard","bindingPath":{"path":"","propertyPath":"/SHIP_POINT","modelName":"NewYardModel"},"interaction":{"idSuffix":"inner"}},"wdio_ui5_key":"etmportal.ui.manageyards.view.Newsap.m.Input{\"path\":\"\",\"propertyPath\":\"/SHIP_POINT\",\"modelName\":\"NewYardModel\"}"}]}
RESULT: {"script":"<script> [1562 bytes]","args":[{"selector":{"controlType":"sap.m.Input","viewName":"etm.portal.ui.manageyards.view.New","viewId":"application-manageyards-display-component---NewYard","bindingPath":{"path":"","propertyPath":"/SHIP_POINT","modelName":"NewYardModel"},"interaction":{"idSuffix":"inner"}},"wdio_ui5_key":"etmportal.ui.manageyards.view.Newsap.m.Input{\"path\":\"\",\"propertyPath\":\"/SHIP_POINT\",\"modelName\":\"NewYardModel\"}"}]}
RESULT: undefined
COMMAND: POST /session/0fb4450c6422fe69939d6824736e2f6f/execute/async - {"script":"<script> [776 bytes]","args":[{"enterText":"1710","selector":{"controlType":"sap.m.Input","viewName":"etm.portal.ui.manageyards.view.New","viewId":"application-manageyards-display-component---NewYard","bindingPath":{"path":"","propertyPath":"/SHIP_POINT","modelName":"NewYardModel"},"interaction":{"idSuffix":"inner"}},"clearTextFirst":true,"interactionType":"ENTER_TEXT"}]}
RESULT: {"script":"<script> [776 bytes]","args":[{"enterText":"1710","selector":{"controlType":"sap.m.Input","viewName":"etm.portal.ui.manageyards.view.New","viewId":"application-manageyards-display-component---NewYard","bindingPath":{"path":"","propertyPath":"/SHIP_POINT","modelName":"NewYardModel"},"interaction":{"idSuffix":"inner"}},"clearTextFirst":true,"interactionType":"ENTER_TEXT"}]}
COMMAND: POST /session/0fb4450c6422fe69939d6824736e2f6f/execute/async - {"script":"<script> [1562 bytes]","args":[{"selector":{"controlType":"sap.m.Input","viewName":"etm.portal.ui.manageyards.view.New","viewId":"application-manageyards-display-component---NewYard","bindingPath":{"path":"","propertyPath":"/DELIVERY_TYPE","modelName":"NewYardModel"},"interaction":{"idSuffix":"inner"}},"wdio_ui5_key":"etmportal.ui.manageyards.view.Newsap.m.Input{\"path\":\"\",\"propertyPath\":\"/DELIVERY_TYPE\",\"modelName\":\"NewYardModel\"}"}]}
RESULT: {"script":"<script> [1562 bytes]","args":[{"selector":{"controlType":"sap.m.Input","viewName":"etm.portal.ui.manageyards.view.New","viewId":"application-manageyards-display-component---NewYard","bindingPath":{"path":"","propertyPath":"/DELIVERY_TYPE","modelName":"NewYardModel"},"interaction":{"idSuffix":"inner"}},"wdio_ui5_key":"etmportal.ui.manageyards.view.Newsap.m.Input{\"path\":\"\",\"propertyPath\":\"/DELIVERY_TYPE\",\"modelName\":\"NewYardModel\"}"}]}
RESULT: undefined
COMMAND: POST /session/0fb4450c6422fe69939d6824736e2f6f/execute/async - {"script":"<script> [776 bytes]","args":[{"enterText":"ZL01","selector":{"controlType":"sap.m.Input","viewName":"etm.portal.ui.manageyards.view.New","viewId":"application-manageyards-display-component---NewYard","bindingPath":{"path":"","propertyPath":"/DELIVERY_TYPE","modelName":"NewYardModel"},"interaction":{"idSuffix":"inner"}},"clearTextFirst":true,"interactionType":"ENTER_TEXT"}]}
RESULT: {"script":"<script> [776 bytes]","args":[{"enterText":"ZL01","selector":{"controlType":"sap.m.Input","viewName":"etm.portal.ui.manageyards.view.New","viewId":"application-manageyards-display-component---NewYard","bindingPath":{"path":"","propertyPath":"/DELIVERY_TYPE","modelName":"NewYardModel"},"interaction":{"idSuffix":"inner"}},"clearTextFirst":true,"interactionType":"ENTER_TEXT"}]}
COMMAND: POST /session/0fb4450c6422fe69939d6824736e2f6f/execute/async - {"script":"<script> [1562 bytes]","args":[{"selector":{"controlType":"sap.m.Input","viewName":"etm.portal.ui.manageyards.view.New","viewId":"application-manageyards-display-component---NewYard","bindingPath":{"path":"","propertyPath":"/AUART","modelName":"NewYardModel"},"interaction":{"idSuffix":"inner"}},"wdio_ui5_key":"etmportal.ui.manageyards.view.Newsap.m.Input{\"path\":\"\",\"propertyPath\":\"/AUART\",\"modelName\":\"NewYardModel\"}"}]}
RESULT: {"script":"<script> [1562 bytes]","args":[{"selector":{"controlType":"sap.m.Input","viewName":"etm.portal.ui.manageyards.view.New","viewId":"application-manageyards-display-component---NewYard","bindingPath":{"path":"","propertyPath":"/AUART","modelName":"NewYardModel"},"interaction":{"idSuffix":"inner"}},"wdio_ui5_key":"etmportal.ui.manageyards.view.Newsap.m.Input{\"path\":\"\",\"propertyPath\":\"/AUART\",\"modelName\":\"NewYardModel\"}"}]}
RESULT: undefined
COMMAND: POST /session/0fb4450c6422fe69939d6824736e2f6f/execute/async - {"script":"<script> [776 bytes]","args":[{"enterText":"TA","selector":{"controlType":"sap.m.Input","viewName":"etm.portal.ui.manageyards.view.New","viewId":"application-manageyards-display-component---NewYard","bindingPath":{"path":"","propertyPath":"/AUART","modelName":"NewYardModel"},"interaction":{"idSuffix":"inner"}},"clearTextFirst":true,"interactionType":"ENTER_TEXT"}]}
RESULT: {"script":"<script> [776 bytes]","args":[{"enterText":"TA","selector":{"controlType":"sap.m.Input","viewName":"etm.portal.ui.manageyards.view.New","viewId":"application-manageyards-display-component---NewYard","bindingPath":{"path":"","propertyPath":"/AUART","modelName":"NewYardModel"},"interaction":{"idSuffix":"inner"}},"clearTextFirst":true,"interactionType":"ENTER_TEXT"}]}
COMMAND: POST /session/0fb4450c6422fe69939d6824736e2f6f/element - {"using":"xpath","value":"//button[@data-kt=\"newYardSaveButton\"]"}
RESULT: {"using":"xpath","value":"//button[@data-kt=\"newYardSaveButton\"]"}
COMMAND: POST /session/0fb4450c6422fe69939d6824736e2f6f/element/f.852D346EF878C3E5FC3136AC53424AFF.d.0DACB25A6E3DA8401FA225E04EC0E298.e.11665/click - {}
RESULT: {}
COMMAND: GET /session/0fb4450c6422fe69939d6824736e2f6f/screenshot - {}
RESULT: {}
COMMAND: POST /session/0fb4450c6422fe69939d6824736e2f6f/element - {"using":"xpath","value":"//header[contains(@id, 'ObjectPageLayout-headerTitle')]/div[1]/div[2]/div[1]/span[1]"}
RESULT: {"using":"xpath","value":"//header[contains(@id, 'ObjectPageLayout-headerTitle')]/div[1]/div[2]/div[1]/span[1]"}
COMMAND: POST /session/0fb4450c6422fe69939d6824736e2f6f/elements - {"using":"xpath","value":"//header[contains(@id, 'ObjectPageLayout-headerTitle')]/div[1]/div[2]/div[1]/span[1]"}
RESULT: {"using":"xpath","value":"//header[contains(@id, 'ObjectPageLayout-headerTitle')]/div[1]/div[2]/div[1]/span[1]"}
COMMAND: POST /session/0fb4450c6422fe69939d6824736e2f6f/execute/sync - {"script":"<script> [56 bytes]","args":[{"element-6066-11e4-a52e-4f735466cecf":"f.852D346EF878C3E5FC3136AC53424AFF.d.0DACB25A6E3DA8401FA225E04EC0E298.e.11992","ELEMENT":"f.852D346EF878C3E5FC3136AC53424AFF.d.0DACB25A6E3DA8401FA225E04EC0E298.e.11992"}]}
RESULT: {"script":"<script> [56 bytes]","args":[{"element-6066-11e4-a52e-4f735466cecf":"f.852D346EF878C3E5FC3136AC53424AFF.d.0DACB25A6E3DA8401FA225E04EC0E298.e.11992","ELEMENT":"f.852D346EF878C3E5FC3136AC53424AFF.d.0DACB25A6E3DA8401FA225E04EC0E298.e.11992"}]}
COMMAND: GET /session/0fb4450c6422fe69939d6824736e2f6f/screenshot - {}
RESULT: {}
COMMAND: POST /session/0fb4450c6422fe69939d6824736e2f6f/element - {"using":"css selector","value":"#shell-header-logo"}
RESULT: {"using":"css selector","value":"#shell-header-logo"}
COMMAND: POST /session/0fb4450c6422fe69939d6824736e2f6f/element/f.852D346EF878C3E5FC3136AC53424AFF.d.0DACB25A6E3DA8401FA225E04EC0E298.e.11120/click - {}
RESULT: {}
COMMAND: GET /session/0fb4450c6422fe69939d6824736e2f6f/screenshot - {}
RESULT: {}
COMMAND: POST /session/0fb4450c6422fe69939d6824736e2f6f/execute/sync - {"script":"<script> [299 bytes]","args":[["getModel","getResource"]]}
RESULT: {"script":"<script> [299 bytes]","args":[["getModel","getResource"]]}
]]></system-out>
    </testcase>
    <testcase classname="chrome.136_0_7103_93.windows.Provide_to_Site_w/o_warehouse_management_w/_clarification_US116605" name="Should create a new external partner" time="89.576">
      <system-out><![CDATA[
COMMAND: POST /session/0fb4450c6422fe69939d6824736e2f6f/window/fullscreen - {}
COMMAND: GET /session/0fb4450c6422fe69939d6824736e2f6f/screenshot - {}
RESULT: {}
COMMAND: POST /session/0fb4450c6422fe69939d6824736e2f6f/execute/async - {"script":"<script> [1562 bytes]","args":[{"selector":{"controlType":"sap.m.GenericTile","properties":{"header":"Manage Partners"}},"wdio_ui5_key":"sapm.GenericTile{\"header\":\"Manage Partners\"}"}]}
RESULT: {}
RESULT: {"script":"<script> [1562 bytes]","args":[{"selector":{"controlType":"sap.m.GenericTile","properties":{"header":"Manage Partners"}},"wdio_ui5_key":"sapm.GenericTile{\"header\":\"Manage Partners\"}"}]}
RESULT: undefined
COMMAND: POST /session/0fb4450c6422fe69939d6824736e2f6f/element - {"using":"xpath","value":"//*[@id=\"__tile30\"]"}
RESULT: {"using":"xpath","value":"//*[@id=\"__tile30\"]"}
COMMAND: POST /session/0fb4450c6422fe69939d6824736e2f6f/element/f.852D346EF878C3E5FC3136AC53424AFF.d.0DACB25A6E3DA8401FA225E04EC0E298.e.11134/click - {}
RESULT: {}
COMMAND: GET /session/0fb4450c6422fe69939d6824736e2f6f/screenshot - {}
RESULT: {}
COMMAND: POST /session/0fb4450c6422fe69939d6824736e2f6f/elements - {"using":"xpath","value":"//span[text()='Error']"}
RESULT: {"using":"xpath","value":"//span[text()='Error']"}
COMMAND: POST /session/0fb4450c6422fe69939d6824736e2f6f/element - {"using":"xpath","value":"//button[@data-kt=\"addButton\"]"}
RESULT: {"using":"xpath","value":"//button[@data-kt=\"addButton\"]"}
COMMAND: POST /session/0fb4450c6422fe69939d6824736e2f6f/elements - {"using":"xpath","value":"//button[@data-kt=\"addButton\"]"}
RESULT: {"using":"xpath","value":"//button[@data-kt=\"addButton\"]"}
COMMAND: POST /session/0fb4450c6422fe69939d6824736e2f6f/execute/sync - {"script":"<script> [8489 bytes]","args":[{"element-6066-11e4-a52e-4f735466cecf":"f.852D346EF878C3E5FC3136AC53424AFF.d.0DACB25A6E3DA8401FA225E04EC0E298.e.12039","ELEMENT":"f.852D346EF878C3E5FC3136AC53424AFF.d.0DACB25A6E3DA8401FA225E04EC0E298.e.12039"}]}
RESULT: {"script":"<script> [8489 bytes]","args":[{"element-6066-11e4-a52e-4f735466cecf":"f.852D346EF878C3E5FC3136AC53424AFF.d.0DACB25A6E3DA8401FA225E04EC0E298.e.12039","ELEMENT":"f.852D346EF878C3E5FC3136AC53424AFF.d.0DACB25A6E3DA8401FA225E04EC0E298.e.12039"}]}
COMMAND: GET /session/0fb4450c6422fe69939d6824736e2f6f/element/f.852D346EF878C3E5FC3136AC53424AFF.d.0DACB25A6E3DA8401FA225E04EC0E298.e.12039/enabled - {}
COMMAND: GET /session/0fb4450c6422fe69939d6824736e2f6f/screenshot - {}
RESULT: {}
COMMAND: POST /session/0fb4450c6422fe69939d6824736e2f6f/execute/sync - {"script":"<script> [8489 bytes]","args":[{"element-6066-11e4-a52e-4f735466cecf":"f.852D346EF878C3E5FC3136AC53424AFF.d.0DACB25A6E3DA8401FA225E04EC0E298.e.12039","ELEMENT":"f.852D346EF878C3E5FC3136AC53424AFF.d.0DACB25A6E3DA8401FA225E04EC0E298.e.12039"}]}
COMMAND: GET /session/0fb4450c6422fe69939d6824736e2f6f/screenshot - {}
RESULT: {}
RESULT: {"script":"<script> [8489 bytes]","args":[{"element-6066-11e4-a52e-4f735466cecf":"f.852D346EF878C3E5FC3136AC53424AFF.d.0DACB25A6E3DA8401FA225E04EC0E298.e.12039","ELEMENT":"f.852D346EF878C3E5FC3136AC53424AFF.d.0DACB25A6E3DA8401FA225E04EC0E298.e.12039"}]}
COMMAND: POST /session/0fb4450c6422fe69939d6824736e2f6f/execute/sync - {"script":"<script> [5351 bytes]","args":[{"element-6066-11e4-a52e-4f735466cecf":"f.852D346EF878C3E5FC3136AC53424AFF.d.0DACB25A6E3DA8401FA225E04EC0E298.e.12039","ELEMENT":"f.852D346EF878C3E5FC3136AC53424AFF.d.0DACB25A6E3DA8401FA225E04EC0E298.e.12039"}]}
COMMAND: GET /session/0fb4450c6422fe69939d6824736e2f6f/screenshot - {}
RESULT: {}
RESULT: {"script":"<script> [5351 bytes]","args":[{"element-6066-11e4-a52e-4f735466cecf":"f.852D346EF878C3E5FC3136AC53424AFF.d.0DACB25A6E3DA8401FA225E04EC0E298.e.12039","ELEMENT":"f.852D346EF878C3E5FC3136AC53424AFF.d.0DACB25A6E3DA8401FA225E04EC0E298.e.12039"}]}
COMMAND: POST /session/0fb4450c6422fe69939d6824736e2f6f/element/f.852D346EF878C3E5FC3136AC53424AFF.d.0DACB25A6E3DA8401FA225E04EC0E298.e.12039/click - {}
COMMAND: GET /session/0fb4450c6422fe69939d6824736e2f6f/screenshot - {}
RESULT: {}
RESULT: {}
COMMAND: GET /session/0fb4450c6422fe69939d6824736e2f6f/screenshot - {}
COMMAND: POST /session/0fb4450c6422fe69939d6824736e2f6f/execute/async - {"script":"<script> [1562 bytes]","args":[{"selector":{"id":"application-managepartners-display-component---NewPartner--addressDetailDetailsName1","interaction":{"idSuffix":"inner"}},"wdio_ui5_key":"applicationmanagepartners-display-component---NewPartner--addressDetailDetailsName1"}]}
RESULT: {}
RESULT: {}
RESULT: {"script":"<script> [1562 bytes]","args":[{"selector":{"id":"application-managepartners-display-component---NewPartner--addressDetailDetailsName1","interaction":{"idSuffix":"inner"}},"wdio_ui5_key":"applicationmanagepartners-display-component---NewPartner--addressDetailDetailsName1"}]}
RESULT: undefined
COMMAND: POST /session/0fb4450c6422fe69939d6824736e2f6f/execute/async - {"script":"<script> [776 bytes]","args":[{"enterText":"External Partner WDIO","selector":{"id":"application-managepartners-display-component---NewPartner--addressDetailDetailsName1","interaction":{"idSuffix":"inner"}},"clearTextFirst":true,"interactionType":"ENTER_TEXT"}]}
RESULT: {"script":"<script> [776 bytes]","args":[{"enterText":"External Partner WDIO","selector":{"id":"application-managepartners-display-component---NewPartner--addressDetailDetailsName1","interaction":{"idSuffix":"inner"}},"clearTextFirst":true,"interactionType":"ENTER_TEXT"}]}
COMMAND: POST /session/0fb4450c6422fe69939d6824736e2f6f/execute/async - {"script":"<script> [1562 bytes]","args":[{"selector":{"id":"application-managepartners-display-component---NewPartner--addressDetailDetailsLanguage-arrow"},"wdio_ui5_key":"applicationmanagepartners-display-component---NewPartner--addressDetailDetailsLanguage-arrow"}]}
RESULT: {"script":"<script> [1562 bytes]","args":[{"selector":{"id":"application-managepartners-display-component---NewPartner--addressDetailDetailsLanguage-arrow"},"wdio_ui5_key":"applicationmanagepartners-display-component---NewPartner--addressDetailDetailsLanguage-arrow"}]}
RESULT: undefined
COMMAND: POST /session/0fb4450c6422fe69939d6824736e2f6f/element - {"using":"xpath","value":"//*[@id=\"application-managepartners-display-component---NewPartner--addressDetailDetailsLanguage-arrow\"]"}
RESULT: {"using":"xpath","value":"//*[@id=\"application-managepartners-display-component---NewPartner--addressDetailDetailsLanguage-arrow\"]"}
COMMAND: POST /session/0fb4450c6422fe69939d6824736e2f6f/element/f.852D346EF878C3E5FC3136AC53424AFF.d.0DACB25A6E3DA8401FA225E04EC0E298.e.12485/click - {}
RESULT: {}
COMMAND: POST /session/0fb4450c6422fe69939d6824736e2f6f/element - {"using":"xpath","value":"//span[contains(text(), \"English\")]"}
COMMAND: GET /session/0fb4450c6422fe69939d6824736e2f6f/screenshot - {}
RESULT: {"using":"xpath","value":"//span[contains(text(), \"English\")]"}
COMMAND: POST /session/0fb4450c6422fe69939d6824736e2f6f/element/f.852D346EF878C3E5FC3136AC53424AFF.d.0DACB25A6E3DA8401FA225E04EC0E298.e.12486/click - {}
RESULT: {}
RESULT: {}
COMMAND: GET /session/0fb4450c6422fe69939d6824736e2f6f/screenshot - {}
RESULT: {}
COMMAND: POST /session/0fb4450c6422fe69939d6824736e2f6f/execute/async - {"script":"<script> [1562 bytes]","args":[{"selector":{"id":"application-managepartners-display-component---NewPartner--addressDetailDetailsCity1","interaction":{"idSuffix":"inner"}},"wdio_ui5_key":"applicationmanagepartners-display-component---NewPartner--addressDetailDetailsCity1"}]}
RESULT: {"script":"<script> [1562 bytes]","args":[{"selector":{"id":"application-managepartners-display-component---NewPartner--addressDetailDetailsCity1","interaction":{"idSuffix":"inner"}},"wdio_ui5_key":"applicationmanagepartners-display-component---NewPartner--addressDetailDetailsCity1"}]}
RESULT: undefined
COMMAND: POST /session/0fb4450c6422fe69939d6824736e2f6f/execute/async - {"script":"<script> [776 bytes]","args":[{"enterText":"Rosario","selector":{"id":"application-managepartners-display-component---NewPartner--addressDetailDetailsCity1","interaction":{"idSuffix":"inner"}},"clearTextFirst":true,"interactionType":"ENTER_TEXT"}]}
RESULT: {"script":"<script> [776 bytes]","args":[{"enterText":"Rosario","selector":{"id":"application-managepartners-display-component---NewPartner--addressDetailDetailsCity1","interaction":{"idSuffix":"inner"}},"clearTextFirst":true,"interactionType":"ENTER_TEXT"}]}
COMMAND: POST /session/0fb4450c6422fe69939d6824736e2f6f/execute/async - {"script":"<script> [1562 bytes]","args":[{"selector":{"id":"application-managepartners-display-component---NewPartner--addressDetailDetailsCountry-arrow"},"wdio_ui5_key":"applicationmanagepartners-display-component---NewPartner--addressDetailDetailsCountry-arrow"}]}
RESULT: {"script":"<script> [1562 bytes]","args":[{"selector":{"id":"application-managepartners-display-component---NewPartner--addressDetailDetailsCountry-arrow"},"wdio_ui5_key":"applicationmanagepartners-display-component---NewPartner--addressDetailDetailsCountry-arrow"}]}
RESULT: undefined
COMMAND: POST /session/0fb4450c6422fe69939d6824736e2f6f/element - {"using":"xpath","value":"//*[@id=\"application-managepartners-display-component---NewPartner--addressDetailDetailsCountry-arrow\"]"}
RESULT: {"using":"xpath","value":"//*[@id=\"application-managepartners-display-component---NewPartner--addressDetailDetailsCountry-arrow\"]"}
COMMAND: POST /session/0fb4450c6422fe69939d6824736e2f6f/element/f.852D346EF878C3E5FC3136AC53424AFF.d.0DACB25A6E3DA8401FA225E04EC0E298.e.12472/click - {}
RESULT: {}
COMMAND: POST /session/0fb4450c6422fe69939d6824736e2f6f/element - {"using":"xpath","value":"//span[contains(text(), \"Argentina\")]"}
COMMAND: GET /session/0fb4450c6422fe69939d6824736e2f6f/screenshot - {}
RESULT: {"using":"xpath","value":"//span[contains(text(), \"Argentina\")]"}
COMMAND: POST /session/0fb4450c6422fe69939d6824736e2f6f/element/f.852D346EF878C3E5FC3136AC53424AFF.d.0DACB25A6E3DA8401FA225E04EC0E298.e.12488/click - {}
RESULT: {}
RESULT: {}
COMMAND: GET /session/0fb4450c6422fe69939d6824736e2f6f/screenshot - {}
RESULT: {}
COMMAND: POST /session/0fb4450c6422fe69939d6824736e2f6f/element - {"using":"xpath","value":"//bdi[contains(text(), \"Commercial\")]"}
RESULT: {"using":"xpath","value":"//bdi[contains(text(), \"Commercial\")]"}
COMMAND: POST /session/0fb4450c6422fe69939d6824736e2f6f/element/f.852D346EF878C3E5FC3136AC53424AFF.d.0DACB25A6E3DA8401FA225E04EC0E298.e.12489/click - {}
RESULT: {}
COMMAND: GET /session/0fb4450c6422fe69939d6824736e2f6f/screenshot - {}
RESULT: {}
COMMAND: POST /session/0fb4450c6422fe69939d6824736e2f6f/execute/async - {"script":"<script> [1562 bytes]","args":[{"selector":{"id":"application-managepartners-display-component---NewPartner--partnerDetailInternal-arrow"},"wdio_ui5_key":"applicationmanagepartners-display-component---NewPartner--partnerDetailInternal-arrow"}]}
RESULT: {"script":"<script> [1562 bytes]","args":[{"selector":{"id":"application-managepartners-display-component---NewPartner--partnerDetailInternal-arrow"},"wdio_ui5_key":"applicationmanagepartners-display-component---NewPartner--partnerDetailInternal-arrow"}]}
RESULT: undefined
COMMAND: POST /session/0fb4450c6422fe69939d6824736e2f6f/element - {"using":"xpath","value":"//*[@id=\"application-managepartners-display-component---NewPartner--partnerDetailInternal-arrow\"]"}
RESULT: {"using":"xpath","value":"//*[@id=\"application-managepartners-display-component---NewPartner--partnerDetailInternal-arrow\"]"}
COMMAND: POST /session/0fb4450c6422fe69939d6824736e2f6f/element/f.852D346EF878C3E5FC3136AC53424AFF.d.0DACB25A6E3DA8401FA225E04EC0E298.e.12495/click - {}
RESULT: {}
COMMAND: POST /session/0fb4450c6422fe69939d6824736e2f6f/element - {"using":"xpath","value":"//span[contains(text(), \"External partner\")]"}
COMMAND: GET /session/0fb4450c6422fe69939d6824736e2f6f/screenshot - {}
RESULT: {"using":"xpath","value":"//span[contains(text(), \"External partner\")]"}
COMMAND: POST /session/0fb4450c6422fe69939d6824736e2f6f/element/f.852D346EF878C3E5FC3136AC53424AFF.d.0DACB25A6E3DA8401FA225E04EC0E298.e.12496/click - {}
RESULT: {}
RESULT: {}
COMMAND: POST /session/0fb4450c6422fe69939d6824736e2f6f/execute/async - {"script":"<script> [1562 bytes]","args":[{"selector":{"id":"application-managepartners-display-component---NewPartner--partnerDetailsCurrency-arrow"},"wdio_ui5_key":"applicationmanagepartners-display-component---NewPartner--partnerDetailsCurrency-arrow"}]}
COMMAND: GET /session/0fb4450c6422fe69939d6824736e2f6f/screenshot - {}
RESULT: {"script":"<script> [1562 bytes]","args":[{"selector":{"id":"application-managepartners-display-component---NewPartner--partnerDetailsCurrency-arrow"},"wdio_ui5_key":"applicationmanagepartners-display-component---NewPartner--partnerDetailsCurrency-arrow"}]}
RESULT: undefined
COMMAND: POST /session/0fb4450c6422fe69939d6824736e2f6f/element - {"using":"xpath","value":"//*[@id=\"application-managepartners-display-component---NewPartner--partnerDetailsCurrency-arrow\"]"}
RESULT: {}
RESULT: {"using":"xpath","value":"//*[@id=\"application-managepartners-display-component---NewPartner--partnerDetailsCurrency-arrow\"]"}
COMMAND: POST /session/0fb4450c6422fe69939d6824736e2f6f/element/f.852D346EF878C3E5FC3136AC53424AFF.d.0DACB25A6E3DA8401FA225E04EC0E298.e.12501/click - {}
RESULT: {}
COMMAND: POST /session/0fb4450c6422fe69939d6824736e2f6f/element - {"using":"xpath","value":"//span[contains(text(), \"US Dollar\")]"}
COMMAND: GET /session/0fb4450c6422fe69939d6824736e2f6f/screenshot - {}
RESULT: {"using":"xpath","value":"//span[contains(text(), \"US Dollar\")]"}
COMMAND: POST /session/0fb4450c6422fe69939d6824736e2f6f/element/f.852D346EF878C3E5FC3136AC53424AFF.d.0DACB25A6E3DA8401FA225E04EC0E298.e.12502/click - {}
RESULT: {}
RESULT: {}
COMMAND: GET /session/0fb4450c6422fe69939d6824736e2f6f/screenshot - {}
RESULT: {}
COMMAND: POST /session/0fb4450c6422fe69939d6824736e2f6f/element - {"using":"xpath","value":"//input[@id=\"application-managepartners-display-component---NewPartner--companyCodeComboBox-inner\"]"}
RESULT: {"using":"xpath","value":"//input[@id=\"application-managepartners-display-component---NewPartner--companyCodeComboBox-inner\"]"}
COMMAND: POST /session/0fb4450c6422fe69939d6824736e2f6f/element/f.852D346EF878C3E5FC3136AC53424AFF.d.0DACB25A6E3DA8401FA225E04EC0E298.e.12350/clear - {}
RESULT: {}
COMMAND: POST /session/0fb4450c6422fe69939d6824736e2f6f/element/f.852D346EF878C3E5FC3136AC53424AFF.d.0DACB25A6E3DA8401FA225E04EC0E298.e.12350/value - {"text":"C002"}
COMMAND: GET /session/0fb4450c6422fe69939d6824736e2f6f/screenshot - {}
RESULT: {"text":"C002"}
COMMAND: GET /session/0fb4450c6422fe69939d6824736e2f6f/screenshot - {}
RESULT: {}
RESULT: {}
COMMAND: POST /session/0fb4450c6422fe69939d6824736e2f6f/element - {"using":"xpath","value":"//li[.//span[text()= \"C002\"]]"}
RESULT: {"using":"xpath","value":"//li[.//span[text()= \"C002\"]]"}
COMMAND: POST /session/0fb4450c6422fe69939d6824736e2f6f/element/f.852D346EF878C3E5FC3136AC53424AFF.d.0DACB25A6E3DA8401FA225E04EC0E298.e.12506/click - {}
RESULT: {}
COMMAND: GET /session/0fb4450c6422fe69939d6824736e2f6f/screenshot - {}
RESULT: {}
COMMAND: POST /session/0fb4450c6422fe69939d6824736e2f6f/execute/async - {"script":"<script> [1562 bytes]","args":[{"selector":{"id":"application-managepartners-display-component---NewPartner--btnAddTableRow-img"},"wdio_ui5_key":"applicationmanagepartners-display-component---NewPartner--btnAddTableRow-img"}]}
RESULT: {"script":"<script> [1562 bytes]","args":[{"selector":{"id":"application-managepartners-display-component---NewPartner--btnAddTableRow-img"},"wdio_ui5_key":"applicationmanagepartners-display-component---NewPartner--btnAddTableRow-img"}]}
RESULT: undefined
COMMAND: POST /session/0fb4450c6422fe69939d6824736e2f6f/element - {"using":"xpath","value":"//*[@id=\"application-managepartners-display-component---NewPartner--btnAddTableRow-img\"]"}
RESULT: {"using":"xpath","value":"//*[@id=\"application-managepartners-display-component---NewPartner--btnAddTableRow-img\"]"}
COMMAND: POST /session/0fb4450c6422fe69939d6824736e2f6f/element/f.852D346EF878C3E5FC3136AC53424AFF.d.0DACB25A6E3DA8401FA225E04EC0E298.e.12507/click - {}
RESULT: {}
COMMAND: GET /session/0fb4450c6422fe69939d6824736e2f6f/screenshot - {}
RESULT: {}
COMMAND: POST /session/0fb4450c6422fe69939d6824736e2f6f/element - {"using":"xpath","value":"//input[@id=\"application-managepartners-display-component---NewPartner--assignmentYard-application-managepartners-display-component---NewPartner--assignmentsTable-0-inner\"]"}
RESULT: {"using":"xpath","value":"//input[@id=\"application-managepartners-display-component---NewPartner--assignmentYard-application-managepartners-display-component---NewPartner--assignmentsTable-0-inner\"]"}
COMMAND: POST /session/0fb4450c6422fe69939d6824736e2f6f/element/f.852D346EF878C3E5FC3136AC53424AFF.d.0DACB25A6E3DA8401FA225E04EC0E298.e.12510/clear - {}
RESULT: {}
COMMAND: POST /session/0fb4450c6422fe69939d6824736e2f6f/element/f.852D346EF878C3E5FC3136AC53424AFF.d.0DACB25A6E3DA8401FA225E04EC0E298.e.12510/value - {"text":"525"}
COMMAND: GET /session/0fb4450c6422fe69939d6824736e2f6f/screenshot - {}
RESULT: {"text":"525"}
COMMAND: GET /session/0fb4450c6422fe69939d6824736e2f6f/screenshot - {}
RESULT: {}
RESULT: {}
COMMAND: POST /session/0fb4450c6422fe69939d6824736e2f6f/element - {"using":"xpath","value":"//li[.//span[text()='525']]"}
RESULT: {"using":"xpath","value":"//li[.//span[text()='525']]"}
COMMAND: POST /session/0fb4450c6422fe69939d6824736e2f6f/element/f.852D346EF878C3E5FC3136AC53424AFF.d.0DACB25A6E3DA8401FA225E04EC0E298.e.12517/click - {}
RESULT: {}
COMMAND: GET /session/0fb4450c6422fe69939d6824736e2f6f/screenshot - {}
RESULT: {}
COMMAND: POST /session/0fb4450c6422fe69939d6824736e2f6f/actions - {"actions":[{"id":"action41","type":"key","parameters":{},"actions":[{"type":"keyDown","value":"î€‡"},{"type":"pause","duration":10},{"type":"keyUp","value":"î€‡"}]}]}
RESULT: {"actions":[{"id":"action41","type":"key","parameters":{},"actions":[{"type":"keyDown","value":"î€‡"},{"type":"pause","duration":10},{"type":"keyUp","value":"î€‡"}]}]}
COMMAND: POST /session/0fb4450c6422fe69939d6824736e2f6f/element - {"using":"xpath","value":"//td[contains(@id, \"assignmentsTable-0-cell2\")]/div/div"}
COMMAND: GET /session/0fb4450c6422fe69939d6824736e2f6f/screenshot - {}
RESULT: {"using":"xpath","value":"//td[contains(@id, \"assignmentsTable-0-cell2\")]/div/div"}
COMMAND: POST /session/0fb4450c6422fe69939d6824736e2f6f/element/f.852D346EF878C3E5FC3136AC53424AFF.d.0DACB25A6E3DA8401FA225E04EC0E298.e.12520/click - {}
RESULT: {}
RESULT: {}
COMMAND: GET /session/0fb4450c6422fe69939d6824736e2f6f/screenshot - {}
RESULT: {}
COMMAND: POST /session/0fb4450c6422fe69939d6824736e2f6f/element - {"using":"xpath","value":"//button[@data-kt=\"saveButton\"]"}
RESULT: {"using":"xpath","value":"//button[@data-kt=\"saveButton\"]"}
COMMAND: POST /session/0fb4450c6422fe69939d6824736e2f6f/element/f.852D346EF878C3E5FC3136AC53424AFF.d.0DACB25A6E3DA8401FA225E04EC0E298.e.12420/click - {}
RESULT: {}
COMMAND: GET /session/0fb4450c6422fe69939d6824736e2f6f/screenshot - {}
RESULT: {}
COMMAND: POST /session/0fb4450c6422fe69939d6824736e2f6f/element - {"using":"xpath","value":"//header[contains(@id, 'ObjectPageLayout-headerTitle')]/div[1]/div[2]/div[2]/span[1]"}
RESULT: {"using":"xpath","value":"//header[contains(@id, 'ObjectPageLayout-headerTitle')]/div[1]/div[2]/div[2]/span[1]"}
COMMAND: POST /session/0fb4450c6422fe69939d6824736e2f6f/elements - {"using":"xpath","value":"//header[contains(@id, 'ObjectPageLayout-headerTitle')]/div[1]/div[2]/div[2]/span[1]"}
RESULT: {"using":"xpath","value":"//header[contains(@id, 'ObjectPageLayout-headerTitle')]/div[1]/div[2]/div[2]/span[1]"}
COMMAND: POST /session/0fb4450c6422fe69939d6824736e2f6f/execute/sync - {"script":"<script> [56 bytes]","args":[{"element-6066-11e4-a52e-4f735466cecf":"f.852D346EF878C3E5FC3136AC53424AFF.d.0DACB25A6E3DA8401FA225E04EC0E298.e.12681","ELEMENT":"f.852D346EF878C3E5FC3136AC53424AFF.d.0DACB25A6E3DA8401FA225E04EC0E298.e.12681"}]}
RESULT: {"script":"<script> [56 bytes]","args":[{"element-6066-11e4-a52e-4f735466cecf":"f.852D346EF878C3E5FC3136AC53424AFF.d.0DACB25A6E3DA8401FA225E04EC0E298.e.12681","ELEMENT":"f.852D346EF878C3E5FC3136AC53424AFF.d.0DACB25A6E3DA8401FA225E04EC0E298.e.12681"}]}
COMMAND: POST /session/0fb4450c6422fe69939d6824736e2f6f/element - {"using":"css selector","value":"#shell-header-logo"}
COMMAND: GET /session/0fb4450c6422fe69939d6824736e2f6f/screenshot - {}
RESULT: {"using":"css selector","value":"#shell-header-logo"}
COMMAND: POST /session/0fb4450c6422fe69939d6824736e2f6f/element/f.852D346EF878C3E5FC3136AC53424AFF.d.0DACB25A6E3DA8401FA225E04EC0E298.e.11995/click - {}
RESULT: {}
RESULT: {}
COMMAND: GET /session/0fb4450c6422fe69939d6824736e2f6f/screenshot - {}
RESULT: {}
COMMAND: POST /session/0fb4450c6422fe69939d6824736e2f6f/execute/sync - {"script":"<script> [299 bytes]","args":[["getModel","getResource"]]}
RESULT: {"script":"<script> [299 bytes]","args":[["getModel","getResource"]]}
]]></system-out>
    </testcase>
    <testcase classname="chrome.136_0_7103_93.windows.Provide_to_Site_w/o_warehouse_management_w/_clarification_US116605" name="Should create a new site" time="93.036">
      <system-out><![CDATA[
COMMAND: GET /session/0fb4450c6422fe69939d6824736e2f6f/screenshot - {}
COMMAND: POST /session/0fb4450c6422fe69939d6824736e2f6f/execute/async - {"script":"<script> [1562 bytes]","args":[{"selector":{"controlType":"sap.m.GenericTile","properties":{"header":"Manage Sites"}},"wdio_ui5_key":"sapm.GenericTile{\"header\":\"Manage Sites\"}"}]}
RESULT: {}
RESULT: {"script":"<script> [1562 bytes]","args":[{"selector":{"controlType":"sap.m.GenericTile","properties":{"header":"Manage Sites"}},"wdio_ui5_key":"sapm.GenericTile{\"header\":\"Manage Sites\"}"}]}
RESULT: undefined
COMMAND: POST /session/0fb4450c6422fe69939d6824736e2f6f/element - {"using":"xpath","value":"//*[@id=\"__tile32\"]"}
RESULT: {"using":"xpath","value":"//*[@id=\"__tile32\"]"}
COMMAND: POST /session/0fb4450c6422fe69939d6824736e2f6f/element/f.852D346EF878C3E5FC3136AC53424AFF.d.0DACB25A6E3DA8401FA225E04EC0E298.e.11140/click - {}
RESULT: {}
COMMAND: GET /session/0fb4450c6422fe69939d6824736e2f6f/screenshot - {}
RESULT: {}
COMMAND: POST /session/0fb4450c6422fe69939d6824736e2f6f/elements - {"using":"xpath","value":"//span[text()='Error']"}
RESULT: {"using":"xpath","value":"//span[text()='Error']"}
COMMAND: POST /session/0fb4450c6422fe69939d6824736e2f6f/element - {"using":"xpath","value":"//button[@data-kt=\"addOverflowToolbarButton\"]"}
RESULT: {"using":"xpath","value":"//button[@data-kt=\"addOverflowToolbarButton\"]"}
COMMAND: POST /session/0fb4450c6422fe69939d6824736e2f6f/elements - {"using":"xpath","value":"//button[@data-kt=\"addOverflowToolbarButton\"]"}
RESULT: {"using":"xpath","value":"//button[@data-kt=\"addOverflowToolbarButton\"]"}
COMMAND: POST /session/0fb4450c6422fe69939d6824736e2f6f/execute/sync - {"script":"<script> [8489 bytes]","args":[{"element-6066-11e4-a52e-4f735466cecf":"f.852D346EF878C3E5FC3136AC53424AFF.d.0DACB25A6E3DA8401FA225E04EC0E298.e.12729","ELEMENT":"f.852D346EF878C3E5FC3136AC53424AFF.d.0DACB25A6E3DA8401FA225E04EC0E298.e.12729"}]}
RESULT: {"script":"<script> [8489 bytes]","args":[{"element-6066-11e4-a52e-4f735466cecf":"f.852D346EF878C3E5FC3136AC53424AFF.d.0DACB25A6E3DA8401FA225E04EC0E298.e.12729","ELEMENT":"f.852D346EF878C3E5FC3136AC53424AFF.d.0DACB25A6E3DA8401FA225E04EC0E298.e.12729"}]}
COMMAND: GET /session/0fb4450c6422fe69939d6824736e2f6f/element/f.852D346EF878C3E5FC3136AC53424AFF.d.0DACB25A6E3DA8401FA225E04EC0E298.e.12729/enabled - {}
COMMAND: GET /session/0fb4450c6422fe69939d6824736e2f6f/screenshot - {}
RESULT: {}
COMMAND: POST /session/0fb4450c6422fe69939d6824736e2f6f/execute/sync - {"script":"<script> [8489 bytes]","args":[{"element-6066-11e4-a52e-4f735466cecf":"f.852D346EF878C3E5FC3136AC53424AFF.d.0DACB25A6E3DA8401FA225E04EC0E298.e.12729","ELEMENT":"f.852D346EF878C3E5FC3136AC53424AFF.d.0DACB25A6E3DA8401FA225E04EC0E298.e.12729"}]}
COMMAND: GET /session/0fb4450c6422fe69939d6824736e2f6f/screenshot - {}
RESULT: {}
RESULT: {"script":"<script> [8489 bytes]","args":[{"element-6066-11e4-a52e-4f735466cecf":"f.852D346EF878C3E5FC3136AC53424AFF.d.0DACB25A6E3DA8401FA225E04EC0E298.e.12729","ELEMENT":"f.852D346EF878C3E5FC3136AC53424AFF.d.0DACB25A6E3DA8401FA225E04EC0E298.e.12729"}]}
COMMAND: POST /session/0fb4450c6422fe69939d6824736e2f6f/execute/sync - {"script":"<script> [5351 bytes]","args":[{"element-6066-11e4-a52e-4f735466cecf":"f.852D346EF878C3E5FC3136AC53424AFF.d.0DACB25A6E3DA8401FA225E04EC0E298.e.12729","ELEMENT":"f.852D346EF878C3E5FC3136AC53424AFF.d.0DACB25A6E3DA8401FA225E04EC0E298.e.12729"}]}
COMMAND: GET /session/0fb4450c6422fe69939d6824736e2f6f/screenshot - {}
RESULT: {}
RESULT: {"script":"<script> [5351 bytes]","args":[{"element-6066-11e4-a52e-4f735466cecf":"f.852D346EF878C3E5FC3136AC53424AFF.d.0DACB25A6E3DA8401FA225E04EC0E298.e.12729","ELEMENT":"f.852D346EF878C3E5FC3136AC53424AFF.d.0DACB25A6E3DA8401FA225E04EC0E298.e.12729"}]}
COMMAND: POST /session/0fb4450c6422fe69939d6824736e2f6f/element/f.852D346EF878C3E5FC3136AC53424AFF.d.0DACB25A6E3DA8401FA225E04EC0E298.e.12729/click - {}
COMMAND: GET /session/0fb4450c6422fe69939d6824736e2f6f/screenshot - {}
RESULT: {}
RESULT: {}
COMMAND: GET /session/0fb4450c6422fe69939d6824736e2f6f/screenshot - {}
RESULT: {}
RESULT: {}
COMMAND: POST /session/0fb4450c6422fe69939d6824736e2f6f/element - {"using":"xpath","value":"//input[@id=\"application-managesites-display-component---NewSite--siteId-inner\"]"}
RESULT: {"using":"xpath","value":"//input[@id=\"application-managesites-display-component---NewSite--siteId-inner\"]"}
COMMAND: POST /session/0fb4450c6422fe69939d6824736e2f6f/element - {"using":"xpath","value":"//input[@id=\"application-managesites-display-component---NewSite--siteId-inner\"]"}
RESULT: {"using":"xpath","value":"//input[@id=\"application-managesites-display-component---NewSite--siteId-inner\"]"}
COMMAND: POST /session/0fb4450c6422fe69939d6824736e2f6f/execute/async - {"script":"<script> [1562 bytes]","args":[{"selector":{"id":"application-managesites-display-component---NewSite--addressDetailDetailsName1","interaction":{"idSuffix":"inner"}},"wdio_ui5_key":"applicationmanagesites-display-component---NewSite--addressDetailDetailsName1"}]}
RESULT: {"script":"<script> [1562 bytes]","args":[{"selector":{"id":"application-managesites-display-component---NewSite--addressDetailDetailsName1","interaction":{"idSuffix":"inner"}},"wdio_ui5_key":"applicationmanagesites-display-component---NewSite--addressDetailDetailsName1"}]}
RESULT: undefined
COMMAND: POST /session/0fb4450c6422fe69939d6824736e2f6f/execute/async - {"script":"<script> [776 bytes]","args":[{"enterText":"Other Type Site WDIO","selector":{"id":"application-managesites-display-component---NewSite--addressDetailDetailsName1","interaction":{"idSuffix":"inner"}},"clearTextFirst":true,"interactionType":"ENTER_TEXT"}]}
RESULT: {"script":"<script> [776 bytes]","args":[{"enterText":"Other Type Site WDIO","selector":{"id":"application-managesites-display-component---NewSite--addressDetailDetailsName1","interaction":{"idSuffix":"inner"}},"clearTextFirst":true,"interactionType":"ENTER_TEXT"}]}
COMMAND: POST /session/0fb4450c6422fe69939d6824736e2f6f/execute/async - {"script":"<script> [1562 bytes]","args":[{"selector":{"id":"application-managesites-display-component---NewSite--addressDetailDetailsLanguage-arrow"},"wdio_ui5_key":"applicationmanagesites-display-component---NewSite--addressDetailDetailsLanguage-arrow"}]}
RESULT: {"script":"<script> [1562 bytes]","args":[{"selector":{"id":"application-managesites-display-component---NewSite--addressDetailDetailsLanguage-arrow"},"wdio_ui5_key":"applicationmanagesites-display-component---NewSite--addressDetailDetailsLanguage-arrow"}]}
RESULT: undefined
COMMAND: POST /session/0fb4450c6422fe69939d6824736e2f6f/element - {"using":"xpath","value":"//*[@id=\"application-managesites-display-component---NewSite--addressDetailDetailsLanguage-arrow\"]"}
RESULT: {"using":"xpath","value":"//*[@id=\"application-managesites-display-component---NewSite--addressDetailDetailsLanguage-arrow\"]"}
COMMAND: POST /session/0fb4450c6422fe69939d6824736e2f6f/element/f.852D346EF878C3E5FC3136AC53424AFF.d.0DACB25A6E3DA8401FA225E04EC0E298.e.13128/click - {}
RESULT: {}
COMMAND: POST /session/0fb4450c6422fe69939d6824736e2f6f/element - {"using":"xpath","value":"//span[contains(text(), \"English\")]"}
COMMAND: GET /session/0fb4450c6422fe69939d6824736e2f6f/screenshot - {}
RESULT: {"using":"xpath","value":"//span[contains(text(), \"English\")]"}
COMMAND: POST /session/0fb4450c6422fe69939d6824736e2f6f/element/f.852D346EF878C3E5FC3136AC53424AFF.d.0DACB25A6E3DA8401FA225E04EC0E298.e.13129/click - {}
RESULT: {}
RESULT: {}
COMMAND: POST /session/0fb4450c6422fe69939d6824736e2f6f/execute/async - {"script":"<script> [1562 bytes]","args":[{"selector":{"id":"application-managesites-display-component---NewSite--addressDetailDetailsCity1","interaction":{"idSuffix":"inner"}},"wdio_ui5_key":"applicationmanagesites-display-component---NewSite--addressDetailDetailsCity1"}]}
COMMAND: GET /session/0fb4450c6422fe69939d6824736e2f6f/screenshot - {}
RESULT: {}
RESULT: {"script":"<script> [1562 bytes]","args":[{"selector":{"id":"application-managesites-display-component---NewSite--addressDetailDetailsCity1","interaction":{"idSuffix":"inner"}},"wdio_ui5_key":"applicationmanagesites-display-component---NewSite--addressDetailDetailsCity1"}]}
RESULT: undefined
COMMAND: POST /session/0fb4450c6422fe69939d6824736e2f6f/execute/async - {"script":"<script> [776 bytes]","args":[{"enterText":"Rosario","selector":{"id":"application-managesites-display-component---NewSite--addressDetailDetailsCity1","interaction":{"idSuffix":"inner"}},"clearTextFirst":true,"interactionType":"ENTER_TEXT"}]}
RESULT: {"script":"<script> [776 bytes]","args":[{"enterText":"Rosario","selector":{"id":"application-managesites-display-component---NewSite--addressDetailDetailsCity1","interaction":{"idSuffix":"inner"}},"clearTextFirst":true,"interactionType":"ENTER_TEXT"}]}
COMMAND: POST /session/0fb4450c6422fe69939d6824736e2f6f/execute/async - {"script":"<script> [1562 bytes]","args":[{"selector":{"id":"application-managesites-display-component---NewSite--addressDetailDetailsCountry-arrow"},"wdio_ui5_key":"applicationmanagesites-display-component---NewSite--addressDetailDetailsCountry-arrow"}]}
RESULT: {"script":"<script> [1562 bytes]","args":[{"selector":{"id":"application-managesites-display-component---NewSite--addressDetailDetailsCountry-arrow"},"wdio_ui5_key":"applicationmanagesites-display-component---NewSite--addressDetailDetailsCountry-arrow"}]}
RESULT: undefined
COMMAND: POST /session/0fb4450c6422fe69939d6824736e2f6f/element - {"using":"xpath","value":"//*[@id=\"application-managesites-display-component---NewSite--addressDetailDetailsCountry-arrow\"]"}
RESULT: {"using":"xpath","value":"//*[@id=\"application-managesites-display-component---NewSite--addressDetailDetailsCountry-arrow\"]"}
COMMAND: POST /session/0fb4450c6422fe69939d6824736e2f6f/element/f.852D346EF878C3E5FC3136AC53424AFF.d.0DACB25A6E3DA8401FA225E04EC0E298.e.13131/click - {}
RESULT: {}
COMMAND: POST /session/0fb4450c6422fe69939d6824736e2f6f/element - {"using":"xpath","value":"//span[contains(text(), \"Argentina\")]"}
COMMAND: GET /session/0fb4450c6422fe69939d6824736e2f6f/screenshot - {}
RESULT: {"using":"xpath","value":"//span[contains(text(), \"Argentina\")]"}
COMMAND: POST /session/0fb4450c6422fe69939d6824736e2f6f/element/f.852D346EF878C3E5FC3136AC53424AFF.d.0DACB25A6E3DA8401FA225E04EC0E298.e.13133/click - {}
RESULT: {}
RESULT: {}
COMMAND: GET /session/0fb4450c6422fe69939d6824736e2f6f/screenshot - {}
RESULT: {}
COMMAND: POST /session/0fb4450c6422fe69939d6824736e2f6f/execute/async - {"script":"<script> [1562 bytes]","args":[{"selector":{"id":"application-managesites-display-component---NewSite--addressEditDetailsCostObjectCstType-arrow"},"wdio_ui5_key":"applicationmanagesites-display-component---NewSite--addressEditDetailsCostObjectCstType-arrow"}]}
RESULT: {"script":"<script> [1562 bytes]","args":[{"selector":{"id":"application-managesites-display-component---NewSite--addressEditDetailsCostObjectCstType-arrow"},"wdio_ui5_key":"applicationmanagesites-display-component---NewSite--addressEditDetailsCostObjectCstType-arrow"}]}
RESULT: undefined
COMMAND: POST /session/0fb4450c6422fe69939d6824736e2f6f/element - {"using":"xpath","value":"//*[@id=\"application-managesites-display-component---NewSite--addressEditDetailsCostObjectCstType-arrow\"]"}
RESULT: {"using":"xpath","value":"//*[@id=\"application-managesites-display-component---NewSite--addressEditDetailsCostObjectCstType-arrow\"]"}
COMMAND: POST /session/0fb4450c6422fe69939d6824736e2f6f/element/f.852D346EF878C3E5FC3136AC53424AFF.d.0DACB25A6E3DA8401FA225E04EC0E298.e.13134/click - {}
RESULT: {}
COMMAND: POST /session/0fb4450c6422fe69939d6824736e2f6f/element - {"using":"xpath","value":"//span[contains(text(), \"Cost Center\")]"}
COMMAND: GET /session/0fb4450c6422fe69939d6824736e2f6f/screenshot - {}
RESULT: {"using":"xpath","value":"//span[contains(text(), \"Cost Center\")]"}
COMMAND: POST /session/0fb4450c6422fe69939d6824736e2f6f/element/f.852D346EF878C3E5FC3136AC53424AFF.d.0DACB25A6E3DA8401FA225E04EC0E298.e.13135/click - {}
RESULT: {}
RESULT: {}
COMMAND: GET /session/0fb4450c6422fe69939d6824736e2f6f/screenshot - {}
RESULT: {}
COMMAND: POST /session/0fb4450c6422fe69939d6824736e2f6f/element - {"using":"xpath","value":"//span[@id=\"application-managesites-display-component---NewSite--addressNewCostObjectCstID-vhi\"]"}
RESULT: {"using":"xpath","value":"//span[@id=\"application-managesites-display-component---NewSite--addressNewCostObjectCstID-vhi\"]"}
COMMAND: POST /session/0fb4450c6422fe69939d6824736e2f6f/execute/sync - {"script":"<script> [8489 bytes]","args":[{"element-6066-11e4-a52e-4f735466cecf":"f.852D346EF878C3E5FC3136AC53424AFF.d.0DACB25A6E3DA8401FA225E04EC0E298.e.13140","ELEMENT":"f.852D346EF878C3E5FC3136AC53424AFF.d.0DACB25A6E3DA8401FA225E04EC0E298.e.13140"}]}
RESULT: {"script":"<script> [8489 bytes]","args":[{"element-6066-11e4-a52e-4f735466cecf":"f.852D346EF878C3E5FC3136AC53424AFF.d.0DACB25A6E3DA8401FA225E04EC0E298.e.13140","ELEMENT":"f.852D346EF878C3E5FC3136AC53424AFF.d.0DACB25A6E3DA8401FA225E04EC0E298.e.13140"}]}
COMMAND: POST /session/0fb4450c6422fe69939d6824736e2f6f/execute/async - {"script":"<script> [1562 bytes]","args":[{"selector":{"id":"application-managesites-display-component---NewSite--addressNewCostObjectCstID-vhi"},"wdio_ui5_key":"applicationmanagesites-display-component---NewSite--addressNewCostObjectCstID-vhi"}]}
COMMAND: GET /session/0fb4450c6422fe69939d6824736e2f6f/screenshot - {}
RESULT: {"script":"<script> [1562 bytes]","args":[{"selector":{"id":"application-managesites-display-component---NewSite--addressNewCostObjectCstID-vhi"},"wdio_ui5_key":"applicationmanagesites-display-component---NewSite--addressNewCostObjectCstID-vhi"}]}
RESULT: undefined
COMMAND: POST /session/0fb4450c6422fe69939d6824736e2f6f/element - {"using":"xpath","value":"//*[@id=\"application-managesites-display-component---NewSite--addressNewCostObjectCstID-vhi\"]"}
RESULT: {}
RESULT: {"using":"xpath","value":"//*[@id=\"application-managesites-display-component---NewSite--addressNewCostObjectCstID-vhi\"]"}
COMMAND: POST /session/0fb4450c6422fe69939d6824736e2f6f/element/f.852D346EF878C3E5FC3136AC53424AFF.d.0DACB25A6E3DA8401FA225E04EC0E298.e.13140/click - {}
RESULT: {}
COMMAND: GET /session/0fb4450c6422fe69939d6824736e2f6f/screenshot - {}
RESULT: {}
RESULT: undefined
COMMAND: POST /session/0fb4450c6422fe69939d6824736e2f6f/execute/async - {"script":"<script> [776 bytes]","args":[{"enterText":"10001013","selector":{"controlType":"sap.m.SearchField","properties":{"placeholder":"Search"},"searchOpenDialogs":true,"interaction":{"idSuffix":"I"}},"clearTextFirst":true,"interactionType":"ENTER_TEXT"}]}
RESULT: {"script":"<script> [776 bytes]","args":[{"enterText":"10001013","selector":{"controlType":"sap.m.SearchField","properties":{"placeholder":"Search"},"searchOpenDialogs":true,"interaction":{"idSuffix":"I"}},"clearTextFirst":true,"interactionType":"ENTER_TEXT"}]}
COMMAND: POST /session/0fb4450c6422fe69939d6824736e2f6f/actions - {"actions":[{"id":"action42","type":"key","parameters":{},"actions":[{"type":"keyDown","value":"î€‡"},{"type":"pause","duration":10},{"type":"keyUp","value":"î€‡"}]}]}
RESULT: {"actions":[{"id":"action42","type":"key","parameters":{},"actions":[{"type":"keyDown","value":"î€‡"},{"type":"pause","duration":10},{"type":"keyUp","value":"î€‡"}]}]}
COMMAND: GET /session/0fb4450c6422fe69939d6824736e2f6f/screenshot - {}
RESULT: {}
COMMAND: POST /session/0fb4450c6422fe69939d6824736e2f6f/element - {"using":"xpath","value":"//span[contains(text(), \"General Management\")]"}
RESULT: {"using":"xpath","value":"//span[contains(text(), \"General Management\")]"}
COMMAND: POST /session/0fb4450c6422fe69939d6824736e2f6f/element/f.852D346EF878C3E5FC3136AC53424AFF.d.0DACB25A6E3DA8401FA225E04EC0E298.e.13179/click - {}
RESULT: {}
COMMAND: GET /session/0fb4450c6422fe69939d6824736e2f6f/screenshot - {}
RESULT: {}
COMMAND: POST /session/0fb4450c6422fe69939d6824736e2f6f/element - {"using":"xpath","value":"//bdi[contains(text(), \"OK\")]"}
RESULT: {"using":"xpath","value":"//bdi[contains(text(), \"OK\")]"}
COMMAND: POST /session/0fb4450c6422fe69939d6824736e2f6f/element/f.852D346EF878C3E5FC3136AC53424AFF.d.0DACB25A6E3DA8401FA225E04EC0E298.e.13180/click - {}
RESULT: {}
COMMAND: GET /session/0fb4450c6422fe69939d6824736e2f6f/screenshot - {}
RESULT: {}
COMMAND: POST /session/0fb4450c6422fe69939d6824736e2f6f/element - {"using":"xpath","value":"//input[@id=\"application-managesites-display-component---NewSite--addressDetailDetailsCalendar-inner\"]"}
RESULT: {"using":"xpath","value":"//input[@id=\"application-managesites-display-component---NewSite--addressDetailDetailsCalendar-inner\"]"}
COMMAND: POST /session/0fb4450c6422fe69939d6824736e2f6f/element/f.852D346EF878C3E5FC3136AC53424AFF.d.0DACB25A6E3DA8401FA225E04EC0E298.e.12925/clear - {}
RESULT: {}
COMMAND: POST /session/0fb4450c6422fe69939d6824736e2f6f/element/f.852D346EF878C3E5FC3136AC53424AFF.d.0DACB25A6E3DA8401FA225E04EC0E298.e.12925/value - {"text":"Unit"}
COMMAND: GET /session/0fb4450c6422fe69939d6824736e2f6f/screenshot - {}
RESULT: {"text":"Unit"}
COMMAND: GET /session/0fb4450c6422fe69939d6824736e2f6f/screenshot - {}
RESULT: {}
RESULT: {}
COMMAND: POST /session/0fb4450c6422fe69939d6824736e2f6f/actions - {"actions":[{"id":"action43","type":"key","parameters":{},"actions":[{"type":"keyDown","value":"î€‡"},{"type":"pause","duration":10},{"type":"keyUp","value":"î€‡"}]}]}
RESULT: {"actions":[{"id":"action43","type":"key","parameters":{},"actions":[{"type":"keyDown","value":"î€‡"},{"type":"pause","duration":10},{"type":"keyUp","value":"î€‡"}]}]}
COMMAND: POST /session/0fb4450c6422fe69939d6824736e2f6f/element - {"using":"xpath","value":"//input[@id=\"application-managesites-display-component---NewSite--addressDetailDetailsYard-inner\"]"}
COMMAND: GET /session/0fb4450c6422fe69939d6824736e2f6f/screenshot - {}
RESULT: {"using":"xpath","value":"//input[@id=\"application-managesites-display-component---NewSite--addressDetailDetailsYard-inner\"]"}
COMMAND: POST /session/0fb4450c6422fe69939d6824736e2f6f/element/f.852D346EF878C3E5FC3136AC53424AFF.d.0DACB25A6E3DA8401FA225E04EC0E298.e.12926/clear - {}
RESULT: {}
RESULT: {}
COMMAND: POST /session/0fb4450c6422fe69939d6824736e2f6f/element/f.852D346EF878C3E5FC3136AC53424AFF.d.0DACB25A6E3DA8401FA225E04EC0E298.e.12926/value - {"text":"525"}
COMMAND: GET /session/0fb4450c6422fe69939d6824736e2f6f/screenshot - {}
RESULT: {"text":"525"}
COMMAND: GET /session/0fb4450c6422fe69939d6824736e2f6f/screenshot - {}
RESULT: {}
RESULT: {}
COMMAND: POST /session/0fb4450c6422fe69939d6824736e2f6f/element - {"using":"xpath","value":"//li[.//span[text()='525']]"}
RESULT: {"using":"xpath","value":"//li[.//span[text()='525']]"}
COMMAND: POST /session/0fb4450c6422fe69939d6824736e2f6f/element/f.852D346EF878C3E5FC3136AC53424AFF.d.0DACB25A6E3DA8401FA225E04EC0E298.e.13188/click - {}
RESULT: {}
COMMAND: GET /session/0fb4450c6422fe69939d6824736e2f6f/screenshot - {}
RESULT: {}
COMMAND: POST /session/0fb4450c6422fe69939d6824736e2f6f/element - {"using":"xpath","value":"//input[@id=\"application-managesites-display-component---NewSite--addressDetailDetailsPartner-inner\"]"}
RESULT: {"using":"xpath","value":"//input[@id=\"application-managesites-display-component---NewSite--addressDetailDetailsPartner-inner\"]"}
COMMAND: POST /session/0fb4450c6422fe69939d6824736e2f6f/element - {"using":"xpath","value":"//input[@id=\"application-managesites-display-component---NewSite--addressDetailDetailsPartner-inner\"]"}
RESULT: {"using":"xpath","value":"//input[@id=\"application-managesites-display-component---NewSite--addressDetailDetailsPartner-inner\"]"}
COMMAND: POST /session/0fb4450c6422fe69939d6824736e2f6f/element - {"using":"xpath","value":"//button[@data-kt=\"saveButton\"]"}
RESULT: {"using":"xpath","value":"//button[@data-kt=\"saveButton\"]"}
COMMAND: POST /session/0fb4450c6422fe69939d6824736e2f6f/element/f.852D346EF878C3E5FC3136AC53424AFF.d.0DACB25A6E3DA8401FA225E04EC0E298.e.13113/click - {}
RESULT: {}
COMMAND: GET /session/0fb4450c6422fe69939d6824736e2f6f/screenshot - {}
RESULT: {}
COMMAND: POST /session/0fb4450c6422fe69939d6824736e2f6f/element - {"using":"xpath","value":"//header[contains(@id, 'ObjectPageLayout-headerTitle')]/div[1]/div[2]/div[2]/span[1]"}
RESULT: {"using":"xpath","value":"//header[contains(@id, 'ObjectPageLayout-headerTitle')]/div[1]/div[2]/div[2]/span[1]"}
COMMAND: POST /session/0fb4450c6422fe69939d6824736e2f6f/elements - {"using":"xpath","value":"//header[contains(@id, 'ObjectPageLayout-headerTitle')]/div[1]/div[2]/div[2]/span[1]"}
RESULT: {"using":"xpath","value":"//header[contains(@id, 'ObjectPageLayout-headerTitle')]/div[1]/div[2]/div[2]/span[1]"}
COMMAND: POST /session/0fb4450c6422fe69939d6824736e2f6f/execute/sync - {"script":"<script> [56 bytes]","args":[{"element-6066-11e4-a52e-4f735466cecf":"f.852D346EF878C3E5FC3136AC53424AFF.d.0DACB25A6E3DA8401FA225E04EC0E298.e.13394","ELEMENT":"f.852D346EF878C3E5FC3136AC53424AFF.d.0DACB25A6E3DA8401FA225E04EC0E298.e.13394"}]}
RESULT: {"script":"<script> [56 bytes]","args":[{"element-6066-11e4-a52e-4f735466cecf":"f.852D346EF878C3E5FC3136AC53424AFF.d.0DACB25A6E3DA8401FA225E04EC0E298.e.13394","ELEMENT":"f.852D346EF878C3E5FC3136AC53424AFF.d.0DACB25A6E3DA8401FA225E04EC0E298.e.13394"}]}
COMMAND: POST /session/0fb4450c6422fe69939d6824736e2f6f/element - {"using":"css selector","value":"#shell-header-logo"}
COMMAND: GET /session/0fb4450c6422fe69939d6824736e2f6f/screenshot - {}
RESULT: {"using":"css selector","value":"#shell-header-logo"}
COMMAND: POST /session/0fb4450c6422fe69939d6824736e2f6f/element/f.852D346EF878C3E5FC3136AC53424AFF.d.0DACB25A6E3DA8401FA225E04EC0E298.e.12685/click - {}
RESULT: {}
RESULT: {}
COMMAND: GET /session/0fb4450c6422fe69939d6824736e2f6f/screenshot - {}
RESULT: {}
COMMAND: POST /session/0fb4450c6422fe69939d6824736e2f6f/execute/sync - {"script":"<script> [299 bytes]","args":[["getModel","getResource"]]}
RESULT: {"script":"<script> [299 bytes]","args":[["getModel","getResource"]]}
]]></system-out>
    </testcase>
    <testcase classname="chrome.136_0_7103_93.windows.Provide_to_Site_w/o_warehouse_management_w/_clarification_US116605" name="Should create a new material" time="112.164">
      <system-out><![CDATA[
COMMAND: GET /session/0fb4450c6422fe69939d6824736e2f6f/screenshot - {}
COMMAND: POST /session/0fb4450c6422fe69939d6824736e2f6f/execute/async - {"script":"<script> [1562 bytes]","args":[{"selector":{"controlType":"sap.m.GenericTile","properties":{"header":"Manage Resources"}},"wdio_ui5_key":"sapm.GenericTile{\"header\":\"Manage Resources\"}"}]}
RESULT: {}
RESULT: {"script":"<script> [1562 bytes]","args":[{"selector":{"controlType":"sap.m.GenericTile","properties":{"header":"Manage Resources"}},"wdio_ui5_key":"sapm.GenericTile{\"header\":\"Manage Resources\"}"}]}
RESULT: undefined
COMMAND: POST /session/0fb4450c6422fe69939d6824736e2f6f/element - {"using":"xpath","value":"//*[@id=\"__tile31\"]"}
RESULT: {"using":"xpath","value":"//*[@id=\"__tile31\"]"}
COMMAND: POST /session/0fb4450c6422fe69939d6824736e2f6f/element/f.852D346EF878C3E5FC3136AC53424AFF.d.0DACB25A6E3DA8401FA225E04EC0E298.e.11137/click - {}
RESULT: {}
COMMAND: GET /session/0fb4450c6422fe69939d6824736e2f6f/screenshot - {}
RESULT: {}
COMMAND: POST /session/0fb4450c6422fe69939d6824736e2f6f/elements - {"using":"xpath","value":"//span[text()='Error']"}
RESULT: {"using":"xpath","value":"//span[text()='Error']"}
COMMAND: POST /session/0fb4450c6422fe69939d6824736e2f6f/element - {"using":"xpath","value":"//button[@data-kt=\"addNewRUOverflowToolbarButton\"]"}
RESULT: {"using":"xpath","value":"//button[@data-kt=\"addNewRUOverflowToolbarButton\"]"}
COMMAND: POST /session/0fb4450c6422fe69939d6824736e2f6f/elements - {"using":"xpath","value":"//button[@data-kt=\"addNewRUOverflowToolbarButton\"]"}
RESULT: {"using":"xpath","value":"//button[@data-kt=\"addNewRUOverflowToolbarButton\"]"}
COMMAND: POST /session/0fb4450c6422fe69939d6824736e2f6f/execute/sync - {"script":"<script> [8489 bytes]","args":[{"element-6066-11e4-a52e-4f735466cecf":"f.852D346EF878C3E5FC3136AC53424AFF.d.0DACB25A6E3DA8401FA225E04EC0E298.e.13439","ELEMENT":"f.852D346EF878C3E5FC3136AC53424AFF.d.0DACB25A6E3DA8401FA225E04EC0E298.e.13439"}]}
RESULT: {"script":"<script> [8489 bytes]","args":[{"element-6066-11e4-a52e-4f735466cecf":"f.852D346EF878C3E5FC3136AC53424AFF.d.0DACB25A6E3DA8401FA225E04EC0E298.e.13439","ELEMENT":"f.852D346EF878C3E5FC3136AC53424AFF.d.0DACB25A6E3DA8401FA225E04EC0E298.e.13439"}]}
COMMAND: GET /session/0fb4450c6422fe69939d6824736e2f6f/element/f.852D346EF878C3E5FC3136AC53424AFF.d.0DACB25A6E3DA8401FA225E04EC0E298.e.13439/enabled - {}
COMMAND: GET /session/0fb4450c6422fe69939d6824736e2f6f/screenshot - {}
RESULT: {}
COMMAND: POST /session/0fb4450c6422fe69939d6824736e2f6f/execute/sync - {"script":"<script> [8489 bytes]","args":[{"element-6066-11e4-a52e-4f735466cecf":"f.852D346EF878C3E5FC3136AC53424AFF.d.0DACB25A6E3DA8401FA225E04EC0E298.e.13439","ELEMENT":"f.852D346EF878C3E5FC3136AC53424AFF.d.0DACB25A6E3DA8401FA225E04EC0E298.e.13439"}]}
COMMAND: GET /session/0fb4450c6422fe69939d6824736e2f6f/screenshot - {}
RESULT: {}
RESULT: {"script":"<script> [8489 bytes]","args":[{"element-6066-11e4-a52e-4f735466cecf":"f.852D346EF878C3E5FC3136AC53424AFF.d.0DACB25A6E3DA8401FA225E04EC0E298.e.13439","ELEMENT":"f.852D346EF878C3E5FC3136AC53424AFF.d.0DACB25A6E3DA8401FA225E04EC0E298.e.13439"}]}
COMMAND: POST /session/0fb4450c6422fe69939d6824736e2f6f/execute/sync - {"script":"<script> [5351 bytes]","args":[{"element-6066-11e4-a52e-4f735466cecf":"f.852D346EF878C3E5FC3136AC53424AFF.d.0DACB25A6E3DA8401FA225E04EC0E298.e.13439","ELEMENT":"f.852D346EF878C3E5FC3136AC53424AFF.d.0DACB25A6E3DA8401FA225E04EC0E298.e.13439"}]}
COMMAND: GET /session/0fb4450c6422fe69939d6824736e2f6f/screenshot - {}
RESULT: {}
RESULT: {"script":"<script> [5351 bytes]","args":[{"element-6066-11e4-a52e-4f735466cecf":"f.852D346EF878C3E5FC3136AC53424AFF.d.0DACB25A6E3DA8401FA225E04EC0E298.e.13439","ELEMENT":"f.852D346EF878C3E5FC3136AC53424AFF.d.0DACB25A6E3DA8401FA225E04EC0E298.e.13439"}]}
COMMAND: POST /session/0fb4450c6422fe69939d6824736e2f6f/element/f.852D346EF878C3E5FC3136AC53424AFF.d.0DACB25A6E3DA8401FA225E04EC0E298.e.13439/click - {}
COMMAND: GET /session/0fb4450c6422fe69939d6824736e2f6f/screenshot - {}
RESULT: {}
RESULT: {}
COMMAND: GET /session/0fb4450c6422fe69939d6824736e2f6f/screenshot - {}
COMMAND: POST /session/0fb4450c6422fe69939d6824736e2f6f/execute/async - {"script":"<script> [1562 bytes]","args":[{"selector":{"id":"application-manageresources-display-component---newResourceUnit--TYPE-arrow"},"wdio_ui5_key":"applicationmanageresources-display-component---newResourceUnit--TYPE-arrow"}]}
RESULT: {}
RESULT: {}
RESULT: {"script":"<script> [1562 bytes]","args":[{"selector":{"id":"application-manageresources-display-component---newResourceUnit--TYPE-arrow"},"wdio_ui5_key":"applicationmanageresources-display-component---newResourceUnit--TYPE-arrow"}]}
RESULT: undefined
COMMAND: POST /session/0fb4450c6422fe69939d6824736e2f6f/element - {"using":"xpath","value":"//*[@id=\"application-manageresources-display-component---newResourceUnit--TYPE-arrow\"]"}
RESULT: {"using":"xpath","value":"//*[@id=\"application-manageresources-display-component---newResourceUnit--TYPE-arrow\"]"}
COMMAND: POST /session/0fb4450c6422fe69939d6824736e2f6f/element/f.852D346EF878C3E5FC3136AC53424AFF.d.0DACB25A6E3DA8401FA225E04EC0E298.e.13792/click - {}
RESULT: {}
COMMAND: POST /session/0fb4450c6422fe69939d6824736e2f6f/element - {"using":"xpath","value":"//input[@id=\"application-manageresources-display-component---newResourceUnit--TYPE-inner\"]"}
COMMAND: GET /session/0fb4450c6422fe69939d6824736e2f6f/screenshot - {}
RESULT: {"using":"xpath","value":"//input[@id=\"application-manageresources-display-component---newResourceUnit--TYPE-inner\"]"}
COMMAND: POST /session/0fb4450c6422fe69939d6824736e2f6f/element/f.852D346EF878C3E5FC3136AC53424AFF.d.0DACB25A6E3DA8401FA225E04EC0E298.e.13776/clear - {}
RESULT: {}
RESULT: {}
COMMAND: POST /session/0fb4450c6422fe69939d6824736e2f6f/element/f.852D346EF878C3E5FC3136AC53424AFF.d.0DACB25A6E3DA8401FA225E04EC0E298.e.13776/value - {"text":"Material"}
COMMAND: GET /session/0fb4450c6422fe69939d6824736e2f6f/screenshot - {}
RESULT: {"text":"Material"}
COMMAND: GET /session/0fb4450c6422fe69939d6824736e2f6f/screenshot - {}
RESULT: {}
RESULT: {}
COMMAND: POST /session/0fb4450c6422fe69939d6824736e2f6f/actions - {"actions":[{"id":"action44","type":"key","parameters":{},"actions":[{"type":"keyDown","value":"î€‡"},{"type":"pause","duration":10},{"type":"keyUp","value":"î€‡"}]}]}
RESULT: {"actions":[{"id":"action44","type":"key","parameters":{},"actions":[{"type":"keyDown","value":"î€‡"},{"type":"pause","duration":10},{"type":"keyUp","value":"î€‡"}]}]}
COMMAND: POST /session/0fb4450c6422fe69939d6824736e2f6f/execute/async - {"script":"<script> [1562 bytes]","args":[{"selector":{"id":"application-manageresources-display-component---newResourceUnit--SHORT_TEXT","interaction":{"idSuffix":"inner"}},"wdio_ui5_key":"applicationmanageresources-display-component---newResourceUnit--SHORT_TEXT"}]}
COMMAND: GET /session/0fb4450c6422fe69939d6824736e2f6f/screenshot - {}
RESULT: {"script":"<script> [1562 bytes]","args":[{"selector":{"id":"application-manageresources-display-component---newResourceUnit--SHORT_TEXT","interaction":{"idSuffix":"inner"}},"wdio_ui5_key":"applicationmanageresources-display-component---newResourceUnit--SHORT_TEXT"}]}
RESULT: undefined
COMMAND: POST /session/0fb4450c6422fe69939d6824736e2f6f/execute/async - {"script":"<script> [776 bytes]","args":[{"enterText":"Cement WDIO","selector":{"id":"application-manageresources-display-component---newResourceUnit--SHORT_TEXT","interaction":{"idSuffix":"inner"}},"clearTextFirst":true,"interactionType":"ENTER_TEXT"}]}
RESULT: {}
RESULT: {"script":"<script> [776 bytes]","args":[{"enterText":"Cement WDIO","selector":{"id":"application-manageresources-display-component---newResourceUnit--SHORT_TEXT","interaction":{"idSuffix":"inner"}},"clearTextFirst":true,"interactionType":"ENTER_TEXT"}]}
COMMAND: POST /session/0fb4450c6422fe69939d6824736e2f6f/execute/async - {"script":"<script> [1562 bytes]","args":[{"selector":{"id":"application-manageresources-display-component---newResourceUnit--BASE_UNIT_OF_MEASURE","interaction":{"idSuffix":"inner"}},"wdio_ui5_key":"applicationmanageresources-display-component---newResourceUnit--BASE_UNIT_OF_MEASURE"}]}
RESULT: {"script":"<script> [1562 bytes]","args":[{"selector":{"id":"application-manageresources-display-component---newResourceUnit--BASE_UNIT_OF_MEASURE","interaction":{"idSuffix":"inner"}},"wdio_ui5_key":"applicationmanageresources-display-component---newResourceUnit--BASE_UNIT_OF_MEASURE"}]}
RESULT: undefined
COMMAND: POST /session/0fb4450c6422fe69939d6824736e2f6f/execute/async - {"script":"<script> [776 bytes]","args":[{"enterText":"Piece","selector":{"id":"application-manageresources-display-component---newResourceUnit--BASE_UNIT_OF_MEASURE","interaction":{"idSuffix":"inner"}},"clearTextFirst":true,"interactionType":"ENTER_TEXT"}]}
RESULT: {"script":"<script> [776 bytes]","args":[{"enterText":"Piece","selector":{"id":"application-manageresources-display-component---newResourceUnit--BASE_UNIT_OF_MEASURE","interaction":{"idSuffix":"inner"}},"clearTextFirst":true,"interactionType":"ENTER_TEXT"}]}
COMMAND: POST /session/0fb4450c6422fe69939d6824736e2f6f/execute/async - {"script":"<script> [1562 bytes]","args":[{"selector":{"id":"application-manageresources-display-component---newResourceUnit--WEIGHT_UNIT","interaction":{"idSuffix":"inner"}},"wdio_ui5_key":"applicationmanageresources-display-component---newResourceUnit--WEIGHT_UNIT"}]}
RESULT: {"script":"<script> [1562 bytes]","args":[{"selector":{"id":"application-manageresources-display-component---newResourceUnit--WEIGHT_UNIT","interaction":{"idSuffix":"inner"}},"wdio_ui5_key":"applicationmanageresources-display-component---newResourceUnit--WEIGHT_UNIT"}]}
RESULT: undefined
COMMAND: POST /session/0fb4450c6422fe69939d6824736e2f6f/execute/async - {"script":"<script> [776 bytes]","args":[{"enterText":"Gram","selector":{"id":"application-manageresources-display-component---newResourceUnit--WEIGHT_UNIT","interaction":{"idSuffix":"inner"}},"clearTextFirst":true,"interactionType":"ENTER_TEXT"}]}
RESULT: {"script":"<script> [776 bytes]","args":[{"enterText":"Gram","selector":{"id":"application-manageresources-display-component---newResourceUnit--WEIGHT_UNIT","interaction":{"idSuffix":"inner"}},"clearTextFirst":true,"interactionType":"ENTER_TEXT"}]}
COMMAND: POST /session/0fb4450c6422fe69939d6824736e2f6f/execute/async - {"script":"<script> [1562 bytes]","args":[{"selector":{"id":"application-manageresources-display-component---newResourceUnit--DIMENSION_UNIT","interaction":{"idSuffix":"inner"}},"wdio_ui5_key":"applicationmanageresources-display-component---newResourceUnit--DIMENSION_UNIT"}]}
RESULT: {"script":"<script> [1562 bytes]","args":[{"selector":{"id":"application-manageresources-display-component---newResourceUnit--DIMENSION_UNIT","interaction":{"idSuffix":"inner"}},"wdio_ui5_key":"applicationmanageresources-display-component---newResourceUnit--DIMENSION_UNIT"}]}
RESULT: undefined
COMMAND: POST /session/0fb4450c6422fe69939d6824736e2f6f/execute/async - {"script":"<script> [776 bytes]","args":[{"enterText":"Meter","selector":{"id":"application-manageresources-display-component---newResourceUnit--DIMENSION_UNIT","interaction":{"idSuffix":"inner"}},"clearTextFirst":true,"interactionType":"ENTER_TEXT"}]}
RESULT: {"script":"<script> [776 bytes]","args":[{"enterText":"Meter","selector":{"id":"application-manageresources-display-component---newResourceUnit--DIMENSION_UNIT","interaction":{"idSuffix":"inner"}},"clearTextFirst":true,"interactionType":"ENTER_TEXT"}]}
COMMAND: POST /session/0fb4450c6422fe69939d6824736e2f6f/execute/async - {"script":"<script> [1562 bytes]","args":[{"selector":{"id":"application-manageresources-display-component---newResourceUnit--newRRUPage-anchBar-application-manageresources-display-component---newResourceUnit--control-anchor","interaction":{"idSuffix":"BDI-content"}},"wdio_ui5_key":"applicationmanageresources-display-component---newResourceUnit--newRRUPage-anchBar-application-manageresources-display-component---newResourceUnit--control-anchor"}]}
RESULT: {"script":"<script> [1562 bytes]","args":[{"selector":{"id":"application-manageresources-display-component---newResourceUnit--newRRUPage-anchBar-application-manageresources-display-component---newResourceUnit--control-anchor","interaction":{"idSuffix":"BDI-content"}},"wdio_ui5_key":"applicationmanageresources-display-component---newResourceUnit--newRRUPage-anchBar-application-manageresources-display-component---newResourceUnit--control-anchor"}]}
RESULT: undefined
COMMAND: POST /session/0fb4450c6422fe69939d6824736e2f6f/element - {"using":"xpath","value":"//*[@id=\"application-manageresources-display-component---newResourceUnit--newRRUPage-anchBar-application-manageresources-display-component---newResourceUnit--control-anchor\"]"}
RESULT: {"using":"xpath","value":"//*[@id=\"application-manageresources-display-component---newResourceUnit--newRRUPage-anchBar-application-manageresources-display-component---newResourceUnit--control-anchor\"]"}
COMMAND: POST /session/0fb4450c6422fe69939d6824736e2f6f/element/f.852D346EF878C3E5FC3136AC53424AFF.d.0DACB25A6E3DA8401FA225E04EC0E298.e.13856/click - {}
RESULT: {}
COMMAND: POST /session/0fb4450c6422fe69939d6824736e2f6f/execute/async - {"script":"<script> [1562 bytes]","args":[{"selector":{"id":"application-manageresources-display-component---newResourceUnit--PLANNING_GROUP","interaction":{"idSuffix":"inner"}},"wdio_ui5_key":"applicationmanageresources-display-component---newResourceUnit--PLANNING_GROUP"}]}
COMMAND: GET /session/0fb4450c6422fe69939d6824736e2f6f/screenshot - {}
RESULT: {"script":"<script> [1562 bytes]","args":[{"selector":{"id":"application-manageresources-display-component---newResourceUnit--PLANNING_GROUP","interaction":{"idSuffix":"inner"}},"wdio_ui5_key":"applicationmanageresources-display-component---newResourceUnit--PLANNING_GROUP"}]}
RESULT: undefined
COMMAND: POST /session/0fb4450c6422fe69939d6824736e2f6f/execute/async - {"script":"<script> [776 bytes]","args":[{"enterText":"Material","selector":{"id":"application-manageresources-display-component---newResourceUnit--PLANNING_GROUP","interaction":{"idSuffix":"inner"}},"clearTextFirst":true,"interactionType":"ENTER_TEXT"}]}
RESULT: {}
RESULT: {"script":"<script> [776 bytes]","args":[{"enterText":"Material","selector":{"id":"application-manageresources-display-component---newResourceUnit--PLANNING_GROUP","interaction":{"idSuffix":"inner"}},"clearTextFirst":true,"interactionType":"ENTER_TEXT"}]}
COMMAND: POST /session/0fb4450c6422fe69939d6824736e2f6f/execute/async - {"script":"<script> [1562 bytes]","args":[{"selector":{"id":"application-manageresources-display-component---newResourceUnit--PLANNING_INDICATOR","interaction":{"idSuffix":"inner"}},"wdio_ui5_key":"applicationmanageresources-display-component---newResourceUnit--PLANNING_INDICATOR"}]}
RESULT: {"script":"<script> [1562 bytes]","args":[{"selector":{"id":"application-manageresources-display-component---newResourceUnit--PLANNING_INDICATOR","interaction":{"idSuffix":"inner"}},"wdio_ui5_key":"applicationmanageresources-display-component---newResourceUnit--PLANNING_INDICATOR"}]}
RESULT: undefined
COMMAND: POST /session/0fb4450c6422fe69939d6824736e2f6f/execute/async - {"script":"<script> [776 bytes]","args":[{"enterText":"10 - infinite","selector":{"id":"application-manageresources-display-component---newResourceUnit--PLANNING_INDICATOR","interaction":{"idSuffix":"inner"}},"clearTextFirst":true,"interactionType":"ENTER_TEXT"}]}
RESULT: {"script":"<script> [776 bytes]","args":[{"enterText":"10 - infinite","selector":{"id":"application-manageresources-display-component---newResourceUnit--PLANNING_INDICATOR","interaction":{"idSuffix":"inner"}},"clearTextFirst":true,"interactionType":"ENTER_TEXT"}]}
COMMAND: POST /session/0fb4450c6422fe69939d6824736e2f6f/element - {"using":"css selector","value":"#application-manageresources-display-component---newResourceUnit--btnAddTimeSegment"}
RESULT: {"using":"css selector","value":"#application-manageresources-display-component---newResourceUnit--btnAddTimeSegment"}
COMMAND: GET /session/0fb4450c6422fe69939d6824736e2f6f/element/f.852D346EF878C3E5FC3136AC53424AFF.d.0DACB25A6E3DA8401FA225E04EC0E298.e.13864/rect - {}
RESULT: {}
COMMAND: GET /session/0fb4450c6422fe69939d6824736e2f6f/window/rect - {}
RESULT: {}
COMMAND: POST /session/0fb4450c6422fe69939d6824736e2f6f/execute/sync - {"script":"<script> [92 bytes]","args":[]}
RESULT: {"script":"<script> [92 bytes]","args":[]}
COMMAND: POST /session/0fb4450c6422fe69939d6824736e2f6f/actions - {"actions":[{"id":"action45","type":"wheel","parameters":{},"actions":[{"type":"scroll","x":-1888,"y":-32,"deltaX":0,"deltaY":0,"duration":0,"origin":{"element-6066-11e4-a52e-4f735466cecf":"f.852D346EF878C3E5FC3136AC53424AFF.d.0DACB25A6E3DA8401FA225E04EC0E298.e.13864"}}]}]}
COMMAND: GET /session/0fb4450c6422fe69939d6824736e2f6f/screenshot - {}
RESULT: {}
COMMAND: POST /session/0fb4450c6422fe69939d6824736e2f6f/execute/sync - {"script":"<script> [79 bytes]","args":[{"element-6066-11e4-a52e-4f735466cecf":"f.852D346EF878C3E5FC3136AC53424AFF.d.0DACB25A6E3DA8401FA225E04EC0E298.e.13864","ELEMENT":"f.852D346EF878C3E5FC3136AC53424AFF.d.0DACB25A6E3DA8401FA225E04EC0E298.e.13864"},{"block":"start","inline":"nearest"}]}
RESULT: {"script":"<script> [79 bytes]","args":[{"element-6066-11e4-a52e-4f735466cecf":"f.852D346EF878C3E5FC3136AC53424AFF.d.0DACB25A6E3DA8401FA225E04EC0E298.e.13864","ELEMENT":"f.852D346EF878C3E5FC3136AC53424AFF.d.0DACB25A6E3DA8401FA225E04EC0E298.e.13864"},{"block":"start","inline":"nearest"}]}
COMMAND: POST /session/0fb4450c6422fe69939d6824736e2f6f/execute/async - {"script":"<script> [1562 bytes]","args":[{"selector":{"id":"application-manageresources-display-component---newResourceUnit--btnAddTimeSegment","interaction":{"idSuffix":"inner"}},"wdio_ui5_key":"applicationmanageresources-display-component---newResourceUnit--btnAddTimeSegment"}]}
COMMAND: GET /session/0fb4450c6422fe69939d6824736e2f6f/screenshot - {}
RESULT: {"script":"<script> [1562 bytes]","args":[{"selector":{"id":"application-manageresources-display-component---newResourceUnit--btnAddTimeSegment","interaction":{"idSuffix":"inner"}},"wdio_ui5_key":"applicationmanageresources-display-component---newResourceUnit--btnAddTimeSegment"}]}
RESULT: undefined
COMMAND: POST /session/0fb4450c6422fe69939d6824736e2f6f/element - {"using":"xpath","value":"//*[@id=\"application-manageresources-display-component---newResourceUnit--btnAddTimeSegment\"]"}
RESULT: {}
RESULT: {"using":"xpath","value":"//*[@id=\"application-manageresources-display-component---newResourceUnit--btnAddTimeSegment\"]"}
COMMAND: POST /session/0fb4450c6422fe69939d6824736e2f6f/element/f.852D346EF878C3E5FC3136AC53424AFF.d.0DACB25A6E3DA8401FA225E04EC0E298.e.13864/click - {}
RESULT: {}
COMMAND: GET /session/0fb4450c6422fe69939d6824736e2f6f/screenshot - {}
RESULT: {}
COMMAND: POST /session/0fb4450c6422fe69939d6824736e2f6f/element - {"using":"xpath","value":"//input[@id=\"application-manageresources-display-component---newResourceUnit--idRuTSAdmin-application-manageresources-display-component---newResourceUnit--RUTimeSegment-0-inner\"]"}
RESULT: {"using":"xpath","value":"//input[@id=\"application-manageresources-display-component---newResourceUnit--idRuTSAdmin-application-manageresources-display-component---newResourceUnit--RUTimeSegment-0-inner\"]"}
COMMAND: POST /session/0fb4450c6422fe69939d6824736e2f6f/element/f.852D346EF878C3E5FC3136AC53424AFF.d.0DACB25A6E3DA8401FA225E04EC0E298.e.13869/clear - {}
RESULT: {}
COMMAND: POST /session/0fb4450c6422fe69939d6824736e2f6f/element/f.852D346EF878C3E5FC3136AC53424AFF.d.0DACB25A6E3DA8401FA225E04EC0E298.e.13869/value - {"text":"525"}
COMMAND: GET /session/0fb4450c6422fe69939d6824736e2f6f/screenshot - {}
RESULT: {"text":"525"}
COMMAND: GET /session/0fb4450c6422fe69939d6824736e2f6f/screenshot - {}
RESULT: {}
RESULT: {}
COMMAND: POST /session/0fb4450c6422fe69939d6824736e2f6f/element - {"using":"xpath","value":"//li[.//span[text()='525']]"}
RESULT: {"using":"xpath","value":"//li[.//span[text()='525']]"}
COMMAND: POST /session/0fb4450c6422fe69939d6824736e2f6f/element/f.852D346EF878C3E5FC3136AC53424AFF.d.0DACB25A6E3DA8401FA225E04EC0E298.e.13879/click - {}
RESULT: {}
COMMAND: GET /session/0fb4450c6422fe69939d6824736e2f6f/screenshot - {}
RESULT: {}
COMMAND: POST /session/0fb4450c6422fe69939d6824736e2f6f/element - {"using":"xpath","value":"(//span[contains(@id, \"-application-manageresources-display-component---newResourceUnit--RUTimeSegment-0-arrow\")])[2]"}
RESULT: {"using":"xpath","value":"(//span[contains(@id, \"-application-manageresources-display-component---newResourceUnit--RUTimeSegment-0-arrow\")])[2]"}
COMMAND: POST /session/0fb4450c6422fe69939d6824736e2f6f/element/f.852D346EF878C3E5FC3136AC53424AFF.d.0DACB25A6E3DA8401FA225E04EC0E298.e.13880/click - {}
RESULT: {}
COMMAND: POST /session/0fb4450c6422fe69939d6824736e2f6f/element - {"using":"xpath","value":"//span[contains(text(), \"PM Order\")]"}
COMMAND: GET /session/0fb4450c6422fe69939d6824736e2f6f/screenshot - {}
RESULT: {"using":"xpath","value":"//span[contains(text(), \"PM Order\")]"}
COMMAND: POST /session/0fb4450c6422fe69939d6824736e2f6f/element/f.852D346EF878C3E5FC3136AC53424AFF.d.0DACB25A6E3DA8401FA225E04EC0E298.e.13881/click - {}
RESULT: {}
RESULT: {}
COMMAND: GET /session/0fb4450c6422fe69939d6824736e2f6f/screenshot - {}
RESULT: {}
COMMAND: POST /session/0fb4450c6422fe69939d6824736e2f6f/element - {"using":"xpath","value":"//td/div/div/div/span[contains(@id, \"newResourceUnit--RUTimeSegment-0-vhi\")][1]"}
RESULT: {"using":"xpath","value":"//td/div/div/div/span[contains(@id, \"newResourceUnit--RUTimeSegment-0-vhi\")][1]"}
COMMAND: GET /session/0fb4450c6422fe69939d6824736e2f6f/element/f.852D346EF878C3E5FC3136AC53424AFF.d.0DACB25A6E3DA8401FA225E04EC0E298.e.13885/rect - {}
RESULT: {}
COMMAND: GET /session/0fb4450c6422fe69939d6824736e2f6f/window/rect - {}
RESULT: {}
COMMAND: POST /session/0fb4450c6422fe69939d6824736e2f6f/execute/sync - {"script":"<script> [92 bytes]","args":[]}
RESULT: {"script":"<script> [92 bytes]","args":[]}
COMMAND: POST /session/0fb4450c6422fe69939d6824736e2f6f/actions - {"actions":[{"id":"action46","type":"wheel","parameters":{},"actions":[{"type":"scroll","x":-1888,"y":-24,"deltaX":0,"deltaY":0,"duration":0,"origin":{"element-6066-11e4-a52e-4f735466cecf":"f.852D346EF878C3E5FC3136AC53424AFF.d.0DACB25A6E3DA8401FA225E04EC0E298.e.13885"}}]}]}
COMMAND: GET /session/0fb4450c6422fe69939d6824736e2f6f/screenshot - {}
RESULT: {}
COMMAND: POST /session/0fb4450c6422fe69939d6824736e2f6f/execute/sync - {"script":"<script> [79 bytes]","args":[{"element-6066-11e4-a52e-4f735466cecf":"f.852D346EF878C3E5FC3136AC53424AFF.d.0DACB25A6E3DA8401FA225E04EC0E298.e.13885","ELEMENT":"f.852D346EF878C3E5FC3136AC53424AFF.d.0DACB25A6E3DA8401FA225E04EC0E298.e.13885"},{"block":"start","inline":"nearest"}]}
RESULT: {"script":"<script> [79 bytes]","args":[{"element-6066-11e4-a52e-4f735466cecf":"f.852D346EF878C3E5FC3136AC53424AFF.d.0DACB25A6E3DA8401FA225E04EC0E298.e.13885","ELEMENT":"f.852D346EF878C3E5FC3136AC53424AFF.d.0DACB25A6E3DA8401FA225E04EC0E298.e.13885"},{"block":"start","inline":"nearest"}]}
COMMAND: GET /session/0fb4450c6422fe69939d6824736e2f6f/screenshot - {}
RESULT: {}
COMMAND: POST /session/0fb4450c6422fe69939d6824736e2f6f/element/f.852D346EF878C3E5FC3136AC53424AFF.d.0DACB25A6E3DA8401FA225E04EC0E298.e.13885/click - {}
RESULT: {}
COMMAND: GET /session/0fb4450c6422fe69939d6824736e2f6f/screenshot - {}
RESULT: {}
RESULT: undefined
COMMAND: POST /session/0fb4450c6422fe69939d6824736e2f6f/execute/async - {"script":"<script> [776 bytes]","args":[{"enterText":"4000360","selector":{"controlType":"sap.m.SearchField","properties":{"placeholder":"Search"},"searchOpenDialogs":true,"interaction":{"idSuffix":"I"}},"clearTextFirst":true,"interactionType":"ENTER_TEXT"}]}
RESULT: {"script":"<script> [776 bytes]","args":[{"enterText":"4000360","selector":{"controlType":"sap.m.SearchField","properties":{"placeholder":"Search"},"searchOpenDialogs":true,"interaction":{"idSuffix":"I"}},"clearTextFirst":true,"interactionType":"ENTER_TEXT"}]}
COMMAND: POST /session/0fb4450c6422fe69939d6824736e2f6f/actions - {"actions":[{"id":"action47","type":"key","parameters":{},"actions":[{"type":"keyDown","value":"î€‡"},{"type":"pause","duration":10},{"type":"keyUp","value":"î€‡"}]}]}
RESULT: {"actions":[{"id":"action47","type":"key","parameters":{},"actions":[{"type":"keyDown","value":"î€‡"},{"type":"pause","duration":10},{"type":"keyUp","value":"î€‡"}]}]}
COMMAND: GET /session/0fb4450c6422fe69939d6824736e2f6f/screenshot - {}
RESULT: {}
COMMAND: POST /session/0fb4450c6422fe69939d6824736e2f6f/element - {"using":"xpath","value":"//td/div/span[contains(text(), \"BGL Vehicles\")]"}
RESULT: {"using":"xpath","value":"//td/div/span[contains(text(), \"BGL Vehicles\")]"}
COMMAND: POST /session/0fb4450c6422fe69939d6824736e2f6f/element/f.852D346EF878C3E5FC3136AC53424AFF.d.0DACB25A6E3DA8401FA225E04EC0E298.e.13905/click - {}
RESULT: {}
COMMAND: GET /session/0fb4450c6422fe69939d6824736e2f6f/screenshot - {}
RESULT: {}
COMMAND: POST /session/0fb4450c6422fe69939d6824736e2f6f/element - {"using":"xpath","value":"//bdi[contains(text(), \"OK\")]"}
RESULT: {"using":"xpath","value":"//bdi[contains(text(), \"OK\")]"}
COMMAND: POST /session/0fb4450c6422fe69939d6824736e2f6f/element/f.852D346EF878C3E5FC3136AC53424AFF.d.0DACB25A6E3DA8401FA225E04EC0E298.e.13906/click - {}
RESULT: {}
COMMAND: GET /session/0fb4450c6422fe69939d6824736e2f6f/screenshot - {}
RESULT: {}
COMMAND: POST /session/0fb4450c6422fe69939d6824736e2f6f/element - {"using":"xpath","value":"//label[contains(@class, 'sapMLabelRequired') and .//bdi[contains(text(), 'Planned Retirement')]]"}
RESULT: {"using":"xpath","value":"//label[contains(@class, 'sapMLabelRequired') and .//bdi[contains(text(), 'Planned Retirement')]]"}
COMMAND: POST /session/0fb4450c6422fe69939d6824736e2f6f/elements - {"using":"xpath","value":"//label[contains(@class, 'sapMLabelRequired') and .//bdi[contains(text(), 'Planned Retirement')]]"}
RESULT: {"using":"xpath","value":"//label[contains(@class, 'sapMLabelRequired') and .//bdi[contains(text(), 'Planned Retirement')]]"}
COMMAND: POST /session/0fb4450c6422fe69939d6824736e2f6f/element - {"using":"xpath","value":"//button[@data-kt=\"resourceUnitSaveButton\"]"}
RESULT: {"using":"xpath","value":"//button[@data-kt=\"resourceUnitSaveButton\"]"}
COMMAND: POST /session/0fb4450c6422fe69939d6824736e2f6f/element/f.852D346EF878C3E5FC3136AC53424AFF.d.0DACB25A6E3DA8401FA225E04EC0E298.e.13809/click - {}
RESULT: {}
COMMAND: GET /session/0fb4450c6422fe69939d6824736e2f6f/screenshot - {}
RESULT: {}
COMMAND: POST /session/0fb4450c6422fe69939d6824736e2f6f/element - {"using":"xpath","value":"//bdi[contains(text(), \"Close\")]"}
RESULT: {"using":"xpath","value":"//bdi[contains(text(), \"Close\")]"}
COMMAND: POST /session/0fb4450c6422fe69939d6824736e2f6f/element/f.852D346EF878C3E5FC3136AC53424AFF.d.0DACB25A6E3DA8401FA225E04EC0E298.e.13912/click - {}
RESULT: {}
COMMAND: GET /session/0fb4450c6422fe69939d6824736e2f6f/screenshot - {}
RESULT: {}
COMMAND: POST /session/0fb4450c6422fe69939d6824736e2f6f/element - {"using":"xpath","value":"//header[contains(@id, 'detailRruPage-headerTitle')]/div[1]/div[2]/div[2]/span[1]"}
RESULT: {"using":"xpath","value":"//header[contains(@id, 'detailRruPage-headerTitle')]/div[1]/div[2]/div[2]/span[1]"}
COMMAND: POST /session/0fb4450c6422fe69939d6824736e2f6f/elements - {"using":"xpath","value":"//header[contains(@id, 'detailRruPage-headerTitle')]/div[1]/div[2]/div[2]/span[1]"}
RESULT: {"using":"xpath","value":"//header[contains(@id, 'detailRruPage-headerTitle')]/div[1]/div[2]/div[2]/span[1]"}
COMMAND: POST /session/0fb4450c6422fe69939d6824736e2f6f/execute/sync - {"script":"<script> [56 bytes]","args":[{"element-6066-11e4-a52e-4f735466cecf":"f.852D346EF878C3E5FC3136AC53424AFF.d.0DACB25A6E3DA8401FA225E04EC0E298.e.13942","ELEMENT":"f.852D346EF878C3E5FC3136AC53424AFF.d.0DACB25A6E3DA8401FA225E04EC0E298.e.13942"}]}
RESULT: {"script":"<script> [56 bytes]","args":[{"element-6066-11e4-a52e-4f735466cecf":"f.852D346EF878C3E5FC3136AC53424AFF.d.0DACB25A6E3DA8401FA225E04EC0E298.e.13942","ELEMENT":"f.852D346EF878C3E5FC3136AC53424AFF.d.0DACB25A6E3DA8401FA225E04EC0E298.e.13942"}]}
COMMAND: POST /session/0fb4450c6422fe69939d6824736e2f6f/element - {"using":"css selector","value":"#shell-header-logo"}
COMMAND: GET /session/0fb4450c6422fe69939d6824736e2f6f/screenshot - {}
RESULT: {"using":"css selector","value":"#shell-header-logo"}
COMMAND: POST /session/0fb4450c6422fe69939d6824736e2f6f/element/f.852D346EF878C3E5FC3136AC53424AFF.d.0DACB25A6E3DA8401FA225E04EC0E298.e.13398/click - {}
RESULT: {}
RESULT: {}
COMMAND: GET /session/0fb4450c6422fe69939d6824736e2f6f/screenshot - {}
RESULT: {}
]]></system-out>
    </testcase>
  </testsuite>
  <testsuite timestamp="2025-05-18T16:54:37" time="350.373" tests="6" failures="0" errors="0" skipped="0">
    <properties>
      <property name="specId" value="0" />
      <property name="suiteName" value="Provide to Site w/o warehouse management w clarification" />
      <property name="capabilities" value="chrome.136_0_7103_93.windows" />
      <property name="file" value="file:///D:/a/1/s/test/specs/HTR/provide-to-site-wo-warehouse-w-clarification.spec.js" />
    </properties>
    <testcase classname="chrome.136_0_7103_93.windows.Provide_to_Site_w/o_warehouse_management_w_clarification" name="Should do a stock increase handover" time="82.091">
      <system-out><![CDATA[
COMMAND: POST /session/0fb4450c6422fe69939d6824736e2f6f/execute/async - {"script":"<script> [1562 bytes]","args":[{"selector":{"controlType":"sap.m.GenericTile","properties":{"header":"Manage Handovers"}},"wdio_ui5_key":"sapm.GenericTile{\"header\":\"Manage Handovers\"}"}]}
RESULT: {"script":"<script> [1562 bytes]","args":[{"selector":{"controlType":"sap.m.GenericTile","properties":{"header":"Manage Handovers"}},"wdio_ui5_key":"sapm.GenericTile{\"header\":\"Manage Handovers\"}"}]}
RESULT: undefined
COMMAND: POST /session/0fb4450c6422fe69939d6824736e2f6f/element - {"using":"xpath","value":"//*[@id=\"__tile133\"]"}
RESULT: {"using":"xpath","value":"//*[@id=\"__tile133\"]"}
COMMAND: POST /session/0fb4450c6422fe69939d6824736e2f6f/element/f.852D346EF878C3E5FC3136AC53424AFF.d.0DACB25A6E3DA8401FA225E04EC0E298.e.11164/click - {}
RESULT: {}
COMMAND: GET /session/0fb4450c6422fe69939d6824736e2f6f/screenshot - {}
RESULT: {}
COMMAND: POST /session/0fb4450c6422fe69939d6824736e2f6f/elements - {"using":"xpath","value":"//span[text()='Error']"}
RESULT: {"using":"xpath","value":"//span[text()='Error']"}
COMMAND: POST /session/0fb4450c6422fe69939d6824736e2f6f/element - {"using":"xpath","value":"//button[@data-kt=\"masterHOAddButton\"]"}
RESULT: {"using":"xpath","value":"//button[@data-kt=\"masterHOAddButton\"]"}
COMMAND: POST /session/0fb4450c6422fe69939d6824736e2f6f/elements - {"using":"xpath","value":"//button[@data-kt=\"masterHOAddButton\"]"}
RESULT: {"using":"xpath","value":"//button[@data-kt=\"masterHOAddButton\"]"}
COMMAND: POST /session/0fb4450c6422fe69939d6824736e2f6f/execute/sync - {"script":"<script> [8489 bytes]","args":[{"element-6066-11e4-a52e-4f735466cecf":"f.852D346EF878C3E5FC3136AC53424AFF.d.0DACB25A6E3DA8401FA225E04EC0E298.e.13980","ELEMENT":"f.852D346EF878C3E5FC3136AC53424AFF.d.0DACB25A6E3DA8401FA225E04EC0E298.e.13980"}]}
RESULT: {"script":"<script> [8489 bytes]","args":[{"element-6066-11e4-a52e-4f735466cecf":"f.852D346EF878C3E5FC3136AC53424AFF.d.0DACB25A6E3DA8401FA225E04EC0E298.e.13980","ELEMENT":"f.852D346EF878C3E5FC3136AC53424AFF.d.0DACB25A6E3DA8401FA225E04EC0E298.e.13980"}]}
COMMAND: GET /session/0fb4450c6422fe69939d6824736e2f6f/element/f.852D346EF878C3E5FC3136AC53424AFF.d.0DACB25A6E3DA8401FA225E04EC0E298.e.13980/enabled - {}
COMMAND: GET /session/0fb4450c6422fe69939d6824736e2f6f/screenshot - {}
RESULT: {}
COMMAND: POST /session/0fb4450c6422fe69939d6824736e2f6f/execute/sync - {"script":"<script> [8489 bytes]","args":[{"element-6066-11e4-a52e-4f735466cecf":"f.852D346EF878C3E5FC3136AC53424AFF.d.0DACB25A6E3DA8401FA225E04EC0E298.e.13980","ELEMENT":"f.852D346EF878C3E5FC3136AC53424AFF.d.0DACB25A6E3DA8401FA225E04EC0E298.e.13980"}]}
COMMAND: GET /session/0fb4450c6422fe69939d6824736e2f6f/screenshot - {}
RESULT: {}
RESULT: {"script":"<script> [8489 bytes]","args":[{"element-6066-11e4-a52e-4f735466cecf":"f.852D346EF878C3E5FC3136AC53424AFF.d.0DACB25A6E3DA8401FA225E04EC0E298.e.13980","ELEMENT":"f.852D346EF878C3E5FC3136AC53424AFF.d.0DACB25A6E3DA8401FA225E04EC0E298.e.13980"}]}
COMMAND: POST /session/0fb4450c6422fe69939d6824736e2f6f/execute/sync - {"script":"<script> [5351 bytes]","args":[{"element-6066-11e4-a52e-4f735466cecf":"f.852D346EF878C3E5FC3136AC53424AFF.d.0DACB25A6E3DA8401FA225E04EC0E298.e.13980","ELEMENT":"f.852D346EF878C3E5FC3136AC53424AFF.d.0DACB25A6E3DA8401FA225E04EC0E298.e.13980"}]}
COMMAND: GET /session/0fb4450c6422fe69939d6824736e2f6f/screenshot - {}
RESULT: {}
RESULT: {"script":"<script> [5351 bytes]","args":[{"element-6066-11e4-a52e-4f735466cecf":"f.852D346EF878C3E5FC3136AC53424AFF.d.0DACB25A6E3DA8401FA225E04EC0E298.e.13980","ELEMENT":"f.852D346EF878C3E5FC3136AC53424AFF.d.0DACB25A6E3DA8401FA225E04EC0E298.e.13980"}]}
COMMAND: POST /session/0fb4450c6422fe69939d6824736e2f6f/element/f.852D346EF878C3E5FC3136AC53424AFF.d.0DACB25A6E3DA8401FA225E04EC0E298.e.13980/click - {}
COMMAND: GET /session/0fb4450c6422fe69939d6824736e2f6f/screenshot - {}
RESULT: {}
RESULT: {}
COMMAND: GET /session/0fb4450c6422fe69939d6824736e2f6f/screenshot - {}
RESULT: {}
RESULT: {}
COMMAND: POST /session/0fb4450c6422fe69939d6824736e2f6f/element - {"using":"xpath","value":"//span[contains(@id ,\"AddNewHO--typeSelect-arrow\")]"}
RESULT: {"using":"xpath","value":"//span[contains(@id ,\"AddNewHO--typeSelect-arrow\")]"}
COMMAND: POST /session/0fb4450c6422fe69939d6824736e2f6f/element/f.852D346EF878C3E5FC3136AC53424AFF.d.0DACB25A6E3DA8401FA225E04EC0E298.e.14336/click - {}
RESULT: {}
COMMAND: GET /session/0fb4450c6422fe69939d6824736e2f6f/screenshot - {}
RESULT: {}
COMMAND: POST /session/0fb4450c6422fe69939d6824736e2f6f/element - {"using":"xpath","value":"(//li[contains(text(), \"stock increase yard\")])[1]"}
RESULT: {"using":"xpath","value":"(//li[contains(text(), \"stock increase yard\")])[1]"}
COMMAND: POST /session/0fb4450c6422fe69939d6824736e2f6f/element/f.852D346EF878C3E5FC3136AC53424AFF.d.0DACB25A6E3DA8401FA225E04EC0E298.e.14337/click - {}
RESULT: {}
COMMAND: GET /session/0fb4450c6422fe69939d6824736e2f6f/screenshot - {}
RESULT: {}
COMMAND: POST /session/0fb4450c6422fe69939d6824736e2f6f/execute/async - {"script":"<script> [1562 bytes]","args":[{"selector":{"id":"application-managehandovers-display-component---AddNewHO--dueDate","interaction":{"idSuffix":"inner"}},"wdio_ui5_key":"applicationmanagehandovers-display-component---AddNewHO--dueDate"}]}
RESULT: {"script":"<script> [1562 bytes]","args":[{"selector":{"id":"application-managehandovers-display-component---AddNewHO--dueDate","interaction":{"idSuffix":"inner"}},"wdio_ui5_key":"applicationmanagehandovers-display-component---AddNewHO--dueDate"}]}
RESULT: undefined
COMMAND: POST /session/0fb4450c6422fe69939d6824736e2f6f/execute/async - {"script":"<script> [6424 bytes]","args":[{"element-6066-11e4-a52e-4f735466cecf":"f.852D346EF878C3E5FC3136AC53424AFF.d.0DACB25A6E3DA8401FA225E04EC0E298.e.14339"},"setValue",["5/18/25"]]}
RESULT: {"script":"<script> [6424 bytes]","args":[{"element-6066-11e4-a52e-4f735466cecf":"f.852D346EF878C3E5FC3136AC53424AFF.d.0DACB25A6E3DA8401FA225E04EC0E298.e.14339"},"setValue",["5/18/25"]]}
COMMAND: POST /session/0fb4450c6422fe69939d6824736e2f6f/element - {"using":"xpath","value":"//input[@id=\"generalSectionFrg--receiveYard-inner\"]"}
RESULT: {"using":"xpath","value":"//input[@id=\"generalSectionFrg--receiveYard-inner\"]"}
COMMAND: POST /session/0fb4450c6422fe69939d6824736e2f6f/element/f.852D346EF878C3E5FC3136AC53424AFF.d.0DACB25A6E3DA8401FA225E04EC0E298.e.14343/clear - {}
RESULT: {}
COMMAND: POST /session/0fb4450c6422fe69939d6824736e2f6f/element/f.852D346EF878C3E5FC3136AC53424AFF.d.0DACB25A6E3DA8401FA225E04EC0E298.e.14343/value - {"text":"525"}
COMMAND: GET /session/0fb4450c6422fe69939d6824736e2f6f/screenshot - {}
RESULT: {"text":"525"}
COMMAND: GET /session/0fb4450c6422fe69939d6824736e2f6f/screenshot - {}
RESULT: {}
RESULT: {}
COMMAND: POST /session/0fb4450c6422fe69939d6824736e2f6f/element - {"using":"xpath","value":"//li[.//span[text()='525']]"}
RESULT: {"using":"xpath","value":"//li[.//span[text()='525']]"}
COMMAND: POST /session/0fb4450c6422fe69939d6824736e2f6f/element/f.852D346EF878C3E5FC3136AC53424AFF.d.0DACB25A6E3DA8401FA225E04EC0E298.e.14360/click - {}
RESULT: {}
COMMAND: GET /session/0fb4450c6422fe69939d6824736e2f6f/screenshot - {}
RESULT: {}
COMMAND: POST /session/0fb4450c6422fe69939d6824736e2f6f/execute/async - {"script":"<script> [1562 bytes]","args":[{"selector":{"id":"application-managehandovers-display-component---AddNewHO--ObjectPageLayout-anchBar-application-managehandovers-display-component---AddNewHO--section4-anchor","interaction":{"idSuffix":"BDI-content"}},"wdio_ui5_key":"applicationmanagehandovers-display-component---AddNewHO--ObjectPageLayout-anchBar-application-managehandovers-display-component---AddNewHO--section4-anchor"}]}
RESULT: {"script":"<script> [1562 bytes]","args":[{"selector":{"id":"application-managehandovers-display-component---AddNewHO--ObjectPageLayout-anchBar-application-managehandovers-display-component---AddNewHO--section4-anchor","interaction":{"idSuffix":"BDI-content"}},"wdio_ui5_key":"applicationmanagehandovers-display-component---AddNewHO--ObjectPageLayout-anchBar-application-managehandovers-display-component---AddNewHO--section4-anchor"}]}
RESULT: undefined
COMMAND: POST /session/0fb4450c6422fe69939d6824736e2f6f/element - {"using":"xpath","value":"//*[@id=\"application-managehandovers-display-component---AddNewHO--ObjectPageLayout-anchBar-application-managehandovers-display-component---AddNewHO--section4-anchor\"]"}
RESULT: {"using":"xpath","value":"//*[@id=\"application-managehandovers-display-component---AddNewHO--ObjectPageLayout-anchBar-application-managehandovers-display-component---AddNewHO--section4-anchor\"]"}
COMMAND: POST /session/0fb4450c6422fe69939d6824736e2f6f/element/f.852D346EF878C3E5FC3136AC53424AFF.d.0DACB25A6E3DA8401FA225E04EC0E298.e.14362/click - {}
RESULT: {}
COMMAND: POST /session/0fb4450c6422fe69939d6824736e2f6f/element - {"using":"xpath","value":"//button[@aria-label=\"Add\"]"}
COMMAND: GET /session/0fb4450c6422fe69939d6824736e2f6f/screenshot - {}
RESULT: {"using":"xpath","value":"//button[@aria-label=\"Add\"]"}
COMMAND: POST /session/0fb4450c6422fe69939d6824736e2f6f/element/f.852D346EF878C3E5FC3136AC53424AFF.d.0DACB25A6E3DA8401FA225E04EC0E298.e.14364/click - {}
RESULT: {}
RESULT: {}
COMMAND: GET /session/0fb4450c6422fe69939d6824736e2f6f/screenshot - {}
RESULT: {}
COMMAND: POST /session/0fb4450c6422fe69939d6824736e2f6f/execute/async - {"script":"<script> [1562 bytes]","args":[{"selector":{"id":"application-managehandovers-display-component---AddNewHO--smartFilterBar-btnBasicSearch","searchOpenDialogs":true,"interaction":{"idSuffix":"I"}},"wdio_ui5_key":"applicationmanagehandovers-display-component---AddNewHO--smartFilterBar-btnBasicSearch"}]}
RESULT: {"script":"<script> [1562 bytes]","args":[{"selector":{"id":"application-managehandovers-display-component---AddNewHO--smartFilterBar-btnBasicSearch","searchOpenDialogs":true,"interaction":{"idSuffix":"I"}},"wdio_ui5_key":"applicationmanagehandovers-display-component---AddNewHO--smartFilterBar-btnBasicSearch"}]}
RESULT: undefined
COMMAND: POST /session/0fb4450c6422fe69939d6824736e2f6f/execute/async - {"script":"<script> [776 bytes]","args":[{"enterText":"200274","selector":{"id":"application-managehandovers-display-component---AddNewHO--smartFilterBar-btnBasicSearch","searchOpenDialogs":true,"interaction":{"idSuffix":"I"}},"clearTextFirst":true,"interactionType":"ENTER_TEXT"}]}
RESULT: {"script":"<script> [776 bytes]","args":[{"enterText":"200274","selector":{"id":"application-managehandovers-display-component---AddNewHO--smartFilterBar-btnBasicSearch","searchOpenDialogs":true,"interaction":{"idSuffix":"I"}},"clearTextFirst":true,"interactionType":"ENTER_TEXT"}]}
COMMAND: POST /session/0fb4450c6422fe69939d6824736e2f6f/actions - {"actions":[{"id":"action48","type":"key","parameters":{},"actions":[{"type":"keyDown","value":"î€‡"},{"type":"pause","duration":10},{"type":"keyUp","value":"î€‡"}]}]}
RESULT: {"actions":[{"id":"action48","type":"key","parameters":{},"actions":[{"type":"keyDown","value":"î€‡"},{"type":"pause","duration":10},{"type":"keyUp","value":"î€‡"}]}]}
COMMAND: GET /session/0fb4450c6422fe69939d6824736e2f6f/screenshot - {}
RESULT: {}
COMMAND: POST /session/0fb4450c6422fe69939d6824736e2f6f/execute/async - {"script":"<script> [1562 bytes]","args":[{"selector":{"id":"application-managehandovers-display-component---AddNewHO--popup-sa","searchOpenDialogs":true,"interaction":{"idSuffix":"CbBg"}},"wdio_ui5_key":"applicationmanagehandovers-display-component---AddNewHO--popup-sa"}]}
RESULT: {"script":"<script> [1562 bytes]","args":[{"selector":{"id":"application-managehandovers-display-component---AddNewHO--popup-sa","searchOpenDialogs":true,"interaction":{"idSuffix":"CbBg"}},"wdio_ui5_key":"applicationmanagehandovers-display-component---AddNewHO--popup-sa"}]}
RESULT: undefined
COMMAND: POST /session/0fb4450c6422fe69939d6824736e2f6f/element - {"using":"xpath","value":"//*[@id=\"application-managehandovers-display-component---AddNewHO--popup-sa\"]"}
RESULT: {"using":"xpath","value":"//*[@id=\"application-managehandovers-display-component---AddNewHO--popup-sa\"]"}
COMMAND: POST /session/0fb4450c6422fe69939d6824736e2f6f/element/f.852D346EF878C3E5FC3136AC53424AFF.d.0DACB25A6E3DA8401FA225E04EC0E298.e.14517/click - {}
RESULT: {}
COMMAND: GET /session/0fb4450c6422fe69939d6824736e2f6f/screenshot - {}
RESULT: {}
COMMAND: POST /session/0fb4450c6422fe69939d6824736e2f6f/element - {"using":"xpath","value":"//bdi[contains(text(), \"Select\")]"}
RESULT: {"using":"xpath","value":"//bdi[contains(text(), \"Select\")]"}
COMMAND: POST /session/0fb4450c6422fe69939d6824736e2f6f/element/f.852D346EF878C3E5FC3136AC53424AFF.d.0DACB25A6E3DA8401FA225E04EC0E298.e.14518/click - {}
RESULT: {}
COMMAND: GET /session/0fb4450c6422fe69939d6824736e2f6f/screenshot - {}
RESULT: {}
COMMAND: POST /session/0fb4450c6422fe69939d6824736e2f6f/element - {"using":"xpath","value":"//button[@data-kt=\"AddNewHOSaveButton\"]"}
RESULT: {"using":"xpath","value":"//button[@data-kt=\"AddNewHOSaveButton\"]"}
COMMAND: POST /session/0fb4450c6422fe69939d6824736e2f6f/element/f.852D346EF878C3E5FC3136AC53424AFF.d.0DACB25A6E3DA8401FA225E04EC0E298.e.14522/click - {}
RESULT: {}
COMMAND: GET /session/0fb4450c6422fe69939d6824736e2f6f/screenshot - {}
RESULT: {}
COMMAND: POST /session/0fb4450c6422fe69939d6824736e2f6f/execute/async - {"script":"<script> [1562 bytes]","args":[{"selector":{"id":"receiptDatePicker","viewName":"etm.portal.ui.managehandovers.view.DetailExecuteHO","interaction":{"idSuffix":"inner"}},"wdio_ui5_key":"receiptDatePickeretmportal.ui.managehandovers.view.DetailExecuteHO"}]}
RESULT: {"script":"<script> [1562 bytes]","args":[{"selector":{"id":"receiptDatePicker","viewName":"etm.portal.ui.managehandovers.view.DetailExecuteHO","interaction":{"idSuffix":"inner"}},"wdio_ui5_key":"receiptDatePickeretmportal.ui.managehandovers.view.DetailExecuteHO"}]}
RESULT: undefined
COMMAND: POST /session/0fb4450c6422fe69939d6824736e2f6f/execute/async - {"script":"<script> [6424 bytes]","args":[{"element-6066-11e4-a52e-4f735466cecf":"f.852D346EF878C3E5FC3136AC53424AFF.d.0DACB25A6E3DA8401FA225E04EC0E298.e.14539"},"setValue",["5/18/25"]]}
RESULT: {"script":"<script> [6424 bytes]","args":[{"element-6066-11e4-a52e-4f735466cecf":"f.852D346EF878C3E5FC3136AC53424AFF.d.0DACB25A6E3DA8401FA225E04EC0E298.e.14539"},"setValue",["5/18/25"]]}
COMMAND: POST /session/0fb4450c6422fe69939d6824736e2f6f/element - {"using":"xpath","value":"//button[@data-kt=\"PickingTableConfirmAllButton\"]"}
RESULT: {"using":"xpath","value":"//button[@data-kt=\"PickingTableConfirmAllButton\"]"}
COMMAND: POST /session/0fb4450c6422fe69939d6824736e2f6f/element/f.852D346EF878C3E5FC3136AC53424AFF.d.0DACB25A6E3DA8401FA225E04EC0E298.e.14552/click - {}
RESULT: {}
COMMAND: GET /session/0fb4450c6422fe69939d6824736e2f6f/screenshot - {}
RESULT: {}
COMMAND: POST /session/0fb4450c6422fe69939d6824736e2f6f/element - {"using":"xpath","value":"//bdi[contains(text(), \"OK\")]"}
RESULT: {"using":"xpath","value":"//bdi[contains(text(), \"OK\")]"}
COMMAND: POST /session/0fb4450c6422fe69939d6824736e2f6f/element/f.852D346EF878C3E5FC3136AC53424AFF.d.0DACB25A6E3DA8401FA225E04EC0E298.e.14554/click - {}
RESULT: {}
COMMAND: GET /session/0fb4450c6422fe69939d6824736e2f6f/screenshot - {}
RESULT: {}
COMMAND: POST /session/0fb4450c6422fe69939d6824736e2f6f/element - {"using":"xpath","value":"(//bdi[contains(text(), \"Receive\")])[2]"}
RESULT: {"using":"xpath","value":"(//bdi[contains(text(), \"Receive\")])[2]"}
COMMAND: POST /session/0fb4450c6422fe69939d6824736e2f6f/element/f.852D346EF878C3E5FC3136AC53424AFF.d.0DACB25A6E3DA8401FA225E04EC0E298.e.14556/click - {}
RESULT: {}
COMMAND: GET /session/0fb4450c6422fe69939d6824736e2f6f/screenshot - {}
RESULT: {}
COMMAND: POST /session/0fb4450c6422fe69939d6824736e2f6f/element - {"using":"css selector","value":"#shell-header-logo"}
RESULT: {"using":"css selector","value":"#shell-header-logo"}
COMMAND: POST /session/0fb4450c6422fe69939d6824736e2f6f/element/f.852D346EF878C3E5FC3136AC53424AFF.d.0DACB25A6E3DA8401FA225E04EC0E298.e.13947/click - {}
RESULT: {}
COMMAND: GET /session/0fb4450c6422fe69939d6824736e2f6f/screenshot - {}
RESULT: {}
]]></system-out>
    </testcase>
    <testcase classname="chrome.136_0_7103_93.windows.Provide_to_Site_w/o_warehouse_management_w_clarification" name="Should create a new contract" time="59.834">
      <system-out><![CDATA[
COMMAND: POST /session/0fb4450c6422fe69939d6824736e2f6f/execute/async - {"script":"<script> [1562 bytes]","args":[{"selector":{"controlType":"sap.m.GenericTile","properties":{"header":"Manage Contracts"}},"wdio_ui5_key":"sapm.GenericTile{\"header\":\"Manage Contracts\"}"}]}
RESULT: {"script":"<script> [1562 bytes]","args":[{"selector":{"controlType":"sap.m.GenericTile","properties":{"header":"Manage Contracts"}},"wdio_ui5_key":"sapm.GenericTile{\"header\":\"Manage Contracts\"}"}]}
RESULT: undefined
COMMAND: POST /session/0fb4450c6422fe69939d6824736e2f6f/element - {"using":"xpath","value":"//*[@id=\"__tile130\"]"}
RESULT: {"using":"xpath","value":"//*[@id=\"__tile130\"]"}
COMMAND: POST /session/0fb4450c6422fe69939d6824736e2f6f/element/f.852D346EF878C3E5FC3136AC53424AFF.d.0DACB25A6E3DA8401FA225E04EC0E298.e.11153/click - {}
RESULT: {}
COMMAND: GET /session/0fb4450c6422fe69939d6824736e2f6f/screenshot - {}
RESULT: {}
COMMAND: POST /session/0fb4450c6422fe69939d6824736e2f6f/elements - {"using":"xpath","value":"//span[text()='Error']"}
RESULT: {"using":"xpath","value":"//span[text()='Error']"}
COMMAND: POST /session/0fb4450c6422fe69939d6824736e2f6f/element - {"using":"xpath","value":"//button[@data-kt=\"addButton\"]"}
RESULT: {"using":"xpath","value":"//button[@data-kt=\"addButton\"]"}
COMMAND: POST /session/0fb4450c6422fe69939d6824736e2f6f/elements - {"using":"xpath","value":"//button[@data-kt=\"addButton\"]"}
RESULT: {"using":"xpath","value":"//button[@data-kt=\"addButton\"]"}
COMMAND: POST /session/0fb4450c6422fe69939d6824736e2f6f/execute/sync - {"script":"<script> [8489 bytes]","args":[{"element-6066-11e4-a52e-4f735466cecf":"f.852D346EF878C3E5FC3136AC53424AFF.d.0DACB25A6E3DA8401FA225E04EC0E298.e.14770","ELEMENT":"f.852D346EF878C3E5FC3136AC53424AFF.d.0DACB25A6E3DA8401FA225E04EC0E298.e.14770"}]}
RESULT: {"script":"<script> [8489 bytes]","args":[{"element-6066-11e4-a52e-4f735466cecf":"f.852D346EF878C3E5FC3136AC53424AFF.d.0DACB25A6E3DA8401FA225E04EC0E298.e.14770","ELEMENT":"f.852D346EF878C3E5FC3136AC53424AFF.d.0DACB25A6E3DA8401FA225E04EC0E298.e.14770"}]}
COMMAND: GET /session/0fb4450c6422fe69939d6824736e2f6f/element/f.852D346EF878C3E5FC3136AC53424AFF.d.0DACB25A6E3DA8401FA225E04EC0E298.e.14770/enabled - {}
COMMAND: GET /session/0fb4450c6422fe69939d6824736e2f6f/screenshot - {}
RESULT: {}
COMMAND: POST /session/0fb4450c6422fe69939d6824736e2f6f/execute/sync - {"script":"<script> [8489 bytes]","args":[{"element-6066-11e4-a52e-4f735466cecf":"f.852D346EF878C3E5FC3136AC53424AFF.d.0DACB25A6E3DA8401FA225E04EC0E298.e.14770","ELEMENT":"f.852D346EF878C3E5FC3136AC53424AFF.d.0DACB25A6E3DA8401FA225E04EC0E298.e.14770"}]}
COMMAND: GET /session/0fb4450c6422fe69939d6824736e2f6f/screenshot - {}
RESULT: {}
RESULT: {"script":"<script> [8489 bytes]","args":[{"element-6066-11e4-a52e-4f735466cecf":"f.852D346EF878C3E5FC3136AC53424AFF.d.0DACB25A6E3DA8401FA225E04EC0E298.e.14770","ELEMENT":"f.852D346EF878C3E5FC3136AC53424AFF.d.0DACB25A6E3DA8401FA225E04EC0E298.e.14770"}]}
COMMAND: POST /session/0fb4450c6422fe69939d6824736e2f6f/execute/sync - {"script":"<script> [5351 bytes]","args":[{"element-6066-11e4-a52e-4f735466cecf":"f.852D346EF878C3E5FC3136AC53424AFF.d.0DACB25A6E3DA8401FA225E04EC0E298.e.14770","ELEMENT":"f.852D346EF878C3E5FC3136AC53424AFF.d.0DACB25A6E3DA8401FA225E04EC0E298.e.14770"}]}
COMMAND: GET /session/0fb4450c6422fe69939d6824736e2f6f/screenshot - {}
RESULT: {}
RESULT: {"script":"<script> [5351 bytes]","args":[{"element-6066-11e4-a52e-4f735466cecf":"f.852D346EF878C3E5FC3136AC53424AFF.d.0DACB25A6E3DA8401FA225E04EC0E298.e.14770","ELEMENT":"f.852D346EF878C3E5FC3136AC53424AFF.d.0DACB25A6E3DA8401FA225E04EC0E298.e.14770"}]}
COMMAND: GET /session/0fb4450c6422fe69939d6824736e2f6f/screenshot - {}
RESULT: {}
RESULT: {}
COMMAND: POST /session/0fb4450c6422fe69939d6824736e2f6f/element/f.852D346EF878C3E5FC3136AC53424AFF.d.0DACB25A6E3DA8401FA225E04EC0E298.e.14770/click - {}
RESULT: {}
COMMAND: GET /session/0fb4450c6422fe69939d6824736e2f6f/screenshot - {}
RESULT: {}
COMMAND: POST /session/0fb4450c6422fe69939d6824736e2f6f/execute/async - {"script":"<script> [1562 bytes]","args":[{"selector":{"id":"application-managecontracts-display-component---AddNewContract--projectDescription","interaction":{"idSuffix":"inner"}},"wdio_ui5_key":"applicationmanagecontracts-display-component---AddNewContract--projectDescription"}]}
RESULT: {"script":"<script> [1562 bytes]","args":[{"selector":{"id":"application-managecontracts-display-component---AddNewContract--projectDescription","interaction":{"idSuffix":"inner"}},"wdio_ui5_key":"applicationmanagecontracts-display-component---AddNewContract--projectDescription"}]}
RESULT: undefined
COMMAND: POST /session/0fb4450c6422fe69939d6824736e2f6f/execute/async - {"script":"<script> [776 bytes]","args":[{"enterText":"Contract WDIO","selector":{"id":"application-managecontracts-display-component---AddNewContract--projectDescription","interaction":{"idSuffix":"inner"}},"clearTextFirst":true,"interactionType":"ENTER_TEXT"}]}
RESULT: {"script":"<script> [776 bytes]","args":[{"enterText":"Contract WDIO","selector":{"id":"application-managecontracts-display-component---AddNewContract--projectDescription","interaction":{"idSuffix":"inner"}},"clearTextFirst":true,"interactionType":"ENTER_TEXT"}]}
COMMAND: POST /session/0fb4450c6422fe69939d6824736e2f6f/element - {"using":"xpath","value":"//input[@id=\"application-managecontracts-display-component---AddNewContract--site-inner\"]"}
RESULT: {"using":"xpath","value":"//input[@id=\"application-managecontracts-display-component---AddNewContract--site-inner\"]"}
COMMAND: POST /session/0fb4450c6422fe69939d6824736e2f6f/element/f.852D346EF878C3E5FC3136AC53424AFF.d.0DACB25A6E3DA8401FA225E04EC0E298.e.15129/clear - {}
RESULT: {}
COMMAND: POST /session/0fb4450c6422fe69939d6824736e2f6f/element/f.852D346EF878C3E5FC3136AC53424AFF.d.0DACB25A6E3DA8401FA225E04EC0E298.e.15129/value - {"text":"2258"}
COMMAND: GET /session/0fb4450c6422fe69939d6824736e2f6f/screenshot - {}
RESULT: {"text":"2258"}
COMMAND: GET /session/0fb4450c6422fe69939d6824736e2f6f/screenshot - {}
RESULT: {}
RESULT: {}
COMMAND: POST /session/0fb4450c6422fe69939d6824736e2f6f/element - {"using":"xpath","value":"//li[.//span[text()='2258']]"}
RESULT: {"using":"xpath","value":"//li[.//span[text()='2258']]"}
COMMAND: POST /session/0fb4450c6422fe69939d6824736e2f6f/element/f.852D346EF878C3E5FC3136AC53424AFF.d.0DACB25A6E3DA8401FA225E04EC0E298.e.15160/click - {}
RESULT: {}
COMMAND: GET /session/0fb4450c6422fe69939d6824736e2f6f/screenshot - {}
RESULT: {}
COMMAND: POST /session/0fb4450c6422fe69939d6824736e2f6f/element - {"using":"xpath","value":"//input[@id=\"application-managecontracts-display-component---AddNewContract--yardId-inner\"]"}
RESULT: {"using":"xpath","value":"//input[@id=\"application-managecontracts-display-component---AddNewContract--yardId-inner\"]"}
COMMAND: GET /session/0fb4450c6422fe69939d6824736e2f6f/element/f.852D346EF878C3E5FC3136AC53424AFF.d.0DACB25A6E3DA8401FA225E04EC0E298.e.15130/property/value - {}
RESULT: {}
COMMAND: POST /session/0fb4450c6422fe69939d6824736e2f6f/element - {"using":"xpath","value":"//input[@id=\"application-managecontracts-display-component---AddNewContract--customerSelect-inner\"]"}
COMMAND: GET /session/0fb4450c6422fe69939d6824736e2f6f/screenshot - {}
RESULT: {"using":"xpath","value":"//input[@id=\"application-managecontracts-display-component---AddNewContract--customerSelect-inner\"]"}
COMMAND: POST /session/0fb4450c6422fe69939d6824736e2f6f/element/f.852D346EF878C3E5FC3136AC53424AFF.d.0DACB25A6E3DA8401FA225E04EC0E298.e.15128/clear - {}
RESULT: {}
RESULT: {}
COMMAND: POST /session/0fb4450c6422fe69939d6824736e2f6f/element/f.852D346EF878C3E5FC3136AC53424AFF.d.0DACB25A6E3DA8401FA225E04EC0E298.e.15128/value - {"text":"1306"}
COMMAND: GET /session/0fb4450c6422fe69939d6824736e2f6f/screenshot - {}
RESULT: {"text":"1306"}
COMMAND: GET /session/0fb4450c6422fe69939d6824736e2f6f/screenshot - {}
RESULT: {}
RESULT: {}
COMMAND: POST /session/0fb4450c6422fe69939d6824736e2f6f/element - {"using":"xpath","value":"//li[.//span[text()='1306']]"}
RESULT: {"using":"xpath","value":"//li[.//span[text()='1306']]"}
COMMAND: POST /session/0fb4450c6422fe69939d6824736e2f6f/element/f.852D346EF878C3E5FC3136AC53424AFF.d.0DACB25A6E3DA8401FA225E04EC0E298.e.15163/click - {}
RESULT: {}
COMMAND: GET /session/0fb4450c6422fe69939d6824736e2f6f/screenshot - {}
RESULT: {}
COMMAND: POST /session/0fb4450c6422fe69939d6824736e2f6f/element - {"using":"xpath","value":"//button[@data-kt=\"saveButton\"]"}
RESULT: {"using":"xpath","value":"//button[@data-kt=\"saveButton\"]"}
COMMAND: POST /session/0fb4450c6422fe69939d6824736e2f6f/element/f.852D346EF878C3E5FC3136AC53424AFF.d.0DACB25A6E3DA8401FA225E04EC0E298.e.15164/click - {}
RESULT: {}
COMMAND: GET /session/0fb4450c6422fe69939d6824736e2f6f/screenshot - {}
RESULT: {}
COMMAND: POST /session/0fb4450c6422fe69939d6824736e2f6f/element - {"using":"xpath","value":"//span[contains(@id ,\"contractDetailTitleNoExpanded\")]"}
RESULT: {"using":"xpath","value":"//span[contains(@id ,\"contractDetailTitleNoExpanded\")]"}
COMMAND: POST /session/0fb4450c6422fe69939d6824736e2f6f/elements - {"using":"xpath","value":"//span[contains(@id ,\"contractDetailTitleNoExpanded\")]"}
RESULT: {"using":"xpath","value":"//span[contains(@id ,\"contractDetailTitleNoExpanded\")]"}
COMMAND: POST /session/0fb4450c6422fe69939d6824736e2f6f/execute/sync - {"script":"<script> [56 bytes]","args":[{"element-6066-11e4-a52e-4f735466cecf":"f.852D346EF878C3E5FC3136AC53424AFF.d.0DACB25A6E3DA8401FA225E04EC0E298.e.15174","ELEMENT":"f.852D346EF878C3E5FC3136AC53424AFF.d.0DACB25A6E3DA8401FA225E04EC0E298.e.15174"}]}
RESULT: {"script":"<script> [56 bytes]","args":[{"element-6066-11e4-a52e-4f735466cecf":"f.852D346EF878C3E5FC3136AC53424AFF.d.0DACB25A6E3DA8401FA225E04EC0E298.e.15174","ELEMENT":"f.852D346EF878C3E5FC3136AC53424AFF.d.0DACB25A6E3DA8401FA225E04EC0E298.e.15174"}]}
COMMAND: GET /session/0fb4450c6422fe69939d6824736e2f6f/screenshot - {}
RESULT: {}
]]></system-out>
    </testcase>
    <testcase classname="chrome.136_0_7103_93.windows.Provide_to_Site_w/o_warehouse_management_w_clarification" name="Should add equipment to the contract" time="56.525">
      <system-out><![CDATA[
COMMAND: POST /session/0fb4450c6422fe69939d6824736e2f6f/element - {"using":"xpath","value":"//button[@data-kt=\"contractDetailEditBtnButton\"]"}
RESULT: {"using":"xpath","value":"//button[@data-kt=\"contractDetailEditBtnButton\"]"}
COMMAND: POST /session/0fb4450c6422fe69939d6824736e2f6f/element/f.852D346EF878C3E5FC3136AC53424AFF.d.0DACB25A6E3DA8401FA225E04EC0E298.e.15177/click - {}
RESULT: {}
COMMAND: GET /session/0fb4450c6422fe69939d6824736e2f6f/screenshot - {}
RESULT: {}
COMMAND: POST /session/0fb4450c6422fe69939d6824736e2f6f/element - {"using":"xpath","value":"(//span[contains(text(), \"Additional Addresses\")])[2]"}
RESULT: {"using":"xpath","value":"(//span[contains(text(), \"Additional Addresses\")])[2]"}
COMMAND: POST /session/0fb4450c6422fe69939d6824736e2f6f/element/f.852D346EF878C3E5FC3136AC53424AFF.d.0DACB25A6E3DA8401FA225E04EC0E298.e.15231/click - {}
RESULT: {}
COMMAND: GET /session/0fb4450c6422fe69939d6824736e2f6f/screenshot - {}
RESULT: {}
COMMAND: POST /session/0fb4450c6422fe69939d6824736e2f6f/element - {"using":"xpath","value":"//button[@data-kt=\"btnAddTableRowOverflowToolbarButton\"]"}
RESULT: {"using":"xpath","value":"//button[@data-kt=\"btnAddTableRowOverflowToolbarButton\"]"}
COMMAND: POST /session/0fb4450c6422fe69939d6824736e2f6f/element/f.852D346EF878C3E5FC3136AC53424AFF.d.0DACB25A6E3DA8401FA225E04EC0E298.e.15235/click - {}
RESULT: {}
COMMAND: GET /session/0fb4450c6422fe69939d6824736e2f6f/screenshot - {}
RESULT: {}
COMMAND: POST /session/0fb4450c6422fe69939d6824736e2f6f/element - {"using":"xpath","value":"//div[(text() = 'Standard Entry' or . = 'Standard Entry')]"}
RESULT: {"using":"xpath","value":"//div[(text() = 'Standard Entry' or . = 'Standard Entry')]"}
COMMAND: POST /session/0fb4450c6422fe69939d6824736e2f6f/element/f.852D346EF878C3E5FC3136AC53424AFF.d.0DACB25A6E3DA8401FA225E04EC0E298.e.15237/click - {}
RESULT: {}
COMMAND: GET /session/0fb4450c6422fe69939d6824736e2f6f/screenshot - {}
RESULT: {}
COMMAND: POST /session/0fb4450c6422fe69939d6824736e2f6f/element - {"using":"xpath","value":"//td[6]/div/div/div/span"}
RESULT: {"using":"xpath","value":"//td[6]/div/div/div/span"}
COMMAND: POST /session/0fb4450c6422fe69939d6824736e2f6f/element/f.852D346EF878C3E5FC3136AC53424AFF.d.0DACB25A6E3DA8401FA225E04EC0E298.e.15249/click - {}
RESULT: {}
COMMAND: GET /session/0fb4450c6422fe69939d6824736e2f6f/screenshot - {}
RESULT: {}
COMMAND: POST /session/0fb4450c6422fe69939d6824736e2f6f/element - {"using":"xpath","value":"(//span[contains(text(), \"Material\")])"}
RESULT: {"using":"xpath","value":"(//span[contains(text(), \"Material\")])"}
COMMAND: POST /session/0fb4450c6422fe69939d6824736e2f6f/element/f.852D346EF878C3E5FC3136AC53424AFF.d.0DACB25A6E3DA8401FA225E04EC0E298.e.15250/click - {}
RESULT: {}
COMMAND: GET /session/0fb4450c6422fe69939d6824736e2f6f/screenshot - {}
RESULT: {}
COMMAND: POST /session/0fb4450c6422fe69939d6824736e2f6f/element - {"using":"xpath","value":"//td[7]/div/div/input"}
RESULT: {"using":"xpath","value":"//td[7]/div/div/input"}
COMMAND: POST /session/0fb4450c6422fe69939d6824736e2f6f/element/f.852D346EF878C3E5FC3136AC53424AFF.d.0DACB25A6E3DA8401FA225E04EC0E298.e.15254/clear - {}
RESULT: {}
COMMAND: POST /session/0fb4450c6422fe69939d6824736e2f6f/element/f.852D346EF878C3E5FC3136AC53424AFF.d.0DACB25A6E3DA8401FA225E04EC0E298.e.15254/value - {"text":"200274"}
COMMAND: GET /session/0fb4450c6422fe69939d6824736e2f6f/screenshot - {}
RESULT: {"text":"200274"}
COMMAND: GET /session/0fb4450c6422fe69939d6824736e2f6f/screenshot - {}
RESULT: {}
RESULT: {}
COMMAND: POST /session/0fb4450c6422fe69939d6824736e2f6f/actions - {"actions":[{"id":"action49","type":"key","parameters":{},"actions":[{"type":"keyDown","value":"î€‡"},{"type":"pause","duration":10},{"type":"keyUp","value":"î€‡"}]}]}
RESULT: {"actions":[{"id":"action49","type":"key","parameters":{},"actions":[{"type":"keyDown","value":"î€‡"},{"type":"pause","duration":10},{"type":"keyUp","value":"î€‡"}]}]}
COMMAND: GET /session/0fb4450c6422fe69939d6824736e2f6f/screenshot - {}
RESULT: {}
COMMAND: POST /session/0fb4450c6422fe69939d6824736e2f6f/execute/sync - {"script":"<script> [276 bytes]","args":["No pricing information was found"]}
RESULT: {"script":"<script> [276 bytes]","args":["No pricing information was found"]}
COMMAND: POST /session/0fb4450c6422fe69939d6824736e2f6f/element - {"using":"xpath","value":"//bdi[contains(text(), \"OK\")]"}
COMMAND: GET /session/0fb4450c6422fe69939d6824736e2f6f/screenshot - {}
RESULT: {"using":"xpath","value":"//bdi[contains(text(), \"OK\")]"}
COMMAND: POST /session/0fb4450c6422fe69939d6824736e2f6f/element/f.852D346EF878C3E5FC3136AC53424AFF.d.0DACB25A6E3DA8401FA225E04EC0E298.e.15280/click - {}
RESULT: {}
RESULT: {}
COMMAND: GET /session/0fb4450c6422fe69939d6824736e2f6f/screenshot - {}
RESULT: {}
COMMAND: POST /session/0fb4450c6422fe69939d6824736e2f6f/element - {"using":"xpath","value":"(//button[@data-kt=\"saveButton\"])[2]"}
RESULT: {"using":"xpath","value":"(//button[@data-kt=\"saveButton\"])[2]"}
COMMAND: POST /session/0fb4450c6422fe69939d6824736e2f6f/element/f.852D346EF878C3E5FC3136AC53424AFF.d.0DACB25A6E3DA8401FA225E04EC0E298.e.15281/click - {}
RESULT: {}
COMMAND: GET /session/0fb4450c6422fe69939d6824736e2f6f/screenshot - {}
RESULT: {}
COMMAND: POST /session/0fb4450c6422fe69939d6824736e2f6f/execute/sync - {"script":"<script> [276 bytes]","args":["Some contract items are having rental validity exceeding header rental validity"]}
RESULT: {"script":"<script> [276 bytes]","args":["Some contract items are having rental validity exceeding header rental validity"]}
COMMAND: GET /session/0fb4450c6422fe69939d6824736e2f6f/screenshot - {}
RESULT: {}
COMMAND: POST /session/0fb4450c6422fe69939d6824736e2f6f/element - {"using":"xpath","value":"//span[contains(@id ,\"contractItemsSmartTable-header-inner\")]"}
RESULT: {"using":"xpath","value":"//span[contains(@id ,\"contractItemsSmartTable-header-inner\")]"}
COMMAND: POST /session/0fb4450c6422fe69939d6824736e2f6f/elements - {"using":"xpath","value":"//span[contains(@id ,\"contractItemsSmartTable-header-inner\")]"}
RESULT: {"using":"xpath","value":"//span[contains(@id ,\"contractItemsSmartTable-header-inner\")]"}
COMMAND: POST /session/0fb4450c6422fe69939d6824736e2f6f/execute/sync - {"script":"<script> [56 bytes]","args":[{"element-6066-11e4-a52e-4f735466cecf":"f.852D346EF878C3E5FC3136AC53424AFF.d.0DACB25A6E3DA8401FA225E04EC0E298.e.15285","ELEMENT":"f.852D346EF878C3E5FC3136AC53424AFF.d.0DACB25A6E3DA8401FA225E04EC0E298.e.15285"}]}
RESULT: {"script":"<script> [56 bytes]","args":[{"element-6066-11e4-a52e-4f735466cecf":"f.852D346EF878C3E5FC3136AC53424AFF.d.0DACB25A6E3DA8401FA225E04EC0E298.e.15285","ELEMENT":"f.852D346EF878C3E5FC3136AC53424AFF.d.0DACB25A6E3DA8401FA225E04EC0E298.e.15285"}]}
]]></system-out>
    </testcase>
    <testcase classname="chrome.136_0_7103_93.windows.Provide_to_Site_w/o_warehouse_management_w_clarification" name="Should do provide to site" time="139.479">
      <system-out><![CDATA[
COMMAND: POST /session/0fb4450c6422fe69939d6824736e2f6f/element - {"using":"xpath","value":"//button[@data-kt=\"provideButton\"]"}
COMMAND: GET /session/0fb4450c6422fe69939d6824736e2f6f/screenshot - {}
RESULT: {"using":"xpath","value":"//button[@data-kt=\"provideButton\"]"}
COMMAND: POST /session/0fb4450c6422fe69939d6824736e2f6f/element/f.852D346EF878C3E5FC3136AC53424AFF.d.0DACB25A6E3DA8401FA225E04EC0E298.e.15286/click - {}
RESULT: {}
RESULT: {}
COMMAND: GET /session/0fb4450c6422fe69939d6824736e2f6f/screenshot - {}
RESULT: {}
COMMAND: POST /session/0fb4450c6422fe69939d6824736e2f6f/element - {"using":"xpath","value":"(//div[contains(@id, \"application-managehandovers-display-component---AddNewHO--oneStep-CbBg\")])"}
RESULT: {"using":"xpath","value":"(//div[contains(@id, \"application-managehandovers-display-component---AddNewHO--oneStep-CbBg\")])"}
COMMAND: POST /session/0fb4450c6422fe69939d6824736e2f6f/element - {"using":"xpath","value":"(//div[contains(@id, \"application-managehandovers-display-component---AddNewHO--oneStep-CbBg\")])/input"}
RESULT: {"using":"xpath","value":"(//div[contains(@id, \"application-managehandovers-display-component---AddNewHO--oneStep-CbBg\")])/input"}
COMMAND: GET /session/0fb4450c6422fe69939d6824736e2f6f/element/f.852D346EF878C3E5FC3136AC53424AFF.d.0DACB25A6E3DA8401FA225E04EC0E298.e.15378/attribute/checked - {}
RESULT: {}
RESULT: undefined
COMMAND: POST /session/0fb4450c6422fe69939d6824736e2f6f/execute/async - {"script":"<script> [6424 bytes]","args":[{"element-6066-11e4-a52e-4f735466cecf":"f.852D346EF878C3E5FC3136AC53424AFF.d.0DACB25A6E3DA8401FA225E04EC0E298.e.14339"},"setValue",["05/18/25"]]}
COMMAND: POST /session/0fb4450c6422fe69939d6824736e2f6f/element/f.852D346EF878C3E5FC3136AC53424AFF.d.0DACB25A6E3DA8401FA225E04EC0E298.e.15587/click - {}
COMMAND: POST /session/0fb4450c6422fe69939d6824736e2f6f/execute/async - {"script":"<script> [1562 bytes]","args":[{"selector":{"id":"application-managehandovers-display-component---AddNewHO--dueDate","interaction":{"idSuffix":"inner"}},"wdio_ui5_key":"applicationmanagehandovers-display-component---AddNewHO--dueDate"}]}
RESULT: {}
COMMAND: GET /session/0fb4450c6422fe69939d6824736e2f6f/screenshot - {}
RESULT: {"script":"<script> [1562 bytes]","args":[{"selector":{"id":"application-managehandovers-display-component---AddNewHO--dueDate","interaction":{"idSuffix":"inner"}},"wdio_ui5_key":"applicationmanagehandovers-display-component---AddNewHO--dueDate"}]}
COMMAND: POST /session/0fb4450c6422fe69939d6824736e2f6f/execute/async - {"script":"<script> [6424 bytes]","args":[{"element-6066-11e4-a52e-4f735466cecf":"f.852D346EF878C3E5FC3136AC53424AFF.d.0DACB25A6E3DA8401FA225E04EC0E298.e.15376"},"setValue",["05/18/25"]]}
RESULT: {}
RESULT: {"script":"<script> [6424 bytes]","args":[{"element-6066-11e4-a52e-4f735466cecf":"f.852D346EF878C3E5FC3136AC53424AFF.d.0DACB25A6E3DA8401FA225E04EC0E298.e.15376"},"setValue",["05/18/25"]]}
COMMAND: POST /session/0fb4450c6422fe69939d6824736e2f6f/element - {"using":"xpath","value":"//bdi[contains(text(), \"Instructions\")]"}
RESULT: {"using":"xpath","value":"//bdi[contains(text(), \"Instructions\")]"}
COMMAND: POST /session/0fb4450c6422fe69939d6824736e2f6f/element/f.852D346EF878C3E5FC3136AC53424AFF.d.0DACB25A6E3DA8401FA225E04EC0E298.e.15589/click - {}
RESULT: {}
COMMAND: GET /session/0fb4450c6422fe69939d6824736e2f6f/screenshot - {}
RESULT: {}
COMMAND: POST /session/0fb4450c6422fe69939d6824736e2f6f/element - {"using":"xpath","value":"//button[@data-kt=\"AddNewHOProvideAddItemsButton\"]"}
RESULT: {"using":"xpath","value":"//button[@data-kt=\"AddNewHOProvideAddItemsButton\"]"}
COMMAND: POST /session/0fb4450c6422fe69939d6824736e2f6f/element/f.852D346EF878C3E5FC3136AC53424AFF.d.0DACB25A6E3DA8401FA225E04EC0E298.e.15592/click - {}
RESULT: {}
COMMAND: GET /session/0fb4450c6422fe69939d6824736e2f6f/screenshot - {}
RESULT: {}
RESULT: undefined
COMMAND: POST /session/0fb4450c6422fe69939d6824736e2f6f/element - {"using":"xpath","value":"//*[@id=\"application-managehandovers-display-component---AddNewHO--popup-sa\"]"}
RESULT: {"using":"xpath","value":"//*[@id=\"application-managehandovers-display-component---AddNewHO--popup-sa\"]"}
COMMAND: POST /session/0fb4450c6422fe69939d6824736e2f6f/element/f.852D346EF878C3E5FC3136AC53424AFF.d.0DACB25A6E3DA8401FA225E04EC0E298.e.15603/click - {}
RESULT: {}
COMMAND: GET /session/0fb4450c6422fe69939d6824736e2f6f/screenshot - {}
RESULT: {}
COMMAND: POST /session/0fb4450c6422fe69939d6824736e2f6f/element - {"using":"xpath","value":"//*[contains(@id ,\"BDI-content\")][contains(text(), \"Select\")]"}
RESULT: {"using":"xpath","value":"//*[contains(@id ,\"BDI-content\")][contains(text(), \"Select\")]"}
COMMAND: POST /session/0fb4450c6422fe69939d6824736e2f6f/element/f.852D346EF878C3E5FC3136AC53424AFF.d.0DACB25A6E3DA8401FA225E04EC0E298.e.15605/click - {}
RESULT: {}
COMMAND: GET /session/0fb4450c6422fe69939d6824736e2f6f/screenshot - {}
RESULT: {}
COMMAND: POST /session/0fb4450c6422fe69939d6824736e2f6f/execute/async - {"script":"<script> [1562 bytes]","args":[{"selector":{"id":"application-managehandovers-display-component---AddNewHO--confirmCreationButton","interaction":{"idSuffix":"BDI-content"}},"wdio_ui5_key":"applicationmanagehandovers-display-component---AddNewHO--confirmCreationButton"}]}
RESULT: {"script":"<script> [1562 bytes]","args":[{"selector":{"id":"application-managehandovers-display-component---AddNewHO--confirmCreationButton","interaction":{"idSuffix":"BDI-content"}},"wdio_ui5_key":"applicationmanagehandovers-display-component---AddNewHO--confirmCreationButton"}]}
RESULT: undefined
COMMAND: POST /session/0fb4450c6422fe69939d6824736e2f6f/element - {"using":"xpath","value":"//*[@id=\"application-managehandovers-display-component---AddNewHO--confirmCreationButton\"]"}
RESULT: {"using":"xpath","value":"//*[@id=\"application-managehandovers-display-component---AddNewHO--confirmCreationButton\"]"}
COMMAND: POST /session/0fb4450c6422fe69939d6824736e2f6f/element/f.852D346EF878C3E5FC3136AC53424AFF.d.0DACB25A6E3DA8401FA225E04EC0E298.e.15420/click - {}
RESULT: {}
COMMAND: GET /session/0fb4450c6422fe69939d6824736e2f6f/screenshot - {}
RESULT: {}
COMMAND: POST /session/0fb4450c6422fe69939d6824736e2f6f/execute/async - {"script":"<script> [1562 bytes]","args":[{"selector":{"id":"issueDatePicker","viewName":"etm.portal.ui.managehandovers.view.DetailExecuteHO","interaction":{"idSuffix":"inner"}},"wdio_ui5_key":"issueDatePickeretmportal.ui.managehandovers.view.DetailExecuteHO"}]}
RESULT: {"script":"<script> [1562 bytes]","args":[{"selector":{"id":"issueDatePicker","viewName":"etm.portal.ui.managehandovers.view.DetailExecuteHO","interaction":{"idSuffix":"inner"}},"wdio_ui5_key":"issueDatePickeretmportal.ui.managehandovers.view.DetailExecuteHO"}]}
RESULT: undefined
COMMAND: POST /session/0fb4450c6422fe69939d6824736e2f6f/execute/async - {"script":"<script> [776 bytes]","args":[{"enterText":"5/18/25","selector":{"id":"issueDatePicker","viewName":"etm.portal.ui.managehandovers.view.DetailExecuteHO","interaction":{"idSuffix":"inner"}},"clearTextFirst":true,"interactionType":"ENTER_TEXT"}]}
RESULT: {"script":"<script> [776 bytes]","args":[{"enterText":"5/18/25","selector":{"id":"issueDatePicker","viewName":"etm.portal.ui.managehandovers.view.DetailExecuteHO","interaction":{"idSuffix":"inner"}},"clearTextFirst":true,"interactionType":"ENTER_TEXT"}]}
COMMAND: POST /session/0fb4450c6422fe69939d6824736e2f6f/element - {"using":"xpath","value":"//bdi[contains(text(), \"OK\")]"}
RESULT: {"using":"xpath","value":"//bdi[contains(text(), \"OK\")]"}
COMMAND: POST /session/0fb4450c6422fe69939d6824736e2f6f/element/f.852D346EF878C3E5FC3136AC53424AFF.d.0DACB25A6E3DA8401FA225E04EC0E298.e.15648/click - {}
RESULT: {}
COMMAND: GET /session/0fb4450c6422fe69939d6824736e2f6f/screenshot - {}
RESULT: {}
COMMAND: POST /session/0fb4450c6422fe69939d6824736e2f6f/element - {"using":"xpath","value":"//button[@data-kt=\"PickingTableConfirmAllButton\"]"}
RESULT: {"using":"xpath","value":"//button[@data-kt=\"PickingTableConfirmAllButton\"]"}
COMMAND: POST /session/0fb4450c6422fe69939d6824736e2f6f/element/f.852D346EF878C3E5FC3136AC53424AFF.d.0DACB25A6E3DA8401FA225E04EC0E298.e.15654/click - {}
RESULT: {}
COMMAND: GET /session/0fb4450c6422fe69939d6824736e2f6f/screenshot - {}
RESULT: {}
COMMAND: POST /session/0fb4450c6422fe69939d6824736e2f6f/element - {"using":"xpath","value":"//bdi[contains(text(), \"OK\")]"}
RESULT: {"using":"xpath","value":"//bdi[contains(text(), \"OK\")]"}
COMMAND: POST /session/0fb4450c6422fe69939d6824736e2f6f/element/f.852D346EF878C3E5FC3136AC53424AFF.d.0DACB25A6E3DA8401FA225E04EC0E298.e.15657/click - {}
RESULT: {}
COMMAND: GET /session/0fb4450c6422fe69939d6824736e2f6f/screenshot - {}
RESULT: {}
COMMAND: POST /session/0fb4450c6422fe69939d6824736e2f6f/element - {"using":"xpath","value":"//button[@data-kt=\"execHoPickButton\"]"}
RESULT: {"using":"xpath","value":"//button[@data-kt=\"execHoPickButton\"]"}
COMMAND: POST /session/0fb4450c6422fe69939d6824736e2f6f/element/f.852D346EF878C3E5FC3136AC53424AFF.d.0DACB25A6E3DA8401FA225E04EC0E298.e.15659/click - {}
RESULT: {}
COMMAND: GET /session/0fb4450c6422fe69939d6824736e2f6f/screenshot - {}
RESULT: {}
COMMAND: POST /session/0fb4450c6422fe69939d6824736e2f6f/element - {"using":"xpath","value":"//span[contains(@id ,\"filterItemControl_BASIC-RECEIVE_CONTRACT-vhi\")]"}
RESULT: {"using":"xpath","value":"//span[contains(@id ,\"filterItemControl_BASIC-RECEIVE_CONTRACT-vhi\")]"}
COMMAND: POST /session/0fb4450c6422fe69939d6824736e2f6f/element/f.852D346EF878C3E5FC3136AC53424AFF.d.0DACB25A6E3DA8401FA225E04EC0E298.e.15835/click - {}
RESULT: {}
COMMAND: GET /session/0fb4450c6422fe69939d6824736e2f6f/screenshot - {}
RESULT: {}
COMMAND: POST /session/0fb4450c6422fe69939d6824736e2f6f/execute/async - {"script":"<script> [1562 bytes]","args":[{"selector":{"controlType":"sap.m.SearchField","viewName":"etm.portal.ui.managehandovers.view.MasterHO","bindingPath":{"path":"","propertyPath":"/_BASIC_SEARCH_FIELD","modelName":"fi1t3rM0d31"},"searchOpenDialogs":true,"interaction":{"idSuffix":"I"}},"wdio_ui5_key":"etmportal.ui.managehandovers.view.MasterHOsap.m.SearchField{\"path\":\"\",\"propertyPath\":\"/_BASIC_SEARCH_FIELD\",\"modelName\":\"fi1t3rM0d31\"}"}]}
RESULT: {"script":"<script> [1562 bytes]","args":[{"selector":{"controlType":"sap.m.SearchField","viewName":"etm.portal.ui.managehandovers.view.MasterHO","bindingPath":{"path":"","propertyPath":"/_BASIC_SEARCH_FIELD","modelName":"fi1t3rM0d31"},"searchOpenDialogs":true,"interaction":{"idSuffix":"I"}},"wdio_ui5_key":"etmportal.ui.managehandovers.view.MasterHOsap.m.SearchField{\"path\":\"\",\"propertyPath\":\"/_BASIC_SEARCH_FIELD\",\"modelName\":\"fi1t3rM0d31\"}"}]}
RESULT: undefined
COMMAND: POST /session/0fb4450c6422fe69939d6824736e2f6f/execute/async - {"script":"<script> [776 bytes]","args":[{"enterText":"10356","selector":{"controlType":"sap.m.SearchField","viewName":"etm.portal.ui.managehandovers.view.MasterHO","bindingPath":{"path":"","propertyPath":"/_BASIC_SEARCH_FIELD","modelName":"fi1t3rM0d31"},"searchOpenDialogs":true,"interaction":{"idSuffix":"I"}},"clearTextFirst":true,"interactionType":"ENTER_TEXT"}]}
RESULT: {"script":"<script> [776 bytes]","args":[{"enterText":"10356","selector":{"controlType":"sap.m.SearchField","viewName":"etm.portal.ui.managehandovers.view.MasterHO","bindingPath":{"path":"","propertyPath":"/_BASIC_SEARCH_FIELD","modelName":"fi1t3rM0d31"},"searchOpenDialogs":true,"interaction":{"idSuffix":"I"}},"clearTextFirst":true,"interactionType":"ENTER_TEXT"}]}
COMMAND: POST /session/0fb4450c6422fe69939d6824736e2f6f/actions - {"actions":[{"id":"action50","type":"key","parameters":{},"actions":[{"type":"keyDown","value":"î€‡"},{"type":"pause","duration":10},{"type":"keyUp","value":"î€‡"}]}]}
RESULT: {"actions":[{"id":"action50","type":"key","parameters":{},"actions":[{"type":"keyDown","value":"î€‡"},{"type":"pause","duration":10},{"type":"keyUp","value":"î€‡"}]}]}
COMMAND: GET /session/0fb4450c6422fe69939d6824736e2f6f/screenshot - {}
RESULT: {}
COMMAND: POST /session/0fb4450c6422fe69939d6824736e2f6f/element - {"using":"xpath","value":"//div[contains(@id, 'filterItemControl_BASIC-RECEIVE_CONTRACT-valueHelpDialog-table-rowsel0')]"}
RESULT: {"using":"xpath","value":"//div[contains(@id, 'filterItemControl_BASIC-RECEIVE_CONTRACT-valueHelpDialog-table-rowsel0')]"}
COMMAND: POST /session/0fb4450c6422fe69939d6824736e2f6f/element/f.852D346EF878C3E5FC3136AC53424AFF.d.0DACB25A6E3DA8401FA225E04EC0E298.e.15844/click - {}
RESULT: {}
COMMAND: GET /session/0fb4450c6422fe69939d6824736e2f6f/screenshot - {}
RESULT: {}
COMMAND: POST /session/0fb4450c6422fe69939d6824736e2f6f/element - {"using":"xpath","value":"//bdi[contains(text(), \"OK\")]"}
RESULT: {"using":"xpath","value":"//bdi[contains(text(), \"OK\")]"}
COMMAND: POST /session/0fb4450c6422fe69939d6824736e2f6f/element/f.852D346EF878C3E5FC3136AC53424AFF.d.0DACB25A6E3DA8401FA225E04EC0E298.e.15846/click - {}
RESULT: {}
COMMAND: GET /session/0fb4450c6422fe69939d6824736e2f6f/screenshot - {}
RESULT: {}
COMMAND: POST /session/0fb4450c6422fe69939d6824736e2f6f/element - {"using":"xpath","value":"//span[contains(@id, \"smartTable-header-inner\")]"}
RESULT: {"using":"xpath","value":"//span[contains(@id, \"smartTable-header-inner\")]"}
COMMAND: POST /session/0fb4450c6422fe69939d6824736e2f6f/elements - {"using":"xpath","value":"//span[contains(@id, \"smartTable-header-inner\")]"}
RESULT: {"using":"xpath","value":"//span[contains(@id, \"smartTable-header-inner\")]"}
COMMAND: POST /session/0fb4450c6422fe69939d6824736e2f6f/execute/sync - {"script":"<script> [56 bytes]","args":[{"element-6066-11e4-a52e-4f735466cecf":"f.852D346EF878C3E5FC3136AC53424AFF.d.0DACB25A6E3DA8401FA225E04EC0E298.e.15874","ELEMENT":"f.852D346EF878C3E5FC3136AC53424AFF.d.0DACB25A6E3DA8401FA225E04EC0E298.e.15874"}]}
RESULT: {"script":"<script> [56 bytes]","args":[{"element-6066-11e4-a52e-4f735466cecf":"f.852D346EF878C3E5FC3136AC53424AFF.d.0DACB25A6E3DA8401FA225E04EC0E298.e.15874","ELEMENT":"f.852D346EF878C3E5FC3136AC53424AFF.d.0DACB25A6E3DA8401FA225E04EC0E298.e.15874"}]}
COMMAND: POST /session/0fb4450c6422fe69939d6824736e2f6f/element - {"using":"xpath","value":"//table[contains(@id, \"customHandovers\")]//tbody/tr[1]/td[2]/span"}
COMMAND: GET /session/0fb4450c6422fe69939d6824736e2f6f/screenshot - {}
RESULT: {"using":"xpath","value":"//table[contains(@id, \"customHandovers\")]//tbody/tr[1]/td[2]/span"}
COMMAND: POST /session/0fb4450c6422fe69939d6824736e2f6f/execute/sync - {"script":"<script> [56 bytes]","args":[{"element-6066-11e4-a52e-4f735466cecf":"f.852D346EF878C3E5FC3136AC53424AFF.d.0DACB25A6E3DA8401FA225E04EC0E298.e.15875","ELEMENT":"f.852D346EF878C3E5FC3136AC53424AFF.d.0DACB25A6E3DA8401FA225E04EC0E298.e.15875"}]}
RESULT: {}
RESULT: {"script":"<script> [56 bytes]","args":[{"element-6066-11e4-a52e-4f735466cecf":"f.852D346EF878C3E5FC3136AC53424AFF.d.0DACB25A6E3DA8401FA225E04EC0E298.e.15875","ELEMENT":"f.852D346EF878C3E5FC3136AC53424AFF.d.0DACB25A6E3DA8401FA225E04EC0E298.e.15875"}]}
COMMAND: POST /session/0fb4450c6422fe69939d6824736e2f6f/element - {"using":"xpath","value":"(//span[contains(@id, \"imgNav\")])[1]"}
COMMAND: GET /session/0fb4450c6422fe69939d6824736e2f6f/screenshot - {}
RESULT: {"using":"xpath","value":"(//span[contains(@id, \"imgNav\")])[1]"}
COMMAND: POST /session/0fb4450c6422fe69939d6824736e2f6f/element/f.852D346EF878C3E5FC3136AC53424AFF.d.0DACB25A6E3DA8401FA225E04EC0E298.e.15872/click - {}
RESULT: {}
RESULT: {}
COMMAND: GET /session/0fb4450c6422fe69939d6824736e2f6f/screenshot - {}
RESULT: {}
RESULT: undefined
COMMAND: POST /session/0fb4450c6422fe69939d6824736e2f6f/execute/async - {"script":"<script> [776 bytes]","args":[{"enterText":"5/18/25","selector":{"id":"issueDatePicker","viewName":"etm.portal.ui.managehandovers.view.DetailExecuteHO","interaction":{"idSuffix":"inner"}},"clearTextFirst":true,"interactionType":"ENTER_TEXT"}]}
RESULT: {"script":"<script> [776 bytes]","args":[{"enterText":"5/18/25","selector":{"id":"issueDatePicker","viewName":"etm.portal.ui.managehandovers.view.DetailExecuteHO","interaction":{"idSuffix":"inner"}},"clearTextFirst":true,"interactionType":"ENTER_TEXT"}]}
COMMAND: POST /session/0fb4450c6422fe69939d6824736e2f6f/element - {"using":"xpath","value":"//button[@data-kt=\"PickingTableConfirmAllButton\"]"}
RESULT: {"using":"xpath","value":"//button[@data-kt=\"PickingTableConfirmAllButton\"]"}
COMMAND: POST /session/0fb4450c6422fe69939d6824736e2f6f/element/f.852D346EF878C3E5FC3136AC53424AFF.d.0DACB25A6E3DA8401FA225E04EC0E298.e.15892/click - {}
RESULT: {}
COMMAND: GET /session/0fb4450c6422fe69939d6824736e2f6f/screenshot - {}
RESULT: {}
COMMAND: POST /session/0fb4450c6422fe69939d6824736e2f6f/element - {"using":"xpath","value":"//bdi[contains(text(), \"OK\")]"}
RESULT: {"using":"xpath","value":"//bdi[contains(text(), \"OK\")]"}
COMMAND: POST /session/0fb4450c6422fe69939d6824736e2f6f/element/f.852D346EF878C3E5FC3136AC53424AFF.d.0DACB25A6E3DA8401FA225E04EC0E298.e.15919/click - {}
RESULT: {}
COMMAND: GET /session/0fb4450c6422fe69939d6824736e2f6f/screenshot - {}
RESULT: {}
COMMAND: POST /session/0fb4450c6422fe69939d6824736e2f6f/element - {"using":"xpath","value":"//button[@data-kt=\"execHoIssueButton\"]"}
RESULT: {"using":"xpath","value":"//button[@data-kt=\"execHoIssueButton\"]"}
COMMAND: POST /session/0fb4450c6422fe69939d6824736e2f6f/element/f.852D346EF878C3E5FC3136AC53424AFF.d.0DACB25A6E3DA8401FA225E04EC0E298.e.15920/click - {}
RESULT: {}
COMMAND: GET /session/0fb4450c6422fe69939d6824736e2f6f/screenshot - {}
RESULT: {}
COMMAND: POST /session/0fb4450c6422fe69939d6824736e2f6f/element - {"using":"xpath","value":"//input[contains(@id ,\"smartFilterBar-btnBasicSearch-I\")]"}
RESULT: {"using":"xpath","value":"//input[contains(@id ,\"smartFilterBar-btnBasicSearch-I\")]"}
COMMAND: POST /session/0fb4450c6422fe69939d6824736e2f6f/elements - {"using":"xpath","value":"//input[contains(@id ,\"smartFilterBar-btnBasicSearch-I\")]"}
RESULT: {"using":"xpath","value":"//input[contains(@id ,\"smartFilterBar-btnBasicSearch-I\")]"}
COMMAND: POST /session/0fb4450c6422fe69939d6824736e2f6f/execute/sync - {"script":"<script> [8489 bytes]","args":[{"element-6066-11e4-a52e-4f735466cecf":"f.852D346EF878C3E5FC3136AC53424AFF.d.0DACB25A6E3DA8401FA225E04EC0E298.e.15375","ELEMENT":"f.852D346EF878C3E5FC3136AC53424AFF.d.0DACB25A6E3DA8401FA225E04EC0E298.e.15375"}]}
RESULT: {"script":"<script> [8489 bytes]","args":[{"element-6066-11e4-a52e-4f735466cecf":"f.852D346EF878C3E5FC3136AC53424AFF.d.0DACB25A6E3DA8401FA225E04EC0E298.e.15375","ELEMENT":"f.852D346EF878C3E5FC3136AC53424AFF.d.0DACB25A6E3DA8401FA225E04EC0E298.e.15375"}]}
COMMAND: GET /session/0fb4450c6422fe69939d6824736e2f6f/element/f.852D346EF878C3E5FC3136AC53424AFF.d.0DACB25A6E3DA8401FA225E04EC0E298.e.15375/enabled - {}
COMMAND: GET /session/0fb4450c6422fe69939d6824736e2f6f/screenshot - {}
RESULT: {}
COMMAND: POST /session/0fb4450c6422fe69939d6824736e2f6f/element/f.852D346EF878C3E5FC3136AC53424AFF.d.0DACB25A6E3DA8401FA225E04EC0E298.e.15375/clear - {}
COMMAND: GET /session/0fb4450c6422fe69939d6824736e2f6f/screenshot - {}
RESULT: {}
RESULT: {}
COMMAND: POST /session/0fb4450c6422fe69939d6824736e2f6f/element/f.852D346EF878C3E5FC3136AC53424AFF.d.0DACB25A6E3DA8401FA225E04EC0E298.e.15375/value - {"text":"30680"}
COMMAND: GET /session/0fb4450c6422fe69939d6824736e2f6f/screenshot - {}
RESULT: {}
RESULT: {"text":"30680"}
COMMAND: GET /session/0fb4450c6422fe69939d6824736e2f6f/screenshot - {}
RESULT: {}
RESULT: {}
COMMAND: POST /session/0fb4450c6422fe69939d6824736e2f6f/actions - {"actions":[{"id":"action51","type":"key","parameters":{},"actions":[{"type":"keyDown","value":"î€‡"},{"type":"pause","duration":10},{"type":"keyUp","value":"î€‡"}]}]}
RESULT: {"actions":[{"id":"action51","type":"key","parameters":{},"actions":[{"type":"keyDown","value":"î€‡"},{"type":"pause","duration":10},{"type":"keyUp","value":"î€‡"}]}]}
COMMAND: GET /session/0fb4450c6422fe69939d6824736e2f6f/screenshot - {}
RESULT: {}
COMMAND: POST /session/0fb4450c6422fe69939d6824736e2f6f/element - {"using":"xpath","value":"//span[contains(@id, \"smartTable-header-inner\")]"}
RESULT: {"using":"xpath","value":"//span[contains(@id, \"smartTable-header-inner\")]"}
COMMAND: POST /session/0fb4450c6422fe69939d6824736e2f6f/elements - {"using":"xpath","value":"//span[contains(@id, \"smartTable-header-inner\")]"}
RESULT: {"using":"xpath","value":"//span[contains(@id, \"smartTable-header-inner\")]"}
COMMAND: POST /session/0fb4450c6422fe69939d6824736e2f6f/execute/sync - {"script":"<script> [56 bytes]","args":[{"element-6066-11e4-a52e-4f735466cecf":"f.852D346EF878C3E5FC3136AC53424AFF.d.0DACB25A6E3DA8401FA225E04EC0E298.e.15874","ELEMENT":"f.852D346EF878C3E5FC3136AC53424AFF.d.0DACB25A6E3DA8401FA225E04EC0E298.e.15874"}]}
RESULT: {"script":"<script> [56 bytes]","args":[{"element-6066-11e4-a52e-4f735466cecf":"f.852D346EF878C3E5FC3136AC53424AFF.d.0DACB25A6E3DA8401FA225E04EC0E298.e.15874","ELEMENT":"f.852D346EF878C3E5FC3136AC53424AFF.d.0DACB25A6E3DA8401FA225E04EC0E298.e.15874"}]}
COMMAND: POST /session/0fb4450c6422fe69939d6824736e2f6f/elements - {"using":"xpath","value":"//thead[contains(@class, \"sapMTableTH\")]/tr/th"}
COMMAND: GET /session/0fb4450c6422fe69939d6824736e2f6f/screenshot - {}
RESULT: {"using":"xpath","value":"//thead[contains(@class, \"sapMTableTH\")]/tr/th"}
COMMAND: GET /session/0fb4450c6422fe69939d6824736e2f6f/element/f.852D346EF878C3E5FC3136AC53424AFF.d.0DACB25A6E3DA8401FA225E04EC0E298.e.15955/text - {}
RESULT: {}
RESULT: {}
COMMAND: GET /session/0fb4450c6422fe69939d6824736e2f6f/element/f.852D346EF878C3E5FC3136AC53424AFF.d.0DACB25A6E3DA8401FA225E04EC0E298.e.15956/text - {}
RESULT: {}
COMMAND: GET /session/0fb4450c6422fe69939d6824736e2f6f/element/f.852D346EF878C3E5FC3136AC53424AFF.d.0DACB25A6E3DA8401FA225E04EC0E298.e.15369/text - {}
RESULT: {}
COMMAND: GET /session/0fb4450c6422fe69939d6824736e2f6f/element/f.852D346EF878C3E5FC3136AC53424AFF.d.0DACB25A6E3DA8401FA225E04EC0E298.e.15371/text - {}
RESULT: {}
COMMAND: GET /session/0fb4450c6422fe69939d6824736e2f6f/element/f.852D346EF878C3E5FC3136AC53424AFF.d.0DACB25A6E3DA8401FA225E04EC0E298.e.15924/text - {}
RESULT: {}
COMMAND: GET /session/0fb4450c6422fe69939d6824736e2f6f/element/f.852D346EF878C3E5FC3136AC53424AFF.d.0DACB25A6E3DA8401FA225E04EC0E298.e.15925/text - {}
RESULT: {}
COMMAND: GET /session/0fb4450c6422fe69939d6824736e2f6f/element/f.852D346EF878C3E5FC3136AC53424AFF.d.0DACB25A6E3DA8401FA225E04EC0E298.e.15926/text - {}
RESULT: {}
COMMAND: GET /session/0fb4450c6422fe69939d6824736e2f6f/element/f.852D346EF878C3E5FC3136AC53424AFF.d.0DACB25A6E3DA8401FA225E04EC0E298.e.15927/text - {}
RESULT: {}
COMMAND: GET /session/0fb4450c6422fe69939d6824736e2f6f/element/f.852D346EF878C3E5FC3136AC53424AFF.d.0DACB25A6E3DA8401FA225E04EC0E298.e.15928/text - {}
RESULT: {}
COMMAND: GET /session/0fb4450c6422fe69939d6824736e2f6f/element/f.852D346EF878C3E5FC3136AC53424AFF.d.0DACB25A6E3DA8401FA225E04EC0E298.e.15929/text - {}
RESULT: {}
COMMAND: GET /session/0fb4450c6422fe69939d6824736e2f6f/element/f.852D346EF878C3E5FC3136AC53424AFF.d.0DACB25A6E3DA8401FA225E04EC0E298.e.15930/text - {}
RESULT: {}
COMMAND: GET /session/0fb4450c6422fe69939d6824736e2f6f/element/f.852D346EF878C3E5FC3136AC53424AFF.d.0DACB25A6E3DA8401FA225E04EC0E298.e.15931/text - {}
RESULT: {}
COMMAND: GET /session/0fb4450c6422fe69939d6824736e2f6f/element/f.852D346EF878C3E5FC3136AC53424AFF.d.0DACB25A6E3DA8401FA225E04EC0E298.e.15932/text - {}
RESULT: {}
COMMAND: GET /session/0fb4450c6422fe69939d6824736e2f6f/element/f.852D346EF878C3E5FC3136AC53424AFF.d.0DACB25A6E3DA8401FA225E04EC0E298.e.15372/text - {}
RESULT: {}
COMMAND: POST /session/0fb4450c6422fe69939d6824736e2f6f/element - {"using":"xpath","value":"//tbody[contains(@id, \"customHandoversTable-tblBody\")]/tr[1]/td[14]/div/span"}
RESULT: {"using":"xpath","value":"//tbody[contains(@id, \"customHandoversTable-tblBody\")]/tr[1]/td[14]/div/span"}
COMMAND: POST /session/0fb4450c6422fe69939d6824736e2f6f/execute/sync - {"script":"<script> [56 bytes]","args":[{"element-6066-11e4-a52e-4f735466cecf":"f.852D346EF878C3E5FC3136AC53424AFF.d.0DACB25A6E3DA8401FA225E04EC0E298.e.16008","ELEMENT":"f.852D346EF878C3E5FC3136AC53424AFF.d.0DACB25A6E3DA8401FA225E04EC0E298.e.16008"}]}
RESULT: {"script":"<script> [56 bytes]","args":[{"element-6066-11e4-a52e-4f735466cecf":"f.852D346EF878C3E5FC3136AC53424AFF.d.0DACB25A6E3DA8401FA225E04EC0E298.e.16008","ELEMENT":"f.852D346EF878C3E5FC3136AC53424AFF.d.0DACB25A6E3DA8401FA225E04EC0E298.e.16008"}]}
COMMAND: POST /session/0fb4450c6422fe69939d6824736e2f6f/element - {"using":"xpath","value":"(//span[contains(@id, \"imgNav\")])[1]"}
COMMAND: GET /session/0fb4450c6422fe69939d6824736e2f6f/screenshot - {}
RESULT: {"using":"xpath","value":"(//span[contains(@id, \"imgNav\")])[1]"}
COMMAND: POST /session/0fb4450c6422fe69939d6824736e2f6f/element/f.852D346EF878C3E5FC3136AC53424AFF.d.0DACB25A6E3DA8401FA225E04EC0E298.e.16009/click - {}
RESULT: {}
RESULT: {}
COMMAND: GET /session/0fb4450c6422fe69939d6824736e2f6f/screenshot - {}
RESULT: {}
RESULT: undefined
COMMAND: POST /session/0fb4450c6422fe69939d6824736e2f6f/execute/async - {"script":"<script> [776 bytes]","args":[{"enterText":"05/18/25","selector":{"id":"receiptDatePicker","viewName":"etm.portal.ui.managehandovers.view.DetailExecuteHO","interaction":{"idSuffix":"inner"}},"clearTextFirst":true,"interactionType":"ENTER_TEXT"}]}
RESULT: {"script":"<script> [776 bytes]","args":[{"enterText":"05/18/25","selector":{"id":"receiptDatePicker","viewName":"etm.portal.ui.managehandovers.view.DetailExecuteHO","interaction":{"idSuffix":"inner"}},"clearTextFirst":true,"interactionType":"ENTER_TEXT"}]}
COMMAND: POST /session/0fb4450c6422fe69939d6824736e2f6f/element - {"using":"xpath","value":"//bdi[contains(text(), \"OK\")]"}
RESULT: {"using":"xpath","value":"//bdi[contains(text(), \"OK\")]"}
COMMAND: POST /session/0fb4450c6422fe69939d6824736e2f6f/element/f.852D346EF878C3E5FC3136AC53424AFF.d.0DACB25A6E3DA8401FA225E04EC0E298.e.16043/click - {}
RESULT: {}
COMMAND: GET /session/0fb4450c6422fe69939d6824736e2f6f/screenshot - {}
RESULT: {}
COMMAND: POST /session/0fb4450c6422fe69939d6824736e2f6f/element - {"using":"xpath","value":"//button[@data-kt=\"PickingTableConfirmAllButton\"]"}
RESULT: {"using":"xpath","value":"//button[@data-kt=\"PickingTableConfirmAllButton\"]"}
COMMAND: POST /session/0fb4450c6422fe69939d6824736e2f6f/element/f.852D346EF878C3E5FC3136AC53424AFF.d.0DACB25A6E3DA8401FA225E04EC0E298.e.16028/click - {}
RESULT: {}
COMMAND: GET /session/0fb4450c6422fe69939d6824736e2f6f/screenshot - {}
RESULT: {}
COMMAND: POST /session/0fb4450c6422fe69939d6824736e2f6f/element - {"using":"xpath","value":"//bdi[contains(text(), \"OK\")]"}
RESULT: {"using":"xpath","value":"//bdi[contains(text(), \"OK\")]"}
COMMAND: POST /session/0fb4450c6422fe69939d6824736e2f6f/element/f.852D346EF878C3E5FC3136AC53424AFF.d.0DACB25A6E3DA8401FA225E04EC0E298.e.16054/click - {}
RESULT: {}
COMMAND: GET /session/0fb4450c6422fe69939d6824736e2f6f/screenshot - {}
RESULT: {}
COMMAND: POST /session/0fb4450c6422fe69939d6824736e2f6f/element - {"using":"xpath","value":"//button[@data-kt= \"execHoReceiveButton\"]"}
RESULT: {"using":"xpath","value":"//button[@data-kt= \"execHoReceiveButton\"]"}
COMMAND: POST /session/0fb4450c6422fe69939d6824736e2f6f/element/f.852D346EF878C3E5FC3136AC53424AFF.d.0DACB25A6E3DA8401FA225E04EC0E298.e.16056/click - {}
RESULT: {}
COMMAND: GET /session/0fb4450c6422fe69939d6824736e2f6f/screenshot - {}
RESULT: {}
COMMAND: POST /session/0fb4450c6422fe69939d6824736e2f6f/element - {"using":"xpath","value":"//input[contains(@id ,\"smartFilterBar-btnBasicSearch-I\")]"}
RESULT: {"using":"xpath","value":"//input[contains(@id ,\"smartFilterBar-btnBasicSearch-I\")]"}
COMMAND: POST /session/0fb4450c6422fe69939d6824736e2f6f/elements - {"using":"xpath","value":"//input[contains(@id ,\"smartFilterBar-btnBasicSearch-I\")]"}
RESULT: {"using":"xpath","value":"//input[contains(@id ,\"smartFilterBar-btnBasicSearch-I\")]"}
COMMAND: POST /session/0fb4450c6422fe69939d6824736e2f6f/execute/sync - {"script":"<script> [8489 bytes]","args":[{"element-6066-11e4-a52e-4f735466cecf":"f.852D346EF878C3E5FC3136AC53424AFF.d.0DACB25A6E3DA8401FA225E04EC0E298.e.15375","ELEMENT":"f.852D346EF878C3E5FC3136AC53424AFF.d.0DACB25A6E3DA8401FA225E04EC0E298.e.15375"}]}
RESULT: {"script":"<script> [8489 bytes]","args":[{"element-6066-11e4-a52e-4f735466cecf":"f.852D346EF878C3E5FC3136AC53424AFF.d.0DACB25A6E3DA8401FA225E04EC0E298.e.15375","ELEMENT":"f.852D346EF878C3E5FC3136AC53424AFF.d.0DACB25A6E3DA8401FA225E04EC0E298.e.15375"}]}
COMMAND: GET /session/0fb4450c6422fe69939d6824736e2f6f/element/f.852D346EF878C3E5FC3136AC53424AFF.d.0DACB25A6E3DA8401FA225E04EC0E298.e.15375/enabled - {}
COMMAND: GET /session/0fb4450c6422fe69939d6824736e2f6f/screenshot - {}
RESULT: {}
COMMAND: POST /session/0fb4450c6422fe69939d6824736e2f6f/element/f.852D346EF878C3E5FC3136AC53424AFF.d.0DACB25A6E3DA8401FA225E04EC0E298.e.15375/clear - {}
COMMAND: GET /session/0fb4450c6422fe69939d6824736e2f6f/screenshot - {}
RESULT: {}
RESULT: {}
COMMAND: POST /session/0fb4450c6422fe69939d6824736e2f6f/element/f.852D346EF878C3E5FC3136AC53424AFF.d.0DACB25A6E3DA8401FA225E04EC0E298.e.15375/value - {"text":"30680"}
COMMAND: GET /session/0fb4450c6422fe69939d6824736e2f6f/screenshot - {}
RESULT: {}
RESULT: {"text":"30680"}
COMMAND: GET /session/0fb4450c6422fe69939d6824736e2f6f/screenshot - {}
RESULT: {}
RESULT: {}
COMMAND: POST /session/0fb4450c6422fe69939d6824736e2f6f/actions - {"actions":[{"id":"action52","type":"key","parameters":{},"actions":[{"type":"keyDown","value":"î€‡"},{"type":"pause","duration":10},{"type":"keyUp","value":"î€‡"}]}]}
RESULT: {"actions":[{"id":"action52","type":"key","parameters":{},"actions":[{"type":"keyDown","value":"î€‡"},{"type":"pause","duration":10},{"type":"keyUp","value":"î€‡"}]}]}
COMMAND: GET /session/0fb4450c6422fe69939d6824736e2f6f/screenshot - {}
RESULT: {}
COMMAND: POST /session/0fb4450c6422fe69939d6824736e2f6f/element - {"using":"xpath","value":"//span[contains(@id, \"smartTable-header-inner\")]"}
RESULT: {"using":"xpath","value":"//span[contains(@id, \"smartTable-header-inner\")]"}
COMMAND: POST /session/0fb4450c6422fe69939d6824736e2f6f/elements - {"using":"xpath","value":"//span[contains(@id, \"smartTable-header-inner\")]"}
RESULT: {"using":"xpath","value":"//span[contains(@id, \"smartTable-header-inner\")]"}
COMMAND: POST /session/0fb4450c6422fe69939d6824736e2f6f/execute/sync - {"script":"<script> [56 bytes]","args":[{"element-6066-11e4-a52e-4f735466cecf":"f.852D346EF878C3E5FC3136AC53424AFF.d.0DACB25A6E3DA8401FA225E04EC0E298.e.15874","ELEMENT":"f.852D346EF878C3E5FC3136AC53424AFF.d.0DACB25A6E3DA8401FA225E04EC0E298.e.15874"}]}
RESULT: {"script":"<script> [56 bytes]","args":[{"element-6066-11e4-a52e-4f735466cecf":"f.852D346EF878C3E5FC3136AC53424AFF.d.0DACB25A6E3DA8401FA225E04EC0E298.e.15874","ELEMENT":"f.852D346EF878C3E5FC3136AC53424AFF.d.0DACB25A6E3DA8401FA225E04EC0E298.e.15874"}]}
COMMAND: POST /session/0fb4450c6422fe69939d6824736e2f6f/elements - {"using":"xpath","value":"//thead[contains(@class, \"sapMTableTH\")]/tr/th"}
COMMAND: GET /session/0fb4450c6422fe69939d6824736e2f6f/screenshot - {}
RESULT: {"using":"xpath","value":"//thead[contains(@class, \"sapMTableTH\")]/tr/th"}
COMMAND: GET /session/0fb4450c6422fe69939d6824736e2f6f/element/f.852D346EF878C3E5FC3136AC53424AFF.d.0DACB25A6E3DA8401FA225E04EC0E298.e.15955/text - {}
RESULT: {}
RESULT: {}
COMMAND: GET /session/0fb4450c6422fe69939d6824736e2f6f/element/f.852D346EF878C3E5FC3136AC53424AFF.d.0DACB25A6E3DA8401FA225E04EC0E298.e.15956/text - {}
RESULT: {}
COMMAND: GET /session/0fb4450c6422fe69939d6824736e2f6f/element/f.852D346EF878C3E5FC3136AC53424AFF.d.0DACB25A6E3DA8401FA225E04EC0E298.e.15369/text - {}
RESULT: {}
COMMAND: GET /session/0fb4450c6422fe69939d6824736e2f6f/element/f.852D346EF878C3E5FC3136AC53424AFF.d.0DACB25A6E3DA8401FA225E04EC0E298.e.15371/text - {}
RESULT: {}
COMMAND: GET /session/0fb4450c6422fe69939d6824736e2f6f/element/f.852D346EF878C3E5FC3136AC53424AFF.d.0DACB25A6E3DA8401FA225E04EC0E298.e.16060/text - {}
RESULT: {}
COMMAND: GET /session/0fb4450c6422fe69939d6824736e2f6f/element/f.852D346EF878C3E5FC3136AC53424AFF.d.0DACB25A6E3DA8401FA225E04EC0E298.e.16061/text - {}
RESULT: {}
COMMAND: GET /session/0fb4450c6422fe69939d6824736e2f6f/element/f.852D346EF878C3E5FC3136AC53424AFF.d.0DACB25A6E3DA8401FA225E04EC0E298.e.16062/text - {}
RESULT: {}
COMMAND: GET /session/0fb4450c6422fe69939d6824736e2f6f/element/f.852D346EF878C3E5FC3136AC53424AFF.d.0DACB25A6E3DA8401FA225E04EC0E298.e.16063/text - {}
RESULT: {}
COMMAND: GET /session/0fb4450c6422fe69939d6824736e2f6f/element/f.852D346EF878C3E5FC3136AC53424AFF.d.0DACB25A6E3DA8401FA225E04EC0E298.e.16064/text - {}
RESULT: {}
COMMAND: GET /session/0fb4450c6422fe69939d6824736e2f6f/element/f.852D346EF878C3E5FC3136AC53424AFF.d.0DACB25A6E3DA8401FA225E04EC0E298.e.16065/text - {}
RESULT: {}
COMMAND: GET /session/0fb4450c6422fe69939d6824736e2f6f/element/f.852D346EF878C3E5FC3136AC53424AFF.d.0DACB25A6E3DA8401FA225E04EC0E298.e.16066/text - {}
RESULT: {}
COMMAND: GET /session/0fb4450c6422fe69939d6824736e2f6f/element/f.852D346EF878C3E5FC3136AC53424AFF.d.0DACB25A6E3DA8401FA225E04EC0E298.e.16067/text - {}
RESULT: {}
COMMAND: GET /session/0fb4450c6422fe69939d6824736e2f6f/element/f.852D346EF878C3E5FC3136AC53424AFF.d.0DACB25A6E3DA8401FA225E04EC0E298.e.16068/text - {}
RESULT: {}
COMMAND: GET /session/0fb4450c6422fe69939d6824736e2f6f/element/f.852D346EF878C3E5FC3136AC53424AFF.d.0DACB25A6E3DA8401FA225E04EC0E298.e.15372/text - {}
RESULT: {}
COMMAND: POST /session/0fb4450c6422fe69939d6824736e2f6f/element - {"using":"xpath","value":"//tbody[contains(@id, \"customHandoversTable-tblBody\")]/tr[1]/td[14]/div/span"}
RESULT: {"using":"xpath","value":"//tbody[contains(@id, \"customHandoversTable-tblBody\")]/tr[1]/td[14]/div/span"}
COMMAND: POST /session/0fb4450c6422fe69939d6824736e2f6f/execute/sync - {"script":"<script> [56 bytes]","args":[{"element-6066-11e4-a52e-4f735466cecf":"f.852D346EF878C3E5FC3136AC53424AFF.d.0DACB25A6E3DA8401FA225E04EC0E298.e.16111","ELEMENT":"f.852D346EF878C3E5FC3136AC53424AFF.d.0DACB25A6E3DA8401FA225E04EC0E298.e.16111"}]}
RESULT: {"script":"<script> [56 bytes]","args":[{"element-6066-11e4-a52e-4f735466cecf":"f.852D346EF878C3E5FC3136AC53424AFF.d.0DACB25A6E3DA8401FA225E04EC0E298.e.16111","ELEMENT":"f.852D346EF878C3E5FC3136AC53424AFF.d.0DACB25A6E3DA8401FA225E04EC0E298.e.16111"}]}
]]></system-out>
    </testcase>
    <testcase classname="chrome.136_0_7103_93.windows.Provide_to_Site_w/o_warehouse_management_w_clarification" name="Should Test for Handover Execution" time="12.435">
      <system-out><![CDATA[
COMMAND: POST /session/0fb4450c6422fe69939d6824736e2f6f/element - {"using":"xpath","value":"(//span[contains(@id, \"imgNav\")])[1]"}
COMMAND: GET /session/0fb4450c6422fe69939d6824736e2f6f/screenshot - {}
RESULT: {"using":"xpath","value":"(//span[contains(@id, \"imgNav\")])[1]"}
COMMAND: POST /session/0fb4450c6422fe69939d6824736e2f6f/element/f.852D346EF878C3E5FC3136AC53424AFF.d.0DACB25A6E3DA8401FA225E04EC0E298.e.16112/click - {}
RESULT: {}
RESULT: {}
COMMAND: GET /session/0fb4450c6422fe69939d6824736e2f6f/screenshot - {}
RESULT: {}
COMMAND: POST /session/0fb4450c6422fe69939d6824736e2f6f/element - {"using":"css selector","value":"#shell-header-logo"}
RESULT: {"using":"css selector","value":"#shell-header-logo"}
COMMAND: POST /session/0fb4450c6422fe69939d6824736e2f6f/element/f.852D346EF878C3E5FC3136AC53424AFF.d.0DACB25A6E3DA8401FA225E04EC0E298.e.14727/click - {}
RESULT: {}
COMMAND: GET /session/0fb4450c6422fe69939d6824736e2f6f/screenshot - {}
RESULT: {}
]]></system-out>
    </testcase>
    <testcase classname="chrome.136_0_7103_93.windows.Provide_to_Site_w/o_warehouse_management_w_clarification" name="Should test for Clarification" time="0.003">
      <system-out><![CDATA[
COMMAND: POST /session/0fb4450c6422fe69939d6824736e2f6f/element - {"using":"css selector","value":"#j_username"}
COMMAND: POST /session/0fb4450c6422fe69939d6824736e2f6f/url - {"url":"https://qa-testing-00-live-etm-ui.cfapps.eu10-004.hana.ondemand.com/"}
RESULT: {"using":"css selector","value":"#j_username"}
COMMAND: POST /session/0fb4450c6422fe69939d6824736e2f6f/element - {"using":"css selector","value":"#j_username"}
RESULT: {"url":"https://qa-testing-00-live-etm-ui.cfapps.eu10-004.hana.ondemand.com/"}
RESULT: undefined
COMMAND: GET /session/0fb4450c6422fe69939d6824736e2f6f/screenshot - {}
RESULT: {"using":"css selector","value":"#j_username"}
COMMAND: POST /session/0fb4450c6422fe69939d6824736e2f6f/element - {"using":"css selector","value":"#shell-header-logo"}
RESULT: {}
RESULT: {"using":"css selector","value":"#shell-header-logo"}
COMMAND: POST /session/0fb4450c6422fe69939d6824736e2f6f/execute/sync - {"script":"<script> [8489 bytes]","args":[{"element-6066-11e4-a52e-4f735466cecf":"f.852D346EF878C3E5FC3136AC53424AFF.d.92C8A8F11C0856AC1C35F299ABAEF269.e.16154","ELEMENT":"f.852D346EF878C3E5FC3136AC53424AFF.d.92C8A8F11C0856AC1C35F299ABAEF269.e.16154"}]}
RESULT: {"script":"<script> [8489 bytes]","args":[{"element-6066-11e4-a52e-4f735466cecf":"f.852D346EF878C3E5FC3136AC53424AFF.d.92C8A8F11C0856AC1C35F299ABAEF269.e.16154","ELEMENT":"f.852D346EF878C3E5FC3136AC53424AFF.d.92C8A8F11C0856AC1C35F299ABAEF269.e.16154"}]}
COMMAND: POST /session/0fb4450c6422fe69939d6824736e2f6f/element - {"using":"css selector","value":"#shell-header-logo"}
COMMAND: GET /session/0fb4450c6422fe69939d6824736e2f6f/screenshot - {}
RESULT: {"using":"css selector","value":"#shell-header-logo"}
COMMAND: POST /session/0fb4450c6422fe69939d6824736e2f6f/execute/sync - {"script":"<script> [8489 bytes]","args":[{"element-6066-11e4-a52e-4f735466cecf":"f.852D346EF878C3E5FC3136AC53424AFF.d.92C8A8F11C0856AC1C35F299ABAEF269.e.16154","ELEMENT":"f.852D346EF878C3E5FC3136AC53424AFF.d.92C8A8F11C0856AC1C35F299ABAEF269.e.16154"}]}
RESULT: {}
RESULT: {"script":"<script> [8489 bytes]","args":[{"element-6066-11e4-a52e-4f735466cecf":"f.852D346EF878C3E5FC3136AC53424AFF.d.92C8A8F11C0856AC1C35F299ABAEF269.e.16154","ELEMENT":"f.852D346EF878C3E5FC3136AC53424AFF.d.92C8A8F11C0856AC1C35F299ABAEF269.e.16154"}]}
COMMAND: POST /session/0fb4450c6422fe69939d6824736e2f6f/execute/sync - {"script":"<script> [5351 bytes]","args":[{"element-6066-11e4-a52e-4f735466cecf":"f.852D346EF878C3E5FC3136AC53424AFF.d.92C8A8F11C0856AC1C35F299ABAEF269.e.16154","ELEMENT":"f.852D346EF878C3E5FC3136AC53424AFF.d.92C8A8F11C0856AC1C35F299ABAEF269.e.16154"}]}
COMMAND: GET /session/0fb4450c6422fe69939d6824736e2f6f/screenshot - {}
RESULT: {"script":"<script> [5351 bytes]","args":[{"element-6066-11e4-a52e-4f735466cecf":"f.852D346EF878C3E5FC3136AC53424AFF.d.92C8A8F11C0856AC1C35F299ABAEF269.e.16154","ELEMENT":"f.852D346EF878C3E5FC3136AC53424AFF.d.92C8A8F11C0856AC1C35F299ABAEF269.e.16154"}]}
COMMAND: POST /session/0fb4450c6422fe69939d6824736e2f6f/element - {"using":"css selector","value":"#shell-header-logo"}
COMMAND: GET /session/0fb4450c6422fe69939d6824736e2f6f/screenshot - {}
RESULT: {}
RESULT: {"using":"css selector","value":"#shell-header-logo"}
COMMAND: POST /session/0fb4450c6422fe69939d6824736e2f6f/element/f.852D346EF878C3E5FC3136AC53424AFF.d.92C8A8F11C0856AC1C35F299ABAEF269.e.16154/click - {}
RESULT: {}
RESULT: {}
COMMAND: GET /session/0fb4450c6422fe69939d6824736e2f6f/screenshot - {}
RESULT: {}
COMMAND: POST /session/0fb4450c6422fe69939d6824736e2f6f/execute/async - {"script":"<script> [189 bytes]","args":[]}
RESULT: {"script":"<script> [189 bytes]","args":[]}
COMMAND: POST /session/0fb4450c6422fe69939d6824736e2f6f/execute/async - {"script":"<script> [123 bytes]","args":[]}
RESULT: {"script":"<script> [123 bytes]","args":[]}
COMMAND: POST /session/0fb4450c6422fe69939d6824736e2f6f/timeouts - {"script":"<number>"}
RESULT: {"script":"<number>"}
COMMAND: GET /session/0fb4450c6422fe69939d6824736e2f6f/timeouts - {}
RESULT: {}
RESULT: undefined
COMMAND: POST /session/0fb4450c6422fe69939d6824736e2f6f/execute/async - {"script":"<script> [2676 bytes]","args":[]}
RESULT: {"script":"<script> [2676 bytes]","args":[]}
COMMAND: POST /session/0fb4450c6422fe69939d6824736e2f6f/execute/async - {"script":"<script> [2342 bytes]","args":[{"protocol":"http","hostname":"0.0.0.0","path":"/","capabilities":{"browserName":"chrome","goog:chromeOptions":{"binary":"C:\\Program Files\\Google\\Chrome\\Application\\chrome.exe","args":["--start-maximized"]}},"logLevel":"warn","connectionRetryTimeout":120000,"connectionRetryCount":3,"logLevels":{},"enableDirectConnect":true,"strictSSL":true,"_":"65 more keys: [\"cacheDir\",\"port\",\"requestedCapabilities\",\"automationProtocol\",\"baseUrl\",\"waitforInterval\",\"waitforTimeout\",\"onReload\",\"beforeCommand\",\"afterCommand\",\"rootDir\",\"specs\",\"suites\",\"exclude\",\"groupLogsByTestSpec\",\"excludeDriverLogs\",\"bail\",\"framework\",\"reporters\",\"services\",\"maxInstances\",\"maxInstancesPerCapability\",\"injectGlobals\",\"filesToWatch\",\"execArgv\",\"runnerEnv\",\"runner\",\"shard\",\"specFileRetries\",\"specFileRetriesDelay\",\"specFileRetriesDeferred\",\"reporterSyncInterval\",\"reporterSyncTimeout\",\"cucumberFeaturesWithLineNumbers\",\"autoCompileOpts\",\"mochaOpts\",\"jasmineOpts\",\"cucumberOpts\",\"onPrepare\",\"onWorkerStart\",\"onWorkerEnd\",\"before\",\"beforeSession\",\"beforeSuite\",\"beforeHook\",\"beforeTest\",\"afterTest\",\"afterHook\",\"afterSuite\",\"afterSession\",\"after\",\"onComplete\",\"beforeAssertion\",\"afterAssertion\",\"beforeFeature\",\"beforeScenario\",\"beforeStep\",\"afterStep\",\"afterScenario\",\"afterFeature\",\"_\",\"suite\",\"$0\",\"ignoredWorkerServices\",\"wdi5\"]"}]}
RESULT: {"script":"<script> [2342 bytes]","args":[{"protocol":"http","hostname":"0.0.0.0","path":"/","capabilities":{"browserName":"chrome","goog:chromeOptions":{"binary":"C:\\Program Files\\Google\\Chrome\\Application\\chrome.exe","args":["--start-maximized"]}},"logLevel":"warn","connectionRetryTimeout":120000,"connectionRetryCount":3,"logLevels":{},"enableDirectConnect":true,"strictSSL":true,"_":"65 more keys: [\"cacheDir\",\"port\",\"requestedCapabilities\",\"automationProtocol\",\"baseUrl\",\"waitforInterval\",\"waitforTimeout\",\"onReload\",\"beforeCommand\",\"afterCommand\",\"rootDir\",\"specs\",\"suites\",\"exclude\",\"groupLogsByTestSpec\",\"excludeDriverLogs\",\"bail\",\"framework\",\"reporters\",\"services\",\"maxInstances\",\"maxInstancesPerCapability\",\"injectGlobals\",\"filesToWatch\",\"execArgv\",\"runnerEnv\",\"runner\",\"shard\",\"specFileRetries\",\"specFileRetriesDelay\",\"specFileRetriesDeferred\",\"reporterSyncInterval\",\"reporterSyncTimeout\",\"cucumberFeaturesWithLineNumbers\",\"autoCompileOpts\",\"mochaOpts\",\"jasmineOpts\",\"cucumberOpts\",\"onPrepare\",\"onWorkerStart\",\"onWorkerEnd\",\"before\",\"beforeSession\",\"beforeSuite\",\"beforeHook\",\"beforeTest\",\"afterTest\",\"afterHook\",\"afterSuite\",\"afterSession\",\"after\",\"onComplete\",\"beforeAssertion\",\"afterAssertion\",\"beforeFeature\",\"beforeScenario\",\"beforeStep\",\"afterStep\",\"afterScenario\",\"afterFeature\",\"_\",\"suite\",\"$0\",\"ignoredWorkerServices\",\"wdi5\"]"}]}
COMMAND: POST /session/0fb4450c6422fe69939d6824736e2f6f/execute/async - {"script":"<script> [21126 bytes]","args":[35000]}
RESULT: {"script":"<script> [21126 bytes]","args":[35000]}
COMMAND: POST /session/0fb4450c6422fe69939d6824736e2f6f/window/maximize - {}
RESULT: {}
COMMAND: POST /session/0fb4450c6422fe69939d6824736e2f6f/execute/async - {"script":"<script> [1562 bytes]","args":[{"selector":{"id":"shell-header","interaction":{"idSuffix":"icon"}},"wdio_ui5_key":"shellheader"}]}
COMMAND: GET /session/0fb4450c6422fe69939d6824736e2f6f/screenshot - {}
RESULT: {"script":"<script> [1562 bytes]","args":[{"selector":{"id":"shell-header","interaction":{"idSuffix":"icon"}},"wdio_ui5_key":"shellheader"}]}
RESULT: undefined
COMMAND: POST /session/0fb4450c6422fe69939d6824736e2f6f/window/fullscreen - {}
RESULT: {}
RESULT: {}
]]></system-out>
    </testcase>
  </testsuite>
  <testsuite timestamp="2025-05-18T17:00:27" time="135.708" tests="4" failures="0" errors="0" skipped="0">
    <properties>
      <property name="specId" value="0" />
      <property name="suiteName" value="Provide to Site w/o warehouse management w/o clarification US116612" />
      <property name="capabilities" value="chrome.136_0_7103_93.windows" />
      <property name="file" value="file:///D:/a/1/s/test/specs/HTR/provide-to-site-wo-warehouse-wo-clarification.spec.js" />
    </properties>
    <testcase classname="chrome.136_0_7103_93.windows.Provide_to_Site_w/o_warehouse_management_w/o_clarification_US116612" name="Should create a new yard" time="0.035">
      <system-out><![CDATA[
COMMAND: POST /session/0fb4450c6422fe69939d6824736e2f6f/window/fullscreen - {}
RESULT: {}
]]></system-out>
    </testcase>
    <testcase classname="chrome.136_0_7103_93.windows.Provide_to_Site_w/o_warehouse_management_w/o_clarification_US116612" name="Should create a new external partner" time="0.004" />
    <testcase classname="chrome.136_0_7103_93.windows.Provide_to_Site_w/o_warehouse_management_w/o_clarification_US116612" name="Should create a new site" time="0.004" />
    <testcase classname="chrome.136_0_7103_93.windows.Provide_to_Site_w/o_warehouse_management_w/o_clarification_US116612" name="Should create a new material" time="122.25">
      <system-out><![CDATA[
COMMAND: POST /session/0fb4450c6422fe69939d6824736e2f6f/execute/async - {"script":"<script> [1562 bytes]","args":[{"selector":{"controlType":"sap.m.GenericTile","properties":{"header":"Manage Resources"}},"wdio_ui5_key":"sapm.GenericTile{\"header\":\"Manage Resources\"}"}]}
RESULT: {"script":"<script> [1562 bytes]","args":[{"selector":{"controlType":"sap.m.GenericTile","properties":{"header":"Manage Resources"}},"wdio_ui5_key":"sapm.GenericTile{\"header\":\"Manage Resources\"}"}]}
RESULT: undefined
COMMAND: POST /session/0fb4450c6422fe69939d6824736e2f6f/element - {"using":"xpath","value":"//*[@id=\"__tile31\"]"}
RESULT: {"using":"xpath","value":"//*[@id=\"__tile31\"]"}
COMMAND: POST /session/0fb4450c6422fe69939d6824736e2f6f/element/f.852D346EF878C3E5FC3136AC53424AFF.d.92C8A8F11C0856AC1C35F299ABAEF269.e.16182/click - {}
RESULT: {}
COMMAND: GET /session/0fb4450c6422fe69939d6824736e2f6f/screenshot - {}
RESULT: {}
COMMAND: POST /session/0fb4450c6422fe69939d6824736e2f6f/elements - {"using":"xpath","value":"//span[text()='Error']"}
RESULT: {"using":"xpath","value":"//span[text()='Error']"}
COMMAND: POST /session/0fb4450c6422fe69939d6824736e2f6f/element - {"using":"xpath","value":"//button[@data-kt=\"addNewRUOverflowToolbarButton\"]"}
RESULT: {"using":"xpath","value":"//button[@data-kt=\"addNewRUOverflowToolbarButton\"]"}
COMMAND: POST /session/0fb4450c6422fe69939d6824736e2f6f/elements - {"using":"xpath","value":"//button[@data-kt=\"addNewRUOverflowToolbarButton\"]"}
RESULT: {"using":"xpath","value":"//button[@data-kt=\"addNewRUOverflowToolbarButton\"]"}
COMMAND: POST /session/0fb4450c6422fe69939d6824736e2f6f/execute/sync - {"script":"<script> [8489 bytes]","args":[{"element-6066-11e4-a52e-4f735466cecf":"f.852D346EF878C3E5FC3136AC53424AFF.d.92C8A8F11C0856AC1C35F299ABAEF269.e.16310","ELEMENT":"f.852D346EF878C3E5FC3136AC53424AFF.d.92C8A8F11C0856AC1C35F299ABAEF269.e.16310"}]}
RESULT: {"script":"<script> [8489 bytes]","args":[{"element-6066-11e4-a52e-4f735466cecf":"f.852D346EF878C3E5FC3136AC53424AFF.d.92C8A8F11C0856AC1C35F299ABAEF269.e.16310","ELEMENT":"f.852D346EF878C3E5FC3136AC53424AFF.d.92C8A8F11C0856AC1C35F299ABAEF269.e.16310"}]}
COMMAND: GET /session/0fb4450c6422fe69939d6824736e2f6f/element/f.852D346EF878C3E5FC3136AC53424AFF.d.92C8A8F11C0856AC1C35F299ABAEF269.e.16310/enabled - {}
COMMAND: GET /session/0fb4450c6422fe69939d6824736e2f6f/screenshot - {}
RESULT: {}
COMMAND: POST /session/0fb4450c6422fe69939d6824736e2f6f/execute/sync - {"script":"<script> [8489 bytes]","args":[{"element-6066-11e4-a52e-4f735466cecf":"f.852D346EF878C3E5FC3136AC53424AFF.d.92C8A8F11C0856AC1C35F299ABAEF269.e.16310","ELEMENT":"f.852D346EF878C3E5FC3136AC53424AFF.d.92C8A8F11C0856AC1C35F299ABAEF269.e.16310"}]}
COMMAND: GET /session/0fb4450c6422fe69939d6824736e2f6f/screenshot - {}
RESULT: {}
RESULT: {"script":"<script> [8489 bytes]","args":[{"element-6066-11e4-a52e-4f735466cecf":"f.852D346EF878C3E5FC3136AC53424AFF.d.92C8A8F11C0856AC1C35F299ABAEF269.e.16310","ELEMENT":"f.852D346EF878C3E5FC3136AC53424AFF.d.92C8A8F11C0856AC1C35F299ABAEF269.e.16310"}]}
COMMAND: POST /session/0fb4450c6422fe69939d6824736e2f6f/execute/sync - {"script":"<script> [5351 bytes]","args":[{"element-6066-11e4-a52e-4f735466cecf":"f.852D346EF878C3E5FC3136AC53424AFF.d.92C8A8F11C0856AC1C35F299ABAEF269.e.16310","ELEMENT":"f.852D346EF878C3E5FC3136AC53424AFF.d.92C8A8F11C0856AC1C35F299ABAEF269.e.16310"}]}
COMMAND: GET /session/0fb4450c6422fe69939d6824736e2f6f/screenshot - {}
RESULT: {}
RESULT: {"script":"<script> [5351 bytes]","args":[{"element-6066-11e4-a52e-4f735466cecf":"f.852D346EF878C3E5FC3136AC53424AFF.d.92C8A8F11C0856AC1C35F299ABAEF269.e.16310","ELEMENT":"f.852D346EF878C3E5FC3136AC53424AFF.d.92C8A8F11C0856AC1C35F299ABAEF269.e.16310"}]}
COMMAND: POST /session/0fb4450c6422fe69939d6824736e2f6f/element/f.852D346EF878C3E5FC3136AC53424AFF.d.92C8A8F11C0856AC1C35F299ABAEF269.e.16310/click - {}
COMMAND: GET /session/0fb4450c6422fe69939d6824736e2f6f/screenshot - {}
RESULT: {}
RESULT: {}
COMMAND: GET /session/0fb4450c6422fe69939d6824736e2f6f/screenshot - {}
RESULT: {}
RESULT: {}
COMMAND: POST /session/0fb4450c6422fe69939d6824736e2f6f/execute/async - {"script":"<script> [1562 bytes]","args":[{"selector":{"id":"application-manageresources-display-component---newResourceUnit--TYPE-arrow"},"wdio_ui5_key":"applicationmanageresources-display-component---newResourceUnit--TYPE-arrow"}]}
RESULT: {"script":"<script> [1562 bytes]","args":[{"selector":{"id":"application-manageresources-display-component---newResourceUnit--TYPE-arrow"},"wdio_ui5_key":"applicationmanageresources-display-component---newResourceUnit--TYPE-arrow"}]}
RESULT: undefined
COMMAND: POST /session/0fb4450c6422fe69939d6824736e2f6f/element - {"using":"xpath","value":"//*[@id=\"application-manageresources-display-component---newResourceUnit--TYPE-arrow\"]"}
RESULT: {"using":"xpath","value":"//*[@id=\"application-manageresources-display-component---newResourceUnit--TYPE-arrow\"]"}
COMMAND: POST /session/0fb4450c6422fe69939d6824736e2f6f/element/f.852D346EF878C3E5FC3136AC53424AFF.d.92C8A8F11C0856AC1C35F299ABAEF269.e.16675/click - {}
RESULT: {}
COMMAND: POST /session/0fb4450c6422fe69939d6824736e2f6f/element - {"using":"xpath","value":"//input[@id=\"application-manageresources-display-component---newResourceUnit--TYPE-inner\"]"}
COMMAND: GET /session/0fb4450c6422fe69939d6824736e2f6f/screenshot - {}
RESULT: {"using":"xpath","value":"//input[@id=\"application-manageresources-display-component---newResourceUnit--TYPE-inner\"]"}
COMMAND: POST /session/0fb4450c6422fe69939d6824736e2f6f/element/f.852D346EF878C3E5FC3136AC53424AFF.d.92C8A8F11C0856AC1C35F299ABAEF269.e.16659/clear - {}
RESULT: {}
RESULT: {}
COMMAND: POST /session/0fb4450c6422fe69939d6824736e2f6f/element/f.852D346EF878C3E5FC3136AC53424AFF.d.92C8A8F11C0856AC1C35F299ABAEF269.e.16659/value - {"text":"Material"}
COMMAND: GET /session/0fb4450c6422fe69939d6824736e2f6f/screenshot - {}
RESULT: {"text":"Material"}
COMMAND: GET /session/0fb4450c6422fe69939d6824736e2f6f/screenshot - {}
RESULT: {}
RESULT: {}
COMMAND: POST /session/0fb4450c6422fe69939d6824736e2f6f/actions - {"actions":[{"id":"action53","type":"key","parameters":{},"actions":[{"type":"keyDown","value":"î€‡"},{"type":"pause","duration":10},{"type":"keyUp","value":"î€‡"}]}]}
RESULT: {"actions":[{"id":"action53","type":"key","parameters":{},"actions":[{"type":"keyDown","value":"î€‡"},{"type":"pause","duration":10},{"type":"keyUp","value":"î€‡"}]}]}
COMMAND: POST /session/0fb4450c6422fe69939d6824736e2f6f/execute/async - {"script":"<script> [1562 bytes]","args":[{"selector":{"id":"application-manageresources-display-component---newResourceUnit--SHORT_TEXT","interaction":{"idSuffix":"inner"}},"wdio_ui5_key":"applicationmanageresources-display-component---newResourceUnit--SHORT_TEXT"}]}
COMMAND: GET /session/0fb4450c6422fe69939d6824736e2f6f/screenshot - {}
RESULT: {"script":"<script> [1562 bytes]","args":[{"selector":{"id":"application-manageresources-display-component---newResourceUnit--SHORT_TEXT","interaction":{"idSuffix":"inner"}},"wdio_ui5_key":"applicationmanageresources-display-component---newResourceUnit--SHORT_TEXT"}]}
RESULT: undefined
COMMAND: POST /session/0fb4450c6422fe69939d6824736e2f6f/execute/async - {"script":"<script> [776 bytes]","args":[{"enterText":"Cement WDIO","selector":{"id":"application-manageresources-display-component---newResourceUnit--SHORT_TEXT","interaction":{"idSuffix":"inner"}},"clearTextFirst":true,"interactionType":"ENTER_TEXT"}]}
RESULT: {}
RESULT: {"script":"<script> [776 bytes]","args":[{"enterText":"Cement WDIO","selector":{"id":"application-manageresources-display-component---newResourceUnit--SHORT_TEXT","interaction":{"idSuffix":"inner"}},"clearTextFirst":true,"interactionType":"ENTER_TEXT"}]}
COMMAND: POST /session/0fb4450c6422fe69939d6824736e2f6f/execute/async - {"script":"<script> [1562 bytes]","args":[{"selector":{"id":"application-manageresources-display-component---newResourceUnit--BASE_UNIT_OF_MEASURE","interaction":{"idSuffix":"inner"}},"wdio_ui5_key":"applicationmanageresources-display-component---newResourceUnit--BASE_UNIT_OF_MEASURE"}]}
RESULT: {"script":"<script> [1562 bytes]","args":[{"selector":{"id":"application-manageresources-display-component---newResourceUnit--BASE_UNIT_OF_MEASURE","interaction":{"idSuffix":"inner"}},"wdio_ui5_key":"applicationmanageresources-display-component---newResourceUnit--BASE_UNIT_OF_MEASURE"}]}
RESULT: undefined
COMMAND: POST /session/0fb4450c6422fe69939d6824736e2f6f/execute/async - {"script":"<script> [776 bytes]","args":[{"enterText":"Piece","selector":{"id":"application-manageresources-display-component---newResourceUnit--BASE_UNIT_OF_MEASURE","interaction":{"idSuffix":"inner"}},"clearTextFirst":true,"interactionType":"ENTER_TEXT"}]}
RESULT: {"script":"<script> [776 bytes]","args":[{"enterText":"Piece","selector":{"id":"application-manageresources-display-component---newResourceUnit--BASE_UNIT_OF_MEASURE","interaction":{"idSuffix":"inner"}},"clearTextFirst":true,"interactionType":"ENTER_TEXT"}]}
COMMAND: POST /session/0fb4450c6422fe69939d6824736e2f6f/execute/async - {"script":"<script> [1562 bytes]","args":[{"selector":{"id":"application-manageresources-display-component---newResourceUnit--WEIGHT_UNIT","interaction":{"idSuffix":"inner"}},"wdio_ui5_key":"applicationmanageresources-display-component---newResourceUnit--WEIGHT_UNIT"}]}
RESULT: {"script":"<script> [1562 bytes]","args":[{"selector":{"id":"application-manageresources-display-component---newResourceUnit--WEIGHT_UNIT","interaction":{"idSuffix":"inner"}},"wdio_ui5_key":"applicationmanageresources-display-component---newResourceUnit--WEIGHT_UNIT"}]}
RESULT: undefined
COMMAND: POST /session/0fb4450c6422fe69939d6824736e2f6f/execute/async - {"script":"<script> [776 bytes]","args":[{"enterText":"Gram","selector":{"id":"application-manageresources-display-component---newResourceUnit--WEIGHT_UNIT","interaction":{"idSuffix":"inner"}},"clearTextFirst":true,"interactionType":"ENTER_TEXT"}]}
RESULT: {"script":"<script> [776 bytes]","args":[{"enterText":"Gram","selector":{"id":"application-manageresources-display-component---newResourceUnit--WEIGHT_UNIT","interaction":{"idSuffix":"inner"}},"clearTextFirst":true,"interactionType":"ENTER_TEXT"}]}
COMMAND: POST /session/0fb4450c6422fe69939d6824736e2f6f/execute/async - {"script":"<script> [1562 bytes]","args":[{"selector":{"id":"application-manageresources-display-component---newResourceUnit--DIMENSION_UNIT","interaction":{"idSuffix":"inner"}},"wdio_ui5_key":"applicationmanageresources-display-component---newResourceUnit--DIMENSION_UNIT"}]}
RESULT: {"script":"<script> [1562 bytes]","args":[{"selector":{"id":"application-manageresources-display-component---newResourceUnit--DIMENSION_UNIT","interaction":{"idSuffix":"inner"}},"wdio_ui5_key":"applicationmanageresources-display-component---newResourceUnit--DIMENSION_UNIT"}]}
RESULT: undefined
COMMAND: POST /session/0fb4450c6422fe69939d6824736e2f6f/execute/async - {"script":"<script> [776 bytes]","args":[{"enterText":"Meter","selector":{"id":"application-manageresources-display-component---newResourceUnit--DIMENSION_UNIT","interaction":{"idSuffix":"inner"}},"clearTextFirst":true,"interactionType":"ENTER_TEXT"}]}
RESULT: {"script":"<script> [776 bytes]","args":[{"enterText":"Meter","selector":{"id":"application-manageresources-display-component---newResourceUnit--DIMENSION_UNIT","interaction":{"idSuffix":"inner"}},"clearTextFirst":true,"interactionType":"ENTER_TEXT"}]}
COMMAND: POST /session/0fb4450c6422fe69939d6824736e2f6f/execute/async - {"script":"<script> [1562 bytes]","args":[{"selector":{"id":"application-manageresources-display-component---newResourceUnit--newRRUPage-anchBar-application-manageresources-display-component---newResourceUnit--control-anchor","interaction":{"idSuffix":"BDI-content"}},"wdio_ui5_key":"applicationmanageresources-display-component---newResourceUnit--newRRUPage-anchBar-application-manageresources-display-component---newResourceUnit--control-anchor"}]}
RESULT: {"script":"<script> [1562 bytes]","args":[{"selector":{"id":"application-manageresources-display-component---newResourceUnit--newRRUPage-anchBar-application-manageresources-display-component---newResourceUnit--control-anchor","interaction":{"idSuffix":"BDI-content"}},"wdio_ui5_key":"applicationmanageresources-display-component---newResourceUnit--newRRUPage-anchBar-application-manageresources-display-component---newResourceUnit--control-anchor"}]}
RESULT: undefined
COMMAND: POST /session/0fb4450c6422fe69939d6824736e2f6f/element - {"using":"xpath","value":"//*[@id=\"application-manageresources-display-component---newResourceUnit--newRRUPage-anchBar-application-manageresources-display-component---newResourceUnit--control-anchor\"]"}
RESULT: {"using":"xpath","value":"//*[@id=\"application-manageresources-display-component---newResourceUnit--newRRUPage-anchBar-application-manageresources-display-component---newResourceUnit--control-anchor\"]"}
COMMAND: POST /session/0fb4450c6422fe69939d6824736e2f6f/element/f.852D346EF878C3E5FC3136AC53424AFF.d.92C8A8F11C0856AC1C35F299ABAEF269.e.16741/click - {}
RESULT: {}
COMMAND: POST /session/0fb4450c6422fe69939d6824736e2f6f/execute/async - {"script":"<script> [1562 bytes]","args":[{"selector":{"id":"application-manageresources-display-component---newResourceUnit--PLANNING_GROUP","interaction":{"idSuffix":"inner"}},"wdio_ui5_key":"applicationmanageresources-display-component---newResourceUnit--PLANNING_GROUP"}]}
COMMAND: GET /session/0fb4450c6422fe69939d6824736e2f6f/screenshot - {}
RESULT: {"script":"<script> [1562 bytes]","args":[{"selector":{"id":"application-manageresources-display-component---newResourceUnit--PLANNING_GROUP","interaction":{"idSuffix":"inner"}},"wdio_ui5_key":"applicationmanageresources-display-component---newResourceUnit--PLANNING_GROUP"}]}
RESULT: undefined
COMMAND: POST /session/0fb4450c6422fe69939d6824736e2f6f/execute/async - {"script":"<script> [776 bytes]","args":[{"enterText":"Material","selector":{"id":"application-manageresources-display-component---newResourceUnit--PLANNING_GROUP","interaction":{"idSuffix":"inner"}},"clearTextFirst":true,"interactionType":"ENTER_TEXT"}]}
RESULT: {}
RESULT: {"script":"<script> [776 bytes]","args":[{"enterText":"Material","selector":{"id":"application-manageresources-display-component---newResourceUnit--PLANNING_GROUP","interaction":{"idSuffix":"inner"}},"clearTextFirst":true,"interactionType":"ENTER_TEXT"}]}
COMMAND: POST /session/0fb4450c6422fe69939d6824736e2f6f/execute/async - {"script":"<script> [1562 bytes]","args":[{"selector":{"id":"application-manageresources-display-component---newResourceUnit--PLANNING_INDICATOR","interaction":{"idSuffix":"inner"}},"wdio_ui5_key":"applicationmanageresources-display-component---newResourceUnit--PLANNING_INDICATOR"}]}
RESULT: {"script":"<script> [1562 bytes]","args":[{"selector":{"id":"application-manageresources-display-component---newResourceUnit--PLANNING_INDICATOR","interaction":{"idSuffix":"inner"}},"wdio_ui5_key":"applicationmanageresources-display-component---newResourceUnit--PLANNING_INDICATOR"}]}
RESULT: undefined
COMMAND: POST /session/0fb4450c6422fe69939d6824736e2f6f/execute/async - {"script":"<script> [776 bytes]","args":[{"enterText":"10 - infinite","selector":{"id":"application-manageresources-display-component---newResourceUnit--PLANNING_INDICATOR","interaction":{"idSuffix":"inner"}},"clearTextFirst":true,"interactionType":"ENTER_TEXT"}]}
RESULT: {"script":"<script> [776 bytes]","args":[{"enterText":"10 - infinite","selector":{"id":"application-manageresources-display-component---newResourceUnit--PLANNING_INDICATOR","interaction":{"idSuffix":"inner"}},"clearTextFirst":true,"interactionType":"ENTER_TEXT"}]}
COMMAND: POST /session/0fb4450c6422fe69939d6824736e2f6f/element - {"using":"css selector","value":"#application-manageresources-display-component---newResourceUnit--btnAddTimeSegment"}
RESULT: {"using":"css selector","value":"#application-manageresources-display-component---newResourceUnit--btnAddTimeSegment"}
COMMAND: GET /session/0fb4450c6422fe69939d6824736e2f6f/element/f.852D346EF878C3E5FC3136AC53424AFF.d.92C8A8F11C0856AC1C35F299ABAEF269.e.16751/rect - {}
RESULT: {}
COMMAND: GET /session/0fb4450c6422fe69939d6824736e2f6f/window/rect - {}
RESULT: {}
COMMAND: POST /session/0fb4450c6422fe69939d6824736e2f6f/execute/sync - {"script":"<script> [92 bytes]","args":[]}
RESULT: {"script":"<script> [92 bytes]","args":[]}
COMMAND: POST /session/0fb4450c6422fe69939d6824736e2f6f/actions - {"actions":[{"id":"action54","type":"wheel","parameters":{},"actions":[{"type":"scroll","x":-1888,"y":-32,"deltaX":0,"deltaY":0,"duration":0,"origin":{"element-6066-11e4-a52e-4f735466cecf":"f.852D346EF878C3E5FC3136AC53424AFF.d.92C8A8F11C0856AC1C35F299ABAEF269.e.16751"}}]}]}
COMMAND: GET /session/0fb4450c6422fe69939d6824736e2f6f/screenshot - {}
RESULT: {}
COMMAND: POST /session/0fb4450c6422fe69939d6824736e2f6f/execute/sync - {"script":"<script> [79 bytes]","args":[{"element-6066-11e4-a52e-4f735466cecf":"f.852D346EF878C3E5FC3136AC53424AFF.d.92C8A8F11C0856AC1C35F299ABAEF269.e.16751","ELEMENT":"f.852D346EF878C3E5FC3136AC53424AFF.d.92C8A8F11C0856AC1C35F299ABAEF269.e.16751"},{"block":"start","inline":"nearest"}]}
RESULT: {"script":"<script> [79 bytes]","args":[{"element-6066-11e4-a52e-4f735466cecf":"f.852D346EF878C3E5FC3136AC53424AFF.d.92C8A8F11C0856AC1C35F299ABAEF269.e.16751","ELEMENT":"f.852D346EF878C3E5FC3136AC53424AFF.d.92C8A8F11C0856AC1C35F299ABAEF269.e.16751"},{"block":"start","inline":"nearest"}]}
COMMAND: POST /session/0fb4450c6422fe69939d6824736e2f6f/execute/async - {"script":"<script> [1562 bytes]","args":[{"selector":{"id":"application-manageresources-display-component---newResourceUnit--btnAddTimeSegment","interaction":{"idSuffix":"inner"}},"wdio_ui5_key":"applicationmanageresources-display-component---newResourceUnit--btnAddTimeSegment"}]}
COMMAND: GET /session/0fb4450c6422fe69939d6824736e2f6f/screenshot - {}
RESULT: {"script":"<script> [1562 bytes]","args":[{"selector":{"id":"application-manageresources-display-component---newResourceUnit--btnAddTimeSegment","interaction":{"idSuffix":"inner"}},"wdio_ui5_key":"applicationmanageresources-display-component---newResourceUnit--btnAddTimeSegment"}]}
RESULT: undefined
COMMAND: POST /session/0fb4450c6422fe69939d6824736e2f6f/element - {"using":"xpath","value":"//*[@id=\"application-manageresources-display-component---newResourceUnit--btnAddTimeSegment\"]"}
RESULT: {}
RESULT: {"using":"xpath","value":"//*[@id=\"application-manageresources-display-component---newResourceUnit--btnAddTimeSegment\"]"}
COMMAND: POST /session/0fb4450c6422fe69939d6824736e2f6f/element/f.852D346EF878C3E5FC3136AC53424AFF.d.92C8A8F11C0856AC1C35F299ABAEF269.e.16751/click - {}
RESULT: {}
COMMAND: GET /session/0fb4450c6422fe69939d6824736e2f6f/screenshot - {}
RESULT: {}
COMMAND: POST /session/0fb4450c6422fe69939d6824736e2f6f/element - {"using":"xpath","value":"//input[@id=\"application-manageresources-display-component---newResourceUnit--idRuTSAdmin-application-manageresources-display-component---newResourceUnit--RUTimeSegment-0-inner\"]"}
RESULT: {"using":"xpath","value":"//input[@id=\"application-manageresources-display-component---newResourceUnit--idRuTSAdmin-application-manageresources-display-component---newResourceUnit--RUTimeSegment-0-inner\"]"}
COMMAND: POST /session/0fb4450c6422fe69939d6824736e2f6f/element/f.852D346EF878C3E5FC3136AC53424AFF.d.92C8A8F11C0856AC1C35F299ABAEF269.e.16756/clear - {}
RESULT: {}
COMMAND: POST /session/0fb4450c6422fe69939d6824736e2f6f/element/f.852D346EF878C3E5FC3136AC53424AFF.d.92C8A8F11C0856AC1C35F299ABAEF269.e.16756/value - {"text":"525"}
COMMAND: GET /session/0fb4450c6422fe69939d6824736e2f6f/screenshot - {}
RESULT: {"text":"525"}
COMMAND: GET /session/0fb4450c6422fe69939d6824736e2f6f/screenshot - {}
RESULT: {}
RESULT: {}
COMMAND: POST /session/0fb4450c6422fe69939d6824736e2f6f/element - {"using":"xpath","value":"//li[.//span[text()='525']]"}
RESULT: {"using":"xpath","value":"//li[.//span[text()='525']]"}
COMMAND: POST /session/0fb4450c6422fe69939d6824736e2f6f/element/f.852D346EF878C3E5FC3136AC53424AFF.d.92C8A8F11C0856AC1C35F299ABAEF269.e.16765/click - {}
RESULT: {}
COMMAND: GET /session/0fb4450c6422fe69939d6824736e2f6f/screenshot - {}
RESULT: {}
COMMAND: POST /session/0fb4450c6422fe69939d6824736e2f6f/element - {"using":"xpath","value":"(//span[contains(@id, \"-application-manageresources-display-component---newResourceUnit--RUTimeSegment-0-arrow\")])[2]"}
RESULT: {"using":"xpath","value":"(//span[contains(@id, \"-application-manageresources-display-component---newResourceUnit--RUTimeSegment-0-arrow\")])[2]"}
COMMAND: POST /session/0fb4450c6422fe69939d6824736e2f6f/element/f.852D346EF878C3E5FC3136AC53424AFF.d.92C8A8F11C0856AC1C35F299ABAEF269.e.16766/click - {}
RESULT: {}
COMMAND: POST /session/0fb4450c6422fe69939d6824736e2f6f/element - {"using":"xpath","value":"//span[contains(text(), \"PM Order\")]"}
COMMAND: GET /session/0fb4450c6422fe69939d6824736e2f6f/screenshot - {}
RESULT: {"using":"xpath","value":"//span[contains(text(), \"PM Order\")]"}
COMMAND: POST /session/0fb4450c6422fe69939d6824736e2f6f/element/f.852D346EF878C3E5FC3136AC53424AFF.d.92C8A8F11C0856AC1C35F299ABAEF269.e.16767/click - {}
RESULT: {}
RESULT: {}
COMMAND: GET /session/0fb4450c6422fe69939d6824736e2f6f/screenshot - {}
RESULT: {}
COMMAND: POST /session/0fb4450c6422fe69939d6824736e2f6f/element - {"using":"xpath","value":"//td/div/div/div/span[contains(@id, \"newResourceUnit--RUTimeSegment-0-vhi\")][1]"}
RESULT: {"using":"xpath","value":"//td/div/div/div/span[contains(@id, \"newResourceUnit--RUTimeSegment-0-vhi\")][1]"}
COMMAND: GET /session/0fb4450c6422fe69939d6824736e2f6f/element/f.852D346EF878C3E5FC3136AC53424AFF.d.92C8A8F11C0856AC1C35F299ABAEF269.e.16771/rect - {}
RESULT: {}
COMMAND: GET /session/0fb4450c6422fe69939d6824736e2f6f/window/rect - {}
RESULT: {}
COMMAND: POST /session/0fb4450c6422fe69939d6824736e2f6f/execute/sync - {"script":"<script> [92 bytes]","args":[]}
RESULT: {"script":"<script> [92 bytes]","args":[]}
COMMAND: POST /session/0fb4450c6422fe69939d6824736e2f6f/actions - {"actions":[{"id":"action55","type":"wheel","parameters":{},"actions":[{"type":"scroll","x":-1888,"y":-24,"deltaX":0,"deltaY":0,"duration":0,"origin":{"element-6066-11e4-a52e-4f735466cecf":"f.852D346EF878C3E5FC3136AC53424AFF.d.92C8A8F11C0856AC1C35F299ABAEF269.e.16771"}}]}]}
COMMAND: GET /session/0fb4450c6422fe69939d6824736e2f6f/screenshot - {}
RESULT: {}
COMMAND: POST /session/0fb4450c6422fe69939d6824736e2f6f/execute/sync - {"script":"<script> [79 bytes]","args":[{"element-6066-11e4-a52e-4f735466cecf":"f.852D346EF878C3E5FC3136AC53424AFF.d.92C8A8F11C0856AC1C35F299ABAEF269.e.16771","ELEMENT":"f.852D346EF878C3E5FC3136AC53424AFF.d.92C8A8F11C0856AC1C35F299ABAEF269.e.16771"},{"block":"start","inline":"nearest"}]}
RESULT: {"script":"<script> [79 bytes]","args":[{"element-6066-11e4-a52e-4f735466cecf":"f.852D346EF878C3E5FC3136AC53424AFF.d.92C8A8F11C0856AC1C35F299ABAEF269.e.16771","ELEMENT":"f.852D346EF878C3E5FC3136AC53424AFF.d.92C8A8F11C0856AC1C35F299ABAEF269.e.16771"},{"block":"start","inline":"nearest"}]}
COMMAND: GET /session/0fb4450c6422fe69939d6824736e2f6f/screenshot - {}
RESULT: {}
COMMAND: POST /session/0fb4450c6422fe69939d6824736e2f6f/element/f.852D346EF878C3E5FC3136AC53424AFF.d.92C8A8F11C0856AC1C35F299ABAEF269.e.16771/click - {}
RESULT: {}
COMMAND: GET /session/0fb4450c6422fe69939d6824736e2f6f/screenshot - {}
RESULT: {}
COMMAND: POST /session/0fb4450c6422fe69939d6824736e2f6f/execute/async - {"script":"<script> [1562 bytes]","args":[{"selector":{"controlType":"sap.m.SearchField","properties":{"placeholder":"Search"},"searchOpenDialogs":true,"interaction":{"idSuffix":"I"}},"wdio_ui5_key":"sapm.SearchField{\"placeholder\":\"Search\"}"}]}
RESULT: {"script":"<script> [1562 bytes]","args":[{"selector":{"controlType":"sap.m.SearchField","properties":{"placeholder":"Search"},"searchOpenDialogs":true,"interaction":{"idSuffix":"I"}},"wdio_ui5_key":"sapm.SearchField{\"placeholder\":\"Search\"}"}]}
RESULT: undefined
COMMAND: POST /session/0fb4450c6422fe69939d6824736e2f6f/execute/async - {"script":"<script> [776 bytes]","args":[{"enterText":"4000360","selector":{"controlType":"sap.m.SearchField","properties":{"placeholder":"Search"},"searchOpenDialogs":true,"interaction":{"idSuffix":"I"}},"clearTextFirst":true,"interactionType":"ENTER_TEXT"}]}
RESULT: {"script":"<script> [776 bytes]","args":[{"enterText":"4000360","selector":{"controlType":"sap.m.SearchField","properties":{"placeholder":"Search"},"searchOpenDialogs":true,"interaction":{"idSuffix":"I"}},"clearTextFirst":true,"interactionType":"ENTER_TEXT"}]}
COMMAND: POST /session/0fb4450c6422fe69939d6824736e2f6f/actions - {"actions":[{"id":"action56","type":"key","parameters":{},"actions":[{"type":"keyDown","value":"î€‡"},{"type":"pause","duration":10},{"type":"keyUp","value":"î€‡"}]}]}
RESULT: {"actions":[{"id":"action56","type":"key","parameters":{},"actions":[{"type":"keyDown","value":"î€‡"},{"type":"pause","duration":10},{"type":"keyUp","value":"î€‡"}]}]}
COMMAND: GET /session/0fb4450c6422fe69939d6824736e2f6f/screenshot - {}
RESULT: {}
COMMAND: POST /session/0fb4450c6422fe69939d6824736e2f6f/element - {"using":"xpath","value":"//td/div/span[contains(text(), \"BGL Vehicles\")]"}
RESULT: {"using":"xpath","value":"//td/div/span[contains(text(), \"BGL Vehicles\")]"}
COMMAND: POST /session/0fb4450c6422fe69939d6824736e2f6f/element/f.852D346EF878C3E5FC3136AC53424AFF.d.92C8A8F11C0856AC1C35F299ABAEF269.e.16793/click - {}
RESULT: {}
COMMAND: GET /session/0fb4450c6422fe69939d6824736e2f6f/screenshot - {}
RESULT: {}
COMMAND: POST /session/0fb4450c6422fe69939d6824736e2f6f/element - {"using":"xpath","value":"//bdi[contains(text(), \"OK\")]"}
RESULT: {"using":"xpath","value":"//bdi[contains(text(), \"OK\")]"}
COMMAND: POST /session/0fb4450c6422fe69939d6824736e2f6f/element/f.852D346EF878C3E5FC3136AC53424AFF.d.92C8A8F11C0856AC1C35F299ABAEF269.e.16794/click - {}
RESULT: {}
COMMAND: GET /session/0fb4450c6422fe69939d6824736e2f6f/screenshot - {}
RESULT: {}
COMMAND: POST /session/0fb4450c6422fe69939d6824736e2f6f/element - {"using":"xpath","value":"//label[contains(@class, 'sapMLabelRequired') and .//bdi[contains(text(), 'Planned Retirement')]]"}
RESULT: {"using":"xpath","value":"//label[contains(@class, 'sapMLabelRequired') and .//bdi[contains(text(), 'Planned Retirement')]]"}
COMMAND: POST /session/0fb4450c6422fe69939d6824736e2f6f/elements - {"using":"xpath","value":"//label[contains(@class, 'sapMLabelRequired') and .//bdi[contains(text(), 'Planned Retirement')]]"}
RESULT: {"using":"xpath","value":"//label[contains(@class, 'sapMLabelRequired') and .//bdi[contains(text(), 'Planned Retirement')]]"}
COMMAND: POST /session/0fb4450c6422fe69939d6824736e2f6f/element - {"using":"xpath","value":"//button[@data-kt=\"resourceUnitSaveButton\"]"}
RESULT: {"using":"xpath","value":"//button[@data-kt=\"resourceUnitSaveButton\"]"}
COMMAND: POST /session/0fb4450c6422fe69939d6824736e2f6f/element/f.852D346EF878C3E5FC3136AC53424AFF.d.92C8A8F11C0856AC1C35F299ABAEF269.e.16693/click - {}
RESULT: {}
COMMAND: GET /session/0fb4450c6422fe69939d6824736e2f6f/screenshot - {}
RESULT: {}
COMMAND: POST /session/0fb4450c6422fe69939d6824736e2f6f/element - {"using":"xpath","value":"//bdi[contains(text(), \"Close\")]"}
RESULT: {"using":"xpath","value":"//bdi[contains(text(), \"Close\")]"}
COMMAND: POST /session/0fb4450c6422fe69939d6824736e2f6f/element/f.852D346EF878C3E5FC3136AC53424AFF.d.92C8A8F11C0856AC1C35F299ABAEF269.e.16800/click - {}
RESULT: {}
COMMAND: GET /session/0fb4450c6422fe69939d6824736e2f6f/screenshot - {}
RESULT: {}
COMMAND: POST /session/0fb4450c6422fe69939d6824736e2f6f/element - {"using":"xpath","value":"//header[contains(@id, 'detailRruPage-headerTitle')]/div[1]/div[2]/div[2]/span[1]"}
RESULT: {"using":"xpath","value":"//header[contains(@id, 'detailRruPage-headerTitle')]/div[1]/div[2]/div[2]/span[1]"}
COMMAND: POST /session/0fb4450c6422fe69939d6824736e2f6f/elements - {"using":"xpath","value":"//header[contains(@id, 'detailRruPage-headerTitle')]/div[1]/div[2]/div[2]/span[1]"}
RESULT: {"using":"xpath","value":"//header[contains(@id, 'detailRruPage-headerTitle')]/div[1]/div[2]/div[2]/span[1]"}
COMMAND: POST /session/0fb4450c6422fe69939d6824736e2f6f/execute/sync - {"script":"<script> [56 bytes]","args":[{"element-6066-11e4-a52e-4f735466cecf":"f.852D346EF878C3E5FC3136AC53424AFF.d.92C8A8F11C0856AC1C35F299ABAEF269.e.16828","ELEMENT":"f.852D346EF878C3E5FC3136AC53424AFF.d.92C8A8F11C0856AC1C35F299ABAEF269.e.16828"}]}
RESULT: {"script":"<script> [56 bytes]","args":[{"element-6066-11e4-a52e-4f735466cecf":"f.852D346EF878C3E5FC3136AC53424AFF.d.92C8A8F11C0856AC1C35F299ABAEF269.e.16828","ELEMENT":"f.852D346EF878C3E5FC3136AC53424AFF.d.92C8A8F11C0856AC1C35F299ABAEF269.e.16828"}]}
COMMAND: POST /session/0fb4450c6422fe69939d6824736e2f6f/element - {"using":"css selector","value":"#shell-header-logo"}
COMMAND: GET /session/0fb4450c6422fe69939d6824736e2f6f/screenshot - {}
RESULT: {"using":"css selector","value":"#shell-header-logo"}
COMMAND: POST /session/0fb4450c6422fe69939d6824736e2f6f/element/f.852D346EF878C3E5FC3136AC53424AFF.d.92C8A8F11C0856AC1C35F299ABAEF269.e.16154/click - {}
RESULT: {}
RESULT: {}
COMMAND: GET /session/0fb4450c6422fe69939d6824736e2f6f/screenshot - {}
RESULT: {}
]]></system-out>
    </testcase>
  </testsuite>
  <testsuite timestamp="2025-05-18T17:02:43" time="348.916" tests="6" failures="0" errors="0" skipped="0">
    <properties>
      <property name="specId" value="0" />
      <property name="suiteName" value="Provide to Site w/o warehouse management w/o clarification" />
      <property name="capabilities" value="chrome.136_0_7103_93.windows" />
      <property name="file" value="file:///D:/a/1/s/test/specs/HTR/provide-to-site-wo-warehouse-wo-clarification.spec.js" />
    </properties>
    <testcase classname="chrome.136_0_7103_93.windows.Provide_to_Site_w/o_warehouse_management_w/o_clarification" name="Should do a stock increase handover" time="82.49">
      <system-out><![CDATA[
COMMAND: POST /session/0fb4450c6422fe69939d6824736e2f6f/execute/async - {"script":"<script> [1562 bytes]","args":[{"selector":{"controlType":"sap.m.GenericTile","properties":{"header":"Manage Handovers"}},"wdio_ui5_key":"sapm.GenericTile{\"header\":\"Manage Handovers\"}"}]}
RESULT: {"script":"<script> [1562 bytes]","args":[{"selector":{"controlType":"sap.m.GenericTile","properties":{"header":"Manage Handovers"}},"wdio_ui5_key":"sapm.GenericTile{\"header\":\"Manage Handovers\"}"}]}
RESULT: undefined
COMMAND: POST /session/0fb4450c6422fe69939d6824736e2f6f/element - {"using":"xpath","value":"//*[@id=\"__tile133\"]"}
RESULT: {"using":"xpath","value":"//*[@id=\"__tile133\"]"}
COMMAND: POST /session/0fb4450c6422fe69939d6824736e2f6f/element/f.852D346EF878C3E5FC3136AC53424AFF.d.92C8A8F11C0856AC1C35F299ABAEF269.e.16209/click - {}
RESULT: {}
COMMAND: GET /session/0fb4450c6422fe69939d6824736e2f6f/screenshot - {}
RESULT: {}
COMMAND: POST /session/0fb4450c6422fe69939d6824736e2f6f/elements - {"using":"xpath","value":"//span[text()='Error']"}
RESULT: {"using":"xpath","value":"//span[text()='Error']"}
COMMAND: POST /session/0fb4450c6422fe69939d6824736e2f6f/element - {"using":"xpath","value":"//button[@data-kt=\"masterHOAddButton\"]"}
RESULT: {"using":"xpath","value":"//button[@data-kt=\"masterHOAddButton\"]"}
COMMAND: POST /session/0fb4450c6422fe69939d6824736e2f6f/elements - {"using":"xpath","value":"//button[@data-kt=\"masterHOAddButton\"]"}
RESULT: {"using":"xpath","value":"//button[@data-kt=\"masterHOAddButton\"]"}
COMMAND: POST /session/0fb4450c6422fe69939d6824736e2f6f/execute/sync - {"script":"<script> [8489 bytes]","args":[{"element-6066-11e4-a52e-4f735466cecf":"f.852D346EF878C3E5FC3136AC53424AFF.d.92C8A8F11C0856AC1C35F299ABAEF269.e.16873","ELEMENT":"f.852D346EF878C3E5FC3136AC53424AFF.d.92C8A8F11C0856AC1C35F299ABAEF269.e.16873"}]}
RESULT: {"script":"<script> [8489 bytes]","args":[{"element-6066-11e4-a52e-4f735466cecf":"f.852D346EF878C3E5FC3136AC53424AFF.d.92C8A8F11C0856AC1C35F299ABAEF269.e.16873","ELEMENT":"f.852D346EF878C3E5FC3136AC53424AFF.d.92C8A8F11C0856AC1C35F299ABAEF269.e.16873"}]}
COMMAND: GET /session/0fb4450c6422fe69939d6824736e2f6f/element/f.852D346EF878C3E5FC3136AC53424AFF.d.92C8A8F11C0856AC1C35F299ABAEF269.e.16873/enabled - {}
COMMAND: GET /session/0fb4450c6422fe69939d6824736e2f6f/screenshot - {}
RESULT: {}
COMMAND: POST /session/0fb4450c6422fe69939d6824736e2f6f/execute/sync - {"script":"<script> [8489 bytes]","args":[{"element-6066-11e4-a52e-4f735466cecf":"f.852D346EF878C3E5FC3136AC53424AFF.d.92C8A8F11C0856AC1C35F299ABAEF269.e.16873","ELEMENT":"f.852D346EF878C3E5FC3136AC53424AFF.d.92C8A8F11C0856AC1C35F299ABAEF269.e.16873"}]}
COMMAND: GET /session/0fb4450c6422fe69939d6824736e2f6f/screenshot - {}
RESULT: {}
RESULT: {"script":"<script> [8489 bytes]","args":[{"element-6066-11e4-a52e-4f735466cecf":"f.852D346EF878C3E5FC3136AC53424AFF.d.92C8A8F11C0856AC1C35F299ABAEF269.e.16873","ELEMENT":"f.852D346EF878C3E5FC3136AC53424AFF.d.92C8A8F11C0856AC1C35F299ABAEF269.e.16873"}]}
COMMAND: POST /session/0fb4450c6422fe69939d6824736e2f6f/execute/sync - {"script":"<script> [5351 bytes]","args":[{"element-6066-11e4-a52e-4f735466cecf":"f.852D346EF878C3E5FC3136AC53424AFF.d.92C8A8F11C0856AC1C35F299ABAEF269.e.16873","ELEMENT":"f.852D346EF878C3E5FC3136AC53424AFF.d.92C8A8F11C0856AC1C35F299ABAEF269.e.16873"}]}
COMMAND: GET /session/0fb4450c6422fe69939d6824736e2f6f/screenshot - {}
RESULT: {}
RESULT: {"script":"<script> [5351 bytes]","args":[{"element-6066-11e4-a52e-4f735466cecf":"f.852D346EF878C3E5FC3136AC53424AFF.d.92C8A8F11C0856AC1C35F299ABAEF269.e.16873","ELEMENT":"f.852D346EF878C3E5FC3136AC53424AFF.d.92C8A8F11C0856AC1C35F299ABAEF269.e.16873"}]}
COMMAND: POST /session/0fb4450c6422fe69939d6824736e2f6f/element/f.852D346EF878C3E5FC3136AC53424AFF.d.92C8A8F11C0856AC1C35F299ABAEF269.e.16873/click - {}
COMMAND: GET /session/0fb4450c6422fe69939d6824736e2f6f/screenshot - {}
RESULT: {}
RESULT: {}
COMMAND: GET /session/0fb4450c6422fe69939d6824736e2f6f/screenshot - {}
RESULT: {}
COMMAND: POST /session/0fb4450c6422fe69939d6824736e2f6f/element - {"using":"xpath","value":"//span[contains(@id ,\"AddNewHO--typeSelect-arrow\")]"}
RESULT: {}
RESULT: {"using":"xpath","value":"//span[contains(@id ,\"AddNewHO--typeSelect-arrow\")]"}
COMMAND: POST /session/0fb4450c6422fe69939d6824736e2f6f/element/f.852D346EF878C3E5FC3136AC53424AFF.d.92C8A8F11C0856AC1C35F299ABAEF269.e.17229/click - {}
RESULT: {}
COMMAND: GET /session/0fb4450c6422fe69939d6824736e2f6f/screenshot - {}
RESULT: {}
COMMAND: POST /session/0fb4450c6422fe69939d6824736e2f6f/element - {"using":"xpath","value":"(//li[contains(text(), \"stock increase yard\")])[1]"}
RESULT: {"using":"xpath","value":"(//li[contains(text(), \"stock increase yard\")])[1]"}
COMMAND: POST /session/0fb4450c6422fe69939d6824736e2f6f/element/f.852D346EF878C3E5FC3136AC53424AFF.d.92C8A8F11C0856AC1C35F299ABAEF269.e.17230/click - {}
RESULT: {}
COMMAND: GET /session/0fb4450c6422fe69939d6824736e2f6f/screenshot - {}
RESULT: {}
COMMAND: POST /session/0fb4450c6422fe69939d6824736e2f6f/execute/async - {"script":"<script> [1562 bytes]","args":[{"selector":{"id":"application-managehandovers-display-component---AddNewHO--dueDate","interaction":{"idSuffix":"inner"}},"wdio_ui5_key":"applicationmanagehandovers-display-component---AddNewHO--dueDate"}]}
RESULT: {"script":"<script> [1562 bytes]","args":[{"selector":{"id":"application-managehandovers-display-component---AddNewHO--dueDate","interaction":{"idSuffix":"inner"}},"wdio_ui5_key":"applicationmanagehandovers-display-component---AddNewHO--dueDate"}]}
RESULT: undefined
COMMAND: POST /session/0fb4450c6422fe69939d6824736e2f6f/execute/async - {"script":"<script> [6424 bytes]","args":[{"element-6066-11e4-a52e-4f735466cecf":"f.852D346EF878C3E5FC3136AC53424AFF.d.92C8A8F11C0856AC1C35F299ABAEF269.e.17232"},"setValue",["5/18/25"]]}
RESULT: {"script":"<script> [6424 bytes]","args":[{"element-6066-11e4-a52e-4f735466cecf":"f.852D346EF878C3E5FC3136AC53424AFF.d.92C8A8F11C0856AC1C35F299ABAEF269.e.17232"},"setValue",["5/18/25"]]}
COMMAND: POST /session/0fb4450c6422fe69939d6824736e2f6f/element - {"using":"xpath","value":"//input[@id=\"generalSectionFrg--receiveYard-inner\"]"}
RESULT: {"using":"xpath","value":"//input[@id=\"generalSectionFrg--receiveYard-inner\"]"}
COMMAND: POST /session/0fb4450c6422fe69939d6824736e2f6f/element/f.852D346EF878C3E5FC3136AC53424AFF.d.92C8A8F11C0856AC1C35F299ABAEF269.e.17236/clear - {}
RESULT: {}
COMMAND: POST /session/0fb4450c6422fe69939d6824736e2f6f/element/f.852D346EF878C3E5FC3136AC53424AFF.d.92C8A8F11C0856AC1C35F299ABAEF269.e.17236/value - {"text":"525"}
COMMAND: GET /session/0fb4450c6422fe69939d6824736e2f6f/screenshot - {}
RESULT: {"text":"525"}
COMMAND: GET /session/0fb4450c6422fe69939d6824736e2f6f/screenshot - {}
RESULT: {}
RESULT: {}
COMMAND: POST /session/0fb4450c6422fe69939d6824736e2f6f/element - {"using":"xpath","value":"//li[.//span[text()='525']]"}
RESULT: {"using":"xpath","value":"//li[.//span[text()='525']]"}
COMMAND: POST /session/0fb4450c6422fe69939d6824736e2f6f/element/f.852D346EF878C3E5FC3136AC53424AFF.d.92C8A8F11C0856AC1C35F299ABAEF269.e.17254/click - {}
RESULT: {}
COMMAND: GET /session/0fb4450c6422fe69939d6824736e2f6f/screenshot - {}
RESULT: {}
COMMAND: POST /session/0fb4450c6422fe69939d6824736e2f6f/execute/async - {"script":"<script> [1562 bytes]","args":[{"selector":{"id":"application-managehandovers-display-component---AddNewHO--ObjectPageLayout-anchBar-application-managehandovers-display-component---AddNewHO--section4-anchor","interaction":{"idSuffix":"BDI-content"}},"wdio_ui5_key":"applicationmanagehandovers-display-component---AddNewHO--ObjectPageLayout-anchBar-application-managehandovers-display-component---AddNewHO--section4-anchor"}]}
RESULT: {"script":"<script> [1562 bytes]","args":[{"selector":{"id":"application-managehandovers-display-component---AddNewHO--ObjectPageLayout-anchBar-application-managehandovers-display-component---AddNewHO--section4-anchor","interaction":{"idSuffix":"BDI-content"}},"wdio_ui5_key":"applicationmanagehandovers-display-component---AddNewHO--ObjectPageLayout-anchBar-application-managehandovers-display-component---AddNewHO--section4-anchor"}]}
RESULT: undefined
COMMAND: POST /session/0fb4450c6422fe69939d6824736e2f6f/element - {"using":"xpath","value":"//*[@id=\"application-managehandovers-display-component---AddNewHO--ObjectPageLayout-anchBar-application-managehandovers-display-component---AddNewHO--section4-anchor\"]"}
RESULT: {"using":"xpath","value":"//*[@id=\"application-managehandovers-display-component---AddNewHO--ObjectPageLayout-anchBar-application-managehandovers-display-component---AddNewHO--section4-anchor\"]"}
COMMAND: POST /session/0fb4450c6422fe69939d6824736e2f6f/element/f.852D346EF878C3E5FC3136AC53424AFF.d.92C8A8F11C0856AC1C35F299ABAEF269.e.17256/click - {}
RESULT: {}
COMMAND: POST /session/0fb4450c6422fe69939d6824736e2f6f/element - {"using":"xpath","value":"//button[@aria-label=\"Add\"]"}
COMMAND: GET /session/0fb4450c6422fe69939d6824736e2f6f/screenshot - {}
RESULT: {"using":"xpath","value":"//button[@aria-label=\"Add\"]"}
COMMAND: POST /session/0fb4450c6422fe69939d6824736e2f6f/element/f.852D346EF878C3E5FC3136AC53424AFF.d.92C8A8F11C0856AC1C35F299ABAEF269.e.17260/click - {}
RESULT: {}
RESULT: {}
COMMAND: GET /session/0fb4450c6422fe69939d6824736e2f6f/screenshot - {}
RESULT: {}
COMMAND: POST /session/0fb4450c6422fe69939d6824736e2f6f/execute/async - {"script":"<script> [1562 bytes]","args":[{"selector":{"id":"application-managehandovers-display-component---AddNewHO--smartFilterBar-btnBasicSearch","searchOpenDialogs":true,"interaction":{"idSuffix":"I"}},"wdio_ui5_key":"applicationmanagehandovers-display-component---AddNewHO--smartFilterBar-btnBasicSearch"}]}
RESULT: {"script":"<script> [1562 bytes]","args":[{"selector":{"id":"application-managehandovers-display-component---AddNewHO--smartFilterBar-btnBasicSearch","searchOpenDialogs":true,"interaction":{"idSuffix":"I"}},"wdio_ui5_key":"applicationmanagehandovers-display-component---AddNewHO--smartFilterBar-btnBasicSearch"}]}
RESULT: undefined
COMMAND: POST /session/0fb4450c6422fe69939d6824736e2f6f/execute/async - {"script":"<script> [776 bytes]","args":[{"enterText":"200276","selector":{"id":"application-managehandovers-display-component---AddNewHO--smartFilterBar-btnBasicSearch","searchOpenDialogs":true,"interaction":{"idSuffix":"I"}},"clearTextFirst":true,"interactionType":"ENTER_TEXT"}]}
RESULT: {"script":"<script> [776 bytes]","args":[{"enterText":"200276","selector":{"id":"application-managehandovers-display-component---AddNewHO--smartFilterBar-btnBasicSearch","searchOpenDialogs":true,"interaction":{"idSuffix":"I"}},"clearTextFirst":true,"interactionType":"ENTER_TEXT"}]}
COMMAND: POST /session/0fb4450c6422fe69939d6824736e2f6f/actions - {"actions":[{"id":"action57","type":"key","parameters":{},"actions":[{"type":"keyDown","value":"î€‡"},{"type":"pause","duration":10},{"type":"keyUp","value":"î€‡"}]}]}
RESULT: {"actions":[{"id":"action57","type":"key","parameters":{},"actions":[{"type":"keyDown","value":"î€‡"},{"type":"pause","duration":10},{"type":"keyUp","value":"î€‡"}]}]}
COMMAND: GET /session/0fb4450c6422fe69939d6824736e2f6f/screenshot - {}
RESULT: {}
COMMAND: POST /session/0fb4450c6422fe69939d6824736e2f6f/execute/async - {"script":"<script> [1562 bytes]","args":[{"selector":{"id":"application-managehandovers-display-component---AddNewHO--popup-sa","searchOpenDialogs":true,"interaction":{"idSuffix":"CbBg"}},"wdio_ui5_key":"applicationmanagehandovers-display-component---AddNewHO--popup-sa"}]}
RESULT: {"script":"<script> [1562 bytes]","args":[{"selector":{"id":"application-managehandovers-display-component---AddNewHO--popup-sa","searchOpenDialogs":true,"interaction":{"idSuffix":"CbBg"}},"wdio_ui5_key":"applicationmanagehandovers-display-component---AddNewHO--popup-sa"}]}
RESULT: undefined
COMMAND: POST /session/0fb4450c6422fe69939d6824736e2f6f/element - {"using":"xpath","value":"//*[@id=\"application-managehandovers-display-component---AddNewHO--popup-sa\"]"}
RESULT: {"using":"xpath","value":"//*[@id=\"application-managehandovers-display-component---AddNewHO--popup-sa\"]"}
COMMAND: POST /session/0fb4450c6422fe69939d6824736e2f6f/element/f.852D346EF878C3E5FC3136AC53424AFF.d.92C8A8F11C0856AC1C35F299ABAEF269.e.17413/click - {}
RESULT: {}
COMMAND: GET /session/0fb4450c6422fe69939d6824736e2f6f/screenshot - {}
RESULT: {}
COMMAND: POST /session/0fb4450c6422fe69939d6824736e2f6f/element - {"using":"xpath","value":"//bdi[contains(text(), \"Select\")]"}
RESULT: {"using":"xpath","value":"//bdi[contains(text(), \"Select\")]"}
COMMAND: POST /session/0fb4450c6422fe69939d6824736e2f6f/element/f.852D346EF878C3E5FC3136AC53424AFF.d.92C8A8F11C0856AC1C35F299ABAEF269.e.17414/click - {}
RESULT: {}
COMMAND: GET /session/0fb4450c6422fe69939d6824736e2f6f/screenshot - {}
RESULT: {}
COMMAND: POST /session/0fb4450c6422fe69939d6824736e2f6f/element - {"using":"xpath","value":"//button[@data-kt=\"AddNewHOSaveButton\"]"}
RESULT: {"using":"xpath","value":"//button[@data-kt=\"AddNewHOSaveButton\"]"}
COMMAND: POST /session/0fb4450c6422fe69939d6824736e2f6f/element/f.852D346EF878C3E5FC3136AC53424AFF.d.92C8A8F11C0856AC1C35F299ABAEF269.e.17418/click - {}
RESULT: {}
COMMAND: GET /session/0fb4450c6422fe69939d6824736e2f6f/screenshot - {}
RESULT: {}
COMMAND: POST /session/0fb4450c6422fe69939d6824736e2f6f/execute/async - {"script":"<script> [1562 bytes]","args":[{"selector":{"id":"receiptDatePicker","viewName":"etm.portal.ui.managehandovers.view.DetailExecuteHO","interaction":{"idSuffix":"inner"}},"wdio_ui5_key":"receiptDatePickeretmportal.ui.managehandovers.view.DetailExecuteHO"}]}
RESULT: {"script":"<script> [1562 bytes]","args":[{"selector":{"id":"receiptDatePicker","viewName":"etm.portal.ui.managehandovers.view.DetailExecuteHO","interaction":{"idSuffix":"inner"}},"wdio_ui5_key":"receiptDatePickeretmportal.ui.managehandovers.view.DetailExecuteHO"}]}
RESULT: undefined
COMMAND: POST /session/0fb4450c6422fe69939d6824736e2f6f/execute/async - {"script":"<script> [6424 bytes]","args":[{"element-6066-11e4-a52e-4f735466cecf":"f.852D346EF878C3E5FC3136AC53424AFF.d.92C8A8F11C0856AC1C35F299ABAEF269.e.17437"},"setValue",["5/18/25"]]}
RESULT: {"script":"<script> [6424 bytes]","args":[{"element-6066-11e4-a52e-4f735466cecf":"f.852D346EF878C3E5FC3136AC53424AFF.d.92C8A8F11C0856AC1C35F299ABAEF269.e.17437"},"setValue",["5/18/25"]]}
COMMAND: POST /session/0fb4450c6422fe69939d6824736e2f6f/element - {"using":"xpath","value":"//button[@data-kt=\"PickingTableConfirmAllButton\"]"}
RESULT: {"using":"xpath","value":"//button[@data-kt=\"PickingTableConfirmAllButton\"]"}
COMMAND: POST /session/0fb4450c6422fe69939d6824736e2f6f/element/f.852D346EF878C3E5FC3136AC53424AFF.d.92C8A8F11C0856AC1C35F299ABAEF269.e.17450/click - {}
RESULT: {}
COMMAND: GET /session/0fb4450c6422fe69939d6824736e2f6f/screenshot - {}
RESULT: {}
COMMAND: POST /session/0fb4450c6422fe69939d6824736e2f6f/element - {"using":"xpath","value":"//bdi[contains(text(), \"OK\")]"}
RESULT: {"using":"xpath","value":"//bdi[contains(text(), \"OK\")]"}
COMMAND: POST /session/0fb4450c6422fe69939d6824736e2f6f/element/f.852D346EF878C3E5FC3136AC53424AFF.d.92C8A8F11C0856AC1C35F299ABAEF269.e.17452/click - {}
RESULT: {}
COMMAND: GET /session/0fb4450c6422fe69939d6824736e2f6f/screenshot - {}
RESULT: {}
COMMAND: POST /session/0fb4450c6422fe69939d6824736e2f6f/element - {"using":"xpath","value":"(//bdi[contains(text(), \"Receive\")])[2]"}
RESULT: {"using":"xpath","value":"(//bdi[contains(text(), \"Receive\")])[2]"}
COMMAND: POST /session/0fb4450c6422fe69939d6824736e2f6f/element/f.852D346EF878C3E5FC3136AC53424AFF.d.92C8A8F11C0856AC1C35F299ABAEF269.e.17454/click - {}
RESULT: {}
COMMAND: GET /session/0fb4450c6422fe69939d6824736e2f6f/screenshot - {}
RESULT: {}
COMMAND: POST /session/0fb4450c6422fe69939d6824736e2f6f/element - {"using":"css selector","value":"#shell-header-logo"}
RESULT: {"using":"css selector","value":"#shell-header-logo"}
COMMAND: POST /session/0fb4450c6422fe69939d6824736e2f6f/element/f.852D346EF878C3E5FC3136AC53424AFF.d.92C8A8F11C0856AC1C35F299ABAEF269.e.16833/click - {}
RESULT: {}
COMMAND: GET /session/0fb4450c6422fe69939d6824736e2f6f/screenshot - {}
RESULT: {}
]]></system-out>
    </testcase>
    <testcase classname="chrome.136_0_7103_93.windows.Provide_to_Site_w/o_warehouse_management_w/o_clarification" name="Should create a new contract" time="60.257">
      <system-out><![CDATA[
COMMAND: POST /session/0fb4450c6422fe69939d6824736e2f6f/execute/async - {"script":"<script> [1562 bytes]","args":[{"selector":{"controlType":"sap.m.GenericTile","properties":{"header":"Manage Contracts"}},"wdio_ui5_key":"sapm.GenericTile{\"header\":\"Manage Contracts\"}"}]}
RESULT: {"script":"<script> [1562 bytes]","args":[{"selector":{"controlType":"sap.m.GenericTile","properties":{"header":"Manage Contracts"}},"wdio_ui5_key":"sapm.GenericTile{\"header\":\"Manage Contracts\"}"}]}
RESULT: undefined
COMMAND: POST /session/0fb4450c6422fe69939d6824736e2f6f/element - {"using":"xpath","value":"//*[@id=\"__tile130\"]"}
RESULT: {"using":"xpath","value":"//*[@id=\"__tile130\"]"}
COMMAND: POST /session/0fb4450c6422fe69939d6824736e2f6f/element/f.852D346EF878C3E5FC3136AC53424AFF.d.92C8A8F11C0856AC1C35F299ABAEF269.e.16198/click - {}
RESULT: {}
COMMAND: GET /session/0fb4450c6422fe69939d6824736e2f6f/screenshot - {}
RESULT: {}
COMMAND: POST /session/0fb4450c6422fe69939d6824736e2f6f/elements - {"using":"xpath","value":"//span[text()='Error']"}
RESULT: {"using":"xpath","value":"//span[text()='Error']"}
COMMAND: POST /session/0fb4450c6422fe69939d6824736e2f6f/element - {"using":"xpath","value":"//button[@data-kt=\"addButton\"]"}
RESULT: {"using":"xpath","value":"//button[@data-kt=\"addButton\"]"}
COMMAND: POST /session/0fb4450c6422fe69939d6824736e2f6f/elements - {"using":"xpath","value":"//button[@data-kt=\"addButton\"]"}
RESULT: {"using":"xpath","value":"//button[@data-kt=\"addButton\"]"}
COMMAND: POST /session/0fb4450c6422fe69939d6824736e2f6f/execute/sync - {"script":"<script> [8489 bytes]","args":[{"element-6066-11e4-a52e-4f735466cecf":"f.852D346EF878C3E5FC3136AC53424AFF.d.92C8A8F11C0856AC1C35F299ABAEF269.e.17666","ELEMENT":"f.852D346EF878C3E5FC3136AC53424AFF.d.92C8A8F11C0856AC1C35F299ABAEF269.e.17666"}]}
RESULT: {"script":"<script> [8489 bytes]","args":[{"element-6066-11e4-a52e-4f735466cecf":"f.852D346EF878C3E5FC3136AC53424AFF.d.92C8A8F11C0856AC1C35F299ABAEF269.e.17666","ELEMENT":"f.852D346EF878C3E5FC3136AC53424AFF.d.92C8A8F11C0856AC1C35F299ABAEF269.e.17666"}]}
COMMAND: GET /session/0fb4450c6422fe69939d6824736e2f6f/element/f.852D346EF878C3E5FC3136AC53424AFF.d.92C8A8F11C0856AC1C35F299ABAEF269.e.17666/enabled - {}
COMMAND: GET /session/0fb4450c6422fe69939d6824736e2f6f/screenshot - {}
RESULT: {}
COMMAND: POST /session/0fb4450c6422fe69939d6824736e2f6f/execute/sync - {"script":"<script> [8489 bytes]","args":[{"element-6066-11e4-a52e-4f735466cecf":"f.852D346EF878C3E5FC3136AC53424AFF.d.92C8A8F11C0856AC1C35F299ABAEF269.e.17666","ELEMENT":"f.852D346EF878C3E5FC3136AC53424AFF.d.92C8A8F11C0856AC1C35F299ABAEF269.e.17666"}]}
COMMAND: GET /session/0fb4450c6422fe69939d6824736e2f6f/screenshot - {}
RESULT: {}
RESULT: {"script":"<script> [8489 bytes]","args":[{"element-6066-11e4-a52e-4f735466cecf":"f.852D346EF878C3E5FC3136AC53424AFF.d.92C8A8F11C0856AC1C35F299ABAEF269.e.17666","ELEMENT":"f.852D346EF878C3E5FC3136AC53424AFF.d.92C8A8F11C0856AC1C35F299ABAEF269.e.17666"}]}
COMMAND: POST /session/0fb4450c6422fe69939d6824736e2f6f/execute/sync - {"script":"<script> [5351 bytes]","args":[{"element-6066-11e4-a52e-4f735466cecf":"f.852D346EF878C3E5FC3136AC53424AFF.d.92C8A8F11C0856AC1C35F299ABAEF269.e.17666","ELEMENT":"f.852D346EF878C3E5FC3136AC53424AFF.d.92C8A8F11C0856AC1C35F299ABAEF269.e.17666"}]}
COMMAND: GET /session/0fb4450c6422fe69939d6824736e2f6f/screenshot - {}
RESULT: {}
RESULT: {"script":"<script> [5351 bytes]","args":[{"element-6066-11e4-a52e-4f735466cecf":"f.852D346EF878C3E5FC3136AC53424AFF.d.92C8A8F11C0856AC1C35F299ABAEF269.e.17666","ELEMENT":"f.852D346EF878C3E5FC3136AC53424AFF.d.92C8A8F11C0856AC1C35F299ABAEF269.e.17666"}]}
COMMAND: GET /session/0fb4450c6422fe69939d6824736e2f6f/screenshot - {}
RESULT: {}
RESULT: {}
COMMAND: POST /session/0fb4450c6422fe69939d6824736e2f6f/element/f.852D346EF878C3E5FC3136AC53424AFF.d.92C8A8F11C0856AC1C35F299ABAEF269.e.17666/click - {}
RESULT: {}
COMMAND: GET /session/0fb4450c6422fe69939d6824736e2f6f/screenshot - {}
COMMAND: POST /session/0fb4450c6422fe69939d6824736e2f6f/execute/async - {"script":"<script> [1562 bytes]","args":[{"selector":{"id":"application-managecontracts-display-component---AddNewContract--projectDescription","interaction":{"idSuffix":"inner"}},"wdio_ui5_key":"applicationmanagecontracts-display-component---AddNewContract--projectDescription"}]}
RESULT: {}
RESULT: {"script":"<script> [1562 bytes]","args":[{"selector":{"id":"application-managecontracts-display-component---AddNewContract--projectDescription","interaction":{"idSuffix":"inner"}},"wdio_ui5_key":"applicationmanagecontracts-display-component---AddNewContract--projectDescription"}]}
RESULT: undefined
COMMAND: POST /session/0fb4450c6422fe69939d6824736e2f6f/execute/async - {"script":"<script> [776 bytes]","args":[{"enterText":"Contract WDIO","selector":{"id":"application-managecontracts-display-component---AddNewContract--projectDescription","interaction":{"idSuffix":"inner"}},"clearTextFirst":true,"interactionType":"ENTER_TEXT"}]}
RESULT: {"script":"<script> [776 bytes]","args":[{"enterText":"Contract WDIO","selector":{"id":"application-managecontracts-display-component---AddNewContract--projectDescription","interaction":{"idSuffix":"inner"}},"clearTextFirst":true,"interactionType":"ENTER_TEXT"}]}
COMMAND: POST /session/0fb4450c6422fe69939d6824736e2f6f/element - {"using":"xpath","value":"//input[@id=\"application-managecontracts-display-component---AddNewContract--site-inner\"]"}
RESULT: {"using":"xpath","value":"//input[@id=\"application-managecontracts-display-component---AddNewContract--site-inner\"]"}
COMMAND: POST /session/0fb4450c6422fe69939d6824736e2f6f/element/f.852D346EF878C3E5FC3136AC53424AFF.d.92C8A8F11C0856AC1C35F299ABAEF269.e.18024/clear - {}
RESULT: {}
COMMAND: POST /session/0fb4450c6422fe69939d6824736e2f6f/element/f.852D346EF878C3E5FC3136AC53424AFF.d.92C8A8F11C0856AC1C35F299ABAEF269.e.18024/value - {"text":"2258"}
COMMAND: GET /session/0fb4450c6422fe69939d6824736e2f6f/screenshot - {}
RESULT: {"text":"2258"}
COMMAND: GET /session/0fb4450c6422fe69939d6824736e2f6f/screenshot - {}
RESULT: {}
RESULT: {}
COMMAND: POST /session/0fb4450c6422fe69939d6824736e2f6f/element - {"using":"xpath","value":"//li[.//span[text()='2258']]"}
RESULT: {"using":"xpath","value":"//li[.//span[text()='2258']]"}
COMMAND: POST /session/0fb4450c6422fe69939d6824736e2f6f/element/f.852D346EF878C3E5FC3136AC53424AFF.d.92C8A8F11C0856AC1C35F299ABAEF269.e.18056/click - {}
RESULT: {}
COMMAND: GET /session/0fb4450c6422fe69939d6824736e2f6f/screenshot - {}
RESULT: {}
COMMAND: POST /session/0fb4450c6422fe69939d6824736e2f6f/element - {"using":"xpath","value":"//input[@id=\"application-managecontracts-display-component---AddNewContract--yardId-inner\"]"}
RESULT: {"using":"xpath","value":"//input[@id=\"application-managecontracts-display-component---AddNewContract--yardId-inner\"]"}
COMMAND: GET /session/0fb4450c6422fe69939d6824736e2f6f/element/f.852D346EF878C3E5FC3136AC53424AFF.d.92C8A8F11C0856AC1C35F299ABAEF269.e.18025/property/value - {}
RESULT: {}
COMMAND: POST /session/0fb4450c6422fe69939d6824736e2f6f/element - {"using":"xpath","value":"//input[@id=\"application-managecontracts-display-component---AddNewContract--customerSelect-inner\"]"}
COMMAND: GET /session/0fb4450c6422fe69939d6824736e2f6f/screenshot - {}
RESULT: {"using":"xpath","value":"//input[@id=\"application-managecontracts-display-component---AddNewContract--customerSelect-inner\"]"}
COMMAND: POST /session/0fb4450c6422fe69939d6824736e2f6f/element/f.852D346EF878C3E5FC3136AC53424AFF.d.92C8A8F11C0856AC1C35F299ABAEF269.e.18023/clear - {}
RESULT: {}
RESULT: {}
COMMAND: POST /session/0fb4450c6422fe69939d6824736e2f6f/element/f.852D346EF878C3E5FC3136AC53424AFF.d.92C8A8F11C0856AC1C35F299ABAEF269.e.18023/value - {"text":"1306"}
COMMAND: GET /session/0fb4450c6422fe69939d6824736e2f6f/screenshot - {}
RESULT: {"text":"1306"}
COMMAND: GET /session/0fb4450c6422fe69939d6824736e2f6f/screenshot - {}
RESULT: {}
RESULT: {}
COMMAND: POST /session/0fb4450c6422fe69939d6824736e2f6f/element - {"using":"xpath","value":"//li[.//span[text()='1306']]"}
RESULT: {"using":"xpath","value":"//li[.//span[text()='1306']]"}
COMMAND: POST /session/0fb4450c6422fe69939d6824736e2f6f/element/f.852D346EF878C3E5FC3136AC53424AFF.d.92C8A8F11C0856AC1C35F299ABAEF269.e.18059/click - {}
RESULT: {}
COMMAND: GET /session/0fb4450c6422fe69939d6824736e2f6f/screenshot - {}
RESULT: {}
COMMAND: POST /session/0fb4450c6422fe69939d6824736e2f6f/element - {"using":"xpath","value":"//button[@data-kt=\"saveButton\"]"}
RESULT: {"using":"xpath","value":"//button[@data-kt=\"saveButton\"]"}
COMMAND: POST /session/0fb4450c6422fe69939d6824736e2f6f/element/f.852D346EF878C3E5FC3136AC53424AFF.d.92C8A8F11C0856AC1C35F299ABAEF269.e.18060/click - {}
RESULT: {}
COMMAND: GET /session/0fb4450c6422fe69939d6824736e2f6f/screenshot - {}
RESULT: {}
COMMAND: POST /session/0fb4450c6422fe69939d6824736e2f6f/element - {"using":"xpath","value":"//span[contains(@id ,\"contractDetailTitleNoExpanded\")]"}
RESULT: {"using":"xpath","value":"//span[contains(@id ,\"contractDetailTitleNoExpanded\")]"}
COMMAND: POST /session/0fb4450c6422fe69939d6824736e2f6f/elements - {"using":"xpath","value":"//span[contains(@id ,\"contractDetailTitleNoExpanded\")]"}
RESULT: {"using":"xpath","value":"//span[contains(@id ,\"contractDetailTitleNoExpanded\")]"}
COMMAND: POST /session/0fb4450c6422fe69939d6824736e2f6f/execute/sync - {"script":"<script> [56 bytes]","args":[{"element-6066-11e4-a52e-4f735466cecf":"f.852D346EF878C3E5FC3136AC53424AFF.d.92C8A8F11C0856AC1C35F299ABAEF269.e.18131","ELEMENT":"f.852D346EF878C3E5FC3136AC53424AFF.d.92C8A8F11C0856AC1C35F299ABAEF269.e.18131"}]}
RESULT: {"script":"<script> [56 bytes]","args":[{"element-6066-11e4-a52e-4f735466cecf":"f.852D346EF878C3E5FC3136AC53424AFF.d.92C8A8F11C0856AC1C35F299ABAEF269.e.18131","ELEMENT":"f.852D346EF878C3E5FC3136AC53424AFF.d.92C8A8F11C0856AC1C35F299ABAEF269.e.18131"}]}
COMMAND: GET /session/0fb4450c6422fe69939d6824736e2f6f/screenshot - {}
RESULT: {}
]]></system-out>
    </testcase>
    <testcase classname="chrome.136_0_7103_93.windows.Provide_to_Site_w/o_warehouse_management_w/o_clarification" name="Should add equipment to the contract" time="56.559">
      <system-out><![CDATA[
COMMAND: POST /session/0fb4450c6422fe69939d6824736e2f6f/element - {"using":"xpath","value":"//button[@data-kt=\"contractDetailEditBtnButton\"]"}
RESULT: {"using":"xpath","value":"//button[@data-kt=\"contractDetailEditBtnButton\"]"}
COMMAND: POST /session/0fb4450c6422fe69939d6824736e2f6f/element/f.852D346EF878C3E5FC3136AC53424AFF.d.92C8A8F11C0856AC1C35F299ABAEF269.e.18133/click - {}
RESULT: {}
COMMAND: GET /session/0fb4450c6422fe69939d6824736e2f6f/screenshot - {}
RESULT: {}
COMMAND: POST /session/0fb4450c6422fe69939d6824736e2f6f/element - {"using":"xpath","value":"(//span[contains(text(), \"Additional Addresses\")])[2]"}
RESULT: {"using":"xpath","value":"(//span[contains(text(), \"Additional Addresses\")])[2]"}
COMMAND: POST /session/0fb4450c6422fe69939d6824736e2f6f/element/f.852D346EF878C3E5FC3136AC53424AFF.d.92C8A8F11C0856AC1C35F299ABAEF269.e.18187/click - {}
RESULT: {}
COMMAND: GET /session/0fb4450c6422fe69939d6824736e2f6f/screenshot - {}
RESULT: {}
COMMAND: POST /session/0fb4450c6422fe69939d6824736e2f6f/element - {"using":"xpath","value":"//button[@data-kt=\"btnAddTableRowOverflowToolbarButton\"]"}
RESULT: {"using":"xpath","value":"//button[@data-kt=\"btnAddTableRowOverflowToolbarButton\"]"}
COMMAND: POST /session/0fb4450c6422fe69939d6824736e2f6f/element/f.852D346EF878C3E5FC3136AC53424AFF.d.92C8A8F11C0856AC1C35F299ABAEF269.e.18191/click - {}
RESULT: {}
COMMAND: GET /session/0fb4450c6422fe69939d6824736e2f6f/screenshot - {}
RESULT: {}
COMMAND: POST /session/0fb4450c6422fe69939d6824736e2f6f/element - {"using":"xpath","value":"//div[(text() = 'Standard Entry' or . = 'Standard Entry')]"}
RESULT: {"using":"xpath","value":"//div[(text() = 'Standard Entry' or . = 'Standard Entry')]"}
COMMAND: POST /session/0fb4450c6422fe69939d6824736e2f6f/element/f.852D346EF878C3E5FC3136AC53424AFF.d.92C8A8F11C0856AC1C35F299ABAEF269.e.18193/click - {}
RESULT: {}
COMMAND: GET /session/0fb4450c6422fe69939d6824736e2f6f/screenshot - {}
RESULT: {}
COMMAND: POST /session/0fb4450c6422fe69939d6824736e2f6f/element - {"using":"xpath","value":"//td[6]/div/div/div/span"}
RESULT: {"using":"xpath","value":"//td[6]/div/div/div/span"}
COMMAND: POST /session/0fb4450c6422fe69939d6824736e2f6f/element/f.852D346EF878C3E5FC3136AC53424AFF.d.92C8A8F11C0856AC1C35F299ABAEF269.e.18205/click - {}
RESULT: {}
COMMAND: GET /session/0fb4450c6422fe69939d6824736e2f6f/screenshot - {}
RESULT: {}
COMMAND: POST /session/0fb4450c6422fe69939d6824736e2f6f/element - {"using":"xpath","value":"(//span[contains(text(), \"Material\")])"}
RESULT: {"using":"xpath","value":"(//span[contains(text(), \"Material\")])"}
COMMAND: POST /session/0fb4450c6422fe69939d6824736e2f6f/element/f.852D346EF878C3E5FC3136AC53424AFF.d.92C8A8F11C0856AC1C35F299ABAEF269.e.18206/click - {}
RESULT: {}
COMMAND: GET /session/0fb4450c6422fe69939d6824736e2f6f/screenshot - {}
RESULT: {}
COMMAND: POST /session/0fb4450c6422fe69939d6824736e2f6f/element - {"using":"xpath","value":"//td[7]/div/div/input"}
RESULT: {"using":"xpath","value":"//td[7]/div/div/input"}
COMMAND: POST /session/0fb4450c6422fe69939d6824736e2f6f/element/f.852D346EF878C3E5FC3136AC53424AFF.d.92C8A8F11C0856AC1C35F299ABAEF269.e.18210/clear - {}
RESULT: {}
COMMAND: POST /session/0fb4450c6422fe69939d6824736e2f6f/element/f.852D346EF878C3E5FC3136AC53424AFF.d.92C8A8F11C0856AC1C35F299ABAEF269.e.18210/value - {"text":"200276"}
COMMAND: GET /session/0fb4450c6422fe69939d6824736e2f6f/screenshot - {}
RESULT: {"text":"200276"}
COMMAND: GET /session/0fb4450c6422fe69939d6824736e2f6f/screenshot - {}
RESULT: {}
RESULT: {}
COMMAND: POST /session/0fb4450c6422fe69939d6824736e2f6f/actions - {"actions":[{"id":"action58","type":"key","parameters":{},"actions":[{"type":"keyDown","value":"î€‡"},{"type":"pause","duration":10},{"type":"keyUp","value":"î€‡"}]}]}
RESULT: {"actions":[{"id":"action58","type":"key","parameters":{},"actions":[{"type":"keyDown","value":"î€‡"},{"type":"pause","duration":10},{"type":"keyUp","value":"î€‡"}]}]}
COMMAND: GET /session/0fb4450c6422fe69939d6824736e2f6f/screenshot - {}
RESULT: {}
COMMAND: POST /session/0fb4450c6422fe69939d6824736e2f6f/execute/sync - {"script":"<script> [276 bytes]","args":["No pricing information was found"]}
RESULT: {"script":"<script> [276 bytes]","args":["No pricing information was found"]}
COMMAND: POST /session/0fb4450c6422fe69939d6824736e2f6f/element - {"using":"xpath","value":"//bdi[contains(text(), \"OK\")]"}
COMMAND: GET /session/0fb4450c6422fe69939d6824736e2f6f/screenshot - {}
RESULT: {"using":"xpath","value":"//bdi[contains(text(), \"OK\")]"}
COMMAND: POST /session/0fb4450c6422fe69939d6824736e2f6f/element/f.852D346EF878C3E5FC3136AC53424AFF.d.92C8A8F11C0856AC1C35F299ABAEF269.e.18236/click - {}
RESULT: {}
RESULT: {}
COMMAND: GET /session/0fb4450c6422fe69939d6824736e2f6f/screenshot - {}
RESULT: {}
COMMAND: POST /session/0fb4450c6422fe69939d6824736e2f6f/element - {"using":"xpath","value":"(//button[@data-kt=\"saveButton\"])[2]"}
RESULT: {"using":"xpath","value":"(//button[@data-kt=\"saveButton\"])[2]"}
COMMAND: POST /session/0fb4450c6422fe69939d6824736e2f6f/element/f.852D346EF878C3E5FC3136AC53424AFF.d.92C8A8F11C0856AC1C35F299ABAEF269.e.18237/click - {}
RESULT: {}
COMMAND: GET /session/0fb4450c6422fe69939d6824736e2f6f/screenshot - {}
RESULT: {}
COMMAND: POST /session/0fb4450c6422fe69939d6824736e2f6f/execute/sync - {"script":"<script> [276 bytes]","args":["Some contract items are having rental validity exceeding header rental validity"]}
RESULT: {"script":"<script> [276 bytes]","args":["Some contract items are having rental validity exceeding header rental validity"]}
COMMAND: GET /session/0fb4450c6422fe69939d6824736e2f6f/screenshot - {}
RESULT: {}
COMMAND: POST /session/0fb4450c6422fe69939d6824736e2f6f/element - {"using":"xpath","value":"//span[contains(@id ,\"contractItemsSmartTable-header-inner\")]"}
RESULT: {"using":"xpath","value":"//span[contains(@id ,\"contractItemsSmartTable-header-inner\")]"}
COMMAND: POST /session/0fb4450c6422fe69939d6824736e2f6f/elements - {"using":"xpath","value":"//span[contains(@id ,\"contractItemsSmartTable-header-inner\")]"}
RESULT: {"using":"xpath","value":"//span[contains(@id ,\"contractItemsSmartTable-header-inner\")]"}
COMMAND: POST /session/0fb4450c6422fe69939d6824736e2f6f/execute/sync - {"script":"<script> [56 bytes]","args":[{"element-6066-11e4-a52e-4f735466cecf":"f.852D346EF878C3E5FC3136AC53424AFF.d.92C8A8F11C0856AC1C35F299ABAEF269.e.18241","ELEMENT":"f.852D346EF878C3E5FC3136AC53424AFF.d.92C8A8F11C0856AC1C35F299ABAEF269.e.18241"}]}
RESULT: {"script":"<script> [56 bytes]","args":[{"element-6066-11e4-a52e-4f735466cecf":"f.852D346EF878C3E5FC3136AC53424AFF.d.92C8A8F11C0856AC1C35F299ABAEF269.e.18241","ELEMENT":"f.852D346EF878C3E5FC3136AC53424AFF.d.92C8A8F11C0856AC1C35F299ABAEF269.e.18241"}]}
]]></system-out>
    </testcase>
    <testcase classname="chrome.136_0_7103_93.windows.Provide_to_Site_w/o_warehouse_management_w/o_clarification" name="Should do provide to site" time="137.106">
      <system-out><![CDATA[
COMMAND: POST /session/0fb4450c6422fe69939d6824736e2f6f/element - {"using":"xpath","value":"//button[@data-kt=\"provideButton\"]"}
COMMAND: GET /session/0fb4450c6422fe69939d6824736e2f6f/screenshot - {}
RESULT: {"using":"xpath","value":"//button[@data-kt=\"provideButton\"]"}
COMMAND: POST /session/0fb4450c6422fe69939d6824736e2f6f/element/f.852D346EF878C3E5FC3136AC53424AFF.d.92C8A8F11C0856AC1C35F299ABAEF269.e.18242/click - {}
RESULT: {}
RESULT: {}
COMMAND: GET /session/0fb4450c6422fe69939d6824736e2f6f/screenshot - {}
RESULT: {}
COMMAND: POST /session/0fb4450c6422fe69939d6824736e2f6f/element - {"using":"xpath","value":"(//div[contains(@id, \"application-managehandovers-display-component---AddNewHO--oneStep-CbBg\")])"}
RESULT: {"using":"xpath","value":"(//div[contains(@id, \"application-managehandovers-display-component---AddNewHO--oneStep-CbBg\")])"}
COMMAND: POST /session/0fb4450c6422fe69939d6824736e2f6f/element - {"using":"xpath","value":"(//div[contains(@id, \"application-managehandovers-display-component---AddNewHO--oneStep-CbBg\")])/input"}
RESULT: {"using":"xpath","value":"(//div[contains(@id, \"application-managehandovers-display-component---AddNewHO--oneStep-CbBg\")])/input"}
COMMAND: GET /session/0fb4450c6422fe69939d6824736e2f6f/element/f.852D346EF878C3E5FC3136AC53424AFF.d.92C8A8F11C0856AC1C35F299ABAEF269.e.18334/attribute/checked - {}
RESULT: {}
RESULT: undefined
COMMAND: POST /session/0fb4450c6422fe69939d6824736e2f6f/execute/async - {"script":"<script> [6424 bytes]","args":[{"element-6066-11e4-a52e-4f735466cecf":"f.852D346EF878C3E5FC3136AC53424AFF.d.92C8A8F11C0856AC1C35F299ABAEF269.e.17232"},"setValue",["05/18/25"]]}
COMMAND: POST /session/0fb4450c6422fe69939d6824736e2f6f/element/f.852D346EF878C3E5FC3136AC53424AFF.d.92C8A8F11C0856AC1C35F299ABAEF269.e.18544/click - {}
COMMAND: POST /session/0fb4450c6422fe69939d6824736e2f6f/execute/async - {"script":"<script> [1562 bytes]","args":[{"selector":{"id":"application-managehandovers-display-component---AddNewHO--dueDate","interaction":{"idSuffix":"inner"}},"wdio_ui5_key":"applicationmanagehandovers-display-component---AddNewHO--dueDate"}]}
RESULT: {}
COMMAND: GET /session/0fb4450c6422fe69939d6824736e2f6f/screenshot - {}
RESULT: {"script":"<script> [1562 bytes]","args":[{"selector":{"id":"application-managehandovers-display-component---AddNewHO--dueDate","interaction":{"idSuffix":"inner"}},"wdio_ui5_key":"applicationmanagehandovers-display-component---AddNewHO--dueDate"}]}
COMMAND: POST /session/0fb4450c6422fe69939d6824736e2f6f/execute/async - {"script":"<script> [6424 bytes]","args":[{"element-6066-11e4-a52e-4f735466cecf":"f.852D346EF878C3E5FC3136AC53424AFF.d.92C8A8F11C0856AC1C35F299ABAEF269.e.18332"},"setValue",["05/18/25"]]}
RESULT: {}
RESULT: {"script":"<script> [6424 bytes]","args":[{"element-6066-11e4-a52e-4f735466cecf":"f.852D346EF878C3E5FC3136AC53424AFF.d.92C8A8F11C0856AC1C35F299ABAEF269.e.18332"},"setValue",["05/18/25"]]}
COMMAND: POST /session/0fb4450c6422fe69939d6824736e2f6f/element - {"using":"xpath","value":"//bdi[contains(text(), \"Instructions\")]"}
RESULT: {"using":"xpath","value":"//bdi[contains(text(), \"Instructions\")]"}
COMMAND: POST /session/0fb4450c6422fe69939d6824736e2f6f/element/f.852D346EF878C3E5FC3136AC53424AFF.d.92C8A8F11C0856AC1C35F299ABAEF269.e.18548/click - {}
RESULT: {}
COMMAND: GET /session/0fb4450c6422fe69939d6824736e2f6f/screenshot - {}
RESULT: {}
COMMAND: POST /session/0fb4450c6422fe69939d6824736e2f6f/element - {"using":"xpath","value":"//button[@data-kt=\"AddNewHOProvideAddItemsButton\"]"}
RESULT: {"using":"xpath","value":"//button[@data-kt=\"AddNewHOProvideAddItemsButton\"]"}
COMMAND: POST /session/0fb4450c6422fe69939d6824736e2f6f/element/f.852D346EF878C3E5FC3136AC53424AFF.d.92C8A8F11C0856AC1C35F299ABAEF269.e.18552/click - {}
RESULT: {}
COMMAND: GET /session/0fb4450c6422fe69939d6824736e2f6f/screenshot - {}
RESULT: {}
RESULT: undefined
COMMAND: POST /session/0fb4450c6422fe69939d6824736e2f6f/element - {"using":"xpath","value":"//*[@id=\"application-managehandovers-display-component---AddNewHO--popup-sa\"]"}
RESULT: {"using":"xpath","value":"//*[@id=\"application-managehandovers-display-component---AddNewHO--popup-sa\"]"}
COMMAND: POST /session/0fb4450c6422fe69939d6824736e2f6f/element/f.852D346EF878C3E5FC3136AC53424AFF.d.92C8A8F11C0856AC1C35F299ABAEF269.e.18567/click - {}
RESULT: {}
COMMAND: GET /session/0fb4450c6422fe69939d6824736e2f6f/screenshot - {}
RESULT: {}
COMMAND: POST /session/0fb4450c6422fe69939d6824736e2f6f/element - {"using":"xpath","value":"//*[contains(@id ,\"BDI-content\")][contains(text(), \"Select\")]"}
RESULT: {"using":"xpath","value":"//*[contains(@id ,\"BDI-content\")][contains(text(), \"Select\")]"}
COMMAND: POST /session/0fb4450c6422fe69939d6824736e2f6f/element/f.852D346EF878C3E5FC3136AC53424AFF.d.92C8A8F11C0856AC1C35F299ABAEF269.e.18568/click - {}
RESULT: {}
COMMAND: GET /session/0fb4450c6422fe69939d6824736e2f6f/screenshot - {}
RESULT: {}
COMMAND: POST /session/0fb4450c6422fe69939d6824736e2f6f/execute/async - {"script":"<script> [1562 bytes]","args":[{"selector":{"id":"application-managehandovers-display-component---AddNewHO--confirmCreationButton","interaction":{"idSuffix":"BDI-content"}},"wdio_ui5_key":"applicationmanagehandovers-display-component---AddNewHO--confirmCreationButton"}]}
RESULT: {"script":"<script> [1562 bytes]","args":[{"selector":{"id":"application-managehandovers-display-component---AddNewHO--confirmCreationButton","interaction":{"idSuffix":"BDI-content"}},"wdio_ui5_key":"applicationmanagehandovers-display-component---AddNewHO--confirmCreationButton"}]}
RESULT: undefined
COMMAND: POST /session/0fb4450c6422fe69939d6824736e2f6f/element - {"using":"xpath","value":"//*[@id=\"application-managehandovers-display-component---AddNewHO--confirmCreationButton\"]"}
RESULT: {"using":"xpath","value":"//*[@id=\"application-managehandovers-display-component---AddNewHO--confirmCreationButton\"]"}
COMMAND: POST /session/0fb4450c6422fe69939d6824736e2f6f/element/f.852D346EF878C3E5FC3136AC53424AFF.d.92C8A8F11C0856AC1C35F299ABAEF269.e.18376/click - {}
RESULT: {}
COMMAND: GET /session/0fb4450c6422fe69939d6824736e2f6f/screenshot - {}
RESULT: {}
COMMAND: POST /session/0fb4450c6422fe69939d6824736e2f6f/execute/async - {"script":"<script> [1562 bytes]","args":[{"selector":{"id":"issueDatePicker","viewName":"etm.portal.ui.managehandovers.view.DetailExecuteHO","interaction":{"idSuffix":"inner"}},"wdio_ui5_key":"issueDatePickeretmportal.ui.managehandovers.view.DetailExecuteHO"}]}
RESULT: {"script":"<script> [1562 bytes]","args":[{"selector":{"id":"issueDatePicker","viewName":"etm.portal.ui.managehandovers.view.DetailExecuteHO","interaction":{"idSuffix":"inner"}},"wdio_ui5_key":"issueDatePickeretmportal.ui.managehandovers.view.DetailExecuteHO"}]}
RESULT: undefined
COMMAND: POST /session/0fb4450c6422fe69939d6824736e2f6f/execute/async - {"script":"<script> [776 bytes]","args":[{"enterText":"5/18/25","selector":{"id":"issueDatePicker","viewName":"etm.portal.ui.managehandovers.view.DetailExecuteHO","interaction":{"idSuffix":"inner"}},"clearTextFirst":true,"interactionType":"ENTER_TEXT"}]}
RESULT: {"script":"<script> [776 bytes]","args":[{"enterText":"5/18/25","selector":{"id":"issueDatePicker","viewName":"etm.portal.ui.managehandovers.view.DetailExecuteHO","interaction":{"idSuffix":"inner"}},"clearTextFirst":true,"interactionType":"ENTER_TEXT"}]}
COMMAND: POST /session/0fb4450c6422fe69939d6824736e2f6f/element - {"using":"xpath","value":"//bdi[contains(text(), \"OK\")]"}
RESULT: {"using":"xpath","value":"//bdi[contains(text(), \"OK\")]"}
COMMAND: POST /session/0fb4450c6422fe69939d6824736e2f6f/element/f.852D346EF878C3E5FC3136AC53424AFF.d.92C8A8F11C0856AC1C35F299ABAEF269.e.18626/click - {}
RESULT: {}
COMMAND: GET /session/0fb4450c6422fe69939d6824736e2f6f/screenshot - {}
RESULT: {}
COMMAND: POST /session/0fb4450c6422fe69939d6824736e2f6f/element - {"using":"xpath","value":"//button[@data-kt=\"PickingTableConfirmAllButton\"]"}
RESULT: {"using":"xpath","value":"//button[@data-kt=\"PickingTableConfirmAllButton\"]"}
COMMAND: POST /session/0fb4450c6422fe69939d6824736e2f6f/element/f.852D346EF878C3E5FC3136AC53424AFF.d.92C8A8F11C0856AC1C35F299ABAEF269.e.18632/click - {}
RESULT: {}
COMMAND: GET /session/0fb4450c6422fe69939d6824736e2f6f/screenshot - {}
RESULT: {}
COMMAND: POST /session/0fb4450c6422fe69939d6824736e2f6f/element - {"using":"xpath","value":"//bdi[contains(text(), \"OK\")]"}
RESULT: {"using":"xpath","value":"//bdi[contains(text(), \"OK\")]"}
COMMAND: POST /session/0fb4450c6422fe69939d6824736e2f6f/element/f.852D346EF878C3E5FC3136AC53424AFF.d.92C8A8F11C0856AC1C35F299ABAEF269.e.18636/click - {}
RESULT: {}
COMMAND: GET /session/0fb4450c6422fe69939d6824736e2f6f/screenshot - {}
RESULT: {}
COMMAND: POST /session/0fb4450c6422fe69939d6824736e2f6f/element - {"using":"xpath","value":"//button[@data-kt=\"execHoPickButton\"]"}
RESULT: {"using":"xpath","value":"//button[@data-kt=\"execHoPickButton\"]"}
COMMAND: POST /session/0fb4450c6422fe69939d6824736e2f6f/element/f.852D346EF878C3E5FC3136AC53424AFF.d.92C8A8F11C0856AC1C35F299ABAEF269.e.18637/click - {}
RESULT: {}
COMMAND: GET /session/0fb4450c6422fe69939d6824736e2f6f/screenshot - {}
RESULT: {}
COMMAND: POST /session/0fb4450c6422fe69939d6824736e2f6f/element - {"using":"xpath","value":"//span[contains(@id ,\"filterItemControl_BASIC-RECEIVE_CONTRACT-vhi\")]"}
RESULT: {"using":"xpath","value":"//span[contains(@id ,\"filterItemControl_BASIC-RECEIVE_CONTRACT-vhi\")]"}
COMMAND: POST /session/0fb4450c6422fe69939d6824736e2f6f/element/f.852D346EF878C3E5FC3136AC53424AFF.d.92C8A8F11C0856AC1C35F299ABAEF269.e.18924/click - {}
RESULT: {}
COMMAND: GET /session/0fb4450c6422fe69939d6824736e2f6f/screenshot - {}
RESULT: {}
COMMAND: POST /session/0fb4450c6422fe69939d6824736e2f6f/execute/async - {"script":"<script> [1562 bytes]","args":[{"selector":{"controlType":"sap.m.SearchField","viewName":"etm.portal.ui.managehandovers.view.MasterHO","bindingPath":{"path":"","propertyPath":"/_BASIC_SEARCH_FIELD","modelName":"fi1t3rM0d31"},"searchOpenDialogs":true,"interaction":{"idSuffix":"I"}},"wdio_ui5_key":"etmportal.ui.managehandovers.view.MasterHOsap.m.SearchField{\"path\":\"\",\"propertyPath\":\"/_BASIC_SEARCH_FIELD\",\"modelName\":\"fi1t3rM0d31\"}"}]}
RESULT: {"script":"<script> [1562 bytes]","args":[{"selector":{"controlType":"sap.m.SearchField","viewName":"etm.portal.ui.managehandovers.view.MasterHO","bindingPath":{"path":"","propertyPath":"/_BASIC_SEARCH_FIELD","modelName":"fi1t3rM0d31"},"searchOpenDialogs":true,"interaction":{"idSuffix":"I"}},"wdio_ui5_key":"etmportal.ui.managehandovers.view.MasterHOsap.m.SearchField{\"path\":\"\",\"propertyPath\":\"/_BASIC_SEARCH_FIELD\",\"modelName\":\"fi1t3rM0d31\"}"}]}
RESULT: undefined
COMMAND: POST /session/0fb4450c6422fe69939d6824736e2f6f/execute/async - {"script":"<script> [776 bytes]","args":[{"enterText":"10357","selector":{"controlType":"sap.m.SearchField","viewName":"etm.portal.ui.managehandovers.view.MasterHO","bindingPath":{"path":"","propertyPath":"/_BASIC_SEARCH_FIELD","modelName":"fi1t3rM0d31"},"searchOpenDialogs":true,"interaction":{"idSuffix":"I"}},"clearTextFirst":true,"interactionType":"ENTER_TEXT"}]}
RESULT: {"script":"<script> [776 bytes]","args":[{"enterText":"10357","selector":{"controlType":"sap.m.SearchField","viewName":"etm.portal.ui.managehandovers.view.MasterHO","bindingPath":{"path":"","propertyPath":"/_BASIC_SEARCH_FIELD","modelName":"fi1t3rM0d31"},"searchOpenDialogs":true,"interaction":{"idSuffix":"I"}},"clearTextFirst":true,"interactionType":"ENTER_TEXT"}]}
COMMAND: POST /session/0fb4450c6422fe69939d6824736e2f6f/actions - {"actions":[{"id":"action59","type":"key","parameters":{},"actions":[{"type":"keyDown","value":"î€‡"},{"type":"pause","duration":10},{"type":"keyUp","value":"î€‡"}]}]}
RESULT: {"actions":[{"id":"action59","type":"key","parameters":{},"actions":[{"type":"keyDown","value":"î€‡"},{"type":"pause","duration":10},{"type":"keyUp","value":"î€‡"}]}]}
COMMAND: GET /session/0fb4450c6422fe69939d6824736e2f6f/screenshot - {}
RESULT: {}
COMMAND: POST /session/0fb4450c6422fe69939d6824736e2f6f/element - {"using":"xpath","value":"//div[contains(@id, 'filterItemControl_BASIC-RECEIVE_CONTRACT-valueHelpDialog-table-rowsel0')]"}
RESULT: {"using":"xpath","value":"//div[contains(@id, 'filterItemControl_BASIC-RECEIVE_CONTRACT-valueHelpDialog-table-rowsel0')]"}
COMMAND: POST /session/0fb4450c6422fe69939d6824736e2f6f/element/f.852D346EF878C3E5FC3136AC53424AFF.d.92C8A8F11C0856AC1C35F299ABAEF269.e.18933/click - {}
RESULT: {}
COMMAND: GET /session/0fb4450c6422fe69939d6824736e2f6f/screenshot - {}
RESULT: {}
COMMAND: POST /session/0fb4450c6422fe69939d6824736e2f6f/element - {"using":"xpath","value":"//bdi[contains(text(), \"OK\")]"}
RESULT: {"using":"xpath","value":"//bdi[contains(text(), \"OK\")]"}
COMMAND: POST /session/0fb4450c6422fe69939d6824736e2f6f/element/f.852D346EF878C3E5FC3136AC53424AFF.d.92C8A8F11C0856AC1C35F299ABAEF269.e.18935/click - {}
RESULT: {}
COMMAND: GET /session/0fb4450c6422fe69939d6824736e2f6f/screenshot - {}
RESULT: {}
COMMAND: POST /session/0fb4450c6422fe69939d6824736e2f6f/element - {"using":"xpath","value":"//span[contains(@id, \"smartTable-header-inner\")]"}
RESULT: {"using":"xpath","value":"//span[contains(@id, \"smartTable-header-inner\")]"}
COMMAND: POST /session/0fb4450c6422fe69939d6824736e2f6f/elements - {"using":"xpath","value":"//span[contains(@id, \"smartTable-header-inner\")]"}
RESULT: {"using":"xpath","value":"//span[contains(@id, \"smartTable-header-inner\")]"}
COMMAND: POST /session/0fb4450c6422fe69939d6824736e2f6f/execute/sync - {"script":"<script> [56 bytes]","args":[{"element-6066-11e4-a52e-4f735466cecf":"f.852D346EF878C3E5FC3136AC53424AFF.d.92C8A8F11C0856AC1C35F299ABAEF269.e.18962","ELEMENT":"f.852D346EF878C3E5FC3136AC53424AFF.d.92C8A8F11C0856AC1C35F299ABAEF269.e.18962"}]}
RESULT: {"script":"<script> [56 bytes]","args":[{"element-6066-11e4-a52e-4f735466cecf":"f.852D346EF878C3E5FC3136AC53424AFF.d.92C8A8F11C0856AC1C35F299ABAEF269.e.18962","ELEMENT":"f.852D346EF878C3E5FC3136AC53424AFF.d.92C8A8F11C0856AC1C35F299ABAEF269.e.18962"}]}
COMMAND: POST /session/0fb4450c6422fe69939d6824736e2f6f/element - {"using":"xpath","value":"//table[contains(@id, \"customHandovers\")]//tbody/tr[1]/td[2]/span"}
COMMAND: GET /session/0fb4450c6422fe69939d6824736e2f6f/screenshot - {}
RESULT: {"using":"xpath","value":"//table[contains(@id, \"customHandovers\")]//tbody/tr[1]/td[2]/span"}
COMMAND: POST /session/0fb4450c6422fe69939d6824736e2f6f/execute/sync - {"script":"<script> [56 bytes]","args":[{"element-6066-11e4-a52e-4f735466cecf":"f.852D346EF878C3E5FC3136AC53424AFF.d.92C8A8F11C0856AC1C35F299ABAEF269.e.18963","ELEMENT":"f.852D346EF878C3E5FC3136AC53424AFF.d.92C8A8F11C0856AC1C35F299ABAEF269.e.18963"}]}
RESULT: {}
RESULT: {"script":"<script> [56 bytes]","args":[{"element-6066-11e4-a52e-4f735466cecf":"f.852D346EF878C3E5FC3136AC53424AFF.d.92C8A8F11C0856AC1C35F299ABAEF269.e.18963","ELEMENT":"f.852D346EF878C3E5FC3136AC53424AFF.d.92C8A8F11C0856AC1C35F299ABAEF269.e.18963"}]}
COMMAND: POST /session/0fb4450c6422fe69939d6824736e2f6f/element - {"using":"xpath","value":"(//span[contains(@id, \"imgNav\")])[1]"}
COMMAND: GET /session/0fb4450c6422fe69939d6824736e2f6f/screenshot - {}
RESULT: {"using":"xpath","value":"(//span[contains(@id, \"imgNav\")])[1]"}
COMMAND: POST /session/0fb4450c6422fe69939d6824736e2f6f/element/f.852D346EF878C3E5FC3136AC53424AFF.d.92C8A8F11C0856AC1C35F299ABAEF269.e.18960/click - {}
RESULT: {}
RESULT: {}
COMMAND: GET /session/0fb4450c6422fe69939d6824736e2f6f/screenshot - {}
RESULT: {}
RESULT: undefined
RESULT: undefined
RESULT: undefined
COMMAND: POST /session/0fb4450c6422fe69939d6824736e2f6f/execute/async - {"script":"<script> [776 bytes]","args":[{"enterText":"5/18/25","selector":{"id":"issueDatePicker","viewName":"etm.portal.ui.managehandovers.view.DetailExecuteHO","interaction":{"idSuffix":"inner"}},"clearTextFirst":true,"interactionType":"ENTER_TEXT"}]}
RESULT: {"script":"<script> [776 bytes]","args":[{"enterText":"5/18/25","selector":{"id":"issueDatePicker","viewName":"etm.portal.ui.managehandovers.view.DetailExecuteHO","interaction":{"idSuffix":"inner"}},"clearTextFirst":true,"interactionType":"ENTER_TEXT"}]}
COMMAND: POST /session/0fb4450c6422fe69939d6824736e2f6f/element - {"using":"xpath","value":"//button[@data-kt=\"PickingTableConfirmAllButton\"]"}
RESULT: {"using":"xpath","value":"//button[@data-kt=\"PickingTableConfirmAllButton\"]"}
COMMAND: POST /session/0fb4450c6422fe69939d6824736e2f6f/element/f.852D346EF878C3E5FC3136AC53424AFF.d.92C8A8F11C0856AC1C35F299ABAEF269.e.18990/click - {}
RESULT: {}
COMMAND: GET /session/0fb4450c6422fe69939d6824736e2f6f/screenshot - {}
RESULT: {}
COMMAND: POST /session/0fb4450c6422fe69939d6824736e2f6f/element - {"using":"xpath","value":"//bdi[contains(text(), \"OK\")]"}
RESULT: {"using":"xpath","value":"//bdi[contains(text(), \"OK\")]"}
COMMAND: POST /session/0fb4450c6422fe69939d6824736e2f6f/element/f.852D346EF878C3E5FC3136AC53424AFF.d.92C8A8F11C0856AC1C35F299ABAEF269.e.19000/click - {}
RESULT: {}
COMMAND: GET /session/0fb4450c6422fe69939d6824736e2f6f/screenshot - {}
RESULT: {}
COMMAND: POST /session/0fb4450c6422fe69939d6824736e2f6f/element - {"using":"xpath","value":"//button[@data-kt=\"execHoIssueButton\"]"}
RESULT: {"using":"xpath","value":"//button[@data-kt=\"execHoIssueButton\"]"}
COMMAND: POST /session/0fb4450c6422fe69939d6824736e2f6f/element/f.852D346EF878C3E5FC3136AC53424AFF.d.92C8A8F11C0856AC1C35F299ABAEF269.e.19001/click - {}
RESULT: {}
COMMAND: GET /session/0fb4450c6422fe69939d6824736e2f6f/screenshot - {}
RESULT: {}
COMMAND: POST /session/0fb4450c6422fe69939d6824736e2f6f/element - {"using":"xpath","value":"//input[contains(@id ,\"smartFilterBar-btnBasicSearch-I\")]"}
RESULT: {"using":"xpath","value":"//input[contains(@id ,\"smartFilterBar-btnBasicSearch-I\")]"}
COMMAND: POST /session/0fb4450c6422fe69939d6824736e2f6f/elements - {"using":"xpath","value":"//input[contains(@id ,\"smartFilterBar-btnBasicSearch-I\")]"}
RESULT: {"using":"xpath","value":"//input[contains(@id ,\"smartFilterBar-btnBasicSearch-I\")]"}
COMMAND: POST /session/0fb4450c6422fe69939d6824736e2f6f/execute/sync - {"script":"<script> [8489 bytes]","args":[{"element-6066-11e4-a52e-4f735466cecf":"f.852D346EF878C3E5FC3136AC53424AFF.d.92C8A8F11C0856AC1C35F299ABAEF269.e.18331","ELEMENT":"f.852D346EF878C3E5FC3136AC53424AFF.d.92C8A8F11C0856AC1C35F299ABAEF269.e.18331"}]}
RESULT: {"script":"<script> [8489 bytes]","args":[{"element-6066-11e4-a52e-4f735466cecf":"f.852D346EF878C3E5FC3136AC53424AFF.d.92C8A8F11C0856AC1C35F299ABAEF269.e.18331","ELEMENT":"f.852D346EF878C3E5FC3136AC53424AFF.d.92C8A8F11C0856AC1C35F299ABAEF269.e.18331"}]}
COMMAND: GET /session/0fb4450c6422fe69939d6824736e2f6f/element/f.852D346EF878C3E5FC3136AC53424AFF.d.92C8A8F11C0856AC1C35F299ABAEF269.e.18331/enabled - {}
COMMAND: GET /session/0fb4450c6422fe69939d6824736e2f6f/screenshot - {}
RESULT: {}
COMMAND: POST /session/0fb4450c6422fe69939d6824736e2f6f/element/f.852D346EF878C3E5FC3136AC53424AFF.d.92C8A8F11C0856AC1C35F299ABAEF269.e.18331/clear - {}
COMMAND: GET /session/0fb4450c6422fe69939d6824736e2f6f/screenshot - {}
RESULT: {}
RESULT: {}
COMMAND: POST /session/0fb4450c6422fe69939d6824736e2f6f/element/f.852D346EF878C3E5FC3136AC53424AFF.d.92C8A8F11C0856AC1C35F299ABAEF269.e.18331/value - {"text":"30682"}
COMMAND: GET /session/0fb4450c6422fe69939d6824736e2f6f/screenshot - {}
RESULT: {}
RESULT: {"text":"30682"}
COMMAND: GET /session/0fb4450c6422fe69939d6824736e2f6f/screenshot - {}
RESULT: {}
RESULT: {}
COMMAND: POST /session/0fb4450c6422fe69939d6824736e2f6f/actions - {"actions":[{"id":"action60","type":"key","parameters":{},"actions":[{"type":"keyDown","value":"î€‡"},{"type":"pause","duration":10},{"type":"keyUp","value":"î€‡"}]}]}
RESULT: {"actions":[{"id":"action60","type":"key","parameters":{},"actions":[{"type":"keyDown","value":"î€‡"},{"type":"pause","duration":10},{"type":"keyUp","value":"î€‡"}]}]}
COMMAND: GET /session/0fb4450c6422fe69939d6824736e2f6f/screenshot - {}
RESULT: {}
COMMAND: POST /session/0fb4450c6422fe69939d6824736e2f6f/element - {"using":"xpath","value":"//span[contains(@id, \"smartTable-header-inner\")]"}
RESULT: {"using":"xpath","value":"//span[contains(@id, \"smartTable-header-inner\")]"}
COMMAND: POST /session/0fb4450c6422fe69939d6824736e2f6f/elements - {"using":"xpath","value":"//span[contains(@id, \"smartTable-header-inner\")]"}
RESULT: {"using":"xpath","value":"//span[contains(@id, \"smartTable-header-inner\")]"}
COMMAND: POST /session/0fb4450c6422fe69939d6824736e2f6f/execute/sync - {"script":"<script> [56 bytes]","args":[{"element-6066-11e4-a52e-4f735466cecf":"f.852D346EF878C3E5FC3136AC53424AFF.d.92C8A8F11C0856AC1C35F299ABAEF269.e.18962","ELEMENT":"f.852D346EF878C3E5FC3136AC53424AFF.d.92C8A8F11C0856AC1C35F299ABAEF269.e.18962"}]}
RESULT: {"script":"<script> [56 bytes]","args":[{"element-6066-11e4-a52e-4f735466cecf":"f.852D346EF878C3E5FC3136AC53424AFF.d.92C8A8F11C0856AC1C35F299ABAEF269.e.18962","ELEMENT":"f.852D346EF878C3E5FC3136AC53424AFF.d.92C8A8F11C0856AC1C35F299ABAEF269.e.18962"}]}
COMMAND: POST /session/0fb4450c6422fe69939d6824736e2f6f/elements - {"using":"xpath","value":"//thead[contains(@class, \"sapMTableTH\")]/tr/th"}
COMMAND: GET /session/0fb4450c6422fe69939d6824736e2f6f/screenshot - {}
RESULT: {"using":"xpath","value":"//thead[contains(@class, \"sapMTableTH\")]/tr/th"}
COMMAND: GET /session/0fb4450c6422fe69939d6824736e2f6f/element/f.852D346EF878C3E5FC3136AC53424AFF.d.92C8A8F11C0856AC1C35F299ABAEF269.e.19038/text - {}
RESULT: {}
RESULT: {}
COMMAND: GET /session/0fb4450c6422fe69939d6824736e2f6f/element/f.852D346EF878C3E5FC3136AC53424AFF.d.92C8A8F11C0856AC1C35F299ABAEF269.e.19039/text - {}
RESULT: {}
COMMAND: GET /session/0fb4450c6422fe69939d6824736e2f6f/element/f.852D346EF878C3E5FC3136AC53424AFF.d.92C8A8F11C0856AC1C35F299ABAEF269.e.18325/text - {}
RESULT: {}
COMMAND: GET /session/0fb4450c6422fe69939d6824736e2f6f/element/f.852D346EF878C3E5FC3136AC53424AFF.d.92C8A8F11C0856AC1C35F299ABAEF269.e.18327/text - {}
RESULT: {}
COMMAND: GET /session/0fb4450c6422fe69939d6824736e2f6f/element/f.852D346EF878C3E5FC3136AC53424AFF.d.92C8A8F11C0856AC1C35F299ABAEF269.e.19007/text - {}
RESULT: {}
COMMAND: GET /session/0fb4450c6422fe69939d6824736e2f6f/element/f.852D346EF878C3E5FC3136AC53424AFF.d.92C8A8F11C0856AC1C35F299ABAEF269.e.19008/text - {}
RESULT: {}
COMMAND: GET /session/0fb4450c6422fe69939d6824736e2f6f/element/f.852D346EF878C3E5FC3136AC53424AFF.d.92C8A8F11C0856AC1C35F299ABAEF269.e.19009/text - {}
RESULT: {}
COMMAND: GET /session/0fb4450c6422fe69939d6824736e2f6f/element/f.852D346EF878C3E5FC3136AC53424AFF.d.92C8A8F11C0856AC1C35F299ABAEF269.e.19010/text - {}
RESULT: {}
COMMAND: GET /session/0fb4450c6422fe69939d6824736e2f6f/element/f.852D346EF878C3E5FC3136AC53424AFF.d.92C8A8F11C0856AC1C35F299ABAEF269.e.19011/text - {}
RESULT: {}
COMMAND: GET /session/0fb4450c6422fe69939d6824736e2f6f/element/f.852D346EF878C3E5FC3136AC53424AFF.d.92C8A8F11C0856AC1C35F299ABAEF269.e.19012/text - {}
RESULT: {}
COMMAND: GET /session/0fb4450c6422fe69939d6824736e2f6f/element/f.852D346EF878C3E5FC3136AC53424AFF.d.92C8A8F11C0856AC1C35F299ABAEF269.e.19013/text - {}
RESULT: {}
COMMAND: GET /session/0fb4450c6422fe69939d6824736e2f6f/element/f.852D346EF878C3E5FC3136AC53424AFF.d.92C8A8F11C0856AC1C35F299ABAEF269.e.19014/text - {}
RESULT: {}
COMMAND: GET /session/0fb4450c6422fe69939d6824736e2f6f/element/f.852D346EF878C3E5FC3136AC53424AFF.d.92C8A8F11C0856AC1C35F299ABAEF269.e.19015/text - {}
RESULT: {}
COMMAND: GET /session/0fb4450c6422fe69939d6824736e2f6f/element/f.852D346EF878C3E5FC3136AC53424AFF.d.92C8A8F11C0856AC1C35F299ABAEF269.e.18328/text - {}
RESULT: {}
COMMAND: POST /session/0fb4450c6422fe69939d6824736e2f6f/element - {"using":"xpath","value":"//tbody[contains(@id, \"customHandoversTable-tblBody\")]/tr[1]/td[14]/div/span"}
RESULT: {"using":"xpath","value":"//tbody[contains(@id, \"customHandoversTable-tblBody\")]/tr[1]/td[14]/div/span"}
COMMAND: POST /session/0fb4450c6422fe69939d6824736e2f6f/execute/sync - {"script":"<script> [56 bytes]","args":[{"element-6066-11e4-a52e-4f735466cecf":"f.852D346EF878C3E5FC3136AC53424AFF.d.92C8A8F11C0856AC1C35F299ABAEF269.e.19091","ELEMENT":"f.852D346EF878C3E5FC3136AC53424AFF.d.92C8A8F11C0856AC1C35F299ABAEF269.e.19091"}]}
RESULT: {"script":"<script> [56 bytes]","args":[{"element-6066-11e4-a52e-4f735466cecf":"f.852D346EF878C3E5FC3136AC53424AFF.d.92C8A8F11C0856AC1C35F299ABAEF269.e.19091","ELEMENT":"f.852D346EF878C3E5FC3136AC53424AFF.d.92C8A8F11C0856AC1C35F299ABAEF269.e.19091"}]}
COMMAND: POST /session/0fb4450c6422fe69939d6824736e2f6f/element - {"using":"xpath","value":"(//span[contains(@id, \"imgNav\")])[1]"}
COMMAND: GET /session/0fb4450c6422fe69939d6824736e2f6f/screenshot - {}
RESULT: {"using":"xpath","value":"(//span[contains(@id, \"imgNav\")])[1]"}
COMMAND: POST /session/0fb4450c6422fe69939d6824736e2f6f/element/f.852D346EF878C3E5FC3136AC53424AFF.d.92C8A8F11C0856AC1C35F299ABAEF269.e.19092/click - {}
RESULT: {}
RESULT: {}
COMMAND: GET /session/0fb4450c6422fe69939d6824736e2f6f/screenshot - {}
RESULT: {}
RESULT: undefined
COMMAND: POST /session/0fb4450c6422fe69939d6824736e2f6f/execute/async - {"script":"<script> [776 bytes]","args":[{"enterText":"05/18/25","selector":{"id":"receiptDatePicker","viewName":"etm.portal.ui.managehandovers.view.DetailExecuteHO","interaction":{"idSuffix":"inner"}},"clearTextFirst":true,"interactionType":"ENTER_TEXT"}]}
RESULT: {"script":"<script> [776 bytes]","args":[{"enterText":"05/18/25","selector":{"id":"receiptDatePicker","viewName":"etm.portal.ui.managehandovers.view.DetailExecuteHO","interaction":{"idSuffix":"inner"}},"clearTextFirst":true,"interactionType":"ENTER_TEXT"}]}
COMMAND: POST /session/0fb4450c6422fe69939d6824736e2f6f/element - {"using":"xpath","value":"//bdi[contains(text(), \"OK\")]"}
RESULT: {"using":"xpath","value":"//bdi[contains(text(), \"OK\")]"}
COMMAND: POST /session/0fb4450c6422fe69939d6824736e2f6f/element/f.852D346EF878C3E5FC3136AC53424AFF.d.92C8A8F11C0856AC1C35F299ABAEF269.e.19125/click - {}
RESULT: {}
COMMAND: GET /session/0fb4450c6422fe69939d6824736e2f6f/screenshot - {}
RESULT: {}
COMMAND: POST /session/0fb4450c6422fe69939d6824736e2f6f/element - {"using":"xpath","value":"//button[@data-kt=\"PickingTableConfirmAllButton\"]"}
RESULT: {"using":"xpath","value":"//button[@data-kt=\"PickingTableConfirmAllButton\"]"}
COMMAND: POST /session/0fb4450c6422fe69939d6824736e2f6f/element/f.852D346EF878C3E5FC3136AC53424AFF.d.92C8A8F11C0856AC1C35F299ABAEF269.e.19111/click - {}
RESULT: {}
COMMAND: GET /session/0fb4450c6422fe69939d6824736e2f6f/screenshot - {}
RESULT: {}
COMMAND: POST /session/0fb4450c6422fe69939d6824736e2f6f/element - {"using":"xpath","value":"//bdi[contains(text(), \"OK\")]"}
RESULT: {"using":"xpath","value":"//bdi[contains(text(), \"OK\")]"}
COMMAND: POST /session/0fb4450c6422fe69939d6824736e2f6f/element/f.852D346EF878C3E5FC3136AC53424AFF.d.92C8A8F11C0856AC1C35F299ABAEF269.e.19134/click - {}
RESULT: {}
COMMAND: GET /session/0fb4450c6422fe69939d6824736e2f6f/screenshot - {}
RESULT: {}
COMMAND: POST /session/0fb4450c6422fe69939d6824736e2f6f/element - {"using":"xpath","value":"//button[@data-kt= \"execHoReceiveButton\"]"}
RESULT: {"using":"xpath","value":"//button[@data-kt= \"execHoReceiveButton\"]"}
COMMAND: POST /session/0fb4450c6422fe69939d6824736e2f6f/element/f.852D346EF878C3E5FC3136AC53424AFF.d.92C8A8F11C0856AC1C35F299ABAEF269.e.19135/click - {}
RESULT: {}
COMMAND: GET /session/0fb4450c6422fe69939d6824736e2f6f/screenshot - {}
RESULT: {}
COMMAND: POST /session/0fb4450c6422fe69939d6824736e2f6f/element - {"using":"xpath","value":"//input[contains(@id ,\"smartFilterBar-btnBasicSearch-I\")]"}
RESULT: {"using":"xpath","value":"//input[contains(@id ,\"smartFilterBar-btnBasicSearch-I\")]"}
COMMAND: POST /session/0fb4450c6422fe69939d6824736e2f6f/elements - {"using":"xpath","value":"//input[contains(@id ,\"smartFilterBar-btnBasicSearch-I\")]"}
RESULT: {"using":"xpath","value":"//input[contains(@id ,\"smartFilterBar-btnBasicSearch-I\")]"}
COMMAND: POST /session/0fb4450c6422fe69939d6824736e2f6f/execute/sync - {"script":"<script> [8489 bytes]","args":[{"element-6066-11e4-a52e-4f735466cecf":"f.852D346EF878C3E5FC3136AC53424AFF.d.92C8A8F11C0856AC1C35F299ABAEF269.e.18331","ELEMENT":"f.852D346EF878C3E5FC3136AC53424AFF.d.92C8A8F11C0856AC1C35F299ABAEF269.e.18331"}]}
RESULT: {"script":"<script> [8489 bytes]","args":[{"element-6066-11e4-a52e-4f735466cecf":"f.852D346EF878C3E5FC3136AC53424AFF.d.92C8A8F11C0856AC1C35F299ABAEF269.e.18331","ELEMENT":"f.852D346EF878C3E5FC3136AC53424AFF.d.92C8A8F11C0856AC1C35F299ABAEF269.e.18331"}]}
COMMAND: GET /session/0fb4450c6422fe69939d6824736e2f6f/element/f.852D346EF878C3E5FC3136AC53424AFF.d.92C8A8F11C0856AC1C35F299ABAEF269.e.18331/enabled - {}
COMMAND: GET /session/0fb4450c6422fe69939d6824736e2f6f/screenshot - {}
RESULT: {}
COMMAND: POST /session/0fb4450c6422fe69939d6824736e2f6f/element/f.852D346EF878C3E5FC3136AC53424AFF.d.92C8A8F11C0856AC1C35F299ABAEF269.e.18331/clear - {}
COMMAND: GET /session/0fb4450c6422fe69939d6824736e2f6f/screenshot - {}
RESULT: {}
RESULT: {}
COMMAND: POST /session/0fb4450c6422fe69939d6824736e2f6f/element/f.852D346EF878C3E5FC3136AC53424AFF.d.92C8A8F11C0856AC1C35F299ABAEF269.e.18331/value - {"text":"30682"}
COMMAND: GET /session/0fb4450c6422fe69939d6824736e2f6f/screenshot - {}
RESULT: {}
RESULT: {"text":"30682"}
COMMAND: GET /session/0fb4450c6422fe69939d6824736e2f6f/screenshot - {}
RESULT: {}
RESULT: {}
COMMAND: POST /session/0fb4450c6422fe69939d6824736e2f6f/actions - {"actions":[{"id":"action61","type":"key","parameters":{},"actions":[{"type":"keyDown","value":"î€‡"},{"type":"pause","duration":10},{"type":"keyUp","value":"î€‡"}]}]}
RESULT: {"actions":[{"id":"action61","type":"key","parameters":{},"actions":[{"type":"keyDown","value":"î€‡"},{"type":"pause","duration":10},{"type":"keyUp","value":"î€‡"}]}]}
COMMAND: GET /session/0fb4450c6422fe69939d6824736e2f6f/screenshot - {}
RESULT: {}
COMMAND: POST /session/0fb4450c6422fe69939d6824736e2f6f/element - {"using":"xpath","value":"//span[contains(@id, \"smartTable-header-inner\")]"}
RESULT: {"using":"xpath","value":"//span[contains(@id, \"smartTable-header-inner\")]"}
COMMAND: POST /session/0fb4450c6422fe69939d6824736e2f6f/elements - {"using":"xpath","value":"//span[contains(@id, \"smartTable-header-inner\")]"}
RESULT: {"using":"xpath","value":"//span[contains(@id, \"smartTable-header-inner\")]"}
COMMAND: POST /session/0fb4450c6422fe69939d6824736e2f6f/execute/sync - {"script":"<script> [56 bytes]","args":[{"element-6066-11e4-a52e-4f735466cecf":"f.852D346EF878C3E5FC3136AC53424AFF.d.92C8A8F11C0856AC1C35F299ABAEF269.e.18962","ELEMENT":"f.852D346EF878C3E5FC3136AC53424AFF.d.92C8A8F11C0856AC1C35F299ABAEF269.e.18962"}]}
RESULT: {"script":"<script> [56 bytes]","args":[{"element-6066-11e4-a52e-4f735466cecf":"f.852D346EF878C3E5FC3136AC53424AFF.d.92C8A8F11C0856AC1C35F299ABAEF269.e.18962","ELEMENT":"f.852D346EF878C3E5FC3136AC53424AFF.d.92C8A8F11C0856AC1C35F299ABAEF269.e.18962"}]}
COMMAND: POST /session/0fb4450c6422fe69939d6824736e2f6f/elements - {"using":"xpath","value":"//thead[contains(@class, \"sapMTableTH\")]/tr/th"}
COMMAND: GET /session/0fb4450c6422fe69939d6824736e2f6f/screenshot - {}
RESULT: {"using":"xpath","value":"//thead[contains(@class, \"sapMTableTH\")]/tr/th"}
COMMAND: GET /session/0fb4450c6422fe69939d6824736e2f6f/element/f.852D346EF878C3E5FC3136AC53424AFF.d.92C8A8F11C0856AC1C35F299ABAEF269.e.19038/text - {}
RESULT: {}
RESULT: {}
COMMAND: GET /session/0fb4450c6422fe69939d6824736e2f6f/element/f.852D346EF878C3E5FC3136AC53424AFF.d.92C8A8F11C0856AC1C35F299ABAEF269.e.19039/text - {}
RESULT: {}
COMMAND: GET /session/0fb4450c6422fe69939d6824736e2f6f/element/f.852D346EF878C3E5FC3136AC53424AFF.d.92C8A8F11C0856AC1C35F299ABAEF269.e.18325/text - {}
RESULT: {}
COMMAND: GET /session/0fb4450c6422fe69939d6824736e2f6f/element/f.852D346EF878C3E5FC3136AC53424AFF.d.92C8A8F11C0856AC1C35F299ABAEF269.e.18327/text - {}
RESULT: {}
COMMAND: GET /session/0fb4450c6422fe69939d6824736e2f6f/element/f.852D346EF878C3E5FC3136AC53424AFF.d.92C8A8F11C0856AC1C35F299ABAEF269.e.19140/text - {}
RESULT: {}
COMMAND: GET /session/0fb4450c6422fe69939d6824736e2f6f/element/f.852D346EF878C3E5FC3136AC53424AFF.d.92C8A8F11C0856AC1C35F299ABAEF269.e.19141/text - {}
RESULT: {}
COMMAND: GET /session/0fb4450c6422fe69939d6824736e2f6f/element/f.852D346EF878C3E5FC3136AC53424AFF.d.92C8A8F11C0856AC1C35F299ABAEF269.e.19142/text - {}
RESULT: {}
COMMAND: GET /session/0fb4450c6422fe69939d6824736e2f6f/element/f.852D346EF878C3E5FC3136AC53424AFF.d.92C8A8F11C0856AC1C35F299ABAEF269.e.19143/text - {}
RESULT: {}
COMMAND: GET /session/0fb4450c6422fe69939d6824736e2f6f/element/f.852D346EF878C3E5FC3136AC53424AFF.d.92C8A8F11C0856AC1C35F299ABAEF269.e.19144/text - {}
RESULT: {}
COMMAND: GET /session/0fb4450c6422fe69939d6824736e2f6f/element/f.852D346EF878C3E5FC3136AC53424AFF.d.92C8A8F11C0856AC1C35F299ABAEF269.e.19145/text - {}
RESULT: {}
COMMAND: GET /session/0fb4450c6422fe69939d6824736e2f6f/element/f.852D346EF878C3E5FC3136AC53424AFF.d.92C8A8F11C0856AC1C35F299ABAEF269.e.19146/text - {}
RESULT: {}
COMMAND: GET /session/0fb4450c6422fe69939d6824736e2f6f/element/f.852D346EF878C3E5FC3136AC53424AFF.d.92C8A8F11C0856AC1C35F299ABAEF269.e.19147/text - {}
RESULT: {}
COMMAND: GET /session/0fb4450c6422fe69939d6824736e2f6f/element/f.852D346EF878C3E5FC3136AC53424AFF.d.92C8A8F11C0856AC1C35F299ABAEF269.e.19148/text - {}
RESULT: {}
COMMAND: GET /session/0fb4450c6422fe69939d6824736e2f6f/element/f.852D346EF878C3E5FC3136AC53424AFF.d.92C8A8F11C0856AC1C35F299ABAEF269.e.18328/text - {}
RESULT: {}
COMMAND: POST /session/0fb4450c6422fe69939d6824736e2f6f/element - {"using":"xpath","value":"//tbody[contains(@id, \"customHandoversTable-tblBody\")]/tr[1]/td[14]/div/span"}
RESULT: {"using":"xpath","value":"//tbody[contains(@id, \"customHandoversTable-tblBody\")]/tr[1]/td[14]/div/span"}
COMMAND: POST /session/0fb4450c6422fe69939d6824736e2f6f/execute/sync - {"script":"<script> [56 bytes]","args":[{"element-6066-11e4-a52e-4f735466cecf":"f.852D346EF878C3E5FC3136AC53424AFF.d.92C8A8F11C0856AC1C35F299ABAEF269.e.19190","ELEMENT":"f.852D346EF878C3E5FC3136AC53424AFF.d.92C8A8F11C0856AC1C35F299ABAEF269.e.19190"}]}
RESULT: {"script":"<script> [56 bytes]","args":[{"element-6066-11e4-a52e-4f735466cecf":"f.852D346EF878C3E5FC3136AC53424AFF.d.92C8A8F11C0856AC1C35F299ABAEF269.e.19190","ELEMENT":"f.852D346EF878C3E5FC3136AC53424AFF.d.92C8A8F11C0856AC1C35F299ABAEF269.e.19190"}]}
]]></system-out>
    </testcase>
    <testcase classname="chrome.136_0_7103_93.windows.Provide_to_Site_w/o_warehouse_management_w/o_clarification" name="Should Test for Handover Execution" time="12.495">
      <system-out><![CDATA[
COMMAND: POST /session/0fb4450c6422fe69939d6824736e2f6f/element - {"using":"xpath","value":"(//span[contains(@id, \"imgNav\")])[1]"}
COMMAND: GET /session/0fb4450c6422fe69939d6824736e2f6f/screenshot - {}
RESULT: {"using":"xpath","value":"(//span[contains(@id, \"imgNav\")])[1]"}
COMMAND: POST /session/0fb4450c6422fe69939d6824736e2f6f/element/f.852D346EF878C3E5FC3136AC53424AFF.d.92C8A8F11C0856AC1C35F299ABAEF269.e.19191/click - {}
RESULT: {}
RESULT: {}
COMMAND: GET /session/0fb4450c6422fe69939d6824736e2f6f/screenshot - {}
RESULT: {}
COMMAND: POST /session/0fb4450c6422fe69939d6824736e2f6f/element - {"using":"css selector","value":"#shell-header-logo"}
RESULT: {"using":"css selector","value":"#shell-header-logo"}
COMMAND: POST /session/0fb4450c6422fe69939d6824736e2f6f/element/f.852D346EF878C3E5FC3136AC53424AFF.d.92C8A8F11C0856AC1C35F299ABAEF269.e.17625/click - {}
RESULT: {}
COMMAND: GET /session/0fb4450c6422fe69939d6824736e2f6f/screenshot - {}
RESULT: {}
]]></system-out>
    </testcase>
    <testcase classname="chrome.136_0_7103_93.windows.Provide_to_Site_w/o_warehouse_management_w/o_clarification" name="Should test for Clarification" time="0.004">
      <system-out><![CDATA[
COMMAND: POST /session/0fb4450c6422fe69939d6824736e2f6f/element - {"using":"css selector","value":"#j_username"}
COMMAND: POST /session/0fb4450c6422fe69939d6824736e2f6f/url - {"url":"https://qa-testing-00-live-etm-ui.cfapps.eu10-004.hana.ondemand.com/"}
RESULT: {"using":"css selector","value":"#j_username"}
COMMAND: POST /session/0fb4450c6422fe69939d6824736e2f6f/element - {"using":"css selector","value":"#j_username"}
RESULT: {"url":"https://qa-testing-00-live-etm-ui.cfapps.eu10-004.hana.ondemand.com/"}
RESULT: undefined
COMMAND: GET /session/0fb4450c6422fe69939d6824736e2f6f/screenshot - {}
RESULT: {"using":"css selector","value":"#j_username"}
COMMAND: POST /session/0fb4450c6422fe69939d6824736e2f6f/element - {"using":"css selector","value":"#shell-header-logo"}
RESULT: {}
RESULT: {"using":"css selector","value":"#shell-header-logo"}
COMMAND: POST /session/0fb4450c6422fe69939d6824736e2f6f/execute/sync - {"script":"<script> [8489 bytes]","args":[{"element-6066-11e4-a52e-4f735466cecf":"f.852D346EF878C3E5FC3136AC53424AFF.d.7E0F9413F545018DC3AD49DFD1D1895A.e.19243","ELEMENT":"f.852D346EF878C3E5FC3136AC53424AFF.d.7E0F9413F545018DC3AD49DFD1D1895A.e.19243"}]}
RESULT: {"script":"<script> [8489 bytes]","args":[{"element-6066-11e4-a52e-4f735466cecf":"f.852D346EF878C3E5FC3136AC53424AFF.d.7E0F9413F545018DC3AD49DFD1D1895A.e.19243","ELEMENT":"f.852D346EF878C3E5FC3136AC53424AFF.d.7E0F9413F545018DC3AD49DFD1D1895A.e.19243"}]}
COMMAND: POST /session/0fb4450c6422fe69939d6824736e2f6f/element - {"using":"css selector","value":"#shell-header-logo"}
COMMAND: GET /session/0fb4450c6422fe69939d6824736e2f6f/screenshot - {}
RESULT: {"using":"css selector","value":"#shell-header-logo"}
COMMAND: POST /session/0fb4450c6422fe69939d6824736e2f6f/execute/sync - {"script":"<script> [8489 bytes]","args":[{"element-6066-11e4-a52e-4f735466cecf":"f.852D346EF878C3E5FC3136AC53424AFF.d.7E0F9413F545018DC3AD49DFD1D1895A.e.19243","ELEMENT":"f.852D346EF878C3E5FC3136AC53424AFF.d.7E0F9413F545018DC3AD49DFD1D1895A.e.19243"}]}
RESULT: {}
RESULT: {"script":"<script> [8489 bytes]","args":[{"element-6066-11e4-a52e-4f735466cecf":"f.852D346EF878C3E5FC3136AC53424AFF.d.7E0F9413F545018DC3AD49DFD1D1895A.e.19243","ELEMENT":"f.852D346EF878C3E5FC3136AC53424AFF.d.7E0F9413F545018DC3AD49DFD1D1895A.e.19243"}]}
COMMAND: POST /session/0fb4450c6422fe69939d6824736e2f6f/execute/sync - {"script":"<script> [5351 bytes]","args":[{"element-6066-11e4-a52e-4f735466cecf":"f.852D346EF878C3E5FC3136AC53424AFF.d.7E0F9413F545018DC3AD49DFD1D1895A.e.19243","ELEMENT":"f.852D346EF878C3E5FC3136AC53424AFF.d.7E0F9413F545018DC3AD49DFD1D1895A.e.19243"}]}
COMMAND: GET /session/0fb4450c6422fe69939d6824736e2f6f/screenshot - {}
RESULT: {"script":"<script> [5351 bytes]","args":[{"element-6066-11e4-a52e-4f735466cecf":"f.852D346EF878C3E5FC3136AC53424AFF.d.7E0F9413F545018DC3AD49DFD1D1895A.e.19243","ELEMENT":"f.852D346EF878C3E5FC3136AC53424AFF.d.7E0F9413F545018DC3AD49DFD1D1895A.e.19243"}]}
COMMAND: POST /session/0fb4450c6422fe69939d6824736e2f6f/element - {"using":"css selector","value":"#shell-header-logo"}
COMMAND: GET /session/0fb4450c6422fe69939d6824736e2f6f/screenshot - {}
RESULT: {}
RESULT: {"using":"css selector","value":"#shell-header-logo"}
COMMAND: POST /session/0fb4450c6422fe69939d6824736e2f6f/element/f.852D346EF878C3E5FC3136AC53424AFF.d.7E0F9413F545018DC3AD49DFD1D1895A.e.19243/click - {}
RESULT: {}
RESULT: {}
COMMAND: GET /session/0fb4450c6422fe69939d6824736e2f6f/screenshot - {}
RESULT: {}
COMMAND: POST /session/0fb4450c6422fe69939d6824736e2f6f/execute/async - {"script":"<script> [189 bytes]","args":[]}
RESULT: {"script":"<script> [189 bytes]","args":[]}
COMMAND: POST /session/0fb4450c6422fe69939d6824736e2f6f/execute/async - {"script":"<script> [123 bytes]","args":[]}
RESULT: {"script":"<script> [123 bytes]","args":[]}
COMMAND: POST /session/0fb4450c6422fe69939d6824736e2f6f/timeouts - {"script":"<number>"}
RESULT: {"script":"<number>"}
COMMAND: GET /session/0fb4450c6422fe69939d6824736e2f6f/timeouts - {}
RESULT: {}
RESULT: undefined
COMMAND: POST /session/0fb4450c6422fe69939d6824736e2f6f/execute/async - {"script":"<script> [2676 bytes]","args":[]}
RESULT: {"script":"<script> [2676 bytes]","args":[]}
COMMAND: POST /session/0fb4450c6422fe69939d6824736e2f6f/execute/async - {"script":"<script> [2342 bytes]","args":[{"protocol":"http","hostname":"0.0.0.0","path":"/","capabilities":{"browserName":"chrome","goog:chromeOptions":{"binary":"C:\\Program Files\\Google\\Chrome\\Application\\chrome.exe","args":["--start-maximized"]}},"logLevel":"warn","connectionRetryTimeout":120000,"connectionRetryCount":3,"logLevels":{},"enableDirectConnect":true,"strictSSL":true,"_":"65 more keys: [\"cacheDir\",\"port\",\"requestedCapabilities\",\"automationProtocol\",\"baseUrl\",\"waitforInterval\",\"waitforTimeout\",\"onReload\",\"beforeCommand\",\"afterCommand\",\"rootDir\",\"specs\",\"suites\",\"exclude\",\"groupLogsByTestSpec\",\"excludeDriverLogs\",\"bail\",\"framework\",\"reporters\",\"services\",\"maxInstances\",\"maxInstancesPerCapability\",\"injectGlobals\",\"filesToWatch\",\"execArgv\",\"runnerEnv\",\"runner\",\"shard\",\"specFileRetries\",\"specFileRetriesDelay\",\"specFileRetriesDeferred\",\"reporterSyncInterval\",\"reporterSyncTimeout\",\"cucumberFeaturesWithLineNumbers\",\"autoCompileOpts\",\"mochaOpts\",\"jasmineOpts\",\"cucumberOpts\",\"onPrepare\",\"onWorkerStart\",\"onWorkerEnd\",\"before\",\"beforeSession\",\"beforeSuite\",\"beforeHook\",\"beforeTest\",\"afterTest\",\"afterHook\",\"afterSuite\",\"afterSession\",\"after\",\"onComplete\",\"beforeAssertion\",\"afterAssertion\",\"beforeFeature\",\"beforeScenario\",\"beforeStep\",\"afterStep\",\"afterScenario\",\"afterFeature\",\"_\",\"suite\",\"$0\",\"ignoredWorkerServices\",\"wdi5\"]"}]}
RESULT: {"script":"<script> [2342 bytes]","args":[{"protocol":"http","hostname":"0.0.0.0","path":"/","capabilities":{"browserName":"chrome","goog:chromeOptions":{"binary":"C:\\Program Files\\Google\\Chrome\\Application\\chrome.exe","args":["--start-maximized"]}},"logLevel":"warn","connectionRetryTimeout":120000,"connectionRetryCount":3,"logLevels":{},"enableDirectConnect":true,"strictSSL":true,"_":"65 more keys: [\"cacheDir\",\"port\",\"requestedCapabilities\",\"automationProtocol\",\"baseUrl\",\"waitforInterval\",\"waitforTimeout\",\"onReload\",\"beforeCommand\",\"afterCommand\",\"rootDir\",\"specs\",\"suites\",\"exclude\",\"groupLogsByTestSpec\",\"excludeDriverLogs\",\"bail\",\"framework\",\"reporters\",\"services\",\"maxInstances\",\"maxInstancesPerCapability\",\"injectGlobals\",\"filesToWatch\",\"execArgv\",\"runnerEnv\",\"runner\",\"shard\",\"specFileRetries\",\"specFileRetriesDelay\",\"specFileRetriesDeferred\",\"reporterSyncInterval\",\"reporterSyncTimeout\",\"cucumberFeaturesWithLineNumbers\",\"autoCompileOpts\",\"mochaOpts\",\"jasmineOpts\",\"cucumberOpts\",\"onPrepare\",\"onWorkerStart\",\"onWorkerEnd\",\"before\",\"beforeSession\",\"beforeSuite\",\"beforeHook\",\"beforeTest\",\"afterTest\",\"afterHook\",\"afterSuite\",\"afterSession\",\"after\",\"onComplete\",\"beforeAssertion\",\"afterAssertion\",\"beforeFeature\",\"beforeScenario\",\"beforeStep\",\"afterStep\",\"afterScenario\",\"afterFeature\",\"_\",\"suite\",\"$0\",\"ignoredWorkerServices\",\"wdi5\"]"}]}
COMMAND: POST /session/0fb4450c6422fe69939d6824736e2f6f/execute/async - {"script":"<script> [21126 bytes]","args":[35000]}
RESULT: {"script":"<script> [21126 bytes]","args":[35000]}
COMMAND: POST /session/0fb4450c6422fe69939d6824736e2f6f/window/maximize - {}
RESULT: {}
COMMAND: POST /session/0fb4450c6422fe69939d6824736e2f6f/execute/async - {"script":"<script> [1562 bytes]","args":[{"selector":{"id":"shell-header","interaction":{"idSuffix":"icon"}},"wdio_ui5_key":"shellheader"}]}
COMMAND: GET /session/0fb4450c6422fe69939d6824736e2f6f/screenshot - {}
RESULT: {"script":"<script> [1562 bytes]","args":[{"selector":{"id":"shell-header","interaction":{"idSuffix":"icon"}},"wdio_ui5_key":"shellheader"}]}
RESULT: undefined
COMMAND: POST /session/0fb4450c6422fe69939d6824736e2f6f/refresh - {}
RESULT: {}
RESULT: {}
COMMAND: GET /session/0fb4450c6422fe69939d6824736e2f6f/screenshot - {}
RESULT: {}
COMMAND: POST /session/0fb4450c6422fe69939d6824736e2f6f/refresh - {}
RESULT: {}
COMMAND: GET /session/0fb4450c6422fe69939d6824736e2f6f/screenshot - {}
RESULT: {}
COMMAND: POST /session/0fb4450c6422fe69939d6824736e2f6f/window/fullscreen - {}
RESULT: {}
COMMAND: POST /session/0fb4450c6422fe69939d6824736e2f6f/execute/async - {"script":"<script> [189 bytes]","args":[]}
RESULT: {"script":"<script> [189 bytes]","args":[]}
COMMAND: POST /session/0fb4450c6422fe69939d6824736e2f6f/execute/async - {"script":"<script> [123 bytes]","args":[]}
RESULT: {"script":"<script> [123 bytes]","args":[]}
COMMAND: POST /session/0fb4450c6422fe69939d6824736e2f6f/timeouts - {"script":"<number>"}
RESULT: {"script":"<number>"}
COMMAND: GET /session/0fb4450c6422fe69939d6824736e2f6f/timeouts - {}
RESULT: {}
RESULT: undefined
COMMAND: POST /session/0fb4450c6422fe69939d6824736e2f6f/execute/async - {"script":"<script> [2676 bytes]","args":[]}
RESULT: {"script":"<script> [2676 bytes]","args":[]}
COMMAND: POST /session/0fb4450c6422fe69939d6824736e2f6f/execute/async - {"script":"<script> [2342 bytes]","args":[{"protocol":"http","hostname":"0.0.0.0","path":"/","capabilities":{"browserName":"chrome","goog:chromeOptions":{"binary":"C:\\Program Files\\Google\\Chrome\\Application\\chrome.exe","args":["--start-maximized"]}},"logLevel":"warn","connectionRetryTimeout":120000,"connectionRetryCount":3,"logLevels":{},"enableDirectConnect":true,"strictSSL":true,"_":"65 more keys: [\"cacheDir\",\"port\",\"requestedCapabilities\",\"automationProtocol\",\"baseUrl\",\"waitforInterval\",\"waitforTimeout\",\"onReload\",\"beforeCommand\",\"afterCommand\",\"rootDir\",\"specs\",\"suites\",\"exclude\",\"groupLogsByTestSpec\",\"excludeDriverLogs\",\"bail\",\"framework\",\"reporters\",\"services\",\"maxInstances\",\"maxInstancesPerCapability\",\"injectGlobals\",\"filesToWatch\",\"execArgv\",\"runnerEnv\",\"runner\",\"shard\",\"specFileRetries\",\"specFileRetriesDelay\",\"specFileRetriesDeferred\",\"reporterSyncInterval\",\"reporterSyncTimeout\",\"cucumberFeaturesWithLineNumbers\",\"autoCompileOpts\",\"mochaOpts\",\"jasmineOpts\",\"cucumberOpts\",\"onPrepare\",\"onWorkerStart\",\"onWorkerEnd\",\"before\",\"beforeSession\",\"beforeSuite\",\"beforeHook\",\"beforeTest\",\"afterTest\",\"afterHook\",\"afterSuite\",\"afterSession\",\"after\",\"onComplete\",\"beforeAssertion\",\"afterAssertion\",\"beforeFeature\",\"beforeScenario\",\"beforeStep\",\"afterStep\",\"afterScenario\",\"afterFeature\",\"_\",\"suite\",\"$0\",\"ignoredWorkerServices\",\"wdi5\"]"}]}
RESULT: {"script":"<script> [2342 bytes]","args":[{"protocol":"http","hostname":"0.0.0.0","path":"/","capabilities":{"browserName":"chrome","goog:chromeOptions":{"binary":"C:\\Program Files\\Google\\Chrome\\Application\\chrome.exe","args":["--start-maximized"]}},"logLevel":"warn","connectionRetryTimeout":120000,"connectionRetryCount":3,"logLevels":{},"enableDirectConnect":true,"strictSSL":true,"_":"65 more keys: [\"cacheDir\",\"port\",\"requestedCapabilities\",\"automationProtocol\",\"baseUrl\",\"waitforInterval\",\"waitforTimeout\",\"onReload\",\"beforeCommand\",\"afterCommand\",\"rootDir\",\"specs\",\"suites\",\"exclude\",\"groupLogsByTestSpec\",\"excludeDriverLogs\",\"bail\",\"framework\",\"reporters\",\"services\",\"maxInstances\",\"maxInstancesPerCapability\",\"injectGlobals\",\"filesToWatch\",\"execArgv\",\"runnerEnv\",\"runner\",\"shard\",\"specFileRetries\",\"specFileRetriesDelay\",\"specFileRetriesDeferred\",\"reporterSyncInterval\",\"reporterSyncTimeout\",\"cucumberFeaturesWithLineNumbers\",\"autoCompileOpts\",\"mochaOpts\",\"jasmineOpts\",\"cucumberOpts\",\"onPrepare\",\"onWorkerStart\",\"onWorkerEnd\",\"before\",\"beforeSession\",\"beforeSuite\",\"beforeHook\",\"beforeTest\",\"afterTest\",\"afterHook\",\"afterSuite\",\"afterSession\",\"after\",\"onComplete\",\"beforeAssertion\",\"afterAssertion\",\"beforeFeature\",\"beforeScenario\",\"beforeStep\",\"afterStep\",\"afterScenario\",\"afterFeature\",\"_\",\"suite\",\"$0\",\"ignoredWorkerServices\",\"wdi5\"]"}]}
COMMAND: POST /session/0fb4450c6422fe69939d6824736e2f6f/execute/async - {"script":"<script> [21126 bytes]","args":[35000]}
RESULT: {"script":"<script> [21126 bytes]","args":[35000]}
]]></system-out>
    </testcase>
  </testsuite>
  <testsuite timestamp="2025-05-18T17:08:32" time="172.495" tests="6" failures="0" errors="0" skipped="0">
    <properties>
      <property name="specId" value="0" />
      <property name="suiteName" value="Return from Site w/ warehouse management w/ clarification US125588" />
      <property name="capabilities" value="chrome.136_0_7103_93.windows" />
      <property name="file" value="file:///D:/a/1/s/test/specs/HTR/return-from-site-w-warehouse-management-w-clarification.spec.js" />
    </properties>
    <testcase classname="chrome.136_0_7103_93.windows.Return_from_Site_w/_warehouse_management_w/_clarification_US125588" name="Should create a new WHM yard" time="0.01">
      <system-out><![CDATA[
COMMAND: POST /session/0fb4450c6422fe69939d6824736e2f6f/window/fullscreen - {}
RESULT: {}
]]></system-out>
    </testcase>
    <testcase classname="chrome.136_0_7103_93.windows.Return_from_Site_w/_warehouse_management_w/_clarification_US125588" name="Should create a new external WHM partner" time="0.003" />
    <testcase classname="chrome.136_0_7103_93.windows.Return_from_Site_w/_warehouse_management_w/_clarification_US125588" name="Should create a new WHM site" time="0.003" />
    <testcase classname="chrome.136_0_7103_93.windows.Return_from_Site_w/_warehouse_management_w/_clarification_US125588" name="Should create a new material" time="117.244">
      <system-out><![CDATA[
COMMAND: POST /session/0fb4450c6422fe69939d6824736e2f6f/execute/async - {"script":"<script> [1562 bytes]","args":[{"selector":{"controlType":"sap.m.GenericTile","properties":{"header":"Manage Resources"}},"wdio_ui5_key":"sapm.GenericTile{\"header\":\"Manage Resources\"}"}]}
RESULT: {"script":"<script> [1562 bytes]","args":[{"selector":{"controlType":"sap.m.GenericTile","properties":{"header":"Manage Resources"}},"wdio_ui5_key":"sapm.GenericTile{\"header\":\"Manage Resources\"}"}]}
RESULT: undefined
COMMAND: POST /session/0fb4450c6422fe69939d6824736e2f6f/element - {"using":"xpath","value":"//*[@id=\"__tile39\"]"}
RESULT: {"using":"xpath","value":"//*[@id=\"__tile39\"]"}
COMMAND: POST /session/0fb4450c6422fe69939d6824736e2f6f/element/f.852D346EF878C3E5FC3136AC53424AFF.d.C964993C9BA5B49F62C6CDF73A62907C.e.19395/click - {}
RESULT: {}
COMMAND: GET /session/0fb4450c6422fe69939d6824736e2f6f/screenshot - {}
RESULT: {}
COMMAND: POST /session/0fb4450c6422fe69939d6824736e2f6f/elements - {"using":"xpath","value":"//span[text()='Error']"}
RESULT: {"using":"xpath","value":"//span[text()='Error']"}
COMMAND: POST /session/0fb4450c6422fe69939d6824736e2f6f/element - {"using":"xpath","value":"//button[@data-kt=\"addNewRUOverflowToolbarButton\"]"}
RESULT: {"using":"xpath","value":"//button[@data-kt=\"addNewRUOverflowToolbarButton\"]"}
COMMAND: POST /session/0fb4450c6422fe69939d6824736e2f6f/elements - {"using":"xpath","value":"//button[@data-kt=\"addNewRUOverflowToolbarButton\"]"}
RESULT: {"using":"xpath","value":"//button[@data-kt=\"addNewRUOverflowToolbarButton\"]"}
COMMAND: POST /session/0fb4450c6422fe69939d6824736e2f6f/elements - {"using":"xpath","value":"//button[@data-kt=\"addNewRUOverflowToolbarButton\"]"}
RESULT: {"using":"xpath","value":"//button[@data-kt=\"addNewRUOverflowToolbarButton\"]"}
COMMAND: POST /session/0fb4450c6422fe69939d6824736e2f6f/elements - {"using":"xpath","value":"//button[@data-kt=\"addNewRUOverflowToolbarButton\"]"}
RESULT: {"using":"xpath","value":"//button[@data-kt=\"addNewRUOverflowToolbarButton\"]"}
COMMAND: POST /session/0fb4450c6422fe69939d6824736e2f6f/elements - {"using":"xpath","value":"//button[@data-kt=\"addNewRUOverflowToolbarButton\"]"}
RESULT: {"using":"xpath","value":"//button[@data-kt=\"addNewRUOverflowToolbarButton\"]"}
COMMAND: POST /session/0fb4450c6422fe69939d6824736e2f6f/elements - {"using":"xpath","value":"//button[@data-kt=\"addNewRUOverflowToolbarButton\"]"}
RESULT: {"using":"xpath","value":"//button[@data-kt=\"addNewRUOverflowToolbarButton\"]"}
COMMAND: POST /session/0fb4450c6422fe69939d6824736e2f6f/elements - {"using":"xpath","value":"//button[@data-kt=\"addNewRUOverflowToolbarButton\"]"}
RESULT: {"using":"xpath","value":"//button[@data-kt=\"addNewRUOverflowToolbarButton\"]"}
COMMAND: POST /session/0fb4450c6422fe69939d6824736e2f6f/elements - {"using":"xpath","value":"//button[@data-kt=\"addNewRUOverflowToolbarButton\"]"}
RESULT: {"using":"xpath","value":"//button[@data-kt=\"addNewRUOverflowToolbarButton\"]"}
COMMAND: POST /session/0fb4450c6422fe69939d6824736e2f6f/element - {"using":"xpath","value":"//button[@data-kt=\"addNewRUOverflowToolbarButton\"]"}
RESULT: {"using":"xpath","value":"//button[@data-kt=\"addNewRUOverflowToolbarButton\"]"}
COMMAND: POST /session/0fb4450c6422fe69939d6824736e2f6f/execute/sync - {"script":"<script> [8489 bytes]","args":[{"element-6066-11e4-a52e-4f735466cecf":"f.852D346EF878C3E5FC3136AC53424AFF.d.C964993C9BA5B49F62C6CDF73A62907C.e.19534","ELEMENT":"f.852D346EF878C3E5FC3136AC53424AFF.d.C964993C9BA5B49F62C6CDF73A62907C.e.19534"}]}
RESULT: {"script":"<script> [8489 bytes]","args":[{"element-6066-11e4-a52e-4f735466cecf":"f.852D346EF878C3E5FC3136AC53424AFF.d.C964993C9BA5B49F62C6CDF73A62907C.e.19534","ELEMENT":"f.852D346EF878C3E5FC3136AC53424AFF.d.C964993C9BA5B49F62C6CDF73A62907C.e.19534"}]}
COMMAND: GET /session/0fb4450c6422fe69939d6824736e2f6f/element/f.852D346EF878C3E5FC3136AC53424AFF.d.C964993C9BA5B49F62C6CDF73A62907C.e.19534/enabled - {}
COMMAND: GET /session/0fb4450c6422fe69939d6824736e2f6f/screenshot - {}
RESULT: {}
COMMAND: POST /session/0fb4450c6422fe69939d6824736e2f6f/execute/sync - {"script":"<script> [8489 bytes]","args":[{"element-6066-11e4-a52e-4f735466cecf":"f.852D346EF878C3E5FC3136AC53424AFF.d.C964993C9BA5B49F62C6CDF73A62907C.e.19534","ELEMENT":"f.852D346EF878C3E5FC3136AC53424AFF.d.C964993C9BA5B49F62C6CDF73A62907C.e.19534"}]}
COMMAND: GET /session/0fb4450c6422fe69939d6824736e2f6f/screenshot - {}
RESULT: {}
RESULT: {"script":"<script> [8489 bytes]","args":[{"element-6066-11e4-a52e-4f735466cecf":"f.852D346EF878C3E5FC3136AC53424AFF.d.C964993C9BA5B49F62C6CDF73A62907C.e.19534","ELEMENT":"f.852D346EF878C3E5FC3136AC53424AFF.d.C964993C9BA5B49F62C6CDF73A62907C.e.19534"}]}
COMMAND: POST /session/0fb4450c6422fe69939d6824736e2f6f/execute/sync - {"script":"<script> [5351 bytes]","args":[{"element-6066-11e4-a52e-4f735466cecf":"f.852D346EF878C3E5FC3136AC53424AFF.d.C964993C9BA5B49F62C6CDF73A62907C.e.19534","ELEMENT":"f.852D346EF878C3E5FC3136AC53424AFF.d.C964993C9BA5B49F62C6CDF73A62907C.e.19534"}]}
COMMAND: GET /session/0fb4450c6422fe69939d6824736e2f6f/screenshot - {}
RESULT: {}
RESULT: {"script":"<script> [5351 bytes]","args":[{"element-6066-11e4-a52e-4f735466cecf":"f.852D346EF878C3E5FC3136AC53424AFF.d.C964993C9BA5B49F62C6CDF73A62907C.e.19534","ELEMENT":"f.852D346EF878C3E5FC3136AC53424AFF.d.C964993C9BA5B49F62C6CDF73A62907C.e.19534"}]}
COMMAND: POST /session/0fb4450c6422fe69939d6824736e2f6f/element/f.852D346EF878C3E5FC3136AC53424AFF.d.C964993C9BA5B49F62C6CDF73A62907C.e.19534/click - {}
COMMAND: GET /session/0fb4450c6422fe69939d6824736e2f6f/screenshot - {}
RESULT: {}
RESULT: {}
COMMAND: GET /session/0fb4450c6422fe69939d6824736e2f6f/screenshot - {}
RESULT: {}
RESULT: {}
COMMAND: POST /session/0fb4450c6422fe69939d6824736e2f6f/execute/async - {"script":"<script> [1562 bytes]","args":[{"selector":{"id":"application-manageresources-display-component---newResourceUnit--TYPE-arrow"},"wdio_ui5_key":"applicationmanageresources-display-component---newResourceUnit--TYPE-arrow"}]}
RESULT: {"script":"<script> [1562 bytes]","args":[{"selector":{"id":"application-manageresources-display-component---newResourceUnit--TYPE-arrow"},"wdio_ui5_key":"applicationmanageresources-display-component---newResourceUnit--TYPE-arrow"}]}
RESULT: undefined
COMMAND: POST /session/0fb4450c6422fe69939d6824736e2f6f/element - {"using":"xpath","value":"//*[@id=\"application-manageresources-display-component---newResourceUnit--TYPE-arrow\"]"}
RESULT: {"using":"xpath","value":"//*[@id=\"application-manageresources-display-component---newResourceUnit--TYPE-arrow\"]"}
COMMAND: POST /session/0fb4450c6422fe69939d6824736e2f6f/element/f.852D346EF878C3E5FC3136AC53424AFF.d.C964993C9BA5B49F62C6CDF73A62907C.e.19893/click - {}
RESULT: {}
COMMAND: POST /session/0fb4450c6422fe69939d6824736e2f6f/element - {"using":"xpath","value":"//input[@id=\"application-manageresources-display-component---newResourceUnit--TYPE-inner\"]"}
COMMAND: GET /session/0fb4450c6422fe69939d6824736e2f6f/screenshot - {}
RESULT: {"using":"xpath","value":"//input[@id=\"application-manageresources-display-component---newResourceUnit--TYPE-inner\"]"}
COMMAND: POST /session/0fb4450c6422fe69939d6824736e2f6f/element/f.852D346EF878C3E5FC3136AC53424AFF.d.C964993C9BA5B49F62C6CDF73A62907C.e.19886/clear - {}
RESULT: {}
RESULT: {}
COMMAND: POST /session/0fb4450c6422fe69939d6824736e2f6f/element/f.852D346EF878C3E5FC3136AC53424AFF.d.C964993C9BA5B49F62C6CDF73A62907C.e.19886/value - {"text":"Material"}
COMMAND: GET /session/0fb4450c6422fe69939d6824736e2f6f/screenshot - {}
RESULT: {"text":"Material"}
COMMAND: GET /session/0fb4450c6422fe69939d6824736e2f6f/screenshot - {}
RESULT: {}
RESULT: {}
COMMAND: POST /session/0fb4450c6422fe69939d6824736e2f6f/actions - {"actions":[{"id":"action62","type":"key","parameters":{},"actions":[{"type":"keyDown","value":"î€‡"},{"type":"pause","duration":10},{"type":"keyUp","value":"î€‡"}]}]}
RESULT: {"actions":[{"id":"action62","type":"key","parameters":{},"actions":[{"type":"keyDown","value":"î€‡"},{"type":"pause","duration":10},{"type":"keyUp","value":"î€‡"}]}]}
COMMAND: POST /session/0fb4450c6422fe69939d6824736e2f6f/execute/async - {"script":"<script> [1562 bytes]","args":[{"selector":{"id":"application-manageresources-display-component---newResourceUnit--SHORT_TEXT","interaction":{"idSuffix":"inner"}},"wdio_ui5_key":"applicationmanageresources-display-component---newResourceUnit--SHORT_TEXT"}]}
COMMAND: GET /session/0fb4450c6422fe69939d6824736e2f6f/screenshot - {}
RESULT: {"script":"<script> [1562 bytes]","args":[{"selector":{"id":"application-manageresources-display-component---newResourceUnit--SHORT_TEXT","interaction":{"idSuffix":"inner"}},"wdio_ui5_key":"applicationmanageresources-display-component---newResourceUnit--SHORT_TEXT"}]}
RESULT: undefined
COMMAND: POST /session/0fb4450c6422fe69939d6824736e2f6f/execute/async - {"script":"<script> [776 bytes]","args":[{"enterText":"Cement WDIO","selector":{"id":"application-manageresources-display-component---newResourceUnit--SHORT_TEXT","interaction":{"idSuffix":"inner"}},"clearTextFirst":true,"interactionType":"ENTER_TEXT"}]}
RESULT: {}
RESULT: {"script":"<script> [776 bytes]","args":[{"enterText":"Cement WDIO","selector":{"id":"application-manageresources-display-component---newResourceUnit--SHORT_TEXT","interaction":{"idSuffix":"inner"}},"clearTextFirst":true,"interactionType":"ENTER_TEXT"}]}
COMMAND: POST /session/0fb4450c6422fe69939d6824736e2f6f/execute/async - {"script":"<script> [1562 bytes]","args":[{"selector":{"id":"application-manageresources-display-component---newResourceUnit--BASE_UNIT_OF_MEASURE","interaction":{"idSuffix":"inner"}},"wdio_ui5_key":"applicationmanageresources-display-component---newResourceUnit--BASE_UNIT_OF_MEASURE"}]}
RESULT: {"script":"<script> [1562 bytes]","args":[{"selector":{"id":"application-manageresources-display-component---newResourceUnit--BASE_UNIT_OF_MEASURE","interaction":{"idSuffix":"inner"}},"wdio_ui5_key":"applicationmanageresources-display-component---newResourceUnit--BASE_UNIT_OF_MEASURE"}]}
RESULT: undefined
COMMAND: POST /session/0fb4450c6422fe69939d6824736e2f6f/execute/async - {"script":"<script> [776 bytes]","args":[{"enterText":"Piece","selector":{"id":"application-manageresources-display-component---newResourceUnit--BASE_UNIT_OF_MEASURE","interaction":{"idSuffix":"inner"}},"clearTextFirst":true,"interactionType":"ENTER_TEXT"}]}
RESULT: {"script":"<script> [776 bytes]","args":[{"enterText":"Piece","selector":{"id":"application-manageresources-display-component---newResourceUnit--BASE_UNIT_OF_MEASURE","interaction":{"idSuffix":"inner"}},"clearTextFirst":true,"interactionType":"ENTER_TEXT"}]}
COMMAND: POST /session/0fb4450c6422fe69939d6824736e2f6f/execute/async - {"script":"<script> [1562 bytes]","args":[{"selector":{"id":"application-manageresources-display-component---newResourceUnit--WEIGHT_UNIT","interaction":{"idSuffix":"inner"}},"wdio_ui5_key":"applicationmanageresources-display-component---newResourceUnit--WEIGHT_UNIT"}]}
RESULT: {"script":"<script> [1562 bytes]","args":[{"selector":{"id":"application-manageresources-display-component---newResourceUnit--WEIGHT_UNIT","interaction":{"idSuffix":"inner"}},"wdio_ui5_key":"applicationmanageresources-display-component---newResourceUnit--WEIGHT_UNIT"}]}
RESULT: undefined
COMMAND: POST /session/0fb4450c6422fe69939d6824736e2f6f/execute/async - {"script":"<script> [776 bytes]","args":[{"enterText":"Gram","selector":{"id":"application-manageresources-display-component---newResourceUnit--WEIGHT_UNIT","interaction":{"idSuffix":"inner"}},"clearTextFirst":true,"interactionType":"ENTER_TEXT"}]}
RESULT: {"script":"<script> [776 bytes]","args":[{"enterText":"Gram","selector":{"id":"application-manageresources-display-component---newResourceUnit--WEIGHT_UNIT","interaction":{"idSuffix":"inner"}},"clearTextFirst":true,"interactionType":"ENTER_TEXT"}]}
COMMAND: POST /session/0fb4450c6422fe69939d6824736e2f6f/execute/async - {"script":"<script> [1562 bytes]","args":[{"selector":{"id":"application-manageresources-display-component---newResourceUnit--DIMENSION_UNIT","interaction":{"idSuffix":"inner"}},"wdio_ui5_key":"applicationmanageresources-display-component---newResourceUnit--DIMENSION_UNIT"}]}
RESULT: {"script":"<script> [1562 bytes]","args":[{"selector":{"id":"application-manageresources-display-component---newResourceUnit--DIMENSION_UNIT","interaction":{"idSuffix":"inner"}},"wdio_ui5_key":"applicationmanageresources-display-component---newResourceUnit--DIMENSION_UNIT"}]}
RESULT: undefined
COMMAND: POST /session/0fb4450c6422fe69939d6824736e2f6f/execute/async - {"script":"<script> [776 bytes]","args":[{"enterText":"Meter","selector":{"id":"application-manageresources-display-component---newResourceUnit--DIMENSION_UNIT","interaction":{"idSuffix":"inner"}},"clearTextFirst":true,"interactionType":"ENTER_TEXT"}]}
RESULT: {"script":"<script> [776 bytes]","args":[{"enterText":"Meter","selector":{"id":"application-manageresources-display-component---newResourceUnit--DIMENSION_UNIT","interaction":{"idSuffix":"inner"}},"clearTextFirst":true,"interactionType":"ENTER_TEXT"}]}
COMMAND: POST /session/0fb4450c6422fe69939d6824736e2f6f/execute/async - {"script":"<script> [1562 bytes]","args":[{"selector":{"id":"application-manageresources-display-component---newResourceUnit--newRRUPage-anchBar-application-manageresources-display-component---newResourceUnit--control-anchor","interaction":{"idSuffix":"BDI-content"}},"wdio_ui5_key":"applicationmanageresources-display-component---newResourceUnit--newRRUPage-anchBar-application-manageresources-display-component---newResourceUnit--control-anchor"}]}
RESULT: {"script":"<script> [1562 bytes]","args":[{"selector":{"id":"application-manageresources-display-component---newResourceUnit--newRRUPage-anchBar-application-manageresources-display-component---newResourceUnit--control-anchor","interaction":{"idSuffix":"BDI-content"}},"wdio_ui5_key":"applicationmanageresources-display-component---newResourceUnit--newRRUPage-anchBar-application-manageresources-display-component---newResourceUnit--control-anchor"}]}
RESULT: undefined
COMMAND: POST /session/0fb4450c6422fe69939d6824736e2f6f/element - {"using":"xpath","value":"//*[@id=\"application-manageresources-display-component---newResourceUnit--newRRUPage-anchBar-application-manageresources-display-component---newResourceUnit--control-anchor\"]"}
RESULT: {"using":"xpath","value":"//*[@id=\"application-manageresources-display-component---newResourceUnit--newRRUPage-anchBar-application-manageresources-display-component---newResourceUnit--control-anchor\"]"}
COMMAND: POST /session/0fb4450c6422fe69939d6824736e2f6f/element/f.852D346EF878C3E5FC3136AC53424AFF.d.C964993C9BA5B49F62C6CDF73A62907C.e.19959/click - {}
RESULT: {}
COMMAND: POST /session/0fb4450c6422fe69939d6824736e2f6f/execute/async - {"script":"<script> [1562 bytes]","args":[{"selector":{"id":"application-manageresources-display-component---newResourceUnit--PLANNING_GROUP","interaction":{"idSuffix":"inner"}},"wdio_ui5_key":"applicationmanageresources-display-component---newResourceUnit--PLANNING_GROUP"}]}
COMMAND: GET /session/0fb4450c6422fe69939d6824736e2f6f/screenshot - {}
RESULT: {"script":"<script> [1562 bytes]","args":[{"selector":{"id":"application-manageresources-display-component---newResourceUnit--PLANNING_GROUP","interaction":{"idSuffix":"inner"}},"wdio_ui5_key":"applicationmanageresources-display-component---newResourceUnit--PLANNING_GROUP"}]}
RESULT: undefined
COMMAND: POST /session/0fb4450c6422fe69939d6824736e2f6f/execute/async - {"script":"<script> [776 bytes]","args":[{"enterText":"Material","selector":{"id":"application-manageresources-display-component---newResourceUnit--PLANNING_GROUP","interaction":{"idSuffix":"inner"}},"clearTextFirst":true,"interactionType":"ENTER_TEXT"}]}
RESULT: {}
RESULT: {"script":"<script> [776 bytes]","args":[{"enterText":"Material","selector":{"id":"application-manageresources-display-component---newResourceUnit--PLANNING_GROUP","interaction":{"idSuffix":"inner"}},"clearTextFirst":true,"interactionType":"ENTER_TEXT"}]}
COMMAND: POST /session/0fb4450c6422fe69939d6824736e2f6f/execute/async - {"script":"<script> [1562 bytes]","args":[{"selector":{"id":"application-manageresources-display-component---newResourceUnit--PLANNING_INDICATOR","interaction":{"idSuffix":"inner"}},"wdio_ui5_key":"applicationmanageresources-display-component---newResourceUnit--PLANNING_INDICATOR"}]}
RESULT: {"script":"<script> [1562 bytes]","args":[{"selector":{"id":"application-manageresources-display-component---newResourceUnit--PLANNING_INDICATOR","interaction":{"idSuffix":"inner"}},"wdio_ui5_key":"applicationmanageresources-display-component---newResourceUnit--PLANNING_INDICATOR"}]}
RESULT: undefined
COMMAND: POST /session/0fb4450c6422fe69939d6824736e2f6f/execute/async - {"script":"<script> [776 bytes]","args":[{"enterText":"10 - infinite","selector":{"id":"application-manageresources-display-component---newResourceUnit--PLANNING_INDICATOR","interaction":{"idSuffix":"inner"}},"clearTextFirst":true,"interactionType":"ENTER_TEXT"}]}
RESULT: {"script":"<script> [776 bytes]","args":[{"enterText":"10 - infinite","selector":{"id":"application-manageresources-display-component---newResourceUnit--PLANNING_INDICATOR","interaction":{"idSuffix":"inner"}},"clearTextFirst":true,"interactionType":"ENTER_TEXT"}]}
COMMAND: POST /session/0fb4450c6422fe69939d6824736e2f6f/element - {"using":"css selector","value":"#application-manageresources-display-component---newResourceUnit--btnAddTimeSegment"}
RESULT: {"using":"css selector","value":"#application-manageresources-display-component---newResourceUnit--btnAddTimeSegment"}
COMMAND: GET /session/0fb4450c6422fe69939d6824736e2f6f/element/f.852D346EF878C3E5FC3136AC53424AFF.d.C964993C9BA5B49F62C6CDF73A62907C.e.19969/rect - {}
RESULT: {}
COMMAND: GET /session/0fb4450c6422fe69939d6824736e2f6f/window/rect - {}
RESULT: {}
COMMAND: POST /session/0fb4450c6422fe69939d6824736e2f6f/execute/sync - {"script":"<script> [92 bytes]","args":[]}
RESULT: {"script":"<script> [92 bytes]","args":[]}
COMMAND: POST /session/0fb4450c6422fe69939d6824736e2f6f/actions - {"actions":[{"id":"action63","type":"wheel","parameters":{},"actions":[{"type":"scroll","x":-1888,"y":-32,"deltaX":0,"deltaY":0,"duration":0,"origin":{"element-6066-11e4-a52e-4f735466cecf":"f.852D346EF878C3E5FC3136AC53424AFF.d.C964993C9BA5B49F62C6CDF73A62907C.e.19969"}}]}]}
COMMAND: GET /session/0fb4450c6422fe69939d6824736e2f6f/screenshot - {}
RESULT: {}
COMMAND: POST /session/0fb4450c6422fe69939d6824736e2f6f/execute/sync - {"script":"<script> [79 bytes]","args":[{"element-6066-11e4-a52e-4f735466cecf":"f.852D346EF878C3E5FC3136AC53424AFF.d.C964993C9BA5B49F62C6CDF73A62907C.e.19969","ELEMENT":"f.852D346EF878C3E5FC3136AC53424AFF.d.C964993C9BA5B49F62C6CDF73A62907C.e.19969"},{"block":"start","inline":"nearest"}]}
RESULT: {"script":"<script> [79 bytes]","args":[{"element-6066-11e4-a52e-4f735466cecf":"f.852D346EF878C3E5FC3136AC53424AFF.d.C964993C9BA5B49F62C6CDF73A62907C.e.19969","ELEMENT":"f.852D346EF878C3E5FC3136AC53424AFF.d.C964993C9BA5B49F62C6CDF73A62907C.e.19969"},{"block":"start","inline":"nearest"}]}
COMMAND: POST /session/0fb4450c6422fe69939d6824736e2f6f/execute/async - {"script":"<script> [1562 bytes]","args":[{"selector":{"id":"application-manageresources-display-component---newResourceUnit--btnAddTimeSegment","interaction":{"idSuffix":"inner"}},"wdio_ui5_key":"applicationmanageresources-display-component---newResourceUnit--btnAddTimeSegment"}]}
COMMAND: GET /session/0fb4450c6422fe69939d6824736e2f6f/screenshot - {}
RESULT: {"script":"<script> [1562 bytes]","args":[{"selector":{"id":"application-manageresources-display-component---newResourceUnit--btnAddTimeSegment","interaction":{"idSuffix":"inner"}},"wdio_ui5_key":"applicationmanageresources-display-component---newResourceUnit--btnAddTimeSegment"}]}
RESULT: undefined
COMMAND: POST /session/0fb4450c6422fe69939d6824736e2f6f/element - {"using":"xpath","value":"//*[@id=\"application-manageresources-display-component---newResourceUnit--btnAddTimeSegment\"]"}
RESULT: {}
RESULT: {"using":"xpath","value":"//*[@id=\"application-manageresources-display-component---newResourceUnit--btnAddTimeSegment\"]"}
COMMAND: POST /session/0fb4450c6422fe69939d6824736e2f6f/element/f.852D346EF878C3E5FC3136AC53424AFF.d.C964993C9BA5B49F62C6CDF73A62907C.e.19969/click - {}
RESULT: {}
COMMAND: GET /session/0fb4450c6422fe69939d6824736e2f6f/screenshot - {}
RESULT: {}
COMMAND: POST /session/0fb4450c6422fe69939d6824736e2f6f/element - {"using":"xpath","value":"//input[@id=\"application-manageresources-display-component---newResourceUnit--idRuTSAdmin-application-manageresources-display-component---newResourceUnit--RUTimeSegment-0-inner\"]"}
RESULT: {"using":"xpath","value":"//input[@id=\"application-manageresources-display-component---newResourceUnit--idRuTSAdmin-application-manageresources-display-component---newResourceUnit--RUTimeSegment-0-inner\"]"}
COMMAND: POST /session/0fb4450c6422fe69939d6824736e2f6f/element/f.852D346EF878C3E5FC3136AC53424AFF.d.C964993C9BA5B49F62C6CDF73A62907C.e.19974/clear - {}
RESULT: {}
COMMAND: POST /session/0fb4450c6422fe69939d6824736e2f6f/element/f.852D346EF878C3E5FC3136AC53424AFF.d.C964993C9BA5B49F62C6CDF73A62907C.e.19974/value - {"text":"520"}
COMMAND: GET /session/0fb4450c6422fe69939d6824736e2f6f/screenshot - {}
RESULT: {"text":"520"}
COMMAND: GET /session/0fb4450c6422fe69939d6824736e2f6f/screenshot - {}
RESULT: {}
RESULT: {}
COMMAND: POST /session/0fb4450c6422fe69939d6824736e2f6f/element - {"using":"xpath","value":"//li[.//span[text()='520']]"}
RESULT: {"using":"xpath","value":"//li[.//span[text()='520']]"}
COMMAND: POST /session/0fb4450c6422fe69939d6824736e2f6f/element/f.852D346EF878C3E5FC3136AC53424AFF.d.C964993C9BA5B49F62C6CDF73A62907C.e.19983/click - {}
RESULT: {}
COMMAND: GET /session/0fb4450c6422fe69939d6824736e2f6f/screenshot - {}
RESULT: {}
COMMAND: POST /session/0fb4450c6422fe69939d6824736e2f6f/element - {"using":"xpath","value":"(//span[contains(@id, \"-application-manageresources-display-component---newResourceUnit--RUTimeSegment-0-arrow\")])[2]"}
RESULT: {"using":"xpath","value":"(//span[contains(@id, \"-application-manageresources-display-component---newResourceUnit--RUTimeSegment-0-arrow\")])[2]"}
COMMAND: POST /session/0fb4450c6422fe69939d6824736e2f6f/element/f.852D346EF878C3E5FC3136AC53424AFF.d.C964993C9BA5B49F62C6CDF73A62907C.e.19984/click - {}
RESULT: {}
COMMAND: POST /session/0fb4450c6422fe69939d6824736e2f6f/element - {"using":"xpath","value":"//span[contains(text(), \"PM Order\")]"}
COMMAND: GET /session/0fb4450c6422fe69939d6824736e2f6f/screenshot - {}
RESULT: {"using":"xpath","value":"//span[contains(text(), \"PM Order\")]"}
COMMAND: POST /session/0fb4450c6422fe69939d6824736e2f6f/element/f.852D346EF878C3E5FC3136AC53424AFF.d.C964993C9BA5B49F62C6CDF73A62907C.e.19985/click - {}
RESULT: {}
RESULT: {}
COMMAND: GET /session/0fb4450c6422fe69939d6824736e2f6f/screenshot - {}
RESULT: {}
COMMAND: POST /session/0fb4450c6422fe69939d6824736e2f6f/element - {"using":"xpath","value":"//td/div/div/div/span[contains(@id, \"newResourceUnit--RUTimeSegment-0-vhi\")][1]"}
RESULT: {"using":"xpath","value":"//td/div/div/div/span[contains(@id, \"newResourceUnit--RUTimeSegment-0-vhi\")][1]"}
COMMAND: GET /session/0fb4450c6422fe69939d6824736e2f6f/element/f.852D346EF878C3E5FC3136AC53424AFF.d.C964993C9BA5B49F62C6CDF73A62907C.e.19989/rect - {}
RESULT: {}
COMMAND: GET /session/0fb4450c6422fe69939d6824736e2f6f/window/rect - {}
RESULT: {}
COMMAND: POST /session/0fb4450c6422fe69939d6824736e2f6f/execute/sync - {"script":"<script> [92 bytes]","args":[]}
RESULT: {"script":"<script> [92 bytes]","args":[]}
COMMAND: POST /session/0fb4450c6422fe69939d6824736e2f6f/actions - {"actions":[{"id":"action64","type":"wheel","parameters":{},"actions":[{"type":"scroll","x":-1888,"y":-24,"deltaX":0,"deltaY":0,"duration":0,"origin":{"element-6066-11e4-a52e-4f735466cecf":"f.852D346EF878C3E5FC3136AC53424AFF.d.C964993C9BA5B49F62C6CDF73A62907C.e.19989"}}]}]}
COMMAND: GET /session/0fb4450c6422fe69939d6824736e2f6f/screenshot - {}
RESULT: {}
COMMAND: POST /session/0fb4450c6422fe69939d6824736e2f6f/execute/sync - {"script":"<script> [79 bytes]","args":[{"element-6066-11e4-a52e-4f735466cecf":"f.852D346EF878C3E5FC3136AC53424AFF.d.C964993C9BA5B49F62C6CDF73A62907C.e.19989","ELEMENT":"f.852D346EF878C3E5FC3136AC53424AFF.d.C964993C9BA5B49F62C6CDF73A62907C.e.19989"},{"block":"start","inline":"nearest"}]}
RESULT: {"script":"<script> [79 bytes]","args":[{"element-6066-11e4-a52e-4f735466cecf":"f.852D346EF878C3E5FC3136AC53424AFF.d.C964993C9BA5B49F62C6CDF73A62907C.e.19989","ELEMENT":"f.852D346EF878C3E5FC3136AC53424AFF.d.C964993C9BA5B49F62C6CDF73A62907C.e.19989"},{"block":"start","inline":"nearest"}]}
COMMAND: GET /session/0fb4450c6422fe69939d6824736e2f6f/screenshot - {}
RESULT: {}
COMMAND: POST /session/0fb4450c6422fe69939d6824736e2f6f/element/f.852D346EF878C3E5FC3136AC53424AFF.d.C964993C9BA5B49F62C6CDF73A62907C.e.19989/click - {}
RESULT: {}
COMMAND: GET /session/0fb4450c6422fe69939d6824736e2f6f/screenshot - {}
RESULT: {}
COMMAND: POST /session/0fb4450c6422fe69939d6824736e2f6f/execute/async - {"script":"<script> [1562 bytes]","args":[{"selector":{"controlType":"sap.m.SearchField","properties":{"placeholder":"Search"},"searchOpenDialogs":true,"interaction":{"idSuffix":"I"}},"wdio_ui5_key":"sapm.SearchField{\"placeholder\":\"Search\"}"}]}
RESULT: {"script":"<script> [1562 bytes]","args":[{"selector":{"controlType":"sap.m.SearchField","properties":{"placeholder":"Search"},"searchOpenDialogs":true,"interaction":{"idSuffix":"I"}},"wdio_ui5_key":"sapm.SearchField{\"placeholder\":\"Search\"}"}]}
RESULT: undefined
COMMAND: POST /session/0fb4450c6422fe69939d6824736e2f6f/execute/async - {"script":"<script> [776 bytes]","args":[{"enterText":"4000360","selector":{"controlType":"sap.m.SearchField","properties":{"placeholder":"Search"},"searchOpenDialogs":true,"interaction":{"idSuffix":"I"}},"clearTextFirst":true,"interactionType":"ENTER_TEXT"}]}
RESULT: {"script":"<script> [776 bytes]","args":[{"enterText":"4000360","selector":{"controlType":"sap.m.SearchField","properties":{"placeholder":"Search"},"searchOpenDialogs":true,"interaction":{"idSuffix":"I"}},"clearTextFirst":true,"interactionType":"ENTER_TEXT"}]}
COMMAND: POST /session/0fb4450c6422fe69939d6824736e2f6f/actions - {"actions":[{"id":"action65","type":"key","parameters":{},"actions":[{"type":"keyDown","value":"î€‡"},{"type":"pause","duration":10},{"type":"keyUp","value":"î€‡"}]}]}
RESULT: {"actions":[{"id":"action65","type":"key","parameters":{},"actions":[{"type":"keyDown","value":"î€‡"},{"type":"pause","duration":10},{"type":"keyUp","value":"î€‡"}]}]}
COMMAND: GET /session/0fb4450c6422fe69939d6824736e2f6f/screenshot - {}
RESULT: {}
COMMAND: POST /session/0fb4450c6422fe69939d6824736e2f6f/element - {"using":"xpath","value":"//td/div/span[contains(text(), \"BGL Vehicles\")]"}
RESULT: {"using":"xpath","value":"//td/div/span[contains(text(), \"BGL Vehicles\")]"}
COMMAND: POST /session/0fb4450c6422fe69939d6824736e2f6f/element/f.852D346EF878C3E5FC3136AC53424AFF.d.C964993C9BA5B49F62C6CDF73A62907C.e.20010/click - {}
RESULT: {}
COMMAND: GET /session/0fb4450c6422fe69939d6824736e2f6f/screenshot - {}
RESULT: {}
COMMAND: POST /session/0fb4450c6422fe69939d6824736e2f6f/element - {"using":"xpath","value":"//bdi[contains(text(), \"OK\")]"}
RESULT: {"using":"xpath","value":"//bdi[contains(text(), \"OK\")]"}
COMMAND: POST /session/0fb4450c6422fe69939d6824736e2f6f/element/f.852D346EF878C3E5FC3136AC53424AFF.d.C964993C9BA5B49F62C6CDF73A62907C.e.20011/click - {}
RESULT: {}
COMMAND: GET /session/0fb4450c6422fe69939d6824736e2f6f/screenshot - {}
RESULT: {}
COMMAND: POST /session/0fb4450c6422fe69939d6824736e2f6f/element - {"using":"xpath","value":"//label[contains(@class, 'sapMLabelRequired') and .//bdi[contains(text(), 'Planned Retirement')]]"}
RESULT: {"using":"xpath","value":"//label[contains(@class, 'sapMLabelRequired') and .//bdi[contains(text(), 'Planned Retirement')]]"}
COMMAND: POST /session/0fb4450c6422fe69939d6824736e2f6f/elements - {"using":"xpath","value":"//label[contains(@class, 'sapMLabelRequired') and .//bdi[contains(text(), 'Planned Retirement')]]"}
RESULT: {"using":"xpath","value":"//label[contains(@class, 'sapMLabelRequired') and .//bdi[contains(text(), 'Planned Retirement')]]"}
COMMAND: POST /session/0fb4450c6422fe69939d6824736e2f6f/element - {"using":"xpath","value":"//button[@data-kt=\"resourceUnitSaveButton\"]"}
RESULT: {"using":"xpath","value":"//button[@data-kt=\"resourceUnitSaveButton\"]"}
COMMAND: POST /session/0fb4450c6422fe69939d6824736e2f6f/element/f.852D346EF878C3E5FC3136AC53424AFF.d.C964993C9BA5B49F62C6CDF73A62907C.e.19912/click - {}
RESULT: {}
COMMAND: GET /session/0fb4450c6422fe69939d6824736e2f6f/screenshot - {}
RESULT: {}
COMMAND: POST /session/0fb4450c6422fe69939d6824736e2f6f/element - {"using":"xpath","value":"//bdi[contains(text(), \"Close\")]"}
RESULT: {"using":"xpath","value":"//bdi[contains(text(), \"Close\")]"}
COMMAND: POST /session/0fb4450c6422fe69939d6824736e2f6f/element/f.852D346EF878C3E5FC3136AC53424AFF.d.C964993C9BA5B49F62C6CDF73A62907C.e.20018/click - {}
RESULT: {}
COMMAND: GET /session/0fb4450c6422fe69939d6824736e2f6f/screenshot - {}
RESULT: {}
COMMAND: POST /session/0fb4450c6422fe69939d6824736e2f6f/element - {"using":"xpath","value":"//header[contains(@id, 'detailRruPage-headerTitle')]/div[1]/div[2]/div[2]/span[1]"}
RESULT: {"using":"xpath","value":"//header[contains(@id, 'detailRruPage-headerTitle')]/div[1]/div[2]/div[2]/span[1]"}
COMMAND: POST /session/0fb4450c6422fe69939d6824736e2f6f/elements - {"using":"xpath","value":"//header[contains(@id, 'detailRruPage-headerTitle')]/div[1]/div[2]/div[2]/span[1]"}
RESULT: {"using":"xpath","value":"//header[contains(@id, 'detailRruPage-headerTitle')]/div[1]/div[2]/div[2]/span[1]"}
COMMAND: POST /session/0fb4450c6422fe69939d6824736e2f6f/execute/sync - {"script":"<script> [56 bytes]","args":[{"element-6066-11e4-a52e-4f735466cecf":"f.852D346EF878C3E5FC3136AC53424AFF.d.C964993C9BA5B49F62C6CDF73A62907C.e.20050","ELEMENT":"f.852D346EF878C3E5FC3136AC53424AFF.d.C964993C9BA5B49F62C6CDF73A62907C.e.20050"}]}
RESULT: {"script":"<script> [56 bytes]","args":[{"element-6066-11e4-a52e-4f735466cecf":"f.852D346EF878C3E5FC3136AC53424AFF.d.C964993C9BA5B49F62C6CDF73A62907C.e.20050","ELEMENT":"f.852D346EF878C3E5FC3136AC53424AFF.d.C964993C9BA5B49F62C6CDF73A62907C.e.20050"}]}
COMMAND: POST /session/0fb4450c6422fe69939d6824736e2f6f/element - {"using":"css selector","value":"#shell-header-logo"}
COMMAND: GET /session/0fb4450c6422fe69939d6824736e2f6f/screenshot - {}
RESULT: {"using":"css selector","value":"#shell-header-logo"}
COMMAND: POST /session/0fb4450c6422fe69939d6824736e2f6f/element/f.852D346EF878C3E5FC3136AC53424AFF.d.C964993C9BA5B49F62C6CDF73A62907C.e.19504/click - {}
RESULT: {}
RESULT: {}
COMMAND: GET /session/0fb4450c6422fe69939d6824736e2f6f/screenshot - {}
RESULT: {}
]]></system-out>
    </testcase>
    <testcase classname="chrome.136_0_7103_93.windows.Return_from_Site_w/_warehouse_management_w/_clarification_US125588" name="Bin Status Report Should Create New Organization yard" time="0.004" />
    <testcase classname="chrome.136_0_7103_93.windows.Return_from_Site_w/_warehouse_management_w/_clarification_US125588" name="Bin Status Report Should Create New Organization for Site" time="0.003" />
  </testsuite>
  <testsuite timestamp="2025-05-18T17:11:24" time="450.268" tests="7" failures="1" errors="1" skipped="0">
    <properties>
      <property name="specId" value="0" />
      <property name="suiteName" value="Return from Site w/ warehouse management w clarification" />
      <property name="capabilities" value="chrome.136_0_7103_93.windows" />
      <property name="file" value="file:///D:/a/1/s/test/specs/HTR/return-from-site-w-warehouse-management-w-clarification.spec.js" />
    </properties>
    <testcase classname="chrome.136_0_7103_93.windows.Return_from_Site_w/_warehouse_management_w_clarification" name="Should do a stock increase handover" time="83.336">
      <system-out><![CDATA[
COMMAND: POST /session/0fb4450c6422fe69939d6824736e2f6f/execute/async - {"script":"<script> [1562 bytes]","args":[{"selector":{"controlType":"sap.m.GenericTile","properties":{"header":"Manage Handovers"}},"wdio_ui5_key":"sapm.GenericTile{\"header\":\"Manage Handovers\"}"}]}
RESULT: {"script":"<script> [1562 bytes]","args":[{"selector":{"controlType":"sap.m.GenericTile","properties":{"header":"Manage Handovers"}},"wdio_ui5_key":"sapm.GenericTile{\"header\":\"Manage Handovers\"}"}]}
RESULT: undefined
COMMAND: POST /session/0fb4450c6422fe69939d6824736e2f6f/element - {"using":"xpath","value":"//*[@id=\"__tile132\"]"}
RESULT: {"using":"xpath","value":"//*[@id=\"__tile132\"]"}
COMMAND: POST /session/0fb4450c6422fe69939d6824736e2f6f/element/f.852D346EF878C3E5FC3136AC53424AFF.d.C964993C9BA5B49F62C6CDF73A62907C.e.19480/click - {}
RESULT: {}
COMMAND: GET /session/0fb4450c6422fe69939d6824736e2f6f/screenshot - {}
RESULT: {}
COMMAND: POST /session/0fb4450c6422fe69939d6824736e2f6f/elements - {"using":"xpath","value":"//span[text()='Error']"}
RESULT: {"using":"xpath","value":"//span[text()='Error']"}
COMMAND: POST /session/0fb4450c6422fe69939d6824736e2f6f/element - {"using":"xpath","value":"//button[@data-kt=\"masterHOAddButton\"]"}
RESULT: {"using":"xpath","value":"//button[@data-kt=\"masterHOAddButton\"]"}
COMMAND: POST /session/0fb4450c6422fe69939d6824736e2f6f/elements - {"using":"xpath","value":"//button[@data-kt=\"masterHOAddButton\"]"}
RESULT: {"using":"xpath","value":"//button[@data-kt=\"masterHOAddButton\"]"}
COMMAND: POST /session/0fb4450c6422fe69939d6824736e2f6f/execute/sync - {"script":"<script> [8489 bytes]","args":[{"element-6066-11e4-a52e-4f735466cecf":"f.852D346EF878C3E5FC3136AC53424AFF.d.C964993C9BA5B49F62C6CDF73A62907C.e.20092","ELEMENT":"f.852D346EF878C3E5FC3136AC53424AFF.d.C964993C9BA5B49F62C6CDF73A62907C.e.20092"}]}
RESULT: {"script":"<script> [8489 bytes]","args":[{"element-6066-11e4-a52e-4f735466cecf":"f.852D346EF878C3E5FC3136AC53424AFF.d.C964993C9BA5B49F62C6CDF73A62907C.e.20092","ELEMENT":"f.852D346EF878C3E5FC3136AC53424AFF.d.C964993C9BA5B49F62C6CDF73A62907C.e.20092"}]}
COMMAND: GET /session/0fb4450c6422fe69939d6824736e2f6f/element/f.852D346EF878C3E5FC3136AC53424AFF.d.C964993C9BA5B49F62C6CDF73A62907C.e.20092/enabled - {}
COMMAND: GET /session/0fb4450c6422fe69939d6824736e2f6f/screenshot - {}
RESULT: {}
COMMAND: POST /session/0fb4450c6422fe69939d6824736e2f6f/execute/sync - {"script":"<script> [8489 bytes]","args":[{"element-6066-11e4-a52e-4f735466cecf":"f.852D346EF878C3E5FC3136AC53424AFF.d.C964993C9BA5B49F62C6CDF73A62907C.e.20092","ELEMENT":"f.852D346EF878C3E5FC3136AC53424AFF.d.C964993C9BA5B49F62C6CDF73A62907C.e.20092"}]}
COMMAND: GET /session/0fb4450c6422fe69939d6824736e2f6f/screenshot - {}
RESULT: {}
RESULT: {"script":"<script> [8489 bytes]","args":[{"element-6066-11e4-a52e-4f735466cecf":"f.852D346EF878C3E5FC3136AC53424AFF.d.C964993C9BA5B49F62C6CDF73A62907C.e.20092","ELEMENT":"f.852D346EF878C3E5FC3136AC53424AFF.d.C964993C9BA5B49F62C6CDF73A62907C.e.20092"}]}
COMMAND: POST /session/0fb4450c6422fe69939d6824736e2f6f/execute/sync - {"script":"<script> [5351 bytes]","args":[{"element-6066-11e4-a52e-4f735466cecf":"f.852D346EF878C3E5FC3136AC53424AFF.d.C964993C9BA5B49F62C6CDF73A62907C.e.20092","ELEMENT":"f.852D346EF878C3E5FC3136AC53424AFF.d.C964993C9BA5B49F62C6CDF73A62907C.e.20092"}]}
COMMAND: GET /session/0fb4450c6422fe69939d6824736e2f6f/screenshot - {}
RESULT: {}
RESULT: {"script":"<script> [5351 bytes]","args":[{"element-6066-11e4-a52e-4f735466cecf":"f.852D346EF878C3E5FC3136AC53424AFF.d.C964993C9BA5B49F62C6CDF73A62907C.e.20092","ELEMENT":"f.852D346EF878C3E5FC3136AC53424AFF.d.C964993C9BA5B49F62C6CDF73A62907C.e.20092"}]}
COMMAND: POST /session/0fb4450c6422fe69939d6824736e2f6f/element/f.852D346EF878C3E5FC3136AC53424AFF.d.C964993C9BA5B49F62C6CDF73A62907C.e.20092/click - {}
COMMAND: GET /session/0fb4450c6422fe69939d6824736e2f6f/screenshot - {}
RESULT: {}
RESULT: {}
COMMAND: GET /session/0fb4450c6422fe69939d6824736e2f6f/screenshot - {}
RESULT: {}
RESULT: {}
COMMAND: POST /session/0fb4450c6422fe69939d6824736e2f6f/element - {"using":"xpath","value":"//span[contains(@id ,\"AddNewHO--typeSelect-arrow\")]"}
RESULT: {"using":"xpath","value":"//span[contains(@id ,\"AddNewHO--typeSelect-arrow\")]"}
COMMAND: POST /session/0fb4450c6422fe69939d6824736e2f6f/element/f.852D346EF878C3E5FC3136AC53424AFF.d.C964993C9BA5B49F62C6CDF73A62907C.e.20447/click - {}
RESULT: {}
COMMAND: GET /session/0fb4450c6422fe69939d6824736e2f6f/screenshot - {}
RESULT: {}
COMMAND: POST /session/0fb4450c6422fe69939d6824736e2f6f/element - {"using":"xpath","value":"(//li[contains(text(), \"stock increase yard\")])[1]"}
RESULT: {"using":"xpath","value":"(//li[contains(text(), \"stock increase yard\")])[1]"}
COMMAND: POST /session/0fb4450c6422fe69939d6824736e2f6f/element/f.852D346EF878C3E5FC3136AC53424AFF.d.C964993C9BA5B49F62C6CDF73A62907C.e.20448/click - {}
RESULT: {}
COMMAND: GET /session/0fb4450c6422fe69939d6824736e2f6f/screenshot - {}
RESULT: {}
COMMAND: POST /session/0fb4450c6422fe69939d6824736e2f6f/execute/async - {"script":"<script> [1562 bytes]","args":[{"selector":{"id":"application-managehandovers-display-component---AddNewHO--dueDate","interaction":{"idSuffix":"inner"}},"wdio_ui5_key":"applicationmanagehandovers-display-component---AddNewHO--dueDate"}]}
RESULT: {"script":"<script> [1562 bytes]","args":[{"selector":{"id":"application-managehandovers-display-component---AddNewHO--dueDate","interaction":{"idSuffix":"inner"}},"wdio_ui5_key":"applicationmanagehandovers-display-component---AddNewHO--dueDate"}]}
RESULT: undefined
COMMAND: POST /session/0fb4450c6422fe69939d6824736e2f6f/execute/async - {"script":"<script> [6424 bytes]","args":[{"element-6066-11e4-a52e-4f735466cecf":"f.852D346EF878C3E5FC3136AC53424AFF.d.C964993C9BA5B49F62C6CDF73A62907C.e.20450"},"setValue",["5/18/25"]]}
RESULT: {"script":"<script> [6424 bytes]","args":[{"element-6066-11e4-a52e-4f735466cecf":"f.852D346EF878C3E5FC3136AC53424AFF.d.C964993C9BA5B49F62C6CDF73A62907C.e.20450"},"setValue",["5/18/25"]]}
COMMAND: POST /session/0fb4450c6422fe69939d6824736e2f6f/element - {"using":"xpath","value":"//input[@id=\"generalSectionFrg--receiveYard-inner\"]"}
RESULT: {"using":"xpath","value":"//input[@id=\"generalSectionFrg--receiveYard-inner\"]"}
COMMAND: POST /session/0fb4450c6422fe69939d6824736e2f6f/element/f.852D346EF878C3E5FC3136AC53424AFF.d.C964993C9BA5B49F62C6CDF73A62907C.e.20454/clear - {}
RESULT: {}
COMMAND: POST /session/0fb4450c6422fe69939d6824736e2f6f/element/f.852D346EF878C3E5FC3136AC53424AFF.d.C964993C9BA5B49F62C6CDF73A62907C.e.20454/value - {"text":"520"}
COMMAND: GET /session/0fb4450c6422fe69939d6824736e2f6f/screenshot - {}
RESULT: {"text":"520"}
COMMAND: GET /session/0fb4450c6422fe69939d6824736e2f6f/screenshot - {}
RESULT: {}
RESULT: {}
COMMAND: POST /session/0fb4450c6422fe69939d6824736e2f6f/element - {"using":"xpath","value":"//li[.//span[text()='520']]"}
RESULT: {"using":"xpath","value":"//li[.//span[text()='520']]"}
COMMAND: POST /session/0fb4450c6422fe69939d6824736e2f6f/element/f.852D346EF878C3E5FC3136AC53424AFF.d.C964993C9BA5B49F62C6CDF73A62907C.e.20472/click - {}
RESULT: {}
COMMAND: GET /session/0fb4450c6422fe69939d6824736e2f6f/screenshot - {}
RESULT: {}
COMMAND: POST /session/0fb4450c6422fe69939d6824736e2f6f/execute/async - {"script":"<script> [1562 bytes]","args":[{"selector":{"id":"application-managehandovers-display-component---AddNewHO--ObjectPageLayout-anchBar-application-managehandovers-display-component---AddNewHO--section4-anchor","interaction":{"idSuffix":"BDI-content"}},"wdio_ui5_key":"applicationmanagehandovers-display-component---AddNewHO--ObjectPageLayout-anchBar-application-managehandovers-display-component---AddNewHO--section4-anchor"}]}
RESULT: {"script":"<script> [1562 bytes]","args":[{"selector":{"id":"application-managehandovers-display-component---AddNewHO--ObjectPageLayout-anchBar-application-managehandovers-display-component---AddNewHO--section4-anchor","interaction":{"idSuffix":"BDI-content"}},"wdio_ui5_key":"applicationmanagehandovers-display-component---AddNewHO--ObjectPageLayout-anchBar-application-managehandovers-display-component---AddNewHO--section4-anchor"}]}
RESULT: undefined
COMMAND: POST /session/0fb4450c6422fe69939d6824736e2f6f/element - {"using":"xpath","value":"//*[@id=\"application-managehandovers-display-component---AddNewHO--ObjectPageLayout-anchBar-application-managehandovers-display-component---AddNewHO--section4-anchor\"]"}
RESULT: {"using":"xpath","value":"//*[@id=\"application-managehandovers-display-component---AddNewHO--ObjectPageLayout-anchBar-application-managehandovers-display-component---AddNewHO--section4-anchor\"]"}
COMMAND: POST /session/0fb4450c6422fe69939d6824736e2f6f/element/f.852D346EF878C3E5FC3136AC53424AFF.d.C964993C9BA5B49F62C6CDF73A62907C.e.20474/click - {}
RESULT: {}
COMMAND: POST /session/0fb4450c6422fe69939d6824736e2f6f/element - {"using":"xpath","value":"//button[@aria-label=\"Add\"]"}
COMMAND: GET /session/0fb4450c6422fe69939d6824736e2f6f/screenshot - {}
RESULT: {"using":"xpath","value":"//button[@aria-label=\"Add\"]"}
COMMAND: POST /session/0fb4450c6422fe69939d6824736e2f6f/element/f.852D346EF878C3E5FC3136AC53424AFF.d.C964993C9BA5B49F62C6CDF73A62907C.e.20476/click - {}
RESULT: {}
RESULT: {}
COMMAND: GET /session/0fb4450c6422fe69939d6824736e2f6f/screenshot - {}
RESULT: {}
COMMAND: POST /session/0fb4450c6422fe69939d6824736e2f6f/execute/async - {"script":"<script> [1562 bytes]","args":[{"selector":{"id":"application-managehandovers-display-component---AddNewHO--smartFilterBar-btnBasicSearch","searchOpenDialogs":true,"interaction":{"idSuffix":"I"}},"wdio_ui5_key":"applicationmanagehandovers-display-component---AddNewHO--smartFilterBar-btnBasicSearch"}]}
RESULT: {"script":"<script> [1562 bytes]","args":[{"selector":{"id":"application-managehandovers-display-component---AddNewHO--smartFilterBar-btnBasicSearch","searchOpenDialogs":true,"interaction":{"idSuffix":"I"}},"wdio_ui5_key":"applicationmanagehandovers-display-component---AddNewHO--smartFilterBar-btnBasicSearch"}]}
RESULT: undefined
COMMAND: POST /session/0fb4450c6422fe69939d6824736e2f6f/execute/async - {"script":"<script> [776 bytes]","args":[{"enterText":"200277","selector":{"id":"application-managehandovers-display-component---AddNewHO--smartFilterBar-btnBasicSearch","searchOpenDialogs":true,"interaction":{"idSuffix":"I"}},"clearTextFirst":true,"interactionType":"ENTER_TEXT"}]}
RESULT: {"script":"<script> [776 bytes]","args":[{"enterText":"200277","selector":{"id":"application-managehandovers-display-component---AddNewHO--smartFilterBar-btnBasicSearch","searchOpenDialogs":true,"interaction":{"idSuffix":"I"}},"clearTextFirst":true,"interactionType":"ENTER_TEXT"}]}
COMMAND: POST /session/0fb4450c6422fe69939d6824736e2f6f/actions - {"actions":[{"id":"action66","type":"key","parameters":{},"actions":[{"type":"keyDown","value":"î€‡"},{"type":"pause","duration":10},{"type":"keyUp","value":"î€‡"}]}]}
RESULT: {"actions":[{"id":"action66","type":"key","parameters":{},"actions":[{"type":"keyDown","value":"î€‡"},{"type":"pause","duration":10},{"type":"keyUp","value":"î€‡"}]}]}
COMMAND: GET /session/0fb4450c6422fe69939d6824736e2f6f/screenshot - {}
RESULT: {}
COMMAND: POST /session/0fb4450c6422fe69939d6824736e2f6f/execute/async - {"script":"<script> [1562 bytes]","args":[{"selector":{"id":"application-managehandovers-display-component---AddNewHO--popup-sa","searchOpenDialogs":true,"interaction":{"idSuffix":"CbBg"}},"wdio_ui5_key":"applicationmanagehandovers-display-component---AddNewHO--popup-sa"}]}
RESULT: {"script":"<script> [1562 bytes]","args":[{"selector":{"id":"application-managehandovers-display-component---AddNewHO--popup-sa","searchOpenDialogs":true,"interaction":{"idSuffix":"CbBg"}},"wdio_ui5_key":"applicationmanagehandovers-display-component---AddNewHO--popup-sa"}]}
RESULT: undefined
COMMAND: POST /session/0fb4450c6422fe69939d6824736e2f6f/element - {"using":"xpath","value":"//*[@id=\"application-managehandovers-display-component---AddNewHO--popup-sa\"]"}
RESULT: {"using":"xpath","value":"//*[@id=\"application-managehandovers-display-component---AddNewHO--popup-sa\"]"}
COMMAND: POST /session/0fb4450c6422fe69939d6824736e2f6f/element/f.852D346EF878C3E5FC3136AC53424AFF.d.C964993C9BA5B49F62C6CDF73A62907C.e.20629/click - {}
RESULT: {}
COMMAND: GET /session/0fb4450c6422fe69939d6824736e2f6f/screenshot - {}
RESULT: {}
COMMAND: POST /session/0fb4450c6422fe69939d6824736e2f6f/element - {"using":"xpath","value":"//bdi[contains(text(), \"Select\")]"}
RESULT: {"using":"xpath","value":"//bdi[contains(text(), \"Select\")]"}
COMMAND: POST /session/0fb4450c6422fe69939d6824736e2f6f/element/f.852D346EF878C3E5FC3136AC53424AFF.d.C964993C9BA5B49F62C6CDF73A62907C.e.20630/click - {}
RESULT: {}
COMMAND: GET /session/0fb4450c6422fe69939d6824736e2f6f/screenshot - {}
RESULT: {}
COMMAND: POST /session/0fb4450c6422fe69939d6824736e2f6f/element - {"using":"xpath","value":"//button[@data-kt=\"AddNewHOSaveButton\"]"}
RESULT: {"using":"xpath","value":"//button[@data-kt=\"AddNewHOSaveButton\"]"}
COMMAND: POST /session/0fb4450c6422fe69939d6824736e2f6f/element/f.852D346EF878C3E5FC3136AC53424AFF.d.C964993C9BA5B49F62C6CDF73A62907C.e.20634/click - {}
RESULT: {}
COMMAND: GET /session/0fb4450c6422fe69939d6824736e2f6f/screenshot - {}
RESULT: {}
COMMAND: POST /session/0fb4450c6422fe69939d6824736e2f6f/execute/async - {"script":"<script> [1562 bytes]","args":[{"selector":{"id":"receiptDatePicker","viewName":"etm.portal.ui.managehandovers.view.DetailExecuteHO","interaction":{"idSuffix":"inner"}},"wdio_ui5_key":"receiptDatePickeretmportal.ui.managehandovers.view.DetailExecuteHO"}]}
RESULT: {"script":"<script> [1562 bytes]","args":[{"selector":{"id":"receiptDatePicker","viewName":"etm.portal.ui.managehandovers.view.DetailExecuteHO","interaction":{"idSuffix":"inner"}},"wdio_ui5_key":"receiptDatePickeretmportal.ui.managehandovers.view.DetailExecuteHO"}]}
RESULT: undefined
COMMAND: POST /session/0fb4450c6422fe69939d6824736e2f6f/execute/async - {"script":"<script> [6424 bytes]","args":[{"element-6066-11e4-a52e-4f735466cecf":"f.852D346EF878C3E5FC3136AC53424AFF.d.C964993C9BA5B49F62C6CDF73A62907C.e.20646"},"setValue",["5/18/25"]]}
RESULT: {"script":"<script> [6424 bytes]","args":[{"element-6066-11e4-a52e-4f735466cecf":"f.852D346EF878C3E5FC3136AC53424AFF.d.C964993C9BA5B49F62C6CDF73A62907C.e.20646"},"setValue",["5/18/25"]]}
COMMAND: POST /session/0fb4450c6422fe69939d6824736e2f6f/element - {"using":"xpath","value":"//button[@data-kt=\"PickingTableConfirmAllButton\"]"}
RESULT: {"using":"xpath","value":"//button[@data-kt=\"PickingTableConfirmAllButton\"]"}
COMMAND: POST /session/0fb4450c6422fe69939d6824736e2f6f/element/f.852D346EF878C3E5FC3136AC53424AFF.d.C964993C9BA5B49F62C6CDF73A62907C.e.20670/click - {}
RESULT: {}
COMMAND: GET /session/0fb4450c6422fe69939d6824736e2f6f/screenshot - {}
RESULT: {}
COMMAND: POST /session/0fb4450c6422fe69939d6824736e2f6f/element - {"using":"xpath","value":"//bdi[contains(text(), \"OK\")]"}
RESULT: {"using":"xpath","value":"//bdi[contains(text(), \"OK\")]"}
COMMAND: POST /session/0fb4450c6422fe69939d6824736e2f6f/element/f.852D346EF878C3E5FC3136AC53424AFF.d.C964993C9BA5B49F62C6CDF73A62907C.e.20672/click - {}
RESULT: {}
COMMAND: GET /session/0fb4450c6422fe69939d6824736e2f6f/screenshot - {}
RESULT: {}
COMMAND: POST /session/0fb4450c6422fe69939d6824736e2f6f/element - {"using":"xpath","value":"(//bdi[contains(text(), \"Receive\")])[2]"}
RESULT: {"using":"xpath","value":"(//bdi[contains(text(), \"Receive\")])[2]"}
COMMAND: POST /session/0fb4450c6422fe69939d6824736e2f6f/element/f.852D346EF878C3E5FC3136AC53424AFF.d.C964993C9BA5B49F62C6CDF73A62907C.e.20674/click - {}
RESULT: {}
COMMAND: GET /session/0fb4450c6422fe69939d6824736e2f6f/screenshot - {}
RESULT: {}
COMMAND: POST /session/0fb4450c6422fe69939d6824736e2f6f/element - {"using":"css selector","value":"#shell-header-logo"}
RESULT: {"using":"css selector","value":"#shell-header-logo"}
COMMAND: POST /session/0fb4450c6422fe69939d6824736e2f6f/element/f.852D346EF878C3E5FC3136AC53424AFF.d.C964993C9BA5B49F62C6CDF73A62907C.e.20055/click - {}
RESULT: {}
COMMAND: GET /session/0fb4450c6422fe69939d6824736e2f6f/screenshot - {}
RESULT: {}
]]></system-out>
    </testcase>
    <testcase classname="chrome.136_0_7103_93.windows.Return_from_Site_w/_warehouse_management_w_clarification" name="Should create a new contract" time="59.589">
      <system-out><![CDATA[
COMMAND: POST /session/0fb4450c6422fe69939d6824736e2f6f/execute/async - {"script":"<script> [1562 bytes]","args":[{"selector":{"controlType":"sap.m.GenericTile","properties":{"header":"Manage Contracts"}},"wdio_ui5_key":"sapm.GenericTile{\"header\":\"Manage Contracts\"}"}]}
RESULT: {"script":"<script> [1562 bytes]","args":[{"selector":{"controlType":"sap.m.GenericTile","properties":{"header":"Manage Contracts"}},"wdio_ui5_key":"sapm.GenericTile{\"header\":\"Manage Contracts\"}"}]}
RESULT: undefined
COMMAND: POST /session/0fb4450c6422fe69939d6824736e2f6f/element - {"using":"xpath","value":"//*[@id=\"__tile130\"]"}
RESULT: {"using":"xpath","value":"//*[@id=\"__tile130\"]"}
COMMAND: POST /session/0fb4450c6422fe69939d6824736e2f6f/element/f.852D346EF878C3E5FC3136AC53424AFF.d.C964993C9BA5B49F62C6CDF73A62907C.e.19411/click - {}
RESULT: {}
COMMAND: GET /session/0fb4450c6422fe69939d6824736e2f6f/screenshot - {}
RESULT: {}
COMMAND: POST /session/0fb4450c6422fe69939d6824736e2f6f/elements - {"using":"xpath","value":"//span[text()='Error']"}
RESULT: {"using":"xpath","value":"//span[text()='Error']"}
COMMAND: POST /session/0fb4450c6422fe69939d6824736e2f6f/element - {"using":"xpath","value":"//button[@data-kt=\"addButton\"]"}
RESULT: {"using":"xpath","value":"//button[@data-kt=\"addButton\"]"}
COMMAND: POST /session/0fb4450c6422fe69939d6824736e2f6f/elements - {"using":"xpath","value":"//button[@data-kt=\"addButton\"]"}
RESULT: {"using":"xpath","value":"//button[@data-kt=\"addButton\"]"}
COMMAND: POST /session/0fb4450c6422fe69939d6824736e2f6f/execute/sync - {"script":"<script> [8489 bytes]","args":[{"element-6066-11e4-a52e-4f735466cecf":"f.852D346EF878C3E5FC3136AC53424AFF.d.C964993C9BA5B49F62C6CDF73A62907C.e.20892","ELEMENT":"f.852D346EF878C3E5FC3136AC53424AFF.d.C964993C9BA5B49F62C6CDF73A62907C.e.20892"}]}
RESULT: {"script":"<script> [8489 bytes]","args":[{"element-6066-11e4-a52e-4f735466cecf":"f.852D346EF878C3E5FC3136AC53424AFF.d.C964993C9BA5B49F62C6CDF73A62907C.e.20892","ELEMENT":"f.852D346EF878C3E5FC3136AC53424AFF.d.C964993C9BA5B49F62C6CDF73A62907C.e.20892"}]}
COMMAND: GET /session/0fb4450c6422fe69939d6824736e2f6f/element/f.852D346EF878C3E5FC3136AC53424AFF.d.C964993C9BA5B49F62C6CDF73A62907C.e.20892/enabled - {}
COMMAND: GET /session/0fb4450c6422fe69939d6824736e2f6f/screenshot - {}
RESULT: {}
COMMAND: POST /session/0fb4450c6422fe69939d6824736e2f6f/execute/sync - {"script":"<script> [8489 bytes]","args":[{"element-6066-11e4-a52e-4f735466cecf":"f.852D346EF878C3E5FC3136AC53424AFF.d.C964993C9BA5B49F62C6CDF73A62907C.e.20892","ELEMENT":"f.852D346EF878C3E5FC3136AC53424AFF.d.C964993C9BA5B49F62C6CDF73A62907C.e.20892"}]}
COMMAND: GET /session/0fb4450c6422fe69939d6824736e2f6f/screenshot - {}
RESULT: {}
RESULT: {"script":"<script> [8489 bytes]","args":[{"element-6066-11e4-a52e-4f735466cecf":"f.852D346EF878C3E5FC3136AC53424AFF.d.C964993C9BA5B49F62C6CDF73A62907C.e.20892","ELEMENT":"f.852D346EF878C3E5FC3136AC53424AFF.d.C964993C9BA5B49F62C6CDF73A62907C.e.20892"}]}
COMMAND: POST /session/0fb4450c6422fe69939d6824736e2f6f/execute/sync - {"script":"<script> [5351 bytes]","args":[{"element-6066-11e4-a52e-4f735466cecf":"f.852D346EF878C3E5FC3136AC53424AFF.d.C964993C9BA5B49F62C6CDF73A62907C.e.20892","ELEMENT":"f.852D346EF878C3E5FC3136AC53424AFF.d.C964993C9BA5B49F62C6CDF73A62907C.e.20892"}]}
COMMAND: GET /session/0fb4450c6422fe69939d6824736e2f6f/screenshot - {}
RESULT: {}
RESULT: {"script":"<script> [5351 bytes]","args":[{"element-6066-11e4-a52e-4f735466cecf":"f.852D346EF878C3E5FC3136AC53424AFF.d.C964993C9BA5B49F62C6CDF73A62907C.e.20892","ELEMENT":"f.852D346EF878C3E5FC3136AC53424AFF.d.C964993C9BA5B49F62C6CDF73A62907C.e.20892"}]}
COMMAND: GET /session/0fb4450c6422fe69939d6824736e2f6f/screenshot - {}
RESULT: {}
RESULT: {}
COMMAND: POST /session/0fb4450c6422fe69939d6824736e2f6f/element/f.852D346EF878C3E5FC3136AC53424AFF.d.C964993C9BA5B49F62C6CDF73A62907C.e.20892/click - {}
RESULT: {}
COMMAND: GET /session/0fb4450c6422fe69939d6824736e2f6f/screenshot - {}
RESULT: {}
COMMAND: POST /session/0fb4450c6422fe69939d6824736e2f6f/execute/async - {"script":"<script> [1562 bytes]","args":[{"selector":{"id":"application-managecontracts-display-component---AddNewContract--projectDescription","interaction":{"idSuffix":"inner"}},"wdio_ui5_key":"applicationmanagecontracts-display-component---AddNewContract--projectDescription"}]}
RESULT: {"script":"<script> [1562 bytes]","args":[{"selector":{"id":"application-managecontracts-display-component---AddNewContract--projectDescription","interaction":{"idSuffix":"inner"}},"wdio_ui5_key":"applicationmanagecontracts-display-component---AddNewContract--projectDescription"}]}
RESULT: undefined
COMMAND: POST /session/0fb4450c6422fe69939d6824736e2f6f/execute/async - {"script":"<script> [776 bytes]","args":[{"enterText":"Contract WDIO","selector":{"id":"application-managecontracts-display-component---AddNewContract--projectDescription","interaction":{"idSuffix":"inner"}},"clearTextFirst":true,"interactionType":"ENTER_TEXT"}]}
RESULT: {"script":"<script> [776 bytes]","args":[{"enterText":"Contract WDIO","selector":{"id":"application-managecontracts-display-component---AddNewContract--projectDescription","interaction":{"idSuffix":"inner"}},"clearTextFirst":true,"interactionType":"ENTER_TEXT"}]}
COMMAND: POST /session/0fb4450c6422fe69939d6824736e2f6f/element - {"using":"xpath","value":"//input[@id=\"application-managecontracts-display-component---AddNewContract--site-inner\"]"}
RESULT: {"using":"xpath","value":"//input[@id=\"application-managecontracts-display-component---AddNewContract--site-inner\"]"}
COMMAND: POST /session/0fb4450c6422fe69939d6824736e2f6f/element/f.852D346EF878C3E5FC3136AC53424AFF.d.C964993C9BA5B49F62C6CDF73A62907C.e.21251/clear - {}
RESULT: {}
COMMAND: POST /session/0fb4450c6422fe69939d6824736e2f6f/element/f.852D346EF878C3E5FC3136AC53424AFF.d.C964993C9BA5B49F62C6CDF73A62907C.e.21251/value - {"text":"2255"}
COMMAND: GET /session/0fb4450c6422fe69939d6824736e2f6f/screenshot - {}
RESULT: {"text":"2255"}
COMMAND: GET /session/0fb4450c6422fe69939d6824736e2f6f/screenshot - {}
RESULT: {}
RESULT: {}
COMMAND: POST /session/0fb4450c6422fe69939d6824736e2f6f/element - {"using":"xpath","value":"//li[.//span[text()='2255']]"}
RESULT: {"using":"xpath","value":"//li[.//span[text()='2255']]"}
COMMAND: POST /session/0fb4450c6422fe69939d6824736e2f6f/element/f.852D346EF878C3E5FC3136AC53424AFF.d.C964993C9BA5B49F62C6CDF73A62907C.e.21281/click - {}
RESULT: {}
COMMAND: GET /session/0fb4450c6422fe69939d6824736e2f6f/screenshot - {}
RESULT: {}
COMMAND: POST /session/0fb4450c6422fe69939d6824736e2f6f/element - {"using":"xpath","value":"//input[@id=\"application-managecontracts-display-component---AddNewContract--yardId-inner\"]"}
RESULT: {"using":"xpath","value":"//input[@id=\"application-managecontracts-display-component---AddNewContract--yardId-inner\"]"}
COMMAND: GET /session/0fb4450c6422fe69939d6824736e2f6f/element/f.852D346EF878C3E5FC3136AC53424AFF.d.C964993C9BA5B49F62C6CDF73A62907C.e.21252/property/value - {}
RESULT: {}
COMMAND: POST /session/0fb4450c6422fe69939d6824736e2f6f/element - {"using":"xpath","value":"//input[@id=\"application-managecontracts-display-component---AddNewContract--customerSelect-inner\"]"}
COMMAND: GET /session/0fb4450c6422fe69939d6824736e2f6f/screenshot - {}
RESULT: {}
RESULT: {"using":"xpath","value":"//input[@id=\"application-managecontracts-display-component---AddNewContract--customerSelect-inner\"]"}
COMMAND: POST /session/0fb4450c6422fe69939d6824736e2f6f/element/f.852D346EF878C3E5FC3136AC53424AFF.d.C964993C9BA5B49F62C6CDF73A62907C.e.21250/clear - {}
RESULT: {}
COMMAND: POST /session/0fb4450c6422fe69939d6824736e2f6f/element/f.852D346EF878C3E5FC3136AC53424AFF.d.C964993C9BA5B49F62C6CDF73A62907C.e.21250/value - {"text":"1303"}
COMMAND: GET /session/0fb4450c6422fe69939d6824736e2f6f/screenshot - {}
RESULT: {"text":"1303"}
COMMAND: GET /session/0fb4450c6422fe69939d6824736e2f6f/screenshot - {}
RESULT: {}
RESULT: {}
COMMAND: POST /session/0fb4450c6422fe69939d6824736e2f6f/element - {"using":"xpath","value":"//li[.//span[text()='1303']]"}
RESULT: {"using":"xpath","value":"//li[.//span[text()='1303']]"}
COMMAND: POST /session/0fb4450c6422fe69939d6824736e2f6f/element/f.852D346EF878C3E5FC3136AC53424AFF.d.C964993C9BA5B49F62C6CDF73A62907C.e.21284/click - {}
RESULT: {}
COMMAND: GET /session/0fb4450c6422fe69939d6824736e2f6f/screenshot - {}
RESULT: {}
COMMAND: POST /session/0fb4450c6422fe69939d6824736e2f6f/element - {"using":"xpath","value":"//button[@data-kt=\"saveButton\"]"}
RESULT: {"using":"xpath","value":"//button[@data-kt=\"saveButton\"]"}
COMMAND: POST /session/0fb4450c6422fe69939d6824736e2f6f/element/f.852D346EF878C3E5FC3136AC53424AFF.d.C964993C9BA5B49F62C6CDF73A62907C.e.21285/click - {}
RESULT: {}
COMMAND: GET /session/0fb4450c6422fe69939d6824736e2f6f/screenshot - {}
RESULT: {}
COMMAND: POST /session/0fb4450c6422fe69939d6824736e2f6f/element - {"using":"xpath","value":"//span[contains(@id ,\"contractDetailTitleNoExpanded\")]"}
RESULT: {"using":"xpath","value":"//span[contains(@id ,\"contractDetailTitleNoExpanded\")]"}
COMMAND: POST /session/0fb4450c6422fe69939d6824736e2f6f/elements - {"using":"xpath","value":"//span[contains(@id ,\"contractDetailTitleNoExpanded\")]"}
RESULT: {"using":"xpath","value":"//span[contains(@id ,\"contractDetailTitleNoExpanded\")]"}
COMMAND: POST /session/0fb4450c6422fe69939d6824736e2f6f/execute/sync - {"script":"<script> [56 bytes]","args":[{"element-6066-11e4-a52e-4f735466cecf":"f.852D346EF878C3E5FC3136AC53424AFF.d.C964993C9BA5B49F62C6CDF73A62907C.e.21294","ELEMENT":"f.852D346EF878C3E5FC3136AC53424AFF.d.C964993C9BA5B49F62C6CDF73A62907C.e.21294"}]}
RESULT: {"script":"<script> [56 bytes]","args":[{"element-6066-11e4-a52e-4f735466cecf":"f.852D346EF878C3E5FC3136AC53424AFF.d.C964993C9BA5B49F62C6CDF73A62907C.e.21294","ELEMENT":"f.852D346EF878C3E5FC3136AC53424AFF.d.C964993C9BA5B49F62C6CDF73A62907C.e.21294"}]}
COMMAND: GET /session/0fb4450c6422fe69939d6824736e2f6f/screenshot - {}
RESULT: {}
]]></system-out>
    </testcase>
    <testcase classname="chrome.136_0_7103_93.windows.Return_from_Site_w/_warehouse_management_w_clarification" name="Should add equipment to the contract" time="54.155">
      <system-out><![CDATA[
COMMAND: POST /session/0fb4450c6422fe69939d6824736e2f6f/element - {"using":"xpath","value":"//button[@data-kt=\"contractDetailEditBtnButton\"]"}
RESULT: {"using":"xpath","value":"//button[@data-kt=\"contractDetailEditBtnButton\"]"}
COMMAND: POST /session/0fb4450c6422fe69939d6824736e2f6f/element/f.852D346EF878C3E5FC3136AC53424AFF.d.C964993C9BA5B49F62C6CDF73A62907C.e.21297/click - {}
RESULT: {}
COMMAND: GET /session/0fb4450c6422fe69939d6824736e2f6f/screenshot - {}
RESULT: {}
COMMAND: POST /session/0fb4450c6422fe69939d6824736e2f6f/element - {"using":"xpath","value":"(//span[contains(text(), \"Additional Addresses\")])[2]"}
RESULT: {"using":"xpath","value":"(//span[contains(text(), \"Additional Addresses\")])[2]"}
COMMAND: POST /session/0fb4450c6422fe69939d6824736e2f6f/element/f.852D346EF878C3E5FC3136AC53424AFF.d.C964993C9BA5B49F62C6CDF73A62907C.e.21352/click - {}
RESULT: {}
COMMAND: GET /session/0fb4450c6422fe69939d6824736e2f6f/screenshot - {}
RESULT: {}
COMMAND: POST /session/0fb4450c6422fe69939d6824736e2f6f/element - {"using":"xpath","value":"//button[@data-kt=\"btnAddTableRowOverflowToolbarButton\"]"}
RESULT: {"using":"xpath","value":"//button[@data-kt=\"btnAddTableRowOverflowToolbarButton\"]"}
COMMAND: POST /session/0fb4450c6422fe69939d6824736e2f6f/element/f.852D346EF878C3E5FC3136AC53424AFF.d.C964993C9BA5B49F62C6CDF73A62907C.e.21355/click - {}
RESULT: {}
COMMAND: GET /session/0fb4450c6422fe69939d6824736e2f6f/screenshot - {}
RESULT: {}
COMMAND: POST /session/0fb4450c6422fe69939d6824736e2f6f/element - {"using":"xpath","value":"//div[(text() = 'Standard Entry' or . = 'Standard Entry')]"}
RESULT: {"using":"xpath","value":"//div[(text() = 'Standard Entry' or . = 'Standard Entry')]"}
COMMAND: POST /session/0fb4450c6422fe69939d6824736e2f6f/element/f.852D346EF878C3E5FC3136AC53424AFF.d.C964993C9BA5B49F62C6CDF73A62907C.e.21357/click - {}
RESULT: {}
COMMAND: GET /session/0fb4450c6422fe69939d6824736e2f6f/screenshot - {}
RESULT: {}
COMMAND: POST /session/0fb4450c6422fe69939d6824736e2f6f/element - {"using":"xpath","value":"//td[6]/div/div/div/span"}
RESULT: {"using":"xpath","value":"//td[6]/div/div/div/span"}
COMMAND: POST /session/0fb4450c6422fe69939d6824736e2f6f/element/f.852D346EF878C3E5FC3136AC53424AFF.d.C964993C9BA5B49F62C6CDF73A62907C.e.21369/click - {}
RESULT: {}
COMMAND: GET /session/0fb4450c6422fe69939d6824736e2f6f/screenshot - {}
RESULT: {}
COMMAND: POST /session/0fb4450c6422fe69939d6824736e2f6f/element - {"using":"xpath","value":"(//span[contains(text(), \"Material\")])"}
RESULT: {"using":"xpath","value":"(//span[contains(text(), \"Material\")])"}
COMMAND: POST /session/0fb4450c6422fe69939d6824736e2f6f/element/f.852D346EF878C3E5FC3136AC53424AFF.d.C964993C9BA5B49F62C6CDF73A62907C.e.21370/click - {}
RESULT: {}
COMMAND: GET /session/0fb4450c6422fe69939d6824736e2f6f/screenshot - {}
RESULT: {}
COMMAND: POST /session/0fb4450c6422fe69939d6824736e2f6f/element - {"using":"xpath","value":"//td[7]/div/div/input"}
RESULT: {"using":"xpath","value":"//td[7]/div/div/input"}
COMMAND: POST /session/0fb4450c6422fe69939d6824736e2f6f/element/f.852D346EF878C3E5FC3136AC53424AFF.d.C964993C9BA5B49F62C6CDF73A62907C.e.21374/clear - {}
RESULT: {}
COMMAND: POST /session/0fb4450c6422fe69939d6824736e2f6f/element/f.852D346EF878C3E5FC3136AC53424AFF.d.C964993C9BA5B49F62C6CDF73A62907C.e.21374/value - {"text":"200277"}
RESULT: {"text":"200277"}
COMMAND: GET /session/0fb4450c6422fe69939d6824736e2f6f/screenshot - {}
COMMAND: GET /session/0fb4450c6422fe69939d6824736e2f6f/screenshot - {}
RESULT: {}
RESULT: {}
COMMAND: POST /session/0fb4450c6422fe69939d6824736e2f6f/actions - {"actions":[{"id":"action67","type":"key","parameters":{},"actions":[{"type":"keyDown","value":"î€‡"},{"type":"pause","duration":10},{"type":"keyUp","value":"î€‡"}]}]}
RESULT: {"actions":[{"id":"action67","type":"key","parameters":{},"actions":[{"type":"keyDown","value":"î€‡"},{"type":"pause","duration":10},{"type":"keyUp","value":"î€‡"}]}]}
COMMAND: GET /session/0fb4450c6422fe69939d6824736e2f6f/screenshot - {}
RESULT: {}
COMMAND: POST /session/0fb4450c6422fe69939d6824736e2f6f/execute/sync - {"script":"<script> [276 bytes]","args":["No pricing information was found"]}
RESULT: {"script":"<script> [276 bytes]","args":["No pricing information was found"]}
COMMAND: POST /session/0fb4450c6422fe69939d6824736e2f6f/element - {"using":"xpath","value":"//bdi[contains(text(), \"OK\")]"}
COMMAND: GET /session/0fb4450c6422fe69939d6824736e2f6f/screenshot - {}
RESULT: {"using":"xpath","value":"//bdi[contains(text(), \"OK\")]"}
COMMAND: POST /session/0fb4450c6422fe69939d6824736e2f6f/element/f.852D346EF878C3E5FC3136AC53424AFF.d.C964993C9BA5B49F62C6CDF73A62907C.e.21400/click - {}
RESULT: {}
RESULT: {}
COMMAND: GET /session/0fb4450c6422fe69939d6824736e2f6f/screenshot - {}
RESULT: {}
COMMAND: POST /session/0fb4450c6422fe69939d6824736e2f6f/element - {"using":"xpath","value":"(//button[@data-kt=\"saveButton\"])[2]"}
RESULT: {"using":"xpath","value":"(//button[@data-kt=\"saveButton\"])[2]"}
COMMAND: POST /session/0fb4450c6422fe69939d6824736e2f6f/element/f.852D346EF878C3E5FC3136AC53424AFF.d.C964993C9BA5B49F62C6CDF73A62907C.e.21401/click - {}
RESULT: {}
COMMAND: GET /session/0fb4450c6422fe69939d6824736e2f6f/screenshot - {}
RESULT: {}
COMMAND: POST /session/0fb4450c6422fe69939d6824736e2f6f/execute/sync - {"script":"<script> [276 bytes]","args":["Some contract items are having rental validity exceeding header rental validity"]}
RESULT: {"script":"<script> [276 bytes]","args":["Some contract items are having rental validity exceeding header rental validity"]}
COMMAND: GET /session/0fb4450c6422fe69939d6824736e2f6f/screenshot - {}
RESULT: {}
COMMAND: POST /session/0fb4450c6422fe69939d6824736e2f6f/element - {"using":"xpath","value":"//span[contains(@id ,\"contractItemsSmartTable-header-inner\")]"}
RESULT: {"using":"xpath","value":"//span[contains(@id ,\"contractItemsSmartTable-header-inner\")]"}
COMMAND: POST /session/0fb4450c6422fe69939d6824736e2f6f/elements - {"using":"xpath","value":"//span[contains(@id ,\"contractItemsSmartTable-header-inner\")]"}
RESULT: {"using":"xpath","value":"//span[contains(@id ,\"contractItemsSmartTable-header-inner\")]"}
COMMAND: POST /session/0fb4450c6422fe69939d6824736e2f6f/execute/sync - {"script":"<script> [56 bytes]","args":[{"element-6066-11e4-a52e-4f735466cecf":"f.852D346EF878C3E5FC3136AC53424AFF.d.C964993C9BA5B49F62C6CDF73A62907C.e.21405","ELEMENT":"f.852D346EF878C3E5FC3136AC53424AFF.d.C964993C9BA5B49F62C6CDF73A62907C.e.21405"}]}
RESULT: {"script":"<script> [56 bytes]","args":[{"element-6066-11e4-a52e-4f735466cecf":"f.852D346EF878C3E5FC3136AC53424AFF.d.C964993C9BA5B49F62C6CDF73A62907C.e.21405","ELEMENT":"f.852D346EF878C3E5FC3136AC53424AFF.d.C964993C9BA5B49F62C6CDF73A62907C.e.21405"}]}
]]></system-out>
    </testcase>
    <testcase classname="chrome.136_0_7103_93.windows.Return_from_Site_w/_warehouse_management_w_clarification" name="Should provide to site" time="35.253">
      <system-out><![CDATA[
COMMAND: POST /session/0fb4450c6422fe69939d6824736e2f6f/element - {"using":"xpath","value":"//button[@data-kt=\"provideButton\"]"}
COMMAND: GET /session/0fb4450c6422fe69939d6824736e2f6f/screenshot - {}
RESULT: {"using":"xpath","value":"//button[@data-kt=\"provideButton\"]"}
COMMAND: POST /session/0fb4450c6422fe69939d6824736e2f6f/element/f.852D346EF878C3E5FC3136AC53424AFF.d.C964993C9BA5B49F62C6CDF73A62907C.e.21406/click - {}
RESULT: {}
RESULT: {}
COMMAND: GET /session/0fb4450c6422fe69939d6824736e2f6f/screenshot - {}
RESULT: undefined
COMMAND: POST /session/0fb4450c6422fe69939d6824736e2f6f/execute/async - {"script":"<script> [6424 bytes]","args":[{"element-6066-11e4-a52e-4f735466cecf":"f.852D346EF878C3E5FC3136AC53424AFF.d.C964993C9BA5B49F62C6CDF73A62907C.e.20450"},"setValue",["05/18/25"]]}
RESULT: {}
COMMAND: POST /session/0fb4450c6422fe69939d6824736e2f6f/execute/async - {"script":"<script> [1562 bytes]","args":[{"selector":{"id":"application-managehandovers-display-component---AddNewHO--dueDate","interaction":{"idSuffix":"inner"}},"wdio_ui5_key":"applicationmanagehandovers-display-component---AddNewHO--dueDate"}]}
RESULT: {"script":"<script> [1562 bytes]","args":[{"selector":{"id":"application-managehandovers-display-component---AddNewHO--dueDate","interaction":{"idSuffix":"inner"}},"wdio_ui5_key":"applicationmanagehandovers-display-component---AddNewHO--dueDate"}]}
COMMAND: POST /session/0fb4450c6422fe69939d6824736e2f6f/execute/async - {"script":"<script> [6424 bytes]","args":[{"element-6066-11e4-a52e-4f735466cecf":"f.852D346EF878C3E5FC3136AC53424AFF.d.C964993C9BA5B49F62C6CDF73A62907C.e.21463"},"setValue",["05/18/25"]]}
RESULT: {"script":"<script> [6424 bytes]","args":[{"element-6066-11e4-a52e-4f735466cecf":"f.852D346EF878C3E5FC3136AC53424AFF.d.C964993C9BA5B49F62C6CDF73A62907C.e.21463"},"setValue",["05/18/25"]]}
COMMAND: POST /session/0fb4450c6422fe69939d6824736e2f6f/element - {"using":"xpath","value":"//bdi[contains(text(), \"Instructions\")]"}
RESULT: {"using":"xpath","value":"//bdi[contains(text(), \"Instructions\")]"}
COMMAND: POST /session/0fb4450c6422fe69939d6824736e2f6f/element/f.852D346EF878C3E5FC3136AC53424AFF.d.C964993C9BA5B49F62C6CDF73A62907C.e.21710/click - {}
RESULT: {}
COMMAND: GET /session/0fb4450c6422fe69939d6824736e2f6f/screenshot - {}
RESULT: {}
COMMAND: POST /session/0fb4450c6422fe69939d6824736e2f6f/element - {"using":"xpath","value":"//button[@data-kt=\"AddNewHOProvideAddItemsButton\"]"}
RESULT: {"using":"xpath","value":"//button[@data-kt=\"AddNewHOProvideAddItemsButton\"]"}
COMMAND: POST /session/0fb4450c6422fe69939d6824736e2f6f/element/f.852D346EF878C3E5FC3136AC53424AFF.d.C964993C9BA5B49F62C6CDF73A62907C.e.21716/click - {}
RESULT: {}
COMMAND: GET /session/0fb4450c6422fe69939d6824736e2f6f/screenshot - {}
RESULT: {}
RESULT: undefined
COMMAND: POST /session/0fb4450c6422fe69939d6824736e2f6f/element - {"using":"xpath","value":"//*[@id=\"application-managehandovers-display-component---AddNewHO--popup-sa\"]"}
RESULT: {"using":"xpath","value":"//*[@id=\"application-managehandovers-display-component---AddNewHO--popup-sa\"]"}
COMMAND: POST /session/0fb4450c6422fe69939d6824736e2f6f/element/f.852D346EF878C3E5FC3136AC53424AFF.d.C964993C9BA5B49F62C6CDF73A62907C.e.21725/click - {}
RESULT: {}
COMMAND: GET /session/0fb4450c6422fe69939d6824736e2f6f/screenshot - {}
RESULT: {}
COMMAND: POST /session/0fb4450c6422fe69939d6824736e2f6f/element - {"using":"xpath","value":"//*[contains(@id ,\"BDI-content\")][contains(text(), \"Select\")]"}
RESULT: {"using":"xpath","value":"//*[contains(@id ,\"BDI-content\")][contains(text(), \"Select\")]"}
COMMAND: POST /session/0fb4450c6422fe69939d6824736e2f6f/element/f.852D346EF878C3E5FC3136AC53424AFF.d.C964993C9BA5B49F62C6CDF73A62907C.e.21727/click - {}
RESULT: {}
COMMAND: GET /session/0fb4450c6422fe69939d6824736e2f6f/screenshot - {}
RESULT: {}
COMMAND: POST /session/0fb4450c6422fe69939d6824736e2f6f/element - {"using":"xpath","value":"//bdi[(text() = 'Save' or . = 'Save')]"}
RESULT: {"using":"xpath","value":"//bdi[(text() = 'Save' or . = 'Save')]"}
COMMAND: POST /session/0fb4450c6422fe69939d6824736e2f6f/element/f.852D346EF878C3E5FC3136AC53424AFF.d.C964993C9BA5B49F62C6CDF73A62907C.e.21730/click - {}
RESULT: {}
COMMAND: GET /session/0fb4450c6422fe69939d6824736e2f6f/screenshot - {}
RESULT: {}
]]></system-out>
    </testcase>
    <testcase classname="chrome.136_0_7103_93.windows.Return_from_Site_w/_warehouse_management_w_clarification" name="Should test for Handover Execution" time="150.192">
      <system-out><![CDATA[
COMMAND: POST /session/0fb4450c6422fe69939d6824736e2f6f/execute/async - {"script":"<script> [1562 bytes]","args":[{"selector":{"controlType":"sap.m.Link","viewName":"etm.portal.ui.managehandovers.view.DetailExecuteHO","bindingPath":{"path":"","propertyPath":"/wmDoc","modelName":"warehouseMovModel"}},"wdio_ui5_key":"etmportal.ui.managehandovers.view.DetailExecuteHOsap.m.Link{\"path\":\"\",\"propertyPath\":\"/wmDoc\",\"modelName\":\"warehouseMovModel\"}"}]}
RESULT: {"script":"<script> [1562 bytes]","args":[{"selector":{"controlType":"sap.m.Link","viewName":"etm.portal.ui.managehandovers.view.DetailExecuteHO","bindingPath":{"path":"","propertyPath":"/wmDoc","modelName":"warehouseMovModel"}},"wdio_ui5_key":"etmportal.ui.managehandovers.view.DetailExecuteHOsap.m.Link{\"path\":\"\",\"propertyPath\":\"/wmDoc\",\"modelName\":\"warehouseMovModel\"}"}]}
RESULT: undefined
COMMAND: POST /session/0fb4450c6422fe69939d6824736e2f6f/element - {"using":"xpath","value":"//*[@id=\"__link81\"]"}
RESULT: {"using":"xpath","value":"//*[@id=\"__link81\"]"}
COMMAND: POST /session/0fb4450c6422fe69939d6824736e2f6f/element/f.852D346EF878C3E5FC3136AC53424AFF.d.C964993C9BA5B49F62C6CDF73A62907C.e.21758/click - {}
RESULT: {}
COMMAND: GET /session/0fb4450c6422fe69939d6824736e2f6f/screenshot - {}
RESULT: {}
COMMAND: POST /session/0fb4450c6422fe69939d6824736e2f6f/execute/async - {"script":"<script> [1562 bytes]","args":[{"selector":{"controlType":"sap.m.Link","viewName":"etm.portal.ui.managehandovers.view.DetailExecuteHO","properties":{"text":"Warehouse Overview"},"searchOpenDialogs":true},"wdio_ui5_key":"etmportal.ui.managehandovers.view.DetailExecuteHOsap.m.Link{\"text\":\"Warehouse Overview\"}"}]}
RESULT: {"script":"<script> [1562 bytes]","args":[{"selector":{"controlType":"sap.m.Link","viewName":"etm.portal.ui.managehandovers.view.DetailExecuteHO","properties":{"text":"Warehouse Overview"},"searchOpenDialogs":true},"wdio_ui5_key":"etmportal.ui.managehandovers.view.DetailExecuteHOsap.m.Link{\"text\":\"Warehouse Overview\"}"}]}
RESULT: undefined
COMMAND: POST /session/0fb4450c6422fe69939d6824736e2f6f/element - {"using":"xpath","value":"//*[@id=\"__link96\"]"}
RESULT: {"using":"xpath","value":"//*[@id=\"__link96\"]"}
COMMAND: POST /session/0fb4450c6422fe69939d6824736e2f6f/element/f.852D346EF878C3E5FC3136AC53424AFF.d.C964993C9BA5B49F62C6CDF73A62907C.e.21762/click - {}
RESULT: {}
COMMAND: GET /session/0fb4450c6422fe69939d6824736e2f6f/screenshot - {}
RESULT: {}
COMMAND: POST /session/0fb4450c6422fe69939d6824736e2f6f/execute/async - {"script":"<script> [1562 bytes]","args":[{"selector":{"controlType":"sap.m.Button","viewName":"etm.portal.ui.warehousemovements.view.DisplayMovement","viewId":"application-warehousemovements-display-component---displayMovement","i18NText":{"propertyName":"text","key":"execution"},"interaction":{"idSuffix":"BDI-content"}},"wdio_ui5_key":"etmportal.ui.warehousemovements.view.DisplayMovementsap.m.Button{\"propertyName\":\"text\",\"key\":\"execution\"}"}]}
RESULT: {"script":"<script> [1562 bytes]","args":[{"selector":{"controlType":"sap.m.Button","viewName":"etm.portal.ui.warehousemovements.view.DisplayMovement","viewId":"application-warehousemovements-display-component---displayMovement","i18NText":{"propertyName":"text","key":"execution"},"interaction":{"idSuffix":"BDI-content"}},"wdio_ui5_key":"etmportal.ui.warehousemovements.view.DisplayMovementsap.m.Button{\"propertyName\":\"text\",\"key\":\"execution\"}"}]}
RESULT: undefined
COMMAND: POST /session/0fb4450c6422fe69939d6824736e2f6f/element - {"using":"xpath","value":"//*[@id=\"__button219\"]"}
RESULT: {"using":"xpath","value":"//*[@id=\"__button219\"]"}
COMMAND: POST /session/0fb4450c6422fe69939d6824736e2f6f/element/f.852D346EF878C3E5FC3136AC53424AFF.d.C964993C9BA5B49F62C6CDF73A62907C.e.21882/click - {}
RESULT: {}
COMMAND: GET /session/0fb4450c6422fe69939d6824736e2f6f/screenshot - {}
RESULT: {}
COMMAND: POST /session/0fb4450c6422fe69939d6824736e2f6f/execute/async - {"script":"<script> [1562 bytes]","args":[{"selector":{"controlType":"sap.m.Button","viewName":"etm.portal.ui.warehousemovements.view.ExecuteMovement","viewId":"application-warehousemovements-display-component---executeMovement","properties":{"text":"Items"},"interaction":{"idSuffix":"BDI-content"}},"wdio_ui5_key":"etmportal.ui.warehousemovements.view.ExecuteMovementsap.m.Button{\"text\":\"Items\"}"}]}
RESULT: {"script":"<script> [1562 bytes]","args":[{"selector":{"controlType":"sap.m.Button","viewName":"etm.portal.ui.warehousemovements.view.ExecuteMovement","viewId":"application-warehousemovements-display-component---executeMovement","properties":{"text":"Items"},"interaction":{"idSuffix":"BDI-content"}},"wdio_ui5_key":"etmportal.ui.warehousemovements.view.ExecuteMovementsap.m.Button{\"text\":\"Items\"}"}]}
RESULT: undefined
COMMAND: POST /session/0fb4450c6422fe69939d6824736e2f6f/element - {"using":"xpath","value":"//*[@id=\"__layout353-anchBar-application-warehousemovements-display-component---executeMovement--itemsSection-anchor\"]"}
RESULT: {"using":"xpath","value":"//*[@id=\"__layout353-anchBar-application-warehousemovements-display-component---executeMovement--itemsSection-anchor\"]"}
COMMAND: POST /session/0fb4450c6422fe69939d6824736e2f6f/element/f.852D346EF878C3E5FC3136AC53424AFF.d.C964993C9BA5B49F62C6CDF73A62907C.e.21988/click - {}
RESULT: {}
COMMAND: GET /session/0fb4450c6422fe69939d6824736e2f6f/screenshot - {}
RESULT: {}
COMMAND: POST /session/0fb4450c6422fe69939d6824736e2f6f/execute/async - {"script":"<script> [1562 bytes]","args":[{"selector":{"controlType":"sap.m.ToggleButton","viewName":"etm.portal.ui.warehousemovements.view.ExecuteMovement","viewId":"application-warehousemovements-display-component---executeMovement","bindingPath":{"propertyPath":"STATUS","modelName":"catalogModel"},"interaction":{"idSuffix":"BDI-content"}},"wdio_ui5_key":"etmportal.ui.warehousemovements.view.ExecuteMovementsap.m.ToggleButton{\"propertyPath\":\"STATUS\",\"modelName\":\"catalogModel\"}"}]}
RESULT: {"script":"<script> [1562 bytes]","args":[{"selector":{"controlType":"sap.m.ToggleButton","viewName":"etm.portal.ui.warehousemovements.view.ExecuteMovement","viewId":"application-warehousemovements-display-component---executeMovement","bindingPath":{"propertyPath":"STATUS","modelName":"catalogModel"},"interaction":{"idSuffix":"BDI-content"}},"wdio_ui5_key":"etmportal.ui.warehousemovements.view.ExecuteMovementsap.m.ToggleButton{\"propertyPath\":\"STATUS\",\"modelName\":\"catalogModel\"}"}]}
RESULT: undefined
COMMAND: POST /session/0fb4450c6422fe69939d6824736e2f6f/element - {"using":"xpath","value":"//*[@id=\"__button242-__clone3260\"]"}
RESULT: {"using":"xpath","value":"//*[@id=\"__button242-__clone3260\"]"}
COMMAND: POST /session/0fb4450c6422fe69939d6824736e2f6f/element/f.852D346EF878C3E5FC3136AC53424AFF.d.C964993C9BA5B49F62C6CDF73A62907C.e.21927/click - {}
RESULT: {}
RESULT: undefined
COMMAND: POST /session/0fb4450c6422fe69939d6824736e2f6f/element - {"using":"xpath","value":"//*[@id=\"__button242-__clone3260\"]"}
COMMAND: GET /session/0fb4450c6422fe69939d6824736e2f6f/screenshot - {}
RESULT: {"using":"xpath","value":"//*[@id=\"__button242-__clone3260\"]"}
COMMAND: POST /session/0fb4450c6422fe69939d6824736e2f6f/element/f.852D346EF878C3E5FC3136AC53424AFF.d.C964993C9BA5B49F62C6CDF73A62907C.e.21927/click - {}
RESULT: {}
RESULT: {}
COMMAND: GET /session/0fb4450c6422fe69939d6824736e2f6f/screenshot - {}
RESULT: {}
COMMAND: POST /session/0fb4450c6422fe69939d6824736e2f6f/element - {"using":"xpath","value":"//section[contains(@id,\"FC-NoHead\")]/div[1]/div[5]/div[2]/span"}
RESULT: {"using":"xpath","value":"//section[contains(@id,\"FC-NoHead\")]/div[1]/div[5]/div[2]/span"}
COMMAND: POST /session/0fb4450c6422fe69939d6824736e2f6f/elements - {"using":"xpath","value":"//section[contains(@id,\"FC-NoHead\")]/div[1]/div[5]/div[2]/span"}
RESULT: {"using":"xpath","value":"//section[contains(@id,\"FC-NoHead\")]/div[1]/div[5]/div[2]/span"}
COMMAND: POST /session/0fb4450c6422fe69939d6824736e2f6f/execute/sync - {"script":"<script> [56 bytes]","args":[{"element-6066-11e4-a52e-4f735466cecf":"f.852D346EF878C3E5FC3136AC53424AFF.d.C964993C9BA5B49F62C6CDF73A62907C.e.21996","ELEMENT":"f.852D346EF878C3E5FC3136AC53424AFF.d.C964993C9BA5B49F62C6CDF73A62907C.e.21996"}]}
RESULT: {"script":"<script> [56 bytes]","args":[{"element-6066-11e4-a52e-4f735466cecf":"f.852D346EF878C3E5FC3136AC53424AFF.d.C964993C9BA5B49F62C6CDF73A62907C.e.21996","ELEMENT":"f.852D346EF878C3E5FC3136AC53424AFF.d.C964993C9BA5B49F62C6CDF73A62907C.e.21996"}]}
COMMAND: POST /session/0fb4450c6422fe69939d6824736e2f6f/actions - {"actions":[{"id":"action68","type":"key","parameters":{},"actions":[{"type":"keyDown","value":"î€‡"},{"type":"pause","duration":10},{"type":"keyUp","value":"î€‡"}]}]}
COMMAND: GET /session/0fb4450c6422fe69939d6824736e2f6f/screenshot - {}
RESULT: {"actions":[{"id":"action68","type":"key","parameters":{},"actions":[{"type":"keyDown","value":"î€‡"},{"type":"pause","duration":10},{"type":"keyUp","value":"î€‡"}]}]}
COMMAND: POST /session/0fb4450c6422fe69939d6824736e2f6f/execute/async - {"script":"<script> [1562 bytes]","args":[{"selector":{"id":"application-warehousemovements-display-component---executeMovement--executeId","interaction":{"idSuffix":"BDI-content"}},"wdio_ui5_key":"applicationwarehousemovements-display-component---executeMovement--executeId"}]}
COMMAND: GET /session/0fb4450c6422fe69939d6824736e2f6f/screenshot - {}
RESULT: {}
RESULT: {"script":"<script> [1562 bytes]","args":[{"selector":{"id":"application-warehousemovements-display-component---executeMovement--executeId","interaction":{"idSuffix":"BDI-content"}},"wdio_ui5_key":"applicationwarehousemovements-display-component---executeMovement--executeId"}]}
RESULT: undefined
COMMAND: POST /session/0fb4450c6422fe69939d6824736e2f6f/element - {"using":"xpath","value":"//*[@id=\"application-warehousemovements-display-component---executeMovement--executeId\"]"}
RESULT: {}
RESULT: {"using":"xpath","value":"//*[@id=\"application-warehousemovements-display-component---executeMovement--executeId\"]"}
COMMAND: POST /session/0fb4450c6422fe69939d6824736e2f6f/element/f.852D346EF878C3E5FC3136AC53424AFF.d.C964993C9BA5B49F62C6CDF73A62907C.e.21981/click - {}
RESULT: {}
COMMAND: GET /session/0fb4450c6422fe69939d6824736e2f6f/screenshot - {}
RESULT: {}
COMMAND: POST /session/0fb4450c6422fe69939d6824736e2f6f/element - {"using":"css selector","value":"#shell-header-logo"}
RESULT: {"using":"css selector","value":"#shell-header-logo"}
COMMAND: POST /session/0fb4450c6422fe69939d6824736e2f6f/element/f.852D346EF878C3E5FC3136AC53424AFF.d.C964993C9BA5B49F62C6CDF73A62907C.e.20847/click - {}
RESULT: {}
COMMAND: GET /session/0fb4450c6422fe69939d6824736e2f6f/screenshot - {}
RESULT: {}
RESULT: undefined
COMMAND: POST /session/0fb4450c6422fe69939d6824736e2f6f/element - {"using":"xpath","value":"//*[@id=\"__tile132\"]"}
RESULT: {"using":"xpath","value":"//*[@id=\"__tile132\"]"}
COMMAND: POST /session/0fb4450c6422fe69939d6824736e2f6f/element/f.852D346EF878C3E5FC3136AC53424AFF.d.C964993C9BA5B49F62C6CDF73A62907C.e.19480/click - {}
RESULT: {}
COMMAND: GET /session/0fb4450c6422fe69939d6824736e2f6f/screenshot - {}
RESULT: {}
COMMAND: POST /session/0fb4450c6422fe69939d6824736e2f6f/elements - {"using":"xpath","value":"//span[text()='Error']"}
RESULT: {"using":"xpath","value":"//span[text()='Error']"}
COMMAND: POST /session/0fb4450c6422fe69939d6824736e2f6f/execute/async - {"script":"<script> [1562 bytes]","args":[{"selector":{"controlType":"sap.m.SearchField","viewName":"etm.portal.ui.managehandovers.view.MasterHO","bindingPath":{"propertyPath":"/_BASIC_SEARCH_FIELD","modelName":"fi1t3rM0d31"},"interaction":{"idSuffix":"I"}},"wdio_ui5_key":"etmportal.ui.managehandovers.view.MasterHOsap.m.SearchField{\"propertyPath\":\"/_BASIC_SEARCH_FIELD\",\"modelName\":\"fi1t3rM0d31\"}"}]}
RESULT: {"script":"<script> [1562 bytes]","args":[{"selector":{"controlType":"sap.m.SearchField","viewName":"etm.portal.ui.managehandovers.view.MasterHO","bindingPath":{"propertyPath":"/_BASIC_SEARCH_FIELD","modelName":"fi1t3rM0d31"},"interaction":{"idSuffix":"I"}},"wdio_ui5_key":"etmportal.ui.managehandovers.view.MasterHOsap.m.SearchField{\"propertyPath\":\"/_BASIC_SEARCH_FIELD\",\"modelName\":\"fi1t3rM0d31\"}"}]}
RESULT: undefined
COMMAND: POST /session/0fb4450c6422fe69939d6824736e2f6f/execute/async - {"script":"<script> [776 bytes]","args":[{"enterText":"30684","selector":{"controlType":"sap.m.SearchField","viewName":"etm.portal.ui.managehandovers.view.MasterHO","bindingPath":{"propertyPath":"/_BASIC_SEARCH_FIELD","modelName":"fi1t3rM0d31"},"interaction":{"idSuffix":"I"}},"clearTextFirst":true,"interactionType":"ENTER_TEXT"}]}
RESULT: {"script":"<script> [776 bytes]","args":[{"enterText":"30684","selector":{"controlType":"sap.m.SearchField","viewName":"etm.portal.ui.managehandovers.view.MasterHO","bindingPath":{"propertyPath":"/_BASIC_SEARCH_FIELD","modelName":"fi1t3rM0d31"},"interaction":{"idSuffix":"I"}},"clearTextFirst":true,"interactionType":"ENTER_TEXT"}]}
COMMAND: POST /session/0fb4450c6422fe69939d6824736e2f6f/actions - {"actions":[{"id":"action69","type":"key","parameters":{},"actions":[{"type":"keyDown","value":"î€‡"},{"type":"pause","duration":10},{"type":"keyUp","value":"î€‡"}]}]}
RESULT: {"actions":[{"id":"action69","type":"key","parameters":{},"actions":[{"type":"keyDown","value":"î€‡"},{"type":"pause","duration":10},{"type":"keyUp","value":"î€‡"}]}]}
COMMAND: GET /session/0fb4450c6422fe69939d6824736e2f6f/screenshot - {}
RESULT: {}
COMMAND: POST /session/0fb4450c6422fe69939d6824736e2f6f/execute/async - {"script":"<script> [1562 bytes]","args":[{"selector":{"controlType":"sap.ui.core.Icon","viewName":"etm.portal.ui.managehandovers.view.MasterHO","properties":{"src":{"regex":{"source":"slim\\-arrow\\-right"}}}},"wdio_ui5_key":"etmportal.ui.managehandovers.view.MasterHOsap.ui.core.Icon{\"src\":{\"regex\":{\"source\":\"slim\\\\-arrow\\\\-right\"}}}"}]}
RESULT: {"script":"<script> [1562 bytes]","args":[{"selector":{"controlType":"sap.ui.core.Icon","viewName":"etm.portal.ui.managehandovers.view.MasterHO","properties":{"src":{"regex":{"source":"slim\\-arrow\\-right"}}}},"wdio_ui5_key":"etmportal.ui.managehandovers.view.MasterHOsap.ui.core.Icon{\"src\":{\"regex\":{\"source\":\"slim\\\\-arrow\\\\-right\"}}}"}]}
RESULT: undefined
COMMAND: POST /session/0fb4450c6422fe69939d6824736e2f6f/element - {"using":"xpath","value":"//*[@id=\"__item1744-__clone3339-imgNav\"]"}
RESULT: {"using":"xpath","value":"//*[@id=\"__item1744-__clone3339-imgNav\"]"}
COMMAND: POST /session/0fb4450c6422fe69939d6824736e2f6f/element/f.852D346EF878C3E5FC3136AC53424AFF.d.C964993C9BA5B49F62C6CDF73A62907C.e.22184/click - {}
RESULT: {}
COMMAND: GET /session/0fb4450c6422fe69939d6824736e2f6f/screenshot - {}
RESULT: {}
COMMAND: POST /session/0fb4450c6422fe69939d6824736e2f6f/execute/async - {"script":"<script> [1562 bytes]","args":[{"selector":{"controlType":"sap.m.Button","viewName":"etm.portal.ui.managehandovers.view.DetailExecuteHO","i18NText":{"propertyName":"text","key":"confirmAll"},"interaction":{"idSuffix":"BDI-content"}},"wdio_ui5_key":"etmportal.ui.managehandovers.view.DetailExecuteHOsap.m.Button{\"propertyName\":\"text\",\"key\":\"confirmAll\"}"}]}
RESULT: {"script":"<script> [1562 bytes]","args":[{"selector":{"controlType":"sap.m.Button","viewName":"etm.portal.ui.managehandovers.view.DetailExecuteHO","i18NText":{"propertyName":"text","key":"confirmAll"},"interaction":{"idSuffix":"BDI-content"}},"wdio_ui5_key":"etmportal.ui.managehandovers.view.DetailExecuteHOsap.m.Button{\"propertyName\":\"text\",\"key\":\"confirmAll\"}"}]}
RESULT: undefined
COMMAND: POST /session/0fb4450c6422fe69939d6824736e2f6f/element - {"using":"xpath","value":"//*[@id=\"__button280\"]"}
RESULT: {"using":"xpath","value":"//*[@id=\"__button280\"]"}
COMMAND: POST /session/0fb4450c6422fe69939d6824736e2f6f/element/f.852D346EF878C3E5FC3136AC53424AFF.d.C964993C9BA5B49F62C6CDF73A62907C.e.22272/click - {}
RESULT: {}
COMMAND: GET /session/0fb4450c6422fe69939d6824736e2f6f/screenshot - {}
RESULT: {}
COMMAND: POST /session/0fb4450c6422fe69939d6824736e2f6f/actions - {"actions":[{"id":"action70","type":"key","parameters":{},"actions":[{"type":"keyDown","value":"î€‡"},{"type":"pause","duration":10},{"type":"keyUp","value":"î€‡"}]}]}
RESULT: {"actions":[{"id":"action70","type":"key","parameters":{},"actions":[{"type":"keyDown","value":"î€‡"},{"type":"pause","duration":10},{"type":"keyUp","value":"î€‡"}]}]}
COMMAND: GET /session/0fb4450c6422fe69939d6824736e2f6f/screenshot - {}
RESULT: {}
COMMAND: POST /session/0fb4450c6422fe69939d6824736e2f6f/element - {"using":"xpath","value":"//button[@data-kt=\"execHoIssueButton\"]"}
RESULT: {"using":"xpath","value":"//button[@data-kt=\"execHoIssueButton\"]"}
COMMAND: POST /session/0fb4450c6422fe69939d6824736e2f6f/element/f.852D346EF878C3E5FC3136AC53424AFF.d.C964993C9BA5B49F62C6CDF73A62907C.e.22276/click - {}
RESULT: {}
COMMAND: GET /session/0fb4450c6422fe69939d6824736e2f6f/screenshot - {}
RESULT: {}
RESULT: undefined
COMMAND: POST /session/0fb4450c6422fe69939d6824736e2f6f/execute/async - {"script":"<script> [776 bytes]","args":[{"enterText":"30684","selector":{"controlType":"sap.m.SearchField","viewName":"etm.portal.ui.managehandovers.view.MasterHO","bindingPath":{"propertyPath":"/_BASIC_SEARCH_FIELD","modelName":"fi1t3rM0d31"},"interaction":{"idSuffix":"I"}},"clearTextFirst":true,"interactionType":"ENTER_TEXT"}]}
RESULT: {"script":"<script> [776 bytes]","args":[{"enterText":"30684","selector":{"controlType":"sap.m.SearchField","viewName":"etm.portal.ui.managehandovers.view.MasterHO","bindingPath":{"propertyPath":"/_BASIC_SEARCH_FIELD","modelName":"fi1t3rM0d31"},"interaction":{"idSuffix":"I"}},"clearTextFirst":true,"interactionType":"ENTER_TEXT"}]}
COMMAND: POST /session/0fb4450c6422fe69939d6824736e2f6f/actions - {"actions":[{"id":"action71","type":"key","parameters":{},"actions":[{"type":"keyDown","value":"î€‡"},{"type":"pause","duration":10},{"type":"keyUp","value":"î€‡"}]}]}
RESULT: {"actions":[{"id":"action71","type":"key","parameters":{},"actions":[{"type":"keyDown","value":"î€‡"},{"type":"pause","duration":10},{"type":"keyUp","value":"î€‡"}]}]}
COMMAND: GET /session/0fb4450c6422fe69939d6824736e2f6f/screenshot - {}
RESULT: {}
COMMAND: POST /session/0fb4450c6422fe69939d6824736e2f6f/element - {"using":"xpath","value":"//span[(text() = '30684' or . = '30684')]"}
RESULT: {"using":"xpath","value":"//span[(text() = '30684' or . = '30684')]"}
COMMAND: POST /session/0fb4450c6422fe69939d6824736e2f6f/element/f.852D346EF878C3E5FC3136AC53424AFF.d.C964993C9BA5B49F62C6CDF73A62907C.e.22322/click - {}
RESULT: {}
COMMAND: GET /session/0fb4450c6422fe69939d6824736e2f6f/screenshot - {}
RESULT: {}
COMMAND: POST /session/0fb4450c6422fe69939d6824736e2f6f/element - {"using":"xpath","value":"//span[contains(text(), \"Instructions\")]"}
RESULT: {"using":"xpath","value":"//span[contains(text(), \"Instructions\")]"}
COMMAND: POST /session/0fb4450c6422fe69939d6824736e2f6f/element/f.852D346EF878C3E5FC3136AC53424AFF.d.C964993C9BA5B49F62C6CDF73A62907C.e.22362/click - {}
RESULT: {}
COMMAND: GET /session/0fb4450c6422fe69939d6824736e2f6f/screenshot - {}
RESULT: {}
COMMAND: POST /session/0fb4450c6422fe69939d6824736e2f6f/element - {"using":"xpath","value":"//span[contains(text(), \"Instructions\")]"}
RESULT: {"using":"xpath","value":"//span[contains(text(), \"Instructions\")]"}
COMMAND: POST /session/0fb4450c6422fe69939d6824736e2f6f/element/f.852D346EF878C3E5FC3136AC53424AFF.d.C964993C9BA5B49F62C6CDF73A62907C.e.22362/click - {}
RESULT: {}
COMMAND: GET /session/0fb4450c6422fe69939d6824736e2f6f/screenshot - {}
RESULT: {}
COMMAND: POST /session/0fb4450c6422fe69939d6824736e2f6f/execute/async - {"script":"<script> [1562 bytes]","args":[{"selector":{"controlType":"sap.m.ComboBox","viewName":"etm.portal.ui.managehandovers.view.DetailExecuteHO","bindingPath":{"propertyPath":"RECEIVING_SECTION","modelName":"catalogModel"},"interaction":{"idSuffix":"inner"}},"wdio_ui5_key":"etmportal.ui.managehandovers.view.DetailExecuteHOsap.m.ComboBox{\"propertyPath\":\"RECEIVING_SECTION\",\"modelName\":\"catalogModel\"}"}]}
RESULT: {"script":"<script> [1562 bytes]","args":[{"selector":{"controlType":"sap.m.ComboBox","viewName":"etm.portal.ui.managehandovers.view.DetailExecuteHO","bindingPath":{"propertyPath":"RECEIVING_SECTION","modelName":"catalogModel"},"interaction":{"idSuffix":"inner"}},"wdio_ui5_key":"etmportal.ui.managehandovers.view.DetailExecuteHOsap.m.ComboBox{\"propertyPath\":\"RECEIVING_SECTION\",\"modelName\":\"catalogModel\"}"}]}
RESULT: undefined
COMMAND: POST /session/0fb4450c6422fe69939d6824736e2f6f/execute/async - {"script":"<script> [776 bytes]","args":[{"enterText":"WDIO-2255","selector":{"controlType":"sap.m.ComboBox","viewName":"etm.portal.ui.managehandovers.view.DetailExecuteHO","bindingPath":{"propertyPath":"RECEIVING_SECTION","modelName":"catalogModel"},"interaction":{"idSuffix":"inner"}},"clearTextFirst":true,"interactionType":"ENTER_TEXT"}]}
RESULT: {"script":"<script> [776 bytes]","args":[{"enterText":"WDIO-2255","selector":{"controlType":"sap.m.ComboBox","viewName":"etm.portal.ui.managehandovers.view.DetailExecuteHO","bindingPath":{"propertyPath":"RECEIVING_SECTION","modelName":"catalogModel"},"interaction":{"idSuffix":"inner"}},"clearTextFirst":true,"interactionType":"ENTER_TEXT"}]}
COMMAND: POST /session/0fb4450c6422fe69939d6824736e2f6f/actions - {"actions":[{"id":"action72","type":"key","parameters":{},"actions":[{"type":"keyDown","value":"î€‡"},{"type":"pause","duration":10},{"type":"keyUp","value":"î€‡"}]}]}
RESULT: {"actions":[{"id":"action72","type":"key","parameters":{},"actions":[{"type":"keyDown","value":"î€‡"},{"type":"pause","duration":10},{"type":"keyUp","value":"î€‡"}]}]}
COMMAND: GET /session/0fb4450c6422fe69939d6824736e2f6f/screenshot - {}
RESULT: {}
COMMAND: POST /session/0fb4450c6422fe69939d6824736e2f6f/element - {"using":"xpath","value":"//button[@data-kt= \"execHoReceiveButton\"]"}
RESULT: {"using":"xpath","value":"//button[@data-kt= \"execHoReceiveButton\"]"}
COMMAND: POST /session/0fb4450c6422fe69939d6824736e2f6f/element/f.852D346EF878C3E5FC3136AC53424AFF.d.C964993C9BA5B49F62C6CDF73A62907C.e.22367/click - {}
RESULT: {}
COMMAND: GET /session/0fb4450c6422fe69939d6824736e2f6f/screenshot - {}
RESULT: {}
COMMAND: POST /session/0fb4450c6422fe69939d6824736e2f6f/execute/async - {"script":"<script> [1562 bytes]","args":[{"selector":{"controlType":"sap.m.Button","properties":{"text":"Continue"},"searchOpenDialogs":true,"interaction":{"idSuffix":"content"}},"wdio_ui5_key":"sapm.Button{\"text\":\"Continue\"}"}]}
RESULT: {"script":"<script> [1562 bytes]","args":[{"selector":{"controlType":"sap.m.Button","properties":{"text":"Continue"},"searchOpenDialogs":true,"interaction":{"idSuffix":"content"}},"wdio_ui5_key":"sapm.Button{\"text\":\"Continue\"}"}]}
RESULT: undefined
COMMAND: POST /session/0fb4450c6422fe69939d6824736e2f6f/element - {"using":"xpath","value":"//*[@id=\"__mbox-btn-6\"]"}
RESULT: {"using":"xpath","value":"//*[@id=\"__mbox-btn-6\"]"}
COMMAND: POST /session/0fb4450c6422fe69939d6824736e2f6f/element/f.852D346EF878C3E5FC3136AC53424AFF.d.C964993C9BA5B49F62C6CDF73A62907C.e.22368/click - {}
RESULT: {}
COMMAND: GET /session/0fb4450c6422fe69939d6824736e2f6f/screenshot - {}
RESULT: {}
COMMAND: POST /session/0fb4450c6422fe69939d6824736e2f6f/element - {"using":"css selector","value":"#shell-header-logo"}
RESULT: {"using":"css selector","value":"#shell-header-logo"}
COMMAND: POST /session/0fb4450c6422fe69939d6824736e2f6f/element/f.852D346EF878C3E5FC3136AC53424AFF.d.C964993C9BA5B49F62C6CDF73A62907C.e.22060/click - {}
RESULT: {}
COMMAND: GET /session/0fb4450c6422fe69939d6824736e2f6f/screenshot - {}
RESULT: {}
]]></system-out>
    </testcase>
    <testcase classname="chrome.136_0_7103_93.windows.Return_from_Site_w/_warehouse_management_w_clarification" name="Should test for Clarification" time="61.108">
      <system-out><![CDATA[
RESULT: undefined
COMMAND: POST /session/0fb4450c6422fe69939d6824736e2f6f/element - {"using":"xpath","value":"//*[@id=\"__tile132\"]"}
RESULT: {"using":"xpath","value":"//*[@id=\"__tile132\"]"}
COMMAND: POST /session/0fb4450c6422fe69939d6824736e2f6f/element/f.852D346EF878C3E5FC3136AC53424AFF.d.C964993C9BA5B49F62C6CDF73A62907C.e.19480/click - {}
RESULT: {}
COMMAND: GET /session/0fb4450c6422fe69939d6824736e2f6f/screenshot - {}
RESULT: {}
COMMAND: POST /session/0fb4450c6422fe69939d6824736e2f6f/elements - {"using":"xpath","value":"//span[text()='Error']"}
RESULT: {"using":"xpath","value":"//span[text()='Error']"}
RESULT: undefined
COMMAND: POST /session/0fb4450c6422fe69939d6824736e2f6f/execute/async - {"script":"<script> [776 bytes]","args":[{"enterText":"30684","selector":{"controlType":"sap.m.SearchField","viewName":"etm.portal.ui.managehandovers.view.MasterHO","bindingPath":{"propertyPath":"/_BASIC_SEARCH_FIELD","modelName":"fi1t3rM0d31"},"interaction":{"idSuffix":"I"}},"clearTextFirst":true,"interactionType":"ENTER_TEXT"}]}
RESULT: {"script":"<script> [776 bytes]","args":[{"enterText":"30684","selector":{"controlType":"sap.m.SearchField","viewName":"etm.portal.ui.managehandovers.view.MasterHO","bindingPath":{"propertyPath":"/_BASIC_SEARCH_FIELD","modelName":"fi1t3rM0d31"},"interaction":{"idSuffix":"I"}},"clearTextFirst":true,"interactionType":"ENTER_TEXT"}]}
COMMAND: POST /session/0fb4450c6422fe69939d6824736e2f6f/actions - {"actions":[{"id":"action73","type":"key","parameters":{},"actions":[{"type":"keyDown","value":"î€‡"},{"type":"pause","duration":10},{"type":"keyUp","value":"î€‡"}]}]}
RESULT: {"actions":[{"id":"action73","type":"key","parameters":{},"actions":[{"type":"keyDown","value":"î€‡"},{"type":"pause","duration":10},{"type":"keyUp","value":"î€‡"}]}]}
COMMAND: GET /session/0fb4450c6422fe69939d6824736e2f6f/screenshot - {}
RESULT: {}
COMMAND: POST /session/0fb4450c6422fe69939d6824736e2f6f/element - {"using":"xpath","value":"//span[(text() = '30684' or . = '30684')]"}
RESULT: {"using":"xpath","value":"//span[(text() = '30684' or . = '30684')]"}
COMMAND: POST /session/0fb4450c6422fe69939d6824736e2f6f/element/f.852D346EF878C3E5FC3136AC53424AFF.d.C964993C9BA5B49F62C6CDF73A62907C.e.22664/click - {}
RESULT: {}
COMMAND: GET /session/0fb4450c6422fe69939d6824736e2f6f/screenshot - {}
RESULT: {}
COMMAND: POST /session/0fb4450c6422fe69939d6824736e2f6f/element - {"using":"xpath","value":"//span[contains(text(), \"Instructions\")]"}
RESULT: {"using":"xpath","value":"//span[contains(text(), \"Instructions\")]"}
COMMAND: POST /session/0fb4450c6422fe69939d6824736e2f6f/element/f.852D346EF878C3E5FC3136AC53424AFF.d.C964993C9BA5B49F62C6CDF73A62907C.e.22743/click - {}
RESULT: {}
COMMAND: GET /session/0fb4450c6422fe69939d6824736e2f6f/screenshot - {}
RESULT: {}
COMMAND: POST /session/0fb4450c6422fe69939d6824736e2f6f/element - {"using":"xpath","value":"//span[contains(text(), \"Instructions\")]"}
RESULT: {"using":"xpath","value":"//span[contains(text(), \"Instructions\")]"}
COMMAND: POST /session/0fb4450c6422fe69939d6824736e2f6f/element/f.852D346EF878C3E5FC3136AC53424AFF.d.C964993C9BA5B49F62C6CDF73A62907C.e.22743/click - {}
RESULT: {}
COMMAND: GET /session/0fb4450c6422fe69939d6824736e2f6f/screenshot - {}
RESULT: {}
COMMAND: POST /session/0fb4450c6422fe69939d6824736e2f6f/element - {"using":"xpath","value":"//button[.//bdi[text() = \"Refuse\"]]"}
RESULT: {"using":"xpath","value":"//button[.//bdi[text() = \"Refuse\"]]"}
COMMAND: POST /session/0fb4450c6422fe69939d6824736e2f6f/element/f.852D346EF878C3E5FC3136AC53424AFF.d.C964993C9BA5B49F62C6CDF73A62907C.e.22748/click - {}
RESULT: {}
COMMAND: GET /session/0fb4450c6422fe69939d6824736e2f6f/screenshot - {}
RESULT: {}
COMMAND: POST /session/0fb4450c6422fe69939d6824736e2f6f/element - {"using":"xpath","value":"//button[@data-kt= \"execHoReceiveRefuseButton\"]"}
RESULT: {"using":"xpath","value":"//button[@data-kt= \"execHoReceiveRefuseButton\"]"}
COMMAND: POST /session/0fb4450c6422fe69939d6824736e2f6f/element/f.852D346EF878C3E5FC3136AC53424AFF.d.C964993C9BA5B49F62C6CDF73A62907C.e.22750/click - {}
RESULT: {}
COMMAND: GET /session/0fb4450c6422fe69939d6824736e2f6f/screenshot - {}
RESULT: {}
]]></system-out>
    </testcase>
  </testsuite>
  <testsuite timestamp="2025-05-18T17:18:55" time="421.621" tests="9" failures="0" errors="0" skipped="0">
    <properties>
      <property name="specId" value="0" />
      <property name="suiteName" value="Create masterdata for Yard Overview - trigger provide US130988" />
      <property name="capabilities" value="chrome.136_0_7103_93.windows" />
      <property name="file" value="file:///D:/a/1/s/test/specs/HTR/stock-decrease.spec.js" />
    </properties>
    <testcase classname="chrome.136_0_7103_93.windows.Create_masterdata_for_Yard_Overview_-_trigger_provide_US130988" name="Should create a new WHM yard" time="0.016">
      <system-out><![CDATA[
COMMAND: POST /session/0fb4450c6422fe69939d6824736e2f6f/window/fullscreen - {}
RESULT: {}
]]></system-out>
    </testcase>
    <testcase classname="chrome.136_0_7103_93.windows.Create_masterdata_for_Yard_Overview_-_trigger_provide_US130988" name="Should create a new partner" time="0.004" />
    <testcase classname="chrome.136_0_7103_93.windows.Create_masterdata_for_Yard_Overview_-_trigger_provide_US130988" name="Should create a new site" time="0.003" />
    <testcase classname="chrome.136_0_7103_93.windows.Create_masterdata_for_Yard_Overview_-_trigger_provide_US130988" name="Should create a new material" time="120.922">
      <system-out><![CDATA[
COMMAND: POST /session/0fb4450c6422fe69939d6824736e2f6f/execute/async - {"script":"<script> [1562 bytes]","args":[{"selector":{"controlType":"sap.m.GenericTile","properties":{"header":"Manage Resources"}},"wdio_ui5_key":"sapm.GenericTile{\"header\":\"Manage Resources\"}"}]}
RESULT: {"script":"<script> [1562 bytes]","args":[{"selector":{"controlType":"sap.m.GenericTile","properties":{"header":"Manage Resources"}},"wdio_ui5_key":"sapm.GenericTile{\"header\":\"Manage Resources\"}"}]}
RESULT: undefined
COMMAND: POST /session/0fb4450c6422fe69939d6824736e2f6f/element - {"using":"xpath","value":"//*[@id=\"__tile31\"]"}
RESULT: {"using":"xpath","value":"//*[@id=\"__tile31\"]"}
COMMAND: POST /session/0fb4450c6422fe69939d6824736e2f6f/element/f.852D346EF878C3E5FC3136AC53424AFF.d.8D5B5401BEE863395596AD0F13F4529C.e.22827/click - {}
RESULT: {}
COMMAND: GET /session/0fb4450c6422fe69939d6824736e2f6f/screenshot - {}
COMMAND: POST /session/0fb4450c6422fe69939d6824736e2f6f/elements - {"using":"xpath","value":"//span[text()='Error']"}
RESULT: {}
RESULT: {"using":"xpath","value":"//span[text()='Error']"}
COMMAND: POST /session/0fb4450c6422fe69939d6824736e2f6f/element - {"using":"xpath","value":"//button[@data-kt=\"addNewRUOverflowToolbarButton\"]"}
RESULT: {"using":"xpath","value":"//button[@data-kt=\"addNewRUOverflowToolbarButton\"]"}
COMMAND: POST /session/0fb4450c6422fe69939d6824736e2f6f/elements - {"using":"xpath","value":"//button[@data-kt=\"addNewRUOverflowToolbarButton\"]"}
RESULT: {"using":"xpath","value":"//button[@data-kt=\"addNewRUOverflowToolbarButton\"]"}
COMMAND: POST /session/0fb4450c6422fe69939d6824736e2f6f/execute/sync - {"script":"<script> [8489 bytes]","args":[{"element-6066-11e4-a52e-4f735466cecf":"f.852D346EF878C3E5FC3136AC53424AFF.d.8D5B5401BEE863395596AD0F13F4529C.e.22955","ELEMENT":"f.852D346EF878C3E5FC3136AC53424AFF.d.8D5B5401BEE863395596AD0F13F4529C.e.22955"}]}
RESULT: {"script":"<script> [8489 bytes]","args":[{"element-6066-11e4-a52e-4f735466cecf":"f.852D346EF878C3E5FC3136AC53424AFF.d.8D5B5401BEE863395596AD0F13F4529C.e.22955","ELEMENT":"f.852D346EF878C3E5FC3136AC53424AFF.d.8D5B5401BEE863395596AD0F13F4529C.e.22955"}]}
COMMAND: GET /session/0fb4450c6422fe69939d6824736e2f6f/element/f.852D346EF878C3E5FC3136AC53424AFF.d.8D5B5401BEE863395596AD0F13F4529C.e.22955/enabled - {}
COMMAND: GET /session/0fb4450c6422fe69939d6824736e2f6f/screenshot - {}
RESULT: {}
COMMAND: POST /session/0fb4450c6422fe69939d6824736e2f6f/execute/sync - {"script":"<script> [8489 bytes]","args":[{"element-6066-11e4-a52e-4f735466cecf":"f.852D346EF878C3E5FC3136AC53424AFF.d.8D5B5401BEE863395596AD0F13F4529C.e.22955","ELEMENT":"f.852D346EF878C3E5FC3136AC53424AFF.d.8D5B5401BEE863395596AD0F13F4529C.e.22955"}]}
COMMAND: GET /session/0fb4450c6422fe69939d6824736e2f6f/screenshot - {}
RESULT: {}
RESULT: {"script":"<script> [8489 bytes]","args":[{"element-6066-11e4-a52e-4f735466cecf":"f.852D346EF878C3E5FC3136AC53424AFF.d.8D5B5401BEE863395596AD0F13F4529C.e.22955","ELEMENT":"f.852D346EF878C3E5FC3136AC53424AFF.d.8D5B5401BEE863395596AD0F13F4529C.e.22955"}]}
COMMAND: POST /session/0fb4450c6422fe69939d6824736e2f6f/execute/sync - {"script":"<script> [5351 bytes]","args":[{"element-6066-11e4-a52e-4f735466cecf":"f.852D346EF878C3E5FC3136AC53424AFF.d.8D5B5401BEE863395596AD0F13F4529C.e.22955","ELEMENT":"f.852D346EF878C3E5FC3136AC53424AFF.d.8D5B5401BEE863395596AD0F13F4529C.e.22955"}]}
COMMAND: GET /session/0fb4450c6422fe69939d6824736e2f6f/screenshot - {}
RESULT: {}
RESULT: {"script":"<script> [5351 bytes]","args":[{"element-6066-11e4-a52e-4f735466cecf":"f.852D346EF878C3E5FC3136AC53424AFF.d.8D5B5401BEE863395596AD0F13F4529C.e.22955","ELEMENT":"f.852D346EF878C3E5FC3136AC53424AFF.d.8D5B5401BEE863395596AD0F13F4529C.e.22955"}]}
COMMAND: POST /session/0fb4450c6422fe69939d6824736e2f6f/element/f.852D346EF878C3E5FC3136AC53424AFF.d.8D5B5401BEE863395596AD0F13F4529C.e.22955/click - {}
COMMAND: GET /session/0fb4450c6422fe69939d6824736e2f6f/screenshot - {}
RESULT: {}
RESULT: {}
COMMAND: GET /session/0fb4450c6422fe69939d6824736e2f6f/screenshot - {}
COMMAND: POST /session/0fb4450c6422fe69939d6824736e2f6f/execute/async - {"script":"<script> [1562 bytes]","args":[{"selector":{"id":"application-manageresources-display-component---newResourceUnit--TYPE-arrow"},"wdio_ui5_key":"applicationmanageresources-display-component---newResourceUnit--TYPE-arrow"}]}
RESULT: {}
RESULT: {}
RESULT: {"script":"<script> [1562 bytes]","args":[{"selector":{"id":"application-manageresources-display-component---newResourceUnit--TYPE-arrow"},"wdio_ui5_key":"applicationmanageresources-display-component---newResourceUnit--TYPE-arrow"}]}
RESULT: undefined
COMMAND: POST /session/0fb4450c6422fe69939d6824736e2f6f/element - {"using":"xpath","value":"//*[@id=\"application-manageresources-display-component---newResourceUnit--TYPE-arrow\"]"}
RESULT: {"using":"xpath","value":"//*[@id=\"application-manageresources-display-component---newResourceUnit--TYPE-arrow\"]"}
COMMAND: POST /session/0fb4450c6422fe69939d6824736e2f6f/element/f.852D346EF878C3E5FC3136AC53424AFF.d.8D5B5401BEE863395596AD0F13F4529C.e.23313/click - {}
RESULT: {}
COMMAND: POST /session/0fb4450c6422fe69939d6824736e2f6f/element - {"using":"xpath","value":"//input[@id=\"application-manageresources-display-component---newResourceUnit--TYPE-inner\"]"}
COMMAND: GET /session/0fb4450c6422fe69939d6824736e2f6f/screenshot - {}
RESULT: {"using":"xpath","value":"//input[@id=\"application-manageresources-display-component---newResourceUnit--TYPE-inner\"]"}
COMMAND: POST /session/0fb4450c6422fe69939d6824736e2f6f/element/f.852D346EF878C3E5FC3136AC53424AFF.d.8D5B5401BEE863395596AD0F13F4529C.e.23305/clear - {}
RESULT: {}
RESULT: {}
COMMAND: POST /session/0fb4450c6422fe69939d6824736e2f6f/element/f.852D346EF878C3E5FC3136AC53424AFF.d.8D5B5401BEE863395596AD0F13F4529C.e.23305/value - {"text":"Material"}
COMMAND: GET /session/0fb4450c6422fe69939d6824736e2f6f/screenshot - {}
RESULT: {"text":"Material"}
COMMAND: GET /session/0fb4450c6422fe69939d6824736e2f6f/screenshot - {}
RESULT: {}
RESULT: {}
COMMAND: POST /session/0fb4450c6422fe69939d6824736e2f6f/actions - {"actions":[{"id":"action74","type":"key","parameters":{},"actions":[{"type":"keyDown","value":"î€‡"},{"type":"pause","duration":10},{"type":"keyUp","value":"î€‡"}]}]}
RESULT: {"actions":[{"id":"action74","type":"key","parameters":{},"actions":[{"type":"keyDown","value":"î€‡"},{"type":"pause","duration":10},{"type":"keyUp","value":"î€‡"}]}]}
COMMAND: POST /session/0fb4450c6422fe69939d6824736e2f6f/execute/async - {"script":"<script> [1562 bytes]","args":[{"selector":{"id":"application-manageresources-display-component---newResourceUnit--SHORT_TEXT","interaction":{"idSuffix":"inner"}},"wdio_ui5_key":"applicationmanageresources-display-component---newResourceUnit--SHORT_TEXT"}]}
COMMAND: GET /session/0fb4450c6422fe69939d6824736e2f6f/screenshot - {}
RESULT: {"script":"<script> [1562 bytes]","args":[{"selector":{"id":"application-manageresources-display-component---newResourceUnit--SHORT_TEXT","interaction":{"idSuffix":"inner"}},"wdio_ui5_key":"applicationmanageresources-display-component---newResourceUnit--SHORT_TEXT"}]}
RESULT: undefined
COMMAND: POST /session/0fb4450c6422fe69939d6824736e2f6f/execute/async - {"script":"<script> [776 bytes]","args":[{"enterText":"Cement WDIO","selector":{"id":"application-manageresources-display-component---newResourceUnit--SHORT_TEXT","interaction":{"idSuffix":"inner"}},"clearTextFirst":true,"interactionType":"ENTER_TEXT"}]}
RESULT: {}
RESULT: {"script":"<script> [776 bytes]","args":[{"enterText":"Cement WDIO","selector":{"id":"application-manageresources-display-component---newResourceUnit--SHORT_TEXT","interaction":{"idSuffix":"inner"}},"clearTextFirst":true,"interactionType":"ENTER_TEXT"}]}
COMMAND: POST /session/0fb4450c6422fe69939d6824736e2f6f/execute/async - {"script":"<script> [1562 bytes]","args":[{"selector":{"id":"application-manageresources-display-component---newResourceUnit--BASE_UNIT_OF_MEASURE","interaction":{"idSuffix":"inner"}},"wdio_ui5_key":"applicationmanageresources-display-component---newResourceUnit--BASE_UNIT_OF_MEASURE"}]}
RESULT: {"script":"<script> [1562 bytes]","args":[{"selector":{"id":"application-manageresources-display-component---newResourceUnit--BASE_UNIT_OF_MEASURE","interaction":{"idSuffix":"inner"}},"wdio_ui5_key":"applicationmanageresources-display-component---newResourceUnit--BASE_UNIT_OF_MEASURE"}]}
RESULT: undefined
COMMAND: POST /session/0fb4450c6422fe69939d6824736e2f6f/execute/async - {"script":"<script> [776 bytes]","args":[{"enterText":"Piece","selector":{"id":"application-manageresources-display-component---newResourceUnit--BASE_UNIT_OF_MEASURE","interaction":{"idSuffix":"inner"}},"clearTextFirst":true,"interactionType":"ENTER_TEXT"}]}
RESULT: {"script":"<script> [776 bytes]","args":[{"enterText":"Piece","selector":{"id":"application-manageresources-display-component---newResourceUnit--BASE_UNIT_OF_MEASURE","interaction":{"idSuffix":"inner"}},"clearTextFirst":true,"interactionType":"ENTER_TEXT"}]}
COMMAND: POST /session/0fb4450c6422fe69939d6824736e2f6f/execute/async - {"script":"<script> [1562 bytes]","args":[{"selector":{"id":"application-manageresources-display-component---newResourceUnit--WEIGHT_UNIT","interaction":{"idSuffix":"inner"}},"wdio_ui5_key":"applicationmanageresources-display-component---newResourceUnit--WEIGHT_UNIT"}]}
RESULT: {"script":"<script> [1562 bytes]","args":[{"selector":{"id":"application-manageresources-display-component---newResourceUnit--WEIGHT_UNIT","interaction":{"idSuffix":"inner"}},"wdio_ui5_key":"applicationmanageresources-display-component---newResourceUnit--WEIGHT_UNIT"}]}
RESULT: undefined
COMMAND: POST /session/0fb4450c6422fe69939d6824736e2f6f/execute/async - {"script":"<script> [776 bytes]","args":[{"enterText":"Gram","selector":{"id":"application-manageresources-display-component---newResourceUnit--WEIGHT_UNIT","interaction":{"idSuffix":"inner"}},"clearTextFirst":true,"interactionType":"ENTER_TEXT"}]}
RESULT: {"script":"<script> [776 bytes]","args":[{"enterText":"Gram","selector":{"id":"application-manageresources-display-component---newResourceUnit--WEIGHT_UNIT","interaction":{"idSuffix":"inner"}},"clearTextFirst":true,"interactionType":"ENTER_TEXT"}]}
COMMAND: POST /session/0fb4450c6422fe69939d6824736e2f6f/execute/async - {"script":"<script> [1562 bytes]","args":[{"selector":{"id":"application-manageresources-display-component---newResourceUnit--DIMENSION_UNIT","interaction":{"idSuffix":"inner"}},"wdio_ui5_key":"applicationmanageresources-display-component---newResourceUnit--DIMENSION_UNIT"}]}
RESULT: {"script":"<script> [1562 bytes]","args":[{"selector":{"id":"application-manageresources-display-component---newResourceUnit--DIMENSION_UNIT","interaction":{"idSuffix":"inner"}},"wdio_ui5_key":"applicationmanageresources-display-component---newResourceUnit--DIMENSION_UNIT"}]}
RESULT: undefined
COMMAND: POST /session/0fb4450c6422fe69939d6824736e2f6f/execute/async - {"script":"<script> [776 bytes]","args":[{"enterText":"Meter","selector":{"id":"application-manageresources-display-component---newResourceUnit--DIMENSION_UNIT","interaction":{"idSuffix":"inner"}},"clearTextFirst":true,"interactionType":"ENTER_TEXT"}]}
RESULT: {"script":"<script> [776 bytes]","args":[{"enterText":"Meter","selector":{"id":"application-manageresources-display-component---newResourceUnit--DIMENSION_UNIT","interaction":{"idSuffix":"inner"}},"clearTextFirst":true,"interactionType":"ENTER_TEXT"}]}
COMMAND: POST /session/0fb4450c6422fe69939d6824736e2f6f/execute/async - {"script":"<script> [1562 bytes]","args":[{"selector":{"id":"application-manageresources-display-component---newResourceUnit--newRRUPage-anchBar-application-manageresources-display-component---newResourceUnit--control-anchor","interaction":{"idSuffix":"BDI-content"}},"wdio_ui5_key":"applicationmanageresources-display-component---newResourceUnit--newRRUPage-anchBar-application-manageresources-display-component---newResourceUnit--control-anchor"}]}
RESULT: {"script":"<script> [1562 bytes]","args":[{"selector":{"id":"application-manageresources-display-component---newResourceUnit--newRRUPage-anchBar-application-manageresources-display-component---newResourceUnit--control-anchor","interaction":{"idSuffix":"BDI-content"}},"wdio_ui5_key":"applicationmanageresources-display-component---newResourceUnit--newRRUPage-anchBar-application-manageresources-display-component---newResourceUnit--control-anchor"}]}
RESULT: undefined
COMMAND: POST /session/0fb4450c6422fe69939d6824736e2f6f/element - {"using":"xpath","value":"//*[@id=\"application-manageresources-display-component---newResourceUnit--newRRUPage-anchBar-application-manageresources-display-component---newResourceUnit--control-anchor\"]"}
RESULT: {"using":"xpath","value":"//*[@id=\"application-manageresources-display-component---newResourceUnit--newRRUPage-anchBar-application-manageresources-display-component---newResourceUnit--control-anchor\"]"}
COMMAND: POST /session/0fb4450c6422fe69939d6824736e2f6f/element/f.852D346EF878C3E5FC3136AC53424AFF.d.8D5B5401BEE863395596AD0F13F4529C.e.23378/click - {}
RESULT: {}
COMMAND: POST /session/0fb4450c6422fe69939d6824736e2f6f/execute/async - {"script":"<script> [1562 bytes]","args":[{"selector":{"id":"application-manageresources-display-component---newResourceUnit--PLANNING_GROUP","interaction":{"idSuffix":"inner"}},"wdio_ui5_key":"applicationmanageresources-display-component---newResourceUnit--PLANNING_GROUP"}]}
COMMAND: GET /session/0fb4450c6422fe69939d6824736e2f6f/screenshot - {}
RESULT: {"script":"<script> [1562 bytes]","args":[{"selector":{"id":"application-manageresources-display-component---newResourceUnit--PLANNING_GROUP","interaction":{"idSuffix":"inner"}},"wdio_ui5_key":"applicationmanageresources-display-component---newResourceUnit--PLANNING_GROUP"}]}
RESULT: undefined
COMMAND: POST /session/0fb4450c6422fe69939d6824736e2f6f/execute/async - {"script":"<script> [776 bytes]","args":[{"enterText":"Material","selector":{"id":"application-manageresources-display-component---newResourceUnit--PLANNING_GROUP","interaction":{"idSuffix":"inner"}},"clearTextFirst":true,"interactionType":"ENTER_TEXT"}]}
RESULT: {}
RESULT: {"script":"<script> [776 bytes]","args":[{"enterText":"Material","selector":{"id":"application-manageresources-display-component---newResourceUnit--PLANNING_GROUP","interaction":{"idSuffix":"inner"}},"clearTextFirst":true,"interactionType":"ENTER_TEXT"}]}
COMMAND: POST /session/0fb4450c6422fe69939d6824736e2f6f/execute/async - {"script":"<script> [1562 bytes]","args":[{"selector":{"id":"application-manageresources-display-component---newResourceUnit--PLANNING_INDICATOR","interaction":{"idSuffix":"inner"}},"wdio_ui5_key":"applicationmanageresources-display-component---newResourceUnit--PLANNING_INDICATOR"}]}
RESULT: {"script":"<script> [1562 bytes]","args":[{"selector":{"id":"application-manageresources-display-component---newResourceUnit--PLANNING_INDICATOR","interaction":{"idSuffix":"inner"}},"wdio_ui5_key":"applicationmanageresources-display-component---newResourceUnit--PLANNING_INDICATOR"}]}
RESULT: undefined
COMMAND: POST /session/0fb4450c6422fe69939d6824736e2f6f/execute/async - {"script":"<script> [776 bytes]","args":[{"enterText":"10 - infinite","selector":{"id":"application-manageresources-display-component---newResourceUnit--PLANNING_INDICATOR","interaction":{"idSuffix":"inner"}},"clearTextFirst":true,"interactionType":"ENTER_TEXT"}]}
RESULT: {"script":"<script> [776 bytes]","args":[{"enterText":"10 - infinite","selector":{"id":"application-manageresources-display-component---newResourceUnit--PLANNING_INDICATOR","interaction":{"idSuffix":"inner"}},"clearTextFirst":true,"interactionType":"ENTER_TEXT"}]}
COMMAND: POST /session/0fb4450c6422fe69939d6824736e2f6f/element - {"using":"css selector","value":"#application-manageresources-display-component---newResourceUnit--btnAddTimeSegment"}
RESULT: {"using":"css selector","value":"#application-manageresources-display-component---newResourceUnit--btnAddTimeSegment"}
COMMAND: GET /session/0fb4450c6422fe69939d6824736e2f6f/element/f.852D346EF878C3E5FC3136AC53424AFF.d.8D5B5401BEE863395596AD0F13F4529C.e.23387/rect - {}
RESULT: {}
COMMAND: GET /session/0fb4450c6422fe69939d6824736e2f6f/window/rect - {}
RESULT: {}
COMMAND: POST /session/0fb4450c6422fe69939d6824736e2f6f/execute/sync - {"script":"<script> [92 bytes]","args":[]}
RESULT: {"script":"<script> [92 bytes]","args":[]}
COMMAND: POST /session/0fb4450c6422fe69939d6824736e2f6f/actions - {"actions":[{"id":"action75","type":"wheel","parameters":{},"actions":[{"type":"scroll","x":-1888,"y":-32,"deltaX":0,"deltaY":0,"duration":0,"origin":{"element-6066-11e4-a52e-4f735466cecf":"f.852D346EF878C3E5FC3136AC53424AFF.d.8D5B5401BEE863395596AD0F13F4529C.e.23387"}}]}]}
COMMAND: GET /session/0fb4450c6422fe69939d6824736e2f6f/screenshot - {}
RESULT: {}
COMMAND: POST /session/0fb4450c6422fe69939d6824736e2f6f/execute/sync - {"script":"<script> [79 bytes]","args":[{"element-6066-11e4-a52e-4f735466cecf":"f.852D346EF878C3E5FC3136AC53424AFF.d.8D5B5401BEE863395596AD0F13F4529C.e.23387","ELEMENT":"f.852D346EF878C3E5FC3136AC53424AFF.d.8D5B5401BEE863395596AD0F13F4529C.e.23387"},{"block":"start","inline":"nearest"}]}
RESULT: {"script":"<script> [79 bytes]","args":[{"element-6066-11e4-a52e-4f735466cecf":"f.852D346EF878C3E5FC3136AC53424AFF.d.8D5B5401BEE863395596AD0F13F4529C.e.23387","ELEMENT":"f.852D346EF878C3E5FC3136AC53424AFF.d.8D5B5401BEE863395596AD0F13F4529C.e.23387"},{"block":"start","inline":"nearest"}]}
COMMAND: POST /session/0fb4450c6422fe69939d6824736e2f6f/execute/async - {"script":"<script> [1562 bytes]","args":[{"selector":{"id":"application-manageresources-display-component---newResourceUnit--btnAddTimeSegment","interaction":{"idSuffix":"inner"}},"wdio_ui5_key":"applicationmanageresources-display-component---newResourceUnit--btnAddTimeSegment"}]}
COMMAND: GET /session/0fb4450c6422fe69939d6824736e2f6f/screenshot - {}
RESULT: {"script":"<script> [1562 bytes]","args":[{"selector":{"id":"application-manageresources-display-component---newResourceUnit--btnAddTimeSegment","interaction":{"idSuffix":"inner"}},"wdio_ui5_key":"applicationmanageresources-display-component---newResourceUnit--btnAddTimeSegment"}]}
RESULT: undefined
COMMAND: POST /session/0fb4450c6422fe69939d6824736e2f6f/element - {"using":"xpath","value":"//*[@id=\"application-manageresources-display-component---newResourceUnit--btnAddTimeSegment\"]"}
RESULT: {}
RESULT: {"using":"xpath","value":"//*[@id=\"application-manageresources-display-component---newResourceUnit--btnAddTimeSegment\"]"}
COMMAND: POST /session/0fb4450c6422fe69939d6824736e2f6f/element/f.852D346EF878C3E5FC3136AC53424AFF.d.8D5B5401BEE863395596AD0F13F4529C.e.23387/click - {}
RESULT: {}
COMMAND: GET /session/0fb4450c6422fe69939d6824736e2f6f/screenshot - {}
RESULT: {}
COMMAND: POST /session/0fb4450c6422fe69939d6824736e2f6f/element - {"using":"xpath","value":"//input[@id=\"application-manageresources-display-component---newResourceUnit--idRuTSAdmin-application-manageresources-display-component---newResourceUnit--RUTimeSegment-0-inner\"]"}
RESULT: {"using":"xpath","value":"//input[@id=\"application-manageresources-display-component---newResourceUnit--idRuTSAdmin-application-manageresources-display-component---newResourceUnit--RUTimeSegment-0-inner\"]"}
COMMAND: POST /session/0fb4450c6422fe69939d6824736e2f6f/element/f.852D346EF878C3E5FC3136AC53424AFF.d.8D5B5401BEE863395596AD0F13F4529C.e.23392/clear - {}
RESULT: {}
COMMAND: POST /session/0fb4450c6422fe69939d6824736e2f6f/element/f.852D346EF878C3E5FC3136AC53424AFF.d.8D5B5401BEE863395596AD0F13F4529C.e.23392/value - {"text":"520"}
COMMAND: GET /session/0fb4450c6422fe69939d6824736e2f6f/screenshot - {}
RESULT: {"text":"520"}
COMMAND: GET /session/0fb4450c6422fe69939d6824736e2f6f/screenshot - {}
RESULT: {}
RESULT: {}
COMMAND: POST /session/0fb4450c6422fe69939d6824736e2f6f/element - {"using":"xpath","value":"//li[.//span[text()='520']]"}
RESULT: {"using":"xpath","value":"//li[.//span[text()='520']]"}
COMMAND: POST /session/0fb4450c6422fe69939d6824736e2f6f/element/f.852D346EF878C3E5FC3136AC53424AFF.d.8D5B5401BEE863395596AD0F13F4529C.e.23401/click - {}
RESULT: {}
COMMAND: GET /session/0fb4450c6422fe69939d6824736e2f6f/screenshot - {}
RESULT: {}
COMMAND: POST /session/0fb4450c6422fe69939d6824736e2f6f/element - {"using":"xpath","value":"(//span[contains(@id, \"-application-manageresources-display-component---newResourceUnit--RUTimeSegment-0-arrow\")])[2]"}
RESULT: {"using":"xpath","value":"(//span[contains(@id, \"-application-manageresources-display-component---newResourceUnit--RUTimeSegment-0-arrow\")])[2]"}
COMMAND: POST /session/0fb4450c6422fe69939d6824736e2f6f/element/f.852D346EF878C3E5FC3136AC53424AFF.d.8D5B5401BEE863395596AD0F13F4529C.e.23402/click - {}
RESULT: {}
COMMAND: POST /session/0fb4450c6422fe69939d6824736e2f6f/element - {"using":"xpath","value":"//span[contains(text(), \"PM Order\")]"}
COMMAND: GET /session/0fb4450c6422fe69939d6824736e2f6f/screenshot - {}
RESULT: {"using":"xpath","value":"//span[contains(text(), \"PM Order\")]"}
COMMAND: POST /session/0fb4450c6422fe69939d6824736e2f6f/element/f.852D346EF878C3E5FC3136AC53424AFF.d.8D5B5401BEE863395596AD0F13F4529C.e.23403/click - {}
RESULT: {}
RESULT: {}
COMMAND: GET /session/0fb4450c6422fe69939d6824736e2f6f/screenshot - {}
RESULT: {}
COMMAND: POST /session/0fb4450c6422fe69939d6824736e2f6f/element - {"using":"xpath","value":"//td/div/div/div/span[contains(@id, \"newResourceUnit--RUTimeSegment-0-vhi\")][1]"}
RESULT: {"using":"xpath","value":"//td/div/div/div/span[contains(@id, \"newResourceUnit--RUTimeSegment-0-vhi\")][1]"}
COMMAND: GET /session/0fb4450c6422fe69939d6824736e2f6f/element/f.852D346EF878C3E5FC3136AC53424AFF.d.8D5B5401BEE863395596AD0F13F4529C.e.23407/rect - {}
RESULT: {}
COMMAND: GET /session/0fb4450c6422fe69939d6824736e2f6f/window/rect - {}
RESULT: {}
COMMAND: POST /session/0fb4450c6422fe69939d6824736e2f6f/execute/sync - {"script":"<script> [92 bytes]","args":[]}
RESULT: {"script":"<script> [92 bytes]","args":[]}
COMMAND: POST /session/0fb4450c6422fe69939d6824736e2f6f/actions - {"actions":[{"id":"action76","type":"wheel","parameters":{},"actions":[{"type":"scroll","x":-1888,"y":-24,"deltaX":0,"deltaY":0,"duration":0,"origin":{"element-6066-11e4-a52e-4f735466cecf":"f.852D346EF878C3E5FC3136AC53424AFF.d.8D5B5401BEE863395596AD0F13F4529C.e.23407"}}]}]}
COMMAND: GET /session/0fb4450c6422fe69939d6824736e2f6f/screenshot - {}
RESULT: {}
COMMAND: POST /session/0fb4450c6422fe69939d6824736e2f6f/execute/sync - {"script":"<script> [79 bytes]","args":[{"element-6066-11e4-a52e-4f735466cecf":"f.852D346EF878C3E5FC3136AC53424AFF.d.8D5B5401BEE863395596AD0F13F4529C.e.23407","ELEMENT":"f.852D346EF878C3E5FC3136AC53424AFF.d.8D5B5401BEE863395596AD0F13F4529C.e.23407"},{"block":"start","inline":"nearest"}]}
RESULT: {"script":"<script> [79 bytes]","args":[{"element-6066-11e4-a52e-4f735466cecf":"f.852D346EF878C3E5FC3136AC53424AFF.d.8D5B5401BEE863395596AD0F13F4529C.e.23407","ELEMENT":"f.852D346EF878C3E5FC3136AC53424AFF.d.8D5B5401BEE863395596AD0F13F4529C.e.23407"},{"block":"start","inline":"nearest"}]}
COMMAND: GET /session/0fb4450c6422fe69939d6824736e2f6f/screenshot - {}
RESULT: {}
COMMAND: POST /session/0fb4450c6422fe69939d6824736e2f6f/element/f.852D346EF878C3E5FC3136AC53424AFF.d.8D5B5401BEE863395596AD0F13F4529C.e.23407/click - {}
RESULT: {}
COMMAND: GET /session/0fb4450c6422fe69939d6824736e2f6f/screenshot - {}
RESULT: {}
COMMAND: POST /session/0fb4450c6422fe69939d6824736e2f6f/execute/async - {"script":"<script> [1562 bytes]","args":[{"selector":{"controlType":"sap.m.SearchField","properties":{"placeholder":"Search"},"searchOpenDialogs":true,"interaction":{"idSuffix":"I"}},"wdio_ui5_key":"sapm.SearchField{\"placeholder\":\"Search\"}"}]}
RESULT: {"script":"<script> [1562 bytes]","args":[{"selector":{"controlType":"sap.m.SearchField","properties":{"placeholder":"Search"},"searchOpenDialogs":true,"interaction":{"idSuffix":"I"}},"wdio_ui5_key":"sapm.SearchField{\"placeholder\":\"Search\"}"}]}
RESULT: undefined
COMMAND: POST /session/0fb4450c6422fe69939d6824736e2f6f/execute/async - {"script":"<script> [776 bytes]","args":[{"enterText":"4000360","selector":{"controlType":"sap.m.SearchField","properties":{"placeholder":"Search"},"searchOpenDialogs":true,"interaction":{"idSuffix":"I"}},"clearTextFirst":true,"interactionType":"ENTER_TEXT"}]}
RESULT: {"script":"<script> [776 bytes]","args":[{"enterText":"4000360","selector":{"controlType":"sap.m.SearchField","properties":{"placeholder":"Search"},"searchOpenDialogs":true,"interaction":{"idSuffix":"I"}},"clearTextFirst":true,"interactionType":"ENTER_TEXT"}]}
COMMAND: POST /session/0fb4450c6422fe69939d6824736e2f6f/actions - {"actions":[{"id":"action77","type":"key","parameters":{},"actions":[{"type":"keyDown","value":"î€‡"},{"type":"pause","duration":10},{"type":"keyUp","value":"î€‡"}]}]}
RESULT: {"actions":[{"id":"action77","type":"key","parameters":{},"actions":[{"type":"keyDown","value":"î€‡"},{"type":"pause","duration":10},{"type":"keyUp","value":"î€‡"}]}]}
COMMAND: GET /session/0fb4450c6422fe69939d6824736e2f6f/screenshot - {}
RESULT: {}
COMMAND: POST /session/0fb4450c6422fe69939d6824736e2f6f/element - {"using":"xpath","value":"//td/div/span[contains(text(), \"BGL Vehicles\")]"}
RESULT: {"using":"xpath","value":"//td/div/span[contains(text(), \"BGL Vehicles\")]"}
COMMAND: POST /session/0fb4450c6422fe69939d6824736e2f6f/element/f.852D346EF878C3E5FC3136AC53424AFF.d.8D5B5401BEE863395596AD0F13F4529C.e.23427/click - {}
RESULT: {}
COMMAND: GET /session/0fb4450c6422fe69939d6824736e2f6f/screenshot - {}
RESULT: {}
COMMAND: POST /session/0fb4450c6422fe69939d6824736e2f6f/element - {"using":"xpath","value":"//bdi[contains(text(), \"OK\")]"}
RESULT: {"using":"xpath","value":"//bdi[contains(text(), \"OK\")]"}
COMMAND: POST /session/0fb4450c6422fe69939d6824736e2f6f/element/f.852D346EF878C3E5FC3136AC53424AFF.d.8D5B5401BEE863395596AD0F13F4529C.e.23428/click - {}
RESULT: {}
COMMAND: GET /session/0fb4450c6422fe69939d6824736e2f6f/screenshot - {}
RESULT: {}
COMMAND: POST /session/0fb4450c6422fe69939d6824736e2f6f/element - {"using":"xpath","value":"//label[contains(@class, 'sapMLabelRequired') and .//bdi[contains(text(), 'Planned Retirement')]]"}
RESULT: {"using":"xpath","value":"//label[contains(@class, 'sapMLabelRequired') and .//bdi[contains(text(), 'Planned Retirement')]]"}
COMMAND: POST /session/0fb4450c6422fe69939d6824736e2f6f/elements - {"using":"xpath","value":"//label[contains(@class, 'sapMLabelRequired') and .//bdi[contains(text(), 'Planned Retirement')]]"}
RESULT: {"using":"xpath","value":"//label[contains(@class, 'sapMLabelRequired') and .//bdi[contains(text(), 'Planned Retirement')]]"}
COMMAND: POST /session/0fb4450c6422fe69939d6824736e2f6f/element - {"using":"xpath","value":"//button[@data-kt=\"resourceUnitSaveButton\"]"}
RESULT: {"using":"xpath","value":"//button[@data-kt=\"resourceUnitSaveButton\"]"}
COMMAND: POST /session/0fb4450c6422fe69939d6824736e2f6f/element/f.852D346EF878C3E5FC3136AC53424AFF.d.8D5B5401BEE863395596AD0F13F4529C.e.23330/click - {}
RESULT: {}
COMMAND: GET /session/0fb4450c6422fe69939d6824736e2f6f/screenshot - {}
RESULT: {}
COMMAND: POST /session/0fb4450c6422fe69939d6824736e2f6f/element - {"using":"xpath","value":"//bdi[contains(text(), \"Close\")]"}
RESULT: {"using":"xpath","value":"//bdi[contains(text(), \"Close\")]"}
COMMAND: POST /session/0fb4450c6422fe69939d6824736e2f6f/element/f.852D346EF878C3E5FC3136AC53424AFF.d.8D5B5401BEE863395596AD0F13F4529C.e.23435/click - {}
RESULT: {}
COMMAND: GET /session/0fb4450c6422fe69939d6824736e2f6f/screenshot - {}
RESULT: {}
COMMAND: POST /session/0fb4450c6422fe69939d6824736e2f6f/element - {"using":"xpath","value":"//header[contains(@id, 'detailRruPage-headerTitle')]/div[1]/div[2]/div[2]/span[1]"}
RESULT: {"using":"xpath","value":"//header[contains(@id, 'detailRruPage-headerTitle')]/div[1]/div[2]/div[2]/span[1]"}
COMMAND: POST /session/0fb4450c6422fe69939d6824736e2f6f/elements - {"using":"xpath","value":"//header[contains(@id, 'detailRruPage-headerTitle')]/div[1]/div[2]/div[2]/span[1]"}
RESULT: {"using":"xpath","value":"//header[contains(@id, 'detailRruPage-headerTitle')]/div[1]/div[2]/div[2]/span[1]"}
COMMAND: POST /session/0fb4450c6422fe69939d6824736e2f6f/execute/sync - {"script":"<script> [56 bytes]","args":[{"element-6066-11e4-a52e-4f735466cecf":"f.852D346EF878C3E5FC3136AC53424AFF.d.8D5B5401BEE863395596AD0F13F4529C.e.23461","ELEMENT":"f.852D346EF878C3E5FC3136AC53424AFF.d.8D5B5401BEE863395596AD0F13F4529C.e.23461"}]}
RESULT: {"script":"<script> [56 bytes]","args":[{"element-6066-11e4-a52e-4f735466cecf":"f.852D346EF878C3E5FC3136AC53424AFF.d.8D5B5401BEE863395596AD0F13F4529C.e.23461","ELEMENT":"f.852D346EF878C3E5FC3136AC53424AFF.d.8D5B5401BEE863395596AD0F13F4529C.e.23461"}]}
COMMAND: POST /session/0fb4450c6422fe69939d6824736e2f6f/element - {"using":"css selector","value":"#shell-header-logo"}
COMMAND: GET /session/0fb4450c6422fe69939d6824736e2f6f/screenshot - {}
RESULT: {"using":"css selector","value":"#shell-header-logo"}
COMMAND: POST /session/0fb4450c6422fe69939d6824736e2f6f/element/f.852D346EF878C3E5FC3136AC53424AFF.d.8D5B5401BEE863395596AD0F13F4529C.e.22810/click - {}
RESULT: {}
RESULT: {}
COMMAND: GET /session/0fb4450c6422fe69939d6824736e2f6f/screenshot - {}
RESULT: {}
]]></system-out>
    </testcase>
    <testcase classname="chrome.136_0_7103_93.windows.Create_masterdata_for_Yard_Overview_-_trigger_provide_US130988" name="Bin Status Report Should Create New Organization yard" time="0.004" />
    <testcase classname="chrome.136_0_7103_93.windows.Create_masterdata_for_Yard_Overview_-_trigger_provide_US130988" name="Create a Warehouse Movement for created yard" time="41.572">
      <system-out><![CDATA[
COMMAND: POST /session/0fb4450c6422fe69939d6824736e2f6f/execute/async - {"script":"<script> [1562 bytes]","args":[{"selector":{"controlType":"sap.m.GenericTile","properties":{"header":"Manage Warehouse Movements"}},"wdio_ui5_key":"sapm.GenericTile{\"header\":\"Manage Warehouse Movements\"}"}]}
RESULT: {"script":"<script> [1562 bytes]","args":[{"selector":{"controlType":"sap.m.GenericTile","properties":{"header":"Manage Warehouse Movements"}},"wdio_ui5_key":"sapm.GenericTile{\"header\":\"Manage Warehouse Movements\"}"}]}
RESULT: undefined
COMMAND: POST /session/0fb4450c6422fe69939d6824736e2f6f/element - {"using":"xpath","value":"//*[@id=\"__tile105\"]"}
RESULT: {"using":"xpath","value":"//*[@id=\"__tile105\"]"}
COMMAND: POST /session/0fb4450c6422fe69939d6824736e2f6f/element/f.852D346EF878C3E5FC3136AC53424AFF.d.8D5B5401BEE863395596AD0F13F4529C.e.23465/click - {}
RESULT: {}
COMMAND: POST /session/0fb4450c6422fe69939d6824736e2f6f/element - {"using":"xpath","value":"//input[@id='application-warehousemovements-display-component---warehouseMovements--smartFilterBar-filterItemControl_BASIC-YARD-inner']"}
COMMAND: GET /session/0fb4450c6422fe69939d6824736e2f6f/screenshot - {}
RESULT: {"using":"xpath","value":"//input[@id='application-warehousemovements-display-component---warehouseMovements--smartFilterBar-filterItemControl_BASIC-YARD-inner']"}
COMMAND: POST /session/0fb4450c6422fe69939d6824736e2f6f/elements - {"using":"xpath","value":"//input[@id='application-warehousemovements-display-component---warehouseMovements--smartFilterBar-filterItemControl_BASIC-YARD-inner']"}
RESULT: {}
RESULT: {"using":"xpath","value":"//input[@id='application-warehousemovements-display-component---warehouseMovements--smartFilterBar-filterItemControl_BASIC-YARD-inner']"}
COMMAND: POST /session/0fb4450c6422fe69939d6824736e2f6f/element - {"using":"xpath","value":"//input[@id='application-warehousemovements-display-component---warehouseMovements--smartFilterBar-filterItemControl_BASIC-YARD-inner']"}
RESULT: {"using":"xpath","value":"//input[@id='application-warehousemovements-display-component---warehouseMovements--smartFilterBar-filterItemControl_BASIC-YARD-inner']"}
COMMAND: POST /session/0fb4450c6422fe69939d6824736e2f6f/execute/sync - {"script":"<script> [8489 bytes]","args":[{"element-6066-11e4-a52e-4f735466cecf":"f.852D346EF878C3E5FC3136AC53424AFF.d.8D5B5401BEE863395596AD0F13F4529C.e.23473","ELEMENT":"f.852D346EF878C3E5FC3136AC53424AFF.d.8D5B5401BEE863395596AD0F13F4529C.e.23473"}]}
RESULT: {"script":"<script> [8489 bytes]","args":[{"element-6066-11e4-a52e-4f735466cecf":"f.852D346EF878C3E5FC3136AC53424AFF.d.8D5B5401BEE863395596AD0F13F4529C.e.23473","ELEMENT":"f.852D346EF878C3E5FC3136AC53424AFF.d.8D5B5401BEE863395596AD0F13F4529C.e.23473"}]}
COMMAND: GET /session/0fb4450c6422fe69939d6824736e2f6f/element/f.852D346EF878C3E5FC3136AC53424AFF.d.8D5B5401BEE863395596AD0F13F4529C.e.23473/enabled - {}
COMMAND: GET /session/0fb4450c6422fe69939d6824736e2f6f/screenshot - {}
RESULT: {}
COMMAND: POST /session/0fb4450c6422fe69939d6824736e2f6f/execute/sync - {"script":"<script> [8489 bytes]","args":[{"element-6066-11e4-a52e-4f735466cecf":"f.852D346EF878C3E5FC3136AC53424AFF.d.8D5B5401BEE863395596AD0F13F4529C.e.23473","ELEMENT":"f.852D346EF878C3E5FC3136AC53424AFF.d.8D5B5401BEE863395596AD0F13F4529C.e.23473"}]}
COMMAND: GET /session/0fb4450c6422fe69939d6824736e2f6f/screenshot - {}
RESULT: {}
RESULT: {}
RESULT: {"script":"<script> [8489 bytes]","args":[{"element-6066-11e4-a52e-4f735466cecf":"f.852D346EF878C3E5FC3136AC53424AFF.d.8D5B5401BEE863395596AD0F13F4529C.e.23473","ELEMENT":"f.852D346EF878C3E5FC3136AC53424AFF.d.8D5B5401BEE863395596AD0F13F4529C.e.23473"}]}
COMMAND: POST /session/0fb4450c6422fe69939d6824736e2f6f/execute/sync - {"script":"<script> [5351 bytes]","args":[{"element-6066-11e4-a52e-4f735466cecf":"f.852D346EF878C3E5FC3136AC53424AFF.d.8D5B5401BEE863395596AD0F13F4529C.e.23473","ELEMENT":"f.852D346EF878C3E5FC3136AC53424AFF.d.8D5B5401BEE863395596AD0F13F4529C.e.23473"}]}
COMMAND: GET /session/0fb4450c6422fe69939d6824736e2f6f/screenshot - {}
RESULT: {"script":"<script> [5351 bytes]","args":[{"element-6066-11e4-a52e-4f735466cecf":"f.852D346EF878C3E5FC3136AC53424AFF.d.8D5B5401BEE863395596AD0F13F4529C.e.23473","ELEMENT":"f.852D346EF878C3E5FC3136AC53424AFF.d.8D5B5401BEE863395596AD0F13F4529C.e.23473"}]}
COMMAND: GET /session/0fb4450c6422fe69939d6824736e2f6f/screenshot - {}
RESULT: {}
RESULT: {}
COMMAND: POST /session/0fb4450c6422fe69939d6824736e2f6f/element/f.852D346EF878C3E5FC3136AC53424AFF.d.8D5B5401BEE863395596AD0F13F4529C.e.23473/clear - {}
RESULT: {}
COMMAND: POST /session/0fb4450c6422fe69939d6824736e2f6f/element/f.852D346EF878C3E5FC3136AC53424AFF.d.8D5B5401BEE863395596AD0F13F4529C.e.23473/value - {"text":"520"}
COMMAND: GET /session/0fb4450c6422fe69939d6824736e2f6f/screenshot - {}
RESULT: {"text":"520"}
COMMAND: POST /session/0fb4450c6422fe69939d6824736e2f6f/actions - {"actions":[{"id":"action78","type":"key","parameters":{},"actions":[{"type":"keyDown","value":"î€‡"},{"type":"pause","duration":10},{"type":"keyUp","value":"î€‡"}]}]}
COMMAND: GET /session/0fb4450c6422fe69939d6824736e2f6f/screenshot - {}
RESULT: {}
RESULT: {"actions":[{"id":"action78","type":"key","parameters":{},"actions":[{"type":"keyDown","value":"î€‡"},{"type":"pause","duration":10},{"type":"keyUp","value":"î€‡"}]}]}
COMMAND: GET /session/0fb4450c6422fe69939d6824736e2f6f/screenshot - {}
RESULT: {}
RESULT: {}
COMMAND: POST /session/0fb4450c6422fe69939d6824736e2f6f/element - {"using":"xpath","value":"//button[contains(@data-kt, \"MasterMovementAddOverflowToolbarButton\")]"}
RESULT: {"using":"xpath","value":"//button[contains(@data-kt, \"MasterMovementAddOverflowToolbarButton\")]"}
COMMAND: POST /session/0fb4450c6422fe69939d6824736e2f6f/element/f.852D346EF878C3E5FC3136AC53424AFF.d.8D5B5401BEE863395596AD0F13F4529C.e.23512/click - {}
RESULT: {}
COMMAND: GET /session/0fb4450c6422fe69939d6824736e2f6f/screenshot - {}
RESULT: {}
COMMAND: POST /session/0fb4450c6422fe69939d6824736e2f6f/element - {"using":"xpath","value":"//*[@id=\"application-warehousemovements-display-component---addMovement--sectionsList-arrow\"]"}
RESULT: {"using":"xpath","value":"//*[@id=\"application-warehousemovements-display-component---addMovement--sectionsList-arrow\"]"}
COMMAND: POST /session/0fb4450c6422fe69939d6824736e2f6f/element/f.852D346EF878C3E5FC3136AC53424AFF.d.8D5B5401BEE863395596AD0F13F4529C.e.23711/click - {}
RESULT: {}
COMMAND: POST /session/0fb4450c6422fe69939d6824736e2f6f/actions - {"actions":[{"id":"action79","type":"key","parameters":{},"actions":[{"type":"keyDown","value":"î€•"},{"type":"pause","duration":10},{"type":"keyUp","value":"î€•"}]}]}
COMMAND: GET /session/0fb4450c6422fe69939d6824736e2f6f/screenshot - {}
RESULT: {"actions":[{"id":"action79","type":"key","parameters":{},"actions":[{"type":"keyDown","value":"î€•"},{"type":"pause","duration":10},{"type":"keyUp","value":"î€•"}]}]}
COMMAND: GET /session/0fb4450c6422fe69939d6824736e2f6f/screenshot - {}
RESULT: {}
RESULT: {}
COMMAND: POST /session/0fb4450c6422fe69939d6824736e2f6f/actions - {"actions":[{"id":"action80","type":"key","parameters":{},"actions":[{"type":"keyDown","value":"î€‡"},{"type":"pause","duration":10},{"type":"keyUp","value":"î€‡"}]}]}
RESULT: {"actions":[{"id":"action80","type":"key","parameters":{},"actions":[{"type":"keyDown","value":"î€‡"},{"type":"pause","duration":10},{"type":"keyUp","value":"î€‡"}]}]}
COMMAND: GET /session/0fb4450c6422fe69939d6824736e2f6f/screenshot - {}
RESULT: {}
COMMAND: POST /session/0fb4450c6422fe69939d6824736e2f6f/element - {"using":"xpath","value":"//*[@id=\"application-warehousemovements-display-component---addMovement--saveMovementBtn-BDI-content\" and text()=\"Save\"]"}
RESULT: {"using":"xpath","value":"//*[@id=\"application-warehousemovements-display-component---addMovement--saveMovementBtn-BDI-content\" and text()=\"Save\"]"}
COMMAND: POST /session/0fb4450c6422fe69939d6824736e2f6f/element/f.852D346EF878C3E5FC3136AC53424AFF.d.8D5B5401BEE863395596AD0F13F4529C.e.23713/click - {}
RESULT: {}
COMMAND: GET /session/0fb4450c6422fe69939d6824736e2f6f/screenshot - {}
RESULT: {}
COMMAND: POST /session/0fb4450c6422fe69939d6824736e2f6f/element - {"using":"css selector","value":"#shell-header-logo"}
RESULT: {"using":"css selector","value":"#shell-header-logo"}
COMMAND: POST /session/0fb4450c6422fe69939d6824736e2f6f/element/f.852D346EF878C3E5FC3136AC53424AFF.d.8D5B5401BEE863395596AD0F13F4529C.e.23469/click - {}
RESULT: {}
COMMAND: GET /session/0fb4450c6422fe69939d6824736e2f6f/screenshot - {}
RESULT: {}
]]></system-out>
    </testcase>
    <testcase classname="chrome.136_0_7103_93.windows.Create_masterdata_for_Yard_Overview_-_trigger_provide_US130988" name="Should do a stock increase handover for equipment" time="84.479">
      <system-out><![CDATA[
COMMAND: POST /session/0fb4450c6422fe69939d6824736e2f6f/execute/async - {"script":"<script> [1562 bytes]","args":[{"selector":{"controlType":"sap.m.GenericTile","properties":{"header":"Manage Handovers"}},"wdio_ui5_key":"sapm.GenericTile{\"header\":\"Manage Handovers\"}"}]}
RESULT: {"script":"<script> [1562 bytes]","args":[{"selector":{"controlType":"sap.m.GenericTile","properties":{"header":"Manage Handovers"}},"wdio_ui5_key":"sapm.GenericTile{\"header\":\"Manage Handovers\"}"}]}
RESULT: undefined
COMMAND: POST /session/0fb4450c6422fe69939d6824736e2f6f/element - {"using":"xpath","value":"//*[@id=\"__tile131\"]"}
RESULT: {"using":"xpath","value":"//*[@id=\"__tile131\"]"}
COMMAND: POST /session/0fb4450c6422fe69939d6824736e2f6f/element/f.852D346EF878C3E5FC3136AC53424AFF.d.8D5B5401BEE863395596AD0F13F4529C.e.22854/click - {}
RESULT: {}
COMMAND: GET /session/0fb4450c6422fe69939d6824736e2f6f/screenshot - {}
RESULT: {}
COMMAND: POST /session/0fb4450c6422fe69939d6824736e2f6f/elements - {"using":"xpath","value":"//span[text()='Error']"}
RESULT: {"using":"xpath","value":"//span[text()='Error']"}
COMMAND: POST /session/0fb4450c6422fe69939d6824736e2f6f/element - {"using":"xpath","value":"//button[@data-kt=\"masterHOAddButton\"]"}
RESULT: {"using":"xpath","value":"//button[@data-kt=\"masterHOAddButton\"]"}
COMMAND: POST /session/0fb4450c6422fe69939d6824736e2f6f/elements - {"using":"xpath","value":"//button[@data-kt=\"masterHOAddButton\"]"}
RESULT: {"using":"xpath","value":"//button[@data-kt=\"masterHOAddButton\"]"}
COMMAND: POST /session/0fb4450c6422fe69939d6824736e2f6f/execute/sync - {"script":"<script> [8489 bytes]","args":[{"element-6066-11e4-a52e-4f735466cecf":"f.852D346EF878C3E5FC3136AC53424AFF.d.8D5B5401BEE863395596AD0F13F4529C.e.23826","ELEMENT":"f.852D346EF878C3E5FC3136AC53424AFF.d.8D5B5401BEE863395596AD0F13F4529C.e.23826"}]}
RESULT: {"script":"<script> [8489 bytes]","args":[{"element-6066-11e4-a52e-4f735466cecf":"f.852D346EF878C3E5FC3136AC53424AFF.d.8D5B5401BEE863395596AD0F13F4529C.e.23826","ELEMENT":"f.852D346EF878C3E5FC3136AC53424AFF.d.8D5B5401BEE863395596AD0F13F4529C.e.23826"}]}
COMMAND: GET /session/0fb4450c6422fe69939d6824736e2f6f/element/f.852D346EF878C3E5FC3136AC53424AFF.d.8D5B5401BEE863395596AD0F13F4529C.e.23826/enabled - {}
COMMAND: GET /session/0fb4450c6422fe69939d6824736e2f6f/screenshot - {}
RESULT: {}
COMMAND: POST /session/0fb4450c6422fe69939d6824736e2f6f/execute/sync - {"script":"<script> [8489 bytes]","args":[{"element-6066-11e4-a52e-4f735466cecf":"f.852D346EF878C3E5FC3136AC53424AFF.d.8D5B5401BEE863395596AD0F13F4529C.e.23826","ELEMENT":"f.852D346EF878C3E5FC3136AC53424AFF.d.8D5B5401BEE863395596AD0F13F4529C.e.23826"}]}
COMMAND: GET /session/0fb4450c6422fe69939d6824736e2f6f/screenshot - {}
RESULT: {}
RESULT: {"script":"<script> [8489 bytes]","args":[{"element-6066-11e4-a52e-4f735466cecf":"f.852D346EF878C3E5FC3136AC53424AFF.d.8D5B5401BEE863395596AD0F13F4529C.e.23826","ELEMENT":"f.852D346EF878C3E5FC3136AC53424AFF.d.8D5B5401BEE863395596AD0F13F4529C.e.23826"}]}
COMMAND: POST /session/0fb4450c6422fe69939d6824736e2f6f/execute/sync - {"script":"<script> [5351 bytes]","args":[{"element-6066-11e4-a52e-4f735466cecf":"f.852D346EF878C3E5FC3136AC53424AFF.d.8D5B5401BEE863395596AD0F13F4529C.e.23826","ELEMENT":"f.852D346EF878C3E5FC3136AC53424AFF.d.8D5B5401BEE863395596AD0F13F4529C.e.23826"}]}
COMMAND: GET /session/0fb4450c6422fe69939d6824736e2f6f/screenshot - {}
RESULT: {}
RESULT: {"script":"<script> [5351 bytes]","args":[{"element-6066-11e4-a52e-4f735466cecf":"f.852D346EF878C3E5FC3136AC53424AFF.d.8D5B5401BEE863395596AD0F13F4529C.e.23826","ELEMENT":"f.852D346EF878C3E5FC3136AC53424AFF.d.8D5B5401BEE863395596AD0F13F4529C.e.23826"}]}
COMMAND: POST /session/0fb4450c6422fe69939d6824736e2f6f/element/f.852D346EF878C3E5FC3136AC53424AFF.d.8D5B5401BEE863395596AD0F13F4529C.e.23826/click - {}
COMMAND: GET /session/0fb4450c6422fe69939d6824736e2f6f/screenshot - {}
RESULT: {}
RESULT: {}
RESULT: {}
COMMAND: GET /session/0fb4450c6422fe69939d6824736e2f6f/screenshot - {}
RESULT: {}
COMMAND: POST /session/0fb4450c6422fe69939d6824736e2f6f/element - {"using":"xpath","value":"//span[contains(@id ,\"AddNewHO--typeSelect-arrow\")]"}
RESULT: {"using":"xpath","value":"//span[contains(@id ,\"AddNewHO--typeSelect-arrow\")]"}
COMMAND: POST /session/0fb4450c6422fe69939d6824736e2f6f/element/f.852D346EF878C3E5FC3136AC53424AFF.d.8D5B5401BEE863395596AD0F13F4529C.e.24180/click - {}
RESULT: {}
COMMAND: GET /session/0fb4450c6422fe69939d6824736e2f6f/screenshot - {}
RESULT: {}
COMMAND: POST /session/0fb4450c6422fe69939d6824736e2f6f/element - {"using":"xpath","value":"(//li[contains(text(), \"stock increase yard\")])[1]"}
RESULT: {"using":"xpath","value":"(//li[contains(text(), \"stock increase yard\")])[1]"}
COMMAND: POST /session/0fb4450c6422fe69939d6824736e2f6f/element/f.852D346EF878C3E5FC3136AC53424AFF.d.8D5B5401BEE863395596AD0F13F4529C.e.24181/click - {}
RESULT: {}
COMMAND: GET /session/0fb4450c6422fe69939d6824736e2f6f/screenshot - {}
RESULT: {}
COMMAND: POST /session/0fb4450c6422fe69939d6824736e2f6f/execute/async - {"script":"<script> [1562 bytes]","args":[{"selector":{"id":"application-managehandovers-display-component---AddNewHO--dueDate","interaction":{"idSuffix":"inner"}},"wdio_ui5_key":"applicationmanagehandovers-display-component---AddNewHO--dueDate"}]}
RESULT: {"script":"<script> [1562 bytes]","args":[{"selector":{"id":"application-managehandovers-display-component---AddNewHO--dueDate","interaction":{"idSuffix":"inner"}},"wdio_ui5_key":"applicationmanagehandovers-display-component---AddNewHO--dueDate"}]}
RESULT: undefined
COMMAND: POST /session/0fb4450c6422fe69939d6824736e2f6f/execute/async - {"script":"<script> [6424 bytes]","args":[{"element-6066-11e4-a52e-4f735466cecf":"f.852D346EF878C3E5FC3136AC53424AFF.d.8D5B5401BEE863395596AD0F13F4529C.e.24183"},"setValue",["5/18/25"]]}
RESULT: {"script":"<script> [6424 bytes]","args":[{"element-6066-11e4-a52e-4f735466cecf":"f.852D346EF878C3E5FC3136AC53424AFF.d.8D5B5401BEE863395596AD0F13F4529C.e.24183"},"setValue",["5/18/25"]]}
COMMAND: POST /session/0fb4450c6422fe69939d6824736e2f6f/element - {"using":"xpath","value":"//input[@id=\"generalSectionFrg--receiveYard-inner\"]"}
RESULT: {"using":"xpath","value":"//input[@id=\"generalSectionFrg--receiveYard-inner\"]"}
COMMAND: POST /session/0fb4450c6422fe69939d6824736e2f6f/element/f.852D346EF878C3E5FC3136AC53424AFF.d.8D5B5401BEE863395596AD0F13F4529C.e.24187/clear - {}
RESULT: {}
COMMAND: POST /session/0fb4450c6422fe69939d6824736e2f6f/element/f.852D346EF878C3E5FC3136AC53424AFF.d.8D5B5401BEE863395596AD0F13F4529C.e.24187/value - {"text":"520"}
COMMAND: GET /session/0fb4450c6422fe69939d6824736e2f6f/screenshot - {}
RESULT: {"text":"520"}
COMMAND: GET /session/0fb4450c6422fe69939d6824736e2f6f/screenshot - {}
RESULT: {}
RESULT: {}
COMMAND: POST /session/0fb4450c6422fe69939d6824736e2f6f/element - {"using":"xpath","value":"//li[.//span[text()='520']]"}
RESULT: {"using":"xpath","value":"//li[.//span[text()='520']]"}
COMMAND: POST /session/0fb4450c6422fe69939d6824736e2f6f/element/f.852D346EF878C3E5FC3136AC53424AFF.d.8D5B5401BEE863395596AD0F13F4529C.e.24205/click - {}
RESULT: {}
COMMAND: GET /session/0fb4450c6422fe69939d6824736e2f6f/screenshot - {}
RESULT: {}
COMMAND: POST /session/0fb4450c6422fe69939d6824736e2f6f/execute/async - {"script":"<script> [1562 bytes]","args":[{"selector":{"id":"application-managehandovers-display-component---AddNewHO--ObjectPageLayout-anchBar-application-managehandovers-display-component---AddNewHO--section4-anchor","interaction":{"idSuffix":"BDI-content"}},"wdio_ui5_key":"applicationmanagehandovers-display-component---AddNewHO--ObjectPageLayout-anchBar-application-managehandovers-display-component---AddNewHO--section4-anchor"}]}
RESULT: {"script":"<script> [1562 bytes]","args":[{"selector":{"id":"application-managehandovers-display-component---AddNewHO--ObjectPageLayout-anchBar-application-managehandovers-display-component---AddNewHO--section4-anchor","interaction":{"idSuffix":"BDI-content"}},"wdio_ui5_key":"applicationmanagehandovers-display-component---AddNewHO--ObjectPageLayout-anchBar-application-managehandovers-display-component---AddNewHO--section4-anchor"}]}
RESULT: undefined
COMMAND: POST /session/0fb4450c6422fe69939d6824736e2f6f/element - {"using":"xpath","value":"//*[@id=\"application-managehandovers-display-component---AddNewHO--ObjectPageLayout-anchBar-application-managehandovers-display-component---AddNewHO--section4-anchor\"]"}
RESULT: {"using":"xpath","value":"//*[@id=\"application-managehandovers-display-component---AddNewHO--ObjectPageLayout-anchBar-application-managehandovers-display-component---AddNewHO--section4-anchor\"]"}
COMMAND: POST /session/0fb4450c6422fe69939d6824736e2f6f/element/f.852D346EF878C3E5FC3136AC53424AFF.d.8D5B5401BEE863395596AD0F13F4529C.e.24207/click - {}
RESULT: {}
COMMAND: POST /session/0fb4450c6422fe69939d6824736e2f6f/element - {"using":"xpath","value":"//button[@aria-label=\"Add\"]"}
COMMAND: GET /session/0fb4450c6422fe69939d6824736e2f6f/screenshot - {}
RESULT: {"using":"xpath","value":"//button[@aria-label=\"Add\"]"}
COMMAND: POST /session/0fb4450c6422fe69939d6824736e2f6f/element/f.852D346EF878C3E5FC3136AC53424AFF.d.8D5B5401BEE863395596AD0F13F4529C.e.24209/click - {}
RESULT: {}
RESULT: {}
COMMAND: GET /session/0fb4450c6422fe69939d6824736e2f6f/screenshot - {}
RESULT: {}
COMMAND: POST /session/0fb4450c6422fe69939d6824736e2f6f/execute/async - {"script":"<script> [1562 bytes]","args":[{"selector":{"id":"application-managehandovers-display-component---AddNewHO--smartFilterBar-btnBasicSearch","searchOpenDialogs":true,"interaction":{"idSuffix":"I"}},"wdio_ui5_key":"applicationmanagehandovers-display-component---AddNewHO--smartFilterBar-btnBasicSearch"}]}
RESULT: {"script":"<script> [1562 bytes]","args":[{"selector":{"id":"application-managehandovers-display-component---AddNewHO--smartFilterBar-btnBasicSearch","searchOpenDialogs":true,"interaction":{"idSuffix":"I"}},"wdio_ui5_key":"applicationmanagehandovers-display-component---AddNewHO--smartFilterBar-btnBasicSearch"}]}
RESULT: undefined
COMMAND: POST /session/0fb4450c6422fe69939d6824736e2f6f/execute/async - {"script":"<script> [776 bytes]","args":[{"enterText":"200279","selector":{"id":"application-managehandovers-display-component---AddNewHO--smartFilterBar-btnBasicSearch","searchOpenDialogs":true,"interaction":{"idSuffix":"I"}},"clearTextFirst":true,"interactionType":"ENTER_TEXT"}]}
RESULT: {"script":"<script> [776 bytes]","args":[{"enterText":"200279","selector":{"id":"application-managehandovers-display-component---AddNewHO--smartFilterBar-btnBasicSearch","searchOpenDialogs":true,"interaction":{"idSuffix":"I"}},"clearTextFirst":true,"interactionType":"ENTER_TEXT"}]}
COMMAND: POST /session/0fb4450c6422fe69939d6824736e2f6f/actions - {"actions":[{"id":"action81","type":"key","parameters":{},"actions":[{"type":"keyDown","value":"î€‡"},{"type":"pause","duration":10},{"type":"keyUp","value":"î€‡"}]}]}
RESULT: {"actions":[{"id":"action81","type":"key","parameters":{},"actions":[{"type":"keyDown","value":"î€‡"},{"type":"pause","duration":10},{"type":"keyUp","value":"î€‡"}]}]}
COMMAND: GET /session/0fb4450c6422fe69939d6824736e2f6f/screenshot - {}
RESULT: {}
COMMAND: POST /session/0fb4450c6422fe69939d6824736e2f6f/execute/async - {"script":"<script> [1562 bytes]","args":[{"selector":{"id":"application-managehandovers-display-component---AddNewHO--popup-sa","searchOpenDialogs":true,"interaction":{"idSuffix":"CbBg"}},"wdio_ui5_key":"applicationmanagehandovers-display-component---AddNewHO--popup-sa"}]}
RESULT: {"script":"<script> [1562 bytes]","args":[{"selector":{"id":"application-managehandovers-display-component---AddNewHO--popup-sa","searchOpenDialogs":true,"interaction":{"idSuffix":"CbBg"}},"wdio_ui5_key":"applicationmanagehandovers-display-component---AddNewHO--popup-sa"}]}
RESULT: undefined
COMMAND: POST /session/0fb4450c6422fe69939d6824736e2f6f/element - {"using":"xpath","value":"//*[@id=\"application-managehandovers-display-component---AddNewHO--popup-sa\"]"}
RESULT: {"using":"xpath","value":"//*[@id=\"application-managehandovers-display-component---AddNewHO--popup-sa\"]"}
COMMAND: POST /session/0fb4450c6422fe69939d6824736e2f6f/element/f.852D346EF878C3E5FC3136AC53424AFF.d.8D5B5401BEE863395596AD0F13F4529C.e.24363/click - {}
RESULT: {}
COMMAND: GET /session/0fb4450c6422fe69939d6824736e2f6f/screenshot - {}
RESULT: {}
COMMAND: POST /session/0fb4450c6422fe69939d6824736e2f6f/element - {"using":"xpath","value":"//bdi[contains(text(), \"Select\")]"}
RESULT: {"using":"xpath","value":"//bdi[contains(text(), \"Select\")]"}
COMMAND: POST /session/0fb4450c6422fe69939d6824736e2f6f/element/f.852D346EF878C3E5FC3136AC53424AFF.d.8D5B5401BEE863395596AD0F13F4529C.e.24364/click - {}
RESULT: {}
COMMAND: GET /session/0fb4450c6422fe69939d6824736e2f6f/screenshot - {}
RESULT: {}
COMMAND: POST /session/0fb4450c6422fe69939d6824736e2f6f/element - {"using":"xpath","value":"//button[@data-kt=\"AddNewHOSaveButton\"]"}
RESULT: {"using":"xpath","value":"//button[@data-kt=\"AddNewHOSaveButton\"]"}
COMMAND: POST /session/0fb4450c6422fe69939d6824736e2f6f/element/f.852D346EF878C3E5FC3136AC53424AFF.d.8D5B5401BEE863395596AD0F13F4529C.e.24368/click - {}
RESULT: {}
COMMAND: GET /session/0fb4450c6422fe69939d6824736e2f6f/screenshot - {}
COMMAND: POST /session/0fb4450c6422fe69939d6824736e2f6f/execute/async - {"script":"<script> [1562 bytes]","args":[{"selector":{"id":"receiptDatePicker","viewName":"etm.portal.ui.managehandovers.view.DetailExecuteHO","interaction":{"idSuffix":"inner"}},"wdio_ui5_key":"receiptDatePickeretmportal.ui.managehandovers.view.DetailExecuteHO"}]}
RESULT: {}
RESULT: {"script":"<script> [1562 bytes]","args":[{"selector":{"id":"receiptDatePicker","viewName":"etm.portal.ui.managehandovers.view.DetailExecuteHO","interaction":{"idSuffix":"inner"}},"wdio_ui5_key":"receiptDatePickeretmportal.ui.managehandovers.view.DetailExecuteHO"}]}
RESULT: undefined
COMMAND: POST /session/0fb4450c6422fe69939d6824736e2f6f/execute/async - {"script":"<script> [6424 bytes]","args":[{"element-6066-11e4-a52e-4f735466cecf":"f.852D346EF878C3E5FC3136AC53424AFF.d.8D5B5401BEE863395596AD0F13F4529C.e.24385"},"setValue",["5/18/25"]]}
RESULT: {"script":"<script> [6424 bytes]","args":[{"element-6066-11e4-a52e-4f735466cecf":"f.852D346EF878C3E5FC3136AC53424AFF.d.8D5B5401BEE863395596AD0F13F4529C.e.24385"},"setValue",["5/18/25"]]}
COMMAND: POST /session/0fb4450c6422fe69939d6824736e2f6f/element - {"using":"xpath","value":"//button[@data-kt=\"PickingTableConfirmAllButton\"]"}
RESULT: {"using":"xpath","value":"//button[@data-kt=\"PickingTableConfirmAllButton\"]"}
COMMAND: POST /session/0fb4450c6422fe69939d6824736e2f6f/element/f.852D346EF878C3E5FC3136AC53424AFF.d.8D5B5401BEE863395596AD0F13F4529C.e.24402/click - {}
RESULT: {}
COMMAND: GET /session/0fb4450c6422fe69939d6824736e2f6f/screenshot - {}
RESULT: {}
COMMAND: POST /session/0fb4450c6422fe69939d6824736e2f6f/element - {"using":"xpath","value":"//bdi[contains(text(), \"OK\")]"}
RESULT: {"using":"xpath","value":"//bdi[contains(text(), \"OK\")]"}
COMMAND: POST /session/0fb4450c6422fe69939d6824736e2f6f/element/f.852D346EF878C3E5FC3136AC53424AFF.d.8D5B5401BEE863395596AD0F13F4529C.e.24404/click - {}
RESULT: {}
COMMAND: GET /session/0fb4450c6422fe69939d6824736e2f6f/screenshot - {}
RESULT: {}
COMMAND: POST /session/0fb4450c6422fe69939d6824736e2f6f/element - {"using":"xpath","value":"(//bdi[contains(text(), \"Receive\")])[2]"}
RESULT: {"using":"xpath","value":"(//bdi[contains(text(), \"Receive\")])[2]"}
COMMAND: POST /session/0fb4450c6422fe69939d6824736e2f6f/element/f.852D346EF878C3E5FC3136AC53424AFF.d.8D5B5401BEE863395596AD0F13F4529C.e.24406/click - {}
RESULT: {}
COMMAND: GET /session/0fb4450c6422fe69939d6824736e2f6f/screenshot - {}
RESULT: {}
COMMAND: POST /session/0fb4450c6422fe69939d6824736e2f6f/element - {"using":"css selector","value":"#shell-header-logo"}
RESULT: {"using":"css selector","value":"#shell-header-logo"}
COMMAND: POST /session/0fb4450c6422fe69939d6824736e2f6f/element/f.852D346EF878C3E5FC3136AC53424AFF.d.8D5B5401BEE863395596AD0F13F4529C.e.23790/click - {}
RESULT: {}
COMMAND: GET /session/0fb4450c6422fe69939d6824736e2f6f/screenshot - {}
RESULT: {}
]]></system-out>
    </testcase>
    <testcase classname="chrome.136_0_7103_93.windows.Create_masterdata_for_Yard_Overview_-_trigger_provide_US130988" name="Set status to defect" time="56.035">
      <system-out><![CDATA[
COMMAND: POST /session/0fb4450c6422fe69939d6824736e2f6f/execute/async - {"script":"<script> [1562 bytes]","args":[{"selector":{"controlType":"sap.m.GenericTile","properties":{"header":"Manage States & Performance"}},"wdio_ui5_key":"sapm.GenericTile{\"header\":\"Manage States & Performance\"}"}]}
RESULT: {"script":"<script> [1562 bytes]","args":[{"selector":{"controlType":"sap.m.GenericTile","properties":{"header":"Manage States & Performance"}},"wdio_ui5_key":"sapm.GenericTile{\"header\":\"Manage States & Performance\"}"}]}
RESULT: undefined
COMMAND: POST /session/0fb4450c6422fe69939d6824736e2f6f/element - {"using":"xpath","value":"//*[@id=\"__tile96\"]"}
RESULT: {"using":"xpath","value":"//*[@id=\"__tile96\"]"}
COMMAND: POST /session/0fb4450c6422fe69939d6824736e2f6f/element/f.852D346EF878C3E5FC3136AC53424AFF.d.8D5B5401BEE863395596AD0F13F4529C.e.22899/click - {}
RESULT: {}
COMMAND: GET /session/0fb4450c6422fe69939d6824736e2f6f/screenshot - {}
RESULT: {}
COMMAND: POST /session/0fb4450c6422fe69939d6824736e2f6f/elements - {"using":"xpath","value":"//span[text()='Error']"}
RESULT: {"using":"xpath","value":"//span[text()='Error']"}
COMMAND: POST /session/0fb4450c6422fe69939d6824736e2f6f/execute/async - {"script":"<script> [1562 bytes]","args":[{"selector":{"controlType":"sap.ui.core.Icon","viewName":"etm.portal.ui.managestatesandperformance.view.Master","viewId":"application-managestatesandperformance-display-component---stateAndPerform","properties":{"src":{"regex":{"source":"inventory"}}}},"wdio_ui5_key":"etmportal.ui.managestatesandperformance.view.Mastersap.ui.core.Icon{\"src\":{\"regex\":{\"source\":\"inventory\"}}}"}]}
RESULT: {"script":"<script> [1562 bytes]","args":[{"selector":{"controlType":"sap.ui.core.Icon","viewName":"etm.portal.ui.managestatesandperformance.view.Master","viewId":"application-managestatesandperformance-display-component---stateAndPerform","properties":{"src":{"regex":{"source":"inventory"}}}},"wdio_ui5_key":"etmportal.ui.managestatesandperformance.view.Mastersap.ui.core.Icon{\"src\":{\"regex\":{\"source\":\"inventory\"}}}"}]}
RESULT: undefined
COMMAND: POST /session/0fb4450c6422fe69939d6824736e2f6f/element - {"using":"xpath","value":"//*[@id=\"__filter57-icon\"]"}
RESULT: {"using":"xpath","value":"//*[@id=\"__filter57-icon\"]"}
COMMAND: POST /session/0fb4450c6422fe69939d6824736e2f6f/element/f.852D346EF878C3E5FC3136AC53424AFF.d.8D5B5401BEE863395596AD0F13F4529C.e.24666/click - {}
RESULT: {}
COMMAND: POST /session/0fb4450c6422fe69939d6824736e2f6f/execute/async - {"script":"<script> [1562 bytes]","args":[{"selector":{"id":"application-managestatesandperformance-display-component---stateAndPerform--smartFilterBarYard-btnBasicSearch","interaction":{"idSuffix":"I"}},"wdio_ui5_key":"applicationmanagestatesandperformance-display-component---stateAndPerform--smartFilterBarYard-btnBasicSearch"}]}
COMMAND: GET /session/0fb4450c6422fe69939d6824736e2f6f/screenshot - {}
RESULT: {"script":"<script> [1562 bytes]","args":[{"selector":{"id":"application-managestatesandperformance-display-component---stateAndPerform--smartFilterBarYard-btnBasicSearch","interaction":{"idSuffix":"I"}},"wdio_ui5_key":"applicationmanagestatesandperformance-display-component---stateAndPerform--smartFilterBarYard-btnBasicSearch"}]}
RESULT: undefined
COMMAND: POST /session/0fb4450c6422fe69939d6824736e2f6f/execute/async - {"script":"<script> [776 bytes]","args":[{"enterText":"200279","selector":{"id":"application-managestatesandperformance-display-component---stateAndPerform--smartFilterBarYard-btnBasicSearch","interaction":{"idSuffix":"I"}},"clearTextFirst":true,"interactionType":"ENTER_TEXT"}]}
RESULT: {}
RESULT: {"script":"<script> [776 bytes]","args":[{"enterText":"200279","selector":{"id":"application-managestatesandperformance-display-component---stateAndPerform--smartFilterBarYard-btnBasicSearch","interaction":{"idSuffix":"I"}},"clearTextFirst":true,"interactionType":"ENTER_TEXT"}]}
COMMAND: POST /session/0fb4450c6422fe69939d6824736e2f6f/actions - {"actions":[{"id":"action82","type":"key","parameters":{},"actions":[{"type":"keyDown","value":"î€‡"},{"type":"pause","duration":10},{"type":"keyUp","value":"î€‡"}]}]}
RESULT: {"actions":[{"id":"action82","type":"key","parameters":{},"actions":[{"type":"keyDown","value":"î€‡"},{"type":"pause","duration":10},{"type":"keyUp","value":"î€‡"}]}]}
COMMAND: GET /session/0fb4450c6422fe69939d6824736e2f6f/screenshot - {}
RESULT: {}
COMMAND: POST /session/0fb4450c6422fe69939d6824736e2f6f/element - {"using":"xpath","value":"(//span[contains(@id, \"imgNav\")])[1]"}
RESULT: {"using":"xpath","value":"(//span[contains(@id, \"imgNav\")])[1]"}
COMMAND: POST /session/0fb4450c6422fe69939d6824736e2f6f/element/f.852D346EF878C3E5FC3136AC53424AFF.d.8D5B5401BEE863395596AD0F13F4529C.e.24746/click - {}
RESULT: {}
COMMAND: GET /session/0fb4450c6422fe69939d6824736e2f6f/screenshot - {}
RESULT: {}
COMMAND: POST /session/0fb4450c6422fe69939d6824736e2f6f/execute/async - {"script":"<script> [1562 bytes]","args":[{"selector":{"controlType":"sap.m.Button","viewName":"etm.portal.ui.managestatesandperformance.view.Detail","viewId":"application-managestatesandperformance-display-component---detailStateAndPerform","i18NText":{"propertyName":"text","key":"createStateChange"},"interaction":{"idSuffix":"content"}},"wdio_ui5_key":"etmportal.ui.managestatesandperformance.view.Detailsap.m.Button{\"propertyName\":\"text\",\"key\":\"createStateChange\"}"}]}
RESULT: {"script":"<script> [1562 bytes]","args":[{"selector":{"controlType":"sap.m.Button","viewName":"etm.portal.ui.managestatesandperformance.view.Detail","viewId":"application-managestatesandperformance-display-component---detailStateAndPerform","i18NText":{"propertyName":"text","key":"createStateChange"},"interaction":{"idSuffix":"content"}},"wdio_ui5_key":"etmportal.ui.managestatesandperformance.view.Detailsap.m.Button{\"propertyName\":\"text\",\"key\":\"createStateChange\"}"}]}
RESULT: undefined
COMMAND: POST /session/0fb4450c6422fe69939d6824736e2f6f/element - {"using":"xpath","value":"//*[@id=\"__button163\"]"}
RESULT: {"using":"xpath","value":"//*[@id=\"__button163\"]"}
COMMAND: POST /session/0fb4450c6422fe69939d6824736e2f6f/element/f.852D346EF878C3E5FC3136AC53424AFF.d.8D5B5401BEE863395596AD0F13F4529C.e.24788/click - {}
RESULT: {}
COMMAND: GET /session/0fb4450c6422fe69939d6824736e2f6f/screenshot - {}
RESULT: {}
COMMAND: POST /session/0fb4450c6422fe69939d6824736e2f6f/execute/async - {"script":"<script> [1562 bytes]","args":[{"selector":{"id":"addStateDialog--stateSelect","searchOpenDialogs":true,"interaction":{"idSuffix":"arrow"}},"wdio_ui5_key":"addStateDialogstateSelect"}]}
RESULT: {"script":"<script> [1562 bytes]","args":[{"selector":{"id":"addStateDialog--stateSelect","searchOpenDialogs":true,"interaction":{"idSuffix":"arrow"}},"wdio_ui5_key":"addStateDialogstateSelect"}]}
RESULT: undefined
COMMAND: POST /session/0fb4450c6422fe69939d6824736e2f6f/element - {"using":"xpath","value":"//*[@id=\"addStateDialog--stateSelect\"]"}
RESULT: {"using":"xpath","value":"//*[@id=\"addStateDialog--stateSelect\"]"}
COMMAND: POST /session/0fb4450c6422fe69939d6824736e2f6f/element/f.852D346EF878C3E5FC3136AC53424AFF.d.8D5B5401BEE863395596AD0F13F4529C.e.24822/click - {}
RESULT: {}
COMMAND: GET /session/0fb4450c6422fe69939d6824736e2f6f/screenshot - {}
RESULT: {}
COMMAND: POST /session/0fb4450c6422fe69939d6824736e2f6f/element - {"using":"xpath","value":"//li[text()=\"defect\"]"}
RESULT: {"using":"xpath","value":"//li[text()=\"defect\"]"}
COMMAND: POST /session/0fb4450c6422fe69939d6824736e2f6f/element/f.852D346EF878C3E5FC3136AC53424AFF.d.8D5B5401BEE863395596AD0F13F4529C.e.24824/click - {}
RESULT: {}
COMMAND: GET /session/0fb4450c6422fe69939d6824736e2f6f/screenshot - {}
RESULT: {}
COMMAND: POST /session/0fb4450c6422fe69939d6824736e2f6f/element - {"using":"xpath","value":"//span[contains(@id,\"incrementBtn\")]"}
RESULT: {"using":"xpath","value":"//span[contains(@id,\"incrementBtn\")]"}
COMMAND: POST /session/0fb4450c6422fe69939d6824736e2f6f/element/f.852D346EF878C3E5FC3136AC53424AFF.d.8D5B5401BEE863395596AD0F13F4529C.e.24826/click - {}
RESULT: {}
COMMAND: GET /session/0fb4450c6422fe69939d6824736e2f6f/screenshot - {}
RESULT: {}
COMMAND: POST /session/0fb4450c6422fe69939d6824736e2f6f/element - {"using":"xpath","value":"//button[@data-kt=\"confirmAddStateButton\"]"}
RESULT: {"using":"xpath","value":"//button[@data-kt=\"confirmAddStateButton\"]"}
COMMAND: POST /session/0fb4450c6422fe69939d6824736e2f6f/element/f.852D346EF878C3E5FC3136AC53424AFF.d.8D5B5401BEE863395596AD0F13F4529C.e.24827/click - {}
RESULT: {}
COMMAND: GET /session/0fb4450c6422fe69939d6824736e2f6f/screenshot - {}
RESULT: {}
COMMAND: POST /session/0fb4450c6422fe69939d6824736e2f6f/element - {"using":"css selector","value":"#shell-header-logo"}
RESULT: {"using":"css selector","value":"#shell-header-logo"}
COMMAND: POST /session/0fb4450c6422fe69939d6824736e2f6f/element/f.852D346EF878C3E5FC3136AC53424AFF.d.8D5B5401BEE863395596AD0F13F4529C.e.24580/click - {}
RESULT: {}
COMMAND: GET /session/0fb4450c6422fe69939d6824736e2f6f/screenshot - {}
RESULT: {}
]]></system-out>
    </testcase>
    <testcase classname="chrome.136_0_7103_93.windows.Create_masterdata_for_Yard_Overview_-_trigger_provide_US130988" name="Should do a Stock Decrease" time="102.764">
      <system-out><![CDATA[
RESULT: undefined
COMMAND: POST /session/0fb4450c6422fe69939d6824736e2f6f/element - {"using":"xpath","value":"//*[@id=\"__tile131\"]"}
RESULT: {"using":"xpath","value":"//*[@id=\"__tile131\"]"}
COMMAND: POST /session/0fb4450c6422fe69939d6824736e2f6f/element/f.852D346EF878C3E5FC3136AC53424AFF.d.8D5B5401BEE863395596AD0F13F4529C.e.22854/click - {}
RESULT: {}
COMMAND: GET /session/0fb4450c6422fe69939d6824736e2f6f/screenshot - {}
RESULT: {}
COMMAND: POST /session/0fb4450c6422fe69939d6824736e2f6f/elements - {"using":"xpath","value":"//span[text()='Error']"}
RESULT: {"using":"xpath","value":"//span[text()='Error']"}
COMMAND: POST /session/0fb4450c6422fe69939d6824736e2f6f/element - {"using":"xpath","value":"//button[@data-kt=\"masterHOAddButton\"]"}
RESULT: {"using":"xpath","value":"//button[@data-kt=\"masterHOAddButton\"]"}
COMMAND: POST /session/0fb4450c6422fe69939d6824736e2f6f/elements - {"using":"xpath","value":"//button[@data-kt=\"masterHOAddButton\"]"}
RESULT: {"using":"xpath","value":"//button[@data-kt=\"masterHOAddButton\"]"}
COMMAND: POST /session/0fb4450c6422fe69939d6824736e2f6f/execute/sync - {"script":"<script> [8489 bytes]","args":[{"element-6066-11e4-a52e-4f735466cecf":"f.852D346EF878C3E5FC3136AC53424AFF.d.8D5B5401BEE863395596AD0F13F4529C.e.24861","ELEMENT":"f.852D346EF878C3E5FC3136AC53424AFF.d.8D5B5401BEE863395596AD0F13F4529C.e.24861"}]}
RESULT: {"script":"<script> [8489 bytes]","args":[{"element-6066-11e4-a52e-4f735466cecf":"f.852D346EF878C3E5FC3136AC53424AFF.d.8D5B5401BEE863395596AD0F13F4529C.e.24861","ELEMENT":"f.852D346EF878C3E5FC3136AC53424AFF.d.8D5B5401BEE863395596AD0F13F4529C.e.24861"}]}
COMMAND: GET /session/0fb4450c6422fe69939d6824736e2f6f/element/f.852D346EF878C3E5FC3136AC53424AFF.d.8D5B5401BEE863395596AD0F13F4529C.e.24861/enabled - {}
COMMAND: GET /session/0fb4450c6422fe69939d6824736e2f6f/screenshot - {}
RESULT: {}
COMMAND: POST /session/0fb4450c6422fe69939d6824736e2f6f/execute/sync - {"script":"<script> [8489 bytes]","args":[{"element-6066-11e4-a52e-4f735466cecf":"f.852D346EF878C3E5FC3136AC53424AFF.d.8D5B5401BEE863395596AD0F13F4529C.e.24861","ELEMENT":"f.852D346EF878C3E5FC3136AC53424AFF.d.8D5B5401BEE863395596AD0F13F4529C.e.24861"}]}
COMMAND: GET /session/0fb4450c6422fe69939d6824736e2f6f/screenshot - {}
RESULT: {}
RESULT: {"script":"<script> [8489 bytes]","args":[{"element-6066-11e4-a52e-4f735466cecf":"f.852D346EF878C3E5FC3136AC53424AFF.d.8D5B5401BEE863395596AD0F13F4529C.e.24861","ELEMENT":"f.852D346EF878C3E5FC3136AC53424AFF.d.8D5B5401BEE863395596AD0F13F4529C.e.24861"}]}
COMMAND: POST /session/0fb4450c6422fe69939d6824736e2f6f/execute/sync - {"script":"<script> [5351 bytes]","args":[{"element-6066-11e4-a52e-4f735466cecf":"f.852D346EF878C3E5FC3136AC53424AFF.d.8D5B5401BEE863395596AD0F13F4529C.e.24861","ELEMENT":"f.852D346EF878C3E5FC3136AC53424AFF.d.8D5B5401BEE863395596AD0F13F4529C.e.24861"}]}
COMMAND: GET /session/0fb4450c6422fe69939d6824736e2f6f/screenshot - {}
RESULT: {}
RESULT: {"script":"<script> [5351 bytes]","args":[{"element-6066-11e4-a52e-4f735466cecf":"f.852D346EF878C3E5FC3136AC53424AFF.d.8D5B5401BEE863395596AD0F13F4529C.e.24861","ELEMENT":"f.852D346EF878C3E5FC3136AC53424AFF.d.8D5B5401BEE863395596AD0F13F4529C.e.24861"}]}
COMMAND: POST /session/0fb4450c6422fe69939d6824736e2f6f/element/f.852D346EF878C3E5FC3136AC53424AFF.d.8D5B5401BEE863395596AD0F13F4529C.e.24861/click - {}
COMMAND: GET /session/0fb4450c6422fe69939d6824736e2f6f/screenshot - {}
RESULT: {}
RESULT: {}
COMMAND: GET /session/0fb4450c6422fe69939d6824736e2f6f/screenshot - {}
RESULT: {}
COMMAND: POST /session/0fb4450c6422fe69939d6824736e2f6f/element - {"using":"xpath","value":"//span[contains(@id ,\"AddNewHO--typeSelect-arrow\")]"}
RESULT: {}
RESULT: {"using":"xpath","value":"//span[contains(@id ,\"AddNewHO--typeSelect-arrow\")]"}
COMMAND: POST /session/0fb4450c6422fe69939d6824736e2f6f/element/f.852D346EF878C3E5FC3136AC53424AFF.d.8D5B5401BEE863395596AD0F13F4529C.e.25289/click - {}
RESULT: {}
COMMAND: GET /session/0fb4450c6422fe69939d6824736e2f6f/screenshot - {}
RESULT: {}
COMMAND: POST /session/0fb4450c6422fe69939d6824736e2f6f/element - {"using":"xpath","value":"(//li[contains(text(), \"stock decrease yard\")])[1]"}
RESULT: {"using":"xpath","value":"(//li[contains(text(), \"stock decrease yard\")])[1]"}
COMMAND: POST /session/0fb4450c6422fe69939d6824736e2f6f/element/f.852D346EF878C3E5FC3136AC53424AFF.d.8D5B5401BEE863395596AD0F13F4529C.e.25290/click - {}
RESULT: {}
COMMAND: GET /session/0fb4450c6422fe69939d6824736e2f6f/screenshot - {}
RESULT: {}
RESULT: undefined
COMMAND: POST /session/0fb4450c6422fe69939d6824736e2f6f/execute/async - {"script":"<script> [6424 bytes]","args":[{"element-6066-11e4-a52e-4f735466cecf":"f.852D346EF878C3E5FC3136AC53424AFF.d.8D5B5401BEE863395596AD0F13F4529C.e.24183"},"setValue",["5/18/25"]]}
COMMAND: POST /session/0fb4450c6422fe69939d6824736e2f6f/execute/async - {"script":"<script> [1562 bytes]","args":[{"selector":{"id":"application-managehandovers-display-component---AddNewHO--dueDate","interaction":{"idSuffix":"inner"}},"wdio_ui5_key":"applicationmanagehandovers-display-component---AddNewHO--dueDate"}]}
RESULT: {"script":"<script> [1562 bytes]","args":[{"selector":{"id":"application-managehandovers-display-component---AddNewHO--dueDate","interaction":{"idSuffix":"inner"}},"wdio_ui5_key":"applicationmanagehandovers-display-component---AddNewHO--dueDate"}]}
COMMAND: POST /session/0fb4450c6422fe69939d6824736e2f6f/execute/async - {"script":"<script> [6424 bytes]","args":[{"element-6066-11e4-a52e-4f735466cecf":"f.852D346EF878C3E5FC3136AC53424AFF.d.8D5B5401BEE863395596AD0F13F4529C.e.25304"},"setValue",["5/18/25"]]}
RESULT: {"script":"<script> [6424 bytes]","args":[{"element-6066-11e4-a52e-4f735466cecf":"f.852D346EF878C3E5FC3136AC53424AFF.d.8D5B5401BEE863395596AD0F13F4529C.e.25304"},"setValue",["5/18/25"]]}
COMMAND: POST /session/0fb4450c6422fe69939d6824736e2f6f/element - {"using":"xpath","value":"//input[@id=\"generalSectionFrg--sendYard-inner\"]"}
RESULT: {"using":"xpath","value":"//input[@id=\"generalSectionFrg--sendYard-inner\"]"}
COMMAND: POST /session/0fb4450c6422fe69939d6824736e2f6f/element/f.852D346EF878C3E5FC3136AC53424AFF.d.8D5B5401BEE863395596AD0F13F4529C.e.25308/clear - {}
RESULT: {}
COMMAND: POST /session/0fb4450c6422fe69939d6824736e2f6f/element/f.852D346EF878C3E5FC3136AC53424AFF.d.8D5B5401BEE863395596AD0F13F4529C.e.25308/value - {"text":"520"}
COMMAND: GET /session/0fb4450c6422fe69939d6824736e2f6f/screenshot - {}
RESULT: {"text":"520"}
COMMAND: GET /session/0fb4450c6422fe69939d6824736e2f6f/screenshot - {}
RESULT: {}
RESULT: {}
COMMAND: POST /session/0fb4450c6422fe69939d6824736e2f6f/element - {"using":"xpath","value":"//li[.//span[text()='520']]"}
RESULT: {"using":"xpath","value":"//li[.//span[text()='520']]"}
COMMAND: POST /session/0fb4450c6422fe69939d6824736e2f6f/element/f.852D346EF878C3E5FC3136AC53424AFF.d.8D5B5401BEE863395596AD0F13F4529C.e.25325/click - {}
RESULT: {}
COMMAND: GET /session/0fb4450c6422fe69939d6824736e2f6f/screenshot - {}
RESULT: {}
COMMAND: POST /session/0fb4450c6422fe69939d6824736e2f6f/execute/async - {"script":"<script> [1562 bytes]","args":[{"selector":{"controlType":"sap.ui.core.Icon","viewName":"etm.portal.ui.managehandovers.view.AddNewHO","viewId":"application-managehandovers-display-component---AddNewHO","properties":{"src":{"regex":{"source":"slim\\-arrow\\-down"}}},"ancestor":{"controlType":"etm.portal.ui.reusables.customControls.LiveSearchComboBox","viewName":"etm.portal.ui.managehandovers.view.AddNewHO","viewId":"application-managehandovers-display-component---AddNewHO","bindingPath":{"path":"","propertyPath":"/FORWARDER","modelName":"hoItemsModel"}}},"wdio_ui5_key":"etmportal.ui.managehandovers.view.AddNewHOsap.ui.core.Icon{\"src\":{\"regex\":{\"source\":\"slim\\\\-arrow\\\\-down\"}}}{\"controlType\":\"etm.portal.ui.reusables.customControls.LiveSearchComboBox\",\"viewName\":\"etm.portal.ui.managehandovers.view.AddNewHO\",\"viewId\":\"application-managehandovers-display-component---AddNewHO\",\"bindingPath\":{\"path\":\"\",\"propertyPath\":\"/FORWARDER\",\"modelName\":\"hoItemsModel\"}}"}]}
RESULT: {"script":"<script> [1562 bytes]","args":[{"selector":{"controlType":"sap.ui.core.Icon","viewName":"etm.portal.ui.managehandovers.view.AddNewHO","viewId":"application-managehandovers-display-component---AddNewHO","properties":{"src":{"regex":{"source":"slim\\-arrow\\-down"}}},"ancestor":{"controlType":"etm.portal.ui.reusables.customControls.LiveSearchComboBox","viewName":"etm.portal.ui.managehandovers.view.AddNewHO","viewId":"application-managehandovers-display-component---AddNewHO","bindingPath":{"path":"","propertyPath":"/FORWARDER","modelName":"hoItemsModel"}}},"wdio_ui5_key":"etmportal.ui.managehandovers.view.AddNewHOsap.ui.core.Icon{\"src\":{\"regex\":{\"source\":\"slim\\\\-arrow\\\\-down\"}}}{\"controlType\":\"etm.portal.ui.reusables.customControls.LiveSearchComboBox\",\"viewName\":\"etm.portal.ui.managehandovers.view.AddNewHO\",\"viewId\":\"application-managehandovers-display-component---AddNewHO\",\"bindingPath\":{\"path\":\"\",\"propertyPath\":\"/FORWARDER\",\"modelName\":\"hoItemsModel\"}}"}]}
RESULT: undefined
COMMAND: POST /session/0fb4450c6422fe69939d6824736e2f6f/element - {"using":"xpath","value":"//*[@id=\"__box41-arrow\"]"}
RESULT: {"using":"xpath","value":"//*[@id=\"__box41-arrow\"]"}
COMMAND: POST /session/0fb4450c6422fe69939d6824736e2f6f/element/f.852D346EF878C3E5FC3136AC53424AFF.d.8D5B5401BEE863395596AD0F13F4529C.e.25326/click - {}
RESULT: {}
COMMAND: GET /session/0fb4450c6422fe69939d6824736e2f6f/screenshot - {}
RESULT: {}
COMMAND: POST /session/0fb4450c6422fe69939d6824736e2f6f/execute/async - {"script":"<script> [1562 bytes]","args":[{"selector":{"controlType":"sap.m.StandardListItem","viewName":"etm.portal.ui.managehandovers.view.AddNewHO","viewId":"application-managehandovers-display-component---AddNewHO","properties":{"title":"1002 - Test "},"searchOpenDialogs":true,"interaction":{"idSuffix":"content"}},"wdio_ui5_key":"etmportal.ui.managehandovers.view.AddNewHOsap.m.StandardListItem{\"title\":\"1002 - Test \"}"}]}
RESULT: {"script":"<script> [1562 bytes]","args":[{"selector":{"controlType":"sap.m.StandardListItem","viewName":"etm.portal.ui.managehandovers.view.AddNewHO","viewId":"application-managehandovers-display-component---AddNewHO","properties":{"title":"1002 - Test "},"searchOpenDialogs":true,"interaction":{"idSuffix":"content"}},"wdio_ui5_key":"etmportal.ui.managehandovers.view.AddNewHOsap.m.StandardListItem{\"title\":\"1002 - Test \"}"}]}
RESULT: undefined
COMMAND: POST /session/0fb4450c6422fe69939d6824736e2f6f/element - {"using":"xpath","value":"//*[@id=\"__item1158\"]"}
RESULT: {"using":"xpath","value":"//*[@id=\"__item1158\"]"}
COMMAND: POST /session/0fb4450c6422fe69939d6824736e2f6f/element/f.852D346EF878C3E5FC3136AC53424AFF.d.8D5B5401BEE863395596AD0F13F4529C.e.25329/click - {}
RESULT: {}
COMMAND: GET /session/0fb4450c6422fe69939d6824736e2f6f/screenshot - {}
RESULT: {}
COMMAND: POST /session/0fb4450c6422fe69939d6824736e2f6f/execute/async - {"script":"<script> [1562 bytes]","args":[{"selector":{"controlType":"sap.m.Input","viewName":"etm.portal.ui.managehandovers.view.AddNewHO","viewId":"application-managehandovers-display-component---AddNewHO","bindingPath":{"path":"","propertyPath":"/DRIVER","modelName":"hoItemsModel"},"interaction":{"idSuffix":"inner"}},"wdio_ui5_key":"etmportal.ui.managehandovers.view.AddNewHOsap.m.Input{\"path\":\"\",\"propertyPath\":\"/DRIVER\",\"modelName\":\"hoItemsModel\"}"}]}
RESULT: {"script":"<script> [1562 bytes]","args":[{"selector":{"controlType":"sap.m.Input","viewName":"etm.portal.ui.managehandovers.view.AddNewHO","viewId":"application-managehandovers-display-component---AddNewHO","bindingPath":{"path":"","propertyPath":"/DRIVER","modelName":"hoItemsModel"},"interaction":{"idSuffix":"inner"}},"wdio_ui5_key":"etmportal.ui.managehandovers.view.AddNewHOsap.m.Input{\"path\":\"\",\"propertyPath\":\"/DRIVER\",\"modelName\":\"hoItemsModel\"}"}]}
RESULT: undefined
COMMAND: POST /session/0fb4450c6422fe69939d6824736e2f6f/execute/async - {"script":"<script> [776 bytes]","args":[{"enterText":"StockDecrease Driver","selector":{"controlType":"sap.m.Input","viewName":"etm.portal.ui.managehandovers.view.AddNewHO","viewId":"application-managehandovers-display-component---AddNewHO","bindingPath":{"path":"","propertyPath":"/DRIVER","modelName":"hoItemsModel"},"interaction":{"idSuffix":"inner"}},"clearTextFirst":true,"interactionType":"ENTER_TEXT"}]}
RESULT: {"script":"<script> [776 bytes]","args":[{"enterText":"StockDecrease Driver","selector":{"controlType":"sap.m.Input","viewName":"etm.portal.ui.managehandovers.view.AddNewHO","viewId":"application-managehandovers-display-component---AddNewHO","bindingPath":{"path":"","propertyPath":"/DRIVER","modelName":"hoItemsModel"},"interaction":{"idSuffix":"inner"}},"clearTextFirst":true,"interactionType":"ENTER_TEXT"}]}
COMMAND: POST /session/0fb4450c6422fe69939d6824736e2f6f/execute/async - {"script":"<script> [1562 bytes]","args":[{"selector":{"id":"application-managehandovers-display-component---AddNewHO--responsibleCB-arrow"},"wdio_ui5_key":"applicationmanagehandovers-display-component---AddNewHO--responsibleCB-arrow"}]}
RESULT: {"script":"<script> [1562 bytes]","args":[{"selector":{"id":"application-managehandovers-display-component---AddNewHO--responsibleCB-arrow"},"wdio_ui5_key":"applicationmanagehandovers-display-component---AddNewHO--responsibleCB-arrow"}]}
RESULT: undefined
COMMAND: POST /session/0fb4450c6422fe69939d6824736e2f6f/element - {"using":"xpath","value":"//*[@id=\"application-managehandovers-display-component---AddNewHO--responsibleCB-arrow\"]"}
RESULT: {"using":"xpath","value":"//*[@id=\"application-managehandovers-display-component---AddNewHO--responsibleCB-arrow\"]"}
COMMAND: POST /session/0fb4450c6422fe69939d6824736e2f6f/element/f.852D346EF878C3E5FC3136AC53424AFF.d.8D5B5401BEE863395596AD0F13F4529C.e.25331/click - {}
RESULT: {}
COMMAND: GET /session/0fb4450c6422fe69939d6824736e2f6f/screenshot - {}
RESULT: {}
COMMAND: POST /session/0fb4450c6422fe69939d6824736e2f6f/execute/async - {"script":"<script> [1562 bytes]","args":[{"selector":{"controlType":"sap.m.StandardListItem","viewName":"etm.portal.ui.managehandovers.view.AddNewHO","viewId":"application-managehandovers-display-component---AddNewHO","properties":{"title":"1 - Test unit Update "},"searchOpenDialogs":true},"wdio_ui5_key":"etmportal.ui.managehandovers.view.AddNewHOsap.m.StandardListItem{\"title\":\"1 - Test unit Update \"}"}]}
RESULT: {"script":"<script> [1562 bytes]","args":[{"selector":{"controlType":"sap.m.StandardListItem","viewName":"etm.portal.ui.managehandovers.view.AddNewHO","viewId":"application-managehandovers-display-component---AddNewHO","properties":{"title":"1 - Test unit Update "},"searchOpenDialogs":true},"wdio_ui5_key":"etmportal.ui.managehandovers.view.AddNewHOsap.m.StandardListItem{\"title\":\"1 - Test unit Update \"}"}]}
RESULT: undefined
COMMAND: POST /session/0fb4450c6422fe69939d6824736e2f6f/element - {"using":"xpath","value":"//*[@id=\"__item1257\"]"}
RESULT: {"using":"xpath","value":"//*[@id=\"__item1257\"]"}
COMMAND: POST /session/0fb4450c6422fe69939d6824736e2f6f/element/f.852D346EF878C3E5FC3136AC53424AFF.d.8D5B5401BEE863395596AD0F13F4529C.e.25332/click - {}
RESULT: {}
COMMAND: GET /session/0fb4450c6422fe69939d6824736e2f6f/screenshot - {}
RESULT: {}
RESULT: undefined
COMMAND: POST /session/0fb4450c6422fe69939d6824736e2f6f/element - {"using":"xpath","value":"//*[@id=\"application-managehandovers-display-component---AddNewHO--ObjectPageLayout-anchBar-application-managehandovers-display-component---AddNewHO--section4-anchor\"]"}
RESULT: {"using":"xpath","value":"//*[@id=\"application-managehandovers-display-component---AddNewHO--ObjectPageLayout-anchBar-application-managehandovers-display-component---AddNewHO--section4-anchor\"]"}
COMMAND: POST /session/0fb4450c6422fe69939d6824736e2f6f/element/f.852D346EF878C3E5FC3136AC53424AFF.d.8D5B5401BEE863395596AD0F13F4529C.e.25333/click - {}
RESULT: {}
COMMAND: GET /session/0fb4450c6422fe69939d6824736e2f6f/screenshot - {}
RESULT: {}
COMMAND: POST /session/0fb4450c6422fe69939d6824736e2f6f/execute/async - {"script":"<script> [1562 bytes]","args":[{"selector":{"controlType":"sap.ui.core.Icon","viewName":"etm.portal.ui.managehandovers.view.AddNewHO","viewId":"application-managehandovers-display-component---AddNewHO","properties":{"src":{"regex":{"source":"add"}}}},"wdio_ui5_key":"etmportal.ui.managehandovers.view.AddNewHOsap.ui.core.Icon{\"src\":{\"regex\":{\"source\":\"add\"}}}"}]}
RESULT: {"script":"<script> [1562 bytes]","args":[{"selector":{"controlType":"sap.ui.core.Icon","viewName":"etm.portal.ui.managehandovers.view.AddNewHO","viewId":"application-managehandovers-display-component---AddNewHO","properties":{"src":{"regex":{"source":"add"}}}},"wdio_ui5_key":"etmportal.ui.managehandovers.view.AddNewHOsap.ui.core.Icon{\"src\":{\"regex\":{\"source\":\"add\"}}}"}]}
RESULT: undefined
COMMAND: POST /session/0fb4450c6422fe69939d6824736e2f6f/element - {"using":"xpath","value":"//*[@id=\"__button193-img\"]"}
RESULT: {"using":"xpath","value":"//*[@id=\"__button193-img\"]"}
COMMAND: POST /session/0fb4450c6422fe69939d6824736e2f6f/element/f.852D346EF878C3E5FC3136AC53424AFF.d.8D5B5401BEE863395596AD0F13F4529C.e.25337/click - {}
RESULT: {}
RESULT: undefined
COMMAND: POST /session/0fb4450c6422fe69939d6824736e2f6f/execute/async - {"script":"<script> [776 bytes]","args":[{"enterText":"200279","selector":{"id":"application-managehandovers-display-component---AddNewHO--smartFilterBar-btnBasicSearch","searchOpenDialogs":true,"interaction":{"idSuffix":"I"}},"clearTextFirst":true,"interactionType":"ENTER_TEXT"}]}
COMMAND: GET /session/0fb4450c6422fe69939d6824736e2f6f/screenshot - {}
RESULT: {"script":"<script> [776 bytes]","args":[{"enterText":"200279","selector":{"id":"application-managehandovers-display-component---AddNewHO--smartFilterBar-btnBasicSearch","searchOpenDialogs":true,"interaction":{"idSuffix":"I"}},"clearTextFirst":true,"interactionType":"ENTER_TEXT"}]}
RESULT: {}
RESULT: undefined
COMMAND: POST /session/0fb4450c6422fe69939d6824736e2f6f/element - {"using":"xpath","value":"//*[@id=\"application-managehandovers-display-component---AddNewHO--popup-sa\"]"}
RESULT: {"using":"xpath","value":"//*[@id=\"application-managehandovers-display-component---AddNewHO--popup-sa\"]"}
COMMAND: POST /session/0fb4450c6422fe69939d6824736e2f6f/element/f.852D346EF878C3E5FC3136AC53424AFF.d.8D5B5401BEE863395596AD0F13F4529C.e.25373/click - {}
RESULT: {}
COMMAND: GET /session/0fb4450c6422fe69939d6824736e2f6f/screenshot - {}
RESULT: {}
COMMAND: POST /session/0fb4450c6422fe69939d6824736e2f6f/element - {"using":"xpath","value":"//*[contains(@id ,\"BDI-content\")][contains(text(), \"Select\")]"}
RESULT: {"using":"xpath","value":"//*[contains(@id ,\"BDI-content\")][contains(text(), \"Select\")]"}
COMMAND: POST /session/0fb4450c6422fe69939d6824736e2f6f/element/f.852D346EF878C3E5FC3136AC53424AFF.d.8D5B5401BEE863395596AD0F13F4529C.e.25374/click - {}
RESULT: {}
COMMAND: POST /session/0fb4450c6422fe69939d6824736e2f6f/execute/async - {"script":"<script> [1562 bytes]","args":[{"selector":{"controlType":"sap.m.Button","viewName":"etm.portal.ui.managehandovers.view.AddNewHO","viewId":"application-managehandovers-display-component---AddNewHO","bindingPath":{"path":"/items/0","propertyPath":"QUANTITY","modelName":"hoItemsModel"},"interaction":{"idSuffix":"inner"}},"wdio_ui5_key":"etmportal.ui.managehandovers.view.AddNewHOsap.m.Button{\"path\":\"/items/0\",\"propertyPath\":\"QUANTITY\",\"modelName\":\"hoItemsModel\"}"}]}
COMMAND: GET /session/0fb4450c6422fe69939d6824736e2f6f/screenshot - {}
RESULT: {"script":"<script> [1562 bytes]","args":[{"selector":{"controlType":"sap.m.Button","viewName":"etm.portal.ui.managehandovers.view.AddNewHO","viewId":"application-managehandovers-display-component---AddNewHO","bindingPath":{"path":"/items/0","propertyPath":"QUANTITY","modelName":"hoItemsModel"},"interaction":{"idSuffix":"inner"}},"wdio_ui5_key":"etmportal.ui.managehandovers.view.AddNewHOsap.m.Button{\"path\":\"/items/0\",\"propertyPath\":\"QUANTITY\",\"modelName\":\"hoItemsModel\"}"}]}
RESULT: undefined
COMMAND: POST /session/0fb4450c6422fe69939d6824736e2f6f/element - {"using":"xpath","value":"//*[@id=\"__button194-__clone2557\"]"}
RESULT: {}
RESULT: {"using":"xpath","value":"//*[@id=\"__button194-__clone2557\"]"}
COMMAND: POST /session/0fb4450c6422fe69939d6824736e2f6f/element/f.852D346EF878C3E5FC3136AC53424AFF.d.8D5B5401BEE863395596AD0F13F4529C.e.25378/click - {}
RESULT: {}
COMMAND: POST /session/0fb4450c6422fe69939d6824736e2f6f/execute/async - {"script":"<script> [1562 bytes]","args":[{"selector":{"controlType":"sap.m.NumericInput","viewName":"etm.portal.ui.managehandovers.view.AddNewHO","viewId":"application-managehandovers-display-component---AddNewHO","properties":{"value":"0"},"searchOpenDialogs":true,"interaction":{"idSuffix":"inner"}},"wdio_ui5_key":"etmportal.ui.managehandovers.view.AddNewHOsap.m.NumericInput{\"value\":\"0\"}"}]}
COMMAND: GET /session/0fb4450c6422fe69939d6824736e2f6f/screenshot - {}
RESULT: {"script":"<script> [1562 bytes]","args":[{"selector":{"controlType":"sap.m.NumericInput","viewName":"etm.portal.ui.managehandovers.view.AddNewHO","viewId":"application-managehandovers-display-component---AddNewHO","properties":{"value":"0"},"searchOpenDialogs":true,"interaction":{"idSuffix":"inner"}},"wdio_ui5_key":"etmportal.ui.managehandovers.view.AddNewHOsap.m.NumericInput{\"value\":\"0\"}"}]}
RESULT: undefined
COMMAND: POST /session/0fb4450c6422fe69939d6824736e2f6f/execute/async - {"script":"<script> [776 bytes]","args":[{"enterText":"1","selector":{"controlType":"sap.m.NumericInput","viewName":"etm.portal.ui.managehandovers.view.AddNewHO","viewId":"application-managehandovers-display-component---AddNewHO","properties":{"value":"0"},"searchOpenDialogs":true,"interaction":{"idSuffix":"inner"}},"clearTextFirst":true,"interactionType":"ENTER_TEXT"}]}
RESULT: {}
RESULT: {"script":"<script> [776 bytes]","args":[{"enterText":"1","selector":{"controlType":"sap.m.NumericInput","viewName":"etm.portal.ui.managehandovers.view.AddNewHO","viewId":"application-managehandovers-display-component---AddNewHO","properties":{"value":"0"},"searchOpenDialogs":true,"interaction":{"idSuffix":"inner"}},"clearTextFirst":true,"interactionType":"ENTER_TEXT"}]}
COMMAND: POST /session/0fb4450c6422fe69939d6824736e2f6f/execute/async - {"script":"<script> [1562 bytes]","args":[{"selector":{"controlType":"sap.m.Button","viewName":"etm.portal.ui.managehandovers.view.AddNewHO","viewId":"application-managehandovers-display-component---AddNewHO","i18NText":{"propertyName":"text","key":"confirm"},"searchOpenDialogs":true,"interaction":{"idSuffix":"BDI-content"}},"wdio_ui5_key":"etmportal.ui.managehandovers.view.AddNewHOsap.m.Button{\"propertyName\":\"text\",\"key\":\"confirm\"}"}]}
RESULT: {"script":"<script> [1562 bytes]","args":[{"selector":{"controlType":"sap.m.Button","viewName":"etm.portal.ui.managehandovers.view.AddNewHO","viewId":"application-managehandovers-display-component---AddNewHO","i18NText":{"propertyName":"text","key":"confirm"},"searchOpenDialogs":true,"interaction":{"idSuffix":"BDI-content"}},"wdio_ui5_key":"etmportal.ui.managehandovers.view.AddNewHOsap.m.Button{\"propertyName\":\"text\",\"key\":\"confirm\"}"}]}
RESULT: undefined
COMMAND: POST /session/0fb4450c6422fe69939d6824736e2f6f/element - {"using":"xpath","value":"//*[@id=\"__button197\"]"}
RESULT: {"using":"xpath","value":"//*[@id=\"__button197\"]"}
COMMAND: POST /session/0fb4450c6422fe69939d6824736e2f6f/element/f.852D346EF878C3E5FC3136AC53424AFF.d.8D5B5401BEE863395596AD0F13F4529C.e.25379/click - {}
RESULT: {}
COMMAND: POST /session/0fb4450c6422fe69939d6824736e2f6f/execute/async - {"script":"<script> [1562 bytes]","args":[{"selector":{"id":"application-managehandovers-display-component---AddNewHO--confirmCreationButton","interaction":{"idSuffix":"inner"}},"wdio_ui5_key":"applicationmanagehandovers-display-component---AddNewHO--confirmCreationButton"}]}
COMMAND: GET /session/0fb4450c6422fe69939d6824736e2f6f/screenshot - {}
RESULT: {"script":"<script> [1562 bytes]","args":[{"selector":{"id":"application-managehandovers-display-component---AddNewHO--confirmCreationButton","interaction":{"idSuffix":"inner"}},"wdio_ui5_key":"applicationmanagehandovers-display-component---AddNewHO--confirmCreationButton"}]}
RESULT: undefined
COMMAND: POST /session/0fb4450c6422fe69939d6824736e2f6f/element - {"using":"xpath","value":"//*[@id=\"application-managehandovers-display-component---AddNewHO--confirmCreationButton\"]"}
RESULT: {}
RESULT: {"using":"xpath","value":"//*[@id=\"application-managehandovers-display-component---AddNewHO--confirmCreationButton\"]"}
COMMAND: POST /session/0fb4450c6422fe69939d6824736e2f6f/element/f.852D346EF878C3E5FC3136AC53424AFF.d.8D5B5401BEE863395596AD0F13F4529C.e.25390/click - {}
RESULT: {}
COMMAND: GET /session/0fb4450c6422fe69939d6824736e2f6f/screenshot - {}
RESULT: {}
RESULT: undefined
COMMAND: POST /session/0fb4450c6422fe69939d6824736e2f6f/execute/async - {"script":"<script> [776 bytes]","args":[{"enterText":"5/18/25","selector":{"id":"receiptDatePicker","viewName":"etm.portal.ui.managehandovers.view.DetailExecuteHO","interaction":{"idSuffix":"inner"}},"clearTextFirst":true,"interactionType":"ENTER_TEXT"}]}
RESULT: {"script":"<script> [776 bytes]","args":[{"enterText":"5/18/25","selector":{"id":"receiptDatePicker","viewName":"etm.portal.ui.managehandovers.view.DetailExecuteHO","interaction":{"idSuffix":"inner"}},"clearTextFirst":true,"interactionType":"ENTER_TEXT"}]}
COMMAND: POST /session/0fb4450c6422fe69939d6824736e2f6f/execute/async - {"script":"<script> [1562 bytes]","args":[{"selector":{"controlType":"sap.m.Button","viewName":"etm.portal.ui.managehandovers.view.DetailExecuteHO","i18NText":{"propertyName":"text","key":"confirmAll"},"interaction":{"idSuffix":"BDI-content"}},"wdio_ui5_key":"etmportal.ui.managehandovers.view.DetailExecuteHOsap.m.Button{\"propertyName\":\"text\",\"key\":\"confirmAll\"}"}]}
RESULT: {"script":"<script> [1562 bytes]","args":[{"selector":{"controlType":"sap.m.Button","viewName":"etm.portal.ui.managehandovers.view.DetailExecuteHO","i18NText":{"propertyName":"text","key":"confirmAll"},"interaction":{"idSuffix":"BDI-content"}},"wdio_ui5_key":"etmportal.ui.managehandovers.view.DetailExecuteHOsap.m.Button{\"propertyName\":\"text\",\"key\":\"confirmAll\"}"}]}
RESULT: undefined
COMMAND: POST /session/0fb4450c6422fe69939d6824736e2f6f/element - {"using":"xpath","value":"//*[@id=\"__button225\"]"}
RESULT: {"using":"xpath","value":"//*[@id=\"__button225\"]"}
COMMAND: POST /session/0fb4450c6422fe69939d6824736e2f6f/element/f.852D346EF878C3E5FC3136AC53424AFF.d.8D5B5401BEE863395596AD0F13F4529C.e.25418/click - {}
RESULT: {}
COMMAND: GET /session/0fb4450c6422fe69939d6824736e2f6f/screenshot - {}
RESULT: {}
COMMAND: POST /session/0fb4450c6422fe69939d6824736e2f6f/execute/async - {"script":"<script> [1562 bytes]","args":[{"selector":{"controlType":"sap.m.Button","properties":{"text":"OK"},"searchOpenDialogs":true,"interaction":{"idSuffix":"inner"}},"wdio_ui5_key":"sapm.Button{\"text\":\"OK\"}"}]}
RESULT: {"script":"<script> [1562 bytes]","args":[{"selector":{"controlType":"sap.m.Button","properties":{"text":"OK"},"searchOpenDialogs":true,"interaction":{"idSuffix":"inner"}},"wdio_ui5_key":"sapm.Button{\"text\":\"OK\"}"}]}
RESULT: undefined
COMMAND: POST /session/0fb4450c6422fe69939d6824736e2f6f/element - {"using":"xpath","value":"//*[@id=\"__mbox-btn-3\"]"}
RESULT: {"using":"xpath","value":"//*[@id=\"__mbox-btn-3\"]"}
COMMAND: POST /session/0fb4450c6422fe69939d6824736e2f6f/element/f.852D346EF878C3E5FC3136AC53424AFF.d.8D5B5401BEE863395596AD0F13F4529C.e.25420/click - {}
RESULT: {}
COMMAND: GET /session/0fb4450c6422fe69939d6824736e2f6f/screenshot - {}
RESULT: {}
COMMAND: POST /session/0fb4450c6422fe69939d6824736e2f6f/element - {"using":"xpath","value":"//bdi[contains(text(), \"Issue\")]"}
RESULT: {"using":"xpath","value":"//bdi[contains(text(), \"Issue\")]"}
COMMAND: POST /session/0fb4450c6422fe69939d6824736e2f6f/element/f.852D346EF878C3E5FC3136AC53424AFF.d.8D5B5401BEE863395596AD0F13F4529C.e.25423/click - {}
RESULT: {}
COMMAND: GET /session/0fb4450c6422fe69939d6824736e2f6f/screenshot - {}
RESULT: {}
COMMAND: POST /session/0fb4450c6422fe69939d6824736e2f6f/element - {"using":"css selector","value":"#shell-header-logo"}
RESULT: {"using":"css selector","value":"#shell-header-logo"}
COMMAND: POST /session/0fb4450c6422fe69939d6824736e2f6f/element/f.852D346EF878C3E5FC3136AC53424AFF.d.8D5B5401BEE863395596AD0F13F4529C.e.24833/click - {}
RESULT: {}
COMMAND: GET /session/0fb4450c6422fe69939d6824736e2f6f/screenshot - {}
RESULT: {}
COMMAND: POST /session/0fb4450c6422fe69939d6824736e2f6f/element - {"using":"css selector","value":"#j_username"}
COMMAND: POST /session/0fb4450c6422fe69939d6824736e2f6f/url - {"url":"https://qa-testing-00-live-etm-ui.cfapps.eu10-004.hana.ondemand.com/"}
RESULT: {"using":"css selector","value":"#j_username"}
COMMAND: POST /session/0fb4450c6422fe69939d6824736e2f6f/element - {"using":"css selector","value":"#j_username"}
RESULT: {"url":"https://qa-testing-00-live-etm-ui.cfapps.eu10-004.hana.ondemand.com/"}
RESULT: undefined
COMMAND: GET /session/0fb4450c6422fe69939d6824736e2f6f/screenshot - {}
RESULT: {"using":"css selector","value":"#j_username"}
COMMAND: POST /session/0fb4450c6422fe69939d6824736e2f6f/element - {"using":"css selector","value":"#shell-header-logo"}
RESULT: {}
RESULT: {"using":"css selector","value":"#shell-header-logo"}
COMMAND: POST /session/0fb4450c6422fe69939d6824736e2f6f/execute/sync - {"script":"<script> [8489 bytes]","args":[{"element-6066-11e4-a52e-4f735466cecf":"f.852D346EF878C3E5FC3136AC53424AFF.d.87A2ECC125E8FE5D94671D5325EEECB4.e.25602","ELEMENT":"f.852D346EF878C3E5FC3136AC53424AFF.d.87A2ECC125E8FE5D94671D5325EEECB4.e.25602"}]}
RESULT: {"script":"<script> [8489 bytes]","args":[{"element-6066-11e4-a52e-4f735466cecf":"f.852D346EF878C3E5FC3136AC53424AFF.d.87A2ECC125E8FE5D94671D5325EEECB4.e.25602","ELEMENT":"f.852D346EF878C3E5FC3136AC53424AFF.d.87A2ECC125E8FE5D94671D5325EEECB4.e.25602"}]}
COMMAND: POST /session/0fb4450c6422fe69939d6824736e2f6f/element - {"using":"css selector","value":"#shell-header-logo"}
COMMAND: GET /session/0fb4450c6422fe69939d6824736e2f6f/screenshot - {}
RESULT: {"using":"css selector","value":"#shell-header-logo"}
COMMAND: POST /session/0fb4450c6422fe69939d6824736e2f6f/execute/sync - {"script":"<script> [8489 bytes]","args":[{"element-6066-11e4-a52e-4f735466cecf":"f.852D346EF878C3E5FC3136AC53424AFF.d.87A2ECC125E8FE5D94671D5325EEECB4.e.25602","ELEMENT":"f.852D346EF878C3E5FC3136AC53424AFF.d.87A2ECC125E8FE5D94671D5325EEECB4.e.25602"}]}
RESULT: {}
RESULT: {"script":"<script> [8489 bytes]","args":[{"element-6066-11e4-a52e-4f735466cecf":"f.852D346EF878C3E5FC3136AC53424AFF.d.87A2ECC125E8FE5D94671D5325EEECB4.e.25602","ELEMENT":"f.852D346EF878C3E5FC3136AC53424AFF.d.87A2ECC125E8FE5D94671D5325EEECB4.e.25602"}]}
COMMAND: POST /session/0fb4450c6422fe69939d6824736e2f6f/execute/sync - {"script":"<script> [5351 bytes]","args":[{"element-6066-11e4-a52e-4f735466cecf":"f.852D346EF878C3E5FC3136AC53424AFF.d.87A2ECC125E8FE5D94671D5325EEECB4.e.25602","ELEMENT":"f.852D346EF878C3E5FC3136AC53424AFF.d.87A2ECC125E8FE5D94671D5325EEECB4.e.25602"}]}
COMMAND: GET /session/0fb4450c6422fe69939d6824736e2f6f/screenshot - {}
RESULT: {"script":"<script> [5351 bytes]","args":[{"element-6066-11e4-a52e-4f735466cecf":"f.852D346EF878C3E5FC3136AC53424AFF.d.87A2ECC125E8FE5D94671D5325EEECB4.e.25602","ELEMENT":"f.852D346EF878C3E5FC3136AC53424AFF.d.87A2ECC125E8FE5D94671D5325EEECB4.e.25602"}]}
COMMAND: POST /session/0fb4450c6422fe69939d6824736e2f6f/element - {"using":"css selector","value":"#shell-header-logo"}
COMMAND: GET /session/0fb4450c6422fe69939d6824736e2f6f/screenshot - {}
RESULT: {}
RESULT: {"using":"css selector","value":"#shell-header-logo"}
COMMAND: POST /session/0fb4450c6422fe69939d6824736e2f6f/element/f.852D346EF878C3E5FC3136AC53424AFF.d.87A2ECC125E8FE5D94671D5325EEECB4.e.25602/click - {}
RESULT: {}
RESULT: {}
COMMAND: GET /session/0fb4450c6422fe69939d6824736e2f6f/screenshot - {}
RESULT: {}
COMMAND: POST /session/0fb4450c6422fe69939d6824736e2f6f/execute/async - {"script":"<script> [189 bytes]","args":[]}
RESULT: {"script":"<script> [189 bytes]","args":[]}
COMMAND: POST /session/0fb4450c6422fe69939d6824736e2f6f/execute/async - {"script":"<script> [123 bytes]","args":[]}
RESULT: {"script":"<script> [123 bytes]","args":[]}
COMMAND: POST /session/0fb4450c6422fe69939d6824736e2f6f/timeouts - {"script":"<number>"}
RESULT: {"script":"<number>"}
COMMAND: GET /session/0fb4450c6422fe69939d6824736e2f6f/timeouts - {}
RESULT: {}
RESULT: undefined
COMMAND: POST /session/0fb4450c6422fe69939d6824736e2f6f/execute/async - {"script":"<script> [2676 bytes]","args":[]}
RESULT: {"script":"<script> [2676 bytes]","args":[]}
COMMAND: POST /session/0fb4450c6422fe69939d6824736e2f6f/execute/async - {"script":"<script> [2342 bytes]","args":[{"protocol":"http","hostname":"0.0.0.0","path":"/","capabilities":{"browserName":"chrome","goog:chromeOptions":{"binary":"C:\\Program Files\\Google\\Chrome\\Application\\chrome.exe","args":["--start-maximized"]}},"logLevel":"warn","connectionRetryTimeout":120000,"connectionRetryCount":3,"logLevels":{},"enableDirectConnect":true,"strictSSL":true,"_":"65 more keys: [\"cacheDir\",\"port\",\"requestedCapabilities\",\"automationProtocol\",\"baseUrl\",\"waitforInterval\",\"waitforTimeout\",\"onReload\",\"beforeCommand\",\"afterCommand\",\"rootDir\",\"specs\",\"suites\",\"exclude\",\"groupLogsByTestSpec\",\"excludeDriverLogs\",\"bail\",\"framework\",\"reporters\",\"services\",\"maxInstances\",\"maxInstancesPerCapability\",\"injectGlobals\",\"filesToWatch\",\"execArgv\",\"runnerEnv\",\"runner\",\"shard\",\"specFileRetries\",\"specFileRetriesDelay\",\"specFileRetriesDeferred\",\"reporterSyncInterval\",\"reporterSyncTimeout\",\"cucumberFeaturesWithLineNumbers\",\"autoCompileOpts\",\"mochaOpts\",\"jasmineOpts\",\"cucumberOpts\",\"onPrepare\",\"onWorkerStart\",\"onWorkerEnd\",\"before\",\"beforeSession\",\"beforeSuite\",\"beforeHook\",\"beforeTest\",\"afterTest\",\"afterHook\",\"afterSuite\",\"afterSession\",\"after\",\"onComplete\",\"beforeAssertion\",\"afterAssertion\",\"beforeFeature\",\"beforeScenario\",\"beforeStep\",\"afterStep\",\"afterScenario\",\"afterFeature\",\"_\",\"suite\",\"$0\",\"ignoredWorkerServices\",\"wdi5\"]"}]}
RESULT: {"script":"<script> [2342 bytes]","args":[{"protocol":"http","hostname":"0.0.0.0","path":"/","capabilities":{"browserName":"chrome","goog:chromeOptions":{"binary":"C:\\Program Files\\Google\\Chrome\\Application\\chrome.exe","args":["--start-maximized"]}},"logLevel":"warn","connectionRetryTimeout":120000,"connectionRetryCount":3,"logLevels":{},"enableDirectConnect":true,"strictSSL":true,"_":"65 more keys: [\"cacheDir\",\"port\",\"requestedCapabilities\",\"automationProtocol\",\"baseUrl\",\"waitforInterval\",\"waitforTimeout\",\"onReload\",\"beforeCommand\",\"afterCommand\",\"rootDir\",\"specs\",\"suites\",\"exclude\",\"groupLogsByTestSpec\",\"excludeDriverLogs\",\"bail\",\"framework\",\"reporters\",\"services\",\"maxInstances\",\"maxInstancesPerCapability\",\"injectGlobals\",\"filesToWatch\",\"execArgv\",\"runnerEnv\",\"runner\",\"shard\",\"specFileRetries\",\"specFileRetriesDelay\",\"specFileRetriesDeferred\",\"reporterSyncInterval\",\"reporterSyncTimeout\",\"cucumberFeaturesWithLineNumbers\",\"autoCompileOpts\",\"mochaOpts\",\"jasmineOpts\",\"cucumberOpts\",\"onPrepare\",\"onWorkerStart\",\"onWorkerEnd\",\"before\",\"beforeSession\",\"beforeSuite\",\"beforeHook\",\"beforeTest\",\"afterTest\",\"afterHook\",\"afterSuite\",\"afterSession\",\"after\",\"onComplete\",\"beforeAssertion\",\"afterAssertion\",\"beforeFeature\",\"beforeScenario\",\"beforeStep\",\"afterStep\",\"afterScenario\",\"afterFeature\",\"_\",\"suite\",\"$0\",\"ignoredWorkerServices\",\"wdi5\"]"}]}
COMMAND: POST /session/0fb4450c6422fe69939d6824736e2f6f/execute/async - {"script":"<script> [21126 bytes]","args":[35000]}
RESULT: {"script":"<script> [21126 bytes]","args":[35000]}
COMMAND: POST /session/0fb4450c6422fe69939d6824736e2f6f/window/maximize - {}
RESULT: {}
COMMAND: POST /session/0fb4450c6422fe69939d6824736e2f6f/execute/async - {"script":"<script> [1562 bytes]","args":[{"selector":{"id":"shell-header","interaction":{"idSuffix":"icon"}},"wdio_ui5_key":"shellheader"}]}
COMMAND: GET /session/0fb4450c6422fe69939d6824736e2f6f/screenshot - {}
RESULT: {"script":"<script> [1562 bytes]","args":[{"selector":{"id":"shell-header","interaction":{"idSuffix":"icon"}},"wdio_ui5_key":"shellheader"}]}
RESULT: undefined
COMMAND: POST /session/0fb4450c6422fe69939d6824736e2f6f/window/fullscreen - {}
RESULT: {}
RESULT: {}
]]></system-out>
    </testcase>
  </testsuite>
  <testsuite timestamp="2025-05-18T17:25:56" time="661.572" tests="7" failures="0" errors="0" skipped="0">
    <properties>
      <property name="specId" value="0" />
      <property name="suiteName" value="Transfer Yard to Yard US131076" />
      <property name="capabilities" value="chrome.136_0_7103_93.windows" />
      <property name="file" value="file:///D:/a/1/s/test/specs/HTR/transfer-yard-to-yard.spec.js" />
    </properties>
    <testcase classname="chrome.136_0_7103_93.windows.Transfer_Yard_to_Yard_US131076" name="Should create a new yard" time="0.008">
      <system-out><![CDATA[
COMMAND: POST /session/0fb4450c6422fe69939d6824736e2f6f/window/fullscreen - {}
RESULT: {}
]]></system-out>
    </testcase>
    <testcase classname="chrome.136_0_7103_93.windows.Transfer_Yard_to_Yard_US131076" name="Should create a new 2nd yard" time="113.876">
      <system-out><![CDATA[
COMMAND: POST /session/0fb4450c6422fe69939d6824736e2f6f/window/fullscreen - {}
RESULT: {}
COMMAND: POST /session/0fb4450c6422fe69939d6824736e2f6f/execute/async - {"script":"<script> [1562 bytes]","args":[{"selector":{"controlType":"sap.m.GenericTile","properties":{"header":"Manage Yards"}},"wdio_ui5_key":"sapm.GenericTile{\"header\":\"Manage Yards\"}"}]}
RESULT: {"script":"<script> [1562 bytes]","args":[{"selector":{"controlType":"sap.m.GenericTile","properties":{"header":"Manage Yards"}},"wdio_ui5_key":"sapm.GenericTile{\"header\":\"Manage Yards\"}"}]}
RESULT: undefined
COMMAND: POST /session/0fb4450c6422fe69939d6824736e2f6f/element - {"using":"xpath","value":"//*[@id=\"__tile33\"]"}
RESULT: {"using":"xpath","value":"//*[@id=\"__tile33\"]"}
COMMAND: POST /session/0fb4450c6422fe69939d6824736e2f6f/element/f.852D346EF878C3E5FC3136AC53424AFF.d.87A2ECC125E8FE5D94671D5325EEECB4.e.25630/click - {}
RESULT: {}
COMMAND: GET /session/0fb4450c6422fe69939d6824736e2f6f/screenshot - {}
RESULT: {}
COMMAND: POST /session/0fb4450c6422fe69939d6824736e2f6f/elements - {"using":"xpath","value":"//span[text()='Error']"}
RESULT: {"using":"xpath","value":"//span[text()='Error']"}
COMMAND: POST /session/0fb4450c6422fe69939d6824736e2f6f/element - {"using":"xpath","value":"//button[@data-kt=\"addNewYardOverflowToolbarButton\"]"}
RESULT: {"using":"xpath","value":"//button[@data-kt=\"addNewYardOverflowToolbarButton\"]"}
COMMAND: POST /session/0fb4450c6422fe69939d6824736e2f6f/elements - {"using":"xpath","value":"//button[@data-kt=\"addNewYardOverflowToolbarButton\"]"}
RESULT: {"using":"xpath","value":"//button[@data-kt=\"addNewYardOverflowToolbarButton\"]"}
COMMAND: POST /session/0fb4450c6422fe69939d6824736e2f6f/execute/sync - {"script":"<script> [8489 bytes]","args":[{"element-6066-11e4-a52e-4f735466cecf":"f.852D346EF878C3E5FC3136AC53424AFF.d.87A2ECC125E8FE5D94671D5325EEECB4.e.25762","ELEMENT":"f.852D346EF878C3E5FC3136AC53424AFF.d.87A2ECC125E8FE5D94671D5325EEECB4.e.25762"}]}
RESULT: {"script":"<script> [8489 bytes]","args":[{"element-6066-11e4-a52e-4f735466cecf":"f.852D346EF878C3E5FC3136AC53424AFF.d.87A2ECC125E8FE5D94671D5325EEECB4.e.25762","ELEMENT":"f.852D346EF878C3E5FC3136AC53424AFF.d.87A2ECC125E8FE5D94671D5325EEECB4.e.25762"}]}
COMMAND: GET /session/0fb4450c6422fe69939d6824736e2f6f/element/f.852D346EF878C3E5FC3136AC53424AFF.d.87A2ECC125E8FE5D94671D5325EEECB4.e.25762/enabled - {}
COMMAND: GET /session/0fb4450c6422fe69939d6824736e2f6f/screenshot - {}
RESULT: {}
COMMAND: POST /session/0fb4450c6422fe69939d6824736e2f6f/execute/sync - {"script":"<script> [8489 bytes]","args":[{"element-6066-11e4-a52e-4f735466cecf":"f.852D346EF878C3E5FC3136AC53424AFF.d.87A2ECC125E8FE5D94671D5325EEECB4.e.25762","ELEMENT":"f.852D346EF878C3E5FC3136AC53424AFF.d.87A2ECC125E8FE5D94671D5325EEECB4.e.25762"}]}
COMMAND: GET /session/0fb4450c6422fe69939d6824736e2f6f/screenshot - {}
RESULT: {}
RESULT: {"script":"<script> [8489 bytes]","args":[{"element-6066-11e4-a52e-4f735466cecf":"f.852D346EF878C3E5FC3136AC53424AFF.d.87A2ECC125E8FE5D94671D5325EEECB4.e.25762","ELEMENT":"f.852D346EF878C3E5FC3136AC53424AFF.d.87A2ECC125E8FE5D94671D5325EEECB4.e.25762"}]}
COMMAND: POST /session/0fb4450c6422fe69939d6824736e2f6f/execute/sync - {"script":"<script> [5351 bytes]","args":[{"element-6066-11e4-a52e-4f735466cecf":"f.852D346EF878C3E5FC3136AC53424AFF.d.87A2ECC125E8FE5D94671D5325EEECB4.e.25762","ELEMENT":"f.852D346EF878C3E5FC3136AC53424AFF.d.87A2ECC125E8FE5D94671D5325EEECB4.e.25762"}]}
COMMAND: GET /session/0fb4450c6422fe69939d6824736e2f6f/screenshot - {}
RESULT: {}
RESULT: {"script":"<script> [5351 bytes]","args":[{"element-6066-11e4-a52e-4f735466cecf":"f.852D346EF878C3E5FC3136AC53424AFF.d.87A2ECC125E8FE5D94671D5325EEECB4.e.25762","ELEMENT":"f.852D346EF878C3E5FC3136AC53424AFF.d.87A2ECC125E8FE5D94671D5325EEECB4.e.25762"}]}
COMMAND: POST /session/0fb4450c6422fe69939d6824736e2f6f/element/f.852D346EF878C3E5FC3136AC53424AFF.d.87A2ECC125E8FE5D94671D5325EEECB4.e.25762/click - {}
COMMAND: GET /session/0fb4450c6422fe69939d6824736e2f6f/screenshot - {}
RESULT: {}
RESULT: {}
COMMAND: GET /session/0fb4450c6422fe69939d6824736e2f6f/screenshot - {}
RESULT: {}
RESULT: {}
COMMAND: POST /session/0fb4450c6422fe69939d6824736e2f6f/element - {"using":"xpath","value":"//input[@id=\"application-manageyards-display-component---NewYard--yardId-inner\"]"}
RESULT: {"using":"xpath","value":"//input[@id=\"application-manageyards-display-component---NewYard--yardId-inner\"]"}
COMMAND: POST /session/0fb4450c6422fe69939d6824736e2f6f/element - {"using":"xpath","value":"//input[@id=\"application-manageyards-display-component---NewYard--yardId-inner\"]"}
RESULT: {"using":"xpath","value":"//input[@id=\"application-manageyards-display-component---NewYard--yardId-inner\"]"}
COMMAND: POST /session/0fb4450c6422fe69939d6824736e2f6f/execute/async - {"script":"<script> [1562 bytes]","args":[{"selector":{"id":"application-manageyards-display-component---NewYard--addressDetailDetailsName1","interaction":{"idSuffix":"inner"}},"wdio_ui5_key":"applicationmanageyards-display-component---NewYard--addressDetailDetailsName1"}]}
RESULT: {"script":"<script> [1562 bytes]","args":[{"selector":{"id":"application-manageyards-display-component---NewYard--addressDetailDetailsName1","interaction":{"idSuffix":"inner"}},"wdio_ui5_key":"applicationmanageyards-display-component---NewYard--addressDetailDetailsName1"}]}
RESULT: undefined
COMMAND: POST /session/0fb4450c6422fe69939d6824736e2f6f/execute/async - {"script":"<script> [776 bytes]","args":[{"enterText":"Intracompany Yard wdIO","selector":{"id":"application-manageyards-display-component---NewYard--addressDetailDetailsName1","interaction":{"idSuffix":"inner"}},"clearTextFirst":true,"interactionType":"ENTER_TEXT"}]}
RESULT: {"script":"<script> [776 bytes]","args":[{"enterText":"Intracompany Yard wdIO","selector":{"id":"application-manageyards-display-component---NewYard--addressDetailDetailsName1","interaction":{"idSuffix":"inner"}},"clearTextFirst":true,"interactionType":"ENTER_TEXT"}]}
COMMAND: POST /session/0fb4450c6422fe69939d6824736e2f6f/execute/async - {"script":"<script> [1562 bytes]","args":[{"selector":{"id":"application-manageyards-display-component---NewYard--addressDetailDetailsLanguage-arrow"},"wdio_ui5_key":"applicationmanageyards-display-component---NewYard--addressDetailDetailsLanguage-arrow"}]}
RESULT: {"script":"<script> [1562 bytes]","args":[{"selector":{"id":"application-manageyards-display-component---NewYard--addressDetailDetailsLanguage-arrow"},"wdio_ui5_key":"applicationmanageyards-display-component---NewYard--addressDetailDetailsLanguage-arrow"}]}
RESULT: undefined
COMMAND: POST /session/0fb4450c6422fe69939d6824736e2f6f/element - {"using":"xpath","value":"//*[@id=\"application-manageyards-display-component---NewYard--addressDetailDetailsLanguage-arrow\"]"}
RESULT: {"using":"xpath","value":"//*[@id=\"application-manageyards-display-component---NewYard--addressDetailDetailsLanguage-arrow\"]"}
COMMAND: POST /session/0fb4450c6422fe69939d6824736e2f6f/element/f.852D346EF878C3E5FC3136AC53424AFF.d.87A2ECC125E8FE5D94671D5325EEECB4.e.26195/click - {}
RESULT: {}
COMMAND: POST /session/0fb4450c6422fe69939d6824736e2f6f/element - {"using":"xpath","value":"//span[contains(text(), \"English\")]"}
COMMAND: GET /session/0fb4450c6422fe69939d6824736e2f6f/screenshot - {}
RESULT: {"using":"xpath","value":"//span[contains(text(), \"English\")]"}
COMMAND: POST /session/0fb4450c6422fe69939d6824736e2f6f/element/f.852D346EF878C3E5FC3136AC53424AFF.d.87A2ECC125E8FE5D94671D5325EEECB4.e.26196/click - {}
RESULT: {}
RESULT: {}
COMMAND: POST /session/0fb4450c6422fe69939d6824736e2f6f/execute/async - {"script":"<script> [1562 bytes]","args":[{"selector":{"id":"application-manageyards-display-component---NewYard--addressDetailDetailsCity1","interaction":{"idSuffix":"inner"}},"wdio_ui5_key":"applicationmanageyards-display-component---NewYard--addressDetailDetailsCity1"}]}
COMMAND: GET /session/0fb4450c6422fe69939d6824736e2f6f/screenshot - {}
RESULT: {"script":"<script> [1562 bytes]","args":[{"selector":{"id":"application-manageyards-display-component---NewYard--addressDetailDetailsCity1","interaction":{"idSuffix":"inner"}},"wdio_ui5_key":"applicationmanageyards-display-component---NewYard--addressDetailDetailsCity1"}]}
RESULT: undefined
COMMAND: POST /session/0fb4450c6422fe69939d6824736e2f6f/execute/async - {"script":"<script> [776 bytes]","args":[{"enterText":"Rosario","selector":{"id":"application-manageyards-display-component---NewYard--addressDetailDetailsCity1","interaction":{"idSuffix":"inner"}},"clearTextFirst":true,"interactionType":"ENTER_TEXT"}]}
RESULT: {}
RESULT: {"script":"<script> [776 bytes]","args":[{"enterText":"Rosario","selector":{"id":"application-manageyards-display-component---NewYard--addressDetailDetailsCity1","interaction":{"idSuffix":"inner"}},"clearTextFirst":true,"interactionType":"ENTER_TEXT"}]}
COMMAND: POST /session/0fb4450c6422fe69939d6824736e2f6f/execute/async - {"script":"<script> [1562 bytes]","args":[{"selector":{"id":"application-manageyards-display-component---NewYard--addressDetailDetailsCountry-arrow"},"wdio_ui5_key":"applicationmanageyards-display-component---NewYard--addressDetailDetailsCountry-arrow"}]}
RESULT: {"script":"<script> [1562 bytes]","args":[{"selector":{"id":"application-manageyards-display-component---NewYard--addressDetailDetailsCountry-arrow"},"wdio_ui5_key":"applicationmanageyards-display-component---NewYard--addressDetailDetailsCountry-arrow"}]}
RESULT: undefined
COMMAND: POST /session/0fb4450c6422fe69939d6824736e2f6f/element - {"using":"xpath","value":"//*[@id=\"application-manageyards-display-component---NewYard--addressDetailDetailsCountry-arrow\"]"}
RESULT: {"using":"xpath","value":"//*[@id=\"application-manageyards-display-component---NewYard--addressDetailDetailsCountry-arrow\"]"}
COMMAND: POST /session/0fb4450c6422fe69939d6824736e2f6f/element/f.852D346EF878C3E5FC3136AC53424AFF.d.87A2ECC125E8FE5D94671D5325EEECB4.e.26198/click - {}
RESULT: {}
COMMAND: POST /session/0fb4450c6422fe69939d6824736e2f6f/element - {"using":"xpath","value":"//span[contains(text(), \"Argentina\")]"}
COMMAND: GET /session/0fb4450c6422fe69939d6824736e2f6f/screenshot - {}
RESULT: {"using":"xpath","value":"//span[contains(text(), \"Argentina\")]"}
COMMAND: POST /session/0fb4450c6422fe69939d6824736e2f6f/element/f.852D346EF878C3E5FC3136AC53424AFF.d.87A2ECC125E8FE5D94671D5325EEECB4.e.26199/click - {}
RESULT: {}
RESULT: {}
COMMAND: POST /session/0fb4450c6422fe69939d6824736e2f6f/execute/async - {"script":"<script> [1562 bytes]","args":[{"selector":{"id":"application-manageyards-display-component---NewYard--addressEditDetailsCostObjectCstType-arrow"},"wdio_ui5_key":"applicationmanageyards-display-component---NewYard--addressEditDetailsCostObjectCstType-arrow"}]}
COMMAND: GET /session/0fb4450c6422fe69939d6824736e2f6f/screenshot - {}
RESULT: {"script":"<script> [1562 bytes]","args":[{"selector":{"id":"application-manageyards-display-component---NewYard--addressEditDetailsCostObjectCstType-arrow"},"wdio_ui5_key":"applicationmanageyards-display-component---NewYard--addressEditDetailsCostObjectCstType-arrow"}]}
RESULT: undefined
COMMAND: POST /session/0fb4450c6422fe69939d6824736e2f6f/element - {"using":"xpath","value":"//*[@id=\"application-manageyards-display-component---NewYard--addressEditDetailsCostObjectCstType-arrow\"]"}
RESULT: {}
RESULT: {"using":"xpath","value":"//*[@id=\"application-manageyards-display-component---NewYard--addressEditDetailsCostObjectCstType-arrow\"]"}
COMMAND: POST /session/0fb4450c6422fe69939d6824736e2f6f/element/f.852D346EF878C3E5FC3136AC53424AFF.d.87A2ECC125E8FE5D94671D5325EEECB4.e.26201/click - {}
RESULT: {}
COMMAND: POST /session/0fb4450c6422fe69939d6824736e2f6f/element - {"using":"xpath","value":"//span[contains(text(), \"Cost Center\")]"}
COMMAND: GET /session/0fb4450c6422fe69939d6824736e2f6f/screenshot - {}
RESULT: {"using":"xpath","value":"//span[contains(text(), \"Cost Center\")]"}
COMMAND: POST /session/0fb4450c6422fe69939d6824736e2f6f/element/f.852D346EF878C3E5FC3136AC53424AFF.d.87A2ECC125E8FE5D94671D5325EEECB4.e.26202/click - {}
RESULT: {}
RESULT: {}
COMMAND: GET /session/0fb4450c6422fe69939d6824736e2f6f/screenshot - {}
RESULT: {}
COMMAND: POST /session/0fb4450c6422fe69939d6824736e2f6f/element - {"using":"xpath","value":"//span[@id=\"application-manageyards-display-component---NewYard--addressNewCostObjectCstID-vhi\"]"}
RESULT: {"using":"xpath","value":"//span[@id=\"application-manageyards-display-component---NewYard--addressNewCostObjectCstID-vhi\"]"}
COMMAND: POST /session/0fb4450c6422fe69939d6824736e2f6f/execute/sync - {"script":"<script> [8489 bytes]","args":[{"element-6066-11e4-a52e-4f735466cecf":"f.852D346EF878C3E5FC3136AC53424AFF.d.87A2ECC125E8FE5D94671D5325EEECB4.e.26206","ELEMENT":"f.852D346EF878C3E5FC3136AC53424AFF.d.87A2ECC125E8FE5D94671D5325EEECB4.e.26206"}]}
RESULT: {"script":"<script> [8489 bytes]","args":[{"element-6066-11e4-a52e-4f735466cecf":"f.852D346EF878C3E5FC3136AC53424AFF.d.87A2ECC125E8FE5D94671D5325EEECB4.e.26206","ELEMENT":"f.852D346EF878C3E5FC3136AC53424AFF.d.87A2ECC125E8FE5D94671D5325EEECB4.e.26206"}]}
COMMAND: POST /session/0fb4450c6422fe69939d6824736e2f6f/execute/async - {"script":"<script> [1562 bytes]","args":[{"selector":{"id":"application-manageyards-display-component---NewYard--addressNewCostObjectCstID-vhi"},"wdio_ui5_key":"applicationmanageyards-display-component---NewYard--addressNewCostObjectCstID-vhi"}]}
COMMAND: GET /session/0fb4450c6422fe69939d6824736e2f6f/screenshot - {}
RESULT: {"script":"<script> [1562 bytes]","args":[{"selector":{"id":"application-manageyards-display-component---NewYard--addressNewCostObjectCstID-vhi"},"wdio_ui5_key":"applicationmanageyards-display-component---NewYard--addressNewCostObjectCstID-vhi"}]}
RESULT: undefined
COMMAND: POST /session/0fb4450c6422fe69939d6824736e2f6f/element - {"using":"xpath","value":"//*[@id=\"application-manageyards-display-component---NewYard--addressNewCostObjectCstID-vhi\"]"}
RESULT: {}
RESULT: {"using":"xpath","value":"//*[@id=\"application-manageyards-display-component---NewYard--addressNewCostObjectCstID-vhi\"]"}
COMMAND: POST /session/0fb4450c6422fe69939d6824736e2f6f/element/f.852D346EF878C3E5FC3136AC53424AFF.d.87A2ECC125E8FE5D94671D5325EEECB4.e.26206/click - {}
RESULT: {}
COMMAND: GET /session/0fb4450c6422fe69939d6824736e2f6f/screenshot - {}
RESULT: {}
COMMAND: POST /session/0fb4450c6422fe69939d6824736e2f6f/execute/async - {"script":"<script> [1562 bytes]","args":[{"selector":{"controlType":"sap.m.SearchField","properties":{"placeholder":"Search"},"searchOpenDialogs":true,"interaction":{"idSuffix":"I"}},"wdio_ui5_key":"sapm.SearchField{\"placeholder\":\"Search\"}"}]}
RESULT: {"script":"<script> [1562 bytes]","args":[{"selector":{"controlType":"sap.m.SearchField","properties":{"placeholder":"Search"},"searchOpenDialogs":true,"interaction":{"idSuffix":"I"}},"wdio_ui5_key":"sapm.SearchField{\"placeholder\":\"Search\"}"}]}
RESULT: undefined
COMMAND: POST /session/0fb4450c6422fe69939d6824736e2f6f/execute/async - {"script":"<script> [776 bytes]","args":[{"enterText":"bauh_b","selector":{"controlType":"sap.m.SearchField","properties":{"placeholder":"Search"},"searchOpenDialogs":true,"interaction":{"idSuffix":"I"}},"clearTextFirst":true,"interactionType":"ENTER_TEXT"}]}
RESULT: {"script":"<script> [776 bytes]","args":[{"enterText":"bauh_b","selector":{"controlType":"sap.m.SearchField","properties":{"placeholder":"Search"},"searchOpenDialogs":true,"interaction":{"idSuffix":"I"}},"clearTextFirst":true,"interactionType":"ENTER_TEXT"}]}
COMMAND: POST /session/0fb4450c6422fe69939d6824736e2f6f/actions - {"actions":[{"id":"action83","type":"key","parameters":{},"actions":[{"type":"keyDown","value":"î€‡"},{"type":"pause","duration":10},{"type":"keyUp","value":"î€‡"}]}]}
RESULT: {"actions":[{"id":"action83","type":"key","parameters":{},"actions":[{"type":"keyDown","value":"î€‡"},{"type":"pause","duration":10},{"type":"keyUp","value":"î€‡"}]}]}
COMMAND: GET /session/0fb4450c6422fe69939d6824736e2f6f/screenshot - {}
RESULT: {}
COMMAND: POST /session/0fb4450c6422fe69939d6824736e2f6f/element - {"using":"xpath","value":"//span[contains(text(), \"Demo Yard\")]"}
RESULT: {"using":"xpath","value":"//span[contains(text(), \"Demo Yard\")]"}
COMMAND: POST /session/0fb4450c6422fe69939d6824736e2f6f/element/f.852D346EF878C3E5FC3136AC53424AFF.d.87A2ECC125E8FE5D94671D5325EEECB4.e.26249/click - {}
RESULT: {}
COMMAND: GET /session/0fb4450c6422fe69939d6824736e2f6f/screenshot - {}
RESULT: {}
COMMAND: POST /session/0fb4450c6422fe69939d6824736e2f6f/element - {"using":"xpath","value":"//bdi[contains(text(), \"OK\")]"}
RESULT: {"using":"xpath","value":"//bdi[contains(text(), \"OK\")]"}
COMMAND: POST /session/0fb4450c6422fe69939d6824736e2f6f/element/f.852D346EF878C3E5FC3136AC53424AFF.d.87A2ECC125E8FE5D94671D5325EEECB4.e.26250/click - {}
RESULT: {}
COMMAND: GET /session/0fb4450c6422fe69939d6824736e2f6f/screenshot - {}
RESULT: {}
COMMAND: POST /session/0fb4450c6422fe69939d6824736e2f6f/execute/async - {"script":"<script> [1562 bytes]","args":[{"selector":{"id":"application-manageyards-display-component---NewYard--addressEditDetailsCurrency-arrow"},"wdio_ui5_key":"applicationmanageyards-display-component---NewYard--addressEditDetailsCurrency-arrow"}]}
RESULT: {"script":"<script> [1562 bytes]","args":[{"selector":{"id":"application-manageyards-display-component---NewYard--addressEditDetailsCurrency-arrow"},"wdio_ui5_key":"applicationmanageyards-display-component---NewYard--addressEditDetailsCurrency-arrow"}]}
RESULT: undefined
COMMAND: POST /session/0fb4450c6422fe69939d6824736e2f6f/element - {"using":"xpath","value":"//*[@id=\"application-manageyards-display-component---NewYard--addressEditDetailsCurrency-arrow\"]"}
RESULT: {"using":"xpath","value":"//*[@id=\"application-manageyards-display-component---NewYard--addressEditDetailsCurrency-arrow\"]"}
COMMAND: POST /session/0fb4450c6422fe69939d6824736e2f6f/element/f.852D346EF878C3E5FC3136AC53424AFF.d.87A2ECC125E8FE5D94671D5325EEECB4.e.26253/click - {}
RESULT: {}
COMMAND: POST /session/0fb4450c6422fe69939d6824736e2f6f/element - {"using":"xpath","value":"//span[contains(text(), \"Euro\")]"}
COMMAND: GET /session/0fb4450c6422fe69939d6824736e2f6f/screenshot - {}
RESULT: {"using":"xpath","value":"//span[contains(text(), \"Euro\")]"}
COMMAND: POST /session/0fb4450c6422fe69939d6824736e2f6f/element/f.852D346EF878C3E5FC3136AC53424AFF.d.87A2ECC125E8FE5D94671D5325EEECB4.e.26254/click - {}
RESULT: {}
RESULT: {}
COMMAND: POST /session/0fb4450c6422fe69939d6824736e2f6f/execute/async - {"script":"<script> [1562 bytes]","args":[{"selector":{"controlType":"sap.m.Input","viewName":"etm.portal.ui.manageyards.view.New","viewId":"application-manageyards-display-component---NewYard","bindingPath":{"path":"","propertyPath":"/CONTROLLING_AREA","modelName":"NewYardModel"},"interaction":{"idSuffix":"inner"}},"wdio_ui5_key":"etmportal.ui.manageyards.view.Newsap.m.Input{\"path\":\"\",\"propertyPath\":\"/CONTROLLING_AREA\",\"modelName\":\"NewYardModel\"}"}]}
COMMAND: GET /session/0fb4450c6422fe69939d6824736e2f6f/screenshot - {}
RESULT: {"script":"<script> [1562 bytes]","args":[{"selector":{"controlType":"sap.m.Input","viewName":"etm.portal.ui.manageyards.view.New","viewId":"application-manageyards-display-component---NewYard","bindingPath":{"path":"","propertyPath":"/CONTROLLING_AREA","modelName":"NewYardModel"},"interaction":{"idSuffix":"inner"}},"wdio_ui5_key":"etmportal.ui.manageyards.view.Newsap.m.Input{\"path\":\"\",\"propertyPath\":\"/CONTROLLING_AREA\",\"modelName\":\"NewYardModel\"}"}]}
RESULT: undefined
COMMAND: POST /session/0fb4450c6422fe69939d6824736e2f6f/execute/async - {"script":"<script> [776 bytes]","args":[{"enterText":"Z001","selector":{"controlType":"sap.m.Input","viewName":"etm.portal.ui.manageyards.view.New","viewId":"application-manageyards-display-component---NewYard","bindingPath":{"path":"","propertyPath":"/CONTROLLING_AREA","modelName":"NewYardModel"},"interaction":{"idSuffix":"inner"}},"clearTextFirst":true,"interactionType":"ENTER_TEXT"}]}
RESULT: {}
RESULT: {"script":"<script> [776 bytes]","args":[{"enterText":"Z001","selector":{"controlType":"sap.m.Input","viewName":"etm.portal.ui.manageyards.view.New","viewId":"application-manageyards-display-component---NewYard","bindingPath":{"path":"","propertyPath":"/CONTROLLING_AREA","modelName":"NewYardModel"},"interaction":{"idSuffix":"inner"}},"clearTextFirst":true,"interactionType":"ENTER_TEXT"}]}
COMMAND: POST /session/0fb4450c6422fe69939d6824736e2f6f/execute/async - {"script":"<script> [1562 bytes]","args":[{"selector":{"id":"application-manageyards-display-component---NewYard--companyCodeComboBox","interaction":{"idSuffix":"inner"}},"wdio_ui5_key":"applicationmanageyards-display-component---NewYard--companyCodeComboBox"}]}
RESULT: {"script":"<script> [1562 bytes]","args":[{"selector":{"id":"application-manageyards-display-component---NewYard--companyCodeComboBox","interaction":{"idSuffix":"inner"}},"wdio_ui5_key":"applicationmanageyards-display-component---NewYard--companyCodeComboBox"}]}
RESULT: undefined
COMMAND: POST /session/0fb4450c6422fe69939d6824736e2f6f/execute/async - {"script":"<script> [776 bytes]","args":[{"enterText":"1000","selector":{"id":"application-manageyards-display-component---NewYard--companyCodeComboBox","interaction":{"idSuffix":"inner"}},"clearTextFirst":true,"interactionType":"ENTER_TEXT"}]}
RESULT: {"script":"<script> [776 bytes]","args":[{"enterText":"1000","selector":{"id":"application-manageyards-display-component---NewYard--companyCodeComboBox","interaction":{"idSuffix":"inner"}},"clearTextFirst":true,"interactionType":"ENTER_TEXT"}]}
COMMAND: POST /session/0fb4450c6422fe69939d6824736e2f6f/execute/async - {"script":"<script> [1562 bytes]","args":[{"selector":{"controlType":"sap.m.Input","viewName":"etm.portal.ui.manageyards.view.New","viewId":"application-manageyards-display-component---NewYard","bindingPath":{"path":"","propertyPath":"/PLANT","modelName":"NewYardModel"},"interaction":{"idSuffix":"inner"}},"wdio_ui5_key":"etmportal.ui.manageyards.view.Newsap.m.Input{\"path\":\"\",\"propertyPath\":\"/PLANT\",\"modelName\":\"NewYardModel\"}"}]}
RESULT: {"script":"<script> [1562 bytes]","args":[{"selector":{"controlType":"sap.m.Input","viewName":"etm.portal.ui.manageyards.view.New","viewId":"application-manageyards-display-component---NewYard","bindingPath":{"path":"","propertyPath":"/PLANT","modelName":"NewYardModel"},"interaction":{"idSuffix":"inner"}},"wdio_ui5_key":"etmportal.ui.manageyards.view.Newsap.m.Input{\"path\":\"\",\"propertyPath\":\"/PLANT\",\"modelName\":\"NewYardModel\"}"}]}
RESULT: undefined
COMMAND: POST /session/0fb4450c6422fe69939d6824736e2f6f/execute/async - {"script":"<script> [776 bytes]","args":[{"enterText":"1001","selector":{"controlType":"sap.m.Input","viewName":"etm.portal.ui.manageyards.view.New","viewId":"application-manageyards-display-component---NewYard","bindingPath":{"path":"","propertyPath":"/PLANT","modelName":"NewYardModel"},"interaction":{"idSuffix":"inner"}},"clearTextFirst":true,"interactionType":"ENTER_TEXT"}]}
RESULT: {"script":"<script> [776 bytes]","args":[{"enterText":"1001","selector":{"controlType":"sap.m.Input","viewName":"etm.portal.ui.manageyards.view.New","viewId":"application-manageyards-display-component---NewYard","bindingPath":{"path":"","propertyPath":"/PLANT","modelName":"NewYardModel"},"interaction":{"idSuffix":"inner"}},"clearTextFirst":true,"interactionType":"ENTER_TEXT"}]}
COMMAND: POST /session/0fb4450c6422fe69939d6824736e2f6f/execute/async - {"script":"<script> [1562 bytes]","args":[{"selector":{"controlType":"sap.m.Input","viewName":"etm.portal.ui.manageyards.view.New","viewId":"application-manageyards-display-component---NewYard","bindingPath":{"path":"","propertyPath":"/SALES_AREA_VKORG","modelName":"NewYardModel"},"interaction":{"idSuffix":"inner"}},"wdio_ui5_key":"etmportal.ui.manageyards.view.Newsap.m.Input{\"path\":\"\",\"propertyPath\":\"/SALES_AREA_VKORG\",\"modelName\":\"NewYardModel\"}"}]}
RESULT: {"script":"<script> [1562 bytes]","args":[{"selector":{"controlType":"sap.m.Input","viewName":"etm.portal.ui.manageyards.view.New","viewId":"application-manageyards-display-component---NewYard","bindingPath":{"path":"","propertyPath":"/SALES_AREA_VKORG","modelName":"NewYardModel"},"interaction":{"idSuffix":"inner"}},"wdio_ui5_key":"etmportal.ui.manageyards.view.Newsap.m.Input{\"path\":\"\",\"propertyPath\":\"/SALES_AREA_VKORG\",\"modelName\":\"NewYardModel\"}"}]}
RESULT: undefined
COMMAND: POST /session/0fb4450c6422fe69939d6824736e2f6f/execute/async - {"script":"<script> [776 bytes]","args":[{"enterText":"C002","selector":{"controlType":"sap.m.Input","viewName":"etm.portal.ui.manageyards.view.New","viewId":"application-manageyards-display-component---NewYard","bindingPath":{"path":"","propertyPath":"/SALES_AREA_VKORG","modelName":"NewYardModel"},"interaction":{"idSuffix":"inner"}},"clearTextFirst":true,"interactionType":"ENTER_TEXT"}]}
RESULT: {"script":"<script> [776 bytes]","args":[{"enterText":"C002","selector":{"controlType":"sap.m.Input","viewName":"etm.portal.ui.manageyards.view.New","viewId":"application-manageyards-display-component---NewYard","bindingPath":{"path":"","propertyPath":"/SALES_AREA_VKORG","modelName":"NewYardModel"},"interaction":{"idSuffix":"inner"}},"clearTextFirst":true,"interactionType":"ENTER_TEXT"}]}
COMMAND: POST /session/0fb4450c6422fe69939d6824736e2f6f/execute/async - {"script":"<script> [1562 bytes]","args":[{"selector":{"controlType":"sap.m.Input","viewName":"etm.portal.ui.manageyards.view.New","viewId":"application-manageyards-display-component---NewYard","bindingPath":{"path":"","propertyPath":"/SALES_AREA_VTWEG","modelName":"NewYardModel"},"interaction":{"idSuffix":"inner"}},"wdio_ui5_key":"etmportal.ui.manageyards.view.Newsap.m.Input{\"path\":\"\",\"propertyPath\":\"/SALES_AREA_VTWEG\",\"modelName\":\"NewYardModel\"}"}]}
RESULT: {"script":"<script> [1562 bytes]","args":[{"selector":{"controlType":"sap.m.Input","viewName":"etm.portal.ui.manageyards.view.New","viewId":"application-manageyards-display-component---NewYard","bindingPath":{"path":"","propertyPath":"/SALES_AREA_VTWEG","modelName":"NewYardModel"},"interaction":{"idSuffix":"inner"}},"wdio_ui5_key":"etmportal.ui.manageyards.view.Newsap.m.Input{\"path\":\"\",\"propertyPath\":\"/SALES_AREA_VTWEG\",\"modelName\":\"NewYardModel\"}"}]}
RESULT: undefined
COMMAND: POST /session/0fb4450c6422fe69939d6824736e2f6f/execute/async - {"script":"<script> [776 bytes]","args":[{"enterText":"C2","selector":{"controlType":"sap.m.Input","viewName":"etm.portal.ui.manageyards.view.New","viewId":"application-manageyards-display-component---NewYard","bindingPath":{"path":"","propertyPath":"/SALES_AREA_VTWEG","modelName":"NewYardModel"},"interaction":{"idSuffix":"inner"}},"clearTextFirst":true,"interactionType":"ENTER_TEXT"}]}
RESULT: {"script":"<script> [776 bytes]","args":[{"enterText":"C2","selector":{"controlType":"sap.m.Input","viewName":"etm.portal.ui.manageyards.view.New","viewId":"application-manageyards-display-component---NewYard","bindingPath":{"path":"","propertyPath":"/SALES_AREA_VTWEG","modelName":"NewYardModel"},"interaction":{"idSuffix":"inner"}},"clearTextFirst":true,"interactionType":"ENTER_TEXT"}]}
COMMAND: POST /session/0fb4450c6422fe69939d6824736e2f6f/execute/async - {"script":"<script> [1562 bytes]","args":[{"selector":{"controlType":"sap.m.Input","viewName":"etm.portal.ui.manageyards.view.New","viewId":"application-manageyards-display-component---NewYard","bindingPath":{"path":"","propertyPath":"/SALES_AREA_SPART","modelName":"NewYardModel"},"interaction":{"idSuffix":"inner"}},"wdio_ui5_key":"etmportal.ui.manageyards.view.Newsap.m.Input{\"path\":\"\",\"propertyPath\":\"/SALES_AREA_SPART\",\"modelName\":\"NewYardModel\"}"}]}
RESULT: {"script":"<script> [1562 bytes]","args":[{"selector":{"controlType":"sap.m.Input","viewName":"etm.portal.ui.manageyards.view.New","viewId":"application-manageyards-display-component---NewYard","bindingPath":{"path":"","propertyPath":"/SALES_AREA_SPART","modelName":"NewYardModel"},"interaction":{"idSuffix":"inner"}},"wdio_ui5_key":"etmportal.ui.manageyards.view.Newsap.m.Input{\"path\":\"\",\"propertyPath\":\"/SALES_AREA_SPART\",\"modelName\":\"NewYardModel\"}"}]}
RESULT: undefined
COMMAND: POST /session/0fb4450c6422fe69939d6824736e2f6f/execute/async - {"script":"<script> [776 bytes]","args":[{"enterText":"C2","selector":{"controlType":"sap.m.Input","viewName":"etm.portal.ui.manageyards.view.New","viewId":"application-manageyards-display-component---NewYard","bindingPath":{"path":"","propertyPath":"/SALES_AREA_SPART","modelName":"NewYardModel"},"interaction":{"idSuffix":"inner"}},"clearTextFirst":true,"interactionType":"ENTER_TEXT"}]}
RESULT: {"script":"<script> [776 bytes]","args":[{"enterText":"C2","selector":{"controlType":"sap.m.Input","viewName":"etm.portal.ui.manageyards.view.New","viewId":"application-manageyards-display-component---NewYard","bindingPath":{"path":"","propertyPath":"/SALES_AREA_SPART","modelName":"NewYardModel"},"interaction":{"idSuffix":"inner"}},"clearTextFirst":true,"interactionType":"ENTER_TEXT"}]}
COMMAND: POST /session/0fb4450c6422fe69939d6824736e2f6f/execute/async - {"script":"<script> [1562 bytes]","args":[{"selector":{"controlType":"sap.m.Input","viewName":"etm.portal.ui.manageyards.view.New","viewId":"application-manageyards-display-component---NewYard","bindingPath":{"path":"","propertyPath":"/SHIP_POINT","modelName":"NewYardModel"},"interaction":{"idSuffix":"inner"}},"wdio_ui5_key":"etmportal.ui.manageyards.view.Newsap.m.Input{\"path\":\"\",\"propertyPath\":\"/SHIP_POINT\",\"modelName\":\"NewYardModel\"}"}]}
RESULT: {"script":"<script> [1562 bytes]","args":[{"selector":{"controlType":"sap.m.Input","viewName":"etm.portal.ui.manageyards.view.New","viewId":"application-manageyards-display-component---NewYard","bindingPath":{"path":"","propertyPath":"/SHIP_POINT","modelName":"NewYardModel"},"interaction":{"idSuffix":"inner"}},"wdio_ui5_key":"etmportal.ui.manageyards.view.Newsap.m.Input{\"path\":\"\",\"propertyPath\":\"/SHIP_POINT\",\"modelName\":\"NewYardModel\"}"}]}
RESULT: undefined
COMMAND: POST /session/0fb4450c6422fe69939d6824736e2f6f/execute/async - {"script":"<script> [776 bytes]","args":[{"enterText":"1710","selector":{"controlType":"sap.m.Input","viewName":"etm.portal.ui.manageyards.view.New","viewId":"application-manageyards-display-component---NewYard","bindingPath":{"path":"","propertyPath":"/SHIP_POINT","modelName":"NewYardModel"},"interaction":{"idSuffix":"inner"}},"clearTextFirst":true,"interactionType":"ENTER_TEXT"}]}
RESULT: {"script":"<script> [776 bytes]","args":[{"enterText":"1710","selector":{"controlType":"sap.m.Input","viewName":"etm.portal.ui.manageyards.view.New","viewId":"application-manageyards-display-component---NewYard","bindingPath":{"path":"","propertyPath":"/SHIP_POINT","modelName":"NewYardModel"},"interaction":{"idSuffix":"inner"}},"clearTextFirst":true,"interactionType":"ENTER_TEXT"}]}
COMMAND: POST /session/0fb4450c6422fe69939d6824736e2f6f/execute/async - {"script":"<script> [1562 bytes]","args":[{"selector":{"controlType":"sap.m.Input","viewName":"etm.portal.ui.manageyards.view.New","viewId":"application-manageyards-display-component---NewYard","bindingPath":{"path":"","propertyPath":"/DELIVERY_TYPE","modelName":"NewYardModel"},"interaction":{"idSuffix":"inner"}},"wdio_ui5_key":"etmportal.ui.manageyards.view.Newsap.m.Input{\"path\":\"\",\"propertyPath\":\"/DELIVERY_TYPE\",\"modelName\":\"NewYardModel\"}"}]}
RESULT: {"script":"<script> [1562 bytes]","args":[{"selector":{"controlType":"sap.m.Input","viewName":"etm.portal.ui.manageyards.view.New","viewId":"application-manageyards-display-component---NewYard","bindingPath":{"path":"","propertyPath":"/DELIVERY_TYPE","modelName":"NewYardModel"},"interaction":{"idSuffix":"inner"}},"wdio_ui5_key":"etmportal.ui.manageyards.view.Newsap.m.Input{\"path\":\"\",\"propertyPath\":\"/DELIVERY_TYPE\",\"modelName\":\"NewYardModel\"}"}]}
RESULT: undefined
COMMAND: POST /session/0fb4450c6422fe69939d6824736e2f6f/execute/async - {"script":"<script> [776 bytes]","args":[{"enterText":"ZL01","selector":{"controlType":"sap.m.Input","viewName":"etm.portal.ui.manageyards.view.New","viewId":"application-manageyards-display-component---NewYard","bindingPath":{"path":"","propertyPath":"/DELIVERY_TYPE","modelName":"NewYardModel"},"interaction":{"idSuffix":"inner"}},"clearTextFirst":true,"interactionType":"ENTER_TEXT"}]}
RESULT: {"script":"<script> [776 bytes]","args":[{"enterText":"ZL01","selector":{"controlType":"sap.m.Input","viewName":"etm.portal.ui.manageyards.view.New","viewId":"application-manageyards-display-component---NewYard","bindingPath":{"path":"","propertyPath":"/DELIVERY_TYPE","modelName":"NewYardModel"},"interaction":{"idSuffix":"inner"}},"clearTextFirst":true,"interactionType":"ENTER_TEXT"}]}
COMMAND: POST /session/0fb4450c6422fe69939d6824736e2f6f/execute/async - {"script":"<script> [1562 bytes]","args":[{"selector":{"controlType":"sap.m.Input","viewName":"etm.portal.ui.manageyards.view.New","viewId":"application-manageyards-display-component---NewYard","bindingPath":{"path":"","propertyPath":"/AUART","modelName":"NewYardModel"},"interaction":{"idSuffix":"inner"}},"wdio_ui5_key":"etmportal.ui.manageyards.view.Newsap.m.Input{\"path\":\"\",\"propertyPath\":\"/AUART\",\"modelName\":\"NewYardModel\"}"}]}
RESULT: {"script":"<script> [1562 bytes]","args":[{"selector":{"controlType":"sap.m.Input","viewName":"etm.portal.ui.manageyards.view.New","viewId":"application-manageyards-display-component---NewYard","bindingPath":{"path":"","propertyPath":"/AUART","modelName":"NewYardModel"},"interaction":{"idSuffix":"inner"}},"wdio_ui5_key":"etmportal.ui.manageyards.view.Newsap.m.Input{\"path\":\"\",\"propertyPath\":\"/AUART\",\"modelName\":\"NewYardModel\"}"}]}
RESULT: undefined
COMMAND: POST /session/0fb4450c6422fe69939d6824736e2f6f/execute/async - {"script":"<script> [776 bytes]","args":[{"enterText":"TA","selector":{"controlType":"sap.m.Input","viewName":"etm.portal.ui.manageyards.view.New","viewId":"application-manageyards-display-component---NewYard","bindingPath":{"path":"","propertyPath":"/AUART","modelName":"NewYardModel"},"interaction":{"idSuffix":"inner"}},"clearTextFirst":true,"interactionType":"ENTER_TEXT"}]}
RESULT: {"script":"<script> [776 bytes]","args":[{"enterText":"TA","selector":{"controlType":"sap.m.Input","viewName":"etm.portal.ui.manageyards.view.New","viewId":"application-manageyards-display-component---NewYard","bindingPath":{"path":"","propertyPath":"/AUART","modelName":"NewYardModel"},"interaction":{"idSuffix":"inner"}},"clearTextFirst":true,"interactionType":"ENTER_TEXT"}]}
COMMAND: POST /session/0fb4450c6422fe69939d6824736e2f6f/element - {"using":"xpath","value":"//button[@data-kt=\"newYardSaveButton\"]"}
RESULT: {"using":"xpath","value":"//button[@data-kt=\"newYardSaveButton\"]"}
COMMAND: POST /session/0fb4450c6422fe69939d6824736e2f6f/element/f.852D346EF878C3E5FC3136AC53424AFF.d.87A2ECC125E8FE5D94671D5325EEECB4.e.26136/click - {}
RESULT: {}
COMMAND: GET /session/0fb4450c6422fe69939d6824736e2f6f/screenshot - {}
RESULT: {}
COMMAND: POST /session/0fb4450c6422fe69939d6824736e2f6f/element - {"using":"xpath","value":"//header[contains(@id, 'ObjectPageLayout-headerTitle')]/div[1]/div[2]/div[1]/span[1]"}
RESULT: {"using":"xpath","value":"//header[contains(@id, 'ObjectPageLayout-headerTitle')]/div[1]/div[2]/div[1]/span[1]"}
COMMAND: POST /session/0fb4450c6422fe69939d6824736e2f6f/elements - {"using":"xpath","value":"//header[contains(@id, 'ObjectPageLayout-headerTitle')]/div[1]/div[2]/div[1]/span[1]"}
RESULT: {"using":"xpath","value":"//header[contains(@id, 'ObjectPageLayout-headerTitle')]/div[1]/div[2]/div[1]/span[1]"}
COMMAND: POST /session/0fb4450c6422fe69939d6824736e2f6f/execute/sync - {"script":"<script> [56 bytes]","args":[{"element-6066-11e4-a52e-4f735466cecf":"f.852D346EF878C3E5FC3136AC53424AFF.d.87A2ECC125E8FE5D94671D5325EEECB4.e.26479","ELEMENT":"f.852D346EF878C3E5FC3136AC53424AFF.d.87A2ECC125E8FE5D94671D5325EEECB4.e.26479"}]}
RESULT: {"script":"<script> [56 bytes]","args":[{"element-6066-11e4-a52e-4f735466cecf":"f.852D346EF878C3E5FC3136AC53424AFF.d.87A2ECC125E8FE5D94671D5325EEECB4.e.26479","ELEMENT":"f.852D346EF878C3E5FC3136AC53424AFF.d.87A2ECC125E8FE5D94671D5325EEECB4.e.26479"}]}
COMMAND: GET /session/0fb4450c6422fe69939d6824736e2f6f/screenshot - {}
RESULT: {}
COMMAND: POST /session/0fb4450c6422fe69939d6824736e2f6f/element - {"using":"css selector","value":"#shell-header-logo"}
RESULT: {"using":"css selector","value":"#shell-header-logo"}
COMMAND: POST /session/0fb4450c6422fe69939d6824736e2f6f/element/f.852D346EF878C3E5FC3136AC53424AFF.d.87A2ECC125E8FE5D94671D5325EEECB4.e.25602/click - {}
RESULT: {}
COMMAND: GET /session/0fb4450c6422fe69939d6824736e2f6f/screenshot - {}
RESULT: {}
COMMAND: POST /session/0fb4450c6422fe69939d6824736e2f6f/execute/sync - {"script":"<script> [299 bytes]","args":[["getModel","getResource"]]}
RESULT: {"script":"<script> [299 bytes]","args":[["getModel","getResource"]]}
COMMAND: GET /session/0fb4450c6422fe69939d6824736e2f6f/screenshot - {}
]]></system-out>
    </testcase>
    <testcase classname="chrome.136_0_7103_93.windows.Transfer_Yard_to_Yard_US131076" name="Should create an equipment" time="134.756">
      <system-out><![CDATA[
COMMAND: POST /session/0fb4450c6422fe69939d6824736e2f6f/execute/async - {"script":"<script> [1562 bytes]","args":[{"selector":{"controlType":"sap.m.GenericTile","properties":{"header":"Manage Resources"}},"wdio_ui5_key":"sapm.GenericTile{\"header\":\"Manage Resources\"}"}]}
RESULT: {}
RESULT: {"script":"<script> [1562 bytes]","args":[{"selector":{"controlType":"sap.m.GenericTile","properties":{"header":"Manage Resources"}},"wdio_ui5_key":"sapm.GenericTile{\"header\":\"Manage Resources\"}"}]}
RESULT: undefined
COMMAND: POST /session/0fb4450c6422fe69939d6824736e2f6f/element - {"using":"xpath","value":"//*[@id=\"__tile31\"]"}
RESULT: {"using":"xpath","value":"//*[@id=\"__tile31\"]"}
COMMAND: POST /session/0fb4450c6422fe69939d6824736e2f6f/element/f.852D346EF878C3E5FC3136AC53424AFF.d.87A2ECC125E8FE5D94671D5325EEECB4.e.25625/click - {}
RESULT: {}
COMMAND: GET /session/0fb4450c6422fe69939d6824736e2f6f/screenshot - {}
RESULT: {}
COMMAND: POST /session/0fb4450c6422fe69939d6824736e2f6f/elements - {"using":"xpath","value":"//span[text()='Error']"}
RESULT: {"using":"xpath","value":"//span[text()='Error']"}
COMMAND: POST /session/0fb4450c6422fe69939d6824736e2f6f/element - {"using":"xpath","value":"//button[@data-kt=\"addNewRUOverflowToolbarButton\"]"}
RESULT: {"using":"xpath","value":"//button[@data-kt=\"addNewRUOverflowToolbarButton\"]"}
COMMAND: POST /session/0fb4450c6422fe69939d6824736e2f6f/elements - {"using":"xpath","value":"//button[@data-kt=\"addNewRUOverflowToolbarButton\"]"}
RESULT: {"using":"xpath","value":"//button[@data-kt=\"addNewRUOverflowToolbarButton\"]"}
COMMAND: POST /session/0fb4450c6422fe69939d6824736e2f6f/execute/sync - {"script":"<script> [8489 bytes]","args":[{"element-6066-11e4-a52e-4f735466cecf":"f.852D346EF878C3E5FC3136AC53424AFF.d.87A2ECC125E8FE5D94671D5325EEECB4.e.26514","ELEMENT":"f.852D346EF878C3E5FC3136AC53424AFF.d.87A2ECC125E8FE5D94671D5325EEECB4.e.26514"}]}
RESULT: {"script":"<script> [8489 bytes]","args":[{"element-6066-11e4-a52e-4f735466cecf":"f.852D346EF878C3E5FC3136AC53424AFF.d.87A2ECC125E8FE5D94671D5325EEECB4.e.26514","ELEMENT":"f.852D346EF878C3E5FC3136AC53424AFF.d.87A2ECC125E8FE5D94671D5325EEECB4.e.26514"}]}
COMMAND: GET /session/0fb4450c6422fe69939d6824736e2f6f/element/f.852D346EF878C3E5FC3136AC53424AFF.d.87A2ECC125E8FE5D94671D5325EEECB4.e.26514/enabled - {}
COMMAND: GET /session/0fb4450c6422fe69939d6824736e2f6f/screenshot - {}
RESULT: {}
COMMAND: POST /session/0fb4450c6422fe69939d6824736e2f6f/execute/sync - {"script":"<script> [8489 bytes]","args":[{"element-6066-11e4-a52e-4f735466cecf":"f.852D346EF878C3E5FC3136AC53424AFF.d.87A2ECC125E8FE5D94671D5325EEECB4.e.26514","ELEMENT":"f.852D346EF878C3E5FC3136AC53424AFF.d.87A2ECC125E8FE5D94671D5325EEECB4.e.26514"}]}
COMMAND: GET /session/0fb4450c6422fe69939d6824736e2f6f/screenshot - {}
RESULT: {}
RESULT: {"script":"<script> [8489 bytes]","args":[{"element-6066-11e4-a52e-4f735466cecf":"f.852D346EF878C3E5FC3136AC53424AFF.d.87A2ECC125E8FE5D94671D5325EEECB4.e.26514","ELEMENT":"f.852D346EF878C3E5FC3136AC53424AFF.d.87A2ECC125E8FE5D94671D5325EEECB4.e.26514"}]}
COMMAND: POST /session/0fb4450c6422fe69939d6824736e2f6f/execute/sync - {"script":"<script> [5351 bytes]","args":[{"element-6066-11e4-a52e-4f735466cecf":"f.852D346EF878C3E5FC3136AC53424AFF.d.87A2ECC125E8FE5D94671D5325EEECB4.e.26514","ELEMENT":"f.852D346EF878C3E5FC3136AC53424AFF.d.87A2ECC125E8FE5D94671D5325EEECB4.e.26514"}]}
COMMAND: GET /session/0fb4450c6422fe69939d6824736e2f6f/screenshot - {}
RESULT: {}
RESULT: {"script":"<script> [5351 bytes]","args":[{"element-6066-11e4-a52e-4f735466cecf":"f.852D346EF878C3E5FC3136AC53424AFF.d.87A2ECC125E8FE5D94671D5325EEECB4.e.26514","ELEMENT":"f.852D346EF878C3E5FC3136AC53424AFF.d.87A2ECC125E8FE5D94671D5325EEECB4.e.26514"}]}
COMMAND: POST /session/0fb4450c6422fe69939d6824736e2f6f/element/f.852D346EF878C3E5FC3136AC53424AFF.d.87A2ECC125E8FE5D94671D5325EEECB4.e.26514/click - {}
COMMAND: GET /session/0fb4450c6422fe69939d6824736e2f6f/screenshot - {}
RESULT: {}
RESULT: {}
COMMAND: GET /session/0fb4450c6422fe69939d6824736e2f6f/screenshot - {}
RESULT: {}
COMMAND: POST /session/0fb4450c6422fe69939d6824736e2f6f/execute/async - {"script":"<script> [1562 bytes]","args":[{"selector":{"id":"application-manageresources-display-component---newResourceUnit--TYPE-arrow"},"wdio_ui5_key":"applicationmanageresources-display-component---newResourceUnit--TYPE-arrow"}]}
RESULT: {}
RESULT: {"script":"<script> [1562 bytes]","args":[{"selector":{"id":"application-manageresources-display-component---newResourceUnit--TYPE-arrow"},"wdio_ui5_key":"applicationmanageresources-display-component---newResourceUnit--TYPE-arrow"}]}
RESULT: undefined
COMMAND: POST /session/0fb4450c6422fe69939d6824736e2f6f/element - {"using":"xpath","value":"//*[@id=\"application-manageresources-display-component---newResourceUnit--TYPE-arrow\"]"}
RESULT: {"using":"xpath","value":"//*[@id=\"application-manageresources-display-component---newResourceUnit--TYPE-arrow\"]"}
COMMAND: POST /session/0fb4450c6422fe69939d6824736e2f6f/element/f.852D346EF878C3E5FC3136AC53424AFF.d.87A2ECC125E8FE5D94671D5325EEECB4.e.26876/click - {}
RESULT: {}
COMMAND: POST /session/0fb4450c6422fe69939d6824736e2f6f/element - {"using":"xpath","value":"//input[@id=\"application-manageresources-display-component---newResourceUnit--TYPE-inner\"]"}
COMMAND: GET /session/0fb4450c6422fe69939d6824736e2f6f/screenshot - {}
RESULT: {"using":"xpath","value":"//input[@id=\"application-manageresources-display-component---newResourceUnit--TYPE-inner\"]"}
COMMAND: POST /session/0fb4450c6422fe69939d6824736e2f6f/element/f.852D346EF878C3E5FC3136AC53424AFF.d.87A2ECC125E8FE5D94671D5325EEECB4.e.26870/clear - {}
RESULT: {}
RESULT: {}
COMMAND: POST /session/0fb4450c6422fe69939d6824736e2f6f/element/f.852D346EF878C3E5FC3136AC53424AFF.d.87A2ECC125E8FE5D94671D5325EEECB4.e.26870/value - {"text":"Equipment"}
COMMAND: GET /session/0fb4450c6422fe69939d6824736e2f6f/screenshot - {}
RESULT: {"text":"Equipment"}
COMMAND: GET /session/0fb4450c6422fe69939d6824736e2f6f/screenshot - {}
RESULT: {}
RESULT: {}
COMMAND: POST /session/0fb4450c6422fe69939d6824736e2f6f/actions - {"actions":[{"id":"action84","type":"key","parameters":{},"actions":[{"type":"keyDown","value":"î€‡"},{"type":"pause","duration":10},{"type":"keyUp","value":"î€‡"}]}]}
RESULT: {"actions":[{"id":"action84","type":"key","parameters":{},"actions":[{"type":"keyDown","value":"î€‡"},{"type":"pause","duration":10},{"type":"keyUp","value":"î€‡"}]}]}
COMMAND: POST /session/0fb4450c6422fe69939d6824736e2f6f/execute/async - {"script":"<script> [1562 bytes]","args":[{"selector":{"id":"application-manageresources-display-component---newResourceUnit--resourceId","interaction":{"idSuffix":"inner"}},"wdio_ui5_key":"applicationmanageresources-display-component---newResourceUnit--resourceId"}]}
COMMAND: GET /session/0fb4450c6422fe69939d6824736e2f6f/screenshot - {}
RESULT: {"script":"<script> [1562 bytes]","args":[{"selector":{"id":"application-manageresources-display-component---newResourceUnit--resourceId","interaction":{"idSuffix":"inner"}},"wdio_ui5_key":"applicationmanageresources-display-component---newResourceUnit--resourceId"}]}
RESULT: undefined
COMMAND: POST /session/0fb4450c6422fe69939d6824736e2f6f/execute/async - {"script":"<script> [776 bytes]","args":[{"enterText":"cC7PExfn5N","selector":{"id":"application-manageresources-display-component---newResourceUnit--resourceId","interaction":{"idSuffix":"inner"}},"clearTextFirst":true,"interactionType":"ENTER_TEXT"}]}
RESULT: {}
RESULT: {"script":"<script> [776 bytes]","args":[{"enterText":"cC7PExfn5N","selector":{"id":"application-manageresources-display-component---newResourceUnit--resourceId","interaction":{"idSuffix":"inner"}},"clearTextFirst":true,"interactionType":"ENTER_TEXT"}]}
COMMAND: POST /session/0fb4450c6422fe69939d6824736e2f6f/execute/async - {"script":"<script> [1562 bytes]","args":[{"selector":{"id":"application-manageresources-display-component---newResourceUnit--SHORT_TEXT","interaction":{"idSuffix":"inner"}},"wdio_ui5_key":"applicationmanageresources-display-component---newResourceUnit--SHORT_TEXT"}]}
RESULT: {"script":"<script> [1562 bytes]","args":[{"selector":{"id":"application-manageresources-display-component---newResourceUnit--SHORT_TEXT","interaction":{"idSuffix":"inner"}},"wdio_ui5_key":"applicationmanageresources-display-component---newResourceUnit--SHORT_TEXT"}]}
RESULT: undefined
COMMAND: POST /session/0fb4450c6422fe69939d6824736e2f6f/execute/async - {"script":"<script> [776 bytes]","args":[{"enterText":"Intercompany Equipment WDIO","selector":{"id":"application-manageresources-display-component---newResourceUnit--SHORT_TEXT","interaction":{"idSuffix":"inner"}},"clearTextFirst":true,"interactionType":"ENTER_TEXT"}]}
RESULT: {"script":"<script> [776 bytes]","args":[{"enterText":"Intercompany Equipment WDIO","selector":{"id":"application-manageresources-display-component---newResourceUnit--SHORT_TEXT","interaction":{"idSuffix":"inner"}},"clearTextFirst":true,"interactionType":"ENTER_TEXT"}]}
COMMAND: POST /session/0fb4450c6422fe69939d6824736e2f6f/execute/async - {"script":"<script> [1562 bytes]","args":[{"selector":{"id":"application-manageresources-display-component---newResourceUnit--BASE_UNIT_OF_MEASURE","interaction":{"idSuffix":"inner"}},"wdio_ui5_key":"applicationmanageresources-display-component---newResourceUnit--BASE_UNIT_OF_MEASURE"}]}
RESULT: {"script":"<script> [1562 bytes]","args":[{"selector":{"id":"application-manageresources-display-component---newResourceUnit--BASE_UNIT_OF_MEASURE","interaction":{"idSuffix":"inner"}},"wdio_ui5_key":"applicationmanageresources-display-component---newResourceUnit--BASE_UNIT_OF_MEASURE"}]}
RESULT: undefined
COMMAND: POST /session/0fb4450c6422fe69939d6824736e2f6f/execute/async - {"script":"<script> [776 bytes]","args":[{"enterText":"Piece","selector":{"id":"application-manageresources-display-component---newResourceUnit--BASE_UNIT_OF_MEASURE","interaction":{"idSuffix":"inner"}},"clearTextFirst":true,"interactionType":"ENTER_TEXT"}]}
RESULT: {"script":"<script> [776 bytes]","args":[{"enterText":"Piece","selector":{"id":"application-manageresources-display-component---newResourceUnit--BASE_UNIT_OF_MEASURE","interaction":{"idSuffix":"inner"}},"clearTextFirst":true,"interactionType":"ENTER_TEXT"}]}
COMMAND: POST /session/0fb4450c6422fe69939d6824736e2f6f/execute/async - {"script":"<script> [1562 bytes]","args":[{"selector":{"id":"application-manageresources-display-component---newResourceUnit--WEIGHT_UNIT","interaction":{"idSuffix":"inner"}},"wdio_ui5_key":"applicationmanageresources-display-component---newResourceUnit--WEIGHT_UNIT"}]}
RESULT: {"script":"<script> [1562 bytes]","args":[{"selector":{"id":"application-manageresources-display-component---newResourceUnit--WEIGHT_UNIT","interaction":{"idSuffix":"inner"}},"wdio_ui5_key":"applicationmanageresources-display-component---newResourceUnit--WEIGHT_UNIT"}]}
RESULT: undefined
COMMAND: POST /session/0fb4450c6422fe69939d6824736e2f6f/execute/async - {"script":"<script> [776 bytes]","args":[{"enterText":"Gram","selector":{"id":"application-manageresources-display-component---newResourceUnit--WEIGHT_UNIT","interaction":{"idSuffix":"inner"}},"clearTextFirst":true,"interactionType":"ENTER_TEXT"}]}
RESULT: {"script":"<script> [776 bytes]","args":[{"enterText":"Gram","selector":{"id":"application-manageresources-display-component---newResourceUnit--WEIGHT_UNIT","interaction":{"idSuffix":"inner"}},"clearTextFirst":true,"interactionType":"ENTER_TEXT"}]}
COMMAND: POST /session/0fb4450c6422fe69939d6824736e2f6f/execute/async - {"script":"<script> [1562 bytes]","args":[{"selector":{"id":"application-manageresources-display-component---newResourceUnit--DIMENSION_UNIT","interaction":{"idSuffix":"inner"}},"wdio_ui5_key":"applicationmanageresources-display-component---newResourceUnit--DIMENSION_UNIT"}]}
RESULT: {"script":"<script> [1562 bytes]","args":[{"selector":{"id":"application-manageresources-display-component---newResourceUnit--DIMENSION_UNIT","interaction":{"idSuffix":"inner"}},"wdio_ui5_key":"applicationmanageresources-display-component---newResourceUnit--DIMENSION_UNIT"}]}
RESULT: undefined
COMMAND: POST /session/0fb4450c6422fe69939d6824736e2f6f/execute/async - {"script":"<script> [776 bytes]","args":[{"enterText":"Meter","selector":{"id":"application-manageresources-display-component---newResourceUnit--DIMENSION_UNIT","interaction":{"idSuffix":"inner"}},"clearTextFirst":true,"interactionType":"ENTER_TEXT"}]}
RESULT: {"script":"<script> [776 bytes]","args":[{"enterText":"Meter","selector":{"id":"application-manageresources-display-component---newResourceUnit--DIMENSION_UNIT","interaction":{"idSuffix":"inner"}},"clearTextFirst":true,"interactionType":"ENTER_TEXT"}]}
COMMAND: POST /session/0fb4450c6422fe69939d6824736e2f6f/execute/async - {"script":"<script> [1562 bytes]","args":[{"selector":{"id":"application-manageresources-display-component---newResourceUnit--newRRUPage-anchBar-application-manageresources-display-component---newResourceUnit--control-anchor","interaction":{"idSuffix":"BDI-content"}},"wdio_ui5_key":"applicationmanageresources-display-component---newResourceUnit--newRRUPage-anchBar-application-manageresources-display-component---newResourceUnit--control-anchor"}]}
RESULT: {"script":"<script> [1562 bytes]","args":[{"selector":{"id":"application-manageresources-display-component---newResourceUnit--newRRUPage-anchBar-application-manageresources-display-component---newResourceUnit--control-anchor","interaction":{"idSuffix":"BDI-content"}},"wdio_ui5_key":"applicationmanageresources-display-component---newResourceUnit--newRRUPage-anchBar-application-manageresources-display-component---newResourceUnit--control-anchor"}]}
RESULT: undefined
COMMAND: POST /session/0fb4450c6422fe69939d6824736e2f6f/element - {"using":"xpath","value":"//*[@id=\"application-manageresources-display-component---newResourceUnit--newRRUPage-anchBar-application-manageresources-display-component---newResourceUnit--control-anchor\"]"}
RESULT: {"using":"xpath","value":"//*[@id=\"application-manageresources-display-component---newResourceUnit--newRRUPage-anchBar-application-manageresources-display-component---newResourceUnit--control-anchor\"]"}
COMMAND: POST /session/0fb4450c6422fe69939d6824736e2f6f/element/f.852D346EF878C3E5FC3136AC53424AFF.d.87A2ECC125E8FE5D94671D5325EEECB4.e.27006/click - {}
RESULT: {}
COMMAND: POST /session/0fb4450c6422fe69939d6824736e2f6f/execute/async - {"script":"<script> [1562 bytes]","args":[{"selector":{"id":"application-manageresources-display-component---newResourceUnit--PLANNING_GROUP","interaction":{"idSuffix":"inner"}},"wdio_ui5_key":"applicationmanageresources-display-component---newResourceUnit--PLANNING_GROUP"}]}
COMMAND: GET /session/0fb4450c6422fe69939d6824736e2f6f/screenshot - {}
RESULT: {"script":"<script> [1562 bytes]","args":[{"selector":{"id":"application-manageresources-display-component---newResourceUnit--PLANNING_GROUP","interaction":{"idSuffix":"inner"}},"wdio_ui5_key":"applicationmanageresources-display-component---newResourceUnit--PLANNING_GROUP"}]}
RESULT: undefined
COMMAND: POST /session/0fb4450c6422fe69939d6824736e2f6f/execute/async - {"script":"<script> [776 bytes]","args":[{"enterText":"Heavy Equi","selector":{"id":"application-manageresources-display-component---newResourceUnit--PLANNING_GROUP","interaction":{"idSuffix":"inner"}},"clearTextFirst":true,"interactionType":"ENTER_TEXT"}]}
RESULT: {}
RESULT: {"script":"<script> [776 bytes]","args":[{"enterText":"Heavy Equi","selector":{"id":"application-manageresources-display-component---newResourceUnit--PLANNING_GROUP","interaction":{"idSuffix":"inner"}},"clearTextFirst":true,"interactionType":"ENTER_TEXT"}]}
COMMAND: POST /session/0fb4450c6422fe69939d6824736e2f6f/execute/async - {"script":"<script> [1562 bytes]","args":[{"selector":{"id":"application-manageresources-display-component---newResourceUnit--ITEM_TYPE-arrow"},"wdio_ui5_key":"applicationmanageresources-display-component---newResourceUnit--ITEM_TYPE-arrow"}]}
RESULT: {"script":"<script> [1562 bytes]","args":[{"selector":{"id":"application-manageresources-display-component---newResourceUnit--ITEM_TYPE-arrow"},"wdio_ui5_key":"applicationmanageresources-display-component---newResourceUnit--ITEM_TYPE-arrow"}]}
RESULT: undefined
COMMAND: POST /session/0fb4450c6422fe69939d6824736e2f6f/element - {"using":"xpath","value":"//*[@id=\"application-manageresources-display-component---newResourceUnit--ITEM_TYPE-arrow\"]"}
RESULT: {"using":"xpath","value":"//*[@id=\"application-manageresources-display-component---newResourceUnit--ITEM_TYPE-arrow\"]"}
COMMAND: POST /session/0fb4450c6422fe69939d6824736e2f6f/element/f.852D346EF878C3E5FC3136AC53424AFF.d.87A2ECC125E8FE5D94671D5325EEECB4.e.27015/click - {}
RESULT: {}
COMMAND: POST /session/0fb4450c6422fe69939d6824736e2f6f/element - {"using":"xpath","value":"(//span[contains(text(), \"Resource Unit\")])[2]"}
COMMAND: GET /session/0fb4450c6422fe69939d6824736e2f6f/screenshot - {}
RESULT: {"using":"xpath","value":"(//span[contains(text(), \"Resource Unit\")])[2]"}
COMMAND: POST /session/0fb4450c6422fe69939d6824736e2f6f/element/f.852D346EF878C3E5FC3136AC53424AFF.d.87A2ECC125E8FE5D94671D5325EEECB4.e.27016/click - {}
RESULT: {}
RESULT: {}
COMMAND: GET /session/0fb4450c6422fe69939d6824736e2f6f/screenshot - {}
RESULT: {}
COMMAND: POST /session/0fb4450c6422fe69939d6824736e2f6f/element - {"using":"css selector","value":"#application-manageresources-display-component---newResourceUnit--btnAddTimeSegment"}
RESULT: {"using":"css selector","value":"#application-manageresources-display-component---newResourceUnit--btnAddTimeSegment"}
COMMAND: GET /session/0fb4450c6422fe69939d6824736e2f6f/element/f.852D346EF878C3E5FC3136AC53424AFF.d.87A2ECC125E8FE5D94671D5325EEECB4.e.27017/rect - {}
RESULT: {}
COMMAND: GET /session/0fb4450c6422fe69939d6824736e2f6f/window/rect - {}
RESULT: {}
COMMAND: POST /session/0fb4450c6422fe69939d6824736e2f6f/execute/sync - {"script":"<script> [92 bytes]","args":[]}
RESULT: {"script":"<script> [92 bytes]","args":[]}
COMMAND: POST /session/0fb4450c6422fe69939d6824736e2f6f/actions - {"actions":[{"id":"action85","type":"wheel","parameters":{},"actions":[{"type":"scroll","x":-1888,"y":-32,"deltaX":0,"deltaY":0,"duration":0,"origin":{"element-6066-11e4-a52e-4f735466cecf":"f.852D346EF878C3E5FC3136AC53424AFF.d.87A2ECC125E8FE5D94671D5325EEECB4.e.27017"}}]}]}
COMMAND: GET /session/0fb4450c6422fe69939d6824736e2f6f/screenshot - {}
RESULT: {}
COMMAND: POST /session/0fb4450c6422fe69939d6824736e2f6f/execute/sync - {"script":"<script> [79 bytes]","args":[{"element-6066-11e4-a52e-4f735466cecf":"f.852D346EF878C3E5FC3136AC53424AFF.d.87A2ECC125E8FE5D94671D5325EEECB4.e.27017","ELEMENT":"f.852D346EF878C3E5FC3136AC53424AFF.d.87A2ECC125E8FE5D94671D5325EEECB4.e.27017"},{"block":"start","inline":"nearest"}]}
RESULT: {"script":"<script> [79 bytes]","args":[{"element-6066-11e4-a52e-4f735466cecf":"f.852D346EF878C3E5FC3136AC53424AFF.d.87A2ECC125E8FE5D94671D5325EEECB4.e.27017","ELEMENT":"f.852D346EF878C3E5FC3136AC53424AFF.d.87A2ECC125E8FE5D94671D5325EEECB4.e.27017"},{"block":"start","inline":"nearest"}]}
COMMAND: POST /session/0fb4450c6422fe69939d6824736e2f6f/execute/async - {"script":"<script> [1562 bytes]","args":[{"selector":{"id":"application-manageresources-display-component---newResourceUnit--btnAddTimeSegment","interaction":{"idSuffix":"inner"}},"wdio_ui5_key":"applicationmanageresources-display-component---newResourceUnit--btnAddTimeSegment"}]}
COMMAND: GET /session/0fb4450c6422fe69939d6824736e2f6f/screenshot - {}
RESULT: {"script":"<script> [1562 bytes]","args":[{"selector":{"id":"application-manageresources-display-component---newResourceUnit--btnAddTimeSegment","interaction":{"idSuffix":"inner"}},"wdio_ui5_key":"applicationmanageresources-display-component---newResourceUnit--btnAddTimeSegment"}]}
RESULT: undefined
COMMAND: POST /session/0fb4450c6422fe69939d6824736e2f6f/element - {"using":"xpath","value":"//*[@id=\"application-manageresources-display-component---newResourceUnit--btnAddTimeSegment\"]"}
RESULT: {}
RESULT: {"using":"xpath","value":"//*[@id=\"application-manageresources-display-component---newResourceUnit--btnAddTimeSegment\"]"}
COMMAND: POST /session/0fb4450c6422fe69939d6824736e2f6f/element/f.852D346EF878C3E5FC3136AC53424AFF.d.87A2ECC125E8FE5D94671D5325EEECB4.e.27017/click - {}
RESULT: {}
COMMAND: GET /session/0fb4450c6422fe69939d6824736e2f6f/screenshot - {}
RESULT: {}
COMMAND: POST /session/0fb4450c6422fe69939d6824736e2f6f/element - {"using":"xpath","value":"//input[@id=\"application-manageresources-display-component---newResourceUnit--idRuTSAdmin-application-manageresources-display-component---newResourceUnit--RUTimeSegment-0-inner\"]"}
RESULT: {"using":"xpath","value":"//input[@id=\"application-manageresources-display-component---newResourceUnit--idRuTSAdmin-application-manageresources-display-component---newResourceUnit--RUTimeSegment-0-inner\"]"}
COMMAND: POST /session/0fb4450c6422fe69939d6824736e2f6f/element/f.852D346EF878C3E5FC3136AC53424AFF.d.87A2ECC125E8FE5D94671D5325EEECB4.e.27023/clear - {}
RESULT: {}
COMMAND: POST /session/0fb4450c6422fe69939d6824736e2f6f/element/f.852D346EF878C3E5FC3136AC53424AFF.d.87A2ECC125E8FE5D94671D5325EEECB4.e.27023/value - {"text":"525"}
COMMAND: GET /session/0fb4450c6422fe69939d6824736e2f6f/screenshot - {}
RESULT: {"text":"525"}
COMMAND: GET /session/0fb4450c6422fe69939d6824736e2f6f/screenshot - {}
RESULT: {}
RESULT: {}
COMMAND: POST /session/0fb4450c6422fe69939d6824736e2f6f/element - {"using":"xpath","value":"//li[.//span[text()='525']]"}
RESULT: {"using":"xpath","value":"//li[.//span[text()='525']]"}
COMMAND: POST /session/0fb4450c6422fe69939d6824736e2f6f/element/f.852D346EF878C3E5FC3136AC53424AFF.d.87A2ECC125E8FE5D94671D5325EEECB4.e.27035/click - {}
RESULT: {}
COMMAND: GET /session/0fb4450c6422fe69939d6824736e2f6f/screenshot - {}
RESULT: {}
COMMAND: POST /session/0fb4450c6422fe69939d6824736e2f6f/element - {"using":"xpath","value":"(//span[contains(@id, \"-application-manageresources-display-component---newResourceUnit--RUTimeSegment-0-arrow\")])[6]"}
RESULT: {"using":"xpath","value":"(//span[contains(@id, \"-application-manageresources-display-component---newResourceUnit--RUTimeSegment-0-arrow\")])[6]"}
COMMAND: POST /session/0fb4450c6422fe69939d6824736e2f6f/element/f.852D346EF878C3E5FC3136AC53424AFF.d.87A2ECC125E8FE5D94671D5325EEECB4.e.27036/click - {}
RESULT: {}
COMMAND: GET /session/0fb4450c6422fe69939d6824736e2f6f/screenshot - {}
RESULT: {}
COMMAND: POST /session/0fb4450c6422fe69939d6824736e2f6f/element - {"using":"xpath","value":"//span[contains(text(), \"PM Order\")]"}
RESULT: {"using":"xpath","value":"//span[contains(text(), \"PM Order\")]"}
COMMAND: POST /session/0fb4450c6422fe69939d6824736e2f6f/element/f.852D346EF878C3E5FC3136AC53424AFF.d.87A2ECC125E8FE5D94671D5325EEECB4.e.27039/click - {}
RESULT: {}
COMMAND: GET /session/0fb4450c6422fe69939d6824736e2f6f/screenshot - {}
RESULT: {}
COMMAND: POST /session/0fb4450c6422fe69939d6824736e2f6f/element - {"using":"xpath","value":"(//span[contains(@id ,\"manageresources-display-component---newResourceUnit--RUTimeSegment-0-vhi\")])[1]"}
RESULT: {"using":"xpath","value":"(//span[contains(@id ,\"manageresources-display-component---newResourceUnit--RUTimeSegment-0-vhi\")])[1]"}
COMMAND: GET /session/0fb4450c6422fe69939d6824736e2f6f/element/f.852D346EF878C3E5FC3136AC53424AFF.d.87A2ECC125E8FE5D94671D5325EEECB4.e.27043/rect - {}
RESULT: {}
COMMAND: GET /session/0fb4450c6422fe69939d6824736e2f6f/window/rect - {}
RESULT: {}
COMMAND: POST /session/0fb4450c6422fe69939d6824736e2f6f/execute/sync - {"script":"<script> [92 bytes]","args":[]}
RESULT: {"script":"<script> [92 bytes]","args":[]}
COMMAND: POST /session/0fb4450c6422fe69939d6824736e2f6f/actions - {"actions":[{"id":"action86","type":"wheel","parameters":{},"actions":[{"type":"scroll","x":-869,"y":-24,"deltaX":0,"deltaY":0,"duration":0,"origin":{"element-6066-11e4-a52e-4f735466cecf":"f.852D346EF878C3E5FC3136AC53424AFF.d.87A2ECC125E8FE5D94671D5325EEECB4.e.27043"}}]}]}
COMMAND: GET /session/0fb4450c6422fe69939d6824736e2f6f/screenshot - {}
RESULT: {"actions":[{"id":"action86","type":"wheel","parameters":{},"actions":[{"type":"scroll","x":-869,"y":-24,"deltaX":0,"deltaY":0,"duration":0,"origin":{"element-6066-11e4-a52e-4f735466cecf":"f.852D346EF878C3E5FC3136AC53424AFF.d.87A2ECC125E8FE5D94671D5325EEECB4.e.27043"}}]}]}
COMMAND: DELETE /session/0fb4450c6422fe69939d6824736e2f6f/actions - {}
COMMAND: GET /session/0fb4450c6422fe69939d6824736e2f6f/screenshot - {}
RESULT: {}
RESULT: {}
COMMAND: GET /session/0fb4450c6422fe69939d6824736e2f6f/screenshot - {}
RESULT: {}
RESULT: {}
COMMAND: POST /session/0fb4450c6422fe69939d6824736e2f6f/element/f.852D346EF878C3E5FC3136AC53424AFF.d.87A2ECC125E8FE5D94671D5325EEECB4.e.27043/click - {}
RESULT: {}
COMMAND: GET /session/0fb4450c6422fe69939d6824736e2f6f/screenshot - {}
RESULT: {}
RESULT: undefined
COMMAND: POST /session/0fb4450c6422fe69939d6824736e2f6f/execute/async - {"script":"<script> [776 bytes]","args":[{"enterText":"4000360","selector":{"controlType":"sap.m.SearchField","properties":{"placeholder":"Search"},"searchOpenDialogs":true,"interaction":{"idSuffix":"I"}},"clearTextFirst":true,"interactionType":"ENTER_TEXT"}]}
RESULT: {"script":"<script> [776 bytes]","args":[{"enterText":"4000360","selector":{"controlType":"sap.m.SearchField","properties":{"placeholder":"Search"},"searchOpenDialogs":true,"interaction":{"idSuffix":"I"}},"clearTextFirst":true,"interactionType":"ENTER_TEXT"}]}
COMMAND: POST /session/0fb4450c6422fe69939d6824736e2f6f/actions - {"actions":[{"id":"action87","type":"key","parameters":{},"actions":[{"type":"keyDown","value":"î€‡"},{"type":"pause","duration":10},{"type":"keyUp","value":"î€‡"}]}]}
RESULT: {"actions":[{"id":"action87","type":"key","parameters":{},"actions":[{"type":"keyDown","value":"î€‡"},{"type":"pause","duration":10},{"type":"keyUp","value":"î€‡"}]}]}
COMMAND: GET /session/0fb4450c6422fe69939d6824736e2f6f/screenshot - {}
RESULT: {}
COMMAND: POST /session/0fb4450c6422fe69939d6824736e2f6f/element - {"using":"xpath","value":"//td/div/span[contains(text(), \"BGL Vehicles\")]"}
RESULT: {"using":"xpath","value":"//td/div/span[contains(text(), \"BGL Vehicles\")]"}
COMMAND: POST /session/0fb4450c6422fe69939d6824736e2f6f/element/f.852D346EF878C3E5FC3136AC53424AFF.d.87A2ECC125E8FE5D94671D5325EEECB4.e.27062/click - {}
RESULT: {}
COMMAND: GET /session/0fb4450c6422fe69939d6824736e2f6f/screenshot - {}
RESULT: {}
COMMAND: POST /session/0fb4450c6422fe69939d6824736e2f6f/element - {"using":"xpath","value":"//bdi[contains(text(), \"OK\")]"}
RESULT: {"using":"xpath","value":"//bdi[contains(text(), \"OK\")]"}
COMMAND: POST /session/0fb4450c6422fe69939d6824736e2f6f/element/f.852D346EF878C3E5FC3136AC53424AFF.d.87A2ECC125E8FE5D94671D5325EEECB4.e.27063/click - {}
RESULT: {}
COMMAND: GET /session/0fb4450c6422fe69939d6824736e2f6f/screenshot - {}
RESULT: {}
COMMAND: POST /session/0fb4450c6422fe69939d6824736e2f6f/execute/async - {"script":"<script> [1562 bytes]","args":[{"selector":{"id":"application-manageresources-display-component---newResourceUnit--newRRUPage-anchBar-application-manageresources-display-component---newResourceUnit--resource-anchor","interaction":{"idSuffix":"BDI-content"}},"wdio_ui5_key":"applicationmanageresources-display-component---newResourceUnit--newRRUPage-anchBar-application-manageresources-display-component---newResourceUnit--resource-anchor"}]}
RESULT: {"script":"<script> [1562 bytes]","args":[{"selector":{"id":"application-manageresources-display-component---newResourceUnit--newRRUPage-anchBar-application-manageresources-display-component---newResourceUnit--resource-anchor","interaction":{"idSuffix":"BDI-content"}},"wdio_ui5_key":"applicationmanageresources-display-component---newResourceUnit--newRRUPage-anchBar-application-manageresources-display-component---newResourceUnit--resource-anchor"}]}
RESULT: undefined
COMMAND: POST /session/0fb4450c6422fe69939d6824736e2f6f/element - {"using":"xpath","value":"//*[@id=\"application-manageresources-display-component---newResourceUnit--newRRUPage-anchBar-application-manageresources-display-component---newResourceUnit--resource-anchor\"]"}
RESULT: {"using":"xpath","value":"//*[@id=\"application-manageresources-display-component---newResourceUnit--newRRUPage-anchBar-application-manageresources-display-component---newResourceUnit--resource-anchor\"]"}
COMMAND: POST /session/0fb4450c6422fe69939d6824736e2f6f/element/f.852D346EF878C3E5FC3136AC53424AFF.d.87A2ECC125E8FE5D94671D5325EEECB4.e.27067/click - {}
RESULT: {}
COMMAND: POST /session/0fb4450c6422fe69939d6824736e2f6f/execute/async - {"script":"<script> [1562 bytes]","args":[{"selector":{"id":"application-manageresources-display-component---newResourceUnit--PLANNED_DELIVERY_DATE","interaction":{"idSuffix":"inner"}},"wdio_ui5_key":"applicationmanageresources-display-component---newResourceUnit--PLANNED_DELIVERY_DATE"}]}
COMMAND: GET /session/0fb4450c6422fe69939d6824736e2f6f/screenshot - {}
RESULT: {}
RESULT: {"script":"<script> [1562 bytes]","args":[{"selector":{"id":"application-manageresources-display-component---newResourceUnit--PLANNED_DELIVERY_DATE","interaction":{"idSuffix":"inner"}},"wdio_ui5_key":"applicationmanageresources-display-component---newResourceUnit--PLANNED_DELIVERY_DATE"}]}
RESULT: undefined
COMMAND: POST /session/0fb4450c6422fe69939d6824736e2f6f/execute/async - {"script":"<script> [6424 bytes]","args":[{"element-6066-11e4-a52e-4f735466cecf":"f.852D346EF878C3E5FC3136AC53424AFF.d.87A2ECC125E8FE5D94671D5325EEECB4.e.26931"},"setValue",["5/18/25"]]}
RESULT: {"script":"<script> [6424 bytes]","args":[{"element-6066-11e4-a52e-4f735466cecf":"f.852D346EF878C3E5FC3136AC53424AFF.d.87A2ECC125E8FE5D94671D5325EEECB4.e.26931"},"setValue",["5/18/25"]]}
COMMAND: POST /session/0fb4450c6422fe69939d6824736e2f6f/element - {"using":"xpath","value":"//label[contains(@class, 'sapMLabelRequired') and .//bdi[contains(text(), 'Planned Retirement')]]"}
RESULT: {"using":"xpath","value":"//label[contains(@class, 'sapMLabelRequired') and .//bdi[contains(text(), 'Planned Retirement')]]"}
COMMAND: POST /session/0fb4450c6422fe69939d6824736e2f6f/elements - {"using":"xpath","value":"//label[contains(@class, 'sapMLabelRequired') and .//bdi[contains(text(), 'Planned Retirement')]]"}
RESULT: {"using":"xpath","value":"//label[contains(@class, 'sapMLabelRequired') and .//bdi[contains(text(), 'Planned Retirement')]]"}
COMMAND: POST /session/0fb4450c6422fe69939d6824736e2f6f/element - {"using":"xpath","value":"//button[@data-kt=\"resourceUnitSaveButton\"]"}
RESULT: {"using":"xpath","value":"//button[@data-kt=\"resourceUnitSaveButton\"]"}
COMMAND: POST /session/0fb4450c6422fe69939d6824736e2f6f/element/f.852D346EF878C3E5FC3136AC53424AFF.d.87A2ECC125E8FE5D94671D5325EEECB4.e.26892/click - {}
RESULT: {}
COMMAND: GET /session/0fb4450c6422fe69939d6824736e2f6f/screenshot - {}
RESULT: {}
COMMAND: POST /session/0fb4450c6422fe69939d6824736e2f6f/element - {"using":"xpath","value":"//bdi[contains(text(), \"Close\")]"}
RESULT: {"using":"xpath","value":"//bdi[contains(text(), \"Close\")]"}
COMMAND: POST /session/0fb4450c6422fe69939d6824736e2f6f/element/f.852D346EF878C3E5FC3136AC53424AFF.d.87A2ECC125E8FE5D94671D5325EEECB4.e.27077/click - {}
RESULT: {}
COMMAND: GET /session/0fb4450c6422fe69939d6824736e2f6f/screenshot - {}
RESULT: {}
COMMAND: POST /session/0fb4450c6422fe69939d6824736e2f6f/element - {"using":"xpath","value":"(//button[contains(@id ,\"actionsToolbar-overflowButton\")])[1]"}
RESULT: {"using":"xpath","value":"(//button[contains(@id ,\"actionsToolbar-overflowButton\")])[1]"}
COMMAND: POST /session/0fb4450c6422fe69939d6824736e2f6f/element/f.852D346EF878C3E5FC3136AC53424AFF.d.87A2ECC125E8FE5D94671D5325EEECB4.e.27110/click - {}
RESULT: {}
COMMAND: GET /session/0fb4450c6422fe69939d6824736e2f6f/screenshot - {}
RESULT: {}
COMMAND: POST /session/0fb4450c6422fe69939d6824736e2f6f/element - {"using":"xpath","value":"//button[@data-kt=\"priceInfoButton\"]"}
RESULT: {"using":"xpath","value":"//button[@data-kt=\"priceInfoButton\"]"}
COMMAND: POST /session/0fb4450c6422fe69939d6824736e2f6f/element/f.852D346EF878C3E5FC3136AC53424AFF.d.87A2ECC125E8FE5D94671D5325EEECB4.e.27112/click - {}
RESULT: {}
COMMAND: GET /session/0fb4450c6422fe69939d6824736e2f6f/screenshot - {}
RESULT: {}
COMMAND: POST /session/0fb4450c6422fe69939d6824736e2f6f/element - {"using":"css selector","value":"#shell-header-logo"}
RESULT: {"using":"css selector","value":"#shell-header-logo"}
COMMAND: POST /session/0fb4450c6422fe69939d6824736e2f6f/element/f.852D346EF878C3E5FC3136AC53424AFF.d.87A2ECC125E8FE5D94671D5325EEECB4.e.26484/click - {}
RESULT: {}
COMMAND: GET /session/0fb4450c6422fe69939d6824736e2f6f/screenshot - {}
RESULT: {}
]]></system-out>
    </testcase>
    <testcase classname="chrome.136_0_7103_93.windows.Transfer_Yard_to_Yard_US131076" name="Prereq Should create a new equipment multipart" time="114.951">
      <system-out><![CDATA[
RESULT: undefined
COMMAND: POST /session/0fb4450c6422fe69939d6824736e2f6f/element - {"using":"xpath","value":"//*[@id=\"__tile31\"]"}
RESULT: {"using":"xpath","value":"//*[@id=\"__tile31\"]"}
COMMAND: POST /session/0fb4450c6422fe69939d6824736e2f6f/element/f.852D346EF878C3E5FC3136AC53424AFF.d.87A2ECC125E8FE5D94671D5325EEECB4.e.25625/click - {}
RESULT: {}
COMMAND: GET /session/0fb4450c6422fe69939d6824736e2f6f/screenshot - {}
RESULT: {}
COMMAND: POST /session/0fb4450c6422fe69939d6824736e2f6f/elements - {"using":"xpath","value":"//span[text()='Error']"}
RESULT: {"using":"xpath","value":"//span[text()='Error']"}
COMMAND: POST /session/0fb4450c6422fe69939d6824736e2f6f/element - {"using":"xpath","value":"//button[@data-kt=\"addNewRUOverflowToolbarButton\"]"}
RESULT: {"using":"xpath","value":"//button[@data-kt=\"addNewRUOverflowToolbarButton\"]"}
COMMAND: POST /session/0fb4450c6422fe69939d6824736e2f6f/elements - {"using":"xpath","value":"//button[@data-kt=\"addNewRUOverflowToolbarButton\"]"}
RESULT: {"using":"xpath","value":"//button[@data-kt=\"addNewRUOverflowToolbarButton\"]"}
COMMAND: POST /session/0fb4450c6422fe69939d6824736e2f6f/execute/sync - {"script":"<script> [8489 bytes]","args":[{"element-6066-11e4-a52e-4f735466cecf":"f.852D346EF878C3E5FC3136AC53424AFF.d.87A2ECC125E8FE5D94671D5325EEECB4.e.27147","ELEMENT":"f.852D346EF878C3E5FC3136AC53424AFF.d.87A2ECC125E8FE5D94671D5325EEECB4.e.27147"}]}
RESULT: {"script":"<script> [8489 bytes]","args":[{"element-6066-11e4-a52e-4f735466cecf":"f.852D346EF878C3E5FC3136AC53424AFF.d.87A2ECC125E8FE5D94671D5325EEECB4.e.27147","ELEMENT":"f.852D346EF878C3E5FC3136AC53424AFF.d.87A2ECC125E8FE5D94671D5325EEECB4.e.27147"}]}
COMMAND: GET /session/0fb4450c6422fe69939d6824736e2f6f/element/f.852D346EF878C3E5FC3136AC53424AFF.d.87A2ECC125E8FE5D94671D5325EEECB4.e.27147/enabled - {}
COMMAND: GET /session/0fb4450c6422fe69939d6824736e2f6f/screenshot - {}
RESULT: {}
COMMAND: POST /session/0fb4450c6422fe69939d6824736e2f6f/execute/sync - {"script":"<script> [8489 bytes]","args":[{"element-6066-11e4-a52e-4f735466cecf":"f.852D346EF878C3E5FC3136AC53424AFF.d.87A2ECC125E8FE5D94671D5325EEECB4.e.27147","ELEMENT":"f.852D346EF878C3E5FC3136AC53424AFF.d.87A2ECC125E8FE5D94671D5325EEECB4.e.27147"}]}
COMMAND: GET /session/0fb4450c6422fe69939d6824736e2f6f/screenshot - {}
RESULT: {}
RESULT: {"script":"<script> [8489 bytes]","args":[{"element-6066-11e4-a52e-4f735466cecf":"f.852D346EF878C3E5FC3136AC53424AFF.d.87A2ECC125E8FE5D94671D5325EEECB4.e.27147","ELEMENT":"f.852D346EF878C3E5FC3136AC53424AFF.d.87A2ECC125E8FE5D94671D5325EEECB4.e.27147"}]}
COMMAND: POST /session/0fb4450c6422fe69939d6824736e2f6f/execute/sync - {"script":"<script> [5351 bytes]","args":[{"element-6066-11e4-a52e-4f735466cecf":"f.852D346EF878C3E5FC3136AC53424AFF.d.87A2ECC125E8FE5D94671D5325EEECB4.e.27147","ELEMENT":"f.852D346EF878C3E5FC3136AC53424AFF.d.87A2ECC125E8FE5D94671D5325EEECB4.e.27147"}]}
COMMAND: GET /session/0fb4450c6422fe69939d6824736e2f6f/screenshot - {}
RESULT: {}
RESULT: {"script":"<script> [5351 bytes]","args":[{"element-6066-11e4-a52e-4f735466cecf":"f.852D346EF878C3E5FC3136AC53424AFF.d.87A2ECC125E8FE5D94671D5325EEECB4.e.27147","ELEMENT":"f.852D346EF878C3E5FC3136AC53424AFF.d.87A2ECC125E8FE5D94671D5325EEECB4.e.27147"}]}
COMMAND: POST /session/0fb4450c6422fe69939d6824736e2f6f/element/f.852D346EF878C3E5FC3136AC53424AFF.d.87A2ECC125E8FE5D94671D5325EEECB4.e.27147/click - {}
RESULT: {}
COMMAND: GET /session/0fb4450c6422fe69939d6824736e2f6f/screenshot - {}
RESULT: {}
COMMAND: GET /session/0fb4450c6422fe69939d6824736e2f6f/screenshot - {}
RESULT: {}
RESULT: undefined
COMMAND: POST /session/0fb4450c6422fe69939d6824736e2f6f/element - {"using":"xpath","value":"//*[@id=\"application-manageresources-display-component---newResourceUnit--TYPE-arrow\"]"}
RESULT: {}
RESULT: {"using":"xpath","value":"//*[@id=\"application-manageresources-display-component---newResourceUnit--TYPE-arrow\"]"}
COMMAND: POST /session/0fb4450c6422fe69939d6824736e2f6f/element/f.852D346EF878C3E5FC3136AC53424AFF.d.87A2ECC125E8FE5D94671D5325EEECB4.e.27511/click - {}
RESULT: {}
COMMAND: POST /session/0fb4450c6422fe69939d6824736e2f6f/element - {"using":"xpath","value":"//input[@id=\"application-manageresources-display-component---newResourceUnit--TYPE-inner\"]"}
COMMAND: GET /session/0fb4450c6422fe69939d6824736e2f6f/screenshot - {}
RESULT: {"using":"xpath","value":"//input[@id=\"application-manageresources-display-component---newResourceUnit--TYPE-inner\"]"}
COMMAND: POST /session/0fb4450c6422fe69939d6824736e2f6f/element/f.852D346EF878C3E5FC3136AC53424AFF.d.87A2ECC125E8FE5D94671D5325EEECB4.e.27495/clear - {}
RESULT: {}
RESULT: {}
COMMAND: POST /session/0fb4450c6422fe69939d6824736e2f6f/element/f.852D346EF878C3E5FC3136AC53424AFF.d.87A2ECC125E8FE5D94671D5325EEECB4.e.27495/value - {"text":"Equi Multipart"}
COMMAND: GET /session/0fb4450c6422fe69939d6824736e2f6f/screenshot - {}
RESULT: {"text":"Equi Multipart"}
COMMAND: GET /session/0fb4450c6422fe69939d6824736e2f6f/screenshot - {}
RESULT: {}
RESULT: {}
COMMAND: POST /session/0fb4450c6422fe69939d6824736e2f6f/actions - {"actions":[{"id":"action88","type":"key","parameters":{},"actions":[{"type":"keyDown","value":"î€‡"},{"type":"pause","duration":10},{"type":"keyUp","value":"î€‡"}]}]}
RESULT: {"actions":[{"id":"action88","type":"key","parameters":{},"actions":[{"type":"keyDown","value":"î€‡"},{"type":"pause","duration":10},{"type":"keyUp","value":"î€‡"}]}]}
RESULT: undefined
COMMAND: POST /session/0fb4450c6422fe69939d6824736e2f6f/execute/async - {"script":"<script> [776 bytes]","args":[{"enterText":"Equipment Multipart WDIO","selector":{"id":"application-manageresources-display-component---newResourceUnit--SHORT_TEXT","interaction":{"idSuffix":"inner"}},"clearTextFirst":true,"interactionType":"ENTER_TEXT"}]}
COMMAND: GET /session/0fb4450c6422fe69939d6824736e2f6f/screenshot - {}
RESULT: {"script":"<script> [776 bytes]","args":[{"enterText":"Equipment Multipart WDIO","selector":{"id":"application-manageresources-display-component---newResourceUnit--SHORT_TEXT","interaction":{"idSuffix":"inner"}},"clearTextFirst":true,"interactionType":"ENTER_TEXT"}]}
RESULT: undefined
COMMAND: POST /session/0fb4450c6422fe69939d6824736e2f6f/execute/async - {"script":"<script> [776 bytes]","args":[{"enterText":"Piece","selector":{"id":"application-manageresources-display-component---newResourceUnit--BASE_UNIT_OF_MEASURE","interaction":{"idSuffix":"inner"}},"clearTextFirst":true,"interactionType":"ENTER_TEXT"}]}
RESULT: {}
RESULT: {"script":"<script> [776 bytes]","args":[{"enterText":"Piece","selector":{"id":"application-manageresources-display-component---newResourceUnit--BASE_UNIT_OF_MEASURE","interaction":{"idSuffix":"inner"}},"clearTextFirst":true,"interactionType":"ENTER_TEXT"}]}
RESULT: undefined
COMMAND: POST /session/0fb4450c6422fe69939d6824736e2f6f/execute/async - {"script":"<script> [776 bytes]","args":[{"enterText":"Gram","selector":{"id":"application-manageresources-display-component---newResourceUnit--WEIGHT_UNIT","interaction":{"idSuffix":"inner"}},"clearTextFirst":true,"interactionType":"ENTER_TEXT"}]}
RESULT: {"script":"<script> [776 bytes]","args":[{"enterText":"Gram","selector":{"id":"application-manageresources-display-component---newResourceUnit--WEIGHT_UNIT","interaction":{"idSuffix":"inner"}},"clearTextFirst":true,"interactionType":"ENTER_TEXT"}]}
RESULT: undefined
COMMAND: POST /session/0fb4450c6422fe69939d6824736e2f6f/execute/async - {"script":"<script> [776 bytes]","args":[{"enterText":"Meter","selector":{"id":"application-manageresources-display-component---newResourceUnit--DIMENSION_UNIT","interaction":{"idSuffix":"inner"}},"clearTextFirst":true,"interactionType":"ENTER_TEXT"}]}
RESULT: {"script":"<script> [776 bytes]","args":[{"enterText":"Meter","selector":{"id":"application-manageresources-display-component---newResourceUnit--DIMENSION_UNIT","interaction":{"idSuffix":"inner"}},"clearTextFirst":true,"interactionType":"ENTER_TEXT"}]}
RESULT: undefined
COMMAND: POST /session/0fb4450c6422fe69939d6824736e2f6f/element - {"using":"xpath","value":"//*[@id=\"application-manageresources-display-component---newResourceUnit--newRRUPage-anchBar-application-manageresources-display-component---newResourceUnit--control-anchor\"]"}
RESULT: {"using":"xpath","value":"//*[@id=\"application-manageresources-display-component---newResourceUnit--newRRUPage-anchBar-application-manageresources-display-component---newResourceUnit--control-anchor\"]"}
COMMAND: POST /session/0fb4450c6422fe69939d6824736e2f6f/element/f.852D346EF878C3E5FC3136AC53424AFF.d.87A2ECC125E8FE5D94671D5325EEECB4.e.27574/click - {}
RESULT: {}
RESULT: undefined
COMMAND: POST /session/0fb4450c6422fe69939d6824736e2f6f/execute/async - {"script":"<script> [776 bytes]","args":[{"enterText":"Heavy Equi","selector":{"id":"application-manageresources-display-component---newResourceUnit--PLANNING_GROUP","interaction":{"idSuffix":"inner"}},"clearTextFirst":true,"interactionType":"ENTER_TEXT"}]}
COMMAND: GET /session/0fb4450c6422fe69939d6824736e2f6f/screenshot - {}
RESULT: {"script":"<script> [776 bytes]","args":[{"enterText":"Heavy Equi","selector":{"id":"application-manageresources-display-component---newResourceUnit--PLANNING_GROUP","interaction":{"idSuffix":"inner"}},"clearTextFirst":true,"interactionType":"ENTER_TEXT"}]}
RESULT: {}
COMMAND: POST /session/0fb4450c6422fe69939d6824736e2f6f/execute/async - {"script":"<script> [1562 bytes]","args":[{"selector":{"id":"application-manageresources-display-component---newResourceUnit--PLANNING_INDICATOR","interaction":{"idSuffix":"inner"}},"wdio_ui5_key":"applicationmanageresources-display-component---newResourceUnit--PLANNING_INDICATOR"}]}
RESULT: {"script":"<script> [1562 bytes]","args":[{"selector":{"id":"application-manageresources-display-component---newResourceUnit--PLANNING_INDICATOR","interaction":{"idSuffix":"inner"}},"wdio_ui5_key":"applicationmanageresources-display-component---newResourceUnit--PLANNING_INDICATOR"}]}
RESULT: undefined
COMMAND: POST /session/0fb4450c6422fe69939d6824736e2f6f/execute/async - {"script":"<script> [776 bytes]","args":[{"enterText":"10 - infinite","selector":{"id":"application-manageresources-display-component---newResourceUnit--PLANNING_INDICATOR","interaction":{"idSuffix":"inner"}},"clearTextFirst":true,"interactionType":"ENTER_TEXT"}]}
RESULT: {"script":"<script> [776 bytes]","args":[{"enterText":"10 - infinite","selector":{"id":"application-manageresources-display-component---newResourceUnit--PLANNING_INDICATOR","interaction":{"idSuffix":"inner"}},"clearTextFirst":true,"interactionType":"ENTER_TEXT"}]}
RESULT: undefined
COMMAND: POST /session/0fb4450c6422fe69939d6824736e2f6f/element - {"using":"xpath","value":"//*[@id=\"application-manageresources-display-component---newResourceUnit--ITEM_TYPE-arrow\"]"}
RESULT: {"using":"xpath","value":"//*[@id=\"application-manageresources-display-component---newResourceUnit--ITEM_TYPE-arrow\"]"}
COMMAND: POST /session/0fb4450c6422fe69939d6824736e2f6f/element/f.852D346EF878C3E5FC3136AC53424AFF.d.87A2ECC125E8FE5D94671D5325EEECB4.e.27583/click - {}
RESULT: {}
COMMAND: GET /session/0fb4450c6422fe69939d6824736e2f6f/screenshot - {}
RESULT: {}
COMMAND: POST /session/0fb4450c6422fe69939d6824736e2f6f/execute/async - {"script":"<script> [1562 bytes]","args":[{"selector":{"controlType":"sap.m.StandardListItem","viewName":"reusables.view.manageresources.NewResourceUnit","viewId":"application-manageresources-display-component---newResourceUnit","properties":{"title":"Pool Equipment"},"searchOpenDialogs":true,"interaction":{"idSuffix":"content"}},"wdio_ui5_key":"reusablesview.manageresources.NewResourceUnitsap.m.StandardListItem{\"title\":\"Pool Equipment\"}"}]}
RESULT: {"script":"<script> [1562 bytes]","args":[{"selector":{"controlType":"sap.m.StandardListItem","viewName":"reusables.view.manageresources.NewResourceUnit","viewId":"application-manageresources-display-component---newResourceUnit","properties":{"title":"Pool Equipment"},"searchOpenDialogs":true,"interaction":{"idSuffix":"content"}},"wdio_ui5_key":"reusablesview.manageresources.NewResourceUnitsap.m.StandardListItem{\"title\":\"Pool Equipment\"}"}]}
RESULT: undefined
COMMAND: POST /session/0fb4450c6422fe69939d6824736e2f6f/element - {"using":"xpath","value":"//*[@id=\"__item1255\"]"}
RESULT: {"using":"xpath","value":"//*[@id=\"__item1255\"]"}
COMMAND: POST /session/0fb4450c6422fe69939d6824736e2f6f/element/f.852D346EF878C3E5FC3136AC53424AFF.d.87A2ECC125E8FE5D94671D5325EEECB4.e.27585/click - {}
RESULT: {}
COMMAND: GET /session/0fb4450c6422fe69939d6824736e2f6f/screenshot - {}
RESULT: {}
COMMAND: POST /session/0fb4450c6422fe69939d6824736e2f6f/element - {"using":"css selector","value":"#application-manageresources-display-component---newResourceUnit--btnAddTimeSegment"}
RESULT: {"using":"css selector","value":"#application-manageresources-display-component---newResourceUnit--btnAddTimeSegment"}
COMMAND: GET /session/0fb4450c6422fe69939d6824736e2f6f/element/f.852D346EF878C3E5FC3136AC53424AFF.d.87A2ECC125E8FE5D94671D5325EEECB4.e.27586/rect - {}
RESULT: {}
COMMAND: GET /session/0fb4450c6422fe69939d6824736e2f6f/window/rect - {}
RESULT: {}
COMMAND: POST /session/0fb4450c6422fe69939d6824736e2f6f/execute/sync - {"script":"<script> [92 bytes]","args":[]}
RESULT: {"script":"<script> [92 bytes]","args":[]}
COMMAND: POST /session/0fb4450c6422fe69939d6824736e2f6f/actions - {"actions":[{"id":"action89","type":"wheel","parameters":{},"actions":[{"type":"scroll","x":-1888,"y":-32,"deltaX":0,"deltaY":0,"duration":0,"origin":{"element-6066-11e4-a52e-4f735466cecf":"f.852D346EF878C3E5FC3136AC53424AFF.d.87A2ECC125E8FE5D94671D5325EEECB4.e.27586"}}]}]}
COMMAND: GET /session/0fb4450c6422fe69939d6824736e2f6f/screenshot - {}
RESULT: {}
COMMAND: POST /session/0fb4450c6422fe69939d6824736e2f6f/execute/sync - {"script":"<script> [79 bytes]","args":[{"element-6066-11e4-a52e-4f735466cecf":"f.852D346EF878C3E5FC3136AC53424AFF.d.87A2ECC125E8FE5D94671D5325EEECB4.e.27586","ELEMENT":"f.852D346EF878C3E5FC3136AC53424AFF.d.87A2ECC125E8FE5D94671D5325EEECB4.e.27586"},{"block":"start","inline":"nearest"}]}
RESULT: {"script":"<script> [79 bytes]","args":[{"element-6066-11e4-a52e-4f735466cecf":"f.852D346EF878C3E5FC3136AC53424AFF.d.87A2ECC125E8FE5D94671D5325EEECB4.e.27586","ELEMENT":"f.852D346EF878C3E5FC3136AC53424AFF.d.87A2ECC125E8FE5D94671D5325EEECB4.e.27586"},{"block":"start","inline":"nearest"}]}
RESULT: undefined
COMMAND: POST /session/0fb4450c6422fe69939d6824736e2f6f/element - {"using":"xpath","value":"//*[@id=\"application-manageresources-display-component---newResourceUnit--btnAddTimeSegment\"]"}
COMMAND: GET /session/0fb4450c6422fe69939d6824736e2f6f/screenshot - {}
RESULT: {"using":"xpath","value":"//*[@id=\"application-manageresources-display-component---newResourceUnit--btnAddTimeSegment\"]"}
COMMAND: POST /session/0fb4450c6422fe69939d6824736e2f6f/element/f.852D346EF878C3E5FC3136AC53424AFF.d.87A2ECC125E8FE5D94671D5325EEECB4.e.27586/click - {}
RESULT: {}
RESULT: {}
COMMAND: GET /session/0fb4450c6422fe69939d6824736e2f6f/screenshot - {}
RESULT: {}
COMMAND: POST /session/0fb4450c6422fe69939d6824736e2f6f/element - {"using":"xpath","value":"//input[@id=\"application-manageresources-display-component---newResourceUnit--idRuTSAdmin-application-manageresources-display-component---newResourceUnit--RUTimeSegment-0-inner\"]"}
RESULT: {"using":"xpath","value":"//input[@id=\"application-manageresources-display-component---newResourceUnit--idRuTSAdmin-application-manageresources-display-component---newResourceUnit--RUTimeSegment-0-inner\"]"}
COMMAND: POST /session/0fb4450c6422fe69939d6824736e2f6f/element/f.852D346EF878C3E5FC3136AC53424AFF.d.87A2ECC125E8FE5D94671D5325EEECB4.e.27591/clear - {}
RESULT: {}
COMMAND: POST /session/0fb4450c6422fe69939d6824736e2f6f/element/f.852D346EF878C3E5FC3136AC53424AFF.d.87A2ECC125E8FE5D94671D5325EEECB4.e.27591/value - {"text":"525"}
COMMAND: GET /session/0fb4450c6422fe69939d6824736e2f6f/screenshot - {}
RESULT: {"text":"525"}
COMMAND: GET /session/0fb4450c6422fe69939d6824736e2f6f/screenshot - {}
RESULT: {}
RESULT: {}
COMMAND: POST /session/0fb4450c6422fe69939d6824736e2f6f/element - {"using":"xpath","value":"//li[.//span[text()='525']]"}
RESULT: {"using":"xpath","value":"//li[.//span[text()='525']]"}
COMMAND: POST /session/0fb4450c6422fe69939d6824736e2f6f/element/f.852D346EF878C3E5FC3136AC53424AFF.d.87A2ECC125E8FE5D94671D5325EEECB4.e.27604/click - {}
RESULT: {}
COMMAND: GET /session/0fb4450c6422fe69939d6824736e2f6f/screenshot - {}
RESULT: {}
COMMAND: POST /session/0fb4450c6422fe69939d6824736e2f6f/element - {"using":"xpath","value":"(//span[contains(@id, \"-application-manageresources-display-component---newResourceUnit--RUTimeSegment-0-arrow\")])[5]"}
RESULT: {"using":"xpath","value":"(//span[contains(@id, \"-application-manageresources-display-component---newResourceUnit--RUTimeSegment-0-arrow\")])[5]"}
COMMAND: POST /session/0fb4450c6422fe69939d6824736e2f6f/element/f.852D346EF878C3E5FC3136AC53424AFF.d.87A2ECC125E8FE5D94671D5325EEECB4.e.27605/click - {}
RESULT: {}
COMMAND: GET /session/0fb4450c6422fe69939d6824736e2f6f/screenshot - {}
RESULT: {}
COMMAND: POST /session/0fb4450c6422fe69939d6824736e2f6f/element - {"using":"xpath","value":"//span[contains(text(), \"PM Order\")]"}
RESULT: {"using":"xpath","value":"//span[contains(text(), \"PM Order\")]"}
COMMAND: POST /session/0fb4450c6422fe69939d6824736e2f6f/element/f.852D346EF878C3E5FC3136AC53424AFF.d.87A2ECC125E8FE5D94671D5325EEECB4.e.27606/click - {}
RESULT: {}
COMMAND: GET /session/0fb4450c6422fe69939d6824736e2f6f/screenshot - {}
RESULT: {}
COMMAND: POST /session/0fb4450c6422fe69939d6824736e2f6f/element - {"using":"xpath","value":"(//span[contains(@id ,\"manageresources-display-component---newResourceUnit--RUTimeSegment-0-vhi\")])[1]"}
RESULT: {"using":"xpath","value":"(//span[contains(@id ,\"manageresources-display-component---newResourceUnit--RUTimeSegment-0-vhi\")])[1]"}
COMMAND: GET /session/0fb4450c6422fe69939d6824736e2f6f/element/f.852D346EF878C3E5FC3136AC53424AFF.d.87A2ECC125E8FE5D94671D5325EEECB4.e.27610/rect - {}
RESULT: {}
COMMAND: GET /session/0fb4450c6422fe69939d6824736e2f6f/window/rect - {}
RESULT: {}
COMMAND: POST /session/0fb4450c6422fe69939d6824736e2f6f/execute/sync - {"script":"<script> [92 bytes]","args":[]}
RESULT: {"script":"<script> [92 bytes]","args":[]}
COMMAND: POST /session/0fb4450c6422fe69939d6824736e2f6f/actions - {"actions":[{"id":"action90","type":"wheel","parameters":{},"actions":[{"type":"scroll","x":-1888,"y":-24,"deltaX":0,"deltaY":0,"duration":0,"origin":{"element-6066-11e4-a52e-4f735466cecf":"f.852D346EF878C3E5FC3136AC53424AFF.d.87A2ECC125E8FE5D94671D5325EEECB4.e.27610"}}]}]}
COMMAND: GET /session/0fb4450c6422fe69939d6824736e2f6f/screenshot - {}
RESULT: {}
COMMAND: POST /session/0fb4450c6422fe69939d6824736e2f6f/execute/sync - {"script":"<script> [79 bytes]","args":[{"element-6066-11e4-a52e-4f735466cecf":"f.852D346EF878C3E5FC3136AC53424AFF.d.87A2ECC125E8FE5D94671D5325EEECB4.e.27610","ELEMENT":"f.852D346EF878C3E5FC3136AC53424AFF.d.87A2ECC125E8FE5D94671D5325EEECB4.e.27610"},{"block":"start","inline":"nearest"}]}
RESULT: {"script":"<script> [79 bytes]","args":[{"element-6066-11e4-a52e-4f735466cecf":"f.852D346EF878C3E5FC3136AC53424AFF.d.87A2ECC125E8FE5D94671D5325EEECB4.e.27610","ELEMENT":"f.852D346EF878C3E5FC3136AC53424AFF.d.87A2ECC125E8FE5D94671D5325EEECB4.e.27610"},{"block":"start","inline":"nearest"}]}
COMMAND: GET /session/0fb4450c6422fe69939d6824736e2f6f/screenshot - {}
RESULT: {}
COMMAND: POST /session/0fb4450c6422fe69939d6824736e2f6f/element/f.852D346EF878C3E5FC3136AC53424AFF.d.87A2ECC125E8FE5D94671D5325EEECB4.e.27610/click - {}
RESULT: {}
COMMAND: GET /session/0fb4450c6422fe69939d6824736e2f6f/screenshot - {}
RESULT: {}
RESULT: undefined
COMMAND: POST /session/0fb4450c6422fe69939d6824736e2f6f/execute/async - {"script":"<script> [776 bytes]","args":[{"enterText":"4000360","selector":{"controlType":"sap.m.SearchField","properties":{"placeholder":"Search"},"searchOpenDialogs":true,"interaction":{"idSuffix":"I"}},"clearTextFirst":true,"interactionType":"ENTER_TEXT"}]}
RESULT: {"script":"<script> [776 bytes]","args":[{"enterText":"4000360","selector":{"controlType":"sap.m.SearchField","properties":{"placeholder":"Search"},"searchOpenDialogs":true,"interaction":{"idSuffix":"I"}},"clearTextFirst":true,"interactionType":"ENTER_TEXT"}]}
COMMAND: POST /session/0fb4450c6422fe69939d6824736e2f6f/actions - {"actions":[{"id":"action91","type":"key","parameters":{},"actions":[{"type":"keyDown","value":"î€‡"},{"type":"pause","duration":10},{"type":"keyUp","value":"î€‡"}]}]}
RESULT: {"actions":[{"id":"action91","type":"key","parameters":{},"actions":[{"type":"keyDown","value":"î€‡"},{"type":"pause","duration":10},{"type":"keyUp","value":"î€‡"}]}]}
COMMAND: GET /session/0fb4450c6422fe69939d6824736e2f6f/screenshot - {}
RESULT: {}
COMMAND: POST /session/0fb4450c6422fe69939d6824736e2f6f/element - {"using":"xpath","value":"//td/div/span[contains(text(), \"BGL Vehicles\")]"}
RESULT: {"using":"xpath","value":"//td/div/span[contains(text(), \"BGL Vehicles\")]"}
COMMAND: POST /session/0fb4450c6422fe69939d6824736e2f6f/element/f.852D346EF878C3E5FC3136AC53424AFF.d.87A2ECC125E8FE5D94671D5325EEECB4.e.27629/click - {}
RESULT: {}
COMMAND: GET /session/0fb4450c6422fe69939d6824736e2f6f/screenshot - {}
RESULT: {}
COMMAND: POST /session/0fb4450c6422fe69939d6824736e2f6f/element - {"using":"xpath","value":"//bdi[contains(text(), \"OK\")]"}
RESULT: {"using":"xpath","value":"//bdi[contains(text(), \"OK\")]"}
COMMAND: POST /session/0fb4450c6422fe69939d6824736e2f6f/element/f.852D346EF878C3E5FC3136AC53424AFF.d.87A2ECC125E8FE5D94671D5325EEECB4.e.27630/click - {}
RESULT: {}
COMMAND: GET /session/0fb4450c6422fe69939d6824736e2f6f/screenshot - {}
RESULT: {}
COMMAND: POST /session/0fb4450c6422fe69939d6824736e2f6f/element - {"using":"xpath","value":"//label[contains(@class, 'sapMLabelRequired') and .//bdi[contains(text(), 'Planned Retirement')]]"}
RESULT: {"using":"xpath","value":"//label[contains(@class, 'sapMLabelRequired') and .//bdi[contains(text(), 'Planned Retirement')]]"}
COMMAND: POST /session/0fb4450c6422fe69939d6824736e2f6f/elements - {"using":"xpath","value":"//label[contains(@class, 'sapMLabelRequired') and .//bdi[contains(text(), 'Planned Retirement')]]"}
RESULT: {"using":"xpath","value":"//label[contains(@class, 'sapMLabelRequired') and .//bdi[contains(text(), 'Planned Retirement')]]"}
COMMAND: POST /session/0fb4450c6422fe69939d6824736e2f6f/element - {"using":"xpath","value":"//button[@data-kt=\"resourceUnitSaveButton\"]"}
RESULT: {"using":"xpath","value":"//button[@data-kt=\"resourceUnitSaveButton\"]"}
COMMAND: POST /session/0fb4450c6422fe69939d6824736e2f6f/element/f.852D346EF878C3E5FC3136AC53424AFF.d.87A2ECC125E8FE5D94671D5325EEECB4.e.27528/click - {}
RESULT: {}
COMMAND: GET /session/0fb4450c6422fe69939d6824736e2f6f/screenshot - {}
RESULT: {}
COMMAND: POST /session/0fb4450c6422fe69939d6824736e2f6f/element - {"using":"xpath","value":"//bdi[contains(text(), \"Close\")]"}
RESULT: {"using":"xpath","value":"//bdi[contains(text(), \"Close\")]"}
COMMAND: POST /session/0fb4450c6422fe69939d6824736e2f6f/element/f.852D346EF878C3E5FC3136AC53424AFF.d.87A2ECC125E8FE5D94671D5325EEECB4.e.27636/click - {}
RESULT: {}
COMMAND: GET /session/0fb4450c6422fe69939d6824736e2f6f/screenshot - {}
RESULT: {}
COMMAND: POST /session/0fb4450c6422fe69939d6824736e2f6f/element - {"using":"xpath","value":"//header[contains(@id, 'detailRruPage-headerTitle')]/div[1]/div[2]/div[2]/span[1]"}
RESULT: {"using":"xpath","value":"//header[contains(@id, 'detailRruPage-headerTitle')]/div[1]/div[2]/div[2]/span[1]"}
COMMAND: POST /session/0fb4450c6422fe69939d6824736e2f6f/elements - {"using":"xpath","value":"//header[contains(@id, 'detailRruPage-headerTitle')]/div[1]/div[2]/div[2]/span[1]"}
RESULT: {"using":"xpath","value":"//header[contains(@id, 'detailRruPage-headerTitle')]/div[1]/div[2]/div[2]/span[1]"}
COMMAND: POST /session/0fb4450c6422fe69939d6824736e2f6f/execute/sync - {"script":"<script> [56 bytes]","args":[{"element-6066-11e4-a52e-4f735466cecf":"f.852D346EF878C3E5FC3136AC53424AFF.d.87A2ECC125E8FE5D94671D5325EEECB4.e.27663","ELEMENT":"f.852D346EF878C3E5FC3136AC53424AFF.d.87A2ECC125E8FE5D94671D5325EEECB4.e.27663"}]}
RESULT: {"script":"<script> [56 bytes]","args":[{"element-6066-11e4-a52e-4f735466cecf":"f.852D346EF878C3E5FC3136AC53424AFF.d.87A2ECC125E8FE5D94671D5325EEECB4.e.27663","ELEMENT":"f.852D346EF878C3E5FC3136AC53424AFF.d.87A2ECC125E8FE5D94671D5325EEECB4.e.27663"}]}
COMMAND: POST /session/0fb4450c6422fe69939d6824736e2f6f/element - {"using":"css selector","value":"#shell-header-logo"}
COMMAND: GET /session/0fb4450c6422fe69939d6824736e2f6f/screenshot - {}
RESULT: {"using":"css selector","value":"#shell-header-logo"}
COMMAND: POST /session/0fb4450c6422fe69939d6824736e2f6f/element/f.852D346EF878C3E5FC3136AC53424AFF.d.87A2ECC125E8FE5D94671D5325EEECB4.e.27117/click - {}
RESULT: {}
RESULT: {}
COMMAND: GET /session/0fb4450c6422fe69939d6824736e2f6f/screenshot - {}
RESULT: {}
]]></system-out>
    </testcase>
    <testcase classname="chrome.136_0_7103_93.windows.Transfer_Yard_to_Yard_US131076" name="Should do a stock increase handover for equipment" time="83.157">
      <system-out><![CDATA[
COMMAND: POST /session/0fb4450c6422fe69939d6824736e2f6f/execute/async - {"script":"<script> [1562 bytes]","args":[{"selector":{"controlType":"sap.m.GenericTile","properties":{"header":"Manage Handovers"}},"wdio_ui5_key":"sapm.GenericTile{\"header\":\"Manage Handovers\"}"}]}
RESULT: {"script":"<script> [1562 bytes]","args":[{"selector":{"controlType":"sap.m.GenericTile","properties":{"header":"Manage Handovers"}},"wdio_ui5_key":"sapm.GenericTile{\"header\":\"Manage Handovers\"}"}]}
RESULT: undefined
COMMAND: POST /session/0fb4450c6422fe69939d6824736e2f6f/element - {"using":"xpath","value":"//*[@id=\"__tile132\"]"}
RESULT: {"using":"xpath","value":"//*[@id=\"__tile132\"]"}
COMMAND: POST /session/0fb4450c6422fe69939d6824736e2f6f/element/f.852D346EF878C3E5FC3136AC53424AFF.d.87A2ECC125E8FE5D94671D5325EEECB4.e.25651/click - {}
RESULT: {}
COMMAND: GET /session/0fb4450c6422fe69939d6824736e2f6f/screenshot - {}
RESULT: {}
COMMAND: POST /session/0fb4450c6422fe69939d6824736e2f6f/elements - {"using":"xpath","value":"//span[text()='Error']"}
RESULT: {"using":"xpath","value":"//span[text()='Error']"}
COMMAND: POST /session/0fb4450c6422fe69939d6824736e2f6f/element - {"using":"xpath","value":"//button[@data-kt=\"masterHOAddButton\"]"}
RESULT: {"using":"xpath","value":"//button[@data-kt=\"masterHOAddButton\"]"}
COMMAND: POST /session/0fb4450c6422fe69939d6824736e2f6f/elements - {"using":"xpath","value":"//button[@data-kt=\"masterHOAddButton\"]"}
RESULT: {"using":"xpath","value":"//button[@data-kt=\"masterHOAddButton\"]"}
COMMAND: POST /session/0fb4450c6422fe69939d6824736e2f6f/execute/sync - {"script":"<script> [8489 bytes]","args":[{"element-6066-11e4-a52e-4f735466cecf":"f.852D346EF878C3E5FC3136AC53424AFF.d.87A2ECC125E8FE5D94671D5325EEECB4.e.27705","ELEMENT":"f.852D346EF878C3E5FC3136AC53424AFF.d.87A2ECC125E8FE5D94671D5325EEECB4.e.27705"}]}
RESULT: {"script":"<script> [8489 bytes]","args":[{"element-6066-11e4-a52e-4f735466cecf":"f.852D346EF878C3E5FC3136AC53424AFF.d.87A2ECC125E8FE5D94671D5325EEECB4.e.27705","ELEMENT":"f.852D346EF878C3E5FC3136AC53424AFF.d.87A2ECC125E8FE5D94671D5325EEECB4.e.27705"}]}
COMMAND: GET /session/0fb4450c6422fe69939d6824736e2f6f/element/f.852D346EF878C3E5FC3136AC53424AFF.d.87A2ECC125E8FE5D94671D5325EEECB4.e.27705/enabled - {}
COMMAND: GET /session/0fb4450c6422fe69939d6824736e2f6f/screenshot - {}
RESULT: {}
COMMAND: POST /session/0fb4450c6422fe69939d6824736e2f6f/execute/sync - {"script":"<script> [8489 bytes]","args":[{"element-6066-11e4-a52e-4f735466cecf":"f.852D346EF878C3E5FC3136AC53424AFF.d.87A2ECC125E8FE5D94671D5325EEECB4.e.27705","ELEMENT":"f.852D346EF878C3E5FC3136AC53424AFF.d.87A2ECC125E8FE5D94671D5325EEECB4.e.27705"}]}
COMMAND: GET /session/0fb4450c6422fe69939d6824736e2f6f/screenshot - {}
RESULT: {}
RESULT: {"script":"<script> [8489 bytes]","args":[{"element-6066-11e4-a52e-4f735466cecf":"f.852D346EF878C3E5FC3136AC53424AFF.d.87A2ECC125E8FE5D94671D5325EEECB4.e.27705","ELEMENT":"f.852D346EF878C3E5FC3136AC53424AFF.d.87A2ECC125E8FE5D94671D5325EEECB4.e.27705"}]}
COMMAND: POST /session/0fb4450c6422fe69939d6824736e2f6f/execute/sync - {"script":"<script> [5351 bytes]","args":[{"element-6066-11e4-a52e-4f735466cecf":"f.852D346EF878C3E5FC3136AC53424AFF.d.87A2ECC125E8FE5D94671D5325EEECB4.e.27705","ELEMENT":"f.852D346EF878C3E5FC3136AC53424AFF.d.87A2ECC125E8FE5D94671D5325EEECB4.e.27705"}]}
COMMAND: GET /session/0fb4450c6422fe69939d6824736e2f6f/screenshot - {}
RESULT: {}
RESULT: {"script":"<script> [5351 bytes]","args":[{"element-6066-11e4-a52e-4f735466cecf":"f.852D346EF878C3E5FC3136AC53424AFF.d.87A2ECC125E8FE5D94671D5325EEECB4.e.27705","ELEMENT":"f.852D346EF878C3E5FC3136AC53424AFF.d.87A2ECC125E8FE5D94671D5325EEECB4.e.27705"}]}
COMMAND: POST /session/0fb4450c6422fe69939d6824736e2f6f/element/f.852D346EF878C3E5FC3136AC53424AFF.d.87A2ECC125E8FE5D94671D5325EEECB4.e.27705/click - {}
COMMAND: GET /session/0fb4450c6422fe69939d6824736e2f6f/screenshot - {}
RESULT: {}
RESULT: {}
COMMAND: GET /session/0fb4450c6422fe69939d6824736e2f6f/screenshot - {}
RESULT: {}
RESULT: {}
COMMAND: POST /session/0fb4450c6422fe69939d6824736e2f6f/element - {"using":"xpath","value":"//span[contains(@id ,\"AddNewHO--typeSelect-arrow\")]"}
RESULT: {"using":"xpath","value":"//span[contains(@id ,\"AddNewHO--typeSelect-arrow\")]"}
COMMAND: POST /session/0fb4450c6422fe69939d6824736e2f6f/element/f.852D346EF878C3E5FC3136AC53424AFF.d.87A2ECC125E8FE5D94671D5325EEECB4.e.28060/click - {}
RESULT: {}
COMMAND: GET /session/0fb4450c6422fe69939d6824736e2f6f/screenshot - {}
RESULT: {}
COMMAND: POST /session/0fb4450c6422fe69939d6824736e2f6f/element - {"using":"xpath","value":"(//li[contains(text(), \"stock increase yard\")])[1]"}
RESULT: {"using":"xpath","value":"(//li[contains(text(), \"stock increase yard\")])[1]"}
COMMAND: POST /session/0fb4450c6422fe69939d6824736e2f6f/element/f.852D346EF878C3E5FC3136AC53424AFF.d.87A2ECC125E8FE5D94671D5325EEECB4.e.28061/click - {}
RESULT: {}
COMMAND: GET /session/0fb4450c6422fe69939d6824736e2f6f/screenshot - {}
RESULT: {}
COMMAND: POST /session/0fb4450c6422fe69939d6824736e2f6f/execute/async - {"script":"<script> [1562 bytes]","args":[{"selector":{"id":"application-managehandovers-display-component---AddNewHO--dueDate","interaction":{"idSuffix":"inner"}},"wdio_ui5_key":"applicationmanagehandovers-display-component---AddNewHO--dueDate"}]}
RESULT: {"script":"<script> [1562 bytes]","args":[{"selector":{"id":"application-managehandovers-display-component---AddNewHO--dueDate","interaction":{"idSuffix":"inner"}},"wdio_ui5_key":"applicationmanagehandovers-display-component---AddNewHO--dueDate"}]}
RESULT: undefined
COMMAND: POST /session/0fb4450c6422fe69939d6824736e2f6f/execute/async - {"script":"<script> [6424 bytes]","args":[{"element-6066-11e4-a52e-4f735466cecf":"f.852D346EF878C3E5FC3136AC53424AFF.d.87A2ECC125E8FE5D94671D5325EEECB4.e.28063"},"setValue",["5/18/25"]]}
RESULT: {"script":"<script> [6424 bytes]","args":[{"element-6066-11e4-a52e-4f735466cecf":"f.852D346EF878C3E5FC3136AC53424AFF.d.87A2ECC125E8FE5D94671D5325EEECB4.e.28063"},"setValue",["5/18/25"]]}
COMMAND: POST /session/0fb4450c6422fe69939d6824736e2f6f/element - {"using":"xpath","value":"//input[@id=\"generalSectionFrg--receiveYard-inner\"]"}
RESULT: {"using":"xpath","value":"//input[@id=\"generalSectionFrg--receiveYard-inner\"]"}
COMMAND: POST /session/0fb4450c6422fe69939d6824736e2f6f/element/f.852D346EF878C3E5FC3136AC53424AFF.d.87A2ECC125E8FE5D94671D5325EEECB4.e.28067/clear - {}
RESULT: {}
COMMAND: POST /session/0fb4450c6422fe69939d6824736e2f6f/element/f.852D346EF878C3E5FC3136AC53424AFF.d.87A2ECC125E8FE5D94671D5325EEECB4.e.28067/value - {"text":"525"}
COMMAND: GET /session/0fb4450c6422fe69939d6824736e2f6f/screenshot - {}
RESULT: {"text":"525"}
COMMAND: GET /session/0fb4450c6422fe69939d6824736e2f6f/screenshot - {}
RESULT: {}
RESULT: {}
COMMAND: POST /session/0fb4450c6422fe69939d6824736e2f6f/element - {"using":"xpath","value":"//li[.//span[text()='525']]"}
RESULT: {"using":"xpath","value":"//li[.//span[text()='525']]"}
COMMAND: POST /session/0fb4450c6422fe69939d6824736e2f6f/element/f.852D346EF878C3E5FC3136AC53424AFF.d.87A2ECC125E8FE5D94671D5325EEECB4.e.28085/click - {}
RESULT: {}
COMMAND: GET /session/0fb4450c6422fe69939d6824736e2f6f/screenshot - {}
RESULT: {}
COMMAND: POST /session/0fb4450c6422fe69939d6824736e2f6f/execute/async - {"script":"<script> [1562 bytes]","args":[{"selector":{"id":"application-managehandovers-display-component---AddNewHO--ObjectPageLayout-anchBar-application-managehandovers-display-component---AddNewHO--section4-anchor","interaction":{"idSuffix":"BDI-content"}},"wdio_ui5_key":"applicationmanagehandovers-display-component---AddNewHO--ObjectPageLayout-anchBar-application-managehandovers-display-component---AddNewHO--section4-anchor"}]}
RESULT: {"script":"<script> [1562 bytes]","args":[{"selector":{"id":"application-managehandovers-display-component---AddNewHO--ObjectPageLayout-anchBar-application-managehandovers-display-component---AddNewHO--section4-anchor","interaction":{"idSuffix":"BDI-content"}},"wdio_ui5_key":"applicationmanagehandovers-display-component---AddNewHO--ObjectPageLayout-anchBar-application-managehandovers-display-component---AddNewHO--section4-anchor"}]}
RESULT: undefined
COMMAND: POST /session/0fb4450c6422fe69939d6824736e2f6f/element - {"using":"xpath","value":"//*[@id=\"application-managehandovers-display-component---AddNewHO--ObjectPageLayout-anchBar-application-managehandovers-display-component---AddNewHO--section4-anchor\"]"}
RESULT: {"using":"xpath","value":"//*[@id=\"application-managehandovers-display-component---AddNewHO--ObjectPageLayout-anchBar-application-managehandovers-display-component---AddNewHO--section4-anchor\"]"}
COMMAND: POST /session/0fb4450c6422fe69939d6824736e2f6f/element/f.852D346EF878C3E5FC3136AC53424AFF.d.87A2ECC125E8FE5D94671D5325EEECB4.e.28087/click - {}
RESULT: {}
COMMAND: POST /session/0fb4450c6422fe69939d6824736e2f6f/element - {"using":"xpath","value":"//button[@aria-label=\"Add\"]"}
COMMAND: GET /session/0fb4450c6422fe69939d6824736e2f6f/screenshot - {}
RESULT: {"using":"xpath","value":"//button[@aria-label=\"Add\"]"}
COMMAND: POST /session/0fb4450c6422fe69939d6824736e2f6f/element/f.852D346EF878C3E5FC3136AC53424AFF.d.87A2ECC125E8FE5D94671D5325EEECB4.e.28091/click - {}
RESULT: {}
RESULT: {}
COMMAND: GET /session/0fb4450c6422fe69939d6824736e2f6f/screenshot - {}
RESULT: {}
COMMAND: POST /session/0fb4450c6422fe69939d6824736e2f6f/execute/async - {"script":"<script> [1562 bytes]","args":[{"selector":{"id":"application-managehandovers-display-component---AddNewHO--smartFilterBar-btnBasicSearch","searchOpenDialogs":true,"interaction":{"idSuffix":"I"}},"wdio_ui5_key":"applicationmanagehandovers-display-component---AddNewHO--smartFilterBar-btnBasicSearch"}]}
RESULT: {"script":"<script> [1562 bytes]","args":[{"selector":{"id":"application-managehandovers-display-component---AddNewHO--smartFilterBar-btnBasicSearch","searchOpenDialogs":true,"interaction":{"idSuffix":"I"}},"wdio_ui5_key":"applicationmanagehandovers-display-component---AddNewHO--smartFilterBar-btnBasicSearch"}]}
RESULT: undefined
COMMAND: POST /session/0fb4450c6422fe69939d6824736e2f6f/execute/async - {"script":"<script> [776 bytes]","args":[{"enterText":"cC7PExfn5N","selector":{"id":"application-managehandovers-display-component---AddNewHO--smartFilterBar-btnBasicSearch","searchOpenDialogs":true,"interaction":{"idSuffix":"I"}},"clearTextFirst":true,"interactionType":"ENTER_TEXT"}]}
RESULT: {"script":"<script> [776 bytes]","args":[{"enterText":"cC7PExfn5N","selector":{"id":"application-managehandovers-display-component---AddNewHO--smartFilterBar-btnBasicSearch","searchOpenDialogs":true,"interaction":{"idSuffix":"I"}},"clearTextFirst":true,"interactionType":"ENTER_TEXT"}]}
COMMAND: POST /session/0fb4450c6422fe69939d6824736e2f6f/actions - {"actions":[{"id":"action92","type":"key","parameters":{},"actions":[{"type":"keyDown","value":"î€‡"},{"type":"pause","duration":10},{"type":"keyUp","value":"î€‡"}]}]}
RESULT: {"actions":[{"id":"action92","type":"key","parameters":{},"actions":[{"type":"keyDown","value":"î€‡"},{"type":"pause","duration":10},{"type":"keyUp","value":"î€‡"}]}]}
COMMAND: GET /session/0fb4450c6422fe69939d6824736e2f6f/screenshot - {}
RESULT: {}
COMMAND: POST /session/0fb4450c6422fe69939d6824736e2f6f/execute/async - {"script":"<script> [1562 bytes]","args":[{"selector":{"id":"application-managehandovers-display-component---AddNewHO--popup-sa","searchOpenDialogs":true,"interaction":{"idSuffix":"CbBg"}},"wdio_ui5_key":"applicationmanagehandovers-display-component---AddNewHO--popup-sa"}]}
RESULT: {"script":"<script> [1562 bytes]","args":[{"selector":{"id":"application-managehandovers-display-component---AddNewHO--popup-sa","searchOpenDialogs":true,"interaction":{"idSuffix":"CbBg"}},"wdio_ui5_key":"applicationmanagehandovers-display-component---AddNewHO--popup-sa"}]}
RESULT: undefined
COMMAND: POST /session/0fb4450c6422fe69939d6824736e2f6f/element - {"using":"xpath","value":"//*[@id=\"application-managehandovers-display-component---AddNewHO--popup-sa\"]"}
RESULT: {"using":"xpath","value":"//*[@id=\"application-managehandovers-display-component---AddNewHO--popup-sa\"]"}
COMMAND: POST /session/0fb4450c6422fe69939d6824736e2f6f/element/f.852D346EF878C3E5FC3136AC53424AFF.d.87A2ECC125E8FE5D94671D5325EEECB4.e.28242/click - {}
RESULT: {}
COMMAND: GET /session/0fb4450c6422fe69939d6824736e2f6f/screenshot - {}
RESULT: {}
COMMAND: POST /session/0fb4450c6422fe69939d6824736e2f6f/element - {"using":"xpath","value":"//bdi[contains(text(), \"Select\")]"}
RESULT: {"using":"xpath","value":"//bdi[contains(text(), \"Select\")]"}
COMMAND: POST /session/0fb4450c6422fe69939d6824736e2f6f/element/f.852D346EF878C3E5FC3136AC53424AFF.d.87A2ECC125E8FE5D94671D5325EEECB4.e.28243/click - {}
RESULT: {}
COMMAND: GET /session/0fb4450c6422fe69939d6824736e2f6f/screenshot - {}
RESULT: {}
COMMAND: POST /session/0fb4450c6422fe69939d6824736e2f6f/element - {"using":"xpath","value":"//button[@data-kt=\"AddNewHOSaveButton\"]"}
RESULT: {"using":"xpath","value":"//button[@data-kt=\"AddNewHOSaveButton\"]"}
COMMAND: POST /session/0fb4450c6422fe69939d6824736e2f6f/element/f.852D346EF878C3E5FC3136AC53424AFF.d.87A2ECC125E8FE5D94671D5325EEECB4.e.28247/click - {}
RESULT: {}
COMMAND: GET /session/0fb4450c6422fe69939d6824736e2f6f/screenshot - {}
RESULT: {}
COMMAND: POST /session/0fb4450c6422fe69939d6824736e2f6f/execute/async - {"script":"<script> [1562 bytes]","args":[{"selector":{"id":"receiptDatePicker","viewName":"etm.portal.ui.managehandovers.view.DetailExecuteHO","interaction":{"idSuffix":"inner"}},"wdio_ui5_key":"receiptDatePickeretmportal.ui.managehandovers.view.DetailExecuteHO"}]}
RESULT: {"script":"<script> [1562 bytes]","args":[{"selector":{"id":"receiptDatePicker","viewName":"etm.portal.ui.managehandovers.view.DetailExecuteHO","interaction":{"idSuffix":"inner"}},"wdio_ui5_key":"receiptDatePickeretmportal.ui.managehandovers.view.DetailExecuteHO"}]}
RESULT: undefined
COMMAND: POST /session/0fb4450c6422fe69939d6824736e2f6f/execute/async - {"script":"<script> [6424 bytes]","args":[{"element-6066-11e4-a52e-4f735466cecf":"f.852D346EF878C3E5FC3136AC53424AFF.d.87A2ECC125E8FE5D94671D5325EEECB4.e.28268"},"setValue",["5/18/25"]]}
RESULT: {"script":"<script> [6424 bytes]","args":[{"element-6066-11e4-a52e-4f735466cecf":"f.852D346EF878C3E5FC3136AC53424AFF.d.87A2ECC125E8FE5D94671D5325EEECB4.e.28268"},"setValue",["5/18/25"]]}
COMMAND: POST /session/0fb4450c6422fe69939d6824736e2f6f/element - {"using":"xpath","value":"//button[@data-kt=\"PickingTableConfirmAllButton\"]"}
RESULT: {"using":"xpath","value":"//button[@data-kt=\"PickingTableConfirmAllButton\"]"}
COMMAND: POST /session/0fb4450c6422fe69939d6824736e2f6f/element/f.852D346EF878C3E5FC3136AC53424AFF.d.87A2ECC125E8FE5D94671D5325EEECB4.e.28283/click - {}
RESULT: {}
COMMAND: GET /session/0fb4450c6422fe69939d6824736e2f6f/screenshot - {}
RESULT: {}
COMMAND: POST /session/0fb4450c6422fe69939d6824736e2f6f/element - {"using":"xpath","value":"//bdi[contains(text(), \"OK\")]"}
RESULT: {"using":"xpath","value":"//bdi[contains(text(), \"OK\")]"}
COMMAND: POST /session/0fb4450c6422fe69939d6824736e2f6f/element/f.852D346EF878C3E5FC3136AC53424AFF.d.87A2ECC125E8FE5D94671D5325EEECB4.e.28285/click - {}
RESULT: {}
COMMAND: GET /session/0fb4450c6422fe69939d6824736e2f6f/screenshot - {}
RESULT: {}
COMMAND: POST /session/0fb4450c6422fe69939d6824736e2f6f/element - {"using":"xpath","value":"(//bdi[contains(text(), \"Receive\")])[2]"}
RESULT: {"using":"xpath","value":"(//bdi[contains(text(), \"Receive\")])[2]"}
COMMAND: POST /session/0fb4450c6422fe69939d6824736e2f6f/element/f.852D346EF878C3E5FC3136AC53424AFF.d.87A2ECC125E8FE5D94671D5325EEECB4.e.28287/click - {}
RESULT: {}
COMMAND: GET /session/0fb4450c6422fe69939d6824736e2f6f/screenshot - {}
RESULT: {}
COMMAND: POST /session/0fb4450c6422fe69939d6824736e2f6f/element - {"using":"css selector","value":"#shell-header-logo"}
RESULT: {"using":"css selector","value":"#shell-header-logo"}
COMMAND: POST /session/0fb4450c6422fe69939d6824736e2f6f/element/f.852D346EF878C3E5FC3136AC53424AFF.d.87A2ECC125E8FE5D94671D5325EEECB4.e.27668/click - {}
RESULT: {}
COMMAND: GET /session/0fb4450c6422fe69939d6824736e2f6f/screenshot - {}
RESULT: {}
]]></system-out>
    </testcase>
    <testcase classname="chrome.136_0_7103_93.windows.Transfer_Yard_to_Yard_US131076" name="Should do a stock increase handover for equipment multipart" time="86.156">
      <system-out><![CDATA[
RESULT: undefined
COMMAND: POST /session/0fb4450c6422fe69939d6824736e2f6f/element - {"using":"xpath","value":"//*[@id=\"__tile132\"]"}
RESULT: {"using":"xpath","value":"//*[@id=\"__tile132\"]"}
COMMAND: POST /session/0fb4450c6422fe69939d6824736e2f6f/element/f.852D346EF878C3E5FC3136AC53424AFF.d.87A2ECC125E8FE5D94671D5325EEECB4.e.25651/click - {}
RESULT: {}
COMMAND: GET /session/0fb4450c6422fe69939d6824736e2f6f/screenshot - {}
RESULT: {}
COMMAND: POST /session/0fb4450c6422fe69939d6824736e2f6f/elements - {"using":"xpath","value":"//span[text()='Error']"}
RESULT: {"using":"xpath","value":"//span[text()='Error']"}
COMMAND: POST /session/0fb4450c6422fe69939d6824736e2f6f/element - {"using":"xpath","value":"//button[@data-kt=\"masterHOAddButton\"]"}
RESULT: {"using":"xpath","value":"//button[@data-kt=\"masterHOAddButton\"]"}
COMMAND: POST /session/0fb4450c6422fe69939d6824736e2f6f/elements - {"using":"xpath","value":"//button[@data-kt=\"masterHOAddButton\"]"}
RESULT: {"using":"xpath","value":"//button[@data-kt=\"masterHOAddButton\"]"}
COMMAND: POST /session/0fb4450c6422fe69939d6824736e2f6f/execute/sync - {"script":"<script> [8489 bytes]","args":[{"element-6066-11e4-a52e-4f735466cecf":"f.852D346EF878C3E5FC3136AC53424AFF.d.87A2ECC125E8FE5D94671D5325EEECB4.e.28488","ELEMENT":"f.852D346EF878C3E5FC3136AC53424AFF.d.87A2ECC125E8FE5D94671D5325EEECB4.e.28488"}]}
RESULT: {"script":"<script> [8489 bytes]","args":[{"element-6066-11e4-a52e-4f735466cecf":"f.852D346EF878C3E5FC3136AC53424AFF.d.87A2ECC125E8FE5D94671D5325EEECB4.e.28488","ELEMENT":"f.852D346EF878C3E5FC3136AC53424AFF.d.87A2ECC125E8FE5D94671D5325EEECB4.e.28488"}]}
COMMAND: GET /session/0fb4450c6422fe69939d6824736e2f6f/element/f.852D346EF878C3E5FC3136AC53424AFF.d.87A2ECC125E8FE5D94671D5325EEECB4.e.28488/enabled - {}
COMMAND: GET /session/0fb4450c6422fe69939d6824736e2f6f/screenshot - {}
RESULT: {}
COMMAND: POST /session/0fb4450c6422fe69939d6824736e2f6f/execute/sync - {"script":"<script> [8489 bytes]","args":[{"element-6066-11e4-a52e-4f735466cecf":"f.852D346EF878C3E5FC3136AC53424AFF.d.87A2ECC125E8FE5D94671D5325EEECB4.e.28488","ELEMENT":"f.852D346EF878C3E5FC3136AC53424AFF.d.87A2ECC125E8FE5D94671D5325EEECB4.e.28488"}]}
COMMAND: GET /session/0fb4450c6422fe69939d6824736e2f6f/screenshot - {}
RESULT: {}
RESULT: {"script":"<script> [8489 bytes]","args":[{"element-6066-11e4-a52e-4f735466cecf":"f.852D346EF878C3E5FC3136AC53424AFF.d.87A2ECC125E8FE5D94671D5325EEECB4.e.28488","ELEMENT":"f.852D346EF878C3E5FC3136AC53424AFF.d.87A2ECC125E8FE5D94671D5325EEECB4.e.28488"}]}
COMMAND: POST /session/0fb4450c6422fe69939d6824736e2f6f/execute/sync - {"script":"<script> [5351 bytes]","args":[{"element-6066-11e4-a52e-4f735466cecf":"f.852D346EF878C3E5FC3136AC53424AFF.d.87A2ECC125E8FE5D94671D5325EEECB4.e.28488","ELEMENT":"f.852D346EF878C3E5FC3136AC53424AFF.d.87A2ECC125E8FE5D94671D5325EEECB4.e.28488"}]}
COMMAND: GET /session/0fb4450c6422fe69939d6824736e2f6f/screenshot - {}
RESULT: {}
RESULT: {"script":"<script> [5351 bytes]","args":[{"element-6066-11e4-a52e-4f735466cecf":"f.852D346EF878C3E5FC3136AC53424AFF.d.87A2ECC125E8FE5D94671D5325EEECB4.e.28488","ELEMENT":"f.852D346EF878C3E5FC3136AC53424AFF.d.87A2ECC125E8FE5D94671D5325EEECB4.e.28488"}]}
COMMAND: POST /session/0fb4450c6422fe69939d6824736e2f6f/element/f.852D346EF878C3E5FC3136AC53424AFF.d.87A2ECC125E8FE5D94671D5325EEECB4.e.28488/click - {}
COMMAND: GET /session/0fb4450c6422fe69939d6824736e2f6f/screenshot - {}
RESULT: {}
RESULT: {}
COMMAND: GET /session/0fb4450c6422fe69939d6824736e2f6f/screenshot - {}
RESULT: {}
COMMAND: POST /session/0fb4450c6422fe69939d6824736e2f6f/element - {"using":"xpath","value":"//span[contains(@id ,\"AddNewHO--typeSelect-arrow\")]"}
RESULT: {}
RESULT: {"using":"xpath","value":"//span[contains(@id ,\"AddNewHO--typeSelect-arrow\")]"}
COMMAND: POST /session/0fb4450c6422fe69939d6824736e2f6f/element/f.852D346EF878C3E5FC3136AC53424AFF.d.87A2ECC125E8FE5D94671D5325EEECB4.e.28908/click - {}
RESULT: {}
COMMAND: GET /session/0fb4450c6422fe69939d6824736e2f6f/screenshot - {}
RESULT: {}
COMMAND: POST /session/0fb4450c6422fe69939d6824736e2f6f/element - {"using":"xpath","value":"(//li[contains(text(), \"stock increase yard\")])[1]"}
RESULT: {"using":"xpath","value":"(//li[contains(text(), \"stock increase yard\")])[1]"}
COMMAND: POST /session/0fb4450c6422fe69939d6824736e2f6f/element/f.852D346EF878C3E5FC3136AC53424AFF.d.87A2ECC125E8FE5D94671D5325EEECB4.e.28909/click - {}
RESULT: {}
COMMAND: GET /session/0fb4450c6422fe69939d6824736e2f6f/screenshot - {}
RESULT: {}
RESULT: undefined
COMMAND: POST /session/0fb4450c6422fe69939d6824736e2f6f/execute/async - {"script":"<script> [6424 bytes]","args":[{"element-6066-11e4-a52e-4f735466cecf":"f.852D346EF878C3E5FC3136AC53424AFF.d.87A2ECC125E8FE5D94671D5325EEECB4.e.28063"},"setValue",["5/18/25"]]}
COMMAND: POST /session/0fb4450c6422fe69939d6824736e2f6f/execute/async - {"script":"<script> [1562 bytes]","args":[{"selector":{"id":"application-managehandovers-display-component---AddNewHO--dueDate","interaction":{"idSuffix":"inner"}},"wdio_ui5_key":"applicationmanagehandovers-display-component---AddNewHO--dueDate"}]}
RESULT: {"script":"<script> [1562 bytes]","args":[{"selector":{"id":"application-managehandovers-display-component---AddNewHO--dueDate","interaction":{"idSuffix":"inner"}},"wdio_ui5_key":"applicationmanagehandovers-display-component---AddNewHO--dueDate"}]}
COMMAND: POST /session/0fb4450c6422fe69939d6824736e2f6f/execute/async - {"script":"<script> [6424 bytes]","args":[{"element-6066-11e4-a52e-4f735466cecf":"f.852D346EF878C3E5FC3136AC53424AFF.d.87A2ECC125E8FE5D94671D5325EEECB4.e.28911"},"setValue",["5/18/25"]]}
RESULT: {"script":"<script> [6424 bytes]","args":[{"element-6066-11e4-a52e-4f735466cecf":"f.852D346EF878C3E5FC3136AC53424AFF.d.87A2ECC125E8FE5D94671D5325EEECB4.e.28911"},"setValue",["5/18/25"]]}
COMMAND: POST /session/0fb4450c6422fe69939d6824736e2f6f/element - {"using":"xpath","value":"//input[@id=\"generalSectionFrg--receiveYard-inner\"]"}
RESULT: {"using":"xpath","value":"//input[@id=\"generalSectionFrg--receiveYard-inner\"]"}
COMMAND: POST /session/0fb4450c6422fe69939d6824736e2f6f/element/f.852D346EF878C3E5FC3136AC53424AFF.d.87A2ECC125E8FE5D94671D5325EEECB4.e.28915/clear - {}
RESULT: {}
COMMAND: POST /session/0fb4450c6422fe69939d6824736e2f6f/element/f.852D346EF878C3E5FC3136AC53424AFF.d.87A2ECC125E8FE5D94671D5325EEECB4.e.28915/value - {"text":"525"}
COMMAND: GET /session/0fb4450c6422fe69939d6824736e2f6f/screenshot - {}
RESULT: {"text":"525"}
COMMAND: GET /session/0fb4450c6422fe69939d6824736e2f6f/screenshot - {}
RESULT: {}
RESULT: {}
COMMAND: POST /session/0fb4450c6422fe69939d6824736e2f6f/element - {"using":"xpath","value":"//li[.//span[text()='525']]"}
RESULT: {"using":"xpath","value":"//li[.//span[text()='525']]"}
COMMAND: POST /session/0fb4450c6422fe69939d6824736e2f6f/element/f.852D346EF878C3E5FC3136AC53424AFF.d.87A2ECC125E8FE5D94671D5325EEECB4.e.28933/click - {}
RESULT: {}
COMMAND: GET /session/0fb4450c6422fe69939d6824736e2f6f/screenshot - {}
RESULT: {}
RESULT: undefined
COMMAND: POST /session/0fb4450c6422fe69939d6824736e2f6f/element - {"using":"xpath","value":"//*[@id=\"application-managehandovers-display-component---AddNewHO--ObjectPageLayout-anchBar-application-managehandovers-display-component---AddNewHO--section4-anchor\"]"}
RESULT: {"using":"xpath","value":"//*[@id=\"application-managehandovers-display-component---AddNewHO--ObjectPageLayout-anchBar-application-managehandovers-display-component---AddNewHO--section4-anchor\"]"}
COMMAND: POST /session/0fb4450c6422fe69939d6824736e2f6f/element/f.852D346EF878C3E5FC3136AC53424AFF.d.87A2ECC125E8FE5D94671D5325EEECB4.e.28934/click - {}
RESULT: {}
COMMAND: POST /session/0fb4450c6422fe69939d6824736e2f6f/element - {"using":"xpath","value":"//button[@aria-label=\"Add\"]"}
COMMAND: GET /session/0fb4450c6422fe69939d6824736e2f6f/screenshot - {}
RESULT: {"using":"xpath","value":"//button[@aria-label=\"Add\"]"}
COMMAND: POST /session/0fb4450c6422fe69939d6824736e2f6f/element/f.852D346EF878C3E5FC3136AC53424AFF.d.87A2ECC125E8FE5D94671D5325EEECB4.e.28936/click - {}
RESULT: {}
RESULT: {}
COMMAND: GET /session/0fb4450c6422fe69939d6824736e2f6f/screenshot - {}
RESULT: {}
RESULT: undefined
COMMAND: POST /session/0fb4450c6422fe69939d6824736e2f6f/execute/async - {"script":"<script> [776 bytes]","args":[{"enterText":"400042","selector":{"id":"application-managehandovers-display-component---AddNewHO--smartFilterBar-btnBasicSearch","searchOpenDialogs":true,"interaction":{"idSuffix":"I"}},"clearTextFirst":true,"interactionType":"ENTER_TEXT"}]}
RESULT: {"script":"<script> [776 bytes]","args":[{"enterText":"400042","selector":{"id":"application-managehandovers-display-component---AddNewHO--smartFilterBar-btnBasicSearch","searchOpenDialogs":true,"interaction":{"idSuffix":"I"}},"clearTextFirst":true,"interactionType":"ENTER_TEXT"}]}
COMMAND: POST /session/0fb4450c6422fe69939d6824736e2f6f/actions - {"actions":[{"id":"action93","type":"key","parameters":{},"actions":[{"type":"keyDown","value":"î€‡"},{"type":"pause","duration":10},{"type":"keyUp","value":"î€‡"}]}]}
RESULT: {"actions":[{"id":"action93","type":"key","parameters":{},"actions":[{"type":"keyDown","value":"î€‡"},{"type":"pause","duration":10},{"type":"keyUp","value":"î€‡"}]}]}
COMMAND: GET /session/0fb4450c6422fe69939d6824736e2f6f/screenshot - {}
RESULT: {}
RESULT: undefined
COMMAND: POST /session/0fb4450c6422fe69939d6824736e2f6f/element - {"using":"xpath","value":"//*[@id=\"application-managehandovers-display-component---AddNewHO--popup-sa\"]"}
RESULT: {"using":"xpath","value":"//*[@id=\"application-managehandovers-display-component---AddNewHO--popup-sa\"]"}
COMMAND: POST /session/0fb4450c6422fe69939d6824736e2f6f/element/f.852D346EF878C3E5FC3136AC53424AFF.d.87A2ECC125E8FE5D94671D5325EEECB4.e.29087/click - {}
RESULT: {}
COMMAND: GET /session/0fb4450c6422fe69939d6824736e2f6f/screenshot - {}
RESULT: {}
COMMAND: POST /session/0fb4450c6422fe69939d6824736e2f6f/element - {"using":"xpath","value":"//bdi[contains(text(), \"Select\")]"}
RESULT: {"using":"xpath","value":"//bdi[contains(text(), \"Select\")]"}
COMMAND: POST /session/0fb4450c6422fe69939d6824736e2f6f/element/f.852D346EF878C3E5FC3136AC53424AFF.d.87A2ECC125E8FE5D94671D5325EEECB4.e.29088/click - {}
RESULT: {}
COMMAND: GET /session/0fb4450c6422fe69939d6824736e2f6f/screenshot - {}
RESULT: {}
COMMAND: POST /session/0fb4450c6422fe69939d6824736e2f6f/element - {"using":"xpath","value":"//button[@data-kt=\"AddNewHOSaveButton\"]"}
RESULT: {"using":"xpath","value":"//button[@data-kt=\"AddNewHOSaveButton\"]"}
COMMAND: POST /session/0fb4450c6422fe69939d6824736e2f6f/element/f.852D346EF878C3E5FC3136AC53424AFF.d.87A2ECC125E8FE5D94671D5325EEECB4.e.29092/click - {}
RESULT: {}
COMMAND: GET /session/0fb4450c6422fe69939d6824736e2f6f/screenshot - {}
RESULT: {}
RESULT: undefined
COMMAND: POST /session/0fb4450c6422fe69939d6824736e2f6f/execute/async - {"script":"<script> [6424 bytes]","args":[{"element-6066-11e4-a52e-4f735466cecf":"f.852D346EF878C3E5FC3136AC53424AFF.d.87A2ECC125E8FE5D94671D5325EEECB4.e.28268"},"setValue",["5/18/25"]]}
COMMAND: POST /session/0fb4450c6422fe69939d6824736e2f6f/execute/async - {"script":"<script> [1562 bytes]","args":[{"selector":{"id":"receiptDatePicker","viewName":"etm.portal.ui.managehandovers.view.DetailExecuteHO","interaction":{"idSuffix":"inner"}},"wdio_ui5_key":"receiptDatePickeretmportal.ui.managehandovers.view.DetailExecuteHO"}]}
RESULT: {"script":"<script> [1562 bytes]","args":[{"selector":{"id":"receiptDatePicker","viewName":"etm.portal.ui.managehandovers.view.DetailExecuteHO","interaction":{"idSuffix":"inner"}},"wdio_ui5_key":"receiptDatePickeretmportal.ui.managehandovers.view.DetailExecuteHO"}]}
COMMAND: POST /session/0fb4450c6422fe69939d6824736e2f6f/execute/async - {"script":"<script> [6424 bytes]","args":[{"element-6066-11e4-a52e-4f735466cecf":"f.852D346EF878C3E5FC3136AC53424AFF.d.87A2ECC125E8FE5D94671D5325EEECB4.e.29114"},"setValue",["5/18/25"]]}
RESULT: {"script":"<script> [6424 bytes]","args":[{"element-6066-11e4-a52e-4f735466cecf":"f.852D346EF878C3E5FC3136AC53424AFF.d.87A2ECC125E8FE5D94671D5325EEECB4.e.29114"},"setValue",["5/18/25"]]}
COMMAND: POST /session/0fb4450c6422fe69939d6824736e2f6f/element - {"using":"xpath","value":"//button[@data-kt=\"PickingTableConfirmAllButton\"]"}
RESULT: {"using":"xpath","value":"//button[@data-kt=\"PickingTableConfirmAllButton\"]"}
COMMAND: POST /session/0fb4450c6422fe69939d6824736e2f6f/element/f.852D346EF878C3E5FC3136AC53424AFF.d.87A2ECC125E8FE5D94671D5325EEECB4.e.29127/click - {}
RESULT: {}
COMMAND: GET /session/0fb4450c6422fe69939d6824736e2f6f/screenshot - {}
RESULT: {}
COMMAND: POST /session/0fb4450c6422fe69939d6824736e2f6f/element - {"using":"xpath","value":"//bdi[contains(text(), \"OK\")]"}
RESULT: {"using":"xpath","value":"//bdi[contains(text(), \"OK\")]"}
COMMAND: POST /session/0fb4450c6422fe69939d6824736e2f6f/element/f.852D346EF878C3E5FC3136AC53424AFF.d.87A2ECC125E8FE5D94671D5325EEECB4.e.29129/click - {}
RESULT: {}
COMMAND: GET /session/0fb4450c6422fe69939d6824736e2f6f/screenshot - {}
RESULT: {}
COMMAND: POST /session/0fb4450c6422fe69939d6824736e2f6f/element - {"using":"xpath","value":"(//bdi[contains(text(), \"Receive\")])[2]"}
RESULT: {"using":"xpath","value":"(//bdi[contains(text(), \"Receive\")])[2]"}
COMMAND: POST /session/0fb4450c6422fe69939d6824736e2f6f/element/f.852D346EF878C3E5FC3136AC53424AFF.d.87A2ECC125E8FE5D94671D5325EEECB4.e.29131/click - {}
RESULT: {}
COMMAND: GET /session/0fb4450c6422fe69939d6824736e2f6f/screenshot - {}
RESULT: {}
COMMAND: POST /session/0fb4450c6422fe69939d6824736e2f6f/element - {"using":"css selector","value":"#shell-header-logo"}
RESULT: {"using":"css selector","value":"#shell-header-logo"}
COMMAND: POST /session/0fb4450c6422fe69939d6824736e2f6f/element/f.852D346EF878C3E5FC3136AC53424AFF.d.87A2ECC125E8FE5D94671D5325EEECB4.e.28460/click - {}
RESULT: {}
COMMAND: GET /session/0fb4450c6422fe69939d6824736e2f6f/screenshot - {}
RESULT: {}
]]></system-out>
    </testcase>
    <testcase classname="chrome.136_0_7103_93.windows.Transfer_Yard_to_Yard_US131076" name="Should create a yard to yard transfer handover" time="117.186">
      <system-out><![CDATA[
RESULT: undefined
COMMAND: POST /session/0fb4450c6422fe69939d6824736e2f6f/element - {"using":"xpath","value":"//*[@id=\"__tile132\"]"}
RESULT: {"using":"xpath","value":"//*[@id=\"__tile132\"]"}
COMMAND: POST /session/0fb4450c6422fe69939d6824736e2f6f/element/f.852D346EF878C3E5FC3136AC53424AFF.d.87A2ECC125E8FE5D94671D5325EEECB4.e.25651/click - {}
RESULT: {}
COMMAND: GET /session/0fb4450c6422fe69939d6824736e2f6f/screenshot - {}
RESULT: {}
COMMAND: POST /session/0fb4450c6422fe69939d6824736e2f6f/elements - {"using":"xpath","value":"//span[text()='Error']"}
RESULT: {"using":"xpath","value":"//span[text()='Error']"}
COMMAND: POST /session/0fb4450c6422fe69939d6824736e2f6f/element - {"using":"xpath","value":"//button[@data-kt=\"masterHOAddButton\"]"}
RESULT: {"using":"xpath","value":"//button[@data-kt=\"masterHOAddButton\"]"}
COMMAND: POST /session/0fb4450c6422fe69939d6824736e2f6f/elements - {"using":"xpath","value":"//button[@data-kt=\"masterHOAddButton\"]"}
RESULT: {"using":"xpath","value":"//button[@data-kt=\"masterHOAddButton\"]"}
COMMAND: POST /session/0fb4450c6422fe69939d6824736e2f6f/execute/sync - {"script":"<script> [8489 bytes]","args":[{"element-6066-11e4-a52e-4f735466cecf":"f.852D346EF878C3E5FC3136AC53424AFF.d.87A2ECC125E8FE5D94671D5325EEECB4.e.29356","ELEMENT":"f.852D346EF878C3E5FC3136AC53424AFF.d.87A2ECC125E8FE5D94671D5325EEECB4.e.29356"}]}
RESULT: {"script":"<script> [8489 bytes]","args":[{"element-6066-11e4-a52e-4f735466cecf":"f.852D346EF878C3E5FC3136AC53424AFF.d.87A2ECC125E8FE5D94671D5325EEECB4.e.29356","ELEMENT":"f.852D346EF878C3E5FC3136AC53424AFF.d.87A2ECC125E8FE5D94671D5325EEECB4.e.29356"}]}
COMMAND: GET /session/0fb4450c6422fe69939d6824736e2f6f/element/f.852D346EF878C3E5FC3136AC53424AFF.d.87A2ECC125E8FE5D94671D5325EEECB4.e.29356/enabled - {}
COMMAND: GET /session/0fb4450c6422fe69939d6824736e2f6f/screenshot - {}
RESULT: {}
COMMAND: POST /session/0fb4450c6422fe69939d6824736e2f6f/execute/sync - {"script":"<script> [8489 bytes]","args":[{"element-6066-11e4-a52e-4f735466cecf":"f.852D346EF878C3E5FC3136AC53424AFF.d.87A2ECC125E8FE5D94671D5325EEECB4.e.29356","ELEMENT":"f.852D346EF878C3E5FC3136AC53424AFF.d.87A2ECC125E8FE5D94671D5325EEECB4.e.29356"}]}
COMMAND: GET /session/0fb4450c6422fe69939d6824736e2f6f/screenshot - {}
RESULT: {}
RESULT: {"script":"<script> [8489 bytes]","args":[{"element-6066-11e4-a52e-4f735466cecf":"f.852D346EF878C3E5FC3136AC53424AFF.d.87A2ECC125E8FE5D94671D5325EEECB4.e.29356","ELEMENT":"f.852D346EF878C3E5FC3136AC53424AFF.d.87A2ECC125E8FE5D94671D5325EEECB4.e.29356"}]}
COMMAND: POST /session/0fb4450c6422fe69939d6824736e2f6f/execute/sync - {"script":"<script> [5351 bytes]","args":[{"element-6066-11e4-a52e-4f735466cecf":"f.852D346EF878C3E5FC3136AC53424AFF.d.87A2ECC125E8FE5D94671D5325EEECB4.e.29356","ELEMENT":"f.852D346EF878C3E5FC3136AC53424AFF.d.87A2ECC125E8FE5D94671D5325EEECB4.e.29356"}]}
COMMAND: GET /session/0fb4450c6422fe69939d6824736e2f6f/screenshot - {}
RESULT: {}
RESULT: {"script":"<script> [5351 bytes]","args":[{"element-6066-11e4-a52e-4f735466cecf":"f.852D346EF878C3E5FC3136AC53424AFF.d.87A2ECC125E8FE5D94671D5325EEECB4.e.29356","ELEMENT":"f.852D346EF878C3E5FC3136AC53424AFF.d.87A2ECC125E8FE5D94671D5325EEECB4.e.29356"}]}
COMMAND: POST /session/0fb4450c6422fe69939d6824736e2f6f/element/f.852D346EF878C3E5FC3136AC53424AFF.d.87A2ECC125E8FE5D94671D5325EEECB4.e.29356/click - {}
COMMAND: GET /session/0fb4450c6422fe69939d6824736e2f6f/screenshot - {}
RESULT: {}
RESULT: {}
COMMAND: GET /session/0fb4450c6422fe69939d6824736e2f6f/screenshot - {}
RESULT: {}
RESULT: {}
COMMAND: POST /session/0fb4450c6422fe69939d6824736e2f6f/element - {"using":"xpath","value":"//span[contains(@id ,\"AddNewHO--typeSelect-arrow\")]"}
RESULT: {"using":"xpath","value":"//span[contains(@id ,\"AddNewHO--typeSelect-arrow\")]"}
COMMAND: POST /session/0fb4450c6422fe69939d6824736e2f6f/element/f.852D346EF878C3E5FC3136AC53424AFF.d.87A2ECC125E8FE5D94671D5325EEECB4.e.29768/click - {}
RESULT: {}
COMMAND: GET /session/0fb4450c6422fe69939d6824736e2f6f/screenshot - {}
RESULT: {}
COMMAND: POST /session/0fb4450c6422fe69939d6824736e2f6f/element - {"using":"xpath","value":"(//li[contains(text(), \"transfer\")])[1]"}
RESULT: {"using":"xpath","value":"(//li[contains(text(), \"transfer\")])[1]"}
COMMAND: POST /session/0fb4450c6422fe69939d6824736e2f6f/element/f.852D346EF878C3E5FC3136AC53424AFF.d.87A2ECC125E8FE5D94671D5325EEECB4.e.29769/click - {}
RESULT: {}
COMMAND: GET /session/0fb4450c6422fe69939d6824736e2f6f/screenshot - {}
RESULT: {}
RESULT: undefined
COMMAND: POST /session/0fb4450c6422fe69939d6824736e2f6f/execute/async - {"script":"<script> [6424 bytes]","args":[{"element-6066-11e4-a52e-4f735466cecf":"f.852D346EF878C3E5FC3136AC53424AFF.d.87A2ECC125E8FE5D94671D5325EEECB4.e.28063"},"setValue",["05/18/25"]]}
COMMAND: POST /session/0fb4450c6422fe69939d6824736e2f6f/execute/async - {"script":"<script> [1562 bytes]","args":[{"selector":{"id":"application-managehandovers-display-component---AddNewHO--dueDate","interaction":{"idSuffix":"inner"}},"wdio_ui5_key":"applicationmanagehandovers-display-component---AddNewHO--dueDate"}]}
RESULT: {"script":"<script> [1562 bytes]","args":[{"selector":{"id":"application-managehandovers-display-component---AddNewHO--dueDate","interaction":{"idSuffix":"inner"}},"wdio_ui5_key":"applicationmanagehandovers-display-component---AddNewHO--dueDate"}]}
COMMAND: POST /session/0fb4450c6422fe69939d6824736e2f6f/execute/async - {"script":"<script> [6424 bytes]","args":[{"element-6066-11e4-a52e-4f735466cecf":"f.852D346EF878C3E5FC3136AC53424AFF.d.87A2ECC125E8FE5D94671D5325EEECB4.e.29771"},"setValue",["05/18/25"]]}
RESULT: {"script":"<script> [6424 bytes]","args":[{"element-6066-11e4-a52e-4f735466cecf":"f.852D346EF878C3E5FC3136AC53424AFF.d.87A2ECC125E8FE5D94671D5325EEECB4.e.29771"},"setValue",["05/18/25"]]}
COMMAND: POST /session/0fb4450c6422fe69939d6824736e2f6f/element - {"using":"xpath","value":"//input[@id=\"generalSectionFrg--sendYard-inner\"]"}
RESULT: {"using":"xpath","value":"//input[@id=\"generalSectionFrg--sendYard-inner\"]"}
COMMAND: POST /session/0fb4450c6422fe69939d6824736e2f6f/element/f.852D346EF878C3E5FC3136AC53424AFF.d.87A2ECC125E8FE5D94671D5325EEECB4.e.29775/clear - {}
RESULT: {}
COMMAND: POST /session/0fb4450c6422fe69939d6824736e2f6f/element/f.852D346EF878C3E5FC3136AC53424AFF.d.87A2ECC125E8FE5D94671D5325EEECB4.e.29775/value - {"text":"525"}
COMMAND: GET /session/0fb4450c6422fe69939d6824736e2f6f/screenshot - {}
RESULT: {"text":"525"}
COMMAND: GET /session/0fb4450c6422fe69939d6824736e2f6f/screenshot - {}
RESULT: {}
RESULT: {}
COMMAND: POST /session/0fb4450c6422fe69939d6824736e2f6f/element - {"using":"xpath","value":"//li[.//span[text()='525']]"}
RESULT: {"using":"xpath","value":"//li[.//span[text()='525']]"}
COMMAND: POST /session/0fb4450c6422fe69939d6824736e2f6f/element/f.852D346EF878C3E5FC3136AC53424AFF.d.87A2ECC125E8FE5D94671D5325EEECB4.e.29794/click - {}
RESULT: {}
COMMAND: GET /session/0fb4450c6422fe69939d6824736e2f6f/screenshot - {}
RESULT: {}
COMMAND: POST /session/0fb4450c6422fe69939d6824736e2f6f/element - {"using":"xpath","value":"//input[@id=\"generalSectionFrg--receiveYard-inner\"]"}
RESULT: {"using":"xpath","value":"//input[@id=\"generalSectionFrg--receiveYard-inner\"]"}
COMMAND: POST /session/0fb4450c6422fe69939d6824736e2f6f/element/f.852D346EF878C3E5FC3136AC53424AFF.d.87A2ECC125E8FE5D94671D5325EEECB4.e.29776/clear - {}
RESULT: {}
COMMAND: POST /session/0fb4450c6422fe69939d6824736e2f6f/element/f.852D346EF878C3E5FC3136AC53424AFF.d.87A2ECC125E8FE5D94671D5325EEECB4.e.29776/value - {"text":"530"}
COMMAND: GET /session/0fb4450c6422fe69939d6824736e2f6f/screenshot - {}
RESULT: {"text":"530"}
COMMAND: GET /session/0fb4450c6422fe69939d6824736e2f6f/screenshot - {}
RESULT: {}
RESULT: {}
COMMAND: POST /session/0fb4450c6422fe69939d6824736e2f6f/element - {"using":"xpath","value":"//li[.//span[text()='530']]"}
RESULT: {"using":"xpath","value":"//li[.//span[text()='530']]"}
COMMAND: POST /session/0fb4450c6422fe69939d6824736e2f6f/element/f.852D346EF878C3E5FC3136AC53424AFF.d.87A2ECC125E8FE5D94671D5325EEECB4.e.29796/click - {}
RESULT: {}
COMMAND: GET /session/0fb4450c6422fe69939d6824736e2f6f/screenshot - {}
RESULT: {}
RESULT: undefined
COMMAND: POST /session/0fb4450c6422fe69939d6824736e2f6f/element - {"using":"xpath","value":"//*[@id=\"application-managehandovers-display-component---AddNewHO--ObjectPageLayout-anchBar-application-managehandovers-display-component---AddNewHO--section4-anchor\"]"}
RESULT: {"using":"xpath","value":"//*[@id=\"application-managehandovers-display-component---AddNewHO--ObjectPageLayout-anchBar-application-managehandovers-display-component---AddNewHO--section4-anchor\"]"}
COMMAND: POST /session/0fb4450c6422fe69939d6824736e2f6f/element/f.852D346EF878C3E5FC3136AC53424AFF.d.87A2ECC125E8FE5D94671D5325EEECB4.e.29797/click - {}
RESULT: {}
COMMAND: GET /session/0fb4450c6422fe69939d6824736e2f6f/screenshot - {}
RESULT: {}
COMMAND: POST /session/0fb4450c6422fe69939d6824736e2f6f/element - {"using":"xpath","value":"//button[@data-kt=\"AddNewHOProvideAddItemsButton\"]"}
RESULT: {"using":"xpath","value":"//button[@data-kt=\"AddNewHOProvideAddItemsButton\"]"}
COMMAND: POST /session/0fb4450c6422fe69939d6824736e2f6f/element/f.852D346EF878C3E5FC3136AC53424AFF.d.87A2ECC125E8FE5D94671D5325EEECB4.e.29800/click - {}
RESULT: {}
COMMAND: GET /session/0fb4450c6422fe69939d6824736e2f6f/screenshot - {}
RESULT: {}
COMMAND: POST /session/0fb4450c6422fe69939d6824736e2f6f/element - {"using":"xpath","value":"//div[contains(@id,\"AddNewHO--TransferHOTypesRuDialogTable-sa-CbBg\")]"}
RESULT: {"using":"xpath","value":"//div[contains(@id,\"AddNewHO--TransferHOTypesRuDialogTable-sa-CbBg\")]"}
COMMAND: POST /session/0fb4450c6422fe69939d6824736e2f6f/element/f.852D346EF878C3E5FC3136AC53424AFF.d.87A2ECC125E8FE5D94671D5325EEECB4.e.29816/click - {}
RESULT: {}
COMMAND: GET /session/0fb4450c6422fe69939d6824736e2f6f/screenshot - {}
RESULT: {}
COMMAND: POST /session/0fb4450c6422fe69939d6824736e2f6f/element - {"using":"xpath","value":"//table[contains(@id,\"AddNewHO--TransferHOTypesRuDialogTable-listUl\")]/tbody/tr[1]/td[6]/div/div/input"}
RESULT: {"using":"xpath","value":"//table[contains(@id,\"AddNewHO--TransferHOTypesRuDialogTable-listUl\")]/tbody/tr[1]/td[6]/div/div/input"}
COMMAND: POST /session/0fb4450c6422fe69939d6824736e2f6f/element/f.852D346EF878C3E5FC3136AC53424AFF.d.87A2ECC125E8FE5D94671D5325EEECB4.e.29813/clear - {}
RESULT: {}
COMMAND: POST /session/0fb4450c6422fe69939d6824736e2f6f/element/f.852D346EF878C3E5FC3136AC53424AFF.d.87A2ECC125E8FE5D94671D5325EEECB4.e.29813/value - {"text":"1"}
COMMAND: GET /session/0fb4450c6422fe69939d6824736e2f6f/screenshot - {}
RESULT: {"text":"1"}
COMMAND: GET /session/0fb4450c6422fe69939d6824736e2f6f/screenshot - {}
RESULT: {}
RESULT: {}
COMMAND: POST /session/0fb4450c6422fe69939d6824736e2f6f/element - {"using":"xpath","value":"//bdi[contains(text(), \"OK\")]"}
RESULT: {"using":"xpath","value":"//bdi[contains(text(), \"OK\")]"}
COMMAND: POST /session/0fb4450c6422fe69939d6824736e2f6f/element/f.852D346EF878C3E5FC3136AC53424AFF.d.87A2ECC125E8FE5D94671D5325EEECB4.e.29820/click - {}
RESULT: {}
COMMAND: GET /session/0fb4450c6422fe69939d6824736e2f6f/screenshot - {}
RESULT: {}
COMMAND: POST /session/0fb4450c6422fe69939d6824736e2f6f/execute/async - {"script":"<script> [1562 bytes]","args":[{"selector":{"id":"application-managehandovers-display-component---AddNewHO--confirmCreationButton","interaction":{"idSuffix":"BDI-content"}},"wdio_ui5_key":"applicationmanagehandovers-display-component---AddNewHO--confirmCreationButton"}]}
RESULT: {"script":"<script> [1562 bytes]","args":[{"selector":{"id":"application-managehandovers-display-component---AddNewHO--confirmCreationButton","interaction":{"idSuffix":"BDI-content"}},"wdio_ui5_key":"applicationmanagehandovers-display-component---AddNewHO--confirmCreationButton"}]}
RESULT: undefined
COMMAND: POST /session/0fb4450c6422fe69939d6824736e2f6f/element - {"using":"xpath","value":"//*[@id=\"application-managehandovers-display-component---AddNewHO--confirmCreationButton\"]"}
RESULT: {"using":"xpath","value":"//*[@id=\"application-managehandovers-display-component---AddNewHO--confirmCreationButton\"]"}
COMMAND: POST /session/0fb4450c6422fe69939d6824736e2f6f/element/f.852D346EF878C3E5FC3136AC53424AFF.d.87A2ECC125E8FE5D94671D5325EEECB4.e.29827/click - {}
RESULT: {}
COMMAND: GET /session/0fb4450c6422fe69939d6824736e2f6f/screenshot - {}
RESULT: {}
COMMAND: POST /session/0fb4450c6422fe69939d6824736e2f6f/element - {"using":"xpath","value":"(//section[contains(@id,\"headerContentForm--FC-NoHead\")])[2]/div[1]/div[5]/div[2]/div/span"}
RESULT: {"using":"xpath","value":"(//section[contains(@id,\"headerContentForm--FC-NoHead\")])[2]/div[1]/div[5]/div[2]/div/span"}
COMMAND: POST /session/0fb4450c6422fe69939d6824736e2f6f/execute/sync - {"script":"<script> [56 bytes]","args":[{"element-6066-11e4-a52e-4f735466cecf":"f.852D346EF878C3E5FC3136AC53424AFF.d.87A2ECC125E8FE5D94671D5325EEECB4.e.29883","ELEMENT":"f.852D346EF878C3E5FC3136AC53424AFF.d.87A2ECC125E8FE5D94671D5325EEECB4.e.29883"}]}
RESULT: {"script":"<script> [56 bytes]","args":[{"element-6066-11e4-a52e-4f735466cecf":"f.852D346EF878C3E5FC3136AC53424AFF.d.87A2ECC125E8FE5D94671D5325EEECB4.e.29883","ELEMENT":"f.852D346EF878C3E5FC3136AC53424AFF.d.87A2ECC125E8FE5D94671D5325EEECB4.e.29883"}]}
COMMAND: POST /session/0fb4450c6422fe69939d6824736e2f6f/execute/async - {"script":"<script> [1562 bytes]","args":[{"selector":{"id":"issueDatePicker","viewName":"etm.portal.ui.managehandovers.view.DetailExecuteHO","interaction":{"idSuffix":"inner"}},"wdio_ui5_key":"issueDatePickeretmportal.ui.managehandovers.view.DetailExecuteHO"}]}
COMMAND: GET /session/0fb4450c6422fe69939d6824736e2f6f/screenshot - {}
RESULT: {"script":"<script> [1562 bytes]","args":[{"selector":{"id":"issueDatePicker","viewName":"etm.portal.ui.managehandovers.view.DetailExecuteHO","interaction":{"idSuffix":"inner"}},"wdio_ui5_key":"issueDatePickeretmportal.ui.managehandovers.view.DetailExecuteHO"}]}
RESULT: undefined
COMMAND: POST /session/0fb4450c6422fe69939d6824736e2f6f/execute/async - {"script":"<script> [776 bytes]","args":[{"enterText":"05/18/25","selector":{"id":"issueDatePicker","viewName":"etm.portal.ui.managehandovers.view.DetailExecuteHO","interaction":{"idSuffix":"inner"}},"clearTextFirst":true,"interactionType":"ENTER_TEXT"}]}
RESULT: {}
RESULT: {"script":"<script> [776 bytes]","args":[{"enterText":"05/18/25","selector":{"id":"issueDatePicker","viewName":"etm.portal.ui.managehandovers.view.DetailExecuteHO","interaction":{"idSuffix":"inner"}},"clearTextFirst":true,"interactionType":"ENTER_TEXT"}]}
COMMAND: POST /session/0fb4450c6422fe69939d6824736e2f6f/element - {"using":"xpath","value":"//bdi[contains(text(), \"OK\")]"}
RESULT: {"using":"xpath","value":"//bdi[contains(text(), \"OK\")]"}
COMMAND: POST /session/0fb4450c6422fe69939d6824736e2f6f/element/f.852D346EF878C3E5FC3136AC53424AFF.d.87A2ECC125E8FE5D94671D5325EEECB4.e.29888/click - {}
RESULT: {}
COMMAND: GET /session/0fb4450c6422fe69939d6824736e2f6f/screenshot - {}
RESULT: {}
COMMAND: POST /session/0fb4450c6422fe69939d6824736e2f6f/execute/async - {"script":"<script> [1562 bytes]","args":[{"selector":{"controlType":"sap.m.Button","viewName":"etm.portal.ui.managehandovers.view.DetailExecuteHO","i18NText":{"propertyName":"text","key":"pickQty"},"interaction":{"idSuffix":"content"}},"wdio_ui5_key":"etmportal.ui.managehandovers.view.DetailExecuteHOsap.m.Button{\"propertyName\":\"text\",\"key\":\"pickQty\"}"}]}
RESULT: {"script":"<script> [1562 bytes]","args":[{"selector":{"controlType":"sap.m.Button","viewName":"etm.portal.ui.managehandovers.view.DetailExecuteHO","i18NText":{"propertyName":"text","key":"pickQty"},"interaction":{"idSuffix":"content"}},"wdio_ui5_key":"etmportal.ui.managehandovers.view.DetailExecuteHOsap.m.Button{\"propertyName\":\"text\",\"key\":\"pickQty\"}"}]}
RESULT: undefined
COMMAND: POST /session/0fb4450c6422fe69939d6824736e2f6f/element - {"using":"xpath","value":"//*[@id=\"__button380\"]"}
RESULT: {"using":"xpath","value":"//*[@id=\"__button380\"]"}
COMMAND: POST /session/0fb4450c6422fe69939d6824736e2f6f/element/f.852D346EF878C3E5FC3136AC53424AFF.d.87A2ECC125E8FE5D94671D5325EEECB4.e.29895/click - {}
RESULT: {}
COMMAND: GET /session/0fb4450c6422fe69939d6824736e2f6f/screenshot - {}
RESULT: {}
COMMAND: POST /session/0fb4450c6422fe69939d6824736e2f6f/execute/async - {"script":"<script> [1562 bytes]","args":[{"selector":{"controlType":"sap.m.NumericInput","viewName":"etm.portal.ui.managehandovers.view.DetailExecuteHO","properties":{"value":"0"},"searchOpenDialogs":true,"interaction":{"idSuffix":"inner"}},"wdio_ui5_key":"etmportal.ui.managehandovers.view.DetailExecuteHOsap.m.NumericInput{\"value\":\"0\"}"}]}
RESULT: {"script":"<script> [1562 bytes]","args":[{"selector":{"controlType":"sap.m.NumericInput","viewName":"etm.portal.ui.managehandovers.view.DetailExecuteHO","properties":{"value":"0"},"searchOpenDialogs":true,"interaction":{"idSuffix":"inner"}},"wdio_ui5_key":"etmportal.ui.managehandovers.view.DetailExecuteHOsap.m.NumericInput{\"value\":\"0\"}"}]}
RESULT: undefined
COMMAND: POST /session/0fb4450c6422fe69939d6824736e2f6f/execute/async - {"script":"<script> [1562 bytes]","args":[{"selector":{"id":"statesDialog--okBttnStatesDialog","searchOpenDialogs":true,"interaction":{"idSuffix":"BDI-content"}},"wdio_ui5_key":"statesDialogokBttnStatesDialog"}]}
RESULT: {"script":"<script> [1562 bytes]","args":[{"selector":{"id":"statesDialog--okBttnStatesDialog","searchOpenDialogs":true,"interaction":{"idSuffix":"BDI-content"}},"wdio_ui5_key":"statesDialogokBttnStatesDialog"}]}
RESULT: undefined
COMMAND: POST /session/0fb4450c6422fe69939d6824736e2f6f/element - {"using":"xpath","value":"//*[@id=\"statesDialog--okBttnStatesDialog\"]"}
RESULT: {"using":"xpath","value":"//*[@id=\"statesDialog--okBttnStatesDialog\"]"}
COMMAND: POST /session/0fb4450c6422fe69939d6824736e2f6f/element/f.852D346EF878C3E5FC3136AC53424AFF.d.87A2ECC125E8FE5D94671D5325EEECB4.e.29902/click - {}
RESULT: {}
COMMAND: GET /session/0fb4450c6422fe69939d6824736e2f6f/screenshot - {}
RESULT: {}
COMMAND: POST /session/0fb4450c6422fe69939d6824736e2f6f/element - {"using":"xpath","value":"//button[@data-kt=\"PickingTableConfirmAllButton\"]"}
RESULT: {"using":"xpath","value":"//button[@data-kt=\"PickingTableConfirmAllButton\"]"}
COMMAND: POST /session/0fb4450c6422fe69939d6824736e2f6f/element/f.852D346EF878C3E5FC3136AC53424AFF.d.87A2ECC125E8FE5D94671D5325EEECB4.e.29908/click - {}
RESULT: {}
COMMAND: GET /session/0fb4450c6422fe69939d6824736e2f6f/screenshot - {}
RESULT: {}
COMMAND: POST /session/0fb4450c6422fe69939d6824736e2f6f/element - {"using":"xpath","value":"//bdi[contains(text(), \"OK\")]"}
RESULT: {"using":"xpath","value":"//bdi[contains(text(), \"OK\")]"}
COMMAND: POST /session/0fb4450c6422fe69939d6824736e2f6f/element/f.852D346EF878C3E5FC3136AC53424AFF.d.87A2ECC125E8FE5D94671D5325EEECB4.e.29911/click - {}
RESULT: {}
COMMAND: GET /session/0fb4450c6422fe69939d6824736e2f6f/screenshot - {}
RESULT: {}
COMMAND: POST /session/0fb4450c6422fe69939d6824736e2f6f/element - {"using":"xpath","value":"//header[contains(@id,\"headerTitle\") and @aria-roledescription=\"Object page header\"]/div[1]/div[2]/div[1]/span"}
RESULT: {"using":"xpath","value":"//header[contains(@id,\"headerTitle\") and @aria-roledescription=\"Object page header\"]/div[1]/div[2]/div[1]/span"}
COMMAND: POST /session/0fb4450c6422fe69939d6824736e2f6f/elements - {"using":"xpath","value":"//header[contains(@id,\"headerTitle\") and @aria-roledescription=\"Object page header\"]/div[1]/div[2]/div[1]/span"}
RESULT: {"using":"xpath","value":"//header[contains(@id,\"headerTitle\") and @aria-roledescription=\"Object page header\"]/div[1]/div[2]/div[1]/span"}
COMMAND: POST /session/0fb4450c6422fe69939d6824736e2f6f/execute/sync - {"script":"<script> [56 bytes]","args":[{"element-6066-11e4-a52e-4f735466cecf":"f.852D346EF878C3E5FC3136AC53424AFF.d.87A2ECC125E8FE5D94671D5325EEECB4.e.29915","ELEMENT":"f.852D346EF878C3E5FC3136AC53424AFF.d.87A2ECC125E8FE5D94671D5325EEECB4.e.29915"}]}
RESULT: {"script":"<script> [56 bytes]","args":[{"element-6066-11e4-a52e-4f735466cecf":"f.852D346EF878C3E5FC3136AC53424AFF.d.87A2ECC125E8FE5D94671D5325EEECB4.e.29915","ELEMENT":"f.852D346EF878C3E5FC3136AC53424AFF.d.87A2ECC125E8FE5D94671D5325EEECB4.e.29915"}]}
COMMAND: POST /session/0fb4450c6422fe69939d6824736e2f6f/element - {"using":"xpath","value":"//bdi[contains(text(), \"Issue\")]"}
COMMAND: GET /session/0fb4450c6422fe69939d6824736e2f6f/screenshot - {}
RESULT: {"using":"xpath","value":"//bdi[contains(text(), \"Issue\")]"}
COMMAND: POST /session/0fb4450c6422fe69939d6824736e2f6f/element/f.852D346EF878C3E5FC3136AC53424AFF.d.87A2ECC125E8FE5D94671D5325EEECB4.e.29916/click - {}
RESULT: {}
RESULT: {}
COMMAND: GET /session/0fb4450c6422fe69939d6824736e2f6f/screenshot - {}
RESULT: {}
COMMAND: POST /session/0fb4450c6422fe69939d6824736e2f6f/element - {"using":"xpath","value":"//input[contains(@id ,\"smartFilterBar-btnBasicSearch-I\")]"}
RESULT: {"using":"xpath","value":"//input[contains(@id ,\"smartFilterBar-btnBasicSearch-I\")]"}
COMMAND: POST /session/0fb4450c6422fe69939d6824736e2f6f/elements - {"using":"xpath","value":"//input[contains(@id ,\"smartFilterBar-btnBasicSearch-I\")]"}
RESULT: {"using":"xpath","value":"//input[contains(@id ,\"smartFilterBar-btnBasicSearch-I\")]"}
COMMAND: POST /session/0fb4450c6422fe69939d6824736e2f6f/execute/sync - {"script":"<script> [8489 bytes]","args":[{"element-6066-11e4-a52e-4f735466cecf":"f.852D346EF878C3E5FC3136AC53424AFF.d.87A2ECC125E8FE5D94671D5325EEECB4.e.29309","ELEMENT":"f.852D346EF878C3E5FC3136AC53424AFF.d.87A2ECC125E8FE5D94671D5325EEECB4.e.29309"}]}
RESULT: {"script":"<script> [8489 bytes]","args":[{"element-6066-11e4-a52e-4f735466cecf":"f.852D346EF878C3E5FC3136AC53424AFF.d.87A2ECC125E8FE5D94671D5325EEECB4.e.29309","ELEMENT":"f.852D346EF878C3E5FC3136AC53424AFF.d.87A2ECC125E8FE5D94671D5325EEECB4.e.29309"}]}
COMMAND: GET /session/0fb4450c6422fe69939d6824736e2f6f/element/f.852D346EF878C3E5FC3136AC53424AFF.d.87A2ECC125E8FE5D94671D5325EEECB4.e.29309/enabled - {}
COMMAND: GET /session/0fb4450c6422fe69939d6824736e2f6f/screenshot - {}
RESULT: {}
COMMAND: POST /session/0fb4450c6422fe69939d6824736e2f6f/element/f.852D346EF878C3E5FC3136AC53424AFF.d.87A2ECC125E8FE5D94671D5325EEECB4.e.29309/clear - {}
COMMAND: GET /session/0fb4450c6422fe69939d6824736e2f6f/screenshot - {}
RESULT: {}
RESULT: {}
COMMAND: POST /session/0fb4450c6422fe69939d6824736e2f6f/element/f.852D346EF878C3E5FC3136AC53424AFF.d.87A2ECC125E8FE5D94671D5325EEECB4.e.29309/value - {"text":"30692"}
COMMAND: GET /session/0fb4450c6422fe69939d6824736e2f6f/screenshot - {}
RESULT: {}
RESULT: {"text":"30692"}
COMMAND: GET /session/0fb4450c6422fe69939d6824736e2f6f/screenshot - {}
RESULT: {}
RESULT: {}
COMMAND: POST /session/0fb4450c6422fe69939d6824736e2f6f/actions - {"actions":[{"id":"action94","type":"key","parameters":{},"actions":[{"type":"keyDown","value":"î€‡"},{"type":"pause","duration":10},{"type":"keyUp","value":"î€‡"}]}]}
RESULT: {"actions":[{"id":"action94","type":"key","parameters":{},"actions":[{"type":"keyDown","value":"î€‡"},{"type":"pause","duration":10},{"type":"keyUp","value":"î€‡"}]}]}
COMMAND: GET /session/0fb4450c6422fe69939d6824736e2f6f/screenshot - {}
RESULT: {}
COMMAND: POST /session/0fb4450c6422fe69939d6824736e2f6f/element - {"using":"xpath","value":"//span[contains(@id, \"smartTable-header-inner\")]"}
RESULT: {"using":"xpath","value":"//span[contains(@id, \"smartTable-header-inner\")]"}
COMMAND: POST /session/0fb4450c6422fe69939d6824736e2f6f/elements - {"using":"xpath","value":"//span[contains(@id, \"smartTable-header-inner\")]"}
RESULT: {"using":"xpath","value":"//span[contains(@id, \"smartTable-header-inner\")]"}
COMMAND: POST /session/0fb4450c6422fe69939d6824736e2f6f/execute/sync - {"script":"<script> [56 bytes]","args":[{"element-6066-11e4-a52e-4f735466cecf":"f.852D346EF878C3E5FC3136AC53424AFF.d.87A2ECC125E8FE5D94671D5325EEECB4.e.30111","ELEMENT":"f.852D346EF878C3E5FC3136AC53424AFF.d.87A2ECC125E8FE5D94671D5325EEECB4.e.30111"}]}
RESULT: {"script":"<script> [56 bytes]","args":[{"element-6066-11e4-a52e-4f735466cecf":"f.852D346EF878C3E5FC3136AC53424AFF.d.87A2ECC125E8FE5D94671D5325EEECB4.e.30111","ELEMENT":"f.852D346EF878C3E5FC3136AC53424AFF.d.87A2ECC125E8FE5D94671D5325EEECB4.e.30111"}]}
COMMAND: POST /session/0fb4450c6422fe69939d6824736e2f6f/element - {"using":"xpath","value":"(//span[contains(@id, \"imgNav\")])[1]"}
COMMAND: GET /session/0fb4450c6422fe69939d6824736e2f6f/screenshot - {}
RESULT: {"using":"xpath","value":"(//span[contains(@id, \"imgNav\")])[1]"}
COMMAND: POST /session/0fb4450c6422fe69939d6824736e2f6f/element/f.852D346EF878C3E5FC3136AC53424AFF.d.87A2ECC125E8FE5D94671D5325EEECB4.e.30109/click - {}
RESULT: {}
RESULT: {}
COMMAND: GET /session/0fb4450c6422fe69939d6824736e2f6f/screenshot - {}
RESULT: {}
COMMAND: POST /session/0fb4450c6422fe69939d6824736e2f6f/execute/async - {"script":"<script> [1562 bytes]","args":[{"selector":{"controlType":"sap.m.ObjectStatus","viewName":"etm.portal.ui.managehandovers.view.DetailManageHO","viewId":"application-managehandovers-display-component---detailManageHO","bindingPath":{"propertyPath":"LINK_TO_STATUS/DESCRIPTION","modelName":"catalogModel"}},"wdio_ui5_key":"etmportal.ui.managehandovers.view.DetailManageHOsap.m.ObjectStatus{\"propertyPath\":\"LINK_TO_STATUS/DESCRIPTION\",\"modelName\":\"catalogModel\"}"}]}
RESULT: {"script":"<script> [1562 bytes]","args":[{"selector":{"controlType":"sap.m.ObjectStatus","viewName":"etm.portal.ui.managehandovers.view.DetailManageHO","viewId":"application-managehandovers-display-component---detailManageHO","bindingPath":{"propertyPath":"LINK_TO_STATUS/DESCRIPTION","modelName":"catalogModel"}},"wdio_ui5_key":"etmportal.ui.managehandovers.view.DetailManageHOsap.m.ObjectStatus{\"propertyPath\":\"LINK_TO_STATUS/DESCRIPTION\",\"modelName\":\"catalogModel\"}"}]}
RESULT: undefined
COMMAND: POST /session/0fb4450c6422fe69939d6824736e2f6f/execute/async - {"script":"<script> [6424 bytes]","args":[{"element-6066-11e4-a52e-4f735466cecf":"f.852D346EF878C3E5FC3136AC53424AFF.d.87A2ECC125E8FE5D94671D5325EEECB4.e.30166"},"getText",[]]}
RESULT: {"script":"<script> [6424 bytes]","args":[{"element-6066-11e4-a52e-4f735466cecf":"f.852D346EF878C3E5FC3136AC53424AFF.d.87A2ECC125E8FE5D94671D5325EEECB4.e.30166"},"getText",[]]}
COMMAND: POST /session/0fb4450c6422fe69939d6824736e2f6f/element - {"using":"xpath","value":"//header[contains(@id ,\"detailManageHO--ObjectPageLayout-headerTitle\")]/div[1]/div[2]/div[1]/div[1]/div[1]/div[2]/div/span"}
RESULT: {"using":"xpath","value":"//header[contains(@id ,\"detailManageHO--ObjectPageLayout-headerTitle\")]/div[1]/div[2]/div[1]/div[1]/div[1]/div[2]/div/span"}
COMMAND: POST /session/0fb4450c6422fe69939d6824736e2f6f/execute/sync - {"script":"<script> [56 bytes]","args":[{"element-6066-11e4-a52e-4f735466cecf":"f.852D346EF878C3E5FC3136AC53424AFF.d.87A2ECC125E8FE5D94671D5325EEECB4.e.30167","ELEMENT":"f.852D346EF878C3E5FC3136AC53424AFF.d.87A2ECC125E8FE5D94671D5325EEECB4.e.30167"}]}
RESULT: {"script":"<script> [56 bytes]","args":[{"element-6066-11e4-a52e-4f735466cecf":"f.852D346EF878C3E5FC3136AC53424AFF.d.87A2ECC125E8FE5D94671D5325EEECB4.e.30167","ELEMENT":"f.852D346EF878C3E5FC3136AC53424AFF.d.87A2ECC125E8FE5D94671D5325EEECB4.e.30167"}]}
COMMAND: GET /session/0fb4450c6422fe69939d6824736e2f6f/screenshot - {}
RESULT: {}
COMMAND: DELETE /session/0fb4450c6422fe69939d6824736e2f6f - {}
RESULT: {}
]]></system-out>
    </testcase>
  </testsuite>
</testsuites>