<?xml version="1.0" encoding="UTF-8"?>
<testsuites tests="58" failures="0" errors="0" skipped="0">
  <testsuite timestamp="2025-05-19T17:12:23" time="961.543" tests="11" failures="0" errors="0" skipped="0">
    <properties>
      <property name="specId" value="0" />
      <property name="suiteName" value="Billing confirm US117289" />
      <property name="capabilities" value="chrome.136_0_7103_93.windows" />
      <property name="file" value="file:///D:/a/1/s/test/specs/BTS/billing-confirm.spec.js" />
    </properties>
    <testcase classname="chrome.136_0_7103_93.windows.Billing_confirm_US117289" name="Should create a new yard" time="116.467">
      <system-out><![CDATA[
COMMAND: POST /session/e75b3d5d2d0828505fb80b5e18bd174b/window/fullscreen - {}
RESULT: {}
COMMAND: POST /session/e75b3d5d2d0828505fb80b5e18bd174b/execute/async - {"script":"<script> [1562 bytes]","args":[{"selector":{"controlType":"sap.m.GenericTile","properties":{"header":"Manage Yards"}},"wdio_ui5_key":"sapm.GenericTile{\"header\":\"Manage Yards\"}"}]}
RESULT: {"script":"<script> [1562 bytes]","args":[{"selector":{"controlType":"sap.m.GenericTile","properties":{"header":"Manage Yards"}},"wdio_ui5_key":"sapm.GenericTile{\"header\":\"Manage Yards\"}"}]}
RESULT: undefined
COMMAND: POST /session/e75b3d5d2d0828505fb80b5e18bd174b/element - {"using":"xpath","value":"//*[@id=\"__tile41\"]"}
RESULT: {"using":"xpath","value":"//*[@id=\"__tile41\"]"}
COMMAND: POST /session/e75b3d5d2d0828505fb80b5e18bd174b/element/f.3CC06888A91A2B87598FBDB561306D63.d.517307A33275426844F0151F1ABEC4A3.e.163/click - {}
RESULT: {}
COMMAND: GET /session/e75b3d5d2d0828505fb80b5e18bd174b/screenshot - {}
RESULT: {}
COMMAND: POST /session/e75b3d5d2d0828505fb80b5e18bd174b/elements - {"using":"xpath","value":"//span[text()='Error']"}
RESULT: {"using":"xpath","value":"//span[text()='Error']"}
COMMAND: POST /session/e75b3d5d2d0828505fb80b5e18bd174b/element - {"using":"xpath","value":"//button[@data-kt=\"addNewYardOverflowToolbarButton\"]"}
RESULT: {"using":"xpath","value":"//button[@data-kt=\"addNewYardOverflowToolbarButton\"]"}
COMMAND: POST /session/e75b3d5d2d0828505fb80b5e18bd174b/elements - {"using":"xpath","value":"//button[@data-kt=\"addNewYardOverflowToolbarButton\"]"}
RESULT: {"using":"xpath","value":"//button[@data-kt=\"addNewYardOverflowToolbarButton\"]"}
COMMAND: POST /session/e75b3d5d2d0828505fb80b5e18bd174b/elements - {"using":"xpath","value":"//button[@data-kt=\"addNewYardOverflowToolbarButton\"]"}
RESULT: {"using":"xpath","value":"//button[@data-kt=\"addNewYardOverflowToolbarButton\"]"}
COMMAND: POST /session/e75b3d5d2d0828505fb80b5e18bd174b/elements - {"using":"xpath","value":"//button[@data-kt=\"addNewYardOverflowToolbarButton\"]"}
RESULT: {"using":"xpath","value":"//button[@data-kt=\"addNewYardOverflowToolbarButton\"]"}
COMMAND: POST /session/e75b3d5d2d0828505fb80b5e18bd174b/elements - {"using":"xpath","value":"//button[@data-kt=\"addNewYardOverflowToolbarButton\"]"}
RESULT: {"using":"xpath","value":"//button[@data-kt=\"addNewYardOverflowToolbarButton\"]"}
COMMAND: POST /session/e75b3d5d2d0828505fb80b5e18bd174b/elements - {"using":"xpath","value":"//button[@data-kt=\"addNewYardOverflowToolbarButton\"]"}
RESULT: {"using":"xpath","value":"//button[@data-kt=\"addNewYardOverflowToolbarButton\"]"}
COMMAND: POST /session/e75b3d5d2d0828505fb80b5e18bd174b/element - {"using":"xpath","value":"//button[@data-kt=\"addNewYardOverflowToolbarButton\"]"}
RESULT: {"using":"xpath","value":"//button[@data-kt=\"addNewYardOverflowToolbarButton\"]"}
COMMAND: POST /session/e75b3d5d2d0828505fb80b5e18bd174b/execute/sync - {"script":"<script> [8489 bytes]","args":[{"element-6066-11e4-a52e-4f735466cecf":"f.3CC06888A91A2B87598FBDB561306D63.d.517307A33275426844F0151F1ABEC4A3.e.295","ELEMENT":"f.3CC06888A91A2B87598FBDB561306D63.d.517307A33275426844F0151F1ABEC4A3.e.295"}]}
RESULT: {"script":"<script> [8489 bytes]","args":[{"element-6066-11e4-a52e-4f735466cecf":"f.3CC06888A91A2B87598FBDB561306D63.d.517307A33275426844F0151F1ABEC4A3.e.295","ELEMENT":"f.3CC06888A91A2B87598FBDB561306D63.d.517307A33275426844F0151F1ABEC4A3.e.295"}]}
COMMAND: GET /session/e75b3d5d2d0828505fb80b5e18bd174b/element/f.3CC06888A91A2B87598FBDB561306D63.d.517307A33275426844F0151F1ABEC4A3.e.295/enabled - {}
COMMAND: GET /session/e75b3d5d2d0828505fb80b5e18bd174b/screenshot - {}
RESULT: {}
COMMAND: POST /session/e75b3d5d2d0828505fb80b5e18bd174b/execute/sync - {"script":"<script> [8489 bytes]","args":[{"element-6066-11e4-a52e-4f735466cecf":"f.3CC06888A91A2B87598FBDB561306D63.d.517307A33275426844F0151F1ABEC4A3.e.295","ELEMENT":"f.3CC06888A91A2B87598FBDB561306D63.d.517307A33275426844F0151F1ABEC4A3.e.295"}]}
COMMAND: GET /session/e75b3d5d2d0828505fb80b5e18bd174b/screenshot - {}
RESULT: {}
RESULT: {"script":"<script> [8489 bytes]","args":[{"element-6066-11e4-a52e-4f735466cecf":"f.3CC06888A91A2B87598FBDB561306D63.d.517307A33275426844F0151F1ABEC4A3.e.295","ELEMENT":"f.3CC06888A91A2B87598FBDB561306D63.d.517307A33275426844F0151F1ABEC4A3.e.295"}]}
COMMAND: POST /session/e75b3d5d2d0828505fb80b5e18bd174b/execute/sync - {"script":"<script> [5351 bytes]","args":[{"element-6066-11e4-a52e-4f735466cecf":"f.3CC06888A91A2B87598FBDB561306D63.d.517307A33275426844F0151F1ABEC4A3.e.295","ELEMENT":"f.3CC06888A91A2B87598FBDB561306D63.d.517307A33275426844F0151F1ABEC4A3.e.295"}]}
COMMAND: GET /session/e75b3d5d2d0828505fb80b5e18bd174b/screenshot - {}
RESULT: {}
RESULT: {"script":"<script> [5351 bytes]","args":[{"element-6066-11e4-a52e-4f735466cecf":"f.3CC06888A91A2B87598FBDB561306D63.d.517307A33275426844F0151F1ABEC4A3.e.295","ELEMENT":"f.3CC06888A91A2B87598FBDB561306D63.d.517307A33275426844F0151F1ABEC4A3.e.295"}]}
COMMAND: POST /session/e75b3d5d2d0828505fb80b5e18bd174b/element/f.3CC06888A91A2B87598FBDB561306D63.d.517307A33275426844F0151F1ABEC4A3.e.295/click - {}
COMMAND: GET /session/e75b3d5d2d0828505fb80b5e18bd174b/screenshot - {}
RESULT: {}
RESULT: {}
COMMAND: GET /session/e75b3d5d2d0828505fb80b5e18bd174b/screenshot - {}
RESULT: {}
RESULT: {}
COMMAND: POST /session/e75b3d5d2d0828505fb80b5e18bd174b/element - {"using":"xpath","value":"//input[@id=\"application-manageyards-display-component---NewYard--yardId-inner\"]"}
RESULT: {"using":"xpath","value":"//input[@id=\"application-manageyards-display-component---NewYard--yardId-inner\"]"}
COMMAND: POST /session/e75b3d5d2d0828505fb80b5e18bd174b/element - {"using":"xpath","value":"//input[@id=\"application-manageyards-display-component---NewYard--yardId-inner\"]"}
RESULT: {"using":"xpath","value":"//input[@id=\"application-manageyards-display-component---NewYard--yardId-inner\"]"}
COMMAND: POST /session/e75b3d5d2d0828505fb80b5e18bd174b/execute/async - {"script":"<script> [1562 bytes]","args":[{"selector":{"id":"application-manageyards-display-component---NewYard--addressDetailDetailsName1","interaction":{"idSuffix":"inner"}},"wdio_ui5_key":"applicationmanageyards-display-component---NewYard--addressDetailDetailsName1"}]}
RESULT: {"script":"<script> [1562 bytes]","args":[{"selector":{"id":"application-manageyards-display-component---NewYard--addressDetailDetailsName1","interaction":{"idSuffix":"inner"}},"wdio_ui5_key":"applicationmanageyards-display-component---NewYard--addressDetailDetailsName1"}]}
RESULT: undefined
COMMAND: POST /session/e75b3d5d2d0828505fb80b5e18bd174b/execute/async - {"script":"<script> [776 bytes]","args":[{"enterText":"Intracompany Yard wdIO","selector":{"id":"application-manageyards-display-component---NewYard--addressDetailDetailsName1","interaction":{"idSuffix":"inner"}},"clearTextFirst":true,"interactionType":"ENTER_TEXT"}]}
RESULT: {"script":"<script> [776 bytes]","args":[{"enterText":"Intracompany Yard wdIO","selector":{"id":"application-manageyards-display-component---NewYard--addressDetailDetailsName1","interaction":{"idSuffix":"inner"}},"clearTextFirst":true,"interactionType":"ENTER_TEXT"}]}
COMMAND: POST /session/e75b3d5d2d0828505fb80b5e18bd174b/execute/async - {"script":"<script> [1562 bytes]","args":[{"selector":{"id":"application-manageyards-display-component---NewYard--addressDetailDetailsLanguage-arrow"},"wdio_ui5_key":"applicationmanageyards-display-component---NewYard--addressDetailDetailsLanguage-arrow"}]}
RESULT: {"script":"<script> [1562 bytes]","args":[{"selector":{"id":"application-manageyards-display-component---NewYard--addressDetailDetailsLanguage-arrow"},"wdio_ui5_key":"applicationmanageyards-display-component---NewYard--addressDetailDetailsLanguage-arrow"}]}
RESULT: undefined
COMMAND: POST /session/e75b3d5d2d0828505fb80b5e18bd174b/element - {"using":"xpath","value":"//*[@id=\"application-manageyards-display-component---NewYard--addressDetailDetailsLanguage-arrow\"]"}
RESULT: {"using":"xpath","value":"//*[@id=\"application-manageyards-display-component---NewYard--addressDetailDetailsLanguage-arrow\"]"}
COMMAND: POST /session/e75b3d5d2d0828505fb80b5e18bd174b/element/f.3CC06888A91A2B87598FBDB561306D63.d.517307A33275426844F0151F1ABEC4A3.e.742/click - {}
RESULT: {}
COMMAND: POST /session/e75b3d5d2d0828505fb80b5e18bd174b/element - {"using":"xpath","value":"//span[contains(text(), \"English\")]"}
COMMAND: GET /session/e75b3d5d2d0828505fb80b5e18bd174b/screenshot - {}
RESULT: {"using":"xpath","value":"//span[contains(text(), \"English\")]"}
COMMAND: POST /session/e75b3d5d2d0828505fb80b5e18bd174b/element/f.3CC06888A91A2B87598FBDB561306D63.d.517307A33275426844F0151F1ABEC4A3.e.743/click - {}
RESULT: {}
RESULT: {}
COMMAND: POST /session/e75b3d5d2d0828505fb80b5e18bd174b/execute/async - {"script":"<script> [1562 bytes]","args":[{"selector":{"id":"application-manageyards-display-component---NewYard--addressDetailDetailsCity1","interaction":{"idSuffix":"inner"}},"wdio_ui5_key":"applicationmanageyards-display-component---NewYard--addressDetailDetailsCity1"}]}
COMMAND: GET /session/e75b3d5d2d0828505fb80b5e18bd174b/screenshot - {}
RESULT: {"script":"<script> [1562 bytes]","args":[{"selector":{"id":"application-manageyards-display-component---NewYard--addressDetailDetailsCity1","interaction":{"idSuffix":"inner"}},"wdio_ui5_key":"applicationmanageyards-display-component---NewYard--addressDetailDetailsCity1"}]}
RESULT: undefined
COMMAND: POST /session/e75b3d5d2d0828505fb80b5e18bd174b/execute/async - {"script":"<script> [776 bytes]","args":[{"enterText":"Rosario","selector":{"id":"application-manageyards-display-component---NewYard--addressDetailDetailsCity1","interaction":{"idSuffix":"inner"}},"clearTextFirst":true,"interactionType":"ENTER_TEXT"}]}
RESULT: {}
RESULT: {"script":"<script> [776 bytes]","args":[{"enterText":"Rosario","selector":{"id":"application-manageyards-display-component---NewYard--addressDetailDetailsCity1","interaction":{"idSuffix":"inner"}},"clearTextFirst":true,"interactionType":"ENTER_TEXT"}]}
COMMAND: POST /session/e75b3d5d2d0828505fb80b5e18bd174b/execute/async - {"script":"<script> [1562 bytes]","args":[{"selector":{"id":"application-manageyards-display-component---NewYard--addressDetailDetailsCountry-arrow"},"wdio_ui5_key":"applicationmanageyards-display-component---NewYard--addressDetailDetailsCountry-arrow"}]}
RESULT: {"script":"<script> [1562 bytes]","args":[{"selector":{"id":"application-manageyards-display-component---NewYard--addressDetailDetailsCountry-arrow"},"wdio_ui5_key":"applicationmanageyards-display-component---NewYard--addressDetailDetailsCountry-arrow"}]}
RESULT: undefined
COMMAND: POST /session/e75b3d5d2d0828505fb80b5e18bd174b/element - {"using":"xpath","value":"//*[@id=\"application-manageyards-display-component---NewYard--addressDetailDetailsCountry-arrow\"]"}
RESULT: {"using":"xpath","value":"//*[@id=\"application-manageyards-display-component---NewYard--addressDetailDetailsCountry-arrow\"]"}
COMMAND: POST /session/e75b3d5d2d0828505fb80b5e18bd174b/element/f.3CC06888A91A2B87598FBDB561306D63.d.517307A33275426844F0151F1ABEC4A3.e.745/click - {}
RESULT: {}
COMMAND: POST /session/e75b3d5d2d0828505fb80b5e18bd174b/element - {"using":"xpath","value":"//span[contains(text(), \"Argentina\")]"}
COMMAND: GET /session/e75b3d5d2d0828505fb80b5e18bd174b/screenshot - {}
RESULT: {"using":"xpath","value":"//span[contains(text(), \"Argentina\")]"}
COMMAND: POST /session/e75b3d5d2d0828505fb80b5e18bd174b/element/f.3CC06888A91A2B87598FBDB561306D63.d.517307A33275426844F0151F1ABEC4A3.e.746/click - {}
RESULT: {}
RESULT: {}
COMMAND: POST /session/e75b3d5d2d0828505fb80b5e18bd174b/execute/async - {"script":"<script> [1562 bytes]","args":[{"selector":{"id":"application-manageyards-display-component---NewYard--addressEditDetailsCostObjectCstType-arrow"},"wdio_ui5_key":"applicationmanageyards-display-component---NewYard--addressEditDetailsCostObjectCstType-arrow"}]}
COMMAND: GET /session/e75b3d5d2d0828505fb80b5e18bd174b/screenshot - {}
RESULT: {"script":"<script> [1562 bytes]","args":[{"selector":{"id":"application-manageyards-display-component---NewYard--addressEditDetailsCostObjectCstType-arrow"},"wdio_ui5_key":"applicationmanageyards-display-component---NewYard--addressEditDetailsCostObjectCstType-arrow"}]}
RESULT: undefined
COMMAND: POST /session/e75b3d5d2d0828505fb80b5e18bd174b/element - {"using":"xpath","value":"//*[@id=\"application-manageyards-display-component---NewYard--addressEditDetailsCostObjectCstType-arrow\"]"}
RESULT: {}
RESULT: {"using":"xpath","value":"//*[@id=\"application-manageyards-display-component---NewYard--addressEditDetailsCostObjectCstType-arrow\"]"}
COMMAND: POST /session/e75b3d5d2d0828505fb80b5e18bd174b/element/f.3CC06888A91A2B87598FBDB561306D63.d.517307A33275426844F0151F1ABEC4A3.e.748/click - {}
RESULT: {}
COMMAND: POST /session/e75b3d5d2d0828505fb80b5e18bd174b/element - {"using":"xpath","value":"//span[contains(text(), \"Cost Center\")]"}
COMMAND: GET /session/e75b3d5d2d0828505fb80b5e18bd174b/screenshot - {}
RESULT: {"using":"xpath","value":"//span[contains(text(), \"Cost Center\")]"}
COMMAND: POST /session/e75b3d5d2d0828505fb80b5e18bd174b/element/f.3CC06888A91A2B87598FBDB561306D63.d.517307A33275426844F0151F1ABEC4A3.e.749/click - {}
RESULT: {}
RESULT: {}
COMMAND: GET /session/e75b3d5d2d0828505fb80b5e18bd174b/screenshot - {}
RESULT: {}
COMMAND: POST /session/e75b3d5d2d0828505fb80b5e18bd174b/element - {"using":"xpath","value":"//span[@id=\"application-manageyards-display-component---NewYard--addressNewCostObjectCstID-vhi\"]"}
RESULT: {"using":"xpath","value":"//span[@id=\"application-manageyards-display-component---NewYard--addressNewCostObjectCstID-vhi\"]"}
COMMAND: POST /session/e75b3d5d2d0828505fb80b5e18bd174b/execute/sync - {"script":"<script> [8489 bytes]","args":[{"element-6066-11e4-a52e-4f735466cecf":"f.3CC06888A91A2B87598FBDB561306D63.d.517307A33275426844F0151F1ABEC4A3.e.753","ELEMENT":"f.3CC06888A91A2B87598FBDB561306D63.d.517307A33275426844F0151F1ABEC4A3.e.753"}]}
RESULT: {"script":"<script> [8489 bytes]","args":[{"element-6066-11e4-a52e-4f735466cecf":"f.3CC06888A91A2B87598FBDB561306D63.d.517307A33275426844F0151F1ABEC4A3.e.753","ELEMENT":"f.3CC06888A91A2B87598FBDB561306D63.d.517307A33275426844F0151F1ABEC4A3.e.753"}]}
COMMAND: POST /session/e75b3d5d2d0828505fb80b5e18bd174b/execute/async - {"script":"<script> [1562 bytes]","args":[{"selector":{"id":"application-manageyards-display-component---NewYard--addressNewCostObjectCstID-vhi"},"wdio_ui5_key":"applicationmanageyards-display-component---NewYard--addressNewCostObjectCstID-vhi"}]}
COMMAND: GET /session/e75b3d5d2d0828505fb80b5e18bd174b/screenshot - {}
RESULT: {"script":"<script> [1562 bytes]","args":[{"selector":{"id":"application-manageyards-display-component---NewYard--addressNewCostObjectCstID-vhi"},"wdio_ui5_key":"applicationmanageyards-display-component---NewYard--addressNewCostObjectCstID-vhi"}]}
RESULT: undefined
COMMAND: POST /session/e75b3d5d2d0828505fb80b5e18bd174b/element - {"using":"xpath","value":"//*[@id=\"application-manageyards-display-component---NewYard--addressNewCostObjectCstID-vhi\"]"}
RESULT: {}
RESULT: {"using":"xpath","value":"//*[@id=\"application-manageyards-display-component---NewYard--addressNewCostObjectCstID-vhi\"]"}
COMMAND: POST /session/e75b3d5d2d0828505fb80b5e18bd174b/element/f.3CC06888A91A2B87598FBDB561306D63.d.517307A33275426844F0151F1ABEC4A3.e.753/click - {}
RESULT: {}
COMMAND: GET /session/e75b3d5d2d0828505fb80b5e18bd174b/screenshot - {}
RESULT: {}
COMMAND: POST /session/e75b3d5d2d0828505fb80b5e18bd174b/execute/async - {"script":"<script> [1562 bytes]","args":[{"selector":{"controlType":"sap.m.SearchField","properties":{"placeholder":"Search"},"searchOpenDialogs":true,"interaction":{"idSuffix":"I"}},"wdio_ui5_key":"sapm.SearchField{\"placeholder\":\"Search\"}"}]}
RESULT: {"script":"<script> [1562 bytes]","args":[{"selector":{"controlType":"sap.m.SearchField","properties":{"placeholder":"Search"},"searchOpenDialogs":true,"interaction":{"idSuffix":"I"}},"wdio_ui5_key":"sapm.SearchField{\"placeholder\":\"Search\"}"}]}
RESULT: undefined
COMMAND: POST /session/e75b3d5d2d0828505fb80b5e18bd174b/execute/async - {"script":"<script> [776 bytes]","args":[{"enterText":"bauh_b","selector":{"controlType":"sap.m.SearchField","properties":{"placeholder":"Search"},"searchOpenDialogs":true,"interaction":{"idSuffix":"I"}},"clearTextFirst":true,"interactionType":"ENTER_TEXT"}]}
RESULT: {"script":"<script> [776 bytes]","args":[{"enterText":"bauh_b","selector":{"controlType":"sap.m.SearchField","properties":{"placeholder":"Search"},"searchOpenDialogs":true,"interaction":{"idSuffix":"I"}},"clearTextFirst":true,"interactionType":"ENTER_TEXT"}]}
COMMAND: POST /session/e75b3d5d2d0828505fb80b5e18bd174b/actions - {"actions":[{"id":"action1","type":"key","parameters":{},"actions":[{"type":"keyDown","value":"î€‡"},{"type":"pause","duration":10},{"type":"keyUp","value":"î€‡"}]}]}
RESULT: {"actions":[{"id":"action1","type":"key","parameters":{},"actions":[{"type":"keyDown","value":"î€‡"},{"type":"pause","duration":10},{"type":"keyUp","value":"î€‡"}]}]}
COMMAND: GET /session/e75b3d5d2d0828505fb80b5e18bd174b/screenshot - {}
RESULT: {}
COMMAND: POST /session/e75b3d5d2d0828505fb80b5e18bd174b/element - {"using":"xpath","value":"//span[contains(text(), \"Demo Yard\")]"}
RESULT: {"using":"xpath","value":"//span[contains(text(), \"Demo Yard\")]"}
COMMAND: POST /session/e75b3d5d2d0828505fb80b5e18bd174b/element/f.3CC06888A91A2B87598FBDB561306D63.d.517307A33275426844F0151F1ABEC4A3.e.793/click - {}
RESULT: {}
COMMAND: GET /session/e75b3d5d2d0828505fb80b5e18bd174b/screenshot - {}
RESULT: {}
COMMAND: POST /session/e75b3d5d2d0828505fb80b5e18bd174b/element - {"using":"xpath","value":"//bdi[contains(text(), \"OK\")]"}
RESULT: {"using":"xpath","value":"//bdi[contains(text(), \"OK\")]"}
COMMAND: POST /session/e75b3d5d2d0828505fb80b5e18bd174b/element/f.3CC06888A91A2B87598FBDB561306D63.d.517307A33275426844F0151F1ABEC4A3.e.794/click - {}
RESULT: {}
COMMAND: GET /session/e75b3d5d2d0828505fb80b5e18bd174b/screenshot - {}
RESULT: {}
COMMAND: POST /session/e75b3d5d2d0828505fb80b5e18bd174b/execute/async - {"script":"<script> [1562 bytes]","args":[{"selector":{"id":"application-manageyards-display-component---NewYard--addressEditDetailsCurrency-arrow"},"wdio_ui5_key":"applicationmanageyards-display-component---NewYard--addressEditDetailsCurrency-arrow"}]}
RESULT: {"script":"<script> [1562 bytes]","args":[{"selector":{"id":"application-manageyards-display-component---NewYard--addressEditDetailsCurrency-arrow"},"wdio_ui5_key":"applicationmanageyards-display-component---NewYard--addressEditDetailsCurrency-arrow"}]}
RESULT: undefined
COMMAND: POST /session/e75b3d5d2d0828505fb80b5e18bd174b/element - {"using":"xpath","value":"//*[@id=\"application-manageyards-display-component---NewYard--addressEditDetailsCurrency-arrow\"]"}
RESULT: {"using":"xpath","value":"//*[@id=\"application-manageyards-display-component---NewYard--addressEditDetailsCurrency-arrow\"]"}
COMMAND: POST /session/e75b3d5d2d0828505fb80b5e18bd174b/element/f.3CC06888A91A2B87598FBDB561306D63.d.517307A33275426844F0151F1ABEC4A3.e.797/click - {}
RESULT: {}
COMMAND: POST /session/e75b3d5d2d0828505fb80b5e18bd174b/element - {"using":"xpath","value":"//span[contains(text(), \"Euro\")]"}
COMMAND: GET /session/e75b3d5d2d0828505fb80b5e18bd174b/screenshot - {}
RESULT: {"using":"xpath","value":"//span[contains(text(), \"Euro\")]"}
COMMAND: POST /session/e75b3d5d2d0828505fb80b5e18bd174b/element/f.3CC06888A91A2B87598FBDB561306D63.d.517307A33275426844F0151F1ABEC4A3.e.798/click - {}
RESULT: {}
RESULT: {}
COMMAND: POST /session/e75b3d5d2d0828505fb80b5e18bd174b/execute/async - {"script":"<script> [1562 bytes]","args":[{"selector":{"controlType":"sap.m.Input","viewName":"etm.portal.ui.manageyards.view.New","viewId":"application-manageyards-display-component---NewYard","bindingPath":{"path":"","propertyPath":"/CONTROLLING_AREA","modelName":"NewYardModel"},"interaction":{"idSuffix":"inner"}},"wdio_ui5_key":"etmportal.ui.manageyards.view.Newsap.m.Input{\"path\":\"\",\"propertyPath\":\"/CONTROLLING_AREA\",\"modelName\":\"NewYardModel\"}"}]}
COMMAND: GET /session/e75b3d5d2d0828505fb80b5e18bd174b/screenshot - {}
RESULT: {"script":"<script> [1562 bytes]","args":[{"selector":{"controlType":"sap.m.Input","viewName":"etm.portal.ui.manageyards.view.New","viewId":"application-manageyards-display-component---NewYard","bindingPath":{"path":"","propertyPath":"/CONTROLLING_AREA","modelName":"NewYardModel"},"interaction":{"idSuffix":"inner"}},"wdio_ui5_key":"etmportal.ui.manageyards.view.Newsap.m.Input{\"path\":\"\",\"propertyPath\":\"/CONTROLLING_AREA\",\"modelName\":\"NewYardModel\"}"}]}
RESULT: undefined
COMMAND: POST /session/e75b3d5d2d0828505fb80b5e18bd174b/execute/async - {"script":"<script> [776 bytes]","args":[{"enterText":"Z001","selector":{"controlType":"sap.m.Input","viewName":"etm.portal.ui.manageyards.view.New","viewId":"application-manageyards-display-component---NewYard","bindingPath":{"path":"","propertyPath":"/CONTROLLING_AREA","modelName":"NewYardModel"},"interaction":{"idSuffix":"inner"}},"clearTextFirst":true,"interactionType":"ENTER_TEXT"}]}
RESULT: {}
RESULT: {"script":"<script> [776 bytes]","args":[{"enterText":"Z001","selector":{"controlType":"sap.m.Input","viewName":"etm.portal.ui.manageyards.view.New","viewId":"application-manageyards-display-component---NewYard","bindingPath":{"path":"","propertyPath":"/CONTROLLING_AREA","modelName":"NewYardModel"},"interaction":{"idSuffix":"inner"}},"clearTextFirst":true,"interactionType":"ENTER_TEXT"}]}
COMMAND: POST /session/e75b3d5d2d0828505fb80b5e18bd174b/execute/async - {"script":"<script> [1562 bytes]","args":[{"selector":{"id":"application-manageyards-display-component---NewYard--companyCodeComboBox","interaction":{"idSuffix":"inner"}},"wdio_ui5_key":"applicationmanageyards-display-component---NewYard--companyCodeComboBox"}]}
RESULT: {"script":"<script> [1562 bytes]","args":[{"selector":{"id":"application-manageyards-display-component---NewYard--companyCodeComboBox","interaction":{"idSuffix":"inner"}},"wdio_ui5_key":"applicationmanageyards-display-component---NewYard--companyCodeComboBox"}]}
RESULT: undefined
COMMAND: POST /session/e75b3d5d2d0828505fb80b5e18bd174b/execute/async - {"script":"<script> [776 bytes]","args":[{"enterText":"1000","selector":{"id":"application-manageyards-display-component---NewYard--companyCodeComboBox","interaction":{"idSuffix":"inner"}},"clearTextFirst":true,"interactionType":"ENTER_TEXT"}]}
RESULT: {"script":"<script> [776 bytes]","args":[{"enterText":"1000","selector":{"id":"application-manageyards-display-component---NewYard--companyCodeComboBox","interaction":{"idSuffix":"inner"}},"clearTextFirst":true,"interactionType":"ENTER_TEXT"}]}
COMMAND: POST /session/e75b3d5d2d0828505fb80b5e18bd174b/execute/async - {"script":"<script> [1562 bytes]","args":[{"selector":{"controlType":"sap.m.Input","viewName":"etm.portal.ui.manageyards.view.New","viewId":"application-manageyards-display-component---NewYard","bindingPath":{"path":"","propertyPath":"/PLANT","modelName":"NewYardModel"},"interaction":{"idSuffix":"inner"}},"wdio_ui5_key":"etmportal.ui.manageyards.view.Newsap.m.Input{\"path\":\"\",\"propertyPath\":\"/PLANT\",\"modelName\":\"NewYardModel\"}"}]}
RESULT: {"script":"<script> [1562 bytes]","args":[{"selector":{"controlType":"sap.m.Input","viewName":"etm.portal.ui.manageyards.view.New","viewId":"application-manageyards-display-component---NewYard","bindingPath":{"path":"","propertyPath":"/PLANT","modelName":"NewYardModel"},"interaction":{"idSuffix":"inner"}},"wdio_ui5_key":"etmportal.ui.manageyards.view.Newsap.m.Input{\"path\":\"\",\"propertyPath\":\"/PLANT\",\"modelName\":\"NewYardModel\"}"}]}
RESULT: undefined
COMMAND: POST /session/e75b3d5d2d0828505fb80b5e18bd174b/execute/async - {"script":"<script> [776 bytes]","args":[{"enterText":"1001","selector":{"controlType":"sap.m.Input","viewName":"etm.portal.ui.manageyards.view.New","viewId":"application-manageyards-display-component---NewYard","bindingPath":{"path":"","propertyPath":"/PLANT","modelName":"NewYardModel"},"interaction":{"idSuffix":"inner"}},"clearTextFirst":true,"interactionType":"ENTER_TEXT"}]}
RESULT: {"script":"<script> [776 bytes]","args":[{"enterText":"1001","selector":{"controlType":"sap.m.Input","viewName":"etm.portal.ui.manageyards.view.New","viewId":"application-manageyards-display-component---NewYard","bindingPath":{"path":"","propertyPath":"/PLANT","modelName":"NewYardModel"},"interaction":{"idSuffix":"inner"}},"clearTextFirst":true,"interactionType":"ENTER_TEXT"}]}
COMMAND: POST /session/e75b3d5d2d0828505fb80b5e18bd174b/execute/async - {"script":"<script> [1562 bytes]","args":[{"selector":{"controlType":"sap.m.Input","viewName":"etm.portal.ui.manageyards.view.New","viewId":"application-manageyards-display-component---NewYard","bindingPath":{"path":"","propertyPath":"/SALES_AREA_VKORG","modelName":"NewYardModel"},"interaction":{"idSuffix":"inner"}},"wdio_ui5_key":"etmportal.ui.manageyards.view.Newsap.m.Input{\"path\":\"\",\"propertyPath\":\"/SALES_AREA_VKORG\",\"modelName\":\"NewYardModel\"}"}]}
RESULT: {"script":"<script> [1562 bytes]","args":[{"selector":{"controlType":"sap.m.Input","viewName":"etm.portal.ui.manageyards.view.New","viewId":"application-manageyards-display-component---NewYard","bindingPath":{"path":"","propertyPath":"/SALES_AREA_VKORG","modelName":"NewYardModel"},"interaction":{"idSuffix":"inner"}},"wdio_ui5_key":"etmportal.ui.manageyards.view.Newsap.m.Input{\"path\":\"\",\"propertyPath\":\"/SALES_AREA_VKORG\",\"modelName\":\"NewYardModel\"}"}]}
RESULT: undefined
COMMAND: POST /session/e75b3d5d2d0828505fb80b5e18bd174b/execute/async - {"script":"<script> [776 bytes]","args":[{"enterText":"C002","selector":{"controlType":"sap.m.Input","viewName":"etm.portal.ui.manageyards.view.New","viewId":"application-manageyards-display-component---NewYard","bindingPath":{"path":"","propertyPath":"/SALES_AREA_VKORG","modelName":"NewYardModel"},"interaction":{"idSuffix":"inner"}},"clearTextFirst":true,"interactionType":"ENTER_TEXT"}]}
RESULT: {"script":"<script> [776 bytes]","args":[{"enterText":"C002","selector":{"controlType":"sap.m.Input","viewName":"etm.portal.ui.manageyards.view.New","viewId":"application-manageyards-display-component---NewYard","bindingPath":{"path":"","propertyPath":"/SALES_AREA_VKORG","modelName":"NewYardModel"},"interaction":{"idSuffix":"inner"}},"clearTextFirst":true,"interactionType":"ENTER_TEXT"}]}
COMMAND: POST /session/e75b3d5d2d0828505fb80b5e18bd174b/execute/async - {"script":"<script> [1562 bytes]","args":[{"selector":{"controlType":"sap.m.Input","viewName":"etm.portal.ui.manageyards.view.New","viewId":"application-manageyards-display-component---NewYard","bindingPath":{"path":"","propertyPath":"/SALES_AREA_VTWEG","modelName":"NewYardModel"},"interaction":{"idSuffix":"inner"}},"wdio_ui5_key":"etmportal.ui.manageyards.view.Newsap.m.Input{\"path\":\"\",\"propertyPath\":\"/SALES_AREA_VTWEG\",\"modelName\":\"NewYardModel\"}"}]}
RESULT: {"script":"<script> [1562 bytes]","args":[{"selector":{"controlType":"sap.m.Input","viewName":"etm.portal.ui.manageyards.view.New","viewId":"application-manageyards-display-component---NewYard","bindingPath":{"path":"","propertyPath":"/SALES_AREA_VTWEG","modelName":"NewYardModel"},"interaction":{"idSuffix":"inner"}},"wdio_ui5_key":"etmportal.ui.manageyards.view.Newsap.m.Input{\"path\":\"\",\"propertyPath\":\"/SALES_AREA_VTWEG\",\"modelName\":\"NewYardModel\"}"}]}
RESULT: undefined
COMMAND: POST /session/e75b3d5d2d0828505fb80b5e18bd174b/execute/async - {"script":"<script> [776 bytes]","args":[{"enterText":"C2","selector":{"controlType":"sap.m.Input","viewName":"etm.portal.ui.manageyards.view.New","viewId":"application-manageyards-display-component---NewYard","bindingPath":{"path":"","propertyPath":"/SALES_AREA_VTWEG","modelName":"NewYardModel"},"interaction":{"idSuffix":"inner"}},"clearTextFirst":true,"interactionType":"ENTER_TEXT"}]}
RESULT: {"script":"<script> [776 bytes]","args":[{"enterText":"C2","selector":{"controlType":"sap.m.Input","viewName":"etm.portal.ui.manageyards.view.New","viewId":"application-manageyards-display-component---NewYard","bindingPath":{"path":"","propertyPath":"/SALES_AREA_VTWEG","modelName":"NewYardModel"},"interaction":{"idSuffix":"inner"}},"clearTextFirst":true,"interactionType":"ENTER_TEXT"}]}
COMMAND: POST /session/e75b3d5d2d0828505fb80b5e18bd174b/execute/async - {"script":"<script> [1562 bytes]","args":[{"selector":{"controlType":"sap.m.Input","viewName":"etm.portal.ui.manageyards.view.New","viewId":"application-manageyards-display-component---NewYard","bindingPath":{"path":"","propertyPath":"/SALES_AREA_SPART","modelName":"NewYardModel"},"interaction":{"idSuffix":"inner"}},"wdio_ui5_key":"etmportal.ui.manageyards.view.Newsap.m.Input{\"path\":\"\",\"propertyPath\":\"/SALES_AREA_SPART\",\"modelName\":\"NewYardModel\"}"}]}
RESULT: {"script":"<script> [1562 bytes]","args":[{"selector":{"controlType":"sap.m.Input","viewName":"etm.portal.ui.manageyards.view.New","viewId":"application-manageyards-display-component---NewYard","bindingPath":{"path":"","propertyPath":"/SALES_AREA_SPART","modelName":"NewYardModel"},"interaction":{"idSuffix":"inner"}},"wdio_ui5_key":"etmportal.ui.manageyards.view.Newsap.m.Input{\"path\":\"\",\"propertyPath\":\"/SALES_AREA_SPART\",\"modelName\":\"NewYardModel\"}"}]}
RESULT: undefined
COMMAND: POST /session/e75b3d5d2d0828505fb80b5e18bd174b/execute/async - {"script":"<script> [776 bytes]","args":[{"enterText":"C2","selector":{"controlType":"sap.m.Input","viewName":"etm.portal.ui.manageyards.view.New","viewId":"application-manageyards-display-component---NewYard","bindingPath":{"path":"","propertyPath":"/SALES_AREA_SPART","modelName":"NewYardModel"},"interaction":{"idSuffix":"inner"}},"clearTextFirst":true,"interactionType":"ENTER_TEXT"}]}
RESULT: {"script":"<script> [776 bytes]","args":[{"enterText":"C2","selector":{"controlType":"sap.m.Input","viewName":"etm.portal.ui.manageyards.view.New","viewId":"application-manageyards-display-component---NewYard","bindingPath":{"path":"","propertyPath":"/SALES_AREA_SPART","modelName":"NewYardModel"},"interaction":{"idSuffix":"inner"}},"clearTextFirst":true,"interactionType":"ENTER_TEXT"}]}
COMMAND: POST /session/e75b3d5d2d0828505fb80b5e18bd174b/execute/async - {"script":"<script> [1562 bytes]","args":[{"selector":{"controlType":"sap.m.Input","viewName":"etm.portal.ui.manageyards.view.New","viewId":"application-manageyards-display-component---NewYard","bindingPath":{"path":"","propertyPath":"/SHIP_POINT","modelName":"NewYardModel"},"interaction":{"idSuffix":"inner"}},"wdio_ui5_key":"etmportal.ui.manageyards.view.Newsap.m.Input{\"path\":\"\",\"propertyPath\":\"/SHIP_POINT\",\"modelName\":\"NewYardModel\"}"}]}
RESULT: {"script":"<script> [1562 bytes]","args":[{"selector":{"controlType":"sap.m.Input","viewName":"etm.portal.ui.manageyards.view.New","viewId":"application-manageyards-display-component---NewYard","bindingPath":{"path":"","propertyPath":"/SHIP_POINT","modelName":"NewYardModel"},"interaction":{"idSuffix":"inner"}},"wdio_ui5_key":"etmportal.ui.manageyards.view.Newsap.m.Input{\"path\":\"\",\"propertyPath\":\"/SHIP_POINT\",\"modelName\":\"NewYardModel\"}"}]}
RESULT: undefined
COMMAND: POST /session/e75b3d5d2d0828505fb80b5e18bd174b/execute/async - {"script":"<script> [776 bytes]","args":[{"enterText":"1710","selector":{"controlType":"sap.m.Input","viewName":"etm.portal.ui.manageyards.view.New","viewId":"application-manageyards-display-component---NewYard","bindingPath":{"path":"","propertyPath":"/SHIP_POINT","modelName":"NewYardModel"},"interaction":{"idSuffix":"inner"}},"clearTextFirst":true,"interactionType":"ENTER_TEXT"}]}
RESULT: {"script":"<script> [776 bytes]","args":[{"enterText":"1710","selector":{"controlType":"sap.m.Input","viewName":"etm.portal.ui.manageyards.view.New","viewId":"application-manageyards-display-component---NewYard","bindingPath":{"path":"","propertyPath":"/SHIP_POINT","modelName":"NewYardModel"},"interaction":{"idSuffix":"inner"}},"clearTextFirst":true,"interactionType":"ENTER_TEXT"}]}
COMMAND: POST /session/e75b3d5d2d0828505fb80b5e18bd174b/execute/async - {"script":"<script> [1562 bytes]","args":[{"selector":{"controlType":"sap.m.Input","viewName":"etm.portal.ui.manageyards.view.New","viewId":"application-manageyards-display-component---NewYard","bindingPath":{"path":"","propertyPath":"/DELIVERY_TYPE","modelName":"NewYardModel"},"interaction":{"idSuffix":"inner"}},"wdio_ui5_key":"etmportal.ui.manageyards.view.Newsap.m.Input{\"path\":\"\",\"propertyPath\":\"/DELIVERY_TYPE\",\"modelName\":\"NewYardModel\"}"}]}
RESULT: {"script":"<script> [1562 bytes]","args":[{"selector":{"controlType":"sap.m.Input","viewName":"etm.portal.ui.manageyards.view.New","viewId":"application-manageyards-display-component---NewYard","bindingPath":{"path":"","propertyPath":"/DELIVERY_TYPE","modelName":"NewYardModel"},"interaction":{"idSuffix":"inner"}},"wdio_ui5_key":"etmportal.ui.manageyards.view.Newsap.m.Input{\"path\":\"\",\"propertyPath\":\"/DELIVERY_TYPE\",\"modelName\":\"NewYardModel\"}"}]}
RESULT: undefined
COMMAND: POST /session/e75b3d5d2d0828505fb80b5e18bd174b/execute/async - {"script":"<script> [776 bytes]","args":[{"enterText":"ZL01","selector":{"controlType":"sap.m.Input","viewName":"etm.portal.ui.manageyards.view.New","viewId":"application-manageyards-display-component---NewYard","bindingPath":{"path":"","propertyPath":"/DELIVERY_TYPE","modelName":"NewYardModel"},"interaction":{"idSuffix":"inner"}},"clearTextFirst":true,"interactionType":"ENTER_TEXT"}]}
RESULT: {"script":"<script> [776 bytes]","args":[{"enterText":"ZL01","selector":{"controlType":"sap.m.Input","viewName":"etm.portal.ui.manageyards.view.New","viewId":"application-manageyards-display-component---NewYard","bindingPath":{"path":"","propertyPath":"/DELIVERY_TYPE","modelName":"NewYardModel"},"interaction":{"idSuffix":"inner"}},"clearTextFirst":true,"interactionType":"ENTER_TEXT"}]}
COMMAND: POST /session/e75b3d5d2d0828505fb80b5e18bd174b/execute/async - {"script":"<script> [1562 bytes]","args":[{"selector":{"controlType":"sap.m.Input","viewName":"etm.portal.ui.manageyards.view.New","viewId":"application-manageyards-display-component---NewYard","bindingPath":{"path":"","propertyPath":"/AUART","modelName":"NewYardModel"},"interaction":{"idSuffix":"inner"}},"wdio_ui5_key":"etmportal.ui.manageyards.view.Newsap.m.Input{\"path\":\"\",\"propertyPath\":\"/AUART\",\"modelName\":\"NewYardModel\"}"}]}
RESULT: {"script":"<script> [1562 bytes]","args":[{"selector":{"controlType":"sap.m.Input","viewName":"etm.portal.ui.manageyards.view.New","viewId":"application-manageyards-display-component---NewYard","bindingPath":{"path":"","propertyPath":"/AUART","modelName":"NewYardModel"},"interaction":{"idSuffix":"inner"}},"wdio_ui5_key":"etmportal.ui.manageyards.view.Newsap.m.Input{\"path\":\"\",\"propertyPath\":\"/AUART\",\"modelName\":\"NewYardModel\"}"}]}
RESULT: undefined
COMMAND: POST /session/e75b3d5d2d0828505fb80b5e18bd174b/execute/async - {"script":"<script> [776 bytes]","args":[{"enterText":"TA","selector":{"controlType":"sap.m.Input","viewName":"etm.portal.ui.manageyards.view.New","viewId":"application-manageyards-display-component---NewYard","bindingPath":{"path":"","propertyPath":"/AUART","modelName":"NewYardModel"},"interaction":{"idSuffix":"inner"}},"clearTextFirst":true,"interactionType":"ENTER_TEXT"}]}
RESULT: {"script":"<script> [776 bytes]","args":[{"enterText":"TA","selector":{"controlType":"sap.m.Input","viewName":"etm.portal.ui.manageyards.view.New","viewId":"application-manageyards-display-component---NewYard","bindingPath":{"path":"","propertyPath":"/AUART","modelName":"NewYardModel"},"interaction":{"idSuffix":"inner"}},"clearTextFirst":true,"interactionType":"ENTER_TEXT"}]}
COMMAND: POST /session/e75b3d5d2d0828505fb80b5e18bd174b/element - {"using":"xpath","value":"//button[@data-kt=\"newYardSaveButton\"]"}
RESULT: {"using":"xpath","value":"//button[@data-kt=\"newYardSaveButton\"]"}
COMMAND: POST /session/e75b3d5d2d0828505fb80b5e18bd174b/element/f.3CC06888A91A2B87598FBDB561306D63.d.517307A33275426844F0151F1ABEC4A3.e.688/click - {}
RESULT: {}
COMMAND: GET /session/e75b3d5d2d0828505fb80b5e18bd174b/screenshot - {}
RESULT: {}
COMMAND: POST /session/e75b3d5d2d0828505fb80b5e18bd174b/element - {"using":"xpath","value":"//header[contains(@id, 'ObjectPageLayout-headerTitle')]/div[1]/div[2]/div[1]/span[1]"}
RESULT: {"using":"xpath","value":"//header[contains(@id, 'ObjectPageLayout-headerTitle')]/div[1]/div[2]/div[1]/span[1]"}
COMMAND: POST /session/e75b3d5d2d0828505fb80b5e18bd174b/elements - {"using":"xpath","value":"//header[contains(@id, 'ObjectPageLayout-headerTitle')]/div[1]/div[2]/div[1]/span[1]"}
RESULT: {"using":"xpath","value":"//header[contains(@id, 'ObjectPageLayout-headerTitle')]/div[1]/div[2]/div[1]/span[1]"}
COMMAND: POST /session/e75b3d5d2d0828505fb80b5e18bd174b/execute/sync - {"script":"<script> [56 bytes]","args":[{"element-6066-11e4-a52e-4f735466cecf":"f.3CC06888A91A2B87598FBDB561306D63.d.517307A33275426844F0151F1ABEC4A3.e.1029","ELEMENT":"f.3CC06888A91A2B87598FBDB561306D63.d.517307A33275426844F0151F1ABEC4A3.e.1029"}]}
RESULT: {"script":"<script> [56 bytes]","args":[{"element-6066-11e4-a52e-4f735466cecf":"f.3CC06888A91A2B87598FBDB561306D63.d.517307A33275426844F0151F1ABEC4A3.e.1029","ELEMENT":"f.3CC06888A91A2B87598FBDB561306D63.d.517307A33275426844F0151F1ABEC4A3.e.1029"}]}
COMMAND: GET /session/e75b3d5d2d0828505fb80b5e18bd174b/screenshot - {}
RESULT: {}
COMMAND: POST /session/e75b3d5d2d0828505fb80b5e18bd174b/element - {"using":"css selector","value":"#shell-header-logo"}
RESULT: {"using":"css selector","value":"#shell-header-logo"}
COMMAND: POST /session/e75b3d5d2d0828505fb80b5e18bd174b/element/f.3CC06888A91A2B87598FBDB561306D63.d.517307A33275426844F0151F1ABEC4A3.e.263/click - {}
RESULT: {}
COMMAND: GET /session/e75b3d5d2d0828505fb80b5e18bd174b/screenshot - {}
RESULT: {}
COMMAND: POST /session/e75b3d5d2d0828505fb80b5e18bd174b/execute/sync - {"script":"<script> [299 bytes]","args":[["getModel","getResource"]]}
RESULT: {"script":"<script> [299 bytes]","args":[["getModel","getResource"]]}
]]></system-out>
    </testcase>
    <testcase classname="chrome.136_0_7103_93.windows.Billing_confirm_US117289" name="Should create a new partner" time="129.582">
      <system-out><![CDATA[
COMMAND: GET /session/e75b3d5d2d0828505fb80b5e18bd174b/screenshot - {}
COMMAND: POST /session/e75b3d5d2d0828505fb80b5e18bd174b/window/fullscreen - {}
RESULT: {}
COMMAND: POST /session/e75b3d5d2d0828505fb80b5e18bd174b/execute/async - {"script":"<script> [1562 bytes]","args":[{"selector":{"controlType":"sap.m.GenericTile","properties":{"header":"Manage Partners"}},"wdio_ui5_key":"sapm.GenericTile{\"header\":\"Manage Partners\"}"}]}
RESULT: {}
RESULT: {"script":"<script> [1562 bytes]","args":[{"selector":{"controlType":"sap.m.GenericTile","properties":{"header":"Manage Partners"}},"wdio_ui5_key":"sapm.GenericTile{\"header\":\"Manage Partners\"}"}]}
RESULT: undefined
COMMAND: POST /session/e75b3d5d2d0828505fb80b5e18bd174b/element - {"using":"xpath","value":"//*[@id=\"__tile38\"]"}
RESULT: {"using":"xpath","value":"//*[@id=\"__tile38\"]"}
COMMAND: POST /session/e75b3d5d2d0828505fb80b5e18bd174b/element/f.3CC06888A91A2B87598FBDB561306D63.d.517307A33275426844F0151F1ABEC4A3.e.154/click - {}
RESULT: {}
COMMAND: GET /session/e75b3d5d2d0828505fb80b5e18bd174b/screenshot - {}
RESULT: {}
COMMAND: POST /session/e75b3d5d2d0828505fb80b5e18bd174b/elements - {"using":"xpath","value":"//span[text()='Error']"}
RESULT: {"using":"xpath","value":"//span[text()='Error']"}
COMMAND: POST /session/e75b3d5d2d0828505fb80b5e18bd174b/element - {"using":"xpath","value":"//button[@data-kt=\"addButton\"]"}
RESULT: {"using":"xpath","value":"//button[@data-kt=\"addButton\"]"}
COMMAND: POST /session/e75b3d5d2d0828505fb80b5e18bd174b/elements - {"using":"xpath","value":"//button[@data-kt=\"addButton\"]"}
RESULT: {"using":"xpath","value":"//button[@data-kt=\"addButton\"]"}
COMMAND: POST /session/e75b3d5d2d0828505fb80b5e18bd174b/execute/sync - {"script":"<script> [8489 bytes]","args":[{"element-6066-11e4-a52e-4f735466cecf":"f.3CC06888A91A2B87598FBDB561306D63.d.517307A33275426844F0151F1ABEC4A3.e.1077","ELEMENT":"f.3CC06888A91A2B87598FBDB561306D63.d.517307A33275426844F0151F1ABEC4A3.e.1077"}]}
RESULT: {"script":"<script> [8489 bytes]","args":[{"element-6066-11e4-a52e-4f735466cecf":"f.3CC06888A91A2B87598FBDB561306D63.d.517307A33275426844F0151F1ABEC4A3.e.1077","ELEMENT":"f.3CC06888A91A2B87598FBDB561306D63.d.517307A33275426844F0151F1ABEC4A3.e.1077"}]}
COMMAND: GET /session/e75b3d5d2d0828505fb80b5e18bd174b/element/f.3CC06888A91A2B87598FBDB561306D63.d.517307A33275426844F0151F1ABEC4A3.e.1077/enabled - {}
COMMAND: GET /session/e75b3d5d2d0828505fb80b5e18bd174b/screenshot - {}
RESULT: {}
COMMAND: POST /session/e75b3d5d2d0828505fb80b5e18bd174b/execute/sync - {"script":"<script> [8489 bytes]","args":[{"element-6066-11e4-a52e-4f735466cecf":"f.3CC06888A91A2B87598FBDB561306D63.d.517307A33275426844F0151F1ABEC4A3.e.1077","ELEMENT":"f.3CC06888A91A2B87598FBDB561306D63.d.517307A33275426844F0151F1ABEC4A3.e.1077"}]}
COMMAND: GET /session/e75b3d5d2d0828505fb80b5e18bd174b/screenshot - {}
RESULT: {}
RESULT: {"script":"<script> [8489 bytes]","args":[{"element-6066-11e4-a52e-4f735466cecf":"f.3CC06888A91A2B87598FBDB561306D63.d.517307A33275426844F0151F1ABEC4A3.e.1077","ELEMENT":"f.3CC06888A91A2B87598FBDB561306D63.d.517307A33275426844F0151F1ABEC4A3.e.1077"}]}
COMMAND: POST /session/e75b3d5d2d0828505fb80b5e18bd174b/execute/sync - {"script":"<script> [5351 bytes]","args":[{"element-6066-11e4-a52e-4f735466cecf":"f.3CC06888A91A2B87598FBDB561306D63.d.517307A33275426844F0151F1ABEC4A3.e.1077","ELEMENT":"f.3CC06888A91A2B87598FBDB561306D63.d.517307A33275426844F0151F1ABEC4A3.e.1077"}]}
COMMAND: GET /session/e75b3d5d2d0828505fb80b5e18bd174b/screenshot - {}
RESULT: {}
RESULT: {"script":"<script> [5351 bytes]","args":[{"element-6066-11e4-a52e-4f735466cecf":"f.3CC06888A91A2B87598FBDB561306D63.d.517307A33275426844F0151F1ABEC4A3.e.1077","ELEMENT":"f.3CC06888A91A2B87598FBDB561306D63.d.517307A33275426844F0151F1ABEC4A3.e.1077"}]}
COMMAND: POST /session/e75b3d5d2d0828505fb80b5e18bd174b/element/f.3CC06888A91A2B87598FBDB561306D63.d.517307A33275426844F0151F1ABEC4A3.e.1077/click - {}
COMMAND: GET /session/e75b3d5d2d0828505fb80b5e18bd174b/screenshot - {}
RESULT: {}
RESULT: {}
COMMAND: GET /session/e75b3d5d2d0828505fb80b5e18bd174b/screenshot - {}
COMMAND: POST /session/e75b3d5d2d0828505fb80b5e18bd174b/execute/async - {"script":"<script> [1562 bytes]","args":[{"selector":{"id":"application-managepartners-display-component---NewPartner--addressDetailDetailsName1","interaction":{"idSuffix":"inner"}},"wdio_ui5_key":"applicationmanagepartners-display-component---NewPartner--addressDetailDetailsName1"}]}
RESULT: {}
RESULT: {}
RESULT: {"script":"<script> [1562 bytes]","args":[{"selector":{"id":"application-managepartners-display-component---NewPartner--addressDetailDetailsName1","interaction":{"idSuffix":"inner"}},"wdio_ui5_key":"applicationmanagepartners-display-component---NewPartner--addressDetailDetailsName1"}]}
RESULT: undefined
COMMAND: POST /session/e75b3d5d2d0828505fb80b5e18bd174b/execute/async - {"script":"<script> [776 bytes]","args":[{"enterText":"Intracompany Partner WDIO","selector":{"id":"application-managepartners-display-component---NewPartner--addressDetailDetailsName1","interaction":{"idSuffix":"inner"}},"clearTextFirst":true,"interactionType":"ENTER_TEXT"}]}
RESULT: {"script":"<script> [776 bytes]","args":[{"enterText":"Intracompany Partner WDIO","selector":{"id":"application-managepartners-display-component---NewPartner--addressDetailDetailsName1","interaction":{"idSuffix":"inner"}},"clearTextFirst":true,"interactionType":"ENTER_TEXT"}]}
COMMAND: POST /session/e75b3d5d2d0828505fb80b5e18bd174b/execute/async - {"script":"<script> [1562 bytes]","args":[{"selector":{"id":"application-managepartners-display-component---NewPartner--addressDetailDetailsLanguage-arrow"},"wdio_ui5_key":"applicationmanagepartners-display-component---NewPartner--addressDetailDetailsLanguage-arrow"}]}
RESULT: {"script":"<script> [1562 bytes]","args":[{"selector":{"id":"application-managepartners-display-component---NewPartner--addressDetailDetailsLanguage-arrow"},"wdio_ui5_key":"applicationmanagepartners-display-component---NewPartner--addressDetailDetailsLanguage-arrow"}]}
RESULT: undefined
COMMAND: POST /session/e75b3d5d2d0828505fb80b5e18bd174b/element - {"using":"xpath","value":"//*[@id=\"application-managepartners-display-component---NewPartner--addressDetailDetailsLanguage-arrow\"]"}
RESULT: {"using":"xpath","value":"//*[@id=\"application-managepartners-display-component---NewPartner--addressDetailDetailsLanguage-arrow\"]"}
COMMAND: POST /session/e75b3d5d2d0828505fb80b5e18bd174b/element/f.3CC06888A91A2B87598FBDB561306D63.d.517307A33275426844F0151F1ABEC4A3.e.1521/click - {}
RESULT: {}
COMMAND: POST /session/e75b3d5d2d0828505fb80b5e18bd174b/element - {"using":"xpath","value":"//span[contains(text(), \"English\")]"}
COMMAND: GET /session/e75b3d5d2d0828505fb80b5e18bd174b/screenshot - {}
RESULT: {"using":"xpath","value":"//span[contains(text(), \"English\")]"}
COMMAND: POST /session/e75b3d5d2d0828505fb80b5e18bd174b/element/f.3CC06888A91A2B87598FBDB561306D63.d.517307A33275426844F0151F1ABEC4A3.e.1522/click - {}
RESULT: {}
RESULT: {}
COMMAND: GET /session/e75b3d5d2d0828505fb80b5e18bd174b/screenshot - {}
RESULT: {}
COMMAND: POST /session/e75b3d5d2d0828505fb80b5e18bd174b/execute/async - {"script":"<script> [1562 bytes]","args":[{"selector":{"id":"application-managepartners-display-component---NewPartner--addressDetailDetailsCity1","interaction":{"idSuffix":"inner"}},"wdio_ui5_key":"applicationmanagepartners-display-component---NewPartner--addressDetailDetailsCity1"}]}
RESULT: {"script":"<script> [1562 bytes]","args":[{"selector":{"id":"application-managepartners-display-component---NewPartner--addressDetailDetailsCity1","interaction":{"idSuffix":"inner"}},"wdio_ui5_key":"applicationmanagepartners-display-component---NewPartner--addressDetailDetailsCity1"}]}
RESULT: undefined
COMMAND: POST /session/e75b3d5d2d0828505fb80b5e18bd174b/execute/async - {"script":"<script> [776 bytes]","args":[{"enterText":"Rosario","selector":{"id":"application-managepartners-display-component---NewPartner--addressDetailDetailsCity1","interaction":{"idSuffix":"inner"}},"clearTextFirst":true,"interactionType":"ENTER_TEXT"}]}
RESULT: {"script":"<script> [776 bytes]","args":[{"enterText":"Rosario","selector":{"id":"application-managepartners-display-component---NewPartner--addressDetailDetailsCity1","interaction":{"idSuffix":"inner"}},"clearTextFirst":true,"interactionType":"ENTER_TEXT"}]}
COMMAND: POST /session/e75b3d5d2d0828505fb80b5e18bd174b/execute/async - {"script":"<script> [1562 bytes]","args":[{"selector":{"id":"application-managepartners-display-component---NewPartner--addressDetailDetailsCountry-arrow"},"wdio_ui5_key":"applicationmanagepartners-display-component---NewPartner--addressDetailDetailsCountry-arrow"}]}
RESULT: {"script":"<script> [1562 bytes]","args":[{"selector":{"id":"application-managepartners-display-component---NewPartner--addressDetailDetailsCountry-arrow"},"wdio_ui5_key":"applicationmanagepartners-display-component---NewPartner--addressDetailDetailsCountry-arrow"}]}
RESULT: undefined
COMMAND: POST /session/e75b3d5d2d0828505fb80b5e18bd174b/element - {"using":"xpath","value":"//*[@id=\"application-managepartners-display-component---NewPartner--addressDetailDetailsCountry-arrow\"]"}
RESULT: {"using":"xpath","value":"//*[@id=\"application-managepartners-display-component---NewPartner--addressDetailDetailsCountry-arrow\"]"}
COMMAND: POST /session/e75b3d5d2d0828505fb80b5e18bd174b/element/f.3CC06888A91A2B87598FBDB561306D63.d.517307A33275426844F0151F1ABEC4A3.e.1508/click - {}
RESULT: {}
COMMAND: POST /session/e75b3d5d2d0828505fb80b5e18bd174b/element - {"using":"xpath","value":"//span[contains(text(), \"Argentina\")]"}
COMMAND: GET /session/e75b3d5d2d0828505fb80b5e18bd174b/screenshot - {}
RESULT: {"using":"xpath","value":"//span[contains(text(), \"Argentina\")]"}
COMMAND: POST /session/e75b3d5d2d0828505fb80b5e18bd174b/element/f.3CC06888A91A2B87598FBDB561306D63.d.517307A33275426844F0151F1ABEC4A3.e.1524/click - {}
RESULT: {}
RESULT: {}
COMMAND: GET /session/e75b3d5d2d0828505fb80b5e18bd174b/screenshot - {}
RESULT: {}
COMMAND: POST /session/e75b3d5d2d0828505fb80b5e18bd174b/element - {"using":"xpath","value":"//bdi[contains(text(), \"Commercial\")]"}
RESULT: {"using":"xpath","value":"//bdi[contains(text(), \"Commercial\")]"}
COMMAND: POST /session/e75b3d5d2d0828505fb80b5e18bd174b/element/f.3CC06888A91A2B87598FBDB561306D63.d.517307A33275426844F0151F1ABEC4A3.e.1525/click - {}
RESULT: {}
COMMAND: GET /session/e75b3d5d2d0828505fb80b5e18bd174b/screenshot - {}
RESULT: {}
COMMAND: POST /session/e75b3d5d2d0828505fb80b5e18bd174b/execute/async - {"script":"<script> [1562 bytes]","args":[{"selector":{"id":"application-managepartners-display-component---NewPartner--partnerDetailInternal-arrow"},"wdio_ui5_key":"applicationmanagepartners-display-component---NewPartner--partnerDetailInternal-arrow"}]}
RESULT: {"script":"<script> [1562 bytes]","args":[{"selector":{"id":"application-managepartners-display-component---NewPartner--partnerDetailInternal-arrow"},"wdio_ui5_key":"applicationmanagepartners-display-component---NewPartner--partnerDetailInternal-arrow"}]}
RESULT: undefined
COMMAND: POST /session/e75b3d5d2d0828505fb80b5e18bd174b/element - {"using":"xpath","value":"//*[@id=\"application-managepartners-display-component---NewPartner--partnerDetailInternal-arrow\"]"}
RESULT: {"using":"xpath","value":"//*[@id=\"application-managepartners-display-component---NewPartner--partnerDetailInternal-arrow\"]"}
COMMAND: POST /session/e75b3d5d2d0828505fb80b5e18bd174b/element/f.3CC06888A91A2B87598FBDB561306D63.d.517307A33275426844F0151F1ABEC4A3.e.1531/click - {}
RESULT: {}
COMMAND: POST /session/e75b3d5d2d0828505fb80b5e18bd174b/element - {"using":"xpath","value":"//span[contains(text(), \"Affiliated company\")]"}
COMMAND: GET /session/e75b3d5d2d0828505fb80b5e18bd174b/screenshot - {}
RESULT: {"using":"xpath","value":"//span[contains(text(), \"Affiliated company\")]"}
COMMAND: POST /session/e75b3d5d2d0828505fb80b5e18bd174b/element/f.3CC06888A91A2B87598FBDB561306D63.d.517307A33275426844F0151F1ABEC4A3.e.1534/click - {}
RESULT: {}
RESULT: {}
COMMAND: POST /session/e75b3d5d2d0828505fb80b5e18bd174b/execute/async - {"script":"<script> [1562 bytes]","args":[{"selector":{"id":"application-managepartners-display-component---NewPartner--partnerDetailsCurrency-arrow"},"wdio_ui5_key":"applicationmanagepartners-display-component---NewPartner--partnerDetailsCurrency-arrow"}]}
COMMAND: GET /session/e75b3d5d2d0828505fb80b5e18bd174b/screenshot - {}
RESULT: {"script":"<script> [1562 bytes]","args":[{"selector":{"id":"application-managepartners-display-component---NewPartner--partnerDetailsCurrency-arrow"},"wdio_ui5_key":"applicationmanagepartners-display-component---NewPartner--partnerDetailsCurrency-arrow"}]}
RESULT: undefined
COMMAND: POST /session/e75b3d5d2d0828505fb80b5e18bd174b/element - {"using":"xpath","value":"//*[@id=\"application-managepartners-display-component---NewPartner--partnerDetailsCurrency-arrow\"]"}
RESULT: {}
RESULT: {"using":"xpath","value":"//*[@id=\"application-managepartners-display-component---NewPartner--partnerDetailsCurrency-arrow\"]"}
COMMAND: POST /session/e75b3d5d2d0828505fb80b5e18bd174b/element/f.3CC06888A91A2B87598FBDB561306D63.d.517307A33275426844F0151F1ABEC4A3.e.1541/click - {}
RESULT: {}
COMMAND: POST /session/e75b3d5d2d0828505fb80b5e18bd174b/element - {"using":"xpath","value":"//span[contains(text(), \"Euro\")]"}
COMMAND: GET /session/e75b3d5d2d0828505fb80b5e18bd174b/screenshot - {}
RESULT: {"using":"xpath","value":"//span[contains(text(), \"Euro\")]"}
COMMAND: POST /session/e75b3d5d2d0828505fb80b5e18bd174b/element/f.3CC06888A91A2B87598FBDB561306D63.d.517307A33275426844F0151F1ABEC4A3.e.1542/click - {}
RESULT: {}
RESULT: {}
COMMAND: POST /session/e75b3d5d2d0828505fb80b5e18bd174b/execute/async - {"script":"<script> [1562 bytes]","args":[{"selector":{"id":"application-managepartners-display-component---NewPartner--addressEditDetailsCostObjectCstType-arrow"},"wdio_ui5_key":"applicationmanagepartners-display-component---NewPartner--addressEditDetailsCostObjectCstType-arrow"}]}
COMMAND: GET /session/e75b3d5d2d0828505fb80b5e18bd174b/screenshot - {}
RESULT: {"script":"<script> [1562 bytes]","args":[{"selector":{"id":"application-managepartners-display-component---NewPartner--addressEditDetailsCostObjectCstType-arrow"},"wdio_ui5_key":"applicationmanagepartners-display-component---NewPartner--addressEditDetailsCostObjectCstType-arrow"}]}
RESULT: undefined
COMMAND: POST /session/e75b3d5d2d0828505fb80b5e18bd174b/element - {"using":"xpath","value":"//*[@id=\"application-managepartners-display-component---NewPartner--addressEditDetailsCostObjectCstType-arrow\"]"}
RESULT: {}
RESULT: {"using":"xpath","value":"//*[@id=\"application-managepartners-display-component---NewPartner--addressEditDetailsCostObjectCstType-arrow\"]"}
COMMAND: POST /session/e75b3d5d2d0828505fb80b5e18bd174b/element/f.3CC06888A91A2B87598FBDB561306D63.d.517307A33275426844F0151F1ABEC4A3.e.1543/click - {}
RESULT: {}
COMMAND: POST /session/e75b3d5d2d0828505fb80b5e18bd174b/element - {"using":"xpath","value":"//span[contains(text(), \"Cost Center\")]"}
COMMAND: GET /session/e75b3d5d2d0828505fb80b5e18bd174b/screenshot - {}
RESULT: {"using":"xpath","value":"//span[contains(text(), \"Cost Center\")]"}
COMMAND: POST /session/e75b3d5d2d0828505fb80b5e18bd174b/element/f.3CC06888A91A2B87598FBDB561306D63.d.517307A33275426844F0151F1ABEC4A3.e.1544/click - {}
RESULT: {}
RESULT: {}
COMMAND: GET /session/e75b3d5d2d0828505fb80b5e18bd174b/screenshot - {}
RESULT: {}
COMMAND: POST /session/e75b3d5d2d0828505fb80b5e18bd174b/element - {"using":"xpath","value":"//span[@id=\"application-managepartners-display-component---NewPartner--addressNewCostObjectCstID-vhi\"]"}
RESULT: {"using":"xpath","value":"//span[@id=\"application-managepartners-display-component---NewPartner--addressNewCostObjectCstID-vhi\"]"}
COMMAND: POST /session/e75b3d5d2d0828505fb80b5e18bd174b/execute/sync - {"script":"<script> [8489 bytes]","args":[{"element-6066-11e4-a52e-4f735466cecf":"f.3CC06888A91A2B87598FBDB561306D63.d.517307A33275426844F0151F1ABEC4A3.e.1548","ELEMENT":"f.3CC06888A91A2B87598FBDB561306D63.d.517307A33275426844F0151F1ABEC4A3.e.1548"}]}
RESULT: {"script":"<script> [8489 bytes]","args":[{"element-6066-11e4-a52e-4f735466cecf":"f.3CC06888A91A2B87598FBDB561306D63.d.517307A33275426844F0151F1ABEC4A3.e.1548","ELEMENT":"f.3CC06888A91A2B87598FBDB561306D63.d.517307A33275426844F0151F1ABEC4A3.e.1548"}]}
COMMAND: POST /session/e75b3d5d2d0828505fb80b5e18bd174b/execute/async - {"script":"<script> [1562 bytes]","args":[{"selector":{"id":"application-managepartners-display-component---NewPartner--addressNewCostObjectCstID-vhi"},"wdio_ui5_key":"applicationmanagepartners-display-component---NewPartner--addressNewCostObjectCstID-vhi"}]}
COMMAND: GET /session/e75b3d5d2d0828505fb80b5e18bd174b/screenshot - {}
RESULT: {"script":"<script> [1562 bytes]","args":[{"selector":{"id":"application-managepartners-display-component---NewPartner--addressNewCostObjectCstID-vhi"},"wdio_ui5_key":"applicationmanagepartners-display-component---NewPartner--addressNewCostObjectCstID-vhi"}]}
RESULT: undefined
COMMAND: POST /session/e75b3d5d2d0828505fb80b5e18bd174b/element - {"using":"xpath","value":"//*[@id=\"application-managepartners-display-component---NewPartner--addressNewCostObjectCstID-vhi\"]"}
RESULT: {}
RESULT: {"using":"xpath","value":"//*[@id=\"application-managepartners-display-component---NewPartner--addressNewCostObjectCstID-vhi\"]"}
COMMAND: POST /session/e75b3d5d2d0828505fb80b5e18bd174b/element/f.3CC06888A91A2B87598FBDB561306D63.d.517307A33275426844F0151F1ABEC4A3.e.1548/click - {}
RESULT: {}
COMMAND: GET /session/e75b3d5d2d0828505fb80b5e18bd174b/screenshot - {}
RESULT: {}
RESULT: undefined
COMMAND: POST /session/e75b3d5d2d0828505fb80b5e18bd174b/execute/async - {"script":"<script> [776 bytes]","args":[{"enterText":"10001013","selector":{"controlType":"sap.m.SearchField","properties":{"placeholder":"Search"},"searchOpenDialogs":true,"interaction":{"idSuffix":"I"}},"clearTextFirst":true,"interactionType":"ENTER_TEXT"}]}
RESULT: {"script":"<script> [776 bytes]","args":[{"enterText":"10001013","selector":{"controlType":"sap.m.SearchField","properties":{"placeholder":"Search"},"searchOpenDialogs":true,"interaction":{"idSuffix":"I"}},"clearTextFirst":true,"interactionType":"ENTER_TEXT"}]}
COMMAND: POST /session/e75b3d5d2d0828505fb80b5e18bd174b/actions - {"actions":[{"id":"action2","type":"key","parameters":{},"actions":[{"type":"keyDown","value":"î€‡"},{"type":"pause","duration":10},{"type":"keyUp","value":"î€‡"}]}]}
RESULT: {"actions":[{"id":"action2","type":"key","parameters":{},"actions":[{"type":"keyDown","value":"î€‡"},{"type":"pause","duration":10},{"type":"keyUp","value":"î€‡"}]}]}
COMMAND: GET /session/e75b3d5d2d0828505fb80b5e18bd174b/screenshot - {}
RESULT: {}
COMMAND: POST /session/e75b3d5d2d0828505fb80b5e18bd174b/element - {"using":"xpath","value":"//span[contains(text(), \"General Management\")]"}
RESULT: {"using":"xpath","value":"//span[contains(text(), \"General Management\")]"}
COMMAND: POST /session/e75b3d5d2d0828505fb80b5e18bd174b/element/f.3CC06888A91A2B87598FBDB561306D63.d.517307A33275426844F0151F1ABEC4A3.e.1587/click - {}
RESULT: {}
COMMAND: GET /session/e75b3d5d2d0828505fb80b5e18bd174b/screenshot - {}
RESULT: {}
COMMAND: POST /session/e75b3d5d2d0828505fb80b5e18bd174b/element - {"using":"xpath","value":"//bdi[contains(text(), \"OK\")]"}
RESULT: {"using":"xpath","value":"//bdi[contains(text(), \"OK\")]"}
COMMAND: POST /session/e75b3d5d2d0828505fb80b5e18bd174b/element/f.3CC06888A91A2B87598FBDB561306D63.d.517307A33275426844F0151F1ABEC4A3.e.1588/click - {}
RESULT: {}
COMMAND: GET /session/e75b3d5d2d0828505fb80b5e18bd174b/screenshot - {}
RESULT: {}
COMMAND: POST /session/e75b3d5d2d0828505fb80b5e18bd174b/element - {"using":"xpath","value":"//input[@id=\"application-managepartners-display-component---NewPartner--companyCodeComboBox-inner\"]"}
RESULT: {"using":"xpath","value":"//input[@id=\"application-managepartners-display-component---NewPartner--companyCodeComboBox-inner\"]"}
COMMAND: POST /session/e75b3d5d2d0828505fb80b5e18bd174b/element/f.3CC06888A91A2B87598FBDB561306D63.d.517307A33275426844F0151F1ABEC4A3.e.1386/clear - {}
RESULT: {}
COMMAND: POST /session/e75b3d5d2d0828505fb80b5e18bd174b/element/f.3CC06888A91A2B87598FBDB561306D63.d.517307A33275426844F0151F1ABEC4A3.e.1386/value - {"text":"1000"}
COMMAND: GET /session/e75b3d5d2d0828505fb80b5e18bd174b/screenshot - {}
RESULT: {"text":"1000"}
COMMAND: GET /session/e75b3d5d2d0828505fb80b5e18bd174b/screenshot - {}
RESULT: {}
RESULT: {}
COMMAND: POST /session/e75b3d5d2d0828505fb80b5e18bd174b/element - {"using":"xpath","value":"//li[.//span[text()= \"1000\"]]"}
RESULT: {"using":"xpath","value":"//li[.//span[text()= \"1000\"]]"}
COMMAND: POST /session/e75b3d5d2d0828505fb80b5e18bd174b/element/f.3CC06888A91A2B87598FBDB561306D63.d.517307A33275426844F0151F1ABEC4A3.e.1594/click - {}
RESULT: {}
COMMAND: GET /session/e75b3d5d2d0828505fb80b5e18bd174b/screenshot - {}
RESULT: {}
COMMAND: POST /session/e75b3d5d2d0828505fb80b5e18bd174b/execute/async - {"script":"<script> [1562 bytes]","args":[{"selector":{"id":"application-managepartners-display-component---NewPartner--btnAddTableRow-img"},"wdio_ui5_key":"applicationmanagepartners-display-component---NewPartner--btnAddTableRow-img"}]}
RESULT: {"script":"<script> [1562 bytes]","args":[{"selector":{"id":"application-managepartners-display-component---NewPartner--btnAddTableRow-img"},"wdio_ui5_key":"applicationmanagepartners-display-component---NewPartner--btnAddTableRow-img"}]}
RESULT: undefined
COMMAND: POST /session/e75b3d5d2d0828505fb80b5e18bd174b/element - {"using":"xpath","value":"//*[@id=\"application-managepartners-display-component---NewPartner--btnAddTableRow-img\"]"}
RESULT: {"using":"xpath","value":"//*[@id=\"application-managepartners-display-component---NewPartner--btnAddTableRow-img\"]"}
COMMAND: POST /session/e75b3d5d2d0828505fb80b5e18bd174b/element/f.3CC06888A91A2B87598FBDB561306D63.d.517307A33275426844F0151F1ABEC4A3.e.1595/click - {}
RESULT: {}
COMMAND: GET /session/e75b3d5d2d0828505fb80b5e18bd174b/screenshot - {}
RESULT: {}
COMMAND: POST /session/e75b3d5d2d0828505fb80b5e18bd174b/element - {"using":"xpath","value":"//input[@id=\"application-managepartners-display-component---NewPartner--assignmentYard-application-managepartners-display-component---NewPartner--assignmentsTable-0-inner\"]"}
RESULT: {"using":"xpath","value":"//input[@id=\"application-managepartners-display-component---NewPartner--assignmentYard-application-managepartners-display-component---NewPartner--assignmentsTable-0-inner\"]"}
COMMAND: POST /session/e75b3d5d2d0828505fb80b5e18bd174b/element/f.3CC06888A91A2B87598FBDB561306D63.d.517307A33275426844F0151F1ABEC4A3.e.1598/clear - {}
RESULT: {}
COMMAND: POST /session/e75b3d5d2d0828505fb80b5e18bd174b/element/f.3CC06888A91A2B87598FBDB561306D63.d.517307A33275426844F0151F1ABEC4A3.e.1598/value - {"text":"563"}
COMMAND: GET /session/e75b3d5d2d0828505fb80b5e18bd174b/screenshot - {}
RESULT: {"text":"563"}
COMMAND: GET /session/e75b3d5d2d0828505fb80b5e18bd174b/screenshot - {}
RESULT: {}
RESULT: {}
COMMAND: POST /session/e75b3d5d2d0828505fb80b5e18bd174b/element - {"using":"xpath","value":"//li[.//span[text()='563']]"}
RESULT: {"using":"xpath","value":"//li[.//span[text()='563']]"}
COMMAND: POST /session/e75b3d5d2d0828505fb80b5e18bd174b/element/f.3CC06888A91A2B87598FBDB561306D63.d.517307A33275426844F0151F1ABEC4A3.e.1607/click - {}
RESULT: {}
COMMAND: GET /session/e75b3d5d2d0828505fb80b5e18bd174b/screenshot - {}
RESULT: {}
COMMAND: POST /session/e75b3d5d2d0828505fb80b5e18bd174b/actions - {"actions":[{"id":"action3","type":"key","parameters":{},"actions":[{"type":"keyDown","value":"î€‡"},{"type":"pause","duration":10},{"type":"keyUp","value":"î€‡"}]}]}
RESULT: {"actions":[{"id":"action3","type":"key","parameters":{},"actions":[{"type":"keyDown","value":"î€‡"},{"type":"pause","duration":10},{"type":"keyUp","value":"î€‡"}]}]}
COMMAND: POST /session/e75b3d5d2d0828505fb80b5e18bd174b/execute/async - {"script":"<script> [1562 bytes]","args":[{"selector":{"id":"application-managepartners-display-component---NewPartner--externalCustomerComboBox-application-managepartners-display-component---NewPartner--assignmentsTable-0-vhi"},"wdio_ui5_key":"applicationmanagepartners-display-component---NewPartner--externalCustomerComboBox-application-managepartners-display-component---NewPartner--assignmentsTable-0-vhi"}]}
COMMAND: GET /session/e75b3d5d2d0828505fb80b5e18bd174b/screenshot - {}
RESULT: {"script":"<script> [1562 bytes]","args":[{"selector":{"id":"application-managepartners-display-component---NewPartner--externalCustomerComboBox-application-managepartners-display-component---NewPartner--assignmentsTable-0-vhi"},"wdio_ui5_key":"applicationmanagepartners-display-component---NewPartner--externalCustomerComboBox-application-managepartners-display-component---NewPartner--assignmentsTable-0-vhi"}]}
RESULT: undefined
COMMAND: POST /session/e75b3d5d2d0828505fb80b5e18bd174b/element - {"using":"xpath","value":"//*[@id=\"application-managepartners-display-component---NewPartner--externalCustomerComboBox-application-managepartners-display-component---NewPartner--assignmentsTable-0-vhi\"]"}
RESULT: {}
RESULT: {"using":"xpath","value":"//*[@id=\"application-managepartners-display-component---NewPartner--externalCustomerComboBox-application-managepartners-display-component---NewPartner--assignmentsTable-0-vhi\"]"}
COMMAND: POST /session/e75b3d5d2d0828505fb80b5e18bd174b/element/f.3CC06888A91A2B87598FBDB561306D63.d.517307A33275426844F0151F1ABEC4A3.e.1611/click - {}
RESULT: {}
RESULT: undefined
COMMAND: POST /session/e75b3d5d2d0828505fb80b5e18bd174b/execute/async - {"script":"<script> [776 bytes]","args":[{"enterText":"300003","selector":{"controlType":"sap.m.SearchField","properties":{"placeholder":"Search"},"searchOpenDialogs":true,"interaction":{"idSuffix":"I"}},"clearTextFirst":true,"interactionType":"ENTER_TEXT"}]}
COMMAND: GET /session/e75b3d5d2d0828505fb80b5e18bd174b/screenshot - {}
RESULT: {"script":"<script> [776 bytes]","args":[{"enterText":"300003","selector":{"controlType":"sap.m.SearchField","properties":{"placeholder":"Search"},"searchOpenDialogs":true,"interaction":{"idSuffix":"I"}},"clearTextFirst":true,"interactionType":"ENTER_TEXT"}]}
COMMAND: POST /session/e75b3d5d2d0828505fb80b5e18bd174b/actions - {"actions":[{"id":"action4","type":"key","parameters":{},"actions":[{"type":"keyDown","value":"î€‡"},{"type":"pause","duration":10},{"type":"keyUp","value":"î€‡"}]}]}
RESULT: {}
RESULT: {"actions":[{"id":"action4","type":"key","parameters":{},"actions":[{"type":"keyDown","value":"î€‡"},{"type":"pause","duration":10},{"type":"keyUp","value":"î€‡"}]}]}
COMMAND: GET /session/e75b3d5d2d0828505fb80b5e18bd174b/screenshot - {}
RESULT: {}
COMMAND: POST /session/e75b3d5d2d0828505fb80b5e18bd174b/element - {"using":"xpath","value":"//span[contains(text(), \"300003\")]"}
RESULT: {"using":"xpath","value":"//span[contains(text(), \"300003\")]"}
COMMAND: POST /session/e75b3d5d2d0828505fb80b5e18bd174b/element/f.3CC06888A91A2B87598FBDB561306D63.d.517307A33275426844F0151F1ABEC4A3.e.1628/click - {}
RESULT: {}
COMMAND: GET /session/e75b3d5d2d0828505fb80b5e18bd174b/screenshot - {}
RESULT: {}
COMMAND: POST /session/e75b3d5d2d0828505fb80b5e18bd174b/element - {"using":"xpath","value":"//bdi[contains(text(), \"OK\")]"}
RESULT: {"using":"xpath","value":"//bdi[contains(text(), \"OK\")]"}
COMMAND: POST /session/e75b3d5d2d0828505fb80b5e18bd174b/element/f.3CC06888A91A2B87598FBDB561306D63.d.517307A33275426844F0151F1ABEC4A3.e.1630/click - {}
RESULT: {}
COMMAND: GET /session/e75b3d5d2d0828505fb80b5e18bd174b/screenshot - {}
RESULT: {}
COMMAND: POST /session/e75b3d5d2d0828505fb80b5e18bd174b/execute/async - {"script":"<script> [1562 bytes]","args":[{"selector":{"id":"application-managepartners-display-component---NewPartner--intercompVendorComboBox-application-managepartners-display-component---NewPartner--assignmentsTable-0-vhi"},"wdio_ui5_key":"applicationmanagepartners-display-component---NewPartner--intercompVendorComboBox-application-managepartners-display-component---NewPartner--assignmentsTable-0-vhi"}]}
RESULT: {"script":"<script> [1562 bytes]","args":[{"selector":{"id":"application-managepartners-display-component---NewPartner--intercompVendorComboBox-application-managepartners-display-component---NewPartner--assignmentsTable-0-vhi"},"wdio_ui5_key":"applicationmanagepartners-display-component---NewPartner--intercompVendorComboBox-application-managepartners-display-component---NewPartner--assignmentsTable-0-vhi"}]}
RESULT: undefined
COMMAND: POST /session/e75b3d5d2d0828505fb80b5e18bd174b/element - {"using":"xpath","value":"//*[@id=\"application-managepartners-display-component---NewPartner--intercompVendorComboBox-application-managepartners-display-component---NewPartner--assignmentsTable-0-vhi\"]"}
RESULT: {"using":"xpath","value":"//*[@id=\"application-managepartners-display-component---NewPartner--intercompVendorComboBox-application-managepartners-display-component---NewPartner--assignmentsTable-0-vhi\"]"}
COMMAND: POST /session/e75b3d5d2d0828505fb80b5e18bd174b/element/f.3CC06888A91A2B87598FBDB561306D63.d.517307A33275426844F0151F1ABEC4A3.e.1633/click - {}
RESULT: {}
RESULT: undefined
COMMAND: POST /session/e75b3d5d2d0828505fb80b5e18bd174b/execute/async - {"script":"<script> [776 bytes]","args":[{"enterText":"100005","selector":{"controlType":"sap.m.SearchField","properties":{"placeholder":"Search"},"searchOpenDialogs":true,"interaction":{"idSuffix":"I"}},"clearTextFirst":true,"interactionType":"ENTER_TEXT"}]}
COMMAND: GET /session/e75b3d5d2d0828505fb80b5e18bd174b/screenshot - {}
RESULT: {"script":"<script> [776 bytes]","args":[{"enterText":"100005","selector":{"controlType":"sap.m.SearchField","properties":{"placeholder":"Search"},"searchOpenDialogs":true,"interaction":{"idSuffix":"I"}},"clearTextFirst":true,"interactionType":"ENTER_TEXT"}]}
COMMAND: POST /session/e75b3d5d2d0828505fb80b5e18bd174b/actions - {"actions":[{"id":"action5","type":"key","parameters":{},"actions":[{"type":"keyDown","value":"î€‡"},{"type":"pause","duration":10},{"type":"keyUp","value":"î€‡"}]}]}
RESULT: {}
RESULT: {"actions":[{"id":"action5","type":"key","parameters":{},"actions":[{"type":"keyDown","value":"î€‡"},{"type":"pause","duration":10},{"type":"keyUp","value":"î€‡"}]}]}
COMMAND: GET /session/e75b3d5d2d0828505fb80b5e18bd174b/screenshot - {}
RESULT: {}
COMMAND: POST /session/e75b3d5d2d0828505fb80b5e18bd174b/element - {"using":"xpath","value":"//span[contains(text(), \"Penguins - Field/12345 Berlin\")]"}
RESULT: {"using":"xpath","value":"//span[contains(text(), \"Penguins - Field/12345 Berlin\")]"}
COMMAND: POST /session/e75b3d5d2d0828505fb80b5e18bd174b/element/f.3CC06888A91A2B87598FBDB561306D63.d.517307A33275426844F0151F1ABEC4A3.e.1652/click - {}
RESULT: {}
COMMAND: GET /session/e75b3d5d2d0828505fb80b5e18bd174b/screenshot - {}
RESULT: {}
COMMAND: POST /session/e75b3d5d2d0828505fb80b5e18bd174b/element - {"using":"xpath","value":"//bdi[contains(text(), \"OK\")]"}
RESULT: {"using":"xpath","value":"//bdi[contains(text(), \"OK\")]"}
COMMAND: POST /session/e75b3d5d2d0828505fb80b5e18bd174b/element/f.3CC06888A91A2B87598FBDB561306D63.d.517307A33275426844F0151F1ABEC4A3.e.1653/click - {}
RESULT: {}
COMMAND: GET /session/e75b3d5d2d0828505fb80b5e18bd174b/screenshot - {}
RESULT: {}
COMMAND: POST /session/e75b3d5d2d0828505fb80b5e18bd174b/element - {"using":"xpath","value":"//button[@data-kt=\"saveButton\"]"}
RESULT: {"using":"xpath","value":"//button[@data-kt=\"saveButton\"]"}
COMMAND: POST /session/e75b3d5d2d0828505fb80b5e18bd174b/element/f.3CC06888A91A2B87598FBDB561306D63.d.517307A33275426844F0151F1ABEC4A3.e.1417/click - {}
RESULT: {}
COMMAND: GET /session/e75b3d5d2d0828505fb80b5e18bd174b/screenshot - {}
RESULT: {}
COMMAND: POST /session/e75b3d5d2d0828505fb80b5e18bd174b/element - {"using":"xpath","value":"//header[contains(@id, 'ObjectPageLayout-headerTitle')]/div[1]/div[2]/div[2]/span[1]"}
RESULT: {"using":"xpath","value":"//header[contains(@id, 'ObjectPageLayout-headerTitle')]/div[1]/div[2]/div[2]/span[1]"}
COMMAND: POST /session/e75b3d5d2d0828505fb80b5e18bd174b/elements - {"using":"xpath","value":"//header[contains(@id, 'ObjectPageLayout-headerTitle')]/div[1]/div[2]/div[2]/span[1]"}
RESULT: {"using":"xpath","value":"//header[contains(@id, 'ObjectPageLayout-headerTitle')]/div[1]/div[2]/div[2]/span[1]"}
COMMAND: POST /session/e75b3d5d2d0828505fb80b5e18bd174b/execute/sync - {"script":"<script> [56 bytes]","args":[{"element-6066-11e4-a52e-4f735466cecf":"f.3CC06888A91A2B87598FBDB561306D63.d.517307A33275426844F0151F1ABEC4A3.e.1819","ELEMENT":"f.3CC06888A91A2B87598FBDB561306D63.d.517307A33275426844F0151F1ABEC4A3.e.1819"}]}
RESULT: {"script":"<script> [56 bytes]","args":[{"element-6066-11e4-a52e-4f735466cecf":"f.3CC06888A91A2B87598FBDB561306D63.d.517307A33275426844F0151F1ABEC4A3.e.1819","ELEMENT":"f.3CC06888A91A2B87598FBDB561306D63.d.517307A33275426844F0151F1ABEC4A3.e.1819"}]}
COMMAND: POST /session/e75b3d5d2d0828505fb80b5e18bd174b/element - {"using":"css selector","value":"#shell-header-logo"}
COMMAND: GET /session/e75b3d5d2d0828505fb80b5e18bd174b/screenshot - {}
RESULT: {"using":"css selector","value":"#shell-header-logo"}
COMMAND: POST /session/e75b3d5d2d0828505fb80b5e18bd174b/element/f.3CC06888A91A2B87598FBDB561306D63.d.517307A33275426844F0151F1ABEC4A3.e.1033/click - {}
RESULT: {}
RESULT: {}
COMMAND: GET /session/e75b3d5d2d0828505fb80b5e18bd174b/screenshot - {}
RESULT: {}
COMMAND: POST /session/e75b3d5d2d0828505fb80b5e18bd174b/execute/sync - {"script":"<script> [299 bytes]","args":[["getModel","getResource"]]}
RESULT: {"script":"<script> [299 bytes]","args":[["getModel","getResource"]]}
]]></system-out>
    </testcase>
    <testcase classname="chrome.136_0_7103_93.windows.Billing_confirm_US117289" name="Should create a new site" time="91.301">
      <system-out><![CDATA[
COMMAND: POST /session/e75b3d5d2d0828505fb80b5e18bd174b/execute/async - {"script":"<script> [1562 bytes]","args":[{"selector":{"controlType":"sap.m.GenericTile","properties":{"header":"Manage Sites"}},"wdio_ui5_key":"sapm.GenericTile{\"header\":\"Manage Sites\"}"}]}
COMMAND: GET /session/e75b3d5d2d0828505fb80b5e18bd174b/screenshot - {}
RESULT: {"script":"<script> [1562 bytes]","args":[{"selector":{"controlType":"sap.m.GenericTile","properties":{"header":"Manage Sites"}},"wdio_ui5_key":"sapm.GenericTile{\"header\":\"Manage Sites\"}"}]}
RESULT: undefined
COMMAND: POST /session/e75b3d5d2d0828505fb80b5e18bd174b/element - {"using":"xpath","value":"//*[@id=\"__tile40\"]"}
RESULT: {}
RESULT: {"using":"xpath","value":"//*[@id=\"__tile40\"]"}
COMMAND: POST /session/e75b3d5d2d0828505fb80b5e18bd174b/element/f.3CC06888A91A2B87598FBDB561306D63.d.517307A33275426844F0151F1ABEC4A3.e.160/click - {}
RESULT: {}
COMMAND: GET /session/e75b3d5d2d0828505fb80b5e18bd174b/screenshot - {}
RESULT: {}
COMMAND: POST /session/e75b3d5d2d0828505fb80b5e18bd174b/elements - {"using":"xpath","value":"//span[text()='Error']"}
RESULT: {"using":"xpath","value":"//span[text()='Error']"}
COMMAND: POST /session/e75b3d5d2d0828505fb80b5e18bd174b/element - {"using":"xpath","value":"//button[@data-kt=\"addOverflowToolbarButton\"]"}
RESULT: {"using":"xpath","value":"//button[@data-kt=\"addOverflowToolbarButton\"]"}
COMMAND: POST /session/e75b3d5d2d0828505fb80b5e18bd174b/elements - {"using":"xpath","value":"//button[@data-kt=\"addOverflowToolbarButton\"]"}
RESULT: {"using":"xpath","value":"//button[@data-kt=\"addOverflowToolbarButton\"]"}
COMMAND: POST /session/e75b3d5d2d0828505fb80b5e18bd174b/execute/sync - {"script":"<script> [8489 bytes]","args":[{"element-6066-11e4-a52e-4f735466cecf":"f.3CC06888A91A2B87598FBDB561306D63.d.517307A33275426844F0151F1ABEC4A3.e.1866","ELEMENT":"f.3CC06888A91A2B87598FBDB561306D63.d.517307A33275426844F0151F1ABEC4A3.e.1866"}]}
RESULT: {"script":"<script> [8489 bytes]","args":[{"element-6066-11e4-a52e-4f735466cecf":"f.3CC06888A91A2B87598FBDB561306D63.d.517307A33275426844F0151F1ABEC4A3.e.1866","ELEMENT":"f.3CC06888A91A2B87598FBDB561306D63.d.517307A33275426844F0151F1ABEC4A3.e.1866"}]}
COMMAND: GET /session/e75b3d5d2d0828505fb80b5e18bd174b/element/f.3CC06888A91A2B87598FBDB561306D63.d.517307A33275426844F0151F1ABEC4A3.e.1866/enabled - {}
COMMAND: GET /session/e75b3d5d2d0828505fb80b5e18bd174b/screenshot - {}
RESULT: {}
COMMAND: POST /session/e75b3d5d2d0828505fb80b5e18bd174b/execute/sync - {"script":"<script> [8489 bytes]","args":[{"element-6066-11e4-a52e-4f735466cecf":"f.3CC06888A91A2B87598FBDB561306D63.d.517307A33275426844F0151F1ABEC4A3.e.1866","ELEMENT":"f.3CC06888A91A2B87598FBDB561306D63.d.517307A33275426844F0151F1ABEC4A3.e.1866"}]}
COMMAND: GET /session/e75b3d5d2d0828505fb80b5e18bd174b/screenshot - {}
RESULT: {}
RESULT: {"script":"<script> [8489 bytes]","args":[{"element-6066-11e4-a52e-4f735466cecf":"f.3CC06888A91A2B87598FBDB561306D63.d.517307A33275426844F0151F1ABEC4A3.e.1866","ELEMENT":"f.3CC06888A91A2B87598FBDB561306D63.d.517307A33275426844F0151F1ABEC4A3.e.1866"}]}
COMMAND: POST /session/e75b3d5d2d0828505fb80b5e18bd174b/execute/sync - {"script":"<script> [5351 bytes]","args":[{"element-6066-11e4-a52e-4f735466cecf":"f.3CC06888A91A2B87598FBDB561306D63.d.517307A33275426844F0151F1ABEC4A3.e.1866","ELEMENT":"f.3CC06888A91A2B87598FBDB561306D63.d.517307A33275426844F0151F1ABEC4A3.e.1866"}]}
COMMAND: GET /session/e75b3d5d2d0828505fb80b5e18bd174b/screenshot - {}
RESULT: {}
RESULT: {"script":"<script> [5351 bytes]","args":[{"element-6066-11e4-a52e-4f735466cecf":"f.3CC06888A91A2B87598FBDB561306D63.d.517307A33275426844F0151F1ABEC4A3.e.1866","ELEMENT":"f.3CC06888A91A2B87598FBDB561306D63.d.517307A33275426844F0151F1ABEC4A3.e.1866"}]}
COMMAND: POST /session/e75b3d5d2d0828505fb80b5e18bd174b/element/f.3CC06888A91A2B87598FBDB561306D63.d.517307A33275426844F0151F1ABEC4A3.e.1866/click - {}
COMMAND: GET /session/e75b3d5d2d0828505fb80b5e18bd174b/screenshot - {}
RESULT: {}
RESULT: {}
COMMAND: GET /session/e75b3d5d2d0828505fb80b5e18bd174b/screenshot - {}
RESULT: {}
RESULT: {}
COMMAND: POST /session/e75b3d5d2d0828505fb80b5e18bd174b/element - {"using":"xpath","value":"//input[@id=\"application-managesites-display-component---NewSite--siteId-inner\"]"}
RESULT: {"using":"xpath","value":"//input[@id=\"application-managesites-display-component---NewSite--siteId-inner\"]"}
COMMAND: POST /session/e75b3d5d2d0828505fb80b5e18bd174b/element - {"using":"xpath","value":"//input[@id=\"application-managesites-display-component---NewSite--siteId-inner\"]"}
RESULT: {"using":"xpath","value":"//input[@id=\"application-managesites-display-component---NewSite--siteId-inner\"]"}
COMMAND: POST /session/e75b3d5d2d0828505fb80b5e18bd174b/execute/async - {"script":"<script> [1562 bytes]","args":[{"selector":{"id":"application-managesites-display-component---NewSite--addressDetailDetailsName1","interaction":{"idSuffix":"inner"}},"wdio_ui5_key":"applicationmanagesites-display-component---NewSite--addressDetailDetailsName1"}]}
RESULT: {"script":"<script> [1562 bytes]","args":[{"selector":{"id":"application-managesites-display-component---NewSite--addressDetailDetailsName1","interaction":{"idSuffix":"inner"}},"wdio_ui5_key":"applicationmanagesites-display-component---NewSite--addressDetailDetailsName1"}]}
RESULT: undefined
COMMAND: POST /session/e75b3d5d2d0828505fb80b5e18bd174b/execute/async - {"script":"<script> [776 bytes]","args":[{"enterText":"Intracompany Site wdIO","selector":{"id":"application-managesites-display-component---NewSite--addressDetailDetailsName1","interaction":{"idSuffix":"inner"}},"clearTextFirst":true,"interactionType":"ENTER_TEXT"}]}
RESULT: {"script":"<script> [776 bytes]","args":[{"enterText":"Intracompany Site wdIO","selector":{"id":"application-managesites-display-component---NewSite--addressDetailDetailsName1","interaction":{"idSuffix":"inner"}},"clearTextFirst":true,"interactionType":"ENTER_TEXT"}]}
COMMAND: POST /session/e75b3d5d2d0828505fb80b5e18bd174b/execute/async - {"script":"<script> [1562 bytes]","args":[{"selector":{"id":"application-managesites-display-component---NewSite--addressDetailDetailsLanguage-arrow"},"wdio_ui5_key":"applicationmanagesites-display-component---NewSite--addressDetailDetailsLanguage-arrow"}]}
RESULT: {"script":"<script> [1562 bytes]","args":[{"selector":{"id":"application-managesites-display-component---NewSite--addressDetailDetailsLanguage-arrow"},"wdio_ui5_key":"applicationmanagesites-display-component---NewSite--addressDetailDetailsLanguage-arrow"}]}
RESULT: undefined
COMMAND: POST /session/e75b3d5d2d0828505fb80b5e18bd174b/element - {"using":"xpath","value":"//*[@id=\"application-managesites-display-component---NewSite--addressDetailDetailsLanguage-arrow\"]"}
RESULT: {"using":"xpath","value":"//*[@id=\"application-managesites-display-component---NewSite--addressDetailDetailsLanguage-arrow\"]"}
COMMAND: POST /session/e75b3d5d2d0828505fb80b5e18bd174b/element/f.3CC06888A91A2B87598FBDB561306D63.d.517307A33275426844F0151F1ABEC4A3.e.2282/click - {}
RESULT: {}
COMMAND: POST /session/e75b3d5d2d0828505fb80b5e18bd174b/element - {"using":"xpath","value":"//span[contains(text(), \"English\")]"}
COMMAND: GET /session/e75b3d5d2d0828505fb80b5e18bd174b/screenshot - {}
RESULT: {"using":"xpath","value":"//span[contains(text(), \"English\")]"}
COMMAND: POST /session/e75b3d5d2d0828505fb80b5e18bd174b/element/f.3CC06888A91A2B87598FBDB561306D63.d.517307A33275426844F0151F1ABEC4A3.e.2283/click - {}
RESULT: {}
RESULT: {}
COMMAND: POST /session/e75b3d5d2d0828505fb80b5e18bd174b/execute/async - {"script":"<script> [1562 bytes]","args":[{"selector":{"id":"application-managesites-display-component---NewSite--addressDetailDetailsCity1","interaction":{"idSuffix":"inner"}},"wdio_ui5_key":"applicationmanagesites-display-component---NewSite--addressDetailDetailsCity1"}]}
COMMAND: GET /session/e75b3d5d2d0828505fb80b5e18bd174b/screenshot - {}
RESULT: {"script":"<script> [1562 bytes]","args":[{"selector":{"id":"application-managesites-display-component---NewSite--addressDetailDetailsCity1","interaction":{"idSuffix":"inner"}},"wdio_ui5_key":"applicationmanagesites-display-component---NewSite--addressDetailDetailsCity1"}]}
RESULT: undefined
COMMAND: POST /session/e75b3d5d2d0828505fb80b5e18bd174b/execute/async - {"script":"<script> [776 bytes]","args":[{"enterText":"Rosario","selector":{"id":"application-managesites-display-component---NewSite--addressDetailDetailsCity1","interaction":{"idSuffix":"inner"}},"clearTextFirst":true,"interactionType":"ENTER_TEXT"}]}
RESULT: {}
RESULT: {"script":"<script> [776 bytes]","args":[{"enterText":"Rosario","selector":{"id":"application-managesites-display-component---NewSite--addressDetailDetailsCity1","interaction":{"idSuffix":"inner"}},"clearTextFirst":true,"interactionType":"ENTER_TEXT"}]}
COMMAND: POST /session/e75b3d5d2d0828505fb80b5e18bd174b/execute/async - {"script":"<script> [1562 bytes]","args":[{"selector":{"id":"application-managesites-display-component---NewSite--addressDetailDetailsCountry-arrow"},"wdio_ui5_key":"applicationmanagesites-display-component---NewSite--addressDetailDetailsCountry-arrow"}]}
RESULT: {"script":"<script> [1562 bytes]","args":[{"selector":{"id":"application-managesites-display-component---NewSite--addressDetailDetailsCountry-arrow"},"wdio_ui5_key":"applicationmanagesites-display-component---NewSite--addressDetailDetailsCountry-arrow"}]}
RESULT: undefined
COMMAND: POST /session/e75b3d5d2d0828505fb80b5e18bd174b/element - {"using":"xpath","value":"//*[@id=\"application-managesites-display-component---NewSite--addressDetailDetailsCountry-arrow\"]"}
RESULT: {"using":"xpath","value":"//*[@id=\"application-managesites-display-component---NewSite--addressDetailDetailsCountry-arrow\"]"}
COMMAND: POST /session/e75b3d5d2d0828505fb80b5e18bd174b/element/f.3CC06888A91A2B87598FBDB561306D63.d.517307A33275426844F0151F1ABEC4A3.e.2285/click - {}
RESULT: {}
COMMAND: POST /session/e75b3d5d2d0828505fb80b5e18bd174b/element - {"using":"xpath","value":"//span[contains(text(), \"Argentina\")]"}
COMMAND: GET /session/e75b3d5d2d0828505fb80b5e18bd174b/screenshot - {}
RESULT: {"using":"xpath","value":"//span[contains(text(), \"Argentina\")]"}
COMMAND: POST /session/e75b3d5d2d0828505fb80b5e18bd174b/element/f.3CC06888A91A2B87598FBDB561306D63.d.517307A33275426844F0151F1ABEC4A3.e.2287/click - {}
RESULT: {}
RESULT: {}
COMMAND: GET /session/e75b3d5d2d0828505fb80b5e18bd174b/screenshot - {}
RESULT: {}
COMMAND: POST /session/e75b3d5d2d0828505fb80b5e18bd174b/execute/async - {"script":"<script> [1562 bytes]","args":[{"selector":{"id":"application-managesites-display-component---NewSite--addressEditDetailsCostObjectCstType-arrow"},"wdio_ui5_key":"applicationmanagesites-display-component---NewSite--addressEditDetailsCostObjectCstType-arrow"}]}
RESULT: {"script":"<script> [1562 bytes]","args":[{"selector":{"id":"application-managesites-display-component---NewSite--addressEditDetailsCostObjectCstType-arrow"},"wdio_ui5_key":"applicationmanagesites-display-component---NewSite--addressEditDetailsCostObjectCstType-arrow"}]}
RESULT: undefined
COMMAND: POST /session/e75b3d5d2d0828505fb80b5e18bd174b/element - {"using":"xpath","value":"//*[@id=\"application-managesites-display-component---NewSite--addressEditDetailsCostObjectCstType-arrow\"]"}
RESULT: {"using":"xpath","value":"//*[@id=\"application-managesites-display-component---NewSite--addressEditDetailsCostObjectCstType-arrow\"]"}
COMMAND: POST /session/e75b3d5d2d0828505fb80b5e18bd174b/element/f.3CC06888A91A2B87598FBDB561306D63.d.517307A33275426844F0151F1ABEC4A3.e.2288/click - {}
RESULT: {}
COMMAND: POST /session/e75b3d5d2d0828505fb80b5e18bd174b/element - {"using":"xpath","value":"//span[contains(text(), \"Cost Center\")]"}
COMMAND: GET /session/e75b3d5d2d0828505fb80b5e18bd174b/screenshot - {}
RESULT: {"using":"xpath","value":"//span[contains(text(), \"Cost Center\")]"}
COMMAND: POST /session/e75b3d5d2d0828505fb80b5e18bd174b/element/f.3CC06888A91A2B87598FBDB561306D63.d.517307A33275426844F0151F1ABEC4A3.e.2289/click - {}
RESULT: {}
RESULT: {}
COMMAND: GET /session/e75b3d5d2d0828505fb80b5e18bd174b/screenshot - {}
RESULT: {}
COMMAND: POST /session/e75b3d5d2d0828505fb80b5e18bd174b/element - {"using":"xpath","value":"//span[@id=\"application-managesites-display-component---NewSite--addressNewCostObjectCstID-vhi\"]"}
RESULT: {"using":"xpath","value":"//span[@id=\"application-managesites-display-component---NewSite--addressNewCostObjectCstID-vhi\"]"}
COMMAND: POST /session/e75b3d5d2d0828505fb80b5e18bd174b/execute/sync - {"script":"<script> [8489 bytes]","args":[{"element-6066-11e4-a52e-4f735466cecf":"f.3CC06888A91A2B87598FBDB561306D63.d.517307A33275426844F0151F1ABEC4A3.e.2294","ELEMENT":"f.3CC06888A91A2B87598FBDB561306D63.d.517307A33275426844F0151F1ABEC4A3.e.2294"}]}
RESULT: {"script":"<script> [8489 bytes]","args":[{"element-6066-11e4-a52e-4f735466cecf":"f.3CC06888A91A2B87598FBDB561306D63.d.517307A33275426844F0151F1ABEC4A3.e.2294","ELEMENT":"f.3CC06888A91A2B87598FBDB561306D63.d.517307A33275426844F0151F1ABEC4A3.e.2294"}]}
COMMAND: POST /session/e75b3d5d2d0828505fb80b5e18bd174b/execute/async - {"script":"<script> [1562 bytes]","args":[{"selector":{"id":"application-managesites-display-component---NewSite--addressNewCostObjectCstID-vhi"},"wdio_ui5_key":"applicationmanagesites-display-component---NewSite--addressNewCostObjectCstID-vhi"}]}
COMMAND: GET /session/e75b3d5d2d0828505fb80b5e18bd174b/screenshot - {}
RESULT: {"script":"<script> [1562 bytes]","args":[{"selector":{"id":"application-managesites-display-component---NewSite--addressNewCostObjectCstID-vhi"},"wdio_ui5_key":"applicationmanagesites-display-component---NewSite--addressNewCostObjectCstID-vhi"}]}
RESULT: undefined
COMMAND: POST /session/e75b3d5d2d0828505fb80b5e18bd174b/element - {"using":"xpath","value":"//*[@id=\"application-managesites-display-component---NewSite--addressNewCostObjectCstID-vhi\"]"}
RESULT: {}
RESULT: {"using":"xpath","value":"//*[@id=\"application-managesites-display-component---NewSite--addressNewCostObjectCstID-vhi\"]"}
COMMAND: POST /session/e75b3d5d2d0828505fb80b5e18bd174b/element/f.3CC06888A91A2B87598FBDB561306D63.d.517307A33275426844F0151F1ABEC4A3.e.2294/click - {}
RESULT: {}
COMMAND: GET /session/e75b3d5d2d0828505fb80b5e18bd174b/screenshot - {}
RESULT: {}
RESULT: undefined
COMMAND: POST /session/e75b3d5d2d0828505fb80b5e18bd174b/execute/async - {"script":"<script> [776 bytes]","args":[{"enterText":"10001013","selector":{"controlType":"sap.m.SearchField","properties":{"placeholder":"Search"},"searchOpenDialogs":true,"interaction":{"idSuffix":"I"}},"clearTextFirst":true,"interactionType":"ENTER_TEXT"}]}
RESULT: {"script":"<script> [776 bytes]","args":[{"enterText":"10001013","selector":{"controlType":"sap.m.SearchField","properties":{"placeholder":"Search"},"searchOpenDialogs":true,"interaction":{"idSuffix":"I"}},"clearTextFirst":true,"interactionType":"ENTER_TEXT"}]}
COMMAND: POST /session/e75b3d5d2d0828505fb80b5e18bd174b/actions - {"actions":[{"id":"action6","type":"key","parameters":{},"actions":[{"type":"keyDown","value":"î€‡"},{"type":"pause","duration":10},{"type":"keyUp","value":"î€‡"}]}]}
RESULT: {"actions":[{"id":"action6","type":"key","parameters":{},"actions":[{"type":"keyDown","value":"î€‡"},{"type":"pause","duration":10},{"type":"keyUp","value":"î€‡"}]}]}
COMMAND: GET /session/e75b3d5d2d0828505fb80b5e18bd174b/screenshot - {}
RESULT: {}
COMMAND: POST /session/e75b3d5d2d0828505fb80b5e18bd174b/element - {"using":"xpath","value":"//span[contains(text(), \"General Management\")]"}
RESULT: {"using":"xpath","value":"//span[contains(text(), \"General Management\")]"}
COMMAND: POST /session/e75b3d5d2d0828505fb80b5e18bd174b/element/f.3CC06888A91A2B87598FBDB561306D63.d.517307A33275426844F0151F1ABEC4A3.e.2334/click - {}
RESULT: {}
COMMAND: GET /session/e75b3d5d2d0828505fb80b5e18bd174b/screenshot - {}
RESULT: {}
COMMAND: POST /session/e75b3d5d2d0828505fb80b5e18bd174b/element - {"using":"xpath","value":"//bdi[contains(text(), \"OK\")]"}
RESULT: {"using":"xpath","value":"//bdi[contains(text(), \"OK\")]"}
COMMAND: POST /session/e75b3d5d2d0828505fb80b5e18bd174b/element/f.3CC06888A91A2B87598FBDB561306D63.d.517307A33275426844F0151F1ABEC4A3.e.2335/click - {}
RESULT: {}
COMMAND: GET /session/e75b3d5d2d0828505fb80b5e18bd174b/screenshot - {}
RESULT: {}
COMMAND: POST /session/e75b3d5d2d0828505fb80b5e18bd174b/element - {"using":"xpath","value":"//input[@id=\"application-managesites-display-component---NewSite--addressDetailDetailsCalendar-inner\"]"}
RESULT: {"using":"xpath","value":"//input[@id=\"application-managesites-display-component---NewSite--addressDetailDetailsCalendar-inner\"]"}
COMMAND: POST /session/e75b3d5d2d0828505fb80b5e18bd174b/element/f.3CC06888A91A2B87598FBDB561306D63.d.517307A33275426844F0151F1ABEC4A3.e.2041/clear - {}
RESULT: {}
COMMAND: POST /session/e75b3d5d2d0828505fb80b5e18bd174b/element/f.3CC06888A91A2B87598FBDB561306D63.d.517307A33275426844F0151F1ABEC4A3.e.2041/value - {"text":"Unit"}
COMMAND: GET /session/e75b3d5d2d0828505fb80b5e18bd174b/screenshot - {}
RESULT: {"text":"Unit"}
COMMAND: GET /session/e75b3d5d2d0828505fb80b5e18bd174b/screenshot - {}
RESULT: {}
RESULT: {}
COMMAND: POST /session/e75b3d5d2d0828505fb80b5e18bd174b/actions - {"actions":[{"id":"action7","type":"key","parameters":{},"actions":[{"type":"keyDown","value":"î€‡"},{"type":"pause","duration":10},{"type":"keyUp","value":"î€‡"}]}]}
RESULT: {"actions":[{"id":"action7","type":"key","parameters":{},"actions":[{"type":"keyDown","value":"î€‡"},{"type":"pause","duration":10},{"type":"keyUp","value":"î€‡"}]}]}
COMMAND: POST /session/e75b3d5d2d0828505fb80b5e18bd174b/element - {"using":"xpath","value":"//input[@id=\"application-managesites-display-component---NewSite--addressDetailDetailsYard-inner\"]"}
COMMAND: GET /session/e75b3d5d2d0828505fb80b5e18bd174b/screenshot - {}
RESULT: {"using":"xpath","value":"//input[@id=\"application-managesites-display-component---NewSite--addressDetailDetailsYard-inner\"]"}
COMMAND: POST /session/e75b3d5d2d0828505fb80b5e18bd174b/element/f.3CC06888A91A2B87598FBDB561306D63.d.517307A33275426844F0151F1ABEC4A3.e.2042/clear - {}
RESULT: {}
RESULT: {}
COMMAND: POST /session/e75b3d5d2d0828505fb80b5e18bd174b/element/f.3CC06888A91A2B87598FBDB561306D63.d.517307A33275426844F0151F1ABEC4A3.e.2042/value - {"text":"563"}
COMMAND: GET /session/e75b3d5d2d0828505fb80b5e18bd174b/screenshot - {}
RESULT: {"text":"563"}
COMMAND: GET /session/e75b3d5d2d0828505fb80b5e18bd174b/screenshot - {}
RESULT: {}
RESULT: {}
COMMAND: POST /session/e75b3d5d2d0828505fb80b5e18bd174b/element - {"using":"xpath","value":"//li[.//span[text()='563']]"}
RESULT: {"using":"xpath","value":"//li[.//span[text()='563']]"}
COMMAND: POST /session/e75b3d5d2d0828505fb80b5e18bd174b/element/f.3CC06888A91A2B87598FBDB561306D63.d.517307A33275426844F0151F1ABEC4A3.e.2343/click - {}
RESULT: {}
COMMAND: GET /session/e75b3d5d2d0828505fb80b5e18bd174b/screenshot - {}
RESULT: {}
COMMAND: POST /session/e75b3d5d2d0828505fb80b5e18bd174b/element - {"using":"xpath","value":"//input[@id=\"application-managesites-display-component---NewSite--addressDetailDetailsPartner-inner\"]"}
RESULT: {"using":"xpath","value":"//input[@id=\"application-managesites-display-component---NewSite--addressDetailDetailsPartner-inner\"]"}
COMMAND: POST /session/e75b3d5d2d0828505fb80b5e18bd174b/element - {"using":"xpath","value":"//input[@id=\"application-managesites-display-component---NewSite--addressDetailDetailsPartner-inner\"]"}
RESULT: {"using":"xpath","value":"//input[@id=\"application-managesites-display-component---NewSite--addressDetailDetailsPartner-inner\"]"}
COMMAND: POST /session/e75b3d5d2d0828505fb80b5e18bd174b/element - {"using":"xpath","value":"//button[@data-kt=\"saveButton\"]"}
RESULT: {"using":"xpath","value":"//button[@data-kt=\"saveButton\"]"}
COMMAND: POST /session/e75b3d5d2d0828505fb80b5e18bd174b/element/f.3CC06888A91A2B87598FBDB561306D63.d.517307A33275426844F0151F1ABEC4A3.e.2210/click - {}
RESULT: {}
COMMAND: GET /session/e75b3d5d2d0828505fb80b5e18bd174b/screenshot - {}
RESULT: {}
COMMAND: POST /session/e75b3d5d2d0828505fb80b5e18bd174b/element - {"using":"xpath","value":"//header[contains(@id, 'ObjectPageLayout-headerTitle')]/div[1]/div[2]/div[2]/span[1]"}
RESULT: {"using":"xpath","value":"//header[contains(@id, 'ObjectPageLayout-headerTitle')]/div[1]/div[2]/div[2]/span[1]"}
COMMAND: POST /session/e75b3d5d2d0828505fb80b5e18bd174b/elements - {"using":"xpath","value":"//header[contains(@id, 'ObjectPageLayout-headerTitle')]/div[1]/div[2]/div[2]/span[1]"}
RESULT: {"using":"xpath","value":"//header[contains(@id, 'ObjectPageLayout-headerTitle')]/div[1]/div[2]/div[2]/span[1]"}
COMMAND: POST /session/e75b3d5d2d0828505fb80b5e18bd174b/execute/sync - {"script":"<script> [56 bytes]","args":[{"element-6066-11e4-a52e-4f735466cecf":"f.3CC06888A91A2B87598FBDB561306D63.d.517307A33275426844F0151F1ABEC4A3.e.2552","ELEMENT":"f.3CC06888A91A2B87598FBDB561306D63.d.517307A33275426844F0151F1ABEC4A3.e.2552"}]}
RESULT: {"script":"<script> [56 bytes]","args":[{"element-6066-11e4-a52e-4f735466cecf":"f.3CC06888A91A2B87598FBDB561306D63.d.517307A33275426844F0151F1ABEC4A3.e.2552","ELEMENT":"f.3CC06888A91A2B87598FBDB561306D63.d.517307A33275426844F0151F1ABEC4A3.e.2552"}]}
COMMAND: POST /session/e75b3d5d2d0828505fb80b5e18bd174b/element - {"using":"css selector","value":"#shell-header-logo"}
COMMAND: GET /session/e75b3d5d2d0828505fb80b5e18bd174b/screenshot - {}
RESULT: {"using":"css selector","value":"#shell-header-logo"}
COMMAND: POST /session/e75b3d5d2d0828505fb80b5e18bd174b/element/f.3CC06888A91A2B87598FBDB561306D63.d.517307A33275426844F0151F1ABEC4A3.e.1824/click - {}
RESULT: {}
RESULT: {}
COMMAND: GET /session/e75b3d5d2d0828505fb80b5e18bd174b/screenshot - {}
RESULT: {}
COMMAND: POST /session/e75b3d5d2d0828505fb80b5e18bd174b/execute/sync - {"script":"<script> [299 bytes]","args":[["getModel","getResource"]]}
RESULT: {"script":"<script> [299 bytes]","args":[["getModel","getResource"]]}
]]></system-out>
    </testcase>
    <testcase classname="chrome.136_0_7103_93.windows.Billing_confirm_US117289" name="Should create a new equipment" time="127.919">
      <system-out><![CDATA[
COMMAND: GET /session/e75b3d5d2d0828505fb80b5e18bd174b/screenshot - {}
COMMAND: POST /session/e75b3d5d2d0828505fb80b5e18bd174b/execute/async - {"script":"<script> [1562 bytes]","args":[{"selector":{"controlType":"sap.m.GenericTile","properties":{"header":"Manage Resources"}},"wdio_ui5_key":"sapm.GenericTile{\"header\":\"Manage Resources\"}"}]}
RESULT: {"script":"<script> [1562 bytes]","args":[{"selector":{"controlType":"sap.m.GenericTile","properties":{"header":"Manage Resources"}},"wdio_ui5_key":"sapm.GenericTile{\"header\":\"Manage Resources\"}"}]}
RESULT: undefined
COMMAND: POST /session/e75b3d5d2d0828505fb80b5e18bd174b/element - {"using":"xpath","value":"//*[@id=\"__tile39\"]"}
RESULT: {}
RESULT: {"using":"xpath","value":"//*[@id=\"__tile39\"]"}
COMMAND: POST /session/e75b3d5d2d0828505fb80b5e18bd174b/element/f.3CC06888A91A2B87598FBDB561306D63.d.517307A33275426844F0151F1ABEC4A3.e.157/click - {}
RESULT: {}
COMMAND: GET /session/e75b3d5d2d0828505fb80b5e18bd174b/screenshot - {}
RESULT: {}
COMMAND: POST /session/e75b3d5d2d0828505fb80b5e18bd174b/elements - {"using":"xpath","value":"//span[text()='Error']"}
RESULT: {"using":"xpath","value":"//span[text()='Error']"}
COMMAND: POST /session/e75b3d5d2d0828505fb80b5e18bd174b/element - {"using":"xpath","value":"//button[@data-kt=\"addNewRUOverflowToolbarButton\"]"}
RESULT: {"using":"xpath","value":"//button[@data-kt=\"addNewRUOverflowToolbarButton\"]"}
COMMAND: POST /session/e75b3d5d2d0828505fb80b5e18bd174b/elements - {"using":"xpath","value":"//button[@data-kt=\"addNewRUOverflowToolbarButton\"]"}
RESULT: {"using":"xpath","value":"//button[@data-kt=\"addNewRUOverflowToolbarButton\"]"}
COMMAND: POST /session/e75b3d5d2d0828505fb80b5e18bd174b/execute/sync - {"script":"<script> [8489 bytes]","args":[{"element-6066-11e4-a52e-4f735466cecf":"f.3CC06888A91A2B87598FBDB561306D63.d.517307A33275426844F0151F1ABEC4A3.e.2597","ELEMENT":"f.3CC06888A91A2B87598FBDB561306D63.d.517307A33275426844F0151F1ABEC4A3.e.2597"}]}
RESULT: {"script":"<script> [8489 bytes]","args":[{"element-6066-11e4-a52e-4f735466cecf":"f.3CC06888A91A2B87598FBDB561306D63.d.517307A33275426844F0151F1ABEC4A3.e.2597","ELEMENT":"f.3CC06888A91A2B87598FBDB561306D63.d.517307A33275426844F0151F1ABEC4A3.e.2597"}]}
COMMAND: GET /session/e75b3d5d2d0828505fb80b5e18bd174b/element/f.3CC06888A91A2B87598FBDB561306D63.d.517307A33275426844F0151F1ABEC4A3.e.2597/enabled - {}
COMMAND: GET /session/e75b3d5d2d0828505fb80b5e18bd174b/screenshot - {}
RESULT: {}
COMMAND: POST /session/e75b3d5d2d0828505fb80b5e18bd174b/execute/sync - {"script":"<script> [8489 bytes]","args":[{"element-6066-11e4-a52e-4f735466cecf":"f.3CC06888A91A2B87598FBDB561306D63.d.517307A33275426844F0151F1ABEC4A3.e.2597","ELEMENT":"f.3CC06888A91A2B87598FBDB561306D63.d.517307A33275426844F0151F1ABEC4A3.e.2597"}]}
COMMAND: GET /session/e75b3d5d2d0828505fb80b5e18bd174b/screenshot - {}
RESULT: {}
RESULT: {"script":"<script> [8489 bytes]","args":[{"element-6066-11e4-a52e-4f735466cecf":"f.3CC06888A91A2B87598FBDB561306D63.d.517307A33275426844F0151F1ABEC4A3.e.2597","ELEMENT":"f.3CC06888A91A2B87598FBDB561306D63.d.517307A33275426844F0151F1ABEC4A3.e.2597"}]}
COMMAND: POST /session/e75b3d5d2d0828505fb80b5e18bd174b/execute/sync - {"script":"<script> [5351 bytes]","args":[{"element-6066-11e4-a52e-4f735466cecf":"f.3CC06888A91A2B87598FBDB561306D63.d.517307A33275426844F0151F1ABEC4A3.e.2597","ELEMENT":"f.3CC06888A91A2B87598FBDB561306D63.d.517307A33275426844F0151F1ABEC4A3.e.2597"}]}
COMMAND: GET /session/e75b3d5d2d0828505fb80b5e18bd174b/screenshot - {}
RESULT: {}
RESULT: {"script":"<script> [5351 bytes]","args":[{"element-6066-11e4-a52e-4f735466cecf":"f.3CC06888A91A2B87598FBDB561306D63.d.517307A33275426844F0151F1ABEC4A3.e.2597","ELEMENT":"f.3CC06888A91A2B87598FBDB561306D63.d.517307A33275426844F0151F1ABEC4A3.e.2597"}]}
COMMAND: POST /session/e75b3d5d2d0828505fb80b5e18bd174b/element/f.3CC06888A91A2B87598FBDB561306D63.d.517307A33275426844F0151F1ABEC4A3.e.2597/click - {}
COMMAND: GET /session/e75b3d5d2d0828505fb80b5e18bd174b/screenshot - {}
RESULT: {}
RESULT: {}
COMMAND: GET /session/e75b3d5d2d0828505fb80b5e18bd174b/screenshot - {}
RESULT: {}
RESULT: {}
COMMAND: POST /session/e75b3d5d2d0828505fb80b5e18bd174b/execute/async - {"script":"<script> [1562 bytes]","args":[{"selector":{"id":"application-manageresources-display-component---newResourceUnit--TYPE-arrow"},"wdio_ui5_key":"applicationmanageresources-display-component---newResourceUnit--TYPE-arrow"}]}
RESULT: {"script":"<script> [1562 bytes]","args":[{"selector":{"id":"application-manageresources-display-component---newResourceUnit--TYPE-arrow"},"wdio_ui5_key":"applicationmanageresources-display-component---newResourceUnit--TYPE-arrow"}]}
RESULT: undefined
COMMAND: POST /session/e75b3d5d2d0828505fb80b5e18bd174b/element - {"using":"xpath","value":"//*[@id=\"application-manageresources-display-component---newResourceUnit--TYPE-arrow\"]"}
RESULT: {"using":"xpath","value":"//*[@id=\"application-manageresources-display-component---newResourceUnit--TYPE-arrow\"]"}
COMMAND: POST /session/e75b3d5d2d0828505fb80b5e18bd174b/element/f.3CC06888A91A2B87598FBDB561306D63.d.517307A33275426844F0151F1ABEC4A3.e.2954/click - {}
RESULT: {}
COMMAND: POST /session/e75b3d5d2d0828505fb80b5e18bd174b/element - {"using":"xpath","value":"//input[@id=\"application-manageresources-display-component---newResourceUnit--TYPE-inner\"]"}
COMMAND: GET /session/e75b3d5d2d0828505fb80b5e18bd174b/screenshot - {}
RESULT: {"using":"xpath","value":"//input[@id=\"application-manageresources-display-component---newResourceUnit--TYPE-inner\"]"}
COMMAND: POST /session/e75b3d5d2d0828505fb80b5e18bd174b/element/f.3CC06888A91A2B87598FBDB561306D63.d.517307A33275426844F0151F1ABEC4A3.e.2937/clear - {}
RESULT: {}
RESULT: {}
COMMAND: POST /session/e75b3d5d2d0828505fb80b5e18bd174b/element/f.3CC06888A91A2B87598FBDB561306D63.d.517307A33275426844F0151F1ABEC4A3.e.2937/value - {"text":"Equipment"}
COMMAND: GET /session/e75b3d5d2d0828505fb80b5e18bd174b/screenshot - {}
RESULT: {"text":"Equipment"}
COMMAND: GET /session/e75b3d5d2d0828505fb80b5e18bd174b/screenshot - {}
RESULT: {}
RESULT: {}
COMMAND: POST /session/e75b3d5d2d0828505fb80b5e18bd174b/actions - {"actions":[{"id":"action8","type":"key","parameters":{},"actions":[{"type":"keyDown","value":"î€‡"},{"type":"pause","duration":10},{"type":"keyUp","value":"î€‡"}]}]}
RESULT: {"actions":[{"id":"action8","type":"key","parameters":{},"actions":[{"type":"keyDown","value":"î€‡"},{"type":"pause","duration":10},{"type":"keyUp","value":"î€‡"}]}]}
COMMAND: POST /session/e75b3d5d2d0828505fb80b5e18bd174b/execute/async - {"script":"<script> [1562 bytes]","args":[{"selector":{"id":"application-manageresources-display-component---newResourceUnit--resourceId","interaction":{"idSuffix":"inner"}},"wdio_ui5_key":"applicationmanageresources-display-component---newResourceUnit--resourceId"}]}
COMMAND: GET /session/e75b3d5d2d0828505fb80b5e18bd174b/screenshot - {}
RESULT: {"script":"<script> [1562 bytes]","args":[{"selector":{"id":"application-manageresources-display-component---newResourceUnit--resourceId","interaction":{"idSuffix":"inner"}},"wdio_ui5_key":"applicationmanageresources-display-component---newResourceUnit--resourceId"}]}
RESULT: undefined
COMMAND: POST /session/e75b3d5d2d0828505fb80b5e18bd174b/execute/async - {"script":"<script> [776 bytes]","args":[{"enterText":"HkJqCKmPys","selector":{"id":"application-manageresources-display-component---newResourceUnit--resourceId","interaction":{"idSuffix":"inner"}},"clearTextFirst":true,"interactionType":"ENTER_TEXT"}]}
RESULT: {}
RESULT: {"script":"<script> [776 bytes]","args":[{"enterText":"HkJqCKmPys","selector":{"id":"application-manageresources-display-component---newResourceUnit--resourceId","interaction":{"idSuffix":"inner"}},"clearTextFirst":true,"interactionType":"ENTER_TEXT"}]}
COMMAND: POST /session/e75b3d5d2d0828505fb80b5e18bd174b/execute/async - {"script":"<script> [1562 bytes]","args":[{"selector":{"id":"application-manageresources-display-component---newResourceUnit--SHORT_TEXT","interaction":{"idSuffix":"inner"}},"wdio_ui5_key":"applicationmanageresources-display-component---newResourceUnit--SHORT_TEXT"}]}
RESULT: {"script":"<script> [1562 bytes]","args":[{"selector":{"id":"application-manageresources-display-component---newResourceUnit--SHORT_TEXT","interaction":{"idSuffix":"inner"}},"wdio_ui5_key":"applicationmanageresources-display-component---newResourceUnit--SHORT_TEXT"}]}
RESULT: undefined
COMMAND: POST /session/e75b3d5d2d0828505fb80b5e18bd174b/execute/async - {"script":"<script> [776 bytes]","args":[{"enterText":"Intercompany Equipment WDIO","selector":{"id":"application-manageresources-display-component---newResourceUnit--SHORT_TEXT","interaction":{"idSuffix":"inner"}},"clearTextFirst":true,"interactionType":"ENTER_TEXT"}]}
RESULT: {"script":"<script> [776 bytes]","args":[{"enterText":"Intercompany Equipment WDIO","selector":{"id":"application-manageresources-display-component---newResourceUnit--SHORT_TEXT","interaction":{"idSuffix":"inner"}},"clearTextFirst":true,"interactionType":"ENTER_TEXT"}]}
COMMAND: POST /session/e75b3d5d2d0828505fb80b5e18bd174b/execute/async - {"script":"<script> [1562 bytes]","args":[{"selector":{"id":"application-manageresources-display-component---newResourceUnit--BASE_UNIT_OF_MEASURE","interaction":{"idSuffix":"inner"}},"wdio_ui5_key":"applicationmanageresources-display-component---newResourceUnit--BASE_UNIT_OF_MEASURE"}]}
RESULT: {"script":"<script> [1562 bytes]","args":[{"selector":{"id":"application-manageresources-display-component---newResourceUnit--BASE_UNIT_OF_MEASURE","interaction":{"idSuffix":"inner"}},"wdio_ui5_key":"applicationmanageresources-display-component---newResourceUnit--BASE_UNIT_OF_MEASURE"}]}
RESULT: undefined
COMMAND: POST /session/e75b3d5d2d0828505fb80b5e18bd174b/execute/async - {"script":"<script> [776 bytes]","args":[{"enterText":"Piece","selector":{"id":"application-manageresources-display-component---newResourceUnit--BASE_UNIT_OF_MEASURE","interaction":{"idSuffix":"inner"}},"clearTextFirst":true,"interactionType":"ENTER_TEXT"}]}
RESULT: {"script":"<script> [776 bytes]","args":[{"enterText":"Piece","selector":{"id":"application-manageresources-display-component---newResourceUnit--BASE_UNIT_OF_MEASURE","interaction":{"idSuffix":"inner"}},"clearTextFirst":true,"interactionType":"ENTER_TEXT"}]}
COMMAND: POST /session/e75b3d5d2d0828505fb80b5e18bd174b/execute/async - {"script":"<script> [1562 bytes]","args":[{"selector":{"id":"application-manageresources-display-component---newResourceUnit--WEIGHT_UNIT","interaction":{"idSuffix":"inner"}},"wdio_ui5_key":"applicationmanageresources-display-component---newResourceUnit--WEIGHT_UNIT"}]}
RESULT: {"script":"<script> [1562 bytes]","args":[{"selector":{"id":"application-manageresources-display-component---newResourceUnit--WEIGHT_UNIT","interaction":{"idSuffix":"inner"}},"wdio_ui5_key":"applicationmanageresources-display-component---newResourceUnit--WEIGHT_UNIT"}]}
RESULT: undefined
COMMAND: POST /session/e75b3d5d2d0828505fb80b5e18bd174b/execute/async - {"script":"<script> [776 bytes]","args":[{"enterText":"Gram","selector":{"id":"application-manageresources-display-component---newResourceUnit--WEIGHT_UNIT","interaction":{"idSuffix":"inner"}},"clearTextFirst":true,"interactionType":"ENTER_TEXT"}]}
RESULT: {"script":"<script> [776 bytes]","args":[{"enterText":"Gram","selector":{"id":"application-manageresources-display-component---newResourceUnit--WEIGHT_UNIT","interaction":{"idSuffix":"inner"}},"clearTextFirst":true,"interactionType":"ENTER_TEXT"}]}
COMMAND: POST /session/e75b3d5d2d0828505fb80b5e18bd174b/execute/async - {"script":"<script> [1562 bytes]","args":[{"selector":{"id":"application-manageresources-display-component---newResourceUnit--DIMENSION_UNIT","interaction":{"idSuffix":"inner"}},"wdio_ui5_key":"applicationmanageresources-display-component---newResourceUnit--DIMENSION_UNIT"}]}
RESULT: {"script":"<script> [1562 bytes]","args":[{"selector":{"id":"application-manageresources-display-component---newResourceUnit--DIMENSION_UNIT","interaction":{"idSuffix":"inner"}},"wdio_ui5_key":"applicationmanageresources-display-component---newResourceUnit--DIMENSION_UNIT"}]}
RESULT: undefined
COMMAND: POST /session/e75b3d5d2d0828505fb80b5e18bd174b/execute/async - {"script":"<script> [776 bytes]","args":[{"enterText":"Meter","selector":{"id":"application-manageresources-display-component---newResourceUnit--DIMENSION_UNIT","interaction":{"idSuffix":"inner"}},"clearTextFirst":true,"interactionType":"ENTER_TEXT"}]}
RESULT: {"script":"<script> [776 bytes]","args":[{"enterText":"Meter","selector":{"id":"application-manageresources-display-component---newResourceUnit--DIMENSION_UNIT","interaction":{"idSuffix":"inner"}},"clearTextFirst":true,"interactionType":"ENTER_TEXT"}]}
COMMAND: POST /session/e75b3d5d2d0828505fb80b5e18bd174b/execute/async - {"script":"<script> [1562 bytes]","args":[{"selector":{"id":"application-manageresources-display-component---newResourceUnit--newRRUPage-anchBar-application-manageresources-display-component---newResourceUnit--control-anchor","interaction":{"idSuffix":"BDI-content"}},"wdio_ui5_key":"applicationmanageresources-display-component---newResourceUnit--newRRUPage-anchBar-application-manageresources-display-component---newResourceUnit--control-anchor"}]}
RESULT: {"script":"<script> [1562 bytes]","args":[{"selector":{"id":"application-manageresources-display-component---newResourceUnit--newRRUPage-anchBar-application-manageresources-display-component---newResourceUnit--control-anchor","interaction":{"idSuffix":"BDI-content"}},"wdio_ui5_key":"applicationmanageresources-display-component---newResourceUnit--newRRUPage-anchBar-application-manageresources-display-component---newResourceUnit--control-anchor"}]}
RESULT: undefined
COMMAND: POST /session/e75b3d5d2d0828505fb80b5e18bd174b/element - {"using":"xpath","value":"//*[@id=\"application-manageresources-display-component---newResourceUnit--newRRUPage-anchBar-application-manageresources-display-component---newResourceUnit--control-anchor\"]"}
RESULT: {"using":"xpath","value":"//*[@id=\"application-manageresources-display-component---newResourceUnit--newRRUPage-anchBar-application-manageresources-display-component---newResourceUnit--control-anchor\"]"}
COMMAND: POST /session/e75b3d5d2d0828505fb80b5e18bd174b/element/f.3CC06888A91A2B87598FBDB561306D63.d.517307A33275426844F0151F1ABEC4A3.e.3085/click - {}
RESULT: {}
COMMAND: POST /session/e75b3d5d2d0828505fb80b5e18bd174b/execute/async - {"script":"<script> [1562 bytes]","args":[{"selector":{"id":"application-manageresources-display-component---newResourceUnit--PLANNING_GROUP","interaction":{"idSuffix":"inner"}},"wdio_ui5_key":"applicationmanageresources-display-component---newResourceUnit--PLANNING_GROUP"}]}
COMMAND: GET /session/e75b3d5d2d0828505fb80b5e18bd174b/screenshot - {}
RESULT: {"script":"<script> [1562 bytes]","args":[{"selector":{"id":"application-manageresources-display-component---newResourceUnit--PLANNING_GROUP","interaction":{"idSuffix":"inner"}},"wdio_ui5_key":"applicationmanageresources-display-component---newResourceUnit--PLANNING_GROUP"}]}
RESULT: undefined
COMMAND: POST /session/e75b3d5d2d0828505fb80b5e18bd174b/execute/async - {"script":"<script> [776 bytes]","args":[{"enterText":"Heavy Equi","selector":{"id":"application-manageresources-display-component---newResourceUnit--PLANNING_GROUP","interaction":{"idSuffix":"inner"}},"clearTextFirst":true,"interactionType":"ENTER_TEXT"}]}
RESULT: {}
RESULT: {"script":"<script> [776 bytes]","args":[{"enterText":"Heavy Equi","selector":{"id":"application-manageresources-display-component---newResourceUnit--PLANNING_GROUP","interaction":{"idSuffix":"inner"}},"clearTextFirst":true,"interactionType":"ENTER_TEXT"}]}
COMMAND: POST /session/e75b3d5d2d0828505fb80b5e18bd174b/execute/async - {"script":"<script> [1562 bytes]","args":[{"selector":{"id":"application-manageresources-display-component---newResourceUnit--ITEM_TYPE-arrow"},"wdio_ui5_key":"applicationmanageresources-display-component---newResourceUnit--ITEM_TYPE-arrow"}]}
RESULT: {"script":"<script> [1562 bytes]","args":[{"selector":{"id":"application-manageresources-display-component---newResourceUnit--ITEM_TYPE-arrow"},"wdio_ui5_key":"applicationmanageresources-display-component---newResourceUnit--ITEM_TYPE-arrow"}]}
RESULT: undefined
COMMAND: POST /session/e75b3d5d2d0828505fb80b5e18bd174b/element - {"using":"xpath","value":"//*[@id=\"application-manageresources-display-component---newResourceUnit--ITEM_TYPE-arrow\"]"}
RESULT: {"using":"xpath","value":"//*[@id=\"application-manageresources-display-component---newResourceUnit--ITEM_TYPE-arrow\"]"}
COMMAND: POST /session/e75b3d5d2d0828505fb80b5e18bd174b/element/f.3CC06888A91A2B87598FBDB561306D63.d.517307A33275426844F0151F1ABEC4A3.e.3092/click - {}
RESULT: {}
COMMAND: POST /session/e75b3d5d2d0828505fb80b5e18bd174b/element - {"using":"xpath","value":"(//span[contains(text(), \"Resource Unit\")])[2]"}
COMMAND: GET /session/e75b3d5d2d0828505fb80b5e18bd174b/screenshot - {}
RESULT: {"using":"xpath","value":"(//span[contains(text(), \"Resource Unit\")])[2]"}
COMMAND: POST /session/e75b3d5d2d0828505fb80b5e18bd174b/element/f.3CC06888A91A2B87598FBDB561306D63.d.517307A33275426844F0151F1ABEC4A3.e.3093/click - {}
RESULT: {}
RESULT: {}
COMMAND: GET /session/e75b3d5d2d0828505fb80b5e18bd174b/screenshot - {}
RESULT: {}
COMMAND: POST /session/e75b3d5d2d0828505fb80b5e18bd174b/element - {"using":"css selector","value":"#application-manageresources-display-component---newResourceUnit--btnAddTimeSegment"}
RESULT: {"using":"css selector","value":"#application-manageresources-display-component---newResourceUnit--btnAddTimeSegment"}
COMMAND: GET /session/e75b3d5d2d0828505fb80b5e18bd174b/element/f.3CC06888A91A2B87598FBDB561306D63.d.517307A33275426844F0151F1ABEC4A3.e.3094/rect - {}
RESULT: {}
COMMAND: GET /session/e75b3d5d2d0828505fb80b5e18bd174b/window/rect - {}
RESULT: {}
COMMAND: POST /session/e75b3d5d2d0828505fb80b5e18bd174b/execute/sync - {"script":"<script> [92 bytes]","args":[]}
RESULT: {"script":"<script> [92 bytes]","args":[]}
COMMAND: POST /session/e75b3d5d2d0828505fb80b5e18bd174b/actions - {"actions":[{"id":"action9","type":"wheel","parameters":{},"actions":[{"type":"scroll","x":-1888,"y":-32,"deltaX":0,"deltaY":0,"duration":0,"origin":{"element-6066-11e4-a52e-4f735466cecf":"f.3CC06888A91A2B87598FBDB561306D63.d.517307A33275426844F0151F1ABEC4A3.e.3094"}}]}]}
COMMAND: GET /session/e75b3d5d2d0828505fb80b5e18bd174b/screenshot - {}
RESULT: {}
COMMAND: POST /session/e75b3d5d2d0828505fb80b5e18bd174b/execute/sync - {"script":"<script> [79 bytes]","args":[{"element-6066-11e4-a52e-4f735466cecf":"f.3CC06888A91A2B87598FBDB561306D63.d.517307A33275426844F0151F1ABEC4A3.e.3094","ELEMENT":"f.3CC06888A91A2B87598FBDB561306D63.d.517307A33275426844F0151F1ABEC4A3.e.3094"},{"block":"start","inline":"nearest"}]}
RESULT: {"script":"<script> [79 bytes]","args":[{"element-6066-11e4-a52e-4f735466cecf":"f.3CC06888A91A2B87598FBDB561306D63.d.517307A33275426844F0151F1ABEC4A3.e.3094","ELEMENT":"f.3CC06888A91A2B87598FBDB561306D63.d.517307A33275426844F0151F1ABEC4A3.e.3094"},{"block":"start","inline":"nearest"}]}
COMMAND: POST /session/e75b3d5d2d0828505fb80b5e18bd174b/execute/async - {"script":"<script> [1562 bytes]","args":[{"selector":{"id":"application-manageresources-display-component---newResourceUnit--btnAddTimeSegment","interaction":{"idSuffix":"inner"}},"wdio_ui5_key":"applicationmanageresources-display-component---newResourceUnit--btnAddTimeSegment"}]}
COMMAND: GET /session/e75b3d5d2d0828505fb80b5e18bd174b/screenshot - {}
RESULT: {"script":"<script> [1562 bytes]","args":[{"selector":{"id":"application-manageresources-display-component---newResourceUnit--btnAddTimeSegment","interaction":{"idSuffix":"inner"}},"wdio_ui5_key":"applicationmanageresources-display-component---newResourceUnit--btnAddTimeSegment"}]}
RESULT: undefined
COMMAND: POST /session/e75b3d5d2d0828505fb80b5e18bd174b/element - {"using":"xpath","value":"//*[@id=\"application-manageresources-display-component---newResourceUnit--btnAddTimeSegment\"]"}
RESULT: {}
RESULT: {"using":"xpath","value":"//*[@id=\"application-manageresources-display-component---newResourceUnit--btnAddTimeSegment\"]"}
COMMAND: POST /session/e75b3d5d2d0828505fb80b5e18bd174b/element/f.3CC06888A91A2B87598FBDB561306D63.d.517307A33275426844F0151F1ABEC4A3.e.3094/click - {}
RESULT: {}
COMMAND: GET /session/e75b3d5d2d0828505fb80b5e18bd174b/screenshot - {}
RESULT: {}
COMMAND: POST /session/e75b3d5d2d0828505fb80b5e18bd174b/element - {"using":"xpath","value":"//input[@id=\"application-manageresources-display-component---newResourceUnit--idRuTSAdmin-application-manageresources-display-component---newResourceUnit--RUTimeSegment-0-inner\"]"}
RESULT: {"using":"xpath","value":"//input[@id=\"application-manageresources-display-component---newResourceUnit--idRuTSAdmin-application-manageresources-display-component---newResourceUnit--RUTimeSegment-0-inner\"]"}
COMMAND: POST /session/e75b3d5d2d0828505fb80b5e18bd174b/element/f.3CC06888A91A2B87598FBDB561306D63.d.517307A33275426844F0151F1ABEC4A3.e.3100/clear - {}
RESULT: {}
COMMAND: POST /session/e75b3d5d2d0828505fb80b5e18bd174b/element/f.3CC06888A91A2B87598FBDB561306D63.d.517307A33275426844F0151F1ABEC4A3.e.3100/value - {"text":"563"}
COMMAND: GET /session/e75b3d5d2d0828505fb80b5e18bd174b/screenshot - {}
RESULT: {"text":"563"}
COMMAND: GET /session/e75b3d5d2d0828505fb80b5e18bd174b/screenshot - {}
RESULT: {}
RESULT: {}
COMMAND: POST /session/e75b3d5d2d0828505fb80b5e18bd174b/element - {"using":"xpath","value":"//li[.//span[text()='563']]"}
RESULT: {"using":"xpath","value":"//li[.//span[text()='563']]"}
COMMAND: POST /session/e75b3d5d2d0828505fb80b5e18bd174b/element/f.3CC06888A91A2B87598FBDB561306D63.d.517307A33275426844F0151F1ABEC4A3.e.3114/click - {}
RESULT: {}
COMMAND: GET /session/e75b3d5d2d0828505fb80b5e18bd174b/screenshot - {}
RESULT: {}
COMMAND: POST /session/e75b3d5d2d0828505fb80b5e18bd174b/element - {"using":"xpath","value":"(//span[contains(@id, \"-application-manageresources-display-component---newResourceUnit--RUTimeSegment-0-arrow\")])[6]"}
RESULT: {"using":"xpath","value":"(//span[contains(@id, \"-application-manageresources-display-component---newResourceUnit--RUTimeSegment-0-arrow\")])[6]"}
COMMAND: POST /session/e75b3d5d2d0828505fb80b5e18bd174b/element/f.3CC06888A91A2B87598FBDB561306D63.d.517307A33275426844F0151F1ABEC4A3.e.3115/click - {}
RESULT: {}
COMMAND: GET /session/e75b3d5d2d0828505fb80b5e18bd174b/screenshot - {}
RESULT: {}
COMMAND: POST /session/e75b3d5d2d0828505fb80b5e18bd174b/element - {"using":"xpath","value":"//span[contains(text(), \"PM Order\")]"}
RESULT: {"using":"xpath","value":"//span[contains(text(), \"PM Order\")]"}
COMMAND: POST /session/e75b3d5d2d0828505fb80b5e18bd174b/element/f.3CC06888A91A2B87598FBDB561306D63.d.517307A33275426844F0151F1ABEC4A3.e.3118/click - {}
RESULT: {}
COMMAND: GET /session/e75b3d5d2d0828505fb80b5e18bd174b/screenshot - {}
RESULT: {}
COMMAND: POST /session/e75b3d5d2d0828505fb80b5e18bd174b/element - {"using":"xpath","value":"(//span[contains(@id ,\"manageresources-display-component---newResourceUnit--RUTimeSegment-0-vhi\")])[1]"}
RESULT: {"using":"xpath","value":"(//span[contains(@id ,\"manageresources-display-component---newResourceUnit--RUTimeSegment-0-vhi\")])[1]"}
COMMAND: GET /session/e75b3d5d2d0828505fb80b5e18bd174b/element/f.3CC06888A91A2B87598FBDB561306D63.d.517307A33275426844F0151F1ABEC4A3.e.3122/rect - {}
RESULT: {}
COMMAND: GET /session/e75b3d5d2d0828505fb80b5e18bd174b/window/rect - {}
RESULT: {}
COMMAND: POST /session/e75b3d5d2d0828505fb80b5e18bd174b/execute/sync - {"script":"<script> [92 bytes]","args":[]}
RESULT: {"script":"<script> [92 bytes]","args":[]}
COMMAND: POST /session/e75b3d5d2d0828505fb80b5e18bd174b/actions - {"actions":[{"id":"action10","type":"wheel","parameters":{},"actions":[{"type":"scroll","x":-869,"y":-24,"deltaX":0,"deltaY":0,"duration":0,"origin":{"element-6066-11e4-a52e-4f735466cecf":"f.3CC06888A91A2B87598FBDB561306D63.d.517307A33275426844F0151F1ABEC4A3.e.3122"}}]}]}
COMMAND: GET /session/e75b3d5d2d0828505fb80b5e18bd174b/screenshot - {}
RESULT: {"actions":[{"id":"action10","type":"wheel","parameters":{},"actions":[{"type":"scroll","x":-869,"y":-24,"deltaX":0,"deltaY":0,"duration":0,"origin":{"element-6066-11e4-a52e-4f735466cecf":"f.3CC06888A91A2B87598FBDB561306D63.d.517307A33275426844F0151F1ABEC4A3.e.3122"}}]}]}
COMMAND: DELETE /session/e75b3d5d2d0828505fb80b5e18bd174b/actions - {}
COMMAND: GET /session/e75b3d5d2d0828505fb80b5e18bd174b/screenshot - {}
RESULT: {}
RESULT: {}
COMMAND: GET /session/e75b3d5d2d0828505fb80b5e18bd174b/screenshot - {}
RESULT: {}
RESULT: {}
COMMAND: POST /session/e75b3d5d2d0828505fb80b5e18bd174b/element/f.3CC06888A91A2B87598FBDB561306D63.d.517307A33275426844F0151F1ABEC4A3.e.3122/click - {}
RESULT: {}
COMMAND: GET /session/e75b3d5d2d0828505fb80b5e18bd174b/screenshot - {}
RESULT: {}
RESULT: undefined
COMMAND: POST /session/e75b3d5d2d0828505fb80b5e18bd174b/execute/async - {"script":"<script> [776 bytes]","args":[{"enterText":"4000360","selector":{"controlType":"sap.m.SearchField","properties":{"placeholder":"Search"},"searchOpenDialogs":true,"interaction":{"idSuffix":"I"}},"clearTextFirst":true,"interactionType":"ENTER_TEXT"}]}
RESULT: {"script":"<script> [776 bytes]","args":[{"enterText":"4000360","selector":{"controlType":"sap.m.SearchField","properties":{"placeholder":"Search"},"searchOpenDialogs":true,"interaction":{"idSuffix":"I"}},"clearTextFirst":true,"interactionType":"ENTER_TEXT"}]}
COMMAND: POST /session/e75b3d5d2d0828505fb80b5e18bd174b/actions - {"actions":[{"id":"action11","type":"key","parameters":{},"actions":[{"type":"keyDown","value":"î€‡"},{"type":"pause","duration":10},{"type":"keyUp","value":"î€‡"}]}]}
RESULT: {"actions":[{"id":"action11","type":"key","parameters":{},"actions":[{"type":"keyDown","value":"î€‡"},{"type":"pause","duration":10},{"type":"keyUp","value":"î€‡"}]}]}
COMMAND: GET /session/e75b3d5d2d0828505fb80b5e18bd174b/screenshot - {}
RESULT: {}
COMMAND: POST /session/e75b3d5d2d0828505fb80b5e18bd174b/element - {"using":"xpath","value":"//td/div/span[contains(text(), \"BGL Vehicles\")]"}
RESULT: {"using":"xpath","value":"//td/div/span[contains(text(), \"BGL Vehicles\")]"}
COMMAND: POST /session/e75b3d5d2d0828505fb80b5e18bd174b/element/f.3CC06888A91A2B87598FBDB561306D63.d.517307A33275426844F0151F1ABEC4A3.e.3141/click - {}
RESULT: {}
COMMAND: GET /session/e75b3d5d2d0828505fb80b5e18bd174b/screenshot - {}
RESULT: {}
COMMAND: POST /session/e75b3d5d2d0828505fb80b5e18bd174b/element - {"using":"xpath","value":"//bdi[contains(text(), \"OK\")]"}
RESULT: {"using":"xpath","value":"//bdi[contains(text(), \"OK\")]"}
COMMAND: POST /session/e75b3d5d2d0828505fb80b5e18bd174b/element/f.3CC06888A91A2B87598FBDB561306D63.d.517307A33275426844F0151F1ABEC4A3.e.3142/click - {}
RESULT: {}
COMMAND: GET /session/e75b3d5d2d0828505fb80b5e18bd174b/screenshot - {}
RESULT: {}
COMMAND: POST /session/e75b3d5d2d0828505fb80b5e18bd174b/execute/async - {"script":"<script> [1562 bytes]","args":[{"selector":{"id":"application-manageresources-display-component---newResourceUnit--newRRUPage-anchBar-application-manageresources-display-component---newResourceUnit--resource-anchor","interaction":{"idSuffix":"BDI-content"}},"wdio_ui5_key":"applicationmanageresources-display-component---newResourceUnit--newRRUPage-anchBar-application-manageresources-display-component---newResourceUnit--resource-anchor"}]}
RESULT: {"script":"<script> [1562 bytes]","args":[{"selector":{"id":"application-manageresources-display-component---newResourceUnit--newRRUPage-anchBar-application-manageresources-display-component---newResourceUnit--resource-anchor","interaction":{"idSuffix":"BDI-content"}},"wdio_ui5_key":"applicationmanageresources-display-component---newResourceUnit--newRRUPage-anchBar-application-manageresources-display-component---newResourceUnit--resource-anchor"}]}
RESULT: undefined
COMMAND: POST /session/e75b3d5d2d0828505fb80b5e18bd174b/element - {"using":"xpath","value":"//*[@id=\"application-manageresources-display-component---newResourceUnit--newRRUPage-anchBar-application-manageresources-display-component---newResourceUnit--resource-anchor\"]"}
RESULT: {"using":"xpath","value":"//*[@id=\"application-manageresources-display-component---newResourceUnit--newRRUPage-anchBar-application-manageresources-display-component---newResourceUnit--resource-anchor\"]"}
COMMAND: POST /session/e75b3d5d2d0828505fb80b5e18bd174b/element/f.3CC06888A91A2B87598FBDB561306D63.d.517307A33275426844F0151F1ABEC4A3.e.3146/click - {}
RESULT: {}
COMMAND: POST /session/e75b3d5d2d0828505fb80b5e18bd174b/execute/async - {"script":"<script> [1562 bytes]","args":[{"selector":{"id":"application-manageresources-display-component---newResourceUnit--PLANNED_DELIVERY_DATE","interaction":{"idSuffix":"inner"}},"wdio_ui5_key":"applicationmanageresources-display-component---newResourceUnit--PLANNED_DELIVERY_DATE"}]}
COMMAND: GET /session/e75b3d5d2d0828505fb80b5e18bd174b/screenshot - {}
RESULT: {"script":"<script> [1562 bytes]","args":[{"selector":{"id":"application-manageresources-display-component---newResourceUnit--PLANNED_DELIVERY_DATE","interaction":{"idSuffix":"inner"}},"wdio_ui5_key":"applicationmanageresources-display-component---newResourceUnit--PLANNED_DELIVERY_DATE"}]}
RESULT: undefined
COMMAND: POST /session/e75b3d5d2d0828505fb80b5e18bd174b/execute/async - {"script":"<script> [6424 bytes]","args":[{"element-6066-11e4-a52e-4f735466cecf":"f.3CC06888A91A2B87598FBDB561306D63.d.517307A33275426844F0151F1ABEC4A3.e.3009"},"setValue",["5/19/25"]]}
RESULT: {}
RESULT: {"script":"<script> [6424 bytes]","args":[{"element-6066-11e4-a52e-4f735466cecf":"f.3CC06888A91A2B87598FBDB561306D63.d.517307A33275426844F0151F1ABEC4A3.e.3009"},"setValue",["5/19/25"]]}
COMMAND: POST /session/e75b3d5d2d0828505fb80b5e18bd174b/element - {"using":"xpath","value":"//label[contains(@class, 'sapMLabelRequired') and .//bdi[contains(text(), 'Planned Retirement')]]"}
RESULT: {"using":"xpath","value":"//label[contains(@class, 'sapMLabelRequired') and .//bdi[contains(text(), 'Planned Retirement')]]"}
COMMAND: POST /session/e75b3d5d2d0828505fb80b5e18bd174b/elements - {"using":"xpath","value":"//label[contains(@class, 'sapMLabelRequired') and .//bdi[contains(text(), 'Planned Retirement')]]"}
RESULT: {"using":"xpath","value":"//label[contains(@class, 'sapMLabelRequired') and .//bdi[contains(text(), 'Planned Retirement')]]"}
COMMAND: POST /session/e75b3d5d2d0828505fb80b5e18bd174b/element - {"using":"xpath","value":"//button[@data-kt=\"resourceUnitSaveButton\"]"}
RESULT: {"using":"xpath","value":"//button[@data-kt=\"resourceUnitSaveButton\"]"}
COMMAND: POST /session/e75b3d5d2d0828505fb80b5e18bd174b/element/f.3CC06888A91A2B87598FBDB561306D63.d.517307A33275426844F0151F1ABEC4A3.e.2970/click - {}
RESULT: {}
COMMAND: GET /session/e75b3d5d2d0828505fb80b5e18bd174b/screenshot - {}
RESULT: {}
COMMAND: POST /session/e75b3d5d2d0828505fb80b5e18bd174b/element - {"using":"xpath","value":"//bdi[contains(text(), \"Close\")]"}
RESULT: {"using":"xpath","value":"//bdi[contains(text(), \"Close\")]"}
COMMAND: POST /session/e75b3d5d2d0828505fb80b5e18bd174b/element/f.3CC06888A91A2B87598FBDB561306D63.d.517307A33275426844F0151F1ABEC4A3.e.3157/click - {}
RESULT: {}
COMMAND: GET /session/e75b3d5d2d0828505fb80b5e18bd174b/screenshot - {}
RESULT: {}
COMMAND: POST /session/e75b3d5d2d0828505fb80b5e18bd174b/element - {"using":"xpath","value":"(//button[contains(@id ,\"actionsToolbar-overflowButton\")])[1]"}
RESULT: {"using":"xpath","value":"(//button[contains(@id ,\"actionsToolbar-overflowButton\")])[1]"}
COMMAND: POST /session/e75b3d5d2d0828505fb80b5e18bd174b/element/f.3CC06888A91A2B87598FBDB561306D63.d.517307A33275426844F0151F1ABEC4A3.e.3209/click - {}
RESULT: {}
COMMAND: GET /session/e75b3d5d2d0828505fb80b5e18bd174b/screenshot - {}
RESULT: {}
COMMAND: POST /session/e75b3d5d2d0828505fb80b5e18bd174b/element - {"using":"xpath","value":"//button[@data-kt=\"priceInfoButton\"]"}
RESULT: {"using":"xpath","value":"//button[@data-kt=\"priceInfoButton\"]"}
COMMAND: POST /session/e75b3d5d2d0828505fb80b5e18bd174b/element/f.3CC06888A91A2B87598FBDB561306D63.d.517307A33275426844F0151F1ABEC4A3.e.3211/click - {}
RESULT: {}
COMMAND: GET /session/e75b3d5d2d0828505fb80b5e18bd174b/screenshot - {}
RESULT: {}
]]></system-out>
    </testcase>
    <testcase classname="chrome.136_0_7103_93.windows.Billing_confirm_US117289" name="Should create new pricing rule" time="50.023">
      <system-out><![CDATA[
COMMAND: POST /session/e75b3d5d2d0828505fb80b5e18bd174b/element - {"using":"xpath","value":"//button[@data-kt=\"addButton\"]"}
RESULT: {"using":"xpath","value":"//button[@data-kt=\"addButton\"]"}
COMMAND: POST /session/e75b3d5d2d0828505fb80b5e18bd174b/elements - {"using":"xpath","value":"//button[@data-kt=\"addButton\"]"}
RESULT: {"using":"xpath","value":"//button[@data-kt=\"addButton\"]"}
COMMAND: POST /session/e75b3d5d2d0828505fb80b5e18bd174b/elements - {"using":"xpath","value":"//button[@data-kt=\"addButton\"]"}
RESULT: {"using":"xpath","value":"//button[@data-kt=\"addButton\"]"}
COMMAND: POST /session/e75b3d5d2d0828505fb80b5e18bd174b/element - {"using":"xpath","value":"//button[@data-kt=\"addButton\"]"}
RESULT: {"using":"xpath","value":"//button[@data-kt=\"addButton\"]"}
COMMAND: POST /session/e75b3d5d2d0828505fb80b5e18bd174b/execute/sync - {"script":"<script> [8489 bytes]","args":[{"element-6066-11e4-a52e-4f735466cecf":"f.3CC06888A91A2B87598FBDB561306D63.d.517307A33275426844F0151F1ABEC4A3.e.3247","ELEMENT":"f.3CC06888A91A2B87598FBDB561306D63.d.517307A33275426844F0151F1ABEC4A3.e.3247"}]}
RESULT: {"script":"<script> [8489 bytes]","args":[{"element-6066-11e4-a52e-4f735466cecf":"f.3CC06888A91A2B87598FBDB561306D63.d.517307A33275426844F0151F1ABEC4A3.e.3247","ELEMENT":"f.3CC06888A91A2B87598FBDB561306D63.d.517307A33275426844F0151F1ABEC4A3.e.3247"}]}
COMMAND: GET /session/e75b3d5d2d0828505fb80b5e18bd174b/element/f.3CC06888A91A2B87598FBDB561306D63.d.517307A33275426844F0151F1ABEC4A3.e.3247/enabled - {}
COMMAND: GET /session/e75b3d5d2d0828505fb80b5e18bd174b/screenshot - {}
RESULT: {}
COMMAND: POST /session/e75b3d5d2d0828505fb80b5e18bd174b/execute/sync - {"script":"<script> [8489 bytes]","args":[{"element-6066-11e4-a52e-4f735466cecf":"f.3CC06888A91A2B87598FBDB561306D63.d.517307A33275426844F0151F1ABEC4A3.e.3247","ELEMENT":"f.3CC06888A91A2B87598FBDB561306D63.d.517307A33275426844F0151F1ABEC4A3.e.3247"}]}
COMMAND: GET /session/e75b3d5d2d0828505fb80b5e18bd174b/screenshot - {}
RESULT: {}
RESULT: {"script":"<script> [8489 bytes]","args":[{"element-6066-11e4-a52e-4f735466cecf":"f.3CC06888A91A2B87598FBDB561306D63.d.517307A33275426844F0151F1ABEC4A3.e.3247","ELEMENT":"f.3CC06888A91A2B87598FBDB561306D63.d.517307A33275426844F0151F1ABEC4A3.e.3247"}]}
COMMAND: POST /session/e75b3d5d2d0828505fb80b5e18bd174b/execute/sync - {"script":"<script> [5351 bytes]","args":[{"element-6066-11e4-a52e-4f735466cecf":"f.3CC06888A91A2B87598FBDB561306D63.d.517307A33275426844F0151F1ABEC4A3.e.3247","ELEMENT":"f.3CC06888A91A2B87598FBDB561306D63.d.517307A33275426844F0151F1ABEC4A3.e.3247"}]}
COMMAND: GET /session/e75b3d5d2d0828505fb80b5e18bd174b/screenshot - {}
RESULT: {}
RESULT: {"script":"<script> [5351 bytes]","args":[{"element-6066-11e4-a52e-4f735466cecf":"f.3CC06888A91A2B87598FBDB561306D63.d.517307A33275426844F0151F1ABEC4A3.e.3247","ELEMENT":"f.3CC06888A91A2B87598FBDB561306D63.d.517307A33275426844F0151F1ABEC4A3.e.3247"}]}
COMMAND: POST /session/e75b3d5d2d0828505fb80b5e18bd174b/element/f.3CC06888A91A2B87598FBDB561306D63.d.517307A33275426844F0151F1ABEC4A3.e.3247/click - {}
COMMAND: GET /session/e75b3d5d2d0828505fb80b5e18bd174b/screenshot - {}
RESULT: {}
RESULT: {}
COMMAND: GET /session/e75b3d5d2d0828505fb80b5e18bd174b/screenshot - {}
RESULT: {}
RESULT: {}
COMMAND: POST /session/e75b3d5d2d0828505fb80b5e18bd174b/execute/async - {"script":"<script> [1562 bytes]","args":[{"selector":{"controlType":"sap.m.Title","viewName":"etm.portal.ui.managepricingrules.view.NewItem","viewId":"application-managepricingrules-display-component---newInfoPriceItem","properties":{"text":"New Pricing Rules - Item Level"}},"wdio_ui5_key":"etmportal.ui.managepricingrules.view.NewItemsap.m.Title{\"text\":\"New Pricing Rules - Item Level\"}"}]}
RESULT: {"script":"<script> [1562 bytes]","args":[{"selector":{"controlType":"sap.m.Title","viewName":"etm.portal.ui.managepricingrules.view.NewItem","viewId":"application-managepricingrules-display-component---newInfoPriceItem","properties":{"text":"New Pricing Rules - Item Level"}},"wdio_ui5_key":"etmportal.ui.managepricingrules.view.NewItemsap.m.Title{\"text\":\"New Pricing Rules - Item Level\"}"}]}
RESULT: undefined
COMMAND: POST /session/e75b3d5d2d0828505fb80b5e18bd174b/execute/async - {"script":"<script> [6424 bytes]","args":[{"element-6066-11e4-a52e-4f735466cecf":"f.3CC06888A91A2B87598FBDB561306D63.d.517307A33275426844F0151F1ABEC4A3.e.3404"},"getText",[]]}
RESULT: {"script":"<script> [6424 bytes]","args":[{"element-6066-11e4-a52e-4f735466cecf":"f.3CC06888A91A2B87598FBDB561306D63.d.517307A33275426844F0151F1ABEC4A3.e.3404"},"getText",[]]}
COMMAND: POST /session/e75b3d5d2d0828505fb80b5e18bd174b/execute/async - {"script":"<script> [1562 bytes]","args":[{"selector":{"id":"application-managepricingrules-display-component---newInfoPriceItem--condValidTo","interaction":{"idSuffix":"inner"}},"wdio_ui5_key":"applicationmanagepricingrules-display-component---newInfoPriceItem--condValidTo"}]}
RESULT: {"script":"<script> [1562 bytes]","args":[{"selector":{"id":"application-managepricingrules-display-component---newInfoPriceItem--condValidTo","interaction":{"idSuffix":"inner"}},"wdio_ui5_key":"applicationmanagepricingrules-display-component---newInfoPriceItem--condValidTo"}]}
RESULT: undefined
COMMAND: POST /session/e75b3d5d2d0828505fb80b5e18bd174b/execute/async - {"script":"<script> [776 bytes]","args":[{"enterText":"1/19/26","selector":{"id":"application-managepricingrules-display-component---newInfoPriceItem--condValidTo","interaction":{"idSuffix":"inner"}},"clearTextFirst":true,"interactionType":"ENTER_TEXT"}]}
RESULT: {"script":"<script> [776 bytes]","args":[{"enterText":"1/19/26","selector":{"id":"application-managepricingrules-display-component---newInfoPriceItem--condValidTo","interaction":{"idSuffix":"inner"}},"clearTextFirst":true,"interactionType":"ENTER_TEXT"}]}
COMMAND: POST /session/e75b3d5d2d0828505fb80b5e18bd174b/execute/async - {"script":"<script> [1562 bytes]","args":[{"selector":{"id":"application-managepricingrules-display-component---newInfoPriceItem--billType-arrow"},"wdio_ui5_key":"applicationmanagepricingrules-display-component---newInfoPriceItem--billType-arrow"}]}
RESULT: {"script":"<script> [1562 bytes]","args":[{"selector":{"id":"application-managepricingrules-display-component---newInfoPriceItem--billType-arrow"},"wdio_ui5_key":"applicationmanagepricingrules-display-component---newInfoPriceItem--billType-arrow"}]}
RESULT: undefined
COMMAND: POST /session/e75b3d5d2d0828505fb80b5e18bd174b/element - {"using":"xpath","value":"//*[@id=\"application-managepricingrules-display-component---newInfoPriceItem--billType-arrow\"]"}
RESULT: {"using":"xpath","value":"//*[@id=\"application-managepricingrules-display-component---newInfoPriceItem--billType-arrow\"]"}
COMMAND: POST /session/e75b3d5d2d0828505fb80b5e18bd174b/element/f.3CC06888A91A2B87598FBDB561306D63.d.517307A33275426844F0151F1ABEC4A3.e.3406/click - {}
RESULT: {}
COMMAND: POST /session/e75b3d5d2d0828505fb80b5e18bd174b/element - {"using":"xpath","value":"//span[contains(text(), \"TB - Time based\")]"}
COMMAND: GET /session/e75b3d5d2d0828505fb80b5e18bd174b/screenshot - {}
RESULT: {"using":"xpath","value":"//span[contains(text(), \"TB - Time based\")]"}
COMMAND: POST /session/e75b3d5d2d0828505fb80b5e18bd174b/element/f.3CC06888A91A2B87598FBDB561306D63.d.517307A33275426844F0151F1ABEC4A3.e.3407/click - {}
RESULT: {}
RESULT: {}
COMMAND: POST /session/e75b3d5d2d0828505fb80b5e18bd174b/execute/async - {"script":"<script> [1562 bytes]","args":[{"selector":{"id":"application-managepricingrules-display-component---newInfoPriceItem--priceProc-arrow"},"wdio_ui5_key":"applicationmanagepricingrules-display-component---newInfoPriceItem--priceProc-arrow"}]}
COMMAND: GET /session/e75b3d5d2d0828505fb80b5e18bd174b/screenshot - {}
RESULT: {"script":"<script> [1562 bytes]","args":[{"selector":{"id":"application-managepricingrules-display-component---newInfoPriceItem--priceProc-arrow"},"wdio_ui5_key":"applicationmanagepricingrules-display-component---newInfoPriceItem--priceProc-arrow"}]}
RESULT: undefined
COMMAND: POST /session/e75b3d5d2d0828505fb80b5e18bd174b/element - {"using":"xpath","value":"//*[@id=\"application-managepricingrules-display-component---newInfoPriceItem--priceProc-arrow\"]"}
RESULT: {}
RESULT: {"using":"xpath","value":"//*[@id=\"application-managepricingrules-display-component---newInfoPriceItem--priceProc-arrow\"]"}
COMMAND: POST /session/e75b3d5d2d0828505fb80b5e18bd174b/element/f.3CC06888A91A2B87598FBDB561306D63.d.517307A33275426844F0151F1ABEC4A3.e.3373/click - {}
RESULT: {}
COMMAND: POST /session/e75b3d5d2d0828505fb80b5e18bd174b/element - {"using":"xpath","value":"//span[contains(text(), \"TBS - Time based standard\")]"}
COMMAND: GET /session/e75b3d5d2d0828505fb80b5e18bd174b/screenshot - {}
RESULT: {"using":"xpath","value":"//span[contains(text(), \"TBS - Time based standard\")]"}
COMMAND: POST /session/e75b3d5d2d0828505fb80b5e18bd174b/element/f.3CC06888A91A2B87598FBDB561306D63.d.517307A33275426844F0151F1ABEC4A3.e.3408/click - {}
RESULT: {}
RESULT: {}
COMMAND: POST /session/e75b3d5d2d0828505fb80b5e18bd174b/execute/async - {"script":"<script> [1562 bytes]","args":[{"selector":{"id":"application-managepricingrules-display-component---newInfoPriceItem--calcBase-arrow"},"wdio_ui5_key":"applicationmanagepricingrules-display-component---newInfoPriceItem--calcBase-arrow"}]}
COMMAND: GET /session/e75b3d5d2d0828505fb80b5e18bd174b/screenshot - {}
RESULT: {"script":"<script> [1562 bytes]","args":[{"selector":{"id":"application-managepricingrules-display-component---newInfoPriceItem--calcBase-arrow"},"wdio_ui5_key":"applicationmanagepricingrules-display-component---newInfoPriceItem--calcBase-arrow"}]}
RESULT: undefined
COMMAND: POST /session/e75b3d5d2d0828505fb80b5e18bd174b/element - {"using":"xpath","value":"//*[@id=\"application-managepricingrules-display-component---newInfoPriceItem--calcBase-arrow\"]"}
RESULT: {}
RESULT: {"using":"xpath","value":"//*[@id=\"application-managepricingrules-display-component---newInfoPriceItem--calcBase-arrow\"]"}
COMMAND: POST /session/e75b3d5d2d0828505fb80b5e18bd174b/element/f.3CC06888A91A2B87598FBDB561306D63.d.517307A33275426844F0151F1ABEC4A3.e.3380/click - {}
RESULT: {}
COMMAND: GET /session/e75b3d5d2d0828505fb80b5e18bd174b/screenshot - {}
RESULT: {}
COMMAND: POST /session/e75b3d5d2d0828505fb80b5e18bd174b/element - {"using":"xpath","value":"//span[contains(text(), \"0006 - TB(calendar days)\")]"}
RESULT: {"using":"xpath","value":"//span[contains(text(), \"0006 - TB(calendar days)\")]"}
COMMAND: POST /session/e75b3d5d2d0828505fb80b5e18bd174b/element/f.3CC06888A91A2B87598FBDB561306D63.d.517307A33275426844F0151F1ABEC4A3.e.3409/click - {}
RESULT: {}
COMMAND: GET /session/e75b3d5d2d0828505fb80b5e18bd174b/screenshot - {}
RESULT: {}
COMMAND: POST /session/e75b3d5d2d0828505fb80b5e18bd174b/execute/async - {"script":"<script> [1562 bytes]","args":[{"selector":{"id":"application-managepricingrules-display-component---newInfoPriceItem--daysMonth","interaction":{"idSuffix":"inner"}},"wdio_ui5_key":"applicationmanagepricingrules-display-component---newInfoPriceItem--daysMonth"}]}
RESULT: {"script":"<script> [1562 bytes]","args":[{"selector":{"id":"application-managepricingrules-display-component---newInfoPriceItem--daysMonth","interaction":{"idSuffix":"inner"}},"wdio_ui5_key":"applicationmanagepricingrules-display-component---newInfoPriceItem--daysMonth"}]}
RESULT: undefined
COMMAND: POST /session/e75b3d5d2d0828505fb80b5e18bd174b/execute/async - {"script":"<script> [776 bytes]","args":[{"enterText":"30","selector":{"id":"application-managepricingrules-display-component---newInfoPriceItem--daysMonth","interaction":{"idSuffix":"inner"}},"clearTextFirst":true,"interactionType":"ENTER_TEXT"}]}
RESULT: {"script":"<script> [776 bytes]","args":[{"enterText":"30","selector":{"id":"application-managepricingrules-display-component---newInfoPriceItem--daysMonth","interaction":{"idSuffix":"inner"}},"clearTextFirst":true,"interactionType":"ENTER_TEXT"}]}
COMMAND: POST /session/e75b3d5d2d0828505fb80b5e18bd174b/element - {"using":"xpath","value":"//button[@data-kt=\"saveNewRuleButton\"]"}
RESULT: {"using":"xpath","value":"//button[@data-kt=\"saveNewRuleButton\"]"}
COMMAND: POST /session/e75b3d5d2d0828505fb80b5e18bd174b/element/f.3CC06888A91A2B87598FBDB561306D63.d.517307A33275426844F0151F1ABEC4A3.e.3396/click - {}
RESULT: {}
COMMAND: GET /session/e75b3d5d2d0828505fb80b5e18bd174b/screenshot - {}
RESULT: {}
COMMAND: POST /session/e75b3d5d2d0828505fb80b5e18bd174b/execute/async - {"script":"<script> [1562 bytes]","args":[{"selector":{"id":"application-managepricingrules-display-component---priceInfoItem--smartFilterBar-btnBasicSearch","interaction":{"idSuffix":"I"}},"wdio_ui5_key":"applicationmanagepricingrules-display-component---priceInfoItem--smartFilterBar-btnBasicSearch"}]}
RESULT: {"script":"<script> [1562 bytes]","args":[{"selector":{"id":"application-managepricingrules-display-component---priceInfoItem--smartFilterBar-btnBasicSearch","interaction":{"idSuffix":"I"}},"wdio_ui5_key":"applicationmanagepricingrules-display-component---priceInfoItem--smartFilterBar-btnBasicSearch"}]}
RESULT: undefined
COMMAND: POST /session/e75b3d5d2d0828505fb80b5e18bd174b/execute/async - {"script":"<script> [776 bytes]","args":[{"enterText":"HkJqCKmPys","selector":{"id":"application-managepricingrules-display-component---priceInfoItem--smartFilterBar-btnBasicSearch","interaction":{"idSuffix":"I"}},"clearTextFirst":true,"interactionType":"ENTER_TEXT"}]}
RESULT: {"script":"<script> [776 bytes]","args":[{"enterText":"HkJqCKmPys","selector":{"id":"application-managepricingrules-display-component---priceInfoItem--smartFilterBar-btnBasicSearch","interaction":{"idSuffix":"I"}},"clearTextFirst":true,"interactionType":"ENTER_TEXT"}]}
COMMAND: POST /session/e75b3d5d2d0828505fb80b5e18bd174b/actions - {"actions":[{"id":"action12","type":"key","parameters":{},"actions":[{"type":"keyDown","value":"î€‡"},{"type":"pause","duration":10},{"type":"keyUp","value":"î€‡"}]}]}
RESULT: {"actions":[{"id":"action12","type":"key","parameters":{},"actions":[{"type":"keyDown","value":"î€‡"},{"type":"pause","duration":10},{"type":"keyUp","value":"î€‡"}]}]}
COMMAND: GET /session/e75b3d5d2d0828505fb80b5e18bd174b/screenshot - {}
RESULT: {}
COMMAND: POST /session/e75b3d5d2d0828505fb80b5e18bd174b/element - {"using":"xpath","value":"//span[@id=\"application-managepricingrules-display-component---priceInfoItem--smartTable-header-inner\"]"}
RESULT: {"using":"xpath","value":"//span[@id=\"application-managepricingrules-display-component---priceInfoItem--smartTable-header-inner\"]"}
COMMAND: POST /session/e75b3d5d2d0828505fb80b5e18bd174b/elements - {"using":"xpath","value":"//span[@id=\"application-managepricingrules-display-component---priceInfoItem--smartTable-header-inner\"]"}
RESULT: {"using":"xpath","value":"//span[@id=\"application-managepricingrules-display-component---priceInfoItem--smartTable-header-inner\"]"}
COMMAND: POST /session/e75b3d5d2d0828505fb80b5e18bd174b/execute/sync - {"script":"<script> [56 bytes]","args":[{"element-6066-11e4-a52e-4f735466cecf":"f.3CC06888A91A2B87598FBDB561306D63.d.517307A33275426844F0151F1ABEC4A3.e.3423","ELEMENT":"f.3CC06888A91A2B87598FBDB561306D63.d.517307A33275426844F0151F1ABEC4A3.e.3423"}]}
RESULT: {"script":"<script> [56 bytes]","args":[{"element-6066-11e4-a52e-4f735466cecf":"f.3CC06888A91A2B87598FBDB561306D63.d.517307A33275426844F0151F1ABEC4A3.e.3423","ELEMENT":"f.3CC06888A91A2B87598FBDB561306D63.d.517307A33275426844F0151F1ABEC4A3.e.3423"}]}
COMMAND: POST /session/e75b3d5d2d0828505fb80b5e18bd174b/element - {"using":"css selector","value":"#shell-header-logo"}
COMMAND: GET /session/e75b3d5d2d0828505fb80b5e18bd174b/screenshot - {}
RESULT: {"using":"css selector","value":"#shell-header-logo"}
COMMAND: POST /session/e75b3d5d2d0828505fb80b5e18bd174b/element/f.3CC06888A91A2B87598FBDB561306D63.d.517307A33275426844F0151F1ABEC4A3.e.2555/click - {}
RESULT: {}
RESULT: {}
COMMAND: GET /session/e75b3d5d2d0828505fb80b5e18bd174b/screenshot - {}
RESULT: {}
]]></system-out>
    </testcase>
    <testcase classname="chrome.136_0_7103_93.windows.Billing_confirm_US117289" name="Should create new condition for equipment" time="63.401">
      <system-out><![CDATA[
COMMAND: POST /session/e75b3d5d2d0828505fb80b5e18bd174b/execute/async - {"script":"<script> [1562 bytes]","args":[{"selector":{"controlType":"sap.m.GenericTile","properties":{"header":"Manage Conditions & Prices"}},"wdio_ui5_key":"sapm.GenericTile{\"header\":\"Manage Conditions & Prices\"}"}]}
RESULT: {"script":"<script> [1562 bytes]","args":[{"selector":{"controlType":"sap.m.GenericTile","properties":{"header":"Manage Conditions & Prices"}},"wdio_ui5_key":"sapm.GenericTile{\"header\":\"Manage Conditions & Prices\"}"}]}
RESULT: undefined
COMMAND: POST /session/e75b3d5d2d0828505fb80b5e18bd174b/element - {"using":"xpath","value":"//*[@id=\"__tile53\"]"}
RESULT: {"using":"xpath","value":"//*[@id=\"__tile53\"]"}
COMMAND: POST /session/e75b3d5d2d0828505fb80b5e18bd174b/element/f.3CC06888A91A2B87598FBDB561306D63.d.517307A33275426844F0151F1ABEC4A3.e.204/click - {}
RESULT: {}
COMMAND: GET /session/e75b3d5d2d0828505fb80b5e18bd174b/screenshot - {}
RESULT: {}
COMMAND: POST /session/e75b3d5d2d0828505fb80b5e18bd174b/elements - {"using":"xpath","value":"//span[text()='Error']"}
RESULT: {"using":"xpath","value":"//span[text()='Error']"}
COMMAND: POST /session/e75b3d5d2d0828505fb80b5e18bd174b/element - {"using":"xpath","value":"//button[@aria-label=\"Create\"]"}
RESULT: {"using":"xpath","value":"//button[@aria-label=\"Create\"]"}
COMMAND: POST /session/e75b3d5d2d0828505fb80b5e18bd174b/elements - {"using":"xpath","value":"//button[@aria-label=\"Create\"]"}
RESULT: {"using":"xpath","value":"//button[@aria-label=\"Create\"]"}
COMMAND: POST /session/e75b3d5d2d0828505fb80b5e18bd174b/execute/sync - {"script":"<script> [8489 bytes]","args":[{"element-6066-11e4-a52e-4f735466cecf":"f.3CC06888A91A2B87598FBDB561306D63.d.517307A33275426844F0151F1ABEC4A3.e.3459","ELEMENT":"f.3CC06888A91A2B87598FBDB561306D63.d.517307A33275426844F0151F1ABEC4A3.e.3459"}]}
RESULT: {"script":"<script> [8489 bytes]","args":[{"element-6066-11e4-a52e-4f735466cecf":"f.3CC06888A91A2B87598FBDB561306D63.d.517307A33275426844F0151F1ABEC4A3.e.3459","ELEMENT":"f.3CC06888A91A2B87598FBDB561306D63.d.517307A33275426844F0151F1ABEC4A3.e.3459"}]}
COMMAND: GET /session/e75b3d5d2d0828505fb80b5e18bd174b/element/f.3CC06888A91A2B87598FBDB561306D63.d.517307A33275426844F0151F1ABEC4A3.e.3459/enabled - {}
COMMAND: GET /session/e75b3d5d2d0828505fb80b5e18bd174b/screenshot - {}
RESULT: {}
COMMAND: POST /session/e75b3d5d2d0828505fb80b5e18bd174b/execute/sync - {"script":"<script> [8489 bytes]","args":[{"element-6066-11e4-a52e-4f735466cecf":"f.3CC06888A91A2B87598FBDB561306D63.d.517307A33275426844F0151F1ABEC4A3.e.3459","ELEMENT":"f.3CC06888A91A2B87598FBDB561306D63.d.517307A33275426844F0151F1ABEC4A3.e.3459"}]}
COMMAND: GET /session/e75b3d5d2d0828505fb80b5e18bd174b/screenshot - {}
RESULT: {}
RESULT: {"script":"<script> [8489 bytes]","args":[{"element-6066-11e4-a52e-4f735466cecf":"f.3CC06888A91A2B87598FBDB561306D63.d.517307A33275426844F0151F1ABEC4A3.e.3459","ELEMENT":"f.3CC06888A91A2B87598FBDB561306D63.d.517307A33275426844F0151F1ABEC4A3.e.3459"}]}
COMMAND: POST /session/e75b3d5d2d0828505fb80b5e18bd174b/execute/sync - {"script":"<script> [5351 bytes]","args":[{"element-6066-11e4-a52e-4f735466cecf":"f.3CC06888A91A2B87598FBDB561306D63.d.517307A33275426844F0151F1ABEC4A3.e.3459","ELEMENT":"f.3CC06888A91A2B87598FBDB561306D63.d.517307A33275426844F0151F1ABEC4A3.e.3459"}]}
COMMAND: GET /session/e75b3d5d2d0828505fb80b5e18bd174b/screenshot - {}
RESULT: {}
RESULT: {"script":"<script> [5351 bytes]","args":[{"element-6066-11e4-a52e-4f735466cecf":"f.3CC06888A91A2B87598FBDB561306D63.d.517307A33275426844F0151F1ABEC4A3.e.3459","ELEMENT":"f.3CC06888A91A2B87598FBDB561306D63.d.517307A33275426844F0151F1ABEC4A3.e.3459"}]}
COMMAND: POST /session/e75b3d5d2d0828505fb80b5e18bd174b/element/f.3CC06888A91A2B87598FBDB561306D63.d.517307A33275426844F0151F1ABEC4A3.e.3459/click - {}
COMMAND: GET /session/e75b3d5d2d0828505fb80b5e18bd174b/screenshot - {}
RESULT: {}
RESULT: {}
COMMAND: GET /session/e75b3d5d2d0828505fb80b5e18bd174b/screenshot - {}
RESULT: {}
RESULT: {}
COMMAND: POST /session/e75b3d5d2d0828505fb80b5e18bd174b/actions - {"actions":[{"id":"action13","type":"key","parameters":{},"actions":[{"type":"keyDown","value":"î€‡"},{"type":"pause","duration":10},{"type":"keyUp","value":"î€‡"}]}]}
RESULT: {"actions":[{"id":"action13","type":"key","parameters":{},"actions":[{"type":"keyDown","value":"î€‡"},{"type":"pause","duration":10},{"type":"keyUp","value":"î€‡"}]}]}
COMMAND: GET /session/e75b3d5d2d0828505fb80b5e18bd174b/screenshot - {}
RESULT: {}
COMMAND: POST /session/e75b3d5d2d0828505fb80b5e18bd174b/execute/async - {"script":"<script> [1562 bytes]","args":[{"selector":{"id":"application-manageconditionprice-display-component---newCondition--condBillCond-arrow"},"wdio_ui5_key":"applicationmanageconditionprice-display-component---newCondition--condBillCond-arrow"}]}
RESULT: {"script":"<script> [1562 bytes]","args":[{"selector":{"id":"application-manageconditionprice-display-component---newCondition--condBillCond-arrow"},"wdio_ui5_key":"applicationmanageconditionprice-display-component---newCondition--condBillCond-arrow"}]}
RESULT: undefined
COMMAND: POST /session/e75b3d5d2d0828505fb80b5e18bd174b/element - {"using":"xpath","value":"//*[@id=\"application-manageconditionprice-display-component---newCondition--condBillCond-arrow\"]"}
RESULT: {"using":"xpath","value":"//*[@id=\"application-manageconditionprice-display-component---newCondition--condBillCond-arrow\"]"}
COMMAND: POST /session/e75b3d5d2d0828505fb80b5e18bd174b/element/f.3CC06888A91A2B87598FBDB561306D63.d.517307A33275426844F0151F1ABEC4A3.e.3645/click - {}
RESULT: {}
COMMAND: GET /session/e75b3d5d2d0828505fb80b5e18bd174b/screenshot - {}
RESULT: {}
COMMAND: POST /session/e75b3d5d2d0828505fb80b5e18bd174b/element - {"using":"xpath","value":"//li[.//span[contains(text(), \"DISP - D&I special price\")]]"}
RESULT: {"using":"xpath","value":"//li[.//span[contains(text(), \"DISP - D&I special price\")]]"}
COMMAND: POST /session/e75b3d5d2d0828505fb80b5e18bd174b/element/f.3CC06888A91A2B87598FBDB561306D63.d.517307A33275426844F0151F1ABEC4A3.e.3648/click - {}
RESULT: {}
COMMAND: GET /session/e75b3d5d2d0828505fb80b5e18bd174b/screenshot - {}
RESULT: {}
COMMAND: POST /session/e75b3d5d2d0828505fb80b5e18bd174b/execute/async - {"script":"<script> [1562 bytes]","args":[{"selector":{"id":"application-manageconditionprice-display-component---newCondition--condValidTo","interaction":{"idSuffix":"inner"}},"wdio_ui5_key":"applicationmanageconditionprice-display-component---newCondition--condValidTo"}]}
RESULT: {"script":"<script> [1562 bytes]","args":[{"selector":{"id":"application-manageconditionprice-display-component---newCondition--condValidTo","interaction":{"idSuffix":"inner"}},"wdio_ui5_key":"applicationmanageconditionprice-display-component---newCondition--condValidTo"}]}
RESULT: undefined
COMMAND: POST /session/e75b3d5d2d0828505fb80b5e18bd174b/execute/async - {"script":"<script> [776 bytes]","args":[{"enterText":"1/19/26","selector":{"id":"application-manageconditionprice-display-component---newCondition--condValidTo","interaction":{"idSuffix":"inner"}},"clearTextFirst":true,"interactionType":"ENTER_TEXT"}]}
RESULT: {"script":"<script> [776 bytes]","args":[{"enterText":"1/19/26","selector":{"id":"application-manageconditionprice-display-component---newCondition--condValidTo","interaction":{"idSuffix":"inner"}},"clearTextFirst":true,"interactionType":"ENTER_TEXT"}]}
COMMAND: POST /session/e75b3d5d2d0828505fb80b5e18bd174b/element - {"using":"xpath","value":"//input[@id=\"application-manageconditionprice-display-component---newCondition--condRU-inner\"]"}
RESULT: {"using":"xpath","value":"//input[@id=\"application-manageconditionprice-display-component---newCondition--condRU-inner\"]"}
COMMAND: POST /session/e75b3d5d2d0828505fb80b5e18bd174b/element/f.3CC06888A91A2B87598FBDB561306D63.d.517307A33275426844F0151F1ABEC4A3.e.3475/clear - {}
RESULT: {}
COMMAND: POST /session/e75b3d5d2d0828505fb80b5e18bd174b/element/f.3CC06888A91A2B87598FBDB561306D63.d.517307A33275426844F0151F1ABEC4A3.e.3475/value - {"text":"HkJqCKmPys"}
COMMAND: GET /session/e75b3d5d2d0828505fb80b5e18bd174b/screenshot - {}
RESULT: {"text":"HkJqCKmPys"}
COMMAND: GET /session/e75b3d5d2d0828505fb80b5e18bd174b/screenshot - {}
RESULT: {}
RESULT: {}
COMMAND: POST /session/e75b3d5d2d0828505fb80b5e18bd174b/actions - {"actions":[{"id":"action14","type":"key","parameters":{},"actions":[{"type":"keyDown","value":"î€‡"},{"type":"pause","duration":10},{"type":"keyUp","value":"î€‡"}]}]}
RESULT: {"actions":[{"id":"action14","type":"key","parameters":{},"actions":[{"type":"keyDown","value":"î€‡"},{"type":"pause","duration":10},{"type":"keyUp","value":"î€‡"}]}]}
COMMAND: POST /session/e75b3d5d2d0828505fb80b5e18bd174b/execute/async - {"script":"<script> [1562 bytes]","args":[{"selector":{"id":"application-manageconditionprice-display-component---newCondition--condBaseQty","interaction":{"idSuffix":"inner"}},"wdio_ui5_key":"applicationmanageconditionprice-display-component---newCondition--condBaseQty"}]}
COMMAND: GET /session/e75b3d5d2d0828505fb80b5e18bd174b/screenshot - {}
RESULT: {"script":"<script> [1562 bytes]","args":[{"selector":{"id":"application-manageconditionprice-display-component---newCondition--condBaseQty","interaction":{"idSuffix":"inner"}},"wdio_ui5_key":"applicationmanageconditionprice-display-component---newCondition--condBaseQty"}]}
RESULT: undefined
COMMAND: POST /session/e75b3d5d2d0828505fb80b5e18bd174b/execute/async - {"script":"<script> [776 bytes]","args":[{"enterText":"1","selector":{"id":"application-manageconditionprice-display-component---newCondition--condBaseQty","interaction":{"idSuffix":"inner"}},"clearTextFirst":true,"interactionType":"ENTER_TEXT"}]}
RESULT: {}
RESULT: {"script":"<script> [776 bytes]","args":[{"enterText":"1","selector":{"id":"application-manageconditionprice-display-component---newCondition--condBaseQty","interaction":{"idSuffix":"inner"}},"clearTextFirst":true,"interactionType":"ENTER_TEXT"}]}
COMMAND: POST /session/e75b3d5d2d0828505fb80b5e18bd174b/execute/async - {"script":"<script> [1562 bytes]","args":[{"selector":{"id":"application-manageconditionprice-display-component---newCondition--condValue","interaction":{"idSuffix":"inner"}},"wdio_ui5_key":"applicationmanageconditionprice-display-component---newCondition--condValue"}]}
RESULT: {"script":"<script> [1562 bytes]","args":[{"selector":{"id":"application-manageconditionprice-display-component---newCondition--condValue","interaction":{"idSuffix":"inner"}},"wdio_ui5_key":"applicationmanageconditionprice-display-component---newCondition--condValue"}]}
RESULT: undefined
COMMAND: POST /session/e75b3d5d2d0828505fb80b5e18bd174b/execute/async - {"script":"<script> [776 bytes]","args":[{"enterText":"100","selector":{"id":"application-manageconditionprice-display-component---newCondition--condValue","interaction":{"idSuffix":"inner"}},"clearTextFirst":true,"interactionType":"ENTER_TEXT"}]}
RESULT: {"script":"<script> [776 bytes]","args":[{"enterText":"100","selector":{"id":"application-manageconditionprice-display-component---newCondition--condValue","interaction":{"idSuffix":"inner"}},"clearTextFirst":true,"interactionType":"ENTER_TEXT"}]}
COMMAND: POST /session/e75b3d5d2d0828505fb80b5e18bd174b/execute/async - {"script":"<script> [1562 bytes]","args":[{"selector":{"id":"application-manageconditionprice-display-component---newCondition--condCurr-arrow"},"wdio_ui5_key":"applicationmanageconditionprice-display-component---newCondition--condCurr-arrow"}]}
RESULT: {"script":"<script> [1562 bytes]","args":[{"selector":{"id":"application-manageconditionprice-display-component---newCondition--condCurr-arrow"},"wdio_ui5_key":"applicationmanageconditionprice-display-component---newCondition--condCurr-arrow"}]}
RESULT: undefined
COMMAND: POST /session/e75b3d5d2d0828505fb80b5e18bd174b/element - {"using":"xpath","value":"//*[@id=\"application-manageconditionprice-display-component---newCondition--condCurr-arrow\"]"}
RESULT: {"using":"xpath","value":"//*[@id=\"application-manageconditionprice-display-component---newCondition--condCurr-arrow\"]"}
COMMAND: POST /session/e75b3d5d2d0828505fb80b5e18bd174b/element/f.3CC06888A91A2B87598FBDB561306D63.d.517307A33275426844F0151F1ABEC4A3.e.3623/click - {}
RESULT: {}
COMMAND: POST /session/e75b3d5d2d0828505fb80b5e18bd174b/element - {"using":"xpath","value":"//span[contains(text(), \"Euro\")]"}
COMMAND: GET /session/e75b3d5d2d0828505fb80b5e18bd174b/screenshot - {}
RESULT: {"using":"xpath","value":"//span[contains(text(), \"Euro\")]"}
COMMAND: POST /session/e75b3d5d2d0828505fb80b5e18bd174b/element/f.3CC06888A91A2B87598FBDB561306D63.d.517307A33275426844F0151F1ABEC4A3.e.3685/click - {}
RESULT: {}
RESULT: {}
COMMAND: POST /session/e75b3d5d2d0828505fb80b5e18bd174b/element - {"using":"xpath","value":"//button[@data-kt=\"saveButton\"]"}
COMMAND: GET /session/e75b3d5d2d0828505fb80b5e18bd174b/screenshot - {}
RESULT: {"using":"xpath","value":"//button[@data-kt=\"saveButton\"]"}
COMMAND: POST /session/e75b3d5d2d0828505fb80b5e18bd174b/element/f.3CC06888A91A2B87598FBDB561306D63.d.517307A33275426844F0151F1ABEC4A3.e.3624/click - {}
RESULT: {}
RESULT: {}
COMMAND: GET /session/e75b3d5d2d0828505fb80b5e18bd174b/screenshot - {}
RESULT: {}
COMMAND: POST /session/e75b3d5d2d0828505fb80b5e18bd174b/execute/async - {"script":"<script> [1562 bytes]","args":[{"selector":{"id":"application-manageconditionprice-display-component---conditions--smartFilterBar-btnBasicSearch","interaction":{"idSuffix":"I"}},"wdio_ui5_key":"applicationmanageconditionprice-display-component---conditions--smartFilterBar-btnBasicSearch"}]}
RESULT: {"script":"<script> [1562 bytes]","args":[{"selector":{"id":"application-manageconditionprice-display-component---conditions--smartFilterBar-btnBasicSearch","interaction":{"idSuffix":"I"}},"wdio_ui5_key":"applicationmanageconditionprice-display-component---conditions--smartFilterBar-btnBasicSearch"}]}
RESULT: undefined
COMMAND: POST /session/e75b3d5d2d0828505fb80b5e18bd174b/execute/async - {"script":"<script> [776 bytes]","args":[{"enterText":"HkJqCKmPys","selector":{"id":"application-manageconditionprice-display-component---conditions--smartFilterBar-btnBasicSearch","interaction":{"idSuffix":"I"}},"clearTextFirst":true,"interactionType":"ENTER_TEXT"}]}
RESULT: {"script":"<script> [776 bytes]","args":[{"enterText":"HkJqCKmPys","selector":{"id":"application-manageconditionprice-display-component---conditions--smartFilterBar-btnBasicSearch","interaction":{"idSuffix":"I"}},"clearTextFirst":true,"interactionType":"ENTER_TEXT"}]}
COMMAND: POST /session/e75b3d5d2d0828505fb80b5e18bd174b/actions - {"actions":[{"id":"action15","type":"key","parameters":{},"actions":[{"type":"keyDown","value":"î€‡"},{"type":"pause","duration":10},{"type":"keyUp","value":"î€‡"}]}]}
RESULT: {"actions":[{"id":"action15","type":"key","parameters":{},"actions":[{"type":"keyDown","value":"î€‡"},{"type":"pause","duration":10},{"type":"keyUp","value":"î€‡"}]}]}
COMMAND: GET /session/e75b3d5d2d0828505fb80b5e18bd174b/screenshot - {}
RESULT: {}
COMMAND: POST /session/e75b3d5d2d0828505fb80b5e18bd174b/execute/async - {"script":"<script> [1562 bytes]","args":[{"selector":{"id":"application-manageconditionprice-display-component---conditions--smartFilterBar-filterItemControl_BASIC-BILL_TYPES-vhi"},"wdio_ui5_key":"applicationmanageconditionprice-display-component---conditions--smartFilterBar-filterItemControl_BASIC-BILL_TYPES-vhi"}]}
RESULT: {"script":"<script> [1562 bytes]","args":[{"selector":{"id":"application-manageconditionprice-display-component---conditions--smartFilterBar-filterItemControl_BASIC-BILL_TYPES-vhi"},"wdio_ui5_key":"applicationmanageconditionprice-display-component---conditions--smartFilterBar-filterItemControl_BASIC-BILL_TYPES-vhi"}]}
RESULT: undefined
COMMAND: POST /session/e75b3d5d2d0828505fb80b5e18bd174b/element - {"using":"xpath","value":"//*[@id=\"application-manageconditionprice-display-component---conditions--smartFilterBar-filterItemControl_BASIC-BILL_TYPES-vhi\"]"}
RESULT: {"using":"xpath","value":"//*[@id=\"application-manageconditionprice-display-component---conditions--smartFilterBar-filterItemControl_BASIC-BILL_TYPES-vhi\"]"}
COMMAND: POST /session/e75b3d5d2d0828505fb80b5e18bd174b/element/f.3CC06888A91A2B87598FBDB561306D63.d.517307A33275426844F0151F1ABEC4A3.e.3792/click - {}
RESULT: {}
COMMAND: POST /session/e75b3d5d2d0828505fb80b5e18bd174b/execute/async - {"script":"<script> [1562 bytes]","args":[{"selector":{"id":"application-manageconditionprice-display-component---conditions--smartFilterBar-filterItemControl_BASIC-BILL_TYPES-valueHelpDialog-smartFilterBar-btnBasicSearch","searchOpenDialogs":true,"interaction":{"idSuffix":"I"}},"wdio_ui5_key":"applicationmanageconditionprice-display-component---conditions--smartFilterBar-filterItemControl_BASIC-BILL_TYPES-valueHelpDialog-smartFilterBar-btnBasicSearch"}]}
COMMAND: GET /session/e75b3d5d2d0828505fb80b5e18bd174b/screenshot - {}
RESULT: {"script":"<script> [1562 bytes]","args":[{"selector":{"id":"application-manageconditionprice-display-component---conditions--smartFilterBar-filterItemControl_BASIC-BILL_TYPES-valueHelpDialog-smartFilterBar-btnBasicSearch","searchOpenDialogs":true,"interaction":{"idSuffix":"I"}},"wdio_ui5_key":"applicationmanageconditionprice-display-component---conditions--smartFilterBar-filterItemControl_BASIC-BILL_TYPES-valueHelpDialog-smartFilterBar-btnBasicSearch"}]}
RESULT: undefined
COMMAND: POST /session/e75b3d5d2d0828505fb80b5e18bd174b/execute/async - {"script":"<script> [776 bytes]","args":[{"enterText":"TB","selector":{"id":"application-manageconditionprice-display-component---conditions--smartFilterBar-filterItemControl_BASIC-BILL_TYPES-valueHelpDialog-smartFilterBar-btnBasicSearch","searchOpenDialogs":true,"interaction":{"idSuffix":"I"}},"clearTextFirst":true,"interactionType":"ENTER_TEXT"}]}
RESULT: {}
RESULT: {"script":"<script> [776 bytes]","args":[{"enterText":"TB","selector":{"id":"application-manageconditionprice-display-component---conditions--smartFilterBar-filterItemControl_BASIC-BILL_TYPES-valueHelpDialog-smartFilterBar-btnBasicSearch","searchOpenDialogs":true,"interaction":{"idSuffix":"I"}},"clearTextFirst":true,"interactionType":"ENTER_TEXT"}]}
COMMAND: POST /session/e75b3d5d2d0828505fb80b5e18bd174b/actions - {"actions":[{"id":"action16","type":"key","parameters":{},"actions":[{"type":"keyDown","value":"î€‡"},{"type":"pause","duration":10},{"type":"keyUp","value":"î€‡"}]}]}
RESULT: {"actions":[{"id":"action16","type":"key","parameters":{},"actions":[{"type":"keyDown","value":"î€‡"},{"type":"pause","duration":10},{"type":"keyUp","value":"î€‡"}]}]}
COMMAND: GET /session/e75b3d5d2d0828505fb80b5e18bd174b/screenshot - {}
RESULT: {}
COMMAND: POST /session/e75b3d5d2d0828505fb80b5e18bd174b/element - {"using":"xpath","value":"//div[contains(@id, 'application-manageconditionprice-display-component---conditions--smartFilterBar-filterItemControl_BASIC-BILL_TYPES-valueHelpDialog-table-rowsel0')]"}
RESULT: {"using":"xpath","value":"//div[contains(@id, 'application-manageconditionprice-display-component---conditions--smartFilterBar-filterItemControl_BASIC-BILL_TYPES-valueHelpDialog-table-rowsel0')]"}
COMMAND: POST /session/e75b3d5d2d0828505fb80b5e18bd174b/element/f.3CC06888A91A2B87598FBDB561306D63.d.517307A33275426844F0151F1ABEC4A3.e.3802/click - {}
RESULT: {}
COMMAND: GET /session/e75b3d5d2d0828505fb80b5e18bd174b/screenshot - {}
RESULT: {}
COMMAND: POST /session/e75b3d5d2d0828505fb80b5e18bd174b/element - {"using":"xpath","value":"//bdi[contains(text(), \"OK\")]"}
RESULT: {"using":"xpath","value":"//bdi[contains(text(), \"OK\")]"}
COMMAND: POST /session/e75b3d5d2d0828505fb80b5e18bd174b/element/f.3CC06888A91A2B87598FBDB561306D63.d.517307A33275426844F0151F1ABEC4A3.e.3804/click - {}
RESULT: {}
COMMAND: GET /session/e75b3d5d2d0828505fb80b5e18bd174b/screenshot - {}
RESULT: {}
COMMAND: POST /session/e75b3d5d2d0828505fb80b5e18bd174b/element - {"using":"xpath","value":"//span[@id=\"application-manageconditionprice-display-component---conditions--smartTable-header-inner\"]"}
RESULT: {"using":"xpath","value":"//span[@id=\"application-manageconditionprice-display-component---conditions--smartTable-header-inner\"]"}
COMMAND: POST /session/e75b3d5d2d0828505fb80b5e18bd174b/elements - {"using":"xpath","value":"//span[@id=\"application-manageconditionprice-display-component---conditions--smartTable-header-inner\"]"}
RESULT: {"using":"xpath","value":"//span[@id=\"application-manageconditionprice-display-component---conditions--smartTable-header-inner\"]"}
COMMAND: POST /session/e75b3d5d2d0828505fb80b5e18bd174b/execute/sync - {"script":"<script> [56 bytes]","args":[{"element-6066-11e4-a52e-4f735466cecf":"f.3CC06888A91A2B87598FBDB561306D63.d.517307A33275426844F0151F1ABEC4A3.e.3807","ELEMENT":"f.3CC06888A91A2B87598FBDB561306D63.d.517307A33275426844F0151F1ABEC4A3.e.3807"}]}
RESULT: {"script":"<script> [56 bytes]","args":[{"element-6066-11e4-a52e-4f735466cecf":"f.3CC06888A91A2B87598FBDB561306D63.d.517307A33275426844F0151F1ABEC4A3.e.3807","ELEMENT":"f.3CC06888A91A2B87598FBDB561306D63.d.517307A33275426844F0151F1ABEC4A3.e.3807"}]}
COMMAND: POST /session/e75b3d5d2d0828505fb80b5e18bd174b/element - {"using":"css selector","value":"#shell-header-logo"}
COMMAND: GET /session/e75b3d5d2d0828505fb80b5e18bd174b/screenshot - {}
RESULT: {"using":"css selector","value":"#shell-header-logo"}
COMMAND: POST /session/e75b3d5d2d0828505fb80b5e18bd174b/element/f.3CC06888A91A2B87598FBDB561306D63.d.517307A33275426844F0151F1ABEC4A3.e.3427/click - {}
RESULT: {}
RESULT: {}
COMMAND: GET /session/e75b3d5d2d0828505fb80b5e18bd174b/screenshot - {}
RESULT: {}
]]></system-out>
    </testcase>
    <testcase classname="chrome.136_0_7103_93.windows.Billing_confirm_US117289" name="Should do a stock increase" time="81.624">
      <system-out><![CDATA[
COMMAND: POST /session/e75b3d5d2d0828505fb80b5e18bd174b/execute/async - {"script":"<script> [1562 bytes]","args":[{"selector":{"controlType":"sap.m.GenericTile","properties":{"header":"Manage Handovers"}},"wdio_ui5_key":"sapm.GenericTile{\"header\":\"Manage Handovers\"}"}]}
RESULT: {"script":"<script> [1562 bytes]","args":[{"selector":{"controlType":"sap.m.GenericTile","properties":{"header":"Manage Handovers"}},"wdio_ui5_key":"sapm.GenericTile{\"header\":\"Manage Handovers\"}"}]}
RESULT: undefined
COMMAND: POST /session/e75b3d5d2d0828505fb80b5e18bd174b/element - {"using":"xpath","value":"//*[@id=\"__tile131\"]"}
RESULT: {"using":"xpath","value":"//*[@id=\"__tile131\"]"}
COMMAND: POST /session/e75b3d5d2d0828505fb80b5e18bd174b/element/f.3CC06888A91A2B87598FBDB561306D63.d.517307A33275426844F0151F1ABEC4A3.e.237/click - {}
RESULT: {}
COMMAND: GET /session/e75b3d5d2d0828505fb80b5e18bd174b/screenshot - {}
RESULT: {}
COMMAND: POST /session/e75b3d5d2d0828505fb80b5e18bd174b/elements - {"using":"xpath","value":"//span[text()='Error']"}
RESULT: {"using":"xpath","value":"//span[text()='Error']"}
COMMAND: POST /session/e75b3d5d2d0828505fb80b5e18bd174b/element - {"using":"xpath","value":"//button[@data-kt=\"masterHOAddButton\"]"}
RESULT: {"using":"xpath","value":"//button[@data-kt=\"masterHOAddButton\"]"}
COMMAND: POST /session/e75b3d5d2d0828505fb80b5e18bd174b/elements - {"using":"xpath","value":"//button[@data-kt=\"masterHOAddButton\"]"}
RESULT: {"using":"xpath","value":"//button[@data-kt=\"masterHOAddButton\"]"}
COMMAND: POST /session/e75b3d5d2d0828505fb80b5e18bd174b/execute/sync - {"script":"<script> [8489 bytes]","args":[{"element-6066-11e4-a52e-4f735466cecf":"f.3CC06888A91A2B87598FBDB561306D63.d.517307A33275426844F0151F1ABEC4A3.e.3851","ELEMENT":"f.3CC06888A91A2B87598FBDB561306D63.d.517307A33275426844F0151F1ABEC4A3.e.3851"}]}
RESULT: {"script":"<script> [8489 bytes]","args":[{"element-6066-11e4-a52e-4f735466cecf":"f.3CC06888A91A2B87598FBDB561306D63.d.517307A33275426844F0151F1ABEC4A3.e.3851","ELEMENT":"f.3CC06888A91A2B87598FBDB561306D63.d.517307A33275426844F0151F1ABEC4A3.e.3851"}]}
COMMAND: GET /session/e75b3d5d2d0828505fb80b5e18bd174b/element/f.3CC06888A91A2B87598FBDB561306D63.d.517307A33275426844F0151F1ABEC4A3.e.3851/enabled - {}
COMMAND: GET /session/e75b3d5d2d0828505fb80b5e18bd174b/screenshot - {}
RESULT: {}
COMMAND: POST /session/e75b3d5d2d0828505fb80b5e18bd174b/execute/sync - {"script":"<script> [8489 bytes]","args":[{"element-6066-11e4-a52e-4f735466cecf":"f.3CC06888A91A2B87598FBDB561306D63.d.517307A33275426844F0151F1ABEC4A3.e.3851","ELEMENT":"f.3CC06888A91A2B87598FBDB561306D63.d.517307A33275426844F0151F1ABEC4A3.e.3851"}]}
COMMAND: GET /session/e75b3d5d2d0828505fb80b5e18bd174b/screenshot - {}
RESULT: {}
RESULT: {"script":"<script> [8489 bytes]","args":[{"element-6066-11e4-a52e-4f735466cecf":"f.3CC06888A91A2B87598FBDB561306D63.d.517307A33275426844F0151F1ABEC4A3.e.3851","ELEMENT":"f.3CC06888A91A2B87598FBDB561306D63.d.517307A33275426844F0151F1ABEC4A3.e.3851"}]}
COMMAND: POST /session/e75b3d5d2d0828505fb80b5e18bd174b/execute/sync - {"script":"<script> [5351 bytes]","args":[{"element-6066-11e4-a52e-4f735466cecf":"f.3CC06888A91A2B87598FBDB561306D63.d.517307A33275426844F0151F1ABEC4A3.e.3851","ELEMENT":"f.3CC06888A91A2B87598FBDB561306D63.d.517307A33275426844F0151F1ABEC4A3.e.3851"}]}
COMMAND: GET /session/e75b3d5d2d0828505fb80b5e18bd174b/screenshot - {}
RESULT: {}
RESULT: {"script":"<script> [5351 bytes]","args":[{"element-6066-11e4-a52e-4f735466cecf":"f.3CC06888A91A2B87598FBDB561306D63.d.517307A33275426844F0151F1ABEC4A3.e.3851","ELEMENT":"f.3CC06888A91A2B87598FBDB561306D63.d.517307A33275426844F0151F1ABEC4A3.e.3851"}]}
COMMAND: POST /session/e75b3d5d2d0828505fb80b5e18bd174b/element/f.3CC06888A91A2B87598FBDB561306D63.d.517307A33275426844F0151F1ABEC4A3.e.3851/click - {}
COMMAND: GET /session/e75b3d5d2d0828505fb80b5e18bd174b/screenshot - {}
RESULT: {}
RESULT: {}
COMMAND: GET /session/e75b3d5d2d0828505fb80b5e18bd174b/screenshot - {}
RESULT: {}
RESULT: {}
COMMAND: POST /session/e75b3d5d2d0828505fb80b5e18bd174b/element - {"using":"xpath","value":"//span[contains(@id ,\"AddNewHO--typeSelect-arrow\")]"}
RESULT: {"using":"xpath","value":"//span[contains(@id ,\"AddNewHO--typeSelect-arrow\")]"}
COMMAND: POST /session/e75b3d5d2d0828505fb80b5e18bd174b/element/f.3CC06888A91A2B87598FBDB561306D63.d.517307A33275426844F0151F1ABEC4A3.e.4206/click - {}
RESULT: {}
COMMAND: GET /session/e75b3d5d2d0828505fb80b5e18bd174b/screenshot - {}
RESULT: {}
COMMAND: POST /session/e75b3d5d2d0828505fb80b5e18bd174b/element - {"using":"xpath","value":"(//li[contains(text(), \"stock increase yard\")])[1]"}
RESULT: {"using":"xpath","value":"(//li[contains(text(), \"stock increase yard\")])[1]"}
COMMAND: POST /session/e75b3d5d2d0828505fb80b5e18bd174b/element/f.3CC06888A91A2B87598FBDB561306D63.d.517307A33275426844F0151F1ABEC4A3.e.4207/click - {}
RESULT: {}
COMMAND: GET /session/e75b3d5d2d0828505fb80b5e18bd174b/screenshot - {}
RESULT: {}
COMMAND: POST /session/e75b3d5d2d0828505fb80b5e18bd174b/execute/async - {"script":"<script> [1562 bytes]","args":[{"selector":{"id":"application-managehandovers-display-component---AddNewHO--dueDate","interaction":{"idSuffix":"inner"}},"wdio_ui5_key":"applicationmanagehandovers-display-component---AddNewHO--dueDate"}]}
RESULT: {"script":"<script> [1562 bytes]","args":[{"selector":{"id":"application-managehandovers-display-component---AddNewHO--dueDate","interaction":{"idSuffix":"inner"}},"wdio_ui5_key":"applicationmanagehandovers-display-component---AddNewHO--dueDate"}]}
RESULT: undefined
COMMAND: POST /session/e75b3d5d2d0828505fb80b5e18bd174b/execute/async - {"script":"<script> [6424 bytes]","args":[{"element-6066-11e4-a52e-4f735466cecf":"f.3CC06888A91A2B87598FBDB561306D63.d.517307A33275426844F0151F1ABEC4A3.e.4209"},"setValue",["5/19/25"]]}
RESULT: {"script":"<script> [6424 bytes]","args":[{"element-6066-11e4-a52e-4f735466cecf":"f.3CC06888A91A2B87598FBDB561306D63.d.517307A33275426844F0151F1ABEC4A3.e.4209"},"setValue",["5/19/25"]]}
COMMAND: POST /session/e75b3d5d2d0828505fb80b5e18bd174b/element - {"using":"xpath","value":"//input[@id=\"generalSectionFrg--receiveYard-inner\"]"}
RESULT: {"using":"xpath","value":"//input[@id=\"generalSectionFrg--receiveYard-inner\"]"}
COMMAND: POST /session/e75b3d5d2d0828505fb80b5e18bd174b/element/f.3CC06888A91A2B87598FBDB561306D63.d.517307A33275426844F0151F1ABEC4A3.e.4213/clear - {}
RESULT: {}
COMMAND: POST /session/e75b3d5d2d0828505fb80b5e18bd174b/element/f.3CC06888A91A2B87598FBDB561306D63.d.517307A33275426844F0151F1ABEC4A3.e.4213/value - {"text":"563"}
COMMAND: GET /session/e75b3d5d2d0828505fb80b5e18bd174b/screenshot - {}
RESULT: {"text":"563"}
COMMAND: GET /session/e75b3d5d2d0828505fb80b5e18bd174b/screenshot - {}
RESULT: {}
RESULT: {}
COMMAND: POST /session/e75b3d5d2d0828505fb80b5e18bd174b/element - {"using":"xpath","value":"//li[.//span[text()='563']]"}
RESULT: {"using":"xpath","value":"//li[.//span[text()='563']]"}
COMMAND: POST /session/e75b3d5d2d0828505fb80b5e18bd174b/element/f.3CC06888A91A2B87598FBDB561306D63.d.517307A33275426844F0151F1ABEC4A3.e.4231/click - {}
RESULT: {}
COMMAND: GET /session/e75b3d5d2d0828505fb80b5e18bd174b/screenshot - {}
RESULT: {}
COMMAND: POST /session/e75b3d5d2d0828505fb80b5e18bd174b/execute/async - {"script":"<script> [1562 bytes]","args":[{"selector":{"id":"application-managehandovers-display-component---AddNewHO--ObjectPageLayout-anchBar-application-managehandovers-display-component---AddNewHO--section4-anchor","interaction":{"idSuffix":"BDI-content"}},"wdio_ui5_key":"applicationmanagehandovers-display-component---AddNewHO--ObjectPageLayout-anchBar-application-managehandovers-display-component---AddNewHO--section4-anchor"}]}
RESULT: {"script":"<script> [1562 bytes]","args":[{"selector":{"id":"application-managehandovers-display-component---AddNewHO--ObjectPageLayout-anchBar-application-managehandovers-display-component---AddNewHO--section4-anchor","interaction":{"idSuffix":"BDI-content"}},"wdio_ui5_key":"applicationmanagehandovers-display-component---AddNewHO--ObjectPageLayout-anchBar-application-managehandovers-display-component---AddNewHO--section4-anchor"}]}
RESULT: undefined
COMMAND: POST /session/e75b3d5d2d0828505fb80b5e18bd174b/element - {"using":"xpath","value":"//*[@id=\"application-managehandovers-display-component---AddNewHO--ObjectPageLayout-anchBar-application-managehandovers-display-component---AddNewHO--section4-anchor\"]"}
RESULT: {"using":"xpath","value":"//*[@id=\"application-managehandovers-display-component---AddNewHO--ObjectPageLayout-anchBar-application-managehandovers-display-component---AddNewHO--section4-anchor\"]"}
COMMAND: POST /session/e75b3d5d2d0828505fb80b5e18bd174b/element/f.3CC06888A91A2B87598FBDB561306D63.d.517307A33275426844F0151F1ABEC4A3.e.4233/click - {}
RESULT: {}
COMMAND: POST /session/e75b3d5d2d0828505fb80b5e18bd174b/element - {"using":"xpath","value":"//button[@aria-label=\"Add\"]"}
COMMAND: GET /session/e75b3d5d2d0828505fb80b5e18bd174b/screenshot - {}
RESULT: {"using":"xpath","value":"//button[@aria-label=\"Add\"]"}
COMMAND: POST /session/e75b3d5d2d0828505fb80b5e18bd174b/element/f.3CC06888A91A2B87598FBDB561306D63.d.517307A33275426844F0151F1ABEC4A3.e.4235/click - {}
RESULT: {}
RESULT: {}
COMMAND: GET /session/e75b3d5d2d0828505fb80b5e18bd174b/screenshot - {}
RESULT: {}
COMMAND: POST /session/e75b3d5d2d0828505fb80b5e18bd174b/execute/async - {"script":"<script> [1562 bytes]","args":[{"selector":{"id":"application-managehandovers-display-component---AddNewHO--smartFilterBar-btnBasicSearch","searchOpenDialogs":true,"interaction":{"idSuffix":"I"}},"wdio_ui5_key":"applicationmanagehandovers-display-component---AddNewHO--smartFilterBar-btnBasicSearch"}]}
RESULT: {"script":"<script> [1562 bytes]","args":[{"selector":{"id":"application-managehandovers-display-component---AddNewHO--smartFilterBar-btnBasicSearch","searchOpenDialogs":true,"interaction":{"idSuffix":"I"}},"wdio_ui5_key":"applicationmanagehandovers-display-component---AddNewHO--smartFilterBar-btnBasicSearch"}]}
RESULT: undefined
COMMAND: POST /session/e75b3d5d2d0828505fb80b5e18bd174b/execute/async - {"script":"<script> [776 bytes]","args":[{"enterText":"HkJqCKmPys","selector":{"id":"application-managehandovers-display-component---AddNewHO--smartFilterBar-btnBasicSearch","searchOpenDialogs":true,"interaction":{"idSuffix":"I"}},"clearTextFirst":true,"interactionType":"ENTER_TEXT"}]}
RESULT: {"script":"<script> [776 bytes]","args":[{"enterText":"HkJqCKmPys","selector":{"id":"application-managehandovers-display-component---AddNewHO--smartFilterBar-btnBasicSearch","searchOpenDialogs":true,"interaction":{"idSuffix":"I"}},"clearTextFirst":true,"interactionType":"ENTER_TEXT"}]}
COMMAND: POST /session/e75b3d5d2d0828505fb80b5e18bd174b/actions - {"actions":[{"id":"action17","type":"key","parameters":{},"actions":[{"type":"keyDown","value":"î€‡"},{"type":"pause","duration":10},{"type":"keyUp","value":"î€‡"}]}]}
RESULT: {"actions":[{"id":"action17","type":"key","parameters":{},"actions":[{"type":"keyDown","value":"î€‡"},{"type":"pause","duration":10},{"type":"keyUp","value":"î€‡"}]}]}
COMMAND: GET /session/e75b3d5d2d0828505fb80b5e18bd174b/screenshot - {}
RESULT: {}
COMMAND: POST /session/e75b3d5d2d0828505fb80b5e18bd174b/execute/async - {"script":"<script> [1562 bytes]","args":[{"selector":{"id":"application-managehandovers-display-component---AddNewHO--popup-sa","searchOpenDialogs":true,"interaction":{"idSuffix":"CbBg"}},"wdio_ui5_key":"applicationmanagehandovers-display-component---AddNewHO--popup-sa"}]}
RESULT: {"script":"<script> [1562 bytes]","args":[{"selector":{"id":"application-managehandovers-display-component---AddNewHO--popup-sa","searchOpenDialogs":true,"interaction":{"idSuffix":"CbBg"}},"wdio_ui5_key":"applicationmanagehandovers-display-component---AddNewHO--popup-sa"}]}
RESULT: undefined
COMMAND: POST /session/e75b3d5d2d0828505fb80b5e18bd174b/element - {"using":"xpath","value":"//*[@id=\"application-managehandovers-display-component---AddNewHO--popup-sa\"]"}
RESULT: {"using":"xpath","value":"//*[@id=\"application-managehandovers-display-component---AddNewHO--popup-sa\"]"}
COMMAND: POST /session/e75b3d5d2d0828505fb80b5e18bd174b/element/f.3CC06888A91A2B87598FBDB561306D63.d.517307A33275426844F0151F1ABEC4A3.e.4387/click - {}
RESULT: {}
COMMAND: GET /session/e75b3d5d2d0828505fb80b5e18bd174b/screenshot - {}
RESULT: {}
COMMAND: POST /session/e75b3d5d2d0828505fb80b5e18bd174b/element - {"using":"xpath","value":"//bdi[contains(text(), \"Select\")]"}
RESULT: {"using":"xpath","value":"//bdi[contains(text(), \"Select\")]"}
COMMAND: POST /session/e75b3d5d2d0828505fb80b5e18bd174b/element/f.3CC06888A91A2B87598FBDB561306D63.d.517307A33275426844F0151F1ABEC4A3.e.4388/click - {}
RESULT: {}
COMMAND: GET /session/e75b3d5d2d0828505fb80b5e18bd174b/screenshot - {}
RESULT: {}
COMMAND: POST /session/e75b3d5d2d0828505fb80b5e18bd174b/element - {"using":"xpath","value":"//button[@data-kt=\"AddNewHOSaveButton\"]"}
RESULT: {"using":"xpath","value":"//button[@data-kt=\"AddNewHOSaveButton\"]"}
COMMAND: POST /session/e75b3d5d2d0828505fb80b5e18bd174b/element/f.3CC06888A91A2B87598FBDB561306D63.d.517307A33275426844F0151F1ABEC4A3.e.4392/click - {}
RESULT: {}
COMMAND: GET /session/e75b3d5d2d0828505fb80b5e18bd174b/screenshot - {}
RESULT: {}
COMMAND: POST /session/e75b3d5d2d0828505fb80b5e18bd174b/execute/async - {"script":"<script> [1562 bytes]","args":[{"selector":{"id":"receiptDatePicker","viewName":"etm.portal.ui.managehandovers.view.DetailExecuteHO","interaction":{"idSuffix":"inner"}},"wdio_ui5_key":"receiptDatePickeretmportal.ui.managehandovers.view.DetailExecuteHO"}]}
RESULT: {"script":"<script> [1562 bytes]","args":[{"selector":{"id":"receiptDatePicker","viewName":"etm.portal.ui.managehandovers.view.DetailExecuteHO","interaction":{"idSuffix":"inner"}},"wdio_ui5_key":"receiptDatePickeretmportal.ui.managehandovers.view.DetailExecuteHO"}]}
RESULT: undefined
COMMAND: POST /session/e75b3d5d2d0828505fb80b5e18bd174b/execute/async - {"script":"<script> [6424 bytes]","args":[{"element-6066-11e4-a52e-4f735466cecf":"f.3CC06888A91A2B87598FBDB561306D63.d.517307A33275426844F0151F1ABEC4A3.e.4410"},"setValue",["5/19/25"]]}
RESULT: {"script":"<script> [6424 bytes]","args":[{"element-6066-11e4-a52e-4f735466cecf":"f.3CC06888A91A2B87598FBDB561306D63.d.517307A33275426844F0151F1ABEC4A3.e.4410"},"setValue",["5/19/25"]]}
COMMAND: POST /session/e75b3d5d2d0828505fb80b5e18bd174b/element - {"using":"xpath","value":"//button[@data-kt=\"PickingTableConfirmAllButton\"]"}
RESULT: {"using":"xpath","value":"//button[@data-kt=\"PickingTableConfirmAllButton\"]"}
COMMAND: POST /session/e75b3d5d2d0828505fb80b5e18bd174b/element/f.3CC06888A91A2B87598FBDB561306D63.d.517307A33275426844F0151F1ABEC4A3.e.4424/click - {}
RESULT: {}
COMMAND: GET /session/e75b3d5d2d0828505fb80b5e18bd174b/screenshot - {}
RESULT: {}
COMMAND: POST /session/e75b3d5d2d0828505fb80b5e18bd174b/element - {"using":"xpath","value":"//bdi[contains(text(), \"OK\")]"}
RESULT: {"using":"xpath","value":"//bdi[contains(text(), \"OK\")]"}
COMMAND: POST /session/e75b3d5d2d0828505fb80b5e18bd174b/element/f.3CC06888A91A2B87598FBDB561306D63.d.517307A33275426844F0151F1ABEC4A3.e.4426/click - {}
RESULT: {}
COMMAND: GET /session/e75b3d5d2d0828505fb80b5e18bd174b/screenshot - {}
RESULT: {}
COMMAND: POST /session/e75b3d5d2d0828505fb80b5e18bd174b/element - {"using":"xpath","value":"(//bdi[contains(text(), \"Receive\")])[2]"}
RESULT: {"using":"xpath","value":"(//bdi[contains(text(), \"Receive\")])[2]"}
COMMAND: POST /session/e75b3d5d2d0828505fb80b5e18bd174b/element/f.3CC06888A91A2B87598FBDB561306D63.d.517307A33275426844F0151F1ABEC4A3.e.4428/click - {}
RESULT: {}
COMMAND: GET /session/e75b3d5d2d0828505fb80b5e18bd174b/screenshot - {}
RESULT: {}
COMMAND: POST /session/e75b3d5d2d0828505fb80b5e18bd174b/element - {"using":"css selector","value":"#shell-header-logo"}
RESULT: {"using":"css selector","value":"#shell-header-logo"}
COMMAND: POST /session/e75b3d5d2d0828505fb80b5e18bd174b/element/f.3CC06888A91A2B87598FBDB561306D63.d.517307A33275426844F0151F1ABEC4A3.e.3814/click - {}
RESULT: {}
COMMAND: GET /session/e75b3d5d2d0828505fb80b5e18bd174b/screenshot - {}
RESULT: {}
]]></system-out>
    </testcase>
    <testcase classname="chrome.136_0_7103_93.windows.Billing_confirm_US117289" name="Should create a new contract" time="59.17">
      <system-out><![CDATA[
COMMAND: POST /session/e75b3d5d2d0828505fb80b5e18bd174b/execute/async - {"script":"<script> [1562 bytes]","args":[{"selector":{"controlType":"sap.m.GenericTile","properties":{"header":"Manage Contracts"}},"wdio_ui5_key":"sapm.GenericTile{\"header\":\"Manage Contracts\"}"}]}
RESULT: {"script":"<script> [1562 bytes]","args":[{"selector":{"controlType":"sap.m.GenericTile","properties":{"header":"Manage Contracts"}},"wdio_ui5_key":"sapm.GenericTile{\"header\":\"Manage Contracts\"}"}]}
RESULT: undefined
COMMAND: POST /session/e75b3d5d2d0828505fb80b5e18bd174b/element - {"using":"xpath","value":"//*[@id=\"__tile132\"]"}
RESULT: {"using":"xpath","value":"//*[@id=\"__tile132\"]"}
COMMAND: POST /session/e75b3d5d2d0828505fb80b5e18bd174b/element/f.3CC06888A91A2B87598FBDB561306D63.d.517307A33275426844F0151F1ABEC4A3.e.173/click - {}
RESULT: {}
COMMAND: GET /session/e75b3d5d2d0828505fb80b5e18bd174b/screenshot - {}
RESULT: {}
COMMAND: POST /session/e75b3d5d2d0828505fb80b5e18bd174b/elements - {"using":"xpath","value":"//span[text()='Error']"}
RESULT: {"using":"xpath","value":"//span[text()='Error']"}
COMMAND: POST /session/e75b3d5d2d0828505fb80b5e18bd174b/element - {"using":"xpath","value":"//button[@data-kt=\"addButton\"]"}
RESULT: {"using":"xpath","value":"//button[@data-kt=\"addButton\"]"}
COMMAND: POST /session/e75b3d5d2d0828505fb80b5e18bd174b/elements - {"using":"xpath","value":"//button[@data-kt=\"addButton\"]"}
RESULT: {"using":"xpath","value":"//button[@data-kt=\"addButton\"]"}
COMMAND: POST /session/e75b3d5d2d0828505fb80b5e18bd174b/execute/sync - {"script":"<script> [8489 bytes]","args":[{"element-6066-11e4-a52e-4f735466cecf":"f.3CC06888A91A2B87598FBDB561306D63.d.517307A33275426844F0151F1ABEC4A3.e.4797","ELEMENT":"f.3CC06888A91A2B87598FBDB561306D63.d.517307A33275426844F0151F1ABEC4A3.e.4797"}]}
RESULT: {"script":"<script> [8489 bytes]","args":[{"element-6066-11e4-a52e-4f735466cecf":"f.3CC06888A91A2B87598FBDB561306D63.d.517307A33275426844F0151F1ABEC4A3.e.4797","ELEMENT":"f.3CC06888A91A2B87598FBDB561306D63.d.517307A33275426844F0151F1ABEC4A3.e.4797"}]}
COMMAND: GET /session/e75b3d5d2d0828505fb80b5e18bd174b/element/f.3CC06888A91A2B87598FBDB561306D63.d.517307A33275426844F0151F1ABEC4A3.e.4797/enabled - {}
COMMAND: GET /session/e75b3d5d2d0828505fb80b5e18bd174b/screenshot - {}
RESULT: {}
COMMAND: POST /session/e75b3d5d2d0828505fb80b5e18bd174b/execute/sync - {"script":"<script> [8489 bytes]","args":[{"element-6066-11e4-a52e-4f735466cecf":"f.3CC06888A91A2B87598FBDB561306D63.d.517307A33275426844F0151F1ABEC4A3.e.4797","ELEMENT":"f.3CC06888A91A2B87598FBDB561306D63.d.517307A33275426844F0151F1ABEC4A3.e.4797"}]}
COMMAND: GET /session/e75b3d5d2d0828505fb80b5e18bd174b/screenshot - {}
RESULT: {}
RESULT: {"script":"<script> [8489 bytes]","args":[{"element-6066-11e4-a52e-4f735466cecf":"f.3CC06888A91A2B87598FBDB561306D63.d.517307A33275426844F0151F1ABEC4A3.e.4797","ELEMENT":"f.3CC06888A91A2B87598FBDB561306D63.d.517307A33275426844F0151F1ABEC4A3.e.4797"}]}
COMMAND: POST /session/e75b3d5d2d0828505fb80b5e18bd174b/execute/sync - {"script":"<script> [5351 bytes]","args":[{"element-6066-11e4-a52e-4f735466cecf":"f.3CC06888A91A2B87598FBDB561306D63.d.517307A33275426844F0151F1ABEC4A3.e.4797","ELEMENT":"f.3CC06888A91A2B87598FBDB561306D63.d.517307A33275426844F0151F1ABEC4A3.e.4797"}]}
COMMAND: GET /session/e75b3d5d2d0828505fb80b5e18bd174b/screenshot - {}
RESULT: {}
RESULT: {"script":"<script> [5351 bytes]","args":[{"element-6066-11e4-a52e-4f735466cecf":"f.3CC06888A91A2B87598FBDB561306D63.d.517307A33275426844F0151F1ABEC4A3.e.4797","ELEMENT":"f.3CC06888A91A2B87598FBDB561306D63.d.517307A33275426844F0151F1ABEC4A3.e.4797"}]}
COMMAND: GET /session/e75b3d5d2d0828505fb80b5e18bd174b/screenshot - {}
RESULT: {}
RESULT: {}
COMMAND: POST /session/e75b3d5d2d0828505fb80b5e18bd174b/element/f.3CC06888A91A2B87598FBDB561306D63.d.517307A33275426844F0151F1ABEC4A3.e.4797/click - {}
RESULT: {}
COMMAND: GET /session/e75b3d5d2d0828505fb80b5e18bd174b/screenshot - {}
COMMAND: POST /session/e75b3d5d2d0828505fb80b5e18bd174b/execute/async - {"script":"<script> [1562 bytes]","args":[{"selector":{"id":"application-managecontracts-display-component---AddNewContract--projectDescription","interaction":{"idSuffix":"inner"}},"wdio_ui5_key":"applicationmanagecontracts-display-component---AddNewContract--projectDescription"}]}
RESULT: {}
RESULT: {"script":"<script> [1562 bytes]","args":[{"selector":{"id":"application-managecontracts-display-component---AddNewContract--projectDescription","interaction":{"idSuffix":"inner"}},"wdio_ui5_key":"applicationmanagecontracts-display-component---AddNewContract--projectDescription"}]}
RESULT: undefined
COMMAND: POST /session/e75b3d5d2d0828505fb80b5e18bd174b/execute/async - {"script":"<script> [776 bytes]","args":[{"enterText":"Contract WDIO","selector":{"id":"application-managecontracts-display-component---AddNewContract--projectDescription","interaction":{"idSuffix":"inner"}},"clearTextFirst":true,"interactionType":"ENTER_TEXT"}]}
RESULT: {"script":"<script> [776 bytes]","args":[{"enterText":"Contract WDIO","selector":{"id":"application-managecontracts-display-component---AddNewContract--projectDescription","interaction":{"idSuffix":"inner"}},"clearTextFirst":true,"interactionType":"ENTER_TEXT"}]}
COMMAND: POST /session/e75b3d5d2d0828505fb80b5e18bd174b/element - {"using":"xpath","value":"//input[@id=\"application-managecontracts-display-component---AddNewContract--site-inner\"]"}
RESULT: {"using":"xpath","value":"//input[@id=\"application-managecontracts-display-component---AddNewContract--site-inner\"]"}
COMMAND: POST /session/e75b3d5d2d0828505fb80b5e18bd174b/element/f.3CC06888A91A2B87598FBDB561306D63.d.517307A33275426844F0151F1ABEC4A3.e.5152/clear - {}
RESULT: {}
COMMAND: POST /session/e75b3d5d2d0828505fb80b5e18bd174b/element/f.3CC06888A91A2B87598FBDB561306D63.d.517307A33275426844F0151F1ABEC4A3.e.5152/value - {"text":"2283"}
COMMAND: GET /session/e75b3d5d2d0828505fb80b5e18bd174b/screenshot - {}
RESULT: {"text":"2283"}
COMMAND: GET /session/e75b3d5d2d0828505fb80b5e18bd174b/screenshot - {}
RESULT: {}
RESULT: {}
COMMAND: POST /session/e75b3d5d2d0828505fb80b5e18bd174b/element - {"using":"xpath","value":"//li[.//span[text()='2283']]"}
RESULT: {"using":"xpath","value":"//li[.//span[text()='2283']]"}
COMMAND: POST /session/e75b3d5d2d0828505fb80b5e18bd174b/element/f.3CC06888A91A2B87598FBDB561306D63.d.517307A33275426844F0151F1ABEC4A3.e.5184/click - {}
RESULT: {}
COMMAND: GET /session/e75b3d5d2d0828505fb80b5e18bd174b/screenshot - {}
RESULT: {}
COMMAND: POST /session/e75b3d5d2d0828505fb80b5e18bd174b/element - {"using":"xpath","value":"//input[@id=\"application-managecontracts-display-component---AddNewContract--yardId-inner\"]"}
RESULT: {"using":"xpath","value":"//input[@id=\"application-managecontracts-display-component---AddNewContract--yardId-inner\"]"}
COMMAND: GET /session/e75b3d5d2d0828505fb80b5e18bd174b/element/f.3CC06888A91A2B87598FBDB561306D63.d.517307A33275426844F0151F1ABEC4A3.e.5153/property/value - {}
RESULT: {}
COMMAND: POST /session/e75b3d5d2d0828505fb80b5e18bd174b/element - {"using":"xpath","value":"//input[@id=\"application-managecontracts-display-component---AddNewContract--customerSelect-inner\"]"}
COMMAND: GET /session/e75b3d5d2d0828505fb80b5e18bd174b/screenshot - {}
RESULT: {"using":"xpath","value":"//input[@id=\"application-managecontracts-display-component---AddNewContract--customerSelect-inner\"]"}
COMMAND: POST /session/e75b3d5d2d0828505fb80b5e18bd174b/element/f.3CC06888A91A2B87598FBDB561306D63.d.517307A33275426844F0151F1ABEC4A3.e.5151/clear - {}
RESULT: {}
RESULT: {}
COMMAND: POST /session/e75b3d5d2d0828505fb80b5e18bd174b/element/f.3CC06888A91A2B87598FBDB561306D63.d.517307A33275426844F0151F1ABEC4A3.e.5151/value - {"text":"1335"}
COMMAND: GET /session/e75b3d5d2d0828505fb80b5e18bd174b/screenshot - {}
RESULT: {"text":"1335"}
COMMAND: GET /session/e75b3d5d2d0828505fb80b5e18bd174b/screenshot - {}
RESULT: {}
RESULT: {}
COMMAND: POST /session/e75b3d5d2d0828505fb80b5e18bd174b/element - {"using":"xpath","value":"//li[.//span[text()='1335']]"}
RESULT: {"using":"xpath","value":"//li[.//span[text()='1335']]"}
COMMAND: POST /session/e75b3d5d2d0828505fb80b5e18bd174b/element/f.3CC06888A91A2B87598FBDB561306D63.d.517307A33275426844F0151F1ABEC4A3.e.5187/click - {}
RESULT: {}
COMMAND: GET /session/e75b3d5d2d0828505fb80b5e18bd174b/screenshot - {}
RESULT: {}
COMMAND: POST /session/e75b3d5d2d0828505fb80b5e18bd174b/element - {"using":"xpath","value":"//button[@data-kt=\"saveButton\"]"}
RESULT: {"using":"xpath","value":"//button[@data-kt=\"saveButton\"]"}
COMMAND: POST /session/e75b3d5d2d0828505fb80b5e18bd174b/element/f.3CC06888A91A2B87598FBDB561306D63.d.517307A33275426844F0151F1ABEC4A3.e.5188/click - {}
RESULT: {}
COMMAND: GET /session/e75b3d5d2d0828505fb80b5e18bd174b/screenshot - {}
RESULT: {}
COMMAND: POST /session/e75b3d5d2d0828505fb80b5e18bd174b/element - {"using":"xpath","value":"//span[contains(@id ,\"contractDetailTitleNoExpanded\")]"}
RESULT: {"using":"xpath","value":"//span[contains(@id ,\"contractDetailTitleNoExpanded\")]"}
COMMAND: POST /session/e75b3d5d2d0828505fb80b5e18bd174b/elements - {"using":"xpath","value":"//span[contains(@id ,\"contractDetailTitleNoExpanded\")]"}
RESULT: {"using":"xpath","value":"//span[contains(@id ,\"contractDetailTitleNoExpanded\")]"}
COMMAND: POST /session/e75b3d5d2d0828505fb80b5e18bd174b/execute/sync - {"script":"<script> [56 bytes]","args":[{"element-6066-11e4-a52e-4f735466cecf":"f.3CC06888A91A2B87598FBDB561306D63.d.517307A33275426844F0151F1ABEC4A3.e.5199","ELEMENT":"f.3CC06888A91A2B87598FBDB561306D63.d.517307A33275426844F0151F1ABEC4A3.e.5199"}]}
RESULT: {"script":"<script> [56 bytes]","args":[{"element-6066-11e4-a52e-4f735466cecf":"f.3CC06888A91A2B87598FBDB561306D63.d.517307A33275426844F0151F1ABEC4A3.e.5199","ELEMENT":"f.3CC06888A91A2B87598FBDB561306D63.d.517307A33275426844F0151F1ABEC4A3.e.5199"}]}
COMMAND: GET /session/e75b3d5d2d0828505fb80b5e18bd174b/screenshot - {}
RESULT: {}
]]></system-out>
    </testcase>
    <testcase classname="chrome.136_0_7103_93.windows.Billing_confirm_US117289" name="Should add created equipment to contract" time="46.793">
      <system-out><![CDATA[
COMMAND: POST /session/e75b3d5d2d0828505fb80b5e18bd174b/element - {"using":"xpath","value":"//button[@data-kt=\"contractDetailEditBtnButton\"]"}
RESULT: {"using":"xpath","value":"//button[@data-kt=\"contractDetailEditBtnButton\"]"}
COMMAND: POST /session/e75b3d5d2d0828505fb80b5e18bd174b/element/f.3CC06888A91A2B87598FBDB561306D63.d.517307A33275426844F0151F1ABEC4A3.e.5200/click - {}
RESULT: {}
COMMAND: GET /session/e75b3d5d2d0828505fb80b5e18bd174b/screenshot - {}
RESULT: {}
COMMAND: POST /session/e75b3d5d2d0828505fb80b5e18bd174b/element - {"using":"xpath","value":"(//span[contains(text(), \"Additional Addresses\")])[2]"}
RESULT: {"using":"xpath","value":"(//span[contains(text(), \"Additional Addresses\")])[2]"}
COMMAND: POST /session/e75b3d5d2d0828505fb80b5e18bd174b/element/f.3CC06888A91A2B87598FBDB561306D63.d.517307A33275426844F0151F1ABEC4A3.e.5255/click - {}
RESULT: {}
COMMAND: GET /session/e75b3d5d2d0828505fb80b5e18bd174b/screenshot - {}
RESULT: {}
COMMAND: POST /session/e75b3d5d2d0828505fb80b5e18bd174b/element - {"using":"xpath","value":"//button[@data-kt=\"btnAddTableRowOverflowToolbarButton\"]"}
RESULT: {"using":"xpath","value":"//button[@data-kt=\"btnAddTableRowOverflowToolbarButton\"]"}
COMMAND: POST /session/e75b3d5d2d0828505fb80b5e18bd174b/element/f.3CC06888A91A2B87598FBDB561306D63.d.517307A33275426844F0151F1ABEC4A3.e.5258/click - {}
RESULT: {}
COMMAND: GET /session/e75b3d5d2d0828505fb80b5e18bd174b/screenshot - {}
RESULT: {}
COMMAND: POST /session/e75b3d5d2d0828505fb80b5e18bd174b/element - {"using":"xpath","value":"//div[(text() = 'Standard Entry' or . = 'Standard Entry')]"}
RESULT: {"using":"xpath","value":"//div[(text() = 'Standard Entry' or . = 'Standard Entry')]"}
COMMAND: POST /session/e75b3d5d2d0828505fb80b5e18bd174b/element/f.3CC06888A91A2B87598FBDB561306D63.d.517307A33275426844F0151F1ABEC4A3.e.5260/click - {}
RESULT: {}
COMMAND: GET /session/e75b3d5d2d0828505fb80b5e18bd174b/screenshot - {}
RESULT: {}
COMMAND: POST /session/e75b3d5d2d0828505fb80b5e18bd174b/element - {"using":"xpath","value":"//td[7]/div/div/input"}
RESULT: {"using":"xpath","value":"//td[7]/div/div/input"}
COMMAND: POST /session/e75b3d5d2d0828505fb80b5e18bd174b/element/f.3CC06888A91A2B87598FBDB561306D63.d.517307A33275426844F0151F1ABEC4A3.e.5269/clear - {}
RESULT: {}
COMMAND: POST /session/e75b3d5d2d0828505fb80b5e18bd174b/element/f.3CC06888A91A2B87598FBDB561306D63.d.517307A33275426844F0151F1ABEC4A3.e.5269/value - {"text":"HkJqCKmPys"}
COMMAND: GET /session/e75b3d5d2d0828505fb80b5e18bd174b/screenshot - {}
RESULT: {"text":"HkJqCKmPys"}
COMMAND: GET /session/e75b3d5d2d0828505fb80b5e18bd174b/screenshot - {}
RESULT: {}
RESULT: {}
COMMAND: POST /session/e75b3d5d2d0828505fb80b5e18bd174b/actions - {"actions":[{"id":"action18","type":"key","parameters":{},"actions":[{"type":"keyDown","value":"î€‡"},{"type":"pause","duration":10},{"type":"keyUp","value":"î€‡"}]}]}
RESULT: {"actions":[{"id":"action18","type":"key","parameters":{},"actions":[{"type":"keyDown","value":"î€‡"},{"type":"pause","duration":10},{"type":"keyUp","value":"î€‡"}]}]}
COMMAND: GET /session/e75b3d5d2d0828505fb80b5e18bd174b/screenshot - {}
RESULT: {}
COMMAND: POST /session/e75b3d5d2d0828505fb80b5e18bd174b/execute/sync - {"script":"<script> [276 bytes]","args":["No pricing information was found"]}
RESULT: {"script":"<script> [276 bytes]","args":["No pricing information was found"]}
COMMAND: POST /session/e75b3d5d2d0828505fb80b5e18bd174b/element - {"using":"xpath","value":"(//button[@data-kt=\"saveButton\"])[2]"}
COMMAND: GET /session/e75b3d5d2d0828505fb80b5e18bd174b/screenshot - {}
RESULT: {"using":"xpath","value":"(//button[@data-kt=\"saveButton\"])[2]"}
COMMAND: POST /session/e75b3d5d2d0828505fb80b5e18bd174b/element/f.3CC06888A91A2B87598FBDB561306D63.d.517307A33275426844F0151F1ABEC4A3.e.5284/click - {}
RESULT: {}
RESULT: {}
COMMAND: GET /session/e75b3d5d2d0828505fb80b5e18bd174b/screenshot - {}
RESULT: {}
COMMAND: POST /session/e75b3d5d2d0828505fb80b5e18bd174b/execute/sync - {"script":"<script> [276 bytes]","args":["Some contract items are having rental validity exceeding header rental validity"]}
RESULT: {"script":"<script> [276 bytes]","args":["Some contract items are having rental validity exceeding header rental validity"]}
COMMAND: GET /session/e75b3d5d2d0828505fb80b5e18bd174b/screenshot - {}
RESULT: {}
COMMAND: POST /session/e75b3d5d2d0828505fb80b5e18bd174b/element - {"using":"xpath","value":"//span[contains(@id ,\"contractItemsSmartTable-header-inner\")]"}
RESULT: {"using":"xpath","value":"//span[contains(@id ,\"contractItemsSmartTable-header-inner\")]"}
COMMAND: POST /session/e75b3d5d2d0828505fb80b5e18bd174b/elements - {"using":"xpath","value":"//span[contains(@id ,\"contractItemsSmartTable-header-inner\")]"}
RESULT: {"using":"xpath","value":"//span[contains(@id ,\"contractItemsSmartTable-header-inner\")]"}
COMMAND: POST /session/e75b3d5d2d0828505fb80b5e18bd174b/execute/sync - {"script":"<script> [56 bytes]","args":[{"element-6066-11e4-a52e-4f735466cecf":"f.3CC06888A91A2B87598FBDB561306D63.d.517307A33275426844F0151F1ABEC4A3.e.5293","ELEMENT":"f.3CC06888A91A2B87598FBDB561306D63.d.517307A33275426844F0151F1ABEC4A3.e.5293"}]}
RESULT: {"script":"<script> [56 bytes]","args":[{"element-6066-11e4-a52e-4f735466cecf":"f.3CC06888A91A2B87598FBDB561306D63.d.517307A33275426844F0151F1ABEC4A3.e.5293","ELEMENT":"f.3CC06888A91A2B87598FBDB561306D63.d.517307A33275426844F0151F1ABEC4A3.e.5293"}]}
COMMAND: GET /session/e75b3d5d2d0828505fb80b5e18bd174b/screenshot - {}
]]></system-out>
    </testcase>
    <testcase classname="chrome.136_0_7103_93.windows.Billing_confirm_US117289" name="Should do a provide to site handover" time="60.752">
      <system-out><![CDATA[
COMMAND: POST /session/e75b3d5d2d0828505fb80b5e18bd174b/element - {"using":"xpath","value":"//button[@data-kt=\"provideButton\"]"}
RESULT: {}
RESULT: {"using":"xpath","value":"//button[@data-kt=\"provideButton\"]"}
COMMAND: POST /session/e75b3d5d2d0828505fb80b5e18bd174b/element/f.3CC06888A91A2B87598FBDB561306D63.d.517307A33275426844F0151F1ABEC4A3.e.5294/click - {}
RESULT: {}
COMMAND: GET /session/e75b3d5d2d0828505fb80b5e18bd174b/screenshot - {}
RESULT: undefined
COMMAND: POST /session/e75b3d5d2d0828505fb80b5e18bd174b/execute/async - {"script":"<script> [6424 bytes]","args":[{"element-6066-11e4-a52e-4f735466cecf":"f.3CC06888A91A2B87598FBDB561306D63.d.517307A33275426844F0151F1ABEC4A3.e.4209"},"setValue",["5/19/25"]]}
RESULT: {}
COMMAND: POST /session/e75b3d5d2d0828505fb80b5e18bd174b/execute/async - {"script":"<script> [1562 bytes]","args":[{"selector":{"id":"application-managehandovers-display-component---AddNewHO--dueDate","interaction":{"idSuffix":"inner"}},"wdio_ui5_key":"applicationmanagehandovers-display-component---AddNewHO--dueDate"}]}
RESULT: {"script":"<script> [1562 bytes]","args":[{"selector":{"id":"application-managehandovers-display-component---AddNewHO--dueDate","interaction":{"idSuffix":"inner"}},"wdio_ui5_key":"applicationmanagehandovers-display-component---AddNewHO--dueDate"}]}
COMMAND: POST /session/e75b3d5d2d0828505fb80b5e18bd174b/execute/async - {"script":"<script> [6424 bytes]","args":[{"element-6066-11e4-a52e-4f735466cecf":"f.3CC06888A91A2B87598FBDB561306D63.d.517307A33275426844F0151F1ABEC4A3.e.5351"},"setValue",["5/19/25"]]}
RESULT: {"script":"<script> [6424 bytes]","args":[{"element-6066-11e4-a52e-4f735466cecf":"f.3CC06888A91A2B87598FBDB561306D63.d.517307A33275426844F0151F1ABEC4A3.e.5351"},"setValue",["5/19/25"]]}
COMMAND: POST /session/e75b3d5d2d0828505fb80b5e18bd174b/element - {"using":"xpath","value":"//bdi[contains(text(), \"Instructions\")]"}
RESULT: {"using":"xpath","value":"//bdi[contains(text(), \"Instructions\")]"}
COMMAND: POST /session/e75b3d5d2d0828505fb80b5e18bd174b/element/f.3CC06888A91A2B87598FBDB561306D63.d.517307A33275426844F0151F1ABEC4A3.e.5611/click - {}
RESULT: {}
COMMAND: GET /session/e75b3d5d2d0828505fb80b5e18bd174b/screenshot - {}
RESULT: {}
COMMAND: POST /session/e75b3d5d2d0828505fb80b5e18bd174b/element - {"using":"xpath","value":"//button[@data-kt=\"AddNewHOProvideAddItemsButton\"]"}
RESULT: {"using":"xpath","value":"//button[@data-kt=\"AddNewHOProvideAddItemsButton\"]"}
COMMAND: POST /session/e75b3d5d2d0828505fb80b5e18bd174b/element/f.3CC06888A91A2B87598FBDB561306D63.d.517307A33275426844F0151F1ABEC4A3.e.5615/click - {}
RESULT: {}
COMMAND: GET /session/e75b3d5d2d0828505fb80b5e18bd174b/screenshot - {}
RESULT: {}
RESULT: undefined
COMMAND: POST /session/e75b3d5d2d0828505fb80b5e18bd174b/element - {"using":"xpath","value":"//*[@id=\"application-managehandovers-display-component---AddNewHO--popup-sa\"]"}
RESULT: {"using":"xpath","value":"//*[@id=\"application-managehandovers-display-component---AddNewHO--popup-sa\"]"}
COMMAND: POST /session/e75b3d5d2d0828505fb80b5e18bd174b/element/f.3CC06888A91A2B87598FBDB561306D63.d.517307A33275426844F0151F1ABEC4A3.e.5624/click - {}
RESULT: {}
COMMAND: GET /session/e75b3d5d2d0828505fb80b5e18bd174b/screenshot - {}
RESULT: {}
COMMAND: POST /session/e75b3d5d2d0828505fb80b5e18bd174b/element - {"using":"xpath","value":"//*[contains(@id ,\"BDI-content\")][contains(text(), \"Select\")]"}
RESULT: {"using":"xpath","value":"//*[contains(@id ,\"BDI-content\")][contains(text(), \"Select\")]"}
COMMAND: POST /session/e75b3d5d2d0828505fb80b5e18bd174b/element/f.3CC06888A91A2B87598FBDB561306D63.d.517307A33275426844F0151F1ABEC4A3.e.5626/click - {}
RESULT: {}
COMMAND: GET /session/e75b3d5d2d0828505fb80b5e18bd174b/screenshot - {}
RESULT: {}
COMMAND: POST /session/e75b3d5d2d0828505fb80b5e18bd174b/execute/async - {"script":"<script> [1562 bytes]","args":[{"selector":{"id":"application-managehandovers-display-component---AddNewHO--confirmCreationButton","interaction":{"idSuffix":"BDI-content"}},"wdio_ui5_key":"applicationmanagehandovers-display-component---AddNewHO--confirmCreationButton"}]}
RESULT: {"script":"<script> [1562 bytes]","args":[{"selector":{"id":"application-managehandovers-display-component---AddNewHO--confirmCreationButton","interaction":{"idSuffix":"BDI-content"}},"wdio_ui5_key":"applicationmanagehandovers-display-component---AddNewHO--confirmCreationButton"}]}
RESULT: undefined
COMMAND: POST /session/e75b3d5d2d0828505fb80b5e18bd174b/element - {"using":"xpath","value":"//*[@id=\"application-managehandovers-display-component---AddNewHO--confirmCreationButton\"]"}
RESULT: {"using":"xpath","value":"//*[@id=\"application-managehandovers-display-component---AddNewHO--confirmCreationButton\"]"}
COMMAND: POST /session/e75b3d5d2d0828505fb80b5e18bd174b/element/f.3CC06888A91A2B87598FBDB561306D63.d.517307A33275426844F0151F1ABEC4A3.e.5421/click - {}
RESULT: {}
COMMAND: GET /session/e75b3d5d2d0828505fb80b5e18bd174b/screenshot - {}
RESULT: {}
COMMAND: POST /session/e75b3d5d2d0828505fb80b5e18bd174b/execute/async - {"script":"<script> [1562 bytes]","args":[{"selector":{"id":"issueDatePicker","viewName":"etm.portal.ui.managehandovers.view.DetailExecuteHO","interaction":{"idSuffix":"inner"}},"wdio_ui5_key":"issueDatePickeretmportal.ui.managehandovers.view.DetailExecuteHO"}]}
RESULT: {"script":"<script> [1562 bytes]","args":[{"selector":{"id":"issueDatePicker","viewName":"etm.portal.ui.managehandovers.view.DetailExecuteHO","interaction":{"idSuffix":"inner"}},"wdio_ui5_key":"issueDatePickeretmportal.ui.managehandovers.view.DetailExecuteHO"}]}
RESULT: undefined
COMMAND: POST /session/e75b3d5d2d0828505fb80b5e18bd174b/execute/async - {"script":"<script> [776 bytes]","args":[{"enterText":"5/19/25","selector":{"id":"issueDatePicker","viewName":"etm.portal.ui.managehandovers.view.DetailExecuteHO","interaction":{"idSuffix":"inner"}},"clearTextFirst":true,"interactionType":"ENTER_TEXT"}]}
RESULT: {"script":"<script> [776 bytes]","args":[{"enterText":"5/19/25","selector":{"id":"issueDatePicker","viewName":"etm.portal.ui.managehandovers.view.DetailExecuteHO","interaction":{"idSuffix":"inner"}},"clearTextFirst":true,"interactionType":"ENTER_TEXT"}]}
COMMAND: POST /session/e75b3d5d2d0828505fb80b5e18bd174b/element - {"using":"xpath","value":"//bdi[contains(text(), \"OK\")]"}
RESULT: {"using":"xpath","value":"//bdi[contains(text(), \"OK\")]"}
COMMAND: POST /session/e75b3d5d2d0828505fb80b5e18bd174b/element/f.3CC06888A91A2B87598FBDB561306D63.d.517307A33275426844F0151F1ABEC4A3.e.5691/click - {}
RESULT: {}
COMMAND: GET /session/e75b3d5d2d0828505fb80b5e18bd174b/screenshot - {}
RESULT: {}
COMMAND: POST /session/e75b3d5d2d0828505fb80b5e18bd174b/element - {"using":"xpath","value":"//button[@data-kt=\"PickingTableConfirmAllButton\"]"}
RESULT: {"using":"xpath","value":"//button[@data-kt=\"PickingTableConfirmAllButton\"]"}
COMMAND: POST /session/e75b3d5d2d0828505fb80b5e18bd174b/element/f.3CC06888A91A2B87598FBDB561306D63.d.517307A33275426844F0151F1ABEC4A3.e.5698/click - {}
RESULT: {}
COMMAND: GET /session/e75b3d5d2d0828505fb80b5e18bd174b/screenshot - {}
RESULT: {}
COMMAND: POST /session/e75b3d5d2d0828505fb80b5e18bd174b/element - {"using":"xpath","value":"//bdi[contains(text(), \"OK\")]"}
RESULT: {"using":"xpath","value":"//bdi[contains(text(), \"OK\")]"}
COMMAND: POST /session/e75b3d5d2d0828505fb80b5e18bd174b/element/f.3CC06888A91A2B87598FBDB561306D63.d.517307A33275426844F0151F1ABEC4A3.e.5701/click - {}
RESULT: {}
COMMAND: GET /session/e75b3d5d2d0828505fb80b5e18bd174b/screenshot - {}
RESULT: {}
COMMAND: POST /session/e75b3d5d2d0828505fb80b5e18bd174b/element - {"using":"xpath","value":"//bdi[contains(text(), \"Issue\")]"}
RESULT: {"using":"xpath","value":"//bdi[contains(text(), \"Issue\")]"}
COMMAND: POST /session/e75b3d5d2d0828505fb80b5e18bd174b/element/f.3CC06888A91A2B87598FBDB561306D63.d.517307A33275426844F0151F1ABEC4A3.e.5703/click - {}
RESULT: {}
COMMAND: GET /session/e75b3d5d2d0828505fb80b5e18bd174b/screenshot - {}
RESULT: {}
COMMAND: POST /session/e75b3d5d2d0828505fb80b5e18bd174b/element - {"using":"css selector","value":"#shell-header-logo"}
RESULT: {"using":"css selector","value":"#shell-header-logo"}
COMMAND: POST /session/e75b3d5d2d0828505fb80b5e18bd174b/element/f.3CC06888A91A2B87598FBDB561306D63.d.517307A33275426844F0151F1ABEC4A3.e.4754/click - {}
RESULT: {}
COMMAND: GET /session/e75b3d5d2d0828505fb80b5e18bd174b/screenshot - {}
RESULT: {}
]]></system-out>
    </testcase>
    <testcase classname="chrome.136_0_7103_93.windows.Billing_confirm_US117289" name="Should trigger calculation" time="82.515">
      <system-out><![CDATA[
COMMAND: POST /session/e75b3d5d2d0828505fb80b5e18bd174b/execute/async - {"script":"<script> [1562 bytes]","args":[{"selector":{"controlType":"sap.m.GenericTile","properties":{"header":"Manage Billings"}},"wdio_ui5_key":"sapm.GenericTile{\"header\":\"Manage Billings\"}"}]}
RESULT: {"script":"<script> [1562 bytes]","args":[{"selector":{"controlType":"sap.m.GenericTile","properties":{"header":"Manage Billings"}},"wdio_ui5_key":"sapm.GenericTile{\"header\":\"Manage Billings\"}"}]}
RESULT: undefined
COMMAND: POST /session/e75b3d5d2d0828505fb80b5e18bd174b/element - {"using":"xpath","value":"//*[@id=\"__tile51\"]"}
RESULT: {"using":"xpath","value":"//*[@id=\"__tile51\"]"}
COMMAND: POST /session/e75b3d5d2d0828505fb80b5e18bd174b/element/f.3CC06888A91A2B87598FBDB561306D63.d.517307A33275426844F0151F1ABEC4A3.e.200/click - {}
RESULT: {}
COMMAND: GET /session/e75b3d5d2d0828505fb80b5e18bd174b/screenshot - {}
RESULT: {}
COMMAND: POST /session/e75b3d5d2d0828505fb80b5e18bd174b/elements - {"using":"xpath","value":"//span[text()='Error']"}
RESULT: {"using":"xpath","value":"//span[text()='Error']"}
COMMAND: POST /session/e75b3d5d2d0828505fb80b5e18bd174b/execute/async - {"script":"<script> [1562 bytes]","args":[{"selector":{"id":"application-managebillings-display-component---billRunCalcResult--smartFilterBar-btnBasicSearch","interaction":{"idSuffix":"I"}},"wdio_ui5_key":"applicationmanagebillings-display-component---billRunCalcResult--smartFilterBar-btnBasicSearch"}]}
RESULT: {"script":"<script> [1562 bytes]","args":[{"selector":{"id":"application-managebillings-display-component---billRunCalcResult--smartFilterBar-btnBasicSearch","interaction":{"idSuffix":"I"}},"wdio_ui5_key":"applicationmanagebillings-display-component---billRunCalcResult--smartFilterBar-btnBasicSearch"}]}
RESULT: undefined
COMMAND: POST /session/e75b3d5d2d0828505fb80b5e18bd174b/execute/async - {"script":"<script> [776 bytes]","args":[{"enterText":"10397","selector":{"id":"application-managebillings-display-component---billRunCalcResult--smartFilterBar-btnBasicSearch","interaction":{"idSuffix":"I"}},"clearTextFirst":true,"interactionType":"ENTER_TEXT"}]}
RESULT: {"script":"<script> [776 bytes]","args":[{"enterText":"10397","selector":{"id":"application-managebillings-display-component---billRunCalcResult--smartFilterBar-btnBasicSearch","interaction":{"idSuffix":"I"}},"clearTextFirst":true,"interactionType":"ENTER_TEXT"}]}
COMMAND: POST /session/e75b3d5d2d0828505fb80b5e18bd174b/actions - {"actions":[{"id":"action19","type":"key","parameters":{},"actions":[{"type":"keyDown","value":"î€‡"},{"type":"pause","duration":10},{"type":"keyUp","value":"î€‡"}]}]}
RESULT: {"actions":[{"id":"action19","type":"key","parameters":{},"actions":[{"type":"keyDown","value":"î€‡"},{"type":"pause","duration":10},{"type":"keyUp","value":"î€‡"}]}]}
COMMAND: GET /session/e75b3d5d2d0828505fb80b5e18bd174b/screenshot - {}
RESULT: {}
COMMAND: POST /session/e75b3d5d2d0828505fb80b5e18bd174b/element - {"using":"xpath","value":"//td[@aria-colindex=\"1\"]/div/div[contains(@class, \"sapMCbBg\")]"}
RESULT: {"using":"xpath","value":"//td[@aria-colindex=\"1\"]/div/div[contains(@class, \"sapMCbBg\")]"}
COMMAND: POST /session/e75b3d5d2d0828505fb80b5e18bd174b/element/f.3CC06888A91A2B87598FBDB561306D63.d.517307A33275426844F0151F1ABEC4A3.e.6095/click - {}
RESULT: {}
COMMAND: GET /session/e75b3d5d2d0828505fb80b5e18bd174b/screenshot - {}
RESULT: {}
COMMAND: POST /session/e75b3d5d2d0828505fb80b5e18bd174b/execute/async - {"script":"<script> [1562 bytes]","args":[{"selector":{"id":"application-managebillings-display-component---billRunCalcResult--contractBillRunDate","interaction":{"idSuffix":"inner"}},"wdio_ui5_key":"applicationmanagebillings-display-component---billRunCalcResult--contractBillRunDate"}]}
RESULT: {"script":"<script> [1562 bytes]","args":[{"selector":{"id":"application-managebillings-display-component---billRunCalcResult--contractBillRunDate","interaction":{"idSuffix":"inner"}},"wdio_ui5_key":"applicationmanagebillings-display-component---billRunCalcResult--contractBillRunDate"}]}
RESULT: undefined
COMMAND: POST /session/e75b3d5d2d0828505fb80b5e18bd174b/execute/async - {"script":"<script> [776 bytes]","args":[{"enterText":"6/19/25","selector":{"id":"application-managebillings-display-component---billRunCalcResult--contractBillRunDate","interaction":{"idSuffix":"inner"}},"clearTextFirst":true,"interactionType":"ENTER_TEXT"}]}
RESULT: {"script":"<script> [776 bytes]","args":[{"enterText":"6/19/25","selector":{"id":"application-managebillings-display-component---billRunCalcResult--contractBillRunDate","interaction":{"idSuffix":"inner"}},"clearTextFirst":true,"interactionType":"ENTER_TEXT"}]}
COMMAND: POST /session/e75b3d5d2d0828505fb80b5e18bd174b/element - {"using":"xpath","value":"//bdi[contains(text(), \"Trigger Calculation\")]"}
RESULT: {"using":"xpath","value":"//bdi[contains(text(), \"Trigger Calculation\")]"}
COMMAND: POST /session/e75b3d5d2d0828505fb80b5e18bd174b/element/f.3CC06888A91A2B87598FBDB561306D63.d.517307A33275426844F0151F1ABEC4A3.e.6146/click - {}
RESULT: {}
COMMAND: GET /session/e75b3d5d2d0828505fb80b5e18bd174b/screenshot - {}
RESULT: {}
COMMAND: POST /session/e75b3d5d2d0828505fb80b5e18bd174b/element - {"using":"xpath","value":"(//span[contains(@id, \"imgNav\")])[1]"}
RESULT: {"using":"xpath","value":"(//span[contains(@id, \"imgNav\")])[1]"}
COMMAND: POST /session/e75b3d5d2d0828505fb80b5e18bd174b/element/f.3CC06888A91A2B87598FBDB561306D63.d.517307A33275426844F0151F1ABEC4A3.e.6096/click - {}
RESULT: {}
COMMAND: GET /session/e75b3d5d2d0828505fb80b5e18bd174b/screenshot - {}
RESULT: {}
COMMAND: POST /session/e75b3d5d2d0828505fb80b5e18bd174b/element - {"using":"xpath","value":"//tr/td[6]/div[1]/span[1]/span[1]"}
RESULT: {"using":"xpath","value":"//tr/td[6]/div[1]/span[1]/span[1]"}
COMMAND: GET /session/e75b3d5d2d0828505fb80b5e18bd174b/element/f.3CC06888A91A2B87598FBDB561306D63.d.517307A33275426844F0151F1ABEC4A3.e.6150/text - {}
RESULT: {}
COMMAND: POST /session/e75b3d5d2d0828505fb80b5e18bd174b/element - {"using":"xpath","value":"(//span[contains(@id, \"imgNav\")])[2]"}
RESULT: {"using":"xpath","value":"(//span[contains(@id, \"imgNav\")])[2]"}
COMMAND: POST /session/e75b3d5d2d0828505fb80b5e18bd174b/element/f.3CC06888A91A2B87598FBDB561306D63.d.517307A33275426844F0151F1ABEC4A3.e.6151/click - {}
RESULT: {}
COMMAND: GET /session/e75b3d5d2d0828505fb80b5e18bd174b/screenshot - {}
RESULT: {}
COMMAND: POST /session/e75b3d5d2d0828505fb80b5e18bd174b/element - {"using":"xpath","value":"//bdi[contains(text(), \"Business Confirm\")]"}
RESULT: {"using":"xpath","value":"//bdi[contains(text(), \"Business Confirm\")]"}
COMMAND: POST /session/e75b3d5d2d0828505fb80b5e18bd174b/element/f.3CC06888A91A2B87598FBDB561306D63.d.517307A33275426844F0151F1ABEC4A3.e.6219/click - {}
RESULT: {}
COMMAND: GET /session/e75b3d5d2d0828505fb80b5e18bd174b/screenshot - {}
RESULT: {}
COMMAND: POST /session/e75b3d5d2d0828505fb80b5e18bd174b/element - {"using":"xpath","value":"//bdi[contains(text(), \"Business Confirmed\")]"}
RESULT: {"using":"xpath","value":"//bdi[contains(text(), \"Business Confirmed\")]"}
COMMAND: POST /session/e75b3d5d2d0828505fb80b5e18bd174b/execute/sync - {"script":"<script> [56 bytes]","args":[{"element-6066-11e4-a52e-4f735466cecf":"f.3CC06888A91A2B87598FBDB561306D63.d.517307A33275426844F0151F1ABEC4A3.e.6219","ELEMENT":"f.3CC06888A91A2B87598FBDB561306D63.d.517307A33275426844F0151F1ABEC4A3.e.6219"}]}
RESULT: {"script":"<script> [56 bytes]","args":[{"element-6066-11e4-a52e-4f735466cecf":"f.3CC06888A91A2B87598FBDB561306D63.d.517307A33275426844F0151F1ABEC4A3.e.6219","ELEMENT":"f.3CC06888A91A2B87598FBDB561306D63.d.517307A33275426844F0151F1ABEC4A3.e.6219"}]}
COMMAND: POST /session/e75b3d5d2d0828505fb80b5e18bd174b/element - {"using":"css selector","value":"#shell-header-logo"}
COMMAND: GET /session/e75b3d5d2d0828505fb80b5e18bd174b/screenshot - {}
RESULT: {"using":"css selector","value":"#shell-header-logo"}
COMMAND: POST /session/e75b3d5d2d0828505fb80b5e18bd174b/element/f.3CC06888A91A2B87598FBDB561306D63.d.517307A33275426844F0151F1ABEC4A3.e.5883/click - {}
RESULT: {}
RESULT: {}
COMMAND: GET /session/e75b3d5d2d0828505fb80b5e18bd174b/screenshot - {}
RESULT: {}
COMMAND: POST /session/e75b3d5d2d0828505fb80b5e18bd174b/element - {"using":"css selector","value":"#j_username"}
COMMAND: POST /session/e75b3d5d2d0828505fb80b5e18bd174b/url - {"url":"https://qa-testing-00-live-etm-ui.cfapps.eu10-004.hana.ondemand.com/"}
RESULT: {"using":"css selector","value":"#j_username"}
COMMAND: POST /session/e75b3d5d2d0828505fb80b5e18bd174b/element - {"using":"css selector","value":"#j_username"}
RESULT: {"url":"https://qa-testing-00-live-etm-ui.cfapps.eu10-004.hana.ondemand.com/"}
RESULT: undefined
COMMAND: GET /session/e75b3d5d2d0828505fb80b5e18bd174b/screenshot - {}
RESULT: {"using":"css selector","value":"#j_username"}
COMMAND: POST /session/e75b3d5d2d0828505fb80b5e18bd174b/element - {"using":"css selector","value":"#shell-header-logo"}
RESULT: {}
RESULT: {"using":"css selector","value":"#shell-header-logo"}
COMMAND: POST /session/e75b3d5d2d0828505fb80b5e18bd174b/execute/sync - {"script":"<script> [8489 bytes]","args":[{"element-6066-11e4-a52e-4f735466cecf":"f.3CC06888A91A2B87598FBDB561306D63.d.1C518478685E35DC58E859F992B3E9EB.e.6241","ELEMENT":"f.3CC06888A91A2B87598FBDB561306D63.d.1C518478685E35DC58E859F992B3E9EB.e.6241"}]}
RESULT: {"script":"<script> [8489 bytes]","args":[{"element-6066-11e4-a52e-4f735466cecf":"f.3CC06888A91A2B87598FBDB561306D63.d.1C518478685E35DC58E859F992B3E9EB.e.6241","ELEMENT":"f.3CC06888A91A2B87598FBDB561306D63.d.1C518478685E35DC58E859F992B3E9EB.e.6241"}]}
COMMAND: POST /session/e75b3d5d2d0828505fb80b5e18bd174b/element - {"using":"css selector","value":"#shell-header-logo"}
COMMAND: GET /session/e75b3d5d2d0828505fb80b5e18bd174b/screenshot - {}
RESULT: {"using":"css selector","value":"#shell-header-logo"}
COMMAND: POST /session/e75b3d5d2d0828505fb80b5e18bd174b/execute/sync - {"script":"<script> [8489 bytes]","args":[{"element-6066-11e4-a52e-4f735466cecf":"f.3CC06888A91A2B87598FBDB561306D63.d.1C518478685E35DC58E859F992B3E9EB.e.6241","ELEMENT":"f.3CC06888A91A2B87598FBDB561306D63.d.1C518478685E35DC58E859F992B3E9EB.e.6241"}]}
RESULT: {}
RESULT: {"script":"<script> [8489 bytes]","args":[{"element-6066-11e4-a52e-4f735466cecf":"f.3CC06888A91A2B87598FBDB561306D63.d.1C518478685E35DC58E859F992B3E9EB.e.6241","ELEMENT":"f.3CC06888A91A2B87598FBDB561306D63.d.1C518478685E35DC58E859F992B3E9EB.e.6241"}]}
COMMAND: POST /session/e75b3d5d2d0828505fb80b5e18bd174b/execute/sync - {"script":"<script> [5351 bytes]","args":[{"element-6066-11e4-a52e-4f735466cecf":"f.3CC06888A91A2B87598FBDB561306D63.d.1C518478685E35DC58E859F992B3E9EB.e.6241","ELEMENT":"f.3CC06888A91A2B87598FBDB561306D63.d.1C518478685E35DC58E859F992B3E9EB.e.6241"}]}
COMMAND: GET /session/e75b3d5d2d0828505fb80b5e18bd174b/screenshot - {}
RESULT: {"script":"<script> [5351 bytes]","args":[{"element-6066-11e4-a52e-4f735466cecf":"f.3CC06888A91A2B87598FBDB561306D63.d.1C518478685E35DC58E859F992B3E9EB.e.6241","ELEMENT":"f.3CC06888A91A2B87598FBDB561306D63.d.1C518478685E35DC58E859F992B3E9EB.e.6241"}]}
COMMAND: POST /session/e75b3d5d2d0828505fb80b5e18bd174b/element - {"using":"css selector","value":"#shell-header-logo"}
COMMAND: GET /session/e75b3d5d2d0828505fb80b5e18bd174b/screenshot - {}
RESULT: {}
RESULT: {"using":"css selector","value":"#shell-header-logo"}
COMMAND: POST /session/e75b3d5d2d0828505fb80b5e18bd174b/element/f.3CC06888A91A2B87598FBDB561306D63.d.1C518478685E35DC58E859F992B3E9EB.e.6241/click - {}
RESULT: {}
RESULT: {}
COMMAND: GET /session/e75b3d5d2d0828505fb80b5e18bd174b/screenshot - {}
RESULT: {}
COMMAND: POST /session/e75b3d5d2d0828505fb80b5e18bd174b/execute/async - {"script":"<script> [189 bytes]","args":[]}
RESULT: {"script":"<script> [189 bytes]","args":[]}
COMMAND: POST /session/e75b3d5d2d0828505fb80b5e18bd174b/execute/async - {"script":"<script> [123 bytes]","args":[]}
RESULT: {"script":"<script> [123 bytes]","args":[]}
COMMAND: POST /session/e75b3d5d2d0828505fb80b5e18bd174b/timeouts - {"script":"<number>"}
RESULT: {"script":"<number>"}
COMMAND: GET /session/e75b3d5d2d0828505fb80b5e18bd174b/timeouts - {}
RESULT: {}
RESULT: undefined
COMMAND: POST /session/e75b3d5d2d0828505fb80b5e18bd174b/execute/async - {"script":"<script> [2676 bytes]","args":[]}
RESULT: {"script":"<script> [2676 bytes]","args":[]}
COMMAND: POST /session/e75b3d5d2d0828505fb80b5e18bd174b/execute/async - {"script":"<script> [2342 bytes]","args":[{"protocol":"http","hostname":"0.0.0.0","path":"/","capabilities":{"browserName":"chrome","goog:chromeOptions":{"binary":"C:\\Program Files\\Google\\Chrome\\Application\\chrome.exe","args":["--start-maximized"]}},"logLevel":"warn","connectionRetryTimeout":120000,"connectionRetryCount":3,"logLevels":{},"enableDirectConnect":true,"strictSSL":true,"_":"65 more keys: [\"cacheDir\",\"port\",\"requestedCapabilities\",\"automationProtocol\",\"baseUrl\",\"waitforInterval\",\"waitforTimeout\",\"onReload\",\"beforeCommand\",\"afterCommand\",\"rootDir\",\"specs\",\"suites\",\"exclude\",\"groupLogsByTestSpec\",\"excludeDriverLogs\",\"bail\",\"framework\",\"reporters\",\"services\",\"maxInstances\",\"maxInstancesPerCapability\",\"injectGlobals\",\"filesToWatch\",\"execArgv\",\"runnerEnv\",\"runner\",\"shard\",\"specFileRetries\",\"specFileRetriesDelay\",\"specFileRetriesDeferred\",\"reporterSyncInterval\",\"reporterSyncTimeout\",\"cucumberFeaturesWithLineNumbers\",\"autoCompileOpts\",\"mochaOpts\",\"jasmineOpts\",\"cucumberOpts\",\"onPrepare\",\"onWorkerStart\",\"onWorkerEnd\",\"before\",\"beforeSession\",\"beforeSuite\",\"beforeHook\",\"beforeTest\",\"afterTest\",\"afterHook\",\"afterSuite\",\"afterSession\",\"after\",\"onComplete\",\"beforeAssertion\",\"afterAssertion\",\"beforeFeature\",\"beforeScenario\",\"beforeStep\",\"afterStep\",\"afterScenario\",\"afterFeature\",\"_\",\"suite\",\"$0\",\"ignoredWorkerServices\",\"wdi5\"]"}]}
RESULT: {"script":"<script> [2342 bytes]","args":[{"protocol":"http","hostname":"0.0.0.0","path":"/","capabilities":{"browserName":"chrome","goog:chromeOptions":{"binary":"C:\\Program Files\\Google\\Chrome\\Application\\chrome.exe","args":["--start-maximized"]}},"logLevel":"warn","connectionRetryTimeout":120000,"connectionRetryCount":3,"logLevels":{},"enableDirectConnect":true,"strictSSL":true,"_":"65 more keys: [\"cacheDir\",\"port\",\"requestedCapabilities\",\"automationProtocol\",\"baseUrl\",\"waitforInterval\",\"waitforTimeout\",\"onReload\",\"beforeCommand\",\"afterCommand\",\"rootDir\",\"specs\",\"suites\",\"exclude\",\"groupLogsByTestSpec\",\"excludeDriverLogs\",\"bail\",\"framework\",\"reporters\",\"services\",\"maxInstances\",\"maxInstancesPerCapability\",\"injectGlobals\",\"filesToWatch\",\"execArgv\",\"runnerEnv\",\"runner\",\"shard\",\"specFileRetries\",\"specFileRetriesDelay\",\"specFileRetriesDeferred\",\"reporterSyncInterval\",\"reporterSyncTimeout\",\"cucumberFeaturesWithLineNumbers\",\"autoCompileOpts\",\"mochaOpts\",\"jasmineOpts\",\"cucumberOpts\",\"onPrepare\",\"onWorkerStart\",\"onWorkerEnd\",\"before\",\"beforeSession\",\"beforeSuite\",\"beforeHook\",\"beforeTest\",\"afterTest\",\"afterHook\",\"afterSuite\",\"afterSession\",\"after\",\"onComplete\",\"beforeAssertion\",\"afterAssertion\",\"beforeFeature\",\"beforeScenario\",\"beforeStep\",\"afterStep\",\"afterScenario\",\"afterFeature\",\"_\",\"suite\",\"$0\",\"ignoredWorkerServices\",\"wdi5\"]"}]}
COMMAND: POST /session/e75b3d5d2d0828505fb80b5e18bd174b/execute/async - {"script":"<script> [21126 bytes]","args":[35000]}
RESULT: {"script":"<script> [21126 bytes]","args":[35000]}
COMMAND: POST /session/e75b3d5d2d0828505fb80b5e18bd174b/window/maximize - {}
RESULT: {}
COMMAND: POST /session/e75b3d5d2d0828505fb80b5e18bd174b/execute/async - {"script":"<script> [1562 bytes]","args":[{"selector":{"id":"shell-header","interaction":{"idSuffix":"icon"}},"wdio_ui5_key":"shellheader"}]}
COMMAND: GET /session/e75b3d5d2d0828505fb80b5e18bd174b/screenshot - {}
RESULT: {"script":"<script> [1562 bytes]","args":[{"selector":{"id":"shell-header","interaction":{"idSuffix":"icon"}},"wdio_ui5_key":"shellheader"}]}
RESULT: undefined
COMMAND: POST /session/e75b3d5d2d0828505fb80b5e18bd174b/refresh - {}
RESULT: {}
RESULT: {}
COMMAND: GET /session/e75b3d5d2d0828505fb80b5e18bd174b/screenshot - {}
RESULT: {}
COMMAND: POST /session/e75b3d5d2d0828505fb80b5e18bd174b/refresh - {}
RESULT: {}
COMMAND: GET /session/e75b3d5d2d0828505fb80b5e18bd174b/screenshot - {}
RESULT: {}
COMMAND: POST /session/e75b3d5d2d0828505fb80b5e18bd174b/window/fullscreen - {}
RESULT: {}
COMMAND: POST /session/e75b3d5d2d0828505fb80b5e18bd174b/execute/async - {"script":"<script> [189 bytes]","args":[]}
RESULT: {"script":"<script> [189 bytes]","args":[]}
COMMAND: POST /session/e75b3d5d2d0828505fb80b5e18bd174b/execute/async - {"script":"<script> [123 bytes]","args":[]}
RESULT: {"script":"<script> [123 bytes]","args":[]}
COMMAND: POST /session/e75b3d5d2d0828505fb80b5e18bd174b/timeouts - {"script":"<number>"}
RESULT: {"script":"<number>"}
COMMAND: GET /session/e75b3d5d2d0828505fb80b5e18bd174b/timeouts - {}
RESULT: {}
RESULT: undefined
COMMAND: POST /session/e75b3d5d2d0828505fb80b5e18bd174b/execute/async - {"script":"<script> [2676 bytes]","args":[]}
RESULT: {"script":"<script> [2676 bytes]","args":[]}
COMMAND: POST /session/e75b3d5d2d0828505fb80b5e18bd174b/execute/async - {"script":"<script> [2342 bytes]","args":[{"protocol":"http","hostname":"0.0.0.0","path":"/","capabilities":{"browserName":"chrome","goog:chromeOptions":{"binary":"C:\\Program Files\\Google\\Chrome\\Application\\chrome.exe","args":["--start-maximized"]}},"logLevel":"warn","connectionRetryTimeout":120000,"connectionRetryCount":3,"logLevels":{},"enableDirectConnect":true,"strictSSL":true,"_":"65 more keys: [\"cacheDir\",\"port\",\"requestedCapabilities\",\"automationProtocol\",\"baseUrl\",\"waitforInterval\",\"waitforTimeout\",\"onReload\",\"beforeCommand\",\"afterCommand\",\"rootDir\",\"specs\",\"suites\",\"exclude\",\"groupLogsByTestSpec\",\"excludeDriverLogs\",\"bail\",\"framework\",\"reporters\",\"services\",\"maxInstances\",\"maxInstancesPerCapability\",\"injectGlobals\",\"filesToWatch\",\"execArgv\",\"runnerEnv\",\"runner\",\"shard\",\"specFileRetries\",\"specFileRetriesDelay\",\"specFileRetriesDeferred\",\"reporterSyncInterval\",\"reporterSyncTimeout\",\"cucumberFeaturesWithLineNumbers\",\"autoCompileOpts\",\"mochaOpts\",\"jasmineOpts\",\"cucumberOpts\",\"onPrepare\",\"onWorkerStart\",\"onWorkerEnd\",\"before\",\"beforeSession\",\"beforeSuite\",\"beforeHook\",\"beforeTest\",\"afterTest\",\"afterHook\",\"afterSuite\",\"afterSession\",\"after\",\"onComplete\",\"beforeAssertion\",\"afterAssertion\",\"beforeFeature\",\"beforeScenario\",\"beforeStep\",\"afterStep\",\"afterScenario\",\"afterFeature\",\"_\",\"suite\",\"$0\",\"ignoredWorkerServices\",\"wdi5\"]"}]}
RESULT: {"script":"<script> [2342 bytes]","args":[{"protocol":"http","hostname":"0.0.0.0","path":"/","capabilities":{"browserName":"chrome","goog:chromeOptions":{"binary":"C:\\Program Files\\Google\\Chrome\\Application\\chrome.exe","args":["--start-maximized"]}},"logLevel":"warn","connectionRetryTimeout":120000,"connectionRetryCount":3,"logLevels":{},"enableDirectConnect":true,"strictSSL":true,"_":"65 more keys: [\"cacheDir\",\"port\",\"requestedCapabilities\",\"automationProtocol\",\"baseUrl\",\"waitforInterval\",\"waitforTimeout\",\"onReload\",\"beforeCommand\",\"afterCommand\",\"rootDir\",\"specs\",\"suites\",\"exclude\",\"groupLogsByTestSpec\",\"excludeDriverLogs\",\"bail\",\"framework\",\"reporters\",\"services\",\"maxInstances\",\"maxInstancesPerCapability\",\"injectGlobals\",\"filesToWatch\",\"execArgv\",\"runnerEnv\",\"runner\",\"shard\",\"specFileRetries\",\"specFileRetriesDelay\",\"specFileRetriesDeferred\",\"reporterSyncInterval\",\"reporterSyncTimeout\",\"cucumberFeaturesWithLineNumbers\",\"autoCompileOpts\",\"mochaOpts\",\"jasmineOpts\",\"cucumberOpts\",\"onPrepare\",\"onWorkerStart\",\"onWorkerEnd\",\"before\",\"beforeSession\",\"beforeSuite\",\"beforeHook\",\"beforeTest\",\"afterTest\",\"afterHook\",\"afterSuite\",\"afterSession\",\"after\",\"onComplete\",\"beforeAssertion\",\"afterAssertion\",\"beforeFeature\",\"beforeScenario\",\"beforeStep\",\"afterStep\",\"afterScenario\",\"afterFeature\",\"_\",\"suite\",\"$0\",\"ignoredWorkerServices\",\"wdi5\"]"}]}
COMMAND: POST /session/e75b3d5d2d0828505fb80b5e18bd174b/execute/async - {"script":"<script> [21126 bytes]","args":[35000]}
RESULT: {"script":"<script> [21126 bytes]","args":[35000]}
]]></system-out>
    </testcase>
  </testsuite>
  <testsuite timestamp="2025-05-19T17:28:25" time="1241.654" tests="14" failures="0" errors="0" skipped="0">
    <properties>
      <property name="specId" value="0" />
      <property name="suiteName" value="Create master data for mixed billing &amp; do billing calculation US151661" />
      <property name="capabilities" value="chrome.136_0_7103_93.windows" />
      <property name="file" value="file:///D:/a/1/s/test/specs/BTS/billing-calculation-mixed.spec.js" />
    </properties>
    <testcase classname="chrome.136_0_7103_93.windows.Create_master_data_for_mixed_billing_&amp;_do_billing_calculation_US151661" name="Should create a new yard" time="108.746">
      <system-out><![CDATA[
COMMAND: POST /session/e75b3d5d2d0828505fb80b5e18bd174b/window/fullscreen - {}
RESULT: {}
COMMAND: POST /session/e75b3d5d2d0828505fb80b5e18bd174b/execute/async - {"script":"<script> [1562 bytes]","args":[{"selector":{"controlType":"sap.m.GenericTile","properties":{"header":"Manage Yards"}},"wdio_ui5_key":"sapm.GenericTile{\"header\":\"Manage Yards\"}"}]}
RESULT: {"script":"<script> [1562 bytes]","args":[{"selector":{"controlType":"sap.m.GenericTile","properties":{"header":"Manage Yards"}},"wdio_ui5_key":"sapm.GenericTile{\"header\":\"Manage Yards\"}"}]}
RESULT: undefined
COMMAND: POST /session/e75b3d5d2d0828505fb80b5e18bd174b/element - {"using":"xpath","value":"//*[@id=\"__tile41\"]"}
RESULT: {"using":"xpath","value":"//*[@id=\"__tile41\"]"}
COMMAND: POST /session/e75b3d5d2d0828505fb80b5e18bd174b/element/f.3CC06888A91A2B87598FBDB561306D63.d.8A4417E0E36B2D57E3FD9135C6C36D12.e.6396/click - {}
RESULT: {}
COMMAND: GET /session/e75b3d5d2d0828505fb80b5e18bd174b/screenshot - {}
RESULT: {}
COMMAND: POST /session/e75b3d5d2d0828505fb80b5e18bd174b/elements - {"using":"xpath","value":"//span[text()='Error']"}
RESULT: {"using":"xpath","value":"//span[text()='Error']"}
COMMAND: POST /session/e75b3d5d2d0828505fb80b5e18bd174b/element - {"using":"xpath","value":"//button[@data-kt=\"addNewYardOverflowToolbarButton\"]"}
RESULT: {"using":"xpath","value":"//button[@data-kt=\"addNewYardOverflowToolbarButton\"]"}
COMMAND: POST /session/e75b3d5d2d0828505fb80b5e18bd174b/elements - {"using":"xpath","value":"//button[@data-kt=\"addNewYardOverflowToolbarButton\"]"}
RESULT: {"using":"xpath","value":"//button[@data-kt=\"addNewYardOverflowToolbarButton\"]"}
COMMAND: POST /session/e75b3d5d2d0828505fb80b5e18bd174b/execute/sync - {"script":"<script> [8489 bytes]","args":[{"element-6066-11e4-a52e-4f735466cecf":"f.3CC06888A91A2B87598FBDB561306D63.d.8A4417E0E36B2D57E3FD9135C6C36D12.e.6544","ELEMENT":"f.3CC06888A91A2B87598FBDB561306D63.d.8A4417E0E36B2D57E3FD9135C6C36D12.e.6544"}]}
RESULT: {"script":"<script> [8489 bytes]","args":[{"element-6066-11e4-a52e-4f735466cecf":"f.3CC06888A91A2B87598FBDB561306D63.d.8A4417E0E36B2D57E3FD9135C6C36D12.e.6544","ELEMENT":"f.3CC06888A91A2B87598FBDB561306D63.d.8A4417E0E36B2D57E3FD9135C6C36D12.e.6544"}]}
COMMAND: GET /session/e75b3d5d2d0828505fb80b5e18bd174b/element/f.3CC06888A91A2B87598FBDB561306D63.d.8A4417E0E36B2D57E3FD9135C6C36D12.e.6544/enabled - {}
COMMAND: GET /session/e75b3d5d2d0828505fb80b5e18bd174b/screenshot - {}
RESULT: {}
COMMAND: POST /session/e75b3d5d2d0828505fb80b5e18bd174b/execute/sync - {"script":"<script> [8489 bytes]","args":[{"element-6066-11e4-a52e-4f735466cecf":"f.3CC06888A91A2B87598FBDB561306D63.d.8A4417E0E36B2D57E3FD9135C6C36D12.e.6544","ELEMENT":"f.3CC06888A91A2B87598FBDB561306D63.d.8A4417E0E36B2D57E3FD9135C6C36D12.e.6544"}]}
COMMAND: GET /session/e75b3d5d2d0828505fb80b5e18bd174b/screenshot - {}
RESULT: {}
RESULT: {"script":"<script> [8489 bytes]","args":[{"element-6066-11e4-a52e-4f735466cecf":"f.3CC06888A91A2B87598FBDB561306D63.d.8A4417E0E36B2D57E3FD9135C6C36D12.e.6544","ELEMENT":"f.3CC06888A91A2B87598FBDB561306D63.d.8A4417E0E36B2D57E3FD9135C6C36D12.e.6544"}]}
COMMAND: POST /session/e75b3d5d2d0828505fb80b5e18bd174b/execute/sync - {"script":"<script> [5351 bytes]","args":[{"element-6066-11e4-a52e-4f735466cecf":"f.3CC06888A91A2B87598FBDB561306D63.d.8A4417E0E36B2D57E3FD9135C6C36D12.e.6544","ELEMENT":"f.3CC06888A91A2B87598FBDB561306D63.d.8A4417E0E36B2D57E3FD9135C6C36D12.e.6544"}]}
COMMAND: GET /session/e75b3d5d2d0828505fb80b5e18bd174b/screenshot - {}
RESULT: {}
RESULT: {"script":"<script> [5351 bytes]","args":[{"element-6066-11e4-a52e-4f735466cecf":"f.3CC06888A91A2B87598FBDB561306D63.d.8A4417E0E36B2D57E3FD9135C6C36D12.e.6544","ELEMENT":"f.3CC06888A91A2B87598FBDB561306D63.d.8A4417E0E36B2D57E3FD9135C6C36D12.e.6544"}]}
COMMAND: POST /session/e75b3d5d2d0828505fb80b5e18bd174b/element/f.3CC06888A91A2B87598FBDB561306D63.d.8A4417E0E36B2D57E3FD9135C6C36D12.e.6544/click - {}
COMMAND: GET /session/e75b3d5d2d0828505fb80b5e18bd174b/screenshot - {}
RESULT: {}
RESULT: {}
COMMAND: GET /session/e75b3d5d2d0828505fb80b5e18bd174b/screenshot - {}
RESULT: {}
RESULT: {}
COMMAND: POST /session/e75b3d5d2d0828505fb80b5e18bd174b/element - {"using":"xpath","value":"//input[@id=\"application-manageyards-display-component---NewYard--yardId-inner\"]"}
RESULT: {"using":"xpath","value":"//input[@id=\"application-manageyards-display-component---NewYard--yardId-inner\"]"}
COMMAND: POST /session/e75b3d5d2d0828505fb80b5e18bd174b/element - {"using":"xpath","value":"//input[@id=\"application-manageyards-display-component---NewYard--yardId-inner\"]"}
RESULT: {"using":"xpath","value":"//input[@id=\"application-manageyards-display-component---NewYard--yardId-inner\"]"}
COMMAND: POST /session/e75b3d5d2d0828505fb80b5e18bd174b/execute/async - {"script":"<script> [1562 bytes]","args":[{"selector":{"id":"application-manageyards-display-component---NewYard--addressDetailDetailsName1","interaction":{"idSuffix":"inner"}},"wdio_ui5_key":"applicationmanageyards-display-component---NewYard--addressDetailDetailsName1"}]}
RESULT: {"script":"<script> [1562 bytes]","args":[{"selector":{"id":"application-manageyards-display-component---NewYard--addressDetailDetailsName1","interaction":{"idSuffix":"inner"}},"wdio_ui5_key":"applicationmanageyards-display-component---NewYard--addressDetailDetailsName1"}]}
RESULT: undefined
COMMAND: POST /session/e75b3d5d2d0828505fb80b5e18bd174b/execute/async - {"script":"<script> [776 bytes]","args":[{"enterText":"Intercompany Yard wdIO","selector":{"id":"application-manageyards-display-component---NewYard--addressDetailDetailsName1","interaction":{"idSuffix":"inner"}},"clearTextFirst":true,"interactionType":"ENTER_TEXT"}]}
RESULT: {"script":"<script> [776 bytes]","args":[{"enterText":"Intercompany Yard wdIO","selector":{"id":"application-manageyards-display-component---NewYard--addressDetailDetailsName1","interaction":{"idSuffix":"inner"}},"clearTextFirst":true,"interactionType":"ENTER_TEXT"}]}
COMMAND: POST /session/e75b3d5d2d0828505fb80b5e18bd174b/execute/async - {"script":"<script> [1562 bytes]","args":[{"selector":{"id":"application-manageyards-display-component---NewYard--addressDetailDetailsLanguage-arrow"},"wdio_ui5_key":"applicationmanageyards-display-component---NewYard--addressDetailDetailsLanguage-arrow"}]}
RESULT: {"script":"<script> [1562 bytes]","args":[{"selector":{"id":"application-manageyards-display-component---NewYard--addressDetailDetailsLanguage-arrow"},"wdio_ui5_key":"applicationmanageyards-display-component---NewYard--addressDetailDetailsLanguage-arrow"}]}
RESULT: undefined
COMMAND: POST /session/e75b3d5d2d0828505fb80b5e18bd174b/element - {"using":"xpath","value":"//*[@id=\"application-manageyards-display-component---NewYard--addressDetailDetailsLanguage-arrow\"]"}
RESULT: {"using":"xpath","value":"//*[@id=\"application-manageyards-display-component---NewYard--addressDetailDetailsLanguage-arrow\"]"}
COMMAND: POST /session/e75b3d5d2d0828505fb80b5e18bd174b/element/f.3CC06888A91A2B87598FBDB561306D63.d.8A4417E0E36B2D57E3FD9135C6C36D12.e.6977/click - {}
RESULT: {}
COMMAND: POST /session/e75b3d5d2d0828505fb80b5e18bd174b/element - {"using":"xpath","value":"//span[contains(text(), \"English\")]"}
COMMAND: GET /session/e75b3d5d2d0828505fb80b5e18bd174b/screenshot - {}
RESULT: {"using":"xpath","value":"//span[contains(text(), \"English\")]"}
COMMAND: POST /session/e75b3d5d2d0828505fb80b5e18bd174b/element/f.3CC06888A91A2B87598FBDB561306D63.d.8A4417E0E36B2D57E3FD9135C6C36D12.e.6978/click - {}
RESULT: {}
RESULT: {}
COMMAND: POST /session/e75b3d5d2d0828505fb80b5e18bd174b/execute/async - {"script":"<script> [1562 bytes]","args":[{"selector":{"id":"application-manageyards-display-component---NewYard--addressDetailDetailsCity1","interaction":{"idSuffix":"inner"}},"wdio_ui5_key":"applicationmanageyards-display-component---NewYard--addressDetailDetailsCity1"}]}
COMMAND: GET /session/e75b3d5d2d0828505fb80b5e18bd174b/screenshot - {}
RESULT: {"script":"<script> [1562 bytes]","args":[{"selector":{"id":"application-manageyards-display-component---NewYard--addressDetailDetailsCity1","interaction":{"idSuffix":"inner"}},"wdio_ui5_key":"applicationmanageyards-display-component---NewYard--addressDetailDetailsCity1"}]}
RESULT: undefined
COMMAND: POST /session/e75b3d5d2d0828505fb80b5e18bd174b/execute/async - {"script":"<script> [776 bytes]","args":[{"enterText":"Rosario","selector":{"id":"application-manageyards-display-component---NewYard--addressDetailDetailsCity1","interaction":{"idSuffix":"inner"}},"clearTextFirst":true,"interactionType":"ENTER_TEXT"}]}
RESULT: {}
RESULT: {"script":"<script> [776 bytes]","args":[{"enterText":"Rosario","selector":{"id":"application-manageyards-display-component---NewYard--addressDetailDetailsCity1","interaction":{"idSuffix":"inner"}},"clearTextFirst":true,"interactionType":"ENTER_TEXT"}]}
COMMAND: POST /session/e75b3d5d2d0828505fb80b5e18bd174b/execute/async - {"script":"<script> [1562 bytes]","args":[{"selector":{"id":"application-manageyards-display-component---NewYard--addressDetailDetailsCountry-arrow"},"wdio_ui5_key":"applicationmanageyards-display-component---NewYard--addressDetailDetailsCountry-arrow"}]}
RESULT: {"script":"<script> [1562 bytes]","args":[{"selector":{"id":"application-manageyards-display-component---NewYard--addressDetailDetailsCountry-arrow"},"wdio_ui5_key":"applicationmanageyards-display-component---NewYard--addressDetailDetailsCountry-arrow"}]}
RESULT: undefined
COMMAND: POST /session/e75b3d5d2d0828505fb80b5e18bd174b/element - {"using":"xpath","value":"//*[@id=\"application-manageyards-display-component---NewYard--addressDetailDetailsCountry-arrow\"]"}
RESULT: {"using":"xpath","value":"//*[@id=\"application-manageyards-display-component---NewYard--addressDetailDetailsCountry-arrow\"]"}
COMMAND: POST /session/e75b3d5d2d0828505fb80b5e18bd174b/element/f.3CC06888A91A2B87598FBDB561306D63.d.8A4417E0E36B2D57E3FD9135C6C36D12.e.6980/click - {}
RESULT: {}
COMMAND: POST /session/e75b3d5d2d0828505fb80b5e18bd174b/element - {"using":"xpath","value":"//span[contains(text(), \"Argentina\")]"}
COMMAND: GET /session/e75b3d5d2d0828505fb80b5e18bd174b/screenshot - {}
RESULT: {"using":"xpath","value":"//span[contains(text(), \"Argentina\")]"}
COMMAND: POST /session/e75b3d5d2d0828505fb80b5e18bd174b/element/f.3CC06888A91A2B87598FBDB561306D63.d.8A4417E0E36B2D57E3FD9135C6C36D12.e.6981/click - {}
RESULT: {}
RESULT: {}
COMMAND: POST /session/e75b3d5d2d0828505fb80b5e18bd174b/execute/async - {"script":"<script> [1562 bytes]","args":[{"selector":{"id":"application-manageyards-display-component---NewYard--addressEditDetailsCostObjectCstType-arrow"},"wdio_ui5_key":"applicationmanageyards-display-component---NewYard--addressEditDetailsCostObjectCstType-arrow"}]}
COMMAND: GET /session/e75b3d5d2d0828505fb80b5e18bd174b/screenshot - {}
RESULT: {"script":"<script> [1562 bytes]","args":[{"selector":{"id":"application-manageyards-display-component---NewYard--addressEditDetailsCostObjectCstType-arrow"},"wdio_ui5_key":"applicationmanageyards-display-component---NewYard--addressEditDetailsCostObjectCstType-arrow"}]}
RESULT: undefined
COMMAND: POST /session/e75b3d5d2d0828505fb80b5e18bd174b/element - {"using":"xpath","value":"//*[@id=\"application-manageyards-display-component---NewYard--addressEditDetailsCostObjectCstType-arrow\"]"}
RESULT: {}
RESULT: {"using":"xpath","value":"//*[@id=\"application-manageyards-display-component---NewYard--addressEditDetailsCostObjectCstType-arrow\"]"}
COMMAND: POST /session/e75b3d5d2d0828505fb80b5e18bd174b/element/f.3CC06888A91A2B87598FBDB561306D63.d.8A4417E0E36B2D57E3FD9135C6C36D12.e.6983/click - {}
RESULT: {}
COMMAND: POST /session/e75b3d5d2d0828505fb80b5e18bd174b/element - {"using":"xpath","value":"//span[contains(text(), \"Cost Center\")]"}
COMMAND: GET /session/e75b3d5d2d0828505fb80b5e18bd174b/screenshot - {}
RESULT: {"using":"xpath","value":"//span[contains(text(), \"Cost Center\")]"}
COMMAND: POST /session/e75b3d5d2d0828505fb80b5e18bd174b/element/f.3CC06888A91A2B87598FBDB561306D63.d.8A4417E0E36B2D57E3FD9135C6C36D12.e.6984/click - {}
RESULT: {}
RESULT: {}
COMMAND: GET /session/e75b3d5d2d0828505fb80b5e18bd174b/screenshot - {}
RESULT: {}
COMMAND: POST /session/e75b3d5d2d0828505fb80b5e18bd174b/element - {"using":"xpath","value":"//span[@id=\"application-manageyards-display-component---NewYard--addressNewCostObjectCstID-vhi\"]"}
RESULT: {"using":"xpath","value":"//span[@id=\"application-manageyards-display-component---NewYard--addressNewCostObjectCstID-vhi\"]"}
COMMAND: POST /session/e75b3d5d2d0828505fb80b5e18bd174b/execute/sync - {"script":"<script> [8489 bytes]","args":[{"element-6066-11e4-a52e-4f735466cecf":"f.3CC06888A91A2B87598FBDB561306D63.d.8A4417E0E36B2D57E3FD9135C6C36D12.e.6988","ELEMENT":"f.3CC06888A91A2B87598FBDB561306D63.d.8A4417E0E36B2D57E3FD9135C6C36D12.e.6988"}]}
RESULT: {"script":"<script> [8489 bytes]","args":[{"element-6066-11e4-a52e-4f735466cecf":"f.3CC06888A91A2B87598FBDB561306D63.d.8A4417E0E36B2D57E3FD9135C6C36D12.e.6988","ELEMENT":"f.3CC06888A91A2B87598FBDB561306D63.d.8A4417E0E36B2D57E3FD9135C6C36D12.e.6988"}]}
COMMAND: POST /session/e75b3d5d2d0828505fb80b5e18bd174b/execute/async - {"script":"<script> [1562 bytes]","args":[{"selector":{"id":"application-manageyards-display-component---NewYard--addressNewCostObjectCstID-vhi"},"wdio_ui5_key":"applicationmanageyards-display-component---NewYard--addressNewCostObjectCstID-vhi"}]}
COMMAND: GET /session/e75b3d5d2d0828505fb80b5e18bd174b/screenshot - {}
RESULT: {"script":"<script> [1562 bytes]","args":[{"selector":{"id":"application-manageyards-display-component---NewYard--addressNewCostObjectCstID-vhi"},"wdio_ui5_key":"applicationmanageyards-display-component---NewYard--addressNewCostObjectCstID-vhi"}]}
RESULT: undefined
COMMAND: POST /session/e75b3d5d2d0828505fb80b5e18bd174b/element - {"using":"xpath","value":"//*[@id=\"application-manageyards-display-component---NewYard--addressNewCostObjectCstID-vhi\"]"}
RESULT: {}
RESULT: {"using":"xpath","value":"//*[@id=\"application-manageyards-display-component---NewYard--addressNewCostObjectCstID-vhi\"]"}
COMMAND: POST /session/e75b3d5d2d0828505fb80b5e18bd174b/element/f.3CC06888A91A2B87598FBDB561306D63.d.8A4417E0E36B2D57E3FD9135C6C36D12.e.6988/click - {}
RESULT: {}
COMMAND: GET /session/e75b3d5d2d0828505fb80b5e18bd174b/screenshot - {}
RESULT: {}
COMMAND: POST /session/e75b3d5d2d0828505fb80b5e18bd174b/execute/async - {"script":"<script> [1562 bytes]","args":[{"selector":{"controlType":"sap.m.SearchField","properties":{"placeholder":"Search"},"searchOpenDialogs":true,"interaction":{"idSuffix":"I"}},"wdio_ui5_key":"sapm.SearchField{\"placeholder\":\"Search\"}"}]}
RESULT: {"script":"<script> [1562 bytes]","args":[{"selector":{"controlType":"sap.m.SearchField","properties":{"placeholder":"Search"},"searchOpenDialogs":true,"interaction":{"idSuffix":"I"}},"wdio_ui5_key":"sapm.SearchField{\"placeholder\":\"Search\"}"}]}
RESULT: undefined
COMMAND: POST /session/e75b3d5d2d0828505fb80b5e18bd174b/execute/async - {"script":"<script> [776 bytes]","args":[{"enterText":"bauh_b","selector":{"controlType":"sap.m.SearchField","properties":{"placeholder":"Search"},"searchOpenDialogs":true,"interaction":{"idSuffix":"I"}},"clearTextFirst":true,"interactionType":"ENTER_TEXT"}]}
RESULT: {"script":"<script> [776 bytes]","args":[{"enterText":"bauh_b","selector":{"controlType":"sap.m.SearchField","properties":{"placeholder":"Search"},"searchOpenDialogs":true,"interaction":{"idSuffix":"I"}},"clearTextFirst":true,"interactionType":"ENTER_TEXT"}]}
COMMAND: POST /session/e75b3d5d2d0828505fb80b5e18bd174b/actions - {"actions":[{"id":"action20","type":"key","parameters":{},"actions":[{"type":"keyDown","value":"î€‡"},{"type":"pause","duration":10},{"type":"keyUp","value":"î€‡"}]}]}
RESULT: {"actions":[{"id":"action20","type":"key","parameters":{},"actions":[{"type":"keyDown","value":"î€‡"},{"type":"pause","duration":10},{"type":"keyUp","value":"î€‡"}]}]}
COMMAND: GET /session/e75b3d5d2d0828505fb80b5e18bd174b/screenshot - {}
RESULT: {}
COMMAND: POST /session/e75b3d5d2d0828505fb80b5e18bd174b/element - {"using":"xpath","value":"//span[contains(text(), \"Demo Yard\")]"}
RESULT: {"using":"xpath","value":"//span[contains(text(), \"Demo Yard\")]"}
COMMAND: POST /session/e75b3d5d2d0828505fb80b5e18bd174b/element/f.3CC06888A91A2B87598FBDB561306D63.d.8A4417E0E36B2D57E3FD9135C6C36D12.e.7031/click - {}
RESULT: {}
COMMAND: GET /session/e75b3d5d2d0828505fb80b5e18bd174b/screenshot - {}
RESULT: {}
COMMAND: POST /session/e75b3d5d2d0828505fb80b5e18bd174b/element - {"using":"xpath","value":"//bdi[contains(text(), \"OK\")]"}
RESULT: {"using":"xpath","value":"//bdi[contains(text(), \"OK\")]"}
COMMAND: POST /session/e75b3d5d2d0828505fb80b5e18bd174b/element/f.3CC06888A91A2B87598FBDB561306D63.d.8A4417E0E36B2D57E3FD9135C6C36D12.e.7032/click - {}
RESULT: {}
COMMAND: GET /session/e75b3d5d2d0828505fb80b5e18bd174b/screenshot - {}
RESULT: {}
COMMAND: POST /session/e75b3d5d2d0828505fb80b5e18bd174b/execute/async - {"script":"<script> [1562 bytes]","args":[{"selector":{"id":"application-manageyards-display-component---NewYard--addressEditDetailsCurrency-arrow"},"wdio_ui5_key":"applicationmanageyards-display-component---NewYard--addressEditDetailsCurrency-arrow"}]}
RESULT: {"script":"<script> [1562 bytes]","args":[{"selector":{"id":"application-manageyards-display-component---NewYard--addressEditDetailsCurrency-arrow"},"wdio_ui5_key":"applicationmanageyards-display-component---NewYard--addressEditDetailsCurrency-arrow"}]}
RESULT: undefined
COMMAND: POST /session/e75b3d5d2d0828505fb80b5e18bd174b/element - {"using":"xpath","value":"//*[@id=\"application-manageyards-display-component---NewYard--addressEditDetailsCurrency-arrow\"]"}
RESULT: {"using":"xpath","value":"//*[@id=\"application-manageyards-display-component---NewYard--addressEditDetailsCurrency-arrow\"]"}
COMMAND: POST /session/e75b3d5d2d0828505fb80b5e18bd174b/element/f.3CC06888A91A2B87598FBDB561306D63.d.8A4417E0E36B2D57E3FD9135C6C36D12.e.7035/click - {}
RESULT: {}
COMMAND: POST /session/e75b3d5d2d0828505fb80b5e18bd174b/element - {"using":"xpath","value":"//span[contains(text(), \"Euro\")]"}
COMMAND: GET /session/e75b3d5d2d0828505fb80b5e18bd174b/screenshot - {}
RESULT: {"using":"xpath","value":"//span[contains(text(), \"Euro\")]"}
COMMAND: POST /session/e75b3d5d2d0828505fb80b5e18bd174b/element/f.3CC06888A91A2B87598FBDB561306D63.d.8A4417E0E36B2D57E3FD9135C6C36D12.e.7036/click - {}
RESULT: {}
RESULT: {}
COMMAND: POST /session/e75b3d5d2d0828505fb80b5e18bd174b/execute/async - {"script":"<script> [1562 bytes]","args":[{"selector":{"controlType":"sap.m.Input","viewName":"etm.portal.ui.manageyards.view.New","viewId":"application-manageyards-display-component---NewYard","bindingPath":{"path":"","propertyPath":"/CONTROLLING_AREA","modelName":"NewYardModel"},"interaction":{"idSuffix":"inner"}},"wdio_ui5_key":"etmportal.ui.manageyards.view.Newsap.m.Input{\"path\":\"\",\"propertyPath\":\"/CONTROLLING_AREA\",\"modelName\":\"NewYardModel\"}"}]}
COMMAND: GET /session/e75b3d5d2d0828505fb80b5e18bd174b/screenshot - {}
RESULT: {"script":"<script> [1562 bytes]","args":[{"selector":{"controlType":"sap.m.Input","viewName":"etm.portal.ui.manageyards.view.New","viewId":"application-manageyards-display-component---NewYard","bindingPath":{"path":"","propertyPath":"/CONTROLLING_AREA","modelName":"NewYardModel"},"interaction":{"idSuffix":"inner"}},"wdio_ui5_key":"etmportal.ui.manageyards.view.Newsap.m.Input{\"path\":\"\",\"propertyPath\":\"/CONTROLLING_AREA\",\"modelName\":\"NewYardModel\"}"}]}
RESULT: undefined
COMMAND: POST /session/e75b3d5d2d0828505fb80b5e18bd174b/execute/async - {"script":"<script> [776 bytes]","args":[{"enterText":"Z001","selector":{"controlType":"sap.m.Input","viewName":"etm.portal.ui.manageyards.view.New","viewId":"application-manageyards-display-component---NewYard","bindingPath":{"path":"","propertyPath":"/CONTROLLING_AREA","modelName":"NewYardModel"},"interaction":{"idSuffix":"inner"}},"clearTextFirst":true,"interactionType":"ENTER_TEXT"}]}
RESULT: {}
RESULT: {"script":"<script> [776 bytes]","args":[{"enterText":"Z001","selector":{"controlType":"sap.m.Input","viewName":"etm.portal.ui.manageyards.view.New","viewId":"application-manageyards-display-component---NewYard","bindingPath":{"path":"","propertyPath":"/CONTROLLING_AREA","modelName":"NewYardModel"},"interaction":{"idSuffix":"inner"}},"clearTextFirst":true,"interactionType":"ENTER_TEXT"}]}
COMMAND: POST /session/e75b3d5d2d0828505fb80b5e18bd174b/execute/async - {"script":"<script> [1562 bytes]","args":[{"selector":{"id":"application-manageyards-display-component---NewYard--companyCodeComboBox","interaction":{"idSuffix":"inner"}},"wdio_ui5_key":"applicationmanageyards-display-component---NewYard--companyCodeComboBox"}]}
RESULT: {"script":"<script> [1562 bytes]","args":[{"selector":{"id":"application-manageyards-display-component---NewYard--companyCodeComboBox","interaction":{"idSuffix":"inner"}},"wdio_ui5_key":"applicationmanageyards-display-component---NewYard--companyCodeComboBox"}]}
RESULT: undefined
COMMAND: POST /session/e75b3d5d2d0828505fb80b5e18bd174b/execute/async - {"script":"<script> [776 bytes]","args":[{"enterText":"1000","selector":{"id":"application-manageyards-display-component---NewYard--companyCodeComboBox","interaction":{"idSuffix":"inner"}},"clearTextFirst":true,"interactionType":"ENTER_TEXT"}]}
RESULT: {"script":"<script> [776 bytes]","args":[{"enterText":"1000","selector":{"id":"application-manageyards-display-component---NewYard--companyCodeComboBox","interaction":{"idSuffix":"inner"}},"clearTextFirst":true,"interactionType":"ENTER_TEXT"}]}
COMMAND: POST /session/e75b3d5d2d0828505fb80b5e18bd174b/execute/async - {"script":"<script> [1562 bytes]","args":[{"selector":{"controlType":"sap.m.Input","viewName":"etm.portal.ui.manageyards.view.New","viewId":"application-manageyards-display-component---NewYard","bindingPath":{"path":"","propertyPath":"/PLANT","modelName":"NewYardModel"},"interaction":{"idSuffix":"inner"}},"wdio_ui5_key":"etmportal.ui.manageyards.view.Newsap.m.Input{\"path\":\"\",\"propertyPath\":\"/PLANT\",\"modelName\":\"NewYardModel\"}"}]}
RESULT: {"script":"<script> [1562 bytes]","args":[{"selector":{"controlType":"sap.m.Input","viewName":"etm.portal.ui.manageyards.view.New","viewId":"application-manageyards-display-component---NewYard","bindingPath":{"path":"","propertyPath":"/PLANT","modelName":"NewYardModel"},"interaction":{"idSuffix":"inner"}},"wdio_ui5_key":"etmportal.ui.manageyards.view.Newsap.m.Input{\"path\":\"\",\"propertyPath\":\"/PLANT\",\"modelName\":\"NewYardModel\"}"}]}
RESULT: undefined
COMMAND: POST /session/e75b3d5d2d0828505fb80b5e18bd174b/execute/async - {"script":"<script> [776 bytes]","args":[{"enterText":"1001","selector":{"controlType":"sap.m.Input","viewName":"etm.portal.ui.manageyards.view.New","viewId":"application-manageyards-display-component---NewYard","bindingPath":{"path":"","propertyPath":"/PLANT","modelName":"NewYardModel"},"interaction":{"idSuffix":"inner"}},"clearTextFirst":true,"interactionType":"ENTER_TEXT"}]}
RESULT: {"script":"<script> [776 bytes]","args":[{"enterText":"1001","selector":{"controlType":"sap.m.Input","viewName":"etm.portal.ui.manageyards.view.New","viewId":"application-manageyards-display-component---NewYard","bindingPath":{"path":"","propertyPath":"/PLANT","modelName":"NewYardModel"},"interaction":{"idSuffix":"inner"}},"clearTextFirst":true,"interactionType":"ENTER_TEXT"}]}
COMMAND: POST /session/e75b3d5d2d0828505fb80b5e18bd174b/execute/async - {"script":"<script> [1562 bytes]","args":[{"selector":{"controlType":"sap.m.Input","viewName":"etm.portal.ui.manageyards.view.New","viewId":"application-manageyards-display-component---NewYard","bindingPath":{"path":"","propertyPath":"/SALES_AREA_VKORG","modelName":"NewYardModel"},"interaction":{"idSuffix":"inner"}},"wdio_ui5_key":"etmportal.ui.manageyards.view.Newsap.m.Input{\"path\":\"\",\"propertyPath\":\"/SALES_AREA_VKORG\",\"modelName\":\"NewYardModel\"}"}]}
RESULT: {"script":"<script> [1562 bytes]","args":[{"selector":{"controlType":"sap.m.Input","viewName":"etm.portal.ui.manageyards.view.New","viewId":"application-manageyards-display-component---NewYard","bindingPath":{"path":"","propertyPath":"/SALES_AREA_VKORG","modelName":"NewYardModel"},"interaction":{"idSuffix":"inner"}},"wdio_ui5_key":"etmportal.ui.manageyards.view.Newsap.m.Input{\"path\":\"\",\"propertyPath\":\"/SALES_AREA_VKORG\",\"modelName\":\"NewYardModel\"}"}]}
RESULT: undefined
COMMAND: POST /session/e75b3d5d2d0828505fb80b5e18bd174b/execute/async - {"script":"<script> [776 bytes]","args":[{"enterText":"C002","selector":{"controlType":"sap.m.Input","viewName":"etm.portal.ui.manageyards.view.New","viewId":"application-manageyards-display-component---NewYard","bindingPath":{"path":"","propertyPath":"/SALES_AREA_VKORG","modelName":"NewYardModel"},"interaction":{"idSuffix":"inner"}},"clearTextFirst":true,"interactionType":"ENTER_TEXT"}]}
RESULT: {"script":"<script> [776 bytes]","args":[{"enterText":"C002","selector":{"controlType":"sap.m.Input","viewName":"etm.portal.ui.manageyards.view.New","viewId":"application-manageyards-display-component---NewYard","bindingPath":{"path":"","propertyPath":"/SALES_AREA_VKORG","modelName":"NewYardModel"},"interaction":{"idSuffix":"inner"}},"clearTextFirst":true,"interactionType":"ENTER_TEXT"}]}
COMMAND: POST /session/e75b3d5d2d0828505fb80b5e18bd174b/execute/async - {"script":"<script> [1562 bytes]","args":[{"selector":{"controlType":"sap.m.Input","viewName":"etm.portal.ui.manageyards.view.New","viewId":"application-manageyards-display-component---NewYard","bindingPath":{"path":"","propertyPath":"/SALES_AREA_VTWEG","modelName":"NewYardModel"},"interaction":{"idSuffix":"inner"}},"wdio_ui5_key":"etmportal.ui.manageyards.view.Newsap.m.Input{\"path\":\"\",\"propertyPath\":\"/SALES_AREA_VTWEG\",\"modelName\":\"NewYardModel\"}"}]}
RESULT: {"script":"<script> [1562 bytes]","args":[{"selector":{"controlType":"sap.m.Input","viewName":"etm.portal.ui.manageyards.view.New","viewId":"application-manageyards-display-component---NewYard","bindingPath":{"path":"","propertyPath":"/SALES_AREA_VTWEG","modelName":"NewYardModel"},"interaction":{"idSuffix":"inner"}},"wdio_ui5_key":"etmportal.ui.manageyards.view.Newsap.m.Input{\"path\":\"\",\"propertyPath\":\"/SALES_AREA_VTWEG\",\"modelName\":\"NewYardModel\"}"}]}
RESULT: undefined
COMMAND: POST /session/e75b3d5d2d0828505fb80b5e18bd174b/execute/async - {"script":"<script> [776 bytes]","args":[{"enterText":"C2","selector":{"controlType":"sap.m.Input","viewName":"etm.portal.ui.manageyards.view.New","viewId":"application-manageyards-display-component---NewYard","bindingPath":{"path":"","propertyPath":"/SALES_AREA_VTWEG","modelName":"NewYardModel"},"interaction":{"idSuffix":"inner"}},"clearTextFirst":true,"interactionType":"ENTER_TEXT"}]}
RESULT: {"script":"<script> [776 bytes]","args":[{"enterText":"C2","selector":{"controlType":"sap.m.Input","viewName":"etm.portal.ui.manageyards.view.New","viewId":"application-manageyards-display-component---NewYard","bindingPath":{"path":"","propertyPath":"/SALES_AREA_VTWEG","modelName":"NewYardModel"},"interaction":{"idSuffix":"inner"}},"clearTextFirst":true,"interactionType":"ENTER_TEXT"}]}
COMMAND: POST /session/e75b3d5d2d0828505fb80b5e18bd174b/execute/async - {"script":"<script> [1562 bytes]","args":[{"selector":{"controlType":"sap.m.Input","viewName":"etm.portal.ui.manageyards.view.New","viewId":"application-manageyards-display-component---NewYard","bindingPath":{"path":"","propertyPath":"/SALES_AREA_SPART","modelName":"NewYardModel"},"interaction":{"idSuffix":"inner"}},"wdio_ui5_key":"etmportal.ui.manageyards.view.Newsap.m.Input{\"path\":\"\",\"propertyPath\":\"/SALES_AREA_SPART\",\"modelName\":\"NewYardModel\"}"}]}
RESULT: {"script":"<script> [1562 bytes]","args":[{"selector":{"controlType":"sap.m.Input","viewName":"etm.portal.ui.manageyards.view.New","viewId":"application-manageyards-display-component---NewYard","bindingPath":{"path":"","propertyPath":"/SALES_AREA_SPART","modelName":"NewYardModel"},"interaction":{"idSuffix":"inner"}},"wdio_ui5_key":"etmportal.ui.manageyards.view.Newsap.m.Input{\"path\":\"\",\"propertyPath\":\"/SALES_AREA_SPART\",\"modelName\":\"NewYardModel\"}"}]}
RESULT: undefined
COMMAND: POST /session/e75b3d5d2d0828505fb80b5e18bd174b/execute/async - {"script":"<script> [776 bytes]","args":[{"enterText":"C2","selector":{"controlType":"sap.m.Input","viewName":"etm.portal.ui.manageyards.view.New","viewId":"application-manageyards-display-component---NewYard","bindingPath":{"path":"","propertyPath":"/SALES_AREA_SPART","modelName":"NewYardModel"},"interaction":{"idSuffix":"inner"}},"clearTextFirst":true,"interactionType":"ENTER_TEXT"}]}
RESULT: {"script":"<script> [776 bytes]","args":[{"enterText":"C2","selector":{"controlType":"sap.m.Input","viewName":"etm.portal.ui.manageyards.view.New","viewId":"application-manageyards-display-component---NewYard","bindingPath":{"path":"","propertyPath":"/SALES_AREA_SPART","modelName":"NewYardModel"},"interaction":{"idSuffix":"inner"}},"clearTextFirst":true,"interactionType":"ENTER_TEXT"}]}
COMMAND: POST /session/e75b3d5d2d0828505fb80b5e18bd174b/execute/async - {"script":"<script> [1562 bytes]","args":[{"selector":{"controlType":"sap.m.Input","viewName":"etm.portal.ui.manageyards.view.New","viewId":"application-manageyards-display-component---NewYard","bindingPath":{"path":"","propertyPath":"/SHIP_POINT","modelName":"NewYardModel"},"interaction":{"idSuffix":"inner"}},"wdio_ui5_key":"etmportal.ui.manageyards.view.Newsap.m.Input{\"path\":\"\",\"propertyPath\":\"/SHIP_POINT\",\"modelName\":\"NewYardModel\"}"}]}
RESULT: {"script":"<script> [1562 bytes]","args":[{"selector":{"controlType":"sap.m.Input","viewName":"etm.portal.ui.manageyards.view.New","viewId":"application-manageyards-display-component---NewYard","bindingPath":{"path":"","propertyPath":"/SHIP_POINT","modelName":"NewYardModel"},"interaction":{"idSuffix":"inner"}},"wdio_ui5_key":"etmportal.ui.manageyards.view.Newsap.m.Input{\"path\":\"\",\"propertyPath\":\"/SHIP_POINT\",\"modelName\":\"NewYardModel\"}"}]}
RESULT: undefined
COMMAND: POST /session/e75b3d5d2d0828505fb80b5e18bd174b/execute/async - {"script":"<script> [776 bytes]","args":[{"enterText":"1710","selector":{"controlType":"sap.m.Input","viewName":"etm.portal.ui.manageyards.view.New","viewId":"application-manageyards-display-component---NewYard","bindingPath":{"path":"","propertyPath":"/SHIP_POINT","modelName":"NewYardModel"},"interaction":{"idSuffix":"inner"}},"clearTextFirst":true,"interactionType":"ENTER_TEXT"}]}
RESULT: {"script":"<script> [776 bytes]","args":[{"enterText":"1710","selector":{"controlType":"sap.m.Input","viewName":"etm.portal.ui.manageyards.view.New","viewId":"application-manageyards-display-component---NewYard","bindingPath":{"path":"","propertyPath":"/SHIP_POINT","modelName":"NewYardModel"},"interaction":{"idSuffix":"inner"}},"clearTextFirst":true,"interactionType":"ENTER_TEXT"}]}
COMMAND: POST /session/e75b3d5d2d0828505fb80b5e18bd174b/execute/async - {"script":"<script> [1562 bytes]","args":[{"selector":{"controlType":"sap.m.Input","viewName":"etm.portal.ui.manageyards.view.New","viewId":"application-manageyards-display-component---NewYard","bindingPath":{"path":"","propertyPath":"/DELIVERY_TYPE","modelName":"NewYardModel"},"interaction":{"idSuffix":"inner"}},"wdio_ui5_key":"etmportal.ui.manageyards.view.Newsap.m.Input{\"path\":\"\",\"propertyPath\":\"/DELIVERY_TYPE\",\"modelName\":\"NewYardModel\"}"}]}
RESULT: {"script":"<script> [1562 bytes]","args":[{"selector":{"controlType":"sap.m.Input","viewName":"etm.portal.ui.manageyards.view.New","viewId":"application-manageyards-display-component---NewYard","bindingPath":{"path":"","propertyPath":"/DELIVERY_TYPE","modelName":"NewYardModel"},"interaction":{"idSuffix":"inner"}},"wdio_ui5_key":"etmportal.ui.manageyards.view.Newsap.m.Input{\"path\":\"\",\"propertyPath\":\"/DELIVERY_TYPE\",\"modelName\":\"NewYardModel\"}"}]}
RESULT: undefined
COMMAND: POST /session/e75b3d5d2d0828505fb80b5e18bd174b/execute/async - {"script":"<script> [776 bytes]","args":[{"enterText":"ZL01","selector":{"controlType":"sap.m.Input","viewName":"etm.portal.ui.manageyards.view.New","viewId":"application-manageyards-display-component---NewYard","bindingPath":{"path":"","propertyPath":"/DELIVERY_TYPE","modelName":"NewYardModel"},"interaction":{"idSuffix":"inner"}},"clearTextFirst":true,"interactionType":"ENTER_TEXT"}]}
RESULT: {"script":"<script> [776 bytes]","args":[{"enterText":"ZL01","selector":{"controlType":"sap.m.Input","viewName":"etm.portal.ui.manageyards.view.New","viewId":"application-manageyards-display-component---NewYard","bindingPath":{"path":"","propertyPath":"/DELIVERY_TYPE","modelName":"NewYardModel"},"interaction":{"idSuffix":"inner"}},"clearTextFirst":true,"interactionType":"ENTER_TEXT"}]}
COMMAND: POST /session/e75b3d5d2d0828505fb80b5e18bd174b/execute/async - {"script":"<script> [1562 bytes]","args":[{"selector":{"controlType":"sap.m.Input","viewName":"etm.portal.ui.manageyards.view.New","viewId":"application-manageyards-display-component---NewYard","bindingPath":{"path":"","propertyPath":"/AUART","modelName":"NewYardModel"},"interaction":{"idSuffix":"inner"}},"wdio_ui5_key":"etmportal.ui.manageyards.view.Newsap.m.Input{\"path\":\"\",\"propertyPath\":\"/AUART\",\"modelName\":\"NewYardModel\"}"}]}
RESULT: {"script":"<script> [1562 bytes]","args":[{"selector":{"controlType":"sap.m.Input","viewName":"etm.portal.ui.manageyards.view.New","viewId":"application-manageyards-display-component---NewYard","bindingPath":{"path":"","propertyPath":"/AUART","modelName":"NewYardModel"},"interaction":{"idSuffix":"inner"}},"wdio_ui5_key":"etmportal.ui.manageyards.view.Newsap.m.Input{\"path\":\"\",\"propertyPath\":\"/AUART\",\"modelName\":\"NewYardModel\"}"}]}
RESULT: undefined
COMMAND: POST /session/e75b3d5d2d0828505fb80b5e18bd174b/execute/async - {"script":"<script> [776 bytes]","args":[{"enterText":"TA","selector":{"controlType":"sap.m.Input","viewName":"etm.portal.ui.manageyards.view.New","viewId":"application-manageyards-display-component---NewYard","bindingPath":{"path":"","propertyPath":"/AUART","modelName":"NewYardModel"},"interaction":{"idSuffix":"inner"}},"clearTextFirst":true,"interactionType":"ENTER_TEXT"}]}
RESULT: {"script":"<script> [776 bytes]","args":[{"enterText":"TA","selector":{"controlType":"sap.m.Input","viewName":"etm.portal.ui.manageyards.view.New","viewId":"application-manageyards-display-component---NewYard","bindingPath":{"path":"","propertyPath":"/AUART","modelName":"NewYardModel"},"interaction":{"idSuffix":"inner"}},"clearTextFirst":true,"interactionType":"ENTER_TEXT"}]}
COMMAND: POST /session/e75b3d5d2d0828505fb80b5e18bd174b/element - {"using":"xpath","value":"//button[@data-kt=\"newYardSaveButton\"]"}
RESULT: {"using":"xpath","value":"//button[@data-kt=\"newYardSaveButton\"]"}
COMMAND: POST /session/e75b3d5d2d0828505fb80b5e18bd174b/element/f.3CC06888A91A2B87598FBDB561306D63.d.8A4417E0E36B2D57E3FD9135C6C36D12.e.6929/click - {}
RESULT: {}
COMMAND: GET /session/e75b3d5d2d0828505fb80b5e18bd174b/screenshot - {}
RESULT: {}
COMMAND: POST /session/e75b3d5d2d0828505fb80b5e18bd174b/element - {"using":"xpath","value":"//header[contains(@id, 'ObjectPageLayout-headerTitle')]/div[1]/div[2]/div[1]/span[1]"}
RESULT: {"using":"xpath","value":"//header[contains(@id, 'ObjectPageLayout-headerTitle')]/div[1]/div[2]/div[1]/span[1]"}
COMMAND: POST /session/e75b3d5d2d0828505fb80b5e18bd174b/elements - {"using":"xpath","value":"//header[contains(@id, 'ObjectPageLayout-headerTitle')]/div[1]/div[2]/div[1]/span[1]"}
RESULT: {"using":"xpath","value":"//header[contains(@id, 'ObjectPageLayout-headerTitle')]/div[1]/div[2]/div[1]/span[1]"}
COMMAND: POST /session/e75b3d5d2d0828505fb80b5e18bd174b/execute/sync - {"script":"<script> [56 bytes]","args":[{"element-6066-11e4-a52e-4f735466cecf":"f.3CC06888A91A2B87598FBDB561306D63.d.8A4417E0E36B2D57E3FD9135C6C36D12.e.7265","ELEMENT":"f.3CC06888A91A2B87598FBDB561306D63.d.8A4417E0E36B2D57E3FD9135C6C36D12.e.7265"}]}
RESULT: {"script":"<script> [56 bytes]","args":[{"element-6066-11e4-a52e-4f735466cecf":"f.3CC06888A91A2B87598FBDB561306D63.d.8A4417E0E36B2D57E3FD9135C6C36D12.e.7265","ELEMENT":"f.3CC06888A91A2B87598FBDB561306D63.d.8A4417E0E36B2D57E3FD9135C6C36D12.e.7265"}]}
COMMAND: GET /session/e75b3d5d2d0828505fb80b5e18bd174b/screenshot - {}
RESULT: {}
COMMAND: POST /session/e75b3d5d2d0828505fb80b5e18bd174b/element - {"using":"css selector","value":"#shell-header-logo"}
RESULT: {"using":"css selector","value":"#shell-header-logo"}
COMMAND: POST /session/e75b3d5d2d0828505fb80b5e18bd174b/element/f.3CC06888A91A2B87598FBDB561306D63.d.8A4417E0E36B2D57E3FD9135C6C36D12.e.6503/click - {}
RESULT: {}
COMMAND: GET /session/e75b3d5d2d0828505fb80b5e18bd174b/screenshot - {}
RESULT: {}
COMMAND: POST /session/e75b3d5d2d0828505fb80b5e18bd174b/execute/sync - {"script":"<script> [299 bytes]","args":[["getModel","getResource"]]}
RESULT: {"script":"<script> [299 bytes]","args":[["getModel","getResource"]]}
]]></system-out>
    </testcase>
    <testcase classname="chrome.136_0_7103_93.windows.Create_master_data_for_mixed_billing_&amp;_do_billing_calculation_US151661" name="Should create a new partner" time="133.432">
      <system-out><![CDATA[
COMMAND: POST /session/e75b3d5d2d0828505fb80b5e18bd174b/window/fullscreen - {}
COMMAND: GET /session/e75b3d5d2d0828505fb80b5e18bd174b/screenshot - {}
RESULT: {}
COMMAND: POST /session/e75b3d5d2d0828505fb80b5e18bd174b/execute/async - {"script":"<script> [1562 bytes]","args":[{"selector":{"controlType":"sap.m.GenericTile","properties":{"header":"Manage Partners"}},"wdio_ui5_key":"sapm.GenericTile{\"header\":\"Manage Partners\"}"}]}
RESULT: {}
RESULT: {"script":"<script> [1562 bytes]","args":[{"selector":{"controlType":"sap.m.GenericTile","properties":{"header":"Manage Partners"}},"wdio_ui5_key":"sapm.GenericTile{\"header\":\"Manage Partners\"}"}]}
RESULT: undefined
COMMAND: POST /session/e75b3d5d2d0828505fb80b5e18bd174b/element - {"using":"xpath","value":"//*[@id=\"__tile38\"]"}
RESULT: {"using":"xpath","value":"//*[@id=\"__tile38\"]"}
COMMAND: POST /session/e75b3d5d2d0828505fb80b5e18bd174b/element/f.3CC06888A91A2B87598FBDB561306D63.d.8A4417E0E36B2D57E3FD9135C6C36D12.e.6387/click - {}
RESULT: {}
COMMAND: GET /session/e75b3d5d2d0828505fb80b5e18bd174b/screenshot - {}
RESULT: {}
COMMAND: POST /session/e75b3d5d2d0828505fb80b5e18bd174b/elements - {"using":"xpath","value":"//span[text()='Error']"}
RESULT: {"using":"xpath","value":"//span[text()='Error']"}
COMMAND: POST /session/e75b3d5d2d0828505fb80b5e18bd174b/element - {"using":"xpath","value":"//button[@data-kt=\"addButton\"]"}
RESULT: {"using":"xpath","value":"//button[@data-kt=\"addButton\"]"}
COMMAND: POST /session/e75b3d5d2d0828505fb80b5e18bd174b/elements - {"using":"xpath","value":"//button[@data-kt=\"addButton\"]"}
RESULT: {"using":"xpath","value":"//button[@data-kt=\"addButton\"]"}
COMMAND: POST /session/e75b3d5d2d0828505fb80b5e18bd174b/execute/sync - {"script":"<script> [8489 bytes]","args":[{"element-6066-11e4-a52e-4f735466cecf":"f.3CC06888A91A2B87598FBDB561306D63.d.8A4417E0E36B2D57E3FD9135C6C36D12.e.7313","ELEMENT":"f.3CC06888A91A2B87598FBDB561306D63.d.8A4417E0E36B2D57E3FD9135C6C36D12.e.7313"}]}
RESULT: {"script":"<script> [8489 bytes]","args":[{"element-6066-11e4-a52e-4f735466cecf":"f.3CC06888A91A2B87598FBDB561306D63.d.8A4417E0E36B2D57E3FD9135C6C36D12.e.7313","ELEMENT":"f.3CC06888A91A2B87598FBDB561306D63.d.8A4417E0E36B2D57E3FD9135C6C36D12.e.7313"}]}
COMMAND: GET /session/e75b3d5d2d0828505fb80b5e18bd174b/element/f.3CC06888A91A2B87598FBDB561306D63.d.8A4417E0E36B2D57E3FD9135C6C36D12.e.7313/enabled - {}
COMMAND: GET /session/e75b3d5d2d0828505fb80b5e18bd174b/screenshot - {}
RESULT: {}
COMMAND: POST /session/e75b3d5d2d0828505fb80b5e18bd174b/execute/sync - {"script":"<script> [8489 bytes]","args":[{"element-6066-11e4-a52e-4f735466cecf":"f.3CC06888A91A2B87598FBDB561306D63.d.8A4417E0E36B2D57E3FD9135C6C36D12.e.7313","ELEMENT":"f.3CC06888A91A2B87598FBDB561306D63.d.8A4417E0E36B2D57E3FD9135C6C36D12.e.7313"}]}
COMMAND: GET /session/e75b3d5d2d0828505fb80b5e18bd174b/screenshot - {}
RESULT: {}
RESULT: {"script":"<script> [8489 bytes]","args":[{"element-6066-11e4-a52e-4f735466cecf":"f.3CC06888A91A2B87598FBDB561306D63.d.8A4417E0E36B2D57E3FD9135C6C36D12.e.7313","ELEMENT":"f.3CC06888A91A2B87598FBDB561306D63.d.8A4417E0E36B2D57E3FD9135C6C36D12.e.7313"}]}
COMMAND: POST /session/e75b3d5d2d0828505fb80b5e18bd174b/execute/sync - {"script":"<script> [5351 bytes]","args":[{"element-6066-11e4-a52e-4f735466cecf":"f.3CC06888A91A2B87598FBDB561306D63.d.8A4417E0E36B2D57E3FD9135C6C36D12.e.7313","ELEMENT":"f.3CC06888A91A2B87598FBDB561306D63.d.8A4417E0E36B2D57E3FD9135C6C36D12.e.7313"}]}
COMMAND: GET /session/e75b3d5d2d0828505fb80b5e18bd174b/screenshot - {}
RESULT: {}
RESULT: {"script":"<script> [5351 bytes]","args":[{"element-6066-11e4-a52e-4f735466cecf":"f.3CC06888A91A2B87598FBDB561306D63.d.8A4417E0E36B2D57E3FD9135C6C36D12.e.7313","ELEMENT":"f.3CC06888A91A2B87598FBDB561306D63.d.8A4417E0E36B2D57E3FD9135C6C36D12.e.7313"}]}
COMMAND: POST /session/e75b3d5d2d0828505fb80b5e18bd174b/element/f.3CC06888A91A2B87598FBDB561306D63.d.8A4417E0E36B2D57E3FD9135C6C36D12.e.7313/click - {}
COMMAND: GET /session/e75b3d5d2d0828505fb80b5e18bd174b/screenshot - {}
RESULT: {}
RESULT: {}
COMMAND: GET /session/e75b3d5d2d0828505fb80b5e18bd174b/screenshot - {}
COMMAND: POST /session/e75b3d5d2d0828505fb80b5e18bd174b/execute/async - {"script":"<script> [1562 bytes]","args":[{"selector":{"id":"application-managepartners-display-component---NewPartner--addressDetailDetailsName1","interaction":{"idSuffix":"inner"}},"wdio_ui5_key":"applicationmanagepartners-display-component---NewPartner--addressDetailDetailsName1"}]}
RESULT: {}
RESULT: {}
RESULT: {"script":"<script> [1562 bytes]","args":[{"selector":{"id":"application-managepartners-display-component---NewPartner--addressDetailDetailsName1","interaction":{"idSuffix":"inner"}},"wdio_ui5_key":"applicationmanagepartners-display-component---NewPartner--addressDetailDetailsName1"}]}
RESULT: undefined
COMMAND: POST /session/e75b3d5d2d0828505fb80b5e18bd174b/execute/async - {"script":"<script> [776 bytes]","args":[{"enterText":"Intercompany Partner WDIO","selector":{"id":"application-managepartners-display-component---NewPartner--addressDetailDetailsName1","interaction":{"idSuffix":"inner"}},"clearTextFirst":true,"interactionType":"ENTER_TEXT"}]}
RESULT: {"script":"<script> [776 bytes]","args":[{"enterText":"Intercompany Partner WDIO","selector":{"id":"application-managepartners-display-component---NewPartner--addressDetailDetailsName1","interaction":{"idSuffix":"inner"}},"clearTextFirst":true,"interactionType":"ENTER_TEXT"}]}
COMMAND: POST /session/e75b3d5d2d0828505fb80b5e18bd174b/execute/async - {"script":"<script> [1562 bytes]","args":[{"selector":{"id":"application-managepartners-display-component---NewPartner--addressDetailDetailsLanguage-arrow"},"wdio_ui5_key":"applicationmanagepartners-display-component---NewPartner--addressDetailDetailsLanguage-arrow"}]}
RESULT: {"script":"<script> [1562 bytes]","args":[{"selector":{"id":"application-managepartners-display-component---NewPartner--addressDetailDetailsLanguage-arrow"},"wdio_ui5_key":"applicationmanagepartners-display-component---NewPartner--addressDetailDetailsLanguage-arrow"}]}
RESULT: undefined
COMMAND: POST /session/e75b3d5d2d0828505fb80b5e18bd174b/element - {"using":"xpath","value":"//*[@id=\"application-managepartners-display-component---NewPartner--addressDetailDetailsLanguage-arrow\"]"}
RESULT: {"using":"xpath","value":"//*[@id=\"application-managepartners-display-component---NewPartner--addressDetailDetailsLanguage-arrow\"]"}
COMMAND: POST /session/e75b3d5d2d0828505fb80b5e18bd174b/element/f.3CC06888A91A2B87598FBDB561306D63.d.8A4417E0E36B2D57E3FD9135C6C36D12.e.7754/click - {}
RESULT: {}
COMMAND: POST /session/e75b3d5d2d0828505fb80b5e18bd174b/element - {"using":"xpath","value":"//span[contains(text(), \"English\")]"}
COMMAND: GET /session/e75b3d5d2d0828505fb80b5e18bd174b/screenshot - {}
RESULT: {"using":"xpath","value":"//span[contains(text(), \"English\")]"}
COMMAND: POST /session/e75b3d5d2d0828505fb80b5e18bd174b/element/f.3CC06888A91A2B87598FBDB561306D63.d.8A4417E0E36B2D57E3FD9135C6C36D12.e.7755/click - {}
RESULT: {}
RESULT: {}
COMMAND: GET /session/e75b3d5d2d0828505fb80b5e18bd174b/screenshot - {}
RESULT: {}
COMMAND: POST /session/e75b3d5d2d0828505fb80b5e18bd174b/execute/async - {"script":"<script> [1562 bytes]","args":[{"selector":{"id":"application-managepartners-display-component---NewPartner--addressDetailDetailsCity1","interaction":{"idSuffix":"inner"}},"wdio_ui5_key":"applicationmanagepartners-display-component---NewPartner--addressDetailDetailsCity1"}]}
RESULT: {"script":"<script> [1562 bytes]","args":[{"selector":{"id":"application-managepartners-display-component---NewPartner--addressDetailDetailsCity1","interaction":{"idSuffix":"inner"}},"wdio_ui5_key":"applicationmanagepartners-display-component---NewPartner--addressDetailDetailsCity1"}]}
RESULT: undefined
COMMAND: POST /session/e75b3d5d2d0828505fb80b5e18bd174b/execute/async - {"script":"<script> [776 bytes]","args":[{"enterText":"Rosario","selector":{"id":"application-managepartners-display-component---NewPartner--addressDetailDetailsCity1","interaction":{"idSuffix":"inner"}},"clearTextFirst":true,"interactionType":"ENTER_TEXT"}]}
RESULT: {"script":"<script> [776 bytes]","args":[{"enterText":"Rosario","selector":{"id":"application-managepartners-display-component---NewPartner--addressDetailDetailsCity1","interaction":{"idSuffix":"inner"}},"clearTextFirst":true,"interactionType":"ENTER_TEXT"}]}
COMMAND: POST /session/e75b3d5d2d0828505fb80b5e18bd174b/execute/async - {"script":"<script> [1562 bytes]","args":[{"selector":{"id":"application-managepartners-display-component---NewPartner--addressDetailDetailsCountry-arrow"},"wdio_ui5_key":"applicationmanagepartners-display-component---NewPartner--addressDetailDetailsCountry-arrow"}]}
RESULT: {"script":"<script> [1562 bytes]","args":[{"selector":{"id":"application-managepartners-display-component---NewPartner--addressDetailDetailsCountry-arrow"},"wdio_ui5_key":"applicationmanagepartners-display-component---NewPartner--addressDetailDetailsCountry-arrow"}]}
RESULT: undefined
COMMAND: POST /session/e75b3d5d2d0828505fb80b5e18bd174b/element - {"using":"xpath","value":"//*[@id=\"application-managepartners-display-component---NewPartner--addressDetailDetailsCountry-arrow\"]"}
RESULT: {"using":"xpath","value":"//*[@id=\"application-managepartners-display-component---NewPartner--addressDetailDetailsCountry-arrow\"]"}
COMMAND: POST /session/e75b3d5d2d0828505fb80b5e18bd174b/element/f.3CC06888A91A2B87598FBDB561306D63.d.8A4417E0E36B2D57E3FD9135C6C36D12.e.7741/click - {}
RESULT: {}
COMMAND: POST /session/e75b3d5d2d0828505fb80b5e18bd174b/element - {"using":"xpath","value":"//span[contains(text(), \"Argentina\")]"}
COMMAND: GET /session/e75b3d5d2d0828505fb80b5e18bd174b/screenshot - {}
RESULT: {"using":"xpath","value":"//span[contains(text(), \"Argentina\")]"}
COMMAND: POST /session/e75b3d5d2d0828505fb80b5e18bd174b/element/f.3CC06888A91A2B87598FBDB561306D63.d.8A4417E0E36B2D57E3FD9135C6C36D12.e.7757/click - {}
RESULT: {}
RESULT: {}
COMMAND: GET /session/e75b3d5d2d0828505fb80b5e18bd174b/screenshot - {}
RESULT: {}
COMMAND: POST /session/e75b3d5d2d0828505fb80b5e18bd174b/element - {"using":"xpath","value":"//bdi[contains(text(), \"Commercial\")]"}
RESULT: {"using":"xpath","value":"//bdi[contains(text(), \"Commercial\")]"}
COMMAND: POST /session/e75b3d5d2d0828505fb80b5e18bd174b/element/f.3CC06888A91A2B87598FBDB561306D63.d.8A4417E0E36B2D57E3FD9135C6C36D12.e.7758/click - {}
RESULT: {}
COMMAND: GET /session/e75b3d5d2d0828505fb80b5e18bd174b/screenshot - {}
RESULT: {}
COMMAND: POST /session/e75b3d5d2d0828505fb80b5e18bd174b/execute/async - {"script":"<script> [1562 bytes]","args":[{"selector":{"id":"application-managepartners-display-component---NewPartner--partnerDetailInternal-arrow"},"wdio_ui5_key":"applicationmanagepartners-display-component---NewPartner--partnerDetailInternal-arrow"}]}
RESULT: {"script":"<script> [1562 bytes]","args":[{"selector":{"id":"application-managepartners-display-component---NewPartner--partnerDetailInternal-arrow"},"wdio_ui5_key":"applicationmanagepartners-display-component---NewPartner--partnerDetailInternal-arrow"}]}
RESULT: undefined
COMMAND: POST /session/e75b3d5d2d0828505fb80b5e18bd174b/element - {"using":"xpath","value":"//*[@id=\"application-managepartners-display-component---NewPartner--partnerDetailInternal-arrow\"]"}
RESULT: {"using":"xpath","value":"//*[@id=\"application-managepartners-display-component---NewPartner--partnerDetailInternal-arrow\"]"}
COMMAND: POST /session/e75b3d5d2d0828505fb80b5e18bd174b/element/f.3CC06888A91A2B87598FBDB561306D63.d.8A4417E0E36B2D57E3FD9135C6C36D12.e.7764/click - {}
RESULT: {}
COMMAND: POST /session/e75b3d5d2d0828505fb80b5e18bd174b/element - {"using":"xpath","value":"//span[contains(text(), \"Affiliated company\")]"}
COMMAND: GET /session/e75b3d5d2d0828505fb80b5e18bd174b/screenshot - {}
RESULT: {"using":"xpath","value":"//span[contains(text(), \"Affiliated company\")]"}
COMMAND: POST /session/e75b3d5d2d0828505fb80b5e18bd174b/element/f.3CC06888A91A2B87598FBDB561306D63.d.8A4417E0E36B2D57E3FD9135C6C36D12.e.7765/click - {}
RESULT: {}
RESULT: {}
COMMAND: POST /session/e75b3d5d2d0828505fb80b5e18bd174b/execute/async - {"script":"<script> [1562 bytes]","args":[{"selector":{"id":"application-managepartners-display-component---NewPartner--partnerDetailsCurrency-arrow"},"wdio_ui5_key":"applicationmanagepartners-display-component---NewPartner--partnerDetailsCurrency-arrow"}]}
COMMAND: GET /session/e75b3d5d2d0828505fb80b5e18bd174b/screenshot - {}
RESULT: {"script":"<script> [1562 bytes]","args":[{"selector":{"id":"application-managepartners-display-component---NewPartner--partnerDetailsCurrency-arrow"},"wdio_ui5_key":"applicationmanagepartners-display-component---NewPartner--partnerDetailsCurrency-arrow"}]}
RESULT: undefined
COMMAND: POST /session/e75b3d5d2d0828505fb80b5e18bd174b/element - {"using":"xpath","value":"//*[@id=\"application-managepartners-display-component---NewPartner--partnerDetailsCurrency-arrow\"]"}
RESULT: {}
RESULT: {"using":"xpath","value":"//*[@id=\"application-managepartners-display-component---NewPartner--partnerDetailsCurrency-arrow\"]"}
COMMAND: POST /session/e75b3d5d2d0828505fb80b5e18bd174b/element/f.3CC06888A91A2B87598FBDB561306D63.d.8A4417E0E36B2D57E3FD9135C6C36D12.e.7772/click - {}
RESULT: {}
COMMAND: POST /session/e75b3d5d2d0828505fb80b5e18bd174b/element - {"using":"xpath","value":"//span[contains(text(), \"Euro\")]"}
COMMAND: GET /session/e75b3d5d2d0828505fb80b5e18bd174b/screenshot - {}
RESULT: {"using":"xpath","value":"//span[contains(text(), \"Euro\")]"}
COMMAND: POST /session/e75b3d5d2d0828505fb80b5e18bd174b/element/f.3CC06888A91A2B87598FBDB561306D63.d.8A4417E0E36B2D57E3FD9135C6C36D12.e.7773/click - {}
RESULT: {}
RESULT: {}
COMMAND: POST /session/e75b3d5d2d0828505fb80b5e18bd174b/execute/async - {"script":"<script> [1562 bytes]","args":[{"selector":{"id":"application-managepartners-display-component---NewPartner--addressEditDetailsCostObjectCstType-arrow"},"wdio_ui5_key":"applicationmanagepartners-display-component---NewPartner--addressEditDetailsCostObjectCstType-arrow"}]}
COMMAND: GET /session/e75b3d5d2d0828505fb80b5e18bd174b/screenshot - {}
RESULT: {"script":"<script> [1562 bytes]","args":[{"selector":{"id":"application-managepartners-display-component---NewPartner--addressEditDetailsCostObjectCstType-arrow"},"wdio_ui5_key":"applicationmanagepartners-display-component---NewPartner--addressEditDetailsCostObjectCstType-arrow"}]}
RESULT: undefined
COMMAND: POST /session/e75b3d5d2d0828505fb80b5e18bd174b/element - {"using":"xpath","value":"//*[@id=\"application-managepartners-display-component---NewPartner--addressEditDetailsCostObjectCstType-arrow\"]"}
RESULT: {}
RESULT: {"using":"xpath","value":"//*[@id=\"application-managepartners-display-component---NewPartner--addressEditDetailsCostObjectCstType-arrow\"]"}
COMMAND: POST /session/e75b3d5d2d0828505fb80b5e18bd174b/element/f.3CC06888A91A2B87598FBDB561306D63.d.8A4417E0E36B2D57E3FD9135C6C36D12.e.7774/click - {}
RESULT: {}
COMMAND: POST /session/e75b3d5d2d0828505fb80b5e18bd174b/element - {"using":"xpath","value":"//span[contains(text(), \"Cost Center\")]"}
COMMAND: GET /session/e75b3d5d2d0828505fb80b5e18bd174b/screenshot - {}
RESULT: {"using":"xpath","value":"//span[contains(text(), \"Cost Center\")]"}
COMMAND: POST /session/e75b3d5d2d0828505fb80b5e18bd174b/element/f.3CC06888A91A2B87598FBDB561306D63.d.8A4417E0E36B2D57E3FD9135C6C36D12.e.7775/click - {}
RESULT: {}
RESULT: {}
COMMAND: GET /session/e75b3d5d2d0828505fb80b5e18bd174b/screenshot - {}
RESULT: {}
COMMAND: POST /session/e75b3d5d2d0828505fb80b5e18bd174b/element - {"using":"xpath","value":"//span[@id=\"application-managepartners-display-component---NewPartner--addressNewCostObjectCstID-vhi\"]"}
RESULT: {"using":"xpath","value":"//span[@id=\"application-managepartners-display-component---NewPartner--addressNewCostObjectCstID-vhi\"]"}
COMMAND: POST /session/e75b3d5d2d0828505fb80b5e18bd174b/execute/sync - {"script":"<script> [8489 bytes]","args":[{"element-6066-11e4-a52e-4f735466cecf":"f.3CC06888A91A2B87598FBDB561306D63.d.8A4417E0E36B2D57E3FD9135C6C36D12.e.7779","ELEMENT":"f.3CC06888A91A2B87598FBDB561306D63.d.8A4417E0E36B2D57E3FD9135C6C36D12.e.7779"}]}
RESULT: {"script":"<script> [8489 bytes]","args":[{"element-6066-11e4-a52e-4f735466cecf":"f.3CC06888A91A2B87598FBDB561306D63.d.8A4417E0E36B2D57E3FD9135C6C36D12.e.7779","ELEMENT":"f.3CC06888A91A2B87598FBDB561306D63.d.8A4417E0E36B2D57E3FD9135C6C36D12.e.7779"}]}
COMMAND: POST /session/e75b3d5d2d0828505fb80b5e18bd174b/execute/async - {"script":"<script> [1562 bytes]","args":[{"selector":{"id":"application-managepartners-display-component---NewPartner--addressNewCostObjectCstID-vhi"},"wdio_ui5_key":"applicationmanagepartners-display-component---NewPartner--addressNewCostObjectCstID-vhi"}]}
COMMAND: GET /session/e75b3d5d2d0828505fb80b5e18bd174b/screenshot - {}
RESULT: {}
RESULT: {"script":"<script> [1562 bytes]","args":[{"selector":{"id":"application-managepartners-display-component---NewPartner--addressNewCostObjectCstID-vhi"},"wdio_ui5_key":"applicationmanagepartners-display-component---NewPartner--addressNewCostObjectCstID-vhi"}]}
RESULT: undefined
COMMAND: POST /session/e75b3d5d2d0828505fb80b5e18bd174b/element - {"using":"xpath","value":"//*[@id=\"application-managepartners-display-component---NewPartner--addressNewCostObjectCstID-vhi\"]"}
RESULT: {"using":"xpath","value":"//*[@id=\"application-managepartners-display-component---NewPartner--addressNewCostObjectCstID-vhi\"]"}
COMMAND: POST /session/e75b3d5d2d0828505fb80b5e18bd174b/element/f.3CC06888A91A2B87598FBDB561306D63.d.8A4417E0E36B2D57E3FD9135C6C36D12.e.7779/click - {}
RESULT: {}
COMMAND: GET /session/e75b3d5d2d0828505fb80b5e18bd174b/screenshot - {}
RESULT: {}
RESULT: undefined
COMMAND: POST /session/e75b3d5d2d0828505fb80b5e18bd174b/execute/async - {"script":"<script> [776 bytes]","args":[{"enterText":"10001013","selector":{"controlType":"sap.m.SearchField","properties":{"placeholder":"Search"},"searchOpenDialogs":true,"interaction":{"idSuffix":"I"}},"clearTextFirst":true,"interactionType":"ENTER_TEXT"}]}
RESULT: {"script":"<script> [776 bytes]","args":[{"enterText":"10001013","selector":{"controlType":"sap.m.SearchField","properties":{"placeholder":"Search"},"searchOpenDialogs":true,"interaction":{"idSuffix":"I"}},"clearTextFirst":true,"interactionType":"ENTER_TEXT"}]}
COMMAND: POST /session/e75b3d5d2d0828505fb80b5e18bd174b/actions - {"actions":[{"id":"action21","type":"key","parameters":{},"actions":[{"type":"keyDown","value":"î€‡"},{"type":"pause","duration":10},{"type":"keyUp","value":"î€‡"}]}]}
RESULT: {"actions":[{"id":"action21","type":"key","parameters":{},"actions":[{"type":"keyDown","value":"î€‡"},{"type":"pause","duration":10},{"type":"keyUp","value":"î€‡"}]}]}
COMMAND: GET /session/e75b3d5d2d0828505fb80b5e18bd174b/screenshot - {}
RESULT: {}
COMMAND: POST /session/e75b3d5d2d0828505fb80b5e18bd174b/element - {"using":"xpath","value":"//span[contains(text(), \"General Management\")]"}
RESULT: {"using":"xpath","value":"//span[contains(text(), \"General Management\")]"}
COMMAND: POST /session/e75b3d5d2d0828505fb80b5e18bd174b/element/f.3CC06888A91A2B87598FBDB561306D63.d.8A4417E0E36B2D57E3FD9135C6C36D12.e.7818/click - {}
RESULT: {}
COMMAND: GET /session/e75b3d5d2d0828505fb80b5e18bd174b/screenshot - {}
RESULT: {}
COMMAND: POST /session/e75b3d5d2d0828505fb80b5e18bd174b/element - {"using":"xpath","value":"//bdi[contains(text(), \"OK\")]"}
RESULT: {"using":"xpath","value":"//bdi[contains(text(), \"OK\")]"}
COMMAND: POST /session/e75b3d5d2d0828505fb80b5e18bd174b/element/f.3CC06888A91A2B87598FBDB561306D63.d.8A4417E0E36B2D57E3FD9135C6C36D12.e.7819/click - {}
RESULT: {}
COMMAND: GET /session/e75b3d5d2d0828505fb80b5e18bd174b/screenshot - {}
RESULT: {}
COMMAND: POST /session/e75b3d5d2d0828505fb80b5e18bd174b/element - {"using":"xpath","value":"//input[@id=\"application-managepartners-display-component---NewPartner--companyCodeComboBox-inner\"]"}
RESULT: {"using":"xpath","value":"//input[@id=\"application-managepartners-display-component---NewPartner--companyCodeComboBox-inner\"]"}
COMMAND: POST /session/e75b3d5d2d0828505fb80b5e18bd174b/element/f.3CC06888A91A2B87598FBDB561306D63.d.8A4417E0E36B2D57E3FD9135C6C36D12.e.7624/clear - {}
RESULT: {}
COMMAND: POST /session/e75b3d5d2d0828505fb80b5e18bd174b/element/f.3CC06888A91A2B87598FBDB561306D63.d.8A4417E0E36B2D57E3FD9135C6C36D12.e.7624/value - {"text":"C002"}
COMMAND: GET /session/e75b3d5d2d0828505fb80b5e18bd174b/screenshot - {}
RESULT: {"text":"C002"}
COMMAND: GET /session/e75b3d5d2d0828505fb80b5e18bd174b/screenshot - {}
RESULT: {}
RESULT: {}
COMMAND: POST /session/e75b3d5d2d0828505fb80b5e18bd174b/element - {"using":"xpath","value":"//li[.//span[text()= \"C002\"]]"}
RESULT: {"using":"xpath","value":"//li[.//span[text()= \"C002\"]]"}
COMMAND: POST /session/e75b3d5d2d0828505fb80b5e18bd174b/element/f.3CC06888A91A2B87598FBDB561306D63.d.8A4417E0E36B2D57E3FD9135C6C36D12.e.7825/click - {}
RESULT: {}
COMMAND: GET /session/e75b3d5d2d0828505fb80b5e18bd174b/screenshot - {}
RESULT: {}
COMMAND: POST /session/e75b3d5d2d0828505fb80b5e18bd174b/execute/async - {"script":"<script> [1562 bytes]","args":[{"selector":{"id":"application-managepartners-display-component---NewPartner--btnAddTableRow-img"},"wdio_ui5_key":"applicationmanagepartners-display-component---NewPartner--btnAddTableRow-img"}]}
RESULT: {"script":"<script> [1562 bytes]","args":[{"selector":{"id":"application-managepartners-display-component---NewPartner--btnAddTableRow-img"},"wdio_ui5_key":"applicationmanagepartners-display-component---NewPartner--btnAddTableRow-img"}]}
RESULT: undefined
COMMAND: POST /session/e75b3d5d2d0828505fb80b5e18bd174b/element - {"using":"xpath","value":"//*[@id=\"application-managepartners-display-component---NewPartner--btnAddTableRow-img\"]"}
RESULT: {"using":"xpath","value":"//*[@id=\"application-managepartners-display-component---NewPartner--btnAddTableRow-img\"]"}
COMMAND: POST /session/e75b3d5d2d0828505fb80b5e18bd174b/element/f.3CC06888A91A2B87598FBDB561306D63.d.8A4417E0E36B2D57E3FD9135C6C36D12.e.7826/click - {}
RESULT: {}
COMMAND: GET /session/e75b3d5d2d0828505fb80b5e18bd174b/screenshot - {}
RESULT: {}
COMMAND: POST /session/e75b3d5d2d0828505fb80b5e18bd174b/element - {"using":"xpath","value":"//input[@id=\"application-managepartners-display-component---NewPartner--assignmentYard-application-managepartners-display-component---NewPartner--assignmentsTable-0-inner\"]"}
RESULT: {"using":"xpath","value":"//input[@id=\"application-managepartners-display-component---NewPartner--assignmentYard-application-managepartners-display-component---NewPartner--assignmentsTable-0-inner\"]"}
COMMAND: POST /session/e75b3d5d2d0828505fb80b5e18bd174b/element/f.3CC06888A91A2B87598FBDB561306D63.d.8A4417E0E36B2D57E3FD9135C6C36D12.e.7829/clear - {}
RESULT: {}
COMMAND: POST /session/e75b3d5d2d0828505fb80b5e18bd174b/element/f.3CC06888A91A2B87598FBDB561306D63.d.8A4417E0E36B2D57E3FD9135C6C36D12.e.7829/value - {"text":"564"}
COMMAND: GET /session/e75b3d5d2d0828505fb80b5e18bd174b/screenshot - {}
RESULT: {"text":"564"}
COMMAND: GET /session/e75b3d5d2d0828505fb80b5e18bd174b/screenshot - {}
RESULT: {}
RESULT: {}
COMMAND: POST /session/e75b3d5d2d0828505fb80b5e18bd174b/element - {"using":"xpath","value":"//li[.//span[text()='564']]"}
RESULT: {"using":"xpath","value":"//li[.//span[text()='564']]"}
COMMAND: POST /session/e75b3d5d2d0828505fb80b5e18bd174b/element/f.3CC06888A91A2B87598FBDB561306D63.d.8A4417E0E36B2D57E3FD9135C6C36D12.e.7838/click - {}
RESULT: {}
COMMAND: GET /session/e75b3d5d2d0828505fb80b5e18bd174b/screenshot - {}
RESULT: {}
COMMAND: POST /session/e75b3d5d2d0828505fb80b5e18bd174b/actions - {"actions":[{"id":"action22","type":"key","parameters":{},"actions":[{"type":"keyDown","value":"î€‡"},{"type":"pause","duration":10},{"type":"keyUp","value":"î€‡"}]}]}
RESULT: {"actions":[{"id":"action22","type":"key","parameters":{},"actions":[{"type":"keyDown","value":"î€‡"},{"type":"pause","duration":10},{"type":"keyUp","value":"î€‡"}]}]}
COMMAND: POST /session/e75b3d5d2d0828505fb80b5e18bd174b/execute/async - {"script":"<script> [1562 bytes]","args":[{"selector":{"id":"application-managepartners-display-component---NewPartner--externalCustomerComboBox-application-managepartners-display-component---NewPartner--assignmentsTable-0-vhi"},"wdio_ui5_key":"applicationmanagepartners-display-component---NewPartner--externalCustomerComboBox-application-managepartners-display-component---NewPartner--assignmentsTable-0-vhi"}]}
COMMAND: GET /session/e75b3d5d2d0828505fb80b5e18bd174b/screenshot - {}
RESULT: {"script":"<script> [1562 bytes]","args":[{"selector":{"id":"application-managepartners-display-component---NewPartner--externalCustomerComboBox-application-managepartners-display-component---NewPartner--assignmentsTable-0-vhi"},"wdio_ui5_key":"applicationmanagepartners-display-component---NewPartner--externalCustomerComboBox-application-managepartners-display-component---NewPartner--assignmentsTable-0-vhi"}]}
RESULT: undefined
COMMAND: POST /session/e75b3d5d2d0828505fb80b5e18bd174b/element - {"using":"xpath","value":"//*[@id=\"application-managepartners-display-component---NewPartner--externalCustomerComboBox-application-managepartners-display-component---NewPartner--assignmentsTable-0-vhi\"]"}
RESULT: {}
RESULT: {"using":"xpath","value":"//*[@id=\"application-managepartners-display-component---NewPartner--externalCustomerComboBox-application-managepartners-display-component---NewPartner--assignmentsTable-0-vhi\"]"}
COMMAND: POST /session/e75b3d5d2d0828505fb80b5e18bd174b/element/f.3CC06888A91A2B87598FBDB561306D63.d.8A4417E0E36B2D57E3FD9135C6C36D12.e.7842/click - {}
RESULT: {}
RESULT: undefined
COMMAND: POST /session/e75b3d5d2d0828505fb80b5e18bd174b/execute/async - {"script":"<script> [776 bytes]","args":[{"enterText":"300003","selector":{"controlType":"sap.m.SearchField","properties":{"placeholder":"Search"},"searchOpenDialogs":true,"interaction":{"idSuffix":"I"}},"clearTextFirst":true,"interactionType":"ENTER_TEXT"}]}
COMMAND: GET /session/e75b3d5d2d0828505fb80b5e18bd174b/screenshot - {}
RESULT: {"script":"<script> [776 bytes]","args":[{"enterText":"300003","selector":{"controlType":"sap.m.SearchField","properties":{"placeholder":"Search"},"searchOpenDialogs":true,"interaction":{"idSuffix":"I"}},"clearTextFirst":true,"interactionType":"ENTER_TEXT"}]}
COMMAND: POST /session/e75b3d5d2d0828505fb80b5e18bd174b/actions - {"actions":[{"id":"action23","type":"key","parameters":{},"actions":[{"type":"keyDown","value":"î€‡"},{"type":"pause","duration":10},{"type":"keyUp","value":"î€‡"}]}]}
RESULT: {}
RESULT: {"actions":[{"id":"action23","type":"key","parameters":{},"actions":[{"type":"keyDown","value":"î€‡"},{"type":"pause","duration":10},{"type":"keyUp","value":"î€‡"}]}]}
COMMAND: GET /session/e75b3d5d2d0828505fb80b5e18bd174b/screenshot - {}
RESULT: {}
COMMAND: POST /session/e75b3d5d2d0828505fb80b5e18bd174b/element - {"using":"xpath","value":"//span[contains(text(), \"300003\")]"}
RESULT: {"using":"xpath","value":"//span[contains(text(), \"300003\")]"}
COMMAND: POST /session/e75b3d5d2d0828505fb80b5e18bd174b/element/f.3CC06888A91A2B87598FBDB561306D63.d.8A4417E0E36B2D57E3FD9135C6C36D12.e.7860/click - {}
RESULT: {}
COMMAND: GET /session/e75b3d5d2d0828505fb80b5e18bd174b/screenshot - {}
RESULT: {}
COMMAND: POST /session/e75b3d5d2d0828505fb80b5e18bd174b/element - {"using":"xpath","value":"//bdi[contains(text(), \"OK\")]"}
RESULT: {"using":"xpath","value":"//bdi[contains(text(), \"OK\")]"}
COMMAND: POST /session/e75b3d5d2d0828505fb80b5e18bd174b/element/f.3CC06888A91A2B87598FBDB561306D63.d.8A4417E0E36B2D57E3FD9135C6C36D12.e.7862/click - {}
RESULT: {}
COMMAND: GET /session/e75b3d5d2d0828505fb80b5e18bd174b/screenshot - {}
RESULT: {}
COMMAND: POST /session/e75b3d5d2d0828505fb80b5e18bd174b/execute/async - {"script":"<script> [1562 bytes]","args":[{"selector":{"id":"application-managepartners-display-component---NewPartner--intercompVendorComboBox-application-managepartners-display-component---NewPartner--assignmentsTable-0-vhi"},"wdio_ui5_key":"applicationmanagepartners-display-component---NewPartner--intercompVendorComboBox-application-managepartners-display-component---NewPartner--assignmentsTable-0-vhi"}]}
RESULT: {"script":"<script> [1562 bytes]","args":[{"selector":{"id":"application-managepartners-display-component---NewPartner--intercompVendorComboBox-application-managepartners-display-component---NewPartner--assignmentsTable-0-vhi"},"wdio_ui5_key":"applicationmanagepartners-display-component---NewPartner--intercompVendorComboBox-application-managepartners-display-component---NewPartner--assignmentsTable-0-vhi"}]}
RESULT: undefined
COMMAND: POST /session/e75b3d5d2d0828505fb80b5e18bd174b/element - {"using":"xpath","value":"//*[@id=\"application-managepartners-display-component---NewPartner--intercompVendorComboBox-application-managepartners-display-component---NewPartner--assignmentsTable-0-vhi\"]"}
RESULT: {"using":"xpath","value":"//*[@id=\"application-managepartners-display-component---NewPartner--intercompVendorComboBox-application-managepartners-display-component---NewPartner--assignmentsTable-0-vhi\"]"}
COMMAND: POST /session/e75b3d5d2d0828505fb80b5e18bd174b/element/f.3CC06888A91A2B87598FBDB561306D63.d.8A4417E0E36B2D57E3FD9135C6C36D12.e.7865/click - {}
RESULT: {}
RESULT: undefined
COMMAND: POST /session/e75b3d5d2d0828505fb80b5e18bd174b/execute/async - {"script":"<script> [776 bytes]","args":[{"enterText":"100005","selector":{"controlType":"sap.m.SearchField","properties":{"placeholder":"Search"},"searchOpenDialogs":true,"interaction":{"idSuffix":"I"}},"clearTextFirst":true,"interactionType":"ENTER_TEXT"}]}
COMMAND: GET /session/e75b3d5d2d0828505fb80b5e18bd174b/screenshot - {}
RESULT: {"script":"<script> [776 bytes]","args":[{"enterText":"100005","selector":{"controlType":"sap.m.SearchField","properties":{"placeholder":"Search"},"searchOpenDialogs":true,"interaction":{"idSuffix":"I"}},"clearTextFirst":true,"interactionType":"ENTER_TEXT"}]}
COMMAND: POST /session/e75b3d5d2d0828505fb80b5e18bd174b/actions - {"actions":[{"id":"action24","type":"key","parameters":{},"actions":[{"type":"keyDown","value":"î€‡"},{"type":"pause","duration":10},{"type":"keyUp","value":"î€‡"}]}]}
RESULT: {}
RESULT: {"actions":[{"id":"action24","type":"key","parameters":{},"actions":[{"type":"keyDown","value":"î€‡"},{"type":"pause","duration":10},{"type":"keyUp","value":"î€‡"}]}]}
COMMAND: GET /session/e75b3d5d2d0828505fb80b5e18bd174b/screenshot - {}
RESULT: {}
COMMAND: POST /session/e75b3d5d2d0828505fb80b5e18bd174b/element - {"using":"xpath","value":"//span[contains(text(), \"Penguins - Field/12345 Berlin\")]"}
RESULT: {"using":"xpath","value":"//span[contains(text(), \"Penguins - Field/12345 Berlin\")]"}
COMMAND: POST /session/e75b3d5d2d0828505fb80b5e18bd174b/element/f.3CC06888A91A2B87598FBDB561306D63.d.8A4417E0E36B2D57E3FD9135C6C36D12.e.7884/click - {}
RESULT: {}
COMMAND: GET /session/e75b3d5d2d0828505fb80b5e18bd174b/screenshot - {}
RESULT: {}
COMMAND: POST /session/e75b3d5d2d0828505fb80b5e18bd174b/element - {"using":"xpath","value":"//bdi[contains(text(), \"OK\")]"}
RESULT: {"using":"xpath","value":"//bdi[contains(text(), \"OK\")]"}
COMMAND: POST /session/e75b3d5d2d0828505fb80b5e18bd174b/element/f.3CC06888A91A2B87598FBDB561306D63.d.8A4417E0E36B2D57E3FD9135C6C36D12.e.7885/click - {}
RESULT: {}
COMMAND: GET /session/e75b3d5d2d0828505fb80b5e18bd174b/screenshot - {}
RESULT: {}
COMMAND: POST /session/e75b3d5d2d0828505fb80b5e18bd174b/element - {"using":"xpath","value":"//button[@data-kt=\"saveButton\"]"}
RESULT: {"using":"xpath","value":"//button[@data-kt=\"saveButton\"]"}
COMMAND: POST /session/e75b3d5d2d0828505fb80b5e18bd174b/element/f.3CC06888A91A2B87598FBDB561306D63.d.8A4417E0E36B2D57E3FD9135C6C36D12.e.7665/click - {}
RESULT: {}
COMMAND: GET /session/e75b3d5d2d0828505fb80b5e18bd174b/screenshot - {}
RESULT: {}
COMMAND: POST /session/e75b3d5d2d0828505fb80b5e18bd174b/element - {"using":"xpath","value":"//header[contains(@id, 'ObjectPageLayout-headerTitle')]/div[1]/div[2]/div[2]/span[1]"}
RESULT: {"using":"xpath","value":"//header[contains(@id, 'ObjectPageLayout-headerTitle')]/div[1]/div[2]/div[2]/span[1]"}
COMMAND: POST /session/e75b3d5d2d0828505fb80b5e18bd174b/elements - {"using":"xpath","value":"//header[contains(@id, 'ObjectPageLayout-headerTitle')]/div[1]/div[2]/div[2]/span[1]"}
RESULT: {"using":"xpath","value":"//header[contains(@id, 'ObjectPageLayout-headerTitle')]/div[1]/div[2]/div[2]/span[1]"}
COMMAND: POST /session/e75b3d5d2d0828505fb80b5e18bd174b/execute/sync - {"script":"<script> [56 bytes]","args":[{"element-6066-11e4-a52e-4f735466cecf":"f.3CC06888A91A2B87598FBDB561306D63.d.8A4417E0E36B2D57E3FD9135C6C36D12.e.8049","ELEMENT":"f.3CC06888A91A2B87598FBDB561306D63.d.8A4417E0E36B2D57E3FD9135C6C36D12.e.8049"}]}
RESULT: {"script":"<script> [56 bytes]","args":[{"element-6066-11e4-a52e-4f735466cecf":"f.3CC06888A91A2B87598FBDB561306D63.d.8A4417E0E36B2D57E3FD9135C6C36D12.e.8049","ELEMENT":"f.3CC06888A91A2B87598FBDB561306D63.d.8A4417E0E36B2D57E3FD9135C6C36D12.e.8049"}]}
COMMAND: POST /session/e75b3d5d2d0828505fb80b5e18bd174b/element - {"using":"css selector","value":"#shell-header-logo"}
COMMAND: GET /session/e75b3d5d2d0828505fb80b5e18bd174b/screenshot - {}
RESULT: {"using":"css selector","value":"#shell-header-logo"}
COMMAND: POST /session/e75b3d5d2d0828505fb80b5e18bd174b/element/f.3CC06888A91A2B87598FBDB561306D63.d.8A4417E0E36B2D57E3FD9135C6C36D12.e.7269/click - {}
RESULT: {}
RESULT: {}
COMMAND: GET /session/e75b3d5d2d0828505fb80b5e18bd174b/screenshot - {}
RESULT: {}
COMMAND: POST /session/e75b3d5d2d0828505fb80b5e18bd174b/execute/sync - {"script":"<script> [299 bytes]","args":[["getModel","getResource"]]}
RESULT: {"script":"<script> [299 bytes]","args":[["getModel","getResource"]]}
]]></system-out>
    </testcase>
    <testcase classname="chrome.136_0_7103_93.windows.Create_master_data_for_mixed_billing_&amp;_do_billing_calculation_US151661" name="Should create a new site" time="142.905">
      <system-out><![CDATA[
COMMAND: POST /session/e75b3d5d2d0828505fb80b5e18bd174b/execute/async - {"script":"<script> [1562 bytes]","args":[{"selector":{"controlType":"sap.m.GenericTile","properties":{"header":"Manage Sites"}},"wdio_ui5_key":"sapm.GenericTile{\"header\":\"Manage Sites\"}"}]}
COMMAND: GET /session/e75b3d5d2d0828505fb80b5e18bd174b/screenshot - {}
RESULT: {"script":"<script> [1562 bytes]","args":[{"selector":{"controlType":"sap.m.GenericTile","properties":{"header":"Manage Sites"}},"wdio_ui5_key":"sapm.GenericTile{\"header\":\"Manage Sites\"}"}]}
RESULT: undefined
COMMAND: POST /session/e75b3d5d2d0828505fb80b5e18bd174b/element - {"using":"xpath","value":"//*[@id=\"__tile40\"]"}
RESULT: {}
RESULT: {"using":"xpath","value":"//*[@id=\"__tile40\"]"}
COMMAND: POST /session/e75b3d5d2d0828505fb80b5e18bd174b/element/f.3CC06888A91A2B87598FBDB561306D63.d.8A4417E0E36B2D57E3FD9135C6C36D12.e.6393/click - {}
RESULT: {}
COMMAND: GET /session/e75b3d5d2d0828505fb80b5e18bd174b/screenshot - {}
RESULT: {}
COMMAND: POST /session/e75b3d5d2d0828505fb80b5e18bd174b/elements - {"using":"xpath","value":"//span[text()='Error']"}
RESULT: {"using":"xpath","value":"//span[text()='Error']"}
COMMAND: POST /session/e75b3d5d2d0828505fb80b5e18bd174b/element - {"using":"xpath","value":"//button[@data-kt=\"addOverflowToolbarButton\"]"}
RESULT: {"using":"xpath","value":"//button[@data-kt=\"addOverflowToolbarButton\"]"}
COMMAND: POST /session/e75b3d5d2d0828505fb80b5e18bd174b/elements - {"using":"xpath","value":"//button[@data-kt=\"addOverflowToolbarButton\"]"}
RESULT: {"using":"xpath","value":"//button[@data-kt=\"addOverflowToolbarButton\"]"}
COMMAND: POST /session/e75b3d5d2d0828505fb80b5e18bd174b/execute/sync - {"script":"<script> [8489 bytes]","args":[{"element-6066-11e4-a52e-4f735466cecf":"f.3CC06888A91A2B87598FBDB561306D63.d.8A4417E0E36B2D57E3FD9135C6C36D12.e.8095","ELEMENT":"f.3CC06888A91A2B87598FBDB561306D63.d.8A4417E0E36B2D57E3FD9135C6C36D12.e.8095"}]}
RESULT: {"script":"<script> [8489 bytes]","args":[{"element-6066-11e4-a52e-4f735466cecf":"f.3CC06888A91A2B87598FBDB561306D63.d.8A4417E0E36B2D57E3FD9135C6C36D12.e.8095","ELEMENT":"f.3CC06888A91A2B87598FBDB561306D63.d.8A4417E0E36B2D57E3FD9135C6C36D12.e.8095"}]}
COMMAND: GET /session/e75b3d5d2d0828505fb80b5e18bd174b/element/f.3CC06888A91A2B87598FBDB561306D63.d.8A4417E0E36B2D57E3FD9135C6C36D12.e.8095/enabled - {}
COMMAND: GET /session/e75b3d5d2d0828505fb80b5e18bd174b/screenshot - {}
RESULT: {}
COMMAND: POST /session/e75b3d5d2d0828505fb80b5e18bd174b/execute/sync - {"script":"<script> [8489 bytes]","args":[{"element-6066-11e4-a52e-4f735466cecf":"f.3CC06888A91A2B87598FBDB561306D63.d.8A4417E0E36B2D57E3FD9135C6C36D12.e.8095","ELEMENT":"f.3CC06888A91A2B87598FBDB561306D63.d.8A4417E0E36B2D57E3FD9135C6C36D12.e.8095"}]}
COMMAND: GET /session/e75b3d5d2d0828505fb80b5e18bd174b/screenshot - {}
RESULT: {}
RESULT: {"script":"<script> [8489 bytes]","args":[{"element-6066-11e4-a52e-4f735466cecf":"f.3CC06888A91A2B87598FBDB561306D63.d.8A4417E0E36B2D57E3FD9135C6C36D12.e.8095","ELEMENT":"f.3CC06888A91A2B87598FBDB561306D63.d.8A4417E0E36B2D57E3FD9135C6C36D12.e.8095"}]}
COMMAND: POST /session/e75b3d5d2d0828505fb80b5e18bd174b/execute/sync - {"script":"<script> [5351 bytes]","args":[{"element-6066-11e4-a52e-4f735466cecf":"f.3CC06888A91A2B87598FBDB561306D63.d.8A4417E0E36B2D57E3FD9135C6C36D12.e.8095","ELEMENT":"f.3CC06888A91A2B87598FBDB561306D63.d.8A4417E0E36B2D57E3FD9135C6C36D12.e.8095"}]}
COMMAND: GET /session/e75b3d5d2d0828505fb80b5e18bd174b/screenshot - {}
RESULT: {}
RESULT: {"script":"<script> [5351 bytes]","args":[{"element-6066-11e4-a52e-4f735466cecf":"f.3CC06888A91A2B87598FBDB561306D63.d.8A4417E0E36B2D57E3FD9135C6C36D12.e.8095","ELEMENT":"f.3CC06888A91A2B87598FBDB561306D63.d.8A4417E0E36B2D57E3FD9135C6C36D12.e.8095"}]}
COMMAND: POST /session/e75b3d5d2d0828505fb80b5e18bd174b/element/f.3CC06888A91A2B87598FBDB561306D63.d.8A4417E0E36B2D57E3FD9135C6C36D12.e.8095/click - {}
COMMAND: GET /session/e75b3d5d2d0828505fb80b5e18bd174b/screenshot - {}
RESULT: {}
RESULT: {}
RESULT: {}
COMMAND: GET /session/e75b3d5d2d0828505fb80b5e18bd174b/screenshot - {}
RESULT: {}
COMMAND: POST /session/e75b3d5d2d0828505fb80b5e18bd174b/element - {"using":"xpath","value":"//input[@id=\"application-managesites-display-component---NewSite--siteId-inner\"]"}
RESULT: {"using":"xpath","value":"//input[@id=\"application-managesites-display-component---NewSite--siteId-inner\"]"}
COMMAND: POST /session/e75b3d5d2d0828505fb80b5e18bd174b/element - {"using":"xpath","value":"//input[@id=\"application-managesites-display-component---NewSite--siteId-inner\"]"}
RESULT: {"using":"xpath","value":"//input[@id=\"application-managesites-display-component---NewSite--siteId-inner\"]"}
COMMAND: POST /session/e75b3d5d2d0828505fb80b5e18bd174b/execute/async - {"script":"<script> [1562 bytes]","args":[{"selector":{"id":"application-managesites-display-component---NewSite--addressDetailDetailsName1","interaction":{"idSuffix":"inner"}},"wdio_ui5_key":"applicationmanagesites-display-component---NewSite--addressDetailDetailsName1"}]}
RESULT: {"script":"<script> [1562 bytes]","args":[{"selector":{"id":"application-managesites-display-component---NewSite--addressDetailDetailsName1","interaction":{"idSuffix":"inner"}},"wdio_ui5_key":"applicationmanagesites-display-component---NewSite--addressDetailDetailsName1"}]}
RESULT: undefined
COMMAND: POST /session/e75b3d5d2d0828505fb80b5e18bd174b/execute/async - {"script":"<script> [776 bytes]","args":[{"enterText":"Intercompany Site wdIO","selector":{"id":"application-managesites-display-component---NewSite--addressDetailDetailsName1","interaction":{"idSuffix":"inner"}},"clearTextFirst":true,"interactionType":"ENTER_TEXT"}]}
RESULT: {"script":"<script> [776 bytes]","args":[{"enterText":"Intercompany Site wdIO","selector":{"id":"application-managesites-display-component---NewSite--addressDetailDetailsName1","interaction":{"idSuffix":"inner"}},"clearTextFirst":true,"interactionType":"ENTER_TEXT"}]}
COMMAND: POST /session/e75b3d5d2d0828505fb80b5e18bd174b/execute/async - {"script":"<script> [1562 bytes]","args":[{"selector":{"id":"application-managesites-display-component---NewSite--addressDetailDetailsLanguage-arrow"},"wdio_ui5_key":"applicationmanagesites-display-component---NewSite--addressDetailDetailsLanguage-arrow"}]}
RESULT: {"script":"<script> [1562 bytes]","args":[{"selector":{"id":"application-managesites-display-component---NewSite--addressDetailDetailsLanguage-arrow"},"wdio_ui5_key":"applicationmanagesites-display-component---NewSite--addressDetailDetailsLanguage-arrow"}]}
RESULT: undefined
COMMAND: POST /session/e75b3d5d2d0828505fb80b5e18bd174b/element - {"using":"xpath","value":"//*[@id=\"application-managesites-display-component---NewSite--addressDetailDetailsLanguage-arrow\"]"}
RESULT: {"using":"xpath","value":"//*[@id=\"application-managesites-display-component---NewSite--addressDetailDetailsLanguage-arrow\"]"}
COMMAND: POST /session/e75b3d5d2d0828505fb80b5e18bd174b/element/f.3CC06888A91A2B87598FBDB561306D63.d.8A4417E0E36B2D57E3FD9135C6C36D12.e.8499/click - {}
RESULT: {}
COMMAND: POST /session/e75b3d5d2d0828505fb80b5e18bd174b/element - {"using":"xpath","value":"//span[contains(text(), \"English\")]"}
COMMAND: GET /session/e75b3d5d2d0828505fb80b5e18bd174b/screenshot - {}
RESULT: {"using":"xpath","value":"//span[contains(text(), \"English\")]"}
COMMAND: POST /session/e75b3d5d2d0828505fb80b5e18bd174b/element/f.3CC06888A91A2B87598FBDB561306D63.d.8A4417E0E36B2D57E3FD9135C6C36D12.e.8500/click - {}
RESULT: {}
RESULT: {}
COMMAND: POST /session/e75b3d5d2d0828505fb80b5e18bd174b/execute/async - {"script":"<script> [1562 bytes]","args":[{"selector":{"id":"application-managesites-display-component---NewSite--addressDetailDetailsCity1","interaction":{"idSuffix":"inner"}},"wdio_ui5_key":"applicationmanagesites-display-component---NewSite--addressDetailDetailsCity1"}]}
COMMAND: GET /session/e75b3d5d2d0828505fb80b5e18bd174b/screenshot - {}
RESULT: {"script":"<script> [1562 bytes]","args":[{"selector":{"id":"application-managesites-display-component---NewSite--addressDetailDetailsCity1","interaction":{"idSuffix":"inner"}},"wdio_ui5_key":"applicationmanagesites-display-component---NewSite--addressDetailDetailsCity1"}]}
RESULT: undefined
COMMAND: POST /session/e75b3d5d2d0828505fb80b5e18bd174b/execute/async - {"script":"<script> [776 bytes]","args":[{"enterText":"Rosario","selector":{"id":"application-managesites-display-component---NewSite--addressDetailDetailsCity1","interaction":{"idSuffix":"inner"}},"clearTextFirst":true,"interactionType":"ENTER_TEXT"}]}
RESULT: {}
RESULT: {"script":"<script> [776 bytes]","args":[{"enterText":"Rosario","selector":{"id":"application-managesites-display-component---NewSite--addressDetailDetailsCity1","interaction":{"idSuffix":"inner"}},"clearTextFirst":true,"interactionType":"ENTER_TEXT"}]}
COMMAND: POST /session/e75b3d5d2d0828505fb80b5e18bd174b/execute/async - {"script":"<script> [1562 bytes]","args":[{"selector":{"id":"application-managesites-display-component---NewSite--addressDetailDetailsCountry-arrow"},"wdio_ui5_key":"applicationmanagesites-display-component---NewSite--addressDetailDetailsCountry-arrow"}]}
RESULT: {"script":"<script> [1562 bytes]","args":[{"selector":{"id":"application-managesites-display-component---NewSite--addressDetailDetailsCountry-arrow"},"wdio_ui5_key":"applicationmanagesites-display-component---NewSite--addressDetailDetailsCountry-arrow"}]}
RESULT: undefined
COMMAND: POST /session/e75b3d5d2d0828505fb80b5e18bd174b/element - {"using":"xpath","value":"//*[@id=\"application-managesites-display-component---NewSite--addressDetailDetailsCountry-arrow\"]"}
RESULT: {"using":"xpath","value":"//*[@id=\"application-managesites-display-component---NewSite--addressDetailDetailsCountry-arrow\"]"}
COMMAND: POST /session/e75b3d5d2d0828505fb80b5e18bd174b/element/f.3CC06888A91A2B87598FBDB561306D63.d.8A4417E0E36B2D57E3FD9135C6C36D12.e.8502/click - {}
RESULT: {}
COMMAND: POST /session/e75b3d5d2d0828505fb80b5e18bd174b/element - {"using":"xpath","value":"//span[contains(text(), \"Argentina\")]"}
COMMAND: GET /session/e75b3d5d2d0828505fb80b5e18bd174b/screenshot - {}
RESULT: {}
RESULT: {"using":"xpath","value":"//span[contains(text(), \"Argentina\")]"}
COMMAND: POST /session/e75b3d5d2d0828505fb80b5e18bd174b/element/f.3CC06888A91A2B87598FBDB561306D63.d.8A4417E0E36B2D57E3FD9135C6C36D12.e.8504/click - {}
RESULT: {}
COMMAND: GET /session/e75b3d5d2d0828505fb80b5e18bd174b/screenshot - {}
RESULT: {}
COMMAND: POST /session/e75b3d5d2d0828505fb80b5e18bd174b/execute/async - {"script":"<script> [1562 bytes]","args":[{"selector":{"id":"application-managesites-display-component---NewSite--addressEditDetailsCostObjectCstType-arrow"},"wdio_ui5_key":"applicationmanagesites-display-component---NewSite--addressEditDetailsCostObjectCstType-arrow"}]}
RESULT: {"script":"<script> [1562 bytes]","args":[{"selector":{"id":"application-managesites-display-component---NewSite--addressEditDetailsCostObjectCstType-arrow"},"wdio_ui5_key":"applicationmanagesites-display-component---NewSite--addressEditDetailsCostObjectCstType-arrow"}]}
RESULT: undefined
COMMAND: POST /session/e75b3d5d2d0828505fb80b5e18bd174b/element - {"using":"xpath","value":"//*[@id=\"application-managesites-display-component---NewSite--addressEditDetailsCostObjectCstType-arrow\"]"}
RESULT: {"using":"xpath","value":"//*[@id=\"application-managesites-display-component---NewSite--addressEditDetailsCostObjectCstType-arrow\"]"}
COMMAND: POST /session/e75b3d5d2d0828505fb80b5e18bd174b/element/f.3CC06888A91A2B87598FBDB561306D63.d.8A4417E0E36B2D57E3FD9135C6C36D12.e.8505/click - {}
RESULT: {}
COMMAND: POST /session/e75b3d5d2d0828505fb80b5e18bd174b/element - {"using":"xpath","value":"//span[contains(text(), \"Cost Center\")]"}
COMMAND: GET /session/e75b3d5d2d0828505fb80b5e18bd174b/screenshot - {}
RESULT: {"using":"xpath","value":"//span[contains(text(), \"Cost Center\")]"}
COMMAND: POST /session/e75b3d5d2d0828505fb80b5e18bd174b/element/f.3CC06888A91A2B87598FBDB561306D63.d.8A4417E0E36B2D57E3FD9135C6C36D12.e.8507/click - {}
RESULT: {}
RESULT: {}
COMMAND: GET /session/e75b3d5d2d0828505fb80b5e18bd174b/screenshot - {}
RESULT: {}
COMMAND: POST /session/e75b3d5d2d0828505fb80b5e18bd174b/element - {"using":"xpath","value":"//span[@id=\"application-managesites-display-component---NewSite--addressNewCostObjectCstID-vhi\"]"}
RESULT: {"using":"xpath","value":"//span[@id=\"application-managesites-display-component---NewSite--addressNewCostObjectCstID-vhi\"]"}
COMMAND: POST /session/e75b3d5d2d0828505fb80b5e18bd174b/execute/sync - {"script":"<script> [8489 bytes]","args":[{"element-6066-11e4-a52e-4f735466cecf":"f.3CC06888A91A2B87598FBDB561306D63.d.8A4417E0E36B2D57E3FD9135C6C36D12.e.8511","ELEMENT":"f.3CC06888A91A2B87598FBDB561306D63.d.8A4417E0E36B2D57E3FD9135C6C36D12.e.8511"}]}
RESULT: {"script":"<script> [8489 bytes]","args":[{"element-6066-11e4-a52e-4f735466cecf":"f.3CC06888A91A2B87598FBDB561306D63.d.8A4417E0E36B2D57E3FD9135C6C36D12.e.8511","ELEMENT":"f.3CC06888A91A2B87598FBDB561306D63.d.8A4417E0E36B2D57E3FD9135C6C36D12.e.8511"}]}
COMMAND: POST /session/e75b3d5d2d0828505fb80b5e18bd174b/execute/async - {"script":"<script> [1562 bytes]","args":[{"selector":{"id":"application-managesites-display-component---NewSite--addressNewCostObjectCstID-vhi"},"wdio_ui5_key":"applicationmanagesites-display-component---NewSite--addressNewCostObjectCstID-vhi"}]}
COMMAND: GET /session/e75b3d5d2d0828505fb80b5e18bd174b/screenshot - {}
RESULT: {"script":"<script> [1562 bytes]","args":[{"selector":{"id":"application-managesites-display-component---NewSite--addressNewCostObjectCstID-vhi"},"wdio_ui5_key":"applicationmanagesites-display-component---NewSite--addressNewCostObjectCstID-vhi"}]}
RESULT: undefined
COMMAND: POST /session/e75b3d5d2d0828505fb80b5e18bd174b/element - {"using":"xpath","value":"//*[@id=\"application-managesites-display-component---NewSite--addressNewCostObjectCstID-vhi\"]"}
RESULT: {}
RESULT: {"using":"xpath","value":"//*[@id=\"application-managesites-display-component---NewSite--addressNewCostObjectCstID-vhi\"]"}
COMMAND: POST /session/e75b3d5d2d0828505fb80b5e18bd174b/element/f.3CC06888A91A2B87598FBDB561306D63.d.8A4417E0E36B2D57E3FD9135C6C36D12.e.8511/click - {}
RESULT: {}
COMMAND: GET /session/e75b3d5d2d0828505fb80b5e18bd174b/screenshot - {}
RESULT: {}
RESULT: undefined
COMMAND: POST /session/e75b3d5d2d0828505fb80b5e18bd174b/execute/async - {"script":"<script> [776 bytes]","args":[{"enterText":"10001013","selector":{"controlType":"sap.m.SearchField","properties":{"placeholder":"Search"},"searchOpenDialogs":true,"interaction":{"idSuffix":"I"}},"clearTextFirst":true,"interactionType":"ENTER_TEXT"}]}
RESULT: {"script":"<script> [776 bytes]","args":[{"enterText":"10001013","selector":{"controlType":"sap.m.SearchField","properties":{"placeholder":"Search"},"searchOpenDialogs":true,"interaction":{"idSuffix":"I"}},"clearTextFirst":true,"interactionType":"ENTER_TEXT"}]}
COMMAND: POST /session/e75b3d5d2d0828505fb80b5e18bd174b/actions - {"actions":[{"id":"action25","type":"key","parameters":{},"actions":[{"type":"keyDown","value":"î€‡"},{"type":"pause","duration":10},{"type":"keyUp","value":"î€‡"}]}]}
RESULT: {"actions":[{"id":"action25","type":"key","parameters":{},"actions":[{"type":"keyDown","value":"î€‡"},{"type":"pause","duration":10},{"type":"keyUp","value":"î€‡"}]}]}
COMMAND: GET /session/e75b3d5d2d0828505fb80b5e18bd174b/screenshot - {}
RESULT: {}
COMMAND: POST /session/e75b3d5d2d0828505fb80b5e18bd174b/element - {"using":"xpath","value":"//span[contains(text(), \"General Management\")]"}
RESULT: {"using":"xpath","value":"//span[contains(text(), \"General Management\")]"}
COMMAND: POST /session/e75b3d5d2d0828505fb80b5e18bd174b/element/f.3CC06888A91A2B87598FBDB561306D63.d.8A4417E0E36B2D57E3FD9135C6C36D12.e.8550/click - {}
RESULT: {}
COMMAND: GET /session/e75b3d5d2d0828505fb80b5e18bd174b/screenshot - {}
RESULT: {}
COMMAND: POST /session/e75b3d5d2d0828505fb80b5e18bd174b/element - {"using":"xpath","value":"//bdi[contains(text(), \"OK\")]"}
RESULT: {"using":"xpath","value":"//bdi[contains(text(), \"OK\")]"}
COMMAND: POST /session/e75b3d5d2d0828505fb80b5e18bd174b/element/f.3CC06888A91A2B87598FBDB561306D63.d.8A4417E0E36B2D57E3FD9135C6C36D12.e.8551/click - {}
RESULT: {}
COMMAND: GET /session/e75b3d5d2d0828505fb80b5e18bd174b/screenshot - {}
RESULT: {}
COMMAND: POST /session/e75b3d5d2d0828505fb80b5e18bd174b/element - {"using":"xpath","value":"//input[@id=\"application-managesites-display-component---NewSite--addressDetailDetailsCalendar-inner\"]"}
RESULT: {"using":"xpath","value":"//input[@id=\"application-managesites-display-component---NewSite--addressDetailDetailsCalendar-inner\"]"}
COMMAND: POST /session/e75b3d5d2d0828505fb80b5e18bd174b/element/f.3CC06888A91A2B87598FBDB561306D63.d.8A4417E0E36B2D57E3FD9135C6C36D12.e.8308/clear - {}
RESULT: {}
COMMAND: POST /session/e75b3d5d2d0828505fb80b5e18bd174b/element/f.3CC06888A91A2B87598FBDB561306D63.d.8A4417E0E36B2D57E3FD9135C6C36D12.e.8308/value - {"text":"Unit"}
COMMAND: GET /session/e75b3d5d2d0828505fb80b5e18bd174b/screenshot - {}
RESULT: {"text":"Unit"}
COMMAND: GET /session/e75b3d5d2d0828505fb80b5e18bd174b/screenshot - {}
RESULT: {}
RESULT: {}
COMMAND: POST /session/e75b3d5d2d0828505fb80b5e18bd174b/actions - {"actions":[{"id":"action26","type":"key","parameters":{},"actions":[{"type":"keyDown","value":"î€‡"},{"type":"pause","duration":10},{"type":"keyUp","value":"î€‡"}]}]}
RESULT: {"actions":[{"id":"action26","type":"key","parameters":{},"actions":[{"type":"keyDown","value":"î€‡"},{"type":"pause","duration":10},{"type":"keyUp","value":"î€‡"}]}]}
COMMAND: POST /session/e75b3d5d2d0828505fb80b5e18bd174b/element - {"using":"xpath","value":"//input[@id=\"application-managesites-display-component---NewSite--addressDetailDetailsYard-inner\"]"}
COMMAND: GET /session/e75b3d5d2d0828505fb80b5e18bd174b/screenshot - {}
RESULT: {"using":"xpath","value":"//input[@id=\"application-managesites-display-component---NewSite--addressDetailDetailsYard-inner\"]"}
COMMAND: POST /session/e75b3d5d2d0828505fb80b5e18bd174b/element/f.3CC06888A91A2B87598FBDB561306D63.d.8A4417E0E36B2D57E3FD9135C6C36D12.e.8309/clear - {}
RESULT: {}
RESULT: {}
COMMAND: POST /session/e75b3d5d2d0828505fb80b5e18bd174b/element/f.3CC06888A91A2B87598FBDB561306D63.d.8A4417E0E36B2D57E3FD9135C6C36D12.e.8309/value - {"text":"564"}
COMMAND: GET /session/e75b3d5d2d0828505fb80b5e18bd174b/screenshot - {}
RESULT: {"text":"564"}
COMMAND: GET /session/e75b3d5d2d0828505fb80b5e18bd174b/screenshot - {}
RESULT: {}
RESULT: {}
COMMAND: POST /session/e75b3d5d2d0828505fb80b5e18bd174b/element - {"using":"xpath","value":"//li[.//span[text()='564']]"}
RESULT: {"using":"xpath","value":"//li[.//span[text()='564']]"}
COMMAND: POST /session/e75b3d5d2d0828505fb80b5e18bd174b/element/f.3CC06888A91A2B87598FBDB561306D63.d.8A4417E0E36B2D57E3FD9135C6C36D12.e.8559/click - {}
RESULT: {}
COMMAND: GET /session/e75b3d5d2d0828505fb80b5e18bd174b/screenshot - {}
RESULT: {}
COMMAND: POST /session/e75b3d5d2d0828505fb80b5e18bd174b/element - {"using":"xpath","value":"//input[@id=\"application-managesites-display-component---NewSite--addressDetailDetailsPartner-inner\"]"}
RESULT: {"using":"xpath","value":"//input[@id=\"application-managesites-display-component---NewSite--addressDetailDetailsPartner-inner\"]"}
COMMAND: POST /session/e75b3d5d2d0828505fb80b5e18bd174b/element - {"using":"xpath","value":"//input[@id=\"application-managesites-display-component---NewSite--addressDetailDetailsPartner-inner\"]"}
RESULT: {"using":"xpath","value":"//input[@id=\"application-managesites-display-component---NewSite--addressDetailDetailsPartner-inner\"]"}
COMMAND: POST /session/e75b3d5d2d0828505fb80b5e18bd174b/element - {"using":"xpath","value":"//button[@data-kt=\"saveButton\"]"}
RESULT: {"using":"xpath","value":"//button[@data-kt=\"saveButton\"]"}
COMMAND: POST /session/e75b3d5d2d0828505fb80b5e18bd174b/element/f.3CC06888A91A2B87598FBDB561306D63.d.8A4417E0E36B2D57E3FD9135C6C36D12.e.8441/click - {}
RESULT: {}
COMMAND: GET /session/e75b3d5d2d0828505fb80b5e18bd174b/screenshot - {}
RESULT: {}
COMMAND: POST /session/e75b3d5d2d0828505fb80b5e18bd174b/element - {"using":"xpath","value":"//header[contains(@id, 'ObjectPageLayout-headerTitle')]/div[1]/div[2]/div[2]/span[1]"}
RESULT: {"using":"xpath","value":"//header[contains(@id, 'ObjectPageLayout-headerTitle')]/div[1]/div[2]/div[2]/span[1]"}
COMMAND: POST /session/e75b3d5d2d0828505fb80b5e18bd174b/elements - {"using":"xpath","value":"//header[contains(@id, 'ObjectPageLayout-headerTitle')]/div[1]/div[2]/div[2]/span[1]"}
RESULT: {"using":"xpath","value":"//header[contains(@id, 'ObjectPageLayout-headerTitle')]/div[1]/div[2]/div[2]/span[1]"}
COMMAND: POST /session/e75b3d5d2d0828505fb80b5e18bd174b/execute/sync - {"script":"<script> [56 bytes]","args":[{"element-6066-11e4-a52e-4f735466cecf":"f.3CC06888A91A2B87598FBDB561306D63.d.8A4417E0E36B2D57E3FD9135C6C36D12.e.8764","ELEMENT":"f.3CC06888A91A2B87598FBDB561306D63.d.8A4417E0E36B2D57E3FD9135C6C36D12.e.8764"}]}
RESULT: {"script":"<script> [56 bytes]","args":[{"element-6066-11e4-a52e-4f735466cecf":"f.3CC06888A91A2B87598FBDB561306D63.d.8A4417E0E36B2D57E3FD9135C6C36D12.e.8764","ELEMENT":"f.3CC06888A91A2B87598FBDB561306D63.d.8A4417E0E36B2D57E3FD9135C6C36D12.e.8764"}]}
COMMAND: POST /session/e75b3d5d2d0828505fb80b5e18bd174b/element - {"using":"css selector","value":"#shell-header-logo"}
COMMAND: GET /session/e75b3d5d2d0828505fb80b5e18bd174b/screenshot - {}
RESULT: {"using":"css selector","value":"#shell-header-logo"}
COMMAND: POST /session/e75b3d5d2d0828505fb80b5e18bd174b/element/f.3CC06888A91A2B87598FBDB561306D63.d.8A4417E0E36B2D57E3FD9135C6C36D12.e.8053/click - {}
RESULT: {}
RESULT: {}
COMMAND: GET /session/e75b3d5d2d0828505fb80b5e18bd174b/screenshot - {}
RESULT: {}
COMMAND: POST /session/e75b3d5d2d0828505fb80b5e18bd174b/execute/sync - {"script":"<script> [299 bytes]","args":[["getModel","getResource"]]}
RESULT: {"script":"<script> [299 bytes]","args":[["getModel","getResource"]]}
COMMAND: POST /session/e75b3d5d2d0828505fb80b5e18bd174b/actions - {"actions":[{"id":"action27","type":"key","parameters":{},"actions":[{"type":"keyDown","value":"î€‡"},{"type":"pause","duration":10},{"type":"keyUp","value":"î€‡"}]}]}
COMMAND: GET /session/e75b3d5d2d0828505fb80b5e18bd174b/screenshot - {}
RESULT: {"actions":[{"id":"action27","type":"key","parameters":{},"actions":[{"type":"keyDown","value":"î€‡"},{"type":"pause","duration":10},{"type":"keyUp","value":"î€‡"}]}]}
COMMAND: GET /session/e75b3d5d2d0828505fb80b5e18bd174b/screenshot - {}
RESULT: {}
RESULT: {}
COMMAND: POST /session/e75b3d5d2d0828505fb80b5e18bd174b/refresh - {}
RESULT: {}
COMMAND: GET /session/e75b3d5d2d0828505fb80b5e18bd174b/screenshot - {}
RESULT: {}
COMMAND: POST /session/e75b3d5d2d0828505fb80b5e18bd174b/refresh - {}
RESULT: {}
COMMAND: GET /session/e75b3d5d2d0828505fb80b5e18bd174b/screenshot - {}
RESULT: {}
COMMAND: POST /session/e75b3d5d2d0828505fb80b5e18bd174b/window/fullscreen - {}
RESULT: {}
COMMAND: POST /session/e75b3d5d2d0828505fb80b5e18bd174b/execute/async - {"script":"<script> [189 bytes]","args":[]}
RESULT: {"script":"<script> [189 bytes]","args":[]}
COMMAND: POST /session/e75b3d5d2d0828505fb80b5e18bd174b/execute/async - {"script":"<script> [123 bytes]","args":[]}
RESULT: {"script":"<script> [123 bytes]","args":[]}
COMMAND: POST /session/e75b3d5d2d0828505fb80b5e18bd174b/timeouts - {"script":"<number>"}
RESULT: {"script":"<number>"}
COMMAND: GET /session/e75b3d5d2d0828505fb80b5e18bd174b/timeouts - {}
RESULT: {}
RESULT: undefined
COMMAND: POST /session/e75b3d5d2d0828505fb80b5e18bd174b/execute/async - {"script":"<script> [2676 bytes]","args":[]}
RESULT: {"script":"<script> [2676 bytes]","args":[]}
COMMAND: POST /session/e75b3d5d2d0828505fb80b5e18bd174b/execute/async - {"script":"<script> [2342 bytes]","args":[{"protocol":"http","hostname":"0.0.0.0","path":"/","capabilities":{"browserName":"chrome","goog:chromeOptions":{"binary":"C:\\Program Files\\Google\\Chrome\\Application\\chrome.exe","args":["--start-maximized"]}},"logLevel":"warn","connectionRetryTimeout":120000,"connectionRetryCount":3,"logLevels":{},"enableDirectConnect":true,"strictSSL":true,"_":"65 more keys: [\"cacheDir\",\"port\",\"requestedCapabilities\",\"automationProtocol\",\"baseUrl\",\"waitforInterval\",\"waitforTimeout\",\"onReload\",\"beforeCommand\",\"afterCommand\",\"rootDir\",\"specs\",\"suites\",\"exclude\",\"groupLogsByTestSpec\",\"excludeDriverLogs\",\"bail\",\"framework\",\"reporters\",\"services\",\"maxInstances\",\"maxInstancesPerCapability\",\"injectGlobals\",\"filesToWatch\",\"execArgv\",\"runnerEnv\",\"runner\",\"shard\",\"specFileRetries\",\"specFileRetriesDelay\",\"specFileRetriesDeferred\",\"reporterSyncInterval\",\"reporterSyncTimeout\",\"cucumberFeaturesWithLineNumbers\",\"autoCompileOpts\",\"mochaOpts\",\"jasmineOpts\",\"cucumberOpts\",\"onPrepare\",\"onWorkerStart\",\"onWorkerEnd\",\"before\",\"beforeSession\",\"beforeSuite\",\"beforeHook\",\"beforeTest\",\"afterTest\",\"afterHook\",\"afterSuite\",\"afterSession\",\"after\",\"onComplete\",\"beforeAssertion\",\"afterAssertion\",\"beforeFeature\",\"beforeScenario\",\"beforeStep\",\"afterStep\",\"afterScenario\",\"afterFeature\",\"_\",\"suite\",\"$0\",\"ignoredWorkerServices\",\"wdi5\"]"}]}
RESULT: {"script":"<script> [2342 bytes]","args":[{"protocol":"http","hostname":"0.0.0.0","path":"/","capabilities":{"browserName":"chrome","goog:chromeOptions":{"binary":"C:\\Program Files\\Google\\Chrome\\Application\\chrome.exe","args":["--start-maximized"]}},"logLevel":"warn","connectionRetryTimeout":120000,"connectionRetryCount":3,"logLevels":{},"enableDirectConnect":true,"strictSSL":true,"_":"65 more keys: [\"cacheDir\",\"port\",\"requestedCapabilities\",\"automationProtocol\",\"baseUrl\",\"waitforInterval\",\"waitforTimeout\",\"onReload\",\"beforeCommand\",\"afterCommand\",\"rootDir\",\"specs\",\"suites\",\"exclude\",\"groupLogsByTestSpec\",\"excludeDriverLogs\",\"bail\",\"framework\",\"reporters\",\"services\",\"maxInstances\",\"maxInstancesPerCapability\",\"injectGlobals\",\"filesToWatch\",\"execArgv\",\"runnerEnv\",\"runner\",\"shard\",\"specFileRetries\",\"specFileRetriesDelay\",\"specFileRetriesDeferred\",\"reporterSyncInterval\",\"reporterSyncTimeout\",\"cucumberFeaturesWithLineNumbers\",\"autoCompileOpts\",\"mochaOpts\",\"jasmineOpts\",\"cucumberOpts\",\"onPrepare\",\"onWorkerStart\",\"onWorkerEnd\",\"before\",\"beforeSession\",\"beforeSuite\",\"beforeHook\",\"beforeTest\",\"afterTest\",\"afterHook\",\"afterSuite\",\"afterSession\",\"after\",\"onComplete\",\"beforeAssertion\",\"afterAssertion\",\"beforeFeature\",\"beforeScenario\",\"beforeStep\",\"afterStep\",\"afterScenario\",\"afterFeature\",\"_\",\"suite\",\"$0\",\"ignoredWorkerServices\",\"wdi5\"]"}]}
COMMAND: POST /session/e75b3d5d2d0828505fb80b5e18bd174b/execute/async - {"script":"<script> [21126 bytes]","args":[35000]}
RESULT: {"script":"<script> [21126 bytes]","args":[35000]}
COMMAND: POST /session/e75b3d5d2d0828505fb80b5e18bd174b/window/fullscreen - {}
RESULT: {}
]]></system-out>
    </testcase>
    <testcase classname="chrome.136_0_7103_93.windows.Create_master_data_for_mixed_billing_&amp;_do_billing_calculation_US151661" name="Should create a new equipment and add a counter to it" time="155.164">
      <system-out><![CDATA[
COMMAND: POST /session/e75b3d5d2d0828505fb80b5e18bd174b/execute/async - {"script":"<script> [1562 bytes]","args":[{"selector":{"controlType":"sap.m.GenericTile","properties":{"header":"Manage Resources"}},"wdio_ui5_key":"sapm.GenericTile{\"header\":\"Manage Resources\"}"}]}
RESULT: {"script":"<script> [1562 bytes]","args":[{"selector":{"controlType":"sap.m.GenericTile","properties":{"header":"Manage Resources"}},"wdio_ui5_key":"sapm.GenericTile{\"header\":\"Manage Resources\"}"}]}
RESULT: undefined
COMMAND: POST /session/e75b3d5d2d0828505fb80b5e18bd174b/element - {"using":"xpath","value":"//*[@id=\"__tile31\"]"}
RESULT: {"using":"xpath","value":"//*[@id=\"__tile31\"]"}
COMMAND: POST /session/e75b3d5d2d0828505fb80b5e18bd174b/element/f.3CC06888A91A2B87598FBDB561306D63.d.659E7747D3DDEEA2F6C684BF6E686EC2.e.8835/click - {}
RESULT: {}
COMMAND: GET /session/e75b3d5d2d0828505fb80b5e18bd174b/screenshot - {}
RESULT: {}
COMMAND: POST /session/e75b3d5d2d0828505fb80b5e18bd174b/elements - {"using":"xpath","value":"//span[text()='Error']"}
RESULT: {"using":"xpath","value":"//span[text()='Error']"}
COMMAND: POST /session/e75b3d5d2d0828505fb80b5e18bd174b/element - {"using":"xpath","value":"//button[@data-kt=\"addNewRUOverflowToolbarButton\"]"}
RESULT: {"using":"xpath","value":"//button[@data-kt=\"addNewRUOverflowToolbarButton\"]"}
COMMAND: POST /session/e75b3d5d2d0828505fb80b5e18bd174b/elements - {"using":"xpath","value":"//button[@data-kt=\"addNewRUOverflowToolbarButton\"]"}
RESULT: {"using":"xpath","value":"//button[@data-kt=\"addNewRUOverflowToolbarButton\"]"}
COMMAND: POST /session/e75b3d5d2d0828505fb80b5e18bd174b/execute/sync - {"script":"<script> [8489 bytes]","args":[{"element-6066-11e4-a52e-4f735466cecf":"f.3CC06888A91A2B87598FBDB561306D63.d.659E7747D3DDEEA2F6C684BF6E686EC2.e.8942","ELEMENT":"f.3CC06888A91A2B87598FBDB561306D63.d.659E7747D3DDEEA2F6C684BF6E686EC2.e.8942"}]}
RESULT: {"script":"<script> [8489 bytes]","args":[{"element-6066-11e4-a52e-4f735466cecf":"f.3CC06888A91A2B87598FBDB561306D63.d.659E7747D3DDEEA2F6C684BF6E686EC2.e.8942","ELEMENT":"f.3CC06888A91A2B87598FBDB561306D63.d.659E7747D3DDEEA2F6C684BF6E686EC2.e.8942"}]}
COMMAND: GET /session/e75b3d5d2d0828505fb80b5e18bd174b/element/f.3CC06888A91A2B87598FBDB561306D63.d.659E7747D3DDEEA2F6C684BF6E686EC2.e.8942/enabled - {}
COMMAND: GET /session/e75b3d5d2d0828505fb80b5e18bd174b/screenshot - {}
RESULT: {}
COMMAND: POST /session/e75b3d5d2d0828505fb80b5e18bd174b/execute/sync - {"script":"<script> [8489 bytes]","args":[{"element-6066-11e4-a52e-4f735466cecf":"f.3CC06888A91A2B87598FBDB561306D63.d.659E7747D3DDEEA2F6C684BF6E686EC2.e.8942","ELEMENT":"f.3CC06888A91A2B87598FBDB561306D63.d.659E7747D3DDEEA2F6C684BF6E686EC2.e.8942"}]}
COMMAND: GET /session/e75b3d5d2d0828505fb80b5e18bd174b/screenshot - {}
RESULT: {}
RESULT: {"script":"<script> [8489 bytes]","args":[{"element-6066-11e4-a52e-4f735466cecf":"f.3CC06888A91A2B87598FBDB561306D63.d.659E7747D3DDEEA2F6C684BF6E686EC2.e.8942","ELEMENT":"f.3CC06888A91A2B87598FBDB561306D63.d.659E7747D3DDEEA2F6C684BF6E686EC2.e.8942"}]}
COMMAND: POST /session/e75b3d5d2d0828505fb80b5e18bd174b/execute/sync - {"script":"<script> [5351 bytes]","args":[{"element-6066-11e4-a52e-4f735466cecf":"f.3CC06888A91A2B87598FBDB561306D63.d.659E7747D3DDEEA2F6C684BF6E686EC2.e.8942","ELEMENT":"f.3CC06888A91A2B87598FBDB561306D63.d.659E7747D3DDEEA2F6C684BF6E686EC2.e.8942"}]}
COMMAND: GET /session/e75b3d5d2d0828505fb80b5e18bd174b/screenshot - {}
RESULT: {}
RESULT: {"script":"<script> [5351 bytes]","args":[{"element-6066-11e4-a52e-4f735466cecf":"f.3CC06888A91A2B87598FBDB561306D63.d.659E7747D3DDEEA2F6C684BF6E686EC2.e.8942","ELEMENT":"f.3CC06888A91A2B87598FBDB561306D63.d.659E7747D3DDEEA2F6C684BF6E686EC2.e.8942"}]}
COMMAND: POST /session/e75b3d5d2d0828505fb80b5e18bd174b/element/f.3CC06888A91A2B87598FBDB561306D63.d.659E7747D3DDEEA2F6C684BF6E686EC2.e.8942/click - {}
COMMAND: GET /session/e75b3d5d2d0828505fb80b5e18bd174b/screenshot - {}
RESULT: {}
RESULT: {}
COMMAND: GET /session/e75b3d5d2d0828505fb80b5e18bd174b/screenshot - {}
RESULT: {}
RESULT: {}
COMMAND: POST /session/e75b3d5d2d0828505fb80b5e18bd174b/execute/async - {"script":"<script> [1562 bytes]","args":[{"selector":{"id":"application-manageresources-display-component---newResourceUnit--TYPE-arrow"},"wdio_ui5_key":"applicationmanageresources-display-component---newResourceUnit--TYPE-arrow"}]}
RESULT: {"script":"<script> [1562 bytes]","args":[{"selector":{"id":"application-manageresources-display-component---newResourceUnit--TYPE-arrow"},"wdio_ui5_key":"applicationmanageresources-display-component---newResourceUnit--TYPE-arrow"}]}
RESULT: undefined
COMMAND: POST /session/e75b3d5d2d0828505fb80b5e18bd174b/element - {"using":"xpath","value":"//*[@id=\"application-manageresources-display-component---newResourceUnit--TYPE-arrow\"]"}
RESULT: {"using":"xpath","value":"//*[@id=\"application-manageresources-display-component---newResourceUnit--TYPE-arrow\"]"}
COMMAND: POST /session/e75b3d5d2d0828505fb80b5e18bd174b/element/f.3CC06888A91A2B87598FBDB561306D63.d.659E7747D3DDEEA2F6C684BF6E686EC2.e.9311/click - {}
RESULT: {}
COMMAND: POST /session/e75b3d5d2d0828505fb80b5e18bd174b/element - {"using":"xpath","value":"//input[@id=\"application-manageresources-display-component---newResourceUnit--TYPE-inner\"]"}
COMMAND: GET /session/e75b3d5d2d0828505fb80b5e18bd174b/screenshot - {}
RESULT: {"using":"xpath","value":"//input[@id=\"application-manageresources-display-component---newResourceUnit--TYPE-inner\"]"}
COMMAND: POST /session/e75b3d5d2d0828505fb80b5e18bd174b/element/f.3CC06888A91A2B87598FBDB561306D63.d.659E7747D3DDEEA2F6C684BF6E686EC2.e.9294/clear - {}
RESULT: {}
RESULT: {}
COMMAND: POST /session/e75b3d5d2d0828505fb80b5e18bd174b/element/f.3CC06888A91A2B87598FBDB561306D63.d.659E7747D3DDEEA2F6C684BF6E686EC2.e.9294/value - {"text":"Equipment"}
COMMAND: GET /session/e75b3d5d2d0828505fb80b5e18bd174b/screenshot - {}
RESULT: {"text":"Equipment"}
COMMAND: GET /session/e75b3d5d2d0828505fb80b5e18bd174b/screenshot - {}
RESULT: {}
RESULT: {}
COMMAND: POST /session/e75b3d5d2d0828505fb80b5e18bd174b/actions - {"actions":[{"id":"action28","type":"key","parameters":{},"actions":[{"type":"keyDown","value":"î€‡"},{"type":"pause","duration":10},{"type":"keyUp","value":"î€‡"}]}]}
RESULT: {"actions":[{"id":"action28","type":"key","parameters":{},"actions":[{"type":"keyDown","value":"î€‡"},{"type":"pause","duration":10},{"type":"keyUp","value":"î€‡"}]}]}
COMMAND: POST /session/e75b3d5d2d0828505fb80b5e18bd174b/execute/async - {"script":"<script> [1562 bytes]","args":[{"selector":{"id":"application-manageresources-display-component---newResourceUnit--resourceId","interaction":{"idSuffix":"inner"}},"wdio_ui5_key":"applicationmanageresources-display-component---newResourceUnit--resourceId"}]}
COMMAND: GET /session/e75b3d5d2d0828505fb80b5e18bd174b/screenshot - {}
RESULT: {"script":"<script> [1562 bytes]","args":[{"selector":{"id":"application-manageresources-display-component---newResourceUnit--resourceId","interaction":{"idSuffix":"inner"}},"wdio_ui5_key":"applicationmanageresources-display-component---newResourceUnit--resourceId"}]}
RESULT: undefined
COMMAND: POST /session/e75b3d5d2d0828505fb80b5e18bd174b/execute/async - {"script":"<script> [776 bytes]","args":[{"enterText":"tGIjS39AAG","selector":{"id":"application-manageresources-display-component---newResourceUnit--resourceId","interaction":{"idSuffix":"inner"}},"clearTextFirst":true,"interactionType":"ENTER_TEXT"}]}
RESULT: {}
RESULT: {"script":"<script> [776 bytes]","args":[{"enterText":"tGIjS39AAG","selector":{"id":"application-manageresources-display-component---newResourceUnit--resourceId","interaction":{"idSuffix":"inner"}},"clearTextFirst":true,"interactionType":"ENTER_TEXT"}]}
COMMAND: POST /session/e75b3d5d2d0828505fb80b5e18bd174b/execute/async - {"script":"<script> [1562 bytes]","args":[{"selector":{"id":"application-manageresources-display-component---newResourceUnit--SHORT_TEXT","interaction":{"idSuffix":"inner"}},"wdio_ui5_key":"applicationmanageresources-display-component---newResourceUnit--SHORT_TEXT"}]}
RESULT: {"script":"<script> [1562 bytes]","args":[{"selector":{"id":"application-manageresources-display-component---newResourceUnit--SHORT_TEXT","interaction":{"idSuffix":"inner"}},"wdio_ui5_key":"applicationmanageresources-display-component---newResourceUnit--SHORT_TEXT"}]}
RESULT: undefined
COMMAND: POST /session/e75b3d5d2d0828505fb80b5e18bd174b/execute/async - {"script":"<script> [776 bytes]","args":[{"enterText":"Intercompany Equipment WDIO","selector":{"id":"application-manageresources-display-component---newResourceUnit--SHORT_TEXT","interaction":{"idSuffix":"inner"}},"clearTextFirst":true,"interactionType":"ENTER_TEXT"}]}
RESULT: {"script":"<script> [776 bytes]","args":[{"enterText":"Intercompany Equipment WDIO","selector":{"id":"application-manageresources-display-component---newResourceUnit--SHORT_TEXT","interaction":{"idSuffix":"inner"}},"clearTextFirst":true,"interactionType":"ENTER_TEXT"}]}
COMMAND: POST /session/e75b3d5d2d0828505fb80b5e18bd174b/execute/async - {"script":"<script> [1562 bytes]","args":[{"selector":{"id":"application-manageresources-display-component---newResourceUnit--BASE_UNIT_OF_MEASURE","interaction":{"idSuffix":"inner"}},"wdio_ui5_key":"applicationmanageresources-display-component---newResourceUnit--BASE_UNIT_OF_MEASURE"}]}
RESULT: {"script":"<script> [1562 bytes]","args":[{"selector":{"id":"application-manageresources-display-component---newResourceUnit--BASE_UNIT_OF_MEASURE","interaction":{"idSuffix":"inner"}},"wdio_ui5_key":"applicationmanageresources-display-component---newResourceUnit--BASE_UNIT_OF_MEASURE"}]}
RESULT: undefined
COMMAND: POST /session/e75b3d5d2d0828505fb80b5e18bd174b/execute/async - {"script":"<script> [776 bytes]","args":[{"enterText":"Piece","selector":{"id":"application-manageresources-display-component---newResourceUnit--BASE_UNIT_OF_MEASURE","interaction":{"idSuffix":"inner"}},"clearTextFirst":true,"interactionType":"ENTER_TEXT"}]}
RESULT: {"script":"<script> [776 bytes]","args":[{"enterText":"Piece","selector":{"id":"application-manageresources-display-component---newResourceUnit--BASE_UNIT_OF_MEASURE","interaction":{"idSuffix":"inner"}},"clearTextFirst":true,"interactionType":"ENTER_TEXT"}]}
COMMAND: POST /session/e75b3d5d2d0828505fb80b5e18bd174b/execute/async - {"script":"<script> [1562 bytes]","args":[{"selector":{"id":"application-manageresources-display-component---newResourceUnit--WEIGHT_UNIT","interaction":{"idSuffix":"inner"}},"wdio_ui5_key":"applicationmanageresources-display-component---newResourceUnit--WEIGHT_UNIT"}]}
RESULT: {"script":"<script> [1562 bytes]","args":[{"selector":{"id":"application-manageresources-display-component---newResourceUnit--WEIGHT_UNIT","interaction":{"idSuffix":"inner"}},"wdio_ui5_key":"applicationmanageresources-display-component---newResourceUnit--WEIGHT_UNIT"}]}
RESULT: undefined
COMMAND: POST /session/e75b3d5d2d0828505fb80b5e18bd174b/execute/async - {"script":"<script> [776 bytes]","args":[{"enterText":"Gram","selector":{"id":"application-manageresources-display-component---newResourceUnit--WEIGHT_UNIT","interaction":{"idSuffix":"inner"}},"clearTextFirst":true,"interactionType":"ENTER_TEXT"}]}
RESULT: {"script":"<script> [776 bytes]","args":[{"enterText":"Gram","selector":{"id":"application-manageresources-display-component---newResourceUnit--WEIGHT_UNIT","interaction":{"idSuffix":"inner"}},"clearTextFirst":true,"interactionType":"ENTER_TEXT"}]}
COMMAND: POST /session/e75b3d5d2d0828505fb80b5e18bd174b/execute/async - {"script":"<script> [1562 bytes]","args":[{"selector":{"id":"application-manageresources-display-component---newResourceUnit--DIMENSION_UNIT","interaction":{"idSuffix":"inner"}},"wdio_ui5_key":"applicationmanageresources-display-component---newResourceUnit--DIMENSION_UNIT"}]}
RESULT: {"script":"<script> [1562 bytes]","args":[{"selector":{"id":"application-manageresources-display-component---newResourceUnit--DIMENSION_UNIT","interaction":{"idSuffix":"inner"}},"wdio_ui5_key":"applicationmanageresources-display-component---newResourceUnit--DIMENSION_UNIT"}]}
RESULT: undefined
COMMAND: POST /session/e75b3d5d2d0828505fb80b5e18bd174b/execute/async - {"script":"<script> [776 bytes]","args":[{"enterText":"Meter","selector":{"id":"application-manageresources-display-component---newResourceUnit--DIMENSION_UNIT","interaction":{"idSuffix":"inner"}},"clearTextFirst":true,"interactionType":"ENTER_TEXT"}]}
RESULT: {"script":"<script> [776 bytes]","args":[{"enterText":"Meter","selector":{"id":"application-manageresources-display-component---newResourceUnit--DIMENSION_UNIT","interaction":{"idSuffix":"inner"}},"clearTextFirst":true,"interactionType":"ENTER_TEXT"}]}
COMMAND: POST /session/e75b3d5d2d0828505fb80b5e18bd174b/execute/async - {"script":"<script> [1562 bytes]","args":[{"selector":{"id":"application-manageresources-display-component---newResourceUnit--newRRUPage-anchBar-application-manageresources-display-component---newResourceUnit--control-anchor","interaction":{"idSuffix":"BDI-content"}},"wdio_ui5_key":"applicationmanageresources-display-component---newResourceUnit--newRRUPage-anchBar-application-manageresources-display-component---newResourceUnit--control-anchor"}]}
RESULT: {"script":"<script> [1562 bytes]","args":[{"selector":{"id":"application-manageresources-display-component---newResourceUnit--newRRUPage-anchBar-application-manageresources-display-component---newResourceUnit--control-anchor","interaction":{"idSuffix":"BDI-content"}},"wdio_ui5_key":"applicationmanageresources-display-component---newResourceUnit--newRRUPage-anchBar-application-manageresources-display-component---newResourceUnit--control-anchor"}]}
RESULT: undefined
COMMAND: POST /session/e75b3d5d2d0828505fb80b5e18bd174b/element - {"using":"xpath","value":"//*[@id=\"application-manageresources-display-component---newResourceUnit--newRRUPage-anchBar-application-manageresources-display-component---newResourceUnit--control-anchor\"]"}
RESULT: {"using":"xpath","value":"//*[@id=\"application-manageresources-display-component---newResourceUnit--newRRUPage-anchBar-application-manageresources-display-component---newResourceUnit--control-anchor\"]"}
COMMAND: POST /session/e75b3d5d2d0828505fb80b5e18bd174b/element/f.3CC06888A91A2B87598FBDB561306D63.d.659E7747D3DDEEA2F6C684BF6E686EC2.e.9443/click - {}
RESULT: {}
COMMAND: POST /session/e75b3d5d2d0828505fb80b5e18bd174b/execute/async - {"script":"<script> [1562 bytes]","args":[{"selector":{"id":"application-manageresources-display-component---newResourceUnit--PLANNING_GROUP","interaction":{"idSuffix":"inner"}},"wdio_ui5_key":"applicationmanageresources-display-component---newResourceUnit--PLANNING_GROUP"}]}
COMMAND: GET /session/e75b3d5d2d0828505fb80b5e18bd174b/screenshot - {}
RESULT: {"script":"<script> [1562 bytes]","args":[{"selector":{"id":"application-manageresources-display-component---newResourceUnit--PLANNING_GROUP","interaction":{"idSuffix":"inner"}},"wdio_ui5_key":"applicationmanageresources-display-component---newResourceUnit--PLANNING_GROUP"}]}
RESULT: undefined
COMMAND: POST /session/e75b3d5d2d0828505fb80b5e18bd174b/execute/async - {"script":"<script> [776 bytes]","args":[{"enterText":"Heavy Equi","selector":{"id":"application-manageresources-display-component---newResourceUnit--PLANNING_GROUP","interaction":{"idSuffix":"inner"}},"clearTextFirst":true,"interactionType":"ENTER_TEXT"}]}
RESULT: {}
RESULT: {"script":"<script> [776 bytes]","args":[{"enterText":"Heavy Equi","selector":{"id":"application-manageresources-display-component---newResourceUnit--PLANNING_GROUP","interaction":{"idSuffix":"inner"}},"clearTextFirst":true,"interactionType":"ENTER_TEXT"}]}
COMMAND: POST /session/e75b3d5d2d0828505fb80b5e18bd174b/execute/async - {"script":"<script> [1562 bytes]","args":[{"selector":{"id":"application-manageresources-display-component---newResourceUnit--ITEM_TYPE-arrow"},"wdio_ui5_key":"applicationmanageresources-display-component---newResourceUnit--ITEM_TYPE-arrow"}]}
RESULT: {"script":"<script> [1562 bytes]","args":[{"selector":{"id":"application-manageresources-display-component---newResourceUnit--ITEM_TYPE-arrow"},"wdio_ui5_key":"applicationmanageresources-display-component---newResourceUnit--ITEM_TYPE-arrow"}]}
RESULT: undefined
COMMAND: POST /session/e75b3d5d2d0828505fb80b5e18bd174b/element - {"using":"xpath","value":"//*[@id=\"application-manageresources-display-component---newResourceUnit--ITEM_TYPE-arrow\"]"}
RESULT: {"using":"xpath","value":"//*[@id=\"application-manageresources-display-component---newResourceUnit--ITEM_TYPE-arrow\"]"}
COMMAND: POST /session/e75b3d5d2d0828505fb80b5e18bd174b/element/f.3CC06888A91A2B87598FBDB561306D63.d.659E7747D3DDEEA2F6C684BF6E686EC2.e.9452/click - {}
RESULT: {}
COMMAND: POST /session/e75b3d5d2d0828505fb80b5e18bd174b/element - {"using":"xpath","value":"(//span[contains(text(), \"Resource Unit\")])[2]"}
COMMAND: GET /session/e75b3d5d2d0828505fb80b5e18bd174b/screenshot - {}
RESULT: {"using":"xpath","value":"(//span[contains(text(), \"Resource Unit\")])[2]"}
COMMAND: POST /session/e75b3d5d2d0828505fb80b5e18bd174b/element/f.3CC06888A91A2B87598FBDB561306D63.d.659E7747D3DDEEA2F6C684BF6E686EC2.e.9453/click - {}
RESULT: {}
RESULT: {}
COMMAND: GET /session/e75b3d5d2d0828505fb80b5e18bd174b/screenshot - {}
RESULT: {}
COMMAND: POST /session/e75b3d5d2d0828505fb80b5e18bd174b/element - {"using":"css selector","value":"#application-manageresources-display-component---newResourceUnit--btnAddTimeSegment"}
RESULT: {"using":"css selector","value":"#application-manageresources-display-component---newResourceUnit--btnAddTimeSegment"}
COMMAND: GET /session/e75b3d5d2d0828505fb80b5e18bd174b/element/f.3CC06888A91A2B87598FBDB561306D63.d.659E7747D3DDEEA2F6C684BF6E686EC2.e.9454/rect - {}
RESULT: {}
COMMAND: GET /session/e75b3d5d2d0828505fb80b5e18bd174b/window/rect - {}
RESULT: {}
COMMAND: POST /session/e75b3d5d2d0828505fb80b5e18bd174b/execute/sync - {"script":"<script> [92 bytes]","args":[]}
RESULT: {"script":"<script> [92 bytes]","args":[]}
COMMAND: POST /session/e75b3d5d2d0828505fb80b5e18bd174b/actions - {"actions":[{"id":"action29","type":"wheel","parameters":{},"actions":[{"type":"scroll","x":-1888,"y":-32,"deltaX":0,"deltaY":0,"duration":0,"origin":{"element-6066-11e4-a52e-4f735466cecf":"f.3CC06888A91A2B87598FBDB561306D63.d.659E7747D3DDEEA2F6C684BF6E686EC2.e.9454"}}]}]}
COMMAND: GET /session/e75b3d5d2d0828505fb80b5e18bd174b/screenshot - {}
RESULT: {}
COMMAND: POST /session/e75b3d5d2d0828505fb80b5e18bd174b/execute/sync - {"script":"<script> [79 bytes]","args":[{"element-6066-11e4-a52e-4f735466cecf":"f.3CC06888A91A2B87598FBDB561306D63.d.659E7747D3DDEEA2F6C684BF6E686EC2.e.9454","ELEMENT":"f.3CC06888A91A2B87598FBDB561306D63.d.659E7747D3DDEEA2F6C684BF6E686EC2.e.9454"},{"block":"start","inline":"nearest"}]}
RESULT: {"script":"<script> [79 bytes]","args":[{"element-6066-11e4-a52e-4f735466cecf":"f.3CC06888A91A2B87598FBDB561306D63.d.659E7747D3DDEEA2F6C684BF6E686EC2.e.9454","ELEMENT":"f.3CC06888A91A2B87598FBDB561306D63.d.659E7747D3DDEEA2F6C684BF6E686EC2.e.9454"},{"block":"start","inline":"nearest"}]}
COMMAND: POST /session/e75b3d5d2d0828505fb80b5e18bd174b/execute/async - {"script":"<script> [1562 bytes]","args":[{"selector":{"id":"application-manageresources-display-component---newResourceUnit--btnAddTimeSegment","interaction":{"idSuffix":"inner"}},"wdio_ui5_key":"applicationmanageresources-display-component---newResourceUnit--btnAddTimeSegment"}]}
COMMAND: GET /session/e75b3d5d2d0828505fb80b5e18bd174b/screenshot - {}
RESULT: {"script":"<script> [1562 bytes]","args":[{"selector":{"id":"application-manageresources-display-component---newResourceUnit--btnAddTimeSegment","interaction":{"idSuffix":"inner"}},"wdio_ui5_key":"applicationmanageresources-display-component---newResourceUnit--btnAddTimeSegment"}]}
RESULT: undefined
COMMAND: POST /session/e75b3d5d2d0828505fb80b5e18bd174b/element - {"using":"xpath","value":"//*[@id=\"application-manageresources-display-component---newResourceUnit--btnAddTimeSegment\"]"}
RESULT: {}
RESULT: {"using":"xpath","value":"//*[@id=\"application-manageresources-display-component---newResourceUnit--btnAddTimeSegment\"]"}
COMMAND: POST /session/e75b3d5d2d0828505fb80b5e18bd174b/element/f.3CC06888A91A2B87598FBDB561306D63.d.659E7747D3DDEEA2F6C684BF6E686EC2.e.9454/click - {}
RESULT: {}
COMMAND: GET /session/e75b3d5d2d0828505fb80b5e18bd174b/screenshot - {}
RESULT: {}
COMMAND: POST /session/e75b3d5d2d0828505fb80b5e18bd174b/element - {"using":"xpath","value":"//input[@id=\"application-manageresources-display-component---newResourceUnit--idRuTSAdmin-application-manageresources-display-component---newResourceUnit--RUTimeSegment-0-inner\"]"}
RESULT: {"using":"xpath","value":"//input[@id=\"application-manageresources-display-component---newResourceUnit--idRuTSAdmin-application-manageresources-display-component---newResourceUnit--RUTimeSegment-0-inner\"]"}
COMMAND: POST /session/e75b3d5d2d0828505fb80b5e18bd174b/element/f.3CC06888A91A2B87598FBDB561306D63.d.659E7747D3DDEEA2F6C684BF6E686EC2.e.9460/clear - {}
RESULT: {}
COMMAND: POST /session/e75b3d5d2d0828505fb80b5e18bd174b/element/f.3CC06888A91A2B87598FBDB561306D63.d.659E7747D3DDEEA2F6C684BF6E686EC2.e.9460/value - {"text":"564"}
COMMAND: GET /session/e75b3d5d2d0828505fb80b5e18bd174b/screenshot - {}
RESULT: {"text":"564"}
COMMAND: GET /session/e75b3d5d2d0828505fb80b5e18bd174b/screenshot - {}
RESULT: {}
RESULT: {}
COMMAND: POST /session/e75b3d5d2d0828505fb80b5e18bd174b/element - {"using":"xpath","value":"//li[.//span[text()='564']]"}
RESULT: {"using":"xpath","value":"//li[.//span[text()='564']]"}
COMMAND: POST /session/e75b3d5d2d0828505fb80b5e18bd174b/element/f.3CC06888A91A2B87598FBDB561306D63.d.659E7747D3DDEEA2F6C684BF6E686EC2.e.9474/click - {}
RESULT: {}
COMMAND: GET /session/e75b3d5d2d0828505fb80b5e18bd174b/screenshot - {}
RESULT: {}
COMMAND: POST /session/e75b3d5d2d0828505fb80b5e18bd174b/element - {"using":"xpath","value":"(//span[contains(@id, \"-application-manageresources-display-component---newResourceUnit--RUTimeSegment-0-arrow\")])[6]"}
RESULT: {"using":"xpath","value":"(//span[contains(@id, \"-application-manageresources-display-component---newResourceUnit--RUTimeSegment-0-arrow\")])[6]"}
COMMAND: POST /session/e75b3d5d2d0828505fb80b5e18bd174b/element/f.3CC06888A91A2B87598FBDB561306D63.d.659E7747D3DDEEA2F6C684BF6E686EC2.e.9475/click - {}
RESULT: {}
COMMAND: GET /session/e75b3d5d2d0828505fb80b5e18bd174b/screenshot - {}
RESULT: {}
COMMAND: POST /session/e75b3d5d2d0828505fb80b5e18bd174b/element - {"using":"xpath","value":"//span[contains(text(), \"PM Order\")]"}
RESULT: {"using":"xpath","value":"//span[contains(text(), \"PM Order\")]"}
COMMAND: POST /session/e75b3d5d2d0828505fb80b5e18bd174b/element/f.3CC06888A91A2B87598FBDB561306D63.d.659E7747D3DDEEA2F6C684BF6E686EC2.e.9478/click - {}
RESULT: {}
COMMAND: GET /session/e75b3d5d2d0828505fb80b5e18bd174b/screenshot - {}
RESULT: {}
COMMAND: POST /session/e75b3d5d2d0828505fb80b5e18bd174b/element - {"using":"xpath","value":"(//span[contains(@id ,\"manageresources-display-component---newResourceUnit--RUTimeSegment-0-vhi\")])[1]"}
RESULT: {"using":"xpath","value":"(//span[contains(@id ,\"manageresources-display-component---newResourceUnit--RUTimeSegment-0-vhi\")])[1]"}
COMMAND: GET /session/e75b3d5d2d0828505fb80b5e18bd174b/element/f.3CC06888A91A2B87598FBDB561306D63.d.659E7747D3DDEEA2F6C684BF6E686EC2.e.9482/rect - {}
RESULT: {}
COMMAND: GET /session/e75b3d5d2d0828505fb80b5e18bd174b/window/rect - {}
RESULT: {}
COMMAND: POST /session/e75b3d5d2d0828505fb80b5e18bd174b/execute/sync - {"script":"<script> [92 bytes]","args":[]}
RESULT: {"script":"<script> [92 bytes]","args":[]}
COMMAND: POST /session/e75b3d5d2d0828505fb80b5e18bd174b/actions - {"actions":[{"id":"action30","type":"wheel","parameters":{},"actions":[{"type":"scroll","x":-869,"y":-24,"deltaX":0,"deltaY":0,"duration":0,"origin":{"element-6066-11e4-a52e-4f735466cecf":"f.3CC06888A91A2B87598FBDB561306D63.d.659E7747D3DDEEA2F6C684BF6E686EC2.e.9482"}}]}]}
COMMAND: GET /session/e75b3d5d2d0828505fb80b5e18bd174b/screenshot - {}
RESULT: {"actions":[{"id":"action30","type":"wheel","parameters":{},"actions":[{"type":"scroll","x":-869,"y":-24,"deltaX":0,"deltaY":0,"duration":0,"origin":{"element-6066-11e4-a52e-4f735466cecf":"f.3CC06888A91A2B87598FBDB561306D63.d.659E7747D3DDEEA2F6C684BF6E686EC2.e.9482"}}]}]}
COMMAND: DELETE /session/e75b3d5d2d0828505fb80b5e18bd174b/actions - {}
COMMAND: GET /session/e75b3d5d2d0828505fb80b5e18bd174b/screenshot - {}
RESULT: {}
RESULT: {}
COMMAND: GET /session/e75b3d5d2d0828505fb80b5e18bd174b/screenshot - {}
RESULT: {}
RESULT: {}
COMMAND: POST /session/e75b3d5d2d0828505fb80b5e18bd174b/element/f.3CC06888A91A2B87598FBDB561306D63.d.659E7747D3DDEEA2F6C684BF6E686EC2.e.9482/click - {}
RESULT: {}
COMMAND: GET /session/e75b3d5d2d0828505fb80b5e18bd174b/screenshot - {}
RESULT: {}
COMMAND: POST /session/e75b3d5d2d0828505fb80b5e18bd174b/execute/async - {"script":"<script> [1562 bytes]","args":[{"selector":{"controlType":"sap.m.SearchField","properties":{"placeholder":"Search"},"searchOpenDialogs":true,"interaction":{"idSuffix":"I"}},"wdio_ui5_key":"sapm.SearchField{\"placeholder\":\"Search\"}"}]}
RESULT: {"script":"<script> [1562 bytes]","args":[{"selector":{"controlType":"sap.m.SearchField","properties":{"placeholder":"Search"},"searchOpenDialogs":true,"interaction":{"idSuffix":"I"}},"wdio_ui5_key":"sapm.SearchField{\"placeholder\":\"Search\"}"}]}
RESULT: undefined
COMMAND: POST /session/e75b3d5d2d0828505fb80b5e18bd174b/execute/async - {"script":"<script> [776 bytes]","args":[{"enterText":"4000360","selector":{"controlType":"sap.m.SearchField","properties":{"placeholder":"Search"},"searchOpenDialogs":true,"interaction":{"idSuffix":"I"}},"clearTextFirst":true,"interactionType":"ENTER_TEXT"}]}
RESULT: {"script":"<script> [776 bytes]","args":[{"enterText":"4000360","selector":{"controlType":"sap.m.SearchField","properties":{"placeholder":"Search"},"searchOpenDialogs":true,"interaction":{"idSuffix":"I"}},"clearTextFirst":true,"interactionType":"ENTER_TEXT"}]}
COMMAND: POST /session/e75b3d5d2d0828505fb80b5e18bd174b/actions - {"actions":[{"id":"action31","type":"key","parameters":{},"actions":[{"type":"keyDown","value":"î€‡"},{"type":"pause","duration":10},{"type":"keyUp","value":"î€‡"}]}]}
RESULT: {"actions":[{"id":"action31","type":"key","parameters":{},"actions":[{"type":"keyDown","value":"î€‡"},{"type":"pause","duration":10},{"type":"keyUp","value":"î€‡"}]}]}
COMMAND: GET /session/e75b3d5d2d0828505fb80b5e18bd174b/screenshot - {}
RESULT: {}
COMMAND: POST /session/e75b3d5d2d0828505fb80b5e18bd174b/element - {"using":"xpath","value":"//td/div/span[contains(text(), \"BGL Vehicles\")]"}
RESULT: {"using":"xpath","value":"//td/div/span[contains(text(), \"BGL Vehicles\")]"}
COMMAND: POST /session/e75b3d5d2d0828505fb80b5e18bd174b/element/f.3CC06888A91A2B87598FBDB561306D63.d.659E7747D3DDEEA2F6C684BF6E686EC2.e.9504/click - {}
RESULT: {}
COMMAND: GET /session/e75b3d5d2d0828505fb80b5e18bd174b/screenshot - {}
RESULT: {}
COMMAND: POST /session/e75b3d5d2d0828505fb80b5e18bd174b/element - {"using":"xpath","value":"//bdi[contains(text(), \"OK\")]"}
RESULT: {"using":"xpath","value":"//bdi[contains(text(), \"OK\")]"}
COMMAND: POST /session/e75b3d5d2d0828505fb80b5e18bd174b/element/f.3CC06888A91A2B87598FBDB561306D63.d.659E7747D3DDEEA2F6C684BF6E686EC2.e.9505/click - {}
RESULT: {}
COMMAND: GET /session/e75b3d5d2d0828505fb80b5e18bd174b/screenshot - {}
RESULT: {}
COMMAND: POST /session/e75b3d5d2d0828505fb80b5e18bd174b/execute/async - {"script":"<script> [1562 bytes]","args":[{"selector":{"id":"application-manageresources-display-component---newResourceUnit--newRRUPage-anchBar-application-manageresources-display-component---newResourceUnit--resource-anchor","interaction":{"idSuffix":"BDI-content"}},"wdio_ui5_key":"applicationmanageresources-display-component---newResourceUnit--newRRUPage-anchBar-application-manageresources-display-component---newResourceUnit--resource-anchor"}]}
RESULT: {"script":"<script> [1562 bytes]","args":[{"selector":{"id":"application-manageresources-display-component---newResourceUnit--newRRUPage-anchBar-application-manageresources-display-component---newResourceUnit--resource-anchor","interaction":{"idSuffix":"BDI-content"}},"wdio_ui5_key":"applicationmanageresources-display-component---newResourceUnit--newRRUPage-anchBar-application-manageresources-display-component---newResourceUnit--resource-anchor"}]}
RESULT: undefined
COMMAND: POST /session/e75b3d5d2d0828505fb80b5e18bd174b/element - {"using":"xpath","value":"//*[@id=\"application-manageresources-display-component---newResourceUnit--newRRUPage-anchBar-application-manageresources-display-component---newResourceUnit--resource-anchor\"]"}
RESULT: {"using":"xpath","value":"//*[@id=\"application-manageresources-display-component---newResourceUnit--newRRUPage-anchBar-application-manageresources-display-component---newResourceUnit--resource-anchor\"]"}
COMMAND: POST /session/e75b3d5d2d0828505fb80b5e18bd174b/element/f.3CC06888A91A2B87598FBDB561306D63.d.659E7747D3DDEEA2F6C684BF6E686EC2.e.9509/click - {}
RESULT: {}
COMMAND: POST /session/e75b3d5d2d0828505fb80b5e18bd174b/execute/async - {"script":"<script> [1562 bytes]","args":[{"selector":{"id":"application-manageresources-display-component---newResourceUnit--PLANNED_DELIVERY_DATE","interaction":{"idSuffix":"inner"}},"wdio_ui5_key":"applicationmanageresources-display-component---newResourceUnit--PLANNED_DELIVERY_DATE"}]}
COMMAND: GET /session/e75b3d5d2d0828505fb80b5e18bd174b/screenshot - {}
RESULT: {"script":"<script> [1562 bytes]","args":[{"selector":{"id":"application-manageresources-display-component---newResourceUnit--PLANNED_DELIVERY_DATE","interaction":{"idSuffix":"inner"}},"wdio_ui5_key":"applicationmanageresources-display-component---newResourceUnit--PLANNED_DELIVERY_DATE"}]}
RESULT: undefined
COMMAND: POST /session/e75b3d5d2d0828505fb80b5e18bd174b/execute/async - {"script":"<script> [6424 bytes]","args":[{"element-6066-11e4-a52e-4f735466cecf":"f.3CC06888A91A2B87598FBDB561306D63.d.659E7747D3DDEEA2F6C684BF6E686EC2.e.9368"},"setValue",["5/19/25"]]}
RESULT: {}
RESULT: {"script":"<script> [6424 bytes]","args":[{"element-6066-11e4-a52e-4f735466cecf":"f.3CC06888A91A2B87598FBDB561306D63.d.659E7747D3DDEEA2F6C684BF6E686EC2.e.9368"},"setValue",["5/19/25"]]}
COMMAND: POST /session/e75b3d5d2d0828505fb80b5e18bd174b/element - {"using":"xpath","value":"//label[contains(@class, 'sapMLabelRequired') and .//bdi[contains(text(), 'Planned Retirement')]]"}
RESULT: {"using":"xpath","value":"//label[contains(@class, 'sapMLabelRequired') and .//bdi[contains(text(), 'Planned Retirement')]]"}
COMMAND: POST /session/e75b3d5d2d0828505fb80b5e18bd174b/elements - {"using":"xpath","value":"//label[contains(@class, 'sapMLabelRequired') and .//bdi[contains(text(), 'Planned Retirement')]]"}
RESULT: {"using":"xpath","value":"//label[contains(@class, 'sapMLabelRequired') and .//bdi[contains(text(), 'Planned Retirement')]]"}
COMMAND: POST /session/e75b3d5d2d0828505fb80b5e18bd174b/element - {"using":"xpath","value":"//button[@data-kt=\"resourceUnitSaveButton\"]"}
RESULT: {"using":"xpath","value":"//button[@data-kt=\"resourceUnitSaveButton\"]"}
COMMAND: POST /session/e75b3d5d2d0828505fb80b5e18bd174b/element/f.3CC06888A91A2B87598FBDB561306D63.d.659E7747D3DDEEA2F6C684BF6E686EC2.e.9328/click - {}
RESULT: {}
COMMAND: GET /session/e75b3d5d2d0828505fb80b5e18bd174b/screenshot - {}
RESULT: {}
COMMAND: POST /session/e75b3d5d2d0828505fb80b5e18bd174b/element - {"using":"xpath","value":"//bdi[contains(text(), \"Close\")]"}
RESULT: {"using":"xpath","value":"//bdi[contains(text(), \"Close\")]"}
COMMAND: POST /session/e75b3d5d2d0828505fb80b5e18bd174b/element/f.3CC06888A91A2B87598FBDB561306D63.d.659E7747D3DDEEA2F6C684BF6E686EC2.e.9519/click - {}
RESULT: {}
COMMAND: GET /session/e75b3d5d2d0828505fb80b5e18bd174b/screenshot - {}
RESULT: {}
COMMAND: POST /session/e75b3d5d2d0828505fb80b5e18bd174b/element - {"using":"xpath","value":"//bdi[contains(text(), \"Edit\")]"}
RESULT: {"using":"xpath","value":"//bdi[contains(text(), \"Edit\")]"}
COMMAND: POST /session/e75b3d5d2d0828505fb80b5e18bd174b/execute/sync - {"script":"<script> [8489 bytes]","args":[{"element-6066-11e4-a52e-4f735466cecf":"f.3CC06888A91A2B87598FBDB561306D63.d.659E7747D3DDEEA2F6C684BF6E686EC2.e.9550","ELEMENT":"f.3CC06888A91A2B87598FBDB561306D63.d.659E7747D3DDEEA2F6C684BF6E686EC2.e.9550"}]}
RESULT: {"script":"<script> [8489 bytes]","args":[{"element-6066-11e4-a52e-4f735466cecf":"f.3CC06888A91A2B87598FBDB561306D63.d.659E7747D3DDEEA2F6C684BF6E686EC2.e.9550","ELEMENT":"f.3CC06888A91A2B87598FBDB561306D63.d.659E7747D3DDEEA2F6C684BF6E686EC2.e.9550"}]}
COMMAND: POST /session/e75b3d5d2d0828505fb80b5e18bd174b/element/f.3CC06888A91A2B87598FBDB561306D63.d.659E7747D3DDEEA2F6C684BF6E686EC2.e.9550/click - {}
COMMAND: GET /session/e75b3d5d2d0828505fb80b5e18bd174b/screenshot - {}
RESULT: {}
COMMAND: GET /session/e75b3d5d2d0828505fb80b5e18bd174b/screenshot - {}
RESULT: {}
RESULT: {}
COMMAND: POST /session/e75b3d5d2d0828505fb80b5e18bd174b/execute/async - {"script":"<script> [1562 bytes]","args":[{"selector":{"id":"application-manageresources-display-component---editResource--editRruPage-anchBar-application-manageresources-display-component---editResource--counters-anchor","interaction":{"idSuffix":"BDI-content"}},"wdio_ui5_key":"applicationmanageresources-display-component---editResource--editRruPage-anchBar-application-manageresources-display-component---editResource--counters-anchor"}]}
RESULT: {"script":"<script> [1562 bytes]","args":[{"selector":{"id":"application-manageresources-display-component---editResource--editRruPage-anchBar-application-manageresources-display-component---editResource--counters-anchor","interaction":{"idSuffix":"BDI-content"}},"wdio_ui5_key":"applicationmanageresources-display-component---editResource--editRruPage-anchBar-application-manageresources-display-component---editResource--counters-anchor"}]}
RESULT: undefined
COMMAND: POST /session/e75b3d5d2d0828505fb80b5e18bd174b/element - {"using":"xpath","value":"//*[@id=\"application-manageresources-display-component---editResource--editRruPage-anchBar-application-manageresources-display-component---editResource--counters-anchor\"]"}
RESULT: {"using":"xpath","value":"//*[@id=\"application-manageresources-display-component---editResource--editRruPage-anchBar-application-manageresources-display-component---editResource--counters-anchor\"]"}
COMMAND: POST /session/e75b3d5d2d0828505fb80b5e18bd174b/element/f.3CC06888A91A2B87598FBDB561306D63.d.659E7747D3DDEEA2F6C684BF6E686EC2.e.9659/click - {}
RESULT: {}
COMMAND: GET /session/e75b3d5d2d0828505fb80b5e18bd174b/screenshot - {}
RESULT: {}
COMMAND: POST /session/e75b3d5d2d0828505fb80b5e18bd174b/execute/async - {"script":"<script> [1562 bytes]","args":[{"selector":{"id":"application-manageresources-display-component---editResource--btnAddCounter-img"},"wdio_ui5_key":"applicationmanageresources-display-component---editResource--btnAddCounter-img"}]}
RESULT: {"script":"<script> [1562 bytes]","args":[{"selector":{"id":"application-manageresources-display-component---editResource--btnAddCounter-img"},"wdio_ui5_key":"applicationmanageresources-display-component---editResource--btnAddCounter-img"}]}
RESULT: undefined
COMMAND: POST /session/e75b3d5d2d0828505fb80b5e18bd174b/element - {"using":"xpath","value":"//*[@id=\"application-manageresources-display-component---editResource--btnAddCounter-img\"]"}
RESULT: {"using":"xpath","value":"//*[@id=\"application-manageresources-display-component---editResource--btnAddCounter-img\"]"}
COMMAND: POST /session/e75b3d5d2d0828505fb80b5e18bd174b/element/f.3CC06888A91A2B87598FBDB561306D63.d.659E7747D3DDEEA2F6C684BF6E686EC2.e.9693/click - {}
RESULT: {}
COMMAND: POST /session/e75b3d5d2d0828505fb80b5e18bd174b/execute/async - {"script":"<script> [1562 bytes]","args":[{"selector":{"id":"application-manageresources-display-component---editResource--COUNTER_ID-application-manageresources-display-component---editResource--RUCounters-0-arrow"},"wdio_ui5_key":"applicationmanageresources-display-component---editResource--COUNTER_ID-application-manageresources-display-component---editResource--RUCounters-0-arrow"}]}
COMMAND: GET /session/e75b3d5d2d0828505fb80b5e18bd174b/screenshot - {}
RESULT: {}
RESULT: {"script":"<script> [1562 bytes]","args":[{"selector":{"id":"application-manageresources-display-component---editResource--COUNTER_ID-application-manageresources-display-component---editResource--RUCounters-0-arrow"},"wdio_ui5_key":"applicationmanageresources-display-component---editResource--COUNTER_ID-application-manageresources-display-component---editResource--RUCounters-0-arrow"}]}
RESULT: undefined
COMMAND: POST /session/e75b3d5d2d0828505fb80b5e18bd174b/element - {"using":"xpath","value":"//*[@id=\"application-manageresources-display-component---editResource--COUNTER_ID-application-manageresources-display-component---editResource--RUCounters-0-arrow\"]"}
RESULT: {"using":"xpath","value":"//*[@id=\"application-manageresources-display-component---editResource--COUNTER_ID-application-manageresources-display-component---editResource--RUCounters-0-arrow\"]"}
COMMAND: POST /session/e75b3d5d2d0828505fb80b5e18bd174b/element/f.3CC06888A91A2B87598FBDB561306D63.d.659E7747D3DDEEA2F6C684BF6E686EC2.e.9698/click - {}
RESULT: {}
COMMAND: POST /session/e75b3d5d2d0828505fb80b5e18bd174b/execute/async - {"script":"<script> [1562 bytes]","args":[{"selector":{"controlType":"sap.m.StandardListItem","viewName":"etm.portal.ui.manageresources.view.EditResource","viewId":"application-manageresources-display-component---editResource","properties":{"title":"fuel"},"searchOpenDialogs":true,"interaction":{"idSuffix":"content"}},"wdio_ui5_key":"etmportal.ui.manageresources.view.EditResourcesap.m.StandardListItem{\"title\":\"fuel\"}"}]}
COMMAND: GET /session/e75b3d5d2d0828505fb80b5e18bd174b/screenshot - {}
RESULT: {"script":"<script> [1562 bytes]","args":[{"selector":{"controlType":"sap.m.StandardListItem","viewName":"etm.portal.ui.manageresources.view.EditResource","viewId":"application-manageresources-display-component---editResource","properties":{"title":"fuel"},"searchOpenDialogs":true,"interaction":{"idSuffix":"content"}},"wdio_ui5_key":"etmportal.ui.manageresources.view.EditResourcesap.m.StandardListItem{\"title\":\"fuel\"}"}]}
RESULT: undefined
COMMAND: POST /session/e75b3d5d2d0828505fb80b5e18bd174b/element - {"using":"xpath","value":"//*[@id=\"__item1144\"]"}
RESULT: {}
RESULT: {"using":"xpath","value":"//*[@id=\"__item1144\"]"}
COMMAND: POST /session/e75b3d5d2d0828505fb80b5e18bd174b/element/f.3CC06888A91A2B87598FBDB561306D63.d.659E7747D3DDEEA2F6C684BF6E686EC2.e.9700/click - {}
RESULT: {}
COMMAND: GET /session/e75b3d5d2d0828505fb80b5e18bd174b/screenshot - {}
RESULT: {}
COMMAND: POST /session/e75b3d5d2d0828505fb80b5e18bd174b/element - {"using":"xpath","value":"//button[@data-kt=\"saveButton\"]"}
RESULT: {"using":"xpath","value":"//button[@data-kt=\"saveButton\"]"}
COMMAND: POST /session/e75b3d5d2d0828505fb80b5e18bd174b/element/f.3CC06888A91A2B87598FBDB561306D63.d.659E7747D3DDEEA2F6C684BF6E686EC2.e.9701/click - {}
RESULT: {}
COMMAND: GET /session/e75b3d5d2d0828505fb80b5e18bd174b/screenshot - {}
RESULT: {}
COMMAND: POST /session/e75b3d5d2d0828505fb80b5e18bd174b/element - {"using":"xpath","value":"(//button[contains(@id ,\"actionsToolbar-overflowButton\")])[1]"}
RESULT: {"using":"xpath","value":"(//button[contains(@id ,\"actionsToolbar-overflowButton\")])[1]"}
COMMAND: POST /session/e75b3d5d2d0828505fb80b5e18bd174b/element/f.3CC06888A91A2B87598FBDB561306D63.d.659E7747D3DDEEA2F6C684BF6E686EC2.e.9713/click - {}
RESULT: {}
COMMAND: GET /session/e75b3d5d2d0828505fb80b5e18bd174b/screenshot - {}
RESULT: {}
COMMAND: POST /session/e75b3d5d2d0828505fb80b5e18bd174b/element - {"using":"xpath","value":"//button[@data-kt=\"priceInfoButton\"]"}
RESULT: {"using":"xpath","value":"//button[@data-kt=\"priceInfoButton\"]"}
COMMAND: POST /session/e75b3d5d2d0828505fb80b5e18bd174b/element/f.3CC06888A91A2B87598FBDB561306D63.d.659E7747D3DDEEA2F6C684BF6E686EC2.e.9715/click - {}
RESULT: {}
COMMAND: GET /session/e75b3d5d2d0828505fb80b5e18bd174b/screenshot - {}
RESULT: {}
]]></system-out>
    </testcase>
    <testcase classname="chrome.136_0_7103_93.windows.Create_master_data_for_mixed_billing_&amp;_do_billing_calculation_US151661" name="Should create a TB pricing procedure" time="52.049">
      <system-out><![CDATA[
COMMAND: POST /session/e75b3d5d2d0828505fb80b5e18bd174b/element - {"using":"xpath","value":"//button[@data-kt=\"addButton\"]"}
RESULT: {"using":"xpath","value":"//button[@data-kt=\"addButton\"]"}
COMMAND: POST /session/e75b3d5d2d0828505fb80b5e18bd174b/elements - {"using":"xpath","value":"//button[@data-kt=\"addButton\"]"}
RESULT: {"using":"xpath","value":"//button[@data-kt=\"addButton\"]"}
COMMAND: POST /session/e75b3d5d2d0828505fb80b5e18bd174b/elements - {"using":"xpath","value":"//button[@data-kt=\"addButton\"]"}
RESULT: {"using":"xpath","value":"//button[@data-kt=\"addButton\"]"}
COMMAND: POST /session/e75b3d5d2d0828505fb80b5e18bd174b/element - {"using":"xpath","value":"//button[@data-kt=\"addButton\"]"}
RESULT: {"using":"xpath","value":"//button[@data-kt=\"addButton\"]"}
COMMAND: POST /session/e75b3d5d2d0828505fb80b5e18bd174b/execute/sync - {"script":"<script> [8489 bytes]","args":[{"element-6066-11e4-a52e-4f735466cecf":"f.3CC06888A91A2B87598FBDB561306D63.d.659E7747D3DDEEA2F6C684BF6E686EC2.e.9751","ELEMENT":"f.3CC06888A91A2B87598FBDB561306D63.d.659E7747D3DDEEA2F6C684BF6E686EC2.e.9751"}]}
RESULT: {"script":"<script> [8489 bytes]","args":[{"element-6066-11e4-a52e-4f735466cecf":"f.3CC06888A91A2B87598FBDB561306D63.d.659E7747D3DDEEA2F6C684BF6E686EC2.e.9751","ELEMENT":"f.3CC06888A91A2B87598FBDB561306D63.d.659E7747D3DDEEA2F6C684BF6E686EC2.e.9751"}]}
COMMAND: GET /session/e75b3d5d2d0828505fb80b5e18bd174b/element/f.3CC06888A91A2B87598FBDB561306D63.d.659E7747D3DDEEA2F6C684BF6E686EC2.e.9751/enabled - {}
COMMAND: GET /session/e75b3d5d2d0828505fb80b5e18bd174b/screenshot - {}
RESULT: {}
COMMAND: POST /session/e75b3d5d2d0828505fb80b5e18bd174b/execute/sync - {"script":"<script> [8489 bytes]","args":[{"element-6066-11e4-a52e-4f735466cecf":"f.3CC06888A91A2B87598FBDB561306D63.d.659E7747D3DDEEA2F6C684BF6E686EC2.e.9751","ELEMENT":"f.3CC06888A91A2B87598FBDB561306D63.d.659E7747D3DDEEA2F6C684BF6E686EC2.e.9751"}]}
COMMAND: GET /session/e75b3d5d2d0828505fb80b5e18bd174b/screenshot - {}
RESULT: {}
RESULT: {"script":"<script> [8489 bytes]","args":[{"element-6066-11e4-a52e-4f735466cecf":"f.3CC06888A91A2B87598FBDB561306D63.d.659E7747D3DDEEA2F6C684BF6E686EC2.e.9751","ELEMENT":"f.3CC06888A91A2B87598FBDB561306D63.d.659E7747D3DDEEA2F6C684BF6E686EC2.e.9751"}]}
COMMAND: POST /session/e75b3d5d2d0828505fb80b5e18bd174b/execute/sync - {"script":"<script> [5351 bytes]","args":[{"element-6066-11e4-a52e-4f735466cecf":"f.3CC06888A91A2B87598FBDB561306D63.d.659E7747D3DDEEA2F6C684BF6E686EC2.e.9751","ELEMENT":"f.3CC06888A91A2B87598FBDB561306D63.d.659E7747D3DDEEA2F6C684BF6E686EC2.e.9751"}]}
COMMAND: GET /session/e75b3d5d2d0828505fb80b5e18bd174b/screenshot - {}
RESULT: {}
RESULT: {"script":"<script> [5351 bytes]","args":[{"element-6066-11e4-a52e-4f735466cecf":"f.3CC06888A91A2B87598FBDB561306D63.d.659E7747D3DDEEA2F6C684BF6E686EC2.e.9751","ELEMENT":"f.3CC06888A91A2B87598FBDB561306D63.d.659E7747D3DDEEA2F6C684BF6E686EC2.e.9751"}]}
COMMAND: POST /session/e75b3d5d2d0828505fb80b5e18bd174b/element/f.3CC06888A91A2B87598FBDB561306D63.d.659E7747D3DDEEA2F6C684BF6E686EC2.e.9751/click - {}
COMMAND: GET /session/e75b3d5d2d0828505fb80b5e18bd174b/screenshot - {}
RESULT: {}
RESULT: {}
COMMAND: GET /session/e75b3d5d2d0828505fb80b5e18bd174b/screenshot - {}
RESULT: {}
RESULT: {}
COMMAND: POST /session/e75b3d5d2d0828505fb80b5e18bd174b/execute/async - {"script":"<script> [1562 bytes]","args":[{"selector":{"controlType":"sap.m.Title","viewName":"etm.portal.ui.managepricingrules.view.NewItem","viewId":"application-managepricingrules-display-component---newInfoPriceItem","properties":{"text":"New Pricing Rules - Item Level"}},"wdio_ui5_key":"etmportal.ui.managepricingrules.view.NewItemsap.m.Title{\"text\":\"New Pricing Rules - Item Level\"}"}]}
RESULT: {"script":"<script> [1562 bytes]","args":[{"selector":{"controlType":"sap.m.Title","viewName":"etm.portal.ui.managepricingrules.view.NewItem","viewId":"application-managepricingrules-display-component---newInfoPriceItem","properties":{"text":"New Pricing Rules - Item Level"}},"wdio_ui5_key":"etmportal.ui.managepricingrules.view.NewItemsap.m.Title{\"text\":\"New Pricing Rules - Item Level\"}"}]}
RESULT: undefined
COMMAND: POST /session/e75b3d5d2d0828505fb80b5e18bd174b/execute/async - {"script":"<script> [6424 bytes]","args":[{"element-6066-11e4-a52e-4f735466cecf":"f.3CC06888A91A2B87598FBDB561306D63.d.659E7747D3DDEEA2F6C684BF6E686EC2.e.9920"},"getText",[]]}
RESULT: {"script":"<script> [6424 bytes]","args":[{"element-6066-11e4-a52e-4f735466cecf":"f.3CC06888A91A2B87598FBDB561306D63.d.659E7747D3DDEEA2F6C684BF6E686EC2.e.9920"},"getText",[]]}
COMMAND: POST /session/e75b3d5d2d0828505fb80b5e18bd174b/execute/async - {"script":"<script> [1562 bytes]","args":[{"selector":{"id":"application-managepricingrules-display-component---newInfoPriceItem--condValidTo","interaction":{"idSuffix":"inner"}},"wdio_ui5_key":"applicationmanagepricingrules-display-component---newInfoPriceItem--condValidTo"}]}
RESULT: {"script":"<script> [1562 bytes]","args":[{"selector":{"id":"application-managepricingrules-display-component---newInfoPriceItem--condValidTo","interaction":{"idSuffix":"inner"}},"wdio_ui5_key":"applicationmanagepricingrules-display-component---newInfoPriceItem--condValidTo"}]}
RESULT: undefined
COMMAND: POST /session/e75b3d5d2d0828505fb80b5e18bd174b/execute/async - {"script":"<script> [776 bytes]","args":[{"enterText":"1/19/26","selector":{"id":"application-managepricingrules-display-component---newInfoPriceItem--condValidTo","interaction":{"idSuffix":"inner"}},"clearTextFirst":true,"interactionType":"ENTER_TEXT"}]}
RESULT: {"script":"<script> [776 bytes]","args":[{"enterText":"1/19/26","selector":{"id":"application-managepricingrules-display-component---newInfoPriceItem--condValidTo","interaction":{"idSuffix":"inner"}},"clearTextFirst":true,"interactionType":"ENTER_TEXT"}]}
COMMAND: POST /session/e75b3d5d2d0828505fb80b5e18bd174b/execute/async - {"script":"<script> [1562 bytes]","args":[{"selector":{"id":"application-managepricingrules-display-component---newInfoPriceItem--billType-arrow"},"wdio_ui5_key":"applicationmanagepricingrules-display-component---newInfoPriceItem--billType-arrow"}]}
RESULT: {"script":"<script> [1562 bytes]","args":[{"selector":{"id":"application-managepricingrules-display-component---newInfoPriceItem--billType-arrow"},"wdio_ui5_key":"applicationmanagepricingrules-display-component---newInfoPriceItem--billType-arrow"}]}
RESULT: undefined
COMMAND: POST /session/e75b3d5d2d0828505fb80b5e18bd174b/element - {"using":"xpath","value":"//*[@id=\"application-managepricingrules-display-component---newInfoPriceItem--billType-arrow\"]"}
RESULT: {"using":"xpath","value":"//*[@id=\"application-managepricingrules-display-component---newInfoPriceItem--billType-arrow\"]"}
COMMAND: POST /session/e75b3d5d2d0828505fb80b5e18bd174b/element/f.3CC06888A91A2B87598FBDB561306D63.d.659E7747D3DDEEA2F6C684BF6E686EC2.e.9880/click - {}
RESULT: {}
COMMAND: POST /session/e75b3d5d2d0828505fb80b5e18bd174b/element - {"using":"xpath","value":"//span[contains(text(), \"TB - Time based\")]"}
COMMAND: GET /session/e75b3d5d2d0828505fb80b5e18bd174b/screenshot - {}
RESULT: {"using":"xpath","value":"//span[contains(text(), \"TB - Time based\")]"}
COMMAND: POST /session/e75b3d5d2d0828505fb80b5e18bd174b/element/f.3CC06888A91A2B87598FBDB561306D63.d.659E7747D3DDEEA2F6C684BF6E686EC2.e.9922/click - {}
RESULT: {}
RESULT: {}
COMMAND: POST /session/e75b3d5d2d0828505fb80b5e18bd174b/execute/async - {"script":"<script> [1562 bytes]","args":[{"selector":{"id":"application-managepricingrules-display-component---newInfoPriceItem--priceProc-arrow"},"wdio_ui5_key":"applicationmanagepricingrules-display-component---newInfoPriceItem--priceProc-arrow"}]}
COMMAND: GET /session/e75b3d5d2d0828505fb80b5e18bd174b/screenshot - {}
RESULT: {"script":"<script> [1562 bytes]","args":[{"selector":{"id":"application-managepricingrules-display-component---newInfoPriceItem--priceProc-arrow"},"wdio_ui5_key":"applicationmanagepricingrules-display-component---newInfoPriceItem--priceProc-arrow"}]}
RESULT: undefined
COMMAND: POST /session/e75b3d5d2d0828505fb80b5e18bd174b/element - {"using":"xpath","value":"//*[@id=\"application-managepricingrules-display-component---newInfoPriceItem--priceProc-arrow\"]"}
RESULT: {}
RESULT: {"using":"xpath","value":"//*[@id=\"application-managepricingrules-display-component---newInfoPriceItem--priceProc-arrow\"]"}
COMMAND: POST /session/e75b3d5d2d0828505fb80b5e18bd174b/element/f.3CC06888A91A2B87598FBDB561306D63.d.659E7747D3DDEEA2F6C684BF6E686EC2.e.9887/click - {}
RESULT: {}
COMMAND: POST /session/e75b3d5d2d0828505fb80b5e18bd174b/element - {"using":"xpath","value":"//span[contains(text(), \"TB - Time based BGL\")]"}
COMMAND: GET /session/e75b3d5d2d0828505fb80b5e18bd174b/screenshot - {}
RESULT: {"using":"xpath","value":"//span[contains(text(), \"TB - Time based BGL\")]"}
COMMAND: POST /session/e75b3d5d2d0828505fb80b5e18bd174b/element/f.3CC06888A91A2B87598FBDB561306D63.d.659E7747D3DDEEA2F6C684BF6E686EC2.e.9923/click - {}
RESULT: {}
RESULT: {}
COMMAND: POST /session/e75b3d5d2d0828505fb80b5e18bd174b/execute/async - {"script":"<script> [1562 bytes]","args":[{"selector":{"id":"application-managepricingrules-display-component---newInfoPriceItem--calcBase-arrow"},"wdio_ui5_key":"applicationmanagepricingrules-display-component---newInfoPriceItem--calcBase-arrow"}]}
COMMAND: GET /session/e75b3d5d2d0828505fb80b5e18bd174b/screenshot - {}
RESULT: {"script":"<script> [1562 bytes]","args":[{"selector":{"id":"application-managepricingrules-display-component---newInfoPriceItem--calcBase-arrow"},"wdio_ui5_key":"applicationmanagepricingrules-display-component---newInfoPriceItem--calcBase-arrow"}]}
RESULT: undefined
COMMAND: POST /session/e75b3d5d2d0828505fb80b5e18bd174b/element - {"using":"xpath","value":"//*[@id=\"application-managepricingrules-display-component---newInfoPriceItem--calcBase-arrow\"]"}
RESULT: {}
RESULT: {"using":"xpath","value":"//*[@id=\"application-managepricingrules-display-component---newInfoPriceItem--calcBase-arrow\"]"}
COMMAND: POST /session/e75b3d5d2d0828505fb80b5e18bd174b/element/f.3CC06888A91A2B87598FBDB561306D63.d.659E7747D3DDEEA2F6C684BF6E686EC2.e.9894/click - {}
RESULT: {}
COMMAND: GET /session/e75b3d5d2d0828505fb80b5e18bd174b/screenshot - {}
RESULT: {}
COMMAND: POST /session/e75b3d5d2d0828505fb80b5e18bd174b/element - {"using":"xpath","value":"//span[contains(text(), \"0006 - TB(calendar days)\")]"}
RESULT: {"using":"xpath","value":"//span[contains(text(), \"0006 - TB(calendar days)\")]"}
COMMAND: POST /session/e75b3d5d2d0828505fb80b5e18bd174b/element/f.3CC06888A91A2B87598FBDB561306D63.d.659E7747D3DDEEA2F6C684BF6E686EC2.e.9924/click - {}
RESULT: {}
COMMAND: GET /session/e75b3d5d2d0828505fb80b5e18bd174b/screenshot - {}
RESULT: {}
COMMAND: POST /session/e75b3d5d2d0828505fb80b5e18bd174b/execute/async - {"script":"<script> [1562 bytes]","args":[{"selector":{"id":"application-managepricingrules-display-component---newInfoPriceItem--hoursMonth","interaction":{"idSuffix":"inner"}},"wdio_ui5_key":"applicationmanagepricingrules-display-component---newInfoPriceItem--hoursMonth"}]}
RESULT: {"script":"<script> [1562 bytes]","args":[{"selector":{"id":"application-managepricingrules-display-component---newInfoPriceItem--hoursMonth","interaction":{"idSuffix":"inner"}},"wdio_ui5_key":"applicationmanagepricingrules-display-component---newInfoPriceItem--hoursMonth"}]}
RESULT: undefined
COMMAND: POST /session/e75b3d5d2d0828505fb80b5e18bd174b/execute/async - {"script":"<script> [776 bytes]","args":[{"enterText":"160","selector":{"id":"application-managepricingrules-display-component---newInfoPriceItem--hoursMonth","interaction":{"idSuffix":"inner"}},"clearTextFirst":true,"interactionType":"ENTER_TEXT"}]}
RESULT: {"script":"<script> [776 bytes]","args":[{"enterText":"160","selector":{"id":"application-managepricingrules-display-component---newInfoPriceItem--hoursMonth","interaction":{"idSuffix":"inner"}},"clearTextFirst":true,"interactionType":"ENTER_TEXT"}]}
COMMAND: POST /session/e75b3d5d2d0828505fb80b5e18bd174b/execute/async - {"script":"<script> [1562 bytes]","args":[{"selector":{"id":"application-managepricingrules-display-component---newInfoPriceItem--daysMonth","interaction":{"idSuffix":"inner"}},"wdio_ui5_key":"applicationmanagepricingrules-display-component---newInfoPriceItem--daysMonth"}]}
RESULT: {"script":"<script> [1562 bytes]","args":[{"selector":{"id":"application-managepricingrules-display-component---newInfoPriceItem--daysMonth","interaction":{"idSuffix":"inner"}},"wdio_ui5_key":"applicationmanagepricingrules-display-component---newInfoPriceItem--daysMonth"}]}
RESULT: undefined
COMMAND: POST /session/e75b3d5d2d0828505fb80b5e18bd174b/execute/async - {"script":"<script> [776 bytes]","args":[{"enterText":"30","selector":{"id":"application-managepricingrules-display-component---newInfoPriceItem--daysMonth","interaction":{"idSuffix":"inner"}},"clearTextFirst":true,"interactionType":"ENTER_TEXT"}]}
RESULT: {"script":"<script> [776 bytes]","args":[{"enterText":"30","selector":{"id":"application-managepricingrules-display-component---newInfoPriceItem--daysMonth","interaction":{"idSuffix":"inner"}},"clearTextFirst":true,"interactionType":"ENTER_TEXT"}]}
COMMAND: POST /session/e75b3d5d2d0828505fb80b5e18bd174b/element - {"using":"xpath","value":"//button[@data-kt=\"saveNewRuleButton\"]"}
RESULT: {"using":"xpath","value":"//button[@data-kt=\"saveNewRuleButton\"]"}
COMMAND: POST /session/e75b3d5d2d0828505fb80b5e18bd174b/element/f.3CC06888A91A2B87598FBDB561306D63.d.659E7747D3DDEEA2F6C684BF6E686EC2.e.9914/click - {}
RESULT: {}
COMMAND: GET /session/e75b3d5d2d0828505fb80b5e18bd174b/screenshot - {}
RESULT: {}
COMMAND: POST /session/e75b3d5d2d0828505fb80b5e18bd174b/execute/async - {"script":"<script> [1562 bytes]","args":[{"selector":{"id":"application-managepricingrules-display-component---priceInfoItem--smartFilterBar-btnBasicSearch","interaction":{"idSuffix":"I"}},"wdio_ui5_key":"applicationmanagepricingrules-display-component---priceInfoItem--smartFilterBar-btnBasicSearch"}]}
RESULT: {"script":"<script> [1562 bytes]","args":[{"selector":{"id":"application-managepricingrules-display-component---priceInfoItem--smartFilterBar-btnBasicSearch","interaction":{"idSuffix":"I"}},"wdio_ui5_key":"applicationmanagepricingrules-display-component---priceInfoItem--smartFilterBar-btnBasicSearch"}]}
RESULT: undefined
COMMAND: POST /session/e75b3d5d2d0828505fb80b5e18bd174b/execute/async - {"script":"<script> [776 bytes]","args":[{"enterText":"tGIjS39AAG","selector":{"id":"application-managepricingrules-display-component---priceInfoItem--smartFilterBar-btnBasicSearch","interaction":{"idSuffix":"I"}},"clearTextFirst":true,"interactionType":"ENTER_TEXT"}]}
RESULT: {"script":"<script> [776 bytes]","args":[{"enterText":"tGIjS39AAG","selector":{"id":"application-managepricingrules-display-component---priceInfoItem--smartFilterBar-btnBasicSearch","interaction":{"idSuffix":"I"}},"clearTextFirst":true,"interactionType":"ENTER_TEXT"}]}
COMMAND: POST /session/e75b3d5d2d0828505fb80b5e18bd174b/actions - {"actions":[{"id":"action32","type":"key","parameters":{},"actions":[{"type":"keyDown","value":"î€‡"},{"type":"pause","duration":10},{"type":"keyUp","value":"î€‡"}]}]}
RESULT: {"actions":[{"id":"action32","type":"key","parameters":{},"actions":[{"type":"keyDown","value":"î€‡"},{"type":"pause","duration":10},{"type":"keyUp","value":"î€‡"}]}]}
COMMAND: GET /session/e75b3d5d2d0828505fb80b5e18bd174b/screenshot - {}
RESULT: {}
COMMAND: POST /session/e75b3d5d2d0828505fb80b5e18bd174b/element - {"using":"xpath","value":"//span[@id=\"application-managepricingrules-display-component---priceInfoItem--smartTable-header-inner\"]"}
RESULT: {"using":"xpath","value":"//span[@id=\"application-managepricingrules-display-component---priceInfoItem--smartTable-header-inner\"]"}
COMMAND: POST /session/e75b3d5d2d0828505fb80b5e18bd174b/elements - {"using":"xpath","value":"//span[@id=\"application-managepricingrules-display-component---priceInfoItem--smartTable-header-inner\"]"}
RESULT: {"using":"xpath","value":"//span[@id=\"application-managepricingrules-display-component---priceInfoItem--smartTable-header-inner\"]"}
COMMAND: POST /session/e75b3d5d2d0828505fb80b5e18bd174b/execute/sync - {"script":"<script> [56 bytes]","args":[{"element-6066-11e4-a52e-4f735466cecf":"f.3CC06888A91A2B87598FBDB561306D63.d.659E7747D3DDEEA2F6C684BF6E686EC2.e.9939","ELEMENT":"f.3CC06888A91A2B87598FBDB561306D63.d.659E7747D3DDEEA2F6C684BF6E686EC2.e.9939"}]}
RESULT: {"script":"<script> [56 bytes]","args":[{"element-6066-11e4-a52e-4f735466cecf":"f.3CC06888A91A2B87598FBDB561306D63.d.659E7747D3DDEEA2F6C684BF6E686EC2.e.9939","ELEMENT":"f.3CC06888A91A2B87598FBDB561306D63.d.659E7747D3DDEEA2F6C684BF6E686EC2.e.9939"}]}
COMMAND: POST /session/e75b3d5d2d0828505fb80b5e18bd174b/element - {"using":"css selector","value":"#shell-header-logo"}
COMMAND: GET /session/e75b3d5d2d0828505fb80b5e18bd174b/screenshot - {}
RESULT: {"using":"css selector","value":"#shell-header-logo"}
COMMAND: POST /session/e75b3d5d2d0828505fb80b5e18bd174b/element/f.3CC06888A91A2B87598FBDB561306D63.d.659E7747D3DDEEA2F6C684BF6E686EC2.e.8912/click - {}
RESULT: {}
RESULT: {}
COMMAND: GET /session/e75b3d5d2d0828505fb80b5e18bd174b/screenshot - {}
RESULT: {}
]]></system-out>
    </testcase>
    <testcase classname="chrome.136_0_7103_93.windows.Create_master_data_for_mixed_billing_&amp;_do_billing_calculation_US151661" name="Should add one time condition" time="64.228">
      <system-out><![CDATA[
COMMAND: POST /session/e75b3d5d2d0828505fb80b5e18bd174b/execute/async - {"script":"<script> [1562 bytes]","args":[{"selector":{"controlType":"sap.m.GenericTile","properties":{"header":"Manage Conditions & Prices"}},"wdio_ui5_key":"sapm.GenericTile{\"header\":\"Manage Conditions & Prices\"}"}]}
RESULT: {"script":"<script> [1562 bytes]","args":[{"selector":{"controlType":"sap.m.GenericTile","properties":{"header":"Manage Conditions & Prices"}},"wdio_ui5_key":"sapm.GenericTile{\"header\":\"Manage Conditions & Prices\"}"}]}
RESULT: undefined
COMMAND: POST /session/e75b3d5d2d0828505fb80b5e18bd174b/element - {"using":"xpath","value":"//*[@id=\"__tile93\"]"}
RESULT: {"using":"xpath","value":"//*[@id=\"__tile93\"]"}
COMMAND: POST /session/e75b3d5d2d0828505fb80b5e18bd174b/element/f.3CC06888A91A2B87598FBDB561306D63.d.659E7747D3DDEEA2F6C684BF6E686EC2.e.8898/click - {}
RESULT: {}
COMMAND: GET /session/e75b3d5d2d0828505fb80b5e18bd174b/screenshot - {}
RESULT: {}
COMMAND: POST /session/e75b3d5d2d0828505fb80b5e18bd174b/elements - {"using":"xpath","value":"//span[text()='Error']"}
RESULT: {"using":"xpath","value":"//span[text()='Error']"}
COMMAND: POST /session/e75b3d5d2d0828505fb80b5e18bd174b/element - {"using":"xpath","value":"//button[@aria-label=\"Create\"]"}
RESULT: {"using":"xpath","value":"//button[@aria-label=\"Create\"]"}
COMMAND: POST /session/e75b3d5d2d0828505fb80b5e18bd174b/elements - {"using":"xpath","value":"//button[@aria-label=\"Create\"]"}
RESULT: {"using":"xpath","value":"//button[@aria-label=\"Create\"]"}
COMMAND: POST /session/e75b3d5d2d0828505fb80b5e18bd174b/execute/sync - {"script":"<script> [8489 bytes]","args":[{"element-6066-11e4-a52e-4f735466cecf":"f.3CC06888A91A2B87598FBDB561306D63.d.659E7747D3DDEEA2F6C684BF6E686EC2.e.9974","ELEMENT":"f.3CC06888A91A2B87598FBDB561306D63.d.659E7747D3DDEEA2F6C684BF6E686EC2.e.9974"}]}
RESULT: {"script":"<script> [8489 bytes]","args":[{"element-6066-11e4-a52e-4f735466cecf":"f.3CC06888A91A2B87598FBDB561306D63.d.659E7747D3DDEEA2F6C684BF6E686EC2.e.9974","ELEMENT":"f.3CC06888A91A2B87598FBDB561306D63.d.659E7747D3DDEEA2F6C684BF6E686EC2.e.9974"}]}
COMMAND: GET /session/e75b3d5d2d0828505fb80b5e18bd174b/element/f.3CC06888A91A2B87598FBDB561306D63.d.659E7747D3DDEEA2F6C684BF6E686EC2.e.9974/enabled - {}
COMMAND: GET /session/e75b3d5d2d0828505fb80b5e18bd174b/screenshot - {}
RESULT: {}
COMMAND: POST /session/e75b3d5d2d0828505fb80b5e18bd174b/execute/sync - {"script":"<script> [8489 bytes]","args":[{"element-6066-11e4-a52e-4f735466cecf":"f.3CC06888A91A2B87598FBDB561306D63.d.659E7747D3DDEEA2F6C684BF6E686EC2.e.9974","ELEMENT":"f.3CC06888A91A2B87598FBDB561306D63.d.659E7747D3DDEEA2F6C684BF6E686EC2.e.9974"}]}
COMMAND: GET /session/e75b3d5d2d0828505fb80b5e18bd174b/screenshot - {}
RESULT: {}
RESULT: {"script":"<script> [8489 bytes]","args":[{"element-6066-11e4-a52e-4f735466cecf":"f.3CC06888A91A2B87598FBDB561306D63.d.659E7747D3DDEEA2F6C684BF6E686EC2.e.9974","ELEMENT":"f.3CC06888A91A2B87598FBDB561306D63.d.659E7747D3DDEEA2F6C684BF6E686EC2.e.9974"}]}
COMMAND: POST /session/e75b3d5d2d0828505fb80b5e18bd174b/execute/sync - {"script":"<script> [5351 bytes]","args":[{"element-6066-11e4-a52e-4f735466cecf":"f.3CC06888A91A2B87598FBDB561306D63.d.659E7747D3DDEEA2F6C684BF6E686EC2.e.9974","ELEMENT":"f.3CC06888A91A2B87598FBDB561306D63.d.659E7747D3DDEEA2F6C684BF6E686EC2.e.9974"}]}
COMMAND: GET /session/e75b3d5d2d0828505fb80b5e18bd174b/screenshot - {}
RESULT: {}
RESULT: {"script":"<script> [5351 bytes]","args":[{"element-6066-11e4-a52e-4f735466cecf":"f.3CC06888A91A2B87598FBDB561306D63.d.659E7747D3DDEEA2F6C684BF6E686EC2.e.9974","ELEMENT":"f.3CC06888A91A2B87598FBDB561306D63.d.659E7747D3DDEEA2F6C684BF6E686EC2.e.9974"}]}
COMMAND: POST /session/e75b3d5d2d0828505fb80b5e18bd174b/element/f.3CC06888A91A2B87598FBDB561306D63.d.659E7747D3DDEEA2F6C684BF6E686EC2.e.9974/click - {}
COMMAND: GET /session/e75b3d5d2d0828505fb80b5e18bd174b/screenshot - {}
RESULT: {}
RESULT: {}
COMMAND: GET /session/e75b3d5d2d0828505fb80b5e18bd174b/screenshot - {}
RESULT: {}
RESULT: {}
COMMAND: POST /session/e75b3d5d2d0828505fb80b5e18bd174b/actions - {"actions":[{"id":"action33","type":"key","parameters":{},"actions":[{"type":"keyDown","value":"î€‡"},{"type":"pause","duration":10},{"type":"keyUp","value":"î€‡"}]}]}
RESULT: {"actions":[{"id":"action33","type":"key","parameters":{},"actions":[{"type":"keyDown","value":"î€‡"},{"type":"pause","duration":10},{"type":"keyUp","value":"î€‡"}]}]}
COMMAND: GET /session/e75b3d5d2d0828505fb80b5e18bd174b/screenshot - {}
RESULT: {}
COMMAND: POST /session/e75b3d5d2d0828505fb80b5e18bd174b/execute/async - {"script":"<script> [1562 bytes]","args":[{"selector":{"id":"application-manageconditionprice-display-component---newCondition--condBillCond-arrow"},"wdio_ui5_key":"applicationmanageconditionprice-display-component---newCondition--condBillCond-arrow"}]}
RESULT: {"script":"<script> [1562 bytes]","args":[{"selector":{"id":"application-manageconditionprice-display-component---newCondition--condBillCond-arrow"},"wdio_ui5_key":"applicationmanageconditionprice-display-component---newCondition--condBillCond-arrow"}]}
RESULT: undefined
COMMAND: POST /session/e75b3d5d2d0828505fb80b5e18bd174b/element - {"using":"xpath","value":"//*[@id=\"application-manageconditionprice-display-component---newCondition--condBillCond-arrow\"]"}
RESULT: {"using":"xpath","value":"//*[@id=\"application-manageconditionprice-display-component---newCondition--condBillCond-arrow\"]"}
COMMAND: POST /session/e75b3d5d2d0828505fb80b5e18bd174b/element/f.3CC06888A91A2B87598FBDB561306D63.d.659E7747D3DDEEA2F6C684BF6E686EC2.e.10150/click - {}
RESULT: {}
COMMAND: GET /session/e75b3d5d2d0828505fb80b5e18bd174b/screenshot - {}
RESULT: {}
COMMAND: POST /session/e75b3d5d2d0828505fb80b5e18bd174b/element - {"using":"xpath","value":"//li[.//span[contains(text(), \"SAPR - Sales price\")]]"}
RESULT: {"using":"xpath","value":"//li[.//span[contains(text(), \"SAPR - Sales price\")]]"}
COMMAND: POST /session/e75b3d5d2d0828505fb80b5e18bd174b/element/f.3CC06888A91A2B87598FBDB561306D63.d.659E7747D3DDEEA2F6C684BF6E686EC2.e.10153/click - {}
RESULT: {}
COMMAND: GET /session/e75b3d5d2d0828505fb80b5e18bd174b/screenshot - {}
RESULT: {}
COMMAND: POST /session/e75b3d5d2d0828505fb80b5e18bd174b/execute/async - {"script":"<script> [1562 bytes]","args":[{"selector":{"id":"application-manageconditionprice-display-component---newCondition--condValidTo","interaction":{"idSuffix":"inner"}},"wdio_ui5_key":"applicationmanageconditionprice-display-component---newCondition--condValidTo"}]}
RESULT: {"script":"<script> [1562 bytes]","args":[{"selector":{"id":"application-manageconditionprice-display-component---newCondition--condValidTo","interaction":{"idSuffix":"inner"}},"wdio_ui5_key":"applicationmanageconditionprice-display-component---newCondition--condValidTo"}]}
RESULT: undefined
COMMAND: POST /session/e75b3d5d2d0828505fb80b5e18bd174b/execute/async - {"script":"<script> [776 bytes]","args":[{"enterText":"1/19/26","selector":{"id":"application-manageconditionprice-display-component---newCondition--condValidTo","interaction":{"idSuffix":"inner"}},"clearTextFirst":true,"interactionType":"ENTER_TEXT"}]}
RESULT: {"script":"<script> [776 bytes]","args":[{"enterText":"1/19/26","selector":{"id":"application-manageconditionprice-display-component---newCondition--condValidTo","interaction":{"idSuffix":"inner"}},"clearTextFirst":true,"interactionType":"ENTER_TEXT"}]}
COMMAND: POST /session/e75b3d5d2d0828505fb80b5e18bd174b/element - {"using":"xpath","value":"//input[@id=\"application-manageconditionprice-display-component---newCondition--condRU-inner\"]"}
RESULT: {"using":"xpath","value":"//input[@id=\"application-manageconditionprice-display-component---newCondition--condRU-inner\"]"}
COMMAND: POST /session/e75b3d5d2d0828505fb80b5e18bd174b/element/f.3CC06888A91A2B87598FBDB561306D63.d.659E7747D3DDEEA2F6C684BF6E686EC2.e.10015/clear - {}
RESULT: {}
COMMAND: POST /session/e75b3d5d2d0828505fb80b5e18bd174b/element/f.3CC06888A91A2B87598FBDB561306D63.d.659E7747D3DDEEA2F6C684BF6E686EC2.e.10015/value - {"text":"tGIjS39AAG"}
COMMAND: GET /session/e75b3d5d2d0828505fb80b5e18bd174b/screenshot - {}
RESULT: {"text":"tGIjS39AAG"}
COMMAND: GET /session/e75b3d5d2d0828505fb80b5e18bd174b/screenshot - {}
RESULT: {}
RESULT: {}
COMMAND: POST /session/e75b3d5d2d0828505fb80b5e18bd174b/actions - {"actions":[{"id":"action34","type":"key","parameters":{},"actions":[{"type":"keyDown","value":"î€‡"},{"type":"pause","duration":10},{"type":"keyUp","value":"î€‡"}]}]}
RESULT: {"actions":[{"id":"action34","type":"key","parameters":{},"actions":[{"type":"keyDown","value":"î€‡"},{"type":"pause","duration":10},{"type":"keyUp","value":"î€‡"}]}]}
COMMAND: POST /session/e75b3d5d2d0828505fb80b5e18bd174b/execute/async - {"script":"<script> [1562 bytes]","args":[{"selector":{"id":"application-manageconditionprice-display-component---newCondition--condBaseQty","interaction":{"idSuffix":"inner"}},"wdio_ui5_key":"applicationmanageconditionprice-display-component---newCondition--condBaseQty"}]}
COMMAND: GET /session/e75b3d5d2d0828505fb80b5e18bd174b/screenshot - {}
RESULT: {"script":"<script> [1562 bytes]","args":[{"selector":{"id":"application-manageconditionprice-display-component---newCondition--condBaseQty","interaction":{"idSuffix":"inner"}},"wdio_ui5_key":"applicationmanageconditionprice-display-component---newCondition--condBaseQty"}]}
RESULT: undefined
COMMAND: POST /session/e75b3d5d2d0828505fb80b5e18bd174b/execute/async - {"script":"<script> [776 bytes]","args":[{"enterText":"1","selector":{"id":"application-manageconditionprice-display-component---newCondition--condBaseQty","interaction":{"idSuffix":"inner"}},"clearTextFirst":true,"interactionType":"ENTER_TEXT"}]}
RESULT: {}
RESULT: {"script":"<script> [776 bytes]","args":[{"enterText":"1","selector":{"id":"application-manageconditionprice-display-component---newCondition--condBaseQty","interaction":{"idSuffix":"inner"}},"clearTextFirst":true,"interactionType":"ENTER_TEXT"}]}
COMMAND: POST /session/e75b3d5d2d0828505fb80b5e18bd174b/execute/async - {"script":"<script> [1562 bytes]","args":[{"selector":{"id":"application-manageconditionprice-display-component---newCondition--condValue","interaction":{"idSuffix":"inner"}},"wdio_ui5_key":"applicationmanageconditionprice-display-component---newCondition--condValue"}]}
RESULT: {"script":"<script> [1562 bytes]","args":[{"selector":{"id":"application-manageconditionprice-display-component---newCondition--condValue","interaction":{"idSuffix":"inner"}},"wdio_ui5_key":"applicationmanageconditionprice-display-component---newCondition--condValue"}]}
RESULT: undefined
COMMAND: POST /session/e75b3d5d2d0828505fb80b5e18bd174b/execute/async - {"script":"<script> [776 bytes]","args":[{"enterText":"200","selector":{"id":"application-manageconditionprice-display-component---newCondition--condValue","interaction":{"idSuffix":"inner"}},"clearTextFirst":true,"interactionType":"ENTER_TEXT"}]}
RESULT: {"script":"<script> [776 bytes]","args":[{"enterText":"200","selector":{"id":"application-manageconditionprice-display-component---newCondition--condValue","interaction":{"idSuffix":"inner"}},"clearTextFirst":true,"interactionType":"ENTER_TEXT"}]}
COMMAND: POST /session/e75b3d5d2d0828505fb80b5e18bd174b/execute/async - {"script":"<script> [1562 bytes]","args":[{"selector":{"id":"application-manageconditionprice-display-component---newCondition--condCurr-arrow"},"wdio_ui5_key":"applicationmanageconditionprice-display-component---newCondition--condCurr-arrow"}]}
RESULT: {"script":"<script> [1562 bytes]","args":[{"selector":{"id":"application-manageconditionprice-display-component---newCondition--condCurr-arrow"},"wdio_ui5_key":"applicationmanageconditionprice-display-component---newCondition--condCurr-arrow"}]}
RESULT: undefined
COMMAND: POST /session/e75b3d5d2d0828505fb80b5e18bd174b/element - {"using":"xpath","value":"//*[@id=\"application-manageconditionprice-display-component---newCondition--condCurr-arrow\"]"}
RESULT: {"using":"xpath","value":"//*[@id=\"application-manageconditionprice-display-component---newCondition--condCurr-arrow\"]"}
COMMAND: POST /session/e75b3d5d2d0828505fb80b5e18bd174b/element/f.3CC06888A91A2B87598FBDB561306D63.d.659E7747D3DDEEA2F6C684BF6E686EC2.e.10132/click - {}
RESULT: {}
COMMAND: POST /session/e75b3d5d2d0828505fb80b5e18bd174b/element - {"using":"xpath","value":"//span[contains(text(), \"Euro\")]"}
COMMAND: GET /session/e75b3d5d2d0828505fb80b5e18bd174b/screenshot - {}
RESULT: {"using":"xpath","value":"//span[contains(text(), \"Euro\")]"}
COMMAND: POST /session/e75b3d5d2d0828505fb80b5e18bd174b/element/f.3CC06888A91A2B87598FBDB561306D63.d.659E7747D3DDEEA2F6C684BF6E686EC2.e.10191/click - {}
RESULT: {}
RESULT: {}
COMMAND: POST /session/e75b3d5d2d0828505fb80b5e18bd174b/element - {"using":"xpath","value":"//button[@data-kt=\"saveButton\"]"}
COMMAND: GET /session/e75b3d5d2d0828505fb80b5e18bd174b/screenshot - {}
RESULT: {"using":"xpath","value":"//button[@data-kt=\"saveButton\"]"}
COMMAND: POST /session/e75b3d5d2d0828505fb80b5e18bd174b/element/f.3CC06888A91A2B87598FBDB561306D63.d.659E7747D3DDEEA2F6C684BF6E686EC2.e.10133/click - {}
RESULT: {}
RESULT: {}
COMMAND: GET /session/e75b3d5d2d0828505fb80b5e18bd174b/screenshot - {}
RESULT: {}
COMMAND: POST /session/e75b3d5d2d0828505fb80b5e18bd174b/execute/async - {"script":"<script> [1562 bytes]","args":[{"selector":{"id":"application-manageconditionprice-display-component---conditions--smartFilterBar-btnBasicSearch","interaction":{"idSuffix":"I"}},"wdio_ui5_key":"applicationmanageconditionprice-display-component---conditions--smartFilterBar-btnBasicSearch"}]}
RESULT: {"script":"<script> [1562 bytes]","args":[{"selector":{"id":"application-manageconditionprice-display-component---conditions--smartFilterBar-btnBasicSearch","interaction":{"idSuffix":"I"}},"wdio_ui5_key":"applicationmanageconditionprice-display-component---conditions--smartFilterBar-btnBasicSearch"}]}
RESULT: undefined
COMMAND: POST /session/e75b3d5d2d0828505fb80b5e18bd174b/execute/async - {"script":"<script> [776 bytes]","args":[{"enterText":"tGIjS39AAG","selector":{"id":"application-manageconditionprice-display-component---conditions--smartFilterBar-btnBasicSearch","interaction":{"idSuffix":"I"}},"clearTextFirst":true,"interactionType":"ENTER_TEXT"}]}
RESULT: {"script":"<script> [776 bytes]","args":[{"enterText":"tGIjS39AAG","selector":{"id":"application-manageconditionprice-display-component---conditions--smartFilterBar-btnBasicSearch","interaction":{"idSuffix":"I"}},"clearTextFirst":true,"interactionType":"ENTER_TEXT"}]}
COMMAND: POST /session/e75b3d5d2d0828505fb80b5e18bd174b/actions - {"actions":[{"id":"action35","type":"key","parameters":{},"actions":[{"type":"keyDown","value":"î€‡"},{"type":"pause","duration":10},{"type":"keyUp","value":"î€‡"}]}]}
RESULT: {"actions":[{"id":"action35","type":"key","parameters":{},"actions":[{"type":"keyDown","value":"î€‡"},{"type":"pause","duration":10},{"type":"keyUp","value":"î€‡"}]}]}
COMMAND: GET /session/e75b3d5d2d0828505fb80b5e18bd174b/screenshot - {}
RESULT: {}
COMMAND: POST /session/e75b3d5d2d0828505fb80b5e18bd174b/execute/async - {"script":"<script> [1562 bytes]","args":[{"selector":{"id":"application-manageconditionprice-display-component---conditions--smartFilterBar-filterItemControl_BASIC-BILL_TYPES-vhi"},"wdio_ui5_key":"applicationmanageconditionprice-display-component---conditions--smartFilterBar-filterItemControl_BASIC-BILL_TYPES-vhi"}]}
RESULT: {"script":"<script> [1562 bytes]","args":[{"selector":{"id":"application-manageconditionprice-display-component---conditions--smartFilterBar-filterItemControl_BASIC-BILL_TYPES-vhi"},"wdio_ui5_key":"applicationmanageconditionprice-display-component---conditions--smartFilterBar-filterItemControl_BASIC-BILL_TYPES-vhi"}]}
RESULT: undefined
COMMAND: POST /session/e75b3d5d2d0828505fb80b5e18bd174b/element - {"using":"xpath","value":"//*[@id=\"application-manageconditionprice-display-component---conditions--smartFilterBar-filterItemControl_BASIC-BILL_TYPES-vhi\"]"}
RESULT: {"using":"xpath","value":"//*[@id=\"application-manageconditionprice-display-component---conditions--smartFilterBar-filterItemControl_BASIC-BILL_TYPES-vhi\"]"}
COMMAND: POST /session/e75b3d5d2d0828505fb80b5e18bd174b/element/f.3CC06888A91A2B87598FBDB561306D63.d.659E7747D3DDEEA2F6C684BF6E686EC2.e.10208/click - {}
RESULT: {}
COMMAND: POST /session/e75b3d5d2d0828505fb80b5e18bd174b/execute/async - {"script":"<script> [1562 bytes]","args":[{"selector":{"id":"application-manageconditionprice-display-component---conditions--smartFilterBar-filterItemControl_BASIC-BILL_TYPES-valueHelpDialog-smartFilterBar-btnBasicSearch","searchOpenDialogs":true,"interaction":{"idSuffix":"I"}},"wdio_ui5_key":"applicationmanageconditionprice-display-component---conditions--smartFilterBar-filterItemControl_BASIC-BILL_TYPES-valueHelpDialog-smartFilterBar-btnBasicSearch"}]}
COMMAND: GET /session/e75b3d5d2d0828505fb80b5e18bd174b/screenshot - {}
RESULT: {"script":"<script> [1562 bytes]","args":[{"selector":{"id":"application-manageconditionprice-display-component---conditions--smartFilterBar-filterItemControl_BASIC-BILL_TYPES-valueHelpDialog-smartFilterBar-btnBasicSearch","searchOpenDialogs":true,"interaction":{"idSuffix":"I"}},"wdio_ui5_key":"applicationmanageconditionprice-display-component---conditions--smartFilterBar-filterItemControl_BASIC-BILL_TYPES-valueHelpDialog-smartFilterBar-btnBasicSearch"}]}
RESULT: undefined
COMMAND: POST /session/e75b3d5d2d0828505fb80b5e18bd174b/execute/async - {"script":"<script> [776 bytes]","args":[{"enterText":"one","selector":{"id":"application-manageconditionprice-display-component---conditions--smartFilterBar-filterItemControl_BASIC-BILL_TYPES-valueHelpDialog-smartFilterBar-btnBasicSearch","searchOpenDialogs":true,"interaction":{"idSuffix":"I"}},"clearTextFirst":true,"interactionType":"ENTER_TEXT"}]}
RESULT: {}
RESULT: {"script":"<script> [776 bytes]","args":[{"enterText":"one","selector":{"id":"application-manageconditionprice-display-component---conditions--smartFilterBar-filterItemControl_BASIC-BILL_TYPES-valueHelpDialog-smartFilterBar-btnBasicSearch","searchOpenDialogs":true,"interaction":{"idSuffix":"I"}},"clearTextFirst":true,"interactionType":"ENTER_TEXT"}]}
COMMAND: POST /session/e75b3d5d2d0828505fb80b5e18bd174b/actions - {"actions":[{"id":"action36","type":"key","parameters":{},"actions":[{"type":"keyDown","value":"î€‡"},{"type":"pause","duration":10},{"type":"keyUp","value":"î€‡"}]}]}
RESULT: {"actions":[{"id":"action36","type":"key","parameters":{},"actions":[{"type":"keyDown","value":"î€‡"},{"type":"pause","duration":10},{"type":"keyUp","value":"î€‡"}]}]}
COMMAND: GET /session/e75b3d5d2d0828505fb80b5e18bd174b/screenshot - {}
RESULT: {}
COMMAND: POST /session/e75b3d5d2d0828505fb80b5e18bd174b/element - {"using":"xpath","value":"//div[contains(@id, 'application-manageconditionprice-display-component---conditions--smartFilterBar-filterItemControl_BASIC-BILL_TYPES-valueHelpDialog-table-rowsel0')]"}
RESULT: {"using":"xpath","value":"//div[contains(@id, 'application-manageconditionprice-display-component---conditions--smartFilterBar-filterItemControl_BASIC-BILL_TYPES-valueHelpDialog-table-rowsel0')]"}
COMMAND: POST /session/e75b3d5d2d0828505fb80b5e18bd174b/element/f.3CC06888A91A2B87598FBDB561306D63.d.659E7747D3DDEEA2F6C684BF6E686EC2.e.10218/click - {}
RESULT: {}
COMMAND: GET /session/e75b3d5d2d0828505fb80b5e18bd174b/screenshot - {}
RESULT: {}
COMMAND: POST /session/e75b3d5d2d0828505fb80b5e18bd174b/element - {"using":"xpath","value":"//bdi[contains(text(), \"OK\")]"}
RESULT: {"using":"xpath","value":"//bdi[contains(text(), \"OK\")]"}
COMMAND: POST /session/e75b3d5d2d0828505fb80b5e18bd174b/element/f.3CC06888A91A2B87598FBDB561306D63.d.659E7747D3DDEEA2F6C684BF6E686EC2.e.10220/click - {}
RESULT: {}
COMMAND: GET /session/e75b3d5d2d0828505fb80b5e18bd174b/screenshot - {}
RESULT: {}
COMMAND: POST /session/e75b3d5d2d0828505fb80b5e18bd174b/element - {"using":"xpath","value":"//span[@id=\"application-manageconditionprice-display-component---conditions--smartTable-header-inner\"]"}
RESULT: {"using":"xpath","value":"//span[@id=\"application-manageconditionprice-display-component---conditions--smartTable-header-inner\"]"}
COMMAND: POST /session/e75b3d5d2d0828505fb80b5e18bd174b/elements - {"using":"xpath","value":"//span[@id=\"application-manageconditionprice-display-component---conditions--smartTable-header-inner\"]"}
RESULT: {"using":"xpath","value":"//span[@id=\"application-manageconditionprice-display-component---conditions--smartTable-header-inner\"]"}
COMMAND: POST /session/e75b3d5d2d0828505fb80b5e18bd174b/execute/sync - {"script":"<script> [56 bytes]","args":[{"element-6066-11e4-a52e-4f735466cecf":"f.3CC06888A91A2B87598FBDB561306D63.d.659E7747D3DDEEA2F6C684BF6E686EC2.e.10223","ELEMENT":"f.3CC06888A91A2B87598FBDB561306D63.d.659E7747D3DDEEA2F6C684BF6E686EC2.e.10223"}]}
RESULT: {"script":"<script> [56 bytes]","args":[{"element-6066-11e4-a52e-4f735466cecf":"f.3CC06888A91A2B87598FBDB561306D63.d.659E7747D3DDEEA2F6C684BF6E686EC2.e.10223","ELEMENT":"f.3CC06888A91A2B87598FBDB561306D63.d.659E7747D3DDEEA2F6C684BF6E686EC2.e.10223"}]}
COMMAND: POST /session/e75b3d5d2d0828505fb80b5e18bd174b/element - {"using":"css selector","value":"#shell-header-logo"}
COMMAND: GET /session/e75b3d5d2d0828505fb80b5e18bd174b/screenshot - {}
RESULT: {"using":"css selector","value":"#shell-header-logo"}
COMMAND: POST /session/e75b3d5d2d0828505fb80b5e18bd174b/element/f.3CC06888A91A2B87598FBDB561306D63.d.659E7747D3DDEEA2F6C684BF6E686EC2.e.9942/click - {}
RESULT: {}
RESULT: {}
COMMAND: GET /session/e75b3d5d2d0828505fb80b5e18bd174b/screenshot - {}
RESULT: {}
]]></system-out>
    </testcase>
    <testcase classname="chrome.136_0_7103_93.windows.Create_master_data_for_mixed_billing_&amp;_do_billing_calculation_US151661" name="Should add performance based condition" time="61.564">
      <system-out><![CDATA[
RESULT: undefined
COMMAND: POST /session/e75b3d5d2d0828505fb80b5e18bd174b/element - {"using":"xpath","value":"//*[@id=\"__tile93\"]"}
RESULT: {"using":"xpath","value":"//*[@id=\"__tile93\"]"}
COMMAND: POST /session/e75b3d5d2d0828505fb80b5e18bd174b/element/f.3CC06888A91A2B87598FBDB561306D63.d.659E7747D3DDEEA2F6C684BF6E686EC2.e.8898/click - {}
RESULT: {}
COMMAND: GET /session/e75b3d5d2d0828505fb80b5e18bd174b/screenshot - {}
RESULT: {}
COMMAND: POST /session/e75b3d5d2d0828505fb80b5e18bd174b/elements - {"using":"xpath","value":"//span[text()='Error']"}
RESULT: {"using":"xpath","value":"//span[text()='Error']"}
COMMAND: POST /session/e75b3d5d2d0828505fb80b5e18bd174b/element - {"using":"xpath","value":"//button[@aria-label=\"Create\"]"}
RESULT: {"using":"xpath","value":"//button[@aria-label=\"Create\"]"}
COMMAND: POST /session/e75b3d5d2d0828505fb80b5e18bd174b/elements - {"using":"xpath","value":"//button[@aria-label=\"Create\"]"}
RESULT: {"using":"xpath","value":"//button[@aria-label=\"Create\"]"}
COMMAND: POST /session/e75b3d5d2d0828505fb80b5e18bd174b/execute/sync - {"script":"<script> [8489 bytes]","args":[{"element-6066-11e4-a52e-4f735466cecf":"f.3CC06888A91A2B87598FBDB561306D63.d.659E7747D3DDEEA2F6C684BF6E686EC2.e.10372","ELEMENT":"f.3CC06888A91A2B87598FBDB561306D63.d.659E7747D3DDEEA2F6C684BF6E686EC2.e.10372"}]}
RESULT: {"script":"<script> [8489 bytes]","args":[{"element-6066-11e4-a52e-4f735466cecf":"f.3CC06888A91A2B87598FBDB561306D63.d.659E7747D3DDEEA2F6C684BF6E686EC2.e.10372","ELEMENT":"f.3CC06888A91A2B87598FBDB561306D63.d.659E7747D3DDEEA2F6C684BF6E686EC2.e.10372"}]}
COMMAND: GET /session/e75b3d5d2d0828505fb80b5e18bd174b/element/f.3CC06888A91A2B87598FBDB561306D63.d.659E7747D3DDEEA2F6C684BF6E686EC2.e.10372/enabled - {}
COMMAND: GET /session/e75b3d5d2d0828505fb80b5e18bd174b/screenshot - {}
RESULT: {}
COMMAND: POST /session/e75b3d5d2d0828505fb80b5e18bd174b/execute/sync - {"script":"<script> [8489 bytes]","args":[{"element-6066-11e4-a52e-4f735466cecf":"f.3CC06888A91A2B87598FBDB561306D63.d.659E7747D3DDEEA2F6C684BF6E686EC2.e.10372","ELEMENT":"f.3CC06888A91A2B87598FBDB561306D63.d.659E7747D3DDEEA2F6C684BF6E686EC2.e.10372"}]}
COMMAND: GET /session/e75b3d5d2d0828505fb80b5e18bd174b/screenshot - {}
RESULT: {}
RESULT: {"script":"<script> [8489 bytes]","args":[{"element-6066-11e4-a52e-4f735466cecf":"f.3CC06888A91A2B87598FBDB561306D63.d.659E7747D3DDEEA2F6C684BF6E686EC2.e.10372","ELEMENT":"f.3CC06888A91A2B87598FBDB561306D63.d.659E7747D3DDEEA2F6C684BF6E686EC2.e.10372"}]}
COMMAND: POST /session/e75b3d5d2d0828505fb80b5e18bd174b/execute/sync - {"script":"<script> [5351 bytes]","args":[{"element-6066-11e4-a52e-4f735466cecf":"f.3CC06888A91A2B87598FBDB561306D63.d.659E7747D3DDEEA2F6C684BF6E686EC2.e.10372","ELEMENT":"f.3CC06888A91A2B87598FBDB561306D63.d.659E7747D3DDEEA2F6C684BF6E686EC2.e.10372"}]}
COMMAND: GET /session/e75b3d5d2d0828505fb80b5e18bd174b/screenshot - {}
RESULT: {}
RESULT: {"script":"<script> [5351 bytes]","args":[{"element-6066-11e4-a52e-4f735466cecf":"f.3CC06888A91A2B87598FBDB561306D63.d.659E7747D3DDEEA2F6C684BF6E686EC2.e.10372","ELEMENT":"f.3CC06888A91A2B87598FBDB561306D63.d.659E7747D3DDEEA2F6C684BF6E686EC2.e.10372"}]}
COMMAND: POST /session/e75b3d5d2d0828505fb80b5e18bd174b/element/f.3CC06888A91A2B87598FBDB561306D63.d.659E7747D3DDEEA2F6C684BF6E686EC2.e.10372/click - {}
COMMAND: GET /session/e75b3d5d2d0828505fb80b5e18bd174b/screenshot - {}
RESULT: {}
RESULT: {}
COMMAND: GET /session/e75b3d5d2d0828505fb80b5e18bd174b/screenshot - {}
RESULT: {}
RESULT: {}
COMMAND: POST /session/e75b3d5d2d0828505fb80b5e18bd174b/actions - {"actions":[{"id":"action37","type":"key","parameters":{},"actions":[{"type":"keyDown","value":"î€‡"},{"type":"pause","duration":10},{"type":"keyUp","value":"î€‡"}]}]}
RESULT: {"actions":[{"id":"action37","type":"key","parameters":{},"actions":[{"type":"keyDown","value":"î€‡"},{"type":"pause","duration":10},{"type":"keyUp","value":"î€‡"}]}]}
COMMAND: GET /session/e75b3d5d2d0828505fb80b5e18bd174b/screenshot - {}
RESULT: undefined
COMMAND: POST /session/e75b3d5d2d0828505fb80b5e18bd174b/element - {"using":"xpath","value":"//*[@id=\"application-manageconditionprice-display-component---newCondition--condBillCond-arrow\"]"}
RESULT: {}
RESULT: {"using":"xpath","value":"//*[@id=\"application-manageconditionprice-display-component---newCondition--condBillCond-arrow\"]"}
COMMAND: POST /session/e75b3d5d2d0828505fb80b5e18bd174b/element/f.3CC06888A91A2B87598FBDB561306D63.d.659E7747D3DDEEA2F6C684BF6E686EC2.e.10779/click - {}
RESULT: {}
COMMAND: GET /session/e75b3d5d2d0828505fb80b5e18bd174b/screenshot - {}
RESULT: {}
COMMAND: POST /session/e75b3d5d2d0828505fb80b5e18bd174b/element - {"using":"xpath","value":"//li[.//span[contains(text(), \"PC06 - Performance Price - fuel\")]]"}
RESULT: {"using":"xpath","value":"//li[.//span[contains(text(), \"PC06 - Performance Price - fuel\")]]"}
COMMAND: POST /session/e75b3d5d2d0828505fb80b5e18bd174b/element/f.3CC06888A91A2B87598FBDB561306D63.d.659E7747D3DDEEA2F6C684BF6E686EC2.e.10782/click - {}
RESULT: {}
COMMAND: GET /session/e75b3d5d2d0828505fb80b5e18bd174b/screenshot - {}
RESULT: {}
RESULT: undefined
COMMAND: POST /session/e75b3d5d2d0828505fb80b5e18bd174b/execute/async - {"script":"<script> [776 bytes]","args":[{"enterText":"1/19/26","selector":{"id":"application-manageconditionprice-display-component---newCondition--condValidTo","interaction":{"idSuffix":"inner"}},"clearTextFirst":true,"interactionType":"ENTER_TEXT"}]}
RESULT: {"script":"<script> [776 bytes]","args":[{"enterText":"1/19/26","selector":{"id":"application-manageconditionprice-display-component---newCondition--condValidTo","interaction":{"idSuffix":"inner"}},"clearTextFirst":true,"interactionType":"ENTER_TEXT"}]}
COMMAND: POST /session/e75b3d5d2d0828505fb80b5e18bd174b/element - {"using":"xpath","value":"//input[@id=\"application-manageconditionprice-display-component---newCondition--condRU-inner\"]"}
RESULT: {"using":"xpath","value":"//input[@id=\"application-manageconditionprice-display-component---newCondition--condRU-inner\"]"}
COMMAND: POST /session/e75b3d5d2d0828505fb80b5e18bd174b/element/f.3CC06888A91A2B87598FBDB561306D63.d.659E7747D3DDEEA2F6C684BF6E686EC2.e.10505/clear - {}
RESULT: {}
COMMAND: POST /session/e75b3d5d2d0828505fb80b5e18bd174b/element/f.3CC06888A91A2B87598FBDB561306D63.d.659E7747D3DDEEA2F6C684BF6E686EC2.e.10505/value - {"text":"tGIjS39AAG"}
COMMAND: GET /session/e75b3d5d2d0828505fb80b5e18bd174b/screenshot - {}
RESULT: {"text":"tGIjS39AAG"}
COMMAND: GET /session/e75b3d5d2d0828505fb80b5e18bd174b/screenshot - {}
RESULT: {}
RESULT: {}
COMMAND: POST /session/e75b3d5d2d0828505fb80b5e18bd174b/actions - {"actions":[{"id":"action38","type":"key","parameters":{},"actions":[{"type":"keyDown","value":"î€‡"},{"type":"pause","duration":10},{"type":"keyUp","value":"î€‡"}]}]}
RESULT: {"actions":[{"id":"action38","type":"key","parameters":{},"actions":[{"type":"keyDown","value":"î€‡"},{"type":"pause","duration":10},{"type":"keyUp","value":"î€‡"}]}]}
RESULT: undefined
COMMAND: POST /session/e75b3d5d2d0828505fb80b5e18bd174b/execute/async - {"script":"<script> [776 bytes]","args":[{"enterText":"1","selector":{"id":"application-manageconditionprice-display-component---newCondition--condBaseQty","interaction":{"idSuffix":"inner"}},"clearTextFirst":true,"interactionType":"ENTER_TEXT"}]}
COMMAND: GET /session/e75b3d5d2d0828505fb80b5e18bd174b/screenshot - {}
RESULT: {"script":"<script> [776 bytes]","args":[{"enterText":"1","selector":{"id":"application-manageconditionprice-display-component---newCondition--condBaseQty","interaction":{"idSuffix":"inner"}},"clearTextFirst":true,"interactionType":"ENTER_TEXT"}]}
RESULT: undefined
COMMAND: POST /session/e75b3d5d2d0828505fb80b5e18bd174b/execute/async - {"script":"<script> [776 bytes]","args":[{"enterText":"10","selector":{"id":"application-manageconditionprice-display-component---newCondition--condValue","interaction":{"idSuffix":"inner"}},"clearTextFirst":true,"interactionType":"ENTER_TEXT"}]}
RESULT: {}
RESULT: {"script":"<script> [776 bytes]","args":[{"enterText":"10","selector":{"id":"application-manageconditionprice-display-component---newCondition--condValue","interaction":{"idSuffix":"inner"}},"clearTextFirst":true,"interactionType":"ENTER_TEXT"}]}
RESULT: undefined
COMMAND: POST /session/e75b3d5d2d0828505fb80b5e18bd174b/element - {"using":"xpath","value":"//*[@id=\"application-manageconditionprice-display-component---newCondition--condCurr-arrow\"]"}
RESULT: {"using":"xpath","value":"//*[@id=\"application-manageconditionprice-display-component---newCondition--condCurr-arrow\"]"}
COMMAND: POST /session/e75b3d5d2d0828505fb80b5e18bd174b/element/f.3CC06888A91A2B87598FBDB561306D63.d.659E7747D3DDEEA2F6C684BF6E686EC2.e.10731/click - {}
RESULT: {}
COMMAND: POST /session/e75b3d5d2d0828505fb80b5e18bd174b/element - {"using":"xpath","value":"//span[contains(text(), \"Euro\")]"}
COMMAND: GET /session/e75b3d5d2d0828505fb80b5e18bd174b/screenshot - {}
RESULT: {"using":"xpath","value":"//span[contains(text(), \"Euro\")]"}
COMMAND: POST /session/e75b3d5d2d0828505fb80b5e18bd174b/element/f.3CC06888A91A2B87598FBDB561306D63.d.659E7747D3DDEEA2F6C684BF6E686EC2.e.10813/click - {}
RESULT: {}
RESULT: {}
COMMAND: POST /session/e75b3d5d2d0828505fb80b5e18bd174b/element - {"using":"xpath","value":"//button[@data-kt=\"saveButton\"]"}
COMMAND: GET /session/e75b3d5d2d0828505fb80b5e18bd174b/screenshot - {}
RESULT: {"using":"xpath","value":"//button[@data-kt=\"saveButton\"]"}
COMMAND: POST /session/e75b3d5d2d0828505fb80b5e18bd174b/element/f.3CC06888A91A2B87598FBDB561306D63.d.659E7747D3DDEEA2F6C684BF6E686EC2.e.10732/click - {}
RESULT: {}
RESULT: {}
COMMAND: GET /session/e75b3d5d2d0828505fb80b5e18bd174b/screenshot - {}
RESULT: {}
RESULT: undefined
COMMAND: POST /session/e75b3d5d2d0828505fb80b5e18bd174b/execute/async - {"script":"<script> [776 bytes]","args":[{"enterText":"tGIjS39AAG","selector":{"id":"application-manageconditionprice-display-component---conditions--smartFilterBar-btnBasicSearch","interaction":{"idSuffix":"I"}},"clearTextFirst":true,"interactionType":"ENTER_TEXT"}]}
RESULT: {"script":"<script> [776 bytes]","args":[{"enterText":"tGIjS39AAG","selector":{"id":"application-manageconditionprice-display-component---conditions--smartFilterBar-btnBasicSearch","interaction":{"idSuffix":"I"}},"clearTextFirst":true,"interactionType":"ENTER_TEXT"}]}
COMMAND: POST /session/e75b3d5d2d0828505fb80b5e18bd174b/actions - {"actions":[{"id":"action39","type":"key","parameters":{},"actions":[{"type":"keyDown","value":"î€‡"},{"type":"pause","duration":10},{"type":"keyUp","value":"î€‡"}]}]}
RESULT: {"actions":[{"id":"action39","type":"key","parameters":{},"actions":[{"type":"keyDown","value":"î€‡"},{"type":"pause","duration":10},{"type":"keyUp","value":"î€‡"}]}]}
COMMAND: GET /session/e75b3d5d2d0828505fb80b5e18bd174b/screenshot - {}
RESULT: {}
RESULT: undefined
COMMAND: POST /session/e75b3d5d2d0828505fb80b5e18bd174b/element - {"using":"xpath","value":"//*[@id=\"application-manageconditionprice-display-component---conditions--smartFilterBar-filterItemControl_BASIC-BILL_TYPES-vhi\"]"}
RESULT: {"using":"xpath","value":"//*[@id=\"application-manageconditionprice-display-component---conditions--smartFilterBar-filterItemControl_BASIC-BILL_TYPES-vhi\"]"}
COMMAND: POST /session/e75b3d5d2d0828505fb80b5e18bd174b/element/f.3CC06888A91A2B87598FBDB561306D63.d.659E7747D3DDEEA2F6C684BF6E686EC2.e.10853/click - {}
RESULT: {}
RESULT: undefined
COMMAND: POST /session/e75b3d5d2d0828505fb80b5e18bd174b/execute/async - {"script":"<script> [776 bytes]","args":[{"enterText":"PB","selector":{"id":"application-manageconditionprice-display-component---conditions--smartFilterBar-filterItemControl_BASIC-BILL_TYPES-valueHelpDialog-smartFilterBar-btnBasicSearch","searchOpenDialogs":true,"interaction":{"idSuffix":"I"}},"clearTextFirst":true,"interactionType":"ENTER_TEXT"}]}
COMMAND: GET /session/e75b3d5d2d0828505fb80b5e18bd174b/screenshot - {}
RESULT: {"script":"<script> [776 bytes]","args":[{"enterText":"PB","selector":{"id":"application-manageconditionprice-display-component---conditions--smartFilterBar-filterItemControl_BASIC-BILL_TYPES-valueHelpDialog-smartFilterBar-btnBasicSearch","searchOpenDialogs":true,"interaction":{"idSuffix":"I"}},"clearTextFirst":true,"interactionType":"ENTER_TEXT"}]}
COMMAND: POST /session/e75b3d5d2d0828505fb80b5e18bd174b/actions - {"actions":[{"id":"action40","type":"key","parameters":{},"actions":[{"type":"keyDown","value":"î€‡"},{"type":"pause","duration":10},{"type":"keyUp","value":"î€‡"}]}]}
RESULT: {}
RESULT: {"actions":[{"id":"action40","type":"key","parameters":{},"actions":[{"type":"keyDown","value":"î€‡"},{"type":"pause","duration":10},{"type":"keyUp","value":"î€‡"}]}]}
COMMAND: GET /session/e75b3d5d2d0828505fb80b5e18bd174b/screenshot - {}
RESULT: {}
COMMAND: POST /session/e75b3d5d2d0828505fb80b5e18bd174b/element - {"using":"xpath","value":"//div[contains(@id, 'application-manageconditionprice-display-component---conditions--smartFilterBar-filterItemControl_BASIC-BILL_TYPES-valueHelpDialog-table-rowsel0')]"}
RESULT: {"using":"xpath","value":"//div[contains(@id, 'application-manageconditionprice-display-component---conditions--smartFilterBar-filterItemControl_BASIC-BILL_TYPES-valueHelpDialog-table-rowsel0')]"}
COMMAND: POST /session/e75b3d5d2d0828505fb80b5e18bd174b/element/f.3CC06888A91A2B87598FBDB561306D63.d.659E7747D3DDEEA2F6C684BF6E686EC2.e.10861/click - {}
RESULT: {}
COMMAND: GET /session/e75b3d5d2d0828505fb80b5e18bd174b/screenshot - {}
RESULT: {}
COMMAND: POST /session/e75b3d5d2d0828505fb80b5e18bd174b/element - {"using":"xpath","value":"//bdi[contains(text(), \"OK\")]"}
RESULT: {"using":"xpath","value":"//bdi[contains(text(), \"OK\")]"}
COMMAND: POST /session/e75b3d5d2d0828505fb80b5e18bd174b/element/f.3CC06888A91A2B87598FBDB561306D63.d.659E7747D3DDEEA2F6C684BF6E686EC2.e.10863/click - {}
RESULT: {}
COMMAND: GET /session/e75b3d5d2d0828505fb80b5e18bd174b/screenshot - {}
RESULT: {}
COMMAND: POST /session/e75b3d5d2d0828505fb80b5e18bd174b/element - {"using":"xpath","value":"//span[@id=\"application-manageconditionprice-display-component---conditions--smartTable-header-inner\"]"}
RESULT: {"using":"xpath","value":"//span[@id=\"application-manageconditionprice-display-component---conditions--smartTable-header-inner\"]"}
COMMAND: POST /session/e75b3d5d2d0828505fb80b5e18bd174b/elements - {"using":"xpath","value":"//span[@id=\"application-manageconditionprice-display-component---conditions--smartTable-header-inner\"]"}
RESULT: {"using":"xpath","value":"//span[@id=\"application-manageconditionprice-display-component---conditions--smartTable-header-inner\"]"}
COMMAND: POST /session/e75b3d5d2d0828505fb80b5e18bd174b/execute/sync - {"script":"<script> [56 bytes]","args":[{"element-6066-11e4-a52e-4f735466cecf":"f.3CC06888A91A2B87598FBDB561306D63.d.659E7747D3DDEEA2F6C684BF6E686EC2.e.10866","ELEMENT":"f.3CC06888A91A2B87598FBDB561306D63.d.659E7747D3DDEEA2F6C684BF6E686EC2.e.10866"}]}
RESULT: {"script":"<script> [56 bytes]","args":[{"element-6066-11e4-a52e-4f735466cecf":"f.3CC06888A91A2B87598FBDB561306D63.d.659E7747D3DDEEA2F6C684BF6E686EC2.e.10866","ELEMENT":"f.3CC06888A91A2B87598FBDB561306D63.d.659E7747D3DDEEA2F6C684BF6E686EC2.e.10866"}]}
COMMAND: POST /session/e75b3d5d2d0828505fb80b5e18bd174b/element - {"using":"css selector","value":"#shell-header-logo"}
COMMAND: GET /session/e75b3d5d2d0828505fb80b5e18bd174b/screenshot - {}
RESULT: {"using":"css selector","value":"#shell-header-logo"}
COMMAND: POST /session/e75b3d5d2d0828505fb80b5e18bd174b/element/f.3CC06888A91A2B87598FBDB561306D63.d.659E7747D3DDEEA2F6C684BF6E686EC2.e.10231/click - {}
RESULT: {}
RESULT: {}
COMMAND: GET /session/e75b3d5d2d0828505fb80b5e18bd174b/screenshot - {}
RESULT: {}
]]></system-out>
    </testcase>
    <testcase classname="chrome.136_0_7103_93.windows.Create_master_data_for_mixed_billing_&amp;_do_billing_calculation_US151661" name="Should add time based condition" time="64.509">
      <system-out><![CDATA[
RESULT: undefined
COMMAND: POST /session/e75b3d5d2d0828505fb80b5e18bd174b/element - {"using":"xpath","value":"//*[@id=\"__tile93\"]"}
RESULT: {"using":"xpath","value":"//*[@id=\"__tile93\"]"}
COMMAND: POST /session/e75b3d5d2d0828505fb80b5e18bd174b/element/f.3CC06888A91A2B87598FBDB561306D63.d.659E7747D3DDEEA2F6C684BF6E686EC2.e.8898/click - {}
RESULT: {}
COMMAND: GET /session/e75b3d5d2d0828505fb80b5e18bd174b/screenshot - {}
RESULT: {}
COMMAND: POST /session/e75b3d5d2d0828505fb80b5e18bd174b/elements - {"using":"xpath","value":"//span[text()='Error']"}
RESULT: {"using":"xpath","value":"//span[text()='Error']"}
COMMAND: POST /session/e75b3d5d2d0828505fb80b5e18bd174b/element - {"using":"xpath","value":"//button[@aria-label=\"Create\"]"}
RESULT: {"using":"xpath","value":"//button[@aria-label=\"Create\"]"}
COMMAND: POST /session/e75b3d5d2d0828505fb80b5e18bd174b/elements - {"using":"xpath","value":"//button[@aria-label=\"Create\"]"}
RESULT: {"using":"xpath","value":"//button[@aria-label=\"Create\"]"}
COMMAND: POST /session/e75b3d5d2d0828505fb80b5e18bd174b/execute/sync - {"script":"<script> [8489 bytes]","args":[{"element-6066-11e4-a52e-4f735466cecf":"f.3CC06888A91A2B87598FBDB561306D63.d.659E7747D3DDEEA2F6C684BF6E686EC2.e.10927","ELEMENT":"f.3CC06888A91A2B87598FBDB561306D63.d.659E7747D3DDEEA2F6C684BF6E686EC2.e.10927"}]}
RESULT: {"script":"<script> [8489 bytes]","args":[{"element-6066-11e4-a52e-4f735466cecf":"f.3CC06888A91A2B87598FBDB561306D63.d.659E7747D3DDEEA2F6C684BF6E686EC2.e.10927","ELEMENT":"f.3CC06888A91A2B87598FBDB561306D63.d.659E7747D3DDEEA2F6C684BF6E686EC2.e.10927"}]}
COMMAND: GET /session/e75b3d5d2d0828505fb80b5e18bd174b/element/f.3CC06888A91A2B87598FBDB561306D63.d.659E7747D3DDEEA2F6C684BF6E686EC2.e.10927/enabled - {}
COMMAND: GET /session/e75b3d5d2d0828505fb80b5e18bd174b/screenshot - {}
RESULT: {}
COMMAND: POST /session/e75b3d5d2d0828505fb80b5e18bd174b/execute/sync - {"script":"<script> [8489 bytes]","args":[{"element-6066-11e4-a52e-4f735466cecf":"f.3CC06888A91A2B87598FBDB561306D63.d.659E7747D3DDEEA2F6C684BF6E686EC2.e.10927","ELEMENT":"f.3CC06888A91A2B87598FBDB561306D63.d.659E7747D3DDEEA2F6C684BF6E686EC2.e.10927"}]}
COMMAND: GET /session/e75b3d5d2d0828505fb80b5e18bd174b/screenshot - {}
RESULT: {}
RESULT: {"script":"<script> [8489 bytes]","args":[{"element-6066-11e4-a52e-4f735466cecf":"f.3CC06888A91A2B87598FBDB561306D63.d.659E7747D3DDEEA2F6C684BF6E686EC2.e.10927","ELEMENT":"f.3CC06888A91A2B87598FBDB561306D63.d.659E7747D3DDEEA2F6C684BF6E686EC2.e.10927"}]}
COMMAND: POST /session/e75b3d5d2d0828505fb80b5e18bd174b/execute/sync - {"script":"<script> [5351 bytes]","args":[{"element-6066-11e4-a52e-4f735466cecf":"f.3CC06888A91A2B87598FBDB561306D63.d.659E7747D3DDEEA2F6C684BF6E686EC2.e.10927","ELEMENT":"f.3CC06888A91A2B87598FBDB561306D63.d.659E7747D3DDEEA2F6C684BF6E686EC2.e.10927"}]}
COMMAND: GET /session/e75b3d5d2d0828505fb80b5e18bd174b/screenshot - {}
RESULT: {}
RESULT: {"script":"<script> [5351 bytes]","args":[{"element-6066-11e4-a52e-4f735466cecf":"f.3CC06888A91A2B87598FBDB561306D63.d.659E7747D3DDEEA2F6C684BF6E686EC2.e.10927","ELEMENT":"f.3CC06888A91A2B87598FBDB561306D63.d.659E7747D3DDEEA2F6C684BF6E686EC2.e.10927"}]}
COMMAND: POST /session/e75b3d5d2d0828505fb80b5e18bd174b/element/f.3CC06888A91A2B87598FBDB561306D63.d.659E7747D3DDEEA2F6C684BF6E686EC2.e.10927/click - {}
COMMAND: GET /session/e75b3d5d2d0828505fb80b5e18bd174b/screenshot - {}
RESULT: {}
RESULT: {}
COMMAND: GET /session/e75b3d5d2d0828505fb80b5e18bd174b/screenshot - {}
RESULT: {}
RESULT: {}
COMMAND: POST /session/e75b3d5d2d0828505fb80b5e18bd174b/actions - {"actions":[{"id":"action41","type":"key","parameters":{},"actions":[{"type":"keyDown","value":"î€‡"},{"type":"pause","duration":10},{"type":"keyUp","value":"î€‡"}]}]}
RESULT: {"actions":[{"id":"action41","type":"key","parameters":{},"actions":[{"type":"keyDown","value":"î€‡"},{"type":"pause","duration":10},{"type":"keyUp","value":"î€‡"}]}]}
COMMAND: GET /session/e75b3d5d2d0828505fb80b5e18bd174b/screenshot - {}
RESULT: undefined
COMMAND: POST /session/e75b3d5d2d0828505fb80b5e18bd174b/element - {"using":"xpath","value":"//*[@id=\"application-manageconditionprice-display-component---newCondition--condBillCond-arrow\"]"}
RESULT: {}
RESULT: {"using":"xpath","value":"//*[@id=\"application-manageconditionprice-display-component---newCondition--condBillCond-arrow\"]"}
COMMAND: POST /session/e75b3d5d2d0828505fb80b5e18bd174b/element/f.3CC06888A91A2B87598FBDB561306D63.d.659E7747D3DDEEA2F6C684BF6E686EC2.e.11730/click - {}
RESULT: {}
COMMAND: GET /session/e75b3d5d2d0828505fb80b5e18bd174b/screenshot - {}
RESULT: {}
COMMAND: POST /session/e75b3d5d2d0828505fb80b5e18bd174b/element - {"using":"xpath","value":"//li[.//span[contains(text(), \"DISP - D&I special price\")]]"}
RESULT: {"using":"xpath","value":"//li[.//span[contains(text(), \"DISP - D&I special price\")]]"}
COMMAND: POST /session/e75b3d5d2d0828505fb80b5e18bd174b/element/f.3CC06888A91A2B87598FBDB561306D63.d.659E7747D3DDEEA2F6C684BF6E686EC2.e.11733/click - {}
RESULT: {}
COMMAND: GET /session/e75b3d5d2d0828505fb80b5e18bd174b/screenshot - {}
RESULT: {}
RESULT: undefined
COMMAND: POST /session/e75b3d5d2d0828505fb80b5e18bd174b/execute/async - {"script":"<script> [776 bytes]","args":[{"enterText":"1/19/26","selector":{"id":"application-manageconditionprice-display-component---newCondition--condValidTo","interaction":{"idSuffix":"inner"}},"clearTextFirst":true,"interactionType":"ENTER_TEXT"}]}
RESULT: {"script":"<script> [776 bytes]","args":[{"enterText":"1/19/26","selector":{"id":"application-manageconditionprice-display-component---newCondition--condValidTo","interaction":{"idSuffix":"inner"}},"clearTextFirst":true,"interactionType":"ENTER_TEXT"}]}
COMMAND: POST /session/e75b3d5d2d0828505fb80b5e18bd174b/element - {"using":"xpath","value":"//input[@id=\"application-manageconditionprice-display-component---newCondition--condRU-inner\"]"}
RESULT: {"using":"xpath","value":"//input[@id=\"application-manageconditionprice-display-component---newCondition--condRU-inner\"]"}
COMMAND: POST /session/e75b3d5d2d0828505fb80b5e18bd174b/element/f.3CC06888A91A2B87598FBDB561306D63.d.659E7747D3DDEEA2F6C684BF6E686EC2.e.11461/clear - {}
RESULT: {}
COMMAND: POST /session/e75b3d5d2d0828505fb80b5e18bd174b/element/f.3CC06888A91A2B87598FBDB561306D63.d.659E7747D3DDEEA2F6C684BF6E686EC2.e.11461/value - {"text":"tGIjS39AAG"}
COMMAND: GET /session/e75b3d5d2d0828505fb80b5e18bd174b/screenshot - {}
RESULT: {"text":"tGIjS39AAG"}
COMMAND: GET /session/e75b3d5d2d0828505fb80b5e18bd174b/screenshot - {}
RESULT: {}
RESULT: {}
COMMAND: POST /session/e75b3d5d2d0828505fb80b5e18bd174b/actions - {"actions":[{"id":"action42","type":"key","parameters":{},"actions":[{"type":"keyDown","value":"î€‡"},{"type":"pause","duration":10},{"type":"keyUp","value":"î€‡"}]}]}
RESULT: {"actions":[{"id":"action42","type":"key","parameters":{},"actions":[{"type":"keyDown","value":"î€‡"},{"type":"pause","duration":10},{"type":"keyUp","value":"î€‡"}]}]}
RESULT: undefined
COMMAND: POST /session/e75b3d5d2d0828505fb80b5e18bd174b/execute/async - {"script":"<script> [776 bytes]","args":[{"enterText":"1","selector":{"id":"application-manageconditionprice-display-component---newCondition--condBaseQty","interaction":{"idSuffix":"inner"}},"clearTextFirst":true,"interactionType":"ENTER_TEXT"}]}
COMMAND: GET /session/e75b3d5d2d0828505fb80b5e18bd174b/screenshot - {}
RESULT: {"script":"<script> [776 bytes]","args":[{"enterText":"1","selector":{"id":"application-manageconditionprice-display-component---newCondition--condBaseQty","interaction":{"idSuffix":"inner"}},"clearTextFirst":true,"interactionType":"ENTER_TEXT"}]}
RESULT: undefined
COMMAND: POST /session/e75b3d5d2d0828505fb80b5e18bd174b/execute/async - {"script":"<script> [776 bytes]","args":[{"enterText":"100","selector":{"id":"application-manageconditionprice-display-component---newCondition--condValue","interaction":{"idSuffix":"inner"}},"clearTextFirst":true,"interactionType":"ENTER_TEXT"}]}
RESULT: {}
RESULT: {"script":"<script> [776 bytes]","args":[{"enterText":"100","selector":{"id":"application-manageconditionprice-display-component---newCondition--condValue","interaction":{"idSuffix":"inner"}},"clearTextFirst":true,"interactionType":"ENTER_TEXT"}]}
RESULT: undefined
COMMAND: POST /session/e75b3d5d2d0828505fb80b5e18bd174b/element - {"using":"xpath","value":"//*[@id=\"application-manageconditionprice-display-component---newCondition--condCurr-arrow\"]"}
RESULT: {"using":"xpath","value":"//*[@id=\"application-manageconditionprice-display-component---newCondition--condCurr-arrow\"]"}
COMMAND: POST /session/e75b3d5d2d0828505fb80b5e18bd174b/element/f.3CC06888A91A2B87598FBDB561306D63.d.659E7747D3DDEEA2F6C684BF6E686EC2.e.11683/click - {}
RESULT: {}
COMMAND: POST /session/e75b3d5d2d0828505fb80b5e18bd174b/element - {"using":"xpath","value":"//span[contains(text(), \"Euro\")]"}
COMMAND: GET /session/e75b3d5d2d0828505fb80b5e18bd174b/screenshot - {}
RESULT: {"using":"xpath","value":"//span[contains(text(), \"Euro\")]"}
COMMAND: POST /session/e75b3d5d2d0828505fb80b5e18bd174b/element/f.3CC06888A91A2B87598FBDB561306D63.d.659E7747D3DDEEA2F6C684BF6E686EC2.e.11768/click - {}
RESULT: {}
RESULT: {}
COMMAND: POST /session/e75b3d5d2d0828505fb80b5e18bd174b/element - {"using":"xpath","value":"//button[@data-kt=\"saveButton\"]"}
COMMAND: GET /session/e75b3d5d2d0828505fb80b5e18bd174b/screenshot - {}
RESULT: {"using":"xpath","value":"//button[@data-kt=\"saveButton\"]"}
COMMAND: POST /session/e75b3d5d2d0828505fb80b5e18bd174b/element/f.3CC06888A91A2B87598FBDB561306D63.d.659E7747D3DDEEA2F6C684BF6E686EC2.e.11684/click - {}
RESULT: {}
RESULT: {}
COMMAND: GET /session/e75b3d5d2d0828505fb80b5e18bd174b/screenshot - {}
RESULT: {}
RESULT: undefined
COMMAND: POST /session/e75b3d5d2d0828505fb80b5e18bd174b/execute/async - {"script":"<script> [776 bytes]","args":[{"enterText":"tGIjS39AAG","selector":{"id":"application-manageconditionprice-display-component---conditions--smartFilterBar-btnBasicSearch","interaction":{"idSuffix":"I"}},"clearTextFirst":true,"interactionType":"ENTER_TEXT"}]}
RESULT: {"script":"<script> [776 bytes]","args":[{"enterText":"tGIjS39AAG","selector":{"id":"application-manageconditionprice-display-component---conditions--smartFilterBar-btnBasicSearch","interaction":{"idSuffix":"I"}},"clearTextFirst":true,"interactionType":"ENTER_TEXT"}]}
COMMAND: POST /session/e75b3d5d2d0828505fb80b5e18bd174b/actions - {"actions":[{"id":"action43","type":"key","parameters":{},"actions":[{"type":"keyDown","value":"î€‡"},{"type":"pause","duration":10},{"type":"keyUp","value":"î€‡"}]}]}
RESULT: {"actions":[{"id":"action43","type":"key","parameters":{},"actions":[{"type":"keyDown","value":"î€‡"},{"type":"pause","duration":10},{"type":"keyUp","value":"î€‡"}]}]}
COMMAND: GET /session/e75b3d5d2d0828505fb80b5e18bd174b/screenshot - {}
RESULT: {}
RESULT: undefined
COMMAND: POST /session/e75b3d5d2d0828505fb80b5e18bd174b/element - {"using":"xpath","value":"//*[@id=\"application-manageconditionprice-display-component---conditions--smartFilterBar-filterItemControl_BASIC-BILL_TYPES-vhi\"]"}
RESULT: {"using":"xpath","value":"//*[@id=\"application-manageconditionprice-display-component---conditions--smartFilterBar-filterItemControl_BASIC-BILL_TYPES-vhi\"]"}
COMMAND: POST /session/e75b3d5d2d0828505fb80b5e18bd174b/element/f.3CC06888A91A2B87598FBDB561306D63.d.659E7747D3DDEEA2F6C684BF6E686EC2.e.11799/click - {}
RESULT: {}
RESULT: undefined
COMMAND: POST /session/e75b3d5d2d0828505fb80b5e18bd174b/execute/async - {"script":"<script> [776 bytes]","args":[{"enterText":"TB","selector":{"id":"application-manageconditionprice-display-component---conditions--smartFilterBar-filterItemControl_BASIC-BILL_TYPES-valueHelpDialog-smartFilterBar-btnBasicSearch","searchOpenDialogs":true,"interaction":{"idSuffix":"I"}},"clearTextFirst":true,"interactionType":"ENTER_TEXT"}]}
COMMAND: GET /session/e75b3d5d2d0828505fb80b5e18bd174b/screenshot - {}
RESULT: {"script":"<script> [776 bytes]","args":[{"enterText":"TB","selector":{"id":"application-manageconditionprice-display-component---conditions--smartFilterBar-filterItemControl_BASIC-BILL_TYPES-valueHelpDialog-smartFilterBar-btnBasicSearch","searchOpenDialogs":true,"interaction":{"idSuffix":"I"}},"clearTextFirst":true,"interactionType":"ENTER_TEXT"}]}
COMMAND: POST /session/e75b3d5d2d0828505fb80b5e18bd174b/actions - {"actions":[{"id":"action44","type":"key","parameters":{},"actions":[{"type":"keyDown","value":"î€‡"},{"type":"pause","duration":10},{"type":"keyUp","value":"î€‡"}]}]}
RESULT: {}
RESULT: {"actions":[{"id":"action44","type":"key","parameters":{},"actions":[{"type":"keyDown","value":"î€‡"},{"type":"pause","duration":10},{"type":"keyUp","value":"î€‡"}]}]}
COMMAND: GET /session/e75b3d5d2d0828505fb80b5e18bd174b/screenshot - {}
RESULT: {}
COMMAND: POST /session/e75b3d5d2d0828505fb80b5e18bd174b/element - {"using":"xpath","value":"//div[contains(@id, 'application-manageconditionprice-display-component---conditions--smartFilterBar-filterItemControl_BASIC-BILL_TYPES-valueHelpDialog-table-rowsel0')]"}
RESULT: {"using":"xpath","value":"//div[contains(@id, 'application-manageconditionprice-display-component---conditions--smartFilterBar-filterItemControl_BASIC-BILL_TYPES-valueHelpDialog-table-rowsel0')]"}
COMMAND: POST /session/e75b3d5d2d0828505fb80b5e18bd174b/element/f.3CC06888A91A2B87598FBDB561306D63.d.659E7747D3DDEEA2F6C684BF6E686EC2.e.11808/click - {}
RESULT: {}
COMMAND: GET /session/e75b3d5d2d0828505fb80b5e18bd174b/screenshot - {}
RESULT: {}
COMMAND: POST /session/e75b3d5d2d0828505fb80b5e18bd174b/element - {"using":"xpath","value":"//bdi[contains(text(), \"OK\")]"}
RESULT: {"using":"xpath","value":"//bdi[contains(text(), \"OK\")]"}
COMMAND: POST /session/e75b3d5d2d0828505fb80b5e18bd174b/element/f.3CC06888A91A2B87598FBDB561306D63.d.659E7747D3DDEEA2F6C684BF6E686EC2.e.11810/click - {}
RESULT: {}
COMMAND: GET /session/e75b3d5d2d0828505fb80b5e18bd174b/screenshot - {}
RESULT: {}
COMMAND: POST /session/e75b3d5d2d0828505fb80b5e18bd174b/element - {"using":"xpath","value":"//span[@id=\"application-manageconditionprice-display-component---conditions--smartTable-header-inner\"]"}
RESULT: {"using":"xpath","value":"//span[@id=\"application-manageconditionprice-display-component---conditions--smartTable-header-inner\"]"}
COMMAND: POST /session/e75b3d5d2d0828505fb80b5e18bd174b/elements - {"using":"xpath","value":"//span[@id=\"application-manageconditionprice-display-component---conditions--smartTable-header-inner\"]"}
RESULT: {"using":"xpath","value":"//span[@id=\"application-manageconditionprice-display-component---conditions--smartTable-header-inner\"]"}
COMMAND: POST /session/e75b3d5d2d0828505fb80b5e18bd174b/execute/sync - {"script":"<script> [56 bytes]","args":[{"element-6066-11e4-a52e-4f735466cecf":"f.3CC06888A91A2B87598FBDB561306D63.d.659E7747D3DDEEA2F6C684BF6E686EC2.e.11819","ELEMENT":"f.3CC06888A91A2B87598FBDB561306D63.d.659E7747D3DDEEA2F6C684BF6E686EC2.e.11819"}]}
RESULT: {"script":"<script> [56 bytes]","args":[{"element-6066-11e4-a52e-4f735466cecf":"f.3CC06888A91A2B87598FBDB561306D63.d.659E7747D3DDEEA2F6C684BF6E686EC2.e.11819","ELEMENT":"f.3CC06888A91A2B87598FBDB561306D63.d.659E7747D3DDEEA2F6C684BF6E686EC2.e.11819"}]}
COMMAND: POST /session/e75b3d5d2d0828505fb80b5e18bd174b/element - {"using":"css selector","value":"#shell-header-logo"}
COMMAND: GET /session/e75b3d5d2d0828505fb80b5e18bd174b/screenshot - {}
RESULT: {"using":"css selector","value":"#shell-header-logo"}
COMMAND: POST /session/e75b3d5d2d0828505fb80b5e18bd174b/element/f.3CC06888A91A2B87598FBDB561306D63.d.659E7747D3DDEEA2F6C684BF6E686EC2.e.10871/click - {}
RESULT: {}
RESULT: {}
COMMAND: GET /session/e75b3d5d2d0828505fb80b5e18bd174b/screenshot - {}
RESULT: {}
]]></system-out>
    </testcase>
    <testcase classname="chrome.136_0_7103_93.windows.Create_master_data_for_mixed_billing_&amp;_do_billing_calculation_US151661" name="Should do a stock increase handover" time="81.892">
      <system-out><![CDATA[
COMMAND: POST /session/e75b3d5d2d0828505fb80b5e18bd174b/execute/async - {"script":"<script> [1562 bytes]","args":[{"selector":{"controlType":"sap.m.GenericTile","properties":{"header":"Manage Handovers"}},"wdio_ui5_key":"sapm.GenericTile{\"header\":\"Manage Handovers\"}"}]}
RESULT: {"script":"<script> [1562 bytes]","args":[{"selector":{"controlType":"sap.m.GenericTile","properties":{"header":"Manage Handovers"}},"wdio_ui5_key":"sapm.GenericTile{\"header\":\"Manage Handovers\"}"}]}
RESULT: undefined
COMMAND: POST /session/e75b3d5d2d0828505fb80b5e18bd174b/element - {"using":"xpath","value":"//*[@id=\"__tile131\"]"}
RESULT: {"using":"xpath","value":"//*[@id=\"__tile131\"]"}
COMMAND: POST /session/e75b3d5d2d0828505fb80b5e18bd174b/element/f.3CC06888A91A2B87598FBDB561306D63.d.659E7747D3DDEEA2F6C684BF6E686EC2.e.8862/click - {}
RESULT: {}
COMMAND: GET /session/e75b3d5d2d0828505fb80b5e18bd174b/screenshot - {}
RESULT: {}
COMMAND: POST /session/e75b3d5d2d0828505fb80b5e18bd174b/elements - {"using":"xpath","value":"//span[text()='Error']"}
RESULT: {"using":"xpath","value":"//span[text()='Error']"}
COMMAND: POST /session/e75b3d5d2d0828505fb80b5e18bd174b/element - {"using":"xpath","value":"//button[@data-kt=\"masterHOAddButton\"]"}
RESULT: {"using":"xpath","value":"//button[@data-kt=\"masterHOAddButton\"]"}
COMMAND: POST /session/e75b3d5d2d0828505fb80b5e18bd174b/elements - {"using":"xpath","value":"//button[@data-kt=\"masterHOAddButton\"]"}
RESULT: {"using":"xpath","value":"//button[@data-kt=\"masterHOAddButton\"]"}
COMMAND: POST /session/e75b3d5d2d0828505fb80b5e18bd174b/execute/sync - {"script":"<script> [8489 bytes]","args":[{"element-6066-11e4-a52e-4f735466cecf":"f.3CC06888A91A2B87598FBDB561306D63.d.659E7747D3DDEEA2F6C684BF6E686EC2.e.11862","ELEMENT":"f.3CC06888A91A2B87598FBDB561306D63.d.659E7747D3DDEEA2F6C684BF6E686EC2.e.11862"}]}
RESULT: {"script":"<script> [8489 bytes]","args":[{"element-6066-11e4-a52e-4f735466cecf":"f.3CC06888A91A2B87598FBDB561306D63.d.659E7747D3DDEEA2F6C684BF6E686EC2.e.11862","ELEMENT":"f.3CC06888A91A2B87598FBDB561306D63.d.659E7747D3DDEEA2F6C684BF6E686EC2.e.11862"}]}
COMMAND: GET /session/e75b3d5d2d0828505fb80b5e18bd174b/element/f.3CC06888A91A2B87598FBDB561306D63.d.659E7747D3DDEEA2F6C684BF6E686EC2.e.11862/enabled - {}
COMMAND: GET /session/e75b3d5d2d0828505fb80b5e18bd174b/screenshot - {}
RESULT: {}
COMMAND: POST /session/e75b3d5d2d0828505fb80b5e18bd174b/execute/sync - {"script":"<script> [8489 bytes]","args":[{"element-6066-11e4-a52e-4f735466cecf":"f.3CC06888A91A2B87598FBDB561306D63.d.659E7747D3DDEEA2F6C684BF6E686EC2.e.11862","ELEMENT":"f.3CC06888A91A2B87598FBDB561306D63.d.659E7747D3DDEEA2F6C684BF6E686EC2.e.11862"}]}
COMMAND: GET /session/e75b3d5d2d0828505fb80b5e18bd174b/screenshot - {}
RESULT: {}
RESULT: {"script":"<script> [8489 bytes]","args":[{"element-6066-11e4-a52e-4f735466cecf":"f.3CC06888A91A2B87598FBDB561306D63.d.659E7747D3DDEEA2F6C684BF6E686EC2.e.11862","ELEMENT":"f.3CC06888A91A2B87598FBDB561306D63.d.659E7747D3DDEEA2F6C684BF6E686EC2.e.11862"}]}
COMMAND: POST /session/e75b3d5d2d0828505fb80b5e18bd174b/execute/sync - {"script":"<script> [5351 bytes]","args":[{"element-6066-11e4-a52e-4f735466cecf":"f.3CC06888A91A2B87598FBDB561306D63.d.659E7747D3DDEEA2F6C684BF6E686EC2.e.11862","ELEMENT":"f.3CC06888A91A2B87598FBDB561306D63.d.659E7747D3DDEEA2F6C684BF6E686EC2.e.11862"}]}
COMMAND: GET /session/e75b3d5d2d0828505fb80b5e18bd174b/screenshot - {}
RESULT: {}
RESULT: {"script":"<script> [5351 bytes]","args":[{"element-6066-11e4-a52e-4f735466cecf":"f.3CC06888A91A2B87598FBDB561306D63.d.659E7747D3DDEEA2F6C684BF6E686EC2.e.11862","ELEMENT":"f.3CC06888A91A2B87598FBDB561306D63.d.659E7747D3DDEEA2F6C684BF6E686EC2.e.11862"}]}
COMMAND: POST /session/e75b3d5d2d0828505fb80b5e18bd174b/element/f.3CC06888A91A2B87598FBDB561306D63.d.659E7747D3DDEEA2F6C684BF6E686EC2.e.11862/click - {}
COMMAND: GET /session/e75b3d5d2d0828505fb80b5e18bd174b/screenshot - {}
RESULT: {}
RESULT: {}
COMMAND: GET /session/e75b3d5d2d0828505fb80b5e18bd174b/screenshot - {}
RESULT: {}
RESULT: {}
COMMAND: POST /session/e75b3d5d2d0828505fb80b5e18bd174b/element - {"using":"xpath","value":"//span[contains(@id ,\"AddNewHO--typeSelect-arrow\")]"}
RESULT: {"using":"xpath","value":"//span[contains(@id ,\"AddNewHO--typeSelect-arrow\")]"}
COMMAND: POST /session/e75b3d5d2d0828505fb80b5e18bd174b/element/f.3CC06888A91A2B87598FBDB561306D63.d.659E7747D3DDEEA2F6C684BF6E686EC2.e.12222/click - {}
RESULT: {}
COMMAND: GET /session/e75b3d5d2d0828505fb80b5e18bd174b/screenshot - {}
RESULT: {}
COMMAND: POST /session/e75b3d5d2d0828505fb80b5e18bd174b/element - {"using":"xpath","value":"(//li[contains(text(), \"stock increase yard\")])[1]"}
RESULT: {"using":"xpath","value":"(//li[contains(text(), \"stock increase yard\")])[1]"}
COMMAND: POST /session/e75b3d5d2d0828505fb80b5e18bd174b/element/f.3CC06888A91A2B87598FBDB561306D63.d.659E7747D3DDEEA2F6C684BF6E686EC2.e.12223/click - {}
RESULT: {}
COMMAND: GET /session/e75b3d5d2d0828505fb80b5e18bd174b/screenshot - {}
RESULT: {}
COMMAND: POST /session/e75b3d5d2d0828505fb80b5e18bd174b/execute/async - {"script":"<script> [1562 bytes]","args":[{"selector":{"id":"application-managehandovers-display-component---AddNewHO--dueDate","interaction":{"idSuffix":"inner"}},"wdio_ui5_key":"applicationmanagehandovers-display-component---AddNewHO--dueDate"}]}
RESULT: {"script":"<script> [1562 bytes]","args":[{"selector":{"id":"application-managehandovers-display-component---AddNewHO--dueDate","interaction":{"idSuffix":"inner"}},"wdio_ui5_key":"applicationmanagehandovers-display-component---AddNewHO--dueDate"}]}
RESULT: undefined
COMMAND: POST /session/e75b3d5d2d0828505fb80b5e18bd174b/execute/async - {"script":"<script> [6424 bytes]","args":[{"element-6066-11e4-a52e-4f735466cecf":"f.3CC06888A91A2B87598FBDB561306D63.d.659E7747D3DDEEA2F6C684BF6E686EC2.e.12225"},"setValue",["5/19/25"]]}
RESULT: {"script":"<script> [6424 bytes]","args":[{"element-6066-11e4-a52e-4f735466cecf":"f.3CC06888A91A2B87598FBDB561306D63.d.659E7747D3DDEEA2F6C684BF6E686EC2.e.12225"},"setValue",["5/19/25"]]}
COMMAND: POST /session/e75b3d5d2d0828505fb80b5e18bd174b/element - {"using":"xpath","value":"//input[@id=\"generalSectionFrg--receiveYard-inner\"]"}
RESULT: {"using":"xpath","value":"//input[@id=\"generalSectionFrg--receiveYard-inner\"]"}
COMMAND: POST /session/e75b3d5d2d0828505fb80b5e18bd174b/element/f.3CC06888A91A2B87598FBDB561306D63.d.659E7747D3DDEEA2F6C684BF6E686EC2.e.12229/clear - {}
RESULT: {}
COMMAND: POST /session/e75b3d5d2d0828505fb80b5e18bd174b/element/f.3CC06888A91A2B87598FBDB561306D63.d.659E7747D3DDEEA2F6C684BF6E686EC2.e.12229/value - {"text":"564"}
COMMAND: GET /session/e75b3d5d2d0828505fb80b5e18bd174b/screenshot - {}
RESULT: {"text":"564"}
COMMAND: GET /session/e75b3d5d2d0828505fb80b5e18bd174b/screenshot - {}
RESULT: {}
RESULT: {}
COMMAND: POST /session/e75b3d5d2d0828505fb80b5e18bd174b/element - {"using":"xpath","value":"//li[.//span[text()='564']]"}
RESULT: {"using":"xpath","value":"//li[.//span[text()='564']]"}
COMMAND: POST /session/e75b3d5d2d0828505fb80b5e18bd174b/element/f.3CC06888A91A2B87598FBDB561306D63.d.659E7747D3DDEEA2F6C684BF6E686EC2.e.12247/click - {}
RESULT: {}
COMMAND: GET /session/e75b3d5d2d0828505fb80b5e18bd174b/screenshot - {}
RESULT: {}
COMMAND: POST /session/e75b3d5d2d0828505fb80b5e18bd174b/execute/async - {"script":"<script> [1562 bytes]","args":[{"selector":{"id":"application-managehandovers-display-component---AddNewHO--ObjectPageLayout-anchBar-application-managehandovers-display-component---AddNewHO--section4-anchor","interaction":{"idSuffix":"BDI-content"}},"wdio_ui5_key":"applicationmanagehandovers-display-component---AddNewHO--ObjectPageLayout-anchBar-application-managehandovers-display-component---AddNewHO--section4-anchor"}]}
RESULT: {"script":"<script> [1562 bytes]","args":[{"selector":{"id":"application-managehandovers-display-component---AddNewHO--ObjectPageLayout-anchBar-application-managehandovers-display-component---AddNewHO--section4-anchor","interaction":{"idSuffix":"BDI-content"}},"wdio_ui5_key":"applicationmanagehandovers-display-component---AddNewHO--ObjectPageLayout-anchBar-application-managehandovers-display-component---AddNewHO--section4-anchor"}]}
RESULT: undefined
COMMAND: POST /session/e75b3d5d2d0828505fb80b5e18bd174b/element - {"using":"xpath","value":"//*[@id=\"application-managehandovers-display-component---AddNewHO--ObjectPageLayout-anchBar-application-managehandovers-display-component---AddNewHO--section4-anchor\"]"}
RESULT: {"using":"xpath","value":"//*[@id=\"application-managehandovers-display-component---AddNewHO--ObjectPageLayout-anchBar-application-managehandovers-display-component---AddNewHO--section4-anchor\"]"}
COMMAND: POST /session/e75b3d5d2d0828505fb80b5e18bd174b/element/f.3CC06888A91A2B87598FBDB561306D63.d.659E7747D3DDEEA2F6C684BF6E686EC2.e.12249/click - {}
RESULT: {}
COMMAND: POST /session/e75b3d5d2d0828505fb80b5e18bd174b/element - {"using":"xpath","value":"//button[@aria-label=\"Add\"]"}
COMMAND: GET /session/e75b3d5d2d0828505fb80b5e18bd174b/screenshot - {}
RESULT: {"using":"xpath","value":"//button[@aria-label=\"Add\"]"}
COMMAND: POST /session/e75b3d5d2d0828505fb80b5e18bd174b/element/f.3CC06888A91A2B87598FBDB561306D63.d.659E7747D3DDEEA2F6C684BF6E686EC2.e.12253/click - {}
RESULT: {}
RESULT: {}
COMMAND: GET /session/e75b3d5d2d0828505fb80b5e18bd174b/screenshot - {}
RESULT: {}
COMMAND: POST /session/e75b3d5d2d0828505fb80b5e18bd174b/execute/async - {"script":"<script> [1562 bytes]","args":[{"selector":{"id":"application-managehandovers-display-component---AddNewHO--smartFilterBar-btnBasicSearch","searchOpenDialogs":true,"interaction":{"idSuffix":"I"}},"wdio_ui5_key":"applicationmanagehandovers-display-component---AddNewHO--smartFilterBar-btnBasicSearch"}]}
RESULT: {"script":"<script> [1562 bytes]","args":[{"selector":{"id":"application-managehandovers-display-component---AddNewHO--smartFilterBar-btnBasicSearch","searchOpenDialogs":true,"interaction":{"idSuffix":"I"}},"wdio_ui5_key":"applicationmanagehandovers-display-component---AddNewHO--smartFilterBar-btnBasicSearch"}]}
RESULT: undefined
COMMAND: POST /session/e75b3d5d2d0828505fb80b5e18bd174b/execute/async - {"script":"<script> [776 bytes]","args":[{"enterText":"tGIjS39AAG","selector":{"id":"application-managehandovers-display-component---AddNewHO--smartFilterBar-btnBasicSearch","searchOpenDialogs":true,"interaction":{"idSuffix":"I"}},"clearTextFirst":true,"interactionType":"ENTER_TEXT"}]}
RESULT: {"script":"<script> [776 bytes]","args":[{"enterText":"tGIjS39AAG","selector":{"id":"application-managehandovers-display-component---AddNewHO--smartFilterBar-btnBasicSearch","searchOpenDialogs":true,"interaction":{"idSuffix":"I"}},"clearTextFirst":true,"interactionType":"ENTER_TEXT"}]}
COMMAND: POST /session/e75b3d5d2d0828505fb80b5e18bd174b/actions - {"actions":[{"id":"action45","type":"key","parameters":{},"actions":[{"type":"keyDown","value":"î€‡"},{"type":"pause","duration":10},{"type":"keyUp","value":"î€‡"}]}]}
RESULT: {"actions":[{"id":"action45","type":"key","parameters":{},"actions":[{"type":"keyDown","value":"î€‡"},{"type":"pause","duration":10},{"type":"keyUp","value":"î€‡"}]}]}
COMMAND: GET /session/e75b3d5d2d0828505fb80b5e18bd174b/screenshot - {}
RESULT: {}
COMMAND: POST /session/e75b3d5d2d0828505fb80b5e18bd174b/execute/async - {"script":"<script> [1562 bytes]","args":[{"selector":{"id":"application-managehandovers-display-component---AddNewHO--popup-sa","searchOpenDialogs":true,"interaction":{"idSuffix":"CbBg"}},"wdio_ui5_key":"applicationmanagehandovers-display-component---AddNewHO--popup-sa"}]}
RESULT: {"script":"<script> [1562 bytes]","args":[{"selector":{"id":"application-managehandovers-display-component---AddNewHO--popup-sa","searchOpenDialogs":true,"interaction":{"idSuffix":"CbBg"}},"wdio_ui5_key":"applicationmanagehandovers-display-component---AddNewHO--popup-sa"}]}
RESULT: undefined
COMMAND: POST /session/e75b3d5d2d0828505fb80b5e18bd174b/element - {"using":"xpath","value":"//*[@id=\"application-managehandovers-display-component---AddNewHO--popup-sa\"]"}
RESULT: {"using":"xpath","value":"//*[@id=\"application-managehandovers-display-component---AddNewHO--popup-sa\"]"}
COMMAND: POST /session/e75b3d5d2d0828505fb80b5e18bd174b/element/f.3CC06888A91A2B87598FBDB561306D63.d.659E7747D3DDEEA2F6C684BF6E686EC2.e.12405/click - {}
RESULT: {}
COMMAND: GET /session/e75b3d5d2d0828505fb80b5e18bd174b/screenshot - {}
RESULT: {}
COMMAND: POST /session/e75b3d5d2d0828505fb80b5e18bd174b/element - {"using":"xpath","value":"//bdi[contains(text(), \"Select\")]"}
RESULT: {"using":"xpath","value":"//bdi[contains(text(), \"Select\")]"}
COMMAND: POST /session/e75b3d5d2d0828505fb80b5e18bd174b/element/f.3CC06888A91A2B87598FBDB561306D63.d.659E7747D3DDEEA2F6C684BF6E686EC2.e.12406/click - {}
RESULT: {}
COMMAND: GET /session/e75b3d5d2d0828505fb80b5e18bd174b/screenshot - {}
RESULT: {}
COMMAND: POST /session/e75b3d5d2d0828505fb80b5e18bd174b/element - {"using":"xpath","value":"//button[@data-kt=\"AddNewHOSaveButton\"]"}
RESULT: {"using":"xpath","value":"//button[@data-kt=\"AddNewHOSaveButton\"]"}
COMMAND: POST /session/e75b3d5d2d0828505fb80b5e18bd174b/element/f.3CC06888A91A2B87598FBDB561306D63.d.659E7747D3DDEEA2F6C684BF6E686EC2.e.12410/click - {}
RESULT: {}
COMMAND: GET /session/e75b3d5d2d0828505fb80b5e18bd174b/screenshot - {}
RESULT: {}
COMMAND: POST /session/e75b3d5d2d0828505fb80b5e18bd174b/execute/async - {"script":"<script> [1562 bytes]","args":[{"selector":{"id":"receiptDatePicker","viewName":"etm.portal.ui.managehandovers.view.DetailExecuteHO","interaction":{"idSuffix":"inner"}},"wdio_ui5_key":"receiptDatePickeretmportal.ui.managehandovers.view.DetailExecuteHO"}]}
RESULT: {"script":"<script> [1562 bytes]","args":[{"selector":{"id":"receiptDatePicker","viewName":"etm.portal.ui.managehandovers.view.DetailExecuteHO","interaction":{"idSuffix":"inner"}},"wdio_ui5_key":"receiptDatePickeretmportal.ui.managehandovers.view.DetailExecuteHO"}]}
RESULT: undefined
COMMAND: POST /session/e75b3d5d2d0828505fb80b5e18bd174b/execute/async - {"script":"<script> [6424 bytes]","args":[{"element-6066-11e4-a52e-4f735466cecf":"f.3CC06888A91A2B87598FBDB561306D63.d.659E7747D3DDEEA2F6C684BF6E686EC2.e.12420"},"setValue",["5/19/25"]]}
RESULT: {"script":"<script> [6424 bytes]","args":[{"element-6066-11e4-a52e-4f735466cecf":"f.3CC06888A91A2B87598FBDB561306D63.d.659E7747D3DDEEA2F6C684BF6E686EC2.e.12420"},"setValue",["5/19/25"]]}
COMMAND: POST /session/e75b3d5d2d0828505fb80b5e18bd174b/element - {"using":"xpath","value":"//button[@data-kt=\"PickingTableConfirmAllButton\"]"}
RESULT: {"using":"xpath","value":"//button[@data-kt=\"PickingTableConfirmAllButton\"]"}
COMMAND: POST /session/e75b3d5d2d0828505fb80b5e18bd174b/element/f.3CC06888A91A2B87598FBDB561306D63.d.659E7747D3DDEEA2F6C684BF6E686EC2.e.12442/click - {}
RESULT: {}
COMMAND: GET /session/e75b3d5d2d0828505fb80b5e18bd174b/screenshot - {}
RESULT: {}
COMMAND: POST /session/e75b3d5d2d0828505fb80b5e18bd174b/element - {"using":"xpath","value":"//bdi[contains(text(), \"OK\")]"}
RESULT: {"using":"xpath","value":"//bdi[contains(text(), \"OK\")]"}
COMMAND: POST /session/e75b3d5d2d0828505fb80b5e18bd174b/element/f.3CC06888A91A2B87598FBDB561306D63.d.659E7747D3DDEEA2F6C684BF6E686EC2.e.12444/click - {}
RESULT: {}
COMMAND: GET /session/e75b3d5d2d0828505fb80b5e18bd174b/screenshot - {}
RESULT: {}
COMMAND: POST /session/e75b3d5d2d0828505fb80b5e18bd174b/element - {"using":"xpath","value":"(//bdi[contains(text(), \"Receive\")])[2]"}
RESULT: {"using":"xpath","value":"(//bdi[contains(text(), \"Receive\")])[2]"}
COMMAND: POST /session/e75b3d5d2d0828505fb80b5e18bd174b/element/f.3CC06888A91A2B87598FBDB561306D63.d.659E7747D3DDEEA2F6C684BF6E686EC2.e.12446/click - {}
RESULT: {}
COMMAND: GET /session/e75b3d5d2d0828505fb80b5e18bd174b/screenshot - {}
RESULT: {}
COMMAND: POST /session/e75b3d5d2d0828505fb80b5e18bd174b/element - {"using":"css selector","value":"#shell-header-logo"}
RESULT: {"using":"css selector","value":"#shell-header-logo"}
COMMAND: POST /session/e75b3d5d2d0828505fb80b5e18bd174b/element/f.3CC06888A91A2B87598FBDB561306D63.d.659E7747D3DDEEA2F6C684BF6E686EC2.e.11823/click - {}
RESULT: {}
COMMAND: GET /session/e75b3d5d2d0828505fb80b5e18bd174b/screenshot - {}
RESULT: {}
]]></system-out>
    </testcase>
    <testcase classname="chrome.136_0_7103_93.windows.Create_master_data_for_mixed_billing_&amp;_do_billing_calculation_US151661" name="Should create a new contract" time="65.359">
      <system-out><![CDATA[
COMMAND: POST /session/e75b3d5d2d0828505fb80b5e18bd174b/execute/async - {"script":"<script> [1562 bytes]","args":[{"selector":{"controlType":"sap.m.GenericTile","properties":{"header":"Manage Contracts"}},"wdio_ui5_key":"sapm.GenericTile{\"header\":\"Manage Contracts\"}"}]}
RESULT: {"script":"<script> [1562 bytes]","args":[{"selector":{"controlType":"sap.m.GenericTile","properties":{"header":"Manage Contracts"}},"wdio_ui5_key":"sapm.GenericTile{\"header\":\"Manage Contracts\"}"}]}
RESULT: undefined
COMMAND: POST /session/e75b3d5d2d0828505fb80b5e18bd174b/element - {"using":"xpath","value":"//*[@id=\"__tile130\"]"}
RESULT: {"using":"xpath","value":"//*[@id=\"__tile130\"]"}
COMMAND: POST /session/e75b3d5d2d0828505fb80b5e18bd174b/element/f.3CC06888A91A2B87598FBDB561306D63.d.659E7747D3DDEEA2F6C684BF6E686EC2.e.8851/click - {}
RESULT: {}
COMMAND: GET /session/e75b3d5d2d0828505fb80b5e18bd174b/screenshot - {}
RESULT: {}
COMMAND: POST /session/e75b3d5d2d0828505fb80b5e18bd174b/elements - {"using":"xpath","value":"//span[text()='Error']"}
RESULT: {"using":"xpath","value":"//span[text()='Error']"}
COMMAND: POST /session/e75b3d5d2d0828505fb80b5e18bd174b/element - {"using":"xpath","value":"//button[@data-kt=\"addButton\"]"}
RESULT: {"using":"xpath","value":"//button[@data-kt=\"addButton\"]"}
COMMAND: POST /session/e75b3d5d2d0828505fb80b5e18bd174b/elements - {"using":"xpath","value":"//button[@data-kt=\"addButton\"]"}
RESULT: {"using":"xpath","value":"//button[@data-kt=\"addButton\"]"}
COMMAND: POST /session/e75b3d5d2d0828505fb80b5e18bd174b/execute/sync - {"script":"<script> [8489 bytes]","args":[{"element-6066-11e4-a52e-4f735466cecf":"f.3CC06888A91A2B87598FBDB561306D63.d.659E7747D3DDEEA2F6C684BF6E686EC2.e.12819","ELEMENT":"f.3CC06888A91A2B87598FBDB561306D63.d.659E7747D3DDEEA2F6C684BF6E686EC2.e.12819"}]}
RESULT: {"script":"<script> [8489 bytes]","args":[{"element-6066-11e4-a52e-4f735466cecf":"f.3CC06888A91A2B87598FBDB561306D63.d.659E7747D3DDEEA2F6C684BF6E686EC2.e.12819","ELEMENT":"f.3CC06888A91A2B87598FBDB561306D63.d.659E7747D3DDEEA2F6C684BF6E686EC2.e.12819"}]}
COMMAND: GET /session/e75b3d5d2d0828505fb80b5e18bd174b/element/f.3CC06888A91A2B87598FBDB561306D63.d.659E7747D3DDEEA2F6C684BF6E686EC2.e.12819/enabled - {}
COMMAND: GET /session/e75b3d5d2d0828505fb80b5e18bd174b/screenshot - {}
RESULT: {}
COMMAND: POST /session/e75b3d5d2d0828505fb80b5e18bd174b/execute/sync - {"script":"<script> [8489 bytes]","args":[{"element-6066-11e4-a52e-4f735466cecf":"f.3CC06888A91A2B87598FBDB561306D63.d.659E7747D3DDEEA2F6C684BF6E686EC2.e.12819","ELEMENT":"f.3CC06888A91A2B87598FBDB561306D63.d.659E7747D3DDEEA2F6C684BF6E686EC2.e.12819"}]}
COMMAND: GET /session/e75b3d5d2d0828505fb80b5e18bd174b/screenshot - {}
RESULT: {}
RESULT: {"script":"<script> [8489 bytes]","args":[{"element-6066-11e4-a52e-4f735466cecf":"f.3CC06888A91A2B87598FBDB561306D63.d.659E7747D3DDEEA2F6C684BF6E686EC2.e.12819","ELEMENT":"f.3CC06888A91A2B87598FBDB561306D63.d.659E7747D3DDEEA2F6C684BF6E686EC2.e.12819"}]}
COMMAND: POST /session/e75b3d5d2d0828505fb80b5e18bd174b/execute/sync - {"script":"<script> [5351 bytes]","args":[{"element-6066-11e4-a52e-4f735466cecf":"f.3CC06888A91A2B87598FBDB561306D63.d.659E7747D3DDEEA2F6C684BF6E686EC2.e.12819","ELEMENT":"f.3CC06888A91A2B87598FBDB561306D63.d.659E7747D3DDEEA2F6C684BF6E686EC2.e.12819"}]}
COMMAND: GET /session/e75b3d5d2d0828505fb80b5e18bd174b/screenshot - {}
RESULT: {}
RESULT: {"script":"<script> [5351 bytes]","args":[{"element-6066-11e4-a52e-4f735466cecf":"f.3CC06888A91A2B87598FBDB561306D63.d.659E7747D3DDEEA2F6C684BF6E686EC2.e.12819","ELEMENT":"f.3CC06888A91A2B87598FBDB561306D63.d.659E7747D3DDEEA2F6C684BF6E686EC2.e.12819"}]}
COMMAND: GET /session/e75b3d5d2d0828505fb80b5e18bd174b/screenshot - {}
RESULT: {}
RESULT: {}
COMMAND: POST /session/e75b3d5d2d0828505fb80b5e18bd174b/element/f.3CC06888A91A2B87598FBDB561306D63.d.659E7747D3DDEEA2F6C684BF6E686EC2.e.12819/click - {}
RESULT: {}
COMMAND: GET /session/e75b3d5d2d0828505fb80b5e18bd174b/screenshot - {}
COMMAND: POST /session/e75b3d5d2d0828505fb80b5e18bd174b/execute/async - {"script":"<script> [1562 bytes]","args":[{"selector":{"id":"application-managecontracts-display-component---AddNewContract--projectDescription","interaction":{"idSuffix":"inner"}},"wdio_ui5_key":"applicationmanagecontracts-display-component---AddNewContract--projectDescription"}]}
RESULT: {}
RESULT: {"script":"<script> [1562 bytes]","args":[{"selector":{"id":"application-managecontracts-display-component---AddNewContract--projectDescription","interaction":{"idSuffix":"inner"}},"wdio_ui5_key":"applicationmanagecontracts-display-component---AddNewContract--projectDescription"}]}
RESULT: undefined
COMMAND: POST /session/e75b3d5d2d0828505fb80b5e18bd174b/execute/async - {"script":"<script> [776 bytes]","args":[{"enterText":"Mixed Contract WDIO","selector":{"id":"application-managecontracts-display-component---AddNewContract--projectDescription","interaction":{"idSuffix":"inner"}},"clearTextFirst":true,"interactionType":"ENTER_TEXT"}]}
RESULT: {"script":"<script> [776 bytes]","args":[{"enterText":"Mixed Contract WDIO","selector":{"id":"application-managecontracts-display-component---AddNewContract--projectDescription","interaction":{"idSuffix":"inner"}},"clearTextFirst":true,"interactionType":"ENTER_TEXT"}]}
COMMAND: POST /session/e75b3d5d2d0828505fb80b5e18bd174b/element - {"using":"xpath","value":"//input[@id=\"application-managecontracts-display-component---AddNewContract--site-inner\"]"}
RESULT: {"using":"xpath","value":"//input[@id=\"application-managecontracts-display-component---AddNewContract--site-inner\"]"}
COMMAND: POST /session/e75b3d5d2d0828505fb80b5e18bd174b/element/f.3CC06888A91A2B87598FBDB561306D63.d.659E7747D3DDEEA2F6C684BF6E686EC2.e.13176/clear - {}
RESULT: {}
COMMAND: POST /session/e75b3d5d2d0828505fb80b5e18bd174b/element/f.3CC06888A91A2B87598FBDB561306D63.d.659E7747D3DDEEA2F6C684BF6E686EC2.e.13176/value - {"text":"2284"}
COMMAND: GET /session/e75b3d5d2d0828505fb80b5e18bd174b/screenshot - {}
RESULT: {"text":"2284"}
COMMAND: GET /session/e75b3d5d2d0828505fb80b5e18bd174b/screenshot - {}
RESULT: {}
RESULT: {}
COMMAND: POST /session/e75b3d5d2d0828505fb80b5e18bd174b/element - {"using":"xpath","value":"//li[.//span[text()='2284']]"}
RESULT: {"using":"xpath","value":"//li[.//span[text()='2284']]"}
COMMAND: POST /session/e75b3d5d2d0828505fb80b5e18bd174b/element/f.3CC06888A91A2B87598FBDB561306D63.d.659E7747D3DDEEA2F6C684BF6E686EC2.e.13209/click - {}
RESULT: {}
COMMAND: GET /session/e75b3d5d2d0828505fb80b5e18bd174b/screenshot - {}
RESULT: {}
COMMAND: POST /session/e75b3d5d2d0828505fb80b5e18bd174b/element - {"using":"xpath","value":"//input[@id=\"application-managecontracts-display-component---AddNewContract--yardId-inner\"]"}
RESULT: {"using":"xpath","value":"//input[@id=\"application-managecontracts-display-component---AddNewContract--yardId-inner\"]"}
COMMAND: GET /session/e75b3d5d2d0828505fb80b5e18bd174b/element/f.3CC06888A91A2B87598FBDB561306D63.d.659E7747D3DDEEA2F6C684BF6E686EC2.e.13177/property/value - {}
RESULT: {}
COMMAND: POST /session/e75b3d5d2d0828505fb80b5e18bd174b/element - {"using":"xpath","value":"//input[@id=\"application-managecontracts-display-component---AddNewContract--customerSelect-inner\"]"}
COMMAND: GET /session/e75b3d5d2d0828505fb80b5e18bd174b/screenshot - {}
RESULT: {"using":"xpath","value":"//input[@id=\"application-managecontracts-display-component---AddNewContract--customerSelect-inner\"]"}
COMMAND: POST /session/e75b3d5d2d0828505fb80b5e18bd174b/element/f.3CC06888A91A2B87598FBDB561306D63.d.659E7747D3DDEEA2F6C684BF6E686EC2.e.13175/clear - {}
RESULT: {}
RESULT: {}
COMMAND: POST /session/e75b3d5d2d0828505fb80b5e18bd174b/element/f.3CC06888A91A2B87598FBDB561306D63.d.659E7747D3DDEEA2F6C684BF6E686EC2.e.13175/value - {"text":"1336"}
COMMAND: GET /session/e75b3d5d2d0828505fb80b5e18bd174b/screenshot - {}
RESULT: {"text":"1336"}
COMMAND: GET /session/e75b3d5d2d0828505fb80b5e18bd174b/screenshot - {}
RESULT: {}
RESULT: {}
COMMAND: POST /session/e75b3d5d2d0828505fb80b5e18bd174b/element - {"using":"xpath","value":"//li[.//span[text()='1336']]"}
RESULT: {"using":"xpath","value":"//li[.//span[text()='1336']]"}
COMMAND: POST /session/e75b3d5d2d0828505fb80b5e18bd174b/element/f.3CC06888A91A2B87598FBDB561306D63.d.659E7747D3DDEEA2F6C684BF6E686EC2.e.13212/click - {}
RESULT: {}
COMMAND: GET /session/e75b3d5d2d0828505fb80b5e18bd174b/screenshot - {}
RESULT: {}
COMMAND: POST /session/e75b3d5d2d0828505fb80b5e18bd174b/element - {"using":"xpath","value":"//button[@data-kt=\"saveButton\"]"}
RESULT: {"using":"xpath","value":"//button[@data-kt=\"saveButton\"]"}
COMMAND: POST /session/e75b3d5d2d0828505fb80b5e18bd174b/element/f.3CC06888A91A2B87598FBDB561306D63.d.659E7747D3DDEEA2F6C684BF6E686EC2.e.13213/click - {}
RESULT: {}
COMMAND: GET /session/e75b3d5d2d0828505fb80b5e18bd174b/screenshot - {}
RESULT: {}
COMMAND: POST /session/e75b3d5d2d0828505fb80b5e18bd174b/element - {"using":"xpath","value":"//span[contains(@id ,\"contractDetailTitleNoExpanded\")]"}
RESULT: {"using":"xpath","value":"//span[contains(@id ,\"contractDetailTitleNoExpanded\")]"}
COMMAND: POST /session/e75b3d5d2d0828505fb80b5e18bd174b/elements - {"using":"xpath","value":"//span[contains(@id ,\"contractDetailTitleNoExpanded\")]"}
RESULT: {"using":"xpath","value":"//span[contains(@id ,\"contractDetailTitleNoExpanded\")]"}
COMMAND: POST /session/e75b3d5d2d0828505fb80b5e18bd174b/execute/sync - {"script":"<script> [56 bytes]","args":[{"element-6066-11e4-a52e-4f735466cecf":"f.3CC06888A91A2B87598FBDB561306D63.d.659E7747D3DDEEA2F6C684BF6E686EC2.e.13286","ELEMENT":"f.3CC06888A91A2B87598FBDB561306D63.d.659E7747D3DDEEA2F6C684BF6E686EC2.e.13286"}]}
RESULT: {"script":"<script> [56 bytes]","args":[{"element-6066-11e4-a52e-4f735466cecf":"f.3CC06888A91A2B87598FBDB561306D63.d.659E7747D3DDEEA2F6C684BF6E686EC2.e.13286","ELEMENT":"f.3CC06888A91A2B87598FBDB561306D63.d.659E7747D3DDEEA2F6C684BF6E686EC2.e.13286"}]}
COMMAND: GET /session/e75b3d5d2d0828505fb80b5e18bd174b/screenshot - {}
RESULT: {}
]]></system-out>
    </testcase>
    <testcase classname="chrome.136_0_7103_93.windows.Create_master_data_for_mixed_billing_&amp;_do_billing_calculation_US151661" name="Should add equipment to the contract" time="45.623">
      <system-out><![CDATA[
COMMAND: POST /session/e75b3d5d2d0828505fb80b5e18bd174b/element - {"using":"xpath","value":"//button[@data-kt=\"contractDetailEditBtnButton\"]"}
RESULT: {"using":"xpath","value":"//button[@data-kt=\"contractDetailEditBtnButton\"]"}
COMMAND: POST /session/e75b3d5d2d0828505fb80b5e18bd174b/element/f.3CC06888A91A2B87598FBDB561306D63.d.659E7747D3DDEEA2F6C684BF6E686EC2.e.13288/click - {}
RESULT: {}
COMMAND: GET /session/e75b3d5d2d0828505fb80b5e18bd174b/screenshot - {}
RESULT: {}
COMMAND: POST /session/e75b3d5d2d0828505fb80b5e18bd174b/element - {"using":"xpath","value":"(//span[contains(text(), \"Additional Addresses\")])[2]"}
RESULT: {"using":"xpath","value":"(//span[contains(text(), \"Additional Addresses\")])[2]"}
COMMAND: POST /session/e75b3d5d2d0828505fb80b5e18bd174b/element/f.3CC06888A91A2B87598FBDB561306D63.d.659E7747D3DDEEA2F6C684BF6E686EC2.e.13343/click - {}
RESULT: {}
COMMAND: GET /session/e75b3d5d2d0828505fb80b5e18bd174b/screenshot - {}
RESULT: {}
COMMAND: POST /session/e75b3d5d2d0828505fb80b5e18bd174b/element - {"using":"xpath","value":"//button[@data-kt=\"btnAddTableRowOverflowToolbarButton\"]"}
RESULT: {"using":"xpath","value":"//button[@data-kt=\"btnAddTableRowOverflowToolbarButton\"]"}
COMMAND: POST /session/e75b3d5d2d0828505fb80b5e18bd174b/element/f.3CC06888A91A2B87598FBDB561306D63.d.659E7747D3DDEEA2F6C684BF6E686EC2.e.13345/click - {}
RESULT: {}
COMMAND: GET /session/e75b3d5d2d0828505fb80b5e18bd174b/screenshot - {}
RESULT: {}
COMMAND: POST /session/e75b3d5d2d0828505fb80b5e18bd174b/element - {"using":"xpath","value":"//div[(text() = 'Standard Entry' or . = 'Standard Entry')]"}
RESULT: {"using":"xpath","value":"//div[(text() = 'Standard Entry' or . = 'Standard Entry')]"}
COMMAND: POST /session/e75b3d5d2d0828505fb80b5e18bd174b/element/f.3CC06888A91A2B87598FBDB561306D63.d.659E7747D3DDEEA2F6C684BF6E686EC2.e.13347/click - {}
RESULT: {}
COMMAND: GET /session/e75b3d5d2d0828505fb80b5e18bd174b/screenshot - {}
RESULT: {}
COMMAND: POST /session/e75b3d5d2d0828505fb80b5e18bd174b/element - {"using":"xpath","value":"//td[7]/div/div/input"}
RESULT: {"using":"xpath","value":"//td[7]/div/div/input"}
COMMAND: POST /session/e75b3d5d2d0828505fb80b5e18bd174b/element/f.3CC06888A91A2B87598FBDB561306D63.d.659E7747D3DDEEA2F6C684BF6E686EC2.e.13356/clear - {}
RESULT: {}
COMMAND: POST /session/e75b3d5d2d0828505fb80b5e18bd174b/element/f.3CC06888A91A2B87598FBDB561306D63.d.659E7747D3DDEEA2F6C684BF6E686EC2.e.13356/value - {"text":"tGIjS39AAG"}
COMMAND: GET /session/e75b3d5d2d0828505fb80b5e18bd174b/screenshot - {}
RESULT: {"text":"tGIjS39AAG"}
COMMAND: GET /session/e75b3d5d2d0828505fb80b5e18bd174b/screenshot - {}
RESULT: {}
RESULT: {}
COMMAND: POST /session/e75b3d5d2d0828505fb80b5e18bd174b/actions - {"actions":[{"id":"action46","type":"key","parameters":{},"actions":[{"type":"keyDown","value":"î€‡"},{"type":"pause","duration":10},{"type":"keyUp","value":"î€‡"}]}]}
RESULT: {"actions":[{"id":"action46","type":"key","parameters":{},"actions":[{"type":"keyDown","value":"î€‡"},{"type":"pause","duration":10},{"type":"keyUp","value":"î€‡"}]}]}
COMMAND: GET /session/e75b3d5d2d0828505fb80b5e18bd174b/screenshot - {}
RESULT: {}
COMMAND: POST /session/e75b3d5d2d0828505fb80b5e18bd174b/execute/sync - {"script":"<script> [276 bytes]","args":["No pricing information was found"]}
RESULT: {"script":"<script> [276 bytes]","args":["No pricing information was found"]}
COMMAND: POST /session/e75b3d5d2d0828505fb80b5e18bd174b/element - {"using":"xpath","value":"(//button[@data-kt=\"saveButton\"])[2]"}
COMMAND: GET /session/e75b3d5d2d0828505fb80b5e18bd174b/screenshot - {}
RESULT: {"using":"xpath","value":"(//button[@data-kt=\"saveButton\"])[2]"}
COMMAND: POST /session/e75b3d5d2d0828505fb80b5e18bd174b/element/f.3CC06888A91A2B87598FBDB561306D63.d.659E7747D3DDEEA2F6C684BF6E686EC2.e.13371/click - {}
RESULT: {}
RESULT: {}
COMMAND: GET /session/e75b3d5d2d0828505fb80b5e18bd174b/screenshot - {}
RESULT: {}
COMMAND: POST /session/e75b3d5d2d0828505fb80b5e18bd174b/execute/sync - {"script":"<script> [276 bytes]","args":["Some contract items are having rental validity exceeding header rental validity"]}
RESULT: {"script":"<script> [276 bytes]","args":["Some contract items are having rental validity exceeding header rental validity"]}
COMMAND: GET /session/e75b3d5d2d0828505fb80b5e18bd174b/screenshot - {}
RESULT: {}
COMMAND: POST /session/e75b3d5d2d0828505fb80b5e18bd174b/element - {"using":"xpath","value":"//span[contains(@id ,\"contractItemsSmartTable-header-inner\")]"}
RESULT: {"using":"xpath","value":"//span[contains(@id ,\"contractItemsSmartTable-header-inner\")]"}
COMMAND: POST /session/e75b3d5d2d0828505fb80b5e18bd174b/elements - {"using":"xpath","value":"//span[contains(@id ,\"contractItemsSmartTable-header-inner\")]"}
RESULT: {"using":"xpath","value":"//span[contains(@id ,\"contractItemsSmartTable-header-inner\")]"}
COMMAND: POST /session/e75b3d5d2d0828505fb80b5e18bd174b/execute/sync - {"script":"<script> [56 bytes]","args":[{"element-6066-11e4-a52e-4f735466cecf":"f.3CC06888A91A2B87598FBDB561306D63.d.659E7747D3DDEEA2F6C684BF6E686EC2.e.13377","ELEMENT":"f.3CC06888A91A2B87598FBDB561306D63.d.659E7747D3DDEEA2F6C684BF6E686EC2.e.13377"}]}
RESULT: {"script":"<script> [56 bytes]","args":[{"element-6066-11e4-a52e-4f735466cecf":"f.3CC06888A91A2B87598FBDB561306D63.d.659E7747D3DDEEA2F6C684BF6E686EC2.e.13377","ELEMENT":"f.3CC06888A91A2B87598FBDB561306D63.d.659E7747D3DDEEA2F6C684BF6E686EC2.e.13377"}]}
]]></system-out>
    </testcase>
    <testcase classname="chrome.136_0_7103_93.windows.Create_master_data_for_mixed_billing_&amp;_do_billing_calculation_US151661" name="Should do a provide to site handover" time="57.842">
      <system-out><![CDATA[
COMMAND: POST /session/e75b3d5d2d0828505fb80b5e18bd174b/element - {"using":"xpath","value":"//button[@data-kt=\"provideButton\"]"}
COMMAND: GET /session/e75b3d5d2d0828505fb80b5e18bd174b/screenshot - {}
RESULT: {"using":"xpath","value":"//button[@data-kt=\"provideButton\"]"}
COMMAND: POST /session/e75b3d5d2d0828505fb80b5e18bd174b/element/f.3CC06888A91A2B87598FBDB561306D63.d.659E7747D3DDEEA2F6C684BF6E686EC2.e.13378/click - {}
RESULT: {}
RESULT: {}
COMMAND: GET /session/e75b3d5d2d0828505fb80b5e18bd174b/screenshot - {}
RESULT: undefined
COMMAND: POST /session/e75b3d5d2d0828505fb80b5e18bd174b/execute/async - {"script":"<script> [6424 bytes]","args":[{"element-6066-11e4-a52e-4f735466cecf":"f.3CC06888A91A2B87598FBDB561306D63.d.659E7747D3DDEEA2F6C684BF6E686EC2.e.12225"},"setValue",["5/19/25"]]}
RESULT: {}
COMMAND: POST /session/e75b3d5d2d0828505fb80b5e18bd174b/execute/async - {"script":"<script> [1562 bytes]","args":[{"selector":{"id":"application-managehandovers-display-component---AddNewHO--dueDate","interaction":{"idSuffix":"inner"}},"wdio_ui5_key":"applicationmanagehandovers-display-component---AddNewHO--dueDate"}]}
RESULT: {"script":"<script> [1562 bytes]","args":[{"selector":{"id":"application-managehandovers-display-component---AddNewHO--dueDate","interaction":{"idSuffix":"inner"}},"wdio_ui5_key":"applicationmanagehandovers-display-component---AddNewHO--dueDate"}]}
COMMAND: POST /session/e75b3d5d2d0828505fb80b5e18bd174b/execute/async - {"script":"<script> [6424 bytes]","args":[{"element-6066-11e4-a52e-4f735466cecf":"f.3CC06888A91A2B87598FBDB561306D63.d.659E7747D3DDEEA2F6C684BF6E686EC2.e.13435"},"setValue",["5/19/25"]]}
RESULT: {"script":"<script> [6424 bytes]","args":[{"element-6066-11e4-a52e-4f735466cecf":"f.3CC06888A91A2B87598FBDB561306D63.d.659E7747D3DDEEA2F6C684BF6E686EC2.e.13435"},"setValue",["5/19/25"]]}
COMMAND: POST /session/e75b3d5d2d0828505fb80b5e18bd174b/element - {"using":"xpath","value":"//bdi[contains(text(), \"Instructions\")]"}
RESULT: {"using":"xpath","value":"//bdi[contains(text(), \"Instructions\")]"}
COMMAND: POST /session/e75b3d5d2d0828505fb80b5e18bd174b/element/f.3CC06888A91A2B87598FBDB561306D63.d.659E7747D3DDEEA2F6C684BF6E686EC2.e.13685/click - {}
RESULT: {}
COMMAND: GET /session/e75b3d5d2d0828505fb80b5e18bd174b/screenshot - {}
RESULT: {}
COMMAND: POST /session/e75b3d5d2d0828505fb80b5e18bd174b/element - {"using":"xpath","value":"//button[@data-kt=\"AddNewHOProvideAddItemsButton\"]"}
RESULT: {"using":"xpath","value":"//button[@data-kt=\"AddNewHOProvideAddItemsButton\"]"}
COMMAND: POST /session/e75b3d5d2d0828505fb80b5e18bd174b/element/f.3CC06888A91A2B87598FBDB561306D63.d.659E7747D3DDEEA2F6C684BF6E686EC2.e.13689/click - {}
RESULT: {}
COMMAND: GET /session/e75b3d5d2d0828505fb80b5e18bd174b/screenshot - {}
RESULT: {}
RESULT: undefined
COMMAND: POST /session/e75b3d5d2d0828505fb80b5e18bd174b/element - {"using":"xpath","value":"//*[@id=\"application-managehandovers-display-component---AddNewHO--popup-sa\"]"}
RESULT: {"using":"xpath","value":"//*[@id=\"application-managehandovers-display-component---AddNewHO--popup-sa\"]"}
COMMAND: POST /session/e75b3d5d2d0828505fb80b5e18bd174b/element/f.3CC06888A91A2B87598FBDB561306D63.d.659E7747D3DDEEA2F6C684BF6E686EC2.e.13698/click - {}
RESULT: {}
COMMAND: GET /session/e75b3d5d2d0828505fb80b5e18bd174b/screenshot - {}
RESULT: {}
COMMAND: POST /session/e75b3d5d2d0828505fb80b5e18bd174b/element - {"using":"xpath","value":"//*[contains(@id ,\"BDI-content\")][contains(text(), \"Select\")]"}
RESULT: {"using":"xpath","value":"//*[contains(@id ,\"BDI-content\")][contains(text(), \"Select\")]"}
COMMAND: POST /session/e75b3d5d2d0828505fb80b5e18bd174b/element/f.3CC06888A91A2B87598FBDB561306D63.d.659E7747D3DDEEA2F6C684BF6E686EC2.e.13700/click - {}
RESULT: {}
COMMAND: GET /session/e75b3d5d2d0828505fb80b5e18bd174b/screenshot - {}
RESULT: {}
COMMAND: POST /session/e75b3d5d2d0828505fb80b5e18bd174b/execute/async - {"script":"<script> [1562 bytes]","args":[{"selector":{"id":"application-managehandovers-display-component---AddNewHO--confirmCreationButton","interaction":{"idSuffix":"BDI-content"}},"wdio_ui5_key":"applicationmanagehandovers-display-component---AddNewHO--confirmCreationButton"}]}
RESULT: {"script":"<script> [1562 bytes]","args":[{"selector":{"id":"application-managehandovers-display-component---AddNewHO--confirmCreationButton","interaction":{"idSuffix":"BDI-content"}},"wdio_ui5_key":"applicationmanagehandovers-display-component---AddNewHO--confirmCreationButton"}]}
RESULT: undefined
COMMAND: POST /session/e75b3d5d2d0828505fb80b5e18bd174b/element - {"using":"xpath","value":"//*[@id=\"application-managehandovers-display-component---AddNewHO--confirmCreationButton\"]"}
RESULT: {"using":"xpath","value":"//*[@id=\"application-managehandovers-display-component---AddNewHO--confirmCreationButton\"]"}
COMMAND: POST /session/e75b3d5d2d0828505fb80b5e18bd174b/element/f.3CC06888A91A2B87598FBDB561306D63.d.659E7747D3DDEEA2F6C684BF6E686EC2.e.13499/click - {}
RESULT: {}
COMMAND: GET /session/e75b3d5d2d0828505fb80b5e18bd174b/screenshot - {}
RESULT: {}
COMMAND: POST /session/e75b3d5d2d0828505fb80b5e18bd174b/execute/async - {"script":"<script> [1562 bytes]","args":[{"selector":{"id":"issueDatePicker","viewName":"etm.portal.ui.managehandovers.view.DetailExecuteHO","interaction":{"idSuffix":"inner"}},"wdio_ui5_key":"issueDatePickeretmportal.ui.managehandovers.view.DetailExecuteHO"}]}
RESULT: {"script":"<script> [1562 bytes]","args":[{"selector":{"id":"issueDatePicker","viewName":"etm.portal.ui.managehandovers.view.DetailExecuteHO","interaction":{"idSuffix":"inner"}},"wdio_ui5_key":"issueDatePickeretmportal.ui.managehandovers.view.DetailExecuteHO"}]}
RESULT: undefined
COMMAND: POST /session/e75b3d5d2d0828505fb80b5e18bd174b/execute/async - {"script":"<script> [776 bytes]","args":[{"enterText":"5/19/25","selector":{"id":"issueDatePicker","viewName":"etm.portal.ui.managehandovers.view.DetailExecuteHO","interaction":{"idSuffix":"inner"}},"clearTextFirst":true,"interactionType":"ENTER_TEXT"}]}
RESULT: {"script":"<script> [776 bytes]","args":[{"enterText":"5/19/25","selector":{"id":"issueDatePicker","viewName":"etm.portal.ui.managehandovers.view.DetailExecuteHO","interaction":{"idSuffix":"inner"}},"clearTextFirst":true,"interactionType":"ENTER_TEXT"}]}
COMMAND: POST /session/e75b3d5d2d0828505fb80b5e18bd174b/element - {"using":"xpath","value":"//bdi[contains(text(), \"OK\")]"}
RESULT: {"using":"xpath","value":"//bdi[contains(text(), \"OK\")]"}
COMMAND: POST /session/e75b3d5d2d0828505fb80b5e18bd174b/element/f.3CC06888A91A2B87598FBDB561306D63.d.659E7747D3DDEEA2F6C684BF6E686EC2.e.13745/click - {}
RESULT: {}
COMMAND: GET /session/e75b3d5d2d0828505fb80b5e18bd174b/screenshot - {}
RESULT: {}
COMMAND: POST /session/e75b3d5d2d0828505fb80b5e18bd174b/element - {"using":"xpath","value":"//button[@data-kt=\"PickingTableConfirmAllButton\"]"}
RESULT: {"using":"xpath","value":"//button[@data-kt=\"PickingTableConfirmAllButton\"]"}
COMMAND: POST /session/e75b3d5d2d0828505fb80b5e18bd174b/element/f.3CC06888A91A2B87598FBDB561306D63.d.659E7747D3DDEEA2F6C684BF6E686EC2.e.13750/click - {}
RESULT: {}
COMMAND: GET /session/e75b3d5d2d0828505fb80b5e18bd174b/screenshot - {}
RESULT: {}
COMMAND: POST /session/e75b3d5d2d0828505fb80b5e18bd174b/element - {"using":"xpath","value":"//bdi[contains(text(), \"OK\")]"}
RESULT: {"using":"xpath","value":"//bdi[contains(text(), \"OK\")]"}
COMMAND: POST /session/e75b3d5d2d0828505fb80b5e18bd174b/element/f.3CC06888A91A2B87598FBDB561306D63.d.659E7747D3DDEEA2F6C684BF6E686EC2.e.13754/click - {}
RESULT: {}
COMMAND: GET /session/e75b3d5d2d0828505fb80b5e18bd174b/screenshot - {}
RESULT: {}
COMMAND: POST /session/e75b3d5d2d0828505fb80b5e18bd174b/element - {"using":"xpath","value":"//bdi[contains(text(), \"Issue\")]"}
RESULT: {"using":"xpath","value":"//bdi[contains(text(), \"Issue\")]"}
COMMAND: POST /session/e75b3d5d2d0828505fb80b5e18bd174b/element/f.3CC06888A91A2B87598FBDB561306D63.d.659E7747D3DDEEA2F6C684BF6E686EC2.e.13755/click - {}
RESULT: {}
COMMAND: GET /session/e75b3d5d2d0828505fb80b5e18bd174b/screenshot - {}
RESULT: {}
COMMAND: POST /session/e75b3d5d2d0828505fb80b5e18bd174b/element - {"using":"css selector","value":"#shell-header-logo"}
RESULT: {"using":"css selector","value":"#shell-header-logo"}
COMMAND: POST /session/e75b3d5d2d0828505fb80b5e18bd174b/element/f.3CC06888A91A2B87598FBDB561306D63.d.659E7747D3DDEEA2F6C684BF6E686EC2.e.12772/click - {}
RESULT: {}
COMMAND: GET /session/e75b3d5d2d0828505fb80b5e18bd174b/screenshot - {}
RESULT: {}
]]></system-out>
    </testcase>
    <testcase classname="chrome.136_0_7103_93.windows.Create_master_data_for_mixed_billing_&amp;_do_billing_calculation_US151661" name="Should create a few performance documents" time="95.83">
      <system-out><![CDATA[
COMMAND: POST /session/e75b3d5d2d0828505fb80b5e18bd174b/execute/async - {"script":"<script> [1562 bytes]","args":[{"selector":{"controlType":"sap.m.GenericTile","properties":{"header":"Manage States & Performance"}},"wdio_ui5_key":"sapm.GenericTile{\"header\":\"Manage States & Performance\"}"}]}
RESULT: {"script":"<script> [1562 bytes]","args":[{"selector":{"controlType":"sap.m.GenericTile","properties":{"header":"Manage States & Performance"}},"wdio_ui5_key":"sapm.GenericTile{\"header\":\"Manage States & Performance\"}"}]}
RESULT: undefined
COMMAND: POST /session/e75b3d5d2d0828505fb80b5e18bd174b/element - {"using":"xpath","value":"//*[@id=\"__tile96\"]"}
RESULT: {"using":"xpath","value":"//*[@id=\"__tile96\"]"}
COMMAND: POST /session/e75b3d5d2d0828505fb80b5e18bd174b/element/f.3CC06888A91A2B87598FBDB561306D63.d.659E7747D3DDEEA2F6C684BF6E686EC2.e.8907/click - {}
RESULT: {}
COMMAND: GET /session/e75b3d5d2d0828505fb80b5e18bd174b/screenshot - {}
RESULT: {}
COMMAND: POST /session/e75b3d5d2d0828505fb80b5e18bd174b/elements - {"using":"xpath","value":"//span[text()='Error']"}
RESULT: {"using":"xpath","value":"//span[text()='Error']"}
COMMAND: POST /session/e75b3d5d2d0828505fb80b5e18bd174b/execute/async - {"script":"<script> [1562 bytes]","args":[{"selector":{"id":"application-managestatesandperformance-display-component---stateAndPerform--smartFilterBarResources-btnBasicSearch","interaction":{"idSuffix":"I"}},"wdio_ui5_key":"applicationmanagestatesandperformance-display-component---stateAndPerform--smartFilterBarResources-btnBasicSearch"}]}
RESULT: {"script":"<script> [1562 bytes]","args":[{"selector":{"id":"application-managestatesandperformance-display-component---stateAndPerform--smartFilterBarResources-btnBasicSearch","interaction":{"idSuffix":"I"}},"wdio_ui5_key":"applicationmanagestatesandperformance-display-component---stateAndPerform--smartFilterBarResources-btnBasicSearch"}]}
RESULT: undefined
COMMAND: POST /session/e75b3d5d2d0828505fb80b5e18bd174b/execute/async - {"script":"<script> [776 bytes]","args":[{"enterText":"tGIjS39AAG","selector":{"id":"application-managestatesandperformance-display-component---stateAndPerform--smartFilterBarResources-btnBasicSearch","interaction":{"idSuffix":"I"}},"clearTextFirst":true,"interactionType":"ENTER_TEXT"}]}
RESULT: {"script":"<script> [776 bytes]","args":[{"enterText":"tGIjS39AAG","selector":{"id":"application-managestatesandperformance-display-component---stateAndPerform--smartFilterBarResources-btnBasicSearch","interaction":{"idSuffix":"I"}},"clearTextFirst":true,"interactionType":"ENTER_TEXT"}]}
COMMAND: POST /session/e75b3d5d2d0828505fb80b5e18bd174b/actions - {"actions":[{"id":"action47","type":"key","parameters":{},"actions":[{"type":"keyDown","value":"î€‡"},{"type":"pause","duration":10},{"type":"keyUp","value":"î€‡"}]}]}
RESULT: {"actions":[{"id":"action47","type":"key","parameters":{},"actions":[{"type":"keyDown","value":"î€‡"},{"type":"pause","duration":10},{"type":"keyUp","value":"î€‡"}]}]}
COMMAND: GET /session/e75b3d5d2d0828505fb80b5e18bd174b/screenshot - {}
RESULT: {}
COMMAND: POST /session/e75b3d5d2d0828505fb80b5e18bd174b/execute/async - {"script":"<script> [1562 bytes]","args":[{"selector":{"id":"application-managestatesandperformance-display-component---stateAndPerform--stateAndPerformResourcesSmartTable-header"},"wdio_ui5_key":"applicationmanagestatesandperformance-display-component---stateAndPerform--stateAndPerformResourcesSmartTable-header"}]}
RESULT: {"script":"<script> [1562 bytes]","args":[{"selector":{"id":"application-managestatesandperformance-display-component---stateAndPerform--stateAndPerformResourcesSmartTable-header"},"wdio_ui5_key":"applicationmanagestatesandperformance-display-component---stateAndPerform--stateAndPerformResourcesSmartTable-header"}]}
RESULT: undefined
COMMAND: POST /session/e75b3d5d2d0828505fb80b5e18bd174b/execute/async - {"script":"<script> [6424 bytes]","args":[{"element-6066-11e4-a52e-4f735466cecf":"f.3CC06888A91A2B87598FBDB561306D63.d.659E7747D3DDEEA2F6C684BF6E686EC2.e.14320"},"getText",[]]}
RESULT: {"script":"<script> [6424 bytes]","args":[{"element-6066-11e4-a52e-4f735466cecf":"f.3CC06888A91A2B87598FBDB561306D63.d.659E7747D3DDEEA2F6C684BF6E686EC2.e.14320"},"getText",[]]}
COMMAND: POST /session/e75b3d5d2d0828505fb80b5e18bd174b/execute/async - {"script":"<script> [1562 bytes]","args":[{"selector":{"controlType":"sap.ui.core.Icon","viewName":"etm.portal.ui.managestatesandperformance.view.Master","viewId":"application-managestatesandperformance-display-component---stateAndPerform","properties":{"src":{"regex":{"source":"slim\\-arrow\\-right"}}}},"wdio_ui5_key":"etmportal.ui.managestatesandperformance.view.Mastersap.ui.core.Icon{\"src\":{\"regex\":{\"source\":\"slim\\\\-arrow\\\\-right\"}}}"}]}
RESULT: {"script":"<script> [1562 bytes]","args":[{"selector":{"controlType":"sap.ui.core.Icon","viewName":"etm.portal.ui.managestatesandperformance.view.Master","viewId":"application-managestatesandperformance-display-component---stateAndPerform","properties":{"src":{"regex":{"source":"slim\\-arrow\\-right"}}}},"wdio_ui5_key":"etmportal.ui.managestatesandperformance.view.Mastersap.ui.core.Icon{\"src\":{\"regex\":{\"source\":\"slim\\\\-arrow\\\\-right\"}}}"}]}
RESULT: undefined
COMMAND: POST /session/e75b3d5d2d0828505fb80b5e18bd174b/element - {"using":"xpath","value":"//*[@id=\"__item2850-__clone10541-imgNav\"]"}
RESULT: {"using":"xpath","value":"//*[@id=\"__item2850-__clone10541-imgNav\"]"}
COMMAND: POST /session/e75b3d5d2d0828505fb80b5e18bd174b/element/f.3CC06888A91A2B87598FBDB561306D63.d.659E7747D3DDEEA2F6C684BF6E686EC2.e.14198/click - {}
RESULT: {}
COMMAND: GET /session/e75b3d5d2d0828505fb80b5e18bd174b/screenshot - {}
RESULT: {}
COMMAND: POST /session/e75b3d5d2d0828505fb80b5e18bd174b/execute/async - {"script":"<script> [1562 bytes]","args":[{"selector":{"controlType":"sap.m.Button","viewName":"etm.portal.ui.managestatesandperformance.view.Detail","viewId":"application-managestatesandperformance-display-component---detailStateAndPerform","properties":{"text":"Performance Documents"}},"wdio_ui5_key":"etmportal.ui.managestatesandperformance.view.Detailsap.m.Button{\"text\":\"Performance Documents\"}"}]}
RESULT: {"script":"<script> [1562 bytes]","args":[{"selector":{"controlType":"sap.m.Button","viewName":"etm.portal.ui.managestatesandperformance.view.Detail","viewId":"application-managestatesandperformance-display-component---detailStateAndPerform","properties":{"text":"Performance Documents"}},"wdio_ui5_key":"etmportal.ui.managestatesandperformance.view.Detailsap.m.Button{\"text\":\"Performance Documents\"}"}]}
RESULT: undefined
COMMAND: POST /session/e75b3d5d2d0828505fb80b5e18bd174b/element - {"using":"xpath","value":"//*[@id=\"__item2873-button\"]"}
RESULT: {"using":"xpath","value":"//*[@id=\"__item2873-button\"]"}
COMMAND: POST /session/e75b3d5d2d0828505fb80b5e18bd174b/element/f.3CC06888A91A2B87598FBDB561306D63.d.659E7747D3DDEEA2F6C684BF6E686EC2.e.14358/click - {}
RESULT: {}
COMMAND: POST /session/e75b3d5d2d0828505fb80b5e18bd174b/execute/async - {"script":"<script> [1562 bytes]","args":[{"selector":{"controlType":"sap.m.Button","viewName":"etm.portal.ui.managestatesandperformance.view.Detail","viewId":"application-managestatesandperformance-display-component---detailStateAndPerform","i18NText":{"propertyName":"text","key":"createPerformanceDoc"},"interaction":{"idSuffix":"BDI-content"}},"wdio_ui5_key":"etmportal.ui.managestatesandperformance.view.Detailsap.m.Button{\"propertyName\":\"text\",\"key\":\"createPerformanceDoc\"}"}]}
COMMAND: GET /session/e75b3d5d2d0828505fb80b5e18bd174b/screenshot - {}
RESULT: {"script":"<script> [1562 bytes]","args":[{"selector":{"controlType":"sap.m.Button","viewName":"etm.portal.ui.managestatesandperformance.view.Detail","viewId":"application-managestatesandperformance-display-component---detailStateAndPerform","i18NText":{"propertyName":"text","key":"createPerformanceDoc"},"interaction":{"idSuffix":"BDI-content"}},"wdio_ui5_key":"etmportal.ui.managestatesandperformance.view.Detailsap.m.Button{\"propertyName\":\"text\",\"key\":\"createPerformanceDoc\"}"}]}
RESULT: undefined
COMMAND: POST /session/e75b3d5d2d0828505fb80b5e18bd174b/element - {"using":"xpath","value":"//*[@id=\"__button329\"]"}
RESULT: {}
RESULT: {"using":"xpath","value":"//*[@id=\"__button329\"]"}
COMMAND: POST /session/e75b3d5d2d0828505fb80b5e18bd174b/element/f.3CC06888A91A2B87598FBDB561306D63.d.659E7747D3DDEEA2F6C684BF6E686EC2.e.14361/click - {}
RESULT: {}
COMMAND: POST /session/e75b3d5d2d0828505fb80b5e18bd174b/execute/async - {"script":"<script> [1562 bytes]","args":[{"selector":{"id":"application-managestatesandperformance-display-component---detailStateAndPerform--perfDocDatePicker","searchOpenDialogs":true,"interaction":{"idSuffix":"inner"}},"wdio_ui5_key":"applicationmanagestatesandperformance-display-component---detailStateAndPerform--perfDocDatePicker"}]}
COMMAND: GET /session/e75b3d5d2d0828505fb80b5e18bd174b/screenshot - {}
RESULT: {"script":"<script> [1562 bytes]","args":[{"selector":{"id":"application-managestatesandperformance-display-component---detailStateAndPerform--perfDocDatePicker","searchOpenDialogs":true,"interaction":{"idSuffix":"inner"}},"wdio_ui5_key":"applicationmanagestatesandperformance-display-component---detailStateAndPerform--perfDocDatePicker"}]}
RESULT: undefined
COMMAND: POST /session/e75b3d5d2d0828505fb80b5e18bd174b/execute/async - {"script":"<script> [776 bytes]","args":[{"enterText":"5/21/25","selector":{"id":"application-managestatesandperformance-display-component---detailStateAndPerform--perfDocDatePicker","searchOpenDialogs":true,"interaction":{"idSuffix":"inner"}},"clearTextFirst":true,"interactionType":"ENTER_TEXT"}]}
RESULT: {}
RESULT: {"script":"<script> [776 bytes]","args":[{"enterText":"5/21/25","selector":{"id":"application-managestatesandperformance-display-component---detailStateAndPerform--perfDocDatePicker","searchOpenDialogs":true,"interaction":{"idSuffix":"inner"}},"clearTextFirst":true,"interactionType":"ENTER_TEXT"}]}
COMMAND: POST /session/e75b3d5d2d0828505fb80b5e18bd174b/execute/async - {"script":"<script> [1562 bytes]","args":[{"selector":{"id":"application-managestatesandperformance-display-component---detailStateAndPerform--counterValue-input","searchOpenDialogs":true,"interaction":{"idSuffix":"inner"}},"wdio_ui5_key":"applicationmanagestatesandperformance-display-component---detailStateAndPerform--counterValue-input"}]}
RESULT: {"script":"<script> [1562 bytes]","args":[{"selector":{"id":"application-managestatesandperformance-display-component---detailStateAndPerform--counterValue-input","searchOpenDialogs":true,"interaction":{"idSuffix":"inner"}},"wdio_ui5_key":"applicationmanagestatesandperformance-display-component---detailStateAndPerform--counterValue-input"}]}
RESULT: undefined
COMMAND: POST /session/e75b3d5d2d0828505fb80b5e18bd174b/execute/async - {"script":"<script> [776 bytes]","args":[{"enterText":"15.00","selector":{"id":"application-managestatesandperformance-display-component---detailStateAndPerform--counterValue-input","searchOpenDialogs":true,"interaction":{"idSuffix":"inner"}},"clearTextFirst":true,"interactionType":"ENTER_TEXT"}]}
RESULT: {"script":"<script> [776 bytes]","args":[{"enterText":"15.00","selector":{"id":"application-managestatesandperformance-display-component---detailStateAndPerform--counterValue-input","searchOpenDialogs":true,"interaction":{"idSuffix":"inner"}},"clearTextFirst":true,"interactionType":"ENTER_TEXT"}]}
COMMAND: POST /session/e75b3d5d2d0828505fb80b5e18bd174b/execute/async - {"script":"<script> [1562 bytes]","args":[{"selector":{"controlType":"sap.m.Button","viewName":"etm.portal.ui.managestatesandperformance.view.Detail","viewId":"application-managestatesandperformance-display-component---detailStateAndPerform","bindingPath":{"path":"","propertyPath":"/allowAddEdit","modelName":"oScreenModel"},"searchOpenDialogs":true,"interaction":{"idSuffix":"BDI-content"}},"wdio_ui5_key":"etmportal.ui.managestatesandperformance.view.Detailsap.m.Button{\"path\":\"\",\"propertyPath\":\"/allowAddEdit\",\"modelName\":\"oScreenModel\"}"}]}
RESULT: {"script":"<script> [1562 bytes]","args":[{"selector":{"controlType":"sap.m.Button","viewName":"etm.portal.ui.managestatesandperformance.view.Detail","viewId":"application-managestatesandperformance-display-component---detailStateAndPerform","bindingPath":{"path":"","propertyPath":"/allowAddEdit","modelName":"oScreenModel"},"searchOpenDialogs":true,"interaction":{"idSuffix":"BDI-content"}},"wdio_ui5_key":"etmportal.ui.managestatesandperformance.view.Detailsap.m.Button{\"path\":\"\",\"propertyPath\":\"/allowAddEdit\",\"modelName\":\"oScreenModel\"}"}]}
RESULT: undefined
COMMAND: POST /session/e75b3d5d2d0828505fb80b5e18bd174b/element - {"using":"xpath","value":"//*[@id=\"__button336\"]"}
RESULT: {"using":"xpath","value":"//*[@id=\"__button336\"]"}
COMMAND: POST /session/e75b3d5d2d0828505fb80b5e18bd174b/element/f.3CC06888A91A2B87598FBDB561306D63.d.659E7747D3DDEEA2F6C684BF6E686EC2.e.14381/click - {}
RESULT: {}
RESULT: undefined
COMMAND: POST /session/e75b3d5d2d0828505fb80b5e18bd174b/element - {"using":"xpath","value":"//*[@id=\"__button329\"]"}
COMMAND: GET /session/e75b3d5d2d0828505fb80b5e18bd174b/screenshot - {}
RESULT: {"using":"xpath","value":"//*[@id=\"__button329\"]"}
COMMAND: POST /session/e75b3d5d2d0828505fb80b5e18bd174b/element/f.3CC06888A91A2B87598FBDB561306D63.d.659E7747D3DDEEA2F6C684BF6E686EC2.e.14361/click - {}
RESULT: {}
RESULT: {}
RESULT: undefined
COMMAND: POST /session/e75b3d5d2d0828505fb80b5e18bd174b/execute/async - {"script":"<script> [776 bytes]","args":[{"enterText":"5/25/25","selector":{"id":"application-managestatesandperformance-display-component---detailStateAndPerform--perfDocDatePicker","searchOpenDialogs":true,"interaction":{"idSuffix":"inner"}},"clearTextFirst":true,"interactionType":"ENTER_TEXT"}]}
COMMAND: GET /session/e75b3d5d2d0828505fb80b5e18bd174b/screenshot - {}
RESULT: {"script":"<script> [776 bytes]","args":[{"enterText":"5/25/25","selector":{"id":"application-managestatesandperformance-display-component---detailStateAndPerform--perfDocDatePicker","searchOpenDialogs":true,"interaction":{"idSuffix":"inner"}},"clearTextFirst":true,"interactionType":"ENTER_TEXT"}]}
RESULT: undefined
COMMAND: POST /session/e75b3d5d2d0828505fb80b5e18bd174b/execute/async - {"script":"<script> [776 bytes]","args":[{"enterText":"20.00","selector":{"id":"application-managestatesandperformance-display-component---detailStateAndPerform--counterValue-input","searchOpenDialogs":true,"interaction":{"idSuffix":"inner"}},"clearTextFirst":true,"interactionType":"ENTER_TEXT"}]}
RESULT: {}
RESULT: {"script":"<script> [776 bytes]","args":[{"enterText":"20.00","selector":{"id":"application-managestatesandperformance-display-component---detailStateAndPerform--counterValue-input","searchOpenDialogs":true,"interaction":{"idSuffix":"inner"}},"clearTextFirst":true,"interactionType":"ENTER_TEXT"}]}
COMMAND: POST /session/e75b3d5d2d0828505fb80b5e18bd174b/actions - {"actions":[{"id":"action48","type":"key","parameters":{},"actions":[{"type":"keyDown","value":"î€„"},{"type":"keyDown","value":"î€„"},{"type":"pause","duration":10},{"type":"keyUp","value":"î€„"},{"type":"keyUp","value":"î€„"}]}]}
RESULT: {"actions":[{"id":"action48","type":"key","parameters":{},"actions":[{"type":"keyDown","value":"î€„"},{"type":"keyDown","value":"î€„"},{"type":"pause","duration":10},{"type":"keyUp","value":"î€„"},{"type":"keyUp","value":"î€„"}]}]}
COMMAND: POST /session/e75b3d5d2d0828505fb80b5e18bd174b/actions - {"actions":[{"id":"action49","type":"key","parameters":{},"actions":[{"type":"keyDown","value":"î€‡"},{"type":"pause","duration":10},{"type":"keyUp","value":"î€‡"}]}]}
COMMAND: GET /session/e75b3d5d2d0828505fb80b5e18bd174b/screenshot - {}
RESULT: {"actions":[{"id":"action49","type":"key","parameters":{},"actions":[{"type":"keyDown","value":"î€‡"},{"type":"pause","duration":10},{"type":"keyUp","value":"î€‡"}]}]}
RESULT: undefined
COMMAND: POST /session/e75b3d5d2d0828505fb80b5e18bd174b/element - {"using":"xpath","value":"//*[@id=\"__button336\"]"}
COMMAND: GET /session/e75b3d5d2d0828505fb80b5e18bd174b/screenshot - {}
RESULT: {}
RESULT: {"using":"xpath","value":"//*[@id=\"__button336\"]"}
COMMAND: POST /session/e75b3d5d2d0828505fb80b5e18bd174b/elements - {"using":"xpath","value":"//*[@id=\"__button336\"]"}
RESULT: {}
RESULT: {"using":"xpath","value":"//*[@id=\"__button336\"]"}
COMMAND: POST /session/e75b3d5d2d0828505fb80b5e18bd174b/elements - {"using":"xpath","value":"//*[@id=\"__button336\"]"}
RESULT: {"using":"xpath","value":"//*[@id=\"__button336\"]"}
COMMAND: POST /session/e75b3d5d2d0828505fb80b5e18bd174b/elements - {"using":"xpath","value":"//*[@id=\"__button336\"]"}
RESULT: {"using":"xpath","value":"//*[@id=\"__button336\"]"}
COMMAND: POST /session/e75b3d5d2d0828505fb80b5e18bd174b/elements - {"using":"xpath","value":"//*[@id=\"__button336\"]"}
RESULT: {"using":"xpath","value":"//*[@id=\"__button336\"]"}
COMMAND: POST /session/e75b3d5d2d0828505fb80b5e18bd174b/elements - {"using":"xpath","value":"//*[@id=\"__button336\"]"}
RESULT: {"using":"xpath","value":"//*[@id=\"__button336\"]"}
COMMAND: POST /session/e75b3d5d2d0828505fb80b5e18bd174b/elements - {"using":"xpath","value":"//*[@id=\"__button336\"]"}
RESULT: {"using":"xpath","value":"//*[@id=\"__button336\"]"}
COMMAND: POST /session/e75b3d5d2d0828505fb80b5e18bd174b/elements - {"using":"xpath","value":"//*[@id=\"__button336\"]"}
RESULT: {"using":"xpath","value":"//*[@id=\"__button336\"]"}
COMMAND: POST /session/e75b3d5d2d0828505fb80b5e18bd174b/elements - {"using":"xpath","value":"//*[@id=\"__button336\"]"}
RESULT: {"using":"xpath","value":"//*[@id=\"__button336\"]"}
COMMAND: POST /session/e75b3d5d2d0828505fb80b5e18bd174b/elements - {"using":"xpath","value":"//*[@id=\"__button336\"]"}
RESULT: {"using":"xpath","value":"//*[@id=\"__button336\"]"}
COMMAND: POST /session/e75b3d5d2d0828505fb80b5e18bd174b/elements - {"using":"xpath","value":"//*[@id=\"__button336\"]"}
RESULT: {"using":"xpath","value":"//*[@id=\"__button336\"]"}
COMMAND: POST /session/e75b3d5d2d0828505fb80b5e18bd174b/elements - {"using":"xpath","value":"//*[@id=\"__button336\"]"}
RESULT: {"using":"xpath","value":"//*[@id=\"__button336\"]"}
COMMAND: POST /session/e75b3d5d2d0828505fb80b5e18bd174b/elements - {"using":"xpath","value":"//*[@id=\"__button336\"]"}
RESULT: {"using":"xpath","value":"//*[@id=\"__button336\"]"}
COMMAND: POST /session/e75b3d5d2d0828505fb80b5e18bd174b/elements - {"using":"xpath","value":"//*[@id=\"__button336\"]"}
RESULT: {"using":"xpath","value":"//*[@id=\"__button336\"]"}
COMMAND: POST /session/e75b3d5d2d0828505fb80b5e18bd174b/elements - {"using":"xpath","value":"//*[@id=\"__button336\"]"}
RESULT: {"using":"xpath","value":"//*[@id=\"__button336\"]"}
COMMAND: POST /session/e75b3d5d2d0828505fb80b5e18bd174b/elements - {"using":"xpath","value":"//*[@id=\"__button336\"]"}
RESULT: {"using":"xpath","value":"//*[@id=\"__button336\"]"}
COMMAND: POST /session/e75b3d5d2d0828505fb80b5e18bd174b/elements - {"using":"xpath","value":"//*[@id=\"__button336\"]"}
RESULT: {"using":"xpath","value":"//*[@id=\"__button336\"]"}
COMMAND: POST /session/e75b3d5d2d0828505fb80b5e18bd174b/elements - {"using":"xpath","value":"//*[@id=\"__button336\"]"}
RESULT: {"using":"xpath","value":"//*[@id=\"__button336\"]"}
COMMAND: POST /session/e75b3d5d2d0828505fb80b5e18bd174b/elements - {"using":"xpath","value":"//*[@id=\"__button336\"]"}
RESULT: {"using":"xpath","value":"//*[@id=\"__button336\"]"}
COMMAND: POST /session/e75b3d5d2d0828505fb80b5e18bd174b/elements - {"using":"xpath","value":"//*[@id=\"__button336\"]"}
RESULT: {"using":"xpath","value":"//*[@id=\"__button336\"]"}
COMMAND: POST /session/e75b3d5d2d0828505fb80b5e18bd174b/elements - {"using":"xpath","value":"//*[@id=\"__button336\"]"}
RESULT: {"using":"xpath","value":"//*[@id=\"__button336\"]"}
COMMAND: POST /session/e75b3d5d2d0828505fb80b5e18bd174b/elements - {"using":"xpath","value":"//*[@id=\"__button336\"]"}
RESULT: {"using":"xpath","value":"//*[@id=\"__button336\"]"}
COMMAND: POST /session/e75b3d5d2d0828505fb80b5e18bd174b/elements - {"using":"xpath","value":"//*[@id=\"__button336\"]"}
RESULT: {"using":"xpath","value":"//*[@id=\"__button336\"]"}
COMMAND: POST /session/e75b3d5d2d0828505fb80b5e18bd174b/elements - {"using":"xpath","value":"//*[@id=\"__button336\"]"}
RESULT: {"using":"xpath","value":"//*[@id=\"__button336\"]"}
COMMAND: POST /session/e75b3d5d2d0828505fb80b5e18bd174b/elements - {"using":"xpath","value":"//*[@id=\"__button336\"]"}
RESULT: {"using":"xpath","value":"//*[@id=\"__button336\"]"}
COMMAND: POST /session/e75b3d5d2d0828505fb80b5e18bd174b/elements - {"using":"xpath","value":"//*[@id=\"__button336\"]"}
RESULT: {"using":"xpath","value":"//*[@id=\"__button336\"]"}
COMMAND: POST /session/e75b3d5d2d0828505fb80b5e18bd174b/elements - {"using":"xpath","value":"//*[@id=\"__button336\"]"}
RESULT: {"using":"xpath","value":"//*[@id=\"__button336\"]"}
COMMAND: POST /session/e75b3d5d2d0828505fb80b5e18bd174b/elements - {"using":"xpath","value":"//*[@id=\"__button336\"]"}
RESULT: {"using":"xpath","value":"//*[@id=\"__button336\"]"}
COMMAND: POST /session/e75b3d5d2d0828505fb80b5e18bd174b/elements - {"using":"xpath","value":"//*[@id=\"__button336\"]"}
RESULT: {"using":"xpath","value":"//*[@id=\"__button336\"]"}
COMMAND: POST /session/e75b3d5d2d0828505fb80b5e18bd174b/elements - {"using":"xpath","value":"//*[@id=\"__button336\"]"}
RESULT: {"using":"xpath","value":"//*[@id=\"__button336\"]"}
COMMAND: POST /session/e75b3d5d2d0828505fb80b5e18bd174b/elements - {"using":"xpath","value":"//*[@id=\"__button336\"]"}
RESULT: {"using":"xpath","value":"//*[@id=\"__button336\"]"}
COMMAND: POST /session/e75b3d5d2d0828505fb80b5e18bd174b/elements - {"using":"xpath","value":"//*[@id=\"__button336\"]"}
RESULT: {"using":"xpath","value":"//*[@id=\"__button336\"]"}
COMMAND: POST /session/e75b3d5d2d0828505fb80b5e18bd174b/elements - {"using":"xpath","value":"//*[@id=\"__button336\"]"}
RESULT: {"using":"xpath","value":"//*[@id=\"__button336\"]"}
COMMAND: POST /session/e75b3d5d2d0828505fb80b5e18bd174b/elements - {"using":"xpath","value":"//*[@id=\"__button336\"]"}
RESULT: {"using":"xpath","value":"//*[@id=\"__button336\"]"}
COMMAND: POST /session/e75b3d5d2d0828505fb80b5e18bd174b/elements - {"using":"xpath","value":"//*[@id=\"__button336\"]"}
RESULT: {"using":"xpath","value":"//*[@id=\"__button336\"]"}
COMMAND: POST /session/e75b3d5d2d0828505fb80b5e18bd174b/elements - {"using":"xpath","value":"//*[@id=\"__button336\"]"}
RESULT: {"using":"xpath","value":"//*[@id=\"__button336\"]"}
COMMAND: POST /session/e75b3d5d2d0828505fb80b5e18bd174b/elements - {"using":"xpath","value":"//*[@id=\"__button336\"]"}
RESULT: {"using":"xpath","value":"//*[@id=\"__button336\"]"}
COMMAND: POST /session/e75b3d5d2d0828505fb80b5e18bd174b/elements - {"using":"xpath","value":"//*[@id=\"__button336\"]"}
RESULT: {"using":"xpath","value":"//*[@id=\"__button336\"]"}
COMMAND: POST /session/e75b3d5d2d0828505fb80b5e18bd174b/elements - {"using":"xpath","value":"//*[@id=\"__button336\"]"}
RESULT: {"using":"xpath","value":"//*[@id=\"__button336\"]"}
COMMAND: POST /session/e75b3d5d2d0828505fb80b5e18bd174b/elements - {"using":"xpath","value":"//*[@id=\"__button336\"]"}
RESULT: {"using":"xpath","value":"//*[@id=\"__button336\"]"}
COMMAND: POST /session/e75b3d5d2d0828505fb80b5e18bd174b/elements - {"using":"xpath","value":"//*[@id=\"__button336\"]"}
RESULT: {"using":"xpath","value":"//*[@id=\"__button336\"]"}
COMMAND: POST /session/e75b3d5d2d0828505fb80b5e18bd174b/elements - {"using":"xpath","value":"//*[@id=\"__button336\"]"}
RESULT: {"using":"xpath","value":"//*[@id=\"__button336\"]"}
COMMAND: POST /session/e75b3d5d2d0828505fb80b5e18bd174b/elements - {"using":"xpath","value":"//*[@id=\"__button336\"]"}
RESULT: {"using":"xpath","value":"//*[@id=\"__button336\"]"}
COMMAND: POST /session/e75b3d5d2d0828505fb80b5e18bd174b/elements - {"using":"xpath","value":"//*[@id=\"__button336\"]"}
RESULT: {"using":"xpath","value":"//*[@id=\"__button336\"]"}
COMMAND: POST /session/e75b3d5d2d0828505fb80b5e18bd174b/elements - {"using":"xpath","value":"//*[@id=\"__button336\"]"}
RESULT: {"using":"xpath","value":"//*[@id=\"__button336\"]"}
COMMAND: POST /session/e75b3d5d2d0828505fb80b5e18bd174b/elements - {"using":"xpath","value":"//*[@id=\"__button336\"]"}
RESULT: {"using":"xpath","value":"//*[@id=\"__button336\"]"}
COMMAND: POST /session/e75b3d5d2d0828505fb80b5e18bd174b/elements - {"using":"xpath","value":"//*[@id=\"__button336\"]"}
RESULT: {"using":"xpath","value":"//*[@id=\"__button336\"]"}
COMMAND: POST /session/e75b3d5d2d0828505fb80b5e18bd174b/elements - {"using":"xpath","value":"//*[@id=\"__button336\"]"}
RESULT: {"using":"xpath","value":"//*[@id=\"__button336\"]"}
COMMAND: POST /session/e75b3d5d2d0828505fb80b5e18bd174b/elements - {"using":"xpath","value":"//*[@id=\"__button336\"]"}
RESULT: {"using":"xpath","value":"//*[@id=\"__button336\"]"}
COMMAND: POST /session/e75b3d5d2d0828505fb80b5e18bd174b/elements - {"using":"xpath","value":"//*[@id=\"__button336\"]"}
RESULT: {"using":"xpath","value":"//*[@id=\"__button336\"]"}
COMMAND: POST /session/e75b3d5d2d0828505fb80b5e18bd174b/elements - {"using":"xpath","value":"//*[@id=\"__button336\"]"}
RESULT: {"using":"xpath","value":"//*[@id=\"__button336\"]"}
COMMAND: POST /session/e75b3d5d2d0828505fb80b5e18bd174b/elements - {"using":"xpath","value":"//*[@id=\"__button336\"]"}
RESULT: {"using":"xpath","value":"//*[@id=\"__button336\"]"}
COMMAND: POST /session/e75b3d5d2d0828505fb80b5e18bd174b/elements - {"using":"xpath","value":"//*[@id=\"__button336\"]"}
RESULT: {"using":"xpath","value":"//*[@id=\"__button336\"]"}
COMMAND: POST /session/e75b3d5d2d0828505fb80b5e18bd174b/elements - {"using":"xpath","value":"//*[@id=\"__button336\"]"}
RESULT: {"using":"xpath","value":"//*[@id=\"__button336\"]"}
COMMAND: POST /session/e75b3d5d2d0828505fb80b5e18bd174b/elements - {"using":"xpath","value":"//*[@id=\"__button336\"]"}
RESULT: {"using":"xpath","value":"//*[@id=\"__button336\"]"}
COMMAND: POST /session/e75b3d5d2d0828505fb80b5e18bd174b/elements - {"using":"xpath","value":"//*[@id=\"__button336\"]"}
RESULT: {"using":"xpath","value":"//*[@id=\"__button336\"]"}
COMMAND: POST /session/e75b3d5d2d0828505fb80b5e18bd174b/elements - {"using":"xpath","value":"//*[@id=\"__button336\"]"}
RESULT: {"using":"xpath","value":"//*[@id=\"__button336\"]"}
COMMAND: POST /session/e75b3d5d2d0828505fb80b5e18bd174b/elements - {"using":"xpath","value":"//*[@id=\"__button336\"]"}
RESULT: {"using":"xpath","value":"//*[@id=\"__button336\"]"}
COMMAND: POST /session/e75b3d5d2d0828505fb80b5e18bd174b/elements - {"using":"xpath","value":"//*[@id=\"__button336\"]"}
RESULT: {"using":"xpath","value":"//*[@id=\"__button336\"]"}
COMMAND: POST /session/e75b3d5d2d0828505fb80b5e18bd174b/elements - {"using":"xpath","value":"//*[@id=\"__button336\"]"}
RESULT: {"using":"xpath","value":"//*[@id=\"__button336\"]"}
COMMAND: POST /session/e75b3d5d2d0828505fb80b5e18bd174b/elements - {"using":"xpath","value":"//*[@id=\"__button336\"]"}
RESULT: {"using":"xpath","value":"//*[@id=\"__button336\"]"}
COMMAND: POST /session/e75b3d5d2d0828505fb80b5e18bd174b/elements - {"using":"xpath","value":"//*[@id=\"__button336\"]"}
RESULT: {"using":"xpath","value":"//*[@id=\"__button336\"]"}
COMMAND: POST /session/e75b3d5d2d0828505fb80b5e18bd174b/elements - {"using":"xpath","value":"//*[@id=\"__button336\"]"}
RESULT: {"using":"xpath","value":"//*[@id=\"__button336\"]"}
COMMAND: POST /session/e75b3d5d2d0828505fb80b5e18bd174b/elements - {"using":"xpath","value":"//*[@id=\"__button336\"]"}
RESULT: {"using":"xpath","value":"//*[@id=\"__button336\"]"}
COMMAND: POST /session/e75b3d5d2d0828505fb80b5e18bd174b/elements - {"using":"xpath","value":"//*[@id=\"__button336\"]"}
RESULT: {"using":"xpath","value":"//*[@id=\"__button336\"]"}
COMMAND: POST /session/e75b3d5d2d0828505fb80b5e18bd174b/elements - {"using":"xpath","value":"//*[@id=\"__button336\"]"}
RESULT: {"using":"xpath","value":"//*[@id=\"__button336\"]"}
COMMAND: POST /session/e75b3d5d2d0828505fb80b5e18bd174b/elements - {"using":"xpath","value":"//*[@id=\"__button336\"]"}
RESULT: {"using":"xpath","value":"//*[@id=\"__button336\"]"}
COMMAND: POST /session/e75b3d5d2d0828505fb80b5e18bd174b/elements - {"using":"xpath","value":"//*[@id=\"__button336\"]"}
RESULT: {"using":"xpath","value":"//*[@id=\"__button336\"]"}
COMMAND: POST /session/e75b3d5d2d0828505fb80b5e18bd174b/elements - {"using":"xpath","value":"//*[@id=\"__button336\"]"}
RESULT: {"using":"xpath","value":"//*[@id=\"__button336\"]"}
COMMAND: POST /session/e75b3d5d2d0828505fb80b5e18bd174b/elements - {"using":"xpath","value":"//*[@id=\"__button336\"]"}
RESULT: {"using":"xpath","value":"//*[@id=\"__button336\"]"}
COMMAND: POST /session/e75b3d5d2d0828505fb80b5e18bd174b/elements - {"using":"xpath","value":"//*[@id=\"__button336\"]"}
RESULT: {"using":"xpath","value":"//*[@id=\"__button336\"]"}
COMMAND: POST /session/e75b3d5d2d0828505fb80b5e18bd174b/elements - {"using":"xpath","value":"//*[@id=\"__button336\"]"}
RESULT: {"using":"xpath","value":"//*[@id=\"__button336\"]"}
COMMAND: POST /session/e75b3d5d2d0828505fb80b5e18bd174b/elements - {"using":"xpath","value":"//*[@id=\"__button336\"]"}
RESULT: {"using":"xpath","value":"//*[@id=\"__button336\"]"}
COMMAND: POST /session/e75b3d5d2d0828505fb80b5e18bd174b/elements - {"using":"xpath","value":"//*[@id=\"__button336\"]"}
RESULT: {"using":"xpath","value":"//*[@id=\"__button336\"]"}
COMMAND: POST /session/e75b3d5d2d0828505fb80b5e18bd174b/elements - {"using":"xpath","value":"//*[@id=\"__button336\"]"}
RESULT: {"using":"xpath","value":"//*[@id=\"__button336\"]"}
COMMAND: POST /session/e75b3d5d2d0828505fb80b5e18bd174b/elements - {"using":"xpath","value":"//*[@id=\"__button336\"]"}
RESULT: {"using":"xpath","value":"//*[@id=\"__button336\"]"}
COMMAND: POST /session/e75b3d5d2d0828505fb80b5e18bd174b/elements - {"using":"xpath","value":"//*[@id=\"__button336\"]"}
RESULT: {"using":"xpath","value":"//*[@id=\"__button336\"]"}
COMMAND: POST /session/e75b3d5d2d0828505fb80b5e18bd174b/elements - {"using":"xpath","value":"//*[@id=\"__button336\"]"}
RESULT: {"using":"xpath","value":"//*[@id=\"__button336\"]"}
COMMAND: POST /session/e75b3d5d2d0828505fb80b5e18bd174b/elements - {"using":"xpath","value":"//*[@id=\"__button336\"]"}
RESULT: {"using":"xpath","value":"//*[@id=\"__button336\"]"}
COMMAND: POST /session/e75b3d5d2d0828505fb80b5e18bd174b/elements - {"using":"xpath","value":"//*[@id=\"__button336\"]"}
RESULT: {"using":"xpath","value":"//*[@id=\"__button336\"]"}
COMMAND: POST /session/e75b3d5d2d0828505fb80b5e18bd174b/elements - {"using":"xpath","value":"//*[@id=\"__button336\"]"}
RESULT: {"using":"xpath","value":"//*[@id=\"__button336\"]"}
COMMAND: POST /session/e75b3d5d2d0828505fb80b5e18bd174b/elements - {"using":"xpath","value":"//*[@id=\"__button336\"]"}
RESULT: {"using":"xpath","value":"//*[@id=\"__button336\"]"}
COMMAND: POST /session/e75b3d5d2d0828505fb80b5e18bd174b/elements - {"using":"xpath","value":"//*[@id=\"__button336\"]"}
RESULT: {"using":"xpath","value":"//*[@id=\"__button336\"]"}
COMMAND: POST /session/e75b3d5d2d0828505fb80b5e18bd174b/elements - {"using":"xpath","value":"//*[@id=\"__button336\"]"}
RESULT: {"using":"xpath","value":"//*[@id=\"__button336\"]"}
COMMAND: POST /session/e75b3d5d2d0828505fb80b5e18bd174b/elements - {"using":"xpath","value":"//*[@id=\"__button336\"]"}
RESULT: {"using":"xpath","value":"//*[@id=\"__button336\"]"}
COMMAND: POST /session/e75b3d5d2d0828505fb80b5e18bd174b/elements - {"using":"xpath","value":"//*[@id=\"__button336\"]"}
RESULT: {"using":"xpath","value":"//*[@id=\"__button336\"]"}
COMMAND: POST /session/e75b3d5d2d0828505fb80b5e18bd174b/elements - {"using":"xpath","value":"//*[@id=\"__button336\"]"}
RESULT: {"using":"xpath","value":"//*[@id=\"__button336\"]"}
COMMAND: POST /session/e75b3d5d2d0828505fb80b5e18bd174b/elements - {"using":"xpath","value":"//*[@id=\"__button336\"]"}
RESULT: {"using":"xpath","value":"//*[@id=\"__button336\"]"}
COMMAND: POST /session/e75b3d5d2d0828505fb80b5e18bd174b/elements - {"using":"xpath","value":"//*[@id=\"__button336\"]"}
RESULT: {"using":"xpath","value":"//*[@id=\"__button336\"]"}
COMMAND: POST /session/e75b3d5d2d0828505fb80b5e18bd174b/elements - {"using":"xpath","value":"//*[@id=\"__button336\"]"}
RESULT: {"using":"xpath","value":"//*[@id=\"__button336\"]"}
COMMAND: POST /session/e75b3d5d2d0828505fb80b5e18bd174b/elements - {"using":"xpath","value":"//*[@id=\"__button336\"]"}
RESULT: {"using":"xpath","value":"//*[@id=\"__button336\"]"}
COMMAND: POST /session/e75b3d5d2d0828505fb80b5e18bd174b/elements - {"using":"xpath","value":"//*[@id=\"__button336\"]"}
RESULT: {"using":"xpath","value":"//*[@id=\"__button336\"]"}
COMMAND: POST /session/e75b3d5d2d0828505fb80b5e18bd174b/elements - {"using":"xpath","value":"//*[@id=\"__button336\"]"}
RESULT: {"using":"xpath","value":"//*[@id=\"__button336\"]"}
COMMAND: POST /session/e75b3d5d2d0828505fb80b5e18bd174b/elements - {"using":"xpath","value":"//*[@id=\"__button336\"]"}
RESULT: {"using":"xpath","value":"//*[@id=\"__button336\"]"}
COMMAND: POST /session/e75b3d5d2d0828505fb80b5e18bd174b/elements - {"using":"xpath","value":"//*[@id=\"__button336\"]"}
RESULT: {"using":"xpath","value":"//*[@id=\"__button336\"]"}
COMMAND: POST /session/e75b3d5d2d0828505fb80b5e18bd174b/elements - {"using":"xpath","value":"//*[@id=\"__button336\"]"}
RESULT: {"using":"xpath","value":"//*[@id=\"__button336\"]"}
COMMAND: POST /session/e75b3d5d2d0828505fb80b5e18bd174b/elements - {"using":"xpath","value":"//*[@id=\"__button336\"]"}
RESULT: {"using":"xpath","value":"//*[@id=\"__button336\"]"}
COMMAND: POST /session/e75b3d5d2d0828505fb80b5e18bd174b/elements - {"using":"xpath","value":"//*[@id=\"__button336\"]"}
RESULT: {"using":"xpath","value":"//*[@id=\"__button336\"]"}
COMMAND: POST /session/e75b3d5d2d0828505fb80b5e18bd174b/elements - {"using":"xpath","value":"//*[@id=\"__button336\"]"}
RESULT: {"using":"xpath","value":"//*[@id=\"__button336\"]"}
COMMAND: POST /session/e75b3d5d2d0828505fb80b5e18bd174b/elements - {"using":"xpath","value":"//*[@id=\"__button336\"]"}
RESULT: {"using":"xpath","value":"//*[@id=\"__button336\"]"}
COMMAND: POST /session/e75b3d5d2d0828505fb80b5e18bd174b/elements - {"using":"xpath","value":"//*[@id=\"__button336\"]"}
RESULT: {"using":"xpath","value":"//*[@id=\"__button336\"]"}
COMMAND: POST /session/e75b3d5d2d0828505fb80b5e18bd174b/elements - {"using":"xpath","value":"//*[@id=\"__button336\"]"}
RESULT: {"using":"xpath","value":"//*[@id=\"__button336\"]"}
COMMAND: POST /session/e75b3d5d2d0828505fb80b5e18bd174b/elements - {"using":"xpath","value":"//*[@id=\"__button336\"]"}
RESULT: {"using":"xpath","value":"//*[@id=\"__button336\"]"}
COMMAND: POST /session/e75b3d5d2d0828505fb80b5e18bd174b/elements - {"using":"xpath","value":"//*[@id=\"__button336\"]"}
RESULT: {"using":"xpath","value":"//*[@id=\"__button336\"]"}
COMMAND: POST /session/e75b3d5d2d0828505fb80b5e18bd174b/elements - {"using":"xpath","value":"//*[@id=\"__button336\"]"}
RESULT: {"using":"xpath","value":"//*[@id=\"__button336\"]"}
COMMAND: POST /session/e75b3d5d2d0828505fb80b5e18bd174b/elements - {"using":"xpath","value":"//*[@id=\"__button336\"]"}
RESULT: {"using":"xpath","value":"//*[@id=\"__button336\"]"}
COMMAND: POST /session/e75b3d5d2d0828505fb80b5e18bd174b/elements - {"using":"xpath","value":"//*[@id=\"__button336\"]"}
RESULT: {"using":"xpath","value":"//*[@id=\"__button336\"]"}
COMMAND: POST /session/e75b3d5d2d0828505fb80b5e18bd174b/elements - {"using":"xpath","value":"//*[@id=\"__button336\"]"}
RESULT: {"using":"xpath","value":"//*[@id=\"__button336\"]"}
COMMAND: POST /session/e75b3d5d2d0828505fb80b5e18bd174b/elements - {"using":"xpath","value":"//*[@id=\"__button336\"]"}
RESULT: {"using":"xpath","value":"//*[@id=\"__button336\"]"}
COMMAND: POST /session/e75b3d5d2d0828505fb80b5e18bd174b/elements - {"using":"xpath","value":"//*[@id=\"__button336\"]"}
RESULT: {"using":"xpath","value":"//*[@id=\"__button336\"]"}
COMMAND: POST /session/e75b3d5d2d0828505fb80b5e18bd174b/elements - {"using":"xpath","value":"//*[@id=\"__button336\"]"}
RESULT: {"using":"xpath","value":"//*[@id=\"__button336\"]"}
COMMAND: POST /session/e75b3d5d2d0828505fb80b5e18bd174b/elements - {"using":"xpath","value":"//*[@id=\"__button336\"]"}
RESULT: {"using":"xpath","value":"//*[@id=\"__button336\"]"}
COMMAND: POST /session/e75b3d5d2d0828505fb80b5e18bd174b/elements - {"using":"xpath","value":"//*[@id=\"__button336\"]"}
RESULT: {"using":"xpath","value":"//*[@id=\"__button336\"]"}
COMMAND: POST /session/e75b3d5d2d0828505fb80b5e18bd174b/elements - {"using":"xpath","value":"//*[@id=\"__button336\"]"}
RESULT: {"using":"xpath","value":"//*[@id=\"__button336\"]"}
COMMAND: POST /session/e75b3d5d2d0828505fb80b5e18bd174b/elements - {"using":"xpath","value":"//*[@id=\"__button336\"]"}
RESULT: {"using":"xpath","value":"//*[@id=\"__button336\"]"}
COMMAND: POST /session/e75b3d5d2d0828505fb80b5e18bd174b/elements - {"using":"xpath","value":"//*[@id=\"__button336\"]"}
RESULT: {"using":"xpath","value":"//*[@id=\"__button336\"]"}
COMMAND: POST /session/e75b3d5d2d0828505fb80b5e18bd174b/elements - {"using":"xpath","value":"//*[@id=\"__button336\"]"}
RESULT: {"using":"xpath","value":"//*[@id=\"__button336\"]"}
COMMAND: POST /session/e75b3d5d2d0828505fb80b5e18bd174b/elements - {"using":"xpath","value":"//*[@id=\"__button336\"]"}
RESULT: {"using":"xpath","value":"//*[@id=\"__button336\"]"}
COMMAND: POST /session/e75b3d5d2d0828505fb80b5e18bd174b/elements - {"using":"xpath","value":"//*[@id=\"__button336\"]"}
RESULT: {"using":"xpath","value":"//*[@id=\"__button336\"]"}
COMMAND: POST /session/e75b3d5d2d0828505fb80b5e18bd174b/elements - {"using":"xpath","value":"//*[@id=\"__button336\"]"}
RESULT: {"using":"xpath","value":"//*[@id=\"__button336\"]"}
COMMAND: POST /session/e75b3d5d2d0828505fb80b5e18bd174b/elements - {"using":"xpath","value":"//*[@id=\"__button336\"]"}
RESULT: {"using":"xpath","value":"//*[@id=\"__button336\"]"}
COMMAND: POST /session/e75b3d5d2d0828505fb80b5e18bd174b/element - {"using":"css selector","value":"#shell-header-logo"}
RESULT: {"using":"css selector","value":"#shell-header-logo"}
COMMAND: POST /session/e75b3d5d2d0828505fb80b5e18bd174b/execute/sync - {"script":"<script> [8489 bytes]","args":[{"element-6066-11e4-a52e-4f735466cecf":"f.3CC06888A91A2B87598FBDB561306D63.d.659E7747D3DDEEA2F6C684BF6E686EC2.e.14092","ELEMENT":"f.3CC06888A91A2B87598FBDB561306D63.d.659E7747D3DDEEA2F6C684BF6E686EC2.e.14092"}]}
RESULT: {"script":"<script> [8489 bytes]","args":[{"element-6066-11e4-a52e-4f735466cecf":"f.3CC06888A91A2B87598FBDB561306D63.d.659E7747D3DDEEA2F6C684BF6E686EC2.e.14092","ELEMENT":"f.3CC06888A91A2B87598FBDB561306D63.d.659E7747D3DDEEA2F6C684BF6E686EC2.e.14092"}]}
COMMAND: POST /session/e75b3d5d2d0828505fb80b5e18bd174b/execute/sync - {"script":"<script> [5351 bytes]","args":[{"element-6066-11e4-a52e-4f735466cecf":"f.3CC06888A91A2B87598FBDB561306D63.d.659E7747D3DDEEA2F6C684BF6E686EC2.e.14092","ELEMENT":"f.3CC06888A91A2B87598FBDB561306D63.d.659E7747D3DDEEA2F6C684BF6E686EC2.e.14092"}]}
COMMAND: GET /session/e75b3d5d2d0828505fb80b5e18bd174b/screenshot - {}
RESULT: {"script":"<script> [5351 bytes]","args":[{"element-6066-11e4-a52e-4f735466cecf":"f.3CC06888A91A2B87598FBDB561306D63.d.659E7747D3DDEEA2F6C684BF6E686EC2.e.14092","ELEMENT":"f.3CC06888A91A2B87598FBDB561306D63.d.659E7747D3DDEEA2F6C684BF6E686EC2.e.14092"}]}
COMMAND: POST /session/e75b3d5d2d0828505fb80b5e18bd174b/element/f.3CC06888A91A2B87598FBDB561306D63.d.659E7747D3DDEEA2F6C684BF6E686EC2.e.14092/click - {}
COMMAND: GET /session/e75b3d5d2d0828505fb80b5e18bd174b/screenshot - {}
RESULT: {}
RESULT: {}
]]></system-out>
    </testcase>
    <testcase classname="chrome.136_0_7103_93.windows.Create_master_data_for_mixed_billing_&amp;_do_billing_calculation_US151661" name="Should go to Manage Billings and trigger calculation check the conditions applied" time="61.121">
      <system-out><![CDATA[
COMMAND: POST /session/e75b3d5d2d0828505fb80b5e18bd174b/execute/async - {"script":"<script> [1562 bytes]","args":[{"selector":{"controlType":"sap.m.GenericTile","properties":{"header":"Manage Billings"}},"wdio_ui5_key":"sapm.GenericTile{\"header\":\"Manage Billings\"}"}]}
COMMAND: GET /session/e75b3d5d2d0828505fb80b5e18bd174b/screenshot - {}
RESULT: {}
RESULT: {"script":"<script> [1562 bytes]","args":[{"selector":{"controlType":"sap.m.GenericTile","properties":{"header":"Manage Billings"}},"wdio_ui5_key":"sapm.GenericTile{\"header\":\"Manage Billings\"}"}]}
RESULT: undefined
COMMAND: POST /session/e75b3d5d2d0828505fb80b5e18bd174b/element - {"using":"xpath","value":"//*[@id=\"__tile91\"]"}
RESULT: {}
RESULT: {"using":"xpath","value":"//*[@id=\"__tile91\"]"}
COMMAND: POST /session/e75b3d5d2d0828505fb80b5e18bd174b/element/f.3CC06888A91A2B87598FBDB561306D63.d.659E7747D3DDEEA2F6C684BF6E686EC2.e.8892/click - {}
RESULT: {}
COMMAND: GET /session/e75b3d5d2d0828505fb80b5e18bd174b/screenshot - {}
RESULT: {}
COMMAND: POST /session/e75b3d5d2d0828505fb80b5e18bd174b/elements - {"using":"xpath","value":"//span[text()='Error']"}
RESULT: {"using":"xpath","value":"//span[text()='Error']"}
COMMAND: POST /session/e75b3d5d2d0828505fb80b5e18bd174b/execute/async - {"script":"<script> [1562 bytes]","args":[{"selector":{"id":"application-managebillings-display-component---billRunCalcResult--smartFilterBar-btnBasicSearch","interaction":{"idSuffix":"I"}},"wdio_ui5_key":"applicationmanagebillings-display-component---billRunCalcResult--smartFilterBar-btnBasicSearch"}]}
RESULT: {"script":"<script> [1562 bytes]","args":[{"selector":{"id":"application-managebillings-display-component---billRunCalcResult--smartFilterBar-btnBasicSearch","interaction":{"idSuffix":"I"}},"wdio_ui5_key":"applicationmanagebillings-display-component---billRunCalcResult--smartFilterBar-btnBasicSearch"}]}
RESULT: undefined
COMMAND: POST /session/e75b3d5d2d0828505fb80b5e18bd174b/execute/async - {"script":"<script> [776 bytes]","args":[{"enterText":"10398","selector":{"id":"application-managebillings-display-component---billRunCalcResult--smartFilterBar-btnBasicSearch","interaction":{"idSuffix":"I"}},"clearTextFirst":true,"interactionType":"ENTER_TEXT"}]}
RESULT: {"script":"<script> [776 bytes]","args":[{"enterText":"10398","selector":{"id":"application-managebillings-display-component---billRunCalcResult--smartFilterBar-btnBasicSearch","interaction":{"idSuffix":"I"}},"clearTextFirst":true,"interactionType":"ENTER_TEXT"}]}
COMMAND: POST /session/e75b3d5d2d0828505fb80b5e18bd174b/actions - {"actions":[{"id":"action50","type":"key","parameters":{},"actions":[{"type":"keyDown","value":"î€‡"},{"type":"pause","duration":10},{"type":"keyUp","value":"î€‡"}]}]}
RESULT: {"actions":[{"id":"action50","type":"key","parameters":{},"actions":[{"type":"keyDown","value":"î€‡"},{"type":"pause","duration":10},{"type":"keyUp","value":"î€‡"}]}]}
COMMAND: GET /session/e75b3d5d2d0828505fb80b5e18bd174b/screenshot - {}
COMMAND: POST /session/e75b3d5d2d0828505fb80b5e18bd174b/element - {"using":"xpath","value":"//td[@aria-colindex=\"1\"]/div/div[contains(@class, \"sapMCbBg\")]"}
RESULT: {}
RESULT: {"using":"xpath","value":"//td[@aria-colindex=\"1\"]/div/div[contains(@class, \"sapMCbBg\")]"}
COMMAND: POST /session/e75b3d5d2d0828505fb80b5e18bd174b/element/f.3CC06888A91A2B87598FBDB561306D63.d.659E7747D3DDEEA2F6C684BF6E686EC2.e.14608/click - {}
RESULT: {}
COMMAND: GET /session/e75b3d5d2d0828505fb80b5e18bd174b/screenshot - {}
RESULT: {}
COMMAND: POST /session/e75b3d5d2d0828505fb80b5e18bd174b/execute/async - {"script":"<script> [1562 bytes]","args":[{"selector":{"id":"application-managebillings-display-component---billRunCalcResult--contractBillRunDate","interaction":{"idSuffix":"inner"}},"wdio_ui5_key":"applicationmanagebillings-display-component---billRunCalcResult--contractBillRunDate"}]}
RESULT: {"script":"<script> [1562 bytes]","args":[{"selector":{"id":"application-managebillings-display-component---billRunCalcResult--contractBillRunDate","interaction":{"idSuffix":"inner"}},"wdio_ui5_key":"applicationmanagebillings-display-component---billRunCalcResult--contractBillRunDate"}]}
RESULT: undefined
COMMAND: POST /session/e75b3d5d2d0828505fb80b5e18bd174b/execute/async - {"script":"<script> [776 bytes]","args":[{"enterText":"6/19/25","selector":{"id":"application-managebillings-display-component---billRunCalcResult--contractBillRunDate","interaction":{"idSuffix":"inner"}},"clearTextFirst":true,"interactionType":"ENTER_TEXT"}]}
RESULT: {"script":"<script> [776 bytes]","args":[{"enterText":"6/19/25","selector":{"id":"application-managebillings-display-component---billRunCalcResult--contractBillRunDate","interaction":{"idSuffix":"inner"}},"clearTextFirst":true,"interactionType":"ENTER_TEXT"}]}
COMMAND: POST /session/e75b3d5d2d0828505fb80b5e18bd174b/element - {"using":"xpath","value":"//bdi[contains(text(), \"Trigger Calculation\")]"}
RESULT: {"using":"xpath","value":"//bdi[contains(text(), \"Trigger Calculation\")]"}
COMMAND: POST /session/e75b3d5d2d0828505fb80b5e18bd174b/element/f.3CC06888A91A2B87598FBDB561306D63.d.659E7747D3DDEEA2F6C684BF6E686EC2.e.14658/click - {}
RESULT: {}
COMMAND: GET /session/e75b3d5d2d0828505fb80b5e18bd174b/screenshot - {}
RESULT: {}
COMMAND: POST /session/e75b3d5d2d0828505fb80b5e18bd174b/element - {"using":"xpath","value":"(//span[contains(@id, \"imgNav\")])[1]"}
RESULT: {"using":"xpath","value":"(//span[contains(@id, \"imgNav\")])[1]"}
COMMAND: POST /session/e75b3d5d2d0828505fb80b5e18bd174b/element/f.3CC06888A91A2B87598FBDB561306D63.d.659E7747D3DDEEA2F6C684BF6E686EC2.e.14609/click - {}
RESULT: {}
COMMAND: GET /session/e75b3d5d2d0828505fb80b5e18bd174b/screenshot - {}
RESULT: {}
COMMAND: POST /session/e75b3d5d2d0828505fb80b5e18bd174b/element - {"using":"xpath","value":"//tr/td[6]/div[1]/span[1]/span[1]"}
RESULT: {"using":"xpath","value":"//tr/td[6]/div[1]/span[1]/span[1]"}
COMMAND: GET /session/e75b3d5d2d0828505fb80b5e18bd174b/element/f.3CC06888A91A2B87598FBDB561306D63.d.659E7747D3DDEEA2F6C684BF6E686EC2.e.14663/text - {}
RESULT: {}
COMMAND: POST /session/e75b3d5d2d0828505fb80b5e18bd174b/element - {"using":"xpath","value":"(//span[contains(@id, \"imgNav\")])[2]"}
RESULT: {"using":"xpath","value":"(//span[contains(@id, \"imgNav\")])[2]"}
COMMAND: POST /session/e75b3d5d2d0828505fb80b5e18bd174b/element/f.3CC06888A91A2B87598FBDB561306D63.d.659E7747D3DDEEA2F6C684BF6E686EC2.e.14664/click - {}
RESULT: {}
COMMAND: POST /session/e75b3d5d2d0828505fb80b5e18bd174b/element - {"using":"xpath","value":"//bdi[contains(text(), \"Business Confirm\")]"}
COMMAND: GET /session/e75b3d5d2d0828505fb80b5e18bd174b/screenshot - {}
RESULT: {"using":"xpath","value":"//bdi[contains(text(), \"Business Confirm\")]"}
COMMAND: POST /session/e75b3d5d2d0828505fb80b5e18bd174b/elements - {"using":"xpath","value":"//bdi[contains(text(), \"Business Confirm\")]"}
RESULT: {}
RESULT: {"using":"xpath","value":"//bdi[contains(text(), \"Business Confirm\")]"}
COMMAND: POST /session/e75b3d5d2d0828505fb80b5e18bd174b/elements - {"using":"xpath","value":"//bdi[contains(text(), \"Business Confirm\")]"}
RESULT: {"using":"xpath","value":"//bdi[contains(text(), \"Business Confirm\")]"}
COMMAND: POST /session/e75b3d5d2d0828505fb80b5e18bd174b/element - {"using":"xpath","value":"//bdi[contains(text(), \"Business Confirm\")]"}
RESULT: {"using":"xpath","value":"//bdi[contains(text(), \"Business Confirm\")]"}
COMMAND: POST /session/e75b3d5d2d0828505fb80b5e18bd174b/element/f.3CC06888A91A2B87598FBDB561306D63.d.659E7747D3DDEEA2F6C684BF6E686EC2.e.14705/click - {}
RESULT: {}
COMMAND: POST /session/e75b3d5d2d0828505fb80b5e18bd174b/element - {"using":"css selector","value":"#shell-header-logo"}
COMMAND: GET /session/e75b3d5d2d0828505fb80b5e18bd174b/screenshot - {}
RESULT: {"using":"css selector","value":"#shell-header-logo"}
COMMAND: POST /session/e75b3d5d2d0828505fb80b5e18bd174b/element/f.3CC06888A91A2B87598FBDB561306D63.d.659E7747D3DDEEA2F6C684BF6E686EC2.e.14398/click - {}
RESULT: {}
RESULT: {}
COMMAND: GET /session/e75b3d5d2d0828505fb80b5e18bd174b/screenshot - {}
RESULT: {}
COMMAND: POST /session/e75b3d5d2d0828505fb80b5e18bd174b/element - {"using":"css selector","value":"#j_username"}
COMMAND: POST /session/e75b3d5d2d0828505fb80b5e18bd174b/url - {"url":"https://qa-testing-00-live-etm-ui.cfapps.eu10-004.hana.ondemand.com/"}
RESULT: {"using":"css selector","value":"#j_username"}
COMMAND: POST /session/e75b3d5d2d0828505fb80b5e18bd174b/element - {"using":"css selector","value":"#j_username"}
RESULT: {"url":"https://qa-testing-00-live-etm-ui.cfapps.eu10-004.hana.ondemand.com/"}
RESULT: undefined
COMMAND: GET /session/e75b3d5d2d0828505fb80b5e18bd174b/screenshot - {}
RESULT: {"using":"css selector","value":"#j_username"}
COMMAND: POST /session/e75b3d5d2d0828505fb80b5e18bd174b/element - {"using":"css selector","value":"#shell-header-logo"}
RESULT: {}
RESULT: {"using":"css selector","value":"#shell-header-logo"}
COMMAND: POST /session/e75b3d5d2d0828505fb80b5e18bd174b/execute/sync - {"script":"<script> [8489 bytes]","args":[{"element-6066-11e4-a52e-4f735466cecf":"f.3CC06888A91A2B87598FBDB561306D63.d.8B347FC2D6BE140F3C1364B58887CA3A.e.14740","ELEMENT":"f.3CC06888A91A2B87598FBDB561306D63.d.8B347FC2D6BE140F3C1364B58887CA3A.e.14740"}]}
RESULT: {"script":"<script> [8489 bytes]","args":[{"element-6066-11e4-a52e-4f735466cecf":"f.3CC06888A91A2B87598FBDB561306D63.d.8B347FC2D6BE140F3C1364B58887CA3A.e.14740","ELEMENT":"f.3CC06888A91A2B87598FBDB561306D63.d.8B347FC2D6BE140F3C1364B58887CA3A.e.14740"}]}
COMMAND: POST /session/e75b3d5d2d0828505fb80b5e18bd174b/element - {"using":"css selector","value":"#shell-header-logo"}
COMMAND: GET /session/e75b3d5d2d0828505fb80b5e18bd174b/screenshot - {}
RESULT: {"using":"css selector","value":"#shell-header-logo"}
COMMAND: POST /session/e75b3d5d2d0828505fb80b5e18bd174b/execute/sync - {"script":"<script> [8489 bytes]","args":[{"element-6066-11e4-a52e-4f735466cecf":"f.3CC06888A91A2B87598FBDB561306D63.d.8B347FC2D6BE140F3C1364B58887CA3A.e.14740","ELEMENT":"f.3CC06888A91A2B87598FBDB561306D63.d.8B347FC2D6BE140F3C1364B58887CA3A.e.14740"}]}
RESULT: {}
RESULT: {"script":"<script> [8489 bytes]","args":[{"element-6066-11e4-a52e-4f735466cecf":"f.3CC06888A91A2B87598FBDB561306D63.d.8B347FC2D6BE140F3C1364B58887CA3A.e.14740","ELEMENT":"f.3CC06888A91A2B87598FBDB561306D63.d.8B347FC2D6BE140F3C1364B58887CA3A.e.14740"}]}
COMMAND: POST /session/e75b3d5d2d0828505fb80b5e18bd174b/execute/sync - {"script":"<script> [5351 bytes]","args":[{"element-6066-11e4-a52e-4f735466cecf":"f.3CC06888A91A2B87598FBDB561306D63.d.8B347FC2D6BE140F3C1364B58887CA3A.e.14740","ELEMENT":"f.3CC06888A91A2B87598FBDB561306D63.d.8B347FC2D6BE140F3C1364B58887CA3A.e.14740"}]}
COMMAND: GET /session/e75b3d5d2d0828505fb80b5e18bd174b/screenshot - {}
RESULT: {"script":"<script> [5351 bytes]","args":[{"element-6066-11e4-a52e-4f735466cecf":"f.3CC06888A91A2B87598FBDB561306D63.d.8B347FC2D6BE140F3C1364B58887CA3A.e.14740","ELEMENT":"f.3CC06888A91A2B87598FBDB561306D63.d.8B347FC2D6BE140F3C1364B58887CA3A.e.14740"}]}
COMMAND: POST /session/e75b3d5d2d0828505fb80b5e18bd174b/element - {"using":"css selector","value":"#shell-header-logo"}
COMMAND: GET /session/e75b3d5d2d0828505fb80b5e18bd174b/screenshot - {}
RESULT: {}
RESULT: {"using":"css selector","value":"#shell-header-logo"}
COMMAND: POST /session/e75b3d5d2d0828505fb80b5e18bd174b/element/f.3CC06888A91A2B87598FBDB561306D63.d.8B347FC2D6BE140F3C1364B58887CA3A.e.14740/click - {}
RESULT: {}
RESULT: {}
COMMAND: GET /session/e75b3d5d2d0828505fb80b5e18bd174b/screenshot - {}
RESULT: {}
COMMAND: POST /session/e75b3d5d2d0828505fb80b5e18bd174b/execute/async - {"script":"<script> [189 bytes]","args":[]}
RESULT: {"script":"<script> [189 bytes]","args":[]}
COMMAND: POST /session/e75b3d5d2d0828505fb80b5e18bd174b/execute/async - {"script":"<script> [123 bytes]","args":[]}
RESULT: {"script":"<script> [123 bytes]","args":[]}
COMMAND: POST /session/e75b3d5d2d0828505fb80b5e18bd174b/timeouts - {"script":"<number>"}
RESULT: {"script":"<number>"}
COMMAND: GET /session/e75b3d5d2d0828505fb80b5e18bd174b/timeouts - {}
RESULT: {}
RESULT: undefined
COMMAND: POST /session/e75b3d5d2d0828505fb80b5e18bd174b/execute/async - {"script":"<script> [2676 bytes]","args":[]}
RESULT: {"script":"<script> [2676 bytes]","args":[]}
COMMAND: POST /session/e75b3d5d2d0828505fb80b5e18bd174b/execute/async - {"script":"<script> [2342 bytes]","args":[{"protocol":"http","hostname":"0.0.0.0","path":"/","capabilities":{"browserName":"chrome","goog:chromeOptions":{"binary":"C:\\Program Files\\Google\\Chrome\\Application\\chrome.exe","args":["--start-maximized"]}},"logLevel":"warn","connectionRetryTimeout":120000,"connectionRetryCount":3,"logLevels":{},"enableDirectConnect":true,"strictSSL":true,"_":"65 more keys: [\"cacheDir\",\"port\",\"requestedCapabilities\",\"automationProtocol\",\"baseUrl\",\"waitforInterval\",\"waitforTimeout\",\"onReload\",\"beforeCommand\",\"afterCommand\",\"rootDir\",\"specs\",\"suites\",\"exclude\",\"groupLogsByTestSpec\",\"excludeDriverLogs\",\"bail\",\"framework\",\"reporters\",\"services\",\"maxInstances\",\"maxInstancesPerCapability\",\"injectGlobals\",\"filesToWatch\",\"execArgv\",\"runnerEnv\",\"runner\",\"shard\",\"specFileRetries\",\"specFileRetriesDelay\",\"specFileRetriesDeferred\",\"reporterSyncInterval\",\"reporterSyncTimeout\",\"cucumberFeaturesWithLineNumbers\",\"autoCompileOpts\",\"mochaOpts\",\"jasmineOpts\",\"cucumberOpts\",\"onPrepare\",\"onWorkerStart\",\"onWorkerEnd\",\"before\",\"beforeSession\",\"beforeSuite\",\"beforeHook\",\"beforeTest\",\"afterTest\",\"afterHook\",\"afterSuite\",\"afterSession\",\"after\",\"onComplete\",\"beforeAssertion\",\"afterAssertion\",\"beforeFeature\",\"beforeScenario\",\"beforeStep\",\"afterStep\",\"afterScenario\",\"afterFeature\",\"_\",\"suite\",\"$0\",\"ignoredWorkerServices\",\"wdi5\"]"}]}
RESULT: {"script":"<script> [2342 bytes]","args":[{"protocol":"http","hostname":"0.0.0.0","path":"/","capabilities":{"browserName":"chrome","goog:chromeOptions":{"binary":"C:\\Program Files\\Google\\Chrome\\Application\\chrome.exe","args":["--start-maximized"]}},"logLevel":"warn","connectionRetryTimeout":120000,"connectionRetryCount":3,"logLevels":{},"enableDirectConnect":true,"strictSSL":true,"_":"65 more keys: [\"cacheDir\",\"port\",\"requestedCapabilities\",\"automationProtocol\",\"baseUrl\",\"waitforInterval\",\"waitforTimeout\",\"onReload\",\"beforeCommand\",\"afterCommand\",\"rootDir\",\"specs\",\"suites\",\"exclude\",\"groupLogsByTestSpec\",\"excludeDriverLogs\",\"bail\",\"framework\",\"reporters\",\"services\",\"maxInstances\",\"maxInstancesPerCapability\",\"injectGlobals\",\"filesToWatch\",\"execArgv\",\"runnerEnv\",\"runner\",\"shard\",\"specFileRetries\",\"specFileRetriesDelay\",\"specFileRetriesDeferred\",\"reporterSyncInterval\",\"reporterSyncTimeout\",\"cucumberFeaturesWithLineNumbers\",\"autoCompileOpts\",\"mochaOpts\",\"jasmineOpts\",\"cucumberOpts\",\"onPrepare\",\"onWorkerStart\",\"onWorkerEnd\",\"before\",\"beforeSession\",\"beforeSuite\",\"beforeHook\",\"beforeTest\",\"afterTest\",\"afterHook\",\"afterSuite\",\"afterSession\",\"after\",\"onComplete\",\"beforeAssertion\",\"afterAssertion\",\"beforeFeature\",\"beforeScenario\",\"beforeStep\",\"afterStep\",\"afterScenario\",\"afterFeature\",\"_\",\"suite\",\"$0\",\"ignoredWorkerServices\",\"wdi5\"]"}]}
COMMAND: POST /session/e75b3d5d2d0828505fb80b5e18bd174b/execute/async - {"script":"<script> [21126 bytes]","args":[35000]}
RESULT: {"script":"<script> [21126 bytes]","args":[35000]}
COMMAND: POST /session/e75b3d5d2d0828505fb80b5e18bd174b/window/maximize - {}
RESULT: {}
COMMAND: POST /session/e75b3d5d2d0828505fb80b5e18bd174b/execute/async - {"script":"<script> [1562 bytes]","args":[{"selector":{"id":"shell-header","interaction":{"idSuffix":"icon"}},"wdio_ui5_key":"shellheader"}]}
COMMAND: GET /session/e75b3d5d2d0828505fb80b5e18bd174b/screenshot - {}
RESULT: {"script":"<script> [1562 bytes]","args":[{"selector":{"id":"shell-header","interaction":{"idSuffix":"icon"}},"wdio_ui5_key":"shellheader"}]}
RESULT: undefined
COMMAND: POST /session/e75b3d5d2d0828505fb80b5e18bd174b/refresh - {}
RESULT: {}
RESULT: {}
COMMAND: GET /session/e75b3d5d2d0828505fb80b5e18bd174b/screenshot - {}
RESULT: {}
COMMAND: POST /session/e75b3d5d2d0828505fb80b5e18bd174b/refresh - {}
RESULT: {}
COMMAND: GET /session/e75b3d5d2d0828505fb80b5e18bd174b/screenshot - {}
RESULT: {}
COMMAND: POST /session/e75b3d5d2d0828505fb80b5e18bd174b/window/fullscreen - {}
RESULT: {}
COMMAND: POST /session/e75b3d5d2d0828505fb80b5e18bd174b/execute/async - {"script":"<script> [189 bytes]","args":[]}
RESULT: {"script":"<script> [189 bytes]","args":[]}
COMMAND: POST /session/e75b3d5d2d0828505fb80b5e18bd174b/execute/async - {"script":"<script> [123 bytes]","args":[]}
RESULT: {"script":"<script> [123 bytes]","args":[]}
COMMAND: POST /session/e75b3d5d2d0828505fb80b5e18bd174b/timeouts - {"script":"<number>"}
RESULT: {"script":"<number>"}
COMMAND: GET /session/e75b3d5d2d0828505fb80b5e18bd174b/timeouts - {}
RESULT: {}
RESULT: undefined
COMMAND: POST /session/e75b3d5d2d0828505fb80b5e18bd174b/execute/async - {"script":"<script> [2676 bytes]","args":[]}
RESULT: {"script":"<script> [2676 bytes]","args":[]}
COMMAND: POST /session/e75b3d5d2d0828505fb80b5e18bd174b/execute/async - {"script":"<script> [2342 bytes]","args":[{"protocol":"http","hostname":"0.0.0.0","path":"/","capabilities":{"browserName":"chrome","goog:chromeOptions":{"binary":"C:\\Program Files\\Google\\Chrome\\Application\\chrome.exe","args":["--start-maximized"]}},"logLevel":"warn","connectionRetryTimeout":120000,"connectionRetryCount":3,"logLevels":{},"enableDirectConnect":true,"strictSSL":true,"_":"65 more keys: [\"cacheDir\",\"port\",\"requestedCapabilities\",\"automationProtocol\",\"baseUrl\",\"waitforInterval\",\"waitforTimeout\",\"onReload\",\"beforeCommand\",\"afterCommand\",\"rootDir\",\"specs\",\"suites\",\"exclude\",\"groupLogsByTestSpec\",\"excludeDriverLogs\",\"bail\",\"framework\",\"reporters\",\"services\",\"maxInstances\",\"maxInstancesPerCapability\",\"injectGlobals\",\"filesToWatch\",\"execArgv\",\"runnerEnv\",\"runner\",\"shard\",\"specFileRetries\",\"specFileRetriesDelay\",\"specFileRetriesDeferred\",\"reporterSyncInterval\",\"reporterSyncTimeout\",\"cucumberFeaturesWithLineNumbers\",\"autoCompileOpts\",\"mochaOpts\",\"jasmineOpts\",\"cucumberOpts\",\"onPrepare\",\"onWorkerStart\",\"onWorkerEnd\",\"before\",\"beforeSession\",\"beforeSuite\",\"beforeHook\",\"beforeTest\",\"afterTest\",\"afterHook\",\"afterSuite\",\"afterSession\",\"after\",\"onComplete\",\"beforeAssertion\",\"afterAssertion\",\"beforeFeature\",\"beforeScenario\",\"beforeStep\",\"afterStep\",\"afterScenario\",\"afterFeature\",\"_\",\"suite\",\"$0\",\"ignoredWorkerServices\",\"wdi5\"]"}]}
RESULT: {"script":"<script> [2342 bytes]","args":[{"protocol":"http","hostname":"0.0.0.0","path":"/","capabilities":{"browserName":"chrome","goog:chromeOptions":{"binary":"C:\\Program Files\\Google\\Chrome\\Application\\chrome.exe","args":["--start-maximized"]}},"logLevel":"warn","connectionRetryTimeout":120000,"connectionRetryCount":3,"logLevels":{},"enableDirectConnect":true,"strictSSL":true,"_":"65 more keys: [\"cacheDir\",\"port\",\"requestedCapabilities\",\"automationProtocol\",\"baseUrl\",\"waitforInterval\",\"waitforTimeout\",\"onReload\",\"beforeCommand\",\"afterCommand\",\"rootDir\",\"specs\",\"suites\",\"exclude\",\"groupLogsByTestSpec\",\"excludeDriverLogs\",\"bail\",\"framework\",\"reporters\",\"services\",\"maxInstances\",\"maxInstancesPerCapability\",\"injectGlobals\",\"filesToWatch\",\"execArgv\",\"runnerEnv\",\"runner\",\"shard\",\"specFileRetries\",\"specFileRetriesDelay\",\"specFileRetriesDeferred\",\"reporterSyncInterval\",\"reporterSyncTimeout\",\"cucumberFeaturesWithLineNumbers\",\"autoCompileOpts\",\"mochaOpts\",\"jasmineOpts\",\"cucumberOpts\",\"onPrepare\",\"onWorkerStart\",\"onWorkerEnd\",\"before\",\"beforeSession\",\"beforeSuite\",\"beforeHook\",\"beforeTest\",\"afterTest\",\"afterHook\",\"afterSuite\",\"afterSession\",\"after\",\"onComplete\",\"beforeAssertion\",\"afterAssertion\",\"beforeFeature\",\"beforeScenario\",\"beforeStep\",\"afterStep\",\"afterScenario\",\"afterFeature\",\"_\",\"suite\",\"$0\",\"ignoredWorkerServices\",\"wdi5\"]"}]}
COMMAND: POST /session/e75b3d5d2d0828505fb80b5e18bd174b/execute/async - {"script":"<script> [21126 bytes]","args":[35000]}
RESULT: {"script":"<script> [21126 bytes]","args":[35000]}
]]></system-out>
    </testcase>
  </testsuite>
  <testsuite timestamp="2025-05-19T17:49:06" time="753.987" tests="13" failures="0" errors="0" skipped="0">
    <properties>
      <property name="specId" value="0" />
      <property name="suiteName" value="Performance based billing (work days) US139742" />
      <property name="capabilities" value="chrome.136_0_7103_93.windows" />
      <property name="file" value="file:///D:/a/1/s/test/specs/BTS/billing-performance-workdays.spec.js" />
    </properties>
    <testcase classname="chrome.136_0_7103_93.windows.Performance_based_billing_(work_days)_US139742" name="Should create a new yard" time="0.011">
      <system-out><![CDATA[
COMMAND: POST /session/e75b3d5d2d0828505fb80b5e18bd174b/window/fullscreen - {}
RESULT: {}
]]></system-out>
    </testcase>
    <testcase classname="chrome.136_0_7103_93.windows.Performance_based_billing_(work_days)_US139742" name="Should create a new partner" time="0.003" />
    <testcase classname="chrome.136_0_7103_93.windows.Performance_based_billing_(work_days)_US139742" name="Should create a new site" time="0.004" />
    <testcase classname="chrome.136_0_7103_93.windows.Performance_based_billing_(work_days)_US139742" name="Should do prerequisite steps add equipment" time="128.498">
      <system-out><![CDATA[
COMMAND: POST /session/e75b3d5d2d0828505fb80b5e18bd174b/execute/async - {"script":"<script> [1562 bytes]","args":[{"selector":{"controlType":"sap.m.GenericTile","properties":{"header":"Manage Resources"}},"wdio_ui5_key":"sapm.GenericTile{\"header\":\"Manage Resources\"}"}]}
RESULT: {"script":"<script> [1562 bytes]","args":[{"selector":{"controlType":"sap.m.GenericTile","properties":{"header":"Manage Resources"}},"wdio_ui5_key":"sapm.GenericTile{\"header\":\"Manage Resources\"}"}]}
RESULT: undefined
COMMAND: POST /session/e75b3d5d2d0828505fb80b5e18bd174b/element - {"using":"xpath","value":"//*[@id=\"__tile39\"]"}
RESULT: {"using":"xpath","value":"//*[@id=\"__tile39\"]"}
COMMAND: POST /session/e75b3d5d2d0828505fb80b5e18bd174b/element/f.3CC06888A91A2B87598FBDB561306D63.d.98CAD48FCA2EA38A1C6573796932A935.e.14899/click - {}
RESULT: {}
COMMAND: GET /session/e75b3d5d2d0828505fb80b5e18bd174b/screenshot - {}
RESULT: {}
COMMAND: POST /session/e75b3d5d2d0828505fb80b5e18bd174b/elements - {"using":"xpath","value":"//span[text()='Error']"}
RESULT: {"using":"xpath","value":"//span[text()='Error']"}
COMMAND: POST /session/e75b3d5d2d0828505fb80b5e18bd174b/element - {"using":"xpath","value":"//button[@data-kt=\"addNewRUOverflowToolbarButton\"]"}
RESULT: {"using":"xpath","value":"//button[@data-kt=\"addNewRUOverflowToolbarButton\"]"}
COMMAND: POST /session/e75b3d5d2d0828505fb80b5e18bd174b/elements - {"using":"xpath","value":"//button[@data-kt=\"addNewRUOverflowToolbarButton\"]"}
RESULT: {"using":"xpath","value":"//button[@data-kt=\"addNewRUOverflowToolbarButton\"]"}
COMMAND: POST /session/e75b3d5d2d0828505fb80b5e18bd174b/elements - {"using":"xpath","value":"//button[@data-kt=\"addNewRUOverflowToolbarButton\"]"}
RESULT: {"using":"xpath","value":"//button[@data-kt=\"addNewRUOverflowToolbarButton\"]"}
COMMAND: POST /session/e75b3d5d2d0828505fb80b5e18bd174b/element - {"using":"xpath","value":"//button[@data-kt=\"addNewRUOverflowToolbarButton\"]"}
RESULT: {"using":"xpath","value":"//button[@data-kt=\"addNewRUOverflowToolbarButton\"]"}
COMMAND: POST /session/e75b3d5d2d0828505fb80b5e18bd174b/execute/sync - {"script":"<script> [8489 bytes]","args":[{"element-6066-11e4-a52e-4f735466cecf":"f.3CC06888A91A2B87598FBDB561306D63.d.98CAD48FCA2EA38A1C6573796932A935.e.15040","ELEMENT":"f.3CC06888A91A2B87598FBDB561306D63.d.98CAD48FCA2EA38A1C6573796932A935.e.15040"}]}
RESULT: {"script":"<script> [8489 bytes]","args":[{"element-6066-11e4-a52e-4f735466cecf":"f.3CC06888A91A2B87598FBDB561306D63.d.98CAD48FCA2EA38A1C6573796932A935.e.15040","ELEMENT":"f.3CC06888A91A2B87598FBDB561306D63.d.98CAD48FCA2EA38A1C6573796932A935.e.15040"}]}
COMMAND: GET /session/e75b3d5d2d0828505fb80b5e18bd174b/element/f.3CC06888A91A2B87598FBDB561306D63.d.98CAD48FCA2EA38A1C6573796932A935.e.15040/enabled - {}
COMMAND: GET /session/e75b3d5d2d0828505fb80b5e18bd174b/screenshot - {}
RESULT: {}
COMMAND: POST /session/e75b3d5d2d0828505fb80b5e18bd174b/execute/sync - {"script":"<script> [8489 bytes]","args":[{"element-6066-11e4-a52e-4f735466cecf":"f.3CC06888A91A2B87598FBDB561306D63.d.98CAD48FCA2EA38A1C6573796932A935.e.15040","ELEMENT":"f.3CC06888A91A2B87598FBDB561306D63.d.98CAD48FCA2EA38A1C6573796932A935.e.15040"}]}
COMMAND: GET /session/e75b3d5d2d0828505fb80b5e18bd174b/screenshot - {}
RESULT: {}
RESULT: {"script":"<script> [8489 bytes]","args":[{"element-6066-11e4-a52e-4f735466cecf":"f.3CC06888A91A2B87598FBDB561306D63.d.98CAD48FCA2EA38A1C6573796932A935.e.15040","ELEMENT":"f.3CC06888A91A2B87598FBDB561306D63.d.98CAD48FCA2EA38A1C6573796932A935.e.15040"}]}
COMMAND: POST /session/e75b3d5d2d0828505fb80b5e18bd174b/execute/sync - {"script":"<script> [5351 bytes]","args":[{"element-6066-11e4-a52e-4f735466cecf":"f.3CC06888A91A2B87598FBDB561306D63.d.98CAD48FCA2EA38A1C6573796932A935.e.15040","ELEMENT":"f.3CC06888A91A2B87598FBDB561306D63.d.98CAD48FCA2EA38A1C6573796932A935.e.15040"}]}
COMMAND: GET /session/e75b3d5d2d0828505fb80b5e18bd174b/screenshot - {}
RESULT: {}
RESULT: {"script":"<script> [5351 bytes]","args":[{"element-6066-11e4-a52e-4f735466cecf":"f.3CC06888A91A2B87598FBDB561306D63.d.98CAD48FCA2EA38A1C6573796932A935.e.15040","ELEMENT":"f.3CC06888A91A2B87598FBDB561306D63.d.98CAD48FCA2EA38A1C6573796932A935.e.15040"}]}
COMMAND: POST /session/e75b3d5d2d0828505fb80b5e18bd174b/element/f.3CC06888A91A2B87598FBDB561306D63.d.98CAD48FCA2EA38A1C6573796932A935.e.15040/click - {}
COMMAND: GET /session/e75b3d5d2d0828505fb80b5e18bd174b/screenshot - {}
RESULT: {}
RESULT: {}
COMMAND: GET /session/e75b3d5d2d0828505fb80b5e18bd174b/screenshot - {}
RESULT: {}
RESULT: {}
COMMAND: POST /session/e75b3d5d2d0828505fb80b5e18bd174b/execute/async - {"script":"<script> [1562 bytes]","args":[{"selector":{"id":"application-manageresources-display-component---newResourceUnit--TYPE-arrow"},"wdio_ui5_key":"applicationmanageresources-display-component---newResourceUnit--TYPE-arrow"}]}
RESULT: {"script":"<script> [1562 bytes]","args":[{"selector":{"id":"application-manageresources-display-component---newResourceUnit--TYPE-arrow"},"wdio_ui5_key":"applicationmanageresources-display-component---newResourceUnit--TYPE-arrow"}]}
RESULT: undefined
COMMAND: POST /session/e75b3d5d2d0828505fb80b5e18bd174b/element - {"using":"xpath","value":"//*[@id=\"application-manageresources-display-component---newResourceUnit--TYPE-arrow\"]"}
RESULT: {"using":"xpath","value":"//*[@id=\"application-manageresources-display-component---newResourceUnit--TYPE-arrow\"]"}
COMMAND: POST /session/e75b3d5d2d0828505fb80b5e18bd174b/element/f.3CC06888A91A2B87598FBDB561306D63.d.98CAD48FCA2EA38A1C6573796932A935.e.15410/click - {}
RESULT: {}
COMMAND: POST /session/e75b3d5d2d0828505fb80b5e18bd174b/element - {"using":"xpath","value":"//input[@id=\"application-manageresources-display-component---newResourceUnit--TYPE-inner\"]"}
COMMAND: GET /session/e75b3d5d2d0828505fb80b5e18bd174b/screenshot - {}
RESULT: {"using":"xpath","value":"//input[@id=\"application-manageresources-display-component---newResourceUnit--TYPE-inner\"]"}
COMMAND: POST /session/e75b3d5d2d0828505fb80b5e18bd174b/element/f.3CC06888A91A2B87598FBDB561306D63.d.98CAD48FCA2EA38A1C6573796932A935.e.15391/clear - {}
RESULT: {}
RESULT: {}
COMMAND: POST /session/e75b3d5d2d0828505fb80b5e18bd174b/element/f.3CC06888A91A2B87598FBDB561306D63.d.98CAD48FCA2EA38A1C6573796932A935.e.15391/value - {"text":"Equipment"}
COMMAND: GET /session/e75b3d5d2d0828505fb80b5e18bd174b/screenshot - {}
RESULT: {"text":"Equipment"}
COMMAND: GET /session/e75b3d5d2d0828505fb80b5e18bd174b/screenshot - {}
RESULT: {}
RESULT: {}
COMMAND: POST /session/e75b3d5d2d0828505fb80b5e18bd174b/actions - {"actions":[{"id":"action51","type":"key","parameters":{},"actions":[{"type":"keyDown","value":"î€‡"},{"type":"pause","duration":10},{"type":"keyUp","value":"î€‡"}]}]}
RESULT: {"actions":[{"id":"action51","type":"key","parameters":{},"actions":[{"type":"keyDown","value":"î€‡"},{"type":"pause","duration":10},{"type":"keyUp","value":"î€‡"}]}]}
COMMAND: POST /session/e75b3d5d2d0828505fb80b5e18bd174b/execute/async - {"script":"<script> [1562 bytes]","args":[{"selector":{"id":"application-manageresources-display-component---newResourceUnit--resourceId","interaction":{"idSuffix":"inner"}},"wdio_ui5_key":"applicationmanageresources-display-component---newResourceUnit--resourceId"}]}
COMMAND: GET /session/e75b3d5d2d0828505fb80b5e18bd174b/screenshot - {}
RESULT: {"script":"<script> [1562 bytes]","args":[{"selector":{"id":"application-manageresources-display-component---newResourceUnit--resourceId","interaction":{"idSuffix":"inner"}},"wdio_ui5_key":"applicationmanageresources-display-component---newResourceUnit--resourceId"}]}
RESULT: undefined
COMMAND: POST /session/e75b3d5d2d0828505fb80b5e18bd174b/execute/async - {"script":"<script> [776 bytes]","args":[{"enterText":"6uAft6UvnJ","selector":{"id":"application-manageresources-display-component---newResourceUnit--resourceId","interaction":{"idSuffix":"inner"}},"clearTextFirst":true,"interactionType":"ENTER_TEXT"}]}
RESULT: {}
RESULT: {"script":"<script> [776 bytes]","args":[{"enterText":"6uAft6UvnJ","selector":{"id":"application-manageresources-display-component---newResourceUnit--resourceId","interaction":{"idSuffix":"inner"}},"clearTextFirst":true,"interactionType":"ENTER_TEXT"}]}
COMMAND: POST /session/e75b3d5d2d0828505fb80b5e18bd174b/execute/async - {"script":"<script> [1562 bytes]","args":[{"selector":{"id":"application-manageresources-display-component---newResourceUnit--SHORT_TEXT","interaction":{"idSuffix":"inner"}},"wdio_ui5_key":"applicationmanageresources-display-component---newResourceUnit--SHORT_TEXT"}]}
RESULT: {"script":"<script> [1562 bytes]","args":[{"selector":{"id":"application-manageresources-display-component---newResourceUnit--SHORT_TEXT","interaction":{"idSuffix":"inner"}},"wdio_ui5_key":"applicationmanageresources-display-component---newResourceUnit--SHORT_TEXT"}]}
RESULT: undefined
COMMAND: POST /session/e75b3d5d2d0828505fb80b5e18bd174b/execute/async - {"script":"<script> [776 bytes]","args":[{"enterText":"Intercompany Equipment WDIO","selector":{"id":"application-manageresources-display-component---newResourceUnit--SHORT_TEXT","interaction":{"idSuffix":"inner"}},"clearTextFirst":true,"interactionType":"ENTER_TEXT"}]}
RESULT: {"script":"<script> [776 bytes]","args":[{"enterText":"Intercompany Equipment WDIO","selector":{"id":"application-manageresources-display-component---newResourceUnit--SHORT_TEXT","interaction":{"idSuffix":"inner"}},"clearTextFirst":true,"interactionType":"ENTER_TEXT"}]}
COMMAND: POST /session/e75b3d5d2d0828505fb80b5e18bd174b/execute/async - {"script":"<script> [1562 bytes]","args":[{"selector":{"id":"application-manageresources-display-component---newResourceUnit--BASE_UNIT_OF_MEASURE","interaction":{"idSuffix":"inner"}},"wdio_ui5_key":"applicationmanageresources-display-component---newResourceUnit--BASE_UNIT_OF_MEASURE"}]}
RESULT: {"script":"<script> [1562 bytes]","args":[{"selector":{"id":"application-manageresources-display-component---newResourceUnit--BASE_UNIT_OF_MEASURE","interaction":{"idSuffix":"inner"}},"wdio_ui5_key":"applicationmanageresources-display-component---newResourceUnit--BASE_UNIT_OF_MEASURE"}]}
RESULT: undefined
COMMAND: POST /session/e75b3d5d2d0828505fb80b5e18bd174b/execute/async - {"script":"<script> [776 bytes]","args":[{"enterText":"Piece","selector":{"id":"application-manageresources-display-component---newResourceUnit--BASE_UNIT_OF_MEASURE","interaction":{"idSuffix":"inner"}},"clearTextFirst":true,"interactionType":"ENTER_TEXT"}]}
RESULT: {"script":"<script> [776 bytes]","args":[{"enterText":"Piece","selector":{"id":"application-manageresources-display-component---newResourceUnit--BASE_UNIT_OF_MEASURE","interaction":{"idSuffix":"inner"}},"clearTextFirst":true,"interactionType":"ENTER_TEXT"}]}
COMMAND: POST /session/e75b3d5d2d0828505fb80b5e18bd174b/execute/async - {"script":"<script> [1562 bytes]","args":[{"selector":{"id":"application-manageresources-display-component---newResourceUnit--WEIGHT_UNIT","interaction":{"idSuffix":"inner"}},"wdio_ui5_key":"applicationmanageresources-display-component---newResourceUnit--WEIGHT_UNIT"}]}
RESULT: {"script":"<script> [1562 bytes]","args":[{"selector":{"id":"application-manageresources-display-component---newResourceUnit--WEIGHT_UNIT","interaction":{"idSuffix":"inner"}},"wdio_ui5_key":"applicationmanageresources-display-component---newResourceUnit--WEIGHT_UNIT"}]}
RESULT: undefined
COMMAND: POST /session/e75b3d5d2d0828505fb80b5e18bd174b/execute/async - {"script":"<script> [776 bytes]","args":[{"enterText":"Gram","selector":{"id":"application-manageresources-display-component---newResourceUnit--WEIGHT_UNIT","interaction":{"idSuffix":"inner"}},"clearTextFirst":true,"interactionType":"ENTER_TEXT"}]}
RESULT: {"script":"<script> [776 bytes]","args":[{"enterText":"Gram","selector":{"id":"application-manageresources-display-component---newResourceUnit--WEIGHT_UNIT","interaction":{"idSuffix":"inner"}},"clearTextFirst":true,"interactionType":"ENTER_TEXT"}]}
COMMAND: POST /session/e75b3d5d2d0828505fb80b5e18bd174b/execute/async - {"script":"<script> [1562 bytes]","args":[{"selector":{"id":"application-manageresources-display-component---newResourceUnit--DIMENSION_UNIT","interaction":{"idSuffix":"inner"}},"wdio_ui5_key":"applicationmanageresources-display-component---newResourceUnit--DIMENSION_UNIT"}]}
RESULT: {"script":"<script> [1562 bytes]","args":[{"selector":{"id":"application-manageresources-display-component---newResourceUnit--DIMENSION_UNIT","interaction":{"idSuffix":"inner"}},"wdio_ui5_key":"applicationmanageresources-display-component---newResourceUnit--DIMENSION_UNIT"}]}
RESULT: undefined
COMMAND: POST /session/e75b3d5d2d0828505fb80b5e18bd174b/execute/async - {"script":"<script> [776 bytes]","args":[{"enterText":"Meter","selector":{"id":"application-manageresources-display-component---newResourceUnit--DIMENSION_UNIT","interaction":{"idSuffix":"inner"}},"clearTextFirst":true,"interactionType":"ENTER_TEXT"}]}
RESULT: {"script":"<script> [776 bytes]","args":[{"enterText":"Meter","selector":{"id":"application-manageresources-display-component---newResourceUnit--DIMENSION_UNIT","interaction":{"idSuffix":"inner"}},"clearTextFirst":true,"interactionType":"ENTER_TEXT"}]}
COMMAND: POST /session/e75b3d5d2d0828505fb80b5e18bd174b/execute/async - {"script":"<script> [1562 bytes]","args":[{"selector":{"id":"application-manageresources-display-component---newResourceUnit--newRRUPage-anchBar-application-manageresources-display-component---newResourceUnit--control-anchor","interaction":{"idSuffix":"BDI-content"}},"wdio_ui5_key":"applicationmanageresources-display-component---newResourceUnit--newRRUPage-anchBar-application-manageresources-display-component---newResourceUnit--control-anchor"}]}
RESULT: {"script":"<script> [1562 bytes]","args":[{"selector":{"id":"application-manageresources-display-component---newResourceUnit--newRRUPage-anchBar-application-manageresources-display-component---newResourceUnit--control-anchor","interaction":{"idSuffix":"BDI-content"}},"wdio_ui5_key":"applicationmanageresources-display-component---newResourceUnit--newRRUPage-anchBar-application-manageresources-display-component---newResourceUnit--control-anchor"}]}
RESULT: undefined
COMMAND: POST /session/e75b3d5d2d0828505fb80b5e18bd174b/element - {"using":"xpath","value":"//*[@id=\"application-manageresources-display-component---newResourceUnit--newRRUPage-anchBar-application-manageresources-display-component---newResourceUnit--control-anchor\"]"}
RESULT: {"using":"xpath","value":"//*[@id=\"application-manageresources-display-component---newResourceUnit--newRRUPage-anchBar-application-manageresources-display-component---newResourceUnit--control-anchor\"]"}
COMMAND: POST /session/e75b3d5d2d0828505fb80b5e18bd174b/element/f.3CC06888A91A2B87598FBDB561306D63.d.98CAD48FCA2EA38A1C6573796932A935.e.15543/click - {}
RESULT: {}
COMMAND: POST /session/e75b3d5d2d0828505fb80b5e18bd174b/execute/async - {"script":"<script> [1562 bytes]","args":[{"selector":{"id":"application-manageresources-display-component---newResourceUnit--PLANNING_GROUP","interaction":{"idSuffix":"inner"}},"wdio_ui5_key":"applicationmanageresources-display-component---newResourceUnit--PLANNING_GROUP"}]}
COMMAND: GET /session/e75b3d5d2d0828505fb80b5e18bd174b/screenshot - {}
RESULT: {"script":"<script> [1562 bytes]","args":[{"selector":{"id":"application-manageresources-display-component---newResourceUnit--PLANNING_GROUP","interaction":{"idSuffix":"inner"}},"wdio_ui5_key":"applicationmanageresources-display-component---newResourceUnit--PLANNING_GROUP"}]}
RESULT: undefined
COMMAND: POST /session/e75b3d5d2d0828505fb80b5e18bd174b/execute/async - {"script":"<script> [776 bytes]","args":[{"enterText":"Heavy Equi","selector":{"id":"application-manageresources-display-component---newResourceUnit--PLANNING_GROUP","interaction":{"idSuffix":"inner"}},"clearTextFirst":true,"interactionType":"ENTER_TEXT"}]}
RESULT: {}
RESULT: {"script":"<script> [776 bytes]","args":[{"enterText":"Heavy Equi","selector":{"id":"application-manageresources-display-component---newResourceUnit--PLANNING_GROUP","interaction":{"idSuffix":"inner"}},"clearTextFirst":true,"interactionType":"ENTER_TEXT"}]}
COMMAND: POST /session/e75b3d5d2d0828505fb80b5e18bd174b/execute/async - {"script":"<script> [1562 bytes]","args":[{"selector":{"id":"application-manageresources-display-component---newResourceUnit--ITEM_TYPE-arrow"},"wdio_ui5_key":"applicationmanageresources-display-component---newResourceUnit--ITEM_TYPE-arrow"}]}
RESULT: {"script":"<script> [1562 bytes]","args":[{"selector":{"id":"application-manageresources-display-component---newResourceUnit--ITEM_TYPE-arrow"},"wdio_ui5_key":"applicationmanageresources-display-component---newResourceUnit--ITEM_TYPE-arrow"}]}
RESULT: undefined
COMMAND: POST /session/e75b3d5d2d0828505fb80b5e18bd174b/element - {"using":"xpath","value":"//*[@id=\"application-manageresources-display-component---newResourceUnit--ITEM_TYPE-arrow\"]"}
RESULT: {"using":"xpath","value":"//*[@id=\"application-manageresources-display-component---newResourceUnit--ITEM_TYPE-arrow\"]"}
COMMAND: POST /session/e75b3d5d2d0828505fb80b5e18bd174b/element/f.3CC06888A91A2B87598FBDB561306D63.d.98CAD48FCA2EA38A1C6573796932A935.e.15550/click - {}
RESULT: {}
COMMAND: POST /session/e75b3d5d2d0828505fb80b5e18bd174b/element - {"using":"xpath","value":"(//span[contains(text(), \"Resource Unit\")])[2]"}
COMMAND: GET /session/e75b3d5d2d0828505fb80b5e18bd174b/screenshot - {}
RESULT: {"using":"xpath","value":"(//span[contains(text(), \"Resource Unit\")])[2]"}
COMMAND: POST /session/e75b3d5d2d0828505fb80b5e18bd174b/element/f.3CC06888A91A2B87598FBDB561306D63.d.98CAD48FCA2EA38A1C6573796932A935.e.15551/click - {}
RESULT: {}
RESULT: {}
COMMAND: GET /session/e75b3d5d2d0828505fb80b5e18bd174b/screenshot - {}
RESULT: {}
COMMAND: POST /session/e75b3d5d2d0828505fb80b5e18bd174b/element - {"using":"css selector","value":"#application-manageresources-display-component---newResourceUnit--btnAddTimeSegment"}
RESULT: {"using":"css selector","value":"#application-manageresources-display-component---newResourceUnit--btnAddTimeSegment"}
COMMAND: GET /session/e75b3d5d2d0828505fb80b5e18bd174b/element/f.3CC06888A91A2B87598FBDB561306D63.d.98CAD48FCA2EA38A1C6573796932A935.e.15552/rect - {}
RESULT: {}
COMMAND: GET /session/e75b3d5d2d0828505fb80b5e18bd174b/window/rect - {}
RESULT: {}
COMMAND: POST /session/e75b3d5d2d0828505fb80b5e18bd174b/execute/sync - {"script":"<script> [92 bytes]","args":[]}
RESULT: {"script":"<script> [92 bytes]","args":[]}
COMMAND: POST /session/e75b3d5d2d0828505fb80b5e18bd174b/actions - {"actions":[{"id":"action52","type":"wheel","parameters":{},"actions":[{"type":"scroll","x":-1888,"y":-32,"deltaX":0,"deltaY":0,"duration":0,"origin":{"element-6066-11e4-a52e-4f735466cecf":"f.3CC06888A91A2B87598FBDB561306D63.d.98CAD48FCA2EA38A1C6573796932A935.e.15552"}}]}]}
COMMAND: GET /session/e75b3d5d2d0828505fb80b5e18bd174b/screenshot - {}
RESULT: {}
COMMAND: POST /session/e75b3d5d2d0828505fb80b5e18bd174b/execute/sync - {"script":"<script> [79 bytes]","args":[{"element-6066-11e4-a52e-4f735466cecf":"f.3CC06888A91A2B87598FBDB561306D63.d.98CAD48FCA2EA38A1C6573796932A935.e.15552","ELEMENT":"f.3CC06888A91A2B87598FBDB561306D63.d.98CAD48FCA2EA38A1C6573796932A935.e.15552"},{"block":"start","inline":"nearest"}]}
RESULT: {"script":"<script> [79 bytes]","args":[{"element-6066-11e4-a52e-4f735466cecf":"f.3CC06888A91A2B87598FBDB561306D63.d.98CAD48FCA2EA38A1C6573796932A935.e.15552","ELEMENT":"f.3CC06888A91A2B87598FBDB561306D63.d.98CAD48FCA2EA38A1C6573796932A935.e.15552"},{"block":"start","inline":"nearest"}]}
COMMAND: POST /session/e75b3d5d2d0828505fb80b5e18bd174b/execute/async - {"script":"<script> [1562 bytes]","args":[{"selector":{"id":"application-manageresources-display-component---newResourceUnit--btnAddTimeSegment","interaction":{"idSuffix":"inner"}},"wdio_ui5_key":"applicationmanageresources-display-component---newResourceUnit--btnAddTimeSegment"}]}
COMMAND: GET /session/e75b3d5d2d0828505fb80b5e18bd174b/screenshot - {}
RESULT: {"script":"<script> [1562 bytes]","args":[{"selector":{"id":"application-manageresources-display-component---newResourceUnit--btnAddTimeSegment","interaction":{"idSuffix":"inner"}},"wdio_ui5_key":"applicationmanageresources-display-component---newResourceUnit--btnAddTimeSegment"}]}
RESULT: undefined
COMMAND: POST /session/e75b3d5d2d0828505fb80b5e18bd174b/element - {"using":"xpath","value":"//*[@id=\"application-manageresources-display-component---newResourceUnit--btnAddTimeSegment\"]"}
RESULT: {}
RESULT: {"using":"xpath","value":"//*[@id=\"application-manageresources-display-component---newResourceUnit--btnAddTimeSegment\"]"}
COMMAND: POST /session/e75b3d5d2d0828505fb80b5e18bd174b/element/f.3CC06888A91A2B87598FBDB561306D63.d.98CAD48FCA2EA38A1C6573796932A935.e.15552/click - {}
RESULT: {}
COMMAND: GET /session/e75b3d5d2d0828505fb80b5e18bd174b/screenshot - {}
RESULT: {}
COMMAND: POST /session/e75b3d5d2d0828505fb80b5e18bd174b/element - {"using":"xpath","value":"//input[@id=\"application-manageresources-display-component---newResourceUnit--idRuTSAdmin-application-manageresources-display-component---newResourceUnit--RUTimeSegment-0-inner\"]"}
RESULT: {"using":"xpath","value":"//input[@id=\"application-manageresources-display-component---newResourceUnit--idRuTSAdmin-application-manageresources-display-component---newResourceUnit--RUTimeSegment-0-inner\"]"}
COMMAND: POST /session/e75b3d5d2d0828505fb80b5e18bd174b/element/f.3CC06888A91A2B87598FBDB561306D63.d.98CAD48FCA2EA38A1C6573796932A935.e.15558/clear - {}
RESULT: {}
COMMAND: POST /session/e75b3d5d2d0828505fb80b5e18bd174b/element/f.3CC06888A91A2B87598FBDB561306D63.d.98CAD48FCA2EA38A1C6573796932A935.e.15558/value - {"text":"564"}
COMMAND: GET /session/e75b3d5d2d0828505fb80b5e18bd174b/screenshot - {}
RESULT: {}
RESULT: {"text":"564"}
COMMAND: GET /session/e75b3d5d2d0828505fb80b5e18bd174b/screenshot - {}
RESULT: {}
COMMAND: POST /session/e75b3d5d2d0828505fb80b5e18bd174b/element - {"using":"xpath","value":"//li[.//span[text()='564']]"}
RESULT: {"using":"xpath","value":"//li[.//span[text()='564']]"}
COMMAND: POST /session/e75b3d5d2d0828505fb80b5e18bd174b/element/f.3CC06888A91A2B87598FBDB561306D63.d.98CAD48FCA2EA38A1C6573796932A935.e.15572/click - {}
RESULT: {}
COMMAND: GET /session/e75b3d5d2d0828505fb80b5e18bd174b/screenshot - {}
RESULT: {}
COMMAND: POST /session/e75b3d5d2d0828505fb80b5e18bd174b/element - {"using":"xpath","value":"(//span[contains(@id, \"-application-manageresources-display-component---newResourceUnit--RUTimeSegment-0-arrow\")])[6]"}
RESULT: {"using":"xpath","value":"(//span[contains(@id, \"-application-manageresources-display-component---newResourceUnit--RUTimeSegment-0-arrow\")])[6]"}
COMMAND: POST /session/e75b3d5d2d0828505fb80b5e18bd174b/element/f.3CC06888A91A2B87598FBDB561306D63.d.98CAD48FCA2EA38A1C6573796932A935.e.15573/click - {}
RESULT: {}
COMMAND: GET /session/e75b3d5d2d0828505fb80b5e18bd174b/screenshot - {}
RESULT: {}
COMMAND: POST /session/e75b3d5d2d0828505fb80b5e18bd174b/element - {"using":"xpath","value":"//span[contains(text(), \"PM Order\")]"}
RESULT: {"using":"xpath","value":"//span[contains(text(), \"PM Order\")]"}
COMMAND: POST /session/e75b3d5d2d0828505fb80b5e18bd174b/element/f.3CC06888A91A2B87598FBDB561306D63.d.98CAD48FCA2EA38A1C6573796932A935.e.15576/click - {}
RESULT: {}
COMMAND: GET /session/e75b3d5d2d0828505fb80b5e18bd174b/screenshot - {}
RESULT: {}
COMMAND: POST /session/e75b3d5d2d0828505fb80b5e18bd174b/element - {"using":"xpath","value":"(//span[contains(@id ,\"manageresources-display-component---newResourceUnit--RUTimeSegment-0-vhi\")])[1]"}
RESULT: {"using":"xpath","value":"(//span[contains(@id ,\"manageresources-display-component---newResourceUnit--RUTimeSegment-0-vhi\")])[1]"}
COMMAND: GET /session/e75b3d5d2d0828505fb80b5e18bd174b/element/f.3CC06888A91A2B87598FBDB561306D63.d.98CAD48FCA2EA38A1C6573796932A935.e.15580/rect - {}
RESULT: {}
COMMAND: GET /session/e75b3d5d2d0828505fb80b5e18bd174b/window/rect - {}
RESULT: {}
COMMAND: POST /session/e75b3d5d2d0828505fb80b5e18bd174b/execute/sync - {"script":"<script> [92 bytes]","args":[]}
RESULT: {"script":"<script> [92 bytes]","args":[]}
COMMAND: POST /session/e75b3d5d2d0828505fb80b5e18bd174b/actions - {"actions":[{"id":"action53","type":"wheel","parameters":{},"actions":[{"type":"scroll","x":-869,"y":-24,"deltaX":0,"deltaY":0,"duration":0,"origin":{"element-6066-11e4-a52e-4f735466cecf":"f.3CC06888A91A2B87598FBDB561306D63.d.98CAD48FCA2EA38A1C6573796932A935.e.15580"}}]}]}
COMMAND: GET /session/e75b3d5d2d0828505fb80b5e18bd174b/screenshot - {}
RESULT: {"actions":[{"id":"action53","type":"wheel","parameters":{},"actions":[{"type":"scroll","x":-869,"y":-24,"deltaX":0,"deltaY":0,"duration":0,"origin":{"element-6066-11e4-a52e-4f735466cecf":"f.3CC06888A91A2B87598FBDB561306D63.d.98CAD48FCA2EA38A1C6573796932A935.e.15580"}}]}]}
COMMAND: DELETE /session/e75b3d5d2d0828505fb80b5e18bd174b/actions - {}
COMMAND: GET /session/e75b3d5d2d0828505fb80b5e18bd174b/screenshot - {}
RESULT: {}
RESULT: {}
COMMAND: GET /session/e75b3d5d2d0828505fb80b5e18bd174b/screenshot - {}
RESULT: {}
RESULT: {}
COMMAND: POST /session/e75b3d5d2d0828505fb80b5e18bd174b/element/f.3CC06888A91A2B87598FBDB561306D63.d.98CAD48FCA2EA38A1C6573796932A935.e.15580/click - {}
RESULT: {}
COMMAND: GET /session/e75b3d5d2d0828505fb80b5e18bd174b/screenshot - {}
RESULT: {}
COMMAND: POST /session/e75b3d5d2d0828505fb80b5e18bd174b/execute/async - {"script":"<script> [1562 bytes]","args":[{"selector":{"controlType":"sap.m.SearchField","properties":{"placeholder":"Search"},"searchOpenDialogs":true,"interaction":{"idSuffix":"I"}},"wdio_ui5_key":"sapm.SearchField{\"placeholder\":\"Search\"}"}]}
RESULT: {"script":"<script> [1562 bytes]","args":[{"selector":{"controlType":"sap.m.SearchField","properties":{"placeholder":"Search"},"searchOpenDialogs":true,"interaction":{"idSuffix":"I"}},"wdio_ui5_key":"sapm.SearchField{\"placeholder\":\"Search\"}"}]}
RESULT: undefined
COMMAND: POST /session/e75b3d5d2d0828505fb80b5e18bd174b/execute/async - {"script":"<script> [776 bytes]","args":[{"enterText":"4000360","selector":{"controlType":"sap.m.SearchField","properties":{"placeholder":"Search"},"searchOpenDialogs":true,"interaction":{"idSuffix":"I"}},"clearTextFirst":true,"interactionType":"ENTER_TEXT"}]}
RESULT: {"script":"<script> [776 bytes]","args":[{"enterText":"4000360","selector":{"controlType":"sap.m.SearchField","properties":{"placeholder":"Search"},"searchOpenDialogs":true,"interaction":{"idSuffix":"I"}},"clearTextFirst":true,"interactionType":"ENTER_TEXT"}]}
COMMAND: POST /session/e75b3d5d2d0828505fb80b5e18bd174b/actions - {"actions":[{"id":"action54","type":"key","parameters":{},"actions":[{"type":"keyDown","value":"î€‡"},{"type":"pause","duration":10},{"type":"keyUp","value":"î€‡"}]}]}
RESULT: {"actions":[{"id":"action54","type":"key","parameters":{},"actions":[{"type":"keyDown","value":"î€‡"},{"type":"pause","duration":10},{"type":"keyUp","value":"î€‡"}]}]}
COMMAND: GET /session/e75b3d5d2d0828505fb80b5e18bd174b/screenshot - {}
RESULT: {}
COMMAND: POST /session/e75b3d5d2d0828505fb80b5e18bd174b/element - {"using":"xpath","value":"//td/div/span[contains(text(), \"BGL Vehicles\")]"}
RESULT: {"using":"xpath","value":"//td/div/span[contains(text(), \"BGL Vehicles\")]"}
COMMAND: POST /session/e75b3d5d2d0828505fb80b5e18bd174b/element/f.3CC06888A91A2B87598FBDB561306D63.d.98CAD48FCA2EA38A1C6573796932A935.e.15602/click - {}
RESULT: {}
COMMAND: GET /session/e75b3d5d2d0828505fb80b5e18bd174b/screenshot - {}
RESULT: {}
COMMAND: POST /session/e75b3d5d2d0828505fb80b5e18bd174b/element - {"using":"xpath","value":"//bdi[contains(text(), \"OK\")]"}
RESULT: {"using":"xpath","value":"//bdi[contains(text(), \"OK\")]"}
COMMAND: POST /session/e75b3d5d2d0828505fb80b5e18bd174b/element/f.3CC06888A91A2B87598FBDB561306D63.d.98CAD48FCA2EA38A1C6573796932A935.e.15603/click - {}
RESULT: {}
COMMAND: GET /session/e75b3d5d2d0828505fb80b5e18bd174b/screenshot - {}
RESULT: {}
COMMAND: POST /session/e75b3d5d2d0828505fb80b5e18bd174b/execute/async - {"script":"<script> [1562 bytes]","args":[{"selector":{"id":"application-manageresources-display-component---newResourceUnit--newRRUPage-anchBar-application-manageresources-display-component---newResourceUnit--resource-anchor","interaction":{"idSuffix":"BDI-content"}},"wdio_ui5_key":"applicationmanageresources-display-component---newResourceUnit--newRRUPage-anchBar-application-manageresources-display-component---newResourceUnit--resource-anchor"}]}
RESULT: {"script":"<script> [1562 bytes]","args":[{"selector":{"id":"application-manageresources-display-component---newResourceUnit--newRRUPage-anchBar-application-manageresources-display-component---newResourceUnit--resource-anchor","interaction":{"idSuffix":"BDI-content"}},"wdio_ui5_key":"applicationmanageresources-display-component---newResourceUnit--newRRUPage-anchBar-application-manageresources-display-component---newResourceUnit--resource-anchor"}]}
RESULT: undefined
COMMAND: POST /session/e75b3d5d2d0828505fb80b5e18bd174b/element - {"using":"xpath","value":"//*[@id=\"application-manageresources-display-component---newResourceUnit--newRRUPage-anchBar-application-manageresources-display-component---newResourceUnit--resource-anchor\"]"}
RESULT: {"using":"xpath","value":"//*[@id=\"application-manageresources-display-component---newResourceUnit--newRRUPage-anchBar-application-manageresources-display-component---newResourceUnit--resource-anchor\"]"}
COMMAND: POST /session/e75b3d5d2d0828505fb80b5e18bd174b/element/f.3CC06888A91A2B87598FBDB561306D63.d.98CAD48FCA2EA38A1C6573796932A935.e.15607/click - {}
RESULT: {}
COMMAND: POST /session/e75b3d5d2d0828505fb80b5e18bd174b/execute/async - {"script":"<script> [1562 bytes]","args":[{"selector":{"id":"application-manageresources-display-component---newResourceUnit--PLANNED_DELIVERY_DATE","interaction":{"idSuffix":"inner"}},"wdio_ui5_key":"applicationmanageresources-display-component---newResourceUnit--PLANNED_DELIVERY_DATE"}]}
COMMAND: GET /session/e75b3d5d2d0828505fb80b5e18bd174b/screenshot - {}
RESULT: {"script":"<script> [1562 bytes]","args":[{"selector":{"id":"application-manageresources-display-component---newResourceUnit--PLANNED_DELIVERY_DATE","interaction":{"idSuffix":"inner"}},"wdio_ui5_key":"applicationmanageresources-display-component---newResourceUnit--PLANNED_DELIVERY_DATE"}]}
RESULT: undefined
COMMAND: POST /session/e75b3d5d2d0828505fb80b5e18bd174b/execute/async - {"script":"<script> [6424 bytes]","args":[{"element-6066-11e4-a52e-4f735466cecf":"f.3CC06888A91A2B87598FBDB561306D63.d.98CAD48FCA2EA38A1C6573796932A935.e.15468"},"setValue",["5/19/25"]]}
RESULT: {}
RESULT: {"script":"<script> [6424 bytes]","args":[{"element-6066-11e4-a52e-4f735466cecf":"f.3CC06888A91A2B87598FBDB561306D63.d.98CAD48FCA2EA38A1C6573796932A935.e.15468"},"setValue",["5/19/25"]]}
COMMAND: POST /session/e75b3d5d2d0828505fb80b5e18bd174b/element - {"using":"xpath","value":"//label[contains(@class, 'sapMLabelRequired') and .//bdi[contains(text(), 'Planned Retirement')]]"}
RESULT: {"using":"xpath","value":"//label[contains(@class, 'sapMLabelRequired') and .//bdi[contains(text(), 'Planned Retirement')]]"}
COMMAND: POST /session/e75b3d5d2d0828505fb80b5e18bd174b/elements - {"using":"xpath","value":"//label[contains(@class, 'sapMLabelRequired') and .//bdi[contains(text(), 'Planned Retirement')]]"}
RESULT: {"using":"xpath","value":"//label[contains(@class, 'sapMLabelRequired') and .//bdi[contains(text(), 'Planned Retirement')]]"}
COMMAND: POST /session/e75b3d5d2d0828505fb80b5e18bd174b/element - {"using":"xpath","value":"//button[@data-kt=\"resourceUnitSaveButton\"]"}
RESULT: {"using":"xpath","value":"//button[@data-kt=\"resourceUnitSaveButton\"]"}
COMMAND: POST /session/e75b3d5d2d0828505fb80b5e18bd174b/element/f.3CC06888A91A2B87598FBDB561306D63.d.98CAD48FCA2EA38A1C6573796932A935.e.15429/click - {}
RESULT: {}
COMMAND: GET /session/e75b3d5d2d0828505fb80b5e18bd174b/screenshot - {}
RESULT: {}
COMMAND: POST /session/e75b3d5d2d0828505fb80b5e18bd174b/element - {"using":"xpath","value":"//bdi[contains(text(), \"Close\")]"}
RESULT: {"using":"xpath","value":"//bdi[contains(text(), \"Close\")]"}
COMMAND: POST /session/e75b3d5d2d0828505fb80b5e18bd174b/element/f.3CC06888A91A2B87598FBDB561306D63.d.98CAD48FCA2EA38A1C6573796932A935.e.15615/click - {}
RESULT: {}
COMMAND: GET /session/e75b3d5d2d0828505fb80b5e18bd174b/screenshot - {}
RESULT: {}
COMMAND: POST /session/e75b3d5d2d0828505fb80b5e18bd174b/element - {"using":"xpath","value":"(//button[contains(@id ,\"actionsToolbar-overflowButton\")])[1]"}
RESULT: {"using":"xpath","value":"(//button[contains(@id ,\"actionsToolbar-overflowButton\")])[1]"}
COMMAND: POST /session/e75b3d5d2d0828505fb80b5e18bd174b/element/f.3CC06888A91A2B87598FBDB561306D63.d.98CAD48FCA2EA38A1C6573796932A935.e.15669/click - {}
RESULT: {}
COMMAND: GET /session/e75b3d5d2d0828505fb80b5e18bd174b/screenshot - {}
RESULT: {}
COMMAND: POST /session/e75b3d5d2d0828505fb80b5e18bd174b/element - {"using":"xpath","value":"//button[@data-kt=\"priceInfoButton\"]"}
RESULT: {"using":"xpath","value":"//button[@data-kt=\"priceInfoButton\"]"}
COMMAND: POST /session/e75b3d5d2d0828505fb80b5e18bd174b/element/f.3CC06888A91A2B87598FBDB561306D63.d.98CAD48FCA2EA38A1C6573796932A935.e.15671/click - {}
RESULT: {}
COMMAND: GET /session/e75b3d5d2d0828505fb80b5e18bd174b/screenshot - {}
RESULT: {}
]]></system-out>
    </testcase>
    <testcase classname="chrome.136_0_7103_93.windows.Performance_based_billing_(work_days)_US139742" name="Should create a pricing rule perf based on the equipment" time="49.626">
      <system-out><![CDATA[
COMMAND: POST /session/e75b3d5d2d0828505fb80b5e18bd174b/element - {"using":"xpath","value":"//button[@data-kt=\"addButton\"]"}
RESULT: {"using":"xpath","value":"//button[@data-kt=\"addButton\"]"}
COMMAND: POST /session/e75b3d5d2d0828505fb80b5e18bd174b/elements - {"using":"xpath","value":"//button[@data-kt=\"addButton\"]"}
RESULT: {"using":"xpath","value":"//button[@data-kt=\"addButton\"]"}
COMMAND: POST /session/e75b3d5d2d0828505fb80b5e18bd174b/elements - {"using":"xpath","value":"//button[@data-kt=\"addButton\"]"}
RESULT: {"using":"xpath","value":"//button[@data-kt=\"addButton\"]"}
COMMAND: POST /session/e75b3d5d2d0828505fb80b5e18bd174b/element - {"using":"xpath","value":"//button[@data-kt=\"addButton\"]"}
RESULT: {"using":"xpath","value":"//button[@data-kt=\"addButton\"]"}
COMMAND: POST /session/e75b3d5d2d0828505fb80b5e18bd174b/execute/sync - {"script":"<script> [8489 bytes]","args":[{"element-6066-11e4-a52e-4f735466cecf":"f.3CC06888A91A2B87598FBDB561306D63.d.98CAD48FCA2EA38A1C6573796932A935.e.15707","ELEMENT":"f.3CC06888A91A2B87598FBDB561306D63.d.98CAD48FCA2EA38A1C6573796932A935.e.15707"}]}
RESULT: {"script":"<script> [8489 bytes]","args":[{"element-6066-11e4-a52e-4f735466cecf":"f.3CC06888A91A2B87598FBDB561306D63.d.98CAD48FCA2EA38A1C6573796932A935.e.15707","ELEMENT":"f.3CC06888A91A2B87598FBDB561306D63.d.98CAD48FCA2EA38A1C6573796932A935.e.15707"}]}
COMMAND: GET /session/e75b3d5d2d0828505fb80b5e18bd174b/element/f.3CC06888A91A2B87598FBDB561306D63.d.98CAD48FCA2EA38A1C6573796932A935.e.15707/enabled - {}
COMMAND: GET /session/e75b3d5d2d0828505fb80b5e18bd174b/screenshot - {}
RESULT: {}
COMMAND: POST /session/e75b3d5d2d0828505fb80b5e18bd174b/execute/sync - {"script":"<script> [8489 bytes]","args":[{"element-6066-11e4-a52e-4f735466cecf":"f.3CC06888A91A2B87598FBDB561306D63.d.98CAD48FCA2EA38A1C6573796932A935.e.15707","ELEMENT":"f.3CC06888A91A2B87598FBDB561306D63.d.98CAD48FCA2EA38A1C6573796932A935.e.15707"}]}
COMMAND: GET /session/e75b3d5d2d0828505fb80b5e18bd174b/screenshot - {}
RESULT: {}
RESULT: {"script":"<script> [8489 bytes]","args":[{"element-6066-11e4-a52e-4f735466cecf":"f.3CC06888A91A2B87598FBDB561306D63.d.98CAD48FCA2EA38A1C6573796932A935.e.15707","ELEMENT":"f.3CC06888A91A2B87598FBDB561306D63.d.98CAD48FCA2EA38A1C6573796932A935.e.15707"}]}
COMMAND: POST /session/e75b3d5d2d0828505fb80b5e18bd174b/execute/sync - {"script":"<script> [5351 bytes]","args":[{"element-6066-11e4-a52e-4f735466cecf":"f.3CC06888A91A2B87598FBDB561306D63.d.98CAD48FCA2EA38A1C6573796932A935.e.15707","ELEMENT":"f.3CC06888A91A2B87598FBDB561306D63.d.98CAD48FCA2EA38A1C6573796932A935.e.15707"}]}
COMMAND: GET /session/e75b3d5d2d0828505fb80b5e18bd174b/screenshot - {}
RESULT: {}
RESULT: {"script":"<script> [5351 bytes]","args":[{"element-6066-11e4-a52e-4f735466cecf":"f.3CC06888A91A2B87598FBDB561306D63.d.98CAD48FCA2EA38A1C6573796932A935.e.15707","ELEMENT":"f.3CC06888A91A2B87598FBDB561306D63.d.98CAD48FCA2EA38A1C6573796932A935.e.15707"}]}
COMMAND: POST /session/e75b3d5d2d0828505fb80b5e18bd174b/element/f.3CC06888A91A2B87598FBDB561306D63.d.98CAD48FCA2EA38A1C6573796932A935.e.15707/click - {}
COMMAND: GET /session/e75b3d5d2d0828505fb80b5e18bd174b/screenshot - {}
RESULT: {}
RESULT: {}
COMMAND: GET /session/e75b3d5d2d0828505fb80b5e18bd174b/screenshot - {}
RESULT: {}
RESULT: {}
COMMAND: POST /session/e75b3d5d2d0828505fb80b5e18bd174b/execute/async - {"script":"<script> [1562 bytes]","args":[{"selector":{"controlType":"sap.m.Title","viewName":"etm.portal.ui.managepricingrules.view.NewItem","viewId":"application-managepricingrules-display-component---newInfoPriceItem","properties":{"text":"New Pricing Rules - Item Level"}},"wdio_ui5_key":"etmportal.ui.managepricingrules.view.NewItemsap.m.Title{\"text\":\"New Pricing Rules - Item Level\"}"}]}
RESULT: {"script":"<script> [1562 bytes]","args":[{"selector":{"controlType":"sap.m.Title","viewName":"etm.portal.ui.managepricingrules.view.NewItem","viewId":"application-managepricingrules-display-component---newInfoPriceItem","properties":{"text":"New Pricing Rules - Item Level"}},"wdio_ui5_key":"etmportal.ui.managepricingrules.view.NewItemsap.m.Title{\"text\":\"New Pricing Rules - Item Level\"}"}]}
RESULT: undefined
COMMAND: POST /session/e75b3d5d2d0828505fb80b5e18bd174b/execute/async - {"script":"<script> [6424 bytes]","args":[{"element-6066-11e4-a52e-4f735466cecf":"f.3CC06888A91A2B87598FBDB561306D63.d.98CAD48FCA2EA38A1C6573796932A935.e.15877"},"getText",[]]}
RESULT: {"script":"<script> [6424 bytes]","args":[{"element-6066-11e4-a52e-4f735466cecf":"f.3CC06888A91A2B87598FBDB561306D63.d.98CAD48FCA2EA38A1C6573796932A935.e.15877"},"getText",[]]}
COMMAND: POST /session/e75b3d5d2d0828505fb80b5e18bd174b/execute/async - {"script":"<script> [1562 bytes]","args":[{"selector":{"id":"application-managepricingrules-display-component---newInfoPriceItem--condValidTo","interaction":{"idSuffix":"inner"}},"wdio_ui5_key":"applicationmanagepricingrules-display-component---newInfoPriceItem--condValidTo"}]}
RESULT: {"script":"<script> [1562 bytes]","args":[{"selector":{"id":"application-managepricingrules-display-component---newInfoPriceItem--condValidTo","interaction":{"idSuffix":"inner"}},"wdio_ui5_key":"applicationmanagepricingrules-display-component---newInfoPriceItem--condValidTo"}]}
RESULT: undefined
COMMAND: POST /session/e75b3d5d2d0828505fb80b5e18bd174b/execute/async - {"script":"<script> [776 bytes]","args":[{"enterText":"1/19/26","selector":{"id":"application-managepricingrules-display-component---newInfoPriceItem--condValidTo","interaction":{"idSuffix":"inner"}},"clearTextFirst":true,"interactionType":"ENTER_TEXT"}]}
RESULT: {"script":"<script> [776 bytes]","args":[{"enterText":"1/19/26","selector":{"id":"application-managepricingrules-display-component---newInfoPriceItem--condValidTo","interaction":{"idSuffix":"inner"}},"clearTextFirst":true,"interactionType":"ENTER_TEXT"}]}
COMMAND: POST /session/e75b3d5d2d0828505fb80b5e18bd174b/execute/async - {"script":"<script> [1562 bytes]","args":[{"selector":{"id":"application-managepricingrules-display-component---newInfoPriceItem--billType-arrow"},"wdio_ui5_key":"applicationmanagepricingrules-display-component---newInfoPriceItem--billType-arrow"}]}
RESULT: {"script":"<script> [1562 bytes]","args":[{"selector":{"id":"application-managepricingrules-display-component---newInfoPriceItem--billType-arrow"},"wdio_ui5_key":"applicationmanagepricingrules-display-component---newInfoPriceItem--billType-arrow"}]}
RESULT: undefined
COMMAND: POST /session/e75b3d5d2d0828505fb80b5e18bd174b/element - {"using":"xpath","value":"//*[@id=\"application-managepricingrules-display-component---newInfoPriceItem--billType-arrow\"]"}
RESULT: {"using":"xpath","value":"//*[@id=\"application-managepricingrules-display-component---newInfoPriceItem--billType-arrow\"]"}
COMMAND: POST /session/e75b3d5d2d0828505fb80b5e18bd174b/element/f.3CC06888A91A2B87598FBDB561306D63.d.98CAD48FCA2EA38A1C6573796932A935.e.15837/click - {}
RESULT: {}
COMMAND: POST /session/e75b3d5d2d0828505fb80b5e18bd174b/element - {"using":"xpath","value":"//span[contains(text(), \"PB - Performance based\")]"}
COMMAND: GET /session/e75b3d5d2d0828505fb80b5e18bd174b/screenshot - {}
RESULT: {"using":"xpath","value":"//span[contains(text(), \"PB - Performance based\")]"}
COMMAND: POST /session/e75b3d5d2d0828505fb80b5e18bd174b/element/f.3CC06888A91A2B87598FBDB561306D63.d.98CAD48FCA2EA38A1C6573796932A935.e.15879/click - {}
RESULT: {}
RESULT: {}
COMMAND: POST /session/e75b3d5d2d0828505fb80b5e18bd174b/execute/async - {"script":"<script> [1562 bytes]","args":[{"selector":{"id":"application-managepricingrules-display-component---newInfoPriceItem--priceProc-arrow"},"wdio_ui5_key":"applicationmanagepricingrules-display-component---newInfoPriceItem--priceProc-arrow"}]}
COMMAND: GET /session/e75b3d5d2d0828505fb80b5e18bd174b/screenshot - {}
RESULT: {"script":"<script> [1562 bytes]","args":[{"selector":{"id":"application-managepricingrules-display-component---newInfoPriceItem--priceProc-arrow"},"wdio_ui5_key":"applicationmanagepricingrules-display-component---newInfoPriceItem--priceProc-arrow"}]}
RESULT: undefined
COMMAND: POST /session/e75b3d5d2d0828505fb80b5e18bd174b/element - {"using":"xpath","value":"//*[@id=\"application-managepricingrules-display-component---newInfoPriceItem--priceProc-arrow\"]"}
RESULT: {}
RESULT: {"using":"xpath","value":"//*[@id=\"application-managepricingrules-display-component---newInfoPriceItem--priceProc-arrow\"]"}
COMMAND: POST /session/e75b3d5d2d0828505fb80b5e18bd174b/element/f.3CC06888A91A2B87598FBDB561306D63.d.98CAD48FCA2EA38A1C6573796932A935.e.15844/click - {}
RESULT: {}
COMMAND: POST /session/e75b3d5d2d0828505fb80b5e18bd174b/element - {"using":"xpath","value":"//span[contains(text(), \"PRF - Performance based\")]"}
COMMAND: GET /session/e75b3d5d2d0828505fb80b5e18bd174b/screenshot - {}
RESULT: {"using":"xpath","value":"//span[contains(text(), \"PRF - Performance based\")]"}
COMMAND: POST /session/e75b3d5d2d0828505fb80b5e18bd174b/element/f.3CC06888A91A2B87598FBDB561306D63.d.98CAD48FCA2EA38A1C6573796932A935.e.15880/click - {}
RESULT: {}
RESULT: {}
COMMAND: POST /session/e75b3d5d2d0828505fb80b5e18bd174b/execute/async - {"script":"<script> [1562 bytes]","args":[{"selector":{"id":"application-managepricingrules-display-component---newInfoPriceItem--calcBase-arrow"},"wdio_ui5_key":"applicationmanagepricingrules-display-component---newInfoPriceItem--calcBase-arrow"}]}
COMMAND: GET /session/e75b3d5d2d0828505fb80b5e18bd174b/screenshot - {}
RESULT: {"script":"<script> [1562 bytes]","args":[{"selector":{"id":"application-managepricingrules-display-component---newInfoPriceItem--calcBase-arrow"},"wdio_ui5_key":"applicationmanagepricingrules-display-component---newInfoPriceItem--calcBase-arrow"}]}
RESULT: undefined
COMMAND: POST /session/e75b3d5d2d0828505fb80b5e18bd174b/element - {"using":"xpath","value":"//*[@id=\"application-managepricingrules-display-component---newInfoPriceItem--calcBase-arrow\"]"}
RESULT: {}
RESULT: {"using":"xpath","value":"//*[@id=\"application-managepricingrules-display-component---newInfoPriceItem--calcBase-arrow\"]"}
COMMAND: POST /session/e75b3d5d2d0828505fb80b5e18bd174b/element/f.3CC06888A91A2B87598FBDB561306D63.d.98CAD48FCA2EA38A1C6573796932A935.e.15851/click - {}
RESULT: {}
COMMAND: GET /session/e75b3d5d2d0828505fb80b5e18bd174b/screenshot - {}
RESULT: {}
COMMAND: POST /session/e75b3d5d2d0828505fb80b5e18bd174b/element - {"using":"xpath","value":"//span[contains(text(), \"0007 - PB(work days)\")]"}
RESULT: {"using":"xpath","value":"//span[contains(text(), \"0007 - PB(work days)\")]"}
COMMAND: POST /session/e75b3d5d2d0828505fb80b5e18bd174b/element/f.3CC06888A91A2B87598FBDB561306D63.d.98CAD48FCA2EA38A1C6573796932A935.e.15881/click - {}
RESULT: {}
COMMAND: GET /session/e75b3d5d2d0828505fb80b5e18bd174b/screenshot - {}
RESULT: {}
COMMAND: POST /session/e75b3d5d2d0828505fb80b5e18bd174b/execute/async - {"script":"<script> [1562 bytes]","args":[{"selector":{"id":"application-managepricingrules-display-component---newInfoPriceItem--hoursMonth","interaction":{"idSuffix":"inner"}},"wdio_ui5_key":"applicationmanagepricingrules-display-component---newInfoPriceItem--hoursMonth"}]}
RESULT: {"script":"<script> [1562 bytes]","args":[{"selector":{"id":"application-managepricingrules-display-component---newInfoPriceItem--hoursMonth","interaction":{"idSuffix":"inner"}},"wdio_ui5_key":"applicationmanagepricingrules-display-component---newInfoPriceItem--hoursMonth"}]}
RESULT: undefined
COMMAND: POST /session/e75b3d5d2d0828505fb80b5e18bd174b/execute/async - {"script":"<script> [776 bytes]","args":[{"enterText":"160","selector":{"id":"application-managepricingrules-display-component---newInfoPriceItem--hoursMonth","interaction":{"idSuffix":"inner"}},"clearTextFirst":true,"interactionType":"ENTER_TEXT"}]}
RESULT: {"script":"<script> [776 bytes]","args":[{"enterText":"160","selector":{"id":"application-managepricingrules-display-component---newInfoPriceItem--hoursMonth","interaction":{"idSuffix":"inner"}},"clearTextFirst":true,"interactionType":"ENTER_TEXT"}]}
COMMAND: POST /session/e75b3d5d2d0828505fb80b5e18bd174b/element - {"using":"xpath","value":"//button[@data-kt=\"saveNewRuleButton\"]"}
RESULT: {"using":"xpath","value":"//button[@data-kt=\"saveNewRuleButton\"]"}
COMMAND: POST /session/e75b3d5d2d0828505fb80b5e18bd174b/element/f.3CC06888A91A2B87598FBDB561306D63.d.98CAD48FCA2EA38A1C6573796932A935.e.15871/click - {}
RESULT: {}
COMMAND: GET /session/e75b3d5d2d0828505fb80b5e18bd174b/screenshot - {}
RESULT: {}
COMMAND: POST /session/e75b3d5d2d0828505fb80b5e18bd174b/execute/async - {"script":"<script> [1562 bytes]","args":[{"selector":{"id":"application-managepricingrules-display-component---priceInfoItem--smartFilterBar-btnBasicSearch","interaction":{"idSuffix":"I"}},"wdio_ui5_key":"applicationmanagepricingrules-display-component---priceInfoItem--smartFilterBar-btnBasicSearch"}]}
RESULT: {"script":"<script> [1562 bytes]","args":[{"selector":{"id":"application-managepricingrules-display-component---priceInfoItem--smartFilterBar-btnBasicSearch","interaction":{"idSuffix":"I"}},"wdio_ui5_key":"applicationmanagepricingrules-display-component---priceInfoItem--smartFilterBar-btnBasicSearch"}]}
RESULT: undefined
COMMAND: POST /session/e75b3d5d2d0828505fb80b5e18bd174b/execute/async - {"script":"<script> [776 bytes]","args":[{"enterText":"6uAft6UvnJ","selector":{"id":"application-managepricingrules-display-component---priceInfoItem--smartFilterBar-btnBasicSearch","interaction":{"idSuffix":"I"}},"clearTextFirst":true,"interactionType":"ENTER_TEXT"}]}
RESULT: {"script":"<script> [776 bytes]","args":[{"enterText":"6uAft6UvnJ","selector":{"id":"application-managepricingrules-display-component---priceInfoItem--smartFilterBar-btnBasicSearch","interaction":{"idSuffix":"I"}},"clearTextFirst":true,"interactionType":"ENTER_TEXT"}]}
COMMAND: POST /session/e75b3d5d2d0828505fb80b5e18bd174b/actions - {"actions":[{"id":"action55","type":"key","parameters":{},"actions":[{"type":"keyDown","value":"î€‡"},{"type":"pause","duration":10},{"type":"keyUp","value":"î€‡"}]}]}
RESULT: {"actions":[{"id":"action55","type":"key","parameters":{},"actions":[{"type":"keyDown","value":"î€‡"},{"type":"pause","duration":10},{"type":"keyUp","value":"î€‡"}]}]}
COMMAND: GET /session/e75b3d5d2d0828505fb80b5e18bd174b/screenshot - {}
RESULT: {}
COMMAND: POST /session/e75b3d5d2d0828505fb80b5e18bd174b/element - {"using":"xpath","value":"//span[@id=\"application-managepricingrules-display-component---priceInfoItem--smartTable-header-inner\"]"}
RESULT: {"using":"xpath","value":"//span[@id=\"application-managepricingrules-display-component---priceInfoItem--smartTable-header-inner\"]"}
COMMAND: POST /session/e75b3d5d2d0828505fb80b5e18bd174b/elements - {"using":"xpath","value":"//span[@id=\"application-managepricingrules-display-component---priceInfoItem--smartTable-header-inner\"]"}
RESULT: {"using":"xpath","value":"//span[@id=\"application-managepricingrules-display-component---priceInfoItem--smartTable-header-inner\"]"}
COMMAND: POST /session/e75b3d5d2d0828505fb80b5e18bd174b/execute/sync - {"script":"<script> [56 bytes]","args":[{"element-6066-11e4-a52e-4f735466cecf":"f.3CC06888A91A2B87598FBDB561306D63.d.98CAD48FCA2EA38A1C6573796932A935.e.15906","ELEMENT":"f.3CC06888A91A2B87598FBDB561306D63.d.98CAD48FCA2EA38A1C6573796932A935.e.15906"}]}
RESULT: {"script":"<script> [56 bytes]","args":[{"element-6066-11e4-a52e-4f735466cecf":"f.3CC06888A91A2B87598FBDB561306D63.d.98CAD48FCA2EA38A1C6573796932A935.e.15906","ELEMENT":"f.3CC06888A91A2B87598FBDB561306D63.d.98CAD48FCA2EA38A1C6573796932A935.e.15906"}]}
COMMAND: POST /session/e75b3d5d2d0828505fb80b5e18bd174b/element - {"using":"css selector","value":"#shell-header-logo"}
COMMAND: GET /session/e75b3d5d2d0828505fb80b5e18bd174b/screenshot - {}
RESULT: {"using":"css selector","value":"#shell-header-logo"}
COMMAND: POST /session/e75b3d5d2d0828505fb80b5e18bd174b/element/f.3CC06888A91A2B87598FBDB561306D63.d.98CAD48FCA2EA38A1C6573796932A935.e.15011/click - {}
RESULT: {}
RESULT: {}
COMMAND: GET /session/e75b3d5d2d0828505fb80b5e18bd174b/screenshot - {}
RESULT: {}
]]></system-out>
    </testcase>
    <testcase classname="chrome.136_0_7103_93.windows.Performance_based_billing_(work_days)_US139742" name="Should create a performance based billing condition on the equipment" time="64.107">
      <system-out><![CDATA[
COMMAND: POST /session/e75b3d5d2d0828505fb80b5e18bd174b/execute/async - {"script":"<script> [1562 bytes]","args":[{"selector":{"controlType":"sap.m.GenericTile","properties":{"header":"Manage Conditions & Prices"}},"wdio_ui5_key":"sapm.GenericTile{\"header\":\"Manage Conditions & Prices\"}"}]}
RESULT: {"script":"<script> [1562 bytes]","args":[{"selector":{"controlType":"sap.m.GenericTile","properties":{"header":"Manage Conditions & Prices"}},"wdio_ui5_key":"sapm.GenericTile{\"header\":\"Manage Conditions & Prices\"}"}]}
RESULT: undefined
COMMAND: POST /session/e75b3d5d2d0828505fb80b5e18bd174b/element - {"using":"xpath","value":"//*[@id=\"__tile53\"]"}
RESULT: {"using":"xpath","value":"//*[@id=\"__tile53\"]"}
COMMAND: POST /session/e75b3d5d2d0828505fb80b5e18bd174b/element/f.3CC06888A91A2B87598FBDB561306D63.d.98CAD48FCA2EA38A1C6573796932A935.e.14946/click - {}
RESULT: {}
COMMAND: GET /session/e75b3d5d2d0828505fb80b5e18bd174b/screenshot - {}
RESULT: {}
COMMAND: POST /session/e75b3d5d2d0828505fb80b5e18bd174b/elements - {"using":"xpath","value":"//span[text()='Error']"}
RESULT: {"using":"xpath","value":"//span[text()='Error']"}
COMMAND: POST /session/e75b3d5d2d0828505fb80b5e18bd174b/element - {"using":"xpath","value":"//button[@aria-label=\"Create\"]"}
RESULT: {"using":"xpath","value":"//button[@aria-label=\"Create\"]"}
COMMAND: POST /session/e75b3d5d2d0828505fb80b5e18bd174b/elements - {"using":"xpath","value":"//button[@aria-label=\"Create\"]"}
RESULT: {"using":"xpath","value":"//button[@aria-label=\"Create\"]"}
COMMAND: POST /session/e75b3d5d2d0828505fb80b5e18bd174b/execute/sync - {"script":"<script> [8489 bytes]","args":[{"element-6066-11e4-a52e-4f735466cecf":"f.3CC06888A91A2B87598FBDB561306D63.d.98CAD48FCA2EA38A1C6573796932A935.e.15941","ELEMENT":"f.3CC06888A91A2B87598FBDB561306D63.d.98CAD48FCA2EA38A1C6573796932A935.e.15941"}]}
RESULT: {"script":"<script> [8489 bytes]","args":[{"element-6066-11e4-a52e-4f735466cecf":"f.3CC06888A91A2B87598FBDB561306D63.d.98CAD48FCA2EA38A1C6573796932A935.e.15941","ELEMENT":"f.3CC06888A91A2B87598FBDB561306D63.d.98CAD48FCA2EA38A1C6573796932A935.e.15941"}]}
COMMAND: GET /session/e75b3d5d2d0828505fb80b5e18bd174b/element/f.3CC06888A91A2B87598FBDB561306D63.d.98CAD48FCA2EA38A1C6573796932A935.e.15941/enabled - {}
COMMAND: GET /session/e75b3d5d2d0828505fb80b5e18bd174b/screenshot - {}
RESULT: {}
COMMAND: POST /session/e75b3d5d2d0828505fb80b5e18bd174b/execute/sync - {"script":"<script> [8489 bytes]","args":[{"element-6066-11e4-a52e-4f735466cecf":"f.3CC06888A91A2B87598FBDB561306D63.d.98CAD48FCA2EA38A1C6573796932A935.e.15941","ELEMENT":"f.3CC06888A91A2B87598FBDB561306D63.d.98CAD48FCA2EA38A1C6573796932A935.e.15941"}]}
COMMAND: GET /session/e75b3d5d2d0828505fb80b5e18bd174b/screenshot - {}
RESULT: {}
RESULT: {"script":"<script> [8489 bytes]","args":[{"element-6066-11e4-a52e-4f735466cecf":"f.3CC06888A91A2B87598FBDB561306D63.d.98CAD48FCA2EA38A1C6573796932A935.e.15941","ELEMENT":"f.3CC06888A91A2B87598FBDB561306D63.d.98CAD48FCA2EA38A1C6573796932A935.e.15941"}]}
COMMAND: POST /session/e75b3d5d2d0828505fb80b5e18bd174b/execute/sync - {"script":"<script> [5351 bytes]","args":[{"element-6066-11e4-a52e-4f735466cecf":"f.3CC06888A91A2B87598FBDB561306D63.d.98CAD48FCA2EA38A1C6573796932A935.e.15941","ELEMENT":"f.3CC06888A91A2B87598FBDB561306D63.d.98CAD48FCA2EA38A1C6573796932A935.e.15941"}]}
COMMAND: GET /session/e75b3d5d2d0828505fb80b5e18bd174b/screenshot - {}
RESULT: {}
RESULT: {"script":"<script> [5351 bytes]","args":[{"element-6066-11e4-a52e-4f735466cecf":"f.3CC06888A91A2B87598FBDB561306D63.d.98CAD48FCA2EA38A1C6573796932A935.e.15941","ELEMENT":"f.3CC06888A91A2B87598FBDB561306D63.d.98CAD48FCA2EA38A1C6573796932A935.e.15941"}]}
COMMAND: POST /session/e75b3d5d2d0828505fb80b5e18bd174b/element/f.3CC06888A91A2B87598FBDB561306D63.d.98CAD48FCA2EA38A1C6573796932A935.e.15941/click - {}
COMMAND: GET /session/e75b3d5d2d0828505fb80b5e18bd174b/screenshot - {}
RESULT: {}
RESULT: {}
COMMAND: GET /session/e75b3d5d2d0828505fb80b5e18bd174b/screenshot - {}
RESULT: {}
RESULT: {}
COMMAND: POST /session/e75b3d5d2d0828505fb80b5e18bd174b/actions - {"actions":[{"id":"action56","type":"key","parameters":{},"actions":[{"type":"keyDown","value":"î€‡"},{"type":"pause","duration":10},{"type":"keyUp","value":"î€‡"}]}]}
RESULT: {"actions":[{"id":"action56","type":"key","parameters":{},"actions":[{"type":"keyDown","value":"î€‡"},{"type":"pause","duration":10},{"type":"keyUp","value":"î€‡"}]}]}
COMMAND: GET /session/e75b3d5d2d0828505fb80b5e18bd174b/screenshot - {}
RESULT: {}
COMMAND: POST /session/e75b3d5d2d0828505fb80b5e18bd174b/execute/async - {"script":"<script> [1562 bytes]","args":[{"selector":{"id":"application-manageconditionprice-display-component---newCondition--condBillCond-arrow"},"wdio_ui5_key":"applicationmanageconditionprice-display-component---newCondition--condBillCond-arrow"}]}
RESULT: {"script":"<script> [1562 bytes]","args":[{"selector":{"id":"application-manageconditionprice-display-component---newCondition--condBillCond-arrow"},"wdio_ui5_key":"applicationmanageconditionprice-display-component---newCondition--condBillCond-arrow"}]}
RESULT: undefined
COMMAND: POST /session/e75b3d5d2d0828505fb80b5e18bd174b/element - {"using":"xpath","value":"//*[@id=\"application-manageconditionprice-display-component---newCondition--condBillCond-arrow\"]"}
RESULT: {"using":"xpath","value":"//*[@id=\"application-manageconditionprice-display-component---newCondition--condBillCond-arrow\"]"}
COMMAND: POST /session/e75b3d5d2d0828505fb80b5e18bd174b/element/f.3CC06888A91A2B87598FBDB561306D63.d.98CAD48FCA2EA38A1C6573796932A935.e.16117/click - {}
RESULT: {}
COMMAND: GET /session/e75b3d5d2d0828505fb80b5e18bd174b/screenshot - {}
RESULT: {}
COMMAND: POST /session/e75b3d5d2d0828505fb80b5e18bd174b/element - {"using":"xpath","value":"//li[.//span[contains(text(), \"PC06 - Performance Price - fuel\")]]"}
RESULT: {"using":"xpath","value":"//li[.//span[contains(text(), \"PC06 - Performance Price - fuel\")]]"}
COMMAND: POST /session/e75b3d5d2d0828505fb80b5e18bd174b/element/f.3CC06888A91A2B87598FBDB561306D63.d.98CAD48FCA2EA38A1C6573796932A935.e.16120/click - {}
RESULT: {}
COMMAND: GET /session/e75b3d5d2d0828505fb80b5e18bd174b/screenshot - {}
RESULT: {}
COMMAND: POST /session/e75b3d5d2d0828505fb80b5e18bd174b/execute/async - {"script":"<script> [1562 bytes]","args":[{"selector":{"id":"application-manageconditionprice-display-component---newCondition--condValidTo","interaction":{"idSuffix":"inner"}},"wdio_ui5_key":"applicationmanageconditionprice-display-component---newCondition--condValidTo"}]}
RESULT: {"script":"<script> [1562 bytes]","args":[{"selector":{"id":"application-manageconditionprice-display-component---newCondition--condValidTo","interaction":{"idSuffix":"inner"}},"wdio_ui5_key":"applicationmanageconditionprice-display-component---newCondition--condValidTo"}]}
RESULT: undefined
COMMAND: POST /session/e75b3d5d2d0828505fb80b5e18bd174b/execute/async - {"script":"<script> [776 bytes]","args":[{"enterText":"1/19/26","selector":{"id":"application-manageconditionprice-display-component---newCondition--condValidTo","interaction":{"idSuffix":"inner"}},"clearTextFirst":true,"interactionType":"ENTER_TEXT"}]}
RESULT: {"script":"<script> [776 bytes]","args":[{"enterText":"1/19/26","selector":{"id":"application-manageconditionprice-display-component---newCondition--condValidTo","interaction":{"idSuffix":"inner"}},"clearTextFirst":true,"interactionType":"ENTER_TEXT"}]}
COMMAND: POST /session/e75b3d5d2d0828505fb80b5e18bd174b/element - {"using":"xpath","value":"//input[@id=\"application-manageconditionprice-display-component---newCondition--condRU-inner\"]"}
RESULT: {"using":"xpath","value":"//input[@id=\"application-manageconditionprice-display-component---newCondition--condRU-inner\"]"}
COMMAND: POST /session/e75b3d5d2d0828505fb80b5e18bd174b/element/f.3CC06888A91A2B87598FBDB561306D63.d.98CAD48FCA2EA38A1C6573796932A935.e.15982/clear - {}
RESULT: {}
COMMAND: POST /session/e75b3d5d2d0828505fb80b5e18bd174b/element/f.3CC06888A91A2B87598FBDB561306D63.d.98CAD48FCA2EA38A1C6573796932A935.e.15982/value - {"text":"6uAft6UvnJ"}
COMMAND: GET /session/e75b3d5d2d0828505fb80b5e18bd174b/screenshot - {}
RESULT: {"text":"6uAft6UvnJ"}
COMMAND: GET /session/e75b3d5d2d0828505fb80b5e18bd174b/screenshot - {}
RESULT: {}
RESULT: {}
COMMAND: POST /session/e75b3d5d2d0828505fb80b5e18bd174b/actions - {"actions":[{"id":"action57","type":"key","parameters":{},"actions":[{"type":"keyDown","value":"î€‡"},{"type":"pause","duration":10},{"type":"keyUp","value":"î€‡"}]}]}
RESULT: {"actions":[{"id":"action57","type":"key","parameters":{},"actions":[{"type":"keyDown","value":"î€‡"},{"type":"pause","duration":10},{"type":"keyUp","value":"î€‡"}]}]}
COMMAND: POST /session/e75b3d5d2d0828505fb80b5e18bd174b/execute/async - {"script":"<script> [1562 bytes]","args":[{"selector":{"id":"application-manageconditionprice-display-component---newCondition--condBaseQty","interaction":{"idSuffix":"inner"}},"wdio_ui5_key":"applicationmanageconditionprice-display-component---newCondition--condBaseQty"}]}
COMMAND: GET /session/e75b3d5d2d0828505fb80b5e18bd174b/screenshot - {}
RESULT: {"script":"<script> [1562 bytes]","args":[{"selector":{"id":"application-manageconditionprice-display-component---newCondition--condBaseQty","interaction":{"idSuffix":"inner"}},"wdio_ui5_key":"applicationmanageconditionprice-display-component---newCondition--condBaseQty"}]}
RESULT: undefined
COMMAND: POST /session/e75b3d5d2d0828505fb80b5e18bd174b/execute/async - {"script":"<script> [776 bytes]","args":[{"enterText":"1","selector":{"id":"application-manageconditionprice-display-component---newCondition--condBaseQty","interaction":{"idSuffix":"inner"}},"clearTextFirst":true,"interactionType":"ENTER_TEXT"}]}
RESULT: {}
RESULT: {"script":"<script> [776 bytes]","args":[{"enterText":"1","selector":{"id":"application-manageconditionprice-display-component---newCondition--condBaseQty","interaction":{"idSuffix":"inner"}},"clearTextFirst":true,"interactionType":"ENTER_TEXT"}]}
COMMAND: POST /session/e75b3d5d2d0828505fb80b5e18bd174b/execute/async - {"script":"<script> [1562 bytes]","args":[{"selector":{"id":"application-manageconditionprice-display-component---newCondition--condValue","interaction":{"idSuffix":"inner"}},"wdio_ui5_key":"applicationmanageconditionprice-display-component---newCondition--condValue"}]}
RESULT: {"script":"<script> [1562 bytes]","args":[{"selector":{"id":"application-manageconditionprice-display-component---newCondition--condValue","interaction":{"idSuffix":"inner"}},"wdio_ui5_key":"applicationmanageconditionprice-display-component---newCondition--condValue"}]}
RESULT: undefined
COMMAND: POST /session/e75b3d5d2d0828505fb80b5e18bd174b/execute/async - {"script":"<script> [776 bytes]","args":[{"enterText":"10","selector":{"id":"application-manageconditionprice-display-component---newCondition--condValue","interaction":{"idSuffix":"inner"}},"clearTextFirst":true,"interactionType":"ENTER_TEXT"}]}
RESULT: {"script":"<script> [776 bytes]","args":[{"enterText":"10","selector":{"id":"application-manageconditionprice-display-component---newCondition--condValue","interaction":{"idSuffix":"inner"}},"clearTextFirst":true,"interactionType":"ENTER_TEXT"}]}
COMMAND: POST /session/e75b3d5d2d0828505fb80b5e18bd174b/execute/async - {"script":"<script> [1562 bytes]","args":[{"selector":{"id":"application-manageconditionprice-display-component---newCondition--condCurr-arrow"},"wdio_ui5_key":"applicationmanageconditionprice-display-component---newCondition--condCurr-arrow"}]}
RESULT: {"script":"<script> [1562 bytes]","args":[{"selector":{"id":"application-manageconditionprice-display-component---newCondition--condCurr-arrow"},"wdio_ui5_key":"applicationmanageconditionprice-display-component---newCondition--condCurr-arrow"}]}
RESULT: undefined
COMMAND: POST /session/e75b3d5d2d0828505fb80b5e18bd174b/element - {"using":"xpath","value":"//*[@id=\"application-manageconditionprice-display-component---newCondition--condCurr-arrow\"]"}
RESULT: {"using":"xpath","value":"//*[@id=\"application-manageconditionprice-display-component---newCondition--condCurr-arrow\"]"}
COMMAND: POST /session/e75b3d5d2d0828505fb80b5e18bd174b/element/f.3CC06888A91A2B87598FBDB561306D63.d.98CAD48FCA2EA38A1C6573796932A935.e.16099/click - {}
RESULT: {}
COMMAND: POST /session/e75b3d5d2d0828505fb80b5e18bd174b/element - {"using":"xpath","value":"//span[contains(text(), \"Euro\")]"}
COMMAND: GET /session/e75b3d5d2d0828505fb80b5e18bd174b/screenshot - {}
RESULT: {"using":"xpath","value":"//span[contains(text(), \"Euro\")]"}
COMMAND: POST /session/e75b3d5d2d0828505fb80b5e18bd174b/element/f.3CC06888A91A2B87598FBDB561306D63.d.98CAD48FCA2EA38A1C6573796932A935.e.16155/click - {}
RESULT: {}
RESULT: {}
COMMAND: POST /session/e75b3d5d2d0828505fb80b5e18bd174b/element - {"using":"xpath","value":"//button[@data-kt=\"saveButton\"]"}
COMMAND: GET /session/e75b3d5d2d0828505fb80b5e18bd174b/screenshot - {}
RESULT: {"using":"xpath","value":"//button[@data-kt=\"saveButton\"]"}
COMMAND: POST /session/e75b3d5d2d0828505fb80b5e18bd174b/element/f.3CC06888A91A2B87598FBDB561306D63.d.98CAD48FCA2EA38A1C6573796932A935.e.16100/click - {}
RESULT: {}
RESULT: {}
COMMAND: GET /session/e75b3d5d2d0828505fb80b5e18bd174b/screenshot - {}
RESULT: {}
COMMAND: POST /session/e75b3d5d2d0828505fb80b5e18bd174b/execute/async - {"script":"<script> [1562 bytes]","args":[{"selector":{"id":"application-manageconditionprice-display-component---conditions--smartFilterBar-btnBasicSearch","interaction":{"idSuffix":"I"}},"wdio_ui5_key":"applicationmanageconditionprice-display-component---conditions--smartFilterBar-btnBasicSearch"}]}
RESULT: {"script":"<script> [1562 bytes]","args":[{"selector":{"id":"application-manageconditionprice-display-component---conditions--smartFilterBar-btnBasicSearch","interaction":{"idSuffix":"I"}},"wdio_ui5_key":"applicationmanageconditionprice-display-component---conditions--smartFilterBar-btnBasicSearch"}]}
RESULT: undefined
COMMAND: POST /session/e75b3d5d2d0828505fb80b5e18bd174b/execute/async - {"script":"<script> [776 bytes]","args":[{"enterText":"6uAft6UvnJ","selector":{"id":"application-manageconditionprice-display-component---conditions--smartFilterBar-btnBasicSearch","interaction":{"idSuffix":"I"}},"clearTextFirst":true,"interactionType":"ENTER_TEXT"}]}
RESULT: {"script":"<script> [776 bytes]","args":[{"enterText":"6uAft6UvnJ","selector":{"id":"application-manageconditionprice-display-component---conditions--smartFilterBar-btnBasicSearch","interaction":{"idSuffix":"I"}},"clearTextFirst":true,"interactionType":"ENTER_TEXT"}]}
COMMAND: POST /session/e75b3d5d2d0828505fb80b5e18bd174b/actions - {"actions":[{"id":"action58","type":"key","parameters":{},"actions":[{"type":"keyDown","value":"î€‡"},{"type":"pause","duration":10},{"type":"keyUp","value":"î€‡"}]}]}
RESULT: {"actions":[{"id":"action58","type":"key","parameters":{},"actions":[{"type":"keyDown","value":"î€‡"},{"type":"pause","duration":10},{"type":"keyUp","value":"î€‡"}]}]}
COMMAND: GET /session/e75b3d5d2d0828505fb80b5e18bd174b/screenshot - {}
RESULT: {}
COMMAND: POST /session/e75b3d5d2d0828505fb80b5e18bd174b/execute/async - {"script":"<script> [1562 bytes]","args":[{"selector":{"id":"application-manageconditionprice-display-component---conditions--smartFilterBar-filterItemControl_BASIC-BILL_TYPES-vhi"},"wdio_ui5_key":"applicationmanageconditionprice-display-component---conditions--smartFilterBar-filterItemControl_BASIC-BILL_TYPES-vhi"}]}
RESULT: {"script":"<script> [1562 bytes]","args":[{"selector":{"id":"application-manageconditionprice-display-component---conditions--smartFilterBar-filterItemControl_BASIC-BILL_TYPES-vhi"},"wdio_ui5_key":"applicationmanageconditionprice-display-component---conditions--smartFilterBar-filterItemControl_BASIC-BILL_TYPES-vhi"}]}
RESULT: undefined
COMMAND: POST /session/e75b3d5d2d0828505fb80b5e18bd174b/element - {"using":"xpath","value":"//*[@id=\"application-manageconditionprice-display-component---conditions--smartFilterBar-filterItemControl_BASIC-BILL_TYPES-vhi\"]"}
RESULT: {"using":"xpath","value":"//*[@id=\"application-manageconditionprice-display-component---conditions--smartFilterBar-filterItemControl_BASIC-BILL_TYPES-vhi\"]"}
COMMAND: POST /session/e75b3d5d2d0828505fb80b5e18bd174b/element/f.3CC06888A91A2B87598FBDB561306D63.d.98CAD48FCA2EA38A1C6573796932A935.e.16172/click - {}
RESULT: {}
COMMAND: POST /session/e75b3d5d2d0828505fb80b5e18bd174b/execute/async - {"script":"<script> [1562 bytes]","args":[{"selector":{"id":"application-manageconditionprice-display-component---conditions--smartFilterBar-filterItemControl_BASIC-BILL_TYPES-valueHelpDialog-smartFilterBar-btnBasicSearch","searchOpenDialogs":true,"interaction":{"idSuffix":"I"}},"wdio_ui5_key":"applicationmanageconditionprice-display-component---conditions--smartFilterBar-filterItemControl_BASIC-BILL_TYPES-valueHelpDialog-smartFilterBar-btnBasicSearch"}]}
COMMAND: GET /session/e75b3d5d2d0828505fb80b5e18bd174b/screenshot - {}
RESULT: {"script":"<script> [1562 bytes]","args":[{"selector":{"id":"application-manageconditionprice-display-component---conditions--smartFilterBar-filterItemControl_BASIC-BILL_TYPES-valueHelpDialog-smartFilterBar-btnBasicSearch","searchOpenDialogs":true,"interaction":{"idSuffix":"I"}},"wdio_ui5_key":"applicationmanageconditionprice-display-component---conditions--smartFilterBar-filterItemControl_BASIC-BILL_TYPES-valueHelpDialog-smartFilterBar-btnBasicSearch"}]}
RESULT: undefined
COMMAND: POST /session/e75b3d5d2d0828505fb80b5e18bd174b/execute/async - {"script":"<script> [776 bytes]","args":[{"enterText":"PB","selector":{"id":"application-manageconditionprice-display-component---conditions--smartFilterBar-filterItemControl_BASIC-BILL_TYPES-valueHelpDialog-smartFilterBar-btnBasicSearch","searchOpenDialogs":true,"interaction":{"idSuffix":"I"}},"clearTextFirst":true,"interactionType":"ENTER_TEXT"}]}
RESULT: {}
RESULT: {"script":"<script> [776 bytes]","args":[{"enterText":"PB","selector":{"id":"application-manageconditionprice-display-component---conditions--smartFilterBar-filterItemControl_BASIC-BILL_TYPES-valueHelpDialog-smartFilterBar-btnBasicSearch","searchOpenDialogs":true,"interaction":{"idSuffix":"I"}},"clearTextFirst":true,"interactionType":"ENTER_TEXT"}]}
COMMAND: POST /session/e75b3d5d2d0828505fb80b5e18bd174b/actions - {"actions":[{"id":"action59","type":"key","parameters":{},"actions":[{"type":"keyDown","value":"î€‡"},{"type":"pause","duration":10},{"type":"keyUp","value":"î€‡"}]}]}
RESULT: {"actions":[{"id":"action59","type":"key","parameters":{},"actions":[{"type":"keyDown","value":"î€‡"},{"type":"pause","duration":10},{"type":"keyUp","value":"î€‡"}]}]}
COMMAND: GET /session/e75b3d5d2d0828505fb80b5e18bd174b/screenshot - {}
RESULT: {}
COMMAND: POST /session/e75b3d5d2d0828505fb80b5e18bd174b/element - {"using":"xpath","value":"//div[contains(@id, 'application-manageconditionprice-display-component---conditions--smartFilterBar-filterItemControl_BASIC-BILL_TYPES-valueHelpDialog-table-rowsel0')]"}
RESULT: {"using":"xpath","value":"//div[contains(@id, 'application-manageconditionprice-display-component---conditions--smartFilterBar-filterItemControl_BASIC-BILL_TYPES-valueHelpDialog-table-rowsel0')]"}
COMMAND: POST /session/e75b3d5d2d0828505fb80b5e18bd174b/element/f.3CC06888A91A2B87598FBDB561306D63.d.98CAD48FCA2EA38A1C6573796932A935.e.16182/click - {}
RESULT: {}
COMMAND: GET /session/e75b3d5d2d0828505fb80b5e18bd174b/screenshot - {}
RESULT: {}
COMMAND: POST /session/e75b3d5d2d0828505fb80b5e18bd174b/element - {"using":"xpath","value":"//bdi[contains(text(), \"OK\")]"}
RESULT: {"using":"xpath","value":"//bdi[contains(text(), \"OK\")]"}
COMMAND: POST /session/e75b3d5d2d0828505fb80b5e18bd174b/element/f.3CC06888A91A2B87598FBDB561306D63.d.98CAD48FCA2EA38A1C6573796932A935.e.16184/click - {}
RESULT: {}
COMMAND: GET /session/e75b3d5d2d0828505fb80b5e18bd174b/screenshot - {}
RESULT: {}
COMMAND: POST /session/e75b3d5d2d0828505fb80b5e18bd174b/element - {"using":"xpath","value":"//span[@id=\"application-manageconditionprice-display-component---conditions--smartTable-header-inner\"]"}
RESULT: {"using":"xpath","value":"//span[@id=\"application-manageconditionprice-display-component---conditions--smartTable-header-inner\"]"}
COMMAND: POST /session/e75b3d5d2d0828505fb80b5e18bd174b/elements - {"using":"xpath","value":"//span[@id=\"application-manageconditionprice-display-component---conditions--smartTable-header-inner\"]"}
RESULT: {"using":"xpath","value":"//span[@id=\"application-manageconditionprice-display-component---conditions--smartTable-header-inner\"]"}
COMMAND: POST /session/e75b3d5d2d0828505fb80b5e18bd174b/execute/sync - {"script":"<script> [56 bytes]","args":[{"element-6066-11e4-a52e-4f735466cecf":"f.3CC06888A91A2B87598FBDB561306D63.d.98CAD48FCA2EA38A1C6573796932A935.e.16187","ELEMENT":"f.3CC06888A91A2B87598FBDB561306D63.d.98CAD48FCA2EA38A1C6573796932A935.e.16187"}]}
RESULT: {"script":"<script> [56 bytes]","args":[{"element-6066-11e4-a52e-4f735466cecf":"f.3CC06888A91A2B87598FBDB561306D63.d.98CAD48FCA2EA38A1C6573796932A935.e.16187","ELEMENT":"f.3CC06888A91A2B87598FBDB561306D63.d.98CAD48FCA2EA38A1C6573796932A935.e.16187"}]}
COMMAND: POST /session/e75b3d5d2d0828505fb80b5e18bd174b/element - {"using":"css selector","value":"#shell-header-logo"}
COMMAND: GET /session/e75b3d5d2d0828505fb80b5e18bd174b/screenshot - {}
RESULT: {"using":"css selector","value":"#shell-header-logo"}
COMMAND: POST /session/e75b3d5d2d0828505fb80b5e18bd174b/element/f.3CC06888A91A2B87598FBDB561306D63.d.98CAD48FCA2EA38A1C6573796932A935.e.15909/click - {}
RESULT: {}
RESULT: {}
COMMAND: GET /session/e75b3d5d2d0828505fb80b5e18bd174b/screenshot - {}
RESULT: {}
]]></system-out>
    </testcase>
    <testcase classname="chrome.136_0_7103_93.windows.Performance_based_billing_(work_days)_US139742" name="Should add a counter to the equipment" time="47.211">
      <system-out><![CDATA[
RESULT: undefined
COMMAND: POST /session/e75b3d5d2d0828505fb80b5e18bd174b/element - {"using":"xpath","value":"//*[@id=\"__tile39\"]"}
RESULT: {"using":"xpath","value":"//*[@id=\"__tile39\"]"}
COMMAND: POST /session/e75b3d5d2d0828505fb80b5e18bd174b/element/f.3CC06888A91A2B87598FBDB561306D63.d.98CAD48FCA2EA38A1C6573796932A935.e.14899/click - {}
RESULT: {}
COMMAND: GET /session/e75b3d5d2d0828505fb80b5e18bd174b/screenshot - {}
RESULT: {}
COMMAND: POST /session/e75b3d5d2d0828505fb80b5e18bd174b/elements - {"using":"xpath","value":"//span[text()='Error']"}
RESULT: {"using":"xpath","value":"//span[text()='Error']"}
COMMAND: POST /session/e75b3d5d2d0828505fb80b5e18bd174b/execute/async - {"script":"<script> [1562 bytes]","args":[{"selector":{"id":"application-manageresources-display-component---masterRU--smartFilterBar-btnBasicSearch","interaction":{"idSuffix":"I"}},"wdio_ui5_key":"applicationmanageresources-display-component---masterRU--smartFilterBar-btnBasicSearch"}]}
RESULT: {"script":"<script> [1562 bytes]","args":[{"selector":{"id":"application-manageresources-display-component---masterRU--smartFilterBar-btnBasicSearch","interaction":{"idSuffix":"I"}},"wdio_ui5_key":"applicationmanageresources-display-component---masterRU--smartFilterBar-btnBasicSearch"}]}
RESULT: undefined
COMMAND: POST /session/e75b3d5d2d0828505fb80b5e18bd174b/execute/async - {"script":"<script> [776 bytes]","args":[{"enterText":"6uAft6UvnJ","selector":{"id":"application-manageresources-display-component---masterRU--smartFilterBar-btnBasicSearch","interaction":{"idSuffix":"I"}},"clearTextFirst":true,"interactionType":"ENTER_TEXT"}]}
RESULT: {"script":"<script> [776 bytes]","args":[{"enterText":"6uAft6UvnJ","selector":{"id":"application-manageresources-display-component---masterRU--smartFilterBar-btnBasicSearch","interaction":{"idSuffix":"I"}},"clearTextFirst":true,"interactionType":"ENTER_TEXT"}]}
COMMAND: POST /session/e75b3d5d2d0828505fb80b5e18bd174b/actions - {"actions":[{"id":"action60","type":"key","parameters":{},"actions":[{"type":"keyDown","value":"î€‡"},{"type":"pause","duration":10},{"type":"keyUp","value":"î€‡"}]}]}
RESULT: {"actions":[{"id":"action60","type":"key","parameters":{},"actions":[{"type":"keyDown","value":"î€‡"},{"type":"pause","duration":10},{"type":"keyUp","value":"î€‡"}]}]}
COMMAND: GET /session/e75b3d5d2d0828505fb80b5e18bd174b/screenshot - {}
RESULT: {}
COMMAND: POST /session/e75b3d5d2d0828505fb80b5e18bd174b/execute/async - {"script":"<script> [1562 bytes]","args":[{"selector":{"id":"application-manageresources-display-component---masterRU--smartTable-header"},"wdio_ui5_key":"applicationmanageresources-display-component---masterRU--smartTable-header"}]}
RESULT: {"script":"<script> [1562 bytes]","args":[{"selector":{"id":"application-manageresources-display-component---masterRU--smartTable-header"},"wdio_ui5_key":"applicationmanageresources-display-component---masterRU--smartTable-header"}]}
RESULT: undefined
COMMAND: POST /session/e75b3d5d2d0828505fb80b5e18bd174b/execute/async - {"script":"<script> [6424 bytes]","args":[{"element-6066-11e4-a52e-4f735466cecf":"f.3CC06888A91A2B87598FBDB561306D63.d.98CAD48FCA2EA38A1C6573796932A935.e.16375"},"getText",[]]}
RESULT: {"script":"<script> [6424 bytes]","args":[{"element-6066-11e4-a52e-4f735466cecf":"f.3CC06888A91A2B87598FBDB561306D63.d.98CAD48FCA2EA38A1C6573796932A935.e.16375"},"getText",[]]}
COMMAND: POST /session/e75b3d5d2d0828505fb80b5e18bd174b/execute/async - {"script":"<script> [1562 bytes]","args":[{"selector":{"controlType":"sap.ui.core.Icon","viewName":"etm.portal.ui.manageresources.view.Master","viewId":"application-manageresources-display-component---masterRU","properties":{"src":{"regex":{"source":"slim\\-arrow\\-right"}}}},"wdio_ui5_key":"etmportal.ui.manageresources.view.Mastersap.ui.core.Icon{\"src\":{\"regex\":{\"source\":\"slim\\\\-arrow\\\\-right\"}}}"}]}
RESULT: {"script":"<script> [1562 bytes]","args":[{"selector":{"controlType":"sap.ui.core.Icon","viewName":"etm.portal.ui.manageresources.view.Master","viewId":"application-manageresources-display-component---masterRU","properties":{"src":{"regex":{"source":"slim\\-arrow\\-right"}}}},"wdio_ui5_key":"etmportal.ui.manageresources.view.Mastersap.ui.core.Icon{\"src\":{\"regex\":{\"source\":\"slim\\\\-arrow\\\\-right\"}}}"}]}
RESULT: undefined
COMMAND: POST /session/e75b3d5d2d0828505fb80b5e18bd174b/element - {"using":"xpath","value":"//*[@id=\"__item1221-__clone3170-imgNav\"]"}
RESULT: {"using":"xpath","value":"//*[@id=\"__item1221-__clone3170-imgNav\"]"}
COMMAND: POST /session/e75b3d5d2d0828505fb80b5e18bd174b/element/f.3CC06888A91A2B87598FBDB561306D63.d.98CAD48FCA2EA38A1C6573796932A935.e.16374/click - {}
RESULT: {}
COMMAND: GET /session/e75b3d5d2d0828505fb80b5e18bd174b/screenshot - {}
COMMAND: POST /session/e75b3d5d2d0828505fb80b5e18bd174b/element - {"using":"xpath","value":"//bdi[contains(text(), \"Edit\")]"}
RESULT: {}
RESULT: {"using":"xpath","value":"//bdi[contains(text(), \"Edit\")]"}
COMMAND: POST /session/e75b3d5d2d0828505fb80b5e18bd174b/execute/sync - {"script":"<script> [8489 bytes]","args":[{"element-6066-11e4-a52e-4f735466cecf":"f.3CC06888A91A2B87598FBDB561306D63.d.98CAD48FCA2EA38A1C6573796932A935.e.16472","ELEMENT":"f.3CC06888A91A2B87598FBDB561306D63.d.98CAD48FCA2EA38A1C6573796932A935.e.16472"}]}
RESULT: {"script":"<script> [8489 bytes]","args":[{"element-6066-11e4-a52e-4f735466cecf":"f.3CC06888A91A2B87598FBDB561306D63.d.98CAD48FCA2EA38A1C6573796932A935.e.16472","ELEMENT":"f.3CC06888A91A2B87598FBDB561306D63.d.98CAD48FCA2EA38A1C6573796932A935.e.16472"}]}
COMMAND: POST /session/e75b3d5d2d0828505fb80b5e18bd174b/element/f.3CC06888A91A2B87598FBDB561306D63.d.98CAD48FCA2EA38A1C6573796932A935.e.16472/click - {}
COMMAND: GET /session/e75b3d5d2d0828505fb80b5e18bd174b/screenshot - {}
RESULT: {}
COMMAND: GET /session/e75b3d5d2d0828505fb80b5e18bd174b/screenshot - {}
RESULT: {}
RESULT: {}
COMMAND: POST /session/e75b3d5d2d0828505fb80b5e18bd174b/execute/async - {"script":"<script> [1562 bytes]","args":[{"selector":{"id":"application-manageresources-display-component---editResource--editRruPage-anchBar-application-manageresources-display-component---editResource--counters-anchor","interaction":{"idSuffix":"BDI-content"}},"wdio_ui5_key":"applicationmanageresources-display-component---editResource--editRruPage-anchBar-application-manageresources-display-component---editResource--counters-anchor"}]}
RESULT: {"script":"<script> [1562 bytes]","args":[{"selector":{"id":"application-manageresources-display-component---editResource--editRruPage-anchBar-application-manageresources-display-component---editResource--counters-anchor","interaction":{"idSuffix":"BDI-content"}},"wdio_ui5_key":"applicationmanageresources-display-component---editResource--editRruPage-anchBar-application-manageresources-display-component---editResource--counters-anchor"}]}
RESULT: undefined
COMMAND: POST /session/e75b3d5d2d0828505fb80b5e18bd174b/element - {"using":"xpath","value":"//*[@id=\"application-manageresources-display-component---editResource--editRruPage-anchBar-application-manageresources-display-component---editResource--counters-anchor\"]"}
RESULT: {"using":"xpath","value":"//*[@id=\"application-manageresources-display-component---editResource--editRruPage-anchBar-application-manageresources-display-component---editResource--counters-anchor\"]"}
COMMAND: POST /session/e75b3d5d2d0828505fb80b5e18bd174b/element/f.3CC06888A91A2B87598FBDB561306D63.d.98CAD48FCA2EA38A1C6573796932A935.e.16629/click - {}
RESULT: {}
COMMAND: GET /session/e75b3d5d2d0828505fb80b5e18bd174b/screenshot - {}
RESULT: {}
COMMAND: POST /session/e75b3d5d2d0828505fb80b5e18bd174b/execute/async - {"script":"<script> [1562 bytes]","args":[{"selector":{"id":"application-manageresources-display-component---editResource--btnAddCounter-img"},"wdio_ui5_key":"applicationmanageresources-display-component---editResource--btnAddCounter-img"}]}
RESULT: {"script":"<script> [1562 bytes]","args":[{"selector":{"id":"application-manageresources-display-component---editResource--btnAddCounter-img"},"wdio_ui5_key":"applicationmanageresources-display-component---editResource--btnAddCounter-img"}]}
RESULT: undefined
COMMAND: POST /session/e75b3d5d2d0828505fb80b5e18bd174b/element - {"using":"xpath","value":"//*[@id=\"application-manageresources-display-component---editResource--btnAddCounter-img\"]"}
RESULT: {"using":"xpath","value":"//*[@id=\"application-manageresources-display-component---editResource--btnAddCounter-img\"]"}
COMMAND: POST /session/e75b3d5d2d0828505fb80b5e18bd174b/element/f.3CC06888A91A2B87598FBDB561306D63.d.98CAD48FCA2EA38A1C6573796932A935.e.16634/click - {}
RESULT: {}
COMMAND: POST /session/e75b3d5d2d0828505fb80b5e18bd174b/execute/async - {"script":"<script> [1562 bytes]","args":[{"selector":{"id":"application-manageresources-display-component---editResource--COUNTER_ID-application-manageresources-display-component---editResource--RUCounters-0-arrow"},"wdio_ui5_key":"applicationmanageresources-display-component---editResource--COUNTER_ID-application-manageresources-display-component---editResource--RUCounters-0-arrow"}]}
COMMAND: GET /session/e75b3d5d2d0828505fb80b5e18bd174b/screenshot - {}
RESULT: {"script":"<script> [1562 bytes]","args":[{"selector":{"id":"application-manageresources-display-component---editResource--COUNTER_ID-application-manageresources-display-component---editResource--RUCounters-0-arrow"},"wdio_ui5_key":"applicationmanageresources-display-component---editResource--COUNTER_ID-application-manageresources-display-component---editResource--RUCounters-0-arrow"}]}
RESULT: undefined
COMMAND: POST /session/e75b3d5d2d0828505fb80b5e18bd174b/element - {"using":"xpath","value":"//*[@id=\"application-manageresources-display-component---editResource--COUNTER_ID-application-manageresources-display-component---editResource--RUCounters-0-arrow\"]"}
RESULT: {}
RESULT: {"using":"xpath","value":"//*[@id=\"application-manageresources-display-component---editResource--COUNTER_ID-application-manageresources-display-component---editResource--RUCounters-0-arrow\"]"}
COMMAND: POST /session/e75b3d5d2d0828505fb80b5e18bd174b/element/f.3CC06888A91A2B87598FBDB561306D63.d.98CAD48FCA2EA38A1C6573796932A935.e.16647/click - {}
RESULT: {}
COMMAND: POST /session/e75b3d5d2d0828505fb80b5e18bd174b/execute/async - {"script":"<script> [1562 bytes]","args":[{"selector":{"controlType":"sap.m.StandardListItem","viewName":"etm.portal.ui.manageresources.view.EditResource","viewId":"application-manageresources-display-component---editResource","properties":{"title":"fuel"},"searchOpenDialogs":true,"interaction":{"idSuffix":"content"}},"wdio_ui5_key":"etmportal.ui.manageresources.view.EditResourcesap.m.StandardListItem{\"title\":\"fuel\"}"}]}
COMMAND: GET /session/e75b3d5d2d0828505fb80b5e18bd174b/screenshot - {}
RESULT: {"script":"<script> [1562 bytes]","args":[{"selector":{"controlType":"sap.m.StandardListItem","viewName":"etm.portal.ui.manageresources.view.EditResource","viewId":"application-manageresources-display-component---editResource","properties":{"title":"fuel"},"searchOpenDialogs":true,"interaction":{"idSuffix":"content"}},"wdio_ui5_key":"etmportal.ui.manageresources.view.EditResourcesap.m.StandardListItem{\"title\":\"fuel\"}"}]}
RESULT: undefined
COMMAND: POST /session/e75b3d5d2d0828505fb80b5e18bd174b/element - {"using":"xpath","value":"//*[@id=\"__item1501\"]"}
RESULT: {}
RESULT: {"using":"xpath","value":"//*[@id=\"__item1501\"]"}
COMMAND: POST /session/e75b3d5d2d0828505fb80b5e18bd174b/element/f.3CC06888A91A2B87598FBDB561306D63.d.98CAD48FCA2EA38A1C6573796932A935.e.16649/click - {}
RESULT: {}
COMMAND: POST /session/e75b3d5d2d0828505fb80b5e18bd174b/execute/async - {"script":"<script> [1562 bytes]","args":[{"selector":{"controlType":"sap.m.Button","viewName":"etm.portal.ui.manageresources.view.EditResource","viewId":"application-manageresources-display-component---editResource","i18NText":{"propertyName":"text","key":"save"},"interaction":{"idSuffix":"BDI-content"}},"wdio_ui5_key":"etmportal.ui.manageresources.view.EditResourcesap.m.Button{\"propertyName\":\"text\",\"key\":\"save\"}"}]}
COMMAND: GET /session/e75b3d5d2d0828505fb80b5e18bd174b/screenshot - {}
RESULT: {"script":"<script> [1562 bytes]","args":[{"selector":{"controlType":"sap.m.Button","viewName":"etm.portal.ui.manageresources.view.EditResource","viewId":"application-manageresources-display-component---editResource","i18NText":{"propertyName":"text","key":"save"},"interaction":{"idSuffix":"BDI-content"}},"wdio_ui5_key":"etmportal.ui.manageresources.view.EditResourcesap.m.Button{\"propertyName\":\"text\",\"key\":\"save\"}"}]}
RESULT: undefined
COMMAND: POST /session/e75b3d5d2d0828505fb80b5e18bd174b/element - {"using":"xpath","value":"//*[@id=\"__button175\"]"}
RESULT: {}
RESULT: {"using":"xpath","value":"//*[@id=\"__button175\"]"}
COMMAND: POST /session/e75b3d5d2d0828505fb80b5e18bd174b/element/f.3CC06888A91A2B87598FBDB561306D63.d.98CAD48FCA2EA38A1C6573796932A935.e.16651/click - {}
RESULT: {}
COMMAND: GET /session/e75b3d5d2d0828505fb80b5e18bd174b/screenshot - {}
RESULT: {}
COMMAND: POST /session/e75b3d5d2d0828505fb80b5e18bd174b/element - {"using":"css selector","value":"#shell-header-logo"}
RESULT: {"using":"css selector","value":"#shell-header-logo"}
COMMAND: POST /session/e75b3d5d2d0828505fb80b5e18bd174b/element/f.3CC06888A91A2B87598FBDB561306D63.d.98CAD48FCA2EA38A1C6573796932A935.e.16192/click - {}
RESULT: {}
COMMAND: GET /session/e75b3d5d2d0828505fb80b5e18bd174b/screenshot - {}
RESULT: {}
]]></system-out>
    </testcase>
    <testcase classname="chrome.136_0_7103_93.windows.Performance_based_billing_(work_days)_US139742" name="Should do a stock increase on the yard for the equipment" time="92.066">
      <system-out><![CDATA[
COMMAND: POST /session/e75b3d5d2d0828505fb80b5e18bd174b/execute/async - {"script":"<script> [1562 bytes]","args":[{"selector":{"controlType":"sap.m.GenericTile","properties":{"header":"Manage Handovers"}},"wdio_ui5_key":"sapm.GenericTile{\"header\":\"Manage Handovers\"}"}]}
RESULT: {"script":"<script> [1562 bytes]","args":[{"selector":{"controlType":"sap.m.GenericTile","properties":{"header":"Manage Handovers"}},"wdio_ui5_key":"sapm.GenericTile{\"header\":\"Manage Handovers\"}"}]}
RESULT: undefined
COMMAND: POST /session/e75b3d5d2d0828505fb80b5e18bd174b/element - {"using":"xpath","value":"//*[@id=\"__tile133\"]"}
RESULT: {"using":"xpath","value":"//*[@id=\"__tile133\"]"}
COMMAND: POST /session/e75b3d5d2d0828505fb80b5e18bd174b/element/f.3CC06888A91A2B87598FBDB561306D63.d.98CAD48FCA2EA38A1C6573796932A935.e.14987/click - {}
RESULT: {}
COMMAND: GET /session/e75b3d5d2d0828505fb80b5e18bd174b/screenshot - {}
RESULT: {}
COMMAND: POST /session/e75b3d5d2d0828505fb80b5e18bd174b/elements - {"using":"xpath","value":"//span[text()='Error']"}
RESULT: {"using":"xpath","value":"//span[text()='Error']"}
COMMAND: POST /session/e75b3d5d2d0828505fb80b5e18bd174b/element - {"using":"xpath","value":"//button[@data-kt=\"masterHOAddButton\"]"}
RESULT: {"using":"xpath","value":"//button[@data-kt=\"masterHOAddButton\"]"}
COMMAND: POST /session/e75b3d5d2d0828505fb80b5e18bd174b/elements - {"using":"xpath","value":"//button[@data-kt=\"masterHOAddButton\"]"}
RESULT: {"using":"xpath","value":"//button[@data-kt=\"masterHOAddButton\"]"}
COMMAND: POST /session/e75b3d5d2d0828505fb80b5e18bd174b/elements - {"using":"xpath","value":"//button[@data-kt=\"masterHOAddButton\"]"}
RESULT: {"using":"xpath","value":"//button[@data-kt=\"masterHOAddButton\"]"}
COMMAND: POST /session/e75b3d5d2d0828505fb80b5e18bd174b/element - {"using":"xpath","value":"//button[@data-kt=\"masterHOAddButton\"]"}
RESULT: {"using":"xpath","value":"//button[@data-kt=\"masterHOAddButton\"]"}
COMMAND: POST /session/e75b3d5d2d0828505fb80b5e18bd174b/execute/sync - {"script":"<script> [8489 bytes]","args":[{"element-6066-11e4-a52e-4f735466cecf":"f.3CC06888A91A2B87598FBDB561306D63.d.98CAD48FCA2EA38A1C6573796932A935.e.16698","ELEMENT":"f.3CC06888A91A2B87598FBDB561306D63.d.98CAD48FCA2EA38A1C6573796932A935.e.16698"}]}
RESULT: {"script":"<script> [8489 bytes]","args":[{"element-6066-11e4-a52e-4f735466cecf":"f.3CC06888A91A2B87598FBDB561306D63.d.98CAD48FCA2EA38A1C6573796932A935.e.16698","ELEMENT":"f.3CC06888A91A2B87598FBDB561306D63.d.98CAD48FCA2EA38A1C6573796932A935.e.16698"}]}
COMMAND: GET /session/e75b3d5d2d0828505fb80b5e18bd174b/element/f.3CC06888A91A2B87598FBDB561306D63.d.98CAD48FCA2EA38A1C6573796932A935.e.16698/enabled - {}
COMMAND: GET /session/e75b3d5d2d0828505fb80b5e18bd174b/screenshot - {}
RESULT: {}
COMMAND: POST /session/e75b3d5d2d0828505fb80b5e18bd174b/execute/sync - {"script":"<script> [8489 bytes]","args":[{"element-6066-11e4-a52e-4f735466cecf":"f.3CC06888A91A2B87598FBDB561306D63.d.98CAD48FCA2EA38A1C6573796932A935.e.16698","ELEMENT":"f.3CC06888A91A2B87598FBDB561306D63.d.98CAD48FCA2EA38A1C6573796932A935.e.16698"}]}
COMMAND: GET /session/e75b3d5d2d0828505fb80b5e18bd174b/screenshot - {}
RESULT: {}
RESULT: {"script":"<script> [8489 bytes]","args":[{"element-6066-11e4-a52e-4f735466cecf":"f.3CC06888A91A2B87598FBDB561306D63.d.98CAD48FCA2EA38A1C6573796932A935.e.16698","ELEMENT":"f.3CC06888A91A2B87598FBDB561306D63.d.98CAD48FCA2EA38A1C6573796932A935.e.16698"}]}
COMMAND: POST /session/e75b3d5d2d0828505fb80b5e18bd174b/execute/sync - {"script":"<script> [5351 bytes]","args":[{"element-6066-11e4-a52e-4f735466cecf":"f.3CC06888A91A2B87598FBDB561306D63.d.98CAD48FCA2EA38A1C6573796932A935.e.16698","ELEMENT":"f.3CC06888A91A2B87598FBDB561306D63.d.98CAD48FCA2EA38A1C6573796932A935.e.16698"}]}
COMMAND: GET /session/e75b3d5d2d0828505fb80b5e18bd174b/screenshot - {}
RESULT: {}
RESULT: {"script":"<script> [5351 bytes]","args":[{"element-6066-11e4-a52e-4f735466cecf":"f.3CC06888A91A2B87598FBDB561306D63.d.98CAD48FCA2EA38A1C6573796932A935.e.16698","ELEMENT":"f.3CC06888A91A2B87598FBDB561306D63.d.98CAD48FCA2EA38A1C6573796932A935.e.16698"}]}
COMMAND: POST /session/e75b3d5d2d0828505fb80b5e18bd174b/element/f.3CC06888A91A2B87598FBDB561306D63.d.98CAD48FCA2EA38A1C6573796932A935.e.16698/click - {}
COMMAND: GET /session/e75b3d5d2d0828505fb80b5e18bd174b/screenshot - {}
RESULT: {}
RESULT: {}
COMMAND: GET /session/e75b3d5d2d0828505fb80b5e18bd174b/screenshot - {}
RESULT: {}
COMMAND: POST /session/e75b3d5d2d0828505fb80b5e18bd174b/element - {"using":"xpath","value":"//span[contains(@id ,\"AddNewHO--typeSelect-arrow\")]"}
RESULT: {}
RESULT: {"using":"xpath","value":"//span[contains(@id ,\"AddNewHO--typeSelect-arrow\")]"}
COMMAND: POST /session/e75b3d5d2d0828505fb80b5e18bd174b/element/f.3CC06888A91A2B87598FBDB561306D63.d.98CAD48FCA2EA38A1C6573796932A935.e.17052/click - {}
RESULT: {}
COMMAND: GET /session/e75b3d5d2d0828505fb80b5e18bd174b/screenshot - {}
RESULT: {}
COMMAND: POST /session/e75b3d5d2d0828505fb80b5e18bd174b/element - {"using":"xpath","value":"(//li[contains(text(), \"stock increase yard\")])[1]"}
RESULT: {"using":"xpath","value":"(//li[contains(text(), \"stock increase yard\")])[1]"}
COMMAND: POST /session/e75b3d5d2d0828505fb80b5e18bd174b/element/f.3CC06888A91A2B87598FBDB561306D63.d.98CAD48FCA2EA38A1C6573796932A935.e.17053/click - {}
RESULT: {}
COMMAND: GET /session/e75b3d5d2d0828505fb80b5e18bd174b/screenshot - {}
RESULT: {}
COMMAND: POST /session/e75b3d5d2d0828505fb80b5e18bd174b/execute/async - {"script":"<script> [1562 bytes]","args":[{"selector":{"id":"application-managehandovers-display-component---AddNewHO--dueDate","interaction":{"idSuffix":"inner"}},"wdio_ui5_key":"applicationmanagehandovers-display-component---AddNewHO--dueDate"}]}
RESULT: {"script":"<script> [1562 bytes]","args":[{"selector":{"id":"application-managehandovers-display-component---AddNewHO--dueDate","interaction":{"idSuffix":"inner"}},"wdio_ui5_key":"applicationmanagehandovers-display-component---AddNewHO--dueDate"}]}
RESULT: undefined
COMMAND: POST /session/e75b3d5d2d0828505fb80b5e18bd174b/execute/async - {"script":"<script> [6424 bytes]","args":[{"element-6066-11e4-a52e-4f735466cecf":"f.3CC06888A91A2B87598FBDB561306D63.d.98CAD48FCA2EA38A1C6573796932A935.e.17055"},"setValue",["5/19/25"]]}
RESULT: {"script":"<script> [6424 bytes]","args":[{"element-6066-11e4-a52e-4f735466cecf":"f.3CC06888A91A2B87598FBDB561306D63.d.98CAD48FCA2EA38A1C6573796932A935.e.17055"},"setValue",["5/19/25"]]}
COMMAND: POST /session/e75b3d5d2d0828505fb80b5e18bd174b/element - {"using":"xpath","value":"//input[@id=\"generalSectionFrg--receiveYard-inner\"]"}
RESULT: {"using":"xpath","value":"//input[@id=\"generalSectionFrg--receiveYard-inner\"]"}
COMMAND: POST /session/e75b3d5d2d0828505fb80b5e18bd174b/element/f.3CC06888A91A2B87598FBDB561306D63.d.98CAD48FCA2EA38A1C6573796932A935.e.17059/clear - {}
RESULT: {}
COMMAND: POST /session/e75b3d5d2d0828505fb80b5e18bd174b/element/f.3CC06888A91A2B87598FBDB561306D63.d.98CAD48FCA2EA38A1C6573796932A935.e.17059/value - {"text":"564"}
COMMAND: GET /session/e75b3d5d2d0828505fb80b5e18bd174b/screenshot - {}
RESULT: {"text":"564"}
COMMAND: GET /session/e75b3d5d2d0828505fb80b5e18bd174b/screenshot - {}
RESULT: {}
RESULT: {}
COMMAND: POST /session/e75b3d5d2d0828505fb80b5e18bd174b/element - {"using":"xpath","value":"//li[.//span[text()='564']]"}
RESULT: {"using":"xpath","value":"//li[.//span[text()='564']]"}
COMMAND: POST /session/e75b3d5d2d0828505fb80b5e18bd174b/element/f.3CC06888A91A2B87598FBDB561306D63.d.98CAD48FCA2EA38A1C6573796932A935.e.17076/click - {}
RESULT: {}
COMMAND: GET /session/e75b3d5d2d0828505fb80b5e18bd174b/screenshot - {}
RESULT: {}
COMMAND: POST /session/e75b3d5d2d0828505fb80b5e18bd174b/execute/async - {"script":"<script> [1562 bytes]","args":[{"selector":{"id":"application-managehandovers-display-component---AddNewHO--ObjectPageLayout-anchBar-application-managehandovers-display-component---AddNewHO--section4-anchor","interaction":{"idSuffix":"BDI-content"}},"wdio_ui5_key":"applicationmanagehandovers-display-component---AddNewHO--ObjectPageLayout-anchBar-application-managehandovers-display-component---AddNewHO--section4-anchor"}]}
RESULT: {"script":"<script> [1562 bytes]","args":[{"selector":{"id":"application-managehandovers-display-component---AddNewHO--ObjectPageLayout-anchBar-application-managehandovers-display-component---AddNewHO--section4-anchor","interaction":{"idSuffix":"BDI-content"}},"wdio_ui5_key":"applicationmanagehandovers-display-component---AddNewHO--ObjectPageLayout-anchBar-application-managehandovers-display-component---AddNewHO--section4-anchor"}]}
RESULT: undefined
COMMAND: POST /session/e75b3d5d2d0828505fb80b5e18bd174b/element - {"using":"xpath","value":"//*[@id=\"application-managehandovers-display-component---AddNewHO--ObjectPageLayout-anchBar-application-managehandovers-display-component---AddNewHO--section4-anchor\"]"}
RESULT: {"using":"xpath","value":"//*[@id=\"application-managehandovers-display-component---AddNewHO--ObjectPageLayout-anchBar-application-managehandovers-display-component---AddNewHO--section4-anchor\"]"}
COMMAND: POST /session/e75b3d5d2d0828505fb80b5e18bd174b/element/f.3CC06888A91A2B87598FBDB561306D63.d.98CAD48FCA2EA38A1C6573796932A935.e.17078/click - {}
RESULT: {}
COMMAND: POST /session/e75b3d5d2d0828505fb80b5e18bd174b/element - {"using":"xpath","value":"//button[@aria-label=\"Add\"]"}
COMMAND: GET /session/e75b3d5d2d0828505fb80b5e18bd174b/screenshot - {}
RESULT: {"using":"xpath","value":"//button[@aria-label=\"Add\"]"}
COMMAND: POST /session/e75b3d5d2d0828505fb80b5e18bd174b/element/f.3CC06888A91A2B87598FBDB561306D63.d.98CAD48FCA2EA38A1C6573796932A935.e.17080/click - {}
RESULT: {}
RESULT: {}
COMMAND: GET /session/e75b3d5d2d0828505fb80b5e18bd174b/screenshot - {}
RESULT: {}
COMMAND: POST /session/e75b3d5d2d0828505fb80b5e18bd174b/execute/async - {"script":"<script> [1562 bytes]","args":[{"selector":{"id":"application-managehandovers-display-component---AddNewHO--smartFilterBar-btnBasicSearch","searchOpenDialogs":true,"interaction":{"idSuffix":"I"}},"wdio_ui5_key":"applicationmanagehandovers-display-component---AddNewHO--smartFilterBar-btnBasicSearch"}]}
RESULT: {"script":"<script> [1562 bytes]","args":[{"selector":{"id":"application-managehandovers-display-component---AddNewHO--smartFilterBar-btnBasicSearch","searchOpenDialogs":true,"interaction":{"idSuffix":"I"}},"wdio_ui5_key":"applicationmanagehandovers-display-component---AddNewHO--smartFilterBar-btnBasicSearch"}]}
RESULT: undefined
COMMAND: POST /session/e75b3d5d2d0828505fb80b5e18bd174b/execute/async - {"script":"<script> [776 bytes]","args":[{"enterText":"6uAft6UvnJ","selector":{"id":"application-managehandovers-display-component---AddNewHO--smartFilterBar-btnBasicSearch","searchOpenDialogs":true,"interaction":{"idSuffix":"I"}},"clearTextFirst":true,"interactionType":"ENTER_TEXT"}]}
RESULT: {"script":"<script> [776 bytes]","args":[{"enterText":"6uAft6UvnJ","selector":{"id":"application-managehandovers-display-component---AddNewHO--smartFilterBar-btnBasicSearch","searchOpenDialogs":true,"interaction":{"idSuffix":"I"}},"clearTextFirst":true,"interactionType":"ENTER_TEXT"}]}
COMMAND: POST /session/e75b3d5d2d0828505fb80b5e18bd174b/actions - {"actions":[{"id":"action61","type":"key","parameters":{},"actions":[{"type":"keyDown","value":"î€‡"},{"type":"pause","duration":10},{"type":"keyUp","value":"î€‡"}]}]}
RESULT: {"actions":[{"id":"action61","type":"key","parameters":{},"actions":[{"type":"keyDown","value":"î€‡"},{"type":"pause","duration":10},{"type":"keyUp","value":"î€‡"}]}]}
COMMAND: GET /session/e75b3d5d2d0828505fb80b5e18bd174b/screenshot - {}
RESULT: {}
COMMAND: POST /session/e75b3d5d2d0828505fb80b5e18bd174b/execute/async - {"script":"<script> [1562 bytes]","args":[{"selector":{"id":"application-managehandovers-display-component---AddNewHO--popup-sa","searchOpenDialogs":true,"interaction":{"idSuffix":"CbBg"}},"wdio_ui5_key":"applicationmanagehandovers-display-component---AddNewHO--popup-sa"}]}
RESULT: {"script":"<script> [1562 bytes]","args":[{"selector":{"id":"application-managehandovers-display-component---AddNewHO--popup-sa","searchOpenDialogs":true,"interaction":{"idSuffix":"CbBg"}},"wdio_ui5_key":"applicationmanagehandovers-display-component---AddNewHO--popup-sa"}]}
RESULT: undefined
COMMAND: POST /session/e75b3d5d2d0828505fb80b5e18bd174b/element - {"using":"xpath","value":"//*[@id=\"application-managehandovers-display-component---AddNewHO--popup-sa\"]"}
RESULT: {"using":"xpath","value":"//*[@id=\"application-managehandovers-display-component---AddNewHO--popup-sa\"]"}
COMMAND: POST /session/e75b3d5d2d0828505fb80b5e18bd174b/element/f.3CC06888A91A2B87598FBDB561306D63.d.98CAD48FCA2EA38A1C6573796932A935.e.17232/click - {}
RESULT: {}
COMMAND: GET /session/e75b3d5d2d0828505fb80b5e18bd174b/screenshot - {}
RESULT: {}
COMMAND: POST /session/e75b3d5d2d0828505fb80b5e18bd174b/element - {"using":"xpath","value":"//bdi[contains(text(), \"Select\")]"}
RESULT: {"using":"xpath","value":"//bdi[contains(text(), \"Select\")]"}
COMMAND: POST /session/e75b3d5d2d0828505fb80b5e18bd174b/element/f.3CC06888A91A2B87598FBDB561306D63.d.98CAD48FCA2EA38A1C6573796932A935.e.17233/click - {}
RESULT: {}
COMMAND: GET /session/e75b3d5d2d0828505fb80b5e18bd174b/screenshot - {}
RESULT: {}
COMMAND: POST /session/e75b3d5d2d0828505fb80b5e18bd174b/element - {"using":"xpath","value":"//button[@data-kt=\"AddNewHOSaveButton\"]"}
RESULT: {"using":"xpath","value":"//button[@data-kt=\"AddNewHOSaveButton\"]"}
COMMAND: POST /session/e75b3d5d2d0828505fb80b5e18bd174b/element/f.3CC06888A91A2B87598FBDB561306D63.d.98CAD48FCA2EA38A1C6573796932A935.e.17237/click - {}
RESULT: {}
COMMAND: GET /session/e75b3d5d2d0828505fb80b5e18bd174b/screenshot - {}
RESULT: {}
COMMAND: POST /session/e75b3d5d2d0828505fb80b5e18bd174b/execute/async - {"script":"<script> [1562 bytes]","args":[{"selector":{"id":"receiptDatePicker","viewName":"etm.portal.ui.managehandovers.view.DetailExecuteHO","interaction":{"idSuffix":"inner"}},"wdio_ui5_key":"receiptDatePickeretmportal.ui.managehandovers.view.DetailExecuteHO"}]}
RESULT: {"script":"<script> [1562 bytes]","args":[{"selector":{"id":"receiptDatePicker","viewName":"etm.portal.ui.managehandovers.view.DetailExecuteHO","interaction":{"idSuffix":"inner"}},"wdio_ui5_key":"receiptDatePickeretmportal.ui.managehandovers.view.DetailExecuteHO"}]}
RESULT: undefined
COMMAND: POST /session/e75b3d5d2d0828505fb80b5e18bd174b/execute/async - {"script":"<script> [6424 bytes]","args":[{"element-6066-11e4-a52e-4f735466cecf":"f.3CC06888A91A2B87598FBDB561306D63.d.98CAD48FCA2EA38A1C6573796932A935.e.17256"},"setValue",["5/19/25"]]}
RESULT: {"script":"<script> [6424 bytes]","args":[{"element-6066-11e4-a52e-4f735466cecf":"f.3CC06888A91A2B87598FBDB561306D63.d.98CAD48FCA2EA38A1C6573796932A935.e.17256"},"setValue",["5/19/25"]]}
COMMAND: POST /session/e75b3d5d2d0828505fb80b5e18bd174b/element - {"using":"xpath","value":"//button[@data-kt=\"PickingTableConfirmAllButton\"]"}
RESULT: {"using":"xpath","value":"//button[@data-kt=\"PickingTableConfirmAllButton\"]"}
COMMAND: POST /session/e75b3d5d2d0828505fb80b5e18bd174b/element/f.3CC06888A91A2B87598FBDB561306D63.d.98CAD48FCA2EA38A1C6573796932A935.e.17271/click - {}
RESULT: {}
COMMAND: GET /session/e75b3d5d2d0828505fb80b5e18bd174b/screenshot - {}
RESULT: {}
COMMAND: POST /session/e75b3d5d2d0828505fb80b5e18bd174b/element - {"using":"xpath","value":"//bdi[contains(text(), \"OK\")]"}
RESULT: {"using":"xpath","value":"//bdi[contains(text(), \"OK\")]"}
COMMAND: POST /session/e75b3d5d2d0828505fb80b5e18bd174b/element/f.3CC06888A91A2B87598FBDB561306D63.d.98CAD48FCA2EA38A1C6573796932A935.e.17273/click - {}
RESULT: {}
COMMAND: GET /session/e75b3d5d2d0828505fb80b5e18bd174b/screenshot - {}
RESULT: {}
COMMAND: POST /session/e75b3d5d2d0828505fb80b5e18bd174b/element - {"using":"xpath","value":"(//bdi[contains(text(), \"Receive\")])[2]"}
RESULT: {"using":"xpath","value":"(//bdi[contains(text(), \"Receive\")])[2]"}
COMMAND: POST /session/e75b3d5d2d0828505fb80b5e18bd174b/element/f.3CC06888A91A2B87598FBDB561306D63.d.98CAD48FCA2EA38A1C6573796932A935.e.17275/click - {}
RESULT: {}
COMMAND: GET /session/e75b3d5d2d0828505fb80b5e18bd174b/screenshot - {}
RESULT: {}
COMMAND: POST /session/e75b3d5d2d0828505fb80b5e18bd174b/element - {"using":"css selector","value":"#shell-header-logo"}
RESULT: {"using":"css selector","value":"#shell-header-logo"}
COMMAND: POST /session/e75b3d5d2d0828505fb80b5e18bd174b/element/f.3CC06888A91A2B87598FBDB561306D63.d.98CAD48FCA2EA38A1C6573796932A935.e.16664/click - {}
RESULT: {}
COMMAND: GET /session/e75b3d5d2d0828505fb80b5e18bd174b/screenshot - {}
RESULT: {}
]]></system-out>
    </testcase>
    <testcase classname="chrome.136_0_7103_93.windows.Performance_based_billing_(work_days)_US139742" name="Should create a new contract" time="59.76">
      <system-out><![CDATA[
COMMAND: POST /session/e75b3d5d2d0828505fb80b5e18bd174b/execute/async - {"script":"<script> [1562 bytes]","args":[{"selector":{"controlType":"sap.m.GenericTile","properties":{"header":"Manage Contracts"}},"wdio_ui5_key":"sapm.GenericTile{\"header\":\"Manage Contracts\"}"}]}
RESULT: {"script":"<script> [1562 bytes]","args":[{"selector":{"controlType":"sap.m.GenericTile","properties":{"header":"Manage Contracts"}},"wdio_ui5_key":"sapm.GenericTile{\"header\":\"Manage Contracts\"}"}]}
RESULT: undefined
COMMAND: POST /session/e75b3d5d2d0828505fb80b5e18bd174b/element - {"using":"xpath","value":"//*[@id=\"__tile130\"]"}
RESULT: {"using":"xpath","value":"//*[@id=\"__tile130\"]"}
COMMAND: POST /session/e75b3d5d2d0828505fb80b5e18bd174b/element/f.3CC06888A91A2B87598FBDB561306D63.d.98CAD48FCA2EA38A1C6573796932A935.e.14915/click - {}
RESULT: {}
COMMAND: GET /session/e75b3d5d2d0828505fb80b5e18bd174b/screenshot - {}
RESULT: {}
COMMAND: POST /session/e75b3d5d2d0828505fb80b5e18bd174b/elements - {"using":"xpath","value":"//span[text()='Error']"}
RESULT: {"using":"xpath","value":"//span[text()='Error']"}
COMMAND: POST /session/e75b3d5d2d0828505fb80b5e18bd174b/element - {"using":"xpath","value":"//button[@data-kt=\"addButton\"]"}
RESULT: {"using":"xpath","value":"//button[@data-kt=\"addButton\"]"}
COMMAND: POST /session/e75b3d5d2d0828505fb80b5e18bd174b/elements - {"using":"xpath","value":"//button[@data-kt=\"addButton\"]"}
RESULT: {"using":"xpath","value":"//button[@data-kt=\"addButton\"]"}
COMMAND: POST /session/e75b3d5d2d0828505fb80b5e18bd174b/execute/sync - {"script":"<script> [8489 bytes]","args":[{"element-6066-11e4-a52e-4f735466cecf":"f.3CC06888A91A2B87598FBDB561306D63.d.98CAD48FCA2EA38A1C6573796932A935.e.17606","ELEMENT":"f.3CC06888A91A2B87598FBDB561306D63.d.98CAD48FCA2EA38A1C6573796932A935.e.17606"}]}
RESULT: {"script":"<script> [8489 bytes]","args":[{"element-6066-11e4-a52e-4f735466cecf":"f.3CC06888A91A2B87598FBDB561306D63.d.98CAD48FCA2EA38A1C6573796932A935.e.17606","ELEMENT":"f.3CC06888A91A2B87598FBDB561306D63.d.98CAD48FCA2EA38A1C6573796932A935.e.17606"}]}
COMMAND: GET /session/e75b3d5d2d0828505fb80b5e18bd174b/element/f.3CC06888A91A2B87598FBDB561306D63.d.98CAD48FCA2EA38A1C6573796932A935.e.17606/enabled - {}
COMMAND: GET /session/e75b3d5d2d0828505fb80b5e18bd174b/screenshot - {}
RESULT: {}
COMMAND: POST /session/e75b3d5d2d0828505fb80b5e18bd174b/execute/sync - {"script":"<script> [8489 bytes]","args":[{"element-6066-11e4-a52e-4f735466cecf":"f.3CC06888A91A2B87598FBDB561306D63.d.98CAD48FCA2EA38A1C6573796932A935.e.17606","ELEMENT":"f.3CC06888A91A2B87598FBDB561306D63.d.98CAD48FCA2EA38A1C6573796932A935.e.17606"}]}
COMMAND: GET /session/e75b3d5d2d0828505fb80b5e18bd174b/screenshot - {}
RESULT: {}
RESULT: {"script":"<script> [8489 bytes]","args":[{"element-6066-11e4-a52e-4f735466cecf":"f.3CC06888A91A2B87598FBDB561306D63.d.98CAD48FCA2EA38A1C6573796932A935.e.17606","ELEMENT":"f.3CC06888A91A2B87598FBDB561306D63.d.98CAD48FCA2EA38A1C6573796932A935.e.17606"}]}
COMMAND: POST /session/e75b3d5d2d0828505fb80b5e18bd174b/execute/sync - {"script":"<script> [5351 bytes]","args":[{"element-6066-11e4-a52e-4f735466cecf":"f.3CC06888A91A2B87598FBDB561306D63.d.98CAD48FCA2EA38A1C6573796932A935.e.17606","ELEMENT":"f.3CC06888A91A2B87598FBDB561306D63.d.98CAD48FCA2EA38A1C6573796932A935.e.17606"}]}
COMMAND: GET /session/e75b3d5d2d0828505fb80b5e18bd174b/screenshot - {}
RESULT: {}
RESULT: {"script":"<script> [5351 bytes]","args":[{"element-6066-11e4-a52e-4f735466cecf":"f.3CC06888A91A2B87598FBDB561306D63.d.98CAD48FCA2EA38A1C6573796932A935.e.17606","ELEMENT":"f.3CC06888A91A2B87598FBDB561306D63.d.98CAD48FCA2EA38A1C6573796932A935.e.17606"}]}
COMMAND: GET /session/e75b3d5d2d0828505fb80b5e18bd174b/screenshot - {}
RESULT: {}
RESULT: {}
COMMAND: POST /session/e75b3d5d2d0828505fb80b5e18bd174b/element/f.3CC06888A91A2B87598FBDB561306D63.d.98CAD48FCA2EA38A1C6573796932A935.e.17606/click - {}
RESULT: {}
COMMAND: GET /session/e75b3d5d2d0828505fb80b5e18bd174b/screenshot - {}
COMMAND: POST /session/e75b3d5d2d0828505fb80b5e18bd174b/execute/async - {"script":"<script> [1562 bytes]","args":[{"selector":{"id":"application-managecontracts-display-component---AddNewContract--projectDescription","interaction":{"idSuffix":"inner"}},"wdio_ui5_key":"applicationmanagecontracts-display-component---AddNewContract--projectDescription"}]}
RESULT: {}
RESULT: {"script":"<script> [1562 bytes]","args":[{"selector":{"id":"application-managecontracts-display-component---AddNewContract--projectDescription","interaction":{"idSuffix":"inner"}},"wdio_ui5_key":"applicationmanagecontracts-display-component---AddNewContract--projectDescription"}]}
RESULT: undefined
COMMAND: POST /session/e75b3d5d2d0828505fb80b5e18bd174b/execute/async - {"script":"<script> [776 bytes]","args":[{"enterText":"Performance Contract WDIO","selector":{"id":"application-managecontracts-display-component---AddNewContract--projectDescription","interaction":{"idSuffix":"inner"}},"clearTextFirst":true,"interactionType":"ENTER_TEXT"}]}
RESULT: {"script":"<script> [776 bytes]","args":[{"enterText":"Performance Contract WDIO","selector":{"id":"application-managecontracts-display-component---AddNewContract--projectDescription","interaction":{"idSuffix":"inner"}},"clearTextFirst":true,"interactionType":"ENTER_TEXT"}]}
COMMAND: POST /session/e75b3d5d2d0828505fb80b5e18bd174b/element - {"using":"xpath","value":"//input[@id=\"application-managecontracts-display-component---AddNewContract--site-inner\"]"}
RESULT: {"using":"xpath","value":"//input[@id=\"application-managecontracts-display-component---AddNewContract--site-inner\"]"}
COMMAND: POST /session/e75b3d5d2d0828505fb80b5e18bd174b/element/f.3CC06888A91A2B87598FBDB561306D63.d.98CAD48FCA2EA38A1C6573796932A935.e.17963/clear - {}
RESULT: {}
COMMAND: POST /session/e75b3d5d2d0828505fb80b5e18bd174b/element/f.3CC06888A91A2B87598FBDB561306D63.d.98CAD48FCA2EA38A1C6573796932A935.e.17963/value - {"text":"2284"}
COMMAND: GET /session/e75b3d5d2d0828505fb80b5e18bd174b/screenshot - {}
RESULT: {"text":"2284"}
COMMAND: GET /session/e75b3d5d2d0828505fb80b5e18bd174b/screenshot - {}
RESULT: {}
RESULT: {}
COMMAND: POST /session/e75b3d5d2d0828505fb80b5e18bd174b/element - {"using":"xpath","value":"//li[.//span[text()='2284']]"}
RESULT: {"using":"xpath","value":"//li[.//span[text()='2284']]"}
COMMAND: POST /session/e75b3d5d2d0828505fb80b5e18bd174b/element/f.3CC06888A91A2B87598FBDB561306D63.d.98CAD48FCA2EA38A1C6573796932A935.e.17993/click - {}
RESULT: {}
COMMAND: GET /session/e75b3d5d2d0828505fb80b5e18bd174b/screenshot - {}
RESULT: {}
COMMAND: POST /session/e75b3d5d2d0828505fb80b5e18bd174b/element - {"using":"xpath","value":"//input[@id=\"application-managecontracts-display-component---AddNewContract--yardId-inner\"]"}
RESULT: {"using":"xpath","value":"//input[@id=\"application-managecontracts-display-component---AddNewContract--yardId-inner\"]"}
COMMAND: GET /session/e75b3d5d2d0828505fb80b5e18bd174b/element/f.3CC06888A91A2B87598FBDB561306D63.d.98CAD48FCA2EA38A1C6573796932A935.e.17964/property/value - {}
RESULT: {}
COMMAND: POST /session/e75b3d5d2d0828505fb80b5e18bd174b/element - {"using":"xpath","value":"//input[@id=\"application-managecontracts-display-component---AddNewContract--customerSelect-inner\"]"}
COMMAND: GET /session/e75b3d5d2d0828505fb80b5e18bd174b/screenshot - {}
RESULT: {"using":"xpath","value":"//input[@id=\"application-managecontracts-display-component---AddNewContract--customerSelect-inner\"]"}
COMMAND: POST /session/e75b3d5d2d0828505fb80b5e18bd174b/element/f.3CC06888A91A2B87598FBDB561306D63.d.98CAD48FCA2EA38A1C6573796932A935.e.17962/clear - {}
RESULT: {}
RESULT: {}
COMMAND: POST /session/e75b3d5d2d0828505fb80b5e18bd174b/element/f.3CC06888A91A2B87598FBDB561306D63.d.98CAD48FCA2EA38A1C6573796932A935.e.17962/value - {"text":"1336"}
COMMAND: GET /session/e75b3d5d2d0828505fb80b5e18bd174b/screenshot - {}
RESULT: {"text":"1336"}
COMMAND: GET /session/e75b3d5d2d0828505fb80b5e18bd174b/screenshot - {}
RESULT: {}
RESULT: {}
COMMAND: POST /session/e75b3d5d2d0828505fb80b5e18bd174b/element - {"using":"xpath","value":"//li[.//span[text()='1336']]"}
RESULT: {"using":"xpath","value":"//li[.//span[text()='1336']]"}
COMMAND: POST /session/e75b3d5d2d0828505fb80b5e18bd174b/element/f.3CC06888A91A2B87598FBDB561306D63.d.98CAD48FCA2EA38A1C6573796932A935.e.17996/click - {}
RESULT: {}
COMMAND: GET /session/e75b3d5d2d0828505fb80b5e18bd174b/screenshot - {}
RESULT: {}
COMMAND: POST /session/e75b3d5d2d0828505fb80b5e18bd174b/element - {"using":"xpath","value":"//button[@data-kt=\"saveButton\"]"}
RESULT: {"using":"xpath","value":"//button[@data-kt=\"saveButton\"]"}
COMMAND: POST /session/e75b3d5d2d0828505fb80b5e18bd174b/element/f.3CC06888A91A2B87598FBDB561306D63.d.98CAD48FCA2EA38A1C6573796932A935.e.17997/click - {}
RESULT: {}
COMMAND: GET /session/e75b3d5d2d0828505fb80b5e18bd174b/screenshot - {}
RESULT: {}
COMMAND: POST /session/e75b3d5d2d0828505fb80b5e18bd174b/element - {"using":"xpath","value":"//span[contains(@id ,\"contractDetailTitleNoExpanded\")]"}
RESULT: {"using":"xpath","value":"//span[contains(@id ,\"contractDetailTitleNoExpanded\")]"}
COMMAND: POST /session/e75b3d5d2d0828505fb80b5e18bd174b/elements - {"using":"xpath","value":"//span[contains(@id ,\"contractDetailTitleNoExpanded\")]"}
RESULT: {"using":"xpath","value":"//span[contains(@id ,\"contractDetailTitleNoExpanded\")]"}
COMMAND: POST /session/e75b3d5d2d0828505fb80b5e18bd174b/execute/sync - {"script":"<script> [56 bytes]","args":[{"element-6066-11e4-a52e-4f735466cecf":"f.3CC06888A91A2B87598FBDB561306D63.d.98CAD48FCA2EA38A1C6573796932A935.e.18008","ELEMENT":"f.3CC06888A91A2B87598FBDB561306D63.d.98CAD48FCA2EA38A1C6573796932A935.e.18008"}]}
RESULT: {"script":"<script> [56 bytes]","args":[{"element-6066-11e4-a52e-4f735466cecf":"f.3CC06888A91A2B87598FBDB561306D63.d.98CAD48FCA2EA38A1C6573796932A935.e.18008","ELEMENT":"f.3CC06888A91A2B87598FBDB561306D63.d.98CAD48FCA2EA38A1C6573796932A935.e.18008"}]}
COMMAND: GET /session/e75b3d5d2d0828505fb80b5e18bd174b/screenshot - {}
RESULT: {}
]]></system-out>
    </testcase>
    <testcase classname="chrome.136_0_7103_93.windows.Performance_based_billing_(work_days)_US139742" name="Should add equipment to the contract" time="46.468">
      <system-out><![CDATA[
COMMAND: POST /session/e75b3d5d2d0828505fb80b5e18bd174b/element - {"using":"xpath","value":"//button[@data-kt=\"contractDetailEditBtnButton\"]"}
RESULT: {"using":"xpath","value":"//button[@data-kt=\"contractDetailEditBtnButton\"]"}
COMMAND: POST /session/e75b3d5d2d0828505fb80b5e18bd174b/element/f.3CC06888A91A2B87598FBDB561306D63.d.98CAD48FCA2EA38A1C6573796932A935.e.18010/click - {}
RESULT: {}
COMMAND: GET /session/e75b3d5d2d0828505fb80b5e18bd174b/screenshot - {}
RESULT: {}
COMMAND: POST /session/e75b3d5d2d0828505fb80b5e18bd174b/element - {"using":"xpath","value":"(//span[contains(text(), \"Additional Addresses\")])[2]"}
RESULT: {"using":"xpath","value":"(//span[contains(text(), \"Additional Addresses\")])[2]"}
COMMAND: POST /session/e75b3d5d2d0828505fb80b5e18bd174b/element/f.3CC06888A91A2B87598FBDB561306D63.d.98CAD48FCA2EA38A1C6573796932A935.e.18065/click - {}
RESULT: {}
COMMAND: GET /session/e75b3d5d2d0828505fb80b5e18bd174b/screenshot - {}
RESULT: {}
COMMAND: POST /session/e75b3d5d2d0828505fb80b5e18bd174b/element - {"using":"xpath","value":"//button[@data-kt=\"btnAddTableRowOverflowToolbarButton\"]"}
RESULT: {"using":"xpath","value":"//button[@data-kt=\"btnAddTableRowOverflowToolbarButton\"]"}
COMMAND: POST /session/e75b3d5d2d0828505fb80b5e18bd174b/element/f.3CC06888A91A2B87598FBDB561306D63.d.98CAD48FCA2EA38A1C6573796932A935.e.18068/click - {}
RESULT: {}
COMMAND: GET /session/e75b3d5d2d0828505fb80b5e18bd174b/screenshot - {}
RESULT: {}
COMMAND: POST /session/e75b3d5d2d0828505fb80b5e18bd174b/element - {"using":"xpath","value":"//div[(text() = 'Standard Entry' or . = 'Standard Entry')]"}
RESULT: {"using":"xpath","value":"//div[(text() = 'Standard Entry' or . = 'Standard Entry')]"}
COMMAND: POST /session/e75b3d5d2d0828505fb80b5e18bd174b/element/f.3CC06888A91A2B87598FBDB561306D63.d.98CAD48FCA2EA38A1C6573796932A935.e.18070/click - {}
RESULT: {}
COMMAND: GET /session/e75b3d5d2d0828505fb80b5e18bd174b/screenshot - {}
RESULT: {}
COMMAND: POST /session/e75b3d5d2d0828505fb80b5e18bd174b/element - {"using":"xpath","value":"//td[7]/div/div/input"}
RESULT: {"using":"xpath","value":"//td[7]/div/div/input"}
COMMAND: POST /session/e75b3d5d2d0828505fb80b5e18bd174b/element/f.3CC06888A91A2B87598FBDB561306D63.d.98CAD48FCA2EA38A1C6573796932A935.e.18079/clear - {}
RESULT: {}
COMMAND: POST /session/e75b3d5d2d0828505fb80b5e18bd174b/element/f.3CC06888A91A2B87598FBDB561306D63.d.98CAD48FCA2EA38A1C6573796932A935.e.18079/value - {"text":"6uAft6UvnJ"}
COMMAND: GET /session/e75b3d5d2d0828505fb80b5e18bd174b/screenshot - {}
RESULT: {"text":"6uAft6UvnJ"}
COMMAND: GET /session/e75b3d5d2d0828505fb80b5e18bd174b/screenshot - {}
RESULT: {}
RESULT: {}
COMMAND: POST /session/e75b3d5d2d0828505fb80b5e18bd174b/actions - {"actions":[{"id":"action62","type":"key","parameters":{},"actions":[{"type":"keyDown","value":"î€‡"},{"type":"pause","duration":10},{"type":"keyUp","value":"î€‡"}]}]}
RESULT: {"actions":[{"id":"action62","type":"key","parameters":{},"actions":[{"type":"keyDown","value":"î€‡"},{"type":"pause","duration":10},{"type":"keyUp","value":"î€‡"}]}]}
COMMAND: GET /session/e75b3d5d2d0828505fb80b5e18bd174b/screenshot - {}
RESULT: {}
COMMAND: POST /session/e75b3d5d2d0828505fb80b5e18bd174b/execute/sync - {"script":"<script> [276 bytes]","args":["No pricing information was found"]}
RESULT: {"script":"<script> [276 bytes]","args":["No pricing information was found"]}
COMMAND: POST /session/e75b3d5d2d0828505fb80b5e18bd174b/element - {"using":"xpath","value":"(//button[@data-kt=\"saveButton\"])[2]"}
COMMAND: GET /session/e75b3d5d2d0828505fb80b5e18bd174b/screenshot - {}
RESULT: {"using":"xpath","value":"(//button[@data-kt=\"saveButton\"])[2]"}
COMMAND: POST /session/e75b3d5d2d0828505fb80b5e18bd174b/element/f.3CC06888A91A2B87598FBDB561306D63.d.98CAD48FCA2EA38A1C6573796932A935.e.18094/click - {}
RESULT: {}
RESULT: {}
COMMAND: GET /session/e75b3d5d2d0828505fb80b5e18bd174b/screenshot - {}
RESULT: {}
COMMAND: POST /session/e75b3d5d2d0828505fb80b5e18bd174b/execute/sync - {"script":"<script> [276 bytes]","args":["Some contract items are having rental validity exceeding header rental validity"]}
RESULT: {"script":"<script> [276 bytes]","args":["Some contract items are having rental validity exceeding header rental validity"]}
COMMAND: GET /session/e75b3d5d2d0828505fb80b5e18bd174b/screenshot - {}
RESULT: {}
COMMAND: POST /session/e75b3d5d2d0828505fb80b5e18bd174b/element - {"using":"xpath","value":"//span[contains(@id ,\"contractItemsSmartTable-header-inner\")]"}
RESULT: {"using":"xpath","value":"//span[contains(@id ,\"contractItemsSmartTable-header-inner\")]"}
COMMAND: POST /session/e75b3d5d2d0828505fb80b5e18bd174b/elements - {"using":"xpath","value":"//span[contains(@id ,\"contractItemsSmartTable-header-inner\")]"}
RESULT: {"using":"xpath","value":"//span[contains(@id ,\"contractItemsSmartTable-header-inner\")]"}
COMMAND: POST /session/e75b3d5d2d0828505fb80b5e18bd174b/execute/sync - {"script":"<script> [56 bytes]","args":[{"element-6066-11e4-a52e-4f735466cecf":"f.3CC06888A91A2B87598FBDB561306D63.d.98CAD48FCA2EA38A1C6573796932A935.e.18103","ELEMENT":"f.3CC06888A91A2B87598FBDB561306D63.d.98CAD48FCA2EA38A1C6573796932A935.e.18103"}]}
RESULT: {"script":"<script> [56 bytes]","args":[{"element-6066-11e4-a52e-4f735466cecf":"f.3CC06888A91A2B87598FBDB561306D63.d.98CAD48FCA2EA38A1C6573796932A935.e.18103","ELEMENT":"f.3CC06888A91A2B87598FBDB561306D63.d.98CAD48FCA2EA38A1C6573796932A935.e.18103"}]}
COMMAND: GET /session/e75b3d5d2d0828505fb80b5e18bd174b/screenshot - {}
]]></system-out>
    </testcase>
    <testcase classname="chrome.136_0_7103_93.windows.Performance_based_billing_(work_days)_US139742" name="Should do a provide to site handover" time="61.335">
      <system-out><![CDATA[
COMMAND: POST /session/e75b3d5d2d0828505fb80b5e18bd174b/element - {"using":"xpath","value":"//button[@data-kt=\"provideButton\"]"}
RESULT: {}
RESULT: {"using":"xpath","value":"//button[@data-kt=\"provideButton\"]"}
COMMAND: POST /session/e75b3d5d2d0828505fb80b5e18bd174b/element/f.3CC06888A91A2B87598FBDB561306D63.d.98CAD48FCA2EA38A1C6573796932A935.e.18105/click - {}
RESULT: {}
COMMAND: GET /session/e75b3d5d2d0828505fb80b5e18bd174b/screenshot - {}
RESULT: {}
RESULT: undefined
COMMAND: POST /session/e75b3d5d2d0828505fb80b5e18bd174b/execute/async - {"script":"<script> [6424 bytes]","args":[{"element-6066-11e4-a52e-4f735466cecf":"f.3CC06888A91A2B87598FBDB561306D63.d.98CAD48FCA2EA38A1C6573796932A935.e.17055"},"setValue",["5/19/25"]]}
COMMAND: POST /session/e75b3d5d2d0828505fb80b5e18bd174b/execute/async - {"script":"<script> [1562 bytes]","args":[{"selector":{"id":"application-managehandovers-display-component---AddNewHO--dueDate","interaction":{"idSuffix":"inner"}},"wdio_ui5_key":"applicationmanagehandovers-display-component---AddNewHO--dueDate"}]}
RESULT: {"script":"<script> [1562 bytes]","args":[{"selector":{"id":"application-managehandovers-display-component---AddNewHO--dueDate","interaction":{"idSuffix":"inner"}},"wdio_ui5_key":"applicationmanagehandovers-display-component---AddNewHO--dueDate"}]}
COMMAND: POST /session/e75b3d5d2d0828505fb80b5e18bd174b/execute/async - {"script":"<script> [6424 bytes]","args":[{"element-6066-11e4-a52e-4f735466cecf":"f.3CC06888A91A2B87598FBDB561306D63.d.98CAD48FCA2EA38A1C6573796932A935.e.18162"},"setValue",["5/19/25"]]}
RESULT: {"script":"<script> [6424 bytes]","args":[{"element-6066-11e4-a52e-4f735466cecf":"f.3CC06888A91A2B87598FBDB561306D63.d.98CAD48FCA2EA38A1C6573796932A935.e.18162"},"setValue",["5/19/25"]]}
COMMAND: POST /session/e75b3d5d2d0828505fb80b5e18bd174b/element - {"using":"xpath","value":"//bdi[contains(text(), \"Instructions\")]"}
RESULT: {"using":"xpath","value":"//bdi[contains(text(), \"Instructions\")]"}
COMMAND: POST /session/e75b3d5d2d0828505fb80b5e18bd174b/element/f.3CC06888A91A2B87598FBDB561306D63.d.98CAD48FCA2EA38A1C6573796932A935.e.18407/click - {}
RESULT: {}
COMMAND: GET /session/e75b3d5d2d0828505fb80b5e18bd174b/screenshot - {}
RESULT: {}
COMMAND: POST /session/e75b3d5d2d0828505fb80b5e18bd174b/element - {"using":"xpath","value":"//button[@data-kt=\"AddNewHOProvideAddItemsButton\"]"}
RESULT: {"using":"xpath","value":"//button[@data-kt=\"AddNewHOProvideAddItemsButton\"]"}
COMMAND: POST /session/e75b3d5d2d0828505fb80b5e18bd174b/element/f.3CC06888A91A2B87598FBDB561306D63.d.98CAD48FCA2EA38A1C6573796932A935.e.18411/click - {}
RESULT: {}
COMMAND: GET /session/e75b3d5d2d0828505fb80b5e18bd174b/screenshot - {}
RESULT: {}
RESULT: undefined
COMMAND: POST /session/e75b3d5d2d0828505fb80b5e18bd174b/element - {"using":"xpath","value":"//*[@id=\"application-managehandovers-display-component---AddNewHO--popup-sa\"]"}
RESULT: {"using":"xpath","value":"//*[@id=\"application-managehandovers-display-component---AddNewHO--popup-sa\"]"}
COMMAND: POST /session/e75b3d5d2d0828505fb80b5e18bd174b/element/f.3CC06888A91A2B87598FBDB561306D63.d.98CAD48FCA2EA38A1C6573796932A935.e.18420/click - {}
RESULT: {}
COMMAND: GET /session/e75b3d5d2d0828505fb80b5e18bd174b/screenshot - {}
RESULT: {}
COMMAND: POST /session/e75b3d5d2d0828505fb80b5e18bd174b/element - {"using":"xpath","value":"//*[contains(@id ,\"BDI-content\")][contains(text(), \"Select\")]"}
RESULT: {"using":"xpath","value":"//*[contains(@id ,\"BDI-content\")][contains(text(), \"Select\")]"}
COMMAND: POST /session/e75b3d5d2d0828505fb80b5e18bd174b/element/f.3CC06888A91A2B87598FBDB561306D63.d.98CAD48FCA2EA38A1C6573796932A935.e.18422/click - {}
RESULT: {}
COMMAND: GET /session/e75b3d5d2d0828505fb80b5e18bd174b/screenshot - {}
RESULT: {}
COMMAND: POST /session/e75b3d5d2d0828505fb80b5e18bd174b/execute/async - {"script":"<script> [1562 bytes]","args":[{"selector":{"id":"application-managehandovers-display-component---AddNewHO--confirmCreationButton","interaction":{"idSuffix":"BDI-content"}},"wdio_ui5_key":"applicationmanagehandovers-display-component---AddNewHO--confirmCreationButton"}]}
RESULT: {"script":"<script> [1562 bytes]","args":[{"selector":{"id":"application-managehandovers-display-component---AddNewHO--confirmCreationButton","interaction":{"idSuffix":"BDI-content"}},"wdio_ui5_key":"applicationmanagehandovers-display-component---AddNewHO--confirmCreationButton"}]}
RESULT: undefined
COMMAND: POST /session/e75b3d5d2d0828505fb80b5e18bd174b/element - {"using":"xpath","value":"//*[@id=\"application-managehandovers-display-component---AddNewHO--confirmCreationButton\"]"}
RESULT: {"using":"xpath","value":"//*[@id=\"application-managehandovers-display-component---AddNewHO--confirmCreationButton\"]"}
COMMAND: POST /session/e75b3d5d2d0828505fb80b5e18bd174b/element/f.3CC06888A91A2B87598FBDB561306D63.d.98CAD48FCA2EA38A1C6573796932A935.e.18239/click - {}
RESULT: {}
COMMAND: GET /session/e75b3d5d2d0828505fb80b5e18bd174b/screenshot - {}
RESULT: {}
COMMAND: POST /session/e75b3d5d2d0828505fb80b5e18bd174b/execute/async - {"script":"<script> [1562 bytes]","args":[{"selector":{"id":"issueDatePicker","viewName":"etm.portal.ui.managehandovers.view.DetailExecuteHO","interaction":{"idSuffix":"inner"}},"wdio_ui5_key":"issueDatePickeretmportal.ui.managehandovers.view.DetailExecuteHO"}]}
RESULT: {"script":"<script> [1562 bytes]","args":[{"selector":{"id":"issueDatePicker","viewName":"etm.portal.ui.managehandovers.view.DetailExecuteHO","interaction":{"idSuffix":"inner"}},"wdio_ui5_key":"issueDatePickeretmportal.ui.managehandovers.view.DetailExecuteHO"}]}
RESULT: undefined
COMMAND: POST /session/e75b3d5d2d0828505fb80b5e18bd174b/execute/async - {"script":"<script> [776 bytes]","args":[{"enterText":"5/19/25","selector":{"id":"issueDatePicker","viewName":"etm.portal.ui.managehandovers.view.DetailExecuteHO","interaction":{"idSuffix":"inner"}},"clearTextFirst":true,"interactionType":"ENTER_TEXT"}]}
RESULT: {"script":"<script> [776 bytes]","args":[{"enterText":"5/19/25","selector":{"id":"issueDatePicker","viewName":"etm.portal.ui.managehandovers.view.DetailExecuteHO","interaction":{"idSuffix":"inner"}},"clearTextFirst":true,"interactionType":"ENTER_TEXT"}]}
COMMAND: POST /session/e75b3d5d2d0828505fb80b5e18bd174b/element - {"using":"xpath","value":"//bdi[contains(text(), \"OK\")]"}
RESULT: {"using":"xpath","value":"//bdi[contains(text(), \"OK\")]"}
COMMAND: POST /session/e75b3d5d2d0828505fb80b5e18bd174b/element/f.3CC06888A91A2B87598FBDB561306D63.d.98CAD48FCA2EA38A1C6573796932A935.e.18468/click - {}
RESULT: {}
COMMAND: GET /session/e75b3d5d2d0828505fb80b5e18bd174b/screenshot - {}
RESULT: {}
COMMAND: POST /session/e75b3d5d2d0828505fb80b5e18bd174b/element - {"using":"xpath","value":"//button[@data-kt=\"PickingTableConfirmAllButton\"]"}
RESULT: {"using":"xpath","value":"//button[@data-kt=\"PickingTableConfirmAllButton\"]"}
COMMAND: POST /session/e75b3d5d2d0828505fb80b5e18bd174b/element/f.3CC06888A91A2B87598FBDB561306D63.d.98CAD48FCA2EA38A1C6573796932A935.e.18475/click - {}
RESULT: {}
COMMAND: GET /session/e75b3d5d2d0828505fb80b5e18bd174b/screenshot - {}
RESULT: {}
COMMAND: POST /session/e75b3d5d2d0828505fb80b5e18bd174b/element - {"using":"xpath","value":"//bdi[contains(text(), \"OK\")]"}
RESULT: {"using":"xpath","value":"//bdi[contains(text(), \"OK\")]"}
COMMAND: POST /session/e75b3d5d2d0828505fb80b5e18bd174b/element/f.3CC06888A91A2B87598FBDB561306D63.d.98CAD48FCA2EA38A1C6573796932A935.e.18478/click - {}
RESULT: {}
COMMAND: GET /session/e75b3d5d2d0828505fb80b5e18bd174b/screenshot - {}
RESULT: {}
COMMAND: POST /session/e75b3d5d2d0828505fb80b5e18bd174b/element - {"using":"xpath","value":"//bdi[contains(text(), \"Issue\")]"}
RESULT: {"using":"xpath","value":"//bdi[contains(text(), \"Issue\")]"}
COMMAND: POST /session/e75b3d5d2d0828505fb80b5e18bd174b/element/f.3CC06888A91A2B87598FBDB561306D63.d.98CAD48FCA2EA38A1C6573796932A935.e.18480/click - {}
RESULT: {}
COMMAND: GET /session/e75b3d5d2d0828505fb80b5e18bd174b/screenshot - {}
RESULT: {}
COMMAND: POST /session/e75b3d5d2d0828505fb80b5e18bd174b/element - {"using":"css selector","value":"#shell-header-logo"}
RESULT: {"using":"css selector","value":"#shell-header-logo"}
COMMAND: POST /session/e75b3d5d2d0828505fb80b5e18bd174b/element/f.3CC06888A91A2B87598FBDB561306D63.d.98CAD48FCA2EA38A1C6573796932A935.e.17559/click - {}
RESULT: {}
COMMAND: GET /session/e75b3d5d2d0828505fb80b5e18bd174b/screenshot - {}
RESULT: {}
]]></system-out>
    </testcase>
    <testcase classname="chrome.136_0_7103_93.windows.Performance_based_billing_(work_days)_US139742" name="Should create a few performance documents" time="97.942">
      <system-out><![CDATA[
COMMAND: POST /session/e75b3d5d2d0828505fb80b5e18bd174b/execute/async - {"script":"<script> [1562 bytes]","args":[{"selector":{"controlType":"sap.m.GenericTile","properties":{"header":"Manage States & Performance"}},"wdio_ui5_key":"sapm.GenericTile{\"header\":\"Manage States & Performance\"}"}]}
RESULT: {"script":"<script> [1562 bytes]","args":[{"selector":{"controlType":"sap.m.GenericTile","properties":{"header":"Manage States & Performance"}},"wdio_ui5_key":"sapm.GenericTile{\"header\":\"Manage States & Performance\"}"}]}
RESULT: undefined
COMMAND: POST /session/e75b3d5d2d0828505fb80b5e18bd174b/element - {"using":"xpath","value":"//*[@id=\"__tile56\"]"}
RESULT: {"using":"xpath","value":"//*[@id=\"__tile56\"]"}
COMMAND: POST /session/e75b3d5d2d0828505fb80b5e18bd174b/element/f.3CC06888A91A2B87598FBDB561306D63.d.98CAD48FCA2EA38A1C6573796932A935.e.15008/click - {}
RESULT: {}
COMMAND: GET /session/e75b3d5d2d0828505fb80b5e18bd174b/screenshot - {}
RESULT: {}
COMMAND: POST /session/e75b3d5d2d0828505fb80b5e18bd174b/elements - {"using":"xpath","value":"//span[text()='Error']"}
RESULT: {"using":"xpath","value":"//span[text()='Error']"}
COMMAND: POST /session/e75b3d5d2d0828505fb80b5e18bd174b/element - {"using":"xpath","value":"//div[@id=\"application-managestatesandperformance-display-component---stateAndPerform--smartFilterBarResources-btnBasicSearch\"]"}
RESULT: {"using":"xpath","value":"//div[@id=\"application-managestatesandperformance-display-component---stateAndPerform--smartFilterBarResources-btnBasicSearch\"]"}
COMMAND: POST /session/e75b3d5d2d0828505fb80b5e18bd174b/elements - {"using":"xpath","value":"//div[@id=\"application-managestatesandperformance-display-component---stateAndPerform--smartFilterBarResources-btnBasicSearch\"]"}
RESULT: {"using":"xpath","value":"//div[@id=\"application-managestatesandperformance-display-component---stateAndPerform--smartFilterBarResources-btnBasicSearch\"]"}
COMMAND: POST /session/e75b3d5d2d0828505fb80b5e18bd174b/execute/sync - {"script":"<script> [8489 bytes]","args":[{"element-6066-11e4-a52e-4f735466cecf":"f.3CC06888A91A2B87598FBDB561306D63.d.98CAD48FCA2EA38A1C6573796932A935.e.18919","ELEMENT":"f.3CC06888A91A2B87598FBDB561306D63.d.98CAD48FCA2EA38A1C6573796932A935.e.18919"}]}
RESULT: {"script":"<script> [8489 bytes]","args":[{"element-6066-11e4-a52e-4f735466cecf":"f.3CC06888A91A2B87598FBDB561306D63.d.98CAD48FCA2EA38A1C6573796932A935.e.18919","ELEMENT":"f.3CC06888A91A2B87598FBDB561306D63.d.98CAD48FCA2EA38A1C6573796932A935.e.18919"}]}
COMMAND: GET /session/e75b3d5d2d0828505fb80b5e18bd174b/element/f.3CC06888A91A2B87598FBDB561306D63.d.98CAD48FCA2EA38A1C6573796932A935.e.18919/enabled - {}
COMMAND: GET /session/e75b3d5d2d0828505fb80b5e18bd174b/screenshot - {}
RESULT: {}
COMMAND: POST /session/e75b3d5d2d0828505fb80b5e18bd174b/execute/sync - {"script":"<script> [8489 bytes]","args":[{"element-6066-11e4-a52e-4f735466cecf":"f.3CC06888A91A2B87598FBDB561306D63.d.98CAD48FCA2EA38A1C6573796932A935.e.18919","ELEMENT":"f.3CC06888A91A2B87598FBDB561306D63.d.98CAD48FCA2EA38A1C6573796932A935.e.18919"}]}
COMMAND: GET /session/e75b3d5d2d0828505fb80b5e18bd174b/screenshot - {}
RESULT: {}
RESULT: {"script":"<script> [8489 bytes]","args":[{"element-6066-11e4-a52e-4f735466cecf":"f.3CC06888A91A2B87598FBDB561306D63.d.98CAD48FCA2EA38A1C6573796932A935.e.18919","ELEMENT":"f.3CC06888A91A2B87598FBDB561306D63.d.98CAD48FCA2EA38A1C6573796932A935.e.18919"}]}
COMMAND: POST /session/e75b3d5d2d0828505fb80b5e18bd174b/execute/sync - {"script":"<script> [5351 bytes]","args":[{"element-6066-11e4-a52e-4f735466cecf":"f.3CC06888A91A2B87598FBDB561306D63.d.98CAD48FCA2EA38A1C6573796932A935.e.18919","ELEMENT":"f.3CC06888A91A2B87598FBDB561306D63.d.98CAD48FCA2EA38A1C6573796932A935.e.18919"}]}
COMMAND: GET /session/e75b3d5d2d0828505fb80b5e18bd174b/screenshot - {}
RESULT: {}
RESULT: {"script":"<script> [5351 bytes]","args":[{"element-6066-11e4-a52e-4f735466cecf":"f.3CC06888A91A2B87598FBDB561306D63.d.98CAD48FCA2EA38A1C6573796932A935.e.18919","ELEMENT":"f.3CC06888A91A2B87598FBDB561306D63.d.98CAD48FCA2EA38A1C6573796932A935.e.18919"}]}
COMMAND: POST /session/e75b3d5d2d0828505fb80b5e18bd174b/execute/async - {"script":"<script> [1562 bytes]","args":[{"selector":{"id":"application-managestatesandperformance-display-component---stateAndPerform--smartFilterBarResources-btnBasicSearch","interaction":{"idSuffix":"I"}},"wdio_ui5_key":"applicationmanagestatesandperformance-display-component---stateAndPerform--smartFilterBarResources-btnBasicSearch"}]}
COMMAND: GET /session/e75b3d5d2d0828505fb80b5e18bd174b/screenshot - {}
RESULT: {}
RESULT: {"script":"<script> [1562 bytes]","args":[{"selector":{"id":"application-managestatesandperformance-display-component---stateAndPerform--smartFilterBarResources-btnBasicSearch","interaction":{"idSuffix":"I"}},"wdio_ui5_key":"applicationmanagestatesandperformance-display-component---stateAndPerform--smartFilterBarResources-btnBasicSearch"}]}
RESULT: undefined
COMMAND: POST /session/e75b3d5d2d0828505fb80b5e18bd174b/execute/async - {"script":"<script> [776 bytes]","args":[{"enterText":"6uAft6UvnJ","selector":{"id":"application-managestatesandperformance-display-component---stateAndPerform--smartFilterBarResources-btnBasicSearch","interaction":{"idSuffix":"I"}},"clearTextFirst":true,"interactionType":"ENTER_TEXT"}]}
RESULT: {}
RESULT: {"script":"<script> [776 bytes]","args":[{"enterText":"6uAft6UvnJ","selector":{"id":"application-managestatesandperformance-display-component---stateAndPerform--smartFilterBarResources-btnBasicSearch","interaction":{"idSuffix":"I"}},"clearTextFirst":true,"interactionType":"ENTER_TEXT"}]}
COMMAND: POST /session/e75b3d5d2d0828505fb80b5e18bd174b/actions - {"actions":[{"id":"action63","type":"key","parameters":{},"actions":[{"type":"keyDown","value":"î€‡"},{"type":"pause","duration":10},{"type":"keyUp","value":"î€‡"}]}]}
RESULT: {"actions":[{"id":"action63","type":"key","parameters":{},"actions":[{"type":"keyDown","value":"î€‡"},{"type":"pause","duration":10},{"type":"keyUp","value":"î€‡"}]}]}
COMMAND: GET /session/e75b3d5d2d0828505fb80b5e18bd174b/screenshot - {}
RESULT: {}
COMMAND: POST /session/e75b3d5d2d0828505fb80b5e18bd174b/execute/async - {"script":"<script> [1562 bytes]","args":[{"selector":{"id":"application-managestatesandperformance-display-component---stateAndPerform--stateAndPerformResourcesSmartTable-header"},"wdio_ui5_key":"applicationmanagestatesandperformance-display-component---stateAndPerform--stateAndPerformResourcesSmartTable-header"}]}
RESULT: {"script":"<script> [1562 bytes]","args":[{"selector":{"id":"application-managestatesandperformance-display-component---stateAndPerform--stateAndPerformResourcesSmartTable-header"},"wdio_ui5_key":"applicationmanagestatesandperformance-display-component---stateAndPerform--stateAndPerformResourcesSmartTable-header"}]}
RESULT: undefined
COMMAND: POST /session/e75b3d5d2d0828505fb80b5e18bd174b/execute/async - {"script":"<script> [6424 bytes]","args":[{"element-6066-11e4-a52e-4f735466cecf":"f.3CC06888A91A2B87598FBDB561306D63.d.98CAD48FCA2EA38A1C6573796932A935.e.18934"},"getText",[]]}
RESULT: {"script":"<script> [6424 bytes]","args":[{"element-6066-11e4-a52e-4f735466cecf":"f.3CC06888A91A2B87598FBDB561306D63.d.98CAD48FCA2EA38A1C6573796932A935.e.18934"},"getText",[]]}
COMMAND: POST /session/e75b3d5d2d0828505fb80b5e18bd174b/execute/async - {"script":"<script> [1562 bytes]","args":[{"selector":{"controlType":"sap.ui.core.Icon","viewName":"etm.portal.ui.managestatesandperformance.view.Master","viewId":"application-managestatesandperformance-display-component---stateAndPerform","properties":{"src":{"regex":{"source":"slim\\-arrow\\-right"}}}},"wdio_ui5_key":"etmportal.ui.managestatesandperformance.view.Mastersap.ui.core.Icon{\"src\":{\"regex\":{\"source\":\"slim\\\\-arrow\\\\-right\"}}}"}]}
RESULT: {"script":"<script> [1562 bytes]","args":[{"selector":{"controlType":"sap.ui.core.Icon","viewName":"etm.portal.ui.managestatesandperformance.view.Master","viewId":"application-managestatesandperformance-display-component---stateAndPerform","properties":{"src":{"regex":{"source":"slim\\-arrow\\-right"}}}},"wdio_ui5_key":"etmportal.ui.managestatesandperformance.view.Mastersap.ui.core.Icon{\"src\":{\"regex\":{\"source\":\"slim\\\\-arrow\\\\-right\"}}}"}]}
RESULT: undefined
COMMAND: POST /session/e75b3d5d2d0828505fb80b5e18bd174b/element - {"using":"xpath","value":"//*[@id=\"__item2498-__clone4770-imgNav\"]"}
RESULT: {"using":"xpath","value":"//*[@id=\"__item2498-__clone4770-imgNav\"]"}
COMMAND: POST /session/e75b3d5d2d0828505fb80b5e18bd174b/element/f.3CC06888A91A2B87598FBDB561306D63.d.98CAD48FCA2EA38A1C6573796932A935.e.18932/click - {}
RESULT: {}
COMMAND: GET /session/e75b3d5d2d0828505fb80b5e18bd174b/screenshot - {}
RESULT: {}
COMMAND: POST /session/e75b3d5d2d0828505fb80b5e18bd174b/execute/async - {"script":"<script> [1562 bytes]","args":[{"selector":{"controlType":"sap.m.Button","viewName":"etm.portal.ui.managestatesandperformance.view.Detail","viewId":"application-managestatesandperformance-display-component---detailStateAndPerform","properties":{"text":"Performance Documents"}},"wdio_ui5_key":"etmportal.ui.managestatesandperformance.view.Detailsap.m.Button{\"text\":\"Performance Documents\"}"}]}
RESULT: {"script":"<script> [1562 bytes]","args":[{"selector":{"controlType":"sap.m.Button","viewName":"etm.portal.ui.managestatesandperformance.view.Detail","viewId":"application-managestatesandperformance-display-component---detailStateAndPerform","properties":{"text":"Performance Documents"}},"wdio_ui5_key":"etmportal.ui.managestatesandperformance.view.Detailsap.m.Button{\"text\":\"Performance Documents\"}"}]}
RESULT: undefined
COMMAND: POST /session/e75b3d5d2d0828505fb80b5e18bd174b/element - {"using":"xpath","value":"//*[@id=\"__item2521-button\"]"}
RESULT: {"using":"xpath","value":"//*[@id=\"__item2521-button\"]"}
COMMAND: POST /session/e75b3d5d2d0828505fb80b5e18bd174b/element/f.3CC06888A91A2B87598FBDB561306D63.d.98CAD48FCA2EA38A1C6573796932A935.e.18979/click - {}
RESULT: {}
COMMAND: POST /session/e75b3d5d2d0828505fb80b5e18bd174b/execute/async - {"script":"<script> [1562 bytes]","args":[{"selector":{"controlType":"sap.m.Button","viewName":"etm.portal.ui.managestatesandperformance.view.Detail","viewId":"application-managestatesandperformance-display-component---detailStateAndPerform","i18NText":{"propertyName":"text","key":"createPerformanceDoc"},"interaction":{"idSuffix":"BDI-content"}},"wdio_ui5_key":"etmportal.ui.managestatesandperformance.view.Detailsap.m.Button{\"propertyName\":\"text\",\"key\":\"createPerformanceDoc\"}"}]}
COMMAND: GET /session/e75b3d5d2d0828505fb80b5e18bd174b/screenshot - {}
RESULT: {"script":"<script> [1562 bytes]","args":[{"selector":{"controlType":"sap.m.Button","viewName":"etm.portal.ui.managestatesandperformance.view.Detail","viewId":"application-managestatesandperformance-display-component---detailStateAndPerform","i18NText":{"propertyName":"text","key":"createPerformanceDoc"},"interaction":{"idSuffix":"BDI-content"}},"wdio_ui5_key":"etmportal.ui.managestatesandperformance.view.Detailsap.m.Button{\"propertyName\":\"text\",\"key\":\"createPerformanceDoc\"}"}]}
RESULT: undefined
COMMAND: POST /session/e75b3d5d2d0828505fb80b5e18bd174b/element - {"using":"xpath","value":"//*[@id=\"__button358\"]"}
RESULT: {}
RESULT: {"using":"xpath","value":"//*[@id=\"__button358\"]"}
COMMAND: POST /session/e75b3d5d2d0828505fb80b5e18bd174b/element/f.3CC06888A91A2B87598FBDB561306D63.d.98CAD48FCA2EA38A1C6573796932A935.e.18982/click - {}
RESULT: {}
COMMAND: POST /session/e75b3d5d2d0828505fb80b5e18bd174b/execute/async - {"script":"<script> [1562 bytes]","args":[{"selector":{"id":"application-managestatesandperformance-display-component---detailStateAndPerform--perfDocDatePicker","searchOpenDialogs":true,"interaction":{"idSuffix":"inner"}},"wdio_ui5_key":"applicationmanagestatesandperformance-display-component---detailStateAndPerform--perfDocDatePicker"}]}
COMMAND: GET /session/e75b3d5d2d0828505fb80b5e18bd174b/screenshot - {}
RESULT: {"script":"<script> [1562 bytes]","args":[{"selector":{"id":"application-managestatesandperformance-display-component---detailStateAndPerform--perfDocDatePicker","searchOpenDialogs":true,"interaction":{"idSuffix":"inner"}},"wdio_ui5_key":"applicationmanagestatesandperformance-display-component---detailStateAndPerform--perfDocDatePicker"}]}
RESULT: undefined
COMMAND: POST /session/e75b3d5d2d0828505fb80b5e18bd174b/execute/async - {"script":"<script> [776 bytes]","args":[{"enterText":"5/21/25","selector":{"id":"application-managestatesandperformance-display-component---detailStateAndPerform--perfDocDatePicker","searchOpenDialogs":true,"interaction":{"idSuffix":"inner"}},"clearTextFirst":true,"interactionType":"ENTER_TEXT"}]}
RESULT: {}
RESULT: {"script":"<script> [776 bytes]","args":[{"enterText":"5/21/25","selector":{"id":"application-managestatesandperformance-display-component---detailStateAndPerform--perfDocDatePicker","searchOpenDialogs":true,"interaction":{"idSuffix":"inner"}},"clearTextFirst":true,"interactionType":"ENTER_TEXT"}]}
COMMAND: POST /session/e75b3d5d2d0828505fb80b5e18bd174b/execute/async - {"script":"<script> [1562 bytes]","args":[{"selector":{"id":"application-managestatesandperformance-display-component---detailStateAndPerform--counterValue-input","searchOpenDialogs":true,"interaction":{"idSuffix":"inner"}},"wdio_ui5_key":"applicationmanagestatesandperformance-display-component---detailStateAndPerform--counterValue-input"}]}
RESULT: {"script":"<script> [1562 bytes]","args":[{"selector":{"id":"application-managestatesandperformance-display-component---detailStateAndPerform--counterValue-input","searchOpenDialogs":true,"interaction":{"idSuffix":"inner"}},"wdio_ui5_key":"applicationmanagestatesandperformance-display-component---detailStateAndPerform--counterValue-input"}]}
RESULT: undefined
COMMAND: POST /session/e75b3d5d2d0828505fb80b5e18bd174b/execute/async - {"script":"<script> [776 bytes]","args":[{"enterText":"15.00","selector":{"id":"application-managestatesandperformance-display-component---detailStateAndPerform--counterValue-input","searchOpenDialogs":true,"interaction":{"idSuffix":"inner"}},"clearTextFirst":true,"interactionType":"ENTER_TEXT"}]}
RESULT: {"script":"<script> [776 bytes]","args":[{"enterText":"15.00","selector":{"id":"application-managestatesandperformance-display-component---detailStateAndPerform--counterValue-input","searchOpenDialogs":true,"interaction":{"idSuffix":"inner"}},"clearTextFirst":true,"interactionType":"ENTER_TEXT"}]}
COMMAND: POST /session/e75b3d5d2d0828505fb80b5e18bd174b/execute/async - {"script":"<script> [1562 bytes]","args":[{"selector":{"controlType":"sap.m.Button","viewName":"etm.portal.ui.managestatesandperformance.view.Detail","viewId":"application-managestatesandperformance-display-component---detailStateAndPerform","bindingPath":{"path":"","propertyPath":"/allowAddEdit","modelName":"oScreenModel"},"searchOpenDialogs":true,"interaction":{"idSuffix":"BDI-content"}},"wdio_ui5_key":"etmportal.ui.managestatesandperformance.view.Detailsap.m.Button{\"path\":\"\",\"propertyPath\":\"/allowAddEdit\",\"modelName\":\"oScreenModel\"}"}]}
RESULT: {"script":"<script> [1562 bytes]","args":[{"selector":{"controlType":"sap.m.Button","viewName":"etm.portal.ui.managestatesandperformance.view.Detail","viewId":"application-managestatesandperformance-display-component---detailStateAndPerform","bindingPath":{"path":"","propertyPath":"/allowAddEdit","modelName":"oScreenModel"},"searchOpenDialogs":true,"interaction":{"idSuffix":"BDI-content"}},"wdio_ui5_key":"etmportal.ui.managestatesandperformance.view.Detailsap.m.Button{\"path\":\"\",\"propertyPath\":\"/allowAddEdit\",\"modelName\":\"oScreenModel\"}"}]}
RESULT: undefined
COMMAND: POST /session/e75b3d5d2d0828505fb80b5e18bd174b/element - {"using":"xpath","value":"//*[@id=\"__button365\"]"}
RESULT: {"using":"xpath","value":"//*[@id=\"__button365\"]"}
COMMAND: POST /session/e75b3d5d2d0828505fb80b5e18bd174b/element/f.3CC06888A91A2B87598FBDB561306D63.d.98CAD48FCA2EA38A1C6573796932A935.e.19002/click - {}
RESULT: {}
RESULT: undefined
COMMAND: POST /session/e75b3d5d2d0828505fb80b5e18bd174b/element - {"using":"xpath","value":"//*[@id=\"__button358\"]"}
COMMAND: GET /session/e75b3d5d2d0828505fb80b5e18bd174b/screenshot - {}
RESULT: {"using":"xpath","value":"//*[@id=\"__button358\"]"}
COMMAND: POST /session/e75b3d5d2d0828505fb80b5e18bd174b/element/f.3CC06888A91A2B87598FBDB561306D63.d.98CAD48FCA2EA38A1C6573796932A935.e.18982/click - {}
RESULT: {}
RESULT: {}
RESULT: undefined
COMMAND: POST /session/e75b3d5d2d0828505fb80b5e18bd174b/execute/async - {"script":"<script> [776 bytes]","args":[{"enterText":"5/25/25","selector":{"id":"application-managestatesandperformance-display-component---detailStateAndPerform--perfDocDatePicker","searchOpenDialogs":true,"interaction":{"idSuffix":"inner"}},"clearTextFirst":true,"interactionType":"ENTER_TEXT"}]}
COMMAND: GET /session/e75b3d5d2d0828505fb80b5e18bd174b/screenshot - {}
RESULT: {"script":"<script> [776 bytes]","args":[{"enterText":"5/25/25","selector":{"id":"application-managestatesandperformance-display-component---detailStateAndPerform--perfDocDatePicker","searchOpenDialogs":true,"interaction":{"idSuffix":"inner"}},"clearTextFirst":true,"interactionType":"ENTER_TEXT"}]}
RESULT: undefined
COMMAND: POST /session/e75b3d5d2d0828505fb80b5e18bd174b/execute/async - {"script":"<script> [776 bytes]","args":[{"enterText":"20.00","selector":{"id":"application-managestatesandperformance-display-component---detailStateAndPerform--counterValue-input","searchOpenDialogs":true,"interaction":{"idSuffix":"inner"}},"clearTextFirst":true,"interactionType":"ENTER_TEXT"}]}
RESULT: {}
RESULT: {"script":"<script> [776 bytes]","args":[{"enterText":"20.00","selector":{"id":"application-managestatesandperformance-display-component---detailStateAndPerform--counterValue-input","searchOpenDialogs":true,"interaction":{"idSuffix":"inner"}},"clearTextFirst":true,"interactionType":"ENTER_TEXT"}]}
COMMAND: POST /session/e75b3d5d2d0828505fb80b5e18bd174b/actions - {"actions":[{"id":"action64","type":"key","parameters":{},"actions":[{"type":"keyDown","value":"î€„"},{"type":"keyDown","value":"î€„"},{"type":"pause","duration":10},{"type":"keyUp","value":"î€„"},{"type":"keyUp","value":"î€„"}]}]}
RESULT: {"actions":[{"id":"action64","type":"key","parameters":{},"actions":[{"type":"keyDown","value":"î€„"},{"type":"keyDown","value":"î€„"},{"type":"pause","duration":10},{"type":"keyUp","value":"î€„"},{"type":"keyUp","value":"î€„"}]}]}
COMMAND: POST /session/e75b3d5d2d0828505fb80b5e18bd174b/actions - {"actions":[{"id":"action65","type":"key","parameters":{},"actions":[{"type":"keyDown","value":"î€‡"},{"type":"pause","duration":10},{"type":"keyUp","value":"î€‡"}]}]}
COMMAND: GET /session/e75b3d5d2d0828505fb80b5e18bd174b/screenshot - {}
RESULT: {"actions":[{"id":"action65","type":"key","parameters":{},"actions":[{"type":"keyDown","value":"î€‡"},{"type":"pause","duration":10},{"type":"keyUp","value":"î€‡"}]}]}
RESULT: undefined
COMMAND: POST /session/e75b3d5d2d0828505fb80b5e18bd174b/element - {"using":"xpath","value":"//*[@id=\"__button365\"]"}
COMMAND: GET /session/e75b3d5d2d0828505fb80b5e18bd174b/screenshot - {}
RESULT: {}
RESULT: {"using":"xpath","value":"//*[@id=\"__button365\"]"}
COMMAND: POST /session/e75b3d5d2d0828505fb80b5e18bd174b/elements - {"using":"xpath","value":"//*[@id=\"__button365\"]"}
RESULT: {}
RESULT: {"using":"xpath","value":"//*[@id=\"__button365\"]"}
COMMAND: POST /session/e75b3d5d2d0828505fb80b5e18bd174b/elements - {"using":"xpath","value":"//*[@id=\"__button365\"]"}
RESULT: {"using":"xpath","value":"//*[@id=\"__button365\"]"}
COMMAND: POST /session/e75b3d5d2d0828505fb80b5e18bd174b/elements - {"using":"xpath","value":"//*[@id=\"__button365\"]"}
RESULT: {"using":"xpath","value":"//*[@id=\"__button365\"]"}
COMMAND: POST /session/e75b3d5d2d0828505fb80b5e18bd174b/elements - {"using":"xpath","value":"//*[@id=\"__button365\"]"}
RESULT: {"using":"xpath","value":"//*[@id=\"__button365\"]"}
COMMAND: POST /session/e75b3d5d2d0828505fb80b5e18bd174b/elements - {"using":"xpath","value":"//*[@id=\"__button365\"]"}
RESULT: {"using":"xpath","value":"//*[@id=\"__button365\"]"}
COMMAND: POST /session/e75b3d5d2d0828505fb80b5e18bd174b/elements - {"using":"xpath","value":"//*[@id=\"__button365\"]"}
RESULT: {"using":"xpath","value":"//*[@id=\"__button365\"]"}
COMMAND: POST /session/e75b3d5d2d0828505fb80b5e18bd174b/elements - {"using":"xpath","value":"//*[@id=\"__button365\"]"}
RESULT: {"using":"xpath","value":"//*[@id=\"__button365\"]"}
COMMAND: POST /session/e75b3d5d2d0828505fb80b5e18bd174b/elements - {"using":"xpath","value":"//*[@id=\"__button365\"]"}
RESULT: {"using":"xpath","value":"//*[@id=\"__button365\"]"}
COMMAND: POST /session/e75b3d5d2d0828505fb80b5e18bd174b/elements - {"using":"xpath","value":"//*[@id=\"__button365\"]"}
RESULT: {"using":"xpath","value":"//*[@id=\"__button365\"]"}
COMMAND: POST /session/e75b3d5d2d0828505fb80b5e18bd174b/elements - {"using":"xpath","value":"//*[@id=\"__button365\"]"}
RESULT: {"using":"xpath","value":"//*[@id=\"__button365\"]"}
COMMAND: POST /session/e75b3d5d2d0828505fb80b5e18bd174b/elements - {"using":"xpath","value":"//*[@id=\"__button365\"]"}
RESULT: {"using":"xpath","value":"//*[@id=\"__button365\"]"}
COMMAND: POST /session/e75b3d5d2d0828505fb80b5e18bd174b/elements - {"using":"xpath","value":"//*[@id=\"__button365\"]"}
RESULT: {"using":"xpath","value":"//*[@id=\"__button365\"]"}
COMMAND: POST /session/e75b3d5d2d0828505fb80b5e18bd174b/elements - {"using":"xpath","value":"//*[@id=\"__button365\"]"}
RESULT: {"using":"xpath","value":"//*[@id=\"__button365\"]"}
COMMAND: POST /session/e75b3d5d2d0828505fb80b5e18bd174b/elements - {"using":"xpath","value":"//*[@id=\"__button365\"]"}
RESULT: {"using":"xpath","value":"//*[@id=\"__button365\"]"}
COMMAND: POST /session/e75b3d5d2d0828505fb80b5e18bd174b/elements - {"using":"xpath","value":"//*[@id=\"__button365\"]"}
RESULT: {"using":"xpath","value":"//*[@id=\"__button365\"]"}
COMMAND: POST /session/e75b3d5d2d0828505fb80b5e18bd174b/elements - {"using":"xpath","value":"//*[@id=\"__button365\"]"}
RESULT: {"using":"xpath","value":"//*[@id=\"__button365\"]"}
COMMAND: POST /session/e75b3d5d2d0828505fb80b5e18bd174b/elements - {"using":"xpath","value":"//*[@id=\"__button365\"]"}
RESULT: {"using":"xpath","value":"//*[@id=\"__button365\"]"}
COMMAND: POST /session/e75b3d5d2d0828505fb80b5e18bd174b/elements - {"using":"xpath","value":"//*[@id=\"__button365\"]"}
RESULT: {"using":"xpath","value":"//*[@id=\"__button365\"]"}
COMMAND: POST /session/e75b3d5d2d0828505fb80b5e18bd174b/elements - {"using":"xpath","value":"//*[@id=\"__button365\"]"}
RESULT: {"using":"xpath","value":"//*[@id=\"__button365\"]"}
COMMAND: POST /session/e75b3d5d2d0828505fb80b5e18bd174b/elements - {"using":"xpath","value":"//*[@id=\"__button365\"]"}
RESULT: {"using":"xpath","value":"//*[@id=\"__button365\"]"}
COMMAND: POST /session/e75b3d5d2d0828505fb80b5e18bd174b/elements - {"using":"xpath","value":"//*[@id=\"__button365\"]"}
RESULT: {"using":"xpath","value":"//*[@id=\"__button365\"]"}
COMMAND: POST /session/e75b3d5d2d0828505fb80b5e18bd174b/elements - {"using":"xpath","value":"//*[@id=\"__button365\"]"}
RESULT: {"using":"xpath","value":"//*[@id=\"__button365\"]"}
COMMAND: POST /session/e75b3d5d2d0828505fb80b5e18bd174b/elements - {"using":"xpath","value":"//*[@id=\"__button365\"]"}
RESULT: {"using":"xpath","value":"//*[@id=\"__button365\"]"}
COMMAND: POST /session/e75b3d5d2d0828505fb80b5e18bd174b/elements - {"using":"xpath","value":"//*[@id=\"__button365\"]"}
RESULT: {"using":"xpath","value":"//*[@id=\"__button365\"]"}
COMMAND: POST /session/e75b3d5d2d0828505fb80b5e18bd174b/elements - {"using":"xpath","value":"//*[@id=\"__button365\"]"}
RESULT: {"using":"xpath","value":"//*[@id=\"__button365\"]"}
COMMAND: POST /session/e75b3d5d2d0828505fb80b5e18bd174b/elements - {"using":"xpath","value":"//*[@id=\"__button365\"]"}
RESULT: {"using":"xpath","value":"//*[@id=\"__button365\"]"}
COMMAND: POST /session/e75b3d5d2d0828505fb80b5e18bd174b/elements - {"using":"xpath","value":"//*[@id=\"__button365\"]"}
RESULT: {"using":"xpath","value":"//*[@id=\"__button365\"]"}
COMMAND: POST /session/e75b3d5d2d0828505fb80b5e18bd174b/elements - {"using":"xpath","value":"//*[@id=\"__button365\"]"}
RESULT: {"using":"xpath","value":"//*[@id=\"__button365\"]"}
COMMAND: POST /session/e75b3d5d2d0828505fb80b5e18bd174b/elements - {"using":"xpath","value":"//*[@id=\"__button365\"]"}
RESULT: {"using":"xpath","value":"//*[@id=\"__button365\"]"}
COMMAND: POST /session/e75b3d5d2d0828505fb80b5e18bd174b/elements - {"using":"xpath","value":"//*[@id=\"__button365\"]"}
RESULT: {"using":"xpath","value":"//*[@id=\"__button365\"]"}
COMMAND: POST /session/e75b3d5d2d0828505fb80b5e18bd174b/elements - {"using":"xpath","value":"//*[@id=\"__button365\"]"}
RESULT: {"using":"xpath","value":"//*[@id=\"__button365\"]"}
COMMAND: POST /session/e75b3d5d2d0828505fb80b5e18bd174b/elements - {"using":"xpath","value":"//*[@id=\"__button365\"]"}
RESULT: {"using":"xpath","value":"//*[@id=\"__button365\"]"}
COMMAND: POST /session/e75b3d5d2d0828505fb80b5e18bd174b/elements - {"using":"xpath","value":"//*[@id=\"__button365\"]"}
RESULT: {"using":"xpath","value":"//*[@id=\"__button365\"]"}
COMMAND: POST /session/e75b3d5d2d0828505fb80b5e18bd174b/elements - {"using":"xpath","value":"//*[@id=\"__button365\"]"}
RESULT: {"using":"xpath","value":"//*[@id=\"__button365\"]"}
COMMAND: POST /session/e75b3d5d2d0828505fb80b5e18bd174b/elements - {"using":"xpath","value":"//*[@id=\"__button365\"]"}
RESULT: {"using":"xpath","value":"//*[@id=\"__button365\"]"}
COMMAND: POST /session/e75b3d5d2d0828505fb80b5e18bd174b/elements - {"using":"xpath","value":"//*[@id=\"__button365\"]"}
RESULT: {"using":"xpath","value":"//*[@id=\"__button365\"]"}
COMMAND: POST /session/e75b3d5d2d0828505fb80b5e18bd174b/elements - {"using":"xpath","value":"//*[@id=\"__button365\"]"}
RESULT: {"using":"xpath","value":"//*[@id=\"__button365\"]"}
COMMAND: POST /session/e75b3d5d2d0828505fb80b5e18bd174b/elements - {"using":"xpath","value":"//*[@id=\"__button365\"]"}
RESULT: {"using":"xpath","value":"//*[@id=\"__button365\"]"}
COMMAND: POST /session/e75b3d5d2d0828505fb80b5e18bd174b/elements - {"using":"xpath","value":"//*[@id=\"__button365\"]"}
RESULT: {"using":"xpath","value":"//*[@id=\"__button365\"]"}
COMMAND: POST /session/e75b3d5d2d0828505fb80b5e18bd174b/elements - {"using":"xpath","value":"//*[@id=\"__button365\"]"}
RESULT: {"using":"xpath","value":"//*[@id=\"__button365\"]"}
COMMAND: POST /session/e75b3d5d2d0828505fb80b5e18bd174b/elements - {"using":"xpath","value":"//*[@id=\"__button365\"]"}
RESULT: {"using":"xpath","value":"//*[@id=\"__button365\"]"}
COMMAND: POST /session/e75b3d5d2d0828505fb80b5e18bd174b/elements - {"using":"xpath","value":"//*[@id=\"__button365\"]"}
RESULT: {"using":"xpath","value":"//*[@id=\"__button365\"]"}
COMMAND: POST /session/e75b3d5d2d0828505fb80b5e18bd174b/elements - {"using":"xpath","value":"//*[@id=\"__button365\"]"}
RESULT: {"using":"xpath","value":"//*[@id=\"__button365\"]"}
COMMAND: POST /session/e75b3d5d2d0828505fb80b5e18bd174b/elements - {"using":"xpath","value":"//*[@id=\"__button365\"]"}
RESULT: {"using":"xpath","value":"//*[@id=\"__button365\"]"}
COMMAND: POST /session/e75b3d5d2d0828505fb80b5e18bd174b/elements - {"using":"xpath","value":"//*[@id=\"__button365\"]"}
RESULT: {"using":"xpath","value":"//*[@id=\"__button365\"]"}
COMMAND: POST /session/e75b3d5d2d0828505fb80b5e18bd174b/elements - {"using":"xpath","value":"//*[@id=\"__button365\"]"}
RESULT: {"using":"xpath","value":"//*[@id=\"__button365\"]"}
COMMAND: POST /session/e75b3d5d2d0828505fb80b5e18bd174b/elements - {"using":"xpath","value":"//*[@id=\"__button365\"]"}
RESULT: {"using":"xpath","value":"//*[@id=\"__button365\"]"}
COMMAND: POST /session/e75b3d5d2d0828505fb80b5e18bd174b/elements - {"using":"xpath","value":"//*[@id=\"__button365\"]"}
RESULT: {"using":"xpath","value":"//*[@id=\"__button365\"]"}
COMMAND: POST /session/e75b3d5d2d0828505fb80b5e18bd174b/elements - {"using":"xpath","value":"//*[@id=\"__button365\"]"}
RESULT: {"using":"xpath","value":"//*[@id=\"__button365\"]"}
COMMAND: POST /session/e75b3d5d2d0828505fb80b5e18bd174b/elements - {"using":"xpath","value":"//*[@id=\"__button365\"]"}
RESULT: {"using":"xpath","value":"//*[@id=\"__button365\"]"}
COMMAND: POST /session/e75b3d5d2d0828505fb80b5e18bd174b/elements - {"using":"xpath","value":"//*[@id=\"__button365\"]"}
RESULT: {"using":"xpath","value":"//*[@id=\"__button365\"]"}
COMMAND: POST /session/e75b3d5d2d0828505fb80b5e18bd174b/elements - {"using":"xpath","value":"//*[@id=\"__button365\"]"}
RESULT: {"using":"xpath","value":"//*[@id=\"__button365\"]"}
COMMAND: POST /session/e75b3d5d2d0828505fb80b5e18bd174b/elements - {"using":"xpath","value":"//*[@id=\"__button365\"]"}
RESULT: {"using":"xpath","value":"//*[@id=\"__button365\"]"}
COMMAND: POST /session/e75b3d5d2d0828505fb80b5e18bd174b/elements - {"using":"xpath","value":"//*[@id=\"__button365\"]"}
RESULT: {"using":"xpath","value":"//*[@id=\"__button365\"]"}
COMMAND: POST /session/e75b3d5d2d0828505fb80b5e18bd174b/elements - {"using":"xpath","value":"//*[@id=\"__button365\"]"}
RESULT: {"using":"xpath","value":"//*[@id=\"__button365\"]"}
COMMAND: POST /session/e75b3d5d2d0828505fb80b5e18bd174b/elements - {"using":"xpath","value":"//*[@id=\"__button365\"]"}
RESULT: {"using":"xpath","value":"//*[@id=\"__button365\"]"}
COMMAND: POST /session/e75b3d5d2d0828505fb80b5e18bd174b/elements - {"using":"xpath","value":"//*[@id=\"__button365\"]"}
RESULT: {"using":"xpath","value":"//*[@id=\"__button365\"]"}
COMMAND: POST /session/e75b3d5d2d0828505fb80b5e18bd174b/elements - {"using":"xpath","value":"//*[@id=\"__button365\"]"}
RESULT: {"using":"xpath","value":"//*[@id=\"__button365\"]"}
COMMAND: POST /session/e75b3d5d2d0828505fb80b5e18bd174b/elements - {"using":"xpath","value":"//*[@id=\"__button365\"]"}
RESULT: {"using":"xpath","value":"//*[@id=\"__button365\"]"}
COMMAND: POST /session/e75b3d5d2d0828505fb80b5e18bd174b/elements - {"using":"xpath","value":"//*[@id=\"__button365\"]"}
RESULT: {"using":"xpath","value":"//*[@id=\"__button365\"]"}
COMMAND: POST /session/e75b3d5d2d0828505fb80b5e18bd174b/elements - {"using":"xpath","value":"//*[@id=\"__button365\"]"}
RESULT: {"using":"xpath","value":"//*[@id=\"__button365\"]"}
COMMAND: POST /session/e75b3d5d2d0828505fb80b5e18bd174b/elements - {"using":"xpath","value":"//*[@id=\"__button365\"]"}
RESULT: {"using":"xpath","value":"//*[@id=\"__button365\"]"}
COMMAND: POST /session/e75b3d5d2d0828505fb80b5e18bd174b/elements - {"using":"xpath","value":"//*[@id=\"__button365\"]"}
RESULT: {"using":"xpath","value":"//*[@id=\"__button365\"]"}
COMMAND: POST /session/e75b3d5d2d0828505fb80b5e18bd174b/elements - {"using":"xpath","value":"//*[@id=\"__button365\"]"}
RESULT: {"using":"xpath","value":"//*[@id=\"__button365\"]"}
COMMAND: POST /session/e75b3d5d2d0828505fb80b5e18bd174b/elements - {"using":"xpath","value":"//*[@id=\"__button365\"]"}
RESULT: {"using":"xpath","value":"//*[@id=\"__button365\"]"}
COMMAND: POST /session/e75b3d5d2d0828505fb80b5e18bd174b/elements - {"using":"xpath","value":"//*[@id=\"__button365\"]"}
RESULT: {"using":"xpath","value":"//*[@id=\"__button365\"]"}
COMMAND: POST /session/e75b3d5d2d0828505fb80b5e18bd174b/elements - {"using":"xpath","value":"//*[@id=\"__button365\"]"}
RESULT: {"using":"xpath","value":"//*[@id=\"__button365\"]"}
COMMAND: POST /session/e75b3d5d2d0828505fb80b5e18bd174b/elements - {"using":"xpath","value":"//*[@id=\"__button365\"]"}
RESULT: {"using":"xpath","value":"//*[@id=\"__button365\"]"}
COMMAND: POST /session/e75b3d5d2d0828505fb80b5e18bd174b/elements - {"using":"xpath","value":"//*[@id=\"__button365\"]"}
RESULT: {"using":"xpath","value":"//*[@id=\"__button365\"]"}
COMMAND: POST /session/e75b3d5d2d0828505fb80b5e18bd174b/elements - {"using":"xpath","value":"//*[@id=\"__button365\"]"}
RESULT: {"using":"xpath","value":"//*[@id=\"__button365\"]"}
COMMAND: POST /session/e75b3d5d2d0828505fb80b5e18bd174b/elements - {"using":"xpath","value":"//*[@id=\"__button365\"]"}
RESULT: {"using":"xpath","value":"//*[@id=\"__button365\"]"}
COMMAND: POST /session/e75b3d5d2d0828505fb80b5e18bd174b/elements - {"using":"xpath","value":"//*[@id=\"__button365\"]"}
RESULT: {"using":"xpath","value":"//*[@id=\"__button365\"]"}
COMMAND: POST /session/e75b3d5d2d0828505fb80b5e18bd174b/elements - {"using":"xpath","value":"//*[@id=\"__button365\"]"}
RESULT: {"using":"xpath","value":"//*[@id=\"__button365\"]"}
COMMAND: POST /session/e75b3d5d2d0828505fb80b5e18bd174b/elements - {"using":"xpath","value":"//*[@id=\"__button365\"]"}
RESULT: {"using":"xpath","value":"//*[@id=\"__button365\"]"}
COMMAND: POST /session/e75b3d5d2d0828505fb80b5e18bd174b/elements - {"using":"xpath","value":"//*[@id=\"__button365\"]"}
RESULT: {"using":"xpath","value":"//*[@id=\"__button365\"]"}
COMMAND: POST /session/e75b3d5d2d0828505fb80b5e18bd174b/elements - {"using":"xpath","value":"//*[@id=\"__button365\"]"}
RESULT: {"using":"xpath","value":"//*[@id=\"__button365\"]"}
COMMAND: POST /session/e75b3d5d2d0828505fb80b5e18bd174b/elements - {"using":"xpath","value":"//*[@id=\"__button365\"]"}
RESULT: {"using":"xpath","value":"//*[@id=\"__button365\"]"}
COMMAND: POST /session/e75b3d5d2d0828505fb80b5e18bd174b/elements - {"using":"xpath","value":"//*[@id=\"__button365\"]"}
RESULT: {"using":"xpath","value":"//*[@id=\"__button365\"]"}
COMMAND: POST /session/e75b3d5d2d0828505fb80b5e18bd174b/elements - {"using":"xpath","value":"//*[@id=\"__button365\"]"}
RESULT: {"using":"xpath","value":"//*[@id=\"__button365\"]"}
COMMAND: POST /session/e75b3d5d2d0828505fb80b5e18bd174b/elements - {"using":"xpath","value":"//*[@id=\"__button365\"]"}
RESULT: {"using":"xpath","value":"//*[@id=\"__button365\"]"}
COMMAND: POST /session/e75b3d5d2d0828505fb80b5e18bd174b/elements - {"using":"xpath","value":"//*[@id=\"__button365\"]"}
RESULT: {"using":"xpath","value":"//*[@id=\"__button365\"]"}
COMMAND: POST /session/e75b3d5d2d0828505fb80b5e18bd174b/elements - {"using":"xpath","value":"//*[@id=\"__button365\"]"}
RESULT: {"using":"xpath","value":"//*[@id=\"__button365\"]"}
COMMAND: POST /session/e75b3d5d2d0828505fb80b5e18bd174b/elements - {"using":"xpath","value":"//*[@id=\"__button365\"]"}
RESULT: {"using":"xpath","value":"//*[@id=\"__button365\"]"}
COMMAND: POST /session/e75b3d5d2d0828505fb80b5e18bd174b/elements - {"using":"xpath","value":"//*[@id=\"__button365\"]"}
RESULT: {"using":"xpath","value":"//*[@id=\"__button365\"]"}
COMMAND: POST /session/e75b3d5d2d0828505fb80b5e18bd174b/elements - {"using":"xpath","value":"//*[@id=\"__button365\"]"}
RESULT: {"using":"xpath","value":"//*[@id=\"__button365\"]"}
COMMAND: POST /session/e75b3d5d2d0828505fb80b5e18bd174b/elements - {"using":"xpath","value":"//*[@id=\"__button365\"]"}
RESULT: {"using":"xpath","value":"//*[@id=\"__button365\"]"}
COMMAND: POST /session/e75b3d5d2d0828505fb80b5e18bd174b/elements - {"using":"xpath","value":"//*[@id=\"__button365\"]"}
RESULT: {"using":"xpath","value":"//*[@id=\"__button365\"]"}
COMMAND: POST /session/e75b3d5d2d0828505fb80b5e18bd174b/elements - {"using":"xpath","value":"//*[@id=\"__button365\"]"}
RESULT: {"using":"xpath","value":"//*[@id=\"__button365\"]"}
COMMAND: POST /session/e75b3d5d2d0828505fb80b5e18bd174b/elements - {"using":"xpath","value":"//*[@id=\"__button365\"]"}
RESULT: {"using":"xpath","value":"//*[@id=\"__button365\"]"}
COMMAND: POST /session/e75b3d5d2d0828505fb80b5e18bd174b/elements - {"using":"xpath","value":"//*[@id=\"__button365\"]"}
RESULT: {"using":"xpath","value":"//*[@id=\"__button365\"]"}
COMMAND: POST /session/e75b3d5d2d0828505fb80b5e18bd174b/elements - {"using":"xpath","value":"//*[@id=\"__button365\"]"}
RESULT: {"using":"xpath","value":"//*[@id=\"__button365\"]"}
COMMAND: POST /session/e75b3d5d2d0828505fb80b5e18bd174b/elements - {"using":"xpath","value":"//*[@id=\"__button365\"]"}
RESULT: {"using":"xpath","value":"//*[@id=\"__button365\"]"}
COMMAND: POST /session/e75b3d5d2d0828505fb80b5e18bd174b/elements - {"using":"xpath","value":"//*[@id=\"__button365\"]"}
RESULT: {"using":"xpath","value":"//*[@id=\"__button365\"]"}
COMMAND: POST /session/e75b3d5d2d0828505fb80b5e18bd174b/elements - {"using":"xpath","value":"//*[@id=\"__button365\"]"}
RESULT: {"using":"xpath","value":"//*[@id=\"__button365\"]"}
COMMAND: POST /session/e75b3d5d2d0828505fb80b5e18bd174b/elements - {"using":"xpath","value":"//*[@id=\"__button365\"]"}
RESULT: {"using":"xpath","value":"//*[@id=\"__button365\"]"}
COMMAND: POST /session/e75b3d5d2d0828505fb80b5e18bd174b/elements - {"using":"xpath","value":"//*[@id=\"__button365\"]"}
RESULT: {"using":"xpath","value":"//*[@id=\"__button365\"]"}
COMMAND: POST /session/e75b3d5d2d0828505fb80b5e18bd174b/elements - {"using":"xpath","value":"//*[@id=\"__button365\"]"}
RESULT: {"using":"xpath","value":"//*[@id=\"__button365\"]"}
COMMAND: POST /session/e75b3d5d2d0828505fb80b5e18bd174b/elements - {"using":"xpath","value":"//*[@id=\"__button365\"]"}
RESULT: {"using":"xpath","value":"//*[@id=\"__button365\"]"}
COMMAND: POST /session/e75b3d5d2d0828505fb80b5e18bd174b/elements - {"using":"xpath","value":"//*[@id=\"__button365\"]"}
RESULT: {"using":"xpath","value":"//*[@id=\"__button365\"]"}
COMMAND: POST /session/e75b3d5d2d0828505fb80b5e18bd174b/elements - {"using":"xpath","value":"//*[@id=\"__button365\"]"}
RESULT: {"using":"xpath","value":"//*[@id=\"__button365\"]"}
COMMAND: POST /session/e75b3d5d2d0828505fb80b5e18bd174b/elements - {"using":"xpath","value":"//*[@id=\"__button365\"]"}
RESULT: {"using":"xpath","value":"//*[@id=\"__button365\"]"}
COMMAND: POST /session/e75b3d5d2d0828505fb80b5e18bd174b/elements - {"using":"xpath","value":"//*[@id=\"__button365\"]"}
RESULT: {"using":"xpath","value":"//*[@id=\"__button365\"]"}
COMMAND: POST /session/e75b3d5d2d0828505fb80b5e18bd174b/elements - {"using":"xpath","value":"//*[@id=\"__button365\"]"}
RESULT: {"using":"xpath","value":"//*[@id=\"__button365\"]"}
COMMAND: POST /session/e75b3d5d2d0828505fb80b5e18bd174b/elements - {"using":"xpath","value":"//*[@id=\"__button365\"]"}
RESULT: {"using":"xpath","value":"//*[@id=\"__button365\"]"}
COMMAND: POST /session/e75b3d5d2d0828505fb80b5e18bd174b/elements - {"using":"xpath","value":"//*[@id=\"__button365\"]"}
RESULT: {"using":"xpath","value":"//*[@id=\"__button365\"]"}
COMMAND: POST /session/e75b3d5d2d0828505fb80b5e18bd174b/elements - {"using":"xpath","value":"//*[@id=\"__button365\"]"}
RESULT: {"using":"xpath","value":"//*[@id=\"__button365\"]"}
COMMAND: POST /session/e75b3d5d2d0828505fb80b5e18bd174b/elements - {"using":"xpath","value":"//*[@id=\"__button365\"]"}
RESULT: {"using":"xpath","value":"//*[@id=\"__button365\"]"}
COMMAND: POST /session/e75b3d5d2d0828505fb80b5e18bd174b/elements - {"using":"xpath","value":"//*[@id=\"__button365\"]"}
RESULT: {"using":"xpath","value":"//*[@id=\"__button365\"]"}
COMMAND: POST /session/e75b3d5d2d0828505fb80b5e18bd174b/elements - {"using":"xpath","value":"//*[@id=\"__button365\"]"}
RESULT: {"using":"xpath","value":"//*[@id=\"__button365\"]"}
COMMAND: POST /session/e75b3d5d2d0828505fb80b5e18bd174b/elements - {"using":"xpath","value":"//*[@id=\"__button365\"]"}
RESULT: {"using":"xpath","value":"//*[@id=\"__button365\"]"}
COMMAND: POST /session/e75b3d5d2d0828505fb80b5e18bd174b/elements - {"using":"xpath","value":"//*[@id=\"__button365\"]"}
RESULT: {"using":"xpath","value":"//*[@id=\"__button365\"]"}
COMMAND: POST /session/e75b3d5d2d0828505fb80b5e18bd174b/elements - {"using":"xpath","value":"//*[@id=\"__button365\"]"}
RESULT: {"using":"xpath","value":"//*[@id=\"__button365\"]"}
COMMAND: POST /session/e75b3d5d2d0828505fb80b5e18bd174b/elements - {"using":"xpath","value":"//*[@id=\"__button365\"]"}
RESULT: {"using":"xpath","value":"//*[@id=\"__button365\"]"}
COMMAND: POST /session/e75b3d5d2d0828505fb80b5e18bd174b/elements - {"using":"xpath","value":"//*[@id=\"__button365\"]"}
RESULT: {"using":"xpath","value":"//*[@id=\"__button365\"]"}
COMMAND: POST /session/e75b3d5d2d0828505fb80b5e18bd174b/elements - {"using":"xpath","value":"//*[@id=\"__button365\"]"}
RESULT: {"using":"xpath","value":"//*[@id=\"__button365\"]"}
COMMAND: POST /session/e75b3d5d2d0828505fb80b5e18bd174b/elements - {"using":"xpath","value":"//*[@id=\"__button365\"]"}
RESULT: {"using":"xpath","value":"//*[@id=\"__button365\"]"}
COMMAND: POST /session/e75b3d5d2d0828505fb80b5e18bd174b/elements - {"using":"xpath","value":"//*[@id=\"__button365\"]"}
RESULT: {"using":"xpath","value":"//*[@id=\"__button365\"]"}
COMMAND: POST /session/e75b3d5d2d0828505fb80b5e18bd174b/elements - {"using":"xpath","value":"//*[@id=\"__button365\"]"}
RESULT: {"using":"xpath","value":"//*[@id=\"__button365\"]"}
COMMAND: POST /session/e75b3d5d2d0828505fb80b5e18bd174b/elements - {"using":"xpath","value":"//*[@id=\"__button365\"]"}
RESULT: {"using":"xpath","value":"//*[@id=\"__button365\"]"}
COMMAND: POST /session/e75b3d5d2d0828505fb80b5e18bd174b/elements - {"using":"xpath","value":"//*[@id=\"__button365\"]"}
RESULT: {"using":"xpath","value":"//*[@id=\"__button365\"]"}
COMMAND: POST /session/e75b3d5d2d0828505fb80b5e18bd174b/elements - {"using":"xpath","value":"//*[@id=\"__button365\"]"}
RESULT: {"using":"xpath","value":"//*[@id=\"__button365\"]"}
COMMAND: POST /session/e75b3d5d2d0828505fb80b5e18bd174b/element - {"using":"css selector","value":"#shell-header-logo"}
RESULT: {"using":"css selector","value":"#shell-header-logo"}
COMMAND: POST /session/e75b3d5d2d0828505fb80b5e18bd174b/execute/sync - {"script":"<script> [8489 bytes]","args":[{"element-6066-11e4-a52e-4f735466cecf":"f.3CC06888A91A2B87598FBDB561306D63.d.98CAD48FCA2EA38A1C6573796932A935.e.18832","ELEMENT":"f.3CC06888A91A2B87598FBDB561306D63.d.98CAD48FCA2EA38A1C6573796932A935.e.18832"}]}
RESULT: {"script":"<script> [8489 bytes]","args":[{"element-6066-11e4-a52e-4f735466cecf":"f.3CC06888A91A2B87598FBDB561306D63.d.98CAD48FCA2EA38A1C6573796932A935.e.18832","ELEMENT":"f.3CC06888A91A2B87598FBDB561306D63.d.98CAD48FCA2EA38A1C6573796932A935.e.18832"}]}
COMMAND: POST /session/e75b3d5d2d0828505fb80b5e18bd174b/execute/sync - {"script":"<script> [5351 bytes]","args":[{"element-6066-11e4-a52e-4f735466cecf":"f.3CC06888A91A2B87598FBDB561306D63.d.98CAD48FCA2EA38A1C6573796932A935.e.18832","ELEMENT":"f.3CC06888A91A2B87598FBDB561306D63.d.98CAD48FCA2EA38A1C6573796932A935.e.18832"}]}
COMMAND: GET /session/e75b3d5d2d0828505fb80b5e18bd174b/screenshot - {}
RESULT: {"script":"<script> [5351 bytes]","args":[{"element-6066-11e4-a52e-4f735466cecf":"f.3CC06888A91A2B87598FBDB561306D63.d.98CAD48FCA2EA38A1C6573796932A935.e.18832","ELEMENT":"f.3CC06888A91A2B87598FBDB561306D63.d.98CAD48FCA2EA38A1C6573796932A935.e.18832"}]}
COMMAND: POST /session/e75b3d5d2d0828505fb80b5e18bd174b/element/f.3CC06888A91A2B87598FBDB561306D63.d.98CAD48FCA2EA38A1C6573796932A935.e.18832/click - {}
COMMAND: GET /session/e75b3d5d2d0828505fb80b5e18bd174b/screenshot - {}
RESULT: {}
RESULT: {}
]]></system-out>
    </testcase>
    <testcase classname="chrome.136_0_7103_93.windows.Performance_based_billing_(work_days)_US139742" name="Should go to Manage Billings and trigger calculation check the conditions applied" time="60.085">
      <system-out><![CDATA[
COMMAND: POST /session/e75b3d5d2d0828505fb80b5e18bd174b/execute/async - {"script":"<script> [1562 bytes]","args":[{"selector":{"controlType":"sap.m.GenericTile","properties":{"header":"Manage Billings"}},"wdio_ui5_key":"sapm.GenericTile{\"header\":\"Manage Billings\"}"}]}
COMMAND: GET /session/e75b3d5d2d0828505fb80b5e18bd174b/screenshot - {}
RESULT: {}
RESULT: {"script":"<script> [1562 bytes]","args":[{"selector":{"controlType":"sap.m.GenericTile","properties":{"header":"Manage Billings"}},"wdio_ui5_key":"sapm.GenericTile{\"header\":\"Manage Billings\"}"}]}
RESULT: undefined
COMMAND: POST /session/e75b3d5d2d0828505fb80b5e18bd174b/element - {"using":"xpath","value":"//*[@id=\"__tile51\"]"}
RESULT: {}
RESULT: {"using":"xpath","value":"//*[@id=\"__tile51\"]"}
COMMAND: POST /session/e75b3d5d2d0828505fb80b5e18bd174b/element/f.3CC06888A91A2B87598FBDB561306D63.d.98CAD48FCA2EA38A1C6573796932A935.e.14942/click - {}
RESULT: {}
COMMAND: GET /session/e75b3d5d2d0828505fb80b5e18bd174b/screenshot - {}
RESULT: {}
COMMAND: POST /session/e75b3d5d2d0828505fb80b5e18bd174b/elements - {"using":"xpath","value":"//span[text()='Error']"}
RESULT: {"using":"xpath","value":"//span[text()='Error']"}
COMMAND: POST /session/e75b3d5d2d0828505fb80b5e18bd174b/execute/async - {"script":"<script> [1562 bytes]","args":[{"selector":{"id":"application-managebillings-display-component---billRunCalcResult--smartFilterBar-btnBasicSearch","interaction":{"idSuffix":"I"}},"wdio_ui5_key":"applicationmanagebillings-display-component---billRunCalcResult--smartFilterBar-btnBasicSearch"}]}
RESULT: {"script":"<script> [1562 bytes]","args":[{"selector":{"id":"application-managebillings-display-component---billRunCalcResult--smartFilterBar-btnBasicSearch","interaction":{"idSuffix":"I"}},"wdio_ui5_key":"applicationmanagebillings-display-component---billRunCalcResult--smartFilterBar-btnBasicSearch"}]}
RESULT: undefined
COMMAND: POST /session/e75b3d5d2d0828505fb80b5e18bd174b/execute/async - {"script":"<script> [776 bytes]","args":[{"enterText":"10400","selector":{"id":"application-managebillings-display-component---billRunCalcResult--smartFilterBar-btnBasicSearch","interaction":{"idSuffix":"I"}},"clearTextFirst":true,"interactionType":"ENTER_TEXT"}]}
RESULT: {"script":"<script> [776 bytes]","args":[{"enterText":"10400","selector":{"id":"application-managebillings-display-component---billRunCalcResult--smartFilterBar-btnBasicSearch","interaction":{"idSuffix":"I"}},"clearTextFirst":true,"interactionType":"ENTER_TEXT"}]}
COMMAND: POST /session/e75b3d5d2d0828505fb80b5e18bd174b/actions - {"actions":[{"id":"action66","type":"key","parameters":{},"actions":[{"type":"keyDown","value":"î€‡"},{"type":"pause","duration":10},{"type":"keyUp","value":"î€‡"}]}]}
RESULT: {"actions":[{"id":"action66","type":"key","parameters":{},"actions":[{"type":"keyDown","value":"î€‡"},{"type":"pause","duration":10},{"type":"keyUp","value":"î€‡"}]}]}
COMMAND: GET /session/e75b3d5d2d0828505fb80b5e18bd174b/screenshot - {}
RESULT: {}
COMMAND: POST /session/e75b3d5d2d0828505fb80b5e18bd174b/element - {"using":"xpath","value":"//td[@aria-colindex=\"1\"]/div/div[contains(@class, \"sapMCbBg\")]"}
RESULT: {"using":"xpath","value":"//td[@aria-colindex=\"1\"]/div/div[contains(@class, \"sapMCbBg\")]"}
COMMAND: POST /session/e75b3d5d2d0828505fb80b5e18bd174b/element/f.3CC06888A91A2B87598FBDB561306D63.d.98CAD48FCA2EA38A1C6573796932A935.e.19238/click - {}
RESULT: {}
COMMAND: GET /session/e75b3d5d2d0828505fb80b5e18bd174b/screenshot - {}
RESULT: {}
COMMAND: POST /session/e75b3d5d2d0828505fb80b5e18bd174b/execute/async - {"script":"<script> [1562 bytes]","args":[{"selector":{"id":"application-managebillings-display-component---billRunCalcResult--contractBillRunDate","interaction":{"idSuffix":"inner"}},"wdio_ui5_key":"applicationmanagebillings-display-component---billRunCalcResult--contractBillRunDate"}]}
RESULT: {"script":"<script> [1562 bytes]","args":[{"selector":{"id":"application-managebillings-display-component---billRunCalcResult--contractBillRunDate","interaction":{"idSuffix":"inner"}},"wdio_ui5_key":"applicationmanagebillings-display-component---billRunCalcResult--contractBillRunDate"}]}
RESULT: undefined
COMMAND: POST /session/e75b3d5d2d0828505fb80b5e18bd174b/execute/async - {"script":"<script> [776 bytes]","args":[{"enterText":"6/19/25","selector":{"id":"application-managebillings-display-component---billRunCalcResult--contractBillRunDate","interaction":{"idSuffix":"inner"}},"clearTextFirst":true,"interactionType":"ENTER_TEXT"}]}
RESULT: {"script":"<script> [776 bytes]","args":[{"enterText":"6/19/25","selector":{"id":"application-managebillings-display-component---billRunCalcResult--contractBillRunDate","interaction":{"idSuffix":"inner"}},"clearTextFirst":true,"interactionType":"ENTER_TEXT"}]}
COMMAND: POST /session/e75b3d5d2d0828505fb80b5e18bd174b/element - {"using":"xpath","value":"//bdi[contains(text(), \"Trigger Calculation\")]"}
RESULT: {"using":"xpath","value":"//bdi[contains(text(), \"Trigger Calculation\")]"}
COMMAND: POST /session/e75b3d5d2d0828505fb80b5e18bd174b/element/f.3CC06888A91A2B87598FBDB561306D63.d.98CAD48FCA2EA38A1C6573796932A935.e.19253/click - {}
RESULT: {}
COMMAND: GET /session/e75b3d5d2d0828505fb80b5e18bd174b/screenshot - {}
RESULT: {}
COMMAND: POST /session/e75b3d5d2d0828505fb80b5e18bd174b/element - {"using":"xpath","value":"(//span[contains(@id, \"imgNav\")])[1]"}
RESULT: {"using":"xpath","value":"(//span[contains(@id, \"imgNav\")])[1]"}
COMMAND: POST /session/e75b3d5d2d0828505fb80b5e18bd174b/element/f.3CC06888A91A2B87598FBDB561306D63.d.98CAD48FCA2EA38A1C6573796932A935.e.19235/click - {}
RESULT: {}
COMMAND: GET /session/e75b3d5d2d0828505fb80b5e18bd174b/screenshot - {}
RESULT: {}
COMMAND: POST /session/e75b3d5d2d0828505fb80b5e18bd174b/element - {"using":"xpath","value":"//tr/td[6]/div[1]/span[1]/span[1]"}
RESULT: {"using":"xpath","value":"//tr/td[6]/div[1]/span[1]/span[1]"}
COMMAND: GET /session/e75b3d5d2d0828505fb80b5e18bd174b/element/f.3CC06888A91A2B87598FBDB561306D63.d.98CAD48FCA2EA38A1C6573796932A935.e.19258/text - {}
RESULT: {}
COMMAND: POST /session/e75b3d5d2d0828505fb80b5e18bd174b/element - {"using":"xpath","value":"(//span[contains(@id, \"imgNav\")])[2]"}
RESULT: {"using":"xpath","value":"(//span[contains(@id, \"imgNav\")])[2]"}
COMMAND: POST /session/e75b3d5d2d0828505fb80b5e18bd174b/element/f.3CC06888A91A2B87598FBDB561306D63.d.98CAD48FCA2EA38A1C6573796932A935.e.19259/click - {}
RESULT: {}
COMMAND: POST /session/e75b3d5d2d0828505fb80b5e18bd174b/element - {"using":"xpath","value":"//bdi[contains(text(), \"Business Confirm\")]"}
COMMAND: GET /session/e75b3d5d2d0828505fb80b5e18bd174b/screenshot - {}
RESULT: {"using":"xpath","value":"//bdi[contains(text(), \"Business Confirm\")]"}
COMMAND: POST /session/e75b3d5d2d0828505fb80b5e18bd174b/elements - {"using":"xpath","value":"//bdi[contains(text(), \"Business Confirm\")]"}
RESULT: {}
RESULT: {"using":"xpath","value":"//bdi[contains(text(), \"Business Confirm\")]"}
COMMAND: POST /session/e75b3d5d2d0828505fb80b5e18bd174b/element - {"using":"xpath","value":"//bdi[contains(text(), \"Business Confirm\")]"}
RESULT: {"using":"xpath","value":"//bdi[contains(text(), \"Business Confirm\")]"}
COMMAND: POST /session/e75b3d5d2d0828505fb80b5e18bd174b/element/f.3CC06888A91A2B87598FBDB561306D63.d.98CAD48FCA2EA38A1C6573796932A935.e.19307/click - {}
RESULT: {}
COMMAND: POST /session/e75b3d5d2d0828505fb80b5e18bd174b/element - {"using":"css selector","value":"#shell-header-logo"}
COMMAND: GET /session/e75b3d5d2d0828505fb80b5e18bd174b/screenshot - {}
RESULT: {"using":"css selector","value":"#shell-header-logo"}
COMMAND: POST /session/e75b3d5d2d0828505fb80b5e18bd174b/element/f.3CC06888A91A2B87598FBDB561306D63.d.98CAD48FCA2EA38A1C6573796932A935.e.19017/click - {}
RESULT: {}
RESULT: {}
COMMAND: GET /session/e75b3d5d2d0828505fb80b5e18bd174b/screenshot - {}
RESULT: {}
COMMAND: POST /session/e75b3d5d2d0828505fb80b5e18bd174b/element - {"using":"css selector","value":"#j_username"}
COMMAND: POST /session/e75b3d5d2d0828505fb80b5e18bd174b/url - {"url":"https://qa-testing-00-live-etm-ui.cfapps.eu10-004.hana.ondemand.com/"}
RESULT: {"using":"css selector","value":"#j_username"}
COMMAND: POST /session/e75b3d5d2d0828505fb80b5e18bd174b/element - {"using":"css selector","value":"#j_username"}
RESULT: {"url":"https://qa-testing-00-live-etm-ui.cfapps.eu10-004.hana.ondemand.com/"}
RESULT: undefined
COMMAND: GET /session/e75b3d5d2d0828505fb80b5e18bd174b/screenshot - {}
RESULT: {"using":"css selector","value":"#j_username"}
COMMAND: POST /session/e75b3d5d2d0828505fb80b5e18bd174b/element - {"using":"css selector","value":"#shell-header-logo"}
RESULT: {}
RESULT: {"using":"css selector","value":"#shell-header-logo"}
COMMAND: POST /session/e75b3d5d2d0828505fb80b5e18bd174b/execute/sync - {"script":"<script> [8489 bytes]","args":[{"element-6066-11e4-a52e-4f735466cecf":"f.3CC06888A91A2B87598FBDB561306D63.d.A61CB232DFEA025540351537EAF585EB.e.19344","ELEMENT":"f.3CC06888A91A2B87598FBDB561306D63.d.A61CB232DFEA025540351537EAF585EB.e.19344"}]}
RESULT: {"script":"<script> [8489 bytes]","args":[{"element-6066-11e4-a52e-4f735466cecf":"f.3CC06888A91A2B87598FBDB561306D63.d.A61CB232DFEA025540351537EAF585EB.e.19344","ELEMENT":"f.3CC06888A91A2B87598FBDB561306D63.d.A61CB232DFEA025540351537EAF585EB.e.19344"}]}
COMMAND: POST /session/e75b3d5d2d0828505fb80b5e18bd174b/element - {"using":"css selector","value":"#shell-header-logo"}
COMMAND: GET /session/e75b3d5d2d0828505fb80b5e18bd174b/screenshot - {}
RESULT: {"using":"css selector","value":"#shell-header-logo"}
COMMAND: POST /session/e75b3d5d2d0828505fb80b5e18bd174b/execute/sync - {"script":"<script> [8489 bytes]","args":[{"element-6066-11e4-a52e-4f735466cecf":"f.3CC06888A91A2B87598FBDB561306D63.d.A61CB232DFEA025540351537EAF585EB.e.19344","ELEMENT":"f.3CC06888A91A2B87598FBDB561306D63.d.A61CB232DFEA025540351537EAF585EB.e.19344"}]}
RESULT: {}
RESULT: {"script":"<script> [8489 bytes]","args":[{"element-6066-11e4-a52e-4f735466cecf":"f.3CC06888A91A2B87598FBDB561306D63.d.A61CB232DFEA025540351537EAF585EB.e.19344","ELEMENT":"f.3CC06888A91A2B87598FBDB561306D63.d.A61CB232DFEA025540351537EAF585EB.e.19344"}]}
COMMAND: POST /session/e75b3d5d2d0828505fb80b5e18bd174b/execute/sync - {"script":"<script> [5351 bytes]","args":[{"element-6066-11e4-a52e-4f735466cecf":"f.3CC06888A91A2B87598FBDB561306D63.d.A61CB232DFEA025540351537EAF585EB.e.19344","ELEMENT":"f.3CC06888A91A2B87598FBDB561306D63.d.A61CB232DFEA025540351537EAF585EB.e.19344"}]}
COMMAND: GET /session/e75b3d5d2d0828505fb80b5e18bd174b/screenshot - {}
RESULT: {"script":"<script> [5351 bytes]","args":[{"element-6066-11e4-a52e-4f735466cecf":"f.3CC06888A91A2B87598FBDB561306D63.d.A61CB232DFEA025540351537EAF585EB.e.19344","ELEMENT":"f.3CC06888A91A2B87598FBDB561306D63.d.A61CB232DFEA025540351537EAF585EB.e.19344"}]}
COMMAND: POST /session/e75b3d5d2d0828505fb80b5e18bd174b/element - {"using":"css selector","value":"#shell-header-logo"}
COMMAND: GET /session/e75b3d5d2d0828505fb80b5e18bd174b/screenshot - {}
RESULT: {}
RESULT: {"using":"css selector","value":"#shell-header-logo"}
COMMAND: POST /session/e75b3d5d2d0828505fb80b5e18bd174b/element/f.3CC06888A91A2B87598FBDB561306D63.d.A61CB232DFEA025540351537EAF585EB.e.19344/click - {}
RESULT: {}
RESULT: {}
COMMAND: GET /session/e75b3d5d2d0828505fb80b5e18bd174b/screenshot - {}
RESULT: {}
COMMAND: POST /session/e75b3d5d2d0828505fb80b5e18bd174b/execute/async - {"script":"<script> [189 bytes]","args":[]}
RESULT: {"script":"<script> [189 bytes]","args":[]}
COMMAND: POST /session/e75b3d5d2d0828505fb80b5e18bd174b/execute/async - {"script":"<script> [123 bytes]","args":[]}
RESULT: {"script":"<script> [123 bytes]","args":[]}
COMMAND: POST /session/e75b3d5d2d0828505fb80b5e18bd174b/timeouts - {"script":"<number>"}
RESULT: {"script":"<number>"}
COMMAND: GET /session/e75b3d5d2d0828505fb80b5e18bd174b/timeouts - {}
RESULT: {}
RESULT: undefined
COMMAND: POST /session/e75b3d5d2d0828505fb80b5e18bd174b/execute/async - {"script":"<script> [2676 bytes]","args":[]}
RESULT: {"script":"<script> [2676 bytes]","args":[]}
COMMAND: POST /session/e75b3d5d2d0828505fb80b5e18bd174b/execute/async - {"script":"<script> [2342 bytes]","args":[{"protocol":"http","hostname":"0.0.0.0","path":"/","capabilities":{"browserName":"chrome","goog:chromeOptions":{"binary":"C:\\Program Files\\Google\\Chrome\\Application\\chrome.exe","args":["--start-maximized"]}},"logLevel":"warn","connectionRetryTimeout":120000,"connectionRetryCount":3,"logLevels":{},"enableDirectConnect":true,"strictSSL":true,"_":"65 more keys: [\"cacheDir\",\"port\",\"requestedCapabilities\",\"automationProtocol\",\"baseUrl\",\"waitforInterval\",\"waitforTimeout\",\"onReload\",\"beforeCommand\",\"afterCommand\",\"rootDir\",\"specs\",\"suites\",\"exclude\",\"groupLogsByTestSpec\",\"excludeDriverLogs\",\"bail\",\"framework\",\"reporters\",\"services\",\"maxInstances\",\"maxInstancesPerCapability\",\"injectGlobals\",\"filesToWatch\",\"execArgv\",\"runnerEnv\",\"runner\",\"shard\",\"specFileRetries\",\"specFileRetriesDelay\",\"specFileRetriesDeferred\",\"reporterSyncInterval\",\"reporterSyncTimeout\",\"cucumberFeaturesWithLineNumbers\",\"autoCompileOpts\",\"mochaOpts\",\"jasmineOpts\",\"cucumberOpts\",\"onPrepare\",\"onWorkerStart\",\"onWorkerEnd\",\"before\",\"beforeSession\",\"beforeSuite\",\"beforeHook\",\"beforeTest\",\"afterTest\",\"afterHook\",\"afterSuite\",\"afterSession\",\"after\",\"onComplete\",\"beforeAssertion\",\"afterAssertion\",\"beforeFeature\",\"beforeScenario\",\"beforeStep\",\"afterStep\",\"afterScenario\",\"afterFeature\",\"_\",\"suite\",\"$0\",\"ignoredWorkerServices\",\"wdi5\"]"}]}
RESULT: {"script":"<script> [2342 bytes]","args":[{"protocol":"http","hostname":"0.0.0.0","path":"/","capabilities":{"browserName":"chrome","goog:chromeOptions":{"binary":"C:\\Program Files\\Google\\Chrome\\Application\\chrome.exe","args":["--start-maximized"]}},"logLevel":"warn","connectionRetryTimeout":120000,"connectionRetryCount":3,"logLevels":{},"enableDirectConnect":true,"strictSSL":true,"_":"65 more keys: [\"cacheDir\",\"port\",\"requestedCapabilities\",\"automationProtocol\",\"baseUrl\",\"waitforInterval\",\"waitforTimeout\",\"onReload\",\"beforeCommand\",\"afterCommand\",\"rootDir\",\"specs\",\"suites\",\"exclude\",\"groupLogsByTestSpec\",\"excludeDriverLogs\",\"bail\",\"framework\",\"reporters\",\"services\",\"maxInstances\",\"maxInstancesPerCapability\",\"injectGlobals\",\"filesToWatch\",\"execArgv\",\"runnerEnv\",\"runner\",\"shard\",\"specFileRetries\",\"specFileRetriesDelay\",\"specFileRetriesDeferred\",\"reporterSyncInterval\",\"reporterSyncTimeout\",\"cucumberFeaturesWithLineNumbers\",\"autoCompileOpts\",\"mochaOpts\",\"jasmineOpts\",\"cucumberOpts\",\"onPrepare\",\"onWorkerStart\",\"onWorkerEnd\",\"before\",\"beforeSession\",\"beforeSuite\",\"beforeHook\",\"beforeTest\",\"afterTest\",\"afterHook\",\"afterSuite\",\"afterSession\",\"after\",\"onComplete\",\"beforeAssertion\",\"afterAssertion\",\"beforeFeature\",\"beforeScenario\",\"beforeStep\",\"afterStep\",\"afterScenario\",\"afterFeature\",\"_\",\"suite\",\"$0\",\"ignoredWorkerServices\",\"wdi5\"]"}]}
COMMAND: POST /session/e75b3d5d2d0828505fb80b5e18bd174b/execute/async - {"script":"<script> [21126 bytes]","args":[35000]}
RESULT: {"script":"<script> [21126 bytes]","args":[35000]}
COMMAND: POST /session/e75b3d5d2d0828505fb80b5e18bd174b/window/maximize - {}
RESULT: {}
COMMAND: POST /session/e75b3d5d2d0828505fb80b5e18bd174b/execute/async - {"script":"<script> [1562 bytes]","args":[{"selector":{"id":"shell-header","interaction":{"idSuffix":"icon"}},"wdio_ui5_key":"shellheader"}]}
COMMAND: GET /session/e75b3d5d2d0828505fb80b5e18bd174b/screenshot - {}
RESULT: {"script":"<script> [1562 bytes]","args":[{"selector":{"id":"shell-header","interaction":{"idSuffix":"icon"}},"wdio_ui5_key":"shellheader"}]}
RESULT: undefined
COMMAND: POST /session/e75b3d5d2d0828505fb80b5e18bd174b/refresh - {}
RESULT: {}
RESULT: {}
COMMAND: GET /session/e75b3d5d2d0828505fb80b5e18bd174b/screenshot - {}
RESULT: {}
COMMAND: POST /session/e75b3d5d2d0828505fb80b5e18bd174b/refresh - {}
RESULT: {}
COMMAND: GET /session/e75b3d5d2d0828505fb80b5e18bd174b/screenshot - {}
RESULT: {}
COMMAND: POST /session/e75b3d5d2d0828505fb80b5e18bd174b/window/fullscreen - {}
RESULT: {}
COMMAND: POST /session/e75b3d5d2d0828505fb80b5e18bd174b/execute/async - {"script":"<script> [189 bytes]","args":[]}
RESULT: {"script":"<script> [189 bytes]","args":[]}
COMMAND: POST /session/e75b3d5d2d0828505fb80b5e18bd174b/execute/async - {"script":"<script> [123 bytes]","args":[]}
RESULT: {"script":"<script> [123 bytes]","args":[]}
COMMAND: POST /session/e75b3d5d2d0828505fb80b5e18bd174b/timeouts - {"script":"<number>"}
RESULT: {"script":"<number>"}
COMMAND: GET /session/e75b3d5d2d0828505fb80b5e18bd174b/timeouts - {}
RESULT: {}
RESULT: undefined
COMMAND: POST /session/e75b3d5d2d0828505fb80b5e18bd174b/execute/async - {"script":"<script> [2676 bytes]","args":[]}
RESULT: {"script":"<script> [2676 bytes]","args":[]}
COMMAND: POST /session/e75b3d5d2d0828505fb80b5e18bd174b/execute/async - {"script":"<script> [2342 bytes]","args":[{"protocol":"http","hostname":"0.0.0.0","path":"/","capabilities":{"browserName":"chrome","goog:chromeOptions":{"binary":"C:\\Program Files\\Google\\Chrome\\Application\\chrome.exe","args":["--start-maximized"]}},"logLevel":"warn","connectionRetryTimeout":120000,"connectionRetryCount":3,"logLevels":{},"enableDirectConnect":true,"strictSSL":true,"_":"65 more keys: [\"cacheDir\",\"port\",\"requestedCapabilities\",\"automationProtocol\",\"baseUrl\",\"waitforInterval\",\"waitforTimeout\",\"onReload\",\"beforeCommand\",\"afterCommand\",\"rootDir\",\"specs\",\"suites\",\"exclude\",\"groupLogsByTestSpec\",\"excludeDriverLogs\",\"bail\",\"framework\",\"reporters\",\"services\",\"maxInstances\",\"maxInstancesPerCapability\",\"injectGlobals\",\"filesToWatch\",\"execArgv\",\"runnerEnv\",\"runner\",\"shard\",\"specFileRetries\",\"specFileRetriesDelay\",\"specFileRetriesDeferred\",\"reporterSyncInterval\",\"reporterSyncTimeout\",\"cucumberFeaturesWithLineNumbers\",\"autoCompileOpts\",\"mochaOpts\",\"jasmineOpts\",\"cucumberOpts\",\"onPrepare\",\"onWorkerStart\",\"onWorkerEnd\",\"before\",\"beforeSession\",\"beforeSuite\",\"beforeHook\",\"beforeTest\",\"afterTest\",\"afterHook\",\"afterSuite\",\"afterSession\",\"after\",\"onComplete\",\"beforeAssertion\",\"afterAssertion\",\"beforeFeature\",\"beforeScenario\",\"beforeStep\",\"afterStep\",\"afterScenario\",\"afterFeature\",\"_\",\"suite\",\"$0\",\"ignoredWorkerServices\",\"wdi5\"]"}]}
RESULT: {"script":"<script> [2342 bytes]","args":[{"protocol":"http","hostname":"0.0.0.0","path":"/","capabilities":{"browserName":"chrome","goog:chromeOptions":{"binary":"C:\\Program Files\\Google\\Chrome\\Application\\chrome.exe","args":["--start-maximized"]}},"logLevel":"warn","connectionRetryTimeout":120000,"connectionRetryCount":3,"logLevels":{},"enableDirectConnect":true,"strictSSL":true,"_":"65 more keys: [\"cacheDir\",\"port\",\"requestedCapabilities\",\"automationProtocol\",\"baseUrl\",\"waitforInterval\",\"waitforTimeout\",\"onReload\",\"beforeCommand\",\"afterCommand\",\"rootDir\",\"specs\",\"suites\",\"exclude\",\"groupLogsByTestSpec\",\"excludeDriverLogs\",\"bail\",\"framework\",\"reporters\",\"services\",\"maxInstances\",\"maxInstancesPerCapability\",\"injectGlobals\",\"filesToWatch\",\"execArgv\",\"runnerEnv\",\"runner\",\"shard\",\"specFileRetries\",\"specFileRetriesDelay\",\"specFileRetriesDeferred\",\"reporterSyncInterval\",\"reporterSyncTimeout\",\"cucumberFeaturesWithLineNumbers\",\"autoCompileOpts\",\"mochaOpts\",\"jasmineOpts\",\"cucumberOpts\",\"onPrepare\",\"onWorkerStart\",\"onWorkerEnd\",\"before\",\"beforeSession\",\"beforeSuite\",\"beforeHook\",\"beforeTest\",\"afterTest\",\"afterHook\",\"afterSuite\",\"afterSession\",\"after\",\"onComplete\",\"beforeAssertion\",\"afterAssertion\",\"beforeFeature\",\"beforeScenario\",\"beforeStep\",\"afterStep\",\"afterScenario\",\"afterFeature\",\"_\",\"suite\",\"$0\",\"ignoredWorkerServices\",\"wdi5\"]"}]}
COMMAND: POST /session/e75b3d5d2d0828505fb80b5e18bd174b/execute/async - {"script":"<script> [21126 bytes]","args":[35000]}
RESULT: {"script":"<script> [21126 bytes]","args":[35000]}
]]></system-out>
    </testcase>
  </testsuite>
  <testsuite timestamp="2025-05-19T18:01:40" time="1293.28" tests="20" failures="0" errors="0" skipped="0">
    <properties>
      <property name="specId" value="0" />
      <property name="suiteName" value="Billing Calculation - Time based (considering transport times) US139738" />
      <property name="capabilities" value="chrome.136_0_7103_93.windows" />
      <property name="file" value="file:///D:/a/1/s/test/specs/BTS/billing-calculation-transp-times.spec.js" />
    </properties>
    <testcase classname="chrome.136_0_7103_93.windows.Billing_Calculation_-_Time_based_(considering_transport_times)_US139738" name="Should create a new yard" time="0.012">
      <system-out><![CDATA[
COMMAND: POST /session/e75b3d5d2d0828505fb80b5e18bd174b/window/fullscreen - {}
RESULT: {}
]]></system-out>
    </testcase>
    <testcase classname="chrome.136_0_7103_93.windows.Billing_Calculation_-_Time_based_(considering_transport_times)_US139738" name="Should create a new partner" time="0.003" />
    <testcase classname="chrome.136_0_7103_93.windows.Billing_Calculation_-_Time_based_(considering_transport_times)_US139738" name="Should create a new site" time="0.003" />
    <testcase classname="chrome.136_0_7103_93.windows.Billing_Calculation_-_Time_based_(considering_transport_times)_US139738" name="Should create the equipment" time="138.771">
      <system-out><![CDATA[
COMMAND: POST /session/e75b3d5d2d0828505fb80b5e18bd174b/execute/async - {"script":"<script> [1562 bytes]","args":[{"selector":{"controlType":"sap.m.GenericTile","properties":{"header":"Manage Resources"}},"wdio_ui5_key":"sapm.GenericTile{\"header\":\"Manage Resources\"}"}]}
RESULT: {"script":"<script> [1562 bytes]","args":[{"selector":{"controlType":"sap.m.GenericTile","properties":{"header":"Manage Resources"}},"wdio_ui5_key":"sapm.GenericTile{\"header\":\"Manage Resources\"}"}]}
RESULT: undefined
COMMAND: POST /session/e75b3d5d2d0828505fb80b5e18bd174b/element - {"using":"xpath","value":"//*[@id=\"__tile39\"]"}
RESULT: {"using":"xpath","value":"//*[@id=\"__tile39\"]"}
COMMAND: POST /session/e75b3d5d2d0828505fb80b5e18bd174b/element/f.3CC06888A91A2B87598FBDB561306D63.d.F0E3E9D26B150B4BB1241069A252900F.e.19490/click - {}
RESULT: {}
COMMAND: GET /session/e75b3d5d2d0828505fb80b5e18bd174b/screenshot - {}
RESULT: {}
COMMAND: POST /session/e75b3d5d2d0828505fb80b5e18bd174b/elements - {"using":"xpath","value":"//span[text()='Error']"}
RESULT: {"using":"xpath","value":"//span[text()='Error']"}
COMMAND: POST /session/e75b3d5d2d0828505fb80b5e18bd174b/element - {"using":"xpath","value":"//button[@data-kt=\"addNewRUOverflowToolbarButton\"]"}
RESULT: {"using":"xpath","value":"//button[@data-kt=\"addNewRUOverflowToolbarButton\"]"}
COMMAND: POST /session/e75b3d5d2d0828505fb80b5e18bd174b/elements - {"using":"xpath","value":"//button[@data-kt=\"addNewRUOverflowToolbarButton\"]"}
RESULT: {"using":"xpath","value":"//button[@data-kt=\"addNewRUOverflowToolbarButton\"]"}
COMMAND: POST /session/e75b3d5d2d0828505fb80b5e18bd174b/execute/sync - {"script":"<script> [8489 bytes]","args":[{"element-6066-11e4-a52e-4f735466cecf":"f.3CC06888A91A2B87598FBDB561306D63.d.F0E3E9D26B150B4BB1241069A252900F.e.19629","ELEMENT":"f.3CC06888A91A2B87598FBDB561306D63.d.F0E3E9D26B150B4BB1241069A252900F.e.19629"}]}
RESULT: {"script":"<script> [8489 bytes]","args":[{"element-6066-11e4-a52e-4f735466cecf":"f.3CC06888A91A2B87598FBDB561306D63.d.F0E3E9D26B150B4BB1241069A252900F.e.19629","ELEMENT":"f.3CC06888A91A2B87598FBDB561306D63.d.F0E3E9D26B150B4BB1241069A252900F.e.19629"}]}
COMMAND: GET /session/e75b3d5d2d0828505fb80b5e18bd174b/element/f.3CC06888A91A2B87598FBDB561306D63.d.F0E3E9D26B150B4BB1241069A252900F.e.19629/enabled - {}
COMMAND: GET /session/e75b3d5d2d0828505fb80b5e18bd174b/screenshot - {}
RESULT: {}
COMMAND: POST /session/e75b3d5d2d0828505fb80b5e18bd174b/execute/sync - {"script":"<script> [8489 bytes]","args":[{"element-6066-11e4-a52e-4f735466cecf":"f.3CC06888A91A2B87598FBDB561306D63.d.F0E3E9D26B150B4BB1241069A252900F.e.19629","ELEMENT":"f.3CC06888A91A2B87598FBDB561306D63.d.F0E3E9D26B150B4BB1241069A252900F.e.19629"}]}
COMMAND: GET /session/e75b3d5d2d0828505fb80b5e18bd174b/screenshot - {}
RESULT: {}
RESULT: {"script":"<script> [8489 bytes]","args":[{"element-6066-11e4-a52e-4f735466cecf":"f.3CC06888A91A2B87598FBDB561306D63.d.F0E3E9D26B150B4BB1241069A252900F.e.19629","ELEMENT":"f.3CC06888A91A2B87598FBDB561306D63.d.F0E3E9D26B150B4BB1241069A252900F.e.19629"}]}
COMMAND: POST /session/e75b3d5d2d0828505fb80b5e18bd174b/execute/sync - {"script":"<script> [5351 bytes]","args":[{"element-6066-11e4-a52e-4f735466cecf":"f.3CC06888A91A2B87598FBDB561306D63.d.F0E3E9D26B150B4BB1241069A252900F.e.19629","ELEMENT":"f.3CC06888A91A2B87598FBDB561306D63.d.F0E3E9D26B150B4BB1241069A252900F.e.19629"}]}
COMMAND: GET /session/e75b3d5d2d0828505fb80b5e18bd174b/screenshot - {}
RESULT: {}
RESULT: {"script":"<script> [5351 bytes]","args":[{"element-6066-11e4-a52e-4f735466cecf":"f.3CC06888A91A2B87598FBDB561306D63.d.F0E3E9D26B150B4BB1241069A252900F.e.19629","ELEMENT":"f.3CC06888A91A2B87598FBDB561306D63.d.F0E3E9D26B150B4BB1241069A252900F.e.19629"}]}
COMMAND: POST /session/e75b3d5d2d0828505fb80b5e18bd174b/element/f.3CC06888A91A2B87598FBDB561306D63.d.F0E3E9D26B150B4BB1241069A252900F.e.19629/click - {}
COMMAND: GET /session/e75b3d5d2d0828505fb80b5e18bd174b/screenshot - {}
RESULT: {}
RESULT: {}
COMMAND: GET /session/e75b3d5d2d0828505fb80b5e18bd174b/screenshot - {}
RESULT: {}
COMMAND: POST /session/e75b3d5d2d0828505fb80b5e18bd174b/execute/async - {"script":"<script> [1562 bytes]","args":[{"selector":{"id":"application-manageresources-display-component---newResourceUnit--TYPE-arrow"},"wdio_ui5_key":"applicationmanageresources-display-component---newResourceUnit--TYPE-arrow"}]}
RESULT: {}
RESULT: {"script":"<script> [1562 bytes]","args":[{"selector":{"id":"application-manageresources-display-component---newResourceUnit--TYPE-arrow"},"wdio_ui5_key":"applicationmanageresources-display-component---newResourceUnit--TYPE-arrow"}]}
RESULT: undefined
COMMAND: POST /session/e75b3d5d2d0828505fb80b5e18bd174b/element - {"using":"xpath","value":"//*[@id=\"application-manageresources-display-component---newResourceUnit--TYPE-arrow\"]"}
RESULT: {"using":"xpath","value":"//*[@id=\"application-manageresources-display-component---newResourceUnit--TYPE-arrow\"]"}
COMMAND: POST /session/e75b3d5d2d0828505fb80b5e18bd174b/element/f.3CC06888A91A2B87598FBDB561306D63.d.F0E3E9D26B150B4BB1241069A252900F.e.19989/click - {}
RESULT: {}
COMMAND: POST /session/e75b3d5d2d0828505fb80b5e18bd174b/element - {"using":"xpath","value":"//input[@id=\"application-manageresources-display-component---newResourceUnit--TYPE-inner\"]"}
COMMAND: GET /session/e75b3d5d2d0828505fb80b5e18bd174b/screenshot - {}
RESULT: {"using":"xpath","value":"//input[@id=\"application-manageresources-display-component---newResourceUnit--TYPE-inner\"]"}
COMMAND: POST /session/e75b3d5d2d0828505fb80b5e18bd174b/element/f.3CC06888A91A2B87598FBDB561306D63.d.F0E3E9D26B150B4BB1241069A252900F.e.19981/clear - {}
RESULT: {}
RESULT: {}
COMMAND: POST /session/e75b3d5d2d0828505fb80b5e18bd174b/element/f.3CC06888A91A2B87598FBDB561306D63.d.F0E3E9D26B150B4BB1241069A252900F.e.19981/value - {"text":"Equipment"}
COMMAND: GET /session/e75b3d5d2d0828505fb80b5e18bd174b/screenshot - {}
RESULT: {"text":"Equipment"}
COMMAND: GET /session/e75b3d5d2d0828505fb80b5e18bd174b/screenshot - {}
RESULT: {}
RESULT: {}
COMMAND: POST /session/e75b3d5d2d0828505fb80b5e18bd174b/actions - {"actions":[{"id":"action67","type":"key","parameters":{},"actions":[{"type":"keyDown","value":"î€‡"},{"type":"pause","duration":10},{"type":"keyUp","value":"î€‡"}]}]}
RESULT: {"actions":[{"id":"action67","type":"key","parameters":{},"actions":[{"type":"keyDown","value":"î€‡"},{"type":"pause","duration":10},{"type":"keyUp","value":"î€‡"}]}]}
COMMAND: POST /session/e75b3d5d2d0828505fb80b5e18bd174b/execute/async - {"script":"<script> [1562 bytes]","args":[{"selector":{"id":"application-manageresources-display-component---newResourceUnit--resourceId","interaction":{"idSuffix":"inner"}},"wdio_ui5_key":"applicationmanageresources-display-component---newResourceUnit--resourceId"}]}
COMMAND: GET /session/e75b3d5d2d0828505fb80b5e18bd174b/screenshot - {}
RESULT: {"script":"<script> [1562 bytes]","args":[{"selector":{"id":"application-manageresources-display-component---newResourceUnit--resourceId","interaction":{"idSuffix":"inner"}},"wdio_ui5_key":"applicationmanageresources-display-component---newResourceUnit--resourceId"}]}
RESULT: undefined
COMMAND: POST /session/e75b3d5d2d0828505fb80b5e18bd174b/execute/async - {"script":"<script> [776 bytes]","args":[{"enterText":"ATElpknzHj","selector":{"id":"application-manageresources-display-component---newResourceUnit--resourceId","interaction":{"idSuffix":"inner"}},"clearTextFirst":true,"interactionType":"ENTER_TEXT"}]}
RESULT: {}
RESULT: {"script":"<script> [776 bytes]","args":[{"enterText":"ATElpknzHj","selector":{"id":"application-manageresources-display-component---newResourceUnit--resourceId","interaction":{"idSuffix":"inner"}},"clearTextFirst":true,"interactionType":"ENTER_TEXT"}]}
COMMAND: POST /session/e75b3d5d2d0828505fb80b5e18bd174b/execute/async - {"script":"<script> [1562 bytes]","args":[{"selector":{"id":"application-manageresources-display-component---newResourceUnit--SHORT_TEXT","interaction":{"idSuffix":"inner"}},"wdio_ui5_key":"applicationmanageresources-display-component---newResourceUnit--SHORT_TEXT"}]}
RESULT: {"script":"<script> [1562 bytes]","args":[{"selector":{"id":"application-manageresources-display-component---newResourceUnit--SHORT_TEXT","interaction":{"idSuffix":"inner"}},"wdio_ui5_key":"applicationmanageresources-display-component---newResourceUnit--SHORT_TEXT"}]}
RESULT: undefined
COMMAND: POST /session/e75b3d5d2d0828505fb80b5e18bd174b/execute/async - {"script":"<script> [776 bytes]","args":[{"enterText":"Intercompany Equipment WDIO","selector":{"id":"application-manageresources-display-component---newResourceUnit--SHORT_TEXT","interaction":{"idSuffix":"inner"}},"clearTextFirst":true,"interactionType":"ENTER_TEXT"}]}
RESULT: {"script":"<script> [776 bytes]","args":[{"enterText":"Intercompany Equipment WDIO","selector":{"id":"application-manageresources-display-component---newResourceUnit--SHORT_TEXT","interaction":{"idSuffix":"inner"}},"clearTextFirst":true,"interactionType":"ENTER_TEXT"}]}
COMMAND: POST /session/e75b3d5d2d0828505fb80b5e18bd174b/execute/async - {"script":"<script> [1562 bytes]","args":[{"selector":{"id":"application-manageresources-display-component---newResourceUnit--BASE_UNIT_OF_MEASURE","interaction":{"idSuffix":"inner"}},"wdio_ui5_key":"applicationmanageresources-display-component---newResourceUnit--BASE_UNIT_OF_MEASURE"}]}
RESULT: {"script":"<script> [1562 bytes]","args":[{"selector":{"id":"application-manageresources-display-component---newResourceUnit--BASE_UNIT_OF_MEASURE","interaction":{"idSuffix":"inner"}},"wdio_ui5_key":"applicationmanageresources-display-component---newResourceUnit--BASE_UNIT_OF_MEASURE"}]}
RESULT: undefined
COMMAND: POST /session/e75b3d5d2d0828505fb80b5e18bd174b/execute/async - {"script":"<script> [776 bytes]","args":[{"enterText":"Piece","selector":{"id":"application-manageresources-display-component---newResourceUnit--BASE_UNIT_OF_MEASURE","interaction":{"idSuffix":"inner"}},"clearTextFirst":true,"interactionType":"ENTER_TEXT"}]}
RESULT: {"script":"<script> [776 bytes]","args":[{"enterText":"Piece","selector":{"id":"application-manageresources-display-component---newResourceUnit--BASE_UNIT_OF_MEASURE","interaction":{"idSuffix":"inner"}},"clearTextFirst":true,"interactionType":"ENTER_TEXT"}]}
COMMAND: POST /session/e75b3d5d2d0828505fb80b5e18bd174b/execute/async - {"script":"<script> [1562 bytes]","args":[{"selector":{"id":"application-manageresources-display-component---newResourceUnit--WEIGHT_UNIT","interaction":{"idSuffix":"inner"}},"wdio_ui5_key":"applicationmanageresources-display-component---newResourceUnit--WEIGHT_UNIT"}]}
RESULT: {"script":"<script> [1562 bytes]","args":[{"selector":{"id":"application-manageresources-display-component---newResourceUnit--WEIGHT_UNIT","interaction":{"idSuffix":"inner"}},"wdio_ui5_key":"applicationmanageresources-display-component---newResourceUnit--WEIGHT_UNIT"}]}
RESULT: undefined
COMMAND: POST /session/e75b3d5d2d0828505fb80b5e18bd174b/execute/async - {"script":"<script> [776 bytes]","args":[{"enterText":"Gram","selector":{"id":"application-manageresources-display-component---newResourceUnit--WEIGHT_UNIT","interaction":{"idSuffix":"inner"}},"clearTextFirst":true,"interactionType":"ENTER_TEXT"}]}
RESULT: {"script":"<script> [776 bytes]","args":[{"enterText":"Gram","selector":{"id":"application-manageresources-display-component---newResourceUnit--WEIGHT_UNIT","interaction":{"idSuffix":"inner"}},"clearTextFirst":true,"interactionType":"ENTER_TEXT"}]}
COMMAND: POST /session/e75b3d5d2d0828505fb80b5e18bd174b/execute/async - {"script":"<script> [1562 bytes]","args":[{"selector":{"id":"application-manageresources-display-component---newResourceUnit--DIMENSION_UNIT","interaction":{"idSuffix":"inner"}},"wdio_ui5_key":"applicationmanageresources-display-component---newResourceUnit--DIMENSION_UNIT"}]}
RESULT: {"script":"<script> [1562 bytes]","args":[{"selector":{"id":"application-manageresources-display-component---newResourceUnit--DIMENSION_UNIT","interaction":{"idSuffix":"inner"}},"wdio_ui5_key":"applicationmanageresources-display-component---newResourceUnit--DIMENSION_UNIT"}]}
RESULT: undefined
COMMAND: POST /session/e75b3d5d2d0828505fb80b5e18bd174b/execute/async - {"script":"<script> [776 bytes]","args":[{"enterText":"Meter","selector":{"id":"application-manageresources-display-component---newResourceUnit--DIMENSION_UNIT","interaction":{"idSuffix":"inner"}},"clearTextFirst":true,"interactionType":"ENTER_TEXT"}]}
RESULT: {"script":"<script> [776 bytes]","args":[{"enterText":"Meter","selector":{"id":"application-manageresources-display-component---newResourceUnit--DIMENSION_UNIT","interaction":{"idSuffix":"inner"}},"clearTextFirst":true,"interactionType":"ENTER_TEXT"}]}
COMMAND: POST /session/e75b3d5d2d0828505fb80b5e18bd174b/execute/async - {"script":"<script> [1562 bytes]","args":[{"selector":{"id":"application-manageresources-display-component---newResourceUnit--newRRUPage-anchBar-application-manageresources-display-component---newResourceUnit--control-anchor","interaction":{"idSuffix":"BDI-content"}},"wdio_ui5_key":"applicationmanageresources-display-component---newResourceUnit--newRRUPage-anchBar-application-manageresources-display-component---newResourceUnit--control-anchor"}]}
RESULT: {"script":"<script> [1562 bytes]","args":[{"selector":{"id":"application-manageresources-display-component---newResourceUnit--newRRUPage-anchBar-application-manageresources-display-component---newResourceUnit--control-anchor","interaction":{"idSuffix":"BDI-content"}},"wdio_ui5_key":"applicationmanageresources-display-component---newResourceUnit--newRRUPage-anchBar-application-manageresources-display-component---newResourceUnit--control-anchor"}]}
RESULT: undefined
COMMAND: POST /session/e75b3d5d2d0828505fb80b5e18bd174b/element - {"using":"xpath","value":"//*[@id=\"application-manageresources-display-component---newResourceUnit--newRRUPage-anchBar-application-manageresources-display-component---newResourceUnit--control-anchor\"]"}
RESULT: {"using":"xpath","value":"//*[@id=\"application-manageresources-display-component---newResourceUnit--newRRUPage-anchBar-application-manageresources-display-component---newResourceUnit--control-anchor\"]"}
COMMAND: POST /session/e75b3d5d2d0828505fb80b5e18bd174b/element/f.3CC06888A91A2B87598FBDB561306D63.d.F0E3E9D26B150B4BB1241069A252900F.e.20122/click - {}
RESULT: {}
COMMAND: POST /session/e75b3d5d2d0828505fb80b5e18bd174b/execute/async - {"script":"<script> [1562 bytes]","args":[{"selector":{"id":"application-manageresources-display-component---newResourceUnit--PLANNING_GROUP","interaction":{"idSuffix":"inner"}},"wdio_ui5_key":"applicationmanageresources-display-component---newResourceUnit--PLANNING_GROUP"}]}
COMMAND: GET /session/e75b3d5d2d0828505fb80b5e18bd174b/screenshot - {}
RESULT: {"script":"<script> [1562 bytes]","args":[{"selector":{"id":"application-manageresources-display-component---newResourceUnit--PLANNING_GROUP","interaction":{"idSuffix":"inner"}},"wdio_ui5_key":"applicationmanageresources-display-component---newResourceUnit--PLANNING_GROUP"}]}
RESULT: undefined
COMMAND: POST /session/e75b3d5d2d0828505fb80b5e18bd174b/execute/async - {"script":"<script> [776 bytes]","args":[{"enterText":"Heavy Equi","selector":{"id":"application-manageresources-display-component---newResourceUnit--PLANNING_GROUP","interaction":{"idSuffix":"inner"}},"clearTextFirst":true,"interactionType":"ENTER_TEXT"}]}
RESULT: {}
RESULT: {"script":"<script> [776 bytes]","args":[{"enterText":"Heavy Equi","selector":{"id":"application-manageresources-display-component---newResourceUnit--PLANNING_GROUP","interaction":{"idSuffix":"inner"}},"clearTextFirst":true,"interactionType":"ENTER_TEXT"}]}
COMMAND: POST /session/e75b3d5d2d0828505fb80b5e18bd174b/execute/async - {"script":"<script> [1562 bytes]","args":[{"selector":{"id":"application-manageresources-display-component---newResourceUnit--ITEM_TYPE-arrow"},"wdio_ui5_key":"applicationmanageresources-display-component---newResourceUnit--ITEM_TYPE-arrow"}]}
RESULT: {"script":"<script> [1562 bytes]","args":[{"selector":{"id":"application-manageresources-display-component---newResourceUnit--ITEM_TYPE-arrow"},"wdio_ui5_key":"applicationmanageresources-display-component---newResourceUnit--ITEM_TYPE-arrow"}]}
RESULT: undefined
COMMAND: POST /session/e75b3d5d2d0828505fb80b5e18bd174b/element - {"using":"xpath","value":"//*[@id=\"application-manageresources-display-component---newResourceUnit--ITEM_TYPE-arrow\"]"}
RESULT: {"using":"xpath","value":"//*[@id=\"application-manageresources-display-component---newResourceUnit--ITEM_TYPE-arrow\"]"}
COMMAND: POST /session/e75b3d5d2d0828505fb80b5e18bd174b/element/f.3CC06888A91A2B87598FBDB561306D63.d.F0E3E9D26B150B4BB1241069A252900F.e.20130/click - {}
RESULT: {}
COMMAND: POST /session/e75b3d5d2d0828505fb80b5e18bd174b/element - {"using":"xpath","value":"(//span[contains(text(), \"Resource Unit\")])[2]"}
COMMAND: GET /session/e75b3d5d2d0828505fb80b5e18bd174b/screenshot - {}
RESULT: {}
RESULT: {"using":"xpath","value":"(//span[contains(text(), \"Resource Unit\")])[2]"}
COMMAND: POST /session/e75b3d5d2d0828505fb80b5e18bd174b/element/f.3CC06888A91A2B87598FBDB561306D63.d.F0E3E9D26B150B4BB1241069A252900F.e.20131/click - {}
RESULT: {}
COMMAND: GET /session/e75b3d5d2d0828505fb80b5e18bd174b/screenshot - {}
RESULT: {}
COMMAND: POST /session/e75b3d5d2d0828505fb80b5e18bd174b/element - {"using":"css selector","value":"#application-manageresources-display-component---newResourceUnit--btnAddTimeSegment"}
RESULT: {"using":"css selector","value":"#application-manageresources-display-component---newResourceUnit--btnAddTimeSegment"}
COMMAND: GET /session/e75b3d5d2d0828505fb80b5e18bd174b/element/f.3CC06888A91A2B87598FBDB561306D63.d.F0E3E9D26B150B4BB1241069A252900F.e.20132/rect - {}
RESULT: {}
COMMAND: GET /session/e75b3d5d2d0828505fb80b5e18bd174b/window/rect - {}
RESULT: {}
COMMAND: POST /session/e75b3d5d2d0828505fb80b5e18bd174b/execute/sync - {"script":"<script> [92 bytes]","args":[]}
RESULT: {"script":"<script> [92 bytes]","args":[]}
COMMAND: POST /session/e75b3d5d2d0828505fb80b5e18bd174b/actions - {"actions":[{"id":"action68","type":"wheel","parameters":{},"actions":[{"type":"scroll","x":-1888,"y":-32,"deltaX":0,"deltaY":0,"duration":0,"origin":{"element-6066-11e4-a52e-4f735466cecf":"f.3CC06888A91A2B87598FBDB561306D63.d.F0E3E9D26B150B4BB1241069A252900F.e.20132"}}]}]}
COMMAND: GET /session/e75b3d5d2d0828505fb80b5e18bd174b/screenshot - {}
RESULT: {}
COMMAND: POST /session/e75b3d5d2d0828505fb80b5e18bd174b/execute/sync - {"script":"<script> [79 bytes]","args":[{"element-6066-11e4-a52e-4f735466cecf":"f.3CC06888A91A2B87598FBDB561306D63.d.F0E3E9D26B150B4BB1241069A252900F.e.20132","ELEMENT":"f.3CC06888A91A2B87598FBDB561306D63.d.F0E3E9D26B150B4BB1241069A252900F.e.20132"},{"block":"start","inline":"nearest"}]}
RESULT: {"script":"<script> [79 bytes]","args":[{"element-6066-11e4-a52e-4f735466cecf":"f.3CC06888A91A2B87598FBDB561306D63.d.F0E3E9D26B150B4BB1241069A252900F.e.20132","ELEMENT":"f.3CC06888A91A2B87598FBDB561306D63.d.F0E3E9D26B150B4BB1241069A252900F.e.20132"},{"block":"start","inline":"nearest"}]}
COMMAND: POST /session/e75b3d5d2d0828505fb80b5e18bd174b/execute/async - {"script":"<script> [1562 bytes]","args":[{"selector":{"id":"application-manageresources-display-component---newResourceUnit--btnAddTimeSegment","interaction":{"idSuffix":"inner"}},"wdio_ui5_key":"applicationmanageresources-display-component---newResourceUnit--btnAddTimeSegment"}]}
COMMAND: GET /session/e75b3d5d2d0828505fb80b5e18bd174b/screenshot - {}
RESULT: {"script":"<script> [1562 bytes]","args":[{"selector":{"id":"application-manageresources-display-component---newResourceUnit--btnAddTimeSegment","interaction":{"idSuffix":"inner"}},"wdio_ui5_key":"applicationmanageresources-display-component---newResourceUnit--btnAddTimeSegment"}]}
RESULT: undefined
COMMAND: POST /session/e75b3d5d2d0828505fb80b5e18bd174b/element - {"using":"xpath","value":"//*[@id=\"application-manageresources-display-component---newResourceUnit--btnAddTimeSegment\"]"}
RESULT: {}
RESULT: {"using":"xpath","value":"//*[@id=\"application-manageresources-display-component---newResourceUnit--btnAddTimeSegment\"]"}
COMMAND: POST /session/e75b3d5d2d0828505fb80b5e18bd174b/element/f.3CC06888A91A2B87598FBDB561306D63.d.F0E3E9D26B150B4BB1241069A252900F.e.20132/click - {}
RESULT: {}
COMMAND: GET /session/e75b3d5d2d0828505fb80b5e18bd174b/screenshot - {}
RESULT: {}
COMMAND: POST /session/e75b3d5d2d0828505fb80b5e18bd174b/element - {"using":"xpath","value":"//input[@id=\"application-manageresources-display-component---newResourceUnit--idRuTSAdmin-application-manageresources-display-component---newResourceUnit--RUTimeSegment-0-inner\"]"}
RESULT: {"using":"xpath","value":"//input[@id=\"application-manageresources-display-component---newResourceUnit--idRuTSAdmin-application-manageresources-display-component---newResourceUnit--RUTimeSegment-0-inner\"]"}
COMMAND: POST /session/e75b3d5d2d0828505fb80b5e18bd174b/element/f.3CC06888A91A2B87598FBDB561306D63.d.F0E3E9D26B150B4BB1241069A252900F.e.20138/clear - {}
RESULT: {}
COMMAND: POST /session/e75b3d5d2d0828505fb80b5e18bd174b/element/f.3CC06888A91A2B87598FBDB561306D63.d.F0E3E9D26B150B4BB1241069A252900F.e.20138/value - {"text":"563"}
COMMAND: GET /session/e75b3d5d2d0828505fb80b5e18bd174b/screenshot - {}
RESULT: {}
RESULT: {"text":"563"}
COMMAND: GET /session/e75b3d5d2d0828505fb80b5e18bd174b/screenshot - {}
RESULT: {}
COMMAND: POST /session/e75b3d5d2d0828505fb80b5e18bd174b/element - {"using":"xpath","value":"//li[.//span[text()='563']]"}
RESULT: {"using":"xpath","value":"//li[.//span[text()='563']]"}
COMMAND: POST /session/e75b3d5d2d0828505fb80b5e18bd174b/element/f.3CC06888A91A2B87598FBDB561306D63.d.F0E3E9D26B150B4BB1241069A252900F.e.20152/click - {}
RESULT: {}
COMMAND: GET /session/e75b3d5d2d0828505fb80b5e18bd174b/screenshot - {}
RESULT: {}
COMMAND: POST /session/e75b3d5d2d0828505fb80b5e18bd174b/element - {"using":"xpath","value":"(//span[contains(@id, \"-application-manageresources-display-component---newResourceUnit--RUTimeSegment-0-arrow\")])[6]"}
RESULT: {"using":"xpath","value":"(//span[contains(@id, \"-application-manageresources-display-component---newResourceUnit--RUTimeSegment-0-arrow\")])[6]"}
COMMAND: POST /session/e75b3d5d2d0828505fb80b5e18bd174b/element/f.3CC06888A91A2B87598FBDB561306D63.d.F0E3E9D26B150B4BB1241069A252900F.e.20153/click - {}
RESULT: {}
COMMAND: GET /session/e75b3d5d2d0828505fb80b5e18bd174b/screenshot - {}
RESULT: {}
COMMAND: POST /session/e75b3d5d2d0828505fb80b5e18bd174b/element - {"using":"xpath","value":"//span[contains(text(), \"PM Order\")]"}
RESULT: {"using":"xpath","value":"//span[contains(text(), \"PM Order\")]"}
COMMAND: POST /session/e75b3d5d2d0828505fb80b5e18bd174b/element/f.3CC06888A91A2B87598FBDB561306D63.d.F0E3E9D26B150B4BB1241069A252900F.e.20156/click - {}
RESULT: {}
COMMAND: GET /session/e75b3d5d2d0828505fb80b5e18bd174b/screenshot - {}
RESULT: {}
COMMAND: POST /session/e75b3d5d2d0828505fb80b5e18bd174b/element - {"using":"xpath","value":"(//span[contains(@id ,\"manageresources-display-component---newResourceUnit--RUTimeSegment-0-vhi\")])[1]"}
RESULT: {"using":"xpath","value":"(//span[contains(@id ,\"manageresources-display-component---newResourceUnit--RUTimeSegment-0-vhi\")])[1]"}
COMMAND: GET /session/e75b3d5d2d0828505fb80b5e18bd174b/element/f.3CC06888A91A2B87598FBDB561306D63.d.F0E3E9D26B150B4BB1241069A252900F.e.20160/rect - {}
RESULT: {}
COMMAND: GET /session/e75b3d5d2d0828505fb80b5e18bd174b/window/rect - {}
RESULT: {}
COMMAND: POST /session/e75b3d5d2d0828505fb80b5e18bd174b/execute/sync - {"script":"<script> [92 bytes]","args":[]}
RESULT: {"script":"<script> [92 bytes]","args":[]}
COMMAND: POST /session/e75b3d5d2d0828505fb80b5e18bd174b/actions - {"actions":[{"id":"action69","type":"wheel","parameters":{},"actions":[{"type":"scroll","x":-869,"y":-24,"deltaX":0,"deltaY":0,"duration":0,"origin":{"element-6066-11e4-a52e-4f735466cecf":"f.3CC06888A91A2B87598FBDB561306D63.d.F0E3E9D26B150B4BB1241069A252900F.e.20160"}}]}]}
COMMAND: GET /session/e75b3d5d2d0828505fb80b5e18bd174b/screenshot - {}
RESULT: {"actions":[{"id":"action69","type":"wheel","parameters":{},"actions":[{"type":"scroll","x":-869,"y":-24,"deltaX":0,"deltaY":0,"duration":0,"origin":{"element-6066-11e4-a52e-4f735466cecf":"f.3CC06888A91A2B87598FBDB561306D63.d.F0E3E9D26B150B4BB1241069A252900F.e.20160"}}]}]}
COMMAND: DELETE /session/e75b3d5d2d0828505fb80b5e18bd174b/actions - {}
COMMAND: GET /session/e75b3d5d2d0828505fb80b5e18bd174b/screenshot - {}
RESULT: {}
RESULT: {}
COMMAND: GET /session/e75b3d5d2d0828505fb80b5e18bd174b/screenshot - {}
RESULT: {}
RESULT: {}
COMMAND: POST /session/e75b3d5d2d0828505fb80b5e18bd174b/element/f.3CC06888A91A2B87598FBDB561306D63.d.F0E3E9D26B150B4BB1241069A252900F.e.20160/click - {}
RESULT: {}
COMMAND: GET /session/e75b3d5d2d0828505fb80b5e18bd174b/screenshot - {}
RESULT: {}
COMMAND: POST /session/e75b3d5d2d0828505fb80b5e18bd174b/execute/async - {"script":"<script> [1562 bytes]","args":[{"selector":{"controlType":"sap.m.SearchField","properties":{"placeholder":"Search"},"searchOpenDialogs":true,"interaction":{"idSuffix":"I"}},"wdio_ui5_key":"sapm.SearchField{\"placeholder\":\"Search\"}"}]}
RESULT: {"script":"<script> [1562 bytes]","args":[{"selector":{"controlType":"sap.m.SearchField","properties":{"placeholder":"Search"},"searchOpenDialogs":true,"interaction":{"idSuffix":"I"}},"wdio_ui5_key":"sapm.SearchField{\"placeholder\":\"Search\"}"}]}
RESULT: undefined
COMMAND: POST /session/e75b3d5d2d0828505fb80b5e18bd174b/execute/async - {"script":"<script> [776 bytes]","args":[{"enterText":"4000360","selector":{"controlType":"sap.m.SearchField","properties":{"placeholder":"Search"},"searchOpenDialogs":true,"interaction":{"idSuffix":"I"}},"clearTextFirst":true,"interactionType":"ENTER_TEXT"}]}
RESULT: {"script":"<script> [776 bytes]","args":[{"enterText":"4000360","selector":{"controlType":"sap.m.SearchField","properties":{"placeholder":"Search"},"searchOpenDialogs":true,"interaction":{"idSuffix":"I"}},"clearTextFirst":true,"interactionType":"ENTER_TEXT"}]}
COMMAND: POST /session/e75b3d5d2d0828505fb80b5e18bd174b/actions - {"actions":[{"id":"action70","type":"key","parameters":{},"actions":[{"type":"keyDown","value":"î€‡"},{"type":"pause","duration":10},{"type":"keyUp","value":"î€‡"}]}]}
RESULT: {"actions":[{"id":"action70","type":"key","parameters":{},"actions":[{"type":"keyDown","value":"î€‡"},{"type":"pause","duration":10},{"type":"keyUp","value":"î€‡"}]}]}
COMMAND: GET /session/e75b3d5d2d0828505fb80b5e18bd174b/screenshot - {}
RESULT: {}
COMMAND: POST /session/e75b3d5d2d0828505fb80b5e18bd174b/element - {"using":"xpath","value":"//td/div/span[contains(text(), \"BGL Vehicles\")]"}
RESULT: {"using":"xpath","value":"//td/div/span[contains(text(), \"BGL Vehicles\")]"}
COMMAND: POST /session/e75b3d5d2d0828505fb80b5e18bd174b/element/f.3CC06888A91A2B87598FBDB561306D63.d.F0E3E9D26B150B4BB1241069A252900F.e.20182/click - {}
RESULT: {}
COMMAND: GET /session/e75b3d5d2d0828505fb80b5e18bd174b/screenshot - {}
RESULT: {}
COMMAND: POST /session/e75b3d5d2d0828505fb80b5e18bd174b/element - {"using":"xpath","value":"//bdi[contains(text(), \"OK\")]"}
RESULT: {"using":"xpath","value":"//bdi[contains(text(), \"OK\")]"}
COMMAND: POST /session/e75b3d5d2d0828505fb80b5e18bd174b/element/f.3CC06888A91A2B87598FBDB561306D63.d.F0E3E9D26B150B4BB1241069A252900F.e.20183/click - {}
RESULT: {}
COMMAND: GET /session/e75b3d5d2d0828505fb80b5e18bd174b/screenshot - {}
RESULT: {}
COMMAND: POST /session/e75b3d5d2d0828505fb80b5e18bd174b/execute/async - {"script":"<script> [1562 bytes]","args":[{"selector":{"id":"application-manageresources-display-component---newResourceUnit--newRRUPage-anchBar-application-manageresources-display-component---newResourceUnit--resource-anchor","interaction":{"idSuffix":"BDI-content"}},"wdio_ui5_key":"applicationmanageresources-display-component---newResourceUnit--newRRUPage-anchBar-application-manageresources-display-component---newResourceUnit--resource-anchor"}]}
RESULT: {"script":"<script> [1562 bytes]","args":[{"selector":{"id":"application-manageresources-display-component---newResourceUnit--newRRUPage-anchBar-application-manageresources-display-component---newResourceUnit--resource-anchor","interaction":{"idSuffix":"BDI-content"}},"wdio_ui5_key":"applicationmanageresources-display-component---newResourceUnit--newRRUPage-anchBar-application-manageresources-display-component---newResourceUnit--resource-anchor"}]}
RESULT: undefined
COMMAND: POST /session/e75b3d5d2d0828505fb80b5e18bd174b/element - {"using":"xpath","value":"//*[@id=\"application-manageresources-display-component---newResourceUnit--newRRUPage-anchBar-application-manageresources-display-component---newResourceUnit--resource-anchor\"]"}
RESULT: {"using":"xpath","value":"//*[@id=\"application-manageresources-display-component---newResourceUnit--newRRUPage-anchBar-application-manageresources-display-component---newResourceUnit--resource-anchor\"]"}
COMMAND: POST /session/e75b3d5d2d0828505fb80b5e18bd174b/element/f.3CC06888A91A2B87598FBDB561306D63.d.F0E3E9D26B150B4BB1241069A252900F.e.20187/click - {}
RESULT: {}
COMMAND: POST /session/e75b3d5d2d0828505fb80b5e18bd174b/execute/async - {"script":"<script> [1562 bytes]","args":[{"selector":{"id":"application-manageresources-display-component---newResourceUnit--PLANNED_DELIVERY_DATE","interaction":{"idSuffix":"inner"}},"wdio_ui5_key":"applicationmanageresources-display-component---newResourceUnit--PLANNED_DELIVERY_DATE"}]}
COMMAND: GET /session/e75b3d5d2d0828505fb80b5e18bd174b/screenshot - {}
RESULT: {"script":"<script> [1562 bytes]","args":[{"selector":{"id":"application-manageresources-display-component---newResourceUnit--PLANNED_DELIVERY_DATE","interaction":{"idSuffix":"inner"}},"wdio_ui5_key":"applicationmanageresources-display-component---newResourceUnit--PLANNED_DELIVERY_DATE"}]}
RESULT: undefined
COMMAND: POST /session/e75b3d5d2d0828505fb80b5e18bd174b/execute/async - {"script":"<script> [6424 bytes]","args":[{"element-6066-11e4-a52e-4f735466cecf":"f.3CC06888A91A2B87598FBDB561306D63.d.F0E3E9D26B150B4BB1241069A252900F.e.20046"},"setValue",["5/19/25"]]}
RESULT: {}
RESULT: {"script":"<script> [6424 bytes]","args":[{"element-6066-11e4-a52e-4f735466cecf":"f.3CC06888A91A2B87598FBDB561306D63.d.F0E3E9D26B150B4BB1241069A252900F.e.20046"},"setValue",["5/19/25"]]}
COMMAND: POST /session/e75b3d5d2d0828505fb80b5e18bd174b/element - {"using":"xpath","value":"//label[contains(@class, 'sapMLabelRequired') and .//bdi[contains(text(), 'Planned Retirement')]]"}
RESULT: {"using":"xpath","value":"//label[contains(@class, 'sapMLabelRequired') and .//bdi[contains(text(), 'Planned Retirement')]]"}
COMMAND: POST /session/e75b3d5d2d0828505fb80b5e18bd174b/elements - {"using":"xpath","value":"//label[contains(@class, 'sapMLabelRequired') and .//bdi[contains(text(), 'Planned Retirement')]]"}
RESULT: {"using":"xpath","value":"//label[contains(@class, 'sapMLabelRequired') and .//bdi[contains(text(), 'Planned Retirement')]]"}
COMMAND: POST /session/e75b3d5d2d0828505fb80b5e18bd174b/element - {"using":"xpath","value":"//button[@data-kt=\"resourceUnitSaveButton\"]"}
RESULT: {"using":"xpath","value":"//button[@data-kt=\"resourceUnitSaveButton\"]"}
COMMAND: POST /session/e75b3d5d2d0828505fb80b5e18bd174b/element/f.3CC06888A91A2B87598FBDB561306D63.d.F0E3E9D26B150B4BB1241069A252900F.e.20007/click - {}
RESULT: {}
COMMAND: GET /session/e75b3d5d2d0828505fb80b5e18bd174b/screenshot - {}
RESULT: {}
COMMAND: POST /session/e75b3d5d2d0828505fb80b5e18bd174b/element - {"using":"xpath","value":"//bdi[contains(text(), \"Close\")]"}
RESULT: {"using":"xpath","value":"//bdi[contains(text(), \"Close\")]"}
COMMAND: POST /session/e75b3d5d2d0828505fb80b5e18bd174b/element/f.3CC06888A91A2B87598FBDB561306D63.d.F0E3E9D26B150B4BB1241069A252900F.e.20195/click - {}
RESULT: {}
COMMAND: GET /session/e75b3d5d2d0828505fb80b5e18bd174b/screenshot - {}
RESULT: {}
COMMAND: POST /session/e75b3d5d2d0828505fb80b5e18bd174b/element - {"using":"xpath","value":"(//button[contains(@id ,\"actionsToolbar-overflowButton\")])[1]"}
RESULT: {"using":"xpath","value":"(//button[contains(@id ,\"actionsToolbar-overflowButton\")])[1]"}
COMMAND: POST /session/e75b3d5d2d0828505fb80b5e18bd174b/element/f.3CC06888A91A2B87598FBDB561306D63.d.F0E3E9D26B150B4BB1241069A252900F.e.20225/click - {}
RESULT: {}
COMMAND: GET /session/e75b3d5d2d0828505fb80b5e18bd174b/screenshot - {}
RESULT: {}
COMMAND: POST /session/e75b3d5d2d0828505fb80b5e18bd174b/element - {"using":"xpath","value":"//button[@data-kt=\"priceInfoButton\"]"}
RESULT: {"using":"xpath","value":"//button[@data-kt=\"priceInfoButton\"]"}
COMMAND: POST /session/e75b3d5d2d0828505fb80b5e18bd174b/element/f.3CC06888A91A2B87598FBDB561306D63.d.F0E3E9D26B150B4BB1241069A252900F.e.20227/click - {}
RESULT: {}
COMMAND: GET /session/e75b3d5d2d0828505fb80b5e18bd174b/screenshot - {}
RESULT: {}
]]></system-out>
    </testcase>
    <testcase classname="chrome.136_0_7103_93.windows.Billing_Calculation_-_Time_based_(considering_transport_times)_US139738" name="Should create new pricing rule for the equipment" time="48.815">
      <system-out><![CDATA[
COMMAND: POST /session/e75b3d5d2d0828505fb80b5e18bd174b/element - {"using":"xpath","value":"//button[@data-kt=\"addButton\"]"}
RESULT: {"using":"xpath","value":"//button[@data-kt=\"addButton\"]"}
COMMAND: POST /session/e75b3d5d2d0828505fb80b5e18bd174b/elements - {"using":"xpath","value":"//button[@data-kt=\"addButton\"]"}
RESULT: {"using":"xpath","value":"//button[@data-kt=\"addButton\"]"}
COMMAND: POST /session/e75b3d5d2d0828505fb80b5e18bd174b/execute/sync - {"script":"<script> [8489 bytes]","args":[{"element-6066-11e4-a52e-4f735466cecf":"f.3CC06888A91A2B87598FBDB561306D63.d.F0E3E9D26B150B4BB1241069A252900F.e.20263","ELEMENT":"f.3CC06888A91A2B87598FBDB561306D63.d.F0E3E9D26B150B4BB1241069A252900F.e.20263"}]}
RESULT: {"script":"<script> [8489 bytes]","args":[{"element-6066-11e4-a52e-4f735466cecf":"f.3CC06888A91A2B87598FBDB561306D63.d.F0E3E9D26B150B4BB1241069A252900F.e.20263","ELEMENT":"f.3CC06888A91A2B87598FBDB561306D63.d.F0E3E9D26B150B4BB1241069A252900F.e.20263"}]}
COMMAND: GET /session/e75b3d5d2d0828505fb80b5e18bd174b/element/f.3CC06888A91A2B87598FBDB561306D63.d.F0E3E9D26B150B4BB1241069A252900F.e.20263/enabled - {}
COMMAND: GET /session/e75b3d5d2d0828505fb80b5e18bd174b/screenshot - {}
RESULT: {}
COMMAND: POST /session/e75b3d5d2d0828505fb80b5e18bd174b/execute/sync - {"script":"<script> [8489 bytes]","args":[{"element-6066-11e4-a52e-4f735466cecf":"f.3CC06888A91A2B87598FBDB561306D63.d.F0E3E9D26B150B4BB1241069A252900F.e.20263","ELEMENT":"f.3CC06888A91A2B87598FBDB561306D63.d.F0E3E9D26B150B4BB1241069A252900F.e.20263"}]}
COMMAND: GET /session/e75b3d5d2d0828505fb80b5e18bd174b/screenshot - {}
RESULT: {}
RESULT: {"script":"<script> [8489 bytes]","args":[{"element-6066-11e4-a52e-4f735466cecf":"f.3CC06888A91A2B87598FBDB561306D63.d.F0E3E9D26B150B4BB1241069A252900F.e.20263","ELEMENT":"f.3CC06888A91A2B87598FBDB561306D63.d.F0E3E9D26B150B4BB1241069A252900F.e.20263"}]}
COMMAND: POST /session/e75b3d5d2d0828505fb80b5e18bd174b/execute/sync - {"script":"<script> [5351 bytes]","args":[{"element-6066-11e4-a52e-4f735466cecf":"f.3CC06888A91A2B87598FBDB561306D63.d.F0E3E9D26B150B4BB1241069A252900F.e.20263","ELEMENT":"f.3CC06888A91A2B87598FBDB561306D63.d.F0E3E9D26B150B4BB1241069A252900F.e.20263"}]}
COMMAND: GET /session/e75b3d5d2d0828505fb80b5e18bd174b/screenshot - {}
RESULT: {}
RESULT: {"script":"<script> [5351 bytes]","args":[{"element-6066-11e4-a52e-4f735466cecf":"f.3CC06888A91A2B87598FBDB561306D63.d.F0E3E9D26B150B4BB1241069A252900F.e.20263","ELEMENT":"f.3CC06888A91A2B87598FBDB561306D63.d.F0E3E9D26B150B4BB1241069A252900F.e.20263"}]}
COMMAND: POST /session/e75b3d5d2d0828505fb80b5e18bd174b/element/f.3CC06888A91A2B87598FBDB561306D63.d.F0E3E9D26B150B4BB1241069A252900F.e.20263/click - {}
COMMAND: GET /session/e75b3d5d2d0828505fb80b5e18bd174b/screenshot - {}
RESULT: {}
RESULT: {}
COMMAND: GET /session/e75b3d5d2d0828505fb80b5e18bd174b/screenshot - {}
RESULT: {}
RESULT: {}
COMMAND: POST /session/e75b3d5d2d0828505fb80b5e18bd174b/execute/async - {"script":"<script> [1562 bytes]","args":[{"selector":{"controlType":"sap.m.Title","viewName":"etm.portal.ui.managepricingrules.view.NewItem","viewId":"application-managepricingrules-display-component---newInfoPriceItem","properties":{"text":"New Pricing Rules - Item Level"}},"wdio_ui5_key":"etmportal.ui.managepricingrules.view.NewItemsap.m.Title{\"text\":\"New Pricing Rules - Item Level\"}"}]}
RESULT: {"script":"<script> [1562 bytes]","args":[{"selector":{"controlType":"sap.m.Title","viewName":"etm.portal.ui.managepricingrules.view.NewItem","viewId":"application-managepricingrules-display-component---newInfoPriceItem","properties":{"text":"New Pricing Rules - Item Level"}},"wdio_ui5_key":"etmportal.ui.managepricingrules.view.NewItemsap.m.Title{\"text\":\"New Pricing Rules - Item Level\"}"}]}
RESULT: undefined
COMMAND: POST /session/e75b3d5d2d0828505fb80b5e18bd174b/execute/async - {"script":"<script> [6424 bytes]","args":[{"element-6066-11e4-a52e-4f735466cecf":"f.3CC06888A91A2B87598FBDB561306D63.d.F0E3E9D26B150B4BB1241069A252900F.e.20433"},"getText",[]]}
RESULT: {"script":"<script> [6424 bytes]","args":[{"element-6066-11e4-a52e-4f735466cecf":"f.3CC06888A91A2B87598FBDB561306D63.d.F0E3E9D26B150B4BB1241069A252900F.e.20433"},"getText",[]]}
COMMAND: POST /session/e75b3d5d2d0828505fb80b5e18bd174b/execute/async - {"script":"<script> [1562 bytes]","args":[{"selector":{"id":"application-managepricingrules-display-component---newInfoPriceItem--condValidTo","interaction":{"idSuffix":"inner"}},"wdio_ui5_key":"applicationmanagepricingrules-display-component---newInfoPriceItem--condValidTo"}]}
RESULT: {"script":"<script> [1562 bytes]","args":[{"selector":{"id":"application-managepricingrules-display-component---newInfoPriceItem--condValidTo","interaction":{"idSuffix":"inner"}},"wdio_ui5_key":"applicationmanagepricingrules-display-component---newInfoPriceItem--condValidTo"}]}
RESULT: undefined
COMMAND: POST /session/e75b3d5d2d0828505fb80b5e18bd174b/execute/async - {"script":"<script> [776 bytes]","args":[{"enterText":"1/19/26","selector":{"id":"application-managepricingrules-display-component---newInfoPriceItem--condValidTo","interaction":{"idSuffix":"inner"}},"clearTextFirst":true,"interactionType":"ENTER_TEXT"}]}
RESULT: {"script":"<script> [776 bytes]","args":[{"enterText":"1/19/26","selector":{"id":"application-managepricingrules-display-component---newInfoPriceItem--condValidTo","interaction":{"idSuffix":"inner"}},"clearTextFirst":true,"interactionType":"ENTER_TEXT"}]}
COMMAND: POST /session/e75b3d5d2d0828505fb80b5e18bd174b/execute/async - {"script":"<script> [1562 bytes]","args":[{"selector":{"id":"application-managepricingrules-display-component---newInfoPriceItem--billType-arrow"},"wdio_ui5_key":"applicationmanagepricingrules-display-component---newInfoPriceItem--billType-arrow"}]}
RESULT: {"script":"<script> [1562 bytes]","args":[{"selector":{"id":"application-managepricingrules-display-component---newInfoPriceItem--billType-arrow"},"wdio_ui5_key":"applicationmanagepricingrules-display-component---newInfoPriceItem--billType-arrow"}]}
RESULT: undefined
COMMAND: POST /session/e75b3d5d2d0828505fb80b5e18bd174b/element - {"using":"xpath","value":"//*[@id=\"application-managepricingrules-display-component---newInfoPriceItem--billType-arrow\"]"}
RESULT: {"using":"xpath","value":"//*[@id=\"application-managepricingrules-display-component---newInfoPriceItem--billType-arrow\"]"}
COMMAND: POST /session/e75b3d5d2d0828505fb80b5e18bd174b/element/f.3CC06888A91A2B87598FBDB561306D63.d.F0E3E9D26B150B4BB1241069A252900F.e.20393/click - {}
RESULT: {}
COMMAND: POST /session/e75b3d5d2d0828505fb80b5e18bd174b/element - {"using":"xpath","value":"//span[contains(text(), \"TB - Time based\")]"}
COMMAND: GET /session/e75b3d5d2d0828505fb80b5e18bd174b/screenshot - {}
RESULT: {"using":"xpath","value":"//span[contains(text(), \"TB - Time based\")]"}
COMMAND: POST /session/e75b3d5d2d0828505fb80b5e18bd174b/element/f.3CC06888A91A2B87598FBDB561306D63.d.F0E3E9D26B150B4BB1241069A252900F.e.20435/click - {}
RESULT: {}
RESULT: {}
COMMAND: POST /session/e75b3d5d2d0828505fb80b5e18bd174b/execute/async - {"script":"<script> [1562 bytes]","args":[{"selector":{"id":"application-managepricingrules-display-component---newInfoPriceItem--priceProc-arrow"},"wdio_ui5_key":"applicationmanagepricingrules-display-component---newInfoPriceItem--priceProc-arrow"}]}
COMMAND: GET /session/e75b3d5d2d0828505fb80b5e18bd174b/screenshot - {}
RESULT: {"script":"<script> [1562 bytes]","args":[{"selector":{"id":"application-managepricingrules-display-component---newInfoPriceItem--priceProc-arrow"},"wdio_ui5_key":"applicationmanagepricingrules-display-component---newInfoPriceItem--priceProc-arrow"}]}
RESULT: undefined
COMMAND: POST /session/e75b3d5d2d0828505fb80b5e18bd174b/element - {"using":"xpath","value":"//*[@id=\"application-managepricingrules-display-component---newInfoPriceItem--priceProc-arrow\"]"}
RESULT: {}
RESULT: {"using":"xpath","value":"//*[@id=\"application-managepricingrules-display-component---newInfoPriceItem--priceProc-arrow\"]"}
COMMAND: POST /session/e75b3d5d2d0828505fb80b5e18bd174b/element/f.3CC06888A91A2B87598FBDB561306D63.d.F0E3E9D26B150B4BB1241069A252900F.e.20400/click - {}
RESULT: {}
COMMAND: POST /session/e75b3d5d2d0828505fb80b5e18bd174b/element - {"using":"xpath","value":"//span[contains(text(), \"TBS - Time based standard\")]"}
COMMAND: GET /session/e75b3d5d2d0828505fb80b5e18bd174b/screenshot - {}
RESULT: {"using":"xpath","value":"//span[contains(text(), \"TBS - Time based standard\")]"}
COMMAND: POST /session/e75b3d5d2d0828505fb80b5e18bd174b/element/f.3CC06888A91A2B87598FBDB561306D63.d.F0E3E9D26B150B4BB1241069A252900F.e.20436/click - {}
RESULT: {}
RESULT: {}
COMMAND: POST /session/e75b3d5d2d0828505fb80b5e18bd174b/execute/async - {"script":"<script> [1562 bytes]","args":[{"selector":{"id":"application-managepricingrules-display-component---newInfoPriceItem--calcBase-arrow"},"wdio_ui5_key":"applicationmanagepricingrules-display-component---newInfoPriceItem--calcBase-arrow"}]}
COMMAND: GET /session/e75b3d5d2d0828505fb80b5e18bd174b/screenshot - {}
RESULT: {"script":"<script> [1562 bytes]","args":[{"selector":{"id":"application-managepricingrules-display-component---newInfoPriceItem--calcBase-arrow"},"wdio_ui5_key":"applicationmanagepricingrules-display-component---newInfoPriceItem--calcBase-arrow"}]}
RESULT: undefined
COMMAND: POST /session/e75b3d5d2d0828505fb80b5e18bd174b/element - {"using":"xpath","value":"//*[@id=\"application-managepricingrules-display-component---newInfoPriceItem--calcBase-arrow\"]"}
RESULT: {}
RESULT: {"using":"xpath","value":"//*[@id=\"application-managepricingrules-display-component---newInfoPriceItem--calcBase-arrow\"]"}
COMMAND: POST /session/e75b3d5d2d0828505fb80b5e18bd174b/element/f.3CC06888A91A2B87598FBDB561306D63.d.F0E3E9D26B150B4BB1241069A252900F.e.20407/click - {}
RESULT: {}
COMMAND: GET /session/e75b3d5d2d0828505fb80b5e18bd174b/screenshot - {}
RESULT: {}
COMMAND: POST /session/e75b3d5d2d0828505fb80b5e18bd174b/element - {"using":"xpath","value":"//span[contains(text(), \"0006 - TB(calendar days)\")]"}
RESULT: {"using":"xpath","value":"//span[contains(text(), \"0006 - TB(calendar days)\")]"}
COMMAND: POST /session/e75b3d5d2d0828505fb80b5e18bd174b/element/f.3CC06888A91A2B87598FBDB561306D63.d.F0E3E9D26B150B4BB1241069A252900F.e.20437/click - {}
RESULT: {}
COMMAND: GET /session/e75b3d5d2d0828505fb80b5e18bd174b/screenshot - {}
RESULT: {}
COMMAND: POST /session/e75b3d5d2d0828505fb80b5e18bd174b/execute/async - {"script":"<script> [1562 bytes]","args":[{"selector":{"id":"application-managepricingrules-display-component---newInfoPriceItem--daysMonth","interaction":{"idSuffix":"inner"}},"wdio_ui5_key":"applicationmanagepricingrules-display-component---newInfoPriceItem--daysMonth"}]}
RESULT: {"script":"<script> [1562 bytes]","args":[{"selector":{"id":"application-managepricingrules-display-component---newInfoPriceItem--daysMonth","interaction":{"idSuffix":"inner"}},"wdio_ui5_key":"applicationmanagepricingrules-display-component---newInfoPriceItem--daysMonth"}]}
RESULT: undefined
COMMAND: POST /session/e75b3d5d2d0828505fb80b5e18bd174b/execute/async - {"script":"<script> [776 bytes]","args":[{"enterText":"30","selector":{"id":"application-managepricingrules-display-component---newInfoPriceItem--daysMonth","interaction":{"idSuffix":"inner"}},"clearTextFirst":true,"interactionType":"ENTER_TEXT"}]}
RESULT: {"script":"<script> [776 bytes]","args":[{"enterText":"30","selector":{"id":"application-managepricingrules-display-component---newInfoPriceItem--daysMonth","interaction":{"idSuffix":"inner"}},"clearTextFirst":true,"interactionType":"ENTER_TEXT"}]}
COMMAND: POST /session/e75b3d5d2d0828505fb80b5e18bd174b/element - {"using":"xpath","value":"//button[@data-kt=\"saveNewRuleButton\"]"}
RESULT: {"using":"xpath","value":"//button[@data-kt=\"saveNewRuleButton\"]"}
COMMAND: POST /session/e75b3d5d2d0828505fb80b5e18bd174b/element/f.3CC06888A91A2B87598FBDB561306D63.d.F0E3E9D26B150B4BB1241069A252900F.e.20427/click - {}
RESULT: {}
COMMAND: GET /session/e75b3d5d2d0828505fb80b5e18bd174b/screenshot - {}
RESULT: {}
COMMAND: POST /session/e75b3d5d2d0828505fb80b5e18bd174b/execute/async - {"script":"<script> [1562 bytes]","args":[{"selector":{"id":"application-managepricingrules-display-component---priceInfoItem--smartFilterBar-btnBasicSearch","interaction":{"idSuffix":"I"}},"wdio_ui5_key":"applicationmanagepricingrules-display-component---priceInfoItem--smartFilterBar-btnBasicSearch"}]}
RESULT: {"script":"<script> [1562 bytes]","args":[{"selector":{"id":"application-managepricingrules-display-component---priceInfoItem--smartFilterBar-btnBasicSearch","interaction":{"idSuffix":"I"}},"wdio_ui5_key":"applicationmanagepricingrules-display-component---priceInfoItem--smartFilterBar-btnBasicSearch"}]}
RESULT: undefined
COMMAND: POST /session/e75b3d5d2d0828505fb80b5e18bd174b/execute/async - {"script":"<script> [776 bytes]","args":[{"enterText":"ATElpknzHj","selector":{"id":"application-managepricingrules-display-component---priceInfoItem--smartFilterBar-btnBasicSearch","interaction":{"idSuffix":"I"}},"clearTextFirst":true,"interactionType":"ENTER_TEXT"}]}
RESULT: {"script":"<script> [776 bytes]","args":[{"enterText":"ATElpknzHj","selector":{"id":"application-managepricingrules-display-component---priceInfoItem--smartFilterBar-btnBasicSearch","interaction":{"idSuffix":"I"}},"clearTextFirst":true,"interactionType":"ENTER_TEXT"}]}
COMMAND: POST /session/e75b3d5d2d0828505fb80b5e18bd174b/actions - {"actions":[{"id":"action71","type":"key","parameters":{},"actions":[{"type":"keyDown","value":"î€‡"},{"type":"pause","duration":10},{"type":"keyUp","value":"î€‡"}]}]}
RESULT: {"actions":[{"id":"action71","type":"key","parameters":{},"actions":[{"type":"keyDown","value":"î€‡"},{"type":"pause","duration":10},{"type":"keyUp","value":"î€‡"}]}]}
COMMAND: GET /session/e75b3d5d2d0828505fb80b5e18bd174b/screenshot - {}
RESULT: {}
COMMAND: POST /session/e75b3d5d2d0828505fb80b5e18bd174b/element - {"using":"xpath","value":"//span[@id=\"application-managepricingrules-display-component---priceInfoItem--smartTable-header-inner\"]"}
RESULT: {"using":"xpath","value":"//span[@id=\"application-managepricingrules-display-component---priceInfoItem--smartTable-header-inner\"]"}
COMMAND: POST /session/e75b3d5d2d0828505fb80b5e18bd174b/elements - {"using":"xpath","value":"//span[@id=\"application-managepricingrules-display-component---priceInfoItem--smartTable-header-inner\"]"}
RESULT: {"using":"xpath","value":"//span[@id=\"application-managepricingrules-display-component---priceInfoItem--smartTable-header-inner\"]"}
COMMAND: POST /session/e75b3d5d2d0828505fb80b5e18bd174b/execute/sync - {"script":"<script> [56 bytes]","args":[{"element-6066-11e4-a52e-4f735466cecf":"f.3CC06888A91A2B87598FBDB561306D63.d.F0E3E9D26B150B4BB1241069A252900F.e.20451","ELEMENT":"f.3CC06888A91A2B87598FBDB561306D63.d.F0E3E9D26B150B4BB1241069A252900F.e.20451"}]}
RESULT: {"script":"<script> [56 bytes]","args":[{"element-6066-11e4-a52e-4f735466cecf":"f.3CC06888A91A2B87598FBDB561306D63.d.F0E3E9D26B150B4BB1241069A252900F.e.20451","ELEMENT":"f.3CC06888A91A2B87598FBDB561306D63.d.F0E3E9D26B150B4BB1241069A252900F.e.20451"}]}
COMMAND: POST /session/e75b3d5d2d0828505fb80b5e18bd174b/element - {"using":"css selector","value":"#shell-header-logo"}
COMMAND: GET /session/e75b3d5d2d0828505fb80b5e18bd174b/screenshot - {}
RESULT: {"using":"css selector","value":"#shell-header-logo"}
COMMAND: POST /session/e75b3d5d2d0828505fb80b5e18bd174b/element/f.3CC06888A91A2B87598FBDB561306D63.d.F0E3E9D26B150B4BB1241069A252900F.e.19599/click - {}
RESULT: {}
RESULT: {}
COMMAND: GET /session/e75b3d5d2d0828505fb80b5e18bd174b/screenshot - {}
RESULT: {}
]]></system-out>
    </testcase>
    <testcase classname="chrome.136_0_7103_93.windows.Billing_Calculation_-_Time_based_(considering_transport_times)_US139738" name="Should create new pricing condition for the equipment" time="63.76">
      <system-out><![CDATA[
COMMAND: POST /session/e75b3d5d2d0828505fb80b5e18bd174b/execute/async - {"script":"<script> [1562 bytes]","args":[{"selector":{"controlType":"sap.m.GenericTile","properties":{"header":"Manage Conditions & Prices"}},"wdio_ui5_key":"sapm.GenericTile{\"header\":\"Manage Conditions & Prices\"}"}]}
RESULT: {"script":"<script> [1562 bytes]","args":[{"selector":{"controlType":"sap.m.GenericTile","properties":{"header":"Manage Conditions & Prices"}},"wdio_ui5_key":"sapm.GenericTile{\"header\":\"Manage Conditions & Prices\"}"}]}
RESULT: undefined
COMMAND: POST /session/e75b3d5d2d0828505fb80b5e18bd174b/element - {"using":"xpath","value":"//*[@id=\"__tile53\"]"}
RESULT: {"using":"xpath","value":"//*[@id=\"__tile53\"]"}
COMMAND: POST /session/e75b3d5d2d0828505fb80b5e18bd174b/element/f.3CC06888A91A2B87598FBDB561306D63.d.F0E3E9D26B150B4BB1241069A252900F.e.19537/click - {}
RESULT: {}
COMMAND: GET /session/e75b3d5d2d0828505fb80b5e18bd174b/screenshot - {}
RESULT: {}
COMMAND: POST /session/e75b3d5d2d0828505fb80b5e18bd174b/elements - {"using":"xpath","value":"//span[text()='Error']"}
RESULT: {"using":"xpath","value":"//span[text()='Error']"}
COMMAND: POST /session/e75b3d5d2d0828505fb80b5e18bd174b/element - {"using":"xpath","value":"//button[@aria-label=\"Create\"]"}
RESULT: {"using":"xpath","value":"//button[@aria-label=\"Create\"]"}
COMMAND: POST /session/e75b3d5d2d0828505fb80b5e18bd174b/elements - {"using":"xpath","value":"//button[@aria-label=\"Create\"]"}
RESULT: {"using":"xpath","value":"//button[@aria-label=\"Create\"]"}
COMMAND: POST /session/e75b3d5d2d0828505fb80b5e18bd174b/execute/sync - {"script":"<script> [8489 bytes]","args":[{"element-6066-11e4-a52e-4f735466cecf":"f.3CC06888A91A2B87598FBDB561306D63.d.F0E3E9D26B150B4BB1241069A252900F.e.20487","ELEMENT":"f.3CC06888A91A2B87598FBDB561306D63.d.F0E3E9D26B150B4BB1241069A252900F.e.20487"}]}
RESULT: {"script":"<script> [8489 bytes]","args":[{"element-6066-11e4-a52e-4f735466cecf":"f.3CC06888A91A2B87598FBDB561306D63.d.F0E3E9D26B150B4BB1241069A252900F.e.20487","ELEMENT":"f.3CC06888A91A2B87598FBDB561306D63.d.F0E3E9D26B150B4BB1241069A252900F.e.20487"}]}
COMMAND: GET /session/e75b3d5d2d0828505fb80b5e18bd174b/element/f.3CC06888A91A2B87598FBDB561306D63.d.F0E3E9D26B150B4BB1241069A252900F.e.20487/enabled - {}
COMMAND: GET /session/e75b3d5d2d0828505fb80b5e18bd174b/screenshot - {}
RESULT: {}
COMMAND: POST /session/e75b3d5d2d0828505fb80b5e18bd174b/execute/sync - {"script":"<script> [8489 bytes]","args":[{"element-6066-11e4-a52e-4f735466cecf":"f.3CC06888A91A2B87598FBDB561306D63.d.F0E3E9D26B150B4BB1241069A252900F.e.20487","ELEMENT":"f.3CC06888A91A2B87598FBDB561306D63.d.F0E3E9D26B150B4BB1241069A252900F.e.20487"}]}
COMMAND: GET /session/e75b3d5d2d0828505fb80b5e18bd174b/screenshot - {}
RESULT: {}
RESULT: {"script":"<script> [8489 bytes]","args":[{"element-6066-11e4-a52e-4f735466cecf":"f.3CC06888A91A2B87598FBDB561306D63.d.F0E3E9D26B150B4BB1241069A252900F.e.20487","ELEMENT":"f.3CC06888A91A2B87598FBDB561306D63.d.F0E3E9D26B150B4BB1241069A252900F.e.20487"}]}
COMMAND: POST /session/e75b3d5d2d0828505fb80b5e18bd174b/execute/sync - {"script":"<script> [5351 bytes]","args":[{"element-6066-11e4-a52e-4f735466cecf":"f.3CC06888A91A2B87598FBDB561306D63.d.F0E3E9D26B150B4BB1241069A252900F.e.20487","ELEMENT":"f.3CC06888A91A2B87598FBDB561306D63.d.F0E3E9D26B150B4BB1241069A252900F.e.20487"}]}
COMMAND: GET /session/e75b3d5d2d0828505fb80b5e18bd174b/screenshot - {}
RESULT: {}
RESULT: {"script":"<script> [5351 bytes]","args":[{"element-6066-11e4-a52e-4f735466cecf":"f.3CC06888A91A2B87598FBDB561306D63.d.F0E3E9D26B150B4BB1241069A252900F.e.20487","ELEMENT":"f.3CC06888A91A2B87598FBDB561306D63.d.F0E3E9D26B150B4BB1241069A252900F.e.20487"}]}
COMMAND: POST /session/e75b3d5d2d0828505fb80b5e18bd174b/element/f.3CC06888A91A2B87598FBDB561306D63.d.F0E3E9D26B150B4BB1241069A252900F.e.20487/click - {}
COMMAND: GET /session/e75b3d5d2d0828505fb80b5e18bd174b/screenshot - {}
RESULT: {}
RESULT: {}
COMMAND: GET /session/e75b3d5d2d0828505fb80b5e18bd174b/screenshot - {}
RESULT: {}
RESULT: {}
COMMAND: POST /session/e75b3d5d2d0828505fb80b5e18bd174b/actions - {"actions":[{"id":"action72","type":"key","parameters":{},"actions":[{"type":"keyDown","value":"î€‡"},{"type":"pause","duration":10},{"type":"keyUp","value":"î€‡"}]}]}
RESULT: {"actions":[{"id":"action72","type":"key","parameters":{},"actions":[{"type":"keyDown","value":"î€‡"},{"type":"pause","duration":10},{"type":"keyUp","value":"î€‡"}]}]}
COMMAND: GET /session/e75b3d5d2d0828505fb80b5e18bd174b/screenshot - {}
RESULT: {}
COMMAND: POST /session/e75b3d5d2d0828505fb80b5e18bd174b/execute/async - {"script":"<script> [1562 bytes]","args":[{"selector":{"id":"application-manageconditionprice-display-component---newCondition--condBillCond-arrow"},"wdio_ui5_key":"applicationmanageconditionprice-display-component---newCondition--condBillCond-arrow"}]}
RESULT: {"script":"<script> [1562 bytes]","args":[{"selector":{"id":"application-manageconditionprice-display-component---newCondition--condBillCond-arrow"},"wdio_ui5_key":"applicationmanageconditionprice-display-component---newCondition--condBillCond-arrow"}]}
RESULT: undefined
COMMAND: POST /session/e75b3d5d2d0828505fb80b5e18bd174b/element - {"using":"xpath","value":"//*[@id=\"application-manageconditionprice-display-component---newCondition--condBillCond-arrow\"]"}
RESULT: {"using":"xpath","value":"//*[@id=\"application-manageconditionprice-display-component---newCondition--condBillCond-arrow\"]"}
COMMAND: POST /session/e75b3d5d2d0828505fb80b5e18bd174b/element/f.3CC06888A91A2B87598FBDB561306D63.d.F0E3E9D26B150B4BB1241069A252900F.e.20664/click - {}
RESULT: {}
COMMAND: GET /session/e75b3d5d2d0828505fb80b5e18bd174b/screenshot - {}
RESULT: {}
COMMAND: POST /session/e75b3d5d2d0828505fb80b5e18bd174b/element - {"using":"xpath","value":"//li[.//span[contains(text(), \"DISP - D&I special price\")]]"}
RESULT: {"using":"xpath","value":"//li[.//span[contains(text(), \"DISP - D&I special price\")]]"}
COMMAND: POST /session/e75b3d5d2d0828505fb80b5e18bd174b/element/f.3CC06888A91A2B87598FBDB561306D63.d.F0E3E9D26B150B4BB1241069A252900F.e.20667/click - {}
RESULT: {}
COMMAND: GET /session/e75b3d5d2d0828505fb80b5e18bd174b/screenshot - {}
RESULT: {}
COMMAND: POST /session/e75b3d5d2d0828505fb80b5e18bd174b/execute/async - {"script":"<script> [1562 bytes]","args":[{"selector":{"id":"application-manageconditionprice-display-component---newCondition--condValidTo","interaction":{"idSuffix":"inner"}},"wdio_ui5_key":"applicationmanageconditionprice-display-component---newCondition--condValidTo"}]}
RESULT: {"script":"<script> [1562 bytes]","args":[{"selector":{"id":"application-manageconditionprice-display-component---newCondition--condValidTo","interaction":{"idSuffix":"inner"}},"wdio_ui5_key":"applicationmanageconditionprice-display-component---newCondition--condValidTo"}]}
RESULT: undefined
COMMAND: POST /session/e75b3d5d2d0828505fb80b5e18bd174b/execute/async - {"script":"<script> [776 bytes]","args":[{"enterText":"1/19/26","selector":{"id":"application-manageconditionprice-display-component---newCondition--condValidTo","interaction":{"idSuffix":"inner"}},"clearTextFirst":true,"interactionType":"ENTER_TEXT"}]}
RESULT: {"script":"<script> [776 bytes]","args":[{"enterText":"1/19/26","selector":{"id":"application-manageconditionprice-display-component---newCondition--condValidTo","interaction":{"idSuffix":"inner"}},"clearTextFirst":true,"interactionType":"ENTER_TEXT"}]}
COMMAND: POST /session/e75b3d5d2d0828505fb80b5e18bd174b/element - {"using":"xpath","value":"//input[@id=\"application-manageconditionprice-display-component---newCondition--condRU-inner\"]"}
RESULT: {"using":"xpath","value":"//input[@id=\"application-manageconditionprice-display-component---newCondition--condRU-inner\"]"}
COMMAND: POST /session/e75b3d5d2d0828505fb80b5e18bd174b/element/f.3CC06888A91A2B87598FBDB561306D63.d.F0E3E9D26B150B4BB1241069A252900F.e.20532/clear - {}
RESULT: {}
COMMAND: POST /session/e75b3d5d2d0828505fb80b5e18bd174b/element/f.3CC06888A91A2B87598FBDB561306D63.d.F0E3E9D26B150B4BB1241069A252900F.e.20532/value - {"text":"ATElpknzHj"}
COMMAND: GET /session/e75b3d5d2d0828505fb80b5e18bd174b/screenshot - {}
RESULT: {"text":"ATElpknzHj"}
COMMAND: GET /session/e75b3d5d2d0828505fb80b5e18bd174b/screenshot - {}
RESULT: {}
RESULT: {}
COMMAND: POST /session/e75b3d5d2d0828505fb80b5e18bd174b/actions - {"actions":[{"id":"action73","type":"key","parameters":{},"actions":[{"type":"keyDown","value":"î€‡"},{"type":"pause","duration":10},{"type":"keyUp","value":"î€‡"}]}]}
RESULT: {"actions":[{"id":"action73","type":"key","parameters":{},"actions":[{"type":"keyDown","value":"î€‡"},{"type":"pause","duration":10},{"type":"keyUp","value":"î€‡"}]}]}
COMMAND: POST /session/e75b3d5d2d0828505fb80b5e18bd174b/execute/async - {"script":"<script> [1562 bytes]","args":[{"selector":{"id":"application-manageconditionprice-display-component---newCondition--condBaseQty","interaction":{"idSuffix":"inner"}},"wdio_ui5_key":"applicationmanageconditionprice-display-component---newCondition--condBaseQty"}]}
COMMAND: GET /session/e75b3d5d2d0828505fb80b5e18bd174b/screenshot - {}
RESULT: {"script":"<script> [1562 bytes]","args":[{"selector":{"id":"application-manageconditionprice-display-component---newCondition--condBaseQty","interaction":{"idSuffix":"inner"}},"wdio_ui5_key":"applicationmanageconditionprice-display-component---newCondition--condBaseQty"}]}
RESULT: undefined
COMMAND: POST /session/e75b3d5d2d0828505fb80b5e18bd174b/execute/async - {"script":"<script> [776 bytes]","args":[{"enterText":"1","selector":{"id":"application-manageconditionprice-display-component---newCondition--condBaseQty","interaction":{"idSuffix":"inner"}},"clearTextFirst":true,"interactionType":"ENTER_TEXT"}]}
RESULT: {}
RESULT: {"script":"<script> [776 bytes]","args":[{"enterText":"1","selector":{"id":"application-manageconditionprice-display-component---newCondition--condBaseQty","interaction":{"idSuffix":"inner"}},"clearTextFirst":true,"interactionType":"ENTER_TEXT"}]}
COMMAND: POST /session/e75b3d5d2d0828505fb80b5e18bd174b/execute/async - {"script":"<script> [1562 bytes]","args":[{"selector":{"id":"application-manageconditionprice-display-component---newCondition--condValue","interaction":{"idSuffix":"inner"}},"wdio_ui5_key":"applicationmanageconditionprice-display-component---newCondition--condValue"}]}
RESULT: {"script":"<script> [1562 bytes]","args":[{"selector":{"id":"application-manageconditionprice-display-component---newCondition--condValue","interaction":{"idSuffix":"inner"}},"wdio_ui5_key":"applicationmanageconditionprice-display-component---newCondition--condValue"}]}
RESULT: undefined
COMMAND: POST /session/e75b3d5d2d0828505fb80b5e18bd174b/execute/async - {"script":"<script> [776 bytes]","args":[{"enterText":"100","selector":{"id":"application-manageconditionprice-display-component---newCondition--condValue","interaction":{"idSuffix":"inner"}},"clearTextFirst":true,"interactionType":"ENTER_TEXT"}]}
RESULT: {"script":"<script> [776 bytes]","args":[{"enterText":"100","selector":{"id":"application-manageconditionprice-display-component---newCondition--condValue","interaction":{"idSuffix":"inner"}},"clearTextFirst":true,"interactionType":"ENTER_TEXT"}]}
COMMAND: POST /session/e75b3d5d2d0828505fb80b5e18bd174b/execute/async - {"script":"<script> [1562 bytes]","args":[{"selector":{"id":"application-manageconditionprice-display-component---newCondition--condCurr-arrow"},"wdio_ui5_key":"applicationmanageconditionprice-display-component---newCondition--condCurr-arrow"}]}
RESULT: {"script":"<script> [1562 bytes]","args":[{"selector":{"id":"application-manageconditionprice-display-component---newCondition--condCurr-arrow"},"wdio_ui5_key":"applicationmanageconditionprice-display-component---newCondition--condCurr-arrow"}]}
RESULT: undefined
COMMAND: POST /session/e75b3d5d2d0828505fb80b5e18bd174b/element - {"using":"xpath","value":"//*[@id=\"application-manageconditionprice-display-component---newCondition--condCurr-arrow\"]"}
RESULT: {"using":"xpath","value":"//*[@id=\"application-manageconditionprice-display-component---newCondition--condCurr-arrow\"]"}
COMMAND: POST /session/e75b3d5d2d0828505fb80b5e18bd174b/element/f.3CC06888A91A2B87598FBDB561306D63.d.F0E3E9D26B150B4BB1241069A252900F.e.20639/click - {}
RESULT: {}
COMMAND: POST /session/e75b3d5d2d0828505fb80b5e18bd174b/element - {"using":"xpath","value":"//span[contains(text(), \"Euro\")]"}
COMMAND: GET /session/e75b3d5d2d0828505fb80b5e18bd174b/screenshot - {}
RESULT: {"using":"xpath","value":"//span[contains(text(), \"Euro\")]"}
COMMAND: POST /session/e75b3d5d2d0828505fb80b5e18bd174b/element/f.3CC06888A91A2B87598FBDB561306D63.d.F0E3E9D26B150B4BB1241069A252900F.e.20704/click - {}
RESULT: {}
RESULT: {}
COMMAND: POST /session/e75b3d5d2d0828505fb80b5e18bd174b/element - {"using":"xpath","value":"//button[@data-kt=\"saveButton\"]"}
COMMAND: GET /session/e75b3d5d2d0828505fb80b5e18bd174b/screenshot - {}
RESULT: {"using":"xpath","value":"//button[@data-kt=\"saveButton\"]"}
COMMAND: POST /session/e75b3d5d2d0828505fb80b5e18bd174b/element/f.3CC06888A91A2B87598FBDB561306D63.d.F0E3E9D26B150B4BB1241069A252900F.e.20640/click - {}
RESULT: {}
RESULT: {}
COMMAND: GET /session/e75b3d5d2d0828505fb80b5e18bd174b/screenshot - {}
RESULT: {}
COMMAND: POST /session/e75b3d5d2d0828505fb80b5e18bd174b/execute/async - {"script":"<script> [1562 bytes]","args":[{"selector":{"id":"application-manageconditionprice-display-component---conditions--smartFilterBar-btnBasicSearch","interaction":{"idSuffix":"I"}},"wdio_ui5_key":"applicationmanageconditionprice-display-component---conditions--smartFilterBar-btnBasicSearch"}]}
RESULT: {"script":"<script> [1562 bytes]","args":[{"selector":{"id":"application-manageconditionprice-display-component---conditions--smartFilterBar-btnBasicSearch","interaction":{"idSuffix":"I"}},"wdio_ui5_key":"applicationmanageconditionprice-display-component---conditions--smartFilterBar-btnBasicSearch"}]}
RESULT: undefined
COMMAND: POST /session/e75b3d5d2d0828505fb80b5e18bd174b/execute/async - {"script":"<script> [776 bytes]","args":[{"enterText":"ATElpknzHj","selector":{"id":"application-manageconditionprice-display-component---conditions--smartFilterBar-btnBasicSearch","interaction":{"idSuffix":"I"}},"clearTextFirst":true,"interactionType":"ENTER_TEXT"}]}
RESULT: {"script":"<script> [776 bytes]","args":[{"enterText":"ATElpknzHj","selector":{"id":"application-manageconditionprice-display-component---conditions--smartFilterBar-btnBasicSearch","interaction":{"idSuffix":"I"}},"clearTextFirst":true,"interactionType":"ENTER_TEXT"}]}
COMMAND: POST /session/e75b3d5d2d0828505fb80b5e18bd174b/actions - {"actions":[{"id":"action74","type":"key","parameters":{},"actions":[{"type":"keyDown","value":"î€‡"},{"type":"pause","duration":10},{"type":"keyUp","value":"î€‡"}]}]}
RESULT: {"actions":[{"id":"action74","type":"key","parameters":{},"actions":[{"type":"keyDown","value":"î€‡"},{"type":"pause","duration":10},{"type":"keyUp","value":"î€‡"}]}]}
COMMAND: GET /session/e75b3d5d2d0828505fb80b5e18bd174b/screenshot - {}
RESULT: {}
COMMAND: POST /session/e75b3d5d2d0828505fb80b5e18bd174b/execute/async - {"script":"<script> [1562 bytes]","args":[{"selector":{"id":"application-manageconditionprice-display-component---conditions--smartFilterBar-filterItemControl_BASIC-BILL_TYPES-vhi"},"wdio_ui5_key":"applicationmanageconditionprice-display-component---conditions--smartFilterBar-filterItemControl_BASIC-BILL_TYPES-vhi"}]}
RESULT: {"script":"<script> [1562 bytes]","args":[{"selector":{"id":"application-manageconditionprice-display-component---conditions--smartFilterBar-filterItemControl_BASIC-BILL_TYPES-vhi"},"wdio_ui5_key":"applicationmanageconditionprice-display-component---conditions--smartFilterBar-filterItemControl_BASIC-BILL_TYPES-vhi"}]}
RESULT: undefined
COMMAND: POST /session/e75b3d5d2d0828505fb80b5e18bd174b/element - {"using":"xpath","value":"//*[@id=\"application-manageconditionprice-display-component---conditions--smartFilterBar-filterItemControl_BASIC-BILL_TYPES-vhi\"]"}
RESULT: {"using":"xpath","value":"//*[@id=\"application-manageconditionprice-display-component---conditions--smartFilterBar-filterItemControl_BASIC-BILL_TYPES-vhi\"]"}
COMMAND: POST /session/e75b3d5d2d0828505fb80b5e18bd174b/element/f.3CC06888A91A2B87598FBDB561306D63.d.F0E3E9D26B150B4BB1241069A252900F.e.20811/click - {}
RESULT: {}
COMMAND: POST /session/e75b3d5d2d0828505fb80b5e18bd174b/execute/async - {"script":"<script> [1562 bytes]","args":[{"selector":{"id":"application-manageconditionprice-display-component---conditions--smartFilterBar-filterItemControl_BASIC-BILL_TYPES-valueHelpDialog-smartFilterBar-btnBasicSearch","searchOpenDialogs":true,"interaction":{"idSuffix":"I"}},"wdio_ui5_key":"applicationmanageconditionprice-display-component---conditions--smartFilterBar-filterItemControl_BASIC-BILL_TYPES-valueHelpDialog-smartFilterBar-btnBasicSearch"}]}
COMMAND: GET /session/e75b3d5d2d0828505fb80b5e18bd174b/screenshot - {}
RESULT: {"script":"<script> [1562 bytes]","args":[{"selector":{"id":"application-manageconditionprice-display-component---conditions--smartFilterBar-filterItemControl_BASIC-BILL_TYPES-valueHelpDialog-smartFilterBar-btnBasicSearch","searchOpenDialogs":true,"interaction":{"idSuffix":"I"}},"wdio_ui5_key":"applicationmanageconditionprice-display-component---conditions--smartFilterBar-filterItemControl_BASIC-BILL_TYPES-valueHelpDialog-smartFilterBar-btnBasicSearch"}]}
RESULT: undefined
COMMAND: POST /session/e75b3d5d2d0828505fb80b5e18bd174b/execute/async - {"script":"<script> [776 bytes]","args":[{"enterText":"TB","selector":{"id":"application-manageconditionprice-display-component---conditions--smartFilterBar-filterItemControl_BASIC-BILL_TYPES-valueHelpDialog-smartFilterBar-btnBasicSearch","searchOpenDialogs":true,"interaction":{"idSuffix":"I"}},"clearTextFirst":true,"interactionType":"ENTER_TEXT"}]}
RESULT: {}
RESULT: {"script":"<script> [776 bytes]","args":[{"enterText":"TB","selector":{"id":"application-manageconditionprice-display-component---conditions--smartFilterBar-filterItemControl_BASIC-BILL_TYPES-valueHelpDialog-smartFilterBar-btnBasicSearch","searchOpenDialogs":true,"interaction":{"idSuffix":"I"}},"clearTextFirst":true,"interactionType":"ENTER_TEXT"}]}
COMMAND: POST /session/e75b3d5d2d0828505fb80b5e18bd174b/actions - {"actions":[{"id":"action75","type":"key","parameters":{},"actions":[{"type":"keyDown","value":"î€‡"},{"type":"pause","duration":10},{"type":"keyUp","value":"î€‡"}]}]}
RESULT: {"actions":[{"id":"action75","type":"key","parameters":{},"actions":[{"type":"keyDown","value":"î€‡"},{"type":"pause","duration":10},{"type":"keyUp","value":"î€‡"}]}]}
COMMAND: GET /session/e75b3d5d2d0828505fb80b5e18bd174b/screenshot - {}
RESULT: {}
COMMAND: POST /session/e75b3d5d2d0828505fb80b5e18bd174b/element - {"using":"xpath","value":"//div[contains(@id, 'application-manageconditionprice-display-component---conditions--smartFilterBar-filterItemControl_BASIC-BILL_TYPES-valueHelpDialog-table-rowsel0')]"}
RESULT: {"using":"xpath","value":"//div[contains(@id, 'application-manageconditionprice-display-component---conditions--smartFilterBar-filterItemControl_BASIC-BILL_TYPES-valueHelpDialog-table-rowsel0')]"}
COMMAND: POST /session/e75b3d5d2d0828505fb80b5e18bd174b/element/f.3CC06888A91A2B87598FBDB561306D63.d.F0E3E9D26B150B4BB1241069A252900F.e.20820/click - {}
RESULT: {}
COMMAND: GET /session/e75b3d5d2d0828505fb80b5e18bd174b/screenshot - {}
RESULT: {}
COMMAND: POST /session/e75b3d5d2d0828505fb80b5e18bd174b/element - {"using":"xpath","value":"//bdi[contains(text(), \"OK\")]"}
RESULT: {"using":"xpath","value":"//bdi[contains(text(), \"OK\")]"}
COMMAND: POST /session/e75b3d5d2d0828505fb80b5e18bd174b/element/f.3CC06888A91A2B87598FBDB561306D63.d.F0E3E9D26B150B4BB1241069A252900F.e.20822/click - {}
RESULT: {}
COMMAND: GET /session/e75b3d5d2d0828505fb80b5e18bd174b/screenshot - {}
RESULT: {}
COMMAND: POST /session/e75b3d5d2d0828505fb80b5e18bd174b/element - {"using":"xpath","value":"//span[@id=\"application-manageconditionprice-display-component---conditions--smartTable-header-inner\"]"}
RESULT: {"using":"xpath","value":"//span[@id=\"application-manageconditionprice-display-component---conditions--smartTable-header-inner\"]"}
COMMAND: POST /session/e75b3d5d2d0828505fb80b5e18bd174b/elements - {"using":"xpath","value":"//span[@id=\"application-manageconditionprice-display-component---conditions--smartTable-header-inner\"]"}
RESULT: {"using":"xpath","value":"//span[@id=\"application-manageconditionprice-display-component---conditions--smartTable-header-inner\"]"}
COMMAND: POST /session/e75b3d5d2d0828505fb80b5e18bd174b/execute/sync - {"script":"<script> [56 bytes]","args":[{"element-6066-11e4-a52e-4f735466cecf":"f.3CC06888A91A2B87598FBDB561306D63.d.F0E3E9D26B150B4BB1241069A252900F.e.20825","ELEMENT":"f.3CC06888A91A2B87598FBDB561306D63.d.F0E3E9D26B150B4BB1241069A252900F.e.20825"}]}
RESULT: {"script":"<script> [56 bytes]","args":[{"element-6066-11e4-a52e-4f735466cecf":"f.3CC06888A91A2B87598FBDB561306D63.d.F0E3E9D26B150B4BB1241069A252900F.e.20825","ELEMENT":"f.3CC06888A91A2B87598FBDB561306D63.d.F0E3E9D26B150B4BB1241069A252900F.e.20825"}]}
COMMAND: POST /session/e75b3d5d2d0828505fb80b5e18bd174b/element - {"using":"css selector","value":"#shell-header-logo"}
COMMAND: GET /session/e75b3d5d2d0828505fb80b5e18bd174b/screenshot - {}
RESULT: {"using":"css selector","value":"#shell-header-logo"}
COMMAND: POST /session/e75b3d5d2d0828505fb80b5e18bd174b/element/f.3CC06888A91A2B87598FBDB561306D63.d.F0E3E9D26B150B4BB1241069A252900F.e.20454/click - {}
RESULT: {}
RESULT: {}
COMMAND: GET /session/e75b3d5d2d0828505fb80b5e18bd174b/screenshot - {}
RESULT: {}
]]></system-out>
    </testcase>
    <testcase classname="chrome.136_0_7103_93.windows.Billing_Calculation_-_Time_based_(considering_transport_times)_US139738" name="Should do a stock increase for the equipment" time="83.631">
      <system-out><![CDATA[
COMMAND: POST /session/e75b3d5d2d0828505fb80b5e18bd174b/execute/async - {"script":"<script> [1562 bytes]","args":[{"selector":{"controlType":"sap.m.GenericTile","properties":{"header":"Manage Handovers"}},"wdio_ui5_key":"sapm.GenericTile{\"header\":\"Manage Handovers\"}"}]}
RESULT: {"script":"<script> [1562 bytes]","args":[{"selector":{"controlType":"sap.m.GenericTile","properties":{"header":"Manage Handovers"}},"wdio_ui5_key":"sapm.GenericTile{\"header\":\"Manage Handovers\"}"}]}
RESULT: undefined
COMMAND: POST /session/e75b3d5d2d0828505fb80b5e18bd174b/element - {"using":"xpath","value":"//*[@id=\"__tile132\"]"}
RESULT: {"using":"xpath","value":"//*[@id=\"__tile132\"]"}
COMMAND: POST /session/e75b3d5d2d0828505fb80b5e18bd174b/element/f.3CC06888A91A2B87598FBDB561306D63.d.F0E3E9D26B150B4BB1241069A252900F.e.19575/click - {}
RESULT: {}
COMMAND: GET /session/e75b3d5d2d0828505fb80b5e18bd174b/screenshot - {}
RESULT: {}
COMMAND: POST /session/e75b3d5d2d0828505fb80b5e18bd174b/elements - {"using":"xpath","value":"//span[text()='Error']"}
RESULT: {"using":"xpath","value":"//span[text()='Error']"}
COMMAND: POST /session/e75b3d5d2d0828505fb80b5e18bd174b/element - {"using":"xpath","value":"//button[@data-kt=\"masterHOAddButton\"]"}
RESULT: {"using":"xpath","value":"//button[@data-kt=\"masterHOAddButton\"]"}
COMMAND: POST /session/e75b3d5d2d0828505fb80b5e18bd174b/elements - {"using":"xpath","value":"//button[@data-kt=\"masterHOAddButton\"]"}
RESULT: {"using":"xpath","value":"//button[@data-kt=\"masterHOAddButton\"]"}
COMMAND: POST /session/e75b3d5d2d0828505fb80b5e18bd174b/execute/sync - {"script":"<script> [8489 bytes]","args":[{"element-6066-11e4-a52e-4f735466cecf":"f.3CC06888A91A2B87598FBDB561306D63.d.F0E3E9D26B150B4BB1241069A252900F.e.20870","ELEMENT":"f.3CC06888A91A2B87598FBDB561306D63.d.F0E3E9D26B150B4BB1241069A252900F.e.20870"}]}
RESULT: {"script":"<script> [8489 bytes]","args":[{"element-6066-11e4-a52e-4f735466cecf":"f.3CC06888A91A2B87598FBDB561306D63.d.F0E3E9D26B150B4BB1241069A252900F.e.20870","ELEMENT":"f.3CC06888A91A2B87598FBDB561306D63.d.F0E3E9D26B150B4BB1241069A252900F.e.20870"}]}
COMMAND: GET /session/e75b3d5d2d0828505fb80b5e18bd174b/element/f.3CC06888A91A2B87598FBDB561306D63.d.F0E3E9D26B150B4BB1241069A252900F.e.20870/enabled - {}
COMMAND: GET /session/e75b3d5d2d0828505fb80b5e18bd174b/screenshot - {}
RESULT: {}
COMMAND: POST /session/e75b3d5d2d0828505fb80b5e18bd174b/execute/sync - {"script":"<script> [8489 bytes]","args":[{"element-6066-11e4-a52e-4f735466cecf":"f.3CC06888A91A2B87598FBDB561306D63.d.F0E3E9D26B150B4BB1241069A252900F.e.20870","ELEMENT":"f.3CC06888A91A2B87598FBDB561306D63.d.F0E3E9D26B150B4BB1241069A252900F.e.20870"}]}
COMMAND: GET /session/e75b3d5d2d0828505fb80b5e18bd174b/screenshot - {}
RESULT: {}
RESULT: {"script":"<script> [8489 bytes]","args":[{"element-6066-11e4-a52e-4f735466cecf":"f.3CC06888A91A2B87598FBDB561306D63.d.F0E3E9D26B150B4BB1241069A252900F.e.20870","ELEMENT":"f.3CC06888A91A2B87598FBDB561306D63.d.F0E3E9D26B150B4BB1241069A252900F.e.20870"}]}
COMMAND: POST /session/e75b3d5d2d0828505fb80b5e18bd174b/execute/sync - {"script":"<script> [5351 bytes]","args":[{"element-6066-11e4-a52e-4f735466cecf":"f.3CC06888A91A2B87598FBDB561306D63.d.F0E3E9D26B150B4BB1241069A252900F.e.20870","ELEMENT":"f.3CC06888A91A2B87598FBDB561306D63.d.F0E3E9D26B150B4BB1241069A252900F.e.20870"}]}
COMMAND: GET /session/e75b3d5d2d0828505fb80b5e18bd174b/screenshot - {}
RESULT: {}
RESULT: {"script":"<script> [5351 bytes]","args":[{"element-6066-11e4-a52e-4f735466cecf":"f.3CC06888A91A2B87598FBDB561306D63.d.F0E3E9D26B150B4BB1241069A252900F.e.20870","ELEMENT":"f.3CC06888A91A2B87598FBDB561306D63.d.F0E3E9D26B150B4BB1241069A252900F.e.20870"}]}
COMMAND: POST /session/e75b3d5d2d0828505fb80b5e18bd174b/element/f.3CC06888A91A2B87598FBDB561306D63.d.F0E3E9D26B150B4BB1241069A252900F.e.20870/click - {}
COMMAND: GET /session/e75b3d5d2d0828505fb80b5e18bd174b/screenshot - {}
RESULT: {}
RESULT: {}
COMMAND: GET /session/e75b3d5d2d0828505fb80b5e18bd174b/screenshot - {}
RESULT: {}
RESULT: {}
COMMAND: POST /session/e75b3d5d2d0828505fb80b5e18bd174b/element - {"using":"xpath","value":"//span[contains(@id ,\"AddNewHO--typeSelect-arrow\")]"}
RESULT: {"using":"xpath","value":"//span[contains(@id ,\"AddNewHO--typeSelect-arrow\")]"}
COMMAND: POST /session/e75b3d5d2d0828505fb80b5e18bd174b/element/f.3CC06888A91A2B87598FBDB561306D63.d.F0E3E9D26B150B4BB1241069A252900F.e.21230/click - {}
RESULT: {}
COMMAND: GET /session/e75b3d5d2d0828505fb80b5e18bd174b/screenshot - {}
RESULT: {}
COMMAND: POST /session/e75b3d5d2d0828505fb80b5e18bd174b/element - {"using":"xpath","value":"(//li[contains(text(), \"stock increase yard\")])[1]"}
RESULT: {"using":"xpath","value":"(//li[contains(text(), \"stock increase yard\")])[1]"}
COMMAND: POST /session/e75b3d5d2d0828505fb80b5e18bd174b/element/f.3CC06888A91A2B87598FBDB561306D63.d.F0E3E9D26B150B4BB1241069A252900F.e.21231/click - {}
RESULT: {}
COMMAND: GET /session/e75b3d5d2d0828505fb80b5e18bd174b/screenshot - {}
RESULT: {}
COMMAND: POST /session/e75b3d5d2d0828505fb80b5e18bd174b/execute/async - {"script":"<script> [1562 bytes]","args":[{"selector":{"id":"application-managehandovers-display-component---AddNewHO--dueDate","interaction":{"idSuffix":"inner"}},"wdio_ui5_key":"applicationmanagehandovers-display-component---AddNewHO--dueDate"}]}
RESULT: {"script":"<script> [1562 bytes]","args":[{"selector":{"id":"application-managehandovers-display-component---AddNewHO--dueDate","interaction":{"idSuffix":"inner"}},"wdio_ui5_key":"applicationmanagehandovers-display-component---AddNewHO--dueDate"}]}
RESULT: undefined
COMMAND: POST /session/e75b3d5d2d0828505fb80b5e18bd174b/execute/async - {"script":"<script> [6424 bytes]","args":[{"element-6066-11e4-a52e-4f735466cecf":"f.3CC06888A91A2B87598FBDB561306D63.d.F0E3E9D26B150B4BB1241069A252900F.e.21233"},"setValue",["5/19/25"]]}
RESULT: {"script":"<script> [6424 bytes]","args":[{"element-6066-11e4-a52e-4f735466cecf":"f.3CC06888A91A2B87598FBDB561306D63.d.F0E3E9D26B150B4BB1241069A252900F.e.21233"},"setValue",["5/19/25"]]}
COMMAND: POST /session/e75b3d5d2d0828505fb80b5e18bd174b/element - {"using":"xpath","value":"//input[@id=\"generalSectionFrg--receiveYard-inner\"]"}
RESULT: {"using":"xpath","value":"//input[@id=\"generalSectionFrg--receiveYard-inner\"]"}
COMMAND: POST /session/e75b3d5d2d0828505fb80b5e18bd174b/element/f.3CC06888A91A2B87598FBDB561306D63.d.F0E3E9D26B150B4BB1241069A252900F.e.21237/clear - {}
RESULT: {}
COMMAND: POST /session/e75b3d5d2d0828505fb80b5e18bd174b/element/f.3CC06888A91A2B87598FBDB561306D63.d.F0E3E9D26B150B4BB1241069A252900F.e.21237/value - {"text":"563"}
COMMAND: GET /session/e75b3d5d2d0828505fb80b5e18bd174b/screenshot - {}
RESULT: {"text":"563"}
COMMAND: GET /session/e75b3d5d2d0828505fb80b5e18bd174b/screenshot - {}
RESULT: {}
RESULT: {}
COMMAND: POST /session/e75b3d5d2d0828505fb80b5e18bd174b/element - {"using":"xpath","value":"//li[.//span[text()='563']]"}
RESULT: {"using":"xpath","value":"//li[.//span[text()='563']]"}
COMMAND: POST /session/e75b3d5d2d0828505fb80b5e18bd174b/element/f.3CC06888A91A2B87598FBDB561306D63.d.F0E3E9D26B150B4BB1241069A252900F.e.21255/click - {}
RESULT: {}
COMMAND: GET /session/e75b3d5d2d0828505fb80b5e18bd174b/screenshot - {}
RESULT: {}
COMMAND: POST /session/e75b3d5d2d0828505fb80b5e18bd174b/execute/async - {"script":"<script> [1562 bytes]","args":[{"selector":{"id":"application-managehandovers-display-component---AddNewHO--ObjectPageLayout-anchBar-application-managehandovers-display-component---AddNewHO--section4-anchor","interaction":{"idSuffix":"BDI-content"}},"wdio_ui5_key":"applicationmanagehandovers-display-component---AddNewHO--ObjectPageLayout-anchBar-application-managehandovers-display-component---AddNewHO--section4-anchor"}]}
RESULT: {"script":"<script> [1562 bytes]","args":[{"selector":{"id":"application-managehandovers-display-component---AddNewHO--ObjectPageLayout-anchBar-application-managehandovers-display-component---AddNewHO--section4-anchor","interaction":{"idSuffix":"BDI-content"}},"wdio_ui5_key":"applicationmanagehandovers-display-component---AddNewHO--ObjectPageLayout-anchBar-application-managehandovers-display-component---AddNewHO--section4-anchor"}]}
RESULT: undefined
COMMAND: POST /session/e75b3d5d2d0828505fb80b5e18bd174b/element - {"using":"xpath","value":"//*[@id=\"application-managehandovers-display-component---AddNewHO--ObjectPageLayout-anchBar-application-managehandovers-display-component---AddNewHO--section4-anchor\"]"}
RESULT: {"using":"xpath","value":"//*[@id=\"application-managehandovers-display-component---AddNewHO--ObjectPageLayout-anchBar-application-managehandovers-display-component---AddNewHO--section4-anchor\"]"}
COMMAND: POST /session/e75b3d5d2d0828505fb80b5e18bd174b/element/f.3CC06888A91A2B87598FBDB561306D63.d.F0E3E9D26B150B4BB1241069A252900F.e.21257/click - {}
RESULT: {}
COMMAND: POST /session/e75b3d5d2d0828505fb80b5e18bd174b/element - {"using":"xpath","value":"//button[@aria-label=\"Add\"]"}
COMMAND: GET /session/e75b3d5d2d0828505fb80b5e18bd174b/screenshot - {}
RESULT: {"using":"xpath","value":"//button[@aria-label=\"Add\"]"}
COMMAND: POST /session/e75b3d5d2d0828505fb80b5e18bd174b/element/f.3CC06888A91A2B87598FBDB561306D63.d.F0E3E9D26B150B4BB1241069A252900F.e.21259/click - {}
RESULT: {}
RESULT: {}
COMMAND: GET /session/e75b3d5d2d0828505fb80b5e18bd174b/screenshot - {}
RESULT: {}
COMMAND: POST /session/e75b3d5d2d0828505fb80b5e18bd174b/execute/async - {"script":"<script> [1562 bytes]","args":[{"selector":{"id":"application-managehandovers-display-component---AddNewHO--smartFilterBar-btnBasicSearch","searchOpenDialogs":true,"interaction":{"idSuffix":"I"}},"wdio_ui5_key":"applicationmanagehandovers-display-component---AddNewHO--smartFilterBar-btnBasicSearch"}]}
RESULT: {"script":"<script> [1562 bytes]","args":[{"selector":{"id":"application-managehandovers-display-component---AddNewHO--smartFilterBar-btnBasicSearch","searchOpenDialogs":true,"interaction":{"idSuffix":"I"}},"wdio_ui5_key":"applicationmanagehandovers-display-component---AddNewHO--smartFilterBar-btnBasicSearch"}]}
RESULT: undefined
COMMAND: POST /session/e75b3d5d2d0828505fb80b5e18bd174b/execute/async - {"script":"<script> [776 bytes]","args":[{"enterText":"ATElpknzHj","selector":{"id":"application-managehandovers-display-component---AddNewHO--smartFilterBar-btnBasicSearch","searchOpenDialogs":true,"interaction":{"idSuffix":"I"}},"clearTextFirst":true,"interactionType":"ENTER_TEXT"}]}
RESULT: {"script":"<script> [776 bytes]","args":[{"enterText":"ATElpknzHj","selector":{"id":"application-managehandovers-display-component---AddNewHO--smartFilterBar-btnBasicSearch","searchOpenDialogs":true,"interaction":{"idSuffix":"I"}},"clearTextFirst":true,"interactionType":"ENTER_TEXT"}]}
COMMAND: POST /session/e75b3d5d2d0828505fb80b5e18bd174b/actions - {"actions":[{"id":"action76","type":"key","parameters":{},"actions":[{"type":"keyDown","value":"î€‡"},{"type":"pause","duration":10},{"type":"keyUp","value":"î€‡"}]}]}
RESULT: {"actions":[{"id":"action76","type":"key","parameters":{},"actions":[{"type":"keyDown","value":"î€‡"},{"type":"pause","duration":10},{"type":"keyUp","value":"î€‡"}]}]}
COMMAND: GET /session/e75b3d5d2d0828505fb80b5e18bd174b/screenshot - {}
RESULT: {}
COMMAND: POST /session/e75b3d5d2d0828505fb80b5e18bd174b/execute/async - {"script":"<script> [1562 bytes]","args":[{"selector":{"id":"application-managehandovers-display-component---AddNewHO--popup-sa","searchOpenDialogs":true,"interaction":{"idSuffix":"CbBg"}},"wdio_ui5_key":"applicationmanagehandovers-display-component---AddNewHO--popup-sa"}]}
RESULT: {"script":"<script> [1562 bytes]","args":[{"selector":{"id":"application-managehandovers-display-component---AddNewHO--popup-sa","searchOpenDialogs":true,"interaction":{"idSuffix":"CbBg"}},"wdio_ui5_key":"applicationmanagehandovers-display-component---AddNewHO--popup-sa"}]}
RESULT: undefined
COMMAND: POST /session/e75b3d5d2d0828505fb80b5e18bd174b/element - {"using":"xpath","value":"//*[@id=\"application-managehandovers-display-component---AddNewHO--popup-sa\"]"}
RESULT: {"using":"xpath","value":"//*[@id=\"application-managehandovers-display-component---AddNewHO--popup-sa\"]"}
COMMAND: POST /session/e75b3d5d2d0828505fb80b5e18bd174b/element/f.3CC06888A91A2B87598FBDB561306D63.d.F0E3E9D26B150B4BB1241069A252900F.e.21412/click - {}
RESULT: {}
COMMAND: GET /session/e75b3d5d2d0828505fb80b5e18bd174b/screenshot - {}
RESULT: {}
COMMAND: POST /session/e75b3d5d2d0828505fb80b5e18bd174b/element - {"using":"xpath","value":"//bdi[contains(text(), \"Select\")]"}
RESULT: {"using":"xpath","value":"//bdi[contains(text(), \"Select\")]"}
COMMAND: POST /session/e75b3d5d2d0828505fb80b5e18bd174b/element/f.3CC06888A91A2B87598FBDB561306D63.d.F0E3E9D26B150B4BB1241069A252900F.e.21413/click - {}
RESULT: {}
COMMAND: GET /session/e75b3d5d2d0828505fb80b5e18bd174b/screenshot - {}
RESULT: {}
COMMAND: POST /session/e75b3d5d2d0828505fb80b5e18bd174b/element - {"using":"xpath","value":"//button[@data-kt=\"AddNewHOSaveButton\"]"}
RESULT: {"using":"xpath","value":"//button[@data-kt=\"AddNewHOSaveButton\"]"}
COMMAND: POST /session/e75b3d5d2d0828505fb80b5e18bd174b/element/f.3CC06888A91A2B87598FBDB561306D63.d.F0E3E9D26B150B4BB1241069A252900F.e.21417/click - {}
RESULT: {}
COMMAND: GET /session/e75b3d5d2d0828505fb80b5e18bd174b/screenshot - {}
RESULT: {}
COMMAND: POST /session/e75b3d5d2d0828505fb80b5e18bd174b/execute/async - {"script":"<script> [1562 bytes]","args":[{"selector":{"id":"receiptDatePicker","viewName":"etm.portal.ui.managehandovers.view.DetailExecuteHO","interaction":{"idSuffix":"inner"}},"wdio_ui5_key":"receiptDatePickeretmportal.ui.managehandovers.view.DetailExecuteHO"}]}
RESULT: {"script":"<script> [1562 bytes]","args":[{"selector":{"id":"receiptDatePicker","viewName":"etm.portal.ui.managehandovers.view.DetailExecuteHO","interaction":{"idSuffix":"inner"}},"wdio_ui5_key":"receiptDatePickeretmportal.ui.managehandovers.view.DetailExecuteHO"}]}
RESULT: undefined
COMMAND: POST /session/e75b3d5d2d0828505fb80b5e18bd174b/execute/async - {"script":"<script> [6424 bytes]","args":[{"element-6066-11e4-a52e-4f735466cecf":"f.3CC06888A91A2B87598FBDB561306D63.d.F0E3E9D26B150B4BB1241069A252900F.e.21453"},"setValue",["5/19/25"]]}
RESULT: {"script":"<script> [6424 bytes]","args":[{"element-6066-11e4-a52e-4f735466cecf":"f.3CC06888A91A2B87598FBDB561306D63.d.F0E3E9D26B150B4BB1241069A252900F.e.21453"},"setValue",["5/19/25"]]}
COMMAND: POST /session/e75b3d5d2d0828505fb80b5e18bd174b/element - {"using":"xpath","value":"//button[@data-kt=\"PickingTableConfirmAllButton\"]"}
RESULT: {"using":"xpath","value":"//button[@data-kt=\"PickingTableConfirmAllButton\"]"}
COMMAND: POST /session/e75b3d5d2d0828505fb80b5e18bd174b/element/f.3CC06888A91A2B87598FBDB561306D63.d.F0E3E9D26B150B4BB1241069A252900F.e.21467/click - {}
RESULT: {}
COMMAND: GET /session/e75b3d5d2d0828505fb80b5e18bd174b/screenshot - {}
RESULT: {}
COMMAND: POST /session/e75b3d5d2d0828505fb80b5e18bd174b/element - {"using":"xpath","value":"//bdi[contains(text(), \"OK\")]"}
RESULT: {"using":"xpath","value":"//bdi[contains(text(), \"OK\")]"}
COMMAND: POST /session/e75b3d5d2d0828505fb80b5e18bd174b/element/f.3CC06888A91A2B87598FBDB561306D63.d.F0E3E9D26B150B4BB1241069A252900F.e.21469/click - {}
RESULT: {}
COMMAND: GET /session/e75b3d5d2d0828505fb80b5e18bd174b/screenshot - {}
RESULT: {}
COMMAND: POST /session/e75b3d5d2d0828505fb80b5e18bd174b/element - {"using":"xpath","value":"(//bdi[contains(text(), \"Receive\")])[2]"}
RESULT: {"using":"xpath","value":"(//bdi[contains(text(), \"Receive\")])[2]"}
COMMAND: POST /session/e75b3d5d2d0828505fb80b5e18bd174b/element/f.3CC06888A91A2B87598FBDB561306D63.d.F0E3E9D26B150B4BB1241069A252900F.e.21471/click - {}
RESULT: {}
COMMAND: GET /session/e75b3d5d2d0828505fb80b5e18bd174b/screenshot - {}
RESULT: {}
COMMAND: POST /session/e75b3d5d2d0828505fb80b5e18bd174b/element - {"using":"css selector","value":"#shell-header-logo"}
RESULT: {"using":"css selector","value":"#shell-header-logo"}
COMMAND: POST /session/e75b3d5d2d0828505fb80b5e18bd174b/element/f.3CC06888A91A2B87598FBDB561306D63.d.F0E3E9D26B150B4BB1241069A252900F.e.20831/click - {}
RESULT: {}
COMMAND: GET /session/e75b3d5d2d0828505fb80b5e18bd174b/screenshot - {}
RESULT: {}
]]></system-out>
    </testcase>
    <testcase classname="chrome.136_0_7103_93.windows.Billing_Calculation_-_Time_based_(considering_transport_times)_US139738" name="Should create a new contract" time="61.728">
      <system-out><![CDATA[
COMMAND: POST /session/e75b3d5d2d0828505fb80b5e18bd174b/execute/async - {"script":"<script> [1562 bytes]","args":[{"selector":{"controlType":"sap.m.GenericTile","properties":{"header":"Manage Contracts"}},"wdio_ui5_key":"sapm.GenericTile{\"header\":\"Manage Contracts\"}"}]}
RESULT: {"script":"<script> [1562 bytes]","args":[{"selector":{"controlType":"sap.m.GenericTile","properties":{"header":"Manage Contracts"}},"wdio_ui5_key":"sapm.GenericTile{\"header\":\"Manage Contracts\"}"}]}
RESULT: undefined
COMMAND: POST /session/e75b3d5d2d0828505fb80b5e18bd174b/element - {"using":"xpath","value":"//*[@id=\"__tile130\"]"}
RESULT: {"using":"xpath","value":"//*[@id=\"__tile130\"]"}
COMMAND: POST /session/e75b3d5d2d0828505fb80b5e18bd174b/element/f.3CC06888A91A2B87598FBDB561306D63.d.F0E3E9D26B150B4BB1241069A252900F.e.19506/click - {}
RESULT: {}
COMMAND: GET /session/e75b3d5d2d0828505fb80b5e18bd174b/screenshot - {}
RESULT: {}
COMMAND: POST /session/e75b3d5d2d0828505fb80b5e18bd174b/elements - {"using":"xpath","value":"//span[text()='Error']"}
RESULT: {"using":"xpath","value":"//span[text()='Error']"}
COMMAND: POST /session/e75b3d5d2d0828505fb80b5e18bd174b/element - {"using":"xpath","value":"//button[@data-kt=\"addButton\"]"}
RESULT: {"using":"xpath","value":"//button[@data-kt=\"addButton\"]"}
COMMAND: POST /session/e75b3d5d2d0828505fb80b5e18bd174b/elements - {"using":"xpath","value":"//button[@data-kt=\"addButton\"]"}
RESULT: {"using":"xpath","value":"//button[@data-kt=\"addButton\"]"}
COMMAND: POST /session/e75b3d5d2d0828505fb80b5e18bd174b/execute/sync - {"script":"<script> [8489 bytes]","args":[{"element-6066-11e4-a52e-4f735466cecf":"f.3CC06888A91A2B87598FBDB561306D63.d.F0E3E9D26B150B4BB1241069A252900F.e.21688","ELEMENT":"f.3CC06888A91A2B87598FBDB561306D63.d.F0E3E9D26B150B4BB1241069A252900F.e.21688"}]}
RESULT: {"script":"<script> [8489 bytes]","args":[{"element-6066-11e4-a52e-4f735466cecf":"f.3CC06888A91A2B87598FBDB561306D63.d.F0E3E9D26B150B4BB1241069A252900F.e.21688","ELEMENT":"f.3CC06888A91A2B87598FBDB561306D63.d.F0E3E9D26B150B4BB1241069A252900F.e.21688"}]}
COMMAND: GET /session/e75b3d5d2d0828505fb80b5e18bd174b/element/f.3CC06888A91A2B87598FBDB561306D63.d.F0E3E9D26B150B4BB1241069A252900F.e.21688/enabled - {}
COMMAND: GET /session/e75b3d5d2d0828505fb80b5e18bd174b/screenshot - {}
RESULT: {}
COMMAND: POST /session/e75b3d5d2d0828505fb80b5e18bd174b/execute/sync - {"script":"<script> [8489 bytes]","args":[{"element-6066-11e4-a52e-4f735466cecf":"f.3CC06888A91A2B87598FBDB561306D63.d.F0E3E9D26B150B4BB1241069A252900F.e.21688","ELEMENT":"f.3CC06888A91A2B87598FBDB561306D63.d.F0E3E9D26B150B4BB1241069A252900F.e.21688"}]}
COMMAND: GET /session/e75b3d5d2d0828505fb80b5e18bd174b/screenshot - {}
RESULT: {}
RESULT: {"script":"<script> [8489 bytes]","args":[{"element-6066-11e4-a52e-4f735466cecf":"f.3CC06888A91A2B87598FBDB561306D63.d.F0E3E9D26B150B4BB1241069A252900F.e.21688","ELEMENT":"f.3CC06888A91A2B87598FBDB561306D63.d.F0E3E9D26B150B4BB1241069A252900F.e.21688"}]}
COMMAND: POST /session/e75b3d5d2d0828505fb80b5e18bd174b/execute/sync - {"script":"<script> [5351 bytes]","args":[{"element-6066-11e4-a52e-4f735466cecf":"f.3CC06888A91A2B87598FBDB561306D63.d.F0E3E9D26B150B4BB1241069A252900F.e.21688","ELEMENT":"f.3CC06888A91A2B87598FBDB561306D63.d.F0E3E9D26B150B4BB1241069A252900F.e.21688"}]}
COMMAND: GET /session/e75b3d5d2d0828505fb80b5e18bd174b/screenshot - {}
RESULT: {}
RESULT: {"script":"<script> [5351 bytes]","args":[{"element-6066-11e4-a52e-4f735466cecf":"f.3CC06888A91A2B87598FBDB561306D63.d.F0E3E9D26B150B4BB1241069A252900F.e.21688","ELEMENT":"f.3CC06888A91A2B87598FBDB561306D63.d.F0E3E9D26B150B4BB1241069A252900F.e.21688"}]}
COMMAND: GET /session/e75b3d5d2d0828505fb80b5e18bd174b/screenshot - {}
RESULT: {}
RESULT: {}
COMMAND: POST /session/e75b3d5d2d0828505fb80b5e18bd174b/element/f.3CC06888A91A2B87598FBDB561306D63.d.F0E3E9D26B150B4BB1241069A252900F.e.21688/click - {}
RESULT: {}
COMMAND: GET /session/e75b3d5d2d0828505fb80b5e18bd174b/screenshot - {}
RESULT: {}
COMMAND: POST /session/e75b3d5d2d0828505fb80b5e18bd174b/execute/async - {"script":"<script> [1562 bytes]","args":[{"selector":{"id":"application-managecontracts-display-component---AddNewContract--projectDescription","interaction":{"idSuffix":"inner"}},"wdio_ui5_key":"applicationmanagecontracts-display-component---AddNewContract--projectDescription"}]}
RESULT: {"script":"<script> [1562 bytes]","args":[{"selector":{"id":"application-managecontracts-display-component---AddNewContract--projectDescription","interaction":{"idSuffix":"inner"}},"wdio_ui5_key":"applicationmanagecontracts-display-component---AddNewContract--projectDescription"}]}
RESULT: undefined
COMMAND: POST /session/e75b3d5d2d0828505fb80b5e18bd174b/execute/async - {"script":"<script> [776 bytes]","args":[{"enterText":"Contract WDIO","selector":{"id":"application-managecontracts-display-component---AddNewContract--projectDescription","interaction":{"idSuffix":"inner"}},"clearTextFirst":true,"interactionType":"ENTER_TEXT"}]}
RESULT: {"script":"<script> [776 bytes]","args":[{"enterText":"Contract WDIO","selector":{"id":"application-managecontracts-display-component---AddNewContract--projectDescription","interaction":{"idSuffix":"inner"}},"clearTextFirst":true,"interactionType":"ENTER_TEXT"}]}
COMMAND: POST /session/e75b3d5d2d0828505fb80b5e18bd174b/element - {"using":"xpath","value":"//input[@id=\"application-managecontracts-display-component---AddNewContract--site-inner\"]"}
RESULT: {"using":"xpath","value":"//input[@id=\"application-managecontracts-display-component---AddNewContract--site-inner\"]"}
COMMAND: POST /session/e75b3d5d2d0828505fb80b5e18bd174b/element/f.3CC06888A91A2B87598FBDB561306D63.d.F0E3E9D26B150B4BB1241069A252900F.e.22048/clear - {}
RESULT: {}
COMMAND: POST /session/e75b3d5d2d0828505fb80b5e18bd174b/element/f.3CC06888A91A2B87598FBDB561306D63.d.F0E3E9D26B150B4BB1241069A252900F.e.22048/value - {"text":"2283"}
COMMAND: GET /session/e75b3d5d2d0828505fb80b5e18bd174b/screenshot - {}
RESULT: {"text":"2283"}
COMMAND: GET /session/e75b3d5d2d0828505fb80b5e18bd174b/screenshot - {}
RESULT: {}
RESULT: {}
COMMAND: POST /session/e75b3d5d2d0828505fb80b5e18bd174b/element - {"using":"xpath","value":"//li[.//span[text()='2283']]"}
RESULT: {"using":"xpath","value":"//li[.//span[text()='2283']]"}
COMMAND: POST /session/e75b3d5d2d0828505fb80b5e18bd174b/element/f.3CC06888A91A2B87598FBDB561306D63.d.F0E3E9D26B150B4BB1241069A252900F.e.22079/click - {}
RESULT: {}
COMMAND: GET /session/e75b3d5d2d0828505fb80b5e18bd174b/screenshot - {}
RESULT: {}
COMMAND: POST /session/e75b3d5d2d0828505fb80b5e18bd174b/element - {"using":"xpath","value":"//input[@id=\"application-managecontracts-display-component---AddNewContract--yardId-inner\"]"}
RESULT: {"using":"xpath","value":"//input[@id=\"application-managecontracts-display-component---AddNewContract--yardId-inner\"]"}
COMMAND: GET /session/e75b3d5d2d0828505fb80b5e18bd174b/element/f.3CC06888A91A2B87598FBDB561306D63.d.F0E3E9D26B150B4BB1241069A252900F.e.22049/property/value - {}
RESULT: {}
COMMAND: POST /session/e75b3d5d2d0828505fb80b5e18bd174b/element - {"using":"xpath","value":"//input[@id=\"application-managecontracts-display-component---AddNewContract--customerSelect-inner\"]"}
COMMAND: GET /session/e75b3d5d2d0828505fb80b5e18bd174b/screenshot - {}
RESULT: {"using":"xpath","value":"//input[@id=\"application-managecontracts-display-component---AddNewContract--customerSelect-inner\"]"}
COMMAND: POST /session/e75b3d5d2d0828505fb80b5e18bd174b/element/f.3CC06888A91A2B87598FBDB561306D63.d.F0E3E9D26B150B4BB1241069A252900F.e.22047/clear - {}
RESULT: {}
RESULT: {}
COMMAND: POST /session/e75b3d5d2d0828505fb80b5e18bd174b/element/f.3CC06888A91A2B87598FBDB561306D63.d.F0E3E9D26B150B4BB1241069A252900F.e.22047/value - {"text":"1335"}
COMMAND: GET /session/e75b3d5d2d0828505fb80b5e18bd174b/screenshot - {}
RESULT: {"text":"1335"}
COMMAND: GET /session/e75b3d5d2d0828505fb80b5e18bd174b/screenshot - {}
RESULT: {}
RESULT: {}
COMMAND: POST /session/e75b3d5d2d0828505fb80b5e18bd174b/element - {"using":"xpath","value":"//li[.//span[text()='1335']]"}
RESULT: {"using":"xpath","value":"//li[.//span[text()='1335']]"}
COMMAND: POST /session/e75b3d5d2d0828505fb80b5e18bd174b/element/f.3CC06888A91A2B87598FBDB561306D63.d.F0E3E9D26B150B4BB1241069A252900F.e.22082/click - {}
RESULT: {}
COMMAND: GET /session/e75b3d5d2d0828505fb80b5e18bd174b/screenshot - {}
RESULT: {}
COMMAND: POST /session/e75b3d5d2d0828505fb80b5e18bd174b/element - {"using":"xpath","value":"//button[@data-kt=\"saveButton\"]"}
RESULT: {"using":"xpath","value":"//button[@data-kt=\"saveButton\"]"}
COMMAND: POST /session/e75b3d5d2d0828505fb80b5e18bd174b/element/f.3CC06888A91A2B87598FBDB561306D63.d.F0E3E9D26B150B4BB1241069A252900F.e.22083/click - {}
RESULT: {}
COMMAND: GET /session/e75b3d5d2d0828505fb80b5e18bd174b/screenshot - {}
RESULT: {}
COMMAND: POST /session/e75b3d5d2d0828505fb80b5e18bd174b/element - {"using":"xpath","value":"//span[contains(@id ,\"contractDetailTitleNoExpanded\")]"}
RESULT: {"using":"xpath","value":"//span[contains(@id ,\"contractDetailTitleNoExpanded\")]"}
COMMAND: POST /session/e75b3d5d2d0828505fb80b5e18bd174b/elements - {"using":"xpath","value":"//span[contains(@id ,\"contractDetailTitleNoExpanded\")]"}
RESULT: {"using":"xpath","value":"//span[contains(@id ,\"contractDetailTitleNoExpanded\")]"}
COMMAND: POST /session/e75b3d5d2d0828505fb80b5e18bd174b/execute/sync - {"script":"<script> [56 bytes]","args":[{"element-6066-11e4-a52e-4f735466cecf":"f.3CC06888A91A2B87598FBDB561306D63.d.F0E3E9D26B150B4BB1241069A252900F.e.22154","ELEMENT":"f.3CC06888A91A2B87598FBDB561306D63.d.F0E3E9D26B150B4BB1241069A252900F.e.22154"}]}
RESULT: {"script":"<script> [56 bytes]","args":[{"element-6066-11e4-a52e-4f735466cecf":"f.3CC06888A91A2B87598FBDB561306D63.d.F0E3E9D26B150B4BB1241069A252900F.e.22154","ELEMENT":"f.3CC06888A91A2B87598FBDB561306D63.d.F0E3E9D26B150B4BB1241069A252900F.e.22154"}]}
COMMAND: GET /session/e75b3d5d2d0828505fb80b5e18bd174b/screenshot - {}
RESULT: {}
]]></system-out>
    </testcase>
    <testcase classname="chrome.136_0_7103_93.windows.Billing_Calculation_-_Time_based_(considering_transport_times)_US139738" name="Should add transport time checkbox on contract details" time="16.147">
      <system-out><![CDATA[
COMMAND: POST /session/e75b3d5d2d0828505fb80b5e18bd174b/element - {"using":"xpath","value":"//button[@data-kt=\"contractDetailEditBtnButton\"]"}
RESULT: {"using":"xpath","value":"//button[@data-kt=\"contractDetailEditBtnButton\"]"}
COMMAND: POST /session/e75b3d5d2d0828505fb80b5e18bd174b/element/f.3CC06888A91A2B87598FBDB561306D63.d.F0E3E9D26B150B4BB1241069A252900F.e.22156/click - {}
RESULT: {}
COMMAND: GET /session/e75b3d5d2d0828505fb80b5e18bd174b/screenshot - {}
RESULT: {}
COMMAND: POST /session/e75b3d5d2d0828505fb80b5e18bd174b/element - {"using":"xpath","value":"(//span[contains(text(), \"Contract Billing\")])[2]"}
RESULT: {"using":"xpath","value":"(//span[contains(text(), \"Contract Billing\")])[2]"}
COMMAND: POST /session/e75b3d5d2d0828505fb80b5e18bd174b/element/f.3CC06888A91A2B87598FBDB561306D63.d.F0E3E9D26B150B4BB1241069A252900F.e.22210/click - {}
RESULT: {}
COMMAND: GET /session/e75b3d5d2d0828505fb80b5e18bd174b/screenshot - {}
RESULT: {}
COMMAND: POST /session/e75b3d5d2d0828505fb80b5e18bd174b/element - {"using":"xpath","value":"(//div[contains(@id, \"transportTimesBilled-CbBg\")])"}
RESULT: {"using":"xpath","value":"(//div[contains(@id, \"transportTimesBilled-CbBg\")])"}
COMMAND: POST /session/e75b3d5d2d0828505fb80b5e18bd174b/element/f.3CC06888A91A2B87598FBDB561306D63.d.F0E3E9D26B150B4BB1241069A252900F.e.22242/click - {}
RESULT: {}
COMMAND: GET /session/e75b3d5d2d0828505fb80b5e18bd174b/screenshot - {}
RESULT: {}
COMMAND: POST /session/e75b3d5d2d0828505fb80b5e18bd174b/element - {"using":"xpath","value":"(//button[@data-kt=\"saveButton\"])[2]"}
RESULT: {"using":"xpath","value":"(//button[@data-kt=\"saveButton\"])[2]"}
COMMAND: POST /session/e75b3d5d2d0828505fb80b5e18bd174b/element/f.3CC06888A91A2B87598FBDB561306D63.d.F0E3E9D26B150B4BB1241069A252900F.e.22243/click - {}
RESULT: {}
COMMAND: GET /session/e75b3d5d2d0828505fb80b5e18bd174b/screenshot - {}
RESULT: {}
]]></system-out>
    </testcase>
    <testcase classname="chrome.136_0_7103_93.windows.Billing_Calculation_-_Time_based_(considering_transport_times)_US139738" name="Should add created equipment to contract" time="46.953">
      <system-out><![CDATA[
COMMAND: POST /session/e75b3d5d2d0828505fb80b5e18bd174b/element - {"using":"xpath","value":"//button[@data-kt=\"contractDetailEditBtnButton\"]"}
RESULT: {"using":"xpath","value":"//button[@data-kt=\"contractDetailEditBtnButton\"]"}
COMMAND: POST /session/e75b3d5d2d0828505fb80b5e18bd174b/element/f.3CC06888A91A2B87598FBDB561306D63.d.F0E3E9D26B150B4BB1241069A252900F.e.22156/click - {}
RESULT: {}
COMMAND: GET /session/e75b3d5d2d0828505fb80b5e18bd174b/screenshot - {}
RESULT: {}
COMMAND: POST /session/e75b3d5d2d0828505fb80b5e18bd174b/element - {"using":"xpath","value":"(//span[contains(text(), \"Additional Addresses\")])[2]"}
RESULT: {"using":"xpath","value":"(//span[contains(text(), \"Additional Addresses\")])[2]"}
COMMAND: POST /session/e75b3d5d2d0828505fb80b5e18bd174b/element/f.3CC06888A91A2B87598FBDB561306D63.d.F0E3E9D26B150B4BB1241069A252900F.e.22259/click - {}
RESULT: {}
COMMAND: GET /session/e75b3d5d2d0828505fb80b5e18bd174b/screenshot - {}
RESULT: {}
COMMAND: POST /session/e75b3d5d2d0828505fb80b5e18bd174b/element - {"using":"xpath","value":"//button[@data-kt=\"btnAddTableRowOverflowToolbarButton\"]"}
RESULT: {"using":"xpath","value":"//button[@data-kt=\"btnAddTableRowOverflowToolbarButton\"]"}
COMMAND: POST /session/e75b3d5d2d0828505fb80b5e18bd174b/element/f.3CC06888A91A2B87598FBDB561306D63.d.F0E3E9D26B150B4BB1241069A252900F.e.22262/click - {}
RESULT: {}
COMMAND: GET /session/e75b3d5d2d0828505fb80b5e18bd174b/screenshot - {}
RESULT: {}
COMMAND: POST /session/e75b3d5d2d0828505fb80b5e18bd174b/element - {"using":"xpath","value":"//div[(text() = 'Standard Entry' or . = 'Standard Entry')]"}
RESULT: {"using":"xpath","value":"//div[(text() = 'Standard Entry' or . = 'Standard Entry')]"}
COMMAND: POST /session/e75b3d5d2d0828505fb80b5e18bd174b/element/f.3CC06888A91A2B87598FBDB561306D63.d.F0E3E9D26B150B4BB1241069A252900F.e.22264/click - {}
RESULT: {}
COMMAND: GET /session/e75b3d5d2d0828505fb80b5e18bd174b/screenshot - {}
RESULT: {}
COMMAND: POST /session/e75b3d5d2d0828505fb80b5e18bd174b/element - {"using":"xpath","value":"//td[7]/div/div/input"}
RESULT: {"using":"xpath","value":"//td[7]/div/div/input"}
COMMAND: POST /session/e75b3d5d2d0828505fb80b5e18bd174b/element/f.3CC06888A91A2B87598FBDB561306D63.d.F0E3E9D26B150B4BB1241069A252900F.e.22273/clear - {}
RESULT: {}
COMMAND: POST /session/e75b3d5d2d0828505fb80b5e18bd174b/element/f.3CC06888A91A2B87598FBDB561306D63.d.F0E3E9D26B150B4BB1241069A252900F.e.22273/value - {"text":"ATElpknzHj"}
COMMAND: GET /session/e75b3d5d2d0828505fb80b5e18bd174b/screenshot - {}
RESULT: {"text":"ATElpknzHj"}
COMMAND: GET /session/e75b3d5d2d0828505fb80b5e18bd174b/screenshot - {}
RESULT: {}
RESULT: {}
COMMAND: POST /session/e75b3d5d2d0828505fb80b5e18bd174b/actions - {"actions":[{"id":"action77","type":"key","parameters":{},"actions":[{"type":"keyDown","value":"î€‡"},{"type":"pause","duration":10},{"type":"keyUp","value":"î€‡"}]}]}
RESULT: {"actions":[{"id":"action77","type":"key","parameters":{},"actions":[{"type":"keyDown","value":"î€‡"},{"type":"pause","duration":10},{"type":"keyUp","value":"î€‡"}]}]}
COMMAND: GET /session/e75b3d5d2d0828505fb80b5e18bd174b/screenshot - {}
RESULT: {}
COMMAND: POST /session/e75b3d5d2d0828505fb80b5e18bd174b/execute/sync - {"script":"<script> [276 bytes]","args":["No pricing information was found"]}
RESULT: {"script":"<script> [276 bytes]","args":["No pricing information was found"]}
COMMAND: POST /session/e75b3d5d2d0828505fb80b5e18bd174b/element - {"using":"xpath","value":"(//button[@data-kt=\"saveButton\"])[2]"}
COMMAND: GET /session/e75b3d5d2d0828505fb80b5e18bd174b/screenshot - {}
RESULT: {"using":"xpath","value":"(//button[@data-kt=\"saveButton\"])[2]"}
COMMAND: POST /session/e75b3d5d2d0828505fb80b5e18bd174b/element/f.3CC06888A91A2B87598FBDB561306D63.d.F0E3E9D26B150B4BB1241069A252900F.e.22243/click - {}
RESULT: {}
RESULT: {}
COMMAND: GET /session/e75b3d5d2d0828505fb80b5e18bd174b/screenshot - {}
RESULT: {}
COMMAND: POST /session/e75b3d5d2d0828505fb80b5e18bd174b/execute/sync - {"script":"<script> [276 bytes]","args":["Some contract items are having rental validity exceeding header rental validity"]}
RESULT: {"script":"<script> [276 bytes]","args":["Some contract items are having rental validity exceeding header rental validity"]}
COMMAND: GET /session/e75b3d5d2d0828505fb80b5e18bd174b/screenshot - {}
RESULT: {}
COMMAND: POST /session/e75b3d5d2d0828505fb80b5e18bd174b/element - {"using":"xpath","value":"//span[contains(@id ,\"contractItemsSmartTable-header-inner\")]"}
RESULT: {"using":"xpath","value":"//span[contains(@id ,\"contractItemsSmartTable-header-inner\")]"}
COMMAND: POST /session/e75b3d5d2d0828505fb80b5e18bd174b/elements - {"using":"xpath","value":"//span[contains(@id ,\"contractItemsSmartTable-header-inner\")]"}
RESULT: {"using":"xpath","value":"//span[contains(@id ,\"contractItemsSmartTable-header-inner\")]"}
COMMAND: POST /session/e75b3d5d2d0828505fb80b5e18bd174b/execute/sync - {"script":"<script> [56 bytes]","args":[{"element-6066-11e4-a52e-4f735466cecf":"f.3CC06888A91A2B87598FBDB561306D63.d.F0E3E9D26B150B4BB1241069A252900F.e.22293","ELEMENT":"f.3CC06888A91A2B87598FBDB561306D63.d.F0E3E9D26B150B4BB1241069A252900F.e.22293"}]}
RESULT: {"script":"<script> [56 bytes]","args":[{"element-6066-11e4-a52e-4f735466cecf":"f.3CC06888A91A2B87598FBDB561306D63.d.F0E3E9D26B150B4BB1241069A252900F.e.22293","ELEMENT":"f.3CC06888A91A2B87598FBDB561306D63.d.F0E3E9D26B150B4BB1241069A252900F.e.22293"}]}
]]></system-out>
    </testcase>
    <testcase classname="chrome.136_0_7103_93.windows.Billing_Calculation_-_Time_based_(considering_transport_times)_US139738" name="Should do a provide to site 2 step" time="139.013">
      <system-out><![CDATA[
COMMAND: POST /session/e75b3d5d2d0828505fb80b5e18bd174b/element - {"using":"xpath","value":"//button[@data-kt=\"provideButton\"]"}
COMMAND: GET /session/e75b3d5d2d0828505fb80b5e18bd174b/screenshot - {}
RESULT: {"using":"xpath","value":"//button[@data-kt=\"provideButton\"]"}
COMMAND: POST /session/e75b3d5d2d0828505fb80b5e18bd174b/element/f.3CC06888A91A2B87598FBDB561306D63.d.F0E3E9D26B150B4BB1241069A252900F.e.22294/click - {}
RESULT: {}
RESULT: {}
COMMAND: GET /session/e75b3d5d2d0828505fb80b5e18bd174b/screenshot - {}
RESULT: {}
COMMAND: POST /session/e75b3d5d2d0828505fb80b5e18bd174b/element - {"using":"xpath","value":"(//div[contains(@id, \"application-managehandovers-display-component---AddNewHO--oneStep-CbBg\")])"}
RESULT: {"using":"xpath","value":"(//div[contains(@id, \"application-managehandovers-display-component---AddNewHO--oneStep-CbBg\")])"}
COMMAND: POST /session/e75b3d5d2d0828505fb80b5e18bd174b/element - {"using":"xpath","value":"(//div[contains(@id, \"application-managehandovers-display-component---AddNewHO--oneStep-CbBg\")])/input"}
RESULT: {"using":"xpath","value":"(//div[contains(@id, \"application-managehandovers-display-component---AddNewHO--oneStep-CbBg\")])/input"}
COMMAND: GET /session/e75b3d5d2d0828505fb80b5e18bd174b/element/f.3CC06888A91A2B87598FBDB561306D63.d.F0E3E9D26B150B4BB1241069A252900F.e.22353/attribute/checked - {}
RESULT: {}
RESULT: undefined
COMMAND: POST /session/e75b3d5d2d0828505fb80b5e18bd174b/execute/async - {"script":"<script> [6424 bytes]","args":[{"element-6066-11e4-a52e-4f735466cecf":"f.3CC06888A91A2B87598FBDB561306D63.d.F0E3E9D26B150B4BB1241069A252900F.e.21233"},"setValue",["5/19/25"]]}
COMMAND: POST /session/e75b3d5d2d0828505fb80b5e18bd174b/element/f.3CC06888A91A2B87598FBDB561306D63.d.F0E3E9D26B150B4BB1241069A252900F.e.22602/click - {}
COMMAND: POST /session/e75b3d5d2d0828505fb80b5e18bd174b/execute/async - {"script":"<script> [1562 bytes]","args":[{"selector":{"id":"application-managehandovers-display-component---AddNewHO--dueDate","interaction":{"idSuffix":"inner"}},"wdio_ui5_key":"applicationmanagehandovers-display-component---AddNewHO--dueDate"}]}
RESULT: {}
COMMAND: GET /session/e75b3d5d2d0828505fb80b5e18bd174b/screenshot - {}
RESULT: {"script":"<script> [1562 bytes]","args":[{"selector":{"id":"application-managehandovers-display-component---AddNewHO--dueDate","interaction":{"idSuffix":"inner"}},"wdio_ui5_key":"applicationmanagehandovers-display-component---AddNewHO--dueDate"}]}
COMMAND: POST /session/e75b3d5d2d0828505fb80b5e18bd174b/execute/async - {"script":"<script> [6424 bytes]","args":[{"element-6066-11e4-a52e-4f735466cecf":"f.3CC06888A91A2B87598FBDB561306D63.d.F0E3E9D26B150B4BB1241069A252900F.e.22351"},"setValue",["5/19/25"]]}
RESULT: {}
RESULT: {"script":"<script> [6424 bytes]","args":[{"element-6066-11e4-a52e-4f735466cecf":"f.3CC06888A91A2B87598FBDB561306D63.d.F0E3E9D26B150B4BB1241069A252900F.e.22351"},"setValue",["5/19/25"]]}
COMMAND: POST /session/e75b3d5d2d0828505fb80b5e18bd174b/element - {"using":"xpath","value":"//bdi[contains(text(), \"Instructions\")]"}
RESULT: {"using":"xpath","value":"//bdi[contains(text(), \"Instructions\")]"}
COMMAND: POST /session/e75b3d5d2d0828505fb80b5e18bd174b/element/f.3CC06888A91A2B87598FBDB561306D63.d.F0E3E9D26B150B4BB1241069A252900F.e.22604/click - {}
RESULT: {}
COMMAND: GET /session/e75b3d5d2d0828505fb80b5e18bd174b/screenshot - {}
RESULT: {}
COMMAND: POST /session/e75b3d5d2d0828505fb80b5e18bd174b/element - {"using":"xpath","value":"//button[@data-kt=\"AddNewHOProvideAddItemsButton\"]"}
RESULT: {"using":"xpath","value":"//button[@data-kt=\"AddNewHOProvideAddItemsButton\"]"}
COMMAND: POST /session/e75b3d5d2d0828505fb80b5e18bd174b/element/f.3CC06888A91A2B87598FBDB561306D63.d.F0E3E9D26B150B4BB1241069A252900F.e.22609/click - {}
RESULT: {}
COMMAND: GET /session/e75b3d5d2d0828505fb80b5e18bd174b/screenshot - {}
RESULT: {}
RESULT: undefined
COMMAND: POST /session/e75b3d5d2d0828505fb80b5e18bd174b/element - {"using":"xpath","value":"//*[@id=\"application-managehandovers-display-component---AddNewHO--popup-sa\"]"}
RESULT: {"using":"xpath","value":"//*[@id=\"application-managehandovers-display-component---AddNewHO--popup-sa\"]"}
COMMAND: POST /session/e75b3d5d2d0828505fb80b5e18bd174b/element/f.3CC06888A91A2B87598FBDB561306D63.d.F0E3E9D26B150B4BB1241069A252900F.e.22623/click - {}
RESULT: {}
COMMAND: GET /session/e75b3d5d2d0828505fb80b5e18bd174b/screenshot - {}
RESULT: {}
COMMAND: POST /session/e75b3d5d2d0828505fb80b5e18bd174b/element - {"using":"xpath","value":"//*[contains(@id ,\"BDI-content\")][contains(text(), \"Select\")]"}
RESULT: {"using":"xpath","value":"//*[contains(@id ,\"BDI-content\")][contains(text(), \"Select\")]"}
COMMAND: POST /session/e75b3d5d2d0828505fb80b5e18bd174b/element/f.3CC06888A91A2B87598FBDB561306D63.d.F0E3E9D26B150B4BB1241069A252900F.e.22625/click - {}
RESULT: {}
COMMAND: GET /session/e75b3d5d2d0828505fb80b5e18bd174b/screenshot - {}
RESULT: {}
COMMAND: POST /session/e75b3d5d2d0828505fb80b5e18bd174b/execute/async - {"script":"<script> [1562 bytes]","args":[{"selector":{"id":"application-managehandovers-display-component---AddNewHO--confirmCreationButton","interaction":{"idSuffix":"BDI-content"}},"wdio_ui5_key":"applicationmanagehandovers-display-component---AddNewHO--confirmCreationButton"}]}
RESULT: {"script":"<script> [1562 bytes]","args":[{"selector":{"id":"application-managehandovers-display-component---AddNewHO--confirmCreationButton","interaction":{"idSuffix":"BDI-content"}},"wdio_ui5_key":"applicationmanagehandovers-display-component---AddNewHO--confirmCreationButton"}]}
RESULT: undefined
COMMAND: POST /session/e75b3d5d2d0828505fb80b5e18bd174b/element - {"using":"xpath","value":"//*[@id=\"application-managehandovers-display-component---AddNewHO--confirmCreationButton\"]"}
RESULT: {"using":"xpath","value":"//*[@id=\"application-managehandovers-display-component---AddNewHO--confirmCreationButton\"]"}
COMMAND: POST /session/e75b3d5d2d0828505fb80b5e18bd174b/element/f.3CC06888A91A2B87598FBDB561306D63.d.F0E3E9D26B150B4BB1241069A252900F.e.22415/click - {}
RESULT: {}
COMMAND: GET /session/e75b3d5d2d0828505fb80b5e18bd174b/screenshot - {}
RESULT: {}
COMMAND: POST /session/e75b3d5d2d0828505fb80b5e18bd174b/execute/async - {"script":"<script> [1562 bytes]","args":[{"selector":{"id":"issueDatePicker","viewName":"etm.portal.ui.managehandovers.view.DetailExecuteHO","interaction":{"idSuffix":"inner"}},"wdio_ui5_key":"issueDatePickeretmportal.ui.managehandovers.view.DetailExecuteHO"}]}
RESULT: {"script":"<script> [1562 bytes]","args":[{"selector":{"id":"issueDatePicker","viewName":"etm.portal.ui.managehandovers.view.DetailExecuteHO","interaction":{"idSuffix":"inner"}},"wdio_ui5_key":"issueDatePickeretmportal.ui.managehandovers.view.DetailExecuteHO"}]}
RESULT: undefined
COMMAND: POST /session/e75b3d5d2d0828505fb80b5e18bd174b/execute/async - {"script":"<script> [776 bytes]","args":[{"enterText":"5/19/25","selector":{"id":"issueDatePicker","viewName":"etm.portal.ui.managehandovers.view.DetailExecuteHO","interaction":{"idSuffix":"inner"}},"clearTextFirst":true,"interactionType":"ENTER_TEXT"}]}
RESULT: {"script":"<script> [776 bytes]","args":[{"enterText":"5/19/25","selector":{"id":"issueDatePicker","viewName":"etm.portal.ui.managehandovers.view.DetailExecuteHO","interaction":{"idSuffix":"inner"}},"clearTextFirst":true,"interactionType":"ENTER_TEXT"}]}
COMMAND: POST /session/e75b3d5d2d0828505fb80b5e18bd174b/element - {"using":"xpath","value":"//bdi[contains(text(), \"OK\")]"}
RESULT: {"using":"xpath","value":"//bdi[contains(text(), \"OK\")]"}
COMMAND: POST /session/e75b3d5d2d0828505fb80b5e18bd174b/element/f.3CC06888A91A2B87598FBDB561306D63.d.F0E3E9D26B150B4BB1241069A252900F.e.22670/click - {}
RESULT: {}
COMMAND: GET /session/e75b3d5d2d0828505fb80b5e18bd174b/screenshot - {}
RESULT: {}
COMMAND: POST /session/e75b3d5d2d0828505fb80b5e18bd174b/element - {"using":"xpath","value":"//button[@data-kt=\"PickingTableConfirmAllButton\"]"}
RESULT: {"using":"xpath","value":"//button[@data-kt=\"PickingTableConfirmAllButton\"]"}
COMMAND: POST /session/e75b3d5d2d0828505fb80b5e18bd174b/element/f.3CC06888A91A2B87598FBDB561306D63.d.F0E3E9D26B150B4BB1241069A252900F.e.22676/click - {}
RESULT: {}
COMMAND: GET /session/e75b3d5d2d0828505fb80b5e18bd174b/screenshot - {}
RESULT: {}
COMMAND: POST /session/e75b3d5d2d0828505fb80b5e18bd174b/element - {"using":"xpath","value":"//bdi[contains(text(), \"OK\")]"}
RESULT: {"using":"xpath","value":"//bdi[contains(text(), \"OK\")]"}
COMMAND: POST /session/e75b3d5d2d0828505fb80b5e18bd174b/element/f.3CC06888A91A2B87598FBDB561306D63.d.F0E3E9D26B150B4BB1241069A252900F.e.22680/click - {}
RESULT: {}
COMMAND: GET /session/e75b3d5d2d0828505fb80b5e18bd174b/screenshot - {}
RESULT: {}
COMMAND: POST /session/e75b3d5d2d0828505fb80b5e18bd174b/element - {"using":"xpath","value":"//button[@data-kt=\"execHoPickButton\"]"}
RESULT: {"using":"xpath","value":"//button[@data-kt=\"execHoPickButton\"]"}
COMMAND: POST /session/e75b3d5d2d0828505fb80b5e18bd174b/element/f.3CC06888A91A2B87598FBDB561306D63.d.F0E3E9D26B150B4BB1241069A252900F.e.22681/click - {}
RESULT: {}
COMMAND: GET /session/e75b3d5d2d0828505fb80b5e18bd174b/screenshot - {}
RESULT: {}
COMMAND: POST /session/e75b3d5d2d0828505fb80b5e18bd174b/element - {"using":"xpath","value":"//span[contains(@id ,\"filterItemControl_BASIC-RECEIVE_CONTRACT-vhi\")]"}
RESULT: {"using":"xpath","value":"//span[contains(@id ,\"filterItemControl_BASIC-RECEIVE_CONTRACT-vhi\")]"}
COMMAND: POST /session/e75b3d5d2d0828505fb80b5e18bd174b/element/f.3CC06888A91A2B87598FBDB561306D63.d.F0E3E9D26B150B4BB1241069A252900F.e.22858/click - {}
RESULT: {}
COMMAND: GET /session/e75b3d5d2d0828505fb80b5e18bd174b/screenshot - {}
RESULT: {}
COMMAND: POST /session/e75b3d5d2d0828505fb80b5e18bd174b/execute/async - {"script":"<script> [1562 bytes]","args":[{"selector":{"controlType":"sap.m.SearchField","viewName":"etm.portal.ui.managehandovers.view.MasterHO","bindingPath":{"path":"","propertyPath":"/_BASIC_SEARCH_FIELD","modelName":"fi1t3rM0d31"},"searchOpenDialogs":true,"interaction":{"idSuffix":"I"}},"wdio_ui5_key":"etmportal.ui.managehandovers.view.MasterHOsap.m.SearchField{\"path\":\"\",\"propertyPath\":\"/_BASIC_SEARCH_FIELD\",\"modelName\":\"fi1t3rM0d31\"}"}]}
RESULT: {"script":"<script> [1562 bytes]","args":[{"selector":{"controlType":"sap.m.SearchField","viewName":"etm.portal.ui.managehandovers.view.MasterHO","bindingPath":{"path":"","propertyPath":"/_BASIC_SEARCH_FIELD","modelName":"fi1t3rM0d31"},"searchOpenDialogs":true,"interaction":{"idSuffix":"I"}},"wdio_ui5_key":"etmportal.ui.managehandovers.view.MasterHOsap.m.SearchField{\"path\":\"\",\"propertyPath\":\"/_BASIC_SEARCH_FIELD\",\"modelName\":\"fi1t3rM0d31\"}"}]}
RESULT: undefined
COMMAND: POST /session/e75b3d5d2d0828505fb80b5e18bd174b/execute/async - {"script":"<script> [776 bytes]","args":[{"enterText":"10404","selector":{"controlType":"sap.m.SearchField","viewName":"etm.portal.ui.managehandovers.view.MasterHO","bindingPath":{"path":"","propertyPath":"/_BASIC_SEARCH_FIELD","modelName":"fi1t3rM0d31"},"searchOpenDialogs":true,"interaction":{"idSuffix":"I"}},"clearTextFirst":true,"interactionType":"ENTER_TEXT"}]}
RESULT: {"script":"<script> [776 bytes]","args":[{"enterText":"10404","selector":{"controlType":"sap.m.SearchField","viewName":"etm.portal.ui.managehandovers.view.MasterHO","bindingPath":{"path":"","propertyPath":"/_BASIC_SEARCH_FIELD","modelName":"fi1t3rM0d31"},"searchOpenDialogs":true,"interaction":{"idSuffix":"I"}},"clearTextFirst":true,"interactionType":"ENTER_TEXT"}]}
COMMAND: POST /session/e75b3d5d2d0828505fb80b5e18bd174b/actions - {"actions":[{"id":"action78","type":"key","parameters":{},"actions":[{"type":"keyDown","value":"î€‡"},{"type":"pause","duration":10},{"type":"keyUp","value":"î€‡"}]}]}
RESULT: {"actions":[{"id":"action78","type":"key","parameters":{},"actions":[{"type":"keyDown","value":"î€‡"},{"type":"pause","duration":10},{"type":"keyUp","value":"î€‡"}]}]}
COMMAND: GET /session/e75b3d5d2d0828505fb80b5e18bd174b/screenshot - {}
RESULT: {}
COMMAND: POST /session/e75b3d5d2d0828505fb80b5e18bd174b/element - {"using":"xpath","value":"//div[contains(@id, 'filterItemControl_BASIC-RECEIVE_CONTRACT-valueHelpDialog-table-rowsel0')]"}
RESULT: {"using":"xpath","value":"//div[contains(@id, 'filterItemControl_BASIC-RECEIVE_CONTRACT-valueHelpDialog-table-rowsel0')]"}
COMMAND: POST /session/e75b3d5d2d0828505fb80b5e18bd174b/element/f.3CC06888A91A2B87598FBDB561306D63.d.F0E3E9D26B150B4BB1241069A252900F.e.22867/click - {}
RESULT: {}
COMMAND: GET /session/e75b3d5d2d0828505fb80b5e18bd174b/screenshot - {}
RESULT: {}
COMMAND: POST /session/e75b3d5d2d0828505fb80b5e18bd174b/element - {"using":"xpath","value":"//bdi[contains(text(), \"OK\")]"}
RESULT: {"using":"xpath","value":"//bdi[contains(text(), \"OK\")]"}
COMMAND: POST /session/e75b3d5d2d0828505fb80b5e18bd174b/element/f.3CC06888A91A2B87598FBDB561306D63.d.F0E3E9D26B150B4BB1241069A252900F.e.22869/click - {}
RESULT: {}
COMMAND: GET /session/e75b3d5d2d0828505fb80b5e18bd174b/screenshot - {}
RESULT: {}
COMMAND: POST /session/e75b3d5d2d0828505fb80b5e18bd174b/element - {"using":"xpath","value":"//span[contains(@id, \"smartTable-header-inner\")]"}
RESULT: {"using":"xpath","value":"//span[contains(@id, \"smartTable-header-inner\")]"}
COMMAND: POST /session/e75b3d5d2d0828505fb80b5e18bd174b/elements - {"using":"xpath","value":"//span[contains(@id, \"smartTable-header-inner\")]"}
RESULT: {"using":"xpath","value":"//span[contains(@id, \"smartTable-header-inner\")]"}
COMMAND: POST /session/e75b3d5d2d0828505fb80b5e18bd174b/execute/sync - {"script":"<script> [56 bytes]","args":[{"element-6066-11e4-a52e-4f735466cecf":"f.3CC06888A91A2B87598FBDB561306D63.d.F0E3E9D26B150B4BB1241069A252900F.e.22897","ELEMENT":"f.3CC06888A91A2B87598FBDB561306D63.d.F0E3E9D26B150B4BB1241069A252900F.e.22897"}]}
RESULT: {"script":"<script> [56 bytes]","args":[{"element-6066-11e4-a52e-4f735466cecf":"f.3CC06888A91A2B87598FBDB561306D63.d.F0E3E9D26B150B4BB1241069A252900F.e.22897","ELEMENT":"f.3CC06888A91A2B87598FBDB561306D63.d.F0E3E9D26B150B4BB1241069A252900F.e.22897"}]}
COMMAND: POST /session/e75b3d5d2d0828505fb80b5e18bd174b/element - {"using":"xpath","value":"//table[contains(@id, \"customHandovers\")]//tbody/tr[1]/td[2]/span"}
COMMAND: GET /session/e75b3d5d2d0828505fb80b5e18bd174b/screenshot - {}
RESULT: {"using":"xpath","value":"//table[contains(@id, \"customHandovers\")]//tbody/tr[1]/td[2]/span"}
COMMAND: POST /session/e75b3d5d2d0828505fb80b5e18bd174b/execute/sync - {"script":"<script> [56 bytes]","args":[{"element-6066-11e4-a52e-4f735466cecf":"f.3CC06888A91A2B87598FBDB561306D63.d.F0E3E9D26B150B4BB1241069A252900F.e.22898","ELEMENT":"f.3CC06888A91A2B87598FBDB561306D63.d.F0E3E9D26B150B4BB1241069A252900F.e.22898"}]}
RESULT: {}
RESULT: {"script":"<script> [56 bytes]","args":[{"element-6066-11e4-a52e-4f735466cecf":"f.3CC06888A91A2B87598FBDB561306D63.d.F0E3E9D26B150B4BB1241069A252900F.e.22898","ELEMENT":"f.3CC06888A91A2B87598FBDB561306D63.d.F0E3E9D26B150B4BB1241069A252900F.e.22898"}]}
COMMAND: POST /session/e75b3d5d2d0828505fb80b5e18bd174b/element - {"using":"xpath","value":"(//span[contains(@id, \"imgNav\")])[1]"}
COMMAND: GET /session/e75b3d5d2d0828505fb80b5e18bd174b/screenshot - {}
RESULT: {"using":"xpath","value":"(//span[contains(@id, \"imgNav\")])[1]"}
COMMAND: POST /session/e75b3d5d2d0828505fb80b5e18bd174b/element/f.3CC06888A91A2B87598FBDB561306D63.d.F0E3E9D26B150B4BB1241069A252900F.e.22895/click - {}
RESULT: {}
RESULT: {}
COMMAND: GET /session/e75b3d5d2d0828505fb80b5e18bd174b/screenshot - {}
RESULT: {}
RESULT: undefined
COMMAND: POST /session/e75b3d5d2d0828505fb80b5e18bd174b/execute/async - {"script":"<script> [776 bytes]","args":[{"enterText":"5/19/25","selector":{"id":"issueDatePicker","viewName":"etm.portal.ui.managehandovers.view.DetailExecuteHO","interaction":{"idSuffix":"inner"}},"clearTextFirst":true,"interactionType":"ENTER_TEXT"}]}
RESULT: {"script":"<script> [776 bytes]","args":[{"enterText":"5/19/25","selector":{"id":"issueDatePicker","viewName":"etm.portal.ui.managehandovers.view.DetailExecuteHO","interaction":{"idSuffix":"inner"}},"clearTextFirst":true,"interactionType":"ENTER_TEXT"}]}
COMMAND: POST /session/e75b3d5d2d0828505fb80b5e18bd174b/element - {"using":"xpath","value":"//button[@data-kt=\"PickingTableConfirmAllButton\"]"}
RESULT: {"using":"xpath","value":"//button[@data-kt=\"PickingTableConfirmAllButton\"]"}
COMMAND: POST /session/e75b3d5d2d0828505fb80b5e18bd174b/element/f.3CC06888A91A2B87598FBDB561306D63.d.F0E3E9D26B150B4BB1241069A252900F.e.22916/click - {}
RESULT: {}
COMMAND: GET /session/e75b3d5d2d0828505fb80b5e18bd174b/screenshot - {}
RESULT: {}
COMMAND: POST /session/e75b3d5d2d0828505fb80b5e18bd174b/element - {"using":"xpath","value":"//bdi[contains(text(), \"OK\")]"}
RESULT: {"using":"xpath","value":"//bdi[contains(text(), \"OK\")]"}
COMMAND: POST /session/e75b3d5d2d0828505fb80b5e18bd174b/element/f.3CC06888A91A2B87598FBDB561306D63.d.F0E3E9D26B150B4BB1241069A252900F.e.22943/click - {}
RESULT: {}
COMMAND: GET /session/e75b3d5d2d0828505fb80b5e18bd174b/screenshot - {}
RESULT: {}
COMMAND: POST /session/e75b3d5d2d0828505fb80b5e18bd174b/element - {"using":"xpath","value":"//button[@data-kt=\"execHoIssueButton\"]"}
RESULT: {"using":"xpath","value":"//button[@data-kt=\"execHoIssueButton\"]"}
COMMAND: POST /session/e75b3d5d2d0828505fb80b5e18bd174b/element/f.3CC06888A91A2B87598FBDB561306D63.d.F0E3E9D26B150B4BB1241069A252900F.e.22945/click - {}
RESULT: {}
COMMAND: GET /session/e75b3d5d2d0828505fb80b5e18bd174b/screenshot - {}
RESULT: {}
COMMAND: POST /session/e75b3d5d2d0828505fb80b5e18bd174b/element - {"using":"xpath","value":"//input[contains(@id ,\"smartFilterBar-btnBasicSearch-I\")]"}
RESULT: {"using":"xpath","value":"//input[contains(@id ,\"smartFilterBar-btnBasicSearch-I\")]"}
COMMAND: POST /session/e75b3d5d2d0828505fb80b5e18bd174b/elements - {"using":"xpath","value":"//input[contains(@id ,\"smartFilterBar-btnBasicSearch-I\")]"}
RESULT: {"using":"xpath","value":"//input[contains(@id ,\"smartFilterBar-btnBasicSearch-I\")]"}
COMMAND: POST /session/e75b3d5d2d0828505fb80b5e18bd174b/execute/sync - {"script":"<script> [8489 bytes]","args":[{"element-6066-11e4-a52e-4f735466cecf":"f.3CC06888A91A2B87598FBDB561306D63.d.F0E3E9D26B150B4BB1241069A252900F.e.22350","ELEMENT":"f.3CC06888A91A2B87598FBDB561306D63.d.F0E3E9D26B150B4BB1241069A252900F.e.22350"}]}
RESULT: {"script":"<script> [8489 bytes]","args":[{"element-6066-11e4-a52e-4f735466cecf":"f.3CC06888A91A2B87598FBDB561306D63.d.F0E3E9D26B150B4BB1241069A252900F.e.22350","ELEMENT":"f.3CC06888A91A2B87598FBDB561306D63.d.F0E3E9D26B150B4BB1241069A252900F.e.22350"}]}
COMMAND: GET /session/e75b3d5d2d0828505fb80b5e18bd174b/element/f.3CC06888A91A2B87598FBDB561306D63.d.F0E3E9D26B150B4BB1241069A252900F.e.22350/enabled - {}
COMMAND: GET /session/e75b3d5d2d0828505fb80b5e18bd174b/screenshot - {}
RESULT: {}
COMMAND: POST /session/e75b3d5d2d0828505fb80b5e18bd174b/element/f.3CC06888A91A2B87598FBDB561306D63.d.F0E3E9D26B150B4BB1241069A252900F.e.22350/clear - {}
COMMAND: GET /session/e75b3d5d2d0828505fb80b5e18bd174b/screenshot - {}
RESULT: {}
RESULT: {}
COMMAND: POST /session/e75b3d5d2d0828505fb80b5e18bd174b/element/f.3CC06888A91A2B87598FBDB561306D63.d.F0E3E9D26B150B4BB1241069A252900F.e.22350/value - {"text":"30782"}
COMMAND: GET /session/e75b3d5d2d0828505fb80b5e18bd174b/screenshot - {}
RESULT: {}
RESULT: {"text":"30782"}
COMMAND: GET /session/e75b3d5d2d0828505fb80b5e18bd174b/screenshot - {}
RESULT: {}
RESULT: {}
COMMAND: POST /session/e75b3d5d2d0828505fb80b5e18bd174b/actions - {"actions":[{"id":"action79","type":"key","parameters":{},"actions":[{"type":"keyDown","value":"î€‡"},{"type":"pause","duration":10},{"type":"keyUp","value":"î€‡"}]}]}
RESULT: {"actions":[{"id":"action79","type":"key","parameters":{},"actions":[{"type":"keyDown","value":"î€‡"},{"type":"pause","duration":10},{"type":"keyUp","value":"î€‡"}]}]}
COMMAND: GET /session/e75b3d5d2d0828505fb80b5e18bd174b/screenshot - {}
RESULT: {}
COMMAND: POST /session/e75b3d5d2d0828505fb80b5e18bd174b/element - {"using":"xpath","value":"//span[contains(@id, \"smartTable-header-inner\")]"}
RESULT: {"using":"xpath","value":"//span[contains(@id, \"smartTable-header-inner\")]"}
COMMAND: POST /session/e75b3d5d2d0828505fb80b5e18bd174b/elements - {"using":"xpath","value":"//span[contains(@id, \"smartTable-header-inner\")]"}
RESULT: {"using":"xpath","value":"//span[contains(@id, \"smartTable-header-inner\")]"}
COMMAND: POST /session/e75b3d5d2d0828505fb80b5e18bd174b/execute/sync - {"script":"<script> [56 bytes]","args":[{"element-6066-11e4-a52e-4f735466cecf":"f.3CC06888A91A2B87598FBDB561306D63.d.F0E3E9D26B150B4BB1241069A252900F.e.22897","ELEMENT":"f.3CC06888A91A2B87598FBDB561306D63.d.F0E3E9D26B150B4BB1241069A252900F.e.22897"}]}
RESULT: {"script":"<script> [56 bytes]","args":[{"element-6066-11e4-a52e-4f735466cecf":"f.3CC06888A91A2B87598FBDB561306D63.d.F0E3E9D26B150B4BB1241069A252900F.e.22897","ELEMENT":"f.3CC06888A91A2B87598FBDB561306D63.d.F0E3E9D26B150B4BB1241069A252900F.e.22897"}]}
COMMAND: POST /session/e75b3d5d2d0828505fb80b5e18bd174b/elements - {"using":"xpath","value":"//thead[contains(@class, \"sapMTableTH\")]/tr/th"}
COMMAND: GET /session/e75b3d5d2d0828505fb80b5e18bd174b/screenshot - {}
RESULT: {"using":"xpath","value":"//thead[contains(@class, \"sapMTableTH\")]/tr/th"}
COMMAND: GET /session/e75b3d5d2d0828505fb80b5e18bd174b/element/f.3CC06888A91A2B87598FBDB561306D63.d.F0E3E9D26B150B4BB1241069A252900F.e.22982/text - {}
RESULT: {}
RESULT: {}
COMMAND: GET /session/e75b3d5d2d0828505fb80b5e18bd174b/element/f.3CC06888A91A2B87598FBDB561306D63.d.F0E3E9D26B150B4BB1241069A252900F.e.22983/text - {}
RESULT: {}
COMMAND: GET /session/e75b3d5d2d0828505fb80b5e18bd174b/element/f.3CC06888A91A2B87598FBDB561306D63.d.F0E3E9D26B150B4BB1241069A252900F.e.22381/text - {}
RESULT: {}
COMMAND: GET /session/e75b3d5d2d0828505fb80b5e18bd174b/element/f.3CC06888A91A2B87598FBDB561306D63.d.F0E3E9D26B150B4BB1241069A252900F.e.22383/text - {}
RESULT: {}
COMMAND: GET /session/e75b3d5d2d0828505fb80b5e18bd174b/element/f.3CC06888A91A2B87598FBDB561306D63.d.F0E3E9D26B150B4BB1241069A252900F.e.22949/text - {}
RESULT: {}
COMMAND: GET /session/e75b3d5d2d0828505fb80b5e18bd174b/element/f.3CC06888A91A2B87598FBDB561306D63.d.F0E3E9D26B150B4BB1241069A252900F.e.22950/text - {}
RESULT: {}
COMMAND: GET /session/e75b3d5d2d0828505fb80b5e18bd174b/element/f.3CC06888A91A2B87598FBDB561306D63.d.F0E3E9D26B150B4BB1241069A252900F.e.22951/text - {}
RESULT: {}
COMMAND: GET /session/e75b3d5d2d0828505fb80b5e18bd174b/element/f.3CC06888A91A2B87598FBDB561306D63.d.F0E3E9D26B150B4BB1241069A252900F.e.22952/text - {}
RESULT: {}
COMMAND: GET /session/e75b3d5d2d0828505fb80b5e18bd174b/element/f.3CC06888A91A2B87598FBDB561306D63.d.F0E3E9D26B150B4BB1241069A252900F.e.22953/text - {}
RESULT: {}
COMMAND: GET /session/e75b3d5d2d0828505fb80b5e18bd174b/element/f.3CC06888A91A2B87598FBDB561306D63.d.F0E3E9D26B150B4BB1241069A252900F.e.22954/text - {}
RESULT: {}
COMMAND: GET /session/e75b3d5d2d0828505fb80b5e18bd174b/element/f.3CC06888A91A2B87598FBDB561306D63.d.F0E3E9D26B150B4BB1241069A252900F.e.22955/text - {}
RESULT: {}
COMMAND: GET /session/e75b3d5d2d0828505fb80b5e18bd174b/element/f.3CC06888A91A2B87598FBDB561306D63.d.F0E3E9D26B150B4BB1241069A252900F.e.22956/text - {}
RESULT: {}
COMMAND: GET /session/e75b3d5d2d0828505fb80b5e18bd174b/element/f.3CC06888A91A2B87598FBDB561306D63.d.F0E3E9D26B150B4BB1241069A252900F.e.22957/text - {}
RESULT: {}
COMMAND: GET /session/e75b3d5d2d0828505fb80b5e18bd174b/element/f.3CC06888A91A2B87598FBDB561306D63.d.F0E3E9D26B150B4BB1241069A252900F.e.22384/text - {}
RESULT: {}
COMMAND: POST /session/e75b3d5d2d0828505fb80b5e18bd174b/element - {"using":"xpath","value":"//tbody[contains(@id, \"customHandoversTable-tblBody\")]/tr[1]/td[14]/div/span"}
RESULT: {"using":"xpath","value":"//tbody[contains(@id, \"customHandoversTable-tblBody\")]/tr[1]/td[14]/div/span"}
COMMAND: POST /session/e75b3d5d2d0828505fb80b5e18bd174b/execute/sync - {"script":"<script> [56 bytes]","args":[{"element-6066-11e4-a52e-4f735466cecf":"f.3CC06888A91A2B87598FBDB561306D63.d.F0E3E9D26B150B4BB1241069A252900F.e.23035","ELEMENT":"f.3CC06888A91A2B87598FBDB561306D63.d.F0E3E9D26B150B4BB1241069A252900F.e.23035"}]}
RESULT: {"script":"<script> [56 bytes]","args":[{"element-6066-11e4-a52e-4f735466cecf":"f.3CC06888A91A2B87598FBDB561306D63.d.F0E3E9D26B150B4BB1241069A252900F.e.23035","ELEMENT":"f.3CC06888A91A2B87598FBDB561306D63.d.F0E3E9D26B150B4BB1241069A252900F.e.23035"}]}
COMMAND: POST /session/e75b3d5d2d0828505fb80b5e18bd174b/element - {"using":"xpath","value":"(//span[contains(@id, \"imgNav\")])[1]"}
COMMAND: GET /session/e75b3d5d2d0828505fb80b5e18bd174b/screenshot - {}
RESULT: {"using":"xpath","value":"(//span[contains(@id, \"imgNav\")])[1]"}
COMMAND: POST /session/e75b3d5d2d0828505fb80b5e18bd174b/element/f.3CC06888A91A2B87598FBDB561306D63.d.F0E3E9D26B150B4BB1241069A252900F.e.23036/click - {}
RESULT: {}
RESULT: {}
COMMAND: GET /session/e75b3d5d2d0828505fb80b5e18bd174b/screenshot - {}
RESULT: {}
RESULT: undefined
COMMAND: POST /session/e75b3d5d2d0828505fb80b5e18bd174b/execute/async - {"script":"<script> [776 bytes]","args":[{"enterText":"5/26/25","selector":{"id":"receiptDatePicker","viewName":"etm.portal.ui.managehandovers.view.DetailExecuteHO","interaction":{"idSuffix":"inner"}},"clearTextFirst":true,"interactionType":"ENTER_TEXT"}]}
RESULT: {"script":"<script> [776 bytes]","args":[{"enterText":"5/26/25","selector":{"id":"receiptDatePicker","viewName":"etm.portal.ui.managehandovers.view.DetailExecuteHO","interaction":{"idSuffix":"inner"}},"clearTextFirst":true,"interactionType":"ENTER_TEXT"}]}
COMMAND: POST /session/e75b3d5d2d0828505fb80b5e18bd174b/element - {"using":"xpath","value":"//bdi[contains(text(), \"OK\")]"}
RESULT: {"using":"xpath","value":"//bdi[contains(text(), \"OK\")]"}
COMMAND: POST /session/e75b3d5d2d0828505fb80b5e18bd174b/element/f.3CC06888A91A2B87598FBDB561306D63.d.F0E3E9D26B150B4BB1241069A252900F.e.23073/click - {}
RESULT: {}
COMMAND: GET /session/e75b3d5d2d0828505fb80b5e18bd174b/screenshot - {}
RESULT: {}
COMMAND: POST /session/e75b3d5d2d0828505fb80b5e18bd174b/element - {"using":"xpath","value":"//button[@data-kt=\"PickingTableConfirmAllButton\"]"}
RESULT: {"using":"xpath","value":"//button[@data-kt=\"PickingTableConfirmAllButton\"]"}
COMMAND: POST /session/e75b3d5d2d0828505fb80b5e18bd174b/element/f.3CC06888A91A2B87598FBDB561306D63.d.F0E3E9D26B150B4BB1241069A252900F.e.23055/click - {}
RESULT: {}
COMMAND: GET /session/e75b3d5d2d0828505fb80b5e18bd174b/screenshot - {}
RESULT: {}
COMMAND: POST /session/e75b3d5d2d0828505fb80b5e18bd174b/element - {"using":"xpath","value":"//bdi[contains(text(), \"OK\")]"}
RESULT: {"using":"xpath","value":"//bdi[contains(text(), \"OK\")]"}
COMMAND: POST /session/e75b3d5d2d0828505fb80b5e18bd174b/element/f.3CC06888A91A2B87598FBDB561306D63.d.F0E3E9D26B150B4BB1241069A252900F.e.23089/click - {}
RESULT: {}
COMMAND: GET /session/e75b3d5d2d0828505fb80b5e18bd174b/screenshot - {}
RESULT: {}
COMMAND: POST /session/e75b3d5d2d0828505fb80b5e18bd174b/element - {"using":"xpath","value":"//button[@data-kt= \"execHoReceiveButton\"]"}
RESULT: {"using":"xpath","value":"//button[@data-kt= \"execHoReceiveButton\"]"}
COMMAND: POST /session/e75b3d5d2d0828505fb80b5e18bd174b/element/f.3CC06888A91A2B87598FBDB561306D63.d.F0E3E9D26B150B4BB1241069A252900F.e.23090/click - {}
RESULT: {}
COMMAND: GET /session/e75b3d5d2d0828505fb80b5e18bd174b/screenshot - {}
RESULT: {}
COMMAND: POST /session/e75b3d5d2d0828505fb80b5e18bd174b/element - {"using":"xpath","value":"//input[contains(@id ,\"smartFilterBar-btnBasicSearch-I\")]"}
RESULT: {"using":"xpath","value":"//input[contains(@id ,\"smartFilterBar-btnBasicSearch-I\")]"}
COMMAND: POST /session/e75b3d5d2d0828505fb80b5e18bd174b/elements - {"using":"xpath","value":"//input[contains(@id ,\"smartFilterBar-btnBasicSearch-I\")]"}
RESULT: {"using":"xpath","value":"//input[contains(@id ,\"smartFilterBar-btnBasicSearch-I\")]"}
COMMAND: POST /session/e75b3d5d2d0828505fb80b5e18bd174b/execute/sync - {"script":"<script> [8489 bytes]","args":[{"element-6066-11e4-a52e-4f735466cecf":"f.3CC06888A91A2B87598FBDB561306D63.d.F0E3E9D26B150B4BB1241069A252900F.e.22350","ELEMENT":"f.3CC06888A91A2B87598FBDB561306D63.d.F0E3E9D26B150B4BB1241069A252900F.e.22350"}]}
RESULT: {"script":"<script> [8489 bytes]","args":[{"element-6066-11e4-a52e-4f735466cecf":"f.3CC06888A91A2B87598FBDB561306D63.d.F0E3E9D26B150B4BB1241069A252900F.e.22350","ELEMENT":"f.3CC06888A91A2B87598FBDB561306D63.d.F0E3E9D26B150B4BB1241069A252900F.e.22350"}]}
COMMAND: GET /session/e75b3d5d2d0828505fb80b5e18bd174b/element/f.3CC06888A91A2B87598FBDB561306D63.d.F0E3E9D26B150B4BB1241069A252900F.e.22350/enabled - {}
COMMAND: GET /session/e75b3d5d2d0828505fb80b5e18bd174b/screenshot - {}
RESULT: {}
COMMAND: POST /session/e75b3d5d2d0828505fb80b5e18bd174b/element/f.3CC06888A91A2B87598FBDB561306D63.d.F0E3E9D26B150B4BB1241069A252900F.e.22350/clear - {}
COMMAND: GET /session/e75b3d5d2d0828505fb80b5e18bd174b/screenshot - {}
RESULT: {}
RESULT: {}
COMMAND: POST /session/e75b3d5d2d0828505fb80b5e18bd174b/element/f.3CC06888A91A2B87598FBDB561306D63.d.F0E3E9D26B150B4BB1241069A252900F.e.22350/value - {"text":"30782"}
COMMAND: GET /session/e75b3d5d2d0828505fb80b5e18bd174b/screenshot - {}
RESULT: {}
RESULT: {"text":"30782"}
COMMAND: GET /session/e75b3d5d2d0828505fb80b5e18bd174b/screenshot - {}
RESULT: {}
RESULT: {}
COMMAND: POST /session/e75b3d5d2d0828505fb80b5e18bd174b/actions - {"actions":[{"id":"action80","type":"key","parameters":{},"actions":[{"type":"keyDown","value":"î€‡"},{"type":"pause","duration":10},{"type":"keyUp","value":"î€‡"}]}]}
RESULT: {"actions":[{"id":"action80","type":"key","parameters":{},"actions":[{"type":"keyDown","value":"î€‡"},{"type":"pause","duration":10},{"type":"keyUp","value":"î€‡"}]}]}
COMMAND: GET /session/e75b3d5d2d0828505fb80b5e18bd174b/screenshot - {}
RESULT: {}
COMMAND: POST /session/e75b3d5d2d0828505fb80b5e18bd174b/element - {"using":"xpath","value":"//span[contains(@id, \"smartTable-header-inner\")]"}
RESULT: {"using":"xpath","value":"//span[contains(@id, \"smartTable-header-inner\")]"}
COMMAND: POST /session/e75b3d5d2d0828505fb80b5e18bd174b/elements - {"using":"xpath","value":"//span[contains(@id, \"smartTable-header-inner\")]"}
RESULT: {"using":"xpath","value":"//span[contains(@id, \"smartTable-header-inner\")]"}
COMMAND: POST /session/e75b3d5d2d0828505fb80b5e18bd174b/execute/sync - {"script":"<script> [56 bytes]","args":[{"element-6066-11e4-a52e-4f735466cecf":"f.3CC06888A91A2B87598FBDB561306D63.d.F0E3E9D26B150B4BB1241069A252900F.e.22897","ELEMENT":"f.3CC06888A91A2B87598FBDB561306D63.d.F0E3E9D26B150B4BB1241069A252900F.e.22897"}]}
RESULT: {"script":"<script> [56 bytes]","args":[{"element-6066-11e4-a52e-4f735466cecf":"f.3CC06888A91A2B87598FBDB561306D63.d.F0E3E9D26B150B4BB1241069A252900F.e.22897","ELEMENT":"f.3CC06888A91A2B87598FBDB561306D63.d.F0E3E9D26B150B4BB1241069A252900F.e.22897"}]}
COMMAND: POST /session/e75b3d5d2d0828505fb80b5e18bd174b/elements - {"using":"xpath","value":"//thead[contains(@class, \"sapMTableTH\")]/tr/th"}
COMMAND: GET /session/e75b3d5d2d0828505fb80b5e18bd174b/screenshot - {}
RESULT: {"using":"xpath","value":"//thead[contains(@class, \"sapMTableTH\")]/tr/th"}
COMMAND: GET /session/e75b3d5d2d0828505fb80b5e18bd174b/element/f.3CC06888A91A2B87598FBDB561306D63.d.F0E3E9D26B150B4BB1241069A252900F.e.22982/text - {}
RESULT: {}
RESULT: {}
COMMAND: GET /session/e75b3d5d2d0828505fb80b5e18bd174b/element/f.3CC06888A91A2B87598FBDB561306D63.d.F0E3E9D26B150B4BB1241069A252900F.e.22983/text - {}
RESULT: {}
COMMAND: GET /session/e75b3d5d2d0828505fb80b5e18bd174b/element/f.3CC06888A91A2B87598FBDB561306D63.d.F0E3E9D26B150B4BB1241069A252900F.e.22381/text - {}
RESULT: {}
COMMAND: GET /session/e75b3d5d2d0828505fb80b5e18bd174b/element/f.3CC06888A91A2B87598FBDB561306D63.d.F0E3E9D26B150B4BB1241069A252900F.e.22383/text - {}
RESULT: {}
COMMAND: GET /session/e75b3d5d2d0828505fb80b5e18bd174b/element/f.3CC06888A91A2B87598FBDB561306D63.d.F0E3E9D26B150B4BB1241069A252900F.e.23095/text - {}
RESULT: {}
COMMAND: GET /session/e75b3d5d2d0828505fb80b5e18bd174b/element/f.3CC06888A91A2B87598FBDB561306D63.d.F0E3E9D26B150B4BB1241069A252900F.e.23096/text - {}
RESULT: {}
COMMAND: GET /session/e75b3d5d2d0828505fb80b5e18bd174b/element/f.3CC06888A91A2B87598FBDB561306D63.d.F0E3E9D26B150B4BB1241069A252900F.e.23097/text - {}
RESULT: {}
COMMAND: GET /session/e75b3d5d2d0828505fb80b5e18bd174b/element/f.3CC06888A91A2B87598FBDB561306D63.d.F0E3E9D26B150B4BB1241069A252900F.e.23098/text - {}
RESULT: {}
COMMAND: GET /session/e75b3d5d2d0828505fb80b5e18bd174b/element/f.3CC06888A91A2B87598FBDB561306D63.d.F0E3E9D26B150B4BB1241069A252900F.e.23099/text - {}
RESULT: {}
COMMAND: GET /session/e75b3d5d2d0828505fb80b5e18bd174b/element/f.3CC06888A91A2B87598FBDB561306D63.d.F0E3E9D26B150B4BB1241069A252900F.e.23100/text - {}
RESULT: {}
COMMAND: GET /session/e75b3d5d2d0828505fb80b5e18bd174b/element/f.3CC06888A91A2B87598FBDB561306D63.d.F0E3E9D26B150B4BB1241069A252900F.e.23101/text - {}
RESULT: {}
COMMAND: GET /session/e75b3d5d2d0828505fb80b5e18bd174b/element/f.3CC06888A91A2B87598FBDB561306D63.d.F0E3E9D26B150B4BB1241069A252900F.e.23102/text - {}
RESULT: {}
COMMAND: GET /session/e75b3d5d2d0828505fb80b5e18bd174b/element/f.3CC06888A91A2B87598FBDB561306D63.d.F0E3E9D26B150B4BB1241069A252900F.e.23103/text - {}
RESULT: {}
COMMAND: GET /session/e75b3d5d2d0828505fb80b5e18bd174b/element/f.3CC06888A91A2B87598FBDB561306D63.d.F0E3E9D26B150B4BB1241069A252900F.e.22384/text - {}
RESULT: {}
COMMAND: POST /session/e75b3d5d2d0828505fb80b5e18bd174b/element - {"using":"xpath","value":"//tbody[contains(@id, \"customHandoversTable-tblBody\")]/tr[1]/td[14]/div/span"}
RESULT: {"using":"xpath","value":"//tbody[contains(@id, \"customHandoversTable-tblBody\")]/tr[1]/td[14]/div/span"}
COMMAND: POST /session/e75b3d5d2d0828505fb80b5e18bd174b/execute/sync - {"script":"<script> [56 bytes]","args":[{"element-6066-11e4-a52e-4f735466cecf":"f.3CC06888A91A2B87598FBDB561306D63.d.F0E3E9D26B150B4BB1241069A252900F.e.23161","ELEMENT":"f.3CC06888A91A2B87598FBDB561306D63.d.F0E3E9D26B150B4BB1241069A252900F.e.23161"}]}
RESULT: {"script":"<script> [56 bytes]","args":[{"element-6066-11e4-a52e-4f735466cecf":"f.3CC06888A91A2B87598FBDB561306D63.d.F0E3E9D26B150B4BB1241069A252900F.e.23161","ELEMENT":"f.3CC06888A91A2B87598FBDB561306D63.d.F0E3E9D26B150B4BB1241069A252900F.e.23161"}]}
COMMAND: POST /session/e75b3d5d2d0828505fb80b5e18bd174b/element - {"using":"css selector","value":"#shell-header-logo"}
COMMAND: GET /session/e75b3d5d2d0828505fb80b5e18bd174b/screenshot - {}
RESULT: {"using":"css selector","value":"#shell-header-logo"}
COMMAND: POST /session/e75b3d5d2d0828505fb80b5e18bd174b/element/f.3CC06888A91A2B87598FBDB561306D63.d.F0E3E9D26B150B4BB1241069A252900F.e.21644/click - {}
RESULT: {}
RESULT: {}
COMMAND: GET /session/e75b3d5d2d0828505fb80b5e18bd174b/screenshot - {}
RESULT: {}
]]></system-out>
    </testcase>
    <testcase classname="chrome.136_0_7103_93.windows.Billing_Calculation_-_Time_based_(considering_transport_times)_US139738" name="Should navigate to Manage Billings and trigger contract calculation business confirm it" time="59.763">
      <system-out><![CDATA[
COMMAND: POST /session/e75b3d5d2d0828505fb80b5e18bd174b/execute/async - {"script":"<script> [1562 bytes]","args":[{"selector":{"controlType":"sap.m.GenericTile","properties":{"header":"Manage Billings"}},"wdio_ui5_key":"sapm.GenericTile{\"header\":\"Manage Billings\"}"}]}
RESULT: {"script":"<script> [1562 bytes]","args":[{"selector":{"controlType":"sap.m.GenericTile","properties":{"header":"Manage Billings"}},"wdio_ui5_key":"sapm.GenericTile{\"header\":\"Manage Billings\"}"}]}
RESULT: undefined
COMMAND: POST /session/e75b3d5d2d0828505fb80b5e18bd174b/element - {"using":"xpath","value":"//*[@id=\"__tile51\"]"}
RESULT: {"using":"xpath","value":"//*[@id=\"__tile51\"]"}
COMMAND: POST /session/e75b3d5d2d0828505fb80b5e18bd174b/element/f.3CC06888A91A2B87598FBDB561306D63.d.F0E3E9D26B150B4BB1241069A252900F.e.19533/click - {}
RESULT: {}
COMMAND: GET /session/e75b3d5d2d0828505fb80b5e18bd174b/screenshot - {}
RESULT: {}
COMMAND: POST /session/e75b3d5d2d0828505fb80b5e18bd174b/elements - {"using":"xpath","value":"//span[text()='Error']"}
RESULT: {"using":"xpath","value":"//span[text()='Error']"}
COMMAND: POST /session/e75b3d5d2d0828505fb80b5e18bd174b/execute/async - {"script":"<script> [1562 bytes]","args":[{"selector":{"id":"application-managebillings-display-component---billRunCalcResult--smartFilterBar-btnBasicSearch","interaction":{"idSuffix":"I"}},"wdio_ui5_key":"applicationmanagebillings-display-component---billRunCalcResult--smartFilterBar-btnBasicSearch"}]}
RESULT: {"script":"<script> [1562 bytes]","args":[{"selector":{"id":"application-managebillings-display-component---billRunCalcResult--smartFilterBar-btnBasicSearch","interaction":{"idSuffix":"I"}},"wdio_ui5_key":"applicationmanagebillings-display-component---billRunCalcResult--smartFilterBar-btnBasicSearch"}]}
RESULT: undefined
COMMAND: POST /session/e75b3d5d2d0828505fb80b5e18bd174b/execute/async - {"script":"<script> [776 bytes]","args":[{"enterText":"10404","selector":{"id":"application-managebillings-display-component---billRunCalcResult--smartFilterBar-btnBasicSearch","interaction":{"idSuffix":"I"}},"clearTextFirst":true,"interactionType":"ENTER_TEXT"}]}
RESULT: {"script":"<script> [776 bytes]","args":[{"enterText":"10404","selector":{"id":"application-managebillings-display-component---billRunCalcResult--smartFilterBar-btnBasicSearch","interaction":{"idSuffix":"I"}},"clearTextFirst":true,"interactionType":"ENTER_TEXT"}]}
COMMAND: POST /session/e75b3d5d2d0828505fb80b5e18bd174b/actions - {"actions":[{"id":"action81","type":"key","parameters":{},"actions":[{"type":"keyDown","value":"î€‡"},{"type":"pause","duration":10},{"type":"keyUp","value":"î€‡"}]}]}
RESULT: {"actions":[{"id":"action81","type":"key","parameters":{},"actions":[{"type":"keyDown","value":"î€‡"},{"type":"pause","duration":10},{"type":"keyUp","value":"î€‡"}]}]}
COMMAND: GET /session/e75b3d5d2d0828505fb80b5e18bd174b/screenshot - {}
RESULT: {}
COMMAND: POST /session/e75b3d5d2d0828505fb80b5e18bd174b/element - {"using":"xpath","value":"//td[@aria-colindex=\"1\"]/div/div[contains(@class, \"sapMCbBg\")]"}
RESULT: {"using":"xpath","value":"//td[@aria-colindex=\"1\"]/div/div[contains(@class, \"sapMCbBg\")]"}
COMMAND: POST /session/e75b3d5d2d0828505fb80b5e18bd174b/element/f.3CC06888A91A2B87598FBDB561306D63.d.F0E3E9D26B150B4BB1241069A252900F.e.23374/click - {}
RESULT: {}
COMMAND: GET /session/e75b3d5d2d0828505fb80b5e18bd174b/screenshot - {}
RESULT: {}
COMMAND: POST /session/e75b3d5d2d0828505fb80b5e18bd174b/execute/async - {"script":"<script> [1562 bytes]","args":[{"selector":{"id":"application-managebillings-display-component---billRunCalcResult--contractBillRunDate","interaction":{"idSuffix":"inner"}},"wdio_ui5_key":"applicationmanagebillings-display-component---billRunCalcResult--contractBillRunDate"}]}
RESULT: {"script":"<script> [1562 bytes]","args":[{"selector":{"id":"application-managebillings-display-component---billRunCalcResult--contractBillRunDate","interaction":{"idSuffix":"inner"}},"wdio_ui5_key":"applicationmanagebillings-display-component---billRunCalcResult--contractBillRunDate"}]}
RESULT: undefined
COMMAND: POST /session/e75b3d5d2d0828505fb80b5e18bd174b/execute/async - {"script":"<script> [776 bytes]","args":[{"enterText":"5/19/25","selector":{"id":"application-managebillings-display-component---billRunCalcResult--contractBillRunDate","interaction":{"idSuffix":"inner"}},"clearTextFirst":true,"interactionType":"ENTER_TEXT"}]}
RESULT: {"script":"<script> [776 bytes]","args":[{"enterText":"5/19/25","selector":{"id":"application-managebillings-display-component---billRunCalcResult--contractBillRunDate","interaction":{"idSuffix":"inner"}},"clearTextFirst":true,"interactionType":"ENTER_TEXT"}]}
COMMAND: POST /session/e75b3d5d2d0828505fb80b5e18bd174b/element - {"using":"xpath","value":"//bdi[contains(text(), \"Trigger Calculation\")]"}
RESULT: {"using":"xpath","value":"//bdi[contains(text(), \"Trigger Calculation\")]"}
COMMAND: POST /session/e75b3d5d2d0828505fb80b5e18bd174b/element/f.3CC06888A91A2B87598FBDB561306D63.d.F0E3E9D26B150B4BB1241069A252900F.e.23425/click - {}
RESULT: {}
COMMAND: GET /session/e75b3d5d2d0828505fb80b5e18bd174b/screenshot - {}
RESULT: {}
COMMAND: POST /session/e75b3d5d2d0828505fb80b5e18bd174b/element - {"using":"xpath","value":"(//span[contains(@id, \"imgNav\")])[1]"}
RESULT: {"using":"xpath","value":"(//span[contains(@id, \"imgNav\")])[1]"}
COMMAND: POST /session/e75b3d5d2d0828505fb80b5e18bd174b/element/f.3CC06888A91A2B87598FBDB561306D63.d.F0E3E9D26B150B4BB1241069A252900F.e.23375/click - {}
RESULT: {}
COMMAND: GET /session/e75b3d5d2d0828505fb80b5e18bd174b/screenshot - {}
RESULT: {}
COMMAND: POST /session/e75b3d5d2d0828505fb80b5e18bd174b/element - {"using":"xpath","value":"//tr/td[6]/div[1]/span[1]/span[1]"}
RESULT: {"using":"xpath","value":"//tr/td[6]/div[1]/span[1]/span[1]"}
COMMAND: GET /session/e75b3d5d2d0828505fb80b5e18bd174b/element/f.3CC06888A91A2B87598FBDB561306D63.d.F0E3E9D26B150B4BB1241069A252900F.e.23430/text - {}
RESULT: {}
COMMAND: POST /session/e75b3d5d2d0828505fb80b5e18bd174b/element - {"using":"xpath","value":"(//span[contains(@id, \"imgNav\")])[2]"}
RESULT: {"using":"xpath","value":"(//span[contains(@id, \"imgNav\")])[2]"}
COMMAND: POST /session/e75b3d5d2d0828505fb80b5e18bd174b/element/f.3CC06888A91A2B87598FBDB561306D63.d.F0E3E9D26B150B4BB1241069A252900F.e.23431/click - {}
RESULT: {}
COMMAND: POST /session/e75b3d5d2d0828505fb80b5e18bd174b/element - {"using":"xpath","value":"//bdi[contains(text(), \"Business Confirm\")]"}
COMMAND: GET /session/e75b3d5d2d0828505fb80b5e18bd174b/screenshot - {}
RESULT: {"using":"xpath","value":"//bdi[contains(text(), \"Business Confirm\")]"}
COMMAND: POST /session/e75b3d5d2d0828505fb80b5e18bd174b/elements - {"using":"xpath","value":"//bdi[contains(text(), \"Business Confirm\")]"}
RESULT: {}
RESULT: {"using":"xpath","value":"//bdi[contains(text(), \"Business Confirm\")]"}
COMMAND: POST /session/e75b3d5d2d0828505fb80b5e18bd174b/element - {"using":"xpath","value":"//bdi[contains(text(), \"Business Confirm\")]"}
RESULT: {"using":"xpath","value":"//bdi[contains(text(), \"Business Confirm\")]"}
COMMAND: POST /session/e75b3d5d2d0828505fb80b5e18bd174b/element/f.3CC06888A91A2B87598FBDB561306D63.d.F0E3E9D26B150B4BB1241069A252900F.e.23475/click - {}
RESULT: {}
COMMAND: POST /session/e75b3d5d2d0828505fb80b5e18bd174b/element - {"using":"css selector","value":"#shell-header-logo"}
COMMAND: GET /session/e75b3d5d2d0828505fb80b5e18bd174b/screenshot - {}
RESULT: {"using":"css selector","value":"#shell-header-logo"}
COMMAND: POST /session/e75b3d5d2d0828505fb80b5e18bd174b/element/f.3CC06888A91A2B87598FBDB561306D63.d.F0E3E9D26B150B4BB1241069A252900F.e.23165/click - {}
RESULT: {}
RESULT: {}
COMMAND: GET /session/e75b3d5d2d0828505fb80b5e18bd174b/screenshot - {}
RESULT: {}
]]></system-out>
    </testcase>
    <testcase classname="chrome.136_0_7103_93.windows.Billing_Calculation_-_Time_based_(considering_transport_times)_US139738" name="Should transfer the billing all the way to completion" time="68.495">
      <system-out><![CDATA[
COMMAND: POST /session/e75b3d5d2d0828505fb80b5e18bd174b/execute/async - {"script":"<script> [1562 bytes]","args":[{"selector":{"controlType":"sap.m.GenericTile","properties":{"header":"Billing Transfer"}},"wdio_ui5_key":"sapm.GenericTile{\"header\":\"Billing Transfer\"}"}]}
RESULT: {"script":"<script> [1562 bytes]","args":[{"selector":{"controlType":"sap.m.GenericTile","properties":{"header":"Billing Transfer"}},"wdio_ui5_key":"sapm.GenericTile{\"header\":\"Billing Transfer\"}"}]}
RESULT: undefined
COMMAND: POST /session/e75b3d5d2d0828505fb80b5e18bd174b/element - {"using":"xpath","value":"//*[@id=\"__tile50\"]"}
RESULT: {"using":"xpath","value":"//*[@id=\"__tile50\"]"}
COMMAND: POST /session/e75b3d5d2d0828505fb80b5e18bd174b/element/f.3CC06888A91A2B87598FBDB561306D63.d.F0E3E9D26B150B4BB1241069A252900F.e.19531/click - {}
RESULT: {}
COMMAND: GET /session/e75b3d5d2d0828505fb80b5e18bd174b/screenshot - {}
RESULT: {}
COMMAND: POST /session/e75b3d5d2d0828505fb80b5e18bd174b/elements - {"using":"xpath","value":"//span[text()='Error']"}
RESULT: {"using":"xpath","value":"//span[text()='Error']"}
COMMAND: POST /session/e75b3d5d2d0828505fb80b5e18bd174b/element - {"using":"xpath","value":"//input[contains(@id ,\"application-billingtransfer-display-component---billingWorkbench--smartFilterBar-btnBasicSearch\")]"}
RESULT: {"using":"xpath","value":"//input[contains(@id ,\"application-billingtransfer-display-component---billingWorkbench--smartFilterBar-btnBasicSearch\")]"}
COMMAND: POST /session/e75b3d5d2d0828505fb80b5e18bd174b/elements - {"using":"xpath","value":"//input[contains(@id ,\"application-billingtransfer-display-component---billingWorkbench--smartFilterBar-btnBasicSearch\")]"}
RESULT: {"using":"xpath","value":"//input[contains(@id ,\"application-billingtransfer-display-component---billingWorkbench--smartFilterBar-btnBasicSearch\")]"}
COMMAND: POST /session/e75b3d5d2d0828505fb80b5e18bd174b/execute/sync - {"script":"<script> [8489 bytes]","args":[{"element-6066-11e4-a52e-4f735466cecf":"f.3CC06888A91A2B87598FBDB561306D63.d.F0E3E9D26B150B4BB1241069A252900F.e.23506","ELEMENT":"f.3CC06888A91A2B87598FBDB561306D63.d.F0E3E9D26B150B4BB1241069A252900F.e.23506"}]}
RESULT: {"script":"<script> [8489 bytes]","args":[{"element-6066-11e4-a52e-4f735466cecf":"f.3CC06888A91A2B87598FBDB561306D63.d.F0E3E9D26B150B4BB1241069A252900F.e.23506","ELEMENT":"f.3CC06888A91A2B87598FBDB561306D63.d.F0E3E9D26B150B4BB1241069A252900F.e.23506"}]}
COMMAND: GET /session/e75b3d5d2d0828505fb80b5e18bd174b/element/f.3CC06888A91A2B87598FBDB561306D63.d.F0E3E9D26B150B4BB1241069A252900F.e.23506/enabled - {}
COMMAND: GET /session/e75b3d5d2d0828505fb80b5e18bd174b/screenshot - {}
RESULT: {}
COMMAND: POST /session/e75b3d5d2d0828505fb80b5e18bd174b/element/f.3CC06888A91A2B87598FBDB561306D63.d.F0E3E9D26B150B4BB1241069A252900F.e.23506/click - {}
COMMAND: GET /session/e75b3d5d2d0828505fb80b5e18bd174b/screenshot - {}
RESULT: {}
RESULT: {}
COMMAND: GET /session/e75b3d5d2d0828505fb80b5e18bd174b/screenshot - {}
RESULT: {}
RESULT: {}
COMMAND: POST /session/e75b3d5d2d0828505fb80b5e18bd174b/element/f.3CC06888A91A2B87598FBDB561306D63.d.F0E3E9D26B150B4BB1241069A252900F.e.23506/clear - {}
RESULT: {}
COMMAND: POST /session/e75b3d5d2d0828505fb80b5e18bd174b/element/f.3CC06888A91A2B87598FBDB561306D63.d.F0E3E9D26B150B4BB1241069A252900F.e.23506/value - {"text":"10404"}
COMMAND: GET /session/e75b3d5d2d0828505fb80b5e18bd174b/screenshot - {}
RESULT: {"text":"10404"}
COMMAND: POST /session/e75b3d5d2d0828505fb80b5e18bd174b/actions - {"actions":[{"id":"action82","type":"key","parameters":{},"actions":[{"type":"keyDown","value":"î€‡"},{"type":"pause","duration":10},{"type":"keyUp","value":"î€‡"}]}]}
COMMAND: GET /session/e75b3d5d2d0828505fb80b5e18bd174b/screenshot - {}
RESULT: {}
RESULT: {"actions":[{"id":"action82","type":"key","parameters":{},"actions":[{"type":"keyDown","value":"î€‡"},{"type":"pause","duration":10},{"type":"keyUp","value":"î€‡"}]}]}
COMMAND: GET /session/e75b3d5d2d0828505fb80b5e18bd174b/screenshot - {}
RESULT: {}
RESULT: {}
COMMAND: POST /session/e75b3d5d2d0828505fb80b5e18bd174b/element - {"using":"xpath","value":"//span[contains(@id ,\"application-billingtransfer-display-component---billingWorkbench--smartTableBillingRuns-header-inner\")]"}
RESULT: {"using":"xpath","value":"//span[contains(@id ,\"application-billingtransfer-display-component---billingWorkbench--smartTableBillingRuns-header-inner\")]"}
COMMAND: POST /session/e75b3d5d2d0828505fb80b5e18bd174b/elements - {"using":"xpath","value":"//span[contains(@id ,\"application-billingtransfer-display-component---billingWorkbench--smartTableBillingRuns-header-inner\")]"}
RESULT: {"using":"xpath","value":"//span[contains(@id ,\"application-billingtransfer-display-component---billingWorkbench--smartTableBillingRuns-header-inner\")]"}
COMMAND: POST /session/e75b3d5d2d0828505fb80b5e18bd174b/execute/sync - {"script":"<script> [56 bytes]","args":[{"element-6066-11e4-a52e-4f735466cecf":"f.3CC06888A91A2B87598FBDB561306D63.d.F0E3E9D26B150B4BB1241069A252900F.e.23721","ELEMENT":"f.3CC06888A91A2B87598FBDB561306D63.d.F0E3E9D26B150B4BB1241069A252900F.e.23721"}]}
RESULT: {"script":"<script> [56 bytes]","args":[{"element-6066-11e4-a52e-4f735466cecf":"f.3CC06888A91A2B87598FBDB561306D63.d.F0E3E9D26B150B4BB1241069A252900F.e.23721","ELEMENT":"f.3CC06888A91A2B87598FBDB561306D63.d.F0E3E9D26B150B4BB1241069A252900F.e.23721"}]}
COMMAND: POST /session/e75b3d5d2d0828505fb80b5e18bd174b/element - {"using":"xpath","value":"//td[@aria-colindex=\"1\"]/div/div[contains(@class, \"sapMCbBg\")]"}
COMMAND: GET /session/e75b3d5d2d0828505fb80b5e18bd174b/screenshot - {}
RESULT: {"using":"xpath","value":"//td[@aria-colindex=\"1\"]/div/div[contains(@class, \"sapMCbBg\")]"}
COMMAND: POST /session/e75b3d5d2d0828505fb80b5e18bd174b/element/f.3CC06888A91A2B87598FBDB561306D63.d.F0E3E9D26B150B4BB1241069A252900F.e.23698/click - {}
RESULT: {}
RESULT: {}
COMMAND: GET /session/e75b3d5d2d0828505fb80b5e18bd174b/screenshot - {}
RESULT: {}
COMMAND: POST /session/e75b3d5d2d0828505fb80b5e18bd174b/element - {"using":"xpath","value":"//bdi[contains(text(), \"Check\")]"}
RESULT: {"using":"xpath","value":"//bdi[contains(text(), \"Check\")]"}
COMMAND: POST /session/e75b3d5d2d0828505fb80b5e18bd174b/element/f.3CC06888A91A2B87598FBDB561306D63.d.F0E3E9D26B150B4BB1241069A252900F.e.23722/click - {}
RESULT: {}
COMMAND: GET /session/e75b3d5d2d0828505fb80b5e18bd174b/screenshot - {}
RESULT: {}
COMMAND: POST /session/e75b3d5d2d0828505fb80b5e18bd174b/element - {"using":"xpath","value":"//bdi[contains(text(), \"OK\")]"}
RESULT: {"using":"xpath","value":"//bdi[contains(text(), \"OK\")]"}
COMMAND: POST /session/e75b3d5d2d0828505fb80b5e18bd174b/element/f.3CC06888A91A2B87598FBDB561306D63.d.F0E3E9D26B150B4BB1241069A252900F.e.23725/click - {}
RESULT: {}
COMMAND: GET /session/e75b3d5d2d0828505fb80b5e18bd174b/screenshot - {}
RESULT: {}
COMMAND: POST /session/e75b3d5d2d0828505fb80b5e18bd174b/element - {"using":"xpath","value":"(//span[contains(text(), \"CO/SD checked\")]/parent::div/preceding-sibling::div/span)[1]"}
RESULT: {"using":"xpath","value":"(//span[contains(text(), \"CO/SD checked\")]/parent::div/preceding-sibling::div/span)[1]"}
COMMAND: POST /session/e75b3d5d2d0828505fb80b5e18bd174b/element/f.3CC06888A91A2B87598FBDB561306D63.d.F0E3E9D26B150B4BB1241069A252900F.e.23726/click - {}
RESULT: {}
COMMAND: GET /session/e75b3d5d2d0828505fb80b5e18bd174b/screenshot - {}
RESULT: {}
COMMAND: POST /session/e75b3d5d2d0828505fb80b5e18bd174b/element - {"using":"xpath","value":"//input[contains(@id ,\"application-billingtransfer-display-component---billingWorkbench--smartFilterBar-btnBasicSearch\")]"}
RESULT: {"using":"xpath","value":"//input[contains(@id ,\"application-billingtransfer-display-component---billingWorkbench--smartFilterBar-btnBasicSearch\")]"}
COMMAND: POST /session/e75b3d5d2d0828505fb80b5e18bd174b/elements - {"using":"xpath","value":"//input[contains(@id ,\"application-billingtransfer-display-component---billingWorkbench--smartFilterBar-btnBasicSearch\")]"}
RESULT: {"using":"xpath","value":"//input[contains(@id ,\"application-billingtransfer-display-component---billingWorkbench--smartFilterBar-btnBasicSearch\")]"}
COMMAND: POST /session/e75b3d5d2d0828505fb80b5e18bd174b/execute/sync - {"script":"<script> [8489 bytes]","args":[{"element-6066-11e4-a52e-4f735466cecf":"f.3CC06888A91A2B87598FBDB561306D63.d.F0E3E9D26B150B4BB1241069A252900F.e.23506","ELEMENT":"f.3CC06888A91A2B87598FBDB561306D63.d.F0E3E9D26B150B4BB1241069A252900F.e.23506"}]}
RESULT: {"script":"<script> [8489 bytes]","args":[{"element-6066-11e4-a52e-4f735466cecf":"f.3CC06888A91A2B87598FBDB561306D63.d.F0E3E9D26B150B4BB1241069A252900F.e.23506","ELEMENT":"f.3CC06888A91A2B87598FBDB561306D63.d.F0E3E9D26B150B4BB1241069A252900F.e.23506"}]}
COMMAND: GET /session/e75b3d5d2d0828505fb80b5e18bd174b/element/f.3CC06888A91A2B87598FBDB561306D63.d.F0E3E9D26B150B4BB1241069A252900F.e.23506/enabled - {}
COMMAND: GET /session/e75b3d5d2d0828505fb80b5e18bd174b/screenshot - {}
RESULT: {}
COMMAND: POST /session/e75b3d5d2d0828505fb80b5e18bd174b/element/f.3CC06888A91A2B87598FBDB561306D63.d.F0E3E9D26B150B4BB1241069A252900F.e.23506/click - {}
COMMAND: GET /session/e75b3d5d2d0828505fb80b5e18bd174b/screenshot - {}
RESULT: {}
RESULT: {}
COMMAND: GET /session/e75b3d5d2d0828505fb80b5e18bd174b/screenshot - {}
RESULT: {}
RESULT: {}
COMMAND: POST /session/e75b3d5d2d0828505fb80b5e18bd174b/element/f.3CC06888A91A2B87598FBDB561306D63.d.F0E3E9D26B150B4BB1241069A252900F.e.23506/clear - {}
RESULT: {}
COMMAND: POST /session/e75b3d5d2d0828505fb80b5e18bd174b/element/f.3CC06888A91A2B87598FBDB561306D63.d.F0E3E9D26B150B4BB1241069A252900F.e.23506/value - {"text":"10404"}
COMMAND: GET /session/e75b3d5d2d0828505fb80b5e18bd174b/screenshot - {}
RESULT: {"text":"10404"}
COMMAND: POST /session/e75b3d5d2d0828505fb80b5e18bd174b/actions - {"actions":[{"id":"action83","type":"key","parameters":{},"actions":[{"type":"keyDown","value":"î€‡"},{"type":"pause","duration":10},{"type":"keyUp","value":"î€‡"}]}]}
COMMAND: GET /session/e75b3d5d2d0828505fb80b5e18bd174b/screenshot - {}
RESULT: {}
RESULT: {"actions":[{"id":"action83","type":"key","parameters":{},"actions":[{"type":"keyDown","value":"î€‡"},{"type":"pause","duration":10},{"type":"keyUp","value":"î€‡"}]}]}
COMMAND: GET /session/e75b3d5d2d0828505fb80b5e18bd174b/screenshot - {}
RESULT: {}
RESULT: {}
COMMAND: POST /session/e75b3d5d2d0828505fb80b5e18bd174b/element - {"using":"xpath","value":"//span[contains(@id ,\"application-billingtransfer-display-component---billingWorkbench--smartTableBillingRuns-header-inner\")]"}
RESULT: {"using":"xpath","value":"//span[contains(@id ,\"application-billingtransfer-display-component---billingWorkbench--smartTableBillingRuns-header-inner\")]"}
COMMAND: POST /session/e75b3d5d2d0828505fb80b5e18bd174b/elements - {"using":"xpath","value":"//span[contains(@id ,\"application-billingtransfer-display-component---billingWorkbench--smartTableBillingRuns-header-inner\")]"}
RESULT: {"using":"xpath","value":"//span[contains(@id ,\"application-billingtransfer-display-component---billingWorkbench--smartTableBillingRuns-header-inner\")]"}
COMMAND: POST /session/e75b3d5d2d0828505fb80b5e18bd174b/execute/sync - {"script":"<script> [56 bytes]","args":[{"element-6066-11e4-a52e-4f735466cecf":"f.3CC06888A91A2B87598FBDB561306D63.d.F0E3E9D26B150B4BB1241069A252900F.e.23721","ELEMENT":"f.3CC06888A91A2B87598FBDB561306D63.d.F0E3E9D26B150B4BB1241069A252900F.e.23721"}]}
RESULT: {"script":"<script> [56 bytes]","args":[{"element-6066-11e4-a52e-4f735466cecf":"f.3CC06888A91A2B87598FBDB561306D63.d.F0E3E9D26B150B4BB1241069A252900F.e.23721","ELEMENT":"f.3CC06888A91A2B87598FBDB561306D63.d.F0E3E9D26B150B4BB1241069A252900F.e.23721"}]}
COMMAND: POST /session/e75b3d5d2d0828505fb80b5e18bd174b/element - {"using":"xpath","value":"//td[@aria-colindex=\"1\"]/div/div[contains(@class, \"sapMCbBg\")]"}
COMMAND: GET /session/e75b3d5d2d0828505fb80b5e18bd174b/screenshot - {}
RESULT: {"using":"xpath","value":"//td[@aria-colindex=\"1\"]/div/div[contains(@class, \"sapMCbBg\")]"}
COMMAND: POST /session/e75b3d5d2d0828505fb80b5e18bd174b/element/f.3CC06888A91A2B87598FBDB561306D63.d.F0E3E9D26B150B4BB1241069A252900F.e.23730/click - {}
RESULT: {}
RESULT: {}
COMMAND: GET /session/e75b3d5d2d0828505fb80b5e18bd174b/screenshot - {}
RESULT: {}
COMMAND: POST /session/e75b3d5d2d0828505fb80b5e18bd174b/element - {"using":"xpath","value":"//bdi[text()=\"Transfer\"]"}
RESULT: {"using":"xpath","value":"//bdi[text()=\"Transfer\"]"}
COMMAND: POST /session/e75b3d5d2d0828505fb80b5e18bd174b/element/f.3CC06888A91A2B87598FBDB561306D63.d.F0E3E9D26B150B4BB1241069A252900F.e.23731/click - {}
RESULT: {}
COMMAND: GET /session/e75b3d5d2d0828505fb80b5e18bd174b/screenshot - {}
RESULT: {}
COMMAND: POST /session/e75b3d5d2d0828505fb80b5e18bd174b/element - {"using":"xpath","value":"//bdi[contains(text(), \"OK\")]"}
RESULT: {"using":"xpath","value":"//bdi[contains(text(), \"OK\")]"}
COMMAND: POST /session/e75b3d5d2d0828505fb80b5e18bd174b/element/f.3CC06888A91A2B87598FBDB561306D63.d.F0E3E9D26B150B4BB1241069A252900F.e.23734/click - {}
RESULT: {}
COMMAND: GET /session/e75b3d5d2d0828505fb80b5e18bd174b/screenshot - {}
RESULT: {}
COMMAND: POST /session/e75b3d5d2d0828505fb80b5e18bd174b/element - {"using":"xpath","value":"(//span[contains(text(), \"Completed\")]/parent::div/preceding-sibling::div/span)[1]"}
RESULT: {"using":"xpath","value":"(//span[contains(text(), \"Completed\")]/parent::div/preceding-sibling::div/span)[1]"}
COMMAND: POST /session/e75b3d5d2d0828505fb80b5e18bd174b/element/f.3CC06888A91A2B87598FBDB561306D63.d.F0E3E9D26B150B4BB1241069A252900F.e.23742/click - {}
RESULT: {}
COMMAND: POST /session/e75b3d5d2d0828505fb80b5e18bd174b/element - {"using":"xpath","value":"//input[contains(@id ,\"application-billingtransfer-display-component---billingWorkbench--smartFilterBar-btnBasicSearch\")]"}
COMMAND: GET /session/e75b3d5d2d0828505fb80b5e18bd174b/screenshot - {}
RESULT: {"using":"xpath","value":"//input[contains(@id ,\"application-billingtransfer-display-component---billingWorkbench--smartFilterBar-btnBasicSearch\")]"}
COMMAND: POST /session/e75b3d5d2d0828505fb80b5e18bd174b/elements - {"using":"xpath","value":"//input[contains(@id ,\"application-billingtransfer-display-component---billingWorkbench--smartFilterBar-btnBasicSearch\")]"}
RESULT: {}
RESULT: {"using":"xpath","value":"//input[contains(@id ,\"application-billingtransfer-display-component---billingWorkbench--smartFilterBar-btnBasicSearch\")]"}
COMMAND: POST /session/e75b3d5d2d0828505fb80b5e18bd174b/execute/sync - {"script":"<script> [8489 bytes]","args":[{"element-6066-11e4-a52e-4f735466cecf":"f.3CC06888A91A2B87598FBDB561306D63.d.F0E3E9D26B150B4BB1241069A252900F.e.23506","ELEMENT":"f.3CC06888A91A2B87598FBDB561306D63.d.F0E3E9D26B150B4BB1241069A252900F.e.23506"}]}
RESULT: {"script":"<script> [8489 bytes]","args":[{"element-6066-11e4-a52e-4f735466cecf":"f.3CC06888A91A2B87598FBDB561306D63.d.F0E3E9D26B150B4BB1241069A252900F.e.23506","ELEMENT":"f.3CC06888A91A2B87598FBDB561306D63.d.F0E3E9D26B150B4BB1241069A252900F.e.23506"}]}
COMMAND: GET /session/e75b3d5d2d0828505fb80b5e18bd174b/element/f.3CC06888A91A2B87598FBDB561306D63.d.F0E3E9D26B150B4BB1241069A252900F.e.23506/enabled - {}
COMMAND: GET /session/e75b3d5d2d0828505fb80b5e18bd174b/screenshot - {}
RESULT: {}
COMMAND: POST /session/e75b3d5d2d0828505fb80b5e18bd174b/element/f.3CC06888A91A2B87598FBDB561306D63.d.F0E3E9D26B150B4BB1241069A252900F.e.23506/click - {}
COMMAND: GET /session/e75b3d5d2d0828505fb80b5e18bd174b/screenshot - {}
RESULT: {}
RESULT: {}
COMMAND: GET /session/e75b3d5d2d0828505fb80b5e18bd174b/screenshot - {}
RESULT: {}
RESULT: {}
COMMAND: POST /session/e75b3d5d2d0828505fb80b5e18bd174b/element/f.3CC06888A91A2B87598FBDB561306D63.d.F0E3E9D26B150B4BB1241069A252900F.e.23506/clear - {}
RESULT: {}
COMMAND: POST /session/e75b3d5d2d0828505fb80b5e18bd174b/element/f.3CC06888A91A2B87598FBDB561306D63.d.F0E3E9D26B150B4BB1241069A252900F.e.23506/value - {"text":"10404"}
COMMAND: GET /session/e75b3d5d2d0828505fb80b5e18bd174b/screenshot - {}
RESULT: {}
RESULT: {"text":"10404"}
COMMAND: POST /session/e75b3d5d2d0828505fb80b5e18bd174b/actions - {"actions":[{"id":"action84","type":"key","parameters":{},"actions":[{"type":"keyDown","value":"î€‡"},{"type":"pause","duration":10},{"type":"keyUp","value":"î€‡"}]}]}
COMMAND: GET /session/e75b3d5d2d0828505fb80b5e18bd174b/screenshot - {}
RESULT: {"actions":[{"id":"action84","type":"key","parameters":{},"actions":[{"type":"keyDown","value":"î€‡"},{"type":"pause","duration":10},{"type":"keyUp","value":"î€‡"}]}]}
COMMAND: GET /session/e75b3d5d2d0828505fb80b5e18bd174b/screenshot - {}
RESULT: {}
RESULT: {}
COMMAND: POST /session/e75b3d5d2d0828505fb80b5e18bd174b/element - {"using":"xpath","value":"//span[contains(@id ,\"application-billingtransfer-display-component---billingWorkbench--smartTableBillingRuns-header-inner\")]"}
RESULT: {"using":"xpath","value":"//span[contains(@id ,\"application-billingtransfer-display-component---billingWorkbench--smartTableBillingRuns-header-inner\")]"}
COMMAND: POST /session/e75b3d5d2d0828505fb80b5e18bd174b/elements - {"using":"xpath","value":"//span[contains(@id ,\"application-billingtransfer-display-component---billingWorkbench--smartTableBillingRuns-header-inner\")]"}
RESULT: {"using":"xpath","value":"//span[contains(@id ,\"application-billingtransfer-display-component---billingWorkbench--smartTableBillingRuns-header-inner\")]"}
COMMAND: POST /session/e75b3d5d2d0828505fb80b5e18bd174b/execute/sync - {"script":"<script> [56 bytes]","args":[{"element-6066-11e4-a52e-4f735466cecf":"f.3CC06888A91A2B87598FBDB561306D63.d.F0E3E9D26B150B4BB1241069A252900F.e.23721","ELEMENT":"f.3CC06888A91A2B87598FBDB561306D63.d.F0E3E9D26B150B4BB1241069A252900F.e.23721"}]}
RESULT: {"script":"<script> [56 bytes]","args":[{"element-6066-11e4-a52e-4f735466cecf":"f.3CC06888A91A2B87598FBDB561306D63.d.F0E3E9D26B150B4BB1241069A252900F.e.23721","ELEMENT":"f.3CC06888A91A2B87598FBDB561306D63.d.F0E3E9D26B150B4BB1241069A252900F.e.23721"}]}
COMMAND: POST /session/e75b3d5d2d0828505fb80b5e18bd174b/element - {"using":"css selector","value":"#shell-header-logo"}
COMMAND: GET /session/e75b3d5d2d0828505fb80b5e18bd174b/screenshot - {}
RESULT: {"using":"css selector","value":"#shell-header-logo"}
COMMAND: POST /session/e75b3d5d2d0828505fb80b5e18bd174b/element/f.3CC06888A91A2B87598FBDB561306D63.d.F0E3E9D26B150B4BB1241069A252900F.e.23504/click - {}
RESULT: {}
RESULT: {}
COMMAND: GET /session/e75b3d5d2d0828505fb80b5e18bd174b/screenshot - {}
RESULT: {}
]]></system-out>
    </testcase>
    <testcase classname="chrome.136_0_7103_93.windows.Billing_Calculation_-_Time_based_(considering_transport_times)_US139738" name="Should navigate to the contract item check the billed until field value" time="40.687">
      <system-out><![CDATA[
RESULT: undefined
COMMAND: POST /session/e75b3d5d2d0828505fb80b5e18bd174b/element - {"using":"xpath","value":"//*[@id=\"__tile130\"]"}
RESULT: {"using":"xpath","value":"//*[@id=\"__tile130\"]"}
COMMAND: POST /session/e75b3d5d2d0828505fb80b5e18bd174b/element/f.3CC06888A91A2B87598FBDB561306D63.d.F0E3E9D26B150B4BB1241069A252900F.e.19506/click - {}
RESULT: {}
COMMAND: GET /session/e75b3d5d2d0828505fb80b5e18bd174b/screenshot - {}
RESULT: {}
COMMAND: POST /session/e75b3d5d2d0828505fb80b5e18bd174b/elements - {"using":"xpath","value":"//span[text()='Error']"}
RESULT: {"using":"xpath","value":"//span[text()='Error']"}
COMMAND: POST /session/e75b3d5d2d0828505fb80b5e18bd174b/element - {"using":"xpath","value":"//button[@data-kt=\"addButton\"]"}
RESULT: {"using":"xpath","value":"//button[@data-kt=\"addButton\"]"}
COMMAND: POST /session/e75b3d5d2d0828505fb80b5e18bd174b/elements - {"using":"xpath","value":"//button[@data-kt=\"addButton\"]"}
RESULT: {"using":"xpath","value":"//button[@data-kt=\"addButton\"]"}
COMMAND: POST /session/e75b3d5d2d0828505fb80b5e18bd174b/execute/sync - {"script":"<script> [8489 bytes]","args":[{"element-6066-11e4-a52e-4f735466cecf":"f.3CC06888A91A2B87598FBDB561306D63.d.F0E3E9D26B150B4BB1241069A252900F.e.23793","ELEMENT":"f.3CC06888A91A2B87598FBDB561306D63.d.F0E3E9D26B150B4BB1241069A252900F.e.23793"}]}
RESULT: {"script":"<script> [8489 bytes]","args":[{"element-6066-11e4-a52e-4f735466cecf":"f.3CC06888A91A2B87598FBDB561306D63.d.F0E3E9D26B150B4BB1241069A252900F.e.23793","ELEMENT":"f.3CC06888A91A2B87598FBDB561306D63.d.F0E3E9D26B150B4BB1241069A252900F.e.23793"}]}
COMMAND: GET /session/e75b3d5d2d0828505fb80b5e18bd174b/element/f.3CC06888A91A2B87598FBDB561306D63.d.F0E3E9D26B150B4BB1241069A252900F.e.23793/enabled - {}
COMMAND: GET /session/e75b3d5d2d0828505fb80b5e18bd174b/screenshot - {}
RESULT: {}
COMMAND: POST /session/e75b3d5d2d0828505fb80b5e18bd174b/execute/sync - {"script":"<script> [8489 bytes]","args":[{"element-6066-11e4-a52e-4f735466cecf":"f.3CC06888A91A2B87598FBDB561306D63.d.F0E3E9D26B150B4BB1241069A252900F.e.23793","ELEMENT":"f.3CC06888A91A2B87598FBDB561306D63.d.F0E3E9D26B150B4BB1241069A252900F.e.23793"}]}
COMMAND: GET /session/e75b3d5d2d0828505fb80b5e18bd174b/screenshot - {}
RESULT: {}
RESULT: {"script":"<script> [8489 bytes]","args":[{"element-6066-11e4-a52e-4f735466cecf":"f.3CC06888A91A2B87598FBDB561306D63.d.F0E3E9D26B150B4BB1241069A252900F.e.23793","ELEMENT":"f.3CC06888A91A2B87598FBDB561306D63.d.F0E3E9D26B150B4BB1241069A252900F.e.23793"}]}
COMMAND: POST /session/e75b3d5d2d0828505fb80b5e18bd174b/execute/sync - {"script":"<script> [5351 bytes]","args":[{"element-6066-11e4-a52e-4f735466cecf":"f.3CC06888A91A2B87598FBDB561306D63.d.F0E3E9D26B150B4BB1241069A252900F.e.23793","ELEMENT":"f.3CC06888A91A2B87598FBDB561306D63.d.F0E3E9D26B150B4BB1241069A252900F.e.23793"}]}
COMMAND: GET /session/e75b3d5d2d0828505fb80b5e18bd174b/screenshot - {}
RESULT: {}
RESULT: {"script":"<script> [5351 bytes]","args":[{"element-6066-11e4-a52e-4f735466cecf":"f.3CC06888A91A2B87598FBDB561306D63.d.F0E3E9D26B150B4BB1241069A252900F.e.23793","ELEMENT":"f.3CC06888A91A2B87598FBDB561306D63.d.F0E3E9D26B150B4BB1241069A252900F.e.23793"}]}
COMMAND: POST /session/e75b3d5d2d0828505fb80b5e18bd174b/element - {"using":"xpath","value":"//input[contains(@id ,\"smartContractFilterBar-btnBasicSearch-I\")]"}
COMMAND: GET /session/e75b3d5d2d0828505fb80b5e18bd174b/screenshot - {}
RESULT: {}
RESULT: {"using":"xpath","value":"//input[contains(@id ,\"smartContractFilterBar-btnBasicSearch-I\")]"}
COMMAND: POST /session/e75b3d5d2d0828505fb80b5e18bd174b/elements - {"using":"xpath","value":"//input[contains(@id ,\"smartContractFilterBar-btnBasicSearch-I\")]"}
RESULT: {}
RESULT: {"using":"xpath","value":"//input[contains(@id ,\"smartContractFilterBar-btnBasicSearch-I\")]"}
COMMAND: POST /session/e75b3d5d2d0828505fb80b5e18bd174b/execute/sync - {"script":"<script> [8489 bytes]","args":[{"element-6066-11e4-a52e-4f735466cecf":"f.3CC06888A91A2B87598FBDB561306D63.d.F0E3E9D26B150B4BB1241069A252900F.e.23755","ELEMENT":"f.3CC06888A91A2B87598FBDB561306D63.d.F0E3E9D26B150B4BB1241069A252900F.e.23755"}]}
RESULT: {"script":"<script> [8489 bytes]","args":[{"element-6066-11e4-a52e-4f735466cecf":"f.3CC06888A91A2B87598FBDB561306D63.d.F0E3E9D26B150B4BB1241069A252900F.e.23755","ELEMENT":"f.3CC06888A91A2B87598FBDB561306D63.d.F0E3E9D26B150B4BB1241069A252900F.e.23755"}]}
COMMAND: GET /session/e75b3d5d2d0828505fb80b5e18bd174b/element/f.3CC06888A91A2B87598FBDB561306D63.d.F0E3E9D26B150B4BB1241069A252900F.e.23755/enabled - {}
COMMAND: GET /session/e75b3d5d2d0828505fb80b5e18bd174b/screenshot - {}
RESULT: {}
COMMAND: POST /session/e75b3d5d2d0828505fb80b5e18bd174b/element/f.3CC06888A91A2B87598FBDB561306D63.d.F0E3E9D26B150B4BB1241069A252900F.e.23755/clear - {}
COMMAND: GET /session/e75b3d5d2d0828505fb80b5e18bd174b/screenshot - {}
RESULT: {}
RESULT: {}
COMMAND: POST /session/e75b3d5d2d0828505fb80b5e18bd174b/element/f.3CC06888A91A2B87598FBDB561306D63.d.F0E3E9D26B150B4BB1241069A252900F.e.23755/value - {"text":"10404"}
COMMAND: GET /session/e75b3d5d2d0828505fb80b5e18bd174b/screenshot - {}
RESULT: {}
RESULT: {"text":"10404"}
COMMAND: GET /session/e75b3d5d2d0828505fb80b5e18bd174b/screenshot - {}
RESULT: {}
RESULT: {}
COMMAND: POST /session/e75b3d5d2d0828505fb80b5e18bd174b/actions - {"actions":[{"id":"action85","type":"key","parameters":{},"actions":[{"type":"keyDown","value":"î€‡"},{"type":"pause","duration":10},{"type":"keyUp","value":"î€‡"}]}]}
RESULT: {"actions":[{"id":"action85","type":"key","parameters":{},"actions":[{"type":"keyDown","value":"î€‡"},{"type":"pause","duration":10},{"type":"keyUp","value":"î€‡"}]}]}
COMMAND: GET /session/e75b3d5d2d0828505fb80b5e18bd174b/screenshot - {}
RESULT: {}
COMMAND: POST /session/e75b3d5d2d0828505fb80b5e18bd174b/element - {"using":"xpath","value":"//span[contains(@id, \"masterListContractsSmartTable-header-inner\")]"}
RESULT: {"using":"xpath","value":"//span[contains(@id, \"masterListContractsSmartTable-header-inner\")]"}
COMMAND: POST /session/e75b3d5d2d0828505fb80b5e18bd174b/elements - {"using":"xpath","value":"//span[contains(@id, \"masterListContractsSmartTable-header-inner\")]"}
RESULT: {"using":"xpath","value":"//span[contains(@id, \"masterListContractsSmartTable-header-inner\")]"}
COMMAND: POST /session/e75b3d5d2d0828505fb80b5e18bd174b/execute/sync - {"script":"<script> [56 bytes]","args":[{"element-6066-11e4-a52e-4f735466cecf":"f.3CC06888A91A2B87598FBDB561306D63.d.F0E3E9D26B150B4BB1241069A252900F.e.23858","ELEMENT":"f.3CC06888A91A2B87598FBDB561306D63.d.F0E3E9D26B150B4BB1241069A252900F.e.23858"}]}
RESULT: {"script":"<script> [56 bytes]","args":[{"element-6066-11e4-a52e-4f735466cecf":"f.3CC06888A91A2B87598FBDB561306D63.d.F0E3E9D26B150B4BB1241069A252900F.e.23858","ELEMENT":"f.3CC06888A91A2B87598FBDB561306D63.d.F0E3E9D26B150B4BB1241069A252900F.e.23858"}]}
COMMAND: POST /session/e75b3d5d2d0828505fb80b5e18bd174b/element - {"using":"xpath","value":"(//span[contains(@id, \"imgNav\")])[1]"}
COMMAND: GET /session/e75b3d5d2d0828505fb80b5e18bd174b/screenshot - {}
RESULT: {"using":"xpath","value":"(//span[contains(@id, \"imgNav\")])[1]"}
COMMAND: POST /session/e75b3d5d2d0828505fb80b5e18bd174b/element/f.3CC06888A91A2B87598FBDB561306D63.d.F0E3E9D26B150B4BB1241069A252900F.e.23856/click - {}
RESULT: {}
RESULT: {}
COMMAND: GET /session/e75b3d5d2d0828505fb80b5e18bd174b/screenshot - {}
RESULT: {}
COMMAND: POST /session/e75b3d5d2d0828505fb80b5e18bd174b/element - {"using":"xpath","value":"//tr[@data-kt=\"productsColumnListItem\"]//td//span[contains(@id, \"imgNav\")][1]"}
RESULT: {"using":"xpath","value":"//tr[@data-kt=\"productsColumnListItem\"]//td//span[contains(@id, \"imgNav\")][1]"}
COMMAND: POST /session/e75b3d5d2d0828505fb80b5e18bd174b/element/f.3CC06888A91A2B87598FBDB561306D63.d.F0E3E9D26B150B4BB1241069A252900F.e.24031/click - {}
RESULT: {}
COMMAND: GET /session/e75b3d5d2d0828505fb80b5e18bd174b/screenshot - {}
RESULT: {}
COMMAND: POST /session/e75b3d5d2d0828505fb80b5e18bd174b/element - {"using":"xpath","value":"//section[contains(@id, \"application-managecontracts-display-component---BillingItem--ObjectPageLayout-OPHeaderContent\")]/div/div/div/div/div[2]/div/div[2]/span"}
RESULT: {"using":"xpath","value":"//section[contains(@id, \"application-managecontracts-display-component---BillingItem--ObjectPageLayout-OPHeaderContent\")]/div/div/div/div/div[2]/div/div[2]/span"}
COMMAND: POST /session/e75b3d5d2d0828505fb80b5e18bd174b/execute/sync - {"script":"<script> [56 bytes]","args":[{"element-6066-11e4-a52e-4f735466cecf":"f.3CC06888A91A2B87598FBDB561306D63.d.F0E3E9D26B150B4BB1241069A252900F.e.24169","ELEMENT":"f.3CC06888A91A2B87598FBDB561306D63.d.F0E3E9D26B150B4BB1241069A252900F.e.24169"}]}
RESULT: {"script":"<script> [56 bytes]","args":[{"element-6066-11e4-a52e-4f735466cecf":"f.3CC06888A91A2B87598FBDB561306D63.d.F0E3E9D26B150B4BB1241069A252900F.e.24169","ELEMENT":"f.3CC06888A91A2B87598FBDB561306D63.d.F0E3E9D26B150B4BB1241069A252900F.e.24169"}]}
COMMAND: POST /session/e75b3d5d2d0828505fb80b5e18bd174b/element - {"using":"xpath","value":"//table[contains(@id, \"application-managecontracts-display-component---BillingItem--billingList-listUl\")]//td//*[contains(text(), \"partial billed\")]"}
COMMAND: GET /session/e75b3d5d2d0828505fb80b5e18bd174b/screenshot - {}
RESULT: {"using":"xpath","value":"//table[contains(@id, \"application-managecontracts-display-component---BillingItem--billingList-listUl\")]//td//*[contains(text(), \"partial billed\")]"}
COMMAND: POST /session/e75b3d5d2d0828505fb80b5e18bd174b/execute/sync - {"script":"<script> [56 bytes]","args":[{"element-6066-11e4-a52e-4f735466cecf":"f.3CC06888A91A2B87598FBDB561306D63.d.F0E3E9D26B150B4BB1241069A252900F.e.24170","ELEMENT":"f.3CC06888A91A2B87598FBDB561306D63.d.F0E3E9D26B150B4BB1241069A252900F.e.24170"}]}
RESULT: {}
RESULT: {"script":"<script> [56 bytes]","args":[{"element-6066-11e4-a52e-4f735466cecf":"f.3CC06888A91A2B87598FBDB561306D63.d.F0E3E9D26B150B4BB1241069A252900F.e.24170","ELEMENT":"f.3CC06888A91A2B87598FBDB561306D63.d.F0E3E9D26B150B4BB1241069A252900F.e.24170"}]}
COMMAND: POST /session/e75b3d5d2d0828505fb80b5e18bd174b/element - {"using":"css selector","value":"#shell-header-logo"}
COMMAND: GET /session/e75b3d5d2d0828505fb80b5e18bd174b/screenshot - {}
RESULT: {"using":"css selector","value":"#shell-header-logo"}
COMMAND: POST /session/e75b3d5d2d0828505fb80b5e18bd174b/element/f.3CC06888A91A2B87598FBDB561306D63.d.F0E3E9D26B150B4BB1241069A252900F.e.23746/click - {}
RESULT: {}
RESULT: {}
COMMAND: GET /session/e75b3d5d2d0828505fb80b5e18bd174b/screenshot - {}
RESULT: {}
]]></system-out>
    </testcase>
    <testcase classname="chrome.136_0_7103_93.windows.Billing_Calculation_-_Time_based_(considering_transport_times)_US139738" name="Should do a handover return 2 step 7 days after provide or 14 days from today receive it in 21 days" time="160.69">
      <system-out><![CDATA[
RESULT: undefined
COMMAND: POST /session/e75b3d5d2d0828505fb80b5e18bd174b/element - {"using":"xpath","value":"//*[@id=\"__tile130\"]"}
RESULT: {"using":"xpath","value":"//*[@id=\"__tile130\"]"}
COMMAND: POST /session/e75b3d5d2d0828505fb80b5e18bd174b/element/f.3CC06888A91A2B87598FBDB561306D63.d.F0E3E9D26B150B4BB1241069A252900F.e.19506/click - {}
RESULT: {}
COMMAND: GET /session/e75b3d5d2d0828505fb80b5e18bd174b/screenshot - {}
RESULT: {}
COMMAND: POST /session/e75b3d5d2d0828505fb80b5e18bd174b/elements - {"using":"xpath","value":"//span[text()='Error']"}
RESULT: {"using":"xpath","value":"//span[text()='Error']"}
COMMAND: POST /session/e75b3d5d2d0828505fb80b5e18bd174b/element - {"using":"xpath","value":"//button[@data-kt=\"addButton\"]"}
RESULT: {"using":"xpath","value":"//button[@data-kt=\"addButton\"]"}
COMMAND: POST /session/e75b3d5d2d0828505fb80b5e18bd174b/elements - {"using":"xpath","value":"//button[@data-kt=\"addButton\"]"}
RESULT: {"using":"xpath","value":"//button[@data-kt=\"addButton\"]"}
COMMAND: POST /session/e75b3d5d2d0828505fb80b5e18bd174b/execute/sync - {"script":"<script> [8489 bytes]","args":[{"element-6066-11e4-a52e-4f735466cecf":"f.3CC06888A91A2B87598FBDB561306D63.d.F0E3E9D26B150B4BB1241069A252900F.e.24216","ELEMENT":"f.3CC06888A91A2B87598FBDB561306D63.d.F0E3E9D26B150B4BB1241069A252900F.e.24216"}]}
RESULT: {"script":"<script> [8489 bytes]","args":[{"element-6066-11e4-a52e-4f735466cecf":"f.3CC06888A91A2B87598FBDB561306D63.d.F0E3E9D26B150B4BB1241069A252900F.e.24216","ELEMENT":"f.3CC06888A91A2B87598FBDB561306D63.d.F0E3E9D26B150B4BB1241069A252900F.e.24216"}]}
COMMAND: GET /session/e75b3d5d2d0828505fb80b5e18bd174b/element/f.3CC06888A91A2B87598FBDB561306D63.d.F0E3E9D26B150B4BB1241069A252900F.e.24216/enabled - {}
COMMAND: GET /session/e75b3d5d2d0828505fb80b5e18bd174b/screenshot - {}
RESULT: {}
COMMAND: POST /session/e75b3d5d2d0828505fb80b5e18bd174b/execute/sync - {"script":"<script> [8489 bytes]","args":[{"element-6066-11e4-a52e-4f735466cecf":"f.3CC06888A91A2B87598FBDB561306D63.d.F0E3E9D26B150B4BB1241069A252900F.e.24216","ELEMENT":"f.3CC06888A91A2B87598FBDB561306D63.d.F0E3E9D26B150B4BB1241069A252900F.e.24216"}]}
COMMAND: GET /session/e75b3d5d2d0828505fb80b5e18bd174b/screenshot - {}
RESULT: {}
RESULT: {"script":"<script> [8489 bytes]","args":[{"element-6066-11e4-a52e-4f735466cecf":"f.3CC06888A91A2B87598FBDB561306D63.d.F0E3E9D26B150B4BB1241069A252900F.e.24216","ELEMENT":"f.3CC06888A91A2B87598FBDB561306D63.d.F0E3E9D26B150B4BB1241069A252900F.e.24216"}]}
COMMAND: POST /session/e75b3d5d2d0828505fb80b5e18bd174b/execute/sync - {"script":"<script> [5351 bytes]","args":[{"element-6066-11e4-a52e-4f735466cecf":"f.3CC06888A91A2B87598FBDB561306D63.d.F0E3E9D26B150B4BB1241069A252900F.e.24216","ELEMENT":"f.3CC06888A91A2B87598FBDB561306D63.d.F0E3E9D26B150B4BB1241069A252900F.e.24216"}]}
COMMAND: GET /session/e75b3d5d2d0828505fb80b5e18bd174b/screenshot - {}
RESULT: {}
RESULT: {"script":"<script> [5351 bytes]","args":[{"element-6066-11e4-a52e-4f735466cecf":"f.3CC06888A91A2B87598FBDB561306D63.d.F0E3E9D26B150B4BB1241069A252900F.e.24216","ELEMENT":"f.3CC06888A91A2B87598FBDB561306D63.d.F0E3E9D26B150B4BB1241069A252900F.e.24216"}]}
COMMAND: GET /session/e75b3d5d2d0828505fb80b5e18bd174b/screenshot - {}
RESULT: {}
RESULT: {}
COMMAND: POST /session/e75b3d5d2d0828505fb80b5e18bd174b/element - {"using":"xpath","value":"//input[contains(@id ,\"smartContractFilterBar-btnBasicSearch-I\")]"}
RESULT: {"using":"xpath","value":"//input[contains(@id ,\"smartContractFilterBar-btnBasicSearch-I\")]"}
COMMAND: POST /session/e75b3d5d2d0828505fb80b5e18bd174b/elements - {"using":"xpath","value":"//input[contains(@id ,\"smartContractFilterBar-btnBasicSearch-I\")]"}
RESULT: {"using":"xpath","value":"//input[contains(@id ,\"smartContractFilterBar-btnBasicSearch-I\")]"}
COMMAND: POST /session/e75b3d5d2d0828505fb80b5e18bd174b/execute/sync - {"script":"<script> [8489 bytes]","args":[{"element-6066-11e4-a52e-4f735466cecf":"f.3CC06888A91A2B87598FBDB561306D63.d.F0E3E9D26B150B4BB1241069A252900F.e.24177","ELEMENT":"f.3CC06888A91A2B87598FBDB561306D63.d.F0E3E9D26B150B4BB1241069A252900F.e.24177"}]}
RESULT: {"script":"<script> [8489 bytes]","args":[{"element-6066-11e4-a52e-4f735466cecf":"f.3CC06888A91A2B87598FBDB561306D63.d.F0E3E9D26B150B4BB1241069A252900F.e.24177","ELEMENT":"f.3CC06888A91A2B87598FBDB561306D63.d.F0E3E9D26B150B4BB1241069A252900F.e.24177"}]}
COMMAND: GET /session/e75b3d5d2d0828505fb80b5e18bd174b/element/f.3CC06888A91A2B87598FBDB561306D63.d.F0E3E9D26B150B4BB1241069A252900F.e.24177/enabled - {}
COMMAND: GET /session/e75b3d5d2d0828505fb80b5e18bd174b/screenshot - {}
RESULT: {}
COMMAND: POST /session/e75b3d5d2d0828505fb80b5e18bd174b/element/f.3CC06888A91A2B87598FBDB561306D63.d.F0E3E9D26B150B4BB1241069A252900F.e.24177/clear - {}
COMMAND: GET /session/e75b3d5d2d0828505fb80b5e18bd174b/screenshot - {}
RESULT: {}
RESULT: {}
COMMAND: POST /session/e75b3d5d2d0828505fb80b5e18bd174b/element/f.3CC06888A91A2B87598FBDB561306D63.d.F0E3E9D26B150B4BB1241069A252900F.e.24177/value - {"text":"10404"}
COMMAND: GET /session/e75b3d5d2d0828505fb80b5e18bd174b/screenshot - {}
RESULT: {}
RESULT: {"text":"10404"}
COMMAND: GET /session/e75b3d5d2d0828505fb80b5e18bd174b/screenshot - {}
RESULT: {}
RESULT: {}
COMMAND: POST /session/e75b3d5d2d0828505fb80b5e18bd174b/actions - {"actions":[{"id":"action86","type":"key","parameters":{},"actions":[{"type":"keyDown","value":"î€‡"},{"type":"pause","duration":10},{"type":"keyUp","value":"î€‡"}]}]}
RESULT: {"actions":[{"id":"action86","type":"key","parameters":{},"actions":[{"type":"keyDown","value":"î€‡"},{"type":"pause","duration":10},{"type":"keyUp","value":"î€‡"}]}]}
COMMAND: GET /session/e75b3d5d2d0828505fb80b5e18bd174b/screenshot - {}
RESULT: {}
COMMAND: POST /session/e75b3d5d2d0828505fb80b5e18bd174b/element - {"using":"xpath","value":"//span[contains(@id, \"masterListContractsSmartTable-header-inner\")]"}
RESULT: {"using":"xpath","value":"//span[contains(@id, \"masterListContractsSmartTable-header-inner\")]"}
COMMAND: POST /session/e75b3d5d2d0828505fb80b5e18bd174b/elements - {"using":"xpath","value":"//span[contains(@id, \"masterListContractsSmartTable-header-inner\")]"}
RESULT: {"using":"xpath","value":"//span[contains(@id, \"masterListContractsSmartTable-header-inner\")]"}
COMMAND: POST /session/e75b3d5d2d0828505fb80b5e18bd174b/execute/sync - {"script":"<script> [56 bytes]","args":[{"element-6066-11e4-a52e-4f735466cecf":"f.3CC06888A91A2B87598FBDB561306D63.d.F0E3E9D26B150B4BB1241069A252900F.e.24286","ELEMENT":"f.3CC06888A91A2B87598FBDB561306D63.d.F0E3E9D26B150B4BB1241069A252900F.e.24286"}]}
RESULT: {"script":"<script> [56 bytes]","args":[{"element-6066-11e4-a52e-4f735466cecf":"f.3CC06888A91A2B87598FBDB561306D63.d.F0E3E9D26B150B4BB1241069A252900F.e.24286","ELEMENT":"f.3CC06888A91A2B87598FBDB561306D63.d.F0E3E9D26B150B4BB1241069A252900F.e.24286"}]}
COMMAND: POST /session/e75b3d5d2d0828505fb80b5e18bd174b/element - {"using":"xpath","value":"(//span[contains(@id, \"imgNav\")])[1]"}
COMMAND: GET /session/e75b3d5d2d0828505fb80b5e18bd174b/screenshot - {}
RESULT: {"using":"xpath","value":"(//span[contains(@id, \"imgNav\")])[1]"}
COMMAND: POST /session/e75b3d5d2d0828505fb80b5e18bd174b/element/f.3CC06888A91A2B87598FBDB561306D63.d.F0E3E9D26B150B4BB1241069A252900F.e.24284/click - {}
RESULT: {}
RESULT: {}
COMMAND: GET /session/e75b3d5d2d0828505fb80b5e18bd174b/screenshot - {}
RESULT: {}
COMMAND: POST /session/e75b3d5d2d0828505fb80b5e18bd174b/element - {"using":"xpath","value":"//button[contains(@id, \"contractDetailReturnButton\")]"}
RESULT: {"using":"xpath","value":"//button[contains(@id, \"contractDetailReturnButton\")]"}
COMMAND: POST /session/e75b3d5d2d0828505fb80b5e18bd174b/element/f.3CC06888A91A2B87598FBDB561306D63.d.F0E3E9D26B150B4BB1241069A252900F.e.24367/click - {}
RESULT: {}
COMMAND: GET /session/e75b3d5d2d0828505fb80b5e18bd174b/screenshot - {}
RESULT: undefined
COMMAND: POST /session/e75b3d5d2d0828505fb80b5e18bd174b/execute/async - {"script":"<script> [776 bytes]","args":[{"enterText":"6/2/25","selector":{"id":"application-managehandovers-display-component---AddNewHO--dueDate","interaction":{"idSuffix":"inner"}},"clearTextFirst":true,"interactionType":"ENTER_TEXT"}]}
RESULT: {}
RESULT: {"script":"<script> [776 bytes]","args":[{"enterText":"6/2/25","selector":{"id":"application-managehandovers-display-component---AddNewHO--dueDate","interaction":{"idSuffix":"inner"}},"clearTextFirst":true,"interactionType":"ENTER_TEXT"}]}
COMMAND: POST /session/e75b3d5d2d0828505fb80b5e18bd174b/element - {"using":"xpath","value":"//bdi[contains(text(), \"Instructions\")]"}
RESULT: {"using":"xpath","value":"//bdi[contains(text(), \"Instructions\")]"}
COMMAND: POST /session/e75b3d5d2d0828505fb80b5e18bd174b/element/f.3CC06888A91A2B87598FBDB561306D63.d.F0E3E9D26B150B4BB1241069A252900F.e.24733/click - {}
RESULT: {}
COMMAND: GET /session/e75b3d5d2d0828505fb80b5e18bd174b/screenshot - {}
RESULT: {}
COMMAND: POST /session/e75b3d5d2d0828505fb80b5e18bd174b/element - {"using":"xpath","value":"//button[@data-kt=\"AddNewHOProvideAddItemsButton\"]"}
RESULT: {"using":"xpath","value":"//button[@data-kt=\"AddNewHOProvideAddItemsButton\"]"}
COMMAND: POST /session/e75b3d5d2d0828505fb80b5e18bd174b/element/f.3CC06888A91A2B87598FBDB561306D63.d.F0E3E9D26B150B4BB1241069A252900F.e.24739/click - {}
RESULT: {}
COMMAND: GET /session/e75b3d5d2d0828505fb80b5e18bd174b/screenshot - {}
RESULT: {}
RESULT: undefined
COMMAND: POST /session/e75b3d5d2d0828505fb80b5e18bd174b/element - {"using":"xpath","value":"//*[@id=\"application-managehandovers-display-component---AddNewHO--popup-sa\"]"}
RESULT: {"using":"xpath","value":"//*[@id=\"application-managehandovers-display-component---AddNewHO--popup-sa\"]"}
COMMAND: POST /session/e75b3d5d2d0828505fb80b5e18bd174b/element/f.3CC06888A91A2B87598FBDB561306D63.d.F0E3E9D26B150B4BB1241069A252900F.e.24754/click - {}
RESULT: {}
COMMAND: GET /session/e75b3d5d2d0828505fb80b5e18bd174b/screenshot - {}
RESULT: {}
COMMAND: POST /session/e75b3d5d2d0828505fb80b5e18bd174b/element - {"using":"xpath","value":"//*[contains(@id ,\"BDI-content\")][contains(text(), \"Select\")]"}
RESULT: {"using":"xpath","value":"//*[contains(@id ,\"BDI-content\")][contains(text(), \"Select\")]"}
COMMAND: POST /session/e75b3d5d2d0828505fb80b5e18bd174b/element/f.3CC06888A91A2B87598FBDB561306D63.d.F0E3E9D26B150B4BB1241069A252900F.e.24756/click - {}
RESULT: {}
COMMAND: GET /session/e75b3d5d2d0828505fb80b5e18bd174b/screenshot - {}
RESULT: {}
COMMAND: POST /session/e75b3d5d2d0828505fb80b5e18bd174b/element - {"using":"xpath","value":"(//div[contains(@id, \"application-managehandovers-display-component---AddNewHO--oneStep-CbBg\")])"}
RESULT: {"using":"xpath","value":"(//div[contains(@id, \"application-managehandovers-display-component---AddNewHO--oneStep-CbBg\")])"}
COMMAND: POST /session/e75b3d5d2d0828505fb80b5e18bd174b/element/f.3CC06888A91A2B87598FBDB561306D63.d.F0E3E9D26B150B4BB1241069A252900F.e.24759/click - {}
RESULT: {}
RESULT: undefined
COMMAND: POST /session/e75b3d5d2d0828505fb80b5e18bd174b/element - {"using":"xpath","value":"//*[@id=\"application-managehandovers-display-component---AddNewHO--confirmCreationButton\"]"}
COMMAND: GET /session/e75b3d5d2d0828505fb80b5e18bd174b/screenshot - {}
RESULT: {}
RESULT: {"using":"xpath","value":"//*[@id=\"application-managehandovers-display-component---AddNewHO--confirmCreationButton\"]"}
COMMAND: POST /session/e75b3d5d2d0828505fb80b5e18bd174b/element/f.3CC06888A91A2B87598FBDB561306D63.d.F0E3E9D26B150B4BB1241069A252900F.e.24540/click - {}
RESULT: {}
COMMAND: GET /session/e75b3d5d2d0828505fb80b5e18bd174b/screenshot - {}
RESULT: {}
RESULT: undefined
COMMAND: POST /session/e75b3d5d2d0828505fb80b5e18bd174b/execute/async - {"script":"<script> [776 bytes]","args":[{"enterText":"6/2/25","selector":{"id":"issueDatePicker","viewName":"etm.portal.ui.managehandovers.view.DetailExecuteHO","interaction":{"idSuffix":"inner"}},"clearTextFirst":true,"interactionType":"ENTER_TEXT"}]}
RESULT: {"script":"<script> [776 bytes]","args":[{"enterText":"6/2/25","selector":{"id":"issueDatePicker","viewName":"etm.portal.ui.managehandovers.view.DetailExecuteHO","interaction":{"idSuffix":"inner"}},"clearTextFirst":true,"interactionType":"ENTER_TEXT"}]}
COMMAND: POST /session/e75b3d5d2d0828505fb80b5e18bd174b/element - {"using":"xpath","value":"//bdi[contains(text(), \"OK\")]"}
RESULT: {"using":"xpath","value":"//bdi[contains(text(), \"OK\")]"}
COMMAND: POST /session/e75b3d5d2d0828505fb80b5e18bd174b/element/f.3CC06888A91A2B87598FBDB561306D63.d.F0E3E9D26B150B4BB1241069A252900F.e.24803/click - {}
RESULT: {}
COMMAND: GET /session/e75b3d5d2d0828505fb80b5e18bd174b/screenshot - {}
RESULT: {}
COMMAND: POST /session/e75b3d5d2d0828505fb80b5e18bd174b/element - {"using":"xpath","value":"//button[@data-kt=\"PickingTableConfirmAllButton\"]"}
RESULT: {"using":"xpath","value":"//button[@data-kt=\"PickingTableConfirmAllButton\"]"}
COMMAND: POST /session/e75b3d5d2d0828505fb80b5e18bd174b/element/f.3CC06888A91A2B87598FBDB561306D63.d.F0E3E9D26B150B4BB1241069A252900F.e.24810/click - {}
RESULT: {}
COMMAND: GET /session/e75b3d5d2d0828505fb80b5e18bd174b/screenshot - {}
RESULT: {}
COMMAND: POST /session/e75b3d5d2d0828505fb80b5e18bd174b/element - {"using":"xpath","value":"//bdi[contains(text(), \"OK\")]"}
RESULT: {"using":"xpath","value":"//bdi[contains(text(), \"OK\")]"}
COMMAND: POST /session/e75b3d5d2d0828505fb80b5e18bd174b/element/f.3CC06888A91A2B87598FBDB561306D63.d.F0E3E9D26B150B4BB1241069A252900F.e.24814/click - {}
RESULT: {}
COMMAND: GET /session/e75b3d5d2d0828505fb80b5e18bd174b/screenshot - {}
RESULT: {}
COMMAND: POST /session/e75b3d5d2d0828505fb80b5e18bd174b/element - {"using":"xpath","value":"//button[@data-kt=\"execHoPickButton\"]"}
RESULT: {"using":"xpath","value":"//button[@data-kt=\"execHoPickButton\"]"}
COMMAND: POST /session/e75b3d5d2d0828505fb80b5e18bd174b/element/f.3CC06888A91A2B87598FBDB561306D63.d.F0E3E9D26B150B4BB1241069A252900F.e.24815/click - {}
RESULT: {}
COMMAND: GET /session/e75b3d5d2d0828505fb80b5e18bd174b/screenshot - {}
RESULT: {}
COMMAND: POST /session/e75b3d5d2d0828505fb80b5e18bd174b/element - {"using":"xpath","value":"//span[contains(@id ,\"filterItemControl_BASIC-SEND_CONTRACT-vhi\")]"}
RESULT: {"using":"xpath","value":"//span[contains(@id ,\"filterItemControl_BASIC-SEND_CONTRACT-vhi\")]"}
COMMAND: POST /session/e75b3d5d2d0828505fb80b5e18bd174b/element/f.3CC06888A91A2B87598FBDB561306D63.d.F0E3E9D26B150B4BB1241069A252900F.e.24988/click - {}
RESULT: {}
COMMAND: GET /session/e75b3d5d2d0828505fb80b5e18bd174b/screenshot - {}
RESULT: {}
RESULT: undefined
COMMAND: POST /session/e75b3d5d2d0828505fb80b5e18bd174b/execute/async - {"script":"<script> [776 bytes]","args":[{"enterText":"10404","selector":{"controlType":"sap.m.SearchField","viewName":"etm.portal.ui.managehandovers.view.MasterHO","bindingPath":{"path":"","propertyPath":"/_BASIC_SEARCH_FIELD","modelName":"fi1t3rM0d31"},"searchOpenDialogs":true,"interaction":{"idSuffix":"I"}},"clearTextFirst":true,"interactionType":"ENTER_TEXT"}]}
RESULT: {"script":"<script> [776 bytes]","args":[{"enterText":"10404","selector":{"controlType":"sap.m.SearchField","viewName":"etm.portal.ui.managehandovers.view.MasterHO","bindingPath":{"path":"","propertyPath":"/_BASIC_SEARCH_FIELD","modelName":"fi1t3rM0d31"},"searchOpenDialogs":true,"interaction":{"idSuffix":"I"}},"clearTextFirst":true,"interactionType":"ENTER_TEXT"}]}
COMMAND: POST /session/e75b3d5d2d0828505fb80b5e18bd174b/actions - {"actions":[{"id":"action87","type":"key","parameters":{},"actions":[{"type":"keyDown","value":"î€‡"},{"type":"pause","duration":10},{"type":"keyUp","value":"î€‡"}]}]}
RESULT: {"actions":[{"id":"action87","type":"key","parameters":{},"actions":[{"type":"keyDown","value":"î€‡"},{"type":"pause","duration":10},{"type":"keyUp","value":"î€‡"}]}]}
COMMAND: GET /session/e75b3d5d2d0828505fb80b5e18bd174b/screenshot - {}
RESULT: {}
COMMAND: POST /session/e75b3d5d2d0828505fb80b5e18bd174b/element - {"using":"xpath","value":"//div[contains(@id, 'filterItemControl_BASIC-SEND_CONTRACT-valueHelpDialog-table-rowsel0')]"}
RESULT: {"using":"xpath","value":"//div[contains(@id, 'filterItemControl_BASIC-SEND_CONTRACT-valueHelpDialog-table-rowsel0')]"}
COMMAND: POST /session/e75b3d5d2d0828505fb80b5e18bd174b/element/f.3CC06888A91A2B87598FBDB561306D63.d.F0E3E9D26B150B4BB1241069A252900F.e.24997/click - {}
RESULT: {}
COMMAND: GET /session/e75b3d5d2d0828505fb80b5e18bd174b/screenshot - {}
RESULT: {}
COMMAND: POST /session/e75b3d5d2d0828505fb80b5e18bd174b/element - {"using":"xpath","value":"//bdi[contains(text(), \"OK\")]"}
RESULT: {"using":"xpath","value":"//bdi[contains(text(), \"OK\")]"}
COMMAND: POST /session/e75b3d5d2d0828505fb80b5e18bd174b/element/f.3CC06888A91A2B87598FBDB561306D63.d.F0E3E9D26B150B4BB1241069A252900F.e.24999/click - {}
RESULT: {}
COMMAND: GET /session/e75b3d5d2d0828505fb80b5e18bd174b/screenshot - {}
RESULT: {}
COMMAND: POST /session/e75b3d5d2d0828505fb80b5e18bd174b/element - {"using":"xpath","value":"//span[contains(@id, \"smartTable-header-inner\")]"}
RESULT: {"using":"xpath","value":"//span[contains(@id, \"smartTable-header-inner\")]"}
COMMAND: POST /session/e75b3d5d2d0828505fb80b5e18bd174b/elements - {"using":"xpath","value":"//span[contains(@id, \"smartTable-header-inner\")]"}
RESULT: {"using":"xpath","value":"//span[contains(@id, \"smartTable-header-inner\")]"}
COMMAND: POST /session/e75b3d5d2d0828505fb80b5e18bd174b/execute/sync - {"script":"<script> [56 bytes]","args":[{"element-6066-11e4-a52e-4f735466cecf":"f.3CC06888A91A2B87598FBDB561306D63.d.F0E3E9D26B150B4BB1241069A252900F.e.25027","ELEMENT":"f.3CC06888A91A2B87598FBDB561306D63.d.F0E3E9D26B150B4BB1241069A252900F.e.25027"}]}
RESULT: {"script":"<script> [56 bytes]","args":[{"element-6066-11e4-a52e-4f735466cecf":"f.3CC06888A91A2B87598FBDB561306D63.d.F0E3E9D26B150B4BB1241069A252900F.e.25027","ELEMENT":"f.3CC06888A91A2B87598FBDB561306D63.d.F0E3E9D26B150B4BB1241069A252900F.e.25027"}]}
COMMAND: POST /session/e75b3d5d2d0828505fb80b5e18bd174b/element - {"using":"xpath","value":"//table[contains(@id, \"customHandovers\")]//tbody/tr[1]/td[2]/span"}
COMMAND: GET /session/e75b3d5d2d0828505fb80b5e18bd174b/screenshot - {}
RESULT: {"using":"xpath","value":"//table[contains(@id, \"customHandovers\")]//tbody/tr[1]/td[2]/span"}
COMMAND: POST /session/e75b3d5d2d0828505fb80b5e18bd174b/execute/sync - {"script":"<script> [56 bytes]","args":[{"element-6066-11e4-a52e-4f735466cecf":"f.3CC06888A91A2B87598FBDB561306D63.d.F0E3E9D26B150B4BB1241069A252900F.e.25028","ELEMENT":"f.3CC06888A91A2B87598FBDB561306D63.d.F0E3E9D26B150B4BB1241069A252900F.e.25028"}]}
RESULT: {}
RESULT: {"script":"<script> [56 bytes]","args":[{"element-6066-11e4-a52e-4f735466cecf":"f.3CC06888A91A2B87598FBDB561306D63.d.F0E3E9D26B150B4BB1241069A252900F.e.25028","ELEMENT":"f.3CC06888A91A2B87598FBDB561306D63.d.F0E3E9D26B150B4BB1241069A252900F.e.25028"}]}
COMMAND: POST /session/e75b3d5d2d0828505fb80b5e18bd174b/element - {"using":"xpath","value":"(//span[contains(@id, \"imgNav\")])[1]"}
COMMAND: GET /session/e75b3d5d2d0828505fb80b5e18bd174b/screenshot - {}
RESULT: {"using":"xpath","value":"(//span[contains(@id, \"imgNav\")])[1]"}
COMMAND: POST /session/e75b3d5d2d0828505fb80b5e18bd174b/element/f.3CC06888A91A2B87598FBDB561306D63.d.F0E3E9D26B150B4BB1241069A252900F.e.25026/click - {}
RESULT: {}
RESULT: {}
COMMAND: GET /session/e75b3d5d2d0828505fb80b5e18bd174b/screenshot - {}
RESULT: {}
RESULT: undefined
COMMAND: POST /session/e75b3d5d2d0828505fb80b5e18bd174b/execute/async - {"script":"<script> [776 bytes]","args":[{"enterText":"6/2/25","selector":{"id":"issueDatePicker","viewName":"etm.portal.ui.managehandovers.view.DetailExecuteHO","interaction":{"idSuffix":"inner"}},"clearTextFirst":true,"interactionType":"ENTER_TEXT"}]}
RESULT: {"script":"<script> [776 bytes]","args":[{"enterText":"6/2/25","selector":{"id":"issueDatePicker","viewName":"etm.portal.ui.managehandovers.view.DetailExecuteHO","interaction":{"idSuffix":"inner"}},"clearTextFirst":true,"interactionType":"ENTER_TEXT"}]}
COMMAND: POST /session/e75b3d5d2d0828505fb80b5e18bd174b/element - {"using":"xpath","value":"//button[@data-kt=\"PickingTableConfirmAllButton\"]"}
RESULT: {"using":"xpath","value":"//button[@data-kt=\"PickingTableConfirmAllButton\"]"}
COMMAND: POST /session/e75b3d5d2d0828505fb80b5e18bd174b/element/f.3CC06888A91A2B87598FBDB561306D63.d.F0E3E9D26B150B4BB1241069A252900F.e.25045/click - {}
RESULT: {}
COMMAND: GET /session/e75b3d5d2d0828505fb80b5e18bd174b/screenshot - {}
RESULT: {}
COMMAND: POST /session/e75b3d5d2d0828505fb80b5e18bd174b/element - {"using":"xpath","value":"//bdi[contains(text(), \"OK\")]"}
RESULT: {"using":"xpath","value":"//bdi[contains(text(), \"OK\")]"}
COMMAND: POST /session/e75b3d5d2d0828505fb80b5e18bd174b/element/f.3CC06888A91A2B87598FBDB561306D63.d.F0E3E9D26B150B4BB1241069A252900F.e.25071/click - {}
RESULT: {}
COMMAND: GET /session/e75b3d5d2d0828505fb80b5e18bd174b/screenshot - {}
RESULT: {}
COMMAND: POST /session/e75b3d5d2d0828505fb80b5e18bd174b/element - {"using":"xpath","value":"//button[@data-kt=\"execHoIssueButton\"]"}
RESULT: {"using":"xpath","value":"//button[@data-kt=\"execHoIssueButton\"]"}
COMMAND: POST /session/e75b3d5d2d0828505fb80b5e18bd174b/element/f.3CC06888A91A2B87598FBDB561306D63.d.F0E3E9D26B150B4BB1241069A252900F.e.25073/click - {}
RESULT: {}
COMMAND: GET /session/e75b3d5d2d0828505fb80b5e18bd174b/screenshot - {}
RESULT: {}
COMMAND: POST /session/e75b3d5d2d0828505fb80b5e18bd174b/element - {"using":"xpath","value":"//input[contains(@id ,\"smartFilterBar-btnBasicSearch-I\")]"}
RESULT: {"using":"xpath","value":"//input[contains(@id ,\"smartFilterBar-btnBasicSearch-I\")]"}
COMMAND: POST /session/e75b3d5d2d0828505fb80b5e18bd174b/elements - {"using":"xpath","value":"//input[contains(@id ,\"smartFilterBar-btnBasicSearch-I\")]"}
RESULT: {"using":"xpath","value":"//input[contains(@id ,\"smartFilterBar-btnBasicSearch-I\")]"}
COMMAND: POST /session/e75b3d5d2d0828505fb80b5e18bd174b/execute/sync - {"script":"<script> [8489 bytes]","args":[{"element-6066-11e4-a52e-4f735466cecf":"f.3CC06888A91A2B87598FBDB561306D63.d.F0E3E9D26B150B4BB1241069A252900F.e.24524","ELEMENT":"f.3CC06888A91A2B87598FBDB561306D63.d.F0E3E9D26B150B4BB1241069A252900F.e.24524"}]}
RESULT: {"script":"<script> [8489 bytes]","args":[{"element-6066-11e4-a52e-4f735466cecf":"f.3CC06888A91A2B87598FBDB561306D63.d.F0E3E9D26B150B4BB1241069A252900F.e.24524","ELEMENT":"f.3CC06888A91A2B87598FBDB561306D63.d.F0E3E9D26B150B4BB1241069A252900F.e.24524"}]}
COMMAND: GET /session/e75b3d5d2d0828505fb80b5e18bd174b/element/f.3CC06888A91A2B87598FBDB561306D63.d.F0E3E9D26B150B4BB1241069A252900F.e.24524/enabled - {}
COMMAND: GET /session/e75b3d5d2d0828505fb80b5e18bd174b/screenshot - {}
RESULT: {}
COMMAND: POST /session/e75b3d5d2d0828505fb80b5e18bd174b/element/f.3CC06888A91A2B87598FBDB561306D63.d.F0E3E9D26B150B4BB1241069A252900F.e.24524/clear - {}
COMMAND: GET /session/e75b3d5d2d0828505fb80b5e18bd174b/screenshot - {}
RESULT: {}
RESULT: {}
COMMAND: POST /session/e75b3d5d2d0828505fb80b5e18bd174b/element/f.3CC06888A91A2B87598FBDB561306D63.d.F0E3E9D26B150B4BB1241069A252900F.e.24524/value - {"text":"30785"}
COMMAND: GET /session/e75b3d5d2d0828505fb80b5e18bd174b/screenshot - {}
RESULT: {}
RESULT: {"text":"30785"}
COMMAND: GET /session/e75b3d5d2d0828505fb80b5e18bd174b/screenshot - {}
RESULT: {}
RESULT: {}
COMMAND: POST /session/e75b3d5d2d0828505fb80b5e18bd174b/actions - {"actions":[{"id":"action88","type":"key","parameters":{},"actions":[{"type":"keyDown","value":"î€‡"},{"type":"pause","duration":10},{"type":"keyUp","value":"î€‡"}]}]}
RESULT: {"actions":[{"id":"action88","type":"key","parameters":{},"actions":[{"type":"keyDown","value":"î€‡"},{"type":"pause","duration":10},{"type":"keyUp","value":"î€‡"}]}]}
COMMAND: GET /session/e75b3d5d2d0828505fb80b5e18bd174b/screenshot - {}
RESULT: {}
COMMAND: POST /session/e75b3d5d2d0828505fb80b5e18bd174b/element - {"using":"xpath","value":"//span[contains(@id, \"smartTable-header-inner\")]"}
RESULT: {"using":"xpath","value":"//span[contains(@id, \"smartTable-header-inner\")]"}
COMMAND: POST /session/e75b3d5d2d0828505fb80b5e18bd174b/elements - {"using":"xpath","value":"//span[contains(@id, \"smartTable-header-inner\")]"}
RESULT: {"using":"xpath","value":"//span[contains(@id, \"smartTable-header-inner\")]"}
COMMAND: POST /session/e75b3d5d2d0828505fb80b5e18bd174b/execute/sync - {"script":"<script> [56 bytes]","args":[{"element-6066-11e4-a52e-4f735466cecf":"f.3CC06888A91A2B87598FBDB561306D63.d.F0E3E9D26B150B4BB1241069A252900F.e.25027","ELEMENT":"f.3CC06888A91A2B87598FBDB561306D63.d.F0E3E9D26B150B4BB1241069A252900F.e.25027"}]}
RESULT: {"script":"<script> [56 bytes]","args":[{"element-6066-11e4-a52e-4f735466cecf":"f.3CC06888A91A2B87598FBDB561306D63.d.F0E3E9D26B150B4BB1241069A252900F.e.25027","ELEMENT":"f.3CC06888A91A2B87598FBDB561306D63.d.F0E3E9D26B150B4BB1241069A252900F.e.25027"}]}
COMMAND: POST /session/e75b3d5d2d0828505fb80b5e18bd174b/elements - {"using":"xpath","value":"//thead[contains(@class, \"sapMTableTH\")]/tr/th"}
COMMAND: GET /session/e75b3d5d2d0828505fb80b5e18bd174b/screenshot - {}
RESULT: {"using":"xpath","value":"//thead[contains(@class, \"sapMTableTH\")]/tr/th"}
COMMAND: GET /session/e75b3d5d2d0828505fb80b5e18bd174b/element/f.3CC06888A91A2B87598FBDB561306D63.d.F0E3E9D26B150B4BB1241069A252900F.e.25122/text - {}
RESULT: {}
RESULT: {}
COMMAND: GET /session/e75b3d5d2d0828505fb80b5e18bd174b/element/f.3CC06888A91A2B87598FBDB561306D63.d.F0E3E9D26B150B4BB1241069A252900F.e.25123/text - {}
RESULT: {}
COMMAND: GET /session/e75b3d5d2d0828505fb80b5e18bd174b/element/f.3CC06888A91A2B87598FBDB561306D63.d.F0E3E9D26B150B4BB1241069A252900F.e.24570/text - {}
RESULT: {}
COMMAND: GET /session/e75b3d5d2d0828505fb80b5e18bd174b/element/f.3CC06888A91A2B87598FBDB561306D63.d.F0E3E9D26B150B4BB1241069A252900F.e.24572/text - {}
RESULT: {}
COMMAND: GET /session/e75b3d5d2d0828505fb80b5e18bd174b/element/f.3CC06888A91A2B87598FBDB561306D63.d.F0E3E9D26B150B4BB1241069A252900F.e.25077/text - {}
RESULT: {}
COMMAND: GET /session/e75b3d5d2d0828505fb80b5e18bd174b/element/f.3CC06888A91A2B87598FBDB561306D63.d.F0E3E9D26B150B4BB1241069A252900F.e.25078/text - {}
RESULT: {}
COMMAND: GET /session/e75b3d5d2d0828505fb80b5e18bd174b/element/f.3CC06888A91A2B87598FBDB561306D63.d.F0E3E9D26B150B4BB1241069A252900F.e.25079/text - {}
RESULT: {}
COMMAND: GET /session/e75b3d5d2d0828505fb80b5e18bd174b/element/f.3CC06888A91A2B87598FBDB561306D63.d.F0E3E9D26B150B4BB1241069A252900F.e.25080/text - {}
RESULT: {}
COMMAND: GET /session/e75b3d5d2d0828505fb80b5e18bd174b/element/f.3CC06888A91A2B87598FBDB561306D63.d.F0E3E9D26B150B4BB1241069A252900F.e.25081/text - {}
RESULT: {}
COMMAND: GET /session/e75b3d5d2d0828505fb80b5e18bd174b/element/f.3CC06888A91A2B87598FBDB561306D63.d.F0E3E9D26B150B4BB1241069A252900F.e.25082/text - {}
RESULT: {}
COMMAND: GET /session/e75b3d5d2d0828505fb80b5e18bd174b/element/f.3CC06888A91A2B87598FBDB561306D63.d.F0E3E9D26B150B4BB1241069A252900F.e.25083/text - {}
RESULT: {}
COMMAND: GET /session/e75b3d5d2d0828505fb80b5e18bd174b/element/f.3CC06888A91A2B87598FBDB561306D63.d.F0E3E9D26B150B4BB1241069A252900F.e.25084/text - {}
RESULT: {}
COMMAND: GET /session/e75b3d5d2d0828505fb80b5e18bd174b/element/f.3CC06888A91A2B87598FBDB561306D63.d.F0E3E9D26B150B4BB1241069A252900F.e.25085/text - {}
RESULT: {}
COMMAND: GET /session/e75b3d5d2d0828505fb80b5e18bd174b/element/f.3CC06888A91A2B87598FBDB561306D63.d.F0E3E9D26B150B4BB1241069A252900F.e.24573/text - {}
RESULT: {}
COMMAND: POST /session/e75b3d5d2d0828505fb80b5e18bd174b/element - {"using":"xpath","value":"//tbody[contains(@id, \"customHandoversTable-tblBody\")]/tr[1]/td[14]/div/span"}
RESULT: {"using":"xpath","value":"//tbody[contains(@id, \"customHandoversTable-tblBody\")]/tr[1]/td[14]/div/span"}
COMMAND: POST /session/e75b3d5d2d0828505fb80b5e18bd174b/execute/sync - {"script":"<script> [56 bytes]","args":[{"element-6066-11e4-a52e-4f735466cecf":"f.3CC06888A91A2B87598FBDB561306D63.d.F0E3E9D26B150B4BB1241069A252900F.e.25176","ELEMENT":"f.3CC06888A91A2B87598FBDB561306D63.d.F0E3E9D26B150B4BB1241069A252900F.e.25176"}]}
RESULT: {"script":"<script> [56 bytes]","args":[{"element-6066-11e4-a52e-4f735466cecf":"f.3CC06888A91A2B87598FBDB561306D63.d.F0E3E9D26B150B4BB1241069A252900F.e.25176","ELEMENT":"f.3CC06888A91A2B87598FBDB561306D63.d.F0E3E9D26B150B4BB1241069A252900F.e.25176"}]}
COMMAND: POST /session/e75b3d5d2d0828505fb80b5e18bd174b/element - {"using":"xpath","value":"(//span[contains(@id, \"imgNav\")])[1]"}
COMMAND: GET /session/e75b3d5d2d0828505fb80b5e18bd174b/screenshot - {}
RESULT: {"using":"xpath","value":"(//span[contains(@id, \"imgNav\")])[1]"}
COMMAND: POST /session/e75b3d5d2d0828505fb80b5e18bd174b/element/f.3CC06888A91A2B87598FBDB561306D63.d.F0E3E9D26B150B4BB1241069A252900F.e.25115/click - {}
RESULT: {}
RESULT: {}
COMMAND: GET /session/e75b3d5d2d0828505fb80b5e18bd174b/screenshot - {}
RESULT: {}
RESULT: undefined
COMMAND: POST /session/e75b3d5d2d0828505fb80b5e18bd174b/execute/async - {"script":"<script> [776 bytes]","args":[{"enterText":"6/9/25","selector":{"id":"receiptDatePicker","viewName":"etm.portal.ui.managehandovers.view.DetailExecuteHO","interaction":{"idSuffix":"inner"}},"clearTextFirst":true,"interactionType":"ENTER_TEXT"}]}
RESULT: {"script":"<script> [776 bytes]","args":[{"enterText":"6/9/25","selector":{"id":"receiptDatePicker","viewName":"etm.portal.ui.managehandovers.view.DetailExecuteHO","interaction":{"idSuffix":"inner"}},"clearTextFirst":true,"interactionType":"ENTER_TEXT"}]}
COMMAND: POST /session/e75b3d5d2d0828505fb80b5e18bd174b/element - {"using":"xpath","value":"//bdi[contains(text(), \"OK\")]"}
RESULT: {"using":"xpath","value":"//bdi[contains(text(), \"OK\")]"}
COMMAND: POST /session/e75b3d5d2d0828505fb80b5e18bd174b/element/f.3CC06888A91A2B87598FBDB561306D63.d.F0E3E9D26B150B4BB1241069A252900F.e.25205/click - {}
RESULT: {}
COMMAND: GET /session/e75b3d5d2d0828505fb80b5e18bd174b/screenshot - {}
RESULT: {}
COMMAND: POST /session/e75b3d5d2d0828505fb80b5e18bd174b/element - {"using":"xpath","value":"//button[@data-kt=\"PickingTableConfirmAllButton\"]"}
RESULT: {"using":"xpath","value":"//button[@data-kt=\"PickingTableConfirmAllButton\"]"}
COMMAND: POST /session/e75b3d5d2d0828505fb80b5e18bd174b/element/f.3CC06888A91A2B87598FBDB561306D63.d.F0E3E9D26B150B4BB1241069A252900F.e.25192/click - {}
RESULT: {}
COMMAND: GET /session/e75b3d5d2d0828505fb80b5e18bd174b/screenshot - {}
RESULT: {}
COMMAND: POST /session/e75b3d5d2d0828505fb80b5e18bd174b/element - {"using":"xpath","value":"//bdi[contains(text(), \"OK\")]"}
RESULT: {"using":"xpath","value":"//bdi[contains(text(), \"OK\")]"}
COMMAND: POST /session/e75b3d5d2d0828505fb80b5e18bd174b/element/f.3CC06888A91A2B87598FBDB561306D63.d.F0E3E9D26B150B4BB1241069A252900F.e.25220/click - {}
RESULT: {}
COMMAND: GET /session/e75b3d5d2d0828505fb80b5e18bd174b/screenshot - {}
RESULT: {}
COMMAND: POST /session/e75b3d5d2d0828505fb80b5e18bd174b/element - {"using":"xpath","value":"//button[@data-kt= \"execHoReceiveButton\"]"}
RESULT: {"using":"xpath","value":"//button[@data-kt= \"execHoReceiveButton\"]"}
COMMAND: POST /session/e75b3d5d2d0828505fb80b5e18bd174b/element/f.3CC06888A91A2B87598FBDB561306D63.d.F0E3E9D26B150B4BB1241069A252900F.e.25221/click - {}
RESULT: {}
COMMAND: GET /session/e75b3d5d2d0828505fb80b5e18bd174b/screenshot - {}
RESULT: {}
COMMAND: POST /session/e75b3d5d2d0828505fb80b5e18bd174b/element - {"using":"xpath","value":"//input[contains(@id ,\"smartFilterBar-btnBasicSearch-I\")]"}
RESULT: {"using":"xpath","value":"//input[contains(@id ,\"smartFilterBar-btnBasicSearch-I\")]"}
COMMAND: POST /session/e75b3d5d2d0828505fb80b5e18bd174b/elements - {"using":"xpath","value":"//input[contains(@id ,\"smartFilterBar-btnBasicSearch-I\")]"}
RESULT: {"using":"xpath","value":"//input[contains(@id ,\"smartFilterBar-btnBasicSearch-I\")]"}
COMMAND: POST /session/e75b3d5d2d0828505fb80b5e18bd174b/execute/sync - {"script":"<script> [8489 bytes]","args":[{"element-6066-11e4-a52e-4f735466cecf":"f.3CC06888A91A2B87598FBDB561306D63.d.F0E3E9D26B150B4BB1241069A252900F.e.24524","ELEMENT":"f.3CC06888A91A2B87598FBDB561306D63.d.F0E3E9D26B150B4BB1241069A252900F.e.24524"}]}
RESULT: {"script":"<script> [8489 bytes]","args":[{"element-6066-11e4-a52e-4f735466cecf":"f.3CC06888A91A2B87598FBDB561306D63.d.F0E3E9D26B150B4BB1241069A252900F.e.24524","ELEMENT":"f.3CC06888A91A2B87598FBDB561306D63.d.F0E3E9D26B150B4BB1241069A252900F.e.24524"}]}
COMMAND: GET /session/e75b3d5d2d0828505fb80b5e18bd174b/element/f.3CC06888A91A2B87598FBDB561306D63.d.F0E3E9D26B150B4BB1241069A252900F.e.24524/enabled - {}
COMMAND: GET /session/e75b3d5d2d0828505fb80b5e18bd174b/screenshot - {}
RESULT: {}
COMMAND: POST /session/e75b3d5d2d0828505fb80b5e18bd174b/element/f.3CC06888A91A2B87598FBDB561306D63.d.F0E3E9D26B150B4BB1241069A252900F.e.24524/clear - {}
COMMAND: GET /session/e75b3d5d2d0828505fb80b5e18bd174b/screenshot - {}
RESULT: {}
RESULT: {}
COMMAND: POST /session/e75b3d5d2d0828505fb80b5e18bd174b/element/f.3CC06888A91A2B87598FBDB561306D63.d.F0E3E9D26B150B4BB1241069A252900F.e.24524/value - {"text":"30785"}
COMMAND: GET /session/e75b3d5d2d0828505fb80b5e18bd174b/screenshot - {}
RESULT: {}
RESULT: {"text":"30785"}
COMMAND: GET /session/e75b3d5d2d0828505fb80b5e18bd174b/screenshot - {}
RESULT: {}
RESULT: {}
COMMAND: POST /session/e75b3d5d2d0828505fb80b5e18bd174b/actions - {"actions":[{"id":"action89","type":"key","parameters":{},"actions":[{"type":"keyDown","value":"î€‡"},{"type":"pause","duration":10},{"type":"keyUp","value":"î€‡"}]}]}
RESULT: {"actions":[{"id":"action89","type":"key","parameters":{},"actions":[{"type":"keyDown","value":"î€‡"},{"type":"pause","duration":10},{"type":"keyUp","value":"î€‡"}]}]}
COMMAND: GET /session/e75b3d5d2d0828505fb80b5e18bd174b/screenshot - {}
RESULT: {}
COMMAND: POST /session/e75b3d5d2d0828505fb80b5e18bd174b/element - {"using":"xpath","value":"//span[contains(@id, \"smartTable-header-inner\")]"}
RESULT: {"using":"xpath","value":"//span[contains(@id, \"smartTable-header-inner\")]"}
COMMAND: POST /session/e75b3d5d2d0828505fb80b5e18bd174b/elements - {"using":"xpath","value":"//span[contains(@id, \"smartTable-header-inner\")]"}
RESULT: {"using":"xpath","value":"//span[contains(@id, \"smartTable-header-inner\")]"}
COMMAND: POST /session/e75b3d5d2d0828505fb80b5e18bd174b/execute/sync - {"script":"<script> [56 bytes]","args":[{"element-6066-11e4-a52e-4f735466cecf":"f.3CC06888A91A2B87598FBDB561306D63.d.F0E3E9D26B150B4BB1241069A252900F.e.25027","ELEMENT":"f.3CC06888A91A2B87598FBDB561306D63.d.F0E3E9D26B150B4BB1241069A252900F.e.25027"}]}
RESULT: {"script":"<script> [56 bytes]","args":[{"element-6066-11e4-a52e-4f735466cecf":"f.3CC06888A91A2B87598FBDB561306D63.d.F0E3E9D26B150B4BB1241069A252900F.e.25027","ELEMENT":"f.3CC06888A91A2B87598FBDB561306D63.d.F0E3E9D26B150B4BB1241069A252900F.e.25027"}]}
COMMAND: POST /session/e75b3d5d2d0828505fb80b5e18bd174b/elements - {"using":"xpath","value":"//thead[contains(@class, \"sapMTableTH\")]/tr/th"}
COMMAND: GET /session/e75b3d5d2d0828505fb80b5e18bd174b/screenshot - {}
RESULT: {"using":"xpath","value":"//thead[contains(@class, \"sapMTableTH\")]/tr/th"}
COMMAND: GET /session/e75b3d5d2d0828505fb80b5e18bd174b/element/f.3CC06888A91A2B87598FBDB561306D63.d.F0E3E9D26B150B4BB1241069A252900F.e.25122/text - {}
RESULT: {}
RESULT: {}
COMMAND: GET /session/e75b3d5d2d0828505fb80b5e18bd174b/element/f.3CC06888A91A2B87598FBDB561306D63.d.F0E3E9D26B150B4BB1241069A252900F.e.25123/text - {}
RESULT: {}
COMMAND: GET /session/e75b3d5d2d0828505fb80b5e18bd174b/element/f.3CC06888A91A2B87598FBDB561306D63.d.F0E3E9D26B150B4BB1241069A252900F.e.24570/text - {}
RESULT: {}
COMMAND: GET /session/e75b3d5d2d0828505fb80b5e18bd174b/element/f.3CC06888A91A2B87598FBDB561306D63.d.F0E3E9D26B150B4BB1241069A252900F.e.24572/text - {}
RESULT: {}
COMMAND: GET /session/e75b3d5d2d0828505fb80b5e18bd174b/element/f.3CC06888A91A2B87598FBDB561306D63.d.F0E3E9D26B150B4BB1241069A252900F.e.25225/text - {}
RESULT: {}
COMMAND: GET /session/e75b3d5d2d0828505fb80b5e18bd174b/element/f.3CC06888A91A2B87598FBDB561306D63.d.F0E3E9D26B150B4BB1241069A252900F.e.25226/text - {}
RESULT: {}
COMMAND: GET /session/e75b3d5d2d0828505fb80b5e18bd174b/element/f.3CC06888A91A2B87598FBDB561306D63.d.F0E3E9D26B150B4BB1241069A252900F.e.25227/text - {}
RESULT: {}
COMMAND: GET /session/e75b3d5d2d0828505fb80b5e18bd174b/element/f.3CC06888A91A2B87598FBDB561306D63.d.F0E3E9D26B150B4BB1241069A252900F.e.25228/text - {}
RESULT: {}
COMMAND: GET /session/e75b3d5d2d0828505fb80b5e18bd174b/element/f.3CC06888A91A2B87598FBDB561306D63.d.F0E3E9D26B150B4BB1241069A252900F.e.25229/text - {}
RESULT: {}
COMMAND: GET /session/e75b3d5d2d0828505fb80b5e18bd174b/element/f.3CC06888A91A2B87598FBDB561306D63.d.F0E3E9D26B150B4BB1241069A252900F.e.25230/text - {}
RESULT: {}
COMMAND: GET /session/e75b3d5d2d0828505fb80b5e18bd174b/element/f.3CC06888A91A2B87598FBDB561306D63.d.F0E3E9D26B150B4BB1241069A252900F.e.25231/text - {}
RESULT: {}
COMMAND: GET /session/e75b3d5d2d0828505fb80b5e18bd174b/element/f.3CC06888A91A2B87598FBDB561306D63.d.F0E3E9D26B150B4BB1241069A252900F.e.25232/text - {}
RESULT: {}
COMMAND: GET /session/e75b3d5d2d0828505fb80b5e18bd174b/element/f.3CC06888A91A2B87598FBDB561306D63.d.F0E3E9D26B150B4BB1241069A252900F.e.25233/text - {}
RESULT: {}
COMMAND: GET /session/e75b3d5d2d0828505fb80b5e18bd174b/element/f.3CC06888A91A2B87598FBDB561306D63.d.F0E3E9D26B150B4BB1241069A252900F.e.24573/text - {}
RESULT: {}
COMMAND: POST /session/e75b3d5d2d0828505fb80b5e18bd174b/element - {"using":"xpath","value":"//tbody[contains(@id, \"customHandoversTable-tblBody\")]/tr[1]/td[14]/div/span"}
RESULT: {"using":"xpath","value":"//tbody[contains(@id, \"customHandoversTable-tblBody\")]/tr[1]/td[14]/div/span"}
COMMAND: POST /session/e75b3d5d2d0828505fb80b5e18bd174b/execute/sync - {"script":"<script> [56 bytes]","args":[{"element-6066-11e4-a52e-4f735466cecf":"f.3CC06888A91A2B87598FBDB561306D63.d.F0E3E9D26B150B4BB1241069A252900F.e.25295","ELEMENT":"f.3CC06888A91A2B87598FBDB561306D63.d.F0E3E9D26B150B4BB1241069A252900F.e.25295"}]}
RESULT: {"script":"<script> [56 bytes]","args":[{"element-6066-11e4-a52e-4f735466cecf":"f.3CC06888A91A2B87598FBDB561306D63.d.F0E3E9D26B150B4BB1241069A252900F.e.25295","ELEMENT":"f.3CC06888A91A2B87598FBDB561306D63.d.F0E3E9D26B150B4BB1241069A252900F.e.25295"}]}
COMMAND: POST /session/e75b3d5d2d0828505fb80b5e18bd174b/element - {"using":"css selector","value":"#shell-header-logo"}
COMMAND: GET /session/e75b3d5d2d0828505fb80b5e18bd174b/screenshot - {}
RESULT: {"using":"css selector","value":"#shell-header-logo"}
COMMAND: POST /session/e75b3d5d2d0828505fb80b5e18bd174b/element/f.3CC06888A91A2B87598FBDB561306D63.d.F0E3E9D26B150B4BB1241069A252900F.e.24173/click - {}
RESULT: {}
RESULT: {}
COMMAND: GET /session/e75b3d5d2d0828505fb80b5e18bd174b/screenshot - {}
RESULT: {}
]]></system-out>
    </testcase>
    <testcase classname="chrome.136_0_7103_93.windows.Billing_Calculation_-_Time_based_(considering_transport_times)_US139738" name="Should do another billing run but in around 17 days from today" time="58.75">
      <system-out><![CDATA[
RESULT: undefined
COMMAND: POST /session/e75b3d5d2d0828505fb80b5e18bd174b/element - {"using":"xpath","value":"//*[@id=\"__tile51\"]"}
RESULT: {"using":"xpath","value":"//*[@id=\"__tile51\"]"}
COMMAND: POST /session/e75b3d5d2d0828505fb80b5e18bd174b/element/f.3CC06888A91A2B87598FBDB561306D63.d.F0E3E9D26B150B4BB1241069A252900F.e.19533/click - {}
RESULT: {}
COMMAND: GET /session/e75b3d5d2d0828505fb80b5e18bd174b/screenshot - {}
RESULT: {}
COMMAND: POST /session/e75b3d5d2d0828505fb80b5e18bd174b/elements - {"using":"xpath","value":"//span[text()='Error']"}
RESULT: {"using":"xpath","value":"//span[text()='Error']"}
RESULT: undefined
COMMAND: POST /session/e75b3d5d2d0828505fb80b5e18bd174b/execute/async - {"script":"<script> [776 bytes]","args":[{"enterText":"10404","selector":{"id":"application-managebillings-display-component---billRunCalcResult--smartFilterBar-btnBasicSearch","interaction":{"idSuffix":"I"}},"clearTextFirst":true,"interactionType":"ENTER_TEXT"}]}
RESULT: {"script":"<script> [776 bytes]","args":[{"enterText":"10404","selector":{"id":"application-managebillings-display-component---billRunCalcResult--smartFilterBar-btnBasicSearch","interaction":{"idSuffix":"I"}},"clearTextFirst":true,"interactionType":"ENTER_TEXT"}]}
COMMAND: POST /session/e75b3d5d2d0828505fb80b5e18bd174b/actions - {"actions":[{"id":"action90","type":"key","parameters":{},"actions":[{"type":"keyDown","value":"î€‡"},{"type":"pause","duration":10},{"type":"keyUp","value":"î€‡"}]}]}
RESULT: {"actions":[{"id":"action90","type":"key","parameters":{},"actions":[{"type":"keyDown","value":"î€‡"},{"type":"pause","duration":10},{"type":"keyUp","value":"î€‡"}]}]}
COMMAND: GET /session/e75b3d5d2d0828505fb80b5e18bd174b/screenshot - {}
RESULT: {}
COMMAND: POST /session/e75b3d5d2d0828505fb80b5e18bd174b/element - {"using":"xpath","value":"//td[@aria-colindex=\"1\"]/div/div[contains(@class, \"sapMCbBg\")]"}
RESULT: {"using":"xpath","value":"//td[@aria-colindex=\"1\"]/div/div[contains(@class, \"sapMCbBg\")]"}
COMMAND: POST /session/e75b3d5d2d0828505fb80b5e18bd174b/element/f.3CC06888A91A2B87598FBDB561306D63.d.F0E3E9D26B150B4BB1241069A252900F.e.25509/click - {}
RESULT: {}
COMMAND: GET /session/e75b3d5d2d0828505fb80b5e18bd174b/screenshot - {}
RESULT: {}
RESULT: undefined
COMMAND: POST /session/e75b3d5d2d0828505fb80b5e18bd174b/execute/async - {"script":"<script> [776 bytes]","args":[{"enterText":"6/5/25","selector":{"id":"application-managebillings-display-component---billRunCalcResult--contractBillRunDate","interaction":{"idSuffix":"inner"}},"clearTextFirst":true,"interactionType":"ENTER_TEXT"}]}
RESULT: {"script":"<script> [776 bytes]","args":[{"enterText":"6/5/25","selector":{"id":"application-managebillings-display-component---billRunCalcResult--contractBillRunDate","interaction":{"idSuffix":"inner"}},"clearTextFirst":true,"interactionType":"ENTER_TEXT"}]}
COMMAND: POST /session/e75b3d5d2d0828505fb80b5e18bd174b/element - {"using":"xpath","value":"//bdi[contains(text(), \"Trigger Calculation\")]"}
RESULT: {"using":"xpath","value":"//bdi[contains(text(), \"Trigger Calculation\")]"}
COMMAND: POST /session/e75b3d5d2d0828505fb80b5e18bd174b/element/f.3CC06888A91A2B87598FBDB561306D63.d.F0E3E9D26B150B4BB1241069A252900F.e.25560/click - {}
RESULT: {}
COMMAND: GET /session/e75b3d5d2d0828505fb80b5e18bd174b/screenshot - {}
RESULT: {}
COMMAND: POST /session/e75b3d5d2d0828505fb80b5e18bd174b/element - {"using":"xpath","value":"(//span[contains(@id, \"imgNav\")])[1]"}
RESULT: {"using":"xpath","value":"(//span[contains(@id, \"imgNav\")])[1]"}
COMMAND: POST /session/e75b3d5d2d0828505fb80b5e18bd174b/element/f.3CC06888A91A2B87598FBDB561306D63.d.F0E3E9D26B150B4BB1241069A252900F.e.25510/click - {}
RESULT: {}
COMMAND: GET /session/e75b3d5d2d0828505fb80b5e18bd174b/screenshot - {}
RESULT: {}
COMMAND: POST /session/e75b3d5d2d0828505fb80b5e18bd174b/element - {"using":"xpath","value":"//tr/td[6]/div[1]/span[1]/span[1]"}
RESULT: {"using":"xpath","value":"//tr/td[6]/div[1]/span[1]/span[1]"}
COMMAND: GET /session/e75b3d5d2d0828505fb80b5e18bd174b/element/f.3CC06888A91A2B87598FBDB561306D63.d.F0E3E9D26B150B4BB1241069A252900F.e.25565/text - {}
RESULT: {}
COMMAND: POST /session/e75b3d5d2d0828505fb80b5e18bd174b/element - {"using":"xpath","value":"(//span[contains(@id, \"imgNav\")])[2]"}
RESULT: {"using":"xpath","value":"(//span[contains(@id, \"imgNav\")])[2]"}
COMMAND: POST /session/e75b3d5d2d0828505fb80b5e18bd174b/element/f.3CC06888A91A2B87598FBDB561306D63.d.F0E3E9D26B150B4BB1241069A252900F.e.25566/click - {}
RESULT: {}
COMMAND: POST /session/e75b3d5d2d0828505fb80b5e18bd174b/element - {"using":"xpath","value":"//bdi[contains(text(), \"Business Confirm\")]"}
COMMAND: GET /session/e75b3d5d2d0828505fb80b5e18bd174b/screenshot - {}
RESULT: {"using":"xpath","value":"//bdi[contains(text(), \"Business Confirm\")]"}
COMMAND: POST /session/e75b3d5d2d0828505fb80b5e18bd174b/elements - {"using":"xpath","value":"//bdi[contains(text(), \"Business Confirm\")]"}
RESULT: {}
RESULT: {"using":"xpath","value":"//bdi[contains(text(), \"Business Confirm\")]"}
COMMAND: POST /session/e75b3d5d2d0828505fb80b5e18bd174b/element - {"using":"xpath","value":"//bdi[contains(text(), \"Business Confirm\")]"}
RESULT: {"using":"xpath","value":"//bdi[contains(text(), \"Business Confirm\")]"}
COMMAND: POST /session/e75b3d5d2d0828505fb80b5e18bd174b/element/f.3CC06888A91A2B87598FBDB561306D63.d.F0E3E9D26B150B4BB1241069A252900F.e.25568/click - {}
COMMAND: POST /session/e75b3d5d2d0828505fb80b5e18bd174b/element - {"using":"xpath","value":"//bdi[contains(text(), \"Business Confirm\")]"}
RESULT: {"using":"xpath","value":"//bdi[contains(text(), \"Business Confirm\")]"}
COMMAND: POST /session/e75b3d5d2d0828505fb80b5e18bd174b/element/f.3CC06888A91A2B87598FBDB561306D63.d.F0E3E9D26B150B4BB1241069A252900F.e.25568/click - {}
COMMAND: POST /session/e75b3d5d2d0828505fb80b5e18bd174b/element - {"using":"xpath","value":"//bdi[contains(text(), \"Business Confirm\")]"}
RESULT: {"using":"xpath","value":"//bdi[contains(text(), \"Business Confirm\")]"}
COMMAND: POST /session/e75b3d5d2d0828505fb80b5e18bd174b/element/f.3CC06888A91A2B87598FBDB561306D63.d.F0E3E9D26B150B4BB1241069A252900F.e.25607/click - {}
RESULT: {}
COMMAND: POST /session/e75b3d5d2d0828505fb80b5e18bd174b/element - {"using":"css selector","value":"#shell-header-logo"}
COMMAND: GET /session/e75b3d5d2d0828505fb80b5e18bd174b/screenshot - {}
RESULT: {"using":"css selector","value":"#shell-header-logo"}
COMMAND: POST /session/e75b3d5d2d0828505fb80b5e18bd174b/element/f.3CC06888A91A2B87598FBDB561306D63.d.F0E3E9D26B150B4BB1241069A252900F.e.25299/click - {}
RESULT: {}
RESULT: {}
COMMAND: GET /session/e75b3d5d2d0828505fb80b5e18bd174b/screenshot - {}
RESULT: {}
]]></system-out>
    </testcase>
    <testcase classname="chrome.136_0_7103_93.windows.Billing_Calculation_-_Time_based_(considering_transport_times)_US139738" name="Should transfer the billing all the way to completion" time="67.237">
      <system-out><![CDATA[
RESULT: undefined
COMMAND: POST /session/e75b3d5d2d0828505fb80b5e18bd174b/element - {"using":"xpath","value":"//*[@id=\"__tile50\"]"}
RESULT: {"using":"xpath","value":"//*[@id=\"__tile50\"]"}
COMMAND: POST /session/e75b3d5d2d0828505fb80b5e18bd174b/element/f.3CC06888A91A2B87598FBDB561306D63.d.F0E3E9D26B150B4BB1241069A252900F.e.19531/click - {}
RESULT: {}
COMMAND: GET /session/e75b3d5d2d0828505fb80b5e18bd174b/screenshot - {}
RESULT: {}
COMMAND: POST /session/e75b3d5d2d0828505fb80b5e18bd174b/elements - {"using":"xpath","value":"//span[text()='Error']"}
RESULT: {"using":"xpath","value":"//span[text()='Error']"}
COMMAND: POST /session/e75b3d5d2d0828505fb80b5e18bd174b/element - {"using":"xpath","value":"//input[contains(@id ,\"application-billingtransfer-display-component---billingWorkbench--smartFilterBar-btnBasicSearch\")]"}
RESULT: {"using":"xpath","value":"//input[contains(@id ,\"application-billingtransfer-display-component---billingWorkbench--smartFilterBar-btnBasicSearch\")]"}
COMMAND: POST /session/e75b3d5d2d0828505fb80b5e18bd174b/elements - {"using":"xpath","value":"//input[contains(@id ,\"application-billingtransfer-display-component---billingWorkbench--smartFilterBar-btnBasicSearch\")]"}
RESULT: {"using":"xpath","value":"//input[contains(@id ,\"application-billingtransfer-display-component---billingWorkbench--smartFilterBar-btnBasicSearch\")]"}
COMMAND: POST /session/e75b3d5d2d0828505fb80b5e18bd174b/execute/sync - {"script":"<script> [8489 bytes]","args":[{"element-6066-11e4-a52e-4f735466cecf":"f.3CC06888A91A2B87598FBDB561306D63.d.F0E3E9D26B150B4BB1241069A252900F.e.25635","ELEMENT":"f.3CC06888A91A2B87598FBDB561306D63.d.F0E3E9D26B150B4BB1241069A252900F.e.25635"}]}
RESULT: {"script":"<script> [8489 bytes]","args":[{"element-6066-11e4-a52e-4f735466cecf":"f.3CC06888A91A2B87598FBDB561306D63.d.F0E3E9D26B150B4BB1241069A252900F.e.25635","ELEMENT":"f.3CC06888A91A2B87598FBDB561306D63.d.F0E3E9D26B150B4BB1241069A252900F.e.25635"}]}
COMMAND: GET /session/e75b3d5d2d0828505fb80b5e18bd174b/element/f.3CC06888A91A2B87598FBDB561306D63.d.F0E3E9D26B150B4BB1241069A252900F.e.25635/enabled - {}
COMMAND: GET /session/e75b3d5d2d0828505fb80b5e18bd174b/screenshot - {}
RESULT: {}
COMMAND: POST /session/e75b3d5d2d0828505fb80b5e18bd174b/element/f.3CC06888A91A2B87598FBDB561306D63.d.F0E3E9D26B150B4BB1241069A252900F.e.25635/click - {}
COMMAND: GET /session/e75b3d5d2d0828505fb80b5e18bd174b/screenshot - {}
RESULT: {}
RESULT: {}
COMMAND: GET /session/e75b3d5d2d0828505fb80b5e18bd174b/screenshot - {}
RESULT: {}
RESULT: {}
COMMAND: POST /session/e75b3d5d2d0828505fb80b5e18bd174b/element/f.3CC06888A91A2B87598FBDB561306D63.d.F0E3E9D26B150B4BB1241069A252900F.e.25635/clear - {}
RESULT: {}
COMMAND: POST /session/e75b3d5d2d0828505fb80b5e18bd174b/element/f.3CC06888A91A2B87598FBDB561306D63.d.F0E3E9D26B150B4BB1241069A252900F.e.25635/value - {"text":"10404"}
COMMAND: GET /session/e75b3d5d2d0828505fb80b5e18bd174b/screenshot - {}
RESULT: {"text":"10404"}
COMMAND: POST /session/e75b3d5d2d0828505fb80b5e18bd174b/actions - {"actions":[{"id":"action91","type":"key","parameters":{},"actions":[{"type":"keyDown","value":"î€‡"},{"type":"pause","duration":10},{"type":"keyUp","value":"î€‡"}]}]}
COMMAND: GET /session/e75b3d5d2d0828505fb80b5e18bd174b/screenshot - {}
RESULT: {}
RESULT: {"actions":[{"id":"action91","type":"key","parameters":{},"actions":[{"type":"keyDown","value":"î€‡"},{"type":"pause","duration":10},{"type":"keyUp","value":"î€‡"}]}]}
COMMAND: GET /session/e75b3d5d2d0828505fb80b5e18bd174b/screenshot - {}
RESULT: {}
RESULT: {}
COMMAND: POST /session/e75b3d5d2d0828505fb80b5e18bd174b/element - {"using":"xpath","value":"//span[contains(@id ,\"application-billingtransfer-display-component---billingWorkbench--smartTableBillingRuns-header-inner\")]"}
RESULT: {"using":"xpath","value":"//span[contains(@id ,\"application-billingtransfer-display-component---billingWorkbench--smartTableBillingRuns-header-inner\")]"}
COMMAND: POST /session/e75b3d5d2d0828505fb80b5e18bd174b/elements - {"using":"xpath","value":"//span[contains(@id ,\"application-billingtransfer-display-component---billingWorkbench--smartTableBillingRuns-header-inner\")]"}
RESULT: {"using":"xpath","value":"//span[contains(@id ,\"application-billingtransfer-display-component---billingWorkbench--smartTableBillingRuns-header-inner\")]"}
COMMAND: POST /session/e75b3d5d2d0828505fb80b5e18bd174b/execute/sync - {"script":"<script> [56 bytes]","args":[{"element-6066-11e4-a52e-4f735466cecf":"f.3CC06888A91A2B87598FBDB561306D63.d.F0E3E9D26B150B4BB1241069A252900F.e.26032","ELEMENT":"f.3CC06888A91A2B87598FBDB561306D63.d.F0E3E9D26B150B4BB1241069A252900F.e.26032"}]}
RESULT: {"script":"<script> [56 bytes]","args":[{"element-6066-11e4-a52e-4f735466cecf":"f.3CC06888A91A2B87598FBDB561306D63.d.F0E3E9D26B150B4BB1241069A252900F.e.26032","ELEMENT":"f.3CC06888A91A2B87598FBDB561306D63.d.F0E3E9D26B150B4BB1241069A252900F.e.26032"}]}
COMMAND: POST /session/e75b3d5d2d0828505fb80b5e18bd174b/element - {"using":"xpath","value":"//td[@aria-colindex=\"1\"]/div/div[contains(@class, \"sapMCbBg\")]"}
COMMAND: GET /session/e75b3d5d2d0828505fb80b5e18bd174b/screenshot - {}
RESULT: {"using":"xpath","value":"//td[@aria-colindex=\"1\"]/div/div[contains(@class, \"sapMCbBg\")]"}
COMMAND: POST /session/e75b3d5d2d0828505fb80b5e18bd174b/element/f.3CC06888A91A2B87598FBDB561306D63.d.F0E3E9D26B150B4BB1241069A252900F.e.26023/click - {}
RESULT: {}
RESULT: {}
COMMAND: GET /session/e75b3d5d2d0828505fb80b5e18bd174b/screenshot - {}
RESULT: {}
COMMAND: POST /session/e75b3d5d2d0828505fb80b5e18bd174b/element - {"using":"xpath","value":"//bdi[contains(text(), \"Check\")]"}
RESULT: {"using":"xpath","value":"//bdi[contains(text(), \"Check\")]"}
COMMAND: POST /session/e75b3d5d2d0828505fb80b5e18bd174b/element/f.3CC06888A91A2B87598FBDB561306D63.d.F0E3E9D26B150B4BB1241069A252900F.e.26033/click - {}
RESULT: {}
COMMAND: GET /session/e75b3d5d2d0828505fb80b5e18bd174b/screenshot - {}
RESULT: {}
COMMAND: POST /session/e75b3d5d2d0828505fb80b5e18bd174b/element - {"using":"xpath","value":"//bdi[contains(text(), \"OK\")]"}
RESULT: {"using":"xpath","value":"//bdi[contains(text(), \"OK\")]"}
COMMAND: POST /session/e75b3d5d2d0828505fb80b5e18bd174b/element/f.3CC06888A91A2B87598FBDB561306D63.d.F0E3E9D26B150B4BB1241069A252900F.e.26036/click - {}
RESULT: {}
COMMAND: GET /session/e75b3d5d2d0828505fb80b5e18bd174b/screenshot - {}
RESULT: {}
COMMAND: POST /session/e75b3d5d2d0828505fb80b5e18bd174b/element - {"using":"xpath","value":"(//span[contains(text(), \"CO/SD checked\")]/parent::div/preceding-sibling::div/span)[1]"}
RESULT: {"using":"xpath","value":"(//span[contains(text(), \"CO/SD checked\")]/parent::div/preceding-sibling::div/span)[1]"}
COMMAND: POST /session/e75b3d5d2d0828505fb80b5e18bd174b/element/f.3CC06888A91A2B87598FBDB561306D63.d.F0E3E9D26B150B4BB1241069A252900F.e.26037/click - {}
RESULT: {}
COMMAND: GET /session/e75b3d5d2d0828505fb80b5e18bd174b/screenshot - {}
RESULT: {}
COMMAND: POST /session/e75b3d5d2d0828505fb80b5e18bd174b/element - {"using":"xpath","value":"//input[contains(@id ,\"application-billingtransfer-display-component---billingWorkbench--smartFilterBar-btnBasicSearch\")]"}
RESULT: {"using":"xpath","value":"//input[contains(@id ,\"application-billingtransfer-display-component---billingWorkbench--smartFilterBar-btnBasicSearch\")]"}
COMMAND: POST /session/e75b3d5d2d0828505fb80b5e18bd174b/elements - {"using":"xpath","value":"//input[contains(@id ,\"application-billingtransfer-display-component---billingWorkbench--smartFilterBar-btnBasicSearch\")]"}
RESULT: {"using":"xpath","value":"//input[contains(@id ,\"application-billingtransfer-display-component---billingWorkbench--smartFilterBar-btnBasicSearch\")]"}
COMMAND: POST /session/e75b3d5d2d0828505fb80b5e18bd174b/execute/sync - {"script":"<script> [8489 bytes]","args":[{"element-6066-11e4-a52e-4f735466cecf":"f.3CC06888A91A2B87598FBDB561306D63.d.F0E3E9D26B150B4BB1241069A252900F.e.25635","ELEMENT":"f.3CC06888A91A2B87598FBDB561306D63.d.F0E3E9D26B150B4BB1241069A252900F.e.25635"}]}
RESULT: {"script":"<script> [8489 bytes]","args":[{"element-6066-11e4-a52e-4f735466cecf":"f.3CC06888A91A2B87598FBDB561306D63.d.F0E3E9D26B150B4BB1241069A252900F.e.25635","ELEMENT":"f.3CC06888A91A2B87598FBDB561306D63.d.F0E3E9D26B150B4BB1241069A252900F.e.25635"}]}
COMMAND: GET /session/e75b3d5d2d0828505fb80b5e18bd174b/element/f.3CC06888A91A2B87598FBDB561306D63.d.F0E3E9D26B150B4BB1241069A252900F.e.25635/enabled - {}
COMMAND: GET /session/e75b3d5d2d0828505fb80b5e18bd174b/screenshot - {}
RESULT: {}
COMMAND: POST /session/e75b3d5d2d0828505fb80b5e18bd174b/element/f.3CC06888A91A2B87598FBDB561306D63.d.F0E3E9D26B150B4BB1241069A252900F.e.25635/click - {}
COMMAND: GET /session/e75b3d5d2d0828505fb80b5e18bd174b/screenshot - {}
RESULT: {}
RESULT: {}
COMMAND: GET /session/e75b3d5d2d0828505fb80b5e18bd174b/screenshot - {}
RESULT: {}
RESULT: {}
COMMAND: POST /session/e75b3d5d2d0828505fb80b5e18bd174b/element/f.3CC06888A91A2B87598FBDB561306D63.d.F0E3E9D26B150B4BB1241069A252900F.e.25635/clear - {}
RESULT: {}
COMMAND: POST /session/e75b3d5d2d0828505fb80b5e18bd174b/element/f.3CC06888A91A2B87598FBDB561306D63.d.F0E3E9D26B150B4BB1241069A252900F.e.25635/value - {"text":"10404"}
COMMAND: GET /session/e75b3d5d2d0828505fb80b5e18bd174b/screenshot - {}
RESULT: {"text":"10404"}
COMMAND: POST /session/e75b3d5d2d0828505fb80b5e18bd174b/actions - {"actions":[{"id":"action92","type":"key","parameters":{},"actions":[{"type":"keyDown","value":"î€‡"},{"type":"pause","duration":10},{"type":"keyUp","value":"î€‡"}]}]}
COMMAND: GET /session/e75b3d5d2d0828505fb80b5e18bd174b/screenshot - {}
RESULT: {}
RESULT: {"actions":[{"id":"action92","type":"key","parameters":{},"actions":[{"type":"keyDown","value":"î€‡"},{"type":"pause","duration":10},{"type":"keyUp","value":"î€‡"}]}]}
COMMAND: GET /session/e75b3d5d2d0828505fb80b5e18bd174b/screenshot - {}
RESULT: {}
RESULT: {}
COMMAND: POST /session/e75b3d5d2d0828505fb80b5e18bd174b/element - {"using":"xpath","value":"//span[contains(@id ,\"application-billingtransfer-display-component---billingWorkbench--smartTableBillingRuns-header-inner\")]"}
RESULT: {"using":"xpath","value":"//span[contains(@id ,\"application-billingtransfer-display-component---billingWorkbench--smartTableBillingRuns-header-inner\")]"}
COMMAND: POST /session/e75b3d5d2d0828505fb80b5e18bd174b/elements - {"using":"xpath","value":"//span[contains(@id ,\"application-billingtransfer-display-component---billingWorkbench--smartTableBillingRuns-header-inner\")]"}
RESULT: {"using":"xpath","value":"//span[contains(@id ,\"application-billingtransfer-display-component---billingWorkbench--smartTableBillingRuns-header-inner\")]"}
COMMAND: POST /session/e75b3d5d2d0828505fb80b5e18bd174b/execute/sync - {"script":"<script> [56 bytes]","args":[{"element-6066-11e4-a52e-4f735466cecf":"f.3CC06888A91A2B87598FBDB561306D63.d.F0E3E9D26B150B4BB1241069A252900F.e.26032","ELEMENT":"f.3CC06888A91A2B87598FBDB561306D63.d.F0E3E9D26B150B4BB1241069A252900F.e.26032"}]}
RESULT: {"script":"<script> [56 bytes]","args":[{"element-6066-11e4-a52e-4f735466cecf":"f.3CC06888A91A2B87598FBDB561306D63.d.F0E3E9D26B150B4BB1241069A252900F.e.26032","ELEMENT":"f.3CC06888A91A2B87598FBDB561306D63.d.F0E3E9D26B150B4BB1241069A252900F.e.26032"}]}
COMMAND: POST /session/e75b3d5d2d0828505fb80b5e18bd174b/element - {"using":"xpath","value":"//td[@aria-colindex=\"1\"]/div/div[contains(@class, \"sapMCbBg\")]"}
COMMAND: GET /session/e75b3d5d2d0828505fb80b5e18bd174b/screenshot - {}
RESULT: {"using":"xpath","value":"//td[@aria-colindex=\"1\"]/div/div[contains(@class, \"sapMCbBg\")]"}
COMMAND: POST /session/e75b3d5d2d0828505fb80b5e18bd174b/element/f.3CC06888A91A2B87598FBDB561306D63.d.F0E3E9D26B150B4BB1241069A252900F.e.26040/click - {}
RESULT: {}
RESULT: {}
COMMAND: GET /session/e75b3d5d2d0828505fb80b5e18bd174b/screenshot - {}
RESULT: {}
COMMAND: POST /session/e75b3d5d2d0828505fb80b5e18bd174b/element - {"using":"xpath","value":"//bdi[text()=\"Transfer\"]"}
RESULT: {"using":"xpath","value":"//bdi[text()=\"Transfer\"]"}
COMMAND: POST /session/e75b3d5d2d0828505fb80b5e18bd174b/element/f.3CC06888A91A2B87598FBDB561306D63.d.F0E3E9D26B150B4BB1241069A252900F.e.26041/click - {}
RESULT: {}
COMMAND: GET /session/e75b3d5d2d0828505fb80b5e18bd174b/screenshot - {}
RESULT: {}
COMMAND: POST /session/e75b3d5d2d0828505fb80b5e18bd174b/element - {"using":"xpath","value":"//bdi[contains(text(), \"OK\")]"}
RESULT: {"using":"xpath","value":"//bdi[contains(text(), \"OK\")]"}
COMMAND: POST /session/e75b3d5d2d0828505fb80b5e18bd174b/element/f.3CC06888A91A2B87598FBDB561306D63.d.F0E3E9D26B150B4BB1241069A252900F.e.26044/click - {}
RESULT: {}
COMMAND: GET /session/e75b3d5d2d0828505fb80b5e18bd174b/screenshot - {}
RESULT: {}
COMMAND: POST /session/e75b3d5d2d0828505fb80b5e18bd174b/element - {"using":"xpath","value":"(//span[contains(text(), \"Completed\")]/parent::div/preceding-sibling::div/span)[1]"}
RESULT: {"using":"xpath","value":"(//span[contains(text(), \"Completed\")]/parent::div/preceding-sibling::div/span)[1]"}
COMMAND: POST /session/e75b3d5d2d0828505fb80b5e18bd174b/element/f.3CC06888A91A2B87598FBDB561306D63.d.F0E3E9D26B150B4BB1241069A252900F.e.26052/click - {}
RESULT: {}
COMMAND: POST /session/e75b3d5d2d0828505fb80b5e18bd174b/element - {"using":"xpath","value":"//input[contains(@id ,\"application-billingtransfer-display-component---billingWorkbench--smartFilterBar-btnBasicSearch\")]"}
COMMAND: GET /session/e75b3d5d2d0828505fb80b5e18bd174b/screenshot - {}
RESULT: {"using":"xpath","value":"//input[contains(@id ,\"application-billingtransfer-display-component---billingWorkbench--smartFilterBar-btnBasicSearch\")]"}
COMMAND: POST /session/e75b3d5d2d0828505fb80b5e18bd174b/elements - {"using":"xpath","value":"//input[contains(@id ,\"application-billingtransfer-display-component---billingWorkbench--smartFilterBar-btnBasicSearch\")]"}
RESULT: {}
RESULT: {"using":"xpath","value":"//input[contains(@id ,\"application-billingtransfer-display-component---billingWorkbench--smartFilterBar-btnBasicSearch\")]"}
COMMAND: POST /session/e75b3d5d2d0828505fb80b5e18bd174b/execute/sync - {"script":"<script> [8489 bytes]","args":[{"element-6066-11e4-a52e-4f735466cecf":"f.3CC06888A91A2B87598FBDB561306D63.d.F0E3E9D26B150B4BB1241069A252900F.e.25635","ELEMENT":"f.3CC06888A91A2B87598FBDB561306D63.d.F0E3E9D26B150B4BB1241069A252900F.e.25635"}]}
RESULT: {"script":"<script> [8489 bytes]","args":[{"element-6066-11e4-a52e-4f735466cecf":"f.3CC06888A91A2B87598FBDB561306D63.d.F0E3E9D26B150B4BB1241069A252900F.e.25635","ELEMENT":"f.3CC06888A91A2B87598FBDB561306D63.d.F0E3E9D26B150B4BB1241069A252900F.e.25635"}]}
COMMAND: GET /session/e75b3d5d2d0828505fb80b5e18bd174b/element/f.3CC06888A91A2B87598FBDB561306D63.d.F0E3E9D26B150B4BB1241069A252900F.e.25635/enabled - {}
COMMAND: GET /session/e75b3d5d2d0828505fb80b5e18bd174b/screenshot - {}
RESULT: {}
COMMAND: POST /session/e75b3d5d2d0828505fb80b5e18bd174b/element/f.3CC06888A91A2B87598FBDB561306D63.d.F0E3E9D26B150B4BB1241069A252900F.e.25635/click - {}
COMMAND: GET /session/e75b3d5d2d0828505fb80b5e18bd174b/screenshot - {}
RESULT: {}
RESULT: {}
COMMAND: GET /session/e75b3d5d2d0828505fb80b5e18bd174b/screenshot - {}
RESULT: {}
RESULT: {}
COMMAND: POST /session/e75b3d5d2d0828505fb80b5e18bd174b/element/f.3CC06888A91A2B87598FBDB561306D63.d.F0E3E9D26B150B4BB1241069A252900F.e.25635/clear - {}
RESULT: {}
COMMAND: POST /session/e75b3d5d2d0828505fb80b5e18bd174b/element/f.3CC06888A91A2B87598FBDB561306D63.d.F0E3E9D26B150B4BB1241069A252900F.e.25635/value - {"text":"10404"}
COMMAND: GET /session/e75b3d5d2d0828505fb80b5e18bd174b/screenshot - {}
RESULT: {"text":"10404"}
COMMAND: POST /session/e75b3d5d2d0828505fb80b5e18bd174b/actions - {"actions":[{"id":"action93","type":"key","parameters":{},"actions":[{"type":"keyDown","value":"î€‡"},{"type":"pause","duration":10},{"type":"keyUp","value":"î€‡"}]}]}
COMMAND: GET /session/e75b3d5d2d0828505fb80b5e18bd174b/screenshot - {}
RESULT: {}
RESULT: {"actions":[{"id":"action93","type":"key","parameters":{},"actions":[{"type":"keyDown","value":"î€‡"},{"type":"pause","duration":10},{"type":"keyUp","value":"î€‡"}]}]}
COMMAND: GET /session/e75b3d5d2d0828505fb80b5e18bd174b/screenshot - {}
RESULT: {}
RESULT: {}
COMMAND: POST /session/e75b3d5d2d0828505fb80b5e18bd174b/element - {"using":"xpath","value":"//span[contains(@id ,\"application-billingtransfer-display-component---billingWorkbench--smartTableBillingRuns-header-inner\")]"}
RESULT: {"using":"xpath","value":"//span[contains(@id ,\"application-billingtransfer-display-component---billingWorkbench--smartTableBillingRuns-header-inner\")]"}
COMMAND: POST /session/e75b3d5d2d0828505fb80b5e18bd174b/elements - {"using":"xpath","value":"//span[contains(@id ,\"application-billingtransfer-display-component---billingWorkbench--smartTableBillingRuns-header-inner\")]"}
RESULT: {"using":"xpath","value":"//span[contains(@id ,\"application-billingtransfer-display-component---billingWorkbench--smartTableBillingRuns-header-inner\")]"}
COMMAND: POST /session/e75b3d5d2d0828505fb80b5e18bd174b/execute/sync - {"script":"<script> [56 bytes]","args":[{"element-6066-11e4-a52e-4f735466cecf":"f.3CC06888A91A2B87598FBDB561306D63.d.F0E3E9D26B150B4BB1241069A252900F.e.26032","ELEMENT":"f.3CC06888A91A2B87598FBDB561306D63.d.F0E3E9D26B150B4BB1241069A252900F.e.26032"}]}
RESULT: {"script":"<script> [56 bytes]","args":[{"element-6066-11e4-a52e-4f735466cecf":"f.3CC06888A91A2B87598FBDB561306D63.d.F0E3E9D26B150B4BB1241069A252900F.e.26032","ELEMENT":"f.3CC06888A91A2B87598FBDB561306D63.d.F0E3E9D26B150B4BB1241069A252900F.e.26032"}]}
COMMAND: POST /session/e75b3d5d2d0828505fb80b5e18bd174b/element - {"using":"css selector","value":"#shell-header-logo"}
COMMAND: GET /session/e75b3d5d2d0828505fb80b5e18bd174b/screenshot - {}
RESULT: {"using":"css selector","value":"#shell-header-logo"}
COMMAND: POST /session/e75b3d5d2d0828505fb80b5e18bd174b/element/f.3CC06888A91A2B87598FBDB561306D63.d.F0E3E9D26B150B4BB1241069A252900F.e.25633/click - {}
RESULT: {}
RESULT: {}
COMMAND: GET /session/e75b3d5d2d0828505fb80b5e18bd174b/screenshot - {}
RESULT: {}
]]></system-out>
    </testcase>
    <testcase classname="chrome.136_0_7103_93.windows.Billing_Calculation_-_Time_based_(considering_transport_times)_US139738" name="Should do another billing run but in around 25 days from today" time="59.958">
      <system-out><![CDATA[
RESULT: undefined
COMMAND: POST /session/e75b3d5d2d0828505fb80b5e18bd174b/element - {"using":"xpath","value":"//*[@id=\"__tile51\"]"}
RESULT: {"using":"xpath","value":"//*[@id=\"__tile51\"]"}
COMMAND: POST /session/e75b3d5d2d0828505fb80b5e18bd174b/element/f.3CC06888A91A2B87598FBDB561306D63.d.F0E3E9D26B150B4BB1241069A252900F.e.19533/click - {}
RESULT: {}
COMMAND: GET /session/e75b3d5d2d0828505fb80b5e18bd174b/screenshot - {}
COMMAND: POST /session/e75b3d5d2d0828505fb80b5e18bd174b/elements - {"using":"xpath","value":"//span[text()='Error']"}
RESULT: {}
RESULT: {"using":"xpath","value":"//span[text()='Error']"}
RESULT: undefined
COMMAND: POST /session/e75b3d5d2d0828505fb80b5e18bd174b/execute/async - {"script":"<script> [776 bytes]","args":[{"enterText":"10404","selector":{"id":"application-managebillings-display-component---billRunCalcResult--smartFilterBar-btnBasicSearch","interaction":{"idSuffix":"I"}},"clearTextFirst":true,"interactionType":"ENTER_TEXT"}]}
RESULT: {"script":"<script> [776 bytes]","args":[{"enterText":"10404","selector":{"id":"application-managebillings-display-component---billRunCalcResult--smartFilterBar-btnBasicSearch","interaction":{"idSuffix":"I"}},"clearTextFirst":true,"interactionType":"ENTER_TEXT"}]}
COMMAND: POST /session/e75b3d5d2d0828505fb80b5e18bd174b/actions - {"actions":[{"id":"action94","type":"key","parameters":{},"actions":[{"type":"keyDown","value":"î€‡"},{"type":"pause","duration":10},{"type":"keyUp","value":"î€‡"}]}]}
RESULT: {"actions":[{"id":"action94","type":"key","parameters":{},"actions":[{"type":"keyDown","value":"î€‡"},{"type":"pause","duration":10},{"type":"keyUp","value":"î€‡"}]}]}
COMMAND: GET /session/e75b3d5d2d0828505fb80b5e18bd174b/screenshot - {}
RESULT: {}
COMMAND: POST /session/e75b3d5d2d0828505fb80b5e18bd174b/element - {"using":"xpath","value":"//td[@aria-colindex=\"1\"]/div/div[contains(@class, \"sapMCbBg\")]"}
RESULT: {"using":"xpath","value":"//td[@aria-colindex=\"1\"]/div/div[contains(@class, \"sapMCbBg\")]"}
COMMAND: POST /session/e75b3d5d2d0828505fb80b5e18bd174b/element/f.3CC06888A91A2B87598FBDB561306D63.d.F0E3E9D26B150B4BB1241069A252900F.e.26268/click - {}
RESULT: {}
COMMAND: GET /session/e75b3d5d2d0828505fb80b5e18bd174b/screenshot - {}
RESULT: {}
RESULT: undefined
COMMAND: POST /session/e75b3d5d2d0828505fb80b5e18bd174b/execute/async - {"script":"<script> [776 bytes]","args":[{"enterText":"6/13/25","selector":{"id":"application-managebillings-display-component---billRunCalcResult--contractBillRunDate","interaction":{"idSuffix":"inner"}},"clearTextFirst":true,"interactionType":"ENTER_TEXT"}]}
RESULT: {"script":"<script> [776 bytes]","args":[{"enterText":"6/13/25","selector":{"id":"application-managebillings-display-component---billRunCalcResult--contractBillRunDate","interaction":{"idSuffix":"inner"}},"clearTextFirst":true,"interactionType":"ENTER_TEXT"}]}
COMMAND: POST /session/e75b3d5d2d0828505fb80b5e18bd174b/element - {"using":"xpath","value":"//bdi[contains(text(), \"Trigger Calculation\")]"}
RESULT: {"using":"xpath","value":"//bdi[contains(text(), \"Trigger Calculation\")]"}
COMMAND: POST /session/e75b3d5d2d0828505fb80b5e18bd174b/element/f.3CC06888A91A2B87598FBDB561306D63.d.F0E3E9D26B150B4BB1241069A252900F.e.26324/click - {}
RESULT: {}
COMMAND: GET /session/e75b3d5d2d0828505fb80b5e18bd174b/screenshot - {}
RESULT: {}
COMMAND: POST /session/e75b3d5d2d0828505fb80b5e18bd174b/element - {"using":"xpath","value":"(//span[contains(@id, \"imgNav\")])[1]"}
RESULT: {"using":"xpath","value":"(//span[contains(@id, \"imgNav\")])[1]"}
COMMAND: POST /session/e75b3d5d2d0828505fb80b5e18bd174b/element/f.3CC06888A91A2B87598FBDB561306D63.d.F0E3E9D26B150B4BB1241069A252900F.e.26269/click - {}
RESULT: {}
COMMAND: GET /session/e75b3d5d2d0828505fb80b5e18bd174b/screenshot - {}
RESULT: {}
COMMAND: POST /session/e75b3d5d2d0828505fb80b5e18bd174b/element - {"using":"xpath","value":"//tr/td[6]/div[1]/span[1]/span[1]"}
RESULT: {"using":"xpath","value":"//tr/td[6]/div[1]/span[1]/span[1]"}
COMMAND: GET /session/e75b3d5d2d0828505fb80b5e18bd174b/element/f.3CC06888A91A2B87598FBDB561306D63.d.F0E3E9D26B150B4BB1241069A252900F.e.26329/text - {}
RESULT: {}
COMMAND: POST /session/e75b3d5d2d0828505fb80b5e18bd174b/element - {"using":"xpath","value":"(//span[contains(@id, \"imgNav\")])[2]"}
RESULT: {"using":"xpath","value":"(//span[contains(@id, \"imgNav\")])[2]"}
COMMAND: POST /session/e75b3d5d2d0828505fb80b5e18bd174b/element/f.3CC06888A91A2B87598FBDB561306D63.d.F0E3E9D26B150B4BB1241069A252900F.e.26330/click - {}
RESULT: {}
COMMAND: POST /session/e75b3d5d2d0828505fb80b5e18bd174b/element - {"using":"xpath","value":"//bdi[contains(text(), \"Business Confirm\")]"}
COMMAND: GET /session/e75b3d5d2d0828505fb80b5e18bd174b/screenshot - {}
RESULT: {"using":"xpath","value":"//bdi[contains(text(), \"Business Confirm\")]"}
COMMAND: POST /session/e75b3d5d2d0828505fb80b5e18bd174b/elements - {"using":"xpath","value":"//bdi[contains(text(), \"Business Confirm\")]"}
RESULT: {}
RESULT: {"using":"xpath","value":"//bdi[contains(text(), \"Business Confirm\")]"}
COMMAND: POST /session/e75b3d5d2d0828505fb80b5e18bd174b/element - {"using":"xpath","value":"//bdi[contains(text(), \"Business Confirm\")]"}
RESULT: {"using":"xpath","value":"//bdi[contains(text(), \"Business Confirm\")]"}
COMMAND: POST /session/e75b3d5d2d0828505fb80b5e18bd174b/element/f.3CC06888A91A2B87598FBDB561306D63.d.F0E3E9D26B150B4BB1241069A252900F.e.26332/click - {}
COMMAND: POST /session/e75b3d5d2d0828505fb80b5e18bd174b/element - {"using":"xpath","value":"//bdi[contains(text(), \"Business Confirm\")]"}
RESULT: {"using":"xpath","value":"//bdi[contains(text(), \"Business Confirm\")]"}
COMMAND: POST /session/e75b3d5d2d0828505fb80b5e18bd174b/element/f.3CC06888A91A2B87598FBDB561306D63.d.F0E3E9D26B150B4BB1241069A252900F.e.26332/click - {}
COMMAND: POST /session/e75b3d5d2d0828505fb80b5e18bd174b/element - {"using":"xpath","value":"//bdi[contains(text(), \"Business Confirm\")]"}
RESULT: {"using":"xpath","value":"//bdi[contains(text(), \"Business Confirm\")]"}
COMMAND: POST /session/e75b3d5d2d0828505fb80b5e18bd174b/element/f.3CC06888A91A2B87598FBDB561306D63.d.F0E3E9D26B150B4BB1241069A252900F.e.26400/click - {}
RESULT: {}
COMMAND: POST /session/e75b3d5d2d0828505fb80b5e18bd174b/element - {"using":"css selector","value":"#shell-header-logo"}
COMMAND: GET /session/e75b3d5d2d0828505fb80b5e18bd174b/screenshot - {}
RESULT: {"using":"css selector","value":"#shell-header-logo"}
COMMAND: POST /session/e75b3d5d2d0828505fb80b5e18bd174b/element/f.3CC06888A91A2B87598FBDB561306D63.d.F0E3E9D26B150B4BB1241069A252900F.e.26061/click - {}
RESULT: {}
RESULT: {}
COMMAND: GET /session/e75b3d5d2d0828505fb80b5e18bd174b/screenshot - {}
RESULT: {}
]]></system-out>
    </testcase>
    <testcase classname="chrome.136_0_7103_93.windows.Billing_Calculation_-_Time_based_(considering_transport_times)_US139738" name="Should transfer the billing all the way to completion" time="84.091">
      <system-out><![CDATA[
RESULT: undefined
COMMAND: POST /session/e75b3d5d2d0828505fb80b5e18bd174b/element - {"using":"xpath","value":"//*[@id=\"__tile50\"]"}
RESULT: {"using":"xpath","value":"//*[@id=\"__tile50\"]"}
COMMAND: POST /session/e75b3d5d2d0828505fb80b5e18bd174b/element/f.3CC06888A91A2B87598FBDB561306D63.d.F0E3E9D26B150B4BB1241069A252900F.e.19531/click - {}
RESULT: {}
COMMAND: GET /session/e75b3d5d2d0828505fb80b5e18bd174b/screenshot - {}
RESULT: {}
COMMAND: POST /session/e75b3d5d2d0828505fb80b5e18bd174b/elements - {"using":"xpath","value":"//span[text()='Error']"}
RESULT: {"using":"xpath","value":"//span[text()='Error']"}
COMMAND: POST /session/e75b3d5d2d0828505fb80b5e18bd174b/element - {"using":"xpath","value":"//input[contains(@id ,\"application-billingtransfer-display-component---billingWorkbench--smartFilterBar-btnBasicSearch\")]"}
RESULT: {"using":"xpath","value":"//input[contains(@id ,\"application-billingtransfer-display-component---billingWorkbench--smartFilterBar-btnBasicSearch\")]"}
COMMAND: POST /session/e75b3d5d2d0828505fb80b5e18bd174b/elements - {"using":"xpath","value":"//input[contains(@id ,\"application-billingtransfer-display-component---billingWorkbench--smartFilterBar-btnBasicSearch\")]"}
RESULT: {"using":"xpath","value":"//input[contains(@id ,\"application-billingtransfer-display-component---billingWorkbench--smartFilterBar-btnBasicSearch\")]"}
COMMAND: POST /session/e75b3d5d2d0828505fb80b5e18bd174b/execute/sync - {"script":"<script> [8489 bytes]","args":[{"element-6066-11e4-a52e-4f735466cecf":"f.3CC06888A91A2B87598FBDB561306D63.d.F0E3E9D26B150B4BB1241069A252900F.e.26409","ELEMENT":"f.3CC06888A91A2B87598FBDB561306D63.d.F0E3E9D26B150B4BB1241069A252900F.e.26409"}]}
RESULT: {"script":"<script> [8489 bytes]","args":[{"element-6066-11e4-a52e-4f735466cecf":"f.3CC06888A91A2B87598FBDB561306D63.d.F0E3E9D26B150B4BB1241069A252900F.e.26409","ELEMENT":"f.3CC06888A91A2B87598FBDB561306D63.d.F0E3E9D26B150B4BB1241069A252900F.e.26409"}]}
COMMAND: GET /session/e75b3d5d2d0828505fb80b5e18bd174b/element/f.3CC06888A91A2B87598FBDB561306D63.d.F0E3E9D26B150B4BB1241069A252900F.e.26409/enabled - {}
COMMAND: GET /session/e75b3d5d2d0828505fb80b5e18bd174b/screenshot - {}
RESULT: {}
COMMAND: POST /session/e75b3d5d2d0828505fb80b5e18bd174b/element/f.3CC06888A91A2B87598FBDB561306D63.d.F0E3E9D26B150B4BB1241069A252900F.e.26409/click - {}
COMMAND: GET /session/e75b3d5d2d0828505fb80b5e18bd174b/screenshot - {}
RESULT: {}
RESULT: {}
COMMAND: GET /session/e75b3d5d2d0828505fb80b5e18bd174b/screenshot - {}
RESULT: {}
RESULT: {}
COMMAND: POST /session/e75b3d5d2d0828505fb80b5e18bd174b/element/f.3CC06888A91A2B87598FBDB561306D63.d.F0E3E9D26B150B4BB1241069A252900F.e.26409/clear - {}
RESULT: {}
COMMAND: POST /session/e75b3d5d2d0828505fb80b5e18bd174b/element/f.3CC06888A91A2B87598FBDB561306D63.d.F0E3E9D26B150B4BB1241069A252900F.e.26409/value - {"text":"10404"}
COMMAND: GET /session/e75b3d5d2d0828505fb80b5e18bd174b/screenshot - {}
RESULT: {"text":"10404"}
COMMAND: POST /session/e75b3d5d2d0828505fb80b5e18bd174b/actions - {"actions":[{"id":"action95","type":"key","parameters":{},"actions":[{"type":"keyDown","value":"î€‡"},{"type":"pause","duration":10},{"type":"keyUp","value":"î€‡"}]}]}
COMMAND: GET /session/e75b3d5d2d0828505fb80b5e18bd174b/screenshot - {}
RESULT: {}
RESULT: {"actions":[{"id":"action95","type":"key","parameters":{},"actions":[{"type":"keyDown","value":"î€‡"},{"type":"pause","duration":10},{"type":"keyUp","value":"î€‡"}]}]}
COMMAND: GET /session/e75b3d5d2d0828505fb80b5e18bd174b/screenshot - {}
RESULT: {}
RESULT: {}
COMMAND: POST /session/e75b3d5d2d0828505fb80b5e18bd174b/element - {"using":"xpath","value":"//span[contains(@id ,\"application-billingtransfer-display-component---billingWorkbench--smartTableBillingRuns-header-inner\")]"}
RESULT: {"using":"xpath","value":"//span[contains(@id ,\"application-billingtransfer-display-component---billingWorkbench--smartTableBillingRuns-header-inner\")]"}
COMMAND: POST /session/e75b3d5d2d0828505fb80b5e18bd174b/elements - {"using":"xpath","value":"//span[contains(@id ,\"application-billingtransfer-display-component---billingWorkbench--smartTableBillingRuns-header-inner\")]"}
RESULT: {"using":"xpath","value":"//span[contains(@id ,\"application-billingtransfer-display-component---billingWorkbench--smartTableBillingRuns-header-inner\")]"}
COMMAND: POST /session/e75b3d5d2d0828505fb80b5e18bd174b/execute/sync - {"script":"<script> [56 bytes]","args":[{"element-6066-11e4-a52e-4f735466cecf":"f.3CC06888A91A2B87598FBDB561306D63.d.F0E3E9D26B150B4BB1241069A252900F.e.26581","ELEMENT":"f.3CC06888A91A2B87598FBDB561306D63.d.F0E3E9D26B150B4BB1241069A252900F.e.26581"}]}
RESULT: {"script":"<script> [56 bytes]","args":[{"element-6066-11e4-a52e-4f735466cecf":"f.3CC06888A91A2B87598FBDB561306D63.d.F0E3E9D26B150B4BB1241069A252900F.e.26581","ELEMENT":"f.3CC06888A91A2B87598FBDB561306D63.d.F0E3E9D26B150B4BB1241069A252900F.e.26581"}]}
COMMAND: POST /session/e75b3d5d2d0828505fb80b5e18bd174b/element - {"using":"xpath","value":"//td[@aria-colindex=\"1\"]/div/div[contains(@class, \"sapMCbBg\")]"}
COMMAND: GET /session/e75b3d5d2d0828505fb80b5e18bd174b/screenshot - {}
RESULT: {"using":"xpath","value":"//td[@aria-colindex=\"1\"]/div/div[contains(@class, \"sapMCbBg\")]"}
COMMAND: POST /session/e75b3d5d2d0828505fb80b5e18bd174b/element/f.3CC06888A91A2B87598FBDB561306D63.d.F0E3E9D26B150B4BB1241069A252900F.e.26573/click - {}
RESULT: {}
RESULT: {}
COMMAND: GET /session/e75b3d5d2d0828505fb80b5e18bd174b/screenshot - {}
RESULT: {}
COMMAND: POST /session/e75b3d5d2d0828505fb80b5e18bd174b/element - {"using":"xpath","value":"//bdi[contains(text(), \"Check\")]"}
RESULT: {"using":"xpath","value":"//bdi[contains(text(), \"Check\")]"}
COMMAND: POST /session/e75b3d5d2d0828505fb80b5e18bd174b/element/f.3CC06888A91A2B87598FBDB561306D63.d.F0E3E9D26B150B4BB1241069A252900F.e.26582/click - {}
RESULT: {}
COMMAND: GET /session/e75b3d5d2d0828505fb80b5e18bd174b/screenshot - {}
RESULT: {}
COMMAND: POST /session/e75b3d5d2d0828505fb80b5e18bd174b/element - {"using":"xpath","value":"//bdi[contains(text(), \"OK\")]"}
RESULT: {"using":"xpath","value":"//bdi[contains(text(), \"OK\")]"}
COMMAND: POST /session/e75b3d5d2d0828505fb80b5e18bd174b/element/f.3CC06888A91A2B87598FBDB561306D63.d.F0E3E9D26B150B4BB1241069A252900F.e.26585/click - {}
RESULT: {}
COMMAND: GET /session/e75b3d5d2d0828505fb80b5e18bd174b/screenshot - {}
RESULT: {}
COMMAND: POST /session/e75b3d5d2d0828505fb80b5e18bd174b/element - {"using":"xpath","value":"(//span[contains(text(), \"CO/SD checked\")]/parent::div/preceding-sibling::div/span)[1]"}
RESULT: {"using":"xpath","value":"(//span[contains(text(), \"CO/SD checked\")]/parent::div/preceding-sibling::div/span)[1]"}
COMMAND: POST /session/e75b3d5d2d0828505fb80b5e18bd174b/element/f.3CC06888A91A2B87598FBDB561306D63.d.F0E3E9D26B150B4BB1241069A252900F.e.26587/click - {}
RESULT: {}
COMMAND: GET /session/e75b3d5d2d0828505fb80b5e18bd174b/screenshot - {}
RESULT: {}
COMMAND: POST /session/e75b3d5d2d0828505fb80b5e18bd174b/element - {"using":"xpath","value":"//input[contains(@id ,\"application-billingtransfer-display-component---billingWorkbench--smartFilterBar-btnBasicSearch\")]"}
RESULT: {"using":"xpath","value":"//input[contains(@id ,\"application-billingtransfer-display-component---billingWorkbench--smartFilterBar-btnBasicSearch\")]"}
COMMAND: POST /session/e75b3d5d2d0828505fb80b5e18bd174b/elements - {"using":"xpath","value":"//input[contains(@id ,\"application-billingtransfer-display-component---billingWorkbench--smartFilterBar-btnBasicSearch\")]"}
RESULT: {"using":"xpath","value":"//input[contains(@id ,\"application-billingtransfer-display-component---billingWorkbench--smartFilterBar-btnBasicSearch\")]"}
COMMAND: POST /session/e75b3d5d2d0828505fb80b5e18bd174b/execute/sync - {"script":"<script> [8489 bytes]","args":[{"element-6066-11e4-a52e-4f735466cecf":"f.3CC06888A91A2B87598FBDB561306D63.d.F0E3E9D26B150B4BB1241069A252900F.e.26409","ELEMENT":"f.3CC06888A91A2B87598FBDB561306D63.d.F0E3E9D26B150B4BB1241069A252900F.e.26409"}]}
RESULT: {"script":"<script> [8489 bytes]","args":[{"element-6066-11e4-a52e-4f735466cecf":"f.3CC06888A91A2B87598FBDB561306D63.d.F0E3E9D26B150B4BB1241069A252900F.e.26409","ELEMENT":"f.3CC06888A91A2B87598FBDB561306D63.d.F0E3E9D26B150B4BB1241069A252900F.e.26409"}]}
COMMAND: GET /session/e75b3d5d2d0828505fb80b5e18bd174b/element/f.3CC06888A91A2B87598FBDB561306D63.d.F0E3E9D26B150B4BB1241069A252900F.e.26409/enabled - {}
COMMAND: GET /session/e75b3d5d2d0828505fb80b5e18bd174b/screenshot - {}
RESULT: {}
COMMAND: POST /session/e75b3d5d2d0828505fb80b5e18bd174b/element/f.3CC06888A91A2B87598FBDB561306D63.d.F0E3E9D26B150B4BB1241069A252900F.e.26409/click - {}
COMMAND: GET /session/e75b3d5d2d0828505fb80b5e18bd174b/screenshot - {}
RESULT: {}
RESULT: {}
COMMAND: GET /session/e75b3d5d2d0828505fb80b5e18bd174b/screenshot - {}
RESULT: {}
RESULT: {}
COMMAND: POST /session/e75b3d5d2d0828505fb80b5e18bd174b/element/f.3CC06888A91A2B87598FBDB561306D63.d.F0E3E9D26B150B4BB1241069A252900F.e.26409/clear - {}
RESULT: {}
COMMAND: POST /session/e75b3d5d2d0828505fb80b5e18bd174b/element/f.3CC06888A91A2B87598FBDB561306D63.d.F0E3E9D26B150B4BB1241069A252900F.e.26409/value - {"text":"10404"}
COMMAND: GET /session/e75b3d5d2d0828505fb80b5e18bd174b/screenshot - {}
RESULT: {"text":"10404"}
COMMAND: POST /session/e75b3d5d2d0828505fb80b5e18bd174b/actions - {"actions":[{"id":"action96","type":"key","parameters":{},"actions":[{"type":"keyDown","value":"î€‡"},{"type":"pause","duration":10},{"type":"keyUp","value":"î€‡"}]}]}
COMMAND: GET /session/e75b3d5d2d0828505fb80b5e18bd174b/screenshot - {}
RESULT: {}
RESULT: {"actions":[{"id":"action96","type":"key","parameters":{},"actions":[{"type":"keyDown","value":"î€‡"},{"type":"pause","duration":10},{"type":"keyUp","value":"î€‡"}]}]}
COMMAND: GET /session/e75b3d5d2d0828505fb80b5e18bd174b/screenshot - {}
RESULT: {}
RESULT: {}
COMMAND: POST /session/e75b3d5d2d0828505fb80b5e18bd174b/element - {"using":"xpath","value":"//span[contains(@id ,\"application-billingtransfer-display-component---billingWorkbench--smartTableBillingRuns-header-inner\")]"}
RESULT: {"using":"xpath","value":"//span[contains(@id ,\"application-billingtransfer-display-component---billingWorkbench--smartTableBillingRuns-header-inner\")]"}
COMMAND: POST /session/e75b3d5d2d0828505fb80b5e18bd174b/elements - {"using":"xpath","value":"//span[contains(@id ,\"application-billingtransfer-display-component---billingWorkbench--smartTableBillingRuns-header-inner\")]"}
RESULT: {"using":"xpath","value":"//span[contains(@id ,\"application-billingtransfer-display-component---billingWorkbench--smartTableBillingRuns-header-inner\")]"}
COMMAND: POST /session/e75b3d5d2d0828505fb80b5e18bd174b/execute/sync - {"script":"<script> [56 bytes]","args":[{"element-6066-11e4-a52e-4f735466cecf":"f.3CC06888A91A2B87598FBDB561306D63.d.F0E3E9D26B150B4BB1241069A252900F.e.26581","ELEMENT":"f.3CC06888A91A2B87598FBDB561306D63.d.F0E3E9D26B150B4BB1241069A252900F.e.26581"}]}
RESULT: {"script":"<script> [56 bytes]","args":[{"element-6066-11e4-a52e-4f735466cecf":"f.3CC06888A91A2B87598FBDB561306D63.d.F0E3E9D26B150B4BB1241069A252900F.e.26581","ELEMENT":"f.3CC06888A91A2B87598FBDB561306D63.d.F0E3E9D26B150B4BB1241069A252900F.e.26581"}]}
COMMAND: GET /session/e75b3d5d2d0828505fb80b5e18bd174b/screenshot - {}
RESULT: {}
COMMAND: POST /session/e75b3d5d2d0828505fb80b5e18bd174b/execute/sync - {"script":"<script> [56 bytes]","args":[{"element-6066-11e4-a52e-4f735466cecf":"f.3CC06888A91A2B87598FBDB561306D63.d.F0E3E9D26B150B4BB1241069A252900F.e.26581","ELEMENT":"f.3CC06888A91A2B87598FBDB561306D63.d.F0E3E9D26B150B4BB1241069A252900F.e.26581"}]}
RESULT: {"script":"<script> [56 bytes]","args":[{"element-6066-11e4-a52e-4f735466cecf":"f.3CC06888A91A2B87598FBDB561306D63.d.F0E3E9D26B150B4BB1241069A252900F.e.26581","ELEMENT":"f.3CC06888A91A2B87598FBDB561306D63.d.F0E3E9D26B150B4BB1241069A252900F.e.26581"}]}
COMMAND: GET /session/e75b3d5d2d0828505fb80b5e18bd174b/screenshot - {}
RESULT: {}
COMMAND: POST /session/e75b3d5d2d0828505fb80b5e18bd174b/execute/sync - {"script":"<script> [56 bytes]","args":[{"element-6066-11e4-a52e-4f735466cecf":"f.3CC06888A91A2B87598FBDB561306D63.d.F0E3E9D26B150B4BB1241069A252900F.e.26581","ELEMENT":"f.3CC06888A91A2B87598FBDB561306D63.d.F0E3E9D26B150B4BB1241069A252900F.e.26581"}]}
RESULT: {"script":"<script> [56 bytes]","args":[{"element-6066-11e4-a52e-4f735466cecf":"f.3CC06888A91A2B87598FBDB561306D63.d.F0E3E9D26B150B4BB1241069A252900F.e.26581","ELEMENT":"f.3CC06888A91A2B87598FBDB561306D63.d.F0E3E9D26B150B4BB1241069A252900F.e.26581"}]}
COMMAND: GET /session/e75b3d5d2d0828505fb80b5e18bd174b/screenshot - {}
RESULT: {}
COMMAND: POST /session/e75b3d5d2d0828505fb80b5e18bd174b/execute/sync - {"script":"<script> [56 bytes]","args":[{"element-6066-11e4-a52e-4f735466cecf":"f.3CC06888A91A2B87598FBDB561306D63.d.F0E3E9D26B150B4BB1241069A252900F.e.26581","ELEMENT":"f.3CC06888A91A2B87598FBDB561306D63.d.F0E3E9D26B150B4BB1241069A252900F.e.26581"}]}
RESULT: {"script":"<script> [56 bytes]","args":[{"element-6066-11e4-a52e-4f735466cecf":"f.3CC06888A91A2B87598FBDB561306D63.d.F0E3E9D26B150B4BB1241069A252900F.e.26581","ELEMENT":"f.3CC06888A91A2B87598FBDB561306D63.d.F0E3E9D26B150B4BB1241069A252900F.e.26581"}]}
COMMAND: GET /session/e75b3d5d2d0828505fb80b5e18bd174b/screenshot - {}
RESULT: {}
COMMAND: POST /session/e75b3d5d2d0828505fb80b5e18bd174b/execute/sync - {"script":"<script> [56 bytes]","args":[{"element-6066-11e4-a52e-4f735466cecf":"f.3CC06888A91A2B87598FBDB561306D63.d.F0E3E9D26B150B4BB1241069A252900F.e.26581","ELEMENT":"f.3CC06888A91A2B87598FBDB561306D63.d.F0E3E9D26B150B4BB1241069A252900F.e.26581"}]}
RESULT: {"script":"<script> [56 bytes]","args":[{"element-6066-11e4-a52e-4f735466cecf":"f.3CC06888A91A2B87598FBDB561306D63.d.F0E3E9D26B150B4BB1241069A252900F.e.26581","ELEMENT":"f.3CC06888A91A2B87598FBDB561306D63.d.F0E3E9D26B150B4BB1241069A252900F.e.26581"}]}
COMMAND: GET /session/e75b3d5d2d0828505fb80b5e18bd174b/screenshot - {}
RESULT: {}
COMMAND: POST /session/e75b3d5d2d0828505fb80b5e18bd174b/execute/sync - {"script":"<script> [56 bytes]","args":[{"element-6066-11e4-a52e-4f735466cecf":"f.3CC06888A91A2B87598FBDB561306D63.d.F0E3E9D26B150B4BB1241069A252900F.e.26581","ELEMENT":"f.3CC06888A91A2B87598FBDB561306D63.d.F0E3E9D26B150B4BB1241069A252900F.e.26581"}]}
RESULT: {"script":"<script> [56 bytes]","args":[{"element-6066-11e4-a52e-4f735466cecf":"f.3CC06888A91A2B87598FBDB561306D63.d.F0E3E9D26B150B4BB1241069A252900F.e.26581","ELEMENT":"f.3CC06888A91A2B87598FBDB561306D63.d.F0E3E9D26B150B4BB1241069A252900F.e.26581"}]}
COMMAND: GET /session/e75b3d5d2d0828505fb80b5e18bd174b/screenshot - {}
RESULT: {}
COMMAND: POST /session/e75b3d5d2d0828505fb80b5e18bd174b/execute/sync - {"script":"<script> [56 bytes]","args":[{"element-6066-11e4-a52e-4f735466cecf":"f.3CC06888A91A2B87598FBDB561306D63.d.F0E3E9D26B150B4BB1241069A252900F.e.26581","ELEMENT":"f.3CC06888A91A2B87598FBDB561306D63.d.F0E3E9D26B150B4BB1241069A252900F.e.26581"}]}
RESULT: {"script":"<script> [56 bytes]","args":[{"element-6066-11e4-a52e-4f735466cecf":"f.3CC06888A91A2B87598FBDB561306D63.d.F0E3E9D26B150B4BB1241069A252900F.e.26581","ELEMENT":"f.3CC06888A91A2B87598FBDB561306D63.d.F0E3E9D26B150B4BB1241069A252900F.e.26581"}]}
COMMAND: GET /session/e75b3d5d2d0828505fb80b5e18bd174b/screenshot - {}
RESULT: {}
COMMAND: POST /session/e75b3d5d2d0828505fb80b5e18bd174b/execute/sync - {"script":"<script> [56 bytes]","args":[{"element-6066-11e4-a52e-4f735466cecf":"f.3CC06888A91A2B87598FBDB561306D63.d.F0E3E9D26B150B4BB1241069A252900F.e.26581","ELEMENT":"f.3CC06888A91A2B87598FBDB561306D63.d.F0E3E9D26B150B4BB1241069A252900F.e.26581"}]}
RESULT: {"script":"<script> [56 bytes]","args":[{"element-6066-11e4-a52e-4f735466cecf":"f.3CC06888A91A2B87598FBDB561306D63.d.F0E3E9D26B150B4BB1241069A252900F.e.26581","ELEMENT":"f.3CC06888A91A2B87598FBDB561306D63.d.F0E3E9D26B150B4BB1241069A252900F.e.26581"}]}
COMMAND: GET /session/e75b3d5d2d0828505fb80b5e18bd174b/screenshot - {}
RESULT: {}
COMMAND: POST /session/e75b3d5d2d0828505fb80b5e18bd174b/execute/sync - {"script":"<script> [56 bytes]","args":[{"element-6066-11e4-a52e-4f735466cecf":"f.3CC06888A91A2B87598FBDB561306D63.d.F0E3E9D26B150B4BB1241069A252900F.e.26581","ELEMENT":"f.3CC06888A91A2B87598FBDB561306D63.d.F0E3E9D26B150B4BB1241069A252900F.e.26581"}]}
RESULT: {"script":"<script> [56 bytes]","args":[{"element-6066-11e4-a52e-4f735466cecf":"f.3CC06888A91A2B87598FBDB561306D63.d.F0E3E9D26B150B4BB1241069A252900F.e.26581","ELEMENT":"f.3CC06888A91A2B87598FBDB561306D63.d.F0E3E9D26B150B4BB1241069A252900F.e.26581"}]}
COMMAND: GET /session/e75b3d5d2d0828505fb80b5e18bd174b/screenshot - {}
RESULT: {}
COMMAND: POST /session/e75b3d5d2d0828505fb80b5e18bd174b/execute/sync - {"script":"<script> [56 bytes]","args":[{"element-6066-11e4-a52e-4f735466cecf":"f.3CC06888A91A2B87598FBDB561306D63.d.F0E3E9D26B150B4BB1241069A252900F.e.26581","ELEMENT":"f.3CC06888A91A2B87598FBDB561306D63.d.F0E3E9D26B150B4BB1241069A252900F.e.26581"}]}
RESULT: {"script":"<script> [56 bytes]","args":[{"element-6066-11e4-a52e-4f735466cecf":"f.3CC06888A91A2B87598FBDB561306D63.d.F0E3E9D26B150B4BB1241069A252900F.e.26581","ELEMENT":"f.3CC06888A91A2B87598FBDB561306D63.d.F0E3E9D26B150B4BB1241069A252900F.e.26581"}]}
COMMAND: GET /session/e75b3d5d2d0828505fb80b5e18bd174b/screenshot - {}
RESULT: {}
COMMAND: POST /session/e75b3d5d2d0828505fb80b5e18bd174b/execute/sync - {"script":"<script> [56 bytes]","args":[{"element-6066-11e4-a52e-4f735466cecf":"f.3CC06888A91A2B87598FBDB561306D63.d.F0E3E9D26B150B4BB1241069A252900F.e.26581","ELEMENT":"f.3CC06888A91A2B87598FBDB561306D63.d.F0E3E9D26B150B4BB1241069A252900F.e.26581"}]}
RESULT: {"script":"<script> [56 bytes]","args":[{"element-6066-11e4-a52e-4f735466cecf":"f.3CC06888A91A2B87598FBDB561306D63.d.F0E3E9D26B150B4BB1241069A252900F.e.26581","ELEMENT":"f.3CC06888A91A2B87598FBDB561306D63.d.F0E3E9D26B150B4BB1241069A252900F.e.26581"}]}
COMMAND: GET /session/e75b3d5d2d0828505fb80b5e18bd174b/screenshot - {}
RESULT: {}
COMMAND: POST /session/e75b3d5d2d0828505fb80b5e18bd174b/execute/sync - {"script":"<script> [56 bytes]","args":[{"element-6066-11e4-a52e-4f735466cecf":"f.3CC06888A91A2B87598FBDB561306D63.d.F0E3E9D26B150B4BB1241069A252900F.e.26581","ELEMENT":"f.3CC06888A91A2B87598FBDB561306D63.d.F0E3E9D26B150B4BB1241069A252900F.e.26581"}]}
RESULT: {"script":"<script> [56 bytes]","args":[{"element-6066-11e4-a52e-4f735466cecf":"f.3CC06888A91A2B87598FBDB561306D63.d.F0E3E9D26B150B4BB1241069A252900F.e.26581","ELEMENT":"f.3CC06888A91A2B87598FBDB561306D63.d.F0E3E9D26B150B4BB1241069A252900F.e.26581"}]}
COMMAND: GET /session/e75b3d5d2d0828505fb80b5e18bd174b/screenshot - {}
RESULT: {}
COMMAND: POST /session/e75b3d5d2d0828505fb80b5e18bd174b/execute/sync - {"script":"<script> [56 bytes]","args":[{"element-6066-11e4-a52e-4f735466cecf":"f.3CC06888A91A2B87598FBDB561306D63.d.F0E3E9D26B150B4BB1241069A252900F.e.26581","ELEMENT":"f.3CC06888A91A2B87598FBDB561306D63.d.F0E3E9D26B150B4BB1241069A252900F.e.26581"}]}
RESULT: {"script":"<script> [56 bytes]","args":[{"element-6066-11e4-a52e-4f735466cecf":"f.3CC06888A91A2B87598FBDB561306D63.d.F0E3E9D26B150B4BB1241069A252900F.e.26581","ELEMENT":"f.3CC06888A91A2B87598FBDB561306D63.d.F0E3E9D26B150B4BB1241069A252900F.e.26581"}]}
COMMAND: GET /session/e75b3d5d2d0828505fb80b5e18bd174b/screenshot - {}
RESULT: {}
COMMAND: POST /session/e75b3d5d2d0828505fb80b5e18bd174b/execute/sync - {"script":"<script> [56 bytes]","args":[{"element-6066-11e4-a52e-4f735466cecf":"f.3CC06888A91A2B87598FBDB561306D63.d.F0E3E9D26B150B4BB1241069A252900F.e.26581","ELEMENT":"f.3CC06888A91A2B87598FBDB561306D63.d.F0E3E9D26B150B4BB1241069A252900F.e.26581"}]}
RESULT: {"script":"<script> [56 bytes]","args":[{"element-6066-11e4-a52e-4f735466cecf":"f.3CC06888A91A2B87598FBDB561306D63.d.F0E3E9D26B150B4BB1241069A252900F.e.26581","ELEMENT":"f.3CC06888A91A2B87598FBDB561306D63.d.F0E3E9D26B150B4BB1241069A252900F.e.26581"}]}
COMMAND: GET /session/e75b3d5d2d0828505fb80b5e18bd174b/screenshot - {}
RESULT: {}
COMMAND: POST /session/e75b3d5d2d0828505fb80b5e18bd174b/execute/sync - {"script":"<script> [56 bytes]","args":[{"element-6066-11e4-a52e-4f735466cecf":"f.3CC06888A91A2B87598FBDB561306D63.d.F0E3E9D26B150B4BB1241069A252900F.e.26581","ELEMENT":"f.3CC06888A91A2B87598FBDB561306D63.d.F0E3E9D26B150B4BB1241069A252900F.e.26581"}]}
RESULT: {"script":"<script> [56 bytes]","args":[{"element-6066-11e4-a52e-4f735466cecf":"f.3CC06888A91A2B87598FBDB561306D63.d.F0E3E9D26B150B4BB1241069A252900F.e.26581","ELEMENT":"f.3CC06888A91A2B87598FBDB561306D63.d.F0E3E9D26B150B4BB1241069A252900F.e.26581"}]}
COMMAND: GET /session/e75b3d5d2d0828505fb80b5e18bd174b/screenshot - {}
RESULT: {}
COMMAND: POST /session/e75b3d5d2d0828505fb80b5e18bd174b/execute/sync - {"script":"<script> [56 bytes]","args":[{"element-6066-11e4-a52e-4f735466cecf":"f.3CC06888A91A2B87598FBDB561306D63.d.F0E3E9D26B150B4BB1241069A252900F.e.26581","ELEMENT":"f.3CC06888A91A2B87598FBDB561306D63.d.F0E3E9D26B150B4BB1241069A252900F.e.26581"}]}
RESULT: {"script":"<script> [56 bytes]","args":[{"element-6066-11e4-a52e-4f735466cecf":"f.3CC06888A91A2B87598FBDB561306D63.d.F0E3E9D26B150B4BB1241069A252900F.e.26581","ELEMENT":"f.3CC06888A91A2B87598FBDB561306D63.d.F0E3E9D26B150B4BB1241069A252900F.e.26581"}]}
COMMAND: GET /session/e75b3d5d2d0828505fb80b5e18bd174b/screenshot - {}
RESULT: {}
COMMAND: POST /session/e75b3d5d2d0828505fb80b5e18bd174b/execute/sync - {"script":"<script> [56 bytes]","args":[{"element-6066-11e4-a52e-4f735466cecf":"f.3CC06888A91A2B87598FBDB561306D63.d.F0E3E9D26B150B4BB1241069A252900F.e.26581","ELEMENT":"f.3CC06888A91A2B87598FBDB561306D63.d.F0E3E9D26B150B4BB1241069A252900F.e.26581"}]}
RESULT: {"script":"<script> [56 bytes]","args":[{"element-6066-11e4-a52e-4f735466cecf":"f.3CC06888A91A2B87598FBDB561306D63.d.F0E3E9D26B150B4BB1241069A252900F.e.26581","ELEMENT":"f.3CC06888A91A2B87598FBDB561306D63.d.F0E3E9D26B150B4BB1241069A252900F.e.26581"}]}
COMMAND: GET /session/e75b3d5d2d0828505fb80b5e18bd174b/screenshot - {}
RESULT: {}
COMMAND: POST /session/e75b3d5d2d0828505fb80b5e18bd174b/execute/sync - {"script":"<script> [56 bytes]","args":[{"element-6066-11e4-a52e-4f735466cecf":"f.3CC06888A91A2B87598FBDB561306D63.d.F0E3E9D26B150B4BB1241069A252900F.e.26581","ELEMENT":"f.3CC06888A91A2B87598FBDB561306D63.d.F0E3E9D26B150B4BB1241069A252900F.e.26581"}]}
RESULT: {"script":"<script> [56 bytes]","args":[{"element-6066-11e4-a52e-4f735466cecf":"f.3CC06888A91A2B87598FBDB561306D63.d.F0E3E9D26B150B4BB1241069A252900F.e.26581","ELEMENT":"f.3CC06888A91A2B87598FBDB561306D63.d.F0E3E9D26B150B4BB1241069A252900F.e.26581"}]}
COMMAND: GET /session/e75b3d5d2d0828505fb80b5e18bd174b/screenshot - {}
RESULT: {}
COMMAND: POST /session/e75b3d5d2d0828505fb80b5e18bd174b/execute/sync - {"script":"<script> [56 bytes]","args":[{"element-6066-11e4-a52e-4f735466cecf":"f.3CC06888A91A2B87598FBDB561306D63.d.F0E3E9D26B150B4BB1241069A252900F.e.26581","ELEMENT":"f.3CC06888A91A2B87598FBDB561306D63.d.F0E3E9D26B150B4BB1241069A252900F.e.26581"}]}
RESULT: {"script":"<script> [56 bytes]","args":[{"element-6066-11e4-a52e-4f735466cecf":"f.3CC06888A91A2B87598FBDB561306D63.d.F0E3E9D26B150B4BB1241069A252900F.e.26581","ELEMENT":"f.3CC06888A91A2B87598FBDB561306D63.d.F0E3E9D26B150B4BB1241069A252900F.e.26581"}]}
COMMAND: GET /session/e75b3d5d2d0828505fb80b5e18bd174b/screenshot - {}
RESULT: {}
COMMAND: POST /session/e75b3d5d2d0828505fb80b5e18bd174b/execute/sync - {"script":"<script> [56 bytes]","args":[{"element-6066-11e4-a52e-4f735466cecf":"f.3CC06888A91A2B87598FBDB561306D63.d.F0E3E9D26B150B4BB1241069A252900F.e.26581","ELEMENT":"f.3CC06888A91A2B87598FBDB561306D63.d.F0E3E9D26B150B4BB1241069A252900F.e.26581"}]}
RESULT: {"script":"<script> [56 bytes]","args":[{"element-6066-11e4-a52e-4f735466cecf":"f.3CC06888A91A2B87598FBDB561306D63.d.F0E3E9D26B150B4BB1241069A252900F.e.26581","ELEMENT":"f.3CC06888A91A2B87598FBDB561306D63.d.F0E3E9D26B150B4BB1241069A252900F.e.26581"}]}
COMMAND: GET /session/e75b3d5d2d0828505fb80b5e18bd174b/screenshot - {}
RESULT: {}
COMMAND: POST /session/e75b3d5d2d0828505fb80b5e18bd174b/execute/sync - {"script":"<script> [56 bytes]","args":[{"element-6066-11e4-a52e-4f735466cecf":"f.3CC06888A91A2B87598FBDB561306D63.d.F0E3E9D26B150B4BB1241069A252900F.e.26581","ELEMENT":"f.3CC06888A91A2B87598FBDB561306D63.d.F0E3E9D26B150B4BB1241069A252900F.e.26581"}]}
RESULT: {"script":"<script> [56 bytes]","args":[{"element-6066-11e4-a52e-4f735466cecf":"f.3CC06888A91A2B87598FBDB561306D63.d.F0E3E9D26B150B4BB1241069A252900F.e.26581","ELEMENT":"f.3CC06888A91A2B87598FBDB561306D63.d.F0E3E9D26B150B4BB1241069A252900F.e.26581"}]}
COMMAND: GET /session/e75b3d5d2d0828505fb80b5e18bd174b/screenshot - {}
RESULT: {}
COMMAND: POST /session/e75b3d5d2d0828505fb80b5e18bd174b/execute/sync - {"script":"<script> [56 bytes]","args":[{"element-6066-11e4-a52e-4f735466cecf":"f.3CC06888A91A2B87598FBDB561306D63.d.F0E3E9D26B150B4BB1241069A252900F.e.26581","ELEMENT":"f.3CC06888A91A2B87598FBDB561306D63.d.F0E3E9D26B150B4BB1241069A252900F.e.26581"}]}
RESULT: {"script":"<script> [56 bytes]","args":[{"element-6066-11e4-a52e-4f735466cecf":"f.3CC06888A91A2B87598FBDB561306D63.d.F0E3E9D26B150B4BB1241069A252900F.e.26581","ELEMENT":"f.3CC06888A91A2B87598FBDB561306D63.d.F0E3E9D26B150B4BB1241069A252900F.e.26581"}]}
COMMAND: GET /session/e75b3d5d2d0828505fb80b5e18bd174b/screenshot - {}
RESULT: {}
COMMAND: POST /session/e75b3d5d2d0828505fb80b5e18bd174b/execute/sync - {"script":"<script> [56 bytes]","args":[{"element-6066-11e4-a52e-4f735466cecf":"f.3CC06888A91A2B87598FBDB561306D63.d.F0E3E9D26B150B4BB1241069A252900F.e.26581","ELEMENT":"f.3CC06888A91A2B87598FBDB561306D63.d.F0E3E9D26B150B4BB1241069A252900F.e.26581"}]}
RESULT: {"script":"<script> [56 bytes]","args":[{"element-6066-11e4-a52e-4f735466cecf":"f.3CC06888A91A2B87598FBDB561306D63.d.F0E3E9D26B150B4BB1241069A252900F.e.26581","ELEMENT":"f.3CC06888A91A2B87598FBDB561306D63.d.F0E3E9D26B150B4BB1241069A252900F.e.26581"}]}
COMMAND: GET /session/e75b3d5d2d0828505fb80b5e18bd174b/screenshot - {}
RESULT: {}
COMMAND: POST /session/e75b3d5d2d0828505fb80b5e18bd174b/execute/sync - {"script":"<script> [56 bytes]","args":[{"element-6066-11e4-a52e-4f735466cecf":"f.3CC06888A91A2B87598FBDB561306D63.d.F0E3E9D26B150B4BB1241069A252900F.e.26581","ELEMENT":"f.3CC06888A91A2B87598FBDB561306D63.d.F0E3E9D26B150B4BB1241069A252900F.e.26581"}]}
RESULT: {"script":"<script> [56 bytes]","args":[{"element-6066-11e4-a52e-4f735466cecf":"f.3CC06888A91A2B87598FBDB561306D63.d.F0E3E9D26B150B4BB1241069A252900F.e.26581","ELEMENT":"f.3CC06888A91A2B87598FBDB561306D63.d.F0E3E9D26B150B4BB1241069A252900F.e.26581"}]}
COMMAND: GET /session/e75b3d5d2d0828505fb80b5e18bd174b/screenshot - {}
RESULT: {}
COMMAND: POST /session/e75b3d5d2d0828505fb80b5e18bd174b/execute/sync - {"script":"<script> [56 bytes]","args":[{"element-6066-11e4-a52e-4f735466cecf":"f.3CC06888A91A2B87598FBDB561306D63.d.F0E3E9D26B150B4BB1241069A252900F.e.26581","ELEMENT":"f.3CC06888A91A2B87598FBDB561306D63.d.F0E3E9D26B150B4BB1241069A252900F.e.26581"}]}
RESULT: {"script":"<script> [56 bytes]","args":[{"element-6066-11e4-a52e-4f735466cecf":"f.3CC06888A91A2B87598FBDB561306D63.d.F0E3E9D26B150B4BB1241069A252900F.e.26581","ELEMENT":"f.3CC06888A91A2B87598FBDB561306D63.d.F0E3E9D26B150B4BB1241069A252900F.e.26581"}]}
COMMAND: GET /session/e75b3d5d2d0828505fb80b5e18bd174b/screenshot - {}
RESULT: {}
COMMAND: POST /session/e75b3d5d2d0828505fb80b5e18bd174b/execute/sync - {"script":"<script> [56 bytes]","args":[{"element-6066-11e4-a52e-4f735466cecf":"f.3CC06888A91A2B87598FBDB561306D63.d.F0E3E9D26B150B4BB1241069A252900F.e.26581","ELEMENT":"f.3CC06888A91A2B87598FBDB561306D63.d.F0E3E9D26B150B4BB1241069A252900F.e.26581"}]}
RESULT: {"script":"<script> [56 bytes]","args":[{"element-6066-11e4-a52e-4f735466cecf":"f.3CC06888A91A2B87598FBDB561306D63.d.F0E3E9D26B150B4BB1241069A252900F.e.26581","ELEMENT":"f.3CC06888A91A2B87598FBDB561306D63.d.F0E3E9D26B150B4BB1241069A252900F.e.26581"}]}
COMMAND: GET /session/e75b3d5d2d0828505fb80b5e18bd174b/screenshot - {}
RESULT: {}
COMMAND: POST /session/e75b3d5d2d0828505fb80b5e18bd174b/execute/sync - {"script":"<script> [56 bytes]","args":[{"element-6066-11e4-a52e-4f735466cecf":"f.3CC06888A91A2B87598FBDB561306D63.d.F0E3E9D26B150B4BB1241069A252900F.e.26581","ELEMENT":"f.3CC06888A91A2B87598FBDB561306D63.d.F0E3E9D26B150B4BB1241069A252900F.e.26581"}]}
RESULT: {"script":"<script> [56 bytes]","args":[{"element-6066-11e4-a52e-4f735466cecf":"f.3CC06888A91A2B87598FBDB561306D63.d.F0E3E9D26B150B4BB1241069A252900F.e.26581","ELEMENT":"f.3CC06888A91A2B87598FBDB561306D63.d.F0E3E9D26B150B4BB1241069A252900F.e.26581"}]}
COMMAND: GET /session/e75b3d5d2d0828505fb80b5e18bd174b/screenshot - {}
RESULT: {}
COMMAND: POST /session/e75b3d5d2d0828505fb80b5e18bd174b/execute/sync - {"script":"<script> [56 bytes]","args":[{"element-6066-11e4-a52e-4f735466cecf":"f.3CC06888A91A2B87598FBDB561306D63.d.F0E3E9D26B150B4BB1241069A252900F.e.26581","ELEMENT":"f.3CC06888A91A2B87598FBDB561306D63.d.F0E3E9D26B150B4BB1241069A252900F.e.26581"}]}
RESULT: {"script":"<script> [56 bytes]","args":[{"element-6066-11e4-a52e-4f735466cecf":"f.3CC06888A91A2B87598FBDB561306D63.d.F0E3E9D26B150B4BB1241069A252900F.e.26581","ELEMENT":"f.3CC06888A91A2B87598FBDB561306D63.d.F0E3E9D26B150B4BB1241069A252900F.e.26581"}]}
COMMAND: GET /session/e75b3d5d2d0828505fb80b5e18bd174b/screenshot - {}
RESULT: {}
COMMAND: POST /session/e75b3d5d2d0828505fb80b5e18bd174b/execute/sync - {"script":"<script> [56 bytes]","args":[{"element-6066-11e4-a52e-4f735466cecf":"f.3CC06888A91A2B87598FBDB561306D63.d.F0E3E9D26B150B4BB1241069A252900F.e.26581","ELEMENT":"f.3CC06888A91A2B87598FBDB561306D63.d.F0E3E9D26B150B4BB1241069A252900F.e.26581"}]}
RESULT: {"script":"<script> [56 bytes]","args":[{"element-6066-11e4-a52e-4f735466cecf":"f.3CC06888A91A2B87598FBDB561306D63.d.F0E3E9D26B150B4BB1241069A252900F.e.26581","ELEMENT":"f.3CC06888A91A2B87598FBDB561306D63.d.F0E3E9D26B150B4BB1241069A252900F.e.26581"}]}
COMMAND: POST /session/e75b3d5d2d0828505fb80b5e18bd174b/element - {"using":"xpath","value":"//td[@aria-colindex=\"1\"]/div/div[contains(@class, \"sapMCbBg\")]"}
COMMAND: GET /session/e75b3d5d2d0828505fb80b5e18bd174b/screenshot - {}
RESULT: {"using":"xpath","value":"//td[@aria-colindex=\"1\"]/div/div[contains(@class, \"sapMCbBg\")]"}
COMMAND: POST /session/e75b3d5d2d0828505fb80b5e18bd174b/element/f.3CC06888A91A2B87598FBDB561306D63.d.F0E3E9D26B150B4BB1241069A252900F.e.26590/click - {}
RESULT: {}
RESULT: {}
COMMAND: GET /session/e75b3d5d2d0828505fb80b5e18bd174b/screenshot - {}
RESULT: {}
COMMAND: POST /session/e75b3d5d2d0828505fb80b5e18bd174b/element - {"using":"xpath","value":"//bdi[text()=\"Transfer\"]"}
RESULT: {"using":"xpath","value":"//bdi[text()=\"Transfer\"]"}
COMMAND: POST /session/e75b3d5d2d0828505fb80b5e18bd174b/element/f.3CC06888A91A2B87598FBDB561306D63.d.F0E3E9D26B150B4BB1241069A252900F.e.26591/click - {}
RESULT: {}
COMMAND: GET /session/e75b3d5d2d0828505fb80b5e18bd174b/screenshot - {}
RESULT: {}
COMMAND: POST /session/e75b3d5d2d0828505fb80b5e18bd174b/element - {"using":"xpath","value":"//bdi[contains(text(), \"OK\")]"}
RESULT: {"using":"xpath","value":"//bdi[contains(text(), \"OK\")]"}
COMMAND: POST /session/e75b3d5d2d0828505fb80b5e18bd174b/element/f.3CC06888A91A2B87598FBDB561306D63.d.F0E3E9D26B150B4BB1241069A252900F.e.26594/click - {}
RESULT: {}
COMMAND: GET /session/e75b3d5d2d0828505fb80b5e18bd174b/screenshot - {}
RESULT: {}
COMMAND: POST /session/e75b3d5d2d0828505fb80b5e18bd174b/element - {"using":"xpath","value":"(//span[contains(text(), \"Completed\")]/parent::div/preceding-sibling::div/span)[1]"}
RESULT: {"using":"xpath","value":"(//span[contains(text(), \"Completed\")]/parent::div/preceding-sibling::div/span)[1]"}
COMMAND: POST /session/e75b3d5d2d0828505fb80b5e18bd174b/element/f.3CC06888A91A2B87598FBDB561306D63.d.F0E3E9D26B150B4BB1241069A252900F.e.26602/click - {}
RESULT: {}
COMMAND: POST /session/e75b3d5d2d0828505fb80b5e18bd174b/element - {"using":"xpath","value":"//input[contains(@id ,\"application-billingtransfer-display-component---billingWorkbench--smartFilterBar-btnBasicSearch\")]"}
COMMAND: GET /session/e75b3d5d2d0828505fb80b5e18bd174b/screenshot - {}
RESULT: {"using":"xpath","value":"//input[contains(@id ,\"application-billingtransfer-display-component---billingWorkbench--smartFilterBar-btnBasicSearch\")]"}
COMMAND: POST /session/e75b3d5d2d0828505fb80b5e18bd174b/elements - {"using":"xpath","value":"//input[contains(@id ,\"application-billingtransfer-display-component---billingWorkbench--smartFilterBar-btnBasicSearch\")]"}
RESULT: {}
RESULT: {"using":"xpath","value":"//input[contains(@id ,\"application-billingtransfer-display-component---billingWorkbench--smartFilterBar-btnBasicSearch\")]"}
COMMAND: POST /session/e75b3d5d2d0828505fb80b5e18bd174b/execute/sync - {"script":"<script> [8489 bytes]","args":[{"element-6066-11e4-a52e-4f735466cecf":"f.3CC06888A91A2B87598FBDB561306D63.d.F0E3E9D26B150B4BB1241069A252900F.e.26409","ELEMENT":"f.3CC06888A91A2B87598FBDB561306D63.d.F0E3E9D26B150B4BB1241069A252900F.e.26409"}]}
RESULT: {"script":"<script> [8489 bytes]","args":[{"element-6066-11e4-a52e-4f735466cecf":"f.3CC06888A91A2B87598FBDB561306D63.d.F0E3E9D26B150B4BB1241069A252900F.e.26409","ELEMENT":"f.3CC06888A91A2B87598FBDB561306D63.d.F0E3E9D26B150B4BB1241069A252900F.e.26409"}]}
COMMAND: GET /session/e75b3d5d2d0828505fb80b5e18bd174b/element/f.3CC06888A91A2B87598FBDB561306D63.d.F0E3E9D26B150B4BB1241069A252900F.e.26409/enabled - {}
COMMAND: GET /session/e75b3d5d2d0828505fb80b5e18bd174b/screenshot - {}
RESULT: {}
COMMAND: POST /session/e75b3d5d2d0828505fb80b5e18bd174b/element/f.3CC06888A91A2B87598FBDB561306D63.d.F0E3E9D26B150B4BB1241069A252900F.e.26409/click - {}
COMMAND: GET /session/e75b3d5d2d0828505fb80b5e18bd174b/screenshot - {}
RESULT: {}
RESULT: {}
COMMAND: GET /session/e75b3d5d2d0828505fb80b5e18bd174b/screenshot - {}
RESULT: {}
RESULT: {}
COMMAND: POST /session/e75b3d5d2d0828505fb80b5e18bd174b/element/f.3CC06888A91A2B87598FBDB561306D63.d.F0E3E9D26B150B4BB1241069A252900F.e.26409/clear - {}
RESULT: {}
COMMAND: POST /session/e75b3d5d2d0828505fb80b5e18bd174b/element/f.3CC06888A91A2B87598FBDB561306D63.d.F0E3E9D26B150B4BB1241069A252900F.e.26409/value - {"text":"10404"}
COMMAND: GET /session/e75b3d5d2d0828505fb80b5e18bd174b/screenshot - {}
RESULT: {"text":"10404"}
COMMAND: POST /session/e75b3d5d2d0828505fb80b5e18bd174b/actions - {"actions":[{"id":"action97","type":"key","parameters":{},"actions":[{"type":"keyDown","value":"î€‡"},{"type":"pause","duration":10},{"type":"keyUp","value":"î€‡"}]}]}
COMMAND: GET /session/e75b3d5d2d0828505fb80b5e18bd174b/screenshot - {}
RESULT: {}
RESULT: {"actions":[{"id":"action97","type":"key","parameters":{},"actions":[{"type":"keyDown","value":"î€‡"},{"type":"pause","duration":10},{"type":"keyUp","value":"î€‡"}]}]}
COMMAND: GET /session/e75b3d5d2d0828505fb80b5e18bd174b/screenshot - {}
RESULT: {}
RESULT: {}
COMMAND: POST /session/e75b3d5d2d0828505fb80b5e18bd174b/element - {"using":"xpath","value":"//span[contains(@id ,\"application-billingtransfer-display-component---billingWorkbench--smartTableBillingRuns-header-inner\")]"}
RESULT: {"using":"xpath","value":"//span[contains(@id ,\"application-billingtransfer-display-component---billingWorkbench--smartTableBillingRuns-header-inner\")]"}
COMMAND: POST /session/e75b3d5d2d0828505fb80b5e18bd174b/elements - {"using":"xpath","value":"//span[contains(@id ,\"application-billingtransfer-display-component---billingWorkbench--smartTableBillingRuns-header-inner\")]"}
RESULT: {"using":"xpath","value":"//span[contains(@id ,\"application-billingtransfer-display-component---billingWorkbench--smartTableBillingRuns-header-inner\")]"}
COMMAND: POST /session/e75b3d5d2d0828505fb80b5e18bd174b/execute/sync - {"script":"<script> [56 bytes]","args":[{"element-6066-11e4-a52e-4f735466cecf":"f.3CC06888A91A2B87598FBDB561306D63.d.F0E3E9D26B150B4BB1241069A252900F.e.26581","ELEMENT":"f.3CC06888A91A2B87598FBDB561306D63.d.F0E3E9D26B150B4BB1241069A252900F.e.26581"}]}
RESULT: {"script":"<script> [56 bytes]","args":[{"element-6066-11e4-a52e-4f735466cecf":"f.3CC06888A91A2B87598FBDB561306D63.d.F0E3E9D26B150B4BB1241069A252900F.e.26581","ELEMENT":"f.3CC06888A91A2B87598FBDB561306D63.d.F0E3E9D26B150B4BB1241069A252900F.e.26581"}]}
COMMAND: GET /session/e75b3d5d2d0828505fb80b5e18bd174b/screenshot - {}
COMMAND: POST /session/e75b3d5d2d0828505fb80b5e18bd174b/execute/sync - {"script":"<script> [56 bytes]","args":[{"element-6066-11e4-a52e-4f735466cecf":"f.3CC06888A91A2B87598FBDB561306D63.d.F0E3E9D26B150B4BB1241069A252900F.e.26581","ELEMENT":"f.3CC06888A91A2B87598FBDB561306D63.d.F0E3E9D26B150B4BB1241069A252900F.e.26581"}]}
RESULT: {}
RESULT: {"script":"<script> [56 bytes]","args":[{"element-6066-11e4-a52e-4f735466cecf":"f.3CC06888A91A2B87598FBDB561306D63.d.F0E3E9D26B150B4BB1241069A252900F.e.26581","ELEMENT":"f.3CC06888A91A2B87598FBDB561306D63.d.F0E3E9D26B150B4BB1241069A252900F.e.26581"}]}
COMMAND: GET /session/e75b3d5d2d0828505fb80b5e18bd174b/screenshot - {}
COMMAND: POST /session/e75b3d5d2d0828505fb80b5e18bd174b/execute/sync - {"script":"<script> [56 bytes]","args":[{"element-6066-11e4-a52e-4f735466cecf":"f.3CC06888A91A2B87598FBDB561306D63.d.F0E3E9D26B150B4BB1241069A252900F.e.26581","ELEMENT":"f.3CC06888A91A2B87598FBDB561306D63.d.F0E3E9D26B150B4BB1241069A252900F.e.26581"}]}
RESULT: {}
RESULT: {"script":"<script> [56 bytes]","args":[{"element-6066-11e4-a52e-4f735466cecf":"f.3CC06888A91A2B87598FBDB561306D63.d.F0E3E9D26B150B4BB1241069A252900F.e.26581","ELEMENT":"f.3CC06888A91A2B87598FBDB561306D63.d.F0E3E9D26B150B4BB1241069A252900F.e.26581"}]}
COMMAND: GET /session/e75b3d5d2d0828505fb80b5e18bd174b/screenshot - {}
RESULT: {}
COMMAND: POST /session/e75b3d5d2d0828505fb80b5e18bd174b/execute/sync - {"script":"<script> [56 bytes]","args":[{"element-6066-11e4-a52e-4f735466cecf":"f.3CC06888A91A2B87598FBDB561306D63.d.F0E3E9D26B150B4BB1241069A252900F.e.26581","ELEMENT":"f.3CC06888A91A2B87598FBDB561306D63.d.F0E3E9D26B150B4BB1241069A252900F.e.26581"}]}
RESULT: {"script":"<script> [56 bytes]","args":[{"element-6066-11e4-a52e-4f735466cecf":"f.3CC06888A91A2B87598FBDB561306D63.d.F0E3E9D26B150B4BB1241069A252900F.e.26581","ELEMENT":"f.3CC06888A91A2B87598FBDB561306D63.d.F0E3E9D26B150B4BB1241069A252900F.e.26581"}]}
COMMAND: GET /session/e75b3d5d2d0828505fb80b5e18bd174b/screenshot - {}
RESULT: {}
COMMAND: POST /session/e75b3d5d2d0828505fb80b5e18bd174b/execute/sync - {"script":"<script> [56 bytes]","args":[{"element-6066-11e4-a52e-4f735466cecf":"f.3CC06888A91A2B87598FBDB561306D63.d.F0E3E9D26B150B4BB1241069A252900F.e.26581","ELEMENT":"f.3CC06888A91A2B87598FBDB561306D63.d.F0E3E9D26B150B4BB1241069A252900F.e.26581"}]}
RESULT: {"script":"<script> [56 bytes]","args":[{"element-6066-11e4-a52e-4f735466cecf":"f.3CC06888A91A2B87598FBDB561306D63.d.F0E3E9D26B150B4BB1241069A252900F.e.26581","ELEMENT":"f.3CC06888A91A2B87598FBDB561306D63.d.F0E3E9D26B150B4BB1241069A252900F.e.26581"}]}
COMMAND: POST /session/e75b3d5d2d0828505fb80b5e18bd174b/element - {"using":"css selector","value":"#shell-header-logo"}
COMMAND: GET /session/e75b3d5d2d0828505fb80b5e18bd174b/screenshot - {}
RESULT: {"using":"css selector","value":"#shell-header-logo"}
COMMAND: POST /session/e75b3d5d2d0828505fb80b5e18bd174b/element/f.3CC06888A91A2B87598FBDB561306D63.d.F0E3E9D26B150B4BB1241069A252900F.e.26407/click - {}
RESULT: {}
RESULT: {}
COMMAND: GET /session/e75b3d5d2d0828505fb80b5e18bd174b/screenshot - {}
RESULT: {}
]]></system-out>
    </testcase>
    <testcase classname="chrome.136_0_7103_93.windows.Billing_Calculation_-_Time_based_(considering_transport_times)_US139738" name="Should navigate to the contract item check the billed until field value" time="44.121">
      <system-out><![CDATA[
RESULT: undefined
COMMAND: POST /session/e75b3d5d2d0828505fb80b5e18bd174b/element - {"using":"xpath","value":"//*[@id=\"__tile130\"]"}
RESULT: {"using":"xpath","value":"//*[@id=\"__tile130\"]"}
COMMAND: POST /session/e75b3d5d2d0828505fb80b5e18bd174b/element/f.3CC06888A91A2B87598FBDB561306D63.d.F0E3E9D26B150B4BB1241069A252900F.e.19506/click - {}
RESULT: {}
COMMAND: GET /session/e75b3d5d2d0828505fb80b5e18bd174b/screenshot - {}
COMMAND: POST /session/e75b3d5d2d0828505fb80b5e18bd174b/elements - {"using":"xpath","value":"//span[text()='Error']"}
RESULT: {}
RESULT: {"using":"xpath","value":"//span[text()='Error']"}
COMMAND: POST /session/e75b3d5d2d0828505fb80b5e18bd174b/element - {"using":"xpath","value":"//button[@data-kt=\"addButton\"]"}
RESULT: {"using":"xpath","value":"//button[@data-kt=\"addButton\"]"}
COMMAND: POST /session/e75b3d5d2d0828505fb80b5e18bd174b/elements - {"using":"xpath","value":"//button[@data-kt=\"addButton\"]"}
RESULT: {"using":"xpath","value":"//button[@data-kt=\"addButton\"]"}
COMMAND: POST /session/e75b3d5d2d0828505fb80b5e18bd174b/execute/sync - {"script":"<script> [8489 bytes]","args":[{"element-6066-11e4-a52e-4f735466cecf":"f.3CC06888A91A2B87598FBDB561306D63.d.F0E3E9D26B150B4BB1241069A252900F.e.26660","ELEMENT":"f.3CC06888A91A2B87598FBDB561306D63.d.F0E3E9D26B150B4BB1241069A252900F.e.26660"}]}
RESULT: {"script":"<script> [8489 bytes]","args":[{"element-6066-11e4-a52e-4f735466cecf":"f.3CC06888A91A2B87598FBDB561306D63.d.F0E3E9D26B150B4BB1241069A252900F.e.26660","ELEMENT":"f.3CC06888A91A2B87598FBDB561306D63.d.F0E3E9D26B150B4BB1241069A252900F.e.26660"}]}
COMMAND: GET /session/e75b3d5d2d0828505fb80b5e18bd174b/element/f.3CC06888A91A2B87598FBDB561306D63.d.F0E3E9D26B150B4BB1241069A252900F.e.26660/enabled - {}
COMMAND: GET /session/e75b3d5d2d0828505fb80b5e18bd174b/screenshot - {}
RESULT: {}
COMMAND: POST /session/e75b3d5d2d0828505fb80b5e18bd174b/execute/sync - {"script":"<script> [8489 bytes]","args":[{"element-6066-11e4-a52e-4f735466cecf":"f.3CC06888A91A2B87598FBDB561306D63.d.F0E3E9D26B150B4BB1241069A252900F.e.26660","ELEMENT":"f.3CC06888A91A2B87598FBDB561306D63.d.F0E3E9D26B150B4BB1241069A252900F.e.26660"}]}
COMMAND: GET /session/e75b3d5d2d0828505fb80b5e18bd174b/screenshot - {}
RESULT: {}
RESULT: {"script":"<script> [8489 bytes]","args":[{"element-6066-11e4-a52e-4f735466cecf":"f.3CC06888A91A2B87598FBDB561306D63.d.F0E3E9D26B150B4BB1241069A252900F.e.26660","ELEMENT":"f.3CC06888A91A2B87598FBDB561306D63.d.F0E3E9D26B150B4BB1241069A252900F.e.26660"}]}
COMMAND: POST /session/e75b3d5d2d0828505fb80b5e18bd174b/execute/sync - {"script":"<script> [5351 bytes]","args":[{"element-6066-11e4-a52e-4f735466cecf":"f.3CC06888A91A2B87598FBDB561306D63.d.F0E3E9D26B150B4BB1241069A252900F.e.26660","ELEMENT":"f.3CC06888A91A2B87598FBDB561306D63.d.F0E3E9D26B150B4BB1241069A252900F.e.26660"}]}
COMMAND: GET /session/e75b3d5d2d0828505fb80b5e18bd174b/screenshot - {}
RESULT: {}
RESULT: {"script":"<script> [5351 bytes]","args":[{"element-6066-11e4-a52e-4f735466cecf":"f.3CC06888A91A2B87598FBDB561306D63.d.F0E3E9D26B150B4BB1241069A252900F.e.26660","ELEMENT":"f.3CC06888A91A2B87598FBDB561306D63.d.F0E3E9D26B150B4BB1241069A252900F.e.26660"}]}
COMMAND: POST /session/e75b3d5d2d0828505fb80b5e18bd174b/element - {"using":"xpath","value":"//input[contains(@id ,\"smartContractFilterBar-btnBasicSearch-I\")]"}
COMMAND: GET /session/e75b3d5d2d0828505fb80b5e18bd174b/screenshot - {}
RESULT: {}
RESULT: {"using":"xpath","value":"//input[contains(@id ,\"smartContractFilterBar-btnBasicSearch-I\")]"}
COMMAND: POST /session/e75b3d5d2d0828505fb80b5e18bd174b/elements - {"using":"xpath","value":"//input[contains(@id ,\"smartContractFilterBar-btnBasicSearch-I\")]"}
RESULT: {}
RESULT: {"using":"xpath","value":"//input[contains(@id ,\"smartContractFilterBar-btnBasicSearch-I\")]"}
COMMAND: POST /session/e75b3d5d2d0828505fb80b5e18bd174b/execute/sync - {"script":"<script> [8489 bytes]","args":[{"element-6066-11e4-a52e-4f735466cecf":"f.3CC06888A91A2B87598FBDB561306D63.d.F0E3E9D26B150B4BB1241069A252900F.e.26614","ELEMENT":"f.3CC06888A91A2B87598FBDB561306D63.d.F0E3E9D26B150B4BB1241069A252900F.e.26614"}]}
RESULT: {"script":"<script> [8489 bytes]","args":[{"element-6066-11e4-a52e-4f735466cecf":"f.3CC06888A91A2B87598FBDB561306D63.d.F0E3E9D26B150B4BB1241069A252900F.e.26614","ELEMENT":"f.3CC06888A91A2B87598FBDB561306D63.d.F0E3E9D26B150B4BB1241069A252900F.e.26614"}]}
COMMAND: GET /session/e75b3d5d2d0828505fb80b5e18bd174b/element/f.3CC06888A91A2B87598FBDB561306D63.d.F0E3E9D26B150B4BB1241069A252900F.e.26614/enabled - {}
COMMAND: GET /session/e75b3d5d2d0828505fb80b5e18bd174b/screenshot - {}
RESULT: {}
COMMAND: POST /session/e75b3d5d2d0828505fb80b5e18bd174b/element/f.3CC06888A91A2B87598FBDB561306D63.d.F0E3E9D26B150B4BB1241069A252900F.e.26614/clear - {}
COMMAND: GET /session/e75b3d5d2d0828505fb80b5e18bd174b/screenshot - {}
RESULT: {}
RESULT: {}
COMMAND: POST /session/e75b3d5d2d0828505fb80b5e18bd174b/element/f.3CC06888A91A2B87598FBDB561306D63.d.F0E3E9D26B150B4BB1241069A252900F.e.26614/value - {"text":"10404"}
COMMAND: GET /session/e75b3d5d2d0828505fb80b5e18bd174b/screenshot - {}
RESULT: {}
RESULT: {"text":"10404"}
COMMAND: GET /session/e75b3d5d2d0828505fb80b5e18bd174b/screenshot - {}
RESULT: {}
RESULT: {}
COMMAND: POST /session/e75b3d5d2d0828505fb80b5e18bd174b/actions - {"actions":[{"id":"action98","type":"key","parameters":{},"actions":[{"type":"keyDown","value":"î€‡"},{"type":"pause","duration":10},{"type":"keyUp","value":"î€‡"}]}]}
RESULT: {"actions":[{"id":"action98","type":"key","parameters":{},"actions":[{"type":"keyDown","value":"î€‡"},{"type":"pause","duration":10},{"type":"keyUp","value":"î€‡"}]}]}
COMMAND: GET /session/e75b3d5d2d0828505fb80b5e18bd174b/screenshot - {}
RESULT: {}
COMMAND: POST /session/e75b3d5d2d0828505fb80b5e18bd174b/element - {"using":"xpath","value":"//span[contains(@id, \"masterListContractsSmartTable-header-inner\")]"}
RESULT: {"using":"xpath","value":"//span[contains(@id, \"masterListContractsSmartTable-header-inner\")]"}
COMMAND: POST /session/e75b3d5d2d0828505fb80b5e18bd174b/elements - {"using":"xpath","value":"//span[contains(@id, \"masterListContractsSmartTable-header-inner\")]"}
RESULT: {"using":"xpath","value":"//span[contains(@id, \"masterListContractsSmartTable-header-inner\")]"}
COMMAND: POST /session/e75b3d5d2d0828505fb80b5e18bd174b/execute/sync - {"script":"<script> [56 bytes]","args":[{"element-6066-11e4-a52e-4f735466cecf":"f.3CC06888A91A2B87598FBDB561306D63.d.F0E3E9D26B150B4BB1241069A252900F.e.26710","ELEMENT":"f.3CC06888A91A2B87598FBDB561306D63.d.F0E3E9D26B150B4BB1241069A252900F.e.26710"}]}
RESULT: {"script":"<script> [56 bytes]","args":[{"element-6066-11e4-a52e-4f735466cecf":"f.3CC06888A91A2B87598FBDB561306D63.d.F0E3E9D26B150B4BB1241069A252900F.e.26710","ELEMENT":"f.3CC06888A91A2B87598FBDB561306D63.d.F0E3E9D26B150B4BB1241069A252900F.e.26710"}]}
COMMAND: POST /session/e75b3d5d2d0828505fb80b5e18bd174b/element - {"using":"xpath","value":"(//span[contains(@id, \"imgNav\")])[1]"}
COMMAND: GET /session/e75b3d5d2d0828505fb80b5e18bd174b/screenshot - {}
RESULT: {"using":"xpath","value":"(//span[contains(@id, \"imgNav\")])[1]"}
COMMAND: POST /session/e75b3d5d2d0828505fb80b5e18bd174b/element/f.3CC06888A91A2B87598FBDB561306D63.d.F0E3E9D26B150B4BB1241069A252900F.e.26709/click - {}
RESULT: {}
RESULT: {}
COMMAND: GET /session/e75b3d5d2d0828505fb80b5e18bd174b/screenshot - {}
RESULT: {}
COMMAND: POST /session/e75b3d5d2d0828505fb80b5e18bd174b/element - {"using":"xpath","value":"//tr[@data-kt=\"productsColumnListItem\"]//td//span[contains(@id, \"imgNav\")][1]"}
RESULT: {"using":"xpath","value":"//tr[@data-kt=\"productsColumnListItem\"]//td//span[contains(@id, \"imgNav\")][1]"}
COMMAND: POST /session/e75b3d5d2d0828505fb80b5e18bd174b/element/f.3CC06888A91A2B87598FBDB561306D63.d.F0E3E9D26B150B4BB1241069A252900F.e.26883/click - {}
RESULT: {}
COMMAND: GET /session/e75b3d5d2d0828505fb80b5e18bd174b/screenshot - {}
RESULT: {}
COMMAND: POST /session/e75b3d5d2d0828505fb80b5e18bd174b/element - {"using":"xpath","value":"//section[contains(@id, \"application-managecontracts-display-component---BillingItem--ObjectPageLayout-OPHeaderContent\")]/div/div/div/div/div[2]/div/div[2]/span"}
RESULT: {"using":"xpath","value":"//section[contains(@id, \"application-managecontracts-display-component---BillingItem--ObjectPageLayout-OPHeaderContent\")]/div/div/div/div/div[2]/div/div[2]/span"}
COMMAND: POST /session/e75b3d5d2d0828505fb80b5e18bd174b/execute/sync - {"script":"<script> [56 bytes]","args":[{"element-6066-11e4-a52e-4f735466cecf":"f.3CC06888A91A2B87598FBDB561306D63.d.F0E3E9D26B150B4BB1241069A252900F.e.27011","ELEMENT":"f.3CC06888A91A2B87598FBDB561306D63.d.F0E3E9D26B150B4BB1241069A252900F.e.27011"}]}
RESULT: {"script":"<script> [56 bytes]","args":[{"element-6066-11e4-a52e-4f735466cecf":"f.3CC06888A91A2B87598FBDB561306D63.d.F0E3E9D26B150B4BB1241069A252900F.e.27011","ELEMENT":"f.3CC06888A91A2B87598FBDB561306D63.d.F0E3E9D26B150B4BB1241069A252900F.e.27011"}]}
COMMAND: POST /session/e75b3d5d2d0828505fb80b5e18bd174b/element - {"using":"xpath","value":"//table[contains(@id, \"application-managecontracts-display-component---BillingItem--billingList-listUl\")]//td//*[contains(text(), \"final billed\")]"}
COMMAND: GET /session/e75b3d5d2d0828505fb80b5e18bd174b/screenshot - {}
RESULT: {"using":"xpath","value":"//table[contains(@id, \"application-managecontracts-display-component---BillingItem--billingList-listUl\")]//td//*[contains(text(), \"final billed\")]"}
COMMAND: POST /session/e75b3d5d2d0828505fb80b5e18bd174b/execute/sync - {"script":"<script> [56 bytes]","args":[{"element-6066-11e4-a52e-4f735466cecf":"f.3CC06888A91A2B87598FBDB561306D63.d.F0E3E9D26B150B4BB1241069A252900F.e.27012","ELEMENT":"f.3CC06888A91A2B87598FBDB561306D63.d.F0E3E9D26B150B4BB1241069A252900F.e.27012"}]}
RESULT: {}
RESULT: {"script":"<script> [56 bytes]","args":[{"element-6066-11e4-a52e-4f735466cecf":"f.3CC06888A91A2B87598FBDB561306D63.d.F0E3E9D26B150B4BB1241069A252900F.e.27012","ELEMENT":"f.3CC06888A91A2B87598FBDB561306D63.d.F0E3E9D26B150B4BB1241069A252900F.e.27012"}]}
COMMAND: POST /session/e75b3d5d2d0828505fb80b5e18bd174b/element - {"using":"css selector","value":"#shell-header-logo"}
COMMAND: GET /session/e75b3d5d2d0828505fb80b5e18bd174b/screenshot - {}
RESULT: {"using":"css selector","value":"#shell-header-logo"}
COMMAND: POST /session/e75b3d5d2d0828505fb80b5e18bd174b/element/f.3CC06888A91A2B87598FBDB561306D63.d.F0E3E9D26B150B4BB1241069A252900F.e.26610/click - {}
RESULT: {}
RESULT: {}
COMMAND: GET /session/e75b3d5d2d0828505fb80b5e18bd174b/screenshot - {}
RESULT: {}
COMMAND: DELETE /session/e75b3d5d2d0828505fb80b5e18bd174b - {}
RESULT: {}
]]></system-out>
    </testcase>
  </testsuite>
</testsuites>