<?xml version="1.0" encoding="UTF-8"?>
<testsuites tests="21" failures="0" errors="0" skipped="0">
  <testsuite timestamp="2025-04-29T16:59:32" time="359.368" tests="3" failures="0" errors="0" skipped="0">
    <properties>
      <property name="specId" value="0" />
      <property name="suiteName" value="Create condition pricing US117289 US134625" />
      <property name="capabilities" value="chrome.135_0_7049_96.windows" />
      <property name="file" value="file:///D:/a/1/s/test/specs/BTS/create-condition-pricing.spec.js" />
    </properties>
    <testcase classname="chrome.135_0_7049_96.windows.Create_condition_pricing_US117289_US134625" name="Should create a new yard used for all following tests" time="102.13">
      <system-out><![CDATA[
COMMAND: POST /session/6d94d18c82106ec19b3d8abef7fd5130/window/fullscreen - {}
RESULT: {}
COMMAND: POST /session/6d94d18c82106ec19b3d8abef7fd5130/execute/async - {"script":"<script> [1562 bytes]","args":[{"selector":{"controlType":"sap.m.GenericTile","properties":{"header":"Manage Yards"}},"wdio_ui5_key":"sapm.GenericTile{\"header\":\"Manage Yards\"}"}]}
RESULT: {"script":"<script> [1562 bytes]","args":[{"selector":{"controlType":"sap.m.GenericTile","properties":{"header":"Manage Yards"}},"wdio_ui5_key":"sapm.GenericTile{\"header\":\"Manage Yards\"}"}]}
RESULT: undefined
COMMAND: POST /session/6d94d18c82106ec19b3d8abef7fd5130/element - {"using":"xpath","value":"//*[@id=\"__tile41\"]"}
RESULT: {"using":"xpath","value":"//*[@id=\"__tile41\"]"}
COMMAND: POST /session/6d94d18c82106ec19b3d8abef7fd5130/element/f.C1D3EA7ECBFCC03A372CAA8AC6DB352F.d.C5C4ED1FC5088124B2D4D803DB89B9CE.e.154/click - {}
RESULT: {}
COMMAND: POST /session/6d94d18c82106ec19b3d8abef7fd5130/element - {"using":"xpath","value":"//button[@data-kt=\"addNewYardOverflowToolbarButton\"]"}
COMMAND: GET /session/6d94d18c82106ec19b3d8abef7fd5130/screenshot - {}
RESULT: {"using":"xpath","value":"//button[@data-kt=\"addNewYardOverflowToolbarButton\"]"}
COMMAND: POST /session/6d94d18c82106ec19b3d8abef7fd5130/elements - {"using":"xpath","value":"//button[@data-kt=\"addNewYardOverflowToolbarButton\"]"}
RESULT: {}
RESULT: {"using":"xpath","value":"//button[@data-kt=\"addNewYardOverflowToolbarButton\"]"}
COMMAND: POST /session/6d94d18c82106ec19b3d8abef7fd5130/elements - {"using":"xpath","value":"//button[@data-kt=\"addNewYardOverflowToolbarButton\"]"}
RESULT: {"using":"xpath","value":"//button[@data-kt=\"addNewYardOverflowToolbarButton\"]"}
COMMAND: POST /session/6d94d18c82106ec19b3d8abef7fd5130/elements - {"using":"xpath","value":"//button[@data-kt=\"addNewYardOverflowToolbarButton\"]"}
RESULT: {"using":"xpath","value":"//button[@data-kt=\"addNewYardOverflowToolbarButton\"]"}
COMMAND: POST /session/6d94d18c82106ec19b3d8abef7fd5130/elements - {"using":"xpath","value":"//button[@data-kt=\"addNewYardOverflowToolbarButton\"]"}
RESULT: {"using":"xpath","value":"//button[@data-kt=\"addNewYardOverflowToolbarButton\"]"}
COMMAND: POST /session/6d94d18c82106ec19b3d8abef7fd5130/elements - {"using":"xpath","value":"//button[@data-kt=\"addNewYardOverflowToolbarButton\"]"}
RESULT: {"using":"xpath","value":"//button[@data-kt=\"addNewYardOverflowToolbarButton\"]"}
COMMAND: POST /session/6d94d18c82106ec19b3d8abef7fd5130/elements - {"using":"xpath","value":"//button[@data-kt=\"addNewYardOverflowToolbarButton\"]"}
RESULT: {"using":"xpath","value":"//button[@data-kt=\"addNewYardOverflowToolbarButton\"]"}
COMMAND: POST /session/6d94d18c82106ec19b3d8abef7fd5130/elements - {"using":"xpath","value":"//button[@data-kt=\"addNewYardOverflowToolbarButton\"]"}
RESULT: {"using":"xpath","value":"//button[@data-kt=\"addNewYardOverflowToolbarButton\"]"}
COMMAND: POST /session/6d94d18c82106ec19b3d8abef7fd5130/elements - {"using":"xpath","value":"//button[@data-kt=\"addNewYardOverflowToolbarButton\"]"}
RESULT: {"using":"xpath","value":"//button[@data-kt=\"addNewYardOverflowToolbarButton\"]"}
COMMAND: POST /session/6d94d18c82106ec19b3d8abef7fd5130/elements - {"using":"xpath","value":"//button[@data-kt=\"addNewYardOverflowToolbarButton\"]"}
RESULT: {"using":"xpath","value":"//button[@data-kt=\"addNewYardOverflowToolbarButton\"]"}
COMMAND: POST /session/6d94d18c82106ec19b3d8abef7fd5130/elements - {"using":"xpath","value":"//button[@data-kt=\"addNewYardOverflowToolbarButton\"]"}
RESULT: {"using":"xpath","value":"//button[@data-kt=\"addNewYardOverflowToolbarButton\"]"}
COMMAND: POST /session/6d94d18c82106ec19b3d8abef7fd5130/elements - {"using":"xpath","value":"//button[@data-kt=\"addNewYardOverflowToolbarButton\"]"}
RESULT: {"using":"xpath","value":"//button[@data-kt=\"addNewYardOverflowToolbarButton\"]"}
COMMAND: POST /session/6d94d18c82106ec19b3d8abef7fd5130/elements - {"using":"xpath","value":"//button[@data-kt=\"addNewYardOverflowToolbarButton\"]"}
RESULT: {"using":"xpath","value":"//button[@data-kt=\"addNewYardOverflowToolbarButton\"]"}
COMMAND: POST /session/6d94d18c82106ec19b3d8abef7fd5130/elements - {"using":"xpath","value":"//button[@data-kt=\"addNewYardOverflowToolbarButton\"]"}
RESULT: {"using":"xpath","value":"//button[@data-kt=\"addNewYardOverflowToolbarButton\"]"}
COMMAND: POST /session/6d94d18c82106ec19b3d8abef7fd5130/elements - {"using":"xpath","value":"//button[@data-kt=\"addNewYardOverflowToolbarButton\"]"}
RESULT: {"using":"xpath","value":"//button[@data-kt=\"addNewYardOverflowToolbarButton\"]"}
COMMAND: POST /session/6d94d18c82106ec19b3d8abef7fd5130/elements - {"using":"xpath","value":"//button[@data-kt=\"addNewYardOverflowToolbarButton\"]"}
RESULT: {"using":"xpath","value":"//button[@data-kt=\"addNewYardOverflowToolbarButton\"]"}
COMMAND: POST /session/6d94d18c82106ec19b3d8abef7fd5130/elements - {"using":"xpath","value":"//button[@data-kt=\"addNewYardOverflowToolbarButton\"]"}
RESULT: {"using":"xpath","value":"//button[@data-kt=\"addNewYardOverflowToolbarButton\"]"}
COMMAND: POST /session/6d94d18c82106ec19b3d8abef7fd5130/elements - {"using":"xpath","value":"//button[@data-kt=\"addNewYardOverflowToolbarButton\"]"}
RESULT: {"using":"xpath","value":"//button[@data-kt=\"addNewYardOverflowToolbarButton\"]"}
COMMAND: POST /session/6d94d18c82106ec19b3d8abef7fd5130/elements - {"using":"xpath","value":"//button[@data-kt=\"addNewYardOverflowToolbarButton\"]"}
RESULT: {"using":"xpath","value":"//button[@data-kt=\"addNewYardOverflowToolbarButton\"]"}
COMMAND: POST /session/6d94d18c82106ec19b3d8abef7fd5130/elements - {"using":"xpath","value":"//button[@data-kt=\"addNewYardOverflowToolbarButton\"]"}
RESULT: {"using":"xpath","value":"//button[@data-kt=\"addNewYardOverflowToolbarButton\"]"}
COMMAND: POST /session/6d94d18c82106ec19b3d8abef7fd5130/elements - {"using":"xpath","value":"//button[@data-kt=\"addNewYardOverflowToolbarButton\"]"}
RESULT: {"using":"xpath","value":"//button[@data-kt=\"addNewYardOverflowToolbarButton\"]"}
COMMAND: POST /session/6d94d18c82106ec19b3d8abef7fd5130/elements - {"using":"xpath","value":"//button[@data-kt=\"addNewYardOverflowToolbarButton\"]"}
RESULT: {"using":"xpath","value":"//button[@data-kt=\"addNewYardOverflowToolbarButton\"]"}
COMMAND: POST /session/6d94d18c82106ec19b3d8abef7fd5130/elements - {"using":"xpath","value":"//button[@data-kt=\"addNewYardOverflowToolbarButton\"]"}
RESULT: {"using":"xpath","value":"//button[@data-kt=\"addNewYardOverflowToolbarButton\"]"}
COMMAND: POST /session/6d94d18c82106ec19b3d8abef7fd5130/elements - {"using":"xpath","value":"//button[@data-kt=\"addNewYardOverflowToolbarButton\"]"}
RESULT: {"using":"xpath","value":"//button[@data-kt=\"addNewYardOverflowToolbarButton\"]"}
COMMAND: POST /session/6d94d18c82106ec19b3d8abef7fd5130/elements - {"using":"xpath","value":"//button[@data-kt=\"addNewYardOverflowToolbarButton\"]"}
RESULT: {"using":"xpath","value":"//button[@data-kt=\"addNewYardOverflowToolbarButton\"]"}
COMMAND: POST /session/6d94d18c82106ec19b3d8abef7fd5130/element - {"using":"xpath","value":"//button[@data-kt=\"addNewYardOverflowToolbarButton\"]"}
RESULT: {"using":"xpath","value":"//button[@data-kt=\"addNewYardOverflowToolbarButton\"]"}
COMMAND: POST /session/6d94d18c82106ec19b3d8abef7fd5130/execute/sync - {"script":"<script> [8489 bytes]","args":[{"element-6066-11e4-a52e-4f735466cecf":"f.C1D3EA7ECBFCC03A372CAA8AC6DB352F.d.C5C4ED1FC5088124B2D4D803DB89B9CE.e.281","ELEMENT":"f.C1D3EA7ECBFCC03A372CAA8AC6DB352F.d.C5C4ED1FC5088124B2D4D803DB89B9CE.e.281"}]}
RESULT: {"script":"<script> [8489 bytes]","args":[{"element-6066-11e4-a52e-4f735466cecf":"f.C1D3EA7ECBFCC03A372CAA8AC6DB352F.d.C5C4ED1FC5088124B2D4D803DB89B9CE.e.281","ELEMENT":"f.C1D3EA7ECBFCC03A372CAA8AC6DB352F.d.C5C4ED1FC5088124B2D4D803DB89B9CE.e.281"}]}
COMMAND: GET /session/6d94d18c82106ec19b3d8abef7fd5130/element/f.C1D3EA7ECBFCC03A372CAA8AC6DB352F.d.C5C4ED1FC5088124B2D4D803DB89B9CE.e.281/enabled - {}
COMMAND: GET /session/6d94d18c82106ec19b3d8abef7fd5130/screenshot - {}
RESULT: {}
COMMAND: POST /session/6d94d18c82106ec19b3d8abef7fd5130/execute/sync - {"script":"<script> [8489 bytes]","args":[{"element-6066-11e4-a52e-4f735466cecf":"f.C1D3EA7ECBFCC03A372CAA8AC6DB352F.d.C5C4ED1FC5088124B2D4D803DB89B9CE.e.281","ELEMENT":"f.C1D3EA7ECBFCC03A372CAA8AC6DB352F.d.C5C4ED1FC5088124B2D4D803DB89B9CE.e.281"}]}
COMMAND: GET /session/6d94d18c82106ec19b3d8abef7fd5130/screenshot - {}
RESULT: {}
RESULT: {"script":"<script> [8489 bytes]","args":[{"element-6066-11e4-a52e-4f735466cecf":"f.C1D3EA7ECBFCC03A372CAA8AC6DB352F.d.C5C4ED1FC5088124B2D4D803DB89B9CE.e.281","ELEMENT":"f.C1D3EA7ECBFCC03A372CAA8AC6DB352F.d.C5C4ED1FC5088124B2D4D803DB89B9CE.e.281"}]}
COMMAND: POST /session/6d94d18c82106ec19b3d8abef7fd5130/execute/sync - {"script":"<script> [5351 bytes]","args":[{"element-6066-11e4-a52e-4f735466cecf":"f.C1D3EA7ECBFCC03A372CAA8AC6DB352F.d.C5C4ED1FC5088124B2D4D803DB89B9CE.e.281","ELEMENT":"f.C1D3EA7ECBFCC03A372CAA8AC6DB352F.d.C5C4ED1FC5088124B2D4D803DB89B9CE.e.281"}]}
COMMAND: GET /session/6d94d18c82106ec19b3d8abef7fd5130/screenshot - {}
RESULT: {}
RESULT: {"script":"<script> [5351 bytes]","args":[{"element-6066-11e4-a52e-4f735466cecf":"f.C1D3EA7ECBFCC03A372CAA8AC6DB352F.d.C5C4ED1FC5088124B2D4D803DB89B9CE.e.281","ELEMENT":"f.C1D3EA7ECBFCC03A372CAA8AC6DB352F.d.C5C4ED1FC5088124B2D4D803DB89B9CE.e.281"}]}
COMMAND: POST /session/6d94d18c82106ec19b3d8abef7fd5130/element/f.C1D3EA7ECBFCC03A372CAA8AC6DB352F.d.C5C4ED1FC5088124B2D4D803DB89B9CE.e.281/click - {}
COMMAND: GET /session/6d94d18c82106ec19b3d8abef7fd5130/screenshot - {}
RESULT: {}
RESULT: {}
COMMAND: GET /session/6d94d18c82106ec19b3d8abef7fd5130/screenshot - {}
COMMAND: POST /session/6d94d18c82106ec19b3d8abef7fd5130/element - {"using":"xpath","value":"//input[@id=\"application-manageyards-display-component---NewYard--yardId-inner\"]"}
RESULT: {}
RESULT: {}
RESULT: {"using":"xpath","value":"//input[@id=\"application-manageyards-display-component---NewYard--yardId-inner\"]"}
COMMAND: POST /session/6d94d18c82106ec19b3d8abef7fd5130/element - {"using":"xpath","value":"//input[@id=\"application-manageyards-display-component---NewYard--yardId-inner\"]"}
RESULT: {"using":"xpath","value":"//input[@id=\"application-manageyards-display-component---NewYard--yardId-inner\"]"}
COMMAND: POST /session/6d94d18c82106ec19b3d8abef7fd5130/execute/async - {"script":"<script> [1562 bytes]","args":[{"selector":{"id":"application-manageyards-display-component---NewYard--addressDetailDetailsName1","interaction":{"idSuffix":"inner"}},"wdio_ui5_key":"applicationmanageyards-display-component---NewYard--addressDetailDetailsName1"}]}
RESULT: {"script":"<script> [1562 bytes]","args":[{"selector":{"id":"application-manageyards-display-component---NewYard--addressDetailDetailsName1","interaction":{"idSuffix":"inner"}},"wdio_ui5_key":"applicationmanageyards-display-component---NewYard--addressDetailDetailsName1"}]}
RESULT: undefined
COMMAND: POST /session/6d94d18c82106ec19b3d8abef7fd5130/execute/async - {"script":"<script> [776 bytes]","args":[{"enterText":"DailyPrice WDIO","selector":{"id":"application-manageyards-display-component---NewYard--addressDetailDetailsName1","interaction":{"idSuffix":"inner"}},"clearTextFirst":true,"interactionType":"ENTER_TEXT"}]}
RESULT: {"script":"<script> [776 bytes]","args":[{"enterText":"DailyPrice WDIO","selector":{"id":"application-manageyards-display-component---NewYard--addressDetailDetailsName1","interaction":{"idSuffix":"inner"}},"clearTextFirst":true,"interactionType":"ENTER_TEXT"}]}
COMMAND: POST /session/6d94d18c82106ec19b3d8abef7fd5130/execute/async - {"script":"<script> [1562 bytes]","args":[{"selector":{"id":"application-manageyards-display-component---NewYard--addressDetailDetailsLanguage-arrow"},"wdio_ui5_key":"applicationmanageyards-display-component---NewYard--addressDetailDetailsLanguage-arrow"}]}
RESULT: {"script":"<script> [1562 bytes]","args":[{"selector":{"id":"application-manageyards-display-component---NewYard--addressDetailDetailsLanguage-arrow"},"wdio_ui5_key":"applicationmanageyards-display-component---NewYard--addressDetailDetailsLanguage-arrow"}]}
RESULT: undefined
COMMAND: POST /session/6d94d18c82106ec19b3d8abef7fd5130/element - {"using":"xpath","value":"//*[@id=\"application-manageyards-display-component---NewYard--addressDetailDetailsLanguage-arrow\"]"}
RESULT: {"using":"xpath","value":"//*[@id=\"application-manageyards-display-component---NewYard--addressDetailDetailsLanguage-arrow\"]"}
COMMAND: POST /session/6d94d18c82106ec19b3d8abef7fd5130/element/f.C1D3EA7ECBFCC03A372CAA8AC6DB352F.d.C5C4ED1FC5088124B2D4D803DB89B9CE.e.712/click - {}
RESULT: {}
COMMAND: POST /session/6d94d18c82106ec19b3d8abef7fd5130/element - {"using":"xpath","value":"//span[contains(text(), \"English\")]"}
COMMAND: GET /session/6d94d18c82106ec19b3d8abef7fd5130/screenshot - {}
RESULT: {"using":"xpath","value":"//span[contains(text(), \"English\")]"}
COMMAND: POST /session/6d94d18c82106ec19b3d8abef7fd5130/element/f.C1D3EA7ECBFCC03A372CAA8AC6DB352F.d.C5C4ED1FC5088124B2D4D803DB89B9CE.e.713/click - {}
RESULT: {}
RESULT: {}
COMMAND: POST /session/6d94d18c82106ec19b3d8abef7fd5130/execute/async - {"script":"<script> [1562 bytes]","args":[{"selector":{"id":"application-manageyards-display-component---NewYard--addressDetailDetailsCity1","interaction":{"idSuffix":"inner"}},"wdio_ui5_key":"applicationmanageyards-display-component---NewYard--addressDetailDetailsCity1"}]}
COMMAND: GET /session/6d94d18c82106ec19b3d8abef7fd5130/screenshot - {}
RESULT: {"script":"<script> [1562 bytes]","args":[{"selector":{"id":"application-manageyards-display-component---NewYard--addressDetailDetailsCity1","interaction":{"idSuffix":"inner"}},"wdio_ui5_key":"applicationmanageyards-display-component---NewYard--addressDetailDetailsCity1"}]}
RESULT: undefined
COMMAND: POST /session/6d94d18c82106ec19b3d8abef7fd5130/execute/async - {"script":"<script> [776 bytes]","args":[{"enterText":"Rosario","selector":{"id":"application-manageyards-display-component---NewYard--addressDetailDetailsCity1","interaction":{"idSuffix":"inner"}},"clearTextFirst":true,"interactionType":"ENTER_TEXT"}]}
RESULT: {}
RESULT: {"script":"<script> [776 bytes]","args":[{"enterText":"Rosario","selector":{"id":"application-manageyards-display-component---NewYard--addressDetailDetailsCity1","interaction":{"idSuffix":"inner"}},"clearTextFirst":true,"interactionType":"ENTER_TEXT"}]}
COMMAND: POST /session/6d94d18c82106ec19b3d8abef7fd5130/execute/async - {"script":"<script> [1562 bytes]","args":[{"selector":{"id":"application-manageyards-display-component---NewYard--addressDetailDetailsCountry-arrow"},"wdio_ui5_key":"applicationmanageyards-display-component---NewYard--addressDetailDetailsCountry-arrow"}]}
RESULT: {"script":"<script> [1562 bytes]","args":[{"selector":{"id":"application-manageyards-display-component---NewYard--addressDetailDetailsCountry-arrow"},"wdio_ui5_key":"applicationmanageyards-display-component---NewYard--addressDetailDetailsCountry-arrow"}]}
RESULT: undefined
COMMAND: POST /session/6d94d18c82106ec19b3d8abef7fd5130/element - {"using":"xpath","value":"//*[@id=\"application-manageyards-display-component---NewYard--addressDetailDetailsCountry-arrow\"]"}
RESULT: {"using":"xpath","value":"//*[@id=\"application-manageyards-display-component---NewYard--addressDetailDetailsCountry-arrow\"]"}
COMMAND: POST /session/6d94d18c82106ec19b3d8abef7fd5130/element/f.C1D3EA7ECBFCC03A372CAA8AC6DB352F.d.C5C4ED1FC5088124B2D4D803DB89B9CE.e.715/click - {}
RESULT: {}
COMMAND: POST /session/6d94d18c82106ec19b3d8abef7fd5130/element - {"using":"xpath","value":"//span[contains(text(), \"Argentina\")]"}
COMMAND: GET /session/6d94d18c82106ec19b3d8abef7fd5130/screenshot - {}
RESULT: {"using":"xpath","value":"//span[contains(text(), \"Argentina\")]"}
COMMAND: POST /session/6d94d18c82106ec19b3d8abef7fd5130/element/f.C1D3EA7ECBFCC03A372CAA8AC6DB352F.d.C5C4ED1FC5088124B2D4D803DB89B9CE.e.716/click - {}
RESULT: {}
RESULT: {}
COMMAND: POST /session/6d94d18c82106ec19b3d8abef7fd5130/execute/async - {"script":"<script> [1562 bytes]","args":[{"selector":{"id":"application-manageyards-display-component---NewYard--addressEditDetailsCostObjectCstType-arrow"},"wdio_ui5_key":"applicationmanageyards-display-component---NewYard--addressEditDetailsCostObjectCstType-arrow"}]}
COMMAND: GET /session/6d94d18c82106ec19b3d8abef7fd5130/screenshot - {}
RESULT: {"script":"<script> [1562 bytes]","args":[{"selector":{"id":"application-manageyards-display-component---NewYard--addressEditDetailsCostObjectCstType-arrow"},"wdio_ui5_key":"applicationmanageyards-display-component---NewYard--addressEditDetailsCostObjectCstType-arrow"}]}
RESULT: undefined
COMMAND: POST /session/6d94d18c82106ec19b3d8abef7fd5130/element - {"using":"xpath","value":"//*[@id=\"application-manageyards-display-component---NewYard--addressEditDetailsCostObjectCstType-arrow\"]"}
RESULT: {}
RESULT: {"using":"xpath","value":"//*[@id=\"application-manageyards-display-component---NewYard--addressEditDetailsCostObjectCstType-arrow\"]"}
COMMAND: POST /session/6d94d18c82106ec19b3d8abef7fd5130/element/f.C1D3EA7ECBFCC03A372CAA8AC6DB352F.d.C5C4ED1FC5088124B2D4D803DB89B9CE.e.718/click - {}
RESULT: {}
COMMAND: POST /session/6d94d18c82106ec19b3d8abef7fd5130/element - {"using":"xpath","value":"//span[contains(text(), \"Cost Center\")]"}
COMMAND: GET /session/6d94d18c82106ec19b3d8abef7fd5130/screenshot - {}
RESULT: {"using":"xpath","value":"//span[contains(text(), \"Cost Center\")]"}
COMMAND: POST /session/6d94d18c82106ec19b3d8abef7fd5130/element/f.C1D3EA7ECBFCC03A372CAA8AC6DB352F.d.C5C4ED1FC5088124B2D4D803DB89B9CE.e.719/click - {}
RESULT: {}
RESULT: {}
COMMAND: GET /session/6d94d18c82106ec19b3d8abef7fd5130/screenshot - {}
RESULT: {}
COMMAND: POST /session/6d94d18c82106ec19b3d8abef7fd5130/element - {"using":"xpath","value":"//span[@id=\"application-manageyards-display-component---NewYard--addressNewCostObjectCstID-vhi\"]"}
RESULT: {"using":"xpath","value":"//span[@id=\"application-manageyards-display-component---NewYard--addressNewCostObjectCstID-vhi\"]"}
COMMAND: POST /session/6d94d18c82106ec19b3d8abef7fd5130/execute/sync - {"script":"<script> [8489 bytes]","args":[{"element-6066-11e4-a52e-4f735466cecf":"f.C1D3EA7ECBFCC03A372CAA8AC6DB352F.d.C5C4ED1FC5088124B2D4D803DB89B9CE.e.723","ELEMENT":"f.C1D3EA7ECBFCC03A372CAA8AC6DB352F.d.C5C4ED1FC5088124B2D4D803DB89B9CE.e.723"}]}
RESULT: {"script":"<script> [8489 bytes]","args":[{"element-6066-11e4-a52e-4f735466cecf":"f.C1D3EA7ECBFCC03A372CAA8AC6DB352F.d.C5C4ED1FC5088124B2D4D803DB89B9CE.e.723","ELEMENT":"f.C1D3EA7ECBFCC03A372CAA8AC6DB352F.d.C5C4ED1FC5088124B2D4D803DB89B9CE.e.723"}]}
COMMAND: POST /session/6d94d18c82106ec19b3d8abef7fd5130/execute/async - {"script":"<script> [1562 bytes]","args":[{"selector":{"id":"application-manageyards-display-component---NewYard--addressNewCostObjectCstID-vhi"},"wdio_ui5_key":"applicationmanageyards-display-component---NewYard--addressNewCostObjectCstID-vhi"}]}
COMMAND: GET /session/6d94d18c82106ec19b3d8abef7fd5130/screenshot - {}
RESULT: {"script":"<script> [1562 bytes]","args":[{"selector":{"id":"application-manageyards-display-component---NewYard--addressNewCostObjectCstID-vhi"},"wdio_ui5_key":"applicationmanageyards-display-component---NewYard--addressNewCostObjectCstID-vhi"}]}
RESULT: undefined
COMMAND: POST /session/6d94d18c82106ec19b3d8abef7fd5130/element - {"using":"xpath","value":"//*[@id=\"application-manageyards-display-component---NewYard--addressNewCostObjectCstID-vhi\"]"}
RESULT: {}
RESULT: {"using":"xpath","value":"//*[@id=\"application-manageyards-display-component---NewYard--addressNewCostObjectCstID-vhi\"]"}
COMMAND: POST /session/6d94d18c82106ec19b3d8abef7fd5130/element/f.C1D3EA7ECBFCC03A372CAA8AC6DB352F.d.C5C4ED1FC5088124B2D4D803DB89B9CE.e.723/click - {}
RESULT: {}
COMMAND: GET /session/6d94d18c82106ec19b3d8abef7fd5130/screenshot - {}
RESULT: {}
COMMAND: POST /session/6d94d18c82106ec19b3d8abef7fd5130/execute/async - {"script":"<script> [1562 bytes]","args":[{"selector":{"controlType":"sap.m.SearchField","properties":{"placeholder":"Search"},"searchOpenDialogs":true,"interaction":{"idSuffix":"I"}},"wdio_ui5_key":"sapm.SearchField{\"placeholder\":\"Search\"}"}]}
RESULT: {"script":"<script> [1562 bytes]","args":[{"selector":{"controlType":"sap.m.SearchField","properties":{"placeholder":"Search"},"searchOpenDialogs":true,"interaction":{"idSuffix":"I"}},"wdio_ui5_key":"sapm.SearchField{\"placeholder\":\"Search\"}"}]}
RESULT: undefined
COMMAND: POST /session/6d94d18c82106ec19b3d8abef7fd5130/execute/async - {"script":"<script> [776 bytes]","args":[{"enterText":"10001013","selector":{"controlType":"sap.m.SearchField","properties":{"placeholder":"Search"},"searchOpenDialogs":true,"interaction":{"idSuffix":"I"}},"clearTextFirst":true,"interactionType":"ENTER_TEXT"}]}
RESULT: {"script":"<script> [776 bytes]","args":[{"enterText":"10001013","selector":{"controlType":"sap.m.SearchField","properties":{"placeholder":"Search"},"searchOpenDialogs":true,"interaction":{"idSuffix":"I"}},"clearTextFirst":true,"interactionType":"ENTER_TEXT"}]}
COMMAND: POST /session/6d94d18c82106ec19b3d8abef7fd5130/actions - {"actions":[{"id":"action1","type":"key","parameters":{},"actions":[{"type":"keyDown","value":"î€‡"},{"type":"pause","duration":10},{"type":"keyUp","value":"î€‡"}]}]}
RESULT: {"actions":[{"id":"action1","type":"key","parameters":{},"actions":[{"type":"keyDown","value":"î€‡"},{"type":"pause","duration":10},{"type":"keyUp","value":"î€‡"}]}]}
COMMAND: GET /session/6d94d18c82106ec19b3d8abef7fd5130/screenshot - {}
RESULT: {}
COMMAND: POST /session/6d94d18c82106ec19b3d8abef7fd5130/element - {"using":"xpath","value":"//span[contains(text(), \"General Management\")]"}
RESULT: {"using":"xpath","value":"//span[contains(text(), \"General Management\")]"}
COMMAND: POST /session/6d94d18c82106ec19b3d8abef7fd5130/element/f.C1D3EA7ECBFCC03A372CAA8AC6DB352F.d.C5C4ED1FC5088124B2D4D803DB89B9CE.e.764/click - {}
RESULT: {}
COMMAND: GET /session/6d94d18c82106ec19b3d8abef7fd5130/screenshot - {}
RESULT: {}
COMMAND: POST /session/6d94d18c82106ec19b3d8abef7fd5130/element - {"using":"xpath","value":"//bdi[contains(text(), \"OK\")]"}
RESULT: {"using":"xpath","value":"//bdi[contains(text(), \"OK\")]"}
COMMAND: POST /session/6d94d18c82106ec19b3d8abef7fd5130/element/f.C1D3EA7ECBFCC03A372CAA8AC6DB352F.d.C5C4ED1FC5088124B2D4D803DB89B9CE.e.765/click - {}
RESULT: {}
COMMAND: GET /session/6d94d18c82106ec19b3d8abef7fd5130/screenshot - {}
RESULT: {}
COMMAND: POST /session/6d94d18c82106ec19b3d8abef7fd5130/execute/async - {"script":"<script> [1562 bytes]","args":[{"selector":{"id":"application-manageyards-display-component---NewYard--addressEditDetailsCurrency-arrow"},"wdio_ui5_key":"applicationmanageyards-display-component---NewYard--addressEditDetailsCurrency-arrow"}]}
RESULT: {"script":"<script> [1562 bytes]","args":[{"selector":{"id":"application-manageyards-display-component---NewYard--addressEditDetailsCurrency-arrow"},"wdio_ui5_key":"applicationmanageyards-display-component---NewYard--addressEditDetailsCurrency-arrow"}]}
RESULT: undefined
COMMAND: POST /session/6d94d18c82106ec19b3d8abef7fd5130/element - {"using":"xpath","value":"//*[@id=\"application-manageyards-display-component---NewYard--addressEditDetailsCurrency-arrow\"]"}
RESULT: {"using":"xpath","value":"//*[@id=\"application-manageyards-display-component---NewYard--addressEditDetailsCurrency-arrow\"]"}
COMMAND: POST /session/6d94d18c82106ec19b3d8abef7fd5130/element/f.C1D3EA7ECBFCC03A372CAA8AC6DB352F.d.C5C4ED1FC5088124B2D4D803DB89B9CE.e.768/click - {}
RESULT: {}
COMMAND: POST /session/6d94d18c82106ec19b3d8abef7fd5130/element - {"using":"xpath","value":"//span[contains(text(), \"Euro\")]"}
COMMAND: GET /session/6d94d18c82106ec19b3d8abef7fd5130/screenshot - {}
RESULT: {"using":"xpath","value":"//span[contains(text(), \"Euro\")]"}
COMMAND: POST /session/6d94d18c82106ec19b3d8abef7fd5130/element/f.C1D3EA7ECBFCC03A372CAA8AC6DB352F.d.C5C4ED1FC5088124B2D4D803DB89B9CE.e.769/click - {}
RESULT: {}
RESULT: {}
COMMAND: POST /session/6d94d18c82106ec19b3d8abef7fd5130/execute/async - {"script":"<script> [1562 bytes]","args":[{"selector":{"controlType":"sap.m.Input","viewName":"etm.portal.ui.manageyards.view.New","viewId":"application-manageyards-display-component---NewYard","bindingPath":{"path":"","propertyPath":"/CONTROLLING_AREA","modelName":"NewYardModel"},"interaction":{"idSuffix":"inner"}},"wdio_ui5_key":"etmportal.ui.manageyards.view.Newsap.m.Input{\"path\":\"\",\"propertyPath\":\"/CONTROLLING_AREA\",\"modelName\":\"NewYardModel\"}"}]}
COMMAND: GET /session/6d94d18c82106ec19b3d8abef7fd5130/screenshot - {}
RESULT: {"script":"<script> [1562 bytes]","args":[{"selector":{"controlType":"sap.m.Input","viewName":"etm.portal.ui.manageyards.view.New","viewId":"application-manageyards-display-component---NewYard","bindingPath":{"path":"","propertyPath":"/CONTROLLING_AREA","modelName":"NewYardModel"},"interaction":{"idSuffix":"inner"}},"wdio_ui5_key":"etmportal.ui.manageyards.view.Newsap.m.Input{\"path\":\"\",\"propertyPath\":\"/CONTROLLING_AREA\",\"modelName\":\"NewYardModel\"}"}]}
RESULT: undefined
COMMAND: POST /session/6d94d18c82106ec19b3d8abef7fd5130/execute/async - {"script":"<script> [776 bytes]","args":[{"enterText":"Z001","selector":{"controlType":"sap.m.Input","viewName":"etm.portal.ui.manageyards.view.New","viewId":"application-manageyards-display-component---NewYard","bindingPath":{"path":"","propertyPath":"/CONTROLLING_AREA","modelName":"NewYardModel"},"interaction":{"idSuffix":"inner"}},"clearTextFirst":true,"interactionType":"ENTER_TEXT"}]}
RESULT: {}
RESULT: {"script":"<script> [776 bytes]","args":[{"enterText":"Z001","selector":{"controlType":"sap.m.Input","viewName":"etm.portal.ui.manageyards.view.New","viewId":"application-manageyards-display-component---NewYard","bindingPath":{"path":"","propertyPath":"/CONTROLLING_AREA","modelName":"NewYardModel"},"interaction":{"idSuffix":"inner"}},"clearTextFirst":true,"interactionType":"ENTER_TEXT"}]}
COMMAND: POST /session/6d94d18c82106ec19b3d8abef7fd5130/execute/async - {"script":"<script> [1562 bytes]","args":[{"selector":{"id":"application-manageyards-display-component---NewYard--companyCodeComboBox","interaction":{"idSuffix":"inner"}},"wdio_ui5_key":"applicationmanageyards-display-component---NewYard--companyCodeComboBox"}]}
RESULT: {"script":"<script> [1562 bytes]","args":[{"selector":{"id":"application-manageyards-display-component---NewYard--companyCodeComboBox","interaction":{"idSuffix":"inner"}},"wdio_ui5_key":"applicationmanageyards-display-component---NewYard--companyCodeComboBox"}]}
RESULT: undefined
COMMAND: POST /session/6d94d18c82106ec19b3d8abef7fd5130/execute/async - {"script":"<script> [776 bytes]","args":[{"enterText":"1000","selector":{"id":"application-manageyards-display-component---NewYard--companyCodeComboBox","interaction":{"idSuffix":"inner"}},"clearTextFirst":true,"interactionType":"ENTER_TEXT"}]}
RESULT: {"script":"<script> [776 bytes]","args":[{"enterText":"1000","selector":{"id":"application-manageyards-display-component---NewYard--companyCodeComboBox","interaction":{"idSuffix":"inner"}},"clearTextFirst":true,"interactionType":"ENTER_TEXT"}]}
COMMAND: POST /session/6d94d18c82106ec19b3d8abef7fd5130/execute/async - {"script":"<script> [1562 bytes]","args":[{"selector":{"controlType":"sap.m.Input","viewName":"etm.portal.ui.manageyards.view.New","viewId":"application-manageyards-display-component---NewYard","bindingPath":{"path":"","propertyPath":"/PLANT","modelName":"NewYardModel"},"interaction":{"idSuffix":"inner"}},"wdio_ui5_key":"etmportal.ui.manageyards.view.Newsap.m.Input{\"path\":\"\",\"propertyPath\":\"/PLANT\",\"modelName\":\"NewYardModel\"}"}]}
RESULT: {"script":"<script> [1562 bytes]","args":[{"selector":{"controlType":"sap.m.Input","viewName":"etm.portal.ui.manageyards.view.New","viewId":"application-manageyards-display-component---NewYard","bindingPath":{"path":"","propertyPath":"/PLANT","modelName":"NewYardModel"},"interaction":{"idSuffix":"inner"}},"wdio_ui5_key":"etmportal.ui.manageyards.view.Newsap.m.Input{\"path\":\"\",\"propertyPath\":\"/PLANT\",\"modelName\":\"NewYardModel\"}"}]}
RESULT: undefined
COMMAND: POST /session/6d94d18c82106ec19b3d8abef7fd5130/execute/async - {"script":"<script> [776 bytes]","args":[{"enterText":"1001","selector":{"controlType":"sap.m.Input","viewName":"etm.portal.ui.manageyards.view.New","viewId":"application-manageyards-display-component---NewYard","bindingPath":{"path":"","propertyPath":"/PLANT","modelName":"NewYardModel"},"interaction":{"idSuffix":"inner"}},"clearTextFirst":true,"interactionType":"ENTER_TEXT"}]}
RESULT: {"script":"<script> [776 bytes]","args":[{"enterText":"1001","selector":{"controlType":"sap.m.Input","viewName":"etm.portal.ui.manageyards.view.New","viewId":"application-manageyards-display-component---NewYard","bindingPath":{"path":"","propertyPath":"/PLANT","modelName":"NewYardModel"},"interaction":{"idSuffix":"inner"}},"clearTextFirst":true,"interactionType":"ENTER_TEXT"}]}
COMMAND: POST /session/6d94d18c82106ec19b3d8abef7fd5130/execute/async - {"script":"<script> [1562 bytes]","args":[{"selector":{"controlType":"sap.m.Input","viewName":"etm.portal.ui.manageyards.view.New","viewId":"application-manageyards-display-component---NewYard","bindingPath":{"path":"","propertyPath":"/SALES_AREA_VKORG","modelName":"NewYardModel"},"interaction":{"idSuffix":"inner"}},"wdio_ui5_key":"etmportal.ui.manageyards.view.Newsap.m.Input{\"path\":\"\",\"propertyPath\":\"/SALES_AREA_VKORG\",\"modelName\":\"NewYardModel\"}"}]}
RESULT: {"script":"<script> [1562 bytes]","args":[{"selector":{"controlType":"sap.m.Input","viewName":"etm.portal.ui.manageyards.view.New","viewId":"application-manageyards-display-component---NewYard","bindingPath":{"path":"","propertyPath":"/SALES_AREA_VKORG","modelName":"NewYardModel"},"interaction":{"idSuffix":"inner"}},"wdio_ui5_key":"etmportal.ui.manageyards.view.Newsap.m.Input{\"path\":\"\",\"propertyPath\":\"/SALES_AREA_VKORG\",\"modelName\":\"NewYardModel\"}"}]}
RESULT: undefined
COMMAND: POST /session/6d94d18c82106ec19b3d8abef7fd5130/execute/async - {"script":"<script> [776 bytes]","args":[{"enterText":"C002","selector":{"controlType":"sap.m.Input","viewName":"etm.portal.ui.manageyards.view.New","viewId":"application-manageyards-display-component---NewYard","bindingPath":{"path":"","propertyPath":"/SALES_AREA_VKORG","modelName":"NewYardModel"},"interaction":{"idSuffix":"inner"}},"clearTextFirst":true,"interactionType":"ENTER_TEXT"}]}
RESULT: {"script":"<script> [776 bytes]","args":[{"enterText":"C002","selector":{"controlType":"sap.m.Input","viewName":"etm.portal.ui.manageyards.view.New","viewId":"application-manageyards-display-component---NewYard","bindingPath":{"path":"","propertyPath":"/SALES_AREA_VKORG","modelName":"NewYardModel"},"interaction":{"idSuffix":"inner"}},"clearTextFirst":true,"interactionType":"ENTER_TEXT"}]}
COMMAND: POST /session/6d94d18c82106ec19b3d8abef7fd5130/execute/async - {"script":"<script> [1562 bytes]","args":[{"selector":{"controlType":"sap.m.Input","viewName":"etm.portal.ui.manageyards.view.New","viewId":"application-manageyards-display-component---NewYard","bindingPath":{"path":"","propertyPath":"/SALES_AREA_VTWEG","modelName":"NewYardModel"},"interaction":{"idSuffix":"inner"}},"wdio_ui5_key":"etmportal.ui.manageyards.view.Newsap.m.Input{\"path\":\"\",\"propertyPath\":\"/SALES_AREA_VTWEG\",\"modelName\":\"NewYardModel\"}"}]}
RESULT: {"script":"<script> [1562 bytes]","args":[{"selector":{"controlType":"sap.m.Input","viewName":"etm.portal.ui.manageyards.view.New","viewId":"application-manageyards-display-component---NewYard","bindingPath":{"path":"","propertyPath":"/SALES_AREA_VTWEG","modelName":"NewYardModel"},"interaction":{"idSuffix":"inner"}},"wdio_ui5_key":"etmportal.ui.manageyards.view.Newsap.m.Input{\"path\":\"\",\"propertyPath\":\"/SALES_AREA_VTWEG\",\"modelName\":\"NewYardModel\"}"}]}
RESULT: undefined
COMMAND: POST /session/6d94d18c82106ec19b3d8abef7fd5130/execute/async - {"script":"<script> [776 bytes]","args":[{"enterText":"C2","selector":{"controlType":"sap.m.Input","viewName":"etm.portal.ui.manageyards.view.New","viewId":"application-manageyards-display-component---NewYard","bindingPath":{"path":"","propertyPath":"/SALES_AREA_VTWEG","modelName":"NewYardModel"},"interaction":{"idSuffix":"inner"}},"clearTextFirst":true,"interactionType":"ENTER_TEXT"}]}
RESULT: {"script":"<script> [776 bytes]","args":[{"enterText":"C2","selector":{"controlType":"sap.m.Input","viewName":"etm.portal.ui.manageyards.view.New","viewId":"application-manageyards-display-component---NewYard","bindingPath":{"path":"","propertyPath":"/SALES_AREA_VTWEG","modelName":"NewYardModel"},"interaction":{"idSuffix":"inner"}},"clearTextFirst":true,"interactionType":"ENTER_TEXT"}]}
COMMAND: POST /session/6d94d18c82106ec19b3d8abef7fd5130/execute/async - {"script":"<script> [1562 bytes]","args":[{"selector":{"controlType":"sap.m.Input","viewName":"etm.portal.ui.manageyards.view.New","viewId":"application-manageyards-display-component---NewYard","bindingPath":{"path":"","propertyPath":"/SALES_AREA_SPART","modelName":"NewYardModel"},"interaction":{"idSuffix":"inner"}},"wdio_ui5_key":"etmportal.ui.manageyards.view.Newsap.m.Input{\"path\":\"\",\"propertyPath\":\"/SALES_AREA_SPART\",\"modelName\":\"NewYardModel\"}"}]}
RESULT: {"script":"<script> [1562 bytes]","args":[{"selector":{"controlType":"sap.m.Input","viewName":"etm.portal.ui.manageyards.view.New","viewId":"application-manageyards-display-component---NewYard","bindingPath":{"path":"","propertyPath":"/SALES_AREA_SPART","modelName":"NewYardModel"},"interaction":{"idSuffix":"inner"}},"wdio_ui5_key":"etmportal.ui.manageyards.view.Newsap.m.Input{\"path\":\"\",\"propertyPath\":\"/SALES_AREA_SPART\",\"modelName\":\"NewYardModel\"}"}]}
RESULT: undefined
COMMAND: POST /session/6d94d18c82106ec19b3d8abef7fd5130/execute/async - {"script":"<script> [776 bytes]","args":[{"enterText":"C2","selector":{"controlType":"sap.m.Input","viewName":"etm.portal.ui.manageyards.view.New","viewId":"application-manageyards-display-component---NewYard","bindingPath":{"path":"","propertyPath":"/SALES_AREA_SPART","modelName":"NewYardModel"},"interaction":{"idSuffix":"inner"}},"clearTextFirst":true,"interactionType":"ENTER_TEXT"}]}
RESULT: {"script":"<script> [776 bytes]","args":[{"enterText":"C2","selector":{"controlType":"sap.m.Input","viewName":"etm.portal.ui.manageyards.view.New","viewId":"application-manageyards-display-component---NewYard","bindingPath":{"path":"","propertyPath":"/SALES_AREA_SPART","modelName":"NewYardModel"},"interaction":{"idSuffix":"inner"}},"clearTextFirst":true,"interactionType":"ENTER_TEXT"}]}
COMMAND: POST /session/6d94d18c82106ec19b3d8abef7fd5130/execute/async - {"script":"<script> [1562 bytes]","args":[{"selector":{"controlType":"sap.m.Input","viewName":"etm.portal.ui.manageyards.view.New","viewId":"application-manageyards-display-component---NewYard","bindingPath":{"path":"","propertyPath":"/SHIP_POINT","modelName":"NewYardModel"},"interaction":{"idSuffix":"inner"}},"wdio_ui5_key":"etmportal.ui.manageyards.view.Newsap.m.Input{\"path\":\"\",\"propertyPath\":\"/SHIP_POINT\",\"modelName\":\"NewYardModel\"}"}]}
RESULT: {"script":"<script> [1562 bytes]","args":[{"selector":{"controlType":"sap.m.Input","viewName":"etm.portal.ui.manageyards.view.New","viewId":"application-manageyards-display-component---NewYard","bindingPath":{"path":"","propertyPath":"/SHIP_POINT","modelName":"NewYardModel"},"interaction":{"idSuffix":"inner"}},"wdio_ui5_key":"etmportal.ui.manageyards.view.Newsap.m.Input{\"path\":\"\",\"propertyPath\":\"/SHIP_POINT\",\"modelName\":\"NewYardModel\"}"}]}
RESULT: undefined
COMMAND: POST /session/6d94d18c82106ec19b3d8abef7fd5130/execute/async - {"script":"<script> [776 bytes]","args":[{"enterText":"1710","selector":{"controlType":"sap.m.Input","viewName":"etm.portal.ui.manageyards.view.New","viewId":"application-manageyards-display-component---NewYard","bindingPath":{"path":"","propertyPath":"/SHIP_POINT","modelName":"NewYardModel"},"interaction":{"idSuffix":"inner"}},"clearTextFirst":true,"interactionType":"ENTER_TEXT"}]}
RESULT: {"script":"<script> [776 bytes]","args":[{"enterText":"1710","selector":{"controlType":"sap.m.Input","viewName":"etm.portal.ui.manageyards.view.New","viewId":"application-manageyards-display-component---NewYard","bindingPath":{"path":"","propertyPath":"/SHIP_POINT","modelName":"NewYardModel"},"interaction":{"idSuffix":"inner"}},"clearTextFirst":true,"interactionType":"ENTER_TEXT"}]}
COMMAND: POST /session/6d94d18c82106ec19b3d8abef7fd5130/execute/async - {"script":"<script> [1562 bytes]","args":[{"selector":{"controlType":"sap.m.Input","viewName":"etm.portal.ui.manageyards.view.New","viewId":"application-manageyards-display-component---NewYard","bindingPath":{"path":"","propertyPath":"/DELIVERY_TYPE","modelName":"NewYardModel"},"interaction":{"idSuffix":"inner"}},"wdio_ui5_key":"etmportal.ui.manageyards.view.Newsap.m.Input{\"path\":\"\",\"propertyPath\":\"/DELIVERY_TYPE\",\"modelName\":\"NewYardModel\"}"}]}
RESULT: {"script":"<script> [1562 bytes]","args":[{"selector":{"controlType":"sap.m.Input","viewName":"etm.portal.ui.manageyards.view.New","viewId":"application-manageyards-display-component---NewYard","bindingPath":{"path":"","propertyPath":"/DELIVERY_TYPE","modelName":"NewYardModel"},"interaction":{"idSuffix":"inner"}},"wdio_ui5_key":"etmportal.ui.manageyards.view.Newsap.m.Input{\"path\":\"\",\"propertyPath\":\"/DELIVERY_TYPE\",\"modelName\":\"NewYardModel\"}"}]}
RESULT: undefined
COMMAND: POST /session/6d94d18c82106ec19b3d8abef7fd5130/execute/async - {"script":"<script> [776 bytes]","args":[{"enterText":"ZL01","selector":{"controlType":"sap.m.Input","viewName":"etm.portal.ui.manageyards.view.New","viewId":"application-manageyards-display-component---NewYard","bindingPath":{"path":"","propertyPath":"/DELIVERY_TYPE","modelName":"NewYardModel"},"interaction":{"idSuffix":"inner"}},"clearTextFirst":true,"interactionType":"ENTER_TEXT"}]}
RESULT: {"script":"<script> [776 bytes]","args":[{"enterText":"ZL01","selector":{"controlType":"sap.m.Input","viewName":"etm.portal.ui.manageyards.view.New","viewId":"application-manageyards-display-component---NewYard","bindingPath":{"path":"","propertyPath":"/DELIVERY_TYPE","modelName":"NewYardModel"},"interaction":{"idSuffix":"inner"}},"clearTextFirst":true,"interactionType":"ENTER_TEXT"}]}
COMMAND: POST /session/6d94d18c82106ec19b3d8abef7fd5130/execute/async - {"script":"<script> [1562 bytes]","args":[{"selector":{"controlType":"sap.m.Input","viewName":"etm.portal.ui.manageyards.view.New","viewId":"application-manageyards-display-component---NewYard","bindingPath":{"path":"","propertyPath":"/AUART","modelName":"NewYardModel"},"interaction":{"idSuffix":"inner"}},"wdio_ui5_key":"etmportal.ui.manageyards.view.Newsap.m.Input{\"path\":\"\",\"propertyPath\":\"/AUART\",\"modelName\":\"NewYardModel\"}"}]}
RESULT: {"script":"<script> [1562 bytes]","args":[{"selector":{"controlType":"sap.m.Input","viewName":"etm.portal.ui.manageyards.view.New","viewId":"application-manageyards-display-component---NewYard","bindingPath":{"path":"","propertyPath":"/AUART","modelName":"NewYardModel"},"interaction":{"idSuffix":"inner"}},"wdio_ui5_key":"etmportal.ui.manageyards.view.Newsap.m.Input{\"path\":\"\",\"propertyPath\":\"/AUART\",\"modelName\":\"NewYardModel\"}"}]}
RESULT: undefined
COMMAND: POST /session/6d94d18c82106ec19b3d8abef7fd5130/execute/async - {"script":"<script> [776 bytes]","args":[{"enterText":"TA","selector":{"controlType":"sap.m.Input","viewName":"etm.portal.ui.manageyards.view.New","viewId":"application-manageyards-display-component---NewYard","bindingPath":{"path":"","propertyPath":"/AUART","modelName":"NewYardModel"},"interaction":{"idSuffix":"inner"}},"clearTextFirst":true,"interactionType":"ENTER_TEXT"}]}
RESULT: {"script":"<script> [776 bytes]","args":[{"enterText":"TA","selector":{"controlType":"sap.m.Input","viewName":"etm.portal.ui.manageyards.view.New","viewId":"application-manageyards-display-component---NewYard","bindingPath":{"path":"","propertyPath":"/AUART","modelName":"NewYardModel"},"interaction":{"idSuffix":"inner"}},"clearTextFirst":true,"interactionType":"ENTER_TEXT"}]}
COMMAND: POST /session/6d94d18c82106ec19b3d8abef7fd5130/element - {"using":"xpath","value":"//button[@data-kt=\"newYardSaveButton\"]"}
RESULT: {"using":"xpath","value":"//button[@data-kt=\"newYardSaveButton\"]"}
COMMAND: POST /session/6d94d18c82106ec19b3d8abef7fd5130/element/f.C1D3EA7ECBFCC03A372CAA8AC6DB352F.d.C5C4ED1FC5088124B2D4D803DB89B9CE.e.697/click - {}
RESULT: {}
COMMAND: GET /session/6d94d18c82106ec19b3d8abef7fd5130/screenshot - {}
RESULT: {}
COMMAND: POST /session/6d94d18c82106ec19b3d8abef7fd5130/element - {"using":"xpath","value":"//header[contains(@id, 'ObjectPageLayout-headerTitle')]/div[1]/div[2]/div[1]/span[1]"}
RESULT: {"using":"xpath","value":"//header[contains(@id, 'ObjectPageLayout-headerTitle')]/div[1]/div[2]/div[1]/span[1]"}
COMMAND: POST /session/6d94d18c82106ec19b3d8abef7fd5130/elements - {"using":"xpath","value":"//header[contains(@id, 'ObjectPageLayout-headerTitle')]/div[1]/div[2]/div[1]/span[1]"}
RESULT: {"using":"xpath","value":"//header[contains(@id, 'ObjectPageLayout-headerTitle')]/div[1]/div[2]/div[1]/span[1]"}
COMMAND: POST /session/6d94d18c82106ec19b3d8abef7fd5130/execute/sync - {"script":"<script> [56 bytes]","args":[{"element-6066-11e4-a52e-4f735466cecf":"f.C1D3EA7ECBFCC03A372CAA8AC6DB352F.d.C5C4ED1FC5088124B2D4D803DB89B9CE.e.990","ELEMENT":"f.C1D3EA7ECBFCC03A372CAA8AC6DB352F.d.C5C4ED1FC5088124B2D4D803DB89B9CE.e.990"}]}
RESULT: {"script":"<script> [56 bytes]","args":[{"element-6066-11e4-a52e-4f735466cecf":"f.C1D3EA7ECBFCC03A372CAA8AC6DB352F.d.C5C4ED1FC5088124B2D4D803DB89B9CE.e.990","ELEMENT":"f.C1D3EA7ECBFCC03A372CAA8AC6DB352F.d.C5C4ED1FC5088124B2D4D803DB89B9CE.e.990"}]}
COMMAND: GET /session/6d94d18c82106ec19b3d8abef7fd5130/screenshot - {}
COMMAND: POST /session/6d94d18c82106ec19b3d8abef7fd5130/execute/sync - {"script":"<script> [56 bytes]","args":[{"element-6066-11e4-a52e-4f735466cecf":"f.C1D3EA7ECBFCC03A372CAA8AC6DB352F.d.C5C4ED1FC5088124B2D4D803DB89B9CE.e.990","ELEMENT":"f.C1D3EA7ECBFCC03A372CAA8AC6DB352F.d.C5C4ED1FC5088124B2D4D803DB89B9CE.e.990"}]}
RESULT: {}
RESULT: {"script":"<script> [56 bytes]","args":[{"element-6066-11e4-a52e-4f735466cecf":"f.C1D3EA7ECBFCC03A372CAA8AC6DB352F.d.C5C4ED1FC5088124B2D4D803DB89B9CE.e.990","ELEMENT":"f.C1D3EA7ECBFCC03A372CAA8AC6DB352F.d.C5C4ED1FC5088124B2D4D803DB89B9CE.e.990"}]}
COMMAND: GET /session/6d94d18c82106ec19b3d8abef7fd5130/screenshot - {}
RESULT: {}
COMMAND: POST /session/6d94d18c82106ec19b3d8abef7fd5130/element - {"using":"css selector","value":"#shell-header-logo"}
RESULT: {"using":"css selector","value":"#shell-header-logo"}
COMMAND: POST /session/6d94d18c82106ec19b3d8abef7fd5130/element/f.C1D3EA7ECBFCC03A372CAA8AC6DB352F.d.C5C4ED1FC5088124B2D4D803DB89B9CE.e.249/click - {}
RESULT: {}
COMMAND: GET /session/6d94d18c82106ec19b3d8abef7fd5130/screenshot - {}
RESULT: {}
COMMAND: POST /session/6d94d18c82106ec19b3d8abef7fd5130/execute/sync - {"script":"<script> [299 bytes]","args":[["getModel","getResource"]]}
RESULT: {"script":"<script> [299 bytes]","args":[["getModel","getResource"]]}
COMMAND: GET /session/6d94d18c82106ec19b3d8abef7fd5130/screenshot - {}
]]></system-out>
    </testcase>
    <testcase classname="chrome.135_0_7049_96.windows.Create_condition_pricing_US117289_US134625" name="Should create a new equipment used for all following tests" time="132.543">
      <system-out><![CDATA[
COMMAND: POST /session/6d94d18c82106ec19b3d8abef7fd5130/execute/async - {"script":"<script> [1562 bytes]","args":[{"selector":{"controlType":"sap.m.GenericTile","properties":{"header":"Manage Resources"}},"wdio_ui5_key":"sapm.GenericTile{\"header\":\"Manage Resources\"}"}]}
RESULT: {}
RESULT: {"script":"<script> [1562 bytes]","args":[{"selector":{"controlType":"sap.m.GenericTile","properties":{"header":"Manage Resources"}},"wdio_ui5_key":"sapm.GenericTile{\"header\":\"Manage Resources\"}"}]}
RESULT: undefined
COMMAND: POST /session/6d94d18c82106ec19b3d8abef7fd5130/element - {"using":"xpath","value":"//*[@id=\"__tile39\"]"}
RESULT: {"using":"xpath","value":"//*[@id=\"__tile39\"]"}
COMMAND: POST /session/6d94d18c82106ec19b3d8abef7fd5130/element/f.C1D3EA7ECBFCC03A372CAA8AC6DB352F.d.C5C4ED1FC5088124B2D4D803DB89B9CE.e.148/click - {}
RESULT: {}
COMMAND: POST /session/6d94d18c82106ec19b3d8abef7fd5130/element - {"using":"xpath","value":"//button[@data-kt=\"addNewRUOverflowToolbarButton\"]"}
COMMAND: GET /session/6d94d18c82106ec19b3d8abef7fd5130/screenshot - {}
RESULT: {"using":"xpath","value":"//button[@data-kt=\"addNewRUOverflowToolbarButton\"]"}
COMMAND: POST /session/6d94d18c82106ec19b3d8abef7fd5130/elements - {"using":"xpath","value":"//button[@data-kt=\"addNewRUOverflowToolbarButton\"]"}
RESULT: {}
RESULT: {"using":"xpath","value":"//button[@data-kt=\"addNewRUOverflowToolbarButton\"]"}
COMMAND: POST /session/6d94d18c82106ec19b3d8abef7fd5130/elements - {"using":"xpath","value":"//button[@data-kt=\"addNewRUOverflowToolbarButton\"]"}
RESULT: {"using":"xpath","value":"//button[@data-kt=\"addNewRUOverflowToolbarButton\"]"}
COMMAND: POST /session/6d94d18c82106ec19b3d8abef7fd5130/elements - {"using":"xpath","value":"//button[@data-kt=\"addNewRUOverflowToolbarButton\"]"}
RESULT: {"using":"xpath","value":"//button[@data-kt=\"addNewRUOverflowToolbarButton\"]"}
COMMAND: POST /session/6d94d18c82106ec19b3d8abef7fd5130/elements - {"using":"xpath","value":"//button[@data-kt=\"addNewRUOverflowToolbarButton\"]"}
RESULT: {"using":"xpath","value":"//button[@data-kt=\"addNewRUOverflowToolbarButton\"]"}
COMMAND: POST /session/6d94d18c82106ec19b3d8abef7fd5130/elements - {"using":"xpath","value":"//button[@data-kt=\"addNewRUOverflowToolbarButton\"]"}
RESULT: {"using":"xpath","value":"//button[@data-kt=\"addNewRUOverflowToolbarButton\"]"}
COMMAND: POST /session/6d94d18c82106ec19b3d8abef7fd5130/elements - {"using":"xpath","value":"//button[@data-kt=\"addNewRUOverflowToolbarButton\"]"}
RESULT: {"using":"xpath","value":"//button[@data-kt=\"addNewRUOverflowToolbarButton\"]"}
COMMAND: POST /session/6d94d18c82106ec19b3d8abef7fd5130/elements - {"using":"xpath","value":"//button[@data-kt=\"addNewRUOverflowToolbarButton\"]"}
RESULT: {"using":"xpath","value":"//button[@data-kt=\"addNewRUOverflowToolbarButton\"]"}
COMMAND: POST /session/6d94d18c82106ec19b3d8abef7fd5130/elements - {"using":"xpath","value":"//button[@data-kt=\"addNewRUOverflowToolbarButton\"]"}
RESULT: {"using":"xpath","value":"//button[@data-kt=\"addNewRUOverflowToolbarButton\"]"}
COMMAND: POST /session/6d94d18c82106ec19b3d8abef7fd5130/elements - {"using":"xpath","value":"//button[@data-kt=\"addNewRUOverflowToolbarButton\"]"}
RESULT: {"using":"xpath","value":"//button[@data-kt=\"addNewRUOverflowToolbarButton\"]"}
COMMAND: POST /session/6d94d18c82106ec19b3d8abef7fd5130/elements - {"using":"xpath","value":"//button[@data-kt=\"addNewRUOverflowToolbarButton\"]"}
RESULT: {"using":"xpath","value":"//button[@data-kt=\"addNewRUOverflowToolbarButton\"]"}
COMMAND: POST /session/6d94d18c82106ec19b3d8abef7fd5130/elements - {"using":"xpath","value":"//button[@data-kt=\"addNewRUOverflowToolbarButton\"]"}
RESULT: {"using":"xpath","value":"//button[@data-kt=\"addNewRUOverflowToolbarButton\"]"}
COMMAND: POST /session/6d94d18c82106ec19b3d8abef7fd5130/elements - {"using":"xpath","value":"//button[@data-kt=\"addNewRUOverflowToolbarButton\"]"}
RESULT: {"using":"xpath","value":"//button[@data-kt=\"addNewRUOverflowToolbarButton\"]"}
COMMAND: POST /session/6d94d18c82106ec19b3d8abef7fd5130/elements - {"using":"xpath","value":"//button[@data-kt=\"addNewRUOverflowToolbarButton\"]"}
RESULT: {"using":"xpath","value":"//button[@data-kt=\"addNewRUOverflowToolbarButton\"]"}
COMMAND: POST /session/6d94d18c82106ec19b3d8abef7fd5130/elements - {"using":"xpath","value":"//button[@data-kt=\"addNewRUOverflowToolbarButton\"]"}
RESULT: {"using":"xpath","value":"//button[@data-kt=\"addNewRUOverflowToolbarButton\"]"}
COMMAND: POST /session/6d94d18c82106ec19b3d8abef7fd5130/element - {"using":"xpath","value":"//button[@data-kt=\"addNewRUOverflowToolbarButton\"]"}
RESULT: {"using":"xpath","value":"//button[@data-kt=\"addNewRUOverflowToolbarButton\"]"}
COMMAND: POST /session/6d94d18c82106ec19b3d8abef7fd5130/execute/sync - {"script":"<script> [8489 bytes]","args":[{"element-6066-11e4-a52e-4f735466cecf":"f.C1D3EA7ECBFCC03A372CAA8AC6DB352F.d.C5C4ED1FC5088124B2D4D803DB89B9CE.e.1038","ELEMENT":"f.C1D3EA7ECBFCC03A372CAA8AC6DB352F.d.C5C4ED1FC5088124B2D4D803DB89B9CE.e.1038"}]}
RESULT: {"script":"<script> [8489 bytes]","args":[{"element-6066-11e4-a52e-4f735466cecf":"f.C1D3EA7ECBFCC03A372CAA8AC6DB352F.d.C5C4ED1FC5088124B2D4D803DB89B9CE.e.1038","ELEMENT":"f.C1D3EA7ECBFCC03A372CAA8AC6DB352F.d.C5C4ED1FC5088124B2D4D803DB89B9CE.e.1038"}]}
COMMAND: GET /session/6d94d18c82106ec19b3d8abef7fd5130/element/f.C1D3EA7ECBFCC03A372CAA8AC6DB352F.d.C5C4ED1FC5088124B2D4D803DB89B9CE.e.1038/enabled - {}
COMMAND: GET /session/6d94d18c82106ec19b3d8abef7fd5130/screenshot - {}
RESULT: {}
COMMAND: POST /session/6d94d18c82106ec19b3d8abef7fd5130/execute/sync - {"script":"<script> [8489 bytes]","args":[{"element-6066-11e4-a52e-4f735466cecf":"f.C1D3EA7ECBFCC03A372CAA8AC6DB352F.d.C5C4ED1FC5088124B2D4D803DB89B9CE.e.1038","ELEMENT":"f.C1D3EA7ECBFCC03A372CAA8AC6DB352F.d.C5C4ED1FC5088124B2D4D803DB89B9CE.e.1038"}]}
COMMAND: GET /session/6d94d18c82106ec19b3d8abef7fd5130/screenshot - {}
RESULT: {}
RESULT: {"script":"<script> [8489 bytes]","args":[{"element-6066-11e4-a52e-4f735466cecf":"f.C1D3EA7ECBFCC03A372CAA8AC6DB352F.d.C5C4ED1FC5088124B2D4D803DB89B9CE.e.1038","ELEMENT":"f.C1D3EA7ECBFCC03A372CAA8AC6DB352F.d.C5C4ED1FC5088124B2D4D803DB89B9CE.e.1038"}]}
COMMAND: POST /session/6d94d18c82106ec19b3d8abef7fd5130/execute/sync - {"script":"<script> [5351 bytes]","args":[{"element-6066-11e4-a52e-4f735466cecf":"f.C1D3EA7ECBFCC03A372CAA8AC6DB352F.d.C5C4ED1FC5088124B2D4D803DB89B9CE.e.1038","ELEMENT":"f.C1D3EA7ECBFCC03A372CAA8AC6DB352F.d.C5C4ED1FC5088124B2D4D803DB89B9CE.e.1038"}]}
COMMAND: GET /session/6d94d18c82106ec19b3d8abef7fd5130/screenshot - {}
RESULT: {}
RESULT: {"script":"<script> [5351 bytes]","args":[{"element-6066-11e4-a52e-4f735466cecf":"f.C1D3EA7ECBFCC03A372CAA8AC6DB352F.d.C5C4ED1FC5088124B2D4D803DB89B9CE.e.1038","ELEMENT":"f.C1D3EA7ECBFCC03A372CAA8AC6DB352F.d.C5C4ED1FC5088124B2D4D803DB89B9CE.e.1038"}]}
COMMAND: POST /session/6d94d18c82106ec19b3d8abef7fd5130/element/f.C1D3EA7ECBFCC03A372CAA8AC6DB352F.d.C5C4ED1FC5088124B2D4D803DB89B9CE.e.1038/click - {}
COMMAND: GET /session/6d94d18c82106ec19b3d8abef7fd5130/screenshot - {}
RESULT: {}
RESULT: {}
COMMAND: GET /session/6d94d18c82106ec19b3d8abef7fd5130/screenshot - {}
COMMAND: POST /session/6d94d18c82106ec19b3d8abef7fd5130/execute/async - {"script":"<script> [1562 bytes]","args":[{"selector":{"id":"application-manageresources-display-component---newResourceUnit--TYPE-arrow"},"wdio_ui5_key":"applicationmanageresources-display-component---newResourceUnit--TYPE-arrow"}]}
RESULT: {}
RESULT: {}
RESULT: {"script":"<script> [1562 bytes]","args":[{"selector":{"id":"application-manageresources-display-component---newResourceUnit--TYPE-arrow"},"wdio_ui5_key":"applicationmanageresources-display-component---newResourceUnit--TYPE-arrow"}]}
RESULT: undefined
COMMAND: POST /session/6d94d18c82106ec19b3d8abef7fd5130/element - {"using":"xpath","value":"//*[@id=\"application-manageresources-display-component---newResourceUnit--TYPE-arrow\"]"}
RESULT: {"using":"xpath","value":"//*[@id=\"application-manageresources-display-component---newResourceUnit--TYPE-arrow\"]"}
COMMAND: POST /session/6d94d18c82106ec19b3d8abef7fd5130/element/f.C1D3EA7ECBFCC03A372CAA8AC6DB352F.d.C5C4ED1FC5088124B2D4D803DB89B9CE.e.1389/click - {}
RESULT: {}
COMMAND: POST /session/6d94d18c82106ec19b3d8abef7fd5130/element - {"using":"xpath","value":"//input[@id=\"application-manageresources-display-component---newResourceUnit--TYPE-inner\"]"}
COMMAND: GET /session/6d94d18c82106ec19b3d8abef7fd5130/screenshot - {}
RESULT: {}
RESULT: {"using":"xpath","value":"//input[@id=\"application-manageresources-display-component---newResourceUnit--TYPE-inner\"]"}
COMMAND: POST /session/6d94d18c82106ec19b3d8abef7fd5130/element/f.C1D3EA7ECBFCC03A372CAA8AC6DB352F.d.C5C4ED1FC5088124B2D4D803DB89B9CE.e.1378/clear - {}
RESULT: {}
COMMAND: POST /session/6d94d18c82106ec19b3d8abef7fd5130/element/f.C1D3EA7ECBFCC03A372CAA8AC6DB352F.d.C5C4ED1FC5088124B2D4D803DB89B9CE.e.1378/value - {"text":"Equipment"}
COMMAND: GET /session/6d94d18c82106ec19b3d8abef7fd5130/screenshot - {}
RESULT: {"text":"Equipment"}
COMMAND: GET /session/6d94d18c82106ec19b3d8abef7fd5130/screenshot - {}
RESULT: {}
RESULT: {}
COMMAND: POST /session/6d94d18c82106ec19b3d8abef7fd5130/actions - {"actions":[{"id":"action2","type":"key","parameters":{},"actions":[{"type":"keyDown","value":"î€‡"},{"type":"pause","duration":10},{"type":"keyUp","value":"î€‡"}]}]}
RESULT: {"actions":[{"id":"action2","type":"key","parameters":{},"actions":[{"type":"keyDown","value":"î€‡"},{"type":"pause","duration":10},{"type":"keyUp","value":"î€‡"}]}]}
COMMAND: POST /session/6d94d18c82106ec19b3d8abef7fd5130/execute/async - {"script":"<script> [1562 bytes]","args":[{"selector":{"id":"application-manageresources-display-component---newResourceUnit--resourceId","interaction":{"idSuffix":"inner"}},"wdio_ui5_key":"applicationmanageresources-display-component---newResourceUnit--resourceId"}]}
COMMAND: GET /session/6d94d18c82106ec19b3d8abef7fd5130/screenshot - {}
RESULT: {"script":"<script> [1562 bytes]","args":[{"selector":{"id":"application-manageresources-display-component---newResourceUnit--resourceId","interaction":{"idSuffix":"inner"}},"wdio_ui5_key":"applicationmanageresources-display-component---newResourceUnit--resourceId"}]}
RESULT: undefined
COMMAND: POST /session/6d94d18c82106ec19b3d8abef7fd5130/execute/async - {"script":"<script> [776 bytes]","args":[{"enterText":"mlqTvN89oj","selector":{"id":"application-manageresources-display-component---newResourceUnit--resourceId","interaction":{"idSuffix":"inner"}},"clearTextFirst":true,"interactionType":"ENTER_TEXT"}]}
RESULT: {}
RESULT: {"script":"<script> [776 bytes]","args":[{"enterText":"mlqTvN89oj","selector":{"id":"application-manageresources-display-component---newResourceUnit--resourceId","interaction":{"idSuffix":"inner"}},"clearTextFirst":true,"interactionType":"ENTER_TEXT"}]}
COMMAND: POST /session/6d94d18c82106ec19b3d8abef7fd5130/execute/async - {"script":"<script> [1562 bytes]","args":[{"selector":{"id":"application-manageresources-display-component---newResourceUnit--SHORT_TEXT","interaction":{"idSuffix":"inner"}},"wdio_ui5_key":"applicationmanageresources-display-component---newResourceUnit--SHORT_TEXT"}]}
RESULT: {"script":"<script> [1562 bytes]","args":[{"selector":{"id":"application-manageresources-display-component---newResourceUnit--SHORT_TEXT","interaction":{"idSuffix":"inner"}},"wdio_ui5_key":"applicationmanageresources-display-component---newResourceUnit--SHORT_TEXT"}]}
RESULT: undefined
COMMAND: POST /session/6d94d18c82106ec19b3d8abef7fd5130/execute/async - {"script":"<script> [776 bytes]","args":[{"enterText":"Intercompany Equipment WDIO","selector":{"id":"application-manageresources-display-component---newResourceUnit--SHORT_TEXT","interaction":{"idSuffix":"inner"}},"clearTextFirst":true,"interactionType":"ENTER_TEXT"}]}
RESULT: {"script":"<script> [776 bytes]","args":[{"enterText":"Intercompany Equipment WDIO","selector":{"id":"application-manageresources-display-component---newResourceUnit--SHORT_TEXT","interaction":{"idSuffix":"inner"}},"clearTextFirst":true,"interactionType":"ENTER_TEXT"}]}
COMMAND: POST /session/6d94d18c82106ec19b3d8abef7fd5130/execute/async - {"script":"<script> [1562 bytes]","args":[{"selector":{"id":"application-manageresources-display-component---newResourceUnit--BASE_UNIT_OF_MEASURE","interaction":{"idSuffix":"inner"}},"wdio_ui5_key":"applicationmanageresources-display-component---newResourceUnit--BASE_UNIT_OF_MEASURE"}]}
RESULT: {"script":"<script> [1562 bytes]","args":[{"selector":{"id":"application-manageresources-display-component---newResourceUnit--BASE_UNIT_OF_MEASURE","interaction":{"idSuffix":"inner"}},"wdio_ui5_key":"applicationmanageresources-display-component---newResourceUnit--BASE_UNIT_OF_MEASURE"}]}
RESULT: undefined
COMMAND: POST /session/6d94d18c82106ec19b3d8abef7fd5130/execute/async - {"script":"<script> [776 bytes]","args":[{"enterText":"Piece","selector":{"id":"application-manageresources-display-component---newResourceUnit--BASE_UNIT_OF_MEASURE","interaction":{"idSuffix":"inner"}},"clearTextFirst":true,"interactionType":"ENTER_TEXT"}]}
RESULT: {"script":"<script> [776 bytes]","args":[{"enterText":"Piece","selector":{"id":"application-manageresources-display-component---newResourceUnit--BASE_UNIT_OF_MEASURE","interaction":{"idSuffix":"inner"}},"clearTextFirst":true,"interactionType":"ENTER_TEXT"}]}
COMMAND: POST /session/6d94d18c82106ec19b3d8abef7fd5130/execute/async - {"script":"<script> [1562 bytes]","args":[{"selector":{"id":"application-manageresources-display-component---newResourceUnit--WEIGHT_UNIT","interaction":{"idSuffix":"inner"}},"wdio_ui5_key":"applicationmanageresources-display-component---newResourceUnit--WEIGHT_UNIT"}]}
RESULT: {"script":"<script> [1562 bytes]","args":[{"selector":{"id":"application-manageresources-display-component---newResourceUnit--WEIGHT_UNIT","interaction":{"idSuffix":"inner"}},"wdio_ui5_key":"applicationmanageresources-display-component---newResourceUnit--WEIGHT_UNIT"}]}
RESULT: undefined
COMMAND: POST /session/6d94d18c82106ec19b3d8abef7fd5130/execute/async - {"script":"<script> [776 bytes]","args":[{"enterText":"Gram","selector":{"id":"application-manageresources-display-component---newResourceUnit--WEIGHT_UNIT","interaction":{"idSuffix":"inner"}},"clearTextFirst":true,"interactionType":"ENTER_TEXT"}]}
RESULT: {"script":"<script> [776 bytes]","args":[{"enterText":"Gram","selector":{"id":"application-manageresources-display-component---newResourceUnit--WEIGHT_UNIT","interaction":{"idSuffix":"inner"}},"clearTextFirst":true,"interactionType":"ENTER_TEXT"}]}
COMMAND: POST /session/6d94d18c82106ec19b3d8abef7fd5130/execute/async - {"script":"<script> [1562 bytes]","args":[{"selector":{"id":"application-manageresources-display-component---newResourceUnit--DIMENSION_UNIT","interaction":{"idSuffix":"inner"}},"wdio_ui5_key":"applicationmanageresources-display-component---newResourceUnit--DIMENSION_UNIT"}]}
RESULT: {"script":"<script> [1562 bytes]","args":[{"selector":{"id":"application-manageresources-display-component---newResourceUnit--DIMENSION_UNIT","interaction":{"idSuffix":"inner"}},"wdio_ui5_key":"applicationmanageresources-display-component---newResourceUnit--DIMENSION_UNIT"}]}
RESULT: undefined
COMMAND: POST /session/6d94d18c82106ec19b3d8abef7fd5130/execute/async - {"script":"<script> [776 bytes]","args":[{"enterText":"Meter","selector":{"id":"application-manageresources-display-component---newResourceUnit--DIMENSION_UNIT","interaction":{"idSuffix":"inner"}},"clearTextFirst":true,"interactionType":"ENTER_TEXT"}]}
RESULT: {"script":"<script> [776 bytes]","args":[{"enterText":"Meter","selector":{"id":"application-manageresources-display-component---newResourceUnit--DIMENSION_UNIT","interaction":{"idSuffix":"inner"}},"clearTextFirst":true,"interactionType":"ENTER_TEXT"}]}
COMMAND: POST /session/6d94d18c82106ec19b3d8abef7fd5130/execute/async - {"script":"<script> [1562 bytes]","args":[{"selector":{"id":"application-manageresources-display-component---newResourceUnit--newRRUPage-anchBar-application-manageresources-display-component---newResourceUnit--control-anchor","interaction":{"idSuffix":"BDI-content"}},"wdio_ui5_key":"applicationmanageresources-display-component---newResourceUnit--newRRUPage-anchBar-application-manageresources-display-component---newResourceUnit--control-anchor"}]}
RESULT: {"script":"<script> [1562 bytes]","args":[{"selector":{"id":"application-manageresources-display-component---newResourceUnit--newRRUPage-anchBar-application-manageresources-display-component---newResourceUnit--control-anchor","interaction":{"idSuffix":"BDI-content"}},"wdio_ui5_key":"applicationmanageresources-display-component---newResourceUnit--newRRUPage-anchBar-application-manageresources-display-component---newResourceUnit--control-anchor"}]}
RESULT: undefined
COMMAND: POST /session/6d94d18c82106ec19b3d8abef7fd5130/element - {"using":"xpath","value":"//*[@id=\"application-manageresources-display-component---newResourceUnit--newRRUPage-anchBar-application-manageresources-display-component---newResourceUnit--control-anchor\"]"}
RESULT: {"using":"xpath","value":"//*[@id=\"application-manageresources-display-component---newResourceUnit--newRRUPage-anchBar-application-manageresources-display-component---newResourceUnit--control-anchor\"]"}
COMMAND: POST /session/6d94d18c82106ec19b3d8abef7fd5130/element/f.C1D3EA7ECBFCC03A372CAA8AC6DB352F.d.C5C4ED1FC5088124B2D4D803DB89B9CE.e.1522/click - {}
RESULT: {}
COMMAND: POST /session/6d94d18c82106ec19b3d8abef7fd5130/execute/async - {"script":"<script> [1562 bytes]","args":[{"selector":{"id":"application-manageresources-display-component---newResourceUnit--PLANNING_GROUP","interaction":{"idSuffix":"inner"}},"wdio_ui5_key":"applicationmanageresources-display-component---newResourceUnit--PLANNING_GROUP"}]}
COMMAND: GET /session/6d94d18c82106ec19b3d8abef7fd5130/screenshot - {}
RESULT: {"script":"<script> [1562 bytes]","args":[{"selector":{"id":"application-manageresources-display-component---newResourceUnit--PLANNING_GROUP","interaction":{"idSuffix":"inner"}},"wdio_ui5_key":"applicationmanageresources-display-component---newResourceUnit--PLANNING_GROUP"}]}
RESULT: undefined
COMMAND: POST /session/6d94d18c82106ec19b3d8abef7fd5130/execute/async - {"script":"<script> [776 bytes]","args":[{"enterText":"Heavy Equi","selector":{"id":"application-manageresources-display-component---newResourceUnit--PLANNING_GROUP","interaction":{"idSuffix":"inner"}},"clearTextFirst":true,"interactionType":"ENTER_TEXT"}]}
RESULT: {}
RESULT: {"script":"<script> [776 bytes]","args":[{"enterText":"Heavy Equi","selector":{"id":"application-manageresources-display-component---newResourceUnit--PLANNING_GROUP","interaction":{"idSuffix":"inner"}},"clearTextFirst":true,"interactionType":"ENTER_TEXT"}]}
COMMAND: POST /session/6d94d18c82106ec19b3d8abef7fd5130/execute/async - {"script":"<script> [1562 bytes]","args":[{"selector":{"id":"application-manageresources-display-component---newResourceUnit--ITEM_TYPE-arrow"},"wdio_ui5_key":"applicationmanageresources-display-component---newResourceUnit--ITEM_TYPE-arrow"}]}
RESULT: {"script":"<script> [1562 bytes]","args":[{"selector":{"id":"application-manageresources-display-component---newResourceUnit--ITEM_TYPE-arrow"},"wdio_ui5_key":"applicationmanageresources-display-component---newResourceUnit--ITEM_TYPE-arrow"}]}
RESULT: undefined
COMMAND: POST /session/6d94d18c82106ec19b3d8abef7fd5130/element - {"using":"xpath","value":"//*[@id=\"application-manageresources-display-component---newResourceUnit--ITEM_TYPE-arrow\"]"}
RESULT: {"using":"xpath","value":"//*[@id=\"application-manageresources-display-component---newResourceUnit--ITEM_TYPE-arrow\"]"}
COMMAND: POST /session/6d94d18c82106ec19b3d8abef7fd5130/element/f.C1D3EA7ECBFCC03A372CAA8AC6DB352F.d.C5C4ED1FC5088124B2D4D803DB89B9CE.e.1531/click - {}
RESULT: {}
COMMAND: POST /session/6d94d18c82106ec19b3d8abef7fd5130/element - {"using":"xpath","value":"(//span[contains(text(), \"Resource Unit\")])[2]"}
COMMAND: GET /session/6d94d18c82106ec19b3d8abef7fd5130/screenshot - {}
RESULT: {"using":"xpath","value":"(//span[contains(text(), \"Resource Unit\")])[2]"}
COMMAND: POST /session/6d94d18c82106ec19b3d8abef7fd5130/element/f.C1D3EA7ECBFCC03A372CAA8AC6DB352F.d.C5C4ED1FC5088124B2D4D803DB89B9CE.e.1532/click - {}
RESULT: {}
RESULT: {}
COMMAND: GET /session/6d94d18c82106ec19b3d8abef7fd5130/screenshot - {}
RESULT: {}
COMMAND: POST /session/6d94d18c82106ec19b3d8abef7fd5130/element - {"using":"css selector","value":"#application-manageresources-display-component---newResourceUnit--btnAddTimeSegment"}
RESULT: {"using":"css selector","value":"#application-manageresources-display-component---newResourceUnit--btnAddTimeSegment"}
COMMAND: GET /session/6d94d18c82106ec19b3d8abef7fd5130/element/f.C1D3EA7ECBFCC03A372CAA8AC6DB352F.d.C5C4ED1FC5088124B2D4D803DB89B9CE.e.1533/rect - {}
RESULT: {}
COMMAND: GET /session/6d94d18c82106ec19b3d8abef7fd5130/window/rect - {}
RESULT: {}
COMMAND: POST /session/6d94d18c82106ec19b3d8abef7fd5130/execute/sync - {"script":"<script> [92 bytes]","args":[]}
RESULT: {"script":"<script> [92 bytes]","args":[]}
COMMAND: POST /session/6d94d18c82106ec19b3d8abef7fd5130/actions - {"actions":[{"id":"action3","type":"wheel","parameters":{},"actions":[{"type":"scroll","x":-1888,"y":-32,"deltaX":0,"deltaY":0,"duration":0,"origin":{"element-6066-11e4-a52e-4f735466cecf":"f.C1D3EA7ECBFCC03A372CAA8AC6DB352F.d.C5C4ED1FC5088124B2D4D803DB89B9CE.e.1533"}}]}]}
COMMAND: GET /session/6d94d18c82106ec19b3d8abef7fd5130/screenshot - {}
RESULT: {}
COMMAND: POST /session/6d94d18c82106ec19b3d8abef7fd5130/execute/sync - {"script":"<script> [79 bytes]","args":[{"element-6066-11e4-a52e-4f735466cecf":"f.C1D3EA7ECBFCC03A372CAA8AC6DB352F.d.C5C4ED1FC5088124B2D4D803DB89B9CE.e.1533","ELEMENT":"f.C1D3EA7ECBFCC03A372CAA8AC6DB352F.d.C5C4ED1FC5088124B2D4D803DB89B9CE.e.1533"},{"block":"start","inline":"nearest"}]}
RESULT: {"script":"<script> [79 bytes]","args":[{"element-6066-11e4-a52e-4f735466cecf":"f.C1D3EA7ECBFCC03A372CAA8AC6DB352F.d.C5C4ED1FC5088124B2D4D803DB89B9CE.e.1533","ELEMENT":"f.C1D3EA7ECBFCC03A372CAA8AC6DB352F.d.C5C4ED1FC5088124B2D4D803DB89B9CE.e.1533"},{"block":"start","inline":"nearest"}]}
COMMAND: POST /session/6d94d18c82106ec19b3d8abef7fd5130/execute/async - {"script":"<script> [1562 bytes]","args":[{"selector":{"id":"application-manageresources-display-component---newResourceUnit--btnAddTimeSegment","interaction":{"idSuffix":"inner"}},"wdio_ui5_key":"applicationmanageresources-display-component---newResourceUnit--btnAddTimeSegment"}]}
COMMAND: GET /session/6d94d18c82106ec19b3d8abef7fd5130/screenshot - {}
RESULT: {"script":"<script> [1562 bytes]","args":[{"selector":{"id":"application-manageresources-display-component---newResourceUnit--btnAddTimeSegment","interaction":{"idSuffix":"inner"}},"wdio_ui5_key":"applicationmanageresources-display-component---newResourceUnit--btnAddTimeSegment"}]}
RESULT: undefined
COMMAND: POST /session/6d94d18c82106ec19b3d8abef7fd5130/element - {"using":"xpath","value":"//*[@id=\"application-manageresources-display-component---newResourceUnit--btnAddTimeSegment\"]"}
RESULT: {}
RESULT: {"using":"xpath","value":"//*[@id=\"application-manageresources-display-component---newResourceUnit--btnAddTimeSegment\"]"}
COMMAND: POST /session/6d94d18c82106ec19b3d8abef7fd5130/element/f.C1D3EA7ECBFCC03A372CAA8AC6DB352F.d.C5C4ED1FC5088124B2D4D803DB89B9CE.e.1533/click - {}
RESULT: {}
COMMAND: GET /session/6d94d18c82106ec19b3d8abef7fd5130/screenshot - {}
RESULT: {}
COMMAND: POST /session/6d94d18c82106ec19b3d8abef7fd5130/element - {"using":"xpath","value":"//input[@id=\"application-manageresources-display-component---newResourceUnit--idRuTSAdmin-application-manageresources-display-component---newResourceUnit--RUTimeSegment-0-inner\"]"}
RESULT: {"using":"xpath","value":"//input[@id=\"application-manageresources-display-component---newResourceUnit--idRuTSAdmin-application-manageresources-display-component---newResourceUnit--RUTimeSegment-0-inner\"]"}
COMMAND: POST /session/6d94d18c82106ec19b3d8abef7fd5130/element/f.C1D3EA7ECBFCC03A372CAA8AC6DB352F.d.C5C4ED1FC5088124B2D4D803DB89B9CE.e.1539/clear - {}
RESULT: {}
COMMAND: POST /session/6d94d18c82106ec19b3d8abef7fd5130/element/f.C1D3EA7ECBFCC03A372CAA8AC6DB352F.d.C5C4ED1FC5088124B2D4D803DB89B9CE.e.1539/value - {"text":"411"}
COMMAND: GET /session/6d94d18c82106ec19b3d8abef7fd5130/screenshot - {}
RESULT: {"text":"411"}
COMMAND: GET /session/6d94d18c82106ec19b3d8abef7fd5130/screenshot - {}
RESULT: {}
RESULT: {}
COMMAND: POST /session/6d94d18c82106ec19b3d8abef7fd5130/element - {"using":"xpath","value":"//li[.//span[text()='411']]"}
RESULT: {"using":"xpath","value":"//li[.//span[text()='411']]"}
COMMAND: POST /session/6d94d18c82106ec19b3d8abef7fd5130/element/f.C1D3EA7ECBFCC03A372CAA8AC6DB352F.d.C5C4ED1FC5088124B2D4D803DB89B9CE.e.1551/click - {}
RESULT: {}
COMMAND: GET /session/6d94d18c82106ec19b3d8abef7fd5130/screenshot - {}
RESULT: {}
COMMAND: POST /session/6d94d18c82106ec19b3d8abef7fd5130/element - {"using":"xpath","value":"(//span[contains(@id, \"-application-manageresources-display-component---newResourceUnit--RUTimeSegment-0-arrow\")])[6]"}
RESULT: {"using":"xpath","value":"(//span[contains(@id, \"-application-manageresources-display-component---newResourceUnit--RUTimeSegment-0-arrow\")])[6]"}
COMMAND: POST /session/6d94d18c82106ec19b3d8abef7fd5130/element/f.C1D3EA7ECBFCC03A372CAA8AC6DB352F.d.C5C4ED1FC5088124B2D4D803DB89B9CE.e.1552/click - {}
RESULT: {}
COMMAND: POST /session/6d94d18c82106ec19b3d8abef7fd5130/element - {"using":"xpath","value":"//span[contains(text(), \"PM Order\")]"}
COMMAND: GET /session/6d94d18c82106ec19b3d8abef7fd5130/screenshot - {}
RESULT: {"using":"xpath","value":"//span[contains(text(), \"PM Order\")]"}
COMMAND: POST /session/6d94d18c82106ec19b3d8abef7fd5130/element/f.C1D3EA7ECBFCC03A372CAA8AC6DB352F.d.C5C4ED1FC5088124B2D4D803DB89B9CE.e.1555/click - {}
RESULT: {}
RESULT: {}
COMMAND: GET /session/6d94d18c82106ec19b3d8abef7fd5130/screenshot - {}
RESULT: {}
COMMAND: POST /session/6d94d18c82106ec19b3d8abef7fd5130/element - {"using":"xpath","value":"(//span[contains(@id ,\"manageresources-display-component---newResourceUnit--RUTimeSegment-0-vhi\")])[1]"}
RESULT: {"using":"xpath","value":"(//span[contains(@id ,\"manageresources-display-component---newResourceUnit--RUTimeSegment-0-vhi\")])[1]"}
COMMAND: GET /session/6d94d18c82106ec19b3d8abef7fd5130/element/f.C1D3EA7ECBFCC03A372CAA8AC6DB352F.d.C5C4ED1FC5088124B2D4D803DB89B9CE.e.1559/rect - {}
RESULT: {}
COMMAND: GET /session/6d94d18c82106ec19b3d8abef7fd5130/window/rect - {}
RESULT: {}
COMMAND: POST /session/6d94d18c82106ec19b3d8abef7fd5130/execute/sync - {"script":"<script> [92 bytes]","args":[]}
RESULT: {"script":"<script> [92 bytes]","args":[]}
COMMAND: POST /session/6d94d18c82106ec19b3d8abef7fd5130/actions - {"actions":[{"id":"action4","type":"wheel","parameters":{},"actions":[{"type":"scroll","x":-869,"y":-24,"deltaX":0,"deltaY":0,"duration":0,"origin":{"element-6066-11e4-a52e-4f735466cecf":"f.C1D3EA7ECBFCC03A372CAA8AC6DB352F.d.C5C4ED1FC5088124B2D4D803DB89B9CE.e.1559"}}]}]}
COMMAND: GET /session/6d94d18c82106ec19b3d8abef7fd5130/screenshot - {}
RESULT: {"actions":[{"id":"action4","type":"wheel","parameters":{},"actions":[{"type":"scroll","x":-869,"y":-24,"deltaX":0,"deltaY":0,"duration":0,"origin":{"element-6066-11e4-a52e-4f735466cecf":"f.C1D3EA7ECBFCC03A372CAA8AC6DB352F.d.C5C4ED1FC5088124B2D4D803DB89B9CE.e.1559"}}]}]}
COMMAND: DELETE /session/6d94d18c82106ec19b3d8abef7fd5130/actions - {}
COMMAND: GET /session/6d94d18c82106ec19b3d8abef7fd5130/screenshot - {}
RESULT: {}
RESULT: {}
COMMAND: GET /session/6d94d18c82106ec19b3d8abef7fd5130/screenshot - {}
RESULT: {}
RESULT: {}
COMMAND: POST /session/6d94d18c82106ec19b3d8abef7fd5130/element/f.C1D3EA7ECBFCC03A372CAA8AC6DB352F.d.C5C4ED1FC5088124B2D4D803DB89B9CE.e.1559/click - {}
RESULT: {}
COMMAND: GET /session/6d94d18c82106ec19b3d8abef7fd5130/screenshot - {}
RESULT: {}
RESULT: undefined
COMMAND: POST /session/6d94d18c82106ec19b3d8abef7fd5130/execute/async - {"script":"<script> [776 bytes]","args":[{"enterText":"4000360","selector":{"controlType":"sap.m.SearchField","properties":{"placeholder":"Search"},"searchOpenDialogs":true,"interaction":{"idSuffix":"I"}},"clearTextFirst":true,"interactionType":"ENTER_TEXT"}]}
RESULT: {"script":"<script> [776 bytes]","args":[{"enterText":"4000360","selector":{"controlType":"sap.m.SearchField","properties":{"placeholder":"Search"},"searchOpenDialogs":true,"interaction":{"idSuffix":"I"}},"clearTextFirst":true,"interactionType":"ENTER_TEXT"}]}
COMMAND: POST /session/6d94d18c82106ec19b3d8abef7fd5130/actions - {"actions":[{"id":"action5","type":"key","parameters":{},"actions":[{"type":"keyDown","value":"î€‡"},{"type":"pause","duration":10},{"type":"keyUp","value":"î€‡"}]}]}
RESULT: {"actions":[{"id":"action5","type":"key","parameters":{},"actions":[{"type":"keyDown","value":"î€‡"},{"type":"pause","duration":10},{"type":"keyUp","value":"î€‡"}]}]}
COMMAND: GET /session/6d94d18c82106ec19b3d8abef7fd5130/screenshot - {}
RESULT: {}
COMMAND: POST /session/6d94d18c82106ec19b3d8abef7fd5130/element - {"using":"xpath","value":"//td/div/span[contains(text(), \"BGL Vehicles\")]"}
RESULT: {"using":"xpath","value":"//td/div/span[contains(text(), \"BGL Vehicles\")]"}
COMMAND: POST /session/6d94d18c82106ec19b3d8abef7fd5130/element/f.C1D3EA7ECBFCC03A372CAA8AC6DB352F.d.C5C4ED1FC5088124B2D4D803DB89B9CE.e.1579/click - {}
RESULT: {}
COMMAND: GET /session/6d94d18c82106ec19b3d8abef7fd5130/screenshot - {}
RESULT: {}
COMMAND: POST /session/6d94d18c82106ec19b3d8abef7fd5130/element - {"using":"xpath","value":"//bdi[contains(text(), \"OK\")]"}
RESULT: {"using":"xpath","value":"//bdi[contains(text(), \"OK\")]"}
COMMAND: POST /session/6d94d18c82106ec19b3d8abef7fd5130/element/f.C1D3EA7ECBFCC03A372CAA8AC6DB352F.d.C5C4ED1FC5088124B2D4D803DB89B9CE.e.1580/click - {}
RESULT: {}
COMMAND: GET /session/6d94d18c82106ec19b3d8abef7fd5130/screenshot - {}
RESULT: {}
COMMAND: POST /session/6d94d18c82106ec19b3d8abef7fd5130/execute/async - {"script":"<script> [1562 bytes]","args":[{"selector":{"id":"application-manageresources-display-component---newResourceUnit--newRRUPage-anchBar-application-manageresources-display-component---newResourceUnit--resource-anchor","interaction":{"idSuffix":"BDI-content"}},"wdio_ui5_key":"applicationmanageresources-display-component---newResourceUnit--newRRUPage-anchBar-application-manageresources-display-component---newResourceUnit--resource-anchor"}]}
RESULT: {"script":"<script> [1562 bytes]","args":[{"selector":{"id":"application-manageresources-display-component---newResourceUnit--newRRUPage-anchBar-application-manageresources-display-component---newResourceUnit--resource-anchor","interaction":{"idSuffix":"BDI-content"}},"wdio_ui5_key":"applicationmanageresources-display-component---newResourceUnit--newRRUPage-anchBar-application-manageresources-display-component---newResourceUnit--resource-anchor"}]}
RESULT: undefined
COMMAND: POST /session/6d94d18c82106ec19b3d8abef7fd5130/element - {"using":"xpath","value":"//*[@id=\"application-manageresources-display-component---newResourceUnit--newRRUPage-anchBar-application-manageresources-display-component---newResourceUnit--resource-anchor\"]"}
RESULT: {"using":"xpath","value":"//*[@id=\"application-manageresources-display-component---newResourceUnit--newRRUPage-anchBar-application-manageresources-display-component---newResourceUnit--resource-anchor\"]"}
COMMAND: POST /session/6d94d18c82106ec19b3d8abef7fd5130/element/f.C1D3EA7ECBFCC03A372CAA8AC6DB352F.d.C5C4ED1FC5088124B2D4D803DB89B9CE.e.1584/click - {}
RESULT: {}
COMMAND: POST /session/6d94d18c82106ec19b3d8abef7fd5130/execute/async - {"script":"<script> [1562 bytes]","args":[{"selector":{"id":"application-manageresources-display-component---newResourceUnit--PLANNED_DELIVERY_DATE","interaction":{"idSuffix":"inner"}},"wdio_ui5_key":"applicationmanageresources-display-component---newResourceUnit--PLANNED_DELIVERY_DATE"}]}
COMMAND: GET /session/6d94d18c82106ec19b3d8abef7fd5130/screenshot - {}
RESULT: {"script":"<script> [1562 bytes]","args":[{"selector":{"id":"application-manageresources-display-component---newResourceUnit--PLANNED_DELIVERY_DATE","interaction":{"idSuffix":"inner"}},"wdio_ui5_key":"applicationmanageresources-display-component---newResourceUnit--PLANNED_DELIVERY_DATE"}]}
RESULT: undefined
COMMAND: POST /session/6d94d18c82106ec19b3d8abef7fd5130/execute/async - {"script":"<script> [6424 bytes]","args":[{"element-6066-11e4-a52e-4f735466cecf":"f.C1D3EA7ECBFCC03A372CAA8AC6DB352F.d.C5C4ED1FC5088124B2D4D803DB89B9CE.e.1445"},"setValue",["4/29/25"]]}
RESULT: {}
RESULT: {"script":"<script> [6424 bytes]","args":[{"element-6066-11e4-a52e-4f735466cecf":"f.C1D3EA7ECBFCC03A372CAA8AC6DB352F.d.C5C4ED1FC5088124B2D4D803DB89B9CE.e.1445"},"setValue",["4/29/25"]]}
COMMAND: POST /session/6d94d18c82106ec19b3d8abef7fd5130/element - {"using":"xpath","value":"//button[@data-kt=\"resourceUnitSaveButton\"]"}
RESULT: {"using":"xpath","value":"//button[@data-kt=\"resourceUnitSaveButton\"]"}
COMMAND: POST /session/6d94d18c82106ec19b3d8abef7fd5130/element/f.C1D3EA7ECBFCC03A372CAA8AC6DB352F.d.C5C4ED1FC5088124B2D4D803DB89B9CE.e.1406/click - {}
RESULT: {}
COMMAND: GET /session/6d94d18c82106ec19b3d8abef7fd5130/screenshot - {}
RESULT: {}
COMMAND: POST /session/6d94d18c82106ec19b3d8abef7fd5130/element - {"using":"xpath","value":"//bdi[contains(text(), \"Close\")]"}
RESULT: {"using":"xpath","value":"//bdi[contains(text(), \"Close\")]"}
COMMAND: POST /session/6d94d18c82106ec19b3d8abef7fd5130/element/f.C1D3EA7ECBFCC03A372CAA8AC6DB352F.d.C5C4ED1FC5088124B2D4D803DB89B9CE.e.1594/click - {}
RESULT: {}
COMMAND: GET /session/6d94d18c82106ec19b3d8abef7fd5130/screenshot - {}
RESULT: {}
COMMAND: POST /session/6d94d18c82106ec19b3d8abef7fd5130/element - {"using":"xpath","value":"(//button[contains(@id ,\"actionsToolbar-overflowButton\")])[1]"}
RESULT: {"using":"xpath","value":"(//button[contains(@id ,\"actionsToolbar-overflowButton\")])[1]"}
COMMAND: POST /session/6d94d18c82106ec19b3d8abef7fd5130/element/f.C1D3EA7ECBFCC03A372CAA8AC6DB352F.d.C5C4ED1FC5088124B2D4D803DB89B9CE.e.1626/click - {}
RESULT: {}
COMMAND: GET /session/6d94d18c82106ec19b3d8abef7fd5130/screenshot - {}
RESULT: {}
COMMAND: POST /session/6d94d18c82106ec19b3d8abef7fd5130/element - {"using":"xpath","value":"//button[@data-kt=\"priceInfoButton\"]"}
RESULT: {"using":"xpath","value":"//button[@data-kt=\"priceInfoButton\"]"}
COMMAND: POST /session/6d94d18c82106ec19b3d8abef7fd5130/element/f.C1D3EA7ECBFCC03A372CAA8AC6DB352F.d.C5C4ED1FC5088124B2D4D803DB89B9CE.e.1628/click - {}
RESULT: {}
COMMAND: GET /session/6d94d18c82106ec19b3d8abef7fd5130/screenshot - {}
RESULT: {}
COMMAND: POST /session/6d94d18c82106ec19b3d8abef7fd5130/element - {"using":"css selector","value":"#shell-header-logo"}
RESULT: {"using":"css selector","value":"#shell-header-logo"}
COMMAND: POST /session/6d94d18c82106ec19b3d8abef7fd5130/element/f.C1D3EA7ECBFCC03A372CAA8AC6DB352F.d.C5C4ED1FC5088124B2D4D803DB89B9CE.e.999/click - {}
RESULT: {}
COMMAND: GET /session/6d94d18c82106ec19b3d8abef7fd5130/screenshot - {}
]]></system-out>
    </testcase>
    <testcase classname="chrome.135_0_7049_96.windows.Create_condition_pricing_US117289_US134625" name="Should create new condition" time="67.847">
      <system-out><![CDATA[
COMMAND: POST /session/6d94d18c82106ec19b3d8abef7fd5130/execute/async - {"script":"<script> [1562 bytes]","args":[{"selector":{"controlType":"sap.m.Text","properties":{"text":"Manage Conditions & Prices"},"interaction":{"idSuffix":"inner"}},"wdio_ui5_key":"sapm.Text{\"text\":\"Manage Conditions & Prices\"}"}]}
RESULT: {"script":"<script> [1562 bytes]","args":[{"selector":{"controlType":"sap.m.Text","properties":{"text":"Manage Conditions & Prices"},"interaction":{"idSuffix":"inner"}},"wdio_ui5_key":"sapm.Text{\"text\":\"Manage Conditions & Prices\"}"}]}
RESULT: undefined
COMMAND: POST /session/6d94d18c82106ec19b3d8abef7fd5130/element - {"using":"xpath","value":"//*[@id=\"__tile53-title\"]"}
RESULT: {}
RESULT: {"using":"xpath","value":"//*[@id=\"__tile53-title\"]"}
COMMAND: POST /session/6d94d18c82106ec19b3d8abef7fd5130/element/f.C1D3EA7ECBFCC03A372CAA8AC6DB352F.d.C5C4ED1FC5088124B2D4D803DB89B9CE.e.1667/click - {}
RESULT: {}
COMMAND: POST /session/6d94d18c82106ec19b3d8abef7fd5130/element - {"using":"xpath","value":"//button[@aria-label=\"Create\"]"}
COMMAND: GET /session/6d94d18c82106ec19b3d8abef7fd5130/screenshot - {}
RESULT: {"using":"xpath","value":"//button[@aria-label=\"Create\"]"}
COMMAND: POST /session/6d94d18c82106ec19b3d8abef7fd5130/elements - {"using":"xpath","value":"//button[@aria-label=\"Create\"]"}
RESULT: {}
RESULT: {"using":"xpath","value":"//button[@aria-label=\"Create\"]"}
COMMAND: POST /session/6d94d18c82106ec19b3d8abef7fd5130/elements - {"using":"xpath","value":"//button[@aria-label=\"Create\"]"}
RESULT: {"using":"xpath","value":"//button[@aria-label=\"Create\"]"}
COMMAND: POST /session/6d94d18c82106ec19b3d8abef7fd5130/elements - {"using":"xpath","value":"//button[@aria-label=\"Create\"]"}
RESULT: {"using":"xpath","value":"//button[@aria-label=\"Create\"]"}
COMMAND: POST /session/6d94d18c82106ec19b3d8abef7fd5130/elements - {"using":"xpath","value":"//button[@aria-label=\"Create\"]"}
RESULT: {"using":"xpath","value":"//button[@aria-label=\"Create\"]"}
COMMAND: POST /session/6d94d18c82106ec19b3d8abef7fd5130/elements - {"using":"xpath","value":"//button[@aria-label=\"Create\"]"}
RESULT: {"using":"xpath","value":"//button[@aria-label=\"Create\"]"}
COMMAND: POST /session/6d94d18c82106ec19b3d8abef7fd5130/element - {"using":"xpath","value":"//button[@aria-label=\"Create\"]"}
RESULT: {"using":"xpath","value":"//button[@aria-label=\"Create\"]"}
COMMAND: POST /session/6d94d18c82106ec19b3d8abef7fd5130/execute/sync - {"script":"<script> [8489 bytes]","args":[{"element-6066-11e4-a52e-4f735466cecf":"f.C1D3EA7ECBFCC03A372CAA8AC6DB352F.d.C5C4ED1FC5088124B2D4D803DB89B9CE.e.1702","ELEMENT":"f.C1D3EA7ECBFCC03A372CAA8AC6DB352F.d.C5C4ED1FC5088124B2D4D803DB89B9CE.e.1702"}]}
RESULT: {"script":"<script> [8489 bytes]","args":[{"element-6066-11e4-a52e-4f735466cecf":"f.C1D3EA7ECBFCC03A372CAA8AC6DB352F.d.C5C4ED1FC5088124B2D4D803DB89B9CE.e.1702","ELEMENT":"f.C1D3EA7ECBFCC03A372CAA8AC6DB352F.d.C5C4ED1FC5088124B2D4D803DB89B9CE.e.1702"}]}
COMMAND: GET /session/6d94d18c82106ec19b3d8abef7fd5130/element/f.C1D3EA7ECBFCC03A372CAA8AC6DB352F.d.C5C4ED1FC5088124B2D4D803DB89B9CE.e.1702/enabled - {}
COMMAND: GET /session/6d94d18c82106ec19b3d8abef7fd5130/screenshot - {}
RESULT: {}
COMMAND: POST /session/6d94d18c82106ec19b3d8abef7fd5130/execute/sync - {"script":"<script> [8489 bytes]","args":[{"element-6066-11e4-a52e-4f735466cecf":"f.C1D3EA7ECBFCC03A372CAA8AC6DB352F.d.C5C4ED1FC5088124B2D4D803DB89B9CE.e.1702","ELEMENT":"f.C1D3EA7ECBFCC03A372CAA8AC6DB352F.d.C5C4ED1FC5088124B2D4D803DB89B9CE.e.1702"}]}
COMMAND: GET /session/6d94d18c82106ec19b3d8abef7fd5130/screenshot - {}
RESULT: {}
RESULT: {"script":"<script> [8489 bytes]","args":[{"element-6066-11e4-a52e-4f735466cecf":"f.C1D3EA7ECBFCC03A372CAA8AC6DB352F.d.C5C4ED1FC5088124B2D4D803DB89B9CE.e.1702","ELEMENT":"f.C1D3EA7ECBFCC03A372CAA8AC6DB352F.d.C5C4ED1FC5088124B2D4D803DB89B9CE.e.1702"}]}
COMMAND: POST /session/6d94d18c82106ec19b3d8abef7fd5130/execute/sync - {"script":"<script> [5351 bytes]","args":[{"element-6066-11e4-a52e-4f735466cecf":"f.C1D3EA7ECBFCC03A372CAA8AC6DB352F.d.C5C4ED1FC5088124B2D4D803DB89B9CE.e.1702","ELEMENT":"f.C1D3EA7ECBFCC03A372CAA8AC6DB352F.d.C5C4ED1FC5088124B2D4D803DB89B9CE.e.1702"}]}
COMMAND: GET /session/6d94d18c82106ec19b3d8abef7fd5130/screenshot - {}
RESULT: {}
RESULT: {"script":"<script> [5351 bytes]","args":[{"element-6066-11e4-a52e-4f735466cecf":"f.C1D3EA7ECBFCC03A372CAA8AC6DB352F.d.C5C4ED1FC5088124B2D4D803DB89B9CE.e.1702","ELEMENT":"f.C1D3EA7ECBFCC03A372CAA8AC6DB352F.d.C5C4ED1FC5088124B2D4D803DB89B9CE.e.1702"}]}
COMMAND: POST /session/6d94d18c82106ec19b3d8abef7fd5130/element/f.C1D3EA7ECBFCC03A372CAA8AC6DB352F.d.C5C4ED1FC5088124B2D4D803DB89B9CE.e.1702/click - {}
COMMAND: GET /session/6d94d18c82106ec19b3d8abef7fd5130/screenshot - {}
RESULT: {}
RESULT: {}
COMMAND: GET /session/6d94d18c82106ec19b3d8abef7fd5130/screenshot - {}
RESULT: {}
RESULT: {}
COMMAND: POST /session/6d94d18c82106ec19b3d8abef7fd5130/actions - {"actions":[{"id":"action6","type":"key","parameters":{},"actions":[{"type":"keyDown","value":"î€‡"},{"type":"pause","duration":10},{"type":"keyUp","value":"î€‡"}]}]}
RESULT: {"actions":[{"id":"action6","type":"key","parameters":{},"actions":[{"type":"keyDown","value":"î€‡"},{"type":"pause","duration":10},{"type":"keyUp","value":"î€‡"}]}]}
COMMAND: GET /session/6d94d18c82106ec19b3d8abef7fd5130/screenshot - {}
RESULT: {}
COMMAND: POST /session/6d94d18c82106ec19b3d8abef7fd5130/execute/async - {"script":"<script> [1562 bytes]","args":[{"selector":{"id":"application-manageconditionprice-display-component---newCondition--condBillCond-arrow"},"wdio_ui5_key":"applicationmanageconditionprice-display-component---newCondition--condBillCond-arrow"}]}
RESULT: {"script":"<script> [1562 bytes]","args":[{"selector":{"id":"application-manageconditionprice-display-component---newCondition--condBillCond-arrow"},"wdio_ui5_key":"applicationmanageconditionprice-display-component---newCondition--condBillCond-arrow"}]}
RESULT: undefined
COMMAND: POST /session/6d94d18c82106ec19b3d8abef7fd5130/element - {"using":"xpath","value":"//*[@id=\"application-manageconditionprice-display-component---newCondition--condBillCond-arrow\"]"}
RESULT: {"using":"xpath","value":"//*[@id=\"application-manageconditionprice-display-component---newCondition--condBillCond-arrow\"]"}
COMMAND: POST /session/6d94d18c82106ec19b3d8abef7fd5130/element/f.C1D3EA7ECBFCC03A372CAA8AC6DB352F.d.C5C4ED1FC5088124B2D4D803DB89B9CE.e.1879/click - {}
RESULT: {}
COMMAND: GET /session/6d94d18c82106ec19b3d8abef7fd5130/screenshot - {}
RESULT: {}
COMMAND: POST /session/6d94d18c82106ec19b3d8abef7fd5130/element - {"using":"xpath","value":"//li[.//span[contains(text(), \"SAPR - Sales price\")]]"}
RESULT: {"using":"xpath","value":"//li[.//span[contains(text(), \"SAPR - Sales price\")]]"}
COMMAND: POST /session/6d94d18c82106ec19b3d8abef7fd5130/element/f.C1D3EA7ECBFCC03A372CAA8AC6DB352F.d.C5C4ED1FC5088124B2D4D803DB89B9CE.e.1882/click - {}
RESULT: {}
COMMAND: GET /session/6d94d18c82106ec19b3d8abef7fd5130/screenshot - {}
RESULT: {}
COMMAND: POST /session/6d94d18c82106ec19b3d8abef7fd5130/execute/async - {"script":"<script> [1562 bytes]","args":[{"selector":{"id":"application-manageconditionprice-display-component---newCondition--condValidTo","interaction":{"idSuffix":"inner"}},"wdio_ui5_key":"applicationmanageconditionprice-display-component---newCondition--condValidTo"}]}
RESULT: {"script":"<script> [1562 bytes]","args":[{"selector":{"id":"application-manageconditionprice-display-component---newCondition--condValidTo","interaction":{"idSuffix":"inner"}},"wdio_ui5_key":"applicationmanageconditionprice-display-component---newCondition--condValidTo"}]}
RESULT: undefined
COMMAND: POST /session/6d94d18c82106ec19b3d8abef7fd5130/execute/async - {"script":"<script> [776 bytes]","args":[{"enterText":"12/29/25","selector":{"id":"application-manageconditionprice-display-component---newCondition--condValidTo","interaction":{"idSuffix":"inner"}},"clearTextFirst":true,"interactionType":"ENTER_TEXT"}]}
RESULT: {"script":"<script> [776 bytes]","args":[{"enterText":"12/29/25","selector":{"id":"application-manageconditionprice-display-component---newCondition--condValidTo","interaction":{"idSuffix":"inner"}},"clearTextFirst":true,"interactionType":"ENTER_TEXT"}]}
COMMAND: POST /session/6d94d18c82106ec19b3d8abef7fd5130/element - {"using":"xpath","value":"//input[@id=\"application-manageconditionprice-display-component---newCondition--condRU-inner\"]"}
RESULT: {"using":"xpath","value":"//input[@id=\"application-manageconditionprice-display-component---newCondition--condRU-inner\"]"}
COMMAND: POST /session/6d94d18c82106ec19b3d8abef7fd5130/element/f.C1D3EA7ECBFCC03A372CAA8AC6DB352F.d.C5C4ED1FC5088124B2D4D803DB89B9CE.e.1743/clear - {}
RESULT: {}
COMMAND: POST /session/6d94d18c82106ec19b3d8abef7fd5130/element/f.C1D3EA7ECBFCC03A372CAA8AC6DB352F.d.C5C4ED1FC5088124B2D4D803DB89B9CE.e.1743/value - {"text":"mlqTvN89oj"}
COMMAND: GET /session/6d94d18c82106ec19b3d8abef7fd5130/screenshot - {}
RESULT: {"text":"mlqTvN89oj"}
COMMAND: GET /session/6d94d18c82106ec19b3d8abef7fd5130/screenshot - {}
RESULT: {}
RESULT: {}
COMMAND: POST /session/6d94d18c82106ec19b3d8abef7fd5130/actions - {"actions":[{"id":"action7","type":"key","parameters":{},"actions":[{"type":"keyDown","value":"î€‡"},{"type":"pause","duration":10},{"type":"keyUp","value":"î€‡"}]}]}
RESULT: {"actions":[{"id":"action7","type":"key","parameters":{},"actions":[{"type":"keyDown","value":"î€‡"},{"type":"pause","duration":10},{"type":"keyUp","value":"î€‡"}]}]}
COMMAND: POST /session/6d94d18c82106ec19b3d8abef7fd5130/execute/async - {"script":"<script> [1562 bytes]","args":[{"selector":{"id":"application-manageconditionprice-display-component---newCondition--condBaseQty","interaction":{"idSuffix":"inner"}},"wdio_ui5_key":"applicationmanageconditionprice-display-component---newCondition--condBaseQty"}]}
COMMAND: GET /session/6d94d18c82106ec19b3d8abef7fd5130/screenshot - {}
RESULT: {"script":"<script> [1562 bytes]","args":[{"selector":{"id":"application-manageconditionprice-display-component---newCondition--condBaseQty","interaction":{"idSuffix":"inner"}},"wdio_ui5_key":"applicationmanageconditionprice-display-component---newCondition--condBaseQty"}]}
RESULT: undefined
COMMAND: POST /session/6d94d18c82106ec19b3d8abef7fd5130/execute/async - {"script":"<script> [776 bytes]","args":[{"enterText":"1","selector":{"id":"application-manageconditionprice-display-component---newCondition--condBaseQty","interaction":{"idSuffix":"inner"}},"clearTextFirst":true,"interactionType":"ENTER_TEXT"}]}
RESULT: {}
RESULT: {"script":"<script> [776 bytes]","args":[{"enterText":"1","selector":{"id":"application-manageconditionprice-display-component---newCondition--condBaseQty","interaction":{"idSuffix":"inner"}},"clearTextFirst":true,"interactionType":"ENTER_TEXT"}]}
COMMAND: POST /session/6d94d18c82106ec19b3d8abef7fd5130/execute/async - {"script":"<script> [1562 bytes]","args":[{"selector":{"id":"application-manageconditionprice-display-component---newCondition--condValue","interaction":{"idSuffix":"inner"}},"wdio_ui5_key":"applicationmanageconditionprice-display-component---newCondition--condValue"}]}
RESULT: {"script":"<script> [1562 bytes]","args":[{"selector":{"id":"application-manageconditionprice-display-component---newCondition--condValue","interaction":{"idSuffix":"inner"}},"wdio_ui5_key":"applicationmanageconditionprice-display-component---newCondition--condValue"}]}
RESULT: undefined
COMMAND: POST /session/6d94d18c82106ec19b3d8abef7fd5130/execute/async - {"script":"<script> [776 bytes]","args":[{"enterText":"200","selector":{"id":"application-manageconditionprice-display-component---newCondition--condValue","interaction":{"idSuffix":"inner"}},"clearTextFirst":true,"interactionType":"ENTER_TEXT"}]}
RESULT: {"script":"<script> [776 bytes]","args":[{"enterText":"200","selector":{"id":"application-manageconditionprice-display-component---newCondition--condValue","interaction":{"idSuffix":"inner"}},"clearTextFirst":true,"interactionType":"ENTER_TEXT"}]}
COMMAND: POST /session/6d94d18c82106ec19b3d8abef7fd5130/execute/async - {"script":"<script> [1562 bytes]","args":[{"selector":{"id":"application-manageconditionprice-display-component---newCondition--condCurr-arrow"},"wdio_ui5_key":"applicationmanageconditionprice-display-component---newCondition--condCurr-arrow"}]}
RESULT: {"script":"<script> [1562 bytes]","args":[{"selector":{"id":"application-manageconditionprice-display-component---newCondition--condCurr-arrow"},"wdio_ui5_key":"applicationmanageconditionprice-display-component---newCondition--condCurr-arrow"}]}
RESULT: undefined
COMMAND: POST /session/6d94d18c82106ec19b3d8abef7fd5130/element - {"using":"xpath","value":"//*[@id=\"application-manageconditionprice-display-component---newCondition--condCurr-arrow\"]"}
RESULT: {"using":"xpath","value":"//*[@id=\"application-manageconditionprice-display-component---newCondition--condCurr-arrow\"]"}
COMMAND: POST /session/6d94d18c82106ec19b3d8abef7fd5130/element/f.C1D3EA7ECBFCC03A372CAA8AC6DB352F.d.C5C4ED1FC5088124B2D4D803DB89B9CE.e.1863/click - {}
RESULT: {}
COMMAND: POST /session/6d94d18c82106ec19b3d8abef7fd5130/element - {"using":"xpath","value":"//span[contains(text(), \"Euro\")]"}
COMMAND: GET /session/6d94d18c82106ec19b3d8abef7fd5130/screenshot - {}
RESULT: {"using":"xpath","value":"//span[contains(text(), \"Euro\")]"}
COMMAND: POST /session/6d94d18c82106ec19b3d8abef7fd5130/element/f.C1D3EA7ECBFCC03A372CAA8AC6DB352F.d.C5C4ED1FC5088124B2D4D803DB89B9CE.e.1920/click - {}
RESULT: {}
RESULT: {}
COMMAND: POST /session/6d94d18c82106ec19b3d8abef7fd5130/element - {"using":"xpath","value":"//button[@data-kt=\"saveButton\"]"}
COMMAND: GET /session/6d94d18c82106ec19b3d8abef7fd5130/screenshot - {}
RESULT: {"using":"xpath","value":"//button[@data-kt=\"saveButton\"]"}
COMMAND: POST /session/6d94d18c82106ec19b3d8abef7fd5130/element/f.C1D3EA7ECBFCC03A372CAA8AC6DB352F.d.C5C4ED1FC5088124B2D4D803DB89B9CE.e.1864/click - {}
RESULT: {}
RESULT: {}
COMMAND: GET /session/6d94d18c82106ec19b3d8abef7fd5130/screenshot - {}
RESULT: {}
COMMAND: POST /session/6d94d18c82106ec19b3d8abef7fd5130/execute/async - {"script":"<script> [1562 bytes]","args":[{"selector":{"id":"application-manageconditionprice-display-component---conditions--smartFilterBar-btnBasicSearch","interaction":{"idSuffix":"I"}},"wdio_ui5_key":"applicationmanageconditionprice-display-component---conditions--smartFilterBar-btnBasicSearch"}]}
RESULT: {"script":"<script> [1562 bytes]","args":[{"selector":{"id":"application-manageconditionprice-display-component---conditions--smartFilterBar-btnBasicSearch","interaction":{"idSuffix":"I"}},"wdio_ui5_key":"applicationmanageconditionprice-display-component---conditions--smartFilterBar-btnBasicSearch"}]}
RESULT: undefined
COMMAND: POST /session/6d94d18c82106ec19b3d8abef7fd5130/execute/async - {"script":"<script> [776 bytes]","args":[{"enterText":"mlqTvN89oj","selector":{"id":"application-manageconditionprice-display-component---conditions--smartFilterBar-btnBasicSearch","interaction":{"idSuffix":"I"}},"clearTextFirst":true,"interactionType":"ENTER_TEXT"}]}
RESULT: {"script":"<script> [776 bytes]","args":[{"enterText":"mlqTvN89oj","selector":{"id":"application-manageconditionprice-display-component---conditions--smartFilterBar-btnBasicSearch","interaction":{"idSuffix":"I"}},"clearTextFirst":true,"interactionType":"ENTER_TEXT"}]}
COMMAND: POST /session/6d94d18c82106ec19b3d8abef7fd5130/actions - {"actions":[{"id":"action8","type":"key","parameters":{},"actions":[{"type":"keyDown","value":"î€‡"},{"type":"pause","duration":10},{"type":"keyUp","value":"î€‡"}]}]}
RESULT: {"actions":[{"id":"action8","type":"key","parameters":{},"actions":[{"type":"keyDown","value":"î€‡"},{"type":"pause","duration":10},{"type":"keyUp","value":"î€‡"}]}]}
COMMAND: GET /session/6d94d18c82106ec19b3d8abef7fd5130/screenshot - {}
RESULT: {}
COMMAND: POST /session/6d94d18c82106ec19b3d8abef7fd5130/execute/async - {"script":"<script> [1562 bytes]","args":[{"selector":{"id":"application-manageconditionprice-display-component---conditions--smartFilterBar-filterItemControl_BASIC-BILL_TYPES-vhi"},"wdio_ui5_key":"applicationmanageconditionprice-display-component---conditions--smartFilterBar-filterItemControl_BASIC-BILL_TYPES-vhi"}]}
RESULT: {"script":"<script> [1562 bytes]","args":[{"selector":{"id":"application-manageconditionprice-display-component---conditions--smartFilterBar-filterItemControl_BASIC-BILL_TYPES-vhi"},"wdio_ui5_key":"applicationmanageconditionprice-display-component---conditions--smartFilterBar-filterItemControl_BASIC-BILL_TYPES-vhi"}]}
RESULT: undefined
COMMAND: POST /session/6d94d18c82106ec19b3d8abef7fd5130/element - {"using":"xpath","value":"//*[@id=\"application-manageconditionprice-display-component---conditions--smartFilterBar-filterItemControl_BASIC-BILL_TYPES-vhi\"]"}
RESULT: {"using":"xpath","value":"//*[@id=\"application-manageconditionprice-display-component---conditions--smartFilterBar-filterItemControl_BASIC-BILL_TYPES-vhi\"]"}
COMMAND: POST /session/6d94d18c82106ec19b3d8abef7fd5130/element/f.C1D3EA7ECBFCC03A372CAA8AC6DB352F.d.C5C4ED1FC5088124B2D4D803DB89B9CE.e.1937/click - {}
RESULT: {}
COMMAND: POST /session/6d94d18c82106ec19b3d8abef7fd5130/execute/async - {"script":"<script> [1562 bytes]","args":[{"selector":{"id":"application-manageconditionprice-display-component---conditions--smartFilterBar-filterItemControl_BASIC-BILL_TYPES-valueHelpDialog-smartFilterBar-btnBasicSearch","searchOpenDialogs":true,"interaction":{"idSuffix":"I"}},"wdio_ui5_key":"applicationmanageconditionprice-display-component---conditions--smartFilterBar-filterItemControl_BASIC-BILL_TYPES-valueHelpDialog-smartFilterBar-btnBasicSearch"}]}
COMMAND: GET /session/6d94d18c82106ec19b3d8abef7fd5130/screenshot - {}
RESULT: {"script":"<script> [1562 bytes]","args":[{"selector":{"id":"application-manageconditionprice-display-component---conditions--smartFilterBar-filterItemControl_BASIC-BILL_TYPES-valueHelpDialog-smartFilterBar-btnBasicSearch","searchOpenDialogs":true,"interaction":{"idSuffix":"I"}},"wdio_ui5_key":"applicationmanageconditionprice-display-component---conditions--smartFilterBar-filterItemControl_BASIC-BILL_TYPES-valueHelpDialog-smartFilterBar-btnBasicSearch"}]}
RESULT: undefined
COMMAND: POST /session/6d94d18c82106ec19b3d8abef7fd5130/execute/async - {"script":"<script> [776 bytes]","args":[{"enterText":"one","selector":{"id":"application-manageconditionprice-display-component---conditions--smartFilterBar-filterItemControl_BASIC-BILL_TYPES-valueHelpDialog-smartFilterBar-btnBasicSearch","searchOpenDialogs":true,"interaction":{"idSuffix":"I"}},"clearTextFirst":true,"interactionType":"ENTER_TEXT"}]}
RESULT: {}
RESULT: {"script":"<script> [776 bytes]","args":[{"enterText":"one","selector":{"id":"application-manageconditionprice-display-component---conditions--smartFilterBar-filterItemControl_BASIC-BILL_TYPES-valueHelpDialog-smartFilterBar-btnBasicSearch","searchOpenDialogs":true,"interaction":{"idSuffix":"I"}},"clearTextFirst":true,"interactionType":"ENTER_TEXT"}]}
COMMAND: POST /session/6d94d18c82106ec19b3d8abef7fd5130/actions - {"actions":[{"id":"action9","type":"key","parameters":{},"actions":[{"type":"keyDown","value":"î€‡"},{"type":"pause","duration":10},{"type":"keyUp","value":"î€‡"}]}]}
RESULT: {"actions":[{"id":"action9","type":"key","parameters":{},"actions":[{"type":"keyDown","value":"î€‡"},{"type":"pause","duration":10},{"type":"keyUp","value":"î€‡"}]}]}
COMMAND: GET /session/6d94d18c82106ec19b3d8abef7fd5130/screenshot - {}
RESULT: {}
COMMAND: POST /session/6d94d18c82106ec19b3d8abef7fd5130/element - {"using":"xpath","value":"//div[contains(@id, 'application-manageconditionprice-display-component---conditions--smartFilterBar-filterItemControl_BASIC-BILL_TYPES-valueHelpDialog-table-rowsel0')]"}
RESULT: {"using":"xpath","value":"//div[contains(@id, 'application-manageconditionprice-display-component---conditions--smartFilterBar-filterItemControl_BASIC-BILL_TYPES-valueHelpDialog-table-rowsel0')]"}
COMMAND: POST /session/6d94d18c82106ec19b3d8abef7fd5130/element/f.C1D3EA7ECBFCC03A372CAA8AC6DB352F.d.C5C4ED1FC5088124B2D4D803DB89B9CE.e.1946/click - {}
RESULT: {}
COMMAND: GET /session/6d94d18c82106ec19b3d8abef7fd5130/screenshot - {}
RESULT: {}
COMMAND: POST /session/6d94d18c82106ec19b3d8abef7fd5130/element - {"using":"xpath","value":"//bdi[contains(text(), \"OK\")]"}
RESULT: {"using":"xpath","value":"//bdi[contains(text(), \"OK\")]"}
COMMAND: POST /session/6d94d18c82106ec19b3d8abef7fd5130/element/f.C1D3EA7ECBFCC03A372CAA8AC6DB352F.d.C5C4ED1FC5088124B2D4D803DB89B9CE.e.1948/click - {}
RESULT: {}
COMMAND: GET /session/6d94d18c82106ec19b3d8abef7fd5130/screenshot - {}
RESULT: {}
COMMAND: POST /session/6d94d18c82106ec19b3d8abef7fd5130/element - {"using":"xpath","value":"//span[@id=\"application-manageconditionprice-display-component---conditions--smartTable-header-inner\"]"}
RESULT: {"using":"xpath","value":"//span[@id=\"application-manageconditionprice-display-component---conditions--smartTable-header-inner\"]"}
COMMAND: POST /session/6d94d18c82106ec19b3d8abef7fd5130/elements - {"using":"xpath","value":"//span[@id=\"application-manageconditionprice-display-component---conditions--smartTable-header-inner\"]"}
RESULT: {"using":"xpath","value":"//span[@id=\"application-manageconditionprice-display-component---conditions--smartTable-header-inner\"]"}
COMMAND: POST /session/6d94d18c82106ec19b3d8abef7fd5130/execute/sync - {"script":"<script> [56 bytes]","args":[{"element-6066-11e4-a52e-4f735466cecf":"f.C1D3EA7ECBFCC03A372CAA8AC6DB352F.d.C5C4ED1FC5088124B2D4D803DB89B9CE.e.1951","ELEMENT":"f.C1D3EA7ECBFCC03A372CAA8AC6DB352F.d.C5C4ED1FC5088124B2D4D803DB89B9CE.e.1951"}]}
RESULT: {"script":"<script> [56 bytes]","args":[{"element-6066-11e4-a52e-4f735466cecf":"f.C1D3EA7ECBFCC03A372CAA8AC6DB352F.d.C5C4ED1FC5088124B2D4D803DB89B9CE.e.1951","ELEMENT":"f.C1D3EA7ECBFCC03A372CAA8AC6DB352F.d.C5C4ED1FC5088124B2D4D803DB89B9CE.e.1951"}]}
COMMAND: POST /session/6d94d18c82106ec19b3d8abef7fd5130/element - {"using":"css selector","value":"#shell-header-logo"}
COMMAND: GET /session/6d94d18c82106ec19b3d8abef7fd5130/screenshot - {}
RESULT: {"using":"css selector","value":"#shell-header-logo"}
COMMAND: POST /session/6d94d18c82106ec19b3d8abef7fd5130/element/f.C1D3EA7ECBFCC03A372CAA8AC6DB352F.d.C5C4ED1FC5088124B2D4D803DB89B9CE.e.1670/click - {}
RESULT: {}
RESULT: {}
COMMAND: GET /session/6d94d18c82106ec19b3d8abef7fd5130/screenshot - {}
RESULT: {}
COMMAND: POST /session/6d94d18c82106ec19b3d8abef7fd5130/element - {"using":"css selector","value":"#j_username"}
COMMAND: POST /session/6d94d18c82106ec19b3d8abef7fd5130/url - {"url":"https://qa-testing-00-live-etm-ui.cfapps.eu10-004.hana.ondemand.com/"}
RESULT: {"using":"css selector","value":"#j_username"}
COMMAND: POST /session/6d94d18c82106ec19b3d8abef7fd5130/element - {"using":"css selector","value":"#j_username"}
RESULT: {"url":"https://qa-testing-00-live-etm-ui.cfapps.eu10-004.hana.ondemand.com/"}
RESULT: undefined
COMMAND: GET /session/6d94d18c82106ec19b3d8abef7fd5130/screenshot - {}
RESULT: {"using":"css selector","value":"#j_username"}
COMMAND: POST /session/6d94d18c82106ec19b3d8abef7fd5130/element - {"using":"css selector","value":"#shell-header-logo"}
RESULT: {}
RESULT: {"using":"css selector","value":"#shell-header-logo"}
COMMAND: POST /session/6d94d18c82106ec19b3d8abef7fd5130/execute/sync - {"script":"<script> [8489 bytes]","args":[{"element-6066-11e4-a52e-4f735466cecf":"f.C1D3EA7ECBFCC03A372CAA8AC6DB352F.d.43B7476AED212E04EDA8EC5DDE4006AB.e.1961","ELEMENT":"f.C1D3EA7ECBFCC03A372CAA8AC6DB352F.d.43B7476AED212E04EDA8EC5DDE4006AB.e.1961"}]}
RESULT: {"script":"<script> [8489 bytes]","args":[{"element-6066-11e4-a52e-4f735466cecf":"f.C1D3EA7ECBFCC03A372CAA8AC6DB352F.d.43B7476AED212E04EDA8EC5DDE4006AB.e.1961","ELEMENT":"f.C1D3EA7ECBFCC03A372CAA8AC6DB352F.d.43B7476AED212E04EDA8EC5DDE4006AB.e.1961"}]}
COMMAND: POST /session/6d94d18c82106ec19b3d8abef7fd5130/element - {"using":"css selector","value":"#shell-header-logo"}
COMMAND: GET /session/6d94d18c82106ec19b3d8abef7fd5130/screenshot - {}
RESULT: {"using":"css selector","value":"#shell-header-logo"}
COMMAND: POST /session/6d94d18c82106ec19b3d8abef7fd5130/execute/sync - {"script":"<script> [8489 bytes]","args":[{"element-6066-11e4-a52e-4f735466cecf":"f.C1D3EA7ECBFCC03A372CAA8AC6DB352F.d.43B7476AED212E04EDA8EC5DDE4006AB.e.1961","ELEMENT":"f.C1D3EA7ECBFCC03A372CAA8AC6DB352F.d.43B7476AED212E04EDA8EC5DDE4006AB.e.1961"}]}
RESULT: {}
RESULT: {"script":"<script> [8489 bytes]","args":[{"element-6066-11e4-a52e-4f735466cecf":"f.C1D3EA7ECBFCC03A372CAA8AC6DB352F.d.43B7476AED212E04EDA8EC5DDE4006AB.e.1961","ELEMENT":"f.C1D3EA7ECBFCC03A372CAA8AC6DB352F.d.43B7476AED212E04EDA8EC5DDE4006AB.e.1961"}]}
COMMAND: POST /session/6d94d18c82106ec19b3d8abef7fd5130/execute/sync - {"script":"<script> [5351 bytes]","args":[{"element-6066-11e4-a52e-4f735466cecf":"f.C1D3EA7ECBFCC03A372CAA8AC6DB352F.d.43B7476AED212E04EDA8EC5DDE4006AB.e.1961","ELEMENT":"f.C1D3EA7ECBFCC03A372CAA8AC6DB352F.d.43B7476AED212E04EDA8EC5DDE4006AB.e.1961"}]}
COMMAND: GET /session/6d94d18c82106ec19b3d8abef7fd5130/screenshot - {}
RESULT: {"script":"<script> [5351 bytes]","args":[{"element-6066-11e4-a52e-4f735466cecf":"f.C1D3EA7ECBFCC03A372CAA8AC6DB352F.d.43B7476AED212E04EDA8EC5DDE4006AB.e.1961","ELEMENT":"f.C1D3EA7ECBFCC03A372CAA8AC6DB352F.d.43B7476AED212E04EDA8EC5DDE4006AB.e.1961"}]}
COMMAND: POST /session/6d94d18c82106ec19b3d8abef7fd5130/element - {"using":"css selector","value":"#shell-header-logo"}
COMMAND: GET /session/6d94d18c82106ec19b3d8abef7fd5130/screenshot - {}
RESULT: {}
RESULT: {"using":"css selector","value":"#shell-header-logo"}
COMMAND: POST /session/6d94d18c82106ec19b3d8abef7fd5130/element/f.C1D3EA7ECBFCC03A372CAA8AC6DB352F.d.43B7476AED212E04EDA8EC5DDE4006AB.e.1961/click - {}
RESULT: {}
RESULT: {}
COMMAND: GET /session/6d94d18c82106ec19b3d8abef7fd5130/screenshot - {}
RESULT: {}
COMMAND: POST /session/6d94d18c82106ec19b3d8abef7fd5130/execute/async - {"script":"<script> [189 bytes]","args":[]}
RESULT: {"script":"<script> [189 bytes]","args":[]}
COMMAND: POST /session/6d94d18c82106ec19b3d8abef7fd5130/execute/async - {"script":"<script> [123 bytes]","args":[]}
RESULT: {"script":"<script> [123 bytes]","args":[]}
COMMAND: POST /session/6d94d18c82106ec19b3d8abef7fd5130/timeouts - {"script":"<number>"}
RESULT: {"script":"<number>"}
COMMAND: GET /session/6d94d18c82106ec19b3d8abef7fd5130/timeouts - {}
RESULT: {}
RESULT: undefined
COMMAND: POST /session/6d94d18c82106ec19b3d8abef7fd5130/execute/async - {"script":"<script> [2676 bytes]","args":[]}
RESULT: {"script":"<script> [2676 bytes]","args":[]}
COMMAND: POST /session/6d94d18c82106ec19b3d8abef7fd5130/execute/async - {"script":"<script> [2342 bytes]","args":[{"protocol":"http","hostname":"0.0.0.0","path":"/","capabilities":{"browserName":"chrome","goog:chromeOptions":{"binary":"C:\\Program Files\\Google\\Chrome\\Application\\chrome.exe","args":["--start-maximized"]}},"logLevel":"warn","connectionRetryTimeout":120000,"connectionRetryCount":3,"logLevels":{},"enableDirectConnect":true,"strictSSL":true,"_":"65 more keys: [\"cacheDir\",\"port\",\"requestedCapabilities\",\"automationProtocol\",\"baseUrl\",\"waitforInterval\",\"waitforTimeout\",\"onReload\",\"beforeCommand\",\"afterCommand\",\"rootDir\",\"specs\",\"suites\",\"exclude\",\"groupLogsByTestSpec\",\"excludeDriverLogs\",\"bail\",\"framework\",\"reporters\",\"services\",\"maxInstances\",\"maxInstancesPerCapability\",\"injectGlobals\",\"filesToWatch\",\"execArgv\",\"runnerEnv\",\"runner\",\"shard\",\"specFileRetries\",\"specFileRetriesDelay\",\"specFileRetriesDeferred\",\"reporterSyncInterval\",\"reporterSyncTimeout\",\"cucumberFeaturesWithLineNumbers\",\"autoCompileOpts\",\"mochaOpts\",\"jasmineOpts\",\"cucumberOpts\",\"onPrepare\",\"onWorkerStart\",\"onWorkerEnd\",\"before\",\"beforeSession\",\"beforeSuite\",\"beforeHook\",\"beforeTest\",\"afterTest\",\"afterHook\",\"afterSuite\",\"afterSession\",\"after\",\"onComplete\",\"beforeAssertion\",\"afterAssertion\",\"beforeFeature\",\"beforeScenario\",\"beforeStep\",\"afterStep\",\"afterScenario\",\"afterFeature\",\"_\",\"suite\",\"$0\",\"ignoredWorkerServices\",\"wdi5\"]"}]}
RESULT: {"script":"<script> [2342 bytes]","args":[{"protocol":"http","hostname":"0.0.0.0","path":"/","capabilities":{"browserName":"chrome","goog:chromeOptions":{"binary":"C:\\Program Files\\Google\\Chrome\\Application\\chrome.exe","args":["--start-maximized"]}},"logLevel":"warn","connectionRetryTimeout":120000,"connectionRetryCount":3,"logLevels":{},"enableDirectConnect":true,"strictSSL":true,"_":"65 more keys: [\"cacheDir\",\"port\",\"requestedCapabilities\",\"automationProtocol\",\"baseUrl\",\"waitforInterval\",\"waitforTimeout\",\"onReload\",\"beforeCommand\",\"afterCommand\",\"rootDir\",\"specs\",\"suites\",\"exclude\",\"groupLogsByTestSpec\",\"excludeDriverLogs\",\"bail\",\"framework\",\"reporters\",\"services\",\"maxInstances\",\"maxInstancesPerCapability\",\"injectGlobals\",\"filesToWatch\",\"execArgv\",\"runnerEnv\",\"runner\",\"shard\",\"specFileRetries\",\"specFileRetriesDelay\",\"specFileRetriesDeferred\",\"reporterSyncInterval\",\"reporterSyncTimeout\",\"cucumberFeaturesWithLineNumbers\",\"autoCompileOpts\",\"mochaOpts\",\"jasmineOpts\",\"cucumberOpts\",\"onPrepare\",\"onWorkerStart\",\"onWorkerEnd\",\"before\",\"beforeSession\",\"beforeSuite\",\"beforeHook\",\"beforeTest\",\"afterTest\",\"afterHook\",\"afterSuite\",\"afterSession\",\"after\",\"onComplete\",\"beforeAssertion\",\"afterAssertion\",\"beforeFeature\",\"beforeScenario\",\"beforeStep\",\"afterStep\",\"afterScenario\",\"afterFeature\",\"_\",\"suite\",\"$0\",\"ignoredWorkerServices\",\"wdi5\"]"}]}
COMMAND: POST /session/6d94d18c82106ec19b3d8abef7fd5130/execute/async - {"script":"<script> [21126 bytes]","args":[35000]}
RESULT: {"script":"<script> [21126 bytes]","args":[35000]}
COMMAND: POST /session/6d94d18c82106ec19b3d8abef7fd5130/window/maximize - {}
RESULT: {}
COMMAND: POST /session/6d94d18c82106ec19b3d8abef7fd5130/execute/async - {"script":"<script> [1562 bytes]","args":[{"selector":{"id":"shell-header","interaction":{"idSuffix":"icon"}},"wdio_ui5_key":"shellheader"}]}
COMMAND: GET /session/6d94d18c82106ec19b3d8abef7fd5130/screenshot - {}
RESULT: {"script":"<script> [1562 bytes]","args":[{"selector":{"id":"shell-header","interaction":{"idSuffix":"icon"}},"wdio_ui5_key":"shellheader"}]}
RESULT: undefined
COMMAND: POST /session/6d94d18c82106ec19b3d8abef7fd5130/refresh - {}
RESULT: {}
RESULT: {}
COMMAND: GET /session/6d94d18c82106ec19b3d8abef7fd5130/screenshot - {}
RESULT: {}
COMMAND: POST /session/6d94d18c82106ec19b3d8abef7fd5130/refresh - {}
RESULT: {}
COMMAND: GET /session/6d94d18c82106ec19b3d8abef7fd5130/screenshot - {}
RESULT: {}
COMMAND: POST /session/6d94d18c82106ec19b3d8abef7fd5130/window/fullscreen - {}
RESULT: {}
COMMAND: POST /session/6d94d18c82106ec19b3d8abef7fd5130/execute/async - {"script":"<script> [189 bytes]","args":[]}
RESULT: {"script":"<script> [189 bytes]","args":[]}
COMMAND: POST /session/6d94d18c82106ec19b3d8abef7fd5130/execute/async - {"script":"<script> [123 bytes]","args":[]}
RESULT: {"script":"<script> [123 bytes]","args":[]}
COMMAND: POST /session/6d94d18c82106ec19b3d8abef7fd5130/timeouts - {"script":"<number>"}
RESULT: {"script":"<number>"}
COMMAND: GET /session/6d94d18c82106ec19b3d8abef7fd5130/timeouts - {}
RESULT: {}
RESULT: undefined
COMMAND: POST /session/6d94d18c82106ec19b3d8abef7fd5130/execute/async - {"script":"<script> [2676 bytes]","args":[]}
RESULT: {"script":"<script> [2676 bytes]","args":[]}
COMMAND: POST /session/6d94d18c82106ec19b3d8abef7fd5130/execute/async - {"script":"<script> [2342 bytes]","args":[{"protocol":"http","hostname":"0.0.0.0","path":"/","capabilities":{"browserName":"chrome","goog:chromeOptions":{"binary":"C:\\Program Files\\Google\\Chrome\\Application\\chrome.exe","args":["--start-maximized"]}},"logLevel":"warn","connectionRetryTimeout":120000,"connectionRetryCount":3,"logLevels":{},"enableDirectConnect":true,"strictSSL":true,"_":"65 more keys: [\"cacheDir\",\"port\",\"requestedCapabilities\",\"automationProtocol\",\"baseUrl\",\"waitforInterval\",\"waitforTimeout\",\"onReload\",\"beforeCommand\",\"afterCommand\",\"rootDir\",\"specs\",\"suites\",\"exclude\",\"groupLogsByTestSpec\",\"excludeDriverLogs\",\"bail\",\"framework\",\"reporters\",\"services\",\"maxInstances\",\"maxInstancesPerCapability\",\"injectGlobals\",\"filesToWatch\",\"execArgv\",\"runnerEnv\",\"runner\",\"shard\",\"specFileRetries\",\"specFileRetriesDelay\",\"specFileRetriesDeferred\",\"reporterSyncInterval\",\"reporterSyncTimeout\",\"cucumberFeaturesWithLineNumbers\",\"autoCompileOpts\",\"mochaOpts\",\"jasmineOpts\",\"cucumberOpts\",\"onPrepare\",\"onWorkerStart\",\"onWorkerEnd\",\"before\",\"beforeSession\",\"beforeSuite\",\"beforeHook\",\"beforeTest\",\"afterTest\",\"afterHook\",\"afterSuite\",\"afterSession\",\"after\",\"onComplete\",\"beforeAssertion\",\"afterAssertion\",\"beforeFeature\",\"beforeScenario\",\"beforeStep\",\"afterStep\",\"afterScenario\",\"afterFeature\",\"_\",\"suite\",\"$0\",\"ignoredWorkerServices\",\"wdi5\"]"}]}
RESULT: {"script":"<script> [2342 bytes]","args":[{"protocol":"http","hostname":"0.0.0.0","path":"/","capabilities":{"browserName":"chrome","goog:chromeOptions":{"binary":"C:\\Program Files\\Google\\Chrome\\Application\\chrome.exe","args":["--start-maximized"]}},"logLevel":"warn","connectionRetryTimeout":120000,"connectionRetryCount":3,"logLevels":{},"enableDirectConnect":true,"strictSSL":true,"_":"65 more keys: [\"cacheDir\",\"port\",\"requestedCapabilities\",\"automationProtocol\",\"baseUrl\",\"waitforInterval\",\"waitforTimeout\",\"onReload\",\"beforeCommand\",\"afterCommand\",\"rootDir\",\"specs\",\"suites\",\"exclude\",\"groupLogsByTestSpec\",\"excludeDriverLogs\",\"bail\",\"framework\",\"reporters\",\"services\",\"maxInstances\",\"maxInstancesPerCapability\",\"injectGlobals\",\"filesToWatch\",\"execArgv\",\"runnerEnv\",\"runner\",\"shard\",\"specFileRetries\",\"specFileRetriesDelay\",\"specFileRetriesDeferred\",\"reporterSyncInterval\",\"reporterSyncTimeout\",\"cucumberFeaturesWithLineNumbers\",\"autoCompileOpts\",\"mochaOpts\",\"jasmineOpts\",\"cucumberOpts\",\"onPrepare\",\"onWorkerStart\",\"onWorkerEnd\",\"before\",\"beforeSession\",\"beforeSuite\",\"beforeHook\",\"beforeTest\",\"afterTest\",\"afterHook\",\"afterSuite\",\"afterSession\",\"after\",\"onComplete\",\"beforeAssertion\",\"afterAssertion\",\"beforeFeature\",\"beforeScenario\",\"beforeStep\",\"afterStep\",\"afterScenario\",\"afterFeature\",\"_\",\"suite\",\"$0\",\"ignoredWorkerServices\",\"wdi5\"]"}]}
COMMAND: POST /session/6d94d18c82106ec19b3d8abef7fd5130/execute/async - {"script":"<script> [21126 bytes]","args":[35000]}
RESULT: {"script":"<script> [21126 bytes]","args":[35000]}
]]></system-out>
    </testcase>
  </testsuite>
  <testsuite timestamp="2025-04-29T17:05:31" time="129.106" tests="3" failures="0" errors="0" skipped="0">
    <properties>
      <property name="specId" value="0" />
      <property name="suiteName" value="Set up pricing rule(OT) 104624" />
      <property name="capabilities" value="chrome.135_0_7049_96.windows" />
      <property name="file" value="file:///D:/a/1/s/test/specs/BTS/create-pricing-rule.spec.js" />
    </properties>
    <testcase classname="chrome.135_0_7049_96.windows.Set_up_pricing_rule(OT)_104624" name="Should create a new yard used for all following tests" time="0.028">
      <system-out><![CDATA[
COMMAND: POST /session/6d94d18c82106ec19b3d8abef7fd5130/window/fullscreen - {}
RESULT: {}
]]></system-out>
    </testcase>
    <testcase classname="chrome.135_0_7049_96.windows.Set_up_pricing_rule(OT)_104624" name="Should create a new equipment used for all following tests" time="0.004" />
    <testcase classname="chrome.135_0_7049_96.windows.Set_up_pricing_rule(OT)_104624" name="Should create new pricing rule on the created resource from earlier module or above" time="78.505">
      <system-out><![CDATA[
COMMAND: POST /session/6d94d18c82106ec19b3d8abef7fd5130/execute/async - {"script":"<script> [1562 bytes]","args":[{"selector":{"controlType":"sap.m.Text","properties":{"text":"Manage Pricing Rules"},"interaction":{"idSuffix":"inner"}},"wdio_ui5_key":"sapm.Text{\"text\":\"Manage Pricing Rules\"}"}]}
RESULT: {"script":"<script> [1562 bytes]","args":[{"selector":{"controlType":"sap.m.Text","properties":{"text":"Manage Pricing Rules"},"interaction":{"idSuffix":"inner"}},"wdio_ui5_key":"sapm.Text{\"text\":\"Manage Pricing Rules\"}"}]}
RESULT: undefined
COMMAND: POST /session/6d94d18c82106ec19b3d8abef7fd5130/element - {"using":"xpath","value":"//*[@id=\"__tile55-title\"]"}
RESULT: {"using":"xpath","value":"//*[@id=\"__tile55-title\"]"}
COMMAND: POST /session/6d94d18c82106ec19b3d8abef7fd5130/element/f.C1D3EA7ECBFCC03A372CAA8AC6DB352F.d.7552D6566A28DD2192D7651F156E206E.e.2234/click - {}
RESULT: {}
COMMAND: POST /session/6d94d18c82106ec19b3d8abef7fd5130/execute/async - {"script":"<script> [1562 bytes]","args":[{"selector":{"controlType":"sap.ui.core.Icon","viewName":"etm.portal.ui.managepricingrules.view.MasterHeader","viewId":"application-managepricingrules-display-component---priceInfoHeader","properties":{"src":{"regex":{"source":"activity\\-items"}}}},"wdio_ui5_key":"etmportal.ui.managepricingrules.view.MasterHeadersap.ui.core.Icon{\"src\":{\"regex\":{\"source\":\"activity\\\\-items\"}}}"}]}
COMMAND: GET /session/6d94d18c82106ec19b3d8abef7fd5130/screenshot - {}
RESULT: {"script":"<script> [1562 bytes]","args":[{"selector":{"controlType":"sap.ui.core.Icon","viewName":"etm.portal.ui.managepricingrules.view.MasterHeader","viewId":"application-managepricingrules-display-component---priceInfoHeader","properties":{"src":{"regex":{"source":"activity\\-items"}}}},"wdio_ui5_key":"etmportal.ui.managepricingrules.view.MasterHeadersap.ui.core.Icon{\"src\":{\"regex\":{\"source\":\"activity\\\\-items\"}}}"}]}
RESULT: undefined
COMMAND: POST /session/6d94d18c82106ec19b3d8abef7fd5130/element - {"using":"xpath","value":"//*[@id=\"__filter1-icon\"]"}
RESULT: {}
RESULT: {"using":"xpath","value":"//*[@id=\"__filter1-icon\"]"}
COMMAND: POST /session/6d94d18c82106ec19b3d8abef7fd5130/element/f.C1D3EA7ECBFCC03A372CAA8AC6DB352F.d.7552D6566A28DD2192D7651F156E206E.e.2285/click - {}
RESULT: {}
COMMAND: GET /session/6d94d18c82106ec19b3d8abef7fd5130/screenshot - {}
RESULT: {}
COMMAND: POST /session/6d94d18c82106ec19b3d8abef7fd5130/element - {"using":"xpath","value":"//button[@data-kt=\"addButton\"]"}
RESULT: {"using":"xpath","value":"//button[@data-kt=\"addButton\"]"}
COMMAND: POST /session/6d94d18c82106ec19b3d8abef7fd5130/elements - {"using":"xpath","value":"//button[@data-kt=\"addButton\"]"}
RESULT: {"using":"xpath","value":"//button[@data-kt=\"addButton\"]"}
COMMAND: POST /session/6d94d18c82106ec19b3d8abef7fd5130/execute/sync - {"script":"<script> [8489 bytes]","args":[{"element-6066-11e4-a52e-4f735466cecf":"f.C1D3EA7ECBFCC03A372CAA8AC6DB352F.d.7552D6566A28DD2192D7651F156E206E.e.2332","ELEMENT":"f.C1D3EA7ECBFCC03A372CAA8AC6DB352F.d.7552D6566A28DD2192D7651F156E206E.e.2332"}]}
RESULT: {"script":"<script> [8489 bytes]","args":[{"element-6066-11e4-a52e-4f735466cecf":"f.C1D3EA7ECBFCC03A372CAA8AC6DB352F.d.7552D6566A28DD2192D7651F156E206E.e.2332","ELEMENT":"f.C1D3EA7ECBFCC03A372CAA8AC6DB352F.d.7552D6566A28DD2192D7651F156E206E.e.2332"}]}
COMMAND: GET /session/6d94d18c82106ec19b3d8abef7fd5130/element/f.C1D3EA7ECBFCC03A372CAA8AC6DB352F.d.7552D6566A28DD2192D7651F156E206E.e.2332/enabled - {}
COMMAND: GET /session/6d94d18c82106ec19b3d8abef7fd5130/screenshot - {}
RESULT: {}
COMMAND: POST /session/6d94d18c82106ec19b3d8abef7fd5130/execute/sync - {"script":"<script> [8489 bytes]","args":[{"element-6066-11e4-a52e-4f735466cecf":"f.C1D3EA7ECBFCC03A372CAA8AC6DB352F.d.7552D6566A28DD2192D7651F156E206E.e.2332","ELEMENT":"f.C1D3EA7ECBFCC03A372CAA8AC6DB352F.d.7552D6566A28DD2192D7651F156E206E.e.2332"}]}
COMMAND: GET /session/6d94d18c82106ec19b3d8abef7fd5130/screenshot - {}
RESULT: {}
RESULT: {"script":"<script> [8489 bytes]","args":[{"element-6066-11e4-a52e-4f735466cecf":"f.C1D3EA7ECBFCC03A372CAA8AC6DB352F.d.7552D6566A28DD2192D7651F156E206E.e.2332","ELEMENT":"f.C1D3EA7ECBFCC03A372CAA8AC6DB352F.d.7552D6566A28DD2192D7651F156E206E.e.2332"}]}
COMMAND: POST /session/6d94d18c82106ec19b3d8abef7fd5130/execute/sync - {"script":"<script> [5351 bytes]","args":[{"element-6066-11e4-a52e-4f735466cecf":"f.C1D3EA7ECBFCC03A372CAA8AC6DB352F.d.7552D6566A28DD2192D7651F156E206E.e.2332","ELEMENT":"f.C1D3EA7ECBFCC03A372CAA8AC6DB352F.d.7552D6566A28DD2192D7651F156E206E.e.2332"}]}
COMMAND: GET /session/6d94d18c82106ec19b3d8abef7fd5130/screenshot - {}
RESULT: {}
RESULT: {"script":"<script> [5351 bytes]","args":[{"element-6066-11e4-a52e-4f735466cecf":"f.C1D3EA7ECBFCC03A372CAA8AC6DB352F.d.7552D6566A28DD2192D7651F156E206E.e.2332","ELEMENT":"f.C1D3EA7ECBFCC03A372CAA8AC6DB352F.d.7552D6566A28DD2192D7651F156E206E.e.2332"}]}
COMMAND: POST /session/6d94d18c82106ec19b3d8abef7fd5130/element/f.C1D3EA7ECBFCC03A372CAA8AC6DB352F.d.7552D6566A28DD2192D7651F156E206E.e.2332/click - {}
COMMAND: GET /session/6d94d18c82106ec19b3d8abef7fd5130/screenshot - {}
RESULT: {}
RESULT: {}
COMMAND: GET /session/6d94d18c82106ec19b3d8abef7fd5130/screenshot - {}
RESULT: {}
RESULT: {}
COMMAND: POST /session/6d94d18c82106ec19b3d8abef7fd5130/execute/async - {"script":"<script> [1562 bytes]","args":[{"selector":{"controlType":"sap.m.Title","viewName":"etm.portal.ui.managepricingrules.view.NewItem","viewId":"application-managepricingrules-display-component---newInfoPriceItem","properties":{"text":"New Pricing Rules - Item Level"}},"wdio_ui5_key":"etmportal.ui.managepricingrules.view.NewItemsap.m.Title{\"text\":\"New Pricing Rules - Item Level\"}"}]}
RESULT: {"script":"<script> [1562 bytes]","args":[{"selector":{"controlType":"sap.m.Title","viewName":"etm.portal.ui.managepricingrules.view.NewItem","viewId":"application-managepricingrules-display-component---newInfoPriceItem","properties":{"text":"New Pricing Rules - Item Level"}},"wdio_ui5_key":"etmportal.ui.managepricingrules.view.NewItemsap.m.Title{\"text\":\"New Pricing Rules - Item Level\"}"}]}
RESULT: undefined
COMMAND: POST /session/6d94d18c82106ec19b3d8abef7fd5130/execute/async - {"script":"<script> [6424 bytes]","args":[{"element-6066-11e4-a52e-4f735466cecf":"f.C1D3EA7ECBFCC03A372CAA8AC6DB352F.d.7552D6566A28DD2192D7651F156E206E.e.2616"},"getText",[]]}
RESULT: {"script":"<script> [6424 bytes]","args":[{"element-6066-11e4-a52e-4f735466cecf":"f.C1D3EA7ECBFCC03A372CAA8AC6DB352F.d.7552D6566A28DD2192D7651F156E206E.e.2616"},"getText",[]]}
COMMAND: POST /session/6d94d18c82106ec19b3d8abef7fd5130/execute/async - {"script":"<script> [1562 bytes]","args":[{"selector":{"id":"application-managepricingrules-display-component---newInfoPriceItem--condValidTo","interaction":{"idSuffix":"inner"}},"wdio_ui5_key":"applicationmanagepricingrules-display-component---newInfoPriceItem--condValidTo"}]}
RESULT: {"script":"<script> [1562 bytes]","args":[{"selector":{"id":"application-managepricingrules-display-component---newInfoPriceItem--condValidTo","interaction":{"idSuffix":"inner"}},"wdio_ui5_key":"applicationmanagepricingrules-display-component---newInfoPriceItem--condValidTo"}]}
RESULT: undefined
COMMAND: POST /session/6d94d18c82106ec19b3d8abef7fd5130/execute/async - {"script":"<script> [776 bytes]","args":[{"enterText":"12/29/25","selector":{"id":"application-managepricingrules-display-component---newInfoPriceItem--condValidTo","interaction":{"idSuffix":"inner"}},"clearTextFirst":true,"interactionType":"ENTER_TEXT"}]}
RESULT: {"script":"<script> [776 bytes]","args":[{"enterText":"12/29/25","selector":{"id":"application-managepricingrules-display-component---newInfoPriceItem--condValidTo","interaction":{"idSuffix":"inner"}},"clearTextFirst":true,"interactionType":"ENTER_TEXT"}]}
COMMAND: POST /session/6d94d18c82106ec19b3d8abef7fd5130/element - {"using":"xpath","value":"//input[@id=\"application-managepricingrules-display-component---newInfoPriceItem--condRU-inner\"]"}
RESULT: {"using":"xpath","value":"//input[@id=\"application-managepricingrules-display-component---newInfoPriceItem--condRU-inner\"]"}
COMMAND: POST /session/6d94d18c82106ec19b3d8abef7fd5130/element/f.C1D3EA7ECBFCC03A372CAA8AC6DB352F.d.7552D6566A28DD2192D7651F156E206E.e.2585/clear - {}
RESULT: {}
COMMAND: POST /session/6d94d18c82106ec19b3d8abef7fd5130/element/f.C1D3EA7ECBFCC03A372CAA8AC6DB352F.d.7552D6566A28DD2192D7651F156E206E.e.2585/value - {"text":"mlqTvN89oj"}
COMMAND: GET /session/6d94d18c82106ec19b3d8abef7fd5130/screenshot - {}
RESULT: {"text":"mlqTvN89oj"}
COMMAND: GET /session/6d94d18c82106ec19b3d8abef7fd5130/screenshot - {}
RESULT: {}
RESULT: {}
COMMAND: POST /session/6d94d18c82106ec19b3d8abef7fd5130/execute/async - {"script":"<script> [1562 bytes]","args":[{"selector":{"id":"application-managepricingrules-display-component---newInfoPriceItem--billType-arrow"},"wdio_ui5_key":"applicationmanagepricingrules-display-component---newInfoPriceItem--billType-arrow"}]}
RESULT: {"script":"<script> [1562 bytes]","args":[{"selector":{"id":"application-managepricingrules-display-component---newInfoPriceItem--billType-arrow"},"wdio_ui5_key":"applicationmanagepricingrules-display-component---newInfoPriceItem--billType-arrow"}]}
RESULT: undefined
COMMAND: POST /session/6d94d18c82106ec19b3d8abef7fd5130/element - {"using":"xpath","value":"//*[@id=\"application-managepricingrules-display-component---newInfoPriceItem--billType-arrow\"]"}
RESULT: {"using":"xpath","value":"//*[@id=\"application-managepricingrules-display-component---newInfoPriceItem--billType-arrow\"]"}
COMMAND: POST /session/6d94d18c82106ec19b3d8abef7fd5130/element/f.C1D3EA7ECBFCC03A372CAA8AC6DB352F.d.7552D6566A28DD2192D7651F156E206E.e.2677/click - {}
RESULT: {}
COMMAND: POST /session/6d94d18c82106ec19b3d8abef7fd5130/element - {"using":"xpath","value":"//span[contains(text(), \"OT - Sales (one-time)\")]"}
COMMAND: GET /session/6d94d18c82106ec19b3d8abef7fd5130/screenshot - {}
RESULT: {"using":"xpath","value":"//span[contains(text(), \"OT - Sales (one-time)\")]"}
COMMAND: POST /session/6d94d18c82106ec19b3d8abef7fd5130/element/f.C1D3EA7ECBFCC03A372CAA8AC6DB352F.d.7552D6566A28DD2192D7651F156E206E.e.2718/click - {}
RESULT: {}
RESULT: {}
COMMAND: POST /session/6d94d18c82106ec19b3d8abef7fd5130/execute/async - {"script":"<script> [1562 bytes]","args":[{"selector":{"id":"application-managepricingrules-display-component---newInfoPriceItem--priceProc-arrow"},"wdio_ui5_key":"applicationmanagepricingrules-display-component---newInfoPriceItem--priceProc-arrow"}]}
COMMAND: GET /session/6d94d18c82106ec19b3d8abef7fd5130/screenshot - {}
RESULT: {"script":"<script> [1562 bytes]","args":[{"selector":{"id":"application-managepricingrules-display-component---newInfoPriceItem--priceProc-arrow"},"wdio_ui5_key":"applicationmanagepricingrules-display-component---newInfoPriceItem--priceProc-arrow"}]}
RESULT: undefined
COMMAND: POST /session/6d94d18c82106ec19b3d8abef7fd5130/element - {"using":"xpath","value":"//*[@id=\"application-managepricingrules-display-component---newInfoPriceItem--priceProc-arrow\"]"}
RESULT: {}
RESULT: {"using":"xpath","value":"//*[@id=\"application-managepricingrules-display-component---newInfoPriceItem--priceProc-arrow\"]"}
COMMAND: POST /session/6d94d18c82106ec19b3d8abef7fd5130/element/f.C1D3EA7ECBFCC03A372CAA8AC6DB352F.d.7552D6566A28DD2192D7651F156E206E.e.2684/click - {}
RESULT: {}
COMMAND: POST /session/6d94d18c82106ec19b3d8abef7fd5130/element - {"using":"xpath","value":"//span[contains(text(), \"MAT - Material\")]"}
COMMAND: GET /session/6d94d18c82106ec19b3d8abef7fd5130/screenshot - {}
RESULT: {"using":"xpath","value":"//span[contains(text(), \"MAT - Material\")]"}
COMMAND: POST /session/6d94d18c82106ec19b3d8abef7fd5130/element/f.C1D3EA7ECBFCC03A372CAA8AC6DB352F.d.7552D6566A28DD2192D7651F156E206E.e.2719/click - {}
RESULT: {}
RESULT: {}
COMMAND: POST /session/6d94d18c82106ec19b3d8abef7fd5130/execute/async - {"script":"<script> [1562 bytes]","args":[{"selector":{"id":"application-managepricingrules-display-component---newInfoPriceItem--calcBase-arrow"},"wdio_ui5_key":"applicationmanagepricingrules-display-component---newInfoPriceItem--calcBase-arrow"}]}
COMMAND: GET /session/6d94d18c82106ec19b3d8abef7fd5130/screenshot - {}
RESULT: {"script":"<script> [1562 bytes]","args":[{"selector":{"id":"application-managepricingrules-display-component---newInfoPriceItem--calcBase-arrow"},"wdio_ui5_key":"applicationmanagepricingrules-display-component---newInfoPriceItem--calcBase-arrow"}]}
RESULT: undefined
COMMAND: POST /session/6d94d18c82106ec19b3d8abef7fd5130/element - {"using":"xpath","value":"//*[@id=\"application-managepricingrules-display-component---newInfoPriceItem--calcBase-arrow\"]"}
RESULT: {}
RESULT: {"using":"xpath","value":"//*[@id=\"application-managepricingrules-display-component---newInfoPriceItem--calcBase-arrow\"]"}
COMMAND: POST /session/6d94d18c82106ec19b3d8abef7fd5130/element/f.C1D3EA7ECBFCC03A372CAA8AC6DB352F.d.7552D6566A28DD2192D7651F156E206E.e.2691/click - {}
RESULT: {}
COMMAND: GET /session/6d94d18c82106ec19b3d8abef7fd5130/screenshot - {}
RESULT: {}
COMMAND: POST /session/6d94d18c82106ec19b3d8abef7fd5130/element - {"using":"xpath","value":"//span[contains(text(), \"0001 - TB(exact month + cal_days)\")]"}
RESULT: {"using":"xpath","value":"//span[contains(text(), \"0001 - TB(exact month + cal_days)\")]"}
COMMAND: POST /session/6d94d18c82106ec19b3d8abef7fd5130/element/f.C1D3EA7ECBFCC03A372CAA8AC6DB352F.d.7552D6566A28DD2192D7651F156E206E.e.2720/click - {}
RESULT: {}
COMMAND: GET /session/6d94d18c82106ec19b3d8abef7fd5130/screenshot - {}
RESULT: {}
COMMAND: POST /session/6d94d18c82106ec19b3d8abef7fd5130/element - {"using":"xpath","value":"//button[@data-kt=\"saveNewRuleButton\"]"}
RESULT: {"using":"xpath","value":"//button[@data-kt=\"saveNewRuleButton\"]"}
COMMAND: POST /session/6d94d18c82106ec19b3d8abef7fd5130/element/f.C1D3EA7ECBFCC03A372CAA8AC6DB352F.d.7552D6566A28DD2192D7651F156E206E.e.2711/click - {}
RESULT: {}
COMMAND: GET /session/6d94d18c82106ec19b3d8abef7fd5130/screenshot - {}
RESULT: {}
COMMAND: POST /session/6d94d18c82106ec19b3d8abef7fd5130/execute/async - {"script":"<script> [1562 bytes]","args":[{"selector":{"id":"application-managepricingrules-display-component---priceInfoItem--smartFilterBar-btnBasicSearch","interaction":{"idSuffix":"I"}},"wdio_ui5_key":"applicationmanagepricingrules-display-component---priceInfoItem--smartFilterBar-btnBasicSearch"}]}
RESULT: {"script":"<script> [1562 bytes]","args":[{"selector":{"id":"application-managepricingrules-display-component---priceInfoItem--smartFilterBar-btnBasicSearch","interaction":{"idSuffix":"I"}},"wdio_ui5_key":"applicationmanagepricingrules-display-component---priceInfoItem--smartFilterBar-btnBasicSearch"}]}
RESULT: undefined
COMMAND: POST /session/6d94d18c82106ec19b3d8abef7fd5130/execute/async - {"script":"<script> [776 bytes]","args":[{"enterText":"mlqTvN89oj","selector":{"id":"application-managepricingrules-display-component---priceInfoItem--smartFilterBar-btnBasicSearch","interaction":{"idSuffix":"I"}},"clearTextFirst":true,"interactionType":"ENTER_TEXT"}]}
RESULT: {"script":"<script> [776 bytes]","args":[{"enterText":"mlqTvN89oj","selector":{"id":"application-managepricingrules-display-component---priceInfoItem--smartFilterBar-btnBasicSearch","interaction":{"idSuffix":"I"}},"clearTextFirst":true,"interactionType":"ENTER_TEXT"}]}
COMMAND: POST /session/6d94d18c82106ec19b3d8abef7fd5130/actions - {"actions":[{"id":"action10","type":"key","parameters":{},"actions":[{"type":"keyDown","value":"î€‡"},{"type":"pause","duration":10},{"type":"keyUp","value":"î€‡"}]}]}
RESULT: {"actions":[{"id":"action10","type":"key","parameters":{},"actions":[{"type":"keyDown","value":"î€‡"},{"type":"pause","duration":10},{"type":"keyUp","value":"î€‡"}]}]}
COMMAND: GET /session/6d94d18c82106ec19b3d8abef7fd5130/screenshot - {}
RESULT: {}
COMMAND: POST /session/6d94d18c82106ec19b3d8abef7fd5130/element - {"using":"xpath","value":"//span[@id=\"application-managepricingrules-display-component---priceInfoItem--smartTable-header-inner\"]"}
RESULT: {"using":"xpath","value":"//span[@id=\"application-managepricingrules-display-component---priceInfoItem--smartTable-header-inner\"]"}
COMMAND: POST /session/6d94d18c82106ec19b3d8abef7fd5130/elements - {"using":"xpath","value":"//span[@id=\"application-managepricingrules-display-component---priceInfoItem--smartTable-header-inner\"]"}
RESULT: {"using":"xpath","value":"//span[@id=\"application-managepricingrules-display-component---priceInfoItem--smartTable-header-inner\"]"}
COMMAND: POST /session/6d94d18c82106ec19b3d8abef7fd5130/execute/sync - {"script":"<script> [56 bytes]","args":[{"element-6066-11e4-a52e-4f735466cecf":"f.C1D3EA7ECBFCC03A372CAA8AC6DB352F.d.7552D6566A28DD2192D7651F156E206E.e.2749","ELEMENT":"f.C1D3EA7ECBFCC03A372CAA8AC6DB352F.d.7552D6566A28DD2192D7651F156E206E.e.2749"}]}
RESULT: {"script":"<script> [56 bytes]","args":[{"element-6066-11e4-a52e-4f735466cecf":"f.C1D3EA7ECBFCC03A372CAA8AC6DB352F.d.7552D6566A28DD2192D7651F156E206E.e.2749","ELEMENT":"f.C1D3EA7ECBFCC03A372CAA8AC6DB352F.d.7552D6566A28DD2192D7651F156E206E.e.2749"}]}
COMMAND: POST /session/6d94d18c82106ec19b3d8abef7fd5130/element - {"using":"css selector","value":"#shell-header-logo"}
COMMAND: GET /session/6d94d18c82106ec19b3d8abef7fd5130/screenshot - {}
RESULT: {"using":"css selector","value":"#shell-header-logo"}
COMMAND: POST /session/6d94d18c82106ec19b3d8abef7fd5130/element/f.C1D3EA7ECBFCC03A372CAA8AC6DB352F.d.7552D6566A28DD2192D7651F156E206E.e.2235/click - {}
RESULT: {}
RESULT: {}
COMMAND: GET /session/6d94d18c82106ec19b3d8abef7fd5130/screenshot - {}
RESULT: {}
COMMAND: POST /session/6d94d18c82106ec19b3d8abef7fd5130/element - {"using":"css selector","value":"#j_username"}
COMMAND: POST /session/6d94d18c82106ec19b3d8abef7fd5130/url - {"url":"https://qa-testing-00-live-etm-ui.cfapps.eu10-004.hana.ondemand.com/"}
RESULT: {"using":"css selector","value":"#j_username"}
COMMAND: POST /session/6d94d18c82106ec19b3d8abef7fd5130/element - {"using":"css selector","value":"#j_username"}
RESULT: {"url":"https://qa-testing-00-live-etm-ui.cfapps.eu10-004.hana.ondemand.com/"}
RESULT: undefined
COMMAND: GET /session/6d94d18c82106ec19b3d8abef7fd5130/screenshot - {}
RESULT: {"using":"css selector","value":"#j_username"}
COMMAND: POST /session/6d94d18c82106ec19b3d8abef7fd5130/element - {"using":"css selector","value":"#shell-header-logo"}
RESULT: {}
RESULT: {"using":"css selector","value":"#shell-header-logo"}
COMMAND: POST /session/6d94d18c82106ec19b3d8abef7fd5130/execute/sync - {"script":"<script> [8489 bytes]","args":[{"element-6066-11e4-a52e-4f735466cecf":"f.C1D3EA7ECBFCC03A372CAA8AC6DB352F.d.91C0334FB23B3588C26C61B8C2FBAE97.e.2759","ELEMENT":"f.C1D3EA7ECBFCC03A372CAA8AC6DB352F.d.91C0334FB23B3588C26C61B8C2FBAE97.e.2759"}]}
RESULT: {"script":"<script> [8489 bytes]","args":[{"element-6066-11e4-a52e-4f735466cecf":"f.C1D3EA7ECBFCC03A372CAA8AC6DB352F.d.91C0334FB23B3588C26C61B8C2FBAE97.e.2759","ELEMENT":"f.C1D3EA7ECBFCC03A372CAA8AC6DB352F.d.91C0334FB23B3588C26C61B8C2FBAE97.e.2759"}]}
COMMAND: POST /session/6d94d18c82106ec19b3d8abef7fd5130/element - {"using":"css selector","value":"#shell-header-logo"}
COMMAND: GET /session/6d94d18c82106ec19b3d8abef7fd5130/screenshot - {}
RESULT: {}
RESULT: {"using":"css selector","value":"#shell-header-logo"}
COMMAND: POST /session/6d94d18c82106ec19b3d8abef7fd5130/execute/sync - {"script":"<script> [8489 bytes]","args":[{"element-6066-11e4-a52e-4f735466cecf":"f.C1D3EA7ECBFCC03A372CAA8AC6DB352F.d.91C0334FB23B3588C26C61B8C2FBAE97.e.2759","ELEMENT":"f.C1D3EA7ECBFCC03A372CAA8AC6DB352F.d.91C0334FB23B3588C26C61B8C2FBAE97.e.2759"}]}
RESULT: {"script":"<script> [8489 bytes]","args":[{"element-6066-11e4-a52e-4f735466cecf":"f.C1D3EA7ECBFCC03A372CAA8AC6DB352F.d.91C0334FB23B3588C26C61B8C2FBAE97.e.2759","ELEMENT":"f.C1D3EA7ECBFCC03A372CAA8AC6DB352F.d.91C0334FB23B3588C26C61B8C2FBAE97.e.2759"}]}
COMMAND: POST /session/6d94d18c82106ec19b3d8abef7fd5130/execute/sync - {"script":"<script> [5351 bytes]","args":[{"element-6066-11e4-a52e-4f735466cecf":"f.C1D3EA7ECBFCC03A372CAA8AC6DB352F.d.91C0334FB23B3588C26C61B8C2FBAE97.e.2759","ELEMENT":"f.C1D3EA7ECBFCC03A372CAA8AC6DB352F.d.91C0334FB23B3588C26C61B8C2FBAE97.e.2759"}]}
COMMAND: GET /session/6d94d18c82106ec19b3d8abef7fd5130/screenshot - {}
RESULT: {"script":"<script> [5351 bytes]","args":[{"element-6066-11e4-a52e-4f735466cecf":"f.C1D3EA7ECBFCC03A372CAA8AC6DB352F.d.91C0334FB23B3588C26C61B8C2FBAE97.e.2759","ELEMENT":"f.C1D3EA7ECBFCC03A372CAA8AC6DB352F.d.91C0334FB23B3588C26C61B8C2FBAE97.e.2759"}]}
COMMAND: POST /session/6d94d18c82106ec19b3d8abef7fd5130/element - {"using":"css selector","value":"#shell-header-logo"}
COMMAND: GET /session/6d94d18c82106ec19b3d8abef7fd5130/screenshot - {}
RESULT: {}
RESULT: {"using":"css selector","value":"#shell-header-logo"}
COMMAND: POST /session/6d94d18c82106ec19b3d8abef7fd5130/element/f.C1D3EA7ECBFCC03A372CAA8AC6DB352F.d.91C0334FB23B3588C26C61B8C2FBAE97.e.2759/click - {}
RESULT: {}
RESULT: {}
COMMAND: GET /session/6d94d18c82106ec19b3d8abef7fd5130/screenshot - {}
RESULT: {}
COMMAND: POST /session/6d94d18c82106ec19b3d8abef7fd5130/execute/async - {"script":"<script> [189 bytes]","args":[]}
RESULT: {"script":"<script> [189 bytes]","args":[]}
COMMAND: POST /session/6d94d18c82106ec19b3d8abef7fd5130/execute/async - {"script":"<script> [123 bytes]","args":[]}
RESULT: {"script":"<script> [123 bytes]","args":[]}
COMMAND: POST /session/6d94d18c82106ec19b3d8abef7fd5130/timeouts - {"script":"<number>"}
RESULT: {"script":"<number>"}
COMMAND: GET /session/6d94d18c82106ec19b3d8abef7fd5130/timeouts - {}
RESULT: {}
RESULT: undefined
COMMAND: POST /session/6d94d18c82106ec19b3d8abef7fd5130/execute/async - {"script":"<script> [2676 bytes]","args":[]}
RESULT: {"script":"<script> [2676 bytes]","args":[]}
COMMAND: POST /session/6d94d18c82106ec19b3d8abef7fd5130/execute/async - {"script":"<script> [2342 bytes]","args":[{"protocol":"http","hostname":"0.0.0.0","path":"/","capabilities":{"browserName":"chrome","goog:chromeOptions":{"binary":"C:\\Program Files\\Google\\Chrome\\Application\\chrome.exe","args":["--start-maximized"]}},"logLevel":"warn","connectionRetryTimeout":120000,"connectionRetryCount":3,"logLevels":{},"enableDirectConnect":true,"strictSSL":true,"_":"65 more keys: [\"cacheDir\",\"port\",\"requestedCapabilities\",\"automationProtocol\",\"baseUrl\",\"waitforInterval\",\"waitforTimeout\",\"onReload\",\"beforeCommand\",\"afterCommand\",\"rootDir\",\"specs\",\"suites\",\"exclude\",\"groupLogsByTestSpec\",\"excludeDriverLogs\",\"bail\",\"framework\",\"reporters\",\"services\",\"maxInstances\",\"maxInstancesPerCapability\",\"injectGlobals\",\"filesToWatch\",\"execArgv\",\"runnerEnv\",\"runner\",\"shard\",\"specFileRetries\",\"specFileRetriesDelay\",\"specFileRetriesDeferred\",\"reporterSyncInterval\",\"reporterSyncTimeout\",\"cucumberFeaturesWithLineNumbers\",\"autoCompileOpts\",\"mochaOpts\",\"jasmineOpts\",\"cucumberOpts\",\"onPrepare\",\"onWorkerStart\",\"onWorkerEnd\",\"before\",\"beforeSession\",\"beforeSuite\",\"beforeHook\",\"beforeTest\",\"afterTest\",\"afterHook\",\"afterSuite\",\"afterSession\",\"after\",\"onComplete\",\"beforeAssertion\",\"afterAssertion\",\"beforeFeature\",\"beforeScenario\",\"beforeStep\",\"afterStep\",\"afterScenario\",\"afterFeature\",\"_\",\"suite\",\"$0\",\"ignoredWorkerServices\",\"wdi5\"]"}]}
RESULT: {"script":"<script> [2342 bytes]","args":[{"protocol":"http","hostname":"0.0.0.0","path":"/","capabilities":{"browserName":"chrome","goog:chromeOptions":{"binary":"C:\\Program Files\\Google\\Chrome\\Application\\chrome.exe","args":["--start-maximized"]}},"logLevel":"warn","connectionRetryTimeout":120000,"connectionRetryCount":3,"logLevels":{},"enableDirectConnect":true,"strictSSL":true,"_":"65 more keys: [\"cacheDir\",\"port\",\"requestedCapabilities\",\"automationProtocol\",\"baseUrl\",\"waitforInterval\",\"waitforTimeout\",\"onReload\",\"beforeCommand\",\"afterCommand\",\"rootDir\",\"specs\",\"suites\",\"exclude\",\"groupLogsByTestSpec\",\"excludeDriverLogs\",\"bail\",\"framework\",\"reporters\",\"services\",\"maxInstances\",\"maxInstancesPerCapability\",\"injectGlobals\",\"filesToWatch\",\"execArgv\",\"runnerEnv\",\"runner\",\"shard\",\"specFileRetries\",\"specFileRetriesDelay\",\"specFileRetriesDeferred\",\"reporterSyncInterval\",\"reporterSyncTimeout\",\"cucumberFeaturesWithLineNumbers\",\"autoCompileOpts\",\"mochaOpts\",\"jasmineOpts\",\"cucumberOpts\",\"onPrepare\",\"onWorkerStart\",\"onWorkerEnd\",\"before\",\"beforeSession\",\"beforeSuite\",\"beforeHook\",\"beforeTest\",\"afterTest\",\"afterHook\",\"afterSuite\",\"afterSession\",\"after\",\"onComplete\",\"beforeAssertion\",\"afterAssertion\",\"beforeFeature\",\"beforeScenario\",\"beforeStep\",\"afterStep\",\"afterScenario\",\"afterFeature\",\"_\",\"suite\",\"$0\",\"ignoredWorkerServices\",\"wdi5\"]"}]}
COMMAND: POST /session/6d94d18c82106ec19b3d8abef7fd5130/execute/async - {"script":"<script> [21126 bytes]","args":[35000]}
RESULT: {"script":"<script> [21126 bytes]","args":[35000]}
COMMAND: POST /session/6d94d18c82106ec19b3d8abef7fd5130/window/maximize - {}
RESULT: {}
COMMAND: POST /session/6d94d18c82106ec19b3d8abef7fd5130/execute/async - {"script":"<script> [1562 bytes]","args":[{"selector":{"id":"shell-header","interaction":{"idSuffix":"icon"}},"wdio_ui5_key":"shellheader"}]}
COMMAND: GET /session/6d94d18c82106ec19b3d8abef7fd5130/screenshot - {}
RESULT: {"script":"<script> [1562 bytes]","args":[{"selector":{"id":"shell-header","interaction":{"idSuffix":"icon"}},"wdio_ui5_key":"shellheader"}]}
RESULT: undefined
COMMAND: POST /session/6d94d18c82106ec19b3d8abef7fd5130/refresh - {}
RESULT: {}
RESULT: {}
COMMAND: GET /session/6d94d18c82106ec19b3d8abef7fd5130/screenshot - {}
RESULT: {}
COMMAND: POST /session/6d94d18c82106ec19b3d8abef7fd5130/refresh - {}
RESULT: {}
COMMAND: GET /session/6d94d18c82106ec19b3d8abef7fd5130/screenshot - {}
RESULT: {}
COMMAND: POST /session/6d94d18c82106ec19b3d8abef7fd5130/window/fullscreen - {}
RESULT: {}
COMMAND: POST /session/6d94d18c82106ec19b3d8abef7fd5130/execute/async - {"script":"<script> [189 bytes]","args":[]}
RESULT: {"script":"<script> [189 bytes]","args":[]}
COMMAND: POST /session/6d94d18c82106ec19b3d8abef7fd5130/execute/async - {"script":"<script> [123 bytes]","args":[]}
RESULT: {"script":"<script> [123 bytes]","args":[]}
COMMAND: POST /session/6d94d18c82106ec19b3d8abef7fd5130/timeouts - {"script":"<number>"}
RESULT: {"script":"<number>"}
COMMAND: GET /session/6d94d18c82106ec19b3d8abef7fd5130/timeouts - {}
RESULT: {}
RESULT: undefined
COMMAND: POST /session/6d94d18c82106ec19b3d8abef7fd5130/execute/async - {"script":"<script> [2676 bytes]","args":[]}
RESULT: {"script":"<script> [2676 bytes]","args":[]}
COMMAND: POST /session/6d94d18c82106ec19b3d8abef7fd5130/execute/async - {"script":"<script> [2342 bytes]","args":[{"protocol":"http","hostname":"0.0.0.0","path":"/","capabilities":{"browserName":"chrome","goog:chromeOptions":{"binary":"C:\\Program Files\\Google\\Chrome\\Application\\chrome.exe","args":["--start-maximized"]}},"logLevel":"warn","connectionRetryTimeout":120000,"connectionRetryCount":3,"logLevels":{},"enableDirectConnect":true,"strictSSL":true,"_":"65 more keys: [\"cacheDir\",\"port\",\"requestedCapabilities\",\"automationProtocol\",\"baseUrl\",\"waitforInterval\",\"waitforTimeout\",\"onReload\",\"beforeCommand\",\"afterCommand\",\"rootDir\",\"specs\",\"suites\",\"exclude\",\"groupLogsByTestSpec\",\"excludeDriverLogs\",\"bail\",\"framework\",\"reporters\",\"services\",\"maxInstances\",\"maxInstancesPerCapability\",\"injectGlobals\",\"filesToWatch\",\"execArgv\",\"runnerEnv\",\"runner\",\"shard\",\"specFileRetries\",\"specFileRetriesDelay\",\"specFileRetriesDeferred\",\"reporterSyncInterval\",\"reporterSyncTimeout\",\"cucumberFeaturesWithLineNumbers\",\"autoCompileOpts\",\"mochaOpts\",\"jasmineOpts\",\"cucumberOpts\",\"onPrepare\",\"onWorkerStart\",\"onWorkerEnd\",\"before\",\"beforeSession\",\"beforeSuite\",\"beforeHook\",\"beforeTest\",\"afterTest\",\"afterHook\",\"afterSuite\",\"afterSession\",\"after\",\"onComplete\",\"beforeAssertion\",\"afterAssertion\",\"beforeFeature\",\"beforeScenario\",\"beforeStep\",\"afterStep\",\"afterScenario\",\"afterFeature\",\"_\",\"suite\",\"$0\",\"ignoredWorkerServices\",\"wdi5\"]"}]}
RESULT: {"script":"<script> [2342 bytes]","args":[{"protocol":"http","hostname":"0.0.0.0","path":"/","capabilities":{"browserName":"chrome","goog:chromeOptions":{"binary":"C:\\Program Files\\Google\\Chrome\\Application\\chrome.exe","args":["--start-maximized"]}},"logLevel":"warn","connectionRetryTimeout":120000,"connectionRetryCount":3,"logLevels":{},"enableDirectConnect":true,"strictSSL":true,"_":"65 more keys: [\"cacheDir\",\"port\",\"requestedCapabilities\",\"automationProtocol\",\"baseUrl\",\"waitforInterval\",\"waitforTimeout\",\"onReload\",\"beforeCommand\",\"afterCommand\",\"rootDir\",\"specs\",\"suites\",\"exclude\",\"groupLogsByTestSpec\",\"excludeDriverLogs\",\"bail\",\"framework\",\"reporters\",\"services\",\"maxInstances\",\"maxInstancesPerCapability\",\"injectGlobals\",\"filesToWatch\",\"execArgv\",\"runnerEnv\",\"runner\",\"shard\",\"specFileRetries\",\"specFileRetriesDelay\",\"specFileRetriesDeferred\",\"reporterSyncInterval\",\"reporterSyncTimeout\",\"cucumberFeaturesWithLineNumbers\",\"autoCompileOpts\",\"mochaOpts\",\"jasmineOpts\",\"cucumberOpts\",\"onPrepare\",\"onWorkerStart\",\"onWorkerEnd\",\"before\",\"beforeSession\",\"beforeSuite\",\"beforeHook\",\"beforeTest\",\"afterTest\",\"afterHook\",\"afterSuite\",\"afterSession\",\"after\",\"onComplete\",\"beforeAssertion\",\"afterAssertion\",\"beforeFeature\",\"beforeScenario\",\"beforeStep\",\"afterStep\",\"afterScenario\",\"afterFeature\",\"_\",\"suite\",\"$0\",\"ignoredWorkerServices\",\"wdi5\"]"}]}
COMMAND: POST /session/6d94d18c82106ec19b3d8abef7fd5130/execute/async - {"script":"<script> [21126 bytes]","args":[35000]}
RESULT: {"script":"<script> [21126 bytes]","args":[35000]}
]]></system-out>
    </testcase>
  </testsuite>
  <testsuite timestamp="2025-04-29T17:07:40" time="372.48" tests="6" failures="0" errors="0" skipped="0">
    <properties>
      <property name="specId" value="0" />
      <property name="suiteName" value="Edit and delete daily price US134629 US134627" />
      <property name="capabilities" value="chrome.135_0_7049_96.windows" />
      <property name="file" value="file:///D:/a/1/s/test/specs/BTS/conditions-prices-daily-price.spec.js" />
    </properties>
    <testcase classname="chrome.135_0_7049_96.windows.Edit_and_delete_daily_price_US134629_US134627" name="Should create a new yard used for all following tests" time="0.013">
      <system-out><![CDATA[
COMMAND: POST /session/6d94d18c82106ec19b3d8abef7fd5130/window/fullscreen - {}
RESULT: {}
]]></system-out>
    </testcase>
    <testcase classname="chrome.135_0_7049_96.windows.Edit_and_delete_daily_price_US134629_US134627" name="Should create a new partner" time="128.63">
      <system-out><![CDATA[
COMMAND: POST /session/6d94d18c82106ec19b3d8abef7fd5130/window/fullscreen - {}
RESULT: {}
COMMAND: POST /session/6d94d18c82106ec19b3d8abef7fd5130/execute/async - {"script":"<script> [1562 bytes]","args":[{"selector":{"controlType":"sap.m.GenericTile","properties":{"header":"Manage Partners"}},"wdio_ui5_key":"sapm.GenericTile{\"header\":\"Manage Partners\"}"}]}
RESULT: {"script":"<script> [1562 bytes]","args":[{"selector":{"controlType":"sap.m.GenericTile","properties":{"header":"Manage Partners"}},"wdio_ui5_key":"sapm.GenericTile{\"header\":\"Manage Partners\"}"}]}
RESULT: undefined
COMMAND: POST /session/6d94d18c82106ec19b3d8abef7fd5130/element - {"using":"xpath","value":"//*[@id=\"__tile38\"]"}
RESULT: {"using":"xpath","value":"//*[@id=\"__tile38\"]"}
COMMAND: POST /session/6d94d18c82106ec19b3d8abef7fd5130/element/f.C1D3EA7ECBFCC03A372CAA8AC6DB352F.d.103390C097C7165CDBA8A791C402D15F.e.2914/click - {}
RESULT: {}
COMMAND: POST /session/6d94d18c82106ec19b3d8abef7fd5130/element - {"using":"xpath","value":"//button[@data-kt=\"addButton\"]"}
COMMAND: GET /session/6d94d18c82106ec19b3d8abef7fd5130/screenshot - {}
RESULT: {"using":"xpath","value":"//button[@data-kt=\"addButton\"]"}
COMMAND: POST /session/6d94d18c82106ec19b3d8abef7fd5130/elements - {"using":"xpath","value":"//button[@data-kt=\"addButton\"]"}
RESULT: {}
RESULT: {"using":"xpath","value":"//button[@data-kt=\"addButton\"]"}
COMMAND: POST /session/6d94d18c82106ec19b3d8abef7fd5130/elements - {"using":"xpath","value":"//button[@data-kt=\"addButton\"]"}
RESULT: {"using":"xpath","value":"//button[@data-kt=\"addButton\"]"}
COMMAND: POST /session/6d94d18c82106ec19b3d8abef7fd5130/elements - {"using":"xpath","value":"//button[@data-kt=\"addButton\"]"}
RESULT: {"using":"xpath","value":"//button[@data-kt=\"addButton\"]"}
COMMAND: POST /session/6d94d18c82106ec19b3d8abef7fd5130/elements - {"using":"xpath","value":"//button[@data-kt=\"addButton\"]"}
RESULT: {"using":"xpath","value":"//button[@data-kt=\"addButton\"]"}
COMMAND: POST /session/6d94d18c82106ec19b3d8abef7fd5130/elements - {"using":"xpath","value":"//button[@data-kt=\"addButton\"]"}
RESULT: {"using":"xpath","value":"//button[@data-kt=\"addButton\"]"}
COMMAND: POST /session/6d94d18c82106ec19b3d8abef7fd5130/elements - {"using":"xpath","value":"//button[@data-kt=\"addButton\"]"}
RESULT: {"using":"xpath","value":"//button[@data-kt=\"addButton\"]"}
COMMAND: POST /session/6d94d18c82106ec19b3d8abef7fd5130/elements - {"using":"xpath","value":"//button[@data-kt=\"addButton\"]"}
RESULT: {"using":"xpath","value":"//button[@data-kt=\"addButton\"]"}
COMMAND: POST /session/6d94d18c82106ec19b3d8abef7fd5130/elements - {"using":"xpath","value":"//button[@data-kt=\"addButton\"]"}
RESULT: {"using":"xpath","value":"//button[@data-kt=\"addButton\"]"}
COMMAND: POST /session/6d94d18c82106ec19b3d8abef7fd5130/elements - {"using":"xpath","value":"//button[@data-kt=\"addButton\"]"}
RESULT: {"using":"xpath","value":"//button[@data-kt=\"addButton\"]"}
COMMAND: POST /session/6d94d18c82106ec19b3d8abef7fd5130/elements - {"using":"xpath","value":"//button[@data-kt=\"addButton\"]"}
RESULT: {"using":"xpath","value":"//button[@data-kt=\"addButton\"]"}
COMMAND: POST /session/6d94d18c82106ec19b3d8abef7fd5130/elements - {"using":"xpath","value":"//button[@data-kt=\"addButton\"]"}
RESULT: {"using":"xpath","value":"//button[@data-kt=\"addButton\"]"}
COMMAND: POST /session/6d94d18c82106ec19b3d8abef7fd5130/elements - {"using":"xpath","value":"//button[@data-kt=\"addButton\"]"}
RESULT: {"using":"xpath","value":"//button[@data-kt=\"addButton\"]"}
COMMAND: POST /session/6d94d18c82106ec19b3d8abef7fd5130/elements - {"using":"xpath","value":"//button[@data-kt=\"addButton\"]"}
RESULT: {"using":"xpath","value":"//button[@data-kt=\"addButton\"]"}
COMMAND: POST /session/6d94d18c82106ec19b3d8abef7fd5130/elements - {"using":"xpath","value":"//button[@data-kt=\"addButton\"]"}
RESULT: {"using":"xpath","value":"//button[@data-kt=\"addButton\"]"}
COMMAND: POST /session/6d94d18c82106ec19b3d8abef7fd5130/elements - {"using":"xpath","value":"//button[@data-kt=\"addButton\"]"}
RESULT: {"using":"xpath","value":"//button[@data-kt=\"addButton\"]"}
COMMAND: POST /session/6d94d18c82106ec19b3d8abef7fd5130/elements - {"using":"xpath","value":"//button[@data-kt=\"addButton\"]"}
RESULT: {"using":"xpath","value":"//button[@data-kt=\"addButton\"]"}
COMMAND: POST /session/6d94d18c82106ec19b3d8abef7fd5130/elements - {"using":"xpath","value":"//button[@data-kt=\"addButton\"]"}
RESULT: {"using":"xpath","value":"//button[@data-kt=\"addButton\"]"}
COMMAND: POST /session/6d94d18c82106ec19b3d8abef7fd5130/elements - {"using":"xpath","value":"//button[@data-kt=\"addButton\"]"}
RESULT: {"using":"xpath","value":"//button[@data-kt=\"addButton\"]"}
COMMAND: POST /session/6d94d18c82106ec19b3d8abef7fd5130/elements - {"using":"xpath","value":"//button[@data-kt=\"addButton\"]"}
RESULT: {"using":"xpath","value":"//button[@data-kt=\"addButton\"]"}
COMMAND: POST /session/6d94d18c82106ec19b3d8abef7fd5130/elements - {"using":"xpath","value":"//button[@data-kt=\"addButton\"]"}
RESULT: {"using":"xpath","value":"//button[@data-kt=\"addButton\"]"}
COMMAND: POST /session/6d94d18c82106ec19b3d8abef7fd5130/elements - {"using":"xpath","value":"//button[@data-kt=\"addButton\"]"}
RESULT: {"using":"xpath","value":"//button[@data-kt=\"addButton\"]"}
COMMAND: POST /session/6d94d18c82106ec19b3d8abef7fd5130/elements - {"using":"xpath","value":"//button[@data-kt=\"addButton\"]"}
RESULT: {"using":"xpath","value":"//button[@data-kt=\"addButton\"]"}
COMMAND: POST /session/6d94d18c82106ec19b3d8abef7fd5130/elements - {"using":"xpath","value":"//button[@data-kt=\"addButton\"]"}
RESULT: {"using":"xpath","value":"//button[@data-kt=\"addButton\"]"}
COMMAND: POST /session/6d94d18c82106ec19b3d8abef7fd5130/elements - {"using":"xpath","value":"//button[@data-kt=\"addButton\"]"}
RESULT: {"using":"xpath","value":"//button[@data-kt=\"addButton\"]"}
COMMAND: POST /session/6d94d18c82106ec19b3d8abef7fd5130/elements - {"using":"xpath","value":"//button[@data-kt=\"addButton\"]"}
RESULT: {"using":"xpath","value":"//button[@data-kt=\"addButton\"]"}
COMMAND: POST /session/6d94d18c82106ec19b3d8abef7fd5130/elements - {"using":"xpath","value":"//button[@data-kt=\"addButton\"]"}
RESULT: {"using":"xpath","value":"//button[@data-kt=\"addButton\"]"}
COMMAND: POST /session/6d94d18c82106ec19b3d8abef7fd5130/elements - {"using":"xpath","value":"//button[@data-kt=\"addButton\"]"}
RESULT: {"using":"xpath","value":"//button[@data-kt=\"addButton\"]"}
COMMAND: POST /session/6d94d18c82106ec19b3d8abef7fd5130/elements - {"using":"xpath","value":"//button[@data-kt=\"addButton\"]"}
RESULT: {"using":"xpath","value":"//button[@data-kt=\"addButton\"]"}
COMMAND: POST /session/6d94d18c82106ec19b3d8abef7fd5130/elements - {"using":"xpath","value":"//button[@data-kt=\"addButton\"]"}
RESULT: {"using":"xpath","value":"//button[@data-kt=\"addButton\"]"}
COMMAND: POST /session/6d94d18c82106ec19b3d8abef7fd5130/elements - {"using":"xpath","value":"//button[@data-kt=\"addButton\"]"}
RESULT: {"using":"xpath","value":"//button[@data-kt=\"addButton\"]"}
COMMAND: POST /session/6d94d18c82106ec19b3d8abef7fd5130/elements - {"using":"xpath","value":"//button[@data-kt=\"addButton\"]"}
RESULT: {"using":"xpath","value":"//button[@data-kt=\"addButton\"]"}
COMMAND: POST /session/6d94d18c82106ec19b3d8abef7fd5130/elements - {"using":"xpath","value":"//button[@data-kt=\"addButton\"]"}
RESULT: {"using":"xpath","value":"//button[@data-kt=\"addButton\"]"}
COMMAND: POST /session/6d94d18c82106ec19b3d8abef7fd5130/elements - {"using":"xpath","value":"//button[@data-kt=\"addButton\"]"}
RESULT: {"using":"xpath","value":"//button[@data-kt=\"addButton\"]"}
COMMAND: POST /session/6d94d18c82106ec19b3d8abef7fd5130/elements - {"using":"xpath","value":"//button[@data-kt=\"addButton\"]"}
RESULT: {"using":"xpath","value":"//button[@data-kt=\"addButton\"]"}
COMMAND: POST /session/6d94d18c82106ec19b3d8abef7fd5130/elements - {"using":"xpath","value":"//button[@data-kt=\"addButton\"]"}
RESULT: {"using":"xpath","value":"//button[@data-kt=\"addButton\"]"}
COMMAND: POST /session/6d94d18c82106ec19b3d8abef7fd5130/elements - {"using":"xpath","value":"//button[@data-kt=\"addButton\"]"}
RESULT: {"using":"xpath","value":"//button[@data-kt=\"addButton\"]"}
COMMAND: POST /session/6d94d18c82106ec19b3d8abef7fd5130/element - {"using":"xpath","value":"//button[@data-kt=\"addButton\"]"}
RESULT: {"using":"xpath","value":"//button[@data-kt=\"addButton\"]"}
COMMAND: POST /session/6d94d18c82106ec19b3d8abef7fd5130/execute/sync - {"script":"<script> [8489 bytes]","args":[{"element-6066-11e4-a52e-4f735466cecf":"f.C1D3EA7ECBFCC03A372CAA8AC6DB352F.d.103390C097C7165CDBA8A791C402D15F.e.3061","ELEMENT":"f.C1D3EA7ECBFCC03A372CAA8AC6DB352F.d.103390C097C7165CDBA8A791C402D15F.e.3061"}]}
RESULT: {"script":"<script> [8489 bytes]","args":[{"element-6066-11e4-a52e-4f735466cecf":"f.C1D3EA7ECBFCC03A372CAA8AC6DB352F.d.103390C097C7165CDBA8A791C402D15F.e.3061","ELEMENT":"f.C1D3EA7ECBFCC03A372CAA8AC6DB352F.d.103390C097C7165CDBA8A791C402D15F.e.3061"}]}
COMMAND: GET /session/6d94d18c82106ec19b3d8abef7fd5130/element/f.C1D3EA7ECBFCC03A372CAA8AC6DB352F.d.103390C097C7165CDBA8A791C402D15F.e.3061/enabled - {}
COMMAND: GET /session/6d94d18c82106ec19b3d8abef7fd5130/screenshot - {}
RESULT: {}
COMMAND: POST /session/6d94d18c82106ec19b3d8abef7fd5130/execute/sync - {"script":"<script> [8489 bytes]","args":[{"element-6066-11e4-a52e-4f735466cecf":"f.C1D3EA7ECBFCC03A372CAA8AC6DB352F.d.103390C097C7165CDBA8A791C402D15F.e.3061","ELEMENT":"f.C1D3EA7ECBFCC03A372CAA8AC6DB352F.d.103390C097C7165CDBA8A791C402D15F.e.3061"}]}
COMMAND: GET /session/6d94d18c82106ec19b3d8abef7fd5130/screenshot - {}
RESULT: {}
RESULT: {"script":"<script> [8489 bytes]","args":[{"element-6066-11e4-a52e-4f735466cecf":"f.C1D3EA7ECBFCC03A372CAA8AC6DB352F.d.103390C097C7165CDBA8A791C402D15F.e.3061","ELEMENT":"f.C1D3EA7ECBFCC03A372CAA8AC6DB352F.d.103390C097C7165CDBA8A791C402D15F.e.3061"}]}
COMMAND: POST /session/6d94d18c82106ec19b3d8abef7fd5130/execute/sync - {"script":"<script> [5351 bytes]","args":[{"element-6066-11e4-a52e-4f735466cecf":"f.C1D3EA7ECBFCC03A372CAA8AC6DB352F.d.103390C097C7165CDBA8A791C402D15F.e.3061","ELEMENT":"f.C1D3EA7ECBFCC03A372CAA8AC6DB352F.d.103390C097C7165CDBA8A791C402D15F.e.3061"}]}
COMMAND: GET /session/6d94d18c82106ec19b3d8abef7fd5130/screenshot - {}
RESULT: {}
RESULT: {"script":"<script> [5351 bytes]","args":[{"element-6066-11e4-a52e-4f735466cecf":"f.C1D3EA7ECBFCC03A372CAA8AC6DB352F.d.103390C097C7165CDBA8A791C402D15F.e.3061","ELEMENT":"f.C1D3EA7ECBFCC03A372CAA8AC6DB352F.d.103390C097C7165CDBA8A791C402D15F.e.3061"}]}
COMMAND: POST /session/6d94d18c82106ec19b3d8abef7fd5130/element/f.C1D3EA7ECBFCC03A372CAA8AC6DB352F.d.103390C097C7165CDBA8A791C402D15F.e.3061/click - {}
COMMAND: GET /session/6d94d18c82106ec19b3d8abef7fd5130/screenshot - {}
RESULT: {}
RESULT: {}
COMMAND: GET /session/6d94d18c82106ec19b3d8abef7fd5130/screenshot - {}
RESULT: {}
RESULT: {}
COMMAND: POST /session/6d94d18c82106ec19b3d8abef7fd5130/execute/async - {"script":"<script> [1562 bytes]","args":[{"selector":{"id":"application-managepartners-display-component---NewPartner--addressDetailDetailsName1","interaction":{"idSuffix":"inner"}},"wdio_ui5_key":"applicationmanagepartners-display-component---NewPartner--addressDetailDetailsName1"}]}
RESULT: {"script":"<script> [1562 bytes]","args":[{"selector":{"id":"application-managepartners-display-component---NewPartner--addressDetailDetailsName1","interaction":{"idSuffix":"inner"}},"wdio_ui5_key":"applicationmanagepartners-display-component---NewPartner--addressDetailDetailsName1"}]}
RESULT: undefined
COMMAND: POST /session/6d94d18c82106ec19b3d8abef7fd5130/execute/async - {"script":"<script> [776 bytes]","args":[{"enterText":"DailyPrice Partner WDIO","selector":{"id":"application-managepartners-display-component---NewPartner--addressDetailDetailsName1","interaction":{"idSuffix":"inner"}},"clearTextFirst":true,"interactionType":"ENTER_TEXT"}]}
RESULT: {"script":"<script> [776 bytes]","args":[{"enterText":"DailyPrice Partner WDIO","selector":{"id":"application-managepartners-display-component---NewPartner--addressDetailDetailsName1","interaction":{"idSuffix":"inner"}},"clearTextFirst":true,"interactionType":"ENTER_TEXT"}]}
COMMAND: POST /session/6d94d18c82106ec19b3d8abef7fd5130/execute/async - {"script":"<script> [1562 bytes]","args":[{"selector":{"id":"application-managepartners-display-component---NewPartner--addressDetailDetailsLanguage-arrow"},"wdio_ui5_key":"applicationmanagepartners-display-component---NewPartner--addressDetailDetailsLanguage-arrow"}]}
RESULT: {"script":"<script> [1562 bytes]","args":[{"selector":{"id":"application-managepartners-display-component---NewPartner--addressDetailDetailsLanguage-arrow"},"wdio_ui5_key":"applicationmanagepartners-display-component---NewPartner--addressDetailDetailsLanguage-arrow"}]}
RESULT: undefined
COMMAND: POST /session/6d94d18c82106ec19b3d8abef7fd5130/element - {"using":"xpath","value":"//*[@id=\"application-managepartners-display-component---NewPartner--addressDetailDetailsLanguage-arrow\"]"}
RESULT: {"using":"xpath","value":"//*[@id=\"application-managepartners-display-component---NewPartner--addressDetailDetailsLanguage-arrow\"]"}
COMMAND: POST /session/6d94d18c82106ec19b3d8abef7fd5130/element/f.C1D3EA7ECBFCC03A372CAA8AC6DB352F.d.103390C097C7165CDBA8A791C402D15F.e.3514/click - {}
RESULT: {}
COMMAND: POST /session/6d94d18c82106ec19b3d8abef7fd5130/element - {"using":"xpath","value":"//span[contains(text(), \"English\")]"}
COMMAND: GET /session/6d94d18c82106ec19b3d8abef7fd5130/screenshot - {}
RESULT: {"using":"xpath","value":"//span[contains(text(), \"English\")]"}
COMMAND: POST /session/6d94d18c82106ec19b3d8abef7fd5130/element/f.C1D3EA7ECBFCC03A372CAA8AC6DB352F.d.103390C097C7165CDBA8A791C402D15F.e.3515/click - {}
RESULT: {}
RESULT: {}
COMMAND: GET /session/6d94d18c82106ec19b3d8abef7fd5130/screenshot - {}
RESULT: {}
COMMAND: POST /session/6d94d18c82106ec19b3d8abef7fd5130/execute/async - {"script":"<script> [1562 bytes]","args":[{"selector":{"id":"application-managepartners-display-component---NewPartner--addressDetailDetailsCity1","interaction":{"idSuffix":"inner"}},"wdio_ui5_key":"applicationmanagepartners-display-component---NewPartner--addressDetailDetailsCity1"}]}
RESULT: {"script":"<script> [1562 bytes]","args":[{"selector":{"id":"application-managepartners-display-component---NewPartner--addressDetailDetailsCity1","interaction":{"idSuffix":"inner"}},"wdio_ui5_key":"applicationmanagepartners-display-component---NewPartner--addressDetailDetailsCity1"}]}
RESULT: undefined
COMMAND: POST /session/6d94d18c82106ec19b3d8abef7fd5130/execute/async - {"script":"<script> [776 bytes]","args":[{"enterText":"Rosario","selector":{"id":"application-managepartners-display-component---NewPartner--addressDetailDetailsCity1","interaction":{"idSuffix":"inner"}},"clearTextFirst":true,"interactionType":"ENTER_TEXT"}]}
RESULT: {"script":"<script> [776 bytes]","args":[{"enterText":"Rosario","selector":{"id":"application-managepartners-display-component---NewPartner--addressDetailDetailsCity1","interaction":{"idSuffix":"inner"}},"clearTextFirst":true,"interactionType":"ENTER_TEXT"}]}
COMMAND: POST /session/6d94d18c82106ec19b3d8abef7fd5130/execute/async - {"script":"<script> [1562 bytes]","args":[{"selector":{"id":"application-managepartners-display-component---NewPartner--addressDetailDetailsCountry-arrow"},"wdio_ui5_key":"applicationmanagepartners-display-component---NewPartner--addressDetailDetailsCountry-arrow"}]}
RESULT: {"script":"<script> [1562 bytes]","args":[{"selector":{"id":"application-managepartners-display-component---NewPartner--addressDetailDetailsCountry-arrow"},"wdio_ui5_key":"applicationmanagepartners-display-component---NewPartner--addressDetailDetailsCountry-arrow"}]}
RESULT: undefined
COMMAND: POST /session/6d94d18c82106ec19b3d8abef7fd5130/element - {"using":"xpath","value":"//*[@id=\"application-managepartners-display-component---NewPartner--addressDetailDetailsCountry-arrow\"]"}
RESULT: {"using":"xpath","value":"//*[@id=\"application-managepartners-display-component---NewPartner--addressDetailDetailsCountry-arrow\"]"}
COMMAND: POST /session/6d94d18c82106ec19b3d8abef7fd5130/element/f.C1D3EA7ECBFCC03A372CAA8AC6DB352F.d.103390C097C7165CDBA8A791C402D15F.e.3482/click - {}
RESULT: {}
COMMAND: POST /session/6d94d18c82106ec19b3d8abef7fd5130/element - {"using":"xpath","value":"//span[contains(text(), \"Argentina\")]"}
COMMAND: GET /session/6d94d18c82106ec19b3d8abef7fd5130/screenshot - {}
RESULT: {"using":"xpath","value":"//span[contains(text(), \"Argentina\")]"}
COMMAND: POST /session/6d94d18c82106ec19b3d8abef7fd5130/element/f.C1D3EA7ECBFCC03A372CAA8AC6DB352F.d.103390C097C7165CDBA8A791C402D15F.e.3517/click - {}
RESULT: {}
RESULT: {}
COMMAND: GET /session/6d94d18c82106ec19b3d8abef7fd5130/screenshot - {}
RESULT: {}
COMMAND: POST /session/6d94d18c82106ec19b3d8abef7fd5130/element - {"using":"xpath","value":"//bdi[contains(text(), \"Commercial\")]"}
RESULT: {"using":"xpath","value":"//bdi[contains(text(), \"Commercial\")]"}
COMMAND: POST /session/6d94d18c82106ec19b3d8abef7fd5130/element/f.C1D3EA7ECBFCC03A372CAA8AC6DB352F.d.103390C097C7165CDBA8A791C402D15F.e.3518/click - {}
RESULT: {}
COMMAND: GET /session/6d94d18c82106ec19b3d8abef7fd5130/screenshot - {}
RESULT: {}
COMMAND: POST /session/6d94d18c82106ec19b3d8abef7fd5130/execute/async - {"script":"<script> [1562 bytes]","args":[{"selector":{"id":"application-managepartners-display-component---NewPartner--partnerDetailInternal-arrow"},"wdio_ui5_key":"applicationmanagepartners-display-component---NewPartner--partnerDetailInternal-arrow"}]}
RESULT: {"script":"<script> [1562 bytes]","args":[{"selector":{"id":"application-managepartners-display-component---NewPartner--partnerDetailInternal-arrow"},"wdio_ui5_key":"applicationmanagepartners-display-component---NewPartner--partnerDetailInternal-arrow"}]}
RESULT: undefined
COMMAND: POST /session/6d94d18c82106ec19b3d8abef7fd5130/element - {"using":"xpath","value":"//*[@id=\"application-managepartners-display-component---NewPartner--partnerDetailInternal-arrow\"]"}
RESULT: {"using":"xpath","value":"//*[@id=\"application-managepartners-display-component---NewPartner--partnerDetailInternal-arrow\"]"}
COMMAND: POST /session/6d94d18c82106ec19b3d8abef7fd5130/element/f.C1D3EA7ECBFCC03A372CAA8AC6DB352F.d.103390C097C7165CDBA8A791C402D15F.e.3524/click - {}
RESULT: {}
COMMAND: POST /session/6d94d18c82106ec19b3d8abef7fd5130/element - {"using":"xpath","value":"//span[contains(text(), \"Affiliated company\")]"}
COMMAND: GET /session/6d94d18c82106ec19b3d8abef7fd5130/screenshot - {}
RESULT: {"using":"xpath","value":"//span[contains(text(), \"Affiliated company\")]"}
COMMAND: POST /session/6d94d18c82106ec19b3d8abef7fd5130/element/f.C1D3EA7ECBFCC03A372CAA8AC6DB352F.d.103390C097C7165CDBA8A791C402D15F.e.3525/click - {}
RESULT: {}
RESULT: {}
COMMAND: POST /session/6d94d18c82106ec19b3d8abef7fd5130/execute/async - {"script":"<script> [1562 bytes]","args":[{"selector":{"id":"application-managepartners-display-component---NewPartner--partnerDetailsCurrency-arrow"},"wdio_ui5_key":"applicationmanagepartners-display-component---NewPartner--partnerDetailsCurrency-arrow"}]}
COMMAND: GET /session/6d94d18c82106ec19b3d8abef7fd5130/screenshot - {}
RESULT: {"script":"<script> [1562 bytes]","args":[{"selector":{"id":"application-managepartners-display-component---NewPartner--partnerDetailsCurrency-arrow"},"wdio_ui5_key":"applicationmanagepartners-display-component---NewPartner--partnerDetailsCurrency-arrow"}]}
RESULT: undefined
COMMAND: POST /session/6d94d18c82106ec19b3d8abef7fd5130/element - {"using":"xpath","value":"//*[@id=\"application-managepartners-display-component---NewPartner--partnerDetailsCurrency-arrow\"]"}
RESULT: {}
RESULT: {"using":"xpath","value":"//*[@id=\"application-managepartners-display-component---NewPartner--partnerDetailsCurrency-arrow\"]"}
COMMAND: POST /session/6d94d18c82106ec19b3d8abef7fd5130/element/f.C1D3EA7ECBFCC03A372CAA8AC6DB352F.d.103390C097C7165CDBA8A791C402D15F.e.3532/click - {}
RESULT: {}
COMMAND: POST /session/6d94d18c82106ec19b3d8abef7fd5130/element - {"using":"xpath","value":"//span[contains(text(), \"Euro\")]"}
COMMAND: GET /session/6d94d18c82106ec19b3d8abef7fd5130/screenshot - {}
RESULT: {"using":"xpath","value":"//span[contains(text(), \"Euro\")]"}
COMMAND: POST /session/6d94d18c82106ec19b3d8abef7fd5130/element/f.C1D3EA7ECBFCC03A372CAA8AC6DB352F.d.103390C097C7165CDBA8A791C402D15F.e.3533/click - {}
RESULT: {}
RESULT: {}
COMMAND: POST /session/6d94d18c82106ec19b3d8abef7fd5130/execute/async - {"script":"<script> [1562 bytes]","args":[{"selector":{"id":"application-managepartners-display-component---NewPartner--addressEditDetailsCostObjectCstType-arrow"},"wdio_ui5_key":"applicationmanagepartners-display-component---NewPartner--addressEditDetailsCostObjectCstType-arrow"}]}
COMMAND: GET /session/6d94d18c82106ec19b3d8abef7fd5130/screenshot - {}
RESULT: {"script":"<script> [1562 bytes]","args":[{"selector":{"id":"application-managepartners-display-component---NewPartner--addressEditDetailsCostObjectCstType-arrow"},"wdio_ui5_key":"applicationmanagepartners-display-component---NewPartner--addressEditDetailsCostObjectCstType-arrow"}]}
RESULT: undefined
COMMAND: POST /session/6d94d18c82106ec19b3d8abef7fd5130/element - {"using":"xpath","value":"//*[@id=\"application-managepartners-display-component---NewPartner--addressEditDetailsCostObjectCstType-arrow\"]"}
RESULT: {}
RESULT: {"using":"xpath","value":"//*[@id=\"application-managepartners-display-component---NewPartner--addressEditDetailsCostObjectCstType-arrow\"]"}
COMMAND: POST /session/6d94d18c82106ec19b3d8abef7fd5130/element/f.C1D3EA7ECBFCC03A372CAA8AC6DB352F.d.103390C097C7165CDBA8A791C402D15F.e.3534/click - {}
RESULT: {}
COMMAND: POST /session/6d94d18c82106ec19b3d8abef7fd5130/element - {"using":"xpath","value":"//span[contains(text(), \"Cost Center\")]"}
COMMAND: GET /session/6d94d18c82106ec19b3d8abef7fd5130/screenshot - {}
RESULT: {"using":"xpath","value":"//span[contains(text(), \"Cost Center\")]"}
COMMAND: POST /session/6d94d18c82106ec19b3d8abef7fd5130/element/f.C1D3EA7ECBFCC03A372CAA8AC6DB352F.d.103390C097C7165CDBA8A791C402D15F.e.3535/click - {}
RESULT: {}
RESULT: {}
COMMAND: GET /session/6d94d18c82106ec19b3d8abef7fd5130/screenshot - {}
RESULT: {}
COMMAND: POST /session/6d94d18c82106ec19b3d8abef7fd5130/element - {"using":"xpath","value":"//span[@id=\"application-managepartners-display-component---NewPartner--addressNewCostObjectCstID-vhi\"]"}
RESULT: {"using":"xpath","value":"//span[@id=\"application-managepartners-display-component---NewPartner--addressNewCostObjectCstID-vhi\"]"}
COMMAND: POST /session/6d94d18c82106ec19b3d8abef7fd5130/execute/sync - {"script":"<script> [8489 bytes]","args":[{"element-6066-11e4-a52e-4f735466cecf":"f.C1D3EA7ECBFCC03A372CAA8AC6DB352F.d.103390C097C7165CDBA8A791C402D15F.e.3539","ELEMENT":"f.C1D3EA7ECBFCC03A372CAA8AC6DB352F.d.103390C097C7165CDBA8A791C402D15F.e.3539"}]}
RESULT: {"script":"<script> [8489 bytes]","args":[{"element-6066-11e4-a52e-4f735466cecf":"f.C1D3EA7ECBFCC03A372CAA8AC6DB352F.d.103390C097C7165CDBA8A791C402D15F.e.3539","ELEMENT":"f.C1D3EA7ECBFCC03A372CAA8AC6DB352F.d.103390C097C7165CDBA8A791C402D15F.e.3539"}]}
COMMAND: POST /session/6d94d18c82106ec19b3d8abef7fd5130/execute/async - {"script":"<script> [1562 bytes]","args":[{"selector":{"id":"application-managepartners-display-component---NewPartner--addressNewCostObjectCstID-vhi"},"wdio_ui5_key":"applicationmanagepartners-display-component---NewPartner--addressNewCostObjectCstID-vhi"}]}
COMMAND: GET /session/6d94d18c82106ec19b3d8abef7fd5130/screenshot - {}
RESULT: {"script":"<script> [1562 bytes]","args":[{"selector":{"id":"application-managepartners-display-component---NewPartner--addressNewCostObjectCstID-vhi"},"wdio_ui5_key":"applicationmanagepartners-display-component---NewPartner--addressNewCostObjectCstID-vhi"}]}
RESULT: undefined
COMMAND: POST /session/6d94d18c82106ec19b3d8abef7fd5130/element - {"using":"xpath","value":"//*[@id=\"application-managepartners-display-component---NewPartner--addressNewCostObjectCstID-vhi\"]"}
RESULT: {}
RESULT: {"using":"xpath","value":"//*[@id=\"application-managepartners-display-component---NewPartner--addressNewCostObjectCstID-vhi\"]"}
COMMAND: POST /session/6d94d18c82106ec19b3d8abef7fd5130/element/f.C1D3EA7ECBFCC03A372CAA8AC6DB352F.d.103390C097C7165CDBA8A791C402D15F.e.3539/click - {}
RESULT: {}
COMMAND: GET /session/6d94d18c82106ec19b3d8abef7fd5130/screenshot - {}
RESULT: {}
COMMAND: POST /session/6d94d18c82106ec19b3d8abef7fd5130/execute/async - {"script":"<script> [1562 bytes]","args":[{"selector":{"controlType":"sap.m.SearchField","properties":{"placeholder":"Search"},"searchOpenDialogs":true,"interaction":{"idSuffix":"I"}},"wdio_ui5_key":"sapm.SearchField{\"placeholder\":\"Search\"}"}]}
RESULT: {"script":"<script> [1562 bytes]","args":[{"selector":{"controlType":"sap.m.SearchField","properties":{"placeholder":"Search"},"searchOpenDialogs":true,"interaction":{"idSuffix":"I"}},"wdio_ui5_key":"sapm.SearchField{\"placeholder\":\"Search\"}"}]}
RESULT: undefined
COMMAND: POST /session/6d94d18c82106ec19b3d8abef7fd5130/execute/async - {"script":"<script> [776 bytes]","args":[{"enterText":"10001013","selector":{"controlType":"sap.m.SearchField","properties":{"placeholder":"Search"},"searchOpenDialogs":true,"interaction":{"idSuffix":"I"}},"clearTextFirst":true,"interactionType":"ENTER_TEXT"}]}
RESULT: {"script":"<script> [776 bytes]","args":[{"enterText":"10001013","selector":{"controlType":"sap.m.SearchField","properties":{"placeholder":"Search"},"searchOpenDialogs":true,"interaction":{"idSuffix":"I"}},"clearTextFirst":true,"interactionType":"ENTER_TEXT"}]}
COMMAND: POST /session/6d94d18c82106ec19b3d8abef7fd5130/actions - {"actions":[{"id":"action11","type":"key","parameters":{},"actions":[{"type":"keyDown","value":"î€‡"},{"type":"pause","duration":10},{"type":"keyUp","value":"î€‡"}]}]}
RESULT: {"actions":[{"id":"action11","type":"key","parameters":{},"actions":[{"type":"keyDown","value":"î€‡"},{"type":"pause","duration":10},{"type":"keyUp","value":"î€‡"}]}]}
COMMAND: GET /session/6d94d18c82106ec19b3d8abef7fd5130/screenshot - {}
RESULT: {}
COMMAND: POST /session/6d94d18c82106ec19b3d8abef7fd5130/element - {"using":"xpath","value":"//span[contains(text(), \"General Management\")]"}
RESULT: {"using":"xpath","value":"//span[contains(text(), \"General Management\")]"}
COMMAND: POST /session/6d94d18c82106ec19b3d8abef7fd5130/element/f.C1D3EA7ECBFCC03A372CAA8AC6DB352F.d.103390C097C7165CDBA8A791C402D15F.e.3580/click - {}
RESULT: {}
COMMAND: GET /session/6d94d18c82106ec19b3d8abef7fd5130/screenshot - {}
RESULT: {}
COMMAND: POST /session/6d94d18c82106ec19b3d8abef7fd5130/element - {"using":"xpath","value":"//bdi[contains(text(), \"OK\")]"}
RESULT: {"using":"xpath","value":"//bdi[contains(text(), \"OK\")]"}
COMMAND: POST /session/6d94d18c82106ec19b3d8abef7fd5130/element/f.C1D3EA7ECBFCC03A372CAA8AC6DB352F.d.103390C097C7165CDBA8A791C402D15F.e.3581/click - {}
RESULT: {}
COMMAND: GET /session/6d94d18c82106ec19b3d8abef7fd5130/screenshot - {}
RESULT: {}
COMMAND: POST /session/6d94d18c82106ec19b3d8abef7fd5130/element - {"using":"xpath","value":"//input[@id=\"application-managepartners-display-component---NewPartner--companyCodeComboBox-inner\"]"}
RESULT: {"using":"xpath","value":"//input[@id=\"application-managepartners-display-component---NewPartner--companyCodeComboBox-inner\"]"}
COMMAND: POST /session/6d94d18c82106ec19b3d8abef7fd5130/element/f.C1D3EA7ECBFCC03A372CAA8AC6DB352F.d.103390C097C7165CDBA8A791C402D15F.e.3370/clear - {}
RESULT: {}
COMMAND: POST /session/6d94d18c82106ec19b3d8abef7fd5130/element/f.C1D3EA7ECBFCC03A372CAA8AC6DB352F.d.103390C097C7165CDBA8A791C402D15F.e.3370/value - {"text":"C002"}
COMMAND: GET /session/6d94d18c82106ec19b3d8abef7fd5130/screenshot - {}
RESULT: {"text":"C002"}
COMMAND: GET /session/6d94d18c82106ec19b3d8abef7fd5130/screenshot - {}
RESULT: {}
RESULT: {}
COMMAND: POST /session/6d94d18c82106ec19b3d8abef7fd5130/element - {"using":"xpath","value":"//span[contains(text(), \"C002\")]"}
RESULT: {"using":"xpath","value":"//span[contains(text(), \"C002\")]"}
COMMAND: POST /session/6d94d18c82106ec19b3d8abef7fd5130/element/f.C1D3EA7ECBFCC03A372CAA8AC6DB352F.d.103390C097C7165CDBA8A791C402D15F.e.3587/click - {}
RESULT: {}
COMMAND: GET /session/6d94d18c82106ec19b3d8abef7fd5130/screenshot - {}
RESULT: {}
COMMAND: POST /session/6d94d18c82106ec19b3d8abef7fd5130/execute/async - {"script":"<script> [1562 bytes]","args":[{"selector":{"id":"application-managepartners-display-component---NewPartner--btnAddTableRow-img"},"wdio_ui5_key":"applicationmanagepartners-display-component---NewPartner--btnAddTableRow-img"}]}
RESULT: {"script":"<script> [1562 bytes]","args":[{"selector":{"id":"application-managepartners-display-component---NewPartner--btnAddTableRow-img"},"wdio_ui5_key":"applicationmanagepartners-display-component---NewPartner--btnAddTableRow-img"}]}
RESULT: undefined
COMMAND: POST /session/6d94d18c82106ec19b3d8abef7fd5130/element - {"using":"xpath","value":"//*[@id=\"application-managepartners-display-component---NewPartner--btnAddTableRow-img\"]"}
RESULT: {"using":"xpath","value":"//*[@id=\"application-managepartners-display-component---NewPartner--btnAddTableRow-img\"]"}
COMMAND: POST /session/6d94d18c82106ec19b3d8abef7fd5130/element/f.C1D3EA7ECBFCC03A372CAA8AC6DB352F.d.103390C097C7165CDBA8A791C402D15F.e.3588/click - {}
RESULT: {}
COMMAND: GET /session/6d94d18c82106ec19b3d8abef7fd5130/screenshot - {}
RESULT: {}
COMMAND: POST /session/6d94d18c82106ec19b3d8abef7fd5130/element - {"using":"xpath","value":"//input[@id=\"application-managepartners-display-component---NewPartner--assignmentYard-application-managepartners-display-component---NewPartner--assignmentsTable-0-inner\"]"}
RESULT: {"using":"xpath","value":"//input[@id=\"application-managepartners-display-component---NewPartner--assignmentYard-application-managepartners-display-component---NewPartner--assignmentsTable-0-inner\"]"}
COMMAND: POST /session/6d94d18c82106ec19b3d8abef7fd5130/element/f.C1D3EA7ECBFCC03A372CAA8AC6DB352F.d.103390C097C7165CDBA8A791C402D15F.e.3591/clear - {}
RESULT: {}
COMMAND: POST /session/6d94d18c82106ec19b3d8abef7fd5130/element/f.C1D3EA7ECBFCC03A372CAA8AC6DB352F.d.103390C097C7165CDBA8A791C402D15F.e.3591/value - {"text":"411"}
COMMAND: GET /session/6d94d18c82106ec19b3d8abef7fd5130/screenshot - {}
RESULT: {"text":"411"}
COMMAND: GET /session/6d94d18c82106ec19b3d8abef7fd5130/screenshot - {}
RESULT: {}
RESULT: {}
COMMAND: POST /session/6d94d18c82106ec19b3d8abef7fd5130/element - {"using":"xpath","value":"//li[.//span[text()='411']]"}
RESULT: {"using":"xpath","value":"//li[.//span[text()='411']]"}
COMMAND: POST /session/6d94d18c82106ec19b3d8abef7fd5130/element/f.C1D3EA7ECBFCC03A372CAA8AC6DB352F.d.103390C097C7165CDBA8A791C402D15F.e.3600/click - {}
RESULT: {}
COMMAND: GET /session/6d94d18c82106ec19b3d8abef7fd5130/screenshot - {}
RESULT: {}
COMMAND: POST /session/6d94d18c82106ec19b3d8abef7fd5130/actions - {"actions":[{"id":"action12","type":"key","parameters":{},"actions":[{"type":"keyDown","value":"î€‡"},{"type":"pause","duration":10},{"type":"keyUp","value":"î€‡"}]}]}
RESULT: {"actions":[{"id":"action12","type":"key","parameters":{},"actions":[{"type":"keyDown","value":"î€‡"},{"type":"pause","duration":10},{"type":"keyUp","value":"î€‡"}]}]}
COMMAND: POST /session/6d94d18c82106ec19b3d8abef7fd5130/execute/async - {"script":"<script> [1562 bytes]","args":[{"selector":{"id":"application-managepartners-display-component---NewPartner--externalCustomerComboBox-application-managepartners-display-component---NewPartner--assignmentsTable-0-vhi"},"wdio_ui5_key":"applicationmanagepartners-display-component---NewPartner--externalCustomerComboBox-application-managepartners-display-component---NewPartner--assignmentsTable-0-vhi"}]}
COMMAND: GET /session/6d94d18c82106ec19b3d8abef7fd5130/screenshot - {}
RESULT: {"script":"<script> [1562 bytes]","args":[{"selector":{"id":"application-managepartners-display-component---NewPartner--externalCustomerComboBox-application-managepartners-display-component---NewPartner--assignmentsTable-0-vhi"},"wdio_ui5_key":"applicationmanagepartners-display-component---NewPartner--externalCustomerComboBox-application-managepartners-display-component---NewPartner--assignmentsTable-0-vhi"}]}
RESULT: undefined
COMMAND: POST /session/6d94d18c82106ec19b3d8abef7fd5130/element - {"using":"xpath","value":"//*[@id=\"application-managepartners-display-component---NewPartner--externalCustomerComboBox-application-managepartners-display-component---NewPartner--assignmentsTable-0-vhi\"]"}
RESULT: {}
RESULT: {"using":"xpath","value":"//*[@id=\"application-managepartners-display-component---NewPartner--externalCustomerComboBox-application-managepartners-display-component---NewPartner--assignmentsTable-0-vhi\"]"}
COMMAND: POST /session/6d94d18c82106ec19b3d8abef7fd5130/element/f.C1D3EA7ECBFCC03A372CAA8AC6DB352F.d.103390C097C7165CDBA8A791C402D15F.e.3604/click - {}
RESULT: {}
RESULT: undefined
COMMAND: POST /session/6d94d18c82106ec19b3d8abef7fd5130/execute/async - {"script":"<script> [776 bytes]","args":[{"enterText":"300003","selector":{"controlType":"sap.m.SearchField","properties":{"placeholder":"Search"},"searchOpenDialogs":true,"interaction":{"idSuffix":"I"}},"clearTextFirst":true,"interactionType":"ENTER_TEXT"}]}
COMMAND: GET /session/6d94d18c82106ec19b3d8abef7fd5130/screenshot - {}
RESULT: {"script":"<script> [776 bytes]","args":[{"enterText":"300003","selector":{"controlType":"sap.m.SearchField","properties":{"placeholder":"Search"},"searchOpenDialogs":true,"interaction":{"idSuffix":"I"}},"clearTextFirst":true,"interactionType":"ENTER_TEXT"}]}
COMMAND: POST /session/6d94d18c82106ec19b3d8abef7fd5130/actions - {"actions":[{"id":"action13","type":"key","parameters":{},"actions":[{"type":"keyDown","value":"î€‡"},{"type":"pause","duration":10},{"type":"keyUp","value":"î€‡"}]}]}
RESULT: {}
RESULT: {"actions":[{"id":"action13","type":"key","parameters":{},"actions":[{"type":"keyDown","value":"î€‡"},{"type":"pause","duration":10},{"type":"keyUp","value":"î€‡"}]}]}
COMMAND: GET /session/6d94d18c82106ec19b3d8abef7fd5130/screenshot - {}
RESULT: {}
COMMAND: POST /session/6d94d18c82106ec19b3d8abef7fd5130/element - {"using":"xpath","value":"//span[contains(text(), \"300003\")]"}
RESULT: {"using":"xpath","value":"//span[contains(text(), \"300003\")]"}
COMMAND: POST /session/6d94d18c82106ec19b3d8abef7fd5130/element/f.C1D3EA7ECBFCC03A372CAA8AC6DB352F.d.103390C097C7165CDBA8A791C402D15F.e.3621/click - {}
RESULT: {}
COMMAND: GET /session/6d94d18c82106ec19b3d8abef7fd5130/screenshot - {}
RESULT: {}
COMMAND: POST /session/6d94d18c82106ec19b3d8abef7fd5130/element - {"using":"xpath","value":"//bdi[contains(text(), \"OK\")]"}
RESULT: {"using":"xpath","value":"//bdi[contains(text(), \"OK\")]"}
COMMAND: POST /session/6d94d18c82106ec19b3d8abef7fd5130/element/f.C1D3EA7ECBFCC03A372CAA8AC6DB352F.d.103390C097C7165CDBA8A791C402D15F.e.3623/click - {}
RESULT: {}
COMMAND: GET /session/6d94d18c82106ec19b3d8abef7fd5130/screenshot - {}
RESULT: {}
COMMAND: POST /session/6d94d18c82106ec19b3d8abef7fd5130/execute/async - {"script":"<script> [1562 bytes]","args":[{"selector":{"id":"application-managepartners-display-component---NewPartner--intercompVendorComboBox-application-managepartners-display-component---NewPartner--assignmentsTable-0-vhi"},"wdio_ui5_key":"applicationmanagepartners-display-component---NewPartner--intercompVendorComboBox-application-managepartners-display-component---NewPartner--assignmentsTable-0-vhi"}]}
RESULT: {"script":"<script> [1562 bytes]","args":[{"selector":{"id":"application-managepartners-display-component---NewPartner--intercompVendorComboBox-application-managepartners-display-component---NewPartner--assignmentsTable-0-vhi"},"wdio_ui5_key":"applicationmanagepartners-display-component---NewPartner--intercompVendorComboBox-application-managepartners-display-component---NewPartner--assignmentsTable-0-vhi"}]}
RESULT: undefined
COMMAND: POST /session/6d94d18c82106ec19b3d8abef7fd5130/element - {"using":"xpath","value":"//*[@id=\"application-managepartners-display-component---NewPartner--intercompVendorComboBox-application-managepartners-display-component---NewPartner--assignmentsTable-0-vhi\"]"}
RESULT: {"using":"xpath","value":"//*[@id=\"application-managepartners-display-component---NewPartner--intercompVendorComboBox-application-managepartners-display-component---NewPartner--assignmentsTable-0-vhi\"]"}
COMMAND: POST /session/6d94d18c82106ec19b3d8abef7fd5130/element/f.C1D3EA7ECBFCC03A372CAA8AC6DB352F.d.103390C097C7165CDBA8A791C402D15F.e.3626/click - {}
RESULT: {}
RESULT: undefined
COMMAND: POST /session/6d94d18c82106ec19b3d8abef7fd5130/execute/async - {"script":"<script> [776 bytes]","args":[{"enterText":"100005","selector":{"controlType":"sap.m.SearchField","properties":{"placeholder":"Search"},"searchOpenDialogs":true,"interaction":{"idSuffix":"I"}},"clearTextFirst":true,"interactionType":"ENTER_TEXT"}]}
COMMAND: GET /session/6d94d18c82106ec19b3d8abef7fd5130/screenshot - {}
RESULT: {"script":"<script> [776 bytes]","args":[{"enterText":"100005","selector":{"controlType":"sap.m.SearchField","properties":{"placeholder":"Search"},"searchOpenDialogs":true,"interaction":{"idSuffix":"I"}},"clearTextFirst":true,"interactionType":"ENTER_TEXT"}]}
COMMAND: POST /session/6d94d18c82106ec19b3d8abef7fd5130/actions - {"actions":[{"id":"action14","type":"key","parameters":{},"actions":[{"type":"keyDown","value":"î€‡"},{"type":"pause","duration":10},{"type":"keyUp","value":"î€‡"}]}]}
RESULT: {}
RESULT: {"actions":[{"id":"action14","type":"key","parameters":{},"actions":[{"type":"keyDown","value":"î€‡"},{"type":"pause","duration":10},{"type":"keyUp","value":"î€‡"}]}]}
COMMAND: GET /session/6d94d18c82106ec19b3d8abef7fd5130/screenshot - {}
RESULT: {}
COMMAND: POST /session/6d94d18c82106ec19b3d8abef7fd5130/element - {"using":"xpath","value":"//span[contains(text(), \"Penguins - Field/12345 Berlin\")]"}
RESULT: {"using":"xpath","value":"//span[contains(text(), \"Penguins - Field/12345 Berlin\")]"}
COMMAND: POST /session/6d94d18c82106ec19b3d8abef7fd5130/element/f.C1D3EA7ECBFCC03A372CAA8AC6DB352F.d.103390C097C7165CDBA8A791C402D15F.e.3643/click - {}
RESULT: {}
COMMAND: GET /session/6d94d18c82106ec19b3d8abef7fd5130/screenshot - {}
RESULT: {}
COMMAND: POST /session/6d94d18c82106ec19b3d8abef7fd5130/element - {"using":"xpath","value":"//bdi[contains(text(), \"OK\")]"}
RESULT: {"using":"xpath","value":"//bdi[contains(text(), \"OK\")]"}
COMMAND: POST /session/6d94d18c82106ec19b3d8abef7fd5130/element/f.C1D3EA7ECBFCC03A372CAA8AC6DB352F.d.103390C097C7165CDBA8A791C402D15F.e.3644/click - {}
RESULT: {}
COMMAND: GET /session/6d94d18c82106ec19b3d8abef7fd5130/screenshot - {}
RESULT: {}
COMMAND: POST /session/6d94d18c82106ec19b3d8abef7fd5130/element - {"using":"xpath","value":"//button[@data-kt=\"saveButton\"]"}
RESULT: {"using":"xpath","value":"//button[@data-kt=\"saveButton\"]"}
COMMAND: POST /session/6d94d18c82106ec19b3d8abef7fd5130/element/f.C1D3EA7ECBFCC03A372CAA8AC6DB352F.d.103390C097C7165CDBA8A791C402D15F.e.3451/click - {}
RESULT: {}
COMMAND: GET /session/6d94d18c82106ec19b3d8abef7fd5130/screenshot - {}
RESULT: {}
COMMAND: POST /session/6d94d18c82106ec19b3d8abef7fd5130/element - {"using":"xpath","value":"//header[contains(@id, 'ObjectPageLayout-headerTitle')]/div[1]/div[2]/div[2]/span[1]"}
RESULT: {"using":"xpath","value":"//header[contains(@id, 'ObjectPageLayout-headerTitle')]/div[1]/div[2]/div[2]/span[1]"}
COMMAND: POST /session/6d94d18c82106ec19b3d8abef7fd5130/elements - {"using":"xpath","value":"//header[contains(@id, 'ObjectPageLayout-headerTitle')]/div[1]/div[2]/div[2]/span[1]"}
RESULT: {"using":"xpath","value":"//header[contains(@id, 'ObjectPageLayout-headerTitle')]/div[1]/div[2]/div[2]/span[1]"}
COMMAND: POST /session/6d94d18c82106ec19b3d8abef7fd5130/execute/sync - {"script":"<script> [56 bytes]","args":[{"element-6066-11e4-a52e-4f735466cecf":"f.C1D3EA7ECBFCC03A372CAA8AC6DB352F.d.103390C097C7165CDBA8A791C402D15F.e.3809","ELEMENT":"f.C1D3EA7ECBFCC03A372CAA8AC6DB352F.d.103390C097C7165CDBA8A791C402D15F.e.3809"}]}
RESULT: {"script":"<script> [56 bytes]","args":[{"element-6066-11e4-a52e-4f735466cecf":"f.C1D3EA7ECBFCC03A372CAA8AC6DB352F.d.103390C097C7165CDBA8A791C402D15F.e.3809","ELEMENT":"f.C1D3EA7ECBFCC03A372CAA8AC6DB352F.d.103390C097C7165CDBA8A791C402D15F.e.3809"}]}
COMMAND: POST /session/6d94d18c82106ec19b3d8abef7fd5130/element - {"using":"css selector","value":"#shell-header-logo"}
COMMAND: GET /session/6d94d18c82106ec19b3d8abef7fd5130/screenshot - {}
RESULT: {"using":"css selector","value":"#shell-header-logo"}
COMMAND: POST /session/6d94d18c82106ec19b3d8abef7fd5130/element/f.C1D3EA7ECBFCC03A372CAA8AC6DB352F.d.103390C097C7165CDBA8A791C402D15F.e.3026/click - {}
RESULT: {}
RESULT: {}
COMMAND: GET /session/6d94d18c82106ec19b3d8abef7fd5130/screenshot - {}
RESULT: {}
COMMAND: POST /session/6d94d18c82106ec19b3d8abef7fd5130/execute/sync - {"script":"<script> [299 bytes]","args":[["getModel","getResource"]]}
RESULT: {"script":"<script> [299 bytes]","args":[["getModel","getResource"]]}
COMMAND: GET /session/6d94d18c82106ec19b3d8abef7fd5130/screenshot - {}
]]></system-out>
    </testcase>
    <testcase classname="chrome.135_0_7049_96.windows.Edit_and_delete_daily_price_US134629_US134627" name="Should create a new site used for following tests" time="85.741">
      <system-out><![CDATA[
COMMAND: POST /session/6d94d18c82106ec19b3d8abef7fd5130/execute/async - {"script":"<script> [1562 bytes]","args":[{"selector":{"controlType":"sap.m.TileContent","bindingPath":{"path":"","propertyPath":"/properties/info"},"ancestor":{"controlType":"sap.m.GenericTile","properties":{"header":"Manage Sites"}}},"wdio_ui5_key":"sapm.TileContent{\"path\":\"\",\"propertyPath\":\"/properties/info\"}{\"controlType\":\"sap.m.GenericTile\",\"properties\":{\"header\":\"Manage Sites\"}}"}]}
RESULT: {}
RESULT: {"script":"<script> [1562 bytes]","args":[{"selector":{"controlType":"sap.m.TileContent","bindingPath":{"path":"","propertyPath":"/properties/info"},"ancestor":{"controlType":"sap.m.GenericTile","properties":{"header":"Manage Sites"}}},"wdio_ui5_key":"sapm.TileContent{\"path\":\"\",\"propertyPath\":\"/properties/info\"}{\"controlType\":\"sap.m.GenericTile\",\"properties\":{\"header\":\"Manage Sites\"}}"}]}
RESULT: undefined
COMMAND: POST /session/6d94d18c82106ec19b3d8abef7fd5130/element - {"using":"xpath","value":"//*[@id=\"__xmlview7--numericTileContent\"]"}
RESULT: {"using":"xpath","value":"//*[@id=\"__xmlview7--numericTileContent\"]"}
COMMAND: POST /session/6d94d18c82106ec19b3d8abef7fd5130/element/f.C1D3EA7ECBFCC03A372CAA8AC6DB352F.d.103390C097C7165CDBA8A791C402D15F.e.3811/click - {}
RESULT: {}
COMMAND: POST /session/6d94d18c82106ec19b3d8abef7fd5130/element - {"using":"xpath","value":"//button[@data-kt=\"addOverflowToolbarButton\"]"}
COMMAND: GET /session/6d94d18c82106ec19b3d8abef7fd5130/screenshot - {}
RESULT: {"using":"xpath","value":"//button[@data-kt=\"addOverflowToolbarButton\"]"}
COMMAND: POST /session/6d94d18c82106ec19b3d8abef7fd5130/elements - {"using":"xpath","value":"//button[@data-kt=\"addOverflowToolbarButton\"]"}
RESULT: {}
RESULT: {"using":"xpath","value":"//button[@data-kt=\"addOverflowToolbarButton\"]"}
COMMAND: POST /session/6d94d18c82106ec19b3d8abef7fd5130/elements - {"using":"xpath","value":"//button[@data-kt=\"addOverflowToolbarButton\"]"}
RESULT: {"using":"xpath","value":"//button[@data-kt=\"addOverflowToolbarButton\"]"}
COMMAND: POST /session/6d94d18c82106ec19b3d8abef7fd5130/elements - {"using":"xpath","value":"//button[@data-kt=\"addOverflowToolbarButton\"]"}
RESULT: {"using":"xpath","value":"//button[@data-kt=\"addOverflowToolbarButton\"]"}
COMMAND: POST /session/6d94d18c82106ec19b3d8abef7fd5130/element - {"using":"xpath","value":"//button[@data-kt=\"addOverflowToolbarButton\"]"}
RESULT: {"using":"xpath","value":"//button[@data-kt=\"addOverflowToolbarButton\"]"}
COMMAND: POST /session/6d94d18c82106ec19b3d8abef7fd5130/execute/sync - {"script":"<script> [8489 bytes]","args":[{"element-6066-11e4-a52e-4f735466cecf":"f.C1D3EA7ECBFCC03A372CAA8AC6DB352F.d.103390C097C7165CDBA8A791C402D15F.e.3858","ELEMENT":"f.C1D3EA7ECBFCC03A372CAA8AC6DB352F.d.103390C097C7165CDBA8A791C402D15F.e.3858"}]}
RESULT: {"script":"<script> [8489 bytes]","args":[{"element-6066-11e4-a52e-4f735466cecf":"f.C1D3EA7ECBFCC03A372CAA8AC6DB352F.d.103390C097C7165CDBA8A791C402D15F.e.3858","ELEMENT":"f.C1D3EA7ECBFCC03A372CAA8AC6DB352F.d.103390C097C7165CDBA8A791C402D15F.e.3858"}]}
COMMAND: GET /session/6d94d18c82106ec19b3d8abef7fd5130/element/f.C1D3EA7ECBFCC03A372CAA8AC6DB352F.d.103390C097C7165CDBA8A791C402D15F.e.3858/enabled - {}
COMMAND: GET /session/6d94d18c82106ec19b3d8abef7fd5130/screenshot - {}
RESULT: {}
COMMAND: POST /session/6d94d18c82106ec19b3d8abef7fd5130/execute/sync - {"script":"<script> [8489 bytes]","args":[{"element-6066-11e4-a52e-4f735466cecf":"f.C1D3EA7ECBFCC03A372CAA8AC6DB352F.d.103390C097C7165CDBA8A791C402D15F.e.3858","ELEMENT":"f.C1D3EA7ECBFCC03A372CAA8AC6DB352F.d.103390C097C7165CDBA8A791C402D15F.e.3858"}]}
COMMAND: GET /session/6d94d18c82106ec19b3d8abef7fd5130/screenshot - {}
RESULT: {}
RESULT: {"script":"<script> [8489 bytes]","args":[{"element-6066-11e4-a52e-4f735466cecf":"f.C1D3EA7ECBFCC03A372CAA8AC6DB352F.d.103390C097C7165CDBA8A791C402D15F.e.3858","ELEMENT":"f.C1D3EA7ECBFCC03A372CAA8AC6DB352F.d.103390C097C7165CDBA8A791C402D15F.e.3858"}]}
COMMAND: POST /session/6d94d18c82106ec19b3d8abef7fd5130/execute/sync - {"script":"<script> [5351 bytes]","args":[{"element-6066-11e4-a52e-4f735466cecf":"f.C1D3EA7ECBFCC03A372CAA8AC6DB352F.d.103390C097C7165CDBA8A791C402D15F.e.3858","ELEMENT":"f.C1D3EA7ECBFCC03A372CAA8AC6DB352F.d.103390C097C7165CDBA8A791C402D15F.e.3858"}]}
COMMAND: GET /session/6d94d18c82106ec19b3d8abef7fd5130/screenshot - {}
RESULT: {}
RESULT: {"script":"<script> [5351 bytes]","args":[{"element-6066-11e4-a52e-4f735466cecf":"f.C1D3EA7ECBFCC03A372CAA8AC6DB352F.d.103390C097C7165CDBA8A791C402D15F.e.3858","ELEMENT":"f.C1D3EA7ECBFCC03A372CAA8AC6DB352F.d.103390C097C7165CDBA8A791C402D15F.e.3858"}]}
COMMAND: POST /session/6d94d18c82106ec19b3d8abef7fd5130/element/f.C1D3EA7ECBFCC03A372CAA8AC6DB352F.d.103390C097C7165CDBA8A791C402D15F.e.3858/click - {}
COMMAND: GET /session/6d94d18c82106ec19b3d8abef7fd5130/screenshot - {}
RESULT: {}
RESULT: {}
COMMAND: GET /session/6d94d18c82106ec19b3d8abef7fd5130/screenshot - {}
COMMAND: POST /session/6d94d18c82106ec19b3d8abef7fd5130/execute/async - {"script":"<script> [1562 bytes]","args":[{"selector":{"id":"application-managesites-display-component---NewSite--addressDetailDetailsName1","interaction":{"idSuffix":"inner"}},"wdio_ui5_key":"applicationmanagesites-display-component---NewSite--addressDetailDetailsName1"}]}
RESULT: {}
RESULT: {}
RESULT: {"script":"<script> [1562 bytes]","args":[{"selector":{"id":"application-managesites-display-component---NewSite--addressDetailDetailsName1","interaction":{"idSuffix":"inner"}},"wdio_ui5_key":"applicationmanagesites-display-component---NewSite--addressDetailDetailsName1"}]}
RESULT: undefined
COMMAND: POST /session/6d94d18c82106ec19b3d8abef7fd5130/execute/async - {"script":"<script> [776 bytes]","args":[{"enterText":"DailyPrice WDIO","selector":{"id":"application-managesites-display-component---NewSite--addressDetailDetailsName1","interaction":{"idSuffix":"inner"}},"clearTextFirst":true,"interactionType":"ENTER_TEXT"}]}
RESULT: {"script":"<script> [776 bytes]","args":[{"enterText":"DailyPrice WDIO","selector":{"id":"application-managesites-display-component---NewSite--addressDetailDetailsName1","interaction":{"idSuffix":"inner"}},"clearTextFirst":true,"interactionType":"ENTER_TEXT"}]}
COMMAND: POST /session/6d94d18c82106ec19b3d8abef7fd5130/execute/async - {"script":"<script> [1562 bytes]","args":[{"selector":{"id":"application-managesites-display-component---NewSite--addressDetailDetailsLanguage-arrow"},"wdio_ui5_key":"applicationmanagesites-display-component---NewSite--addressDetailDetailsLanguage-arrow"}]}
RESULT: {"script":"<script> [1562 bytes]","args":[{"selector":{"id":"application-managesites-display-component---NewSite--addressDetailDetailsLanguage-arrow"},"wdio_ui5_key":"applicationmanagesites-display-component---NewSite--addressDetailDetailsLanguage-arrow"}]}
RESULT: undefined
COMMAND: POST /session/6d94d18c82106ec19b3d8abef7fd5130/element - {"using":"xpath","value":"//*[@id=\"application-managesites-display-component---NewSite--addressDetailDetailsLanguage-arrow\"]"}
RESULT: {"using":"xpath","value":"//*[@id=\"application-managesites-display-component---NewSite--addressDetailDetailsLanguage-arrow\"]"}
COMMAND: POST /session/6d94d18c82106ec19b3d8abef7fd5130/element/f.C1D3EA7ECBFCC03A372CAA8AC6DB352F.d.103390C097C7165CDBA8A791C402D15F.e.4254/click - {}
RESULT: {}
COMMAND: POST /session/6d94d18c82106ec19b3d8abef7fd5130/element - {"using":"xpath","value":"//span[contains(text(), \"English\")]"}
COMMAND: GET /session/6d94d18c82106ec19b3d8abef7fd5130/screenshot - {}
RESULT: {"using":"xpath","value":"//span[contains(text(), \"English\")]"}
COMMAND: POST /session/6d94d18c82106ec19b3d8abef7fd5130/element/f.C1D3EA7ECBFCC03A372CAA8AC6DB352F.d.103390C097C7165CDBA8A791C402D15F.e.4255/click - {}
RESULT: {}
RESULT: {}
COMMAND: POST /session/6d94d18c82106ec19b3d8abef7fd5130/execute/async - {"script":"<script> [1562 bytes]","args":[{"selector":{"id":"application-managesites-display-component---NewSite--addressDetailDetailsCity1","interaction":{"idSuffix":"inner"}},"wdio_ui5_key":"applicationmanagesites-display-component---NewSite--addressDetailDetailsCity1"}]}
COMMAND: GET /session/6d94d18c82106ec19b3d8abef7fd5130/screenshot - {}
RESULT: {"script":"<script> [1562 bytes]","args":[{"selector":{"id":"application-managesites-display-component---NewSite--addressDetailDetailsCity1","interaction":{"idSuffix":"inner"}},"wdio_ui5_key":"applicationmanagesites-display-component---NewSite--addressDetailDetailsCity1"}]}
RESULT: undefined
COMMAND: POST /session/6d94d18c82106ec19b3d8abef7fd5130/execute/async - {"script":"<script> [776 bytes]","args":[{"enterText":"Rosario","selector":{"id":"application-managesites-display-component---NewSite--addressDetailDetailsCity1","interaction":{"idSuffix":"inner"}},"clearTextFirst":true,"interactionType":"ENTER_TEXT"}]}
RESULT: {}
RESULT: {"script":"<script> [776 bytes]","args":[{"enterText":"Rosario","selector":{"id":"application-managesites-display-component---NewSite--addressDetailDetailsCity1","interaction":{"idSuffix":"inner"}},"clearTextFirst":true,"interactionType":"ENTER_TEXT"}]}
COMMAND: POST /session/6d94d18c82106ec19b3d8abef7fd5130/execute/async - {"script":"<script> [1562 bytes]","args":[{"selector":{"id":"application-managesites-display-component---NewSite--addressDetailDetailsCountry-arrow"},"wdio_ui5_key":"applicationmanagesites-display-component---NewSite--addressDetailDetailsCountry-arrow"}]}
RESULT: {"script":"<script> [1562 bytes]","args":[{"selector":{"id":"application-managesites-display-component---NewSite--addressDetailDetailsCountry-arrow"},"wdio_ui5_key":"applicationmanagesites-display-component---NewSite--addressDetailDetailsCountry-arrow"}]}
RESULT: undefined
COMMAND: POST /session/6d94d18c82106ec19b3d8abef7fd5130/element - {"using":"xpath","value":"//*[@id=\"application-managesites-display-component---NewSite--addressDetailDetailsCountry-arrow\"]"}
RESULT: {"using":"xpath","value":"//*[@id=\"application-managesites-display-component---NewSite--addressDetailDetailsCountry-arrow\"]"}
COMMAND: POST /session/6d94d18c82106ec19b3d8abef7fd5130/element/f.C1D3EA7ECBFCC03A372CAA8AC6DB352F.d.103390C097C7165CDBA8A791C402D15F.e.4257/click - {}
RESULT: {}
COMMAND: POST /session/6d94d18c82106ec19b3d8abef7fd5130/element - {"using":"xpath","value":"//span[contains(text(), \"Argentina\")]"}
COMMAND: GET /session/6d94d18c82106ec19b3d8abef7fd5130/screenshot - {}
RESULT: {"using":"xpath","value":"//span[contains(text(), \"Argentina\")]"}
COMMAND: POST /session/6d94d18c82106ec19b3d8abef7fd5130/element/f.C1D3EA7ECBFCC03A372CAA8AC6DB352F.d.103390C097C7165CDBA8A791C402D15F.e.4258/click - {}
RESULT: {}
RESULT: {}
COMMAND: GET /session/6d94d18c82106ec19b3d8abef7fd5130/screenshot - {}
RESULT: {}
COMMAND: POST /session/6d94d18c82106ec19b3d8abef7fd5130/execute/async - {"script":"<script> [1562 bytes]","args":[{"selector":{"id":"application-managesites-display-component---NewSite--addressEditDetailsCostObjectCstType-arrow"},"wdio_ui5_key":"applicationmanagesites-display-component---NewSite--addressEditDetailsCostObjectCstType-arrow"}]}
RESULT: {"script":"<script> [1562 bytes]","args":[{"selector":{"id":"application-managesites-display-component---NewSite--addressEditDetailsCostObjectCstType-arrow"},"wdio_ui5_key":"applicationmanagesites-display-component---NewSite--addressEditDetailsCostObjectCstType-arrow"}]}
RESULT: undefined
COMMAND: POST /session/6d94d18c82106ec19b3d8abef7fd5130/element - {"using":"xpath","value":"//*[@id=\"application-managesites-display-component---NewSite--addressEditDetailsCostObjectCstType-arrow\"]"}
RESULT: {"using":"xpath","value":"//*[@id=\"application-managesites-display-component---NewSite--addressEditDetailsCostObjectCstType-arrow\"]"}
COMMAND: POST /session/6d94d18c82106ec19b3d8abef7fd5130/element/f.C1D3EA7ECBFCC03A372CAA8AC6DB352F.d.103390C097C7165CDBA8A791C402D15F.e.4260/click - {}
RESULT: {}
COMMAND: POST /session/6d94d18c82106ec19b3d8abef7fd5130/element - {"using":"xpath","value":"//span[contains(text(), \"Cost Center\")]"}
COMMAND: GET /session/6d94d18c82106ec19b3d8abef7fd5130/screenshot - {}
RESULT: {"using":"xpath","value":"//span[contains(text(), \"Cost Center\")]"}
COMMAND: POST /session/6d94d18c82106ec19b3d8abef7fd5130/element/f.C1D3EA7ECBFCC03A372CAA8AC6DB352F.d.103390C097C7165CDBA8A791C402D15F.e.4262/click - {}
RESULT: {}
RESULT: {}
COMMAND: GET /session/6d94d18c82106ec19b3d8abef7fd5130/screenshot - {}
RESULT: {}
COMMAND: POST /session/6d94d18c82106ec19b3d8abef7fd5130/element - {"using":"xpath","value":"//span[@id=\"application-managesites-display-component---NewSite--addressNewCostObjectCstID-vhi\"]"}
RESULT: {"using":"xpath","value":"//span[@id=\"application-managesites-display-component---NewSite--addressNewCostObjectCstID-vhi\"]"}
COMMAND: POST /session/6d94d18c82106ec19b3d8abef7fd5130/execute/sync - {"script":"<script> [8489 bytes]","args":[{"element-6066-11e4-a52e-4f735466cecf":"f.C1D3EA7ECBFCC03A372CAA8AC6DB352F.d.103390C097C7165CDBA8A791C402D15F.e.4266","ELEMENT":"f.C1D3EA7ECBFCC03A372CAA8AC6DB352F.d.103390C097C7165CDBA8A791C402D15F.e.4266"}]}
RESULT: {"script":"<script> [8489 bytes]","args":[{"element-6066-11e4-a52e-4f735466cecf":"f.C1D3EA7ECBFCC03A372CAA8AC6DB352F.d.103390C097C7165CDBA8A791C402D15F.e.4266","ELEMENT":"f.C1D3EA7ECBFCC03A372CAA8AC6DB352F.d.103390C097C7165CDBA8A791C402D15F.e.4266"}]}
COMMAND: POST /session/6d94d18c82106ec19b3d8abef7fd5130/execute/async - {"script":"<script> [1562 bytes]","args":[{"selector":{"id":"application-managesites-display-component---NewSite--addressNewCostObjectCstID-vhi"},"wdio_ui5_key":"applicationmanagesites-display-component---NewSite--addressNewCostObjectCstID-vhi"}]}
COMMAND: GET /session/6d94d18c82106ec19b3d8abef7fd5130/screenshot - {}
RESULT: {"script":"<script> [1562 bytes]","args":[{"selector":{"id":"application-managesites-display-component---NewSite--addressNewCostObjectCstID-vhi"},"wdio_ui5_key":"applicationmanagesites-display-component---NewSite--addressNewCostObjectCstID-vhi"}]}
RESULT: undefined
COMMAND: POST /session/6d94d18c82106ec19b3d8abef7fd5130/element - {"using":"xpath","value":"//*[@id=\"application-managesites-display-component---NewSite--addressNewCostObjectCstID-vhi\"]"}
RESULT: {}
RESULT: {"using":"xpath","value":"//*[@id=\"application-managesites-display-component---NewSite--addressNewCostObjectCstID-vhi\"]"}
COMMAND: POST /session/6d94d18c82106ec19b3d8abef7fd5130/element/f.C1D3EA7ECBFCC03A372CAA8AC6DB352F.d.103390C097C7165CDBA8A791C402D15F.e.4266/click - {}
RESULT: {}
COMMAND: GET /session/6d94d18c82106ec19b3d8abef7fd5130/screenshot - {}
RESULT: {}
RESULT: undefined
COMMAND: POST /session/6d94d18c82106ec19b3d8abef7fd5130/execute/async - {"script":"<script> [776 bytes]","args":[{"enterText":"10001013","selector":{"controlType":"sap.m.SearchField","properties":{"placeholder":"Search"},"searchOpenDialogs":true,"interaction":{"idSuffix":"I"}},"clearTextFirst":true,"interactionType":"ENTER_TEXT"}]}
RESULT: {"script":"<script> [776 bytes]","args":[{"enterText":"10001013","selector":{"controlType":"sap.m.SearchField","properties":{"placeholder":"Search"},"searchOpenDialogs":true,"interaction":{"idSuffix":"I"}},"clearTextFirst":true,"interactionType":"ENTER_TEXT"}]}
COMMAND: POST /session/6d94d18c82106ec19b3d8abef7fd5130/actions - {"actions":[{"id":"action15","type":"key","parameters":{},"actions":[{"type":"keyDown","value":"î€‡"},{"type":"pause","duration":10},{"type":"keyUp","value":"î€‡"}]}]}
RESULT: {"actions":[{"id":"action15","type":"key","parameters":{},"actions":[{"type":"keyDown","value":"î€‡"},{"type":"pause","duration":10},{"type":"keyUp","value":"î€‡"}]}]}
COMMAND: GET /session/6d94d18c82106ec19b3d8abef7fd5130/screenshot - {}
RESULT: {}
COMMAND: POST /session/6d94d18c82106ec19b3d8abef7fd5130/element - {"using":"xpath","value":"//span[contains(text(), \"General Management\")]"}
RESULT: {"using":"xpath","value":"//span[contains(text(), \"General Management\")]"}
COMMAND: POST /session/6d94d18c82106ec19b3d8abef7fd5130/element/f.C1D3EA7ECBFCC03A372CAA8AC6DB352F.d.103390C097C7165CDBA8A791C402D15F.e.4306/click - {}
RESULT: {}
COMMAND: GET /session/6d94d18c82106ec19b3d8abef7fd5130/screenshot - {}
RESULT: {}
COMMAND: POST /session/6d94d18c82106ec19b3d8abef7fd5130/element - {"using":"xpath","value":"//bdi[contains(text(), \"OK\")]"}
RESULT: {"using":"xpath","value":"//bdi[contains(text(), \"OK\")]"}
COMMAND: POST /session/6d94d18c82106ec19b3d8abef7fd5130/element/f.C1D3EA7ECBFCC03A372CAA8AC6DB352F.d.103390C097C7165CDBA8A791C402D15F.e.4307/click - {}
RESULT: {}
COMMAND: GET /session/6d94d18c82106ec19b3d8abef7fd5130/screenshot - {}
RESULT: {}
COMMAND: POST /session/6d94d18c82106ec19b3d8abef7fd5130/element - {"using":"xpath","value":"//input[@id=\"application-managesites-display-component---NewSite--addressDetailDetailsCalendar-inner\"]"}
RESULT: {"using":"xpath","value":"//input[@id=\"application-managesites-display-component---NewSite--addressDetailDetailsCalendar-inner\"]"}
COMMAND: POST /session/6d94d18c82106ec19b3d8abef7fd5130/element/f.C1D3EA7ECBFCC03A372CAA8AC6DB352F.d.103390C097C7165CDBA8A791C402D15F.e.4109/clear - {}
RESULT: {}
COMMAND: POST /session/6d94d18c82106ec19b3d8abef7fd5130/element/f.C1D3EA7ECBFCC03A372CAA8AC6DB352F.d.103390C097C7165CDBA8A791C402D15F.e.4109/value - {"text":"Unit"}
COMMAND: GET /session/6d94d18c82106ec19b3d8abef7fd5130/screenshot - {}
RESULT: {"text":"Unit"}
COMMAND: GET /session/6d94d18c82106ec19b3d8abef7fd5130/screenshot - {}
RESULT: {}
RESULT: {}
COMMAND: POST /session/6d94d18c82106ec19b3d8abef7fd5130/actions - {"actions":[{"id":"action16","type":"key","parameters":{},"actions":[{"type":"keyDown","value":"î€‡"},{"type":"pause","duration":10},{"type":"keyUp","value":"î€‡"}]}]}
RESULT: {"actions":[{"id":"action16","type":"key","parameters":{},"actions":[{"type":"keyDown","value":"î€‡"},{"type":"pause","duration":10},{"type":"keyUp","value":"î€‡"}]}]}
COMMAND: POST /session/6d94d18c82106ec19b3d8abef7fd5130/element - {"using":"xpath","value":"//input[@id=\"application-managesites-display-component---NewSite--addressDetailDetailsYard-inner\"]"}
COMMAND: GET /session/6d94d18c82106ec19b3d8abef7fd5130/screenshot - {}
RESULT: {"using":"xpath","value":"//input[@id=\"application-managesites-display-component---NewSite--addressDetailDetailsYard-inner\"]"}
COMMAND: POST /session/6d94d18c82106ec19b3d8abef7fd5130/element/f.C1D3EA7ECBFCC03A372CAA8AC6DB352F.d.103390C097C7165CDBA8A791C402D15F.e.4110/clear - {}
RESULT: {}
RESULT: {}
COMMAND: POST /session/6d94d18c82106ec19b3d8abef7fd5130/element/f.C1D3EA7ECBFCC03A372CAA8AC6DB352F.d.103390C097C7165CDBA8A791C402D15F.e.4110/value - {"text":"411"}
COMMAND: GET /session/6d94d18c82106ec19b3d8abef7fd5130/screenshot - {}
RESULT: {"text":"411"}
COMMAND: GET /session/6d94d18c82106ec19b3d8abef7fd5130/screenshot - {}
RESULT: {}
RESULT: {}
COMMAND: POST /session/6d94d18c82106ec19b3d8abef7fd5130/element - {"using":"xpath","value":"//li[.//span[text()='411']]"}
RESULT: {"using":"xpath","value":"//li[.//span[text()='411']]"}
COMMAND: POST /session/6d94d18c82106ec19b3d8abef7fd5130/element/f.C1D3EA7ECBFCC03A372CAA8AC6DB352F.d.103390C097C7165CDBA8A791C402D15F.e.4315/click - {}
RESULT: {}
COMMAND: GET /session/6d94d18c82106ec19b3d8abef7fd5130/screenshot - {}
RESULT: {}
COMMAND: POST /session/6d94d18c82106ec19b3d8abef7fd5130/element - {"using":"xpath","value":"//input[@id=\"application-managesites-display-component---NewSite--addressDetailDetailsPartner-inner\"]"}
RESULT: {"using":"xpath","value":"//input[@id=\"application-managesites-display-component---NewSite--addressDetailDetailsPartner-inner\"]"}
COMMAND: POST /session/6d94d18c82106ec19b3d8abef7fd5130/element - {"using":"xpath","value":"//input[@id=\"application-managesites-display-component---NewSite--addressDetailDetailsPartner-inner\"]"}
RESULT: {"using":"xpath","value":"//input[@id=\"application-managesites-display-component---NewSite--addressDetailDetailsPartner-inner\"]"}
COMMAND: POST /session/6d94d18c82106ec19b3d8abef7fd5130/element - {"using":"xpath","value":"//button[@data-kt=\"saveButton\"]"}
RESULT: {"using":"xpath","value":"//button[@data-kt=\"saveButton\"]"}
COMMAND: POST /session/6d94d18c82106ec19b3d8abef7fd5130/element/f.C1D3EA7ECBFCC03A372CAA8AC6DB352F.d.103390C097C7165CDBA8A791C402D15F.e.4232/click - {}
RESULT: {}
COMMAND: GET /session/6d94d18c82106ec19b3d8abef7fd5130/screenshot - {}
RESULT: {}
COMMAND: POST /session/6d94d18c82106ec19b3d8abef7fd5130/element - {"using":"xpath","value":"//header[contains(@id, 'ObjectPageLayout-headerTitle')]/div[1]/div[2]/div[2]/span[1]"}
RESULT: {"using":"xpath","value":"//header[contains(@id, 'ObjectPageLayout-headerTitle')]/div[1]/div[2]/div[2]/span[1]"}
COMMAND: POST /session/6d94d18c82106ec19b3d8abef7fd5130/elements - {"using":"xpath","value":"//header[contains(@id, 'ObjectPageLayout-headerTitle')]/div[1]/div[2]/div[2]/span[1]"}
RESULT: {"using":"xpath","value":"//header[contains(@id, 'ObjectPageLayout-headerTitle')]/div[1]/div[2]/div[2]/span[1]"}
COMMAND: POST /session/6d94d18c82106ec19b3d8abef7fd5130/execute/sync - {"script":"<script> [56 bytes]","args":[{"element-6066-11e4-a52e-4f735466cecf":"f.C1D3EA7ECBFCC03A372CAA8AC6DB352F.d.103390C097C7165CDBA8A791C402D15F.e.4516","ELEMENT":"f.C1D3EA7ECBFCC03A372CAA8AC6DB352F.d.103390C097C7165CDBA8A791C402D15F.e.4516"}]}
RESULT: {"script":"<script> [56 bytes]","args":[{"element-6066-11e4-a52e-4f735466cecf":"f.C1D3EA7ECBFCC03A372CAA8AC6DB352F.d.103390C097C7165CDBA8A791C402D15F.e.4516","ELEMENT":"f.C1D3EA7ECBFCC03A372CAA8AC6DB352F.d.103390C097C7165CDBA8A791C402D15F.e.4516"}]}
COMMAND: POST /session/6d94d18c82106ec19b3d8abef7fd5130/element - {"using":"css selector","value":"#shell-header-logo"}
COMMAND: GET /session/6d94d18c82106ec19b3d8abef7fd5130/screenshot - {}
RESULT: {"using":"css selector","value":"#shell-header-logo"}
COMMAND: POST /session/6d94d18c82106ec19b3d8abef7fd5130/element/f.C1D3EA7ECBFCC03A372CAA8AC6DB352F.d.103390C097C7165CDBA8A791C402D15F.e.3816/click - {}
RESULT: {}
RESULT: {}
COMMAND: GET /session/6d94d18c82106ec19b3d8abef7fd5130/screenshot - {}
RESULT: {}
COMMAND: POST /session/6d94d18c82106ec19b3d8abef7fd5130/execute/sync - {"script":"<script> [299 bytes]","args":[["getModel","getResource"]]}
RESULT: {"script":"<script> [299 bytes]","args":[["getModel","getResource"]]}
COMMAND: GET /session/6d94d18c82106ec19b3d8abef7fd5130/screenshot - {}
]]></system-out>
    </testcase>
    <testcase classname="chrome.135_0_7049_96.windows.Edit_and_delete_daily_price_US134629_US134627" name="Should go to Manage Conditions Daily Price and add the 2 rows one with yard site and one with yard" time="71.867">
      <system-out><![CDATA[
COMMAND: POST /session/6d94d18c82106ec19b3d8abef7fd5130/window/fullscreen - {}
RESULT: {}
RESULT: {}
COMMAND: POST /session/6d94d18c82106ec19b3d8abef7fd5130/execute/async - {"script":"<script> [1562 bytes]","args":[{"selector":{"controlType":"sap.m.GenericTile","properties":{"header":"Manage Conditions & Prices"}},"wdio_ui5_key":"sapm.GenericTile{\"header\":\"Manage Conditions & Prices\"}"}]}
RESULT: {"script":"<script> [1562 bytes]","args":[{"selector":{"controlType":"sap.m.GenericTile","properties":{"header":"Manage Conditions & Prices"}},"wdio_ui5_key":"sapm.GenericTile{\"header\":\"Manage Conditions & Prices\"}"}]}
RESULT: undefined
COMMAND: POST /session/6d94d18c82106ec19b3d8abef7fd5130/element - {"using":"xpath","value":"//*[@id=\"__tile53\"]"}
RESULT: {"using":"xpath","value":"//*[@id=\"__tile53\"]"}
COMMAND: POST /session/6d94d18c82106ec19b3d8abef7fd5130/element/f.C1D3EA7ECBFCC03A372CAA8AC6DB352F.d.103390C097C7165CDBA8A791C402D15F.e.2964/click - {}
RESULT: {}
COMMAND: POST /session/6d94d18c82106ec19b3d8abef7fd5130/element - {"using":"xpath","value":"//button[@aria-label=\"Create\"]"}
COMMAND: GET /session/6d94d18c82106ec19b3d8abef7fd5130/screenshot - {}
RESULT: {"using":"xpath","value":"//button[@aria-label=\"Create\"]"}
COMMAND: POST /session/6d94d18c82106ec19b3d8abef7fd5130/elements - {"using":"xpath","value":"//button[@aria-label=\"Create\"]"}
RESULT: {}
RESULT: {"using":"xpath","value":"//button[@aria-label=\"Create\"]"}
COMMAND: POST /session/6d94d18c82106ec19b3d8abef7fd5130/element - {"using":"xpath","value":"//button[@aria-label=\"Create\"]"}
RESULT: {"using":"xpath","value":"//button[@aria-label=\"Create\"]"}
COMMAND: POST /session/6d94d18c82106ec19b3d8abef7fd5130/element/f.C1D3EA7ECBFCC03A372CAA8AC6DB352F.d.103390C097C7165CDBA8A791C402D15F.e.4548/click - {}
RESULT: {}
COMMAND: GET /session/6d94d18c82106ec19b3d8abef7fd5130/screenshot - {}
RESULT: {}
COMMAND: POST /session/6d94d18c82106ec19b3d8abef7fd5130/actions - {"actions":[{"id":"action17","type":"key","parameters":{},"actions":[{"type":"keyDown","value":"î€•"},{"type":"pause","duration":10},{"type":"keyUp","value":"î€•"}]}]}
RESULT: {"actions":[{"id":"action17","type":"key","parameters":{},"actions":[{"type":"keyDown","value":"î€•"},{"type":"pause","duration":10},{"type":"keyUp","value":"î€•"}]}]}
COMMAND: POST /session/6d94d18c82106ec19b3d8abef7fd5130/actions - {"actions":[{"id":"action18","type":"key","parameters":{},"actions":[{"type":"keyDown","value":"î€‡"},{"type":"pause","duration":10},{"type":"keyUp","value":"î€‡"}]}]}
COMMAND: GET /session/6d94d18c82106ec19b3d8abef7fd5130/screenshot - {}
RESULT: {"actions":[{"id":"action18","type":"key","parameters":{},"actions":[{"type":"keyDown","value":"î€‡"},{"type":"pause","duration":10},{"type":"keyUp","value":"î€‡"}]}]}
COMMAND: POST /session/6d94d18c82106ec19b3d8abef7fd5130/execute/async - {"script":"<script> [1562 bytes]","args":[{"selector":{"controlType":"sap.m.Title","viewName":"etm.portal.ui.manageconditionprice.view.DailyPrices","viewId":"application-manageconditionprice-display-component---dailyPrices","i18NText":{"propertyName":"text","key":"dailyPrices"}},"wdio_ui5_key":"etmportal.ui.manageconditionprice.view.DailyPricessap.m.Title{\"propertyName\":\"text\",\"key\":\"dailyPrices\"}"}]}
COMMAND: GET /session/6d94d18c82106ec19b3d8abef7fd5130/screenshot - {}
RESULT: {}
RESULT: {"script":"<script> [1562 bytes]","args":[{"selector":{"controlType":"sap.m.Title","viewName":"etm.portal.ui.manageconditionprice.view.DailyPrices","viewId":"application-manageconditionprice-display-component---dailyPrices","i18NText":{"propertyName":"text","key":"dailyPrices"}},"wdio_ui5_key":"etmportal.ui.manageconditionprice.view.DailyPricessap.m.Title{\"propertyName\":\"text\",\"key\":\"dailyPrices\"}"}]}
RESULT: undefined
COMMAND: POST /session/6d94d18c82106ec19b3d8abef7fd5130/execute/async - {"script":"<script> [6424 bytes]","args":[{"element-6066-11e4-a52e-4f735466cecf":"f.C1D3EA7ECBFCC03A372CAA8AC6DB352F.d.103390C097C7165CDBA8A791C402D15F.e.4916"},"getText",[]]}
RESULT: {}
RESULT: {"script":"<script> [6424 bytes]","args":[{"element-6066-11e4-a52e-4f735466cecf":"f.C1D3EA7ECBFCC03A372CAA8AC6DB352F.d.103390C097C7165CDBA8A791C402D15F.e.4916"},"getText",[]]}
COMMAND: POST /session/6d94d18c82106ec19b3d8abef7fd5130/execute/async - {"script":"<script> [1562 bytes]","args":[{"selector":{"id":"application-manageconditionprice-display-component---dailyPrices--condBillCond","interaction":{"idSuffix":"inner"}},"wdio_ui5_key":"applicationmanageconditionprice-display-component---dailyPrices--condBillCond"}]}
RESULT: {"script":"<script> [1562 bytes]","args":[{"selector":{"id":"application-manageconditionprice-display-component---dailyPrices--condBillCond","interaction":{"idSuffix":"inner"}},"wdio_ui5_key":"applicationmanageconditionprice-display-component---dailyPrices--condBillCond"}]}
RESULT: undefined
COMMAND: POST /session/6d94d18c82106ec19b3d8abef7fd5130/execute/async - {"script":"<script> [776 bytes]","args":[{"enterText":"Residual Value %","selector":{"id":"application-manageconditionprice-display-component---dailyPrices--condBillCond","interaction":{"idSuffix":"inner"}},"clearTextFirst":true,"interactionType":"ENTER_TEXT"}]}
RESULT: {"script":"<script> [776 bytes]","args":[{"enterText":"Residual Value %","selector":{"id":"application-manageconditionprice-display-component---dailyPrices--condBillCond","interaction":{"idSuffix":"inner"}},"clearTextFirst":true,"interactionType":"ENTER_TEXT"}]}
COMMAND: POST /session/6d94d18c82106ec19b3d8abef7fd5130/execute/async - {"script":"<script> [1562 bytes]","args":[{"selector":{"controlType":"sap.m.StandardListItem","viewName":"etm.portal.ui.manageconditionprice.view.DailyPrices","viewId":"application-manageconditionprice-display-component---dailyPrices","properties":{"type":"Active"},"searchOpenDialogs":true,"interaction":{"idSuffix":"titleText"}},"wdio_ui5_key":"etmportal.ui.manageconditionprice.view.DailyPricessap.m.StandardListItem{\"type\":\"Active\"}"}]}
RESULT: {"script":"<script> [1562 bytes]","args":[{"selector":{"controlType":"sap.m.StandardListItem","viewName":"etm.portal.ui.manageconditionprice.view.DailyPrices","viewId":"application-manageconditionprice-display-component---dailyPrices","properties":{"type":"Active"},"searchOpenDialogs":true,"interaction":{"idSuffix":"titleText"}},"wdio_ui5_key":"etmportal.ui.manageconditionprice.view.DailyPricessap.m.StandardListItem{\"type\":\"Active\"}"}]}
RESULT: undefined
COMMAND: POST /session/6d94d18c82106ec19b3d8abef7fd5130/element - {"using":"xpath","value":"//*[@id=\"__item1110\"]"}
RESULT: {"using":"xpath","value":"//*[@id=\"__item1110\"]"}
COMMAND: POST /session/6d94d18c82106ec19b3d8abef7fd5130/element/f.C1D3EA7ECBFCC03A372CAA8AC6DB352F.d.103390C097C7165CDBA8A791C402D15F.e.4920/click - {}
RESULT: {}
COMMAND: POST /session/6d94d18c82106ec19b3d8abef7fd5130/execute/async - {"script":"<script> [1562 bytes]","args":[{"selector":{"id":"application-manageconditionprice-display-component---dailyPrices--editBtn","interaction":{"idSuffix":"BDI-content"}},"wdio_ui5_key":"applicationmanageconditionprice-display-component---dailyPrices--editBtn"}]}
COMMAND: GET /session/6d94d18c82106ec19b3d8abef7fd5130/screenshot - {}
RESULT: {"script":"<script> [1562 bytes]","args":[{"selector":{"id":"application-manageconditionprice-display-component---dailyPrices--editBtn","interaction":{"idSuffix":"BDI-content"}},"wdio_ui5_key":"applicationmanageconditionprice-display-component---dailyPrices--editBtn"}]}
RESULT: undefined
COMMAND: POST /session/6d94d18c82106ec19b3d8abef7fd5130/element - {"using":"xpath","value":"//*[@id=\"application-manageconditionprice-display-component---dailyPrices--editBtn\"]"}
RESULT: {}
RESULT: {"using":"xpath","value":"//*[@id=\"application-manageconditionprice-display-component---dailyPrices--editBtn\"]"}
COMMAND: POST /session/6d94d18c82106ec19b3d8abef7fd5130/element/f.C1D3EA7ECBFCC03A372CAA8AC6DB352F.d.103390C097C7165CDBA8A791C402D15F.e.4918/click - {}
RESULT: {}
COMMAND: POST /session/6d94d18c82106ec19b3d8abef7fd5130/execute/async - {"script":"<script> [1562 bytes]","args":[{"selector":{"controlType":"sap.m.Button","viewName":"etm.portal.ui.manageconditionprice.view.DailyPrices","viewId":"application-manageconditionprice-display-component---dailyPrices","i18NText":{"propertyName":"text","key":"add"},"interaction":{"idSuffix":"BDI-content"}},"wdio_ui5_key":"etmportal.ui.manageconditionprice.view.DailyPricessap.m.Button{\"propertyName\":\"text\",\"key\":\"add\"}"}]}
COMMAND: GET /session/6d94d18c82106ec19b3d8abef7fd5130/screenshot - {}
RESULT: {"script":"<script> [1562 bytes]","args":[{"selector":{"controlType":"sap.m.Button","viewName":"etm.portal.ui.manageconditionprice.view.DailyPrices","viewId":"application-manageconditionprice-display-component---dailyPrices","i18NText":{"propertyName":"text","key":"add"},"interaction":{"idSuffix":"BDI-content"}},"wdio_ui5_key":"etmportal.ui.manageconditionprice.view.DailyPricessap.m.Button{\"propertyName\":\"text\",\"key\":\"add\"}"}]}
RESULT: undefined
COMMAND: POST /session/6d94d18c82106ec19b3d8abef7fd5130/element - {"using":"xpath","value":"//*[@id=\"__button113\"]"}
RESULT: {}
RESULT: {"using":"xpath","value":"//*[@id=\"__button113\"]"}
COMMAND: POST /session/6d94d18c82106ec19b3d8abef7fd5130/element/f.C1D3EA7ECBFCC03A372CAA8AC6DB352F.d.103390C097C7165CDBA8A791C402D15F.e.4928/click - {}
RESULT: {}
COMMAND: POST /session/6d94d18c82106ec19b3d8abef7fd5130/elements - {"using":"css selector","value":"table tr"}
COMMAND: GET /session/6d94d18c82106ec19b3d8abef7fd5130/screenshot - {}
RESULT: {"using":"css selector","value":"table tr"}
COMMAND: POST /session/6d94d18c82106ec19b3d8abef7fd5130/element/f.C1D3EA7ECBFCC03A372CAA8AC6DB352F.d.103390C097C7165CDBA8A791C402D15F.e.5126/elements - {"using":"css selector","value":"input"}
RESULT: {}
RESULT: {"using":"css selector","value":"input"}
COMMAND: POST /session/6d94d18c82106ec19b3d8abef7fd5130/element/f.C1D3EA7ECBFCC03A372CAA8AC6DB352F.d.103390C097C7165CDBA8A791C402D15F.e.5129/clear - {}
COMMAND: POST /session/6d94d18c82106ec19b3d8abef7fd5130/element/f.C1D3EA7ECBFCC03A372CAA8AC6DB352F.d.103390C097C7165CDBA8A791C402D15F.e.5127/clear - {}
COMMAND: POST /session/6d94d18c82106ec19b3d8abef7fd5130/element/f.C1D3EA7ECBFCC03A372CAA8AC6DB352F.d.103390C097C7165CDBA8A791C402D15F.e.5130/clear - {}
COMMAND: POST /session/6d94d18c82106ec19b3d8abef7fd5130/element/f.C1D3EA7ECBFCC03A372CAA8AC6DB352F.d.103390C097C7165CDBA8A791C402D15F.e.5128/clear - {}
COMMAND: POST /session/6d94d18c82106ec19b3d8abef7fd5130/element/f.C1D3EA7ECBFCC03A372CAA8AC6DB352F.d.103390C097C7165CDBA8A791C402D15F.e.5126/elements - {"using":"css selector","value":"td"}
RESULT: {}
COMMAND: POST /session/6d94d18c82106ec19b3d8abef7fd5130/element/f.C1D3EA7ECBFCC03A372CAA8AC6DB352F.d.103390C097C7165CDBA8A791C402D15F.e.5128/value - {"text":"09/29/25"}
COMMAND: GET /session/6d94d18c82106ec19b3d8abef7fd5130/screenshot - {}
RESULT: {"using":"css selector","value":"td"}
COMMAND: POST /session/6d94d18c82106ec19b3d8abef7fd5130/element - {"using":"xpath","value":".//li[contains(., \"2252\") and not(.//li)]"}
COMMAND: POST /session/6d94d18c82106ec19b3d8abef7fd5130/element/f.C1D3EA7ECBFCC03A372CAA8AC6DB352F.d.103390C097C7165CDBA8A791C402D15F.e.5148/element - {"using":"css selector","value":"input"}
COMMAND: POST /session/6d94d18c82106ec19b3d8abef7fd5130/element/f.C1D3EA7ECBFCC03A372CAA8AC6DB352F.d.103390C097C7165CDBA8A791C402D15F.e.5148/element - {"using":"css selector","value":"input"}
RESULT: {}
COMMAND: POST /session/6d94d18c82106ec19b3d8abef7fd5130/element/f.C1D3EA7ECBFCC03A372CAA8AC6DB352F.d.103390C097C7165CDBA8A791C402D15F.e.5130/value - {"text":"Euro"}
COMMAND: GET /session/6d94d18c82106ec19b3d8abef7fd5130/screenshot - {}
RESULT: {}
COMMAND: POST /session/6d94d18c82106ec19b3d8abef7fd5130/element/f.C1D3EA7ECBFCC03A372CAA8AC6DB352F.d.103390C097C7165CDBA8A791C402D15F.e.5127/value - {"text":"04/29/25"}
COMMAND: GET /session/6d94d18c82106ec19b3d8abef7fd5130/screenshot - {}
RESULT: {}
COMMAND: POST /session/6d94d18c82106ec19b3d8abef7fd5130/element/f.C1D3EA7ECBFCC03A372CAA8AC6DB352F.d.103390C097C7165CDBA8A791C402D15F.e.5129/value - {"text":"705.60"}
COMMAND: GET /session/6d94d18c82106ec19b3d8abef7fd5130/screenshot - {}
RESULT: {"text":"09/29/25"}
COMMAND: GET /session/6d94d18c82106ec19b3d8abef7fd5130/screenshot - {}
RESULT: {}
RESULT: {"using":"css selector","value":"input"}
COMMAND: POST /session/6d94d18c82106ec19b3d8abef7fd5130/element/f.C1D3EA7ECBFCC03A372CAA8AC6DB352F.d.103390C097C7165CDBA8A791C402D15F.e.5131/click - {}
RESULT: {"using":"css selector","value":"input"}
COMMAND: POST /session/6d94d18c82106ec19b3d8abef7fd5130/element/f.C1D3EA7ECBFCC03A372CAA8AC6DB352F.d.103390C097C7165CDBA8A791C402D15F.e.5131/clear - {}
RESULT: {"using":"xpath","value":".//li[contains(., \"2252\") and not(.//li)]"}
RESULT: {"text":"Euro"}
COMMAND: GET /session/6d94d18c82106ec19b3d8abef7fd5130/screenshot - {}
RESULT: {}
COMMAND: POST /session/6d94d18c82106ec19b3d8abef7fd5130/elements - {"using":"xpath","value":".//li[contains(., \"2252\") and not(.//li)]"}
RESULT: {"text":"04/29/25"}
COMMAND: GET /session/6d94d18c82106ec19b3d8abef7fd5130/screenshot - {}
RESULT: {}
RESULT: {"text":"705.60"}
COMMAND: GET /session/6d94d18c82106ec19b3d8abef7fd5130/screenshot - {}
RESULT: {}
RESULT: {}
RESULT: {}
COMMAND: GET /session/6d94d18c82106ec19b3d8abef7fd5130/screenshot - {}
RESULT: {}
COMMAND: POST /session/6d94d18c82106ec19b3d8abef7fd5130/element/f.C1D3EA7ECBFCC03A372CAA8AC6DB352F.d.103390C097C7165CDBA8A791C402D15F.e.5131/value - {"text":"2252"}
COMMAND: GET /session/6d94d18c82106ec19b3d8abef7fd5130/screenshot - {}
RESULT: {}
RESULT: {"using":"xpath","value":".//li[contains(., \"2252\") and not(.//li)]"}
COMMAND: POST /session/6d94d18c82106ec19b3d8abef7fd5130/elements - {"using":"xpath","value":".//li[contains(., \"2252\") and not(.//li)]"}
RESULT: {}
RESULT: {}
RESULT: {}
RESULT: {"text":"2252"}
COMMAND: GET /session/6d94d18c82106ec19b3d8abef7fd5130/screenshot - {}
RESULT: {}
RESULT: {"using":"xpath","value":".//li[contains(., \"2252\") and not(.//li)]"}
COMMAND: POST /session/6d94d18c82106ec19b3d8abef7fd5130/element - {"using":"xpath","value":".//li[contains(., \"2252\") and not(.//li)]"}
RESULT: {}
RESULT: {"using":"xpath","value":".//li[contains(., \"2252\") and not(.//li)]"}
COMMAND: POST /session/6d94d18c82106ec19b3d8abef7fd5130/element/f.C1D3EA7ECBFCC03A372CAA8AC6DB352F.d.103390C097C7165CDBA8A791C402D15F.e.5155/click - {}
RESULT: {}
COMMAND: POST /session/6d94d18c82106ec19b3d8abef7fd5130/element - {"using":"xpath","value":".//li[contains(., \"411\") and not(.//li)]"}
COMMAND: POST /session/6d94d18c82106ec19b3d8abef7fd5130/element/f.C1D3EA7ECBFCC03A372CAA8AC6DB352F.d.103390C097C7165CDBA8A791C402D15F.e.5149/element - {"using":"css selector","value":"input"}
COMMAND: POST /session/6d94d18c82106ec19b3d8abef7fd5130/element/f.C1D3EA7ECBFCC03A372CAA8AC6DB352F.d.103390C097C7165CDBA8A791C402D15F.e.5149/element - {"using":"css selector","value":"input"}
COMMAND: GET /session/6d94d18c82106ec19b3d8abef7fd5130/screenshot - {}
RESULT: {"using":"css selector","value":"input"}
COMMAND: POST /session/6d94d18c82106ec19b3d8abef7fd5130/element/f.C1D3EA7ECBFCC03A372CAA8AC6DB352F.d.103390C097C7165CDBA8A791C402D15F.e.5132/click - {}
RESULT: {"using":"css selector","value":"input"}
COMMAND: POST /session/6d94d18c82106ec19b3d8abef7fd5130/element/f.C1D3EA7ECBFCC03A372CAA8AC6DB352F.d.103390C097C7165CDBA8A791C402D15F.e.5132/clear - {}
RESULT: {"using":"xpath","value":".//li[contains(., \"411\") and not(.//li)]"}
RESULT: {}
RESULT: {}
COMMAND: GET /session/6d94d18c82106ec19b3d8abef7fd5130/screenshot - {}
RESULT: {}
COMMAND: POST /session/6d94d18c82106ec19b3d8abef7fd5130/element/f.C1D3EA7ECBFCC03A372CAA8AC6DB352F.d.103390C097C7165CDBA8A791C402D15F.e.5132/value - {"text":"411"}
COMMAND: GET /session/6d94d18c82106ec19b3d8abef7fd5130/screenshot - {}
RESULT: {}
RESULT: {}
COMMAND: POST /session/6d94d18c82106ec19b3d8abef7fd5130/elements - {"using":"xpath","value":".//li[contains(., \"411\") and not(.//li)]"}
RESULT: {"text":"411"}
RESULT: {"using":"xpath","value":".//li[contains(., \"411\") and not(.//li)]"}
COMMAND: POST /session/6d94d18c82106ec19b3d8abef7fd5130/elements - {"using":"xpath","value":".//li[contains(., \"411\") and not(.//li)]"}
COMMAND: GET /session/6d94d18c82106ec19b3d8abef7fd5130/screenshot - {}
RESULT: {"using":"xpath","value":".//li[contains(., \"411\") and not(.//li)]"}
COMMAND: POST /session/6d94d18c82106ec19b3d8abef7fd5130/elements - {"using":"xpath","value":".//li[contains(., \"411\") and not(.//li)]"}
RESULT: {}
RESULT: {"using":"xpath","value":".//li[contains(., \"411\") and not(.//li)]"}
COMMAND: POST /session/6d94d18c82106ec19b3d8abef7fd5130/element - {"using":"xpath","value":".//li[contains(., \"411\") and not(.//li)]"}
RESULT: {"using":"xpath","value":".//li[contains(., \"411\") and not(.//li)]"}
COMMAND: POST /session/6d94d18c82106ec19b3d8abef7fd5130/element/f.C1D3EA7ECBFCC03A372CAA8AC6DB352F.d.103390C097C7165CDBA8A791C402D15F.e.5156/click - {}
RESULT: {}
RESULT: undefined
COMMAND: POST /session/6d94d18c82106ec19b3d8abef7fd5130/element - {"using":"xpath","value":"//*[@id=\"__button113\"]"}
COMMAND: GET /session/6d94d18c82106ec19b3d8abef7fd5130/screenshot - {}
RESULT: {"using":"xpath","value":"//*[@id=\"__button113\"]"}
COMMAND: POST /session/6d94d18c82106ec19b3d8abef7fd5130/element/f.C1D3EA7ECBFCC03A372CAA8AC6DB352F.d.103390C097C7165CDBA8A791C402D15F.e.4928/click - {}
RESULT: {}
RESULT: {}
COMMAND: POST /session/6d94d18c82106ec19b3d8abef7fd5130/elements - {"using":"css selector","value":"table tr"}
COMMAND: GET /session/6d94d18c82106ec19b3d8abef7fd5130/screenshot - {}
RESULT: {"using":"css selector","value":"table tr"}
COMMAND: POST /session/6d94d18c82106ec19b3d8abef7fd5130/element/f.C1D3EA7ECBFCC03A372CAA8AC6DB352F.d.103390C097C7165CDBA8A791C402D15F.e.5165/elements - {"using":"css selector","value":"input"}
RESULT: {}
RESULT: {"using":"css selector","value":"input"}
COMMAND: POST /session/6d94d18c82106ec19b3d8abef7fd5130/element/f.C1D3EA7ECBFCC03A372CAA8AC6DB352F.d.103390C097C7165CDBA8A791C402D15F.e.5160/clear - {}
COMMAND: POST /session/6d94d18c82106ec19b3d8abef7fd5130/element/f.C1D3EA7ECBFCC03A372CAA8AC6DB352F.d.103390C097C7165CDBA8A791C402D15F.e.5158/clear - {}
COMMAND: POST /session/6d94d18c82106ec19b3d8abef7fd5130/element/f.C1D3EA7ECBFCC03A372CAA8AC6DB352F.d.103390C097C7165CDBA8A791C402D15F.e.5161/clear - {}
COMMAND: POST /session/6d94d18c82106ec19b3d8abef7fd5130/element/f.C1D3EA7ECBFCC03A372CAA8AC6DB352F.d.103390C097C7165CDBA8A791C402D15F.e.5159/clear - {}
COMMAND: POST /session/6d94d18c82106ec19b3d8abef7fd5130/element/f.C1D3EA7ECBFCC03A372CAA8AC6DB352F.d.103390C097C7165CDBA8A791C402D15F.e.5165/elements - {"using":"css selector","value":"td"}
RESULT: {"using":"css selector","value":"td"}
COMMAND: POST /session/6d94d18c82106ec19b3d8abef7fd5130/element - {"using":"xpath","value":"(//li[div//span[contains(text(), '2252')]])[2]"}
COMMAND: POST /session/6d94d18c82106ec19b3d8abef7fd5130/element/f.C1D3EA7ECBFCC03A372CAA8AC6DB352F.d.103390C097C7165CDBA8A791C402D15F.e.5180/element - {"using":"css selector","value":"input"}
COMMAND: POST /session/6d94d18c82106ec19b3d8abef7fd5130/element/f.C1D3EA7ECBFCC03A372CAA8AC6DB352F.d.103390C097C7165CDBA8A791C402D15F.e.5180/element - {"using":"css selector","value":"input"}
RESULT: {}
COMMAND: POST /session/6d94d18c82106ec19b3d8abef7fd5130/element/f.C1D3EA7ECBFCC03A372CAA8AC6DB352F.d.103390C097C7165CDBA8A791C402D15F.e.5159/value - {"text":"09/29/25"}
COMMAND: GET /session/6d94d18c82106ec19b3d8abef7fd5130/screenshot - {}
RESULT: {}
COMMAND: POST /session/6d94d18c82106ec19b3d8abef7fd5130/element/f.C1D3EA7ECBFCC03A372CAA8AC6DB352F.d.103390C097C7165CDBA8A791C402D15F.e.5161/value - {"text":"US Dollar"}
COMMAND: GET /session/6d94d18c82106ec19b3d8abef7fd5130/screenshot - {}
RESULT: {}
COMMAND: POST /session/6d94d18c82106ec19b3d8abef7fd5130/element/f.C1D3EA7ECBFCC03A372CAA8AC6DB352F.d.103390C097C7165CDBA8A791C402D15F.e.5158/value - {"text":"04/29/25"}
COMMAND: GET /session/6d94d18c82106ec19b3d8abef7fd5130/screenshot - {}
RESULT: {}
COMMAND: POST /session/6d94d18c82106ec19b3d8abef7fd5130/element/f.C1D3EA7ECBFCC03A372CAA8AC6DB352F.d.103390C097C7165CDBA8A791C402D15F.e.5160/value - {"text":"99.5"}
COMMAND: GET /session/6d94d18c82106ec19b3d8abef7fd5130/screenshot - {}
RESULT: {"using":"css selector","value":"input"}
COMMAND: POST /session/6d94d18c82106ec19b3d8abef7fd5130/element/f.C1D3EA7ECBFCC03A372CAA8AC6DB352F.d.103390C097C7165CDBA8A791C402D15F.e.5162/clear - {}
RESULT: {"using":"css selector","value":"input"}
COMMAND: POST /session/6d94d18c82106ec19b3d8abef7fd5130/element/f.C1D3EA7ECBFCC03A372CAA8AC6DB352F.d.103390C097C7165CDBA8A791C402D15F.e.5162/click - {}
RESULT: {"using":"xpath","value":"(//li[div//span[contains(text(), '2252')]])[2]"}
RESULT: {"text":"09/29/25"}
COMMAND: GET /session/6d94d18c82106ec19b3d8abef7fd5130/screenshot - {}
RESULT: {}
RESULT: {}
COMMAND: POST /session/6d94d18c82106ec19b3d8abef7fd5130/elements - {"using":"xpath","value":"(//li[div//span[contains(text(), '2252')]])[2]"}
RESULT: {"text":"US Dollar"}
COMMAND: GET /session/6d94d18c82106ec19b3d8abef7fd5130/screenshot - {}
RESULT: {"text":"04/29/25"}
COMMAND: GET /session/6d94d18c82106ec19b3d8abef7fd5130/screenshot - {}
RESULT: {}
RESULT: {"text":"99.5"}
COMMAND: GET /session/6d94d18c82106ec19b3d8abef7fd5130/screenshot - {}
RESULT: {}
RESULT: {}
COMMAND: POST /session/6d94d18c82106ec19b3d8abef7fd5130/element/f.C1D3EA7ECBFCC03A372CAA8AC6DB352F.d.103390C097C7165CDBA8A791C402D15F.e.5162/value - {"text":"2252"}
COMMAND: GET /session/6d94d18c82106ec19b3d8abef7fd5130/screenshot - {}
RESULT: {}
COMMAND: GET /session/6d94d18c82106ec19b3d8abef7fd5130/screenshot - {}
RESULT: {}
RESULT: {"using":"xpath","value":"(//li[div//span[contains(text(), '2252')]])[2]"}
COMMAND: POST /session/6d94d18c82106ec19b3d8abef7fd5130/elements - {"using":"xpath","value":"(//li[div//span[contains(text(), '2252')]])[2]"}
RESULT: {}
RESULT: {}
RESULT: {}
RESULT: {"text":"2252"}
COMMAND: GET /session/6d94d18c82106ec19b3d8abef7fd5130/screenshot - {}
RESULT: {}
RESULT: {}
RESULT: {"using":"xpath","value":"(//li[div//span[contains(text(), '2252')]])[2]"}
COMMAND: POST /session/6d94d18c82106ec19b3d8abef7fd5130/element - {"using":"xpath","value":"(//li[div//span[contains(text(), '2252')]])[2]"}
RESULT: {}
RESULT: {"using":"xpath","value":"(//li[div//span[contains(text(), '2252')]])[2]"}
COMMAND: POST /session/6d94d18c82106ec19b3d8abef7fd5130/element/f.C1D3EA7ECBFCC03A372CAA8AC6DB352F.d.103390C097C7165CDBA8A791C402D15F.e.5184/click - {}
RESULT: {}
COMMAND: POST /session/6d94d18c82106ec19b3d8abef7fd5130/execute/async - {"script":"<script> [1562 bytes]","args":[{"selector":{"controlType":"sap.m.Button","viewName":"etm.portal.ui.manageconditionprice.view.DailyPrices","viewId":"application-manageconditionprice-display-component---dailyPrices","i18NText":{"propertyName":"tooltip","key":"save"},"interaction":{"idSuffix":"BDI-content"}},"wdio_ui5_key":"etmportal.ui.manageconditionprice.view.DailyPricessap.m.Button{\"propertyName\":\"tooltip\",\"key\":\"save\"}"}]}
COMMAND: GET /session/6d94d18c82106ec19b3d8abef7fd5130/screenshot - {}
RESULT: {"script":"<script> [1562 bytes]","args":[{"selector":{"controlType":"sap.m.Button","viewName":"etm.portal.ui.manageconditionprice.view.DailyPrices","viewId":"application-manageconditionprice-display-component---dailyPrices","i18NText":{"propertyName":"tooltip","key":"save"},"interaction":{"idSuffix":"BDI-content"}},"wdio_ui5_key":"etmportal.ui.manageconditionprice.view.DailyPricessap.m.Button{\"propertyName\":\"tooltip\",\"key\":\"save\"}"}]}
RESULT: undefined
COMMAND: POST /session/6d94d18c82106ec19b3d8abef7fd5130/element - {"using":"xpath","value":"//*[@id=\"__button115\"]"}
RESULT: {}
RESULT: {"using":"xpath","value":"//*[@id=\"__button115\"]"}
COMMAND: POST /session/6d94d18c82106ec19b3d8abef7fd5130/element/f.C1D3EA7ECBFCC03A372CAA8AC6DB352F.d.103390C097C7165CDBA8A791C402D15F.e.4922/click - {}
RESULT: {}
COMMAND: GET /session/6d94d18c82106ec19b3d8abef7fd5130/screenshot - {}
RESULT: {}
]]></system-out>
    </testcase>
    <testcase classname="chrome.135_0_7049_96.windows.Edit_and_delete_daily_price_US134629_US134627" name="Should check whether the 2 rows have been added then edit one of the rows s currency and value and save and check the edited values" time="12.912">
      <system-out><![CDATA[
COMMAND: POST /session/6d94d18c82106ec19b3d8abef7fd5130/elements - {"using":"css selector","value":"table tr"}
RESULT: {"using":"css selector","value":"table tr"}
COMMAND: POST /session/6d94d18c82106ec19b3d8abef7fd5130/element/f.C1D3EA7ECBFCC03A372CAA8AC6DB352F.d.103390C097C7165CDBA8A791C402D15F.e.5165/elements - {"using":"css selector","value":"td"}
RESULT: {"using":"css selector","value":"td"}
COMMAND: POST /session/6d94d18c82106ec19b3d8abef7fd5130/element/f.C1D3EA7ECBFCC03A372CAA8AC6DB352F.d.103390C097C7165CDBA8A791C402D15F.e.5126/elements - {"using":"css selector","value":"td"}
RESULT: {"using":"css selector","value":"td"}
COMMAND: POST /session/6d94d18c82106ec19b3d8abef7fd5130/element/f.C1D3EA7ECBFCC03A372CAA8AC6DB352F.d.103390C097C7165CDBA8A791C402D15F.e.5187/element - {"using":"css selector","value":".sapMObjectNumberText"}
RESULT: {"using":"css selector","value":".sapMObjectNumberText"}
COMMAND: GET /session/6d94d18c82106ec19b3d8abef7fd5130/element/f.C1D3EA7ECBFCC03A372CAA8AC6DB352F.d.103390C097C7165CDBA8A791C402D15F.e.5189/text - {}
RESULT: {}
COMMAND: POST /session/6d94d18c82106ec19b3d8abef7fd5130/element/f.C1D3EA7ECBFCC03A372CAA8AC6DB352F.d.103390C097C7165CDBA8A791C402D15F.e.5188/element - {"using":"css selector","value":".sapMObjectNumberText"}
RESULT: {"using":"css selector","value":".sapMObjectNumberText"}
COMMAND: GET /session/6d94d18c82106ec19b3d8abef7fd5130/element/f.C1D3EA7ECBFCC03A372CAA8AC6DB352F.d.103390C097C7165CDBA8A791C402D15F.e.5190/text - {}
RESULT: {}
RESULT: undefined
COMMAND: POST /session/6d94d18c82106ec19b3d8abef7fd5130/element - {"using":"xpath","value":"//*[@id=\"application-manageconditionprice-display-component---dailyPrices--editBtn\"]"}
RESULT: {"using":"xpath","value":"//*[@id=\"application-manageconditionprice-display-component---dailyPrices--editBtn\"]"}
COMMAND: POST /session/6d94d18c82106ec19b3d8abef7fd5130/element/f.C1D3EA7ECBFCC03A372CAA8AC6DB352F.d.103390C097C7165CDBA8A791C402D15F.e.5186/click - {}
RESULT: {}
COMMAND: POST /session/6d94d18c82106ec19b3d8abef7fd5130/elements - {"using":"css selector","value":"table tr"}
COMMAND: GET /session/6d94d18c82106ec19b3d8abef7fd5130/screenshot - {}
RESULT: {}
RESULT: {"using":"css selector","value":"table tr"}
COMMAND: POST /session/6d94d18c82106ec19b3d8abef7fd5130/element/f.C1D3EA7ECBFCC03A372CAA8AC6DB352F.d.103390C097C7165CDBA8A791C402D15F.e.5165/elements - {"using":"css selector","value":"input"}
RESULT: {"using":"css selector","value":"input"}
COMMAND: POST /session/6d94d18c82106ec19b3d8abef7fd5130/element/f.C1D3EA7ECBFCC03A372CAA8AC6DB352F.d.103390C097C7165CDBA8A791C402D15F.e.5205/clear - {}
COMMAND: POST /session/6d94d18c82106ec19b3d8abef7fd5130/element/f.C1D3EA7ECBFCC03A372CAA8AC6DB352F.d.103390C097C7165CDBA8A791C402D15F.e.5206/clear - {}
RESULT: {}
COMMAND: POST /session/6d94d18c82106ec19b3d8abef7fd5130/element/f.C1D3EA7ECBFCC03A372CAA8AC6DB352F.d.103390C097C7165CDBA8A791C402D15F.e.5205/value - {"text":"566.1"}
COMMAND: GET /session/6d94d18c82106ec19b3d8abef7fd5130/screenshot - {}
RESULT: {}
COMMAND: POST /session/6d94d18c82106ec19b3d8abef7fd5130/element/f.C1D3EA7ECBFCC03A372CAA8AC6DB352F.d.103390C097C7165CDBA8A791C402D15F.e.5206/value - {"text":"US Dollar"}
COMMAND: GET /session/6d94d18c82106ec19b3d8abef7fd5130/screenshot - {}
RESULT: {"text":"566.1"}
COMMAND: GET /session/6d94d18c82106ec19b3d8abef7fd5130/screenshot - {}
RESULT: {}
RESULT: undefined
COMMAND: POST /session/6d94d18c82106ec19b3d8abef7fd5130/element - {"using":"xpath","value":"//*[@id=\"__button115\"]"}
RESULT: {"text":"US Dollar"}
COMMAND: GET /session/6d94d18c82106ec19b3d8abef7fd5130/screenshot - {}
RESULT: {}
RESULT: {}
RESULT: {"using":"xpath","value":"//*[@id=\"__button115\"]"}
COMMAND: POST /session/6d94d18c82106ec19b3d8abef7fd5130/element/f.C1D3EA7ECBFCC03A372CAA8AC6DB352F.d.103390C097C7165CDBA8A791C402D15F.e.5191/click - {}
RESULT: {}
RESULT: {}
COMMAND: GET /session/6d94d18c82106ec19b3d8abef7fd5130/screenshot - {}
RESULT: {}
COMMAND: POST /session/6d94d18c82106ec19b3d8abef7fd5130/elements - {"using":"css selector","value":"table tr"}
RESULT: {"using":"css selector","value":"table tr"}
COMMAND: POST /session/6d94d18c82106ec19b3d8abef7fd5130/element/f.C1D3EA7ECBFCC03A372CAA8AC6DB352F.d.103390C097C7165CDBA8A791C402D15F.e.5165/elements - {"using":"css selector","value":"td"}
RESULT: {"using":"css selector","value":"td"}
COMMAND: POST /session/6d94d18c82106ec19b3d8abef7fd5130/element/f.C1D3EA7ECBFCC03A372CAA8AC6DB352F.d.103390C097C7165CDBA8A791C402D15F.e.5210/element - {"using":"css selector","value":".sapMObjectNumberText"}
RESULT: {"using":"css selector","value":".sapMObjectNumberText"}
COMMAND: GET /session/6d94d18c82106ec19b3d8abef7fd5130/element/f.C1D3EA7ECBFCC03A372CAA8AC6DB352F.d.103390C097C7165CDBA8A791C402D15F.e.5212/text - {}
RESULT: {}
]]></system-out>
    </testcase>
    <testcase classname="chrome.135_0_7049_96.windows.Edit_and_delete_daily_price_US134629_US134627" name="Should go into edit and delete all the rows that match the yard we have created for this scenario check if all rows deleted" time="26.71">
      <system-out><![CDATA[
RESULT: undefined
COMMAND: POST /session/6d94d18c82106ec19b3d8abef7fd5130/element - {"using":"xpath","value":"//*[@id=\"application-manageconditionprice-display-component---dailyPrices--editBtn\"]"}
RESULT: {"using":"xpath","value":"//*[@id=\"application-manageconditionprice-display-component---dailyPrices--editBtn\"]"}
COMMAND: POST /session/6d94d18c82106ec19b3d8abef7fd5130/element/f.C1D3EA7ECBFCC03A372CAA8AC6DB352F.d.103390C097C7165CDBA8A791C402D15F.e.5209/click - {}
RESULT: {}
COMMAND: GET /session/6d94d18c82106ec19b3d8abef7fd5130/screenshot - {}
RESULT: {}
COMMAND: POST /session/6d94d18c82106ec19b3d8abef7fd5130/elements - {"using":"css selector","value":"table tr"}
RESULT: {"using":"css selector","value":"table tr"}
COMMAND: POST /session/6d94d18c82106ec19b3d8abef7fd5130/element/f.C1D3EA7ECBFCC03A372CAA8AC6DB352F.d.103390C097C7165CDBA8A791C402D15F.e.4930/elements - {"using":"css selector","value":"td"}
RESULT: {"using":"css selector","value":"td"}
COMMAND: POST /session/6d94d18c82106ec19b3d8abef7fd5130/element/f.C1D3EA7ECBFCC03A372CAA8AC6DB352F.d.103390C097C7165CDBA8A791C402D15F.e.4931/elements - {"using":"css selector","value":"td"}
RESULT: {"using":"css selector","value":"td"}
COMMAND: POST /session/6d94d18c82106ec19b3d8abef7fd5130/element/f.C1D3EA7ECBFCC03A372CAA8AC6DB352F.d.103390C097C7165CDBA8A791C402D15F.e.4932/elements - {"using":"css selector","value":"td"}
RESULT: {"using":"css selector","value":"td"}
COMMAND: POST /session/6d94d18c82106ec19b3d8abef7fd5130/element/f.C1D3EA7ECBFCC03A372CAA8AC6DB352F.d.103390C097C7165CDBA8A791C402D15F.e.4825/elements - {"using":"css selector","value":"td"}
RESULT: {"using":"css selector","value":"td"}
COMMAND: POST /session/6d94d18c82106ec19b3d8abef7fd5130/element/f.C1D3EA7ECBFCC03A372CAA8AC6DB352F.d.103390C097C7165CDBA8A791C402D15F.e.4826/elements - {"using":"css selector","value":"td"}
RESULT: {"using":"css selector","value":"td"}
COMMAND: POST /session/6d94d18c82106ec19b3d8abef7fd5130/element/f.C1D3EA7ECBFCC03A372CAA8AC6DB352F.d.103390C097C7165CDBA8A791C402D15F.e.4837/elements - {"using":"css selector","value":"td"}
RESULT: {"using":"css selector","value":"td"}
COMMAND: POST /session/6d94d18c82106ec19b3d8abef7fd5130/element/f.C1D3EA7ECBFCC03A372CAA8AC6DB352F.d.103390C097C7165CDBA8A791C402D15F.e.4838/elements - {"using":"css selector","value":"td"}
RESULT: {"using":"css selector","value":"td"}
COMMAND: POST /session/6d94d18c82106ec19b3d8abef7fd5130/element/f.C1D3EA7ECBFCC03A372CAA8AC6DB352F.d.103390C097C7165CDBA8A791C402D15F.e.4849/elements - {"using":"css selector","value":"td"}
RESULT: {"using":"css selector","value":"td"}
COMMAND: POST /session/6d94d18c82106ec19b3d8abef7fd5130/element/f.C1D3EA7ECBFCC03A372CAA8AC6DB352F.d.103390C097C7165CDBA8A791C402D15F.e.4850/elements - {"using":"css selector","value":"td"}
RESULT: {"using":"css selector","value":"td"}
COMMAND: POST /session/6d94d18c82106ec19b3d8abef7fd5130/element/f.C1D3EA7ECBFCC03A372CAA8AC6DB352F.d.103390C097C7165CDBA8A791C402D15F.e.4857/elements - {"using":"css selector","value":"td"}
RESULT: {"using":"css selector","value":"td"}
COMMAND: POST /session/6d94d18c82106ec19b3d8abef7fd5130/element/f.C1D3EA7ECBFCC03A372CAA8AC6DB352F.d.103390C097C7165CDBA8A791C402D15F.e.4933/elements - {"using":"css selector","value":"td"}
RESULT: {"using":"css selector","value":"td"}
COMMAND: POST /session/6d94d18c82106ec19b3d8abef7fd5130/element/f.C1D3EA7ECBFCC03A372CAA8AC6DB352F.d.103390C097C7165CDBA8A791C402D15F.e.4934/elements - {"using":"css selector","value":"td"}
RESULT: {"using":"css selector","value":"td"}
COMMAND: POST /session/6d94d18c82106ec19b3d8abef7fd5130/element/f.C1D3EA7ECBFCC03A372CAA8AC6DB352F.d.103390C097C7165CDBA8A791C402D15F.e.4935/elements - {"using":"css selector","value":"td"}
RESULT: {"using":"css selector","value":"td"}
COMMAND: POST /session/6d94d18c82106ec19b3d8abef7fd5130/element/f.C1D3EA7ECBFCC03A372CAA8AC6DB352F.d.103390C097C7165CDBA8A791C402D15F.e.4936/elements - {"using":"css selector","value":"td"}
RESULT: {"using":"css selector","value":"td"}
COMMAND: POST /session/6d94d18c82106ec19b3d8abef7fd5130/element/f.C1D3EA7ECBFCC03A372CAA8AC6DB352F.d.103390C097C7165CDBA8A791C402D15F.e.4937/elements - {"using":"css selector","value":"td"}
RESULT: {"using":"css selector","value":"td"}
COMMAND: POST /session/6d94d18c82106ec19b3d8abef7fd5130/element/f.C1D3EA7ECBFCC03A372CAA8AC6DB352F.d.103390C097C7165CDBA8A791C402D15F.e.4938/elements - {"using":"css selector","value":"td"}
RESULT: {"using":"css selector","value":"td"}
COMMAND: POST /session/6d94d18c82106ec19b3d8abef7fd5130/element/f.C1D3EA7ECBFCC03A372CAA8AC6DB352F.d.103390C097C7165CDBA8A791C402D15F.e.4939/elements - {"using":"css selector","value":"td"}
RESULT: {"using":"css selector","value":"td"}
COMMAND: POST /session/6d94d18c82106ec19b3d8abef7fd5130/element/f.C1D3EA7ECBFCC03A372CAA8AC6DB352F.d.103390C097C7165CDBA8A791C402D15F.e.4940/elements - {"using":"css selector","value":"td"}
RESULT: {"using":"css selector","value":"td"}
COMMAND: POST /session/6d94d18c82106ec19b3d8abef7fd5130/element/f.C1D3EA7ECBFCC03A372CAA8AC6DB352F.d.103390C097C7165CDBA8A791C402D15F.e.4941/elements - {"using":"css selector","value":"td"}
RESULT: {"using":"css selector","value":"td"}
COMMAND: POST /session/6d94d18c82106ec19b3d8abef7fd5130/element/f.C1D3EA7ECBFCC03A372CAA8AC6DB352F.d.103390C097C7165CDBA8A791C402D15F.e.4942/elements - {"using":"css selector","value":"td"}
RESULT: {"using":"css selector","value":"td"}
COMMAND: POST /session/6d94d18c82106ec19b3d8abef7fd5130/element/f.C1D3EA7ECBFCC03A372CAA8AC6DB352F.d.103390C097C7165CDBA8A791C402D15F.e.4943/elements - {"using":"css selector","value":"td"}
RESULT: {"using":"css selector","value":"td"}
COMMAND: POST /session/6d94d18c82106ec19b3d8abef7fd5130/element/f.C1D3EA7ECBFCC03A372CAA8AC6DB352F.d.103390C097C7165CDBA8A791C402D15F.e.4944/elements - {"using":"css selector","value":"td"}
RESULT: {"using":"css selector","value":"td"}
COMMAND: POST /session/6d94d18c82106ec19b3d8abef7fd5130/element/f.C1D3EA7ECBFCC03A372CAA8AC6DB352F.d.103390C097C7165CDBA8A791C402D15F.e.4945/elements - {"using":"css selector","value":"td"}
RESULT: {"using":"css selector","value":"td"}
COMMAND: POST /session/6d94d18c82106ec19b3d8abef7fd5130/element/f.C1D3EA7ECBFCC03A372CAA8AC6DB352F.d.103390C097C7165CDBA8A791C402D15F.e.4946/elements - {"using":"css selector","value":"td"}
RESULT: {"using":"css selector","value":"td"}
COMMAND: POST /session/6d94d18c82106ec19b3d8abef7fd5130/element/f.C1D3EA7ECBFCC03A372CAA8AC6DB352F.d.103390C097C7165CDBA8A791C402D15F.e.4947/elements - {"using":"css selector","value":"td"}
RESULT: {"using":"css selector","value":"td"}
COMMAND: POST /session/6d94d18c82106ec19b3d8abef7fd5130/element/f.C1D3EA7ECBFCC03A372CAA8AC6DB352F.d.103390C097C7165CDBA8A791C402D15F.e.4948/elements - {"using":"css selector","value":"td"}
RESULT: {"using":"css selector","value":"td"}
COMMAND: POST /session/6d94d18c82106ec19b3d8abef7fd5130/element/f.C1D3EA7ECBFCC03A372CAA8AC6DB352F.d.103390C097C7165CDBA8A791C402D15F.e.4949/elements - {"using":"css selector","value":"td"}
RESULT: {"using":"css selector","value":"td"}
COMMAND: POST /session/6d94d18c82106ec19b3d8abef7fd5130/element/f.C1D3EA7ECBFCC03A372CAA8AC6DB352F.d.103390C097C7165CDBA8A791C402D15F.e.4950/elements - {"using":"css selector","value":"td"}
RESULT: {"using":"css selector","value":"td"}
COMMAND: POST /session/6d94d18c82106ec19b3d8abef7fd5130/element/f.C1D3EA7ECBFCC03A372CAA8AC6DB352F.d.103390C097C7165CDBA8A791C402D15F.e.4951/elements - {"using":"css selector","value":"td"}
RESULT: {"using":"css selector","value":"td"}
COMMAND: POST /session/6d94d18c82106ec19b3d8abef7fd5130/element/f.C1D3EA7ECBFCC03A372CAA8AC6DB352F.d.103390C097C7165CDBA8A791C402D15F.e.4952/elements - {"using":"css selector","value":"td"}
RESULT: {"using":"css selector","value":"td"}
COMMAND: POST /session/6d94d18c82106ec19b3d8abef7fd5130/element/f.C1D3EA7ECBFCC03A372CAA8AC6DB352F.d.103390C097C7165CDBA8A791C402D15F.e.4953/elements - {"using":"css selector","value":"td"}
RESULT: {"using":"css selector","value":"td"}
COMMAND: POST /session/6d94d18c82106ec19b3d8abef7fd5130/element/f.C1D3EA7ECBFCC03A372CAA8AC6DB352F.d.103390C097C7165CDBA8A791C402D15F.e.4954/elements - {"using":"css selector","value":"td"}
RESULT: {"using":"css selector","value":"td"}
COMMAND: POST /session/6d94d18c82106ec19b3d8abef7fd5130/element/f.C1D3EA7ECBFCC03A372CAA8AC6DB352F.d.103390C097C7165CDBA8A791C402D15F.e.4955/elements - {"using":"css selector","value":"td"}
RESULT: {"using":"css selector","value":"td"}
COMMAND: POST /session/6d94d18c82106ec19b3d8abef7fd5130/element/f.C1D3EA7ECBFCC03A372CAA8AC6DB352F.d.103390C097C7165CDBA8A791C402D15F.e.4956/elements - {"using":"css selector","value":"td"}
RESULT: {"using":"css selector","value":"td"}
COMMAND: POST /session/6d94d18c82106ec19b3d8abef7fd5130/element/f.C1D3EA7ECBFCC03A372CAA8AC6DB352F.d.103390C097C7165CDBA8A791C402D15F.e.4957/elements - {"using":"css selector","value":"td"}
RESULT: {"using":"css selector","value":"td"}
COMMAND: POST /session/6d94d18c82106ec19b3d8abef7fd5130/element/f.C1D3EA7ECBFCC03A372CAA8AC6DB352F.d.103390C097C7165CDBA8A791C402D15F.e.4958/elements - {"using":"css selector","value":"td"}
RESULT: {"using":"css selector","value":"td"}
COMMAND: POST /session/6d94d18c82106ec19b3d8abef7fd5130/element/f.C1D3EA7ECBFCC03A372CAA8AC6DB352F.d.103390C097C7165CDBA8A791C402D15F.e.4959/elements - {"using":"css selector","value":"td"}
RESULT: {"using":"css selector","value":"td"}
COMMAND: POST /session/6d94d18c82106ec19b3d8abef7fd5130/element/f.C1D3EA7ECBFCC03A372CAA8AC6DB352F.d.103390C097C7165CDBA8A791C402D15F.e.4960/elements - {"using":"css selector","value":"td"}
RESULT: {"using":"css selector","value":"td"}
COMMAND: POST /session/6d94d18c82106ec19b3d8abef7fd5130/element/f.C1D3EA7ECBFCC03A372CAA8AC6DB352F.d.103390C097C7165CDBA8A791C402D15F.e.4961/elements - {"using":"css selector","value":"td"}
RESULT: {"using":"css selector","value":"td"}
COMMAND: POST /session/6d94d18c82106ec19b3d8abef7fd5130/element/f.C1D3EA7ECBFCC03A372CAA8AC6DB352F.d.103390C097C7165CDBA8A791C402D15F.e.4962/elements - {"using":"css selector","value":"td"}
RESULT: {"using":"css selector","value":"td"}
COMMAND: POST /session/6d94d18c82106ec19b3d8abef7fd5130/element/f.C1D3EA7ECBFCC03A372CAA8AC6DB352F.d.103390C097C7165CDBA8A791C402D15F.e.4963/elements - {"using":"css selector","value":"td"}
RESULT: {"using":"css selector","value":"td"}
COMMAND: POST /session/6d94d18c82106ec19b3d8abef7fd5130/element/f.C1D3EA7ECBFCC03A372CAA8AC6DB352F.d.103390C097C7165CDBA8A791C402D15F.e.4964/elements - {"using":"css selector","value":"td"}
RESULT: {"using":"css selector","value":"td"}
COMMAND: POST /session/6d94d18c82106ec19b3d8abef7fd5130/element/f.C1D3EA7ECBFCC03A372CAA8AC6DB352F.d.103390C097C7165CDBA8A791C402D15F.e.4965/elements - {"using":"css selector","value":"td"}
RESULT: {"using":"css selector","value":"td"}
COMMAND: POST /session/6d94d18c82106ec19b3d8abef7fd5130/element/f.C1D3EA7ECBFCC03A372CAA8AC6DB352F.d.103390C097C7165CDBA8A791C402D15F.e.4966/elements - {"using":"css selector","value":"td"}
RESULT: {"using":"css selector","value":"td"}
COMMAND: POST /session/6d94d18c82106ec19b3d8abef7fd5130/element/f.C1D3EA7ECBFCC03A372CAA8AC6DB352F.d.103390C097C7165CDBA8A791C402D15F.e.4967/elements - {"using":"css selector","value":"td"}
RESULT: {"using":"css selector","value":"td"}
COMMAND: POST /session/6d94d18c82106ec19b3d8abef7fd5130/element/f.C1D3EA7ECBFCC03A372CAA8AC6DB352F.d.103390C097C7165CDBA8A791C402D15F.e.4968/elements - {"using":"css selector","value":"td"}
RESULT: {"using":"css selector","value":"td"}
COMMAND: POST /session/6d94d18c82106ec19b3d8abef7fd5130/element/f.C1D3EA7ECBFCC03A372CAA8AC6DB352F.d.103390C097C7165CDBA8A791C402D15F.e.4969/elements - {"using":"css selector","value":"td"}
RESULT: {"using":"css selector","value":"td"}
COMMAND: POST /session/6d94d18c82106ec19b3d8abef7fd5130/element/f.C1D3EA7ECBFCC03A372CAA8AC6DB352F.d.103390C097C7165CDBA8A791C402D15F.e.4970/elements - {"using":"css selector","value":"td"}
RESULT: {"using":"css selector","value":"td"}
COMMAND: POST /session/6d94d18c82106ec19b3d8abef7fd5130/element/f.C1D3EA7ECBFCC03A372CAA8AC6DB352F.d.103390C097C7165CDBA8A791C402D15F.e.4971/elements - {"using":"css selector","value":"td"}
RESULT: {"using":"css selector","value":"td"}
COMMAND: POST /session/6d94d18c82106ec19b3d8abef7fd5130/element/f.C1D3EA7ECBFCC03A372CAA8AC6DB352F.d.103390C097C7165CDBA8A791C402D15F.e.4972/elements - {"using":"css selector","value":"td"}
RESULT: {"using":"css selector","value":"td"}
COMMAND: POST /session/6d94d18c82106ec19b3d8abef7fd5130/element/f.C1D3EA7ECBFCC03A372CAA8AC6DB352F.d.103390C097C7165CDBA8A791C402D15F.e.4973/elements - {"using":"css selector","value":"td"}
RESULT: {"using":"css selector","value":"td"}
COMMAND: POST /session/6d94d18c82106ec19b3d8abef7fd5130/element/f.C1D3EA7ECBFCC03A372CAA8AC6DB352F.d.103390C097C7165CDBA8A791C402D15F.e.4974/elements - {"using":"css selector","value":"td"}
RESULT: {"using":"css selector","value":"td"}
COMMAND: POST /session/6d94d18c82106ec19b3d8abef7fd5130/element/f.C1D3EA7ECBFCC03A372CAA8AC6DB352F.d.103390C097C7165CDBA8A791C402D15F.e.4975/elements - {"using":"css selector","value":"td"}
RESULT: {"using":"css selector","value":"td"}
COMMAND: POST /session/6d94d18c82106ec19b3d8abef7fd5130/element/f.C1D3EA7ECBFCC03A372CAA8AC6DB352F.d.103390C097C7165CDBA8A791C402D15F.e.4976/elements - {"using":"css selector","value":"td"}
RESULT: {"using":"css selector","value":"td"}
COMMAND: POST /session/6d94d18c82106ec19b3d8abef7fd5130/element/f.C1D3EA7ECBFCC03A372CAA8AC6DB352F.d.103390C097C7165CDBA8A791C402D15F.e.4977/elements - {"using":"css selector","value":"td"}
RESULT: {"using":"css selector","value":"td"}
COMMAND: POST /session/6d94d18c82106ec19b3d8abef7fd5130/element/f.C1D3EA7ECBFCC03A372CAA8AC6DB352F.d.103390C097C7165CDBA8A791C402D15F.e.4978/elements - {"using":"css selector","value":"td"}
RESULT: {"using":"css selector","value":"td"}
COMMAND: POST /session/6d94d18c82106ec19b3d8abef7fd5130/element/f.C1D3EA7ECBFCC03A372CAA8AC6DB352F.d.103390C097C7165CDBA8A791C402D15F.e.4979/elements - {"using":"css selector","value":"td"}
RESULT: {"using":"css selector","value":"td"}
COMMAND: POST /session/6d94d18c82106ec19b3d8abef7fd5130/element/f.C1D3EA7ECBFCC03A372CAA8AC6DB352F.d.103390C097C7165CDBA8A791C402D15F.e.4980/elements - {"using":"css selector","value":"td"}
RESULT: {"using":"css selector","value":"td"}
COMMAND: POST /session/6d94d18c82106ec19b3d8abef7fd5130/element/f.C1D3EA7ECBFCC03A372CAA8AC6DB352F.d.103390C097C7165CDBA8A791C402D15F.e.4981/elements - {"using":"css selector","value":"td"}
RESULT: {"using":"css selector","value":"td"}
COMMAND: POST /session/6d94d18c82106ec19b3d8abef7fd5130/element/f.C1D3EA7ECBFCC03A372CAA8AC6DB352F.d.103390C097C7165CDBA8A791C402D15F.e.4982/elements - {"using":"css selector","value":"td"}
RESULT: {"using":"css selector","value":"td"}
COMMAND: POST /session/6d94d18c82106ec19b3d8abef7fd5130/element/f.C1D3EA7ECBFCC03A372CAA8AC6DB352F.d.103390C097C7165CDBA8A791C402D15F.e.4983/elements - {"using":"css selector","value":"td"}
RESULT: {"using":"css selector","value":"td"}
COMMAND: POST /session/6d94d18c82106ec19b3d8abef7fd5130/element/f.C1D3EA7ECBFCC03A372CAA8AC6DB352F.d.103390C097C7165CDBA8A791C402D15F.e.4984/elements - {"using":"css selector","value":"td"}
RESULT: {"using":"css selector","value":"td"}
COMMAND: POST /session/6d94d18c82106ec19b3d8abef7fd5130/element/f.C1D3EA7ECBFCC03A372CAA8AC6DB352F.d.103390C097C7165CDBA8A791C402D15F.e.4985/elements - {"using":"css selector","value":"td"}
RESULT: {"using":"css selector","value":"td"}
COMMAND: POST /session/6d94d18c82106ec19b3d8abef7fd5130/element/f.C1D3EA7ECBFCC03A372CAA8AC6DB352F.d.103390C097C7165CDBA8A791C402D15F.e.4986/elements - {"using":"css selector","value":"td"}
RESULT: {"using":"css selector","value":"td"}
COMMAND: POST /session/6d94d18c82106ec19b3d8abef7fd5130/element/f.C1D3EA7ECBFCC03A372CAA8AC6DB352F.d.103390C097C7165CDBA8A791C402D15F.e.4987/elements - {"using":"css selector","value":"td"}
RESULT: {"using":"css selector","value":"td"}
COMMAND: POST /session/6d94d18c82106ec19b3d8abef7fd5130/element/f.C1D3EA7ECBFCC03A372CAA8AC6DB352F.d.103390C097C7165CDBA8A791C402D15F.e.4988/elements - {"using":"css selector","value":"td"}
RESULT: {"using":"css selector","value":"td"}
COMMAND: POST /session/6d94d18c82106ec19b3d8abef7fd5130/element/f.C1D3EA7ECBFCC03A372CAA8AC6DB352F.d.103390C097C7165CDBA8A791C402D15F.e.4989/elements - {"using":"css selector","value":"td"}
RESULT: {"using":"css selector","value":"td"}
COMMAND: POST /session/6d94d18c82106ec19b3d8abef7fd5130/element/f.C1D3EA7ECBFCC03A372CAA8AC6DB352F.d.103390C097C7165CDBA8A791C402D15F.e.4990/elements - {"using":"css selector","value":"td"}
RESULT: {"using":"css selector","value":"td"}
COMMAND: POST /session/6d94d18c82106ec19b3d8abef7fd5130/element/f.C1D3EA7ECBFCC03A372CAA8AC6DB352F.d.103390C097C7165CDBA8A791C402D15F.e.4991/elements - {"using":"css selector","value":"td"}
RESULT: {"using":"css selector","value":"td"}
COMMAND: POST /session/6d94d18c82106ec19b3d8abef7fd5130/element/f.C1D3EA7ECBFCC03A372CAA8AC6DB352F.d.103390C097C7165CDBA8A791C402D15F.e.4992/elements - {"using":"css selector","value":"td"}
RESULT: {"using":"css selector","value":"td"}
COMMAND: POST /session/6d94d18c82106ec19b3d8abef7fd5130/element/f.C1D3EA7ECBFCC03A372CAA8AC6DB352F.d.103390C097C7165CDBA8A791C402D15F.e.4993/elements - {"using":"css selector","value":"td"}
RESULT: {"using":"css selector","value":"td"}
COMMAND: POST /session/6d94d18c82106ec19b3d8abef7fd5130/element/f.C1D3EA7ECBFCC03A372CAA8AC6DB352F.d.103390C097C7165CDBA8A791C402D15F.e.4994/elements - {"using":"css selector","value":"td"}
RESULT: {"using":"css selector","value":"td"}
COMMAND: POST /session/6d94d18c82106ec19b3d8abef7fd5130/element/f.C1D3EA7ECBFCC03A372CAA8AC6DB352F.d.103390C097C7165CDBA8A791C402D15F.e.4995/elements - {"using":"css selector","value":"td"}
RESULT: {"using":"css selector","value":"td"}
COMMAND: POST /session/6d94d18c82106ec19b3d8abef7fd5130/element/f.C1D3EA7ECBFCC03A372CAA8AC6DB352F.d.103390C097C7165CDBA8A791C402D15F.e.4996/elements - {"using":"css selector","value":"td"}
RESULT: {"using":"css selector","value":"td"}
COMMAND: POST /session/6d94d18c82106ec19b3d8abef7fd5130/element/f.C1D3EA7ECBFCC03A372CAA8AC6DB352F.d.103390C097C7165CDBA8A791C402D15F.e.4997/elements - {"using":"css selector","value":"td"}
RESULT: {"using":"css selector","value":"td"}
COMMAND: POST /session/6d94d18c82106ec19b3d8abef7fd5130/element/f.C1D3EA7ECBFCC03A372CAA8AC6DB352F.d.103390C097C7165CDBA8A791C402D15F.e.4998/elements - {"using":"css selector","value":"td"}
RESULT: {"using":"css selector","value":"td"}
COMMAND: POST /session/6d94d18c82106ec19b3d8abef7fd5130/element/f.C1D3EA7ECBFCC03A372CAA8AC6DB352F.d.103390C097C7165CDBA8A791C402D15F.e.4999/elements - {"using":"css selector","value":"td"}
RESULT: {"using":"css selector","value":"td"}
COMMAND: POST /session/6d94d18c82106ec19b3d8abef7fd5130/element/f.C1D3EA7ECBFCC03A372CAA8AC6DB352F.d.103390C097C7165CDBA8A791C402D15F.e.5000/elements - {"using":"css selector","value":"td"}
RESULT: {"using":"css selector","value":"td"}
COMMAND: POST /session/6d94d18c82106ec19b3d8abef7fd5130/element/f.C1D3EA7ECBFCC03A372CAA8AC6DB352F.d.103390C097C7165CDBA8A791C402D15F.e.5001/elements - {"using":"css selector","value":"td"}
RESULT: {"using":"css selector","value":"td"}
COMMAND: POST /session/6d94d18c82106ec19b3d8abef7fd5130/element/f.C1D3EA7ECBFCC03A372CAA8AC6DB352F.d.103390C097C7165CDBA8A791C402D15F.e.5002/elements - {"using":"css selector","value":"td"}
RESULT: {"using":"css selector","value":"td"}
COMMAND: POST /session/6d94d18c82106ec19b3d8abef7fd5130/element/f.C1D3EA7ECBFCC03A372CAA8AC6DB352F.d.103390C097C7165CDBA8A791C402D15F.e.5003/elements - {"using":"css selector","value":"td"}
RESULT: {"using":"css selector","value":"td"}
COMMAND: POST /session/6d94d18c82106ec19b3d8abef7fd5130/element/f.C1D3EA7ECBFCC03A372CAA8AC6DB352F.d.103390C097C7165CDBA8A791C402D15F.e.5004/elements - {"using":"css selector","value":"td"}
RESULT: {"using":"css selector","value":"td"}
COMMAND: POST /session/6d94d18c82106ec19b3d8abef7fd5130/element/f.C1D3EA7ECBFCC03A372CAA8AC6DB352F.d.103390C097C7165CDBA8A791C402D15F.e.5005/elements - {"using":"css selector","value":"td"}
RESULT: {"using":"css selector","value":"td"}
COMMAND: POST /session/6d94d18c82106ec19b3d8abef7fd5130/element/f.C1D3EA7ECBFCC03A372CAA8AC6DB352F.d.103390C097C7165CDBA8A791C402D15F.e.5006/elements - {"using":"css selector","value":"td"}
RESULT: {"using":"css selector","value":"td"}
COMMAND: POST /session/6d94d18c82106ec19b3d8abef7fd5130/element/f.C1D3EA7ECBFCC03A372CAA8AC6DB352F.d.103390C097C7165CDBA8A791C402D15F.e.5007/elements - {"using":"css selector","value":"td"}
RESULT: {"using":"css selector","value":"td"}
COMMAND: POST /session/6d94d18c82106ec19b3d8abef7fd5130/element/f.C1D3EA7ECBFCC03A372CAA8AC6DB352F.d.103390C097C7165CDBA8A791C402D15F.e.5008/elements - {"using":"css selector","value":"td"}
RESULT: {"using":"css selector","value":"td"}
COMMAND: POST /session/6d94d18c82106ec19b3d8abef7fd5130/element/f.C1D3EA7ECBFCC03A372CAA8AC6DB352F.d.103390C097C7165CDBA8A791C402D15F.e.5009/elements - {"using":"css selector","value":"td"}
RESULT: {"using":"css selector","value":"td"}
COMMAND: POST /session/6d94d18c82106ec19b3d8abef7fd5130/element/f.C1D3EA7ECBFCC03A372CAA8AC6DB352F.d.103390C097C7165CDBA8A791C402D15F.e.5010/elements - {"using":"css selector","value":"td"}
RESULT: {"using":"css selector","value":"td"}
COMMAND: POST /session/6d94d18c82106ec19b3d8abef7fd5130/element/f.C1D3EA7ECBFCC03A372CAA8AC6DB352F.d.103390C097C7165CDBA8A791C402D15F.e.5011/elements - {"using":"css selector","value":"td"}
RESULT: {"using":"css selector","value":"td"}
COMMAND: POST /session/6d94d18c82106ec19b3d8abef7fd5130/element/f.C1D3EA7ECBFCC03A372CAA8AC6DB352F.d.103390C097C7165CDBA8A791C402D15F.e.5012/elements - {"using":"css selector","value":"td"}
RESULT: {"using":"css selector","value":"td"}
COMMAND: POST /session/6d94d18c82106ec19b3d8abef7fd5130/element/f.C1D3EA7ECBFCC03A372CAA8AC6DB352F.d.103390C097C7165CDBA8A791C402D15F.e.5013/elements - {"using":"css selector","value":"td"}
RESULT: {"using":"css selector","value":"td"}
COMMAND: POST /session/6d94d18c82106ec19b3d8abef7fd5130/element/f.C1D3EA7ECBFCC03A372CAA8AC6DB352F.d.103390C097C7165CDBA8A791C402D15F.e.5014/elements - {"using":"css selector","value":"td"}
RESULT: {"using":"css selector","value":"td"}
COMMAND: POST /session/6d94d18c82106ec19b3d8abef7fd5130/element/f.C1D3EA7ECBFCC03A372CAA8AC6DB352F.d.103390C097C7165CDBA8A791C402D15F.e.5015/elements - {"using":"css selector","value":"td"}
RESULT: {"using":"css selector","value":"td"}
COMMAND: POST /session/6d94d18c82106ec19b3d8abef7fd5130/element/f.C1D3EA7ECBFCC03A372CAA8AC6DB352F.d.103390C097C7165CDBA8A791C402D15F.e.5016/elements - {"using":"css selector","value":"td"}
RESULT: {"using":"css selector","value":"td"}
COMMAND: POST /session/6d94d18c82106ec19b3d8abef7fd5130/element/f.C1D3EA7ECBFCC03A372CAA8AC6DB352F.d.103390C097C7165CDBA8A791C402D15F.e.5017/elements - {"using":"css selector","value":"td"}
RESULT: {"using":"css selector","value":"td"}
COMMAND: POST /session/6d94d18c82106ec19b3d8abef7fd5130/element/f.C1D3EA7ECBFCC03A372CAA8AC6DB352F.d.103390C097C7165CDBA8A791C402D15F.e.5018/elements - {"using":"css selector","value":"td"}
RESULT: {"using":"css selector","value":"td"}
COMMAND: POST /session/6d94d18c82106ec19b3d8abef7fd5130/element/f.C1D3EA7ECBFCC03A372CAA8AC6DB352F.d.103390C097C7165CDBA8A791C402D15F.e.5019/elements - {"using":"css selector","value":"td"}
RESULT: {"using":"css selector","value":"td"}
COMMAND: POST /session/6d94d18c82106ec19b3d8abef7fd5130/element/f.C1D3EA7ECBFCC03A372CAA8AC6DB352F.d.103390C097C7165CDBA8A791C402D15F.e.5020/elements - {"using":"css selector","value":"td"}
RESULT: {"using":"css selector","value":"td"}
COMMAND: POST /session/6d94d18c82106ec19b3d8abef7fd5130/element/f.C1D3EA7ECBFCC03A372CAA8AC6DB352F.d.103390C097C7165CDBA8A791C402D15F.e.5021/elements - {"using":"css selector","value":"td"}
RESULT: {"using":"css selector","value":"td"}
COMMAND: POST /session/6d94d18c82106ec19b3d8abef7fd5130/element/f.C1D3EA7ECBFCC03A372CAA8AC6DB352F.d.103390C097C7165CDBA8A791C402D15F.e.5022/elements - {"using":"css selector","value":"td"}
RESULT: {"using":"css selector","value":"td"}
COMMAND: POST /session/6d94d18c82106ec19b3d8abef7fd5130/element/f.C1D3EA7ECBFCC03A372CAA8AC6DB352F.d.103390C097C7165CDBA8A791C402D15F.e.5023/elements - {"using":"css selector","value":"td"}
RESULT: {"using":"css selector","value":"td"}
COMMAND: POST /session/6d94d18c82106ec19b3d8abef7fd5130/element/f.C1D3EA7ECBFCC03A372CAA8AC6DB352F.d.103390C097C7165CDBA8A791C402D15F.e.5024/elements - {"using":"css selector","value":"td"}
RESULT: {"using":"css selector","value":"td"}
COMMAND: POST /session/6d94d18c82106ec19b3d8abef7fd5130/element/f.C1D3EA7ECBFCC03A372CAA8AC6DB352F.d.103390C097C7165CDBA8A791C402D15F.e.5025/elements - {"using":"css selector","value":"td"}
RESULT: {"using":"css selector","value":"td"}
COMMAND: POST /session/6d94d18c82106ec19b3d8abef7fd5130/element/f.C1D3EA7ECBFCC03A372CAA8AC6DB352F.d.103390C097C7165CDBA8A791C402D15F.e.5026/elements - {"using":"css selector","value":"td"}
RESULT: {"using":"css selector","value":"td"}
COMMAND: POST /session/6d94d18c82106ec19b3d8abef7fd5130/element/f.C1D3EA7ECBFCC03A372CAA8AC6DB352F.d.103390C097C7165CDBA8A791C402D15F.e.5027/elements - {"using":"css selector","value":"td"}
RESULT: {"using":"css selector","value":"td"}
COMMAND: POST /session/6d94d18c82106ec19b3d8abef7fd5130/element/f.C1D3EA7ECBFCC03A372CAA8AC6DB352F.d.103390C097C7165CDBA8A791C402D15F.e.5028/elements - {"using":"css selector","value":"td"}
RESULT: {"using":"css selector","value":"td"}
COMMAND: POST /session/6d94d18c82106ec19b3d8abef7fd5130/element/f.C1D3EA7ECBFCC03A372CAA8AC6DB352F.d.103390C097C7165CDBA8A791C402D15F.e.5029/elements - {"using":"css selector","value":"td"}
RESULT: {"using":"css selector","value":"td"}
COMMAND: POST /session/6d94d18c82106ec19b3d8abef7fd5130/element/f.C1D3EA7ECBFCC03A372CAA8AC6DB352F.d.103390C097C7165CDBA8A791C402D15F.e.5030/elements - {"using":"css selector","value":"td"}
RESULT: {"using":"css selector","value":"td"}
COMMAND: POST /session/6d94d18c82106ec19b3d8abef7fd5130/element/f.C1D3EA7ECBFCC03A372CAA8AC6DB352F.d.103390C097C7165CDBA8A791C402D15F.e.5031/elements - {"using":"css selector","value":"td"}
RESULT: {"using":"css selector","value":"td"}
COMMAND: POST /session/6d94d18c82106ec19b3d8abef7fd5130/element/f.C1D3EA7ECBFCC03A372CAA8AC6DB352F.d.103390C097C7165CDBA8A791C402D15F.e.5032/elements - {"using":"css selector","value":"td"}
RESULT: {"using":"css selector","value":"td"}
COMMAND: POST /session/6d94d18c82106ec19b3d8abef7fd5130/element/f.C1D3EA7ECBFCC03A372CAA8AC6DB352F.d.103390C097C7165CDBA8A791C402D15F.e.5033/elements - {"using":"css selector","value":"td"}
RESULT: {"using":"css selector","value":"td"}
COMMAND: POST /session/6d94d18c82106ec19b3d8abef7fd5130/element/f.C1D3EA7ECBFCC03A372CAA8AC6DB352F.d.103390C097C7165CDBA8A791C402D15F.e.5034/elements - {"using":"css selector","value":"td"}
RESULT: {"using":"css selector","value":"td"}
COMMAND: POST /session/6d94d18c82106ec19b3d8abef7fd5130/element/f.C1D3EA7ECBFCC03A372CAA8AC6DB352F.d.103390C097C7165CDBA8A791C402D15F.e.5035/elements - {"using":"css selector","value":"td"}
RESULT: {"using":"css selector","value":"td"}
COMMAND: POST /session/6d94d18c82106ec19b3d8abef7fd5130/element/f.C1D3EA7ECBFCC03A372CAA8AC6DB352F.d.103390C097C7165CDBA8A791C402D15F.e.5036/elements - {"using":"css selector","value":"td"}
RESULT: {"using":"css selector","value":"td"}
COMMAND: POST /session/6d94d18c82106ec19b3d8abef7fd5130/element/f.C1D3EA7ECBFCC03A372CAA8AC6DB352F.d.103390C097C7165CDBA8A791C402D15F.e.5037/elements - {"using":"css selector","value":"td"}
RESULT: {"using":"css selector","value":"td"}
COMMAND: POST /session/6d94d18c82106ec19b3d8abef7fd5130/element/f.C1D3EA7ECBFCC03A372CAA8AC6DB352F.d.103390C097C7165CDBA8A791C402D15F.e.5038/elements - {"using":"css selector","value":"td"}
RESULT: {"using":"css selector","value":"td"}
COMMAND: POST /session/6d94d18c82106ec19b3d8abef7fd5130/element/f.C1D3EA7ECBFCC03A372CAA8AC6DB352F.d.103390C097C7165CDBA8A791C402D15F.e.5039/elements - {"using":"css selector","value":"td"}
RESULT: {"using":"css selector","value":"td"}
COMMAND: POST /session/6d94d18c82106ec19b3d8abef7fd5130/element/f.C1D3EA7ECBFCC03A372CAA8AC6DB352F.d.103390C097C7165CDBA8A791C402D15F.e.5040/elements - {"using":"css selector","value":"td"}
RESULT: {"using":"css selector","value":"td"}
COMMAND: POST /session/6d94d18c82106ec19b3d8abef7fd5130/element/f.C1D3EA7ECBFCC03A372CAA8AC6DB352F.d.103390C097C7165CDBA8A791C402D15F.e.5041/elements - {"using":"css selector","value":"td"}
RESULT: {"using":"css selector","value":"td"}
COMMAND: POST /session/6d94d18c82106ec19b3d8abef7fd5130/element/f.C1D3EA7ECBFCC03A372CAA8AC6DB352F.d.103390C097C7165CDBA8A791C402D15F.e.5042/elements - {"using":"css selector","value":"td"}
RESULT: {"using":"css selector","value":"td"}
COMMAND: POST /session/6d94d18c82106ec19b3d8abef7fd5130/element/f.C1D3EA7ECBFCC03A372CAA8AC6DB352F.d.103390C097C7165CDBA8A791C402D15F.e.5043/elements - {"using":"css selector","value":"td"}
RESULT: {"using":"css selector","value":"td"}
COMMAND: POST /session/6d94d18c82106ec19b3d8abef7fd5130/element/f.C1D3EA7ECBFCC03A372CAA8AC6DB352F.d.103390C097C7165CDBA8A791C402D15F.e.5044/elements - {"using":"css selector","value":"td"}
RESULT: {"using":"css selector","value":"td"}
COMMAND: POST /session/6d94d18c82106ec19b3d8abef7fd5130/element/f.C1D3EA7ECBFCC03A372CAA8AC6DB352F.d.103390C097C7165CDBA8A791C402D15F.e.5045/elements - {"using":"css selector","value":"td"}
RESULT: {"using":"css selector","value":"td"}
COMMAND: POST /session/6d94d18c82106ec19b3d8abef7fd5130/element/f.C1D3EA7ECBFCC03A372CAA8AC6DB352F.d.103390C097C7165CDBA8A791C402D15F.e.5046/elements - {"using":"css selector","value":"td"}
RESULT: {"using":"css selector","value":"td"}
COMMAND: POST /session/6d94d18c82106ec19b3d8abef7fd5130/element/f.C1D3EA7ECBFCC03A372CAA8AC6DB352F.d.103390C097C7165CDBA8A791C402D15F.e.5047/elements - {"using":"css selector","value":"td"}
RESULT: {"using":"css selector","value":"td"}
COMMAND: POST /session/6d94d18c82106ec19b3d8abef7fd5130/element/f.C1D3EA7ECBFCC03A372CAA8AC6DB352F.d.103390C097C7165CDBA8A791C402D15F.e.5048/elements - {"using":"css selector","value":"td"}
RESULT: {"using":"css selector","value":"td"}
COMMAND: POST /session/6d94d18c82106ec19b3d8abef7fd5130/element/f.C1D3EA7ECBFCC03A372CAA8AC6DB352F.d.103390C097C7165CDBA8A791C402D15F.e.5049/elements - {"using":"css selector","value":"td"}
RESULT: {"using":"css selector","value":"td"}
COMMAND: POST /session/6d94d18c82106ec19b3d8abef7fd5130/element/f.C1D3EA7ECBFCC03A372CAA8AC6DB352F.d.103390C097C7165CDBA8A791C402D15F.e.5050/elements - {"using":"css selector","value":"td"}
RESULT: {"using":"css selector","value":"td"}
COMMAND: POST /session/6d94d18c82106ec19b3d8abef7fd5130/element/f.C1D3EA7ECBFCC03A372CAA8AC6DB352F.d.103390C097C7165CDBA8A791C402D15F.e.5051/elements - {"using":"css selector","value":"td"}
RESULT: {"using":"css selector","value":"td"}
COMMAND: POST /session/6d94d18c82106ec19b3d8abef7fd5130/element/f.C1D3EA7ECBFCC03A372CAA8AC6DB352F.d.103390C097C7165CDBA8A791C402D15F.e.5052/elements - {"using":"css selector","value":"td"}
RESULT: {"using":"css selector","value":"td"}
COMMAND: POST /session/6d94d18c82106ec19b3d8abef7fd5130/element/f.C1D3EA7ECBFCC03A372CAA8AC6DB352F.d.103390C097C7165CDBA8A791C402D15F.e.5053/elements - {"using":"css selector","value":"td"}
RESULT: {"using":"css selector","value":"td"}
COMMAND: POST /session/6d94d18c82106ec19b3d8abef7fd5130/element/f.C1D3EA7ECBFCC03A372CAA8AC6DB352F.d.103390C097C7165CDBA8A791C402D15F.e.5054/elements - {"using":"css selector","value":"td"}
RESULT: {"using":"css selector","value":"td"}
COMMAND: POST /session/6d94d18c82106ec19b3d8abef7fd5130/element/f.C1D3EA7ECBFCC03A372CAA8AC6DB352F.d.103390C097C7165CDBA8A791C402D15F.e.5055/elements - {"using":"css selector","value":"td"}
RESULT: {"using":"css selector","value":"td"}
COMMAND: POST /session/6d94d18c82106ec19b3d8abef7fd5130/element/f.C1D3EA7ECBFCC03A372CAA8AC6DB352F.d.103390C097C7165CDBA8A791C402D15F.e.5056/elements - {"using":"css selector","value":"td"}
RESULT: {"using":"css selector","value":"td"}
COMMAND: POST /session/6d94d18c82106ec19b3d8abef7fd5130/element/f.C1D3EA7ECBFCC03A372CAA8AC6DB352F.d.103390C097C7165CDBA8A791C402D15F.e.5057/elements - {"using":"css selector","value":"td"}
RESULT: {"using":"css selector","value":"td"}
COMMAND: POST /session/6d94d18c82106ec19b3d8abef7fd5130/element/f.C1D3EA7ECBFCC03A372CAA8AC6DB352F.d.103390C097C7165CDBA8A791C402D15F.e.5058/elements - {"using":"css selector","value":"td"}
RESULT: {"using":"css selector","value":"td"}
COMMAND: POST /session/6d94d18c82106ec19b3d8abef7fd5130/element/f.C1D3EA7ECBFCC03A372CAA8AC6DB352F.d.103390C097C7165CDBA8A791C402D15F.e.5059/elements - {"using":"css selector","value":"td"}
RESULT: {"using":"css selector","value":"td"}
COMMAND: POST /session/6d94d18c82106ec19b3d8abef7fd5130/element/f.C1D3EA7ECBFCC03A372CAA8AC6DB352F.d.103390C097C7165CDBA8A791C402D15F.e.5060/elements - {"using":"css selector","value":"td"}
RESULT: {"using":"css selector","value":"td"}
COMMAND: POST /session/6d94d18c82106ec19b3d8abef7fd5130/element/f.C1D3EA7ECBFCC03A372CAA8AC6DB352F.d.103390C097C7165CDBA8A791C402D15F.e.5061/elements - {"using":"css selector","value":"td"}
RESULT: {"using":"css selector","value":"td"}
COMMAND: POST /session/6d94d18c82106ec19b3d8abef7fd5130/element/f.C1D3EA7ECBFCC03A372CAA8AC6DB352F.d.103390C097C7165CDBA8A791C402D15F.e.5062/elements - {"using":"css selector","value":"td"}
RESULT: {"using":"css selector","value":"td"}
COMMAND: POST /session/6d94d18c82106ec19b3d8abef7fd5130/element/f.C1D3EA7ECBFCC03A372CAA8AC6DB352F.d.103390C097C7165CDBA8A791C402D15F.e.5063/elements - {"using":"css selector","value":"td"}
RESULT: {"using":"css selector","value":"td"}
COMMAND: POST /session/6d94d18c82106ec19b3d8abef7fd5130/element/f.C1D3EA7ECBFCC03A372CAA8AC6DB352F.d.103390C097C7165CDBA8A791C402D15F.e.5064/elements - {"using":"css selector","value":"td"}
RESULT: {"using":"css selector","value":"td"}
COMMAND: POST /session/6d94d18c82106ec19b3d8abef7fd5130/element/f.C1D3EA7ECBFCC03A372CAA8AC6DB352F.d.103390C097C7165CDBA8A791C402D15F.e.5065/elements - {"using":"css selector","value":"td"}
RESULT: {"using":"css selector","value":"td"}
COMMAND: POST /session/6d94d18c82106ec19b3d8abef7fd5130/element/f.C1D3EA7ECBFCC03A372CAA8AC6DB352F.d.103390C097C7165CDBA8A791C402D15F.e.5066/elements - {"using":"css selector","value":"td"}
RESULT: {"using":"css selector","value":"td"}
COMMAND: POST /session/6d94d18c82106ec19b3d8abef7fd5130/element/f.C1D3EA7ECBFCC03A372CAA8AC6DB352F.d.103390C097C7165CDBA8A791C402D15F.e.5067/elements - {"using":"css selector","value":"td"}
RESULT: {"using":"css selector","value":"td"}
COMMAND: POST /session/6d94d18c82106ec19b3d8abef7fd5130/element/f.C1D3EA7ECBFCC03A372CAA8AC6DB352F.d.103390C097C7165CDBA8A791C402D15F.e.5068/elements - {"using":"css selector","value":"td"}
RESULT: {"using":"css selector","value":"td"}
COMMAND: POST /session/6d94d18c82106ec19b3d8abef7fd5130/element/f.C1D3EA7ECBFCC03A372CAA8AC6DB352F.d.103390C097C7165CDBA8A791C402D15F.e.5069/elements - {"using":"css selector","value":"td"}
RESULT: {"using":"css selector","value":"td"}
COMMAND: POST /session/6d94d18c82106ec19b3d8abef7fd5130/element/f.C1D3EA7ECBFCC03A372CAA8AC6DB352F.d.103390C097C7165CDBA8A791C402D15F.e.5070/elements - {"using":"css selector","value":"td"}
RESULT: {"using":"css selector","value":"td"}
COMMAND: POST /session/6d94d18c82106ec19b3d8abef7fd5130/element/f.C1D3EA7ECBFCC03A372CAA8AC6DB352F.d.103390C097C7165CDBA8A791C402D15F.e.5071/elements - {"using":"css selector","value":"td"}
RESULT: {"using":"css selector","value":"td"}
COMMAND: POST /session/6d94d18c82106ec19b3d8abef7fd5130/element/f.C1D3EA7ECBFCC03A372CAA8AC6DB352F.d.103390C097C7165CDBA8A791C402D15F.e.5072/elements - {"using":"css selector","value":"td"}
RESULT: {"using":"css selector","value":"td"}
COMMAND: POST /session/6d94d18c82106ec19b3d8abef7fd5130/element/f.C1D3EA7ECBFCC03A372CAA8AC6DB352F.d.103390C097C7165CDBA8A791C402D15F.e.5073/elements - {"using":"css selector","value":"td"}
RESULT: {"using":"css selector","value":"td"}
COMMAND: POST /session/6d94d18c82106ec19b3d8abef7fd5130/element/f.C1D3EA7ECBFCC03A372CAA8AC6DB352F.d.103390C097C7165CDBA8A791C402D15F.e.5074/elements - {"using":"css selector","value":"td"}
RESULT: {"using":"css selector","value":"td"}
COMMAND: POST /session/6d94d18c82106ec19b3d8abef7fd5130/element/f.C1D3EA7ECBFCC03A372CAA8AC6DB352F.d.103390C097C7165CDBA8A791C402D15F.e.5075/elements - {"using":"css selector","value":"td"}
RESULT: {"using":"css selector","value":"td"}
COMMAND: POST /session/6d94d18c82106ec19b3d8abef7fd5130/element/f.C1D3EA7ECBFCC03A372CAA8AC6DB352F.d.103390C097C7165CDBA8A791C402D15F.e.5076/elements - {"using":"css selector","value":"td"}
RESULT: {"using":"css selector","value":"td"}
COMMAND: POST /session/6d94d18c82106ec19b3d8abef7fd5130/element/f.C1D3EA7ECBFCC03A372CAA8AC6DB352F.d.103390C097C7165CDBA8A791C402D15F.e.5077/elements - {"using":"css selector","value":"td"}
RESULT: {"using":"css selector","value":"td"}
COMMAND: POST /session/6d94d18c82106ec19b3d8abef7fd5130/element/f.C1D3EA7ECBFCC03A372CAA8AC6DB352F.d.103390C097C7165CDBA8A791C402D15F.e.5078/elements - {"using":"css selector","value":"td"}
RESULT: {"using":"css selector","value":"td"}
COMMAND: POST /session/6d94d18c82106ec19b3d8abef7fd5130/element/f.C1D3EA7ECBFCC03A372CAA8AC6DB352F.d.103390C097C7165CDBA8A791C402D15F.e.5079/elements - {"using":"css selector","value":"td"}
RESULT: {"using":"css selector","value":"td"}
COMMAND: POST /session/6d94d18c82106ec19b3d8abef7fd5130/element/f.C1D3EA7ECBFCC03A372CAA8AC6DB352F.d.103390C097C7165CDBA8A791C402D15F.e.5080/elements - {"using":"css selector","value":"td"}
RESULT: {"using":"css selector","value":"td"}
COMMAND: POST /session/6d94d18c82106ec19b3d8abef7fd5130/element/f.C1D3EA7ECBFCC03A372CAA8AC6DB352F.d.103390C097C7165CDBA8A791C402D15F.e.5081/elements - {"using":"css selector","value":"td"}
RESULT: {"using":"css selector","value":"td"}
COMMAND: POST /session/6d94d18c82106ec19b3d8abef7fd5130/element/f.C1D3EA7ECBFCC03A372CAA8AC6DB352F.d.103390C097C7165CDBA8A791C402D15F.e.5082/elements - {"using":"css selector","value":"td"}
RESULT: {"using":"css selector","value":"td"}
COMMAND: POST /session/6d94d18c82106ec19b3d8abef7fd5130/element/f.C1D3EA7ECBFCC03A372CAA8AC6DB352F.d.103390C097C7165CDBA8A791C402D15F.e.5083/elements - {"using":"css selector","value":"td"}
RESULT: {"using":"css selector","value":"td"}
COMMAND: POST /session/6d94d18c82106ec19b3d8abef7fd5130/element/f.C1D3EA7ECBFCC03A372CAA8AC6DB352F.d.103390C097C7165CDBA8A791C402D15F.e.5084/elements - {"using":"css selector","value":"td"}
RESULT: {"using":"css selector","value":"td"}
COMMAND: POST /session/6d94d18c82106ec19b3d8abef7fd5130/element/f.C1D3EA7ECBFCC03A372CAA8AC6DB352F.d.103390C097C7165CDBA8A791C402D15F.e.5085/elements - {"using":"css selector","value":"td"}
RESULT: {"using":"css selector","value":"td"}
COMMAND: POST /session/6d94d18c82106ec19b3d8abef7fd5130/element/f.C1D3EA7ECBFCC03A372CAA8AC6DB352F.d.103390C097C7165CDBA8A791C402D15F.e.5086/elements - {"using":"css selector","value":"td"}
RESULT: {"using":"css selector","value":"td"}
COMMAND: POST /session/6d94d18c82106ec19b3d8abef7fd5130/element/f.C1D3EA7ECBFCC03A372CAA8AC6DB352F.d.103390C097C7165CDBA8A791C402D15F.e.5087/elements - {"using":"css selector","value":"td"}
RESULT: {"using":"css selector","value":"td"}
COMMAND: POST /session/6d94d18c82106ec19b3d8abef7fd5130/element/f.C1D3EA7ECBFCC03A372CAA8AC6DB352F.d.103390C097C7165CDBA8A791C402D15F.e.5088/elements - {"using":"css selector","value":"td"}
RESULT: {"using":"css selector","value":"td"}
COMMAND: POST /session/6d94d18c82106ec19b3d8abef7fd5130/element/f.C1D3EA7ECBFCC03A372CAA8AC6DB352F.d.103390C097C7165CDBA8A791C402D15F.e.5089/elements - {"using":"css selector","value":"td"}
RESULT: {"using":"css selector","value":"td"}
COMMAND: POST /session/6d94d18c82106ec19b3d8abef7fd5130/element/f.C1D3EA7ECBFCC03A372CAA8AC6DB352F.d.103390C097C7165CDBA8A791C402D15F.e.5090/elements - {"using":"css selector","value":"td"}
RESULT: {"using":"css selector","value":"td"}
COMMAND: POST /session/6d94d18c82106ec19b3d8abef7fd5130/element/f.C1D3EA7ECBFCC03A372CAA8AC6DB352F.d.103390C097C7165CDBA8A791C402D15F.e.5091/elements - {"using":"css selector","value":"td"}
RESULT: {"using":"css selector","value":"td"}
COMMAND: POST /session/6d94d18c82106ec19b3d8abef7fd5130/element/f.C1D3EA7ECBFCC03A372CAA8AC6DB352F.d.103390C097C7165CDBA8A791C402D15F.e.5092/elements - {"using":"css selector","value":"td"}
RESULT: {"using":"css selector","value":"td"}
COMMAND: POST /session/6d94d18c82106ec19b3d8abef7fd5130/element/f.C1D3EA7ECBFCC03A372CAA8AC6DB352F.d.103390C097C7165CDBA8A791C402D15F.e.5093/elements - {"using":"css selector","value":"td"}
RESULT: {"using":"css selector","value":"td"}
COMMAND: POST /session/6d94d18c82106ec19b3d8abef7fd5130/element/f.C1D3EA7ECBFCC03A372CAA8AC6DB352F.d.103390C097C7165CDBA8A791C402D15F.e.5094/elements - {"using":"css selector","value":"td"}
RESULT: {"using":"css selector","value":"td"}
COMMAND: POST /session/6d94d18c82106ec19b3d8abef7fd5130/element/f.C1D3EA7ECBFCC03A372CAA8AC6DB352F.d.103390C097C7165CDBA8A791C402D15F.e.5095/elements - {"using":"css selector","value":"td"}
RESULT: {"using":"css selector","value":"td"}
COMMAND: POST /session/6d94d18c82106ec19b3d8abef7fd5130/element/f.C1D3EA7ECBFCC03A372CAA8AC6DB352F.d.103390C097C7165CDBA8A791C402D15F.e.5096/elements - {"using":"css selector","value":"td"}
RESULT: {"using":"css selector","value":"td"}
COMMAND: POST /session/6d94d18c82106ec19b3d8abef7fd5130/element/f.C1D3EA7ECBFCC03A372CAA8AC6DB352F.d.103390C097C7165CDBA8A791C402D15F.e.5097/elements - {"using":"css selector","value":"td"}
RESULT: {"using":"css selector","value":"td"}
COMMAND: POST /session/6d94d18c82106ec19b3d8abef7fd5130/element/f.C1D3EA7ECBFCC03A372CAA8AC6DB352F.d.103390C097C7165CDBA8A791C402D15F.e.5098/elements - {"using":"css selector","value":"td"}
RESULT: {"using":"css selector","value":"td"}
COMMAND: POST /session/6d94d18c82106ec19b3d8abef7fd5130/element/f.C1D3EA7ECBFCC03A372CAA8AC6DB352F.d.103390C097C7165CDBA8A791C402D15F.e.5099/elements - {"using":"css selector","value":"td"}
RESULT: {"using":"css selector","value":"td"}
COMMAND: POST /session/6d94d18c82106ec19b3d8abef7fd5130/element/f.C1D3EA7ECBFCC03A372CAA8AC6DB352F.d.103390C097C7165CDBA8A791C402D15F.e.5100/elements - {"using":"css selector","value":"td"}
RESULT: {"using":"css selector","value":"td"}
COMMAND: POST /session/6d94d18c82106ec19b3d8abef7fd5130/element/f.C1D3EA7ECBFCC03A372CAA8AC6DB352F.d.103390C097C7165CDBA8A791C402D15F.e.5101/elements - {"using":"css selector","value":"td"}
RESULT: {"using":"css selector","value":"td"}
COMMAND: POST /session/6d94d18c82106ec19b3d8abef7fd5130/element/f.C1D3EA7ECBFCC03A372CAA8AC6DB352F.d.103390C097C7165CDBA8A791C402D15F.e.5102/elements - {"using":"css selector","value":"td"}
RESULT: {"using":"css selector","value":"td"}
COMMAND: POST /session/6d94d18c82106ec19b3d8abef7fd5130/element/f.C1D3EA7ECBFCC03A372CAA8AC6DB352F.d.103390C097C7165CDBA8A791C402D15F.e.5103/elements - {"using":"css selector","value":"td"}
RESULT: {"using":"css selector","value":"td"}
COMMAND: POST /session/6d94d18c82106ec19b3d8abef7fd5130/element/f.C1D3EA7ECBFCC03A372CAA8AC6DB352F.d.103390C097C7165CDBA8A791C402D15F.e.5104/elements - {"using":"css selector","value":"td"}
RESULT: {"using":"css selector","value":"td"}
COMMAND: POST /session/6d94d18c82106ec19b3d8abef7fd5130/element/f.C1D3EA7ECBFCC03A372CAA8AC6DB352F.d.103390C097C7165CDBA8A791C402D15F.e.5105/elements - {"using":"css selector","value":"td"}
RESULT: {"using":"css selector","value":"td"}
COMMAND: POST /session/6d94d18c82106ec19b3d8abef7fd5130/element/f.C1D3EA7ECBFCC03A372CAA8AC6DB352F.d.103390C097C7165CDBA8A791C402D15F.e.5106/elements - {"using":"css selector","value":"td"}
RESULT: {"using":"css selector","value":"td"}
COMMAND: POST /session/6d94d18c82106ec19b3d8abef7fd5130/element/f.C1D3EA7ECBFCC03A372CAA8AC6DB352F.d.103390C097C7165CDBA8A791C402D15F.e.5107/elements - {"using":"css selector","value":"td"}
RESULT: {"using":"css selector","value":"td"}
COMMAND: POST /session/6d94d18c82106ec19b3d8abef7fd5130/element/f.C1D3EA7ECBFCC03A372CAA8AC6DB352F.d.103390C097C7165CDBA8A791C402D15F.e.5108/elements - {"using":"css selector","value":"td"}
RESULT: {"using":"css selector","value":"td"}
COMMAND: POST /session/6d94d18c82106ec19b3d8abef7fd5130/element/f.C1D3EA7ECBFCC03A372CAA8AC6DB352F.d.103390C097C7165CDBA8A791C402D15F.e.5109/elements - {"using":"css selector","value":"td"}
RESULT: {"using":"css selector","value":"td"}
COMMAND: POST /session/6d94d18c82106ec19b3d8abef7fd5130/element/f.C1D3EA7ECBFCC03A372CAA8AC6DB352F.d.103390C097C7165CDBA8A791C402D15F.e.5110/elements - {"using":"css selector","value":"td"}
RESULT: {"using":"css selector","value":"td"}
COMMAND: POST /session/6d94d18c82106ec19b3d8abef7fd5130/element/f.C1D3EA7ECBFCC03A372CAA8AC6DB352F.d.103390C097C7165CDBA8A791C402D15F.e.5111/elements - {"using":"css selector","value":"td"}
RESULT: {"using":"css selector","value":"td"}
COMMAND: POST /session/6d94d18c82106ec19b3d8abef7fd5130/element/f.C1D3EA7ECBFCC03A372CAA8AC6DB352F.d.103390C097C7165CDBA8A791C402D15F.e.5112/elements - {"using":"css selector","value":"td"}
RESULT: {"using":"css selector","value":"td"}
COMMAND: POST /session/6d94d18c82106ec19b3d8abef7fd5130/element/f.C1D3EA7ECBFCC03A372CAA8AC6DB352F.d.103390C097C7165CDBA8A791C402D15F.e.5113/elements - {"using":"css selector","value":"td"}
RESULT: {"using":"css selector","value":"td"}
COMMAND: POST /session/6d94d18c82106ec19b3d8abef7fd5130/element/f.C1D3EA7ECBFCC03A372CAA8AC6DB352F.d.103390C097C7165CDBA8A791C402D15F.e.5114/elements - {"using":"css selector","value":"td"}
RESULT: {"using":"css selector","value":"td"}
COMMAND: POST /session/6d94d18c82106ec19b3d8abef7fd5130/element/f.C1D3EA7ECBFCC03A372CAA8AC6DB352F.d.103390C097C7165CDBA8A791C402D15F.e.5115/elements - {"using":"css selector","value":"td"}
RESULT: {"using":"css selector","value":"td"}
COMMAND: POST /session/6d94d18c82106ec19b3d8abef7fd5130/element/f.C1D3EA7ECBFCC03A372CAA8AC6DB352F.d.103390C097C7165CDBA8A791C402D15F.e.5116/elements - {"using":"css selector","value":"td"}
RESULT: {"using":"css selector","value":"td"}
COMMAND: POST /session/6d94d18c82106ec19b3d8abef7fd5130/element/f.C1D3EA7ECBFCC03A372CAA8AC6DB352F.d.103390C097C7165CDBA8A791C402D15F.e.5117/elements - {"using":"css selector","value":"td"}
RESULT: {"using":"css selector","value":"td"}
COMMAND: POST /session/6d94d18c82106ec19b3d8abef7fd5130/element/f.C1D3EA7ECBFCC03A372CAA8AC6DB352F.d.103390C097C7165CDBA8A791C402D15F.e.5118/elements - {"using":"css selector","value":"td"}
RESULT: {"using":"css selector","value":"td"}
COMMAND: POST /session/6d94d18c82106ec19b3d8abef7fd5130/element/f.C1D3EA7ECBFCC03A372CAA8AC6DB352F.d.103390C097C7165CDBA8A791C402D15F.e.5119/elements - {"using":"css selector","value":"td"}
RESULT: {"using":"css selector","value":"td"}
COMMAND: POST /session/6d94d18c82106ec19b3d8abef7fd5130/element/f.C1D3EA7ECBFCC03A372CAA8AC6DB352F.d.103390C097C7165CDBA8A791C402D15F.e.5120/elements - {"using":"css selector","value":"td"}
RESULT: {"using":"css selector","value":"td"}
COMMAND: POST /session/6d94d18c82106ec19b3d8abef7fd5130/element/f.C1D3EA7ECBFCC03A372CAA8AC6DB352F.d.103390C097C7165CDBA8A791C402D15F.e.5121/elements - {"using":"css selector","value":"td"}
RESULT: {"using":"css selector","value":"td"}
COMMAND: POST /session/6d94d18c82106ec19b3d8abef7fd5130/element/f.C1D3EA7ECBFCC03A372CAA8AC6DB352F.d.103390C097C7165CDBA8A791C402D15F.e.5122/elements - {"using":"css selector","value":"td"}
RESULT: {"using":"css selector","value":"td"}
COMMAND: POST /session/6d94d18c82106ec19b3d8abef7fd5130/element/f.C1D3EA7ECBFCC03A372CAA8AC6DB352F.d.103390C097C7165CDBA8A791C402D15F.e.5123/elements - {"using":"css selector","value":"td"}
RESULT: {"using":"css selector","value":"td"}
COMMAND: POST /session/6d94d18c82106ec19b3d8abef7fd5130/element/f.C1D3EA7ECBFCC03A372CAA8AC6DB352F.d.103390C097C7165CDBA8A791C402D15F.e.5124/elements - {"using":"css selector","value":"td"}
RESULT: {"using":"css selector","value":"td"}
COMMAND: POST /session/6d94d18c82106ec19b3d8abef7fd5130/element/f.C1D3EA7ECBFCC03A372CAA8AC6DB352F.d.103390C097C7165CDBA8A791C402D15F.e.5125/elements - {"using":"css selector","value":"td"}
RESULT: {"using":"css selector","value":"td"}
COMMAND: POST /session/6d94d18c82106ec19b3d8abef7fd5130/element/f.C1D3EA7ECBFCC03A372CAA8AC6DB352F.d.103390C097C7165CDBA8A791C402D15F.e.5126/elements - {"using":"css selector","value":"td"}
RESULT: {"using":"css selector","value":"td"}
COMMAND: POST /session/6d94d18c82106ec19b3d8abef7fd5130/element/f.C1D3EA7ECBFCC03A372CAA8AC6DB352F.d.103390C097C7165CDBA8A791C402D15F.e.5148/element - {"using":"css selector","value":"input"}
RESULT: {"using":"css selector","value":"input"}
COMMAND: GET /session/6d94d18c82106ec19b3d8abef7fd5130/element/f.C1D3EA7ECBFCC03A372CAA8AC6DB352F.d.103390C097C7165CDBA8A791C402D15F.e.5131/property/value - {}
RESULT: {}
COMMAND: POST /session/6d94d18c82106ec19b3d8abef7fd5130/element/f.C1D3EA7ECBFCC03A372CAA8AC6DB352F.d.103390C097C7165CDBA8A791C402D15F.e.5126/element - {"using":"css selector","value":".sapMCbBg"}
COMMAND: GET /session/6d94d18c82106ec19b3d8abef7fd5130/screenshot - {}
RESULT: {"using":"css selector","value":".sapMCbBg"}
COMMAND: GET /session/6d94d18c82106ec19b3d8abef7fd5130/element/f.C1D3EA7ECBFCC03A372CAA8AC6DB352F.d.103390C097C7165CDBA8A791C402D15F.e.6018/selected - {}
RESULT: {}
RESULT: {}
COMMAND: POST /session/6d94d18c82106ec19b3d8abef7fd5130/element/f.C1D3EA7ECBFCC03A372CAA8AC6DB352F.d.103390C097C7165CDBA8A791C402D15F.e.6018/click - {}
COMMAND: GET /session/6d94d18c82106ec19b3d8abef7fd5130/screenshot - {}
RESULT: {}
COMMAND: POST /session/6d94d18c82106ec19b3d8abef7fd5130/element/f.C1D3EA7ECBFCC03A372CAA8AC6DB352F.d.103390C097C7165CDBA8A791C402D15F.e.5165/elements - {"using":"css selector","value":"td"}
COMMAND: GET /session/6d94d18c82106ec19b3d8abef7fd5130/screenshot - {}
RESULT: {}
RESULT: {"using":"css selector","value":"td"}
COMMAND: POST /session/6d94d18c82106ec19b3d8abef7fd5130/element/f.C1D3EA7ECBFCC03A372CAA8AC6DB352F.d.103390C097C7165CDBA8A791C402D15F.e.5180/element - {"using":"css selector","value":"input"}
RESULT: {}
RESULT: {"using":"css selector","value":"input"}
COMMAND: GET /session/6d94d18c82106ec19b3d8abef7fd5130/element/f.C1D3EA7ECBFCC03A372CAA8AC6DB352F.d.103390C097C7165CDBA8A791C402D15F.e.5162/property/value - {}
RESULT: {}
COMMAND: POST /session/6d94d18c82106ec19b3d8abef7fd5130/element/f.C1D3EA7ECBFCC03A372CAA8AC6DB352F.d.103390C097C7165CDBA8A791C402D15F.e.5165/element - {"using":"css selector","value":".sapMCbBg"}
COMMAND: GET /session/6d94d18c82106ec19b3d8abef7fd5130/screenshot - {}
RESULT: {"using":"css selector","value":".sapMCbBg"}
COMMAND: GET /session/6d94d18c82106ec19b3d8abef7fd5130/element/f.C1D3EA7ECBFCC03A372CAA8AC6DB352F.d.103390C097C7165CDBA8A791C402D15F.e.6022/selected - {}
RESULT: {}
RESULT: {}
COMMAND: POST /session/6d94d18c82106ec19b3d8abef7fd5130/element/f.C1D3EA7ECBFCC03A372CAA8AC6DB352F.d.103390C097C7165CDBA8A791C402D15F.e.6022/click - {}
COMMAND: GET /session/6d94d18c82106ec19b3d8abef7fd5130/screenshot - {}
RESULT: {}
COMMAND: GET /session/6d94d18c82106ec19b3d8abef7fd5130/screenshot - {}
RESULT: {}
RESULT: {}
COMMAND: POST /session/6d94d18c82106ec19b3d8abef7fd5130/execute/async - {"script":"<script> [1562 bytes]","args":[{"selector":{"id":"application-manageconditionprice-display-component---dailyPrices--deleteBtn","interaction":{"idSuffix":"content"}},"wdio_ui5_key":"applicationmanageconditionprice-display-component---dailyPrices--deleteBtn"}]}
RESULT: {"script":"<script> [1562 bytes]","args":[{"selector":{"id":"application-manageconditionprice-display-component---dailyPrices--deleteBtn","interaction":{"idSuffix":"content"}},"wdio_ui5_key":"applicationmanageconditionprice-display-component---dailyPrices--deleteBtn"}]}
RESULT: undefined
COMMAND: POST /session/6d94d18c82106ec19b3d8abef7fd5130/element - {"using":"xpath","value":"//*[@id=\"application-manageconditionprice-display-component---dailyPrices--deleteBtn\"]"}
RESULT: {"using":"xpath","value":"//*[@id=\"application-manageconditionprice-display-component---dailyPrices--deleteBtn\"]"}
COMMAND: POST /session/6d94d18c82106ec19b3d8abef7fd5130/element/f.C1D3EA7ECBFCC03A372CAA8AC6DB352F.d.103390C097C7165CDBA8A791C402D15F.e.6024/click - {}
RESULT: {}
COMMAND: POST /session/6d94d18c82106ec19b3d8abef7fd5130/execute/async - {"script":"<script> [1562 bytes]","args":[{"selector":{"controlType":"sap.m.Button","properties":{"text":"OK"},"searchOpenDialogs":true,"interaction":{"idSuffix":"BDI-content"}},"wdio_ui5_key":"sapm.Button{\"text\":\"OK\"}"}]}
COMMAND: GET /session/6d94d18c82106ec19b3d8abef7fd5130/screenshot - {}
RESULT: {"script":"<script> [1562 bytes]","args":[{"selector":{"controlType":"sap.m.Button","properties":{"text":"OK"},"searchOpenDialogs":true,"interaction":{"idSuffix":"BDI-content"}},"wdio_ui5_key":"sapm.Button{\"text\":\"OK\"}"}]}
RESULT: undefined
COMMAND: POST /session/6d94d18c82106ec19b3d8abef7fd5130/element - {"using":"xpath","value":"//*[@id=\"__mbox-btn-0\"]"}
RESULT: {}
RESULT: {"using":"xpath","value":"//*[@id=\"__mbox-btn-0\"]"}
COMMAND: POST /session/6d94d18c82106ec19b3d8abef7fd5130/element/f.C1D3EA7ECBFCC03A372CAA8AC6DB352F.d.103390C097C7165CDBA8A791C402D15F.e.6025/click - {}
RESULT: {}
COMMAND: GET /session/6d94d18c82106ec19b3d8abef7fd5130/screenshot - {}
RESULT: {}
RESULT: undefined
COMMAND: POST /session/6d94d18c82106ec19b3d8abef7fd5130/element - {"using":"xpath","value":"//*[@id=\"__button115\"]"}
RESULT: {"using":"xpath","value":"//*[@id=\"__button115\"]"}
COMMAND: POST /session/6d94d18c82106ec19b3d8abef7fd5130/element/f.C1D3EA7ECBFCC03A372CAA8AC6DB352F.d.103390C097C7165CDBA8A791C402D15F.e.5213/click - {}
RESULT: {}
COMMAND: GET /session/6d94d18c82106ec19b3d8abef7fd5130/screenshot - {}
RESULT: {}
COMMAND: POST /session/6d94d18c82106ec19b3d8abef7fd5130/elements - {"using":"css selector","value":"table tr"}
RESULT: {"using":"css selector","value":"table tr"}
COMMAND: POST /session/6d94d18c82106ec19b3d8abef7fd5130/element/f.C1D3EA7ECBFCC03A372CAA8AC6DB352F.d.103390C097C7165CDBA8A791C402D15F.e.4930/elements - {"using":"css selector","value":"td"}
RESULT: {"using":"css selector","value":"td"}
COMMAND: POST /session/6d94d18c82106ec19b3d8abef7fd5130/element/f.C1D3EA7ECBFCC03A372CAA8AC6DB352F.d.103390C097C7165CDBA8A791C402D15F.e.4931/elements - {"using":"css selector","value":"td"}
RESULT: {"using":"css selector","value":"td"}
COMMAND: POST /session/6d94d18c82106ec19b3d8abef7fd5130/element/f.C1D3EA7ECBFCC03A372CAA8AC6DB352F.d.103390C097C7165CDBA8A791C402D15F.e.4932/elements - {"using":"css selector","value":"td"}
RESULT: {"using":"css selector","value":"td"}
COMMAND: POST /session/6d94d18c82106ec19b3d8abef7fd5130/element/f.C1D3EA7ECBFCC03A372CAA8AC6DB352F.d.103390C097C7165CDBA8A791C402D15F.e.4825/elements - {"using":"css selector","value":"td"}
RESULT: {"using":"css selector","value":"td"}
COMMAND: POST /session/6d94d18c82106ec19b3d8abef7fd5130/element/f.C1D3EA7ECBFCC03A372CAA8AC6DB352F.d.103390C097C7165CDBA8A791C402D15F.e.4826/elements - {"using":"css selector","value":"td"}
RESULT: {"using":"css selector","value":"td"}
COMMAND: POST /session/6d94d18c82106ec19b3d8abef7fd5130/element/f.C1D3EA7ECBFCC03A372CAA8AC6DB352F.d.103390C097C7165CDBA8A791C402D15F.e.4837/elements - {"using":"css selector","value":"td"}
RESULT: {"using":"css selector","value":"td"}
COMMAND: POST /session/6d94d18c82106ec19b3d8abef7fd5130/element/f.C1D3EA7ECBFCC03A372CAA8AC6DB352F.d.103390C097C7165CDBA8A791C402D15F.e.4838/elements - {"using":"css selector","value":"td"}
RESULT: {"using":"css selector","value":"td"}
COMMAND: POST /session/6d94d18c82106ec19b3d8abef7fd5130/element/f.C1D3EA7ECBFCC03A372CAA8AC6DB352F.d.103390C097C7165CDBA8A791C402D15F.e.4849/elements - {"using":"css selector","value":"td"}
RESULT: {"using":"css selector","value":"td"}
COMMAND: POST /session/6d94d18c82106ec19b3d8abef7fd5130/element/f.C1D3EA7ECBFCC03A372CAA8AC6DB352F.d.103390C097C7165CDBA8A791C402D15F.e.4850/elements - {"using":"css selector","value":"td"}
RESULT: {"using":"css selector","value":"td"}
COMMAND: POST /session/6d94d18c82106ec19b3d8abef7fd5130/element/f.C1D3EA7ECBFCC03A372CAA8AC6DB352F.d.103390C097C7165CDBA8A791C402D15F.e.4857/elements - {"using":"css selector","value":"td"}
RESULT: {"using":"css selector","value":"td"}
COMMAND: POST /session/6d94d18c82106ec19b3d8abef7fd5130/element/f.C1D3EA7ECBFCC03A372CAA8AC6DB352F.d.103390C097C7165CDBA8A791C402D15F.e.4933/elements - {"using":"css selector","value":"td"}
RESULT: {"using":"css selector","value":"td"}
COMMAND: POST /session/6d94d18c82106ec19b3d8abef7fd5130/element/f.C1D3EA7ECBFCC03A372CAA8AC6DB352F.d.103390C097C7165CDBA8A791C402D15F.e.4934/elements - {"using":"css selector","value":"td"}
RESULT: {"using":"css selector","value":"td"}
COMMAND: POST /session/6d94d18c82106ec19b3d8abef7fd5130/element/f.C1D3EA7ECBFCC03A372CAA8AC6DB352F.d.103390C097C7165CDBA8A791C402D15F.e.4935/elements - {"using":"css selector","value":"td"}
RESULT: {"using":"css selector","value":"td"}
COMMAND: POST /session/6d94d18c82106ec19b3d8abef7fd5130/element/f.C1D3EA7ECBFCC03A372CAA8AC6DB352F.d.103390C097C7165CDBA8A791C402D15F.e.4936/elements - {"using":"css selector","value":"td"}
RESULT: {"using":"css selector","value":"td"}
COMMAND: POST /session/6d94d18c82106ec19b3d8abef7fd5130/element/f.C1D3EA7ECBFCC03A372CAA8AC6DB352F.d.103390C097C7165CDBA8A791C402D15F.e.4937/elements - {"using":"css selector","value":"td"}
RESULT: {"using":"css selector","value":"td"}
COMMAND: POST /session/6d94d18c82106ec19b3d8abef7fd5130/element/f.C1D3EA7ECBFCC03A372CAA8AC6DB352F.d.103390C097C7165CDBA8A791C402D15F.e.4938/elements - {"using":"css selector","value":"td"}
RESULT: {"using":"css selector","value":"td"}
COMMAND: POST /session/6d94d18c82106ec19b3d8abef7fd5130/element/f.C1D3EA7ECBFCC03A372CAA8AC6DB352F.d.103390C097C7165CDBA8A791C402D15F.e.4939/elements - {"using":"css selector","value":"td"}
RESULT: {"using":"css selector","value":"td"}
COMMAND: POST /session/6d94d18c82106ec19b3d8abef7fd5130/element/f.C1D3EA7ECBFCC03A372CAA8AC6DB352F.d.103390C097C7165CDBA8A791C402D15F.e.4940/elements - {"using":"css selector","value":"td"}
RESULT: {"using":"css selector","value":"td"}
COMMAND: POST /session/6d94d18c82106ec19b3d8abef7fd5130/element/f.C1D3EA7ECBFCC03A372CAA8AC6DB352F.d.103390C097C7165CDBA8A791C402D15F.e.4941/elements - {"using":"css selector","value":"td"}
RESULT: {"using":"css selector","value":"td"}
COMMAND: POST /session/6d94d18c82106ec19b3d8abef7fd5130/element/f.C1D3EA7ECBFCC03A372CAA8AC6DB352F.d.103390C097C7165CDBA8A791C402D15F.e.4942/elements - {"using":"css selector","value":"td"}
RESULT: {"using":"css selector","value":"td"}
COMMAND: POST /session/6d94d18c82106ec19b3d8abef7fd5130/element/f.C1D3EA7ECBFCC03A372CAA8AC6DB352F.d.103390C097C7165CDBA8A791C402D15F.e.4943/elements - {"using":"css selector","value":"td"}
RESULT: {"using":"css selector","value":"td"}
COMMAND: POST /session/6d94d18c82106ec19b3d8abef7fd5130/element/f.C1D3EA7ECBFCC03A372CAA8AC6DB352F.d.103390C097C7165CDBA8A791C402D15F.e.4944/elements - {"using":"css selector","value":"td"}
RESULT: {"using":"css selector","value":"td"}
COMMAND: POST /session/6d94d18c82106ec19b3d8abef7fd5130/element/f.C1D3EA7ECBFCC03A372CAA8AC6DB352F.d.103390C097C7165CDBA8A791C402D15F.e.4945/elements - {"using":"css selector","value":"td"}
RESULT: {"using":"css selector","value":"td"}
COMMAND: POST /session/6d94d18c82106ec19b3d8abef7fd5130/element/f.C1D3EA7ECBFCC03A372CAA8AC6DB352F.d.103390C097C7165CDBA8A791C402D15F.e.4946/elements - {"using":"css selector","value":"td"}
RESULT: {"using":"css selector","value":"td"}
COMMAND: POST /session/6d94d18c82106ec19b3d8abef7fd5130/element/f.C1D3EA7ECBFCC03A372CAA8AC6DB352F.d.103390C097C7165CDBA8A791C402D15F.e.4947/elements - {"using":"css selector","value":"td"}
RESULT: {"using":"css selector","value":"td"}
COMMAND: POST /session/6d94d18c82106ec19b3d8abef7fd5130/element/f.C1D3EA7ECBFCC03A372CAA8AC6DB352F.d.103390C097C7165CDBA8A791C402D15F.e.4948/elements - {"using":"css selector","value":"td"}
RESULT: {"using":"css selector","value":"td"}
COMMAND: POST /session/6d94d18c82106ec19b3d8abef7fd5130/element/f.C1D3EA7ECBFCC03A372CAA8AC6DB352F.d.103390C097C7165CDBA8A791C402D15F.e.4949/elements - {"using":"css selector","value":"td"}
RESULT: {"using":"css selector","value":"td"}
COMMAND: POST /session/6d94d18c82106ec19b3d8abef7fd5130/element/f.C1D3EA7ECBFCC03A372CAA8AC6DB352F.d.103390C097C7165CDBA8A791C402D15F.e.4950/elements - {"using":"css selector","value":"td"}
RESULT: {"using":"css selector","value":"td"}
COMMAND: POST /session/6d94d18c82106ec19b3d8abef7fd5130/element/f.C1D3EA7ECBFCC03A372CAA8AC6DB352F.d.103390C097C7165CDBA8A791C402D15F.e.4951/elements - {"using":"css selector","value":"td"}
RESULT: {"using":"css selector","value":"td"}
COMMAND: POST /session/6d94d18c82106ec19b3d8abef7fd5130/element/f.C1D3EA7ECBFCC03A372CAA8AC6DB352F.d.103390C097C7165CDBA8A791C402D15F.e.4952/elements - {"using":"css selector","value":"td"}
RESULT: {"using":"css selector","value":"td"}
COMMAND: POST /session/6d94d18c82106ec19b3d8abef7fd5130/element/f.C1D3EA7ECBFCC03A372CAA8AC6DB352F.d.103390C097C7165CDBA8A791C402D15F.e.4953/elements - {"using":"css selector","value":"td"}
RESULT: {"using":"css selector","value":"td"}
COMMAND: POST /session/6d94d18c82106ec19b3d8abef7fd5130/element/f.C1D3EA7ECBFCC03A372CAA8AC6DB352F.d.103390C097C7165CDBA8A791C402D15F.e.4954/elements - {"using":"css selector","value":"td"}
RESULT: {"using":"css selector","value":"td"}
COMMAND: POST /session/6d94d18c82106ec19b3d8abef7fd5130/element/f.C1D3EA7ECBFCC03A372CAA8AC6DB352F.d.103390C097C7165CDBA8A791C402D15F.e.4955/elements - {"using":"css selector","value":"td"}
RESULT: {"using":"css selector","value":"td"}
COMMAND: POST /session/6d94d18c82106ec19b3d8abef7fd5130/element/f.C1D3EA7ECBFCC03A372CAA8AC6DB352F.d.103390C097C7165CDBA8A791C402D15F.e.4956/elements - {"using":"css selector","value":"td"}
RESULT: {"using":"css selector","value":"td"}
COMMAND: POST /session/6d94d18c82106ec19b3d8abef7fd5130/element/f.C1D3EA7ECBFCC03A372CAA8AC6DB352F.d.103390C097C7165CDBA8A791C402D15F.e.4957/elements - {"using":"css selector","value":"td"}
RESULT: {"using":"css selector","value":"td"}
COMMAND: POST /session/6d94d18c82106ec19b3d8abef7fd5130/element/f.C1D3EA7ECBFCC03A372CAA8AC6DB352F.d.103390C097C7165CDBA8A791C402D15F.e.4958/elements - {"using":"css selector","value":"td"}
RESULT: {"using":"css selector","value":"td"}
COMMAND: POST /session/6d94d18c82106ec19b3d8abef7fd5130/element/f.C1D3EA7ECBFCC03A372CAA8AC6DB352F.d.103390C097C7165CDBA8A791C402D15F.e.4959/elements - {"using":"css selector","value":"td"}
RESULT: {"using":"css selector","value":"td"}
COMMAND: POST /session/6d94d18c82106ec19b3d8abef7fd5130/element/f.C1D3EA7ECBFCC03A372CAA8AC6DB352F.d.103390C097C7165CDBA8A791C402D15F.e.4960/elements - {"using":"css selector","value":"td"}
RESULT: {"using":"css selector","value":"td"}
COMMAND: POST /session/6d94d18c82106ec19b3d8abef7fd5130/element/f.C1D3EA7ECBFCC03A372CAA8AC6DB352F.d.103390C097C7165CDBA8A791C402D15F.e.4961/elements - {"using":"css selector","value":"td"}
RESULT: {"using":"css selector","value":"td"}
COMMAND: POST /session/6d94d18c82106ec19b3d8abef7fd5130/element/f.C1D3EA7ECBFCC03A372CAA8AC6DB352F.d.103390C097C7165CDBA8A791C402D15F.e.4962/elements - {"using":"css selector","value":"td"}
RESULT: {"using":"css selector","value":"td"}
COMMAND: POST /session/6d94d18c82106ec19b3d8abef7fd5130/element/f.C1D3EA7ECBFCC03A372CAA8AC6DB352F.d.103390C097C7165CDBA8A791C402D15F.e.4963/elements - {"using":"css selector","value":"td"}
RESULT: {"using":"css selector","value":"td"}
COMMAND: POST /session/6d94d18c82106ec19b3d8abef7fd5130/element/f.C1D3EA7ECBFCC03A372CAA8AC6DB352F.d.103390C097C7165CDBA8A791C402D15F.e.4964/elements - {"using":"css selector","value":"td"}
RESULT: {"using":"css selector","value":"td"}
COMMAND: POST /session/6d94d18c82106ec19b3d8abef7fd5130/element/f.C1D3EA7ECBFCC03A372CAA8AC6DB352F.d.103390C097C7165CDBA8A791C402D15F.e.4965/elements - {"using":"css selector","value":"td"}
RESULT: {"using":"css selector","value":"td"}
COMMAND: POST /session/6d94d18c82106ec19b3d8abef7fd5130/element/f.C1D3EA7ECBFCC03A372CAA8AC6DB352F.d.103390C097C7165CDBA8A791C402D15F.e.4966/elements - {"using":"css selector","value":"td"}
RESULT: {"using":"css selector","value":"td"}
COMMAND: POST /session/6d94d18c82106ec19b3d8abef7fd5130/element/f.C1D3EA7ECBFCC03A372CAA8AC6DB352F.d.103390C097C7165CDBA8A791C402D15F.e.4967/elements - {"using":"css selector","value":"td"}
RESULT: {"using":"css selector","value":"td"}
COMMAND: POST /session/6d94d18c82106ec19b3d8abef7fd5130/element/f.C1D3EA7ECBFCC03A372CAA8AC6DB352F.d.103390C097C7165CDBA8A791C402D15F.e.4968/elements - {"using":"css selector","value":"td"}
RESULT: {"using":"css selector","value":"td"}
COMMAND: POST /session/6d94d18c82106ec19b3d8abef7fd5130/element/f.C1D3EA7ECBFCC03A372CAA8AC6DB352F.d.103390C097C7165CDBA8A791C402D15F.e.4969/elements - {"using":"css selector","value":"td"}
RESULT: {"using":"css selector","value":"td"}
COMMAND: POST /session/6d94d18c82106ec19b3d8abef7fd5130/element/f.C1D3EA7ECBFCC03A372CAA8AC6DB352F.d.103390C097C7165CDBA8A791C402D15F.e.4970/elements - {"using":"css selector","value":"td"}
RESULT: {"using":"css selector","value":"td"}
COMMAND: POST /session/6d94d18c82106ec19b3d8abef7fd5130/element/f.C1D3EA7ECBFCC03A372CAA8AC6DB352F.d.103390C097C7165CDBA8A791C402D15F.e.4971/elements - {"using":"css selector","value":"td"}
RESULT: {"using":"css selector","value":"td"}
COMMAND: POST /session/6d94d18c82106ec19b3d8abef7fd5130/element/f.C1D3EA7ECBFCC03A372CAA8AC6DB352F.d.103390C097C7165CDBA8A791C402D15F.e.4972/elements - {"using":"css selector","value":"td"}
RESULT: {"using":"css selector","value":"td"}
COMMAND: POST /session/6d94d18c82106ec19b3d8abef7fd5130/element/f.C1D3EA7ECBFCC03A372CAA8AC6DB352F.d.103390C097C7165CDBA8A791C402D15F.e.4973/elements - {"using":"css selector","value":"td"}
RESULT: {"using":"css selector","value":"td"}
COMMAND: POST /session/6d94d18c82106ec19b3d8abef7fd5130/element/f.C1D3EA7ECBFCC03A372CAA8AC6DB352F.d.103390C097C7165CDBA8A791C402D15F.e.4974/elements - {"using":"css selector","value":"td"}
RESULT: {"using":"css selector","value":"td"}
COMMAND: POST /session/6d94d18c82106ec19b3d8abef7fd5130/element/f.C1D3EA7ECBFCC03A372CAA8AC6DB352F.d.103390C097C7165CDBA8A791C402D15F.e.4975/elements - {"using":"css selector","value":"td"}
RESULT: {"using":"css selector","value":"td"}
COMMAND: POST /session/6d94d18c82106ec19b3d8abef7fd5130/element/f.C1D3EA7ECBFCC03A372CAA8AC6DB352F.d.103390C097C7165CDBA8A791C402D15F.e.4976/elements - {"using":"css selector","value":"td"}
RESULT: {"using":"css selector","value":"td"}
COMMAND: POST /session/6d94d18c82106ec19b3d8abef7fd5130/element/f.C1D3EA7ECBFCC03A372CAA8AC6DB352F.d.103390C097C7165CDBA8A791C402D15F.e.4977/elements - {"using":"css selector","value":"td"}
RESULT: {"using":"css selector","value":"td"}
COMMAND: POST /session/6d94d18c82106ec19b3d8abef7fd5130/element/f.C1D3EA7ECBFCC03A372CAA8AC6DB352F.d.103390C097C7165CDBA8A791C402D15F.e.4978/elements - {"using":"css selector","value":"td"}
RESULT: {"using":"css selector","value":"td"}
COMMAND: POST /session/6d94d18c82106ec19b3d8abef7fd5130/element/f.C1D3EA7ECBFCC03A372CAA8AC6DB352F.d.103390C097C7165CDBA8A791C402D15F.e.4979/elements - {"using":"css selector","value":"td"}
RESULT: {"using":"css selector","value":"td"}
COMMAND: POST /session/6d94d18c82106ec19b3d8abef7fd5130/element/f.C1D3EA7ECBFCC03A372CAA8AC6DB352F.d.103390C097C7165CDBA8A791C402D15F.e.4980/elements - {"using":"css selector","value":"td"}
RESULT: {"using":"css selector","value":"td"}
COMMAND: POST /session/6d94d18c82106ec19b3d8abef7fd5130/element/f.C1D3EA7ECBFCC03A372CAA8AC6DB352F.d.103390C097C7165CDBA8A791C402D15F.e.4981/elements - {"using":"css selector","value":"td"}
RESULT: {"using":"css selector","value":"td"}
COMMAND: POST /session/6d94d18c82106ec19b3d8abef7fd5130/element/f.C1D3EA7ECBFCC03A372CAA8AC6DB352F.d.103390C097C7165CDBA8A791C402D15F.e.4982/elements - {"using":"css selector","value":"td"}
RESULT: {"using":"css selector","value":"td"}
COMMAND: POST /session/6d94d18c82106ec19b3d8abef7fd5130/element/f.C1D3EA7ECBFCC03A372CAA8AC6DB352F.d.103390C097C7165CDBA8A791C402D15F.e.4983/elements - {"using":"css selector","value":"td"}
RESULT: {"using":"css selector","value":"td"}
COMMAND: POST /session/6d94d18c82106ec19b3d8abef7fd5130/element/f.C1D3EA7ECBFCC03A372CAA8AC6DB352F.d.103390C097C7165CDBA8A791C402D15F.e.4984/elements - {"using":"css selector","value":"td"}
RESULT: {"using":"css selector","value":"td"}
COMMAND: POST /session/6d94d18c82106ec19b3d8abef7fd5130/element/f.C1D3EA7ECBFCC03A372CAA8AC6DB352F.d.103390C097C7165CDBA8A791C402D15F.e.4985/elements - {"using":"css selector","value":"td"}
RESULT: {"using":"css selector","value":"td"}
COMMAND: POST /session/6d94d18c82106ec19b3d8abef7fd5130/element/f.C1D3EA7ECBFCC03A372CAA8AC6DB352F.d.103390C097C7165CDBA8A791C402D15F.e.4986/elements - {"using":"css selector","value":"td"}
RESULT: {"using":"css selector","value":"td"}
COMMAND: POST /session/6d94d18c82106ec19b3d8abef7fd5130/element/f.C1D3EA7ECBFCC03A372CAA8AC6DB352F.d.103390C097C7165CDBA8A791C402D15F.e.4987/elements - {"using":"css selector","value":"td"}
RESULT: {"using":"css selector","value":"td"}
COMMAND: POST /session/6d94d18c82106ec19b3d8abef7fd5130/element/f.C1D3EA7ECBFCC03A372CAA8AC6DB352F.d.103390C097C7165CDBA8A791C402D15F.e.4988/elements - {"using":"css selector","value":"td"}
RESULT: {"using":"css selector","value":"td"}
COMMAND: POST /session/6d94d18c82106ec19b3d8abef7fd5130/element/f.C1D3EA7ECBFCC03A372CAA8AC6DB352F.d.103390C097C7165CDBA8A791C402D15F.e.4989/elements - {"using":"css selector","value":"td"}
RESULT: {"using":"css selector","value":"td"}
COMMAND: POST /session/6d94d18c82106ec19b3d8abef7fd5130/element/f.C1D3EA7ECBFCC03A372CAA8AC6DB352F.d.103390C097C7165CDBA8A791C402D15F.e.4990/elements - {"using":"css selector","value":"td"}
RESULT: {"using":"css selector","value":"td"}
COMMAND: POST /session/6d94d18c82106ec19b3d8abef7fd5130/element/f.C1D3EA7ECBFCC03A372CAA8AC6DB352F.d.103390C097C7165CDBA8A791C402D15F.e.4991/elements - {"using":"css selector","value":"td"}
RESULT: {"using":"css selector","value":"td"}
COMMAND: POST /session/6d94d18c82106ec19b3d8abef7fd5130/element/f.C1D3EA7ECBFCC03A372CAA8AC6DB352F.d.103390C097C7165CDBA8A791C402D15F.e.4992/elements - {"using":"css selector","value":"td"}
RESULT: {"using":"css selector","value":"td"}
COMMAND: POST /session/6d94d18c82106ec19b3d8abef7fd5130/element/f.C1D3EA7ECBFCC03A372CAA8AC6DB352F.d.103390C097C7165CDBA8A791C402D15F.e.4993/elements - {"using":"css selector","value":"td"}
RESULT: {"using":"css selector","value":"td"}
COMMAND: POST /session/6d94d18c82106ec19b3d8abef7fd5130/element/f.C1D3EA7ECBFCC03A372CAA8AC6DB352F.d.103390C097C7165CDBA8A791C402D15F.e.4994/elements - {"using":"css selector","value":"td"}
RESULT: {"using":"css selector","value":"td"}
COMMAND: POST /session/6d94d18c82106ec19b3d8abef7fd5130/element/f.C1D3EA7ECBFCC03A372CAA8AC6DB352F.d.103390C097C7165CDBA8A791C402D15F.e.4995/elements - {"using":"css selector","value":"td"}
RESULT: {"using":"css selector","value":"td"}
COMMAND: POST /session/6d94d18c82106ec19b3d8abef7fd5130/element/f.C1D3EA7ECBFCC03A372CAA8AC6DB352F.d.103390C097C7165CDBA8A791C402D15F.e.4996/elements - {"using":"css selector","value":"td"}
RESULT: {"using":"css selector","value":"td"}
COMMAND: POST /session/6d94d18c82106ec19b3d8abef7fd5130/element/f.C1D3EA7ECBFCC03A372CAA8AC6DB352F.d.103390C097C7165CDBA8A791C402D15F.e.4997/elements - {"using":"css selector","value":"td"}
RESULT: {"using":"css selector","value":"td"}
COMMAND: POST /session/6d94d18c82106ec19b3d8abef7fd5130/element/f.C1D3EA7ECBFCC03A372CAA8AC6DB352F.d.103390C097C7165CDBA8A791C402D15F.e.4998/elements - {"using":"css selector","value":"td"}
RESULT: {"using":"css selector","value":"td"}
COMMAND: POST /session/6d94d18c82106ec19b3d8abef7fd5130/element/f.C1D3EA7ECBFCC03A372CAA8AC6DB352F.d.103390C097C7165CDBA8A791C402D15F.e.4999/elements - {"using":"css selector","value":"td"}
RESULT: {"using":"css selector","value":"td"}
COMMAND: POST /session/6d94d18c82106ec19b3d8abef7fd5130/element/f.C1D3EA7ECBFCC03A372CAA8AC6DB352F.d.103390C097C7165CDBA8A791C402D15F.e.5000/elements - {"using":"css selector","value":"td"}
RESULT: {"using":"css selector","value":"td"}
COMMAND: POST /session/6d94d18c82106ec19b3d8abef7fd5130/element/f.C1D3EA7ECBFCC03A372CAA8AC6DB352F.d.103390C097C7165CDBA8A791C402D15F.e.5001/elements - {"using":"css selector","value":"td"}
RESULT: {"using":"css selector","value":"td"}
COMMAND: POST /session/6d94d18c82106ec19b3d8abef7fd5130/element/f.C1D3EA7ECBFCC03A372CAA8AC6DB352F.d.103390C097C7165CDBA8A791C402D15F.e.5002/elements - {"using":"css selector","value":"td"}
RESULT: {"using":"css selector","value":"td"}
COMMAND: POST /session/6d94d18c82106ec19b3d8abef7fd5130/element/f.C1D3EA7ECBFCC03A372CAA8AC6DB352F.d.103390C097C7165CDBA8A791C402D15F.e.5003/elements - {"using":"css selector","value":"td"}
RESULT: {"using":"css selector","value":"td"}
COMMAND: POST /session/6d94d18c82106ec19b3d8abef7fd5130/element/f.C1D3EA7ECBFCC03A372CAA8AC6DB352F.d.103390C097C7165CDBA8A791C402D15F.e.5004/elements - {"using":"css selector","value":"td"}
RESULT: {"using":"css selector","value":"td"}
COMMAND: POST /session/6d94d18c82106ec19b3d8abef7fd5130/element/f.C1D3EA7ECBFCC03A372CAA8AC6DB352F.d.103390C097C7165CDBA8A791C402D15F.e.5005/elements - {"using":"css selector","value":"td"}
RESULT: {"using":"css selector","value":"td"}
COMMAND: POST /session/6d94d18c82106ec19b3d8abef7fd5130/element/f.C1D3EA7ECBFCC03A372CAA8AC6DB352F.d.103390C097C7165CDBA8A791C402D15F.e.5006/elements - {"using":"css selector","value":"td"}
RESULT: {"using":"css selector","value":"td"}
COMMAND: POST /session/6d94d18c82106ec19b3d8abef7fd5130/element/f.C1D3EA7ECBFCC03A372CAA8AC6DB352F.d.103390C097C7165CDBA8A791C402D15F.e.5007/elements - {"using":"css selector","value":"td"}
RESULT: {"using":"css selector","value":"td"}
COMMAND: POST /session/6d94d18c82106ec19b3d8abef7fd5130/element/f.C1D3EA7ECBFCC03A372CAA8AC6DB352F.d.103390C097C7165CDBA8A791C402D15F.e.5008/elements - {"using":"css selector","value":"td"}
RESULT: {"using":"css selector","value":"td"}
COMMAND: POST /session/6d94d18c82106ec19b3d8abef7fd5130/element/f.C1D3EA7ECBFCC03A372CAA8AC6DB352F.d.103390C097C7165CDBA8A791C402D15F.e.5009/elements - {"using":"css selector","value":"td"}
RESULT: {"using":"css selector","value":"td"}
COMMAND: POST /session/6d94d18c82106ec19b3d8abef7fd5130/element/f.C1D3EA7ECBFCC03A372CAA8AC6DB352F.d.103390C097C7165CDBA8A791C402D15F.e.5010/elements - {"using":"css selector","value":"td"}
RESULT: {"using":"css selector","value":"td"}
COMMAND: POST /session/6d94d18c82106ec19b3d8abef7fd5130/element/f.C1D3EA7ECBFCC03A372CAA8AC6DB352F.d.103390C097C7165CDBA8A791C402D15F.e.5011/elements - {"using":"css selector","value":"td"}
RESULT: {"using":"css selector","value":"td"}
COMMAND: POST /session/6d94d18c82106ec19b3d8abef7fd5130/element/f.C1D3EA7ECBFCC03A372CAA8AC6DB352F.d.103390C097C7165CDBA8A791C402D15F.e.5012/elements - {"using":"css selector","value":"td"}
RESULT: {"using":"css selector","value":"td"}
COMMAND: POST /session/6d94d18c82106ec19b3d8abef7fd5130/element/f.C1D3EA7ECBFCC03A372CAA8AC6DB352F.d.103390C097C7165CDBA8A791C402D15F.e.5013/elements - {"using":"css selector","value":"td"}
RESULT: {"using":"css selector","value":"td"}
COMMAND: POST /session/6d94d18c82106ec19b3d8abef7fd5130/element/f.C1D3EA7ECBFCC03A372CAA8AC6DB352F.d.103390C097C7165CDBA8A791C402D15F.e.5014/elements - {"using":"css selector","value":"td"}
RESULT: {"using":"css selector","value":"td"}
COMMAND: POST /session/6d94d18c82106ec19b3d8abef7fd5130/element/f.C1D3EA7ECBFCC03A372CAA8AC6DB352F.d.103390C097C7165CDBA8A791C402D15F.e.5015/elements - {"using":"css selector","value":"td"}
RESULT: {"using":"css selector","value":"td"}
COMMAND: POST /session/6d94d18c82106ec19b3d8abef7fd5130/element/f.C1D3EA7ECBFCC03A372CAA8AC6DB352F.d.103390C097C7165CDBA8A791C402D15F.e.5016/elements - {"using":"css selector","value":"td"}
RESULT: {"using":"css selector","value":"td"}
COMMAND: POST /session/6d94d18c82106ec19b3d8abef7fd5130/element/f.C1D3EA7ECBFCC03A372CAA8AC6DB352F.d.103390C097C7165CDBA8A791C402D15F.e.5017/elements - {"using":"css selector","value":"td"}
RESULT: {"using":"css selector","value":"td"}
COMMAND: POST /session/6d94d18c82106ec19b3d8abef7fd5130/element/f.C1D3EA7ECBFCC03A372CAA8AC6DB352F.d.103390C097C7165CDBA8A791C402D15F.e.5018/elements - {"using":"css selector","value":"td"}
RESULT: {"using":"css selector","value":"td"}
COMMAND: POST /session/6d94d18c82106ec19b3d8abef7fd5130/element/f.C1D3EA7ECBFCC03A372CAA8AC6DB352F.d.103390C097C7165CDBA8A791C402D15F.e.5019/elements - {"using":"css selector","value":"td"}
RESULT: {"using":"css selector","value":"td"}
COMMAND: POST /session/6d94d18c82106ec19b3d8abef7fd5130/element/f.C1D3EA7ECBFCC03A372CAA8AC6DB352F.d.103390C097C7165CDBA8A791C402D15F.e.5020/elements - {"using":"css selector","value":"td"}
RESULT: {"using":"css selector","value":"td"}
COMMAND: POST /session/6d94d18c82106ec19b3d8abef7fd5130/element/f.C1D3EA7ECBFCC03A372CAA8AC6DB352F.d.103390C097C7165CDBA8A791C402D15F.e.5021/elements - {"using":"css selector","value":"td"}
RESULT: {"using":"css selector","value":"td"}
COMMAND: POST /session/6d94d18c82106ec19b3d8abef7fd5130/element/f.C1D3EA7ECBFCC03A372CAA8AC6DB352F.d.103390C097C7165CDBA8A791C402D15F.e.5022/elements - {"using":"css selector","value":"td"}
RESULT: {"using":"css selector","value":"td"}
COMMAND: POST /session/6d94d18c82106ec19b3d8abef7fd5130/element/f.C1D3EA7ECBFCC03A372CAA8AC6DB352F.d.103390C097C7165CDBA8A791C402D15F.e.5023/elements - {"using":"css selector","value":"td"}
RESULT: {"using":"css selector","value":"td"}
COMMAND: POST /session/6d94d18c82106ec19b3d8abef7fd5130/element/f.C1D3EA7ECBFCC03A372CAA8AC6DB352F.d.103390C097C7165CDBA8A791C402D15F.e.5024/elements - {"using":"css selector","value":"td"}
RESULT: {"using":"css selector","value":"td"}
COMMAND: POST /session/6d94d18c82106ec19b3d8abef7fd5130/element/f.C1D3EA7ECBFCC03A372CAA8AC6DB352F.d.103390C097C7165CDBA8A791C402D15F.e.5025/elements - {"using":"css selector","value":"td"}
RESULT: {"using":"css selector","value":"td"}
COMMAND: POST /session/6d94d18c82106ec19b3d8abef7fd5130/element/f.C1D3EA7ECBFCC03A372CAA8AC6DB352F.d.103390C097C7165CDBA8A791C402D15F.e.5026/elements - {"using":"css selector","value":"td"}
RESULT: {"using":"css selector","value":"td"}
COMMAND: POST /session/6d94d18c82106ec19b3d8abef7fd5130/element/f.C1D3EA7ECBFCC03A372CAA8AC6DB352F.d.103390C097C7165CDBA8A791C402D15F.e.5027/elements - {"using":"css selector","value":"td"}
RESULT: {"using":"css selector","value":"td"}
COMMAND: POST /session/6d94d18c82106ec19b3d8abef7fd5130/element/f.C1D3EA7ECBFCC03A372CAA8AC6DB352F.d.103390C097C7165CDBA8A791C402D15F.e.5028/elements - {"using":"css selector","value":"td"}
RESULT: {"using":"css selector","value":"td"}
COMMAND: POST /session/6d94d18c82106ec19b3d8abef7fd5130/element/f.C1D3EA7ECBFCC03A372CAA8AC6DB352F.d.103390C097C7165CDBA8A791C402D15F.e.5029/elements - {"using":"css selector","value":"td"}
RESULT: {"using":"css selector","value":"td"}
COMMAND: POST /session/6d94d18c82106ec19b3d8abef7fd5130/element/f.C1D3EA7ECBFCC03A372CAA8AC6DB352F.d.103390C097C7165CDBA8A791C402D15F.e.5030/elements - {"using":"css selector","value":"td"}
RESULT: {"using":"css selector","value":"td"}
COMMAND: POST /session/6d94d18c82106ec19b3d8abef7fd5130/element/f.C1D3EA7ECBFCC03A372CAA8AC6DB352F.d.103390C097C7165CDBA8A791C402D15F.e.5031/elements - {"using":"css selector","value":"td"}
RESULT: {"using":"css selector","value":"td"}
COMMAND: POST /session/6d94d18c82106ec19b3d8abef7fd5130/element/f.C1D3EA7ECBFCC03A372CAA8AC6DB352F.d.103390C097C7165CDBA8A791C402D15F.e.5032/elements - {"using":"css selector","value":"td"}
RESULT: {"using":"css selector","value":"td"}
COMMAND: POST /session/6d94d18c82106ec19b3d8abef7fd5130/element/f.C1D3EA7ECBFCC03A372CAA8AC6DB352F.d.103390C097C7165CDBA8A791C402D15F.e.5033/elements - {"using":"css selector","value":"td"}
RESULT: {"using":"css selector","value":"td"}
COMMAND: POST /session/6d94d18c82106ec19b3d8abef7fd5130/element/f.C1D3EA7ECBFCC03A372CAA8AC6DB352F.d.103390C097C7165CDBA8A791C402D15F.e.5034/elements - {"using":"css selector","value":"td"}
RESULT: {"using":"css selector","value":"td"}
COMMAND: POST /session/6d94d18c82106ec19b3d8abef7fd5130/element/f.C1D3EA7ECBFCC03A372CAA8AC6DB352F.d.103390C097C7165CDBA8A791C402D15F.e.5035/elements - {"using":"css selector","value":"td"}
RESULT: {"using":"css selector","value":"td"}
COMMAND: POST /session/6d94d18c82106ec19b3d8abef7fd5130/element/f.C1D3EA7ECBFCC03A372CAA8AC6DB352F.d.103390C097C7165CDBA8A791C402D15F.e.5036/elements - {"using":"css selector","value":"td"}
RESULT: {"using":"css selector","value":"td"}
COMMAND: POST /session/6d94d18c82106ec19b3d8abef7fd5130/element/f.C1D3EA7ECBFCC03A372CAA8AC6DB352F.d.103390C097C7165CDBA8A791C402D15F.e.5037/elements - {"using":"css selector","value":"td"}
RESULT: {"using":"css selector","value":"td"}
COMMAND: POST /session/6d94d18c82106ec19b3d8abef7fd5130/element/f.C1D3EA7ECBFCC03A372CAA8AC6DB352F.d.103390C097C7165CDBA8A791C402D15F.e.5038/elements - {"using":"css selector","value":"td"}
RESULT: {"using":"css selector","value":"td"}
COMMAND: POST /session/6d94d18c82106ec19b3d8abef7fd5130/element/f.C1D3EA7ECBFCC03A372CAA8AC6DB352F.d.103390C097C7165CDBA8A791C402D15F.e.5039/elements - {"using":"css selector","value":"td"}
RESULT: {"using":"css selector","value":"td"}
COMMAND: POST /session/6d94d18c82106ec19b3d8abef7fd5130/element/f.C1D3EA7ECBFCC03A372CAA8AC6DB352F.d.103390C097C7165CDBA8A791C402D15F.e.5040/elements - {"using":"css selector","value":"td"}
RESULT: {"using":"css selector","value":"td"}
COMMAND: POST /session/6d94d18c82106ec19b3d8abef7fd5130/element/f.C1D3EA7ECBFCC03A372CAA8AC6DB352F.d.103390C097C7165CDBA8A791C402D15F.e.5041/elements - {"using":"css selector","value":"td"}
RESULT: {"using":"css selector","value":"td"}
COMMAND: POST /session/6d94d18c82106ec19b3d8abef7fd5130/element/f.C1D3EA7ECBFCC03A372CAA8AC6DB352F.d.103390C097C7165CDBA8A791C402D15F.e.5042/elements - {"using":"css selector","value":"td"}
RESULT: {"using":"css selector","value":"td"}
COMMAND: POST /session/6d94d18c82106ec19b3d8abef7fd5130/element/f.C1D3EA7ECBFCC03A372CAA8AC6DB352F.d.103390C097C7165CDBA8A791C402D15F.e.5043/elements - {"using":"css selector","value":"td"}
RESULT: {"using":"css selector","value":"td"}
COMMAND: POST /session/6d94d18c82106ec19b3d8abef7fd5130/element/f.C1D3EA7ECBFCC03A372CAA8AC6DB352F.d.103390C097C7165CDBA8A791C402D15F.e.5044/elements - {"using":"css selector","value":"td"}
RESULT: {"using":"css selector","value":"td"}
COMMAND: POST /session/6d94d18c82106ec19b3d8abef7fd5130/element/f.C1D3EA7ECBFCC03A372CAA8AC6DB352F.d.103390C097C7165CDBA8A791C402D15F.e.5045/elements - {"using":"css selector","value":"td"}
RESULT: {"using":"css selector","value":"td"}
COMMAND: POST /session/6d94d18c82106ec19b3d8abef7fd5130/element/f.C1D3EA7ECBFCC03A372CAA8AC6DB352F.d.103390C097C7165CDBA8A791C402D15F.e.5046/elements - {"using":"css selector","value":"td"}
RESULT: {"using":"css selector","value":"td"}
COMMAND: POST /session/6d94d18c82106ec19b3d8abef7fd5130/element/f.C1D3EA7ECBFCC03A372CAA8AC6DB352F.d.103390C097C7165CDBA8A791C402D15F.e.5047/elements - {"using":"css selector","value":"td"}
RESULT: {"using":"css selector","value":"td"}
COMMAND: POST /session/6d94d18c82106ec19b3d8abef7fd5130/element/f.C1D3EA7ECBFCC03A372CAA8AC6DB352F.d.103390C097C7165CDBA8A791C402D15F.e.5048/elements - {"using":"css selector","value":"td"}
RESULT: {"using":"css selector","value":"td"}
COMMAND: POST /session/6d94d18c82106ec19b3d8abef7fd5130/element/f.C1D3EA7ECBFCC03A372CAA8AC6DB352F.d.103390C097C7165CDBA8A791C402D15F.e.5049/elements - {"using":"css selector","value":"td"}
RESULT: {"using":"css selector","value":"td"}
COMMAND: POST /session/6d94d18c82106ec19b3d8abef7fd5130/element/f.C1D3EA7ECBFCC03A372CAA8AC6DB352F.d.103390C097C7165CDBA8A791C402D15F.e.5050/elements - {"using":"css selector","value":"td"}
RESULT: {"using":"css selector","value":"td"}
COMMAND: POST /session/6d94d18c82106ec19b3d8abef7fd5130/element/f.C1D3EA7ECBFCC03A372CAA8AC6DB352F.d.103390C097C7165CDBA8A791C402D15F.e.5051/elements - {"using":"css selector","value":"td"}
RESULT: {"using":"css selector","value":"td"}
COMMAND: POST /session/6d94d18c82106ec19b3d8abef7fd5130/element/f.C1D3EA7ECBFCC03A372CAA8AC6DB352F.d.103390C097C7165CDBA8A791C402D15F.e.5052/elements - {"using":"css selector","value":"td"}
RESULT: {"using":"css selector","value":"td"}
COMMAND: POST /session/6d94d18c82106ec19b3d8abef7fd5130/element/f.C1D3EA7ECBFCC03A372CAA8AC6DB352F.d.103390C097C7165CDBA8A791C402D15F.e.5053/elements - {"using":"css selector","value":"td"}
RESULT: {"using":"css selector","value":"td"}
COMMAND: POST /session/6d94d18c82106ec19b3d8abef7fd5130/element/f.C1D3EA7ECBFCC03A372CAA8AC6DB352F.d.103390C097C7165CDBA8A791C402D15F.e.5054/elements - {"using":"css selector","value":"td"}
RESULT: {"using":"css selector","value":"td"}
COMMAND: POST /session/6d94d18c82106ec19b3d8abef7fd5130/element/f.C1D3EA7ECBFCC03A372CAA8AC6DB352F.d.103390C097C7165CDBA8A791C402D15F.e.5055/elements - {"using":"css selector","value":"td"}
RESULT: {"using":"css selector","value":"td"}
COMMAND: POST /session/6d94d18c82106ec19b3d8abef7fd5130/element/f.C1D3EA7ECBFCC03A372CAA8AC6DB352F.d.103390C097C7165CDBA8A791C402D15F.e.5056/elements - {"using":"css selector","value":"td"}
RESULT: {"using":"css selector","value":"td"}
COMMAND: POST /session/6d94d18c82106ec19b3d8abef7fd5130/element/f.C1D3EA7ECBFCC03A372CAA8AC6DB352F.d.103390C097C7165CDBA8A791C402D15F.e.5057/elements - {"using":"css selector","value":"td"}
RESULT: {"using":"css selector","value":"td"}
COMMAND: POST /session/6d94d18c82106ec19b3d8abef7fd5130/element/f.C1D3EA7ECBFCC03A372CAA8AC6DB352F.d.103390C097C7165CDBA8A791C402D15F.e.5058/elements - {"using":"css selector","value":"td"}
RESULT: {"using":"css selector","value":"td"}
COMMAND: POST /session/6d94d18c82106ec19b3d8abef7fd5130/element/f.C1D3EA7ECBFCC03A372CAA8AC6DB352F.d.103390C097C7165CDBA8A791C402D15F.e.5059/elements - {"using":"css selector","value":"td"}
RESULT: {"using":"css selector","value":"td"}
COMMAND: POST /session/6d94d18c82106ec19b3d8abef7fd5130/element/f.C1D3EA7ECBFCC03A372CAA8AC6DB352F.d.103390C097C7165CDBA8A791C402D15F.e.5060/elements - {"using":"css selector","value":"td"}
RESULT: {"using":"css selector","value":"td"}
COMMAND: POST /session/6d94d18c82106ec19b3d8abef7fd5130/element/f.C1D3EA7ECBFCC03A372CAA8AC6DB352F.d.103390C097C7165CDBA8A791C402D15F.e.5061/elements - {"using":"css selector","value":"td"}
RESULT: {"using":"css selector","value":"td"}
COMMAND: POST /session/6d94d18c82106ec19b3d8abef7fd5130/element/f.C1D3EA7ECBFCC03A372CAA8AC6DB352F.d.103390C097C7165CDBA8A791C402D15F.e.5062/elements - {"using":"css selector","value":"td"}
RESULT: {"using":"css selector","value":"td"}
COMMAND: POST /session/6d94d18c82106ec19b3d8abef7fd5130/element/f.C1D3EA7ECBFCC03A372CAA8AC6DB352F.d.103390C097C7165CDBA8A791C402D15F.e.5063/elements - {"using":"css selector","value":"td"}
RESULT: {"using":"css selector","value":"td"}
COMMAND: POST /session/6d94d18c82106ec19b3d8abef7fd5130/element/f.C1D3EA7ECBFCC03A372CAA8AC6DB352F.d.103390C097C7165CDBA8A791C402D15F.e.5064/elements - {"using":"css selector","value":"td"}
RESULT: {"using":"css selector","value":"td"}
COMMAND: POST /session/6d94d18c82106ec19b3d8abef7fd5130/element/f.C1D3EA7ECBFCC03A372CAA8AC6DB352F.d.103390C097C7165CDBA8A791C402D15F.e.5065/elements - {"using":"css selector","value":"td"}
RESULT: {"using":"css selector","value":"td"}
COMMAND: POST /session/6d94d18c82106ec19b3d8abef7fd5130/element/f.C1D3EA7ECBFCC03A372CAA8AC6DB352F.d.103390C097C7165CDBA8A791C402D15F.e.5066/elements - {"using":"css selector","value":"td"}
RESULT: {"using":"css selector","value":"td"}
COMMAND: POST /session/6d94d18c82106ec19b3d8abef7fd5130/element/f.C1D3EA7ECBFCC03A372CAA8AC6DB352F.d.103390C097C7165CDBA8A791C402D15F.e.5067/elements - {"using":"css selector","value":"td"}
RESULT: {"using":"css selector","value":"td"}
COMMAND: POST /session/6d94d18c82106ec19b3d8abef7fd5130/element/f.C1D3EA7ECBFCC03A372CAA8AC6DB352F.d.103390C097C7165CDBA8A791C402D15F.e.5068/elements - {"using":"css selector","value":"td"}
RESULT: {"using":"css selector","value":"td"}
COMMAND: POST /session/6d94d18c82106ec19b3d8abef7fd5130/element/f.C1D3EA7ECBFCC03A372CAA8AC6DB352F.d.103390C097C7165CDBA8A791C402D15F.e.5069/elements - {"using":"css selector","value":"td"}
RESULT: {"using":"css selector","value":"td"}
COMMAND: POST /session/6d94d18c82106ec19b3d8abef7fd5130/element/f.C1D3EA7ECBFCC03A372CAA8AC6DB352F.d.103390C097C7165CDBA8A791C402D15F.e.5070/elements - {"using":"css selector","value":"td"}
RESULT: {"using":"css selector","value":"td"}
COMMAND: POST /session/6d94d18c82106ec19b3d8abef7fd5130/element/f.C1D3EA7ECBFCC03A372CAA8AC6DB352F.d.103390C097C7165CDBA8A791C402D15F.e.5071/elements - {"using":"css selector","value":"td"}
RESULT: {"using":"css selector","value":"td"}
COMMAND: POST /session/6d94d18c82106ec19b3d8abef7fd5130/element/f.C1D3EA7ECBFCC03A372CAA8AC6DB352F.d.103390C097C7165CDBA8A791C402D15F.e.5072/elements - {"using":"css selector","value":"td"}
RESULT: {"using":"css selector","value":"td"}
COMMAND: POST /session/6d94d18c82106ec19b3d8abef7fd5130/element/f.C1D3EA7ECBFCC03A372CAA8AC6DB352F.d.103390C097C7165CDBA8A791C402D15F.e.5073/elements - {"using":"css selector","value":"td"}
RESULT: {"using":"css selector","value":"td"}
COMMAND: POST /session/6d94d18c82106ec19b3d8abef7fd5130/element/f.C1D3EA7ECBFCC03A372CAA8AC6DB352F.d.103390C097C7165CDBA8A791C402D15F.e.5074/elements - {"using":"css selector","value":"td"}
RESULT: {"using":"css selector","value":"td"}
COMMAND: POST /session/6d94d18c82106ec19b3d8abef7fd5130/element/f.C1D3EA7ECBFCC03A372CAA8AC6DB352F.d.103390C097C7165CDBA8A791C402D15F.e.5075/elements - {"using":"css selector","value":"td"}
RESULT: {"using":"css selector","value":"td"}
COMMAND: POST /session/6d94d18c82106ec19b3d8abef7fd5130/element/f.C1D3EA7ECBFCC03A372CAA8AC6DB352F.d.103390C097C7165CDBA8A791C402D15F.e.5076/elements - {"using":"css selector","value":"td"}
RESULT: {"using":"css selector","value":"td"}
COMMAND: POST /session/6d94d18c82106ec19b3d8abef7fd5130/element/f.C1D3EA7ECBFCC03A372CAA8AC6DB352F.d.103390C097C7165CDBA8A791C402D15F.e.5077/elements - {"using":"css selector","value":"td"}
RESULT: {"using":"css selector","value":"td"}
COMMAND: POST /session/6d94d18c82106ec19b3d8abef7fd5130/element/f.C1D3EA7ECBFCC03A372CAA8AC6DB352F.d.103390C097C7165CDBA8A791C402D15F.e.5078/elements - {"using":"css selector","value":"td"}
RESULT: {"using":"css selector","value":"td"}
COMMAND: POST /session/6d94d18c82106ec19b3d8abef7fd5130/element/f.C1D3EA7ECBFCC03A372CAA8AC6DB352F.d.103390C097C7165CDBA8A791C402D15F.e.5079/elements - {"using":"css selector","value":"td"}
RESULT: {"using":"css selector","value":"td"}
COMMAND: POST /session/6d94d18c82106ec19b3d8abef7fd5130/element/f.C1D3EA7ECBFCC03A372CAA8AC6DB352F.d.103390C097C7165CDBA8A791C402D15F.e.5080/elements - {"using":"css selector","value":"td"}
RESULT: {"using":"css selector","value":"td"}
COMMAND: POST /session/6d94d18c82106ec19b3d8abef7fd5130/element/f.C1D3EA7ECBFCC03A372CAA8AC6DB352F.d.103390C097C7165CDBA8A791C402D15F.e.5081/elements - {"using":"css selector","value":"td"}
RESULT: {"using":"css selector","value":"td"}
COMMAND: POST /session/6d94d18c82106ec19b3d8abef7fd5130/element/f.C1D3EA7ECBFCC03A372CAA8AC6DB352F.d.103390C097C7165CDBA8A791C402D15F.e.5082/elements - {"using":"css selector","value":"td"}
RESULT: {"using":"css selector","value":"td"}
COMMAND: POST /session/6d94d18c82106ec19b3d8abef7fd5130/element/f.C1D3EA7ECBFCC03A372CAA8AC6DB352F.d.103390C097C7165CDBA8A791C402D15F.e.5083/elements - {"using":"css selector","value":"td"}
RESULT: {"using":"css selector","value":"td"}
COMMAND: POST /session/6d94d18c82106ec19b3d8abef7fd5130/element/f.C1D3EA7ECBFCC03A372CAA8AC6DB352F.d.103390C097C7165CDBA8A791C402D15F.e.5084/elements - {"using":"css selector","value":"td"}
RESULT: {"using":"css selector","value":"td"}
COMMAND: POST /session/6d94d18c82106ec19b3d8abef7fd5130/element/f.C1D3EA7ECBFCC03A372CAA8AC6DB352F.d.103390C097C7165CDBA8A791C402D15F.e.5085/elements - {"using":"css selector","value":"td"}
RESULT: {"using":"css selector","value":"td"}
COMMAND: POST /session/6d94d18c82106ec19b3d8abef7fd5130/element/f.C1D3EA7ECBFCC03A372CAA8AC6DB352F.d.103390C097C7165CDBA8A791C402D15F.e.5086/elements - {"using":"css selector","value":"td"}
RESULT: {"using":"css selector","value":"td"}
COMMAND: POST /session/6d94d18c82106ec19b3d8abef7fd5130/element/f.C1D3EA7ECBFCC03A372CAA8AC6DB352F.d.103390C097C7165CDBA8A791C402D15F.e.5087/elements - {"using":"css selector","value":"td"}
RESULT: {"using":"css selector","value":"td"}
COMMAND: POST /session/6d94d18c82106ec19b3d8abef7fd5130/element/f.C1D3EA7ECBFCC03A372CAA8AC6DB352F.d.103390C097C7165CDBA8A791C402D15F.e.5088/elements - {"using":"css selector","value":"td"}
RESULT: {"using":"css selector","value":"td"}
COMMAND: POST /session/6d94d18c82106ec19b3d8abef7fd5130/element/f.C1D3EA7ECBFCC03A372CAA8AC6DB352F.d.103390C097C7165CDBA8A791C402D15F.e.5089/elements - {"using":"css selector","value":"td"}
RESULT: {"using":"css selector","value":"td"}
COMMAND: POST /session/6d94d18c82106ec19b3d8abef7fd5130/element/f.C1D3EA7ECBFCC03A372CAA8AC6DB352F.d.103390C097C7165CDBA8A791C402D15F.e.5090/elements - {"using":"css selector","value":"td"}
RESULT: {"using":"css selector","value":"td"}
COMMAND: POST /session/6d94d18c82106ec19b3d8abef7fd5130/element/f.C1D3EA7ECBFCC03A372CAA8AC6DB352F.d.103390C097C7165CDBA8A791C402D15F.e.5091/elements - {"using":"css selector","value":"td"}
RESULT: {"using":"css selector","value":"td"}
COMMAND: POST /session/6d94d18c82106ec19b3d8abef7fd5130/element/f.C1D3EA7ECBFCC03A372CAA8AC6DB352F.d.103390C097C7165CDBA8A791C402D15F.e.5092/elements - {"using":"css selector","value":"td"}
RESULT: {"using":"css selector","value":"td"}
COMMAND: POST /session/6d94d18c82106ec19b3d8abef7fd5130/element/f.C1D3EA7ECBFCC03A372CAA8AC6DB352F.d.103390C097C7165CDBA8A791C402D15F.e.5093/elements - {"using":"css selector","value":"td"}
RESULT: {"using":"css selector","value":"td"}
COMMAND: POST /session/6d94d18c82106ec19b3d8abef7fd5130/element/f.C1D3EA7ECBFCC03A372CAA8AC6DB352F.d.103390C097C7165CDBA8A791C402D15F.e.5094/elements - {"using":"css selector","value":"td"}
RESULT: {"using":"css selector","value":"td"}
COMMAND: POST /session/6d94d18c82106ec19b3d8abef7fd5130/element/f.C1D3EA7ECBFCC03A372CAA8AC6DB352F.d.103390C097C7165CDBA8A791C402D15F.e.5095/elements - {"using":"css selector","value":"td"}
RESULT: {"using":"css selector","value":"td"}
COMMAND: POST /session/6d94d18c82106ec19b3d8abef7fd5130/element/f.C1D3EA7ECBFCC03A372CAA8AC6DB352F.d.103390C097C7165CDBA8A791C402D15F.e.5096/elements - {"using":"css selector","value":"td"}
RESULT: {"using":"css selector","value":"td"}
COMMAND: POST /session/6d94d18c82106ec19b3d8abef7fd5130/element/f.C1D3EA7ECBFCC03A372CAA8AC6DB352F.d.103390C097C7165CDBA8A791C402D15F.e.5097/elements - {"using":"css selector","value":"td"}
RESULT: {"using":"css selector","value":"td"}
COMMAND: POST /session/6d94d18c82106ec19b3d8abef7fd5130/element/f.C1D3EA7ECBFCC03A372CAA8AC6DB352F.d.103390C097C7165CDBA8A791C402D15F.e.5098/elements - {"using":"css selector","value":"td"}
RESULT: {"using":"css selector","value":"td"}
COMMAND: POST /session/6d94d18c82106ec19b3d8abef7fd5130/element/f.C1D3EA7ECBFCC03A372CAA8AC6DB352F.d.103390C097C7165CDBA8A791C402D15F.e.5099/elements - {"using":"css selector","value":"td"}
RESULT: {"using":"css selector","value":"td"}
COMMAND: POST /session/6d94d18c82106ec19b3d8abef7fd5130/element/f.C1D3EA7ECBFCC03A372CAA8AC6DB352F.d.103390C097C7165CDBA8A791C402D15F.e.5100/elements - {"using":"css selector","value":"td"}
RESULT: {"using":"css selector","value":"td"}
COMMAND: POST /session/6d94d18c82106ec19b3d8abef7fd5130/element/f.C1D3EA7ECBFCC03A372CAA8AC6DB352F.d.103390C097C7165CDBA8A791C402D15F.e.5101/elements - {"using":"css selector","value":"td"}
RESULT: {"using":"css selector","value":"td"}
COMMAND: POST /session/6d94d18c82106ec19b3d8abef7fd5130/element/f.C1D3EA7ECBFCC03A372CAA8AC6DB352F.d.103390C097C7165CDBA8A791C402D15F.e.5102/elements - {"using":"css selector","value":"td"}
RESULT: {"using":"css selector","value":"td"}
COMMAND: POST /session/6d94d18c82106ec19b3d8abef7fd5130/element/f.C1D3EA7ECBFCC03A372CAA8AC6DB352F.d.103390C097C7165CDBA8A791C402D15F.e.5103/elements - {"using":"css selector","value":"td"}
RESULT: {"using":"css selector","value":"td"}
COMMAND: POST /session/6d94d18c82106ec19b3d8abef7fd5130/element/f.C1D3EA7ECBFCC03A372CAA8AC6DB352F.d.103390C097C7165CDBA8A791C402D15F.e.5104/elements - {"using":"css selector","value":"td"}
RESULT: {"using":"css selector","value":"td"}
COMMAND: POST /session/6d94d18c82106ec19b3d8abef7fd5130/element/f.C1D3EA7ECBFCC03A372CAA8AC6DB352F.d.103390C097C7165CDBA8A791C402D15F.e.5105/elements - {"using":"css selector","value":"td"}
RESULT: {"using":"css selector","value":"td"}
COMMAND: POST /session/6d94d18c82106ec19b3d8abef7fd5130/element/f.C1D3EA7ECBFCC03A372CAA8AC6DB352F.d.103390C097C7165CDBA8A791C402D15F.e.5106/elements - {"using":"css selector","value":"td"}
RESULT: {"using":"css selector","value":"td"}
COMMAND: POST /session/6d94d18c82106ec19b3d8abef7fd5130/element/f.C1D3EA7ECBFCC03A372CAA8AC6DB352F.d.103390C097C7165CDBA8A791C402D15F.e.5107/elements - {"using":"css selector","value":"td"}
RESULT: {"using":"css selector","value":"td"}
COMMAND: POST /session/6d94d18c82106ec19b3d8abef7fd5130/element/f.C1D3EA7ECBFCC03A372CAA8AC6DB352F.d.103390C097C7165CDBA8A791C402D15F.e.5108/elements - {"using":"css selector","value":"td"}
RESULT: {"using":"css selector","value":"td"}
COMMAND: POST /session/6d94d18c82106ec19b3d8abef7fd5130/element/f.C1D3EA7ECBFCC03A372CAA8AC6DB352F.d.103390C097C7165CDBA8A791C402D15F.e.5109/elements - {"using":"css selector","value":"td"}
RESULT: {"using":"css selector","value":"td"}
COMMAND: POST /session/6d94d18c82106ec19b3d8abef7fd5130/element/f.C1D3EA7ECBFCC03A372CAA8AC6DB352F.d.103390C097C7165CDBA8A791C402D15F.e.5110/elements - {"using":"css selector","value":"td"}
RESULT: {"using":"css selector","value":"td"}
COMMAND: POST /session/6d94d18c82106ec19b3d8abef7fd5130/element/f.C1D3EA7ECBFCC03A372CAA8AC6DB352F.d.103390C097C7165CDBA8A791C402D15F.e.5111/elements - {"using":"css selector","value":"td"}
RESULT: {"using":"css selector","value":"td"}
COMMAND: POST /session/6d94d18c82106ec19b3d8abef7fd5130/element/f.C1D3EA7ECBFCC03A372CAA8AC6DB352F.d.103390C097C7165CDBA8A791C402D15F.e.5112/elements - {"using":"css selector","value":"td"}
RESULT: {"using":"css selector","value":"td"}
COMMAND: POST /session/6d94d18c82106ec19b3d8abef7fd5130/element/f.C1D3EA7ECBFCC03A372CAA8AC6DB352F.d.103390C097C7165CDBA8A791C402D15F.e.5113/elements - {"using":"css selector","value":"td"}
RESULT: {"using":"css selector","value":"td"}
COMMAND: POST /session/6d94d18c82106ec19b3d8abef7fd5130/element/f.C1D3EA7ECBFCC03A372CAA8AC6DB352F.d.103390C097C7165CDBA8A791C402D15F.e.5114/elements - {"using":"css selector","value":"td"}
RESULT: {"using":"css selector","value":"td"}
COMMAND: POST /session/6d94d18c82106ec19b3d8abef7fd5130/element/f.C1D3EA7ECBFCC03A372CAA8AC6DB352F.d.103390C097C7165CDBA8A791C402D15F.e.5115/elements - {"using":"css selector","value":"td"}
RESULT: {"using":"css selector","value":"td"}
COMMAND: POST /session/6d94d18c82106ec19b3d8abef7fd5130/element/f.C1D3EA7ECBFCC03A372CAA8AC6DB352F.d.103390C097C7165CDBA8A791C402D15F.e.5116/elements - {"using":"css selector","value":"td"}
RESULT: {"using":"css selector","value":"td"}
COMMAND: POST /session/6d94d18c82106ec19b3d8abef7fd5130/element/f.C1D3EA7ECBFCC03A372CAA8AC6DB352F.d.103390C097C7165CDBA8A791C402D15F.e.5117/elements - {"using":"css selector","value":"td"}
RESULT: {"using":"css selector","value":"td"}
COMMAND: POST /session/6d94d18c82106ec19b3d8abef7fd5130/element/f.C1D3EA7ECBFCC03A372CAA8AC6DB352F.d.103390C097C7165CDBA8A791C402D15F.e.5118/elements - {"using":"css selector","value":"td"}
RESULT: {"using":"css selector","value":"td"}
COMMAND: POST /session/6d94d18c82106ec19b3d8abef7fd5130/element/f.C1D3EA7ECBFCC03A372CAA8AC6DB352F.d.103390C097C7165CDBA8A791C402D15F.e.5119/elements - {"using":"css selector","value":"td"}
RESULT: {"using":"css selector","value":"td"}
COMMAND: POST /session/6d94d18c82106ec19b3d8abef7fd5130/element/f.C1D3EA7ECBFCC03A372CAA8AC6DB352F.d.103390C097C7165CDBA8A791C402D15F.e.5120/elements - {"using":"css selector","value":"td"}
RESULT: {"using":"css selector","value":"td"}
COMMAND: POST /session/6d94d18c82106ec19b3d8abef7fd5130/element/f.C1D3EA7ECBFCC03A372CAA8AC6DB352F.d.103390C097C7165CDBA8A791C402D15F.e.5121/elements - {"using":"css selector","value":"td"}
RESULT: {"using":"css selector","value":"td"}
COMMAND: POST /session/6d94d18c82106ec19b3d8abef7fd5130/element/f.C1D3EA7ECBFCC03A372CAA8AC6DB352F.d.103390C097C7165CDBA8A791C402D15F.e.5122/elements - {"using":"css selector","value":"td"}
RESULT: {"using":"css selector","value":"td"}
COMMAND: POST /session/6d94d18c82106ec19b3d8abef7fd5130/element/f.C1D3EA7ECBFCC03A372CAA8AC6DB352F.d.103390C097C7165CDBA8A791C402D15F.e.5123/elements - {"using":"css selector","value":"td"}
RESULT: {"using":"css selector","value":"td"}
COMMAND: POST /session/6d94d18c82106ec19b3d8abef7fd5130/element/f.C1D3EA7ECBFCC03A372CAA8AC6DB352F.d.103390C097C7165CDBA8A791C402D15F.e.5124/elements - {"using":"css selector","value":"td"}
RESULT: {"using":"css selector","value":"td"}
COMMAND: POST /session/6d94d18c82106ec19b3d8abef7fd5130/element/f.C1D3EA7ECBFCC03A372CAA8AC6DB352F.d.103390C097C7165CDBA8A791C402D15F.e.5125/elements - {"using":"css selector","value":"td"}
RESULT: {"using":"css selector","value":"td"}
COMMAND: POST /session/6d94d18c82106ec19b3d8abef7fd5130/element/f.C1D3EA7ECBFCC03A372CAA8AC6DB352F.d.103390C097C7165CDBA8A791C402D15F.e.6030/elements - {"using":"css selector","value":"td"}
RESULT: {"using":"css selector","value":"td"}
COMMAND: POST /session/6d94d18c82106ec19b3d8abef7fd5130/element - {"using":"css selector","value":"#j_username"}
COMMAND: POST /session/6d94d18c82106ec19b3d8abef7fd5130/url - {"url":"https://qa-testing-00-live-etm-ui.cfapps.eu10-004.hana.ondemand.com/"}
RESULT: {"url":"https://qa-testing-00-live-etm-ui.cfapps.eu10-004.hana.ondemand.com/"}
RESULT: undefined
COMMAND: GET /session/6d94d18c82106ec19b3d8abef7fd5130/screenshot - {}
RESULT: {"using":"css selector","value":"#j_username"}
COMMAND: POST /session/6d94d18c82106ec19b3d8abef7fd5130/element - {"using":"css selector","value":"#j_username"}
RESULT: {}
RESULT: {"using":"css selector","value":"#j_username"}
COMMAND: POST /session/6d94d18c82106ec19b3d8abef7fd5130/element - {"using":"css selector","value":"#shell-header-logo"}
RESULT: {"using":"css selector","value":"#shell-header-logo"}
COMMAND: POST /session/6d94d18c82106ec19b3d8abef7fd5130/execute/sync - {"script":"<script> [8489 bytes]","args":[{"element-6066-11e4-a52e-4f735466cecf":"f.C1D3EA7ECBFCC03A372CAA8AC6DB352F.d.80E8B9239193FA07DEDFC2BCBBE05F86.e.6046","ELEMENT":"f.C1D3EA7ECBFCC03A372CAA8AC6DB352F.d.80E8B9239193FA07DEDFC2BCBBE05F86.e.6046"}]}
RESULT: {"script":"<script> [8489 bytes]","args":[{"element-6066-11e4-a52e-4f735466cecf":"f.C1D3EA7ECBFCC03A372CAA8AC6DB352F.d.80E8B9239193FA07DEDFC2BCBBE05F86.e.6046","ELEMENT":"f.C1D3EA7ECBFCC03A372CAA8AC6DB352F.d.80E8B9239193FA07DEDFC2BCBBE05F86.e.6046"}]}
COMMAND: POST /session/6d94d18c82106ec19b3d8abef7fd5130/element - {"using":"css selector","value":"#shell-header-logo"}
COMMAND: GET /session/6d94d18c82106ec19b3d8abef7fd5130/screenshot - {}
RESULT: {"using":"css selector","value":"#shell-header-logo"}
COMMAND: POST /session/6d94d18c82106ec19b3d8abef7fd5130/execute/sync - {"script":"<script> [8489 bytes]","args":[{"element-6066-11e4-a52e-4f735466cecf":"f.C1D3EA7ECBFCC03A372CAA8AC6DB352F.d.80E8B9239193FA07DEDFC2BCBBE05F86.e.6046","ELEMENT":"f.C1D3EA7ECBFCC03A372CAA8AC6DB352F.d.80E8B9239193FA07DEDFC2BCBBE05F86.e.6046"}]}
RESULT: {}
RESULT: {"script":"<script> [8489 bytes]","args":[{"element-6066-11e4-a52e-4f735466cecf":"f.C1D3EA7ECBFCC03A372CAA8AC6DB352F.d.80E8B9239193FA07DEDFC2BCBBE05F86.e.6046","ELEMENT":"f.C1D3EA7ECBFCC03A372CAA8AC6DB352F.d.80E8B9239193FA07DEDFC2BCBBE05F86.e.6046"}]}
COMMAND: POST /session/6d94d18c82106ec19b3d8abef7fd5130/execute/sync - {"script":"<script> [5351 bytes]","args":[{"element-6066-11e4-a52e-4f735466cecf":"f.C1D3EA7ECBFCC03A372CAA8AC6DB352F.d.80E8B9239193FA07DEDFC2BCBBE05F86.e.6046","ELEMENT":"f.C1D3EA7ECBFCC03A372CAA8AC6DB352F.d.80E8B9239193FA07DEDFC2BCBBE05F86.e.6046"}]}
COMMAND: GET /session/6d94d18c82106ec19b3d8abef7fd5130/screenshot - {}
RESULT: {"script":"<script> [5351 bytes]","args":[{"element-6066-11e4-a52e-4f735466cecf":"f.C1D3EA7ECBFCC03A372CAA8AC6DB352F.d.80E8B9239193FA07DEDFC2BCBBE05F86.e.6046","ELEMENT":"f.C1D3EA7ECBFCC03A372CAA8AC6DB352F.d.80E8B9239193FA07DEDFC2BCBBE05F86.e.6046"}]}
COMMAND: POST /session/6d94d18c82106ec19b3d8abef7fd5130/element - {"using":"css selector","value":"#shell-header-logo"}
COMMAND: GET /session/6d94d18c82106ec19b3d8abef7fd5130/screenshot - {}
RESULT: {}
RESULT: {"using":"css selector","value":"#shell-header-logo"}
COMMAND: POST /session/6d94d18c82106ec19b3d8abef7fd5130/element/f.C1D3EA7ECBFCC03A372CAA8AC6DB352F.d.80E8B9239193FA07DEDFC2BCBBE05F86.e.6046/click - {}
RESULT: {}
RESULT: {}
COMMAND: GET /session/6d94d18c82106ec19b3d8abef7fd5130/screenshot - {}
RESULT: {}
COMMAND: POST /session/6d94d18c82106ec19b3d8abef7fd5130/execute/async - {"script":"<script> [189 bytes]","args":[]}
RESULT: {"script":"<script> [189 bytes]","args":[]}
COMMAND: POST /session/6d94d18c82106ec19b3d8abef7fd5130/execute/async - {"script":"<script> [123 bytes]","args":[]}
RESULT: {"script":"<script> [123 bytes]","args":[]}
COMMAND: POST /session/6d94d18c82106ec19b3d8abef7fd5130/timeouts - {"script":"<number>"}
RESULT: {"script":"<number>"}
COMMAND: GET /session/6d94d18c82106ec19b3d8abef7fd5130/timeouts - {}
RESULT: {}
RESULT: undefined
COMMAND: POST /session/6d94d18c82106ec19b3d8abef7fd5130/execute/async - {"script":"<script> [2676 bytes]","args":[]}
RESULT: {"script":"<script> [2676 bytes]","args":[]}
COMMAND: POST /session/6d94d18c82106ec19b3d8abef7fd5130/execute/async - {"script":"<script> [2342 bytes]","args":[{"protocol":"http","hostname":"0.0.0.0","path":"/","capabilities":{"browserName":"chrome","goog:chromeOptions":{"binary":"C:\\Program Files\\Google\\Chrome\\Application\\chrome.exe","args":["--start-maximized"]}},"logLevel":"warn","connectionRetryTimeout":120000,"connectionRetryCount":3,"logLevels":{},"enableDirectConnect":true,"strictSSL":true,"_":"65 more keys: [\"cacheDir\",\"port\",\"requestedCapabilities\",\"automationProtocol\",\"baseUrl\",\"waitforInterval\",\"waitforTimeout\",\"onReload\",\"beforeCommand\",\"afterCommand\",\"rootDir\",\"specs\",\"suites\",\"exclude\",\"groupLogsByTestSpec\",\"excludeDriverLogs\",\"bail\",\"framework\",\"reporters\",\"services\",\"maxInstances\",\"maxInstancesPerCapability\",\"injectGlobals\",\"filesToWatch\",\"execArgv\",\"runnerEnv\",\"runner\",\"shard\",\"specFileRetries\",\"specFileRetriesDelay\",\"specFileRetriesDeferred\",\"reporterSyncInterval\",\"reporterSyncTimeout\",\"cucumberFeaturesWithLineNumbers\",\"autoCompileOpts\",\"mochaOpts\",\"jasmineOpts\",\"cucumberOpts\",\"onPrepare\",\"onWorkerStart\",\"onWorkerEnd\",\"before\",\"beforeSession\",\"beforeSuite\",\"beforeHook\",\"beforeTest\",\"afterTest\",\"afterHook\",\"afterSuite\",\"afterSession\",\"after\",\"onComplete\",\"beforeAssertion\",\"afterAssertion\",\"beforeFeature\",\"beforeScenario\",\"beforeStep\",\"afterStep\",\"afterScenario\",\"afterFeature\",\"_\",\"suite\",\"$0\",\"ignoredWorkerServices\",\"wdi5\"]"}]}
RESULT: {"script":"<script> [2342 bytes]","args":[{"protocol":"http","hostname":"0.0.0.0","path":"/","capabilities":{"browserName":"chrome","goog:chromeOptions":{"binary":"C:\\Program Files\\Google\\Chrome\\Application\\chrome.exe","args":["--start-maximized"]}},"logLevel":"warn","connectionRetryTimeout":120000,"connectionRetryCount":3,"logLevels":{},"enableDirectConnect":true,"strictSSL":true,"_":"65 more keys: [\"cacheDir\",\"port\",\"requestedCapabilities\",\"automationProtocol\",\"baseUrl\",\"waitforInterval\",\"waitforTimeout\",\"onReload\",\"beforeCommand\",\"afterCommand\",\"rootDir\",\"specs\",\"suites\",\"exclude\",\"groupLogsByTestSpec\",\"excludeDriverLogs\",\"bail\",\"framework\",\"reporters\",\"services\",\"maxInstances\",\"maxInstancesPerCapability\",\"injectGlobals\",\"filesToWatch\",\"execArgv\",\"runnerEnv\",\"runner\",\"shard\",\"specFileRetries\",\"specFileRetriesDelay\",\"specFileRetriesDeferred\",\"reporterSyncInterval\",\"reporterSyncTimeout\",\"cucumberFeaturesWithLineNumbers\",\"autoCompileOpts\",\"mochaOpts\",\"jasmineOpts\",\"cucumberOpts\",\"onPrepare\",\"onWorkerStart\",\"onWorkerEnd\",\"before\",\"beforeSession\",\"beforeSuite\",\"beforeHook\",\"beforeTest\",\"afterTest\",\"afterHook\",\"afterSuite\",\"afterSession\",\"after\",\"onComplete\",\"beforeAssertion\",\"afterAssertion\",\"beforeFeature\",\"beforeScenario\",\"beforeStep\",\"afterStep\",\"afterScenario\",\"afterFeature\",\"_\",\"suite\",\"$0\",\"ignoredWorkerServices\",\"wdi5\"]"}]}
COMMAND: POST /session/6d94d18c82106ec19b3d8abef7fd5130/execute/async - {"script":"<script> [21126 bytes]","args":[35000]}
RESULT: {"script":"<script> [21126 bytes]","args":[35000]}
COMMAND: POST /session/6d94d18c82106ec19b3d8abef7fd5130/window/maximize - {}
RESULT: {}
COMMAND: POST /session/6d94d18c82106ec19b3d8abef7fd5130/execute/async - {"script":"<script> [1562 bytes]","args":[{"selector":{"id":"shell-header","interaction":{"idSuffix":"icon"}},"wdio_ui5_key":"shellheader"}]}
COMMAND: GET /session/6d94d18c82106ec19b3d8abef7fd5130/screenshot - {}
RESULT: {"script":"<script> [1562 bytes]","args":[{"selector":{"id":"shell-header","interaction":{"idSuffix":"icon"}},"wdio_ui5_key":"shellheader"}]}
RESULT: undefined
COMMAND: POST /session/6d94d18c82106ec19b3d8abef7fd5130/refresh - {}
RESULT: {}
RESULT: {}
COMMAND: GET /session/6d94d18c82106ec19b3d8abef7fd5130/screenshot - {}
RESULT: {}
COMMAND: POST /session/6d94d18c82106ec19b3d8abef7fd5130/refresh - {}
RESULT: {}
COMMAND: GET /session/6d94d18c82106ec19b3d8abef7fd5130/screenshot - {}
RESULT: {}
COMMAND: POST /session/6d94d18c82106ec19b3d8abef7fd5130/window/fullscreen - {}
RESULT: {}
COMMAND: POST /session/6d94d18c82106ec19b3d8abef7fd5130/execute/async - {"script":"<script> [189 bytes]","args":[]}
RESULT: {"script":"<script> [189 bytes]","args":[]}
COMMAND: POST /session/6d94d18c82106ec19b3d8abef7fd5130/execute/async - {"script":"<script> [123 bytes]","args":[]}
RESULT: {"script":"<script> [123 bytes]","args":[]}
COMMAND: POST /session/6d94d18c82106ec19b3d8abef7fd5130/timeouts - {"script":"<number>"}
RESULT: {"script":"<number>"}
COMMAND: GET /session/6d94d18c82106ec19b3d8abef7fd5130/timeouts - {}
RESULT: {}
RESULT: undefined
COMMAND: POST /session/6d94d18c82106ec19b3d8abef7fd5130/execute/async - {"script":"<script> [2676 bytes]","args":[]}
RESULT: {"script":"<script> [2676 bytes]","args":[]}
COMMAND: POST /session/6d94d18c82106ec19b3d8abef7fd5130/execute/async - {"script":"<script> [2342 bytes]","args":[{"protocol":"http","hostname":"0.0.0.0","path":"/","capabilities":{"browserName":"chrome","goog:chromeOptions":{"binary":"C:\\Program Files\\Google\\Chrome\\Application\\chrome.exe","args":["--start-maximized"]}},"logLevel":"warn","connectionRetryTimeout":120000,"connectionRetryCount":3,"logLevels":{},"enableDirectConnect":true,"strictSSL":true,"_":"65 more keys: [\"cacheDir\",\"port\",\"requestedCapabilities\",\"automationProtocol\",\"baseUrl\",\"waitforInterval\",\"waitforTimeout\",\"onReload\",\"beforeCommand\",\"afterCommand\",\"rootDir\",\"specs\",\"suites\",\"exclude\",\"groupLogsByTestSpec\",\"excludeDriverLogs\",\"bail\",\"framework\",\"reporters\",\"services\",\"maxInstances\",\"maxInstancesPerCapability\",\"injectGlobals\",\"filesToWatch\",\"execArgv\",\"runnerEnv\",\"runner\",\"shard\",\"specFileRetries\",\"specFileRetriesDelay\",\"specFileRetriesDeferred\",\"reporterSyncInterval\",\"reporterSyncTimeout\",\"cucumberFeaturesWithLineNumbers\",\"autoCompileOpts\",\"mochaOpts\",\"jasmineOpts\",\"cucumberOpts\",\"onPrepare\",\"onWorkerStart\",\"onWorkerEnd\",\"before\",\"beforeSession\",\"beforeSuite\",\"beforeHook\",\"beforeTest\",\"afterTest\",\"afterHook\",\"afterSuite\",\"afterSession\",\"after\",\"onComplete\",\"beforeAssertion\",\"afterAssertion\",\"beforeFeature\",\"beforeScenario\",\"beforeStep\",\"afterStep\",\"afterScenario\",\"afterFeature\",\"_\",\"suite\",\"$0\",\"ignoredWorkerServices\",\"wdi5\"]"}]}
RESULT: {"script":"<script> [2342 bytes]","args":[{"protocol":"http","hostname":"0.0.0.0","path":"/","capabilities":{"browserName":"chrome","goog:chromeOptions":{"binary":"C:\\Program Files\\Google\\Chrome\\Application\\chrome.exe","args":["--start-maximized"]}},"logLevel":"warn","connectionRetryTimeout":120000,"connectionRetryCount":3,"logLevels":{},"enableDirectConnect":true,"strictSSL":true,"_":"65 more keys: [\"cacheDir\",\"port\",\"requestedCapabilities\",\"automationProtocol\",\"baseUrl\",\"waitforInterval\",\"waitforTimeout\",\"onReload\",\"beforeCommand\",\"afterCommand\",\"rootDir\",\"specs\",\"suites\",\"exclude\",\"groupLogsByTestSpec\",\"excludeDriverLogs\",\"bail\",\"framework\",\"reporters\",\"services\",\"maxInstances\",\"maxInstancesPerCapability\",\"injectGlobals\",\"filesToWatch\",\"execArgv\",\"runnerEnv\",\"runner\",\"shard\",\"specFileRetries\",\"specFileRetriesDelay\",\"specFileRetriesDeferred\",\"reporterSyncInterval\",\"reporterSyncTimeout\",\"cucumberFeaturesWithLineNumbers\",\"autoCompileOpts\",\"mochaOpts\",\"jasmineOpts\",\"cucumberOpts\",\"onPrepare\",\"onWorkerStart\",\"onWorkerEnd\",\"before\",\"beforeSession\",\"beforeSuite\",\"beforeHook\",\"beforeTest\",\"afterTest\",\"afterHook\",\"afterSuite\",\"afterSession\",\"after\",\"onComplete\",\"beforeAssertion\",\"afterAssertion\",\"beforeFeature\",\"beforeScenario\",\"beforeStep\",\"afterStep\",\"afterScenario\",\"afterFeature\",\"_\",\"suite\",\"$0\",\"ignoredWorkerServices\",\"wdi5\"]"}]}
COMMAND: POST /session/6d94d18c82106ec19b3d8abef7fd5130/execute/async - {"script":"<script> [21126 bytes]","args":[35000]}
RESULT: {"script":"<script> [21126 bytes]","args":[35000]}
]]></system-out>
    </testcase>
  </testsuite>
  <testsuite timestamp="2025-04-29T17:13:53" time="435.536" tests="9" failures="0" errors="0" skipped="0">
    <properties>
      <property name="specId" value="0" />
      <property name="suiteName" value="US134625 Set up price condition - one time" />
      <property name="capabilities" value="chrome.135_0_7049_96.windows" />
      <property name="file" value="file:///D:/a/1/s/test/specs/BTS/set-up-price-condition-one-time.spec.js" />
    </properties>
    <testcase classname="chrome.135_0_7049_96.windows.US134625_Set_up_price_condition_-_one_time" name="Should create a new yard used for all following tests" time="0.024">
      <system-out><![CDATA[
COMMAND: POST /session/6d94d18c82106ec19b3d8abef7fd5130/window/fullscreen - {}
RESULT: {}
]]></system-out>
    </testcase>
    <testcase classname="chrome.135_0_7049_96.windows.US134625_Set_up_price_condition_-_one_time" name="Should create a new partner" time="0.004" />
    <testcase classname="chrome.135_0_7049_96.windows.US134625_Set_up_price_condition_-_one_time" name="Should create a new site used for following tests" time="0.004" />
    <testcase classname="chrome.135_0_7049_96.windows.US134625_Set_up_price_condition_-_one_time" name="Should create a new material for billing type one time" time="119.473">
      <system-out><![CDATA[
COMMAND: POST /session/6d94d18c82106ec19b3d8abef7fd5130/execute/async - {"script":"<script> [1562 bytes]","args":[{"selector":{"controlType":"sap.m.GenericTile","properties":{"header":"Manage Resources"}},"wdio_ui5_key":"sapm.GenericTile{\"header\":\"Manage Resources\"}"}]}
RESULT: {"script":"<script> [1562 bytes]","args":[{"selector":{"controlType":"sap.m.GenericTile","properties":{"header":"Manage Resources"}},"wdio_ui5_key":"sapm.GenericTile{\"header\":\"Manage Resources\"}"}]}
RESULT: undefined
COMMAND: POST /session/6d94d18c82106ec19b3d8abef7fd5130/element - {"using":"xpath","value":"//*[@id=\"__tile39\"]"}
RESULT: {"using":"xpath","value":"//*[@id=\"__tile39\"]"}
COMMAND: POST /session/6d94d18c82106ec19b3d8abef7fd5130/element/f.C1D3EA7ECBFCC03A372CAA8AC6DB352F.d.35E29B9BB07CBDBCDE9C93808B3E21FB.e.6200/click - {}
RESULT: {}
COMMAND: POST /session/6d94d18c82106ec19b3d8abef7fd5130/element - {"using":"xpath","value":"//button[@data-kt=\"addNewRUOverflowToolbarButton\"]"}
COMMAND: GET /session/6d94d18c82106ec19b3d8abef7fd5130/screenshot - {}
RESULT: {"using":"xpath","value":"//button[@data-kt=\"addNewRUOverflowToolbarButton\"]"}
COMMAND: POST /session/6d94d18c82106ec19b3d8abef7fd5130/elements - {"using":"xpath","value":"//button[@data-kt=\"addNewRUOverflowToolbarButton\"]"}
RESULT: {}
RESULT: {"using":"xpath","value":"//button[@data-kt=\"addNewRUOverflowToolbarButton\"]"}
COMMAND: POST /session/6d94d18c82106ec19b3d8abef7fd5130/elements - {"using":"xpath","value":"//button[@data-kt=\"addNewRUOverflowToolbarButton\"]"}
RESULT: {"using":"xpath","value":"//button[@data-kt=\"addNewRUOverflowToolbarButton\"]"}
COMMAND: POST /session/6d94d18c82106ec19b3d8abef7fd5130/elements - {"using":"xpath","value":"//button[@data-kt=\"addNewRUOverflowToolbarButton\"]"}
RESULT: {"using":"xpath","value":"//button[@data-kt=\"addNewRUOverflowToolbarButton\"]"}
COMMAND: POST /session/6d94d18c82106ec19b3d8abef7fd5130/elements - {"using":"xpath","value":"//button[@data-kt=\"addNewRUOverflowToolbarButton\"]"}
RESULT: {"using":"xpath","value":"//button[@data-kt=\"addNewRUOverflowToolbarButton\"]"}
COMMAND: POST /session/6d94d18c82106ec19b3d8abef7fd5130/elements - {"using":"xpath","value":"//button[@data-kt=\"addNewRUOverflowToolbarButton\"]"}
RESULT: {"using":"xpath","value":"//button[@data-kt=\"addNewRUOverflowToolbarButton\"]"}
COMMAND: POST /session/6d94d18c82106ec19b3d8abef7fd5130/elements - {"using":"xpath","value":"//button[@data-kt=\"addNewRUOverflowToolbarButton\"]"}
RESULT: {"using":"xpath","value":"//button[@data-kt=\"addNewRUOverflowToolbarButton\"]"}
COMMAND: POST /session/6d94d18c82106ec19b3d8abef7fd5130/elements - {"using":"xpath","value":"//button[@data-kt=\"addNewRUOverflowToolbarButton\"]"}
RESULT: {"using":"xpath","value":"//button[@data-kt=\"addNewRUOverflowToolbarButton\"]"}
COMMAND: POST /session/6d94d18c82106ec19b3d8abef7fd5130/elements - {"using":"xpath","value":"//button[@data-kt=\"addNewRUOverflowToolbarButton\"]"}
RESULT: {"using":"xpath","value":"//button[@data-kt=\"addNewRUOverflowToolbarButton\"]"}
COMMAND: POST /session/6d94d18c82106ec19b3d8abef7fd5130/elements - {"using":"xpath","value":"//button[@data-kt=\"addNewRUOverflowToolbarButton\"]"}
RESULT: {"using":"xpath","value":"//button[@data-kt=\"addNewRUOverflowToolbarButton\"]"}
COMMAND: POST /session/6d94d18c82106ec19b3d8abef7fd5130/elements - {"using":"xpath","value":"//button[@data-kt=\"addNewRUOverflowToolbarButton\"]"}
RESULT: {"using":"xpath","value":"//button[@data-kt=\"addNewRUOverflowToolbarButton\"]"}
COMMAND: POST /session/6d94d18c82106ec19b3d8abef7fd5130/elements - {"using":"xpath","value":"//button[@data-kt=\"addNewRUOverflowToolbarButton\"]"}
RESULT: {"using":"xpath","value":"//button[@data-kt=\"addNewRUOverflowToolbarButton\"]"}
COMMAND: POST /session/6d94d18c82106ec19b3d8abef7fd5130/elements - {"using":"xpath","value":"//button[@data-kt=\"addNewRUOverflowToolbarButton\"]"}
RESULT: {"using":"xpath","value":"//button[@data-kt=\"addNewRUOverflowToolbarButton\"]"}
COMMAND: POST /session/6d94d18c82106ec19b3d8abef7fd5130/elements - {"using":"xpath","value":"//button[@data-kt=\"addNewRUOverflowToolbarButton\"]"}
RESULT: {"using":"xpath","value":"//button[@data-kt=\"addNewRUOverflowToolbarButton\"]"}
COMMAND: POST /session/6d94d18c82106ec19b3d8abef7fd5130/elements - {"using":"xpath","value":"//button[@data-kt=\"addNewRUOverflowToolbarButton\"]"}
RESULT: {"using":"xpath","value":"//button[@data-kt=\"addNewRUOverflowToolbarButton\"]"}
COMMAND: POST /session/6d94d18c82106ec19b3d8abef7fd5130/elements - {"using":"xpath","value":"//button[@data-kt=\"addNewRUOverflowToolbarButton\"]"}
RESULT: {"using":"xpath","value":"//button[@data-kt=\"addNewRUOverflowToolbarButton\"]"}
COMMAND: POST /session/6d94d18c82106ec19b3d8abef7fd5130/elements - {"using":"xpath","value":"//button[@data-kt=\"addNewRUOverflowToolbarButton\"]"}
RESULT: {"using":"xpath","value":"//button[@data-kt=\"addNewRUOverflowToolbarButton\"]"}
COMMAND: POST /session/6d94d18c82106ec19b3d8abef7fd5130/elements - {"using":"xpath","value":"//button[@data-kt=\"addNewRUOverflowToolbarButton\"]"}
RESULT: {"using":"xpath","value":"//button[@data-kt=\"addNewRUOverflowToolbarButton\"]"}
COMMAND: POST /session/6d94d18c82106ec19b3d8abef7fd5130/elements - {"using":"xpath","value":"//button[@data-kt=\"addNewRUOverflowToolbarButton\"]"}
RESULT: {"using":"xpath","value":"//button[@data-kt=\"addNewRUOverflowToolbarButton\"]"}
COMMAND: POST /session/6d94d18c82106ec19b3d8abef7fd5130/elements - {"using":"xpath","value":"//button[@data-kt=\"addNewRUOverflowToolbarButton\"]"}
RESULT: {"using":"xpath","value":"//button[@data-kt=\"addNewRUOverflowToolbarButton\"]"}
COMMAND: POST /session/6d94d18c82106ec19b3d8abef7fd5130/elements - {"using":"xpath","value":"//button[@data-kt=\"addNewRUOverflowToolbarButton\"]"}
RESULT: {"using":"xpath","value":"//button[@data-kt=\"addNewRUOverflowToolbarButton\"]"}
COMMAND: POST /session/6d94d18c82106ec19b3d8abef7fd5130/elements - {"using":"xpath","value":"//button[@data-kt=\"addNewRUOverflowToolbarButton\"]"}
RESULT: {"using":"xpath","value":"//button[@data-kt=\"addNewRUOverflowToolbarButton\"]"}
COMMAND: POST /session/6d94d18c82106ec19b3d8abef7fd5130/elements - {"using":"xpath","value":"//button[@data-kt=\"addNewRUOverflowToolbarButton\"]"}
RESULT: {"using":"xpath","value":"//button[@data-kt=\"addNewRUOverflowToolbarButton\"]"}
COMMAND: POST /session/6d94d18c82106ec19b3d8abef7fd5130/elements - {"using":"xpath","value":"//button[@data-kt=\"addNewRUOverflowToolbarButton\"]"}
RESULT: {"using":"xpath","value":"//button[@data-kt=\"addNewRUOverflowToolbarButton\"]"}
COMMAND: POST /session/6d94d18c82106ec19b3d8abef7fd5130/elements - {"using":"xpath","value":"//button[@data-kt=\"addNewRUOverflowToolbarButton\"]"}
RESULT: {"using":"xpath","value":"//button[@data-kt=\"addNewRUOverflowToolbarButton\"]"}
COMMAND: POST /session/6d94d18c82106ec19b3d8abef7fd5130/elements - {"using":"xpath","value":"//button[@data-kt=\"addNewRUOverflowToolbarButton\"]"}
RESULT: {"using":"xpath","value":"//button[@data-kt=\"addNewRUOverflowToolbarButton\"]"}
COMMAND: POST /session/6d94d18c82106ec19b3d8abef7fd5130/elements - {"using":"xpath","value":"//button[@data-kt=\"addNewRUOverflowToolbarButton\"]"}
RESULT: {"using":"xpath","value":"//button[@data-kt=\"addNewRUOverflowToolbarButton\"]"}
COMMAND: POST /session/6d94d18c82106ec19b3d8abef7fd5130/elements - {"using":"xpath","value":"//button[@data-kt=\"addNewRUOverflowToolbarButton\"]"}
RESULT: {"using":"xpath","value":"//button[@data-kt=\"addNewRUOverflowToolbarButton\"]"}
COMMAND: POST /session/6d94d18c82106ec19b3d8abef7fd5130/elements - {"using":"xpath","value":"//button[@data-kt=\"addNewRUOverflowToolbarButton\"]"}
RESULT: {"using":"xpath","value":"//button[@data-kt=\"addNewRUOverflowToolbarButton\"]"}
COMMAND: POST /session/6d94d18c82106ec19b3d8abef7fd5130/elements - {"using":"xpath","value":"//button[@data-kt=\"addNewRUOverflowToolbarButton\"]"}
RESULT: {"using":"xpath","value":"//button[@data-kt=\"addNewRUOverflowToolbarButton\"]"}
COMMAND: POST /session/6d94d18c82106ec19b3d8abef7fd5130/elements - {"using":"xpath","value":"//button[@data-kt=\"addNewRUOverflowToolbarButton\"]"}
RESULT: {"using":"xpath","value":"//button[@data-kt=\"addNewRUOverflowToolbarButton\"]"}
COMMAND: POST /session/6d94d18c82106ec19b3d8abef7fd5130/elements - {"using":"xpath","value":"//button[@data-kt=\"addNewRUOverflowToolbarButton\"]"}
RESULT: {"using":"xpath","value":"//button[@data-kt=\"addNewRUOverflowToolbarButton\"]"}
COMMAND: POST /session/6d94d18c82106ec19b3d8abef7fd5130/elements - {"using":"xpath","value":"//button[@data-kt=\"addNewRUOverflowToolbarButton\"]"}
RESULT: {"using":"xpath","value":"//button[@data-kt=\"addNewRUOverflowToolbarButton\"]"}
COMMAND: POST /session/6d94d18c82106ec19b3d8abef7fd5130/elements - {"using":"xpath","value":"//button[@data-kt=\"addNewRUOverflowToolbarButton\"]"}
RESULT: {"using":"xpath","value":"//button[@data-kt=\"addNewRUOverflowToolbarButton\"]"}
COMMAND: POST /session/6d94d18c82106ec19b3d8abef7fd5130/elements - {"using":"xpath","value":"//button[@data-kt=\"addNewRUOverflowToolbarButton\"]"}
RESULT: {"using":"xpath","value":"//button[@data-kt=\"addNewRUOverflowToolbarButton\"]"}
COMMAND: POST /session/6d94d18c82106ec19b3d8abef7fd5130/elements - {"using":"xpath","value":"//button[@data-kt=\"addNewRUOverflowToolbarButton\"]"}
RESULT: {"using":"xpath","value":"//button[@data-kt=\"addNewRUOverflowToolbarButton\"]"}
COMMAND: POST /session/6d94d18c82106ec19b3d8abef7fd5130/elements - {"using":"xpath","value":"//button[@data-kt=\"addNewRUOverflowToolbarButton\"]"}
RESULT: {"using":"xpath","value":"//button[@data-kt=\"addNewRUOverflowToolbarButton\"]"}
COMMAND: POST /session/6d94d18c82106ec19b3d8abef7fd5130/elements - {"using":"xpath","value":"//button[@data-kt=\"addNewRUOverflowToolbarButton\"]"}
RESULT: {"using":"xpath","value":"//button[@data-kt=\"addNewRUOverflowToolbarButton\"]"}
COMMAND: POST /session/6d94d18c82106ec19b3d8abef7fd5130/elements - {"using":"xpath","value":"//button[@data-kt=\"addNewRUOverflowToolbarButton\"]"}
RESULT: {"using":"xpath","value":"//button[@data-kt=\"addNewRUOverflowToolbarButton\"]"}
COMMAND: POST /session/6d94d18c82106ec19b3d8abef7fd5130/elements - {"using":"xpath","value":"//button[@data-kt=\"addNewRUOverflowToolbarButton\"]"}
RESULT: {"using":"xpath","value":"//button[@data-kt=\"addNewRUOverflowToolbarButton\"]"}
COMMAND: POST /session/6d94d18c82106ec19b3d8abef7fd5130/elements - {"using":"xpath","value":"//button[@data-kt=\"addNewRUOverflowToolbarButton\"]"}
RESULT: {"using":"xpath","value":"//button[@data-kt=\"addNewRUOverflowToolbarButton\"]"}
COMMAND: POST /session/6d94d18c82106ec19b3d8abef7fd5130/elements - {"using":"xpath","value":"//button[@data-kt=\"addNewRUOverflowToolbarButton\"]"}
RESULT: {"using":"xpath","value":"//button[@data-kt=\"addNewRUOverflowToolbarButton\"]"}
COMMAND: POST /session/6d94d18c82106ec19b3d8abef7fd5130/elements - {"using":"xpath","value":"//button[@data-kt=\"addNewRUOverflowToolbarButton\"]"}
RESULT: {"using":"xpath","value":"//button[@data-kt=\"addNewRUOverflowToolbarButton\"]"}
COMMAND: POST /session/6d94d18c82106ec19b3d8abef7fd5130/elements - {"using":"xpath","value":"//button[@data-kt=\"addNewRUOverflowToolbarButton\"]"}
RESULT: {"using":"xpath","value":"//button[@data-kt=\"addNewRUOverflowToolbarButton\"]"}
COMMAND: POST /session/6d94d18c82106ec19b3d8abef7fd5130/elements - {"using":"xpath","value":"//button[@data-kt=\"addNewRUOverflowToolbarButton\"]"}
RESULT: {"using":"xpath","value":"//button[@data-kt=\"addNewRUOverflowToolbarButton\"]"}
COMMAND: POST /session/6d94d18c82106ec19b3d8abef7fd5130/element - {"using":"xpath","value":"//button[@data-kt=\"addNewRUOverflowToolbarButton\"]"}
RESULT: {"using":"xpath","value":"//button[@data-kt=\"addNewRUOverflowToolbarButton\"]"}
COMMAND: POST /session/6d94d18c82106ec19b3d8abef7fd5130/execute/sync - {"script":"<script> [8489 bytes]","args":[{"element-6066-11e4-a52e-4f735466cecf":"f.C1D3EA7ECBFCC03A372CAA8AC6DB352F.d.35E29B9BB07CBDBCDE9C93808B3E21FB.e.6336","ELEMENT":"f.C1D3EA7ECBFCC03A372CAA8AC6DB352F.d.35E29B9BB07CBDBCDE9C93808B3E21FB.e.6336"}]}
RESULT: {"script":"<script> [8489 bytes]","args":[{"element-6066-11e4-a52e-4f735466cecf":"f.C1D3EA7ECBFCC03A372CAA8AC6DB352F.d.35E29B9BB07CBDBCDE9C93808B3E21FB.e.6336","ELEMENT":"f.C1D3EA7ECBFCC03A372CAA8AC6DB352F.d.35E29B9BB07CBDBCDE9C93808B3E21FB.e.6336"}]}
COMMAND: GET /session/6d94d18c82106ec19b3d8abef7fd5130/element/f.C1D3EA7ECBFCC03A372CAA8AC6DB352F.d.35E29B9BB07CBDBCDE9C93808B3E21FB.e.6336/enabled - {}
COMMAND: GET /session/6d94d18c82106ec19b3d8abef7fd5130/screenshot - {}
RESULT: {}
COMMAND: POST /session/6d94d18c82106ec19b3d8abef7fd5130/execute/sync - {"script":"<script> [8489 bytes]","args":[{"element-6066-11e4-a52e-4f735466cecf":"f.C1D3EA7ECBFCC03A372CAA8AC6DB352F.d.35E29B9BB07CBDBCDE9C93808B3E21FB.e.6336","ELEMENT":"f.C1D3EA7ECBFCC03A372CAA8AC6DB352F.d.35E29B9BB07CBDBCDE9C93808B3E21FB.e.6336"}]}
COMMAND: GET /session/6d94d18c82106ec19b3d8abef7fd5130/screenshot - {}
RESULT: {}
RESULT: {"script":"<script> [8489 bytes]","args":[{"element-6066-11e4-a52e-4f735466cecf":"f.C1D3EA7ECBFCC03A372CAA8AC6DB352F.d.35E29B9BB07CBDBCDE9C93808B3E21FB.e.6336","ELEMENT":"f.C1D3EA7ECBFCC03A372CAA8AC6DB352F.d.35E29B9BB07CBDBCDE9C93808B3E21FB.e.6336"}]}
COMMAND: POST /session/6d94d18c82106ec19b3d8abef7fd5130/execute/sync - {"script":"<script> [5351 bytes]","args":[{"element-6066-11e4-a52e-4f735466cecf":"f.C1D3EA7ECBFCC03A372CAA8AC6DB352F.d.35E29B9BB07CBDBCDE9C93808B3E21FB.e.6336","ELEMENT":"f.C1D3EA7ECBFCC03A372CAA8AC6DB352F.d.35E29B9BB07CBDBCDE9C93808B3E21FB.e.6336"}]}
RESULT: {}
COMMAND: GET /session/6d94d18c82106ec19b3d8abef7fd5130/screenshot - {}
RESULT: {"script":"<script> [5351 bytes]","args":[{"element-6066-11e4-a52e-4f735466cecf":"f.C1D3EA7ECBFCC03A372CAA8AC6DB352F.d.35E29B9BB07CBDBCDE9C93808B3E21FB.e.6336","ELEMENT":"f.C1D3EA7ECBFCC03A372CAA8AC6DB352F.d.35E29B9BB07CBDBCDE9C93808B3E21FB.e.6336"}]}
COMMAND: POST /session/6d94d18c82106ec19b3d8abef7fd5130/element/f.C1D3EA7ECBFCC03A372CAA8AC6DB352F.d.35E29B9BB07CBDBCDE9C93808B3E21FB.e.6336/click - {}
COMMAND: GET /session/6d94d18c82106ec19b3d8abef7fd5130/screenshot - {}
RESULT: {}
RESULT: {}
COMMAND: GET /session/6d94d18c82106ec19b3d8abef7fd5130/screenshot - {}
COMMAND: POST /session/6d94d18c82106ec19b3d8abef7fd5130/execute/async - {"script":"<script> [1562 bytes]","args":[{"selector":{"id":"application-manageresources-display-component---newResourceUnit--TYPE-arrow"},"wdio_ui5_key":"applicationmanageresources-display-component---newResourceUnit--TYPE-arrow"}]}
RESULT: {}
RESULT: {}
RESULT: {"script":"<script> [1562 bytes]","args":[{"selector":{"id":"application-manageresources-display-component---newResourceUnit--TYPE-arrow"},"wdio_ui5_key":"applicationmanageresources-display-component---newResourceUnit--TYPE-arrow"}]}
RESULT: undefined
COMMAND: POST /session/6d94d18c82106ec19b3d8abef7fd5130/element - {"using":"xpath","value":"//*[@id=\"application-manageresources-display-component---newResourceUnit--TYPE-arrow\"]"}
RESULT: {"using":"xpath","value":"//*[@id=\"application-manageresources-display-component---newResourceUnit--TYPE-arrow\"]"}
COMMAND: POST /session/6d94d18c82106ec19b3d8abef7fd5130/element/f.C1D3EA7ECBFCC03A372CAA8AC6DB352F.d.35E29B9BB07CBDBCDE9C93808B3E21FB.e.6701/click - {}
RESULT: {}
COMMAND: POST /session/6d94d18c82106ec19b3d8abef7fd5130/element - {"using":"xpath","value":"//input[@id=\"application-manageresources-display-component---newResourceUnit--TYPE-inner\"]"}
COMMAND: GET /session/6d94d18c82106ec19b3d8abef7fd5130/screenshot - {}
RESULT: {"using":"xpath","value":"//input[@id=\"application-manageresources-display-component---newResourceUnit--TYPE-inner\"]"}
COMMAND: POST /session/6d94d18c82106ec19b3d8abef7fd5130/element/f.C1D3EA7ECBFCC03A372CAA8AC6DB352F.d.35E29B9BB07CBDBCDE9C93808B3E21FB.e.6690/clear - {}
RESULT: {}
RESULT: {}
COMMAND: POST /session/6d94d18c82106ec19b3d8abef7fd5130/element/f.C1D3EA7ECBFCC03A372CAA8AC6DB352F.d.35E29B9BB07CBDBCDE9C93808B3E21FB.e.6690/value - {"text":"Material"}
COMMAND: GET /session/6d94d18c82106ec19b3d8abef7fd5130/screenshot - {}
RESULT: {"text":"Material"}
COMMAND: GET /session/6d94d18c82106ec19b3d8abef7fd5130/screenshot - {}
RESULT: {}
RESULT: {}
COMMAND: POST /session/6d94d18c82106ec19b3d8abef7fd5130/actions - {"actions":[{"id":"action19","type":"key","parameters":{},"actions":[{"type":"keyDown","value":"î€‡"},{"type":"pause","duration":10},{"type":"keyUp","value":"î€‡"}]}]}
RESULT: {"actions":[{"id":"action19","type":"key","parameters":{},"actions":[{"type":"keyDown","value":"î€‡"},{"type":"pause","duration":10},{"type":"keyUp","value":"î€‡"}]}]}
COMMAND: POST /session/6d94d18c82106ec19b3d8abef7fd5130/execute/async - {"script":"<script> [1562 bytes]","args":[{"selector":{"id":"application-manageresources-display-component---newResourceUnit--SHORT_TEXT","interaction":{"idSuffix":"inner"}},"wdio_ui5_key":"applicationmanageresources-display-component---newResourceUnit--SHORT_TEXT"}]}
COMMAND: GET /session/6d94d18c82106ec19b3d8abef7fd5130/screenshot - {}
RESULT: {"script":"<script> [1562 bytes]","args":[{"selector":{"id":"application-manageresources-display-component---newResourceUnit--SHORT_TEXT","interaction":{"idSuffix":"inner"}},"wdio_ui5_key":"applicationmanageresources-display-component---newResourceUnit--SHORT_TEXT"}]}
RESULT: undefined
COMMAND: POST /session/6d94d18c82106ec19b3d8abef7fd5130/execute/async - {"script":"<script> [776 bytes]","args":[{"enterText":"Cement WDIO","selector":{"id":"application-manageresources-display-component---newResourceUnit--SHORT_TEXT","interaction":{"idSuffix":"inner"}},"clearTextFirst":true,"interactionType":"ENTER_TEXT"}]}
RESULT: {}
RESULT: {"script":"<script> [776 bytes]","args":[{"enterText":"Cement WDIO","selector":{"id":"application-manageresources-display-component---newResourceUnit--SHORT_TEXT","interaction":{"idSuffix":"inner"}},"clearTextFirst":true,"interactionType":"ENTER_TEXT"}]}
COMMAND: POST /session/6d94d18c82106ec19b3d8abef7fd5130/execute/async - {"script":"<script> [1562 bytes]","args":[{"selector":{"id":"application-manageresources-display-component---newResourceUnit--BASE_UNIT_OF_MEASURE","interaction":{"idSuffix":"inner"}},"wdio_ui5_key":"applicationmanageresources-display-component---newResourceUnit--BASE_UNIT_OF_MEASURE"}]}
RESULT: {"script":"<script> [1562 bytes]","args":[{"selector":{"id":"application-manageresources-display-component---newResourceUnit--BASE_UNIT_OF_MEASURE","interaction":{"idSuffix":"inner"}},"wdio_ui5_key":"applicationmanageresources-display-component---newResourceUnit--BASE_UNIT_OF_MEASURE"}]}
RESULT: undefined
COMMAND: POST /session/6d94d18c82106ec19b3d8abef7fd5130/execute/async - {"script":"<script> [776 bytes]","args":[{"enterText":"Piece","selector":{"id":"application-manageresources-display-component---newResourceUnit--BASE_UNIT_OF_MEASURE","interaction":{"idSuffix":"inner"}},"clearTextFirst":true,"interactionType":"ENTER_TEXT"}]}
RESULT: {"script":"<script> [776 bytes]","args":[{"enterText":"Piece","selector":{"id":"application-manageresources-display-component---newResourceUnit--BASE_UNIT_OF_MEASURE","interaction":{"idSuffix":"inner"}},"clearTextFirst":true,"interactionType":"ENTER_TEXT"}]}
COMMAND: POST /session/6d94d18c82106ec19b3d8abef7fd5130/execute/async - {"script":"<script> [1562 bytes]","args":[{"selector":{"id":"application-manageresources-display-component---newResourceUnit--WEIGHT_UNIT","interaction":{"idSuffix":"inner"}},"wdio_ui5_key":"applicationmanageresources-display-component---newResourceUnit--WEIGHT_UNIT"}]}
RESULT: {"script":"<script> [1562 bytes]","args":[{"selector":{"id":"application-manageresources-display-component---newResourceUnit--WEIGHT_UNIT","interaction":{"idSuffix":"inner"}},"wdio_ui5_key":"applicationmanageresources-display-component---newResourceUnit--WEIGHT_UNIT"}]}
RESULT: undefined
COMMAND: POST /session/6d94d18c82106ec19b3d8abef7fd5130/execute/async - {"script":"<script> [776 bytes]","args":[{"enterText":"Gram","selector":{"id":"application-manageresources-display-component---newResourceUnit--WEIGHT_UNIT","interaction":{"idSuffix":"inner"}},"clearTextFirst":true,"interactionType":"ENTER_TEXT"}]}
RESULT: {"script":"<script> [776 bytes]","args":[{"enterText":"Gram","selector":{"id":"application-manageresources-display-component---newResourceUnit--WEIGHT_UNIT","interaction":{"idSuffix":"inner"}},"clearTextFirst":true,"interactionType":"ENTER_TEXT"}]}
COMMAND: POST /session/6d94d18c82106ec19b3d8abef7fd5130/execute/async - {"script":"<script> [1562 bytes]","args":[{"selector":{"id":"application-manageresources-display-component---newResourceUnit--DIMENSION_UNIT","interaction":{"idSuffix":"inner"}},"wdio_ui5_key":"applicationmanageresources-display-component---newResourceUnit--DIMENSION_UNIT"}]}
RESULT: {"script":"<script> [1562 bytes]","args":[{"selector":{"id":"application-manageresources-display-component---newResourceUnit--DIMENSION_UNIT","interaction":{"idSuffix":"inner"}},"wdio_ui5_key":"applicationmanageresources-display-component---newResourceUnit--DIMENSION_UNIT"}]}
RESULT: undefined
COMMAND: POST /session/6d94d18c82106ec19b3d8abef7fd5130/execute/async - {"script":"<script> [776 bytes]","args":[{"enterText":"Meter","selector":{"id":"application-manageresources-display-component---newResourceUnit--DIMENSION_UNIT","interaction":{"idSuffix":"inner"}},"clearTextFirst":true,"interactionType":"ENTER_TEXT"}]}
RESULT: {"script":"<script> [776 bytes]","args":[{"enterText":"Meter","selector":{"id":"application-manageresources-display-component---newResourceUnit--DIMENSION_UNIT","interaction":{"idSuffix":"inner"}},"clearTextFirst":true,"interactionType":"ENTER_TEXT"}]}
COMMAND: POST /session/6d94d18c82106ec19b3d8abef7fd5130/execute/async - {"script":"<script> [1562 bytes]","args":[{"selector":{"id":"application-manageresources-display-component---newResourceUnit--newRRUPage-anchBar-application-manageresources-display-component---newResourceUnit--control-anchor","interaction":{"idSuffix":"BDI-content"}},"wdio_ui5_key":"applicationmanageresources-display-component---newResourceUnit--newRRUPage-anchBar-application-manageresources-display-component---newResourceUnit--control-anchor"}]}
RESULT: {"script":"<script> [1562 bytes]","args":[{"selector":{"id":"application-manageresources-display-component---newResourceUnit--newRRUPage-anchBar-application-manageresources-display-component---newResourceUnit--control-anchor","interaction":{"idSuffix":"BDI-content"}},"wdio_ui5_key":"applicationmanageresources-display-component---newResourceUnit--newRRUPage-anchBar-application-manageresources-display-component---newResourceUnit--control-anchor"}]}
RESULT: undefined
COMMAND: POST /session/6d94d18c82106ec19b3d8abef7fd5130/element - {"using":"xpath","value":"//*[@id=\"application-manageresources-display-component---newResourceUnit--newRRUPage-anchBar-application-manageresources-display-component---newResourceUnit--control-anchor\"]"}
RESULT: {"using":"xpath","value":"//*[@id=\"application-manageresources-display-component---newResourceUnit--newRRUPage-anchBar-application-manageresources-display-component---newResourceUnit--control-anchor\"]"}
COMMAND: POST /session/6d94d18c82106ec19b3d8abef7fd5130/element/f.C1D3EA7ECBFCC03A372CAA8AC6DB352F.d.35E29B9BB07CBDBCDE9C93808B3E21FB.e.6768/click - {}
RESULT: {}
COMMAND: POST /session/6d94d18c82106ec19b3d8abef7fd5130/execute/async - {"script":"<script> [1562 bytes]","args":[{"selector":{"id":"application-manageresources-display-component---newResourceUnit--PLANNING_GROUP","interaction":{"idSuffix":"inner"}},"wdio_ui5_key":"applicationmanageresources-display-component---newResourceUnit--PLANNING_GROUP"}]}
COMMAND: GET /session/6d94d18c82106ec19b3d8abef7fd5130/screenshot - {}
RESULT: {"script":"<script> [1562 bytes]","args":[{"selector":{"id":"application-manageresources-display-component---newResourceUnit--PLANNING_GROUP","interaction":{"idSuffix":"inner"}},"wdio_ui5_key":"applicationmanageresources-display-component---newResourceUnit--PLANNING_GROUP"}]}
RESULT: undefined
COMMAND: POST /session/6d94d18c82106ec19b3d8abef7fd5130/execute/async - {"script":"<script> [776 bytes]","args":[{"enterText":"Material","selector":{"id":"application-manageresources-display-component---newResourceUnit--PLANNING_GROUP","interaction":{"idSuffix":"inner"}},"clearTextFirst":true,"interactionType":"ENTER_TEXT"}]}
RESULT: {}
RESULT: {"script":"<script> [776 bytes]","args":[{"enterText":"Material","selector":{"id":"application-manageresources-display-component---newResourceUnit--PLANNING_GROUP","interaction":{"idSuffix":"inner"}},"clearTextFirst":true,"interactionType":"ENTER_TEXT"}]}
COMMAND: POST /session/6d94d18c82106ec19b3d8abef7fd5130/execute/async - {"script":"<script> [1562 bytes]","args":[{"selector":{"id":"application-manageresources-display-component---newResourceUnit--PLANNING_INDICATOR","interaction":{"idSuffix":"inner"}},"wdio_ui5_key":"applicationmanageresources-display-component---newResourceUnit--PLANNING_INDICATOR"}]}
RESULT: {"script":"<script> [1562 bytes]","args":[{"selector":{"id":"application-manageresources-display-component---newResourceUnit--PLANNING_INDICATOR","interaction":{"idSuffix":"inner"}},"wdio_ui5_key":"applicationmanageresources-display-component---newResourceUnit--PLANNING_INDICATOR"}]}
RESULT: undefined
COMMAND: POST /session/6d94d18c82106ec19b3d8abef7fd5130/execute/async - {"script":"<script> [776 bytes]","args":[{"enterText":"10 - infinite","selector":{"id":"application-manageresources-display-component---newResourceUnit--PLANNING_INDICATOR","interaction":{"idSuffix":"inner"}},"clearTextFirst":true,"interactionType":"ENTER_TEXT"}]}
RESULT: {"script":"<script> [776 bytes]","args":[{"enterText":"10 - infinite","selector":{"id":"application-manageresources-display-component---newResourceUnit--PLANNING_INDICATOR","interaction":{"idSuffix":"inner"}},"clearTextFirst":true,"interactionType":"ENTER_TEXT"}]}
COMMAND: POST /session/6d94d18c82106ec19b3d8abef7fd5130/element - {"using":"css selector","value":"#application-manageresources-display-component---newResourceUnit--btnAddTimeSegment"}
RESULT: {"using":"css selector","value":"#application-manageresources-display-component---newResourceUnit--btnAddTimeSegment"}
COMMAND: GET /session/6d94d18c82106ec19b3d8abef7fd5130/element/f.C1D3EA7ECBFCC03A372CAA8AC6DB352F.d.35E29B9BB07CBDBCDE9C93808B3E21FB.e.6776/rect - {}
RESULT: {}
COMMAND: GET /session/6d94d18c82106ec19b3d8abef7fd5130/window/rect - {}
RESULT: {}
COMMAND: POST /session/6d94d18c82106ec19b3d8abef7fd5130/execute/sync - {"script":"<script> [92 bytes]","args":[]}
RESULT: {"script":"<script> [92 bytes]","args":[]}
COMMAND: POST /session/6d94d18c82106ec19b3d8abef7fd5130/actions - {"actions":[{"id":"action20","type":"wheel","parameters":{},"actions":[{"type":"scroll","x":-1888,"y":-32,"deltaX":0,"deltaY":0,"duration":0,"origin":{"element-6066-11e4-a52e-4f735466cecf":"f.C1D3EA7ECBFCC03A372CAA8AC6DB352F.d.35E29B9BB07CBDBCDE9C93808B3E21FB.e.6776"}}]}]}
COMMAND: GET /session/6d94d18c82106ec19b3d8abef7fd5130/screenshot - {}
RESULT: {}
COMMAND: POST /session/6d94d18c82106ec19b3d8abef7fd5130/execute/sync - {"script":"<script> [79 bytes]","args":[{"element-6066-11e4-a52e-4f735466cecf":"f.C1D3EA7ECBFCC03A372CAA8AC6DB352F.d.35E29B9BB07CBDBCDE9C93808B3E21FB.e.6776","ELEMENT":"f.C1D3EA7ECBFCC03A372CAA8AC6DB352F.d.35E29B9BB07CBDBCDE9C93808B3E21FB.e.6776"},{"block":"start","inline":"nearest"}]}
RESULT: {"script":"<script> [79 bytes]","args":[{"element-6066-11e4-a52e-4f735466cecf":"f.C1D3EA7ECBFCC03A372CAA8AC6DB352F.d.35E29B9BB07CBDBCDE9C93808B3E21FB.e.6776","ELEMENT":"f.C1D3EA7ECBFCC03A372CAA8AC6DB352F.d.35E29B9BB07CBDBCDE9C93808B3E21FB.e.6776"},{"block":"start","inline":"nearest"}]}
COMMAND: POST /session/6d94d18c82106ec19b3d8abef7fd5130/execute/async - {"script":"<script> [1562 bytes]","args":[{"selector":{"id":"application-manageresources-display-component---newResourceUnit--btnAddTimeSegment","interaction":{"idSuffix":"inner"}},"wdio_ui5_key":"applicationmanageresources-display-component---newResourceUnit--btnAddTimeSegment"}]}
COMMAND: GET /session/6d94d18c82106ec19b3d8abef7fd5130/screenshot - {}
RESULT: {"script":"<script> [1562 bytes]","args":[{"selector":{"id":"application-manageresources-display-component---newResourceUnit--btnAddTimeSegment","interaction":{"idSuffix":"inner"}},"wdio_ui5_key":"applicationmanageresources-display-component---newResourceUnit--btnAddTimeSegment"}]}
RESULT: undefined
COMMAND: POST /session/6d94d18c82106ec19b3d8abef7fd5130/element - {"using":"xpath","value":"//*[@id=\"application-manageresources-display-component---newResourceUnit--btnAddTimeSegment\"]"}
RESULT: {}
RESULT: {"using":"xpath","value":"//*[@id=\"application-manageresources-display-component---newResourceUnit--btnAddTimeSegment\"]"}
COMMAND: POST /session/6d94d18c82106ec19b3d8abef7fd5130/element/f.C1D3EA7ECBFCC03A372CAA8AC6DB352F.d.35E29B9BB07CBDBCDE9C93808B3E21FB.e.6776/click - {}
RESULT: {}
COMMAND: GET /session/6d94d18c82106ec19b3d8abef7fd5130/screenshot - {}
RESULT: {}
COMMAND: POST /session/6d94d18c82106ec19b3d8abef7fd5130/element - {"using":"xpath","value":"//input[@id=\"application-manageresources-display-component---newResourceUnit--idRuTSAdmin-application-manageresources-display-component---newResourceUnit--RUTimeSegment-0-inner\"]"}
RESULT: {"using":"xpath","value":"//input[@id=\"application-manageresources-display-component---newResourceUnit--idRuTSAdmin-application-manageresources-display-component---newResourceUnit--RUTimeSegment-0-inner\"]"}
COMMAND: POST /session/6d94d18c82106ec19b3d8abef7fd5130/element/f.C1D3EA7ECBFCC03A372CAA8AC6DB352F.d.35E29B9BB07CBDBCDE9C93808B3E21FB.e.6781/clear - {}
RESULT: {}
COMMAND: POST /session/6d94d18c82106ec19b3d8abef7fd5130/element/f.C1D3EA7ECBFCC03A372CAA8AC6DB352F.d.35E29B9BB07CBDBCDE9C93808B3E21FB.e.6781/value - {"text":"411"}
COMMAND: GET /session/6d94d18c82106ec19b3d8abef7fd5130/screenshot - {}
RESULT: {"text":"411"}
COMMAND: GET /session/6d94d18c82106ec19b3d8abef7fd5130/screenshot - {}
RESULT: {}
RESULT: {}
COMMAND: POST /session/6d94d18c82106ec19b3d8abef7fd5130/element - {"using":"xpath","value":"//li[.//span[text()='411']]"}
RESULT: {"using":"xpath","value":"//li[.//span[text()='411']]"}
COMMAND: POST /session/6d94d18c82106ec19b3d8abef7fd5130/element/f.C1D3EA7ECBFCC03A372CAA8AC6DB352F.d.35E29B9BB07CBDBCDE9C93808B3E21FB.e.6790/click - {}
RESULT: {}
COMMAND: GET /session/6d94d18c82106ec19b3d8abef7fd5130/screenshot - {}
RESULT: {}
COMMAND: POST /session/6d94d18c82106ec19b3d8abef7fd5130/element - {"using":"xpath","value":"(//span[contains(@id, \"-application-manageresources-display-component---newResourceUnit--RUTimeSegment-0-arrow\")])[2]"}
RESULT: {"using":"xpath","value":"(//span[contains(@id, \"-application-manageresources-display-component---newResourceUnit--RUTimeSegment-0-arrow\")])[2]"}
COMMAND: POST /session/6d94d18c82106ec19b3d8abef7fd5130/element/f.C1D3EA7ECBFCC03A372CAA8AC6DB352F.d.35E29B9BB07CBDBCDE9C93808B3E21FB.e.6791/click - {}
RESULT: {}
COMMAND: POST /session/6d94d18c82106ec19b3d8abef7fd5130/element - {"using":"xpath","value":"//span[contains(text(), \"PM Order\")]"}
COMMAND: GET /session/6d94d18c82106ec19b3d8abef7fd5130/screenshot - {}
RESULT: {"using":"xpath","value":"//span[contains(text(), \"PM Order\")]"}
COMMAND: POST /session/6d94d18c82106ec19b3d8abef7fd5130/element/f.C1D3EA7ECBFCC03A372CAA8AC6DB352F.d.35E29B9BB07CBDBCDE9C93808B3E21FB.e.6792/click - {}
RESULT: {}
RESULT: {}
COMMAND: GET /session/6d94d18c82106ec19b3d8abef7fd5130/screenshot - {}
RESULT: {}
COMMAND: POST /session/6d94d18c82106ec19b3d8abef7fd5130/element - {"using":"xpath","value":"//td/div/div/div/span[contains(@id, \"newResourceUnit--RUTimeSegment-0-vhi\")][1]"}
RESULT: {"using":"xpath","value":"//td/div/div/div/span[contains(@id, \"newResourceUnit--RUTimeSegment-0-vhi\")][1]"}
COMMAND: GET /session/6d94d18c82106ec19b3d8abef7fd5130/element/f.C1D3EA7ECBFCC03A372CAA8AC6DB352F.d.35E29B9BB07CBDBCDE9C93808B3E21FB.e.6796/rect - {}
RESULT: {}
COMMAND: GET /session/6d94d18c82106ec19b3d8abef7fd5130/window/rect - {}
RESULT: {}
COMMAND: POST /session/6d94d18c82106ec19b3d8abef7fd5130/execute/sync - {"script":"<script> [92 bytes]","args":[]}
RESULT: {"script":"<script> [92 bytes]","args":[]}
COMMAND: POST /session/6d94d18c82106ec19b3d8abef7fd5130/actions - {"actions":[{"id":"action21","type":"wheel","parameters":{},"actions":[{"type":"scroll","x":-1888,"y":-24,"deltaX":0,"deltaY":0,"duration":0,"origin":{"element-6066-11e4-a52e-4f735466cecf":"f.C1D3EA7ECBFCC03A372CAA8AC6DB352F.d.35E29B9BB07CBDBCDE9C93808B3E21FB.e.6796"}}]}]}
COMMAND: GET /session/6d94d18c82106ec19b3d8abef7fd5130/screenshot - {}
RESULT: {}
COMMAND: POST /session/6d94d18c82106ec19b3d8abef7fd5130/execute/sync - {"script":"<script> [79 bytes]","args":[{"element-6066-11e4-a52e-4f735466cecf":"f.C1D3EA7ECBFCC03A372CAA8AC6DB352F.d.35E29B9BB07CBDBCDE9C93808B3E21FB.e.6796","ELEMENT":"f.C1D3EA7ECBFCC03A372CAA8AC6DB352F.d.35E29B9BB07CBDBCDE9C93808B3E21FB.e.6796"},{"block":"start","inline":"nearest"}]}
RESULT: {"script":"<script> [79 bytes]","args":[{"element-6066-11e4-a52e-4f735466cecf":"f.C1D3EA7ECBFCC03A372CAA8AC6DB352F.d.35E29B9BB07CBDBCDE9C93808B3E21FB.e.6796","ELEMENT":"f.C1D3EA7ECBFCC03A372CAA8AC6DB352F.d.35E29B9BB07CBDBCDE9C93808B3E21FB.e.6796"},{"block":"start","inline":"nearest"}]}
COMMAND: GET /session/6d94d18c82106ec19b3d8abef7fd5130/screenshot - {}
RESULT: {}
COMMAND: POST /session/6d94d18c82106ec19b3d8abef7fd5130/element/f.C1D3EA7ECBFCC03A372CAA8AC6DB352F.d.35E29B9BB07CBDBCDE9C93808B3E21FB.e.6796/click - {}
RESULT: {}
COMMAND: GET /session/6d94d18c82106ec19b3d8abef7fd5130/screenshot - {}
RESULT: {}
COMMAND: POST /session/6d94d18c82106ec19b3d8abef7fd5130/execute/async - {"script":"<script> [1562 bytes]","args":[{"selector":{"controlType":"sap.m.SearchField","properties":{"placeholder":"Search"},"searchOpenDialogs":true,"interaction":{"idSuffix":"I"}},"wdio_ui5_key":"sapm.SearchField{\"placeholder\":\"Search\"}"}]}
RESULT: {"script":"<script> [1562 bytes]","args":[{"selector":{"controlType":"sap.m.SearchField","properties":{"placeholder":"Search"},"searchOpenDialogs":true,"interaction":{"idSuffix":"I"}},"wdio_ui5_key":"sapm.SearchField{\"placeholder\":\"Search\"}"}]}
RESULT: undefined
COMMAND: POST /session/6d94d18c82106ec19b3d8abef7fd5130/execute/async - {"script":"<script> [776 bytes]","args":[{"enterText":"4000360","selector":{"controlType":"sap.m.SearchField","properties":{"placeholder":"Search"},"searchOpenDialogs":true,"interaction":{"idSuffix":"I"}},"clearTextFirst":true,"interactionType":"ENTER_TEXT"}]}
RESULT: {"script":"<script> [776 bytes]","args":[{"enterText":"4000360","selector":{"controlType":"sap.m.SearchField","properties":{"placeholder":"Search"},"searchOpenDialogs":true,"interaction":{"idSuffix":"I"}},"clearTextFirst":true,"interactionType":"ENTER_TEXT"}]}
COMMAND: POST /session/6d94d18c82106ec19b3d8abef7fd5130/actions - {"actions":[{"id":"action22","type":"key","parameters":{},"actions":[{"type":"keyDown","value":"î€‡"},{"type":"pause","duration":10},{"type":"keyUp","value":"î€‡"}]}]}
RESULT: {"actions":[{"id":"action22","type":"key","parameters":{},"actions":[{"type":"keyDown","value":"î€‡"},{"type":"pause","duration":10},{"type":"keyUp","value":"î€‡"}]}]}
COMMAND: GET /session/6d94d18c82106ec19b3d8abef7fd5130/screenshot - {}
RESULT: {}
COMMAND: POST /session/6d94d18c82106ec19b3d8abef7fd5130/element - {"using":"xpath","value":"//td/div/span[contains(text(), \"BGL Vehicles\")]"}
RESULT: {"using":"xpath","value":"//td/div/span[contains(text(), \"BGL Vehicles\")]"}
COMMAND: POST /session/6d94d18c82106ec19b3d8abef7fd5130/element/f.C1D3EA7ECBFCC03A372CAA8AC6DB352F.d.35E29B9BB07CBDBCDE9C93808B3E21FB.e.6818/click - {}
RESULT: {}
COMMAND: GET /session/6d94d18c82106ec19b3d8abef7fd5130/screenshot - {}
RESULT: {}
COMMAND: POST /session/6d94d18c82106ec19b3d8abef7fd5130/element - {"using":"xpath","value":"//bdi[contains(text(), \"OK\")]"}
RESULT: {"using":"xpath","value":"//bdi[contains(text(), \"OK\")]"}
COMMAND: POST /session/6d94d18c82106ec19b3d8abef7fd5130/element/f.C1D3EA7ECBFCC03A372CAA8AC6DB352F.d.35E29B9BB07CBDBCDE9C93808B3E21FB.e.6819/click - {}
RESULT: {}
COMMAND: GET /session/6d94d18c82106ec19b3d8abef7fd5130/screenshot - {}
RESULT: {}
COMMAND: POST /session/6d94d18c82106ec19b3d8abef7fd5130/element - {"using":"xpath","value":"//button[@data-kt=\"resourceUnitSaveButton\"]"}
RESULT: {"using":"xpath","value":"//button[@data-kt=\"resourceUnitSaveButton\"]"}
COMMAND: POST /session/6d94d18c82106ec19b3d8abef7fd5130/element/f.C1D3EA7ECBFCC03A372CAA8AC6DB352F.d.35E29B9BB07CBDBCDE9C93808B3E21FB.e.6718/click - {}
RESULT: {}
COMMAND: GET /session/6d94d18c82106ec19b3d8abef7fd5130/screenshot - {}
RESULT: {}
COMMAND: POST /session/6d94d18c82106ec19b3d8abef7fd5130/element - {"using":"xpath","value":"//bdi[contains(text(), \"Close\")]"}
RESULT: {"using":"xpath","value":"//bdi[contains(text(), \"Close\")]"}
COMMAND: POST /session/6d94d18c82106ec19b3d8abef7fd5130/element/f.C1D3EA7ECBFCC03A372CAA8AC6DB352F.d.35E29B9BB07CBDBCDE9C93808B3E21FB.e.6825/click - {}
RESULT: {}
COMMAND: GET /session/6d94d18c82106ec19b3d8abef7fd5130/screenshot - {}
RESULT: {}
COMMAND: POST /session/6d94d18c82106ec19b3d8abef7fd5130/element - {"using":"xpath","value":"//header[contains(@id, 'detailRruPage-headerTitle')]/div[1]/div[2]/div[2]/span[1]"}
RESULT: {"using":"xpath","value":"//header[contains(@id, 'detailRruPage-headerTitle')]/div[1]/div[2]/div[2]/span[1]"}
COMMAND: POST /session/6d94d18c82106ec19b3d8abef7fd5130/elements - {"using":"xpath","value":"//header[contains(@id, 'detailRruPage-headerTitle')]/div[1]/div[2]/div[2]/span[1]"}
RESULT: {"using":"xpath","value":"//header[contains(@id, 'detailRruPage-headerTitle')]/div[1]/div[2]/div[2]/span[1]"}
COMMAND: POST /session/6d94d18c82106ec19b3d8abef7fd5130/execute/sync - {"script":"<script> [56 bytes]","args":[{"element-6066-11e4-a52e-4f735466cecf":"f.C1D3EA7ECBFCC03A372CAA8AC6DB352F.d.35E29B9BB07CBDBCDE9C93808B3E21FB.e.6857","ELEMENT":"f.C1D3EA7ECBFCC03A372CAA8AC6DB352F.d.35E29B9BB07CBDBCDE9C93808B3E21FB.e.6857"}]}
RESULT: {"script":"<script> [56 bytes]","args":[{"element-6066-11e4-a52e-4f735466cecf":"f.C1D3EA7ECBFCC03A372CAA8AC6DB352F.d.35E29B9BB07CBDBCDE9C93808B3E21FB.e.6857","ELEMENT":"f.C1D3EA7ECBFCC03A372CAA8AC6DB352F.d.35E29B9BB07CBDBCDE9C93808B3E21FB.e.6857"}]}
]]></system-out>
    </testcase>
    <testcase classname="chrome.135_0_7049_96.windows.US134625_Set_up_price_condition_-_one_time" name="Should create new pricing rule one time" time="61.158">
      <system-out><![CDATA[
COMMAND: GET /session/6d94d18c82106ec19b3d8abef7fd5130/screenshot - {}
COMMAND: POST /session/6d94d18c82106ec19b3d8abef7fd5130/element - {"using":"xpath","value":"(//button[contains(@id ,\"actionsToolbar-overflowButton\")])[1]"}
RESULT: {}
RESULT: {"using":"xpath","value":"(//button[contains(@id ,\"actionsToolbar-overflowButton\")])[1]"}
COMMAND: POST /session/6d94d18c82106ec19b3d8abef7fd5130/element/f.C1D3EA7ECBFCC03A372CAA8AC6DB352F.d.35E29B9BB07CBDBCDE9C93808B3E21FB.e.6860/click - {}
RESULT: {}
COMMAND: GET /session/6d94d18c82106ec19b3d8abef7fd5130/screenshot - {}
RESULT: {}
COMMAND: POST /session/6d94d18c82106ec19b3d8abef7fd5130/element - {"using":"xpath","value":"//button[@data-kt=\"priceInfoButton\"]"}
RESULT: {"using":"xpath","value":"//button[@data-kt=\"priceInfoButton\"]"}
COMMAND: POST /session/6d94d18c82106ec19b3d8abef7fd5130/element/f.C1D3EA7ECBFCC03A372CAA8AC6DB352F.d.35E29B9BB07CBDBCDE9C93808B3E21FB.e.6862/click - {}
RESULT: {}
COMMAND: GET /session/6d94d18c82106ec19b3d8abef7fd5130/screenshot - {}
RESULT: {}
COMMAND: POST /session/6d94d18c82106ec19b3d8abef7fd5130/element - {"using":"xpath","value":"//button[@data-kt=\"addButton\"]"}
RESULT: {"using":"xpath","value":"//button[@data-kt=\"addButton\"]"}
COMMAND: POST /session/6d94d18c82106ec19b3d8abef7fd5130/elements - {"using":"xpath","value":"//button[@data-kt=\"addButton\"]"}
RESULT: {"using":"xpath","value":"//button[@data-kt=\"addButton\"]"}
COMMAND: POST /session/6d94d18c82106ec19b3d8abef7fd5130/elements - {"using":"xpath","value":"//button[@data-kt=\"addButton\"]"}
RESULT: {"using":"xpath","value":"//button[@data-kt=\"addButton\"]"}
COMMAND: POST /session/6d94d18c82106ec19b3d8abef7fd5130/element - {"using":"xpath","value":"//button[@data-kt=\"addButton\"]"}
RESULT: {"using":"xpath","value":"//button[@data-kt=\"addButton\"]"}
COMMAND: POST /session/6d94d18c82106ec19b3d8abef7fd5130/execute/sync - {"script":"<script> [8489 bytes]","args":[{"element-6066-11e4-a52e-4f735466cecf":"f.C1D3EA7ECBFCC03A372CAA8AC6DB352F.d.35E29B9BB07CBDBCDE9C93808B3E21FB.e.6898","ELEMENT":"f.C1D3EA7ECBFCC03A372CAA8AC6DB352F.d.35E29B9BB07CBDBCDE9C93808B3E21FB.e.6898"}]}
RESULT: {"script":"<script> [8489 bytes]","args":[{"element-6066-11e4-a52e-4f735466cecf":"f.C1D3EA7ECBFCC03A372CAA8AC6DB352F.d.35E29B9BB07CBDBCDE9C93808B3E21FB.e.6898","ELEMENT":"f.C1D3EA7ECBFCC03A372CAA8AC6DB352F.d.35E29B9BB07CBDBCDE9C93808B3E21FB.e.6898"}]}
COMMAND: GET /session/6d94d18c82106ec19b3d8abef7fd5130/element/f.C1D3EA7ECBFCC03A372CAA8AC6DB352F.d.35E29B9BB07CBDBCDE9C93808B3E21FB.e.6898/enabled - {}
COMMAND: GET /session/6d94d18c82106ec19b3d8abef7fd5130/screenshot - {}
RESULT: {}
COMMAND: POST /session/6d94d18c82106ec19b3d8abef7fd5130/execute/sync - {"script":"<script> [8489 bytes]","args":[{"element-6066-11e4-a52e-4f735466cecf":"f.C1D3EA7ECBFCC03A372CAA8AC6DB352F.d.35E29B9BB07CBDBCDE9C93808B3E21FB.e.6898","ELEMENT":"f.C1D3EA7ECBFCC03A372CAA8AC6DB352F.d.35E29B9BB07CBDBCDE9C93808B3E21FB.e.6898"}]}
COMMAND: GET /session/6d94d18c82106ec19b3d8abef7fd5130/screenshot - {}
RESULT: {}
RESULT: {"script":"<script> [8489 bytes]","args":[{"element-6066-11e4-a52e-4f735466cecf":"f.C1D3EA7ECBFCC03A372CAA8AC6DB352F.d.35E29B9BB07CBDBCDE9C93808B3E21FB.e.6898","ELEMENT":"f.C1D3EA7ECBFCC03A372CAA8AC6DB352F.d.35E29B9BB07CBDBCDE9C93808B3E21FB.e.6898"}]}
COMMAND: POST /session/6d94d18c82106ec19b3d8abef7fd5130/execute/sync - {"script":"<script> [5351 bytes]","args":[{"element-6066-11e4-a52e-4f735466cecf":"f.C1D3EA7ECBFCC03A372CAA8AC6DB352F.d.35E29B9BB07CBDBCDE9C93808B3E21FB.e.6898","ELEMENT":"f.C1D3EA7ECBFCC03A372CAA8AC6DB352F.d.35E29B9BB07CBDBCDE9C93808B3E21FB.e.6898"}]}
COMMAND: GET /session/6d94d18c82106ec19b3d8abef7fd5130/screenshot - {}
RESULT: {}
RESULT: {"script":"<script> [5351 bytes]","args":[{"element-6066-11e4-a52e-4f735466cecf":"f.C1D3EA7ECBFCC03A372CAA8AC6DB352F.d.35E29B9BB07CBDBCDE9C93808B3E21FB.e.6898","ELEMENT":"f.C1D3EA7ECBFCC03A372CAA8AC6DB352F.d.35E29B9BB07CBDBCDE9C93808B3E21FB.e.6898"}]}
COMMAND: POST /session/6d94d18c82106ec19b3d8abef7fd5130/element/f.C1D3EA7ECBFCC03A372CAA8AC6DB352F.d.35E29B9BB07CBDBCDE9C93808B3E21FB.e.6898/click - {}
COMMAND: GET /session/6d94d18c82106ec19b3d8abef7fd5130/screenshot - {}
RESULT: {}
RESULT: {}
COMMAND: GET /session/6d94d18c82106ec19b3d8abef7fd5130/screenshot - {}
RESULT: {}
RESULT: {}
COMMAND: POST /session/6d94d18c82106ec19b3d8abef7fd5130/execute/async - {"script":"<script> [1562 bytes]","args":[{"selector":{"controlType":"sap.m.Title","viewName":"etm.portal.ui.managepricingrules.view.NewItem","viewId":"application-managepricingrules-display-component---newInfoPriceItem","properties":{"text":"New Pricing Rules - Item Level"}},"wdio_ui5_key":"etmportal.ui.managepricingrules.view.NewItemsap.m.Title{\"text\":\"New Pricing Rules - Item Level\"}"}]}
RESULT: {"script":"<script> [1562 bytes]","args":[{"selector":{"controlType":"sap.m.Title","viewName":"etm.portal.ui.managepricingrules.view.NewItem","viewId":"application-managepricingrules-display-component---newInfoPriceItem","properties":{"text":"New Pricing Rules - Item Level"}},"wdio_ui5_key":"etmportal.ui.managepricingrules.view.NewItemsap.m.Title{\"text\":\"New Pricing Rules - Item Level\"}"}]}
RESULT: undefined
COMMAND: POST /session/6d94d18c82106ec19b3d8abef7fd5130/execute/async - {"script":"<script> [6424 bytes]","args":[{"element-6066-11e4-a52e-4f735466cecf":"f.C1D3EA7ECBFCC03A372CAA8AC6DB352F.d.35E29B9BB07CBDBCDE9C93808B3E21FB.e.7070"},"getText",[]]}
RESULT: {"script":"<script> [6424 bytes]","args":[{"element-6066-11e4-a52e-4f735466cecf":"f.C1D3EA7ECBFCC03A372CAA8AC6DB352F.d.35E29B9BB07CBDBCDE9C93808B3E21FB.e.7070"},"getText",[]]}
COMMAND: POST /session/6d94d18c82106ec19b3d8abef7fd5130/execute/async - {"script":"<script> [1562 bytes]","args":[{"selector":{"id":"application-managepricingrules-display-component---newInfoPriceItem--condValidTo","interaction":{"idSuffix":"inner"}},"wdio_ui5_key":"applicationmanagepricingrules-display-component---newInfoPriceItem--condValidTo"}]}
RESULT: {"script":"<script> [1562 bytes]","args":[{"selector":{"id":"application-managepricingrules-display-component---newInfoPriceItem--condValidTo","interaction":{"idSuffix":"inner"}},"wdio_ui5_key":"applicationmanagepricingrules-display-component---newInfoPriceItem--condValidTo"}]}
RESULT: undefined
COMMAND: POST /session/6d94d18c82106ec19b3d8abef7fd5130/execute/async - {"script":"<script> [776 bytes]","args":[{"enterText":"12/29/25","selector":{"id":"application-managepricingrules-display-component---newInfoPriceItem--condValidTo","interaction":{"idSuffix":"inner"}},"clearTextFirst":true,"interactionType":"ENTER_TEXT"}]}
RESULT: {"script":"<script> [776 bytes]","args":[{"enterText":"12/29/25","selector":{"id":"application-managepricingrules-display-component---newInfoPriceItem--condValidTo","interaction":{"idSuffix":"inner"}},"clearTextFirst":true,"interactionType":"ENTER_TEXT"}]}
COMMAND: POST /session/6d94d18c82106ec19b3d8abef7fd5130/execute/async - {"script":"<script> [1562 bytes]","args":[{"selector":{"id":"application-managepricingrules-display-component---newInfoPriceItem--billType-arrow"},"wdio_ui5_key":"applicationmanagepricingrules-display-component---newInfoPriceItem--billType-arrow"}]}
RESULT: {"script":"<script> [1562 bytes]","args":[{"selector":{"id":"application-managepricingrules-display-component---newInfoPriceItem--billType-arrow"},"wdio_ui5_key":"applicationmanagepricingrules-display-component---newInfoPriceItem--billType-arrow"}]}
RESULT: undefined
COMMAND: POST /session/6d94d18c82106ec19b3d8abef7fd5130/element - {"using":"xpath","value":"//*[@id=\"application-managepricingrules-display-component---newInfoPriceItem--billType-arrow\"]"}
RESULT: {"using":"xpath","value":"//*[@id=\"application-managepricingrules-display-component---newInfoPriceItem--billType-arrow\"]"}
COMMAND: POST /session/6d94d18c82106ec19b3d8abef7fd5130/element/f.C1D3EA7ECBFCC03A372CAA8AC6DB352F.d.35E29B9BB07CBDBCDE9C93808B3E21FB.e.7030/click - {}
RESULT: {}
COMMAND: POST /session/6d94d18c82106ec19b3d8abef7fd5130/element - {"using":"xpath","value":"//span[contains(text(), \"OT - Sales (one-time)\")]"}
COMMAND: GET /session/6d94d18c82106ec19b3d8abef7fd5130/screenshot - {}
RESULT: {"using":"xpath","value":"//span[contains(text(), \"OT - Sales (one-time)\")]"}
COMMAND: POST /session/6d94d18c82106ec19b3d8abef7fd5130/element/f.C1D3EA7ECBFCC03A372CAA8AC6DB352F.d.35E29B9BB07CBDBCDE9C93808B3E21FB.e.7072/click - {}
RESULT: {}
RESULT: {}
COMMAND: POST /session/6d94d18c82106ec19b3d8abef7fd5130/execute/async - {"script":"<script> [1562 bytes]","args":[{"selector":{"id":"application-managepricingrules-display-component---newInfoPriceItem--priceProc-arrow"},"wdio_ui5_key":"applicationmanagepricingrules-display-component---newInfoPriceItem--priceProc-arrow"}]}
COMMAND: GET /session/6d94d18c82106ec19b3d8abef7fd5130/screenshot - {}
RESULT: {"script":"<script> [1562 bytes]","args":[{"selector":{"id":"application-managepricingrules-display-component---newInfoPriceItem--priceProc-arrow"},"wdio_ui5_key":"applicationmanagepricingrules-display-component---newInfoPriceItem--priceProc-arrow"}]}
RESULT: undefined
COMMAND: POST /session/6d94d18c82106ec19b3d8abef7fd5130/element - {"using":"xpath","value":"//*[@id=\"application-managepricingrules-display-component---newInfoPriceItem--priceProc-arrow\"]"}
RESULT: {}
RESULT: {"using":"xpath","value":"//*[@id=\"application-managepricingrules-display-component---newInfoPriceItem--priceProc-arrow\"]"}
COMMAND: POST /session/6d94d18c82106ec19b3d8abef7fd5130/element/f.C1D3EA7ECBFCC03A372CAA8AC6DB352F.d.35E29B9BB07CBDBCDE9C93808B3E21FB.e.7037/click - {}
RESULT: {}
COMMAND: POST /session/6d94d18c82106ec19b3d8abef7fd5130/element - {"using":"xpath","value":"//span[contains(text(), \"MAT - Material\")]"}
COMMAND: GET /session/6d94d18c82106ec19b3d8abef7fd5130/screenshot - {}
RESULT: {"using":"xpath","value":"//span[contains(text(), \"MAT - Material\")]"}
COMMAND: POST /session/6d94d18c82106ec19b3d8abef7fd5130/element/f.C1D3EA7ECBFCC03A372CAA8AC6DB352F.d.35E29B9BB07CBDBCDE9C93808B3E21FB.e.7073/click - {}
RESULT: {}
RESULT: {}
COMMAND: POST /session/6d94d18c82106ec19b3d8abef7fd5130/execute/async - {"script":"<script> [1562 bytes]","args":[{"selector":{"id":"application-managepricingrules-display-component---newInfoPriceItem--calcBase-arrow"},"wdio_ui5_key":"applicationmanagepricingrules-display-component---newInfoPriceItem--calcBase-arrow"}]}
COMMAND: GET /session/6d94d18c82106ec19b3d8abef7fd5130/screenshot - {}
RESULT: {"script":"<script> [1562 bytes]","args":[{"selector":{"id":"application-managepricingrules-display-component---newInfoPriceItem--calcBase-arrow"},"wdio_ui5_key":"applicationmanagepricingrules-display-component---newInfoPriceItem--calcBase-arrow"}]}
RESULT: undefined
COMMAND: POST /session/6d94d18c82106ec19b3d8abef7fd5130/element - {"using":"xpath","value":"//*[@id=\"application-managepricingrules-display-component---newInfoPriceItem--calcBase-arrow\"]"}
RESULT: {}
RESULT: {"using":"xpath","value":"//*[@id=\"application-managepricingrules-display-component---newInfoPriceItem--calcBase-arrow\"]"}
COMMAND: POST /session/6d94d18c82106ec19b3d8abef7fd5130/element/f.C1D3EA7ECBFCC03A372CAA8AC6DB352F.d.35E29B9BB07CBDBCDE9C93808B3E21FB.e.7044/click - {}
RESULT: {}
COMMAND: GET /session/6d94d18c82106ec19b3d8abef7fd5130/screenshot - {}
RESULT: {}
COMMAND: POST /session/6d94d18c82106ec19b3d8abef7fd5130/element - {"using":"xpath","value":"//span[contains(text(), \"0001 - TB(exact month + cal_days)\")]"}
RESULT: {"using":"xpath","value":"//span[contains(text(), \"0001 - TB(exact month + cal_days)\")]"}
COMMAND: POST /session/6d94d18c82106ec19b3d8abef7fd5130/element/f.C1D3EA7ECBFCC03A372CAA8AC6DB352F.d.35E29B9BB07CBDBCDE9C93808B3E21FB.e.7074/click - {}
RESULT: {}
COMMAND: GET /session/6d94d18c82106ec19b3d8abef7fd5130/screenshot - {}
RESULT: {}
COMMAND: POST /session/6d94d18c82106ec19b3d8abef7fd5130/element - {"using":"xpath","value":"//button[@data-kt=\"saveNewRuleButton\"]"}
RESULT: {"using":"xpath","value":"//button[@data-kt=\"saveNewRuleButton\"]"}
COMMAND: POST /session/6d94d18c82106ec19b3d8abef7fd5130/element/f.C1D3EA7ECBFCC03A372CAA8AC6DB352F.d.35E29B9BB07CBDBCDE9C93808B3E21FB.e.7064/click - {}
RESULT: {}
COMMAND: GET /session/6d94d18c82106ec19b3d8abef7fd5130/screenshot - {}
RESULT: {}
COMMAND: POST /session/6d94d18c82106ec19b3d8abef7fd5130/execute/async - {"script":"<script> [1562 bytes]","args":[{"selector":{"id":"application-managepricingrules-display-component---priceInfoItem--smartFilterBar-btnBasicSearch","interaction":{"idSuffix":"I"}},"wdio_ui5_key":"applicationmanagepricingrules-display-component---priceInfoItem--smartFilterBar-btnBasicSearch"}]}
RESULT: {"script":"<script> [1562 bytes]","args":[{"selector":{"id":"application-managepricingrules-display-component---priceInfoItem--smartFilterBar-btnBasicSearch","interaction":{"idSuffix":"I"}},"wdio_ui5_key":"applicationmanagepricingrules-display-component---priceInfoItem--smartFilterBar-btnBasicSearch"}]}
RESULT: undefined
COMMAND: POST /session/6d94d18c82106ec19b3d8abef7fd5130/execute/async - {"script":"<script> [776 bytes]","args":[{"enterText":"200202","selector":{"id":"application-managepricingrules-display-component---priceInfoItem--smartFilterBar-btnBasicSearch","interaction":{"idSuffix":"I"}},"clearTextFirst":true,"interactionType":"ENTER_TEXT"}]}
RESULT: {"script":"<script> [776 bytes]","args":[{"enterText":"200202","selector":{"id":"application-managepricingrules-display-component---priceInfoItem--smartFilterBar-btnBasicSearch","interaction":{"idSuffix":"I"}},"clearTextFirst":true,"interactionType":"ENTER_TEXT"}]}
COMMAND: POST /session/6d94d18c82106ec19b3d8abef7fd5130/actions - {"actions":[{"id":"action23","type":"key","parameters":{},"actions":[{"type":"keyDown","value":"î€‡"},{"type":"pause","duration":10},{"type":"keyUp","value":"î€‡"}]}]}
RESULT: {"actions":[{"id":"action23","type":"key","parameters":{},"actions":[{"type":"keyDown","value":"î€‡"},{"type":"pause","duration":10},{"type":"keyUp","value":"î€‡"}]}]}
COMMAND: GET /session/6d94d18c82106ec19b3d8abef7fd5130/screenshot - {}
RESULT: {}
COMMAND: POST /session/6d94d18c82106ec19b3d8abef7fd5130/element - {"using":"xpath","value":"//span[@id=\"application-managepricingrules-display-component---priceInfoItem--smartTable-header-inner\"]"}
RESULT: {"using":"xpath","value":"//span[@id=\"application-managepricingrules-display-component---priceInfoItem--smartTable-header-inner\"]"}
COMMAND: POST /session/6d94d18c82106ec19b3d8abef7fd5130/elements - {"using":"xpath","value":"//span[@id=\"application-managepricingrules-display-component---priceInfoItem--smartTable-header-inner\"]"}
RESULT: {"using":"xpath","value":"//span[@id=\"application-managepricingrules-display-component---priceInfoItem--smartTable-header-inner\"]"}
COMMAND: POST /session/6d94d18c82106ec19b3d8abef7fd5130/execute/sync - {"script":"<script> [56 bytes]","args":[{"element-6066-11e4-a52e-4f735466cecf":"f.C1D3EA7ECBFCC03A372CAA8AC6DB352F.d.35E29B9BB07CBDBCDE9C93808B3E21FB.e.7087","ELEMENT":"f.C1D3EA7ECBFCC03A372CAA8AC6DB352F.d.35E29B9BB07CBDBCDE9C93808B3E21FB.e.7087"}]}
RESULT: {"script":"<script> [56 bytes]","args":[{"element-6066-11e4-a52e-4f735466cecf":"f.C1D3EA7ECBFCC03A372CAA8AC6DB352F.d.35E29B9BB07CBDBCDE9C93808B3E21FB.e.7087","ELEMENT":"f.C1D3EA7ECBFCC03A372CAA8AC6DB352F.d.35E29B9BB07CBDBCDE9C93808B3E21FB.e.7087"}]}
COMMAND: POST /session/6d94d18c82106ec19b3d8abef7fd5130/element - {"using":"css selector","value":"#shell-header-logo"}
COMMAND: GET /session/6d94d18c82106ec19b3d8abef7fd5130/screenshot - {}
RESULT: {"using":"css selector","value":"#shell-header-logo"}
COMMAND: POST /session/6d94d18c82106ec19b3d8abef7fd5130/element/f.C1D3EA7ECBFCC03A372CAA8AC6DB352F.d.35E29B9BB07CBDBCDE9C93808B3E21FB.e.6306/click - {}
RESULT: {}
RESULT: {}
COMMAND: GET /session/6d94d18c82106ec19b3d8abef7fd5130/screenshot - {}
RESULT: {}
]]></system-out>
    </testcase>
    <testcase classname="chrome.135_0_7049_96.windows.US134625_Set_up_price_condition_-_one_time" name="Should create new condition one time" time="68.633">
      <system-out><![CDATA[
COMMAND: POST /session/6d94d18c82106ec19b3d8abef7fd5130/execute/async - {"script":"<script> [1562 bytes]","args":[{"selector":{"controlType":"sap.m.Text","properties":{"text":"Manage Conditions & Prices"},"interaction":{"idSuffix":"inner"}},"wdio_ui5_key":"sapm.Text{\"text\":\"Manage Conditions & Prices\"}"}]}
RESULT: {"script":"<script> [1562 bytes]","args":[{"selector":{"controlType":"sap.m.Text","properties":{"text":"Manage Conditions & Prices"},"interaction":{"idSuffix":"inner"}},"wdio_ui5_key":"sapm.Text{\"text\":\"Manage Conditions & Prices\"}"}]}
RESULT: undefined
COMMAND: POST /session/6d94d18c82106ec19b3d8abef7fd5130/element - {"using":"xpath","value":"//*[@id=\"__tile53-title\"]"}
RESULT: {"using":"xpath","value":"//*[@id=\"__tile53-title\"]"}
COMMAND: POST /session/6d94d18c82106ec19b3d8abef7fd5130/element/f.C1D3EA7ECBFCC03A372CAA8AC6DB352F.d.35E29B9BB07CBDBCDE9C93808B3E21FB.e.7090/click - {}
RESULT: {}
COMMAND: POST /session/6d94d18c82106ec19b3d8abef7fd5130/element - {"using":"xpath","value":"//button[@aria-label=\"Create\"]"}
COMMAND: GET /session/6d94d18c82106ec19b3d8abef7fd5130/screenshot - {}
RESULT: {"using":"xpath","value":"//button[@aria-label=\"Create\"]"}
COMMAND: POST /session/6d94d18c82106ec19b3d8abef7fd5130/elements - {"using":"xpath","value":"//button[@aria-label=\"Create\"]"}
RESULT: {}
RESULT: {"using":"xpath","value":"//button[@aria-label=\"Create\"]"}
COMMAND: POST /session/6d94d18c82106ec19b3d8abef7fd5130/elements - {"using":"xpath","value":"//button[@aria-label=\"Create\"]"}
RESULT: {"using":"xpath","value":"//button[@aria-label=\"Create\"]"}
COMMAND: POST /session/6d94d18c82106ec19b3d8abef7fd5130/elements - {"using":"xpath","value":"//button[@aria-label=\"Create\"]"}
RESULT: {"using":"xpath","value":"//button[@aria-label=\"Create\"]"}
COMMAND: POST /session/6d94d18c82106ec19b3d8abef7fd5130/elements - {"using":"xpath","value":"//button[@aria-label=\"Create\"]"}
RESULT: {"using":"xpath","value":"//button[@aria-label=\"Create\"]"}
COMMAND: POST /session/6d94d18c82106ec19b3d8abef7fd5130/elements - {"using":"xpath","value":"//button[@aria-label=\"Create\"]"}
RESULT: {"using":"xpath","value":"//button[@aria-label=\"Create\"]"}
COMMAND: POST /session/6d94d18c82106ec19b3d8abef7fd5130/elements - {"using":"xpath","value":"//button[@aria-label=\"Create\"]"}
RESULT: {"using":"xpath","value":"//button[@aria-label=\"Create\"]"}
COMMAND: POST /session/6d94d18c82106ec19b3d8abef7fd5130/elements - {"using":"xpath","value":"//button[@aria-label=\"Create\"]"}
RESULT: {"using":"xpath","value":"//button[@aria-label=\"Create\"]"}
COMMAND: POST /session/6d94d18c82106ec19b3d8abef7fd5130/elements - {"using":"xpath","value":"//button[@aria-label=\"Create\"]"}
RESULT: {"using":"xpath","value":"//button[@aria-label=\"Create\"]"}
COMMAND: POST /session/6d94d18c82106ec19b3d8abef7fd5130/elements - {"using":"xpath","value":"//button[@aria-label=\"Create\"]"}
RESULT: {"using":"xpath","value":"//button[@aria-label=\"Create\"]"}
COMMAND: POST /session/6d94d18c82106ec19b3d8abef7fd5130/elements - {"using":"xpath","value":"//button[@aria-label=\"Create\"]"}
RESULT: {"using":"xpath","value":"//button[@aria-label=\"Create\"]"}
COMMAND: POST /session/6d94d18c82106ec19b3d8abef7fd5130/elements - {"using":"xpath","value":"//button[@aria-label=\"Create\"]"}
RESULT: {"using":"xpath","value":"//button[@aria-label=\"Create\"]"}
COMMAND: POST /session/6d94d18c82106ec19b3d8abef7fd5130/elements - {"using":"xpath","value":"//button[@aria-label=\"Create\"]"}
RESULT: {"using":"xpath","value":"//button[@aria-label=\"Create\"]"}
COMMAND: POST /session/6d94d18c82106ec19b3d8abef7fd5130/elements - {"using":"xpath","value":"//button[@aria-label=\"Create\"]"}
RESULT: {"using":"xpath","value":"//button[@aria-label=\"Create\"]"}
COMMAND: POST /session/6d94d18c82106ec19b3d8abef7fd5130/elements - {"using":"xpath","value":"//button[@aria-label=\"Create\"]"}
RESULT: {"using":"xpath","value":"//button[@aria-label=\"Create\"]"}
COMMAND: POST /session/6d94d18c82106ec19b3d8abef7fd5130/elements - {"using":"xpath","value":"//button[@aria-label=\"Create\"]"}
RESULT: {"using":"xpath","value":"//button[@aria-label=\"Create\"]"}
COMMAND: POST /session/6d94d18c82106ec19b3d8abef7fd5130/elements - {"using":"xpath","value":"//button[@aria-label=\"Create\"]"}
RESULT: {"using":"xpath","value":"//button[@aria-label=\"Create\"]"}
COMMAND: POST /session/6d94d18c82106ec19b3d8abef7fd5130/elements - {"using":"xpath","value":"//button[@aria-label=\"Create\"]"}
RESULT: {"using":"xpath","value":"//button[@aria-label=\"Create\"]"}
COMMAND: POST /session/6d94d18c82106ec19b3d8abef7fd5130/elements - {"using":"xpath","value":"//button[@aria-label=\"Create\"]"}
RESULT: {"using":"xpath","value":"//button[@aria-label=\"Create\"]"}
COMMAND: POST /session/6d94d18c82106ec19b3d8abef7fd5130/elements - {"using":"xpath","value":"//button[@aria-label=\"Create\"]"}
RESULT: {"using":"xpath","value":"//button[@aria-label=\"Create\"]"}
COMMAND: POST /session/6d94d18c82106ec19b3d8abef7fd5130/element - {"using":"xpath","value":"//button[@aria-label=\"Create\"]"}
RESULT: {"using":"xpath","value":"//button[@aria-label=\"Create\"]"}
COMMAND: POST /session/6d94d18c82106ec19b3d8abef7fd5130/execute/sync - {"script":"<script> [8489 bytes]","args":[{"element-6066-11e4-a52e-4f735466cecf":"f.C1D3EA7ECBFCC03A372CAA8AC6DB352F.d.35E29B9BB07CBDBCDE9C93808B3E21FB.e.7124","ELEMENT":"f.C1D3EA7ECBFCC03A372CAA8AC6DB352F.d.35E29B9BB07CBDBCDE9C93808B3E21FB.e.7124"}]}
RESULT: {"script":"<script> [8489 bytes]","args":[{"element-6066-11e4-a52e-4f735466cecf":"f.C1D3EA7ECBFCC03A372CAA8AC6DB352F.d.35E29B9BB07CBDBCDE9C93808B3E21FB.e.7124","ELEMENT":"f.C1D3EA7ECBFCC03A372CAA8AC6DB352F.d.35E29B9BB07CBDBCDE9C93808B3E21FB.e.7124"}]}
COMMAND: GET /session/6d94d18c82106ec19b3d8abef7fd5130/element/f.C1D3EA7ECBFCC03A372CAA8AC6DB352F.d.35E29B9BB07CBDBCDE9C93808B3E21FB.e.7124/enabled - {}
COMMAND: GET /session/6d94d18c82106ec19b3d8abef7fd5130/screenshot - {}
RESULT: {}
COMMAND: POST /session/6d94d18c82106ec19b3d8abef7fd5130/execute/sync - {"script":"<script> [8489 bytes]","args":[{"element-6066-11e4-a52e-4f735466cecf":"f.C1D3EA7ECBFCC03A372CAA8AC6DB352F.d.35E29B9BB07CBDBCDE9C93808B3E21FB.e.7124","ELEMENT":"f.C1D3EA7ECBFCC03A372CAA8AC6DB352F.d.35E29B9BB07CBDBCDE9C93808B3E21FB.e.7124"}]}
COMMAND: GET /session/6d94d18c82106ec19b3d8abef7fd5130/screenshot - {}
RESULT: {}
RESULT: {"script":"<script> [8489 bytes]","args":[{"element-6066-11e4-a52e-4f735466cecf":"f.C1D3EA7ECBFCC03A372CAA8AC6DB352F.d.35E29B9BB07CBDBCDE9C93808B3E21FB.e.7124","ELEMENT":"f.C1D3EA7ECBFCC03A372CAA8AC6DB352F.d.35E29B9BB07CBDBCDE9C93808B3E21FB.e.7124"}]}
COMMAND: POST /session/6d94d18c82106ec19b3d8abef7fd5130/execute/sync - {"script":"<script> [5351 bytes]","args":[{"element-6066-11e4-a52e-4f735466cecf":"f.C1D3EA7ECBFCC03A372CAA8AC6DB352F.d.35E29B9BB07CBDBCDE9C93808B3E21FB.e.7124","ELEMENT":"f.C1D3EA7ECBFCC03A372CAA8AC6DB352F.d.35E29B9BB07CBDBCDE9C93808B3E21FB.e.7124"}]}
COMMAND: GET /session/6d94d18c82106ec19b3d8abef7fd5130/screenshot - {}
RESULT: {}
RESULT: {"script":"<script> [5351 bytes]","args":[{"element-6066-11e4-a52e-4f735466cecf":"f.C1D3EA7ECBFCC03A372CAA8AC6DB352F.d.35E29B9BB07CBDBCDE9C93808B3E21FB.e.7124","ELEMENT":"f.C1D3EA7ECBFCC03A372CAA8AC6DB352F.d.35E29B9BB07CBDBCDE9C93808B3E21FB.e.7124"}]}
COMMAND: POST /session/6d94d18c82106ec19b3d8abef7fd5130/element/f.C1D3EA7ECBFCC03A372CAA8AC6DB352F.d.35E29B9BB07CBDBCDE9C93808B3E21FB.e.7124/click - {}
COMMAND: GET /session/6d94d18c82106ec19b3d8abef7fd5130/screenshot - {}
RESULT: {}
RESULT: {}
COMMAND: GET /session/6d94d18c82106ec19b3d8abef7fd5130/screenshot - {}
RESULT: {}
RESULT: {}
COMMAND: POST /session/6d94d18c82106ec19b3d8abef7fd5130/actions - {"actions":[{"id":"action24","type":"key","parameters":{},"actions":[{"type":"keyDown","value":"î€‡"},{"type":"pause","duration":10},{"type":"keyUp","value":"î€‡"}]}]}
RESULT: {"actions":[{"id":"action24","type":"key","parameters":{},"actions":[{"type":"keyDown","value":"î€‡"},{"type":"pause","duration":10},{"type":"keyUp","value":"î€‡"}]}]}
COMMAND: GET /session/6d94d18c82106ec19b3d8abef7fd5130/screenshot - {}
RESULT: {}
COMMAND: POST /session/6d94d18c82106ec19b3d8abef7fd5130/execute/async - {"script":"<script> [1562 bytes]","args":[{"selector":{"id":"application-manageconditionprice-display-component---newCondition--condBillCond-arrow"},"wdio_ui5_key":"applicationmanageconditionprice-display-component---newCondition--condBillCond-arrow"}]}
RESULT: {"script":"<script> [1562 bytes]","args":[{"selector":{"id":"application-manageconditionprice-display-component---newCondition--condBillCond-arrow"},"wdio_ui5_key":"applicationmanageconditionprice-display-component---newCondition--condBillCond-arrow"}]}
RESULT: undefined
COMMAND: POST /session/6d94d18c82106ec19b3d8abef7fd5130/element - {"using":"xpath","value":"//*[@id=\"application-manageconditionprice-display-component---newCondition--condBillCond-arrow\"]"}
RESULT: {"using":"xpath","value":"//*[@id=\"application-manageconditionprice-display-component---newCondition--condBillCond-arrow\"]"}
COMMAND: POST /session/6d94d18c82106ec19b3d8abef7fd5130/element/f.C1D3EA7ECBFCC03A372CAA8AC6DB352F.d.35E29B9BB07CBDBCDE9C93808B3E21FB.e.7301/click - {}
RESULT: {}
COMMAND: GET /session/6d94d18c82106ec19b3d8abef7fd5130/screenshot - {}
RESULT: {}
COMMAND: POST /session/6d94d18c82106ec19b3d8abef7fd5130/element - {"using":"xpath","value":"//li[.//span[contains(text(), \"SAPR - Sales price\")]]"}
RESULT: {"using":"xpath","value":"//li[.//span[contains(text(), \"SAPR - Sales price\")]]"}
COMMAND: POST /session/6d94d18c82106ec19b3d8abef7fd5130/element/f.C1D3EA7ECBFCC03A372CAA8AC6DB352F.d.35E29B9BB07CBDBCDE9C93808B3E21FB.e.7304/click - {}
RESULT: {}
COMMAND: GET /session/6d94d18c82106ec19b3d8abef7fd5130/screenshot - {}
RESULT: {}
COMMAND: POST /session/6d94d18c82106ec19b3d8abef7fd5130/execute/async - {"script":"<script> [1562 bytes]","args":[{"selector":{"id":"application-manageconditionprice-display-component---newCondition--condValidTo","interaction":{"idSuffix":"inner"}},"wdio_ui5_key":"applicationmanageconditionprice-display-component---newCondition--condValidTo"}]}
RESULT: {"script":"<script> [1562 bytes]","args":[{"selector":{"id":"application-manageconditionprice-display-component---newCondition--condValidTo","interaction":{"idSuffix":"inner"}},"wdio_ui5_key":"applicationmanageconditionprice-display-component---newCondition--condValidTo"}]}
RESULT: undefined
COMMAND: POST /session/6d94d18c82106ec19b3d8abef7fd5130/execute/async - {"script":"<script> [776 bytes]","args":[{"enterText":"12/29/25","selector":{"id":"application-manageconditionprice-display-component---newCondition--condValidTo","interaction":{"idSuffix":"inner"}},"clearTextFirst":true,"interactionType":"ENTER_TEXT"}]}
RESULT: {"script":"<script> [776 bytes]","args":[{"enterText":"12/29/25","selector":{"id":"application-manageconditionprice-display-component---newCondition--condValidTo","interaction":{"idSuffix":"inner"}},"clearTextFirst":true,"interactionType":"ENTER_TEXT"}]}
COMMAND: POST /session/6d94d18c82106ec19b3d8abef7fd5130/element - {"using":"xpath","value":"//input[@id=\"application-manageconditionprice-display-component---newCondition--condRU-inner\"]"}
RESULT: {"using":"xpath","value":"//input[@id=\"application-manageconditionprice-display-component---newCondition--condRU-inner\"]"}
COMMAND: POST /session/6d94d18c82106ec19b3d8abef7fd5130/element/f.C1D3EA7ECBFCC03A372CAA8AC6DB352F.d.35E29B9BB07CBDBCDE9C93808B3E21FB.e.7166/clear - {}
RESULT: {}
COMMAND: POST /session/6d94d18c82106ec19b3d8abef7fd5130/element/f.C1D3EA7ECBFCC03A372CAA8AC6DB352F.d.35E29B9BB07CBDBCDE9C93808B3E21FB.e.7166/value - {"text":"200202"}
COMMAND: GET /session/6d94d18c82106ec19b3d8abef7fd5130/screenshot - {}
RESULT: {}
RESULT: {"text":"200202"}
COMMAND: GET /session/6d94d18c82106ec19b3d8abef7fd5130/screenshot - {}
RESULT: {}
COMMAND: POST /session/6d94d18c82106ec19b3d8abef7fd5130/actions - {"actions":[{"id":"action25","type":"key","parameters":{},"actions":[{"type":"keyDown","value":"î€‡"},{"type":"pause","duration":10},{"type":"keyUp","value":"î€‡"}]}]}
RESULT: {"actions":[{"id":"action25","type":"key","parameters":{},"actions":[{"type":"keyDown","value":"î€‡"},{"type":"pause","duration":10},{"type":"keyUp","value":"î€‡"}]}]}
COMMAND: POST /session/6d94d18c82106ec19b3d8abef7fd5130/execute/async - {"script":"<script> [1562 bytes]","args":[{"selector":{"id":"application-manageconditionprice-display-component---newCondition--condBaseQty","interaction":{"idSuffix":"inner"}},"wdio_ui5_key":"applicationmanageconditionprice-display-component---newCondition--condBaseQty"}]}
COMMAND: GET /session/6d94d18c82106ec19b3d8abef7fd5130/screenshot - {}
RESULT: {"script":"<script> [1562 bytes]","args":[{"selector":{"id":"application-manageconditionprice-display-component---newCondition--condBaseQty","interaction":{"idSuffix":"inner"}},"wdio_ui5_key":"applicationmanageconditionprice-display-component---newCondition--condBaseQty"}]}
RESULT: undefined
COMMAND: POST /session/6d94d18c82106ec19b3d8abef7fd5130/execute/async - {"script":"<script> [776 bytes]","args":[{"enterText":"1","selector":{"id":"application-manageconditionprice-display-component---newCondition--condBaseQty","interaction":{"idSuffix":"inner"}},"clearTextFirst":true,"interactionType":"ENTER_TEXT"}]}
RESULT: {}
RESULT: {"script":"<script> [776 bytes]","args":[{"enterText":"1","selector":{"id":"application-manageconditionprice-display-component---newCondition--condBaseQty","interaction":{"idSuffix":"inner"}},"clearTextFirst":true,"interactionType":"ENTER_TEXT"}]}
COMMAND: POST /session/6d94d18c82106ec19b3d8abef7fd5130/execute/async - {"script":"<script> [1562 bytes]","args":[{"selector":{"id":"application-manageconditionprice-display-component---newCondition--condValue","interaction":{"idSuffix":"inner"}},"wdio_ui5_key":"applicationmanageconditionprice-display-component---newCondition--condValue"}]}
RESULT: {"script":"<script> [1562 bytes]","args":[{"selector":{"id":"application-manageconditionprice-display-component---newCondition--condValue","interaction":{"idSuffix":"inner"}},"wdio_ui5_key":"applicationmanageconditionprice-display-component---newCondition--condValue"}]}
RESULT: undefined
COMMAND: POST /session/6d94d18c82106ec19b3d8abef7fd5130/execute/async - {"script":"<script> [776 bytes]","args":[{"enterText":"100.00","selector":{"id":"application-manageconditionprice-display-component---newCondition--condValue","interaction":{"idSuffix":"inner"}},"clearTextFirst":true,"interactionType":"ENTER_TEXT"}]}
RESULT: {"script":"<script> [776 bytes]","args":[{"enterText":"100.00","selector":{"id":"application-manageconditionprice-display-component---newCondition--condValue","interaction":{"idSuffix":"inner"}},"clearTextFirst":true,"interactionType":"ENTER_TEXT"}]}
COMMAND: POST /session/6d94d18c82106ec19b3d8abef7fd5130/execute/async - {"script":"<script> [1562 bytes]","args":[{"selector":{"id":"application-manageconditionprice-display-component---newCondition--condCurr-arrow"},"wdio_ui5_key":"applicationmanageconditionprice-display-component---newCondition--condCurr-arrow"}]}
RESULT: {"script":"<script> [1562 bytes]","args":[{"selector":{"id":"application-manageconditionprice-display-component---newCondition--condCurr-arrow"},"wdio_ui5_key":"applicationmanageconditionprice-display-component---newCondition--condCurr-arrow"}]}
RESULT: undefined
COMMAND: POST /session/6d94d18c82106ec19b3d8abef7fd5130/element - {"using":"xpath","value":"//*[@id=\"application-manageconditionprice-display-component---newCondition--condCurr-arrow\"]"}
RESULT: {"using":"xpath","value":"//*[@id=\"application-manageconditionprice-display-component---newCondition--condCurr-arrow\"]"}
COMMAND: POST /session/6d94d18c82106ec19b3d8abef7fd5130/element/f.C1D3EA7ECBFCC03A372CAA8AC6DB352F.d.35E29B9BB07CBDBCDE9C93808B3E21FB.e.7285/click - {}
RESULT: {}
COMMAND: POST /session/6d94d18c82106ec19b3d8abef7fd5130/element - {"using":"xpath","value":"//span[contains(text(), \"Euro\")]"}
COMMAND: GET /session/6d94d18c82106ec19b3d8abef7fd5130/screenshot - {}
RESULT: {"using":"xpath","value":"//span[contains(text(), \"Euro\")]"}
COMMAND: POST /session/6d94d18c82106ec19b3d8abef7fd5130/element/f.C1D3EA7ECBFCC03A372CAA8AC6DB352F.d.35E29B9BB07CBDBCDE9C93808B3E21FB.e.7342/click - {}
RESULT: {}
RESULT: {}
COMMAND: POST /session/6d94d18c82106ec19b3d8abef7fd5130/element - {"using":"xpath","value":"//button[@data-kt=\"saveButton\"]"}
COMMAND: GET /session/6d94d18c82106ec19b3d8abef7fd5130/screenshot - {}
RESULT: {"using":"xpath","value":"//button[@data-kt=\"saveButton\"]"}
COMMAND: POST /session/6d94d18c82106ec19b3d8abef7fd5130/element/f.C1D3EA7ECBFCC03A372CAA8AC6DB352F.d.35E29B9BB07CBDBCDE9C93808B3E21FB.e.7286/click - {}
RESULT: {}
RESULT: {}
COMMAND: GET /session/6d94d18c82106ec19b3d8abef7fd5130/screenshot - {}
RESULT: {}
COMMAND: POST /session/6d94d18c82106ec19b3d8abef7fd5130/execute/async - {"script":"<script> [1562 bytes]","args":[{"selector":{"id":"application-manageconditionprice-display-component---conditions--smartFilterBar-btnBasicSearch","interaction":{"idSuffix":"I"}},"wdio_ui5_key":"applicationmanageconditionprice-display-component---conditions--smartFilterBar-btnBasicSearch"}]}
RESULT: {"script":"<script> [1562 bytes]","args":[{"selector":{"id":"application-manageconditionprice-display-component---conditions--smartFilterBar-btnBasicSearch","interaction":{"idSuffix":"I"}},"wdio_ui5_key":"applicationmanageconditionprice-display-component---conditions--smartFilterBar-btnBasicSearch"}]}
RESULT: undefined
COMMAND: POST /session/6d94d18c82106ec19b3d8abef7fd5130/execute/async - {"script":"<script> [776 bytes]","args":[{"enterText":"200202","selector":{"id":"application-manageconditionprice-display-component---conditions--smartFilterBar-btnBasicSearch","interaction":{"idSuffix":"I"}},"clearTextFirst":true,"interactionType":"ENTER_TEXT"}]}
RESULT: {"script":"<script> [776 bytes]","args":[{"enterText":"200202","selector":{"id":"application-manageconditionprice-display-component---conditions--smartFilterBar-btnBasicSearch","interaction":{"idSuffix":"I"}},"clearTextFirst":true,"interactionType":"ENTER_TEXT"}]}
COMMAND: POST /session/6d94d18c82106ec19b3d8abef7fd5130/actions - {"actions":[{"id":"action26","type":"key","parameters":{},"actions":[{"type":"keyDown","value":"î€‡"},{"type":"pause","duration":10},{"type":"keyUp","value":"î€‡"}]}]}
RESULT: {"actions":[{"id":"action26","type":"key","parameters":{},"actions":[{"type":"keyDown","value":"î€‡"},{"type":"pause","duration":10},{"type":"keyUp","value":"î€‡"}]}]}
COMMAND: GET /session/6d94d18c82106ec19b3d8abef7fd5130/screenshot - {}
RESULT: {}
COMMAND: POST /session/6d94d18c82106ec19b3d8abef7fd5130/execute/async - {"script":"<script> [1562 bytes]","args":[{"selector":{"id":"application-manageconditionprice-display-component---conditions--smartFilterBar-filterItemControl_BASIC-BILL_TYPES-vhi"},"wdio_ui5_key":"applicationmanageconditionprice-display-component---conditions--smartFilterBar-filterItemControl_BASIC-BILL_TYPES-vhi"}]}
RESULT: {"script":"<script> [1562 bytes]","args":[{"selector":{"id":"application-manageconditionprice-display-component---conditions--smartFilterBar-filterItemControl_BASIC-BILL_TYPES-vhi"},"wdio_ui5_key":"applicationmanageconditionprice-display-component---conditions--smartFilterBar-filterItemControl_BASIC-BILL_TYPES-vhi"}]}
RESULT: undefined
COMMAND: POST /session/6d94d18c82106ec19b3d8abef7fd5130/element - {"using":"xpath","value":"//*[@id=\"application-manageconditionprice-display-component---conditions--smartFilterBar-filterItemControl_BASIC-BILL_TYPES-vhi\"]"}
RESULT: {"using":"xpath","value":"//*[@id=\"application-manageconditionprice-display-component---conditions--smartFilterBar-filterItemControl_BASIC-BILL_TYPES-vhi\"]"}
COMMAND: POST /session/6d94d18c82106ec19b3d8abef7fd5130/element/f.C1D3EA7ECBFCC03A372CAA8AC6DB352F.d.35E29B9BB07CBDBCDE9C93808B3E21FB.e.7358/click - {}
RESULT: {}
COMMAND: POST /session/6d94d18c82106ec19b3d8abef7fd5130/execute/async - {"script":"<script> [1562 bytes]","args":[{"selector":{"id":"application-manageconditionprice-display-component---conditions--smartFilterBar-filterItemControl_BASIC-BILL_TYPES-valueHelpDialog-smartFilterBar-btnBasicSearch","searchOpenDialogs":true,"interaction":{"idSuffix":"I"}},"wdio_ui5_key":"applicationmanageconditionprice-display-component---conditions--smartFilterBar-filterItemControl_BASIC-BILL_TYPES-valueHelpDialog-smartFilterBar-btnBasicSearch"}]}
COMMAND: GET /session/6d94d18c82106ec19b3d8abef7fd5130/screenshot - {}
RESULT: {"script":"<script> [1562 bytes]","args":[{"selector":{"id":"application-manageconditionprice-display-component---conditions--smartFilterBar-filterItemControl_BASIC-BILL_TYPES-valueHelpDialog-smartFilterBar-btnBasicSearch","searchOpenDialogs":true,"interaction":{"idSuffix":"I"}},"wdio_ui5_key":"applicationmanageconditionprice-display-component---conditions--smartFilterBar-filterItemControl_BASIC-BILL_TYPES-valueHelpDialog-smartFilterBar-btnBasicSearch"}]}
RESULT: undefined
COMMAND: POST /session/6d94d18c82106ec19b3d8abef7fd5130/execute/async - {"script":"<script> [776 bytes]","args":[{"enterText":"one","selector":{"id":"application-manageconditionprice-display-component---conditions--smartFilterBar-filterItemControl_BASIC-BILL_TYPES-valueHelpDialog-smartFilterBar-btnBasicSearch","searchOpenDialogs":true,"interaction":{"idSuffix":"I"}},"clearTextFirst":true,"interactionType":"ENTER_TEXT"}]}
RESULT: {}
RESULT: {"script":"<script> [776 bytes]","args":[{"enterText":"one","selector":{"id":"application-manageconditionprice-display-component---conditions--smartFilterBar-filterItemControl_BASIC-BILL_TYPES-valueHelpDialog-smartFilterBar-btnBasicSearch","searchOpenDialogs":true,"interaction":{"idSuffix":"I"}},"clearTextFirst":true,"interactionType":"ENTER_TEXT"}]}
COMMAND: POST /session/6d94d18c82106ec19b3d8abef7fd5130/actions - {"actions":[{"id":"action27","type":"key","parameters":{},"actions":[{"type":"keyDown","value":"î€‡"},{"type":"pause","duration":10},{"type":"keyUp","value":"î€‡"}]}]}
RESULT: {"actions":[{"id":"action27","type":"key","parameters":{},"actions":[{"type":"keyDown","value":"î€‡"},{"type":"pause","duration":10},{"type":"keyUp","value":"î€‡"}]}]}
COMMAND: GET /session/6d94d18c82106ec19b3d8abef7fd5130/screenshot - {}
RESULT: {}
COMMAND: POST /session/6d94d18c82106ec19b3d8abef7fd5130/element - {"using":"xpath","value":"//div[contains(@id, 'application-manageconditionprice-display-component---conditions--smartFilterBar-filterItemControl_BASIC-BILL_TYPES-valueHelpDialog-table-rowsel0')]"}
RESULT: {"using":"xpath","value":"//div[contains(@id, 'application-manageconditionprice-display-component---conditions--smartFilterBar-filterItemControl_BASIC-BILL_TYPES-valueHelpDialog-table-rowsel0')]"}
COMMAND: POST /session/6d94d18c82106ec19b3d8abef7fd5130/element/f.C1D3EA7ECBFCC03A372CAA8AC6DB352F.d.35E29B9BB07CBDBCDE9C93808B3E21FB.e.7367/click - {}
RESULT: {}
COMMAND: GET /session/6d94d18c82106ec19b3d8abef7fd5130/screenshot - {}
RESULT: {}
COMMAND: POST /session/6d94d18c82106ec19b3d8abef7fd5130/element - {"using":"xpath","value":"//bdi[contains(text(), \"OK\")]"}
RESULT: {"using":"xpath","value":"//bdi[contains(text(), \"OK\")]"}
COMMAND: POST /session/6d94d18c82106ec19b3d8abef7fd5130/element/f.C1D3EA7ECBFCC03A372CAA8AC6DB352F.d.35E29B9BB07CBDBCDE9C93808B3E21FB.e.7369/click - {}
RESULT: {}
COMMAND: GET /session/6d94d18c82106ec19b3d8abef7fd5130/screenshot - {}
RESULT: {}
COMMAND: POST /session/6d94d18c82106ec19b3d8abef7fd5130/element - {"using":"xpath","value":"//span[@id=\"application-manageconditionprice-display-component---conditions--smartTable-header-inner\"]"}
RESULT: {"using":"xpath","value":"//span[@id=\"application-manageconditionprice-display-component---conditions--smartTable-header-inner\"]"}
COMMAND: POST /session/6d94d18c82106ec19b3d8abef7fd5130/elements - {"using":"xpath","value":"//span[@id=\"application-manageconditionprice-display-component---conditions--smartTable-header-inner\"]"}
RESULT: {"using":"xpath","value":"//span[@id=\"application-manageconditionprice-display-component---conditions--smartTable-header-inner\"]"}
COMMAND: POST /session/6d94d18c82106ec19b3d8abef7fd5130/execute/sync - {"script":"<script> [56 bytes]","args":[{"element-6066-11e4-a52e-4f735466cecf":"f.C1D3EA7ECBFCC03A372CAA8AC6DB352F.d.35E29B9BB07CBDBCDE9C93808B3E21FB.e.7372","ELEMENT":"f.C1D3EA7ECBFCC03A372CAA8AC6DB352F.d.35E29B9BB07CBDBCDE9C93808B3E21FB.e.7372"}]}
RESULT: {"script":"<script> [56 bytes]","args":[{"element-6066-11e4-a52e-4f735466cecf":"f.C1D3EA7ECBFCC03A372CAA8AC6DB352F.d.35E29B9BB07CBDBCDE9C93808B3E21FB.e.7372","ELEMENT":"f.C1D3EA7ECBFCC03A372CAA8AC6DB352F.d.35E29B9BB07CBDBCDE9C93808B3E21FB.e.7372"}]}
COMMAND: POST /session/6d94d18c82106ec19b3d8abef7fd5130/element - {"using":"css selector","value":"#shell-header-logo"}
COMMAND: GET /session/6d94d18c82106ec19b3d8abef7fd5130/screenshot - {}
RESULT: {"using":"css selector","value":"#shell-header-logo"}
COMMAND: POST /session/6d94d18c82106ec19b3d8abef7fd5130/element/f.C1D3EA7ECBFCC03A372CAA8AC6DB352F.d.35E29B9BB07CBDBCDE9C93808B3E21FB.e.7092/click - {}
RESULT: {}
RESULT: {}
COMMAND: GET /session/6d94d18c82106ec19b3d8abef7fd5130/screenshot - {}
RESULT: {}
]]></system-out>
    </testcase>
    <testcase classname="chrome.135_0_7049_96.windows.US134625_Set_up_price_condition_-_one_time" name="Should create a new contract" time="61.95">
      <system-out><![CDATA[
COMMAND: POST /session/6d94d18c82106ec19b3d8abef7fd5130/execute/async - {"script":"<script> [1562 bytes]","args":[{"selector":{"controlType":"sap.m.Text","viewName":"etm.portal.ui.managecontractstile.view.Master","properties":{"text":"Manage Contracts"},"interaction":{"idSuffix":"inner"}},"wdio_ui5_key":"etmportal.ui.managecontractstile.view.Mastersap.m.Text{\"text\":\"Manage Contracts\"}"}]}
RESULT: {"script":"<script> [1562 bytes]","args":[{"selector":{"controlType":"sap.m.Text","viewName":"etm.portal.ui.managecontractstile.view.Master","properties":{"text":"Manage Contracts"},"interaction":{"idSuffix":"inner"}},"wdio_ui5_key":"etmportal.ui.managecontractstile.view.Mastersap.m.Text{\"text\":\"Manage Contracts\"}"}]}
RESULT: undefined
COMMAND: POST /session/6d94d18c82106ec19b3d8abef7fd5130/element - {"using":"xpath","value":"//*[@id=\"__tile130-title\"]"}
RESULT: {"using":"xpath","value":"//*[@id=\"__tile130-title\"]"}
COMMAND: POST /session/6d94d18c82106ec19b3d8abef7fd5130/element/f.C1D3EA7ECBFCC03A372CAA8AC6DB352F.d.35E29B9BB07CBDBCDE9C93808B3E21FB.e.7377/click - {}
RESULT: {}
COMMAND: GET /session/6d94d18c82106ec19b3d8abef7fd5130/screenshot - {}
RESULT: {}
COMMAND: POST /session/6d94d18c82106ec19b3d8abef7fd5130/element - {"using":"xpath","value":"//button[@data-kt=\"addButton\"]"}
RESULT: {"using":"xpath","value":"//button[@data-kt=\"addButton\"]"}
COMMAND: POST /session/6d94d18c82106ec19b3d8abef7fd5130/elements - {"using":"xpath","value":"//button[@data-kt=\"addButton\"]"}
RESULT: {"using":"xpath","value":"//button[@data-kt=\"addButton\"]"}
COMMAND: POST /session/6d94d18c82106ec19b3d8abef7fd5130/elements - {"using":"xpath","value":"//button[@data-kt=\"addButton\"]"}
RESULT: {"using":"xpath","value":"//button[@data-kt=\"addButton\"]"}
COMMAND: POST /session/6d94d18c82106ec19b3d8abef7fd5130/elements - {"using":"xpath","value":"//button[@data-kt=\"addButton\"]"}
RESULT: {"using":"xpath","value":"//button[@data-kt=\"addButton\"]"}
COMMAND: POST /session/6d94d18c82106ec19b3d8abef7fd5130/elements - {"using":"xpath","value":"//button[@data-kt=\"addButton\"]"}
RESULT: {"using":"xpath","value":"//button[@data-kt=\"addButton\"]"}
COMMAND: POST /session/6d94d18c82106ec19b3d8abef7fd5130/element - {"using":"xpath","value":"//button[@data-kt=\"addButton\"]"}
RESULT: {"using":"xpath","value":"//button[@data-kt=\"addButton\"]"}
COMMAND: POST /session/6d94d18c82106ec19b3d8abef7fd5130/execute/sync - {"script":"<script> [8489 bytes]","args":[{"element-6066-11e4-a52e-4f735466cecf":"f.C1D3EA7ECBFCC03A372CAA8AC6DB352F.d.35E29B9BB07CBDBCDE9C93808B3E21FB.e.7419","ELEMENT":"f.C1D3EA7ECBFCC03A372CAA8AC6DB352F.d.35E29B9BB07CBDBCDE9C93808B3E21FB.e.7419"}]}
RESULT: {"script":"<script> [8489 bytes]","args":[{"element-6066-11e4-a52e-4f735466cecf":"f.C1D3EA7ECBFCC03A372CAA8AC6DB352F.d.35E29B9BB07CBDBCDE9C93808B3E21FB.e.7419","ELEMENT":"f.C1D3EA7ECBFCC03A372CAA8AC6DB352F.d.35E29B9BB07CBDBCDE9C93808B3E21FB.e.7419"}]}
COMMAND: GET /session/6d94d18c82106ec19b3d8abef7fd5130/element/f.C1D3EA7ECBFCC03A372CAA8AC6DB352F.d.35E29B9BB07CBDBCDE9C93808B3E21FB.e.7419/enabled - {}
COMMAND: GET /session/6d94d18c82106ec19b3d8abef7fd5130/screenshot - {}
RESULT: {}
COMMAND: POST /session/6d94d18c82106ec19b3d8abef7fd5130/execute/sync - {"script":"<script> [8489 bytes]","args":[{"element-6066-11e4-a52e-4f735466cecf":"f.C1D3EA7ECBFCC03A372CAA8AC6DB352F.d.35E29B9BB07CBDBCDE9C93808B3E21FB.e.7419","ELEMENT":"f.C1D3EA7ECBFCC03A372CAA8AC6DB352F.d.35E29B9BB07CBDBCDE9C93808B3E21FB.e.7419"}]}
COMMAND: GET /session/6d94d18c82106ec19b3d8abef7fd5130/screenshot - {}
RESULT: {}
RESULT: {"script":"<script> [8489 bytes]","args":[{"element-6066-11e4-a52e-4f735466cecf":"f.C1D3EA7ECBFCC03A372CAA8AC6DB352F.d.35E29B9BB07CBDBCDE9C93808B3E21FB.e.7419","ELEMENT":"f.C1D3EA7ECBFCC03A372CAA8AC6DB352F.d.35E29B9BB07CBDBCDE9C93808B3E21FB.e.7419"}]}
COMMAND: POST /session/6d94d18c82106ec19b3d8abef7fd5130/execute/sync - {"script":"<script> [5351 bytes]","args":[{"element-6066-11e4-a52e-4f735466cecf":"f.C1D3EA7ECBFCC03A372CAA8AC6DB352F.d.35E29B9BB07CBDBCDE9C93808B3E21FB.e.7419","ELEMENT":"f.C1D3EA7ECBFCC03A372CAA8AC6DB352F.d.35E29B9BB07CBDBCDE9C93808B3E21FB.e.7419"}]}
COMMAND: GET /session/6d94d18c82106ec19b3d8abef7fd5130/screenshot - {}
RESULT: {}
RESULT: {"script":"<script> [5351 bytes]","args":[{"element-6066-11e4-a52e-4f735466cecf":"f.C1D3EA7ECBFCC03A372CAA8AC6DB352F.d.35E29B9BB07CBDBCDE9C93808B3E21FB.e.7419","ELEMENT":"f.C1D3EA7ECBFCC03A372CAA8AC6DB352F.d.35E29B9BB07CBDBCDE9C93808B3E21FB.e.7419"}]}
COMMAND: GET /session/6d94d18c82106ec19b3d8abef7fd5130/screenshot - {}
RESULT: {}
RESULT: {}
COMMAND: POST /session/6d94d18c82106ec19b3d8abef7fd5130/element/f.C1D3EA7ECBFCC03A372CAA8AC6DB352F.d.35E29B9BB07CBDBCDE9C93808B3E21FB.e.7419/click - {}
RESULT: {}
COMMAND: GET /session/6d94d18c82106ec19b3d8abef7fd5130/screenshot - {}
COMMAND: POST /session/6d94d18c82106ec19b3d8abef7fd5130/execute/async - {"script":"<script> [1562 bytes]","args":[{"selector":{"id":"application-managecontracts-display-component---AddNewContract--projectDescription","interaction":{"idSuffix":"inner"}},"wdio_ui5_key":"applicationmanagecontracts-display-component---AddNewContract--projectDescription"}]}
RESULT: {}
RESULT: {"script":"<script> [1562 bytes]","args":[{"selector":{"id":"application-managecontracts-display-component---AddNewContract--projectDescription","interaction":{"idSuffix":"inner"}},"wdio_ui5_key":"applicationmanagecontracts-display-component---AddNewContract--projectDescription"}]}
RESULT: undefined
COMMAND: POST /session/6d94d18c82106ec19b3d8abef7fd5130/execute/async - {"script":"<script> [776 bytes]","args":[{"enterText":"Intercompany Contract WDIO","selector":{"id":"application-managecontracts-display-component---AddNewContract--projectDescription","interaction":{"idSuffix":"inner"}},"clearTextFirst":true,"interactionType":"ENTER_TEXT"}]}
RESULT: {"script":"<script> [776 bytes]","args":[{"enterText":"Intercompany Contract WDIO","selector":{"id":"application-managecontracts-display-component---AddNewContract--projectDescription","interaction":{"idSuffix":"inner"}},"clearTextFirst":true,"interactionType":"ENTER_TEXT"}]}
COMMAND: POST /session/6d94d18c82106ec19b3d8abef7fd5130/element - {"using":"xpath","value":"//input[@id=\"application-managecontracts-display-component---AddNewContract--site-inner\"]"}
RESULT: {"using":"xpath","value":"//input[@id=\"application-managecontracts-display-component---AddNewContract--site-inner\"]"}
COMMAND: POST /session/6d94d18c82106ec19b3d8abef7fd5130/element/f.C1D3EA7ECBFCC03A372CAA8AC6DB352F.d.35E29B9BB07CBDBCDE9C93808B3E21FB.e.7759/clear - {}
RESULT: {}
COMMAND: POST /session/6d94d18c82106ec19b3d8abef7fd5130/element/f.C1D3EA7ECBFCC03A372CAA8AC6DB352F.d.35E29B9BB07CBDBCDE9C93808B3E21FB.e.7759/value - {"text":"2252"}
COMMAND: GET /session/6d94d18c82106ec19b3d8abef7fd5130/screenshot - {}
RESULT: {"text":"2252"}
COMMAND: GET /session/6d94d18c82106ec19b3d8abef7fd5130/screenshot - {}
RESULT: {}
RESULT: {}
COMMAND: POST /session/6d94d18c82106ec19b3d8abef7fd5130/element - {"using":"xpath","value":"//li[.//span[text()='2252']]"}
RESULT: {"using":"xpath","value":"//li[.//span[text()='2252']]"}
COMMAND: POST /session/6d94d18c82106ec19b3d8abef7fd5130/element/f.C1D3EA7ECBFCC03A372CAA8AC6DB352F.d.35E29B9BB07CBDBCDE9C93808B3E21FB.e.7795/click - {}
RESULT: {}
COMMAND: GET /session/6d94d18c82106ec19b3d8abef7fd5130/screenshot - {}
RESULT: {}
COMMAND: POST /session/6d94d18c82106ec19b3d8abef7fd5130/element - {"using":"xpath","value":"//input[@id=\"application-managecontracts-display-component---AddNewContract--yardId-inner\"]"}
RESULT: {"using":"xpath","value":"//input[@id=\"application-managecontracts-display-component---AddNewContract--yardId-inner\"]"}
COMMAND: GET /session/6d94d18c82106ec19b3d8abef7fd5130/element/f.C1D3EA7ECBFCC03A372CAA8AC6DB352F.d.35E29B9BB07CBDBCDE9C93808B3E21FB.e.7760/property/value - {}
RESULT: {}
COMMAND: POST /session/6d94d18c82106ec19b3d8abef7fd5130/element - {"using":"xpath","value":"//input[@id=\"application-managecontracts-display-component---AddNewContract--customerSelect-inner\"]"}
COMMAND: GET /session/6d94d18c82106ec19b3d8abef7fd5130/screenshot - {}
RESULT: {"using":"xpath","value":"//input[@id=\"application-managecontracts-display-component---AddNewContract--customerSelect-inner\"]"}
COMMAND: POST /session/6d94d18c82106ec19b3d8abef7fd5130/element/f.C1D3EA7ECBFCC03A372CAA8AC6DB352F.d.35E29B9BB07CBDBCDE9C93808B3E21FB.e.7758/clear - {}
RESULT: {}
RESULT: {}
COMMAND: POST /session/6d94d18c82106ec19b3d8abef7fd5130/element/f.C1D3EA7ECBFCC03A372CAA8AC6DB352F.d.35E29B9BB07CBDBCDE9C93808B3E21FB.e.7758/value - {"text":"1278"}
COMMAND: GET /session/6d94d18c82106ec19b3d8abef7fd5130/screenshot - {}
RESULT: {"text":"1278"}
COMMAND: GET /session/6d94d18c82106ec19b3d8abef7fd5130/screenshot - {}
RESULT: {}
RESULT: {}
COMMAND: POST /session/6d94d18c82106ec19b3d8abef7fd5130/element - {"using":"xpath","value":"//li[.//span[text()='1278']]"}
RESULT: {"using":"xpath","value":"//li[.//span[text()='1278']]"}
COMMAND: POST /session/6d94d18c82106ec19b3d8abef7fd5130/element/f.C1D3EA7ECBFCC03A372CAA8AC6DB352F.d.35E29B9BB07CBDBCDE9C93808B3E21FB.e.7798/click - {}
RESULT: {}
COMMAND: GET /session/6d94d18c82106ec19b3d8abef7fd5130/screenshot - {}
RESULT: {}
COMMAND: POST /session/6d94d18c82106ec19b3d8abef7fd5130/element - {"using":"xpath","value":"//button[@data-kt=\"saveButton\"]"}
RESULT: {"using":"xpath","value":"//button[@data-kt=\"saveButton\"]"}
COMMAND: POST /session/6d94d18c82106ec19b3d8abef7fd5130/element/f.C1D3EA7ECBFCC03A372CAA8AC6DB352F.d.35E29B9BB07CBDBCDE9C93808B3E21FB.e.7788/click - {}
RESULT: {}
COMMAND: GET /session/6d94d18c82106ec19b3d8abef7fd5130/screenshot - {}
RESULT: {}
COMMAND: POST /session/6d94d18c82106ec19b3d8abef7fd5130/element - {"using":"xpath","value":"//span[contains(@id ,\"contractDetailTitleNoExpanded\")]"}
RESULT: {"using":"xpath","value":"//span[contains(@id ,\"contractDetailTitleNoExpanded\")]"}
COMMAND: POST /session/6d94d18c82106ec19b3d8abef7fd5130/elements - {"using":"xpath","value":"//span[contains(@id ,\"contractDetailTitleNoExpanded\")]"}
RESULT: {"using":"xpath","value":"//span[contains(@id ,\"contractDetailTitleNoExpanded\")]"}
COMMAND: POST /session/6d94d18c82106ec19b3d8abef7fd5130/execute/sync - {"script":"<script> [56 bytes]","args":[{"element-6066-11e4-a52e-4f735466cecf":"f.C1D3EA7ECBFCC03A372CAA8AC6DB352F.d.35E29B9BB07CBDBCDE9C93808B3E21FB.e.7870","ELEMENT":"f.C1D3EA7ECBFCC03A372CAA8AC6DB352F.d.35E29B9BB07CBDBCDE9C93808B3E21FB.e.7870"}]}
RESULT: {"script":"<script> [56 bytes]","args":[{"element-6066-11e4-a52e-4f735466cecf":"f.C1D3EA7ECBFCC03A372CAA8AC6DB352F.d.35E29B9BB07CBDBCDE9C93808B3E21FB.e.7870","ELEMENT":"f.C1D3EA7ECBFCC03A372CAA8AC6DB352F.d.35E29B9BB07CBDBCDE9C93808B3E21FB.e.7870"}]}
COMMAND: GET /session/6d94d18c82106ec19b3d8abef7fd5130/screenshot - {}
RESULT: {}
]]></system-out>
    </testcase>
    <testcase classname="chrome.135_0_7049_96.windows.US134625_Set_up_price_condition_-_one_time" name="Should add the material to the contract" time="58.904">
      <system-out><![CDATA[
COMMAND: POST /session/6d94d18c82106ec19b3d8abef7fd5130/element - {"using":"xpath","value":"//button[@data-kt=\"contractDetailEditBtnButton\"]"}
RESULT: {"using":"xpath","value":"//button[@data-kt=\"contractDetailEditBtnButton\"]"}
COMMAND: POST /session/6d94d18c82106ec19b3d8abef7fd5130/element/f.C1D3EA7ECBFCC03A372CAA8AC6DB352F.d.35E29B9BB07CBDBCDE9C93808B3E21FB.e.7873/click - {}
RESULT: {}
COMMAND: GET /session/6d94d18c82106ec19b3d8abef7fd5130/screenshot - {}
RESULT: {}
COMMAND: POST /session/6d94d18c82106ec19b3d8abef7fd5130/element - {"using":"xpath","value":"(//span[contains(text(), \"Additional Addresses\")])[2]"}
RESULT: {"using":"xpath","value":"(//span[contains(text(), \"Additional Addresses\")])[2]"}
COMMAND: POST /session/6d94d18c82106ec19b3d8abef7fd5130/element/f.C1D3EA7ECBFCC03A372CAA8AC6DB352F.d.35E29B9BB07CBDBCDE9C93808B3E21FB.e.7929/click - {}
RESULT: {}
COMMAND: GET /session/6d94d18c82106ec19b3d8abef7fd5130/screenshot - {}
RESULT: {}
COMMAND: POST /session/6d94d18c82106ec19b3d8abef7fd5130/element - {"using":"xpath","value":"//button[@data-kt=\"btnAddTableRowOverflowToolbarButton\"]"}
RESULT: {"using":"xpath","value":"//button[@data-kt=\"btnAddTableRowOverflowToolbarButton\"]"}
COMMAND: POST /session/6d94d18c82106ec19b3d8abef7fd5130/element/f.C1D3EA7ECBFCC03A372CAA8AC6DB352F.d.35E29B9BB07CBDBCDE9C93808B3E21FB.e.7932/click - {}
RESULT: {}
COMMAND: GET /session/6d94d18c82106ec19b3d8abef7fd5130/screenshot - {}
RESULT: {}
COMMAND: POST /session/6d94d18c82106ec19b3d8abef7fd5130/element - {"using":"xpath","value":"//div[(text() = 'Standard Entry' or . = 'Standard Entry')]"}
RESULT: {"using":"xpath","value":"//div[(text() = 'Standard Entry' or . = 'Standard Entry')]"}
COMMAND: POST /session/6d94d18c82106ec19b3d8abef7fd5130/element/f.C1D3EA7ECBFCC03A372CAA8AC6DB352F.d.35E29B9BB07CBDBCDE9C93808B3E21FB.e.7934/click - {}
RESULT: {}
COMMAND: GET /session/6d94d18c82106ec19b3d8abef7fd5130/screenshot - {}
RESULT: {}
COMMAND: POST /session/6d94d18c82106ec19b3d8abef7fd5130/element - {"using":"xpath","value":"//td[6]/div/div/div/span"}
RESULT: {"using":"xpath","value":"//td[6]/div/div/div/span"}
COMMAND: POST /session/6d94d18c82106ec19b3d8abef7fd5130/element/f.C1D3EA7ECBFCC03A372CAA8AC6DB352F.d.35E29B9BB07CBDBCDE9C93808B3E21FB.e.7946/click - {}
RESULT: {}
COMMAND: GET /session/6d94d18c82106ec19b3d8abef7fd5130/screenshot - {}
RESULT: {}
COMMAND: POST /session/6d94d18c82106ec19b3d8abef7fd5130/element - {"using":"xpath","value":"(//span[contains(text(), \"Material\")])"}
RESULT: {"using":"xpath","value":"(//span[contains(text(), \"Material\")])"}
COMMAND: POST /session/6d94d18c82106ec19b3d8abef7fd5130/element/f.C1D3EA7ECBFCC03A372CAA8AC6DB352F.d.35E29B9BB07CBDBCDE9C93808B3E21FB.e.7947/click - {}
RESULT: {}
COMMAND: GET /session/6d94d18c82106ec19b3d8abef7fd5130/screenshot - {}
RESULT: {}
COMMAND: POST /session/6d94d18c82106ec19b3d8abef7fd5130/element - {"using":"xpath","value":"//td[7]/div/div/input"}
RESULT: {"using":"xpath","value":"//td[7]/div/div/input"}
COMMAND: POST /session/6d94d18c82106ec19b3d8abef7fd5130/element/f.C1D3EA7ECBFCC03A372CAA8AC6DB352F.d.35E29B9BB07CBDBCDE9C93808B3E21FB.e.7951/clear - {}
RESULT: {}
COMMAND: POST /session/6d94d18c82106ec19b3d8abef7fd5130/element/f.C1D3EA7ECBFCC03A372CAA8AC6DB352F.d.35E29B9BB07CBDBCDE9C93808B3E21FB.e.7951/value - {"text":"200202"}
COMMAND: GET /session/6d94d18c82106ec19b3d8abef7fd5130/screenshot - {}
RESULT: {"text":"200202"}
COMMAND: GET /session/6d94d18c82106ec19b3d8abef7fd5130/screenshot - {}
RESULT: {}
RESULT: {}
COMMAND: POST /session/6d94d18c82106ec19b3d8abef7fd5130/actions - {"actions":[{"id":"action28","type":"key","parameters":{},"actions":[{"type":"keyDown","value":"î€‡"},{"type":"pause","duration":10},{"type":"keyUp","value":"î€‡"}]}]}
RESULT: {"actions":[{"id":"action28","type":"key","parameters":{},"actions":[{"type":"keyDown","value":"î€‡"},{"type":"pause","duration":10},{"type":"keyUp","value":"î€‡"}]}]}
COMMAND: GET /session/6d94d18c82106ec19b3d8abef7fd5130/screenshot - {}
RESULT: {}
COMMAND: POST /session/6d94d18c82106ec19b3d8abef7fd5130/element - {"using":"xpath","value":"(//button[@data-kt=\"saveButton\"])[2]"}
RESULT: {"using":"xpath","value":"(//button[@data-kt=\"saveButton\"])[2]"}
COMMAND: POST /session/6d94d18c82106ec19b3d8abef7fd5130/element/f.C1D3EA7ECBFCC03A372CAA8AC6DB352F.d.35E29B9BB07CBDBCDE9C93808B3E21FB.e.7974/click - {}
RESULT: {}
COMMAND: GET /session/6d94d18c82106ec19b3d8abef7fd5130/screenshot - {}
RESULT: {}
COMMAND: POST /session/6d94d18c82106ec19b3d8abef7fd5130/element - {"using":"xpath","value":"//span[contains(@id ,\"contractItemsSmartTable-header-inner\")]"}
RESULT: {"using":"xpath","value":"//span[contains(@id ,\"contractItemsSmartTable-header-inner\")]"}
COMMAND: POST /session/6d94d18c82106ec19b3d8abef7fd5130/elements - {"using":"xpath","value":"//span[contains(@id ,\"contractItemsSmartTable-header-inner\")]"}
RESULT: {"using":"xpath","value":"//span[contains(@id ,\"contractItemsSmartTable-header-inner\")]"}
COMMAND: POST /session/6d94d18c82106ec19b3d8abef7fd5130/execute/sync - {"script":"<script> [56 bytes]","args":[{"element-6066-11e4-a52e-4f735466cecf":"f.C1D3EA7ECBFCC03A372CAA8AC6DB352F.d.35E29B9BB07CBDBCDE9C93808B3E21FB.e.7980","ELEMENT":"f.C1D3EA7ECBFCC03A372CAA8AC6DB352F.d.35E29B9BB07CBDBCDE9C93808B3E21FB.e.7980"}]}
RESULT: {"script":"<script> [56 bytes]","args":[{"element-6066-11e4-a52e-4f735466cecf":"f.C1D3EA7ECBFCC03A372CAA8AC6DB352F.d.35E29B9BB07CBDBCDE9C93808B3E21FB.e.7980","ELEMENT":"f.C1D3EA7ECBFCC03A372CAA8AC6DB352F.d.35E29B9BB07CBDBCDE9C93808B3E21FB.e.7980"}]}
]]></system-out>
    </testcase>
    <testcase classname="chrome.135_0_7049_96.windows.US134625_Set_up_price_condition_-_one_time" name="Should verify the bill item creation and pricing condition" time="10.684">
      <system-out><![CDATA[
COMMAND: POST /session/6d94d18c82106ec19b3d8abef7fd5130/execute/async - {"script":"<script> [1562 bytes]","args":[{"selector":{"controlType":"sap.ui.core.Icon","viewName":"etm.portal.ui.managecontracts.view.Detail","properties":{"src":{"regex":{"source":"slim\\-arrow\\-right"}}}},"wdio_ui5_key":"etmportal.ui.managecontracts.view.Detailsap.ui.core.Icon{\"src\":{\"regex\":{\"source\":\"slim\\\\-arrow\\\\-right\"}}}"}]}
COMMAND: GET /session/6d94d18c82106ec19b3d8abef7fd5130/screenshot - {}
RESULT: {"script":"<script> [1562 bytes]","args":[{"selector":{"controlType":"sap.ui.core.Icon","viewName":"etm.portal.ui.managecontracts.view.Detail","properties":{"src":{"regex":{"source":"slim\\-arrow\\-right"}}}},"wdio_ui5_key":"etmportal.ui.managecontracts.view.Detailsap.ui.core.Icon{\"src\":{\"regex\":{\"source\":\"slim\\\\-arrow\\\\-right\"}}}"}]}
RESULT: undefined
COMMAND: POST /session/6d94d18c82106ec19b3d8abef7fd5130/element - {"using":"xpath","value":"//*[@id=\"__item1446-__clone2984-imgNav\"]"}
RESULT: {}
RESULT: {"using":"xpath","value":"//*[@id=\"__item1446-__clone2984-imgNav\"]"}
COMMAND: POST /session/6d94d18c82106ec19b3d8abef7fd5130/element/f.C1D3EA7ECBFCC03A372CAA8AC6DB352F.d.35E29B9BB07CBDBCDE9C93808B3E21FB.e.7981/click - {}
RESULT: {}
COMMAND: GET /session/6d94d18c82106ec19b3d8abef7fd5130/screenshot - {}
COMMAND: POST /session/6d94d18c82106ec19b3d8abef7fd5130/execute/async - {"script":"<script> [1562 bytes]","args":[{"selector":{"controlType":"sap.m.Text","viewName":"etm.portal.ui.managecontracts.view.BillingItem","viewId":"application-managecontracts-display-component---BillingItem","bindingPath":{"propertyPath":"LINK_TO_C_BILL_TYPES/DESCRIPTION"}},"wdio_ui5_key":"etmportal.ui.managecontracts.view.BillingItemsap.m.Text{\"propertyPath\":\"LINK_TO_C_BILL_TYPES/DESCRIPTION\"}"}]}
RESULT: {}
RESULT: {"script":"<script> [1562 bytes]","args":[{"selector":{"controlType":"sap.m.Text","viewName":"etm.portal.ui.managecontracts.view.BillingItem","viewId":"application-managecontracts-display-component---BillingItem","bindingPath":{"propertyPath":"LINK_TO_C_BILL_TYPES/DESCRIPTION"}},"wdio_ui5_key":"etmportal.ui.managecontracts.view.BillingItemsap.m.Text{\"propertyPath\":\"LINK_TO_C_BILL_TYPES/DESCRIPTION\"}"}]}
RESULT: undefined
COMMAND: POST /session/6d94d18c82106ec19b3d8abef7fd5130/execute/async - {"script":"<script> [6424 bytes]","args":[{"element-6066-11e4-a52e-4f735466cecf":"f.C1D3EA7ECBFCC03A372CAA8AC6DB352F.d.35E29B9BB07CBDBCDE9C93808B3E21FB.e.7996"},"getText",[]]}
RESULT: {"script":"<script> [6424 bytes]","args":[{"element-6066-11e4-a52e-4f735466cecf":"f.C1D3EA7ECBFCC03A372CAA8AC6DB352F.d.35E29B9BB07CBDBCDE9C93808B3E21FB.e.7996"},"getText",[]]}
COMMAND: POST /session/6d94d18c82106ec19b3d8abef7fd5130/execute/async - {"script":"<script> [1562 bytes]","args":[{"selector":{"controlType":"sap.m.ObjectNumber","viewName":"etm.portal.ui.managecontracts.view.BillingItem","viewId":"application-managecontracts-display-component---BillingItem","bindingPath":{"propertyPath":"BASE_PRICE"}},"wdio_ui5_key":"etmportal.ui.managecontracts.view.BillingItemsap.m.ObjectNumber{\"propertyPath\":\"BASE_PRICE\"}"}]}
RESULT: {"script":"<script> [1562 bytes]","args":[{"selector":{"controlType":"sap.m.ObjectNumber","viewName":"etm.portal.ui.managecontracts.view.BillingItem","viewId":"application-managecontracts-display-component---BillingItem","bindingPath":{"propertyPath":"BASE_PRICE"}},"wdio_ui5_key":"etmportal.ui.managecontracts.view.BillingItemsap.m.ObjectNumber{\"propertyPath\":\"BASE_PRICE\"}"}]}
RESULT: undefined
COMMAND: POST /session/6d94d18c82106ec19b3d8abef7fd5130/execute/async - {"script":"<script> [6424 bytes]","args":[{"element-6066-11e4-a52e-4f735466cecf":"f.C1D3EA7ECBFCC03A372CAA8AC6DB352F.d.35E29B9BB07CBDBCDE9C93808B3E21FB.e.7997"},"getNumber",[]]}
RESULT: {"script":"<script> [6424 bytes]","args":[{"element-6066-11e4-a52e-4f735466cecf":"f.C1D3EA7ECBFCC03A372CAA8AC6DB352F.d.35E29B9BB07CBDBCDE9C93808B3E21FB.e.7997"},"getNumber",[]]}
COMMAND: POST /session/6d94d18c82106ec19b3d8abef7fd5130/execute/async - {"script":"<script> [1562 bytes]","args":[{"selector":{"controlType":"sap.m.ObjectNumber","viewName":"etm.portal.ui.managecontracts.view.BillingItem","viewId":"application-managecontracts-display-component---BillingItem","bindingPath":{"propertyPath":"BASE_QUANTITY"}},"wdio_ui5_key":"etmportal.ui.managecontracts.view.BillingItemsap.m.ObjectNumber{\"propertyPath\":\"BASE_QUANTITY\"}"}]}
RESULT: {"script":"<script> [1562 bytes]","args":[{"selector":{"controlType":"sap.m.ObjectNumber","viewName":"etm.portal.ui.managecontracts.view.BillingItem","viewId":"application-managecontracts-display-component---BillingItem","bindingPath":{"propertyPath":"BASE_QUANTITY"}},"wdio_ui5_key":"etmportal.ui.managecontracts.view.BillingItemsap.m.ObjectNumber{\"propertyPath\":\"BASE_QUANTITY\"}"}]}
RESULT: undefined
COMMAND: POST /session/6d94d18c82106ec19b3d8abef7fd5130/execute/async - {"script":"<script> [6424 bytes]","args":[{"element-6066-11e4-a52e-4f735466cecf":"f.C1D3EA7ECBFCC03A372CAA8AC6DB352F.d.35E29B9BB07CBDBCDE9C93808B3E21FB.e.7998"},"getNumber",[]]}
RESULT: {"script":"<script> [6424 bytes]","args":[{"element-6066-11e4-a52e-4f735466cecf":"f.C1D3EA7ECBFCC03A372CAA8AC6DB352F.d.35E29B9BB07CBDBCDE9C93808B3E21FB.e.7998"},"getNumber",[]]}
COMMAND: DELETE /session/6d94d18c82106ec19b3d8abef7fd5130 - {}
RESULT: {}
]]></system-out>
    </testcase>
  </testsuite>
</testsuites>