<?xml version="1.0" encoding="UTF-8"?>
<testsuites tests="4" failures="0" errors="0" skipped="0">
  <testsuite timestamp="2025-05-01T16:07:39" time="850.606" tests="3" failures="0" errors="0" skipped="0">
    <properties>
      <property name="specId" value="0" />
      <property name="suiteName" value="Webshop - Hyperlinks visible and working properly  US139085" />
      <property name="capabilities" value="chrome.135_0_7049_96.windows" />
      <property name="file" value="file:///D:/a/1/s/test/specs/R2C/webshop-hyperlinks-yard-site.spec.js" />
    </properties>
    <testcase classname="chrome.135_0_7049_96.windows.Webshop_-_Hyperlinks_visible_and_working_properly__US139085" name="Should create prerequisites for webshop suite" time="291.591">
      <system-out><![CDATA[
COMMAND: POST /session/9e8832e0cb214a9694b7d6436ce31f23/execute/async - {"script":"<script> [1562 bytes]","args":[{"selector":{"controlType":"sap.m.GenericTile","properties":{"header":"Manage Yards"}},"wdio_ui5_key":"sapm.GenericTile{\"header\":\"Manage Yards\"}"}]}
RESULT: {"script":"<script> [1562 bytes]","args":[{"selector":{"controlType":"sap.m.GenericTile","properties":{"header":"Manage Yards"}},"wdio_ui5_key":"sapm.GenericTile{\"header\":\"Manage Yards\"}"}]}
RESULT: undefined
COMMAND: POST /session/9e8832e0cb214a9694b7d6436ce31f23/element - {"using":"xpath","value":"//*[@id=\"__tile41\"]"}
RESULT: {"using":"xpath","value":"//*[@id=\"__tile41\"]"}
COMMAND: POST /session/9e8832e0cb214a9694b7d6436ce31f23/element/f.A963EA71CA7C9571D27BE17D1CCB0928.d.D93E8DD02A389C50493EAE2E603442DA.e.116/click - {}
RESULT: {}
COMMAND: GET /session/9e8832e0cb214a9694b7d6436ce31f23/screenshot - {}
RESULT: {}
COMMAND: POST /session/9e8832e0cb214a9694b7d6436ce31f23/execute/async - {"script":"<script> [1562 bytes]","args":[{"selector":{"controlType":"sap.ui.core.Icon","viewName":"etm.portal.ui.manageyards.view.Master","viewId":"application-manageyards-display-component---masterYard","properties":{"src":{"regex":{"source":"add"}}}},"wdio_ui5_key":"etmportal.ui.manageyards.view.Mastersap.ui.core.Icon{\"src\":{\"regex\":{\"source\":\"add\"}}}"}]}
RESULT: {"script":"<script> [1562 bytes]","args":[{"selector":{"controlType":"sap.ui.core.Icon","viewName":"etm.portal.ui.manageyards.view.Master","viewId":"application-manageyards-display-component---masterYard","properties":{"src":{"regex":{"source":"add"}}}},"wdio_ui5_key":"etmportal.ui.manageyards.view.Mastersap.ui.core.Icon{\"src\":{\"regex\":{\"source\":\"add\"}}}"}]}
RESULT: undefined
COMMAND: POST /session/9e8832e0cb214a9694b7d6436ce31f23/element - {"using":"xpath","value":"//*[@id=\"__button4-img\"]"}
RESULT: {"using":"xpath","value":"//*[@id=\"__button4-img\"]"}
COMMAND: POST /session/9e8832e0cb214a9694b7d6436ce31f23/element/f.A963EA71CA7C9571D27BE17D1CCB0928.d.D93E8DD02A389C50493EAE2E603442DA.e.163/click - {}
RESULT: {}
COMMAND: GET /session/9e8832e0cb214a9694b7d6436ce31f23/screenshot - {}
RESULT: {}
COMMAND: POST /session/9e8832e0cb214a9694b7d6436ce31f23/execute/async - {"script":"<script> [1562 bytes]","args":[{"selector":{"id":"application-manageyards-display-component---NewYard--yardId","interaction":{"idSuffix":"inner"}},"wdio_ui5_key":"applicationmanageyards-display-component---NewYard--yardId"}]}
RESULT: {"script":"<script> [1562 bytes]","args":[{"selector":{"id":"application-manageyards-display-component---NewYard--yardId","interaction":{"idSuffix":"inner"}},"wdio_ui5_key":"applicationmanageyards-display-component---NewYard--yardId"}]}
RESULT: undefined
COMMAND: POST /session/9e8832e0cb214a9694b7d6436ce31f23/element - {"using":"xpath","value":"//*[@id=\"application-manageyards-display-component---NewYard--addressDetailDetailsName1-inner\"]"}
RESULT: {"using":"xpath","value":"//*[@id=\"application-manageyards-display-component---NewYard--addressDetailDetailsName1-inner\"]"}
COMMAND: POST /session/9e8832e0cb214a9694b7d6436ce31f23/element/f.A963EA71CA7C9571D27BE17D1CCB0928.d.D93E8DD02A389C50493EAE2E603442DA.e.376/clear - {}
RESULT: {}
COMMAND: POST /session/9e8832e0cb214a9694b7d6436ce31f23/element/f.A963EA71CA7C9571D27BE17D1CCB0928.d.D93E8DD02A389C50493EAE2E603442DA.e.376/value - {"text":"WebdriverYardkj2hy"}
COMMAND: GET /session/9e8832e0cb214a9694b7d6436ce31f23/screenshot - {}
RESULT: {"text":"WebdriverYardkj2hy"}
COMMAND: POST /session/9e8832e0cb214a9694b7d6436ce31f23/element - {"using":"xpath","value":"//*[@id=\"application-manageyards-display-component---NewYard--addressDetailDetailsLanguage-inner\"]"}
COMMAND: GET /session/9e8832e0cb214a9694b7d6436ce31f23/screenshot - {}
RESULT: {}
RESULT: {"using":"xpath","value":"//*[@id=\"application-manageyards-display-component---NewYard--addressDetailDetailsLanguage-inner\"]"}
COMMAND: POST /session/9e8832e0cb214a9694b7d6436ce31f23/element/f.A963EA71CA7C9571D27BE17D1CCB0928.d.D93E8DD02A389C50493EAE2E603442DA.e.377/clear - {}
RESULT: {}
RESULT: {}
COMMAND: POST /session/9e8832e0cb214a9694b7d6436ce31f23/element/f.A963EA71CA7C9571D27BE17D1CCB0928.d.D93E8DD02A389C50493EAE2E603442DA.e.377/value - {"text":"Romanian"}
COMMAND: GET /session/9e8832e0cb214a9694b7d6436ce31f23/screenshot - {}
RESULT: {"text":"Romanian"}
COMMAND: POST /session/9e8832e0cb214a9694b7d6436ce31f23/element - {"using":"xpath","value":"//input[contains(@id ,\"application-manageyards-display-component---NewYard--addressDetailDetailsName1-inner\")]"}
COMMAND: GET /session/9e8832e0cb214a9694b7d6436ce31f23/screenshot - {}
RESULT: {}
RESULT: {"using":"xpath","value":"//input[contains(@id ,\"application-manageyards-display-component---NewYard--addressDetailDetailsName1-inner\")]"}
COMMAND: GET /session/9e8832e0cb214a9694b7d6436ce31f23/element/f.A963EA71CA7C9571D27BE17D1CCB0928.d.D93E8DD02A389C50493EAE2E603442DA.e.376/property/value - {}
RESULT: {}
RESULT: {}
COMMAND: GET /session/9e8832e0cb214a9694b7d6436ce31f23/screenshot - {}
RESULT: {}
COMMAND: POST /session/9e8832e0cb214a9694b7d6436ce31f23/element - {"using":"xpath","value":"//*[@id=\"application-manageyards-display-component---NewYard--addressDetailDetailsCity1-inner\"]"}
RESULT: {"using":"xpath","value":"//*[@id=\"application-manageyards-display-component---NewYard--addressDetailDetailsCity1-inner\"]"}
COMMAND: POST /session/9e8832e0cb214a9694b7d6436ce31f23/element/f.A963EA71CA7C9571D27BE17D1CCB0928.d.D93E8DD02A389C50493EAE2E603442DA.e.379/clear - {}
RESULT: {}
COMMAND: POST /session/9e8832e0cb214a9694b7d6436ce31f23/element/f.A963EA71CA7C9571D27BE17D1CCB0928.d.D93E8DD02A389C50493EAE2E603442DA.e.379/value - {"text":"Bucuresti"}
COMMAND: GET /session/9e8832e0cb214a9694b7d6436ce31f23/screenshot - {}
RESULT: {"text":"Bucuresti"}
COMMAND: GET /session/9e8832e0cb214a9694b7d6436ce31f23/screenshot - {}
RESULT: {}
RESULT: {}
COMMAND: POST /session/9e8832e0cb214a9694b7d6436ce31f23/element - {"using":"xpath","value":"//*[@id=\"application-manageyards-display-component---NewYard--addressDetailDetailsCountry-inner\"]"}
RESULT: {"using":"xpath","value":"//*[@id=\"application-manageyards-display-component---NewYard--addressDetailDetailsCountry-inner\"]"}
COMMAND: POST /session/9e8832e0cb214a9694b7d6436ce31f23/element/f.A963EA71CA7C9571D27BE17D1CCB0928.d.D93E8DD02A389C50493EAE2E603442DA.e.383/clear - {}
RESULT: {}
COMMAND: POST /session/9e8832e0cb214a9694b7d6436ce31f23/element/f.A963EA71CA7C9571D27BE17D1CCB0928.d.D93E8DD02A389C50493EAE2E603442DA.e.383/value - {"text":"Romania"}
COMMAND: GET /session/9e8832e0cb214a9694b7d6436ce31f23/screenshot - {}
RESULT: {"text":"Romania"}
COMMAND: GET /session/9e8832e0cb214a9694b7d6436ce31f23/screenshot - {}
RESULT: {}
RESULT: {}
COMMAND: POST /session/9e8832e0cb214a9694b7d6436ce31f23/element - {"using":"xpath","value":"//div[contains(text(), \"Commercial\")]"}
RESULT: {"using":"xpath","value":"//div[contains(text(), \"Commercial\")]"}
COMMAND: GET /session/9e8832e0cb214a9694b7d6436ce31f23/element/f.A963EA71CA7C9571D27BE17D1CCB0928.d.D93E8DD02A389C50493EAE2E603442DA.e.579/rect - {}
RESULT: {}
COMMAND: GET /session/9e8832e0cb214a9694b7d6436ce31f23/window/rect - {}
RESULT: {}
COMMAND: POST /session/9e8832e0cb214a9694b7d6436ce31f23/execute/sync - {"script":"<script> [92 bytes]","args":[]}
RESULT: {"script":"<script> [92 bytes]","args":[]}
COMMAND: POST /session/9e8832e0cb214a9694b7d6436ce31f23/actions - {"actions":[{"id":"action1","type":"wheel","parameters":{},"actions":[{"type":"scroll","x":-1841,"y":-44,"deltaX":0,"deltaY":0,"duration":0,"origin":{"element-6066-11e4-a52e-4f735466cecf":"f.A963EA71CA7C9571D27BE17D1CCB0928.d.D93E8DD02A389C50493EAE2E603442DA.e.579"}}]}]}
COMMAND: GET /session/9e8832e0cb214a9694b7d6436ce31f23/screenshot - {}
RESULT: {}
COMMAND: POST /session/9e8832e0cb214a9694b7d6436ce31f23/execute/sync - {"script":"<script> [79 bytes]","args":[{"element-6066-11e4-a52e-4f735466cecf":"f.A963EA71CA7C9571D27BE17D1CCB0928.d.D93E8DD02A389C50493EAE2E603442DA.e.579","ELEMENT":"f.A963EA71CA7C9571D27BE17D1CCB0928.d.D93E8DD02A389C50493EAE2E603442DA.e.579"},{"block":"start","inline":"nearest"}]}
RESULT: {"script":"<script> [79 bytes]","args":[{"element-6066-11e4-a52e-4f735466cecf":"f.A963EA71CA7C9571D27BE17D1CCB0928.d.D93E8DD02A389C50493EAE2E603442DA.e.579","ELEMENT":"f.A963EA71CA7C9571D27BE17D1CCB0928.d.D93E8DD02A389C50493EAE2E603442DA.e.579"},{"block":"start","inline":"nearest"}]}
COMMAND: GET /session/9e8832e0cb214a9694b7d6436ce31f23/screenshot - {}
RESULT: {}
COMMAND: POST /session/9e8832e0cb214a9694b7d6436ce31f23/execute/async - {"script":"<script> [1562 bytes]","args":[{"selector":{"id":"application-manageyards-display-component---NewYard--addressEditDetailsCostObjectCstType-arrow"},"wdio_ui5_key":"applicationmanageyards-display-component---NewYard--addressEditDetailsCostObjectCstType-arrow"}]}
RESULT: {"script":"<script> [1562 bytes]","args":[{"selector":{"id":"application-manageyards-display-component---NewYard--addressEditDetailsCostObjectCstType-arrow"},"wdio_ui5_key":"applicationmanageyards-display-component---NewYard--addressEditDetailsCostObjectCstType-arrow"}]}
RESULT: undefined
COMMAND: POST /session/9e8832e0cb214a9694b7d6436ce31f23/element - {"using":"xpath","value":"//*[@id=\"application-manageyards-display-component---NewYard--addressEditDetailsCostObjectCstType-arrow\"]"}
RESULT: {"using":"xpath","value":"//*[@id=\"application-manageyards-display-component---NewYard--addressEditDetailsCostObjectCstType-arrow\"]"}
COMMAND: POST /session/9e8832e0cb214a9694b7d6436ce31f23/element/f.A963EA71CA7C9571D27BE17D1CCB0928.d.D93E8DD02A389C50493EAE2E603442DA.e.587/click - {}
RESULT: {}
COMMAND: POST /session/9e8832e0cb214a9694b7d6436ce31f23/element - {"using":"xpath","value":"//span[contains(text(), \"Cost Center\")]"}
COMMAND: GET /session/9e8832e0cb214a9694b7d6436ce31f23/screenshot - {}
RESULT: {"using":"xpath","value":"//span[contains(text(), \"Cost Center\")]"}
COMMAND: POST /session/9e8832e0cb214a9694b7d6436ce31f23/element/f.A963EA71CA7C9571D27BE17D1CCB0928.d.D93E8DD02A389C50493EAE2E603442DA.e.588/click - {}
RESULT: {}
RESULT: {}
COMMAND: GET /session/9e8832e0cb214a9694b7d6436ce31f23/screenshot - {}
RESULT: {}
COMMAND: POST /session/9e8832e0cb214a9694b7d6436ce31f23/execute/async - {"script":"<script> [1562 bytes]","args":[{"selector":{"id":"application-manageyards-display-component---NewYard--addressNewCostObjectCstID-vhi"},"wdio_ui5_key":"applicationmanageyards-display-component---NewYard--addressNewCostObjectCstID-vhi"}]}
RESULT: {"script":"<script> [1562 bytes]","args":[{"selector":{"id":"application-manageyards-display-component---NewYard--addressNewCostObjectCstID-vhi"},"wdio_ui5_key":"applicationmanageyards-display-component---NewYard--addressNewCostObjectCstID-vhi"}]}
RESULT: undefined
COMMAND: POST /session/9e8832e0cb214a9694b7d6436ce31f23/element - {"using":"xpath","value":"//*[@id=\"application-manageyards-display-component---NewYard--addressNewCostObjectCstID-vhi\"]"}
RESULT: {"using":"xpath","value":"//*[@id=\"application-manageyards-display-component---NewYard--addressNewCostObjectCstID-vhi\"]"}
COMMAND: POST /session/9e8832e0cb214a9694b7d6436ce31f23/element/f.A963EA71CA7C9571D27BE17D1CCB0928.d.D93E8DD02A389C50493EAE2E603442DA.e.592/click - {}
RESULT: {}
COMMAND: GET /session/9e8832e0cb214a9694b7d6436ce31f23/screenshot - {}
RESULT: {}
COMMAND: POST /session/9e8832e0cb214a9694b7d6436ce31f23/execute/async - {"script":"<script> [1562 bytes]","args":[{"selector":{"controlType":"sap.m.SearchField","properties":{"placeholder":"Search"},"searchOpenDialogs":true,"interaction":{"idSuffix":"I"}},"wdio_ui5_key":"sapm.SearchField{\"placeholder\":\"Search\"}"}]}
RESULT: {"script":"<script> [1562 bytes]","args":[{"selector":{"controlType":"sap.m.SearchField","properties":{"placeholder":"Search"},"searchOpenDialogs":true,"interaction":{"idSuffix":"I"}},"wdio_ui5_key":"sapm.SearchField{\"placeholder\":\"Search\"}"}]}
RESULT: undefined
COMMAND: POST /session/9e8832e0cb214a9694b7d6436ce31f23/execute/async - {"script":"<script> [776 bytes]","args":[{"enterText":"10001013","selector":{"controlType":"sap.m.SearchField","properties":{"placeholder":"Search"},"searchOpenDialogs":true,"interaction":{"idSuffix":"I"}},"clearTextFirst":true,"interactionType":"ENTER_TEXT"}]}
RESULT: {"script":"<script> [776 bytes]","args":[{"enterText":"10001013","selector":{"controlType":"sap.m.SearchField","properties":{"placeholder":"Search"},"searchOpenDialogs":true,"interaction":{"idSuffix":"I"}},"clearTextFirst":true,"interactionType":"ENTER_TEXT"}]}
COMMAND: POST /session/9e8832e0cb214a9694b7d6436ce31f23/actions - {"actions":[{"id":"action2","type":"key","parameters":{},"actions":[{"type":"keyDown","value":"î€‡"},{"type":"pause","duration":10},{"type":"keyUp","value":"î€‡"}]}]}
RESULT: {"actions":[{"id":"action2","type":"key","parameters":{},"actions":[{"type":"keyDown","value":"î€‡"},{"type":"pause","duration":10},{"type":"keyUp","value":"î€‡"}]}]}
COMMAND: GET /session/9e8832e0cb214a9694b7d6436ce31f23/screenshot - {}
RESULT: {}
COMMAND: POST /session/9e8832e0cb214a9694b7d6436ce31f23/element - {"using":"xpath","value":"//span[contains(text(), \"General Management\")]"}
RESULT: {"using":"xpath","value":"//span[contains(text(), \"General Management\")]"}
COMMAND: POST /session/9e8832e0cb214a9694b7d6436ce31f23/element/f.A963EA71CA7C9571D27BE17D1CCB0928.d.D93E8DD02A389C50493EAE2E603442DA.e.633/click - {}
RESULT: {}
COMMAND: GET /session/9e8832e0cb214a9694b7d6436ce31f23/screenshot - {}
RESULT: {}
COMMAND: POST /session/9e8832e0cb214a9694b7d6436ce31f23/element - {"using":"xpath","value":"//bdi[contains(text(), \"OK\")]"}
RESULT: {"using":"xpath","value":"//bdi[contains(text(), \"OK\")]"}
COMMAND: POST /session/9e8832e0cb214a9694b7d6436ce31f23/element/f.A963EA71CA7C9571D27BE17D1CCB0928.d.D93E8DD02A389C50493EAE2E603442DA.e.634/click - {}
RESULT: {}
COMMAND: GET /session/9e8832e0cb214a9694b7d6436ce31f23/screenshot - {}
RESULT: {}
COMMAND: POST /session/9e8832e0cb214a9694b7d6436ce31f23/execute/async - {"script":"<script> [1562 bytes]","args":[{"selector":{"controlType":"sap.m.Button","viewName":"etm.portal.ui.manageyards.view.New","viewId":"application-manageyards-display-component---NewYard","i18NText":{"propertyName":"text","key":"save"},"interaction":{"idSuffix":"inner"}},"wdio_ui5_key":"etmportal.ui.manageyards.view.Newsap.m.Button{\"propertyName\":\"text\",\"key\":\"save\"}"}]}
RESULT: {"script":"<script> [1562 bytes]","args":[{"selector":{"controlType":"sap.m.Button","viewName":"etm.portal.ui.manageyards.view.New","viewId":"application-manageyards-display-component---NewYard","i18NText":{"propertyName":"text","key":"save"},"interaction":{"idSuffix":"inner"}},"wdio_ui5_key":"etmportal.ui.manageyards.view.Newsap.m.Button{\"propertyName\":\"text\",\"key\":\"save\"}"}]}
RESULT: undefined
COMMAND: POST /session/9e8832e0cb214a9694b7d6436ce31f23/element - {"using":"xpath","value":"//*[@id=\"__button18\"]"}
RESULT: {"using":"xpath","value":"//*[@id=\"__button18\"]"}
COMMAND: POST /session/9e8832e0cb214a9694b7d6436ce31f23/element/f.A963EA71CA7C9571D27BE17D1CCB0928.d.D93E8DD02A389C50493EAE2E603442DA.e.559/click - {}
RESULT: {}
COMMAND: GET /session/9e8832e0cb214a9694b7d6436ce31f23/screenshot - {}
RESULT: {}
COMMAND: POST /session/9e8832e0cb214a9694b7d6436ce31f23/element - {"using":"xpath","value":"//header/div/div[2]/div[2]/span"}
RESULT: {"using":"xpath","value":"//header/div/div[2]/div[2]/span"}
COMMAND: GET /session/9e8832e0cb214a9694b7d6436ce31f23/element/f.A963EA71CA7C9571D27BE17D1CCB0928.d.D93E8DD02A389C50493EAE2E603442DA.e.833/text - {}
RESULT: {}
COMMAND: POST /session/9e8832e0cb214a9694b7d6436ce31f23/execute/async - {"script":"<script> [1562 bytes]","args":[{"selector":{"controlType":"sap.m.OverflowToolbarButton","viewName":"etm.portal.ui.manageyards.view.Detail","viewId":"application-manageyards-display-component---detailYard","i18NText":{"propertyName":"tooltip","key":"closeColumn"},"interaction":{"idSuffix":"inner"}},"wdio_ui5_key":"etmportal.ui.manageyards.view.Detailsap.m.OverflowToolbarButton{\"propertyName\":\"tooltip\",\"key\":\"closeColumn\"}"}]}
RESULT: {"script":"<script> [1562 bytes]","args":[{"selector":{"controlType":"sap.m.OverflowToolbarButton","viewName":"etm.portal.ui.manageyards.view.Detail","viewId":"application-manageyards-display-component---detailYard","i18NText":{"propertyName":"tooltip","key":"closeColumn"},"interaction":{"idSuffix":"inner"}},"wdio_ui5_key":"etmportal.ui.manageyards.view.Detailsap.m.OverflowToolbarButton{\"propertyName\":\"tooltip\",\"key\":\"closeColumn\"}"}]}
RESULT: undefined
COMMAND: POST /session/9e8832e0cb214a9694b7d6436ce31f23/element - {"using":"xpath","value":"//*[@id=\"__button42\"]"}
RESULT: {"using":"xpath","value":"//*[@id=\"__button42\"]"}
COMMAND: POST /session/9e8832e0cb214a9694b7d6436ce31f23/element/f.A963EA71CA7C9571D27BE17D1CCB0928.d.D93E8DD02A389C50493EAE2E603442DA.e.835/click - {}
RESULT: {}
COMMAND: GET /session/9e8832e0cb214a9694b7d6436ce31f23/screenshot - {}
RESULT: {}
COMMAND: POST /session/9e8832e0cb214a9694b7d6436ce31f23/element - {"using":"css selector","value":"#shell-header-logo"}
RESULT: {"using":"css selector","value":"#shell-header-logo"}
COMMAND: POST /session/9e8832e0cb214a9694b7d6436ce31f23/element/f.A963EA71CA7C9571D27BE17D1CCB0928.d.D93E8DD02A389C50493EAE2E603442DA.e.118/click - {}
RESULT: {}
COMMAND: GET /session/9e8832e0cb214a9694b7d6436ce31f23/screenshot - {}
RESULT: {}
COMMAND: POST /session/9e8832e0cb214a9694b7d6436ce31f23/refresh - {}
RESULT: {}
COMMAND: GET /session/9e8832e0cb214a9694b7d6436ce31f23/screenshot - {}
RESULT: {}
COMMAND: POST /session/9e8832e0cb214a9694b7d6436ce31f23/execute/async - {"script":"<script> [189 bytes]","args":[]}
RESULT: {"script":"<script> [189 bytes]","args":[]}
COMMAND: POST /session/9e8832e0cb214a9694b7d6436ce31f23/execute/async - {"script":"<script> [123 bytes]","args":[]}
RESULT: {"script":"<script> [123 bytes]","args":[]}
COMMAND: POST /session/9e8832e0cb214a9694b7d6436ce31f23/timeouts - {"script":"<number>"}
RESULT: {"script":"<number>"}
COMMAND: GET /session/9e8832e0cb214a9694b7d6436ce31f23/timeouts - {}
RESULT: {}
RESULT: undefined
COMMAND: POST /session/9e8832e0cb214a9694b7d6436ce31f23/execute/async - {"script":"<script> [2676 bytes]","args":[]}
RESULT: {"script":"<script> [2676 bytes]","args":[]}
COMMAND: POST /session/9e8832e0cb214a9694b7d6436ce31f23/execute/async - {"script":"<script> [2342 bytes]","args":[{"protocol":"http","hostname":"0.0.0.0","path":"/","capabilities":{"browserName":"chrome","goog:chromeOptions":{"binary":"C:\\Program Files\\Google\\Chrome\\Application\\chrome.exe","args":["--start-maximized"]}},"logLevel":"warn","connectionRetryTimeout":120000,"connectionRetryCount":3,"logLevels":{},"enableDirectConnect":true,"strictSSL":true,"_":"65 more keys: [\"cacheDir\",\"port\",\"requestedCapabilities\",\"automationProtocol\",\"baseUrl\",\"waitforInterval\",\"waitforTimeout\",\"onReload\",\"beforeCommand\",\"afterCommand\",\"rootDir\",\"specs\",\"suites\",\"exclude\",\"groupLogsByTestSpec\",\"excludeDriverLogs\",\"bail\",\"framework\",\"reporters\",\"services\",\"maxInstances\",\"maxInstancesPerCapability\",\"injectGlobals\",\"filesToWatch\",\"execArgv\",\"runnerEnv\",\"runner\",\"shard\",\"specFileRetries\",\"specFileRetriesDelay\",\"specFileRetriesDeferred\",\"reporterSyncInterval\",\"reporterSyncTimeout\",\"cucumberFeaturesWithLineNumbers\",\"autoCompileOpts\",\"mochaOpts\",\"jasmineOpts\",\"cucumberOpts\",\"onPrepare\",\"onWorkerStart\",\"onWorkerEnd\",\"before\",\"beforeSession\",\"beforeSuite\",\"beforeHook\",\"beforeTest\",\"afterTest\",\"afterHook\",\"afterSuite\",\"afterSession\",\"after\",\"onComplete\",\"beforeAssertion\",\"afterAssertion\",\"beforeFeature\",\"beforeScenario\",\"beforeStep\",\"afterStep\",\"afterScenario\",\"afterFeature\",\"_\",\"suite\",\"$0\",\"ignoredWorkerServices\",\"wdi5\"]"}]}
RESULT: {"script":"<script> [2342 bytes]","args":[{"protocol":"http","hostname":"0.0.0.0","path":"/","capabilities":{"browserName":"chrome","goog:chromeOptions":{"binary":"C:\\Program Files\\Google\\Chrome\\Application\\chrome.exe","args":["--start-maximized"]}},"logLevel":"warn","connectionRetryTimeout":120000,"connectionRetryCount":3,"logLevels":{},"enableDirectConnect":true,"strictSSL":true,"_":"65 more keys: [\"cacheDir\",\"port\",\"requestedCapabilities\",\"automationProtocol\",\"baseUrl\",\"waitforInterval\",\"waitforTimeout\",\"onReload\",\"beforeCommand\",\"afterCommand\",\"rootDir\",\"specs\",\"suites\",\"exclude\",\"groupLogsByTestSpec\",\"excludeDriverLogs\",\"bail\",\"framework\",\"reporters\",\"services\",\"maxInstances\",\"maxInstancesPerCapability\",\"injectGlobals\",\"filesToWatch\",\"execArgv\",\"runnerEnv\",\"runner\",\"shard\",\"specFileRetries\",\"specFileRetriesDelay\",\"specFileRetriesDeferred\",\"reporterSyncInterval\",\"reporterSyncTimeout\",\"cucumberFeaturesWithLineNumbers\",\"autoCompileOpts\",\"mochaOpts\",\"jasmineOpts\",\"cucumberOpts\",\"onPrepare\",\"onWorkerStart\",\"onWorkerEnd\",\"before\",\"beforeSession\",\"beforeSuite\",\"beforeHook\",\"beforeTest\",\"afterTest\",\"afterHook\",\"afterSuite\",\"afterSession\",\"after\",\"onComplete\",\"beforeAssertion\",\"afterAssertion\",\"beforeFeature\",\"beforeScenario\",\"beforeStep\",\"afterStep\",\"afterScenario\",\"afterFeature\",\"_\",\"suite\",\"$0\",\"ignoredWorkerServices\",\"wdi5\"]"}]}
COMMAND: POST /session/9e8832e0cb214a9694b7d6436ce31f23/execute/async - {"script":"<script> [21126 bytes]","args":[35000]}
RESULT: {"script":"<script> [21126 bytes]","args":[35000]}
COMMAND: POST /session/9e8832e0cb214a9694b7d6436ce31f23/execute/async - {"script":"<script> [1562 bytes]","args":[{"selector":{"controlType":"sap.m.GenericTile","properties":{"header":"Manage Sites"}},"wdio_ui5_key":"sapm.GenericTile{\"header\":\"Manage Sites\"}"}]}
RESULT: {"script":"<script> [1562 bytes]","args":[{"selector":{"controlType":"sap.m.GenericTile","properties":{"header":"Manage Sites"}},"wdio_ui5_key":"sapm.GenericTile{\"header\":\"Manage Sites\"}"}]}
RESULT: undefined
COMMAND: POST /session/9e8832e0cb214a9694b7d6436ce31f23/element - {"using":"xpath","value":"//*[@id=\"__tile40\"]"}
RESULT: {"using":"xpath","value":"//*[@id=\"__tile40\"]"}
COMMAND: POST /session/9e8832e0cb214a9694b7d6436ce31f23/element/f.A963EA71CA7C9571D27BE17D1CCB0928.d.1C4FA11F00EED627002DEFC696C5B1E7.e.1189/click - {}
RESULT: {}
COMMAND: GET /session/9e8832e0cb214a9694b7d6436ce31f23/screenshot - {}
RESULT: {}
COMMAND: POST /session/9e8832e0cb214a9694b7d6436ce31f23/execute/async - {"script":"<script> [1562 bytes]","args":[{"selector":{"controlType":"sap.ui.core.Icon","viewName":"etm.portal.ui.managesites.view.Master","viewId":"application-managesites-display-component---masterSite","properties":{"src":{"regex":{"source":"add"}}}},"wdio_ui5_key":"etmportal.ui.managesites.view.Mastersap.ui.core.Icon{\"src\":{\"regex\":{\"source\":\"add\"}}}"}]}
RESULT: {"script":"<script> [1562 bytes]","args":[{"selector":{"controlType":"sap.ui.core.Icon","viewName":"etm.portal.ui.managesites.view.Master","viewId":"application-managesites-display-component---masterSite","properties":{"src":{"regex":{"source":"add"}}}},"wdio_ui5_key":"etmportal.ui.managesites.view.Mastersap.ui.core.Icon{\"src\":{\"regex\":{\"source\":\"add\"}}}"}]}
RESULT: undefined
COMMAND: POST /session/9e8832e0cb214a9694b7d6436ce31f23/element - {"using":"xpath","value":"//*[@id=\"__button4-img\"]"}
RESULT: {"using":"xpath","value":"//*[@id=\"__button4-img\"]"}
COMMAND: POST /session/9e8832e0cb214a9694b7d6436ce31f23/element/f.A963EA71CA7C9571D27BE17D1CCB0928.d.1C4FA11F00EED627002DEFC696C5B1E7.e.1239/click - {}
RESULT: {}
COMMAND: POST /session/9e8832e0cb214a9694b7d6436ce31f23/execute/async - {"script":"<script> [1562 bytes]","args":[{"selector":{"id":"application-managesites-display-component---NewSite--siteId","interaction":{"idSuffix":"inner"}},"wdio_ui5_key":"applicationmanagesites-display-component---NewSite--siteId"}]}
COMMAND: GET /session/9e8832e0cb214a9694b7d6436ce31f23/screenshot - {}
RESULT: {"script":"<script> [1562 bytes]","args":[{"selector":{"id":"application-managesites-display-component---NewSite--siteId","interaction":{"idSuffix":"inner"}},"wdio_ui5_key":"applicationmanagesites-display-component---NewSite--siteId"}]}
RESULT: undefined
COMMAND: POST /session/9e8832e0cb214a9694b7d6436ce31f23/execute/async - {"script":"<script> [1562 bytes]","args":[{"selector":{"id":"application-managesites-display-component---NewSite--addressDetailDetailsName1","interaction":{"idSuffix":"inner"}},"wdio_ui5_key":"applicationmanagesites-display-component---NewSite--addressDetailDetailsName1"}]}
RESULT: {}
RESULT: {"script":"<script> [1562 bytes]","args":[{"selector":{"id":"application-managesites-display-component---NewSite--addressDetailDetailsName1","interaction":{"idSuffix":"inner"}},"wdio_ui5_key":"applicationmanagesites-display-component---NewSite--addressDetailDetailsName1"}]}
RESULT: undefined
COMMAND: POST /session/9e8832e0cb214a9694b7d6436ce31f23/execute/async - {"script":"<script> [776 bytes]","args":[{"enterText":"WebdriverSitewdlu2l","selector":{"id":"application-managesites-display-component---NewSite--addressDetailDetailsName1","interaction":{"idSuffix":"inner"}},"clearTextFirst":true,"interactionType":"ENTER_TEXT"}]}
RESULT: {"script":"<script> [776 bytes]","args":[{"enterText":"WebdriverSitewdlu2l","selector":{"id":"application-managesites-display-component---NewSite--addressDetailDetailsName1","interaction":{"idSuffix":"inner"}},"clearTextFirst":true,"interactionType":"ENTER_TEXT"}]}
COMMAND: POST /session/9e8832e0cb214a9694b7d6436ce31f23/execute/async - {"script":"<script> [1562 bytes]","args":[{"selector":{"id":"application-managesites-display-component---NewSite--addressDetailDetailsLanguage","interaction":{"idSuffix":"inner"}},"wdio_ui5_key":"applicationmanagesites-display-component---NewSite--addressDetailDetailsLanguage"}]}
RESULT: {"script":"<script> [1562 bytes]","args":[{"selector":{"id":"application-managesites-display-component---NewSite--addressDetailDetailsLanguage","interaction":{"idSuffix":"inner"}},"wdio_ui5_key":"applicationmanagesites-display-component---NewSite--addressDetailDetailsLanguage"}]}
RESULT: undefined
COMMAND: POST /session/9e8832e0cb214a9694b7d6436ce31f23/execute/async - {"script":"<script> [776 bytes]","args":[{"enterText":"Romanian","selector":{"id":"application-managesites-display-component---NewSite--addressDetailDetailsLanguage","interaction":{"idSuffix":"inner"}},"clearTextFirst":true,"interactionType":"ENTER_TEXT"}]}
RESULT: {"script":"<script> [776 bytes]","args":[{"enterText":"Romanian","selector":{"id":"application-managesites-display-component---NewSite--addressDetailDetailsLanguage","interaction":{"idSuffix":"inner"}},"clearTextFirst":true,"interactionType":"ENTER_TEXT"}]}
COMMAND: POST /session/9e8832e0cb214a9694b7d6436ce31f23/execute/async - {"script":"<script> [1562 bytes]","args":[{"selector":{"id":"application-managesites-display-component---NewSite--addressDetailDetailsCity1","interaction":{"idSuffix":"inner"}},"wdio_ui5_key":"applicationmanagesites-display-component---NewSite--addressDetailDetailsCity1"}]}
RESULT: {"script":"<script> [1562 bytes]","args":[{"selector":{"id":"application-managesites-display-component---NewSite--addressDetailDetailsCity1","interaction":{"idSuffix":"inner"}},"wdio_ui5_key":"applicationmanagesites-display-component---NewSite--addressDetailDetailsCity1"}]}
RESULT: undefined
COMMAND: POST /session/9e8832e0cb214a9694b7d6436ce31f23/execute/async - {"script":"<script> [776 bytes]","args":[{"enterText":"Bucharest","selector":{"id":"application-managesites-display-component---NewSite--addressDetailDetailsCity1","interaction":{"idSuffix":"inner"}},"clearTextFirst":true,"interactionType":"ENTER_TEXT"}]}
RESULT: {"script":"<script> [776 bytes]","args":[{"enterText":"Bucharest","selector":{"id":"application-managesites-display-component---NewSite--addressDetailDetailsCity1","interaction":{"idSuffix":"inner"}},"clearTextFirst":true,"interactionType":"ENTER_TEXT"}]}
COMMAND: POST /session/9e8832e0cb214a9694b7d6436ce31f23/execute/async - {"script":"<script> [1562 bytes]","args":[{"selector":{"id":"application-managesites-display-component---NewSite--addressDetailDetailsCountry","interaction":{"idSuffix":"inner"}},"wdio_ui5_key":"applicationmanagesites-display-component---NewSite--addressDetailDetailsCountry"}]}
RESULT: {"script":"<script> [1562 bytes]","args":[{"selector":{"id":"application-managesites-display-component---NewSite--addressDetailDetailsCountry","interaction":{"idSuffix":"inner"}},"wdio_ui5_key":"applicationmanagesites-display-component---NewSite--addressDetailDetailsCountry"}]}
RESULT: undefined
COMMAND: POST /session/9e8832e0cb214a9694b7d6436ce31f23/execute/async - {"script":"<script> [776 bytes]","args":[{"enterText":"Romania","selector":{"id":"application-managesites-display-component---NewSite--addressDetailDetailsCountry","interaction":{"idSuffix":"inner"}},"clearTextFirst":true,"interactionType":"ENTER_TEXT"}]}
RESULT: {"script":"<script> [776 bytes]","args":[{"enterText":"Romania","selector":{"id":"application-managesites-display-component---NewSite--addressDetailDetailsCountry","interaction":{"idSuffix":"inner"}},"clearTextFirst":true,"interactionType":"ENTER_TEXT"}]}
COMMAND: POST /session/9e8832e0cb214a9694b7d6436ce31f23/element - {"using":"css selector","value":"#application-managesites-display-component---NewSite--addressDetailDetailsCalendar-inner"}
RESULT: {"using":"css selector","value":"#application-managesites-display-component---NewSite--addressDetailDetailsCalendar-inner"}
COMMAND: POST /session/9e8832e0cb214a9694b7d6436ce31f23/element/f.A963EA71CA7C9571D27BE17D1CCB0928.d.1C4FA11F00EED627002DEFC696C5B1E7.e.1451/clear - {}
RESULT: {}
COMMAND: POST /session/9e8832e0cb214a9694b7d6436ce31f23/element/f.A963EA71CA7C9571D27BE17D1CCB0928.d.1C4FA11F00EED627002DEFC696C5B1E7.e.1451/value - {"text":"Germany"}
COMMAND: GET /session/9e8832e0cb214a9694b7d6436ce31f23/screenshot - {}
RESULT: {"text":"Germany"}
COMMAND: POST /session/9e8832e0cb214a9694b7d6436ce31f23/execute/async - {"script":"<script> [1562 bytes]","args":[{"selector":{"id":"application-managesites-display-component---NewSite--addressEditDetailsCostObjectCstType-arrow"},"wdio_ui5_key":"applicationmanagesites-display-component---NewSite--addressEditDetailsCostObjectCstType-arrow"}]}
COMMAND: GET /session/9e8832e0cb214a9694b7d6436ce31f23/screenshot - {}
RESULT: {}
RESULT: {"script":"<script> [1562 bytes]","args":[{"selector":{"id":"application-managesites-display-component---NewSite--addressEditDetailsCostObjectCstType-arrow"},"wdio_ui5_key":"applicationmanagesites-display-component---NewSite--addressEditDetailsCostObjectCstType-arrow"}]}
RESULT: undefined
COMMAND: POST /session/9e8832e0cb214a9694b7d6436ce31f23/element - {"using":"xpath","value":"//*[@id=\"application-managesites-display-component---NewSite--addressEditDetailsCostObjectCstType-arrow\"]"}
RESULT: {}
RESULT: {"using":"xpath","value":"//*[@id=\"application-managesites-display-component---NewSite--addressEditDetailsCostObjectCstType-arrow\"]"}
COMMAND: POST /session/9e8832e0cb214a9694b7d6436ce31f23/element/f.A963EA71CA7C9571D27BE17D1CCB0928.d.1C4FA11F00EED627002DEFC696C5B1E7.e.1623/click - {}
RESULT: {}
COMMAND: POST /session/9e8832e0cb214a9694b7d6436ce31f23/element - {"using":"xpath","value":"//span[contains(text(), \"Work Breakdown Structure\")]"}
COMMAND: GET /session/9e8832e0cb214a9694b7d6436ce31f23/screenshot - {}
RESULT: {"using":"xpath","value":"//span[contains(text(), \"Work Breakdown Structure\")]"}
COMMAND: POST /session/9e8832e0cb214a9694b7d6436ce31f23/element/f.A963EA71CA7C9571D27BE17D1CCB0928.d.1C4FA11F00EED627002DEFC696C5B1E7.e.1624/click - {}
RESULT: {}
RESULT: {}
COMMAND: GET /session/9e8832e0cb214a9694b7d6436ce31f23/screenshot - {}
RESULT: {}
COMMAND: POST /session/9e8832e0cb214a9694b7d6436ce31f23/execute/async - {"script":"<script> [1562 bytes]","args":[{"selector":{"id":"application-managesites-display-component---NewSite--addressNewCostObjectCstID-vhi"},"wdio_ui5_key":"applicationmanagesites-display-component---NewSite--addressNewCostObjectCstID-vhi"}]}
RESULT: {"script":"<script> [1562 bytes]","args":[{"selector":{"id":"application-managesites-display-component---NewSite--addressNewCostObjectCstID-vhi"},"wdio_ui5_key":"applicationmanagesites-display-component---NewSite--addressNewCostObjectCstID-vhi"}]}
RESULT: undefined
COMMAND: POST /session/9e8832e0cb214a9694b7d6436ce31f23/element - {"using":"xpath","value":"//*[@id=\"application-managesites-display-component---NewSite--addressNewCostObjectCstID-vhi\"]"}
RESULT: {"using":"xpath","value":"//*[@id=\"application-managesites-display-component---NewSite--addressNewCostObjectCstID-vhi\"]"}
COMMAND: POST /session/9e8832e0cb214a9694b7d6436ce31f23/element/f.A963EA71CA7C9571D27BE17D1CCB0928.d.1C4FA11F00EED627002DEFC696C5B1E7.e.1629/click - {}
RESULT: {}
COMMAND: GET /session/9e8832e0cb214a9694b7d6436ce31f23/screenshot - {}
RESULT: {}
COMMAND: POST /session/9e8832e0cb214a9694b7d6436ce31f23/execute/async - {"script":"<script> [1562 bytes]","args":[{"selector":{"controlType":"sap.m.SearchField","properties":{"placeholder":"Search"},"searchOpenDialogs":true,"interaction":{"idSuffix":"I"}},"wdio_ui5_key":"sapm.SearchField{\"placeholder\":\"Search\"}"}]}
RESULT: {"script":"<script> [1562 bytes]","args":[{"selector":{"controlType":"sap.m.SearchField","properties":{"placeholder":"Search"},"searchOpenDialogs":true,"interaction":{"idSuffix":"I"}},"wdio_ui5_key":"sapm.SearchField{\"placeholder\":\"Search\"}"}]}
RESULT: undefined
COMMAND: POST /session/9e8832e0cb214a9694b7d6436ce31f23/execute/async - {"script":"<script> [776 bytes]","args":[{"enterText":"A1-000100-01","selector":{"controlType":"sap.m.SearchField","properties":{"placeholder":"Search"},"searchOpenDialogs":true,"interaction":{"idSuffix":"I"}},"clearTextFirst":true,"interactionType":"ENTER_TEXT"}]}
RESULT: {"script":"<script> [776 bytes]","args":[{"enterText":"A1-000100-01","selector":{"controlType":"sap.m.SearchField","properties":{"placeholder":"Search"},"searchOpenDialogs":true,"interaction":{"idSuffix":"I"}},"clearTextFirst":true,"interactionType":"ENTER_TEXT"}]}
COMMAND: POST /session/9e8832e0cb214a9694b7d6436ce31f23/actions - {"actions":[{"id":"action3","type":"key","parameters":{},"actions":[{"type":"keyDown","value":"î€‡"},{"type":"pause","duration":10},{"type":"keyUp","value":"î€‡"}]}]}
RESULT: {"actions":[{"id":"action3","type":"key","parameters":{},"actions":[{"type":"keyDown","value":"î€‡"},{"type":"pause","duration":10},{"type":"keyUp","value":"î€‡"}]}]}
COMMAND: GET /session/9e8832e0cb214a9694b7d6436ce31f23/screenshot - {}
RESULT: {}
COMMAND: POST /session/9e8832e0cb214a9694b7d6436ce31f23/element - {"using":"xpath","value":"//span[contains(text(), \"Template for ETO-Process\")]"}
RESULT: {"using":"xpath","value":"//span[contains(text(), \"Template for ETO-Process\")]"}
COMMAND: POST /session/9e8832e0cb214a9694b7d6436ce31f23/element/f.A963EA71CA7C9571D27BE17D1CCB0928.d.1C4FA11F00EED627002DEFC696C5B1E7.e.1649/click - {}
RESULT: {}
COMMAND: GET /session/9e8832e0cb214a9694b7d6436ce31f23/screenshot - {}
RESULT: {}
COMMAND: POST /session/9e8832e0cb214a9694b7d6436ce31f23/element - {"using":"xpath","value":"//bdi[contains(text(), \"OK\")]"}
RESULT: {"using":"xpath","value":"//bdi[contains(text(), \"OK\")]"}
COMMAND: POST /session/9e8832e0cb214a9694b7d6436ce31f23/element/f.A963EA71CA7C9571D27BE17D1CCB0928.d.1C4FA11F00EED627002DEFC696C5B1E7.e.1650/click - {}
RESULT: {}
COMMAND: GET /session/9e8832e0cb214a9694b7d6436ce31f23/screenshot - {}
RESULT: {}
COMMAND: POST /session/9e8832e0cb214a9694b7d6436ce31f23/element - {"using":"xpath","value":"//input[@id=\"application-managesites-display-component---NewSite--addressDetailDetailsYard-inner\"]"}
RESULT: {"using":"xpath","value":"//input[@id=\"application-managesites-display-component---NewSite--addressDetailDetailsYard-inner\"]"}
COMMAND: POST /session/9e8832e0cb214a9694b7d6436ce31f23/element/f.A963EA71CA7C9571D27BE17D1CCB0928.d.1C4FA11F00EED627002DEFC696C5B1E7.e.1452/value - {"text":"480"}
RESULT: {"text":"480"}
COMMAND: GET /session/9e8832e0cb214a9694b7d6436ce31f23/screenshot - {}
RESULT: {}
COMMAND: POST /session/9e8832e0cb214a9694b7d6436ce31f23/actions - {"actions":[{"id":"action4","type":"key","parameters":{},"actions":[{"type":"keyDown","value":"î€‡"},{"type":"pause","duration":10},{"type":"keyUp","value":"î€‡"}]}]}
RESULT: {"actions":[{"id":"action4","type":"key","parameters":{},"actions":[{"type":"keyDown","value":"î€‡"},{"type":"pause","duration":10},{"type":"keyUp","value":"î€‡"}]}]}
COMMAND: GET /session/9e8832e0cb214a9694b7d6436ce31f23/screenshot - {}
RESULT: {}
COMMAND: POST /session/9e8832e0cb214a9694b7d6436ce31f23/element - {"using":"xpath","value":"//input[@id=\"application-managesites-display-component---NewSite--addressDetailDetailsPartner-inner\"]"}
RESULT: {"using":"xpath","value":"//input[@id=\"application-managesites-display-component---NewSite--addressDetailDetailsPartner-inner\"]"}
COMMAND: POST /session/9e8832e0cb214a9694b7d6436ce31f23/elements - {"using":"xpath","value":"//input[@id=\"application-managesites-display-component---NewSite--addressDetailDetailsPartner-inner\"]"}
RESULT: {"using":"xpath","value":"//input[@id=\"application-managesites-display-component---NewSite--addressDetailDetailsPartner-inner\"]"}
COMMAND: POST /session/9e8832e0cb214a9694b7d6436ce31f23/execute/async - {"script":"<script> [1562 bytes]","args":[{"selector":{"controlType":"sap.m.Button","viewName":"etm.portal.ui.managesites.view.NewSmartSite","viewId":"application-managesites-display-component---NewSite","properties":{"text":"Commercial"},"interaction":{"idSuffix":"BDI-content"}},"wdio_ui5_key":"etmportal.ui.managesites.view.NewSmartSitesap.m.Button{\"text\":\"Commercial\"}"}]}
RESULT: {"script":"<script> [1562 bytes]","args":[{"selector":{"controlType":"sap.m.Button","viewName":"etm.portal.ui.managesites.view.NewSmartSite","viewId":"application-managesites-display-component---NewSite","properties":{"text":"Commercial"},"interaction":{"idSuffix":"BDI-content"}},"wdio_ui5_key":"etmportal.ui.managesites.view.NewSmartSitesap.m.Button{\"text\":\"Commercial\"}"}]}
RESULT: undefined
COMMAND: POST /session/9e8832e0cb214a9694b7d6436ce31f23/element - {"using":"xpath","value":"//*[@id=\"application-managesites-display-component---NewSite--ObjectPageLayout-anchBar-__section5-anchor\"]"}
RESULT: {"using":"xpath","value":"//*[@id=\"application-managesites-display-component---NewSite--ObjectPageLayout-anchBar-__section5-anchor\"]"}
COMMAND: POST /session/9e8832e0cb214a9694b7d6436ce31f23/element/f.A963EA71CA7C9571D27BE17D1CCB0928.d.1C4FA11F00EED627002DEFC696C5B1E7.e.1657/click - {}
RESULT: {}
COMMAND: POST /session/9e8832e0cb214a9694b7d6436ce31f23/execute/async - {"script":"<script> [1562 bytes]","args":[{"selector":{"controlType":"sap.m.Button","viewName":"etm.portal.ui.managesites.view.NewSmartSite","viewId":"application-managesites-display-component---NewSite","i18NText":{"propertyName":"text","key":"save"},"interaction":{"idSuffix":"BDI-content"}},"wdio_ui5_key":"etmportal.ui.managesites.view.NewSmartSitesap.m.Button{\"propertyName\":\"text\",\"key\":\"save\"}"}]}
COMMAND: GET /session/9e8832e0cb214a9694b7d6436ce31f23/screenshot - {}
RESULT: {"script":"<script> [1562 bytes]","args":[{"selector":{"controlType":"sap.m.Button","viewName":"etm.portal.ui.managesites.view.NewSmartSite","viewId":"application-managesites-display-component---NewSite","i18NText":{"propertyName":"text","key":"save"},"interaction":{"idSuffix":"BDI-content"}},"wdio_ui5_key":"etmportal.ui.managesites.view.NewSmartSitesap.m.Button{\"propertyName\":\"text\",\"key\":\"save\"}"}]}
RESULT: undefined
COMMAND: POST /session/9e8832e0cb214a9694b7d6436ce31f23/element - {"using":"xpath","value":"//*[@id=\"__button16\"]"}
RESULT: {}
RESULT: {"using":"xpath","value":"//*[@id=\"__button16\"]"}
COMMAND: POST /session/9e8832e0cb214a9694b7d6436ce31f23/element/f.A963EA71CA7C9571D27BE17D1CCB0928.d.1C4FA11F00EED627002DEFC696C5B1E7.e.1599/click - {}
RESULT: {}
COMMAND: GET /session/9e8832e0cb214a9694b7d6436ce31f23/screenshot - {}
RESULT: {}
COMMAND: POST /session/9e8832e0cb214a9694b7d6436ce31f23/execute/async - {"script":"<script> [1562 bytes]","args":[{"selector":{"id":"application-managesites-display-component---detailSite--addressDetailDetailsYardText"},"wdio_ui5_key":"applicationmanagesites-display-component---detailSite--addressDetailDetailsYardText"}]}
RESULT: {"script":"<script> [1562 bytes]","args":[{"selector":{"id":"application-managesites-display-component---detailSite--addressDetailDetailsYardText"},"wdio_ui5_key":"applicationmanagesites-display-component---detailSite--addressDetailDetailsYardText"}]}
RESULT: undefined
COMMAND: POST /session/9e8832e0cb214a9694b7d6436ce31f23/element - {"using":"xpath","value":"//header/div/div[2]/div[2]/span"}
RESULT: {"using":"xpath","value":"//header/div/div[2]/div[2]/span"}
COMMAND: GET /session/9e8832e0cb214a9694b7d6436ce31f23/element/f.A963EA71CA7C9571D27BE17D1CCB0928.d.1C4FA11F00EED627002DEFC696C5B1E7.e.1860/text - {}
RESULT: {}
COMMAND: POST /session/9e8832e0cb214a9694b7d6436ce31f23/element - {"using":"xpath","value":"//header/div/div/div/div/div/div[2]/div/span"}
RESULT: {"using":"xpath","value":"//header/div/div/div/div/div/div[2]/div/span"}
COMMAND: GET /session/9e8832e0cb214a9694b7d6436ce31f23/element/f.A963EA71CA7C9571D27BE17D1CCB0928.d.1C4FA11F00EED627002DEFC696C5B1E7.e.1861/text - {}
RESULT: {}
COMMAND: POST /session/9e8832e0cb214a9694b7d6436ce31f23/element - {"using":"css selector","value":"#shell-header-logo"}
RESULT: {"using":"css selector","value":"#shell-header-logo"}
COMMAND: POST /session/9e8832e0cb214a9694b7d6436ce31f23/element/f.A963EA71CA7C9571D27BE17D1CCB0928.d.1C4FA11F00EED627002DEFC696C5B1E7.e.1192/click - {}
RESULT: {}
COMMAND: GET /session/9e8832e0cb214a9694b7d6436ce31f23/screenshot - {}
RESULT: {}
COMMAND: POST /session/9e8832e0cb214a9694b7d6436ce31f23/execute/async - {"script":"<script> [1562 bytes]","args":[{"selector":{"controlType":"sap.m.GenericTile","properties":{"header":"Manage Partners"}},"wdio_ui5_key":"sapm.GenericTile{\"header\":\"Manage Partners\"}"}]}
RESULT: {"script":"<script> [1562 bytes]","args":[{"selector":{"controlType":"sap.m.GenericTile","properties":{"header":"Manage Partners"}},"wdio_ui5_key":"sapm.GenericTile{\"header\":\"Manage Partners\"}"}]}
RESULT: undefined
COMMAND: POST /session/9e8832e0cb214a9694b7d6436ce31f23/element - {"using":"xpath","value":"//*[@id=\"__tile38\"]"}
RESULT: {"using":"xpath","value":"//*[@id=\"__tile38\"]"}
COMMAND: POST /session/9e8832e0cb214a9694b7d6436ce31f23/element/f.A963EA71CA7C9571D27BE17D1CCB0928.d.1C4FA11F00EED627002DEFC696C5B1E7.e.1863/click - {}
RESULT: {}
COMMAND: GET /session/9e8832e0cb214a9694b7d6436ce31f23/screenshot - {}
RESULT: {}
COMMAND: POST /session/9e8832e0cb214a9694b7d6436ce31f23/execute/async - {"script":"<script> [1562 bytes]","args":[{"selector":{"controlType":"sap.ui.core.Icon","viewName":"etm.portal.ui.managepartners.view.Master","viewId":"application-managepartners-display-component---masterPtm","properties":{"src":{"regex":{"source":"add"}}}},"wdio_ui5_key":"etmportal.ui.managepartners.view.Mastersap.ui.core.Icon{\"src\":{\"regex\":{\"source\":\"add\"}}}"}]}
RESULT: {"script":"<script> [1562 bytes]","args":[{"selector":{"controlType":"sap.ui.core.Icon","viewName":"etm.portal.ui.managepartners.view.Master","viewId":"application-managepartners-display-component---masterPtm","properties":{"src":{"regex":{"source":"add"}}}},"wdio_ui5_key":"etmportal.ui.managepartners.view.Mastersap.ui.core.Icon{\"src\":{\"regex\":{\"source\":\"add\"}}}"}]}
RESULT: undefined
COMMAND: POST /session/9e8832e0cb214a9694b7d6436ce31f23/element - {"using":"xpath","value":"//*[@id=\"__button60-img\"]"}
RESULT: {"using":"xpath","value":"//*[@id=\"__button60-img\"]"}
COMMAND: POST /session/9e8832e0cb214a9694b7d6436ce31f23/element/f.A963EA71CA7C9571D27BE17D1CCB0928.d.1C4FA11F00EED627002DEFC696C5B1E7.e.1912/click - {}
RESULT: {}
COMMAND: GET /session/9e8832e0cb214a9694b7d6436ce31f23/screenshot - {}
RESULT: {}
COMMAND: POST /session/9e8832e0cb214a9694b7d6436ce31f23/execute/async - {"script":"<script> [1562 bytes]","args":[{"selector":{"id":"application-managepartners-display-component---NewPartner--partnerId","interaction":{"idSuffix":"inner"}},"wdio_ui5_key":"applicationmanagepartners-display-component---NewPartner--partnerId"}]}
RESULT: {"script":"<script> [1562 bytes]","args":[{"selector":{"id":"application-managepartners-display-component---NewPartner--partnerId","interaction":{"idSuffix":"inner"}},"wdio_ui5_key":"applicationmanagepartners-display-component---NewPartner--partnerId"}]}
RESULT: undefined
COMMAND: POST /session/9e8832e0cb214a9694b7d6436ce31f23/execute/async - {"script":"<script> [1562 bytes]","args":[{"selector":{"id":"application-managepartners-display-component---NewPartner--addressDetailDetailsName1","interaction":{"idSuffix":"inner"}},"wdio_ui5_key":"applicationmanagepartners-display-component---NewPartner--addressDetailDetailsName1"}]}
RESULT: {"script":"<script> [1562 bytes]","args":[{"selector":{"id":"application-managepartners-display-component---NewPartner--addressDetailDetailsName1","interaction":{"idSuffix":"inner"}},"wdio_ui5_key":"applicationmanagepartners-display-component---NewPartner--addressDetailDetailsName1"}]}
RESULT: undefined
COMMAND: POST /session/9e8832e0cb214a9694b7d6436ce31f23/execute/async - {"script":"<script> [776 bytes]","args":[{"enterText":"WebdriverPartnerzrr48","selector":{"id":"application-managepartners-display-component---NewPartner--addressDetailDetailsName1","interaction":{"idSuffix":"inner"}},"clearTextFirst":true,"interactionType":"ENTER_TEXT"}]}
RESULT: {"script":"<script> [776 bytes]","args":[{"enterText":"WebdriverPartnerzrr48","selector":{"id":"application-managepartners-display-component---NewPartner--addressDetailDetailsName1","interaction":{"idSuffix":"inner"}},"clearTextFirst":true,"interactionType":"ENTER_TEXT"}]}
COMMAND: POST /session/9e8832e0cb214a9694b7d6436ce31f23/execute/async - {"script":"<script> [1562 bytes]","args":[{"selector":{"id":"application-managepartners-display-component---NewPartner--addressDetailDetailsLanguage","interaction":{"idSuffix":"inner"}},"wdio_ui5_key":"applicationmanagepartners-display-component---NewPartner--addressDetailDetailsLanguage"}]}
RESULT: {"script":"<script> [1562 bytes]","args":[{"selector":{"id":"application-managepartners-display-component---NewPartner--addressDetailDetailsLanguage","interaction":{"idSuffix":"inner"}},"wdio_ui5_key":"applicationmanagepartners-display-component---NewPartner--addressDetailDetailsLanguage"}]}
RESULT: undefined
COMMAND: POST /session/9e8832e0cb214a9694b7d6436ce31f23/execute/async - {"script":"<script> [776 bytes]","args":[{"enterText":"Romanian","selector":{"id":"application-managepartners-display-component---NewPartner--addressDetailDetailsLanguage","interaction":{"idSuffix":"inner"}},"clearTextFirst":true,"interactionType":"ENTER_TEXT"}]}
RESULT: {"script":"<script> [776 bytes]","args":[{"enterText":"Romanian","selector":{"id":"application-managepartners-display-component---NewPartner--addressDetailDetailsLanguage","interaction":{"idSuffix":"inner"}},"clearTextFirst":true,"interactionType":"ENTER_TEXT"}]}
COMMAND: POST /session/9e8832e0cb214a9694b7d6436ce31f23/element - {"using":"xpath","value":"//input[contains(@id ,\"application-managepartners-display-component---NewPartner--addressDetailDetailsName1-inner\")]"}
RESULT: {"using":"xpath","value":"//input[contains(@id ,\"application-managepartners-display-component---NewPartner--addressDetailDetailsName1-inner\")]"}
COMMAND: GET /session/9e8832e0cb214a9694b7d6436ce31f23/element/f.A963EA71CA7C9571D27BE17D1CCB0928.d.1C4FA11F00EED627002DEFC696C5B1E7.e.2116/property/value - {}
RESULT: {}
COMMAND: POST /session/9e8832e0cb214a9694b7d6436ce31f23/execute/async - {"script":"<script> [1562 bytes]","args":[{"selector":{"id":"application-managepartners-display-component---NewPartner--addressDetailDetailsCity1","interaction":{"idSuffix":"inner"}},"wdio_ui5_key":"applicationmanagepartners-display-component---NewPartner--addressDetailDetailsCity1"}]}
COMMAND: GET /session/9e8832e0cb214a9694b7d6436ce31f23/screenshot - {}
RESULT: {"script":"<script> [1562 bytes]","args":[{"selector":{"id":"application-managepartners-display-component---NewPartner--addressDetailDetailsCity1","interaction":{"idSuffix":"inner"}},"wdio_ui5_key":"applicationmanagepartners-display-component---NewPartner--addressDetailDetailsCity1"}]}
RESULT: undefined
COMMAND: POST /session/9e8832e0cb214a9694b7d6436ce31f23/execute/async - {"script":"<script> [776 bytes]","args":[{"enterText":"Bucharest","selector":{"id":"application-managepartners-display-component---NewPartner--addressDetailDetailsCity1","interaction":{"idSuffix":"inner"}},"clearTextFirst":true,"interactionType":"ENTER_TEXT"}]}
RESULT: {}
RESULT: {"script":"<script> [776 bytes]","args":[{"enterText":"Bucharest","selector":{"id":"application-managepartners-display-component---NewPartner--addressDetailDetailsCity1","interaction":{"idSuffix":"inner"}},"clearTextFirst":true,"interactionType":"ENTER_TEXT"}]}
COMMAND: POST /session/9e8832e0cb214a9694b7d6436ce31f23/execute/async - {"script":"<script> [1562 bytes]","args":[{"selector":{"id":"application-managepartners-display-component---NewPartner--addressDetailDetailsCountry","interaction":{"idSuffix":"inner"}},"wdio_ui5_key":"applicationmanagepartners-display-component---NewPartner--addressDetailDetailsCountry"}]}
RESULT: {"script":"<script> [1562 bytes]","args":[{"selector":{"id":"application-managepartners-display-component---NewPartner--addressDetailDetailsCountry","interaction":{"idSuffix":"inner"}},"wdio_ui5_key":"applicationmanagepartners-display-component---NewPartner--addressDetailDetailsCountry"}]}
RESULT: undefined
COMMAND: POST /session/9e8832e0cb214a9694b7d6436ce31f23/execute/async - {"script":"<script> [6424 bytes]","args":[{"element-6066-11e4-a52e-4f735466cecf":"f.A963EA71CA7C9571D27BE17D1CCB0928.d.1C4FA11F00EED627002DEFC696C5B1E7.e.2123"},"setValue",["Romania"]]}
RESULT: {"script":"<script> [6424 bytes]","args":[{"element-6066-11e4-a52e-4f735466cecf":"f.A963EA71CA7C9571D27BE17D1CCB0928.d.1C4FA11F00EED627002DEFC696C5B1E7.e.2123"},"setValue",["Romania"]]}
COMMAND: POST /session/9e8832e0cb214a9694b7d6436ce31f23/execute/async - {"script":"<script> [1562 bytes]","args":[{"selector":{"id":"application-managepartners-display-component---NewPartner--partnerDetailInternal","interaction":{"idSuffix":"inner"}},"wdio_ui5_key":"applicationmanagepartners-display-component---NewPartner--partnerDetailInternal"}]}
RESULT: {"script":"<script> [1562 bytes]","args":[{"selector":{"id":"application-managepartners-display-component---NewPartner--partnerDetailInternal","interaction":{"idSuffix":"inner"}},"wdio_ui5_key":"applicationmanagepartners-display-component---NewPartner--partnerDetailInternal"}]}
RESULT: undefined
COMMAND: POST /session/9e8832e0cb214a9694b7d6436ce31f23/execute/async - {"script":"<script> [776 bytes]","args":[{"enterText":"External partner","selector":{"id":"application-managepartners-display-component---NewPartner--partnerDetailInternal","interaction":{"idSuffix":"inner"}},"clearTextFirst":true,"interactionType":"ENTER_TEXT"}]}
RESULT: {"script":"<script> [776 bytes]","args":[{"enterText":"External partner","selector":{"id":"application-managepartners-display-component---NewPartner--partnerDetailInternal","interaction":{"idSuffix":"inner"}},"clearTextFirst":true,"interactionType":"ENTER_TEXT"}]}
COMMAND: POST /session/9e8832e0cb214a9694b7d6436ce31f23/execute/async - {"script":"<script> [1562 bytes]","args":[{"selector":{"id":"application-managepartners-display-component---NewPartner--partnerDetailsCurrency","interaction":{"idSuffix":"inner"}},"wdio_ui5_key":"applicationmanagepartners-display-component---NewPartner--partnerDetailsCurrency"}]}
RESULT: {"script":"<script> [1562 bytes]","args":[{"selector":{"id":"application-managepartners-display-component---NewPartner--partnerDetailsCurrency","interaction":{"idSuffix":"inner"}},"wdio_ui5_key":"applicationmanagepartners-display-component---NewPartner--partnerDetailsCurrency"}]}
RESULT: undefined
COMMAND: POST /session/9e8832e0cb214a9694b7d6436ce31f23/execute/async - {"script":"<script> [776 bytes]","args":[{"enterText":"Euro","selector":{"id":"application-managepartners-display-component---NewPartner--partnerDetailsCurrency","interaction":{"idSuffix":"inner"}},"clearTextFirst":true,"interactionType":"ENTER_TEXT"}]}
RESULT: {"script":"<script> [776 bytes]","args":[{"enterText":"Euro","selector":{"id":"application-managepartners-display-component---NewPartner--partnerDetailsCurrency","interaction":{"idSuffix":"inner"}},"clearTextFirst":true,"interactionType":"ENTER_TEXT"}]}
COMMAND: POST /session/9e8832e0cb214a9694b7d6436ce31f23/execute/async - {"script":"<script> [1562 bytes]","args":[{"selector":{"controlType":"sap.m.Button","viewName":"etm.portal.ui.managepartners.view.NewPartner","viewId":"application-managepartners-display-component---NewPartner","properties":{"text":"Commercial"},"interaction":{"idSuffix":"BDI-content"}},"wdio_ui5_key":"etmportal.ui.managepartners.view.NewPartnersap.m.Button{\"text\":\"Commercial\"}"}]}
RESULT: {"script":"<script> [1562 bytes]","args":[{"selector":{"controlType":"sap.m.Button","viewName":"etm.portal.ui.managepartners.view.NewPartner","viewId":"application-managepartners-display-component---NewPartner","properties":{"text":"Commercial"},"interaction":{"idSuffix":"BDI-content"}},"wdio_ui5_key":"etmportal.ui.managepartners.view.NewPartnersap.m.Button{\"text\":\"Commercial\"}"}]}
RESULT: undefined
COMMAND: POST /session/9e8832e0cb214a9694b7d6436ce31f23/element - {"using":"xpath","value":"//*[@id=\"application-managepartners-display-component---NewPartner--ObjectPageLayout-anchBar-__section29-anchor\"]"}
RESULT: {"using":"xpath","value":"//*[@id=\"application-managepartners-display-component---NewPartner--ObjectPageLayout-anchBar-__section29-anchor\"]"}
COMMAND: POST /session/9e8832e0cb214a9694b7d6436ce31f23/element/f.A963EA71CA7C9571D27BE17D1CCB0928.d.1C4FA11F00EED627002DEFC696C5B1E7.e.2330/click - {}
RESULT: {}
COMMAND: GET /session/9e8832e0cb214a9694b7d6436ce31f23/screenshot - {}
RESULT: {}
COMMAND: POST /session/9e8832e0cb214a9694b7d6436ce31f23/execute/async - {"script":"<script> [1562 bytes]","args":[{"selector":{"id":"application-managepartners-display-component---NewPartner--btnAddTableRow-img"},"wdio_ui5_key":"applicationmanagepartners-display-component---NewPartner--btnAddTableRow-img"}]}
RESULT: {"script":"<script> [1562 bytes]","args":[{"selector":{"id":"application-managepartners-display-component---NewPartner--btnAddTableRow-img"},"wdio_ui5_key":"applicationmanagepartners-display-component---NewPartner--btnAddTableRow-img"}]}
RESULT: undefined
COMMAND: POST /session/9e8832e0cb214a9694b7d6436ce31f23/element - {"using":"xpath","value":"//*[@id=\"application-managepartners-display-component---NewPartner--btnAddTableRow-img\"]"}
RESULT: {"using":"xpath","value":"//*[@id=\"application-managepartners-display-component---NewPartner--btnAddTableRow-img\"]"}
COMMAND: POST /session/9e8832e0cb214a9694b7d6436ce31f23/element/f.A963EA71CA7C9571D27BE17D1CCB0928.d.1C4FA11F00EED627002DEFC696C5B1E7.e.2336/click - {}
RESULT: {}
COMMAND: POST /session/9e8832e0cb214a9694b7d6436ce31f23/element - {"using":"xpath","value":"//input[contains(@id ,\"application-managepartners-display-component---NewPartner--assignmentYard-application-managepartners-display-component---NewPartner\")]"}
COMMAND: GET /session/9e8832e0cb214a9694b7d6436ce31f23/screenshot - {}
RESULT: {"using":"xpath","value":"//input[contains(@id ,\"application-managepartners-display-component---NewPartner--assignmentYard-application-managepartners-display-component---NewPartner\")]"}
COMMAND: POST /session/9e8832e0cb214a9694b7d6436ce31f23/element/f.A963EA71CA7C9571D27BE17D1CCB0928.d.1C4FA11F00EED627002DEFC696C5B1E7.e.2340/clear - {}
RESULT: {}
RESULT: {}
COMMAND: POST /session/9e8832e0cb214a9694b7d6436ce31f23/element/f.A963EA71CA7C9571D27BE17D1CCB0928.d.1C4FA11F00EED627002DEFC696C5B1E7.e.2340/value - {"text":"480"}
COMMAND: GET /session/9e8832e0cb214a9694b7d6436ce31f23/screenshot - {}
RESULT: {"text":"480"}
COMMAND: GET /session/9e8832e0cb214a9694b7d6436ce31f23/screenshot - {}
RESULT: {}
RESULT: {}
COMMAND: POST /session/9e8832e0cb214a9694b7d6436ce31f23/execute/async - {"script":"<script> [1562 bytes]","args":[{"selector":{"controlType":"sap.m.Button","viewName":"etm.portal.ui.managepartners.view.NewPartner","viewId":"application-managepartners-display-component---NewPartner","i18NText":{"propertyName":"text","key":"save"},"interaction":{"idSuffix":"BDI-content"}},"wdio_ui5_key":"etmportal.ui.managepartners.view.NewPartnersap.m.Button{\"propertyName\":\"text\",\"key\":\"save\"}"}]}
RESULT: {"script":"<script> [1562 bytes]","args":[{"selector":{"controlType":"sap.m.Button","viewName":"etm.portal.ui.managepartners.view.NewPartner","viewId":"application-managepartners-display-component---NewPartner","i18NText":{"propertyName":"text","key":"save"},"interaction":{"idSuffix":"BDI-content"}},"wdio_ui5_key":"etmportal.ui.managepartners.view.NewPartnersap.m.Button{\"propertyName\":\"text\",\"key\":\"save\"}"}]}
RESULT: undefined
COMMAND: POST /session/9e8832e0cb214a9694b7d6436ce31f23/element - {"using":"xpath","value":"//*[@id=\"__button68\"]"}
RESULT: {"using":"xpath","value":"//*[@id=\"__button68\"]"}
COMMAND: POST /session/9e8832e0cb214a9694b7d6436ce31f23/element/f.A963EA71CA7C9571D27BE17D1CCB0928.d.1C4FA11F00EED627002DEFC696C5B1E7.e.2290/click - {}
RESULT: {}
COMMAND: GET /session/9e8832e0cb214a9694b7d6436ce31f23/screenshot - {}
RESULT: {}
COMMAND: POST /session/9e8832e0cb214a9694b7d6436ce31f23/element - {"using":"xpath","value":"//header/div/div[2]/div[2]/span"}
RESULT: {"using":"xpath","value":"//header/div/div[2]/div[2]/span"}
COMMAND: GET /session/9e8832e0cb214a9694b7d6436ce31f23/element/f.A963EA71CA7C9571D27BE17D1CCB0928.d.1C4FA11F00EED627002DEFC696C5B1E7.e.2512/text - {}
RESULT: {}
COMMAND: POST /session/9e8832e0cb214a9694b7d6436ce31f23/element - {"using":"xpath","value":"//header/div/div/div/div/div/div[2]/div/span"}
RESULT: {"using":"xpath","value":"//header/div/div/div/div/div/div[2]/div/span"}
COMMAND: GET /session/9e8832e0cb214a9694b7d6436ce31f23/element/f.A963EA71CA7C9571D27BE17D1CCB0928.d.1C4FA11F00EED627002DEFC696C5B1E7.e.2513/text - {}
RESULT: {}
COMMAND: POST /session/9e8832e0cb214a9694b7d6436ce31f23/execute/async - {"script":"<script> [1562 bytes]","args":[{"selector":{"id":"application-managepartners-display-component---detailPtm--partnerType"},"wdio_ui5_key":"applicationmanagepartners-display-component---detailPtm--partnerType"}]}
RESULT: {"script":"<script> [1562 bytes]","args":[{"selector":{"id":"application-managepartners-display-component---detailPtm--partnerType"},"wdio_ui5_key":"applicationmanagepartners-display-component---detailPtm--partnerType"}]}
RESULT: undefined
COMMAND: POST /session/9e8832e0cb214a9694b7d6436ce31f23/execute/async - {"script":"<script> [6424 bytes]","args":[{"element-6066-11e4-a52e-4f735466cecf":"f.A963EA71CA7C9571D27BE17D1CCB0928.d.1C4FA11F00EED627002DEFC696C5B1E7.e.2514"},"getText",[]]}
RESULT: {"script":"<script> [6424 bytes]","args":[{"element-6066-11e4-a52e-4f735466cecf":"f.A963EA71CA7C9571D27BE17D1CCB0928.d.1C4FA11F00EED627002DEFC696C5B1E7.e.2514"},"getText",[]]}
COMMAND: POST /session/9e8832e0cb214a9694b7d6436ce31f23/element - {"using":"css selector","value":"#shell-header-logo"}
RESULT: {"using":"css selector","value":"#shell-header-logo"}
COMMAND: POST /session/9e8832e0cb214a9694b7d6436ce31f23/element/f.A963EA71CA7C9571D27BE17D1CCB0928.d.1C4FA11F00EED627002DEFC696C5B1E7.e.1866/click - {}
RESULT: {}
COMMAND: GET /session/9e8832e0cb214a9694b7d6436ce31f23/screenshot - {}
RESULT: {}
]]></system-out>
    </testcase>
    <testcase classname="chrome.135_0_7049_96.windows.Webshop_-_Hyperlinks_visible_and_working_properly__US139085" name="Should create a new contract" time="98.433">
      <system-out><![CDATA[
COMMAND: POST /session/9e8832e0cb214a9694b7d6436ce31f23/execute/async - {"script":"<script> [1562 bytes]","args":[{"selector":{"controlType":"sap.m.Text","viewName":"etm.portal.ui.managecontractstile.view.Master","properties":{"text":"Manage Contracts"},"interaction":{"idSuffix":"inner"}},"wdio_ui5_key":"etmportal.ui.managecontractstile.view.Mastersap.m.Text{\"text\":\"Manage Contracts\"}"}]}
RESULT: {"script":"<script> [1562 bytes]","args":[{"selector":{"controlType":"sap.m.Text","viewName":"etm.portal.ui.managecontractstile.view.Master","properties":{"text":"Manage Contracts"},"interaction":{"idSuffix":"inner"}},"wdio_ui5_key":"etmportal.ui.managecontractstile.view.Mastersap.m.Text{\"text\":\"Manage Contracts\"}"}]}
RESULT: undefined
COMMAND: POST /session/9e8832e0cb214a9694b7d6436ce31f23/element - {"using":"xpath","value":"//*[@id=\"__tile130-title\"]"}
RESULT: {"using":"xpath","value":"//*[@id=\"__tile130-title\"]"}
COMMAND: POST /session/9e8832e0cb214a9694b7d6436ce31f23/element/f.A963EA71CA7C9571D27BE17D1CCB0928.d.1C4FA11F00EED627002DEFC696C5B1E7.e.2517/click - {}
RESULT: {}
COMMAND: GET /session/9e8832e0cb214a9694b7d6436ce31f23/screenshot - {}
RESULT: {}
COMMAND: POST /session/9e8832e0cb214a9694b7d6436ce31f23/element - {"using":"xpath","value":"//button[@data-kt=\"addButton\"]"}
RESULT: {"using":"xpath","value":"//button[@data-kt=\"addButton\"]"}
COMMAND: POST /session/9e8832e0cb214a9694b7d6436ce31f23/element/f.A963EA71CA7C9571D27BE17D1CCB0928.d.1C4FA11F00EED627002DEFC696C5B1E7.e.2564/click - {}
RESULT: {}
COMMAND: GET /session/9e8832e0cb214a9694b7d6436ce31f23/screenshot - {}
RESULT: {}
COMMAND: POST /session/9e8832e0cb214a9694b7d6436ce31f23/execute/async - {"script":"<script> [1562 bytes]","args":[{"selector":{"id":"application-managecontracts-display-component---AddNewContract--projectDescription","interaction":{"idSuffix":"inner"}},"wdio_ui5_key":"applicationmanagecontracts-display-component---AddNewContract--projectDescription"}]}
RESULT: {"script":"<script> [1562 bytes]","args":[{"selector":{"id":"application-managecontracts-display-component---AddNewContract--projectDescription","interaction":{"idSuffix":"inner"}},"wdio_ui5_key":"applicationmanagecontracts-display-component---AddNewContract--projectDescription"}]}
RESULT: undefined
COMMAND: POST /session/9e8832e0cb214a9694b7d6436ce31f23/execute/async - {"script":"<script> [776 bytes]","args":[{"enterText":"WdIOR2cgwmntg","selector":{"id":"application-managecontracts-display-component---AddNewContract--projectDescription","interaction":{"idSuffix":"inner"}},"clearTextFirst":true,"interactionType":"ENTER_TEXT"}]}
RESULT: {"script":"<script> [776 bytes]","args":[{"enterText":"WdIOR2cgwmntg","selector":{"id":"application-managecontracts-display-component---AddNewContract--projectDescription","interaction":{"idSuffix":"inner"}},"clearTextFirst":true,"interactionType":"ENTER_TEXT"}]}
COMMAND: POST /session/9e8832e0cb214a9694b7d6436ce31f23/element - {"using":"xpath","value":"//input[@id=\"application-managecontracts-display-component---AddNewContract--yardId-inner\"]"}
RESULT: {"using":"xpath","value":"//input[@id=\"application-managecontracts-display-component---AddNewContract--yardId-inner\"]"}
COMMAND: POST /session/9e8832e0cb214a9694b7d6436ce31f23/element/f.A963EA71CA7C9571D27BE17D1CCB0928.d.1C4FA11F00EED627002DEFC696C5B1E7.e.2849/clear - {}
RESULT: {}
COMMAND: POST /session/9e8832e0cb214a9694b7d6436ce31f23/element/f.A963EA71CA7C9571D27BE17D1CCB0928.d.1C4FA11F00EED627002DEFC696C5B1E7.e.2849/value - {"text":"WebdriverYardkj2hy"}
COMMAND: GET /session/9e8832e0cb214a9694b7d6436ce31f23/screenshot - {}
RESULT: {"text":"WebdriverYardkj2hy"}
COMMAND: GET /session/9e8832e0cb214a9694b7d6436ce31f23/screenshot - {}
RESULT: {}
RESULT: {}
COMMAND: POST /session/9e8832e0cb214a9694b7d6436ce31f23/actions - {"actions":[{"id":"action5","type":"key","parameters":{},"actions":[{"type":"keyDown","value":"î€‡"},{"type":"pause","duration":10},{"type":"keyUp","value":"î€‡"}]}]}
RESULT: {"actions":[{"id":"action5","type":"key","parameters":{},"actions":[{"type":"keyDown","value":"î€‡"},{"type":"pause","duration":10},{"type":"keyUp","value":"î€‡"}]}]}
COMMAND: GET /session/9e8832e0cb214a9694b7d6436ce31f23/screenshot - {}
RESULT: {}
COMMAND: POST /session/9e8832e0cb214a9694b7d6436ce31f23/element - {"using":"xpath","value":"//input[@id=\"application-managecontracts-display-component---AddNewContract--customerSelect-inner\"]"}
RESULT: {"using":"xpath","value":"//input[@id=\"application-managecontracts-display-component---AddNewContract--customerSelect-inner\"]"}
COMMAND: POST /session/9e8832e0cb214a9694b7d6436ce31f23/element/f.A963EA71CA7C9571D27BE17D1CCB0928.d.1C4FA11F00EED627002DEFC696C5B1E7.e.2847/clear - {}
RESULT: {}
COMMAND: POST /session/9e8832e0cb214a9694b7d6436ce31f23/element/f.A963EA71CA7C9571D27BE17D1CCB0928.d.1C4FA11F00EED627002DEFC696C5B1E7.e.2847/value - {"text":"WebdriverPartnerzrr48"}
COMMAND: GET /session/9e8832e0cb214a9694b7d6436ce31f23/screenshot - {}
RESULT: {"text":"WebdriverPartnerzrr48"}
COMMAND: GET /session/9e8832e0cb214a9694b7d6436ce31f23/screenshot - {}
RESULT: {}
RESULT: {}
COMMAND: POST /session/9e8832e0cb214a9694b7d6436ce31f23/actions - {"actions":[{"id":"action6","type":"key","parameters":{},"actions":[{"type":"keyDown","value":"î€‡"},{"type":"pause","duration":10},{"type":"keyUp","value":"î€‡"}]}]}
RESULT: {"actions":[{"id":"action6","type":"key","parameters":{},"actions":[{"type":"keyDown","value":"î€‡"},{"type":"pause","duration":10},{"type":"keyUp","value":"î€‡"}]}]}
COMMAND: GET /session/9e8832e0cb214a9694b7d6436ce31f23/screenshot - {}
RESULT: {}
COMMAND: POST /session/9e8832e0cb214a9694b7d6436ce31f23/element - {"using":"xpath","value":"//input[@id=\"application-managecontracts-display-component---AddNewContract--site-inner\"]"}
RESULT: {"using":"xpath","value":"//input[@id=\"application-managecontracts-display-component---AddNewContract--site-inner\"]"}
COMMAND: POST /session/9e8832e0cb214a9694b7d6436ce31f23/element/f.A963EA71CA7C9571D27BE17D1CCB0928.d.1C4FA11F00EED627002DEFC696C5B1E7.e.2848/clear - {}
RESULT: {}
COMMAND: POST /session/9e8832e0cb214a9694b7d6436ce31f23/element/f.A963EA71CA7C9571D27BE17D1CCB0928.d.1C4FA11F00EED627002DEFC696C5B1E7.e.2848/value - {"text":"WebdriverSitewdlu2l"}
COMMAND: GET /session/9e8832e0cb214a9694b7d6436ce31f23/screenshot - {}
RESULT: {"text":"WebdriverSitewdlu2l"}
COMMAND: GET /session/9e8832e0cb214a9694b7d6436ce31f23/screenshot - {}
RESULT: {}
RESULT: {}
COMMAND: POST /session/9e8832e0cb214a9694b7d6436ce31f23/actions - {"actions":[{"id":"action7","type":"key","parameters":{},"actions":[{"type":"keyDown","value":"î€‡"},{"type":"pause","duration":10},{"type":"keyUp","value":"î€‡"}]}]}
RESULT: {"actions":[{"id":"action7","type":"key","parameters":{},"actions":[{"type":"keyDown","value":"î€‡"},{"type":"pause","duration":10},{"type":"keyUp","value":"î€‡"}]}]}
COMMAND: GET /session/9e8832e0cb214a9694b7d6436ce31f23/screenshot - {}
RESULT: {}
COMMAND: POST /session/9e8832e0cb214a9694b7d6436ce31f23/element - {"using":"xpath","value":"//button[@data-kt=\"saveButton\"]"}
RESULT: {"using":"xpath","value":"//button[@data-kt=\"saveButton\"]"}
COMMAND: POST /session/9e8832e0cb214a9694b7d6436ce31f23/element/f.A963EA71CA7C9571D27BE17D1CCB0928.d.1C4FA11F00EED627002DEFC696C5B1E7.e.2871/click - {}
RESULT: {}
COMMAND: GET /session/9e8832e0cb214a9694b7d6436ce31f23/screenshot - {}
RESULT: {}
COMMAND: POST /session/9e8832e0cb214a9694b7d6436ce31f23/execute/async - {"script":"<script> [1562 bytes]","args":[{"selector":{"id":"contractDetailTitleNoExpanded","viewName":"etm.portal.ui.managecontracts.view.Detail"},"wdio_ui5_key":"contractDetailTitleNoExpandedetmportal.ui.managecontracts.view.Detail"}]}
RESULT: {"script":"<script> [1562 bytes]","args":[{"selector":{"id":"contractDetailTitleNoExpanded","viewName":"etm.portal.ui.managecontracts.view.Detail"},"wdio_ui5_key":"contractDetailTitleNoExpandedetmportal.ui.managecontracts.view.Detail"}]}
RESULT: undefined
COMMAND: POST /session/9e8832e0cb214a9694b7d6436ce31f23/execute/async - {"script":"<script> [6424 bytes]","args":[{"element-6066-11e4-a52e-4f735466cecf":"f.A963EA71CA7C9571D27BE17D1CCB0928.d.1C4FA11F00EED627002DEFC696C5B1E7.e.2953"},"getText",[]]}
RESULT: {"script":"<script> [6424 bytes]","args":[{"element-6066-11e4-a52e-4f735466cecf":"f.A963EA71CA7C9571D27BE17D1CCB0928.d.1C4FA11F00EED627002DEFC696C5B1E7.e.2953"},"getText",[]]}
COMMAND: POST /session/9e8832e0cb214a9694b7d6436ce31f23/element - {"using":"css selector","value":"#shell-header-logo"}
RESULT: {"using":"css selector","value":"#shell-header-logo"}
COMMAND: POST /session/9e8832e0cb214a9694b7d6436ce31f23/element/f.A963EA71CA7C9571D27BE17D1CCB0928.d.1C4FA11F00EED627002DEFC696C5B1E7.e.2519/click - {}
RESULT: {}
COMMAND: GET /session/9e8832e0cb214a9694b7d6436ce31f23/screenshot - {}
RESULT: {}
]]></system-out>
    </testcase>
    <testcase classname="chrome.135_0_7049_96.windows.Webshop_-_Hyperlinks_visible_and_working_properly__US139085" name="Should create a new webshop request and verify the site and yard hyperlinks" time="426.99">
      <system-out><![CDATA[
COMMAND: POST /session/9e8832e0cb214a9694b7d6436ce31f23/execute/async - {"script":"<script> [1562 bytes]","args":[{"selector":{"controlType":"sap.m.GenericTile","properties":{"header":"Webshop"}},"wdio_ui5_key":"sapm.GenericTile{\"header\":\"Webshop\"}"}]}
RESULT: {"script":"<script> [1562 bytes]","args":[{"selector":{"controlType":"sap.m.GenericTile","properties":{"header":"Webshop"}},"wdio_ui5_key":"sapm.GenericTile{\"header\":\"Webshop\"}"}]}
RESULT: undefined
COMMAND: POST /session/9e8832e0cb214a9694b7d6436ce31f23/element - {"using":"xpath","value":"//*[@id=\"__tile49\"]"}
RESULT: {"using":"xpath","value":"//*[@id=\"__tile49\"]"}
COMMAND: POST /session/9e8832e0cb214a9694b7d6436ce31f23/element/f.A963EA71CA7C9571D27BE17D1CCB0928.d.1C4FA11F00EED627002DEFC696C5B1E7.e.2956/click - {}
RESULT: {}
COMMAND: GET /session/9e8832e0cb214a9694b7d6436ce31f23/screenshot - {}
RESULT: {}
COMMAND: POST /session/9e8832e0cb214a9694b7d6436ce31f23/element - {"using":"css selector","value":"#requestCreationDialog--createRequestPopUp-title-inner"}
RESULT: {"using":"css selector","value":"#requestCreationDialog--createRequestPopUp-title-inner"}
COMMAND: POST /session/9e8832e0cb214a9694b7d6436ce31f23/execute/sync - {"script":"<script> [8489 bytes]","args":[{"element-6066-11e4-a52e-4f735466cecf":"f.A963EA71CA7C9571D27BE17D1CCB0928.d.1C4FA11F00EED627002DEFC696C5B1E7.e.2983","ELEMENT":"f.A963EA71CA7C9571D27BE17D1CCB0928.d.1C4FA11F00EED627002DEFC696C5B1E7.e.2983"}]}
RESULT: {"script":"<script> [8489 bytes]","args":[{"element-6066-11e4-a52e-4f735466cecf":"f.A963EA71CA7C9571D27BE17D1CCB0928.d.1C4FA11F00EED627002DEFC696C5B1E7.e.2983","ELEMENT":"f.A963EA71CA7C9571D27BE17D1CCB0928.d.1C4FA11F00EED627002DEFC696C5B1E7.e.2983"}]}
COMMAND: GET /session/9e8832e0cb214a9694b7d6436ce31f23/element/f.A963EA71CA7C9571D27BE17D1CCB0928.d.1C4FA11F00EED627002DEFC696C5B1E7.e.2983/enabled - {}
COMMAND: GET /session/9e8832e0cb214a9694b7d6436ce31f23/screenshot - {}
RESULT: {}
COMMAND: POST /session/9e8832e0cb214a9694b7d6436ce31f23/execute/async - {"script":"<script> [1562 bytes]","args":[{"selector":{"id":"requestCreationDialog--requestName","searchOpenDialogs":true,"interaction":{"idSuffix":"inner"}},"wdio_ui5_key":"requestCreationDialogrequestName"}]}
COMMAND: GET /session/9e8832e0cb214a9694b7d6436ce31f23/screenshot - {}
RESULT: {}
RESULT: {"script":"<script> [1562 bytes]","args":[{"selector":{"id":"requestCreationDialog--requestName","searchOpenDialogs":true,"interaction":{"idSuffix":"inner"}},"wdio_ui5_key":"requestCreationDialogrequestName"}]}
RESULT: undefined
COMMAND: POST /session/9e8832e0cb214a9694b7d6436ce31f23/execute/async - {"script":"<script> [776 bytes]","args":[{"enterText":"WebdriverTest","selector":{"id":"requestCreationDialog--requestName","searchOpenDialogs":true,"interaction":{"idSuffix":"inner"}},"clearTextFirst":true,"interactionType":"ENTER_TEXT"}]}
RESULT: {}
RESULT: {"script":"<script> [776 bytes]","args":[{"enterText":"WebdriverTest","selector":{"id":"requestCreationDialog--requestName","searchOpenDialogs":true,"interaction":{"idSuffix":"inner"}},"clearTextFirst":true,"interactionType":"ENTER_TEXT"}]}
COMMAND: POST /session/9e8832e0cb214a9694b7d6436ce31f23/element - {"using":"xpath","value":"//input[contains(@id ,\"requestCreationDialog--contract-inner\")]"}
RESULT: {"using":"xpath","value":"//input[contains(@id ,\"requestCreationDialog--contract-inner\")]"}
COMMAND: POST /session/9e8832e0cb214a9694b7d6436ce31f23/element/f.A963EA71CA7C9571D27BE17D1CCB0928.d.1C4FA11F00EED627002DEFC696C5B1E7.e.2969/clear - {}
RESULT: {}
COMMAND: POST /session/9e8832e0cb214a9694b7d6436ce31f23/element/f.A963EA71CA7C9571D27BE17D1CCB0928.d.1C4FA11F00EED627002DEFC696C5B1E7.e.2969/value - {"text":"10432"}
COMMAND: GET /session/9e8832e0cb214a9694b7d6436ce31f23/screenshot - {}
RESULT: {"text":"10432"}
COMMAND: GET /session/9e8832e0cb214a9694b7d6436ce31f23/screenshot - {}
RESULT: {}
COMMAND: POST /session/9e8832e0cb214a9694b7d6436ce31f23/actions - {"actions":[{"id":"action8","type":"key","parameters":{},"actions":[{"type":"keyDown","value":"î€‡"},{"type":"pause","duration":10},{"type":"keyUp","value":"î€‡"}]}]}
RESULT: {}
RESULT: {"actions":[{"id":"action8","type":"key","parameters":{},"actions":[{"type":"keyDown","value":"î€‡"},{"type":"pause","duration":10},{"type":"keyUp","value":"î€‡"}]}]}
COMMAND: GET /session/9e8832e0cb214a9694b7d6436ce31f23/screenshot - {}
RESULT: {}
COMMAND: POST /session/9e8832e0cb214a9694b7d6436ce31f23/execute/async - {"script":"<script> [1562 bytes]","args":[{"selector":{"id":"requestCreationDialog--okButton","searchOpenDialogs":true,"interaction":{"idSuffix":"BDI-content"}},"wdio_ui5_key":"requestCreationDialogokButton"}]}
RESULT: {"script":"<script> [1562 bytes]","args":[{"selector":{"id":"requestCreationDialog--okButton","searchOpenDialogs":true,"interaction":{"idSuffix":"BDI-content"}},"wdio_ui5_key":"requestCreationDialogokButton"}]}
RESULT: undefined
COMMAND: POST /session/9e8832e0cb214a9694b7d6436ce31f23/element - {"using":"xpath","value":"//*[@id=\"requestCreationDialog--okButton\"]"}
RESULT: {"using":"xpath","value":"//*[@id=\"requestCreationDialog--okButton\"]"}
COMMAND: POST /session/9e8832e0cb214a9694b7d6436ce31f23/element/f.A963EA71CA7C9571D27BE17D1CCB0928.d.1C4FA11F00EED627002DEFC696C5B1E7.e.2993/click - {}
RESULT: {}
COMMAND: GET /session/9e8832e0cb214a9694b7d6436ce31f23/screenshot - {}
RESULT: {}
COMMAND: POST /session/9e8832e0cb214a9694b7d6436ce31f23/element - {"using":"xpath","value":"//input[contains(@id ,\"searchFiledId-I\")]"}
RESULT: {"using":"xpath","value":"//input[contains(@id ,\"searchFiledId-I\")]"}
COMMAND: POST /session/9e8832e0cb214a9694b7d6436ce31f23/element/f.A963EA71CA7C9571D27BE17D1CCB0928.d.1C4FA11F00EED627002DEFC696C5B1E7.e.2961/value - {"text":"Dri-Prime CD150M Diesel Pump"}
RESULT: {"text":"Dri-Prime CD150M Diesel Pump"}
COMMAND: POST /session/9e8832e0cb214a9694b7d6436ce31f23/actions - {"actions":[{"id":"action9","type":"key","parameters":{},"actions":[{"type":"keyDown","value":"î€‡"},{"type":"pause","duration":10},{"type":"keyUp","value":"î€‡"}]}]}
COMMAND: GET /session/9e8832e0cb214a9694b7d6436ce31f23/screenshot - {}
RESULT: {"actions":[{"id":"action9","type":"key","parameters":{},"actions":[{"type":"keyDown","value":"î€‡"},{"type":"pause","duration":10},{"type":"keyUp","value":"î€‡"}]}]}
COMMAND: GET /session/9e8832e0cb214a9694b7d6436ce31f23/screenshot - {}
RESULT: {}
RESULT: {}
COMMAND: POST /session/9e8832e0cb214a9694b7d6436ce31f23/element - {"using":"xpath","value":"//span[contains(@id ,\"subTitle\")][contains(text(), \"Dri-Prime CD150M Diesel Pump\")]"}
RESULT: {"using":"xpath","value":"//span[contains(@id ,\"subTitle\")][contains(text(), \"Dri-Prime CD150M Diesel Pump\")]"}
COMMAND: POST /session/9e8832e0cb214a9694b7d6436ce31f23/element/f.A963EA71CA7C9571D27BE17D1CCB0928.d.1C4FA11F00EED627002DEFC696C5B1E7.e.3000/click - {}
RESULT: {}
COMMAND: GET /session/9e8832e0cb214a9694b7d6436ce31f23/screenshot - {}
RESULT: {}
COMMAND: POST /session/9e8832e0cb214a9694b7d6436ce31f23/execute/async - {"script":"<script> [1562 bytes]","args":[{"selector":{"controlType":"sap.m.Button","viewName":"etm.portal.ui.webshop.view.Homepage","i18NText":{"propertyName":"text","key":"addToRequest"},"interaction":{"idSuffix":"BDI-content"}},"wdio_ui5_key":"etmportal.ui.webshop.view.Homepagesap.m.Button{\"propertyName\":\"text\",\"key\":\"addToRequest\"}"}]}
RESULT: {"script":"<script> [1562 bytes]","args":[{"selector":{"controlType":"sap.m.Button","viewName":"etm.portal.ui.webshop.view.Homepage","i18NText":{"propertyName":"text","key":"addToRequest"},"interaction":{"idSuffix":"BDI-content"}},"wdio_ui5_key":"etmportal.ui.webshop.view.Homepagesap.m.Button{\"propertyName\":\"text\",\"key\":\"addToRequest\"}"}]}
RESULT: undefined
COMMAND: POST /session/9e8832e0cb214a9694b7d6436ce31f23/element - {"using":"xpath","value":"//*[@id=\"__button132\"]"}
RESULT: {"using":"xpath","value":"//*[@id=\"__button132\"]"}
COMMAND: POST /session/9e8832e0cb214a9694b7d6436ce31f23/element/f.A963EA71CA7C9571D27BE17D1CCB0928.d.1C4FA11F00EED627002DEFC696C5B1E7.e.3013/click - {}
RESULT: {}
COMMAND: GET /session/9e8832e0cb214a9694b7d6436ce31f23/screenshot - {}
RESULT: {}
COMMAND: POST /session/9e8832e0cb214a9694b7d6436ce31f23/element - {"using":"xpath","value":"//*[contains(@id ,\"activeCartId-BDI-content\")]"}
RESULT: {"using":"xpath","value":"//*[contains(@id ,\"activeCartId-BDI-content\")]"}
COMMAND: POST /session/9e8832e0cb214a9694b7d6436ce31f23/element/f.A963EA71CA7C9571D27BE17D1CCB0928.d.1C4FA11F00EED627002DEFC696C5B1E7.e.3020/click - {}
RESULT: {}
COMMAND: GET /session/9e8832e0cb214a9694b7d6436ce31f23/screenshot - {}
RESULT: {}
COMMAND: POST /session/9e8832e0cb214a9694b7d6436ce31f23/element - {"using":"xpath","value":"//bdi[contains(text(), \"Check out my request\")]"}
RESULT: {"using":"xpath","value":"//bdi[contains(text(), \"Check out my request\")]"}
COMMAND: POST /session/9e8832e0cb214a9694b7d6436ce31f23/element/f.A963EA71CA7C9571D27BE17D1CCB0928.d.1C4FA11F00EED627002DEFC696C5B1E7.e.3023/click - {}
RESULT: {}
COMMAND: GET /session/9e8832e0cb214a9694b7d6436ce31f23/screenshot - {}
RESULT: {}
COMMAND: POST /session/9e8832e0cb214a9694b7d6436ce31f23/element - {"using":"xpath","value":"//*[contains(@data-kt ,\"webshopDetailYardLink\")]"}
RESULT: {"using":"xpath","value":"//*[contains(@data-kt ,\"webshopDetailYardLink\")]"}
COMMAND: POST /session/9e8832e0cb214a9694b7d6436ce31f23/element/f.A963EA71CA7C9571D27BE17D1CCB0928.d.1C4FA11F00EED627002DEFC696C5B1E7.e.3061/click - {}
RESULT: {}
COMMAND: POST /session/9e8832e0cb214a9694b7d6436ce31f23/element - {"using":"xpath","value":"//*[contains(@data-kt ,\"ContextMenuId2Link\")][contains(text(), \"Yard Overview\")]"}
COMMAND: GET /session/9e8832e0cb214a9694b7d6436ce31f23/screenshot - {}
RESULT: {"using":"xpath","value":"//*[contains(@data-kt ,\"ContextMenuId2Link\")][contains(text(), \"Yard Overview\")]"}
COMMAND: POST /session/9e8832e0cb214a9694b7d6436ce31f23/execute/sync - {"script":"<script> [8489 bytes]","args":[{"element-6066-11e4-a52e-4f735466cecf":"f.A963EA71CA7C9571D27BE17D1CCB0928.d.1C4FA11F00EED627002DEFC696C5B1E7.e.3064","ELEMENT":"f.A963EA71CA7C9571D27BE17D1CCB0928.d.1C4FA11F00EED627002DEFC696C5B1E7.e.3064"}]}
COMMAND: POST /session/9e8832e0cb214a9694b7d6436ce31f23/element - {"using":"xpath","value":"//*[contains(@data-kt ,\"ContextMenuId3Link\")][contains(text(), \"Yard Main Address\")]"}
RESULT: {}
RESULT: {"using":"xpath","value":"//*[contains(@data-kt ,\"ContextMenuId3Link\")][contains(text(), \"Yard Main Address\")]"}
COMMAND: POST /session/9e8832e0cb214a9694b7d6436ce31f23/execute/sync - {"script":"<script> [8489 bytes]","args":[{"element-6066-11e4-a52e-4f735466cecf":"f.A963EA71CA7C9571D27BE17D1CCB0928.d.1C4FA11F00EED627002DEFC696C5B1E7.e.3065","ELEMENT":"f.A963EA71CA7C9571D27BE17D1CCB0928.d.1C4FA11F00EED627002DEFC696C5B1E7.e.3065"}]}
COMMAND: POST /session/9e8832e0cb214a9694b7d6436ce31f23/element - {"using":"xpath","value":"//*[contains(@data-kt ,\"ContextMenuId2Link\")][contains(text(), \"Yard Overview\")]"}
RESULT: {"script":"<script> [8489 bytes]","args":[{"element-6066-11e4-a52e-4f735466cecf":"f.A963EA71CA7C9571D27BE17D1CCB0928.d.1C4FA11F00EED627002DEFC696C5B1E7.e.3064","ELEMENT":"f.A963EA71CA7C9571D27BE17D1CCB0928.d.1C4FA11F00EED627002DEFC696C5B1E7.e.3064"}]}
COMMAND: GET /session/9e8832e0cb214a9694b7d6436ce31f23/screenshot - {}
RESULT: {"using":"xpath","value":"//*[contains(@data-kt ,\"ContextMenuId2Link\")][contains(text(), \"Yard Overview\")]"}
COMMAND: POST /session/9e8832e0cb214a9694b7d6436ce31f23/element/f.A963EA71CA7C9571D27BE17D1CCB0928.d.1C4FA11F00EED627002DEFC696C5B1E7.e.3064/click - {}
RESULT: {"script":"<script> [8489 bytes]","args":[{"element-6066-11e4-a52e-4f735466cecf":"f.A963EA71CA7C9571D27BE17D1CCB0928.d.1C4FA11F00EED627002DEFC696C5B1E7.e.3065","ELEMENT":"f.A963EA71CA7C9571D27BE17D1CCB0928.d.1C4FA11F00EED627002DEFC696C5B1E7.e.3065"}]}
COMMAND: GET /session/9e8832e0cb214a9694b7d6436ce31f23/screenshot - {}
RESULT: {}
RESULT: {}
COMMAND: GET /session/9e8832e0cb214a9694b7d6436ce31f23/screenshot - {}
RESULT: {}
RESULT: {}
COMMAND: POST /session/9e8832e0cb214a9694b7d6436ce31f23/execute/async - {"script":"<script> [1562 bytes]","args":[{"selector":{"id":"shellAppTitle"},"wdio_ui5_key":"shellAppTitle"}]}
RESULT: {"script":"<script> [1562 bytes]","args":[{"selector":{"id":"shellAppTitle"},"wdio_ui5_key":"shellAppTitle"}]}
RESULT: undefined
COMMAND: POST /session/9e8832e0cb214a9694b7d6436ce31f23/execute/async - {"script":"<script> [6424 bytes]","args":[{"element-6066-11e4-a52e-4f735466cecf":"f.A963EA71CA7C9571D27BE17D1CCB0928.d.1C4FA11F00EED627002DEFC696C5B1E7.e.3111"},"getTitle",[]]}
RESULT: {"script":"<script> [6424 bytes]","args":[{"element-6066-11e4-a52e-4f735466cecf":"f.A963EA71CA7C9571D27BE17D1CCB0928.d.1C4FA11F00EED627002DEFC696C5B1E7.e.3111"},"getTitle",[]]}
COMMAND: POST /session/9e8832e0cb214a9694b7d6436ce31f23/element - {"using":"xpath","value":"//span[contains(@id ,\"title\")][contains(text(), \"WebdriverYardkj2hy\")]"}
RESULT: {"using":"xpath","value":"//span[contains(@id ,\"title\")][contains(text(), \"WebdriverYardkj2hy\")]"}
COMMAND: POST /session/9e8832e0cb214a9694b7d6436ce31f23/execute/sync - {"script":"<script> [8489 bytes]","args":[{"element-6066-11e4-a52e-4f735466cecf":"f.A963EA71CA7C9571D27BE17D1CCB0928.d.1C4FA11F00EED627002DEFC696C5B1E7.e.3112","ELEMENT":"f.A963EA71CA7C9571D27BE17D1CCB0928.d.1C4FA11F00EED627002DEFC696C5B1E7.e.3112"}]}
COMMAND: POST /session/9e8832e0cb214a9694b7d6436ce31f23/execute/async - {"script":"<script> [1562 bytes]","args":[{"selector":{"id":"backBtn"},"wdio_ui5_key":"backBtn"}]}
RESULT: {"script":"<script> [1562 bytes]","args":[{"selector":{"id":"backBtn"},"wdio_ui5_key":"backBtn"}]}
RESULT: undefined
COMMAND: POST /session/9e8832e0cb214a9694b7d6436ce31f23/element - {"using":"xpath","value":"//*[@id=\"backBtn\"]"}
RESULT: {"script":"<script> [8489 bytes]","args":[{"element-6066-11e4-a52e-4f735466cecf":"f.A963EA71CA7C9571D27BE17D1CCB0928.d.1C4FA11F00EED627002DEFC696C5B1E7.e.3112","ELEMENT":"f.A963EA71CA7C9571D27BE17D1CCB0928.d.1C4FA11F00EED627002DEFC696C5B1E7.e.3112"}]}
COMMAND: GET /session/9e8832e0cb214a9694b7d6436ce31f23/screenshot - {}
RESULT: {"using":"xpath","value":"//*[@id=\"backBtn\"]"}
COMMAND: POST /session/9e8832e0cb214a9694b7d6436ce31f23/element/f.A963EA71CA7C9571D27BE17D1CCB0928.d.1C4FA11F00EED627002DEFC696C5B1E7.e.3113/click - {}
RESULT: {}
RESULT: {}
COMMAND: GET /session/9e8832e0cb214a9694b7d6436ce31f23/screenshot - {}
COMMAND: POST /session/9e8832e0cb214a9694b7d6436ce31f23/execute/sync - {"script":"<script> [8489 bytes]","args":[{"element-6066-11e4-a52e-4f735466cecf":"f.A963EA71CA7C9571D27BE17D1CCB0928.d.1C4FA11F00EED627002DEFC696C5B1E7.e.3112","ELEMENT":"f.A963EA71CA7C9571D27BE17D1CCB0928.d.1C4FA11F00EED627002DEFC696C5B1E7.e.3112"}]}
RESULT: {}
COMMAND: POST /session/9e8832e0cb214a9694b7d6436ce31f23/element - {"using":"xpath","value":"//span[contains(@id ,\"title\")][contains(text(), \"WebdriverYardkj2hy\")]"}
RESULT: {"using":"xpath","value":"//span[contains(@id ,\"title\")][contains(text(), \"WebdriverYardkj2hy\")]"}
COMMAND: POST /session/9e8832e0cb214a9694b7d6436ce31f23/element - {"using":"xpath","value":"//span[contains(@id ,\"title\")][contains(text(), \"WebdriverYardkj2hy\")]"}
RESULT: {"using":"xpath","value":"//span[contains(@id ,\"title\")][contains(text(), \"WebdriverYardkj2hy\")]"}
COMMAND: POST /session/9e8832e0cb214a9694b7d6436ce31f23/element - {"using":"xpath","value":"//span[contains(@id ,\"title\")][contains(text(), \"WebdriverYardkj2hy\")]"}
RESULT: {"using":"xpath","value":"//span[contains(@id ,\"title\")][contains(text(), \"WebdriverYardkj2hy\")]"}
COMMAND: POST /session/9e8832e0cb214a9694b7d6436ce31f23/element - {"using":"xpath","value":"//span[contains(@id ,\"title\")][contains(text(), \"WebdriverYardkj2hy\")]"}
RESULT: {"using":"xpath","value":"//span[contains(@id ,\"title\")][contains(text(), \"WebdriverYardkj2hy\")]"}
COMMAND: POST /session/9e8832e0cb214a9694b7d6436ce31f23/element - {"using":"xpath","value":"//span[contains(@id ,\"title\")][contains(text(), \"WebdriverYardkj2hy\")]"}
RESULT: {"using":"xpath","value":"//span[contains(@id ,\"title\")][contains(text(), \"WebdriverYardkj2hy\")]"}
COMMAND: POST /session/9e8832e0cb214a9694b7d6436ce31f23/element - {"using":"xpath","value":"//span[contains(@id ,\"title\")][contains(text(), \"WebdriverYardkj2hy\")]"}
RESULT: {"using":"xpath","value":"//span[contains(@id ,\"title\")][contains(text(), \"WebdriverYardkj2hy\")]"}
COMMAND: POST /session/9e8832e0cb214a9694b7d6436ce31f23/element - {"using":"xpath","value":"//span[contains(@id ,\"title\")][contains(text(), \"WebdriverYardkj2hy\")]"}
RESULT: {"using":"xpath","value":"//span[contains(@id ,\"title\")][contains(text(), \"WebdriverYardkj2hy\")]"}
COMMAND: POST /session/9e8832e0cb214a9694b7d6436ce31f23/element - {"using":"xpath","value":"//span[contains(@id ,\"title\")][contains(text(), \"WebdriverYardkj2hy\")]"}
RESULT: {"using":"xpath","value":"//span[contains(@id ,\"title\")][contains(text(), \"WebdriverYardkj2hy\")]"}
COMMAND: POST /session/9e8832e0cb214a9694b7d6436ce31f23/element - {"using":"xpath","value":"//span[contains(@id ,\"title\")][contains(text(), \"WebdriverYardkj2hy\")]"}
RESULT: {"using":"xpath","value":"//span[contains(@id ,\"title\")][contains(text(), \"WebdriverYardkj2hy\")]"}
COMMAND: POST /session/9e8832e0cb214a9694b7d6436ce31f23/element - {"using":"xpath","value":"//span[contains(@id ,\"title\")][contains(text(), \"WebdriverYardkj2hy\")]"}
RESULT: {"using":"xpath","value":"//span[contains(@id ,\"title\")][contains(text(), \"WebdriverYardkj2hy\")]"}
COMMAND: POST /session/9e8832e0cb214a9694b7d6436ce31f23/element - {"using":"xpath","value":"//span[contains(@id ,\"title\")][contains(text(), \"WebdriverYardkj2hy\")]"}
RESULT: {"using":"xpath","value":"//span[contains(@id ,\"title\")][contains(text(), \"WebdriverYardkj2hy\")]"}
COMMAND: POST /session/9e8832e0cb214a9694b7d6436ce31f23/element - {"using":"xpath","value":"//*[contains(@data-kt ,\"webshopDetailYardLink\")]"}
RESULT: {"using":"xpath","value":"//*[contains(@data-kt ,\"webshopDetailYardLink\")]"}
COMMAND: POST /session/9e8832e0cb214a9694b7d6436ce31f23/element/f.A963EA71CA7C9571D27BE17D1CCB0928.d.1C4FA11F00EED627002DEFC696C5B1E7.e.3246/click - {}
RESULT: {}
COMMAND: GET /session/9e8832e0cb214a9694b7d6436ce31f23/screenshot - {}
COMMAND: POST /session/9e8832e0cb214a9694b7d6436ce31f23/element - {"using":"xpath","value":"//span[contains(@id ,\"title\")][contains(text(), \"WebdriverYardkj2hy\")]"}
RESULT: {}
RESULT: {"using":"xpath","value":"//span[contains(@id ,\"title\")][contains(text(), \"WebdriverYardkj2hy\")]"}
COMMAND: POST /session/9e8832e0cb214a9694b7d6436ce31f23/execute/sync - {"script":"<script> [8489 bytes]","args":[{"element-6066-11e4-a52e-4f735466cecf":"f.A963EA71CA7C9571D27BE17D1CCB0928.d.1C4FA11F00EED627002DEFC696C5B1E7.e.3248","ELEMENT":"f.A963EA71CA7C9571D27BE17D1CCB0928.d.1C4FA11F00EED627002DEFC696C5B1E7.e.3248"}]}
RESULT: {"script":"<script> [8489 bytes]","args":[{"element-6066-11e4-a52e-4f735466cecf":"f.A963EA71CA7C9571D27BE17D1CCB0928.d.1C4FA11F00EED627002DEFC696C5B1E7.e.3248","ELEMENT":"f.A963EA71CA7C9571D27BE17D1CCB0928.d.1C4FA11F00EED627002DEFC696C5B1E7.e.3248"}]}
COMMAND: GET /session/9e8832e0cb214a9694b7d6436ce31f23/screenshot - {}
RESULT: {}
COMMAND: POST /session/9e8832e0cb214a9694b7d6436ce31f23/element - {"using":"xpath","value":"//*[contains(@data-kt ,\"ContextMenuId3Link\")][contains(text(), \"Yard Main Address\")]"}
RESULT: {"using":"xpath","value":"//*[contains(@data-kt ,\"ContextMenuId3Link\")][contains(text(), \"Yard Main Address\")]"}
COMMAND: POST /session/9e8832e0cb214a9694b7d6436ce31f23/element/f.A963EA71CA7C9571D27BE17D1CCB0928.d.1C4FA11F00EED627002DEFC696C5B1E7.e.3249/click - {}
RESULT: {}
COMMAND: GET /session/9e8832e0cb214a9694b7d6436ce31f23/screenshot - {}
RESULT: {}
COMMAND: POST /session/9e8832e0cb214a9694b7d6436ce31f23/execute/async - {"script":"<script> [1562 bytes]","args":[{"selector":{"id":"application-addressmanagement-display-component---masterAdm--title1"},"wdio_ui5_key":"applicationaddressmanagement-display-component---masterAdm--title1"}]}
RESULT: {"script":"<script> [1562 bytes]","args":[{"selector":{"id":"application-addressmanagement-display-component---masterAdm--title1"},"wdio_ui5_key":"applicationaddressmanagement-display-component---masterAdm--title1"}]}
RESULT: undefined
COMMAND: POST /session/9e8832e0cb214a9694b7d6436ce31f23/execute/async - {"script":"<script> [6424 bytes]","args":[{"element-6066-11e4-a52e-4f735466cecf":"f.A963EA71CA7C9571D27BE17D1CCB0928.d.1C4FA11F00EED627002DEFC696C5B1E7.e.3525"},"getText",[]]}
RESULT: {"script":"<script> [6424 bytes]","args":[{"element-6066-11e4-a52e-4f735466cecf":"f.A963EA71CA7C9571D27BE17D1CCB0928.d.1C4FA11F00EED627002DEFC696C5B1E7.e.3525"},"getText",[]]}
COMMAND: POST /session/9e8832e0cb214a9694b7d6436ce31f23/element - {"using":"xpath","value":"//span[contains(text(), \"WebdriverYardjjtihg\")][contains(@id ,\"application-addressmanagement-display-component---detailAdm--addressDetailDetailsName1\")]"}
RESULT: {"using":"xpath","value":"//span[contains(text(), \"WebdriverYardjjtihg\")][contains(@id ,\"application-addressmanagement-display-component---detailAdm--addressDetailDetailsName1\")]"}
COMMAND: POST /session/9e8832e0cb214a9694b7d6436ce31f23/element - {"using":"xpath","value":"//span[contains(text(), \"WebdriverYardjjtihg\")][contains(@id ,\"application-addressmanagement-display-component---detailAdm--addressDetailDetailsName1\")]"}
RESULT: undefined
COMMAND: POST /session/9e8832e0cb214a9694b7d6436ce31f23/element - {"using":"xpath","value":"//*[@id=\"backBtn\"]"}
RESULT: {"using":"xpath","value":"//span[contains(text(), \"WebdriverYardjjtihg\")][contains(@id ,\"application-addressmanagement-display-component---detailAdm--addressDetailDetailsName1\")]"}
RESULT: {"using":"xpath","value":"//*[@id=\"backBtn\"]"}
COMMAND: POST /session/9e8832e0cb214a9694b7d6436ce31f23/element/f.A963EA71CA7C9571D27BE17D1CCB0928.d.1C4FA11F00EED627002DEFC696C5B1E7.e.3113/click - {}
COMMAND: POST /session/9e8832e0cb214a9694b7d6436ce31f23/element - {"using":"xpath","value":"//span[contains(text(), \"WebdriverYardjjtihg\")][contains(@id ,\"application-addressmanagement-display-component---detailAdm--addressDetailDetailsName1\")]"}
RESULT: {}
COMMAND: GET /session/9e8832e0cb214a9694b7d6436ce31f23/screenshot - {}
RESULT: {"using":"xpath","value":"//span[contains(text(), \"WebdriverYardjjtihg\")][contains(@id ,\"application-addressmanagement-display-component---detailAdm--addressDetailDetailsName1\")]"}
COMMAND: POST /session/9e8832e0cb214a9694b7d6436ce31f23/element - {"using":"xpath","value":"//span[contains(text(), \"WebdriverYardjjtihg\")][contains(@id ,\"application-addressmanagement-display-component---detailAdm--addressDetailDetailsName1\")]"}
RESULT: {}
RESULT: {"using":"xpath","value":"//span[contains(text(), \"WebdriverYardjjtihg\")][contains(@id ,\"application-addressmanagement-display-component---detailAdm--addressDetailDetailsName1\")]"}
COMMAND: POST /session/9e8832e0cb214a9694b7d6436ce31f23/element - {"using":"xpath","value":"//span[contains(text(), \"WebdriverYardjjtihg\")][contains(@id ,\"application-addressmanagement-display-component---detailAdm--addressDetailDetailsName1\")]"}
RESULT: {"using":"xpath","value":"//span[contains(text(), \"WebdriverYardjjtihg\")][contains(@id ,\"application-addressmanagement-display-component---detailAdm--addressDetailDetailsName1\")]"}
COMMAND: POST /session/9e8832e0cb214a9694b7d6436ce31f23/element - {"using":"xpath","value":"//span[contains(text(), \"WebdriverYardjjtihg\")][contains(@id ,\"application-addressmanagement-display-component---detailAdm--addressDetailDetailsName1\")]"}
RESULT: {"using":"xpath","value":"//span[contains(text(), \"WebdriverYardjjtihg\")][contains(@id ,\"application-addressmanagement-display-component---detailAdm--addressDetailDetailsName1\")]"}
COMMAND: POST /session/9e8832e0cb214a9694b7d6436ce31f23/element - {"using":"xpath","value":"//span[contains(text(), \"WebdriverYardjjtihg\")][contains(@id ,\"application-addressmanagement-display-component---detailAdm--addressDetailDetailsName1\")]"}
RESULT: {"using":"xpath","value":"//span[contains(text(), \"WebdriverYardjjtihg\")][contains(@id ,\"application-addressmanagement-display-component---detailAdm--addressDetailDetailsName1\")]"}
COMMAND: POST /session/9e8832e0cb214a9694b7d6436ce31f23/element - {"using":"xpath","value":"//span[contains(text(), \"WebdriverYardjjtihg\")][contains(@id ,\"application-addressmanagement-display-component---detailAdm--addressDetailDetailsName1\")]"}
RESULT: {"using":"xpath","value":"//span[contains(text(), \"WebdriverYardjjtihg\")][contains(@id ,\"application-addressmanagement-display-component---detailAdm--addressDetailDetailsName1\")]"}
COMMAND: POST /session/9e8832e0cb214a9694b7d6436ce31f23/element - {"using":"xpath","value":"//span[contains(text(), \"WebdriverYardjjtihg\")][contains(@id ,\"application-addressmanagement-display-component---detailAdm--addressDetailDetailsName1\")]"}
RESULT: {"using":"xpath","value":"//span[contains(text(), \"WebdriverYardjjtihg\")][contains(@id ,\"application-addressmanagement-display-component---detailAdm--addressDetailDetailsName1\")]"}
COMMAND: POST /session/9e8832e0cb214a9694b7d6436ce31f23/element - {"using":"xpath","value":"//span[contains(text(), \"WebdriverYardjjtihg\")][contains(@id ,\"application-addressmanagement-display-component---detailAdm--addressDetailDetailsName1\")]"}
RESULT: {"using":"xpath","value":"//span[contains(text(), \"WebdriverYardjjtihg\")][contains(@id ,\"application-addressmanagement-display-component---detailAdm--addressDetailDetailsName1\")]"}
COMMAND: POST /session/9e8832e0cb214a9694b7d6436ce31f23/element - {"using":"xpath","value":"//span[contains(text(), \"WebdriverYardjjtihg\")][contains(@id ,\"application-addressmanagement-display-component---detailAdm--addressDetailDetailsName1\")]"}
RESULT: {"using":"xpath","value":"//span[contains(text(), \"WebdriverYardjjtihg\")][contains(@id ,\"application-addressmanagement-display-component---detailAdm--addressDetailDetailsName1\")]"}
COMMAND: POST /session/9e8832e0cb214a9694b7d6436ce31f23/element - {"using":"xpath","value":"//span[contains(text(), \"WebdriverYardjjtihg\")][contains(@id ,\"application-addressmanagement-display-component---detailAdm--addressDetailDetailsName1\")]"}
RESULT: {"using":"xpath","value":"//span[contains(text(), \"WebdriverYardjjtihg\")][contains(@id ,\"application-addressmanagement-display-component---detailAdm--addressDetailDetailsName1\")]"}
COMMAND: POST /session/9e8832e0cb214a9694b7d6436ce31f23/element - {"using":"xpath","value":"//span[contains(text(), \"WebdriverYardjjtihg\")][contains(@id ,\"application-addressmanagement-display-component---detailAdm--addressDetailDetailsName1\")]"}
RESULT: {"using":"xpath","value":"//span[contains(text(), \"WebdriverYardjjtihg\")][contains(@id ,\"application-addressmanagement-display-component---detailAdm--addressDetailDetailsName1\")]"}
COMMAND: POST /session/9e8832e0cb214a9694b7d6436ce31f23/element - {"using":"xpath","value":"//span[contains(text(), \"WebdriverYardjjtihg\")][contains(@id ,\"application-addressmanagement-display-component---detailAdm--addressDetailDetailsName1\")]"}
RESULT: {"using":"xpath","value":"//span[contains(text(), \"WebdriverYardjjtihg\")][contains(@id ,\"application-addressmanagement-display-component---detailAdm--addressDetailDetailsName1\")]"}
COMMAND: POST /session/9e8832e0cb214a9694b7d6436ce31f23/element - {"using":"xpath","value":"//span[contains(text(), \"WebdriverYardjjtihg\")][contains(@id ,\"application-addressmanagement-display-component---detailAdm--addressDetailDetailsName1\")]"}
RESULT: {"using":"xpath","value":"//span[contains(text(), \"WebdriverYardjjtihg\")][contains(@id ,\"application-addressmanagement-display-component---detailAdm--addressDetailDetailsName1\")]"}
COMMAND: POST /session/9e8832e0cb214a9694b7d6436ce31f23/element - {"using":"xpath","value":"//span[contains(text(), \"WebdriverYardjjtihg\")][contains(@id ,\"application-addressmanagement-display-component---detailAdm--addressDetailDetailsName1\")]"}
RESULT: {"using":"xpath","value":"//span[contains(text(), \"WebdriverYardjjtihg\")][contains(@id ,\"application-addressmanagement-display-component---detailAdm--addressDetailDetailsName1\")]"}
COMMAND: POST /session/9e8832e0cb214a9694b7d6436ce31f23/element - {"using":"xpath","value":"//span[contains(text(), \"WebdriverYardjjtihg\")][contains(@id ,\"application-addressmanagement-display-component---detailAdm--addressDetailDetailsName1\")]"}
RESULT: {"using":"xpath","value":"//span[contains(text(), \"WebdriverYardjjtihg\")][contains(@id ,\"application-addressmanagement-display-component---detailAdm--addressDetailDetailsName1\")]"}
COMMAND: POST /session/9e8832e0cb214a9694b7d6436ce31f23/element - {"using":"xpath","value":"//span[contains(text(), \"WebdriverYardjjtihg\")][contains(@id ,\"application-addressmanagement-display-component---detailAdm--addressDetailDetailsName1\")]"}
RESULT: {"using":"xpath","value":"//span[contains(text(), \"WebdriverYardjjtihg\")][contains(@id ,\"application-addressmanagement-display-component---detailAdm--addressDetailDetailsName1\")]"}
COMMAND: POST /session/9e8832e0cb214a9694b7d6436ce31f23/element - {"using":"xpath","value":"//span[contains(text(), \"WebdriverYardjjtihg\")][contains(@id ,\"application-addressmanagement-display-component---detailAdm--addressDetailDetailsName1\")]"}
RESULT: {"using":"xpath","value":"//span[contains(text(), \"WebdriverYardjjtihg\")][contains(@id ,\"application-addressmanagement-display-component---detailAdm--addressDetailDetailsName1\")]"}
COMMAND: POST /session/9e8832e0cb214a9694b7d6436ce31f23/element - {"using":"xpath","value":"//span[contains(text(), \"WebdriverYardjjtihg\")][contains(@id ,\"application-addressmanagement-display-component---detailAdm--addressDetailDetailsName1\")]"}
RESULT: {"using":"xpath","value":"//span[contains(text(), \"WebdriverYardjjtihg\")][contains(@id ,\"application-addressmanagement-display-component---detailAdm--addressDetailDetailsName1\")]"}
COMMAND: POST /session/9e8832e0cb214a9694b7d6436ce31f23/element - {"using":"xpath","value":"//span[contains(text(), \"WebdriverYardjjtihg\")][contains(@id ,\"application-addressmanagement-display-component---detailAdm--addressDetailDetailsName1\")]"}
COMMAND: POST /session/9e8832e0cb214a9694b7d6436ce31f23/element - {"using":"xpath","value":"//*[contains(@data-kt ,\"webshopDetailYardLink\")]"}
RESULT: {"using":"xpath","value":"//span[contains(text(), \"WebdriverYardjjtihg\")][contains(@id ,\"application-addressmanagement-display-component---detailAdm--addressDetailDetailsName1\")]"}
RESULT: {"using":"xpath","value":"//*[contains(@data-kt ,\"webshopDetailYardLink\")]"}
COMMAND: POST /session/9e8832e0cb214a9694b7d6436ce31f23/element/f.A963EA71CA7C9571D27BE17D1CCB0928.d.1C4FA11F00EED627002DEFC696C5B1E7.e.3679/click - {}
COMMAND: POST /session/9e8832e0cb214a9694b7d6436ce31f23/element - {"using":"xpath","value":"//span[contains(text(), \"WebdriverYardjjtihg\")][contains(@id ,\"application-addressmanagement-display-component---detailAdm--addressDetailDetailsName1\")]"}
RESULT: {}
COMMAND: GET /session/9e8832e0cb214a9694b7d6436ce31f23/screenshot - {}
RESULT: {"using":"xpath","value":"//span[contains(text(), \"WebdriverYardjjtihg\")][contains(@id ,\"application-addressmanagement-display-component---detailAdm--addressDetailDetailsName1\")]"}
RESULT: {}
COMMAND: POST /session/9e8832e0cb214a9694b7d6436ce31f23/element - {"using":"xpath","value":"//span[contains(text(), \"WebdriverYardjjtihg\")][contains(@id ,\"application-addressmanagement-display-component---detailAdm--addressDetailDetailsName1\")]"}
RESULT: {"using":"xpath","value":"//span[contains(text(), \"WebdriverYardjjtihg\")][contains(@id ,\"application-addressmanagement-display-component---detailAdm--addressDetailDetailsName1\")]"}
COMMAND: POST /session/9e8832e0cb214a9694b7d6436ce31f23/element - {"using":"xpath","value":"//span[contains(text(), \"WebdriverYardjjtihg\")][contains(@id ,\"application-addressmanagement-display-component---detailAdm--addressDetailDetailsName1\")]"}
RESULT: {"using":"xpath","value":"//span[contains(text(), \"WebdriverYardjjtihg\")][contains(@id ,\"application-addressmanagement-display-component---detailAdm--addressDetailDetailsName1\")]"}
COMMAND: POST /session/9e8832e0cb214a9694b7d6436ce31f23/element - {"using":"xpath","value":"//span[contains(text(), \"WebdriverYardjjtihg\")][contains(@id ,\"application-addressmanagement-display-component---detailAdm--addressDetailDetailsName1\")]"}
RESULT: {"using":"xpath","value":"//span[contains(text(), \"WebdriverYardjjtihg\")][contains(@id ,\"application-addressmanagement-display-component---detailAdm--addressDetailDetailsName1\")]"}
COMMAND: POST /session/9e8832e0cb214a9694b7d6436ce31f23/element - {"using":"xpath","value":"//button[contains(@data-kt ,\"ContextMenuExternalId2Link\")]"}
RESULT: {"using":"xpath","value":"//button[contains(@data-kt ,\"ContextMenuExternalId2Link\")]"}
COMMAND: POST /session/9e8832e0cb214a9694b7d6436ce31f23/element/f.A963EA71CA7C9571D27BE17D1CCB0928.d.1C4FA11F00EED627002DEFC696C5B1E7.e.3680/click - {}
COMMAND: POST /session/9e8832e0cb214a9694b7d6436ce31f23/element - {"using":"xpath","value":"//span[contains(text(), \"WebdriverYardjjtihg\")][contains(@id ,\"application-addressmanagement-display-component---detailAdm--addressDetailDetailsName1\")]"}
RESULT: {}
COMMAND: GET /session/9e8832e0cb214a9694b7d6436ce31f23/screenshot - {}
RESULT: {"using":"xpath","value":"//span[contains(text(), \"WebdriverYardjjtihg\")][contains(@id ,\"application-addressmanagement-display-component---detailAdm--addressDetailDetailsName1\")]"}
COMMAND: POST /session/9e8832e0cb214a9694b7d6436ce31f23/element - {"using":"xpath","value":"//span[contains(text(), \"WebdriverYardjjtihg\")][contains(@id ,\"application-addressmanagement-display-component---detailAdm--addressDetailDetailsName1\")]"}
RESULT: {}
RESULT: {"using":"xpath","value":"//span[contains(text(), \"WebdriverYardjjtihg\")][contains(@id ,\"application-addressmanagement-display-component---detailAdm--addressDetailDetailsName1\")]"}
COMMAND: POST /session/9e8832e0cb214a9694b7d6436ce31f23/element - {"using":"xpath","value":"//span[contains(text(), \"WebdriverYardjjtihg\")][contains(@id ,\"application-addressmanagement-display-component---detailAdm--addressDetailDetailsName1\")]"}
RESULT: {"using":"xpath","value":"//span[contains(text(), \"WebdriverYardjjtihg\")][contains(@id ,\"application-addressmanagement-display-component---detailAdm--addressDetailDetailsName1\")]"}
COMMAND: POST /session/9e8832e0cb214a9694b7d6436ce31f23/element - {"using":"xpath","value":"//span[contains(text(), \"WebdriverYardjjtihg\")][contains(@id ,\"application-addressmanagement-display-component---detailAdm--addressDetailDetailsName1\")]"}
RESULT: {"using":"xpath","value":"//span[contains(text(), \"WebdriverYardjjtihg\")][contains(@id ,\"application-addressmanagement-display-component---detailAdm--addressDetailDetailsName1\")]"}
COMMAND: POST /session/9e8832e0cb214a9694b7d6436ce31f23/element - {"using":"xpath","value":"//span[contains(text(), \"WebdriverYardjjtihg\")][contains(@id ,\"application-addressmanagement-display-component---detailAdm--addressDetailDetailsName1\")]"}
RESULT: {"using":"xpath","value":"//span[contains(text(), \"WebdriverYardjjtihg\")][contains(@id ,\"application-addressmanagement-display-component---detailAdm--addressDetailDetailsName1\")]"}
COMMAND: POST /session/9e8832e0cb214a9694b7d6436ce31f23/element - {"using":"xpath","value":"//span[contains(text(), \"WebdriverYardjjtihg\")][contains(@id ,\"application-addressmanagement-display-component---detailAdm--addressDetailDetailsName1\")]"}
RESULT: {"using":"xpath","value":"//span[contains(text(), \"WebdriverYardjjtihg\")][contains(@id ,\"application-addressmanagement-display-component---detailAdm--addressDetailDetailsName1\")]"}
COMMAND: POST /session/9e8832e0cb214a9694b7d6436ce31f23/element - {"using":"xpath","value":"//span[contains(text(), \"WebdriverYardjjtihg\")][contains(@id ,\"application-addressmanagement-display-component---detailAdm--addressDetailDetailsName1\")]"}
RESULT: {"using":"xpath","value":"//span[contains(text(), \"WebdriverYardjjtihg\")][contains(@id ,\"application-addressmanagement-display-component---detailAdm--addressDetailDetailsName1\")]"}
COMMAND: POST /session/9e8832e0cb214a9694b7d6436ce31f23/element - {"using":"xpath","value":"//span[contains(text(), \"WebdriverYardjjtihg\")][contains(@id ,\"application-addressmanagement-display-component---detailAdm--addressDetailDetailsName1\")]"}
RESULT: {"using":"xpath","value":"//span[contains(text(), \"WebdriverYardjjtihg\")][contains(@id ,\"application-addressmanagement-display-component---detailAdm--addressDetailDetailsName1\")]"}
COMMAND: GET /session/9e8832e0cb214a9694b7d6436ce31f23/window/handles - {}
COMMAND: POST /session/9e8832e0cb214a9694b7d6436ce31f23/element - {"using":"xpath","value":"//span[contains(text(), \"WebdriverYardjjtihg\")][contains(@id ,\"application-addressmanagement-display-component---detailAdm--addressDetailDetailsName1\")]"}
RESULT: {}
COMMAND: POST /session/9e8832e0cb214a9694b7d6436ce31f23/window - {"handle":"42E8F357012CEE4EEED978336E93EC3C"}
RESULT: {"using":"xpath","value":"//span[contains(text(), \"WebdriverYardjjtihg\")][contains(@id ,\"application-addressmanagement-display-component---detailAdm--addressDetailDetailsName1\")]"}
RESULT: {"handle":"42E8F357012CEE4EEED978336E93EC3C"}
COMMAND: GET /session/9e8832e0cb214a9694b7d6436ce31f23/url - {}
RESULT: {}
COMMAND: GET /session/9e8832e0cb214a9694b7d6436ce31f23/screenshot - {}
COMMAND: POST /session/9e8832e0cb214a9694b7d6436ce31f23/element - {"using":"xpath","value":"//span[contains(text(), \"WebdriverYardjjtihg\")][contains(@id ,\"application-addressmanagement-display-component---detailAdm--addressDetailDetailsName1\")]"}
RESULT: {}
RESULT: {"using":"xpath","value":"//span[contains(text(), \"WebdriverYardjjtihg\")][contains(@id ,\"application-addressmanagement-display-component---detailAdm--addressDetailDetailsName1\")]"}
COMMAND: POST /session/9e8832e0cb214a9694b7d6436ce31f23/element - {"using":"xpath","value":"//span[contains(text(), \"WebdriverYardjjtihg\")][contains(@id ,\"application-addressmanagement-display-component---detailAdm--addressDetailDetailsName1\")]"}
RESULT: {"using":"xpath","value":"//span[contains(text(), \"WebdriverYardjjtihg\")][contains(@id ,\"application-addressmanagement-display-component---detailAdm--addressDetailDetailsName1\")]"}
COMMAND: POST /session/9e8832e0cb214a9694b7d6436ce31f23/element - {"using":"xpath","value":"//span[contains(text(), \"WebdriverYardjjtihg\")][contains(@id ,\"application-addressmanagement-display-component---detailAdm--addressDetailDetailsName1\")]"}
RESULT: {"using":"xpath","value":"//span[contains(text(), \"WebdriverYardjjtihg\")][contains(@id ,\"application-addressmanagement-display-component---detailAdm--addressDetailDetailsName1\")]"}
COMMAND: POST /session/9e8832e0cb214a9694b7d6436ce31f23/element - {"using":"xpath","value":"//span[contains(text(), \"WebdriverYardjjtihg\")][contains(@id ,\"application-addressmanagement-display-component---detailAdm--addressDetailDetailsName1\")]"}
RESULT: {"using":"xpath","value":"//span[contains(text(), \"WebdriverYardjjtihg\")][contains(@id ,\"application-addressmanagement-display-component---detailAdm--addressDetailDetailsName1\")]"}
COMMAND: POST /session/9e8832e0cb214a9694b7d6436ce31f23/element - {"using":"xpath","value":"//span[contains(text(), \"WebdriverYardjjtihg\")][contains(@id ,\"application-addressmanagement-display-component---detailAdm--addressDetailDetailsName1\")]"}
RESULT: {"using":"xpath","value":"//span[contains(text(), \"WebdriverYardjjtihg\")][contains(@id ,\"application-addressmanagement-display-component---detailAdm--addressDetailDetailsName1\")]"}
COMMAND: POST /session/9e8832e0cb214a9694b7d6436ce31f23/element - {"using":"xpath","value":"//span[contains(text(), \"WebdriverYardjjtihg\")][contains(@id ,\"application-addressmanagement-display-component---detailAdm--addressDetailDetailsName1\")]"}
RESULT: {"using":"xpath","value":"//span[contains(text(), \"WebdriverYardjjtihg\")][contains(@id ,\"application-addressmanagement-display-component---detailAdm--addressDetailDetailsName1\")]"}
COMMAND: POST /session/9e8832e0cb214a9694b7d6436ce31f23/element - {"using":"xpath","value":"//span[contains(text(), \"WebdriverYardjjtihg\")][contains(@id ,\"application-addressmanagement-display-component---detailAdm--addressDetailDetailsName1\")]"}
RESULT: {"using":"xpath","value":"//span[contains(text(), \"WebdriverYardjjtihg\")][contains(@id ,\"application-addressmanagement-display-component---detailAdm--addressDetailDetailsName1\")]"}
COMMAND: POST /session/9e8832e0cb214a9694b7d6436ce31f23/element - {"using":"xpath","value":"//span[contains(text(), \"WebdriverYardjjtihg\")][contains(@id ,\"application-addressmanagement-display-component---detailAdm--addressDetailDetailsName1\")]"}
RESULT: {"using":"xpath","value":"//span[contains(text(), \"WebdriverYardjjtihg\")][contains(@id ,\"application-addressmanagement-display-component---detailAdm--addressDetailDetailsName1\")]"}
COMMAND: POST /session/9e8832e0cb214a9694b7d6436ce31f23/element - {"using":"xpath","value":"//span[contains(text(), \"WebdriverYardjjtihg\")][contains(@id ,\"application-addressmanagement-display-component---detailAdm--addressDetailDetailsName1\")]"}
RESULT: {"using":"xpath","value":"//span[contains(text(), \"WebdriverYardjjtihg\")][contains(@id ,\"application-addressmanagement-display-component---detailAdm--addressDetailDetailsName1\")]"}
COMMAND: POST /session/9e8832e0cb214a9694b7d6436ce31f23/element - {"using":"xpath","value":"//span[contains(text(), \"WebdriverYardjjtihg\")][contains(@id ,\"application-addressmanagement-display-component---detailAdm--addressDetailDetailsName1\")]"}
RESULT: {"using":"xpath","value":"//span[contains(text(), \"WebdriverYardjjtihg\")][contains(@id ,\"application-addressmanagement-display-component---detailAdm--addressDetailDetailsName1\")]"}
COMMAND: POST /session/9e8832e0cb214a9694b7d6436ce31f23/element - {"using":"xpath","value":"//span[contains(text(), \"WebdriverYardjjtihg\")][contains(@id ,\"application-addressmanagement-display-component---detailAdm--addressDetailDetailsName1\")]"}
RESULT: {"using":"xpath","value":"//span[contains(text(), \"WebdriverYardjjtihg\")][contains(@id ,\"application-addressmanagement-display-component---detailAdm--addressDetailDetailsName1\")]"}
COMMAND: POST /session/9e8832e0cb214a9694b7d6436ce31f23/element - {"using":"xpath","value":"//span[contains(text(), \"WebdriverYardjjtihg\")][contains(@id ,\"application-addressmanagement-display-component---detailAdm--addressDetailDetailsName1\")]"}
RESULT: {"using":"xpath","value":"//span[contains(text(), \"WebdriverYardjjtihg\")][contains(@id ,\"application-addressmanagement-display-component---detailAdm--addressDetailDetailsName1\")]"}
COMMAND: POST /session/9e8832e0cb214a9694b7d6436ce31f23/element - {"using":"xpath","value":"//span[contains(text(), \"WebdriverYardjjtihg\")][contains(@id ,\"application-addressmanagement-display-component---detailAdm--addressDetailDetailsName1\")]"}
RESULT: {"using":"xpath","value":"//span[contains(text(), \"WebdriverYardjjtihg\")][contains(@id ,\"application-addressmanagement-display-component---detailAdm--addressDetailDetailsName1\")]"}
COMMAND: POST /session/9e8832e0cb214a9694b7d6436ce31f23/execute/sync - {"script":"<script> [8489 bytes]","args":[{"element-6066-11e4-a52e-4f735466cecf":"f.A963EA71CA7C9571D27BE17D1CCB0928.d.1C4FA11F00EED627002DEFC696C5B1E7.e.3248","ELEMENT":"f.A963EA71CA7C9571D27BE17D1CCB0928.d.1C4FA11F00EED627002DEFC696C5B1E7.e.3248"}]}
COMMAND: DELETE /session/9e8832e0cb214a9694b7d6436ce31f23/window - {}
COMMAND: POST /session/9e8832e0cb214a9694b7d6436ce31f23/element - {"using":"xpath","value":"//span[contains(text(), \"WebdriverYardjjtihg\")][contains(@id ,\"application-addressmanagement-display-component---detailAdm--addressDetailDetailsName1\")]"}
RESULT: {}
COMMAND: POST /session/9e8832e0cb214a9694b7d6436ce31f23/window - {"handle":"A963EA71CA7C9571D27BE17D1CCB0928"}
RESULT: {"handle":"A963EA71CA7C9571D27BE17D1CCB0928"}
COMMAND: GET /session/9e8832e0cb214a9694b7d6436ce31f23/url - {}
COMMAND: POST /session/9e8832e0cb214a9694b7d6436ce31f23/element - {"using":"xpath","value":"//span[contains(@id ,\"title\")][contains(text(), \"WebdriverYardkj2hy\")]"}
RESULT: {"using":"xpath","value":"//span[contains(text(), \"WebdriverYardjjtihg\")][contains(@id ,\"application-addressmanagement-display-component---detailAdm--addressDetailDetailsName1\")]"}
RESULT: {}
COMMAND: GET /session/9e8832e0cb214a9694b7d6436ce31f23/screenshot - {}
RESULT: {"using":"xpath","value":"//span[contains(@id ,\"title\")][contains(text(), \"WebdriverYardkj2hy\")]"}
COMMAND: POST /session/9e8832e0cb214a9694b7d6436ce31f23/execute/sync - {"script":"<script> [8489 bytes]","args":[{"element-6066-11e4-a52e-4f735466cecf":"f.A963EA71CA7C9571D27BE17D1CCB0928.d.1C4FA11F00EED627002DEFC696C5B1E7.e.3710","ELEMENT":"f.A963EA71CA7C9571D27BE17D1CCB0928.d.1C4FA11F00EED627002DEFC696C5B1E7.e.3710"}]}
COMMAND: POST /session/9e8832e0cb214a9694b7d6436ce31f23/element - {"using":"xpath","value":"//span[contains(text(), \"WebdriverYardjjtihg\")][contains(@id ,\"application-addressmanagement-display-component---detailAdm--addressDetailDetailsName1\")]"}
RESULT: {}
RESULT: {"script":"<script> [8489 bytes]","args":[{"element-6066-11e4-a52e-4f735466cecf":"f.A963EA71CA7C9571D27BE17D1CCB0928.d.1C4FA11F00EED627002DEFC696C5B1E7.e.3710","ELEMENT":"f.A963EA71CA7C9571D27BE17D1CCB0928.d.1C4FA11F00EED627002DEFC696C5B1E7.e.3710"}]}
RESULT: {"using":"xpath","value":"//span[contains(text(), \"WebdriverYardjjtihg\")][contains(@id ,\"application-addressmanagement-display-component---detailAdm--addressDetailDetailsName1\")]"}
COMMAND: GET /session/9e8832e0cb214a9694b7d6436ce31f23/screenshot - {}
RESULT: {}
COMMAND: POST /session/9e8832e0cb214a9694b7d6436ce31f23/element - {"using":"xpath","value":"//span[contains(text(), \"WebdriverYardjjtihg\")][contains(@id ,\"application-addressmanagement-display-component---detailAdm--addressDetailDetailsName1\")]"}
RESULT: {"using":"xpath","value":"//span[contains(text(), \"WebdriverYardjjtihg\")][contains(@id ,\"application-addressmanagement-display-component---detailAdm--addressDetailDetailsName1\")]"}
COMMAND: POST /session/9e8832e0cb214a9694b7d6436ce31f23/element - {"using":"xpath","value":"//span[contains(text(), \"WebdriverYardjjtihg\")][contains(@id ,\"application-addressmanagement-display-component---detailAdm--addressDetailDetailsName1\")]"}
RESULT: {"using":"xpath","value":"//span[contains(text(), \"WebdriverYardjjtihg\")][contains(@id ,\"application-addressmanagement-display-component---detailAdm--addressDetailDetailsName1\")]"}
COMMAND: POST /session/9e8832e0cb214a9694b7d6436ce31f23/element - {"using":"xpath","value":"//span[contains(text(), \"WebdriverYardjjtihg\")][contains(@id ,\"application-addressmanagement-display-component---detailAdm--addressDetailDetailsName1\")]"}
RESULT: {"using":"xpath","value":"//span[contains(text(), \"WebdriverYardjjtihg\")][contains(@id ,\"application-addressmanagement-display-component---detailAdm--addressDetailDetailsName1\")]"}
COMMAND: POST /session/9e8832e0cb214a9694b7d6436ce31f23/element - {"using":"xpath","value":"//span[contains(text(), \"WebdriverYardjjtihg\")][contains(@id ,\"application-addressmanagement-display-component---detailAdm--addressDetailDetailsName1\")]"}
RESULT: {"using":"xpath","value":"//span[contains(text(), \"WebdriverYardjjtihg\")][contains(@id ,\"application-addressmanagement-display-component---detailAdm--addressDetailDetailsName1\")]"}
COMMAND: POST /session/9e8832e0cb214a9694b7d6436ce31f23/element - {"using":"xpath","value":"//span[contains(text(), \"WebdriverYardjjtihg\")][contains(@id ,\"application-addressmanagement-display-component---detailAdm--addressDetailDetailsName1\")]"}
RESULT: {"using":"xpath","value":"//span[contains(text(), \"WebdriverYardjjtihg\")][contains(@id ,\"application-addressmanagement-display-component---detailAdm--addressDetailDetailsName1\")]"}
COMMAND: POST /session/9e8832e0cb214a9694b7d6436ce31f23/element - {"using":"xpath","value":"//span[contains(text(), \"WebdriverYardjjtihg\")][contains(@id ,\"application-addressmanagement-display-component---detailAdm--addressDetailDetailsName1\")]"}
RESULT: {"using":"xpath","value":"//span[contains(text(), \"WebdriverYardjjtihg\")][contains(@id ,\"application-addressmanagement-display-component---detailAdm--addressDetailDetailsName1\")]"}
COMMAND: POST /session/9e8832e0cb214a9694b7d6436ce31f23/element - {"using":"xpath","value":"//span[contains(text(), \"WebdriverYardjjtihg\")][contains(@id ,\"application-addressmanagement-display-component---detailAdm--addressDetailDetailsName1\")]"}
RESULT: {"using":"xpath","value":"//span[contains(text(), \"WebdriverYardjjtihg\")][contains(@id ,\"application-addressmanagement-display-component---detailAdm--addressDetailDetailsName1\")]"}
COMMAND: POST /session/9e8832e0cb214a9694b7d6436ce31f23/element - {"using":"xpath","value":"//span[contains(text(), \"WebdriverYardjjtihg\")][contains(@id ,\"application-addressmanagement-display-component---detailAdm--addressDetailDetailsName1\")]"}
RESULT: {"using":"xpath","value":"//span[contains(text(), \"WebdriverYardjjtihg\")][contains(@id ,\"application-addressmanagement-display-component---detailAdm--addressDetailDetailsName1\")]"}
COMMAND: POST /session/9e8832e0cb214a9694b7d6436ce31f23/element - {"using":"xpath","value":"//button[contains(@data-kt ,\"ContextMenuExternalId3Link\")]"}
RESULT: {"using":"xpath","value":"//button[contains(@data-kt ,\"ContextMenuExternalId3Link\")]"}
COMMAND: POST /session/9e8832e0cb214a9694b7d6436ce31f23/element/f.A963EA71CA7C9571D27BE17D1CCB0928.d.1C4FA11F00EED627002DEFC696C5B1E7.e.3711/click - {}
COMMAND: POST /session/9e8832e0cb214a9694b7d6436ce31f23/element - {"using":"xpath","value":"//span[contains(text(), \"WebdriverYardjjtihg\")][contains(@id ,\"application-addressmanagement-display-component---detailAdm--addressDetailDetailsName1\")]"}
RESULT: {}
COMMAND: GET /session/9e8832e0cb214a9694b7d6436ce31f23/screenshot - {}
RESULT: {"using":"xpath","value":"//span[contains(text(), \"WebdriverYardjjtihg\")][contains(@id ,\"application-addressmanagement-display-component---detailAdm--addressDetailDetailsName1\")]"}
COMMAND: POST /session/9e8832e0cb214a9694b7d6436ce31f23/element - {"using":"xpath","value":"//span[contains(text(), \"WebdriverYardjjtihg\")][contains(@id ,\"application-addressmanagement-display-component---detailAdm--addressDetailDetailsName1\")]"}
RESULT: {}
RESULT: {"using":"xpath","value":"//span[contains(text(), \"WebdriverYardjjtihg\")][contains(@id ,\"application-addressmanagement-display-component---detailAdm--addressDetailDetailsName1\")]"}
COMMAND: GET /session/9e8832e0cb214a9694b7d6436ce31f23/window/handles - {}
RESULT: {}
COMMAND: POST /session/9e8832e0cb214a9694b7d6436ce31f23/window - {"handle":"30E15D30BE6F837EE46063BC9152EC27"}
RESULT: {"handle":"30E15D30BE6F837EE46063BC9152EC27"}
COMMAND: GET /session/9e8832e0cb214a9694b7d6436ce31f23/url - {}
RESULT: {}
COMMAND: GET /session/9e8832e0cb214a9694b7d6436ce31f23/screenshot - {}
RESULT: {}
COMMAND: POST /session/9e8832e0cb214a9694b7d6436ce31f23/element - {"using":"xpath","value":"//span[contains(text(), \"WebdriverYardjjtihg\")][contains(@id ,\"application-addressmanagement-display-component---detailAdm--addressDetailDetailsName1\")]"}
COMMAND: DELETE /session/9e8832e0cb214a9694b7d6436ce31f23/window - {}
RESULT: {}
COMMAND: POST /session/9e8832e0cb214a9694b7d6436ce31f23/window - {"handle":"A963EA71CA7C9571D27BE17D1CCB0928"}
RESULT: {"handle":"A963EA71CA7C9571D27BE17D1CCB0928"}
COMMAND: GET /session/9e8832e0cb214a9694b7d6436ce31f23/url - {}
RESULT: {"using":"xpath","value":"//span[contains(text(), \"WebdriverYardjjtihg\")][contains(@id ,\"application-addressmanagement-display-component---detailAdm--addressDetailDetailsName1\")]"}
RESULT: {}
COMMAND: GET /session/9e8832e0cb214a9694b7d6436ce31f23/screenshot - {}
RESULT: {}
COMMAND: POST /session/9e8832e0cb214a9694b7d6436ce31f23/element - {"using":"xpath","value":"//span[contains(text(), \"WebdriverYardjjtihg\")][contains(@id ,\"application-addressmanagement-display-component---detailAdm--addressDetailDetailsName1\")]"}
RESULT: {"using":"xpath","value":"//span[contains(text(), \"WebdriverYardjjtihg\")][contains(@id ,\"application-addressmanagement-display-component---detailAdm--addressDetailDetailsName1\")]"}
COMMAND: POST /session/9e8832e0cb214a9694b7d6436ce31f23/element - {"using":"xpath","value":"//span[contains(text(), \"WebdriverYardjjtihg\")][contains(@id ,\"application-addressmanagement-display-component---detailAdm--addressDetailDetailsName1\")]"}
RESULT: {"using":"xpath","value":"//span[contains(text(), \"WebdriverYardjjtihg\")][contains(@id ,\"application-addressmanagement-display-component---detailAdm--addressDetailDetailsName1\")]"}
COMMAND: POST /session/9e8832e0cb214a9694b7d6436ce31f23/element - {"using":"xpath","value":"//span[contains(text(), \"WebdriverYardjjtihg\")][contains(@id ,\"application-addressmanagement-display-component---detailAdm--addressDetailDetailsName1\")]"}
RESULT: {"using":"xpath","value":"//span[contains(text(), \"WebdriverYardjjtihg\")][contains(@id ,\"application-addressmanagement-display-component---detailAdm--addressDetailDetailsName1\")]"}
COMMAND: POST /session/9e8832e0cb214a9694b7d6436ce31f23/element - {"using":"xpath","value":"//span[contains(text(), \"WebdriverYardjjtihg\")][contains(@id ,\"application-addressmanagement-display-component---detailAdm--addressDetailDetailsName1\")]"}
RESULT: {"using":"xpath","value":"//span[contains(text(), \"WebdriverYardjjtihg\")][contains(@id ,\"application-addressmanagement-display-component---detailAdm--addressDetailDetailsName1\")]"}
COMMAND: POST /session/9e8832e0cb214a9694b7d6436ce31f23/element - {"using":"xpath","value":"//span[contains(text(), \"WebdriverYardjjtihg\")][contains(@id ,\"application-addressmanagement-display-component---detailAdm--addressDetailDetailsName1\")]"}
RESULT: {"using":"xpath","value":"//span[contains(text(), \"WebdriverYardjjtihg\")][contains(@id ,\"application-addressmanagement-display-component---detailAdm--addressDetailDetailsName1\")]"}
COMMAND: POST /session/9e8832e0cb214a9694b7d6436ce31f23/element - {"using":"xpath","value":"//span[contains(text(), \"WebdriverYardjjtihg\")][contains(@id ,\"application-addressmanagement-display-component---detailAdm--addressDetailDetailsName1\")]"}
RESULT: {"using":"xpath","value":"//span[contains(text(), \"WebdriverYardjjtihg\")][contains(@id ,\"application-addressmanagement-display-component---detailAdm--addressDetailDetailsName1\")]"}
COMMAND: POST /session/9e8832e0cb214a9694b7d6436ce31f23/element - {"using":"xpath","value":"//span[contains(text(), \"WebdriverYardjjtihg\")][contains(@id ,\"application-addressmanagement-display-component---detailAdm--addressDetailDetailsName1\")]"}
RESULT: {"using":"xpath","value":"//span[contains(text(), \"WebdriverYardjjtihg\")][contains(@id ,\"application-addressmanagement-display-component---detailAdm--addressDetailDetailsName1\")]"}
COMMAND: POST /session/9e8832e0cb214a9694b7d6436ce31f23/element - {"using":"xpath","value":"//span[contains(text(), \"WebdriverYardjjtihg\")][contains(@id ,\"application-addressmanagement-display-component---detailAdm--addressDetailDetailsName1\")]"}
RESULT: {"using":"xpath","value":"//span[contains(text(), \"WebdriverYardjjtihg\")][contains(@id ,\"application-addressmanagement-display-component---detailAdm--addressDetailDetailsName1\")]"}
COMMAND: POST /session/9e8832e0cb214a9694b7d6436ce31f23/element - {"using":"xpath","value":"//span[contains(text(), \"WebdriverYardjjtihg\")][contains(@id ,\"application-addressmanagement-display-component---detailAdm--addressDetailDetailsName1\")]"}
RESULT: {"using":"xpath","value":"//span[contains(text(), \"WebdriverYardjjtihg\")][contains(@id ,\"application-addressmanagement-display-component---detailAdm--addressDetailDetailsName1\")]"}
COMMAND: POST /session/9e8832e0cb214a9694b7d6436ce31f23/element - {"using":"xpath","value":"//*[contains(@data-kt ,\"webshopDetailSiteLink\")]"}
RESULT: {"using":"xpath","value":"//*[contains(@data-kt ,\"webshopDetailSiteLink\")]"}
COMMAND: POST /session/9e8832e0cb214a9694b7d6436ce31f23/element/f.A963EA71CA7C9571D27BE17D1CCB0928.d.1C4FA11F00EED627002DEFC696C5B1E7.e.3725/click - {}
COMMAND: POST /session/9e8832e0cb214a9694b7d6436ce31f23/element - {"using":"xpath","value":"//span[contains(text(), \"WebdriverYardjjtihg\")][contains(@id ,\"application-addressmanagement-display-component---detailAdm--addressDetailDetailsName1\")]"}
RESULT: {}
RESULT: {"using":"xpath","value":"//span[contains(text(), \"WebdriverYardjjtihg\")][contains(@id ,\"application-addressmanagement-display-component---detailAdm--addressDetailDetailsName1\")]"}
COMMAND: GET /session/9e8832e0cb214a9694b7d6436ce31f23/screenshot - {}
RESULT: {}
COMMAND: POST /session/9e8832e0cb214a9694b7d6436ce31f23/element - {"using":"xpath","value":"//span[contains(text(), \"WebdriverYardjjtihg\")][contains(@id ,\"application-addressmanagement-display-component---detailAdm--addressDetailDetailsName1\")]"}
RESULT: {"using":"xpath","value":"//span[contains(text(), \"WebdriverYardjjtihg\")][contains(@id ,\"application-addressmanagement-display-component---detailAdm--addressDetailDetailsName1\")]"}
COMMAND: POST /session/9e8832e0cb214a9694b7d6436ce31f23/element - {"using":"xpath","value":"//span[contains(text(), \"WebdriverYardjjtihg\")][contains(@id ,\"application-addressmanagement-display-component---detailAdm--addressDetailDetailsName1\")]"}
RESULT: {"using":"xpath","value":"//span[contains(text(), \"WebdriverYardjjtihg\")][contains(@id ,\"application-addressmanagement-display-component---detailAdm--addressDetailDetailsName1\")]"}
COMMAND: POST /session/9e8832e0cb214a9694b7d6436ce31f23/element - {"using":"xpath","value":"//span[contains(text(), \"WebdriverYardjjtihg\")][contains(@id ,\"application-addressmanagement-display-component---detailAdm--addressDetailDetailsName1\")]"}
RESULT: {"using":"xpath","value":"//span[contains(text(), \"WebdriverYardjjtihg\")][contains(@id ,\"application-addressmanagement-display-component---detailAdm--addressDetailDetailsName1\")]"}
COMMAND: POST /session/9e8832e0cb214a9694b7d6436ce31f23/element - {"using":"xpath","value":"//*[contains(@data-kt ,\"ContextMenuIdLink\")][contains(text(), \"Manage Site\")]"}
RESULT: {"using":"xpath","value":"//*[contains(@data-kt ,\"ContextMenuIdLink\")][contains(text(), \"Manage Site\")]"}
COMMAND: POST /session/9e8832e0cb214a9694b7d6436ce31f23/execute/sync - {"script":"<script> [8489 bytes]","args":[{"element-6066-11e4-a52e-4f735466cecf":"f.A963EA71CA7C9571D27BE17D1CCB0928.d.1C4FA11F00EED627002DEFC696C5B1E7.e.3727","ELEMENT":"f.A963EA71CA7C9571D27BE17D1CCB0928.d.1C4FA11F00EED627002DEFC696C5B1E7.e.3727"}]}
COMMAND: POST /session/9e8832e0cb214a9694b7d6436ce31f23/element - {"using":"xpath","value":"//*[contains(@data-kt ,\"ContextMenuId2Link\")][contains(text(), \"Site Overview\")]"}
RESULT: {"using":"xpath","value":"//*[contains(@data-kt ,\"ContextMenuId2Link\")][contains(text(), \"Site Overview\")]"}
COMMAND: POST /session/9e8832e0cb214a9694b7d6436ce31f23/execute/sync - {"script":"<script> [8489 bytes]","args":[{"element-6066-11e4-a52e-4f735466cecf":"f.A963EA71CA7C9571D27BE17D1CCB0928.d.1C4FA11F00EED627002DEFC696C5B1E7.e.3728","ELEMENT":"f.A963EA71CA7C9571D27BE17D1CCB0928.d.1C4FA11F00EED627002DEFC696C5B1E7.e.3728"}]}
COMMAND: POST /session/9e8832e0cb214a9694b7d6436ce31f23/element - {"using":"xpath","value":"//*[contains(@data-kt ,\"ContextMenuId3Link\")][contains(text(), \"Site Main Address\")]"}
COMMAND: POST /session/9e8832e0cb214a9694b7d6436ce31f23/element - {"using":"xpath","value":"//span[contains(text(), \"WebdriverYardjjtihg\")][contains(@id ,\"application-addressmanagement-display-component---detailAdm--addressDetailDetailsName1\")]"}
RESULT: {"script":"<script> [8489 bytes]","args":[{"element-6066-11e4-a52e-4f735466cecf":"f.A963EA71CA7C9571D27BE17D1CCB0928.d.1C4FA11F00EED627002DEFC696C5B1E7.e.3727","ELEMENT":"f.A963EA71CA7C9571D27BE17D1CCB0928.d.1C4FA11F00EED627002DEFC696C5B1E7.e.3727"}]}
COMMAND: GET /session/9e8832e0cb214a9694b7d6436ce31f23/screenshot - {}
RESULT: {"using":"xpath","value":"//*[contains(@data-kt ,\"ContextMenuId3Link\")][contains(text(), \"Site Main Address\")]"}
COMMAND: POST /session/9e8832e0cb214a9694b7d6436ce31f23/execute/sync - {"script":"<script> [8489 bytes]","args":[{"element-6066-11e4-a52e-4f735466cecf":"f.A963EA71CA7C9571D27BE17D1CCB0928.d.1C4FA11F00EED627002DEFC696C5B1E7.e.3729","ELEMENT":"f.A963EA71CA7C9571D27BE17D1CCB0928.d.1C4FA11F00EED627002DEFC696C5B1E7.e.3729"}]}
COMMAND: POST /session/9e8832e0cb214a9694b7d6436ce31f23/element/f.A963EA71CA7C9571D27BE17D1CCB0928.d.1C4FA11F00EED627002DEFC696C5B1E7.e.3727/click - {}
RESULT: {"script":"<script> [8489 bytes]","args":[{"element-6066-11e4-a52e-4f735466cecf":"f.A963EA71CA7C9571D27BE17D1CCB0928.d.1C4FA11F00EED627002DEFC696C5B1E7.e.3728","ELEMENT":"f.A963EA71CA7C9571D27BE17D1CCB0928.d.1C4FA11F00EED627002DEFC696C5B1E7.e.3728"}]}
COMMAND: GET /session/9e8832e0cb214a9694b7d6436ce31f23/screenshot - {}
RESULT: {"using":"xpath","value":"//span[contains(text(), \"WebdriverYardjjtihg\")][contains(@id ,\"application-addressmanagement-display-component---detailAdm--addressDetailDetailsName1\")]"}
RESULT: {}
RESULT: {"script":"<script> [8489 bytes]","args":[{"element-6066-11e4-a52e-4f735466cecf":"f.A963EA71CA7C9571D27BE17D1CCB0928.d.1C4FA11F00EED627002DEFC696C5B1E7.e.3729","ELEMENT":"f.A963EA71CA7C9571D27BE17D1CCB0928.d.1C4FA11F00EED627002DEFC696C5B1E7.e.3729"}]}
COMMAND: GET /session/9e8832e0cb214a9694b7d6436ce31f23/screenshot - {}
RESULT: {}
COMMAND: GET /session/9e8832e0cb214a9694b7d6436ce31f23/screenshot - {}
COMMAND: POST /session/9e8832e0cb214a9694b7d6436ce31f23/element - {"using":"xpath","value":"//span[contains(text(), \"WebdriverYardjjtihg\")][contains(@id ,\"application-addressmanagement-display-component---detailAdm--addressDetailDetailsName1\")]"}
RESULT: {}
RESULT: {}
RESULT: {}
COMMAND: POST /session/9e8832e0cb214a9694b7d6436ce31f23/execute/async - {"script":"<script> [1562 bytes]","args":[{"selector":{"controlType":"sap.m.Title","viewName":"etm.portal.ui.managesites.view.Master","viewId":"application-managesites-display-component---masterSite","i18NText":{"propertyName":"text","key":"sites"}},"wdio_ui5_key":"etmportal.ui.managesites.view.Mastersap.m.Title{\"propertyName\":\"text\",\"key\":\"sites\"}"}]}
RESULT: {"using":"xpath","value":"//span[contains(text(), \"WebdriverYardjjtihg\")][contains(@id ,\"application-addressmanagement-display-component---detailAdm--addressDetailDetailsName1\")]"}
COMMAND: POST /session/9e8832e0cb214a9694b7d6436ce31f23/element - {"using":"xpath","value":"//span[contains(text(), \"WebdriverYardjjtihg\")][contains(@id ,\"application-addressmanagement-display-component---detailAdm--addressDetailDetailsName1\")]"}
RESULT: {"script":"<script> [1562 bytes]","args":[{"selector":{"controlType":"sap.m.Title","viewName":"etm.portal.ui.managesites.view.Master","viewId":"application-managesites-display-component---masterSite","i18NText":{"propertyName":"text","key":"sites"}},"wdio_ui5_key":"etmportal.ui.managesites.view.Mastersap.m.Title{\"propertyName\":\"text\",\"key\":\"sites\"}"}]}
RESULT: undefined
COMMAND: POST /session/9e8832e0cb214a9694b7d6436ce31f23/execute/async - {"script":"<script> [6424 bytes]","args":[{"element-6066-11e4-a52e-4f735466cecf":"f.A963EA71CA7C9571D27BE17D1CCB0928.d.1C4FA11F00EED627002DEFC696C5B1E7.e.4026"},"getText",[]]}
RESULT: {"using":"xpath","value":"//span[contains(text(), \"WebdriverYardjjtihg\")][contains(@id ,\"application-addressmanagement-display-component---detailAdm--addressDetailDetailsName1\")]"}
RESULT: {"script":"<script> [6424 bytes]","args":[{"element-6066-11e4-a52e-4f735466cecf":"f.A963EA71CA7C9571D27BE17D1CCB0928.d.1C4FA11F00EED627002DEFC696C5B1E7.e.4026"},"getText",[]]}
COMMAND: POST /session/9e8832e0cb214a9694b7d6436ce31f23/execute/async - {"script":"<script> [1562 bytes]","args":[{"selector":{"id":"application-managesites-display-component---detailSite--addressDetailDetailsName1"},"wdio_ui5_key":"applicationmanagesites-display-component---detailSite--addressDetailDetailsName1"}]}
COMMAND: POST /session/9e8832e0cb214a9694b7d6436ce31f23/element - {"using":"xpath","value":"//span[contains(text(), \"WebdriverYardjjtihg\")][contains(@id ,\"application-addressmanagement-display-component---detailAdm--addressDetailDetailsName1\")]"}
RESULT: {"script":"<script> [1562 bytes]","args":[{"selector":{"id":"application-managesites-display-component---detailSite--addressDetailDetailsName1"},"wdio_ui5_key":"applicationmanagesites-display-component---detailSite--addressDetailDetailsName1"}]}
RESULT: undefined
COMMAND: POST /session/9e8832e0cb214a9694b7d6436ce31f23/execute/async - {"script":"<script> [6424 bytes]","args":[{"element-6066-11e4-a52e-4f735466cecf":"f.A963EA71CA7C9571D27BE17D1CCB0928.d.1C4FA11F00EED627002DEFC696C5B1E7.e.3779"},"getValue",[]]}
RESULT: {"using":"xpath","value":"//span[contains(text(), \"WebdriverYardjjtihg\")][contains(@id ,\"application-addressmanagement-display-component---detailAdm--addressDetailDetailsName1\")]"}
RESULT: {"script":"<script> [6424 bytes]","args":[{"element-6066-11e4-a52e-4f735466cecf":"f.A963EA71CA7C9571D27BE17D1CCB0928.d.1C4FA11F00EED627002DEFC696C5B1E7.e.3779"},"getValue",[]]}
RESULT: undefined
COMMAND: POST /session/9e8832e0cb214a9694b7d6436ce31f23/element - {"using":"xpath","value":"//*[@id=\"backBtn\"]"}
RESULT: {"using":"xpath","value":"//*[@id=\"backBtn\"]"}
COMMAND: POST /session/9e8832e0cb214a9694b7d6436ce31f23/element/f.A963EA71CA7C9571D27BE17D1CCB0928.d.1C4FA11F00EED627002DEFC696C5B1E7.e.3113/click - {}
COMMAND: POST /session/9e8832e0cb214a9694b7d6436ce31f23/element - {"using":"xpath","value":"//span[contains(text(), \"WebdriverYardjjtihg\")][contains(@id ,\"application-addressmanagement-display-component---detailAdm--addressDetailDetailsName1\")]"}
RESULT: {}
COMMAND: GET /session/9e8832e0cb214a9694b7d6436ce31f23/screenshot - {}
RESULT: {"using":"xpath","value":"//span[contains(text(), \"WebdriverYardjjtihg\")][contains(@id ,\"application-addressmanagement-display-component---detailAdm--addressDetailDetailsName1\")]"}
RESULT: {}
COMMAND: POST /session/9e8832e0cb214a9694b7d6436ce31f23/element - {"using":"xpath","value":"//span[contains(text(), \"WebdriverYardjjtihg\")][contains(@id ,\"application-addressmanagement-display-component---detailAdm--addressDetailDetailsName1\")]"}
RESULT: {"using":"xpath","value":"//span[contains(text(), \"WebdriverYardjjtihg\")][contains(@id ,\"application-addressmanagement-display-component---detailAdm--addressDetailDetailsName1\")]"}
COMMAND: POST /session/9e8832e0cb214a9694b7d6436ce31f23/element - {"using":"xpath","value":"//span[contains(text(), \"WebdriverYardjjtihg\")][contains(@id ,\"application-addressmanagement-display-component---detailAdm--addressDetailDetailsName1\")]"}
RESULT: {"using":"xpath","value":"//span[contains(text(), \"WebdriverYardjjtihg\")][contains(@id ,\"application-addressmanagement-display-component---detailAdm--addressDetailDetailsName1\")]"}
COMMAND: POST /session/9e8832e0cb214a9694b7d6436ce31f23/element - {"using":"xpath","value":"//span[contains(text(), \"WebdriverYardjjtihg\")][contains(@id ,\"application-addressmanagement-display-component---detailAdm--addressDetailDetailsName1\")]"}
RESULT: {"using":"xpath","value":"//span[contains(text(), \"WebdriverYardjjtihg\")][contains(@id ,\"application-addressmanagement-display-component---detailAdm--addressDetailDetailsName1\")]"}
COMMAND: POST /session/9e8832e0cb214a9694b7d6436ce31f23/element - {"using":"xpath","value":"//span[contains(text(), \"WebdriverYardjjtihg\")][contains(@id ,\"application-addressmanagement-display-component---detailAdm--addressDetailDetailsName1\")]"}
RESULT: {"using":"xpath","value":"//span[contains(text(), \"WebdriverYardjjtihg\")][contains(@id ,\"application-addressmanagement-display-component---detailAdm--addressDetailDetailsName1\")]"}
COMMAND: POST /session/9e8832e0cb214a9694b7d6436ce31f23/element - {"using":"xpath","value":"//span[contains(text(), \"WebdriverYardjjtihg\")][contains(@id ,\"application-addressmanagement-display-component---detailAdm--addressDetailDetailsName1\")]"}
RESULT: {"using":"xpath","value":"//span[contains(text(), \"WebdriverYardjjtihg\")][contains(@id ,\"application-addressmanagement-display-component---detailAdm--addressDetailDetailsName1\")]"}
COMMAND: POST /session/9e8832e0cb214a9694b7d6436ce31f23/element - {"using":"xpath","value":"//span[contains(text(), \"WebdriverYardjjtihg\")][contains(@id ,\"application-addressmanagement-display-component---detailAdm--addressDetailDetailsName1\")]"}
RESULT: {"using":"xpath","value":"//span[contains(text(), \"WebdriverYardjjtihg\")][contains(@id ,\"application-addressmanagement-display-component---detailAdm--addressDetailDetailsName1\")]"}
COMMAND: POST /session/9e8832e0cb214a9694b7d6436ce31f23/element - {"using":"xpath","value":"//span[contains(text(), \"WebdriverYardjjtihg\")][contains(@id ,\"application-addressmanagement-display-component---detailAdm--addressDetailDetailsName1\")]"}
RESULT: {"using":"xpath","value":"//span[contains(text(), \"WebdriverYardjjtihg\")][contains(@id ,\"application-addressmanagement-display-component---detailAdm--addressDetailDetailsName1\")]"}
COMMAND: POST /session/9e8832e0cb214a9694b7d6436ce31f23/element - {"using":"xpath","value":"//span[contains(text(), \"WebdriverYardjjtihg\")][contains(@id ,\"application-addressmanagement-display-component---detailAdm--addressDetailDetailsName1\")]"}
RESULT: {"using":"xpath","value":"//span[contains(text(), \"WebdriverYardjjtihg\")][contains(@id ,\"application-addressmanagement-display-component---detailAdm--addressDetailDetailsName1\")]"}
COMMAND: POST /session/9e8832e0cb214a9694b7d6436ce31f23/element - {"using":"xpath","value":"//*[contains(@data-kt ,\"webshopDetailSiteLink\")]"}
RESULT: {"using":"xpath","value":"//*[contains(@data-kt ,\"webshopDetailSiteLink\")]"}
COMMAND: POST /session/9e8832e0cb214a9694b7d6436ce31f23/element/f.A963EA71CA7C9571D27BE17D1CCB0928.d.1C4FA11F00EED627002DEFC696C5B1E7.e.4158/click - {}
RESULT: {}
COMMAND: GET /session/9e8832e0cb214a9694b7d6436ce31f23/screenshot - {}
RESULT: {}
COMMAND: POST /session/9e8832e0cb214a9694b7d6436ce31f23/element - {"using":"xpath","value":"//span[contains(text(), \"WebdriverYardjjtihg\")][contains(@id ,\"application-addressmanagement-display-component---detailAdm--addressDetailDetailsName1\")]"}
RESULT: {"using":"xpath","value":"//span[contains(text(), \"WebdriverYardjjtihg\")][contains(@id ,\"application-addressmanagement-display-component---detailAdm--addressDetailDetailsName1\")]"}
COMMAND: POST /session/9e8832e0cb214a9694b7d6436ce31f23/element - {"using":"xpath","value":"//span[contains(text(), \"WebdriverYardjjtihg\")][contains(@id ,\"application-addressmanagement-display-component---detailAdm--addressDetailDetailsName1\")]"}
RESULT: {"using":"xpath","value":"//span[contains(text(), \"WebdriverYardjjtihg\")][contains(@id ,\"application-addressmanagement-display-component---detailAdm--addressDetailDetailsName1\")]"}
COMMAND: POST /session/9e8832e0cb214a9694b7d6436ce31f23/element - {"using":"xpath","value":"//span[contains(text(), \"WebdriverYardjjtihg\")][contains(@id ,\"application-addressmanagement-display-component---detailAdm--addressDetailDetailsName1\")]"}
RESULT: {"using":"xpath","value":"//span[contains(text(), \"WebdriverYardjjtihg\")][contains(@id ,\"application-addressmanagement-display-component---detailAdm--addressDetailDetailsName1\")]"}
COMMAND: POST /session/9e8832e0cb214a9694b7d6436ce31f23/element - {"using":"xpath","value":"//span[contains(text(), \"WebdriverYardjjtihg\")][contains(@id ,\"application-addressmanagement-display-component---detailAdm--addressDetailDetailsName1\")]"}
RESULT: {"using":"xpath","value":"//span[contains(text(), \"WebdriverYardjjtihg\")][contains(@id ,\"application-addressmanagement-display-component---detailAdm--addressDetailDetailsName1\")]"}
COMMAND: POST /session/9e8832e0cb214a9694b7d6436ce31f23/element/f.A963EA71CA7C9571D27BE17D1CCB0928.d.1C4FA11F00EED627002DEFC696C5B1E7.e.3728/click - {}
COMMAND: POST /session/9e8832e0cb214a9694b7d6436ce31f23/element - {"using":"xpath","value":"//*[contains(@data-kt ,\"ContextMenuId2Link\")][contains(text(), \"Site Overview\")]"}
RESULT: {"using":"xpath","value":"//*[contains(@data-kt ,\"ContextMenuId2Link\")][contains(text(), \"Site Overview\")]"}
COMMAND: POST /session/9e8832e0cb214a9694b7d6436ce31f23/element/f.A963EA71CA7C9571D27BE17D1CCB0928.d.1C4FA11F00EED627002DEFC696C5B1E7.e.3728/click - {}
COMMAND: POST /session/9e8832e0cb214a9694b7d6436ce31f23/element - {"using":"xpath","value":"//*[contains(@data-kt ,\"ContextMenuId2Link\")][contains(text(), \"Site Overview\")]"}
RESULT: {"using":"xpath","value":"//*[contains(@data-kt ,\"ContextMenuId2Link\")][contains(text(), \"Site Overview\")]"}
COMMAND: POST /session/9e8832e0cb214a9694b7d6436ce31f23/element/f.A963EA71CA7C9571D27BE17D1CCB0928.d.1C4FA11F00EED627002DEFC696C5B1E7.e.4160/click - {}
RESULT: {}
COMMAND: GET /session/9e8832e0cb214a9694b7d6436ce31f23/screenshot - {}
COMMAND: POST /session/9e8832e0cb214a9694b7d6436ce31f23/element - {"using":"xpath","value":"//span[contains(text(), \"WebdriverYardjjtihg\")][contains(@id ,\"application-addressmanagement-display-component---detailAdm--addressDetailDetailsName1\")]"}
RESULT: {}
RESULT: {"using":"xpath","value":"//span[contains(text(), \"WebdriverYardjjtihg\")][contains(@id ,\"application-addressmanagement-display-component---detailAdm--addressDetailDetailsName1\")]"}
COMMAND: POST /session/9e8832e0cb214a9694b7d6436ce31f23/element - {"using":"xpath","value":"//span[contains(text(), \"WebdriverYardjjtihg\")][contains(@id ,\"application-addressmanagement-display-component---detailAdm--addressDetailDetailsName1\")]"}
RESULT: {"using":"xpath","value":"//span[contains(text(), \"WebdriverYardjjtihg\")][contains(@id ,\"application-addressmanagement-display-component---detailAdm--addressDetailDetailsName1\")]"}
COMMAND: POST /session/9e8832e0cb214a9694b7d6436ce31f23/element - {"using":"xpath","value":"//span[contains(text(), \"WebdriverYardjjtihg\")][contains(@id ,\"application-addressmanagement-display-component---detailAdm--addressDetailDetailsName1\")]"}
RESULT: {"using":"xpath","value":"//span[contains(text(), \"WebdriverYardjjtihg\")][contains(@id ,\"application-addressmanagement-display-component---detailAdm--addressDetailDetailsName1\")]"}
COMMAND: POST /session/9e8832e0cb214a9694b7d6436ce31f23/element - {"using":"xpath","value":"//span[contains(text(), \"WebdriverYardjjtihg\")][contains(@id ,\"application-addressmanagement-display-component---detailAdm--addressDetailDetailsName1\")]"}
RESULT: {"using":"xpath","value":"//span[contains(text(), \"WebdriverYardjjtihg\")][contains(@id ,\"application-addressmanagement-display-component---detailAdm--addressDetailDetailsName1\")]"}
COMMAND: POST /session/9e8832e0cb214a9694b7d6436ce31f23/element - {"using":"xpath","value":"//span[contains(text(), \"WebdriverYardjjtihg\")][contains(@id ,\"application-addressmanagement-display-component---detailAdm--addressDetailDetailsName1\")]"}
RESULT: {"using":"xpath","value":"//span[contains(text(), \"WebdriverYardjjtihg\")][contains(@id ,\"application-addressmanagement-display-component---detailAdm--addressDetailDetailsName1\")]"}
COMMAND: POST /session/9e8832e0cb214a9694b7d6436ce31f23/element - {"using":"xpath","value":"//span[contains(text(), \"WebdriverYardjjtihg\")][contains(@id ,\"application-addressmanagement-display-component---detailAdm--addressDetailDetailsName1\")]"}
RESULT: {"using":"xpath","value":"//span[contains(text(), \"WebdriverYardjjtihg\")][contains(@id ,\"application-addressmanagement-display-component---detailAdm--addressDetailDetailsName1\")]"}
COMMAND: POST /session/9e8832e0cb214a9694b7d6436ce31f23/element - {"using":"xpath","value":"//span[contains(text(), \"WebdriverYardjjtihg\")][contains(@id ,\"application-addressmanagement-display-component---detailAdm--addressDetailDetailsName1\")]"}
RESULT: {"using":"xpath","value":"//span[contains(text(), \"WebdriverYardjjtihg\")][contains(@id ,\"application-addressmanagement-display-component---detailAdm--addressDetailDetailsName1\")]"}
COMMAND: POST /session/9e8832e0cb214a9694b7d6436ce31f23/element - {"using":"xpath","value":"//span[contains(text(), \"WebdriverYardjjtihg\")][contains(@id ,\"application-addressmanagement-display-component---detailAdm--addressDetailDetailsName1\")]"}
RESULT: {"using":"xpath","value":"//span[contains(text(), \"WebdriverYardjjtihg\")][contains(@id ,\"application-addressmanagement-display-component---detailAdm--addressDetailDetailsName1\")]"}
COMMAND: POST /session/9e8832e0cb214a9694b7d6436ce31f23/element - {"using":"xpath","value":"//span[contains(text(), \"WebdriverYardjjtihg\")][contains(@id ,\"application-addressmanagement-display-component---detailAdm--addressDetailDetailsName1\")]"}
RESULT: {"using":"xpath","value":"//span[contains(text(), \"WebdriverYardjjtihg\")][contains(@id ,\"application-addressmanagement-display-component---detailAdm--addressDetailDetailsName1\")]"}
COMMAND: POST /session/9e8832e0cb214a9694b7d6436ce31f23/element - {"using":"xpath","value":"//span[contains(text(), \"WebdriverYardjjtihg\")][contains(@id ,\"application-addressmanagement-display-component---detailAdm--addressDetailDetailsName1\")]"}
RESULT: {"using":"xpath","value":"//span[contains(text(), \"WebdriverYardjjtihg\")][contains(@id ,\"application-addressmanagement-display-component---detailAdm--addressDetailDetailsName1\")]"}
COMMAND: POST /session/9e8832e0cb214a9694b7d6436ce31f23/element - {"using":"xpath","value":"//span[contains(text(), \"WebdriverYardjjtihg\")][contains(@id ,\"application-addressmanagement-display-component---detailAdm--addressDetailDetailsName1\")]"}
RESULT: {"using":"xpath","value":"//span[contains(text(), \"WebdriverYardjjtihg\")][contains(@id ,\"application-addressmanagement-display-component---detailAdm--addressDetailDetailsName1\")]"}
RESULT: undefined
COMMAND: POST /session/9e8832e0cb214a9694b7d6436ce31f23/execute/async - {"script":"<script> [6424 bytes]","args":[{"element-6066-11e4-a52e-4f735466cecf":"f.A963EA71CA7C9571D27BE17D1CCB0928.d.1C4FA11F00EED627002DEFC696C5B1E7.e.3111"},"getTitle",[]]}
COMMAND: POST /session/9e8832e0cb214a9694b7d6436ce31f23/execute/async - {"script":"<script> [1562 bytes]","args":[{"selector":{"id":"shellAppTitle"},"wdio_ui5_key":"shellAppTitle"}]}
RESULT: {"script":"<script> [1562 bytes]","args":[{"selector":{"id":"shellAppTitle"},"wdio_ui5_key":"shellAppTitle"}]}
COMMAND: POST /session/9e8832e0cb214a9694b7d6436ce31f23/execute/async - {"script":"<script> [6424 bytes]","args":[{"element-6066-11e4-a52e-4f735466cecf":"f.A963EA71CA7C9571D27BE17D1CCB0928.d.1C4FA11F00EED627002DEFC696C5B1E7.e.4185"},"getTitle",[]]}
COMMAND: POST /session/9e8832e0cb214a9694b7d6436ce31f23/element - {"using":"xpath","value":"//span[contains(text(), \"WebdriverYardjjtihg\")][contains(@id ,\"application-addressmanagement-display-component---detailAdm--addressDetailDetailsName1\")]"}
RESULT: {"script":"<script> [6424 bytes]","args":[{"element-6066-11e4-a52e-4f735466cecf":"f.A963EA71CA7C9571D27BE17D1CCB0928.d.1C4FA11F00EED627002DEFC696C5B1E7.e.4185"},"getTitle",[]]}
COMMAND: POST /session/9e8832e0cb214a9694b7d6436ce31f23/element - {"using":"xpath","value":"(//span[contains(text(), \"WebdriverSitewdlu2l\")])[2]"}
RESULT: {"using":"xpath","value":"//span[contains(text(), \"WebdriverYardjjtihg\")][contains(@id ,\"application-addressmanagement-display-component---detailAdm--addressDetailDetailsName1\")]"}
RESULT: {"using":"xpath","value":"(//span[contains(text(), \"WebdriverSitewdlu2l\")])[2]"}
COMMAND: POST /session/9e8832e0cb214a9694b7d6436ce31f23/execute/sync - {"script":"<script> [8489 bytes]","args":[{"element-6066-11e4-a52e-4f735466cecf":"f.A963EA71CA7C9571D27BE17D1CCB0928.d.1C4FA11F00EED627002DEFC696C5B1E7.e.4186","ELEMENT":"f.A963EA71CA7C9571D27BE17D1CCB0928.d.1C4FA11F00EED627002DEFC696C5B1E7.e.4186"}]}
RESULT: undefined
COMMAND: POST /session/9e8832e0cb214a9694b7d6436ce31f23/element - {"using":"xpath","value":"//*[@id=\"backBtn\"]"}
RESULT: {"using":"xpath","value":"//*[@id=\"backBtn\"]"}
COMMAND: POST /session/9e8832e0cb214a9694b7d6436ce31f23/element/f.A963EA71CA7C9571D27BE17D1CCB0928.d.1C4FA11F00EED627002DEFC696C5B1E7.e.3113/click - {}
RESULT: {"script":"<script> [8489 bytes]","args":[{"element-6066-11e4-a52e-4f735466cecf":"f.A963EA71CA7C9571D27BE17D1CCB0928.d.1C4FA11F00EED627002DEFC696C5B1E7.e.4186","ELEMENT":"f.A963EA71CA7C9571D27BE17D1CCB0928.d.1C4FA11F00EED627002DEFC696C5B1E7.e.4186"}]}
COMMAND: GET /session/9e8832e0cb214a9694b7d6436ce31f23/screenshot - {}
COMMAND: POST /session/9e8832e0cb214a9694b7d6436ce31f23/element - {"using":"xpath","value":"//span[contains(text(), \"WebdriverYardjjtihg\")][contains(@id ,\"application-addressmanagement-display-component---detailAdm--addressDetailDetailsName1\")]"}
RESULT: {}
COMMAND: GET /session/9e8832e0cb214a9694b7d6436ce31f23/screenshot - {}
RESULT: {}
RESULT: {"using":"xpath","value":"//span[contains(text(), \"WebdriverYardjjtihg\")][contains(@id ,\"application-addressmanagement-display-component---detailAdm--addressDetailDetailsName1\")]"}
RESULT: {}
COMMAND: POST /session/9e8832e0cb214a9694b7d6436ce31f23/element - {"using":"xpath","value":"//*[contains(@data-kt ,\"webshopDetailSiteLink\")]"}
RESULT: {"using":"xpath","value":"//*[contains(@data-kt ,\"webshopDetailSiteLink\")]"}
COMMAND: POST /session/9e8832e0cb214a9694b7d6436ce31f23/element/f.A963EA71CA7C9571D27BE17D1CCB0928.d.1C4FA11F00EED627002DEFC696C5B1E7.e.4318/click - {}
RESULT: {}
COMMAND: GET /session/9e8832e0cb214a9694b7d6436ce31f23/screenshot - {}
RESULT: {}
COMMAND: POST /session/9e8832e0cb214a9694b7d6436ce31f23/element/f.A963EA71CA7C9571D27BE17D1CCB0928.d.1C4FA11F00EED627002DEFC696C5B1E7.e.3729/click - {}
COMMAND: POST /session/9e8832e0cb214a9694b7d6436ce31f23/element - {"using":"xpath","value":"//*[contains(@data-kt ,\"ContextMenuId3Link\")][contains(text(), \"Site Main Address\")]"}
RESULT: {"using":"xpath","value":"//*[contains(@data-kt ,\"ContextMenuId3Link\")][contains(text(), \"Site Main Address\")]"}
COMMAND: POST /session/9e8832e0cb214a9694b7d6436ce31f23/element/f.A963EA71CA7C9571D27BE17D1CCB0928.d.1C4FA11F00EED627002DEFC696C5B1E7.e.3729/click - {}
COMMAND: POST /session/9e8832e0cb214a9694b7d6436ce31f23/element - {"using":"xpath","value":"//*[contains(@data-kt ,\"ContextMenuId3Link\")][contains(text(), \"Site Main Address\")]"}
RESULT: {"using":"xpath","value":"//*[contains(@data-kt ,\"ContextMenuId3Link\")][contains(text(), \"Site Main Address\")]"}
COMMAND: POST /session/9e8832e0cb214a9694b7d6436ce31f23/element/f.A963EA71CA7C9571D27BE17D1CCB0928.d.1C4FA11F00EED627002DEFC696C5B1E7.e.4320/click - {}
RESULT: {}
COMMAND: GET /session/9e8832e0cb214a9694b7d6436ce31f23/screenshot - {}
RESULT: {}
COMMAND: POST /session/9e8832e0cb214a9694b7d6436ce31f23/element - {"using":"xpath","value":"//span[contains(@id ,\"application-addressmanagement-display-component---masterAdm--title1-inner\")]"}
RESULT: {"using":"xpath","value":"//span[contains(@id ,\"application-addressmanagement-display-component---masterAdm--title1-inner\")]"}
COMMAND: GET /session/9e8832e0cb214a9694b7d6436ce31f23/element/f.A963EA71CA7C9571D27BE17D1CCB0928.d.1C4FA11F00EED627002DEFC696C5B1E7.e.4522/text - {}
RESULT: {}
COMMAND: POST /session/9e8832e0cb214a9694b7d6436ce31f23/element - {"using":"xpath","value":"//span[contains(@id ,\"application-addressmanagement-display-component---detailAdm--addressDetailDetailsName1\")][contains(text(), \"WebdriverSitewdlu2l\")]"}
RESULT: {"using":"xpath","value":"//span[contains(@id ,\"application-addressmanagement-display-component---detailAdm--addressDetailDetailsName1\")][contains(text(), \"WebdriverSitewdlu2l\")]"}
COMMAND: POST /session/9e8832e0cb214a9694b7d6436ce31f23/execute/sync - {"script":"<script> [8489 bytes]","args":[{"element-6066-11e4-a52e-4f735466cecf":"f.A963EA71CA7C9571D27BE17D1CCB0928.d.1C4FA11F00EED627002DEFC696C5B1E7.e.4523","ELEMENT":"f.A963EA71CA7C9571D27BE17D1CCB0928.d.1C4FA11F00EED627002DEFC696C5B1E7.e.4523"}]}
RESULT: undefined
COMMAND: POST /session/9e8832e0cb214a9694b7d6436ce31f23/element - {"using":"xpath","value":"//*[@id=\"backBtn\"]"}
RESULT: {"script":"<script> [8489 bytes]","args":[{"element-6066-11e4-a52e-4f735466cecf":"f.A963EA71CA7C9571D27BE17D1CCB0928.d.1C4FA11F00EED627002DEFC696C5B1E7.e.4523","ELEMENT":"f.A963EA71CA7C9571D27BE17D1CCB0928.d.1C4FA11F00EED627002DEFC696C5B1E7.e.4523"}]}
COMMAND: GET /session/9e8832e0cb214a9694b7d6436ce31f23/screenshot - {}
RESULT: {"using":"xpath","value":"//*[@id=\"backBtn\"]"}
COMMAND: POST /session/9e8832e0cb214a9694b7d6436ce31f23/element/f.A963EA71CA7C9571D27BE17D1CCB0928.d.1C4FA11F00EED627002DEFC696C5B1E7.e.3113/click - {}
RESULT: {}
RESULT: {}
COMMAND: GET /session/9e8832e0cb214a9694b7d6436ce31f23/screenshot - {}
RESULT: {}
COMMAND: POST /session/9e8832e0cb214a9694b7d6436ce31f23/element - {"using":"xpath","value":"//*[contains(@data-kt ,\"webshopDetailSiteLink\")]"}
RESULT: {"using":"xpath","value":"//*[contains(@data-kt ,\"webshopDetailSiteLink\")]"}
COMMAND: POST /session/9e8832e0cb214a9694b7d6436ce31f23/element/f.A963EA71CA7C9571D27BE17D1CCB0928.d.1C4FA11F00EED627002DEFC696C5B1E7.e.4692/click - {}
RESULT: {}
COMMAND: GET /session/9e8832e0cb214a9694b7d6436ce31f23/screenshot - {}
RESULT: {}
COMMAND: POST /session/9e8832e0cb214a9694b7d6436ce31f23/element - {"using":"xpath","value":"//button[contains(@data-kt ,\"ContextMenuIdExternalLink\")]"}
RESULT: {"using":"xpath","value":"//button[contains(@data-kt ,\"ContextMenuIdExternalLink\")]"}
COMMAND: POST /session/9e8832e0cb214a9694b7d6436ce31f23/element/f.A963EA71CA7C9571D27BE17D1CCB0928.d.1C4FA11F00EED627002DEFC696C5B1E7.e.4694/click - {}
RESULT: {}
COMMAND: GET /session/9e8832e0cb214a9694b7d6436ce31f23/screenshot - {}
RESULT: {}
COMMAND: GET /session/9e8832e0cb214a9694b7d6436ce31f23/window/handles - {}
RESULT: {}
COMMAND: POST /session/9e8832e0cb214a9694b7d6436ce31f23/window - {"handle":"204E7CA8D6232C383457DA10408B7149"}
RESULT: {"handle":"204E7CA8D6232C383457DA10408B7149"}
COMMAND: GET /session/9e8832e0cb214a9694b7d6436ce31f23/url - {}
RESULT: {}
COMMAND: GET /session/9e8832e0cb214a9694b7d6436ce31f23/screenshot - {}
COMMAND: DELETE /session/9e8832e0cb214a9694b7d6436ce31f23/window - {}
RESULT: {}
RESULT: {}
COMMAND: POST /session/9e8832e0cb214a9694b7d6436ce31f23/window - {"handle":"A963EA71CA7C9571D27BE17D1CCB0928"}
RESULT: {"handle":"A963EA71CA7C9571D27BE17D1CCB0928"}
COMMAND: GET /session/9e8832e0cb214a9694b7d6436ce31f23/url - {}
RESULT: {}
COMMAND: GET /session/9e8832e0cb214a9694b7d6436ce31f23/screenshot - {}
RESULT: {}
COMMAND: POST /session/9e8832e0cb214a9694b7d6436ce31f23/element - {"using":"xpath","value":"//button[contains(@data-kt ,\"ContextMenuExternalId2Link\")]"}
RESULT: {"using":"xpath","value":"//button[contains(@data-kt ,\"ContextMenuExternalId2Link\")]"}
COMMAND: POST /session/9e8832e0cb214a9694b7d6436ce31f23/element/f.A963EA71CA7C9571D27BE17D1CCB0928.d.1C4FA11F00EED627002DEFC696C5B1E7.e.4699/click - {}
RESULT: {}
COMMAND: GET /session/9e8832e0cb214a9694b7d6436ce31f23/screenshot - {}
RESULT: {}
COMMAND: GET /session/9e8832e0cb214a9694b7d6436ce31f23/window/handles - {}
RESULT: {}
COMMAND: POST /session/9e8832e0cb214a9694b7d6436ce31f23/window - {"handle":"FDFDE06036EBD2CCCEB5D482FABA09E0"}
RESULT: {"handle":"FDFDE06036EBD2CCCEB5D482FABA09E0"}
COMMAND: GET /session/9e8832e0cb214a9694b7d6436ce31f23/url - {}
RESULT: {}
COMMAND: GET /session/9e8832e0cb214a9694b7d6436ce31f23/screenshot - {}
RESULT: {}
COMMAND: POST /session/9e8832e0cb214a9694b7d6436ce31f23/execute/sync - {"script":"<script> [8489 bytes]","args":[{"element-6066-11e4-a52e-4f735466cecf":"f.A963EA71CA7C9571D27BE17D1CCB0928.d.1C4FA11F00EED627002DEFC696C5B1E7.e.4186","ELEMENT":"f.A963EA71CA7C9571D27BE17D1CCB0928.d.1C4FA11F00EED627002DEFC696C5B1E7.e.4186"}]}
COMMAND: DELETE /session/9e8832e0cb214a9694b7d6436ce31f23/window - {}
RESULT: {}
COMMAND: POST /session/9e8832e0cb214a9694b7d6436ce31f23/window - {"handle":"A963EA71CA7C9571D27BE17D1CCB0928"}
RESULT: {"handle":"A963EA71CA7C9571D27BE17D1CCB0928"}
COMMAND: GET /session/9e8832e0cb214a9694b7d6436ce31f23/url - {}
COMMAND: POST /session/9e8832e0cb214a9694b7d6436ce31f23/element - {"using":"xpath","value":"(//span[contains(text(), \"WebdriverSitewdlu2l\")])[2]"}
RESULT: {}
COMMAND: GET /session/9e8832e0cb214a9694b7d6436ce31f23/screenshot - {}
RESULT: {"using":"xpath","value":"(//span[contains(text(), \"WebdriverSitewdlu2l\")])[2]"}
COMMAND: POST /session/9e8832e0cb214a9694b7d6436ce31f23/element - {"using":"xpath","value":"(//span[contains(text(), \"WebdriverSitewdlu2l\")])[2]"}
RESULT: {}
RESULT: {"using":"xpath","value":"(//span[contains(text(), \"WebdriverSitewdlu2l\")])[2]"}
COMMAND: POST /session/9e8832e0cb214a9694b7d6436ce31f23/element - {"using":"xpath","value":"(//span[contains(text(), \"WebdriverSitewdlu2l\")])[2]"}
RESULT: {"using":"xpath","value":"(//span[contains(text(), \"WebdriverSitewdlu2l\")])[2]"}
COMMAND: POST /session/9e8832e0cb214a9694b7d6436ce31f23/element - {"using":"xpath","value":"(//span[contains(text(), \"WebdriverSitewdlu2l\")])[2]"}
RESULT: {"using":"xpath","value":"(//span[contains(text(), \"WebdriverSitewdlu2l\")])[2]"}
COMMAND: POST /session/9e8832e0cb214a9694b7d6436ce31f23/element - {"using":"xpath","value":"(//span[contains(text(), \"WebdriverSitewdlu2l\")])[2]"}
RESULT: {"using":"xpath","value":"(//span[contains(text(), \"WebdriverSitewdlu2l\")])[2]"}
COMMAND: POST /session/9e8832e0cb214a9694b7d6436ce31f23/element - {"using":"xpath","value":"(//span[contains(text(), \"WebdriverSitewdlu2l\")])[2]"}
RESULT: {"using":"xpath","value":"(//span[contains(text(), \"WebdriverSitewdlu2l\")])[2]"}
COMMAND: POST /session/9e8832e0cb214a9694b7d6436ce31f23/element - {"using":"xpath","value":"(//span[contains(text(), \"WebdriverSitewdlu2l\")])[2]"}
RESULT: {"using":"xpath","value":"(//span[contains(text(), \"WebdriverSitewdlu2l\")])[2]"}
COMMAND: POST /session/9e8832e0cb214a9694b7d6436ce31f23/element - {"using":"xpath","value":"(//span[contains(text(), \"WebdriverSitewdlu2l\")])[2]"}
RESULT: {"using":"xpath","value":"(//span[contains(text(), \"WebdriverSitewdlu2l\")])[2]"}
COMMAND: POST /session/9e8832e0cb214a9694b7d6436ce31f23/element - {"using":"xpath","value":"(//span[contains(text(), \"WebdriverSitewdlu2l\")])[2]"}
RESULT: {"using":"xpath","value":"(//span[contains(text(), \"WebdriverSitewdlu2l\")])[2]"}
COMMAND: POST /session/9e8832e0cb214a9694b7d6436ce31f23/element - {"using":"xpath","value":"(//span[contains(text(), \"WebdriverSitewdlu2l\")])[2]"}
RESULT: {"using":"xpath","value":"(//span[contains(text(), \"WebdriverSitewdlu2l\")])[2]"}
COMMAND: POST /session/9e8832e0cb214a9694b7d6436ce31f23/element - {"using":"xpath","value":"//*[contains(@data-kt ,\"webshopDetailSiteLink\")]"}
RESULT: {"using":"xpath","value":"//*[contains(@data-kt ,\"webshopDetailSiteLink\")]"}
COMMAND: POST /session/9e8832e0cb214a9694b7d6436ce31f23/element/f.A963EA71CA7C9571D27BE17D1CCB0928.d.1C4FA11F00EED627002DEFC696C5B1E7.e.4692/click - {}
RESULT: {}
COMMAND: GET /session/9e8832e0cb214a9694b7d6436ce31f23/screenshot - {}
COMMAND: POST /session/9e8832e0cb214a9694b7d6436ce31f23/element - {"using":"xpath","value":"(//span[contains(text(), \"WebdriverSitewdlu2l\")])[2]"}
RESULT: {}
RESULT: {"using":"xpath","value":"(//span[contains(text(), \"WebdriverSitewdlu2l\")])[2]"}
COMMAND: POST /session/9e8832e0cb214a9694b7d6436ce31f23/execute/sync - {"script":"<script> [8489 bytes]","args":[{"element-6066-11e4-a52e-4f735466cecf":"f.A963EA71CA7C9571D27BE17D1CCB0928.d.1C4FA11F00EED627002DEFC696C5B1E7.e.4714","ELEMENT":"f.A963EA71CA7C9571D27BE17D1CCB0928.d.1C4FA11F00EED627002DEFC696C5B1E7.e.4714"}]}
RESULT: {"script":"<script> [8489 bytes]","args":[{"element-6066-11e4-a52e-4f735466cecf":"f.A963EA71CA7C9571D27BE17D1CCB0928.d.1C4FA11F00EED627002DEFC696C5B1E7.e.4714","ELEMENT":"f.A963EA71CA7C9571D27BE17D1CCB0928.d.1C4FA11F00EED627002DEFC696C5B1E7.e.4714"}]}
COMMAND: GET /session/9e8832e0cb214a9694b7d6436ce31f23/screenshot - {}
RESULT: {}
COMMAND: POST /session/9e8832e0cb214a9694b7d6436ce31f23/element - {"using":"xpath","value":"(//button[contains(@data-kt ,\"ContextMenuExternalId3Link\")])[2]"}
RESULT: {"using":"xpath","value":"(//button[contains(@data-kt ,\"ContextMenuExternalId3Link\")])[2]"}
COMMAND: POST /session/9e8832e0cb214a9694b7d6436ce31f23/element/f.A963EA71CA7C9571D27BE17D1CCB0928.d.1C4FA11F00EED627002DEFC696C5B1E7.e.4715/click - {}
RESULT: {}
COMMAND: GET /session/9e8832e0cb214a9694b7d6436ce31f23/screenshot - {}
RESULT: {}
COMMAND: GET /session/9e8832e0cb214a9694b7d6436ce31f23/window/handles - {}
RESULT: {}
COMMAND: POST /session/9e8832e0cb214a9694b7d6436ce31f23/window - {"handle":"D8E243CDA22AA7A69B48F8CDDF7CB3AB"}
RESULT: {"handle":"D8E243CDA22AA7A69B48F8CDDF7CB3AB"}
COMMAND: GET /session/9e8832e0cb214a9694b7d6436ce31f23/url - {}
RESULT: {}
COMMAND: GET /session/9e8832e0cb214a9694b7d6436ce31f23/screenshot - {}
COMMAND: POST /session/9e8832e0cb214a9694b7d6436ce31f23/execute/sync - {"script":"<script> [8489 bytes]","args":[{"element-6066-11e4-a52e-4f735466cecf":"f.A963EA71CA7C9571D27BE17D1CCB0928.d.1C4FA11F00EED627002DEFC696C5B1E7.e.4523","ELEMENT":"f.A963EA71CA7C9571D27BE17D1CCB0928.d.1C4FA11F00EED627002DEFC696C5B1E7.e.4523"}]}
RESULT: {}
RESULT: {"script":"<script> [8489 bytes]","args":[{"element-6066-11e4-a52e-4f735466cecf":"f.A963EA71CA7C9571D27BE17D1CCB0928.d.1C4FA11F00EED627002DEFC696C5B1E7.e.4523","ELEMENT":"f.A963EA71CA7C9571D27BE17D1CCB0928.d.1C4FA11F00EED627002DEFC696C5B1E7.e.4523"}]}
COMMAND: GET /session/9e8832e0cb214a9694b7d6436ce31f23/screenshot - {}
RESULT: {}
COMMAND: POST /session/9e8832e0cb214a9694b7d6436ce31f23/execute/sync - {"script":"<script> [8489 bytes]","args":[{"element-6066-11e4-a52e-4f735466cecf":"f.A963EA71CA7C9571D27BE17D1CCB0928.d.1C4FA11F00EED627002DEFC696C5B1E7.e.4523","ELEMENT":"f.A963EA71CA7C9571D27BE17D1CCB0928.d.1C4FA11F00EED627002DEFC696C5B1E7.e.4523"}]}
RESULT: {"script":"<script> [8489 bytes]","args":[{"element-6066-11e4-a52e-4f735466cecf":"f.A963EA71CA7C9571D27BE17D1CCB0928.d.1C4FA11F00EED627002DEFC696C5B1E7.e.4523","ELEMENT":"f.A963EA71CA7C9571D27BE17D1CCB0928.d.1C4FA11F00EED627002DEFC696C5B1E7.e.4523"}]}
COMMAND: GET /session/9e8832e0cb214a9694b7d6436ce31f23/screenshot - {}
RESULT: {}
COMMAND: POST /session/9e8832e0cb214a9694b7d6436ce31f23/execute/sync - {"script":"<script> [8489 bytes]","args":[{"element-6066-11e4-a52e-4f735466cecf":"f.A963EA71CA7C9571D27BE17D1CCB0928.d.1C4FA11F00EED627002DEFC696C5B1E7.e.4523","ELEMENT":"f.A963EA71CA7C9571D27BE17D1CCB0928.d.1C4FA11F00EED627002DEFC696C5B1E7.e.4523"}]}
RESULT: {"script":"<script> [8489 bytes]","args":[{"element-6066-11e4-a52e-4f735466cecf":"f.A963EA71CA7C9571D27BE17D1CCB0928.d.1C4FA11F00EED627002DEFC696C5B1E7.e.4523","ELEMENT":"f.A963EA71CA7C9571D27BE17D1CCB0928.d.1C4FA11F00EED627002DEFC696C5B1E7.e.4523"}]}
COMMAND: GET /session/9e8832e0cb214a9694b7d6436ce31f23/screenshot - {}
RESULT: {}
COMMAND: POST /session/9e8832e0cb214a9694b7d6436ce31f23/execute/sync - {"script":"<script> [8489 bytes]","args":[{"element-6066-11e4-a52e-4f735466cecf":"f.A963EA71CA7C9571D27BE17D1CCB0928.d.1C4FA11F00EED627002DEFC696C5B1E7.e.4523","ELEMENT":"f.A963EA71CA7C9571D27BE17D1CCB0928.d.1C4FA11F00EED627002DEFC696C5B1E7.e.4523"}]}
RESULT: {"script":"<script> [8489 bytes]","args":[{"element-6066-11e4-a52e-4f735466cecf":"f.A963EA71CA7C9571D27BE17D1CCB0928.d.1C4FA11F00EED627002DEFC696C5B1E7.e.4523","ELEMENT":"f.A963EA71CA7C9571D27BE17D1CCB0928.d.1C4FA11F00EED627002DEFC696C5B1E7.e.4523"}]}
COMMAND: GET /session/9e8832e0cb214a9694b7d6436ce31f23/screenshot - {}
RESULT: {}
COMMAND: POST /session/9e8832e0cb214a9694b7d6436ce31f23/execute/sync - {"script":"<script> [8489 bytes]","args":[{"element-6066-11e4-a52e-4f735466cecf":"f.A963EA71CA7C9571D27BE17D1CCB0928.d.1C4FA11F00EED627002DEFC696C5B1E7.e.4523","ELEMENT":"f.A963EA71CA7C9571D27BE17D1CCB0928.d.1C4FA11F00EED627002DEFC696C5B1E7.e.4523"}]}
RESULT: {"script":"<script> [8489 bytes]","args":[{"element-6066-11e4-a52e-4f735466cecf":"f.A963EA71CA7C9571D27BE17D1CCB0928.d.1C4FA11F00EED627002DEFC696C5B1E7.e.4523","ELEMENT":"f.A963EA71CA7C9571D27BE17D1CCB0928.d.1C4FA11F00EED627002DEFC696C5B1E7.e.4523"}]}
COMMAND: GET /session/9e8832e0cb214a9694b7d6436ce31f23/screenshot - {}
RESULT: {}
COMMAND: POST /session/9e8832e0cb214a9694b7d6436ce31f23/execute/sync - {"script":"<script> [8489 bytes]","args":[{"element-6066-11e4-a52e-4f735466cecf":"f.A963EA71CA7C9571D27BE17D1CCB0928.d.1C4FA11F00EED627002DEFC696C5B1E7.e.4523","ELEMENT":"f.A963EA71CA7C9571D27BE17D1CCB0928.d.1C4FA11F00EED627002DEFC696C5B1E7.e.4523"}]}
RESULT: {"script":"<script> [8489 bytes]","args":[{"element-6066-11e4-a52e-4f735466cecf":"f.A963EA71CA7C9571D27BE17D1CCB0928.d.1C4FA11F00EED627002DEFC696C5B1E7.e.4523","ELEMENT":"f.A963EA71CA7C9571D27BE17D1CCB0928.d.1C4FA11F00EED627002DEFC696C5B1E7.e.4523"}]}
COMMAND: GET /session/9e8832e0cb214a9694b7d6436ce31f23/screenshot - {}
RESULT: {}
COMMAND: POST /session/9e8832e0cb214a9694b7d6436ce31f23/execute/sync - {"script":"<script> [8489 bytes]","args":[{"element-6066-11e4-a52e-4f735466cecf":"f.A963EA71CA7C9571D27BE17D1CCB0928.d.1C4FA11F00EED627002DEFC696C5B1E7.e.4523","ELEMENT":"f.A963EA71CA7C9571D27BE17D1CCB0928.d.1C4FA11F00EED627002DEFC696C5B1E7.e.4523"}]}
RESULT: {"script":"<script> [8489 bytes]","args":[{"element-6066-11e4-a52e-4f735466cecf":"f.A963EA71CA7C9571D27BE17D1CCB0928.d.1C4FA11F00EED627002DEFC696C5B1E7.e.4523","ELEMENT":"f.A963EA71CA7C9571D27BE17D1CCB0928.d.1C4FA11F00EED627002DEFC696C5B1E7.e.4523"}]}
COMMAND: GET /session/9e8832e0cb214a9694b7d6436ce31f23/screenshot - {}
RESULT: {}
COMMAND: POST /session/9e8832e0cb214a9694b7d6436ce31f23/execute/sync - {"script":"<script> [8489 bytes]","args":[{"element-6066-11e4-a52e-4f735466cecf":"f.A963EA71CA7C9571D27BE17D1CCB0928.d.1C4FA11F00EED627002DEFC696C5B1E7.e.4523","ELEMENT":"f.A963EA71CA7C9571D27BE17D1CCB0928.d.1C4FA11F00EED627002DEFC696C5B1E7.e.4523"}]}
RESULT: {"script":"<script> [8489 bytes]","args":[{"element-6066-11e4-a52e-4f735466cecf":"f.A963EA71CA7C9571D27BE17D1CCB0928.d.1C4FA11F00EED627002DEFC696C5B1E7.e.4523","ELEMENT":"f.A963EA71CA7C9571D27BE17D1CCB0928.d.1C4FA11F00EED627002DEFC696C5B1E7.e.4523"}]}
COMMAND: GET /session/9e8832e0cb214a9694b7d6436ce31f23/screenshot - {}
COMMAND: DELETE /session/9e8832e0cb214a9694b7d6436ce31f23/window - {}
RESULT: {}
COMMAND: POST /session/9e8832e0cb214a9694b7d6436ce31f23/execute/sync - {"script":"<script> [8489 bytes]","args":[{"element-6066-11e4-a52e-4f735466cecf":"f.A963EA71CA7C9571D27BE17D1CCB0928.d.1C4FA11F00EED627002DEFC696C5B1E7.e.4523","ELEMENT":"f.A963EA71CA7C9571D27BE17D1CCB0928.d.1C4FA11F00EED627002DEFC696C5B1E7.e.4523"}]}
RESULT: {}
COMMAND: POST /session/9e8832e0cb214a9694b7d6436ce31f23/window - {"handle":"A963EA71CA7C9571D27BE17D1CCB0928"}
RESULT: {"handle":"A963EA71CA7C9571D27BE17D1CCB0928"}
COMMAND: GET /session/9e8832e0cb214a9694b7d6436ce31f23/url - {}
COMMAND: POST /session/9e8832e0cb214a9694b7d6436ce31f23/element - {"using":"xpath","value":"//span[contains(@id ,\"application-addressmanagement-display-component---detailAdm--addressDetailDetailsName1\")][contains(text(), \"WebdriverSitewdlu2l\")]"}
RESULT: {}
COMMAND: GET /session/9e8832e0cb214a9694b7d6436ce31f23/screenshot - {}
RESULT: {"using":"xpath","value":"//span[contains(@id ,\"application-addressmanagement-display-component---detailAdm--addressDetailDetailsName1\")][contains(text(), \"WebdriverSitewdlu2l\")]"}
COMMAND: POST /session/9e8832e0cb214a9694b7d6436ce31f23/element - {"using":"xpath","value":"//span[contains(@id ,\"application-addressmanagement-display-component---detailAdm--addressDetailDetailsName1\")][contains(text(), \"WebdriverSitewdlu2l\")]"}
RESULT: {}
RESULT: {"using":"xpath","value":"//span[contains(@id ,\"application-addressmanagement-display-component---detailAdm--addressDetailDetailsName1\")][contains(text(), \"WebdriverSitewdlu2l\")]"}
COMMAND: POST /session/9e8832e0cb214a9694b7d6436ce31f23/element - {"using":"xpath","value":"//span[contains(@id ,\"application-addressmanagement-display-component---detailAdm--addressDetailDetailsName1\")][contains(text(), \"WebdriverSitewdlu2l\")]"}
RESULT: {"using":"xpath","value":"//span[contains(@id ,\"application-addressmanagement-display-component---detailAdm--addressDetailDetailsName1\")][contains(text(), \"WebdriverSitewdlu2l\")]"}
COMMAND: POST /session/9e8832e0cb214a9694b7d6436ce31f23/element - {"using":"xpath","value":"//span[contains(@id ,\"application-addressmanagement-display-component---detailAdm--addressDetailDetailsName1\")][contains(text(), \"WebdriverSitewdlu2l\")]"}
RESULT: {"using":"xpath","value":"//span[contains(@id ,\"application-addressmanagement-display-component---detailAdm--addressDetailDetailsName1\")][contains(text(), \"WebdriverSitewdlu2l\")]"}
COMMAND: POST /session/9e8832e0cb214a9694b7d6436ce31f23/element - {"using":"xpath","value":"//span[contains(@id ,\"application-addressmanagement-display-component---detailAdm--addressDetailDetailsName1\")][contains(text(), \"WebdriverSitewdlu2l\")]"}
RESULT: {"using":"xpath","value":"//span[contains(@id ,\"application-addressmanagement-display-component---detailAdm--addressDetailDetailsName1\")][contains(text(), \"WebdriverSitewdlu2l\")]"}
COMMAND: POST /session/9e8832e0cb214a9694b7d6436ce31f23/element - {"using":"xpath","value":"//span[contains(@id ,\"application-addressmanagement-display-component---detailAdm--addressDetailDetailsName1\")][contains(text(), \"WebdriverSitewdlu2l\")]"}
RESULT: {"using":"xpath","value":"//span[contains(@id ,\"application-addressmanagement-display-component---detailAdm--addressDetailDetailsName1\")][contains(text(), \"WebdriverSitewdlu2l\")]"}
COMMAND: POST /session/9e8832e0cb214a9694b7d6436ce31f23/element - {"using":"xpath","value":"//span[contains(@id ,\"application-addressmanagement-display-component---detailAdm--addressDetailDetailsName1\")][contains(text(), \"WebdriverSitewdlu2l\")]"}
RESULT: {"using":"xpath","value":"//span[contains(@id ,\"application-addressmanagement-display-component---detailAdm--addressDetailDetailsName1\")][contains(text(), \"WebdriverSitewdlu2l\")]"}
COMMAND: POST /session/9e8832e0cb214a9694b7d6436ce31f23/element - {"using":"xpath","value":"//span[contains(@id ,\"application-addressmanagement-display-component---detailAdm--addressDetailDetailsName1\")][contains(text(), \"WebdriverSitewdlu2l\")]"}
RESULT: {"using":"xpath","value":"//span[contains(@id ,\"application-addressmanagement-display-component---detailAdm--addressDetailDetailsName1\")][contains(text(), \"WebdriverSitewdlu2l\")]"}
COMMAND: POST /session/9e8832e0cb214a9694b7d6436ce31f23/element - {"using":"xpath","value":"//span[contains(@id ,\"application-addressmanagement-display-component---detailAdm--addressDetailDetailsName1\")][contains(text(), \"WebdriverSitewdlu2l\")]"}
RESULT: {"using":"xpath","value":"//span[contains(@id ,\"application-addressmanagement-display-component---detailAdm--addressDetailDetailsName1\")][contains(text(), \"WebdriverSitewdlu2l\")]"}
COMMAND: POST /session/9e8832e0cb214a9694b7d6436ce31f23/element - {"using":"xpath","value":"//span[contains(@id ,\"application-addressmanagement-display-component---detailAdm--addressDetailDetailsName1\")][contains(text(), \"WebdriverSitewdlu2l\")]"}
RESULT: {"using":"xpath","value":"//span[contains(@id ,\"application-addressmanagement-display-component---detailAdm--addressDetailDetailsName1\")][contains(text(), \"WebdriverSitewdlu2l\")]"}
]]></system-out>
    </testcase>
  </testsuite>
  <testsuite timestamp="2025-05-01T16:21:50" time="225.62" tests="1" failures="0" errors="0" skipped="0">
    <properties>
      <property name="specId" value="0" />
      <property name="suiteName" value="Webshop - Hyperlinks visible and working properly  US139085" />
      <property name="capabilities" value="chrome.135_0_7049_96.windows" />
      <property name="file" value="file:///D:/a/1/s/test/specs/R2C/webshop-hyperlinks-partner-address-contract-item.spec.js" />
    </properties>
    <testcase classname="chrome.135_0_7049_96.windows.Webshop_-_Hyperlinks_visible_and_working_properly__US139085" name="Should verify the customer address contract and catalog item hyperlinks" time="225.616">
      <system-out><![CDATA[
COMMAND: POST /session/9e8832e0cb214a9694b7d6436ce31f23/element - {"using":"xpath","value":"//span[contains(@id ,\"application-addressmanagement-display-component---detailAdm--addressDetailDetailsName1\")][contains(text(), \"WebdriverSitewdlu2l\")]"}
RESULT: {"using":"xpath","value":"//span[contains(@id ,\"application-addressmanagement-display-component---detailAdm--addressDetailDetailsName1\")][contains(text(), \"WebdriverSitewdlu2l\")]"}
COMMAND: POST /session/9e8832e0cb214a9694b7d6436ce31f23/element - {"using":"xpath","value":"//span[contains(@id ,\"application-addressmanagement-display-component---detailAdm--addressDetailDetailsName1\")][contains(text(), \"WebdriverSitewdlu2l\")]"}
RESULT: {"using":"xpath","value":"//span[contains(@id ,\"application-addressmanagement-display-component---detailAdm--addressDetailDetailsName1\")][contains(text(), \"WebdriverSitewdlu2l\")]"}
COMMAND: POST /session/9e8832e0cb214a9694b7d6436ce31f23/element - {"using":"xpath","value":"//span[contains(@id ,\"application-addressmanagement-display-component---detailAdm--addressDetailDetailsName1\")][contains(text(), \"WebdriverSitewdlu2l\")]"}
RESULT: {"using":"xpath","value":"//span[contains(@id ,\"application-addressmanagement-display-component---detailAdm--addressDetailDetailsName1\")][contains(text(), \"WebdriverSitewdlu2l\")]"}
COMMAND: POST /session/9e8832e0cb214a9694b7d6436ce31f23/element - {"using":"xpath","value":"//span[contains(@id ,\"application-addressmanagement-display-component---detailAdm--addressDetailDetailsName1\")][contains(text(), \"WebdriverSitewdlu2l\")]"}
RESULT: {"using":"xpath","value":"//span[contains(@id ,\"application-addressmanagement-display-component---detailAdm--addressDetailDetailsName1\")][contains(text(), \"WebdriverSitewdlu2l\")]"}
COMMAND: POST /session/9e8832e0cb214a9694b7d6436ce31f23/element - {"using":"xpath","value":"//span[contains(@id ,\"application-addressmanagement-display-component---detailAdm--addressDetailDetailsName1\")][contains(text(), \"WebdriverSitewdlu2l\")]"}
RESULT: {"using":"xpath","value":"//span[contains(@id ,\"application-addressmanagement-display-component---detailAdm--addressDetailDetailsName1\")][contains(text(), \"WebdriverSitewdlu2l\")]"}
COMMAND: POST /session/9e8832e0cb214a9694b7d6436ce31f23/element - {"using":"xpath","value":"//span[contains(@id ,\"application-addressmanagement-display-component---detailAdm--addressDetailDetailsName1\")][contains(text(), \"WebdriverSitewdlu2l\")]"}
RESULT: {"using":"xpath","value":"//span[contains(@id ,\"application-addressmanagement-display-component---detailAdm--addressDetailDetailsName1\")][contains(text(), \"WebdriverSitewdlu2l\")]"}
COMMAND: POST /session/9e8832e0cb214a9694b7d6436ce31f23/element - {"using":"xpath","value":"//span[contains(@id ,\"application-addressmanagement-display-component---detailAdm--addressDetailDetailsName1\")][contains(text(), \"WebdriverSitewdlu2l\")]"}
RESULT: {"using":"xpath","value":"//span[contains(@id ,\"application-addressmanagement-display-component---detailAdm--addressDetailDetailsName1\")][contains(text(), \"WebdriverSitewdlu2l\")]"}
COMMAND: POST /session/9e8832e0cb214a9694b7d6436ce31f23/element - {"using":"xpath","value":"//span[contains(@id ,\"application-addressmanagement-display-component---detailAdm--addressDetailDetailsName1\")][contains(text(), \"WebdriverSitewdlu2l\")]"}
RESULT: {"using":"xpath","value":"//span[contains(@id ,\"application-addressmanagement-display-component---detailAdm--addressDetailDetailsName1\")][contains(text(), \"WebdriverSitewdlu2l\")]"}
COMMAND: POST /session/9e8832e0cb214a9694b7d6436ce31f23/element - {"using":"xpath","value":"//span[contains(@id ,\"application-addressmanagement-display-component---detailAdm--addressDetailDetailsName1\")][contains(text(), \"WebdriverSitewdlu2l\")]"}
RESULT: {"using":"xpath","value":"//span[contains(@id ,\"application-addressmanagement-display-component---detailAdm--addressDetailDetailsName1\")][contains(text(), \"WebdriverSitewdlu2l\")]"}
COMMAND: POST /session/9e8832e0cb214a9694b7d6436ce31f23/element - {"using":"xpath","value":"//*[contains(@data-kt ,\"webshopDetailAddressLink\")]"}
RESULT: {"using":"xpath","value":"//*[contains(@data-kt ,\"webshopDetailAddressLink\")]"}
COMMAND: POST /session/9e8832e0cb214a9694b7d6436ce31f23/element/f.A963EA71CA7C9571D27BE17D1CCB0928.d.1C4FA11F00EED627002DEFC696C5B1E7.e.4923/click - {}
RESULT: {}
COMMAND: GET /session/9e8832e0cb214a9694b7d6436ce31f23/screenshot - {}
COMMAND: POST /session/9e8832e0cb214a9694b7d6436ce31f23/element - {"using":"xpath","value":"//span[contains(@id ,\"application-addressmanagement-display-component---detailAdm--addressDetailDetailsName1\")][contains(text(), \"WebdriverSitewdlu2l\")]"}
RESULT: {}
RESULT: {"using":"xpath","value":"//span[contains(@id ,\"application-addressmanagement-display-component---detailAdm--addressDetailDetailsName1\")][contains(text(), \"WebdriverSitewdlu2l\")]"}
COMMAND: POST /session/9e8832e0cb214a9694b7d6436ce31f23/element - {"using":"xpath","value":"//span[contains(@id ,\"application-addressmanagement-display-component---detailAdm--addressDetailDetailsName1\")][contains(text(), \"WebdriverSitewdlu2l\")]"}
RESULT: {"using":"xpath","value":"//span[contains(@id ,\"application-addressmanagement-display-component---detailAdm--addressDetailDetailsName1\")][contains(text(), \"WebdriverSitewdlu2l\")]"}
COMMAND: POST /session/9e8832e0cb214a9694b7d6436ce31f23/element - {"using":"xpath","value":"//span[contains(@id ,\"application-addressmanagement-display-component---detailAdm--addressDetailDetailsName1\")][contains(text(), \"WebdriverSitewdlu2l\")]"}
RESULT: {"using":"xpath","value":"//span[contains(@id ,\"application-addressmanagement-display-component---detailAdm--addressDetailDetailsName1\")][contains(text(), \"WebdriverSitewdlu2l\")]"}
COMMAND: POST /session/9e8832e0cb214a9694b7d6436ce31f23/element - {"using":"xpath","value":"//span[contains(@id ,\"application-addressmanagement-display-component---detailAdm--addressDetailDetailsName1\")][contains(text(), \"WebdriverSitewdlu2l\")]"}
RESULT: {"using":"xpath","value":"//span[contains(@id ,\"application-addressmanagement-display-component---detailAdm--addressDetailDetailsName1\")][contains(text(), \"WebdriverSitewdlu2l\")]"}
COMMAND: POST /session/9e8832e0cb214a9694b7d6436ce31f23/element - {"using":"xpath","value":"//*[contains(@data-kt ,\"ContextMenuId2Link\")][contains(text(), \"Address Overview\")]"}
RESULT: {"using":"xpath","value":"//*[contains(@data-kt ,\"ContextMenuId2Link\")][contains(text(), \"Address Overview\")]"}
COMMAND: POST /session/9e8832e0cb214a9694b7d6436ce31f23/execute/sync - {"script":"<script> [8489 bytes]","args":[{"element-6066-11e4-a52e-4f735466cecf":"f.A963EA71CA7C9571D27BE17D1CCB0928.d.1C4FA11F00EED627002DEFC696C5B1E7.e.4925","ELEMENT":"f.A963EA71CA7C9571D27BE17D1CCB0928.d.1C4FA11F00EED627002DEFC696C5B1E7.e.4925"}]}
COMMAND: POST /session/9e8832e0cb214a9694b7d6436ce31f23/element - {"using":"xpath","value":"//*[contains(@data-kt ,\"ContextMenuId2Link\")][contains(text(), \"Address Overview\")]"}
RESULT: {"script":"<script> [8489 bytes]","args":[{"element-6066-11e4-a52e-4f735466cecf":"f.A963EA71CA7C9571D27BE17D1CCB0928.d.1C4FA11F00EED627002DEFC696C5B1E7.e.4925","ELEMENT":"f.A963EA71CA7C9571D27BE17D1CCB0928.d.1C4FA11F00EED627002DEFC696C5B1E7.e.4925"}]}
COMMAND: GET /session/9e8832e0cb214a9694b7d6436ce31f23/screenshot - {}
RESULT: {"using":"xpath","value":"//*[contains(@data-kt ,\"ContextMenuId2Link\")][contains(text(), \"Address Overview\")]"}
COMMAND: POST /session/9e8832e0cb214a9694b7d6436ce31f23/element/f.A963EA71CA7C9571D27BE17D1CCB0928.d.1C4FA11F00EED627002DEFC696C5B1E7.e.4925/click - {}
COMMAND: POST /session/9e8832e0cb214a9694b7d6436ce31f23/element - {"using":"xpath","value":"//span[contains(@id ,\"application-addressmanagement-display-component---detailAdm--addressDetailDetailsName1\")][contains(text(), \"WebdriverSitewdlu2l\")]"}
RESULT: {}
RESULT: {}
COMMAND: GET /session/9e8832e0cb214a9694b7d6436ce31f23/screenshot - {}
RESULT: {"using":"xpath","value":"//span[contains(@id ,\"application-addressmanagement-display-component---detailAdm--addressDetailDetailsName1\")][contains(text(), \"WebdriverSitewdlu2l\")]"}
COMMAND: POST /session/9e8832e0cb214a9694b7d6436ce31f23/execute/sync - {"script":"<script> [8489 bytes]","args":[{"element-6066-11e4-a52e-4f735466cecf":"f.A963EA71CA7C9571D27BE17D1CCB0928.d.1C4FA11F00EED627002DEFC696C5B1E7.e.5115","ELEMENT":"f.A963EA71CA7C9571D27BE17D1CCB0928.d.1C4FA11F00EED627002DEFC696C5B1E7.e.5115"}]}
RESULT: {}
RESULT: {"script":"<script> [8489 bytes]","args":[{"element-6066-11e4-a52e-4f735466cecf":"f.A963EA71CA7C9571D27BE17D1CCB0928.d.1C4FA11F00EED627002DEFC696C5B1E7.e.5115","ELEMENT":"f.A963EA71CA7C9571D27BE17D1CCB0928.d.1C4FA11F00EED627002DEFC696C5B1E7.e.5115"}]}
COMMAND: GET /session/9e8832e0cb214a9694b7d6436ce31f23/screenshot - {}
RESULT: {}
RESULT: undefined
COMMAND: POST /session/9e8832e0cb214a9694b7d6436ce31f23/execute/async - {"script":"<script> [6424 bytes]","args":[{"element-6066-11e4-a52e-4f735466cecf":"f.A963EA71CA7C9571D27BE17D1CCB0928.d.1C4FA11F00EED627002DEFC696C5B1E7.e.3111"},"getTitle",[]]}
COMMAND: POST /session/9e8832e0cb214a9694b7d6436ce31f23/execute/async - {"script":"<script> [1562 bytes]","args":[{"selector":{"id":"shellAppTitle"},"wdio_ui5_key":"shellAppTitle"}]}
RESULT: {"script":"<script> [1562 bytes]","args":[{"selector":{"id":"shellAppTitle"},"wdio_ui5_key":"shellAppTitle"}]}
COMMAND: POST /session/9e8832e0cb214a9694b7d6436ce31f23/execute/async - {"script":"<script> [6424 bytes]","args":[{"element-6066-11e4-a52e-4f735466cecf":"f.A963EA71CA7C9571D27BE17D1CCB0928.d.1C4FA11F00EED627002DEFC696C5B1E7.e.5118"},"getTitle",[]]}
RESULT: {"script":"<script> [6424 bytes]","args":[{"element-6066-11e4-a52e-4f735466cecf":"f.A963EA71CA7C9571D27BE17D1CCB0928.d.1C4FA11F00EED627002DEFC696C5B1E7.e.5118"},"getTitle",[]]}
COMMAND: POST /session/9e8832e0cb214a9694b7d6436ce31f23/element - {"using":"xpath","value":"//span[contains(@id ,\"application-addressmanagement-display-component---detailAdm--addressDetailDetailsName1\")][contains(text(), \"WebdriverSitewdlu2l\")]"}
RESULT: {"using":"xpath","value":"//span[contains(@id ,\"application-addressmanagement-display-component---detailAdm--addressDetailDetailsName1\")][contains(text(), \"WebdriverSitewdlu2l\")]"}
COMMAND: POST /session/9e8832e0cb214a9694b7d6436ce31f23/execute/sync - {"script":"<script> [8489 bytes]","args":[{"element-6066-11e4-a52e-4f735466cecf":"f.A963EA71CA7C9571D27BE17D1CCB0928.d.1C4FA11F00EED627002DEFC696C5B1E7.e.5115","ELEMENT":"f.A963EA71CA7C9571D27BE17D1CCB0928.d.1C4FA11F00EED627002DEFC696C5B1E7.e.5115"}]}
RESULT: undefined
COMMAND: POST /session/9e8832e0cb214a9694b7d6436ce31f23/element - {"using":"xpath","value":"//*[@id=\"backBtn\"]"}
RESULT: {"script":"<script> [8489 bytes]","args":[{"element-6066-11e4-a52e-4f735466cecf":"f.A963EA71CA7C9571D27BE17D1CCB0928.d.1C4FA11F00EED627002DEFC696C5B1E7.e.5115","ELEMENT":"f.A963EA71CA7C9571D27BE17D1CCB0928.d.1C4FA11F00EED627002DEFC696C5B1E7.e.5115"}]}
COMMAND: GET /session/9e8832e0cb214a9694b7d6436ce31f23/screenshot - {}
RESULT: {"using":"xpath","value":"//*[@id=\"backBtn\"]"}
COMMAND: POST /session/9e8832e0cb214a9694b7d6436ce31f23/element/f.A963EA71CA7C9571D27BE17D1CCB0928.d.1C4FA11F00EED627002DEFC696C5B1E7.e.3113/click - {}
RESULT: {}
RESULT: {}
COMMAND: GET /session/9e8832e0cb214a9694b7d6436ce31f23/screenshot - {}
COMMAND: POST /session/9e8832e0cb214a9694b7d6436ce31f23/element - {"using":"xpath","value":"//*[contains(@data-kt ,\"webshopDetailAddressLink\")]"}
RESULT: {}
RESULT: {"using":"xpath","value":"//*[contains(@data-kt ,\"webshopDetailAddressLink\")]"}
COMMAND: POST /session/9e8832e0cb214a9694b7d6436ce31f23/element/f.A963EA71CA7C9571D27BE17D1CCB0928.d.1C4FA11F00EED627002DEFC696C5B1E7.e.5231/click - {}
RESULT: {}
COMMAND: GET /session/9e8832e0cb214a9694b7d6436ce31f23/screenshot - {}
RESULT: {}
COMMAND: POST /session/9e8832e0cb214a9694b7d6436ce31f23/element - {"using":"xpath","value":"//button[contains(@data-kt ,\"ContextMenuExternalId2Link\")]"}
RESULT: {"using":"xpath","value":"//button[contains(@data-kt ,\"ContextMenuExternalId2Link\")]"}
COMMAND: POST /session/9e8832e0cb214a9694b7d6436ce31f23/element/f.A963EA71CA7C9571D27BE17D1CCB0928.d.1C4FA11F00EED627002DEFC696C5B1E7.e.5251/click - {}
RESULT: {}
COMMAND: GET /session/9e8832e0cb214a9694b7d6436ce31f23/screenshot - {}
RESULT: {}
COMMAND: GET /session/9e8832e0cb214a9694b7d6436ce31f23/window/handles - {}
RESULT: {}
COMMAND: POST /session/9e8832e0cb214a9694b7d6436ce31f23/window - {"handle":"C8834F951282B6BCFBBD4F6DEA646B52"}
RESULT: {"handle":"C8834F951282B6BCFBBD4F6DEA646B52"}
COMMAND: GET /session/9e8832e0cb214a9694b7d6436ce31f23/url - {}
RESULT: {}
COMMAND: GET /session/9e8832e0cb214a9694b7d6436ce31f23/screenshot - {}
RESULT: {}
COMMAND: POST /session/9e8832e0cb214a9694b7d6436ce31f23/execute/sync - {"script":"<script> [8489 bytes]","args":[{"element-6066-11e4-a52e-4f735466cecf":"f.A963EA71CA7C9571D27BE17D1CCB0928.d.1C4FA11F00EED627002DEFC696C5B1E7.e.5115","ELEMENT":"f.A963EA71CA7C9571D27BE17D1CCB0928.d.1C4FA11F00EED627002DEFC696C5B1E7.e.5115"}]}
COMMAND: DELETE /session/9e8832e0cb214a9694b7d6436ce31f23/window - {}
RESULT: {}
COMMAND: POST /session/9e8832e0cb214a9694b7d6436ce31f23/window - {"handle":"A963EA71CA7C9571D27BE17D1CCB0928"}
RESULT: {"handle":"A963EA71CA7C9571D27BE17D1CCB0928"}
COMMAND: GET /session/9e8832e0cb214a9694b7d6436ce31f23/url - {}
COMMAND: POST /session/9e8832e0cb214a9694b7d6436ce31f23/element - {"using":"xpath","value":"//span[contains(@id ,\"application-addressmanagement-display-component---detailAdm--addressDetailDetailsName1\")][contains(text(), \"WebdriverSitewdlu2l\")]"}
RESULT: {}
COMMAND: GET /session/9e8832e0cb214a9694b7d6436ce31f23/screenshot - {}
RESULT: {"using":"xpath","value":"//span[contains(@id ,\"application-addressmanagement-display-component---detailAdm--addressDetailDetailsName1\")][contains(text(), \"WebdriverSitewdlu2l\")]"}
COMMAND: POST /session/9e8832e0cb214a9694b7d6436ce31f23/element - {"using":"xpath","value":"//span[contains(@id ,\"application-addressmanagement-display-component---detailAdm--addressDetailDetailsName1\")][contains(text(), \"WebdriverSitewdlu2l\")]"}
RESULT: {}
RESULT: {"using":"xpath","value":"//span[contains(@id ,\"application-addressmanagement-display-component---detailAdm--addressDetailDetailsName1\")][contains(text(), \"WebdriverSitewdlu2l\")]"}
COMMAND: POST /session/9e8832e0cb214a9694b7d6436ce31f23/element - {"using":"xpath","value":"//span[contains(@id ,\"application-addressmanagement-display-component---detailAdm--addressDetailDetailsName1\")][contains(text(), \"WebdriverSitewdlu2l\")]"}
RESULT: {"using":"xpath","value":"//span[contains(@id ,\"application-addressmanagement-display-component---detailAdm--addressDetailDetailsName1\")][contains(text(), \"WebdriverSitewdlu2l\")]"}
COMMAND: POST /session/9e8832e0cb214a9694b7d6436ce31f23/element - {"using":"xpath","value":"//span[contains(@id ,\"application-addressmanagement-display-component---detailAdm--addressDetailDetailsName1\")][contains(text(), \"WebdriverSitewdlu2l\")]"}
RESULT: {"using":"xpath","value":"//span[contains(@id ,\"application-addressmanagement-display-component---detailAdm--addressDetailDetailsName1\")][contains(text(), \"WebdriverSitewdlu2l\")]"}
COMMAND: POST /session/9e8832e0cb214a9694b7d6436ce31f23/element - {"using":"xpath","value":"//span[contains(@id ,\"application-addressmanagement-display-component---detailAdm--addressDetailDetailsName1\")][contains(text(), \"WebdriverSitewdlu2l\")]"}
RESULT: {"using":"xpath","value":"//span[contains(@id ,\"application-addressmanagement-display-component---detailAdm--addressDetailDetailsName1\")][contains(text(), \"WebdriverSitewdlu2l\")]"}
COMMAND: POST /session/9e8832e0cb214a9694b7d6436ce31f23/element - {"using":"xpath","value":"//span[contains(@id ,\"application-addressmanagement-display-component---detailAdm--addressDetailDetailsName1\")][contains(text(), \"WebdriverSitewdlu2l\")]"}
RESULT: {"using":"xpath","value":"//span[contains(@id ,\"application-addressmanagement-display-component---detailAdm--addressDetailDetailsName1\")][contains(text(), \"WebdriverSitewdlu2l\")]"}
COMMAND: POST /session/9e8832e0cb214a9694b7d6436ce31f23/element - {"using":"xpath","value":"//span[contains(@id ,\"application-addressmanagement-display-component---detailAdm--addressDetailDetailsName1\")][contains(text(), \"WebdriverSitewdlu2l\")]"}
COMMAND: POST /session/9e8832e0cb214a9694b7d6436ce31f23/element - {"using":"xpath","value":"//*[contains(@data-kt ,\"webshopDetailCustomerLink\")]"}
RESULT: {"using":"xpath","value":"//span[contains(@id ,\"application-addressmanagement-display-component---detailAdm--addressDetailDetailsName1\")][contains(text(), \"WebdriverSitewdlu2l\")]"}
RESULT: {"using":"xpath","value":"//*[contains(@data-kt ,\"webshopDetailCustomerLink\")]"}
COMMAND: POST /session/9e8832e0cb214a9694b7d6436ce31f23/element/f.A963EA71CA7C9571D27BE17D1CCB0928.d.1C4FA11F00EED627002DEFC696C5B1E7.e.5483/click - {}
RESULT: {}
COMMAND: GET /session/9e8832e0cb214a9694b7d6436ce31f23/screenshot - {}
RESULT: {}
COMMAND: POST /session/9e8832e0cb214a9694b7d6436ce31f23/element - {"using":"xpath","value":"//span[contains(@id ,\"application-addressmanagement-display-component---detailAdm--addressDetailDetailsName1\")][contains(text(), \"WebdriverSitewdlu2l\")]"}
RESULT: {"using":"xpath","value":"//span[contains(@id ,\"application-addressmanagement-display-component---detailAdm--addressDetailDetailsName1\")][contains(text(), \"WebdriverSitewdlu2l\")]"}
COMMAND: POST /session/9e8832e0cb214a9694b7d6436ce31f23/element - {"using":"xpath","value":"//span[contains(@id ,\"application-addressmanagement-display-component---detailAdm--addressDetailDetailsName1\")][contains(text(), \"WebdriverSitewdlu2l\")]"}
RESULT: {"using":"xpath","value":"//span[contains(@id ,\"application-addressmanagement-display-component---detailAdm--addressDetailDetailsName1\")][contains(text(), \"WebdriverSitewdlu2l\")]"}
COMMAND: POST /session/9e8832e0cb214a9694b7d6436ce31f23/element - {"using":"xpath","value":"//span[contains(@id ,\"application-addressmanagement-display-component---detailAdm--addressDetailDetailsName1\")][contains(text(), \"WebdriverSitewdlu2l\")]"}
RESULT: {"using":"xpath","value":"//span[contains(@id ,\"application-addressmanagement-display-component---detailAdm--addressDetailDetailsName1\")][contains(text(), \"WebdriverSitewdlu2l\")]"}
COMMAND: POST /session/9e8832e0cb214a9694b7d6436ce31f23/element - {"using":"xpath","value":"//span[contains(@id ,\"application-addressmanagement-display-component---detailAdm--addressDetailDetailsName1\")][contains(text(), \"WebdriverSitewdlu2l\")]"}
RESULT: {"using":"xpath","value":"//span[contains(@id ,\"application-addressmanagement-display-component---detailAdm--addressDetailDetailsName1\")][contains(text(), \"WebdriverSitewdlu2l\")]"}
COMMAND: POST /session/9e8832e0cb214a9694b7d6436ce31f23/element - {"using":"xpath","value":"//*[contains(@data-kt ,\"ContextMenuId2Link\")][contains(text(), \"Partner Overview\")]"}
RESULT: {"using":"xpath","value":"//*[contains(@data-kt ,\"ContextMenuId2Link\")][contains(text(), \"Partner Overview\")]"}
COMMAND: POST /session/9e8832e0cb214a9694b7d6436ce31f23/execute/sync - {"script":"<script> [8489 bytes]","args":[{"element-6066-11e4-a52e-4f735466cecf":"f.A963EA71CA7C9571D27BE17D1CCB0928.d.1C4FA11F00EED627002DEFC696C5B1E7.e.5485","ELEMENT":"f.A963EA71CA7C9571D27BE17D1CCB0928.d.1C4FA11F00EED627002DEFC696C5B1E7.e.5485"}]}
COMMAND: POST /session/9e8832e0cb214a9694b7d6436ce31f23/element - {"using":"xpath","value":"//*[contains(@data-kt ,\"ContextMenuId2Link\")][contains(text(), \"Partner Overview\")]"}
RESULT: {"script":"<script> [8489 bytes]","args":[{"element-6066-11e4-a52e-4f735466cecf":"f.A963EA71CA7C9571D27BE17D1CCB0928.d.1C4FA11F00EED627002DEFC696C5B1E7.e.5485","ELEMENT":"f.A963EA71CA7C9571D27BE17D1CCB0928.d.1C4FA11F00EED627002DEFC696C5B1E7.e.5485"}]}
COMMAND: GET /session/9e8832e0cb214a9694b7d6436ce31f23/screenshot - {}
RESULT: {"using":"xpath","value":"//*[contains(@data-kt ,\"ContextMenuId2Link\")][contains(text(), \"Partner Overview\")]"}
COMMAND: POST /session/9e8832e0cb214a9694b7d6436ce31f23/element/f.A963EA71CA7C9571D27BE17D1CCB0928.d.1C4FA11F00EED627002DEFC696C5B1E7.e.5485/click - {}
RESULT: {}
COMMAND: POST /session/9e8832e0cb214a9694b7d6436ce31f23/element - {"using":"xpath","value":"//span[contains(@id ,\"application-addressmanagement-display-component---detailAdm--addressDetailDetailsName1\")][contains(text(), \"WebdriverSitewdlu2l\")]"}
RESULT: {}
COMMAND: GET /session/9e8832e0cb214a9694b7d6436ce31f23/screenshot - {}
RESULT: {"using":"xpath","value":"//span[contains(@id ,\"application-addressmanagement-display-component---detailAdm--addressDetailDetailsName1\")][contains(text(), \"WebdriverSitewdlu2l\")]"}
RESULT: {}
COMMAND: POST /session/9e8832e0cb214a9694b7d6436ce31f23/element - {"using":"xpath","value":"//span[contains(@id ,\"application-addressmanagement-display-component---detailAdm--addressDetailDetailsName1\")][contains(text(), \"WebdriverSitewdlu2l\")]"}
RESULT: {"using":"xpath","value":"//span[contains(@id ,\"application-addressmanagement-display-component---detailAdm--addressDetailDetailsName1\")][contains(text(), \"WebdriverSitewdlu2l\")]"}
COMMAND: POST /session/9e8832e0cb214a9694b7d6436ce31f23/element - {"using":"xpath","value":"//span[contains(@id ,\"application-addressmanagement-display-component---detailAdm--addressDetailDetailsName1\")][contains(text(), \"WebdriverSitewdlu2l\")]"}
RESULT: {"using":"xpath","value":"//span[contains(@id ,\"application-addressmanagement-display-component---detailAdm--addressDetailDetailsName1\")][contains(text(), \"WebdriverSitewdlu2l\")]"}
COMMAND: POST /session/9e8832e0cb214a9694b7d6436ce31f23/element - {"using":"xpath","value":"//span[contains(@id ,\"application-addressmanagement-display-component---detailAdm--addressDetailDetailsName1\")][contains(text(), \"WebdriverSitewdlu2l\")]"}
RESULT: undefined
COMMAND: POST /session/9e8832e0cb214a9694b7d6436ce31f23/execute/async - {"script":"<script> [6424 bytes]","args":[{"element-6066-11e4-a52e-4f735466cecf":"f.A963EA71CA7C9571D27BE17D1CCB0928.d.1C4FA11F00EED627002DEFC696C5B1E7.e.3111"},"getTitle",[]]}
RESULT: {"using":"xpath","value":"//span[contains(@id ,\"application-addressmanagement-display-component---detailAdm--addressDetailDetailsName1\")][contains(text(), \"WebdriverSitewdlu2l\")]"}
COMMAND: POST /session/9e8832e0cb214a9694b7d6436ce31f23/execute/async - {"script":"<script> [1562 bytes]","args":[{"selector":{"id":"shellAppTitle"},"wdio_ui5_key":"shellAppTitle"}]}
RESULT: {"script":"<script> [1562 bytes]","args":[{"selector":{"id":"shellAppTitle"},"wdio_ui5_key":"shellAppTitle"}]}
COMMAND: POST /session/9e8832e0cb214a9694b7d6436ce31f23/execute/async - {"script":"<script> [6424 bytes]","args":[{"element-6066-11e4-a52e-4f735466cecf":"f.A963EA71CA7C9571D27BE17D1CCB0928.d.1C4FA11F00EED627002DEFC696C5B1E7.e.5730"},"getTitle",[]]}
COMMAND: POST /session/9e8832e0cb214a9694b7d6436ce31f23/element - {"using":"xpath","value":"//span[contains(@id ,\"application-addressmanagement-display-component---detailAdm--addressDetailDetailsName1\")][contains(text(), \"WebdriverSitewdlu2l\")]"}
RESULT: {"script":"<script> [6424 bytes]","args":[{"element-6066-11e4-a52e-4f735466cecf":"f.A963EA71CA7C9571D27BE17D1CCB0928.d.1C4FA11F00EED627002DEFC696C5B1E7.e.5730"},"getTitle",[]]}
COMMAND: POST /session/9e8832e0cb214a9694b7d6436ce31f23/element - {"using":"xpath","value":"//span[contains(@id ,\"title\")][contains(text(), \"WebdriverPartnerzrr48\")]"}
RESULT: {"using":"xpath","value":"//span[contains(@id ,\"application-addressmanagement-display-component---detailAdm--addressDetailDetailsName1\")][contains(text(), \"WebdriverSitewdlu2l\")]"}
RESULT: {"using":"xpath","value":"//span[contains(@id ,\"title\")][contains(text(), \"WebdriverPartnerzrr48\")]"}
COMMAND: POST /session/9e8832e0cb214a9694b7d6436ce31f23/execute/sync - {"script":"<script> [8489 bytes]","args":[{"element-6066-11e4-a52e-4f735466cecf":"f.A963EA71CA7C9571D27BE17D1CCB0928.d.1C4FA11F00EED627002DEFC696C5B1E7.e.5731","ELEMENT":"f.A963EA71CA7C9571D27BE17D1CCB0928.d.1C4FA11F00EED627002DEFC696C5B1E7.e.5731"}]}
RESULT: undefined
COMMAND: POST /session/9e8832e0cb214a9694b7d6436ce31f23/element - {"using":"xpath","value":"//*[@id=\"backBtn\"]"}
RESULT: {"using":"xpath","value":"//*[@id=\"backBtn\"]"}
COMMAND: POST /session/9e8832e0cb214a9694b7d6436ce31f23/element/f.A963EA71CA7C9571D27BE17D1CCB0928.d.1C4FA11F00EED627002DEFC696C5B1E7.e.3113/click - {}
RESULT: {"script":"<script> [8489 bytes]","args":[{"element-6066-11e4-a52e-4f735466cecf":"f.A963EA71CA7C9571D27BE17D1CCB0928.d.1C4FA11F00EED627002DEFC696C5B1E7.e.5731","ELEMENT":"f.A963EA71CA7C9571D27BE17D1CCB0928.d.1C4FA11F00EED627002DEFC696C5B1E7.e.5731"}]}
COMMAND: GET /session/9e8832e0cb214a9694b7d6436ce31f23/screenshot - {}
RESULT: {}
COMMAND: GET /session/9e8832e0cb214a9694b7d6436ce31f23/screenshot - {}
COMMAND: POST /session/9e8832e0cb214a9694b7d6436ce31f23/element - {"using":"xpath","value":"//span[contains(@id ,\"application-addressmanagement-display-component---detailAdm--addressDetailDetailsName1\")][contains(text(), \"WebdriverSitewdlu2l\")]"}
COMMAND: POST /session/9e8832e0cb214a9694b7d6436ce31f23/execute/sync - {"script":"<script> [8489 bytes]","args":[{"element-6066-11e4-a52e-4f735466cecf":"f.A963EA71CA7C9571D27BE17D1CCB0928.d.1C4FA11F00EED627002DEFC696C5B1E7.e.5731","ELEMENT":"f.A963EA71CA7C9571D27BE17D1CCB0928.d.1C4FA11F00EED627002DEFC696C5B1E7.e.5731"}]}
RESULT: {}
RESULT: {}
RESULT: {"using":"xpath","value":"//span[contains(@id ,\"application-addressmanagement-display-component---detailAdm--addressDetailDetailsName1\")][contains(text(), \"WebdriverSitewdlu2l\")]"}
COMMAND: POST /session/9e8832e0cb214a9694b7d6436ce31f23/element - {"using":"xpath","value":"//span[contains(@id ,\"title\")][contains(text(), \"WebdriverPartnerzrr48\")]"}
RESULT: {"using":"xpath","value":"//span[contains(@id ,\"title\")][contains(text(), \"WebdriverPartnerzrr48\")]"}
COMMAND: POST /session/9e8832e0cb214a9694b7d6436ce31f23/element - {"using":"xpath","value":"//span[contains(@id ,\"title\")][contains(text(), \"WebdriverPartnerzrr48\")]"}
RESULT: {"using":"xpath","value":"//span[contains(@id ,\"title\")][contains(text(), \"WebdriverPartnerzrr48\")]"}
COMMAND: POST /session/9e8832e0cb214a9694b7d6436ce31f23/element - {"using":"xpath","value":"//span[contains(@id ,\"application-addressmanagement-display-component---detailAdm--addressDetailDetailsName1\")][contains(text(), \"WebdriverSitewdlu2l\")]"}
RESULT: {"using":"xpath","value":"//span[contains(@id ,\"application-addressmanagement-display-component---detailAdm--addressDetailDetailsName1\")][contains(text(), \"WebdriverSitewdlu2l\")]"}
COMMAND: POST /session/9e8832e0cb214a9694b7d6436ce31f23/element - {"using":"xpath","value":"//span[contains(@id ,\"title\")][contains(text(), \"WebdriverPartnerzrr48\")]"}
RESULT: {"using":"xpath","value":"//span[contains(@id ,\"title\")][contains(text(), \"WebdriverPartnerzrr48\")]"}
COMMAND: POST /session/9e8832e0cb214a9694b7d6436ce31f23/element - {"using":"xpath","value":"//span[contains(@id ,\"application-addressmanagement-display-component---detailAdm--addressDetailDetailsName1\")][contains(text(), \"WebdriverSitewdlu2l\")]"}
COMMAND: POST /session/9e8832e0cb214a9694b7d6436ce31f23/element - {"using":"xpath","value":"//span[contains(@id ,\"title\")][contains(text(), \"WebdriverPartnerzrr48\")]"}
RESULT: {"using":"xpath","value":"//span[contains(@id ,\"application-addressmanagement-display-component---detailAdm--addressDetailDetailsName1\")][contains(text(), \"WebdriverSitewdlu2l\")]"}
RESULT: {"using":"xpath","value":"//span[contains(@id ,\"title\")][contains(text(), \"WebdriverPartnerzrr48\")]"}
COMMAND: POST /session/9e8832e0cb214a9694b7d6436ce31f23/element - {"using":"xpath","value":"//span[contains(@id ,\"application-addressmanagement-display-component---detailAdm--addressDetailDetailsName1\")][contains(text(), \"WebdriverSitewdlu2l\")]"}
RESULT: {"using":"xpath","value":"//span[contains(@id ,\"application-addressmanagement-display-component---detailAdm--addressDetailDetailsName1\")][contains(text(), \"WebdriverSitewdlu2l\")]"}
COMMAND: POST /session/9e8832e0cb214a9694b7d6436ce31f23/element - {"using":"xpath","value":"//span[contains(@id ,\"title\")][contains(text(), \"WebdriverPartnerzrr48\")]"}
RESULT: {"using":"xpath","value":"//span[contains(@id ,\"title\")][contains(text(), \"WebdriverPartnerzrr48\")]"}
COMMAND: POST /session/9e8832e0cb214a9694b7d6436ce31f23/element - {"using":"xpath","value":"//span[contains(@id ,\"application-addressmanagement-display-component---detailAdm--addressDetailDetailsName1\")][contains(text(), \"WebdriverSitewdlu2l\")]"}
RESULT: {"using":"xpath","value":"//span[contains(@id ,\"application-addressmanagement-display-component---detailAdm--addressDetailDetailsName1\")][contains(text(), \"WebdriverSitewdlu2l\")]"}
COMMAND: POST /session/9e8832e0cb214a9694b7d6436ce31f23/element - {"using":"xpath","value":"//span[contains(@id ,\"title\")][contains(text(), \"WebdriverPartnerzrr48\")]"}
RESULT: {"using":"xpath","value":"//span[contains(@id ,\"title\")][contains(text(), \"WebdriverPartnerzrr48\")]"}
COMMAND: POST /session/9e8832e0cb214a9694b7d6436ce31f23/element - {"using":"xpath","value":"//span[contains(@id ,\"application-addressmanagement-display-component---detailAdm--addressDetailDetailsName1\")][contains(text(), \"WebdriverSitewdlu2l\")]"}
RESULT: {"using":"xpath","value":"//span[contains(@id ,\"application-addressmanagement-display-component---detailAdm--addressDetailDetailsName1\")][contains(text(), \"WebdriverSitewdlu2l\")]"}
COMMAND: POST /session/9e8832e0cb214a9694b7d6436ce31f23/element - {"using":"xpath","value":"//span[contains(@id ,\"title\")][contains(text(), \"WebdriverPartnerzrr48\")]"}
RESULT: {"using":"xpath","value":"//span[contains(@id ,\"title\")][contains(text(), \"WebdriverPartnerzrr48\")]"}
COMMAND: POST /session/9e8832e0cb214a9694b7d6436ce31f23/element - {"using":"xpath","value":"//span[contains(@id ,\"application-addressmanagement-display-component---detailAdm--addressDetailDetailsName1\")][contains(text(), \"WebdriverSitewdlu2l\")]"}
RESULT: {"using":"xpath","value":"//span[contains(@id ,\"application-addressmanagement-display-component---detailAdm--addressDetailDetailsName1\")][contains(text(), \"WebdriverSitewdlu2l\")]"}
COMMAND: POST /session/9e8832e0cb214a9694b7d6436ce31f23/element - {"using":"xpath","value":"//span[contains(@id ,\"title\")][contains(text(), \"WebdriverPartnerzrr48\")]"}
RESULT: {"using":"xpath","value":"//span[contains(@id ,\"title\")][contains(text(), \"WebdriverPartnerzrr48\")]"}
COMMAND: POST /session/9e8832e0cb214a9694b7d6436ce31f23/element - {"using":"xpath","value":"//span[contains(@id ,\"application-addressmanagement-display-component---detailAdm--addressDetailDetailsName1\")][contains(text(), \"WebdriverSitewdlu2l\")]"}
RESULT: {"using":"xpath","value":"//span[contains(@id ,\"application-addressmanagement-display-component---detailAdm--addressDetailDetailsName1\")][contains(text(), \"WebdriverSitewdlu2l\")]"}
COMMAND: POST /session/9e8832e0cb214a9694b7d6436ce31f23/element - {"using":"xpath","value":"//span[contains(@id ,\"title\")][contains(text(), \"WebdriverPartnerzrr48\")]"}
RESULT: {"using":"xpath","value":"//span[contains(@id ,\"title\")][contains(text(), \"WebdriverPartnerzrr48\")]"}
COMMAND: POST /session/9e8832e0cb214a9694b7d6436ce31f23/element - {"using":"xpath","value":"//span[contains(@id ,\"application-addressmanagement-display-component---detailAdm--addressDetailDetailsName1\")][contains(text(), \"WebdriverSitewdlu2l\")]"}
RESULT: {"using":"xpath","value":"//span[contains(@id ,\"application-addressmanagement-display-component---detailAdm--addressDetailDetailsName1\")][contains(text(), \"WebdriverSitewdlu2l\")]"}
COMMAND: POST /session/9e8832e0cb214a9694b7d6436ce31f23/element - {"using":"xpath","value":"//span[contains(@id ,\"title\")][contains(text(), \"WebdriverPartnerzrr48\")]"}
RESULT: {"using":"xpath","value":"//span[contains(@id ,\"title\")][contains(text(), \"WebdriverPartnerzrr48\")]"}
COMMAND: POST /session/9e8832e0cb214a9694b7d6436ce31f23/element - {"using":"xpath","value":"//span[contains(@id ,\"application-addressmanagement-display-component---detailAdm--addressDetailDetailsName1\")][contains(text(), \"WebdriverSitewdlu2l\")]"}
RESULT: {"using":"xpath","value":"//span[contains(@id ,\"application-addressmanagement-display-component---detailAdm--addressDetailDetailsName1\")][contains(text(), \"WebdriverSitewdlu2l\")]"}
COMMAND: POST /session/9e8832e0cb214a9694b7d6436ce31f23/element - {"using":"xpath","value":"//span[contains(@id ,\"title\")][contains(text(), \"WebdriverPartnerzrr48\")]"}
RESULT: {"using":"xpath","value":"//span[contains(@id ,\"title\")][contains(text(), \"WebdriverPartnerzrr48\")]"}
COMMAND: POST /session/9e8832e0cb214a9694b7d6436ce31f23/element - {"using":"xpath","value":"//span[contains(@id ,\"application-addressmanagement-display-component---detailAdm--addressDetailDetailsName1\")][contains(text(), \"WebdriverSitewdlu2l\")]"}
RESULT: {"using":"xpath","value":"//span[contains(@id ,\"application-addressmanagement-display-component---detailAdm--addressDetailDetailsName1\")][contains(text(), \"WebdriverSitewdlu2l\")]"}
COMMAND: POST /session/9e8832e0cb214a9694b7d6436ce31f23/element - {"using":"xpath","value":"//span[contains(@id ,\"title\")][contains(text(), \"WebdriverPartnerzrr48\")]"}
RESULT: {"using":"xpath","value":"//span[contains(@id ,\"title\")][contains(text(), \"WebdriverPartnerzrr48\")]"}
COMMAND: POST /session/9e8832e0cb214a9694b7d6436ce31f23/element - {"using":"xpath","value":"//span[contains(@id ,\"application-addressmanagement-display-component---detailAdm--addressDetailDetailsName1\")][contains(text(), \"WebdriverSitewdlu2l\")]"}
RESULT: {"using":"xpath","value":"//span[contains(@id ,\"application-addressmanagement-display-component---detailAdm--addressDetailDetailsName1\")][contains(text(), \"WebdriverSitewdlu2l\")]"}
COMMAND: POST /session/9e8832e0cb214a9694b7d6436ce31f23/element - {"using":"xpath","value":"//span[contains(@id ,\"title\")][contains(text(), \"WebdriverPartnerzrr48\")]"}
RESULT: {"using":"xpath","value":"//span[contains(@id ,\"title\")][contains(text(), \"WebdriverPartnerzrr48\")]"}
COMMAND: POST /session/9e8832e0cb214a9694b7d6436ce31f23/element - {"using":"xpath","value":"//span[contains(@id ,\"application-addressmanagement-display-component---detailAdm--addressDetailDetailsName1\")][contains(text(), \"WebdriverSitewdlu2l\")]"}
RESULT: {"using":"xpath","value":"//span[contains(@id ,\"application-addressmanagement-display-component---detailAdm--addressDetailDetailsName1\")][contains(text(), \"WebdriverSitewdlu2l\")]"}
COMMAND: POST /session/9e8832e0cb214a9694b7d6436ce31f23/element - {"using":"xpath","value":"//span[contains(@id ,\"title\")][contains(text(), \"WebdriverPartnerzrr48\")]"}
RESULT: {"using":"xpath","value":"//span[contains(@id ,\"title\")][contains(text(), \"WebdriverPartnerzrr48\")]"}
COMMAND: POST /session/9e8832e0cb214a9694b7d6436ce31f23/element - {"using":"xpath","value":"//*[contains(@data-kt ,\"webshopDetailCustomerLink\")]"}
RESULT: {"using":"xpath","value":"//*[contains(@data-kt ,\"webshopDetailCustomerLink\")]"}
COMMAND: POST /session/9e8832e0cb214a9694b7d6436ce31f23/element/f.A963EA71CA7C9571D27BE17D1CCB0928.d.1C4FA11F00EED627002DEFC696C5B1E7.e.5916/click - {}
RESULT: {}
COMMAND: GET /session/9e8832e0cb214a9694b7d6436ce31f23/screenshot - {}
COMMAND: POST /session/9e8832e0cb214a9694b7d6436ce31f23/element - {"using":"xpath","value":"//span[contains(@id ,\"application-addressmanagement-display-component---detailAdm--addressDetailDetailsName1\")][contains(text(), \"WebdriverSitewdlu2l\")]"}
COMMAND: POST /session/9e8832e0cb214a9694b7d6436ce31f23/element - {"using":"xpath","value":"//span[contains(@id ,\"title\")][contains(text(), \"WebdriverPartnerzrr48\")]"}
RESULT: {}
RESULT: {"using":"xpath","value":"//span[contains(@id ,\"application-addressmanagement-display-component---detailAdm--addressDetailDetailsName1\")][contains(text(), \"WebdriverSitewdlu2l\")]"}
RESULT: {"using":"xpath","value":"//span[contains(@id ,\"title\")][contains(text(), \"WebdriverPartnerzrr48\")]"}
COMMAND: POST /session/9e8832e0cb214a9694b7d6436ce31f23/execute/sync - {"script":"<script> [8489 bytes]","args":[{"element-6066-11e4-a52e-4f735466cecf":"f.A963EA71CA7C9571D27BE17D1CCB0928.d.1C4FA11F00EED627002DEFC696C5B1E7.e.5919","ELEMENT":"f.A963EA71CA7C9571D27BE17D1CCB0928.d.1C4FA11F00EED627002DEFC696C5B1E7.e.5919"}]}
RESULT: {"script":"<script> [8489 bytes]","args":[{"element-6066-11e4-a52e-4f735466cecf":"f.A963EA71CA7C9571D27BE17D1CCB0928.d.1C4FA11F00EED627002DEFC696C5B1E7.e.5919","ELEMENT":"f.A963EA71CA7C9571D27BE17D1CCB0928.d.1C4FA11F00EED627002DEFC696C5B1E7.e.5919"}]}
COMMAND: GET /session/9e8832e0cb214a9694b7d6436ce31f23/screenshot - {}
RESULT: {}
COMMAND: POST /session/9e8832e0cb214a9694b7d6436ce31f23/element - {"using":"xpath","value":"//span[contains(@id ,\"application-addressmanagement-display-component---detailAdm--addressDetailDetailsName1\")][contains(text(), \"WebdriverSitewdlu2l\")]"}
RESULT: {"using":"xpath","value":"//span[contains(@id ,\"application-addressmanagement-display-component---detailAdm--addressDetailDetailsName1\")][contains(text(), \"WebdriverSitewdlu2l\")]"}
COMMAND: POST /session/9e8832e0cb214a9694b7d6436ce31f23/element - {"using":"xpath","value":"//span[contains(@id ,\"application-addressmanagement-display-component---detailAdm--addressDetailDetailsName1\")][contains(text(), \"WebdriverSitewdlu2l\")]"}
RESULT: {"using":"xpath","value":"//span[contains(@id ,\"application-addressmanagement-display-component---detailAdm--addressDetailDetailsName1\")][contains(text(), \"WebdriverSitewdlu2l\")]"}
COMMAND: POST /session/9e8832e0cb214a9694b7d6436ce31f23/element - {"using":"xpath","value":"//span[contains(@id ,\"application-addressmanagement-display-component---detailAdm--addressDetailDetailsName1\")][contains(text(), \"WebdriverSitewdlu2l\")]"}
RESULT: {"using":"xpath","value":"//span[contains(@id ,\"application-addressmanagement-display-component---detailAdm--addressDetailDetailsName1\")][contains(text(), \"WebdriverSitewdlu2l\")]"}
COMMAND: POST /session/9e8832e0cb214a9694b7d6436ce31f23/element - {"using":"xpath","value":"//button[contains(@data-kt ,\"ContextMenuExternalId2Link\")]"}
RESULT: {"using":"xpath","value":"//button[contains(@data-kt ,\"ContextMenuExternalId2Link\")]"}
COMMAND: POST /session/9e8832e0cb214a9694b7d6436ce31f23/element/f.A963EA71CA7C9571D27BE17D1CCB0928.d.1C4FA11F00EED627002DEFC696C5B1E7.e.5918/click - {}
RESULT: {}
COMMAND: GET /session/9e8832e0cb214a9694b7d6436ce31f23/screenshot - {}
COMMAND: POST /session/9e8832e0cb214a9694b7d6436ce31f23/element - {"using":"xpath","value":"//span[contains(@id ,\"application-addressmanagement-display-component---detailAdm--addressDetailDetailsName1\")][contains(text(), \"WebdriverSitewdlu2l\")]"}
RESULT: {}
RESULT: {"using":"xpath","value":"//span[contains(@id ,\"application-addressmanagement-display-component---detailAdm--addressDetailDetailsName1\")][contains(text(), \"WebdriverSitewdlu2l\")]"}
COMMAND: POST /session/9e8832e0cb214a9694b7d6436ce31f23/element - {"using":"xpath","value":"//span[contains(@id ,\"application-addressmanagement-display-component---detailAdm--addressDetailDetailsName1\")][contains(text(), \"WebdriverSitewdlu2l\")]"}
RESULT: {"using":"xpath","value":"//span[contains(@id ,\"application-addressmanagement-display-component---detailAdm--addressDetailDetailsName1\")][contains(text(), \"WebdriverSitewdlu2l\")]"}
COMMAND: POST /session/9e8832e0cb214a9694b7d6436ce31f23/element - {"using":"xpath","value":"//span[contains(@id ,\"application-addressmanagement-display-component---detailAdm--addressDetailDetailsName1\")][contains(text(), \"WebdriverSitewdlu2l\")]"}
RESULT: {"using":"xpath","value":"//span[contains(@id ,\"application-addressmanagement-display-component---detailAdm--addressDetailDetailsName1\")][contains(text(), \"WebdriverSitewdlu2l\")]"}
COMMAND: POST /session/9e8832e0cb214a9694b7d6436ce31f23/element - {"using":"xpath","value":"//span[contains(@id ,\"application-addressmanagement-display-component---detailAdm--addressDetailDetailsName1\")][contains(text(), \"WebdriverSitewdlu2l\")]"}
COMMAND: GET /session/9e8832e0cb214a9694b7d6436ce31f23/window/handles - {}
RESULT: {"using":"xpath","value":"//span[contains(@id ,\"application-addressmanagement-display-component---detailAdm--addressDetailDetailsName1\")][contains(text(), \"WebdriverSitewdlu2l\")]"}
RESULT: {}
COMMAND: POST /session/9e8832e0cb214a9694b7d6436ce31f23/window - {"handle":"A4744E65741BFD289B7BE4106E8E5577"}
RESULT: {"handle":"A4744E65741BFD289B7BE4106E8E5577"}
COMMAND: GET /session/9e8832e0cb214a9694b7d6436ce31f23/url - {}
RESULT: {}
COMMAND: GET /session/9e8832e0cb214a9694b7d6436ce31f23/screenshot - {}
RESULT: {}
COMMAND: POST /session/9e8832e0cb214a9694b7d6436ce31f23/execute/sync - {"script":"<script> [8489 bytes]","args":[{"element-6066-11e4-a52e-4f735466cecf":"f.A963EA71CA7C9571D27BE17D1CCB0928.d.1C4FA11F00EED627002DEFC696C5B1E7.e.5919","ELEMENT":"f.A963EA71CA7C9571D27BE17D1CCB0928.d.1C4FA11F00EED627002DEFC696C5B1E7.e.5919"}]}
COMMAND: DELETE /session/9e8832e0cb214a9694b7d6436ce31f23/window - {}
RESULT: {}
COMMAND: POST /session/9e8832e0cb214a9694b7d6436ce31f23/window - {"handle":"A963EA71CA7C9571D27BE17D1CCB0928"}
RESULT: {"handle":"A963EA71CA7C9571D27BE17D1CCB0928"}
COMMAND: GET /session/9e8832e0cb214a9694b7d6436ce31f23/url - {}
RESULT: {"script":"<script> [8489 bytes]","args":[{"element-6066-11e4-a52e-4f735466cecf":"f.A963EA71CA7C9571D27BE17D1CCB0928.d.1C4FA11F00EED627002DEFC696C5B1E7.e.5919","ELEMENT":"f.A963EA71CA7C9571D27BE17D1CCB0928.d.1C4FA11F00EED627002DEFC696C5B1E7.e.5919"}]}
COMMAND: GET /session/9e8832e0cb214a9694b7d6436ce31f23/screenshot - {}
RESULT: {}
COMMAND: GET /session/9e8832e0cb214a9694b7d6436ce31f23/screenshot - {}
RESULT: {}
RESULT: {}
COMMAND: POST /session/9e8832e0cb214a9694b7d6436ce31f23/element - {"using":"xpath","value":"//*[contains(@data-kt ,\"webshopDetailContractLink\")]"}
RESULT: {"using":"xpath","value":"//*[contains(@data-kt ,\"webshopDetailContractLink\")]"}
COMMAND: POST /session/9e8832e0cb214a9694b7d6436ce31f23/element/f.A963EA71CA7C9571D27BE17D1CCB0928.d.1C4FA11F00EED627002DEFC696C5B1E7.e.6057/click - {}
RESULT: {}
COMMAND: GET /session/9e8832e0cb214a9694b7d6436ce31f23/screenshot - {}
RESULT: {}
COMMAND: POST /session/9e8832e0cb214a9694b7d6436ce31f23/element - {"using":"xpath","value":"//*[contains(@data-kt ,\"ContextMenuId2Link\")][contains(text(), \"Contract Overview\")]"}
RESULT: {"using":"xpath","value":"//*[contains(@data-kt ,\"ContextMenuId2Link\")][contains(text(), \"Contract Overview\")]"}
COMMAND: POST /session/9e8832e0cb214a9694b7d6436ce31f23/execute/sync - {"script":"<script> [8489 bytes]","args":[{"element-6066-11e4-a52e-4f735466cecf":"f.A963EA71CA7C9571D27BE17D1CCB0928.d.1C4FA11F00EED627002DEFC696C5B1E7.e.6059","ELEMENT":"f.A963EA71CA7C9571D27BE17D1CCB0928.d.1C4FA11F00EED627002DEFC696C5B1E7.e.6059"}]}
COMMAND: POST /session/9e8832e0cb214a9694b7d6436ce31f23/element - {"using":"xpath","value":"//*[contains(@data-kt ,\"ContextMenuId2Link\")][contains(text(), \"Contract Overview\")]"}
RESULT: {"using":"xpath","value":"//*[contains(@data-kt ,\"ContextMenuId2Link\")][contains(text(), \"Contract Overview\")]"}
COMMAND: POST /session/9e8832e0cb214a9694b7d6436ce31f23/element/f.A963EA71CA7C9571D27BE17D1CCB0928.d.1C4FA11F00EED627002DEFC696C5B1E7.e.6059/click - {}
RESULT: {"script":"<script> [8489 bytes]","args":[{"element-6066-11e4-a52e-4f735466cecf":"f.A963EA71CA7C9571D27BE17D1CCB0928.d.1C4FA11F00EED627002DEFC696C5B1E7.e.6059","ELEMENT":"f.A963EA71CA7C9571D27BE17D1CCB0928.d.1C4FA11F00EED627002DEFC696C5B1E7.e.6059"}]}
COMMAND: GET /session/9e8832e0cb214a9694b7d6436ce31f23/screenshot - {}
RESULT: {}
COMMAND: GET /session/9e8832e0cb214a9694b7d6436ce31f23/screenshot - {}
RESULT: {}
RESULT: {}
RESULT: undefined
COMMAND: POST /session/9e8832e0cb214a9694b7d6436ce31f23/execute/async - {"script":"<script> [6424 bytes]","args":[{"element-6066-11e4-a52e-4f735466cecf":"f.A963EA71CA7C9571D27BE17D1CCB0928.d.1C4FA11F00EED627002DEFC696C5B1E7.e.3111"},"getTitle",[]]}
COMMAND: POST /session/9e8832e0cb214a9694b7d6436ce31f23/execute/async - {"script":"<script> [1562 bytes]","args":[{"selector":{"id":"shellAppTitle"},"wdio_ui5_key":"shellAppTitle"}]}
RESULT: {"script":"<script> [1562 bytes]","args":[{"selector":{"id":"shellAppTitle"},"wdio_ui5_key":"shellAppTitle"}]}
COMMAND: POST /session/9e8832e0cb214a9694b7d6436ce31f23/execute/async - {"script":"<script> [6424 bytes]","args":[{"element-6066-11e4-a52e-4f735466cecf":"f.A963EA71CA7C9571D27BE17D1CCB0928.d.1C4FA11F00EED627002DEFC696C5B1E7.e.6299"},"getTitle",[]]}
RESULT: {"script":"<script> [6424 bytes]","args":[{"element-6066-11e4-a52e-4f735466cecf":"f.A963EA71CA7C9571D27BE17D1CCB0928.d.1C4FA11F00EED627002DEFC696C5B1E7.e.6299"},"getTitle",[]]}
COMMAND: POST /session/9e8832e0cb214a9694b7d6436ce31f23/element - {"using":"xpath","value":"//span[contains(@id ,\"contractDetailTitleNoExpanded\")][contains(text(), \"10432\")]"}
RESULT: {"using":"xpath","value":"//span[contains(@id ,\"contractDetailTitleNoExpanded\")][contains(text(), \"10432\")]"}
COMMAND: POST /session/9e8832e0cb214a9694b7d6436ce31f23/execute/sync - {"script":"<script> [8489 bytes]","args":[{"element-6066-11e4-a52e-4f735466cecf":"f.A963EA71CA7C9571D27BE17D1CCB0928.d.1C4FA11F00EED627002DEFC696C5B1E7.e.6300","ELEMENT":"f.A963EA71CA7C9571D27BE17D1CCB0928.d.1C4FA11F00EED627002DEFC696C5B1E7.e.6300"}]}
RESULT: undefined
COMMAND: POST /session/9e8832e0cb214a9694b7d6436ce31f23/element - {"using":"xpath","value":"//*[@id=\"backBtn\"]"}
RESULT: {"using":"xpath","value":"//*[@id=\"backBtn\"]"}
COMMAND: POST /session/9e8832e0cb214a9694b7d6436ce31f23/element/f.A963EA71CA7C9571D27BE17D1CCB0928.d.1C4FA11F00EED627002DEFC696C5B1E7.e.3113/click - {}
RESULT: {"script":"<script> [8489 bytes]","args":[{"element-6066-11e4-a52e-4f735466cecf":"f.A963EA71CA7C9571D27BE17D1CCB0928.d.1C4FA11F00EED627002DEFC696C5B1E7.e.6300","ELEMENT":"f.A963EA71CA7C9571D27BE17D1CCB0928.d.1C4FA11F00EED627002DEFC696C5B1E7.e.6300"}]}
COMMAND: GET /session/9e8832e0cb214a9694b7d6436ce31f23/screenshot - {}
RESULT: {}
COMMAND: GET /session/9e8832e0cb214a9694b7d6436ce31f23/screenshot - {}
RESULT: {}
RESULT: {}
COMMAND: POST /session/9e8832e0cb214a9694b7d6436ce31f23/element - {"using":"xpath","value":"//*[contains(@data-kt ,\"webshopDetailContractLink\")]"}
RESULT: {"using":"xpath","value":"//*[contains(@data-kt ,\"webshopDetailContractLink\")]"}
COMMAND: POST /session/9e8832e0cb214a9694b7d6436ce31f23/element/f.A963EA71CA7C9571D27BE17D1CCB0928.d.1C4FA11F00EED627002DEFC696C5B1E7.e.6456/click - {}
RESULT: {}
COMMAND: GET /session/9e8832e0cb214a9694b7d6436ce31f23/screenshot - {}
RESULT: {}
COMMAND: POST /session/9e8832e0cb214a9694b7d6436ce31f23/element - {"using":"xpath","value":"//button[contains(@data-kt ,\"ContextMenuExternalId2Link\")]"}
RESULT: {"using":"xpath","value":"//button[contains(@data-kt ,\"ContextMenuExternalId2Link\")]"}
COMMAND: POST /session/9e8832e0cb214a9694b7d6436ce31f23/element/f.A963EA71CA7C9571D27BE17D1CCB0928.d.1C4FA11F00EED627002DEFC696C5B1E7.e.6474/click - {}
RESULT: {}
COMMAND: GET /session/9e8832e0cb214a9694b7d6436ce31f23/screenshot - {}
RESULT: {}
COMMAND: GET /session/9e8832e0cb214a9694b7d6436ce31f23/window/handles - {}
RESULT: {}
COMMAND: POST /session/9e8832e0cb214a9694b7d6436ce31f23/window - {"handle":"4E294E66284F05B01E14B55CA1D501FD"}
RESULT: {"handle":"4E294E66284F05B01E14B55CA1D501FD"}
COMMAND: GET /session/9e8832e0cb214a9694b7d6436ce31f23/url - {}
RESULT: {}
COMMAND: GET /session/9e8832e0cb214a9694b7d6436ce31f23/screenshot - {}
RESULT: {}
COMMAND: POST /session/9e8832e0cb214a9694b7d6436ce31f23/execute/sync - {"script":"<script> [8489 bytes]","args":[{"element-6066-11e4-a52e-4f735466cecf":"f.A963EA71CA7C9571D27BE17D1CCB0928.d.1C4FA11F00EED627002DEFC696C5B1E7.e.6300","ELEMENT":"f.A963EA71CA7C9571D27BE17D1CCB0928.d.1C4FA11F00EED627002DEFC696C5B1E7.e.6300"}]}
COMMAND: DELETE /session/9e8832e0cb214a9694b7d6436ce31f23/window - {}
RESULT: {}
COMMAND: POST /session/9e8832e0cb214a9694b7d6436ce31f23/window - {"handle":"A963EA71CA7C9571D27BE17D1CCB0928"}
RESULT: {"handle":"A963EA71CA7C9571D27BE17D1CCB0928"}
COMMAND: GET /session/9e8832e0cb214a9694b7d6436ce31f23/url - {}
COMMAND: POST /session/9e8832e0cb214a9694b7d6436ce31f23/element - {"using":"xpath","value":"//span[contains(@id ,\"contractDetailTitleNoExpanded\")][contains(text(), \"10432\")]"}
RESULT: {}
COMMAND: GET /session/9e8832e0cb214a9694b7d6436ce31f23/screenshot - {}
RESULT: {"using":"xpath","value":"//span[contains(@id ,\"contractDetailTitleNoExpanded\")][contains(text(), \"10432\")]"}
COMMAND: POST /session/9e8832e0cb214a9694b7d6436ce31f23/element - {"using":"xpath","value":"//span[contains(@id ,\"contractDetailTitleNoExpanded\")][contains(text(), \"10432\")]"}
RESULT: {}
RESULT: {"using":"xpath","value":"//span[contains(@id ,\"contractDetailTitleNoExpanded\")][contains(text(), \"10432\")]"}
COMMAND: POST /session/9e8832e0cb214a9694b7d6436ce31f23/element - {"using":"xpath","value":"//span[contains(@id ,\"contractDetailTitleNoExpanded\")][contains(text(), \"10432\")]"}
RESULT: {"using":"xpath","value":"//span[contains(@id ,\"contractDetailTitleNoExpanded\")][contains(text(), \"10432\")]"}
COMMAND: POST /session/9e8832e0cb214a9694b7d6436ce31f23/element - {"using":"xpath","value":"//span[contains(@id ,\"contractDetailTitleNoExpanded\")][contains(text(), \"10432\")]"}
RESULT: {"using":"xpath","value":"//span[contains(@id ,\"contractDetailTitleNoExpanded\")][contains(text(), \"10432\")]"}
COMMAND: POST /session/9e8832e0cb214a9694b7d6436ce31f23/element - {"using":"xpath","value":"//span[contains(@id ,\"contractDetailTitleNoExpanded\")][contains(text(), \"10432\")]"}
RESULT: {"using":"xpath","value":"//span[contains(@id ,\"contractDetailTitleNoExpanded\")][contains(text(), \"10432\")]"}
COMMAND: POST /session/9e8832e0cb214a9694b7d6436ce31f23/element - {"using":"xpath","value":"//span[contains(@id ,\"contractDetailTitleNoExpanded\")][contains(text(), \"10432\")]"}
RESULT: {"using":"xpath","value":"//span[contains(@id ,\"contractDetailTitleNoExpanded\")][contains(text(), \"10432\")]"}
COMMAND: POST /session/9e8832e0cb214a9694b7d6436ce31f23/element - {"using":"xpath","value":"//span[contains(@id ,\"contractDetailTitleNoExpanded\")][contains(text(), \"10432\")]"}
RESULT: {"using":"xpath","value":"//span[contains(@id ,\"contractDetailTitleNoExpanded\")][contains(text(), \"10432\")]"}
COMMAND: POST /session/9e8832e0cb214a9694b7d6436ce31f23/element - {"using":"xpath","value":"//span[contains(@id ,\"contractDetailTitleNoExpanded\")][contains(text(), \"10432\")]"}
RESULT: {"using":"xpath","value":"//span[contains(@id ,\"contractDetailTitleNoExpanded\")][contains(text(), \"10432\")]"}
COMMAND: POST /session/9e8832e0cb214a9694b7d6436ce31f23/element - {"using":"xpath","value":"//span[contains(@id ,\"contractDetailTitleNoExpanded\")][contains(text(), \"10432\")]"}
RESULT: {"using":"xpath","value":"//span[contains(@id ,\"contractDetailTitleNoExpanded\")][contains(text(), \"10432\")]"}
COMMAND: POST /session/9e8832e0cb214a9694b7d6436ce31f23/element - {"using":"xpath","value":"//span[contains(@id ,\"contractDetailTitleNoExpanded\")][contains(text(), \"10432\")]"}
RESULT: {"using":"xpath","value":"//span[contains(@id ,\"contractDetailTitleNoExpanded\")][contains(text(), \"10432\")]"}
COMMAND: POST /session/9e8832e0cb214a9694b7d6436ce31f23/element - {"using":"xpath","value":"//*[contains(@data-kt ,\"webshopDetailCatalogItemLink\")]"}
RESULT: {"using":"xpath","value":"//*[contains(@data-kt ,\"webshopDetailCatalogItemLink\")]"}
COMMAND: POST /session/9e8832e0cb214a9694b7d6436ce31f23/element/f.A963EA71CA7C9571D27BE17D1CCB0928.d.1C4FA11F00EED627002DEFC696C5B1E7.e.6441/click - {}
COMMAND: POST /session/9e8832e0cb214a9694b7d6436ce31f23/element - {"using":"xpath","value":"//span[contains(@id ,\"contractDetailTitleNoExpanded\")][contains(text(), \"10432\")]"}
RESULT: {}
COMMAND: GET /session/9e8832e0cb214a9694b7d6436ce31f23/screenshot - {}
RESULT: {"using":"xpath","value":"//span[contains(@id ,\"contractDetailTitleNoExpanded\")][contains(text(), \"10432\")]"}
COMMAND: POST /session/9e8832e0cb214a9694b7d6436ce31f23/element - {"using":"xpath","value":"//span[contains(@id ,\"contractDetailTitleNoExpanded\")][contains(text(), \"10432\")]"}
RESULT: {}
RESULT: {"using":"xpath","value":"//span[contains(@id ,\"contractDetailTitleNoExpanded\")][contains(text(), \"10432\")]"}
COMMAND: POST /session/9e8832e0cb214a9694b7d6436ce31f23/element - {"using":"xpath","value":"//span[contains(@id ,\"contractDetailTitleNoExpanded\")][contains(text(), \"10432\")]"}
COMMAND: POST /session/9e8832e0cb214a9694b7d6436ce31f23/element - {"using":"xpath","value":"(//span[contains(text(), \"Dri-Prime CD150M Diesel Pump\")])[2]"}
RESULT: {"using":"xpath","value":"//span[contains(@id ,\"contractDetailTitleNoExpanded\")][contains(text(), \"10432\")]"}
RESULT: {"using":"xpath","value":"(//span[contains(text(), \"Dri-Prime CD150M Diesel Pump\")])[2]"}
COMMAND: POST /session/9e8832e0cb214a9694b7d6436ce31f23/element - {"using":"xpath","value":"(//span[contains(text(), \"Dri-Prime CD150M Diesel Pump\")])[2]"}
COMMAND: POST /session/9e8832e0cb214a9694b7d6436ce31f23/actions - {"actions":[{"id":"action10","type":"key","parameters":{},"actions":[{"type":"keyDown","value":"î€•"},{"type":"pause","duration":10},{"type":"keyUp","value":"î€•"}]}]}
RESULT: {"using":"xpath","value":"(//span[contains(text(), \"Dri-Prime CD150M Diesel Pump\")])[2]"}
RESULT: {"actions":[{"id":"action10","type":"key","parameters":{},"actions":[{"type":"keyDown","value":"î€•"},{"type":"pause","duration":10},{"type":"keyUp","value":"î€•"}]}]}
COMMAND: POST /session/9e8832e0cb214a9694b7d6436ce31f23/actions - {"actions":[{"id":"action11","type":"key","parameters":{},"actions":[{"type":"keyDown","value":"î€•"},{"type":"pause","duration":10},{"type":"keyUp","value":"î€•"}]}]}
COMMAND: GET /session/9e8832e0cb214a9694b7d6436ce31f23/screenshot - {}
RESULT: {"actions":[{"id":"action11","type":"key","parameters":{},"actions":[{"type":"keyDown","value":"î€•"},{"type":"pause","duration":10},{"type":"keyUp","value":"î€•"}]}]}
COMMAND: POST /session/9e8832e0cb214a9694b7d6436ce31f23/actions - {"actions":[{"id":"action12","type":"key","parameters":{},"actions":[{"type":"keyDown","value":"î€•"},{"type":"pause","duration":10},{"type":"keyUp","value":"î€•"}]}]}
COMMAND: GET /session/9e8832e0cb214a9694b7d6436ce31f23/screenshot - {}
COMMAND: POST /session/9e8832e0cb214a9694b7d6436ce31f23/element - {"using":"xpath","value":"//span[contains(@id ,\"contractDetailTitleNoExpanded\")][contains(text(), \"10432\")]"}
COMMAND: POST /session/9e8832e0cb214a9694b7d6436ce31f23/element - {"using":"xpath","value":"(//span[contains(text(), \"Dri-Prime CD150M Diesel Pump\")])[2]"}
RESULT: {}
RESULT: {"actions":[{"id":"action12","type":"key","parameters":{},"actions":[{"type":"keyDown","value":"î€•"},{"type":"pause","duration":10},{"type":"keyUp","value":"î€•"}]}]}
COMMAND: POST /session/9e8832e0cb214a9694b7d6436ce31f23/element - {"using":"xpath","value":"(//textarea[@rows=\"15\"])[1]"}
COMMAND: GET /session/9e8832e0cb214a9694b7d6436ce31f23/screenshot - {}
RESULT: {}
RESULT: {"using":"xpath","value":"//span[contains(@id ,\"contractDetailTitleNoExpanded\")][contains(text(), \"10432\")]"}
RESULT: {"using":"xpath","value":"(//span[contains(text(), \"Dri-Prime CD150M Diesel Pump\")])[2]"}
COMMAND: POST /session/9e8832e0cb214a9694b7d6436ce31f23/execute/sync - {"script":"<script> [8489 bytes]","args":[{"element-6066-11e4-a52e-4f735466cecf":"f.A963EA71CA7C9571D27BE17D1CCB0928.d.1C4FA11F00EED627002DEFC696C5B1E7.e.6522","ELEMENT":"f.A963EA71CA7C9571D27BE17D1CCB0928.d.1C4FA11F00EED627002DEFC696C5B1E7.e.6522"}]}
RESULT: {"using":"xpath","value":"(//textarea[@rows=\"15\"])[1]"}
COMMAND: POST /session/9e8832e0cb214a9694b7d6436ce31f23/execute/sync - {"script":"<script> [8489 bytes]","args":[{"element-6066-11e4-a52e-4f735466cecf":"f.A963EA71CA7C9571D27BE17D1CCB0928.d.1C4FA11F00EED627002DEFC696C5B1E7.e.6518","ELEMENT":"f.A963EA71CA7C9571D27BE17D1CCB0928.d.1C4FA11F00EED627002DEFC696C5B1E7.e.6518"}]}
RESULT: {}
RESULT: {"script":"<script> [8489 bytes]","args":[{"element-6066-11e4-a52e-4f735466cecf":"f.A963EA71CA7C9571D27BE17D1CCB0928.d.1C4FA11F00EED627002DEFC696C5B1E7.e.6522","ELEMENT":"f.A963EA71CA7C9571D27BE17D1CCB0928.d.1C4FA11F00EED627002DEFC696C5B1E7.e.6522"}]}
COMMAND: GET /session/9e8832e0cb214a9694b7d6436ce31f23/screenshot - {}
RESULT: {"script":"<script> [8489 bytes]","args":[{"element-6066-11e4-a52e-4f735466cecf":"f.A963EA71CA7C9571D27BE17D1CCB0928.d.1C4FA11F00EED627002DEFC696C5B1E7.e.6518","ELEMENT":"f.A963EA71CA7C9571D27BE17D1CCB0928.d.1C4FA11F00EED627002DEFC696C5B1E7.e.6518"}]}
COMMAND: GET /session/9e8832e0cb214a9694b7d6436ce31f23/screenshot - {}
COMMAND: POST /session/9e8832e0cb214a9694b7d6436ce31f23/element - {"using":"xpath","value":"//span[contains(@id ,\"contractDetailTitleNoExpanded\")][contains(text(), \"10432\")]"}
RESULT: {}
RESULT: {}
RESULT: {"using":"xpath","value":"//span[contains(@id ,\"contractDetailTitleNoExpanded\")][contains(text(), \"10432\")]"}
COMMAND: POST /session/9e8832e0cb214a9694b7d6436ce31f23/element - {"using":"xpath","value":"//span[contains(@id ,\"contractDetailTitleNoExpanded\")][contains(text(), \"10432\")]"}
RESULT: {"using":"xpath","value":"//span[contains(@id ,\"contractDetailTitleNoExpanded\")][contains(text(), \"10432\")]"}
COMMAND: POST /session/9e8832e0cb214a9694b7d6436ce31f23/element - {"using":"xpath","value":"//span[contains(@id ,\"contractDetailTitleNoExpanded\")][contains(text(), \"10432\")]"}
RESULT: {"using":"xpath","value":"//span[contains(@id ,\"contractDetailTitleNoExpanded\")][contains(text(), \"10432\")]"}
COMMAND: POST /session/9e8832e0cb214a9694b7d6436ce31f23/element - {"using":"xpath","value":"//span[contains(@id ,\"contractDetailTitleNoExpanded\")][contains(text(), \"10432\")]"}
RESULT: {"using":"xpath","value":"//span[contains(@id ,\"contractDetailTitleNoExpanded\")][contains(text(), \"10432\")]"}
COMMAND: POST /session/9e8832e0cb214a9694b7d6436ce31f23/element - {"using":"xpath","value":"//span[contains(@id ,\"contractDetailTitleNoExpanded\")][contains(text(), \"10432\")]"}
RESULT: {"using":"xpath","value":"//span[contains(@id ,\"contractDetailTitleNoExpanded\")][contains(text(), \"10432\")]"}
COMMAND: POST /session/9e8832e0cb214a9694b7d6436ce31f23/element - {"using":"xpath","value":"//span[contains(@id ,\"contractDetailTitleNoExpanded\")][contains(text(), \"10432\")]"}
RESULT: {"using":"xpath","value":"//span[contains(@id ,\"contractDetailTitleNoExpanded\")][contains(text(), \"10432\")]"}
COMMAND: POST /session/9e8832e0cb214a9694b7d6436ce31f23/element - {"using":"xpath","value":"//span[contains(@id ,\"contractDetailTitleNoExpanded\")][contains(text(), \"10432\")]"}
RESULT: {"using":"xpath","value":"//span[contains(@id ,\"contractDetailTitleNoExpanded\")][contains(text(), \"10432\")]"}
COMMAND: POST /session/9e8832e0cb214a9694b7d6436ce31f23/element - {"using":"xpath","value":"//span[contains(@id ,\"contractDetailTitleNoExpanded\")][contains(text(), \"10432\")]"}
RESULT: {"using":"xpath","value":"//span[contains(@id ,\"contractDetailTitleNoExpanded\")][contains(text(), \"10432\")]"}
COMMAND: POST /session/9e8832e0cb214a9694b7d6436ce31f23/element - {"using":"xpath","value":"//span[contains(@id ,\"contractDetailTitleNoExpanded\")][contains(text(), \"10432\")]"}
RESULT: {"using":"xpath","value":"//span[contains(@id ,\"contractDetailTitleNoExpanded\")][contains(text(), \"10432\")]"}
COMMAND: POST /session/9e8832e0cb214a9694b7d6436ce31f23/execute/async - {"script":"<script> [1562 bytes]","args":[{"selector":{"controlType":"sap.tnt.NavigationListItem","viewName":"etm.portal.ui.webshop.view.RequestDetail","i18NText":{"propertyName":"text","key":"exit"},"interaction":{"idSuffix":"a"}},"wdio_ui5_key":"etmportal.ui.webshop.view.RequestDetailsap.tnt.NavigationListItem{\"propertyName\":\"text\",\"key\":\"exit\"}"}]}
COMMAND: POST /session/9e8832e0cb214a9694b7d6436ce31f23/element - {"using":"xpath","value":"//span[contains(@id ,\"contractDetailTitleNoExpanded\")][contains(text(), \"10432\")]"}
RESULT: {"script":"<script> [1562 bytes]","args":[{"selector":{"controlType":"sap.tnt.NavigationListItem","viewName":"etm.portal.ui.webshop.view.RequestDetail","i18NText":{"propertyName":"text","key":"exit"},"interaction":{"idSuffix":"a"}},"wdio_ui5_key":"etmportal.ui.webshop.view.RequestDetailsap.tnt.NavigationListItem{\"propertyName\":\"text\",\"key\":\"exit\"}"}]}
RESULT: undefined
COMMAND: POST /session/9e8832e0cb214a9694b7d6436ce31f23/element - {"using":"xpath","value":"//*[@id=\"__item4148\"]"}
RESULT: {"using":"xpath","value":"//span[contains(@id ,\"contractDetailTitleNoExpanded\")][contains(text(), \"10432\")]"}
RESULT: {"using":"xpath","value":"//*[@id=\"__item4148\"]"}
COMMAND: POST /session/9e8832e0cb214a9694b7d6436ce31f23/element/f.A963EA71CA7C9571D27BE17D1CCB0928.d.1C4FA11F00EED627002DEFC696C5B1E7.e.6526/click - {}
COMMAND: POST /session/9e8832e0cb214a9694b7d6436ce31f23/element - {"using":"xpath","value":"//span[contains(@id ,\"contractDetailTitleNoExpanded\")][contains(text(), \"10432\")]"}
RESULT: {}
COMMAND: GET /session/9e8832e0cb214a9694b7d6436ce31f23/screenshot - {}
RESULT: {"using":"xpath","value":"//span[contains(@id ,\"contractDetailTitleNoExpanded\")][contains(text(), \"10432\")]"}
RESULT: {}
COMMAND: POST /session/9e8832e0cb214a9694b7d6436ce31f23/element - {"using":"xpath","value":"//span[contains(@id ,\"contractDetailTitleNoExpanded\")][contains(text(), \"10432\")]"}
RESULT: {"using":"xpath","value":"//span[contains(@id ,\"contractDetailTitleNoExpanded\")][contains(text(), \"10432\")]"}
COMMAND: POST /session/9e8832e0cb214a9694b7d6436ce31f23/element - {"using":"xpath","value":"//span[contains(@id ,\"contractDetailTitleNoExpanded\")][contains(text(), \"10432\")]"}
RESULT: {"using":"xpath","value":"//span[contains(@id ,\"contractDetailTitleNoExpanded\")][contains(text(), \"10432\")]"}
COMMAND: POST /session/9e8832e0cb214a9694b7d6436ce31f23/element - {"using":"xpath","value":"//span[contains(@id ,\"contractDetailTitleNoExpanded\")][contains(text(), \"10432\")]"}
RESULT: {"using":"xpath","value":"//span[contains(@id ,\"contractDetailTitleNoExpanded\")][contains(text(), \"10432\")]"}
COMMAND: POST /session/9e8832e0cb214a9694b7d6436ce31f23/element - {"using":"xpath","value":"//span[contains(@id ,\"contractDetailTitleNoExpanded\")][contains(text(), \"10432\")]"}
RESULT: {"using":"xpath","value":"//span[contains(@id ,\"contractDetailTitleNoExpanded\")][contains(text(), \"10432\")]"}
COMMAND: POST /session/9e8832e0cb214a9694b7d6436ce31f23/element - {"using":"xpath","value":"//span[contains(@id ,\"contractDetailTitleNoExpanded\")][contains(text(), \"10432\")]"}
RESULT: {"using":"xpath","value":"//span[contains(@id ,\"contractDetailTitleNoExpanded\")][contains(text(), \"10432\")]"}
COMMAND: POST /session/9e8832e0cb214a9694b7d6436ce31f23/element - {"using":"xpath","value":"//span[contains(@id ,\"contractDetailTitleNoExpanded\")][contains(text(), \"10432\")]"}
RESULT: {"using":"xpath","value":"//span[contains(@id ,\"contractDetailTitleNoExpanded\")][contains(text(), \"10432\")]"}
COMMAND: POST /session/9e8832e0cb214a9694b7d6436ce31f23/element - {"using":"xpath","value":"//span[contains(@id ,\"contractDetailTitleNoExpanded\")][contains(text(), \"10432\")]"}
RESULT: {"using":"xpath","value":"//span[contains(@id ,\"contractDetailTitleNoExpanded\")][contains(text(), \"10432\")]"}
COMMAND: POST /session/9e8832e0cb214a9694b7d6436ce31f23/element - {"using":"xpath","value":"//span[contains(@id ,\"contractDetailTitleNoExpanded\")][contains(text(), \"10432\")]"}
RESULT: {"using":"xpath","value":"//span[contains(@id ,\"contractDetailTitleNoExpanded\")][contains(text(), \"10432\")]"}
COMMAND: POST /session/9e8832e0cb214a9694b7d6436ce31f23/element - {"using":"xpath","value":"//span[contains(@id ,\"contractDetailTitleNoExpanded\")][contains(text(), \"10432\")]"}
RESULT: {"using":"xpath","value":"//span[contains(@id ,\"contractDetailTitleNoExpanded\")][contains(text(), \"10432\")]"}
COMMAND: POST /session/9e8832e0cb214a9694b7d6436ce31f23/element - {"using":"xpath","value":"//span[contains(@id ,\"contractDetailTitleNoExpanded\")][contains(text(), \"10432\")]"}
RESULT: {"using":"xpath","value":"//span[contains(@id ,\"contractDetailTitleNoExpanded\")][contains(text(), \"10432\")]"}
COMMAND: POST /session/9e8832e0cb214a9694b7d6436ce31f23/element - {"using":"xpath","value":"//span[contains(@id ,\"contractDetailTitleNoExpanded\")][contains(text(), \"10432\")]"}
RESULT: {"using":"xpath","value":"//span[contains(@id ,\"contractDetailTitleNoExpanded\")][contains(text(), \"10432\")]"}
COMMAND: POST /session/9e8832e0cb214a9694b7d6436ce31f23/element - {"using":"xpath","value":"//span[contains(@id ,\"contractDetailTitleNoExpanded\")][contains(text(), \"10432\")]"}
RESULT: {"using":"xpath","value":"//span[contains(@id ,\"contractDetailTitleNoExpanded\")][contains(text(), \"10432\")]"}
COMMAND: POST /session/9e8832e0cb214a9694b7d6436ce31f23/element - {"using":"xpath","value":"//span[contains(@id ,\"contractDetailTitleNoExpanded\")][contains(text(), \"10432\")]"}
RESULT: {"using":"xpath","value":"//span[contains(@id ,\"contractDetailTitleNoExpanded\")][contains(text(), \"10432\")]"}
COMMAND: POST /session/9e8832e0cb214a9694b7d6436ce31f23/element - {"using":"xpath","value":"//span[contains(@id ,\"contractDetailTitleNoExpanded\")][contains(text(), \"10432\")]"}
RESULT: {"using":"xpath","value":"//span[contains(@id ,\"contractDetailTitleNoExpanded\")][contains(text(), \"10432\")]"}
COMMAND: POST /session/9e8832e0cb214a9694b7d6436ce31f23/element - {"using":"xpath","value":"//span[contains(@id ,\"contractDetailTitleNoExpanded\")][contains(text(), \"10432\")]"}
RESULT: {"using":"xpath","value":"//span[contains(@id ,\"contractDetailTitleNoExpanded\")][contains(text(), \"10432\")]"}
COMMAND: POST /session/9e8832e0cb214a9694b7d6436ce31f23/element - {"using":"xpath","value":"//span[contains(@id ,\"contractDetailTitleNoExpanded\")][contains(text(), \"10432\")]"}
RESULT: {"using":"xpath","value":"//span[contains(@id ,\"contractDetailTitleNoExpanded\")][contains(text(), \"10432\")]"}
COMMAND: POST /session/9e8832e0cb214a9694b7d6436ce31f23/element - {"using":"xpath","value":"//span[contains(@id ,\"contractDetailTitleNoExpanded\")][contains(text(), \"10432\")]"}
RESULT: {"using":"xpath","value":"//span[contains(@id ,\"contractDetailTitleNoExpanded\")][contains(text(), \"10432\")]"}
COMMAND: POST /session/9e8832e0cb214a9694b7d6436ce31f23/element - {"using":"xpath","value":"//span[contains(@id ,\"contractDetailTitleNoExpanded\")][contains(text(), \"10432\")]"}
RESULT: {"using":"xpath","value":"//span[contains(@id ,\"contractDetailTitleNoExpanded\")][contains(text(), \"10432\")]"}
COMMAND: POST /session/9e8832e0cb214a9694b7d6436ce31f23/element - {"using":"xpath","value":"//span[contains(@id ,\"contractDetailTitleNoExpanded\")][contains(text(), \"10432\")]"}
RESULT: {"using":"xpath","value":"//span[contains(@id ,\"contractDetailTitleNoExpanded\")][contains(text(), \"10432\")]"}
COMMAND: POST /session/9e8832e0cb214a9694b7d6436ce31f23/element - {"using":"xpath","value":"//span[contains(@id ,\"contractDetailTitleNoExpanded\")][contains(text(), \"10432\")]"}
RESULT: {"using":"xpath","value":"//span[contains(@id ,\"contractDetailTitleNoExpanded\")][contains(text(), \"10432\")]"}
COMMAND: POST /session/9e8832e0cb214a9694b7d6436ce31f23/element - {"using":"xpath","value":"//span[contains(@id ,\"contractDetailTitleNoExpanded\")][contains(text(), \"10432\")]"}
RESULT: {"using":"xpath","value":"//span[contains(@id ,\"contractDetailTitleNoExpanded\")][contains(text(), \"10432\")]"}
COMMAND: POST /session/9e8832e0cb214a9694b7d6436ce31f23/element - {"using":"xpath","value":"//span[contains(@id ,\"contractDetailTitleNoExpanded\")][contains(text(), \"10432\")]"}
RESULT: {"using":"xpath","value":"//span[contains(@id ,\"contractDetailTitleNoExpanded\")][contains(text(), \"10432\")]"}
COMMAND: POST /session/9e8832e0cb214a9694b7d6436ce31f23/element - {"using":"xpath","value":"//span[contains(@id ,\"contractDetailTitleNoExpanded\")][contains(text(), \"10432\")]"}
RESULT: {"using":"xpath","value":"//span[contains(@id ,\"contractDetailTitleNoExpanded\")][contains(text(), \"10432\")]"}
COMMAND: POST /session/9e8832e0cb214a9694b7d6436ce31f23/element - {"using":"xpath","value":"//span[contains(@id ,\"contractDetailTitleNoExpanded\")][contains(text(), \"10432\")]"}
RESULT: {"using":"xpath","value":"//span[contains(@id ,\"contractDetailTitleNoExpanded\")][contains(text(), \"10432\")]"}
COMMAND: DELETE /session/9e8832e0cb214a9694b7d6436ce31f23 - {}
RESULT: {}
]]></system-out>
    </testcase>
  </testsuite>
</testsuites>