<?xml version="1.0" encoding="UTF-8"?>
<testsuites tests="49" failures="0" errors="0" skipped="0">
  <testsuite timestamp="2025-05-20T15:09:27" time="2039.554" tests="49" failures="0" errors="0" skipped="0">
    <properties>
      <property name="specId" value="0" />
      <property name="suiteName" value="Sanity Tests US104253" />
      <property name="capabilities" value="chrome.136_0_7103_93.windows" />
      <property name="file" value="file:///D:/a/1/s/test/specs/General/sanity.spec.js" />
    </properties>
    <testcase classname="chrome.136_0_7103_93.windows.Sanity_Tests_US104253" name="Should open Manage Partners page" time="41.294">
      <system-out><![CDATA[
COMMAND: POST /session/66378cfa955b204dd4036b616783721e/execute/async - {"script":"<script> [1562 bytes]","args":[{"selector":{"controlType":"sap.m.GenericTile","properties":{"header":"Manage Partners"}},"wdio_ui5_key":"sapm.GenericTile{\"header\":\"Manage Partners\"}"}]}
RESULT: {"script":"<script> [1562 bytes]","args":[{"selector":{"controlType":"sap.m.GenericTile","properties":{"header":"Manage Partners"}},"wdio_ui5_key":"sapm.GenericTile{\"header\":\"Manage Partners\"}"}]}
RESULT: undefined
COMMAND: POST /session/66378cfa955b204dd4036b616783721e/element - {"using":"xpath","value":"//*[@id=\"__tile38\"]"}
RESULT: {"using":"xpath","value":"//*[@id=\"__tile38\"]"}
COMMAND: POST /session/66378cfa955b204dd4036b616783721e/element/f.EA8BC91478AA3376EDB3372197FF8A3D.d.8455F54FC21BB7FE269FBCBF21CDCE72.e.117/click - {}
RESULT: {}
COMMAND: GET /session/66378cfa955b204dd4036b616783721e/screenshot - {}
RESULT: {}
COMMAND: POST /session/66378cfa955b204dd4036b616783721e/elements - {"using":"xpath","value":"//span[text()='Error']"}
RESULT: {"using":"xpath","value":"//span[text()='Error']"}
RESULT: undefined
COMMAND: POST /session/66378cfa955b204dd4036b616783721e/element - {"using":"xpath","value":"//*[@id=\"__tile38\"]"}
RESULT: {"using":"xpath","value":"//*[@id=\"__tile38\"]"}
COMMAND: POST /session/66378cfa955b204dd4036b616783721e/element/f.EA8BC91478AA3376EDB3372197FF8A3D.d.8455F54FC21BB7FE269FBCBF21CDCE72.e.117/click - {}
RESULT: undefined
COMMAND: POST /session/66378cfa955b204dd4036b616783721e/element - {"using":"xpath","value":"//*[@id=\"__tile38\"]"}
RESULT: {"using":"xpath","value":"//*[@id=\"__tile38\"]"}
COMMAND: POST /session/66378cfa955b204dd4036b616783721e/element/f.EA8BC91478AA3376EDB3372197FF8A3D.d.8455F54FC21BB7FE269FBCBF21CDCE72.e.117/click - {}
COMMAND: POST /session/66378cfa955b204dd4036b616783721e/execute/async - {"script":"<script> [1562 bytes]","args":[{"selector":{"id":"shellAppTitle"},"wdio_ui5_key":"shellAppTitle"}]}
RESULT: {"script":"<script> [1562 bytes]","args":[{"selector":{"id":"shellAppTitle"},"wdio_ui5_key":"shellAppTitle"}]}
RESULT: undefined
COMMAND: POST /session/66378cfa955b204dd4036b616783721e/execute/async - {"script":"<script> [6424 bytes]","args":[{"element-6066-11e4-a52e-4f735466cecf":"f.EA8BC91478AA3376EDB3372197FF8A3D.d.8455F54FC21BB7FE269FBCBF21CDCE72.e.294"},"getTitle",[]]}
RESULT: {"script":"<script> [6424 bytes]","args":[{"element-6066-11e4-a52e-4f735466cecf":"f.EA8BC91478AA3376EDB3372197FF8A3D.d.8455F54FC21BB7FE269FBCBF21CDCE72.e.294"},"getTitle",[]]}
COMMAND: POST /session/66378cfa955b204dd4036b616783721e/execute/async - {"script":"<script> [1562 bytes]","args":[{"selector":{"id":"backBtn"},"wdio_ui5_key":"backBtn"}]}
RESULT: {"script":"<script> [1562 bytes]","args":[{"selector":{"id":"backBtn"},"wdio_ui5_key":"backBtn"}]}
RESULT: undefined
COMMAND: POST /session/66378cfa955b204dd4036b616783721e/element - {"using":"xpath","value":"//*[@id=\"backBtn\"]"}
RESULT: {"using":"xpath","value":"//*[@id=\"backBtn\"]"}
COMMAND: POST /session/66378cfa955b204dd4036b616783721e/element/f.EA8BC91478AA3376EDB3372197FF8A3D.d.8455F54FC21BB7FE269FBCBF21CDCE72.e.295/click - {}
RESULT: {}
COMMAND: GET /session/66378cfa955b204dd4036b616783721e/screenshot - {}
RESULT: {}
]]></system-out>
    </testcase>
    <testcase classname="chrome.136_0_7103_93.windows.Sanity_Tests_US104253" name="Should open Manage Sites page" time="37.579">
      <system-out><![CDATA[
COMMAND: POST /session/66378cfa955b204dd4036b616783721e/execute/async - {"script":"<script> [1562 bytes]","args":[{"selector":{"controlType":"sap.m.GenericTile","properties":{"header":"Manage Sites"}},"wdio_ui5_key":"sapm.GenericTile{\"header\":\"Manage Sites\"}"}]}
RESULT: {"script":"<script> [1562 bytes]","args":[{"selector":{"controlType":"sap.m.GenericTile","properties":{"header":"Manage Sites"}},"wdio_ui5_key":"sapm.GenericTile{\"header\":\"Manage Sites\"}"}]}
RESULT: undefined
COMMAND: POST /session/66378cfa955b204dd4036b616783721e/element - {"using":"xpath","value":"//*[@id=\"__tile40\"]"}
RESULT: {"using":"xpath","value":"//*[@id=\"__tile40\"]"}
COMMAND: POST /session/66378cfa955b204dd4036b616783721e/element/f.EA8BC91478AA3376EDB3372197FF8A3D.d.8455F54FC21BB7FE269FBCBF21CDCE72.e.297/click - {}
RESULT: {}
COMMAND: GET /session/66378cfa955b204dd4036b616783721e/screenshot - {}
RESULT: {}
COMMAND: POST /session/66378cfa955b204dd4036b616783721e/elements - {"using":"xpath","value":"//span[text()='Error']"}
RESULT: {"using":"xpath","value":"//span[text()='Error']"}
RESULT: undefined
COMMAND: POST /session/66378cfa955b204dd4036b616783721e/element - {"using":"xpath","value":"//*[@id=\"__tile40\"]"}
RESULT: {"using":"xpath","value":"//*[@id=\"__tile40\"]"}
COMMAND: POST /session/66378cfa955b204dd4036b616783721e/element/f.EA8BC91478AA3376EDB3372197FF8A3D.d.8455F54FC21BB7FE269FBCBF21CDCE72.e.297/click - {}
RESULT: undefined
COMMAND: POST /session/66378cfa955b204dd4036b616783721e/element - {"using":"xpath","value":"//*[@id=\"__tile40\"]"}
RESULT: {"using":"xpath","value":"//*[@id=\"__tile40\"]"}
COMMAND: POST /session/66378cfa955b204dd4036b616783721e/element/f.EA8BC91478AA3376EDB3372197FF8A3D.d.8455F54FC21BB7FE269FBCBF21CDCE72.e.297/click - {}
RESULT: undefined
COMMAND: POST /session/66378cfa955b204dd4036b616783721e/execute/async - {"script":"<script> [6424 bytes]","args":[{"element-6066-11e4-a52e-4f735466cecf":"f.EA8BC91478AA3376EDB3372197FF8A3D.d.8455F54FC21BB7FE269FBCBF21CDCE72.e.294"},"getTitle",[]]}
COMMAND: POST /session/66378cfa955b204dd4036b616783721e/execute/async - {"script":"<script> [1562 bytes]","args":[{"selector":{"id":"shellAppTitle"},"wdio_ui5_key":"shellAppTitle"}]}
RESULT: {"script":"<script> [1562 bytes]","args":[{"selector":{"id":"shellAppTitle"},"wdio_ui5_key":"shellAppTitle"}]}
COMMAND: POST /session/66378cfa955b204dd4036b616783721e/execute/async - {"script":"<script> [6424 bytes]","args":[{"element-6066-11e4-a52e-4f735466cecf":"f.EA8BC91478AA3376EDB3372197FF8A3D.d.8455F54FC21BB7FE269FBCBF21CDCE72.e.478"},"getTitle",[]]}
RESULT: {"script":"<script> [6424 bytes]","args":[{"element-6066-11e4-a52e-4f735466cecf":"f.EA8BC91478AA3376EDB3372197FF8A3D.d.8455F54FC21BB7FE269FBCBF21CDCE72.e.478"},"getTitle",[]]}
RESULT: undefined
COMMAND: POST /session/66378cfa955b204dd4036b616783721e/element/f.EA8BC91478AA3376EDB3372197FF8A3D.d.8455F54FC21BB7FE269FBCBF21CDCE72.e.295/click - {}
RESULT: {}
COMMAND: GET /session/66378cfa955b204dd4036b616783721e/screenshot - {}
RESULT: {}
]]></system-out>
    </testcase>
    <testcase classname="chrome.136_0_7103_93.windows.Sanity_Tests_US104253" name="Should open Manage Resources page" time="40.249">
      <system-out><![CDATA[
COMMAND: POST /session/66378cfa955b204dd4036b616783721e/execute/async - {"script":"<script> [1562 bytes]","args":[{"selector":{"controlType":"sap.m.GenericTile","properties":{"header":"Manage Resources"}},"wdio_ui5_key":"sapm.GenericTile{\"header\":\"Manage Resources\"}"}]}
RESULT: {"script":"<script> [1562 bytes]","args":[{"selector":{"controlType":"sap.m.GenericTile","properties":{"header":"Manage Resources"}},"wdio_ui5_key":"sapm.GenericTile{\"header\":\"Manage Resources\"}"}]}
RESULT: undefined
COMMAND: POST /session/66378cfa955b204dd4036b616783721e/element - {"using":"xpath","value":"//*[@id=\"__tile39\"]"}
RESULT: {"using":"xpath","value":"//*[@id=\"__tile39\"]"}
COMMAND: POST /session/66378cfa955b204dd4036b616783721e/element/f.EA8BC91478AA3376EDB3372197FF8A3D.d.8455F54FC21BB7FE269FBCBF21CDCE72.e.480/click - {}
RESULT: {}
COMMAND: GET /session/66378cfa955b204dd4036b616783721e/screenshot - {}
RESULT: {}
COMMAND: POST /session/66378cfa955b204dd4036b616783721e/elements - {"using":"xpath","value":"//span[text()='Error']"}
RESULT: {"using":"xpath","value":"//span[text()='Error']"}
RESULT: undefined
COMMAND: POST /session/66378cfa955b204dd4036b616783721e/element - {"using":"xpath","value":"//*[@id=\"__tile39\"]"}
RESULT: {"using":"xpath","value":"//*[@id=\"__tile39\"]"}
COMMAND: POST /session/66378cfa955b204dd4036b616783721e/element/f.EA8BC91478AA3376EDB3372197FF8A3D.d.8455F54FC21BB7FE269FBCBF21CDCE72.e.480/click - {}
RESULT: undefined
COMMAND: POST /session/66378cfa955b204dd4036b616783721e/element - {"using":"xpath","value":"//*[@id=\"__tile39\"]"}
RESULT: {"using":"xpath","value":"//*[@id=\"__tile39\"]"}
COMMAND: POST /session/66378cfa955b204dd4036b616783721e/element/f.EA8BC91478AA3376EDB3372197FF8A3D.d.8455F54FC21BB7FE269FBCBF21CDCE72.e.480/click - {}
RESULT: undefined
COMMAND: POST /session/66378cfa955b204dd4036b616783721e/execute/async - {"script":"<script> [6424 bytes]","args":[{"element-6066-11e4-a52e-4f735466cecf":"f.EA8BC91478AA3376EDB3372197FF8A3D.d.8455F54FC21BB7FE269FBCBF21CDCE72.e.294"},"getTitle",[]]}
COMMAND: POST /session/66378cfa955b204dd4036b616783721e/execute/async - {"script":"<script> [1562 bytes]","args":[{"selector":{"id":"shellAppTitle"},"wdio_ui5_key":"shellAppTitle"}]}
RESULT: {"script":"<script> [1562 bytes]","args":[{"selector":{"id":"shellAppTitle"},"wdio_ui5_key":"shellAppTitle"}]}
COMMAND: POST /session/66378cfa955b204dd4036b616783721e/execute/async - {"script":"<script> [6424 bytes]","args":[{"element-6066-11e4-a52e-4f735466cecf":"f.EA8BC91478AA3376EDB3372197FF8A3D.d.8455F54FC21BB7FE269FBCBF21CDCE72.e.654"},"getTitle",[]]}
RESULT: {"script":"<script> [6424 bytes]","args":[{"element-6066-11e4-a52e-4f735466cecf":"f.EA8BC91478AA3376EDB3372197FF8A3D.d.8455F54FC21BB7FE269FBCBF21CDCE72.e.654"},"getTitle",[]]}
RESULT: undefined
COMMAND: POST /session/66378cfa955b204dd4036b616783721e/element/f.EA8BC91478AA3376EDB3372197FF8A3D.d.8455F54FC21BB7FE269FBCBF21CDCE72.e.295/click - {}
COMMAND: POST /session/66378cfa955b204dd4036b616783721e/element - {"using":"xpath","value":"//*[@id=\"backBtn\"]"}
RESULT: {"using":"xpath","value":"//*[@id=\"backBtn\"]"}
COMMAND: POST /session/66378cfa955b204dd4036b616783721e/element/f.EA8BC91478AA3376EDB3372197FF8A3D.d.8455F54FC21BB7FE269FBCBF21CDCE72.e.295/click - {}
COMMAND: POST /session/66378cfa955b204dd4036b616783721e/element - {"using":"xpath","value":"//*[@id=\"backBtn\"]"}
RESULT: {"using":"xpath","value":"//*[@id=\"backBtn\"]"}
COMMAND: POST /session/66378cfa955b204dd4036b616783721e/element/f.EA8BC91478AA3376EDB3372197FF8A3D.d.8455F54FC21BB7FE269FBCBF21CDCE72.e.655/click - {}
RESULT: {}
COMMAND: GET /session/66378cfa955b204dd4036b616783721e/screenshot - {}
RESULT: {}
]]></system-out>
    </testcase>
    <testcase classname="chrome.136_0_7103_93.windows.Sanity_Tests_US104253" name="Should open Manage Catalogs page" time="37.594">
      <system-out><![CDATA[
COMMAND: POST /session/66378cfa955b204dd4036b616783721e/execute/async - {"script":"<script> [1562 bytes]","args":[{"selector":{"controlType":"sap.m.GenericTile","properties":{"header":"Manage Catalogs"}},"wdio_ui5_key":"sapm.GenericTile{\"header\":\"Manage Catalogs\"}"}]}
RESULT: {"script":"<script> [1562 bytes]","args":[{"selector":{"controlType":"sap.m.GenericTile","properties":{"header":"Manage Catalogs"}},"wdio_ui5_key":"sapm.GenericTile{\"header\":\"Manage Catalogs\"}"}]}
RESULT: undefined
COMMAND: POST /session/66378cfa955b204dd4036b616783721e/element - {"using":"xpath","value":"//*[@id=\"__tile37\"]"}
RESULT: {"using":"xpath","value":"//*[@id=\"__tile37\"]"}
COMMAND: POST /session/66378cfa955b204dd4036b616783721e/element/f.EA8BC91478AA3376EDB3372197FF8A3D.d.8455F54FC21BB7FE269FBCBF21CDCE72.e.657/click - {}
RESULT: {}
COMMAND: GET /session/66378cfa955b204dd4036b616783721e/screenshot - {}
RESULT: {}
COMMAND: POST /session/66378cfa955b204dd4036b616783721e/elements - {"using":"xpath","value":"//span[text()='Error']"}
RESULT: {"using":"xpath","value":"//span[text()='Error']"}
RESULT: undefined
COMMAND: POST /session/66378cfa955b204dd4036b616783721e/element - {"using":"xpath","value":"//*[@id=\"__tile37\"]"}
RESULT: {"using":"xpath","value":"//*[@id=\"__tile37\"]"}
COMMAND: POST /session/66378cfa955b204dd4036b616783721e/element/f.EA8BC91478AA3376EDB3372197FF8A3D.d.8455F54FC21BB7FE269FBCBF21CDCE72.e.657/click - {}
RESULT: undefined
COMMAND: POST /session/66378cfa955b204dd4036b616783721e/element - {"using":"xpath","value":"//*[@id=\"__tile37\"]"}
RESULT: {"using":"xpath","value":"//*[@id=\"__tile37\"]"}
COMMAND: POST /session/66378cfa955b204dd4036b616783721e/element/f.EA8BC91478AA3376EDB3372197FF8A3D.d.8455F54FC21BB7FE269FBCBF21CDCE72.e.657/click - {}
RESULT: undefined
COMMAND: POST /session/66378cfa955b204dd4036b616783721e/execute/async - {"script":"<script> [6424 bytes]","args":[{"element-6066-11e4-a52e-4f735466cecf":"f.EA8BC91478AA3376EDB3372197FF8A3D.d.8455F54FC21BB7FE269FBCBF21CDCE72.e.294"},"getTitle",[]]}
COMMAND: POST /session/66378cfa955b204dd4036b616783721e/execute/async - {"script":"<script> [1562 bytes]","args":[{"selector":{"id":"shellAppTitle"},"wdio_ui5_key":"shellAppTitle"}]}
RESULT: {"script":"<script> [1562 bytes]","args":[{"selector":{"id":"shellAppTitle"},"wdio_ui5_key":"shellAppTitle"}]}
COMMAND: POST /session/66378cfa955b204dd4036b616783721e/execute/async - {"script":"<script> [6424 bytes]","args":[{"element-6066-11e4-a52e-4f735466cecf":"f.EA8BC91478AA3376EDB3372197FF8A3D.d.8455F54FC21BB7FE269FBCBF21CDCE72.e.727"},"getTitle",[]]}
RESULT: {"script":"<script> [6424 bytes]","args":[{"element-6066-11e4-a52e-4f735466cecf":"f.EA8BC91478AA3376EDB3372197FF8A3D.d.8455F54FC21BB7FE269FBCBF21CDCE72.e.727"},"getTitle",[]]}
RESULT: undefined
COMMAND: POST /session/66378cfa955b204dd4036b616783721e/element/f.EA8BC91478AA3376EDB3372197FF8A3D.d.8455F54FC21BB7FE269FBCBF21CDCE72.e.655/click - {}
RESULT: {}
COMMAND: GET /session/66378cfa955b204dd4036b616783721e/screenshot - {}
RESULT: {}
]]></system-out>
    </testcase>
    <testcase classname="chrome.136_0_7103_93.windows.Sanity_Tests_US104253" name="Should open Manage Calendars page" time="38.181">
      <system-out><![CDATA[
COMMAND: POST /session/66378cfa955b204dd4036b616783721e/execute/async - {"script":"<script> [1562 bytes]","args":[{"selector":{"controlType":"sap.m.GenericTile","properties":{"header":"Manage Calendars"}},"wdio_ui5_key":"sapm.GenericTile{\"header\":\"Manage Calendars\"}"}]}
RESULT: {"script":"<script> [1562 bytes]","args":[{"selector":{"controlType":"sap.m.GenericTile","properties":{"header":"Manage Calendars"}},"wdio_ui5_key":"sapm.GenericTile{\"header\":\"Manage Calendars\"}"}]}
RESULT: undefined
COMMAND: POST /session/66378cfa955b204dd4036b616783721e/element - {"using":"xpath","value":"//*[@id=\"__tile36\"]"}
RESULT: {"using":"xpath","value":"//*[@id=\"__tile36\"]"}
COMMAND: POST /session/66378cfa955b204dd4036b616783721e/element/f.EA8BC91478AA3376EDB3372197FF8A3D.d.8455F54FC21BB7FE269FBCBF21CDCE72.e.729/click - {}
RESULT: {}
COMMAND: GET /session/66378cfa955b204dd4036b616783721e/screenshot - {}
RESULT: {}
COMMAND: POST /session/66378cfa955b204dd4036b616783721e/elements - {"using":"xpath","value":"//span[text()='Error']"}
RESULT: {"using":"xpath","value":"//span[text()='Error']"}
RESULT: undefined
COMMAND: POST /session/66378cfa955b204dd4036b616783721e/element - {"using":"xpath","value":"//*[@id=\"__tile36\"]"}
RESULT: {"using":"xpath","value":"//*[@id=\"__tile36\"]"}
COMMAND: POST /session/66378cfa955b204dd4036b616783721e/element/f.EA8BC91478AA3376EDB3372197FF8A3D.d.8455F54FC21BB7FE269FBCBF21CDCE72.e.729/click - {}
RESULT: undefined
COMMAND: POST /session/66378cfa955b204dd4036b616783721e/element - {"using":"xpath","value":"//*[@id=\"__tile36\"]"}
RESULT: {"using":"xpath","value":"//*[@id=\"__tile36\"]"}
COMMAND: POST /session/66378cfa955b204dd4036b616783721e/element/f.EA8BC91478AA3376EDB3372197FF8A3D.d.8455F54FC21BB7FE269FBCBF21CDCE72.e.729/click - {}
RESULT: undefined
COMMAND: POST /session/66378cfa955b204dd4036b616783721e/execute/async - {"script":"<script> [6424 bytes]","args":[{"element-6066-11e4-a52e-4f735466cecf":"f.EA8BC91478AA3376EDB3372197FF8A3D.d.8455F54FC21BB7FE269FBCBF21CDCE72.e.294"},"getTitle",[]]}
COMMAND: POST /session/66378cfa955b204dd4036b616783721e/execute/async - {"script":"<script> [1562 bytes]","args":[{"selector":{"id":"shellAppTitle"},"wdio_ui5_key":"shellAppTitle"}]}
RESULT: {"script":"<script> [1562 bytes]","args":[{"selector":{"id":"shellAppTitle"},"wdio_ui5_key":"shellAppTitle"}]}
COMMAND: POST /session/66378cfa955b204dd4036b616783721e/execute/async - {"script":"<script> [6424 bytes]","args":[{"element-6066-11e4-a52e-4f735466cecf":"f.EA8BC91478AA3376EDB3372197FF8A3D.d.8455F54FC21BB7FE269FBCBF21CDCE72.e.798"},"getTitle",[]]}
RESULT: {"script":"<script> [6424 bytes]","args":[{"element-6066-11e4-a52e-4f735466cecf":"f.EA8BC91478AA3376EDB3372197FF8A3D.d.8455F54FC21BB7FE269FBCBF21CDCE72.e.798"},"getTitle",[]]}
RESULT: undefined
COMMAND: POST /session/66378cfa955b204dd4036b616783721e/element/f.EA8BC91478AA3376EDB3372197FF8A3D.d.8455F54FC21BB7FE269FBCBF21CDCE72.e.655/click - {}
COMMAND: POST /session/66378cfa955b204dd4036b616783721e/element - {"using":"xpath","value":"//*[@id=\"backBtn\"]"}
RESULT: {"using":"xpath","value":"//*[@id=\"backBtn\"]"}
COMMAND: POST /session/66378cfa955b204dd4036b616783721e/element/f.EA8BC91478AA3376EDB3372197FF8A3D.d.8455F54FC21BB7FE269FBCBF21CDCE72.e.655/click - {}
COMMAND: POST /session/66378cfa955b204dd4036b616783721e/element - {"using":"xpath","value":"//*[@id=\"backBtn\"]"}
RESULT: {"using":"xpath","value":"//*[@id=\"backBtn\"]"}
COMMAND: POST /session/66378cfa955b204dd4036b616783721e/element/f.EA8BC91478AA3376EDB3372197FF8A3D.d.8455F54FC21BB7FE269FBCBF21CDCE72.e.799/click - {}
RESULT: {}
COMMAND: GET /session/66378cfa955b204dd4036b616783721e/screenshot - {}
RESULT: {}
]]></system-out>
    </testcase>
    <testcase classname="chrome.136_0_7103_93.windows.Sanity_Tests_US104253" name="Should open Address Management page" time="46.211">
      <system-out><![CDATA[
COMMAND: POST /session/66378cfa955b204dd4036b616783721e/execute/async - {"script":"<script> [1562 bytes]","args":[{"selector":{"controlType":"sap.m.GenericTile","properties":{"header":"Address Management"}},"wdio_ui5_key":"sapm.GenericTile{\"header\":\"Address Management\"}"}]}
RESULT: {"script":"<script> [1562 bytes]","args":[{"selector":{"controlType":"sap.m.GenericTile","properties":{"header":"Address Management"}},"wdio_ui5_key":"sapm.GenericTile{\"header\":\"Address Management\"}"}]}
RESULT: undefined
COMMAND: POST /session/66378cfa955b204dd4036b616783721e/element - {"using":"xpath","value":"//*[@id=\"__tile33\"]"}
RESULT: {"using":"xpath","value":"//*[@id=\"__tile33\"]"}
COMMAND: POST /session/66378cfa955b204dd4036b616783721e/element/f.EA8BC91478AA3376EDB3372197FF8A3D.d.8455F54FC21BB7FE269FBCBF21CDCE72.e.801/click - {}
RESULT: {}
COMMAND: GET /session/66378cfa955b204dd4036b616783721e/screenshot - {}
RESULT: {}
COMMAND: POST /session/66378cfa955b204dd4036b616783721e/elements - {"using":"xpath","value":"//span[text()='Error']"}
RESULT: {"using":"xpath","value":"//span[text()='Error']"}
RESULT: undefined
COMMAND: POST /session/66378cfa955b204dd4036b616783721e/element - {"using":"xpath","value":"//*[@id=\"__tile33\"]"}
RESULT: {"using":"xpath","value":"//*[@id=\"__tile33\"]"}
COMMAND: POST /session/66378cfa955b204dd4036b616783721e/element/f.EA8BC91478AA3376EDB3372197FF8A3D.d.8455F54FC21BB7FE269FBCBF21CDCE72.e.801/click - {}
RESULT: undefined
COMMAND: POST /session/66378cfa955b204dd4036b616783721e/element - {"using":"xpath","value":"//*[@id=\"__tile33\"]"}
RESULT: {"using":"xpath","value":"//*[@id=\"__tile33\"]"}
COMMAND: POST /session/66378cfa955b204dd4036b616783721e/element/f.EA8BC91478AA3376EDB3372197FF8A3D.d.8455F54FC21BB7FE269FBCBF21CDCE72.e.801/click - {}
RESULT: undefined
COMMAND: POST /session/66378cfa955b204dd4036b616783721e/execute/async - {"script":"<script> [6424 bytes]","args":[{"element-6066-11e4-a52e-4f735466cecf":"f.EA8BC91478AA3376EDB3372197FF8A3D.d.8455F54FC21BB7FE269FBCBF21CDCE72.e.294"},"getTitle",[]]}
COMMAND: POST /session/66378cfa955b204dd4036b616783721e/execute/async - {"script":"<script> [1562 bytes]","args":[{"selector":{"id":"shellAppTitle"},"wdio_ui5_key":"shellAppTitle"}]}
RESULT: {"script":"<script> [1562 bytes]","args":[{"selector":{"id":"shellAppTitle"},"wdio_ui5_key":"shellAppTitle"}]}
COMMAND: POST /session/66378cfa955b204dd4036b616783721e/execute/async - {"script":"<script> [6424 bytes]","args":[{"element-6066-11e4-a52e-4f735466cecf":"f.EA8BC91478AA3376EDB3372197FF8A3D.d.8455F54FC21BB7FE269FBCBF21CDCE72.e.995"},"getTitle",[]]}
RESULT: {"script":"<script> [6424 bytes]","args":[{"element-6066-11e4-a52e-4f735466cecf":"f.EA8BC91478AA3376EDB3372197FF8A3D.d.8455F54FC21BB7FE269FBCBF21CDCE72.e.995"},"getTitle",[]]}
RESULT: undefined
COMMAND: POST /session/66378cfa955b204dd4036b616783721e/element/f.EA8BC91478AA3376EDB3372197FF8A3D.d.8455F54FC21BB7FE269FBCBF21CDCE72.e.799/click - {}
RESULT: {}
COMMAND: GET /session/66378cfa955b204dd4036b616783721e/screenshot - {}
RESULT: {}
]]></system-out>
    </testcase>
    <testcase classname="chrome.136_0_7103_93.windows.Sanity_Tests_US104253" name="Should open Bill Of Resources page" time="37.524">
      <system-out><![CDATA[
COMMAND: POST /session/66378cfa955b204dd4036b616783721e/execute/async - {"script":"<script> [1562 bytes]","args":[{"selector":{"controlType":"sap.m.GenericTile","properties":{"header":"Bill Of Resources"}},"wdio_ui5_key":"sapm.GenericTile{\"header\":\"Bill Of Resources\"}"}]}
RESULT: {"script":"<script> [1562 bytes]","args":[{"selector":{"controlType":"sap.m.GenericTile","properties":{"header":"Bill Of Resources"}},"wdio_ui5_key":"sapm.GenericTile{\"header\":\"Bill Of Resources\"}"}]}
RESULT: undefined
COMMAND: POST /session/66378cfa955b204dd4036b616783721e/element - {"using":"xpath","value":"//*[@id=\"__tile34\"]"}
RESULT: {"using":"xpath","value":"//*[@id=\"__tile34\"]"}
COMMAND: POST /session/66378cfa955b204dd4036b616783721e/element/f.EA8BC91478AA3376EDB3372197FF8A3D.d.8455F54FC21BB7FE269FBCBF21CDCE72.e.997/click - {}
RESULT: {}
COMMAND: GET /session/66378cfa955b204dd4036b616783721e/screenshot - {}
RESULT: {}
COMMAND: POST /session/66378cfa955b204dd4036b616783721e/elements - {"using":"xpath","value":"//span[text()='Error']"}
RESULT: {"using":"xpath","value":"//span[text()='Error']"}
RESULT: undefined
COMMAND: POST /session/66378cfa955b204dd4036b616783721e/element - {"using":"xpath","value":"//*[@id=\"__tile34\"]"}
RESULT: {"using":"xpath","value":"//*[@id=\"__tile34\"]"}
COMMAND: POST /session/66378cfa955b204dd4036b616783721e/element/f.EA8BC91478AA3376EDB3372197FF8A3D.d.8455F54FC21BB7FE269FBCBF21CDCE72.e.997/click - {}
RESULT: undefined
COMMAND: POST /session/66378cfa955b204dd4036b616783721e/element - {"using":"xpath","value":"//*[@id=\"__tile34\"]"}
RESULT: {"using":"xpath","value":"//*[@id=\"__tile34\"]"}
COMMAND: POST /session/66378cfa955b204dd4036b616783721e/element/f.EA8BC91478AA3376EDB3372197FF8A3D.d.8455F54FC21BB7FE269FBCBF21CDCE72.e.997/click - {}
RESULT: undefined
COMMAND: POST /session/66378cfa955b204dd4036b616783721e/execute/async - {"script":"<script> [6424 bytes]","args":[{"element-6066-11e4-a52e-4f735466cecf":"f.EA8BC91478AA3376EDB3372197FF8A3D.d.8455F54FC21BB7FE269FBCBF21CDCE72.e.294"},"getTitle",[]]}
COMMAND: POST /session/66378cfa955b204dd4036b616783721e/execute/async - {"script":"<script> [1562 bytes]","args":[{"selector":{"id":"shellAppTitle"},"wdio_ui5_key":"shellAppTitle"}]}
RESULT: {"script":"<script> [1562 bytes]","args":[{"selector":{"id":"shellAppTitle"},"wdio_ui5_key":"shellAppTitle"}]}
COMMAND: POST /session/66378cfa955b204dd4036b616783721e/execute/async - {"script":"<script> [6424 bytes]","args":[{"element-6066-11e4-a52e-4f735466cecf":"f.EA8BC91478AA3376EDB3372197FF8A3D.d.8455F54FC21BB7FE269FBCBF21CDCE72.e.1083"},"getTitle",[]]}
RESULT: {"script":"<script> [6424 bytes]","args":[{"element-6066-11e4-a52e-4f735466cecf":"f.EA8BC91478AA3376EDB3372197FF8A3D.d.8455F54FC21BB7FE269FBCBF21CDCE72.e.1083"},"getTitle",[]]}
RESULT: undefined
COMMAND: POST /session/66378cfa955b204dd4036b616783721e/element/f.EA8BC91478AA3376EDB3372197FF8A3D.d.8455F54FC21BB7FE269FBCBF21CDCE72.e.799/click - {}
COMMAND: POST /session/66378cfa955b204dd4036b616783721e/element - {"using":"xpath","value":"//*[@id=\"backBtn\"]"}
RESULT: {"using":"xpath","value":"//*[@id=\"backBtn\"]"}
COMMAND: POST /session/66378cfa955b204dd4036b616783721e/element/f.EA8BC91478AA3376EDB3372197FF8A3D.d.8455F54FC21BB7FE269FBCBF21CDCE72.e.799/click - {}
COMMAND: POST /session/66378cfa955b204dd4036b616783721e/element - {"using":"xpath","value":"//*[@id=\"backBtn\"]"}
RESULT: {"using":"xpath","value":"//*[@id=\"backBtn\"]"}
COMMAND: POST /session/66378cfa955b204dd4036b616783721e/element/f.EA8BC91478AA3376EDB3372197FF8A3D.d.8455F54FC21BB7FE269FBCBF21CDCE72.e.1084/click - {}
RESULT: {}
COMMAND: GET /session/66378cfa955b204dd4036b616783721e/screenshot - {}
RESULT: {}
]]></system-out>
    </testcase>
    <testcase classname="chrome.136_0_7103_93.windows.Sanity_Tests_US104253" name="Should open Manage Yards page" time="40.048">
      <system-out><![CDATA[
COMMAND: POST /session/66378cfa955b204dd4036b616783721e/execute/async - {"script":"<script> [1562 bytes]","args":[{"selector":{"controlType":"sap.m.GenericTile","properties":{"header":"Manage Yards"}},"wdio_ui5_key":"sapm.GenericTile{\"header\":\"Manage Yards\"}"}]}
RESULT: {"script":"<script> [1562 bytes]","args":[{"selector":{"controlType":"sap.m.GenericTile","properties":{"header":"Manage Yards"}},"wdio_ui5_key":"sapm.GenericTile{\"header\":\"Manage Yards\"}"}]}
RESULT: undefined
COMMAND: POST /session/66378cfa955b204dd4036b616783721e/element - {"using":"xpath","value":"//*[@id=\"__tile41\"]"}
RESULT: {"using":"xpath","value":"//*[@id=\"__tile41\"]"}
COMMAND: POST /session/66378cfa955b204dd4036b616783721e/element/f.EA8BC91478AA3376EDB3372197FF8A3D.d.8455F54FC21BB7FE269FBCBF21CDCE72.e.1086/click - {}
RESULT: {}
COMMAND: GET /session/66378cfa955b204dd4036b616783721e/screenshot - {}
RESULT: {}
COMMAND: POST /session/66378cfa955b204dd4036b616783721e/elements - {"using":"xpath","value":"//span[text()='Error']"}
RESULT: {"using":"xpath","value":"//span[text()='Error']"}
RESULT: undefined
COMMAND: POST /session/66378cfa955b204dd4036b616783721e/element - {"using":"xpath","value":"//*[@id=\"__tile41\"]"}
RESULT: {"using":"xpath","value":"//*[@id=\"__tile41\"]"}
COMMAND: POST /session/66378cfa955b204dd4036b616783721e/element/f.EA8BC91478AA3376EDB3372197FF8A3D.d.8455F54FC21BB7FE269FBCBF21CDCE72.e.1086/click - {}
RESULT: undefined
COMMAND: POST /session/66378cfa955b204dd4036b616783721e/element - {"using":"xpath","value":"//*[@id=\"__tile41\"]"}
RESULT: {"using":"xpath","value":"//*[@id=\"__tile41\"]"}
COMMAND: POST /session/66378cfa955b204dd4036b616783721e/element/f.EA8BC91478AA3376EDB3372197FF8A3D.d.8455F54FC21BB7FE269FBCBF21CDCE72.e.1086/click - {}
RESULT: undefined
COMMAND: POST /session/66378cfa955b204dd4036b616783721e/execute/async - {"script":"<script> [6424 bytes]","args":[{"element-6066-11e4-a52e-4f735466cecf":"f.EA8BC91478AA3376EDB3372197FF8A3D.d.8455F54FC21BB7FE269FBCBF21CDCE72.e.294"},"getTitle",[]]}
COMMAND: POST /session/66378cfa955b204dd4036b616783721e/execute/async - {"script":"<script> [1562 bytes]","args":[{"selector":{"id":"shellAppTitle"},"wdio_ui5_key":"shellAppTitle"}]}
RESULT: {"script":"<script> [1562 bytes]","args":[{"selector":{"id":"shellAppTitle"},"wdio_ui5_key":"shellAppTitle"}]}
COMMAND: POST /session/66378cfa955b204dd4036b616783721e/execute/async - {"script":"<script> [6424 bytes]","args":[{"element-6066-11e4-a52e-4f735466cecf":"f.EA8BC91478AA3376EDB3372197FF8A3D.d.8455F54FC21BB7FE269FBCBF21CDCE72.e.1262"},"getTitle",[]]}
RESULT: {"script":"<script> [6424 bytes]","args":[{"element-6066-11e4-a52e-4f735466cecf":"f.EA8BC91478AA3376EDB3372197FF8A3D.d.8455F54FC21BB7FE269FBCBF21CDCE72.e.1262"},"getTitle",[]]}
RESULT: undefined
COMMAND: POST /session/66378cfa955b204dd4036b616783721e/element/f.EA8BC91478AA3376EDB3372197FF8A3D.d.8455F54FC21BB7FE269FBCBF21CDCE72.e.1084/click - {}
RESULT: {}
COMMAND: GET /session/66378cfa955b204dd4036b616783721e/screenshot - {}
RESULT: {}
]]></system-out>
    </testcase>
    <testcase classname="chrome.136_0_7103_93.windows.Sanity_Tests_US104253" name="Should open Manage Requests page" time="36.958">
      <system-out><![CDATA[
COMMAND: POST /session/66378cfa955b204dd4036b616783721e/execute/async - {"script":"<script> [1562 bytes]","args":[{"selector":{"controlType":"sap.m.GenericTile","properties":{"header":"Manage Requests"}},"wdio_ui5_key":"sapm.GenericTile{\"header\":\"Manage Requests\"}"}]}
RESULT: {"script":"<script> [1562 bytes]","args":[{"selector":{"controlType":"sap.m.GenericTile","properties":{"header":"Manage Requests"}},"wdio_ui5_key":"sapm.GenericTile{\"header\":\"Manage Requests\"}"}]}
RESULT: undefined
COMMAND: POST /session/66378cfa955b204dd4036b616783721e/element - {"using":"xpath","value":"//*[@id=\"__tile47\"]"}
RESULT: {"using":"xpath","value":"//*[@id=\"__tile47\"]"}
COMMAND: POST /session/66378cfa955b204dd4036b616783721e/element/f.EA8BC91478AA3376EDB3372197FF8A3D.d.8455F54FC21BB7FE269FBCBF21CDCE72.e.1264/click - {}
RESULT: {}
COMMAND: GET /session/66378cfa955b204dd4036b616783721e/screenshot - {}
RESULT: {}
COMMAND: POST /session/66378cfa955b204dd4036b616783721e/elements - {"using":"xpath","value":"//span[text()='Error']"}
RESULT: {"using":"xpath","value":"//span[text()='Error']"}
RESULT: undefined
COMMAND: POST /session/66378cfa955b204dd4036b616783721e/element - {"using":"xpath","value":"//*[@id=\"__tile47\"]"}
RESULT: {"using":"xpath","value":"//*[@id=\"__tile47\"]"}
COMMAND: POST /session/66378cfa955b204dd4036b616783721e/element/f.EA8BC91478AA3376EDB3372197FF8A3D.d.8455F54FC21BB7FE269FBCBF21CDCE72.e.1264/click - {}
RESULT: undefined
COMMAND: POST /session/66378cfa955b204dd4036b616783721e/element - {"using":"xpath","value":"//*[@id=\"__tile47\"]"}
RESULT: {"using":"xpath","value":"//*[@id=\"__tile47\"]"}
COMMAND: POST /session/66378cfa955b204dd4036b616783721e/element/f.EA8BC91478AA3376EDB3372197FF8A3D.d.8455F54FC21BB7FE269FBCBF21CDCE72.e.1264/click - {}
RESULT: undefined
COMMAND: POST /session/66378cfa955b204dd4036b616783721e/execute/async - {"script":"<script> [6424 bytes]","args":[{"element-6066-11e4-a52e-4f735466cecf":"f.EA8BC91478AA3376EDB3372197FF8A3D.d.8455F54FC21BB7FE269FBCBF21CDCE72.e.294"},"getTitle",[]]}
COMMAND: POST /session/66378cfa955b204dd4036b616783721e/execute/async - {"script":"<script> [1562 bytes]","args":[{"selector":{"id":"shellAppTitle"},"wdio_ui5_key":"shellAppTitle"}]}
RESULT: {"script":"<script> [1562 bytes]","args":[{"selector":{"id":"shellAppTitle"},"wdio_ui5_key":"shellAppTitle"}]}
COMMAND: POST /session/66378cfa955b204dd4036b616783721e/execute/async - {"script":"<script> [6424 bytes]","args":[{"element-6066-11e4-a52e-4f735466cecf":"f.EA8BC91478AA3376EDB3372197FF8A3D.d.8455F54FC21BB7FE269FBCBF21CDCE72.e.1359"},"getTitle",[]]}
RESULT: {"script":"<script> [6424 bytes]","args":[{"element-6066-11e4-a52e-4f735466cecf":"f.EA8BC91478AA3376EDB3372197FF8A3D.d.8455F54FC21BB7FE269FBCBF21CDCE72.e.1359"},"getTitle",[]]}
RESULT: undefined
COMMAND: POST /session/66378cfa955b204dd4036b616783721e/element/f.EA8BC91478AA3376EDB3372197FF8A3D.d.8455F54FC21BB7FE269FBCBF21CDCE72.e.1084/click - {}
COMMAND: POST /session/66378cfa955b204dd4036b616783721e/element - {"using":"xpath","value":"//*[@id=\"backBtn\"]"}
RESULT: {"using":"xpath","value":"//*[@id=\"backBtn\"]"}
COMMAND: POST /session/66378cfa955b204dd4036b616783721e/element/f.EA8BC91478AA3376EDB3372197FF8A3D.d.8455F54FC21BB7FE269FBCBF21CDCE72.e.1084/click - {}
COMMAND: POST /session/66378cfa955b204dd4036b616783721e/element - {"using":"xpath","value":"//*[@id=\"backBtn\"]"}
RESULT: {"using":"xpath","value":"//*[@id=\"backBtn\"]"}
COMMAND: POST /session/66378cfa955b204dd4036b616783721e/element/f.EA8BC91478AA3376EDB3372197FF8A3D.d.8455F54FC21BB7FE269FBCBF21CDCE72.e.1360/click - {}
RESULT: {}
COMMAND: GET /session/66378cfa955b204dd4036b616783721e/screenshot - {}
RESULT: {}
]]></system-out>
    </testcase>
    <testcase classname="chrome.136_0_7103_93.windows.Sanity_Tests_US104253" name="Should open Manage Purchasing page" time="40.961">
      <system-out><![CDATA[
COMMAND: POST /session/66378cfa955b204dd4036b616783721e/execute/async - {"script":"<script> [1562 bytes]","args":[{"selector":{"controlType":"sap.m.GenericTile","properties":{"header":"Manage Purchasing"}},"wdio_ui5_key":"sapm.GenericTile{\"header\":\"Manage Purchasing\"}"}]}
RESULT: {"script":"<script> [1562 bytes]","args":[{"selector":{"controlType":"sap.m.GenericTile","properties":{"header":"Manage Purchasing"}},"wdio_ui5_key":"sapm.GenericTile{\"header\":\"Manage Purchasing\"}"}]}
RESULT: undefined
COMMAND: POST /session/66378cfa955b204dd4036b616783721e/element - {"using":"xpath","value":"//*[@id=\"__tile46\"]"}
RESULT: {"using":"xpath","value":"//*[@id=\"__tile46\"]"}
COMMAND: POST /session/66378cfa955b204dd4036b616783721e/element/f.EA8BC91478AA3376EDB3372197FF8A3D.d.8455F54FC21BB7FE269FBCBF21CDCE72.e.1363/click - {}
RESULT: {}
COMMAND: GET /session/66378cfa955b204dd4036b616783721e/screenshot - {}
RESULT: {}
COMMAND: POST /session/66378cfa955b204dd4036b616783721e/elements - {"using":"xpath","value":"//span[text()='Error']"}
RESULT: {"using":"xpath","value":"//span[text()='Error']"}
RESULT: undefined
COMMAND: POST /session/66378cfa955b204dd4036b616783721e/element - {"using":"xpath","value":"//*[@id=\"__tile46\"]"}
RESULT: {"using":"xpath","value":"//*[@id=\"__tile46\"]"}
COMMAND: POST /session/66378cfa955b204dd4036b616783721e/element/f.EA8BC91478AA3376EDB3372197FF8A3D.d.8455F54FC21BB7FE269FBCBF21CDCE72.e.1363/click - {}
RESULT: undefined
COMMAND: POST /session/66378cfa955b204dd4036b616783721e/element - {"using":"xpath","value":"//*[@id=\"__tile46\"]"}
RESULT: {"using":"xpath","value":"//*[@id=\"__tile46\"]"}
COMMAND: POST /session/66378cfa955b204dd4036b616783721e/element/f.EA8BC91478AA3376EDB3372197FF8A3D.d.8455F54FC21BB7FE269FBCBF21CDCE72.e.1363/click - {}
RESULT: undefined
COMMAND: POST /session/66378cfa955b204dd4036b616783721e/execute/async - {"script":"<script> [6424 bytes]","args":[{"element-6066-11e4-a52e-4f735466cecf":"f.EA8BC91478AA3376EDB3372197FF8A3D.d.8455F54FC21BB7FE269FBCBF21CDCE72.e.294"},"getTitle",[]]}
COMMAND: POST /session/66378cfa955b204dd4036b616783721e/execute/async - {"script":"<script> [1562 bytes]","args":[{"selector":{"id":"shellAppTitle"},"wdio_ui5_key":"shellAppTitle"}]}
RESULT: {"script":"<script> [1562 bytes]","args":[{"selector":{"id":"shellAppTitle"},"wdio_ui5_key":"shellAppTitle"}]}
COMMAND: POST /session/66378cfa955b204dd4036b616783721e/execute/async - {"script":"<script> [6424 bytes]","args":[{"element-6066-11e4-a52e-4f735466cecf":"f.EA8BC91478AA3376EDB3372197FF8A3D.d.8455F54FC21BB7FE269FBCBF21CDCE72.e.1441"},"getTitle",[]]}
RESULT: {"script":"<script> [6424 bytes]","args":[{"element-6066-11e4-a52e-4f735466cecf":"f.EA8BC91478AA3376EDB3372197FF8A3D.d.8455F54FC21BB7FE269FBCBF21CDCE72.e.1441"},"getTitle",[]]}
RESULT: undefined
COMMAND: POST /session/66378cfa955b204dd4036b616783721e/element/f.EA8BC91478AA3376EDB3372197FF8A3D.d.8455F54FC21BB7FE269FBCBF21CDCE72.e.1360/click - {}
RESULT: {}
COMMAND: GET /session/66378cfa955b204dd4036b616783721e/screenshot - {}
RESULT: {}
]]></system-out>
    </testcase>
    <testcase classname="chrome.136_0_7103_93.windows.Sanity_Tests_US104253" name="Should open Planning Board page" time="38.066">
      <system-out><![CDATA[
COMMAND: POST /session/66378cfa955b204dd4036b616783721e/execute/async - {"script":"<script> [1562 bytes]","args":[{"selector":{"controlType":"sap.m.GenericTile","properties":{"header":"Planning Board"}},"wdio_ui5_key":"sapm.GenericTile{\"header\":\"Planning Board\"}"}]}
RESULT: {"script":"<script> [1562 bytes]","args":[{"selector":{"controlType":"sap.m.GenericTile","properties":{"header":"Planning Board"}},"wdio_ui5_key":"sapm.GenericTile{\"header\":\"Planning Board\"}"}]}
RESULT: undefined
COMMAND: POST /session/66378cfa955b204dd4036b616783721e/element - {"using":"xpath","value":"//*[@id=\"__tile130\"]"}
RESULT: {"using":"xpath","value":"//*[@id=\"__tile130\"]"}
COMMAND: POST /session/66378cfa955b204dd4036b616783721e/element/f.EA8BC91478AA3376EDB3372197FF8A3D.d.8455F54FC21BB7FE269FBCBF21CDCE72.e.1443/click - {}
RESULT: {}
COMMAND: GET /session/66378cfa955b204dd4036b616783721e/screenshot - {}
RESULT: {}
COMMAND: POST /session/66378cfa955b204dd4036b616783721e/elements - {"using":"xpath","value":"//span[text()='Error']"}
RESULT: {"using":"xpath","value":"//span[text()='Error']"}
RESULT: undefined
COMMAND: POST /session/66378cfa955b204dd4036b616783721e/element - {"using":"xpath","value":"//*[@id=\"__tile130\"]"}
RESULT: {"using":"xpath","value":"//*[@id=\"__tile130\"]"}
COMMAND: POST /session/66378cfa955b204dd4036b616783721e/element/f.EA8BC91478AA3376EDB3372197FF8A3D.d.8455F54FC21BB7FE269FBCBF21CDCE72.e.1443/click - {}
RESULT: undefined
COMMAND: POST /session/66378cfa955b204dd4036b616783721e/element - {"using":"xpath","value":"//*[@id=\"__tile130\"]"}
RESULT: {"using":"xpath","value":"//*[@id=\"__tile130\"]"}
COMMAND: POST /session/66378cfa955b204dd4036b616783721e/element/f.EA8BC91478AA3376EDB3372197FF8A3D.d.8455F54FC21BB7FE269FBCBF21CDCE72.e.1443/click - {}
RESULT: undefined
COMMAND: POST /session/66378cfa955b204dd4036b616783721e/execute/async - {"script":"<script> [6424 bytes]","args":[{"element-6066-11e4-a52e-4f735466cecf":"f.EA8BC91478AA3376EDB3372197FF8A3D.d.8455F54FC21BB7FE269FBCBF21CDCE72.e.294"},"getTitle",[]]}
COMMAND: POST /session/66378cfa955b204dd4036b616783721e/execute/async - {"script":"<script> [1562 bytes]","args":[{"selector":{"id":"shellAppTitle"},"wdio_ui5_key":"shellAppTitle"}]}
RESULT: {"script":"<script> [1562 bytes]","args":[{"selector":{"id":"shellAppTitle"},"wdio_ui5_key":"shellAppTitle"}]}
COMMAND: POST /session/66378cfa955b204dd4036b616783721e/execute/async - {"script":"<script> [6424 bytes]","args":[{"element-6066-11e4-a52e-4f735466cecf":"f.EA8BC91478AA3376EDB3372197FF8A3D.d.8455F54FC21BB7FE269FBCBF21CDCE72.e.1493"},"getTitle",[]]}
RESULT: {"script":"<script> [6424 bytes]","args":[{"element-6066-11e4-a52e-4f735466cecf":"f.EA8BC91478AA3376EDB3372197FF8A3D.d.8455F54FC21BB7FE269FBCBF21CDCE72.e.1493"},"getTitle",[]]}
RESULT: undefined
COMMAND: POST /session/66378cfa955b204dd4036b616783721e/element/f.EA8BC91478AA3376EDB3372197FF8A3D.d.8455F54FC21BB7FE269FBCBF21CDCE72.e.1360/click - {}
COMMAND: POST /session/66378cfa955b204dd4036b616783721e/element/f.EA8BC91478AA3376EDB3372197FF8A3D.d.8455F54FC21BB7FE269FBCBF21CDCE72.e.1360/click - {}
COMMAND: POST /session/66378cfa955b204dd4036b616783721e/element - {"using":"xpath","value":"//*[@id=\"backBtn\"]"}
COMMAND: POST /session/66378cfa955b204dd4036b616783721e/element - {"using":"xpath","value":"//*[@id=\"backBtn\"]"}
RESULT: {"using":"xpath","value":"//*[@id=\"backBtn\"]"}
COMMAND: POST /session/66378cfa955b204dd4036b616783721e/element/f.EA8BC91478AA3376EDB3372197FF8A3D.d.8455F54FC21BB7FE269FBCBF21CDCE72.e.1360/click - {}
RESULT: {"using":"xpath","value":"//*[@id=\"backBtn\"]"}
COMMAND: POST /session/66378cfa955b204dd4036b616783721e/element/f.EA8BC91478AA3376EDB3372197FF8A3D.d.8455F54FC21BB7FE269FBCBF21CDCE72.e.1360/click - {}
COMMAND: POST /session/66378cfa955b204dd4036b616783721e/element - {"using":"xpath","value":"//*[@id=\"backBtn\"]"}
COMMAND: POST /session/66378cfa955b204dd4036b616783721e/element - {"using":"xpath","value":"//*[@id=\"backBtn\"]"}
RESULT: {"using":"xpath","value":"//*[@id=\"backBtn\"]"}
COMMAND: POST /session/66378cfa955b204dd4036b616783721e/element/f.EA8BC91478AA3376EDB3372197FF8A3D.d.8455F54FC21BB7FE269FBCBF21CDCE72.e.1494/click - {}
RESULT: {"using":"xpath","value":"//*[@id=\"backBtn\"]"}
COMMAND: POST /session/66378cfa955b204dd4036b616783721e/element/f.EA8BC91478AA3376EDB3372197FF8A3D.d.8455F54FC21BB7FE269FBCBF21CDCE72.e.1494/click - {}
RESULT: {}
COMMAND: GET /session/66378cfa955b204dd4036b616783721e/screenshot - {}
RESULT: {}
COMMAND: GET /session/66378cfa955b204dd4036b616783721e/screenshot - {}
RESULT: {}
RESULT: {}
]]></system-out>
    </testcase>
    <testcase classname="chrome.136_0_7103_93.windows.Sanity_Tests_US104253" name="Should open Manage Contracts page" time="49.228">
      <system-out><![CDATA[
COMMAND: POST /session/66378cfa955b204dd4036b616783721e/execute/async - {"script":"<script> [1562 bytes]","args":[{"selector":{"controlType":"sap.m.GenericTile","properties":{"header":"Manage Contracts"}},"wdio_ui5_key":"sapm.GenericTile{\"header\":\"Manage Contracts\"}"}]}
RESULT: {"script":"<script> [1562 bytes]","args":[{"selector":{"controlType":"sap.m.GenericTile","properties":{"header":"Manage Contracts"}},"wdio_ui5_key":"sapm.GenericTile{\"header\":\"Manage Contracts\"}"}]}
RESULT: undefined
COMMAND: POST /session/66378cfa955b204dd4036b616783721e/element - {"using":"xpath","value":"//*[@id=\"__tile131\"]"}
RESULT: {"using":"xpath","value":"//*[@id=\"__tile131\"]"}
COMMAND: POST /session/66378cfa955b204dd4036b616783721e/element/f.EA8BC91478AA3376EDB3372197FF8A3D.d.8455F54FC21BB7FE269FBCBF21CDCE72.e.1496/click - {}
RESULT: {}
COMMAND: GET /session/66378cfa955b204dd4036b616783721e/screenshot - {}
RESULT: {}
COMMAND: POST /session/66378cfa955b204dd4036b616783721e/elements - {"using":"xpath","value":"//span[text()='Error']"}
RESULT: {"using":"xpath","value":"//span[text()='Error']"}
RESULT: undefined
COMMAND: POST /session/66378cfa955b204dd4036b616783721e/element - {"using":"xpath","value":"//*[@id=\"__tile131\"]"}
RESULT: {"using":"xpath","value":"//*[@id=\"__tile131\"]"}
COMMAND: POST /session/66378cfa955b204dd4036b616783721e/element/f.EA8BC91478AA3376EDB3372197FF8A3D.d.8455F54FC21BB7FE269FBCBF21CDCE72.e.1496/click - {}
RESULT: undefined
COMMAND: POST /session/66378cfa955b204dd4036b616783721e/element - {"using":"xpath","value":"//*[@id=\"__tile131\"]"}
RESULT: {"using":"xpath","value":"//*[@id=\"__tile131\"]"}
COMMAND: POST /session/66378cfa955b204dd4036b616783721e/element/f.EA8BC91478AA3376EDB3372197FF8A3D.d.8455F54FC21BB7FE269FBCBF21CDCE72.e.1496/click - {}
RESULT: undefined
COMMAND: POST /session/66378cfa955b204dd4036b616783721e/execute/async - {"script":"<script> [6424 bytes]","args":[{"element-6066-11e4-a52e-4f735466cecf":"f.EA8BC91478AA3376EDB3372197FF8A3D.d.8455F54FC21BB7FE269FBCBF21CDCE72.e.294"},"getTitle",[]]}
COMMAND: POST /session/66378cfa955b204dd4036b616783721e/execute/async - {"script":"<script> [1562 bytes]","args":[{"selector":{"id":"shellAppTitle"},"wdio_ui5_key":"shellAppTitle"}]}
RESULT: {"script":"<script> [1562 bytes]","args":[{"selector":{"id":"shellAppTitle"},"wdio_ui5_key":"shellAppTitle"}]}
COMMAND: POST /session/66378cfa955b204dd4036b616783721e/execute/async - {"script":"<script> [6424 bytes]","args":[{"element-6066-11e4-a52e-4f735466cecf":"f.EA8BC91478AA3376EDB3372197FF8A3D.d.8455F54FC21BB7FE269FBCBF21CDCE72.e.1562"},"getTitle",[]]}
RESULT: {"script":"<script> [6424 bytes]","args":[{"element-6066-11e4-a52e-4f735466cecf":"f.EA8BC91478AA3376EDB3372197FF8A3D.d.8455F54FC21BB7FE269FBCBF21CDCE72.e.1562"},"getTitle",[]]}
RESULT: undefined
COMMAND: POST /session/66378cfa955b204dd4036b616783721e/element/f.EA8BC91478AA3376EDB3372197FF8A3D.d.8455F54FC21BB7FE269FBCBF21CDCE72.e.1494/click - {}
RESULT: {}
COMMAND: GET /session/66378cfa955b204dd4036b616783721e/screenshot - {}
RESULT: {}
]]></system-out>
    </testcase>
    <testcase classname="chrome.136_0_7103_93.windows.Sanity_Tests_US104253" name="Should open Manage Quotations page" time="41.013">
      <system-out><![CDATA[
COMMAND: POST /session/66378cfa955b204dd4036b616783721e/execute/async - {"script":"<script> [1562 bytes]","args":[{"selector":{"controlType":"sap.m.GenericTile","properties":{"header":"Manage Quotations"}},"wdio_ui5_key":"sapm.GenericTile{\"header\":\"Manage Quotations\"}"}]}
RESULT: {"script":"<script> [1562 bytes]","args":[{"selector":{"controlType":"sap.m.GenericTile","properties":{"header":"Manage Quotations"}},"wdio_ui5_key":"sapm.GenericTile{\"header\":\"Manage Quotations\"}"}]}
RESULT: undefined
COMMAND: POST /session/66378cfa955b204dd4036b616783721e/element - {"using":"xpath","value":"//*[@id=\"__tile133\"]"}
RESULT: {"using":"xpath","value":"//*[@id=\"__tile133\"]"}
COMMAND: POST /session/66378cfa955b204dd4036b616783721e/element/f.EA8BC91478AA3376EDB3372197FF8A3D.d.8455F54FC21BB7FE269FBCBF21CDCE72.e.1564/click - {}
RESULT: {}
COMMAND: GET /session/66378cfa955b204dd4036b616783721e/screenshot - {}
RESULT: {}
COMMAND: POST /session/66378cfa955b204dd4036b616783721e/elements - {"using":"xpath","value":"//span[text()='Error']"}
RESULT: {"using":"xpath","value":"//span[text()='Error']"}
RESULT: undefined
COMMAND: POST /session/66378cfa955b204dd4036b616783721e/element - {"using":"xpath","value":"//*[@id=\"__tile133\"]"}
RESULT: {"using":"xpath","value":"//*[@id=\"__tile133\"]"}
COMMAND: POST /session/66378cfa955b204dd4036b616783721e/element/f.EA8BC91478AA3376EDB3372197FF8A3D.d.8455F54FC21BB7FE269FBCBF21CDCE72.e.1564/click - {}
RESULT: undefined
COMMAND: POST /session/66378cfa955b204dd4036b616783721e/element - {"using":"xpath","value":"//*[@id=\"__tile133\"]"}
RESULT: {"using":"xpath","value":"//*[@id=\"__tile133\"]"}
COMMAND: POST /session/66378cfa955b204dd4036b616783721e/element/f.EA8BC91478AA3376EDB3372197FF8A3D.d.8455F54FC21BB7FE269FBCBF21CDCE72.e.1564/click - {}
RESULT: undefined
COMMAND: POST /session/66378cfa955b204dd4036b616783721e/execute/async - {"script":"<script> [6424 bytes]","args":[{"element-6066-11e4-a52e-4f735466cecf":"f.EA8BC91478AA3376EDB3372197FF8A3D.d.8455F54FC21BB7FE269FBCBF21CDCE72.e.294"},"getTitle",[]]}
COMMAND: POST /session/66378cfa955b204dd4036b616783721e/execute/async - {"script":"<script> [1562 bytes]","args":[{"selector":{"id":"shellAppTitle"},"wdio_ui5_key":"shellAppTitle"}]}
RESULT: {"script":"<script> [1562 bytes]","args":[{"selector":{"id":"shellAppTitle"},"wdio_ui5_key":"shellAppTitle"}]}
COMMAND: POST /session/66378cfa955b204dd4036b616783721e/execute/async - {"script":"<script> [6424 bytes]","args":[{"element-6066-11e4-a52e-4f735466cecf":"f.EA8BC91478AA3376EDB3372197FF8A3D.d.8455F54FC21BB7FE269FBCBF21CDCE72.e.1637"},"getTitle",[]]}
RESULT: {"script":"<script> [6424 bytes]","args":[{"element-6066-11e4-a52e-4f735466cecf":"f.EA8BC91478AA3376EDB3372197FF8A3D.d.8455F54FC21BB7FE269FBCBF21CDCE72.e.1637"},"getTitle",[]]}
RESULT: undefined
COMMAND: POST /session/66378cfa955b204dd4036b616783721e/element/f.EA8BC91478AA3376EDB3372197FF8A3D.d.8455F54FC21BB7FE269FBCBF21CDCE72.e.1494/click - {}
COMMAND: POST /session/66378cfa955b204dd4036b616783721e/element - {"using":"xpath","value":"//*[@id=\"backBtn\"]"}
RESULT: {"using":"xpath","value":"//*[@id=\"backBtn\"]"}
COMMAND: POST /session/66378cfa955b204dd4036b616783721e/element/f.EA8BC91478AA3376EDB3372197FF8A3D.d.8455F54FC21BB7FE269FBCBF21CDCE72.e.1494/click - {}
COMMAND: POST /session/66378cfa955b204dd4036b616783721e/element - {"using":"xpath","value":"//*[@id=\"backBtn\"]"}
RESULT: {"using":"xpath","value":"//*[@id=\"backBtn\"]"}
COMMAND: POST /session/66378cfa955b204dd4036b616783721e/element/f.EA8BC91478AA3376EDB3372197FF8A3D.d.8455F54FC21BB7FE269FBCBF21CDCE72.e.1638/click - {}
RESULT: {}
COMMAND: GET /session/66378cfa955b204dd4036b616783721e/screenshot - {}
RESULT: {}
]]></system-out>
    </testcase>
    <testcase classname="chrome.136_0_7103_93.windows.Sanity_Tests_US104253" name="Should open Manage Handovers page" time="40.949">
      <system-out><![CDATA[
COMMAND: POST /session/66378cfa955b204dd4036b616783721e/execute/async - {"script":"<script> [1562 bytes]","args":[{"selector":{"controlType":"sap.m.GenericTile","properties":{"header":"Manage Handovers"}},"wdio_ui5_key":"sapm.GenericTile{\"header\":\"Manage Handovers\"}"}]}
RESULT: {"script":"<script> [1562 bytes]","args":[{"selector":{"controlType":"sap.m.GenericTile","properties":{"header":"Manage Handovers"}},"wdio_ui5_key":"sapm.GenericTile{\"header\":\"Manage Handovers\"}"}]}
RESULT: undefined
COMMAND: POST /session/66378cfa955b204dd4036b616783721e/element - {"using":"xpath","value":"//*[@id=\"__tile132\"]"}
RESULT: {"using":"xpath","value":"//*[@id=\"__tile132\"]"}
COMMAND: POST /session/66378cfa955b204dd4036b616783721e/element/f.EA8BC91478AA3376EDB3372197FF8A3D.d.8455F54FC21BB7FE269FBCBF21CDCE72.e.1640/click - {}
RESULT: {}
COMMAND: GET /session/66378cfa955b204dd4036b616783721e/screenshot - {}
RESULT: {}
COMMAND: POST /session/66378cfa955b204dd4036b616783721e/elements - {"using":"xpath","value":"//span[text()='Error']"}
RESULT: {"using":"xpath","value":"//span[text()='Error']"}
RESULT: undefined
COMMAND: POST /session/66378cfa955b204dd4036b616783721e/element - {"using":"xpath","value":"//*[@id=\"__tile132\"]"}
RESULT: {"using":"xpath","value":"//*[@id=\"__tile132\"]"}
COMMAND: POST /session/66378cfa955b204dd4036b616783721e/element/f.EA8BC91478AA3376EDB3372197FF8A3D.d.8455F54FC21BB7FE269FBCBF21CDCE72.e.1640/click - {}
RESULT: undefined
COMMAND: POST /session/66378cfa955b204dd4036b616783721e/element - {"using":"xpath","value":"//*[@id=\"__tile132\"]"}
RESULT: {"using":"xpath","value":"//*[@id=\"__tile132\"]"}
COMMAND: POST /session/66378cfa955b204dd4036b616783721e/element/f.EA8BC91478AA3376EDB3372197FF8A3D.d.8455F54FC21BB7FE269FBCBF21CDCE72.e.1640/click - {}
RESULT: undefined
COMMAND: POST /session/66378cfa955b204dd4036b616783721e/execute/async - {"script":"<script> [6424 bytes]","args":[{"element-6066-11e4-a52e-4f735466cecf":"f.EA8BC91478AA3376EDB3372197FF8A3D.d.8455F54FC21BB7FE269FBCBF21CDCE72.e.294"},"getTitle",[]]}
COMMAND: POST /session/66378cfa955b204dd4036b616783721e/execute/async - {"script":"<script> [1562 bytes]","args":[{"selector":{"id":"shellAppTitle"},"wdio_ui5_key":"shellAppTitle"}]}
RESULT: {"script":"<script> [1562 bytes]","args":[{"selector":{"id":"shellAppTitle"},"wdio_ui5_key":"shellAppTitle"}]}
COMMAND: POST /session/66378cfa955b204dd4036b616783721e/execute/async - {"script":"<script> [6424 bytes]","args":[{"element-6066-11e4-a52e-4f735466cecf":"f.EA8BC91478AA3376EDB3372197FF8A3D.d.8455F54FC21BB7FE269FBCBF21CDCE72.e.1741"},"getTitle",[]]}
RESULT: {"script":"<script> [6424 bytes]","args":[{"element-6066-11e4-a52e-4f735466cecf":"f.EA8BC91478AA3376EDB3372197FF8A3D.d.8455F54FC21BB7FE269FBCBF21CDCE72.e.1741"},"getTitle",[]]}
RESULT: undefined
COMMAND: POST /session/66378cfa955b204dd4036b616783721e/element/f.EA8BC91478AA3376EDB3372197FF8A3D.d.8455F54FC21BB7FE269FBCBF21CDCE72.e.1638/click - {}
RESULT: {}
COMMAND: GET /session/66378cfa955b204dd4036b616783721e/screenshot - {}
RESULT: {}
]]></system-out>
    </testcase>
    <testcase classname="chrome.136_0_7103_93.windows.Sanity_Tests_US104253" name="Should open Delivery Monitor page" time="39.899">
      <system-out><![CDATA[
COMMAND: POST /session/66378cfa955b204dd4036b616783721e/execute/async - {"script":"<script> [1562 bytes]","args":[{"selector":{"controlType":"sap.m.GenericTile","properties":{"header":"Delivery Monitor"}},"wdio_ui5_key":"sapm.GenericTile{\"header\":\"Delivery Monitor\"}"}]}
RESULT: {"script":"<script> [1562 bytes]","args":[{"selector":{"controlType":"sap.m.GenericTile","properties":{"header":"Delivery Monitor"}},"wdio_ui5_key":"sapm.GenericTile{\"header\":\"Delivery Monitor\"}"}]}
RESULT: undefined
COMMAND: POST /session/66378cfa955b204dd4036b616783721e/element - {"using":"xpath","value":"//*[@id=\"__tile43\"]"}
RESULT: {"using":"xpath","value":"//*[@id=\"__tile43\"]"}
COMMAND: POST /session/66378cfa955b204dd4036b616783721e/element/f.EA8BC91478AA3376EDB3372197FF8A3D.d.8455F54FC21BB7FE269FBCBF21CDCE72.e.1743/click - {}
RESULT: {}
COMMAND: GET /session/66378cfa955b204dd4036b616783721e/screenshot - {}
RESULT: {}
COMMAND: POST /session/66378cfa955b204dd4036b616783721e/elements - {"using":"xpath","value":"//span[text()='Error']"}
RESULT: {"using":"xpath","value":"//span[text()='Error']"}
RESULT: undefined
COMMAND: POST /session/66378cfa955b204dd4036b616783721e/element - {"using":"xpath","value":"//*[@id=\"__tile43\"]"}
RESULT: {"using":"xpath","value":"//*[@id=\"__tile43\"]"}
COMMAND: POST /session/66378cfa955b204dd4036b616783721e/element/f.EA8BC91478AA3376EDB3372197FF8A3D.d.8455F54FC21BB7FE269FBCBF21CDCE72.e.1743/click - {}
RESULT: undefined
COMMAND: POST /session/66378cfa955b204dd4036b616783721e/element - {"using":"xpath","value":"//*[@id=\"__tile43\"]"}
RESULT: {"using":"xpath","value":"//*[@id=\"__tile43\"]"}
COMMAND: POST /session/66378cfa955b204dd4036b616783721e/element/f.EA8BC91478AA3376EDB3372197FF8A3D.d.8455F54FC21BB7FE269FBCBF21CDCE72.e.1743/click - {}
RESULT: undefined
COMMAND: POST /session/66378cfa955b204dd4036b616783721e/execute/async - {"script":"<script> [6424 bytes]","args":[{"element-6066-11e4-a52e-4f735466cecf":"f.EA8BC91478AA3376EDB3372197FF8A3D.d.8455F54FC21BB7FE269FBCBF21CDCE72.e.294"},"getTitle",[]]}
COMMAND: POST /session/66378cfa955b204dd4036b616783721e/execute/async - {"script":"<script> [1562 bytes]","args":[{"selector":{"id":"shellAppTitle"},"wdio_ui5_key":"shellAppTitle"}]}
RESULT: {"script":"<script> [1562 bytes]","args":[{"selector":{"id":"shellAppTitle"},"wdio_ui5_key":"shellAppTitle"}]}
COMMAND: POST /session/66378cfa955b204dd4036b616783721e/execute/async - {"script":"<script> [6424 bytes]","args":[{"element-6066-11e4-a52e-4f735466cecf":"f.EA8BC91478AA3376EDB3372197FF8A3D.d.8455F54FC21BB7FE269FBCBF21CDCE72.e.1837"},"getTitle",[]]}
RESULT: {"script":"<script> [6424 bytes]","args":[{"element-6066-11e4-a52e-4f735466cecf":"f.EA8BC91478AA3376EDB3372197FF8A3D.d.8455F54FC21BB7FE269FBCBF21CDCE72.e.1837"},"getTitle",[]]}
RESULT: undefined
COMMAND: POST /session/66378cfa955b204dd4036b616783721e/element/f.EA8BC91478AA3376EDB3372197FF8A3D.d.8455F54FC21BB7FE269FBCBF21CDCE72.e.1638/click - {}
COMMAND: POST /session/66378cfa955b204dd4036b616783721e/element - {"using":"xpath","value":"//*[@id=\"backBtn\"]"}
RESULT: {"using":"xpath","value":"//*[@id=\"backBtn\"]"}
COMMAND: POST /session/66378cfa955b204dd4036b616783721e/element/f.EA8BC91478AA3376EDB3372197FF8A3D.d.8455F54FC21BB7FE269FBCBF21CDCE72.e.1638/click - {}
COMMAND: POST /session/66378cfa955b204dd4036b616783721e/element - {"using":"xpath","value":"//*[@id=\"backBtn\"]"}
RESULT: {"using":"xpath","value":"//*[@id=\"backBtn\"]"}
COMMAND: POST /session/66378cfa955b204dd4036b616783721e/element/f.EA8BC91478AA3376EDB3372197FF8A3D.d.8455F54FC21BB7FE269FBCBF21CDCE72.e.1838/click - {}
RESULT: {}
COMMAND: GET /session/66378cfa955b204dd4036b616783721e/screenshot - {}
RESULT: {}
]]></system-out>
    </testcase>
    <testcase classname="chrome.136_0_7103_93.windows.Sanity_Tests_US104253" name="Should open Manage Calendar Exceptions page" time="38.386">
      <system-out><![CDATA[
COMMAND: POST /session/66378cfa955b204dd4036b616783721e/execute/async - {"script":"<script> [1562 bytes]","args":[{"selector":{"controlType":"sap.m.GenericTile","properties":{"header":"Manage Calendar Exceptions"}},"wdio_ui5_key":"sapm.GenericTile{\"header\":\"Manage Calendar Exceptions\"}"}]}
RESULT: {"script":"<script> [1562 bytes]","args":[{"selector":{"controlType":"sap.m.GenericTile","properties":{"header":"Manage Calendar Exceptions"}},"wdio_ui5_key":"sapm.GenericTile{\"header\":\"Manage Calendar Exceptions\"}"}]}
RESULT: undefined
COMMAND: POST /session/66378cfa955b204dd4036b616783721e/element - {"using":"xpath","value":"//*[@id=\"__tile52\"]"}
RESULT: {"using":"xpath","value":"//*[@id=\"__tile52\"]"}
COMMAND: POST /session/66378cfa955b204dd4036b616783721e/element/f.EA8BC91478AA3376EDB3372197FF8A3D.d.8455F54FC21BB7FE269FBCBF21CDCE72.e.1840/click - {}
RESULT: {}
COMMAND: GET /session/66378cfa955b204dd4036b616783721e/screenshot - {}
RESULT: {}
COMMAND: POST /session/66378cfa955b204dd4036b616783721e/elements - {"using":"xpath","value":"//span[text()='Error']"}
RESULT: {"using":"xpath","value":"//span[text()='Error']"}
RESULT: undefined
COMMAND: POST /session/66378cfa955b204dd4036b616783721e/element - {"using":"xpath","value":"//*[@id=\"__tile52\"]"}
RESULT: {"using":"xpath","value":"//*[@id=\"__tile52\"]"}
COMMAND: POST /session/66378cfa955b204dd4036b616783721e/element/f.EA8BC91478AA3376EDB3372197FF8A3D.d.8455F54FC21BB7FE269FBCBF21CDCE72.e.1840/click - {}
RESULT: undefined
COMMAND: POST /session/66378cfa955b204dd4036b616783721e/element - {"using":"xpath","value":"//*[@id=\"__tile52\"]"}
RESULT: {"using":"xpath","value":"//*[@id=\"__tile52\"]"}
COMMAND: POST /session/66378cfa955b204dd4036b616783721e/element/f.EA8BC91478AA3376EDB3372197FF8A3D.d.8455F54FC21BB7FE269FBCBF21CDCE72.e.1840/click - {}
RESULT: undefined
COMMAND: POST /session/66378cfa955b204dd4036b616783721e/execute/async - {"script":"<script> [6424 bytes]","args":[{"element-6066-11e4-a52e-4f735466cecf":"f.EA8BC91478AA3376EDB3372197FF8A3D.d.8455F54FC21BB7FE269FBCBF21CDCE72.e.294"},"getTitle",[]]}
COMMAND: POST /session/66378cfa955b204dd4036b616783721e/execute/async - {"script":"<script> [1562 bytes]","args":[{"selector":{"id":"shellAppTitle"},"wdio_ui5_key":"shellAppTitle"}]}
RESULT: {"script":"<script> [1562 bytes]","args":[{"selector":{"id":"shellAppTitle"},"wdio_ui5_key":"shellAppTitle"}]}
COMMAND: POST /session/66378cfa955b204dd4036b616783721e/execute/async - {"script":"<script> [6424 bytes]","args":[{"element-6066-11e4-a52e-4f735466cecf":"f.EA8BC91478AA3376EDB3372197FF8A3D.d.8455F54FC21BB7FE269FBCBF21CDCE72.e.1904"},"getTitle",[]]}
RESULT: {"script":"<script> [6424 bytes]","args":[{"element-6066-11e4-a52e-4f735466cecf":"f.EA8BC91478AA3376EDB3372197FF8A3D.d.8455F54FC21BB7FE269FBCBF21CDCE72.e.1904"},"getTitle",[]]}
RESULT: undefined
COMMAND: POST /session/66378cfa955b204dd4036b616783721e/element/f.EA8BC91478AA3376EDB3372197FF8A3D.d.8455F54FC21BB7FE269FBCBF21CDCE72.e.1838/click - {}
RESULT: {}
COMMAND: GET /session/66378cfa955b204dd4036b616783721e/screenshot - {}
RESULT: {}
]]></system-out>
    </testcase>
    <testcase classname="chrome.136_0_7103_93.windows.Sanity_Tests_US104253" name="Should open Manage States Performance page" time="40.402">
      <system-out><![CDATA[
COMMAND: POST /session/66378cfa955b204dd4036b616783721e/execute/async - {"script":"<script> [1562 bytes]","args":[{"selector":{"controlType":"sap.m.GenericTile","properties":{"header":"Manage States & Performance"}},"wdio_ui5_key":"sapm.GenericTile{\"header\":\"Manage States & Performance\"}"}]}
RESULT: {"script":"<script> [1562 bytes]","args":[{"selector":{"controlType":"sap.m.GenericTile","properties":{"header":"Manage States & Performance"}},"wdio_ui5_key":"sapm.GenericTile{\"header\":\"Manage States & Performance\"}"}]}
RESULT: undefined
COMMAND: POST /session/66378cfa955b204dd4036b616783721e/element - {"using":"xpath","value":"//*[@id=\"__tile56\"]"}
RESULT: {"using":"xpath","value":"//*[@id=\"__tile56\"]"}
COMMAND: POST /session/66378cfa955b204dd4036b616783721e/element/f.EA8BC91478AA3376EDB3372197FF8A3D.d.8455F54FC21BB7FE269FBCBF21CDCE72.e.1908/click - {}
RESULT: {}
COMMAND: GET /session/66378cfa955b204dd4036b616783721e/screenshot - {}
RESULT: {}
COMMAND: POST /session/66378cfa955b204dd4036b616783721e/elements - {"using":"xpath","value":"//span[text()='Error']"}
RESULT: {"using":"xpath","value":"//span[text()='Error']"}
RESULT: undefined
COMMAND: POST /session/66378cfa955b204dd4036b616783721e/element - {"using":"xpath","value":"//*[@id=\"__tile56\"]"}
RESULT: {"using":"xpath","value":"//*[@id=\"__tile56\"]"}
COMMAND: POST /session/66378cfa955b204dd4036b616783721e/element/f.EA8BC91478AA3376EDB3372197FF8A3D.d.8455F54FC21BB7FE269FBCBF21CDCE72.e.1908/click - {}
RESULT: undefined
COMMAND: POST /session/66378cfa955b204dd4036b616783721e/element - {"using":"xpath","value":"//*[@id=\"__tile56\"]"}
RESULT: {"using":"xpath","value":"//*[@id=\"__tile56\"]"}
COMMAND: POST /session/66378cfa955b204dd4036b616783721e/element/f.EA8BC91478AA3376EDB3372197FF8A3D.d.8455F54FC21BB7FE269FBCBF21CDCE72.e.1908/click - {}
RESULT: undefined
COMMAND: POST /session/66378cfa955b204dd4036b616783721e/execute/async - {"script":"<script> [6424 bytes]","args":[{"element-6066-11e4-a52e-4f735466cecf":"f.EA8BC91478AA3376EDB3372197FF8A3D.d.8455F54FC21BB7FE269FBCBF21CDCE72.e.294"},"getTitle",[]]}
COMMAND: POST /session/66378cfa955b204dd4036b616783721e/execute/async - {"script":"<script> [1562 bytes]","args":[{"selector":{"id":"shellAppTitle"},"wdio_ui5_key":"shellAppTitle"}]}
RESULT: {"script":"<script> [1562 bytes]","args":[{"selector":{"id":"shellAppTitle"},"wdio_ui5_key":"shellAppTitle"}]}
COMMAND: POST /session/66378cfa955b204dd4036b616783721e/execute/async - {"script":"<script> [6424 bytes]","args":[{"element-6066-11e4-a52e-4f735466cecf":"f.EA8BC91478AA3376EDB3372197FF8A3D.d.8455F54FC21BB7FE269FBCBF21CDCE72.e.2000"},"getTitle",[]]}
RESULT: {"script":"<script> [6424 bytes]","args":[{"element-6066-11e4-a52e-4f735466cecf":"f.EA8BC91478AA3376EDB3372197FF8A3D.d.8455F54FC21BB7FE269FBCBF21CDCE72.e.2000"},"getTitle",[]]}
RESULT: undefined
COMMAND: POST /session/66378cfa955b204dd4036b616783721e/element/f.EA8BC91478AA3376EDB3372197FF8A3D.d.8455F54FC21BB7FE269FBCBF21CDCE72.e.1838/click - {}
COMMAND: POST /session/66378cfa955b204dd4036b616783721e/element - {"using":"xpath","value":"//*[@id=\"backBtn\"]"}
RESULT: {"using":"xpath","value":"//*[@id=\"backBtn\"]"}
COMMAND: POST /session/66378cfa955b204dd4036b616783721e/element/f.EA8BC91478AA3376EDB3372197FF8A3D.d.8455F54FC21BB7FE269FBCBF21CDCE72.e.1838/click - {}
COMMAND: POST /session/66378cfa955b204dd4036b616783721e/element - {"using":"xpath","value":"//*[@id=\"backBtn\"]"}
RESULT: {"using":"xpath","value":"//*[@id=\"backBtn\"]"}
COMMAND: POST /session/66378cfa955b204dd4036b616783721e/element/f.EA8BC91478AA3376EDB3372197FF8A3D.d.8455F54FC21BB7FE269FBCBF21CDCE72.e.2001/click - {}
RESULT: {}
COMMAND: GET /session/66378cfa955b204dd4036b616783721e/screenshot - {}
RESULT: {}
]]></system-out>
    </testcase>
    <testcase classname="chrome.136_0_7103_93.windows.Sanity_Tests_US104253" name="Should open Manage Billings page" time="41.216">
      <system-out><![CDATA[
COMMAND: POST /session/66378cfa955b204dd4036b616783721e/execute/async - {"script":"<script> [1562 bytes]","args":[{"selector":{"controlType":"sap.m.GenericTile","properties":{"header":"Manage Billings"}},"wdio_ui5_key":"sapm.GenericTile{\"header\":\"Manage Billings\"}"}]}
RESULT: {"script":"<script> [1562 bytes]","args":[{"selector":{"controlType":"sap.m.GenericTile","properties":{"header":"Manage Billings"}},"wdio_ui5_key":"sapm.GenericTile{\"header\":\"Manage Billings\"}"}]}
RESULT: undefined
COMMAND: POST /session/66378cfa955b204dd4036b616783721e/element - {"using":"xpath","value":"//*[@id=\"__tile51\"]"}
RESULT: {"using":"xpath","value":"//*[@id=\"__tile51\"]"}
COMMAND: POST /session/66378cfa955b204dd4036b616783721e/element/f.EA8BC91478AA3376EDB3372197FF8A3D.d.8455F54FC21BB7FE269FBCBF21CDCE72.e.2003/click - {}
RESULT: {}
COMMAND: GET /session/66378cfa955b204dd4036b616783721e/screenshot - {}
RESULT: {}
COMMAND: POST /session/66378cfa955b204dd4036b616783721e/elements - {"using":"xpath","value":"//span[text()='Error']"}
RESULT: {"using":"xpath","value":"//span[text()='Error']"}
RESULT: undefined
COMMAND: POST /session/66378cfa955b204dd4036b616783721e/element - {"using":"xpath","value":"//*[@id=\"__tile51\"]"}
RESULT: {"using":"xpath","value":"//*[@id=\"__tile51\"]"}
COMMAND: POST /session/66378cfa955b204dd4036b616783721e/element/f.EA8BC91478AA3376EDB3372197FF8A3D.d.8455F54FC21BB7FE269FBCBF21CDCE72.e.2003/click - {}
RESULT: undefined
COMMAND: POST /session/66378cfa955b204dd4036b616783721e/element - {"using":"xpath","value":"//*[@id=\"__tile51\"]"}
RESULT: {"using":"xpath","value":"//*[@id=\"__tile51\"]"}
COMMAND: POST /session/66378cfa955b204dd4036b616783721e/element/f.EA8BC91478AA3376EDB3372197FF8A3D.d.8455F54FC21BB7FE269FBCBF21CDCE72.e.2003/click - {}
RESULT: undefined
COMMAND: POST /session/66378cfa955b204dd4036b616783721e/execute/async - {"script":"<script> [6424 bytes]","args":[{"element-6066-11e4-a52e-4f735466cecf":"f.EA8BC91478AA3376EDB3372197FF8A3D.d.8455F54FC21BB7FE269FBCBF21CDCE72.e.294"},"getTitle",[]]}
COMMAND: POST /session/66378cfa955b204dd4036b616783721e/execute/async - {"script":"<script> [1562 bytes]","args":[{"selector":{"id":"shellAppTitle"},"wdio_ui5_key":"shellAppTitle"}]}
RESULT: {"script":"<script> [1562 bytes]","args":[{"selector":{"id":"shellAppTitle"},"wdio_ui5_key":"shellAppTitle"}]}
COMMAND: POST /session/66378cfa955b204dd4036b616783721e/execute/async - {"script":"<script> [6424 bytes]","args":[{"element-6066-11e4-a52e-4f735466cecf":"f.EA8BC91478AA3376EDB3372197FF8A3D.d.8455F54FC21BB7FE269FBCBF21CDCE72.e.2211"},"getTitle",[]]}
RESULT: {"script":"<script> [6424 bytes]","args":[{"element-6066-11e4-a52e-4f735466cecf":"f.EA8BC91478AA3376EDB3372197FF8A3D.d.8455F54FC21BB7FE269FBCBF21CDCE72.e.2211"},"getTitle",[]]}
RESULT: undefined
COMMAND: POST /session/66378cfa955b204dd4036b616783721e/element/f.EA8BC91478AA3376EDB3372197FF8A3D.d.8455F54FC21BB7FE269FBCBF21CDCE72.e.2001/click - {}
COMMAND: POST /session/66378cfa955b204dd4036b616783721e/element/f.EA8BC91478AA3376EDB3372197FF8A3D.d.8455F54FC21BB7FE269FBCBF21CDCE72.e.2001/click - {}
RESULT: {}
COMMAND: GET /session/66378cfa955b204dd4036b616783721e/screenshot - {}
COMMAND: POST /session/66378cfa955b204dd4036b616783721e/element - {"using":"xpath","value":"//*[@id=\"backBtn\"]"}
RESULT: {}
RESULT: {"using":"xpath","value":"//*[@id=\"backBtn\"]"}
COMMAND: POST /session/66378cfa955b204dd4036b616783721e/elements - {"using":"xpath","value":"//*[@id=\"backBtn\"]"}
RESULT: {"using":"xpath","value":"//*[@id=\"backBtn\"]"}
COMMAND: POST /session/66378cfa955b204dd4036b616783721e/elements - {"using":"xpath","value":"//*[@id=\"backBtn\"]"}
RESULT: {"using":"xpath","value":"//*[@id=\"backBtn\"]"}
COMMAND: POST /session/66378cfa955b204dd4036b616783721e/elements - {"using":"xpath","value":"//*[@id=\"backBtn\"]"}
RESULT: {"using":"xpath","value":"//*[@id=\"backBtn\"]"}
COMMAND: POST /session/66378cfa955b204dd4036b616783721e/elements - {"using":"xpath","value":"//*[@id=\"backBtn\"]"}
RESULT: {"using":"xpath","value":"//*[@id=\"backBtn\"]"}
COMMAND: POST /session/66378cfa955b204dd4036b616783721e/elements - {"using":"xpath","value":"//*[@id=\"backBtn\"]"}
RESULT: {"using":"xpath","value":"//*[@id=\"backBtn\"]"}
COMMAND: POST /session/66378cfa955b204dd4036b616783721e/elements - {"using":"xpath","value":"//*[@id=\"backBtn\"]"}
RESULT: {"using":"xpath","value":"//*[@id=\"backBtn\"]"}
COMMAND: POST /session/66378cfa955b204dd4036b616783721e/elements - {"using":"xpath","value":"//*[@id=\"backBtn\"]"}
RESULT: {"using":"xpath","value":"//*[@id=\"backBtn\"]"}
COMMAND: POST /session/66378cfa955b204dd4036b616783721e/elements - {"using":"xpath","value":"//*[@id=\"backBtn\"]"}
RESULT: {"using":"xpath","value":"//*[@id=\"backBtn\"]"}
COMMAND: POST /session/66378cfa955b204dd4036b616783721e/elements - {"using":"xpath","value":"//*[@id=\"backBtn\"]"}
RESULT: {"using":"xpath","value":"//*[@id=\"backBtn\"]"}
COMMAND: POST /session/66378cfa955b204dd4036b616783721e/elements - {"using":"xpath","value":"//*[@id=\"backBtn\"]"}
RESULT: {"using":"xpath","value":"//*[@id=\"backBtn\"]"}
COMMAND: POST /session/66378cfa955b204dd4036b616783721e/elements - {"using":"xpath","value":"//*[@id=\"backBtn\"]"}
RESULT: {"using":"xpath","value":"//*[@id=\"backBtn\"]"}
COMMAND: POST /session/66378cfa955b204dd4036b616783721e/elements - {"using":"xpath","value":"//*[@id=\"backBtn\"]"}
RESULT: {"using":"xpath","value":"//*[@id=\"backBtn\"]"}
COMMAND: POST /session/66378cfa955b204dd4036b616783721e/elements - {"using":"xpath","value":"//*[@id=\"backBtn\"]"}
RESULT: {"using":"xpath","value":"//*[@id=\"backBtn\"]"}
COMMAND: POST /session/66378cfa955b204dd4036b616783721e/elements - {"using":"xpath","value":"//*[@id=\"backBtn\"]"}
RESULT: {"using":"xpath","value":"//*[@id=\"backBtn\"]"}
COMMAND: POST /session/66378cfa955b204dd4036b616783721e/elements - {"using":"xpath","value":"//*[@id=\"backBtn\"]"}
RESULT: {"using":"xpath","value":"//*[@id=\"backBtn\"]"}
COMMAND: POST /session/66378cfa955b204dd4036b616783721e/elements - {"using":"xpath","value":"//*[@id=\"backBtn\"]"}
RESULT: {"using":"xpath","value":"//*[@id=\"backBtn\"]"}
]]></system-out>
    </testcase>
    <testcase classname="chrome.136_0_7103_93.windows.Sanity_Tests_US104253" name="Should open Manage Conditions Prices page" time="50.962">
      <system-out><![CDATA[
COMMAND: POST /session/66378cfa955b204dd4036b616783721e/execute/async - {"script":"<script> [1562 bytes]","args":[{"selector":{"controlType":"sap.m.GenericTile","properties":{"header":"Manage Conditions & Prices"}},"wdio_ui5_key":"sapm.GenericTile{\"header\":\"Manage Conditions & Prices\"}"}]}
COMMAND: POST /session/66378cfa955b204dd4036b616783721e/elements - {"using":"xpath","value":"//*[@id=\"backBtn\"]"}
RESULT: {"script":"<script> [1562 bytes]","args":[{"selector":{"controlType":"sap.m.GenericTile","properties":{"header":"Manage Conditions & Prices"}},"wdio_ui5_key":"sapm.GenericTile{\"header\":\"Manage Conditions & Prices\"}"}]}
RESULT: undefined
COMMAND: POST /session/66378cfa955b204dd4036b616783721e/element - {"using":"xpath","value":"//*[@id=\"__tile53\"]"}
RESULT: {"using":"xpath","value":"//*[@id=\"backBtn\"]"}
COMMAND: POST /session/66378cfa955b204dd4036b616783721e/elements - {"using":"xpath","value":"//*[@id=\"backBtn\"]"}
RESULT: {"using":"xpath","value":"//*[@id=\"__tile53\"]"}
COMMAND: POST /session/66378cfa955b204dd4036b616783721e/element/f.EA8BC91478AA3376EDB3372197FF8A3D.d.8455F54FC21BB7FE269FBCBF21CDCE72.e.2213/click - {}
RESULT: {"using":"xpath","value":"//*[@id=\"backBtn\"]"}
COMMAND: POST /session/66378cfa955b204dd4036b616783721e/elements - {"using":"xpath","value":"//*[@id=\"backBtn\"]"}
RESULT: {}
COMMAND: GET /session/66378cfa955b204dd4036b616783721e/screenshot - {}
RESULT: {"using":"xpath","value":"//*[@id=\"backBtn\"]"}
RESULT: {}
COMMAND: POST /session/66378cfa955b204dd4036b616783721e/elements - {"using":"xpath","value":"//*[@id=\"backBtn\"]"}
RESULT: {"using":"xpath","value":"//*[@id=\"backBtn\"]"}
COMMAND: POST /session/66378cfa955b204dd4036b616783721e/elements - {"using":"xpath","value":"//*[@id=\"backBtn\"]"}
RESULT: {"using":"xpath","value":"//*[@id=\"backBtn\"]"}
COMMAND: POST /session/66378cfa955b204dd4036b616783721e/elements - {"using":"xpath","value":"//*[@id=\"backBtn\"]"}
RESULT: {"using":"xpath","value":"//*[@id=\"backBtn\"]"}
COMMAND: POST /session/66378cfa955b204dd4036b616783721e/elements - {"using":"xpath","value":"//*[@id=\"backBtn\"]"}
COMMAND: POST /session/66378cfa955b204dd4036b616783721e/elements - {"using":"xpath","value":"//span[text()='Error']"}
RESULT: {"using":"xpath","value":"//*[@id=\"backBtn\"]"}
COMMAND: POST /session/66378cfa955b204dd4036b616783721e/element - {"using":"xpath","value":"//*[@id=\"backBtn\"]"}
RESULT: {"using":"xpath","value":"//span[text()='Error']"}
RESULT: {"using":"xpath","value":"//*[@id=\"backBtn\"]"}
COMMAND: POST /session/66378cfa955b204dd4036b616783721e/element/f.EA8BC91478AA3376EDB3372197FF8A3D.d.8455F54FC21BB7FE269FBCBF21CDCE72.e.2001/click - {}
COMMAND: POST /session/66378cfa955b204dd4036b616783721e/element - {"using":"xpath","value":"//*[@id=\"backBtn\"]"}
RESULT: {"using":"xpath","value":"//*[@id=\"backBtn\"]"}
COMMAND: POST /session/66378cfa955b204dd4036b616783721e/element/f.EA8BC91478AA3376EDB3372197FF8A3D.d.8455F54FC21BB7FE269FBCBF21CDCE72.e.2285/click - {}
RESULT: {}
COMMAND: GET /session/66378cfa955b204dd4036b616783721e/screenshot - {}
RESULT: {}
RESULT: undefined
COMMAND: POST /session/66378cfa955b204dd4036b616783721e/element - {"using":"xpath","value":"//*[@id=\"__tile53\"]"}
RESULT: {"using":"xpath","value":"//*[@id=\"__tile53\"]"}
COMMAND: POST /session/66378cfa955b204dd4036b616783721e/element/f.EA8BC91478AA3376EDB3372197FF8A3D.d.8455F54FC21BB7FE269FBCBF21CDCE72.e.2213/click - {}
RESULT: {}
RESULT: undefined
COMMAND: POST /session/66378cfa955b204dd4036b616783721e/element - {"using":"xpath","value":"//*[@id=\"__tile53\"]"}
COMMAND: GET /session/66378cfa955b204dd4036b616783721e/screenshot - {}
RESULT: {"using":"xpath","value":"//*[@id=\"__tile53\"]"}
COMMAND: POST /session/66378cfa955b204dd4036b616783721e/element/f.EA8BC91478AA3376EDB3372197FF8A3D.d.8455F54FC21BB7FE269FBCBF21CDCE72.e.2213/click - {}
RESULT: {}
RESULT: undefined
COMMAND: POST /session/66378cfa955b204dd4036b616783721e/execute/async - {"script":"<script> [6424 bytes]","args":[{"element-6066-11e4-a52e-4f735466cecf":"f.EA8BC91478AA3376EDB3372197FF8A3D.d.8455F54FC21BB7FE269FBCBF21CDCE72.e.294"},"getTitle",[]]}
COMMAND: POST /session/66378cfa955b204dd4036b616783721e/execute/async - {"script":"<script> [1562 bytes]","args":[{"selector":{"id":"shellAppTitle"},"wdio_ui5_key":"shellAppTitle"}]}
RESULT: {"script":"<script> [1562 bytes]","args":[{"selector":{"id":"shellAppTitle"},"wdio_ui5_key":"shellAppTitle"}]}
COMMAND: POST /session/66378cfa955b204dd4036b616783721e/execute/async - {"script":"<script> [6424 bytes]","args":[{"element-6066-11e4-a52e-4f735466cecf":"f.EA8BC91478AA3376EDB3372197FF8A3D.d.8455F54FC21BB7FE269FBCBF21CDCE72.e.2577"},"getTitle",[]]}
RESULT: {"script":"<script> [6424 bytes]","args":[{"element-6066-11e4-a52e-4f735466cecf":"f.EA8BC91478AA3376EDB3372197FF8A3D.d.8455F54FC21BB7FE269FBCBF21CDCE72.e.2577"},"getTitle",[]]}
RESULT: undefined
COMMAND: POST /session/66378cfa955b204dd4036b616783721e/element/f.EA8BC91478AA3376EDB3372197FF8A3D.d.8455F54FC21BB7FE269FBCBF21CDCE72.e.2285/click - {}
RESULT: {}
COMMAND: GET /session/66378cfa955b204dd4036b616783721e/screenshot - {}
RESULT: {}
]]></system-out>
    </testcase>
    <testcase classname="chrome.136_0_7103_93.windows.Sanity_Tests_US104253" name="Should open Billing Transfer page" time="38.617">
      <system-out><![CDATA[
COMMAND: POST /session/66378cfa955b204dd4036b616783721e/execute/async - {"script":"<script> [1562 bytes]","args":[{"selector":{"controlType":"sap.m.GenericTile","properties":{"header":"Billing Transfer"}},"wdio_ui5_key":"sapm.GenericTile{\"header\":\"Billing Transfer\"}"}]}
RESULT: {"script":"<script> [1562 bytes]","args":[{"selector":{"controlType":"sap.m.GenericTile","properties":{"header":"Billing Transfer"}},"wdio_ui5_key":"sapm.GenericTile{\"header\":\"Billing Transfer\"}"}]}
RESULT: undefined
COMMAND: POST /session/66378cfa955b204dd4036b616783721e/element - {"using":"xpath","value":"//*[@id=\"__tile50\"]"}
RESULT: {"using":"xpath","value":"//*[@id=\"__tile50\"]"}
COMMAND: POST /session/66378cfa955b204dd4036b616783721e/element/f.EA8BC91478AA3376EDB3372197FF8A3D.d.8455F54FC21BB7FE269FBCBF21CDCE72.e.2579/click - {}
RESULT: {}
COMMAND: GET /session/66378cfa955b204dd4036b616783721e/screenshot - {}
RESULT: {}
COMMAND: POST /session/66378cfa955b204dd4036b616783721e/elements - {"using":"xpath","value":"//span[text()='Error']"}
RESULT: {"using":"xpath","value":"//span[text()='Error']"}
RESULT: undefined
COMMAND: POST /session/66378cfa955b204dd4036b616783721e/element - {"using":"xpath","value":"//*[@id=\"__tile50\"]"}
RESULT: {"using":"xpath","value":"//*[@id=\"__tile50\"]"}
COMMAND: POST /session/66378cfa955b204dd4036b616783721e/element/f.EA8BC91478AA3376EDB3372197FF8A3D.d.8455F54FC21BB7FE269FBCBF21CDCE72.e.2579/click - {}
RESULT: undefined
COMMAND: POST /session/66378cfa955b204dd4036b616783721e/element - {"using":"xpath","value":"//*[@id=\"__tile50\"]"}
RESULT: {"using":"xpath","value":"//*[@id=\"__tile50\"]"}
COMMAND: POST /session/66378cfa955b204dd4036b616783721e/element/f.EA8BC91478AA3376EDB3372197FF8A3D.d.8455F54FC21BB7FE269FBCBF21CDCE72.e.2579/click - {}
RESULT: undefined
COMMAND: POST /session/66378cfa955b204dd4036b616783721e/execute/async - {"script":"<script> [6424 bytes]","args":[{"element-6066-11e4-a52e-4f735466cecf":"f.EA8BC91478AA3376EDB3372197FF8A3D.d.8455F54FC21BB7FE269FBCBF21CDCE72.e.294"},"getTitle",[]]}
COMMAND: POST /session/66378cfa955b204dd4036b616783721e/execute/async - {"script":"<script> [1562 bytes]","args":[{"selector":{"id":"shellAppTitle"},"wdio_ui5_key":"shellAppTitle"}]}
RESULT: {"script":"<script> [1562 bytes]","args":[{"selector":{"id":"shellAppTitle"},"wdio_ui5_key":"shellAppTitle"}]}
COMMAND: POST /session/66378cfa955b204dd4036b616783721e/execute/async - {"script":"<script> [6424 bytes]","args":[{"element-6066-11e4-a52e-4f735466cecf":"f.EA8BC91478AA3376EDB3372197FF8A3D.d.8455F54FC21BB7FE269FBCBF21CDCE72.e.2699"},"getTitle",[]]}
RESULT: {"script":"<script> [6424 bytes]","args":[{"element-6066-11e4-a52e-4f735466cecf":"f.EA8BC91478AA3376EDB3372197FF8A3D.d.8455F54FC21BB7FE269FBCBF21CDCE72.e.2699"},"getTitle",[]]}
RESULT: undefined
COMMAND: POST /session/66378cfa955b204dd4036b616783721e/element/f.EA8BC91478AA3376EDB3372197FF8A3D.d.8455F54FC21BB7FE269FBCBF21CDCE72.e.2285/click - {}
COMMAND: POST /session/66378cfa955b204dd4036b616783721e/element - {"using":"xpath","value":"//*[@id=\"backBtn\"]"}
RESULT: {"using":"xpath","value":"//*[@id=\"backBtn\"]"}
COMMAND: POST /session/66378cfa955b204dd4036b616783721e/element/f.EA8BC91478AA3376EDB3372197FF8A3D.d.8455F54FC21BB7FE269FBCBF21CDCE72.e.2285/click - {}
COMMAND: POST /session/66378cfa955b204dd4036b616783721e/element - {"using":"xpath","value":"//*[@id=\"backBtn\"]"}
RESULT: {"using":"xpath","value":"//*[@id=\"backBtn\"]"}
COMMAND: POST /session/66378cfa955b204dd4036b616783721e/element/f.EA8BC91478AA3376EDB3372197FF8A3D.d.8455F54FC21BB7FE269FBCBF21CDCE72.e.2700/click - {}
RESULT: {}
COMMAND: GET /session/66378cfa955b204dd4036b616783721e/screenshot - {}
RESULT: {}
]]></system-out>
    </testcase>
    <testcase classname="chrome.136_0_7103_93.windows.Sanity_Tests_US104253" name="Should open Manage Pricing Rules page" time="38.601">
      <system-out><![CDATA[
COMMAND: POST /session/66378cfa955b204dd4036b616783721e/execute/async - {"script":"<script> [1562 bytes]","args":[{"selector":{"controlType":"sap.m.GenericTile","properties":{"header":"Manage Pricing Rules"}},"wdio_ui5_key":"sapm.GenericTile{\"header\":\"Manage Pricing Rules\"}"}]}
RESULT: {"script":"<script> [1562 bytes]","args":[{"selector":{"controlType":"sap.m.GenericTile","properties":{"header":"Manage Pricing Rules"}},"wdio_ui5_key":"sapm.GenericTile{\"header\":\"Manage Pricing Rules\"}"}]}
RESULT: undefined
COMMAND: POST /session/66378cfa955b204dd4036b616783721e/element - {"using":"xpath","value":"//*[@id=\"__tile55\"]"}
RESULT: {"using":"xpath","value":"//*[@id=\"__tile55\"]"}
COMMAND: POST /session/66378cfa955b204dd4036b616783721e/element/f.EA8BC91478AA3376EDB3372197FF8A3D.d.8455F54FC21BB7FE269FBCBF21CDCE72.e.2702/click - {}
RESULT: {}
COMMAND: GET /session/66378cfa955b204dd4036b616783721e/screenshot - {}
RESULT: {}
COMMAND: POST /session/66378cfa955b204dd4036b616783721e/elements - {"using":"xpath","value":"//span[text()='Error']"}
RESULT: {"using":"xpath","value":"//span[text()='Error']"}
RESULT: undefined
COMMAND: POST /session/66378cfa955b204dd4036b616783721e/element - {"using":"xpath","value":"//*[@id=\"__tile55\"]"}
RESULT: {"using":"xpath","value":"//*[@id=\"__tile55\"]"}
COMMAND: POST /session/66378cfa955b204dd4036b616783721e/element/f.EA8BC91478AA3376EDB3372197FF8A3D.d.8455F54FC21BB7FE269FBCBF21CDCE72.e.2702/click - {}
RESULT: undefined
COMMAND: POST /session/66378cfa955b204dd4036b616783721e/element - {"using":"xpath","value":"//*[@id=\"__tile55\"]"}
RESULT: {"using":"xpath","value":"//*[@id=\"__tile55\"]"}
COMMAND: POST /session/66378cfa955b204dd4036b616783721e/element/f.EA8BC91478AA3376EDB3372197FF8A3D.d.8455F54FC21BB7FE269FBCBF21CDCE72.e.2702/click - {}
RESULT: undefined
COMMAND: POST /session/66378cfa955b204dd4036b616783721e/execute/async - {"script":"<script> [6424 bytes]","args":[{"element-6066-11e4-a52e-4f735466cecf":"f.EA8BC91478AA3376EDB3372197FF8A3D.d.8455F54FC21BB7FE269FBCBF21CDCE72.e.294"},"getTitle",[]]}
COMMAND: POST /session/66378cfa955b204dd4036b616783721e/execute/async - {"script":"<script> [1562 bytes]","args":[{"selector":{"id":"shellAppTitle"},"wdio_ui5_key":"shellAppTitle"}]}
RESULT: {"script":"<script> [1562 bytes]","args":[{"selector":{"id":"shellAppTitle"},"wdio_ui5_key":"shellAppTitle"}]}
COMMAND: POST /session/66378cfa955b204dd4036b616783721e/execute/async - {"script":"<script> [6424 bytes]","args":[{"element-6066-11e4-a52e-4f735466cecf":"f.EA8BC91478AA3376EDB3372197FF8A3D.d.8455F54FC21BB7FE269FBCBF21CDCE72.e.2751"},"getTitle",[]]}
RESULT: {"script":"<script> [6424 bytes]","args":[{"element-6066-11e4-a52e-4f735466cecf":"f.EA8BC91478AA3376EDB3372197FF8A3D.d.8455F54FC21BB7FE269FBCBF21CDCE72.e.2751"},"getTitle",[]]}
RESULT: undefined
COMMAND: POST /session/66378cfa955b204dd4036b616783721e/element/f.EA8BC91478AA3376EDB3372197FF8A3D.d.8455F54FC21BB7FE269FBCBF21CDCE72.e.2700/click - {}
RESULT: {}
COMMAND: GET /session/66378cfa955b204dd4036b616783721e/screenshot - {}
RESULT: {}
]]></system-out>
    </testcase>
    <testcase classname="chrome.136_0_7103_93.windows.Sanity_Tests_US104253" name="Should open Manage Price Determination Matrices page" time="38.842">
      <system-out><![CDATA[
COMMAND: POST /session/66378cfa955b204dd4036b616783721e/execute/async - {"script":"<script> [1562 bytes]","args":[{"selector":{"controlType":"sap.m.GenericTile","properties":{"header":"Manage Price Determination Matrices"}},"wdio_ui5_key":"sapm.GenericTile{\"header\":\"Manage Price Determination Matrices\"}"}]}
RESULT: {"script":"<script> [1562 bytes]","args":[{"selector":{"controlType":"sap.m.GenericTile","properties":{"header":"Manage Price Determination Matrices"}},"wdio_ui5_key":"sapm.GenericTile{\"header\":\"Manage Price Determination Matrices\"}"}]}
RESULT: undefined
COMMAND: POST /session/66378cfa955b204dd4036b616783721e/element - {"using":"xpath","value":"//*[@id=\"__tile54\"]"}
RESULT: {"using":"xpath","value":"//*[@id=\"__tile54\"]"}
COMMAND: POST /session/66378cfa955b204dd4036b616783721e/element/f.EA8BC91478AA3376EDB3372197FF8A3D.d.8455F54FC21BB7FE269FBCBF21CDCE72.e.2753/click - {}
RESULT: {}
COMMAND: GET /session/66378cfa955b204dd4036b616783721e/screenshot - {}
RESULT: {}
COMMAND: POST /session/66378cfa955b204dd4036b616783721e/elements - {"using":"xpath","value":"//span[text()='Error']"}
RESULT: {"using":"xpath","value":"//span[text()='Error']"}
RESULT: undefined
COMMAND: POST /session/66378cfa955b204dd4036b616783721e/element - {"using":"xpath","value":"//*[@id=\"__tile54\"]"}
RESULT: {"using":"xpath","value":"//*[@id=\"__tile54\"]"}
COMMAND: POST /session/66378cfa955b204dd4036b616783721e/element/f.EA8BC91478AA3376EDB3372197FF8A3D.d.8455F54FC21BB7FE269FBCBF21CDCE72.e.2753/click - {}
RESULT: undefined
COMMAND: POST /session/66378cfa955b204dd4036b616783721e/element - {"using":"xpath","value":"//*[@id=\"__tile54\"]"}
RESULT: {"using":"xpath","value":"//*[@id=\"__tile54\"]"}
COMMAND: POST /session/66378cfa955b204dd4036b616783721e/element/f.EA8BC91478AA3376EDB3372197FF8A3D.d.8455F54FC21BB7FE269FBCBF21CDCE72.e.2753/click - {}
RESULT: undefined
COMMAND: POST /session/66378cfa955b204dd4036b616783721e/execute/async - {"script":"<script> [6424 bytes]","args":[{"element-6066-11e4-a52e-4f735466cecf":"f.EA8BC91478AA3376EDB3372197FF8A3D.d.8455F54FC21BB7FE269FBCBF21CDCE72.e.294"},"getTitle",[]]}
COMMAND: POST /session/66378cfa955b204dd4036b616783721e/execute/async - {"script":"<script> [1562 bytes]","args":[{"selector":{"id":"shellAppTitle"},"wdio_ui5_key":"shellAppTitle"}]}
RESULT: {"script":"<script> [1562 bytes]","args":[{"selector":{"id":"shellAppTitle"},"wdio_ui5_key":"shellAppTitle"}]}
COMMAND: POST /session/66378cfa955b204dd4036b616783721e/execute/async - {"script":"<script> [6424 bytes]","args":[{"element-6066-11e4-a52e-4f735466cecf":"f.EA8BC91478AA3376EDB3372197FF8A3D.d.8455F54FC21BB7FE269FBCBF21CDCE72.e.2833"},"getTitle",[]]}
RESULT: {"script":"<script> [6424 bytes]","args":[{"element-6066-11e4-a52e-4f735466cecf":"f.EA8BC91478AA3376EDB3372197FF8A3D.d.8455F54FC21BB7FE269FBCBF21CDCE72.e.2833"},"getTitle",[]]}
RESULT: undefined
COMMAND: POST /session/66378cfa955b204dd4036b616783721e/element/f.EA8BC91478AA3376EDB3372197FF8A3D.d.8455F54FC21BB7FE269FBCBF21CDCE72.e.2700/click - {}
COMMAND: POST /session/66378cfa955b204dd4036b616783721e/element - {"using":"xpath","value":"//*[@id=\"backBtn\"]"}
RESULT: {"using":"xpath","value":"//*[@id=\"backBtn\"]"}
COMMAND: POST /session/66378cfa955b204dd4036b616783721e/element/f.EA8BC91478AA3376EDB3372197FF8A3D.d.8455F54FC21BB7FE269FBCBF21CDCE72.e.2700/click - {}
COMMAND: POST /session/66378cfa955b204dd4036b616783721e/element - {"using":"xpath","value":"//*[@id=\"backBtn\"]"}
RESULT: {"using":"xpath","value":"//*[@id=\"backBtn\"]"}
COMMAND: POST /session/66378cfa955b204dd4036b616783721e/element/f.EA8BC91478AA3376EDB3372197FF8A3D.d.8455F54FC21BB7FE269FBCBF21CDCE72.e.2834/click - {}
RESULT: {}
COMMAND: GET /session/66378cfa955b204dd4036b616783721e/screenshot - {}
RESULT: {}
]]></system-out>
    </testcase>
    <testcase classname="chrome.136_0_7103_93.windows.Sanity_Tests_US104253" name="Should open Yard Overview page" time="40.083">
      <system-out><![CDATA[
COMMAND: POST /session/66378cfa955b204dd4036b616783721e/execute/async - {"script":"<script> [1562 bytes]","args":[{"selector":{"controlType":"sap.m.GenericTile","properties":{"header":"Yard Overview"}},"wdio_ui5_key":"sapm.GenericTile{\"header\":\"Yard Overview\"}"}]}
RESULT: {"script":"<script> [1562 bytes]","args":[{"selector":{"controlType":"sap.m.GenericTile","properties":{"header":"Yard Overview"}},"wdio_ui5_key":"sapm.GenericTile{\"header\":\"Yard Overview\"}"}]}
RESULT: undefined
COMMAND: POST /session/66378cfa955b204dd4036b616783721e/element - {"using":"xpath","value":"//*[@id=\"__tile102\"]"}
RESULT: {"using":"xpath","value":"//*[@id=\"__tile102\"]"}
COMMAND: POST /session/66378cfa955b204dd4036b616783721e/element/f.EA8BC91478AA3376EDB3372197FF8A3D.d.8455F54FC21BB7FE269FBCBF21CDCE72.e.2836/click - {}
RESULT: {}
COMMAND: GET /session/66378cfa955b204dd4036b616783721e/screenshot - {}
RESULT: {}
COMMAND: POST /session/66378cfa955b204dd4036b616783721e/elements - {"using":"xpath","value":"//span[text()='Error']"}
RESULT: {"using":"xpath","value":"//span[text()='Error']"}
RESULT: undefined
COMMAND: POST /session/66378cfa955b204dd4036b616783721e/element - {"using":"xpath","value":"//*[@id=\"__tile102\"]"}
RESULT: {"using":"xpath","value":"//*[@id=\"__tile102\"]"}
COMMAND: POST /session/66378cfa955b204dd4036b616783721e/element/f.EA8BC91478AA3376EDB3372197FF8A3D.d.8455F54FC21BB7FE269FBCBF21CDCE72.e.2836/click - {}
RESULT: undefined
COMMAND: POST /session/66378cfa955b204dd4036b616783721e/element - {"using":"xpath","value":"//*[@id=\"__tile102\"]"}
RESULT: {"using":"xpath","value":"//*[@id=\"__tile102\"]"}
COMMAND: POST /session/66378cfa955b204dd4036b616783721e/element/f.EA8BC91478AA3376EDB3372197FF8A3D.d.8455F54FC21BB7FE269FBCBF21CDCE72.e.2836/click - {}
RESULT: undefined
COMMAND: POST /session/66378cfa955b204dd4036b616783721e/execute/async - {"script":"<script> [6424 bytes]","args":[{"element-6066-11e4-a52e-4f735466cecf":"f.EA8BC91478AA3376EDB3372197FF8A3D.d.8455F54FC21BB7FE269FBCBF21CDCE72.e.294"},"getTitle",[]]}
COMMAND: POST /session/66378cfa955b204dd4036b616783721e/execute/async - {"script":"<script> [1562 bytes]","args":[{"selector":{"id":"shellAppTitle"},"wdio_ui5_key":"shellAppTitle"}]}
RESULT: {"script":"<script> [1562 bytes]","args":[{"selector":{"id":"shellAppTitle"},"wdio_ui5_key":"shellAppTitle"}]}
COMMAND: POST /session/66378cfa955b204dd4036b616783721e/execute/async - {"script":"<script> [6424 bytes]","args":[{"element-6066-11e4-a52e-4f735466cecf":"f.EA8BC91478AA3376EDB3372197FF8A3D.d.8455F54FC21BB7FE269FBCBF21CDCE72.e.2894"},"getTitle",[]]}
RESULT: {"script":"<script> [6424 bytes]","args":[{"element-6066-11e4-a52e-4f735466cecf":"f.EA8BC91478AA3376EDB3372197FF8A3D.d.8455F54FC21BB7FE269FBCBF21CDCE72.e.2894"},"getTitle",[]]}
RESULT: undefined
COMMAND: POST /session/66378cfa955b204dd4036b616783721e/element/f.EA8BC91478AA3376EDB3372197FF8A3D.d.8455F54FC21BB7FE269FBCBF21CDCE72.e.2834/click - {}
RESULT: {}
COMMAND: GET /session/66378cfa955b204dd4036b616783721e/screenshot - {}
RESULT: {}
]]></system-out>
    </testcase>
    <testcase classname="chrome.136_0_7103_93.windows.Sanity_Tests_US104253" name="Should open Site Overview page" time="40.945">
      <system-out><![CDATA[
COMMAND: POST /session/66378cfa955b204dd4036b616783721e/execute/async - {"script":"<script> [1562 bytes]","args":[{"selector":{"controlType":"sap.m.GenericTile","properties":{"header":"Site Overview"}},"wdio_ui5_key":"sapm.GenericTile{\"header\":\"Site Overview\"}"}]}
RESULT: {"script":"<script> [1562 bytes]","args":[{"selector":{"controlType":"sap.m.GenericTile","properties":{"header":"Site Overview"}},"wdio_ui5_key":"sapm.GenericTile{\"header\":\"Site Overview\"}"}]}
RESULT: undefined
COMMAND: POST /session/66378cfa955b204dd4036b616783721e/element - {"using":"xpath","value":"//*[@id=\"__tile100\"]"}
RESULT: {"using":"xpath","value":"//*[@id=\"__tile100\"]"}
COMMAND: POST /session/66378cfa955b204dd4036b616783721e/element/f.EA8BC91478AA3376EDB3372197FF8A3D.d.8455F54FC21BB7FE269FBCBF21CDCE72.e.2897/click - {}
RESULT: {}
COMMAND: GET /session/66378cfa955b204dd4036b616783721e/screenshot - {}
RESULT: {}
COMMAND: POST /session/66378cfa955b204dd4036b616783721e/elements - {"using":"xpath","value":"//span[text()='Error']"}
RESULT: {"using":"xpath","value":"//span[text()='Error']"}
RESULT: undefined
COMMAND: POST /session/66378cfa955b204dd4036b616783721e/element - {"using":"xpath","value":"//*[@id=\"__tile100\"]"}
RESULT: {"using":"xpath","value":"//*[@id=\"__tile100\"]"}
COMMAND: POST /session/66378cfa955b204dd4036b616783721e/element/f.EA8BC91478AA3376EDB3372197FF8A3D.d.8455F54FC21BB7FE269FBCBF21CDCE72.e.2897/click - {}
RESULT: undefined
COMMAND: POST /session/66378cfa955b204dd4036b616783721e/element - {"using":"xpath","value":"//*[@id=\"__tile100\"]"}
RESULT: {"using":"xpath","value":"//*[@id=\"__tile100\"]"}
COMMAND: POST /session/66378cfa955b204dd4036b616783721e/element/f.EA8BC91478AA3376EDB3372197FF8A3D.d.8455F54FC21BB7FE269FBCBF21CDCE72.e.2897/click - {}
RESULT: undefined
COMMAND: POST /session/66378cfa955b204dd4036b616783721e/execute/async - {"script":"<script> [6424 bytes]","args":[{"element-6066-11e4-a52e-4f735466cecf":"f.EA8BC91478AA3376EDB3372197FF8A3D.d.8455F54FC21BB7FE269FBCBF21CDCE72.e.294"},"getTitle",[]]}
COMMAND: POST /session/66378cfa955b204dd4036b616783721e/execute/async - {"script":"<script> [1562 bytes]","args":[{"selector":{"id":"shellAppTitle"},"wdio_ui5_key":"shellAppTitle"}]}
RESULT: {"script":"<script> [1562 bytes]","args":[{"selector":{"id":"shellAppTitle"},"wdio_ui5_key":"shellAppTitle"}]}
COMMAND: POST /session/66378cfa955b204dd4036b616783721e/execute/async - {"script":"<script> [6424 bytes]","args":[{"element-6066-11e4-a52e-4f735466cecf":"f.EA8BC91478AA3376EDB3372197FF8A3D.d.8455F54FC21BB7FE269FBCBF21CDCE72.e.3009"},"getTitle",[]]}
RESULT: {"script":"<script> [6424 bytes]","args":[{"element-6066-11e4-a52e-4f735466cecf":"f.EA8BC91478AA3376EDB3372197FF8A3D.d.8455F54FC21BB7FE269FBCBF21CDCE72.e.3009"},"getTitle",[]]}
RESULT: undefined
COMMAND: POST /session/66378cfa955b204dd4036b616783721e/element/f.EA8BC91478AA3376EDB3372197FF8A3D.d.8455F54FC21BB7FE269FBCBF21CDCE72.e.2834/click - {}
COMMAND: POST /session/66378cfa955b204dd4036b616783721e/element - {"using":"xpath","value":"//*[@id=\"backBtn\"]"}
RESULT: {"using":"xpath","value":"//*[@id=\"backBtn\"]"}
COMMAND: POST /session/66378cfa955b204dd4036b616783721e/element/f.EA8BC91478AA3376EDB3372197FF8A3D.d.8455F54FC21BB7FE269FBCBF21CDCE72.e.2834/click - {}
COMMAND: POST /session/66378cfa955b204dd4036b616783721e/element - {"using":"xpath","value":"//*[@id=\"backBtn\"]"}
RESULT: {"using":"xpath","value":"//*[@id=\"backBtn\"]"}
COMMAND: POST /session/66378cfa955b204dd4036b616783721e/element/f.EA8BC91478AA3376EDB3372197FF8A3D.d.8455F54FC21BB7FE269FBCBF21CDCE72.e.3010/click - {}
RESULT: {}
COMMAND: GET /session/66378cfa955b204dd4036b616783721e/screenshot - {}
RESULT: {}
]]></system-out>
    </testcase>
    <testcase classname="chrome.136_0_7103_93.windows.Sanity_Tests_US104253" name="Should open Trace Track Resources page" time="41.381">
      <system-out><![CDATA[
COMMAND: POST /session/66378cfa955b204dd4036b616783721e/execute/async - {"script":"<script> [1562 bytes]","args":[{"selector":{"controlType":"sap.m.GenericTile","properties":{"header":"Trace & Track Resources"}},"wdio_ui5_key":"sapm.GenericTile{\"header\":\"Trace & Track Resources\"}"}]}
RESULT: {"script":"<script> [1562 bytes]","args":[{"selector":{"controlType":"sap.m.GenericTile","properties":{"header":"Trace & Track Resources"}},"wdio_ui5_key":"sapm.GenericTile{\"header\":\"Trace & Track Resources\"}"}]}
RESULT: undefined
COMMAND: POST /session/66378cfa955b204dd4036b616783721e/element - {"using":"xpath","value":"//*[@id=\"__tile101\"]"}
RESULT: {"using":"xpath","value":"//*[@id=\"__tile101\"]"}
COMMAND: POST /session/66378cfa955b204dd4036b616783721e/element/f.EA8BC91478AA3376EDB3372197FF8A3D.d.8455F54FC21BB7FE269FBCBF21CDCE72.e.3012/click - {}
RESULT: {}
COMMAND: GET /session/66378cfa955b204dd4036b616783721e/screenshot - {}
RESULT: {}
COMMAND: POST /session/66378cfa955b204dd4036b616783721e/elements - {"using":"xpath","value":"//span[text()='Error']"}
RESULT: {"using":"xpath","value":"//span[text()='Error']"}
RESULT: undefined
COMMAND: POST /session/66378cfa955b204dd4036b616783721e/element - {"using":"xpath","value":"//*[@id=\"__tile101\"]"}
RESULT: {"using":"xpath","value":"//*[@id=\"__tile101\"]"}
COMMAND: POST /session/66378cfa955b204dd4036b616783721e/element/f.EA8BC91478AA3376EDB3372197FF8A3D.d.8455F54FC21BB7FE269FBCBF21CDCE72.e.3012/click - {}
RESULT: undefined
COMMAND: POST /session/66378cfa955b204dd4036b616783721e/element - {"using":"xpath","value":"//*[@id=\"__tile101\"]"}
RESULT: {"using":"xpath","value":"//*[@id=\"__tile101\"]"}
COMMAND: POST /session/66378cfa955b204dd4036b616783721e/element/f.EA8BC91478AA3376EDB3372197FF8A3D.d.8455F54FC21BB7FE269FBCBF21CDCE72.e.3012/click - {}
RESULT: undefined
COMMAND: POST /session/66378cfa955b204dd4036b616783721e/execute/async - {"script":"<script> [6424 bytes]","args":[{"element-6066-11e4-a52e-4f735466cecf":"f.EA8BC91478AA3376EDB3372197FF8A3D.d.8455F54FC21BB7FE269FBCBF21CDCE72.e.294"},"getTitle",[]]}
COMMAND: POST /session/66378cfa955b204dd4036b616783721e/execute/async - {"script":"<script> [1562 bytes]","args":[{"selector":{"id":"shellAppTitle"},"wdio_ui5_key":"shellAppTitle"}]}
RESULT: {"script":"<script> [1562 bytes]","args":[{"selector":{"id":"shellAppTitle"},"wdio_ui5_key":"shellAppTitle"}]}
COMMAND: POST /session/66378cfa955b204dd4036b616783721e/execute/async - {"script":"<script> [6424 bytes]","args":[{"element-6066-11e4-a52e-4f735466cecf":"f.EA8BC91478AA3376EDB3372197FF8A3D.d.8455F54FC21BB7FE269FBCBF21CDCE72.e.3047"},"getTitle",[]]}
RESULT: {"script":"<script> [6424 bytes]","args":[{"element-6066-11e4-a52e-4f735466cecf":"f.EA8BC91478AA3376EDB3372197FF8A3D.d.8455F54FC21BB7FE269FBCBF21CDCE72.e.3047"},"getTitle",[]]}
RESULT: undefined
COMMAND: POST /session/66378cfa955b204dd4036b616783721e/element/f.EA8BC91478AA3376EDB3372197FF8A3D.d.8455F54FC21BB7FE269FBCBF21CDCE72.e.3010/click - {}
RESULT: {}
COMMAND: GET /session/66378cfa955b204dd4036b616783721e/screenshot - {}
RESULT: {}
]]></system-out>
    </testcase>
    <testcase classname="chrome.136_0_7103_93.windows.Sanity_Tests_US104253" name="Should open RU Inventory List page" time="39.422">
      <system-out><![CDATA[
COMMAND: POST /session/66378cfa955b204dd4036b616783721e/execute/async - {"script":"<script> [1562 bytes]","args":[{"selector":{"controlType":"sap.m.GenericTile","properties":{"header":"RU Inventory List"}},"wdio_ui5_key":"sapm.GenericTile{\"header\":\"RU Inventory List\"}"}]}
RESULT: {"script":"<script> [1562 bytes]","args":[{"selector":{"controlType":"sap.m.GenericTile","properties":{"header":"RU Inventory List"}},"wdio_ui5_key":"sapm.GenericTile{\"header\":\"RU Inventory List\"}"}]}
RESULT: undefined
COMMAND: POST /session/66378cfa955b204dd4036b616783721e/element - {"using":"xpath","value":"//*[@id=\"__tile99\"]"}
RESULT: {"using":"xpath","value":"//*[@id=\"__tile99\"]"}
COMMAND: POST /session/66378cfa955b204dd4036b616783721e/element/f.EA8BC91478AA3376EDB3372197FF8A3D.d.8455F54FC21BB7FE269FBCBF21CDCE72.e.3049/click - {}
RESULT: {}
COMMAND: GET /session/66378cfa955b204dd4036b616783721e/screenshot - {}
RESULT: {}
COMMAND: POST /session/66378cfa955b204dd4036b616783721e/elements - {"using":"xpath","value":"//span[text()='Error']"}
RESULT: {"using":"xpath","value":"//span[text()='Error']"}
RESULT: undefined
COMMAND: POST /session/66378cfa955b204dd4036b616783721e/element - {"using":"xpath","value":"//*[@id=\"__tile99\"]"}
RESULT: {"using":"xpath","value":"//*[@id=\"__tile99\"]"}
COMMAND: POST /session/66378cfa955b204dd4036b616783721e/element/f.EA8BC91478AA3376EDB3372197FF8A3D.d.8455F54FC21BB7FE269FBCBF21CDCE72.e.3049/click - {}
RESULT: undefined
COMMAND: POST /session/66378cfa955b204dd4036b616783721e/element - {"using":"xpath","value":"//*[@id=\"__tile99\"]"}
RESULT: {"using":"xpath","value":"//*[@id=\"__tile99\"]"}
COMMAND: POST /session/66378cfa955b204dd4036b616783721e/element/f.EA8BC91478AA3376EDB3372197FF8A3D.d.8455F54FC21BB7FE269FBCBF21CDCE72.e.3049/click - {}
RESULT: undefined
COMMAND: POST /session/66378cfa955b204dd4036b616783721e/execute/async - {"script":"<script> [6424 bytes]","args":[{"element-6066-11e4-a52e-4f735466cecf":"f.EA8BC91478AA3376EDB3372197FF8A3D.d.8455F54FC21BB7FE269FBCBF21CDCE72.e.294"},"getTitle",[]]}
COMMAND: POST /session/66378cfa955b204dd4036b616783721e/execute/async - {"script":"<script> [1562 bytes]","args":[{"selector":{"id":"shellAppTitle"},"wdio_ui5_key":"shellAppTitle"}]}
RESULT: {"script":"<script> [1562 bytes]","args":[{"selector":{"id":"shellAppTitle"},"wdio_ui5_key":"shellAppTitle"}]}
COMMAND: POST /session/66378cfa955b204dd4036b616783721e/execute/async - {"script":"<script> [6424 bytes]","args":[{"element-6066-11e4-a52e-4f735466cecf":"f.EA8BC91478AA3376EDB3372197FF8A3D.d.8455F54FC21BB7FE269FBCBF21CDCE72.e.3240"},"getTitle",[]]}
RESULT: {"script":"<script> [6424 bytes]","args":[{"element-6066-11e4-a52e-4f735466cecf":"f.EA8BC91478AA3376EDB3372197FF8A3D.d.8455F54FC21BB7FE269FBCBF21CDCE72.e.3240"},"getTitle",[]]}
RESULT: undefined
COMMAND: POST /session/66378cfa955b204dd4036b616783721e/element/f.EA8BC91478AA3376EDB3372197FF8A3D.d.8455F54FC21BB7FE269FBCBF21CDCE72.e.3010/click - {}
COMMAND: POST /session/66378cfa955b204dd4036b616783721e/element - {"using":"xpath","value":"//*[@id=\"backBtn\"]"}
RESULT: {"using":"xpath","value":"//*[@id=\"backBtn\"]"}
COMMAND: POST /session/66378cfa955b204dd4036b616783721e/element/f.EA8BC91478AA3376EDB3372197FF8A3D.d.8455F54FC21BB7FE269FBCBF21CDCE72.e.3010/click - {}
COMMAND: POST /session/66378cfa955b204dd4036b616783721e/element - {"using":"xpath","value":"//*[@id=\"backBtn\"]"}
RESULT: {"using":"xpath","value":"//*[@id=\"backBtn\"]"}
COMMAND: POST /session/66378cfa955b204dd4036b616783721e/element/f.EA8BC91478AA3376EDB3372197FF8A3D.d.8455F54FC21BB7FE269FBCBF21CDCE72.e.3241/click - {}
RESULT: {}
COMMAND: GET /session/66378cfa955b204dd4036b616783721e/screenshot - {}
RESULT: {}
]]></system-out>
    </testcase>
    <testcase classname="chrome.136_0_7103_93.windows.Sanity_Tests_US104253" name="Should open Contracts Dashboard page" time="53.268">
      <system-out><![CDATA[
COMMAND: POST /session/66378cfa955b204dd4036b616783721e/execute/async - {"script":"<script> [1562 bytes]","args":[{"selector":{"controlType":"sap.m.GenericTile","properties":{"header":"Contracts Dashboard"}},"wdio_ui5_key":"sapm.GenericTile{\"header\":\"Contracts Dashboard\"}"}]}
RESULT: {"script":"<script> [1562 bytes]","args":[{"selector":{"controlType":"sap.m.GenericTile","properties":{"header":"Contracts Dashboard"}},"wdio_ui5_key":"sapm.GenericTile{\"header\":\"Contracts Dashboard\"}"}]}
RESULT: undefined
COMMAND: POST /session/66378cfa955b204dd4036b616783721e/element - {"using":"xpath","value":"//*[@id=\"__tile97\"]"}
RESULT: {"using":"xpath","value":"//*[@id=\"__tile97\"]"}
COMMAND: POST /session/66378cfa955b204dd4036b616783721e/element/f.EA8BC91478AA3376EDB3372197FF8A3D.d.8455F54FC21BB7FE269FBCBF21CDCE72.e.3243/click - {}
RESULT: {}
COMMAND: GET /session/66378cfa955b204dd4036b616783721e/screenshot - {}
RESULT: {}
COMMAND: POST /session/66378cfa955b204dd4036b616783721e/elements - {"using":"xpath","value":"//span[text()='Error']"}
RESULT: {"using":"xpath","value":"//span[text()='Error']"}
RESULT: undefined
COMMAND: POST /session/66378cfa955b204dd4036b616783721e/element - {"using":"xpath","value":"//*[@id=\"__tile97\"]"}
RESULT: {"using":"xpath","value":"//*[@id=\"__tile97\"]"}
COMMAND: POST /session/66378cfa955b204dd4036b616783721e/element/f.EA8BC91478AA3376EDB3372197FF8A3D.d.8455F54FC21BB7FE269FBCBF21CDCE72.e.3243/click - {}
RESULT: undefined
COMMAND: POST /session/66378cfa955b204dd4036b616783721e/element - {"using":"xpath","value":"//*[@id=\"__tile97\"]"}
RESULT: {"using":"xpath","value":"//*[@id=\"__tile97\"]"}
COMMAND: POST /session/66378cfa955b204dd4036b616783721e/element/f.EA8BC91478AA3376EDB3372197FF8A3D.d.8455F54FC21BB7FE269FBCBF21CDCE72.e.3243/click - {}
RESULT: undefined
COMMAND: POST /session/66378cfa955b204dd4036b616783721e/execute/async - {"script":"<script> [6424 bytes]","args":[{"element-6066-11e4-a52e-4f735466cecf":"f.EA8BC91478AA3376EDB3372197FF8A3D.d.8455F54FC21BB7FE269FBCBF21CDCE72.e.294"},"getTitle",[]]}
COMMAND: POST /session/66378cfa955b204dd4036b616783721e/execute/async - {"script":"<script> [1562 bytes]","args":[{"selector":{"id":"shellAppTitle"},"wdio_ui5_key":"shellAppTitle"}]}
RESULT: {"script":"<script> [1562 bytes]","args":[{"selector":{"id":"shellAppTitle"},"wdio_ui5_key":"shellAppTitle"}]}
COMMAND: POST /session/66378cfa955b204dd4036b616783721e/execute/async - {"script":"<script> [6424 bytes]","args":[{"element-6066-11e4-a52e-4f735466cecf":"f.EA8BC91478AA3376EDB3372197FF8A3D.d.8455F54FC21BB7FE269FBCBF21CDCE72.e.3267"},"getTitle",[]]}
RESULT: {"script":"<script> [6424 bytes]","args":[{"element-6066-11e4-a52e-4f735466cecf":"f.EA8BC91478AA3376EDB3372197FF8A3D.d.8455F54FC21BB7FE269FBCBF21CDCE72.e.3267"},"getTitle",[]]}
RESULT: undefined
COMMAND: POST /session/66378cfa955b204dd4036b616783721e/element/f.EA8BC91478AA3376EDB3372197FF8A3D.d.8455F54FC21BB7FE269FBCBF21CDCE72.e.3241/click - {}
RESULT: {}
COMMAND: GET /session/66378cfa955b204dd4036b616783721e/screenshot - {}
RESULT: {}
]]></system-out>
    </testcase>
    <testcase classname="chrome.136_0_7103_93.windows.Sanity_Tests_US104253" name="Should open Bin Status Report page" time="41.168">
      <system-out><![CDATA[
COMMAND: POST /session/66378cfa955b204dd4036b616783721e/execute/async - {"script":"<script> [1562 bytes]","args":[{"selector":{"controlType":"sap.m.GenericTile","properties":{"header":"Bin Status Report"}},"wdio_ui5_key":"sapm.GenericTile{\"header\":\"Bin Status Report\"}"}]}
RESULT: {"script":"<script> [1562 bytes]","args":[{"selector":{"controlType":"sap.m.GenericTile","properties":{"header":"Bin Status Report"}},"wdio_ui5_key":"sapm.GenericTile{\"header\":\"Bin Status Report\"}"}]}
RESULT: undefined
COMMAND: POST /session/66378cfa955b204dd4036b616783721e/element - {"using":"xpath","value":"//*[@id=\"__tile104\"]"}
RESULT: {"using":"xpath","value":"//*[@id=\"__tile104\"]"}
COMMAND: POST /session/66378cfa955b204dd4036b616783721e/element/f.EA8BC91478AA3376EDB3372197FF8A3D.d.8455F54FC21BB7FE269FBCBF21CDCE72.e.3269/click - {}
RESULT: {}
COMMAND: GET /session/66378cfa955b204dd4036b616783721e/screenshot - {}
RESULT: {}
COMMAND: POST /session/66378cfa955b204dd4036b616783721e/elements - {"using":"xpath","value":"//span[text()='Error']"}
RESULT: {"using":"xpath","value":"//span[text()='Error']"}
RESULT: undefined
COMMAND: POST /session/66378cfa955b204dd4036b616783721e/element - {"using":"xpath","value":"//*[@id=\"__tile104\"]"}
RESULT: {"using":"xpath","value":"//*[@id=\"__tile104\"]"}
COMMAND: POST /session/66378cfa955b204dd4036b616783721e/element/f.EA8BC91478AA3376EDB3372197FF8A3D.d.8455F54FC21BB7FE269FBCBF21CDCE72.e.3269/click - {}
RESULT: undefined
COMMAND: POST /session/66378cfa955b204dd4036b616783721e/element - {"using":"xpath","value":"//*[@id=\"__tile104\"]"}
RESULT: {"using":"xpath","value":"//*[@id=\"__tile104\"]"}
COMMAND: POST /session/66378cfa955b204dd4036b616783721e/element/f.EA8BC91478AA3376EDB3372197FF8A3D.d.8455F54FC21BB7FE269FBCBF21CDCE72.e.3269/click - {}
RESULT: undefined
COMMAND: POST /session/66378cfa955b204dd4036b616783721e/execute/async - {"script":"<script> [6424 bytes]","args":[{"element-6066-11e4-a52e-4f735466cecf":"f.EA8BC91478AA3376EDB3372197FF8A3D.d.8455F54FC21BB7FE269FBCBF21CDCE72.e.294"},"getTitle",[]]}
COMMAND: POST /session/66378cfa955b204dd4036b616783721e/execute/async - {"script":"<script> [1562 bytes]","args":[{"selector":{"id":"shellAppTitle"},"wdio_ui5_key":"shellAppTitle"}]}
RESULT: {"script":"<script> [1562 bytes]","args":[{"selector":{"id":"shellAppTitle"},"wdio_ui5_key":"shellAppTitle"}]}
COMMAND: POST /session/66378cfa955b204dd4036b616783721e/execute/async - {"script":"<script> [6424 bytes]","args":[{"element-6066-11e4-a52e-4f735466cecf":"f.EA8BC91478AA3376EDB3372197FF8A3D.d.8455F54FC21BB7FE269FBCBF21CDCE72.e.3570"},"getTitle",[]]}
RESULT: {"script":"<script> [6424 bytes]","args":[{"element-6066-11e4-a52e-4f735466cecf":"f.EA8BC91478AA3376EDB3372197FF8A3D.d.8455F54FC21BB7FE269FBCBF21CDCE72.e.3570"},"getTitle",[]]}
RESULT: undefined
COMMAND: POST /session/66378cfa955b204dd4036b616783721e/element/f.EA8BC91478AA3376EDB3372197FF8A3D.d.8455F54FC21BB7FE269FBCBF21CDCE72.e.3241/click - {}
COMMAND: POST /session/66378cfa955b204dd4036b616783721e/element - {"using":"xpath","value":"//*[@id=\"backBtn\"]"}
RESULT: {"using":"xpath","value":"//*[@id=\"backBtn\"]"}
COMMAND: POST /session/66378cfa955b204dd4036b616783721e/element/f.EA8BC91478AA3376EDB3372197FF8A3D.d.8455F54FC21BB7FE269FBCBF21CDCE72.e.3241/click - {}
COMMAND: POST /session/66378cfa955b204dd4036b616783721e/element - {"using":"xpath","value":"//*[@id=\"backBtn\"]"}
RESULT: {"using":"xpath","value":"//*[@id=\"backBtn\"]"}
COMMAND: POST /session/66378cfa955b204dd4036b616783721e/element/f.EA8BC91478AA3376EDB3372197FF8A3D.d.8455F54FC21BB7FE269FBCBF21CDCE72.e.3571/click - {}
RESULT: {}
COMMAND: GET /session/66378cfa955b204dd4036b616783721e/screenshot - {}
RESULT: {}
]]></system-out>
    </testcase>
    <testcase classname="chrome.136_0_7103_93.windows.Sanity_Tests_US104253" name="Should open Manage Warehouse Movements page" time="49.142">
      <system-out><![CDATA[
COMMAND: POST /session/66378cfa955b204dd4036b616783721e/execute/async - {"script":"<script> [1562 bytes]","args":[{"selector":{"controlType":"sap.m.GenericTile","properties":{"header":"Manage Warehouse Movements"}},"wdio_ui5_key":"sapm.GenericTile{\"header\":\"Manage Warehouse Movements\"}"}]}
RESULT: {"script":"<script> [1562 bytes]","args":[{"selector":{"controlType":"sap.m.GenericTile","properties":{"header":"Manage Warehouse Movements"}},"wdio_ui5_key":"sapm.GenericTile{\"header\":\"Manage Warehouse Movements\"}"}]}
RESULT: undefined
COMMAND: POST /session/66378cfa955b204dd4036b616783721e/element - {"using":"xpath","value":"//*[@id=\"__tile105\"]"}
RESULT: {"using":"xpath","value":"//*[@id=\"__tile105\"]"}
COMMAND: POST /session/66378cfa955b204dd4036b616783721e/element/f.EA8BC91478AA3376EDB3372197FF8A3D.d.8455F54FC21BB7FE269FBCBF21CDCE72.e.3575/click - {}
RESULT: {}
COMMAND: GET /session/66378cfa955b204dd4036b616783721e/screenshot - {}
RESULT: {}
COMMAND: POST /session/66378cfa955b204dd4036b616783721e/elements - {"using":"xpath","value":"//span[text()='Error']"}
RESULT: {"using":"xpath","value":"//span[text()='Error']"}
RESULT: undefined
COMMAND: POST /session/66378cfa955b204dd4036b616783721e/element - {"using":"xpath","value":"//*[@id=\"__tile105\"]"}
RESULT: {"using":"xpath","value":"//*[@id=\"__tile105\"]"}
COMMAND: POST /session/66378cfa955b204dd4036b616783721e/element/f.EA8BC91478AA3376EDB3372197FF8A3D.d.8455F54FC21BB7FE269FBCBF21CDCE72.e.3575/click - {}
RESULT: undefined
COMMAND: POST /session/66378cfa955b204dd4036b616783721e/element - {"using":"xpath","value":"//*[@id=\"__tile105\"]"}
RESULT: {"using":"xpath","value":"//*[@id=\"__tile105\"]"}
COMMAND: POST /session/66378cfa955b204dd4036b616783721e/element/f.EA8BC91478AA3376EDB3372197FF8A3D.d.8455F54FC21BB7FE269FBCBF21CDCE72.e.3575/click - {}
RESULT: undefined
COMMAND: POST /session/66378cfa955b204dd4036b616783721e/execute/async - {"script":"<script> [6424 bytes]","args":[{"element-6066-11e4-a52e-4f735466cecf":"f.EA8BC91478AA3376EDB3372197FF8A3D.d.8455F54FC21BB7FE269FBCBF21CDCE72.e.294"},"getTitle",[]]}
COMMAND: POST /session/66378cfa955b204dd4036b616783721e/execute/async - {"script":"<script> [1562 bytes]","args":[{"selector":{"id":"shellAppTitle"},"wdio_ui5_key":"shellAppTitle"}]}
RESULT: {"script":"<script> [1562 bytes]","args":[{"selector":{"id":"shellAppTitle"},"wdio_ui5_key":"shellAppTitle"}]}
COMMAND: POST /session/66378cfa955b204dd4036b616783721e/execute/async - {"script":"<script> [6424 bytes]","args":[{"element-6066-11e4-a52e-4f735466cecf":"f.EA8BC91478AA3376EDB3372197FF8A3D.d.8455F54FC21BB7FE269FBCBF21CDCE72.e.3793"},"getTitle",[]]}
RESULT: {"script":"<script> [6424 bytes]","args":[{"element-6066-11e4-a52e-4f735466cecf":"f.EA8BC91478AA3376EDB3372197FF8A3D.d.8455F54FC21BB7FE269FBCBF21CDCE72.e.3793"},"getTitle",[]]}
RESULT: undefined
COMMAND: POST /session/66378cfa955b204dd4036b616783721e/element/f.EA8BC91478AA3376EDB3372197FF8A3D.d.8455F54FC21BB7FE269FBCBF21CDCE72.e.3571/click - {}
RESULT: {}
COMMAND: GET /session/66378cfa955b204dd4036b616783721e/screenshot - {}
RESULT: {}
]]></system-out>
    </testcase>
    <testcase classname="chrome.136_0_7103_93.windows.Sanity_Tests_US104253" name="Should open Bin Inventory List page" time="40.709">
      <system-out><![CDATA[
COMMAND: POST /session/66378cfa955b204dd4036b616783721e/execute/async - {"script":"<script> [1562 bytes]","args":[{"selector":{"controlType":"sap.m.GenericTile","properties":{"header":"Bin Inventory List"}},"wdio_ui5_key":"sapm.GenericTile{\"header\":\"Bin Inventory List\"}"}]}
RESULT: {"script":"<script> [1562 bytes]","args":[{"selector":{"controlType":"sap.m.GenericTile","properties":{"header":"Bin Inventory List"}},"wdio_ui5_key":"sapm.GenericTile{\"header\":\"Bin Inventory List\"}"}]}
RESULT: undefined
COMMAND: POST /session/66378cfa955b204dd4036b616783721e/element - {"using":"xpath","value":"//*[@id=\"__tile103\"]"}
RESULT: {"using":"xpath","value":"//*[@id=\"__tile103\"]"}
COMMAND: POST /session/66378cfa955b204dd4036b616783721e/element/f.EA8BC91478AA3376EDB3372197FF8A3D.d.8455F54FC21BB7FE269FBCBF21CDCE72.e.3796/click - {}
RESULT: {}
COMMAND: GET /session/66378cfa955b204dd4036b616783721e/screenshot - {}
RESULT: {}
COMMAND: POST /session/66378cfa955b204dd4036b616783721e/elements - {"using":"xpath","value":"//span[text()='Error']"}
RESULT: {"using":"xpath","value":"//span[text()='Error']"}
RESULT: undefined
COMMAND: POST /session/66378cfa955b204dd4036b616783721e/element - {"using":"xpath","value":"//*[@id=\"__tile103\"]"}
RESULT: {"using":"xpath","value":"//*[@id=\"__tile103\"]"}
COMMAND: POST /session/66378cfa955b204dd4036b616783721e/element/f.EA8BC91478AA3376EDB3372197FF8A3D.d.8455F54FC21BB7FE269FBCBF21CDCE72.e.3796/click - {}
RESULT: undefined
COMMAND: POST /session/66378cfa955b204dd4036b616783721e/element - {"using":"xpath","value":"//*[@id=\"__tile103\"]"}
RESULT: {"using":"xpath","value":"//*[@id=\"__tile103\"]"}
COMMAND: POST /session/66378cfa955b204dd4036b616783721e/element/f.EA8BC91478AA3376EDB3372197FF8A3D.d.8455F54FC21BB7FE269FBCBF21CDCE72.e.3796/click - {}
RESULT: undefined
COMMAND: POST /session/66378cfa955b204dd4036b616783721e/execute/async - {"script":"<script> [6424 bytes]","args":[{"element-6066-11e4-a52e-4f735466cecf":"f.EA8BC91478AA3376EDB3372197FF8A3D.d.8455F54FC21BB7FE269FBCBF21CDCE72.e.294"},"getTitle",[]]}
COMMAND: POST /session/66378cfa955b204dd4036b616783721e/execute/async - {"script":"<script> [1562 bytes]","args":[{"selector":{"id":"shellAppTitle"},"wdio_ui5_key":"shellAppTitle"}]}
RESULT: {"script":"<script> [1562 bytes]","args":[{"selector":{"id":"shellAppTitle"},"wdio_ui5_key":"shellAppTitle"}]}
COMMAND: POST /session/66378cfa955b204dd4036b616783721e/execute/async - {"script":"<script> [6424 bytes]","args":[{"element-6066-11e4-a52e-4f735466cecf":"f.EA8BC91478AA3376EDB3372197FF8A3D.d.8455F54FC21BB7FE269FBCBF21CDCE72.e.3893"},"getTitle",[]]}
RESULT: {"script":"<script> [6424 bytes]","args":[{"element-6066-11e4-a52e-4f735466cecf":"f.EA8BC91478AA3376EDB3372197FF8A3D.d.8455F54FC21BB7FE269FBCBF21CDCE72.e.3893"},"getTitle",[]]}
RESULT: undefined
COMMAND: POST /session/66378cfa955b204dd4036b616783721e/element/f.EA8BC91478AA3376EDB3372197FF8A3D.d.8455F54FC21BB7FE269FBCBF21CDCE72.e.3571/click - {}
COMMAND: POST /session/66378cfa955b204dd4036b616783721e/element - {"using":"xpath","value":"//*[@id=\"backBtn\"]"}
RESULT: {"using":"xpath","value":"//*[@id=\"backBtn\"]"}
COMMAND: POST /session/66378cfa955b204dd4036b616783721e/element/f.EA8BC91478AA3376EDB3372197FF8A3D.d.8455F54FC21BB7FE269FBCBF21CDCE72.e.3571/click - {}
COMMAND: POST /session/66378cfa955b204dd4036b616783721e/element - {"using":"xpath","value":"//*[@id=\"backBtn\"]"}
RESULT: {"using":"xpath","value":"//*[@id=\"backBtn\"]"}
COMMAND: POST /session/66378cfa955b204dd4036b616783721e/element/f.EA8BC91478AA3376EDB3372197FF8A3D.d.8455F54FC21BB7FE269FBCBF21CDCE72.e.3894/click - {}
RESULT: {}
COMMAND: GET /session/66378cfa955b204dd4036b616783721e/screenshot - {}
RESULT: {}
]]></system-out>
    </testcase>
    <testcase classname="chrome.136_0_7103_93.windows.Sanity_Tests_US104253" name="Should open ISC Templates page" time="37.483">
      <system-out><![CDATA[
COMMAND: POST /session/66378cfa955b204dd4036b616783721e/execute/async - {"script":"<script> [1562 bytes]","args":[{"selector":{"controlType":"sap.m.GenericTile","properties":{"header":"ISC Templates"}},"wdio_ui5_key":"sapm.GenericTile{\"header\":\"ISC Templates\"}"}]}
RESULT: {"script":"<script> [1562 bytes]","args":[{"selector":{"controlType":"sap.m.GenericTile","properties":{"header":"ISC Templates"}},"wdio_ui5_key":"sapm.GenericTile{\"header\":\"ISC Templates\"}"}]}
RESULT: undefined
COMMAND: POST /session/66378cfa955b204dd4036b616783721e/element - {"using":"xpath","value":"//*[@id=\"__tile111\"]"}
RESULT: {"using":"xpath","value":"//*[@id=\"__tile111\"]"}
COMMAND: POST /session/66378cfa955b204dd4036b616783721e/element/f.EA8BC91478AA3376EDB3372197FF8A3D.d.8455F54FC21BB7FE269FBCBF21CDCE72.e.3896/click - {}
RESULT: {}
COMMAND: GET /session/66378cfa955b204dd4036b616783721e/screenshot - {}
RESULT: {}
COMMAND: POST /session/66378cfa955b204dd4036b616783721e/elements - {"using":"xpath","value":"//span[text()='Error']"}
RESULT: {"using":"xpath","value":"//span[text()='Error']"}
RESULT: undefined
COMMAND: POST /session/66378cfa955b204dd4036b616783721e/element - {"using":"xpath","value":"//*[@id=\"__tile111\"]"}
RESULT: {"using":"xpath","value":"//*[@id=\"__tile111\"]"}
COMMAND: POST /session/66378cfa955b204dd4036b616783721e/element/f.EA8BC91478AA3376EDB3372197FF8A3D.d.8455F54FC21BB7FE269FBCBF21CDCE72.e.3896/click - {}
RESULT: undefined
COMMAND: POST /session/66378cfa955b204dd4036b616783721e/element - {"using":"xpath","value":"//*[@id=\"__tile111\"]"}
RESULT: {"using":"xpath","value":"//*[@id=\"__tile111\"]"}
COMMAND: POST /session/66378cfa955b204dd4036b616783721e/element/f.EA8BC91478AA3376EDB3372197FF8A3D.d.8455F54FC21BB7FE269FBCBF21CDCE72.e.3896/click - {}
RESULT: undefined
COMMAND: POST /session/66378cfa955b204dd4036b616783721e/execute/async - {"script":"<script> [6424 bytes]","args":[{"element-6066-11e4-a52e-4f735466cecf":"f.EA8BC91478AA3376EDB3372197FF8A3D.d.8455F54FC21BB7FE269FBCBF21CDCE72.e.294"},"getTitle",[]]}
COMMAND: POST /session/66378cfa955b204dd4036b616783721e/execute/async - {"script":"<script> [1562 bytes]","args":[{"selector":{"id":"shellAppTitle"},"wdio_ui5_key":"shellAppTitle"}]}
RESULT: {"script":"<script> [1562 bytes]","args":[{"selector":{"id":"shellAppTitle"},"wdio_ui5_key":"shellAppTitle"}]}
COMMAND: POST /session/66378cfa955b204dd4036b616783721e/execute/async - {"script":"<script> [6424 bytes]","args":[{"element-6066-11e4-a52e-4f735466cecf":"f.EA8BC91478AA3376EDB3372197FF8A3D.d.8455F54FC21BB7FE269FBCBF21CDCE72.e.3963"},"getTitle",[]]}
RESULT: {"script":"<script> [6424 bytes]","args":[{"element-6066-11e4-a52e-4f735466cecf":"f.EA8BC91478AA3376EDB3372197FF8A3D.d.8455F54FC21BB7FE269FBCBF21CDCE72.e.3963"},"getTitle",[]]}
RESULT: undefined
COMMAND: POST /session/66378cfa955b204dd4036b616783721e/element/f.EA8BC91478AA3376EDB3372197FF8A3D.d.8455F54FC21BB7FE269FBCBF21CDCE72.e.3894/click - {}
RESULT: {}
COMMAND: GET /session/66378cfa955b204dd4036b616783721e/screenshot - {}
RESULT: {}
]]></system-out>
    </testcase>
    <testcase classname="chrome.136_0_7103_93.windows.Sanity_Tests_US104253" name="Should open ISC Schedules page" time="47.45">
      <system-out><![CDATA[
COMMAND: POST /session/66378cfa955b204dd4036b616783721e/execute/async - {"script":"<script> [1562 bytes]","args":[{"selector":{"controlType":"sap.m.GenericTile","properties":{"header":"ISC Schedules"}},"wdio_ui5_key":"sapm.GenericTile{\"header\":\"ISC Schedules\"}"}]}
RESULT: {"script":"<script> [1562 bytes]","args":[{"selector":{"controlType":"sap.m.GenericTile","properties":{"header":"ISC Schedules"}},"wdio_ui5_key":"sapm.GenericTile{\"header\":\"ISC Schedules\"}"}]}
RESULT: undefined
COMMAND: POST /session/66378cfa955b204dd4036b616783721e/element - {"using":"xpath","value":"//*[@id=\"__tile109\"]"}
RESULT: {"using":"xpath","value":"//*[@id=\"__tile109\"]"}
COMMAND: POST /session/66378cfa955b204dd4036b616783721e/element/f.EA8BC91478AA3376EDB3372197FF8A3D.d.8455F54FC21BB7FE269FBCBF21CDCE72.e.3966/click - {}
RESULT: {}
COMMAND: GET /session/66378cfa955b204dd4036b616783721e/screenshot - {}
RESULT: {}
COMMAND: POST /session/66378cfa955b204dd4036b616783721e/elements - {"using":"xpath","value":"//span[text()='Error']"}
RESULT: {"using":"xpath","value":"//span[text()='Error']"}
RESULT: undefined
COMMAND: POST /session/66378cfa955b204dd4036b616783721e/element - {"using":"xpath","value":"//*[@id=\"__tile109\"]"}
RESULT: {"using":"xpath","value":"//*[@id=\"__tile109\"]"}
COMMAND: POST /session/66378cfa955b204dd4036b616783721e/element/f.EA8BC91478AA3376EDB3372197FF8A3D.d.8455F54FC21BB7FE269FBCBF21CDCE72.e.3966/click - {}
RESULT: undefined
COMMAND: POST /session/66378cfa955b204dd4036b616783721e/element - {"using":"xpath","value":"//*[@id=\"__tile109\"]"}
RESULT: {"using":"xpath","value":"//*[@id=\"__tile109\"]"}
COMMAND: POST /session/66378cfa955b204dd4036b616783721e/element/f.EA8BC91478AA3376EDB3372197FF8A3D.d.8455F54FC21BB7FE269FBCBF21CDCE72.e.3966/click - {}
RESULT: undefined
COMMAND: POST /session/66378cfa955b204dd4036b616783721e/execute/async - {"script":"<script> [6424 bytes]","args":[{"element-6066-11e4-a52e-4f735466cecf":"f.EA8BC91478AA3376EDB3372197FF8A3D.d.8455F54FC21BB7FE269FBCBF21CDCE72.e.294"},"getTitle",[]]}
COMMAND: POST /session/66378cfa955b204dd4036b616783721e/execute/async - {"script":"<script> [1562 bytes]","args":[{"selector":{"id":"shellAppTitle"},"wdio_ui5_key":"shellAppTitle"}]}
RESULT: {"script":"<script> [1562 bytes]","args":[{"selector":{"id":"shellAppTitle"},"wdio_ui5_key":"shellAppTitle"}]}
COMMAND: POST /session/66378cfa955b204dd4036b616783721e/execute/async - {"script":"<script> [6424 bytes]","args":[{"element-6066-11e4-a52e-4f735466cecf":"f.EA8BC91478AA3376EDB3372197FF8A3D.d.8455F54FC21BB7FE269FBCBF21CDCE72.e.4160"},"getTitle",[]]}
RESULT: {"script":"<script> [6424 bytes]","args":[{"element-6066-11e4-a52e-4f735466cecf":"f.EA8BC91478AA3376EDB3372197FF8A3D.d.8455F54FC21BB7FE269FBCBF21CDCE72.e.4160"},"getTitle",[]]}
RESULT: undefined
COMMAND: POST /session/66378cfa955b204dd4036b616783721e/element/f.EA8BC91478AA3376EDB3372197FF8A3D.d.8455F54FC21BB7FE269FBCBF21CDCE72.e.3894/click - {}
COMMAND: POST /session/66378cfa955b204dd4036b616783721e/element - {"using":"xpath","value":"//*[@id=\"backBtn\"]"}
RESULT: {"using":"xpath","value":"//*[@id=\"backBtn\"]"}
COMMAND: POST /session/66378cfa955b204dd4036b616783721e/element/f.EA8BC91478AA3376EDB3372197FF8A3D.d.8455F54FC21BB7FE269FBCBF21CDCE72.e.3894/click - {}
COMMAND: POST /session/66378cfa955b204dd4036b616783721e/element - {"using":"xpath","value":"//*[@id=\"backBtn\"]"}
RESULT: {"using":"xpath","value":"//*[@id=\"backBtn\"]"}
COMMAND: POST /session/66378cfa955b204dd4036b616783721e/element/f.EA8BC91478AA3376EDB3372197FF8A3D.d.8455F54FC21BB7FE269FBCBF21CDCE72.e.4161/click - {}
RESULT: {}
COMMAND: GET /session/66378cfa955b204dd4036b616783721e/screenshot - {}
RESULT: {}
]]></system-out>
    </testcase>
    <testcase classname="chrome.136_0_7103_93.windows.Sanity_Tests_US104253" name="Should open ISC Dashboard page" time="39.697">
      <system-out><![CDATA[
COMMAND: POST /session/66378cfa955b204dd4036b616783721e/execute/async - {"script":"<script> [1562 bytes]","args":[{"selector":{"controlType":"sap.m.GenericTile","properties":{"header":"ISC Dashboard"}},"wdio_ui5_key":"sapm.GenericTile{\"header\":\"ISC Dashboard\"}"}]}
RESULT: {"script":"<script> [1562 bytes]","args":[{"selector":{"controlType":"sap.m.GenericTile","properties":{"header":"ISC Dashboard"}},"wdio_ui5_key":"sapm.GenericTile{\"header\":\"ISC Dashboard\"}"}]}
RESULT: undefined
COMMAND: POST /session/66378cfa955b204dd4036b616783721e/element - {"using":"xpath","value":"//*[@id=\"__tile106\"]"}
RESULT: {"using":"xpath","value":"//*[@id=\"__tile106\"]"}
COMMAND: POST /session/66378cfa955b204dd4036b616783721e/element/f.EA8BC91478AA3376EDB3372197FF8A3D.d.8455F54FC21BB7FE269FBCBF21CDCE72.e.4163/click - {}
RESULT: {}
COMMAND: GET /session/66378cfa955b204dd4036b616783721e/screenshot - {}
RESULT: {}
COMMAND: POST /session/66378cfa955b204dd4036b616783721e/elements - {"using":"xpath","value":"//span[text()='Error']"}
RESULT: {"using":"xpath","value":"//span[text()='Error']"}
RESULT: undefined
COMMAND: POST /session/66378cfa955b204dd4036b616783721e/element - {"using":"xpath","value":"//*[@id=\"__tile106\"]"}
RESULT: {"using":"xpath","value":"//*[@id=\"__tile106\"]"}
COMMAND: POST /session/66378cfa955b204dd4036b616783721e/element/f.EA8BC91478AA3376EDB3372197FF8A3D.d.8455F54FC21BB7FE269FBCBF21CDCE72.e.4163/click - {}
RESULT: undefined
COMMAND: POST /session/66378cfa955b204dd4036b616783721e/element - {"using":"xpath","value":"//*[@id=\"__tile106\"]"}
RESULT: {"using":"xpath","value":"//*[@id=\"__tile106\"]"}
COMMAND: POST /session/66378cfa955b204dd4036b616783721e/element/f.EA8BC91478AA3376EDB3372197FF8A3D.d.8455F54FC21BB7FE269FBCBF21CDCE72.e.4163/click - {}
RESULT: undefined
COMMAND: POST /session/66378cfa955b204dd4036b616783721e/execute/async - {"script":"<script> [6424 bytes]","args":[{"element-6066-11e4-a52e-4f735466cecf":"f.EA8BC91478AA3376EDB3372197FF8A3D.d.8455F54FC21BB7FE269FBCBF21CDCE72.e.294"},"getTitle",[]]}
COMMAND: POST /session/66378cfa955b204dd4036b616783721e/execute/async - {"script":"<script> [1562 bytes]","args":[{"selector":{"id":"shellAppTitle"},"wdio_ui5_key":"shellAppTitle"}]}
RESULT: {"script":"<script> [1562 bytes]","args":[{"selector":{"id":"shellAppTitle"},"wdio_ui5_key":"shellAppTitle"}]}
COMMAND: POST /session/66378cfa955b204dd4036b616783721e/execute/async - {"script":"<script> [6424 bytes]","args":[{"element-6066-11e4-a52e-4f735466cecf":"f.EA8BC91478AA3376EDB3372197FF8A3D.d.8455F54FC21BB7FE269FBCBF21CDCE72.e.4289"},"getTitle",[]]}
RESULT: {"script":"<script> [6424 bytes]","args":[{"element-6066-11e4-a52e-4f735466cecf":"f.EA8BC91478AA3376EDB3372197FF8A3D.d.8455F54FC21BB7FE269FBCBF21CDCE72.e.4289"},"getTitle",[]]}
RESULT: undefined
COMMAND: POST /session/66378cfa955b204dd4036b616783721e/element/f.EA8BC91478AA3376EDB3372197FF8A3D.d.8455F54FC21BB7FE269FBCBF21CDCE72.e.4161/click - {}
RESULT: {}
COMMAND: GET /session/66378cfa955b204dd4036b616783721e/screenshot - {}
RESULT: {}
]]></system-out>
    </testcase>
    <testcase classname="chrome.136_0_7103_93.windows.Sanity_Tests_US104253" name="Should open ISC Orders page" time="39.457">
      <system-out><![CDATA[
COMMAND: POST /session/66378cfa955b204dd4036b616783721e/execute/async - {"script":"<script> [1562 bytes]","args":[{"selector":{"controlType":"sap.m.GenericTile","properties":{"header":"ISC Orders"}},"wdio_ui5_key":"sapm.GenericTile{\"header\":\"ISC Orders\"}"}]}
RESULT: {"script":"<script> [1562 bytes]","args":[{"selector":{"controlType":"sap.m.GenericTile","properties":{"header":"ISC Orders"}},"wdio_ui5_key":"sapm.GenericTile{\"header\":\"ISC Orders\"}"}]}
RESULT: undefined
COMMAND: POST /session/66378cfa955b204dd4036b616783721e/element - {"using":"xpath","value":"//*[@id=\"__tile108\"]"}
RESULT: {"using":"xpath","value":"//*[@id=\"__tile108\"]"}
COMMAND: POST /session/66378cfa955b204dd4036b616783721e/element/f.EA8BC91478AA3376EDB3372197FF8A3D.d.8455F54FC21BB7FE269FBCBF21CDCE72.e.4291/click - {}
RESULT: {}
COMMAND: GET /session/66378cfa955b204dd4036b616783721e/screenshot - {}
RESULT: {}
COMMAND: POST /session/66378cfa955b204dd4036b616783721e/elements - {"using":"xpath","value":"//span[text()='Error']"}
RESULT: {"using":"xpath","value":"//span[text()='Error']"}
RESULT: undefined
COMMAND: POST /session/66378cfa955b204dd4036b616783721e/element - {"using":"xpath","value":"//*[@id=\"__tile108\"]"}
RESULT: {"using":"xpath","value":"//*[@id=\"__tile108\"]"}
COMMAND: POST /session/66378cfa955b204dd4036b616783721e/element/f.EA8BC91478AA3376EDB3372197FF8A3D.d.8455F54FC21BB7FE269FBCBF21CDCE72.e.4291/click - {}
RESULT: undefined
COMMAND: POST /session/66378cfa955b204dd4036b616783721e/element - {"using":"xpath","value":"//*[@id=\"__tile108\"]"}
RESULT: {"using":"xpath","value":"//*[@id=\"__tile108\"]"}
COMMAND: POST /session/66378cfa955b204dd4036b616783721e/element/f.EA8BC91478AA3376EDB3372197FF8A3D.d.8455F54FC21BB7FE269FBCBF21CDCE72.e.4291/click - {}
RESULT: undefined
COMMAND: POST /session/66378cfa955b204dd4036b616783721e/execute/async - {"script":"<script> [6424 bytes]","args":[{"element-6066-11e4-a52e-4f735466cecf":"f.EA8BC91478AA3376EDB3372197FF8A3D.d.8455F54FC21BB7FE269FBCBF21CDCE72.e.294"},"getTitle",[]]}
COMMAND: POST /session/66378cfa955b204dd4036b616783721e/execute/async - {"script":"<script> [1562 bytes]","args":[{"selector":{"id":"shellAppTitle"},"wdio_ui5_key":"shellAppTitle"}]}
RESULT: {"script":"<script> [1562 bytes]","args":[{"selector":{"id":"shellAppTitle"},"wdio_ui5_key":"shellAppTitle"}]}
COMMAND: POST /session/66378cfa955b204dd4036b616783721e/execute/async - {"script":"<script> [6424 bytes]","args":[{"element-6066-11e4-a52e-4f735466cecf":"f.EA8BC91478AA3376EDB3372197FF8A3D.d.8455F54FC21BB7FE269FBCBF21CDCE72.e.4394"},"getTitle",[]]}
RESULT: {"script":"<script> [6424 bytes]","args":[{"element-6066-11e4-a52e-4f735466cecf":"f.EA8BC91478AA3376EDB3372197FF8A3D.d.8455F54FC21BB7FE269FBCBF21CDCE72.e.4394"},"getTitle",[]]}
RESULT: undefined
COMMAND: POST /session/66378cfa955b204dd4036b616783721e/element/f.EA8BC91478AA3376EDB3372197FF8A3D.d.8455F54FC21BB7FE269FBCBF21CDCE72.e.4161/click - {}
COMMAND: POST /session/66378cfa955b204dd4036b616783721e/element - {"using":"xpath","value":"//*[@id=\"backBtn\"]"}
RESULT: {"using":"xpath","value":"//*[@id=\"backBtn\"]"}
COMMAND: POST /session/66378cfa955b204dd4036b616783721e/element/f.EA8BC91478AA3376EDB3372197FF8A3D.d.8455F54FC21BB7FE269FBCBF21CDCE72.e.4161/click - {}
COMMAND: POST /session/66378cfa955b204dd4036b616783721e/element - {"using":"xpath","value":"//*[@id=\"backBtn\"]"}
RESULT: {"using":"xpath","value":"//*[@id=\"backBtn\"]"}
COMMAND: POST /session/66378cfa955b204dd4036b616783721e/element/f.EA8BC91478AA3376EDB3372197FF8A3D.d.8455F54FC21BB7FE269FBCBF21CDCE72.e.4395/click - {}
RESULT: {}
COMMAND: GET /session/66378cfa955b204dd4036b616783721e/screenshot - {}
RESULT: {}
]]></system-out>
    </testcase>
    <testcase classname="chrome.136_0_7103_93.windows.Sanity_Tests_US104253" name="Should open ISC Tasks page" time="44.027">
      <system-out><![CDATA[
COMMAND: POST /session/66378cfa955b204dd4036b616783721e/execute/async - {"script":"<script> [1562 bytes]","args":[{"selector":{"controlType":"sap.m.GenericTile","properties":{"header":"ISC Tasks"}},"wdio_ui5_key":"sapm.GenericTile{\"header\":\"ISC Tasks\"}"}]}
RESULT: {"script":"<script> [1562 bytes]","args":[{"selector":{"controlType":"sap.m.GenericTile","properties":{"header":"ISC Tasks"}},"wdio_ui5_key":"sapm.GenericTile{\"header\":\"ISC Tasks\"}"}]}
RESULT: undefined
COMMAND: POST /session/66378cfa955b204dd4036b616783721e/element - {"using":"xpath","value":"//*[@id=\"__tile110\"]"}
RESULT: {"using":"xpath","value":"//*[@id=\"__tile110\"]"}
COMMAND: POST /session/66378cfa955b204dd4036b616783721e/element/f.EA8BC91478AA3376EDB3372197FF8A3D.d.8455F54FC21BB7FE269FBCBF21CDCE72.e.4397/click - {}
RESULT: {}
COMMAND: GET /session/66378cfa955b204dd4036b616783721e/screenshot - {}
RESULT: {}
COMMAND: POST /session/66378cfa955b204dd4036b616783721e/elements - {"using":"xpath","value":"//span[text()='Error']"}
RESULT: {"using":"xpath","value":"//span[text()='Error']"}
RESULT: undefined
COMMAND: POST /session/66378cfa955b204dd4036b616783721e/element - {"using":"xpath","value":"//*[@id=\"__tile110\"]"}
RESULT: {"using":"xpath","value":"//*[@id=\"__tile110\"]"}
COMMAND: POST /session/66378cfa955b204dd4036b616783721e/element/f.EA8BC91478AA3376EDB3372197FF8A3D.d.8455F54FC21BB7FE269FBCBF21CDCE72.e.4397/click - {}
RESULT: undefined
COMMAND: POST /session/66378cfa955b204dd4036b616783721e/element - {"using":"xpath","value":"//*[@id=\"__tile110\"]"}
RESULT: {"using":"xpath","value":"//*[@id=\"__tile110\"]"}
COMMAND: POST /session/66378cfa955b204dd4036b616783721e/element/f.EA8BC91478AA3376EDB3372197FF8A3D.d.8455F54FC21BB7FE269FBCBF21CDCE72.e.4397/click - {}
RESULT: undefined
COMMAND: POST /session/66378cfa955b204dd4036b616783721e/execute/async - {"script":"<script> [6424 bytes]","args":[{"element-6066-11e4-a52e-4f735466cecf":"f.EA8BC91478AA3376EDB3372197FF8A3D.d.8455F54FC21BB7FE269FBCBF21CDCE72.e.294"},"getTitle",[]]}
COMMAND: POST /session/66378cfa955b204dd4036b616783721e/execute/async - {"script":"<script> [1562 bytes]","args":[{"selector":{"id":"shellAppTitle"},"wdio_ui5_key":"shellAppTitle"}]}
RESULT: {"script":"<script> [1562 bytes]","args":[{"selector":{"id":"shellAppTitle"},"wdio_ui5_key":"shellAppTitle"}]}
COMMAND: POST /session/66378cfa955b204dd4036b616783721e/execute/async - {"script":"<script> [6424 bytes]","args":[{"element-6066-11e4-a52e-4f735466cecf":"f.EA8BC91478AA3376EDB3372197FF8A3D.d.8455F54FC21BB7FE269FBCBF21CDCE72.e.4484"},"getTitle",[]]}
RESULT: {"script":"<script> [6424 bytes]","args":[{"element-6066-11e4-a52e-4f735466cecf":"f.EA8BC91478AA3376EDB3372197FF8A3D.d.8455F54FC21BB7FE269FBCBF21CDCE72.e.4484"},"getTitle",[]]}
RESULT: undefined
COMMAND: POST /session/66378cfa955b204dd4036b616783721e/element/f.EA8BC91478AA3376EDB3372197FF8A3D.d.8455F54FC21BB7FE269FBCBF21CDCE72.e.4395/click - {}
RESULT: {}
COMMAND: GET /session/66378cfa955b204dd4036b616783721e/screenshot - {}
RESULT: {}
]]></system-out>
    </testcase>
    <testcase classname="chrome.136_0_7103_93.windows.Sanity_Tests_US104253" name="Should open Manage Resource Logbook page" time="39.793">
      <system-out><![CDATA[
COMMAND: POST /session/66378cfa955b204dd4036b616783721e/execute/async - {"script":"<script> [1562 bytes]","args":[{"selector":{"controlType":"sap.m.GenericTile","properties":{"header":"Manage Resource Logbook"}},"wdio_ui5_key":"sapm.GenericTile{\"header\":\"Manage Resource Logbook\"}"}]}
RESULT: {"script":"<script> [1562 bytes]","args":[{"selector":{"controlType":"sap.m.GenericTile","properties":{"header":"Manage Resource Logbook"}},"wdio_ui5_key":"sapm.GenericTile{\"header\":\"Manage Resource Logbook\"}"}]}
RESULT: undefined
COMMAND: POST /session/66378cfa955b204dd4036b616783721e/element - {"using":"xpath","value":"//*[@id=\"__tile113\"]"}
RESULT: {"using":"xpath","value":"//*[@id=\"__tile113\"]"}
COMMAND: POST /session/66378cfa955b204dd4036b616783721e/element/f.EA8BC91478AA3376EDB3372197FF8A3D.d.8455F54FC21BB7FE269FBCBF21CDCE72.e.4486/click - {}
RESULT: {}
COMMAND: GET /session/66378cfa955b204dd4036b616783721e/screenshot - {}
RESULT: {}
COMMAND: POST /session/66378cfa955b204dd4036b616783721e/elements - {"using":"xpath","value":"//span[text()='Error']"}
RESULT: {"using":"xpath","value":"//span[text()='Error']"}
RESULT: undefined
COMMAND: POST /session/66378cfa955b204dd4036b616783721e/element - {"using":"xpath","value":"//*[@id=\"__tile113\"]"}
RESULT: {"using":"xpath","value":"//*[@id=\"__tile113\"]"}
COMMAND: POST /session/66378cfa955b204dd4036b616783721e/element/f.EA8BC91478AA3376EDB3372197FF8A3D.d.8455F54FC21BB7FE269FBCBF21CDCE72.e.4486/click - {}
RESULT: undefined
COMMAND: POST /session/66378cfa955b204dd4036b616783721e/element - {"using":"xpath","value":"//*[@id=\"__tile113\"]"}
RESULT: {"using":"xpath","value":"//*[@id=\"__tile113\"]"}
COMMAND: POST /session/66378cfa955b204dd4036b616783721e/element/f.EA8BC91478AA3376EDB3372197FF8A3D.d.8455F54FC21BB7FE269FBCBF21CDCE72.e.4486/click - {}
RESULT: undefined
COMMAND: POST /session/66378cfa955b204dd4036b616783721e/execute/async - {"script":"<script> [6424 bytes]","args":[{"element-6066-11e4-a52e-4f735466cecf":"f.EA8BC91478AA3376EDB3372197FF8A3D.d.8455F54FC21BB7FE269FBCBF21CDCE72.e.294"},"getTitle",[]]}
COMMAND: POST /session/66378cfa955b204dd4036b616783721e/execute/async - {"script":"<script> [1562 bytes]","args":[{"selector":{"id":"shellAppTitle"},"wdio_ui5_key":"shellAppTitle"}]}
RESULT: {"script":"<script> [1562 bytes]","args":[{"selector":{"id":"shellAppTitle"},"wdio_ui5_key":"shellAppTitle"}]}
COMMAND: POST /session/66378cfa955b204dd4036b616783721e/execute/async - {"script":"<script> [6424 bytes]","args":[{"element-6066-11e4-a52e-4f735466cecf":"f.EA8BC91478AA3376EDB3372197FF8A3D.d.8455F54FC21BB7FE269FBCBF21CDCE72.e.4579"},"getTitle",[]]}
RESULT: {"script":"<script> [6424 bytes]","args":[{"element-6066-11e4-a52e-4f735466cecf":"f.EA8BC91478AA3376EDB3372197FF8A3D.d.8455F54FC21BB7FE269FBCBF21CDCE72.e.4579"},"getTitle",[]]}
RESULT: undefined
COMMAND: POST /session/66378cfa955b204dd4036b616783721e/element/f.EA8BC91478AA3376EDB3372197FF8A3D.d.8455F54FC21BB7FE269FBCBF21CDCE72.e.4395/click - {}
COMMAND: POST /session/66378cfa955b204dd4036b616783721e/element - {"using":"xpath","value":"//*[@id=\"backBtn\"]"}
RESULT: {"using":"xpath","value":"//*[@id=\"backBtn\"]"}
COMMAND: POST /session/66378cfa955b204dd4036b616783721e/element/f.EA8BC91478AA3376EDB3372197FF8A3D.d.8455F54FC21BB7FE269FBCBF21CDCE72.e.4395/click - {}
COMMAND: POST /session/66378cfa955b204dd4036b616783721e/element - {"using":"xpath","value":"//*[@id=\"backBtn\"]"}
RESULT: {"using":"xpath","value":"//*[@id=\"backBtn\"]"}
COMMAND: POST /session/66378cfa955b204dd4036b616783721e/element/f.EA8BC91478AA3376EDB3372197FF8A3D.d.8455F54FC21BB7FE269FBCBF21CDCE72.e.4580/click - {}
RESULT: {}
COMMAND: GET /session/66378cfa955b204dd4036b616783721e/screenshot - {}
RESULT: {}
]]></system-out>
    </testcase>
    <testcase classname="chrome.136_0_7103_93.windows.Sanity_Tests_US104253" name="Should open Manage Logbook page" time="37.665">
      <system-out><![CDATA[
COMMAND: POST /session/66378cfa955b204dd4036b616783721e/execute/async - {"script":"<script> [1562 bytes]","args":[{"selector":{"controlType":"sap.m.GenericTile","properties":{"header":"Manage Logbook"}},"wdio_ui5_key":"sapm.GenericTile{\"header\":\"Manage Logbook\"}"}]}
RESULT: {"script":"<script> [1562 bytes]","args":[{"selector":{"controlType":"sap.m.GenericTile","properties":{"header":"Manage Logbook"}},"wdio_ui5_key":"sapm.GenericTile{\"header\":\"Manage Logbook\"}"}]}
RESULT: undefined
COMMAND: POST /session/66378cfa955b204dd4036b616783721e/element - {"using":"xpath","value":"//*[@id=\"__tile112\"]"}
RESULT: {"using":"xpath","value":"//*[@id=\"__tile112\"]"}
COMMAND: POST /session/66378cfa955b204dd4036b616783721e/element/f.EA8BC91478AA3376EDB3372197FF8A3D.d.8455F54FC21BB7FE269FBCBF21CDCE72.e.4582/click - {}
RESULT: {}
COMMAND: GET /session/66378cfa955b204dd4036b616783721e/screenshot - {}
RESULT: {}
COMMAND: POST /session/66378cfa955b204dd4036b616783721e/elements - {"using":"xpath","value":"//span[text()='Error']"}
RESULT: {"using":"xpath","value":"//span[text()='Error']"}
RESULT: undefined
COMMAND: POST /session/66378cfa955b204dd4036b616783721e/element - {"using":"xpath","value":"//*[@id=\"__tile112\"]"}
RESULT: {"using":"xpath","value":"//*[@id=\"__tile112\"]"}
COMMAND: POST /session/66378cfa955b204dd4036b616783721e/element/f.EA8BC91478AA3376EDB3372197FF8A3D.d.8455F54FC21BB7FE269FBCBF21CDCE72.e.4582/click - {}
RESULT: undefined
COMMAND: POST /session/66378cfa955b204dd4036b616783721e/element - {"using":"xpath","value":"//*[@id=\"__tile112\"]"}
RESULT: {"using":"xpath","value":"//*[@id=\"__tile112\"]"}
COMMAND: POST /session/66378cfa955b204dd4036b616783721e/element/f.EA8BC91478AA3376EDB3372197FF8A3D.d.8455F54FC21BB7FE269FBCBF21CDCE72.e.4582/click - {}
RESULT: undefined
COMMAND: POST /session/66378cfa955b204dd4036b616783721e/execute/async - {"script":"<script> [6424 bytes]","args":[{"element-6066-11e4-a52e-4f735466cecf":"f.EA8BC91478AA3376EDB3372197FF8A3D.d.8455F54FC21BB7FE269FBCBF21CDCE72.e.294"},"getTitle",[]]}
COMMAND: POST /session/66378cfa955b204dd4036b616783721e/execute/async - {"script":"<script> [1562 bytes]","args":[{"selector":{"id":"shellAppTitle"},"wdio_ui5_key":"shellAppTitle"}]}
RESULT: {"script":"<script> [1562 bytes]","args":[{"selector":{"id":"shellAppTitle"},"wdio_ui5_key":"shellAppTitle"}]}
COMMAND: POST /session/66378cfa955b204dd4036b616783721e/execute/async - {"script":"<script> [6424 bytes]","args":[{"element-6066-11e4-a52e-4f735466cecf":"f.EA8BC91478AA3376EDB3372197FF8A3D.d.8455F54FC21BB7FE269FBCBF21CDCE72.e.4659"},"getTitle",[]]}
RESULT: {"script":"<script> [6424 bytes]","args":[{"element-6066-11e4-a52e-4f735466cecf":"f.EA8BC91478AA3376EDB3372197FF8A3D.d.8455F54FC21BB7FE269FBCBF21CDCE72.e.4659"},"getTitle",[]]}
RESULT: undefined
COMMAND: POST /session/66378cfa955b204dd4036b616783721e/element/f.EA8BC91478AA3376EDB3372197FF8A3D.d.8455F54FC21BB7FE269FBCBF21CDCE72.e.4580/click - {}
RESULT: {}
COMMAND: GET /session/66378cfa955b204dd4036b616783721e/screenshot - {}
RESULT: {}
]]></system-out>
    </testcase>
    <testcase classname="chrome.136_0_7103_93.windows.Sanity_Tests_US104253" name="Should open ISC Orders Calendar page" time="39.161">
      <system-out><![CDATA[
COMMAND: POST /session/66378cfa955b204dd4036b616783721e/execute/async - {"script":"<script> [1562 bytes]","args":[{"selector":{"controlType":"sap.m.GenericTile","properties":{"header":"ISC Orders Calendar"}},"wdio_ui5_key":"sapm.GenericTile{\"header\":\"ISC Orders Calendar\"}"}]}
RESULT: {"script":"<script> [1562 bytes]","args":[{"selector":{"controlType":"sap.m.GenericTile","properties":{"header":"ISC Orders Calendar"}},"wdio_ui5_key":"sapm.GenericTile{\"header\":\"ISC Orders Calendar\"}"}]}
RESULT: undefined
COMMAND: POST /session/66378cfa955b204dd4036b616783721e/element - {"using":"xpath","value":"//*[@id=\"__tile107\"]"}
RESULT: {"using":"xpath","value":"//*[@id=\"__tile107\"]"}
COMMAND: POST /session/66378cfa955b204dd4036b616783721e/element/f.EA8BC91478AA3376EDB3372197FF8A3D.d.8455F54FC21BB7FE269FBCBF21CDCE72.e.4661/click - {}
RESULT: {}
COMMAND: GET /session/66378cfa955b204dd4036b616783721e/screenshot - {}
RESULT: {}
COMMAND: POST /session/66378cfa955b204dd4036b616783721e/elements - {"using":"xpath","value":"//span[text()='Error']"}
RESULT: {"using":"xpath","value":"//span[text()='Error']"}
RESULT: undefined
COMMAND: POST /session/66378cfa955b204dd4036b616783721e/element - {"using":"xpath","value":"//*[@id=\"__tile107\"]"}
RESULT: {"using":"xpath","value":"//*[@id=\"__tile107\"]"}
COMMAND: POST /session/66378cfa955b204dd4036b616783721e/element/f.EA8BC91478AA3376EDB3372197FF8A3D.d.8455F54FC21BB7FE269FBCBF21CDCE72.e.4661/click - {}
RESULT: undefined
COMMAND: POST /session/66378cfa955b204dd4036b616783721e/element - {"using":"xpath","value":"//*[@id=\"__tile107\"]"}
RESULT: {"using":"xpath","value":"//*[@id=\"__tile107\"]"}
COMMAND: POST /session/66378cfa955b204dd4036b616783721e/element/f.EA8BC91478AA3376EDB3372197FF8A3D.d.8455F54FC21BB7FE269FBCBF21CDCE72.e.4661/click - {}
RESULT: undefined
COMMAND: POST /session/66378cfa955b204dd4036b616783721e/execute/async - {"script":"<script> [6424 bytes]","args":[{"element-6066-11e4-a52e-4f735466cecf":"f.EA8BC91478AA3376EDB3372197FF8A3D.d.8455F54FC21BB7FE269FBCBF21CDCE72.e.294"},"getTitle",[]]}
COMMAND: POST /session/66378cfa955b204dd4036b616783721e/execute/async - {"script":"<script> [1562 bytes]","args":[{"selector":{"id":"shellAppTitle"},"wdio_ui5_key":"shellAppTitle"}]}
RESULT: {"script":"<script> [1562 bytes]","args":[{"selector":{"id":"shellAppTitle"},"wdio_ui5_key":"shellAppTitle"}]}
COMMAND: POST /session/66378cfa955b204dd4036b616783721e/execute/async - {"script":"<script> [6424 bytes]","args":[{"element-6066-11e4-a52e-4f735466cecf":"f.EA8BC91478AA3376EDB3372197FF8A3D.d.8455F54FC21BB7FE269FBCBF21CDCE72.e.4868"},"getTitle",[]]}
RESULT: {"script":"<script> [6424 bytes]","args":[{"element-6066-11e4-a52e-4f735466cecf":"f.EA8BC91478AA3376EDB3372197FF8A3D.d.8455F54FC21BB7FE269FBCBF21CDCE72.e.4868"},"getTitle",[]]}
RESULT: undefined
COMMAND: POST /session/66378cfa955b204dd4036b616783721e/element/f.EA8BC91478AA3376EDB3372197FF8A3D.d.8455F54FC21BB7FE269FBCBF21CDCE72.e.4580/click - {}
COMMAND: POST /session/66378cfa955b204dd4036b616783721e/element - {"using":"xpath","value":"//*[@id=\"backBtn\"]"}
RESULT: {"using":"xpath","value":"//*[@id=\"backBtn\"]"}
COMMAND: POST /session/66378cfa955b204dd4036b616783721e/element/f.EA8BC91478AA3376EDB3372197FF8A3D.d.8455F54FC21BB7FE269FBCBF21CDCE72.e.4580/click - {}
COMMAND: POST /session/66378cfa955b204dd4036b616783721e/element - {"using":"xpath","value":"//*[@id=\"backBtn\"]"}
RESULT: {"using":"xpath","value":"//*[@id=\"backBtn\"]"}
COMMAND: POST /session/66378cfa955b204dd4036b616783721e/element/f.EA8BC91478AA3376EDB3372197FF8A3D.d.8455F54FC21BB7FE269FBCBF21CDCE72.e.4869/click - {}
RESULT: {}
COMMAND: GET /session/66378cfa955b204dd4036b616783721e/screenshot - {}
RESULT: {}
]]></system-out>
    </testcase>
    <testcase classname="chrome.136_0_7103_93.windows.Sanity_Tests_US104253" name="Should open Configure System page" time="39.917">
      <system-out><![CDATA[
COMMAND: POST /session/66378cfa955b204dd4036b616783721e/execute/async - {"script":"<script> [1562 bytes]","args":[{"selector":{"controlType":"sap.m.GenericTile","properties":{"header":"Configure System"}},"wdio_ui5_key":"sapm.GenericTile{\"header\":\"Configure System\"}"}]}
RESULT: {"script":"<script> [1562 bytes]","args":[{"selector":{"controlType":"sap.m.GenericTile","properties":{"header":"Configure System"}},"wdio_ui5_key":"sapm.GenericTile{\"header\":\"Configure System\"}"}]}
RESULT: undefined
COMMAND: POST /session/66378cfa955b204dd4036b616783721e/element - {"using":"xpath","value":"//*[@id=\"__tile114\"]"}
RESULT: {"using":"xpath","value":"//*[@id=\"__tile114\"]"}
COMMAND: POST /session/66378cfa955b204dd4036b616783721e/element/f.EA8BC91478AA3376EDB3372197FF8A3D.d.8455F54FC21BB7FE269FBCBF21CDCE72.e.4871/click - {}
RESULT: {}
COMMAND: GET /session/66378cfa955b204dd4036b616783721e/screenshot - {}
RESULT: {}
COMMAND: POST /session/66378cfa955b204dd4036b616783721e/elements - {"using":"xpath","value":"//span[text()='Error']"}
RESULT: {"using":"xpath","value":"//span[text()='Error']"}
RESULT: undefined
COMMAND: POST /session/66378cfa955b204dd4036b616783721e/element - {"using":"xpath","value":"//*[@id=\"__tile114\"]"}
RESULT: {"using":"xpath","value":"//*[@id=\"__tile114\"]"}
COMMAND: POST /session/66378cfa955b204dd4036b616783721e/element/f.EA8BC91478AA3376EDB3372197FF8A3D.d.8455F54FC21BB7FE269FBCBF21CDCE72.e.4871/click - {}
RESULT: undefined
COMMAND: POST /session/66378cfa955b204dd4036b616783721e/element - {"using":"xpath","value":"//*[@id=\"__tile114\"]"}
RESULT: {"using":"xpath","value":"//*[@id=\"__tile114\"]"}
COMMAND: POST /session/66378cfa955b204dd4036b616783721e/element/f.EA8BC91478AA3376EDB3372197FF8A3D.d.8455F54FC21BB7FE269FBCBF21CDCE72.e.4871/click - {}
RESULT: undefined
COMMAND: POST /session/66378cfa955b204dd4036b616783721e/execute/async - {"script":"<script> [6424 bytes]","args":[{"element-6066-11e4-a52e-4f735466cecf":"f.EA8BC91478AA3376EDB3372197FF8A3D.d.8455F54FC21BB7FE269FBCBF21CDCE72.e.294"},"getTitle",[]]}
COMMAND: POST /session/66378cfa955b204dd4036b616783721e/execute/async - {"script":"<script> [1562 bytes]","args":[{"selector":{"id":"shellAppTitle"},"wdio_ui5_key":"shellAppTitle"}]}
RESULT: {"script":"<script> [1562 bytes]","args":[{"selector":{"id":"shellAppTitle"},"wdio_ui5_key":"shellAppTitle"}]}
COMMAND: POST /session/66378cfa955b204dd4036b616783721e/execute/async - {"script":"<script> [6424 bytes]","args":[{"element-6066-11e4-a52e-4f735466cecf":"f.EA8BC91478AA3376EDB3372197FF8A3D.d.8455F54FC21BB7FE269FBCBF21CDCE72.e.4911"},"getTitle",[]]}
RESULT: {"script":"<script> [6424 bytes]","args":[{"element-6066-11e4-a52e-4f735466cecf":"f.EA8BC91478AA3376EDB3372197FF8A3D.d.8455F54FC21BB7FE269FBCBF21CDCE72.e.4911"},"getTitle",[]]}
RESULT: undefined
COMMAND: POST /session/66378cfa955b204dd4036b616783721e/element/f.EA8BC91478AA3376EDB3372197FF8A3D.d.8455F54FC21BB7FE269FBCBF21CDCE72.e.4869/click - {}
RESULT: {}
COMMAND: GET /session/66378cfa955b204dd4036b616783721e/screenshot - {}
RESULT: {}
]]></system-out>
    </testcase>
    <testcase classname="chrome.136_0_7103_93.windows.Sanity_Tests_US104253" name="Should open Manage Classifications page" time="43.378">
      <system-out><![CDATA[
COMMAND: POST /session/66378cfa955b204dd4036b616783721e/execute/async - {"script":"<script> [1562 bytes]","args":[{"selector":{"controlType":"sap.m.GenericTile","properties":{"header":"Manage Classifications"}},"wdio_ui5_key":"sapm.GenericTile{\"header\":\"Manage Classifications\"}"}]}
RESULT: {"script":"<script> [1562 bytes]","args":[{"selector":{"controlType":"sap.m.GenericTile","properties":{"header":"Manage Classifications"}},"wdio_ui5_key":"sapm.GenericTile{\"header\":\"Manage Classifications\"}"}]}
RESULT: undefined
COMMAND: POST /session/66378cfa955b204dd4036b616783721e/element - {"using":"xpath","value":"//*[@id=\"__tile115\"]"}
RESULT: {"using":"xpath","value":"//*[@id=\"__tile115\"]"}
COMMAND: POST /session/66378cfa955b204dd4036b616783721e/element/f.EA8BC91478AA3376EDB3372197FF8A3D.d.8455F54FC21BB7FE269FBCBF21CDCE72.e.4915/click - {}
RESULT: {}
COMMAND: GET /session/66378cfa955b204dd4036b616783721e/screenshot - {}
RESULT: {}
COMMAND: POST /session/66378cfa955b204dd4036b616783721e/elements - {"using":"xpath","value":"//span[text()='Error']"}
RESULT: {"using":"xpath","value":"//span[text()='Error']"}
RESULT: undefined
COMMAND: POST /session/66378cfa955b204dd4036b616783721e/element - {"using":"xpath","value":"//*[@id=\"__tile115\"]"}
RESULT: {"using":"xpath","value":"//*[@id=\"__tile115\"]"}
COMMAND: POST /session/66378cfa955b204dd4036b616783721e/element/f.EA8BC91478AA3376EDB3372197FF8A3D.d.8455F54FC21BB7FE269FBCBF21CDCE72.e.4915/click - {}
RESULT: undefined
COMMAND: POST /session/66378cfa955b204dd4036b616783721e/element - {"using":"xpath","value":"//*[@id=\"__tile115\"]"}
RESULT: {"using":"xpath","value":"//*[@id=\"__tile115\"]"}
COMMAND: POST /session/66378cfa955b204dd4036b616783721e/element/f.EA8BC91478AA3376EDB3372197FF8A3D.d.8455F54FC21BB7FE269FBCBF21CDCE72.e.4915/click - {}
RESULT: undefined
COMMAND: POST /session/66378cfa955b204dd4036b616783721e/execute/async - {"script":"<script> [6424 bytes]","args":[{"element-6066-11e4-a52e-4f735466cecf":"f.EA8BC91478AA3376EDB3372197FF8A3D.d.8455F54FC21BB7FE269FBCBF21CDCE72.e.294"},"getTitle",[]]}
COMMAND: POST /session/66378cfa955b204dd4036b616783721e/execute/async - {"script":"<script> [1562 bytes]","args":[{"selector":{"id":"shellAppTitle"},"wdio_ui5_key":"shellAppTitle"}]}
RESULT: {"script":"<script> [1562 bytes]","args":[{"selector":{"id":"shellAppTitle"},"wdio_ui5_key":"shellAppTitle"}]}
COMMAND: POST /session/66378cfa955b204dd4036b616783721e/execute/async - {"script":"<script> [6424 bytes]","args":[{"element-6066-11e4-a52e-4f735466cecf":"f.EA8BC91478AA3376EDB3372197FF8A3D.d.8455F54FC21BB7FE269FBCBF21CDCE72.e.5034"},"getTitle",[]]}
RESULT: {"script":"<script> [6424 bytes]","args":[{"element-6066-11e4-a52e-4f735466cecf":"f.EA8BC91478AA3376EDB3372197FF8A3D.d.8455F54FC21BB7FE269FBCBF21CDCE72.e.5034"},"getTitle",[]]}
RESULT: undefined
COMMAND: POST /session/66378cfa955b204dd4036b616783721e/element/f.EA8BC91478AA3376EDB3372197FF8A3D.d.8455F54FC21BB7FE269FBCBF21CDCE72.e.4869/click - {}
COMMAND: POST /session/66378cfa955b204dd4036b616783721e/element - {"using":"xpath","value":"//*[@id=\"backBtn\"]"}
RESULT: {"using":"xpath","value":"//*[@id=\"backBtn\"]"}
COMMAND: POST /session/66378cfa955b204dd4036b616783721e/element/f.EA8BC91478AA3376EDB3372197FF8A3D.d.8455F54FC21BB7FE269FBCBF21CDCE72.e.4869/click - {}
COMMAND: POST /session/66378cfa955b204dd4036b616783721e/element - {"using":"xpath","value":"//*[@id=\"backBtn\"]"}
RESULT: {"using":"xpath","value":"//*[@id=\"backBtn\"]"}
COMMAND: POST /session/66378cfa955b204dd4036b616783721e/element/f.EA8BC91478AA3376EDB3372197FF8A3D.d.8455F54FC21BB7FE269FBCBF21CDCE72.e.5035/click - {}
RESULT: {}
COMMAND: GET /session/66378cfa955b204dd4036b616783721e/screenshot - {}
RESULT: {}
]]></system-out>
    </testcase>
    <testcase classname="chrome.136_0_7103_93.windows.Sanity_Tests_US104253" name="Should open Data Explorer page" time="41.531">
      <system-out><![CDATA[
COMMAND: POST /session/66378cfa955b204dd4036b616783721e/execute/async - {"script":"<script> [1562 bytes]","args":[{"selector":{"controlType":"sap.m.GenericTile","properties":{"header":"Data Explorer"}},"wdio_ui5_key":"sapm.GenericTile{\"header\":\"Data Explorer\"}"}]}
RESULT: {"script":"<script> [1562 bytes]","args":[{"selector":{"controlType":"sap.m.GenericTile","properties":{"header":"Data Explorer"}},"wdio_ui5_key":"sapm.GenericTile{\"header\":\"Data Explorer\"}"}]}
RESULT: undefined
COMMAND: POST /session/66378cfa955b204dd4036b616783721e/element - {"using":"xpath","value":"//*[@id=\"__tile117\"]"}
RESULT: {"using":"xpath","value":"//*[@id=\"__tile117\"]"}
COMMAND: POST /session/66378cfa955b204dd4036b616783721e/element/f.EA8BC91478AA3376EDB3372197FF8A3D.d.8455F54FC21BB7FE269FBCBF21CDCE72.e.5037/click - {}
RESULT: {}
COMMAND: GET /session/66378cfa955b204dd4036b616783721e/screenshot - {}
RESULT: {}
COMMAND: POST /session/66378cfa955b204dd4036b616783721e/elements - {"using":"xpath","value":"//span[text()='Error']"}
RESULT: {"using":"xpath","value":"//span[text()='Error']"}
RESULT: undefined
COMMAND: POST /session/66378cfa955b204dd4036b616783721e/element - {"using":"xpath","value":"//*[@id=\"__tile117\"]"}
RESULT: {"using":"xpath","value":"//*[@id=\"__tile117\"]"}
COMMAND: POST /session/66378cfa955b204dd4036b616783721e/element/f.EA8BC91478AA3376EDB3372197FF8A3D.d.8455F54FC21BB7FE269FBCBF21CDCE72.e.5037/click - {}
RESULT: undefined
COMMAND: POST /session/66378cfa955b204dd4036b616783721e/element - {"using":"xpath","value":"//*[@id=\"__tile117\"]"}
RESULT: {"using":"xpath","value":"//*[@id=\"__tile117\"]"}
COMMAND: POST /session/66378cfa955b204dd4036b616783721e/element/f.EA8BC91478AA3376EDB3372197FF8A3D.d.8455F54FC21BB7FE269FBCBF21CDCE72.e.5037/click - {}
RESULT: undefined
COMMAND: POST /session/66378cfa955b204dd4036b616783721e/execute/async - {"script":"<script> [6424 bytes]","args":[{"element-6066-11e4-a52e-4f735466cecf":"f.EA8BC91478AA3376EDB3372197FF8A3D.d.8455F54FC21BB7FE269FBCBF21CDCE72.e.294"},"getTitle",[]]}
COMMAND: POST /session/66378cfa955b204dd4036b616783721e/execute/async - {"script":"<script> [1562 bytes]","args":[{"selector":{"id":"shellAppTitle"},"wdio_ui5_key":"shellAppTitle"}]}
RESULT: {"script":"<script> [1562 bytes]","args":[{"selector":{"id":"shellAppTitle"},"wdio_ui5_key":"shellAppTitle"}]}
COMMAND: POST /session/66378cfa955b204dd4036b616783721e/execute/async - {"script":"<script> [6424 bytes]","args":[{"element-6066-11e4-a52e-4f735466cecf":"f.EA8BC91478AA3376EDB3372197FF8A3D.d.8455F54FC21BB7FE269FBCBF21CDCE72.e.5192"},"getTitle",[]]}
RESULT: {"script":"<script> [6424 bytes]","args":[{"element-6066-11e4-a52e-4f735466cecf":"f.EA8BC91478AA3376EDB3372197FF8A3D.d.8455F54FC21BB7FE269FBCBF21CDCE72.e.5192"},"getTitle",[]]}
RESULT: undefined
COMMAND: POST /session/66378cfa955b204dd4036b616783721e/element/f.EA8BC91478AA3376EDB3372197FF8A3D.d.8455F54FC21BB7FE269FBCBF21CDCE72.e.5035/click - {}
RESULT: {}
COMMAND: GET /session/66378cfa955b204dd4036b616783721e/screenshot - {}
RESULT: {}
]]></system-out>
    </testcase>
    <testcase classname="chrome.136_0_7103_93.windows.Sanity_Tests_US104253" name="Should open Performance Monitor page" time="38.468">
      <system-out><![CDATA[
COMMAND: POST /session/66378cfa955b204dd4036b616783721e/execute/async - {"script":"<script> [1562 bytes]","args":[{"selector":{"controlType":"sap.m.GenericTile","properties":{"header":"Performance Monitor"}},"wdio_ui5_key":"sapm.GenericTile{\"header\":\"Performance Monitor\"}"}]}
RESULT: {"script":"<script> [1562 bytes]","args":[{"selector":{"controlType":"sap.m.GenericTile","properties":{"header":"Performance Monitor"}},"wdio_ui5_key":"sapm.GenericTile{\"header\":\"Performance Monitor\"}"}]}
RESULT: undefined
COMMAND: POST /session/66378cfa955b204dd4036b616783721e/element - {"using":"xpath","value":"//*[@id=\"__tile116\"]"}
RESULT: {"using":"xpath","value":"//*[@id=\"__tile116\"]"}
COMMAND: POST /session/66378cfa955b204dd4036b616783721e/element/f.EA8BC91478AA3376EDB3372197FF8A3D.d.8455F54FC21BB7FE269FBCBF21CDCE72.e.5194/click - {}
RESULT: {}
COMMAND: GET /session/66378cfa955b204dd4036b616783721e/screenshot - {}
RESULT: {}
COMMAND: POST /session/66378cfa955b204dd4036b616783721e/elements - {"using":"xpath","value":"//span[text()='Error']"}
RESULT: {"using":"xpath","value":"//span[text()='Error']"}
RESULT: undefined
COMMAND: POST /session/66378cfa955b204dd4036b616783721e/element - {"using":"xpath","value":"//*[@id=\"__tile116\"]"}
RESULT: {"using":"xpath","value":"//*[@id=\"__tile116\"]"}
COMMAND: POST /session/66378cfa955b204dd4036b616783721e/element/f.EA8BC91478AA3376EDB3372197FF8A3D.d.8455F54FC21BB7FE269FBCBF21CDCE72.e.5194/click - {}
RESULT: undefined
COMMAND: POST /session/66378cfa955b204dd4036b616783721e/element - {"using":"xpath","value":"//*[@id=\"__tile116\"]"}
RESULT: {"using":"xpath","value":"//*[@id=\"__tile116\"]"}
COMMAND: POST /session/66378cfa955b204dd4036b616783721e/element/f.EA8BC91478AA3376EDB3372197FF8A3D.d.8455F54FC21BB7FE269FBCBF21CDCE72.e.5194/click - {}
RESULT: undefined
COMMAND: POST /session/66378cfa955b204dd4036b616783721e/execute/async - {"script":"<script> [6424 bytes]","args":[{"element-6066-11e4-a52e-4f735466cecf":"f.EA8BC91478AA3376EDB3372197FF8A3D.d.8455F54FC21BB7FE269FBCBF21CDCE72.e.294"},"getTitle",[]]}
COMMAND: POST /session/66378cfa955b204dd4036b616783721e/execute/async - {"script":"<script> [1562 bytes]","args":[{"selector":{"id":"shellAppTitle"},"wdio_ui5_key":"shellAppTitle"}]}
RESULT: {"script":"<script> [1562 bytes]","args":[{"selector":{"id":"shellAppTitle"},"wdio_ui5_key":"shellAppTitle"}]}
COMMAND: POST /session/66378cfa955b204dd4036b616783721e/execute/async - {"script":"<script> [6424 bytes]","args":[{"element-6066-11e4-a52e-4f735466cecf":"f.EA8BC91478AA3376EDB3372197FF8A3D.d.8455F54FC21BB7FE269FBCBF21CDCE72.e.5234"},"getTitle",[]]}
RESULT: {"script":"<script> [6424 bytes]","args":[{"element-6066-11e4-a52e-4f735466cecf":"f.EA8BC91478AA3376EDB3372197FF8A3D.d.8455F54FC21BB7FE269FBCBF21CDCE72.e.5234"},"getTitle",[]]}
RESULT: undefined
COMMAND: POST /session/66378cfa955b204dd4036b616783721e/element/f.EA8BC91478AA3376EDB3372197FF8A3D.d.8455F54FC21BB7FE269FBCBF21CDCE72.e.5035/click - {}
COMMAND: POST /session/66378cfa955b204dd4036b616783721e/element - {"using":"xpath","value":"//*[@id=\"backBtn\"]"}
RESULT: {"using":"xpath","value":"//*[@id=\"backBtn\"]"}
COMMAND: POST /session/66378cfa955b204dd4036b616783721e/element/f.EA8BC91478AA3376EDB3372197FF8A3D.d.8455F54FC21BB7FE269FBCBF21CDCE72.e.5035/click - {}
COMMAND: POST /session/66378cfa955b204dd4036b616783721e/element - {"using":"xpath","value":"//*[@id=\"backBtn\"]"}
RESULT: {"using":"xpath","value":"//*[@id=\"backBtn\"]"}
COMMAND: POST /session/66378cfa955b204dd4036b616783721e/element/f.EA8BC91478AA3376EDB3372197FF8A3D.d.8455F54FC21BB7FE269FBCBF21CDCE72.e.5235/click - {}
RESULT: {}
COMMAND: GET /session/66378cfa955b204dd4036b616783721e/screenshot - {}
RESULT: {}
]]></system-out>
    </testcase>
    <testcase classname="chrome.136_0_7103_93.windows.Sanity_Tests_US104253" name="Should open Organizational Model page" time="40.313">
      <system-out><![CDATA[
COMMAND: POST /session/66378cfa955b204dd4036b616783721e/execute/async - {"script":"<script> [1562 bytes]","args":[{"selector":{"controlType":"sap.m.GenericTile","properties":{"header":"Organizational Model"}},"wdio_ui5_key":"sapm.GenericTile{\"header\":\"Organizational Model\"}"}]}
RESULT: {"script":"<script> [1562 bytes]","args":[{"selector":{"controlType":"sap.m.GenericTile","properties":{"header":"Organizational Model"}},"wdio_ui5_key":"sapm.GenericTile{\"header\":\"Organizational Model\"}"}]}
RESULT: undefined
COMMAND: POST /session/66378cfa955b204dd4036b616783721e/element - {"using":"xpath","value":"//*[@id=\"__tile120\"]"}
RESULT: {"using":"xpath","value":"//*[@id=\"__tile120\"]"}
COMMAND: POST /session/66378cfa955b204dd4036b616783721e/element/f.EA8BC91478AA3376EDB3372197FF8A3D.d.8455F54FC21BB7FE269FBCBF21CDCE72.e.5237/click - {}
RESULT: {}
COMMAND: GET /session/66378cfa955b204dd4036b616783721e/screenshot - {}
RESULT: {}
COMMAND: POST /session/66378cfa955b204dd4036b616783721e/elements - {"using":"xpath","value":"//span[text()='Error']"}
RESULT: {"using":"xpath","value":"//span[text()='Error']"}
RESULT: undefined
COMMAND: POST /session/66378cfa955b204dd4036b616783721e/element - {"using":"xpath","value":"//*[@id=\"__tile120\"]"}
RESULT: {"using":"xpath","value":"//*[@id=\"__tile120\"]"}
COMMAND: POST /session/66378cfa955b204dd4036b616783721e/element/f.EA8BC91478AA3376EDB3372197FF8A3D.d.8455F54FC21BB7FE269FBCBF21CDCE72.e.5237/click - {}
RESULT: undefined
COMMAND: POST /session/66378cfa955b204dd4036b616783721e/element - {"using":"xpath","value":"//*[@id=\"__tile120\"]"}
RESULT: {"using":"xpath","value":"//*[@id=\"__tile120\"]"}
COMMAND: POST /session/66378cfa955b204dd4036b616783721e/element/f.EA8BC91478AA3376EDB3372197FF8A3D.d.8455F54FC21BB7FE269FBCBF21CDCE72.e.5237/click - {}
RESULT: undefined
COMMAND: POST /session/66378cfa955b204dd4036b616783721e/execute/async - {"script":"<script> [6424 bytes]","args":[{"element-6066-11e4-a52e-4f735466cecf":"f.EA8BC91478AA3376EDB3372197FF8A3D.d.8455F54FC21BB7FE269FBCBF21CDCE72.e.294"},"getTitle",[]]}
COMMAND: POST /session/66378cfa955b204dd4036b616783721e/execute/async - {"script":"<script> [1562 bytes]","args":[{"selector":{"id":"shellAppTitle"},"wdio_ui5_key":"shellAppTitle"}]}
RESULT: {"script":"<script> [1562 bytes]","args":[{"selector":{"id":"shellAppTitle"},"wdio_ui5_key":"shellAppTitle"}]}
COMMAND: POST /session/66378cfa955b204dd4036b616783721e/execute/async - {"script":"<script> [6424 bytes]","args":[{"element-6066-11e4-a52e-4f735466cecf":"f.EA8BC91478AA3376EDB3372197FF8A3D.d.8455F54FC21BB7FE269FBCBF21CDCE72.e.5256"},"getTitle",[]]}
RESULT: {"script":"<script> [6424 bytes]","args":[{"element-6066-11e4-a52e-4f735466cecf":"f.EA8BC91478AA3376EDB3372197FF8A3D.d.8455F54FC21BB7FE269FBCBF21CDCE72.e.5256"},"getTitle",[]]}
RESULT: undefined
COMMAND: POST /session/66378cfa955b204dd4036b616783721e/element/f.EA8BC91478AA3376EDB3372197FF8A3D.d.8455F54FC21BB7FE269FBCBF21CDCE72.e.5235/click - {}
RESULT: {}
COMMAND: GET /session/66378cfa955b204dd4036b616783721e/screenshot - {}
RESULT: {}
]]></system-out>
    </testcase>
    <testcase classname="chrome.136_0_7103_93.windows.Sanity_Tests_US104253" name="Should open Manage Roles page" time="39.799">
      <system-out><![CDATA[
COMMAND: POST /session/66378cfa955b204dd4036b616783721e/execute/async - {"script":"<script> [1562 bytes]","args":[{"selector":{"controlType":"sap.m.GenericTile","properties":{"header":"Manage Roles"}},"wdio_ui5_key":"sapm.GenericTile{\"header\":\"Manage Roles\"}"}]}
RESULT: {"script":"<script> [1562 bytes]","args":[{"selector":{"controlType":"sap.m.GenericTile","properties":{"header":"Manage Roles"}},"wdio_ui5_key":"sapm.GenericTile{\"header\":\"Manage Roles\"}"}]}
RESULT: undefined
COMMAND: POST /session/66378cfa955b204dd4036b616783721e/element - {"using":"xpath","value":"//*[@id=\"__tile119\"]"}
RESULT: {"using":"xpath","value":"//*[@id=\"__tile119\"]"}
COMMAND: POST /session/66378cfa955b204dd4036b616783721e/element/f.EA8BC91478AA3376EDB3372197FF8A3D.d.8455F54FC21BB7FE269FBCBF21CDCE72.e.5258/click - {}
RESULT: {}
COMMAND: GET /session/66378cfa955b204dd4036b616783721e/screenshot - {}
RESULT: {}
COMMAND: POST /session/66378cfa955b204dd4036b616783721e/elements - {"using":"xpath","value":"//span[text()='Error']"}
RESULT: {"using":"xpath","value":"//span[text()='Error']"}
RESULT: undefined
COMMAND: POST /session/66378cfa955b204dd4036b616783721e/element - {"using":"xpath","value":"//*[@id=\"__tile119\"]"}
RESULT: {"using":"xpath","value":"//*[@id=\"__tile119\"]"}
COMMAND: POST /session/66378cfa955b204dd4036b616783721e/element/f.EA8BC91478AA3376EDB3372197FF8A3D.d.8455F54FC21BB7FE269FBCBF21CDCE72.e.5258/click - {}
RESULT: undefined
COMMAND: POST /session/66378cfa955b204dd4036b616783721e/element - {"using":"xpath","value":"//*[@id=\"__tile119\"]"}
RESULT: {"using":"xpath","value":"//*[@id=\"__tile119\"]"}
COMMAND: POST /session/66378cfa955b204dd4036b616783721e/element/f.EA8BC91478AA3376EDB3372197FF8A3D.d.8455F54FC21BB7FE269FBCBF21CDCE72.e.5258/click - {}
RESULT: undefined
COMMAND: POST /session/66378cfa955b204dd4036b616783721e/execute/async - {"script":"<script> [6424 bytes]","args":[{"element-6066-11e4-a52e-4f735466cecf":"f.EA8BC91478AA3376EDB3372197FF8A3D.d.8455F54FC21BB7FE269FBCBF21CDCE72.e.294"},"getTitle",[]]}
COMMAND: POST /session/66378cfa955b204dd4036b616783721e/execute/async - {"script":"<script> [1562 bytes]","args":[{"selector":{"id":"shellAppTitle"},"wdio_ui5_key":"shellAppTitle"}]}
RESULT: {"script":"<script> [1562 bytes]","args":[{"selector":{"id":"shellAppTitle"},"wdio_ui5_key":"shellAppTitle"}]}
COMMAND: POST /session/66378cfa955b204dd4036b616783721e/execute/async - {"script":"<script> [6424 bytes]","args":[{"element-6066-11e4-a52e-4f735466cecf":"f.EA8BC91478AA3376EDB3372197FF8A3D.d.8455F54FC21BB7FE269FBCBF21CDCE72.e.5302"},"getTitle",[]]}
RESULT: {"script":"<script> [6424 bytes]","args":[{"element-6066-11e4-a52e-4f735466cecf":"f.EA8BC91478AA3376EDB3372197FF8A3D.d.8455F54FC21BB7FE269FBCBF21CDCE72.e.5302"},"getTitle",[]]}
RESULT: undefined
COMMAND: POST /session/66378cfa955b204dd4036b616783721e/element/f.EA8BC91478AA3376EDB3372197FF8A3D.d.8455F54FC21BB7FE269FBCBF21CDCE72.e.5235/click - {}
COMMAND: POST /session/66378cfa955b204dd4036b616783721e/element - {"using":"xpath","value":"//*[@id=\"backBtn\"]"}
RESULT: {"using":"xpath","value":"//*[@id=\"backBtn\"]"}
COMMAND: POST /session/66378cfa955b204dd4036b616783721e/element/f.EA8BC91478AA3376EDB3372197FF8A3D.d.8455F54FC21BB7FE269FBCBF21CDCE72.e.5235/click - {}
COMMAND: POST /session/66378cfa955b204dd4036b616783721e/element - {"using":"xpath","value":"//*[@id=\"backBtn\"]"}
RESULT: {"using":"xpath","value":"//*[@id=\"backBtn\"]"}
COMMAND: POST /session/66378cfa955b204dd4036b616783721e/element/f.EA8BC91478AA3376EDB3372197FF8A3D.d.8455F54FC21BB7FE269FBCBF21CDCE72.e.5303/click - {}
RESULT: {}
COMMAND: GET /session/66378cfa955b204dd4036b616783721e/screenshot - {}
RESULT: {}
]]></system-out>
    </testcase>
    <testcase classname="chrome.136_0_7103_93.windows.Sanity_Tests_US104253" name="Should open Authorization Tables page" time="40.166">
      <system-out><![CDATA[
COMMAND: POST /session/66378cfa955b204dd4036b616783721e/execute/async - {"script":"<script> [1562 bytes]","args":[{"selector":{"controlType":"sap.m.GenericTile","properties":{"header":"Authorization Tables"}},"wdio_ui5_key":"sapm.GenericTile{\"header\":\"Authorization Tables\"}"}]}
RESULT: {"script":"<script> [1562 bytes]","args":[{"selector":{"controlType":"sap.m.GenericTile","properties":{"header":"Authorization Tables"}},"wdio_ui5_key":"sapm.GenericTile{\"header\":\"Authorization Tables\"}"}]}
RESULT: undefined
COMMAND: POST /session/66378cfa955b204dd4036b616783721e/element - {"using":"xpath","value":"//*[@id=\"__tile118\"]"}
RESULT: {"using":"xpath","value":"//*[@id=\"__tile118\"]"}
COMMAND: POST /session/66378cfa955b204dd4036b616783721e/element/f.EA8BC91478AA3376EDB3372197FF8A3D.d.8455F54FC21BB7FE269FBCBF21CDCE72.e.5305/click - {}
RESULT: {}
COMMAND: GET /session/66378cfa955b204dd4036b616783721e/screenshot - {}
COMMAND: POST /session/66378cfa955b204dd4036b616783721e/elements - {"using":"xpath","value":"//span[text()='Error']"}
RESULT: {}
RESULT: {"using":"xpath","value":"//span[text()='Error']"}
RESULT: undefined
COMMAND: POST /session/66378cfa955b204dd4036b616783721e/element - {"using":"xpath","value":"//*[@id=\"__tile118\"]"}
RESULT: {"using":"xpath","value":"//*[@id=\"__tile118\"]"}
COMMAND: POST /session/66378cfa955b204dd4036b616783721e/element/f.EA8BC91478AA3376EDB3372197FF8A3D.d.8455F54FC21BB7FE269FBCBF21CDCE72.e.5305/click - {}
RESULT: undefined
COMMAND: POST /session/66378cfa955b204dd4036b616783721e/element - {"using":"xpath","value":"//*[@id=\"__tile118\"]"}
RESULT: {"using":"xpath","value":"//*[@id=\"__tile118\"]"}
COMMAND: POST /session/66378cfa955b204dd4036b616783721e/element/f.EA8BC91478AA3376EDB3372197FF8A3D.d.8455F54FC21BB7FE269FBCBF21CDCE72.e.5305/click - {}
RESULT: undefined
COMMAND: POST /session/66378cfa955b204dd4036b616783721e/execute/async - {"script":"<script> [6424 bytes]","args":[{"element-6066-11e4-a52e-4f735466cecf":"f.EA8BC91478AA3376EDB3372197FF8A3D.d.8455F54FC21BB7FE269FBCBF21CDCE72.e.294"},"getTitle",[]]}
COMMAND: POST /session/66378cfa955b204dd4036b616783721e/execute/async - {"script":"<script> [1562 bytes]","args":[{"selector":{"id":"shellAppTitle"},"wdio_ui5_key":"shellAppTitle"}]}
RESULT: {"script":"<script> [1562 bytes]","args":[{"selector":{"id":"shellAppTitle"},"wdio_ui5_key":"shellAppTitle"}]}
COMMAND: POST /session/66378cfa955b204dd4036b616783721e/execute/async - {"script":"<script> [6424 bytes]","args":[{"element-6066-11e4-a52e-4f735466cecf":"f.EA8BC91478AA3376EDB3372197FF8A3D.d.8455F54FC21BB7FE269FBCBF21CDCE72.e.5383"},"getTitle",[]]}
RESULT: {"script":"<script> [6424 bytes]","args":[{"element-6066-11e4-a52e-4f735466cecf":"f.EA8BC91478AA3376EDB3372197FF8A3D.d.8455F54FC21BB7FE269FBCBF21CDCE72.e.5383"},"getTitle",[]]}
RESULT: undefined
COMMAND: POST /session/66378cfa955b204dd4036b616783721e/element/f.EA8BC91478AA3376EDB3372197FF8A3D.d.8455F54FC21BB7FE269FBCBF21CDCE72.e.5303/click - {}
RESULT: {}
COMMAND: GET /session/66378cfa955b204dd4036b616783721e/screenshot - {}
RESULT: {}
]]></system-out>
    </testcase>
    <testcase classname="chrome.136_0_7103_93.windows.Sanity_Tests_US104253" name="Should open User Maintenance page" time="37.959">
      <system-out><![CDATA[
COMMAND: POST /session/66378cfa955b204dd4036b616783721e/execute/async - {"script":"<script> [1562 bytes]","args":[{"selector":{"controlType":"sap.m.GenericTile","properties":{"header":"User Maintenance"}},"wdio_ui5_key":"sapm.GenericTile{\"header\":\"User Maintenance\"}"}]}
RESULT: {"script":"<script> [1562 bytes]","args":[{"selector":{"controlType":"sap.m.GenericTile","properties":{"header":"User Maintenance"}},"wdio_ui5_key":"sapm.GenericTile{\"header\":\"User Maintenance\"}"}]}
RESULT: undefined
COMMAND: POST /session/66378cfa955b204dd4036b616783721e/element - {"using":"xpath","value":"//*[@id=\"__tile121\"]"}
RESULT: {"using":"xpath","value":"//*[@id=\"__tile121\"]"}
COMMAND: POST /session/66378cfa955b204dd4036b616783721e/element/f.EA8BC91478AA3376EDB3372197FF8A3D.d.8455F54FC21BB7FE269FBCBF21CDCE72.e.5385/click - {}
RESULT: {}
COMMAND: GET /session/66378cfa955b204dd4036b616783721e/screenshot - {}
RESULT: {}
COMMAND: POST /session/66378cfa955b204dd4036b616783721e/elements - {"using":"xpath","value":"//span[text()='Error']"}
RESULT: {"using":"xpath","value":"//span[text()='Error']"}
RESULT: undefined
COMMAND: POST /session/66378cfa955b204dd4036b616783721e/element - {"using":"xpath","value":"//*[@id=\"__tile121\"]"}
RESULT: {"using":"xpath","value":"//*[@id=\"__tile121\"]"}
COMMAND: POST /session/66378cfa955b204dd4036b616783721e/element/f.EA8BC91478AA3376EDB3372197FF8A3D.d.8455F54FC21BB7FE269FBCBF21CDCE72.e.5385/click - {}
RESULT: undefined
COMMAND: POST /session/66378cfa955b204dd4036b616783721e/element - {"using":"xpath","value":"//*[@id=\"__tile121\"]"}
RESULT: {"using":"xpath","value":"//*[@id=\"__tile121\"]"}
COMMAND: POST /session/66378cfa955b204dd4036b616783721e/element/f.EA8BC91478AA3376EDB3372197FF8A3D.d.8455F54FC21BB7FE269FBCBF21CDCE72.e.5385/click - {}
RESULT: undefined
COMMAND: POST /session/66378cfa955b204dd4036b616783721e/execute/async - {"script":"<script> [6424 bytes]","args":[{"element-6066-11e4-a52e-4f735466cecf":"f.EA8BC91478AA3376EDB3372197FF8A3D.d.8455F54FC21BB7FE269FBCBF21CDCE72.e.294"},"getTitle",[]]}
COMMAND: POST /session/66378cfa955b204dd4036b616783721e/execute/async - {"script":"<script> [1562 bytes]","args":[{"selector":{"id":"shellAppTitle"},"wdio_ui5_key":"shellAppTitle"}]}
RESULT: {"script":"<script> [1562 bytes]","args":[{"selector":{"id":"shellAppTitle"},"wdio_ui5_key":"shellAppTitle"}]}
COMMAND: POST /session/66378cfa955b204dd4036b616783721e/execute/async - {"script":"<script> [6424 bytes]","args":[{"element-6066-11e4-a52e-4f735466cecf":"f.EA8BC91478AA3376EDB3372197FF8A3D.d.8455F54FC21BB7FE269FBCBF21CDCE72.e.5473"},"getTitle",[]]}
RESULT: {"script":"<script> [6424 bytes]","args":[{"element-6066-11e4-a52e-4f735466cecf":"f.EA8BC91478AA3376EDB3372197FF8A3D.d.8455F54FC21BB7FE269FBCBF21CDCE72.e.5473"},"getTitle",[]]}
RESULT: undefined
COMMAND: POST /session/66378cfa955b204dd4036b616783721e/element/f.EA8BC91478AA3376EDB3372197FF8A3D.d.8455F54FC21BB7FE269FBCBF21CDCE72.e.5303/click - {}
COMMAND: POST /session/66378cfa955b204dd4036b616783721e/element - {"using":"xpath","value":"//*[@id=\"backBtn\"]"}
RESULT: {"using":"xpath","value":"//*[@id=\"backBtn\"]"}
COMMAND: POST /session/66378cfa955b204dd4036b616783721e/element/f.EA8BC91478AA3376EDB3372197FF8A3D.d.8455F54FC21BB7FE269FBCBF21CDCE72.e.5303/click - {}
COMMAND: POST /session/66378cfa955b204dd4036b616783721e/element - {"using":"xpath","value":"//*[@id=\"backBtn\"]"}
RESULT: {"using":"xpath","value":"//*[@id=\"backBtn\"]"}
COMMAND: POST /session/66378cfa955b204dd4036b616783721e/element/f.EA8BC91478AA3376EDB3372197FF8A3D.d.8455F54FC21BB7FE269FBCBF21CDCE72.e.5474/click - {}
RESULT: {}
COMMAND: GET /session/66378cfa955b204dd4036b616783721e/screenshot - {}
RESULT: {}
]]></system-out>
    </testcase>
    <testcase classname="chrome.136_0_7103_93.windows.Sanity_Tests_US104253" name="Should open Schedule Jobs page" time="36.097">
      <system-out><![CDATA[
COMMAND: POST /session/66378cfa955b204dd4036b616783721e/execute/async - {"script":"<script> [1562 bytes]","args":[{"selector":{"controlType":"sap.m.GenericTile","properties":{"header":"Schedule Jobs"}},"wdio_ui5_key":"sapm.GenericTile{\"header\":\"Schedule Jobs\"}"}]}
RESULT: {"script":"<script> [1562 bytes]","args":[{"selector":{"controlType":"sap.m.GenericTile","properties":{"header":"Schedule Jobs"}},"wdio_ui5_key":"sapm.GenericTile{\"header\":\"Schedule Jobs\"}"}]}
RESULT: undefined
COMMAND: POST /session/66378cfa955b204dd4036b616783721e/element - {"using":"xpath","value":"//*[@id=\"__tile127\"]"}
RESULT: {"using":"xpath","value":"//*[@id=\"__tile127\"]"}
COMMAND: POST /session/66378cfa955b204dd4036b616783721e/element/f.EA8BC91478AA3376EDB3372197FF8A3D.d.8455F54FC21BB7FE269FBCBF21CDCE72.e.5477/click - {}
RESULT: {}
COMMAND: GET /session/66378cfa955b204dd4036b616783721e/screenshot - {}
RESULT: {}
COMMAND: POST /session/66378cfa955b204dd4036b616783721e/elements - {"using":"xpath","value":"//span[text()='Error']"}
RESULT: {"using":"xpath","value":"//span[text()='Error']"}
RESULT: undefined
COMMAND: POST /session/66378cfa955b204dd4036b616783721e/element - {"using":"xpath","value":"//*[@id=\"__tile127\"]"}
RESULT: {"using":"xpath","value":"//*[@id=\"__tile127\"]"}
COMMAND: POST /session/66378cfa955b204dd4036b616783721e/element/f.EA8BC91478AA3376EDB3372197FF8A3D.d.8455F54FC21BB7FE269FBCBF21CDCE72.e.5477/click - {}
RESULT: undefined
COMMAND: POST /session/66378cfa955b204dd4036b616783721e/element - {"using":"xpath","value":"//*[@id=\"__tile127\"]"}
RESULT: {"using":"xpath","value":"//*[@id=\"__tile127\"]"}
COMMAND: POST /session/66378cfa955b204dd4036b616783721e/element/f.EA8BC91478AA3376EDB3372197FF8A3D.d.8455F54FC21BB7FE269FBCBF21CDCE72.e.5477/click - {}
RESULT: undefined
COMMAND: POST /session/66378cfa955b204dd4036b616783721e/execute/async - {"script":"<script> [6424 bytes]","args":[{"element-6066-11e4-a52e-4f735466cecf":"f.EA8BC91478AA3376EDB3372197FF8A3D.d.8455F54FC21BB7FE269FBCBF21CDCE72.e.294"},"getTitle",[]]}
COMMAND: POST /session/66378cfa955b204dd4036b616783721e/execute/async - {"script":"<script> [1562 bytes]","args":[{"selector":{"id":"shellAppTitle"},"wdio_ui5_key":"shellAppTitle"}]}
RESULT: {"script":"<script> [1562 bytes]","args":[{"selector":{"id":"shellAppTitle"},"wdio_ui5_key":"shellAppTitle"}]}
COMMAND: POST /session/66378cfa955b204dd4036b616783721e/execute/async - {"script":"<script> [6424 bytes]","args":[{"element-6066-11e4-a52e-4f735466cecf":"f.EA8BC91478AA3376EDB3372197FF8A3D.d.8455F54FC21BB7FE269FBCBF21CDCE72.e.5522"},"getTitle",[]]}
RESULT: {"script":"<script> [6424 bytes]","args":[{"element-6066-11e4-a52e-4f735466cecf":"f.EA8BC91478AA3376EDB3372197FF8A3D.d.8455F54FC21BB7FE269FBCBF21CDCE72.e.5522"},"getTitle",[]]}
RESULT: undefined
COMMAND: POST /session/66378cfa955b204dd4036b616783721e/element/f.EA8BC91478AA3376EDB3372197FF8A3D.d.8455F54FC21BB7FE269FBCBF21CDCE72.e.5474/click - {}
COMMAND: POST /session/66378cfa955b204dd4036b616783721e/element/f.EA8BC91478AA3376EDB3372197FF8A3D.d.8455F54FC21BB7FE269FBCBF21CDCE72.e.5474/click - {}
RESULT: {}
COMMAND: GET /session/66378cfa955b204dd4036b616783721e/screenshot - {}
COMMAND: POST /session/66378cfa955b204dd4036b616783721e/element - {"using":"xpath","value":"//*[@id=\"backBtn\"]"}
RESULT: {}
RESULT: {"using":"xpath","value":"//*[@id=\"backBtn\"]"}
COMMAND: POST /session/66378cfa955b204dd4036b616783721e/elements - {"using":"xpath","value":"//*[@id=\"backBtn\"]"}
RESULT: {"using":"xpath","value":"//*[@id=\"backBtn\"]"}
COMMAND: POST /session/66378cfa955b204dd4036b616783721e/elements - {"using":"xpath","value":"//*[@id=\"backBtn\"]"}
RESULT: {"using":"xpath","value":"//*[@id=\"backBtn\"]"}
COMMAND: POST /session/66378cfa955b204dd4036b616783721e/elements - {"using":"xpath","value":"//*[@id=\"backBtn\"]"}
RESULT: {"using":"xpath","value":"//*[@id=\"backBtn\"]"}
COMMAND: POST /session/66378cfa955b204dd4036b616783721e/elements - {"using":"xpath","value":"//*[@id=\"backBtn\"]"}
RESULT: {"using":"xpath","value":"//*[@id=\"backBtn\"]"}
COMMAND: POST /session/66378cfa955b204dd4036b616783721e/elements - {"using":"xpath","value":"//*[@id=\"backBtn\"]"}
RESULT: {"using":"xpath","value":"//*[@id=\"backBtn\"]"}
COMMAND: POST /session/66378cfa955b204dd4036b616783721e/elements - {"using":"xpath","value":"//*[@id=\"backBtn\"]"}
RESULT: {"using":"xpath","value":"//*[@id=\"backBtn\"]"}
COMMAND: POST /session/66378cfa955b204dd4036b616783721e/elements - {"using":"xpath","value":"//*[@id=\"backBtn\"]"}
RESULT: {"using":"xpath","value":"//*[@id=\"backBtn\"]"}
COMMAND: POST /session/66378cfa955b204dd4036b616783721e/elements - {"using":"xpath","value":"//*[@id=\"backBtn\"]"}
RESULT: {"using":"xpath","value":"//*[@id=\"backBtn\"]"}
COMMAND: POST /session/66378cfa955b204dd4036b616783721e/elements - {"using":"xpath","value":"//*[@id=\"backBtn\"]"}
RESULT: {"using":"xpath","value":"//*[@id=\"backBtn\"]"}
COMMAND: POST /session/66378cfa955b204dd4036b616783721e/elements - {"using":"xpath","value":"//*[@id=\"backBtn\"]"}
RESULT: {"using":"xpath","value":"//*[@id=\"backBtn\"]"}
COMMAND: POST /session/66378cfa955b204dd4036b616783721e/elements - {"using":"xpath","value":"//*[@id=\"backBtn\"]"}
RESULT: {"using":"xpath","value":"//*[@id=\"backBtn\"]"}
COMMAND: POST /session/66378cfa955b204dd4036b616783721e/elements - {"using":"xpath","value":"//*[@id=\"backBtn\"]"}
RESULT: {"using":"xpath","value":"//*[@id=\"backBtn\"]"}
COMMAND: POST /session/66378cfa955b204dd4036b616783721e/elements - {"using":"xpath","value":"//*[@id=\"backBtn\"]"}
RESULT: {"using":"xpath","value":"//*[@id=\"backBtn\"]"}
COMMAND: POST /session/66378cfa955b204dd4036b616783721e/elements - {"using":"xpath","value":"//*[@id=\"backBtn\"]"}
RESULT: {"using":"xpath","value":"//*[@id=\"backBtn\"]"}
COMMAND: POST /session/66378cfa955b204dd4036b616783721e/elements - {"using":"xpath","value":"//*[@id=\"backBtn\"]"}
RESULT: {"using":"xpath","value":"//*[@id=\"backBtn\"]"}
COMMAND: POST /session/66378cfa955b204dd4036b616783721e/elements - {"using":"xpath","value":"//*[@id=\"backBtn\"]"}
RESULT: {"using":"xpath","value":"//*[@id=\"backBtn\"]"}
COMMAND: POST /session/66378cfa955b204dd4036b616783721e/elements - {"using":"xpath","value":"//*[@id=\"backBtn\"]"}
RESULT: {"using":"xpath","value":"//*[@id=\"backBtn\"]"}
COMMAND: POST /session/66378cfa955b204dd4036b616783721e/elements - {"using":"xpath","value":"//*[@id=\"backBtn\"]"}
RESULT: {"using":"xpath","value":"//*[@id=\"backBtn\"]"}
COMMAND: POST /session/66378cfa955b204dd4036b616783721e/elements - {"using":"xpath","value":"//*[@id=\"backBtn\"]"}
RESULT: {"using":"xpath","value":"//*[@id=\"backBtn\"]"}
]]></system-out>
    </testcase>
    <testcase classname="chrome.136_0_7103_93.windows.Sanity_Tests_US104253" name="Should open Jobs Setup page" time="40.527">
      <system-out><![CDATA[
COMMAND: POST /session/66378cfa955b204dd4036b616783721e/execute/async - {"script":"<script> [1562 bytes]","args":[{"selector":{"controlType":"sap.m.GenericTile","properties":{"header":"Jobs Setup"}},"wdio_ui5_key":"sapm.GenericTile{\"header\":\"Jobs Setup\"}"}]}
COMMAND: POST /session/66378cfa955b204dd4036b616783721e/elements - {"using":"xpath","value":"//*[@id=\"backBtn\"]"}
RESULT: {"script":"<script> [1562 bytes]","args":[{"selector":{"controlType":"sap.m.GenericTile","properties":{"header":"Jobs Setup"}},"wdio_ui5_key":"sapm.GenericTile{\"header\":\"Jobs Setup\"}"}]}
RESULT: undefined
COMMAND: POST /session/66378cfa955b204dd4036b616783721e/element - {"using":"xpath","value":"//*[@id=\"__tile128\"]"}
RESULT: {"using":"xpath","value":"//*[@id=\"backBtn\"]"}
RESULT: {"using":"xpath","value":"//*[@id=\"__tile128\"]"}
COMMAND: POST /session/66378cfa955b204dd4036b616783721e/element/f.EA8BC91478AA3376EDB3372197FF8A3D.d.8455F54FC21BB7FE269FBCBF21CDCE72.e.5524/click - {}
COMMAND: POST /session/66378cfa955b204dd4036b616783721e/elements - {"using":"xpath","value":"//*[@id=\"backBtn\"]"}
RESULT: {}
COMMAND: GET /session/66378cfa955b204dd4036b616783721e/screenshot - {}
RESULT: {"using":"xpath","value":"//*[@id=\"backBtn\"]"}
COMMAND: POST /session/66378cfa955b204dd4036b616783721e/elements - {"using":"xpath","value":"//*[@id=\"backBtn\"]"}
COMMAND: POST /session/66378cfa955b204dd4036b616783721e/elements - {"using":"xpath","value":"//span[text()='Error']"}
RESULT: {}
RESULT: {"using":"xpath","value":"//*[@id=\"backBtn\"]"}
COMMAND: POST /session/66378cfa955b204dd4036b616783721e/element - {"using":"xpath","value":"//*[@id=\"backBtn\"]"}
RESULT: {"using":"xpath","value":"//span[text()='Error']"}
RESULT: {"using":"xpath","value":"//*[@id=\"backBtn\"]"}
COMMAND: POST /session/66378cfa955b204dd4036b616783721e/element/f.EA8BC91478AA3376EDB3372197FF8A3D.d.8455F54FC21BB7FE269FBCBF21CDCE72.e.5474/click - {}
COMMAND: POST /session/66378cfa955b204dd4036b616783721e/element - {"using":"xpath","value":"//*[@id=\"backBtn\"]"}
RESULT: {"using":"xpath","value":"//*[@id=\"backBtn\"]"}
COMMAND: POST /session/66378cfa955b204dd4036b616783721e/element/f.EA8BC91478AA3376EDB3372197FF8A3D.d.8455F54FC21BB7FE269FBCBF21CDCE72.e.5717/click - {}
RESULT: {}
COMMAND: GET /session/66378cfa955b204dd4036b616783721e/screenshot - {}
RESULT: {}
RESULT: undefined
COMMAND: POST /session/66378cfa955b204dd4036b616783721e/element - {"using":"xpath","value":"//*[@id=\"__tile128\"]"}
RESULT: {"using":"xpath","value":"//*[@id=\"__tile128\"]"}
COMMAND: POST /session/66378cfa955b204dd4036b616783721e/element/f.EA8BC91478AA3376EDB3372197FF8A3D.d.8455F54FC21BB7FE269FBCBF21CDCE72.e.5524/click - {}
RESULT: undefined
COMMAND: POST /session/66378cfa955b204dd4036b616783721e/element - {"using":"xpath","value":"//*[@id=\"__tile128\"]"}
RESULT: {"using":"xpath","value":"//*[@id=\"__tile128\"]"}
COMMAND: POST /session/66378cfa955b204dd4036b616783721e/element/f.EA8BC91478AA3376EDB3372197FF8A3D.d.8455F54FC21BB7FE269FBCBF21CDCE72.e.5524/click - {}
RESULT: undefined
COMMAND: POST /session/66378cfa955b204dd4036b616783721e/execute/async - {"script":"<script> [6424 bytes]","args":[{"element-6066-11e4-a52e-4f735466cecf":"f.EA8BC91478AA3376EDB3372197FF8A3D.d.8455F54FC21BB7FE269FBCBF21CDCE72.e.294"},"getTitle",[]]}
COMMAND: POST /session/66378cfa955b204dd4036b616783721e/execute/async - {"script":"<script> [1562 bytes]","args":[{"selector":{"id":"shellAppTitle"},"wdio_ui5_key":"shellAppTitle"}]}
RESULT: {"script":"<script> [1562 bytes]","args":[{"selector":{"id":"shellAppTitle"},"wdio_ui5_key":"shellAppTitle"}]}
COMMAND: POST /session/66378cfa955b204dd4036b616783721e/execute/async - {"script":"<script> [6424 bytes]","args":[{"element-6066-11e4-a52e-4f735466cecf":"f.EA8BC91478AA3376EDB3372197FF8A3D.d.8455F54FC21BB7FE269FBCBF21CDCE72.e.5718"},"getTitle",[]]}
RESULT: {"script":"<script> [6424 bytes]","args":[{"element-6066-11e4-a52e-4f735466cecf":"f.EA8BC91478AA3376EDB3372197FF8A3D.d.8455F54FC21BB7FE269FBCBF21CDCE72.e.5718"},"getTitle",[]]}
RESULT: undefined
COMMAND: POST /session/66378cfa955b204dd4036b616783721e/element/f.EA8BC91478AA3376EDB3372197FF8A3D.d.8455F54FC21BB7FE269FBCBF21CDCE72.e.5717/click - {}
COMMAND: POST /session/66378cfa955b204dd4036b616783721e/element/f.EA8BC91478AA3376EDB3372197FF8A3D.d.8455F54FC21BB7FE269FBCBF21CDCE72.e.5717/click - {}
RESULT: {}
COMMAND: GET /session/66378cfa955b204dd4036b616783721e/screenshot - {}
RESULT: {}
COMMAND: GET /session/66378cfa955b204dd4036b616783721e/screenshot - {}
RESULT: {}
RESULT: {}
]]></system-out>
    </testcase>
    <testcase classname="chrome.136_0_7103_93.windows.Sanity_Tests_US104253" name="Should open Target Systems Configuration page" time="36.283">
      <system-out><![CDATA[
COMMAND: POST /session/66378cfa955b204dd4036b616783721e/execute/async - {"script":"<script> [1562 bytes]","args":[{"selector":{"controlType":"sap.m.GenericTile","properties":{"header":"Target Systems Configuration"}},"wdio_ui5_key":"sapm.GenericTile{\"header\":\"Target Systems Configuration\"}"}]}
RESULT: {"script":"<script> [1562 bytes]","args":[{"selector":{"controlType":"sap.m.GenericTile","properties":{"header":"Target Systems Configuration"}},"wdio_ui5_key":"sapm.GenericTile{\"header\":\"Target Systems Configuration\"}"}]}
RESULT: undefined
COMMAND: POST /session/66378cfa955b204dd4036b616783721e/element - {"using":"xpath","value":"//*[@id=\"__tile129\"]"}
RESULT: {"using":"xpath","value":"//*[@id=\"__tile129\"]"}
COMMAND: POST /session/66378cfa955b204dd4036b616783721e/element/f.EA8BC91478AA3376EDB3372197FF8A3D.d.8455F54FC21BB7FE269FBCBF21CDCE72.e.5720/click - {}
RESULT: {}
COMMAND: GET /session/66378cfa955b204dd4036b616783721e/screenshot - {}
RESULT: {}
COMMAND: POST /session/66378cfa955b204dd4036b616783721e/elements - {"using":"xpath","value":"//span[text()='Error']"}
RESULT: {"using":"xpath","value":"//span[text()='Error']"}
RESULT: undefined
COMMAND: POST /session/66378cfa955b204dd4036b616783721e/element - {"using":"xpath","value":"//*[@id=\"__tile129\"]"}
RESULT: {"using":"xpath","value":"//*[@id=\"__tile129\"]"}
COMMAND: POST /session/66378cfa955b204dd4036b616783721e/element/f.EA8BC91478AA3376EDB3372197FF8A3D.d.8455F54FC21BB7FE269FBCBF21CDCE72.e.5720/click - {}
RESULT: undefined
COMMAND: POST /session/66378cfa955b204dd4036b616783721e/element - {"using":"xpath","value":"//*[@id=\"__tile129\"]"}
RESULT: {"using":"xpath","value":"//*[@id=\"__tile129\"]"}
COMMAND: POST /session/66378cfa955b204dd4036b616783721e/element/f.EA8BC91478AA3376EDB3372197FF8A3D.d.8455F54FC21BB7FE269FBCBF21CDCE72.e.5720/click - {}
RESULT: undefined
COMMAND: POST /session/66378cfa955b204dd4036b616783721e/execute/async - {"script":"<script> [6424 bytes]","args":[{"element-6066-11e4-a52e-4f735466cecf":"f.EA8BC91478AA3376EDB3372197FF8A3D.d.8455F54FC21BB7FE269FBCBF21CDCE72.e.294"},"getTitle",[]]}
COMMAND: POST /session/66378cfa955b204dd4036b616783721e/execute/async - {"script":"<script> [1562 bytes]","args":[{"selector":{"id":"shellAppTitle"},"wdio_ui5_key":"shellAppTitle"}]}
RESULT: {"script":"<script> [1562 bytes]","args":[{"selector":{"id":"shellAppTitle"},"wdio_ui5_key":"shellAppTitle"}]}
COMMAND: POST /session/66378cfa955b204dd4036b616783721e/execute/async - {"script":"<script> [6424 bytes]","args":[{"element-6066-11e4-a52e-4f735466cecf":"f.EA8BC91478AA3376EDB3372197FF8A3D.d.8455F54FC21BB7FE269FBCBF21CDCE72.e.5793"},"getTitle",[]]}
RESULT: {"script":"<script> [6424 bytes]","args":[{"element-6066-11e4-a52e-4f735466cecf":"f.EA8BC91478AA3376EDB3372197FF8A3D.d.8455F54FC21BB7FE269FBCBF21CDCE72.e.5793"},"getTitle",[]]}
RESULT: undefined
COMMAND: POST /session/66378cfa955b204dd4036b616783721e/element/f.EA8BC91478AA3376EDB3372197FF8A3D.d.8455F54FC21BB7FE269FBCBF21CDCE72.e.5717/click - {}
COMMAND: POST /session/66378cfa955b204dd4036b616783721e/element/f.EA8BC91478AA3376EDB3372197FF8A3D.d.8455F54FC21BB7FE269FBCBF21CDCE72.e.5717/click - {}
RESULT: {}
COMMAND: GET /session/66378cfa955b204dd4036b616783721e/screenshot - {}
COMMAND: POST /session/66378cfa955b204dd4036b616783721e/element - {"using":"xpath","value":"//*[@id=\"backBtn\"]"}
RESULT: {}
RESULT: {"using":"xpath","value":"//*[@id=\"backBtn\"]"}
COMMAND: POST /session/66378cfa955b204dd4036b616783721e/elements - {"using":"xpath","value":"//*[@id=\"backBtn\"]"}
RESULT: {"using":"xpath","value":"//*[@id=\"backBtn\"]"}
COMMAND: POST /session/66378cfa955b204dd4036b616783721e/elements - {"using":"xpath","value":"//*[@id=\"backBtn\"]"}
RESULT: {"using":"xpath","value":"//*[@id=\"backBtn\"]"}
COMMAND: POST /session/66378cfa955b204dd4036b616783721e/elements - {"using":"xpath","value":"//*[@id=\"backBtn\"]"}
RESULT: {"using":"xpath","value":"//*[@id=\"backBtn\"]"}
COMMAND: POST /session/66378cfa955b204dd4036b616783721e/elements - {"using":"xpath","value":"//*[@id=\"backBtn\"]"}
RESULT: {"using":"xpath","value":"//*[@id=\"backBtn\"]"}
COMMAND: POST /session/66378cfa955b204dd4036b616783721e/elements - {"using":"xpath","value":"//*[@id=\"backBtn\"]"}
RESULT: {"using":"xpath","value":"//*[@id=\"backBtn\"]"}
COMMAND: POST /session/66378cfa955b204dd4036b616783721e/elements - {"using":"xpath","value":"//*[@id=\"backBtn\"]"}
RESULT: {"using":"xpath","value":"//*[@id=\"backBtn\"]"}
COMMAND: POST /session/66378cfa955b204dd4036b616783721e/elements - {"using":"xpath","value":"//*[@id=\"backBtn\"]"}
RESULT: {"using":"xpath","value":"//*[@id=\"backBtn\"]"}
COMMAND: POST /session/66378cfa955b204dd4036b616783721e/elements - {"using":"xpath","value":"//*[@id=\"backBtn\"]"}
RESULT: {"using":"xpath","value":"//*[@id=\"backBtn\"]"}
COMMAND: POST /session/66378cfa955b204dd4036b616783721e/elements - {"using":"xpath","value":"//*[@id=\"backBtn\"]"}
RESULT: {"using":"xpath","value":"//*[@id=\"backBtn\"]"}
COMMAND: POST /session/66378cfa955b204dd4036b616783721e/elements - {"using":"xpath","value":"//*[@id=\"backBtn\"]"}
RESULT: {"using":"xpath","value":"//*[@id=\"backBtn\"]"}
COMMAND: POST /session/66378cfa955b204dd4036b616783721e/elements - {"using":"xpath","value":"//*[@id=\"backBtn\"]"}
RESULT: {"using":"xpath","value":"//*[@id=\"backBtn\"]"}
COMMAND: POST /session/66378cfa955b204dd4036b616783721e/elements - {"using":"xpath","value":"//*[@id=\"backBtn\"]"}
RESULT: {"using":"xpath","value":"//*[@id=\"backBtn\"]"}
COMMAND: POST /session/66378cfa955b204dd4036b616783721e/elements - {"using":"xpath","value":"//*[@id=\"backBtn\"]"}
RESULT: {"using":"xpath","value":"//*[@id=\"backBtn\"]"}
COMMAND: POST /session/66378cfa955b204dd4036b616783721e/elements - {"using":"xpath","value":"//*[@id=\"backBtn\"]"}
RESULT: {"using":"xpath","value":"//*[@id=\"backBtn\"]"}
COMMAND: POST /session/66378cfa955b204dd4036b616783721e/elements - {"using":"xpath","value":"//*[@id=\"backBtn\"]"}
RESULT: {"using":"xpath","value":"//*[@id=\"backBtn\"]"}
COMMAND: POST /session/66378cfa955b204dd4036b616783721e/elements - {"using":"xpath","value":"//*[@id=\"backBtn\"]"}
RESULT: {"using":"xpath","value":"//*[@id=\"backBtn\"]"}
COMMAND: POST /session/66378cfa955b204dd4036b616783721e/elements - {"using":"xpath","value":"//*[@id=\"backBtn\"]"}
RESULT: {"using":"xpath","value":"//*[@id=\"backBtn\"]"}
COMMAND: POST /session/66378cfa955b204dd4036b616783721e/elements - {"using":"xpath","value":"//*[@id=\"backBtn\"]"}
RESULT: {"using":"xpath","value":"//*[@id=\"backBtn\"]"}
COMMAND: POST /session/66378cfa955b204dd4036b616783721e/elements - {"using":"xpath","value":"//*[@id=\"backBtn\"]"}
RESULT: {"using":"xpath","value":"//*[@id=\"backBtn\"]"}
COMMAND: POST /session/66378cfa955b204dd4036b616783721e/elements - {"using":"xpath","value":"//*[@id=\"backBtn\"]"}
RESULT: {"using":"xpath","value":"//*[@id=\"backBtn\"]"}
COMMAND: POST /session/66378cfa955b204dd4036b616783721e/elements - {"using":"xpath","value":"//*[@id=\"backBtn\"]"}
RESULT: {"using":"xpath","value":"//*[@id=\"backBtn\"]"}
COMMAND: POST /session/66378cfa955b204dd4036b616783721e/elements - {"using":"xpath","value":"//*[@id=\"backBtn\"]"}
RESULT: {"using":"xpath","value":"//*[@id=\"backBtn\"]"}
COMMAND: POST /session/66378cfa955b204dd4036b616783721e/elements - {"using":"xpath","value":"//*[@id=\"backBtn\"]"}
RESULT: {"using":"xpath","value":"//*[@id=\"backBtn\"]"}
COMMAND: POST /session/66378cfa955b204dd4036b616783721e/elements - {"using":"xpath","value":"//*[@id=\"backBtn\"]"}
RESULT: {"using":"xpath","value":"//*[@id=\"backBtn\"]"}
COMMAND: POST /session/66378cfa955b204dd4036b616783721e/elements - {"using":"xpath","value":"//*[@id=\"backBtn\"]"}
RESULT: {"using":"xpath","value":"//*[@id=\"backBtn\"]"}
COMMAND: POST /session/66378cfa955b204dd4036b616783721e/elements - {"using":"xpath","value":"//*[@id=\"backBtn\"]"}
RESULT: {"using":"xpath","value":"//*[@id=\"backBtn\"]"}
COMMAND: POST /session/66378cfa955b204dd4036b616783721e/elements - {"using":"xpath","value":"//*[@id=\"backBtn\"]"}
RESULT: {"using":"xpath","value":"//*[@id=\"backBtn\"]"}
COMMAND: POST /session/66378cfa955b204dd4036b616783721e/elements - {"using":"xpath","value":"//*[@id=\"backBtn\"]"}
RESULT: {"using":"xpath","value":"//*[@id=\"backBtn\"]"}
COMMAND: POST /session/66378cfa955b204dd4036b616783721e/elements - {"using":"xpath","value":"//*[@id=\"backBtn\"]"}
RESULT: {"using":"xpath","value":"//*[@id=\"backBtn\"]"}
COMMAND: POST /session/66378cfa955b204dd4036b616783721e/elements - {"using":"xpath","value":"//*[@id=\"backBtn\"]"}
RESULT: {"using":"xpath","value":"//*[@id=\"backBtn\"]"}
COMMAND: POST /session/66378cfa955b204dd4036b616783721e/elements - {"using":"xpath","value":"//*[@id=\"backBtn\"]"}
RESULT: {"using":"xpath","value":"//*[@id=\"backBtn\"]"}
COMMAND: POST /session/66378cfa955b204dd4036b616783721e/elements - {"using":"xpath","value":"//*[@id=\"backBtn\"]"}
RESULT: {"using":"xpath","value":"//*[@id=\"backBtn\"]"}
COMMAND: POST /session/66378cfa955b204dd4036b616783721e/elements - {"using":"xpath","value":"//*[@id=\"backBtn\"]"}
RESULT: {"using":"xpath","value":"//*[@id=\"backBtn\"]"}
COMMAND: POST /session/66378cfa955b204dd4036b616783721e/elements - {"using":"xpath","value":"//*[@id=\"backBtn\"]"}
RESULT: {"using":"xpath","value":"//*[@id=\"backBtn\"]"}
COMMAND: POST /session/66378cfa955b204dd4036b616783721e/elements - {"using":"xpath","value":"//*[@id=\"backBtn\"]"}
RESULT: {"using":"xpath","value":"//*[@id=\"backBtn\"]"}
COMMAND: POST /session/66378cfa955b204dd4036b616783721e/elements - {"using":"xpath","value":"//*[@id=\"backBtn\"]"}
RESULT: {"using":"xpath","value":"//*[@id=\"backBtn\"]"}
COMMAND: POST /session/66378cfa955b204dd4036b616783721e/elements - {"using":"xpath","value":"//*[@id=\"backBtn\"]"}
RESULT: {"using":"xpath","value":"//*[@id=\"backBtn\"]"}
COMMAND: POST /session/66378cfa955b204dd4036b616783721e/elements - {"using":"xpath","value":"//*[@id=\"backBtn\"]"}
RESULT: {"using":"xpath","value":"//*[@id=\"backBtn\"]"}
COMMAND: POST /session/66378cfa955b204dd4036b616783721e/elements - {"using":"xpath","value":"//*[@id=\"backBtn\"]"}
RESULT: {"using":"xpath","value":"//*[@id=\"backBtn\"]"}
COMMAND: DELETE /session/66378cfa955b204dd4036b616783721e - {}
RESULT: {}
]]></system-out>
    </testcase>
  </testsuite>
</testsuites>