<?xml version="1.0" encoding="UTF-8"?>
<testsuites tests="58" failures="4" errors="4" skipped="0">
  <testsuite timestamp="2025-04-30T17:08:17" time="900.01" tests="11" failures="0" errors="0" skipped="0">
    <properties>
      <property name="specId" value="0" />
      <property name="suiteName" value="Billing confirm US117289" />
      <property name="capabilities" value="chrome.135_0_7049_96.windows" />
      <property name="file" value="file:///D:/a/1/s/test/specs/BTS/billing-confirm.spec.js" />
    </properties>
    <testcase classname="chrome.135_0_7049_96.windows.Billing_confirm_US117289" name="Should create a new yard" time="98.548">
      <system-out><![CDATA[
COMMAND: POST /session/a5881d3eaca756d633e860ab0441a8d1/window/fullscreen - {}
RESULT: {}
COMMAND: POST /session/a5881d3eaca756d633e860ab0441a8d1/execute/async - {"script":"<script> [1562 bytes]","args":[{"selector":{"controlType":"sap.m.GenericTile","properties":{"header":"Manage Yards"}},"wdio_ui5_key":"sapm.GenericTile{\"header\":\"Manage Yards\"}"}]}
RESULT: {"script":"<script> [1562 bytes]","args":[{"selector":{"controlType":"sap.m.GenericTile","properties":{"header":"Manage Yards"}},"wdio_ui5_key":"sapm.GenericTile{\"header\":\"Manage Yards\"}"}]}
RESULT: undefined
COMMAND: POST /session/a5881d3eaca756d633e860ab0441a8d1/element - {"using":"xpath","value":"//*[@id=\"__tile41\"]"}
RESULT: {"using":"xpath","value":"//*[@id=\"__tile41\"]"}
COMMAND: POST /session/a5881d3eaca756d633e860ab0441a8d1/element/f.70EA98C12271B5C153327B12E8209453.d.F4A8B9569DF0C2F61393746C3405E029.e.161/click - {}
RESULT: {}
COMMAND: POST /session/a5881d3eaca756d633e860ab0441a8d1/element - {"using":"xpath","value":"//button[@data-kt=\"addNewYardOverflowToolbarButton\"]"}
COMMAND: GET /session/a5881d3eaca756d633e860ab0441a8d1/screenshot - {}
RESULT: {"using":"xpath","value":"//button[@data-kt=\"addNewYardOverflowToolbarButton\"]"}
COMMAND: POST /session/a5881d3eaca756d633e860ab0441a8d1/elements - {"using":"xpath","value":"//button[@data-kt=\"addNewYardOverflowToolbarButton\"]"}
RESULT: {}
RESULT: {"using":"xpath","value":"//button[@data-kt=\"addNewYardOverflowToolbarButton\"]"}
COMMAND: POST /session/a5881d3eaca756d633e860ab0441a8d1/elements - {"using":"xpath","value":"//button[@data-kt=\"addNewYardOverflowToolbarButton\"]"}
RESULT: {"using":"xpath","value":"//button[@data-kt=\"addNewYardOverflowToolbarButton\"]"}
COMMAND: POST /session/a5881d3eaca756d633e860ab0441a8d1/elements - {"using":"xpath","value":"//button[@data-kt=\"addNewYardOverflowToolbarButton\"]"}
RESULT: {"using":"xpath","value":"//button[@data-kt=\"addNewYardOverflowToolbarButton\"]"}
COMMAND: POST /session/a5881d3eaca756d633e860ab0441a8d1/elements - {"using":"xpath","value":"//button[@data-kt=\"addNewYardOverflowToolbarButton\"]"}
RESULT: {"using":"xpath","value":"//button[@data-kt=\"addNewYardOverflowToolbarButton\"]"}
COMMAND: POST /session/a5881d3eaca756d633e860ab0441a8d1/elements - {"using":"xpath","value":"//button[@data-kt=\"addNewYardOverflowToolbarButton\"]"}
RESULT: {"using":"xpath","value":"//button[@data-kt=\"addNewYardOverflowToolbarButton\"]"}
COMMAND: POST /session/a5881d3eaca756d633e860ab0441a8d1/elements - {"using":"xpath","value":"//button[@data-kt=\"addNewYardOverflowToolbarButton\"]"}
RESULT: {"using":"xpath","value":"//button[@data-kt=\"addNewYardOverflowToolbarButton\"]"}
COMMAND: POST /session/a5881d3eaca756d633e860ab0441a8d1/elements - {"using":"xpath","value":"//button[@data-kt=\"addNewYardOverflowToolbarButton\"]"}
RESULT: {"using":"xpath","value":"//button[@data-kt=\"addNewYardOverflowToolbarButton\"]"}
COMMAND: POST /session/a5881d3eaca756d633e860ab0441a8d1/elements - {"using":"xpath","value":"//button[@data-kt=\"addNewYardOverflowToolbarButton\"]"}
RESULT: {"using":"xpath","value":"//button[@data-kt=\"addNewYardOverflowToolbarButton\"]"}
COMMAND: POST /session/a5881d3eaca756d633e860ab0441a8d1/elements - {"using":"xpath","value":"//button[@data-kt=\"addNewYardOverflowToolbarButton\"]"}
RESULT: {"using":"xpath","value":"//button[@data-kt=\"addNewYardOverflowToolbarButton\"]"}
COMMAND: POST /session/a5881d3eaca756d633e860ab0441a8d1/elements - {"using":"xpath","value":"//button[@data-kt=\"addNewYardOverflowToolbarButton\"]"}
RESULT: {"using":"xpath","value":"//button[@data-kt=\"addNewYardOverflowToolbarButton\"]"}
COMMAND: POST /session/a5881d3eaca756d633e860ab0441a8d1/elements - {"using":"xpath","value":"//button[@data-kt=\"addNewYardOverflowToolbarButton\"]"}
RESULT: {"using":"xpath","value":"//button[@data-kt=\"addNewYardOverflowToolbarButton\"]"}
COMMAND: POST /session/a5881d3eaca756d633e860ab0441a8d1/elements - {"using":"xpath","value":"//button[@data-kt=\"addNewYardOverflowToolbarButton\"]"}
RESULT: {"using":"xpath","value":"//button[@data-kt=\"addNewYardOverflowToolbarButton\"]"}
COMMAND: POST /session/a5881d3eaca756d633e860ab0441a8d1/elements - {"using":"xpath","value":"//button[@data-kt=\"addNewYardOverflowToolbarButton\"]"}
RESULT: {"using":"xpath","value":"//button[@data-kt=\"addNewYardOverflowToolbarButton\"]"}
COMMAND: POST /session/a5881d3eaca756d633e860ab0441a8d1/elements - {"using":"xpath","value":"//button[@data-kt=\"addNewYardOverflowToolbarButton\"]"}
RESULT: {"using":"xpath","value":"//button[@data-kt=\"addNewYardOverflowToolbarButton\"]"}
COMMAND: POST /session/a5881d3eaca756d633e860ab0441a8d1/elements - {"using":"xpath","value":"//button[@data-kt=\"addNewYardOverflowToolbarButton\"]"}
RESULT: {"using":"xpath","value":"//button[@data-kt=\"addNewYardOverflowToolbarButton\"]"}
COMMAND: POST /session/a5881d3eaca756d633e860ab0441a8d1/elements - {"using":"xpath","value":"//button[@data-kt=\"addNewYardOverflowToolbarButton\"]"}
RESULT: {"using":"xpath","value":"//button[@data-kt=\"addNewYardOverflowToolbarButton\"]"}
COMMAND: POST /session/a5881d3eaca756d633e860ab0441a8d1/elements - {"using":"xpath","value":"//button[@data-kt=\"addNewYardOverflowToolbarButton\"]"}
RESULT: {"using":"xpath","value":"//button[@data-kt=\"addNewYardOverflowToolbarButton\"]"}
COMMAND: POST /session/a5881d3eaca756d633e860ab0441a8d1/elements - {"using":"xpath","value":"//button[@data-kt=\"addNewYardOverflowToolbarButton\"]"}
RESULT: {"using":"xpath","value":"//button[@data-kt=\"addNewYardOverflowToolbarButton\"]"}
COMMAND: POST /session/a5881d3eaca756d633e860ab0441a8d1/elements - {"using":"xpath","value":"//button[@data-kt=\"addNewYardOverflowToolbarButton\"]"}
RESULT: {"using":"xpath","value":"//button[@data-kt=\"addNewYardOverflowToolbarButton\"]"}
COMMAND: POST /session/a5881d3eaca756d633e860ab0441a8d1/element - {"using":"xpath","value":"//button[@data-kt=\"addNewYardOverflowToolbarButton\"]"}
RESULT: {"using":"xpath","value":"//button[@data-kt=\"addNewYardOverflowToolbarButton\"]"}
COMMAND: POST /session/a5881d3eaca756d633e860ab0441a8d1/execute/sync - {"script":"<script> [8489 bytes]","args":[{"element-6066-11e4-a52e-4f735466cecf":"f.70EA98C12271B5C153327B12E8209453.d.F4A8B9569DF0C2F61393746C3405E029.e.298","ELEMENT":"f.70EA98C12271B5C153327B12E8209453.d.F4A8B9569DF0C2F61393746C3405E029.e.298"}]}
RESULT: {"script":"<script> [8489 bytes]","args":[{"element-6066-11e4-a52e-4f735466cecf":"f.70EA98C12271B5C153327B12E8209453.d.F4A8B9569DF0C2F61393746C3405E029.e.298","ELEMENT":"f.70EA98C12271B5C153327B12E8209453.d.F4A8B9569DF0C2F61393746C3405E029.e.298"}]}
COMMAND: GET /session/a5881d3eaca756d633e860ab0441a8d1/element/f.70EA98C12271B5C153327B12E8209453.d.F4A8B9569DF0C2F61393746C3405E029.e.298/enabled - {}
COMMAND: GET /session/a5881d3eaca756d633e860ab0441a8d1/screenshot - {}
RESULT: {}
COMMAND: POST /session/a5881d3eaca756d633e860ab0441a8d1/execute/sync - {"script":"<script> [8489 bytes]","args":[{"element-6066-11e4-a52e-4f735466cecf":"f.70EA98C12271B5C153327B12E8209453.d.F4A8B9569DF0C2F61393746C3405E029.e.298","ELEMENT":"f.70EA98C12271B5C153327B12E8209453.d.F4A8B9569DF0C2F61393746C3405E029.e.298"}]}
COMMAND: GET /session/a5881d3eaca756d633e860ab0441a8d1/screenshot - {}
RESULT: {}
RESULT: {"script":"<script> [8489 bytes]","args":[{"element-6066-11e4-a52e-4f735466cecf":"f.70EA98C12271B5C153327B12E8209453.d.F4A8B9569DF0C2F61393746C3405E029.e.298","ELEMENT":"f.70EA98C12271B5C153327B12E8209453.d.F4A8B9569DF0C2F61393746C3405E029.e.298"}]}
COMMAND: POST /session/a5881d3eaca756d633e860ab0441a8d1/execute/sync - {"script":"<script> [5351 bytes]","args":[{"element-6066-11e4-a52e-4f735466cecf":"f.70EA98C12271B5C153327B12E8209453.d.F4A8B9569DF0C2F61393746C3405E029.e.298","ELEMENT":"f.70EA98C12271B5C153327B12E8209453.d.F4A8B9569DF0C2F61393746C3405E029.e.298"}]}
COMMAND: GET /session/a5881d3eaca756d633e860ab0441a8d1/screenshot - {}
RESULT: {}
RESULT: {"script":"<script> [5351 bytes]","args":[{"element-6066-11e4-a52e-4f735466cecf":"f.70EA98C12271B5C153327B12E8209453.d.F4A8B9569DF0C2F61393746C3405E029.e.298","ELEMENT":"f.70EA98C12271B5C153327B12E8209453.d.F4A8B9569DF0C2F61393746C3405E029.e.298"}]}
COMMAND: POST /session/a5881d3eaca756d633e860ab0441a8d1/element/f.70EA98C12271B5C153327B12E8209453.d.F4A8B9569DF0C2F61393746C3405E029.e.298/click - {}
COMMAND: GET /session/a5881d3eaca756d633e860ab0441a8d1/screenshot - {}
RESULT: {}
RESULT: {}
COMMAND: GET /session/a5881d3eaca756d633e860ab0441a8d1/screenshot - {}
COMMAND: POST /session/a5881d3eaca756d633e860ab0441a8d1/element - {"using":"xpath","value":"//input[@id=\"application-manageyards-display-component---NewYard--yardId-inner\"]"}
RESULT: {}
RESULT: {}
RESULT: {"using":"xpath","value":"//input[@id=\"application-manageyards-display-component---NewYard--yardId-inner\"]"}
COMMAND: POST /session/a5881d3eaca756d633e860ab0441a8d1/element - {"using":"xpath","value":"//input[@id=\"application-manageyards-display-component---NewYard--yardId-inner\"]"}
RESULT: {"using":"xpath","value":"//input[@id=\"application-manageyards-display-component---NewYard--yardId-inner\"]"}
COMMAND: POST /session/a5881d3eaca756d633e860ab0441a8d1/execute/async - {"script":"<script> [1562 bytes]","args":[{"selector":{"id":"application-manageyards-display-component---NewYard--addressDetailDetailsName1","interaction":{"idSuffix":"inner"}},"wdio_ui5_key":"applicationmanageyards-display-component---NewYard--addressDetailDetailsName1"}]}
RESULT: {"script":"<script> [1562 bytes]","args":[{"selector":{"id":"application-manageyards-display-component---NewYard--addressDetailDetailsName1","interaction":{"idSuffix":"inner"}},"wdio_ui5_key":"applicationmanageyards-display-component---NewYard--addressDetailDetailsName1"}]}
RESULT: undefined
COMMAND: POST /session/a5881d3eaca756d633e860ab0441a8d1/execute/async - {"script":"<script> [776 bytes]","args":[{"enterText":"Intracompany Yard wdIO","selector":{"id":"application-manageyards-display-component---NewYard--addressDetailDetailsName1","interaction":{"idSuffix":"inner"}},"clearTextFirst":true,"interactionType":"ENTER_TEXT"}]}
RESULT: {"script":"<script> [776 bytes]","args":[{"enterText":"Intracompany Yard wdIO","selector":{"id":"application-manageyards-display-component---NewYard--addressDetailDetailsName1","interaction":{"idSuffix":"inner"}},"clearTextFirst":true,"interactionType":"ENTER_TEXT"}]}
COMMAND: POST /session/a5881d3eaca756d633e860ab0441a8d1/execute/async - {"script":"<script> [1562 bytes]","args":[{"selector":{"id":"application-manageyards-display-component---NewYard--addressDetailDetailsLanguage-arrow"},"wdio_ui5_key":"applicationmanageyards-display-component---NewYard--addressDetailDetailsLanguage-arrow"}]}
RESULT: {"script":"<script> [1562 bytes]","args":[{"selector":{"id":"application-manageyards-display-component---NewYard--addressDetailDetailsLanguage-arrow"},"wdio_ui5_key":"applicationmanageyards-display-component---NewYard--addressDetailDetailsLanguage-arrow"}]}
RESULT: undefined
COMMAND: POST /session/a5881d3eaca756d633e860ab0441a8d1/element - {"using":"xpath","value":"//*[@id=\"application-manageyards-display-component---NewYard--addressDetailDetailsLanguage-arrow\"]"}
RESULT: {"using":"xpath","value":"//*[@id=\"application-manageyards-display-component---NewYard--addressDetailDetailsLanguage-arrow\"]"}
COMMAND: POST /session/a5881d3eaca756d633e860ab0441a8d1/element/f.70EA98C12271B5C153327B12E8209453.d.F4A8B9569DF0C2F61393746C3405E029.e.729/click - {}
RESULT: {}
COMMAND: POST /session/a5881d3eaca756d633e860ab0441a8d1/element - {"using":"xpath","value":"//span[contains(text(), \"English\")]"}
COMMAND: GET /session/a5881d3eaca756d633e860ab0441a8d1/screenshot - {}
RESULT: {"using":"xpath","value":"//span[contains(text(), \"English\")]"}
COMMAND: POST /session/a5881d3eaca756d633e860ab0441a8d1/element/f.70EA98C12271B5C153327B12E8209453.d.F4A8B9569DF0C2F61393746C3405E029.e.730/click - {}
RESULT: {}
RESULT: {}
COMMAND: POST /session/a5881d3eaca756d633e860ab0441a8d1/execute/async - {"script":"<script> [1562 bytes]","args":[{"selector":{"id":"application-manageyards-display-component---NewYard--addressDetailDetailsCity1","interaction":{"idSuffix":"inner"}},"wdio_ui5_key":"applicationmanageyards-display-component---NewYard--addressDetailDetailsCity1"}]}
COMMAND: GET /session/a5881d3eaca756d633e860ab0441a8d1/screenshot - {}
RESULT: {"script":"<script> [1562 bytes]","args":[{"selector":{"id":"application-manageyards-display-component---NewYard--addressDetailDetailsCity1","interaction":{"idSuffix":"inner"}},"wdio_ui5_key":"applicationmanageyards-display-component---NewYard--addressDetailDetailsCity1"}]}
RESULT: undefined
COMMAND: POST /session/a5881d3eaca756d633e860ab0441a8d1/execute/async - {"script":"<script> [776 bytes]","args":[{"enterText":"Rosario","selector":{"id":"application-manageyards-display-component---NewYard--addressDetailDetailsCity1","interaction":{"idSuffix":"inner"}},"clearTextFirst":true,"interactionType":"ENTER_TEXT"}]}
RESULT: {}
RESULT: {"script":"<script> [776 bytes]","args":[{"enterText":"Rosario","selector":{"id":"application-manageyards-display-component---NewYard--addressDetailDetailsCity1","interaction":{"idSuffix":"inner"}},"clearTextFirst":true,"interactionType":"ENTER_TEXT"}]}
COMMAND: POST /session/a5881d3eaca756d633e860ab0441a8d1/execute/async - {"script":"<script> [1562 bytes]","args":[{"selector":{"id":"application-manageyards-display-component---NewYard--addressDetailDetailsCountry-arrow"},"wdio_ui5_key":"applicationmanageyards-display-component---NewYard--addressDetailDetailsCountry-arrow"}]}
RESULT: {"script":"<script> [1562 bytes]","args":[{"selector":{"id":"application-manageyards-display-component---NewYard--addressDetailDetailsCountry-arrow"},"wdio_ui5_key":"applicationmanageyards-display-component---NewYard--addressDetailDetailsCountry-arrow"}]}
RESULT: undefined
COMMAND: POST /session/a5881d3eaca756d633e860ab0441a8d1/element - {"using":"xpath","value":"//*[@id=\"application-manageyards-display-component---NewYard--addressDetailDetailsCountry-arrow\"]"}
RESULT: {"using":"xpath","value":"//*[@id=\"application-manageyards-display-component---NewYard--addressDetailDetailsCountry-arrow\"]"}
COMMAND: POST /session/a5881d3eaca756d633e860ab0441a8d1/element/f.70EA98C12271B5C153327B12E8209453.d.F4A8B9569DF0C2F61393746C3405E029.e.732/click - {}
RESULT: {}
COMMAND: POST /session/a5881d3eaca756d633e860ab0441a8d1/element - {"using":"xpath","value":"//span[contains(text(), \"Argentina\")]"}
COMMAND: GET /session/a5881d3eaca756d633e860ab0441a8d1/screenshot - {}
RESULT: {"using":"xpath","value":"//span[contains(text(), \"Argentina\")]"}
COMMAND: POST /session/a5881d3eaca756d633e860ab0441a8d1/element/f.70EA98C12271B5C153327B12E8209453.d.F4A8B9569DF0C2F61393746C3405E029.e.733/click - {}
RESULT: {}
RESULT: {}
COMMAND: POST /session/a5881d3eaca756d633e860ab0441a8d1/execute/async - {"script":"<script> [1562 bytes]","args":[{"selector":{"id":"application-manageyards-display-component---NewYard--addressEditDetailsCostObjectCstType-arrow"},"wdio_ui5_key":"applicationmanageyards-display-component---NewYard--addressEditDetailsCostObjectCstType-arrow"}]}
COMMAND: GET /session/a5881d3eaca756d633e860ab0441a8d1/screenshot - {}
RESULT: {"script":"<script> [1562 bytes]","args":[{"selector":{"id":"application-manageyards-display-component---NewYard--addressEditDetailsCostObjectCstType-arrow"},"wdio_ui5_key":"applicationmanageyards-display-component---NewYard--addressEditDetailsCostObjectCstType-arrow"}]}
RESULT: undefined
COMMAND: POST /session/a5881d3eaca756d633e860ab0441a8d1/element - {"using":"xpath","value":"//*[@id=\"application-manageyards-display-component---NewYard--addressEditDetailsCostObjectCstType-arrow\"]"}
RESULT: {}
RESULT: {"using":"xpath","value":"//*[@id=\"application-manageyards-display-component---NewYard--addressEditDetailsCostObjectCstType-arrow\"]"}
COMMAND: POST /session/a5881d3eaca756d633e860ab0441a8d1/element/f.70EA98C12271B5C153327B12E8209453.d.F4A8B9569DF0C2F61393746C3405E029.e.735/click - {}
RESULT: {}
COMMAND: POST /session/a5881d3eaca756d633e860ab0441a8d1/element - {"using":"xpath","value":"//span[contains(text(), \"Cost Center\")]"}
COMMAND: GET /session/a5881d3eaca756d633e860ab0441a8d1/screenshot - {}
RESULT: {"using":"xpath","value":"//span[contains(text(), \"Cost Center\")]"}
COMMAND: POST /session/a5881d3eaca756d633e860ab0441a8d1/element/f.70EA98C12271B5C153327B12E8209453.d.F4A8B9569DF0C2F61393746C3405E029.e.736/click - {}
RESULT: {}
RESULT: {}
COMMAND: GET /session/a5881d3eaca756d633e860ab0441a8d1/screenshot - {}
RESULT: {}
COMMAND: POST /session/a5881d3eaca756d633e860ab0441a8d1/element - {"using":"xpath","value":"//span[@id=\"application-manageyards-display-component---NewYard--addressNewCostObjectCstID-vhi\"]"}
RESULT: {"using":"xpath","value":"//span[@id=\"application-manageyards-display-component---NewYard--addressNewCostObjectCstID-vhi\"]"}
COMMAND: POST /session/a5881d3eaca756d633e860ab0441a8d1/execute/sync - {"script":"<script> [8489 bytes]","args":[{"element-6066-11e4-a52e-4f735466cecf":"f.70EA98C12271B5C153327B12E8209453.d.F4A8B9569DF0C2F61393746C3405E029.e.740","ELEMENT":"f.70EA98C12271B5C153327B12E8209453.d.F4A8B9569DF0C2F61393746C3405E029.e.740"}]}
RESULT: {"script":"<script> [8489 bytes]","args":[{"element-6066-11e4-a52e-4f735466cecf":"f.70EA98C12271B5C153327B12E8209453.d.F4A8B9569DF0C2F61393746C3405E029.e.740","ELEMENT":"f.70EA98C12271B5C153327B12E8209453.d.F4A8B9569DF0C2F61393746C3405E029.e.740"}]}
COMMAND: POST /session/a5881d3eaca756d633e860ab0441a8d1/execute/async - {"script":"<script> [1562 bytes]","args":[{"selector":{"id":"application-manageyards-display-component---NewYard--addressNewCostObjectCstID-vhi"},"wdio_ui5_key":"applicationmanageyards-display-component---NewYard--addressNewCostObjectCstID-vhi"}]}
COMMAND: GET /session/a5881d3eaca756d633e860ab0441a8d1/screenshot - {}
RESULT: {"script":"<script> [1562 bytes]","args":[{"selector":{"id":"application-manageyards-display-component---NewYard--addressNewCostObjectCstID-vhi"},"wdio_ui5_key":"applicationmanageyards-display-component---NewYard--addressNewCostObjectCstID-vhi"}]}
RESULT: undefined
COMMAND: POST /session/a5881d3eaca756d633e860ab0441a8d1/element - {"using":"xpath","value":"//*[@id=\"application-manageyards-display-component---NewYard--addressNewCostObjectCstID-vhi\"]"}
RESULT: {}
RESULT: {"using":"xpath","value":"//*[@id=\"application-manageyards-display-component---NewYard--addressNewCostObjectCstID-vhi\"]"}
COMMAND: POST /session/a5881d3eaca756d633e860ab0441a8d1/element/f.70EA98C12271B5C153327B12E8209453.d.F4A8B9569DF0C2F61393746C3405E029.e.740/click - {}
RESULT: {}
COMMAND: GET /session/a5881d3eaca756d633e860ab0441a8d1/screenshot - {}
RESULT: {}
COMMAND: POST /session/a5881d3eaca756d633e860ab0441a8d1/execute/async - {"script":"<script> [1562 bytes]","args":[{"selector":{"controlType":"sap.m.SearchField","properties":{"placeholder":"Search"},"searchOpenDialogs":true,"interaction":{"idSuffix":"I"}},"wdio_ui5_key":"sapm.SearchField{\"placeholder\":\"Search\"}"}]}
RESULT: {"script":"<script> [1562 bytes]","args":[{"selector":{"controlType":"sap.m.SearchField","properties":{"placeholder":"Search"},"searchOpenDialogs":true,"interaction":{"idSuffix":"I"}},"wdio_ui5_key":"sapm.SearchField{\"placeholder\":\"Search\"}"}]}
RESULT: undefined
COMMAND: POST /session/a5881d3eaca756d633e860ab0441a8d1/execute/async - {"script":"<script> [776 bytes]","args":[{"enterText":"10001013","selector":{"controlType":"sap.m.SearchField","properties":{"placeholder":"Search"},"searchOpenDialogs":true,"interaction":{"idSuffix":"I"}},"clearTextFirst":true,"interactionType":"ENTER_TEXT"}]}
RESULT: {"script":"<script> [776 bytes]","args":[{"enterText":"10001013","selector":{"controlType":"sap.m.SearchField","properties":{"placeholder":"Search"},"searchOpenDialogs":true,"interaction":{"idSuffix":"I"}},"clearTextFirst":true,"interactionType":"ENTER_TEXT"}]}
COMMAND: POST /session/a5881d3eaca756d633e860ab0441a8d1/actions - {"actions":[{"id":"action1","type":"key","parameters":{},"actions":[{"type":"keyDown","value":"î€‡"},{"type":"pause","duration":10},{"type":"keyUp","value":"î€‡"}]}]}
RESULT: {"actions":[{"id":"action1","type":"key","parameters":{},"actions":[{"type":"keyDown","value":"î€‡"},{"type":"pause","duration":10},{"type":"keyUp","value":"î€‡"}]}]}
COMMAND: GET /session/a5881d3eaca756d633e860ab0441a8d1/screenshot - {}
RESULT: {}
COMMAND: POST /session/a5881d3eaca756d633e860ab0441a8d1/element - {"using":"xpath","value":"//span[contains(text(), \"General Management\")]"}
RESULT: {"using":"xpath","value":"//span[contains(text(), \"General Management\")]"}
COMMAND: POST /session/a5881d3eaca756d633e860ab0441a8d1/element/f.70EA98C12271B5C153327B12E8209453.d.F4A8B9569DF0C2F61393746C3405E029.e.781/click - {}
RESULT: {}
COMMAND: GET /session/a5881d3eaca756d633e860ab0441a8d1/screenshot - {}
RESULT: {}
COMMAND: POST /session/a5881d3eaca756d633e860ab0441a8d1/element - {"using":"xpath","value":"//bdi[contains(text(), \"OK\")]"}
RESULT: {"using":"xpath","value":"//bdi[contains(text(), \"OK\")]"}
COMMAND: POST /session/a5881d3eaca756d633e860ab0441a8d1/element/f.70EA98C12271B5C153327B12E8209453.d.F4A8B9569DF0C2F61393746C3405E029.e.782/click - {}
RESULT: {}
COMMAND: GET /session/a5881d3eaca756d633e860ab0441a8d1/screenshot - {}
RESULT: {}
COMMAND: POST /session/a5881d3eaca756d633e860ab0441a8d1/execute/async - {"script":"<script> [1562 bytes]","args":[{"selector":{"id":"application-manageyards-display-component---NewYard--addressEditDetailsCurrency-arrow"},"wdio_ui5_key":"applicationmanageyards-display-component---NewYard--addressEditDetailsCurrency-arrow"}]}
RESULT: {"script":"<script> [1562 bytes]","args":[{"selector":{"id":"application-manageyards-display-component---NewYard--addressEditDetailsCurrency-arrow"},"wdio_ui5_key":"applicationmanageyards-display-component---NewYard--addressEditDetailsCurrency-arrow"}]}
RESULT: undefined
COMMAND: POST /session/a5881d3eaca756d633e860ab0441a8d1/element - {"using":"xpath","value":"//*[@id=\"application-manageyards-display-component---NewYard--addressEditDetailsCurrency-arrow\"]"}
RESULT: {"using":"xpath","value":"//*[@id=\"application-manageyards-display-component---NewYard--addressEditDetailsCurrency-arrow\"]"}
COMMAND: POST /session/a5881d3eaca756d633e860ab0441a8d1/element/f.70EA98C12271B5C153327B12E8209453.d.F4A8B9569DF0C2F61393746C3405E029.e.785/click - {}
RESULT: {}
COMMAND: POST /session/a5881d3eaca756d633e860ab0441a8d1/element - {"using":"xpath","value":"//span[contains(text(), \"Euro\")]"}
COMMAND: GET /session/a5881d3eaca756d633e860ab0441a8d1/screenshot - {}
RESULT: {"using":"xpath","value":"//span[contains(text(), \"Euro\")]"}
COMMAND: POST /session/a5881d3eaca756d633e860ab0441a8d1/element/f.70EA98C12271B5C153327B12E8209453.d.F4A8B9569DF0C2F61393746C3405E029.e.786/click - {}
RESULT: {}
RESULT: {}
COMMAND: POST /session/a5881d3eaca756d633e860ab0441a8d1/execute/async - {"script":"<script> [1562 bytes]","args":[{"selector":{"controlType":"sap.m.Input","viewName":"etm.portal.ui.manageyards.view.New","viewId":"application-manageyards-display-component---NewYard","bindingPath":{"path":"","propertyPath":"/CONTROLLING_AREA","modelName":"NewYardModel"},"interaction":{"idSuffix":"inner"}},"wdio_ui5_key":"etmportal.ui.manageyards.view.Newsap.m.Input{\"path\":\"\",\"propertyPath\":\"/CONTROLLING_AREA\",\"modelName\":\"NewYardModel\"}"}]}
COMMAND: GET /session/a5881d3eaca756d633e860ab0441a8d1/screenshot - {}
RESULT: {"script":"<script> [1562 bytes]","args":[{"selector":{"controlType":"sap.m.Input","viewName":"etm.portal.ui.manageyards.view.New","viewId":"application-manageyards-display-component---NewYard","bindingPath":{"path":"","propertyPath":"/CONTROLLING_AREA","modelName":"NewYardModel"},"interaction":{"idSuffix":"inner"}},"wdio_ui5_key":"etmportal.ui.manageyards.view.Newsap.m.Input{\"path\":\"\",\"propertyPath\":\"/CONTROLLING_AREA\",\"modelName\":\"NewYardModel\"}"}]}
RESULT: undefined
COMMAND: POST /session/a5881d3eaca756d633e860ab0441a8d1/execute/async - {"script":"<script> [776 bytes]","args":[{"enterText":"Z001","selector":{"controlType":"sap.m.Input","viewName":"etm.portal.ui.manageyards.view.New","viewId":"application-manageyards-display-component---NewYard","bindingPath":{"path":"","propertyPath":"/CONTROLLING_AREA","modelName":"NewYardModel"},"interaction":{"idSuffix":"inner"}},"clearTextFirst":true,"interactionType":"ENTER_TEXT"}]}
RESULT: {}
RESULT: {"script":"<script> [776 bytes]","args":[{"enterText":"Z001","selector":{"controlType":"sap.m.Input","viewName":"etm.portal.ui.manageyards.view.New","viewId":"application-manageyards-display-component---NewYard","bindingPath":{"path":"","propertyPath":"/CONTROLLING_AREA","modelName":"NewYardModel"},"interaction":{"idSuffix":"inner"}},"clearTextFirst":true,"interactionType":"ENTER_TEXT"}]}
COMMAND: POST /session/a5881d3eaca756d633e860ab0441a8d1/execute/async - {"script":"<script> [1562 bytes]","args":[{"selector":{"id":"application-manageyards-display-component---NewYard--companyCodeComboBox","interaction":{"idSuffix":"inner"}},"wdio_ui5_key":"applicationmanageyards-display-component---NewYard--companyCodeComboBox"}]}
RESULT: {"script":"<script> [1562 bytes]","args":[{"selector":{"id":"application-manageyards-display-component---NewYard--companyCodeComboBox","interaction":{"idSuffix":"inner"}},"wdio_ui5_key":"applicationmanageyards-display-component---NewYard--companyCodeComboBox"}]}
RESULT: undefined
COMMAND: POST /session/a5881d3eaca756d633e860ab0441a8d1/execute/async - {"script":"<script> [776 bytes]","args":[{"enterText":"1000","selector":{"id":"application-manageyards-display-component---NewYard--companyCodeComboBox","interaction":{"idSuffix":"inner"}},"clearTextFirst":true,"interactionType":"ENTER_TEXT"}]}
RESULT: {"script":"<script> [776 bytes]","args":[{"enterText":"1000","selector":{"id":"application-manageyards-display-component---NewYard--companyCodeComboBox","interaction":{"idSuffix":"inner"}},"clearTextFirst":true,"interactionType":"ENTER_TEXT"}]}
COMMAND: POST /session/a5881d3eaca756d633e860ab0441a8d1/execute/async - {"script":"<script> [1562 bytes]","args":[{"selector":{"controlType":"sap.m.Input","viewName":"etm.portal.ui.manageyards.view.New","viewId":"application-manageyards-display-component---NewYard","bindingPath":{"path":"","propertyPath":"/PLANT","modelName":"NewYardModel"},"interaction":{"idSuffix":"inner"}},"wdio_ui5_key":"etmportal.ui.manageyards.view.Newsap.m.Input{\"path\":\"\",\"propertyPath\":\"/PLANT\",\"modelName\":\"NewYardModel\"}"}]}
RESULT: {"script":"<script> [1562 bytes]","args":[{"selector":{"controlType":"sap.m.Input","viewName":"etm.portal.ui.manageyards.view.New","viewId":"application-manageyards-display-component---NewYard","bindingPath":{"path":"","propertyPath":"/PLANT","modelName":"NewYardModel"},"interaction":{"idSuffix":"inner"}},"wdio_ui5_key":"etmportal.ui.manageyards.view.Newsap.m.Input{\"path\":\"\",\"propertyPath\":\"/PLANT\",\"modelName\":\"NewYardModel\"}"}]}
RESULT: undefined
COMMAND: POST /session/a5881d3eaca756d633e860ab0441a8d1/execute/async - {"script":"<script> [776 bytes]","args":[{"enterText":"1001","selector":{"controlType":"sap.m.Input","viewName":"etm.portal.ui.manageyards.view.New","viewId":"application-manageyards-display-component---NewYard","bindingPath":{"path":"","propertyPath":"/PLANT","modelName":"NewYardModel"},"interaction":{"idSuffix":"inner"}},"clearTextFirst":true,"interactionType":"ENTER_TEXT"}]}
RESULT: {"script":"<script> [776 bytes]","args":[{"enterText":"1001","selector":{"controlType":"sap.m.Input","viewName":"etm.portal.ui.manageyards.view.New","viewId":"application-manageyards-display-component---NewYard","bindingPath":{"path":"","propertyPath":"/PLANT","modelName":"NewYardModel"},"interaction":{"idSuffix":"inner"}},"clearTextFirst":true,"interactionType":"ENTER_TEXT"}]}
COMMAND: POST /session/a5881d3eaca756d633e860ab0441a8d1/execute/async - {"script":"<script> [1562 bytes]","args":[{"selector":{"controlType":"sap.m.Input","viewName":"etm.portal.ui.manageyards.view.New","viewId":"application-manageyards-display-component---NewYard","bindingPath":{"path":"","propertyPath":"/SALES_AREA_VKORG","modelName":"NewYardModel"},"interaction":{"idSuffix":"inner"}},"wdio_ui5_key":"etmportal.ui.manageyards.view.Newsap.m.Input{\"path\":\"\",\"propertyPath\":\"/SALES_AREA_VKORG\",\"modelName\":\"NewYardModel\"}"}]}
RESULT: {"script":"<script> [1562 bytes]","args":[{"selector":{"controlType":"sap.m.Input","viewName":"etm.portal.ui.manageyards.view.New","viewId":"application-manageyards-display-component---NewYard","bindingPath":{"path":"","propertyPath":"/SALES_AREA_VKORG","modelName":"NewYardModel"},"interaction":{"idSuffix":"inner"}},"wdio_ui5_key":"etmportal.ui.manageyards.view.Newsap.m.Input{\"path\":\"\",\"propertyPath\":\"/SALES_AREA_VKORG\",\"modelName\":\"NewYardModel\"}"}]}
RESULT: undefined
COMMAND: POST /session/a5881d3eaca756d633e860ab0441a8d1/execute/async - {"script":"<script> [776 bytes]","args":[{"enterText":"C002","selector":{"controlType":"sap.m.Input","viewName":"etm.portal.ui.manageyards.view.New","viewId":"application-manageyards-display-component---NewYard","bindingPath":{"path":"","propertyPath":"/SALES_AREA_VKORG","modelName":"NewYardModel"},"interaction":{"idSuffix":"inner"}},"clearTextFirst":true,"interactionType":"ENTER_TEXT"}]}
RESULT: {"script":"<script> [776 bytes]","args":[{"enterText":"C002","selector":{"controlType":"sap.m.Input","viewName":"etm.portal.ui.manageyards.view.New","viewId":"application-manageyards-display-component---NewYard","bindingPath":{"path":"","propertyPath":"/SALES_AREA_VKORG","modelName":"NewYardModel"},"interaction":{"idSuffix":"inner"}},"clearTextFirst":true,"interactionType":"ENTER_TEXT"}]}
COMMAND: POST /session/a5881d3eaca756d633e860ab0441a8d1/execute/async - {"script":"<script> [1562 bytes]","args":[{"selector":{"controlType":"sap.m.Input","viewName":"etm.portal.ui.manageyards.view.New","viewId":"application-manageyards-display-component---NewYard","bindingPath":{"path":"","propertyPath":"/SALES_AREA_VTWEG","modelName":"NewYardModel"},"interaction":{"idSuffix":"inner"}},"wdio_ui5_key":"etmportal.ui.manageyards.view.Newsap.m.Input{\"path\":\"\",\"propertyPath\":\"/SALES_AREA_VTWEG\",\"modelName\":\"NewYardModel\"}"}]}
RESULT: {"script":"<script> [1562 bytes]","args":[{"selector":{"controlType":"sap.m.Input","viewName":"etm.portal.ui.manageyards.view.New","viewId":"application-manageyards-display-component---NewYard","bindingPath":{"path":"","propertyPath":"/SALES_AREA_VTWEG","modelName":"NewYardModel"},"interaction":{"idSuffix":"inner"}},"wdio_ui5_key":"etmportal.ui.manageyards.view.Newsap.m.Input{\"path\":\"\",\"propertyPath\":\"/SALES_AREA_VTWEG\",\"modelName\":\"NewYardModel\"}"}]}
RESULT: undefined
COMMAND: POST /session/a5881d3eaca756d633e860ab0441a8d1/execute/async - {"script":"<script> [776 bytes]","args":[{"enterText":"C2","selector":{"controlType":"sap.m.Input","viewName":"etm.portal.ui.manageyards.view.New","viewId":"application-manageyards-display-component---NewYard","bindingPath":{"path":"","propertyPath":"/SALES_AREA_VTWEG","modelName":"NewYardModel"},"interaction":{"idSuffix":"inner"}},"clearTextFirst":true,"interactionType":"ENTER_TEXT"}]}
RESULT: {"script":"<script> [776 bytes]","args":[{"enterText":"C2","selector":{"controlType":"sap.m.Input","viewName":"etm.portal.ui.manageyards.view.New","viewId":"application-manageyards-display-component---NewYard","bindingPath":{"path":"","propertyPath":"/SALES_AREA_VTWEG","modelName":"NewYardModel"},"interaction":{"idSuffix":"inner"}},"clearTextFirst":true,"interactionType":"ENTER_TEXT"}]}
COMMAND: POST /session/a5881d3eaca756d633e860ab0441a8d1/execute/async - {"script":"<script> [1562 bytes]","args":[{"selector":{"controlType":"sap.m.Input","viewName":"etm.portal.ui.manageyards.view.New","viewId":"application-manageyards-display-component---NewYard","bindingPath":{"path":"","propertyPath":"/SALES_AREA_SPART","modelName":"NewYardModel"},"interaction":{"idSuffix":"inner"}},"wdio_ui5_key":"etmportal.ui.manageyards.view.Newsap.m.Input{\"path\":\"\",\"propertyPath\":\"/SALES_AREA_SPART\",\"modelName\":\"NewYardModel\"}"}]}
RESULT: {"script":"<script> [1562 bytes]","args":[{"selector":{"controlType":"sap.m.Input","viewName":"etm.portal.ui.manageyards.view.New","viewId":"application-manageyards-display-component---NewYard","bindingPath":{"path":"","propertyPath":"/SALES_AREA_SPART","modelName":"NewYardModel"},"interaction":{"idSuffix":"inner"}},"wdio_ui5_key":"etmportal.ui.manageyards.view.Newsap.m.Input{\"path\":\"\",\"propertyPath\":\"/SALES_AREA_SPART\",\"modelName\":\"NewYardModel\"}"}]}
RESULT: undefined
COMMAND: POST /session/a5881d3eaca756d633e860ab0441a8d1/execute/async - {"script":"<script> [776 bytes]","args":[{"enterText":"C2","selector":{"controlType":"sap.m.Input","viewName":"etm.portal.ui.manageyards.view.New","viewId":"application-manageyards-display-component---NewYard","bindingPath":{"path":"","propertyPath":"/SALES_AREA_SPART","modelName":"NewYardModel"},"interaction":{"idSuffix":"inner"}},"clearTextFirst":true,"interactionType":"ENTER_TEXT"}]}
RESULT: {"script":"<script> [776 bytes]","args":[{"enterText":"C2","selector":{"controlType":"sap.m.Input","viewName":"etm.portal.ui.manageyards.view.New","viewId":"application-manageyards-display-component---NewYard","bindingPath":{"path":"","propertyPath":"/SALES_AREA_SPART","modelName":"NewYardModel"},"interaction":{"idSuffix":"inner"}},"clearTextFirst":true,"interactionType":"ENTER_TEXT"}]}
COMMAND: POST /session/a5881d3eaca756d633e860ab0441a8d1/execute/async - {"script":"<script> [1562 bytes]","args":[{"selector":{"controlType":"sap.m.Input","viewName":"etm.portal.ui.manageyards.view.New","viewId":"application-manageyards-display-component---NewYard","bindingPath":{"path":"","propertyPath":"/SHIP_POINT","modelName":"NewYardModel"},"interaction":{"idSuffix":"inner"}},"wdio_ui5_key":"etmportal.ui.manageyards.view.Newsap.m.Input{\"path\":\"\",\"propertyPath\":\"/SHIP_POINT\",\"modelName\":\"NewYardModel\"}"}]}
RESULT: {"script":"<script> [1562 bytes]","args":[{"selector":{"controlType":"sap.m.Input","viewName":"etm.portal.ui.manageyards.view.New","viewId":"application-manageyards-display-component---NewYard","bindingPath":{"path":"","propertyPath":"/SHIP_POINT","modelName":"NewYardModel"},"interaction":{"idSuffix":"inner"}},"wdio_ui5_key":"etmportal.ui.manageyards.view.Newsap.m.Input{\"path\":\"\",\"propertyPath\":\"/SHIP_POINT\",\"modelName\":\"NewYardModel\"}"}]}
RESULT: undefined
COMMAND: POST /session/a5881d3eaca756d633e860ab0441a8d1/execute/async - {"script":"<script> [776 bytes]","args":[{"enterText":"1710","selector":{"controlType":"sap.m.Input","viewName":"etm.portal.ui.manageyards.view.New","viewId":"application-manageyards-display-component---NewYard","bindingPath":{"path":"","propertyPath":"/SHIP_POINT","modelName":"NewYardModel"},"interaction":{"idSuffix":"inner"}},"clearTextFirst":true,"interactionType":"ENTER_TEXT"}]}
RESULT: {"script":"<script> [776 bytes]","args":[{"enterText":"1710","selector":{"controlType":"sap.m.Input","viewName":"etm.portal.ui.manageyards.view.New","viewId":"application-manageyards-display-component---NewYard","bindingPath":{"path":"","propertyPath":"/SHIP_POINT","modelName":"NewYardModel"},"interaction":{"idSuffix":"inner"}},"clearTextFirst":true,"interactionType":"ENTER_TEXT"}]}
COMMAND: POST /session/a5881d3eaca756d633e860ab0441a8d1/execute/async - {"script":"<script> [1562 bytes]","args":[{"selector":{"controlType":"sap.m.Input","viewName":"etm.portal.ui.manageyards.view.New","viewId":"application-manageyards-display-component---NewYard","bindingPath":{"path":"","propertyPath":"/DELIVERY_TYPE","modelName":"NewYardModel"},"interaction":{"idSuffix":"inner"}},"wdio_ui5_key":"etmportal.ui.manageyards.view.Newsap.m.Input{\"path\":\"\",\"propertyPath\":\"/DELIVERY_TYPE\",\"modelName\":\"NewYardModel\"}"}]}
RESULT: {"script":"<script> [1562 bytes]","args":[{"selector":{"controlType":"sap.m.Input","viewName":"etm.portal.ui.manageyards.view.New","viewId":"application-manageyards-display-component---NewYard","bindingPath":{"path":"","propertyPath":"/DELIVERY_TYPE","modelName":"NewYardModel"},"interaction":{"idSuffix":"inner"}},"wdio_ui5_key":"etmportal.ui.manageyards.view.Newsap.m.Input{\"path\":\"\",\"propertyPath\":\"/DELIVERY_TYPE\",\"modelName\":\"NewYardModel\"}"}]}
RESULT: undefined
COMMAND: POST /session/a5881d3eaca756d633e860ab0441a8d1/execute/async - {"script":"<script> [776 bytes]","args":[{"enterText":"ZL01","selector":{"controlType":"sap.m.Input","viewName":"etm.portal.ui.manageyards.view.New","viewId":"application-manageyards-display-component---NewYard","bindingPath":{"path":"","propertyPath":"/DELIVERY_TYPE","modelName":"NewYardModel"},"interaction":{"idSuffix":"inner"}},"clearTextFirst":true,"interactionType":"ENTER_TEXT"}]}
RESULT: {"script":"<script> [776 bytes]","args":[{"enterText":"ZL01","selector":{"controlType":"sap.m.Input","viewName":"etm.portal.ui.manageyards.view.New","viewId":"application-manageyards-display-component---NewYard","bindingPath":{"path":"","propertyPath":"/DELIVERY_TYPE","modelName":"NewYardModel"},"interaction":{"idSuffix":"inner"}},"clearTextFirst":true,"interactionType":"ENTER_TEXT"}]}
COMMAND: POST /session/a5881d3eaca756d633e860ab0441a8d1/execute/async - {"script":"<script> [1562 bytes]","args":[{"selector":{"controlType":"sap.m.Input","viewName":"etm.portal.ui.manageyards.view.New","viewId":"application-manageyards-display-component---NewYard","bindingPath":{"path":"","propertyPath":"/AUART","modelName":"NewYardModel"},"interaction":{"idSuffix":"inner"}},"wdio_ui5_key":"etmportal.ui.manageyards.view.Newsap.m.Input{\"path\":\"\",\"propertyPath\":\"/AUART\",\"modelName\":\"NewYardModel\"}"}]}
RESULT: {"script":"<script> [1562 bytes]","args":[{"selector":{"controlType":"sap.m.Input","viewName":"etm.portal.ui.manageyards.view.New","viewId":"application-manageyards-display-component---NewYard","bindingPath":{"path":"","propertyPath":"/AUART","modelName":"NewYardModel"},"interaction":{"idSuffix":"inner"}},"wdio_ui5_key":"etmportal.ui.manageyards.view.Newsap.m.Input{\"path\":\"\",\"propertyPath\":\"/AUART\",\"modelName\":\"NewYardModel\"}"}]}
RESULT: undefined
COMMAND: POST /session/a5881d3eaca756d633e860ab0441a8d1/execute/async - {"script":"<script> [776 bytes]","args":[{"enterText":"TA","selector":{"controlType":"sap.m.Input","viewName":"etm.portal.ui.manageyards.view.New","viewId":"application-manageyards-display-component---NewYard","bindingPath":{"path":"","propertyPath":"/AUART","modelName":"NewYardModel"},"interaction":{"idSuffix":"inner"}},"clearTextFirst":true,"interactionType":"ENTER_TEXT"}]}
RESULT: {"script":"<script> [776 bytes]","args":[{"enterText":"TA","selector":{"controlType":"sap.m.Input","viewName":"etm.portal.ui.manageyards.view.New","viewId":"application-manageyards-display-component---NewYard","bindingPath":{"path":"","propertyPath":"/AUART","modelName":"NewYardModel"},"interaction":{"idSuffix":"inner"}},"clearTextFirst":true,"interactionType":"ENTER_TEXT"}]}
COMMAND: POST /session/a5881d3eaca756d633e860ab0441a8d1/element - {"using":"xpath","value":"//button[@data-kt=\"newYardSaveButton\"]"}
RESULT: {"using":"xpath","value":"//button[@data-kt=\"newYardSaveButton\"]"}
COMMAND: POST /session/a5881d3eaca756d633e860ab0441a8d1/element/f.70EA98C12271B5C153327B12E8209453.d.F4A8B9569DF0C2F61393746C3405E029.e.712/click - {}
RESULT: {}
COMMAND: GET /session/a5881d3eaca756d633e860ab0441a8d1/screenshot - {}
RESULT: {}
COMMAND: POST /session/a5881d3eaca756d633e860ab0441a8d1/element - {"using":"xpath","value":"//header[contains(@id, 'ObjectPageLayout-headerTitle')]/div[1]/div[2]/div[1]/span[1]"}
RESULT: {"using":"xpath","value":"//header[contains(@id, 'ObjectPageLayout-headerTitle')]/div[1]/div[2]/div[1]/span[1]"}
COMMAND: POST /session/a5881d3eaca756d633e860ab0441a8d1/elements - {"using":"xpath","value":"//header[contains(@id, 'ObjectPageLayout-headerTitle')]/div[1]/div[2]/div[1]/span[1]"}
RESULT: {"using":"xpath","value":"//header[contains(@id, 'ObjectPageLayout-headerTitle')]/div[1]/div[2]/div[1]/span[1]"}
COMMAND: POST /session/a5881d3eaca756d633e860ab0441a8d1/execute/sync - {"script":"<script> [56 bytes]","args":[{"element-6066-11e4-a52e-4f735466cecf":"f.70EA98C12271B5C153327B12E8209453.d.F4A8B9569DF0C2F61393746C3405E029.e.1008","ELEMENT":"f.70EA98C12271B5C153327B12E8209453.d.F4A8B9569DF0C2F61393746C3405E029.e.1008"}]}
RESULT: {"script":"<script> [56 bytes]","args":[{"element-6066-11e4-a52e-4f735466cecf":"f.70EA98C12271B5C153327B12E8209453.d.F4A8B9569DF0C2F61393746C3405E029.e.1008","ELEMENT":"f.70EA98C12271B5C153327B12E8209453.d.F4A8B9569DF0C2F61393746C3405E029.e.1008"}]}
COMMAND: GET /session/a5881d3eaca756d633e860ab0441a8d1/screenshot - {}
RESULT: {}
COMMAND: POST /session/a5881d3eaca756d633e860ab0441a8d1/element - {"using":"css selector","value":"#shell-header-logo"}
RESULT: {"using":"css selector","value":"#shell-header-logo"}
COMMAND: POST /session/a5881d3eaca756d633e860ab0441a8d1/element/f.70EA98C12271B5C153327B12E8209453.d.F4A8B9569DF0C2F61393746C3405E029.e.268/click - {}
RESULT: {}
COMMAND: GET /session/a5881d3eaca756d633e860ab0441a8d1/screenshot - {}
RESULT: {}
COMMAND: POST /session/a5881d3eaca756d633e860ab0441a8d1/execute/sync - {"script":"<script> [299 bytes]","args":[["getModel","getResource"]]}
RESULT: {"script":"<script> [299 bytes]","args":[["getModel","getResource"]]}
COMMAND: GET /session/a5881d3eaca756d633e860ab0441a8d1/screenshot - {}
]]></system-out>
    </testcase>
    <testcase classname="chrome.135_0_7049_96.windows.Billing_confirm_US117289" name="Should create a new partner" time="122.685">
      <system-out><![CDATA[
COMMAND: POST /session/a5881d3eaca756d633e860ab0441a8d1/window/fullscreen - {}
RESULT: {}
COMMAND: POST /session/a5881d3eaca756d633e860ab0441a8d1/execute/async - {"script":"<script> [1562 bytes]","args":[{"selector":{"controlType":"sap.m.GenericTile","properties":{"header":"Manage Partners"}},"wdio_ui5_key":"sapm.GenericTile{\"header\":\"Manage Partners\"}"}]}
RESULT: {}
RESULT: {"script":"<script> [1562 bytes]","args":[{"selector":{"controlType":"sap.m.GenericTile","properties":{"header":"Manage Partners"}},"wdio_ui5_key":"sapm.GenericTile{\"header\":\"Manage Partners\"}"}]}
RESULT: undefined
COMMAND: POST /session/a5881d3eaca756d633e860ab0441a8d1/element - {"using":"xpath","value":"//*[@id=\"__tile38\"]"}
RESULT: {"using":"xpath","value":"//*[@id=\"__tile38\"]"}
COMMAND: POST /session/a5881d3eaca756d633e860ab0441a8d1/element/f.70EA98C12271B5C153327B12E8209453.d.F4A8B9569DF0C2F61393746C3405E029.e.152/click - {}
RESULT: {}
COMMAND: POST /session/a5881d3eaca756d633e860ab0441a8d1/element - {"using":"xpath","value":"//button[@data-kt=\"addButton\"]"}
COMMAND: GET /session/a5881d3eaca756d633e860ab0441a8d1/screenshot - {}
RESULT: {"using":"xpath","value":"//button[@data-kt=\"addButton\"]"}
COMMAND: POST /session/a5881d3eaca756d633e860ab0441a8d1/elements - {"using":"xpath","value":"//button[@data-kt=\"addButton\"]"}
RESULT: {}
RESULT: {"using":"xpath","value":"//button[@data-kt=\"addButton\"]"}
COMMAND: POST /session/a5881d3eaca756d633e860ab0441a8d1/elements - {"using":"xpath","value":"//button[@data-kt=\"addButton\"]"}
RESULT: {"using":"xpath","value":"//button[@data-kt=\"addButton\"]"}
COMMAND: POST /session/a5881d3eaca756d633e860ab0441a8d1/elements - {"using":"xpath","value":"//button[@data-kt=\"addButton\"]"}
RESULT: {"using":"xpath","value":"//button[@data-kt=\"addButton\"]"}
COMMAND: POST /session/a5881d3eaca756d633e860ab0441a8d1/elements - {"using":"xpath","value":"//button[@data-kt=\"addButton\"]"}
RESULT: {"using":"xpath","value":"//button[@data-kt=\"addButton\"]"}
COMMAND: POST /session/a5881d3eaca756d633e860ab0441a8d1/elements - {"using":"xpath","value":"//button[@data-kt=\"addButton\"]"}
RESULT: {"using":"xpath","value":"//button[@data-kt=\"addButton\"]"}
COMMAND: POST /session/a5881d3eaca756d633e860ab0441a8d1/elements - {"using":"xpath","value":"//button[@data-kt=\"addButton\"]"}
RESULT: {"using":"xpath","value":"//button[@data-kt=\"addButton\"]"}
COMMAND: POST /session/a5881d3eaca756d633e860ab0441a8d1/elements - {"using":"xpath","value":"//button[@data-kt=\"addButton\"]"}
RESULT: {"using":"xpath","value":"//button[@data-kt=\"addButton\"]"}
COMMAND: POST /session/a5881d3eaca756d633e860ab0441a8d1/elements - {"using":"xpath","value":"//button[@data-kt=\"addButton\"]"}
RESULT: {"using":"xpath","value":"//button[@data-kt=\"addButton\"]"}
COMMAND: POST /session/a5881d3eaca756d633e860ab0441a8d1/elements - {"using":"xpath","value":"//button[@data-kt=\"addButton\"]"}
RESULT: {"using":"xpath","value":"//button[@data-kt=\"addButton\"]"}
COMMAND: POST /session/a5881d3eaca756d633e860ab0441a8d1/elements - {"using":"xpath","value":"//button[@data-kt=\"addButton\"]"}
RESULT: {"using":"xpath","value":"//button[@data-kt=\"addButton\"]"}
COMMAND: POST /session/a5881d3eaca756d633e860ab0441a8d1/elements - {"using":"xpath","value":"//button[@data-kt=\"addButton\"]"}
RESULT: {"using":"xpath","value":"//button[@data-kt=\"addButton\"]"}
COMMAND: POST /session/a5881d3eaca756d633e860ab0441a8d1/elements - {"using":"xpath","value":"//button[@data-kt=\"addButton\"]"}
RESULT: {"using":"xpath","value":"//button[@data-kt=\"addButton\"]"}
COMMAND: POST /session/a5881d3eaca756d633e860ab0441a8d1/elements - {"using":"xpath","value":"//button[@data-kt=\"addButton\"]"}
RESULT: {"using":"xpath","value":"//button[@data-kt=\"addButton\"]"}
COMMAND: POST /session/a5881d3eaca756d633e860ab0441a8d1/elements - {"using":"xpath","value":"//button[@data-kt=\"addButton\"]"}
RESULT: {"using":"xpath","value":"//button[@data-kt=\"addButton\"]"}
COMMAND: POST /session/a5881d3eaca756d633e860ab0441a8d1/elements - {"using":"xpath","value":"//button[@data-kt=\"addButton\"]"}
RESULT: {"using":"xpath","value":"//button[@data-kt=\"addButton\"]"}
COMMAND: POST /session/a5881d3eaca756d633e860ab0441a8d1/elements - {"using":"xpath","value":"//button[@data-kt=\"addButton\"]"}
RESULT: {"using":"xpath","value":"//button[@data-kt=\"addButton\"]"}
COMMAND: POST /session/a5881d3eaca756d633e860ab0441a8d1/elements - {"using":"xpath","value":"//button[@data-kt=\"addButton\"]"}
RESULT: {"using":"xpath","value":"//button[@data-kt=\"addButton\"]"}
COMMAND: POST /session/a5881d3eaca756d633e860ab0441a8d1/elements - {"using":"xpath","value":"//button[@data-kt=\"addButton\"]"}
RESULT: {"using":"xpath","value":"//button[@data-kt=\"addButton\"]"}
COMMAND: POST /session/a5881d3eaca756d633e860ab0441a8d1/elements - {"using":"xpath","value":"//button[@data-kt=\"addButton\"]"}
RESULT: {"using":"xpath","value":"//button[@data-kt=\"addButton\"]"}
COMMAND: POST /session/a5881d3eaca756d633e860ab0441a8d1/elements - {"using":"xpath","value":"//button[@data-kt=\"addButton\"]"}
RESULT: {"using":"xpath","value":"//button[@data-kt=\"addButton\"]"}
COMMAND: POST /session/a5881d3eaca756d633e860ab0441a8d1/elements - {"using":"xpath","value":"//button[@data-kt=\"addButton\"]"}
RESULT: {"using":"xpath","value":"//button[@data-kt=\"addButton\"]"}
COMMAND: POST /session/a5881d3eaca756d633e860ab0441a8d1/elements - {"using":"xpath","value":"//button[@data-kt=\"addButton\"]"}
RESULT: {"using":"xpath","value":"//button[@data-kt=\"addButton\"]"}
COMMAND: POST /session/a5881d3eaca756d633e860ab0441a8d1/element - {"using":"xpath","value":"//button[@data-kt=\"addButton\"]"}
RESULT: {"using":"xpath","value":"//button[@data-kt=\"addButton\"]"}
COMMAND: POST /session/a5881d3eaca756d633e860ab0441a8d1/execute/sync - {"script":"<script> [8489 bytes]","args":[{"element-6066-11e4-a52e-4f735466cecf":"f.70EA98C12271B5C153327B12E8209453.d.F4A8B9569DF0C2F61393746C3405E029.e.1059","ELEMENT":"f.70EA98C12271B5C153327B12E8209453.d.F4A8B9569DF0C2F61393746C3405E029.e.1059"}]}
RESULT: {"script":"<script> [8489 bytes]","args":[{"element-6066-11e4-a52e-4f735466cecf":"f.70EA98C12271B5C153327B12E8209453.d.F4A8B9569DF0C2F61393746C3405E029.e.1059","ELEMENT":"f.70EA98C12271B5C153327B12E8209453.d.F4A8B9569DF0C2F61393746C3405E029.e.1059"}]}
COMMAND: GET /session/a5881d3eaca756d633e860ab0441a8d1/element/f.70EA98C12271B5C153327B12E8209453.d.F4A8B9569DF0C2F61393746C3405E029.e.1059/enabled - {}
COMMAND: GET /session/a5881d3eaca756d633e860ab0441a8d1/screenshot - {}
RESULT: {}
COMMAND: POST /session/a5881d3eaca756d633e860ab0441a8d1/execute/sync - {"script":"<script> [8489 bytes]","args":[{"element-6066-11e4-a52e-4f735466cecf":"f.70EA98C12271B5C153327B12E8209453.d.F4A8B9569DF0C2F61393746C3405E029.e.1059","ELEMENT":"f.70EA98C12271B5C153327B12E8209453.d.F4A8B9569DF0C2F61393746C3405E029.e.1059"}]}
COMMAND: GET /session/a5881d3eaca756d633e860ab0441a8d1/screenshot - {}
RESULT: {}
RESULT: {"script":"<script> [8489 bytes]","args":[{"element-6066-11e4-a52e-4f735466cecf":"f.70EA98C12271B5C153327B12E8209453.d.F4A8B9569DF0C2F61393746C3405E029.e.1059","ELEMENT":"f.70EA98C12271B5C153327B12E8209453.d.F4A8B9569DF0C2F61393746C3405E029.e.1059"}]}
COMMAND: POST /session/a5881d3eaca756d633e860ab0441a8d1/execute/sync - {"script":"<script> [5351 bytes]","args":[{"element-6066-11e4-a52e-4f735466cecf":"f.70EA98C12271B5C153327B12E8209453.d.F4A8B9569DF0C2F61393746C3405E029.e.1059","ELEMENT":"f.70EA98C12271B5C153327B12E8209453.d.F4A8B9569DF0C2F61393746C3405E029.e.1059"}]}
COMMAND: GET /session/a5881d3eaca756d633e860ab0441a8d1/screenshot - {}
RESULT: {}
RESULT: {"script":"<script> [5351 bytes]","args":[{"element-6066-11e4-a52e-4f735466cecf":"f.70EA98C12271B5C153327B12E8209453.d.F4A8B9569DF0C2F61393746C3405E029.e.1059","ELEMENT":"f.70EA98C12271B5C153327B12E8209453.d.F4A8B9569DF0C2F61393746C3405E029.e.1059"}]}
COMMAND: POST /session/a5881d3eaca756d633e860ab0441a8d1/element/f.70EA98C12271B5C153327B12E8209453.d.F4A8B9569DF0C2F61393746C3405E029.e.1059/click - {}
COMMAND: GET /session/a5881d3eaca756d633e860ab0441a8d1/screenshot - {}
RESULT: {}
RESULT: {}
COMMAND: GET /session/a5881d3eaca756d633e860ab0441a8d1/screenshot - {}
COMMAND: POST /session/a5881d3eaca756d633e860ab0441a8d1/execute/async - {"script":"<script> [1562 bytes]","args":[{"selector":{"id":"application-managepartners-display-component---NewPartner--addressDetailDetailsName1","interaction":{"idSuffix":"inner"}},"wdio_ui5_key":"applicationmanagepartners-display-component---NewPartner--addressDetailDetailsName1"}]}
RESULT: {}
RESULT: {}
RESULT: {"script":"<script> [1562 bytes]","args":[{"selector":{"id":"application-managepartners-display-component---NewPartner--addressDetailDetailsName1","interaction":{"idSuffix":"inner"}},"wdio_ui5_key":"applicationmanagepartners-display-component---NewPartner--addressDetailDetailsName1"}]}
RESULT: undefined
COMMAND: POST /session/a5881d3eaca756d633e860ab0441a8d1/execute/async - {"script":"<script> [776 bytes]","args":[{"enterText":"Intracompany Partner WDIO","selector":{"id":"application-managepartners-display-component---NewPartner--addressDetailDetailsName1","interaction":{"idSuffix":"inner"}},"clearTextFirst":true,"interactionType":"ENTER_TEXT"}]}
RESULT: {"script":"<script> [776 bytes]","args":[{"enterText":"Intracompany Partner WDIO","selector":{"id":"application-managepartners-display-component---NewPartner--addressDetailDetailsName1","interaction":{"idSuffix":"inner"}},"clearTextFirst":true,"interactionType":"ENTER_TEXT"}]}
COMMAND: POST /session/a5881d3eaca756d633e860ab0441a8d1/execute/async - {"script":"<script> [1562 bytes]","args":[{"selector":{"id":"application-managepartners-display-component---NewPartner--addressDetailDetailsLanguage-arrow"},"wdio_ui5_key":"applicationmanagepartners-display-component---NewPartner--addressDetailDetailsLanguage-arrow"}]}
RESULT: {"script":"<script> [1562 bytes]","args":[{"selector":{"id":"application-managepartners-display-component---NewPartner--addressDetailDetailsLanguage-arrow"},"wdio_ui5_key":"applicationmanagepartners-display-component---NewPartner--addressDetailDetailsLanguage-arrow"}]}
RESULT: undefined
COMMAND: POST /session/a5881d3eaca756d633e860ab0441a8d1/element - {"using":"xpath","value":"//*[@id=\"application-managepartners-display-component---NewPartner--addressDetailDetailsLanguage-arrow\"]"}
RESULT: {"using":"xpath","value":"//*[@id=\"application-managepartners-display-component---NewPartner--addressDetailDetailsLanguage-arrow\"]"}
COMMAND: POST /session/a5881d3eaca756d633e860ab0441a8d1/element/f.70EA98C12271B5C153327B12E8209453.d.F4A8B9569DF0C2F61393746C3405E029.e.1502/click - {}
RESULT: {}
COMMAND: POST /session/a5881d3eaca756d633e860ab0441a8d1/element - {"using":"xpath","value":"//span[contains(text(), \"English\")]"}
COMMAND: GET /session/a5881d3eaca756d633e860ab0441a8d1/screenshot - {}
RESULT: {"using":"xpath","value":"//span[contains(text(), \"English\")]"}
COMMAND: POST /session/a5881d3eaca756d633e860ab0441a8d1/element/f.70EA98C12271B5C153327B12E8209453.d.F4A8B9569DF0C2F61393746C3405E029.e.1503/click - {}
RESULT: {}
RESULT: {}
COMMAND: GET /session/a5881d3eaca756d633e860ab0441a8d1/screenshot - {}
RESULT: {}
COMMAND: POST /session/a5881d3eaca756d633e860ab0441a8d1/execute/async - {"script":"<script> [1562 bytes]","args":[{"selector":{"id":"application-managepartners-display-component---NewPartner--addressDetailDetailsCity1","interaction":{"idSuffix":"inner"}},"wdio_ui5_key":"applicationmanagepartners-display-component---NewPartner--addressDetailDetailsCity1"}]}
RESULT: {"script":"<script> [1562 bytes]","args":[{"selector":{"id":"application-managepartners-display-component---NewPartner--addressDetailDetailsCity1","interaction":{"idSuffix":"inner"}},"wdio_ui5_key":"applicationmanagepartners-display-component---NewPartner--addressDetailDetailsCity1"}]}
RESULT: undefined
COMMAND: POST /session/a5881d3eaca756d633e860ab0441a8d1/execute/async - {"script":"<script> [776 bytes]","args":[{"enterText":"Rosario","selector":{"id":"application-managepartners-display-component---NewPartner--addressDetailDetailsCity1","interaction":{"idSuffix":"inner"}},"clearTextFirst":true,"interactionType":"ENTER_TEXT"}]}
RESULT: {"script":"<script> [776 bytes]","args":[{"enterText":"Rosario","selector":{"id":"application-managepartners-display-component---NewPartner--addressDetailDetailsCity1","interaction":{"idSuffix":"inner"}},"clearTextFirst":true,"interactionType":"ENTER_TEXT"}]}
COMMAND: POST /session/a5881d3eaca756d633e860ab0441a8d1/execute/async - {"script":"<script> [1562 bytes]","args":[{"selector":{"id":"application-managepartners-display-component---NewPartner--addressDetailDetailsCountry-arrow"},"wdio_ui5_key":"applicationmanagepartners-display-component---NewPartner--addressDetailDetailsCountry-arrow"}]}
RESULT: {"script":"<script> [1562 bytes]","args":[{"selector":{"id":"application-managepartners-display-component---NewPartner--addressDetailDetailsCountry-arrow"},"wdio_ui5_key":"applicationmanagepartners-display-component---NewPartner--addressDetailDetailsCountry-arrow"}]}
RESULT: undefined
COMMAND: POST /session/a5881d3eaca756d633e860ab0441a8d1/element - {"using":"xpath","value":"//*[@id=\"application-managepartners-display-component---NewPartner--addressDetailDetailsCountry-arrow\"]"}
RESULT: {"using":"xpath","value":"//*[@id=\"application-managepartners-display-component---NewPartner--addressDetailDetailsCountry-arrow\"]"}
COMMAND: POST /session/a5881d3eaca756d633e860ab0441a8d1/element/f.70EA98C12271B5C153327B12E8209453.d.F4A8B9569DF0C2F61393746C3405E029.e.1489/click - {}
RESULT: {}
COMMAND: POST /session/a5881d3eaca756d633e860ab0441a8d1/element - {"using":"xpath","value":"//span[contains(text(), \"Argentina\")]"}
COMMAND: GET /session/a5881d3eaca756d633e860ab0441a8d1/screenshot - {}
RESULT: {"using":"xpath","value":"//span[contains(text(), \"Argentina\")]"}
COMMAND: POST /session/a5881d3eaca756d633e860ab0441a8d1/element/f.70EA98C12271B5C153327B12E8209453.d.F4A8B9569DF0C2F61393746C3405E029.e.1505/click - {}
RESULT: {}
RESULT: {}
COMMAND: GET /session/a5881d3eaca756d633e860ab0441a8d1/screenshot - {}
RESULT: {}
COMMAND: POST /session/a5881d3eaca756d633e860ab0441a8d1/element - {"using":"xpath","value":"//bdi[contains(text(), \"Commercial\")]"}
RESULT: {"using":"xpath","value":"//bdi[contains(text(), \"Commercial\")]"}
COMMAND: POST /session/a5881d3eaca756d633e860ab0441a8d1/element/f.70EA98C12271B5C153327B12E8209453.d.F4A8B9569DF0C2F61393746C3405E029.e.1506/click - {}
RESULT: {}
COMMAND: GET /session/a5881d3eaca756d633e860ab0441a8d1/screenshot - {}
RESULT: {}
COMMAND: POST /session/a5881d3eaca756d633e860ab0441a8d1/execute/async - {"script":"<script> [1562 bytes]","args":[{"selector":{"id":"application-managepartners-display-component---NewPartner--partnerDetailInternal-arrow"},"wdio_ui5_key":"applicationmanagepartners-display-component---NewPartner--partnerDetailInternal-arrow"}]}
RESULT: {"script":"<script> [1562 bytes]","args":[{"selector":{"id":"application-managepartners-display-component---NewPartner--partnerDetailInternal-arrow"},"wdio_ui5_key":"applicationmanagepartners-display-component---NewPartner--partnerDetailInternal-arrow"}]}
RESULT: undefined
COMMAND: POST /session/a5881d3eaca756d633e860ab0441a8d1/element - {"using":"xpath","value":"//*[@id=\"application-managepartners-display-component---NewPartner--partnerDetailInternal-arrow\"]"}
RESULT: {"using":"xpath","value":"//*[@id=\"application-managepartners-display-component---NewPartner--partnerDetailInternal-arrow\"]"}
COMMAND: POST /session/a5881d3eaca756d633e860ab0441a8d1/element/f.70EA98C12271B5C153327B12E8209453.d.F4A8B9569DF0C2F61393746C3405E029.e.1512/click - {}
RESULT: {}
COMMAND: POST /session/a5881d3eaca756d633e860ab0441a8d1/element - {"using":"xpath","value":"//span[contains(text(), \"Affiliated company\")]"}
COMMAND: GET /session/a5881d3eaca756d633e860ab0441a8d1/screenshot - {}
RESULT: {"using":"xpath","value":"//span[contains(text(), \"Affiliated company\")]"}
COMMAND: POST /session/a5881d3eaca756d633e860ab0441a8d1/element/f.70EA98C12271B5C153327B12E8209453.d.F4A8B9569DF0C2F61393746C3405E029.e.1515/click - {}
RESULT: {}
RESULT: {}
COMMAND: POST /session/a5881d3eaca756d633e860ab0441a8d1/execute/async - {"script":"<script> [1562 bytes]","args":[{"selector":{"id":"application-managepartners-display-component---NewPartner--partnerDetailsCurrency-arrow"},"wdio_ui5_key":"applicationmanagepartners-display-component---NewPartner--partnerDetailsCurrency-arrow"}]}
COMMAND: GET /session/a5881d3eaca756d633e860ab0441a8d1/screenshot - {}
RESULT: {"script":"<script> [1562 bytes]","args":[{"selector":{"id":"application-managepartners-display-component---NewPartner--partnerDetailsCurrency-arrow"},"wdio_ui5_key":"applicationmanagepartners-display-component---NewPartner--partnerDetailsCurrency-arrow"}]}
RESULT: undefined
COMMAND: POST /session/a5881d3eaca756d633e860ab0441a8d1/element - {"using":"xpath","value":"//*[@id=\"application-managepartners-display-component---NewPartner--partnerDetailsCurrency-arrow\"]"}
RESULT: {}
RESULT: {"using":"xpath","value":"//*[@id=\"application-managepartners-display-component---NewPartner--partnerDetailsCurrency-arrow\"]"}
COMMAND: POST /session/a5881d3eaca756d633e860ab0441a8d1/element/f.70EA98C12271B5C153327B12E8209453.d.F4A8B9569DF0C2F61393746C3405E029.e.1522/click - {}
RESULT: {}
COMMAND: POST /session/a5881d3eaca756d633e860ab0441a8d1/element - {"using":"xpath","value":"//span[contains(text(), \"Euro\")]"}
COMMAND: GET /session/a5881d3eaca756d633e860ab0441a8d1/screenshot - {}
RESULT: {"using":"xpath","value":"//span[contains(text(), \"Euro\")]"}
COMMAND: POST /session/a5881d3eaca756d633e860ab0441a8d1/element/f.70EA98C12271B5C153327B12E8209453.d.F4A8B9569DF0C2F61393746C3405E029.e.1523/click - {}
RESULT: {}
RESULT: {}
COMMAND: POST /session/a5881d3eaca756d633e860ab0441a8d1/execute/async - {"script":"<script> [1562 bytes]","args":[{"selector":{"id":"application-managepartners-display-component---NewPartner--addressEditDetailsCostObjectCstType-arrow"},"wdio_ui5_key":"applicationmanagepartners-display-component---NewPartner--addressEditDetailsCostObjectCstType-arrow"}]}
COMMAND: GET /session/a5881d3eaca756d633e860ab0441a8d1/screenshot - {}
RESULT: {"script":"<script> [1562 bytes]","args":[{"selector":{"id":"application-managepartners-display-component---NewPartner--addressEditDetailsCostObjectCstType-arrow"},"wdio_ui5_key":"applicationmanagepartners-display-component---NewPartner--addressEditDetailsCostObjectCstType-arrow"}]}
RESULT: undefined
COMMAND: POST /session/a5881d3eaca756d633e860ab0441a8d1/element - {"using":"xpath","value":"//*[@id=\"application-managepartners-display-component---NewPartner--addressEditDetailsCostObjectCstType-arrow\"]"}
RESULT: {}
RESULT: {"using":"xpath","value":"//*[@id=\"application-managepartners-display-component---NewPartner--addressEditDetailsCostObjectCstType-arrow\"]"}
COMMAND: POST /session/a5881d3eaca756d633e860ab0441a8d1/element/f.70EA98C12271B5C153327B12E8209453.d.F4A8B9569DF0C2F61393746C3405E029.e.1524/click - {}
RESULT: {}
COMMAND: POST /session/a5881d3eaca756d633e860ab0441a8d1/element - {"using":"xpath","value":"//span[contains(text(), \"Cost Center\")]"}
COMMAND: GET /session/a5881d3eaca756d633e860ab0441a8d1/screenshot - {}
RESULT: {"using":"xpath","value":"//span[contains(text(), \"Cost Center\")]"}
COMMAND: POST /session/a5881d3eaca756d633e860ab0441a8d1/element/f.70EA98C12271B5C153327B12E8209453.d.F4A8B9569DF0C2F61393746C3405E029.e.1525/click - {}
RESULT: {}
RESULT: {}
COMMAND: GET /session/a5881d3eaca756d633e860ab0441a8d1/screenshot - {}
RESULT: {}
COMMAND: POST /session/a5881d3eaca756d633e860ab0441a8d1/element - {"using":"xpath","value":"//span[@id=\"application-managepartners-display-component---NewPartner--addressNewCostObjectCstID-vhi\"]"}
RESULT: {"using":"xpath","value":"//span[@id=\"application-managepartners-display-component---NewPartner--addressNewCostObjectCstID-vhi\"]"}
COMMAND: POST /session/a5881d3eaca756d633e860ab0441a8d1/execute/sync - {"script":"<script> [8489 bytes]","args":[{"element-6066-11e4-a52e-4f735466cecf":"f.70EA98C12271B5C153327B12E8209453.d.F4A8B9569DF0C2F61393746C3405E029.e.1529","ELEMENT":"f.70EA98C12271B5C153327B12E8209453.d.F4A8B9569DF0C2F61393746C3405E029.e.1529"}]}
RESULT: {"script":"<script> [8489 bytes]","args":[{"element-6066-11e4-a52e-4f735466cecf":"f.70EA98C12271B5C153327B12E8209453.d.F4A8B9569DF0C2F61393746C3405E029.e.1529","ELEMENT":"f.70EA98C12271B5C153327B12E8209453.d.F4A8B9569DF0C2F61393746C3405E029.e.1529"}]}
COMMAND: POST /session/a5881d3eaca756d633e860ab0441a8d1/execute/async - {"script":"<script> [1562 bytes]","args":[{"selector":{"id":"application-managepartners-display-component---NewPartner--addressNewCostObjectCstID-vhi"},"wdio_ui5_key":"applicationmanagepartners-display-component---NewPartner--addressNewCostObjectCstID-vhi"}]}
COMMAND: GET /session/a5881d3eaca756d633e860ab0441a8d1/screenshot - {}
RESULT: {"script":"<script> [1562 bytes]","args":[{"selector":{"id":"application-managepartners-display-component---NewPartner--addressNewCostObjectCstID-vhi"},"wdio_ui5_key":"applicationmanagepartners-display-component---NewPartner--addressNewCostObjectCstID-vhi"}]}
RESULT: undefined
COMMAND: POST /session/a5881d3eaca756d633e860ab0441a8d1/element - {"using":"xpath","value":"//*[@id=\"application-managepartners-display-component---NewPartner--addressNewCostObjectCstID-vhi\"]"}
RESULT: {}
RESULT: {"using":"xpath","value":"//*[@id=\"application-managepartners-display-component---NewPartner--addressNewCostObjectCstID-vhi\"]"}
COMMAND: POST /session/a5881d3eaca756d633e860ab0441a8d1/element/f.70EA98C12271B5C153327B12E8209453.d.F4A8B9569DF0C2F61393746C3405E029.e.1529/click - {}
RESULT: {}
COMMAND: GET /session/a5881d3eaca756d633e860ab0441a8d1/screenshot - {}
RESULT: {}
RESULT: undefined
COMMAND: POST /session/a5881d3eaca756d633e860ab0441a8d1/execute/async - {"script":"<script> [776 bytes]","args":[{"enterText":"10001013","selector":{"controlType":"sap.m.SearchField","properties":{"placeholder":"Search"},"searchOpenDialogs":true,"interaction":{"idSuffix":"I"}},"clearTextFirst":true,"interactionType":"ENTER_TEXT"}]}
RESULT: {"script":"<script> [776 bytes]","args":[{"enterText":"10001013","selector":{"controlType":"sap.m.SearchField","properties":{"placeholder":"Search"},"searchOpenDialogs":true,"interaction":{"idSuffix":"I"}},"clearTextFirst":true,"interactionType":"ENTER_TEXT"}]}
COMMAND: POST /session/a5881d3eaca756d633e860ab0441a8d1/actions - {"actions":[{"id":"action2","type":"key","parameters":{},"actions":[{"type":"keyDown","value":"î€‡"},{"type":"pause","duration":10},{"type":"keyUp","value":"î€‡"}]}]}
RESULT: {"actions":[{"id":"action2","type":"key","parameters":{},"actions":[{"type":"keyDown","value":"î€‡"},{"type":"pause","duration":10},{"type":"keyUp","value":"î€‡"}]}]}
COMMAND: GET /session/a5881d3eaca756d633e860ab0441a8d1/screenshot - {}
RESULT: {}
COMMAND: POST /session/a5881d3eaca756d633e860ab0441a8d1/element - {"using":"xpath","value":"//span[contains(text(), \"General Management\")]"}
RESULT: {"using":"xpath","value":"//span[contains(text(), \"General Management\")]"}
COMMAND: POST /session/a5881d3eaca756d633e860ab0441a8d1/element/f.70EA98C12271B5C153327B12E8209453.d.F4A8B9569DF0C2F61393746C3405E029.e.1568/click - {}
RESULT: {}
COMMAND: GET /session/a5881d3eaca756d633e860ab0441a8d1/screenshot - {}
RESULT: {}
COMMAND: POST /session/a5881d3eaca756d633e860ab0441a8d1/element - {"using":"xpath","value":"//bdi[contains(text(), \"OK\")]"}
RESULT: {"using":"xpath","value":"//bdi[contains(text(), \"OK\")]"}
COMMAND: POST /session/a5881d3eaca756d633e860ab0441a8d1/element/f.70EA98C12271B5C153327B12E8209453.d.F4A8B9569DF0C2F61393746C3405E029.e.1569/click - {}
RESULT: {}
COMMAND: GET /session/a5881d3eaca756d633e860ab0441a8d1/screenshot - {}
RESULT: {}
COMMAND: POST /session/a5881d3eaca756d633e860ab0441a8d1/element - {"using":"xpath","value":"//input[@id=\"application-managepartners-display-component---NewPartner--companyCodeComboBox-inner\"]"}
RESULT: {"using":"xpath","value":"//input[@id=\"application-managepartners-display-component---NewPartner--companyCodeComboBox-inner\"]"}
COMMAND: POST /session/a5881d3eaca756d633e860ab0441a8d1/element/f.70EA98C12271B5C153327B12E8209453.d.F4A8B9569DF0C2F61393746C3405E029.e.1360/clear - {}
RESULT: {}
COMMAND: POST /session/a5881d3eaca756d633e860ab0441a8d1/element/f.70EA98C12271B5C153327B12E8209453.d.F4A8B9569DF0C2F61393746C3405E029.e.1360/value - {"text":"1000"}
COMMAND: GET /session/a5881d3eaca756d633e860ab0441a8d1/screenshot - {}
RESULT: {"text":"1000"}
COMMAND: GET /session/a5881d3eaca756d633e860ab0441a8d1/screenshot - {}
RESULT: {}
RESULT: {}
COMMAND: POST /session/a5881d3eaca756d633e860ab0441a8d1/element - {"using":"xpath","value":"//span[contains(text(), \"1000\")]"}
RESULT: {"using":"xpath","value":"//span[contains(text(), \"1000\")]"}
COMMAND: POST /session/a5881d3eaca756d633e860ab0441a8d1/element/f.70EA98C12271B5C153327B12E8209453.d.F4A8B9569DF0C2F61393746C3405E029.e.1575/click - {}
RESULT: {}
COMMAND: GET /session/a5881d3eaca756d633e860ab0441a8d1/screenshot - {}
RESULT: {}
COMMAND: POST /session/a5881d3eaca756d633e860ab0441a8d1/execute/async - {"script":"<script> [1562 bytes]","args":[{"selector":{"id":"application-managepartners-display-component---NewPartner--btnAddTableRow-img"},"wdio_ui5_key":"applicationmanagepartners-display-component---NewPartner--btnAddTableRow-img"}]}
RESULT: {"script":"<script> [1562 bytes]","args":[{"selector":{"id":"application-managepartners-display-component---NewPartner--btnAddTableRow-img"},"wdio_ui5_key":"applicationmanagepartners-display-component---NewPartner--btnAddTableRow-img"}]}
RESULT: undefined
COMMAND: POST /session/a5881d3eaca756d633e860ab0441a8d1/element - {"using":"xpath","value":"//*[@id=\"application-managepartners-display-component---NewPartner--btnAddTableRow-img\"]"}
RESULT: {"using":"xpath","value":"//*[@id=\"application-managepartners-display-component---NewPartner--btnAddTableRow-img\"]"}
COMMAND: POST /session/a5881d3eaca756d633e860ab0441a8d1/element/f.70EA98C12271B5C153327B12E8209453.d.F4A8B9569DF0C2F61393746C3405E029.e.1576/click - {}
RESULT: {}
COMMAND: GET /session/a5881d3eaca756d633e860ab0441a8d1/screenshot - {}
RESULT: {}
COMMAND: POST /session/a5881d3eaca756d633e860ab0441a8d1/element - {"using":"xpath","value":"//input[@id=\"application-managepartners-display-component---NewPartner--assignmentYard-application-managepartners-display-component---NewPartner--assignmentsTable-0-inner\"]"}
RESULT: {"using":"xpath","value":"//input[@id=\"application-managepartners-display-component---NewPartner--assignmentYard-application-managepartners-display-component---NewPartner--assignmentsTable-0-inner\"]"}
COMMAND: POST /session/a5881d3eaca756d633e860ab0441a8d1/element/f.70EA98C12271B5C153327B12E8209453.d.F4A8B9569DF0C2F61393746C3405E029.e.1579/clear - {}
RESULT: {}
COMMAND: POST /session/a5881d3eaca756d633e860ab0441a8d1/element/f.70EA98C12271B5C153327B12E8209453.d.F4A8B9569DF0C2F61393746C3405E029.e.1579/value - {"text":"466"}
COMMAND: GET /session/a5881d3eaca756d633e860ab0441a8d1/screenshot - {}
RESULT: {"text":"466"}
COMMAND: GET /session/a5881d3eaca756d633e860ab0441a8d1/screenshot - {}
RESULT: {}
RESULT: {}
COMMAND: POST /session/a5881d3eaca756d633e860ab0441a8d1/element - {"using":"xpath","value":"//li[.//span[text()='466']]"}
RESULT: {"using":"xpath","value":"//li[.//span[text()='466']]"}
COMMAND: POST /session/a5881d3eaca756d633e860ab0441a8d1/element/f.70EA98C12271B5C153327B12E8209453.d.F4A8B9569DF0C2F61393746C3405E029.e.1588/click - {}
RESULT: {}
COMMAND: GET /session/a5881d3eaca756d633e860ab0441a8d1/screenshot - {}
RESULT: {}
COMMAND: POST /session/a5881d3eaca756d633e860ab0441a8d1/actions - {"actions":[{"id":"action3","type":"key","parameters":{},"actions":[{"type":"keyDown","value":"î€‡"},{"type":"pause","duration":10},{"type":"keyUp","value":"î€‡"}]}]}
RESULT: {"actions":[{"id":"action3","type":"key","parameters":{},"actions":[{"type":"keyDown","value":"î€‡"},{"type":"pause","duration":10},{"type":"keyUp","value":"î€‡"}]}]}
COMMAND: POST /session/a5881d3eaca756d633e860ab0441a8d1/execute/async - {"script":"<script> [1562 bytes]","args":[{"selector":{"id":"application-managepartners-display-component---NewPartner--externalCustomerComboBox-application-managepartners-display-component---NewPartner--assignmentsTable-0-vhi"},"wdio_ui5_key":"applicationmanagepartners-display-component---NewPartner--externalCustomerComboBox-application-managepartners-display-component---NewPartner--assignmentsTable-0-vhi"}]}
COMMAND: GET /session/a5881d3eaca756d633e860ab0441a8d1/screenshot - {}
RESULT: {"script":"<script> [1562 bytes]","args":[{"selector":{"id":"application-managepartners-display-component---NewPartner--externalCustomerComboBox-application-managepartners-display-component---NewPartner--assignmentsTable-0-vhi"},"wdio_ui5_key":"applicationmanagepartners-display-component---NewPartner--externalCustomerComboBox-application-managepartners-display-component---NewPartner--assignmentsTable-0-vhi"}]}
RESULT: undefined
COMMAND: POST /session/a5881d3eaca756d633e860ab0441a8d1/element - {"using":"xpath","value":"//*[@id=\"application-managepartners-display-component---NewPartner--externalCustomerComboBox-application-managepartners-display-component---NewPartner--assignmentsTable-0-vhi\"]"}
RESULT: {}
RESULT: {"using":"xpath","value":"//*[@id=\"application-managepartners-display-component---NewPartner--externalCustomerComboBox-application-managepartners-display-component---NewPartner--assignmentsTable-0-vhi\"]"}
COMMAND: POST /session/a5881d3eaca756d633e860ab0441a8d1/element/f.70EA98C12271B5C153327B12E8209453.d.F4A8B9569DF0C2F61393746C3405E029.e.1592/click - {}
RESULT: {}
RESULT: undefined
COMMAND: POST /session/a5881d3eaca756d633e860ab0441a8d1/execute/async - {"script":"<script> [776 bytes]","args":[{"enterText":"300003","selector":{"controlType":"sap.m.SearchField","properties":{"placeholder":"Search"},"searchOpenDialogs":true,"interaction":{"idSuffix":"I"}},"clearTextFirst":true,"interactionType":"ENTER_TEXT"}]}
COMMAND: GET /session/a5881d3eaca756d633e860ab0441a8d1/screenshot - {}
RESULT: {"script":"<script> [776 bytes]","args":[{"enterText":"300003","selector":{"controlType":"sap.m.SearchField","properties":{"placeholder":"Search"},"searchOpenDialogs":true,"interaction":{"idSuffix":"I"}},"clearTextFirst":true,"interactionType":"ENTER_TEXT"}]}
COMMAND: POST /session/a5881d3eaca756d633e860ab0441a8d1/actions - {"actions":[{"id":"action4","type":"key","parameters":{},"actions":[{"type":"keyDown","value":"î€‡"},{"type":"pause","duration":10},{"type":"keyUp","value":"î€‡"}]}]}
RESULT: {}
RESULT: {"actions":[{"id":"action4","type":"key","parameters":{},"actions":[{"type":"keyDown","value":"î€‡"},{"type":"pause","duration":10},{"type":"keyUp","value":"î€‡"}]}]}
COMMAND: GET /session/a5881d3eaca756d633e860ab0441a8d1/screenshot - {}
RESULT: {}
COMMAND: POST /session/a5881d3eaca756d633e860ab0441a8d1/element - {"using":"xpath","value":"//span[contains(text(), \"300003\")]"}
RESULT: {"using":"xpath","value":"//span[contains(text(), \"300003\")]"}
COMMAND: POST /session/a5881d3eaca756d633e860ab0441a8d1/element/f.70EA98C12271B5C153327B12E8209453.d.F4A8B9569DF0C2F61393746C3405E029.e.1610/click - {}
RESULT: {}
COMMAND: GET /session/a5881d3eaca756d633e860ab0441a8d1/screenshot - {}
RESULT: {}
COMMAND: POST /session/a5881d3eaca756d633e860ab0441a8d1/element - {"using":"xpath","value":"//bdi[contains(text(), \"OK\")]"}
RESULT: {"using":"xpath","value":"//bdi[contains(text(), \"OK\")]"}
COMMAND: POST /session/a5881d3eaca756d633e860ab0441a8d1/element/f.70EA98C12271B5C153327B12E8209453.d.F4A8B9569DF0C2F61393746C3405E029.e.1612/click - {}
RESULT: {}
COMMAND: GET /session/a5881d3eaca756d633e860ab0441a8d1/screenshot - {}
RESULT: {}
COMMAND: POST /session/a5881d3eaca756d633e860ab0441a8d1/execute/async - {"script":"<script> [1562 bytes]","args":[{"selector":{"id":"application-managepartners-display-component---NewPartner--intercompVendorComboBox-application-managepartners-display-component---NewPartner--assignmentsTable-0-vhi"},"wdio_ui5_key":"applicationmanagepartners-display-component---NewPartner--intercompVendorComboBox-application-managepartners-display-component---NewPartner--assignmentsTable-0-vhi"}]}
RESULT: {"script":"<script> [1562 bytes]","args":[{"selector":{"id":"application-managepartners-display-component---NewPartner--intercompVendorComboBox-application-managepartners-display-component---NewPartner--assignmentsTable-0-vhi"},"wdio_ui5_key":"applicationmanagepartners-display-component---NewPartner--intercompVendorComboBox-application-managepartners-display-component---NewPartner--assignmentsTable-0-vhi"}]}
RESULT: undefined
COMMAND: POST /session/a5881d3eaca756d633e860ab0441a8d1/element - {"using":"xpath","value":"//*[@id=\"application-managepartners-display-component---NewPartner--intercompVendorComboBox-application-managepartners-display-component---NewPartner--assignmentsTable-0-vhi\"]"}
RESULT: {"using":"xpath","value":"//*[@id=\"application-managepartners-display-component---NewPartner--intercompVendorComboBox-application-managepartners-display-component---NewPartner--assignmentsTable-0-vhi\"]"}
COMMAND: POST /session/a5881d3eaca756d633e860ab0441a8d1/element/f.70EA98C12271B5C153327B12E8209453.d.F4A8B9569DF0C2F61393746C3405E029.e.1616/click - {}
RESULT: {}
RESULT: undefined
COMMAND: POST /session/a5881d3eaca756d633e860ab0441a8d1/execute/async - {"script":"<script> [776 bytes]","args":[{"enterText":"100005","selector":{"controlType":"sap.m.SearchField","properties":{"placeholder":"Search"},"searchOpenDialogs":true,"interaction":{"idSuffix":"I"}},"clearTextFirst":true,"interactionType":"ENTER_TEXT"}]}
COMMAND: GET /session/a5881d3eaca756d633e860ab0441a8d1/screenshot - {}
RESULT: {"script":"<script> [776 bytes]","args":[{"enterText":"100005","selector":{"controlType":"sap.m.SearchField","properties":{"placeholder":"Search"},"searchOpenDialogs":true,"interaction":{"idSuffix":"I"}},"clearTextFirst":true,"interactionType":"ENTER_TEXT"}]}
COMMAND: POST /session/a5881d3eaca756d633e860ab0441a8d1/actions - {"actions":[{"id":"action5","type":"key","parameters":{},"actions":[{"type":"keyDown","value":"î€‡"},{"type":"pause","duration":10},{"type":"keyUp","value":"î€‡"}]}]}
RESULT: {}
RESULT: {"actions":[{"id":"action5","type":"key","parameters":{},"actions":[{"type":"keyDown","value":"î€‡"},{"type":"pause","duration":10},{"type":"keyUp","value":"î€‡"}]}]}
COMMAND: GET /session/a5881d3eaca756d633e860ab0441a8d1/screenshot - {}
RESULT: {}
COMMAND: POST /session/a5881d3eaca756d633e860ab0441a8d1/element - {"using":"xpath","value":"//span[contains(text(), \"Penguins - Field/12345 Berlin\")]"}
RESULT: {"using":"xpath","value":"//span[contains(text(), \"Penguins - Field/12345 Berlin\")]"}
COMMAND: POST /session/a5881d3eaca756d633e860ab0441a8d1/element/f.70EA98C12271B5C153327B12E8209453.d.F4A8B9569DF0C2F61393746C3405E029.e.1633/click - {}
RESULT: {}
COMMAND: GET /session/a5881d3eaca756d633e860ab0441a8d1/screenshot - {}
RESULT: {}
COMMAND: POST /session/a5881d3eaca756d633e860ab0441a8d1/element - {"using":"xpath","value":"//bdi[contains(text(), \"OK\")]"}
RESULT: {"using":"xpath","value":"//bdi[contains(text(), \"OK\")]"}
COMMAND: POST /session/a5881d3eaca756d633e860ab0441a8d1/element/f.70EA98C12271B5C153327B12E8209453.d.F4A8B9569DF0C2F61393746C3405E029.e.1634/click - {}
RESULT: {}
COMMAND: GET /session/a5881d3eaca756d633e860ab0441a8d1/screenshot - {}
RESULT: {}
COMMAND: POST /session/a5881d3eaca756d633e860ab0441a8d1/element - {"using":"xpath","value":"//button[@data-kt=\"saveButton\"]"}
RESULT: {"using":"xpath","value":"//button[@data-kt=\"saveButton\"]"}
COMMAND: POST /session/a5881d3eaca756d633e860ab0441a8d1/element/f.70EA98C12271B5C153327B12E8209453.d.F4A8B9569DF0C2F61393746C3405E029.e.1415/click - {}
RESULT: {}
COMMAND: GET /session/a5881d3eaca756d633e860ab0441a8d1/screenshot - {}
RESULT: {}
COMMAND: POST /session/a5881d3eaca756d633e860ab0441a8d1/element - {"using":"xpath","value":"//header[contains(@id, 'ObjectPageLayout-headerTitle')]/div[1]/div[2]/div[2]/span[1]"}
RESULT: {"using":"xpath","value":"//header[contains(@id, 'ObjectPageLayout-headerTitle')]/div[1]/div[2]/div[2]/span[1]"}
COMMAND: POST /session/a5881d3eaca756d633e860ab0441a8d1/elements - {"using":"xpath","value":"//header[contains(@id, 'ObjectPageLayout-headerTitle')]/div[1]/div[2]/div[2]/span[1]"}
RESULT: {"using":"xpath","value":"//header[contains(@id, 'ObjectPageLayout-headerTitle')]/div[1]/div[2]/div[2]/span[1]"}
COMMAND: POST /session/a5881d3eaca756d633e860ab0441a8d1/execute/sync - {"script":"<script> [56 bytes]","args":[{"element-6066-11e4-a52e-4f735466cecf":"f.70EA98C12271B5C153327B12E8209453.d.F4A8B9569DF0C2F61393746C3405E029.e.1799","ELEMENT":"f.70EA98C12271B5C153327B12E8209453.d.F4A8B9569DF0C2F61393746C3405E029.e.1799"}]}
RESULT: {"script":"<script> [56 bytes]","args":[{"element-6066-11e4-a52e-4f735466cecf":"f.70EA98C12271B5C153327B12E8209453.d.F4A8B9569DF0C2F61393746C3405E029.e.1799","ELEMENT":"f.70EA98C12271B5C153327B12E8209453.d.F4A8B9569DF0C2F61393746C3405E029.e.1799"}]}
COMMAND: POST /session/a5881d3eaca756d633e860ab0441a8d1/element - {"using":"css selector","value":"#shell-header-logo"}
COMMAND: GET /session/a5881d3eaca756d633e860ab0441a8d1/screenshot - {}
RESULT: {"using":"css selector","value":"#shell-header-logo"}
COMMAND: POST /session/a5881d3eaca756d633e860ab0441a8d1/element/f.70EA98C12271B5C153327B12E8209453.d.F4A8B9569DF0C2F61393746C3405E029.e.1014/click - {}
RESULT: {}
RESULT: {}
COMMAND: GET /session/a5881d3eaca756d633e860ab0441a8d1/screenshot - {}
RESULT: {}
COMMAND: POST /session/a5881d3eaca756d633e860ab0441a8d1/execute/sync - {"script":"<script> [299 bytes]","args":[["getModel","getResource"]]}
RESULT: {"script":"<script> [299 bytes]","args":[["getModel","getResource"]]}
]]></system-out>
    </testcase>
    <testcase classname="chrome.135_0_7049_96.windows.Billing_confirm_US117289" name="Should create a new site" time="89.051">
      <system-out><![CDATA[
COMMAND: GET /session/a5881d3eaca756d633e860ab0441a8d1/screenshot - {}
COMMAND: POST /session/a5881d3eaca756d633e860ab0441a8d1/execute/async - {"script":"<script> [1562 bytes]","args":[{"selector":{"controlType":"sap.m.TileContent","bindingPath":{"path":"","propertyPath":"/properties/info"},"ancestor":{"controlType":"sap.m.GenericTile","properties":{"header":"Manage Sites"}}},"wdio_ui5_key":"sapm.TileContent{\"path\":\"\",\"propertyPath\":\"/properties/info\"}{\"controlType\":\"sap.m.GenericTile\",\"properties\":{\"header\":\"Manage Sites\"}}"}]}
RESULT: {"script":"<script> [1562 bytes]","args":[{"selector":{"controlType":"sap.m.TileContent","bindingPath":{"path":"","propertyPath":"/properties/info"},"ancestor":{"controlType":"sap.m.GenericTile","properties":{"header":"Manage Sites"}}},"wdio_ui5_key":"sapm.TileContent{\"path\":\"\",\"propertyPath\":\"/properties/info\"}{\"controlType\":\"sap.m.GenericTile\",\"properties\":{\"header\":\"Manage Sites\"}}"}]}
RESULT: undefined
COMMAND: POST /session/a5881d3eaca756d633e860ab0441a8d1/element - {"using":"xpath","value":"//*[@id=\"__xmlview7--numericTileContent\"]"}
RESULT: {}
RESULT: {"using":"xpath","value":"//*[@id=\"__xmlview7--numericTileContent\"]"}
COMMAND: POST /session/a5881d3eaca756d633e860ab0441a8d1/element/f.70EA98C12271B5C153327B12E8209453.d.F4A8B9569DF0C2F61393746C3405E029.e.1801/click - {}
RESULT: {}
COMMAND: POST /session/a5881d3eaca756d633e860ab0441a8d1/element - {"using":"xpath","value":"//button[@data-kt=\"addOverflowToolbarButton\"]"}
COMMAND: GET /session/a5881d3eaca756d633e860ab0441a8d1/screenshot - {}
RESULT: {"using":"xpath","value":"//button[@data-kt=\"addOverflowToolbarButton\"]"}
COMMAND: POST /session/a5881d3eaca756d633e860ab0441a8d1/elements - {"using":"xpath","value":"//button[@data-kt=\"addOverflowToolbarButton\"]"}
RESULT: {}
RESULT: {"using":"xpath","value":"//button[@data-kt=\"addOverflowToolbarButton\"]"}
COMMAND: POST /session/a5881d3eaca756d633e860ab0441a8d1/elements - {"using":"xpath","value":"//button[@data-kt=\"addOverflowToolbarButton\"]"}
RESULT: {"using":"xpath","value":"//button[@data-kt=\"addOverflowToolbarButton\"]"}
COMMAND: POST /session/a5881d3eaca756d633e860ab0441a8d1/elements - {"using":"xpath","value":"//button[@data-kt=\"addOverflowToolbarButton\"]"}
RESULT: {"using":"xpath","value":"//button[@data-kt=\"addOverflowToolbarButton\"]"}
COMMAND: POST /session/a5881d3eaca756d633e860ab0441a8d1/elements - {"using":"xpath","value":"//button[@data-kt=\"addOverflowToolbarButton\"]"}
RESULT: {"using":"xpath","value":"//button[@data-kt=\"addOverflowToolbarButton\"]"}
COMMAND: POST /session/a5881d3eaca756d633e860ab0441a8d1/element - {"using":"xpath","value":"//button[@data-kt=\"addOverflowToolbarButton\"]"}
RESULT: {"using":"xpath","value":"//button[@data-kt=\"addOverflowToolbarButton\"]"}
COMMAND: POST /session/a5881d3eaca756d633e860ab0441a8d1/execute/sync - {"script":"<script> [8489 bytes]","args":[{"element-6066-11e4-a52e-4f735466cecf":"f.70EA98C12271B5C153327B12E8209453.d.F4A8B9569DF0C2F61393746C3405E029.e.1847","ELEMENT":"f.70EA98C12271B5C153327B12E8209453.d.F4A8B9569DF0C2F61393746C3405E029.e.1847"}]}
RESULT: {"script":"<script> [8489 bytes]","args":[{"element-6066-11e4-a52e-4f735466cecf":"f.70EA98C12271B5C153327B12E8209453.d.F4A8B9569DF0C2F61393746C3405E029.e.1847","ELEMENT":"f.70EA98C12271B5C153327B12E8209453.d.F4A8B9569DF0C2F61393746C3405E029.e.1847"}]}
COMMAND: GET /session/a5881d3eaca756d633e860ab0441a8d1/element/f.70EA98C12271B5C153327B12E8209453.d.F4A8B9569DF0C2F61393746C3405E029.e.1847/enabled - {}
COMMAND: GET /session/a5881d3eaca756d633e860ab0441a8d1/screenshot - {}
RESULT: {}
COMMAND: POST /session/a5881d3eaca756d633e860ab0441a8d1/execute/sync - {"script":"<script> [8489 bytes]","args":[{"element-6066-11e4-a52e-4f735466cecf":"f.70EA98C12271B5C153327B12E8209453.d.F4A8B9569DF0C2F61393746C3405E029.e.1847","ELEMENT":"f.70EA98C12271B5C153327B12E8209453.d.F4A8B9569DF0C2F61393746C3405E029.e.1847"}]}
COMMAND: GET /session/a5881d3eaca756d633e860ab0441a8d1/screenshot - {}
RESULT: {}
RESULT: {"script":"<script> [8489 bytes]","args":[{"element-6066-11e4-a52e-4f735466cecf":"f.70EA98C12271B5C153327B12E8209453.d.F4A8B9569DF0C2F61393746C3405E029.e.1847","ELEMENT":"f.70EA98C12271B5C153327B12E8209453.d.F4A8B9569DF0C2F61393746C3405E029.e.1847"}]}
COMMAND: POST /session/a5881d3eaca756d633e860ab0441a8d1/execute/sync - {"script":"<script> [5351 bytes]","args":[{"element-6066-11e4-a52e-4f735466cecf":"f.70EA98C12271B5C153327B12E8209453.d.F4A8B9569DF0C2F61393746C3405E029.e.1847","ELEMENT":"f.70EA98C12271B5C153327B12E8209453.d.F4A8B9569DF0C2F61393746C3405E029.e.1847"}]}
COMMAND: GET /session/a5881d3eaca756d633e860ab0441a8d1/screenshot - {}
RESULT: {}
RESULT: {"script":"<script> [5351 bytes]","args":[{"element-6066-11e4-a52e-4f735466cecf":"f.70EA98C12271B5C153327B12E8209453.d.F4A8B9569DF0C2F61393746C3405E029.e.1847","ELEMENT":"f.70EA98C12271B5C153327B12E8209453.d.F4A8B9569DF0C2F61393746C3405E029.e.1847"}]}
COMMAND: POST /session/a5881d3eaca756d633e860ab0441a8d1/element/f.70EA98C12271B5C153327B12E8209453.d.F4A8B9569DF0C2F61393746C3405E029.e.1847/click - {}
COMMAND: GET /session/a5881d3eaca756d633e860ab0441a8d1/screenshot - {}
RESULT: {}
RESULT: {}
COMMAND: GET /session/a5881d3eaca756d633e860ab0441a8d1/screenshot - {}
RESULT: {}
RESULT: {}
COMMAND: POST /session/a5881d3eaca756d633e860ab0441a8d1/execute/async - {"script":"<script> [1562 bytes]","args":[{"selector":{"id":"application-managesites-display-component---NewSite--addressDetailDetailsName1","interaction":{"idSuffix":"inner"}},"wdio_ui5_key":"applicationmanagesites-display-component---NewSite--addressDetailDetailsName1"}]}
RESULT: {"script":"<script> [1562 bytes]","args":[{"selector":{"id":"application-managesites-display-component---NewSite--addressDetailDetailsName1","interaction":{"idSuffix":"inner"}},"wdio_ui5_key":"applicationmanagesites-display-component---NewSite--addressDetailDetailsName1"}]}
RESULT: undefined
COMMAND: POST /session/a5881d3eaca756d633e860ab0441a8d1/execute/async - {"script":"<script> [776 bytes]","args":[{"enterText":"Intracompany Site wdIO","selector":{"id":"application-managesites-display-component---NewSite--addressDetailDetailsName1","interaction":{"idSuffix":"inner"}},"clearTextFirst":true,"interactionType":"ENTER_TEXT"}]}
RESULT: {"script":"<script> [776 bytes]","args":[{"enterText":"Intracompany Site wdIO","selector":{"id":"application-managesites-display-component---NewSite--addressDetailDetailsName1","interaction":{"idSuffix":"inner"}},"clearTextFirst":true,"interactionType":"ENTER_TEXT"}]}
COMMAND: POST /session/a5881d3eaca756d633e860ab0441a8d1/execute/async - {"script":"<script> [1562 bytes]","args":[{"selector":{"id":"application-managesites-display-component---NewSite--addressDetailDetailsLanguage-arrow"},"wdio_ui5_key":"applicationmanagesites-display-component---NewSite--addressDetailDetailsLanguage-arrow"}]}
RESULT: {"script":"<script> [1562 bytes]","args":[{"selector":{"id":"application-managesites-display-component---NewSite--addressDetailDetailsLanguage-arrow"},"wdio_ui5_key":"applicationmanagesites-display-component---NewSite--addressDetailDetailsLanguage-arrow"}]}
RESULT: undefined
COMMAND: POST /session/a5881d3eaca756d633e860ab0441a8d1/element - {"using":"xpath","value":"//*[@id=\"application-managesites-display-component---NewSite--addressDetailDetailsLanguage-arrow\"]"}
RESULT: {"using":"xpath","value":"//*[@id=\"application-managesites-display-component---NewSite--addressDetailDetailsLanguage-arrow\"]"}
COMMAND: POST /session/a5881d3eaca756d633e860ab0441a8d1/element/f.70EA98C12271B5C153327B12E8209453.d.F4A8B9569DF0C2F61393746C3405E029.e.2250/click - {}
RESULT: {}
COMMAND: POST /session/a5881d3eaca756d633e860ab0441a8d1/element - {"using":"xpath","value":"//span[contains(text(), \"English\")]"}
COMMAND: GET /session/a5881d3eaca756d633e860ab0441a8d1/screenshot - {}
RESULT: {"using":"xpath","value":"//span[contains(text(), \"English\")]"}
COMMAND: POST /session/a5881d3eaca756d633e860ab0441a8d1/element/f.70EA98C12271B5C153327B12E8209453.d.F4A8B9569DF0C2F61393746C3405E029.e.2251/click - {}
RESULT: {}
RESULT: {}
COMMAND: POST /session/a5881d3eaca756d633e860ab0441a8d1/execute/async - {"script":"<script> [1562 bytes]","args":[{"selector":{"id":"application-managesites-display-component---NewSite--addressDetailDetailsCity1","interaction":{"idSuffix":"inner"}},"wdio_ui5_key":"applicationmanagesites-display-component---NewSite--addressDetailDetailsCity1"}]}
COMMAND: GET /session/a5881d3eaca756d633e860ab0441a8d1/screenshot - {}
RESULT: {"script":"<script> [1562 bytes]","args":[{"selector":{"id":"application-managesites-display-component---NewSite--addressDetailDetailsCity1","interaction":{"idSuffix":"inner"}},"wdio_ui5_key":"applicationmanagesites-display-component---NewSite--addressDetailDetailsCity1"}]}
RESULT: undefined
COMMAND: POST /session/a5881d3eaca756d633e860ab0441a8d1/execute/async - {"script":"<script> [776 bytes]","args":[{"enterText":"Rosario","selector":{"id":"application-managesites-display-component---NewSite--addressDetailDetailsCity1","interaction":{"idSuffix":"inner"}},"clearTextFirst":true,"interactionType":"ENTER_TEXT"}]}
RESULT: {}
RESULT: {"script":"<script> [776 bytes]","args":[{"enterText":"Rosario","selector":{"id":"application-managesites-display-component---NewSite--addressDetailDetailsCity1","interaction":{"idSuffix":"inner"}},"clearTextFirst":true,"interactionType":"ENTER_TEXT"}]}
COMMAND: POST /session/a5881d3eaca756d633e860ab0441a8d1/execute/async - {"script":"<script> [1562 bytes]","args":[{"selector":{"id":"application-managesites-display-component---NewSite--addressDetailDetailsCountry-arrow"},"wdio_ui5_key":"applicationmanagesites-display-component---NewSite--addressDetailDetailsCountry-arrow"}]}
RESULT: {"script":"<script> [1562 bytes]","args":[{"selector":{"id":"application-managesites-display-component---NewSite--addressDetailDetailsCountry-arrow"},"wdio_ui5_key":"applicationmanagesites-display-component---NewSite--addressDetailDetailsCountry-arrow"}]}
RESULT: undefined
COMMAND: POST /session/a5881d3eaca756d633e860ab0441a8d1/element - {"using":"xpath","value":"//*[@id=\"application-managesites-display-component---NewSite--addressDetailDetailsCountry-arrow\"]"}
RESULT: {"using":"xpath","value":"//*[@id=\"application-managesites-display-component---NewSite--addressDetailDetailsCountry-arrow\"]"}
COMMAND: POST /session/a5881d3eaca756d633e860ab0441a8d1/element/f.70EA98C12271B5C153327B12E8209453.d.F4A8B9569DF0C2F61393746C3405E029.e.2253/click - {}
RESULT: {}
COMMAND: POST /session/a5881d3eaca756d633e860ab0441a8d1/element - {"using":"xpath","value":"//span[contains(text(), \"Argentina\")]"}
COMMAND: GET /session/a5881d3eaca756d633e860ab0441a8d1/screenshot - {}
RESULT: {"using":"xpath","value":"//span[contains(text(), \"Argentina\")]"}
COMMAND: POST /session/a5881d3eaca756d633e860ab0441a8d1/element/f.70EA98C12271B5C153327B12E8209453.d.F4A8B9569DF0C2F61393746C3405E029.e.2255/click - {}
RESULT: {}
RESULT: {}
COMMAND: GET /session/a5881d3eaca756d633e860ab0441a8d1/screenshot - {}
RESULT: {}
COMMAND: POST /session/a5881d3eaca756d633e860ab0441a8d1/execute/async - {"script":"<script> [1562 bytes]","args":[{"selector":{"id":"application-managesites-display-component---NewSite--addressEditDetailsCostObjectCstType-arrow"},"wdio_ui5_key":"applicationmanagesites-display-component---NewSite--addressEditDetailsCostObjectCstType-arrow"}]}
RESULT: {"script":"<script> [1562 bytes]","args":[{"selector":{"id":"application-managesites-display-component---NewSite--addressEditDetailsCostObjectCstType-arrow"},"wdio_ui5_key":"applicationmanagesites-display-component---NewSite--addressEditDetailsCostObjectCstType-arrow"}]}
RESULT: undefined
COMMAND: POST /session/a5881d3eaca756d633e860ab0441a8d1/element - {"using":"xpath","value":"//*[@id=\"application-managesites-display-component---NewSite--addressEditDetailsCostObjectCstType-arrow\"]"}
RESULT: {"using":"xpath","value":"//*[@id=\"application-managesites-display-component---NewSite--addressEditDetailsCostObjectCstType-arrow\"]"}
COMMAND: POST /session/a5881d3eaca756d633e860ab0441a8d1/element/f.70EA98C12271B5C153327B12E8209453.d.F4A8B9569DF0C2F61393746C3405E029.e.2256/click - {}
RESULT: {}
COMMAND: POST /session/a5881d3eaca756d633e860ab0441a8d1/element - {"using":"xpath","value":"//span[contains(text(), \"Cost Center\")]"}
COMMAND: GET /session/a5881d3eaca756d633e860ab0441a8d1/screenshot - {}
RESULT: {"using":"xpath","value":"//span[contains(text(), \"Cost Center\")]"}
COMMAND: POST /session/a5881d3eaca756d633e860ab0441a8d1/element/f.70EA98C12271B5C153327B12E8209453.d.F4A8B9569DF0C2F61393746C3405E029.e.2257/click - {}
RESULT: {}
RESULT: {}
COMMAND: GET /session/a5881d3eaca756d633e860ab0441a8d1/screenshot - {}
RESULT: {}
COMMAND: POST /session/a5881d3eaca756d633e860ab0441a8d1/element - {"using":"xpath","value":"//span[@id=\"application-managesites-display-component---NewSite--addressNewCostObjectCstID-vhi\"]"}
RESULT: {"using":"xpath","value":"//span[@id=\"application-managesites-display-component---NewSite--addressNewCostObjectCstID-vhi\"]"}
COMMAND: POST /session/a5881d3eaca756d633e860ab0441a8d1/execute/sync - {"script":"<script> [8489 bytes]","args":[{"element-6066-11e4-a52e-4f735466cecf":"f.70EA98C12271B5C153327B12E8209453.d.F4A8B9569DF0C2F61393746C3405E029.e.2262","ELEMENT":"f.70EA98C12271B5C153327B12E8209453.d.F4A8B9569DF0C2F61393746C3405E029.e.2262"}]}
RESULT: {"script":"<script> [8489 bytes]","args":[{"element-6066-11e4-a52e-4f735466cecf":"f.70EA98C12271B5C153327B12E8209453.d.F4A8B9569DF0C2F61393746C3405E029.e.2262","ELEMENT":"f.70EA98C12271B5C153327B12E8209453.d.F4A8B9569DF0C2F61393746C3405E029.e.2262"}]}
COMMAND: POST /session/a5881d3eaca756d633e860ab0441a8d1/execute/async - {"script":"<script> [1562 bytes]","args":[{"selector":{"id":"application-managesites-display-component---NewSite--addressNewCostObjectCstID-vhi"},"wdio_ui5_key":"applicationmanagesites-display-component---NewSite--addressNewCostObjectCstID-vhi"}]}
COMMAND: GET /session/a5881d3eaca756d633e860ab0441a8d1/screenshot - {}
RESULT: {"script":"<script> [1562 bytes]","args":[{"selector":{"id":"application-managesites-display-component---NewSite--addressNewCostObjectCstID-vhi"},"wdio_ui5_key":"applicationmanagesites-display-component---NewSite--addressNewCostObjectCstID-vhi"}]}
RESULT: undefined
COMMAND: POST /session/a5881d3eaca756d633e860ab0441a8d1/element - {"using":"xpath","value":"//*[@id=\"application-managesites-display-component---NewSite--addressNewCostObjectCstID-vhi\"]"}
RESULT: {}
RESULT: {"using":"xpath","value":"//*[@id=\"application-managesites-display-component---NewSite--addressNewCostObjectCstID-vhi\"]"}
COMMAND: POST /session/a5881d3eaca756d633e860ab0441a8d1/element/f.70EA98C12271B5C153327B12E8209453.d.F4A8B9569DF0C2F61393746C3405E029.e.2262/click - {}
RESULT: {}
COMMAND: GET /session/a5881d3eaca756d633e860ab0441a8d1/screenshot - {}
RESULT: {}
RESULT: undefined
COMMAND: POST /session/a5881d3eaca756d633e860ab0441a8d1/execute/async - {"script":"<script> [776 bytes]","args":[{"enterText":"10001013","selector":{"controlType":"sap.m.SearchField","properties":{"placeholder":"Search"},"searchOpenDialogs":true,"interaction":{"idSuffix":"I"}},"clearTextFirst":true,"interactionType":"ENTER_TEXT"}]}
RESULT: {"script":"<script> [776 bytes]","args":[{"enterText":"10001013","selector":{"controlType":"sap.m.SearchField","properties":{"placeholder":"Search"},"searchOpenDialogs":true,"interaction":{"idSuffix":"I"}},"clearTextFirst":true,"interactionType":"ENTER_TEXT"}]}
COMMAND: POST /session/a5881d3eaca756d633e860ab0441a8d1/actions - {"actions":[{"id":"action6","type":"key","parameters":{},"actions":[{"type":"keyDown","value":"î€‡"},{"type":"pause","duration":10},{"type":"keyUp","value":"î€‡"}]}]}
RESULT: {"actions":[{"id":"action6","type":"key","parameters":{},"actions":[{"type":"keyDown","value":"î€‡"},{"type":"pause","duration":10},{"type":"keyUp","value":"î€‡"}]}]}
COMMAND: GET /session/a5881d3eaca756d633e860ab0441a8d1/screenshot - {}
RESULT: {}
COMMAND: POST /session/a5881d3eaca756d633e860ab0441a8d1/element - {"using":"xpath","value":"//span[contains(text(), \"General Management\")]"}
RESULT: {"using":"xpath","value":"//span[contains(text(), \"General Management\")]"}
COMMAND: POST /session/a5881d3eaca756d633e860ab0441a8d1/element/f.70EA98C12271B5C153327B12E8209453.d.F4A8B9569DF0C2F61393746C3405E029.e.2302/click - {}
RESULT: {}
COMMAND: GET /session/a5881d3eaca756d633e860ab0441a8d1/screenshot - {}
RESULT: {}
COMMAND: POST /session/a5881d3eaca756d633e860ab0441a8d1/element - {"using":"xpath","value":"//bdi[contains(text(), \"OK\")]"}
RESULT: {"using":"xpath","value":"//bdi[contains(text(), \"OK\")]"}
COMMAND: POST /session/a5881d3eaca756d633e860ab0441a8d1/element/f.70EA98C12271B5C153327B12E8209453.d.F4A8B9569DF0C2F61393746C3405E029.e.2303/click - {}
RESULT: {}
COMMAND: GET /session/a5881d3eaca756d633e860ab0441a8d1/screenshot - {}
RESULT: {}
COMMAND: POST /session/a5881d3eaca756d633e860ab0441a8d1/element - {"using":"xpath","value":"//input[@id=\"application-managesites-display-component---NewSite--addressDetailDetailsCalendar-inner\"]"}
RESULT: {"using":"xpath","value":"//input[@id=\"application-managesites-display-component---NewSite--addressDetailDetailsCalendar-inner\"]"}
COMMAND: POST /session/a5881d3eaca756d633e860ab0441a8d1/element/f.70EA98C12271B5C153327B12E8209453.d.F4A8B9569DF0C2F61393746C3405E029.e.2049/clear - {}
RESULT: {}
COMMAND: POST /session/a5881d3eaca756d633e860ab0441a8d1/element/f.70EA98C12271B5C153327B12E8209453.d.F4A8B9569DF0C2F61393746C3405E029.e.2049/value - {"text":"Unit"}
COMMAND: GET /session/a5881d3eaca756d633e860ab0441a8d1/screenshot - {}
RESULT: {"text":"Unit"}
COMMAND: GET /session/a5881d3eaca756d633e860ab0441a8d1/screenshot - {}
RESULT: {}
RESULT: {}
COMMAND: POST /session/a5881d3eaca756d633e860ab0441a8d1/actions - {"actions":[{"id":"action7","type":"key","parameters":{},"actions":[{"type":"keyDown","value":"î€‡"},{"type":"pause","duration":10},{"type":"keyUp","value":"î€‡"}]}]}
RESULT: {"actions":[{"id":"action7","type":"key","parameters":{},"actions":[{"type":"keyDown","value":"î€‡"},{"type":"pause","duration":10},{"type":"keyUp","value":"î€‡"}]}]}
COMMAND: POST /session/a5881d3eaca756d633e860ab0441a8d1/element - {"using":"xpath","value":"//input[@id=\"application-managesites-display-component---NewSite--addressDetailDetailsYard-inner\"]"}
COMMAND: GET /session/a5881d3eaca756d633e860ab0441a8d1/screenshot - {}
RESULT: {"using":"xpath","value":"//input[@id=\"application-managesites-display-component---NewSite--addressDetailDetailsYard-inner\"]"}
COMMAND: POST /session/a5881d3eaca756d633e860ab0441a8d1/element/f.70EA98C12271B5C153327B12E8209453.d.F4A8B9569DF0C2F61393746C3405E029.e.2050/clear - {}
RESULT: {}
RESULT: {}
COMMAND: POST /session/a5881d3eaca756d633e860ab0441a8d1/element/f.70EA98C12271B5C153327B12E8209453.d.F4A8B9569DF0C2F61393746C3405E029.e.2050/value - {"text":"466"}
COMMAND: GET /session/a5881d3eaca756d633e860ab0441a8d1/screenshot - {}
RESULT: {"text":"466"}
COMMAND: GET /session/a5881d3eaca756d633e860ab0441a8d1/screenshot - {}
RESULT: {}
RESULT: {}
COMMAND: POST /session/a5881d3eaca756d633e860ab0441a8d1/element - {"using":"xpath","value":"//li[.//span[text()='466']]"}
RESULT: {"using":"xpath","value":"//li[.//span[text()='466']]"}
COMMAND: POST /session/a5881d3eaca756d633e860ab0441a8d1/element/f.70EA98C12271B5C153327B12E8209453.d.F4A8B9569DF0C2F61393746C3405E029.e.2311/click - {}
RESULT: {}
COMMAND: GET /session/a5881d3eaca756d633e860ab0441a8d1/screenshot - {}
RESULT: {}
COMMAND: POST /session/a5881d3eaca756d633e860ab0441a8d1/element - {"using":"xpath","value":"//input[@id=\"application-managesites-display-component---NewSite--addressDetailDetailsPartner-inner\"]"}
RESULT: {"using":"xpath","value":"//input[@id=\"application-managesites-display-component---NewSite--addressDetailDetailsPartner-inner\"]"}
COMMAND: POST /session/a5881d3eaca756d633e860ab0441a8d1/element - {"using":"xpath","value":"//input[@id=\"application-managesites-display-component---NewSite--addressDetailDetailsPartner-inner\"]"}
RESULT: {"using":"xpath","value":"//input[@id=\"application-managesites-display-component---NewSite--addressDetailDetailsPartner-inner\"]"}
COMMAND: POST /session/a5881d3eaca756d633e860ab0441a8d1/element - {"using":"xpath","value":"//button[@data-kt=\"saveButton\"]"}
RESULT: {"using":"xpath","value":"//button[@data-kt=\"saveButton\"]"}
COMMAND: POST /session/a5881d3eaca756d633e860ab0441a8d1/element/f.70EA98C12271B5C153327B12E8209453.d.F4A8B9569DF0C2F61393746C3405E029.e.2235/click - {}
RESULT: {}
COMMAND: GET /session/a5881d3eaca756d633e860ab0441a8d1/screenshot - {}
RESULT: {}
COMMAND: POST /session/a5881d3eaca756d633e860ab0441a8d1/element - {"using":"xpath","value":"//header[contains(@id, 'ObjectPageLayout-headerTitle')]/div[1]/div[2]/div[2]/span[1]"}
RESULT: {"using":"xpath","value":"//header[contains(@id, 'ObjectPageLayout-headerTitle')]/div[1]/div[2]/div[2]/span[1]"}
COMMAND: POST /session/a5881d3eaca756d633e860ab0441a8d1/elements - {"using":"xpath","value":"//header[contains(@id, 'ObjectPageLayout-headerTitle')]/div[1]/div[2]/div[2]/span[1]"}
RESULT: {"using":"xpath","value":"//header[contains(@id, 'ObjectPageLayout-headerTitle')]/div[1]/div[2]/div[2]/span[1]"}
COMMAND: POST /session/a5881d3eaca756d633e860ab0441a8d1/execute/sync - {"script":"<script> [56 bytes]","args":[{"element-6066-11e4-a52e-4f735466cecf":"f.70EA98C12271B5C153327B12E8209453.d.F4A8B9569DF0C2F61393746C3405E029.e.2515","ELEMENT":"f.70EA98C12271B5C153327B12E8209453.d.F4A8B9569DF0C2F61393746C3405E029.e.2515"}]}
RESULT: {"script":"<script> [56 bytes]","args":[{"element-6066-11e4-a52e-4f735466cecf":"f.70EA98C12271B5C153327B12E8209453.d.F4A8B9569DF0C2F61393746C3405E029.e.2515","ELEMENT":"f.70EA98C12271B5C153327B12E8209453.d.F4A8B9569DF0C2F61393746C3405E029.e.2515"}]}
COMMAND: POST /session/a5881d3eaca756d633e860ab0441a8d1/element - {"using":"css selector","value":"#shell-header-logo"}
COMMAND: GET /session/a5881d3eaca756d633e860ab0441a8d1/screenshot - {}
RESULT: {"using":"css selector","value":"#shell-header-logo"}
COMMAND: POST /session/a5881d3eaca756d633e860ab0441a8d1/element/f.70EA98C12271B5C153327B12E8209453.d.F4A8B9569DF0C2F61393746C3405E029.e.1805/click - {}
RESULT: {}
RESULT: {}
COMMAND: GET /session/a5881d3eaca756d633e860ab0441a8d1/screenshot - {}
RESULT: {}
COMMAND: POST /session/a5881d3eaca756d633e860ab0441a8d1/execute/sync - {"script":"<script> [299 bytes]","args":[["getModel","getResource"]]}
RESULT: {"script":"<script> [299 bytes]","args":[["getModel","getResource"]]}
]]></system-out>
    </testcase>
    <testcase classname="chrome.135_0_7049_96.windows.Billing_confirm_US117289" name="Should create a new equipment" time="121.777">
      <system-out><![CDATA[
COMMAND: GET /session/a5881d3eaca756d633e860ab0441a8d1/screenshot - {}
COMMAND: POST /session/a5881d3eaca756d633e860ab0441a8d1/execute/async - {"script":"<script> [1562 bytes]","args":[{"selector":{"controlType":"sap.m.GenericTile","properties":{"header":"Manage Resources"}},"wdio_ui5_key":"sapm.GenericTile{\"header\":\"Manage Resources\"}"}]}
RESULT: {"script":"<script> [1562 bytes]","args":[{"selector":{"controlType":"sap.m.GenericTile","properties":{"header":"Manage Resources"}},"wdio_ui5_key":"sapm.GenericTile{\"header\":\"Manage Resources\"}"}]}
RESULT: undefined
COMMAND: POST /session/a5881d3eaca756d633e860ab0441a8d1/element - {"using":"xpath","value":"//*[@id=\"__tile39\"]"}
RESULT: {}
RESULT: {"using":"xpath","value":"//*[@id=\"__tile39\"]"}
COMMAND: POST /session/a5881d3eaca756d633e860ab0441a8d1/element/f.70EA98C12271B5C153327B12E8209453.d.F4A8B9569DF0C2F61393746C3405E029.e.155/click - {}
RESULT: {}
COMMAND: POST /session/a5881d3eaca756d633e860ab0441a8d1/element - {"using":"xpath","value":"//button[@data-kt=\"addNewRUOverflowToolbarButton\"]"}
COMMAND: GET /session/a5881d3eaca756d633e860ab0441a8d1/screenshot - {}
RESULT: {"using":"xpath","value":"//button[@data-kt=\"addNewRUOverflowToolbarButton\"]"}
COMMAND: POST /session/a5881d3eaca756d633e860ab0441a8d1/elements - {"using":"xpath","value":"//button[@data-kt=\"addNewRUOverflowToolbarButton\"]"}
RESULT: {}
RESULT: {"using":"xpath","value":"//button[@data-kt=\"addNewRUOverflowToolbarButton\"]"}
COMMAND: POST /session/a5881d3eaca756d633e860ab0441a8d1/elements - {"using":"xpath","value":"//button[@data-kt=\"addNewRUOverflowToolbarButton\"]"}
RESULT: {"using":"xpath","value":"//button[@data-kt=\"addNewRUOverflowToolbarButton\"]"}
COMMAND: POST /session/a5881d3eaca756d633e860ab0441a8d1/elements - {"using":"xpath","value":"//button[@data-kt=\"addNewRUOverflowToolbarButton\"]"}
RESULT: {"using":"xpath","value":"//button[@data-kt=\"addNewRUOverflowToolbarButton\"]"}
COMMAND: POST /session/a5881d3eaca756d633e860ab0441a8d1/elements - {"using":"xpath","value":"//button[@data-kt=\"addNewRUOverflowToolbarButton\"]"}
RESULT: {"using":"xpath","value":"//button[@data-kt=\"addNewRUOverflowToolbarButton\"]"}
COMMAND: POST /session/a5881d3eaca756d633e860ab0441a8d1/elements - {"using":"xpath","value":"//button[@data-kt=\"addNewRUOverflowToolbarButton\"]"}
RESULT: {"using":"xpath","value":"//button[@data-kt=\"addNewRUOverflowToolbarButton\"]"}
COMMAND: POST /session/a5881d3eaca756d633e860ab0441a8d1/elements - {"using":"xpath","value":"//button[@data-kt=\"addNewRUOverflowToolbarButton\"]"}
RESULT: {"using":"xpath","value":"//button[@data-kt=\"addNewRUOverflowToolbarButton\"]"}
COMMAND: POST /session/a5881d3eaca756d633e860ab0441a8d1/elements - {"using":"xpath","value":"//button[@data-kt=\"addNewRUOverflowToolbarButton\"]"}
RESULT: {"using":"xpath","value":"//button[@data-kt=\"addNewRUOverflowToolbarButton\"]"}
COMMAND: POST /session/a5881d3eaca756d633e860ab0441a8d1/elements - {"using":"xpath","value":"//button[@data-kt=\"addNewRUOverflowToolbarButton\"]"}
RESULT: {"using":"xpath","value":"//button[@data-kt=\"addNewRUOverflowToolbarButton\"]"}
COMMAND: POST /session/a5881d3eaca756d633e860ab0441a8d1/elements - {"using":"xpath","value":"//button[@data-kt=\"addNewRUOverflowToolbarButton\"]"}
RESULT: {"using":"xpath","value":"//button[@data-kt=\"addNewRUOverflowToolbarButton\"]"}
COMMAND: POST /session/a5881d3eaca756d633e860ab0441a8d1/elements - {"using":"xpath","value":"//button[@data-kt=\"addNewRUOverflowToolbarButton\"]"}
RESULT: {"using":"xpath","value":"//button[@data-kt=\"addNewRUOverflowToolbarButton\"]"}
COMMAND: POST /session/a5881d3eaca756d633e860ab0441a8d1/element - {"using":"xpath","value":"//button[@data-kt=\"addNewRUOverflowToolbarButton\"]"}
RESULT: {"using":"xpath","value":"//button[@data-kt=\"addNewRUOverflowToolbarButton\"]"}
COMMAND: POST /session/a5881d3eaca756d633e860ab0441a8d1/execute/sync - {"script":"<script> [8489 bytes]","args":[{"element-6066-11e4-a52e-4f735466cecf":"f.70EA98C12271B5C153327B12E8209453.d.F4A8B9569DF0C2F61393746C3405E029.e.2559","ELEMENT":"f.70EA98C12271B5C153327B12E8209453.d.F4A8B9569DF0C2F61393746C3405E029.e.2559"}]}
RESULT: {"script":"<script> [8489 bytes]","args":[{"element-6066-11e4-a52e-4f735466cecf":"f.70EA98C12271B5C153327B12E8209453.d.F4A8B9569DF0C2F61393746C3405E029.e.2559","ELEMENT":"f.70EA98C12271B5C153327B12E8209453.d.F4A8B9569DF0C2F61393746C3405E029.e.2559"}]}
COMMAND: GET /session/a5881d3eaca756d633e860ab0441a8d1/element/f.70EA98C12271B5C153327B12E8209453.d.F4A8B9569DF0C2F61393746C3405E029.e.2559/enabled - {}
COMMAND: GET /session/a5881d3eaca756d633e860ab0441a8d1/screenshot - {}
RESULT: {}
COMMAND: POST /session/a5881d3eaca756d633e860ab0441a8d1/execute/sync - {"script":"<script> [8489 bytes]","args":[{"element-6066-11e4-a52e-4f735466cecf":"f.70EA98C12271B5C153327B12E8209453.d.F4A8B9569DF0C2F61393746C3405E029.e.2559","ELEMENT":"f.70EA98C12271B5C153327B12E8209453.d.F4A8B9569DF0C2F61393746C3405E029.e.2559"}]}
COMMAND: GET /session/a5881d3eaca756d633e860ab0441a8d1/screenshot - {}
RESULT: {}
RESULT: {"script":"<script> [8489 bytes]","args":[{"element-6066-11e4-a52e-4f735466cecf":"f.70EA98C12271B5C153327B12E8209453.d.F4A8B9569DF0C2F61393746C3405E029.e.2559","ELEMENT":"f.70EA98C12271B5C153327B12E8209453.d.F4A8B9569DF0C2F61393746C3405E029.e.2559"}]}
COMMAND: POST /session/a5881d3eaca756d633e860ab0441a8d1/execute/sync - {"script":"<script> [5351 bytes]","args":[{"element-6066-11e4-a52e-4f735466cecf":"f.70EA98C12271B5C153327B12E8209453.d.F4A8B9569DF0C2F61393746C3405E029.e.2559","ELEMENT":"f.70EA98C12271B5C153327B12E8209453.d.F4A8B9569DF0C2F61393746C3405E029.e.2559"}]}
COMMAND: GET /session/a5881d3eaca756d633e860ab0441a8d1/screenshot - {}
RESULT: {}
RESULT: {"script":"<script> [5351 bytes]","args":[{"element-6066-11e4-a52e-4f735466cecf":"f.70EA98C12271B5C153327B12E8209453.d.F4A8B9569DF0C2F61393746C3405E029.e.2559","ELEMENT":"f.70EA98C12271B5C153327B12E8209453.d.F4A8B9569DF0C2F61393746C3405E029.e.2559"}]}
COMMAND: POST /session/a5881d3eaca756d633e860ab0441a8d1/element/f.70EA98C12271B5C153327B12E8209453.d.F4A8B9569DF0C2F61393746C3405E029.e.2559/click - {}
COMMAND: GET /session/a5881d3eaca756d633e860ab0441a8d1/screenshot - {}
RESULT: {}
RESULT: {}
COMMAND: GET /session/a5881d3eaca756d633e860ab0441a8d1/screenshot - {}
RESULT: {}
COMMAND: POST /session/a5881d3eaca756d633e860ab0441a8d1/execute/async - {"script":"<script> [1562 bytes]","args":[{"selector":{"id":"application-manageresources-display-component---newResourceUnit--TYPE-arrow"},"wdio_ui5_key":"applicationmanageresources-display-component---newResourceUnit--TYPE-arrow"}]}
RESULT: {}
RESULT: {"script":"<script> [1562 bytes]","args":[{"selector":{"id":"application-manageresources-display-component---newResourceUnit--TYPE-arrow"},"wdio_ui5_key":"applicationmanageresources-display-component---newResourceUnit--TYPE-arrow"}]}
RESULT: undefined
COMMAND: POST /session/a5881d3eaca756d633e860ab0441a8d1/element - {"using":"xpath","value":"//*[@id=\"application-manageresources-display-component---newResourceUnit--TYPE-arrow\"]"}
RESULT: {"using":"xpath","value":"//*[@id=\"application-manageresources-display-component---newResourceUnit--TYPE-arrow\"]"}
COMMAND: POST /session/a5881d3eaca756d633e860ab0441a8d1/element/f.70EA98C12271B5C153327B12E8209453.d.F4A8B9569DF0C2F61393746C3405E029.e.2915/click - {}
RESULT: {}
COMMAND: POST /session/a5881d3eaca756d633e860ab0441a8d1/element - {"using":"xpath","value":"//input[@id=\"application-manageresources-display-component---newResourceUnit--TYPE-inner\"]"}
COMMAND: GET /session/a5881d3eaca756d633e860ab0441a8d1/screenshot - {}
RESULT: {"using":"xpath","value":"//input[@id=\"application-manageresources-display-component---newResourceUnit--TYPE-inner\"]"}
COMMAND: POST /session/a5881d3eaca756d633e860ab0441a8d1/element/f.70EA98C12271B5C153327B12E8209453.d.F4A8B9569DF0C2F61393746C3405E029.e.2901/clear - {}
RESULT: {}
RESULT: {}
COMMAND: POST /session/a5881d3eaca756d633e860ab0441a8d1/element/f.70EA98C12271B5C153327B12E8209453.d.F4A8B9569DF0C2F61393746C3405E029.e.2901/value - {"text":"Equipment"}
COMMAND: GET /session/a5881d3eaca756d633e860ab0441a8d1/screenshot - {}
RESULT: {"text":"Equipment"}
COMMAND: GET /session/a5881d3eaca756d633e860ab0441a8d1/screenshot - {}
RESULT: {}
RESULT: {}
COMMAND: POST /session/a5881d3eaca756d633e860ab0441a8d1/actions - {"actions":[{"id":"action8","type":"key","parameters":{},"actions":[{"type":"keyDown","value":"î€‡"},{"type":"pause","duration":10},{"type":"keyUp","value":"î€‡"}]}]}
RESULT: {"actions":[{"id":"action8","type":"key","parameters":{},"actions":[{"type":"keyDown","value":"î€‡"},{"type":"pause","duration":10},{"type":"keyUp","value":"î€‡"}]}]}
COMMAND: POST /session/a5881d3eaca756d633e860ab0441a8d1/execute/async - {"script":"<script> [1562 bytes]","args":[{"selector":{"id":"application-manageresources-display-component---newResourceUnit--resourceId","interaction":{"idSuffix":"inner"}},"wdio_ui5_key":"applicationmanageresources-display-component---newResourceUnit--resourceId"}]}
COMMAND: GET /session/a5881d3eaca756d633e860ab0441a8d1/screenshot - {}
RESULT: {"script":"<script> [1562 bytes]","args":[{"selector":{"id":"application-manageresources-display-component---newResourceUnit--resourceId","interaction":{"idSuffix":"inner"}},"wdio_ui5_key":"applicationmanageresources-display-component---newResourceUnit--resourceId"}]}
RESULT: undefined
COMMAND: POST /session/a5881d3eaca756d633e860ab0441a8d1/execute/async - {"script":"<script> [776 bytes]","args":[{"enterText":"K9uV9laxe2","selector":{"id":"application-manageresources-display-component---newResourceUnit--resourceId","interaction":{"idSuffix":"inner"}},"clearTextFirst":true,"interactionType":"ENTER_TEXT"}]}
RESULT: {}
RESULT: {"script":"<script> [776 bytes]","args":[{"enterText":"K9uV9laxe2","selector":{"id":"application-manageresources-display-component---newResourceUnit--resourceId","interaction":{"idSuffix":"inner"}},"clearTextFirst":true,"interactionType":"ENTER_TEXT"}]}
COMMAND: POST /session/a5881d3eaca756d633e860ab0441a8d1/execute/async - {"script":"<script> [1562 bytes]","args":[{"selector":{"id":"application-manageresources-display-component---newResourceUnit--SHORT_TEXT","interaction":{"idSuffix":"inner"}},"wdio_ui5_key":"applicationmanageresources-display-component---newResourceUnit--SHORT_TEXT"}]}
RESULT: {"script":"<script> [1562 bytes]","args":[{"selector":{"id":"application-manageresources-display-component---newResourceUnit--SHORT_TEXT","interaction":{"idSuffix":"inner"}},"wdio_ui5_key":"applicationmanageresources-display-component---newResourceUnit--SHORT_TEXT"}]}
RESULT: undefined
COMMAND: POST /session/a5881d3eaca756d633e860ab0441a8d1/execute/async - {"script":"<script> [776 bytes]","args":[{"enterText":"Intercompany Equipment WDIO","selector":{"id":"application-manageresources-display-component---newResourceUnit--SHORT_TEXT","interaction":{"idSuffix":"inner"}},"clearTextFirst":true,"interactionType":"ENTER_TEXT"}]}
RESULT: {"script":"<script> [776 bytes]","args":[{"enterText":"Intercompany Equipment WDIO","selector":{"id":"application-manageresources-display-component---newResourceUnit--SHORT_TEXT","interaction":{"idSuffix":"inner"}},"clearTextFirst":true,"interactionType":"ENTER_TEXT"}]}
COMMAND: POST /session/a5881d3eaca756d633e860ab0441a8d1/execute/async - {"script":"<script> [1562 bytes]","args":[{"selector":{"id":"application-manageresources-display-component---newResourceUnit--BASE_UNIT_OF_MEASURE","interaction":{"idSuffix":"inner"}},"wdio_ui5_key":"applicationmanageresources-display-component---newResourceUnit--BASE_UNIT_OF_MEASURE"}]}
RESULT: {"script":"<script> [1562 bytes]","args":[{"selector":{"id":"application-manageresources-display-component---newResourceUnit--BASE_UNIT_OF_MEASURE","interaction":{"idSuffix":"inner"}},"wdio_ui5_key":"applicationmanageresources-display-component---newResourceUnit--BASE_UNIT_OF_MEASURE"}]}
RESULT: undefined
COMMAND: POST /session/a5881d3eaca756d633e860ab0441a8d1/execute/async - {"script":"<script> [776 bytes]","args":[{"enterText":"Piece","selector":{"id":"application-manageresources-display-component---newResourceUnit--BASE_UNIT_OF_MEASURE","interaction":{"idSuffix":"inner"}},"clearTextFirst":true,"interactionType":"ENTER_TEXT"}]}
RESULT: {"script":"<script> [776 bytes]","args":[{"enterText":"Piece","selector":{"id":"application-manageresources-display-component---newResourceUnit--BASE_UNIT_OF_MEASURE","interaction":{"idSuffix":"inner"}},"clearTextFirst":true,"interactionType":"ENTER_TEXT"}]}
COMMAND: POST /session/a5881d3eaca756d633e860ab0441a8d1/execute/async - {"script":"<script> [1562 bytes]","args":[{"selector":{"id":"application-manageresources-display-component---newResourceUnit--WEIGHT_UNIT","interaction":{"idSuffix":"inner"}},"wdio_ui5_key":"applicationmanageresources-display-component---newResourceUnit--WEIGHT_UNIT"}]}
RESULT: {"script":"<script> [1562 bytes]","args":[{"selector":{"id":"application-manageresources-display-component---newResourceUnit--WEIGHT_UNIT","interaction":{"idSuffix":"inner"}},"wdio_ui5_key":"applicationmanageresources-display-component---newResourceUnit--WEIGHT_UNIT"}]}
RESULT: undefined
COMMAND: POST /session/a5881d3eaca756d633e860ab0441a8d1/execute/async - {"script":"<script> [776 bytes]","args":[{"enterText":"Gram","selector":{"id":"application-manageresources-display-component---newResourceUnit--WEIGHT_UNIT","interaction":{"idSuffix":"inner"}},"clearTextFirst":true,"interactionType":"ENTER_TEXT"}]}
RESULT: {"script":"<script> [776 bytes]","args":[{"enterText":"Gram","selector":{"id":"application-manageresources-display-component---newResourceUnit--WEIGHT_UNIT","interaction":{"idSuffix":"inner"}},"clearTextFirst":true,"interactionType":"ENTER_TEXT"}]}
COMMAND: POST /session/a5881d3eaca756d633e860ab0441a8d1/execute/async - {"script":"<script> [1562 bytes]","args":[{"selector":{"id":"application-manageresources-display-component---newResourceUnit--DIMENSION_UNIT","interaction":{"idSuffix":"inner"}},"wdio_ui5_key":"applicationmanageresources-display-component---newResourceUnit--DIMENSION_UNIT"}]}
RESULT: {"script":"<script> [1562 bytes]","args":[{"selector":{"id":"application-manageresources-display-component---newResourceUnit--DIMENSION_UNIT","interaction":{"idSuffix":"inner"}},"wdio_ui5_key":"applicationmanageresources-display-component---newResourceUnit--DIMENSION_UNIT"}]}
RESULT: undefined
COMMAND: POST /session/a5881d3eaca756d633e860ab0441a8d1/execute/async - {"script":"<script> [776 bytes]","args":[{"enterText":"Meter","selector":{"id":"application-manageresources-display-component---newResourceUnit--DIMENSION_UNIT","interaction":{"idSuffix":"inner"}},"clearTextFirst":true,"interactionType":"ENTER_TEXT"}]}
RESULT: {"script":"<script> [776 bytes]","args":[{"enterText":"Meter","selector":{"id":"application-manageresources-display-component---newResourceUnit--DIMENSION_UNIT","interaction":{"idSuffix":"inner"}},"clearTextFirst":true,"interactionType":"ENTER_TEXT"}]}
COMMAND: POST /session/a5881d3eaca756d633e860ab0441a8d1/execute/async - {"script":"<script> [1562 bytes]","args":[{"selector":{"id":"application-manageresources-display-component---newResourceUnit--newRRUPage-anchBar-application-manageresources-display-component---newResourceUnit--control-anchor","interaction":{"idSuffix":"BDI-content"}},"wdio_ui5_key":"applicationmanageresources-display-component---newResourceUnit--newRRUPage-anchBar-application-manageresources-display-component---newResourceUnit--control-anchor"}]}
RESULT: {"script":"<script> [1562 bytes]","args":[{"selector":{"id":"application-manageresources-display-component---newResourceUnit--newRRUPage-anchBar-application-manageresources-display-component---newResourceUnit--control-anchor","interaction":{"idSuffix":"BDI-content"}},"wdio_ui5_key":"applicationmanageresources-display-component---newResourceUnit--newRRUPage-anchBar-application-manageresources-display-component---newResourceUnit--control-anchor"}]}
RESULT: undefined
COMMAND: POST /session/a5881d3eaca756d633e860ab0441a8d1/element - {"using":"xpath","value":"//*[@id=\"application-manageresources-display-component---newResourceUnit--newRRUPage-anchBar-application-manageresources-display-component---newResourceUnit--control-anchor\"]"}
RESULT: {"using":"xpath","value":"//*[@id=\"application-manageresources-display-component---newResourceUnit--newRRUPage-anchBar-application-manageresources-display-component---newResourceUnit--control-anchor\"]"}
COMMAND: POST /session/a5881d3eaca756d633e860ab0441a8d1/element/f.70EA98C12271B5C153327B12E8209453.d.F4A8B9569DF0C2F61393746C3405E029.e.3048/click - {}
RESULT: {}
COMMAND: POST /session/a5881d3eaca756d633e860ab0441a8d1/execute/async - {"script":"<script> [1562 bytes]","args":[{"selector":{"id":"application-manageresources-display-component---newResourceUnit--PLANNING_GROUP","interaction":{"idSuffix":"inner"}},"wdio_ui5_key":"applicationmanageresources-display-component---newResourceUnit--PLANNING_GROUP"}]}
COMMAND: GET /session/a5881d3eaca756d633e860ab0441a8d1/screenshot - {}
RESULT: {"script":"<script> [1562 bytes]","args":[{"selector":{"id":"application-manageresources-display-component---newResourceUnit--PLANNING_GROUP","interaction":{"idSuffix":"inner"}},"wdio_ui5_key":"applicationmanageresources-display-component---newResourceUnit--PLANNING_GROUP"}]}
RESULT: undefined
COMMAND: POST /session/a5881d3eaca756d633e860ab0441a8d1/execute/async - {"script":"<script> [776 bytes]","args":[{"enterText":"Heavy Equi","selector":{"id":"application-manageresources-display-component---newResourceUnit--PLANNING_GROUP","interaction":{"idSuffix":"inner"}},"clearTextFirst":true,"interactionType":"ENTER_TEXT"}]}
RESULT: {}
RESULT: {"script":"<script> [776 bytes]","args":[{"enterText":"Heavy Equi","selector":{"id":"application-manageresources-display-component---newResourceUnit--PLANNING_GROUP","interaction":{"idSuffix":"inner"}},"clearTextFirst":true,"interactionType":"ENTER_TEXT"}]}
COMMAND: POST /session/a5881d3eaca756d633e860ab0441a8d1/execute/async - {"script":"<script> [1562 bytes]","args":[{"selector":{"id":"application-manageresources-display-component---newResourceUnit--ITEM_TYPE-arrow"},"wdio_ui5_key":"applicationmanageresources-display-component---newResourceUnit--ITEM_TYPE-arrow"}]}
RESULT: {"script":"<script> [1562 bytes]","args":[{"selector":{"id":"application-manageresources-display-component---newResourceUnit--ITEM_TYPE-arrow"},"wdio_ui5_key":"applicationmanageresources-display-component---newResourceUnit--ITEM_TYPE-arrow"}]}
RESULT: undefined
COMMAND: POST /session/a5881d3eaca756d633e860ab0441a8d1/element - {"using":"xpath","value":"//*[@id=\"application-manageresources-display-component---newResourceUnit--ITEM_TYPE-arrow\"]"}
RESULT: {"using":"xpath","value":"//*[@id=\"application-manageresources-display-component---newResourceUnit--ITEM_TYPE-arrow\"]"}
COMMAND: POST /session/a5881d3eaca756d633e860ab0441a8d1/element/f.70EA98C12271B5C153327B12E8209453.d.F4A8B9569DF0C2F61393746C3405E029.e.3057/click - {}
RESULT: {}
COMMAND: POST /session/a5881d3eaca756d633e860ab0441a8d1/element - {"using":"xpath","value":"(//span[contains(text(), \"Resource Unit\")])[2]"}
COMMAND: GET /session/a5881d3eaca756d633e860ab0441a8d1/screenshot - {}
RESULT: {"using":"xpath","value":"(//span[contains(text(), \"Resource Unit\")])[2]"}
COMMAND: POST /session/a5881d3eaca756d633e860ab0441a8d1/element/f.70EA98C12271B5C153327B12E8209453.d.F4A8B9569DF0C2F61393746C3405E029.e.3058/click - {}
RESULT: {}
RESULT: {}
COMMAND: GET /session/a5881d3eaca756d633e860ab0441a8d1/screenshot - {}
RESULT: {}
COMMAND: POST /session/a5881d3eaca756d633e860ab0441a8d1/element - {"using":"css selector","value":"#application-manageresources-display-component---newResourceUnit--btnAddTimeSegment"}
RESULT: {"using":"css selector","value":"#application-manageresources-display-component---newResourceUnit--btnAddTimeSegment"}
COMMAND: GET /session/a5881d3eaca756d633e860ab0441a8d1/element/f.70EA98C12271B5C153327B12E8209453.d.F4A8B9569DF0C2F61393746C3405E029.e.3059/rect - {}
RESULT: {}
COMMAND: GET /session/a5881d3eaca756d633e860ab0441a8d1/window/rect - {}
RESULT: {}
COMMAND: POST /session/a5881d3eaca756d633e860ab0441a8d1/execute/sync - {"script":"<script> [92 bytes]","args":[]}
RESULT: {"script":"<script> [92 bytes]","args":[]}
COMMAND: POST /session/a5881d3eaca756d633e860ab0441a8d1/actions - {"actions":[{"id":"action9","type":"wheel","parameters":{},"actions":[{"type":"scroll","x":-1888,"y":-32,"deltaX":0,"deltaY":0,"duration":0,"origin":{"element-6066-11e4-a52e-4f735466cecf":"f.70EA98C12271B5C153327B12E8209453.d.F4A8B9569DF0C2F61393746C3405E029.e.3059"}}]}]}
COMMAND: GET /session/a5881d3eaca756d633e860ab0441a8d1/screenshot - {}
RESULT: {}
COMMAND: POST /session/a5881d3eaca756d633e860ab0441a8d1/execute/sync - {"script":"<script> [79 bytes]","args":[{"element-6066-11e4-a52e-4f735466cecf":"f.70EA98C12271B5C153327B12E8209453.d.F4A8B9569DF0C2F61393746C3405E029.e.3059","ELEMENT":"f.70EA98C12271B5C153327B12E8209453.d.F4A8B9569DF0C2F61393746C3405E029.e.3059"},{"block":"start","inline":"nearest"}]}
RESULT: {"script":"<script> [79 bytes]","args":[{"element-6066-11e4-a52e-4f735466cecf":"f.70EA98C12271B5C153327B12E8209453.d.F4A8B9569DF0C2F61393746C3405E029.e.3059","ELEMENT":"f.70EA98C12271B5C153327B12E8209453.d.F4A8B9569DF0C2F61393746C3405E029.e.3059"},{"block":"start","inline":"nearest"}]}
COMMAND: POST /session/a5881d3eaca756d633e860ab0441a8d1/execute/async - {"script":"<script> [1562 bytes]","args":[{"selector":{"id":"application-manageresources-display-component---newResourceUnit--btnAddTimeSegment","interaction":{"idSuffix":"inner"}},"wdio_ui5_key":"applicationmanageresources-display-component---newResourceUnit--btnAddTimeSegment"}]}
COMMAND: GET /session/a5881d3eaca756d633e860ab0441a8d1/screenshot - {}
RESULT: {"script":"<script> [1562 bytes]","args":[{"selector":{"id":"application-manageresources-display-component---newResourceUnit--btnAddTimeSegment","interaction":{"idSuffix":"inner"}},"wdio_ui5_key":"applicationmanageresources-display-component---newResourceUnit--btnAddTimeSegment"}]}
RESULT: undefined
COMMAND: POST /session/a5881d3eaca756d633e860ab0441a8d1/element - {"using":"xpath","value":"//*[@id=\"application-manageresources-display-component---newResourceUnit--btnAddTimeSegment\"]"}
RESULT: {}
RESULT: {"using":"xpath","value":"//*[@id=\"application-manageresources-display-component---newResourceUnit--btnAddTimeSegment\"]"}
COMMAND: POST /session/a5881d3eaca756d633e860ab0441a8d1/element/f.70EA98C12271B5C153327B12E8209453.d.F4A8B9569DF0C2F61393746C3405E029.e.3059/click - {}
RESULT: {}
COMMAND: GET /session/a5881d3eaca756d633e860ab0441a8d1/screenshot - {}
RESULT: {}
COMMAND: POST /session/a5881d3eaca756d633e860ab0441a8d1/element - {"using":"xpath","value":"//input[@id=\"application-manageresources-display-component---newResourceUnit--idRuTSAdmin-application-manageresources-display-component---newResourceUnit--RUTimeSegment-0-inner\"]"}
RESULT: {"using":"xpath","value":"//input[@id=\"application-manageresources-display-component---newResourceUnit--idRuTSAdmin-application-manageresources-display-component---newResourceUnit--RUTimeSegment-0-inner\"]"}
COMMAND: POST /session/a5881d3eaca756d633e860ab0441a8d1/element/f.70EA98C12271B5C153327B12E8209453.d.F4A8B9569DF0C2F61393746C3405E029.e.3065/clear - {}
RESULT: {}
COMMAND: POST /session/a5881d3eaca756d633e860ab0441a8d1/element/f.70EA98C12271B5C153327B12E8209453.d.F4A8B9569DF0C2F61393746C3405E029.e.3065/value - {"text":"466"}
COMMAND: GET /session/a5881d3eaca756d633e860ab0441a8d1/screenshot - {}
RESULT: {"text":"466"}
COMMAND: GET /session/a5881d3eaca756d633e860ab0441a8d1/screenshot - {}
RESULT: {}
RESULT: {}
COMMAND: POST /session/a5881d3eaca756d633e860ab0441a8d1/element - {"using":"xpath","value":"//li[.//span[text()='466']]"}
RESULT: {"using":"xpath","value":"//li[.//span[text()='466']]"}
COMMAND: POST /session/a5881d3eaca756d633e860ab0441a8d1/element/f.70EA98C12271B5C153327B12E8209453.d.F4A8B9569DF0C2F61393746C3405E029.e.3077/click - {}
RESULT: {}
COMMAND: GET /session/a5881d3eaca756d633e860ab0441a8d1/screenshot - {}
RESULT: {}
COMMAND: POST /session/a5881d3eaca756d633e860ab0441a8d1/element - {"using":"xpath","value":"(//span[contains(@id, \"-application-manageresources-display-component---newResourceUnit--RUTimeSegment-0-arrow\")])[6]"}
RESULT: {"using":"xpath","value":"(//span[contains(@id, \"-application-manageresources-display-component---newResourceUnit--RUTimeSegment-0-arrow\")])[6]"}
COMMAND: POST /session/a5881d3eaca756d633e860ab0441a8d1/element/f.70EA98C12271B5C153327B12E8209453.d.F4A8B9569DF0C2F61393746C3405E029.e.3078/click - {}
RESULT: {}
COMMAND: GET /session/a5881d3eaca756d633e860ab0441a8d1/screenshot - {}
RESULT: {}
COMMAND: POST /session/a5881d3eaca756d633e860ab0441a8d1/element - {"using":"xpath","value":"//span[contains(text(), \"PM Order\")]"}
RESULT: {"using":"xpath","value":"//span[contains(text(), \"PM Order\")]"}
COMMAND: POST /session/a5881d3eaca756d633e860ab0441a8d1/element/f.70EA98C12271B5C153327B12E8209453.d.F4A8B9569DF0C2F61393746C3405E029.e.3081/click - {}
RESULT: {}
COMMAND: GET /session/a5881d3eaca756d633e860ab0441a8d1/screenshot - {}
RESULT: {}
COMMAND: POST /session/a5881d3eaca756d633e860ab0441a8d1/element - {"using":"xpath","value":"(//span[contains(@id ,\"manageresources-display-component---newResourceUnit--RUTimeSegment-0-vhi\")])[1]"}
RESULT: {"using":"xpath","value":"(//span[contains(@id ,\"manageresources-display-component---newResourceUnit--RUTimeSegment-0-vhi\")])[1]"}
COMMAND: GET /session/a5881d3eaca756d633e860ab0441a8d1/element/f.70EA98C12271B5C153327B12E8209453.d.F4A8B9569DF0C2F61393746C3405E029.e.3085/rect - {}
RESULT: {}
COMMAND: GET /session/a5881d3eaca756d633e860ab0441a8d1/window/rect - {}
RESULT: {}
COMMAND: POST /session/a5881d3eaca756d633e860ab0441a8d1/execute/sync - {"script":"<script> [92 bytes]","args":[]}
RESULT: {"script":"<script> [92 bytes]","args":[]}
COMMAND: POST /session/a5881d3eaca756d633e860ab0441a8d1/actions - {"actions":[{"id":"action10","type":"wheel","parameters":{},"actions":[{"type":"scroll","x":-869,"y":-24,"deltaX":0,"deltaY":0,"duration":0,"origin":{"element-6066-11e4-a52e-4f735466cecf":"f.70EA98C12271B5C153327B12E8209453.d.F4A8B9569DF0C2F61393746C3405E029.e.3085"}}]}]}
COMMAND: GET /session/a5881d3eaca756d633e860ab0441a8d1/screenshot - {}
RESULT: {"actions":[{"id":"action10","type":"wheel","parameters":{},"actions":[{"type":"scroll","x":-869,"y":-24,"deltaX":0,"deltaY":0,"duration":0,"origin":{"element-6066-11e4-a52e-4f735466cecf":"f.70EA98C12271B5C153327B12E8209453.d.F4A8B9569DF0C2F61393746C3405E029.e.3085"}}]}]}
COMMAND: DELETE /session/a5881d3eaca756d633e860ab0441a8d1/actions - {}
COMMAND: GET /session/a5881d3eaca756d633e860ab0441a8d1/screenshot - {}
RESULT: {}
RESULT: {}
COMMAND: GET /session/a5881d3eaca756d633e860ab0441a8d1/screenshot - {}
RESULT: {}
RESULT: {}
COMMAND: POST /session/a5881d3eaca756d633e860ab0441a8d1/element/f.70EA98C12271B5C153327B12E8209453.d.F4A8B9569DF0C2F61393746C3405E029.e.3085/click - {}
RESULT: {}
COMMAND: GET /session/a5881d3eaca756d633e860ab0441a8d1/screenshot - {}
RESULT: {}
RESULT: undefined
COMMAND: POST /session/a5881d3eaca756d633e860ab0441a8d1/execute/async - {"script":"<script> [776 bytes]","args":[{"enterText":"4000360","selector":{"controlType":"sap.m.SearchField","properties":{"placeholder":"Search"},"searchOpenDialogs":true,"interaction":{"idSuffix":"I"}},"clearTextFirst":true,"interactionType":"ENTER_TEXT"}]}
RESULT: {"script":"<script> [776 bytes]","args":[{"enterText":"4000360","selector":{"controlType":"sap.m.SearchField","properties":{"placeholder":"Search"},"searchOpenDialogs":true,"interaction":{"idSuffix":"I"}},"clearTextFirst":true,"interactionType":"ENTER_TEXT"}]}
COMMAND: POST /session/a5881d3eaca756d633e860ab0441a8d1/actions - {"actions":[{"id":"action11","type":"key","parameters":{},"actions":[{"type":"keyDown","value":"î€‡"},{"type":"pause","duration":10},{"type":"keyUp","value":"î€‡"}]}]}
RESULT: {"actions":[{"id":"action11","type":"key","parameters":{},"actions":[{"type":"keyDown","value":"î€‡"},{"type":"pause","duration":10},{"type":"keyUp","value":"î€‡"}]}]}
COMMAND: GET /session/a5881d3eaca756d633e860ab0441a8d1/screenshot - {}
RESULT: {}
COMMAND: POST /session/a5881d3eaca756d633e860ab0441a8d1/element - {"using":"xpath","value":"//td/div/span[contains(text(), \"BGL Vehicles\")]"}
RESULT: {"using":"xpath","value":"//td/div/span[contains(text(), \"BGL Vehicles\")]"}
COMMAND: POST /session/a5881d3eaca756d633e860ab0441a8d1/element/f.70EA98C12271B5C153327B12E8209453.d.F4A8B9569DF0C2F61393746C3405E029.e.3105/click - {}
RESULT: {}
COMMAND: GET /session/a5881d3eaca756d633e860ab0441a8d1/screenshot - {}
RESULT: {}
COMMAND: POST /session/a5881d3eaca756d633e860ab0441a8d1/element - {"using":"xpath","value":"//bdi[contains(text(), \"OK\")]"}
RESULT: {"using":"xpath","value":"//bdi[contains(text(), \"OK\")]"}
COMMAND: POST /session/a5881d3eaca756d633e860ab0441a8d1/element/f.70EA98C12271B5C153327B12E8209453.d.F4A8B9569DF0C2F61393746C3405E029.e.3106/click - {}
RESULT: {}
COMMAND: GET /session/a5881d3eaca756d633e860ab0441a8d1/screenshot - {}
RESULT: {}
COMMAND: POST /session/a5881d3eaca756d633e860ab0441a8d1/execute/async - {"script":"<script> [1562 bytes]","args":[{"selector":{"id":"application-manageresources-display-component---newResourceUnit--newRRUPage-anchBar-application-manageresources-display-component---newResourceUnit--resource-anchor","interaction":{"idSuffix":"BDI-content"}},"wdio_ui5_key":"applicationmanageresources-display-component---newResourceUnit--newRRUPage-anchBar-application-manageresources-display-component---newResourceUnit--resource-anchor"}]}
RESULT: {"script":"<script> [1562 bytes]","args":[{"selector":{"id":"application-manageresources-display-component---newResourceUnit--newRRUPage-anchBar-application-manageresources-display-component---newResourceUnit--resource-anchor","interaction":{"idSuffix":"BDI-content"}},"wdio_ui5_key":"applicationmanageresources-display-component---newResourceUnit--newRRUPage-anchBar-application-manageresources-display-component---newResourceUnit--resource-anchor"}]}
RESULT: undefined
COMMAND: POST /session/a5881d3eaca756d633e860ab0441a8d1/element - {"using":"xpath","value":"//*[@id=\"application-manageresources-display-component---newResourceUnit--newRRUPage-anchBar-application-manageresources-display-component---newResourceUnit--resource-anchor\"]"}
RESULT: {"using":"xpath","value":"//*[@id=\"application-manageresources-display-component---newResourceUnit--newRRUPage-anchBar-application-manageresources-display-component---newResourceUnit--resource-anchor\"]"}
COMMAND: POST /session/a5881d3eaca756d633e860ab0441a8d1/element/f.70EA98C12271B5C153327B12E8209453.d.F4A8B9569DF0C2F61393746C3405E029.e.3110/click - {}
RESULT: {}
COMMAND: POST /session/a5881d3eaca756d633e860ab0441a8d1/execute/async - {"script":"<script> [1562 bytes]","args":[{"selector":{"id":"application-manageresources-display-component---newResourceUnit--PLANNED_DELIVERY_DATE","interaction":{"idSuffix":"inner"}},"wdio_ui5_key":"applicationmanageresources-display-component---newResourceUnit--PLANNED_DELIVERY_DATE"}]}
COMMAND: GET /session/a5881d3eaca756d633e860ab0441a8d1/screenshot - {}
RESULT: {"script":"<script> [1562 bytes]","args":[{"selector":{"id":"application-manageresources-display-component---newResourceUnit--PLANNED_DELIVERY_DATE","interaction":{"idSuffix":"inner"}},"wdio_ui5_key":"applicationmanageresources-display-component---newResourceUnit--PLANNED_DELIVERY_DATE"}]}
RESULT: undefined
COMMAND: POST /session/a5881d3eaca756d633e860ab0441a8d1/execute/async - {"script":"<script> [6424 bytes]","args":[{"element-6066-11e4-a52e-4f735466cecf":"f.70EA98C12271B5C153327B12E8209453.d.F4A8B9569DF0C2F61393746C3405E029.e.2971"},"setValue",["4/30/25"]]}
RESULT: {}
RESULT: {"script":"<script> [6424 bytes]","args":[{"element-6066-11e4-a52e-4f735466cecf":"f.70EA98C12271B5C153327B12E8209453.d.F4A8B9569DF0C2F61393746C3405E029.e.2971"},"setValue",["4/30/25"]]}
COMMAND: POST /session/a5881d3eaca756d633e860ab0441a8d1/element - {"using":"xpath","value":"//button[@data-kt=\"resourceUnitSaveButton\"]"}
RESULT: {"using":"xpath","value":"//button[@data-kt=\"resourceUnitSaveButton\"]"}
COMMAND: POST /session/a5881d3eaca756d633e860ab0441a8d1/element/f.70EA98C12271B5C153327B12E8209453.d.F4A8B9569DF0C2F61393746C3405E029.e.2932/click - {}
RESULT: {}
COMMAND: GET /session/a5881d3eaca756d633e860ab0441a8d1/screenshot - {}
RESULT: {}
COMMAND: POST /session/a5881d3eaca756d633e860ab0441a8d1/element - {"using":"xpath","value":"//bdi[contains(text(), \"Close\")]"}
RESULT: {"using":"xpath","value":"//bdi[contains(text(), \"Close\")]"}
COMMAND: POST /session/a5881d3eaca756d633e860ab0441a8d1/element/f.70EA98C12271B5C153327B12E8209453.d.F4A8B9569DF0C2F61393746C3405E029.e.3120/click - {}
RESULT: {}
COMMAND: GET /session/a5881d3eaca756d633e860ab0441a8d1/screenshot - {}
RESULT: {}
COMMAND: POST /session/a5881d3eaca756d633e860ab0441a8d1/element - {"using":"xpath","value":"(//button[contains(@id ,\"actionsToolbar-overflowButton\")])[1]"}
RESULT: {"using":"xpath","value":"(//button[contains(@id ,\"actionsToolbar-overflowButton\")])[1]"}
COMMAND: POST /session/a5881d3eaca756d633e860ab0441a8d1/element/f.70EA98C12271B5C153327B12E8209453.d.F4A8B9569DF0C2F61393746C3405E029.e.3152/click - {}
RESULT: {}
COMMAND: GET /session/a5881d3eaca756d633e860ab0441a8d1/screenshot - {}
RESULT: {}
COMMAND: POST /session/a5881d3eaca756d633e860ab0441a8d1/element - {"using":"xpath","value":"//button[@data-kt=\"priceInfoButton\"]"}
RESULT: {"using":"xpath","value":"//button[@data-kt=\"priceInfoButton\"]"}
COMMAND: POST /session/a5881d3eaca756d633e860ab0441a8d1/element/f.70EA98C12271B5C153327B12E8209453.d.F4A8B9569DF0C2F61393746C3405E029.e.3154/click - {}
RESULT: {}
COMMAND: GET /session/a5881d3eaca756d633e860ab0441a8d1/screenshot - {}
RESULT: {}
]]></system-out>
    </testcase>
    <testcase classname="chrome.135_0_7049_96.windows.Billing_confirm_US117289" name="Should create new pricing rule" time="51.691">
      <system-out><![CDATA[
COMMAND: POST /session/a5881d3eaca756d633e860ab0441a8d1/element - {"using":"xpath","value":"//button[@data-kt=\"addButton\"]"}
RESULT: {"using":"xpath","value":"//button[@data-kt=\"addButton\"]"}
COMMAND: POST /session/a5881d3eaca756d633e860ab0441a8d1/elements - {"using":"xpath","value":"//button[@data-kt=\"addButton\"]"}
RESULT: {"using":"xpath","value":"//button[@data-kt=\"addButton\"]"}
COMMAND: POST /session/a5881d3eaca756d633e860ab0441a8d1/elements - {"using":"xpath","value":"//button[@data-kt=\"addButton\"]"}
RESULT: {"using":"xpath","value":"//button[@data-kt=\"addButton\"]"}
COMMAND: POST /session/a5881d3eaca756d633e860ab0441a8d1/element - {"using":"xpath","value":"//button[@data-kt=\"addButton\"]"}
RESULT: {"using":"xpath","value":"//button[@data-kt=\"addButton\"]"}
COMMAND: POST /session/a5881d3eaca756d633e860ab0441a8d1/execute/sync - {"script":"<script> [8489 bytes]","args":[{"element-6066-11e4-a52e-4f735466cecf":"f.70EA98C12271B5C153327B12E8209453.d.F4A8B9569DF0C2F61393746C3405E029.e.3191","ELEMENT":"f.70EA98C12271B5C153327B12E8209453.d.F4A8B9569DF0C2F61393746C3405E029.e.3191"}]}
RESULT: {"script":"<script> [8489 bytes]","args":[{"element-6066-11e4-a52e-4f735466cecf":"f.70EA98C12271B5C153327B12E8209453.d.F4A8B9569DF0C2F61393746C3405E029.e.3191","ELEMENT":"f.70EA98C12271B5C153327B12E8209453.d.F4A8B9569DF0C2F61393746C3405E029.e.3191"}]}
COMMAND: GET /session/a5881d3eaca756d633e860ab0441a8d1/element/f.70EA98C12271B5C153327B12E8209453.d.F4A8B9569DF0C2F61393746C3405E029.e.3191/enabled - {}
COMMAND: GET /session/a5881d3eaca756d633e860ab0441a8d1/screenshot - {}
RESULT: {}
COMMAND: POST /session/a5881d3eaca756d633e860ab0441a8d1/execute/sync - {"script":"<script> [8489 bytes]","args":[{"element-6066-11e4-a52e-4f735466cecf":"f.70EA98C12271B5C153327B12E8209453.d.F4A8B9569DF0C2F61393746C3405E029.e.3191","ELEMENT":"f.70EA98C12271B5C153327B12E8209453.d.F4A8B9569DF0C2F61393746C3405E029.e.3191"}]}
COMMAND: GET /session/a5881d3eaca756d633e860ab0441a8d1/screenshot - {}
RESULT: {}
RESULT: {"script":"<script> [8489 bytes]","args":[{"element-6066-11e4-a52e-4f735466cecf":"f.70EA98C12271B5C153327B12E8209453.d.F4A8B9569DF0C2F61393746C3405E029.e.3191","ELEMENT":"f.70EA98C12271B5C153327B12E8209453.d.F4A8B9569DF0C2F61393746C3405E029.e.3191"}]}
COMMAND: POST /session/a5881d3eaca756d633e860ab0441a8d1/execute/sync - {"script":"<script> [5351 bytes]","args":[{"element-6066-11e4-a52e-4f735466cecf":"f.70EA98C12271B5C153327B12E8209453.d.F4A8B9569DF0C2F61393746C3405E029.e.3191","ELEMENT":"f.70EA98C12271B5C153327B12E8209453.d.F4A8B9569DF0C2F61393746C3405E029.e.3191"}]}
COMMAND: GET /session/a5881d3eaca756d633e860ab0441a8d1/screenshot - {}
RESULT: {}
RESULT: {"script":"<script> [5351 bytes]","args":[{"element-6066-11e4-a52e-4f735466cecf":"f.70EA98C12271B5C153327B12E8209453.d.F4A8B9569DF0C2F61393746C3405E029.e.3191","ELEMENT":"f.70EA98C12271B5C153327B12E8209453.d.F4A8B9569DF0C2F61393746C3405E029.e.3191"}]}
COMMAND: POST /session/a5881d3eaca756d633e860ab0441a8d1/element/f.70EA98C12271B5C153327B12E8209453.d.F4A8B9569DF0C2F61393746C3405E029.e.3191/click - {}
COMMAND: GET /session/a5881d3eaca756d633e860ab0441a8d1/screenshot - {}
RESULT: {}
RESULT: {}
COMMAND: GET /session/a5881d3eaca756d633e860ab0441a8d1/screenshot - {}
RESULT: {}
RESULT: {}
COMMAND: POST /session/a5881d3eaca756d633e860ab0441a8d1/execute/async - {"script":"<script> [1562 bytes]","args":[{"selector":{"controlType":"sap.m.Title","viewName":"etm.portal.ui.managepricingrules.view.NewItem","viewId":"application-managepricingrules-display-component---newInfoPriceItem","properties":{"text":"New Pricing Rules - Item Level"}},"wdio_ui5_key":"etmportal.ui.managepricingrules.view.NewItemsap.m.Title{\"text\":\"New Pricing Rules - Item Level\"}"}]}
RESULT: {"script":"<script> [1562 bytes]","args":[{"selector":{"controlType":"sap.m.Title","viewName":"etm.portal.ui.managepricingrules.view.NewItem","viewId":"application-managepricingrules-display-component---newInfoPriceItem","properties":{"text":"New Pricing Rules - Item Level"}},"wdio_ui5_key":"etmportal.ui.managepricingrules.view.NewItemsap.m.Title{\"text\":\"New Pricing Rules - Item Level\"}"}]}
RESULT: undefined
COMMAND: POST /session/a5881d3eaca756d633e860ab0441a8d1/execute/async - {"script":"<script> [6424 bytes]","args":[{"element-6066-11e4-a52e-4f735466cecf":"f.70EA98C12271B5C153327B12E8209453.d.F4A8B9569DF0C2F61393746C3405E029.e.3366"},"getText",[]]}
RESULT: {"script":"<script> [6424 bytes]","args":[{"element-6066-11e4-a52e-4f735466cecf":"f.70EA98C12271B5C153327B12E8209453.d.F4A8B9569DF0C2F61393746C3405E029.e.3366"},"getText",[]]}
COMMAND: POST /session/a5881d3eaca756d633e860ab0441a8d1/execute/async - {"script":"<script> [1562 bytes]","args":[{"selector":{"id":"application-managepricingrules-display-component---newInfoPriceItem--condValidTo","interaction":{"idSuffix":"inner"}},"wdio_ui5_key":"applicationmanagepricingrules-display-component---newInfoPriceItem--condValidTo"}]}
RESULT: {"script":"<script> [1562 bytes]","args":[{"selector":{"id":"application-managepricingrules-display-component---newInfoPriceItem--condValidTo","interaction":{"idSuffix":"inner"}},"wdio_ui5_key":"applicationmanagepricingrules-display-component---newInfoPriceItem--condValidTo"}]}
RESULT: undefined
COMMAND: POST /session/a5881d3eaca756d633e860ab0441a8d1/execute/async - {"script":"<script> [776 bytes]","args":[{"enterText":"12/30/25","selector":{"id":"application-managepricingrules-display-component---newInfoPriceItem--condValidTo","interaction":{"idSuffix":"inner"}},"clearTextFirst":true,"interactionType":"ENTER_TEXT"}]}
RESULT: {"script":"<script> [776 bytes]","args":[{"enterText":"12/30/25","selector":{"id":"application-managepricingrules-display-component---newInfoPriceItem--condValidTo","interaction":{"idSuffix":"inner"}},"clearTextFirst":true,"interactionType":"ENTER_TEXT"}]}
COMMAND: POST /session/a5881d3eaca756d633e860ab0441a8d1/execute/async - {"script":"<script> [1562 bytes]","args":[{"selector":{"id":"application-managepricingrules-display-component---newInfoPriceItem--billType-arrow"},"wdio_ui5_key":"applicationmanagepricingrules-display-component---newInfoPriceItem--billType-arrow"}]}
RESULT: {"script":"<script> [1562 bytes]","args":[{"selector":{"id":"application-managepricingrules-display-component---newInfoPriceItem--billType-arrow"},"wdio_ui5_key":"applicationmanagepricingrules-display-component---newInfoPriceItem--billType-arrow"}]}
RESULT: undefined
COMMAND: POST /session/a5881d3eaca756d633e860ab0441a8d1/element - {"using":"xpath","value":"//*[@id=\"application-managepricingrules-display-component---newInfoPriceItem--billType-arrow\"]"}
RESULT: {"using":"xpath","value":"//*[@id=\"application-managepricingrules-display-component---newInfoPriceItem--billType-arrow\"]"}
COMMAND: POST /session/a5881d3eaca756d633e860ab0441a8d1/element/f.70EA98C12271B5C153327B12E8209453.d.F4A8B9569DF0C2F61393746C3405E029.e.3326/click - {}
RESULT: {}
COMMAND: POST /session/a5881d3eaca756d633e860ab0441a8d1/element - {"using":"xpath","value":"//span[contains(text(), \"TB - Time based\")]"}
COMMAND: GET /session/a5881d3eaca756d633e860ab0441a8d1/screenshot - {}
RESULT: {"using":"xpath","value":"//span[contains(text(), \"TB - Time based\")]"}
COMMAND: POST /session/a5881d3eaca756d633e860ab0441a8d1/element/f.70EA98C12271B5C153327B12E8209453.d.F4A8B9569DF0C2F61393746C3405E029.e.3368/click - {}
RESULT: {}
RESULT: {}
COMMAND: POST /session/a5881d3eaca756d633e860ab0441a8d1/execute/async - {"script":"<script> [1562 bytes]","args":[{"selector":{"id":"application-managepricingrules-display-component---newInfoPriceItem--priceProc-arrow"},"wdio_ui5_key":"applicationmanagepricingrules-display-component---newInfoPriceItem--priceProc-arrow"}]}
COMMAND: GET /session/a5881d3eaca756d633e860ab0441a8d1/screenshot - {}
RESULT: {"script":"<script> [1562 bytes]","args":[{"selector":{"id":"application-managepricingrules-display-component---newInfoPriceItem--priceProc-arrow"},"wdio_ui5_key":"applicationmanagepricingrules-display-component---newInfoPriceItem--priceProc-arrow"}]}
RESULT: undefined
COMMAND: POST /session/a5881d3eaca756d633e860ab0441a8d1/element - {"using":"xpath","value":"//*[@id=\"application-managepricingrules-display-component---newInfoPriceItem--priceProc-arrow\"]"}
RESULT: {}
RESULT: {"using":"xpath","value":"//*[@id=\"application-managepricingrules-display-component---newInfoPriceItem--priceProc-arrow\"]"}
COMMAND: POST /session/a5881d3eaca756d633e860ab0441a8d1/element/f.70EA98C12271B5C153327B12E8209453.d.F4A8B9569DF0C2F61393746C3405E029.e.3333/click - {}
RESULT: {}
COMMAND: POST /session/a5881d3eaca756d633e860ab0441a8d1/element - {"using":"xpath","value":"//span[contains(text(), \"TBS - Time based standard\")]"}
COMMAND: GET /session/a5881d3eaca756d633e860ab0441a8d1/screenshot - {}
RESULT: {"using":"xpath","value":"//span[contains(text(), \"TBS - Time based standard\")]"}
COMMAND: POST /session/a5881d3eaca756d633e860ab0441a8d1/element/f.70EA98C12271B5C153327B12E8209453.d.F4A8B9569DF0C2F61393746C3405E029.e.3369/click - {}
RESULT: {}
RESULT: {}
COMMAND: POST /session/a5881d3eaca756d633e860ab0441a8d1/execute/async - {"script":"<script> [1562 bytes]","args":[{"selector":{"id":"application-managepricingrules-display-component---newInfoPriceItem--calcBase-arrow"},"wdio_ui5_key":"applicationmanagepricingrules-display-component---newInfoPriceItem--calcBase-arrow"}]}
COMMAND: GET /session/a5881d3eaca756d633e860ab0441a8d1/screenshot - {}
RESULT: {"script":"<script> [1562 bytes]","args":[{"selector":{"id":"application-managepricingrules-display-component---newInfoPriceItem--calcBase-arrow"},"wdio_ui5_key":"applicationmanagepricingrules-display-component---newInfoPriceItem--calcBase-arrow"}]}
RESULT: undefined
COMMAND: POST /session/a5881d3eaca756d633e860ab0441a8d1/element - {"using":"xpath","value":"//*[@id=\"application-managepricingrules-display-component---newInfoPriceItem--calcBase-arrow\"]"}
RESULT: {}
RESULT: {"using":"xpath","value":"//*[@id=\"application-managepricingrules-display-component---newInfoPriceItem--calcBase-arrow\"]"}
COMMAND: POST /session/a5881d3eaca756d633e860ab0441a8d1/element/f.70EA98C12271B5C153327B12E8209453.d.F4A8B9569DF0C2F61393746C3405E029.e.3340/click - {}
RESULT: {}
COMMAND: GET /session/a5881d3eaca756d633e860ab0441a8d1/screenshot - {}
RESULT: {}
COMMAND: POST /session/a5881d3eaca756d633e860ab0441a8d1/element - {"using":"xpath","value":"//span[contains(text(), \"0006 - TB(calendar days)\")]"}
RESULT: {"using":"xpath","value":"//span[contains(text(), \"0006 - TB(calendar days)\")]"}
COMMAND: POST /session/a5881d3eaca756d633e860ab0441a8d1/element/f.70EA98C12271B5C153327B12E8209453.d.F4A8B9569DF0C2F61393746C3405E029.e.3370/click - {}
RESULT: {}
COMMAND: GET /session/a5881d3eaca756d633e860ab0441a8d1/screenshot - {}
RESULT: {}
COMMAND: POST /session/a5881d3eaca756d633e860ab0441a8d1/execute/async - {"script":"<script> [1562 bytes]","args":[{"selector":{"id":"application-managepricingrules-display-component---newInfoPriceItem--daysMonth","interaction":{"idSuffix":"inner"}},"wdio_ui5_key":"applicationmanagepricingrules-display-component---newInfoPriceItem--daysMonth"}]}
RESULT: {"script":"<script> [1562 bytes]","args":[{"selector":{"id":"application-managepricingrules-display-component---newInfoPriceItem--daysMonth","interaction":{"idSuffix":"inner"}},"wdio_ui5_key":"applicationmanagepricingrules-display-component---newInfoPriceItem--daysMonth"}]}
RESULT: undefined
COMMAND: POST /session/a5881d3eaca756d633e860ab0441a8d1/execute/async - {"script":"<script> [776 bytes]","args":[{"enterText":"30","selector":{"id":"application-managepricingrules-display-component---newInfoPriceItem--daysMonth","interaction":{"idSuffix":"inner"}},"clearTextFirst":true,"interactionType":"ENTER_TEXT"}]}
RESULT: {"script":"<script> [776 bytes]","args":[{"enterText":"30","selector":{"id":"application-managepricingrules-display-component---newInfoPriceItem--daysMonth","interaction":{"idSuffix":"inner"}},"clearTextFirst":true,"interactionType":"ENTER_TEXT"}]}
COMMAND: POST /session/a5881d3eaca756d633e860ab0441a8d1/element - {"using":"xpath","value":"//button[@data-kt=\"saveNewRuleButton\"]"}
RESULT: {"using":"xpath","value":"//button[@data-kt=\"saveNewRuleButton\"]"}
COMMAND: POST /session/a5881d3eaca756d633e860ab0441a8d1/element/f.70EA98C12271B5C153327B12E8209453.d.F4A8B9569DF0C2F61393746C3405E029.e.3360/click - {}
RESULT: {}
COMMAND: GET /session/a5881d3eaca756d633e860ab0441a8d1/screenshot - {}
RESULT: {}
COMMAND: POST /session/a5881d3eaca756d633e860ab0441a8d1/execute/async - {"script":"<script> [1562 bytes]","args":[{"selector":{"id":"application-managepricingrules-display-component---priceInfoItem--smartFilterBar-btnBasicSearch","interaction":{"idSuffix":"I"}},"wdio_ui5_key":"applicationmanagepricingrules-display-component---priceInfoItem--smartFilterBar-btnBasicSearch"}]}
RESULT: {"script":"<script> [1562 bytes]","args":[{"selector":{"id":"application-managepricingrules-display-component---priceInfoItem--smartFilterBar-btnBasicSearch","interaction":{"idSuffix":"I"}},"wdio_ui5_key":"applicationmanagepricingrules-display-component---priceInfoItem--smartFilterBar-btnBasicSearch"}]}
RESULT: undefined
COMMAND: POST /session/a5881d3eaca756d633e860ab0441a8d1/execute/async - {"script":"<script> [776 bytes]","args":[{"enterText":"K9uV9laxe2","selector":{"id":"application-managepricingrules-display-component---priceInfoItem--smartFilterBar-btnBasicSearch","interaction":{"idSuffix":"I"}},"clearTextFirst":true,"interactionType":"ENTER_TEXT"}]}
RESULT: {"script":"<script> [776 bytes]","args":[{"enterText":"K9uV9laxe2","selector":{"id":"application-managepricingrules-display-component---priceInfoItem--smartFilterBar-btnBasicSearch","interaction":{"idSuffix":"I"}},"clearTextFirst":true,"interactionType":"ENTER_TEXT"}]}
COMMAND: POST /session/a5881d3eaca756d633e860ab0441a8d1/actions - {"actions":[{"id":"action12","type":"key","parameters":{},"actions":[{"type":"keyDown","value":"î€‡"},{"type":"pause","duration":10},{"type":"keyUp","value":"î€‡"}]}]}
RESULT: {"actions":[{"id":"action12","type":"key","parameters":{},"actions":[{"type":"keyDown","value":"î€‡"},{"type":"pause","duration":10},{"type":"keyUp","value":"î€‡"}]}]}
COMMAND: GET /session/a5881d3eaca756d633e860ab0441a8d1/screenshot - {}
RESULT: {}
COMMAND: POST /session/a5881d3eaca756d633e860ab0441a8d1/element - {"using":"xpath","value":"//span[@id=\"application-managepricingrules-display-component---priceInfoItem--smartTable-header-inner\"]"}
RESULT: {"using":"xpath","value":"//span[@id=\"application-managepricingrules-display-component---priceInfoItem--smartTable-header-inner\"]"}
COMMAND: POST /session/a5881d3eaca756d633e860ab0441a8d1/elements - {"using":"xpath","value":"//span[@id=\"application-managepricingrules-display-component---priceInfoItem--smartTable-header-inner\"]"}
RESULT: {"using":"xpath","value":"//span[@id=\"application-managepricingrules-display-component---priceInfoItem--smartTable-header-inner\"]"}
COMMAND: POST /session/a5881d3eaca756d633e860ab0441a8d1/execute/sync - {"script":"<script> [56 bytes]","args":[{"element-6066-11e4-a52e-4f735466cecf":"f.70EA98C12271B5C153327B12E8209453.d.F4A8B9569DF0C2F61393746C3405E029.e.3394","ELEMENT":"f.70EA98C12271B5C153327B12E8209453.d.F4A8B9569DF0C2F61393746C3405E029.e.3394"}]}
RESULT: {"script":"<script> [56 bytes]","args":[{"element-6066-11e4-a52e-4f735466cecf":"f.70EA98C12271B5C153327B12E8209453.d.F4A8B9569DF0C2F61393746C3405E029.e.3394","ELEMENT":"f.70EA98C12271B5C153327B12E8209453.d.F4A8B9569DF0C2F61393746C3405E029.e.3394"}]}
COMMAND: POST /session/a5881d3eaca756d633e860ab0441a8d1/element - {"using":"css selector","value":"#shell-header-logo"}
COMMAND: GET /session/a5881d3eaca756d633e860ab0441a8d1/screenshot - {}
RESULT: {"using":"css selector","value":"#shell-header-logo"}
COMMAND: POST /session/a5881d3eaca756d633e860ab0441a8d1/element/f.70EA98C12271B5C153327B12E8209453.d.F4A8B9569DF0C2F61393746C3405E029.e.2520/click - {}
RESULT: {}
RESULT: {}
COMMAND: GET /session/a5881d3eaca756d633e860ab0441a8d1/screenshot - {}
RESULT: {}
]]></system-out>
    </testcase>
    <testcase classname="chrome.135_0_7049_96.windows.Billing_confirm_US117289" name="Should create new condition for equipment" time="63.662">
      <system-out><![CDATA[
COMMAND: POST /session/a5881d3eaca756d633e860ab0441a8d1/execute/async - {"script":"<script> [1562 bytes]","args":[{"selector":{"controlType":"sap.m.Text","properties":{"text":"Manage Conditions & Prices"},"interaction":{"idSuffix":"inner"}},"wdio_ui5_key":"sapm.Text{\"text\":\"Manage Conditions & Prices\"}"}]}
RESULT: {"script":"<script> [1562 bytes]","args":[{"selector":{"controlType":"sap.m.Text","properties":{"text":"Manage Conditions & Prices"},"interaction":{"idSuffix":"inner"}},"wdio_ui5_key":"sapm.Text{\"text\":\"Manage Conditions & Prices\"}"}]}
RESULT: undefined
COMMAND: POST /session/a5881d3eaca756d633e860ab0441a8d1/element - {"using":"xpath","value":"//*[@id=\"__tile53-title\"]"}
RESULT: {"using":"xpath","value":"//*[@id=\"__tile53-title\"]"}
COMMAND: POST /session/a5881d3eaca756d633e860ab0441a8d1/element/f.70EA98C12271B5C153327B12E8209453.d.F4A8B9569DF0C2F61393746C3405E029.e.3397/click - {}
RESULT: {}
COMMAND: POST /session/a5881d3eaca756d633e860ab0441a8d1/element - {"using":"xpath","value":"//button[@aria-label=\"Create\"]"}
COMMAND: GET /session/a5881d3eaca756d633e860ab0441a8d1/screenshot - {}
RESULT: {"using":"xpath","value":"//button[@aria-label=\"Create\"]"}
COMMAND: POST /session/a5881d3eaca756d633e860ab0441a8d1/elements - {"using":"xpath","value":"//button[@aria-label=\"Create\"]"}
RESULT: {}
RESULT: {"using":"xpath","value":"//button[@aria-label=\"Create\"]"}
COMMAND: POST /session/a5881d3eaca756d633e860ab0441a8d1/elements - {"using":"xpath","value":"//button[@aria-label=\"Create\"]"}
RESULT: {"using":"xpath","value":"//button[@aria-label=\"Create\"]"}
COMMAND: POST /session/a5881d3eaca756d633e860ab0441a8d1/elements - {"using":"xpath","value":"//button[@aria-label=\"Create\"]"}
RESULT: {"using":"xpath","value":"//button[@aria-label=\"Create\"]"}
COMMAND: POST /session/a5881d3eaca756d633e860ab0441a8d1/elements - {"using":"xpath","value":"//button[@aria-label=\"Create\"]"}
RESULT: {"using":"xpath","value":"//button[@aria-label=\"Create\"]"}
COMMAND: POST /session/a5881d3eaca756d633e860ab0441a8d1/elements - {"using":"xpath","value":"//button[@aria-label=\"Create\"]"}
RESULT: {"using":"xpath","value":"//button[@aria-label=\"Create\"]"}
COMMAND: POST /session/a5881d3eaca756d633e860ab0441a8d1/elements - {"using":"xpath","value":"//button[@aria-label=\"Create\"]"}
RESULT: {"using":"xpath","value":"//button[@aria-label=\"Create\"]"}
COMMAND: POST /session/a5881d3eaca756d633e860ab0441a8d1/elements - {"using":"xpath","value":"//button[@aria-label=\"Create\"]"}
RESULT: {"using":"xpath","value":"//button[@aria-label=\"Create\"]"}
COMMAND: POST /session/a5881d3eaca756d633e860ab0441a8d1/elements - {"using":"xpath","value":"//button[@aria-label=\"Create\"]"}
RESULT: {"using":"xpath","value":"//button[@aria-label=\"Create\"]"}
COMMAND: POST /session/a5881d3eaca756d633e860ab0441a8d1/elements - {"using":"xpath","value":"//button[@aria-label=\"Create\"]"}
RESULT: {"using":"xpath","value":"//button[@aria-label=\"Create\"]"}
COMMAND: POST /session/a5881d3eaca756d633e860ab0441a8d1/element - {"using":"xpath","value":"//button[@aria-label=\"Create\"]"}
RESULT: {"using":"xpath","value":"//button[@aria-label=\"Create\"]"}
COMMAND: POST /session/a5881d3eaca756d633e860ab0441a8d1/execute/sync - {"script":"<script> [8489 bytes]","args":[{"element-6066-11e4-a52e-4f735466cecf":"f.70EA98C12271B5C153327B12E8209453.d.F4A8B9569DF0C2F61393746C3405E029.e.3436","ELEMENT":"f.70EA98C12271B5C153327B12E8209453.d.F4A8B9569DF0C2F61393746C3405E029.e.3436"}]}
RESULT: {"script":"<script> [8489 bytes]","args":[{"element-6066-11e4-a52e-4f735466cecf":"f.70EA98C12271B5C153327B12E8209453.d.F4A8B9569DF0C2F61393746C3405E029.e.3436","ELEMENT":"f.70EA98C12271B5C153327B12E8209453.d.F4A8B9569DF0C2F61393746C3405E029.e.3436"}]}
COMMAND: GET /session/a5881d3eaca756d633e860ab0441a8d1/element/f.70EA98C12271B5C153327B12E8209453.d.F4A8B9569DF0C2F61393746C3405E029.e.3436/enabled - {}
COMMAND: GET /session/a5881d3eaca756d633e860ab0441a8d1/screenshot - {}
RESULT: {}
COMMAND: POST /session/a5881d3eaca756d633e860ab0441a8d1/execute/sync - {"script":"<script> [8489 bytes]","args":[{"element-6066-11e4-a52e-4f735466cecf":"f.70EA98C12271B5C153327B12E8209453.d.F4A8B9569DF0C2F61393746C3405E029.e.3436","ELEMENT":"f.70EA98C12271B5C153327B12E8209453.d.F4A8B9569DF0C2F61393746C3405E029.e.3436"}]}
COMMAND: GET /session/a5881d3eaca756d633e860ab0441a8d1/screenshot - {}
RESULT: {}
RESULT: {"script":"<script> [8489 bytes]","args":[{"element-6066-11e4-a52e-4f735466cecf":"f.70EA98C12271B5C153327B12E8209453.d.F4A8B9569DF0C2F61393746C3405E029.e.3436","ELEMENT":"f.70EA98C12271B5C153327B12E8209453.d.F4A8B9569DF0C2F61393746C3405E029.e.3436"}]}
COMMAND: POST /session/a5881d3eaca756d633e860ab0441a8d1/execute/sync - {"script":"<script> [5351 bytes]","args":[{"element-6066-11e4-a52e-4f735466cecf":"f.70EA98C12271B5C153327B12E8209453.d.F4A8B9569DF0C2F61393746C3405E029.e.3436","ELEMENT":"f.70EA98C12271B5C153327B12E8209453.d.F4A8B9569DF0C2F61393746C3405E029.e.3436"}]}
COMMAND: GET /session/a5881d3eaca756d633e860ab0441a8d1/screenshot - {}
RESULT: {}
RESULT: {"script":"<script> [5351 bytes]","args":[{"element-6066-11e4-a52e-4f735466cecf":"f.70EA98C12271B5C153327B12E8209453.d.F4A8B9569DF0C2F61393746C3405E029.e.3436","ELEMENT":"f.70EA98C12271B5C153327B12E8209453.d.F4A8B9569DF0C2F61393746C3405E029.e.3436"}]}
COMMAND: POST /session/a5881d3eaca756d633e860ab0441a8d1/element/f.70EA98C12271B5C153327B12E8209453.d.F4A8B9569DF0C2F61393746C3405E029.e.3436/click - {}
COMMAND: GET /session/a5881d3eaca756d633e860ab0441a8d1/screenshot - {}
RESULT: {}
RESULT: {}
COMMAND: GET /session/a5881d3eaca756d633e860ab0441a8d1/screenshot - {}
RESULT: {}
RESULT: {}
COMMAND: POST /session/a5881d3eaca756d633e860ab0441a8d1/actions - {"actions":[{"id":"action13","type":"key","parameters":{},"actions":[{"type":"keyDown","value":"î€‡"},{"type":"pause","duration":10},{"type":"keyUp","value":"î€‡"}]}]}
RESULT: {"actions":[{"id":"action13","type":"key","parameters":{},"actions":[{"type":"keyDown","value":"î€‡"},{"type":"pause","duration":10},{"type":"keyUp","value":"î€‡"}]}]}
COMMAND: GET /session/a5881d3eaca756d633e860ab0441a8d1/screenshot - {}
RESULT: {}
COMMAND: POST /session/a5881d3eaca756d633e860ab0441a8d1/execute/async - {"script":"<script> [1562 bytes]","args":[{"selector":{"id":"application-manageconditionprice-display-component---newCondition--condBillCond-arrow"},"wdio_ui5_key":"applicationmanageconditionprice-display-component---newCondition--condBillCond-arrow"}]}
RESULT: {"script":"<script> [1562 bytes]","args":[{"selector":{"id":"application-manageconditionprice-display-component---newCondition--condBillCond-arrow"},"wdio_ui5_key":"applicationmanageconditionprice-display-component---newCondition--condBillCond-arrow"}]}
RESULT: undefined
COMMAND: POST /session/a5881d3eaca756d633e860ab0441a8d1/element - {"using":"xpath","value":"//*[@id=\"application-manageconditionprice-display-component---newCondition--condBillCond-arrow\"]"}
RESULT: {"using":"xpath","value":"//*[@id=\"application-manageconditionprice-display-component---newCondition--condBillCond-arrow\"]"}
COMMAND: POST /session/a5881d3eaca756d633e860ab0441a8d1/element/f.70EA98C12271B5C153327B12E8209453.d.F4A8B9569DF0C2F61393746C3405E029.e.3643/click - {}
RESULT: {}
COMMAND: GET /session/a5881d3eaca756d633e860ab0441a8d1/screenshot - {}
RESULT: {}
COMMAND: POST /session/a5881d3eaca756d633e860ab0441a8d1/element - {"using":"xpath","value":"//li[.//span[contains(text(), \"DISP - D&I special price\")]]"}
RESULT: {"using":"xpath","value":"//li[.//span[contains(text(), \"DISP - D&I special price\")]]"}
COMMAND: POST /session/a5881d3eaca756d633e860ab0441a8d1/element/f.70EA98C12271B5C153327B12E8209453.d.F4A8B9569DF0C2F61393746C3405E029.e.3647/click - {}
RESULT: {}
COMMAND: GET /session/a5881d3eaca756d633e860ab0441a8d1/screenshot - {}
RESULT: {}
COMMAND: POST /session/a5881d3eaca756d633e860ab0441a8d1/execute/async - {"script":"<script> [1562 bytes]","args":[{"selector":{"id":"application-manageconditionprice-display-component---newCondition--condValidTo","interaction":{"idSuffix":"inner"}},"wdio_ui5_key":"applicationmanageconditionprice-display-component---newCondition--condValidTo"}]}
RESULT: {"script":"<script> [1562 bytes]","args":[{"selector":{"id":"application-manageconditionprice-display-component---newCondition--condValidTo","interaction":{"idSuffix":"inner"}},"wdio_ui5_key":"applicationmanageconditionprice-display-component---newCondition--condValidTo"}]}
RESULT: undefined
COMMAND: POST /session/a5881d3eaca756d633e860ab0441a8d1/execute/async - {"script":"<script> [776 bytes]","args":[{"enterText":"12/30/25","selector":{"id":"application-manageconditionprice-display-component---newCondition--condValidTo","interaction":{"idSuffix":"inner"}},"clearTextFirst":true,"interactionType":"ENTER_TEXT"}]}
RESULT: {"script":"<script> [776 bytes]","args":[{"enterText":"12/30/25","selector":{"id":"application-manageconditionprice-display-component---newCondition--condValidTo","interaction":{"idSuffix":"inner"}},"clearTextFirst":true,"interactionType":"ENTER_TEXT"}]}
COMMAND: POST /session/a5881d3eaca756d633e860ab0441a8d1/element - {"using":"xpath","value":"//input[@id=\"application-manageconditionprice-display-component---newCondition--condRU-inner\"]"}
RESULT: {"using":"xpath","value":"//input[@id=\"application-manageconditionprice-display-component---newCondition--condRU-inner\"]"}
COMMAND: POST /session/a5881d3eaca756d633e860ab0441a8d1/element/f.70EA98C12271B5C153327B12E8209453.d.F4A8B9569DF0C2F61393746C3405E029.e.3511/clear - {}
RESULT: {}
COMMAND: POST /session/a5881d3eaca756d633e860ab0441a8d1/element/f.70EA98C12271B5C153327B12E8209453.d.F4A8B9569DF0C2F61393746C3405E029.e.3511/value - {"text":"K9uV9laxe2"}
COMMAND: GET /session/a5881d3eaca756d633e860ab0441a8d1/screenshot - {}
RESULT: {"text":"K9uV9laxe2"}
COMMAND: GET /session/a5881d3eaca756d633e860ab0441a8d1/screenshot - {}
RESULT: {}
RESULT: {}
COMMAND: POST /session/a5881d3eaca756d633e860ab0441a8d1/actions - {"actions":[{"id":"action14","type":"key","parameters":{},"actions":[{"type":"keyDown","value":"î€‡"},{"type":"pause","duration":10},{"type":"keyUp","value":"î€‡"}]}]}
RESULT: {"actions":[{"id":"action14","type":"key","parameters":{},"actions":[{"type":"keyDown","value":"î€‡"},{"type":"pause","duration":10},{"type":"keyUp","value":"î€‡"}]}]}
COMMAND: POST /session/a5881d3eaca756d633e860ab0441a8d1/execute/async - {"script":"<script> [1562 bytes]","args":[{"selector":{"id":"application-manageconditionprice-display-component---newCondition--condBaseQty","interaction":{"idSuffix":"inner"}},"wdio_ui5_key":"applicationmanageconditionprice-display-component---newCondition--condBaseQty"}]}
COMMAND: GET /session/a5881d3eaca756d633e860ab0441a8d1/screenshot - {}
RESULT: {"script":"<script> [1562 bytes]","args":[{"selector":{"id":"application-manageconditionprice-display-component---newCondition--condBaseQty","interaction":{"idSuffix":"inner"}},"wdio_ui5_key":"applicationmanageconditionprice-display-component---newCondition--condBaseQty"}]}
RESULT: undefined
COMMAND: POST /session/a5881d3eaca756d633e860ab0441a8d1/execute/async - {"script":"<script> [776 bytes]","args":[{"enterText":"1","selector":{"id":"application-manageconditionprice-display-component---newCondition--condBaseQty","interaction":{"idSuffix":"inner"}},"clearTextFirst":true,"interactionType":"ENTER_TEXT"}]}
RESULT: {}
RESULT: {"script":"<script> [776 bytes]","args":[{"enterText":"1","selector":{"id":"application-manageconditionprice-display-component---newCondition--condBaseQty","interaction":{"idSuffix":"inner"}},"clearTextFirst":true,"interactionType":"ENTER_TEXT"}]}
COMMAND: POST /session/a5881d3eaca756d633e860ab0441a8d1/execute/async - {"script":"<script> [1562 bytes]","args":[{"selector":{"id":"application-manageconditionprice-display-component---newCondition--condValue","interaction":{"idSuffix":"inner"}},"wdio_ui5_key":"applicationmanageconditionprice-display-component---newCondition--condValue"}]}
RESULT: {"script":"<script> [1562 bytes]","args":[{"selector":{"id":"application-manageconditionprice-display-component---newCondition--condValue","interaction":{"idSuffix":"inner"}},"wdio_ui5_key":"applicationmanageconditionprice-display-component---newCondition--condValue"}]}
RESULT: undefined
COMMAND: POST /session/a5881d3eaca756d633e860ab0441a8d1/execute/async - {"script":"<script> [776 bytes]","args":[{"enterText":"100","selector":{"id":"application-manageconditionprice-display-component---newCondition--condValue","interaction":{"idSuffix":"inner"}},"clearTextFirst":true,"interactionType":"ENTER_TEXT"}]}
RESULT: {"script":"<script> [776 bytes]","args":[{"enterText":"100","selector":{"id":"application-manageconditionprice-display-component---newCondition--condValue","interaction":{"idSuffix":"inner"}},"clearTextFirst":true,"interactionType":"ENTER_TEXT"}]}
COMMAND: POST /session/a5881d3eaca756d633e860ab0441a8d1/execute/async - {"script":"<script> [1562 bytes]","args":[{"selector":{"id":"application-manageconditionprice-display-component---newCondition--condCurr-arrow"},"wdio_ui5_key":"applicationmanageconditionprice-display-component---newCondition--condCurr-arrow"}]}
RESULT: {"script":"<script> [1562 bytes]","args":[{"selector":{"id":"application-manageconditionprice-display-component---newCondition--condCurr-arrow"},"wdio_ui5_key":"applicationmanageconditionprice-display-component---newCondition--condCurr-arrow"}]}
RESULT: undefined
COMMAND: POST /session/a5881d3eaca756d633e860ab0441a8d1/element - {"using":"xpath","value":"//*[@id=\"application-manageconditionprice-display-component---newCondition--condCurr-arrow\"]"}
RESULT: {"using":"xpath","value":"//*[@id=\"application-manageconditionprice-display-component---newCondition--condCurr-arrow\"]"}
COMMAND: POST /session/a5881d3eaca756d633e860ab0441a8d1/element/f.70EA98C12271B5C153327B12E8209453.d.F4A8B9569DF0C2F61393746C3405E029.e.3614/click - {}
RESULT: {}
COMMAND: POST /session/a5881d3eaca756d633e860ab0441a8d1/element - {"using":"xpath","value":"//span[contains(text(), \"Euro\")]"}
COMMAND: GET /session/a5881d3eaca756d633e860ab0441a8d1/screenshot - {}
RESULT: {"using":"xpath","value":"//span[contains(text(), \"Euro\")]"}
COMMAND: POST /session/a5881d3eaca756d633e860ab0441a8d1/element/f.70EA98C12271B5C153327B12E8209453.d.F4A8B9569DF0C2F61393746C3405E029.e.3684/click - {}
RESULT: {}
RESULT: {}
COMMAND: POST /session/a5881d3eaca756d633e860ab0441a8d1/element - {"using":"xpath","value":"//button[@data-kt=\"saveButton\"]"}
COMMAND: GET /session/a5881d3eaca756d633e860ab0441a8d1/screenshot - {}
RESULT: {"using":"xpath","value":"//button[@data-kt=\"saveButton\"]"}
COMMAND: POST /session/a5881d3eaca756d633e860ab0441a8d1/element/f.70EA98C12271B5C153327B12E8209453.d.F4A8B9569DF0C2F61393746C3405E029.e.3615/click - {}
RESULT: {}
RESULT: {}
COMMAND: GET /session/a5881d3eaca756d633e860ab0441a8d1/screenshot - {}
RESULT: {}
COMMAND: POST /session/a5881d3eaca756d633e860ab0441a8d1/execute/async - {"script":"<script> [1562 bytes]","args":[{"selector":{"id":"application-manageconditionprice-display-component---conditions--smartFilterBar-btnBasicSearch","interaction":{"idSuffix":"I"}},"wdio_ui5_key":"applicationmanageconditionprice-display-component---conditions--smartFilterBar-btnBasicSearch"}]}
RESULT: {"script":"<script> [1562 bytes]","args":[{"selector":{"id":"application-manageconditionprice-display-component---conditions--smartFilterBar-btnBasicSearch","interaction":{"idSuffix":"I"}},"wdio_ui5_key":"applicationmanageconditionprice-display-component---conditions--smartFilterBar-btnBasicSearch"}]}
RESULT: undefined
COMMAND: POST /session/a5881d3eaca756d633e860ab0441a8d1/execute/async - {"script":"<script> [776 bytes]","args":[{"enterText":"K9uV9laxe2","selector":{"id":"application-manageconditionprice-display-component---conditions--smartFilterBar-btnBasicSearch","interaction":{"idSuffix":"I"}},"clearTextFirst":true,"interactionType":"ENTER_TEXT"}]}
RESULT: {"script":"<script> [776 bytes]","args":[{"enterText":"K9uV9laxe2","selector":{"id":"application-manageconditionprice-display-component---conditions--smartFilterBar-btnBasicSearch","interaction":{"idSuffix":"I"}},"clearTextFirst":true,"interactionType":"ENTER_TEXT"}]}
COMMAND: POST /session/a5881d3eaca756d633e860ab0441a8d1/actions - {"actions":[{"id":"action15","type":"key","parameters":{},"actions":[{"type":"keyDown","value":"î€‡"},{"type":"pause","duration":10},{"type":"keyUp","value":"î€‡"}]}]}
RESULT: {"actions":[{"id":"action15","type":"key","parameters":{},"actions":[{"type":"keyDown","value":"î€‡"},{"type":"pause","duration":10},{"type":"keyUp","value":"î€‡"}]}]}
COMMAND: GET /session/a5881d3eaca756d633e860ab0441a8d1/screenshot - {}
RESULT: {}
COMMAND: POST /session/a5881d3eaca756d633e860ab0441a8d1/execute/async - {"script":"<script> [1562 bytes]","args":[{"selector":{"id":"application-manageconditionprice-display-component---conditions--smartFilterBar-filterItemControl_BASIC-BILL_TYPES-vhi"},"wdio_ui5_key":"applicationmanageconditionprice-display-component---conditions--smartFilterBar-filterItemControl_BASIC-BILL_TYPES-vhi"}]}
RESULT: {"script":"<script> [1562 bytes]","args":[{"selector":{"id":"application-manageconditionprice-display-component---conditions--smartFilterBar-filterItemControl_BASIC-BILL_TYPES-vhi"},"wdio_ui5_key":"applicationmanageconditionprice-display-component---conditions--smartFilterBar-filterItemControl_BASIC-BILL_TYPES-vhi"}]}
RESULT: undefined
COMMAND: POST /session/a5881d3eaca756d633e860ab0441a8d1/element - {"using":"xpath","value":"//*[@id=\"application-manageconditionprice-display-component---conditions--smartFilterBar-filterItemControl_BASIC-BILL_TYPES-vhi\"]"}
RESULT: {"using":"xpath","value":"//*[@id=\"application-manageconditionprice-display-component---conditions--smartFilterBar-filterItemControl_BASIC-BILL_TYPES-vhi\"]"}
COMMAND: POST /session/a5881d3eaca756d633e860ab0441a8d1/element/f.70EA98C12271B5C153327B12E8209453.d.F4A8B9569DF0C2F61393746C3405E029.e.3701/click - {}
RESULT: {}
COMMAND: POST /session/a5881d3eaca756d633e860ab0441a8d1/execute/async - {"script":"<script> [1562 bytes]","args":[{"selector":{"id":"application-manageconditionprice-display-component---conditions--smartFilterBar-filterItemControl_BASIC-BILL_TYPES-valueHelpDialog-smartFilterBar-btnBasicSearch","searchOpenDialogs":true,"interaction":{"idSuffix":"I"}},"wdio_ui5_key":"applicationmanageconditionprice-display-component---conditions--smartFilterBar-filterItemControl_BASIC-BILL_TYPES-valueHelpDialog-smartFilterBar-btnBasicSearch"}]}
COMMAND: GET /session/a5881d3eaca756d633e860ab0441a8d1/screenshot - {}
RESULT: {"script":"<script> [1562 bytes]","args":[{"selector":{"id":"application-manageconditionprice-display-component---conditions--smartFilterBar-filterItemControl_BASIC-BILL_TYPES-valueHelpDialog-smartFilterBar-btnBasicSearch","searchOpenDialogs":true,"interaction":{"idSuffix":"I"}},"wdio_ui5_key":"applicationmanageconditionprice-display-component---conditions--smartFilterBar-filterItemControl_BASIC-BILL_TYPES-valueHelpDialog-smartFilterBar-btnBasicSearch"}]}
RESULT: undefined
COMMAND: POST /session/a5881d3eaca756d633e860ab0441a8d1/execute/async - {"script":"<script> [776 bytes]","args":[{"enterText":"TB","selector":{"id":"application-manageconditionprice-display-component---conditions--smartFilterBar-filterItemControl_BASIC-BILL_TYPES-valueHelpDialog-smartFilterBar-btnBasicSearch","searchOpenDialogs":true,"interaction":{"idSuffix":"I"}},"clearTextFirst":true,"interactionType":"ENTER_TEXT"}]}
RESULT: {}
RESULT: {"script":"<script> [776 bytes]","args":[{"enterText":"TB","selector":{"id":"application-manageconditionprice-display-component---conditions--smartFilterBar-filterItemControl_BASIC-BILL_TYPES-valueHelpDialog-smartFilterBar-btnBasicSearch","searchOpenDialogs":true,"interaction":{"idSuffix":"I"}},"clearTextFirst":true,"interactionType":"ENTER_TEXT"}]}
COMMAND: POST /session/a5881d3eaca756d633e860ab0441a8d1/actions - {"actions":[{"id":"action16","type":"key","parameters":{},"actions":[{"type":"keyDown","value":"î€‡"},{"type":"pause","duration":10},{"type":"keyUp","value":"î€‡"}]}]}
RESULT: {"actions":[{"id":"action16","type":"key","parameters":{},"actions":[{"type":"keyDown","value":"î€‡"},{"type":"pause","duration":10},{"type":"keyUp","value":"î€‡"}]}]}
COMMAND: GET /session/a5881d3eaca756d633e860ab0441a8d1/screenshot - {}
RESULT: {}
COMMAND: POST /session/a5881d3eaca756d633e860ab0441a8d1/element - {"using":"xpath","value":"//div[contains(@id, 'application-manageconditionprice-display-component---conditions--smartFilterBar-filterItemControl_BASIC-BILL_TYPES-valueHelpDialog-table-rowsel0')]"}
RESULT: {"using":"xpath","value":"//div[contains(@id, 'application-manageconditionprice-display-component---conditions--smartFilterBar-filterItemControl_BASIC-BILL_TYPES-valueHelpDialog-table-rowsel0')]"}
COMMAND: POST /session/a5881d3eaca756d633e860ab0441a8d1/element/f.70EA98C12271B5C153327B12E8209453.d.F4A8B9569DF0C2F61393746C3405E029.e.3710/click - {}
RESULT: {}
COMMAND: GET /session/a5881d3eaca756d633e860ab0441a8d1/screenshot - {}
RESULT: {}
COMMAND: POST /session/a5881d3eaca756d633e860ab0441a8d1/element - {"using":"xpath","value":"//bdi[contains(text(), \"OK\")]"}
RESULT: {"using":"xpath","value":"//bdi[contains(text(), \"OK\")]"}
COMMAND: POST /session/a5881d3eaca756d633e860ab0441a8d1/element/f.70EA98C12271B5C153327B12E8209453.d.F4A8B9569DF0C2F61393746C3405E029.e.3712/click - {}
RESULT: {}
COMMAND: GET /session/a5881d3eaca756d633e860ab0441a8d1/screenshot - {}
RESULT: {}
COMMAND: POST /session/a5881d3eaca756d633e860ab0441a8d1/element - {"using":"xpath","value":"//span[@id=\"application-manageconditionprice-display-component---conditions--smartTable-header-inner\"]"}
RESULT: {"using":"xpath","value":"//span[@id=\"application-manageconditionprice-display-component---conditions--smartTable-header-inner\"]"}
COMMAND: POST /session/a5881d3eaca756d633e860ab0441a8d1/elements - {"using":"xpath","value":"//span[@id=\"application-manageconditionprice-display-component---conditions--smartTable-header-inner\"]"}
RESULT: {"using":"xpath","value":"//span[@id=\"application-manageconditionprice-display-component---conditions--smartTable-header-inner\"]"}
COMMAND: POST /session/a5881d3eaca756d633e860ab0441a8d1/execute/sync - {"script":"<script> [56 bytes]","args":[{"element-6066-11e4-a52e-4f735466cecf":"f.70EA98C12271B5C153327B12E8209453.d.F4A8B9569DF0C2F61393746C3405E029.e.3715","ELEMENT":"f.70EA98C12271B5C153327B12E8209453.d.F4A8B9569DF0C2F61393746C3405E029.e.3715"}]}
RESULT: {"script":"<script> [56 bytes]","args":[{"element-6066-11e4-a52e-4f735466cecf":"f.70EA98C12271B5C153327B12E8209453.d.F4A8B9569DF0C2F61393746C3405E029.e.3715","ELEMENT":"f.70EA98C12271B5C153327B12E8209453.d.F4A8B9569DF0C2F61393746C3405E029.e.3715"}]}
COMMAND: POST /session/a5881d3eaca756d633e860ab0441a8d1/element - {"using":"css selector","value":"#shell-header-logo"}
COMMAND: GET /session/a5881d3eaca756d633e860ab0441a8d1/screenshot - {}
RESULT: {"using":"css selector","value":"#shell-header-logo"}
COMMAND: POST /session/a5881d3eaca756d633e860ab0441a8d1/element/f.70EA98C12271B5C153327B12E8209453.d.F4A8B9569DF0C2F61393746C3405E029.e.3399/click - {}
RESULT: {}
RESULT: {}
COMMAND: GET /session/a5881d3eaca756d633e860ab0441a8d1/screenshot - {}
RESULT: {}
]]></system-out>
    </testcase>
    <testcase classname="chrome.135_0_7049_96.windows.Billing_confirm_US117289" name="Should do a stock increase" time="80.008">
      <system-out><![CDATA[
COMMAND: POST /session/a5881d3eaca756d633e860ab0441a8d1/execute/async - {"script":"<script> [1562 bytes]","args":[{"selector":{"controlType":"sap.m.Text","viewName":"etm.portal.ui.managehandoverstile.view.Master","properties":{"text":"Manage Handovers"},"interaction":{"idSuffix":"inner"}},"wdio_ui5_key":"etmportal.ui.managehandoverstile.view.Mastersap.m.Text{\"text\":\"Manage Handovers\"}"}]}
RESULT: {"script":"<script> [1562 bytes]","args":[{"selector":{"controlType":"sap.m.Text","viewName":"etm.portal.ui.managehandoverstile.view.Master","properties":{"text":"Manage Handovers"},"interaction":{"idSuffix":"inner"}},"wdio_ui5_key":"etmportal.ui.managehandoverstile.view.Mastersap.m.Text{\"text\":\"Manage Handovers\"}"}]}
RESULT: undefined
COMMAND: POST /session/a5881d3eaca756d633e860ab0441a8d1/element - {"using":"xpath","value":"//*[@id=\"__tile131-title\"]"}
RESULT: {"using":"xpath","value":"//*[@id=\"__tile131-title\"]"}
COMMAND: POST /session/a5881d3eaca756d633e860ab0441a8d1/element/f.70EA98C12271B5C153327B12E8209453.d.F4A8B9569DF0C2F61393746C3405E029.e.3720/click - {}
RESULT: {}
COMMAND: POST /session/a5881d3eaca756d633e860ab0441a8d1/element - {"using":"xpath","value":"//button[@data-kt=\"masterHOAddButton\"]"}
COMMAND: GET /session/a5881d3eaca756d633e860ab0441a8d1/screenshot - {}
RESULT: {"using":"xpath","value":"//button[@data-kt=\"masterHOAddButton\"]"}
COMMAND: POST /session/a5881d3eaca756d633e860ab0441a8d1/elements - {"using":"xpath","value":"//button[@data-kt=\"masterHOAddButton\"]"}
RESULT: {}
RESULT: {"using":"xpath","value":"//button[@data-kt=\"masterHOAddButton\"]"}
COMMAND: POST /session/a5881d3eaca756d633e860ab0441a8d1/elements - {"using":"xpath","value":"//button[@data-kt=\"masterHOAddButton\"]"}
RESULT: {"using":"xpath","value":"//button[@data-kt=\"masterHOAddButton\"]"}
COMMAND: POST /session/a5881d3eaca756d633e860ab0441a8d1/elements - {"using":"xpath","value":"//button[@data-kt=\"masterHOAddButton\"]"}
RESULT: {"using":"xpath","value":"//button[@data-kt=\"masterHOAddButton\"]"}
COMMAND: POST /session/a5881d3eaca756d633e860ab0441a8d1/elements - {"using":"xpath","value":"//button[@data-kt=\"masterHOAddButton\"]"}
RESULT: {"using":"xpath","value":"//button[@data-kt=\"masterHOAddButton\"]"}
COMMAND: POST /session/a5881d3eaca756d633e860ab0441a8d1/elements - {"using":"xpath","value":"//button[@data-kt=\"masterHOAddButton\"]"}
RESULT: {"using":"xpath","value":"//button[@data-kt=\"masterHOAddButton\"]"}
COMMAND: POST /session/a5881d3eaca756d633e860ab0441a8d1/element - {"using":"xpath","value":"//button[@data-kt=\"masterHOAddButton\"]"}
RESULT: {"using":"xpath","value":"//button[@data-kt=\"masterHOAddButton\"]"}
COMMAND: POST /session/a5881d3eaca756d633e860ab0441a8d1/execute/sync - {"script":"<script> [8489 bytes]","args":[{"element-6066-11e4-a52e-4f735466cecf":"f.70EA98C12271B5C153327B12E8209453.d.F4A8B9569DF0C2F61393746C3405E029.e.3751","ELEMENT":"f.70EA98C12271B5C153327B12E8209453.d.F4A8B9569DF0C2F61393746C3405E029.e.3751"}]}
RESULT: {"script":"<script> [8489 bytes]","args":[{"element-6066-11e4-a52e-4f735466cecf":"f.70EA98C12271B5C153327B12E8209453.d.F4A8B9569DF0C2F61393746C3405E029.e.3751","ELEMENT":"f.70EA98C12271B5C153327B12E8209453.d.F4A8B9569DF0C2F61393746C3405E029.e.3751"}]}
COMMAND: GET /session/a5881d3eaca756d633e860ab0441a8d1/element/f.70EA98C12271B5C153327B12E8209453.d.F4A8B9569DF0C2F61393746C3405E029.e.3751/enabled - {}
COMMAND: GET /session/a5881d3eaca756d633e860ab0441a8d1/screenshot - {}
RESULT: {}
COMMAND: POST /session/a5881d3eaca756d633e860ab0441a8d1/execute/sync - {"script":"<script> [8489 bytes]","args":[{"element-6066-11e4-a52e-4f735466cecf":"f.70EA98C12271B5C153327B12E8209453.d.F4A8B9569DF0C2F61393746C3405E029.e.3751","ELEMENT":"f.70EA98C12271B5C153327B12E8209453.d.F4A8B9569DF0C2F61393746C3405E029.e.3751"}]}
COMMAND: GET /session/a5881d3eaca756d633e860ab0441a8d1/screenshot - {}
RESULT: {}
RESULT: {"script":"<script> [8489 bytes]","args":[{"element-6066-11e4-a52e-4f735466cecf":"f.70EA98C12271B5C153327B12E8209453.d.F4A8B9569DF0C2F61393746C3405E029.e.3751","ELEMENT":"f.70EA98C12271B5C153327B12E8209453.d.F4A8B9569DF0C2F61393746C3405E029.e.3751"}]}
COMMAND: POST /session/a5881d3eaca756d633e860ab0441a8d1/execute/sync - {"script":"<script> [5351 bytes]","args":[{"element-6066-11e4-a52e-4f735466cecf":"f.70EA98C12271B5C153327B12E8209453.d.F4A8B9569DF0C2F61393746C3405E029.e.3751","ELEMENT":"f.70EA98C12271B5C153327B12E8209453.d.F4A8B9569DF0C2F61393746C3405E029.e.3751"}]}
COMMAND: GET /session/a5881d3eaca756d633e860ab0441a8d1/screenshot - {}
RESULT: {}
RESULT: {"script":"<script> [5351 bytes]","args":[{"element-6066-11e4-a52e-4f735466cecf":"f.70EA98C12271B5C153327B12E8209453.d.F4A8B9569DF0C2F61393746C3405E029.e.3751","ELEMENT":"f.70EA98C12271B5C153327B12E8209453.d.F4A8B9569DF0C2F61393746C3405E029.e.3751"}]}
COMMAND: POST /session/a5881d3eaca756d633e860ab0441a8d1/element/f.70EA98C12271B5C153327B12E8209453.d.F4A8B9569DF0C2F61393746C3405E029.e.3751/click - {}
COMMAND: GET /session/a5881d3eaca756d633e860ab0441a8d1/screenshot - {}
RESULT: {}
RESULT: {}
COMMAND: GET /session/a5881d3eaca756d633e860ab0441a8d1/screenshot - {}
COMMAND: POST /session/a5881d3eaca756d633e860ab0441a8d1/element - {"using":"xpath","value":"//span[contains(@id ,\"AddNewHO--typeSelect-arrow\")]"}
RESULT: {}
RESULT: {}
RESULT: {"using":"xpath","value":"//span[contains(@id ,\"AddNewHO--typeSelect-arrow\")]"}
COMMAND: POST /session/a5881d3eaca756d633e860ab0441a8d1/element/f.70EA98C12271B5C153327B12E8209453.d.F4A8B9569DF0C2F61393746C3405E029.e.4100/click - {}
RESULT: {}
COMMAND: GET /session/a5881d3eaca756d633e860ab0441a8d1/screenshot - {}
RESULT: {}
COMMAND: POST /session/a5881d3eaca756d633e860ab0441a8d1/element - {"using":"xpath","value":"(//li[contains(text(), \"stock increase yard\")])[1]"}
RESULT: {"using":"xpath","value":"(//li[contains(text(), \"stock increase yard\")])[1]"}
COMMAND: POST /session/a5881d3eaca756d633e860ab0441a8d1/element/f.70EA98C12271B5C153327B12E8209453.d.F4A8B9569DF0C2F61393746C3405E029.e.4101/click - {}
RESULT: {}
COMMAND: GET /session/a5881d3eaca756d633e860ab0441a8d1/screenshot - {}
RESULT: {}
COMMAND: POST /session/a5881d3eaca756d633e860ab0441a8d1/execute/async - {"script":"<script> [1562 bytes]","args":[{"selector":{"id":"application-managehandovers-display-component---AddNewHO--dueDate","interaction":{"idSuffix":"inner"}},"wdio_ui5_key":"applicationmanagehandovers-display-component---AddNewHO--dueDate"}]}
RESULT: {"script":"<script> [1562 bytes]","args":[{"selector":{"id":"application-managehandovers-display-component---AddNewHO--dueDate","interaction":{"idSuffix":"inner"}},"wdio_ui5_key":"applicationmanagehandovers-display-component---AddNewHO--dueDate"}]}
RESULT: undefined
COMMAND: POST /session/a5881d3eaca756d633e860ab0441a8d1/execute/async - {"script":"<script> [6424 bytes]","args":[{"element-6066-11e4-a52e-4f735466cecf":"f.70EA98C12271B5C153327B12E8209453.d.F4A8B9569DF0C2F61393746C3405E029.e.4103"},"setValue",["04/30/2025"]]}
RESULT: {"script":"<script> [6424 bytes]","args":[{"element-6066-11e4-a52e-4f735466cecf":"f.70EA98C12271B5C153327B12E8209453.d.F4A8B9569DF0C2F61393746C3405E029.e.4103"},"setValue",["04/30/2025"]]}
COMMAND: POST /session/a5881d3eaca756d633e860ab0441a8d1/element - {"using":"xpath","value":"//input[@id=\"generalSectionFrg--receiveYard-inner\"]"}
RESULT: {"using":"xpath","value":"//input[@id=\"generalSectionFrg--receiveYard-inner\"]"}
COMMAND: POST /session/a5881d3eaca756d633e860ab0441a8d1/element/f.70EA98C12271B5C153327B12E8209453.d.F4A8B9569DF0C2F61393746C3405E029.e.4109/clear - {}
RESULT: {}
COMMAND: POST /session/a5881d3eaca756d633e860ab0441a8d1/element/f.70EA98C12271B5C153327B12E8209453.d.F4A8B9569DF0C2F61393746C3405E029.e.4109/value - {"text":"466"}
COMMAND: GET /session/a5881d3eaca756d633e860ab0441a8d1/screenshot - {}
RESULT: {"text":"466"}
COMMAND: GET /session/a5881d3eaca756d633e860ab0441a8d1/screenshot - {}
RESULT: {}
RESULT: {}
COMMAND: POST /session/a5881d3eaca756d633e860ab0441a8d1/element - {"using":"xpath","value":"//li[.//span[text()='466']]"}
RESULT: {"using":"xpath","value":"//li[.//span[text()='466']]"}
COMMAND: POST /session/a5881d3eaca756d633e860ab0441a8d1/element/f.70EA98C12271B5C153327B12E8209453.d.F4A8B9569DF0C2F61393746C3405E029.e.4127/click - {}
RESULT: {}
COMMAND: GET /session/a5881d3eaca756d633e860ab0441a8d1/screenshot - {}
RESULT: {}
COMMAND: POST /session/a5881d3eaca756d633e860ab0441a8d1/execute/async - {"script":"<script> [1562 bytes]","args":[{"selector":{"id":"application-managehandovers-display-component---AddNewHO--ObjectPageLayout-anchBar-application-managehandovers-display-component---AddNewHO--section4-anchor","interaction":{"idSuffix":"BDI-content"}},"wdio_ui5_key":"applicationmanagehandovers-display-component---AddNewHO--ObjectPageLayout-anchBar-application-managehandovers-display-component---AddNewHO--section4-anchor"}]}
RESULT: {"script":"<script> [1562 bytes]","args":[{"selector":{"id":"application-managehandovers-display-component---AddNewHO--ObjectPageLayout-anchBar-application-managehandovers-display-component---AddNewHO--section4-anchor","interaction":{"idSuffix":"BDI-content"}},"wdio_ui5_key":"applicationmanagehandovers-display-component---AddNewHO--ObjectPageLayout-anchBar-application-managehandovers-display-component---AddNewHO--section4-anchor"}]}
RESULT: undefined
COMMAND: POST /session/a5881d3eaca756d633e860ab0441a8d1/element - {"using":"xpath","value":"//*[@id=\"application-managehandovers-display-component---AddNewHO--ObjectPageLayout-anchBar-application-managehandovers-display-component---AddNewHO--section4-anchor\"]"}
RESULT: {"using":"xpath","value":"//*[@id=\"application-managehandovers-display-component---AddNewHO--ObjectPageLayout-anchBar-application-managehandovers-display-component---AddNewHO--section4-anchor\"]"}
COMMAND: POST /session/a5881d3eaca756d633e860ab0441a8d1/element/f.70EA98C12271B5C153327B12E8209453.d.F4A8B9569DF0C2F61393746C3405E029.e.4129/click - {}
RESULT: {}
COMMAND: POST /session/a5881d3eaca756d633e860ab0441a8d1/element - {"using":"xpath","value":"//button[@aria-label=\"Add\"]"}
COMMAND: GET /session/a5881d3eaca756d633e860ab0441a8d1/screenshot - {}
RESULT: {"using":"xpath","value":"//button[@aria-label=\"Add\"]"}
COMMAND: POST /session/a5881d3eaca756d633e860ab0441a8d1/element/f.70EA98C12271B5C153327B12E8209453.d.F4A8B9569DF0C2F61393746C3405E029.e.4131/click - {}
RESULT: {}
RESULT: {}
COMMAND: GET /session/a5881d3eaca756d633e860ab0441a8d1/screenshot - {}
RESULT: {}
COMMAND: POST /session/a5881d3eaca756d633e860ab0441a8d1/execute/async - {"script":"<script> [1562 bytes]","args":[{"selector":{"id":"application-managehandovers-display-component---AddNewHO--smartFilterBar-btnBasicSearch","searchOpenDialogs":true,"interaction":{"idSuffix":"I"}},"wdio_ui5_key":"applicationmanagehandovers-display-component---AddNewHO--smartFilterBar-btnBasicSearch"}]}
RESULT: {"script":"<script> [1562 bytes]","args":[{"selector":{"id":"application-managehandovers-display-component---AddNewHO--smartFilterBar-btnBasicSearch","searchOpenDialogs":true,"interaction":{"idSuffix":"I"}},"wdio_ui5_key":"applicationmanagehandovers-display-component---AddNewHO--smartFilterBar-btnBasicSearch"}]}
RESULT: undefined
COMMAND: POST /session/a5881d3eaca756d633e860ab0441a8d1/execute/async - {"script":"<script> [776 bytes]","args":[{"enterText":"K9uV9laxe2","selector":{"id":"application-managehandovers-display-component---AddNewHO--smartFilterBar-btnBasicSearch","searchOpenDialogs":true,"interaction":{"idSuffix":"I"}},"clearTextFirst":true,"interactionType":"ENTER_TEXT"}]}
RESULT: {"script":"<script> [776 bytes]","args":[{"enterText":"K9uV9laxe2","selector":{"id":"application-managehandovers-display-component---AddNewHO--smartFilterBar-btnBasicSearch","searchOpenDialogs":true,"interaction":{"idSuffix":"I"}},"clearTextFirst":true,"interactionType":"ENTER_TEXT"}]}
COMMAND: POST /session/a5881d3eaca756d633e860ab0441a8d1/actions - {"actions":[{"id":"action17","type":"key","parameters":{},"actions":[{"type":"keyDown","value":"î€‡"},{"type":"pause","duration":10},{"type":"keyUp","value":"î€‡"}]}]}
RESULT: {"actions":[{"id":"action17","type":"key","parameters":{},"actions":[{"type":"keyDown","value":"î€‡"},{"type":"pause","duration":10},{"type":"keyUp","value":"î€‡"}]}]}
COMMAND: GET /session/a5881d3eaca756d633e860ab0441a8d1/screenshot - {}
RESULT: {}
COMMAND: POST /session/a5881d3eaca756d633e860ab0441a8d1/execute/async - {"script":"<script> [1562 bytes]","args":[{"selector":{"id":"application-managehandovers-display-component---AddNewHO--popup-sa","searchOpenDialogs":true,"interaction":{"idSuffix":"CbBg"}},"wdio_ui5_key":"applicationmanagehandovers-display-component---AddNewHO--popup-sa"}]}
RESULT: {"script":"<script> [1562 bytes]","args":[{"selector":{"id":"application-managehandovers-display-component---AddNewHO--popup-sa","searchOpenDialogs":true,"interaction":{"idSuffix":"CbBg"}},"wdio_ui5_key":"applicationmanagehandovers-display-component---AddNewHO--popup-sa"}]}
RESULT: undefined
COMMAND: POST /session/a5881d3eaca756d633e860ab0441a8d1/element - {"using":"xpath","value":"//*[@id=\"application-managehandovers-display-component---AddNewHO--popup-sa\"]"}
RESULT: {"using":"xpath","value":"//*[@id=\"application-managehandovers-display-component---AddNewHO--popup-sa\"]"}
COMMAND: POST /session/a5881d3eaca756d633e860ab0441a8d1/element/f.70EA98C12271B5C153327B12E8209453.d.F4A8B9569DF0C2F61393746C3405E029.e.4284/click - {}
RESULT: {}
COMMAND: GET /session/a5881d3eaca756d633e860ab0441a8d1/screenshot - {}
RESULT: {}
COMMAND: POST /session/a5881d3eaca756d633e860ab0441a8d1/element - {"using":"xpath","value":"//bdi[contains(text(), \"Select\")]"}
RESULT: {"using":"xpath","value":"//bdi[contains(text(), \"Select\")]"}
COMMAND: POST /session/a5881d3eaca756d633e860ab0441a8d1/element/f.70EA98C12271B5C153327B12E8209453.d.F4A8B9569DF0C2F61393746C3405E029.e.4285/click - {}
RESULT: {}
COMMAND: GET /session/a5881d3eaca756d633e860ab0441a8d1/screenshot - {}
RESULT: {}
COMMAND: POST /session/a5881d3eaca756d633e860ab0441a8d1/element - {"using":"xpath","value":"//button[@data-kt=\"AddNewHOSaveButton\"]"}
RESULT: {"using":"xpath","value":"//button[@data-kt=\"AddNewHOSaveButton\"]"}
COMMAND: POST /session/a5881d3eaca756d633e860ab0441a8d1/element/f.70EA98C12271B5C153327B12E8209453.d.F4A8B9569DF0C2F61393746C3405E029.e.4289/click - {}
RESULT: {}
COMMAND: GET /session/a5881d3eaca756d633e860ab0441a8d1/screenshot - {}
RESULT: {}
COMMAND: POST /session/a5881d3eaca756d633e860ab0441a8d1/execute/async - {"script":"<script> [1562 bytes]","args":[{"selector":{"id":"receiptDatePicker","viewName":"etm.portal.ui.managehandovers.view.DetailExecuteHO","interaction":{"idSuffix":"inner"}},"wdio_ui5_key":"receiptDatePickeretmportal.ui.managehandovers.view.DetailExecuteHO"}]}
RESULT: {"script":"<script> [1562 bytes]","args":[{"selector":{"id":"receiptDatePicker","viewName":"etm.portal.ui.managehandovers.view.DetailExecuteHO","interaction":{"idSuffix":"inner"}},"wdio_ui5_key":"receiptDatePickeretmportal.ui.managehandovers.view.DetailExecuteHO"}]}
RESULT: undefined
COMMAND: POST /session/a5881d3eaca756d633e860ab0441a8d1/execute/async - {"script":"<script> [6424 bytes]","args":[{"element-6066-11e4-a52e-4f735466cecf":"f.70EA98C12271B5C153327B12E8209453.d.F4A8B9569DF0C2F61393746C3405E029.e.4316"},"setValue",["04/30/2025"]]}
RESULT: {"script":"<script> [6424 bytes]","args":[{"element-6066-11e4-a52e-4f735466cecf":"f.70EA98C12271B5C153327B12E8209453.d.F4A8B9569DF0C2F61393746C3405E029.e.4316"},"setValue",["04/30/2025"]]}
COMMAND: POST /session/a5881d3eaca756d633e860ab0441a8d1/element - {"using":"xpath","value":"//button[@data-kt=\"PickingTableConfirmAllButton\"]"}
RESULT: {"using":"xpath","value":"//button[@data-kt=\"PickingTableConfirmAllButton\"]"}
COMMAND: POST /session/a5881d3eaca756d633e860ab0441a8d1/element/f.70EA98C12271B5C153327B12E8209453.d.F4A8B9569DF0C2F61393746C3405E029.e.4331/click - {}
RESULT: {}
COMMAND: GET /session/a5881d3eaca756d633e860ab0441a8d1/screenshot - {}
RESULT: {}
COMMAND: POST /session/a5881d3eaca756d633e860ab0441a8d1/element - {"using":"xpath","value":"//bdi[contains(text(), \"OK\")]"}
RESULT: {"using":"xpath","value":"//bdi[contains(text(), \"OK\")]"}
COMMAND: POST /session/a5881d3eaca756d633e860ab0441a8d1/element/f.70EA98C12271B5C153327B12E8209453.d.F4A8B9569DF0C2F61393746C3405E029.e.4333/click - {}
RESULT: {}
COMMAND: GET /session/a5881d3eaca756d633e860ab0441a8d1/screenshot - {}
RESULT: {}
COMMAND: POST /session/a5881d3eaca756d633e860ab0441a8d1/element - {"using":"xpath","value":"(//bdi[contains(text(), \"Receive\")])[2]"}
RESULT: {"using":"xpath","value":"(//bdi[contains(text(), \"Receive\")])[2]"}
COMMAND: POST /session/a5881d3eaca756d633e860ab0441a8d1/element/f.70EA98C12271B5C153327B12E8209453.d.F4A8B9569DF0C2F61393746C3405E029.e.4335/click - {}
RESULT: {}
COMMAND: GET /session/a5881d3eaca756d633e860ab0441a8d1/screenshot - {}
RESULT: {}
COMMAND: POST /session/a5881d3eaca756d633e860ab0441a8d1/element - {"using":"css selector","value":"#shell-header-logo"}
RESULT: {"using":"css selector","value":"#shell-header-logo"}
COMMAND: POST /session/a5881d3eaca756d633e860ab0441a8d1/element/f.70EA98C12271B5C153327B12E8209453.d.F4A8B9569DF0C2F61393746C3405E029.e.3723/click - {}
RESULT: {}
COMMAND: GET /session/a5881d3eaca756d633e860ab0441a8d1/screenshot - {}
RESULT: {}
]]></system-out>
    </testcase>
    <testcase classname="chrome.135_0_7049_96.windows.Billing_confirm_US117289" name="Should create a new contract" time="56.648">
      <system-out><![CDATA[
COMMAND: POST /session/a5881d3eaca756d633e860ab0441a8d1/execute/async - {"script":"<script> [1562 bytes]","args":[{"selector":{"controlType":"sap.m.Text","viewName":"etm.portal.ui.managecontractstile.view.Master","properties":{"text":"Manage Contracts"},"interaction":{"idSuffix":"inner"}},"wdio_ui5_key":"etmportal.ui.managecontractstile.view.Mastersap.m.Text{\"text\":\"Manage Contracts\"}"}]}
RESULT: {"script":"<script> [1562 bytes]","args":[{"selector":{"controlType":"sap.m.Text","viewName":"etm.portal.ui.managecontractstile.view.Master","properties":{"text":"Manage Contracts"},"interaction":{"idSuffix":"inner"}},"wdio_ui5_key":"etmportal.ui.managecontractstile.view.Mastersap.m.Text{\"text\":\"Manage Contracts\"}"}]}
RESULT: undefined
COMMAND: POST /session/a5881d3eaca756d633e860ab0441a8d1/element - {"using":"xpath","value":"//*[@id=\"__tile130-title\"]"}
RESULT: {"using":"xpath","value":"//*[@id=\"__tile130-title\"]"}
COMMAND: POST /session/a5881d3eaca756d633e860ab0441a8d1/element/f.70EA98C12271B5C153327B12E8209453.d.F4A8B9569DF0C2F61393746C3405E029.e.4505/click - {}
RESULT: {}
COMMAND: GET /session/a5881d3eaca756d633e860ab0441a8d1/screenshot - {}
RESULT: {}
COMMAND: POST /session/a5881d3eaca756d633e860ab0441a8d1/element - {"using":"xpath","value":"//button[@data-kt=\"addButton\"]"}
RESULT: {"using":"xpath","value":"//button[@data-kt=\"addButton\"]"}
COMMAND: POST /session/a5881d3eaca756d633e860ab0441a8d1/elements - {"using":"xpath","value":"//button[@data-kt=\"addButton\"]"}
RESULT: {"using":"xpath","value":"//button[@data-kt=\"addButton\"]"}
COMMAND: POST /session/a5881d3eaca756d633e860ab0441a8d1/elements - {"using":"xpath","value":"//button[@data-kt=\"addButton\"]"}
RESULT: {"using":"xpath","value":"//button[@data-kt=\"addButton\"]"}
COMMAND: POST /session/a5881d3eaca756d633e860ab0441a8d1/element - {"using":"xpath","value":"//button[@data-kt=\"addButton\"]"}
RESULT: {"using":"xpath","value":"//button[@data-kt=\"addButton\"]"}
COMMAND: POST /session/a5881d3eaca756d633e860ab0441a8d1/execute/sync - {"script":"<script> [8489 bytes]","args":[{"element-6066-11e4-a52e-4f735466cecf":"f.70EA98C12271B5C153327B12E8209453.d.F4A8B9569DF0C2F61393746C3405E029.e.4586","ELEMENT":"f.70EA98C12271B5C153327B12E8209453.d.F4A8B9569DF0C2F61393746C3405E029.e.4586"}]}
RESULT: {"script":"<script> [8489 bytes]","args":[{"element-6066-11e4-a52e-4f735466cecf":"f.70EA98C12271B5C153327B12E8209453.d.F4A8B9569DF0C2F61393746C3405E029.e.4586","ELEMENT":"f.70EA98C12271B5C153327B12E8209453.d.F4A8B9569DF0C2F61393746C3405E029.e.4586"}]}
COMMAND: GET /session/a5881d3eaca756d633e860ab0441a8d1/element/f.70EA98C12271B5C153327B12E8209453.d.F4A8B9569DF0C2F61393746C3405E029.e.4586/enabled - {}
COMMAND: GET /session/a5881d3eaca756d633e860ab0441a8d1/screenshot - {}
RESULT: {}
COMMAND: POST /session/a5881d3eaca756d633e860ab0441a8d1/execute/sync - {"script":"<script> [8489 bytes]","args":[{"element-6066-11e4-a52e-4f735466cecf":"f.70EA98C12271B5C153327B12E8209453.d.F4A8B9569DF0C2F61393746C3405E029.e.4586","ELEMENT":"f.70EA98C12271B5C153327B12E8209453.d.F4A8B9569DF0C2F61393746C3405E029.e.4586"}]}
COMMAND: GET /session/a5881d3eaca756d633e860ab0441a8d1/screenshot - {}
RESULT: {}
RESULT: {"script":"<script> [8489 bytes]","args":[{"element-6066-11e4-a52e-4f735466cecf":"f.70EA98C12271B5C153327B12E8209453.d.F4A8B9569DF0C2F61393746C3405E029.e.4586","ELEMENT":"f.70EA98C12271B5C153327B12E8209453.d.F4A8B9569DF0C2F61393746C3405E029.e.4586"}]}
COMMAND: POST /session/a5881d3eaca756d633e860ab0441a8d1/execute/sync - {"script":"<script> [5351 bytes]","args":[{"element-6066-11e4-a52e-4f735466cecf":"f.70EA98C12271B5C153327B12E8209453.d.F4A8B9569DF0C2F61393746C3405E029.e.4586","ELEMENT":"f.70EA98C12271B5C153327B12E8209453.d.F4A8B9569DF0C2F61393746C3405E029.e.4586"}]}
COMMAND: GET /session/a5881d3eaca756d633e860ab0441a8d1/screenshot - {}
RESULT: {}
RESULT: {"script":"<script> [5351 bytes]","args":[{"element-6066-11e4-a52e-4f735466cecf":"f.70EA98C12271B5C153327B12E8209453.d.F4A8B9569DF0C2F61393746C3405E029.e.4586","ELEMENT":"f.70EA98C12271B5C153327B12E8209453.d.F4A8B9569DF0C2F61393746C3405E029.e.4586"}]}
COMMAND: GET /session/a5881d3eaca756d633e860ab0441a8d1/screenshot - {}
RESULT: {}
RESULT: {}
COMMAND: POST /session/a5881d3eaca756d633e860ab0441a8d1/element/f.70EA98C12271B5C153327B12E8209453.d.F4A8B9569DF0C2F61393746C3405E029.e.4586/click - {}
RESULT: {}
COMMAND: GET /session/a5881d3eaca756d633e860ab0441a8d1/screenshot - {}
COMMAND: POST /session/a5881d3eaca756d633e860ab0441a8d1/execute/async - {"script":"<script> [1562 bytes]","args":[{"selector":{"id":"application-managecontracts-display-component---AddNewContract--projectDescription","interaction":{"idSuffix":"inner"}},"wdio_ui5_key":"applicationmanagecontracts-display-component---AddNewContract--projectDescription"}]}
RESULT: {}
RESULT: {"script":"<script> [1562 bytes]","args":[{"selector":{"id":"application-managecontracts-display-component---AddNewContract--projectDescription","interaction":{"idSuffix":"inner"}},"wdio_ui5_key":"applicationmanagecontracts-display-component---AddNewContract--projectDescription"}]}
RESULT: undefined
COMMAND: POST /session/a5881d3eaca756d633e860ab0441a8d1/execute/async - {"script":"<script> [776 bytes]","args":[{"enterText":"Contract WDIO","selector":{"id":"application-managecontracts-display-component---AddNewContract--projectDescription","interaction":{"idSuffix":"inner"}},"clearTextFirst":true,"interactionType":"ENTER_TEXT"}]}
RESULT: {"script":"<script> [776 bytes]","args":[{"enterText":"Contract WDIO","selector":{"id":"application-managecontracts-display-component---AddNewContract--projectDescription","interaction":{"idSuffix":"inner"}},"clearTextFirst":true,"interactionType":"ENTER_TEXT"}]}
COMMAND: POST /session/a5881d3eaca756d633e860ab0441a8d1/element - {"using":"xpath","value":"//input[@id=\"application-managecontracts-display-component---AddNewContract--site-inner\"]"}
RESULT: {"using":"xpath","value":"//input[@id=\"application-managecontracts-display-component---AddNewContract--site-inner\"]"}
COMMAND: POST /session/a5881d3eaca756d633e860ab0441a8d1/element/f.70EA98C12271B5C153327B12E8209453.d.F4A8B9569DF0C2F61393746C3405E029.e.4875/clear - {}
RESULT: {}
COMMAND: POST /session/a5881d3eaca756d633e860ab0441a8d1/element/f.70EA98C12271B5C153327B12E8209453.d.F4A8B9569DF0C2F61393746C3405E029.e.4875/value - {"text":"2302"}
COMMAND: GET /session/a5881d3eaca756d633e860ab0441a8d1/screenshot - {}
RESULT: {"text":"2302"}
COMMAND: GET /session/a5881d3eaca756d633e860ab0441a8d1/screenshot - {}
RESULT: {}
RESULT: {}
COMMAND: POST /session/a5881d3eaca756d633e860ab0441a8d1/element - {"using":"xpath","value":"//li[.//span[text()='2302']]"}
RESULT: {"using":"xpath","value":"//li[.//span[text()='2302']]"}
COMMAND: POST /session/a5881d3eaca756d633e860ab0441a8d1/element/f.70EA98C12271B5C153327B12E8209453.d.F4A8B9569DF0C2F61393746C3405E029.e.4900/click - {}
RESULT: {}
COMMAND: GET /session/a5881d3eaca756d633e860ab0441a8d1/screenshot - {}
RESULT: {}
COMMAND: POST /session/a5881d3eaca756d633e860ab0441a8d1/element - {"using":"xpath","value":"//input[@id=\"application-managecontracts-display-component---AddNewContract--yardId-inner\"]"}
RESULT: {"using":"xpath","value":"//input[@id=\"application-managecontracts-display-component---AddNewContract--yardId-inner\"]"}
COMMAND: GET /session/a5881d3eaca756d633e860ab0441a8d1/element/f.70EA98C12271B5C153327B12E8209453.d.F4A8B9569DF0C2F61393746C3405E029.e.4876/property/value - {}
RESULT: {}
COMMAND: POST /session/a5881d3eaca756d633e860ab0441a8d1/element - {"using":"xpath","value":"//input[@id=\"application-managecontracts-display-component---AddNewContract--customerSelect-inner\"]"}
COMMAND: GET /session/a5881d3eaca756d633e860ab0441a8d1/screenshot - {}
RESULT: {"using":"xpath","value":"//input[@id=\"application-managecontracts-display-component---AddNewContract--customerSelect-inner\"]"}
COMMAND: POST /session/a5881d3eaca756d633e860ab0441a8d1/element/f.70EA98C12271B5C153327B12E8209453.d.F4A8B9569DF0C2F61393746C3405E029.e.4874/clear - {}
RESULT: {}
RESULT: {}
COMMAND: POST /session/a5881d3eaca756d633e860ab0441a8d1/element/f.70EA98C12271B5C153327B12E8209453.d.F4A8B9569DF0C2F61393746C3405E029.e.4874/value - {"text":"1335"}
COMMAND: GET /session/a5881d3eaca756d633e860ab0441a8d1/screenshot - {}
RESULT: {"text":"1335"}
COMMAND: GET /session/a5881d3eaca756d633e860ab0441a8d1/screenshot - {}
RESULT: {}
RESULT: {}
COMMAND: POST /session/a5881d3eaca756d633e860ab0441a8d1/element - {"using":"xpath","value":"//li[.//span[text()='1335']]"}
RESULT: {"using":"xpath","value":"//li[.//span[text()='1335']]"}
COMMAND: POST /session/a5881d3eaca756d633e860ab0441a8d1/element/f.70EA98C12271B5C153327B12E8209453.d.F4A8B9569DF0C2F61393746C3405E029.e.4903/click - {}
RESULT: {}
COMMAND: GET /session/a5881d3eaca756d633e860ab0441a8d1/screenshot - {}
RESULT: {}
COMMAND: POST /session/a5881d3eaca756d633e860ab0441a8d1/element - {"using":"xpath","value":"//button[@data-kt=\"saveButton\"]"}
RESULT: {"using":"xpath","value":"//button[@data-kt=\"saveButton\"]"}
COMMAND: POST /session/a5881d3eaca756d633e860ab0441a8d1/element/f.70EA98C12271B5C153327B12E8209453.d.F4A8B9569DF0C2F61393746C3405E029.e.4893/click - {}
RESULT: {}
COMMAND: GET /session/a5881d3eaca756d633e860ab0441a8d1/screenshot - {}
RESULT: {}
COMMAND: POST /session/a5881d3eaca756d633e860ab0441a8d1/element - {"using":"xpath","value":"//span[contains(@id ,\"contractDetailTitleNoExpanded\")]"}
RESULT: {"using":"xpath","value":"//span[contains(@id ,\"contractDetailTitleNoExpanded\")]"}
COMMAND: POST /session/a5881d3eaca756d633e860ab0441a8d1/elements - {"using":"xpath","value":"//span[contains(@id ,\"contractDetailTitleNoExpanded\")]"}
RESULT: {"using":"xpath","value":"//span[contains(@id ,\"contractDetailTitleNoExpanded\")]"}
COMMAND: POST /session/a5881d3eaca756d633e860ab0441a8d1/execute/sync - {"script":"<script> [56 bytes]","args":[{"element-6066-11e4-a52e-4f735466cecf":"f.70EA98C12271B5C153327B12E8209453.d.F4A8B9569DF0C2F61393746C3405E029.e.4972","ELEMENT":"f.70EA98C12271B5C153327B12E8209453.d.F4A8B9569DF0C2F61393746C3405E029.e.4972"}]}
RESULT: {"script":"<script> [56 bytes]","args":[{"element-6066-11e4-a52e-4f735466cecf":"f.70EA98C12271B5C153327B12E8209453.d.F4A8B9569DF0C2F61393746C3405E029.e.4972","ELEMENT":"f.70EA98C12271B5C153327B12E8209453.d.F4A8B9569DF0C2F61393746C3405E029.e.4972"}]}
COMMAND: GET /session/a5881d3eaca756d633e860ab0441a8d1/screenshot - {}
RESULT: {}
]]></system-out>
    </testcase>
    <testcase classname="chrome.135_0_7049_96.windows.Billing_confirm_US117289" name="Should add created equipment to contract" time="45.973">
      <system-out><![CDATA[
COMMAND: POST /session/a5881d3eaca756d633e860ab0441a8d1/element - {"using":"xpath","value":"//button[@data-kt=\"contractDetailEditBtnButton\"]"}
RESULT: {"using":"xpath","value":"//button[@data-kt=\"contractDetailEditBtnButton\"]"}
COMMAND: POST /session/a5881d3eaca756d633e860ab0441a8d1/element/f.70EA98C12271B5C153327B12E8209453.d.F4A8B9569DF0C2F61393746C3405E029.e.4975/click - {}
RESULT: {}
COMMAND: GET /session/a5881d3eaca756d633e860ab0441a8d1/screenshot - {}
RESULT: {}
COMMAND: POST /session/a5881d3eaca756d633e860ab0441a8d1/element - {"using":"xpath","value":"(//span[contains(text(), \"Additional Addresses\")])[2]"}
RESULT: {"using":"xpath","value":"(//span[contains(text(), \"Additional Addresses\")])[2]"}
COMMAND: POST /session/a5881d3eaca756d633e860ab0441a8d1/element/f.70EA98C12271B5C153327B12E8209453.d.F4A8B9569DF0C2F61393746C3405E029.e.5031/click - {}
RESULT: {}
COMMAND: GET /session/a5881d3eaca756d633e860ab0441a8d1/screenshot - {}
RESULT: {}
COMMAND: POST /session/a5881d3eaca756d633e860ab0441a8d1/element - {"using":"xpath","value":"//button[@data-kt=\"btnAddTableRowOverflowToolbarButton\"]"}
RESULT: {"using":"xpath","value":"//button[@data-kt=\"btnAddTableRowOverflowToolbarButton\"]"}
COMMAND: POST /session/a5881d3eaca756d633e860ab0441a8d1/element/f.70EA98C12271B5C153327B12E8209453.d.F4A8B9569DF0C2F61393746C3405E029.e.5033/click - {}
RESULT: {}
COMMAND: GET /session/a5881d3eaca756d633e860ab0441a8d1/screenshot - {}
RESULT: {}
COMMAND: POST /session/a5881d3eaca756d633e860ab0441a8d1/element - {"using":"xpath","value":"//div[(text() = 'Standard Entry' or . = 'Standard Entry')]"}
RESULT: {"using":"xpath","value":"//div[(text() = 'Standard Entry' or . = 'Standard Entry')]"}
COMMAND: POST /session/a5881d3eaca756d633e860ab0441a8d1/element/f.70EA98C12271B5C153327B12E8209453.d.F4A8B9569DF0C2F61393746C3405E029.e.5035/click - {}
RESULT: {}
COMMAND: GET /session/a5881d3eaca756d633e860ab0441a8d1/screenshot - {}
RESULT: {}
COMMAND: POST /session/a5881d3eaca756d633e860ab0441a8d1/element - {"using":"xpath","value":"//td[7]/div/div/input"}
RESULT: {"using":"xpath","value":"//td[7]/div/div/input"}
COMMAND: POST /session/a5881d3eaca756d633e860ab0441a8d1/element/f.70EA98C12271B5C153327B12E8209453.d.F4A8B9569DF0C2F61393746C3405E029.e.5044/clear - {}
RESULT: {}
COMMAND: POST /session/a5881d3eaca756d633e860ab0441a8d1/element/f.70EA98C12271B5C153327B12E8209453.d.F4A8B9569DF0C2F61393746C3405E029.e.5044/value - {"text":"K9uV9laxe2"}
COMMAND: GET /session/a5881d3eaca756d633e860ab0441a8d1/screenshot - {}
RESULT: {"text":"K9uV9laxe2"}
COMMAND: GET /session/a5881d3eaca756d633e860ab0441a8d1/screenshot - {}
RESULT: {}
RESULT: {}
COMMAND: POST /session/a5881d3eaca756d633e860ab0441a8d1/actions - {"actions":[{"id":"action18","type":"key","parameters":{},"actions":[{"type":"keyDown","value":"î€‡"},{"type":"pause","duration":10},{"type":"keyUp","value":"î€‡"}]}]}
RESULT: {"actions":[{"id":"action18","type":"key","parameters":{},"actions":[{"type":"keyDown","value":"î€‡"},{"type":"pause","duration":10},{"type":"keyUp","value":"î€‡"}]}]}
COMMAND: GET /session/a5881d3eaca756d633e860ab0441a8d1/screenshot - {}
RESULT: {}
COMMAND: POST /session/a5881d3eaca756d633e860ab0441a8d1/execute/sync - {"script":"<script> [276 bytes]","args":["No pricing information was found"]}
RESULT: {"script":"<script> [276 bytes]","args":["No pricing information was found"]}
COMMAND: POST /session/a5881d3eaca756d633e860ab0441a8d1/element - {"using":"xpath","value":"(//button[@data-kt=\"saveButton\"])[2]"}
COMMAND: GET /session/a5881d3eaca756d633e860ab0441a8d1/screenshot - {}
RESULT: {"using":"xpath","value":"(//button[@data-kt=\"saveButton\"])[2]"}
COMMAND: POST /session/a5881d3eaca756d633e860ab0441a8d1/element/f.70EA98C12271B5C153327B12E8209453.d.F4A8B9569DF0C2F61393746C3405E029.e.5059/click - {}
RESULT: {}
RESULT: {}
COMMAND: GET /session/a5881d3eaca756d633e860ab0441a8d1/screenshot - {}
RESULT: {}
COMMAND: POST /session/a5881d3eaca756d633e860ab0441a8d1/execute/sync - {"script":"<script> [276 bytes]","args":["Some contract items are having rental validity exceeding header rental validity"]}
RESULT: {"script":"<script> [276 bytes]","args":["Some contract items are having rental validity exceeding header rental validity"]}
COMMAND: GET /session/a5881d3eaca756d633e860ab0441a8d1/screenshot - {}
RESULT: {}
COMMAND: POST /session/a5881d3eaca756d633e860ab0441a8d1/element - {"using":"xpath","value":"//span[contains(@id ,\"contractItemsSmartTable-header-inner\")]"}
RESULT: {"using":"xpath","value":"//span[contains(@id ,\"contractItemsSmartTable-header-inner\")]"}
COMMAND: POST /session/a5881d3eaca756d633e860ab0441a8d1/elements - {"using":"xpath","value":"//span[contains(@id ,\"contractItemsSmartTable-header-inner\")]"}
RESULT: {"using":"xpath","value":"//span[contains(@id ,\"contractItemsSmartTable-header-inner\")]"}
COMMAND: POST /session/a5881d3eaca756d633e860ab0441a8d1/execute/sync - {"script":"<script> [56 bytes]","args":[{"element-6066-11e4-a52e-4f735466cecf":"f.70EA98C12271B5C153327B12E8209453.d.F4A8B9569DF0C2F61393746C3405E029.e.5065","ELEMENT":"f.70EA98C12271B5C153327B12E8209453.d.F4A8B9569DF0C2F61393746C3405E029.e.5065"}]}
RESULT: {"script":"<script> [56 bytes]","args":[{"element-6066-11e4-a52e-4f735466cecf":"f.70EA98C12271B5C153327B12E8209453.d.F4A8B9569DF0C2F61393746C3405E029.e.5065","ELEMENT":"f.70EA98C12271B5C153327B12E8209453.d.F4A8B9569DF0C2F61393746C3405E029.e.5065"}]}
]]></system-out>
    </testcase>
    <testcase classname="chrome.135_0_7049_96.windows.Billing_confirm_US117289" name="Should do a provide to site handover" time="50.984">
      <system-out><![CDATA[
COMMAND: GET /session/a5881d3eaca756d633e860ab0441a8d1/screenshot - {}
COMMAND: POST /session/a5881d3eaca756d633e860ab0441a8d1/element - {"using":"xpath","value":"//button[@data-kt=\"provideButton\"]"}
RESULT: {}
RESULT: {"using":"xpath","value":"//button[@data-kt=\"provideButton\"]"}
COMMAND: POST /session/a5881d3eaca756d633e860ab0441a8d1/element/f.70EA98C12271B5C153327B12E8209453.d.F4A8B9569DF0C2F61393746C3405E029.e.5066/click - {}
RESULT: {}
COMMAND: GET /session/a5881d3eaca756d633e860ab0441a8d1/screenshot - {}
RESULT: undefined
COMMAND: POST /session/a5881d3eaca756d633e860ab0441a8d1/execute/async - {"script":"<script> [6424 bytes]","args":[{"element-6066-11e4-a52e-4f735466cecf":"f.70EA98C12271B5C153327B12E8209453.d.F4A8B9569DF0C2F61393746C3405E029.e.4103"},"setValue",["04/30/2025"]]}
RESULT: {}
COMMAND: POST /session/a5881d3eaca756d633e860ab0441a8d1/execute/async - {"script":"<script> [1562 bytes]","args":[{"selector":{"id":"application-managehandovers-display-component---AddNewHO--dueDate","interaction":{"idSuffix":"inner"}},"wdio_ui5_key":"applicationmanagehandovers-display-component---AddNewHO--dueDate"}]}
RESULT: {"script":"<script> [1562 bytes]","args":[{"selector":{"id":"application-managehandovers-display-component---AddNewHO--dueDate","interaction":{"idSuffix":"inner"}},"wdio_ui5_key":"applicationmanagehandovers-display-component---AddNewHO--dueDate"}]}
COMMAND: POST /session/a5881d3eaca756d633e860ab0441a8d1/execute/async - {"script":"<script> [6424 bytes]","args":[{"element-6066-11e4-a52e-4f735466cecf":"f.70EA98C12271B5C153327B12E8209453.d.F4A8B9569DF0C2F61393746C3405E029.e.5123"},"setValue",["04/30/2025"]]}
RESULT: {"script":"<script> [6424 bytes]","args":[{"element-6066-11e4-a52e-4f735466cecf":"f.70EA98C12271B5C153327B12E8209453.d.F4A8B9569DF0C2F61393746C3405E029.e.5123"},"setValue",["04/30/2025"]]}
COMMAND: POST /session/a5881d3eaca756d633e860ab0441a8d1/element - {"using":"xpath","value":"//bdi[contains(text(), \"Instructions\")]"}
RESULT: {"using":"xpath","value":"//bdi[contains(text(), \"Instructions\")]"}
COMMAND: POST /session/a5881d3eaca756d633e860ab0441a8d1/element/f.70EA98C12271B5C153327B12E8209453.d.F4A8B9569DF0C2F61393746C3405E029.e.5385/click - {}
RESULT: {}
COMMAND: GET /session/a5881d3eaca756d633e860ab0441a8d1/screenshot - {}
RESULT: {}
COMMAND: POST /session/a5881d3eaca756d633e860ab0441a8d1/element - {"using":"xpath","value":"//button[@data-kt=\"AddNewHOProvideAddItemsButton\"]"}
RESULT: {"using":"xpath","value":"//button[@data-kt=\"AddNewHOProvideAddItemsButton\"]"}
COMMAND: POST /session/a5881d3eaca756d633e860ab0441a8d1/element/f.70EA98C12271B5C153327B12E8209453.d.F4A8B9569DF0C2F61393746C3405E029.e.5389/click - {}
RESULT: {}
COMMAND: GET /session/a5881d3eaca756d633e860ab0441a8d1/screenshot - {}
RESULT: {}
RESULT: undefined
COMMAND: POST /session/a5881d3eaca756d633e860ab0441a8d1/element - {"using":"xpath","value":"//*[@id=\"application-managehandovers-display-component---AddNewHO--popup-sa\"]"}
RESULT: {"using":"xpath","value":"//*[@id=\"application-managehandovers-display-component---AddNewHO--popup-sa\"]"}
COMMAND: POST /session/a5881d3eaca756d633e860ab0441a8d1/element/f.70EA98C12271B5C153327B12E8209453.d.F4A8B9569DF0C2F61393746C3405E029.e.5404/click - {}
RESULT: {}
COMMAND: GET /session/a5881d3eaca756d633e860ab0441a8d1/screenshot - {}
RESULT: {}
COMMAND: POST /session/a5881d3eaca756d633e860ab0441a8d1/element - {"using":"xpath","value":"//*[contains(@id ,\"BDI-content\")][contains(text(), \"Select\")]"}
RESULT: {"using":"xpath","value":"//*[contains(@id ,\"BDI-content\")][contains(text(), \"Select\")]"}
COMMAND: POST /session/a5881d3eaca756d633e860ab0441a8d1/element/f.70EA98C12271B5C153327B12E8209453.d.F4A8B9569DF0C2F61393746C3405E029.e.5406/click - {}
RESULT: {}
COMMAND: GET /session/a5881d3eaca756d633e860ab0441a8d1/screenshot - {}
RESULT: {}
COMMAND: POST /session/a5881d3eaca756d633e860ab0441a8d1/execute/async - {"script":"<script> [1562 bytes]","args":[{"selector":{"id":"application-managehandovers-display-component---AddNewHO--confirmCreationButton","interaction":{"idSuffix":"BDI-content"}},"wdio_ui5_key":"applicationmanagehandovers-display-component---AddNewHO--confirmCreationButton"}]}
RESULT: {"script":"<script> [1562 bytes]","args":[{"selector":{"id":"application-managehandovers-display-component---AddNewHO--confirmCreationButton","interaction":{"idSuffix":"BDI-content"}},"wdio_ui5_key":"applicationmanagehandovers-display-component---AddNewHO--confirmCreationButton"}]}
RESULT: undefined
COMMAND: POST /session/a5881d3eaca756d633e860ab0441a8d1/element - {"using":"xpath","value":"//*[@id=\"application-managehandovers-display-component---AddNewHO--confirmCreationButton\"]"}
RESULT: {"using":"xpath","value":"//*[@id=\"application-managehandovers-display-component---AddNewHO--confirmCreationButton\"]"}
COMMAND: POST /session/a5881d3eaca756d633e860ab0441a8d1/element/f.70EA98C12271B5C153327B12E8209453.d.F4A8B9569DF0C2F61393746C3405E029.e.5203/click - {}
RESULT: {}
COMMAND: GET /session/a5881d3eaca756d633e860ab0441a8d1/screenshot - {}
RESULT: {}
COMMAND: POST /session/a5881d3eaca756d633e860ab0441a8d1/element - {"using":"xpath","value":"//button[@data-kt=\"PickingTableConfirmAllButton\"]"}
RESULT: {"using":"xpath","value":"//button[@data-kt=\"PickingTableConfirmAllButton\"]"}
COMMAND: POST /session/a5881d3eaca756d633e860ab0441a8d1/element/f.70EA98C12271B5C153327B12E8209453.d.F4A8B9569DF0C2F61393746C3405E029.e.5445/click - {}
COMMAND: POST /session/a5881d3eaca756d633e860ab0441a8d1/element - {"using":"xpath","value":"//button[@data-kt=\"PickingTableConfirmAllButton\"]"}
RESULT: {"using":"xpath","value":"//button[@data-kt=\"PickingTableConfirmAllButton\"]"}
COMMAND: POST /session/a5881d3eaca756d633e860ab0441a8d1/element/f.70EA98C12271B5C153327B12E8209453.d.F4A8B9569DF0C2F61393746C3405E029.e.5445/click - {}
COMMAND: POST /session/a5881d3eaca756d633e860ab0441a8d1/element - {"using":"xpath","value":"//button[@data-kt=\"PickingTableConfirmAllButton\"]"}
RESULT: {"using":"xpath","value":"//button[@data-kt=\"PickingTableConfirmAllButton\"]"}
COMMAND: POST /session/a5881d3eaca756d633e860ab0441a8d1/element/f.70EA98C12271B5C153327B12E8209453.d.F4A8B9569DF0C2F61393746C3405E029.e.5468/click - {}
RESULT: {}
COMMAND: GET /session/a5881d3eaca756d633e860ab0441a8d1/screenshot - {}
RESULT: {}
COMMAND: POST /session/a5881d3eaca756d633e860ab0441a8d1/element - {"using":"xpath","value":"//bdi[contains(text(), \"OK\")]"}
RESULT: {"using":"xpath","value":"//bdi[contains(text(), \"OK\")]"}
COMMAND: POST /session/a5881d3eaca756d633e860ab0441a8d1/element/f.70EA98C12271B5C153327B12E8209453.d.F4A8B9569DF0C2F61393746C3405E029.e.5470/click - {}
RESULT: {}
COMMAND: GET /session/a5881d3eaca756d633e860ab0441a8d1/screenshot - {}
RESULT: {}
COMMAND: POST /session/a5881d3eaca756d633e860ab0441a8d1/element - {"using":"xpath","value":"//bdi[contains(text(), \"Issue\")]"}
RESULT: {"using":"xpath","value":"//bdi[contains(text(), \"Issue\")]"}
COMMAND: POST /session/a5881d3eaca756d633e860ab0441a8d1/element/f.70EA98C12271B5C153327B12E8209453.d.F4A8B9569DF0C2F61393746C3405E029.e.5472/click - {}
RESULT: {}
COMMAND: GET /session/a5881d3eaca756d633e860ab0441a8d1/screenshot - {}
RESULT: {}
COMMAND: POST /session/a5881d3eaca756d633e860ab0441a8d1/element - {"using":"css selector","value":"#shell-header-logo"}
RESULT: {"using":"css selector","value":"#shell-header-logo"}
COMMAND: POST /session/a5881d3eaca756d633e860ab0441a8d1/element/f.70EA98C12271B5C153327B12E8209453.d.F4A8B9569DF0C2F61393746C3405E029.e.4508/click - {}
RESULT: {}
COMMAND: GET /session/a5881d3eaca756d633e860ab0441a8d1/screenshot - {}
RESULT: {}
]]></system-out>
    </testcase>
    <testcase classname="chrome.135_0_7049_96.windows.Billing_confirm_US117289" name="Should trigger calculation" time="69.137">
      <system-out><![CDATA[
COMMAND: POST /session/a5881d3eaca756d633e860ab0441a8d1/execute/async - {"script":"<script> [1562 bytes]","args":[{"selector":{"controlType":"sap.m.GenericTile","properties":{"header":"Manage Billings"}},"wdio_ui5_key":"sapm.GenericTile{\"header\":\"Manage Billings\"}"}]}
RESULT: {"script":"<script> [1562 bytes]","args":[{"selector":{"controlType":"sap.m.GenericTile","properties":{"header":"Manage Billings"}},"wdio_ui5_key":"sapm.GenericTile{\"header\":\"Manage Billings\"}"}]}
RESULT: undefined
COMMAND: POST /session/a5881d3eaca756d633e860ab0441a8d1/element - {"using":"xpath","value":"//*[@id=\"__tile51\"]"}
RESULT: {"using":"xpath","value":"//*[@id=\"__tile51\"]"}
COMMAND: POST /session/a5881d3eaca756d633e860ab0441a8d1/element/f.70EA98C12271B5C153327B12E8209453.d.F4A8B9569DF0C2F61393746C3405E029.e.198/click - {}
RESULT: {}
COMMAND: GET /session/a5881d3eaca756d633e860ab0441a8d1/screenshot - {}
RESULT: {}
COMMAND: POST /session/a5881d3eaca756d633e860ab0441a8d1/execute/async - {"script":"<script> [1562 bytes]","args":[{"selector":{"id":"application-managebillings-display-component---billRunCalcResult--smartFilterBar-btnBasicSearch","interaction":{"idSuffix":"I"}},"wdio_ui5_key":"applicationmanagebillings-display-component---billRunCalcResult--smartFilterBar-btnBasicSearch"}]}
RESULT: {"script":"<script> [1562 bytes]","args":[{"selector":{"id":"application-managebillings-display-component---billRunCalcResult--smartFilterBar-btnBasicSearch","interaction":{"idSuffix":"I"}},"wdio_ui5_key":"applicationmanagebillings-display-component---billRunCalcResult--smartFilterBar-btnBasicSearch"}]}
RESULT: undefined
COMMAND: POST /session/a5881d3eaca756d633e860ab0441a8d1/execute/async - {"script":"<script> [776 bytes]","args":[{"enterText":"10414","selector":{"id":"application-managebillings-display-component---billRunCalcResult--smartFilterBar-btnBasicSearch","interaction":{"idSuffix":"I"}},"clearTextFirst":true,"interactionType":"ENTER_TEXT"}]}
RESULT: {"script":"<script> [776 bytes]","args":[{"enterText":"10414","selector":{"id":"application-managebillings-display-component---billRunCalcResult--smartFilterBar-btnBasicSearch","interaction":{"idSuffix":"I"}},"clearTextFirst":true,"interactionType":"ENTER_TEXT"}]}
COMMAND: POST /session/a5881d3eaca756d633e860ab0441a8d1/actions - {"actions":[{"id":"action19","type":"key","parameters":{},"actions":[{"type":"keyDown","value":"î€‡"},{"type":"pause","duration":10},{"type":"keyUp","value":"î€‡"}]}]}
RESULT: {"actions":[{"id":"action19","type":"key","parameters":{},"actions":[{"type":"keyDown","value":"î€‡"},{"type":"pause","duration":10},{"type":"keyUp","value":"î€‡"}]}]}
COMMAND: GET /session/a5881d3eaca756d633e860ab0441a8d1/screenshot - {}
RESULT: {}
COMMAND: POST /session/a5881d3eaca756d633e860ab0441a8d1/element - {"using":"xpath","value":"//td[@aria-colindex=\"1\"]/div/div[contains(@class, \"sapMCbBg\")]"}
RESULT: {"using":"xpath","value":"//td[@aria-colindex=\"1\"]/div/div[contains(@class, \"sapMCbBg\")]"}
COMMAND: POST /session/a5881d3eaca756d633e860ab0441a8d1/element/f.70EA98C12271B5C153327B12E8209453.d.F4A8B9569DF0C2F61393746C3405E029.e.5869/click - {}
RESULT: {}
COMMAND: GET /session/a5881d3eaca756d633e860ab0441a8d1/screenshot - {}
RESULT: {}
COMMAND: POST /session/a5881d3eaca756d633e860ab0441a8d1/execute/async - {"script":"<script> [1562 bytes]","args":[{"selector":{"id":"application-managebillings-display-component---billRunCalcResult--contractBillRunDate","interaction":{"idSuffix":"inner"}},"wdio_ui5_key":"applicationmanagebillings-display-component---billRunCalcResult--contractBillRunDate"}]}
RESULT: {"script":"<script> [1562 bytes]","args":[{"selector":{"id":"application-managebillings-display-component---billRunCalcResult--contractBillRunDate","interaction":{"idSuffix":"inner"}},"wdio_ui5_key":"applicationmanagebillings-display-component---billRunCalcResult--contractBillRunDate"}]}
RESULT: undefined
COMMAND: POST /session/a5881d3eaca756d633e860ab0441a8d1/execute/async - {"script":"<script> [776 bytes]","args":[{"enterText":"05/30/25","selector":{"id":"application-managebillings-display-component---billRunCalcResult--contractBillRunDate","interaction":{"idSuffix":"inner"}},"clearTextFirst":true,"interactionType":"ENTER_TEXT"}]}
RESULT: {"script":"<script> [776 bytes]","args":[{"enterText":"05/30/25","selector":{"id":"application-managebillings-display-component---billRunCalcResult--contractBillRunDate","interaction":{"idSuffix":"inner"}},"clearTextFirst":true,"interactionType":"ENTER_TEXT"}]}
COMMAND: POST /session/a5881d3eaca756d633e860ab0441a8d1/element - {"using":"xpath","value":"//bdi[contains(text(), \"Trigger Calculation\")]"}
RESULT: {"using":"xpath","value":"//bdi[contains(text(), \"Trigger Calculation\")]"}
COMMAND: POST /session/a5881d3eaca756d633e860ab0441a8d1/element/f.70EA98C12271B5C153327B12E8209453.d.F4A8B9569DF0C2F61393746C3405E029.e.5921/click - {}
RESULT: {}
COMMAND: GET /session/a5881d3eaca756d633e860ab0441a8d1/screenshot - {}
RESULT: {}
COMMAND: POST /session/a5881d3eaca756d633e860ab0441a8d1/element - {"using":"xpath","value":"(//span[contains(@id, \"imgNav\")])[1]"}
RESULT: {"using":"xpath","value":"(//span[contains(@id, \"imgNav\")])[1]"}
COMMAND: POST /session/a5881d3eaca756d633e860ab0441a8d1/element/f.70EA98C12271B5C153327B12E8209453.d.F4A8B9569DF0C2F61393746C3405E029.e.5870/click - {}
RESULT: {}
COMMAND: GET /session/a5881d3eaca756d633e860ab0441a8d1/screenshot - {}
RESULT: {}
COMMAND: POST /session/a5881d3eaca756d633e860ab0441a8d1/element - {"using":"xpath","value":"//tr/td[6]/div[1]/span[1]/span[1]"}
RESULT: {"using":"xpath","value":"//tr/td[6]/div[1]/span[1]/span[1]"}
COMMAND: GET /session/a5881d3eaca756d633e860ab0441a8d1/element/f.70EA98C12271B5C153327B12E8209453.d.F4A8B9569DF0C2F61393746C3405E029.e.5926/text - {}
RESULT: {}
COMMAND: POST /session/a5881d3eaca756d633e860ab0441a8d1/element - {"using":"xpath","value":"(//span[contains(@id, \"imgNav\")])[2]"}
RESULT: {"using":"xpath","value":"(//span[contains(@id, \"imgNav\")])[2]"}
COMMAND: POST /session/a5881d3eaca756d633e860ab0441a8d1/element/f.70EA98C12271B5C153327B12E8209453.d.F4A8B9569DF0C2F61393746C3405E029.e.5927/click - {}
RESULT: {}
COMMAND: GET /session/a5881d3eaca756d633e860ab0441a8d1/screenshot - {}
RESULT: {}
COMMAND: POST /session/a5881d3eaca756d633e860ab0441a8d1/element - {"using":"xpath","value":"//bdi[contains(text(), \"Business Confirm\")]"}
RESULT: {"using":"xpath","value":"//bdi[contains(text(), \"Business Confirm\")]"}
COMMAND: POST /session/a5881d3eaca756d633e860ab0441a8d1/element/f.70EA98C12271B5C153327B12E8209453.d.F4A8B9569DF0C2F61393746C3405E029.e.5994/click - {}
RESULT: {}
COMMAND: GET /session/a5881d3eaca756d633e860ab0441a8d1/screenshot - {}
RESULT: {}
COMMAND: POST /session/a5881d3eaca756d633e860ab0441a8d1/element - {"using":"xpath","value":"//bdi[contains(text(), \"Business Confirmed\")]"}
RESULT: {"using":"xpath","value":"//bdi[contains(text(), \"Business Confirmed\")]"}
COMMAND: POST /session/a5881d3eaca756d633e860ab0441a8d1/execute/sync - {"script":"<script> [56 bytes]","args":[{"element-6066-11e4-a52e-4f735466cecf":"f.70EA98C12271B5C153327B12E8209453.d.F4A8B9569DF0C2F61393746C3405E029.e.5994","ELEMENT":"f.70EA98C12271B5C153327B12E8209453.d.F4A8B9569DF0C2F61393746C3405E029.e.5994"}]}
RESULT: {"script":"<script> [56 bytes]","args":[{"element-6066-11e4-a52e-4f735466cecf":"f.70EA98C12271B5C153327B12E8209453.d.F4A8B9569DF0C2F61393746C3405E029.e.5994","ELEMENT":"f.70EA98C12271B5C153327B12E8209453.d.F4A8B9569DF0C2F61393746C3405E029.e.5994"}]}
COMMAND: POST /session/a5881d3eaca756d633e860ab0441a8d1/element - {"using":"css selector","value":"#shell-header-logo"}
COMMAND: GET /session/a5881d3eaca756d633e860ab0441a8d1/screenshot - {}
RESULT: {"using":"css selector","value":"#shell-header-logo"}
COMMAND: POST /session/a5881d3eaca756d633e860ab0441a8d1/element/f.70EA98C12271B5C153327B12E8209453.d.F4A8B9569DF0C2F61393746C3405E029.e.5652/click - {}
RESULT: {}
RESULT: {}
COMMAND: GET /session/a5881d3eaca756d633e860ab0441a8d1/screenshot - {}
RESULT: {}
COMMAND: POST /session/a5881d3eaca756d633e860ab0441a8d1/element - {"using":"css selector","value":"#j_username"}
COMMAND: POST /session/a5881d3eaca756d633e860ab0441a8d1/url - {"url":"https://qa-testing-00-live-etm-ui.cfapps.eu10-004.hana.ondemand.com/"}
RESULT: {"using":"css selector","value":"#j_username"}
COMMAND: POST /session/a5881d3eaca756d633e860ab0441a8d1/element - {"using":"css selector","value":"#j_username"}
RESULT: {"url":"https://qa-testing-00-live-etm-ui.cfapps.eu10-004.hana.ondemand.com/"}
RESULT: undefined
COMMAND: GET /session/a5881d3eaca756d633e860ab0441a8d1/screenshot - {}
RESULT: {"using":"css selector","value":"#j_username"}
COMMAND: POST /session/a5881d3eaca756d633e860ab0441a8d1/element - {"using":"css selector","value":"#shell-header-logo"}
RESULT: {}
RESULT: {"using":"css selector","value":"#shell-header-logo"}
COMMAND: POST /session/a5881d3eaca756d633e860ab0441a8d1/execute/sync - {"script":"<script> [8489 bytes]","args":[{"element-6066-11e4-a52e-4f735466cecf":"f.70EA98C12271B5C153327B12E8209453.d.6E7F772CDEA6EEB5851A8628FBF63E05.e.6010","ELEMENT":"f.70EA98C12271B5C153327B12E8209453.d.6E7F772CDEA6EEB5851A8628FBF63E05.e.6010"}]}
RESULT: {"script":"<script> [8489 bytes]","args":[{"element-6066-11e4-a52e-4f735466cecf":"f.70EA98C12271B5C153327B12E8209453.d.6E7F772CDEA6EEB5851A8628FBF63E05.e.6010","ELEMENT":"f.70EA98C12271B5C153327B12E8209453.d.6E7F772CDEA6EEB5851A8628FBF63E05.e.6010"}]}
COMMAND: POST /session/a5881d3eaca756d633e860ab0441a8d1/element - {"using":"css selector","value":"#shell-header-logo"}
COMMAND: GET /session/a5881d3eaca756d633e860ab0441a8d1/screenshot - {}
RESULT: {"using":"css selector","value":"#shell-header-logo"}
COMMAND: POST /session/a5881d3eaca756d633e860ab0441a8d1/execute/sync - {"script":"<script> [8489 bytes]","args":[{"element-6066-11e4-a52e-4f735466cecf":"f.70EA98C12271B5C153327B12E8209453.d.6E7F772CDEA6EEB5851A8628FBF63E05.e.6010","ELEMENT":"f.70EA98C12271B5C153327B12E8209453.d.6E7F772CDEA6EEB5851A8628FBF63E05.e.6010"}]}
RESULT: {}
RESULT: {"script":"<script> [8489 bytes]","args":[{"element-6066-11e4-a52e-4f735466cecf":"f.70EA98C12271B5C153327B12E8209453.d.6E7F772CDEA6EEB5851A8628FBF63E05.e.6010","ELEMENT":"f.70EA98C12271B5C153327B12E8209453.d.6E7F772CDEA6EEB5851A8628FBF63E05.e.6010"}]}
COMMAND: POST /session/a5881d3eaca756d633e860ab0441a8d1/execute/sync - {"script":"<script> [5351 bytes]","args":[{"element-6066-11e4-a52e-4f735466cecf":"f.70EA98C12271B5C153327B12E8209453.d.6E7F772CDEA6EEB5851A8628FBF63E05.e.6010","ELEMENT":"f.70EA98C12271B5C153327B12E8209453.d.6E7F772CDEA6EEB5851A8628FBF63E05.e.6010"}]}
COMMAND: GET /session/a5881d3eaca756d633e860ab0441a8d1/screenshot - {}
RESULT: {"script":"<script> [5351 bytes]","args":[{"element-6066-11e4-a52e-4f735466cecf":"f.70EA98C12271B5C153327B12E8209453.d.6E7F772CDEA6EEB5851A8628FBF63E05.e.6010","ELEMENT":"f.70EA98C12271B5C153327B12E8209453.d.6E7F772CDEA6EEB5851A8628FBF63E05.e.6010"}]}
COMMAND: POST /session/a5881d3eaca756d633e860ab0441a8d1/element - {"using":"css selector","value":"#shell-header-logo"}
COMMAND: GET /session/a5881d3eaca756d633e860ab0441a8d1/screenshot - {}
RESULT: {}
RESULT: {"using":"css selector","value":"#shell-header-logo"}
COMMAND: POST /session/a5881d3eaca756d633e860ab0441a8d1/element/f.70EA98C12271B5C153327B12E8209453.d.6E7F772CDEA6EEB5851A8628FBF63E05.e.6010/click - {}
RESULT: {}
RESULT: {}
COMMAND: GET /session/a5881d3eaca756d633e860ab0441a8d1/screenshot - {}
RESULT: {}
COMMAND: POST /session/a5881d3eaca756d633e860ab0441a8d1/execute/async - {"script":"<script> [189 bytes]","args":[]}
RESULT: {"script":"<script> [189 bytes]","args":[]}
COMMAND: POST /session/a5881d3eaca756d633e860ab0441a8d1/execute/async - {"script":"<script> [123 bytes]","args":[]}
RESULT: {"script":"<script> [123 bytes]","args":[]}
COMMAND: POST /session/a5881d3eaca756d633e860ab0441a8d1/timeouts - {"script":"<number>"}
RESULT: {"script":"<number>"}
COMMAND: GET /session/a5881d3eaca756d633e860ab0441a8d1/timeouts - {}
RESULT: {}
RESULT: undefined
COMMAND: POST /session/a5881d3eaca756d633e860ab0441a8d1/execute/async - {"script":"<script> [2676 bytes]","args":[]}
RESULT: {"script":"<script> [2676 bytes]","args":[]}
COMMAND: POST /session/a5881d3eaca756d633e860ab0441a8d1/execute/async - {"script":"<script> [2342 bytes]","args":[{"protocol":"http","hostname":"0.0.0.0","path":"/","capabilities":{"browserName":"chrome","goog:chromeOptions":{"binary":"C:\\Program Files\\Google\\Chrome\\Application\\chrome.exe","args":["--start-maximized"]}},"logLevel":"warn","connectionRetryTimeout":120000,"connectionRetryCount":3,"logLevels":{},"enableDirectConnect":true,"strictSSL":true,"_":"65 more keys: [\"cacheDir\",\"port\",\"requestedCapabilities\",\"automationProtocol\",\"baseUrl\",\"waitforInterval\",\"waitforTimeout\",\"onReload\",\"beforeCommand\",\"afterCommand\",\"rootDir\",\"specs\",\"suites\",\"exclude\",\"groupLogsByTestSpec\",\"excludeDriverLogs\",\"bail\",\"framework\",\"reporters\",\"services\",\"maxInstances\",\"maxInstancesPerCapability\",\"injectGlobals\",\"filesToWatch\",\"execArgv\",\"runnerEnv\",\"runner\",\"shard\",\"specFileRetries\",\"specFileRetriesDelay\",\"specFileRetriesDeferred\",\"reporterSyncInterval\",\"reporterSyncTimeout\",\"cucumberFeaturesWithLineNumbers\",\"autoCompileOpts\",\"mochaOpts\",\"jasmineOpts\",\"cucumberOpts\",\"onPrepare\",\"onWorkerStart\",\"onWorkerEnd\",\"before\",\"beforeSession\",\"beforeSuite\",\"beforeHook\",\"beforeTest\",\"afterTest\",\"afterHook\",\"afterSuite\",\"afterSession\",\"after\",\"onComplete\",\"beforeAssertion\",\"afterAssertion\",\"beforeFeature\",\"beforeScenario\",\"beforeStep\",\"afterStep\",\"afterScenario\",\"afterFeature\",\"_\",\"suite\",\"$0\",\"ignoredWorkerServices\",\"wdi5\"]"}]}
RESULT: {"script":"<script> [2342 bytes]","args":[{"protocol":"http","hostname":"0.0.0.0","path":"/","capabilities":{"browserName":"chrome","goog:chromeOptions":{"binary":"C:\\Program Files\\Google\\Chrome\\Application\\chrome.exe","args":["--start-maximized"]}},"logLevel":"warn","connectionRetryTimeout":120000,"connectionRetryCount":3,"logLevels":{},"enableDirectConnect":true,"strictSSL":true,"_":"65 more keys: [\"cacheDir\",\"port\",\"requestedCapabilities\",\"automationProtocol\",\"baseUrl\",\"waitforInterval\",\"waitforTimeout\",\"onReload\",\"beforeCommand\",\"afterCommand\",\"rootDir\",\"specs\",\"suites\",\"exclude\",\"groupLogsByTestSpec\",\"excludeDriverLogs\",\"bail\",\"framework\",\"reporters\",\"services\",\"maxInstances\",\"maxInstancesPerCapability\",\"injectGlobals\",\"filesToWatch\",\"execArgv\",\"runnerEnv\",\"runner\",\"shard\",\"specFileRetries\",\"specFileRetriesDelay\",\"specFileRetriesDeferred\",\"reporterSyncInterval\",\"reporterSyncTimeout\",\"cucumberFeaturesWithLineNumbers\",\"autoCompileOpts\",\"mochaOpts\",\"jasmineOpts\",\"cucumberOpts\",\"onPrepare\",\"onWorkerStart\",\"onWorkerEnd\",\"before\",\"beforeSession\",\"beforeSuite\",\"beforeHook\",\"beforeTest\",\"afterTest\",\"afterHook\",\"afterSuite\",\"afterSession\",\"after\",\"onComplete\",\"beforeAssertion\",\"afterAssertion\",\"beforeFeature\",\"beforeScenario\",\"beforeStep\",\"afterStep\",\"afterScenario\",\"afterFeature\",\"_\",\"suite\",\"$0\",\"ignoredWorkerServices\",\"wdi5\"]"}]}
COMMAND: POST /session/a5881d3eaca756d633e860ab0441a8d1/execute/async - {"script":"<script> [21126 bytes]","args":[35000]}
RESULT: {"script":"<script> [21126 bytes]","args":[35000]}
COMMAND: POST /session/a5881d3eaca756d633e860ab0441a8d1/window/maximize - {}
RESULT: {}
COMMAND: POST /session/a5881d3eaca756d633e860ab0441a8d1/execute/async - {"script":"<script> [1562 bytes]","args":[{"selector":{"id":"shell-header","interaction":{"idSuffix":"icon"}},"wdio_ui5_key":"shellheader"}]}
COMMAND: GET /session/a5881d3eaca756d633e860ab0441a8d1/screenshot - {}
RESULT: {"script":"<script> [1562 bytes]","args":[{"selector":{"id":"shell-header","interaction":{"idSuffix":"icon"}},"wdio_ui5_key":"shellheader"}]}
RESULT: undefined
COMMAND: POST /session/a5881d3eaca756d633e860ab0441a8d1/refresh - {}
RESULT: {}
RESULT: {}
COMMAND: GET /session/a5881d3eaca756d633e860ab0441a8d1/screenshot - {}
RESULT: {}
COMMAND: POST /session/a5881d3eaca756d633e860ab0441a8d1/refresh - {}
RESULT: {}
COMMAND: GET /session/a5881d3eaca756d633e860ab0441a8d1/screenshot - {}
RESULT: {}
COMMAND: POST /session/a5881d3eaca756d633e860ab0441a8d1/window/fullscreen - {}
RESULT: {}
COMMAND: POST /session/a5881d3eaca756d633e860ab0441a8d1/execute/async - {"script":"<script> [189 bytes]","args":[]}
RESULT: {"script":"<script> [189 bytes]","args":[]}
COMMAND: POST /session/a5881d3eaca756d633e860ab0441a8d1/execute/async - {"script":"<script> [123 bytes]","args":[]}
RESULT: {"script":"<script> [123 bytes]","args":[]}
COMMAND: POST /session/a5881d3eaca756d633e860ab0441a8d1/timeouts - {"script":"<number>"}
RESULT: {"script":"<number>"}
COMMAND: GET /session/a5881d3eaca756d633e860ab0441a8d1/timeouts - {}
RESULT: {}
RESULT: undefined
COMMAND: POST /session/a5881d3eaca756d633e860ab0441a8d1/execute/async - {"script":"<script> [2676 bytes]","args":[]}
RESULT: {"script":"<script> [2676 bytes]","args":[]}
COMMAND: POST /session/a5881d3eaca756d633e860ab0441a8d1/execute/async - {"script":"<script> [2342 bytes]","args":[{"protocol":"http","hostname":"0.0.0.0","path":"/","capabilities":{"browserName":"chrome","goog:chromeOptions":{"binary":"C:\\Program Files\\Google\\Chrome\\Application\\chrome.exe","args":["--start-maximized"]}},"logLevel":"warn","connectionRetryTimeout":120000,"connectionRetryCount":3,"logLevels":{},"enableDirectConnect":true,"strictSSL":true,"_":"65 more keys: [\"cacheDir\",\"port\",\"requestedCapabilities\",\"automationProtocol\",\"baseUrl\",\"waitforInterval\",\"waitforTimeout\",\"onReload\",\"beforeCommand\",\"afterCommand\",\"rootDir\",\"specs\",\"suites\",\"exclude\",\"groupLogsByTestSpec\",\"excludeDriverLogs\",\"bail\",\"framework\",\"reporters\",\"services\",\"maxInstances\",\"maxInstancesPerCapability\",\"injectGlobals\",\"filesToWatch\",\"execArgv\",\"runnerEnv\",\"runner\",\"shard\",\"specFileRetries\",\"specFileRetriesDelay\",\"specFileRetriesDeferred\",\"reporterSyncInterval\",\"reporterSyncTimeout\",\"cucumberFeaturesWithLineNumbers\",\"autoCompileOpts\",\"mochaOpts\",\"jasmineOpts\",\"cucumberOpts\",\"onPrepare\",\"onWorkerStart\",\"onWorkerEnd\",\"before\",\"beforeSession\",\"beforeSuite\",\"beforeHook\",\"beforeTest\",\"afterTest\",\"afterHook\",\"afterSuite\",\"afterSession\",\"after\",\"onComplete\",\"beforeAssertion\",\"afterAssertion\",\"beforeFeature\",\"beforeScenario\",\"beforeStep\",\"afterStep\",\"afterScenario\",\"afterFeature\",\"_\",\"suite\",\"$0\",\"ignoredWorkerServices\",\"wdi5\"]"}]}
RESULT: {"script":"<script> [2342 bytes]","args":[{"protocol":"http","hostname":"0.0.0.0","path":"/","capabilities":{"browserName":"chrome","goog:chromeOptions":{"binary":"C:\\Program Files\\Google\\Chrome\\Application\\chrome.exe","args":["--start-maximized"]}},"logLevel":"warn","connectionRetryTimeout":120000,"connectionRetryCount":3,"logLevels":{},"enableDirectConnect":true,"strictSSL":true,"_":"65 more keys: [\"cacheDir\",\"port\",\"requestedCapabilities\",\"automationProtocol\",\"baseUrl\",\"waitforInterval\",\"waitforTimeout\",\"onReload\",\"beforeCommand\",\"afterCommand\",\"rootDir\",\"specs\",\"suites\",\"exclude\",\"groupLogsByTestSpec\",\"excludeDriverLogs\",\"bail\",\"framework\",\"reporters\",\"services\",\"maxInstances\",\"maxInstancesPerCapability\",\"injectGlobals\",\"filesToWatch\",\"execArgv\",\"runnerEnv\",\"runner\",\"shard\",\"specFileRetries\",\"specFileRetriesDelay\",\"specFileRetriesDeferred\",\"reporterSyncInterval\",\"reporterSyncTimeout\",\"cucumberFeaturesWithLineNumbers\",\"autoCompileOpts\",\"mochaOpts\",\"jasmineOpts\",\"cucumberOpts\",\"onPrepare\",\"onWorkerStart\",\"onWorkerEnd\",\"before\",\"beforeSession\",\"beforeSuite\",\"beforeHook\",\"beforeTest\",\"afterTest\",\"afterHook\",\"afterSuite\",\"afterSession\",\"after\",\"onComplete\",\"beforeAssertion\",\"afterAssertion\",\"beforeFeature\",\"beforeScenario\",\"beforeStep\",\"afterStep\",\"afterScenario\",\"afterFeature\",\"_\",\"suite\",\"$0\",\"ignoredWorkerServices\",\"wdi5\"]"}]}
COMMAND: POST /session/a5881d3eaca756d633e860ab0441a8d1/execute/async - {"script":"<script> [21126 bytes]","args":[35000]}
RESULT: {"script":"<script> [21126 bytes]","args":[35000]}
]]></system-out>
    </testcase>
  </testsuite>
  <testsuite timestamp="2025-04-30T17:23:17" time="1171.674" tests="14" failures="0" errors="0" skipped="0">
    <properties>
      <property name="specId" value="0" />
      <property name="suiteName" value="Create master data for mixed billing &amp; do billing calculation US151661" />
      <property name="capabilities" value="chrome.135_0_7049_96.windows" />
      <property name="file" value="file:///D:/a/1/s/test/specs/BTS/billing-calculation-mixed.spec.js" />
    </properties>
    <testcase classname="chrome.135_0_7049_96.windows.Create_master_data_for_mixed_billing_&amp;_do_billing_calculation_US151661" name="Should create a new yard" time="105.799">
      <system-out><![CDATA[
COMMAND: POST /session/a5881d3eaca756d633e860ab0441a8d1/window/fullscreen - {}
RESULT: {}
COMMAND: POST /session/a5881d3eaca756d633e860ab0441a8d1/execute/async - {"script":"<script> [1562 bytes]","args":[{"selector":{"controlType":"sap.m.GenericTile","properties":{"header":"Manage Yards"}},"wdio_ui5_key":"sapm.GenericTile{\"header\":\"Manage Yards\"}"}]}
RESULT: {"script":"<script> [1562 bytes]","args":[{"selector":{"controlType":"sap.m.GenericTile","properties":{"header":"Manage Yards"}},"wdio_ui5_key":"sapm.GenericTile{\"header\":\"Manage Yards\"}"}]}
RESULT: undefined
COMMAND: POST /session/a5881d3eaca756d633e860ab0441a8d1/element - {"using":"xpath","value":"//*[@id=\"__tile41\"]"}
RESULT: {"using":"xpath","value":"//*[@id=\"__tile41\"]"}
COMMAND: POST /session/a5881d3eaca756d633e860ab0441a8d1/element/f.70EA98C12271B5C153327B12E8209453.d.653B5BFBCEADA99B387E03400CB55051.e.6171/click - {}
RESULT: {}
COMMAND: POST /session/a5881d3eaca756d633e860ab0441a8d1/element - {"using":"xpath","value":"//button[@data-kt=\"addNewYardOverflowToolbarButton\"]"}
COMMAND: GET /session/a5881d3eaca756d633e860ab0441a8d1/screenshot - {}
RESULT: {"using":"xpath","value":"//button[@data-kt=\"addNewYardOverflowToolbarButton\"]"}
COMMAND: POST /session/a5881d3eaca756d633e860ab0441a8d1/elements - {"using":"xpath","value":"//button[@data-kt=\"addNewYardOverflowToolbarButton\"]"}
RESULT: {}
RESULT: {"using":"xpath","value":"//button[@data-kt=\"addNewYardOverflowToolbarButton\"]"}
COMMAND: POST /session/a5881d3eaca756d633e860ab0441a8d1/elements - {"using":"xpath","value":"//button[@data-kt=\"addNewYardOverflowToolbarButton\"]"}
RESULT: {"using":"xpath","value":"//button[@data-kt=\"addNewYardOverflowToolbarButton\"]"}
COMMAND: POST /session/a5881d3eaca756d633e860ab0441a8d1/elements - {"using":"xpath","value":"//button[@data-kt=\"addNewYardOverflowToolbarButton\"]"}
RESULT: {"using":"xpath","value":"//button[@data-kt=\"addNewYardOverflowToolbarButton\"]"}
COMMAND: POST /session/a5881d3eaca756d633e860ab0441a8d1/elements - {"using":"xpath","value":"//button[@data-kt=\"addNewYardOverflowToolbarButton\"]"}
RESULT: {"using":"xpath","value":"//button[@data-kt=\"addNewYardOverflowToolbarButton\"]"}
COMMAND: POST /session/a5881d3eaca756d633e860ab0441a8d1/elements - {"using":"xpath","value":"//button[@data-kt=\"addNewYardOverflowToolbarButton\"]"}
RESULT: {"using":"xpath","value":"//button[@data-kt=\"addNewYardOverflowToolbarButton\"]"}
COMMAND: POST /session/a5881d3eaca756d633e860ab0441a8d1/elements - {"using":"xpath","value":"//button[@data-kt=\"addNewYardOverflowToolbarButton\"]"}
RESULT: {"using":"xpath","value":"//button[@data-kt=\"addNewYardOverflowToolbarButton\"]"}
COMMAND: POST /session/a5881d3eaca756d633e860ab0441a8d1/elements - {"using":"xpath","value":"//button[@data-kt=\"addNewYardOverflowToolbarButton\"]"}
RESULT: {"using":"xpath","value":"//button[@data-kt=\"addNewYardOverflowToolbarButton\"]"}
COMMAND: POST /session/a5881d3eaca756d633e860ab0441a8d1/elements - {"using":"xpath","value":"//button[@data-kt=\"addNewYardOverflowToolbarButton\"]"}
RESULT: {"using":"xpath","value":"//button[@data-kt=\"addNewYardOverflowToolbarButton\"]"}
COMMAND: POST /session/a5881d3eaca756d633e860ab0441a8d1/elements - {"using":"xpath","value":"//button[@data-kt=\"addNewYardOverflowToolbarButton\"]"}
RESULT: {"using":"xpath","value":"//button[@data-kt=\"addNewYardOverflowToolbarButton\"]"}
COMMAND: POST /session/a5881d3eaca756d633e860ab0441a8d1/elements - {"using":"xpath","value":"//button[@data-kt=\"addNewYardOverflowToolbarButton\"]"}
RESULT: {"using":"xpath","value":"//button[@data-kt=\"addNewYardOverflowToolbarButton\"]"}
COMMAND: POST /session/a5881d3eaca756d633e860ab0441a8d1/elements - {"using":"xpath","value":"//button[@data-kt=\"addNewYardOverflowToolbarButton\"]"}
RESULT: {"using":"xpath","value":"//button[@data-kt=\"addNewYardOverflowToolbarButton\"]"}
COMMAND: POST /session/a5881d3eaca756d633e860ab0441a8d1/elements - {"using":"xpath","value":"//button[@data-kt=\"addNewYardOverflowToolbarButton\"]"}
RESULT: {"using":"xpath","value":"//button[@data-kt=\"addNewYardOverflowToolbarButton\"]"}
COMMAND: POST /session/a5881d3eaca756d633e860ab0441a8d1/elements - {"using":"xpath","value":"//button[@data-kt=\"addNewYardOverflowToolbarButton\"]"}
RESULT: {"using":"xpath","value":"//button[@data-kt=\"addNewYardOverflowToolbarButton\"]"}
COMMAND: POST /session/a5881d3eaca756d633e860ab0441a8d1/elements - {"using":"xpath","value":"//button[@data-kt=\"addNewYardOverflowToolbarButton\"]"}
RESULT: {"using":"xpath","value":"//button[@data-kt=\"addNewYardOverflowToolbarButton\"]"}
COMMAND: POST /session/a5881d3eaca756d633e860ab0441a8d1/elements - {"using":"xpath","value":"//button[@data-kt=\"addNewYardOverflowToolbarButton\"]"}
RESULT: {"using":"xpath","value":"//button[@data-kt=\"addNewYardOverflowToolbarButton\"]"}
COMMAND: POST /session/a5881d3eaca756d633e860ab0441a8d1/elements - {"using":"xpath","value":"//button[@data-kt=\"addNewYardOverflowToolbarButton\"]"}
RESULT: {"using":"xpath","value":"//button[@data-kt=\"addNewYardOverflowToolbarButton\"]"}
COMMAND: POST /session/a5881d3eaca756d633e860ab0441a8d1/elements - {"using":"xpath","value":"//button[@data-kt=\"addNewYardOverflowToolbarButton\"]"}
RESULT: {"using":"xpath","value":"//button[@data-kt=\"addNewYardOverflowToolbarButton\"]"}
COMMAND: POST /session/a5881d3eaca756d633e860ab0441a8d1/elements - {"using":"xpath","value":"//button[@data-kt=\"addNewYardOverflowToolbarButton\"]"}
RESULT: {"using":"xpath","value":"//button[@data-kt=\"addNewYardOverflowToolbarButton\"]"}
COMMAND: POST /session/a5881d3eaca756d633e860ab0441a8d1/elements - {"using":"xpath","value":"//button[@data-kt=\"addNewYardOverflowToolbarButton\"]"}
RESULT: {"using":"xpath","value":"//button[@data-kt=\"addNewYardOverflowToolbarButton\"]"}
COMMAND: POST /session/a5881d3eaca756d633e860ab0441a8d1/elements - {"using":"xpath","value":"//button[@data-kt=\"addNewYardOverflowToolbarButton\"]"}
RESULT: {"using":"xpath","value":"//button[@data-kt=\"addNewYardOverflowToolbarButton\"]"}
COMMAND: POST /session/a5881d3eaca756d633e860ab0441a8d1/elements - {"using":"xpath","value":"//button[@data-kt=\"addNewYardOverflowToolbarButton\"]"}
RESULT: {"using":"xpath","value":"//button[@data-kt=\"addNewYardOverflowToolbarButton\"]"}
COMMAND: POST /session/a5881d3eaca756d633e860ab0441a8d1/elements - {"using":"xpath","value":"//button[@data-kt=\"addNewYardOverflowToolbarButton\"]"}
RESULT: {"using":"xpath","value":"//button[@data-kt=\"addNewYardOverflowToolbarButton\"]"}
COMMAND: POST /session/a5881d3eaca756d633e860ab0441a8d1/element - {"using":"xpath","value":"//button[@data-kt=\"addNewYardOverflowToolbarButton\"]"}
RESULT: {"using":"xpath","value":"//button[@data-kt=\"addNewYardOverflowToolbarButton\"]"}
COMMAND: POST /session/a5881d3eaca756d633e860ab0441a8d1/execute/sync - {"script":"<script> [8489 bytes]","args":[{"element-6066-11e4-a52e-4f735466cecf":"f.70EA98C12271B5C153327B12E8209453.d.653B5BFBCEADA99B387E03400CB55051.e.6308","ELEMENT":"f.70EA98C12271B5C153327B12E8209453.d.653B5BFBCEADA99B387E03400CB55051.e.6308"}]}
RESULT: {"script":"<script> [8489 bytes]","args":[{"element-6066-11e4-a52e-4f735466cecf":"f.70EA98C12271B5C153327B12E8209453.d.653B5BFBCEADA99B387E03400CB55051.e.6308","ELEMENT":"f.70EA98C12271B5C153327B12E8209453.d.653B5BFBCEADA99B387E03400CB55051.e.6308"}]}
COMMAND: GET /session/a5881d3eaca756d633e860ab0441a8d1/element/f.70EA98C12271B5C153327B12E8209453.d.653B5BFBCEADA99B387E03400CB55051.e.6308/enabled - {}
COMMAND: GET /session/a5881d3eaca756d633e860ab0441a8d1/screenshot - {}
RESULT: {}
COMMAND: POST /session/a5881d3eaca756d633e860ab0441a8d1/execute/sync - {"script":"<script> [8489 bytes]","args":[{"element-6066-11e4-a52e-4f735466cecf":"f.70EA98C12271B5C153327B12E8209453.d.653B5BFBCEADA99B387E03400CB55051.e.6308","ELEMENT":"f.70EA98C12271B5C153327B12E8209453.d.653B5BFBCEADA99B387E03400CB55051.e.6308"}]}
COMMAND: GET /session/a5881d3eaca756d633e860ab0441a8d1/screenshot - {}
RESULT: {}
RESULT: {"script":"<script> [8489 bytes]","args":[{"element-6066-11e4-a52e-4f735466cecf":"f.70EA98C12271B5C153327B12E8209453.d.653B5BFBCEADA99B387E03400CB55051.e.6308","ELEMENT":"f.70EA98C12271B5C153327B12E8209453.d.653B5BFBCEADA99B387E03400CB55051.e.6308"}]}
COMMAND: POST /session/a5881d3eaca756d633e860ab0441a8d1/execute/sync - {"script":"<script> [5351 bytes]","args":[{"element-6066-11e4-a52e-4f735466cecf":"f.70EA98C12271B5C153327B12E8209453.d.653B5BFBCEADA99B387E03400CB55051.e.6308","ELEMENT":"f.70EA98C12271B5C153327B12E8209453.d.653B5BFBCEADA99B387E03400CB55051.e.6308"}]}
COMMAND: GET /session/a5881d3eaca756d633e860ab0441a8d1/screenshot - {}
RESULT: {}
RESULT: {"script":"<script> [5351 bytes]","args":[{"element-6066-11e4-a52e-4f735466cecf":"f.70EA98C12271B5C153327B12E8209453.d.653B5BFBCEADA99B387E03400CB55051.e.6308","ELEMENT":"f.70EA98C12271B5C153327B12E8209453.d.653B5BFBCEADA99B387E03400CB55051.e.6308"}]}
COMMAND: POST /session/a5881d3eaca756d633e860ab0441a8d1/element/f.70EA98C12271B5C153327B12E8209453.d.653B5BFBCEADA99B387E03400CB55051.e.6308/click - {}
COMMAND: GET /session/a5881d3eaca756d633e860ab0441a8d1/screenshot - {}
RESULT: {}
RESULT: {}
COMMAND: GET /session/a5881d3eaca756d633e860ab0441a8d1/screenshot - {}
COMMAND: POST /session/a5881d3eaca756d633e860ab0441a8d1/element - {"using":"xpath","value":"//input[@id=\"application-manageyards-display-component---NewYard--yardId-inner\"]"}
RESULT: {}
RESULT: {}
RESULT: {"using":"xpath","value":"//input[@id=\"application-manageyards-display-component---NewYard--yardId-inner\"]"}
COMMAND: POST /session/a5881d3eaca756d633e860ab0441a8d1/element - {"using":"xpath","value":"//input[@id=\"application-manageyards-display-component---NewYard--yardId-inner\"]"}
RESULT: {"using":"xpath","value":"//input[@id=\"application-manageyards-display-component---NewYard--yardId-inner\"]"}
COMMAND: POST /session/a5881d3eaca756d633e860ab0441a8d1/execute/async - {"script":"<script> [1562 bytes]","args":[{"selector":{"id":"application-manageyards-display-component---NewYard--addressDetailDetailsName1","interaction":{"idSuffix":"inner"}},"wdio_ui5_key":"applicationmanageyards-display-component---NewYard--addressDetailDetailsName1"}]}
RESULT: {"script":"<script> [1562 bytes]","args":[{"selector":{"id":"application-manageyards-display-component---NewYard--addressDetailDetailsName1","interaction":{"idSuffix":"inner"}},"wdio_ui5_key":"applicationmanageyards-display-component---NewYard--addressDetailDetailsName1"}]}
RESULT: undefined
COMMAND: POST /session/a5881d3eaca756d633e860ab0441a8d1/execute/async - {"script":"<script> [776 bytes]","args":[{"enterText":"Intercompany Yard wdIO","selector":{"id":"application-manageyards-display-component---NewYard--addressDetailDetailsName1","interaction":{"idSuffix":"inner"}},"clearTextFirst":true,"interactionType":"ENTER_TEXT"}]}
RESULT: {"script":"<script> [776 bytes]","args":[{"enterText":"Intercompany Yard wdIO","selector":{"id":"application-manageyards-display-component---NewYard--addressDetailDetailsName1","interaction":{"idSuffix":"inner"}},"clearTextFirst":true,"interactionType":"ENTER_TEXT"}]}
COMMAND: POST /session/a5881d3eaca756d633e860ab0441a8d1/execute/async - {"script":"<script> [1562 bytes]","args":[{"selector":{"id":"application-manageyards-display-component---NewYard--addressDetailDetailsLanguage-arrow"},"wdio_ui5_key":"applicationmanageyards-display-component---NewYard--addressDetailDetailsLanguage-arrow"}]}
RESULT: {"script":"<script> [1562 bytes]","args":[{"selector":{"id":"application-manageyards-display-component---NewYard--addressDetailDetailsLanguage-arrow"},"wdio_ui5_key":"applicationmanageyards-display-component---NewYard--addressDetailDetailsLanguage-arrow"}]}
RESULT: undefined
COMMAND: POST /session/a5881d3eaca756d633e860ab0441a8d1/element - {"using":"xpath","value":"//*[@id=\"application-manageyards-display-component---NewYard--addressDetailDetailsLanguage-arrow\"]"}
RESULT: {"using":"xpath","value":"//*[@id=\"application-manageyards-display-component---NewYard--addressDetailDetailsLanguage-arrow\"]"}
COMMAND: POST /session/a5881d3eaca756d633e860ab0441a8d1/element/f.70EA98C12271B5C153327B12E8209453.d.653B5BFBCEADA99B387E03400CB55051.e.6738/click - {}
RESULT: {}
COMMAND: POST /session/a5881d3eaca756d633e860ab0441a8d1/element - {"using":"xpath","value":"//span[contains(text(), \"English\")]"}
COMMAND: GET /session/a5881d3eaca756d633e860ab0441a8d1/screenshot - {}
RESULT: {"using":"xpath","value":"//span[contains(text(), \"English\")]"}
COMMAND: POST /session/a5881d3eaca756d633e860ab0441a8d1/element/f.70EA98C12271B5C153327B12E8209453.d.653B5BFBCEADA99B387E03400CB55051.e.6739/click - {}
RESULT: {}
RESULT: {}
COMMAND: POST /session/a5881d3eaca756d633e860ab0441a8d1/execute/async - {"script":"<script> [1562 bytes]","args":[{"selector":{"id":"application-manageyards-display-component---NewYard--addressDetailDetailsCity1","interaction":{"idSuffix":"inner"}},"wdio_ui5_key":"applicationmanageyards-display-component---NewYard--addressDetailDetailsCity1"}]}
COMMAND: GET /session/a5881d3eaca756d633e860ab0441a8d1/screenshot - {}
RESULT: {"script":"<script> [1562 bytes]","args":[{"selector":{"id":"application-manageyards-display-component---NewYard--addressDetailDetailsCity1","interaction":{"idSuffix":"inner"}},"wdio_ui5_key":"applicationmanageyards-display-component---NewYard--addressDetailDetailsCity1"}]}
RESULT: undefined
COMMAND: POST /session/a5881d3eaca756d633e860ab0441a8d1/execute/async - {"script":"<script> [776 bytes]","args":[{"enterText":"Rosario","selector":{"id":"application-manageyards-display-component---NewYard--addressDetailDetailsCity1","interaction":{"idSuffix":"inner"}},"clearTextFirst":true,"interactionType":"ENTER_TEXT"}]}
RESULT: {}
RESULT: {"script":"<script> [776 bytes]","args":[{"enterText":"Rosario","selector":{"id":"application-manageyards-display-component---NewYard--addressDetailDetailsCity1","interaction":{"idSuffix":"inner"}},"clearTextFirst":true,"interactionType":"ENTER_TEXT"}]}
COMMAND: POST /session/a5881d3eaca756d633e860ab0441a8d1/execute/async - {"script":"<script> [1562 bytes]","args":[{"selector":{"id":"application-manageyards-display-component---NewYard--addressDetailDetailsCountry-arrow"},"wdio_ui5_key":"applicationmanageyards-display-component---NewYard--addressDetailDetailsCountry-arrow"}]}
RESULT: {"script":"<script> [1562 bytes]","args":[{"selector":{"id":"application-manageyards-display-component---NewYard--addressDetailDetailsCountry-arrow"},"wdio_ui5_key":"applicationmanageyards-display-component---NewYard--addressDetailDetailsCountry-arrow"}]}
RESULT: undefined
COMMAND: POST /session/a5881d3eaca756d633e860ab0441a8d1/element - {"using":"xpath","value":"//*[@id=\"application-manageyards-display-component---NewYard--addressDetailDetailsCountry-arrow\"]"}
RESULT: {"using":"xpath","value":"//*[@id=\"application-manageyards-display-component---NewYard--addressDetailDetailsCountry-arrow\"]"}
COMMAND: POST /session/a5881d3eaca756d633e860ab0441a8d1/element/f.70EA98C12271B5C153327B12E8209453.d.653B5BFBCEADA99B387E03400CB55051.e.6741/click - {}
RESULT: {}
COMMAND: POST /session/a5881d3eaca756d633e860ab0441a8d1/element - {"using":"xpath","value":"//span[contains(text(), \"Argentina\")]"}
COMMAND: GET /session/a5881d3eaca756d633e860ab0441a8d1/screenshot - {}
RESULT: {"using":"xpath","value":"//span[contains(text(), \"Argentina\")]"}
COMMAND: POST /session/a5881d3eaca756d633e860ab0441a8d1/element/f.70EA98C12271B5C153327B12E8209453.d.653B5BFBCEADA99B387E03400CB55051.e.6742/click - {}
RESULT: {}
RESULT: {}
COMMAND: POST /session/a5881d3eaca756d633e860ab0441a8d1/execute/async - {"script":"<script> [1562 bytes]","args":[{"selector":{"id":"application-manageyards-display-component---NewYard--addressEditDetailsCostObjectCstType-arrow"},"wdio_ui5_key":"applicationmanageyards-display-component---NewYard--addressEditDetailsCostObjectCstType-arrow"}]}
COMMAND: GET /session/a5881d3eaca756d633e860ab0441a8d1/screenshot - {}
RESULT: {"script":"<script> [1562 bytes]","args":[{"selector":{"id":"application-manageyards-display-component---NewYard--addressEditDetailsCostObjectCstType-arrow"},"wdio_ui5_key":"applicationmanageyards-display-component---NewYard--addressEditDetailsCostObjectCstType-arrow"}]}
RESULT: undefined
COMMAND: POST /session/a5881d3eaca756d633e860ab0441a8d1/element - {"using":"xpath","value":"//*[@id=\"application-manageyards-display-component---NewYard--addressEditDetailsCostObjectCstType-arrow\"]"}
RESULT: {}
RESULT: {"using":"xpath","value":"//*[@id=\"application-manageyards-display-component---NewYard--addressEditDetailsCostObjectCstType-arrow\"]"}
COMMAND: POST /session/a5881d3eaca756d633e860ab0441a8d1/element/f.70EA98C12271B5C153327B12E8209453.d.653B5BFBCEADA99B387E03400CB55051.e.6743/click - {}
RESULT: {}
COMMAND: POST /session/a5881d3eaca756d633e860ab0441a8d1/element - {"using":"xpath","value":"//span[contains(text(), \"Cost Center\")]"}
COMMAND: GET /session/a5881d3eaca756d633e860ab0441a8d1/screenshot - {}
RESULT: {"using":"xpath","value":"//span[contains(text(), \"Cost Center\")]"}
COMMAND: POST /session/a5881d3eaca756d633e860ab0441a8d1/element/f.70EA98C12271B5C153327B12E8209453.d.653B5BFBCEADA99B387E03400CB55051.e.6744/click - {}
RESULT: {}
RESULT: {}
COMMAND: GET /session/a5881d3eaca756d633e860ab0441a8d1/screenshot - {}
RESULT: {}
COMMAND: POST /session/a5881d3eaca756d633e860ab0441a8d1/element - {"using":"xpath","value":"//span[@id=\"application-manageyards-display-component---NewYard--addressNewCostObjectCstID-vhi\"]"}
RESULT: {"using":"xpath","value":"//span[@id=\"application-manageyards-display-component---NewYard--addressNewCostObjectCstID-vhi\"]"}
COMMAND: POST /session/a5881d3eaca756d633e860ab0441a8d1/execute/sync - {"script":"<script> [8489 bytes]","args":[{"element-6066-11e4-a52e-4f735466cecf":"f.70EA98C12271B5C153327B12E8209453.d.653B5BFBCEADA99B387E03400CB55051.e.6748","ELEMENT":"f.70EA98C12271B5C153327B12E8209453.d.653B5BFBCEADA99B387E03400CB55051.e.6748"}]}
RESULT: {"script":"<script> [8489 bytes]","args":[{"element-6066-11e4-a52e-4f735466cecf":"f.70EA98C12271B5C153327B12E8209453.d.653B5BFBCEADA99B387E03400CB55051.e.6748","ELEMENT":"f.70EA98C12271B5C153327B12E8209453.d.653B5BFBCEADA99B387E03400CB55051.e.6748"}]}
COMMAND: POST /session/a5881d3eaca756d633e860ab0441a8d1/execute/async - {"script":"<script> [1562 bytes]","args":[{"selector":{"id":"application-manageyards-display-component---NewYard--addressNewCostObjectCstID-vhi"},"wdio_ui5_key":"applicationmanageyards-display-component---NewYard--addressNewCostObjectCstID-vhi"}]}
COMMAND: GET /session/a5881d3eaca756d633e860ab0441a8d1/screenshot - {}
RESULT: {"script":"<script> [1562 bytes]","args":[{"selector":{"id":"application-manageyards-display-component---NewYard--addressNewCostObjectCstID-vhi"},"wdio_ui5_key":"applicationmanageyards-display-component---NewYard--addressNewCostObjectCstID-vhi"}]}
RESULT: undefined
COMMAND: POST /session/a5881d3eaca756d633e860ab0441a8d1/element - {"using":"xpath","value":"//*[@id=\"application-manageyards-display-component---NewYard--addressNewCostObjectCstID-vhi\"]"}
RESULT: {}
RESULT: {"using":"xpath","value":"//*[@id=\"application-manageyards-display-component---NewYard--addressNewCostObjectCstID-vhi\"]"}
COMMAND: POST /session/a5881d3eaca756d633e860ab0441a8d1/element/f.70EA98C12271B5C153327B12E8209453.d.653B5BFBCEADA99B387E03400CB55051.e.6748/click - {}
RESULT: {}
COMMAND: GET /session/a5881d3eaca756d633e860ab0441a8d1/screenshot - {}
RESULT: {}
COMMAND: POST /session/a5881d3eaca756d633e860ab0441a8d1/execute/async - {"script":"<script> [1562 bytes]","args":[{"selector":{"controlType":"sap.m.SearchField","properties":{"placeholder":"Search"},"searchOpenDialogs":true,"interaction":{"idSuffix":"I"}},"wdio_ui5_key":"sapm.SearchField{\"placeholder\":\"Search\"}"}]}
RESULT: {"script":"<script> [1562 bytes]","args":[{"selector":{"controlType":"sap.m.SearchField","properties":{"placeholder":"Search"},"searchOpenDialogs":true,"interaction":{"idSuffix":"I"}},"wdio_ui5_key":"sapm.SearchField{\"placeholder\":\"Search\"}"}]}
RESULT: undefined
COMMAND: POST /session/a5881d3eaca756d633e860ab0441a8d1/execute/async - {"script":"<script> [776 bytes]","args":[{"enterText":"10001013","selector":{"controlType":"sap.m.SearchField","properties":{"placeholder":"Search"},"searchOpenDialogs":true,"interaction":{"idSuffix":"I"}},"clearTextFirst":true,"interactionType":"ENTER_TEXT"}]}
RESULT: {"script":"<script> [776 bytes]","args":[{"enterText":"10001013","selector":{"controlType":"sap.m.SearchField","properties":{"placeholder":"Search"},"searchOpenDialogs":true,"interaction":{"idSuffix":"I"}},"clearTextFirst":true,"interactionType":"ENTER_TEXT"}]}
COMMAND: POST /session/a5881d3eaca756d633e860ab0441a8d1/actions - {"actions":[{"id":"action20","type":"key","parameters":{},"actions":[{"type":"keyDown","value":"î€‡"},{"type":"pause","duration":10},{"type":"keyUp","value":"î€‡"}]}]}
RESULT: {"actions":[{"id":"action20","type":"key","parameters":{},"actions":[{"type":"keyDown","value":"î€‡"},{"type":"pause","duration":10},{"type":"keyUp","value":"î€‡"}]}]}
COMMAND: GET /session/a5881d3eaca756d633e860ab0441a8d1/screenshot - {}
RESULT: {}
COMMAND: POST /session/a5881d3eaca756d633e860ab0441a8d1/element - {"using":"xpath","value":"//span[contains(text(), \"General Management\")]"}
RESULT: {"using":"xpath","value":"//span[contains(text(), \"General Management\")]"}
COMMAND: POST /session/a5881d3eaca756d633e860ab0441a8d1/element/f.70EA98C12271B5C153327B12E8209453.d.653B5BFBCEADA99B387E03400CB55051.e.6789/click - {}
RESULT: {}
COMMAND: GET /session/a5881d3eaca756d633e860ab0441a8d1/screenshot - {}
RESULT: {}
COMMAND: POST /session/a5881d3eaca756d633e860ab0441a8d1/element - {"using":"xpath","value":"//bdi[contains(text(), \"OK\")]"}
RESULT: {"using":"xpath","value":"//bdi[contains(text(), \"OK\")]"}
COMMAND: POST /session/a5881d3eaca756d633e860ab0441a8d1/element/f.70EA98C12271B5C153327B12E8209453.d.653B5BFBCEADA99B387E03400CB55051.e.6790/click - {}
RESULT: {}
COMMAND: GET /session/a5881d3eaca756d633e860ab0441a8d1/screenshot - {}
RESULT: {}
COMMAND: POST /session/a5881d3eaca756d633e860ab0441a8d1/execute/async - {"script":"<script> [1562 bytes]","args":[{"selector":{"id":"application-manageyards-display-component---NewYard--addressEditDetailsCurrency-arrow"},"wdio_ui5_key":"applicationmanageyards-display-component---NewYard--addressEditDetailsCurrency-arrow"}]}
RESULT: {"script":"<script> [1562 bytes]","args":[{"selector":{"id":"application-manageyards-display-component---NewYard--addressEditDetailsCurrency-arrow"},"wdio_ui5_key":"applicationmanageyards-display-component---NewYard--addressEditDetailsCurrency-arrow"}]}
RESULT: undefined
COMMAND: POST /session/a5881d3eaca756d633e860ab0441a8d1/element - {"using":"xpath","value":"//*[@id=\"application-manageyards-display-component---NewYard--addressEditDetailsCurrency-arrow\"]"}
RESULT: {"using":"xpath","value":"//*[@id=\"application-manageyards-display-component---NewYard--addressEditDetailsCurrency-arrow\"]"}
COMMAND: POST /session/a5881d3eaca756d633e860ab0441a8d1/element/f.70EA98C12271B5C153327B12E8209453.d.653B5BFBCEADA99B387E03400CB55051.e.6793/click - {}
RESULT: {}
COMMAND: POST /session/a5881d3eaca756d633e860ab0441a8d1/element - {"using":"xpath","value":"//span[contains(text(), \"Euro\")]"}
COMMAND: GET /session/a5881d3eaca756d633e860ab0441a8d1/screenshot - {}
RESULT: {"using":"xpath","value":"//span[contains(text(), \"Euro\")]"}
COMMAND: POST /session/a5881d3eaca756d633e860ab0441a8d1/element/f.70EA98C12271B5C153327B12E8209453.d.653B5BFBCEADA99B387E03400CB55051.e.6794/click - {}
RESULT: {}
RESULT: {}
COMMAND: POST /session/a5881d3eaca756d633e860ab0441a8d1/execute/async - {"script":"<script> [1562 bytes]","args":[{"selector":{"controlType":"sap.m.Input","viewName":"etm.portal.ui.manageyards.view.New","viewId":"application-manageyards-display-component---NewYard","bindingPath":{"path":"","propertyPath":"/CONTROLLING_AREA","modelName":"NewYardModel"},"interaction":{"idSuffix":"inner"}},"wdio_ui5_key":"etmportal.ui.manageyards.view.Newsap.m.Input{\"path\":\"\",\"propertyPath\":\"/CONTROLLING_AREA\",\"modelName\":\"NewYardModel\"}"}]}
COMMAND: GET /session/a5881d3eaca756d633e860ab0441a8d1/screenshot - {}
RESULT: {"script":"<script> [1562 bytes]","args":[{"selector":{"controlType":"sap.m.Input","viewName":"etm.portal.ui.manageyards.view.New","viewId":"application-manageyards-display-component---NewYard","bindingPath":{"path":"","propertyPath":"/CONTROLLING_AREA","modelName":"NewYardModel"},"interaction":{"idSuffix":"inner"}},"wdio_ui5_key":"etmportal.ui.manageyards.view.Newsap.m.Input{\"path\":\"\",\"propertyPath\":\"/CONTROLLING_AREA\",\"modelName\":\"NewYardModel\"}"}]}
RESULT: undefined
COMMAND: POST /session/a5881d3eaca756d633e860ab0441a8d1/execute/async - {"script":"<script> [776 bytes]","args":[{"enterText":"Z001","selector":{"controlType":"sap.m.Input","viewName":"etm.portal.ui.manageyards.view.New","viewId":"application-manageyards-display-component---NewYard","bindingPath":{"path":"","propertyPath":"/CONTROLLING_AREA","modelName":"NewYardModel"},"interaction":{"idSuffix":"inner"}},"clearTextFirst":true,"interactionType":"ENTER_TEXT"}]}
RESULT: {}
RESULT: {"script":"<script> [776 bytes]","args":[{"enterText":"Z001","selector":{"controlType":"sap.m.Input","viewName":"etm.portal.ui.manageyards.view.New","viewId":"application-manageyards-display-component---NewYard","bindingPath":{"path":"","propertyPath":"/CONTROLLING_AREA","modelName":"NewYardModel"},"interaction":{"idSuffix":"inner"}},"clearTextFirst":true,"interactionType":"ENTER_TEXT"}]}
COMMAND: POST /session/a5881d3eaca756d633e860ab0441a8d1/execute/async - {"script":"<script> [1562 bytes]","args":[{"selector":{"id":"application-manageyards-display-component---NewYard--companyCodeComboBox","interaction":{"idSuffix":"inner"}},"wdio_ui5_key":"applicationmanageyards-display-component---NewYard--companyCodeComboBox"}]}
RESULT: {"script":"<script> [1562 bytes]","args":[{"selector":{"id":"application-manageyards-display-component---NewYard--companyCodeComboBox","interaction":{"idSuffix":"inner"}},"wdio_ui5_key":"applicationmanageyards-display-component---NewYard--companyCodeComboBox"}]}
RESULT: undefined
COMMAND: POST /session/a5881d3eaca756d633e860ab0441a8d1/execute/async - {"script":"<script> [776 bytes]","args":[{"enterText":"1000","selector":{"id":"application-manageyards-display-component---NewYard--companyCodeComboBox","interaction":{"idSuffix":"inner"}},"clearTextFirst":true,"interactionType":"ENTER_TEXT"}]}
RESULT: {"script":"<script> [776 bytes]","args":[{"enterText":"1000","selector":{"id":"application-manageyards-display-component---NewYard--companyCodeComboBox","interaction":{"idSuffix":"inner"}},"clearTextFirst":true,"interactionType":"ENTER_TEXT"}]}
COMMAND: POST /session/a5881d3eaca756d633e860ab0441a8d1/execute/async - {"script":"<script> [1562 bytes]","args":[{"selector":{"controlType":"sap.m.Input","viewName":"etm.portal.ui.manageyards.view.New","viewId":"application-manageyards-display-component---NewYard","bindingPath":{"path":"","propertyPath":"/PLANT","modelName":"NewYardModel"},"interaction":{"idSuffix":"inner"}},"wdio_ui5_key":"etmportal.ui.manageyards.view.Newsap.m.Input{\"path\":\"\",\"propertyPath\":\"/PLANT\",\"modelName\":\"NewYardModel\"}"}]}
RESULT: {"script":"<script> [1562 bytes]","args":[{"selector":{"controlType":"sap.m.Input","viewName":"etm.portal.ui.manageyards.view.New","viewId":"application-manageyards-display-component---NewYard","bindingPath":{"path":"","propertyPath":"/PLANT","modelName":"NewYardModel"},"interaction":{"idSuffix":"inner"}},"wdio_ui5_key":"etmportal.ui.manageyards.view.Newsap.m.Input{\"path\":\"\",\"propertyPath\":\"/PLANT\",\"modelName\":\"NewYardModel\"}"}]}
RESULT: undefined
COMMAND: POST /session/a5881d3eaca756d633e860ab0441a8d1/execute/async - {"script":"<script> [776 bytes]","args":[{"enterText":"1001","selector":{"controlType":"sap.m.Input","viewName":"etm.portal.ui.manageyards.view.New","viewId":"application-manageyards-display-component---NewYard","bindingPath":{"path":"","propertyPath":"/PLANT","modelName":"NewYardModel"},"interaction":{"idSuffix":"inner"}},"clearTextFirst":true,"interactionType":"ENTER_TEXT"}]}
RESULT: {"script":"<script> [776 bytes]","args":[{"enterText":"1001","selector":{"controlType":"sap.m.Input","viewName":"etm.portal.ui.manageyards.view.New","viewId":"application-manageyards-display-component---NewYard","bindingPath":{"path":"","propertyPath":"/PLANT","modelName":"NewYardModel"},"interaction":{"idSuffix":"inner"}},"clearTextFirst":true,"interactionType":"ENTER_TEXT"}]}
COMMAND: POST /session/a5881d3eaca756d633e860ab0441a8d1/execute/async - {"script":"<script> [1562 bytes]","args":[{"selector":{"controlType":"sap.m.Input","viewName":"etm.portal.ui.manageyards.view.New","viewId":"application-manageyards-display-component---NewYard","bindingPath":{"path":"","propertyPath":"/SALES_AREA_VKORG","modelName":"NewYardModel"},"interaction":{"idSuffix":"inner"}},"wdio_ui5_key":"etmportal.ui.manageyards.view.Newsap.m.Input{\"path\":\"\",\"propertyPath\":\"/SALES_AREA_VKORG\",\"modelName\":\"NewYardModel\"}"}]}
RESULT: {"script":"<script> [1562 bytes]","args":[{"selector":{"controlType":"sap.m.Input","viewName":"etm.portal.ui.manageyards.view.New","viewId":"application-manageyards-display-component---NewYard","bindingPath":{"path":"","propertyPath":"/SALES_AREA_VKORG","modelName":"NewYardModel"},"interaction":{"idSuffix":"inner"}},"wdio_ui5_key":"etmportal.ui.manageyards.view.Newsap.m.Input{\"path\":\"\",\"propertyPath\":\"/SALES_AREA_VKORG\",\"modelName\":\"NewYardModel\"}"}]}
RESULT: undefined
COMMAND: POST /session/a5881d3eaca756d633e860ab0441a8d1/execute/async - {"script":"<script> [776 bytes]","args":[{"enterText":"C002","selector":{"controlType":"sap.m.Input","viewName":"etm.portal.ui.manageyards.view.New","viewId":"application-manageyards-display-component---NewYard","bindingPath":{"path":"","propertyPath":"/SALES_AREA_VKORG","modelName":"NewYardModel"},"interaction":{"idSuffix":"inner"}},"clearTextFirst":true,"interactionType":"ENTER_TEXT"}]}
RESULT: {"script":"<script> [776 bytes]","args":[{"enterText":"C002","selector":{"controlType":"sap.m.Input","viewName":"etm.portal.ui.manageyards.view.New","viewId":"application-manageyards-display-component---NewYard","bindingPath":{"path":"","propertyPath":"/SALES_AREA_VKORG","modelName":"NewYardModel"},"interaction":{"idSuffix":"inner"}},"clearTextFirst":true,"interactionType":"ENTER_TEXT"}]}
COMMAND: POST /session/a5881d3eaca756d633e860ab0441a8d1/execute/async - {"script":"<script> [1562 bytes]","args":[{"selector":{"controlType":"sap.m.Input","viewName":"etm.portal.ui.manageyards.view.New","viewId":"application-manageyards-display-component---NewYard","bindingPath":{"path":"","propertyPath":"/SALES_AREA_VTWEG","modelName":"NewYardModel"},"interaction":{"idSuffix":"inner"}},"wdio_ui5_key":"etmportal.ui.manageyards.view.Newsap.m.Input{\"path\":\"\",\"propertyPath\":\"/SALES_AREA_VTWEG\",\"modelName\":\"NewYardModel\"}"}]}
RESULT: {"script":"<script> [1562 bytes]","args":[{"selector":{"controlType":"sap.m.Input","viewName":"etm.portal.ui.manageyards.view.New","viewId":"application-manageyards-display-component---NewYard","bindingPath":{"path":"","propertyPath":"/SALES_AREA_VTWEG","modelName":"NewYardModel"},"interaction":{"idSuffix":"inner"}},"wdio_ui5_key":"etmportal.ui.manageyards.view.Newsap.m.Input{\"path\":\"\",\"propertyPath\":\"/SALES_AREA_VTWEG\",\"modelName\":\"NewYardModel\"}"}]}
RESULT: undefined
COMMAND: POST /session/a5881d3eaca756d633e860ab0441a8d1/execute/async - {"script":"<script> [776 bytes]","args":[{"enterText":"C2","selector":{"controlType":"sap.m.Input","viewName":"etm.portal.ui.manageyards.view.New","viewId":"application-manageyards-display-component---NewYard","bindingPath":{"path":"","propertyPath":"/SALES_AREA_VTWEG","modelName":"NewYardModel"},"interaction":{"idSuffix":"inner"}},"clearTextFirst":true,"interactionType":"ENTER_TEXT"}]}
RESULT: {"script":"<script> [776 bytes]","args":[{"enterText":"C2","selector":{"controlType":"sap.m.Input","viewName":"etm.portal.ui.manageyards.view.New","viewId":"application-manageyards-display-component---NewYard","bindingPath":{"path":"","propertyPath":"/SALES_AREA_VTWEG","modelName":"NewYardModel"},"interaction":{"idSuffix":"inner"}},"clearTextFirst":true,"interactionType":"ENTER_TEXT"}]}
COMMAND: POST /session/a5881d3eaca756d633e860ab0441a8d1/execute/async - {"script":"<script> [1562 bytes]","args":[{"selector":{"controlType":"sap.m.Input","viewName":"etm.portal.ui.manageyards.view.New","viewId":"application-manageyards-display-component---NewYard","bindingPath":{"path":"","propertyPath":"/SALES_AREA_SPART","modelName":"NewYardModel"},"interaction":{"idSuffix":"inner"}},"wdio_ui5_key":"etmportal.ui.manageyards.view.Newsap.m.Input{\"path\":\"\",\"propertyPath\":\"/SALES_AREA_SPART\",\"modelName\":\"NewYardModel\"}"}]}
RESULT: {"script":"<script> [1562 bytes]","args":[{"selector":{"controlType":"sap.m.Input","viewName":"etm.portal.ui.manageyards.view.New","viewId":"application-manageyards-display-component---NewYard","bindingPath":{"path":"","propertyPath":"/SALES_AREA_SPART","modelName":"NewYardModel"},"interaction":{"idSuffix":"inner"}},"wdio_ui5_key":"etmportal.ui.manageyards.view.Newsap.m.Input{\"path\":\"\",\"propertyPath\":\"/SALES_AREA_SPART\",\"modelName\":\"NewYardModel\"}"}]}
RESULT: undefined
COMMAND: POST /session/a5881d3eaca756d633e860ab0441a8d1/execute/async - {"script":"<script> [776 bytes]","args":[{"enterText":"C2","selector":{"controlType":"sap.m.Input","viewName":"etm.portal.ui.manageyards.view.New","viewId":"application-manageyards-display-component---NewYard","bindingPath":{"path":"","propertyPath":"/SALES_AREA_SPART","modelName":"NewYardModel"},"interaction":{"idSuffix":"inner"}},"clearTextFirst":true,"interactionType":"ENTER_TEXT"}]}
RESULT: {"script":"<script> [776 bytes]","args":[{"enterText":"C2","selector":{"controlType":"sap.m.Input","viewName":"etm.portal.ui.manageyards.view.New","viewId":"application-manageyards-display-component---NewYard","bindingPath":{"path":"","propertyPath":"/SALES_AREA_SPART","modelName":"NewYardModel"},"interaction":{"idSuffix":"inner"}},"clearTextFirst":true,"interactionType":"ENTER_TEXT"}]}
COMMAND: POST /session/a5881d3eaca756d633e860ab0441a8d1/execute/async - {"script":"<script> [1562 bytes]","args":[{"selector":{"controlType":"sap.m.Input","viewName":"etm.portal.ui.manageyards.view.New","viewId":"application-manageyards-display-component---NewYard","bindingPath":{"path":"","propertyPath":"/SHIP_POINT","modelName":"NewYardModel"},"interaction":{"idSuffix":"inner"}},"wdio_ui5_key":"etmportal.ui.manageyards.view.Newsap.m.Input{\"path\":\"\",\"propertyPath\":\"/SHIP_POINT\",\"modelName\":\"NewYardModel\"}"}]}
RESULT: {"script":"<script> [1562 bytes]","args":[{"selector":{"controlType":"sap.m.Input","viewName":"etm.portal.ui.manageyards.view.New","viewId":"application-manageyards-display-component---NewYard","bindingPath":{"path":"","propertyPath":"/SHIP_POINT","modelName":"NewYardModel"},"interaction":{"idSuffix":"inner"}},"wdio_ui5_key":"etmportal.ui.manageyards.view.Newsap.m.Input{\"path\":\"\",\"propertyPath\":\"/SHIP_POINT\",\"modelName\":\"NewYardModel\"}"}]}
RESULT: undefined
COMMAND: POST /session/a5881d3eaca756d633e860ab0441a8d1/execute/async - {"script":"<script> [776 bytes]","args":[{"enterText":"1710","selector":{"controlType":"sap.m.Input","viewName":"etm.portal.ui.manageyards.view.New","viewId":"application-manageyards-display-component---NewYard","bindingPath":{"path":"","propertyPath":"/SHIP_POINT","modelName":"NewYardModel"},"interaction":{"idSuffix":"inner"}},"clearTextFirst":true,"interactionType":"ENTER_TEXT"}]}
RESULT: {"script":"<script> [776 bytes]","args":[{"enterText":"1710","selector":{"controlType":"sap.m.Input","viewName":"etm.portal.ui.manageyards.view.New","viewId":"application-manageyards-display-component---NewYard","bindingPath":{"path":"","propertyPath":"/SHIP_POINT","modelName":"NewYardModel"},"interaction":{"idSuffix":"inner"}},"clearTextFirst":true,"interactionType":"ENTER_TEXT"}]}
COMMAND: POST /session/a5881d3eaca756d633e860ab0441a8d1/execute/async - {"script":"<script> [1562 bytes]","args":[{"selector":{"controlType":"sap.m.Input","viewName":"etm.portal.ui.manageyards.view.New","viewId":"application-manageyards-display-component---NewYard","bindingPath":{"path":"","propertyPath":"/DELIVERY_TYPE","modelName":"NewYardModel"},"interaction":{"idSuffix":"inner"}},"wdio_ui5_key":"etmportal.ui.manageyards.view.Newsap.m.Input{\"path\":\"\",\"propertyPath\":\"/DELIVERY_TYPE\",\"modelName\":\"NewYardModel\"}"}]}
RESULT: {"script":"<script> [1562 bytes]","args":[{"selector":{"controlType":"sap.m.Input","viewName":"etm.portal.ui.manageyards.view.New","viewId":"application-manageyards-display-component---NewYard","bindingPath":{"path":"","propertyPath":"/DELIVERY_TYPE","modelName":"NewYardModel"},"interaction":{"idSuffix":"inner"}},"wdio_ui5_key":"etmportal.ui.manageyards.view.Newsap.m.Input{\"path\":\"\",\"propertyPath\":\"/DELIVERY_TYPE\",\"modelName\":\"NewYardModel\"}"}]}
RESULT: undefined
COMMAND: POST /session/a5881d3eaca756d633e860ab0441a8d1/execute/async - {"script":"<script> [776 bytes]","args":[{"enterText":"ZL01","selector":{"controlType":"sap.m.Input","viewName":"etm.portal.ui.manageyards.view.New","viewId":"application-manageyards-display-component---NewYard","bindingPath":{"path":"","propertyPath":"/DELIVERY_TYPE","modelName":"NewYardModel"},"interaction":{"idSuffix":"inner"}},"clearTextFirst":true,"interactionType":"ENTER_TEXT"}]}
RESULT: {"script":"<script> [776 bytes]","args":[{"enterText":"ZL01","selector":{"controlType":"sap.m.Input","viewName":"etm.portal.ui.manageyards.view.New","viewId":"application-manageyards-display-component---NewYard","bindingPath":{"path":"","propertyPath":"/DELIVERY_TYPE","modelName":"NewYardModel"},"interaction":{"idSuffix":"inner"}},"clearTextFirst":true,"interactionType":"ENTER_TEXT"}]}
COMMAND: POST /session/a5881d3eaca756d633e860ab0441a8d1/execute/async - {"script":"<script> [1562 bytes]","args":[{"selector":{"controlType":"sap.m.Input","viewName":"etm.portal.ui.manageyards.view.New","viewId":"application-manageyards-display-component---NewYard","bindingPath":{"path":"","propertyPath":"/AUART","modelName":"NewYardModel"},"interaction":{"idSuffix":"inner"}},"wdio_ui5_key":"etmportal.ui.manageyards.view.Newsap.m.Input{\"path\":\"\",\"propertyPath\":\"/AUART\",\"modelName\":\"NewYardModel\"}"}]}
RESULT: {"script":"<script> [1562 bytes]","args":[{"selector":{"controlType":"sap.m.Input","viewName":"etm.portal.ui.manageyards.view.New","viewId":"application-manageyards-display-component---NewYard","bindingPath":{"path":"","propertyPath":"/AUART","modelName":"NewYardModel"},"interaction":{"idSuffix":"inner"}},"wdio_ui5_key":"etmportal.ui.manageyards.view.Newsap.m.Input{\"path\":\"\",\"propertyPath\":\"/AUART\",\"modelName\":\"NewYardModel\"}"}]}
RESULT: undefined
COMMAND: POST /session/a5881d3eaca756d633e860ab0441a8d1/execute/async - {"script":"<script> [776 bytes]","args":[{"enterText":"TA","selector":{"controlType":"sap.m.Input","viewName":"etm.portal.ui.manageyards.view.New","viewId":"application-manageyards-display-component---NewYard","bindingPath":{"path":"","propertyPath":"/AUART","modelName":"NewYardModel"},"interaction":{"idSuffix":"inner"}},"clearTextFirst":true,"interactionType":"ENTER_TEXT"}]}
RESULT: {"script":"<script> [776 bytes]","args":[{"enterText":"TA","selector":{"controlType":"sap.m.Input","viewName":"etm.portal.ui.manageyards.view.New","viewId":"application-manageyards-display-component---NewYard","bindingPath":{"path":"","propertyPath":"/AUART","modelName":"NewYardModel"},"interaction":{"idSuffix":"inner"}},"clearTextFirst":true,"interactionType":"ENTER_TEXT"}]}
COMMAND: POST /session/a5881d3eaca756d633e860ab0441a8d1/element - {"using":"xpath","value":"//button[@data-kt=\"newYardSaveButton\"]"}
RESULT: {"using":"xpath","value":"//button[@data-kt=\"newYardSaveButton\"]"}
COMMAND: POST /session/a5881d3eaca756d633e860ab0441a8d1/element/f.70EA98C12271B5C153327B12E8209453.d.653B5BFBCEADA99B387E03400CB55051.e.6722/click - {}
RESULT: {}
COMMAND: GET /session/a5881d3eaca756d633e860ab0441a8d1/screenshot - {}
RESULT: {}
COMMAND: POST /session/a5881d3eaca756d633e860ab0441a8d1/element - {"using":"xpath","value":"//header[contains(@id, 'ObjectPageLayout-headerTitle')]/div[1]/div[2]/div[1]/span[1]"}
RESULT: {"using":"xpath","value":"//header[contains(@id, 'ObjectPageLayout-headerTitle')]/div[1]/div[2]/div[1]/span[1]"}
COMMAND: POST /session/a5881d3eaca756d633e860ab0441a8d1/elements - {"using":"xpath","value":"//header[contains(@id, 'ObjectPageLayout-headerTitle')]/div[1]/div[2]/div[1]/span[1]"}
RESULT: {"using":"xpath","value":"//header[contains(@id, 'ObjectPageLayout-headerTitle')]/div[1]/div[2]/div[1]/span[1]"}
COMMAND: POST /session/a5881d3eaca756d633e860ab0441a8d1/execute/sync - {"script":"<script> [56 bytes]","args":[{"element-6066-11e4-a52e-4f735466cecf":"f.70EA98C12271B5C153327B12E8209453.d.653B5BFBCEADA99B387E03400CB55051.e.7018","ELEMENT":"f.70EA98C12271B5C153327B12E8209453.d.653B5BFBCEADA99B387E03400CB55051.e.7018"}]}
RESULT: {"script":"<script> [56 bytes]","args":[{"element-6066-11e4-a52e-4f735466cecf":"f.70EA98C12271B5C153327B12E8209453.d.653B5BFBCEADA99B387E03400CB55051.e.7018","ELEMENT":"f.70EA98C12271B5C153327B12E8209453.d.653B5BFBCEADA99B387E03400CB55051.e.7018"}]}
COMMAND: GET /session/a5881d3eaca756d633e860ab0441a8d1/screenshot - {}
RESULT: {}
COMMAND: POST /session/a5881d3eaca756d633e860ab0441a8d1/element - {"using":"css selector","value":"#shell-header-logo"}
RESULT: {"using":"css selector","value":"#shell-header-logo"}
COMMAND: POST /session/a5881d3eaca756d633e860ab0441a8d1/element/f.70EA98C12271B5C153327B12E8209453.d.653B5BFBCEADA99B387E03400CB55051.e.6266/click - {}
RESULT: {}
COMMAND: GET /session/a5881d3eaca756d633e860ab0441a8d1/screenshot - {}
RESULT: {}
COMMAND: POST /session/a5881d3eaca756d633e860ab0441a8d1/execute/sync - {"script":"<script> [299 bytes]","args":[["getModel","getResource"]]}
RESULT: {"script":"<script> [299 bytes]","args":[["getModel","getResource"]]}
]]></system-out>
    </testcase>
    <testcase classname="chrome.135_0_7049_96.windows.Create_master_data_for_mixed_billing_&amp;_do_billing_calculation_US151661" name="Should create a new partner" time="116.773">
      <system-out><![CDATA[
COMMAND: POST /session/a5881d3eaca756d633e860ab0441a8d1/window/fullscreen - {}
COMMAND: GET /session/a5881d3eaca756d633e860ab0441a8d1/screenshot - {}
RESULT: {}
COMMAND: POST /session/a5881d3eaca756d633e860ab0441a8d1/execute/async - {"script":"<script> [1562 bytes]","args":[{"selector":{"controlType":"sap.m.GenericTile","properties":{"header":"Manage Partners"}},"wdio_ui5_key":"sapm.GenericTile{\"header\":\"Manage Partners\"}"}]}
RESULT: {}
RESULT: {"script":"<script> [1562 bytes]","args":[{"selector":{"controlType":"sap.m.GenericTile","properties":{"header":"Manage Partners"}},"wdio_ui5_key":"sapm.GenericTile{\"header\":\"Manage Partners\"}"}]}
RESULT: undefined
COMMAND: POST /session/a5881d3eaca756d633e860ab0441a8d1/element - {"using":"xpath","value":"//*[@id=\"__tile38\"]"}
RESULT: {"using":"xpath","value":"//*[@id=\"__tile38\"]"}
COMMAND: POST /session/a5881d3eaca756d633e860ab0441a8d1/element/f.70EA98C12271B5C153327B12E8209453.d.653B5BFBCEADA99B387E03400CB55051.e.6162/click - {}
RESULT: {}
COMMAND: POST /session/a5881d3eaca756d633e860ab0441a8d1/element - {"using":"xpath","value":"//button[@data-kt=\"addButton\"]"}
COMMAND: GET /session/a5881d3eaca756d633e860ab0441a8d1/screenshot - {}
RESULT: {"using":"xpath","value":"//button[@data-kt=\"addButton\"]"}
COMMAND: POST /session/a5881d3eaca756d633e860ab0441a8d1/elements - {"using":"xpath","value":"//button[@data-kt=\"addButton\"]"}
RESULT: {}
RESULT: {"using":"xpath","value":"//button[@data-kt=\"addButton\"]"}
COMMAND: POST /session/a5881d3eaca756d633e860ab0441a8d1/elements - {"using":"xpath","value":"//button[@data-kt=\"addButton\"]"}
RESULT: {"using":"xpath","value":"//button[@data-kt=\"addButton\"]"}
COMMAND: POST /session/a5881d3eaca756d633e860ab0441a8d1/elements - {"using":"xpath","value":"//button[@data-kt=\"addButton\"]"}
RESULT: {"using":"xpath","value":"//button[@data-kt=\"addButton\"]"}
COMMAND: POST /session/a5881d3eaca756d633e860ab0441a8d1/elements - {"using":"xpath","value":"//button[@data-kt=\"addButton\"]"}
RESULT: {"using":"xpath","value":"//button[@data-kt=\"addButton\"]"}
COMMAND: POST /session/a5881d3eaca756d633e860ab0441a8d1/elements - {"using":"xpath","value":"//button[@data-kt=\"addButton\"]"}
RESULT: {"using":"xpath","value":"//button[@data-kt=\"addButton\"]"}
COMMAND: POST /session/a5881d3eaca756d633e860ab0441a8d1/elements - {"using":"xpath","value":"//button[@data-kt=\"addButton\"]"}
RESULT: {"using":"xpath","value":"//button[@data-kt=\"addButton\"]"}
COMMAND: POST /session/a5881d3eaca756d633e860ab0441a8d1/elements - {"using":"xpath","value":"//button[@data-kt=\"addButton\"]"}
RESULT: {"using":"xpath","value":"//button[@data-kt=\"addButton\"]"}
COMMAND: POST /session/a5881d3eaca756d633e860ab0441a8d1/elements - {"using":"xpath","value":"//button[@data-kt=\"addButton\"]"}
RESULT: {"using":"xpath","value":"//button[@data-kt=\"addButton\"]"}
COMMAND: POST /session/a5881d3eaca756d633e860ab0441a8d1/elements - {"using":"xpath","value":"//button[@data-kt=\"addButton\"]"}
RESULT: {"using":"xpath","value":"//button[@data-kt=\"addButton\"]"}
COMMAND: POST /session/a5881d3eaca756d633e860ab0441a8d1/elements - {"using":"xpath","value":"//button[@data-kt=\"addButton\"]"}
RESULT: {"using":"xpath","value":"//button[@data-kt=\"addButton\"]"}
COMMAND: POST /session/a5881d3eaca756d633e860ab0441a8d1/elements - {"using":"xpath","value":"//button[@data-kt=\"addButton\"]"}
RESULT: {"using":"xpath","value":"//button[@data-kt=\"addButton\"]"}
COMMAND: POST /session/a5881d3eaca756d633e860ab0441a8d1/element - {"using":"xpath","value":"//button[@data-kt=\"addButton\"]"}
RESULT: {"using":"xpath","value":"//button[@data-kt=\"addButton\"]"}
COMMAND: POST /session/a5881d3eaca756d633e860ab0441a8d1/execute/sync - {"script":"<script> [8489 bytes]","args":[{"element-6066-11e4-a52e-4f735466cecf":"f.70EA98C12271B5C153327B12E8209453.d.653B5BFBCEADA99B387E03400CB55051.e.7055","ELEMENT":"f.70EA98C12271B5C153327B12E8209453.d.653B5BFBCEADA99B387E03400CB55051.e.7055"}]}
RESULT: {"script":"<script> [8489 bytes]","args":[{"element-6066-11e4-a52e-4f735466cecf":"f.70EA98C12271B5C153327B12E8209453.d.653B5BFBCEADA99B387E03400CB55051.e.7055","ELEMENT":"f.70EA98C12271B5C153327B12E8209453.d.653B5BFBCEADA99B387E03400CB55051.e.7055"}]}
COMMAND: GET /session/a5881d3eaca756d633e860ab0441a8d1/element/f.70EA98C12271B5C153327B12E8209453.d.653B5BFBCEADA99B387E03400CB55051.e.7055/enabled - {}
COMMAND: GET /session/a5881d3eaca756d633e860ab0441a8d1/screenshot - {}
RESULT: {}
COMMAND: POST /session/a5881d3eaca756d633e860ab0441a8d1/execute/sync - {"script":"<script> [8489 bytes]","args":[{"element-6066-11e4-a52e-4f735466cecf":"f.70EA98C12271B5C153327B12E8209453.d.653B5BFBCEADA99B387E03400CB55051.e.7055","ELEMENT":"f.70EA98C12271B5C153327B12E8209453.d.653B5BFBCEADA99B387E03400CB55051.e.7055"}]}
COMMAND: GET /session/a5881d3eaca756d633e860ab0441a8d1/screenshot - {}
RESULT: {}
RESULT: {"script":"<script> [8489 bytes]","args":[{"element-6066-11e4-a52e-4f735466cecf":"f.70EA98C12271B5C153327B12E8209453.d.653B5BFBCEADA99B387E03400CB55051.e.7055","ELEMENT":"f.70EA98C12271B5C153327B12E8209453.d.653B5BFBCEADA99B387E03400CB55051.e.7055"}]}
COMMAND: POST /session/a5881d3eaca756d633e860ab0441a8d1/execute/sync - {"script":"<script> [5351 bytes]","args":[{"element-6066-11e4-a52e-4f735466cecf":"f.70EA98C12271B5C153327B12E8209453.d.653B5BFBCEADA99B387E03400CB55051.e.7055","ELEMENT":"f.70EA98C12271B5C153327B12E8209453.d.653B5BFBCEADA99B387E03400CB55051.e.7055"}]}
COMMAND: GET /session/a5881d3eaca756d633e860ab0441a8d1/screenshot - {}
RESULT: {}
RESULT: {"script":"<script> [5351 bytes]","args":[{"element-6066-11e4-a52e-4f735466cecf":"f.70EA98C12271B5C153327B12E8209453.d.653B5BFBCEADA99B387E03400CB55051.e.7055","ELEMENT":"f.70EA98C12271B5C153327B12E8209453.d.653B5BFBCEADA99B387E03400CB55051.e.7055"}]}
COMMAND: POST /session/a5881d3eaca756d633e860ab0441a8d1/element/f.70EA98C12271B5C153327B12E8209453.d.653B5BFBCEADA99B387E03400CB55051.e.7055/click - {}
COMMAND: GET /session/a5881d3eaca756d633e860ab0441a8d1/screenshot - {}
RESULT: {}
RESULT: {}
COMMAND: GET /session/a5881d3eaca756d633e860ab0441a8d1/screenshot - {}
COMMAND: POST /session/a5881d3eaca756d633e860ab0441a8d1/execute/async - {"script":"<script> [1562 bytes]","args":[{"selector":{"id":"application-managepartners-display-component---NewPartner--addressDetailDetailsName1","interaction":{"idSuffix":"inner"}},"wdio_ui5_key":"applicationmanagepartners-display-component---NewPartner--addressDetailDetailsName1"}]}
RESULT: {}
RESULT: {}
RESULT: {"script":"<script> [1562 bytes]","args":[{"selector":{"id":"application-managepartners-display-component---NewPartner--addressDetailDetailsName1","interaction":{"idSuffix":"inner"}},"wdio_ui5_key":"applicationmanagepartners-display-component---NewPartner--addressDetailDetailsName1"}]}
RESULT: undefined
COMMAND: POST /session/a5881d3eaca756d633e860ab0441a8d1/execute/async - {"script":"<script> [776 bytes]","args":[{"enterText":"Intercompany Partner WDIO","selector":{"id":"application-managepartners-display-component---NewPartner--addressDetailDetailsName1","interaction":{"idSuffix":"inner"}},"clearTextFirst":true,"interactionType":"ENTER_TEXT"}]}
RESULT: {"script":"<script> [776 bytes]","args":[{"enterText":"Intercompany Partner WDIO","selector":{"id":"application-managepartners-display-component---NewPartner--addressDetailDetailsName1","interaction":{"idSuffix":"inner"}},"clearTextFirst":true,"interactionType":"ENTER_TEXT"}]}
COMMAND: POST /session/a5881d3eaca756d633e860ab0441a8d1/execute/async - {"script":"<script> [1562 bytes]","args":[{"selector":{"id":"application-managepartners-display-component---NewPartner--addressDetailDetailsLanguage-arrow"},"wdio_ui5_key":"applicationmanagepartners-display-component---NewPartner--addressDetailDetailsLanguage-arrow"}]}
RESULT: {"script":"<script> [1562 bytes]","args":[{"selector":{"id":"application-managepartners-display-component---NewPartner--addressDetailDetailsLanguage-arrow"},"wdio_ui5_key":"applicationmanagepartners-display-component---NewPartner--addressDetailDetailsLanguage-arrow"}]}
RESULT: undefined
COMMAND: POST /session/a5881d3eaca756d633e860ab0441a8d1/element - {"using":"xpath","value":"//*[@id=\"application-managepartners-display-component---NewPartner--addressDetailDetailsLanguage-arrow\"]"}
RESULT: {"using":"xpath","value":"//*[@id=\"application-managepartners-display-component---NewPartner--addressDetailDetailsLanguage-arrow\"]"}
COMMAND: POST /session/a5881d3eaca756d633e860ab0441a8d1/element/f.70EA98C12271B5C153327B12E8209453.d.653B5BFBCEADA99B387E03400CB55051.e.7476/click - {}
RESULT: {}
COMMAND: POST /session/a5881d3eaca756d633e860ab0441a8d1/element - {"using":"xpath","value":"//span[contains(text(), \"English\")]"}
COMMAND: GET /session/a5881d3eaca756d633e860ab0441a8d1/screenshot - {}
RESULT: {"using":"xpath","value":"//span[contains(text(), \"English\")]"}
COMMAND: POST /session/a5881d3eaca756d633e860ab0441a8d1/element/f.70EA98C12271B5C153327B12E8209453.d.653B5BFBCEADA99B387E03400CB55051.e.7477/click - {}
RESULT: {}
RESULT: {}
COMMAND: GET /session/a5881d3eaca756d633e860ab0441a8d1/screenshot - {}
RESULT: {}
COMMAND: POST /session/a5881d3eaca756d633e860ab0441a8d1/execute/async - {"script":"<script> [1562 bytes]","args":[{"selector":{"id":"application-managepartners-display-component---NewPartner--addressDetailDetailsCity1","interaction":{"idSuffix":"inner"}},"wdio_ui5_key":"applicationmanagepartners-display-component---NewPartner--addressDetailDetailsCity1"}]}
RESULT: {"script":"<script> [1562 bytes]","args":[{"selector":{"id":"application-managepartners-display-component---NewPartner--addressDetailDetailsCity1","interaction":{"idSuffix":"inner"}},"wdio_ui5_key":"applicationmanagepartners-display-component---NewPartner--addressDetailDetailsCity1"}]}
RESULT: undefined
COMMAND: POST /session/a5881d3eaca756d633e860ab0441a8d1/execute/async - {"script":"<script> [776 bytes]","args":[{"enterText":"Rosario","selector":{"id":"application-managepartners-display-component---NewPartner--addressDetailDetailsCity1","interaction":{"idSuffix":"inner"}},"clearTextFirst":true,"interactionType":"ENTER_TEXT"}]}
RESULT: {"script":"<script> [776 bytes]","args":[{"enterText":"Rosario","selector":{"id":"application-managepartners-display-component---NewPartner--addressDetailDetailsCity1","interaction":{"idSuffix":"inner"}},"clearTextFirst":true,"interactionType":"ENTER_TEXT"}]}
COMMAND: POST /session/a5881d3eaca756d633e860ab0441a8d1/execute/async - {"script":"<script> [1562 bytes]","args":[{"selector":{"id":"application-managepartners-display-component---NewPartner--addressDetailDetailsCountry-arrow"},"wdio_ui5_key":"applicationmanagepartners-display-component---NewPartner--addressDetailDetailsCountry-arrow"}]}
RESULT: {"script":"<script> [1562 bytes]","args":[{"selector":{"id":"application-managepartners-display-component---NewPartner--addressDetailDetailsCountry-arrow"},"wdio_ui5_key":"applicationmanagepartners-display-component---NewPartner--addressDetailDetailsCountry-arrow"}]}
RESULT: undefined
COMMAND: POST /session/a5881d3eaca756d633e860ab0441a8d1/element - {"using":"xpath","value":"//*[@id=\"application-managepartners-display-component---NewPartner--addressDetailDetailsCountry-arrow\"]"}
RESULT: {"using":"xpath","value":"//*[@id=\"application-managepartners-display-component---NewPartner--addressDetailDetailsCountry-arrow\"]"}
COMMAND: POST /session/a5881d3eaca756d633e860ab0441a8d1/element/f.70EA98C12271B5C153327B12E8209453.d.653B5BFBCEADA99B387E03400CB55051.e.7452/click - {}
RESULT: {}
COMMAND: POST /session/a5881d3eaca756d633e860ab0441a8d1/element - {"using":"xpath","value":"//span[contains(text(), \"Argentina\")]"}
COMMAND: GET /session/a5881d3eaca756d633e860ab0441a8d1/screenshot - {}
RESULT: {"using":"xpath","value":"//span[contains(text(), \"Argentina\")]"}
COMMAND: POST /session/a5881d3eaca756d633e860ab0441a8d1/element/f.70EA98C12271B5C153327B12E8209453.d.653B5BFBCEADA99B387E03400CB55051.e.7479/click - {}
RESULT: {}
RESULT: {}
COMMAND: GET /session/a5881d3eaca756d633e860ab0441a8d1/screenshot - {}
RESULT: {}
COMMAND: POST /session/a5881d3eaca756d633e860ab0441a8d1/element - {"using":"xpath","value":"//bdi[contains(text(), \"Commercial\")]"}
RESULT: {"using":"xpath","value":"//bdi[contains(text(), \"Commercial\")]"}
COMMAND: POST /session/a5881d3eaca756d633e860ab0441a8d1/element/f.70EA98C12271B5C153327B12E8209453.d.653B5BFBCEADA99B387E03400CB55051.e.7480/click - {}
RESULT: {}
COMMAND: GET /session/a5881d3eaca756d633e860ab0441a8d1/screenshot - {}
RESULT: {}
COMMAND: POST /session/a5881d3eaca756d633e860ab0441a8d1/execute/async - {"script":"<script> [1562 bytes]","args":[{"selector":{"id":"application-managepartners-display-component---NewPartner--partnerDetailInternal-arrow"},"wdio_ui5_key":"applicationmanagepartners-display-component---NewPartner--partnerDetailInternal-arrow"}]}
RESULT: {"script":"<script> [1562 bytes]","args":[{"selector":{"id":"application-managepartners-display-component---NewPartner--partnerDetailInternal-arrow"},"wdio_ui5_key":"applicationmanagepartners-display-component---NewPartner--partnerDetailInternal-arrow"}]}
RESULT: undefined
COMMAND: POST /session/a5881d3eaca756d633e860ab0441a8d1/element - {"using":"xpath","value":"//*[@id=\"application-managepartners-display-component---NewPartner--partnerDetailInternal-arrow\"]"}
RESULT: {"using":"xpath","value":"//*[@id=\"application-managepartners-display-component---NewPartner--partnerDetailInternal-arrow\"]"}
COMMAND: POST /session/a5881d3eaca756d633e860ab0441a8d1/element/f.70EA98C12271B5C153327B12E8209453.d.653B5BFBCEADA99B387E03400CB55051.e.7486/click - {}
RESULT: {}
COMMAND: POST /session/a5881d3eaca756d633e860ab0441a8d1/element - {"using":"xpath","value":"//span[contains(text(), \"Affiliated company\")]"}
COMMAND: GET /session/a5881d3eaca756d633e860ab0441a8d1/screenshot - {}
RESULT: {"using":"xpath","value":"//span[contains(text(), \"Affiliated company\")]"}
COMMAND: POST /session/a5881d3eaca756d633e860ab0441a8d1/element/f.70EA98C12271B5C153327B12E8209453.d.653B5BFBCEADA99B387E03400CB55051.e.7487/click - {}
RESULT: {}
RESULT: {}
COMMAND: POST /session/a5881d3eaca756d633e860ab0441a8d1/execute/async - {"script":"<script> [1562 bytes]","args":[{"selector":{"id":"application-managepartners-display-component---NewPartner--partnerDetailsCurrency-arrow"},"wdio_ui5_key":"applicationmanagepartners-display-component---NewPartner--partnerDetailsCurrency-arrow"}]}
COMMAND: GET /session/a5881d3eaca756d633e860ab0441a8d1/screenshot - {}
RESULT: {"script":"<script> [1562 bytes]","args":[{"selector":{"id":"application-managepartners-display-component---NewPartner--partnerDetailsCurrency-arrow"},"wdio_ui5_key":"applicationmanagepartners-display-component---NewPartner--partnerDetailsCurrency-arrow"}]}
RESULT: undefined
COMMAND: POST /session/a5881d3eaca756d633e860ab0441a8d1/element - {"using":"xpath","value":"//*[@id=\"application-managepartners-display-component---NewPartner--partnerDetailsCurrency-arrow\"]"}
RESULT: {}
RESULT: {"using":"xpath","value":"//*[@id=\"application-managepartners-display-component---NewPartner--partnerDetailsCurrency-arrow\"]"}
COMMAND: POST /session/a5881d3eaca756d633e860ab0441a8d1/element/f.70EA98C12271B5C153327B12E8209453.d.653B5BFBCEADA99B387E03400CB55051.e.7494/click - {}
RESULT: {}
COMMAND: POST /session/a5881d3eaca756d633e860ab0441a8d1/element - {"using":"xpath","value":"//span[contains(text(), \"Euro\")]"}
COMMAND: GET /session/a5881d3eaca756d633e860ab0441a8d1/screenshot - {}
RESULT: {"using":"xpath","value":"//span[contains(text(), \"Euro\")]"}
COMMAND: POST /session/a5881d3eaca756d633e860ab0441a8d1/element/f.70EA98C12271B5C153327B12E8209453.d.653B5BFBCEADA99B387E03400CB55051.e.7495/click - {}
RESULT: {}
RESULT: {}
COMMAND: POST /session/a5881d3eaca756d633e860ab0441a8d1/execute/async - {"script":"<script> [1562 bytes]","args":[{"selector":{"id":"application-managepartners-display-component---NewPartner--addressEditDetailsCostObjectCstType-arrow"},"wdio_ui5_key":"applicationmanagepartners-display-component---NewPartner--addressEditDetailsCostObjectCstType-arrow"}]}
COMMAND: GET /session/a5881d3eaca756d633e860ab0441a8d1/screenshot - {}
RESULT: {"script":"<script> [1562 bytes]","args":[{"selector":{"id":"application-managepartners-display-component---NewPartner--addressEditDetailsCostObjectCstType-arrow"},"wdio_ui5_key":"applicationmanagepartners-display-component---NewPartner--addressEditDetailsCostObjectCstType-arrow"}]}
RESULT: undefined
COMMAND: POST /session/a5881d3eaca756d633e860ab0441a8d1/element - {"using":"xpath","value":"//*[@id=\"application-managepartners-display-component---NewPartner--addressEditDetailsCostObjectCstType-arrow\"]"}
RESULT: {}
RESULT: {"using":"xpath","value":"//*[@id=\"application-managepartners-display-component---NewPartner--addressEditDetailsCostObjectCstType-arrow\"]"}
COMMAND: POST /session/a5881d3eaca756d633e860ab0441a8d1/element/f.70EA98C12271B5C153327B12E8209453.d.653B5BFBCEADA99B387E03400CB55051.e.7496/click - {}
RESULT: {}
COMMAND: POST /session/a5881d3eaca756d633e860ab0441a8d1/element - {"using":"xpath","value":"//span[contains(text(), \"Cost Center\")]"}
COMMAND: GET /session/a5881d3eaca756d633e860ab0441a8d1/screenshot - {}
RESULT: {"using":"xpath","value":"//span[contains(text(), \"Cost Center\")]"}
COMMAND: POST /session/a5881d3eaca756d633e860ab0441a8d1/element/f.70EA98C12271B5C153327B12E8209453.d.653B5BFBCEADA99B387E03400CB55051.e.7497/click - {}
RESULT: {}
RESULT: {}
COMMAND: GET /session/a5881d3eaca756d633e860ab0441a8d1/screenshot - {}
RESULT: {}
COMMAND: POST /session/a5881d3eaca756d633e860ab0441a8d1/element - {"using":"xpath","value":"//span[@id=\"application-managepartners-display-component---NewPartner--addressNewCostObjectCstID-vhi\"]"}
RESULT: {"using":"xpath","value":"//span[@id=\"application-managepartners-display-component---NewPartner--addressNewCostObjectCstID-vhi\"]"}
COMMAND: POST /session/a5881d3eaca756d633e860ab0441a8d1/execute/sync - {"script":"<script> [8489 bytes]","args":[{"element-6066-11e4-a52e-4f735466cecf":"f.70EA98C12271B5C153327B12E8209453.d.653B5BFBCEADA99B387E03400CB55051.e.7501","ELEMENT":"f.70EA98C12271B5C153327B12E8209453.d.653B5BFBCEADA99B387E03400CB55051.e.7501"}]}
RESULT: {"script":"<script> [8489 bytes]","args":[{"element-6066-11e4-a52e-4f735466cecf":"f.70EA98C12271B5C153327B12E8209453.d.653B5BFBCEADA99B387E03400CB55051.e.7501","ELEMENT":"f.70EA98C12271B5C153327B12E8209453.d.653B5BFBCEADA99B387E03400CB55051.e.7501"}]}
COMMAND: POST /session/a5881d3eaca756d633e860ab0441a8d1/execute/async - {"script":"<script> [1562 bytes]","args":[{"selector":{"id":"application-managepartners-display-component---NewPartner--addressNewCostObjectCstID-vhi"},"wdio_ui5_key":"applicationmanagepartners-display-component---NewPartner--addressNewCostObjectCstID-vhi"}]}
COMMAND: GET /session/a5881d3eaca756d633e860ab0441a8d1/screenshot - {}
RESULT: {"script":"<script> [1562 bytes]","args":[{"selector":{"id":"application-managepartners-display-component---NewPartner--addressNewCostObjectCstID-vhi"},"wdio_ui5_key":"applicationmanagepartners-display-component---NewPartner--addressNewCostObjectCstID-vhi"}]}
RESULT: undefined
COMMAND: POST /session/a5881d3eaca756d633e860ab0441a8d1/element - {"using":"xpath","value":"//*[@id=\"application-managepartners-display-component---NewPartner--addressNewCostObjectCstID-vhi\"]"}
RESULT: {}
RESULT: {"using":"xpath","value":"//*[@id=\"application-managepartners-display-component---NewPartner--addressNewCostObjectCstID-vhi\"]"}
COMMAND: POST /session/a5881d3eaca756d633e860ab0441a8d1/element/f.70EA98C12271B5C153327B12E8209453.d.653B5BFBCEADA99B387E03400CB55051.e.7501/click - {}
RESULT: {}
COMMAND: GET /session/a5881d3eaca756d633e860ab0441a8d1/screenshot - {}
RESULT: {}
RESULT: undefined
COMMAND: POST /session/a5881d3eaca756d633e860ab0441a8d1/execute/async - {"script":"<script> [776 bytes]","args":[{"enterText":"10001013","selector":{"controlType":"sap.m.SearchField","properties":{"placeholder":"Search"},"searchOpenDialogs":true,"interaction":{"idSuffix":"I"}},"clearTextFirst":true,"interactionType":"ENTER_TEXT"}]}
RESULT: {"script":"<script> [776 bytes]","args":[{"enterText":"10001013","selector":{"controlType":"sap.m.SearchField","properties":{"placeholder":"Search"},"searchOpenDialogs":true,"interaction":{"idSuffix":"I"}},"clearTextFirst":true,"interactionType":"ENTER_TEXT"}]}
COMMAND: POST /session/a5881d3eaca756d633e860ab0441a8d1/actions - {"actions":[{"id":"action21","type":"key","parameters":{},"actions":[{"type":"keyDown","value":"î€‡"},{"type":"pause","duration":10},{"type":"keyUp","value":"î€‡"}]}]}
RESULT: {"actions":[{"id":"action21","type":"key","parameters":{},"actions":[{"type":"keyDown","value":"î€‡"},{"type":"pause","duration":10},{"type":"keyUp","value":"î€‡"}]}]}
COMMAND: GET /session/a5881d3eaca756d633e860ab0441a8d1/screenshot - {}
RESULT: {}
COMMAND: POST /session/a5881d3eaca756d633e860ab0441a8d1/element - {"using":"xpath","value":"//span[contains(text(), \"General Management\")]"}
RESULT: {"using":"xpath","value":"//span[contains(text(), \"General Management\")]"}
COMMAND: POST /session/a5881d3eaca756d633e860ab0441a8d1/element/f.70EA98C12271B5C153327B12E8209453.d.653B5BFBCEADA99B387E03400CB55051.e.7539/click - {}
RESULT: {}
COMMAND: GET /session/a5881d3eaca756d633e860ab0441a8d1/screenshot - {}
RESULT: {}
COMMAND: POST /session/a5881d3eaca756d633e860ab0441a8d1/element - {"using":"xpath","value":"//bdi[contains(text(), \"OK\")]"}
RESULT: {"using":"xpath","value":"//bdi[contains(text(), \"OK\")]"}
COMMAND: POST /session/a5881d3eaca756d633e860ab0441a8d1/element/f.70EA98C12271B5C153327B12E8209453.d.653B5BFBCEADA99B387E03400CB55051.e.7540/click - {}
RESULT: {}
COMMAND: GET /session/a5881d3eaca756d633e860ab0441a8d1/screenshot - {}
RESULT: {}
COMMAND: POST /session/a5881d3eaca756d633e860ab0441a8d1/element - {"using":"xpath","value":"//input[@id=\"application-managepartners-display-component---NewPartner--companyCodeComboBox-inner\"]"}
RESULT: {"using":"xpath","value":"//input[@id=\"application-managepartners-display-component---NewPartner--companyCodeComboBox-inner\"]"}
COMMAND: POST /session/a5881d3eaca756d633e860ab0441a8d1/element/f.70EA98C12271B5C153327B12E8209453.d.653B5BFBCEADA99B387E03400CB55051.e.7409/clear - {}
RESULT: {}
COMMAND: POST /session/a5881d3eaca756d633e860ab0441a8d1/element/f.70EA98C12271B5C153327B12E8209453.d.653B5BFBCEADA99B387E03400CB55051.e.7409/value - {"text":"C002"}
COMMAND: GET /session/a5881d3eaca756d633e860ab0441a8d1/screenshot - {}
RESULT: {"text":"C002"}
COMMAND: GET /session/a5881d3eaca756d633e860ab0441a8d1/screenshot - {}
RESULT: {}
RESULT: {}
COMMAND: POST /session/a5881d3eaca756d633e860ab0441a8d1/element - {"using":"xpath","value":"//span[contains(text(), \"C002\")]"}
RESULT: {"using":"xpath","value":"//span[contains(text(), \"C002\")]"}
COMMAND: POST /session/a5881d3eaca756d633e860ab0441a8d1/element/f.70EA98C12271B5C153327B12E8209453.d.653B5BFBCEADA99B387E03400CB55051.e.7546/click - {}
RESULT: {}
COMMAND: GET /session/a5881d3eaca756d633e860ab0441a8d1/screenshot - {}
RESULT: {}
COMMAND: POST /session/a5881d3eaca756d633e860ab0441a8d1/execute/async - {"script":"<script> [1562 bytes]","args":[{"selector":{"id":"application-managepartners-display-component---NewPartner--btnAddTableRow-img"},"wdio_ui5_key":"applicationmanagepartners-display-component---NewPartner--btnAddTableRow-img"}]}
RESULT: {"script":"<script> [1562 bytes]","args":[{"selector":{"id":"application-managepartners-display-component---NewPartner--btnAddTableRow-img"},"wdio_ui5_key":"applicationmanagepartners-display-component---NewPartner--btnAddTableRow-img"}]}
RESULT: undefined
COMMAND: POST /session/a5881d3eaca756d633e860ab0441a8d1/element - {"using":"xpath","value":"//*[@id=\"application-managepartners-display-component---NewPartner--btnAddTableRow-img\"]"}
RESULT: {"using":"xpath","value":"//*[@id=\"application-managepartners-display-component---NewPartner--btnAddTableRow-img\"]"}
COMMAND: POST /session/a5881d3eaca756d633e860ab0441a8d1/element/f.70EA98C12271B5C153327B12E8209453.d.653B5BFBCEADA99B387E03400CB55051.e.7547/click - {}
RESULT: {}
COMMAND: GET /session/a5881d3eaca756d633e860ab0441a8d1/screenshot - {}
RESULT: {}
COMMAND: POST /session/a5881d3eaca756d633e860ab0441a8d1/element - {"using":"xpath","value":"//input[@id=\"application-managepartners-display-component---NewPartner--assignmentYard-application-managepartners-display-component---NewPartner--assignmentsTable-0-inner\"]"}
RESULT: {"using":"xpath","value":"//input[@id=\"application-managepartners-display-component---NewPartner--assignmentYard-application-managepartners-display-component---NewPartner--assignmentsTable-0-inner\"]"}
COMMAND: POST /session/a5881d3eaca756d633e860ab0441a8d1/element/f.70EA98C12271B5C153327B12E8209453.d.653B5BFBCEADA99B387E03400CB55051.e.7550/clear - {}
RESULT: {}
COMMAND: POST /session/a5881d3eaca756d633e860ab0441a8d1/element/f.70EA98C12271B5C153327B12E8209453.d.653B5BFBCEADA99B387E03400CB55051.e.7550/value - {"text":"469"}
COMMAND: GET /session/a5881d3eaca756d633e860ab0441a8d1/screenshot - {}
RESULT: {"text":"469"}
COMMAND: GET /session/a5881d3eaca756d633e860ab0441a8d1/screenshot - {}
RESULT: {}
RESULT: {}
COMMAND: POST /session/a5881d3eaca756d633e860ab0441a8d1/element - {"using":"xpath","value":"//li[.//span[text()='469']]"}
RESULT: {"using":"xpath","value":"//li[.//span[text()='469']]"}
COMMAND: POST /session/a5881d3eaca756d633e860ab0441a8d1/element/f.70EA98C12271B5C153327B12E8209453.d.653B5BFBCEADA99B387E03400CB55051.e.7559/click - {}
RESULT: {}
COMMAND: GET /session/a5881d3eaca756d633e860ab0441a8d1/screenshot - {}
RESULT: {}
COMMAND: POST /session/a5881d3eaca756d633e860ab0441a8d1/actions - {"actions":[{"id":"action22","type":"key","parameters":{},"actions":[{"type":"keyDown","value":"î€‡"},{"type":"pause","duration":10},{"type":"keyUp","value":"î€‡"}]}]}
RESULT: {"actions":[{"id":"action22","type":"key","parameters":{},"actions":[{"type":"keyDown","value":"î€‡"},{"type":"pause","duration":10},{"type":"keyUp","value":"î€‡"}]}]}
COMMAND: POST /session/a5881d3eaca756d633e860ab0441a8d1/execute/async - {"script":"<script> [1562 bytes]","args":[{"selector":{"id":"application-managepartners-display-component---NewPartner--externalCustomerComboBox-application-managepartners-display-component---NewPartner--assignmentsTable-0-vhi"},"wdio_ui5_key":"applicationmanagepartners-display-component---NewPartner--externalCustomerComboBox-application-managepartners-display-component---NewPartner--assignmentsTable-0-vhi"}]}
COMMAND: GET /session/a5881d3eaca756d633e860ab0441a8d1/screenshot - {}
RESULT: {"script":"<script> [1562 bytes]","args":[{"selector":{"id":"application-managepartners-display-component---NewPartner--externalCustomerComboBox-application-managepartners-display-component---NewPartner--assignmentsTable-0-vhi"},"wdio_ui5_key":"applicationmanagepartners-display-component---NewPartner--externalCustomerComboBox-application-managepartners-display-component---NewPartner--assignmentsTable-0-vhi"}]}
RESULT: undefined
COMMAND: POST /session/a5881d3eaca756d633e860ab0441a8d1/element - {"using":"xpath","value":"//*[@id=\"application-managepartners-display-component---NewPartner--externalCustomerComboBox-application-managepartners-display-component---NewPartner--assignmentsTable-0-vhi\"]"}
RESULT: {}
RESULT: {"using":"xpath","value":"//*[@id=\"application-managepartners-display-component---NewPartner--externalCustomerComboBox-application-managepartners-display-component---NewPartner--assignmentsTable-0-vhi\"]"}
COMMAND: POST /session/a5881d3eaca756d633e860ab0441a8d1/element/f.70EA98C12271B5C153327B12E8209453.d.653B5BFBCEADA99B387E03400CB55051.e.7563/click - {}
RESULT: {}
RESULT: undefined
COMMAND: POST /session/a5881d3eaca756d633e860ab0441a8d1/execute/async - {"script":"<script> [776 bytes]","args":[{"enterText":"300003","selector":{"controlType":"sap.m.SearchField","properties":{"placeholder":"Search"},"searchOpenDialogs":true,"interaction":{"idSuffix":"I"}},"clearTextFirst":true,"interactionType":"ENTER_TEXT"}]}
COMMAND: GET /session/a5881d3eaca756d633e860ab0441a8d1/screenshot - {}
RESULT: {"script":"<script> [776 bytes]","args":[{"enterText":"300003","selector":{"controlType":"sap.m.SearchField","properties":{"placeholder":"Search"},"searchOpenDialogs":true,"interaction":{"idSuffix":"I"}},"clearTextFirst":true,"interactionType":"ENTER_TEXT"}]}
COMMAND: POST /session/a5881d3eaca756d633e860ab0441a8d1/actions - {"actions":[{"id":"action23","type":"key","parameters":{},"actions":[{"type":"keyDown","value":"î€‡"},{"type":"pause","duration":10},{"type":"keyUp","value":"î€‡"}]}]}
RESULT: {}
RESULT: {"actions":[{"id":"action23","type":"key","parameters":{},"actions":[{"type":"keyDown","value":"î€‡"},{"type":"pause","duration":10},{"type":"keyUp","value":"î€‡"}]}]}
COMMAND: GET /session/a5881d3eaca756d633e860ab0441a8d1/screenshot - {}
RESULT: {}
COMMAND: POST /session/a5881d3eaca756d633e860ab0441a8d1/element - {"using":"xpath","value":"//span[contains(text(), \"300003\")]"}
RESULT: {"using":"xpath","value":"//span[contains(text(), \"300003\")]"}
COMMAND: POST /session/a5881d3eaca756d633e860ab0441a8d1/element/f.70EA98C12271B5C153327B12E8209453.d.653B5BFBCEADA99B387E03400CB55051.e.7581/click - {}
RESULT: {}
COMMAND: GET /session/a5881d3eaca756d633e860ab0441a8d1/screenshot - {}
RESULT: {}
COMMAND: POST /session/a5881d3eaca756d633e860ab0441a8d1/element - {"using":"xpath","value":"//bdi[contains(text(), \"OK\")]"}
RESULT: {"using":"xpath","value":"//bdi[contains(text(), \"OK\")]"}
COMMAND: POST /session/a5881d3eaca756d633e860ab0441a8d1/element/f.70EA98C12271B5C153327B12E8209453.d.653B5BFBCEADA99B387E03400CB55051.e.7583/click - {}
RESULT: {}
COMMAND: GET /session/a5881d3eaca756d633e860ab0441a8d1/screenshot - {}
RESULT: {}
COMMAND: POST /session/a5881d3eaca756d633e860ab0441a8d1/execute/async - {"script":"<script> [1562 bytes]","args":[{"selector":{"id":"application-managepartners-display-component---NewPartner--intercompVendorComboBox-application-managepartners-display-component---NewPartner--assignmentsTable-0-vhi"},"wdio_ui5_key":"applicationmanagepartners-display-component---NewPartner--intercompVendorComboBox-application-managepartners-display-component---NewPartner--assignmentsTable-0-vhi"}]}
RESULT: {"script":"<script> [1562 bytes]","args":[{"selector":{"id":"application-managepartners-display-component---NewPartner--intercompVendorComboBox-application-managepartners-display-component---NewPartner--assignmentsTable-0-vhi"},"wdio_ui5_key":"applicationmanagepartners-display-component---NewPartner--intercompVendorComboBox-application-managepartners-display-component---NewPartner--assignmentsTable-0-vhi"}]}
RESULT: undefined
COMMAND: POST /session/a5881d3eaca756d633e860ab0441a8d1/element - {"using":"xpath","value":"//*[@id=\"application-managepartners-display-component---NewPartner--intercompVendorComboBox-application-managepartners-display-component---NewPartner--assignmentsTable-0-vhi\"]"}
RESULT: {"using":"xpath","value":"//*[@id=\"application-managepartners-display-component---NewPartner--intercompVendorComboBox-application-managepartners-display-component---NewPartner--assignmentsTable-0-vhi\"]"}
COMMAND: POST /session/a5881d3eaca756d633e860ab0441a8d1/element/f.70EA98C12271B5C153327B12E8209453.d.653B5BFBCEADA99B387E03400CB55051.e.7586/click - {}
RESULT: {}
RESULT: undefined
COMMAND: POST /session/a5881d3eaca756d633e860ab0441a8d1/execute/async - {"script":"<script> [776 bytes]","args":[{"enterText":"100005","selector":{"controlType":"sap.m.SearchField","properties":{"placeholder":"Search"},"searchOpenDialogs":true,"interaction":{"idSuffix":"I"}},"clearTextFirst":true,"interactionType":"ENTER_TEXT"}]}
COMMAND: GET /session/a5881d3eaca756d633e860ab0441a8d1/screenshot - {}
RESULT: {"script":"<script> [776 bytes]","args":[{"enterText":"100005","selector":{"controlType":"sap.m.SearchField","properties":{"placeholder":"Search"},"searchOpenDialogs":true,"interaction":{"idSuffix":"I"}},"clearTextFirst":true,"interactionType":"ENTER_TEXT"}]}
COMMAND: POST /session/a5881d3eaca756d633e860ab0441a8d1/actions - {"actions":[{"id":"action24","type":"key","parameters":{},"actions":[{"type":"keyDown","value":"î€‡"},{"type":"pause","duration":10},{"type":"keyUp","value":"î€‡"}]}]}
RESULT: {}
RESULT: {"actions":[{"id":"action24","type":"key","parameters":{},"actions":[{"type":"keyDown","value":"î€‡"},{"type":"pause","duration":10},{"type":"keyUp","value":"î€‡"}]}]}
COMMAND: GET /session/a5881d3eaca756d633e860ab0441a8d1/screenshot - {}
RESULT: {}
COMMAND: POST /session/a5881d3eaca756d633e860ab0441a8d1/element - {"using":"xpath","value":"//span[contains(text(), \"Penguins - Field/12345 Berlin\")]"}
RESULT: {"using":"xpath","value":"//span[contains(text(), \"Penguins - Field/12345 Berlin\")]"}
COMMAND: POST /session/a5881d3eaca756d633e860ab0441a8d1/element/f.70EA98C12271B5C153327B12E8209453.d.653B5BFBCEADA99B387E03400CB55051.e.7604/click - {}
RESULT: {}
COMMAND: GET /session/a5881d3eaca756d633e860ab0441a8d1/screenshot - {}
RESULT: {}
COMMAND: POST /session/a5881d3eaca756d633e860ab0441a8d1/element - {"using":"xpath","value":"//bdi[contains(text(), \"OK\")]"}
RESULT: {"using":"xpath","value":"//bdi[contains(text(), \"OK\")]"}
COMMAND: POST /session/a5881d3eaca756d633e860ab0441a8d1/element/f.70EA98C12271B5C153327B12E8209453.d.653B5BFBCEADA99B387E03400CB55051.e.7605/click - {}
RESULT: {}
COMMAND: GET /session/a5881d3eaca756d633e860ab0441a8d1/screenshot - {}
RESULT: {}
COMMAND: POST /session/a5881d3eaca756d633e860ab0441a8d1/element - {"using":"xpath","value":"//button[@data-kt=\"saveButton\"]"}
RESULT: {"using":"xpath","value":"//button[@data-kt=\"saveButton\"]"}
COMMAND: POST /session/a5881d3eaca756d633e860ab0441a8d1/element/f.70EA98C12271B5C153327B12E8209453.d.653B5BFBCEADA99B387E03400CB55051.e.7454/click - {}
RESULT: {}
COMMAND: GET /session/a5881d3eaca756d633e860ab0441a8d1/screenshot - {}
RESULT: {}
COMMAND: POST /session/a5881d3eaca756d633e860ab0441a8d1/element - {"using":"xpath","value":"//header[contains(@id, 'ObjectPageLayout-headerTitle')]/div[1]/div[2]/div[2]/span[1]"}
RESULT: {"using":"xpath","value":"//header[contains(@id, 'ObjectPageLayout-headerTitle')]/div[1]/div[2]/div[2]/span[1]"}
COMMAND: POST /session/a5881d3eaca756d633e860ab0441a8d1/elements - {"using":"xpath","value":"//header[contains(@id, 'ObjectPageLayout-headerTitle')]/div[1]/div[2]/div[2]/span[1]"}
RESULT: {"using":"xpath","value":"//header[contains(@id, 'ObjectPageLayout-headerTitle')]/div[1]/div[2]/div[2]/span[1]"}
COMMAND: POST /session/a5881d3eaca756d633e860ab0441a8d1/execute/sync - {"script":"<script> [56 bytes]","args":[{"element-6066-11e4-a52e-4f735466cecf":"f.70EA98C12271B5C153327B12E8209453.d.653B5BFBCEADA99B387E03400CB55051.e.7770","ELEMENT":"f.70EA98C12271B5C153327B12E8209453.d.653B5BFBCEADA99B387E03400CB55051.e.7770"}]}
RESULT: {"script":"<script> [56 bytes]","args":[{"element-6066-11e4-a52e-4f735466cecf":"f.70EA98C12271B5C153327B12E8209453.d.653B5BFBCEADA99B387E03400CB55051.e.7770","ELEMENT":"f.70EA98C12271B5C153327B12E8209453.d.653B5BFBCEADA99B387E03400CB55051.e.7770"}]}
COMMAND: POST /session/a5881d3eaca756d633e860ab0441a8d1/element - {"using":"css selector","value":"#shell-header-logo"}
COMMAND: GET /session/a5881d3eaca756d633e860ab0441a8d1/screenshot - {}
RESULT: {"using":"css selector","value":"#shell-header-logo"}
COMMAND: POST /session/a5881d3eaca756d633e860ab0441a8d1/element/f.70EA98C12271B5C153327B12E8209453.d.653B5BFBCEADA99B387E03400CB55051.e.7022/click - {}
RESULT: {}
RESULT: {}
COMMAND: GET /session/a5881d3eaca756d633e860ab0441a8d1/screenshot - {}
RESULT: {}
COMMAND: POST /session/a5881d3eaca756d633e860ab0441a8d1/execute/sync - {"script":"<script> [299 bytes]","args":[["getModel","getResource"]]}
RESULT: {"script":"<script> [299 bytes]","args":[["getModel","getResource"]]}
COMMAND: GET /session/a5881d3eaca756d633e860ab0441a8d1/screenshot - {}
]]></system-out>
    </testcase>
    <testcase classname="chrome.135_0_7049_96.windows.Create_master_data_for_mixed_billing_&amp;_do_billing_calculation_US151661" name="Should create a new site" time="94.11">
      <system-out><![CDATA[
COMMAND: POST /session/a5881d3eaca756d633e860ab0441a8d1/execute/async - {"script":"<script> [1562 bytes]","args":[{"selector":{"controlType":"sap.m.TileContent","bindingPath":{"path":"","propertyPath":"/properties/info"},"ancestor":{"controlType":"sap.m.GenericTile","properties":{"header":"Manage Sites"}}},"wdio_ui5_key":"sapm.TileContent{\"path\":\"\",\"propertyPath\":\"/properties/info\"}{\"controlType\":\"sap.m.GenericTile\",\"properties\":{\"header\":\"Manage Sites\"}}"}]}
RESULT: {}
RESULT: {"script":"<script> [1562 bytes]","args":[{"selector":{"controlType":"sap.m.TileContent","bindingPath":{"path":"","propertyPath":"/properties/info"},"ancestor":{"controlType":"sap.m.GenericTile","properties":{"header":"Manage Sites"}}},"wdio_ui5_key":"sapm.TileContent{\"path\":\"\",\"propertyPath\":\"/properties/info\"}{\"controlType\":\"sap.m.GenericTile\",\"properties\":{\"header\":\"Manage Sites\"}}"}]}
RESULT: undefined
COMMAND: POST /session/a5881d3eaca756d633e860ab0441a8d1/element - {"using":"xpath","value":"//*[@id=\"__xmlview7--numericTileContent\"]"}
RESULT: {"using":"xpath","value":"//*[@id=\"__xmlview7--numericTileContent\"]"}
COMMAND: POST /session/a5881d3eaca756d633e860ab0441a8d1/element/f.70EA98C12271B5C153327B12E8209453.d.653B5BFBCEADA99B387E03400CB55051.e.7772/click - {}
RESULT: {}
COMMAND: POST /session/a5881d3eaca756d633e860ab0441a8d1/element - {"using":"xpath","value":"//button[@data-kt=\"addOverflowToolbarButton\"]"}
COMMAND: GET /session/a5881d3eaca756d633e860ab0441a8d1/screenshot - {}
RESULT: {"using":"xpath","value":"//button[@data-kt=\"addOverflowToolbarButton\"]"}
COMMAND: POST /session/a5881d3eaca756d633e860ab0441a8d1/elements - {"using":"xpath","value":"//button[@data-kt=\"addOverflowToolbarButton\"]"}
RESULT: {}
RESULT: {"using":"xpath","value":"//button[@data-kt=\"addOverflowToolbarButton\"]"}
COMMAND: POST /session/a5881d3eaca756d633e860ab0441a8d1/elements - {"using":"xpath","value":"//button[@data-kt=\"addOverflowToolbarButton\"]"}
RESULT: {"using":"xpath","value":"//button[@data-kt=\"addOverflowToolbarButton\"]"}
COMMAND: POST /session/a5881d3eaca756d633e860ab0441a8d1/element - {"using":"xpath","value":"//button[@data-kt=\"addOverflowToolbarButton\"]"}
RESULT: {"using":"xpath","value":"//button[@data-kt=\"addOverflowToolbarButton\"]"}
COMMAND: POST /session/a5881d3eaca756d633e860ab0441a8d1/execute/sync - {"script":"<script> [8489 bytes]","args":[{"element-6066-11e4-a52e-4f735466cecf":"f.70EA98C12271B5C153327B12E8209453.d.653B5BFBCEADA99B387E03400CB55051.e.7806","ELEMENT":"f.70EA98C12271B5C153327B12E8209453.d.653B5BFBCEADA99B387E03400CB55051.e.7806"}]}
RESULT: {"script":"<script> [8489 bytes]","args":[{"element-6066-11e4-a52e-4f735466cecf":"f.70EA98C12271B5C153327B12E8209453.d.653B5BFBCEADA99B387E03400CB55051.e.7806","ELEMENT":"f.70EA98C12271B5C153327B12E8209453.d.653B5BFBCEADA99B387E03400CB55051.e.7806"}]}
COMMAND: GET /session/a5881d3eaca756d633e860ab0441a8d1/element/f.70EA98C12271B5C153327B12E8209453.d.653B5BFBCEADA99B387E03400CB55051.e.7806/enabled - {}
COMMAND: GET /session/a5881d3eaca756d633e860ab0441a8d1/screenshot - {}
RESULT: {}
COMMAND: POST /session/a5881d3eaca756d633e860ab0441a8d1/execute/sync - {"script":"<script> [8489 bytes]","args":[{"element-6066-11e4-a52e-4f735466cecf":"f.70EA98C12271B5C153327B12E8209453.d.653B5BFBCEADA99B387E03400CB55051.e.7806","ELEMENT":"f.70EA98C12271B5C153327B12E8209453.d.653B5BFBCEADA99B387E03400CB55051.e.7806"}]}
COMMAND: GET /session/a5881d3eaca756d633e860ab0441a8d1/screenshot - {}
RESULT: {}
RESULT: {"script":"<script> [8489 bytes]","args":[{"element-6066-11e4-a52e-4f735466cecf":"f.70EA98C12271B5C153327B12E8209453.d.653B5BFBCEADA99B387E03400CB55051.e.7806","ELEMENT":"f.70EA98C12271B5C153327B12E8209453.d.653B5BFBCEADA99B387E03400CB55051.e.7806"}]}
COMMAND: POST /session/a5881d3eaca756d633e860ab0441a8d1/execute/sync - {"script":"<script> [5351 bytes]","args":[{"element-6066-11e4-a52e-4f735466cecf":"f.70EA98C12271B5C153327B12E8209453.d.653B5BFBCEADA99B387E03400CB55051.e.7806","ELEMENT":"f.70EA98C12271B5C153327B12E8209453.d.653B5BFBCEADA99B387E03400CB55051.e.7806"}]}
COMMAND: GET /session/a5881d3eaca756d633e860ab0441a8d1/screenshot - {}
RESULT: {}
RESULT: {"script":"<script> [5351 bytes]","args":[{"element-6066-11e4-a52e-4f735466cecf":"f.70EA98C12271B5C153327B12E8209453.d.653B5BFBCEADA99B387E03400CB55051.e.7806","ELEMENT":"f.70EA98C12271B5C153327B12E8209453.d.653B5BFBCEADA99B387E03400CB55051.e.7806"}]}
COMMAND: POST /session/a5881d3eaca756d633e860ab0441a8d1/element/f.70EA98C12271B5C153327B12E8209453.d.653B5BFBCEADA99B387E03400CB55051.e.7806/click - {}
COMMAND: GET /session/a5881d3eaca756d633e860ab0441a8d1/screenshot - {}
RESULT: {}
RESULT: {}
COMMAND: GET /session/a5881d3eaca756d633e860ab0441a8d1/screenshot - {}
COMMAND: POST /session/a5881d3eaca756d633e860ab0441a8d1/execute/async - {"script":"<script> [1562 bytes]","args":[{"selector":{"id":"application-managesites-display-component---NewSite--addressDetailDetailsName1","interaction":{"idSuffix":"inner"}},"wdio_ui5_key":"applicationmanagesites-display-component---NewSite--addressDetailDetailsName1"}]}
RESULT: {}
RESULT: {}
RESULT: {"script":"<script> [1562 bytes]","args":[{"selector":{"id":"application-managesites-display-component---NewSite--addressDetailDetailsName1","interaction":{"idSuffix":"inner"}},"wdio_ui5_key":"applicationmanagesites-display-component---NewSite--addressDetailDetailsName1"}]}
RESULT: undefined
COMMAND: POST /session/a5881d3eaca756d633e860ab0441a8d1/execute/async - {"script":"<script> [776 bytes]","args":[{"enterText":"Intercompany Site wdIO","selector":{"id":"application-managesites-display-component---NewSite--addressDetailDetailsName1","interaction":{"idSuffix":"inner"}},"clearTextFirst":true,"interactionType":"ENTER_TEXT"}]}
RESULT: {"script":"<script> [776 bytes]","args":[{"enterText":"Intercompany Site wdIO","selector":{"id":"application-managesites-display-component---NewSite--addressDetailDetailsName1","interaction":{"idSuffix":"inner"}},"clearTextFirst":true,"interactionType":"ENTER_TEXT"}]}
COMMAND: POST /session/a5881d3eaca756d633e860ab0441a8d1/execute/async - {"script":"<script> [1562 bytes]","args":[{"selector":{"id":"application-managesites-display-component---NewSite--addressDetailDetailsLanguage-arrow"},"wdio_ui5_key":"applicationmanagesites-display-component---NewSite--addressDetailDetailsLanguage-arrow"}]}
RESULT: {"script":"<script> [1562 bytes]","args":[{"selector":{"id":"application-managesites-display-component---NewSite--addressDetailDetailsLanguage-arrow"},"wdio_ui5_key":"applicationmanagesites-display-component---NewSite--addressDetailDetailsLanguage-arrow"}]}
RESULT: undefined
COMMAND: POST /session/a5881d3eaca756d633e860ab0441a8d1/element - {"using":"xpath","value":"//*[@id=\"application-managesites-display-component---NewSite--addressDetailDetailsLanguage-arrow\"]"}
RESULT: {"using":"xpath","value":"//*[@id=\"application-managesites-display-component---NewSite--addressDetailDetailsLanguage-arrow\"]"}
COMMAND: POST /session/a5881d3eaca756d633e860ab0441a8d1/element/f.70EA98C12271B5C153327B12E8209453.d.653B5BFBCEADA99B387E03400CB55051.e.8205/click - {}
RESULT: {}
COMMAND: POST /session/a5881d3eaca756d633e860ab0441a8d1/element - {"using":"xpath","value":"//span[contains(text(), \"English\")]"}
COMMAND: GET /session/a5881d3eaca756d633e860ab0441a8d1/screenshot - {}
RESULT: {"using":"xpath","value":"//span[contains(text(), \"English\")]"}
COMMAND: POST /session/a5881d3eaca756d633e860ab0441a8d1/element/f.70EA98C12271B5C153327B12E8209453.d.653B5BFBCEADA99B387E03400CB55051.e.8206/click - {}
RESULT: {}
RESULT: {}
COMMAND: POST /session/a5881d3eaca756d633e860ab0441a8d1/execute/async - {"script":"<script> [1562 bytes]","args":[{"selector":{"id":"application-managesites-display-component---NewSite--addressDetailDetailsCity1","interaction":{"idSuffix":"inner"}},"wdio_ui5_key":"applicationmanagesites-display-component---NewSite--addressDetailDetailsCity1"}]}
COMMAND: GET /session/a5881d3eaca756d633e860ab0441a8d1/screenshot - {}
RESULT: {"script":"<script> [1562 bytes]","args":[{"selector":{"id":"application-managesites-display-component---NewSite--addressDetailDetailsCity1","interaction":{"idSuffix":"inner"}},"wdio_ui5_key":"applicationmanagesites-display-component---NewSite--addressDetailDetailsCity1"}]}
RESULT: undefined
COMMAND: POST /session/a5881d3eaca756d633e860ab0441a8d1/execute/async - {"script":"<script> [776 bytes]","args":[{"enterText":"Rosario","selector":{"id":"application-managesites-display-component---NewSite--addressDetailDetailsCity1","interaction":{"idSuffix":"inner"}},"clearTextFirst":true,"interactionType":"ENTER_TEXT"}]}
RESULT: {}
RESULT: {"script":"<script> [776 bytes]","args":[{"enterText":"Rosario","selector":{"id":"application-managesites-display-component---NewSite--addressDetailDetailsCity1","interaction":{"idSuffix":"inner"}},"clearTextFirst":true,"interactionType":"ENTER_TEXT"}]}
COMMAND: POST /session/a5881d3eaca756d633e860ab0441a8d1/execute/async - {"script":"<script> [1562 bytes]","args":[{"selector":{"id":"application-managesites-display-component---NewSite--addressDetailDetailsCountry-arrow"},"wdio_ui5_key":"applicationmanagesites-display-component---NewSite--addressDetailDetailsCountry-arrow"}]}
RESULT: {"script":"<script> [1562 bytes]","args":[{"selector":{"id":"application-managesites-display-component---NewSite--addressDetailDetailsCountry-arrow"},"wdio_ui5_key":"applicationmanagesites-display-component---NewSite--addressDetailDetailsCountry-arrow"}]}
RESULT: undefined
COMMAND: POST /session/a5881d3eaca756d633e860ab0441a8d1/element - {"using":"xpath","value":"//*[@id=\"application-managesites-display-component---NewSite--addressDetailDetailsCountry-arrow\"]"}
RESULT: {"using":"xpath","value":"//*[@id=\"application-managesites-display-component---NewSite--addressDetailDetailsCountry-arrow\"]"}
COMMAND: POST /session/a5881d3eaca756d633e860ab0441a8d1/element/f.70EA98C12271B5C153327B12E8209453.d.653B5BFBCEADA99B387E03400CB55051.e.8208/click - {}
RESULT: {}
COMMAND: POST /session/a5881d3eaca756d633e860ab0441a8d1/element - {"using":"xpath","value":"//span[contains(text(), \"Argentina\")]"}
COMMAND: GET /session/a5881d3eaca756d633e860ab0441a8d1/screenshot - {}
RESULT: {"using":"xpath","value":"//span[contains(text(), \"Argentina\")]"}
COMMAND: POST /session/a5881d3eaca756d633e860ab0441a8d1/element/f.70EA98C12271B5C153327B12E8209453.d.653B5BFBCEADA99B387E03400CB55051.e.8209/click - {}
RESULT: {}
RESULT: {}
COMMAND: GET /session/a5881d3eaca756d633e860ab0441a8d1/screenshot - {}
RESULT: {}
COMMAND: POST /session/a5881d3eaca756d633e860ab0441a8d1/execute/async - {"script":"<script> [1562 bytes]","args":[{"selector":{"id":"application-managesites-display-component---NewSite--addressEditDetailsCostObjectCstType-arrow"},"wdio_ui5_key":"applicationmanagesites-display-component---NewSite--addressEditDetailsCostObjectCstType-arrow"}]}
RESULT: {"script":"<script> [1562 bytes]","args":[{"selector":{"id":"application-managesites-display-component---NewSite--addressEditDetailsCostObjectCstType-arrow"},"wdio_ui5_key":"applicationmanagesites-display-component---NewSite--addressEditDetailsCostObjectCstType-arrow"}]}
RESULT: undefined
COMMAND: POST /session/a5881d3eaca756d633e860ab0441a8d1/element - {"using":"xpath","value":"//*[@id=\"application-managesites-display-component---NewSite--addressEditDetailsCostObjectCstType-arrow\"]"}
RESULT: {"using":"xpath","value":"//*[@id=\"application-managesites-display-component---NewSite--addressEditDetailsCostObjectCstType-arrow\"]"}
COMMAND: POST /session/a5881d3eaca756d633e860ab0441a8d1/element/f.70EA98C12271B5C153327B12E8209453.d.653B5BFBCEADA99B387E03400CB55051.e.8210/click - {}
RESULT: {}
COMMAND: POST /session/a5881d3eaca756d633e860ab0441a8d1/element - {"using":"xpath","value":"//span[contains(text(), \"Cost Center\")]"}
COMMAND: GET /session/a5881d3eaca756d633e860ab0441a8d1/screenshot - {}
RESULT: {"using":"xpath","value":"//span[contains(text(), \"Cost Center\")]"}
COMMAND: POST /session/a5881d3eaca756d633e860ab0441a8d1/element/f.70EA98C12271B5C153327B12E8209453.d.653B5BFBCEADA99B387E03400CB55051.e.8211/click - {}
RESULT: {}
RESULT: {}
COMMAND: GET /session/a5881d3eaca756d633e860ab0441a8d1/screenshot - {}
RESULT: {}
COMMAND: POST /session/a5881d3eaca756d633e860ab0441a8d1/element - {"using":"xpath","value":"//span[@id=\"application-managesites-display-component---NewSite--addressNewCostObjectCstID-vhi\"]"}
RESULT: {"using":"xpath","value":"//span[@id=\"application-managesites-display-component---NewSite--addressNewCostObjectCstID-vhi\"]"}
COMMAND: POST /session/a5881d3eaca756d633e860ab0441a8d1/execute/sync - {"script":"<script> [8489 bytes]","args":[{"element-6066-11e4-a52e-4f735466cecf":"f.70EA98C12271B5C153327B12E8209453.d.653B5BFBCEADA99B387E03400CB55051.e.8216","ELEMENT":"f.70EA98C12271B5C153327B12E8209453.d.653B5BFBCEADA99B387E03400CB55051.e.8216"}]}
RESULT: {"script":"<script> [8489 bytes]","args":[{"element-6066-11e4-a52e-4f735466cecf":"f.70EA98C12271B5C153327B12E8209453.d.653B5BFBCEADA99B387E03400CB55051.e.8216","ELEMENT":"f.70EA98C12271B5C153327B12E8209453.d.653B5BFBCEADA99B387E03400CB55051.e.8216"}]}
COMMAND: POST /session/a5881d3eaca756d633e860ab0441a8d1/execute/async - {"script":"<script> [1562 bytes]","args":[{"selector":{"id":"application-managesites-display-component---NewSite--addressNewCostObjectCstID-vhi"},"wdio_ui5_key":"applicationmanagesites-display-component---NewSite--addressNewCostObjectCstID-vhi"}]}
COMMAND: GET /session/a5881d3eaca756d633e860ab0441a8d1/screenshot - {}
RESULT: {"script":"<script> [1562 bytes]","args":[{"selector":{"id":"application-managesites-display-component---NewSite--addressNewCostObjectCstID-vhi"},"wdio_ui5_key":"applicationmanagesites-display-component---NewSite--addressNewCostObjectCstID-vhi"}]}
RESULT: undefined
COMMAND: POST /session/a5881d3eaca756d633e860ab0441a8d1/element - {"using":"xpath","value":"//*[@id=\"application-managesites-display-component---NewSite--addressNewCostObjectCstID-vhi\"]"}
RESULT: {}
RESULT: {"using":"xpath","value":"//*[@id=\"application-managesites-display-component---NewSite--addressNewCostObjectCstID-vhi\"]"}
COMMAND: POST /session/a5881d3eaca756d633e860ab0441a8d1/element/f.70EA98C12271B5C153327B12E8209453.d.653B5BFBCEADA99B387E03400CB55051.e.8216/click - {}
RESULT: {}
COMMAND: GET /session/a5881d3eaca756d633e860ab0441a8d1/screenshot - {}
RESULT: {}
RESULT: undefined
COMMAND: POST /session/a5881d3eaca756d633e860ab0441a8d1/execute/async - {"script":"<script> [776 bytes]","args":[{"enterText":"10001013","selector":{"controlType":"sap.m.SearchField","properties":{"placeholder":"Search"},"searchOpenDialogs":true,"interaction":{"idSuffix":"I"}},"clearTextFirst":true,"interactionType":"ENTER_TEXT"}]}
RESULT: {"script":"<script> [776 bytes]","args":[{"enterText":"10001013","selector":{"controlType":"sap.m.SearchField","properties":{"placeholder":"Search"},"searchOpenDialogs":true,"interaction":{"idSuffix":"I"}},"clearTextFirst":true,"interactionType":"ENTER_TEXT"}]}
COMMAND: POST /session/a5881d3eaca756d633e860ab0441a8d1/actions - {"actions":[{"id":"action25","type":"key","parameters":{},"actions":[{"type":"keyDown","value":"î€‡"},{"type":"pause","duration":10},{"type":"keyUp","value":"î€‡"}]}]}
RESULT: {"actions":[{"id":"action25","type":"key","parameters":{},"actions":[{"type":"keyDown","value":"î€‡"},{"type":"pause","duration":10},{"type":"keyUp","value":"î€‡"}]}]}
COMMAND: GET /session/a5881d3eaca756d633e860ab0441a8d1/screenshot - {}
RESULT: {}
COMMAND: POST /session/a5881d3eaca756d633e860ab0441a8d1/element - {"using":"xpath","value":"//span[contains(text(), \"General Management\")]"}
RESULT: {"using":"xpath","value":"//span[contains(text(), \"General Management\")]"}
COMMAND: POST /session/a5881d3eaca756d633e860ab0441a8d1/element/f.70EA98C12271B5C153327B12E8209453.d.653B5BFBCEADA99B387E03400CB55051.e.8255/click - {}
RESULT: {}
COMMAND: GET /session/a5881d3eaca756d633e860ab0441a8d1/screenshot - {}
RESULT: {}
COMMAND: POST /session/a5881d3eaca756d633e860ab0441a8d1/element - {"using":"xpath","value":"//bdi[contains(text(), \"OK\")]"}
RESULT: {"using":"xpath","value":"//bdi[contains(text(), \"OK\")]"}
COMMAND: POST /session/a5881d3eaca756d633e860ab0441a8d1/element/f.70EA98C12271B5C153327B12E8209453.d.653B5BFBCEADA99B387E03400CB55051.e.8256/click - {}
RESULT: {}
COMMAND: GET /session/a5881d3eaca756d633e860ab0441a8d1/screenshot - {}
RESULT: {}
COMMAND: POST /session/a5881d3eaca756d633e860ab0441a8d1/element - {"using":"xpath","value":"//input[@id=\"application-managesites-display-component---NewSite--addressDetailDetailsCalendar-inner\"]"}
RESULT: {"using":"xpath","value":"//input[@id=\"application-managesites-display-component---NewSite--addressDetailDetailsCalendar-inner\"]"}
COMMAND: POST /session/a5881d3eaca756d633e860ab0441a8d1/element/f.70EA98C12271B5C153327B12E8209453.d.653B5BFBCEADA99B387E03400CB55051.e.8004/clear - {}
RESULT: {}
COMMAND: POST /session/a5881d3eaca756d633e860ab0441a8d1/element/f.70EA98C12271B5C153327B12E8209453.d.653B5BFBCEADA99B387E03400CB55051.e.8004/value - {"text":"Unit"}
COMMAND: GET /session/a5881d3eaca756d633e860ab0441a8d1/screenshot - {}
RESULT: {"text":"Unit"}
COMMAND: GET /session/a5881d3eaca756d633e860ab0441a8d1/screenshot - {}
RESULT: {}
RESULT: {}
COMMAND: POST /session/a5881d3eaca756d633e860ab0441a8d1/actions - {"actions":[{"id":"action26","type":"key","parameters":{},"actions":[{"type":"keyDown","value":"î€‡"},{"type":"pause","duration":10},{"type":"keyUp","value":"î€‡"}]}]}
RESULT: {"actions":[{"id":"action26","type":"key","parameters":{},"actions":[{"type":"keyDown","value":"î€‡"},{"type":"pause","duration":10},{"type":"keyUp","value":"î€‡"}]}]}
COMMAND: POST /session/a5881d3eaca756d633e860ab0441a8d1/element - {"using":"xpath","value":"//input[@id=\"application-managesites-display-component---NewSite--addressDetailDetailsYard-inner\"]"}
COMMAND: GET /session/a5881d3eaca756d633e860ab0441a8d1/screenshot - {}
RESULT: {"using":"xpath","value":"//input[@id=\"application-managesites-display-component---NewSite--addressDetailDetailsYard-inner\"]"}
COMMAND: POST /session/a5881d3eaca756d633e860ab0441a8d1/element/f.70EA98C12271B5C153327B12E8209453.d.653B5BFBCEADA99B387E03400CB55051.e.8005/clear - {}
RESULT: {}
RESULT: {}
COMMAND: POST /session/a5881d3eaca756d633e860ab0441a8d1/element/f.70EA98C12271B5C153327B12E8209453.d.653B5BFBCEADA99B387E03400CB55051.e.8005/value - {"text":"469"}
COMMAND: GET /session/a5881d3eaca756d633e860ab0441a8d1/screenshot - {}
RESULT: {"text":"469"}
COMMAND: GET /session/a5881d3eaca756d633e860ab0441a8d1/screenshot - {}
RESULT: {}
RESULT: {}
COMMAND: POST /session/a5881d3eaca756d633e860ab0441a8d1/element - {"using":"xpath","value":"//li[.//span[text()='469']]"}
RESULT: {"using":"xpath","value":"//li[.//span[text()='469']]"}
COMMAND: POST /session/a5881d3eaca756d633e860ab0441a8d1/element/f.70EA98C12271B5C153327B12E8209453.d.653B5BFBCEADA99B387E03400CB55051.e.8264/click - {}
RESULT: {}
COMMAND: GET /session/a5881d3eaca756d633e860ab0441a8d1/screenshot - {}
RESULT: {}
COMMAND: POST /session/a5881d3eaca756d633e860ab0441a8d1/element - {"using":"xpath","value":"//input[@id=\"application-managesites-display-component---NewSite--addressDetailDetailsPartner-inner\"]"}
RESULT: {"using":"xpath","value":"//input[@id=\"application-managesites-display-component---NewSite--addressDetailDetailsPartner-inner\"]"}
COMMAND: POST /session/a5881d3eaca756d633e860ab0441a8d1/element - {"using":"xpath","value":"//input[@id=\"application-managesites-display-component---NewSite--addressDetailDetailsPartner-inner\"]"}
RESULT: {"using":"xpath","value":"//input[@id=\"application-managesites-display-component---NewSite--addressDetailDetailsPartner-inner\"]"}
COMMAND: POST /session/a5881d3eaca756d633e860ab0441a8d1/element - {"using":"xpath","value":"//button[@data-kt=\"saveButton\"]"}
RESULT: {"using":"xpath","value":"//button[@data-kt=\"saveButton\"]"}
COMMAND: POST /session/a5881d3eaca756d633e860ab0441a8d1/element/f.70EA98C12271B5C153327B12E8209453.d.653B5BFBCEADA99B387E03400CB55051.e.8189/click - {}
RESULT: {}
COMMAND: GET /session/a5881d3eaca756d633e860ab0441a8d1/screenshot - {}
RESULT: {}
COMMAND: POST /session/a5881d3eaca756d633e860ab0441a8d1/element - {"using":"xpath","value":"//header[contains(@id, 'ObjectPageLayout-headerTitle')]/div[1]/div[2]/div[2]/span[1]"}
RESULT: {"using":"xpath","value":"//header[contains(@id, 'ObjectPageLayout-headerTitle')]/div[1]/div[2]/div[2]/span[1]"}
COMMAND: POST /session/a5881d3eaca756d633e860ab0441a8d1/elements - {"using":"xpath","value":"//header[contains(@id, 'ObjectPageLayout-headerTitle')]/div[1]/div[2]/div[2]/span[1]"}
RESULT: {"using":"xpath","value":"//header[contains(@id, 'ObjectPageLayout-headerTitle')]/div[1]/div[2]/div[2]/span[1]"}
COMMAND: POST /session/a5881d3eaca756d633e860ab0441a8d1/execute/sync - {"script":"<script> [56 bytes]","args":[{"element-6066-11e4-a52e-4f735466cecf":"f.70EA98C12271B5C153327B12E8209453.d.653B5BFBCEADA99B387E03400CB55051.e.8470","ELEMENT":"f.70EA98C12271B5C153327B12E8209453.d.653B5BFBCEADA99B387E03400CB55051.e.8470"}]}
RESULT: {"script":"<script> [56 bytes]","args":[{"element-6066-11e4-a52e-4f735466cecf":"f.70EA98C12271B5C153327B12E8209453.d.653B5BFBCEADA99B387E03400CB55051.e.8470","ELEMENT":"f.70EA98C12271B5C153327B12E8209453.d.653B5BFBCEADA99B387E03400CB55051.e.8470"}]}
COMMAND: POST /session/a5881d3eaca756d633e860ab0441a8d1/element - {"using":"css selector","value":"#shell-header-logo"}
COMMAND: GET /session/a5881d3eaca756d633e860ab0441a8d1/screenshot - {}
RESULT: {"using":"css selector","value":"#shell-header-logo"}
COMMAND: POST /session/a5881d3eaca756d633e860ab0441a8d1/element/f.70EA98C12271B5C153327B12E8209453.d.653B5BFBCEADA99B387E03400CB55051.e.7784/click - {}
RESULT: {}
RESULT: {}
COMMAND: GET /session/a5881d3eaca756d633e860ab0441a8d1/screenshot - {}
RESULT: {}
COMMAND: POST /session/a5881d3eaca756d633e860ab0441a8d1/execute/sync - {"script":"<script> [299 bytes]","args":[["getModel","getResource"]]}
RESULT: {"script":"<script> [299 bytes]","args":[["getModel","getResource"]]}
]]></system-out>
    </testcase>
    <testcase classname="chrome.135_0_7049_96.windows.Create_master_data_for_mixed_billing_&amp;_do_billing_calculation_US151661" name="Should create a new equipment and add a counter to it" time="157.231">
      <system-out><![CDATA[
COMMAND: GET /session/a5881d3eaca756d633e860ab0441a8d1/screenshot - {}
COMMAND: POST /session/a5881d3eaca756d633e860ab0441a8d1/execute/async - {"script":"<script> [1562 bytes]","args":[{"selector":{"controlType":"sap.m.GenericTile","properties":{"header":"Manage Resources"}},"wdio_ui5_key":"sapm.GenericTile{\"header\":\"Manage Resources\"}"}]}
RESULT: {}
RESULT: {"script":"<script> [1562 bytes]","args":[{"selector":{"controlType":"sap.m.GenericTile","properties":{"header":"Manage Resources"}},"wdio_ui5_key":"sapm.GenericTile{\"header\":\"Manage Resources\"}"}]}
RESULT: undefined
COMMAND: POST /session/a5881d3eaca756d633e860ab0441a8d1/element - {"using":"xpath","value":"//*[@id=\"__tile39\"]"}
RESULT: {"using":"xpath","value":"//*[@id=\"__tile39\"]"}
COMMAND: POST /session/a5881d3eaca756d633e860ab0441a8d1/element/f.70EA98C12271B5C153327B12E8209453.d.653B5BFBCEADA99B387E03400CB55051.e.6165/click - {}
RESULT: {}
COMMAND: POST /session/a5881d3eaca756d633e860ab0441a8d1/element - {"using":"xpath","value":"//button[@data-kt=\"addNewRUOverflowToolbarButton\"]"}
COMMAND: GET /session/a5881d3eaca756d633e860ab0441a8d1/screenshot - {}
RESULT: {"using":"xpath","value":"//button[@data-kt=\"addNewRUOverflowToolbarButton\"]"}
COMMAND: POST /session/a5881d3eaca756d633e860ab0441a8d1/elements - {"using":"xpath","value":"//button[@data-kt=\"addNewRUOverflowToolbarButton\"]"}
RESULT: {}
RESULT: {"using":"xpath","value":"//button[@data-kt=\"addNewRUOverflowToolbarButton\"]"}
COMMAND: POST /session/a5881d3eaca756d633e860ab0441a8d1/elements - {"using":"xpath","value":"//button[@data-kt=\"addNewRUOverflowToolbarButton\"]"}
RESULT: {"using":"xpath","value":"//button[@data-kt=\"addNewRUOverflowToolbarButton\"]"}
COMMAND: POST /session/a5881d3eaca756d633e860ab0441a8d1/elements - {"using":"xpath","value":"//button[@data-kt=\"addNewRUOverflowToolbarButton\"]"}
RESULT: {"using":"xpath","value":"//button[@data-kt=\"addNewRUOverflowToolbarButton\"]"}
COMMAND: POST /session/a5881d3eaca756d633e860ab0441a8d1/elements - {"using":"xpath","value":"//button[@data-kt=\"addNewRUOverflowToolbarButton\"]"}
RESULT: {"using":"xpath","value":"//button[@data-kt=\"addNewRUOverflowToolbarButton\"]"}
COMMAND: POST /session/a5881d3eaca756d633e860ab0441a8d1/element - {"using":"xpath","value":"//button[@data-kt=\"addNewRUOverflowToolbarButton\"]"}
RESULT: {"using":"xpath","value":"//button[@data-kt=\"addNewRUOverflowToolbarButton\"]"}
COMMAND: POST /session/a5881d3eaca756d633e860ab0441a8d1/execute/sync - {"script":"<script> [8489 bytes]","args":[{"element-6066-11e4-a52e-4f735466cecf":"f.70EA98C12271B5C153327B12E8209453.d.653B5BFBCEADA99B387E03400CB55051.e.8513","ELEMENT":"f.70EA98C12271B5C153327B12E8209453.d.653B5BFBCEADA99B387E03400CB55051.e.8513"}]}
RESULT: {"script":"<script> [8489 bytes]","args":[{"element-6066-11e4-a52e-4f735466cecf":"f.70EA98C12271B5C153327B12E8209453.d.653B5BFBCEADA99B387E03400CB55051.e.8513","ELEMENT":"f.70EA98C12271B5C153327B12E8209453.d.653B5BFBCEADA99B387E03400CB55051.e.8513"}]}
COMMAND: GET /session/a5881d3eaca756d633e860ab0441a8d1/element/f.70EA98C12271B5C153327B12E8209453.d.653B5BFBCEADA99B387E03400CB55051.e.8513/enabled - {}
COMMAND: GET /session/a5881d3eaca756d633e860ab0441a8d1/screenshot - {}
RESULT: {}
COMMAND: POST /session/a5881d3eaca756d633e860ab0441a8d1/execute/sync - {"script":"<script> [8489 bytes]","args":[{"element-6066-11e4-a52e-4f735466cecf":"f.70EA98C12271B5C153327B12E8209453.d.653B5BFBCEADA99B387E03400CB55051.e.8513","ELEMENT":"f.70EA98C12271B5C153327B12E8209453.d.653B5BFBCEADA99B387E03400CB55051.e.8513"}]}
COMMAND: GET /session/a5881d3eaca756d633e860ab0441a8d1/screenshot - {}
RESULT: {}
RESULT: {"script":"<script> [8489 bytes]","args":[{"element-6066-11e4-a52e-4f735466cecf":"f.70EA98C12271B5C153327B12E8209453.d.653B5BFBCEADA99B387E03400CB55051.e.8513","ELEMENT":"f.70EA98C12271B5C153327B12E8209453.d.653B5BFBCEADA99B387E03400CB55051.e.8513"}]}
COMMAND: POST /session/a5881d3eaca756d633e860ab0441a8d1/execute/sync - {"script":"<script> [5351 bytes]","args":[{"element-6066-11e4-a52e-4f735466cecf":"f.70EA98C12271B5C153327B12E8209453.d.653B5BFBCEADA99B387E03400CB55051.e.8513","ELEMENT":"f.70EA98C12271B5C153327B12E8209453.d.653B5BFBCEADA99B387E03400CB55051.e.8513"}]}
COMMAND: GET /session/a5881d3eaca756d633e860ab0441a8d1/screenshot - {}
RESULT: {}
RESULT: {"script":"<script> [5351 bytes]","args":[{"element-6066-11e4-a52e-4f735466cecf":"f.70EA98C12271B5C153327B12E8209453.d.653B5BFBCEADA99B387E03400CB55051.e.8513","ELEMENT":"f.70EA98C12271B5C153327B12E8209453.d.653B5BFBCEADA99B387E03400CB55051.e.8513"}]}
COMMAND: POST /session/a5881d3eaca756d633e860ab0441a8d1/element/f.70EA98C12271B5C153327B12E8209453.d.653B5BFBCEADA99B387E03400CB55051.e.8513/click - {}
COMMAND: GET /session/a5881d3eaca756d633e860ab0441a8d1/screenshot - {}
RESULT: {}
RESULT: {}
COMMAND: GET /session/a5881d3eaca756d633e860ab0441a8d1/screenshot - {}
COMMAND: POST /session/a5881d3eaca756d633e860ab0441a8d1/execute/async - {"script":"<script> [1562 bytes]","args":[{"selector":{"id":"application-manageresources-display-component---newResourceUnit--TYPE-arrow"},"wdio_ui5_key":"applicationmanageresources-display-component---newResourceUnit--TYPE-arrow"}]}
RESULT: {}
RESULT: {}
RESULT: {"script":"<script> [1562 bytes]","args":[{"selector":{"id":"application-manageresources-display-component---newResourceUnit--TYPE-arrow"},"wdio_ui5_key":"applicationmanageresources-display-component---newResourceUnit--TYPE-arrow"}]}
RESULT: undefined
COMMAND: POST /session/a5881d3eaca756d633e860ab0441a8d1/element - {"using":"xpath","value":"//*[@id=\"application-manageresources-display-component---newResourceUnit--TYPE-arrow\"]"}
RESULT: {"using":"xpath","value":"//*[@id=\"application-manageresources-display-component---newResourceUnit--TYPE-arrow\"]"}
COMMAND: POST /session/a5881d3eaca756d633e860ab0441a8d1/element/f.70EA98C12271B5C153327B12E8209453.d.653B5BFBCEADA99B387E03400CB55051.e.8870/click - {}
RESULT: {}
COMMAND: POST /session/a5881d3eaca756d633e860ab0441a8d1/element - {"using":"xpath","value":"//input[@id=\"application-manageresources-display-component---newResourceUnit--TYPE-inner\"]"}
COMMAND: GET /session/a5881d3eaca756d633e860ab0441a8d1/screenshot - {}
RESULT: {"using":"xpath","value":"//input[@id=\"application-manageresources-display-component---newResourceUnit--TYPE-inner\"]"}
COMMAND: POST /session/a5881d3eaca756d633e860ab0441a8d1/element/f.70EA98C12271B5C153327B12E8209453.d.653B5BFBCEADA99B387E03400CB55051.e.8852/clear - {}
RESULT: {}
RESULT: {}
COMMAND: POST /session/a5881d3eaca756d633e860ab0441a8d1/element/f.70EA98C12271B5C153327B12E8209453.d.653B5BFBCEADA99B387E03400CB55051.e.8852/value - {"text":"Equipment"}
COMMAND: GET /session/a5881d3eaca756d633e860ab0441a8d1/screenshot - {}
RESULT: {"text":"Equipment"}
COMMAND: GET /session/a5881d3eaca756d633e860ab0441a8d1/screenshot - {}
RESULT: {}
RESULT: {}
COMMAND: POST /session/a5881d3eaca756d633e860ab0441a8d1/actions - {"actions":[{"id":"action27","type":"key","parameters":{},"actions":[{"type":"keyDown","value":"î€‡"},{"type":"pause","duration":10},{"type":"keyUp","value":"î€‡"}]}]}
RESULT: {"actions":[{"id":"action27","type":"key","parameters":{},"actions":[{"type":"keyDown","value":"î€‡"},{"type":"pause","duration":10},{"type":"keyUp","value":"î€‡"}]}]}
COMMAND: POST /session/a5881d3eaca756d633e860ab0441a8d1/execute/async - {"script":"<script> [1562 bytes]","args":[{"selector":{"id":"application-manageresources-display-component---newResourceUnit--resourceId","interaction":{"idSuffix":"inner"}},"wdio_ui5_key":"applicationmanageresources-display-component---newResourceUnit--resourceId"}]}
COMMAND: GET /session/a5881d3eaca756d633e860ab0441a8d1/screenshot - {}
RESULT: {"script":"<script> [1562 bytes]","args":[{"selector":{"id":"application-manageresources-display-component---newResourceUnit--resourceId","interaction":{"idSuffix":"inner"}},"wdio_ui5_key":"applicationmanageresources-display-component---newResourceUnit--resourceId"}]}
RESULT: undefined
COMMAND: POST /session/a5881d3eaca756d633e860ab0441a8d1/execute/async - {"script":"<script> [776 bytes]","args":[{"enterText":"Y4H1jKBaMa","selector":{"id":"application-manageresources-display-component---newResourceUnit--resourceId","interaction":{"idSuffix":"inner"}},"clearTextFirst":true,"interactionType":"ENTER_TEXT"}]}
RESULT: {}
RESULT: {"script":"<script> [776 bytes]","args":[{"enterText":"Y4H1jKBaMa","selector":{"id":"application-manageresources-display-component---newResourceUnit--resourceId","interaction":{"idSuffix":"inner"}},"clearTextFirst":true,"interactionType":"ENTER_TEXT"}]}
COMMAND: POST /session/a5881d3eaca756d633e860ab0441a8d1/execute/async - {"script":"<script> [1562 bytes]","args":[{"selector":{"id":"application-manageresources-display-component---newResourceUnit--SHORT_TEXT","interaction":{"idSuffix":"inner"}},"wdio_ui5_key":"applicationmanageresources-display-component---newResourceUnit--SHORT_TEXT"}]}
RESULT: {"script":"<script> [1562 bytes]","args":[{"selector":{"id":"application-manageresources-display-component---newResourceUnit--SHORT_TEXT","interaction":{"idSuffix":"inner"}},"wdio_ui5_key":"applicationmanageresources-display-component---newResourceUnit--SHORT_TEXT"}]}
RESULT: undefined
COMMAND: POST /session/a5881d3eaca756d633e860ab0441a8d1/execute/async - {"script":"<script> [776 bytes]","args":[{"enterText":"Intercompany Equipment WDIO","selector":{"id":"application-manageresources-display-component---newResourceUnit--SHORT_TEXT","interaction":{"idSuffix":"inner"}},"clearTextFirst":true,"interactionType":"ENTER_TEXT"}]}
RESULT: {"script":"<script> [776 bytes]","args":[{"enterText":"Intercompany Equipment WDIO","selector":{"id":"application-manageresources-display-component---newResourceUnit--SHORT_TEXT","interaction":{"idSuffix":"inner"}},"clearTextFirst":true,"interactionType":"ENTER_TEXT"}]}
COMMAND: POST /session/a5881d3eaca756d633e860ab0441a8d1/execute/async - {"script":"<script> [1562 bytes]","args":[{"selector":{"id":"application-manageresources-display-component---newResourceUnit--BASE_UNIT_OF_MEASURE","interaction":{"idSuffix":"inner"}},"wdio_ui5_key":"applicationmanageresources-display-component---newResourceUnit--BASE_UNIT_OF_MEASURE"}]}
RESULT: {"script":"<script> [1562 bytes]","args":[{"selector":{"id":"application-manageresources-display-component---newResourceUnit--BASE_UNIT_OF_MEASURE","interaction":{"idSuffix":"inner"}},"wdio_ui5_key":"applicationmanageresources-display-component---newResourceUnit--BASE_UNIT_OF_MEASURE"}]}
RESULT: undefined
COMMAND: POST /session/a5881d3eaca756d633e860ab0441a8d1/execute/async - {"script":"<script> [776 bytes]","args":[{"enterText":"Piece","selector":{"id":"application-manageresources-display-component---newResourceUnit--BASE_UNIT_OF_MEASURE","interaction":{"idSuffix":"inner"}},"clearTextFirst":true,"interactionType":"ENTER_TEXT"}]}
RESULT: {"script":"<script> [776 bytes]","args":[{"enterText":"Piece","selector":{"id":"application-manageresources-display-component---newResourceUnit--BASE_UNIT_OF_MEASURE","interaction":{"idSuffix":"inner"}},"clearTextFirst":true,"interactionType":"ENTER_TEXT"}]}
COMMAND: POST /session/a5881d3eaca756d633e860ab0441a8d1/execute/async - {"script":"<script> [1562 bytes]","args":[{"selector":{"id":"application-manageresources-display-component---newResourceUnit--WEIGHT_UNIT","interaction":{"idSuffix":"inner"}},"wdio_ui5_key":"applicationmanageresources-display-component---newResourceUnit--WEIGHT_UNIT"}]}
RESULT: {"script":"<script> [1562 bytes]","args":[{"selector":{"id":"application-manageresources-display-component---newResourceUnit--WEIGHT_UNIT","interaction":{"idSuffix":"inner"}},"wdio_ui5_key":"applicationmanageresources-display-component---newResourceUnit--WEIGHT_UNIT"}]}
RESULT: undefined
COMMAND: POST /session/a5881d3eaca756d633e860ab0441a8d1/execute/async - {"script":"<script> [776 bytes]","args":[{"enterText":"Gram","selector":{"id":"application-manageresources-display-component---newResourceUnit--WEIGHT_UNIT","interaction":{"idSuffix":"inner"}},"clearTextFirst":true,"interactionType":"ENTER_TEXT"}]}
RESULT: {"script":"<script> [776 bytes]","args":[{"enterText":"Gram","selector":{"id":"application-manageresources-display-component---newResourceUnit--WEIGHT_UNIT","interaction":{"idSuffix":"inner"}},"clearTextFirst":true,"interactionType":"ENTER_TEXT"}]}
COMMAND: POST /session/a5881d3eaca756d633e860ab0441a8d1/execute/async - {"script":"<script> [1562 bytes]","args":[{"selector":{"id":"application-manageresources-display-component---newResourceUnit--DIMENSION_UNIT","interaction":{"idSuffix":"inner"}},"wdio_ui5_key":"applicationmanageresources-display-component---newResourceUnit--DIMENSION_UNIT"}]}
RESULT: {"script":"<script> [1562 bytes]","args":[{"selector":{"id":"application-manageresources-display-component---newResourceUnit--DIMENSION_UNIT","interaction":{"idSuffix":"inner"}},"wdio_ui5_key":"applicationmanageresources-display-component---newResourceUnit--DIMENSION_UNIT"}]}
RESULT: undefined
COMMAND: POST /session/a5881d3eaca756d633e860ab0441a8d1/execute/async - {"script":"<script> [776 bytes]","args":[{"enterText":"Meter","selector":{"id":"application-manageresources-display-component---newResourceUnit--DIMENSION_UNIT","interaction":{"idSuffix":"inner"}},"clearTextFirst":true,"interactionType":"ENTER_TEXT"}]}
RESULT: {"script":"<script> [776 bytes]","args":[{"enterText":"Meter","selector":{"id":"application-manageresources-display-component---newResourceUnit--DIMENSION_UNIT","interaction":{"idSuffix":"inner"}},"clearTextFirst":true,"interactionType":"ENTER_TEXT"}]}
COMMAND: POST /session/a5881d3eaca756d633e860ab0441a8d1/execute/async - {"script":"<script> [1562 bytes]","args":[{"selector":{"id":"application-manageresources-display-component---newResourceUnit--newRRUPage-anchBar-application-manageresources-display-component---newResourceUnit--control-anchor","interaction":{"idSuffix":"BDI-content"}},"wdio_ui5_key":"applicationmanageresources-display-component---newResourceUnit--newRRUPage-anchBar-application-manageresources-display-component---newResourceUnit--control-anchor"}]}
RESULT: {"script":"<script> [1562 bytes]","args":[{"selector":{"id":"application-manageresources-display-component---newResourceUnit--newRRUPage-anchBar-application-manageresources-display-component---newResourceUnit--control-anchor","interaction":{"idSuffix":"BDI-content"}},"wdio_ui5_key":"applicationmanageresources-display-component---newResourceUnit--newRRUPage-anchBar-application-manageresources-display-component---newResourceUnit--control-anchor"}]}
RESULT: undefined
COMMAND: POST /session/a5881d3eaca756d633e860ab0441a8d1/element - {"using":"xpath","value":"//*[@id=\"application-manageresources-display-component---newResourceUnit--newRRUPage-anchBar-application-manageresources-display-component---newResourceUnit--control-anchor\"]"}
RESULT: {"using":"xpath","value":"//*[@id=\"application-manageresources-display-component---newResourceUnit--newRRUPage-anchBar-application-manageresources-display-component---newResourceUnit--control-anchor\"]"}
COMMAND: POST /session/a5881d3eaca756d633e860ab0441a8d1/element/f.70EA98C12271B5C153327B12E8209453.d.653B5BFBCEADA99B387E03400CB55051.e.9002/click - {}
RESULT: {}
COMMAND: POST /session/a5881d3eaca756d633e860ab0441a8d1/execute/async - {"script":"<script> [1562 bytes]","args":[{"selector":{"id":"application-manageresources-display-component---newResourceUnit--PLANNING_GROUP","interaction":{"idSuffix":"inner"}},"wdio_ui5_key":"applicationmanageresources-display-component---newResourceUnit--PLANNING_GROUP"}]}
COMMAND: GET /session/a5881d3eaca756d633e860ab0441a8d1/screenshot - {}
RESULT: {"script":"<script> [1562 bytes]","args":[{"selector":{"id":"application-manageresources-display-component---newResourceUnit--PLANNING_GROUP","interaction":{"idSuffix":"inner"}},"wdio_ui5_key":"applicationmanageresources-display-component---newResourceUnit--PLANNING_GROUP"}]}
RESULT: undefined
COMMAND: POST /session/a5881d3eaca756d633e860ab0441a8d1/execute/async - {"script":"<script> [776 bytes]","args":[{"enterText":"Heavy Equi","selector":{"id":"application-manageresources-display-component---newResourceUnit--PLANNING_GROUP","interaction":{"idSuffix":"inner"}},"clearTextFirst":true,"interactionType":"ENTER_TEXT"}]}
RESULT: {}
RESULT: {"script":"<script> [776 bytes]","args":[{"enterText":"Heavy Equi","selector":{"id":"application-manageresources-display-component---newResourceUnit--PLANNING_GROUP","interaction":{"idSuffix":"inner"}},"clearTextFirst":true,"interactionType":"ENTER_TEXT"}]}
COMMAND: POST /session/a5881d3eaca756d633e860ab0441a8d1/execute/async - {"script":"<script> [1562 bytes]","args":[{"selector":{"id":"application-manageresources-display-component---newResourceUnit--ITEM_TYPE-arrow"},"wdio_ui5_key":"applicationmanageresources-display-component---newResourceUnit--ITEM_TYPE-arrow"}]}
RESULT: {"script":"<script> [1562 bytes]","args":[{"selector":{"id":"application-manageresources-display-component---newResourceUnit--ITEM_TYPE-arrow"},"wdio_ui5_key":"applicationmanageresources-display-component---newResourceUnit--ITEM_TYPE-arrow"}]}
RESULT: undefined
COMMAND: POST /session/a5881d3eaca756d633e860ab0441a8d1/element - {"using":"xpath","value":"//*[@id=\"application-manageresources-display-component---newResourceUnit--ITEM_TYPE-arrow\"]"}
RESULT: {"using":"xpath","value":"//*[@id=\"application-manageresources-display-component---newResourceUnit--ITEM_TYPE-arrow\"]"}
COMMAND: POST /session/a5881d3eaca756d633e860ab0441a8d1/element/f.70EA98C12271B5C153327B12E8209453.d.653B5BFBCEADA99B387E03400CB55051.e.9011/click - {}
RESULT: {}
COMMAND: POST /session/a5881d3eaca756d633e860ab0441a8d1/element - {"using":"xpath","value":"(//span[contains(text(), \"Resource Unit\")])[2]"}
COMMAND: GET /session/a5881d3eaca756d633e860ab0441a8d1/screenshot - {}
RESULT: {"using":"xpath","value":"(//span[contains(text(), \"Resource Unit\")])[2]"}
COMMAND: POST /session/a5881d3eaca756d633e860ab0441a8d1/element/f.70EA98C12271B5C153327B12E8209453.d.653B5BFBCEADA99B387E03400CB55051.e.9012/click - {}
RESULT: {}
RESULT: {}
COMMAND: GET /session/a5881d3eaca756d633e860ab0441a8d1/screenshot - {}
RESULT: {}
COMMAND: POST /session/a5881d3eaca756d633e860ab0441a8d1/element - {"using":"css selector","value":"#application-manageresources-display-component---newResourceUnit--btnAddTimeSegment"}
RESULT: {"using":"css selector","value":"#application-manageresources-display-component---newResourceUnit--btnAddTimeSegment"}
COMMAND: GET /session/a5881d3eaca756d633e860ab0441a8d1/element/f.70EA98C12271B5C153327B12E8209453.d.653B5BFBCEADA99B387E03400CB55051.e.9013/rect - {}
RESULT: {}
COMMAND: GET /session/a5881d3eaca756d633e860ab0441a8d1/window/rect - {}
RESULT: {}
COMMAND: POST /session/a5881d3eaca756d633e860ab0441a8d1/execute/sync - {"script":"<script> [92 bytes]","args":[]}
RESULT: {"script":"<script> [92 bytes]","args":[]}
COMMAND: POST /session/a5881d3eaca756d633e860ab0441a8d1/actions - {"actions":[{"id":"action28","type":"wheel","parameters":{},"actions":[{"type":"scroll","x":-1888,"y":-32,"deltaX":0,"deltaY":0,"duration":0,"origin":{"element-6066-11e4-a52e-4f735466cecf":"f.70EA98C12271B5C153327B12E8209453.d.653B5BFBCEADA99B387E03400CB55051.e.9013"}}]}]}
COMMAND: GET /session/a5881d3eaca756d633e860ab0441a8d1/screenshot - {}
RESULT: {}
COMMAND: POST /session/a5881d3eaca756d633e860ab0441a8d1/execute/sync - {"script":"<script> [79 bytes]","args":[{"element-6066-11e4-a52e-4f735466cecf":"f.70EA98C12271B5C153327B12E8209453.d.653B5BFBCEADA99B387E03400CB55051.e.9013","ELEMENT":"f.70EA98C12271B5C153327B12E8209453.d.653B5BFBCEADA99B387E03400CB55051.e.9013"},{"block":"start","inline":"nearest"}]}
RESULT: {"script":"<script> [79 bytes]","args":[{"element-6066-11e4-a52e-4f735466cecf":"f.70EA98C12271B5C153327B12E8209453.d.653B5BFBCEADA99B387E03400CB55051.e.9013","ELEMENT":"f.70EA98C12271B5C153327B12E8209453.d.653B5BFBCEADA99B387E03400CB55051.e.9013"},{"block":"start","inline":"nearest"}]}
COMMAND: POST /session/a5881d3eaca756d633e860ab0441a8d1/execute/async - {"script":"<script> [1562 bytes]","args":[{"selector":{"id":"application-manageresources-display-component---newResourceUnit--btnAddTimeSegment","interaction":{"idSuffix":"inner"}},"wdio_ui5_key":"applicationmanageresources-display-component---newResourceUnit--btnAddTimeSegment"}]}
COMMAND: GET /session/a5881d3eaca756d633e860ab0441a8d1/screenshot - {}
RESULT: {"script":"<script> [1562 bytes]","args":[{"selector":{"id":"application-manageresources-display-component---newResourceUnit--btnAddTimeSegment","interaction":{"idSuffix":"inner"}},"wdio_ui5_key":"applicationmanageresources-display-component---newResourceUnit--btnAddTimeSegment"}]}
RESULT: undefined
COMMAND: POST /session/a5881d3eaca756d633e860ab0441a8d1/element - {"using":"xpath","value":"//*[@id=\"application-manageresources-display-component---newResourceUnit--btnAddTimeSegment\"]"}
RESULT: {}
RESULT: {"using":"xpath","value":"//*[@id=\"application-manageresources-display-component---newResourceUnit--btnAddTimeSegment\"]"}
COMMAND: POST /session/a5881d3eaca756d633e860ab0441a8d1/element/f.70EA98C12271B5C153327B12E8209453.d.653B5BFBCEADA99B387E03400CB55051.e.9013/click - {}
RESULT: {}
COMMAND: GET /session/a5881d3eaca756d633e860ab0441a8d1/screenshot - {}
RESULT: {}
COMMAND: POST /session/a5881d3eaca756d633e860ab0441a8d1/element - {"using":"xpath","value":"//input[@id=\"application-manageresources-display-component---newResourceUnit--idRuTSAdmin-application-manageresources-display-component---newResourceUnit--RUTimeSegment-0-inner\"]"}
RESULT: {"using":"xpath","value":"//input[@id=\"application-manageresources-display-component---newResourceUnit--idRuTSAdmin-application-manageresources-display-component---newResourceUnit--RUTimeSegment-0-inner\"]"}
COMMAND: POST /session/a5881d3eaca756d633e860ab0441a8d1/element/f.70EA98C12271B5C153327B12E8209453.d.653B5BFBCEADA99B387E03400CB55051.e.9019/clear - {}
RESULT: {}
COMMAND: POST /session/a5881d3eaca756d633e860ab0441a8d1/element/f.70EA98C12271B5C153327B12E8209453.d.653B5BFBCEADA99B387E03400CB55051.e.9019/value - {"text":"469"}
COMMAND: GET /session/a5881d3eaca756d633e860ab0441a8d1/screenshot - {}
RESULT: {"text":"469"}
COMMAND: GET /session/a5881d3eaca756d633e860ab0441a8d1/screenshot - {}
RESULT: {}
RESULT: {}
COMMAND: POST /session/a5881d3eaca756d633e860ab0441a8d1/element - {"using":"xpath","value":"//li[.//span[text()='469']]"}
RESULT: {"using":"xpath","value":"//li[.//span[text()='469']]"}
COMMAND: POST /session/a5881d3eaca756d633e860ab0441a8d1/element/f.70EA98C12271B5C153327B12E8209453.d.653B5BFBCEADA99B387E03400CB55051.e.9031/click - {}
RESULT: {}
COMMAND: GET /session/a5881d3eaca756d633e860ab0441a8d1/screenshot - {}
RESULT: {}
COMMAND: POST /session/a5881d3eaca756d633e860ab0441a8d1/element - {"using":"xpath","value":"(//span[contains(@id, \"-application-manageresources-display-component---newResourceUnit--RUTimeSegment-0-arrow\")])[6]"}
RESULT: {"using":"xpath","value":"(//span[contains(@id, \"-application-manageresources-display-component---newResourceUnit--RUTimeSegment-0-arrow\")])[6]"}
COMMAND: POST /session/a5881d3eaca756d633e860ab0441a8d1/element/f.70EA98C12271B5C153327B12E8209453.d.653B5BFBCEADA99B387E03400CB55051.e.9032/click - {}
RESULT: {}
COMMAND: GET /session/a5881d3eaca756d633e860ab0441a8d1/screenshot - {}
RESULT: {}
COMMAND: POST /session/a5881d3eaca756d633e860ab0441a8d1/element - {"using":"xpath","value":"//span[contains(text(), \"PM Order\")]"}
RESULT: {"using":"xpath","value":"//span[contains(text(), \"PM Order\")]"}
COMMAND: POST /session/a5881d3eaca756d633e860ab0441a8d1/element/f.70EA98C12271B5C153327B12E8209453.d.653B5BFBCEADA99B387E03400CB55051.e.9035/click - {}
RESULT: {}
COMMAND: GET /session/a5881d3eaca756d633e860ab0441a8d1/screenshot - {}
RESULT: {}
COMMAND: POST /session/a5881d3eaca756d633e860ab0441a8d1/element - {"using":"xpath","value":"(//span[contains(@id ,\"manageresources-display-component---newResourceUnit--RUTimeSegment-0-vhi\")])[1]"}
RESULT: {"using":"xpath","value":"(//span[contains(@id ,\"manageresources-display-component---newResourceUnit--RUTimeSegment-0-vhi\")])[1]"}
COMMAND: GET /session/a5881d3eaca756d633e860ab0441a8d1/element/f.70EA98C12271B5C153327B12E8209453.d.653B5BFBCEADA99B387E03400CB55051.e.9039/rect - {}
RESULT: {}
COMMAND: GET /session/a5881d3eaca756d633e860ab0441a8d1/window/rect - {}
RESULT: {}
COMMAND: POST /session/a5881d3eaca756d633e860ab0441a8d1/execute/sync - {"script":"<script> [92 bytes]","args":[]}
RESULT: {"script":"<script> [92 bytes]","args":[]}
COMMAND: POST /session/a5881d3eaca756d633e860ab0441a8d1/actions - {"actions":[{"id":"action29","type":"wheel","parameters":{},"actions":[{"type":"scroll","x":-869,"y":-24,"deltaX":0,"deltaY":0,"duration":0,"origin":{"element-6066-11e4-a52e-4f735466cecf":"f.70EA98C12271B5C153327B12E8209453.d.653B5BFBCEADA99B387E03400CB55051.e.9039"}}]}]}
COMMAND: GET /session/a5881d3eaca756d633e860ab0441a8d1/screenshot - {}
RESULT: {"actions":[{"id":"action29","type":"wheel","parameters":{},"actions":[{"type":"scroll","x":-869,"y":-24,"deltaX":0,"deltaY":0,"duration":0,"origin":{"element-6066-11e4-a52e-4f735466cecf":"f.70EA98C12271B5C153327B12E8209453.d.653B5BFBCEADA99B387E03400CB55051.e.9039"}}]}]}
COMMAND: DELETE /session/a5881d3eaca756d633e860ab0441a8d1/actions - {}
COMMAND: GET /session/a5881d3eaca756d633e860ab0441a8d1/screenshot - {}
RESULT: {}
RESULT: {}
COMMAND: GET /session/a5881d3eaca756d633e860ab0441a8d1/screenshot - {}
RESULT: {}
RESULT: {}
COMMAND: POST /session/a5881d3eaca756d633e860ab0441a8d1/element/f.70EA98C12271B5C153327B12E8209453.d.653B5BFBCEADA99B387E03400CB55051.e.9039/click - {}
RESULT: {}
COMMAND: GET /session/a5881d3eaca756d633e860ab0441a8d1/screenshot - {}
RESULT: {}
RESULT: undefined
COMMAND: POST /session/a5881d3eaca756d633e860ab0441a8d1/execute/async - {"script":"<script> [776 bytes]","args":[{"enterText":"4000360","selector":{"controlType":"sap.m.SearchField","properties":{"placeholder":"Search"},"searchOpenDialogs":true,"interaction":{"idSuffix":"I"}},"clearTextFirst":true,"interactionType":"ENTER_TEXT"}]}
RESULT: {"script":"<script> [776 bytes]","args":[{"enterText":"4000360","selector":{"controlType":"sap.m.SearchField","properties":{"placeholder":"Search"},"searchOpenDialogs":true,"interaction":{"idSuffix":"I"}},"clearTextFirst":true,"interactionType":"ENTER_TEXT"}]}
COMMAND: POST /session/a5881d3eaca756d633e860ab0441a8d1/actions - {"actions":[{"id":"action30","type":"key","parameters":{},"actions":[{"type":"keyDown","value":"î€‡"},{"type":"pause","duration":10},{"type":"keyUp","value":"î€‡"}]}]}
RESULT: {"actions":[{"id":"action30","type":"key","parameters":{},"actions":[{"type":"keyDown","value":"î€‡"},{"type":"pause","duration":10},{"type":"keyUp","value":"î€‡"}]}]}
COMMAND: GET /session/a5881d3eaca756d633e860ab0441a8d1/screenshot - {}
RESULT: {}
COMMAND: POST /session/a5881d3eaca756d633e860ab0441a8d1/element - {"using":"xpath","value":"//td/div/span[contains(text(), \"BGL Vehicles\")]"}
RESULT: {"using":"xpath","value":"//td/div/span[contains(text(), \"BGL Vehicles\")]"}
COMMAND: POST /session/a5881d3eaca756d633e860ab0441a8d1/element/f.70EA98C12271B5C153327B12E8209453.d.653B5BFBCEADA99B387E03400CB55051.e.9059/click - {}
RESULT: {}
COMMAND: GET /session/a5881d3eaca756d633e860ab0441a8d1/screenshot - {}
RESULT: {}
COMMAND: POST /session/a5881d3eaca756d633e860ab0441a8d1/element - {"using":"xpath","value":"//bdi[contains(text(), \"OK\")]"}
RESULT: {"using":"xpath","value":"//bdi[contains(text(), \"OK\")]"}
COMMAND: POST /session/a5881d3eaca756d633e860ab0441a8d1/element/f.70EA98C12271B5C153327B12E8209453.d.653B5BFBCEADA99B387E03400CB55051.e.9060/click - {}
RESULT: {}
COMMAND: GET /session/a5881d3eaca756d633e860ab0441a8d1/screenshot - {}
RESULT: {}
COMMAND: POST /session/a5881d3eaca756d633e860ab0441a8d1/execute/async - {"script":"<script> [1562 bytes]","args":[{"selector":{"id":"application-manageresources-display-component---newResourceUnit--newRRUPage-anchBar-application-manageresources-display-component---newResourceUnit--resource-anchor","interaction":{"idSuffix":"BDI-content"}},"wdio_ui5_key":"applicationmanageresources-display-component---newResourceUnit--newRRUPage-anchBar-application-manageresources-display-component---newResourceUnit--resource-anchor"}]}
RESULT: {"script":"<script> [1562 bytes]","args":[{"selector":{"id":"application-manageresources-display-component---newResourceUnit--newRRUPage-anchBar-application-manageresources-display-component---newResourceUnit--resource-anchor","interaction":{"idSuffix":"BDI-content"}},"wdio_ui5_key":"applicationmanageresources-display-component---newResourceUnit--newRRUPage-anchBar-application-manageresources-display-component---newResourceUnit--resource-anchor"}]}
RESULT: undefined
COMMAND: POST /session/a5881d3eaca756d633e860ab0441a8d1/element - {"using":"xpath","value":"//*[@id=\"application-manageresources-display-component---newResourceUnit--newRRUPage-anchBar-application-manageresources-display-component---newResourceUnit--resource-anchor\"]"}
RESULT: {"using":"xpath","value":"//*[@id=\"application-manageresources-display-component---newResourceUnit--newRRUPage-anchBar-application-manageresources-display-component---newResourceUnit--resource-anchor\"]"}
COMMAND: POST /session/a5881d3eaca756d633e860ab0441a8d1/element/f.70EA98C12271B5C153327B12E8209453.d.653B5BFBCEADA99B387E03400CB55051.e.9064/click - {}
RESULT: {}
COMMAND: POST /session/a5881d3eaca756d633e860ab0441a8d1/execute/async - {"script":"<script> [1562 bytes]","args":[{"selector":{"id":"application-manageresources-display-component---newResourceUnit--PLANNED_DELIVERY_DATE","interaction":{"idSuffix":"inner"}},"wdio_ui5_key":"applicationmanageresources-display-component---newResourceUnit--PLANNED_DELIVERY_DATE"}]}
COMMAND: GET /session/a5881d3eaca756d633e860ab0441a8d1/screenshot - {}
RESULT: {"script":"<script> [1562 bytes]","args":[{"selector":{"id":"application-manageresources-display-component---newResourceUnit--PLANNED_DELIVERY_DATE","interaction":{"idSuffix":"inner"}},"wdio_ui5_key":"applicationmanageresources-display-component---newResourceUnit--PLANNED_DELIVERY_DATE"}]}
RESULT: undefined
COMMAND: POST /session/a5881d3eaca756d633e860ab0441a8d1/execute/async - {"script":"<script> [6424 bytes]","args":[{"element-6066-11e4-a52e-4f735466cecf":"f.70EA98C12271B5C153327B12E8209453.d.653B5BFBCEADA99B387E03400CB55051.e.8925"},"setValue",["4/30/25"]]}
RESULT: {}
RESULT: {"script":"<script> [6424 bytes]","args":[{"element-6066-11e4-a52e-4f735466cecf":"f.70EA98C12271B5C153327B12E8209453.d.653B5BFBCEADA99B387E03400CB55051.e.8925"},"setValue",["4/30/25"]]}
COMMAND: POST /session/a5881d3eaca756d633e860ab0441a8d1/element - {"using":"xpath","value":"//button[@data-kt=\"resourceUnitSaveButton\"]"}
RESULT: {"using":"xpath","value":"//button[@data-kt=\"resourceUnitSaveButton\"]"}
COMMAND: POST /session/a5881d3eaca756d633e860ab0441a8d1/element/f.70EA98C12271B5C153327B12E8209453.d.653B5BFBCEADA99B387E03400CB55051.e.8886/click - {}
RESULT: {}
COMMAND: GET /session/a5881d3eaca756d633e860ab0441a8d1/screenshot - {}
RESULT: {}
COMMAND: POST /session/a5881d3eaca756d633e860ab0441a8d1/element - {"using":"xpath","value":"//bdi[contains(text(), \"Close\")]"}
RESULT: {"using":"xpath","value":"//bdi[contains(text(), \"Close\")]"}
COMMAND: POST /session/a5881d3eaca756d633e860ab0441a8d1/element/f.70EA98C12271B5C153327B12E8209453.d.653B5BFBCEADA99B387E03400CB55051.e.9072/click - {}
RESULT: {}
COMMAND: GET /session/a5881d3eaca756d633e860ab0441a8d1/screenshot - {}
RESULT: {}
COMMAND: POST /session/a5881d3eaca756d633e860ab0441a8d1/element - {"using":"xpath","value":"//bdi[contains(text(), \"Edit\")]"}
RESULT: {"using":"xpath","value":"//bdi[contains(text(), \"Edit\")]"}
COMMAND: POST /session/a5881d3eaca756d633e860ab0441a8d1/execute/sync - {"script":"<script> [8489 bytes]","args":[{"element-6066-11e4-a52e-4f735466cecf":"f.70EA98C12271B5C153327B12E8209453.d.653B5BFBCEADA99B387E03400CB55051.e.9127","ELEMENT":"f.70EA98C12271B5C153327B12E8209453.d.653B5BFBCEADA99B387E03400CB55051.e.9127"}]}
RESULT: {"script":"<script> [8489 bytes]","args":[{"element-6066-11e4-a52e-4f735466cecf":"f.70EA98C12271B5C153327B12E8209453.d.653B5BFBCEADA99B387E03400CB55051.e.9127","ELEMENT":"f.70EA98C12271B5C153327B12E8209453.d.653B5BFBCEADA99B387E03400CB55051.e.9127"}]}
COMMAND: POST /session/a5881d3eaca756d633e860ab0441a8d1/element/f.70EA98C12271B5C153327B12E8209453.d.653B5BFBCEADA99B387E03400CB55051.e.9127/click - {}
COMMAND: GET /session/a5881d3eaca756d633e860ab0441a8d1/screenshot - {}
RESULT: {}
COMMAND: GET /session/a5881d3eaca756d633e860ab0441a8d1/screenshot - {}
COMMAND: POST /session/a5881d3eaca756d633e860ab0441a8d1/execute/async - {"script":"<script> [1562 bytes]","args":[{"selector":{"id":"application-manageresources-display-component---editResource--editRruPage-anchBar-application-manageresources-display-component---editResource--counters-anchor","interaction":{"idSuffix":"BDI-content"}},"wdio_ui5_key":"applicationmanageresources-display-component---editResource--editRruPage-anchBar-application-manageresources-display-component---editResource--counters-anchor"}]}
RESULT: {}
RESULT: {}
RESULT: {"script":"<script> [1562 bytes]","args":[{"selector":{"id":"application-manageresources-display-component---editResource--editRruPage-anchBar-application-manageresources-display-component---editResource--counters-anchor","interaction":{"idSuffix":"BDI-content"}},"wdio_ui5_key":"applicationmanageresources-display-component---editResource--editRruPage-anchBar-application-manageresources-display-component---editResource--counters-anchor"}]}
RESULT: undefined
COMMAND: POST /session/a5881d3eaca756d633e860ab0441a8d1/element - {"using":"xpath","value":"//*[@id=\"application-manageresources-display-component---editResource--editRruPage-anchBar-application-manageresources-display-component---editResource--counters-anchor\"]"}
RESULT: {"using":"xpath","value":"//*[@id=\"application-manageresources-display-component---editResource--editRruPage-anchBar-application-manageresources-display-component---editResource--counters-anchor\"]"}
COMMAND: POST /session/a5881d3eaca756d633e860ab0441a8d1/element/f.70EA98C12271B5C153327B12E8209453.d.653B5BFBCEADA99B387E03400CB55051.e.9224/click - {}
RESULT: {}
COMMAND: GET /session/a5881d3eaca756d633e860ab0441a8d1/screenshot - {}
RESULT: {}
COMMAND: POST /session/a5881d3eaca756d633e860ab0441a8d1/execute/async - {"script":"<script> [1562 bytes]","args":[{"selector":{"id":"application-manageresources-display-component---editResource--btnAddCounter-img"},"wdio_ui5_key":"applicationmanageresources-display-component---editResource--btnAddCounter-img"}]}
RESULT: {"script":"<script> [1562 bytes]","args":[{"selector":{"id":"application-manageresources-display-component---editResource--btnAddCounter-img"},"wdio_ui5_key":"applicationmanageresources-display-component---editResource--btnAddCounter-img"}]}
RESULT: undefined
COMMAND: POST /session/a5881d3eaca756d633e860ab0441a8d1/element - {"using":"xpath","value":"//*[@id=\"application-manageresources-display-component---editResource--btnAddCounter-img\"]"}
RESULT: {"using":"xpath","value":"//*[@id=\"application-manageresources-display-component---editResource--btnAddCounter-img\"]"}
COMMAND: POST /session/a5881d3eaca756d633e860ab0441a8d1/element/f.70EA98C12271B5C153327B12E8209453.d.653B5BFBCEADA99B387E03400CB55051.e.9258/click - {}
RESULT: {}
COMMAND: POST /session/a5881d3eaca756d633e860ab0441a8d1/execute/async - {"script":"<script> [1562 bytes]","args":[{"selector":{"id":"application-manageresources-display-component---editResource--COUNTER_ID-application-manageresources-display-component---editResource--RUCounters-0-arrow"},"wdio_ui5_key":"applicationmanageresources-display-component---editResource--COUNTER_ID-application-manageresources-display-component---editResource--RUCounters-0-arrow"}]}
COMMAND: GET /session/a5881d3eaca756d633e860ab0441a8d1/screenshot - {}
RESULT: {"script":"<script> [1562 bytes]","args":[{"selector":{"id":"application-manageresources-display-component---editResource--COUNTER_ID-application-manageresources-display-component---editResource--RUCounters-0-arrow"},"wdio_ui5_key":"applicationmanageresources-display-component---editResource--COUNTER_ID-application-manageresources-display-component---editResource--RUCounters-0-arrow"}]}
RESULT: undefined
COMMAND: POST /session/a5881d3eaca756d633e860ab0441a8d1/element - {"using":"xpath","value":"//*[@id=\"application-manageresources-display-component---editResource--COUNTER_ID-application-manageresources-display-component---editResource--RUCounters-0-arrow\"]"}
RESULT: {}
RESULT: {"using":"xpath","value":"//*[@id=\"application-manageresources-display-component---editResource--COUNTER_ID-application-manageresources-display-component---editResource--RUCounters-0-arrow\"]"}
COMMAND: POST /session/a5881d3eaca756d633e860ab0441a8d1/element/f.70EA98C12271B5C153327B12E8209453.d.653B5BFBCEADA99B387E03400CB55051.e.9263/click - {}
RESULT: {}
COMMAND: POST /session/a5881d3eaca756d633e860ab0441a8d1/execute/async - {"script":"<script> [1562 bytes]","args":[{"selector":{"controlType":"sap.m.StandardListItem","viewName":"etm.portal.ui.manageresources.view.EditResource","viewId":"application-manageresources-display-component---editResource","properties":{"title":"fuel"},"searchOpenDialogs":true,"interaction":{"idSuffix":"content"}},"wdio_ui5_key":"etmportal.ui.manageresources.view.EditResourcesap.m.StandardListItem{\"title\":\"fuel\"}"}]}
COMMAND: GET /session/a5881d3eaca756d633e860ab0441a8d1/screenshot - {}
RESULT: {"script":"<script> [1562 bytes]","args":[{"selector":{"controlType":"sap.m.StandardListItem","viewName":"etm.portal.ui.manageresources.view.EditResource","viewId":"application-manageresources-display-component---editResource","properties":{"title":"fuel"},"searchOpenDialogs":true,"interaction":{"idSuffix":"content"}},"wdio_ui5_key":"etmportal.ui.manageresources.view.EditResourcesap.m.StandardListItem{\"title\":\"fuel\"}"}]}
RESULT: undefined
COMMAND: POST /session/a5881d3eaca756d633e860ab0441a8d1/element - {"using":"xpath","value":"//*[@id=\"__item2403\"]"}
RESULT: {}
RESULT: {"using":"xpath","value":"//*[@id=\"__item2403\"]"}
COMMAND: POST /session/a5881d3eaca756d633e860ab0441a8d1/element/f.70EA98C12271B5C153327B12E8209453.d.653B5BFBCEADA99B387E03400CB55051.e.9265/click - {}
RESULT: {}
COMMAND: GET /session/a5881d3eaca756d633e860ab0441a8d1/screenshot - {}
RESULT: {}
COMMAND: POST /session/a5881d3eaca756d633e860ab0441a8d1/element - {"using":"xpath","value":"//button[@data-kt=\"saveButton\"]"}
RESULT: {"using":"xpath","value":"//button[@data-kt=\"saveButton\"]"}
COMMAND: POST /session/a5881d3eaca756d633e860ab0441a8d1/element/f.70EA98C12271B5C153327B12E8209453.d.653B5BFBCEADA99B387E03400CB55051.e.9266/click - {}
RESULT: {}
COMMAND: GET /session/a5881d3eaca756d633e860ab0441a8d1/screenshot - {}
RESULT: {}
COMMAND: POST /session/a5881d3eaca756d633e860ab0441a8d1/element - {"using":"xpath","value":"(//button[contains(@id ,\"actionsToolbar-overflowButton\")])[1]"}
RESULT: {"using":"xpath","value":"(//button[contains(@id ,\"actionsToolbar-overflowButton\")])[1]"}
COMMAND: POST /session/a5881d3eaca756d633e860ab0441a8d1/element/f.70EA98C12271B5C153327B12E8209453.d.653B5BFBCEADA99B387E03400CB55051.e.9276/click - {}
RESULT: {}
COMMAND: GET /session/a5881d3eaca756d633e860ab0441a8d1/screenshot - {}
RESULT: {}
COMMAND: POST /session/a5881d3eaca756d633e860ab0441a8d1/element - {"using":"xpath","value":"//button[@data-kt=\"priceInfoButton\"]"}
RESULT: {"using":"xpath","value":"//button[@data-kt=\"priceInfoButton\"]"}
COMMAND: POST /session/a5881d3eaca756d633e860ab0441a8d1/element/f.70EA98C12271B5C153327B12E8209453.d.653B5BFBCEADA99B387E03400CB55051.e.9278/click - {}
RESULT: {}
COMMAND: GET /session/a5881d3eaca756d633e860ab0441a8d1/screenshot - {}
]]></system-out>
    </testcase>
    <testcase classname="chrome.135_0_7049_96.windows.Create_master_data_for_mixed_billing_&amp;_do_billing_calculation_US151661" name="Should create a TB pricing procedure" time="53.864">
      <system-out><![CDATA[
COMMAND: POST /session/a5881d3eaca756d633e860ab0441a8d1/element - {"using":"xpath","value":"//button[@data-kt=\"addButton\"]"}
RESULT: {}
RESULT: {"using":"xpath","value":"//button[@data-kt=\"addButton\"]"}
COMMAND: POST /session/a5881d3eaca756d633e860ab0441a8d1/elements - {"using":"xpath","value":"//button[@data-kt=\"addButton\"]"}
RESULT: {"using":"xpath","value":"//button[@data-kt=\"addButton\"]"}
COMMAND: POST /session/a5881d3eaca756d633e860ab0441a8d1/execute/sync - {"script":"<script> [8489 bytes]","args":[{"element-6066-11e4-a52e-4f735466cecf":"f.70EA98C12271B5C153327B12E8209453.d.653B5BFBCEADA99B387E03400CB55051.e.9314","ELEMENT":"f.70EA98C12271B5C153327B12E8209453.d.653B5BFBCEADA99B387E03400CB55051.e.9314"}]}
RESULT: {"script":"<script> [8489 bytes]","args":[{"element-6066-11e4-a52e-4f735466cecf":"f.70EA98C12271B5C153327B12E8209453.d.653B5BFBCEADA99B387E03400CB55051.e.9314","ELEMENT":"f.70EA98C12271B5C153327B12E8209453.d.653B5BFBCEADA99B387E03400CB55051.e.9314"}]}
COMMAND: GET /session/a5881d3eaca756d633e860ab0441a8d1/element/f.70EA98C12271B5C153327B12E8209453.d.653B5BFBCEADA99B387E03400CB55051.e.9314/enabled - {}
COMMAND: GET /session/a5881d3eaca756d633e860ab0441a8d1/screenshot - {}
RESULT: {}
COMMAND: POST /session/a5881d3eaca756d633e860ab0441a8d1/execute/sync - {"script":"<script> [8489 bytes]","args":[{"element-6066-11e4-a52e-4f735466cecf":"f.70EA98C12271B5C153327B12E8209453.d.653B5BFBCEADA99B387E03400CB55051.e.9314","ELEMENT":"f.70EA98C12271B5C153327B12E8209453.d.653B5BFBCEADA99B387E03400CB55051.e.9314"}]}
COMMAND: GET /session/a5881d3eaca756d633e860ab0441a8d1/screenshot - {}
RESULT: {}
RESULT: {"script":"<script> [8489 bytes]","args":[{"element-6066-11e4-a52e-4f735466cecf":"f.70EA98C12271B5C153327B12E8209453.d.653B5BFBCEADA99B387E03400CB55051.e.9314","ELEMENT":"f.70EA98C12271B5C153327B12E8209453.d.653B5BFBCEADA99B387E03400CB55051.e.9314"}]}
COMMAND: POST /session/a5881d3eaca756d633e860ab0441a8d1/execute/sync - {"script":"<script> [5351 bytes]","args":[{"element-6066-11e4-a52e-4f735466cecf":"f.70EA98C12271B5C153327B12E8209453.d.653B5BFBCEADA99B387E03400CB55051.e.9314","ELEMENT":"f.70EA98C12271B5C153327B12E8209453.d.653B5BFBCEADA99B387E03400CB55051.e.9314"}]}
COMMAND: GET /session/a5881d3eaca756d633e860ab0441a8d1/screenshot - {}
RESULT: {}
RESULT: {"script":"<script> [5351 bytes]","args":[{"element-6066-11e4-a52e-4f735466cecf":"f.70EA98C12271B5C153327B12E8209453.d.653B5BFBCEADA99B387E03400CB55051.e.9314","ELEMENT":"f.70EA98C12271B5C153327B12E8209453.d.653B5BFBCEADA99B387E03400CB55051.e.9314"}]}
COMMAND: POST /session/a5881d3eaca756d633e860ab0441a8d1/element/f.70EA98C12271B5C153327B12E8209453.d.653B5BFBCEADA99B387E03400CB55051.e.9314/click - {}
COMMAND: GET /session/a5881d3eaca756d633e860ab0441a8d1/screenshot - {}
RESULT: {}
RESULT: {}
COMMAND: GET /session/a5881d3eaca756d633e860ab0441a8d1/screenshot - {}
RESULT: {}
RESULT: {}
COMMAND: POST /session/a5881d3eaca756d633e860ab0441a8d1/execute/async - {"script":"<script> [1562 bytes]","args":[{"selector":{"controlType":"sap.m.Title","viewName":"etm.portal.ui.managepricingrules.view.NewItem","viewId":"application-managepricingrules-display-component---newInfoPriceItem","properties":{"text":"New Pricing Rules - Item Level"}},"wdio_ui5_key":"etmportal.ui.managepricingrules.view.NewItemsap.m.Title{\"text\":\"New Pricing Rules - Item Level\"}"}]}
RESULT: {"script":"<script> [1562 bytes]","args":[{"selector":{"controlType":"sap.m.Title","viewName":"etm.portal.ui.managepricingrules.view.NewItem","viewId":"application-managepricingrules-display-component---newInfoPriceItem","properties":{"text":"New Pricing Rules - Item Level"}},"wdio_ui5_key":"etmportal.ui.managepricingrules.view.NewItemsap.m.Title{\"text\":\"New Pricing Rules - Item Level\"}"}]}
RESULT: undefined
COMMAND: POST /session/a5881d3eaca756d633e860ab0441a8d1/execute/async - {"script":"<script> [6424 bytes]","args":[{"element-6066-11e4-a52e-4f735466cecf":"f.70EA98C12271B5C153327B12E8209453.d.653B5BFBCEADA99B387E03400CB55051.e.9485"},"getText",[]]}
RESULT: {"script":"<script> [6424 bytes]","args":[{"element-6066-11e4-a52e-4f735466cecf":"f.70EA98C12271B5C153327B12E8209453.d.653B5BFBCEADA99B387E03400CB55051.e.9485"},"getText",[]]}
COMMAND: POST /session/a5881d3eaca756d633e860ab0441a8d1/execute/async - {"script":"<script> [1562 bytes]","args":[{"selector":{"id":"application-managepricingrules-display-component---newInfoPriceItem--condValidTo","interaction":{"idSuffix":"inner"}},"wdio_ui5_key":"applicationmanagepricingrules-display-component---newInfoPriceItem--condValidTo"}]}
RESULT: {"script":"<script> [1562 bytes]","args":[{"selector":{"id":"application-managepricingrules-display-component---newInfoPriceItem--condValidTo","interaction":{"idSuffix":"inner"}},"wdio_ui5_key":"applicationmanagepricingrules-display-component---newInfoPriceItem--condValidTo"}]}
RESULT: undefined
COMMAND: POST /session/a5881d3eaca756d633e860ab0441a8d1/execute/async - {"script":"<script> [776 bytes]","args":[{"enterText":"12/30/25","selector":{"id":"application-managepricingrules-display-component---newInfoPriceItem--condValidTo","interaction":{"idSuffix":"inner"}},"clearTextFirst":true,"interactionType":"ENTER_TEXT"}]}
RESULT: {"script":"<script> [776 bytes]","args":[{"enterText":"12/30/25","selector":{"id":"application-managepricingrules-display-component---newInfoPriceItem--condValidTo","interaction":{"idSuffix":"inner"}},"clearTextFirst":true,"interactionType":"ENTER_TEXT"}]}
COMMAND: POST /session/a5881d3eaca756d633e860ab0441a8d1/execute/async - {"script":"<script> [1562 bytes]","args":[{"selector":{"id":"application-managepricingrules-display-component---newInfoPriceItem--billType-arrow"},"wdio_ui5_key":"applicationmanagepricingrules-display-component---newInfoPriceItem--billType-arrow"}]}
RESULT: {"script":"<script> [1562 bytes]","args":[{"selector":{"id":"application-managepricingrules-display-component---newInfoPriceItem--billType-arrow"},"wdio_ui5_key":"applicationmanagepricingrules-display-component---newInfoPriceItem--billType-arrow"}]}
RESULT: undefined
COMMAND: POST /session/a5881d3eaca756d633e860ab0441a8d1/element - {"using":"xpath","value":"//*[@id=\"application-managepricingrules-display-component---newInfoPriceItem--billType-arrow\"]"}
RESULT: {"using":"xpath","value":"//*[@id=\"application-managepricingrules-display-component---newInfoPriceItem--billType-arrow\"]"}
COMMAND: POST /session/a5881d3eaca756d633e860ab0441a8d1/element/f.70EA98C12271B5C153327B12E8209453.d.653B5BFBCEADA99B387E03400CB55051.e.9443/click - {}
RESULT: {}
COMMAND: POST /session/a5881d3eaca756d633e860ab0441a8d1/element - {"using":"xpath","value":"//span[contains(text(), \"TB - Time based\")]"}
COMMAND: GET /session/a5881d3eaca756d633e860ab0441a8d1/screenshot - {}
RESULT: {"using":"xpath","value":"//span[contains(text(), \"TB - Time based\")]"}
COMMAND: POST /session/a5881d3eaca756d633e860ab0441a8d1/element/f.70EA98C12271B5C153327B12E8209453.d.653B5BFBCEADA99B387E03400CB55051.e.9487/click - {}
RESULT: {}
RESULT: {}
COMMAND: POST /session/a5881d3eaca756d633e860ab0441a8d1/execute/async - {"script":"<script> [1562 bytes]","args":[{"selector":{"id":"application-managepricingrules-display-component---newInfoPriceItem--priceProc-arrow"},"wdio_ui5_key":"applicationmanagepricingrules-display-component---newInfoPriceItem--priceProc-arrow"}]}
COMMAND: GET /session/a5881d3eaca756d633e860ab0441a8d1/screenshot - {}
RESULT: {"script":"<script> [1562 bytes]","args":[{"selector":{"id":"application-managepricingrules-display-component---newInfoPriceItem--priceProc-arrow"},"wdio_ui5_key":"applicationmanagepricingrules-display-component---newInfoPriceItem--priceProc-arrow"}]}
RESULT: undefined
COMMAND: POST /session/a5881d3eaca756d633e860ab0441a8d1/element - {"using":"xpath","value":"//*[@id=\"application-managepricingrules-display-component---newInfoPriceItem--priceProc-arrow\"]"}
RESULT: {}
RESULT: {"using":"xpath","value":"//*[@id=\"application-managepricingrules-display-component---newInfoPriceItem--priceProc-arrow\"]"}
COMMAND: POST /session/a5881d3eaca756d633e860ab0441a8d1/element/f.70EA98C12271B5C153327B12E8209453.d.653B5BFBCEADA99B387E03400CB55051.e.9450/click - {}
RESULT: {}
COMMAND: POST /session/a5881d3eaca756d633e860ab0441a8d1/element - {"using":"xpath","value":"//span[contains(text(), \"TB - Time based BGL\")]"}
COMMAND: GET /session/a5881d3eaca756d633e860ab0441a8d1/screenshot - {}
RESULT: {"using":"xpath","value":"//span[contains(text(), \"TB - Time based BGL\")]"}
COMMAND: POST /session/a5881d3eaca756d633e860ab0441a8d1/element/f.70EA98C12271B5C153327B12E8209453.d.653B5BFBCEADA99B387E03400CB55051.e.9488/click - {}
RESULT: {}
RESULT: {}
COMMAND: POST /session/a5881d3eaca756d633e860ab0441a8d1/execute/async - {"script":"<script> [1562 bytes]","args":[{"selector":{"id":"application-managepricingrules-display-component---newInfoPriceItem--calcBase-arrow"},"wdio_ui5_key":"applicationmanagepricingrules-display-component---newInfoPriceItem--calcBase-arrow"}]}
COMMAND: GET /session/a5881d3eaca756d633e860ab0441a8d1/screenshot - {}
RESULT: {"script":"<script> [1562 bytes]","args":[{"selector":{"id":"application-managepricingrules-display-component---newInfoPriceItem--calcBase-arrow"},"wdio_ui5_key":"applicationmanagepricingrules-display-component---newInfoPriceItem--calcBase-arrow"}]}
RESULT: undefined
COMMAND: POST /session/a5881d3eaca756d633e860ab0441a8d1/element - {"using":"xpath","value":"//*[@id=\"application-managepricingrules-display-component---newInfoPriceItem--calcBase-arrow\"]"}
RESULT: {}
RESULT: {"using":"xpath","value":"//*[@id=\"application-managepricingrules-display-component---newInfoPriceItem--calcBase-arrow\"]"}
COMMAND: POST /session/a5881d3eaca756d633e860ab0441a8d1/element/f.70EA98C12271B5C153327B12E8209453.d.653B5BFBCEADA99B387E03400CB55051.e.9457/click - {}
RESULT: {}
COMMAND: GET /session/a5881d3eaca756d633e860ab0441a8d1/screenshot - {}
RESULT: {}
COMMAND: POST /session/a5881d3eaca756d633e860ab0441a8d1/element - {"using":"xpath","value":"//span[contains(text(), \"0006 - TB(calendar days)\")]"}
RESULT: {"using":"xpath","value":"//span[contains(text(), \"0006 - TB(calendar days)\")]"}
COMMAND: POST /session/a5881d3eaca756d633e860ab0441a8d1/element/f.70EA98C12271B5C153327B12E8209453.d.653B5BFBCEADA99B387E03400CB55051.e.9489/click - {}
RESULT: {}
COMMAND: GET /session/a5881d3eaca756d633e860ab0441a8d1/screenshot - {}
RESULT: {}
COMMAND: POST /session/a5881d3eaca756d633e860ab0441a8d1/execute/async - {"script":"<script> [1562 bytes]","args":[{"selector":{"id":"application-managepricingrules-display-component---newInfoPriceItem--hoursMonth","interaction":{"idSuffix":"inner"}},"wdio_ui5_key":"applicationmanagepricingrules-display-component---newInfoPriceItem--hoursMonth"}]}
RESULT: {"script":"<script> [1562 bytes]","args":[{"selector":{"id":"application-managepricingrules-display-component---newInfoPriceItem--hoursMonth","interaction":{"idSuffix":"inner"}},"wdio_ui5_key":"applicationmanagepricingrules-display-component---newInfoPriceItem--hoursMonth"}]}
RESULT: undefined
COMMAND: POST /session/a5881d3eaca756d633e860ab0441a8d1/execute/async - {"script":"<script> [776 bytes]","args":[{"enterText":"160","selector":{"id":"application-managepricingrules-display-component---newInfoPriceItem--hoursMonth","interaction":{"idSuffix":"inner"}},"clearTextFirst":true,"interactionType":"ENTER_TEXT"}]}
RESULT: {"script":"<script> [776 bytes]","args":[{"enterText":"160","selector":{"id":"application-managepricingrules-display-component---newInfoPriceItem--hoursMonth","interaction":{"idSuffix":"inner"}},"clearTextFirst":true,"interactionType":"ENTER_TEXT"}]}
COMMAND: POST /session/a5881d3eaca756d633e860ab0441a8d1/execute/async - {"script":"<script> [1562 bytes]","args":[{"selector":{"id":"application-managepricingrules-display-component---newInfoPriceItem--daysMonth","interaction":{"idSuffix":"inner"}},"wdio_ui5_key":"applicationmanagepricingrules-display-component---newInfoPriceItem--daysMonth"}]}
RESULT: {"script":"<script> [1562 bytes]","args":[{"selector":{"id":"application-managepricingrules-display-component---newInfoPriceItem--daysMonth","interaction":{"idSuffix":"inner"}},"wdio_ui5_key":"applicationmanagepricingrules-display-component---newInfoPriceItem--daysMonth"}]}
RESULT: undefined
COMMAND: POST /session/a5881d3eaca756d633e860ab0441a8d1/execute/async - {"script":"<script> [776 bytes]","args":[{"enterText":"30","selector":{"id":"application-managepricingrules-display-component---newInfoPriceItem--daysMonth","interaction":{"idSuffix":"inner"}},"clearTextFirst":true,"interactionType":"ENTER_TEXT"}]}
RESULT: {"script":"<script> [776 bytes]","args":[{"enterText":"30","selector":{"id":"application-managepricingrules-display-component---newInfoPriceItem--daysMonth","interaction":{"idSuffix":"inner"}},"clearTextFirst":true,"interactionType":"ENTER_TEXT"}]}
COMMAND: POST /session/a5881d3eaca756d633e860ab0441a8d1/element - {"using":"xpath","value":"//button[@data-kt=\"saveNewRuleButton\"]"}
RESULT: {"using":"xpath","value":"//button[@data-kt=\"saveNewRuleButton\"]"}
COMMAND: POST /session/a5881d3eaca756d633e860ab0441a8d1/element/f.70EA98C12271B5C153327B12E8209453.d.653B5BFBCEADA99B387E03400CB55051.e.9477/click - {}
RESULT: {}
COMMAND: GET /session/a5881d3eaca756d633e860ab0441a8d1/screenshot - {}
RESULT: {}
COMMAND: POST /session/a5881d3eaca756d633e860ab0441a8d1/execute/async - {"script":"<script> [1562 bytes]","args":[{"selector":{"id":"application-managepricingrules-display-component---priceInfoItem--smartFilterBar-btnBasicSearch","interaction":{"idSuffix":"I"}},"wdio_ui5_key":"applicationmanagepricingrules-display-component---priceInfoItem--smartFilterBar-btnBasicSearch"}]}
RESULT: {"script":"<script> [1562 bytes]","args":[{"selector":{"id":"application-managepricingrules-display-component---priceInfoItem--smartFilterBar-btnBasicSearch","interaction":{"idSuffix":"I"}},"wdio_ui5_key":"applicationmanagepricingrules-display-component---priceInfoItem--smartFilterBar-btnBasicSearch"}]}
RESULT: undefined
COMMAND: POST /session/a5881d3eaca756d633e860ab0441a8d1/execute/async - {"script":"<script> [776 bytes]","args":[{"enterText":"Y4H1jKBaMa","selector":{"id":"application-managepricingrules-display-component---priceInfoItem--smartFilterBar-btnBasicSearch","interaction":{"idSuffix":"I"}},"clearTextFirst":true,"interactionType":"ENTER_TEXT"}]}
RESULT: {"script":"<script> [776 bytes]","args":[{"enterText":"Y4H1jKBaMa","selector":{"id":"application-managepricingrules-display-component---priceInfoItem--smartFilterBar-btnBasicSearch","interaction":{"idSuffix":"I"}},"clearTextFirst":true,"interactionType":"ENTER_TEXT"}]}
COMMAND: POST /session/a5881d3eaca756d633e860ab0441a8d1/actions - {"actions":[{"id":"action31","type":"key","parameters":{},"actions":[{"type":"keyDown","value":"î€‡"},{"type":"pause","duration":10},{"type":"keyUp","value":"î€‡"}]}]}
RESULT: {"actions":[{"id":"action31","type":"key","parameters":{},"actions":[{"type":"keyDown","value":"î€‡"},{"type":"pause","duration":10},{"type":"keyUp","value":"î€‡"}]}]}
COMMAND: GET /session/a5881d3eaca756d633e860ab0441a8d1/screenshot - {}
RESULT: {}
COMMAND: POST /session/a5881d3eaca756d633e860ab0441a8d1/element - {"using":"xpath","value":"//span[@id=\"application-managepricingrules-display-component---priceInfoItem--smartTable-header-inner\"]"}
RESULT: {"using":"xpath","value":"//span[@id=\"application-managepricingrules-display-component---priceInfoItem--smartTable-header-inner\"]"}
COMMAND: POST /session/a5881d3eaca756d633e860ab0441a8d1/elements - {"using":"xpath","value":"//span[@id=\"application-managepricingrules-display-component---priceInfoItem--smartTable-header-inner\"]"}
RESULT: {"using":"xpath","value":"//span[@id=\"application-managepricingrules-display-component---priceInfoItem--smartTable-header-inner\"]"}
COMMAND: POST /session/a5881d3eaca756d633e860ab0441a8d1/execute/sync - {"script":"<script> [56 bytes]","args":[{"element-6066-11e4-a52e-4f735466cecf":"f.70EA98C12271B5C153327B12E8209453.d.653B5BFBCEADA99B387E03400CB55051.e.9514","ELEMENT":"f.70EA98C12271B5C153327B12E8209453.d.653B5BFBCEADA99B387E03400CB55051.e.9514"}]}
RESULT: {"script":"<script> [56 bytes]","args":[{"element-6066-11e4-a52e-4f735466cecf":"f.70EA98C12271B5C153327B12E8209453.d.653B5BFBCEADA99B387E03400CB55051.e.9514","ELEMENT":"f.70EA98C12271B5C153327B12E8209453.d.653B5BFBCEADA99B387E03400CB55051.e.9514"}]}
COMMAND: POST /session/a5881d3eaca756d633e860ab0441a8d1/element - {"using":"css selector","value":"#shell-header-logo"}
COMMAND: GET /session/a5881d3eaca756d633e860ab0441a8d1/screenshot - {}
RESULT: {"using":"css selector","value":"#shell-header-logo"}
COMMAND: POST /session/a5881d3eaca756d633e860ab0441a8d1/element/f.70EA98C12271B5C153327B12E8209453.d.653B5BFBCEADA99B387E03400CB55051.e.8473/click - {}
RESULT: {}
RESULT: {}
COMMAND: GET /session/a5881d3eaca756d633e860ab0441a8d1/screenshot - {}
RESULT: {}
]]></system-out>
    </testcase>
    <testcase classname="chrome.135_0_7049_96.windows.Create_master_data_for_mixed_billing_&amp;_do_billing_calculation_US151661" name="Should add one time condition" time="63.278">
      <system-out><![CDATA[
COMMAND: POST /session/a5881d3eaca756d633e860ab0441a8d1/execute/async - {"script":"<script> [1562 bytes]","args":[{"selector":{"controlType":"sap.m.Text","properties":{"text":"Manage Conditions & Prices"},"interaction":{"idSuffix":"inner"}},"wdio_ui5_key":"sapm.Text{\"text\":\"Manage Conditions & Prices\"}"}]}
RESULT: {"script":"<script> [1562 bytes]","args":[{"selector":{"controlType":"sap.m.Text","properties":{"text":"Manage Conditions & Prices"},"interaction":{"idSuffix":"inner"}},"wdio_ui5_key":"sapm.Text{\"text\":\"Manage Conditions & Prices\"}"}]}
RESULT: undefined
COMMAND: POST /session/a5881d3eaca756d633e860ab0441a8d1/element - {"using":"xpath","value":"//*[@id=\"__tile53-title\"]"}
RESULT: {"using":"xpath","value":"//*[@id=\"__tile53-title\"]"}
COMMAND: POST /session/a5881d3eaca756d633e860ab0441a8d1/element/f.70EA98C12271B5C153327B12E8209453.d.653B5BFBCEADA99B387E03400CB55051.e.9517/click - {}
RESULT: {}
COMMAND: POST /session/a5881d3eaca756d633e860ab0441a8d1/element - {"using":"xpath","value":"//button[@aria-label=\"Create\"]"}
COMMAND: GET /session/a5881d3eaca756d633e860ab0441a8d1/screenshot - {}
RESULT: {"using":"xpath","value":"//button[@aria-label=\"Create\"]"}
COMMAND: POST /session/a5881d3eaca756d633e860ab0441a8d1/elements - {"using":"xpath","value":"//button[@aria-label=\"Create\"]"}
RESULT: {}
RESULT: {"using":"xpath","value":"//button[@aria-label=\"Create\"]"}
COMMAND: POST /session/a5881d3eaca756d633e860ab0441a8d1/elements - {"using":"xpath","value":"//button[@aria-label=\"Create\"]"}
RESULT: {"using":"xpath","value":"//button[@aria-label=\"Create\"]"}
COMMAND: POST /session/a5881d3eaca756d633e860ab0441a8d1/element - {"using":"xpath","value":"//button[@aria-label=\"Create\"]"}
RESULT: {"using":"xpath","value":"//button[@aria-label=\"Create\"]"}
COMMAND: POST /session/a5881d3eaca756d633e860ab0441a8d1/execute/sync - {"script":"<script> [8489 bytes]","args":[{"element-6066-11e4-a52e-4f735466cecf":"f.70EA98C12271B5C153327B12E8209453.d.653B5BFBCEADA99B387E03400CB55051.e.9551","ELEMENT":"f.70EA98C12271B5C153327B12E8209453.d.653B5BFBCEADA99B387E03400CB55051.e.9551"}]}
RESULT: {"script":"<script> [8489 bytes]","args":[{"element-6066-11e4-a52e-4f735466cecf":"f.70EA98C12271B5C153327B12E8209453.d.653B5BFBCEADA99B387E03400CB55051.e.9551","ELEMENT":"f.70EA98C12271B5C153327B12E8209453.d.653B5BFBCEADA99B387E03400CB55051.e.9551"}]}
COMMAND: GET /session/a5881d3eaca756d633e860ab0441a8d1/element/f.70EA98C12271B5C153327B12E8209453.d.653B5BFBCEADA99B387E03400CB55051.e.9551/enabled - {}
COMMAND: GET /session/a5881d3eaca756d633e860ab0441a8d1/screenshot - {}
RESULT: {}
COMMAND: POST /session/a5881d3eaca756d633e860ab0441a8d1/execute/sync - {"script":"<script> [8489 bytes]","args":[{"element-6066-11e4-a52e-4f735466cecf":"f.70EA98C12271B5C153327B12E8209453.d.653B5BFBCEADA99B387E03400CB55051.e.9551","ELEMENT":"f.70EA98C12271B5C153327B12E8209453.d.653B5BFBCEADA99B387E03400CB55051.e.9551"}]}
COMMAND: GET /session/a5881d3eaca756d633e860ab0441a8d1/screenshot - {}
RESULT: {}
RESULT: {"script":"<script> [8489 bytes]","args":[{"element-6066-11e4-a52e-4f735466cecf":"f.70EA98C12271B5C153327B12E8209453.d.653B5BFBCEADA99B387E03400CB55051.e.9551","ELEMENT":"f.70EA98C12271B5C153327B12E8209453.d.653B5BFBCEADA99B387E03400CB55051.e.9551"}]}
COMMAND: POST /session/a5881d3eaca756d633e860ab0441a8d1/execute/sync - {"script":"<script> [5351 bytes]","args":[{"element-6066-11e4-a52e-4f735466cecf":"f.70EA98C12271B5C153327B12E8209453.d.653B5BFBCEADA99B387E03400CB55051.e.9551","ELEMENT":"f.70EA98C12271B5C153327B12E8209453.d.653B5BFBCEADA99B387E03400CB55051.e.9551"}]}
COMMAND: GET /session/a5881d3eaca756d633e860ab0441a8d1/screenshot - {}
RESULT: {}
RESULT: {"script":"<script> [5351 bytes]","args":[{"element-6066-11e4-a52e-4f735466cecf":"f.70EA98C12271B5C153327B12E8209453.d.653B5BFBCEADA99B387E03400CB55051.e.9551","ELEMENT":"f.70EA98C12271B5C153327B12E8209453.d.653B5BFBCEADA99B387E03400CB55051.e.9551"}]}
COMMAND: POST /session/a5881d3eaca756d633e860ab0441a8d1/element/f.70EA98C12271B5C153327B12E8209453.d.653B5BFBCEADA99B387E03400CB55051.e.9551/click - {}
COMMAND: GET /session/a5881d3eaca756d633e860ab0441a8d1/screenshot - {}
RESULT: {}
RESULT: {}
COMMAND: GET /session/a5881d3eaca756d633e860ab0441a8d1/screenshot - {}
RESULT: {}
RESULT: {}
COMMAND: POST /session/a5881d3eaca756d633e860ab0441a8d1/actions - {"actions":[{"id":"action32","type":"key","parameters":{},"actions":[{"type":"keyDown","value":"î€‡"},{"type":"pause","duration":10},{"type":"keyUp","value":"î€‡"}]}]}
RESULT: {"actions":[{"id":"action32","type":"key","parameters":{},"actions":[{"type":"keyDown","value":"î€‡"},{"type":"pause","duration":10},{"type":"keyUp","value":"î€‡"}]}]}
COMMAND: GET /session/a5881d3eaca756d633e860ab0441a8d1/screenshot - {}
RESULT: {}
COMMAND: POST /session/a5881d3eaca756d633e860ab0441a8d1/execute/async - {"script":"<script> [1562 bytes]","args":[{"selector":{"id":"application-manageconditionprice-display-component---newCondition--condBillCond-arrow"},"wdio_ui5_key":"applicationmanageconditionprice-display-component---newCondition--condBillCond-arrow"}]}
RESULT: {"script":"<script> [1562 bytes]","args":[{"selector":{"id":"application-manageconditionprice-display-component---newCondition--condBillCond-arrow"},"wdio_ui5_key":"applicationmanageconditionprice-display-component---newCondition--condBillCond-arrow"}]}
RESULT: undefined
COMMAND: POST /session/a5881d3eaca756d633e860ab0441a8d1/element - {"using":"xpath","value":"//*[@id=\"application-manageconditionprice-display-component---newCondition--condBillCond-arrow\"]"}
RESULT: {"using":"xpath","value":"//*[@id=\"application-manageconditionprice-display-component---newCondition--condBillCond-arrow\"]"}
COMMAND: POST /session/a5881d3eaca756d633e860ab0441a8d1/element/f.70EA98C12271B5C153327B12E8209453.d.653B5BFBCEADA99B387E03400CB55051.e.9731/click - {}
RESULT: {}
COMMAND: GET /session/a5881d3eaca756d633e860ab0441a8d1/screenshot - {}
RESULT: {}
COMMAND: POST /session/a5881d3eaca756d633e860ab0441a8d1/element - {"using":"xpath","value":"//li[.//span[contains(text(), \"SAPR - Sales price\")]]"}
RESULT: {"using":"xpath","value":"//li[.//span[contains(text(), \"SAPR - Sales price\")]]"}
COMMAND: POST /session/a5881d3eaca756d633e860ab0441a8d1/element/f.70EA98C12271B5C153327B12E8209453.d.653B5BFBCEADA99B387E03400CB55051.e.9734/click - {}
RESULT: {}
COMMAND: GET /session/a5881d3eaca756d633e860ab0441a8d1/screenshot - {}
RESULT: {}
COMMAND: POST /session/a5881d3eaca756d633e860ab0441a8d1/execute/async - {"script":"<script> [1562 bytes]","args":[{"selector":{"id":"application-manageconditionprice-display-component---newCondition--condValidTo","interaction":{"idSuffix":"inner"}},"wdio_ui5_key":"applicationmanageconditionprice-display-component---newCondition--condValidTo"}]}
RESULT: {"script":"<script> [1562 bytes]","args":[{"selector":{"id":"application-manageconditionprice-display-component---newCondition--condValidTo","interaction":{"idSuffix":"inner"}},"wdio_ui5_key":"applicationmanageconditionprice-display-component---newCondition--condValidTo"}]}
RESULT: undefined
COMMAND: POST /session/a5881d3eaca756d633e860ab0441a8d1/execute/async - {"script":"<script> [776 bytes]","args":[{"enterText":"12/30/25","selector":{"id":"application-manageconditionprice-display-component---newCondition--condValidTo","interaction":{"idSuffix":"inner"}},"clearTextFirst":true,"interactionType":"ENTER_TEXT"}]}
RESULT: {"script":"<script> [776 bytes]","args":[{"enterText":"12/30/25","selector":{"id":"application-manageconditionprice-display-component---newCondition--condValidTo","interaction":{"idSuffix":"inner"}},"clearTextFirst":true,"interactionType":"ENTER_TEXT"}]}
COMMAND: POST /session/a5881d3eaca756d633e860ab0441a8d1/element - {"using":"xpath","value":"//input[@id=\"application-manageconditionprice-display-component---newCondition--condRU-inner\"]"}
RESULT: {"using":"xpath","value":"//input[@id=\"application-manageconditionprice-display-component---newCondition--condRU-inner\"]"}
COMMAND: POST /session/a5881d3eaca756d633e860ab0441a8d1/element/f.70EA98C12271B5C153327B12E8209453.d.653B5BFBCEADA99B387E03400CB55051.e.9596/clear - {}
RESULT: {}
COMMAND: POST /session/a5881d3eaca756d633e860ab0441a8d1/element/f.70EA98C12271B5C153327B12E8209453.d.653B5BFBCEADA99B387E03400CB55051.e.9596/value - {"text":"Y4H1jKBaMa"}
COMMAND: GET /session/a5881d3eaca756d633e860ab0441a8d1/screenshot - {}
RESULT: {"text":"Y4H1jKBaMa"}
COMMAND: GET /session/a5881d3eaca756d633e860ab0441a8d1/screenshot - {}
RESULT: {}
RESULT: {}
COMMAND: POST /session/a5881d3eaca756d633e860ab0441a8d1/actions - {"actions":[{"id":"action33","type":"key","parameters":{},"actions":[{"type":"keyDown","value":"î€‡"},{"type":"pause","duration":10},{"type":"keyUp","value":"î€‡"}]}]}
RESULT: {"actions":[{"id":"action33","type":"key","parameters":{},"actions":[{"type":"keyDown","value":"î€‡"},{"type":"pause","duration":10},{"type":"keyUp","value":"î€‡"}]}]}
COMMAND: POST /session/a5881d3eaca756d633e860ab0441a8d1/execute/async - {"script":"<script> [1562 bytes]","args":[{"selector":{"id":"application-manageconditionprice-display-component---newCondition--condBaseQty","interaction":{"idSuffix":"inner"}},"wdio_ui5_key":"applicationmanageconditionprice-display-component---newCondition--condBaseQty"}]}
COMMAND: GET /session/a5881d3eaca756d633e860ab0441a8d1/screenshot - {}
RESULT: {"script":"<script> [1562 bytes]","args":[{"selector":{"id":"application-manageconditionprice-display-component---newCondition--condBaseQty","interaction":{"idSuffix":"inner"}},"wdio_ui5_key":"applicationmanageconditionprice-display-component---newCondition--condBaseQty"}]}
RESULT: undefined
COMMAND: POST /session/a5881d3eaca756d633e860ab0441a8d1/execute/async - {"script":"<script> [776 bytes]","args":[{"enterText":"1","selector":{"id":"application-manageconditionprice-display-component---newCondition--condBaseQty","interaction":{"idSuffix":"inner"}},"clearTextFirst":true,"interactionType":"ENTER_TEXT"}]}
RESULT: {}
RESULT: {"script":"<script> [776 bytes]","args":[{"enterText":"1","selector":{"id":"application-manageconditionprice-display-component---newCondition--condBaseQty","interaction":{"idSuffix":"inner"}},"clearTextFirst":true,"interactionType":"ENTER_TEXT"}]}
COMMAND: POST /session/a5881d3eaca756d633e860ab0441a8d1/execute/async - {"script":"<script> [1562 bytes]","args":[{"selector":{"id":"application-manageconditionprice-display-component---newCondition--condValue","interaction":{"idSuffix":"inner"}},"wdio_ui5_key":"applicationmanageconditionprice-display-component---newCondition--condValue"}]}
RESULT: {"script":"<script> [1562 bytes]","args":[{"selector":{"id":"application-manageconditionprice-display-component---newCondition--condValue","interaction":{"idSuffix":"inner"}},"wdio_ui5_key":"applicationmanageconditionprice-display-component---newCondition--condValue"}]}
RESULT: undefined
COMMAND: POST /session/a5881d3eaca756d633e860ab0441a8d1/execute/async - {"script":"<script> [776 bytes]","args":[{"enterText":"200","selector":{"id":"application-manageconditionprice-display-component---newCondition--condValue","interaction":{"idSuffix":"inner"}},"clearTextFirst":true,"interactionType":"ENTER_TEXT"}]}
RESULT: {"script":"<script> [776 bytes]","args":[{"enterText":"200","selector":{"id":"application-manageconditionprice-display-component---newCondition--condValue","interaction":{"idSuffix":"inner"}},"clearTextFirst":true,"interactionType":"ENTER_TEXT"}]}
COMMAND: POST /session/a5881d3eaca756d633e860ab0441a8d1/execute/async - {"script":"<script> [1562 bytes]","args":[{"selector":{"id":"application-manageconditionprice-display-component---newCondition--condCurr-arrow"},"wdio_ui5_key":"applicationmanageconditionprice-display-component---newCondition--condCurr-arrow"}]}
RESULT: {"script":"<script> [1562 bytes]","args":[{"selector":{"id":"application-manageconditionprice-display-component---newCondition--condCurr-arrow"},"wdio_ui5_key":"applicationmanageconditionprice-display-component---newCondition--condCurr-arrow"}]}
RESULT: undefined
COMMAND: POST /session/a5881d3eaca756d633e860ab0441a8d1/element - {"using":"xpath","value":"//*[@id=\"application-manageconditionprice-display-component---newCondition--condCurr-arrow\"]"}
RESULT: {"using":"xpath","value":"//*[@id=\"application-manageconditionprice-display-component---newCondition--condCurr-arrow\"]"}
COMMAND: POST /session/a5881d3eaca756d633e860ab0441a8d1/element/f.70EA98C12271B5C153327B12E8209453.d.653B5BFBCEADA99B387E03400CB55051.e.9712/click - {}
RESULT: {}
COMMAND: POST /session/a5881d3eaca756d633e860ab0441a8d1/element - {"using":"xpath","value":"//span[contains(text(), \"Euro\")]"}
COMMAND: GET /session/a5881d3eaca756d633e860ab0441a8d1/screenshot - {}
RESULT: {"using":"xpath","value":"//span[contains(text(), \"Euro\")]"}
COMMAND: POST /session/a5881d3eaca756d633e860ab0441a8d1/element/f.70EA98C12271B5C153327B12E8209453.d.653B5BFBCEADA99B387E03400CB55051.e.9772/click - {}
RESULT: {}
RESULT: {}
COMMAND: POST /session/a5881d3eaca756d633e860ab0441a8d1/element - {"using":"xpath","value":"//button[@data-kt=\"saveButton\"]"}
COMMAND: GET /session/a5881d3eaca756d633e860ab0441a8d1/screenshot - {}
RESULT: {"using":"xpath","value":"//button[@data-kt=\"saveButton\"]"}
COMMAND: POST /session/a5881d3eaca756d633e860ab0441a8d1/element/f.70EA98C12271B5C153327B12E8209453.d.653B5BFBCEADA99B387E03400CB55051.e.9713/click - {}
RESULT: {}
RESULT: {}
COMMAND: GET /session/a5881d3eaca756d633e860ab0441a8d1/screenshot - {}
RESULT: {}
COMMAND: POST /session/a5881d3eaca756d633e860ab0441a8d1/execute/async - {"script":"<script> [1562 bytes]","args":[{"selector":{"id":"application-manageconditionprice-display-component---conditions--smartFilterBar-btnBasicSearch","interaction":{"idSuffix":"I"}},"wdio_ui5_key":"applicationmanageconditionprice-display-component---conditions--smartFilterBar-btnBasicSearch"}]}
RESULT: {"script":"<script> [1562 bytes]","args":[{"selector":{"id":"application-manageconditionprice-display-component---conditions--smartFilterBar-btnBasicSearch","interaction":{"idSuffix":"I"}},"wdio_ui5_key":"applicationmanageconditionprice-display-component---conditions--smartFilterBar-btnBasicSearch"}]}
RESULT: undefined
COMMAND: POST /session/a5881d3eaca756d633e860ab0441a8d1/execute/async - {"script":"<script> [776 bytes]","args":[{"enterText":"Y4H1jKBaMa","selector":{"id":"application-manageconditionprice-display-component---conditions--smartFilterBar-btnBasicSearch","interaction":{"idSuffix":"I"}},"clearTextFirst":true,"interactionType":"ENTER_TEXT"}]}
RESULT: {"script":"<script> [776 bytes]","args":[{"enterText":"Y4H1jKBaMa","selector":{"id":"application-manageconditionprice-display-component---conditions--smartFilterBar-btnBasicSearch","interaction":{"idSuffix":"I"}},"clearTextFirst":true,"interactionType":"ENTER_TEXT"}]}
COMMAND: POST /session/a5881d3eaca756d633e860ab0441a8d1/actions - {"actions":[{"id":"action34","type":"key","parameters":{},"actions":[{"type":"keyDown","value":"î€‡"},{"type":"pause","duration":10},{"type":"keyUp","value":"î€‡"}]}]}
RESULT: {"actions":[{"id":"action34","type":"key","parameters":{},"actions":[{"type":"keyDown","value":"î€‡"},{"type":"pause","duration":10},{"type":"keyUp","value":"î€‡"}]}]}
COMMAND: GET /session/a5881d3eaca756d633e860ab0441a8d1/screenshot - {}
RESULT: {}
COMMAND: POST /session/a5881d3eaca756d633e860ab0441a8d1/execute/async - {"script":"<script> [1562 bytes]","args":[{"selector":{"id":"application-manageconditionprice-display-component---conditions--smartFilterBar-filterItemControl_BASIC-BILL_TYPES-vhi"},"wdio_ui5_key":"applicationmanageconditionprice-display-component---conditions--smartFilterBar-filterItemControl_BASIC-BILL_TYPES-vhi"}]}
RESULT: {"script":"<script> [1562 bytes]","args":[{"selector":{"id":"application-manageconditionprice-display-component---conditions--smartFilterBar-filterItemControl_BASIC-BILL_TYPES-vhi"},"wdio_ui5_key":"applicationmanageconditionprice-display-component---conditions--smartFilterBar-filterItemControl_BASIC-BILL_TYPES-vhi"}]}
RESULT: undefined
COMMAND: POST /session/a5881d3eaca756d633e860ab0441a8d1/element - {"using":"xpath","value":"//*[@id=\"application-manageconditionprice-display-component---conditions--smartFilterBar-filterItemControl_BASIC-BILL_TYPES-vhi\"]"}
RESULT: {"using":"xpath","value":"//*[@id=\"application-manageconditionprice-display-component---conditions--smartFilterBar-filterItemControl_BASIC-BILL_TYPES-vhi\"]"}
COMMAND: POST /session/a5881d3eaca756d633e860ab0441a8d1/element/f.70EA98C12271B5C153327B12E8209453.d.653B5BFBCEADA99B387E03400CB55051.e.9878/click - {}
RESULT: {}
COMMAND: POST /session/a5881d3eaca756d633e860ab0441a8d1/execute/async - {"script":"<script> [1562 bytes]","args":[{"selector":{"id":"application-manageconditionprice-display-component---conditions--smartFilterBar-filterItemControl_BASIC-BILL_TYPES-valueHelpDialog-smartFilterBar-btnBasicSearch","searchOpenDialogs":true,"interaction":{"idSuffix":"I"}},"wdio_ui5_key":"applicationmanageconditionprice-display-component---conditions--smartFilterBar-filterItemControl_BASIC-BILL_TYPES-valueHelpDialog-smartFilterBar-btnBasicSearch"}]}
COMMAND: GET /session/a5881d3eaca756d633e860ab0441a8d1/screenshot - {}
RESULT: {"script":"<script> [1562 bytes]","args":[{"selector":{"id":"application-manageconditionprice-display-component---conditions--smartFilterBar-filterItemControl_BASIC-BILL_TYPES-valueHelpDialog-smartFilterBar-btnBasicSearch","searchOpenDialogs":true,"interaction":{"idSuffix":"I"}},"wdio_ui5_key":"applicationmanageconditionprice-display-component---conditions--smartFilterBar-filterItemControl_BASIC-BILL_TYPES-valueHelpDialog-smartFilterBar-btnBasicSearch"}]}
RESULT: undefined
COMMAND: POST /session/a5881d3eaca756d633e860ab0441a8d1/execute/async - {"script":"<script> [776 bytes]","args":[{"enterText":"one","selector":{"id":"application-manageconditionprice-display-component---conditions--smartFilterBar-filterItemControl_BASIC-BILL_TYPES-valueHelpDialog-smartFilterBar-btnBasicSearch","searchOpenDialogs":true,"interaction":{"idSuffix":"I"}},"clearTextFirst":true,"interactionType":"ENTER_TEXT"}]}
RESULT: {}
RESULT: {"script":"<script> [776 bytes]","args":[{"enterText":"one","selector":{"id":"application-manageconditionprice-display-component---conditions--smartFilterBar-filterItemControl_BASIC-BILL_TYPES-valueHelpDialog-smartFilterBar-btnBasicSearch","searchOpenDialogs":true,"interaction":{"idSuffix":"I"}},"clearTextFirst":true,"interactionType":"ENTER_TEXT"}]}
COMMAND: POST /session/a5881d3eaca756d633e860ab0441a8d1/actions - {"actions":[{"id":"action35","type":"key","parameters":{},"actions":[{"type":"keyDown","value":"î€‡"},{"type":"pause","duration":10},{"type":"keyUp","value":"î€‡"}]}]}
RESULT: {"actions":[{"id":"action35","type":"key","parameters":{},"actions":[{"type":"keyDown","value":"î€‡"},{"type":"pause","duration":10},{"type":"keyUp","value":"î€‡"}]}]}
COMMAND: GET /session/a5881d3eaca756d633e860ab0441a8d1/screenshot - {}
RESULT: {}
COMMAND: POST /session/a5881d3eaca756d633e860ab0441a8d1/element - {"using":"xpath","value":"//div[contains(@id, 'application-manageconditionprice-display-component---conditions--smartFilterBar-filterItemControl_BASIC-BILL_TYPES-valueHelpDialog-table-rowsel0')]"}
RESULT: {"using":"xpath","value":"//div[contains(@id, 'application-manageconditionprice-display-component---conditions--smartFilterBar-filterItemControl_BASIC-BILL_TYPES-valueHelpDialog-table-rowsel0')]"}
COMMAND: POST /session/a5881d3eaca756d633e860ab0441a8d1/element/f.70EA98C12271B5C153327B12E8209453.d.653B5BFBCEADA99B387E03400CB55051.e.9888/click - {}
RESULT: {}
COMMAND: GET /session/a5881d3eaca756d633e860ab0441a8d1/screenshot - {}
RESULT: {}
COMMAND: POST /session/a5881d3eaca756d633e860ab0441a8d1/element - {"using":"xpath","value":"//bdi[contains(text(), \"OK\")]"}
RESULT: {"using":"xpath","value":"//bdi[contains(text(), \"OK\")]"}
COMMAND: POST /session/a5881d3eaca756d633e860ab0441a8d1/element/f.70EA98C12271B5C153327B12E8209453.d.653B5BFBCEADA99B387E03400CB55051.e.9890/click - {}
RESULT: {}
COMMAND: GET /session/a5881d3eaca756d633e860ab0441a8d1/screenshot - {}
RESULT: {}
COMMAND: POST /session/a5881d3eaca756d633e860ab0441a8d1/element - {"using":"xpath","value":"//span[@id=\"application-manageconditionprice-display-component---conditions--smartTable-header-inner\"]"}
RESULT: {"using":"xpath","value":"//span[@id=\"application-manageconditionprice-display-component---conditions--smartTable-header-inner\"]"}
COMMAND: POST /session/a5881d3eaca756d633e860ab0441a8d1/elements - {"using":"xpath","value":"//span[@id=\"application-manageconditionprice-display-component---conditions--smartTable-header-inner\"]"}
RESULT: {"using":"xpath","value":"//span[@id=\"application-manageconditionprice-display-component---conditions--smartTable-header-inner\"]"}
COMMAND: POST /session/a5881d3eaca756d633e860ab0441a8d1/execute/sync - {"script":"<script> [56 bytes]","args":[{"element-6066-11e4-a52e-4f735466cecf":"f.70EA98C12271B5C153327B12E8209453.d.653B5BFBCEADA99B387E03400CB55051.e.9893","ELEMENT":"f.70EA98C12271B5C153327B12E8209453.d.653B5BFBCEADA99B387E03400CB55051.e.9893"}]}
RESULT: {"script":"<script> [56 bytes]","args":[{"element-6066-11e4-a52e-4f735466cecf":"f.70EA98C12271B5C153327B12E8209453.d.653B5BFBCEADA99B387E03400CB55051.e.9893","ELEMENT":"f.70EA98C12271B5C153327B12E8209453.d.653B5BFBCEADA99B387E03400CB55051.e.9893"}]}
COMMAND: POST /session/a5881d3eaca756d633e860ab0441a8d1/element - {"using":"css selector","value":"#shell-header-logo"}
COMMAND: GET /session/a5881d3eaca756d633e860ab0441a8d1/screenshot - {}
RESULT: {"using":"css selector","value":"#shell-header-logo"}
COMMAND: POST /session/a5881d3eaca756d633e860ab0441a8d1/element/f.70EA98C12271B5C153327B12E8209453.d.653B5BFBCEADA99B387E03400CB55051.e.9519/click - {}
RESULT: {}
RESULT: {}
COMMAND: GET /session/a5881d3eaca756d633e860ab0441a8d1/screenshot - {}
RESULT: {}
]]></system-out>
    </testcase>
    <testcase classname="chrome.135_0_7049_96.windows.Create_master_data_for_mixed_billing_&amp;_do_billing_calculation_US151661" name="Should add performance based condition" time="65.356">
      <system-out><![CDATA[
RESULT: undefined
COMMAND: POST /session/a5881d3eaca756d633e860ab0441a8d1/element - {"using":"xpath","value":"//*[@id=\"__tile53-title\"]"}
RESULT: {"using":"xpath","value":"//*[@id=\"__tile53-title\"]"}
COMMAND: POST /session/a5881d3eaca756d633e860ab0441a8d1/element/f.70EA98C12271B5C153327B12E8209453.d.653B5BFBCEADA99B387E03400CB55051.e.9517/click - {}
RESULT: {}
COMMAND: POST /session/a5881d3eaca756d633e860ab0441a8d1/element - {"using":"xpath","value":"//button[@aria-label=\"Create\"]"}
COMMAND: GET /session/a5881d3eaca756d633e860ab0441a8d1/screenshot - {}
RESULT: {"using":"xpath","value":"//button[@aria-label=\"Create\"]"}
COMMAND: POST /session/a5881d3eaca756d633e860ab0441a8d1/elements - {"using":"xpath","value":"//button[@aria-label=\"Create\"]"}
RESULT: {}
RESULT: {"using":"xpath","value":"//button[@aria-label=\"Create\"]"}
COMMAND: POST /session/a5881d3eaca756d633e860ab0441a8d1/execute/sync - {"script":"<script> [8489 bytes]","args":[{"element-6066-11e4-a52e-4f735466cecf":"f.70EA98C12271B5C153327B12E8209453.d.653B5BFBCEADA99B387E03400CB55051.e.9934","ELEMENT":"f.70EA98C12271B5C153327B12E8209453.d.653B5BFBCEADA99B387E03400CB55051.e.9934"}]}
RESULT: {"script":"<script> [8489 bytes]","args":[{"element-6066-11e4-a52e-4f735466cecf":"f.70EA98C12271B5C153327B12E8209453.d.653B5BFBCEADA99B387E03400CB55051.e.9934","ELEMENT":"f.70EA98C12271B5C153327B12E8209453.d.653B5BFBCEADA99B387E03400CB55051.e.9934"}]}
COMMAND: GET /session/a5881d3eaca756d633e860ab0441a8d1/element/f.70EA98C12271B5C153327B12E8209453.d.653B5BFBCEADA99B387E03400CB55051.e.9934/enabled - {}
COMMAND: GET /session/a5881d3eaca756d633e860ab0441a8d1/screenshot - {}
RESULT: {}
COMMAND: POST /session/a5881d3eaca756d633e860ab0441a8d1/execute/sync - {"script":"<script> [8489 bytes]","args":[{"element-6066-11e4-a52e-4f735466cecf":"f.70EA98C12271B5C153327B12E8209453.d.653B5BFBCEADA99B387E03400CB55051.e.9934","ELEMENT":"f.70EA98C12271B5C153327B12E8209453.d.653B5BFBCEADA99B387E03400CB55051.e.9934"}]}
COMMAND: GET /session/a5881d3eaca756d633e860ab0441a8d1/screenshot - {}
RESULT: {}
RESULT: {"script":"<script> [8489 bytes]","args":[{"element-6066-11e4-a52e-4f735466cecf":"f.70EA98C12271B5C153327B12E8209453.d.653B5BFBCEADA99B387E03400CB55051.e.9934","ELEMENT":"f.70EA98C12271B5C153327B12E8209453.d.653B5BFBCEADA99B387E03400CB55051.e.9934"}]}
COMMAND: POST /session/a5881d3eaca756d633e860ab0441a8d1/execute/sync - {"script":"<script> [5351 bytes]","args":[{"element-6066-11e4-a52e-4f735466cecf":"f.70EA98C12271B5C153327B12E8209453.d.653B5BFBCEADA99B387E03400CB55051.e.9934","ELEMENT":"f.70EA98C12271B5C153327B12E8209453.d.653B5BFBCEADA99B387E03400CB55051.e.9934"}]}
COMMAND: GET /session/a5881d3eaca756d633e860ab0441a8d1/screenshot - {}
RESULT: {}
RESULT: {"script":"<script> [5351 bytes]","args":[{"element-6066-11e4-a52e-4f735466cecf":"f.70EA98C12271B5C153327B12E8209453.d.653B5BFBCEADA99B387E03400CB55051.e.9934","ELEMENT":"f.70EA98C12271B5C153327B12E8209453.d.653B5BFBCEADA99B387E03400CB55051.e.9934"}]}
COMMAND: POST /session/a5881d3eaca756d633e860ab0441a8d1/element/f.70EA98C12271B5C153327B12E8209453.d.653B5BFBCEADA99B387E03400CB55051.e.9934/click - {}
COMMAND: GET /session/a5881d3eaca756d633e860ab0441a8d1/screenshot - {}
RESULT: {}
RESULT: {}
COMMAND: GET /session/a5881d3eaca756d633e860ab0441a8d1/screenshot - {}
RESULT: {}
RESULT: {}
COMMAND: POST /session/a5881d3eaca756d633e860ab0441a8d1/actions - {"actions":[{"id":"action36","type":"key","parameters":{},"actions":[{"type":"keyDown","value":"î€‡"},{"type":"pause","duration":10},{"type":"keyUp","value":"î€‡"}]}]}
RESULT: {"actions":[{"id":"action36","type":"key","parameters":{},"actions":[{"type":"keyDown","value":"î€‡"},{"type":"pause","duration":10},{"type":"keyUp","value":"î€‡"}]}]}
COMMAND: GET /session/a5881d3eaca756d633e860ab0441a8d1/screenshot - {}
RESULT: undefined
COMMAND: POST /session/a5881d3eaca756d633e860ab0441a8d1/element - {"using":"xpath","value":"//*[@id=\"application-manageconditionprice-display-component---newCondition--condBillCond-arrow\"]"}
RESULT: {}
RESULT: {"using":"xpath","value":"//*[@id=\"application-manageconditionprice-display-component---newCondition--condBillCond-arrow\"]"}
COMMAND: POST /session/a5881d3eaca756d633e860ab0441a8d1/element/f.70EA98C12271B5C153327B12E8209453.d.653B5BFBCEADA99B387E03400CB55051.e.10412/click - {}
RESULT: {}
COMMAND: GET /session/a5881d3eaca756d633e860ab0441a8d1/screenshot - {}
RESULT: {}
COMMAND: POST /session/a5881d3eaca756d633e860ab0441a8d1/element - {"using":"xpath","value":"//li[.//span[contains(text(), \"PC06 - Performance Price - fuel\")]]"}
RESULT: {"using":"xpath","value":"//li[.//span[contains(text(), \"PC06 - Performance Price - fuel\")]]"}
COMMAND: POST /session/a5881d3eaca756d633e860ab0441a8d1/element/f.70EA98C12271B5C153327B12E8209453.d.653B5BFBCEADA99B387E03400CB55051.e.10415/click - {}
RESULT: {}
COMMAND: GET /session/a5881d3eaca756d633e860ab0441a8d1/screenshot - {}
RESULT: {}
RESULT: undefined
COMMAND: POST /session/a5881d3eaca756d633e860ab0441a8d1/execute/async - {"script":"<script> [776 bytes]","args":[{"enterText":"12/30/25","selector":{"id":"application-manageconditionprice-display-component---newCondition--condValidTo","interaction":{"idSuffix":"inner"}},"clearTextFirst":true,"interactionType":"ENTER_TEXT"}]}
RESULT: {"script":"<script> [776 bytes]","args":[{"enterText":"12/30/25","selector":{"id":"application-manageconditionprice-display-component---newCondition--condValidTo","interaction":{"idSuffix":"inner"}},"clearTextFirst":true,"interactionType":"ENTER_TEXT"}]}
COMMAND: POST /session/a5881d3eaca756d633e860ab0441a8d1/element - {"using":"xpath","value":"//input[@id=\"application-manageconditionprice-display-component---newCondition--condRU-inner\"]"}
RESULT: {"using":"xpath","value":"//input[@id=\"application-manageconditionprice-display-component---newCondition--condRU-inner\"]"}
COMMAND: POST /session/a5881d3eaca756d633e860ab0441a8d1/element/f.70EA98C12271B5C153327B12E8209453.d.653B5BFBCEADA99B387E03400CB55051.e.10136/clear - {}
RESULT: {}
COMMAND: POST /session/a5881d3eaca756d633e860ab0441a8d1/element/f.70EA98C12271B5C153327B12E8209453.d.653B5BFBCEADA99B387E03400CB55051.e.10136/value - {"text":"Y4H1jKBaMa"}
COMMAND: GET /session/a5881d3eaca756d633e860ab0441a8d1/screenshot - {}
RESULT: {"text":"Y4H1jKBaMa"}
COMMAND: GET /session/a5881d3eaca756d633e860ab0441a8d1/screenshot - {}
RESULT: {}
RESULT: {}
COMMAND: POST /session/a5881d3eaca756d633e860ab0441a8d1/actions - {"actions":[{"id":"action37","type":"key","parameters":{},"actions":[{"type":"keyDown","value":"î€‡"},{"type":"pause","duration":10},{"type":"keyUp","value":"î€‡"}]}]}
RESULT: {"actions":[{"id":"action37","type":"key","parameters":{},"actions":[{"type":"keyDown","value":"î€‡"},{"type":"pause","duration":10},{"type":"keyUp","value":"î€‡"}]}]}
RESULT: undefined
COMMAND: POST /session/a5881d3eaca756d633e860ab0441a8d1/execute/async - {"script":"<script> [776 bytes]","args":[{"enterText":"1","selector":{"id":"application-manageconditionprice-display-component---newCondition--condBaseQty","interaction":{"idSuffix":"inner"}},"clearTextFirst":true,"interactionType":"ENTER_TEXT"}]}
COMMAND: GET /session/a5881d3eaca756d633e860ab0441a8d1/screenshot - {}
RESULT: {"script":"<script> [776 bytes]","args":[{"enterText":"1","selector":{"id":"application-manageconditionprice-display-component---newCondition--condBaseQty","interaction":{"idSuffix":"inner"}},"clearTextFirst":true,"interactionType":"ENTER_TEXT"}]}
RESULT: undefined
COMMAND: POST /session/a5881d3eaca756d633e860ab0441a8d1/execute/async - {"script":"<script> [776 bytes]","args":[{"enterText":"10","selector":{"id":"application-manageconditionprice-display-component---newCondition--condValue","interaction":{"idSuffix":"inner"}},"clearTextFirst":true,"interactionType":"ENTER_TEXT"}]}
RESULT: {}
RESULT: {"script":"<script> [776 bytes]","args":[{"enterText":"10","selector":{"id":"application-manageconditionprice-display-component---newCondition--condValue","interaction":{"idSuffix":"inner"}},"clearTextFirst":true,"interactionType":"ENTER_TEXT"}]}
RESULT: undefined
COMMAND: POST /session/a5881d3eaca756d633e860ab0441a8d1/element - {"using":"xpath","value":"//*[@id=\"application-manageconditionprice-display-component---newCondition--condCurr-arrow\"]"}
RESULT: {"using":"xpath","value":"//*[@id=\"application-manageconditionprice-display-component---newCondition--condCurr-arrow\"]"}
COMMAND: POST /session/a5881d3eaca756d633e860ab0441a8d1/element/f.70EA98C12271B5C153327B12E8209453.d.653B5BFBCEADA99B387E03400CB55051.e.10373/click - {}
RESULT: {}
COMMAND: POST /session/a5881d3eaca756d633e860ab0441a8d1/element - {"using":"xpath","value":"//span[contains(text(), \"Euro\")]"}
COMMAND: GET /session/a5881d3eaca756d633e860ab0441a8d1/screenshot - {}
RESULT: {"using":"xpath","value":"//span[contains(text(), \"Euro\")]"}
COMMAND: POST /session/a5881d3eaca756d633e860ab0441a8d1/element/f.70EA98C12271B5C153327B12E8209453.d.653B5BFBCEADA99B387E03400CB55051.e.10446/click - {}
RESULT: {}
RESULT: {}
COMMAND: POST /session/a5881d3eaca756d633e860ab0441a8d1/element - {"using":"xpath","value":"//button[@data-kt=\"saveButton\"]"}
COMMAND: GET /session/a5881d3eaca756d633e860ab0441a8d1/screenshot - {}
RESULT: {"using":"xpath","value":"//button[@data-kt=\"saveButton\"]"}
COMMAND: POST /session/a5881d3eaca756d633e860ab0441a8d1/element/f.70EA98C12271B5C153327B12E8209453.d.653B5BFBCEADA99B387E03400CB55051.e.10374/click - {}
RESULT: {}
RESULT: {}
COMMAND: GET /session/a5881d3eaca756d633e860ab0441a8d1/screenshot - {}
RESULT: {}
RESULT: undefined
COMMAND: POST /session/a5881d3eaca756d633e860ab0441a8d1/execute/async - {"script":"<script> [776 bytes]","args":[{"enterText":"Y4H1jKBaMa","selector":{"id":"application-manageconditionprice-display-component---conditions--smartFilterBar-btnBasicSearch","interaction":{"idSuffix":"I"}},"clearTextFirst":true,"interactionType":"ENTER_TEXT"}]}
RESULT: {"script":"<script> [776 bytes]","args":[{"enterText":"Y4H1jKBaMa","selector":{"id":"application-manageconditionprice-display-component---conditions--smartFilterBar-btnBasicSearch","interaction":{"idSuffix":"I"}},"clearTextFirst":true,"interactionType":"ENTER_TEXT"}]}
COMMAND: POST /session/a5881d3eaca756d633e860ab0441a8d1/actions - {"actions":[{"id":"action38","type":"key","parameters":{},"actions":[{"type":"keyDown","value":"î€‡"},{"type":"pause","duration":10},{"type":"keyUp","value":"î€‡"}]}]}
RESULT: {"actions":[{"id":"action38","type":"key","parameters":{},"actions":[{"type":"keyDown","value":"î€‡"},{"type":"pause","duration":10},{"type":"keyUp","value":"î€‡"}]}]}
COMMAND: GET /session/a5881d3eaca756d633e860ab0441a8d1/screenshot - {}
RESULT: {}
RESULT: undefined
COMMAND: POST /session/a5881d3eaca756d633e860ab0441a8d1/element - {"using":"xpath","value":"//*[@id=\"application-manageconditionprice-display-component---conditions--smartFilterBar-filterItemControl_BASIC-BILL_TYPES-vhi\"]"}
RESULT: {"using":"xpath","value":"//*[@id=\"application-manageconditionprice-display-component---conditions--smartFilterBar-filterItemControl_BASIC-BILL_TYPES-vhi\"]"}
COMMAND: POST /session/a5881d3eaca756d633e860ab0441a8d1/element/f.70EA98C12271B5C153327B12E8209453.d.653B5BFBCEADA99B387E03400CB55051.e.10695/click - {}
RESULT: {}
RESULT: undefined
COMMAND: POST /session/a5881d3eaca756d633e860ab0441a8d1/execute/async - {"script":"<script> [776 bytes]","args":[{"enterText":"PB","selector":{"id":"application-manageconditionprice-display-component---conditions--smartFilterBar-filterItemControl_BASIC-BILL_TYPES-valueHelpDialog-smartFilterBar-btnBasicSearch","searchOpenDialogs":true,"interaction":{"idSuffix":"I"}},"clearTextFirst":true,"interactionType":"ENTER_TEXT"}]}
COMMAND: GET /session/a5881d3eaca756d633e860ab0441a8d1/screenshot - {}
RESULT: {"script":"<script> [776 bytes]","args":[{"enterText":"PB","selector":{"id":"application-manageconditionprice-display-component---conditions--smartFilterBar-filterItemControl_BASIC-BILL_TYPES-valueHelpDialog-smartFilterBar-btnBasicSearch","searchOpenDialogs":true,"interaction":{"idSuffix":"I"}},"clearTextFirst":true,"interactionType":"ENTER_TEXT"}]}
COMMAND: POST /session/a5881d3eaca756d633e860ab0441a8d1/actions - {"actions":[{"id":"action39","type":"key","parameters":{},"actions":[{"type":"keyDown","value":"î€‡"},{"type":"pause","duration":10},{"type":"keyUp","value":"î€‡"}]}]}
RESULT: {}
RESULT: {"actions":[{"id":"action39","type":"key","parameters":{},"actions":[{"type":"keyDown","value":"î€‡"},{"type":"pause","duration":10},{"type":"keyUp","value":"î€‡"}]}]}
COMMAND: GET /session/a5881d3eaca756d633e860ab0441a8d1/screenshot - {}
RESULT: {}
COMMAND: POST /session/a5881d3eaca756d633e860ab0441a8d1/element - {"using":"xpath","value":"//div[contains(@id, 'application-manageconditionprice-display-component---conditions--smartFilterBar-filterItemControl_BASIC-BILL_TYPES-valueHelpDialog-table-rowsel0')]"}
RESULT: {"using":"xpath","value":"//div[contains(@id, 'application-manageconditionprice-display-component---conditions--smartFilterBar-filterItemControl_BASIC-BILL_TYPES-valueHelpDialog-table-rowsel0')]"}
COMMAND: POST /session/a5881d3eaca756d633e860ab0441a8d1/element/f.70EA98C12271B5C153327B12E8209453.d.653B5BFBCEADA99B387E03400CB55051.e.10703/click - {}
RESULT: {}
COMMAND: GET /session/a5881d3eaca756d633e860ab0441a8d1/screenshot - {}
RESULT: {}
COMMAND: POST /session/a5881d3eaca756d633e860ab0441a8d1/element - {"using":"xpath","value":"//bdi[contains(text(), \"OK\")]"}
RESULT: {"using":"xpath","value":"//bdi[contains(text(), \"OK\")]"}
COMMAND: POST /session/a5881d3eaca756d633e860ab0441a8d1/element/f.70EA98C12271B5C153327B12E8209453.d.653B5BFBCEADA99B387E03400CB55051.e.10705/click - {}
RESULT: {}
COMMAND: GET /session/a5881d3eaca756d633e860ab0441a8d1/screenshot - {}
RESULT: {}
COMMAND: POST /session/a5881d3eaca756d633e860ab0441a8d1/element - {"using":"xpath","value":"//span[@id=\"application-manageconditionprice-display-component---conditions--smartTable-header-inner\"]"}
RESULT: {"using":"xpath","value":"//span[@id=\"application-manageconditionprice-display-component---conditions--smartTable-header-inner\"]"}
COMMAND: POST /session/a5881d3eaca756d633e860ab0441a8d1/elements - {"using":"xpath","value":"//span[@id=\"application-manageconditionprice-display-component---conditions--smartTable-header-inner\"]"}
RESULT: {"using":"xpath","value":"//span[@id=\"application-manageconditionprice-display-component---conditions--smartTable-header-inner\"]"}
COMMAND: POST /session/a5881d3eaca756d633e860ab0441a8d1/execute/sync - {"script":"<script> [56 bytes]","args":[{"element-6066-11e4-a52e-4f735466cecf":"f.70EA98C12271B5C153327B12E8209453.d.653B5BFBCEADA99B387E03400CB55051.e.10708","ELEMENT":"f.70EA98C12271B5C153327B12E8209453.d.653B5BFBCEADA99B387E03400CB55051.e.10708"}]}
RESULT: {"script":"<script> [56 bytes]","args":[{"element-6066-11e4-a52e-4f735466cecf":"f.70EA98C12271B5C153327B12E8209453.d.653B5BFBCEADA99B387E03400CB55051.e.10708","ELEMENT":"f.70EA98C12271B5C153327B12E8209453.d.653B5BFBCEADA99B387E03400CB55051.e.10708"}]}
COMMAND: POST /session/a5881d3eaca756d633e860ab0441a8d1/element - {"using":"css selector","value":"#shell-header-logo"}
COMMAND: GET /session/a5881d3eaca756d633e860ab0441a8d1/screenshot - {}
RESULT: {"using":"css selector","value":"#shell-header-logo"}
COMMAND: POST /session/a5881d3eaca756d633e860ab0441a8d1/element/f.70EA98C12271B5C153327B12E8209453.d.653B5BFBCEADA99B387E03400CB55051.e.9900/click - {}
RESULT: {}
RESULT: {}
COMMAND: GET /session/a5881d3eaca756d633e860ab0441a8d1/screenshot - {}
RESULT: {}
]]></system-out>
    </testcase>
    <testcase classname="chrome.135_0_7049_96.windows.Create_master_data_for_mixed_billing_&amp;_do_billing_calculation_US151661" name="Should add time based condition" time="64.493">
      <system-out><![CDATA[
RESULT: undefined
COMMAND: POST /session/a5881d3eaca756d633e860ab0441a8d1/element - {"using":"xpath","value":"//*[@id=\"__tile53-title\"]"}
RESULT: {"using":"xpath","value":"//*[@id=\"__tile53-title\"]"}
COMMAND: POST /session/a5881d3eaca756d633e860ab0441a8d1/element/f.70EA98C12271B5C153327B12E8209453.d.653B5BFBCEADA99B387E03400CB55051.e.9517/click - {}
RESULT: {}
COMMAND: POST /session/a5881d3eaca756d633e860ab0441a8d1/element - {"using":"xpath","value":"//button[@aria-label=\"Create\"]"}
COMMAND: GET /session/a5881d3eaca756d633e860ab0441a8d1/screenshot - {}
RESULT: {"using":"xpath","value":"//button[@aria-label=\"Create\"]"}
COMMAND: POST /session/a5881d3eaca756d633e860ab0441a8d1/elements - {"using":"xpath","value":"//button[@aria-label=\"Create\"]"}
RESULT: {}
RESULT: {"using":"xpath","value":"//button[@aria-label=\"Create\"]"}
COMMAND: POST /session/a5881d3eaca756d633e860ab0441a8d1/execute/sync - {"script":"<script> [8489 bytes]","args":[{"element-6066-11e4-a52e-4f735466cecf":"f.70EA98C12271B5C153327B12E8209453.d.653B5BFBCEADA99B387E03400CB55051.e.10748","ELEMENT":"f.70EA98C12271B5C153327B12E8209453.d.653B5BFBCEADA99B387E03400CB55051.e.10748"}]}
RESULT: {"script":"<script> [8489 bytes]","args":[{"element-6066-11e4-a52e-4f735466cecf":"f.70EA98C12271B5C153327B12E8209453.d.653B5BFBCEADA99B387E03400CB55051.e.10748","ELEMENT":"f.70EA98C12271B5C153327B12E8209453.d.653B5BFBCEADA99B387E03400CB55051.e.10748"}]}
COMMAND: GET /session/a5881d3eaca756d633e860ab0441a8d1/element/f.70EA98C12271B5C153327B12E8209453.d.653B5BFBCEADA99B387E03400CB55051.e.10748/enabled - {}
COMMAND: GET /session/a5881d3eaca756d633e860ab0441a8d1/screenshot - {}
RESULT: {}
COMMAND: POST /session/a5881d3eaca756d633e860ab0441a8d1/execute/sync - {"script":"<script> [8489 bytes]","args":[{"element-6066-11e4-a52e-4f735466cecf":"f.70EA98C12271B5C153327B12E8209453.d.653B5BFBCEADA99B387E03400CB55051.e.10748","ELEMENT":"f.70EA98C12271B5C153327B12E8209453.d.653B5BFBCEADA99B387E03400CB55051.e.10748"}]}
COMMAND: GET /session/a5881d3eaca756d633e860ab0441a8d1/screenshot - {}
RESULT: {}
RESULT: {"script":"<script> [8489 bytes]","args":[{"element-6066-11e4-a52e-4f735466cecf":"f.70EA98C12271B5C153327B12E8209453.d.653B5BFBCEADA99B387E03400CB55051.e.10748","ELEMENT":"f.70EA98C12271B5C153327B12E8209453.d.653B5BFBCEADA99B387E03400CB55051.e.10748"}]}
COMMAND: POST /session/a5881d3eaca756d633e860ab0441a8d1/execute/sync - {"script":"<script> [5351 bytes]","args":[{"element-6066-11e4-a52e-4f735466cecf":"f.70EA98C12271B5C153327B12E8209453.d.653B5BFBCEADA99B387E03400CB55051.e.10748","ELEMENT":"f.70EA98C12271B5C153327B12E8209453.d.653B5BFBCEADA99B387E03400CB55051.e.10748"}]}
COMMAND: GET /session/a5881d3eaca756d633e860ab0441a8d1/screenshot - {}
RESULT: {}
RESULT: {"script":"<script> [5351 bytes]","args":[{"element-6066-11e4-a52e-4f735466cecf":"f.70EA98C12271B5C153327B12E8209453.d.653B5BFBCEADA99B387E03400CB55051.e.10748","ELEMENT":"f.70EA98C12271B5C153327B12E8209453.d.653B5BFBCEADA99B387E03400CB55051.e.10748"}]}
COMMAND: POST /session/a5881d3eaca756d633e860ab0441a8d1/element/f.70EA98C12271B5C153327B12E8209453.d.653B5BFBCEADA99B387E03400CB55051.e.10748/click - {}
COMMAND: GET /session/a5881d3eaca756d633e860ab0441a8d1/screenshot - {}
RESULT: {}
RESULT: {}
COMMAND: GET /session/a5881d3eaca756d633e860ab0441a8d1/screenshot - {}
RESULT: {}
RESULT: {}
COMMAND: POST /session/a5881d3eaca756d633e860ab0441a8d1/actions - {"actions":[{"id":"action40","type":"key","parameters":{},"actions":[{"type":"keyDown","value":"î€‡"},{"type":"pause","duration":10},{"type":"keyUp","value":"î€‡"}]}]}
RESULT: {"actions":[{"id":"action40","type":"key","parameters":{},"actions":[{"type":"keyDown","value":"î€‡"},{"type":"pause","duration":10},{"type":"keyUp","value":"î€‡"}]}]}
COMMAND: GET /session/a5881d3eaca756d633e860ab0441a8d1/screenshot - {}
RESULT: {}
RESULT: undefined
COMMAND: POST /session/a5881d3eaca756d633e860ab0441a8d1/element - {"using":"xpath","value":"//*[@id=\"application-manageconditionprice-display-component---newCondition--condBillCond-arrow\"]"}
RESULT: {"using":"xpath","value":"//*[@id=\"application-manageconditionprice-display-component---newCondition--condBillCond-arrow\"]"}
COMMAND: POST /session/a5881d3eaca756d633e860ab0441a8d1/element/f.70EA98C12271B5C153327B12E8209453.d.653B5BFBCEADA99B387E03400CB55051.e.11223/click - {}
RESULT: {}
COMMAND: GET /session/a5881d3eaca756d633e860ab0441a8d1/screenshot - {}
RESULT: {}
COMMAND: POST /session/a5881d3eaca756d633e860ab0441a8d1/element - {"using":"xpath","value":"//li[.//span[contains(text(), \"DISP - D&I special price\")]]"}
RESULT: {"using":"xpath","value":"//li[.//span[contains(text(), \"DISP - D&I special price\")]]"}
COMMAND: POST /session/a5881d3eaca756d633e860ab0441a8d1/element/f.70EA98C12271B5C153327B12E8209453.d.653B5BFBCEADA99B387E03400CB55051.e.11226/click - {}
RESULT: {}
COMMAND: GET /session/a5881d3eaca756d633e860ab0441a8d1/screenshot - {}
RESULT: {}
RESULT: undefined
COMMAND: POST /session/a5881d3eaca756d633e860ab0441a8d1/execute/async - {"script":"<script> [776 bytes]","args":[{"enterText":"12/30/25","selector":{"id":"application-manageconditionprice-display-component---newCondition--condValidTo","interaction":{"idSuffix":"inner"}},"clearTextFirst":true,"interactionType":"ENTER_TEXT"}]}
RESULT: {"script":"<script> [776 bytes]","args":[{"enterText":"12/30/25","selector":{"id":"application-manageconditionprice-display-component---newCondition--condValidTo","interaction":{"idSuffix":"inner"}},"clearTextFirst":true,"interactionType":"ENTER_TEXT"}]}
COMMAND: POST /session/a5881d3eaca756d633e860ab0441a8d1/element - {"using":"xpath","value":"//input[@id=\"application-manageconditionprice-display-component---newCondition--condRU-inner\"]"}
RESULT: {"using":"xpath","value":"//input[@id=\"application-manageconditionprice-display-component---newCondition--condRU-inner\"]"}
COMMAND: POST /session/a5881d3eaca756d633e860ab0441a8d1/element/f.70EA98C12271B5C153327B12E8209453.d.653B5BFBCEADA99B387E03400CB55051.e.10948/clear - {}
RESULT: {}
COMMAND: POST /session/a5881d3eaca756d633e860ab0441a8d1/element/f.70EA98C12271B5C153327B12E8209453.d.653B5BFBCEADA99B387E03400CB55051.e.10948/value - {"text":"Y4H1jKBaMa"}
COMMAND: GET /session/a5881d3eaca756d633e860ab0441a8d1/screenshot - {}
RESULT: {"text":"Y4H1jKBaMa"}
COMMAND: GET /session/a5881d3eaca756d633e860ab0441a8d1/screenshot - {}
RESULT: {}
RESULT: {}
COMMAND: POST /session/a5881d3eaca756d633e860ab0441a8d1/actions - {"actions":[{"id":"action41","type":"key","parameters":{},"actions":[{"type":"keyDown","value":"î€‡"},{"type":"pause","duration":10},{"type":"keyUp","value":"î€‡"}]}]}
RESULT: {"actions":[{"id":"action41","type":"key","parameters":{},"actions":[{"type":"keyDown","value":"î€‡"},{"type":"pause","duration":10},{"type":"keyUp","value":"î€‡"}]}]}
RESULT: undefined
COMMAND: POST /session/a5881d3eaca756d633e860ab0441a8d1/execute/async - {"script":"<script> [776 bytes]","args":[{"enterText":"1","selector":{"id":"application-manageconditionprice-display-component---newCondition--condBaseQty","interaction":{"idSuffix":"inner"}},"clearTextFirst":true,"interactionType":"ENTER_TEXT"}]}
COMMAND: GET /session/a5881d3eaca756d633e860ab0441a8d1/screenshot - {}
RESULT: {"script":"<script> [776 bytes]","args":[{"enterText":"1","selector":{"id":"application-manageconditionprice-display-component---newCondition--condBaseQty","interaction":{"idSuffix":"inner"}},"clearTextFirst":true,"interactionType":"ENTER_TEXT"}]}
RESULT: undefined
COMMAND: POST /session/a5881d3eaca756d633e860ab0441a8d1/execute/async - {"script":"<script> [776 bytes]","args":[{"enterText":"100","selector":{"id":"application-manageconditionprice-display-component---newCondition--condValue","interaction":{"idSuffix":"inner"}},"clearTextFirst":true,"interactionType":"ENTER_TEXT"}]}
RESULT: {}
RESULT: {"script":"<script> [776 bytes]","args":[{"enterText":"100","selector":{"id":"application-manageconditionprice-display-component---newCondition--condValue","interaction":{"idSuffix":"inner"}},"clearTextFirst":true,"interactionType":"ENTER_TEXT"}]}
RESULT: undefined
COMMAND: POST /session/a5881d3eaca756d633e860ab0441a8d1/element - {"using":"xpath","value":"//*[@id=\"application-manageconditionprice-display-component---newCondition--condCurr-arrow\"]"}
RESULT: {"using":"xpath","value":"//*[@id=\"application-manageconditionprice-display-component---newCondition--condCurr-arrow\"]"}
COMMAND: POST /session/a5881d3eaca756d633e860ab0441a8d1/element/f.70EA98C12271B5C153327B12E8209453.d.653B5BFBCEADA99B387E03400CB55051.e.11192/click - {}
RESULT: {}
COMMAND: POST /session/a5881d3eaca756d633e860ab0441a8d1/element - {"using":"xpath","value":"//span[contains(text(), \"Euro\")]"}
COMMAND: GET /session/a5881d3eaca756d633e860ab0441a8d1/screenshot - {}
RESULT: {"using":"xpath","value":"//span[contains(text(), \"Euro\")]"}
COMMAND: POST /session/a5881d3eaca756d633e860ab0441a8d1/element/f.70EA98C12271B5C153327B12E8209453.d.653B5BFBCEADA99B387E03400CB55051.e.11262/click - {}
RESULT: {}
RESULT: {}
COMMAND: POST /session/a5881d3eaca756d633e860ab0441a8d1/element - {"using":"xpath","value":"//button[@data-kt=\"saveButton\"]"}
COMMAND: GET /session/a5881d3eaca756d633e860ab0441a8d1/screenshot - {}
RESULT: {"using":"xpath","value":"//button[@data-kt=\"saveButton\"]"}
COMMAND: POST /session/a5881d3eaca756d633e860ab0441a8d1/element/f.70EA98C12271B5C153327B12E8209453.d.653B5BFBCEADA99B387E03400CB55051.e.11193/click - {}
RESULT: {}
RESULT: {}
COMMAND: GET /session/a5881d3eaca756d633e860ab0441a8d1/screenshot - {}
RESULT: {}
RESULT: undefined
COMMAND: POST /session/a5881d3eaca756d633e860ab0441a8d1/execute/async - {"script":"<script> [776 bytes]","args":[{"enterText":"Y4H1jKBaMa","selector":{"id":"application-manageconditionprice-display-component---conditions--smartFilterBar-btnBasicSearch","interaction":{"idSuffix":"I"}},"clearTextFirst":true,"interactionType":"ENTER_TEXT"}]}
RESULT: {"script":"<script> [776 bytes]","args":[{"enterText":"Y4H1jKBaMa","selector":{"id":"application-manageconditionprice-display-component---conditions--smartFilterBar-btnBasicSearch","interaction":{"idSuffix":"I"}},"clearTextFirst":true,"interactionType":"ENTER_TEXT"}]}
COMMAND: POST /session/a5881d3eaca756d633e860ab0441a8d1/actions - {"actions":[{"id":"action42","type":"key","parameters":{},"actions":[{"type":"keyDown","value":"î€‡"},{"type":"pause","duration":10},{"type":"keyUp","value":"î€‡"}]}]}
RESULT: {"actions":[{"id":"action42","type":"key","parameters":{},"actions":[{"type":"keyDown","value":"î€‡"},{"type":"pause","duration":10},{"type":"keyUp","value":"î€‡"}]}]}
COMMAND: GET /session/a5881d3eaca756d633e860ab0441a8d1/screenshot - {}
RESULT: {}
RESULT: undefined
COMMAND: POST /session/a5881d3eaca756d633e860ab0441a8d1/element - {"using":"xpath","value":"//*[@id=\"application-manageconditionprice-display-component---conditions--smartFilterBar-filterItemControl_BASIC-BILL_TYPES-vhi\"]"}
RESULT: {"using":"xpath","value":"//*[@id=\"application-manageconditionprice-display-component---conditions--smartFilterBar-filterItemControl_BASIC-BILL_TYPES-vhi\"]"}
COMMAND: POST /session/a5881d3eaca756d633e860ab0441a8d1/element/f.70EA98C12271B5C153327B12E8209453.d.653B5BFBCEADA99B387E03400CB55051.e.11490/click - {}
RESULT: {}
RESULT: undefined
COMMAND: POST /session/a5881d3eaca756d633e860ab0441a8d1/execute/async - {"script":"<script> [776 bytes]","args":[{"enterText":"TB","selector":{"id":"application-manageconditionprice-display-component---conditions--smartFilterBar-filterItemControl_BASIC-BILL_TYPES-valueHelpDialog-smartFilterBar-btnBasicSearch","searchOpenDialogs":true,"interaction":{"idSuffix":"I"}},"clearTextFirst":true,"interactionType":"ENTER_TEXT"}]}
COMMAND: GET /session/a5881d3eaca756d633e860ab0441a8d1/screenshot - {}
RESULT: {"script":"<script> [776 bytes]","args":[{"enterText":"TB","selector":{"id":"application-manageconditionprice-display-component---conditions--smartFilterBar-filterItemControl_BASIC-BILL_TYPES-valueHelpDialog-smartFilterBar-btnBasicSearch","searchOpenDialogs":true,"interaction":{"idSuffix":"I"}},"clearTextFirst":true,"interactionType":"ENTER_TEXT"}]}
COMMAND: POST /session/a5881d3eaca756d633e860ab0441a8d1/actions - {"actions":[{"id":"action43","type":"key","parameters":{},"actions":[{"type":"keyDown","value":"î€‡"},{"type":"pause","duration":10},{"type":"keyUp","value":"î€‡"}]}]}
RESULT: {}
RESULT: {"actions":[{"id":"action43","type":"key","parameters":{},"actions":[{"type":"keyDown","value":"î€‡"},{"type":"pause","duration":10},{"type":"keyUp","value":"î€‡"}]}]}
COMMAND: GET /session/a5881d3eaca756d633e860ab0441a8d1/screenshot - {}
RESULT: {}
COMMAND: POST /session/a5881d3eaca756d633e860ab0441a8d1/element - {"using":"xpath","value":"//div[contains(@id, 'application-manageconditionprice-display-component---conditions--smartFilterBar-filterItemControl_BASIC-BILL_TYPES-valueHelpDialog-table-rowsel0')]"}
RESULT: {"using":"xpath","value":"//div[contains(@id, 'application-manageconditionprice-display-component---conditions--smartFilterBar-filterItemControl_BASIC-BILL_TYPES-valueHelpDialog-table-rowsel0')]"}
COMMAND: POST /session/a5881d3eaca756d633e860ab0441a8d1/element/f.70EA98C12271B5C153327B12E8209453.d.653B5BFBCEADA99B387E03400CB55051.e.11499/click - {}
RESULT: {}
COMMAND: GET /session/a5881d3eaca756d633e860ab0441a8d1/screenshot - {}
RESULT: {}
COMMAND: POST /session/a5881d3eaca756d633e860ab0441a8d1/element - {"using":"xpath","value":"//bdi[contains(text(), \"OK\")]"}
RESULT: {"using":"xpath","value":"//bdi[contains(text(), \"OK\")]"}
COMMAND: POST /session/a5881d3eaca756d633e860ab0441a8d1/element/f.70EA98C12271B5C153327B12E8209453.d.653B5BFBCEADA99B387E03400CB55051.e.11501/click - {}
RESULT: {}
COMMAND: GET /session/a5881d3eaca756d633e860ab0441a8d1/screenshot - {}
RESULT: {}
COMMAND: POST /session/a5881d3eaca756d633e860ab0441a8d1/element - {"using":"xpath","value":"//span[@id=\"application-manageconditionprice-display-component---conditions--smartTable-header-inner\"]"}
RESULT: {"using":"xpath","value":"//span[@id=\"application-manageconditionprice-display-component---conditions--smartTable-header-inner\"]"}
COMMAND: POST /session/a5881d3eaca756d633e860ab0441a8d1/elements - {"using":"xpath","value":"//span[@id=\"application-manageconditionprice-display-component---conditions--smartTable-header-inner\"]"}
RESULT: {"using":"xpath","value":"//span[@id=\"application-manageconditionprice-display-component---conditions--smartTable-header-inner\"]"}
COMMAND: POST /session/a5881d3eaca756d633e860ab0441a8d1/execute/sync - {"script":"<script> [56 bytes]","args":[{"element-6066-11e4-a52e-4f735466cecf":"f.70EA98C12271B5C153327B12E8209453.d.653B5BFBCEADA99B387E03400CB55051.e.11538","ELEMENT":"f.70EA98C12271B5C153327B12E8209453.d.653B5BFBCEADA99B387E03400CB55051.e.11538"}]}
RESULT: {"script":"<script> [56 bytes]","args":[{"element-6066-11e4-a52e-4f735466cecf":"f.70EA98C12271B5C153327B12E8209453.d.653B5BFBCEADA99B387E03400CB55051.e.11538","ELEMENT":"f.70EA98C12271B5C153327B12E8209453.d.653B5BFBCEADA99B387E03400CB55051.e.11538"}]}
COMMAND: POST /session/a5881d3eaca756d633e860ab0441a8d1/element - {"using":"css selector","value":"#shell-header-logo"}
COMMAND: GET /session/a5881d3eaca756d633e860ab0441a8d1/screenshot - {}
RESULT: {"using":"css selector","value":"#shell-header-logo"}
COMMAND: POST /session/a5881d3eaca756d633e860ab0441a8d1/element/f.70EA98C12271B5C153327B12E8209453.d.653B5BFBCEADA99B387E03400CB55051.e.10713/click - {}
RESULT: {}
RESULT: {}
COMMAND: GET /session/a5881d3eaca756d633e860ab0441a8d1/screenshot - {}
RESULT: {}
]]></system-out>
    </testcase>
    <testcase classname="chrome.135_0_7049_96.windows.Create_master_data_for_mixed_billing_&amp;_do_billing_calculation_US151661" name="Should do a stock increase handover" time="77.663">
      <system-out><![CDATA[
COMMAND: POST /session/a5881d3eaca756d633e860ab0441a8d1/execute/async - {"script":"<script> [1562 bytes]","args":[{"selector":{"controlType":"sap.m.Text","viewName":"etm.portal.ui.managehandoverstile.view.Master","properties":{"text":"Manage Handovers"},"interaction":{"idSuffix":"inner"}},"wdio_ui5_key":"etmportal.ui.managehandoverstile.view.Mastersap.m.Text{\"text\":\"Manage Handovers\"}"}]}
RESULT: {"script":"<script> [1562 bytes]","args":[{"selector":{"controlType":"sap.m.Text","viewName":"etm.portal.ui.managehandoverstile.view.Master","properties":{"text":"Manage Handovers"},"interaction":{"idSuffix":"inner"}},"wdio_ui5_key":"etmportal.ui.managehandoverstile.view.Mastersap.m.Text{\"text\":\"Manage Handovers\"}"}]}
RESULT: undefined
COMMAND: POST /session/a5881d3eaca756d633e860ab0441a8d1/element - {"using":"xpath","value":"//*[@id=\"__tile131-title\"]"}
RESULT: {"using":"xpath","value":"//*[@id=\"__tile131-title\"]"}
COMMAND: POST /session/a5881d3eaca756d633e860ab0441a8d1/element/f.70EA98C12271B5C153327B12E8209453.d.653B5BFBCEADA99B387E03400CB55051.e.11541/click - {}
RESULT: {}
COMMAND: POST /session/a5881d3eaca756d633e860ab0441a8d1/element - {"using":"xpath","value":"//button[@data-kt=\"masterHOAddButton\"]"}
COMMAND: GET /session/a5881d3eaca756d633e860ab0441a8d1/screenshot - {}
RESULT: {"using":"xpath","value":"//button[@data-kt=\"masterHOAddButton\"]"}
COMMAND: POST /session/a5881d3eaca756d633e860ab0441a8d1/elements - {"using":"xpath","value":"//button[@data-kt=\"masterHOAddButton\"]"}
RESULT: {}
RESULT: {"using":"xpath","value":"//button[@data-kt=\"masterHOAddButton\"]"}
COMMAND: POST /session/a5881d3eaca756d633e860ab0441a8d1/elements - {"using":"xpath","value":"//button[@data-kt=\"masterHOAddButton\"]"}
RESULT: {"using":"xpath","value":"//button[@data-kt=\"masterHOAddButton\"]"}
COMMAND: POST /session/a5881d3eaca756d633e860ab0441a8d1/element - {"using":"xpath","value":"//button[@data-kt=\"masterHOAddButton\"]"}
RESULT: {"using":"xpath","value":"//button[@data-kt=\"masterHOAddButton\"]"}
COMMAND: POST /session/a5881d3eaca756d633e860ab0441a8d1/execute/sync - {"script":"<script> [8489 bytes]","args":[{"element-6066-11e4-a52e-4f735466cecf":"f.70EA98C12271B5C153327B12E8209453.d.653B5BFBCEADA99B387E03400CB55051.e.11571","ELEMENT":"f.70EA98C12271B5C153327B12E8209453.d.653B5BFBCEADA99B387E03400CB55051.e.11571"}]}
RESULT: {"script":"<script> [8489 bytes]","args":[{"element-6066-11e4-a52e-4f735466cecf":"f.70EA98C12271B5C153327B12E8209453.d.653B5BFBCEADA99B387E03400CB55051.e.11571","ELEMENT":"f.70EA98C12271B5C153327B12E8209453.d.653B5BFBCEADA99B387E03400CB55051.e.11571"}]}
COMMAND: GET /session/a5881d3eaca756d633e860ab0441a8d1/element/f.70EA98C12271B5C153327B12E8209453.d.653B5BFBCEADA99B387E03400CB55051.e.11571/enabled - {}
COMMAND: GET /session/a5881d3eaca756d633e860ab0441a8d1/screenshot - {}
RESULT: {}
COMMAND: POST /session/a5881d3eaca756d633e860ab0441a8d1/execute/sync - {"script":"<script> [8489 bytes]","args":[{"element-6066-11e4-a52e-4f735466cecf":"f.70EA98C12271B5C153327B12E8209453.d.653B5BFBCEADA99B387E03400CB55051.e.11571","ELEMENT":"f.70EA98C12271B5C153327B12E8209453.d.653B5BFBCEADA99B387E03400CB55051.e.11571"}]}
COMMAND: GET /session/a5881d3eaca756d633e860ab0441a8d1/screenshot - {}
RESULT: {}
RESULT: {"script":"<script> [8489 bytes]","args":[{"element-6066-11e4-a52e-4f735466cecf":"f.70EA98C12271B5C153327B12E8209453.d.653B5BFBCEADA99B387E03400CB55051.e.11571","ELEMENT":"f.70EA98C12271B5C153327B12E8209453.d.653B5BFBCEADA99B387E03400CB55051.e.11571"}]}
COMMAND: POST /session/a5881d3eaca756d633e860ab0441a8d1/execute/sync - {"script":"<script> [5351 bytes]","args":[{"element-6066-11e4-a52e-4f735466cecf":"f.70EA98C12271B5C153327B12E8209453.d.653B5BFBCEADA99B387E03400CB55051.e.11571","ELEMENT":"f.70EA98C12271B5C153327B12E8209453.d.653B5BFBCEADA99B387E03400CB55051.e.11571"}]}
COMMAND: GET /session/a5881d3eaca756d633e860ab0441a8d1/screenshot - {}
RESULT: {}
RESULT: {"script":"<script> [5351 bytes]","args":[{"element-6066-11e4-a52e-4f735466cecf":"f.70EA98C12271B5C153327B12E8209453.d.653B5BFBCEADA99B387E03400CB55051.e.11571","ELEMENT":"f.70EA98C12271B5C153327B12E8209453.d.653B5BFBCEADA99B387E03400CB55051.e.11571"}]}
COMMAND: POST /session/a5881d3eaca756d633e860ab0441a8d1/element/f.70EA98C12271B5C153327B12E8209453.d.653B5BFBCEADA99B387E03400CB55051.e.11571/click - {}
COMMAND: GET /session/a5881d3eaca756d633e860ab0441a8d1/screenshot - {}
RESULT: {}
RESULT: {}
COMMAND: GET /session/a5881d3eaca756d633e860ab0441a8d1/screenshot - {}
RESULT: {}
RESULT: {}
COMMAND: POST /session/a5881d3eaca756d633e860ab0441a8d1/element - {"using":"xpath","value":"//span[contains(@id ,\"AddNewHO--typeSelect-arrow\")]"}
RESULT: {"using":"xpath","value":"//span[contains(@id ,\"AddNewHO--typeSelect-arrow\")]"}
COMMAND: POST /session/a5881d3eaca756d633e860ab0441a8d1/element/f.70EA98C12271B5C153327B12E8209453.d.653B5BFBCEADA99B387E03400CB55051.e.11928/click - {}
RESULT: {}
COMMAND: GET /session/a5881d3eaca756d633e860ab0441a8d1/screenshot - {}
RESULT: {}
COMMAND: POST /session/a5881d3eaca756d633e860ab0441a8d1/element - {"using":"xpath","value":"(//li[contains(text(), \"stock increase yard\")])[1]"}
RESULT: {"using":"xpath","value":"(//li[contains(text(), \"stock increase yard\")])[1]"}
COMMAND: POST /session/a5881d3eaca756d633e860ab0441a8d1/element/f.70EA98C12271B5C153327B12E8209453.d.653B5BFBCEADA99B387E03400CB55051.e.11929/click - {}
RESULT: {}
COMMAND: GET /session/a5881d3eaca756d633e860ab0441a8d1/screenshot - {}
RESULT: {}
COMMAND: POST /session/a5881d3eaca756d633e860ab0441a8d1/execute/async - {"script":"<script> [1562 bytes]","args":[{"selector":{"id":"application-managehandovers-display-component---AddNewHO--dueDate","interaction":{"idSuffix":"inner"}},"wdio_ui5_key":"applicationmanagehandovers-display-component---AddNewHO--dueDate"}]}
RESULT: {"script":"<script> [1562 bytes]","args":[{"selector":{"id":"application-managehandovers-display-component---AddNewHO--dueDate","interaction":{"idSuffix":"inner"}},"wdio_ui5_key":"applicationmanagehandovers-display-component---AddNewHO--dueDate"}]}
RESULT: undefined
COMMAND: POST /session/a5881d3eaca756d633e860ab0441a8d1/execute/async - {"script":"<script> [6424 bytes]","args":[{"element-6066-11e4-a52e-4f735466cecf":"f.70EA98C12271B5C153327B12E8209453.d.653B5BFBCEADA99B387E03400CB55051.e.11931"},"setValue",["04/30/2025"]]}
RESULT: {"script":"<script> [6424 bytes]","args":[{"element-6066-11e4-a52e-4f735466cecf":"f.70EA98C12271B5C153327B12E8209453.d.653B5BFBCEADA99B387E03400CB55051.e.11931"},"setValue",["04/30/2025"]]}
COMMAND: POST /session/a5881d3eaca756d633e860ab0441a8d1/element - {"using":"xpath","value":"//input[@id=\"generalSectionFrg--receiveYard-inner\"]"}
RESULT: {"using":"xpath","value":"//input[@id=\"generalSectionFrg--receiveYard-inner\"]"}
COMMAND: POST /session/a5881d3eaca756d633e860ab0441a8d1/element/f.70EA98C12271B5C153327B12E8209453.d.653B5BFBCEADA99B387E03400CB55051.e.11937/clear - {}
RESULT: {}
COMMAND: POST /session/a5881d3eaca756d633e860ab0441a8d1/element/f.70EA98C12271B5C153327B12E8209453.d.653B5BFBCEADA99B387E03400CB55051.e.11937/value - {"text":"469"}
COMMAND: GET /session/a5881d3eaca756d633e860ab0441a8d1/screenshot - {}
RESULT: {"text":"469"}
COMMAND: GET /session/a5881d3eaca756d633e860ab0441a8d1/screenshot - {}
RESULT: {}
RESULT: {}
COMMAND: POST /session/a5881d3eaca756d633e860ab0441a8d1/element - {"using":"xpath","value":"//li[.//span[text()='469']]"}
RESULT: {"using":"xpath","value":"//li[.//span[text()='469']]"}
COMMAND: POST /session/a5881d3eaca756d633e860ab0441a8d1/element/f.70EA98C12271B5C153327B12E8209453.d.653B5BFBCEADA99B387E03400CB55051.e.11955/click - {}
RESULT: {}
COMMAND: GET /session/a5881d3eaca756d633e860ab0441a8d1/screenshot - {}
RESULT: {}
COMMAND: POST /session/a5881d3eaca756d633e860ab0441a8d1/execute/async - {"script":"<script> [1562 bytes]","args":[{"selector":{"id":"application-managehandovers-display-component---AddNewHO--ObjectPageLayout-anchBar-application-managehandovers-display-component---AddNewHO--section4-anchor","interaction":{"idSuffix":"BDI-content"}},"wdio_ui5_key":"applicationmanagehandovers-display-component---AddNewHO--ObjectPageLayout-anchBar-application-managehandovers-display-component---AddNewHO--section4-anchor"}]}
RESULT: {"script":"<script> [1562 bytes]","args":[{"selector":{"id":"application-managehandovers-display-component---AddNewHO--ObjectPageLayout-anchBar-application-managehandovers-display-component---AddNewHO--section4-anchor","interaction":{"idSuffix":"BDI-content"}},"wdio_ui5_key":"applicationmanagehandovers-display-component---AddNewHO--ObjectPageLayout-anchBar-application-managehandovers-display-component---AddNewHO--section4-anchor"}]}
RESULT: undefined
COMMAND: POST /session/a5881d3eaca756d633e860ab0441a8d1/element - {"using":"xpath","value":"//*[@id=\"application-managehandovers-display-component---AddNewHO--ObjectPageLayout-anchBar-application-managehandovers-display-component---AddNewHO--section4-anchor\"]"}
RESULT: {"using":"xpath","value":"//*[@id=\"application-managehandovers-display-component---AddNewHO--ObjectPageLayout-anchBar-application-managehandovers-display-component---AddNewHO--section4-anchor\"]"}
COMMAND: POST /session/a5881d3eaca756d633e860ab0441a8d1/element/f.70EA98C12271B5C153327B12E8209453.d.653B5BFBCEADA99B387E03400CB55051.e.11957/click - {}
RESULT: {}
COMMAND: POST /session/a5881d3eaca756d633e860ab0441a8d1/element - {"using":"xpath","value":"//button[@aria-label=\"Add\"]"}
COMMAND: GET /session/a5881d3eaca756d633e860ab0441a8d1/screenshot - {}
RESULT: {"using":"xpath","value":"//button[@aria-label=\"Add\"]"}
COMMAND: POST /session/a5881d3eaca756d633e860ab0441a8d1/element/f.70EA98C12271B5C153327B12E8209453.d.653B5BFBCEADA99B387E03400CB55051.e.11959/click - {}
RESULT: {}
RESULT: {}
COMMAND: GET /session/a5881d3eaca756d633e860ab0441a8d1/screenshot - {}
RESULT: {}
COMMAND: POST /session/a5881d3eaca756d633e860ab0441a8d1/execute/async - {"script":"<script> [1562 bytes]","args":[{"selector":{"id":"application-managehandovers-display-component---AddNewHO--smartFilterBar-btnBasicSearch","searchOpenDialogs":true,"interaction":{"idSuffix":"I"}},"wdio_ui5_key":"applicationmanagehandovers-display-component---AddNewHO--smartFilterBar-btnBasicSearch"}]}
RESULT: {"script":"<script> [1562 bytes]","args":[{"selector":{"id":"application-managehandovers-display-component---AddNewHO--smartFilterBar-btnBasicSearch","searchOpenDialogs":true,"interaction":{"idSuffix":"I"}},"wdio_ui5_key":"applicationmanagehandovers-display-component---AddNewHO--smartFilterBar-btnBasicSearch"}]}
RESULT: undefined
COMMAND: POST /session/a5881d3eaca756d633e860ab0441a8d1/execute/async - {"script":"<script> [776 bytes]","args":[{"enterText":"Y4H1jKBaMa","selector":{"id":"application-managehandovers-display-component---AddNewHO--smartFilterBar-btnBasicSearch","searchOpenDialogs":true,"interaction":{"idSuffix":"I"}},"clearTextFirst":true,"interactionType":"ENTER_TEXT"}]}
RESULT: {"script":"<script> [776 bytes]","args":[{"enterText":"Y4H1jKBaMa","selector":{"id":"application-managehandovers-display-component---AddNewHO--smartFilterBar-btnBasicSearch","searchOpenDialogs":true,"interaction":{"idSuffix":"I"}},"clearTextFirst":true,"interactionType":"ENTER_TEXT"}]}
COMMAND: POST /session/a5881d3eaca756d633e860ab0441a8d1/actions - {"actions":[{"id":"action44","type":"key","parameters":{},"actions":[{"type":"keyDown","value":"î€‡"},{"type":"pause","duration":10},{"type":"keyUp","value":"î€‡"}]}]}
RESULT: {"actions":[{"id":"action44","type":"key","parameters":{},"actions":[{"type":"keyDown","value":"î€‡"},{"type":"pause","duration":10},{"type":"keyUp","value":"î€‡"}]}]}
COMMAND: GET /session/a5881d3eaca756d633e860ab0441a8d1/screenshot - {}
RESULT: {}
COMMAND: POST /session/a5881d3eaca756d633e860ab0441a8d1/execute/async - {"script":"<script> [1562 bytes]","args":[{"selector":{"id":"application-managehandovers-display-component---AddNewHO--popup-sa","searchOpenDialogs":true,"interaction":{"idSuffix":"CbBg"}},"wdio_ui5_key":"applicationmanagehandovers-display-component---AddNewHO--popup-sa"}]}
RESULT: {"script":"<script> [1562 bytes]","args":[{"selector":{"id":"application-managehandovers-display-component---AddNewHO--popup-sa","searchOpenDialogs":true,"interaction":{"idSuffix":"CbBg"}},"wdio_ui5_key":"applicationmanagehandovers-display-component---AddNewHO--popup-sa"}]}
RESULT: undefined
COMMAND: POST /session/a5881d3eaca756d633e860ab0441a8d1/element - {"using":"xpath","value":"//*[@id=\"application-managehandovers-display-component---AddNewHO--popup-sa\"]"}
RESULT: {"using":"xpath","value":"//*[@id=\"application-managehandovers-display-component---AddNewHO--popup-sa\"]"}
COMMAND: POST /session/a5881d3eaca756d633e860ab0441a8d1/element/f.70EA98C12271B5C153327B12E8209453.d.653B5BFBCEADA99B387E03400CB55051.e.12113/click - {}
RESULT: {}
COMMAND: GET /session/a5881d3eaca756d633e860ab0441a8d1/screenshot - {}
RESULT: {}
COMMAND: POST /session/a5881d3eaca756d633e860ab0441a8d1/element - {"using":"xpath","value":"//bdi[contains(text(), \"Select\")]"}
RESULT: {"using":"xpath","value":"//bdi[contains(text(), \"Select\")]"}
COMMAND: POST /session/a5881d3eaca756d633e860ab0441a8d1/element/f.70EA98C12271B5C153327B12E8209453.d.653B5BFBCEADA99B387E03400CB55051.e.12114/click - {}
RESULT: {}
COMMAND: GET /session/a5881d3eaca756d633e860ab0441a8d1/screenshot - {}
RESULT: {}
COMMAND: POST /session/a5881d3eaca756d633e860ab0441a8d1/element - {"using":"xpath","value":"//button[@data-kt=\"AddNewHOSaveButton\"]"}
RESULT: {"using":"xpath","value":"//button[@data-kt=\"AddNewHOSaveButton\"]"}
COMMAND: POST /session/a5881d3eaca756d633e860ab0441a8d1/element/f.70EA98C12271B5C153327B12E8209453.d.653B5BFBCEADA99B387E03400CB55051.e.12118/click - {}
RESULT: {}
COMMAND: GET /session/a5881d3eaca756d633e860ab0441a8d1/screenshot - {}
RESULT: {}
COMMAND: POST /session/a5881d3eaca756d633e860ab0441a8d1/execute/async - {"script":"<script> [1562 bytes]","args":[{"selector":{"id":"receiptDatePicker","viewName":"etm.portal.ui.managehandovers.view.DetailExecuteHO","interaction":{"idSuffix":"inner"}},"wdio_ui5_key":"receiptDatePickeretmportal.ui.managehandovers.view.DetailExecuteHO"}]}
RESULT: {"script":"<script> [1562 bytes]","args":[{"selector":{"id":"receiptDatePicker","viewName":"etm.portal.ui.managehandovers.view.DetailExecuteHO","interaction":{"idSuffix":"inner"}},"wdio_ui5_key":"receiptDatePickeretmportal.ui.managehandovers.view.DetailExecuteHO"}]}
RESULT: undefined
COMMAND: POST /session/a5881d3eaca756d633e860ab0441a8d1/execute/async - {"script":"<script> [6424 bytes]","args":[{"element-6066-11e4-a52e-4f735466cecf":"f.70EA98C12271B5C153327B12E8209453.d.653B5BFBCEADA99B387E03400CB55051.e.12148"},"setValue",["04/30/2025"]]}
RESULT: {"script":"<script> [6424 bytes]","args":[{"element-6066-11e4-a52e-4f735466cecf":"f.70EA98C12271B5C153327B12E8209453.d.653B5BFBCEADA99B387E03400CB55051.e.12148"},"setValue",["04/30/2025"]]}
COMMAND: POST /session/a5881d3eaca756d633e860ab0441a8d1/element - {"using":"xpath","value":"//button[@data-kt=\"PickingTableConfirmAllButton\"]"}
RESULT: {"using":"xpath","value":"//button[@data-kt=\"PickingTableConfirmAllButton\"]"}
COMMAND: POST /session/a5881d3eaca756d633e860ab0441a8d1/element/f.70EA98C12271B5C153327B12E8209453.d.653B5BFBCEADA99B387E03400CB55051.e.12163/click - {}
RESULT: {}
COMMAND: GET /session/a5881d3eaca756d633e860ab0441a8d1/screenshot - {}
RESULT: {}
COMMAND: POST /session/a5881d3eaca756d633e860ab0441a8d1/element - {"using":"xpath","value":"//bdi[contains(text(), \"OK\")]"}
RESULT: {"using":"xpath","value":"//bdi[contains(text(), \"OK\")]"}
COMMAND: POST /session/a5881d3eaca756d633e860ab0441a8d1/element/f.70EA98C12271B5C153327B12E8209453.d.653B5BFBCEADA99B387E03400CB55051.e.12165/click - {}
RESULT: {}
COMMAND: GET /session/a5881d3eaca756d633e860ab0441a8d1/screenshot - {}
RESULT: {}
COMMAND: POST /session/a5881d3eaca756d633e860ab0441a8d1/element - {"using":"xpath","value":"(//bdi[contains(text(), \"Receive\")])[2]"}
RESULT: {"using":"xpath","value":"(//bdi[contains(text(), \"Receive\")])[2]"}
COMMAND: POST /session/a5881d3eaca756d633e860ab0441a8d1/element/f.70EA98C12271B5C153327B12E8209453.d.653B5BFBCEADA99B387E03400CB55051.e.12167/click - {}
RESULT: {}
COMMAND: GET /session/a5881d3eaca756d633e860ab0441a8d1/screenshot - {}
RESULT: {}
COMMAND: POST /session/a5881d3eaca756d633e860ab0441a8d1/element - {"using":"css selector","value":"#shell-header-logo"}
RESULT: {"using":"css selector","value":"#shell-header-logo"}
COMMAND: POST /session/a5881d3eaca756d633e860ab0441a8d1/element/f.70EA98C12271B5C153327B12E8209453.d.653B5BFBCEADA99B387E03400CB55051.e.11543/click - {}
RESULT: {}
COMMAND: GET /session/a5881d3eaca756d633e860ab0441a8d1/screenshot - {}
RESULT: {}
]]></system-out>
    </testcase>
    <testcase classname="chrome.135_0_7049_96.windows.Create_master_data_for_mixed_billing_&amp;_do_billing_calculation_US151661" name="Should create a new contract" time="56.609">
      <system-out><![CDATA[
COMMAND: POST /session/a5881d3eaca756d633e860ab0441a8d1/execute/async - {"script":"<script> [1562 bytes]","args":[{"selector":{"controlType":"sap.m.Text","viewName":"etm.portal.ui.managecontractstile.view.Master","properties":{"text":"Manage Contracts"},"interaction":{"idSuffix":"inner"}},"wdio_ui5_key":"etmportal.ui.managecontractstile.view.Mastersap.m.Text{\"text\":\"Manage Contracts\"}"}]}
RESULT: {"script":"<script> [1562 bytes]","args":[{"selector":{"controlType":"sap.m.Text","viewName":"etm.portal.ui.managecontractstile.view.Master","properties":{"text":"Manage Contracts"},"interaction":{"idSuffix":"inner"}},"wdio_ui5_key":"etmportal.ui.managecontractstile.view.Mastersap.m.Text{\"text\":\"Manage Contracts\"}"}]}
RESULT: undefined
COMMAND: POST /session/a5881d3eaca756d633e860ab0441a8d1/element - {"using":"xpath","value":"//*[@id=\"__tile130-title\"]"}
RESULT: {"using":"xpath","value":"//*[@id=\"__tile130-title\"]"}
COMMAND: POST /session/a5881d3eaca756d633e860ab0441a8d1/element/f.70EA98C12271B5C153327B12E8209453.d.653B5BFBCEADA99B387E03400CB55051.e.12338/click - {}
RESULT: {}
COMMAND: GET /session/a5881d3eaca756d633e860ab0441a8d1/screenshot - {}
COMMAND: POST /session/a5881d3eaca756d633e860ab0441a8d1/element - {"using":"xpath","value":"//button[@data-kt=\"addButton\"]"}
RESULT: {}
RESULT: {"using":"xpath","value":"//button[@data-kt=\"addButton\"]"}
COMMAND: POST /session/a5881d3eaca756d633e860ab0441a8d1/elements - {"using":"xpath","value":"//button[@data-kt=\"addButton\"]"}
RESULT: {"using":"xpath","value":"//button[@data-kt=\"addButton\"]"}
COMMAND: POST /session/a5881d3eaca756d633e860ab0441a8d1/execute/sync - {"script":"<script> [8489 bytes]","args":[{"element-6066-11e4-a52e-4f735466cecf":"f.70EA98C12271B5C153327B12E8209453.d.653B5BFBCEADA99B387E03400CB55051.e.12413","ELEMENT":"f.70EA98C12271B5C153327B12E8209453.d.653B5BFBCEADA99B387E03400CB55051.e.12413"}]}
RESULT: {"script":"<script> [8489 bytes]","args":[{"element-6066-11e4-a52e-4f735466cecf":"f.70EA98C12271B5C153327B12E8209453.d.653B5BFBCEADA99B387E03400CB55051.e.12413","ELEMENT":"f.70EA98C12271B5C153327B12E8209453.d.653B5BFBCEADA99B387E03400CB55051.e.12413"}]}
COMMAND: GET /session/a5881d3eaca756d633e860ab0441a8d1/element/f.70EA98C12271B5C153327B12E8209453.d.653B5BFBCEADA99B387E03400CB55051.e.12413/enabled - {}
COMMAND: GET /session/a5881d3eaca756d633e860ab0441a8d1/screenshot - {}
RESULT: {}
COMMAND: POST /session/a5881d3eaca756d633e860ab0441a8d1/execute/sync - {"script":"<script> [8489 bytes]","args":[{"element-6066-11e4-a52e-4f735466cecf":"f.70EA98C12271B5C153327B12E8209453.d.653B5BFBCEADA99B387E03400CB55051.e.12413","ELEMENT":"f.70EA98C12271B5C153327B12E8209453.d.653B5BFBCEADA99B387E03400CB55051.e.12413"}]}
COMMAND: GET /session/a5881d3eaca756d633e860ab0441a8d1/screenshot - {}
RESULT: {}
RESULT: {"script":"<script> [8489 bytes]","args":[{"element-6066-11e4-a52e-4f735466cecf":"f.70EA98C12271B5C153327B12E8209453.d.653B5BFBCEADA99B387E03400CB55051.e.12413","ELEMENT":"f.70EA98C12271B5C153327B12E8209453.d.653B5BFBCEADA99B387E03400CB55051.e.12413"}]}
COMMAND: POST /session/a5881d3eaca756d633e860ab0441a8d1/execute/sync - {"script":"<script> [5351 bytes]","args":[{"element-6066-11e4-a52e-4f735466cecf":"f.70EA98C12271B5C153327B12E8209453.d.653B5BFBCEADA99B387E03400CB55051.e.12413","ELEMENT":"f.70EA98C12271B5C153327B12E8209453.d.653B5BFBCEADA99B387E03400CB55051.e.12413"}]}
COMMAND: GET /session/a5881d3eaca756d633e860ab0441a8d1/screenshot - {}
RESULT: {}
RESULT: {"script":"<script> [5351 bytes]","args":[{"element-6066-11e4-a52e-4f735466cecf":"f.70EA98C12271B5C153327B12E8209453.d.653B5BFBCEADA99B387E03400CB55051.e.12413","ELEMENT":"f.70EA98C12271B5C153327B12E8209453.d.653B5BFBCEADA99B387E03400CB55051.e.12413"}]}
COMMAND: GET /session/a5881d3eaca756d633e860ab0441a8d1/screenshot - {}
RESULT: {}
RESULT: {}
COMMAND: POST /session/a5881d3eaca756d633e860ab0441a8d1/element/f.70EA98C12271B5C153327B12E8209453.d.653B5BFBCEADA99B387E03400CB55051.e.12413/click - {}
RESULT: {}
COMMAND: GET /session/a5881d3eaca756d633e860ab0441a8d1/screenshot - {}
COMMAND: POST /session/a5881d3eaca756d633e860ab0441a8d1/execute/async - {"script":"<script> [1562 bytes]","args":[{"selector":{"id":"application-managecontracts-display-component---AddNewContract--projectDescription","interaction":{"idSuffix":"inner"}},"wdio_ui5_key":"applicationmanagecontracts-display-component---AddNewContract--projectDescription"}]}
RESULT: {}
RESULT: {"script":"<script> [1562 bytes]","args":[{"selector":{"id":"application-managecontracts-display-component---AddNewContract--projectDescription","interaction":{"idSuffix":"inner"}},"wdio_ui5_key":"applicationmanagecontracts-display-component---AddNewContract--projectDescription"}]}
RESULT: undefined
COMMAND: POST /session/a5881d3eaca756d633e860ab0441a8d1/execute/async - {"script":"<script> [776 bytes]","args":[{"enterText":"Mixed Contract WDIO","selector":{"id":"application-managecontracts-display-component---AddNewContract--projectDescription","interaction":{"idSuffix":"inner"}},"clearTextFirst":true,"interactionType":"ENTER_TEXT"}]}
RESULT: {"script":"<script> [776 bytes]","args":[{"enterText":"Mixed Contract WDIO","selector":{"id":"application-managecontracts-display-component---AddNewContract--projectDescription","interaction":{"idSuffix":"inner"}},"clearTextFirst":true,"interactionType":"ENTER_TEXT"}]}
COMMAND: POST /session/a5881d3eaca756d633e860ab0441a8d1/element - {"using":"xpath","value":"//input[@id=\"application-managecontracts-display-component---AddNewContract--site-inner\"]"}
RESULT: {"using":"xpath","value":"//input[@id=\"application-managecontracts-display-component---AddNewContract--site-inner\"]"}
COMMAND: POST /session/a5881d3eaca756d633e860ab0441a8d1/element/f.70EA98C12271B5C153327B12E8209453.d.653B5BFBCEADA99B387E03400CB55051.e.12706/clear - {}
RESULT: {}
COMMAND: POST /session/a5881d3eaca756d633e860ab0441a8d1/element/f.70EA98C12271B5C153327B12E8209453.d.653B5BFBCEADA99B387E03400CB55051.e.12706/value - {"text":"2306"}
COMMAND: GET /session/a5881d3eaca756d633e860ab0441a8d1/screenshot - {}
RESULT: {"text":"2306"}
COMMAND: GET /session/a5881d3eaca756d633e860ab0441a8d1/screenshot - {}
RESULT: {}
RESULT: {}
COMMAND: POST /session/a5881d3eaca756d633e860ab0441a8d1/element - {"using":"xpath","value":"//li[.//span[text()='2306']]"}
RESULT: {"using":"xpath","value":"//li[.//span[text()='2306']]"}
COMMAND: POST /session/a5881d3eaca756d633e860ab0441a8d1/element/f.70EA98C12271B5C153327B12E8209453.d.653B5BFBCEADA99B387E03400CB55051.e.12728/click - {}
RESULT: {}
COMMAND: GET /session/a5881d3eaca756d633e860ab0441a8d1/screenshot - {}
RESULT: {}
COMMAND: POST /session/a5881d3eaca756d633e860ab0441a8d1/element - {"using":"xpath","value":"//input[@id=\"application-managecontracts-display-component---AddNewContract--yardId-inner\"]"}
RESULT: {"using":"xpath","value":"//input[@id=\"application-managecontracts-display-component---AddNewContract--yardId-inner\"]"}
COMMAND: GET /session/a5881d3eaca756d633e860ab0441a8d1/element/f.70EA98C12271B5C153327B12E8209453.d.653B5BFBCEADA99B387E03400CB55051.e.12707/property/value - {}
RESULT: {}
COMMAND: POST /session/a5881d3eaca756d633e860ab0441a8d1/element - {"using":"xpath","value":"//input[@id=\"application-managecontracts-display-component---AddNewContract--customerSelect-inner\"]"}
COMMAND: GET /session/a5881d3eaca756d633e860ab0441a8d1/screenshot - {}
RESULT: {"using":"xpath","value":"//input[@id=\"application-managecontracts-display-component---AddNewContract--customerSelect-inner\"]"}
COMMAND: POST /session/a5881d3eaca756d633e860ab0441a8d1/element/f.70EA98C12271B5C153327B12E8209453.d.653B5BFBCEADA99B387E03400CB55051.e.12705/clear - {}
RESULT: {}
RESULT: {}
COMMAND: POST /session/a5881d3eaca756d633e860ab0441a8d1/element/f.70EA98C12271B5C153327B12E8209453.d.653B5BFBCEADA99B387E03400CB55051.e.12705/value - {"text":"1339"}
COMMAND: GET /session/a5881d3eaca756d633e860ab0441a8d1/screenshot - {}
RESULT: {"text":"1339"}
COMMAND: GET /session/a5881d3eaca756d633e860ab0441a8d1/screenshot - {}
RESULT: {}
RESULT: {}
COMMAND: POST /session/a5881d3eaca756d633e860ab0441a8d1/element - {"using":"xpath","value":"//li[.//span[text()='1339']]"}
RESULT: {"using":"xpath","value":"//li[.//span[text()='1339']]"}
COMMAND: POST /session/a5881d3eaca756d633e860ab0441a8d1/element/f.70EA98C12271B5C153327B12E8209453.d.653B5BFBCEADA99B387E03400CB55051.e.12731/click - {}
RESULT: {}
COMMAND: GET /session/a5881d3eaca756d633e860ab0441a8d1/screenshot - {}
RESULT: {}
COMMAND: POST /session/a5881d3eaca756d633e860ab0441a8d1/element - {"using":"xpath","value":"//button[@data-kt=\"saveButton\"]"}
RESULT: {"using":"xpath","value":"//button[@data-kt=\"saveButton\"]"}
COMMAND: POST /session/a5881d3eaca756d633e860ab0441a8d1/element/f.70EA98C12271B5C153327B12E8209453.d.653B5BFBCEADA99B387E03400CB55051.e.12721/click - {}
RESULT: {}
COMMAND: GET /session/a5881d3eaca756d633e860ab0441a8d1/screenshot - {}
RESULT: {}
COMMAND: POST /session/a5881d3eaca756d633e860ab0441a8d1/element - {"using":"xpath","value":"//span[contains(@id ,\"contractDetailTitleNoExpanded\")]"}
RESULT: {"using":"xpath","value":"//span[contains(@id ,\"contractDetailTitleNoExpanded\")]"}
COMMAND: POST /session/a5881d3eaca756d633e860ab0441a8d1/elements - {"using":"xpath","value":"//span[contains(@id ,\"contractDetailTitleNoExpanded\")]"}
RESULT: {"using":"xpath","value":"//span[contains(@id ,\"contractDetailTitleNoExpanded\")]"}
COMMAND: POST /session/a5881d3eaca756d633e860ab0441a8d1/execute/sync - {"script":"<script> [56 bytes]","args":[{"element-6066-11e4-a52e-4f735466cecf":"f.70EA98C12271B5C153327B12E8209453.d.653B5BFBCEADA99B387E03400CB55051.e.12802","ELEMENT":"f.70EA98C12271B5C153327B12E8209453.d.653B5BFBCEADA99B387E03400CB55051.e.12802"}]}
RESULT: {"script":"<script> [56 bytes]","args":[{"element-6066-11e4-a52e-4f735466cecf":"f.70EA98C12271B5C153327B12E8209453.d.653B5BFBCEADA99B387E03400CB55051.e.12802","ELEMENT":"f.70EA98C12271B5C153327B12E8209453.d.653B5BFBCEADA99B387E03400CB55051.e.12802"}]}
COMMAND: GET /session/a5881d3eaca756d633e860ab0441a8d1/screenshot - {}
RESULT: {}
]]></system-out>
    </testcase>
    <testcase classname="chrome.135_0_7049_96.windows.Create_master_data_for_mixed_billing_&amp;_do_billing_calculation_US151661" name="Should add equipment to the contract" time="48.348">
      <system-out><![CDATA[
COMMAND: POST /session/a5881d3eaca756d633e860ab0441a8d1/element - {"using":"xpath","value":"//button[@data-kt=\"contractDetailEditBtnButton\"]"}
RESULT: {"using":"xpath","value":"//button[@data-kt=\"contractDetailEditBtnButton\"]"}
COMMAND: POST /session/a5881d3eaca756d633e860ab0441a8d1/element/f.70EA98C12271B5C153327B12E8209453.d.653B5BFBCEADA99B387E03400CB55051.e.12804/click - {}
RESULT: {}
COMMAND: GET /session/a5881d3eaca756d633e860ab0441a8d1/screenshot - {}
RESULT: {}
COMMAND: POST /session/a5881d3eaca756d633e860ab0441a8d1/element - {"using":"xpath","value":"(//span[contains(text(), \"Additional Addresses\")])[2]"}
RESULT: {"using":"xpath","value":"(//span[contains(text(), \"Additional Addresses\")])[2]"}
COMMAND: POST /session/a5881d3eaca756d633e860ab0441a8d1/element/f.70EA98C12271B5C153327B12E8209453.d.653B5BFBCEADA99B387E03400CB55051.e.12858/click - {}
RESULT: {}
COMMAND: GET /session/a5881d3eaca756d633e860ab0441a8d1/screenshot - {}
RESULT: {}
COMMAND: POST /session/a5881d3eaca756d633e860ab0441a8d1/element - {"using":"xpath","value":"//button[@data-kt=\"btnAddTableRowOverflowToolbarButton\"]"}
RESULT: {"using":"xpath","value":"//button[@data-kt=\"btnAddTableRowOverflowToolbarButton\"]"}
COMMAND: POST /session/a5881d3eaca756d633e860ab0441a8d1/element/f.70EA98C12271B5C153327B12E8209453.d.653B5BFBCEADA99B387E03400CB55051.e.12862/click - {}
RESULT: {}
COMMAND: GET /session/a5881d3eaca756d633e860ab0441a8d1/screenshot - {}
RESULT: {}
COMMAND: POST /session/a5881d3eaca756d633e860ab0441a8d1/element - {"using":"xpath","value":"//div[(text() = 'Standard Entry' or . = 'Standard Entry')]"}
RESULT: {"using":"xpath","value":"//div[(text() = 'Standard Entry' or . = 'Standard Entry')]"}
COMMAND: POST /session/a5881d3eaca756d633e860ab0441a8d1/element/f.70EA98C12271B5C153327B12E8209453.d.653B5BFBCEADA99B387E03400CB55051.e.12864/click - {}
RESULT: {}
COMMAND: GET /session/a5881d3eaca756d633e860ab0441a8d1/screenshot - {}
RESULT: {}
COMMAND: POST /session/a5881d3eaca756d633e860ab0441a8d1/element - {"using":"xpath","value":"//td[7]/div/div/input"}
RESULT: {"using":"xpath","value":"//td[7]/div/div/input"}
COMMAND: POST /session/a5881d3eaca756d633e860ab0441a8d1/element/f.70EA98C12271B5C153327B12E8209453.d.653B5BFBCEADA99B387E03400CB55051.e.12873/clear - {}
RESULT: {}
COMMAND: POST /session/a5881d3eaca756d633e860ab0441a8d1/element/f.70EA98C12271B5C153327B12E8209453.d.653B5BFBCEADA99B387E03400CB55051.e.12873/value - {"text":"Y4H1jKBaMa"}
COMMAND: GET /session/a5881d3eaca756d633e860ab0441a8d1/screenshot - {}
RESULT: {"text":"Y4H1jKBaMa"}
COMMAND: GET /session/a5881d3eaca756d633e860ab0441a8d1/screenshot - {}
RESULT: {}
RESULT: {}
COMMAND: POST /session/a5881d3eaca756d633e860ab0441a8d1/actions - {"actions":[{"id":"action45","type":"key","parameters":{},"actions":[{"type":"keyDown","value":"î€‡"},{"type":"pause","duration":10},{"type":"keyUp","value":"î€‡"}]}]}
RESULT: {"actions":[{"id":"action45","type":"key","parameters":{},"actions":[{"type":"keyDown","value":"î€‡"},{"type":"pause","duration":10},{"type":"keyUp","value":"î€‡"}]}]}
COMMAND: GET /session/a5881d3eaca756d633e860ab0441a8d1/screenshot - {}
RESULT: {}
COMMAND: POST /session/a5881d3eaca756d633e860ab0441a8d1/execute/sync - {"script":"<script> [276 bytes]","args":["No pricing information was found"]}
RESULT: {"script":"<script> [276 bytes]","args":["No pricing information was found"]}
COMMAND: POST /session/a5881d3eaca756d633e860ab0441a8d1/element - {"using":"xpath","value":"(//button[@data-kt=\"saveButton\"])[2]"}
COMMAND: GET /session/a5881d3eaca756d633e860ab0441a8d1/screenshot - {}
RESULT: {"using":"xpath","value":"(//button[@data-kt=\"saveButton\"])[2]"}
COMMAND: POST /session/a5881d3eaca756d633e860ab0441a8d1/element/f.70EA98C12271B5C153327B12E8209453.d.653B5BFBCEADA99B387E03400CB55051.e.12888/click - {}
RESULT: {}
RESULT: {}
COMMAND: GET /session/a5881d3eaca756d633e860ab0441a8d1/screenshot - {}
RESULT: {}
COMMAND: POST /session/a5881d3eaca756d633e860ab0441a8d1/execute/sync - {"script":"<script> [276 bytes]","args":["Some contract items are having rental validity exceeding header rental validity"]}
RESULT: {"script":"<script> [276 bytes]","args":["Some contract items are having rental validity exceeding header rental validity"]}
COMMAND: GET /session/a5881d3eaca756d633e860ab0441a8d1/screenshot - {}
RESULT: {}
COMMAND: POST /session/a5881d3eaca756d633e860ab0441a8d1/element - {"using":"xpath","value":"//span[contains(@id ,\"contractItemsSmartTable-header-inner\")]"}
RESULT: {"using":"xpath","value":"//span[contains(@id ,\"contractItemsSmartTable-header-inner\")]"}
COMMAND: POST /session/a5881d3eaca756d633e860ab0441a8d1/elements - {"using":"xpath","value":"//span[contains(@id ,\"contractItemsSmartTable-header-inner\")]"}
RESULT: {"using":"xpath","value":"//span[contains(@id ,\"contractItemsSmartTable-header-inner\")]"}
COMMAND: POST /session/a5881d3eaca756d633e860ab0441a8d1/execute/sync - {"script":"<script> [56 bytes]","args":[{"element-6066-11e4-a52e-4f735466cecf":"f.70EA98C12271B5C153327B12E8209453.d.653B5BFBCEADA99B387E03400CB55051.e.12894","ELEMENT":"f.70EA98C12271B5C153327B12E8209453.d.653B5BFBCEADA99B387E03400CB55051.e.12894"}]}
RESULT: {"script":"<script> [56 bytes]","args":[{"element-6066-11e4-a52e-4f735466cecf":"f.70EA98C12271B5C153327B12E8209453.d.653B5BFBCEADA99B387E03400CB55051.e.12894","ELEMENT":"f.70EA98C12271B5C153327B12E8209453.d.653B5BFBCEADA99B387E03400CB55051.e.12894"}]}
]]></system-out>
    </testcase>
    <testcase classname="chrome.135_0_7049_96.windows.Create_master_data_for_mixed_billing_&amp;_do_billing_calculation_US151661" name="Should do a provide to site handover" time="61.414">
      <system-out><![CDATA[
COMMAND: GET /session/a5881d3eaca756d633e860ab0441a8d1/screenshot - {}
COMMAND: POST /session/a5881d3eaca756d633e860ab0441a8d1/element - {"using":"xpath","value":"//button[@data-kt=\"provideButton\"]"}
RESULT: {"using":"xpath","value":"//button[@data-kt=\"provideButton\"]"}
COMMAND: POST /session/a5881d3eaca756d633e860ab0441a8d1/element/f.70EA98C12271B5C153327B12E8209453.d.653B5BFBCEADA99B387E03400CB55051.e.12895/click - {}
RESULT: {}
RESULT: {}
COMMAND: GET /session/a5881d3eaca756d633e860ab0441a8d1/screenshot - {}
RESULT: {}
RESULT: undefined
COMMAND: POST /session/a5881d3eaca756d633e860ab0441a8d1/execute/async - {"script":"<script> [6424 bytes]","args":[{"element-6066-11e4-a52e-4f735466cecf":"f.70EA98C12271B5C153327B12E8209453.d.653B5BFBCEADA99B387E03400CB55051.e.11931"},"setValue",["04/30/2025"]]}
COMMAND: POST /session/a5881d3eaca756d633e860ab0441a8d1/execute/async - {"script":"<script> [1562 bytes]","args":[{"selector":{"id":"application-managehandovers-display-component---AddNewHO--dueDate","interaction":{"idSuffix":"inner"}},"wdio_ui5_key":"applicationmanagehandovers-display-component---AddNewHO--dueDate"}]}
RESULT: {"script":"<script> [1562 bytes]","args":[{"selector":{"id":"application-managehandovers-display-component---AddNewHO--dueDate","interaction":{"idSuffix":"inner"}},"wdio_ui5_key":"applicationmanagehandovers-display-component---AddNewHO--dueDate"}]}
COMMAND: POST /session/a5881d3eaca756d633e860ab0441a8d1/execute/async - {"script":"<script> [6424 bytes]","args":[{"element-6066-11e4-a52e-4f735466cecf":"f.70EA98C12271B5C153327B12E8209453.d.653B5BFBCEADA99B387E03400CB55051.e.12952"},"setValue",["04/30/2025"]]}
RESULT: {"script":"<script> [6424 bytes]","args":[{"element-6066-11e4-a52e-4f735466cecf":"f.70EA98C12271B5C153327B12E8209453.d.653B5BFBCEADA99B387E03400CB55051.e.12952"},"setValue",["04/30/2025"]]}
COMMAND: POST /session/a5881d3eaca756d633e860ab0441a8d1/element - {"using":"xpath","value":"//bdi[contains(text(), \"Instructions\")]"}
RESULT: {"using":"xpath","value":"//bdi[contains(text(), \"Instructions\")]"}
COMMAND: POST /session/a5881d3eaca756d633e860ab0441a8d1/element/f.70EA98C12271B5C153327B12E8209453.d.653B5BFBCEADA99B387E03400CB55051.e.13206/click - {}
RESULT: {}
COMMAND: GET /session/a5881d3eaca756d633e860ab0441a8d1/screenshot - {}
RESULT: {}
COMMAND: POST /session/a5881d3eaca756d633e860ab0441a8d1/element - {"using":"xpath","value":"//button[@data-kt=\"AddNewHOProvideAddItemsButton\"]"}
RESULT: {"using":"xpath","value":"//button[@data-kt=\"AddNewHOProvideAddItemsButton\"]"}
COMMAND: POST /session/a5881d3eaca756d633e860ab0441a8d1/element/f.70EA98C12271B5C153327B12E8209453.d.653B5BFBCEADA99B387E03400CB55051.e.13210/click - {}
RESULT: {}
COMMAND: GET /session/a5881d3eaca756d633e860ab0441a8d1/screenshot - {}
RESULT: {}
RESULT: undefined
COMMAND: POST /session/a5881d3eaca756d633e860ab0441a8d1/element - {"using":"xpath","value":"//*[@id=\"application-managehandovers-display-component---AddNewHO--popup-sa\"]"}
RESULT: {"using":"xpath","value":"//*[@id=\"application-managehandovers-display-component---AddNewHO--popup-sa\"]"}
COMMAND: POST /session/a5881d3eaca756d633e860ab0441a8d1/element/f.70EA98C12271B5C153327B12E8209453.d.653B5BFBCEADA99B387E03400CB55051.e.13219/click - {}
RESULT: {}
COMMAND: GET /session/a5881d3eaca756d633e860ab0441a8d1/screenshot - {}
RESULT: {}
COMMAND: POST /session/a5881d3eaca756d633e860ab0441a8d1/element - {"using":"xpath","value":"//*[contains(@id ,\"BDI-content\")][contains(text(), \"Select\")]"}
RESULT: {"using":"xpath","value":"//*[contains(@id ,\"BDI-content\")][contains(text(), \"Select\")]"}
COMMAND: POST /session/a5881d3eaca756d633e860ab0441a8d1/element/f.70EA98C12271B5C153327B12E8209453.d.653B5BFBCEADA99B387E03400CB55051.e.13221/click - {}
RESULT: {}
COMMAND: GET /session/a5881d3eaca756d633e860ab0441a8d1/screenshot - {}
RESULT: {}
COMMAND: POST /session/a5881d3eaca756d633e860ab0441a8d1/execute/async - {"script":"<script> [1562 bytes]","args":[{"selector":{"id":"application-managehandovers-display-component---AddNewHO--confirmCreationButton","interaction":{"idSuffix":"BDI-content"}},"wdio_ui5_key":"applicationmanagehandovers-display-component---AddNewHO--confirmCreationButton"}]}
RESULT: {"script":"<script> [1562 bytes]","args":[{"selector":{"id":"application-managehandovers-display-component---AddNewHO--confirmCreationButton","interaction":{"idSuffix":"BDI-content"}},"wdio_ui5_key":"applicationmanagehandovers-display-component---AddNewHO--confirmCreationButton"}]}
RESULT: undefined
COMMAND: POST /session/a5881d3eaca756d633e860ab0441a8d1/element - {"using":"xpath","value":"//*[@id=\"application-managehandovers-display-component---AddNewHO--confirmCreationButton\"]"}
RESULT: {"using":"xpath","value":"//*[@id=\"application-managehandovers-display-component---AddNewHO--confirmCreationButton\"]"}
COMMAND: POST /session/a5881d3eaca756d633e860ab0441a8d1/element/f.70EA98C12271B5C153327B12E8209453.d.653B5BFBCEADA99B387E03400CB55051.e.13018/click - {}
RESULT: {}
COMMAND: GET /session/a5881d3eaca756d633e860ab0441a8d1/screenshot - {}
RESULT: {}
COMMAND: POST /session/a5881d3eaca756d633e860ab0441a8d1/element - {"using":"xpath","value":"//button[@data-kt=\"PickingTableConfirmAllButton\"]"}
RESULT: {"using":"xpath","value":"//button[@data-kt=\"PickingTableConfirmAllButton\"]"}
COMMAND: POST /session/a5881d3eaca756d633e860ab0441a8d1/elements - {"using":"xpath","value":"//button[@data-kt=\"PickingTableConfirmAllButton\"]"}
RESULT: {"using":"xpath","value":"//button[@data-kt=\"PickingTableConfirmAllButton\"]"}
COMMAND: POST /session/a5881d3eaca756d633e860ab0441a8d1/elements - {"using":"xpath","value":"//button[@data-kt=\"PickingTableConfirmAllButton\"]"}
RESULT: {"using":"xpath","value":"//button[@data-kt=\"PickingTableConfirmAllButton\"]"}
COMMAND: POST /session/a5881d3eaca756d633e860ab0441a8d1/elements - {"using":"xpath","value":"//button[@data-kt=\"PickingTableConfirmAllButton\"]"}
RESULT: {"using":"xpath","value":"//button[@data-kt=\"PickingTableConfirmAllButton\"]"}
COMMAND: POST /session/a5881d3eaca756d633e860ab0441a8d1/element - {"using":"xpath","value":"//button[@data-kt=\"PickingTableConfirmAllButton\"]"}
RESULT: {"using":"xpath","value":"//button[@data-kt=\"PickingTableConfirmAllButton\"]"}
COMMAND: POST /session/a5881d3eaca756d633e860ab0441a8d1/element/f.70EA98C12271B5C153327B12E8209453.d.653B5BFBCEADA99B387E03400CB55051.e.13260/click - {}
COMMAND: POST /session/a5881d3eaca756d633e860ab0441a8d1/element - {"using":"xpath","value":"//button[@data-kt=\"PickingTableConfirmAllButton\"]"}
RESULT: {"using":"xpath","value":"//button[@data-kt=\"PickingTableConfirmAllButton\"]"}
COMMAND: POST /session/a5881d3eaca756d633e860ab0441a8d1/element/f.70EA98C12271B5C153327B12E8209453.d.653B5BFBCEADA99B387E03400CB55051.e.13260/click - {}
COMMAND: POST /session/a5881d3eaca756d633e860ab0441a8d1/element - {"using":"xpath","value":"//button[@data-kt=\"PickingTableConfirmAllButton\"]"}
RESULT: {"using":"xpath","value":"//button[@data-kt=\"PickingTableConfirmAllButton\"]"}
COMMAND: POST /session/a5881d3eaca756d633e860ab0441a8d1/element/f.70EA98C12271B5C153327B12E8209453.d.653B5BFBCEADA99B387E03400CB55051.e.13282/click - {}
RESULT: {}
COMMAND: GET /session/a5881d3eaca756d633e860ab0441a8d1/screenshot - {}
RESULT: {}
COMMAND: POST /session/a5881d3eaca756d633e860ab0441a8d1/element - {"using":"xpath","value":"//bdi[contains(text(), \"OK\")]"}
RESULT: {"using":"xpath","value":"//bdi[contains(text(), \"OK\")]"}
COMMAND: POST /session/a5881d3eaca756d633e860ab0441a8d1/element/f.70EA98C12271B5C153327B12E8209453.d.653B5BFBCEADA99B387E03400CB55051.e.13285/click - {}
RESULT: {}
COMMAND: GET /session/a5881d3eaca756d633e860ab0441a8d1/screenshot - {}
RESULT: {}
COMMAND: POST /session/a5881d3eaca756d633e860ab0441a8d1/element - {"using":"xpath","value":"//bdi[contains(text(), \"Ok\")]"}
RESULT: {"using":"xpath","value":"//bdi[contains(text(), \"Ok\")]"}
COMMAND: POST /session/a5881d3eaca756d633e860ab0441a8d1/element/f.70EA98C12271B5C153327B12E8209453.d.653B5BFBCEADA99B387E03400CB55051.e.13292/click - {}
RESULT: {}
COMMAND: GET /session/a5881d3eaca756d633e860ab0441a8d1/screenshot - {}
RESULT: {}
COMMAND: POST /session/a5881d3eaca756d633e860ab0441a8d1/element - {"using":"xpath","value":"//bdi[contains(text(), \"Issue\")]"}
RESULT: {"using":"xpath","value":"//bdi[contains(text(), \"Issue\")]"}
COMMAND: POST /session/a5881d3eaca756d633e860ab0441a8d1/element/f.70EA98C12271B5C153327B12E8209453.d.653B5BFBCEADA99B387E03400CB55051.e.13294/click - {}
RESULT: {}
COMMAND: GET /session/a5881d3eaca756d633e860ab0441a8d1/screenshot - {}
RESULT: {}
COMMAND: POST /session/a5881d3eaca756d633e860ab0441a8d1/element - {"using":"css selector","value":"#shell-header-logo"}
RESULT: {"using":"css selector","value":"#shell-header-logo"}
COMMAND: POST /session/a5881d3eaca756d633e860ab0441a8d1/element/f.70EA98C12271B5C153327B12E8209453.d.653B5BFBCEADA99B387E03400CB55051.e.12341/click - {}
RESULT: {}
COMMAND: GET /session/a5881d3eaca756d633e860ab0441a8d1/screenshot - {}
RESULT: {}
]]></system-out>
    </testcase>
    <testcase classname="chrome.135_0_7049_96.windows.Create_master_data_for_mixed_billing_&amp;_do_billing_calculation_US151661" name="Should create a few performance documents" time="98.8">
      <system-out><![CDATA[
COMMAND: POST /session/a5881d3eaca756d633e860ab0441a8d1/window/fullscreen - {}
RESULT: {}
COMMAND: POST /session/a5881d3eaca756d633e860ab0441a8d1/execute/async - {"script":"<script> [1562 bytes]","args":[{"selector":{"controlType":"sap.m.GenericTile","properties":{"header":"Manage States & Performance"}},"wdio_ui5_key":"sapm.GenericTile{\"header\":\"Manage States & Performance\"}"}]}
RESULT: {"script":"<script> [1562 bytes]","args":[{"selector":{"controlType":"sap.m.GenericTile","properties":{"header":"Manage States & Performance"}},"wdio_ui5_key":"sapm.GenericTile{\"header\":\"Manage States & Performance\"}"}]}
RESULT: undefined
COMMAND: POST /session/a5881d3eaca756d633e860ab0441a8d1/element - {"using":"xpath","value":"//*[@id=\"__tile56\"]"}
RESULT: {"using":"xpath","value":"//*[@id=\"__tile56\"]"}
COMMAND: POST /session/a5881d3eaca756d633e860ab0441a8d1/element/f.70EA98C12271B5C153327B12E8209453.d.653B5BFBCEADA99B387E03400CB55051.e.6263/click - {}
RESULT: {}
COMMAND: POST /session/a5881d3eaca756d633e860ab0441a8d1/execute/async - {"script":"<script> [1562 bytes]","args":[{"selector":{"id":"application-managestatesandperformance-display-component---stateAndPerform--smartFilterBarResources-btnBasicSearch","interaction":{"idSuffix":"I"}},"wdio_ui5_key":"applicationmanagestatesandperformance-display-component---stateAndPerform--smartFilterBarResources-btnBasicSearch"}]}
COMMAND: GET /session/a5881d3eaca756d633e860ab0441a8d1/screenshot - {}
RESULT: {"script":"<script> [1562 bytes]","args":[{"selector":{"id":"application-managestatesandperformance-display-component---stateAndPerform--smartFilterBarResources-btnBasicSearch","interaction":{"idSuffix":"I"}},"wdio_ui5_key":"applicationmanagestatesandperformance-display-component---stateAndPerform--smartFilterBarResources-btnBasicSearch"}]}
RESULT: undefined
COMMAND: POST /session/a5881d3eaca756d633e860ab0441a8d1/execute/async - {"script":"<script> [776 bytes]","args":[{"enterText":"Y4H1jKBaMa","selector":{"id":"application-managestatesandperformance-display-component---stateAndPerform--smartFilterBarResources-btnBasicSearch","interaction":{"idSuffix":"I"}},"clearTextFirst":true,"interactionType":"ENTER_TEXT"}]}
RESULT: {}
RESULT: {"script":"<script> [776 bytes]","args":[{"enterText":"Y4H1jKBaMa","selector":{"id":"application-managestatesandperformance-display-component---stateAndPerform--smartFilterBarResources-btnBasicSearch","interaction":{"idSuffix":"I"}},"clearTextFirst":true,"interactionType":"ENTER_TEXT"}]}
COMMAND: POST /session/a5881d3eaca756d633e860ab0441a8d1/actions - {"actions":[{"id":"action46","type":"key","parameters":{},"actions":[{"type":"keyDown","value":"î€‡"},{"type":"pause","duration":10},{"type":"keyUp","value":"î€‡"}]}]}
RESULT: {"actions":[{"id":"action46","type":"key","parameters":{},"actions":[{"type":"keyDown","value":"î€‡"},{"type":"pause","duration":10},{"type":"keyUp","value":"î€‡"}]}]}
COMMAND: GET /session/a5881d3eaca756d633e860ab0441a8d1/screenshot - {}
RESULT: {}
COMMAND: POST /session/a5881d3eaca756d633e860ab0441a8d1/execute/async - {"script":"<script> [1562 bytes]","args":[{"selector":{"id":"application-managestatesandperformance-display-component---stateAndPerform--stateAndPerformResourcesSmartTable-header"},"wdio_ui5_key":"applicationmanagestatesandperformance-display-component---stateAndPerform--stateAndPerformResourcesSmartTable-header"}]}
RESULT: {"script":"<script> [1562 bytes]","args":[{"selector":{"id":"application-managestatesandperformance-display-component---stateAndPerform--stateAndPerformResourcesSmartTable-header"},"wdio_ui5_key":"applicationmanagestatesandperformance-display-component---stateAndPerform--stateAndPerformResourcesSmartTable-header"}]}
RESULT: undefined
COMMAND: POST /session/a5881d3eaca756d633e860ab0441a8d1/execute/async - {"script":"<script> [6424 bytes]","args":[{"element-6066-11e4-a52e-4f735466cecf":"f.70EA98C12271B5C153327B12E8209453.d.653B5BFBCEADA99B387E03400CB55051.e.13692"},"getText",[]]}
RESULT: {"script":"<script> [6424 bytes]","args":[{"element-6066-11e4-a52e-4f735466cecf":"f.70EA98C12271B5C153327B12E8209453.d.653B5BFBCEADA99B387E03400CB55051.e.13692"},"getText",[]]}
COMMAND: POST /session/a5881d3eaca756d633e860ab0441a8d1/execute/async - {"script":"<script> [1562 bytes]","args":[{"selector":{"controlType":"sap.ui.core.Icon","viewName":"etm.portal.ui.managestatesandperformance.view.Master","viewId":"application-managestatesandperformance-display-component---stateAndPerform","properties":{"src":{"regex":{"source":"slim\\-arrow\\-right"}}}},"wdio_ui5_key":"etmportal.ui.managestatesandperformance.view.Mastersap.ui.core.Icon{\"src\":{\"regex\":{\"source\":\"slim\\\\-arrow\\\\-right\"}}}"}]}
RESULT: {"script":"<script> [1562 bytes]","args":[{"selector":{"controlType":"sap.ui.core.Icon","viewName":"etm.portal.ui.managestatesandperformance.view.Master","viewId":"application-managestatesandperformance-display-component---stateAndPerform","properties":{"src":{"regex":{"source":"slim\\-arrow\\-right"}}}},"wdio_ui5_key":"etmportal.ui.managestatesandperformance.view.Mastersap.ui.core.Icon{\"src\":{\"regex\":{\"source\":\"slim\\\\-arrow\\\\-right\"}}}"}]}
RESULT: undefined
COMMAND: POST /session/a5881d3eaca756d633e860ab0441a8d1/element - {"using":"xpath","value":"//*[@id=\"__item4180-__clone16947-imgNav\"]"}
RESULT: {"using":"xpath","value":"//*[@id=\"__item4180-__clone16947-imgNav\"]"}
COMMAND: POST /session/a5881d3eaca756d633e860ab0441a8d1/element/f.70EA98C12271B5C153327B12E8209453.d.653B5BFBCEADA99B387E03400CB55051.e.13691/click - {}
RESULT: {}
COMMAND: GET /session/a5881d3eaca756d633e860ab0441a8d1/screenshot - {}
RESULT: {}
COMMAND: POST /session/a5881d3eaca756d633e860ab0441a8d1/execute/async - {"script":"<script> [1562 bytes]","args":[{"selector":{"controlType":"sap.m.Button","viewName":"etm.portal.ui.managestatesandperformance.view.Detail","viewId":"application-managestatesandperformance-display-component---detailStateAndPerform","properties":{"text":"Performance Documents"}},"wdio_ui5_key":"etmportal.ui.managestatesandperformance.view.Detailsap.m.Button{\"text\":\"Performance Documents\"}"}]}
RESULT: {"script":"<script> [1562 bytes]","args":[{"selector":{"controlType":"sap.m.Button","viewName":"etm.portal.ui.managestatesandperformance.view.Detail","viewId":"application-managestatesandperformance-display-component---detailStateAndPerform","properties":{"text":"Performance Documents"}},"wdio_ui5_key":"etmportal.ui.managestatesandperformance.view.Detailsap.m.Button{\"text\":\"Performance Documents\"}"}]}
RESULT: undefined
COMMAND: POST /session/a5881d3eaca756d633e860ab0441a8d1/element - {"using":"xpath","value":"//*[@id=\"__item4203-button\"]"}
RESULT: {"using":"xpath","value":"//*[@id=\"__item4203-button\"]"}
COMMAND: POST /session/a5881d3eaca756d633e860ab0441a8d1/element/f.70EA98C12271B5C153327B12E8209453.d.653B5BFBCEADA99B387E03400CB55051.e.13739/click - {}
RESULT: {}
COMMAND: POST /session/a5881d3eaca756d633e860ab0441a8d1/execute/async - {"script":"<script> [1562 bytes]","args":[{"selector":{"controlType":"sap.m.Button","viewName":"etm.portal.ui.managestatesandperformance.view.Detail","viewId":"application-managestatesandperformance-display-component---detailStateAndPerform","i18NText":{"propertyName":"text","key":"createPerformanceDoc"},"interaction":{"idSuffix":"BDI-content"}},"wdio_ui5_key":"etmportal.ui.managestatesandperformance.view.Detailsap.m.Button{\"propertyName\":\"text\",\"key\":\"createPerformanceDoc\"}"}]}
COMMAND: GET /session/a5881d3eaca756d633e860ab0441a8d1/screenshot - {}
RESULT: {"script":"<script> [1562 bytes]","args":[{"selector":{"controlType":"sap.m.Button","viewName":"etm.portal.ui.managestatesandperformance.view.Detail","viewId":"application-managestatesandperformance-display-component---detailStateAndPerform","i18NText":{"propertyName":"text","key":"createPerformanceDoc"},"interaction":{"idSuffix":"BDI-content"}},"wdio_ui5_key":"etmportal.ui.managestatesandperformance.view.Detailsap.m.Button{\"propertyName\":\"text\",\"key\":\"createPerformanceDoc\"}"}]}
RESULT: undefined
COMMAND: POST /session/a5881d3eaca756d633e860ab0441a8d1/element - {"using":"xpath","value":"//*[@id=\"__button557\"]"}
RESULT: {}
RESULT: {"using":"xpath","value":"//*[@id=\"__button557\"]"}
COMMAND: POST /session/a5881d3eaca756d633e860ab0441a8d1/element/f.70EA98C12271B5C153327B12E8209453.d.653B5BFBCEADA99B387E03400CB55051.e.13743/click - {}
RESULT: {}
COMMAND: POST /session/a5881d3eaca756d633e860ab0441a8d1/execute/async - {"script":"<script> [1562 bytes]","args":[{"selector":{"id":"application-managestatesandperformance-display-component---detailStateAndPerform--perfDocDatePicker","searchOpenDialogs":true,"interaction":{"idSuffix":"inner"}},"wdio_ui5_key":"applicationmanagestatesandperformance-display-component---detailStateAndPerform--perfDocDatePicker"}]}
COMMAND: GET /session/a5881d3eaca756d633e860ab0441a8d1/screenshot - {}
RESULT: {"script":"<script> [1562 bytes]","args":[{"selector":{"id":"application-managestatesandperformance-display-component---detailStateAndPerform--perfDocDatePicker","searchOpenDialogs":true,"interaction":{"idSuffix":"inner"}},"wdio_ui5_key":"applicationmanagestatesandperformance-display-component---detailStateAndPerform--perfDocDatePicker"}]}
RESULT: undefined
COMMAND: POST /session/a5881d3eaca756d633e860ab0441a8d1/execute/async - {"script":"<script> [776 bytes]","args":[{"enterText":"05/02/25","selector":{"id":"application-managestatesandperformance-display-component---detailStateAndPerform--perfDocDatePicker","searchOpenDialogs":true,"interaction":{"idSuffix":"inner"}},"clearTextFirst":true,"interactionType":"ENTER_TEXT"}]}
RESULT: {}
RESULT: {"script":"<script> [776 bytes]","args":[{"enterText":"05/02/25","selector":{"id":"application-managestatesandperformance-display-component---detailStateAndPerform--perfDocDatePicker","searchOpenDialogs":true,"interaction":{"idSuffix":"inner"}},"clearTextFirst":true,"interactionType":"ENTER_TEXT"}]}
COMMAND: POST /session/a5881d3eaca756d633e860ab0441a8d1/execute/async - {"script":"<script> [1562 bytes]","args":[{"selector":{"id":"application-managestatesandperformance-display-component---detailStateAndPerform--counterValue-input","searchOpenDialogs":true,"interaction":{"idSuffix":"inner"}},"wdio_ui5_key":"applicationmanagestatesandperformance-display-component---detailStateAndPerform--counterValue-input"}]}
RESULT: {"script":"<script> [1562 bytes]","args":[{"selector":{"id":"application-managestatesandperformance-display-component---detailStateAndPerform--counterValue-input","searchOpenDialogs":true,"interaction":{"idSuffix":"inner"}},"wdio_ui5_key":"applicationmanagestatesandperformance-display-component---detailStateAndPerform--counterValue-input"}]}
RESULT: undefined
COMMAND: POST /session/a5881d3eaca756d633e860ab0441a8d1/execute/async - {"script":"<script> [776 bytes]","args":[{"enterText":"15.00","selector":{"id":"application-managestatesandperformance-display-component---detailStateAndPerform--counterValue-input","searchOpenDialogs":true,"interaction":{"idSuffix":"inner"}},"clearTextFirst":true,"interactionType":"ENTER_TEXT"}]}
RESULT: {"script":"<script> [776 bytes]","args":[{"enterText":"15.00","selector":{"id":"application-managestatesandperformance-display-component---detailStateAndPerform--counterValue-input","searchOpenDialogs":true,"interaction":{"idSuffix":"inner"}},"clearTextFirst":true,"interactionType":"ENTER_TEXT"}]}
COMMAND: POST /session/a5881d3eaca756d633e860ab0441a8d1/execute/async - {"script":"<script> [1562 bytes]","args":[{"selector":{"controlType":"sap.m.Button","viewName":"etm.portal.ui.managestatesandperformance.view.Detail","viewId":"application-managestatesandperformance-display-component---detailStateAndPerform","bindingPath":{"path":"","propertyPath":"/allowAddEdit","modelName":"oScreenModel"},"searchOpenDialogs":true,"interaction":{"idSuffix":"BDI-content"}},"wdio_ui5_key":"etmportal.ui.managestatesandperformance.view.Detailsap.m.Button{\"path\":\"\",\"propertyPath\":\"/allowAddEdit\",\"modelName\":\"oScreenModel\"}"}]}
RESULT: {"script":"<script> [1562 bytes]","args":[{"selector":{"controlType":"sap.m.Button","viewName":"etm.portal.ui.managestatesandperformance.view.Detail","viewId":"application-managestatesandperformance-display-component---detailStateAndPerform","bindingPath":{"path":"","propertyPath":"/allowAddEdit","modelName":"oScreenModel"},"searchOpenDialogs":true,"interaction":{"idSuffix":"BDI-content"}},"wdio_ui5_key":"etmportal.ui.managestatesandperformance.view.Detailsap.m.Button{\"path\":\"\",\"propertyPath\":\"/allowAddEdit\",\"modelName\":\"oScreenModel\"}"}]}
RESULT: undefined
COMMAND: POST /session/a5881d3eaca756d633e860ab0441a8d1/element - {"using":"xpath","value":"//*[@id=\"__button564\"]"}
RESULT: {"using":"xpath","value":"//*[@id=\"__button564\"]"}
COMMAND: POST /session/a5881d3eaca756d633e860ab0441a8d1/element/f.70EA98C12271B5C153327B12E8209453.d.653B5BFBCEADA99B387E03400CB55051.e.13764/click - {}
RESULT: {}
RESULT: undefined
COMMAND: POST /session/a5881d3eaca756d633e860ab0441a8d1/element - {"using":"xpath","value":"//*[@id=\"__button557\"]"}
COMMAND: GET /session/a5881d3eaca756d633e860ab0441a8d1/screenshot - {}
RESULT: {"using":"xpath","value":"//*[@id=\"__button557\"]"}
COMMAND: POST /session/a5881d3eaca756d633e860ab0441a8d1/element/f.70EA98C12271B5C153327B12E8209453.d.653B5BFBCEADA99B387E03400CB55051.e.13743/click - {}
RESULT: {}
RESULT: {}
RESULT: undefined
COMMAND: POST /session/a5881d3eaca756d633e860ab0441a8d1/execute/async - {"script":"<script> [776 bytes]","args":[{"enterText":"05/06/25","selector":{"id":"application-managestatesandperformance-display-component---detailStateAndPerform--perfDocDatePicker","searchOpenDialogs":true,"interaction":{"idSuffix":"inner"}},"clearTextFirst":true,"interactionType":"ENTER_TEXT"}]}
COMMAND: GET /session/a5881d3eaca756d633e860ab0441a8d1/screenshot - {}
RESULT: {"script":"<script> [776 bytes]","args":[{"enterText":"05/06/25","selector":{"id":"application-managestatesandperformance-display-component---detailStateAndPerform--perfDocDatePicker","searchOpenDialogs":true,"interaction":{"idSuffix":"inner"}},"clearTextFirst":true,"interactionType":"ENTER_TEXT"}]}
RESULT: undefined
COMMAND: POST /session/a5881d3eaca756d633e860ab0441a8d1/execute/async - {"script":"<script> [776 bytes]","args":[{"enterText":"20.00","selector":{"id":"application-managestatesandperformance-display-component---detailStateAndPerform--counterValue-input","searchOpenDialogs":true,"interaction":{"idSuffix":"inner"}},"clearTextFirst":true,"interactionType":"ENTER_TEXT"}]}
RESULT: {}
RESULT: {"script":"<script> [776 bytes]","args":[{"enterText":"20.00","selector":{"id":"application-managestatesandperformance-display-component---detailStateAndPerform--counterValue-input","searchOpenDialogs":true,"interaction":{"idSuffix":"inner"}},"clearTextFirst":true,"interactionType":"ENTER_TEXT"}]}
COMMAND: POST /session/a5881d3eaca756d633e860ab0441a8d1/actions - {"actions":[{"id":"action47","type":"key","parameters":{},"actions":[{"type":"keyDown","value":"î€„"},{"type":"keyDown","value":"î€„"},{"type":"pause","duration":10},{"type":"keyUp","value":"î€„"},{"type":"keyUp","value":"î€„"}]}]}
RESULT: {"actions":[{"id":"action47","type":"key","parameters":{},"actions":[{"type":"keyDown","value":"î€„"},{"type":"keyDown","value":"î€„"},{"type":"pause","duration":10},{"type":"keyUp","value":"î€„"},{"type":"keyUp","value":"î€„"}]}]}
COMMAND: POST /session/a5881d3eaca756d633e860ab0441a8d1/actions - {"actions":[{"id":"action48","type":"key","parameters":{},"actions":[{"type":"keyDown","value":"î€‡"},{"type":"pause","duration":10},{"type":"keyUp","value":"î€‡"}]}]}
COMMAND: GET /session/a5881d3eaca756d633e860ab0441a8d1/screenshot - {}
RESULT: {"actions":[{"id":"action48","type":"key","parameters":{},"actions":[{"type":"keyDown","value":"î€‡"},{"type":"pause","duration":10},{"type":"keyUp","value":"î€‡"}]}]}
RESULT: undefined
COMMAND: POST /session/a5881d3eaca756d633e860ab0441a8d1/element - {"using":"xpath","value":"//*[@id=\"__button564\"]"}
COMMAND: GET /session/a5881d3eaca756d633e860ab0441a8d1/screenshot - {}
RESULT: {}
RESULT: {"using":"xpath","value":"//*[@id=\"__button564\"]"}
COMMAND: POST /session/a5881d3eaca756d633e860ab0441a8d1/elements - {"using":"xpath","value":"//*[@id=\"__button564\"]"}
RESULT: {}
RESULT: {"using":"xpath","value":"//*[@id=\"__button564\"]"}
COMMAND: POST /session/a5881d3eaca756d633e860ab0441a8d1/elements - {"using":"xpath","value":"//*[@id=\"__button564\"]"}
RESULT: {"using":"xpath","value":"//*[@id=\"__button564\"]"}
COMMAND: POST /session/a5881d3eaca756d633e860ab0441a8d1/elements - {"using":"xpath","value":"//*[@id=\"__button564\"]"}
RESULT: {"using":"xpath","value":"//*[@id=\"__button564\"]"}
COMMAND: POST /session/a5881d3eaca756d633e860ab0441a8d1/elements - {"using":"xpath","value":"//*[@id=\"__button564\"]"}
RESULT: {"using":"xpath","value":"//*[@id=\"__button564\"]"}
COMMAND: POST /session/a5881d3eaca756d633e860ab0441a8d1/elements - {"using":"xpath","value":"//*[@id=\"__button564\"]"}
RESULT: {"using":"xpath","value":"//*[@id=\"__button564\"]"}
COMMAND: POST /session/a5881d3eaca756d633e860ab0441a8d1/elements - {"using":"xpath","value":"//*[@id=\"__button564\"]"}
RESULT: {"using":"xpath","value":"//*[@id=\"__button564\"]"}
COMMAND: POST /session/a5881d3eaca756d633e860ab0441a8d1/elements - {"using":"xpath","value":"//*[@id=\"__button564\"]"}
RESULT: {"using":"xpath","value":"//*[@id=\"__button564\"]"}
COMMAND: POST /session/a5881d3eaca756d633e860ab0441a8d1/elements - {"using":"xpath","value":"//*[@id=\"__button564\"]"}
RESULT: {"using":"xpath","value":"//*[@id=\"__button564\"]"}
COMMAND: POST /session/a5881d3eaca756d633e860ab0441a8d1/elements - {"using":"xpath","value":"//*[@id=\"__button564\"]"}
RESULT: {"using":"xpath","value":"//*[@id=\"__button564\"]"}
COMMAND: POST /session/a5881d3eaca756d633e860ab0441a8d1/elements - {"using":"xpath","value":"//*[@id=\"__button564\"]"}
RESULT: {"using":"xpath","value":"//*[@id=\"__button564\"]"}
COMMAND: POST /session/a5881d3eaca756d633e860ab0441a8d1/elements - {"using":"xpath","value":"//*[@id=\"__button564\"]"}
RESULT: {"using":"xpath","value":"//*[@id=\"__button564\"]"}
COMMAND: POST /session/a5881d3eaca756d633e860ab0441a8d1/elements - {"using":"xpath","value":"//*[@id=\"__button564\"]"}
RESULT: {"using":"xpath","value":"//*[@id=\"__button564\"]"}
COMMAND: POST /session/a5881d3eaca756d633e860ab0441a8d1/elements - {"using":"xpath","value":"//*[@id=\"__button564\"]"}
RESULT: {"using":"xpath","value":"//*[@id=\"__button564\"]"}
COMMAND: POST /session/a5881d3eaca756d633e860ab0441a8d1/elements - {"using":"xpath","value":"//*[@id=\"__button564\"]"}
RESULT: {"using":"xpath","value":"//*[@id=\"__button564\"]"}
COMMAND: POST /session/a5881d3eaca756d633e860ab0441a8d1/elements - {"using":"xpath","value":"//*[@id=\"__button564\"]"}
RESULT: {"using":"xpath","value":"//*[@id=\"__button564\"]"}
COMMAND: POST /session/a5881d3eaca756d633e860ab0441a8d1/elements - {"using":"xpath","value":"//*[@id=\"__button564\"]"}
RESULT: {"using":"xpath","value":"//*[@id=\"__button564\"]"}
COMMAND: POST /session/a5881d3eaca756d633e860ab0441a8d1/elements - {"using":"xpath","value":"//*[@id=\"__button564\"]"}
RESULT: {"using":"xpath","value":"//*[@id=\"__button564\"]"}
COMMAND: POST /session/a5881d3eaca756d633e860ab0441a8d1/elements - {"using":"xpath","value":"//*[@id=\"__button564\"]"}
RESULT: {"using":"xpath","value":"//*[@id=\"__button564\"]"}
COMMAND: POST /session/a5881d3eaca756d633e860ab0441a8d1/elements - {"using":"xpath","value":"//*[@id=\"__button564\"]"}
RESULT: {"using":"xpath","value":"//*[@id=\"__button564\"]"}
COMMAND: POST /session/a5881d3eaca756d633e860ab0441a8d1/elements - {"using":"xpath","value":"//*[@id=\"__button564\"]"}
RESULT: {"using":"xpath","value":"//*[@id=\"__button564\"]"}
COMMAND: POST /session/a5881d3eaca756d633e860ab0441a8d1/elements - {"using":"xpath","value":"//*[@id=\"__button564\"]"}
RESULT: {"using":"xpath","value":"//*[@id=\"__button564\"]"}
COMMAND: POST /session/a5881d3eaca756d633e860ab0441a8d1/elements - {"using":"xpath","value":"//*[@id=\"__button564\"]"}
RESULT: {"using":"xpath","value":"//*[@id=\"__button564\"]"}
COMMAND: POST /session/a5881d3eaca756d633e860ab0441a8d1/elements - {"using":"xpath","value":"//*[@id=\"__button564\"]"}
RESULT: {"using":"xpath","value":"//*[@id=\"__button564\"]"}
COMMAND: POST /session/a5881d3eaca756d633e860ab0441a8d1/elements - {"using":"xpath","value":"//*[@id=\"__button564\"]"}
RESULT: {"using":"xpath","value":"//*[@id=\"__button564\"]"}
COMMAND: POST /session/a5881d3eaca756d633e860ab0441a8d1/elements - {"using":"xpath","value":"//*[@id=\"__button564\"]"}
RESULT: {"using":"xpath","value":"//*[@id=\"__button564\"]"}
COMMAND: POST /session/a5881d3eaca756d633e860ab0441a8d1/elements - {"using":"xpath","value":"//*[@id=\"__button564\"]"}
RESULT: {"using":"xpath","value":"//*[@id=\"__button564\"]"}
COMMAND: POST /session/a5881d3eaca756d633e860ab0441a8d1/elements - {"using":"xpath","value":"//*[@id=\"__button564\"]"}
RESULT: {"using":"xpath","value":"//*[@id=\"__button564\"]"}
COMMAND: POST /session/a5881d3eaca756d633e860ab0441a8d1/elements - {"using":"xpath","value":"//*[@id=\"__button564\"]"}
RESULT: {"using":"xpath","value":"//*[@id=\"__button564\"]"}
COMMAND: POST /session/a5881d3eaca756d633e860ab0441a8d1/elements - {"using":"xpath","value":"//*[@id=\"__button564\"]"}
RESULT: {"using":"xpath","value":"//*[@id=\"__button564\"]"}
COMMAND: POST /session/a5881d3eaca756d633e860ab0441a8d1/elements - {"using":"xpath","value":"//*[@id=\"__button564\"]"}
RESULT: {"using":"xpath","value":"//*[@id=\"__button564\"]"}
COMMAND: POST /session/a5881d3eaca756d633e860ab0441a8d1/elements - {"using":"xpath","value":"//*[@id=\"__button564\"]"}
RESULT: {"using":"xpath","value":"//*[@id=\"__button564\"]"}
COMMAND: POST /session/a5881d3eaca756d633e860ab0441a8d1/elements - {"using":"xpath","value":"//*[@id=\"__button564\"]"}
RESULT: {"using":"xpath","value":"//*[@id=\"__button564\"]"}
COMMAND: POST /session/a5881d3eaca756d633e860ab0441a8d1/elements - {"using":"xpath","value":"//*[@id=\"__button564\"]"}
RESULT: {"using":"xpath","value":"//*[@id=\"__button564\"]"}
COMMAND: POST /session/a5881d3eaca756d633e860ab0441a8d1/elements - {"using":"xpath","value":"//*[@id=\"__button564\"]"}
RESULT: {"using":"xpath","value":"//*[@id=\"__button564\"]"}
COMMAND: POST /session/a5881d3eaca756d633e860ab0441a8d1/elements - {"using":"xpath","value":"//*[@id=\"__button564\"]"}
RESULT: {"using":"xpath","value":"//*[@id=\"__button564\"]"}
COMMAND: POST /session/a5881d3eaca756d633e860ab0441a8d1/elements - {"using":"xpath","value":"//*[@id=\"__button564\"]"}
RESULT: {"using":"xpath","value":"//*[@id=\"__button564\"]"}
COMMAND: POST /session/a5881d3eaca756d633e860ab0441a8d1/elements - {"using":"xpath","value":"//*[@id=\"__button564\"]"}
RESULT: {"using":"xpath","value":"//*[@id=\"__button564\"]"}
COMMAND: POST /session/a5881d3eaca756d633e860ab0441a8d1/elements - {"using":"xpath","value":"//*[@id=\"__button564\"]"}
RESULT: {"using":"xpath","value":"//*[@id=\"__button564\"]"}
COMMAND: POST /session/a5881d3eaca756d633e860ab0441a8d1/elements - {"using":"xpath","value":"//*[@id=\"__button564\"]"}
RESULT: {"using":"xpath","value":"//*[@id=\"__button564\"]"}
COMMAND: POST /session/a5881d3eaca756d633e860ab0441a8d1/elements - {"using":"xpath","value":"//*[@id=\"__button564\"]"}
RESULT: {"using":"xpath","value":"//*[@id=\"__button564\"]"}
COMMAND: POST /session/a5881d3eaca756d633e860ab0441a8d1/elements - {"using":"xpath","value":"//*[@id=\"__button564\"]"}
RESULT: {"using":"xpath","value":"//*[@id=\"__button564\"]"}
COMMAND: POST /session/a5881d3eaca756d633e860ab0441a8d1/elements - {"using":"xpath","value":"//*[@id=\"__button564\"]"}
RESULT: {"using":"xpath","value":"//*[@id=\"__button564\"]"}
COMMAND: POST /session/a5881d3eaca756d633e860ab0441a8d1/elements - {"using":"xpath","value":"//*[@id=\"__button564\"]"}
RESULT: {"using":"xpath","value":"//*[@id=\"__button564\"]"}
COMMAND: POST /session/a5881d3eaca756d633e860ab0441a8d1/elements - {"using":"xpath","value":"//*[@id=\"__button564\"]"}
RESULT: {"using":"xpath","value":"//*[@id=\"__button564\"]"}
COMMAND: POST /session/a5881d3eaca756d633e860ab0441a8d1/elements - {"using":"xpath","value":"//*[@id=\"__button564\"]"}
RESULT: {"using":"xpath","value":"//*[@id=\"__button564\"]"}
COMMAND: POST /session/a5881d3eaca756d633e860ab0441a8d1/elements - {"using":"xpath","value":"//*[@id=\"__button564\"]"}
RESULT: {"using":"xpath","value":"//*[@id=\"__button564\"]"}
COMMAND: POST /session/a5881d3eaca756d633e860ab0441a8d1/elements - {"using":"xpath","value":"//*[@id=\"__button564\"]"}
RESULT: {"using":"xpath","value":"//*[@id=\"__button564\"]"}
COMMAND: POST /session/a5881d3eaca756d633e860ab0441a8d1/elements - {"using":"xpath","value":"//*[@id=\"__button564\"]"}
RESULT: {"using":"xpath","value":"//*[@id=\"__button564\"]"}
COMMAND: POST /session/a5881d3eaca756d633e860ab0441a8d1/elements - {"using":"xpath","value":"//*[@id=\"__button564\"]"}
RESULT: {"using":"xpath","value":"//*[@id=\"__button564\"]"}
COMMAND: POST /session/a5881d3eaca756d633e860ab0441a8d1/elements - {"using":"xpath","value":"//*[@id=\"__button564\"]"}
RESULT: {"using":"xpath","value":"//*[@id=\"__button564\"]"}
COMMAND: POST /session/a5881d3eaca756d633e860ab0441a8d1/elements - {"using":"xpath","value":"//*[@id=\"__button564\"]"}
RESULT: {"using":"xpath","value":"//*[@id=\"__button564\"]"}
COMMAND: POST /session/a5881d3eaca756d633e860ab0441a8d1/elements - {"using":"xpath","value":"//*[@id=\"__button564\"]"}
RESULT: {"using":"xpath","value":"//*[@id=\"__button564\"]"}
COMMAND: POST /session/a5881d3eaca756d633e860ab0441a8d1/elements - {"using":"xpath","value":"//*[@id=\"__button564\"]"}
RESULT: {"using":"xpath","value":"//*[@id=\"__button564\"]"}
COMMAND: POST /session/a5881d3eaca756d633e860ab0441a8d1/elements - {"using":"xpath","value":"//*[@id=\"__button564\"]"}
RESULT: {"using":"xpath","value":"//*[@id=\"__button564\"]"}
COMMAND: POST /session/a5881d3eaca756d633e860ab0441a8d1/elements - {"using":"xpath","value":"//*[@id=\"__button564\"]"}
RESULT: {"using":"xpath","value":"//*[@id=\"__button564\"]"}
COMMAND: POST /session/a5881d3eaca756d633e860ab0441a8d1/elements - {"using":"xpath","value":"//*[@id=\"__button564\"]"}
RESULT: {"using":"xpath","value":"//*[@id=\"__button564\"]"}
COMMAND: POST /session/a5881d3eaca756d633e860ab0441a8d1/elements - {"using":"xpath","value":"//*[@id=\"__button564\"]"}
RESULT: {"using":"xpath","value":"//*[@id=\"__button564\"]"}
COMMAND: POST /session/a5881d3eaca756d633e860ab0441a8d1/elements - {"using":"xpath","value":"//*[@id=\"__button564\"]"}
RESULT: {"using":"xpath","value":"//*[@id=\"__button564\"]"}
COMMAND: POST /session/a5881d3eaca756d633e860ab0441a8d1/elements - {"using":"xpath","value":"//*[@id=\"__button564\"]"}
RESULT: {"using":"xpath","value":"//*[@id=\"__button564\"]"}
COMMAND: POST /session/a5881d3eaca756d633e860ab0441a8d1/elements - {"using":"xpath","value":"//*[@id=\"__button564\"]"}
RESULT: {"using":"xpath","value":"//*[@id=\"__button564\"]"}
COMMAND: POST /session/a5881d3eaca756d633e860ab0441a8d1/elements - {"using":"xpath","value":"//*[@id=\"__button564\"]"}
RESULT: {"using":"xpath","value":"//*[@id=\"__button564\"]"}
COMMAND: POST /session/a5881d3eaca756d633e860ab0441a8d1/elements - {"using":"xpath","value":"//*[@id=\"__button564\"]"}
RESULT: {"using":"xpath","value":"//*[@id=\"__button564\"]"}
COMMAND: POST /session/a5881d3eaca756d633e860ab0441a8d1/elements - {"using":"xpath","value":"//*[@id=\"__button564\"]"}
RESULT: {"using":"xpath","value":"//*[@id=\"__button564\"]"}
COMMAND: POST /session/a5881d3eaca756d633e860ab0441a8d1/elements - {"using":"xpath","value":"//*[@id=\"__button564\"]"}
RESULT: {"using":"xpath","value":"//*[@id=\"__button564\"]"}
COMMAND: POST /session/a5881d3eaca756d633e860ab0441a8d1/elements - {"using":"xpath","value":"//*[@id=\"__button564\"]"}
RESULT: {"using":"xpath","value":"//*[@id=\"__button564\"]"}
COMMAND: POST /session/a5881d3eaca756d633e860ab0441a8d1/elements - {"using":"xpath","value":"//*[@id=\"__button564\"]"}
RESULT: {"using":"xpath","value":"//*[@id=\"__button564\"]"}
COMMAND: POST /session/a5881d3eaca756d633e860ab0441a8d1/elements - {"using":"xpath","value":"//*[@id=\"__button564\"]"}
RESULT: {"using":"xpath","value":"//*[@id=\"__button564\"]"}
COMMAND: POST /session/a5881d3eaca756d633e860ab0441a8d1/elements - {"using":"xpath","value":"//*[@id=\"__button564\"]"}
RESULT: {"using":"xpath","value":"//*[@id=\"__button564\"]"}
COMMAND: POST /session/a5881d3eaca756d633e860ab0441a8d1/elements - {"using":"xpath","value":"//*[@id=\"__button564\"]"}
RESULT: {"using":"xpath","value":"//*[@id=\"__button564\"]"}
COMMAND: POST /session/a5881d3eaca756d633e860ab0441a8d1/elements - {"using":"xpath","value":"//*[@id=\"__button564\"]"}
RESULT: {"using":"xpath","value":"//*[@id=\"__button564\"]"}
COMMAND: POST /session/a5881d3eaca756d633e860ab0441a8d1/elements - {"using":"xpath","value":"//*[@id=\"__button564\"]"}
RESULT: {"using":"xpath","value":"//*[@id=\"__button564\"]"}
COMMAND: POST /session/a5881d3eaca756d633e860ab0441a8d1/elements - {"using":"xpath","value":"//*[@id=\"__button564\"]"}
RESULT: {"using":"xpath","value":"//*[@id=\"__button564\"]"}
COMMAND: POST /session/a5881d3eaca756d633e860ab0441a8d1/elements - {"using":"xpath","value":"//*[@id=\"__button564\"]"}
RESULT: {"using":"xpath","value":"//*[@id=\"__button564\"]"}
COMMAND: POST /session/a5881d3eaca756d633e860ab0441a8d1/elements - {"using":"xpath","value":"//*[@id=\"__button564\"]"}
RESULT: {"using":"xpath","value":"//*[@id=\"__button564\"]"}
COMMAND: POST /session/a5881d3eaca756d633e860ab0441a8d1/elements - {"using":"xpath","value":"//*[@id=\"__button564\"]"}
RESULT: {"using":"xpath","value":"//*[@id=\"__button564\"]"}
COMMAND: POST /session/a5881d3eaca756d633e860ab0441a8d1/elements - {"using":"xpath","value":"//*[@id=\"__button564\"]"}
RESULT: {"using":"xpath","value":"//*[@id=\"__button564\"]"}
COMMAND: POST /session/a5881d3eaca756d633e860ab0441a8d1/elements - {"using":"xpath","value":"//*[@id=\"__button564\"]"}
RESULT: {"using":"xpath","value":"//*[@id=\"__button564\"]"}
COMMAND: POST /session/a5881d3eaca756d633e860ab0441a8d1/elements - {"using":"xpath","value":"//*[@id=\"__button564\"]"}
RESULT: {"using":"xpath","value":"//*[@id=\"__button564\"]"}
COMMAND: POST /session/a5881d3eaca756d633e860ab0441a8d1/elements - {"using":"xpath","value":"//*[@id=\"__button564\"]"}
RESULT: {"using":"xpath","value":"//*[@id=\"__button564\"]"}
COMMAND: POST /session/a5881d3eaca756d633e860ab0441a8d1/elements - {"using":"xpath","value":"//*[@id=\"__button564\"]"}
RESULT: {"using":"xpath","value":"//*[@id=\"__button564\"]"}
COMMAND: POST /session/a5881d3eaca756d633e860ab0441a8d1/elements - {"using":"xpath","value":"//*[@id=\"__button564\"]"}
RESULT: {"using":"xpath","value":"//*[@id=\"__button564\"]"}
COMMAND: POST /session/a5881d3eaca756d633e860ab0441a8d1/elements - {"using":"xpath","value":"//*[@id=\"__button564\"]"}
RESULT: {"using":"xpath","value":"//*[@id=\"__button564\"]"}
COMMAND: POST /session/a5881d3eaca756d633e860ab0441a8d1/elements - {"using":"xpath","value":"//*[@id=\"__button564\"]"}
RESULT: {"using":"xpath","value":"//*[@id=\"__button564\"]"}
COMMAND: POST /session/a5881d3eaca756d633e860ab0441a8d1/elements - {"using":"xpath","value":"//*[@id=\"__button564\"]"}
RESULT: {"using":"xpath","value":"//*[@id=\"__button564\"]"}
COMMAND: POST /session/a5881d3eaca756d633e860ab0441a8d1/elements - {"using":"xpath","value":"//*[@id=\"__button564\"]"}
RESULT: {"using":"xpath","value":"//*[@id=\"__button564\"]"}
COMMAND: POST /session/a5881d3eaca756d633e860ab0441a8d1/elements - {"using":"xpath","value":"//*[@id=\"__button564\"]"}
RESULT: {"using":"xpath","value":"//*[@id=\"__button564\"]"}
COMMAND: POST /session/a5881d3eaca756d633e860ab0441a8d1/elements - {"using":"xpath","value":"//*[@id=\"__button564\"]"}
RESULT: {"using":"xpath","value":"//*[@id=\"__button564\"]"}
COMMAND: POST /session/a5881d3eaca756d633e860ab0441a8d1/elements - {"using":"xpath","value":"//*[@id=\"__button564\"]"}
RESULT: {"using":"xpath","value":"//*[@id=\"__button564\"]"}
COMMAND: POST /session/a5881d3eaca756d633e860ab0441a8d1/elements - {"using":"xpath","value":"//*[@id=\"__button564\"]"}
RESULT: {"using":"xpath","value":"//*[@id=\"__button564\"]"}
COMMAND: POST /session/a5881d3eaca756d633e860ab0441a8d1/elements - {"using":"xpath","value":"//*[@id=\"__button564\"]"}
RESULT: {"using":"xpath","value":"//*[@id=\"__button564\"]"}
COMMAND: POST /session/a5881d3eaca756d633e860ab0441a8d1/elements - {"using":"xpath","value":"//*[@id=\"__button564\"]"}
RESULT: {"using":"xpath","value":"//*[@id=\"__button564\"]"}
COMMAND: POST /session/a5881d3eaca756d633e860ab0441a8d1/elements - {"using":"xpath","value":"//*[@id=\"__button564\"]"}
RESULT: {"using":"xpath","value":"//*[@id=\"__button564\"]"}
COMMAND: POST /session/a5881d3eaca756d633e860ab0441a8d1/elements - {"using":"xpath","value":"//*[@id=\"__button564\"]"}
RESULT: {"using":"xpath","value":"//*[@id=\"__button564\"]"}
COMMAND: POST /session/a5881d3eaca756d633e860ab0441a8d1/elements - {"using":"xpath","value":"//*[@id=\"__button564\"]"}
RESULT: {"using":"xpath","value":"//*[@id=\"__button564\"]"}
COMMAND: POST /session/a5881d3eaca756d633e860ab0441a8d1/elements - {"using":"xpath","value":"//*[@id=\"__button564\"]"}
RESULT: {"using":"xpath","value":"//*[@id=\"__button564\"]"}
COMMAND: POST /session/a5881d3eaca756d633e860ab0441a8d1/elements - {"using":"xpath","value":"//*[@id=\"__button564\"]"}
RESULT: {"using":"xpath","value":"//*[@id=\"__button564\"]"}
COMMAND: POST /session/a5881d3eaca756d633e860ab0441a8d1/elements - {"using":"xpath","value":"//*[@id=\"__button564\"]"}
RESULT: {"using":"xpath","value":"//*[@id=\"__button564\"]"}
COMMAND: POST /session/a5881d3eaca756d633e860ab0441a8d1/elements - {"using":"xpath","value":"//*[@id=\"__button564\"]"}
RESULT: {"using":"xpath","value":"//*[@id=\"__button564\"]"}
COMMAND: POST /session/a5881d3eaca756d633e860ab0441a8d1/elements - {"using":"xpath","value":"//*[@id=\"__button564\"]"}
RESULT: {"using":"xpath","value":"//*[@id=\"__button564\"]"}
COMMAND: POST /session/a5881d3eaca756d633e860ab0441a8d1/elements - {"using":"xpath","value":"//*[@id=\"__button564\"]"}
RESULT: {"using":"xpath","value":"//*[@id=\"__button564\"]"}
COMMAND: POST /session/a5881d3eaca756d633e860ab0441a8d1/elements - {"using":"xpath","value":"//*[@id=\"__button564\"]"}
RESULT: {"using":"xpath","value":"//*[@id=\"__button564\"]"}
COMMAND: POST /session/a5881d3eaca756d633e860ab0441a8d1/elements - {"using":"xpath","value":"//*[@id=\"__button564\"]"}
RESULT: {"using":"xpath","value":"//*[@id=\"__button564\"]"}
COMMAND: POST /session/a5881d3eaca756d633e860ab0441a8d1/elements - {"using":"xpath","value":"//*[@id=\"__button564\"]"}
RESULT: {"using":"xpath","value":"//*[@id=\"__button564\"]"}
COMMAND: POST /session/a5881d3eaca756d633e860ab0441a8d1/elements - {"using":"xpath","value":"//*[@id=\"__button564\"]"}
RESULT: {"using":"xpath","value":"//*[@id=\"__button564\"]"}
COMMAND: POST /session/a5881d3eaca756d633e860ab0441a8d1/elements - {"using":"xpath","value":"//*[@id=\"__button564\"]"}
RESULT: {"using":"xpath","value":"//*[@id=\"__button564\"]"}
COMMAND: POST /session/a5881d3eaca756d633e860ab0441a8d1/elements - {"using":"xpath","value":"//*[@id=\"__button564\"]"}
RESULT: {"using":"xpath","value":"//*[@id=\"__button564\"]"}
COMMAND: POST /session/a5881d3eaca756d633e860ab0441a8d1/elements - {"using":"xpath","value":"//*[@id=\"__button564\"]"}
RESULT: {"using":"xpath","value":"//*[@id=\"__button564\"]"}
COMMAND: POST /session/a5881d3eaca756d633e860ab0441a8d1/elements - {"using":"xpath","value":"//*[@id=\"__button564\"]"}
RESULT: {"using":"xpath","value":"//*[@id=\"__button564\"]"}
COMMAND: POST /session/a5881d3eaca756d633e860ab0441a8d1/elements - {"using":"xpath","value":"//*[@id=\"__button564\"]"}
RESULT: {"using":"xpath","value":"//*[@id=\"__button564\"]"}
COMMAND: POST /session/a5881d3eaca756d633e860ab0441a8d1/elements - {"using":"xpath","value":"//*[@id=\"__button564\"]"}
RESULT: {"using":"xpath","value":"//*[@id=\"__button564\"]"}
COMMAND: POST /session/a5881d3eaca756d633e860ab0441a8d1/elements - {"using":"xpath","value":"//*[@id=\"__button564\"]"}
RESULT: {"using":"xpath","value":"//*[@id=\"__button564\"]"}
COMMAND: POST /session/a5881d3eaca756d633e860ab0441a8d1/elements - {"using":"xpath","value":"//*[@id=\"__button564\"]"}
RESULT: {"using":"xpath","value":"//*[@id=\"__button564\"]"}
COMMAND: POST /session/a5881d3eaca756d633e860ab0441a8d1/elements - {"using":"xpath","value":"//*[@id=\"__button564\"]"}
RESULT: {"using":"xpath","value":"//*[@id=\"__button564\"]"}
COMMAND: POST /session/a5881d3eaca756d633e860ab0441a8d1/elements - {"using":"xpath","value":"//*[@id=\"__button564\"]"}
RESULT: {"using":"xpath","value":"//*[@id=\"__button564\"]"}
COMMAND: POST /session/a5881d3eaca756d633e860ab0441a8d1/elements - {"using":"xpath","value":"//*[@id=\"__button564\"]"}
RESULT: {"using":"xpath","value":"//*[@id=\"__button564\"]"}
COMMAND: POST /session/a5881d3eaca756d633e860ab0441a8d1/elements - {"using":"xpath","value":"//*[@id=\"__button564\"]"}
RESULT: {"using":"xpath","value":"//*[@id=\"__button564\"]"}
COMMAND: POST /session/a5881d3eaca756d633e860ab0441a8d1/elements - {"using":"xpath","value":"//*[@id=\"__button564\"]"}
RESULT: {"using":"xpath","value":"//*[@id=\"__button564\"]"}
COMMAND: POST /session/a5881d3eaca756d633e860ab0441a8d1/elements - {"using":"xpath","value":"//*[@id=\"__button564\"]"}
RESULT: {"using":"xpath","value":"//*[@id=\"__button564\"]"}
COMMAND: POST /session/a5881d3eaca756d633e860ab0441a8d1/elements - {"using":"xpath","value":"//*[@id=\"__button564\"]"}
RESULT: {"using":"xpath","value":"//*[@id=\"__button564\"]"}
COMMAND: POST /session/a5881d3eaca756d633e860ab0441a8d1/elements - {"using":"xpath","value":"//*[@id=\"__button564\"]"}
RESULT: {"using":"xpath","value":"//*[@id=\"__button564\"]"}
COMMAND: POST /session/a5881d3eaca756d633e860ab0441a8d1/elements - {"using":"xpath","value":"//*[@id=\"__button564\"]"}
COMMAND: POST /session/a5881d3eaca756d633e860ab0441a8d1/element - {"using":"css selector","value":"#shell-header-logo"}
RESULT: {"using":"xpath","value":"//*[@id=\"__button564\"]"}
RESULT: {"using":"css selector","value":"#shell-header-logo"}
COMMAND: POST /session/a5881d3eaca756d633e860ab0441a8d1/execute/sync - {"script":"<script> [8489 bytes]","args":[{"element-6066-11e4-a52e-4f735466cecf":"f.70EA98C12271B5C153327B12E8209453.d.653B5BFBCEADA99B387E03400CB55051.e.13591","ELEMENT":"f.70EA98C12271B5C153327B12E8209453.d.653B5BFBCEADA99B387E03400CB55051.e.13591"}]}
RESULT: {"script":"<script> [8489 bytes]","args":[{"element-6066-11e4-a52e-4f735466cecf":"f.70EA98C12271B5C153327B12E8209453.d.653B5BFBCEADA99B387E03400CB55051.e.13591","ELEMENT":"f.70EA98C12271B5C153327B12E8209453.d.653B5BFBCEADA99B387E03400CB55051.e.13591"}]}
COMMAND: POST /session/a5881d3eaca756d633e860ab0441a8d1/execute/sync - {"script":"<script> [5351 bytes]","args":[{"element-6066-11e4-a52e-4f735466cecf":"f.70EA98C12271B5C153327B12E8209453.d.653B5BFBCEADA99B387E03400CB55051.e.13591","ELEMENT":"f.70EA98C12271B5C153327B12E8209453.d.653B5BFBCEADA99B387E03400CB55051.e.13591"}]}
COMMAND: GET /session/a5881d3eaca756d633e860ab0441a8d1/screenshot - {}
RESULT: {"script":"<script> [5351 bytes]","args":[{"element-6066-11e4-a52e-4f735466cecf":"f.70EA98C12271B5C153327B12E8209453.d.653B5BFBCEADA99B387E03400CB55051.e.13591","ELEMENT":"f.70EA98C12271B5C153327B12E8209453.d.653B5BFBCEADA99B387E03400CB55051.e.13591"}]}
COMMAND: POST /session/a5881d3eaca756d633e860ab0441a8d1/element/f.70EA98C12271B5C153327B12E8209453.d.653B5BFBCEADA99B387E03400CB55051.e.13591/click - {}
COMMAND: GET /session/a5881d3eaca756d633e860ab0441a8d1/screenshot - {}
RESULT: {}
RESULT: {}
]]></system-out>
    </testcase>
    <testcase classname="chrome.135_0_7049_96.windows.Create_master_data_for_mixed_billing_&amp;_do_billing_calculation_US151661" name="Should go to Manage Billings and trigger calculation check the conditions applied" time="57.162">
      <system-out><![CDATA[
COMMAND: POST /session/a5881d3eaca756d633e860ab0441a8d1/execute/async - {"script":"<script> [1562 bytes]","args":[{"selector":{"controlType":"sap.m.GenericTile","properties":{"header":"Manage Billings"}},"wdio_ui5_key":"sapm.GenericTile{\"header\":\"Manage Billings\"}"}]}
COMMAND: GET /session/a5881d3eaca756d633e860ab0441a8d1/screenshot - {}
RESULT: {}
RESULT: {"script":"<script> [1562 bytes]","args":[{"selector":{"controlType":"sap.m.GenericTile","properties":{"header":"Manage Billings"}},"wdio_ui5_key":"sapm.GenericTile{\"header\":\"Manage Billings\"}"}]}
RESULT: undefined
COMMAND: POST /session/a5881d3eaca756d633e860ab0441a8d1/element - {"using":"xpath","value":"//*[@id=\"__tile51\"]"}
RESULT: {}
RESULT: {"using":"xpath","value":"//*[@id=\"__tile51\"]"}
COMMAND: POST /session/a5881d3eaca756d633e860ab0441a8d1/element/f.70EA98C12271B5C153327B12E8209453.d.653B5BFBCEADA99B387E03400CB55051.e.6208/click - {}
RESULT: {}
COMMAND: GET /session/a5881d3eaca756d633e860ab0441a8d1/screenshot - {}
COMMAND: POST /session/a5881d3eaca756d633e860ab0441a8d1/execute/async - {"script":"<script> [1562 bytes]","args":[{"selector":{"id":"application-managebillings-display-component---billRunCalcResult--smartFilterBar-btnBasicSearch","interaction":{"idSuffix":"I"}},"wdio_ui5_key":"applicationmanagebillings-display-component---billRunCalcResult--smartFilterBar-btnBasicSearch"}]}
RESULT: {}
RESULT: {"script":"<script> [1562 bytes]","args":[{"selector":{"id":"application-managebillings-display-component---billRunCalcResult--smartFilterBar-btnBasicSearch","interaction":{"idSuffix":"I"}},"wdio_ui5_key":"applicationmanagebillings-display-component---billRunCalcResult--smartFilterBar-btnBasicSearch"}]}
RESULT: undefined
COMMAND: POST /session/a5881d3eaca756d633e860ab0441a8d1/execute/async - {"script":"<script> [776 bytes]","args":[{"enterText":"10418","selector":{"id":"application-managebillings-display-component---billRunCalcResult--smartFilterBar-btnBasicSearch","interaction":{"idSuffix":"I"}},"clearTextFirst":true,"interactionType":"ENTER_TEXT"}]}
RESULT: {"script":"<script> [776 bytes]","args":[{"enterText":"10418","selector":{"id":"application-managebillings-display-component---billRunCalcResult--smartFilterBar-btnBasicSearch","interaction":{"idSuffix":"I"}},"clearTextFirst":true,"interactionType":"ENTER_TEXT"}]}
COMMAND: POST /session/a5881d3eaca756d633e860ab0441a8d1/actions - {"actions":[{"id":"action49","type":"key","parameters":{},"actions":[{"type":"keyDown","value":"î€‡"},{"type":"pause","duration":10},{"type":"keyUp","value":"î€‡"}]}]}
RESULT: {"actions":[{"id":"action49","type":"key","parameters":{},"actions":[{"type":"keyDown","value":"î€‡"},{"type":"pause","duration":10},{"type":"keyUp","value":"î€‡"}]}]}
COMMAND: GET /session/a5881d3eaca756d633e860ab0441a8d1/screenshot - {}
RESULT: {}
COMMAND: POST /session/a5881d3eaca756d633e860ab0441a8d1/element - {"using":"xpath","value":"//td[@aria-colindex=\"1\"]/div/div[contains(@class, \"sapMCbBg\")]"}
RESULT: {"using":"xpath","value":"//td[@aria-colindex=\"1\"]/div/div[contains(@class, \"sapMCbBg\")]"}
COMMAND: POST /session/a5881d3eaca756d633e860ab0441a8d1/element/f.70EA98C12271B5C153327B12E8209453.d.653B5BFBCEADA99B387E03400CB55051.e.13988/click - {}
RESULT: {}
COMMAND: GET /session/a5881d3eaca756d633e860ab0441a8d1/screenshot - {}
RESULT: {}
COMMAND: POST /session/a5881d3eaca756d633e860ab0441a8d1/execute/async - {"script":"<script> [1562 bytes]","args":[{"selector":{"id":"application-managebillings-display-component---billRunCalcResult--contractBillRunDate","interaction":{"idSuffix":"inner"}},"wdio_ui5_key":"applicationmanagebillings-display-component---billRunCalcResult--contractBillRunDate"}]}
RESULT: {"script":"<script> [1562 bytes]","args":[{"selector":{"id":"application-managebillings-display-component---billRunCalcResult--contractBillRunDate","interaction":{"idSuffix":"inner"}},"wdio_ui5_key":"applicationmanagebillings-display-component---billRunCalcResult--contractBillRunDate"}]}
RESULT: undefined
COMMAND: POST /session/a5881d3eaca756d633e860ab0441a8d1/execute/async - {"script":"<script> [776 bytes]","args":[{"enterText":"05/30/25","selector":{"id":"application-managebillings-display-component---billRunCalcResult--contractBillRunDate","interaction":{"idSuffix":"inner"}},"clearTextFirst":true,"interactionType":"ENTER_TEXT"}]}
RESULT: {"script":"<script> [776 bytes]","args":[{"enterText":"05/30/25","selector":{"id":"application-managebillings-display-component---billRunCalcResult--contractBillRunDate","interaction":{"idSuffix":"inner"}},"clearTextFirst":true,"interactionType":"ENTER_TEXT"}]}
COMMAND: POST /session/a5881d3eaca756d633e860ab0441a8d1/element - {"using":"xpath","value":"//bdi[contains(text(), \"Trigger Calculation\")]"}
RESULT: {"using":"xpath","value":"//bdi[contains(text(), \"Trigger Calculation\")]"}
COMMAND: POST /session/a5881d3eaca756d633e860ab0441a8d1/element/f.70EA98C12271B5C153327B12E8209453.d.653B5BFBCEADA99B387E03400CB55051.e.14038/click - {}
RESULT: {}
COMMAND: GET /session/a5881d3eaca756d633e860ab0441a8d1/screenshot - {}
RESULT: {}
COMMAND: POST /session/a5881d3eaca756d633e860ab0441a8d1/element - {"using":"xpath","value":"(//span[contains(@id, \"imgNav\")])[1]"}
RESULT: {"using":"xpath","value":"(//span[contains(@id, \"imgNav\")])[1]"}
COMMAND: POST /session/a5881d3eaca756d633e860ab0441a8d1/element/f.70EA98C12271B5C153327B12E8209453.d.653B5BFBCEADA99B387E03400CB55051.e.13989/click - {}
RESULT: {}
COMMAND: GET /session/a5881d3eaca756d633e860ab0441a8d1/screenshot - {}
RESULT: {}
COMMAND: POST /session/a5881d3eaca756d633e860ab0441a8d1/element - {"using":"xpath","value":"//tr/td[6]/div[1]/span[1]/span[1]"}
RESULT: {"using":"xpath","value":"//tr/td[6]/div[1]/span[1]/span[1]"}
COMMAND: GET /session/a5881d3eaca756d633e860ab0441a8d1/element/f.70EA98C12271B5C153327B12E8209453.d.653B5BFBCEADA99B387E03400CB55051.e.14043/text - {}
RESULT: {}
COMMAND: POST /session/a5881d3eaca756d633e860ab0441a8d1/element - {"using":"xpath","value":"(//span[contains(@id, \"imgNav\")])[2]"}
RESULT: {"using":"xpath","value":"(//span[contains(@id, \"imgNav\")])[2]"}
COMMAND: POST /session/a5881d3eaca756d633e860ab0441a8d1/element/f.70EA98C12271B5C153327B12E8209453.d.653B5BFBCEADA99B387E03400CB55051.e.14044/click - {}
RESULT: {}
COMMAND: POST /session/a5881d3eaca756d633e860ab0441a8d1/element - {"using":"xpath","value":"//bdi[contains(text(), \"Business Confirm\")]"}
COMMAND: GET /session/a5881d3eaca756d633e860ab0441a8d1/screenshot - {}
RESULT: {"using":"xpath","value":"//bdi[contains(text(), \"Business Confirm\")]"}
COMMAND: POST /session/a5881d3eaca756d633e860ab0441a8d1/elements - {"using":"xpath","value":"//bdi[contains(text(), \"Business Confirm\")]"}
RESULT: {}
RESULT: {"using":"xpath","value":"//bdi[contains(text(), \"Business Confirm\")]"}
COMMAND: POST /session/a5881d3eaca756d633e860ab0441a8d1/element - {"using":"xpath","value":"//bdi[contains(text(), \"Business Confirm\")]"}
RESULT: {"using":"xpath","value":"//bdi[contains(text(), \"Business Confirm\")]"}
COMMAND: POST /session/a5881d3eaca756d633e860ab0441a8d1/element/f.70EA98C12271B5C153327B12E8209453.d.653B5BFBCEADA99B387E03400CB55051.e.14118/click - {}
RESULT: {}
COMMAND: POST /session/a5881d3eaca756d633e860ab0441a8d1/element - {"using":"css selector","value":"#shell-header-logo"}
COMMAND: GET /session/a5881d3eaca756d633e860ab0441a8d1/screenshot - {}
RESULT: {"using":"css selector","value":"#shell-header-logo"}
COMMAND: POST /session/a5881d3eaca756d633e860ab0441a8d1/element/f.70EA98C12271B5C153327B12E8209453.d.653B5BFBCEADA99B387E03400CB55051.e.13778/click - {}
RESULT: {}
RESULT: {}
COMMAND: GET /session/a5881d3eaca756d633e860ab0441a8d1/screenshot - {}
RESULT: {}
COMMAND: POST /session/a5881d3eaca756d633e860ab0441a8d1/element - {"using":"css selector","value":"#j_username"}
COMMAND: POST /session/a5881d3eaca756d633e860ab0441a8d1/url - {"url":"https://qa-testing-00-live-etm-ui.cfapps.eu10-004.hana.ondemand.com/"}
RESULT: {"using":"css selector","value":"#j_username"}
COMMAND: POST /session/a5881d3eaca756d633e860ab0441a8d1/element - {"using":"css selector","value":"#j_username"}
RESULT: {"url":"https://qa-testing-00-live-etm-ui.cfapps.eu10-004.hana.ondemand.com/"}
RESULT: undefined
COMMAND: GET /session/a5881d3eaca756d633e860ab0441a8d1/screenshot - {}
RESULT: {"using":"css selector","value":"#j_username"}
COMMAND: POST /session/a5881d3eaca756d633e860ab0441a8d1/element - {"using":"css selector","value":"#shell-header-logo"}
RESULT: {}
RESULT: {"using":"css selector","value":"#shell-header-logo"}
COMMAND: POST /session/a5881d3eaca756d633e860ab0441a8d1/execute/sync - {"script":"<script> [8489 bytes]","args":[{"element-6066-11e4-a52e-4f735466cecf":"f.70EA98C12271B5C153327B12E8209453.d.717ECC7DD7F6D34D7A461C2397FDD2EE.e.14138","ELEMENT":"f.70EA98C12271B5C153327B12E8209453.d.717ECC7DD7F6D34D7A461C2397FDD2EE.e.14138"}]}
RESULT: {"script":"<script> [8489 bytes]","args":[{"element-6066-11e4-a52e-4f735466cecf":"f.70EA98C12271B5C153327B12E8209453.d.717ECC7DD7F6D34D7A461C2397FDD2EE.e.14138","ELEMENT":"f.70EA98C12271B5C153327B12E8209453.d.717ECC7DD7F6D34D7A461C2397FDD2EE.e.14138"}]}
COMMAND: POST /session/a5881d3eaca756d633e860ab0441a8d1/element - {"using":"css selector","value":"#shell-header-logo"}
COMMAND: GET /session/a5881d3eaca756d633e860ab0441a8d1/screenshot - {}
RESULT: {"using":"css selector","value":"#shell-header-logo"}
COMMAND: POST /session/a5881d3eaca756d633e860ab0441a8d1/execute/sync - {"script":"<script> [8489 bytes]","args":[{"element-6066-11e4-a52e-4f735466cecf":"f.70EA98C12271B5C153327B12E8209453.d.717ECC7DD7F6D34D7A461C2397FDD2EE.e.14138","ELEMENT":"f.70EA98C12271B5C153327B12E8209453.d.717ECC7DD7F6D34D7A461C2397FDD2EE.e.14138"}]}
RESULT: {}
RESULT: {"script":"<script> [8489 bytes]","args":[{"element-6066-11e4-a52e-4f735466cecf":"f.70EA98C12271B5C153327B12E8209453.d.717ECC7DD7F6D34D7A461C2397FDD2EE.e.14138","ELEMENT":"f.70EA98C12271B5C153327B12E8209453.d.717ECC7DD7F6D34D7A461C2397FDD2EE.e.14138"}]}
COMMAND: POST /session/a5881d3eaca756d633e860ab0441a8d1/execute/sync - {"script":"<script> [5351 bytes]","args":[{"element-6066-11e4-a52e-4f735466cecf":"f.70EA98C12271B5C153327B12E8209453.d.717ECC7DD7F6D34D7A461C2397FDD2EE.e.14138","ELEMENT":"f.70EA98C12271B5C153327B12E8209453.d.717ECC7DD7F6D34D7A461C2397FDD2EE.e.14138"}]}
COMMAND: GET /session/a5881d3eaca756d633e860ab0441a8d1/screenshot - {}
RESULT: {"script":"<script> [5351 bytes]","args":[{"element-6066-11e4-a52e-4f735466cecf":"f.70EA98C12271B5C153327B12E8209453.d.717ECC7DD7F6D34D7A461C2397FDD2EE.e.14138","ELEMENT":"f.70EA98C12271B5C153327B12E8209453.d.717ECC7DD7F6D34D7A461C2397FDD2EE.e.14138"}]}
COMMAND: POST /session/a5881d3eaca756d633e860ab0441a8d1/element - {"using":"css selector","value":"#shell-header-logo"}
COMMAND: GET /session/a5881d3eaca756d633e860ab0441a8d1/screenshot - {}
RESULT: {}
RESULT: {"using":"css selector","value":"#shell-header-logo"}
COMMAND: POST /session/a5881d3eaca756d633e860ab0441a8d1/element/f.70EA98C12271B5C153327B12E8209453.d.717ECC7DD7F6D34D7A461C2397FDD2EE.e.14138/click - {}
RESULT: {}
RESULT: {}
COMMAND: GET /session/a5881d3eaca756d633e860ab0441a8d1/screenshot - {}
RESULT: {}
COMMAND: POST /session/a5881d3eaca756d633e860ab0441a8d1/execute/async - {"script":"<script> [189 bytes]","args":[]}
RESULT: {"script":"<script> [189 bytes]","args":[]}
COMMAND: POST /session/a5881d3eaca756d633e860ab0441a8d1/execute/async - {"script":"<script> [123 bytes]","args":[]}
RESULT: {"script":"<script> [123 bytes]","args":[]}
COMMAND: POST /session/a5881d3eaca756d633e860ab0441a8d1/timeouts - {"script":"<number>"}
RESULT: {"script":"<number>"}
COMMAND: GET /session/a5881d3eaca756d633e860ab0441a8d1/timeouts - {}
RESULT: {}
RESULT: undefined
COMMAND: POST /session/a5881d3eaca756d633e860ab0441a8d1/execute/async - {"script":"<script> [2676 bytes]","args":[]}
RESULT: {"script":"<script> [2676 bytes]","args":[]}
COMMAND: POST /session/a5881d3eaca756d633e860ab0441a8d1/execute/async - {"script":"<script> [2342 bytes]","args":[{"protocol":"http","hostname":"0.0.0.0","path":"/","capabilities":{"browserName":"chrome","goog:chromeOptions":{"binary":"C:\\Program Files\\Google\\Chrome\\Application\\chrome.exe","args":["--start-maximized"]}},"logLevel":"warn","connectionRetryTimeout":120000,"connectionRetryCount":3,"logLevels":{},"enableDirectConnect":true,"strictSSL":true,"_":"65 more keys: [\"cacheDir\",\"port\",\"requestedCapabilities\",\"automationProtocol\",\"baseUrl\",\"waitforInterval\",\"waitforTimeout\",\"onReload\",\"beforeCommand\",\"afterCommand\",\"rootDir\",\"specs\",\"suites\",\"exclude\",\"groupLogsByTestSpec\",\"excludeDriverLogs\",\"bail\",\"framework\",\"reporters\",\"services\",\"maxInstances\",\"maxInstancesPerCapability\",\"injectGlobals\",\"filesToWatch\",\"execArgv\",\"runnerEnv\",\"runner\",\"shard\",\"specFileRetries\",\"specFileRetriesDelay\",\"specFileRetriesDeferred\",\"reporterSyncInterval\",\"reporterSyncTimeout\",\"cucumberFeaturesWithLineNumbers\",\"autoCompileOpts\",\"mochaOpts\",\"jasmineOpts\",\"cucumberOpts\",\"onPrepare\",\"onWorkerStart\",\"onWorkerEnd\",\"before\",\"beforeSession\",\"beforeSuite\",\"beforeHook\",\"beforeTest\",\"afterTest\",\"afterHook\",\"afterSuite\",\"afterSession\",\"after\",\"onComplete\",\"beforeAssertion\",\"afterAssertion\",\"beforeFeature\",\"beforeScenario\",\"beforeStep\",\"afterStep\",\"afterScenario\",\"afterFeature\",\"_\",\"suite\",\"$0\",\"ignoredWorkerServices\",\"wdi5\"]"}]}
RESULT: {"script":"<script> [2342 bytes]","args":[{"protocol":"http","hostname":"0.0.0.0","path":"/","capabilities":{"browserName":"chrome","goog:chromeOptions":{"binary":"C:\\Program Files\\Google\\Chrome\\Application\\chrome.exe","args":["--start-maximized"]}},"logLevel":"warn","connectionRetryTimeout":120000,"connectionRetryCount":3,"logLevels":{},"enableDirectConnect":true,"strictSSL":true,"_":"65 more keys: [\"cacheDir\",\"port\",\"requestedCapabilities\",\"automationProtocol\",\"baseUrl\",\"waitforInterval\",\"waitforTimeout\",\"onReload\",\"beforeCommand\",\"afterCommand\",\"rootDir\",\"specs\",\"suites\",\"exclude\",\"groupLogsByTestSpec\",\"excludeDriverLogs\",\"bail\",\"framework\",\"reporters\",\"services\",\"maxInstances\",\"maxInstancesPerCapability\",\"injectGlobals\",\"filesToWatch\",\"execArgv\",\"runnerEnv\",\"runner\",\"shard\",\"specFileRetries\",\"specFileRetriesDelay\",\"specFileRetriesDeferred\",\"reporterSyncInterval\",\"reporterSyncTimeout\",\"cucumberFeaturesWithLineNumbers\",\"autoCompileOpts\",\"mochaOpts\",\"jasmineOpts\",\"cucumberOpts\",\"onPrepare\",\"onWorkerStart\",\"onWorkerEnd\",\"before\",\"beforeSession\",\"beforeSuite\",\"beforeHook\",\"beforeTest\",\"afterTest\",\"afterHook\",\"afterSuite\",\"afterSession\",\"after\",\"onComplete\",\"beforeAssertion\",\"afterAssertion\",\"beforeFeature\",\"beforeScenario\",\"beforeStep\",\"afterStep\",\"afterScenario\",\"afterFeature\",\"_\",\"suite\",\"$0\",\"ignoredWorkerServices\",\"wdi5\"]"}]}
COMMAND: POST /session/a5881d3eaca756d633e860ab0441a8d1/execute/async - {"script":"<script> [21126 bytes]","args":[35000]}
RESULT: {"script":"<script> [21126 bytes]","args":[35000]}
COMMAND: POST /session/a5881d3eaca756d633e860ab0441a8d1/window/maximize - {}
RESULT: {}
COMMAND: POST /session/a5881d3eaca756d633e860ab0441a8d1/execute/async - {"script":"<script> [1562 bytes]","args":[{"selector":{"id":"shell-header","interaction":{"idSuffix":"icon"}},"wdio_ui5_key":"shellheader"}]}
COMMAND: GET /session/a5881d3eaca756d633e860ab0441a8d1/screenshot - {}
RESULT: {"script":"<script> [1562 bytes]","args":[{"selector":{"id":"shell-header","interaction":{"idSuffix":"icon"}},"wdio_ui5_key":"shellheader"}]}
RESULT: undefined
COMMAND: POST /session/a5881d3eaca756d633e860ab0441a8d1/refresh - {}
RESULT: {}
RESULT: {}
COMMAND: GET /session/a5881d3eaca756d633e860ab0441a8d1/screenshot - {}
RESULT: {}
COMMAND: POST /session/a5881d3eaca756d633e860ab0441a8d1/refresh - {}
RESULT: {}
COMMAND: GET /session/a5881d3eaca756d633e860ab0441a8d1/screenshot - {}
RESULT: {}
COMMAND: POST /session/a5881d3eaca756d633e860ab0441a8d1/window/fullscreen - {}
RESULT: {}
COMMAND: POST /session/a5881d3eaca756d633e860ab0441a8d1/execute/async - {"script":"<script> [189 bytes]","args":[]}
RESULT: {"script":"<script> [189 bytes]","args":[]}
COMMAND: POST /session/a5881d3eaca756d633e860ab0441a8d1/execute/async - {"script":"<script> [123 bytes]","args":[]}
RESULT: {"script":"<script> [123 bytes]","args":[]}
COMMAND: POST /session/a5881d3eaca756d633e860ab0441a8d1/timeouts - {"script":"<number>"}
RESULT: {"script":"<number>"}
COMMAND: GET /session/a5881d3eaca756d633e860ab0441a8d1/timeouts - {}
RESULT: {}
RESULT: undefined
COMMAND: POST /session/a5881d3eaca756d633e860ab0441a8d1/execute/async - {"script":"<script> [2676 bytes]","args":[]}
RESULT: {"script":"<script> [2676 bytes]","args":[]}
COMMAND: POST /session/a5881d3eaca756d633e860ab0441a8d1/execute/async - {"script":"<script> [2342 bytes]","args":[{"protocol":"http","hostname":"0.0.0.0","path":"/","capabilities":{"browserName":"chrome","goog:chromeOptions":{"binary":"C:\\Program Files\\Google\\Chrome\\Application\\chrome.exe","args":["--start-maximized"]}},"logLevel":"warn","connectionRetryTimeout":120000,"connectionRetryCount":3,"logLevels":{},"enableDirectConnect":true,"strictSSL":true,"_":"65 more keys: [\"cacheDir\",\"port\",\"requestedCapabilities\",\"automationProtocol\",\"baseUrl\",\"waitforInterval\",\"waitforTimeout\",\"onReload\",\"beforeCommand\",\"afterCommand\",\"rootDir\",\"specs\",\"suites\",\"exclude\",\"groupLogsByTestSpec\",\"excludeDriverLogs\",\"bail\",\"framework\",\"reporters\",\"services\",\"maxInstances\",\"maxInstancesPerCapability\",\"injectGlobals\",\"filesToWatch\",\"execArgv\",\"runnerEnv\",\"runner\",\"shard\",\"specFileRetries\",\"specFileRetriesDelay\",\"specFileRetriesDeferred\",\"reporterSyncInterval\",\"reporterSyncTimeout\",\"cucumberFeaturesWithLineNumbers\",\"autoCompileOpts\",\"mochaOpts\",\"jasmineOpts\",\"cucumberOpts\",\"onPrepare\",\"onWorkerStart\",\"onWorkerEnd\",\"before\",\"beforeSession\",\"beforeSuite\",\"beforeHook\",\"beforeTest\",\"afterTest\",\"afterHook\",\"afterSuite\",\"afterSession\",\"after\",\"onComplete\",\"beforeAssertion\",\"afterAssertion\",\"beforeFeature\",\"beforeScenario\",\"beforeStep\",\"afterStep\",\"afterScenario\",\"afterFeature\",\"_\",\"suite\",\"$0\",\"ignoredWorkerServices\",\"wdi5\"]"}]}
RESULT: {"script":"<script> [2342 bytes]","args":[{"protocol":"http","hostname":"0.0.0.0","path":"/","capabilities":{"browserName":"chrome","goog:chromeOptions":{"binary":"C:\\Program Files\\Google\\Chrome\\Application\\chrome.exe","args":["--start-maximized"]}},"logLevel":"warn","connectionRetryTimeout":120000,"connectionRetryCount":3,"logLevels":{},"enableDirectConnect":true,"strictSSL":true,"_":"65 more keys: [\"cacheDir\",\"port\",\"requestedCapabilities\",\"automationProtocol\",\"baseUrl\",\"waitforInterval\",\"waitforTimeout\",\"onReload\",\"beforeCommand\",\"afterCommand\",\"rootDir\",\"specs\",\"suites\",\"exclude\",\"groupLogsByTestSpec\",\"excludeDriverLogs\",\"bail\",\"framework\",\"reporters\",\"services\",\"maxInstances\",\"maxInstancesPerCapability\",\"injectGlobals\",\"filesToWatch\",\"execArgv\",\"runnerEnv\",\"runner\",\"shard\",\"specFileRetries\",\"specFileRetriesDelay\",\"specFileRetriesDeferred\",\"reporterSyncInterval\",\"reporterSyncTimeout\",\"cucumberFeaturesWithLineNumbers\",\"autoCompileOpts\",\"mochaOpts\",\"jasmineOpts\",\"cucumberOpts\",\"onPrepare\",\"onWorkerStart\",\"onWorkerEnd\",\"before\",\"beforeSession\",\"beforeSuite\",\"beforeHook\",\"beforeTest\",\"afterTest\",\"afterHook\",\"afterSuite\",\"afterSession\",\"after\",\"onComplete\",\"beforeAssertion\",\"afterAssertion\",\"beforeFeature\",\"beforeScenario\",\"beforeStep\",\"afterStep\",\"afterScenario\",\"afterFeature\",\"_\",\"suite\",\"$0\",\"ignoredWorkerServices\",\"wdi5\"]"}]}
COMMAND: POST /session/a5881d3eaca756d633e860ab0441a8d1/execute/async - {"script":"<script> [21126 bytes]","args":[35000]}
RESULT: {"script":"<script> [21126 bytes]","args":[35000]}
]]></system-out>
    </testcase>
  </testsuite>
  <testsuite timestamp="2025-04-30T17:42:48" time="721.605" tests="13" failures="0" errors="0" skipped="0">
    <properties>
      <property name="specId" value="0" />
      <property name="suiteName" value="Performance based billing (work days) US139742" />
      <property name="capabilities" value="chrome.135_0_7049_96.windows" />
      <property name="file" value="file:///D:/a/1/s/test/specs/BTS/billing-performance-workdays.spec.js" />
    </properties>
    <testcase classname="chrome.135_0_7049_96.windows.Performance_based_billing_(work_days)_US139742" name="Should create a new yard" time="0.032">
      <system-out><![CDATA[
COMMAND: POST /session/a5881d3eaca756d633e860ab0441a8d1/window/fullscreen - {}
RESULT: {}
]]></system-out>
    </testcase>
    <testcase classname="chrome.135_0_7049_96.windows.Performance_based_billing_(work_days)_US139742" name="Should create a new partner" time="0.004" />
    <testcase classname="chrome.135_0_7049_96.windows.Performance_based_billing_(work_days)_US139742" name="Should create a new site" time="0.003" />
    <testcase classname="chrome.135_0_7049_96.windows.Performance_based_billing_(work_days)_US139742" name="Should do prerequisite steps add equipment" time="120.932">
      <system-out><![CDATA[
COMMAND: POST /session/a5881d3eaca756d633e860ab0441a8d1/execute/async - {"script":"<script> [1562 bytes]","args":[{"selector":{"controlType":"sap.m.GenericTile","properties":{"header":"Manage Resources"}},"wdio_ui5_key":"sapm.GenericTile{\"header\":\"Manage Resources\"}"}]}
RESULT: {"script":"<script> [1562 bytes]","args":[{"selector":{"controlType":"sap.m.GenericTile","properties":{"header":"Manage Resources"}},"wdio_ui5_key":"sapm.GenericTile{\"header\":\"Manage Resources\"}"}]}
RESULT: undefined
COMMAND: POST /session/a5881d3eaca756d633e860ab0441a8d1/element - {"using":"xpath","value":"//*[@id=\"__tile39\"]"}
RESULT: {"using":"xpath","value":"//*[@id=\"__tile39\"]"}
COMMAND: POST /session/a5881d3eaca756d633e860ab0441a8d1/element/f.70EA98C12271B5C153327B12E8209453.d.D84245FBD6217B2DB586D57117E3BC79.e.14288/click - {}
RESULT: {}
COMMAND: POST /session/a5881d3eaca756d633e860ab0441a8d1/element - {"using":"xpath","value":"//button[@data-kt=\"addNewRUOverflowToolbarButton\"]"}
COMMAND: GET /session/a5881d3eaca756d633e860ab0441a8d1/screenshot - {}
RESULT: {"using":"xpath","value":"//button[@data-kt=\"addNewRUOverflowToolbarButton\"]"}
COMMAND: POST /session/a5881d3eaca756d633e860ab0441a8d1/elements - {"using":"xpath","value":"//button[@data-kt=\"addNewRUOverflowToolbarButton\"]"}
RESULT: {}
RESULT: {"using":"xpath","value":"//button[@data-kt=\"addNewRUOverflowToolbarButton\"]"}
COMMAND: POST /session/a5881d3eaca756d633e860ab0441a8d1/elements - {"using":"xpath","value":"//button[@data-kt=\"addNewRUOverflowToolbarButton\"]"}
RESULT: {"using":"xpath","value":"//button[@data-kt=\"addNewRUOverflowToolbarButton\"]"}
COMMAND: POST /session/a5881d3eaca756d633e860ab0441a8d1/elements - {"using":"xpath","value":"//button[@data-kt=\"addNewRUOverflowToolbarButton\"]"}
RESULT: {"using":"xpath","value":"//button[@data-kt=\"addNewRUOverflowToolbarButton\"]"}
COMMAND: POST /session/a5881d3eaca756d633e860ab0441a8d1/elements - {"using":"xpath","value":"//button[@data-kt=\"addNewRUOverflowToolbarButton\"]"}
RESULT: {"using":"xpath","value":"//button[@data-kt=\"addNewRUOverflowToolbarButton\"]"}
COMMAND: POST /session/a5881d3eaca756d633e860ab0441a8d1/elements - {"using":"xpath","value":"//button[@data-kt=\"addNewRUOverflowToolbarButton\"]"}
RESULT: {"using":"xpath","value":"//button[@data-kt=\"addNewRUOverflowToolbarButton\"]"}
COMMAND: POST /session/a5881d3eaca756d633e860ab0441a8d1/elements - {"using":"xpath","value":"//button[@data-kt=\"addNewRUOverflowToolbarButton\"]"}
RESULT: {"using":"xpath","value":"//button[@data-kt=\"addNewRUOverflowToolbarButton\"]"}
COMMAND: POST /session/a5881d3eaca756d633e860ab0441a8d1/elements - {"using":"xpath","value":"//button[@data-kt=\"addNewRUOverflowToolbarButton\"]"}
RESULT: {"using":"xpath","value":"//button[@data-kt=\"addNewRUOverflowToolbarButton\"]"}
COMMAND: POST /session/a5881d3eaca756d633e860ab0441a8d1/elements - {"using":"xpath","value":"//button[@data-kt=\"addNewRUOverflowToolbarButton\"]"}
RESULT: {"using":"xpath","value":"//button[@data-kt=\"addNewRUOverflowToolbarButton\"]"}
COMMAND: POST /session/a5881d3eaca756d633e860ab0441a8d1/elements - {"using":"xpath","value":"//button[@data-kt=\"addNewRUOverflowToolbarButton\"]"}
RESULT: {"using":"xpath","value":"//button[@data-kt=\"addNewRUOverflowToolbarButton\"]"}
COMMAND: POST /session/a5881d3eaca756d633e860ab0441a8d1/elements - {"using":"xpath","value":"//button[@data-kt=\"addNewRUOverflowToolbarButton\"]"}
RESULT: {"using":"xpath","value":"//button[@data-kt=\"addNewRUOverflowToolbarButton\"]"}
COMMAND: POST /session/a5881d3eaca756d633e860ab0441a8d1/elements - {"using":"xpath","value":"//button[@data-kt=\"addNewRUOverflowToolbarButton\"]"}
RESULT: {"using":"xpath","value":"//button[@data-kt=\"addNewRUOverflowToolbarButton\"]"}
COMMAND: POST /session/a5881d3eaca756d633e860ab0441a8d1/elements - {"using":"xpath","value":"//button[@data-kt=\"addNewRUOverflowToolbarButton\"]"}
RESULT: {"using":"xpath","value":"//button[@data-kt=\"addNewRUOverflowToolbarButton\"]"}
COMMAND: POST /session/a5881d3eaca756d633e860ab0441a8d1/elements - {"using":"xpath","value":"//button[@data-kt=\"addNewRUOverflowToolbarButton\"]"}
RESULT: {"using":"xpath","value":"//button[@data-kt=\"addNewRUOverflowToolbarButton\"]"}
COMMAND: POST /session/a5881d3eaca756d633e860ab0441a8d1/elements - {"using":"xpath","value":"//button[@data-kt=\"addNewRUOverflowToolbarButton\"]"}
RESULT: {"using":"xpath","value":"//button[@data-kt=\"addNewRUOverflowToolbarButton\"]"}
COMMAND: POST /session/a5881d3eaca756d633e860ab0441a8d1/elements - {"using":"xpath","value":"//button[@data-kt=\"addNewRUOverflowToolbarButton\"]"}
RESULT: {"using":"xpath","value":"//button[@data-kt=\"addNewRUOverflowToolbarButton\"]"}
COMMAND: POST /session/a5881d3eaca756d633e860ab0441a8d1/elements - {"using":"xpath","value":"//button[@data-kt=\"addNewRUOverflowToolbarButton\"]"}
RESULT: {"using":"xpath","value":"//button[@data-kt=\"addNewRUOverflowToolbarButton\"]"}
COMMAND: POST /session/a5881d3eaca756d633e860ab0441a8d1/elements - {"using":"xpath","value":"//button[@data-kt=\"addNewRUOverflowToolbarButton\"]"}
RESULT: {"using":"xpath","value":"//button[@data-kt=\"addNewRUOverflowToolbarButton\"]"}
COMMAND: POST /session/a5881d3eaca756d633e860ab0441a8d1/elements - {"using":"xpath","value":"//button[@data-kt=\"addNewRUOverflowToolbarButton\"]"}
RESULT: {"using":"xpath","value":"//button[@data-kt=\"addNewRUOverflowToolbarButton\"]"}
COMMAND: POST /session/a5881d3eaca756d633e860ab0441a8d1/elements - {"using":"xpath","value":"//button[@data-kt=\"addNewRUOverflowToolbarButton\"]"}
RESULT: {"using":"xpath","value":"//button[@data-kt=\"addNewRUOverflowToolbarButton\"]"}
COMMAND: POST /session/a5881d3eaca756d633e860ab0441a8d1/elements - {"using":"xpath","value":"//button[@data-kt=\"addNewRUOverflowToolbarButton\"]"}
RESULT: {"using":"xpath","value":"//button[@data-kt=\"addNewRUOverflowToolbarButton\"]"}
COMMAND: POST /session/a5881d3eaca756d633e860ab0441a8d1/elements - {"using":"xpath","value":"//button[@data-kt=\"addNewRUOverflowToolbarButton\"]"}
RESULT: {"using":"xpath","value":"//button[@data-kt=\"addNewRUOverflowToolbarButton\"]"}
COMMAND: POST /session/a5881d3eaca756d633e860ab0441a8d1/elements - {"using":"xpath","value":"//button[@data-kt=\"addNewRUOverflowToolbarButton\"]"}
RESULT: {"using":"xpath","value":"//button[@data-kt=\"addNewRUOverflowToolbarButton\"]"}
COMMAND: POST /session/a5881d3eaca756d633e860ab0441a8d1/elements - {"using":"xpath","value":"//button[@data-kt=\"addNewRUOverflowToolbarButton\"]"}
RESULT: {"using":"xpath","value":"//button[@data-kt=\"addNewRUOverflowToolbarButton\"]"}
COMMAND: POST /session/a5881d3eaca756d633e860ab0441a8d1/elements - {"using":"xpath","value":"//button[@data-kt=\"addNewRUOverflowToolbarButton\"]"}
RESULT: {"using":"xpath","value":"//button[@data-kt=\"addNewRUOverflowToolbarButton\"]"}
COMMAND: POST /session/a5881d3eaca756d633e860ab0441a8d1/elements - {"using":"xpath","value":"//button[@data-kt=\"addNewRUOverflowToolbarButton\"]"}
RESULT: {"using":"xpath","value":"//button[@data-kt=\"addNewRUOverflowToolbarButton\"]"}
COMMAND: POST /session/a5881d3eaca756d633e860ab0441a8d1/elements - {"using":"xpath","value":"//button[@data-kt=\"addNewRUOverflowToolbarButton\"]"}
RESULT: {"using":"xpath","value":"//button[@data-kt=\"addNewRUOverflowToolbarButton\"]"}
COMMAND: POST /session/a5881d3eaca756d633e860ab0441a8d1/elements - {"using":"xpath","value":"//button[@data-kt=\"addNewRUOverflowToolbarButton\"]"}
RESULT: {"using":"xpath","value":"//button[@data-kt=\"addNewRUOverflowToolbarButton\"]"}
COMMAND: POST /session/a5881d3eaca756d633e860ab0441a8d1/elements - {"using":"xpath","value":"//button[@data-kt=\"addNewRUOverflowToolbarButton\"]"}
RESULT: {"using":"xpath","value":"//button[@data-kt=\"addNewRUOverflowToolbarButton\"]"}
COMMAND: POST /session/a5881d3eaca756d633e860ab0441a8d1/element - {"using":"xpath","value":"//button[@data-kt=\"addNewRUOverflowToolbarButton\"]"}
RESULT: {"using":"xpath","value":"//button[@data-kt=\"addNewRUOverflowToolbarButton\"]"}
COMMAND: POST /session/a5881d3eaca756d633e860ab0441a8d1/execute/sync - {"script":"<script> [8489 bytes]","args":[{"element-6066-11e4-a52e-4f735466cecf":"f.70EA98C12271B5C153327B12E8209453.d.D84245FBD6217B2DB586D57117E3BC79.e.14428","ELEMENT":"f.70EA98C12271B5C153327B12E8209453.d.D84245FBD6217B2DB586D57117E3BC79.e.14428"}]}
RESULT: {"script":"<script> [8489 bytes]","args":[{"element-6066-11e4-a52e-4f735466cecf":"f.70EA98C12271B5C153327B12E8209453.d.D84245FBD6217B2DB586D57117E3BC79.e.14428","ELEMENT":"f.70EA98C12271B5C153327B12E8209453.d.D84245FBD6217B2DB586D57117E3BC79.e.14428"}]}
COMMAND: GET /session/a5881d3eaca756d633e860ab0441a8d1/element/f.70EA98C12271B5C153327B12E8209453.d.D84245FBD6217B2DB586D57117E3BC79.e.14428/enabled - {}
COMMAND: GET /session/a5881d3eaca756d633e860ab0441a8d1/screenshot - {}
RESULT: {}
COMMAND: POST /session/a5881d3eaca756d633e860ab0441a8d1/execute/sync - {"script":"<script> [8489 bytes]","args":[{"element-6066-11e4-a52e-4f735466cecf":"f.70EA98C12271B5C153327B12E8209453.d.D84245FBD6217B2DB586D57117E3BC79.e.14428","ELEMENT":"f.70EA98C12271B5C153327B12E8209453.d.D84245FBD6217B2DB586D57117E3BC79.e.14428"}]}
COMMAND: GET /session/a5881d3eaca756d633e860ab0441a8d1/screenshot - {}
RESULT: {}
RESULT: {"script":"<script> [8489 bytes]","args":[{"element-6066-11e4-a52e-4f735466cecf":"f.70EA98C12271B5C153327B12E8209453.d.D84245FBD6217B2DB586D57117E3BC79.e.14428","ELEMENT":"f.70EA98C12271B5C153327B12E8209453.d.D84245FBD6217B2DB586D57117E3BC79.e.14428"}]}
COMMAND: POST /session/a5881d3eaca756d633e860ab0441a8d1/execute/sync - {"script":"<script> [5351 bytes]","args":[{"element-6066-11e4-a52e-4f735466cecf":"f.70EA98C12271B5C153327B12E8209453.d.D84245FBD6217B2DB586D57117E3BC79.e.14428","ELEMENT":"f.70EA98C12271B5C153327B12E8209453.d.D84245FBD6217B2DB586D57117E3BC79.e.14428"}]}
COMMAND: GET /session/a5881d3eaca756d633e860ab0441a8d1/screenshot - {}
RESULT: {}
RESULT: {"script":"<script> [5351 bytes]","args":[{"element-6066-11e4-a52e-4f735466cecf":"f.70EA98C12271B5C153327B12E8209453.d.D84245FBD6217B2DB586D57117E3BC79.e.14428","ELEMENT":"f.70EA98C12271B5C153327B12E8209453.d.D84245FBD6217B2DB586D57117E3BC79.e.14428"}]}
COMMAND: POST /session/a5881d3eaca756d633e860ab0441a8d1/element/f.70EA98C12271B5C153327B12E8209453.d.D84245FBD6217B2DB586D57117E3BC79.e.14428/click - {}
COMMAND: GET /session/a5881d3eaca756d633e860ab0441a8d1/screenshot - {}
RESULT: {}
RESULT: {}
COMMAND: GET /session/a5881d3eaca756d633e860ab0441a8d1/screenshot - {}
RESULT: {}
COMMAND: POST /session/a5881d3eaca756d633e860ab0441a8d1/execute/async - {"script":"<script> [1562 bytes]","args":[{"selector":{"id":"application-manageresources-display-component---newResourceUnit--TYPE-arrow"},"wdio_ui5_key":"applicationmanageresources-display-component---newResourceUnit--TYPE-arrow"}]}
RESULT: {}
RESULT: {"script":"<script> [1562 bytes]","args":[{"selector":{"id":"application-manageresources-display-component---newResourceUnit--TYPE-arrow"},"wdio_ui5_key":"applicationmanageresources-display-component---newResourceUnit--TYPE-arrow"}]}
RESULT: undefined
COMMAND: POST /session/a5881d3eaca756d633e860ab0441a8d1/element - {"using":"xpath","value":"//*[@id=\"application-manageresources-display-component---newResourceUnit--TYPE-arrow\"]"}
RESULT: {"using":"xpath","value":"//*[@id=\"application-manageresources-display-component---newResourceUnit--TYPE-arrow\"]"}
COMMAND: POST /session/a5881d3eaca756d633e860ab0441a8d1/element/f.70EA98C12271B5C153327B12E8209453.d.D84245FBD6217B2DB586D57117E3BC79.e.14793/click - {}
RESULT: {}
COMMAND: POST /session/a5881d3eaca756d633e860ab0441a8d1/element - {"using":"xpath","value":"//input[@id=\"application-manageresources-display-component---newResourceUnit--TYPE-inner\"]"}
COMMAND: GET /session/a5881d3eaca756d633e860ab0441a8d1/screenshot - {}
RESULT: {"using":"xpath","value":"//input[@id=\"application-manageresources-display-component---newResourceUnit--TYPE-inner\"]"}
COMMAND: POST /session/a5881d3eaca756d633e860ab0441a8d1/element/f.70EA98C12271B5C153327B12E8209453.d.D84245FBD6217B2DB586D57117E3BC79.e.14780/clear - {}
RESULT: {}
RESULT: {}
COMMAND: POST /session/a5881d3eaca756d633e860ab0441a8d1/element/f.70EA98C12271B5C153327B12E8209453.d.D84245FBD6217B2DB586D57117E3BC79.e.14780/value - {"text":"Equipment"}
COMMAND: GET /session/a5881d3eaca756d633e860ab0441a8d1/screenshot - {}
RESULT: {"text":"Equipment"}
COMMAND: GET /session/a5881d3eaca756d633e860ab0441a8d1/screenshot - {}
RESULT: {}
RESULT: {}
COMMAND: POST /session/a5881d3eaca756d633e860ab0441a8d1/actions - {"actions":[{"id":"action50","type":"key","parameters":{},"actions":[{"type":"keyDown","value":"î€‡"},{"type":"pause","duration":10},{"type":"keyUp","value":"î€‡"}]}]}
RESULT: {"actions":[{"id":"action50","type":"key","parameters":{},"actions":[{"type":"keyDown","value":"î€‡"},{"type":"pause","duration":10},{"type":"keyUp","value":"î€‡"}]}]}
COMMAND: POST /session/a5881d3eaca756d633e860ab0441a8d1/execute/async - {"script":"<script> [1562 bytes]","args":[{"selector":{"id":"application-manageresources-display-component---newResourceUnit--resourceId","interaction":{"idSuffix":"inner"}},"wdio_ui5_key":"applicationmanageresources-display-component---newResourceUnit--resourceId"}]}
COMMAND: GET /session/a5881d3eaca756d633e860ab0441a8d1/screenshot - {}
RESULT: {"script":"<script> [1562 bytes]","args":[{"selector":{"id":"application-manageresources-display-component---newResourceUnit--resourceId","interaction":{"idSuffix":"inner"}},"wdio_ui5_key":"applicationmanageresources-display-component---newResourceUnit--resourceId"}]}
RESULT: undefined
COMMAND: POST /session/a5881d3eaca756d633e860ab0441a8d1/execute/async - {"script":"<script> [776 bytes]","args":[{"enterText":"wJWUDJ9q6n","selector":{"id":"application-manageresources-display-component---newResourceUnit--resourceId","interaction":{"idSuffix":"inner"}},"clearTextFirst":true,"interactionType":"ENTER_TEXT"}]}
RESULT: {}
RESULT: {"script":"<script> [776 bytes]","args":[{"enterText":"wJWUDJ9q6n","selector":{"id":"application-manageresources-display-component---newResourceUnit--resourceId","interaction":{"idSuffix":"inner"}},"clearTextFirst":true,"interactionType":"ENTER_TEXT"}]}
COMMAND: POST /session/a5881d3eaca756d633e860ab0441a8d1/execute/async - {"script":"<script> [1562 bytes]","args":[{"selector":{"id":"application-manageresources-display-component---newResourceUnit--SHORT_TEXT","interaction":{"idSuffix":"inner"}},"wdio_ui5_key":"applicationmanageresources-display-component---newResourceUnit--SHORT_TEXT"}]}
RESULT: {"script":"<script> [1562 bytes]","args":[{"selector":{"id":"application-manageresources-display-component---newResourceUnit--SHORT_TEXT","interaction":{"idSuffix":"inner"}},"wdio_ui5_key":"applicationmanageresources-display-component---newResourceUnit--SHORT_TEXT"}]}
RESULT: undefined
COMMAND: POST /session/a5881d3eaca756d633e860ab0441a8d1/execute/async - {"script":"<script> [776 bytes]","args":[{"enterText":"Intercompany Equipment WDIO","selector":{"id":"application-manageresources-display-component---newResourceUnit--SHORT_TEXT","interaction":{"idSuffix":"inner"}},"clearTextFirst":true,"interactionType":"ENTER_TEXT"}]}
RESULT: {"script":"<script> [776 bytes]","args":[{"enterText":"Intercompany Equipment WDIO","selector":{"id":"application-manageresources-display-component---newResourceUnit--SHORT_TEXT","interaction":{"idSuffix":"inner"}},"clearTextFirst":true,"interactionType":"ENTER_TEXT"}]}
COMMAND: POST /session/a5881d3eaca756d633e860ab0441a8d1/execute/async - {"script":"<script> [1562 bytes]","args":[{"selector":{"id":"application-manageresources-display-component---newResourceUnit--BASE_UNIT_OF_MEASURE","interaction":{"idSuffix":"inner"}},"wdio_ui5_key":"applicationmanageresources-display-component---newResourceUnit--BASE_UNIT_OF_MEASURE"}]}
RESULT: {"script":"<script> [1562 bytes]","args":[{"selector":{"id":"application-manageresources-display-component---newResourceUnit--BASE_UNIT_OF_MEASURE","interaction":{"idSuffix":"inner"}},"wdio_ui5_key":"applicationmanageresources-display-component---newResourceUnit--BASE_UNIT_OF_MEASURE"}]}
RESULT: undefined
COMMAND: POST /session/a5881d3eaca756d633e860ab0441a8d1/execute/async - {"script":"<script> [776 bytes]","args":[{"enterText":"Piece","selector":{"id":"application-manageresources-display-component---newResourceUnit--BASE_UNIT_OF_MEASURE","interaction":{"idSuffix":"inner"}},"clearTextFirst":true,"interactionType":"ENTER_TEXT"}]}
RESULT: {"script":"<script> [776 bytes]","args":[{"enterText":"Piece","selector":{"id":"application-manageresources-display-component---newResourceUnit--BASE_UNIT_OF_MEASURE","interaction":{"idSuffix":"inner"}},"clearTextFirst":true,"interactionType":"ENTER_TEXT"}]}
COMMAND: POST /session/a5881d3eaca756d633e860ab0441a8d1/execute/async - {"script":"<script> [1562 bytes]","args":[{"selector":{"id":"application-manageresources-display-component---newResourceUnit--WEIGHT_UNIT","interaction":{"idSuffix":"inner"}},"wdio_ui5_key":"applicationmanageresources-display-component---newResourceUnit--WEIGHT_UNIT"}]}
RESULT: {"script":"<script> [1562 bytes]","args":[{"selector":{"id":"application-manageresources-display-component---newResourceUnit--WEIGHT_UNIT","interaction":{"idSuffix":"inner"}},"wdio_ui5_key":"applicationmanageresources-display-component---newResourceUnit--WEIGHT_UNIT"}]}
RESULT: undefined
COMMAND: POST /session/a5881d3eaca756d633e860ab0441a8d1/execute/async - {"script":"<script> [776 bytes]","args":[{"enterText":"Gram","selector":{"id":"application-manageresources-display-component---newResourceUnit--WEIGHT_UNIT","interaction":{"idSuffix":"inner"}},"clearTextFirst":true,"interactionType":"ENTER_TEXT"}]}
RESULT: {"script":"<script> [776 bytes]","args":[{"enterText":"Gram","selector":{"id":"application-manageresources-display-component---newResourceUnit--WEIGHT_UNIT","interaction":{"idSuffix":"inner"}},"clearTextFirst":true,"interactionType":"ENTER_TEXT"}]}
COMMAND: POST /session/a5881d3eaca756d633e860ab0441a8d1/execute/async - {"script":"<script> [1562 bytes]","args":[{"selector":{"id":"application-manageresources-display-component---newResourceUnit--DIMENSION_UNIT","interaction":{"idSuffix":"inner"}},"wdio_ui5_key":"applicationmanageresources-display-component---newResourceUnit--DIMENSION_UNIT"}]}
RESULT: {"script":"<script> [1562 bytes]","args":[{"selector":{"id":"application-manageresources-display-component---newResourceUnit--DIMENSION_UNIT","interaction":{"idSuffix":"inner"}},"wdio_ui5_key":"applicationmanageresources-display-component---newResourceUnit--DIMENSION_UNIT"}]}
RESULT: undefined
COMMAND: POST /session/a5881d3eaca756d633e860ab0441a8d1/execute/async - {"script":"<script> [776 bytes]","args":[{"enterText":"Meter","selector":{"id":"application-manageresources-display-component---newResourceUnit--DIMENSION_UNIT","interaction":{"idSuffix":"inner"}},"clearTextFirst":true,"interactionType":"ENTER_TEXT"}]}
RESULT: {"script":"<script> [776 bytes]","args":[{"enterText":"Meter","selector":{"id":"application-manageresources-display-component---newResourceUnit--DIMENSION_UNIT","interaction":{"idSuffix":"inner"}},"clearTextFirst":true,"interactionType":"ENTER_TEXT"}]}
COMMAND: POST /session/a5881d3eaca756d633e860ab0441a8d1/execute/async - {"script":"<script> [1562 bytes]","args":[{"selector":{"id":"application-manageresources-display-component---newResourceUnit--newRRUPage-anchBar-application-manageresources-display-component---newResourceUnit--control-anchor","interaction":{"idSuffix":"BDI-content"}},"wdio_ui5_key":"applicationmanageresources-display-component---newResourceUnit--newRRUPage-anchBar-application-manageresources-display-component---newResourceUnit--control-anchor"}]}
RESULT: {"script":"<script> [1562 bytes]","args":[{"selector":{"id":"application-manageresources-display-component---newResourceUnit--newRRUPage-anchBar-application-manageresources-display-component---newResourceUnit--control-anchor","interaction":{"idSuffix":"BDI-content"}},"wdio_ui5_key":"applicationmanageresources-display-component---newResourceUnit--newRRUPage-anchBar-application-manageresources-display-component---newResourceUnit--control-anchor"}]}
RESULT: undefined
COMMAND: POST /session/a5881d3eaca756d633e860ab0441a8d1/element - {"using":"xpath","value":"//*[@id=\"application-manageresources-display-component---newResourceUnit--newRRUPage-anchBar-application-manageresources-display-component---newResourceUnit--control-anchor\"]"}
RESULT: {"using":"xpath","value":"//*[@id=\"application-manageresources-display-component---newResourceUnit--newRRUPage-anchBar-application-manageresources-display-component---newResourceUnit--control-anchor\"]"}
COMMAND: POST /session/a5881d3eaca756d633e860ab0441a8d1/element/f.70EA98C12271B5C153327B12E8209453.d.D84245FBD6217B2DB586D57117E3BC79.e.14927/click - {}
RESULT: {}
COMMAND: POST /session/a5881d3eaca756d633e860ab0441a8d1/execute/async - {"script":"<script> [1562 bytes]","args":[{"selector":{"id":"application-manageresources-display-component---newResourceUnit--PLANNING_GROUP","interaction":{"idSuffix":"inner"}},"wdio_ui5_key":"applicationmanageresources-display-component---newResourceUnit--PLANNING_GROUP"}]}
COMMAND: GET /session/a5881d3eaca756d633e860ab0441a8d1/screenshot - {}
RESULT: {"script":"<script> [1562 bytes]","args":[{"selector":{"id":"application-manageresources-display-component---newResourceUnit--PLANNING_GROUP","interaction":{"idSuffix":"inner"}},"wdio_ui5_key":"applicationmanageresources-display-component---newResourceUnit--PLANNING_GROUP"}]}
RESULT: undefined
COMMAND: POST /session/a5881d3eaca756d633e860ab0441a8d1/execute/async - {"script":"<script> [776 bytes]","args":[{"enterText":"Heavy Equi","selector":{"id":"application-manageresources-display-component---newResourceUnit--PLANNING_GROUP","interaction":{"idSuffix":"inner"}},"clearTextFirst":true,"interactionType":"ENTER_TEXT"}]}
RESULT: {}
RESULT: {"script":"<script> [776 bytes]","args":[{"enterText":"Heavy Equi","selector":{"id":"application-manageresources-display-component---newResourceUnit--PLANNING_GROUP","interaction":{"idSuffix":"inner"}},"clearTextFirst":true,"interactionType":"ENTER_TEXT"}]}
COMMAND: POST /session/a5881d3eaca756d633e860ab0441a8d1/execute/async - {"script":"<script> [1562 bytes]","args":[{"selector":{"id":"application-manageresources-display-component---newResourceUnit--ITEM_TYPE-arrow"},"wdio_ui5_key":"applicationmanageresources-display-component---newResourceUnit--ITEM_TYPE-arrow"}]}
RESULT: {"script":"<script> [1562 bytes]","args":[{"selector":{"id":"application-manageresources-display-component---newResourceUnit--ITEM_TYPE-arrow"},"wdio_ui5_key":"applicationmanageresources-display-component---newResourceUnit--ITEM_TYPE-arrow"}]}
RESULT: undefined
COMMAND: POST /session/a5881d3eaca756d633e860ab0441a8d1/element - {"using":"xpath","value":"//*[@id=\"application-manageresources-display-component---newResourceUnit--ITEM_TYPE-arrow\"]"}
RESULT: {"using":"xpath","value":"//*[@id=\"application-manageresources-display-component---newResourceUnit--ITEM_TYPE-arrow\"]"}
COMMAND: POST /session/a5881d3eaca756d633e860ab0441a8d1/element/f.70EA98C12271B5C153327B12E8209453.d.D84245FBD6217B2DB586D57117E3BC79.e.14936/click - {}
RESULT: {}
COMMAND: POST /session/a5881d3eaca756d633e860ab0441a8d1/element - {"using":"xpath","value":"(//span[contains(text(), \"Resource Unit\")])[2]"}
COMMAND: GET /session/a5881d3eaca756d633e860ab0441a8d1/screenshot - {}
RESULT: {"using":"xpath","value":"(//span[contains(text(), \"Resource Unit\")])[2]"}
COMMAND: POST /session/a5881d3eaca756d633e860ab0441a8d1/element/f.70EA98C12271B5C153327B12E8209453.d.D84245FBD6217B2DB586D57117E3BC79.e.14937/click - {}
RESULT: {}
RESULT: {}
COMMAND: GET /session/a5881d3eaca756d633e860ab0441a8d1/screenshot - {}
RESULT: {}
COMMAND: POST /session/a5881d3eaca756d633e860ab0441a8d1/element - {"using":"css selector","value":"#application-manageresources-display-component---newResourceUnit--btnAddTimeSegment"}
RESULT: {"using":"css selector","value":"#application-manageresources-display-component---newResourceUnit--btnAddTimeSegment"}
COMMAND: GET /session/a5881d3eaca756d633e860ab0441a8d1/element/f.70EA98C12271B5C153327B12E8209453.d.D84245FBD6217B2DB586D57117E3BC79.e.14938/rect - {}
RESULT: {}
COMMAND: GET /session/a5881d3eaca756d633e860ab0441a8d1/window/rect - {}
RESULT: {}
COMMAND: POST /session/a5881d3eaca756d633e860ab0441a8d1/execute/sync - {"script":"<script> [92 bytes]","args":[]}
RESULT: {"script":"<script> [92 bytes]","args":[]}
COMMAND: POST /session/a5881d3eaca756d633e860ab0441a8d1/actions - {"actions":[{"id":"action51","type":"wheel","parameters":{},"actions":[{"type":"scroll","x":-1888,"y":-32,"deltaX":0,"deltaY":0,"duration":0,"origin":{"element-6066-11e4-a52e-4f735466cecf":"f.70EA98C12271B5C153327B12E8209453.d.D84245FBD6217B2DB586D57117E3BC79.e.14938"}}]}]}
COMMAND: GET /session/a5881d3eaca756d633e860ab0441a8d1/screenshot - {}
RESULT: {}
COMMAND: POST /session/a5881d3eaca756d633e860ab0441a8d1/execute/sync - {"script":"<script> [79 bytes]","args":[{"element-6066-11e4-a52e-4f735466cecf":"f.70EA98C12271B5C153327B12E8209453.d.D84245FBD6217B2DB586D57117E3BC79.e.14938","ELEMENT":"f.70EA98C12271B5C153327B12E8209453.d.D84245FBD6217B2DB586D57117E3BC79.e.14938"},{"block":"start","inline":"nearest"}]}
RESULT: {"script":"<script> [79 bytes]","args":[{"element-6066-11e4-a52e-4f735466cecf":"f.70EA98C12271B5C153327B12E8209453.d.D84245FBD6217B2DB586D57117E3BC79.e.14938","ELEMENT":"f.70EA98C12271B5C153327B12E8209453.d.D84245FBD6217B2DB586D57117E3BC79.e.14938"},{"block":"start","inline":"nearest"}]}
COMMAND: POST /session/a5881d3eaca756d633e860ab0441a8d1/execute/async - {"script":"<script> [1562 bytes]","args":[{"selector":{"id":"application-manageresources-display-component---newResourceUnit--btnAddTimeSegment","interaction":{"idSuffix":"inner"}},"wdio_ui5_key":"applicationmanageresources-display-component---newResourceUnit--btnAddTimeSegment"}]}
COMMAND: GET /session/a5881d3eaca756d633e860ab0441a8d1/screenshot - {}
RESULT: {"script":"<script> [1562 bytes]","args":[{"selector":{"id":"application-manageresources-display-component---newResourceUnit--btnAddTimeSegment","interaction":{"idSuffix":"inner"}},"wdio_ui5_key":"applicationmanageresources-display-component---newResourceUnit--btnAddTimeSegment"}]}
RESULT: undefined
COMMAND: POST /session/a5881d3eaca756d633e860ab0441a8d1/element - {"using":"xpath","value":"//*[@id=\"application-manageresources-display-component---newResourceUnit--btnAddTimeSegment\"]"}
RESULT: {}
RESULT: {"using":"xpath","value":"//*[@id=\"application-manageresources-display-component---newResourceUnit--btnAddTimeSegment\"]"}
COMMAND: POST /session/a5881d3eaca756d633e860ab0441a8d1/element/f.70EA98C12271B5C153327B12E8209453.d.D84245FBD6217B2DB586D57117E3BC79.e.14938/click - {}
RESULT: {}
COMMAND: GET /session/a5881d3eaca756d633e860ab0441a8d1/screenshot - {}
RESULT: {}
COMMAND: POST /session/a5881d3eaca756d633e860ab0441a8d1/element - {"using":"xpath","value":"//input[@id=\"application-manageresources-display-component---newResourceUnit--idRuTSAdmin-application-manageresources-display-component---newResourceUnit--RUTimeSegment-0-inner\"]"}
RESULT: {"using":"xpath","value":"//input[@id=\"application-manageresources-display-component---newResourceUnit--idRuTSAdmin-application-manageresources-display-component---newResourceUnit--RUTimeSegment-0-inner\"]"}
COMMAND: POST /session/a5881d3eaca756d633e860ab0441a8d1/element/f.70EA98C12271B5C153327B12E8209453.d.D84245FBD6217B2DB586D57117E3BC79.e.14944/clear - {}
RESULT: {}
COMMAND: POST /session/a5881d3eaca756d633e860ab0441a8d1/element/f.70EA98C12271B5C153327B12E8209453.d.D84245FBD6217B2DB586D57117E3BC79.e.14944/value - {"text":"469"}
COMMAND: GET /session/a5881d3eaca756d633e860ab0441a8d1/screenshot - {}
RESULT: {"text":"469"}
COMMAND: GET /session/a5881d3eaca756d633e860ab0441a8d1/screenshot - {}
RESULT: {}
RESULT: {}
COMMAND: POST /session/a5881d3eaca756d633e860ab0441a8d1/element - {"using":"xpath","value":"//li[.//span[text()='469']]"}
RESULT: {"using":"xpath","value":"//li[.//span[text()='469']]"}
COMMAND: POST /session/a5881d3eaca756d633e860ab0441a8d1/element/f.70EA98C12271B5C153327B12E8209453.d.D84245FBD6217B2DB586D57117E3BC79.e.14956/click - {}
RESULT: {}
COMMAND: GET /session/a5881d3eaca756d633e860ab0441a8d1/screenshot - {}
RESULT: {}
COMMAND: POST /session/a5881d3eaca756d633e860ab0441a8d1/element - {"using":"xpath","value":"(//span[contains(@id, \"-application-manageresources-display-component---newResourceUnit--RUTimeSegment-0-arrow\")])[6]"}
RESULT: {"using":"xpath","value":"(//span[contains(@id, \"-application-manageresources-display-component---newResourceUnit--RUTimeSegment-0-arrow\")])[6]"}
COMMAND: POST /session/a5881d3eaca756d633e860ab0441a8d1/element/f.70EA98C12271B5C153327B12E8209453.d.D84245FBD6217B2DB586D57117E3BC79.e.14957/click - {}
RESULT: {}
COMMAND: GET /session/a5881d3eaca756d633e860ab0441a8d1/screenshot - {}
RESULT: {}
COMMAND: POST /session/a5881d3eaca756d633e860ab0441a8d1/element - {"using":"xpath","value":"//span[contains(text(), \"PM Order\")]"}
RESULT: {"using":"xpath","value":"//span[contains(text(), \"PM Order\")]"}
COMMAND: POST /session/a5881d3eaca756d633e860ab0441a8d1/element/f.70EA98C12271B5C153327B12E8209453.d.D84245FBD6217B2DB586D57117E3BC79.e.14960/click - {}
RESULT: {}
COMMAND: GET /session/a5881d3eaca756d633e860ab0441a8d1/screenshot - {}
RESULT: {}
COMMAND: POST /session/a5881d3eaca756d633e860ab0441a8d1/element - {"using":"xpath","value":"(//span[contains(@id ,\"manageresources-display-component---newResourceUnit--RUTimeSegment-0-vhi\")])[1]"}
RESULT: {"using":"xpath","value":"(//span[contains(@id ,\"manageresources-display-component---newResourceUnit--RUTimeSegment-0-vhi\")])[1]"}
COMMAND: GET /session/a5881d3eaca756d633e860ab0441a8d1/element/f.70EA98C12271B5C153327B12E8209453.d.D84245FBD6217B2DB586D57117E3BC79.e.14964/rect - {}
RESULT: {}
COMMAND: GET /session/a5881d3eaca756d633e860ab0441a8d1/window/rect - {}
RESULT: {}
COMMAND: POST /session/a5881d3eaca756d633e860ab0441a8d1/execute/sync - {"script":"<script> [92 bytes]","args":[]}
RESULT: {"script":"<script> [92 bytes]","args":[]}
COMMAND: POST /session/a5881d3eaca756d633e860ab0441a8d1/actions - {"actions":[{"id":"action52","type":"wheel","parameters":{},"actions":[{"type":"scroll","x":-869,"y":-24,"deltaX":0,"deltaY":0,"duration":0,"origin":{"element-6066-11e4-a52e-4f735466cecf":"f.70EA98C12271B5C153327B12E8209453.d.D84245FBD6217B2DB586D57117E3BC79.e.14964"}}]}]}
COMMAND: GET /session/a5881d3eaca756d633e860ab0441a8d1/screenshot - {}
RESULT: {"actions":[{"id":"action52","type":"wheel","parameters":{},"actions":[{"type":"scroll","x":-869,"y":-24,"deltaX":0,"deltaY":0,"duration":0,"origin":{"element-6066-11e4-a52e-4f735466cecf":"f.70EA98C12271B5C153327B12E8209453.d.D84245FBD6217B2DB586D57117E3BC79.e.14964"}}]}]}
COMMAND: DELETE /session/a5881d3eaca756d633e860ab0441a8d1/actions - {}
COMMAND: GET /session/a5881d3eaca756d633e860ab0441a8d1/screenshot - {}
RESULT: {}
RESULT: {}
COMMAND: GET /session/a5881d3eaca756d633e860ab0441a8d1/screenshot - {}
RESULT: {}
RESULT: {}
COMMAND: POST /session/a5881d3eaca756d633e860ab0441a8d1/element/f.70EA98C12271B5C153327B12E8209453.d.D84245FBD6217B2DB586D57117E3BC79.e.14964/click - {}
RESULT: {}
COMMAND: GET /session/a5881d3eaca756d633e860ab0441a8d1/screenshot - {}
RESULT: {}
COMMAND: POST /session/a5881d3eaca756d633e860ab0441a8d1/execute/async - {"script":"<script> [1562 bytes]","args":[{"selector":{"controlType":"sap.m.SearchField","properties":{"placeholder":"Search"},"searchOpenDialogs":true,"interaction":{"idSuffix":"I"}},"wdio_ui5_key":"sapm.SearchField{\"placeholder\":\"Search\"}"}]}
RESULT: {"script":"<script> [1562 bytes]","args":[{"selector":{"controlType":"sap.m.SearchField","properties":{"placeholder":"Search"},"searchOpenDialogs":true,"interaction":{"idSuffix":"I"}},"wdio_ui5_key":"sapm.SearchField{\"placeholder\":\"Search\"}"}]}
RESULT: undefined
COMMAND: POST /session/a5881d3eaca756d633e860ab0441a8d1/execute/async - {"script":"<script> [776 bytes]","args":[{"enterText":"4000360","selector":{"controlType":"sap.m.SearchField","properties":{"placeholder":"Search"},"searchOpenDialogs":true,"interaction":{"idSuffix":"I"}},"clearTextFirst":true,"interactionType":"ENTER_TEXT"}]}
RESULT: {"script":"<script> [776 bytes]","args":[{"enterText":"4000360","selector":{"controlType":"sap.m.SearchField","properties":{"placeholder":"Search"},"searchOpenDialogs":true,"interaction":{"idSuffix":"I"}},"clearTextFirst":true,"interactionType":"ENTER_TEXT"}]}
COMMAND: POST /session/a5881d3eaca756d633e860ab0441a8d1/actions - {"actions":[{"id":"action53","type":"key","parameters":{},"actions":[{"type":"keyDown","value":"î€‡"},{"type":"pause","duration":10},{"type":"keyUp","value":"î€‡"}]}]}
RESULT: {"actions":[{"id":"action53","type":"key","parameters":{},"actions":[{"type":"keyDown","value":"î€‡"},{"type":"pause","duration":10},{"type":"keyUp","value":"î€‡"}]}]}
COMMAND: GET /session/a5881d3eaca756d633e860ab0441a8d1/screenshot - {}
RESULT: {}
COMMAND: POST /session/a5881d3eaca756d633e860ab0441a8d1/element - {"using":"xpath","value":"//td/div/span[contains(text(), \"BGL Vehicles\")]"}
RESULT: {"using":"xpath","value":"//td/div/span[contains(text(), \"BGL Vehicles\")]"}
COMMAND: POST /session/a5881d3eaca756d633e860ab0441a8d1/element/f.70EA98C12271B5C153327B12E8209453.d.D84245FBD6217B2DB586D57117E3BC79.e.14986/click - {}
RESULT: {}
COMMAND: GET /session/a5881d3eaca756d633e860ab0441a8d1/screenshot - {}
RESULT: {}
COMMAND: POST /session/a5881d3eaca756d633e860ab0441a8d1/element - {"using":"xpath","value":"//bdi[contains(text(), \"OK\")]"}
RESULT: {"using":"xpath","value":"//bdi[contains(text(), \"OK\")]"}
COMMAND: POST /session/a5881d3eaca756d633e860ab0441a8d1/element/f.70EA98C12271B5C153327B12E8209453.d.D84245FBD6217B2DB586D57117E3BC79.e.14987/click - {}
RESULT: {}
COMMAND: GET /session/a5881d3eaca756d633e860ab0441a8d1/screenshot - {}
RESULT: {}
COMMAND: POST /session/a5881d3eaca756d633e860ab0441a8d1/execute/async - {"script":"<script> [1562 bytes]","args":[{"selector":{"id":"application-manageresources-display-component---newResourceUnit--newRRUPage-anchBar-application-manageresources-display-component---newResourceUnit--resource-anchor","interaction":{"idSuffix":"BDI-content"}},"wdio_ui5_key":"applicationmanageresources-display-component---newResourceUnit--newRRUPage-anchBar-application-manageresources-display-component---newResourceUnit--resource-anchor"}]}
RESULT: {"script":"<script> [1562 bytes]","args":[{"selector":{"id":"application-manageresources-display-component---newResourceUnit--newRRUPage-anchBar-application-manageresources-display-component---newResourceUnit--resource-anchor","interaction":{"idSuffix":"BDI-content"}},"wdio_ui5_key":"applicationmanageresources-display-component---newResourceUnit--newRRUPage-anchBar-application-manageresources-display-component---newResourceUnit--resource-anchor"}]}
RESULT: undefined
COMMAND: POST /session/a5881d3eaca756d633e860ab0441a8d1/element - {"using":"xpath","value":"//*[@id=\"application-manageresources-display-component---newResourceUnit--newRRUPage-anchBar-application-manageresources-display-component---newResourceUnit--resource-anchor\"]"}
RESULT: {"using":"xpath","value":"//*[@id=\"application-manageresources-display-component---newResourceUnit--newRRUPage-anchBar-application-manageresources-display-component---newResourceUnit--resource-anchor\"]"}
COMMAND: POST /session/a5881d3eaca756d633e860ab0441a8d1/element/f.70EA98C12271B5C153327B12E8209453.d.D84245FBD6217B2DB586D57117E3BC79.e.14991/click - {}
RESULT: {}
COMMAND: POST /session/a5881d3eaca756d633e860ab0441a8d1/execute/async - {"script":"<script> [1562 bytes]","args":[{"selector":{"id":"application-manageresources-display-component---newResourceUnit--PLANNED_DELIVERY_DATE","interaction":{"idSuffix":"inner"}},"wdio_ui5_key":"applicationmanageresources-display-component---newResourceUnit--PLANNED_DELIVERY_DATE"}]}
COMMAND: GET /session/a5881d3eaca756d633e860ab0441a8d1/screenshot - {}
RESULT: {"script":"<script> [1562 bytes]","args":[{"selector":{"id":"application-manageresources-display-component---newResourceUnit--PLANNED_DELIVERY_DATE","interaction":{"idSuffix":"inner"}},"wdio_ui5_key":"applicationmanageresources-display-component---newResourceUnit--PLANNED_DELIVERY_DATE"}]}
RESULT: undefined
COMMAND: POST /session/a5881d3eaca756d633e860ab0441a8d1/execute/async - {"script":"<script> [6424 bytes]","args":[{"element-6066-11e4-a52e-4f735466cecf":"f.70EA98C12271B5C153327B12E8209453.d.D84245FBD6217B2DB586D57117E3BC79.e.14850"},"setValue",["4/30/25"]]}
RESULT: {}
RESULT: {"script":"<script> [6424 bytes]","args":[{"element-6066-11e4-a52e-4f735466cecf":"f.70EA98C12271B5C153327B12E8209453.d.D84245FBD6217B2DB586D57117E3BC79.e.14850"},"setValue",["4/30/25"]]}
COMMAND: POST /session/a5881d3eaca756d633e860ab0441a8d1/element - {"using":"xpath","value":"//button[@data-kt=\"resourceUnitSaveButton\"]"}
RESULT: {"using":"xpath","value":"//button[@data-kt=\"resourceUnitSaveButton\"]"}
COMMAND: POST /session/a5881d3eaca756d633e860ab0441a8d1/element/f.70EA98C12271B5C153327B12E8209453.d.D84245FBD6217B2DB586D57117E3BC79.e.14810/click - {}
RESULT: {}
COMMAND: GET /session/a5881d3eaca756d633e860ab0441a8d1/screenshot - {}
RESULT: {}
COMMAND: POST /session/a5881d3eaca756d633e860ab0441a8d1/element - {"using":"xpath","value":"//bdi[contains(text(), \"Close\")]"}
RESULT: {"using":"xpath","value":"//bdi[contains(text(), \"Close\")]"}
COMMAND: POST /session/a5881d3eaca756d633e860ab0441a8d1/element/f.70EA98C12271B5C153327B12E8209453.d.D84245FBD6217B2DB586D57117E3BC79.e.15001/click - {}
RESULT: {}
COMMAND: GET /session/a5881d3eaca756d633e860ab0441a8d1/screenshot - {}
RESULT: {}
COMMAND: POST /session/a5881d3eaca756d633e860ab0441a8d1/element - {"using":"xpath","value":"(//button[contains(@id ,\"actionsToolbar-overflowButton\")])[1]"}
RESULT: {"using":"xpath","value":"(//button[contains(@id ,\"actionsToolbar-overflowButton\")])[1]"}
COMMAND: POST /session/a5881d3eaca756d633e860ab0441a8d1/element/f.70EA98C12271B5C153327B12E8209453.d.D84245FBD6217B2DB586D57117E3BC79.e.15053/click - {}
RESULT: {}
COMMAND: GET /session/a5881d3eaca756d633e860ab0441a8d1/screenshot - {}
RESULT: {}
COMMAND: POST /session/a5881d3eaca756d633e860ab0441a8d1/element - {"using":"xpath","value":"//button[@data-kt=\"priceInfoButton\"]"}
RESULT: {"using":"xpath","value":"//button[@data-kt=\"priceInfoButton\"]"}
COMMAND: POST /session/a5881d3eaca756d633e860ab0441a8d1/element/f.70EA98C12271B5C153327B12E8209453.d.D84245FBD6217B2DB586D57117E3BC79.e.15055/click - {}
RESULT: {}
COMMAND: GET /session/a5881d3eaca756d633e860ab0441a8d1/screenshot - {}
RESULT: {}
]]></system-out>
    </testcase>
    <testcase classname="chrome.135_0_7049_96.windows.Performance_based_billing_(work_days)_US139742" name="Should create a pricing rule perf based on the equipment" time="52.54">
      <system-out><![CDATA[
COMMAND: POST /session/a5881d3eaca756d633e860ab0441a8d1/element - {"using":"xpath","value":"//button[@data-kt=\"addButton\"]"}
RESULT: {"using":"xpath","value":"//button[@data-kt=\"addButton\"]"}
COMMAND: POST /session/a5881d3eaca756d633e860ab0441a8d1/elements - {"using":"xpath","value":"//button[@data-kt=\"addButton\"]"}
RESULT: {"using":"xpath","value":"//button[@data-kt=\"addButton\"]"}
COMMAND: POST /session/a5881d3eaca756d633e860ab0441a8d1/execute/sync - {"script":"<script> [8489 bytes]","args":[{"element-6066-11e4-a52e-4f735466cecf":"f.70EA98C12271B5C153327B12E8209453.d.D84245FBD6217B2DB586D57117E3BC79.e.15091","ELEMENT":"f.70EA98C12271B5C153327B12E8209453.d.D84245FBD6217B2DB586D57117E3BC79.e.15091"}]}
RESULT: {"script":"<script> [8489 bytes]","args":[{"element-6066-11e4-a52e-4f735466cecf":"f.70EA98C12271B5C153327B12E8209453.d.D84245FBD6217B2DB586D57117E3BC79.e.15091","ELEMENT":"f.70EA98C12271B5C153327B12E8209453.d.D84245FBD6217B2DB586D57117E3BC79.e.15091"}]}
COMMAND: GET /session/a5881d3eaca756d633e860ab0441a8d1/element/f.70EA98C12271B5C153327B12E8209453.d.D84245FBD6217B2DB586D57117E3BC79.e.15091/enabled - {}
COMMAND: GET /session/a5881d3eaca756d633e860ab0441a8d1/screenshot - {}
RESULT: {}
COMMAND: POST /session/a5881d3eaca756d633e860ab0441a8d1/execute/sync - {"script":"<script> [8489 bytes]","args":[{"element-6066-11e4-a52e-4f735466cecf":"f.70EA98C12271B5C153327B12E8209453.d.D84245FBD6217B2DB586D57117E3BC79.e.15091","ELEMENT":"f.70EA98C12271B5C153327B12E8209453.d.D84245FBD6217B2DB586D57117E3BC79.e.15091"}]}
COMMAND: GET /session/a5881d3eaca756d633e860ab0441a8d1/screenshot - {}
RESULT: {}
RESULT: {"script":"<script> [8489 bytes]","args":[{"element-6066-11e4-a52e-4f735466cecf":"f.70EA98C12271B5C153327B12E8209453.d.D84245FBD6217B2DB586D57117E3BC79.e.15091","ELEMENT":"f.70EA98C12271B5C153327B12E8209453.d.D84245FBD6217B2DB586D57117E3BC79.e.15091"}]}
COMMAND: POST /session/a5881d3eaca756d633e860ab0441a8d1/execute/sync - {"script":"<script> [5351 bytes]","args":[{"element-6066-11e4-a52e-4f735466cecf":"f.70EA98C12271B5C153327B12E8209453.d.D84245FBD6217B2DB586D57117E3BC79.e.15091","ELEMENT":"f.70EA98C12271B5C153327B12E8209453.d.D84245FBD6217B2DB586D57117E3BC79.e.15091"}]}
COMMAND: GET /session/a5881d3eaca756d633e860ab0441a8d1/screenshot - {}
RESULT: {}
RESULT: {}
RESULT: {"script":"<script> [5351 bytes]","args":[{"element-6066-11e4-a52e-4f735466cecf":"f.70EA98C12271B5C153327B12E8209453.d.D84245FBD6217B2DB586D57117E3BC79.e.15091","ELEMENT":"f.70EA98C12271B5C153327B12E8209453.d.D84245FBD6217B2DB586D57117E3BC79.e.15091"}]}
COMMAND: POST /session/a5881d3eaca756d633e860ab0441a8d1/element/f.70EA98C12271B5C153327B12E8209453.d.D84245FBD6217B2DB586D57117E3BC79.e.15091/click - {}
COMMAND: GET /session/a5881d3eaca756d633e860ab0441a8d1/screenshot - {}
RESULT: {}
COMMAND: GET /session/a5881d3eaca756d633e860ab0441a8d1/screenshot - {}
RESULT: {}
RESULT: {}
COMMAND: POST /session/a5881d3eaca756d633e860ab0441a8d1/execute/async - {"script":"<script> [1562 bytes]","args":[{"selector":{"controlType":"sap.m.Title","viewName":"etm.portal.ui.managepricingrules.view.NewItem","viewId":"application-managepricingrules-display-component---newInfoPriceItem","properties":{"text":"New Pricing Rules - Item Level"}},"wdio_ui5_key":"etmportal.ui.managepricingrules.view.NewItemsap.m.Title{\"text\":\"New Pricing Rules - Item Level\"}"}]}
RESULT: {"script":"<script> [1562 bytes]","args":[{"selector":{"controlType":"sap.m.Title","viewName":"etm.portal.ui.managepricingrules.view.NewItem","viewId":"application-managepricingrules-display-component---newInfoPriceItem","properties":{"text":"New Pricing Rules - Item Level"}},"wdio_ui5_key":"etmportal.ui.managepricingrules.view.NewItemsap.m.Title{\"text\":\"New Pricing Rules - Item Level\"}"}]}
RESULT: undefined
COMMAND: POST /session/a5881d3eaca756d633e860ab0441a8d1/execute/async - {"script":"<script> [6424 bytes]","args":[{"element-6066-11e4-a52e-4f735466cecf":"f.70EA98C12271B5C153327B12E8209453.d.D84245FBD6217B2DB586D57117E3BC79.e.15262"},"getText",[]]}
RESULT: {"script":"<script> [6424 bytes]","args":[{"element-6066-11e4-a52e-4f735466cecf":"f.70EA98C12271B5C153327B12E8209453.d.D84245FBD6217B2DB586D57117E3BC79.e.15262"},"getText",[]]}
COMMAND: POST /session/a5881d3eaca756d633e860ab0441a8d1/execute/async - {"script":"<script> [1562 bytes]","args":[{"selector":{"id":"application-managepricingrules-display-component---newInfoPriceItem--condValidTo","interaction":{"idSuffix":"inner"}},"wdio_ui5_key":"applicationmanagepricingrules-display-component---newInfoPriceItem--condValidTo"}]}
RESULT: {"script":"<script> [1562 bytes]","args":[{"selector":{"id":"application-managepricingrules-display-component---newInfoPriceItem--condValidTo","interaction":{"idSuffix":"inner"}},"wdio_ui5_key":"applicationmanagepricingrules-display-component---newInfoPriceItem--condValidTo"}]}
RESULT: undefined
COMMAND: POST /session/a5881d3eaca756d633e860ab0441a8d1/execute/async - {"script":"<script> [776 bytes]","args":[{"enterText":"12/30/25","selector":{"id":"application-managepricingrules-display-component---newInfoPriceItem--condValidTo","interaction":{"idSuffix":"inner"}},"clearTextFirst":true,"interactionType":"ENTER_TEXT"}]}
RESULT: {"script":"<script> [776 bytes]","args":[{"enterText":"12/30/25","selector":{"id":"application-managepricingrules-display-component---newInfoPriceItem--condValidTo","interaction":{"idSuffix":"inner"}},"clearTextFirst":true,"interactionType":"ENTER_TEXT"}]}
COMMAND: POST /session/a5881d3eaca756d633e860ab0441a8d1/execute/async - {"script":"<script> [1562 bytes]","args":[{"selector":{"id":"application-managepricingrules-display-component---newInfoPriceItem--billType-arrow"},"wdio_ui5_key":"applicationmanagepricingrules-display-component---newInfoPriceItem--billType-arrow"}]}
RESULT: {"script":"<script> [1562 bytes]","args":[{"selector":{"id":"application-managepricingrules-display-component---newInfoPriceItem--billType-arrow"},"wdio_ui5_key":"applicationmanagepricingrules-display-component---newInfoPriceItem--billType-arrow"}]}
RESULT: undefined
COMMAND: POST /session/a5881d3eaca756d633e860ab0441a8d1/element - {"using":"xpath","value":"//*[@id=\"application-managepricingrules-display-component---newInfoPriceItem--billType-arrow\"]"}
RESULT: {"using":"xpath","value":"//*[@id=\"application-managepricingrules-display-component---newInfoPriceItem--billType-arrow\"]"}
COMMAND: POST /session/a5881d3eaca756d633e860ab0441a8d1/element/f.70EA98C12271B5C153327B12E8209453.d.D84245FBD6217B2DB586D57117E3BC79.e.15224/click - {}
RESULT: {}
COMMAND: POST /session/a5881d3eaca756d633e860ab0441a8d1/element - {"using":"xpath","value":"//span[contains(text(), \"PB - Performance based\")]"}
COMMAND: GET /session/a5881d3eaca756d633e860ab0441a8d1/screenshot - {}
RESULT: {"using":"xpath","value":"//span[contains(text(), \"PB - Performance based\")]"}
COMMAND: POST /session/a5881d3eaca756d633e860ab0441a8d1/element/f.70EA98C12271B5C153327B12E8209453.d.D84245FBD6217B2DB586D57117E3BC79.e.15265/click - {}
RESULT: {}
RESULT: {}
COMMAND: POST /session/a5881d3eaca756d633e860ab0441a8d1/execute/async - {"script":"<script> [1562 bytes]","args":[{"selector":{"id":"application-managepricingrules-display-component---newInfoPriceItem--priceProc-arrow"},"wdio_ui5_key":"applicationmanagepricingrules-display-component---newInfoPriceItem--priceProc-arrow"}]}
COMMAND: GET /session/a5881d3eaca756d633e860ab0441a8d1/screenshot - {}
RESULT: {"script":"<script> [1562 bytes]","args":[{"selector":{"id":"application-managepricingrules-display-component---newInfoPriceItem--priceProc-arrow"},"wdio_ui5_key":"applicationmanagepricingrules-display-component---newInfoPriceItem--priceProc-arrow"}]}
RESULT: undefined
COMMAND: POST /session/a5881d3eaca756d633e860ab0441a8d1/element - {"using":"xpath","value":"//*[@id=\"application-managepricingrules-display-component---newInfoPriceItem--priceProc-arrow\"]"}
RESULT: {}
RESULT: {"using":"xpath","value":"//*[@id=\"application-managepricingrules-display-component---newInfoPriceItem--priceProc-arrow\"]"}
COMMAND: POST /session/a5881d3eaca756d633e860ab0441a8d1/element/f.70EA98C12271B5C153327B12E8209453.d.D84245FBD6217B2DB586D57117E3BC79.e.15231/click - {}
RESULT: {}
COMMAND: POST /session/a5881d3eaca756d633e860ab0441a8d1/element - {"using":"xpath","value":"//span[contains(text(), \"PRF - Performance based\")]"}
COMMAND: GET /session/a5881d3eaca756d633e860ab0441a8d1/screenshot - {}
RESULT: {"using":"xpath","value":"//span[contains(text(), \"PRF - Performance based\")]"}
COMMAND: POST /session/a5881d3eaca756d633e860ab0441a8d1/element/f.70EA98C12271B5C153327B12E8209453.d.D84245FBD6217B2DB586D57117E3BC79.e.15266/click - {}
RESULT: {}
RESULT: {}
COMMAND: POST /session/a5881d3eaca756d633e860ab0441a8d1/execute/async - {"script":"<script> [1562 bytes]","args":[{"selector":{"id":"application-managepricingrules-display-component---newInfoPriceItem--calcBase-arrow"},"wdio_ui5_key":"applicationmanagepricingrules-display-component---newInfoPriceItem--calcBase-arrow"}]}
COMMAND: GET /session/a5881d3eaca756d633e860ab0441a8d1/screenshot - {}
RESULT: {"script":"<script> [1562 bytes]","args":[{"selector":{"id":"application-managepricingrules-display-component---newInfoPriceItem--calcBase-arrow"},"wdio_ui5_key":"applicationmanagepricingrules-display-component---newInfoPriceItem--calcBase-arrow"}]}
RESULT: undefined
COMMAND: POST /session/a5881d3eaca756d633e860ab0441a8d1/element - {"using":"xpath","value":"//*[@id=\"application-managepricingrules-display-component---newInfoPriceItem--calcBase-arrow\"]"}
RESULT: {}
RESULT: {"using":"xpath","value":"//*[@id=\"application-managepricingrules-display-component---newInfoPriceItem--calcBase-arrow\"]"}
COMMAND: POST /session/a5881d3eaca756d633e860ab0441a8d1/element/f.70EA98C12271B5C153327B12E8209453.d.D84245FBD6217B2DB586D57117E3BC79.e.15238/click - {}
RESULT: {}
COMMAND: GET /session/a5881d3eaca756d633e860ab0441a8d1/screenshot - {}
RESULT: {}
COMMAND: POST /session/a5881d3eaca756d633e860ab0441a8d1/element - {"using":"xpath","value":"//span[contains(text(), \"0007 - PB(work days)\")]"}
RESULT: {"using":"xpath","value":"//span[contains(text(), \"0007 - PB(work days)\")]"}
COMMAND: POST /session/a5881d3eaca756d633e860ab0441a8d1/element/f.70EA98C12271B5C153327B12E8209453.d.D84245FBD6217B2DB586D57117E3BC79.e.15267/click - {}
RESULT: {}
COMMAND: GET /session/a5881d3eaca756d633e860ab0441a8d1/screenshot - {}
RESULT: {}
COMMAND: POST /session/a5881d3eaca756d633e860ab0441a8d1/execute/async - {"script":"<script> [1562 bytes]","args":[{"selector":{"id":"application-managepricingrules-display-component---newInfoPriceItem--hoursMonth","interaction":{"idSuffix":"inner"}},"wdio_ui5_key":"applicationmanagepricingrules-display-component---newInfoPriceItem--hoursMonth"}]}
RESULT: {"script":"<script> [1562 bytes]","args":[{"selector":{"id":"application-managepricingrules-display-component---newInfoPriceItem--hoursMonth","interaction":{"idSuffix":"inner"}},"wdio_ui5_key":"applicationmanagepricingrules-display-component---newInfoPriceItem--hoursMonth"}]}
RESULT: undefined
COMMAND: POST /session/a5881d3eaca756d633e860ab0441a8d1/execute/async - {"script":"<script> [776 bytes]","args":[{"enterText":"160","selector":{"id":"application-managepricingrules-display-component---newInfoPriceItem--hoursMonth","interaction":{"idSuffix":"inner"}},"clearTextFirst":true,"interactionType":"ENTER_TEXT"}]}
RESULT: {"script":"<script> [776 bytes]","args":[{"enterText":"160","selector":{"id":"application-managepricingrules-display-component---newInfoPriceItem--hoursMonth","interaction":{"idSuffix":"inner"}},"clearTextFirst":true,"interactionType":"ENTER_TEXT"}]}
COMMAND: POST /session/a5881d3eaca756d633e860ab0441a8d1/element - {"using":"xpath","value":"//button[@data-kt=\"saveNewRuleButton\"]"}
RESULT: {"using":"xpath","value":"//button[@data-kt=\"saveNewRuleButton\"]"}
COMMAND: POST /session/a5881d3eaca756d633e860ab0441a8d1/element/f.70EA98C12271B5C153327B12E8209453.d.D84245FBD6217B2DB586D57117E3BC79.e.15258/click - {}
RESULT: {}
COMMAND: GET /session/a5881d3eaca756d633e860ab0441a8d1/screenshot - {}
RESULT: {}
COMMAND: POST /session/a5881d3eaca756d633e860ab0441a8d1/execute/async - {"script":"<script> [1562 bytes]","args":[{"selector":{"id":"application-managepricingrules-display-component---priceInfoItem--smartFilterBar-btnBasicSearch","interaction":{"idSuffix":"I"}},"wdio_ui5_key":"applicationmanagepricingrules-display-component---priceInfoItem--smartFilterBar-btnBasicSearch"}]}
RESULT: {"script":"<script> [1562 bytes]","args":[{"selector":{"id":"application-managepricingrules-display-component---priceInfoItem--smartFilterBar-btnBasicSearch","interaction":{"idSuffix":"I"}},"wdio_ui5_key":"applicationmanagepricingrules-display-component---priceInfoItem--smartFilterBar-btnBasicSearch"}]}
RESULT: undefined
COMMAND: POST /session/a5881d3eaca756d633e860ab0441a8d1/execute/async - {"script":"<script> [776 bytes]","args":[{"enterText":"wJWUDJ9q6n","selector":{"id":"application-managepricingrules-display-component---priceInfoItem--smartFilterBar-btnBasicSearch","interaction":{"idSuffix":"I"}},"clearTextFirst":true,"interactionType":"ENTER_TEXT"}]}
RESULT: {"script":"<script> [776 bytes]","args":[{"enterText":"wJWUDJ9q6n","selector":{"id":"application-managepricingrules-display-component---priceInfoItem--smartFilterBar-btnBasicSearch","interaction":{"idSuffix":"I"}},"clearTextFirst":true,"interactionType":"ENTER_TEXT"}]}
COMMAND: POST /session/a5881d3eaca756d633e860ab0441a8d1/actions - {"actions":[{"id":"action54","type":"key","parameters":{},"actions":[{"type":"keyDown","value":"î€‡"},{"type":"pause","duration":10},{"type":"keyUp","value":"î€‡"}]}]}
RESULT: {"actions":[{"id":"action54","type":"key","parameters":{},"actions":[{"type":"keyDown","value":"î€‡"},{"type":"pause","duration":10},{"type":"keyUp","value":"î€‡"}]}]}
COMMAND: GET /session/a5881d3eaca756d633e860ab0441a8d1/screenshot - {}
RESULT: {}
COMMAND: POST /session/a5881d3eaca756d633e860ab0441a8d1/element - {"using":"xpath","value":"//span[@id=\"application-managepricingrules-display-component---priceInfoItem--smartTable-header-inner\"]"}
RESULT: {"using":"xpath","value":"//span[@id=\"application-managepricingrules-display-component---priceInfoItem--smartTable-header-inner\"]"}
COMMAND: POST /session/a5881d3eaca756d633e860ab0441a8d1/elements - {"using":"xpath","value":"//span[@id=\"application-managepricingrules-display-component---priceInfoItem--smartTable-header-inner\"]"}
RESULT: {"using":"xpath","value":"//span[@id=\"application-managepricingrules-display-component---priceInfoItem--smartTable-header-inner\"]"}
COMMAND: POST /session/a5881d3eaca756d633e860ab0441a8d1/execute/sync - {"script":"<script> [56 bytes]","args":[{"element-6066-11e4-a52e-4f735466cecf":"f.70EA98C12271B5C153327B12E8209453.d.D84245FBD6217B2DB586D57117E3BC79.e.15292","ELEMENT":"f.70EA98C12271B5C153327B12E8209453.d.D84245FBD6217B2DB586D57117E3BC79.e.15292"}]}
RESULT: {"script":"<script> [56 bytes]","args":[{"element-6066-11e4-a52e-4f735466cecf":"f.70EA98C12271B5C153327B12E8209453.d.D84245FBD6217B2DB586D57117E3BC79.e.15292","ELEMENT":"f.70EA98C12271B5C153327B12E8209453.d.D84245FBD6217B2DB586D57117E3BC79.e.15292"}]}
COMMAND: POST /session/a5881d3eaca756d633e860ab0441a8d1/element - {"using":"css selector","value":"#shell-header-logo"}
COMMAND: GET /session/a5881d3eaca756d633e860ab0441a8d1/screenshot - {}
RESULT: {"using":"css selector","value":"#shell-header-logo"}
COMMAND: POST /session/a5881d3eaca756d633e860ab0441a8d1/element/f.70EA98C12271B5C153327B12E8209453.d.D84245FBD6217B2DB586D57117E3BC79.e.14397/click - {}
RESULT: {}
RESULT: {}
COMMAND: GET /session/a5881d3eaca756d633e860ab0441a8d1/screenshot - {}
RESULT: {}
]]></system-out>
    </testcase>
    <testcase classname="chrome.135_0_7049_96.windows.Performance_based_billing_(work_days)_US139742" name="Should create a performance based billing condition on the equipment" time="64.159">
      <system-out><![CDATA[
COMMAND: POST /session/a5881d3eaca756d633e860ab0441a8d1/execute/async - {"script":"<script> [1562 bytes]","args":[{"selector":{"controlType":"sap.m.Text","properties":{"text":"Manage Conditions & Prices"},"interaction":{"idSuffix":"inner"}},"wdio_ui5_key":"sapm.Text{\"text\":\"Manage Conditions & Prices\"}"}]}
RESULT: {"script":"<script> [1562 bytes]","args":[{"selector":{"controlType":"sap.m.Text","properties":{"text":"Manage Conditions & Prices"},"interaction":{"idSuffix":"inner"}},"wdio_ui5_key":"sapm.Text{\"text\":\"Manage Conditions & Prices\"}"}]}
RESULT: undefined
COMMAND: POST /session/a5881d3eaca756d633e860ab0441a8d1/element - {"using":"xpath","value":"//*[@id=\"__tile53-title\"]"}
RESULT: {"using":"xpath","value":"//*[@id=\"__tile53-title\"]"}
COMMAND: POST /session/a5881d3eaca756d633e860ab0441a8d1/element/f.70EA98C12271B5C153327B12E8209453.d.D84245FBD6217B2DB586D57117E3BC79.e.15295/click - {}
RESULT: {}
COMMAND: POST /session/a5881d3eaca756d633e860ab0441a8d1/element - {"using":"xpath","value":"//button[@aria-label=\"Create\"]"}
COMMAND: GET /session/a5881d3eaca756d633e860ab0441a8d1/screenshot - {}
RESULT: {"using":"xpath","value":"//button[@aria-label=\"Create\"]"}
COMMAND: POST /session/a5881d3eaca756d633e860ab0441a8d1/elements - {"using":"xpath","value":"//button[@aria-label=\"Create\"]"}
RESULT: {}
RESULT: {"using":"xpath","value":"//button[@aria-label=\"Create\"]"}
COMMAND: POST /session/a5881d3eaca756d633e860ab0441a8d1/element - {"using":"xpath","value":"//button[@aria-label=\"Create\"]"}
RESULT: {"using":"xpath","value":"//button[@aria-label=\"Create\"]"}
COMMAND: POST /session/a5881d3eaca756d633e860ab0441a8d1/execute/sync - {"script":"<script> [8489 bytes]","args":[{"element-6066-11e4-a52e-4f735466cecf":"f.70EA98C12271B5C153327B12E8209453.d.D84245FBD6217B2DB586D57117E3BC79.e.15330","ELEMENT":"f.70EA98C12271B5C153327B12E8209453.d.D84245FBD6217B2DB586D57117E3BC79.e.15330"}]}
RESULT: {"script":"<script> [8489 bytes]","args":[{"element-6066-11e4-a52e-4f735466cecf":"f.70EA98C12271B5C153327B12E8209453.d.D84245FBD6217B2DB586D57117E3BC79.e.15330","ELEMENT":"f.70EA98C12271B5C153327B12E8209453.d.D84245FBD6217B2DB586D57117E3BC79.e.15330"}]}
COMMAND: GET /session/a5881d3eaca756d633e860ab0441a8d1/element/f.70EA98C12271B5C153327B12E8209453.d.D84245FBD6217B2DB586D57117E3BC79.e.15330/enabled - {}
COMMAND: GET /session/a5881d3eaca756d633e860ab0441a8d1/screenshot - {}
RESULT: {}
COMMAND: POST /session/a5881d3eaca756d633e860ab0441a8d1/execute/sync - {"script":"<script> [8489 bytes]","args":[{"element-6066-11e4-a52e-4f735466cecf":"f.70EA98C12271B5C153327B12E8209453.d.D84245FBD6217B2DB586D57117E3BC79.e.15330","ELEMENT":"f.70EA98C12271B5C153327B12E8209453.d.D84245FBD6217B2DB586D57117E3BC79.e.15330"}]}
COMMAND: GET /session/a5881d3eaca756d633e860ab0441a8d1/screenshot - {}
RESULT: {}
RESULT: {"script":"<script> [8489 bytes]","args":[{"element-6066-11e4-a52e-4f735466cecf":"f.70EA98C12271B5C153327B12E8209453.d.D84245FBD6217B2DB586D57117E3BC79.e.15330","ELEMENT":"f.70EA98C12271B5C153327B12E8209453.d.D84245FBD6217B2DB586D57117E3BC79.e.15330"}]}
COMMAND: POST /session/a5881d3eaca756d633e860ab0441a8d1/execute/sync - {"script":"<script> [5351 bytes]","args":[{"element-6066-11e4-a52e-4f735466cecf":"f.70EA98C12271B5C153327B12E8209453.d.D84245FBD6217B2DB586D57117E3BC79.e.15330","ELEMENT":"f.70EA98C12271B5C153327B12E8209453.d.D84245FBD6217B2DB586D57117E3BC79.e.15330"}]}
COMMAND: GET /session/a5881d3eaca756d633e860ab0441a8d1/screenshot - {}
RESULT: {}
RESULT: {"script":"<script> [5351 bytes]","args":[{"element-6066-11e4-a52e-4f735466cecf":"f.70EA98C12271B5C153327B12E8209453.d.D84245FBD6217B2DB586D57117E3BC79.e.15330","ELEMENT":"f.70EA98C12271B5C153327B12E8209453.d.D84245FBD6217B2DB586D57117E3BC79.e.15330"}]}
COMMAND: POST /session/a5881d3eaca756d633e860ab0441a8d1/element/f.70EA98C12271B5C153327B12E8209453.d.D84245FBD6217B2DB586D57117E3BC79.e.15330/click - {}
COMMAND: GET /session/a5881d3eaca756d633e860ab0441a8d1/screenshot - {}
RESULT: {}
RESULT: {}
COMMAND: GET /session/a5881d3eaca756d633e860ab0441a8d1/screenshot - {}
RESULT: {}
RESULT: {}
COMMAND: POST /session/a5881d3eaca756d633e860ab0441a8d1/actions - {"actions":[{"id":"action55","type":"key","parameters":{},"actions":[{"type":"keyDown","value":"î€‡"},{"type":"pause","duration":10},{"type":"keyUp","value":"î€‡"}]}]}
RESULT: {"actions":[{"id":"action55","type":"key","parameters":{},"actions":[{"type":"keyDown","value":"î€‡"},{"type":"pause","duration":10},{"type":"keyUp","value":"î€‡"}]}]}
COMMAND: GET /session/a5881d3eaca756d633e860ab0441a8d1/screenshot - {}
RESULT: {}
COMMAND: POST /session/a5881d3eaca756d633e860ab0441a8d1/execute/async - {"script":"<script> [1562 bytes]","args":[{"selector":{"id":"application-manageconditionprice-display-component---newCondition--condBillCond-arrow"},"wdio_ui5_key":"applicationmanageconditionprice-display-component---newCondition--condBillCond-arrow"}]}
RESULT: {"script":"<script> [1562 bytes]","args":[{"selector":{"id":"application-manageconditionprice-display-component---newCondition--condBillCond-arrow"},"wdio_ui5_key":"applicationmanageconditionprice-display-component---newCondition--condBillCond-arrow"}]}
RESULT: undefined
COMMAND: POST /session/a5881d3eaca756d633e860ab0441a8d1/element - {"using":"xpath","value":"//*[@id=\"application-manageconditionprice-display-component---newCondition--condBillCond-arrow\"]"}
RESULT: {"using":"xpath","value":"//*[@id=\"application-manageconditionprice-display-component---newCondition--condBillCond-arrow\"]"}
COMMAND: POST /session/a5881d3eaca756d633e860ab0441a8d1/element/f.70EA98C12271B5C153327B12E8209453.d.D84245FBD6217B2DB586D57117E3BC79.e.15510/click - {}
RESULT: {}
COMMAND: GET /session/a5881d3eaca756d633e860ab0441a8d1/screenshot - {}
RESULT: {}
COMMAND: POST /session/a5881d3eaca756d633e860ab0441a8d1/element - {"using":"xpath","value":"//li[.//span[contains(text(), \"PC06 - Performance Price - fuel\")]]"}
RESULT: {"using":"xpath","value":"//li[.//span[contains(text(), \"PC06 - Performance Price - fuel\")]]"}
COMMAND: POST /session/a5881d3eaca756d633e860ab0441a8d1/element/f.70EA98C12271B5C153327B12E8209453.d.D84245FBD6217B2DB586D57117E3BC79.e.15513/click - {}
RESULT: {}
COMMAND: GET /session/a5881d3eaca756d633e860ab0441a8d1/screenshot - {}
RESULT: {}
COMMAND: POST /session/a5881d3eaca756d633e860ab0441a8d1/execute/async - {"script":"<script> [1562 bytes]","args":[{"selector":{"id":"application-manageconditionprice-display-component---newCondition--condValidTo","interaction":{"idSuffix":"inner"}},"wdio_ui5_key":"applicationmanageconditionprice-display-component---newCondition--condValidTo"}]}
RESULT: {"script":"<script> [1562 bytes]","args":[{"selector":{"id":"application-manageconditionprice-display-component---newCondition--condValidTo","interaction":{"idSuffix":"inner"}},"wdio_ui5_key":"applicationmanageconditionprice-display-component---newCondition--condValidTo"}]}
RESULT: undefined
COMMAND: POST /session/a5881d3eaca756d633e860ab0441a8d1/execute/async - {"script":"<script> [776 bytes]","args":[{"enterText":"12/30/25","selector":{"id":"application-manageconditionprice-display-component---newCondition--condValidTo","interaction":{"idSuffix":"inner"}},"clearTextFirst":true,"interactionType":"ENTER_TEXT"}]}
RESULT: {"script":"<script> [776 bytes]","args":[{"enterText":"12/30/25","selector":{"id":"application-manageconditionprice-display-component---newCondition--condValidTo","interaction":{"idSuffix":"inner"}},"clearTextFirst":true,"interactionType":"ENTER_TEXT"}]}
COMMAND: POST /session/a5881d3eaca756d633e860ab0441a8d1/element - {"using":"xpath","value":"//input[@id=\"application-manageconditionprice-display-component---newCondition--condRU-inner\"]"}
RESULT: {"using":"xpath","value":"//input[@id=\"application-manageconditionprice-display-component---newCondition--condRU-inner\"]"}
COMMAND: POST /session/a5881d3eaca756d633e860ab0441a8d1/element/f.70EA98C12271B5C153327B12E8209453.d.D84245FBD6217B2DB586D57117E3BC79.e.15375/clear - {}
RESULT: {}
COMMAND: POST /session/a5881d3eaca756d633e860ab0441a8d1/element/f.70EA98C12271B5C153327B12E8209453.d.D84245FBD6217B2DB586D57117E3BC79.e.15375/value - {"text":"wJWUDJ9q6n"}
COMMAND: GET /session/a5881d3eaca756d633e860ab0441a8d1/screenshot - {}
RESULT: {"text":"wJWUDJ9q6n"}
COMMAND: GET /session/a5881d3eaca756d633e860ab0441a8d1/screenshot - {}
RESULT: {}
RESULT: {}
COMMAND: POST /session/a5881d3eaca756d633e860ab0441a8d1/actions - {"actions":[{"id":"action56","type":"key","parameters":{},"actions":[{"type":"keyDown","value":"î€‡"},{"type":"pause","duration":10},{"type":"keyUp","value":"î€‡"}]}]}
RESULT: {"actions":[{"id":"action56","type":"key","parameters":{},"actions":[{"type":"keyDown","value":"î€‡"},{"type":"pause","duration":10},{"type":"keyUp","value":"î€‡"}]}]}
COMMAND: POST /session/a5881d3eaca756d633e860ab0441a8d1/execute/async - {"script":"<script> [1562 bytes]","args":[{"selector":{"id":"application-manageconditionprice-display-component---newCondition--condBaseQty","interaction":{"idSuffix":"inner"}},"wdio_ui5_key":"applicationmanageconditionprice-display-component---newCondition--condBaseQty"}]}
COMMAND: GET /session/a5881d3eaca756d633e860ab0441a8d1/screenshot - {}
RESULT: {"script":"<script> [1562 bytes]","args":[{"selector":{"id":"application-manageconditionprice-display-component---newCondition--condBaseQty","interaction":{"idSuffix":"inner"}},"wdio_ui5_key":"applicationmanageconditionprice-display-component---newCondition--condBaseQty"}]}
RESULT: undefined
COMMAND: POST /session/a5881d3eaca756d633e860ab0441a8d1/execute/async - {"script":"<script> [776 bytes]","args":[{"enterText":"1","selector":{"id":"application-manageconditionprice-display-component---newCondition--condBaseQty","interaction":{"idSuffix":"inner"}},"clearTextFirst":true,"interactionType":"ENTER_TEXT"}]}
RESULT: {}
RESULT: {"script":"<script> [776 bytes]","args":[{"enterText":"1","selector":{"id":"application-manageconditionprice-display-component---newCondition--condBaseQty","interaction":{"idSuffix":"inner"}},"clearTextFirst":true,"interactionType":"ENTER_TEXT"}]}
COMMAND: POST /session/a5881d3eaca756d633e860ab0441a8d1/execute/async - {"script":"<script> [1562 bytes]","args":[{"selector":{"id":"application-manageconditionprice-display-component---newCondition--condValue","interaction":{"idSuffix":"inner"}},"wdio_ui5_key":"applicationmanageconditionprice-display-component---newCondition--condValue"}]}
RESULT: {"script":"<script> [1562 bytes]","args":[{"selector":{"id":"application-manageconditionprice-display-component---newCondition--condValue","interaction":{"idSuffix":"inner"}},"wdio_ui5_key":"applicationmanageconditionprice-display-component---newCondition--condValue"}]}
RESULT: undefined
COMMAND: POST /session/a5881d3eaca756d633e860ab0441a8d1/execute/async - {"script":"<script> [776 bytes]","args":[{"enterText":"10","selector":{"id":"application-manageconditionprice-display-component---newCondition--condValue","interaction":{"idSuffix":"inner"}},"clearTextFirst":true,"interactionType":"ENTER_TEXT"}]}
RESULT: {"script":"<script> [776 bytes]","args":[{"enterText":"10","selector":{"id":"application-manageconditionprice-display-component---newCondition--condValue","interaction":{"idSuffix":"inner"}},"clearTextFirst":true,"interactionType":"ENTER_TEXT"}]}
COMMAND: POST /session/a5881d3eaca756d633e860ab0441a8d1/execute/async - {"script":"<script> [1562 bytes]","args":[{"selector":{"id":"application-manageconditionprice-display-component---newCondition--condCurr-arrow"},"wdio_ui5_key":"applicationmanageconditionprice-display-component---newCondition--condCurr-arrow"}]}
RESULT: {"script":"<script> [1562 bytes]","args":[{"selector":{"id":"application-manageconditionprice-display-component---newCondition--condCurr-arrow"},"wdio_ui5_key":"applicationmanageconditionprice-display-component---newCondition--condCurr-arrow"}]}
RESULT: undefined
COMMAND: POST /session/a5881d3eaca756d633e860ab0441a8d1/element - {"using":"xpath","value":"//*[@id=\"application-manageconditionprice-display-component---newCondition--condCurr-arrow\"]"}
RESULT: {"using":"xpath","value":"//*[@id=\"application-manageconditionprice-display-component---newCondition--condCurr-arrow\"]"}
COMMAND: POST /session/a5881d3eaca756d633e860ab0441a8d1/element/f.70EA98C12271B5C153327B12E8209453.d.D84245FBD6217B2DB586D57117E3BC79.e.15484/click - {}
RESULT: {}
COMMAND: POST /session/a5881d3eaca756d633e860ab0441a8d1/element - {"using":"xpath","value":"//span[contains(text(), \"Euro\")]"}
COMMAND: GET /session/a5881d3eaca756d633e860ab0441a8d1/screenshot - {}
RESULT: {"using":"xpath","value":"//span[contains(text(), \"Euro\")]"}
COMMAND: POST /session/a5881d3eaca756d633e860ab0441a8d1/element/f.70EA98C12271B5C153327B12E8209453.d.D84245FBD6217B2DB586D57117E3BC79.e.15548/click - {}
RESULT: {}
RESULT: {}
COMMAND: POST /session/a5881d3eaca756d633e860ab0441a8d1/element - {"using":"xpath","value":"//button[@data-kt=\"saveButton\"]"}
COMMAND: GET /session/a5881d3eaca756d633e860ab0441a8d1/screenshot - {}
RESULT: {"using":"xpath","value":"//button[@data-kt=\"saveButton\"]"}
COMMAND: POST /session/a5881d3eaca756d633e860ab0441a8d1/element/f.70EA98C12271B5C153327B12E8209453.d.D84245FBD6217B2DB586D57117E3BC79.e.15485/click - {}
RESULT: {}
RESULT: {}
COMMAND: GET /session/a5881d3eaca756d633e860ab0441a8d1/screenshot - {}
RESULT: {}
COMMAND: POST /session/a5881d3eaca756d633e860ab0441a8d1/execute/async - {"script":"<script> [1562 bytes]","args":[{"selector":{"id":"application-manageconditionprice-display-component---conditions--smartFilterBar-btnBasicSearch","interaction":{"idSuffix":"I"}},"wdio_ui5_key":"applicationmanageconditionprice-display-component---conditions--smartFilterBar-btnBasicSearch"}]}
RESULT: {"script":"<script> [1562 bytes]","args":[{"selector":{"id":"application-manageconditionprice-display-component---conditions--smartFilterBar-btnBasicSearch","interaction":{"idSuffix":"I"}},"wdio_ui5_key":"applicationmanageconditionprice-display-component---conditions--smartFilterBar-btnBasicSearch"}]}
RESULT: undefined
COMMAND: POST /session/a5881d3eaca756d633e860ab0441a8d1/execute/async - {"script":"<script> [776 bytes]","args":[{"enterText":"wJWUDJ9q6n","selector":{"id":"application-manageconditionprice-display-component---conditions--smartFilterBar-btnBasicSearch","interaction":{"idSuffix":"I"}},"clearTextFirst":true,"interactionType":"ENTER_TEXT"}]}
RESULT: {"script":"<script> [776 bytes]","args":[{"enterText":"wJWUDJ9q6n","selector":{"id":"application-manageconditionprice-display-component---conditions--smartFilterBar-btnBasicSearch","interaction":{"idSuffix":"I"}},"clearTextFirst":true,"interactionType":"ENTER_TEXT"}]}
COMMAND: POST /session/a5881d3eaca756d633e860ab0441a8d1/actions - {"actions":[{"id":"action57","type":"key","parameters":{},"actions":[{"type":"keyDown","value":"î€‡"},{"type":"pause","duration":10},{"type":"keyUp","value":"î€‡"}]}]}
RESULT: {"actions":[{"id":"action57","type":"key","parameters":{},"actions":[{"type":"keyDown","value":"î€‡"},{"type":"pause","duration":10},{"type":"keyUp","value":"î€‡"}]}]}
COMMAND: GET /session/a5881d3eaca756d633e860ab0441a8d1/screenshot - {}
RESULT: {}
COMMAND: POST /session/a5881d3eaca756d633e860ab0441a8d1/execute/async - {"script":"<script> [1562 bytes]","args":[{"selector":{"id":"application-manageconditionprice-display-component---conditions--smartFilterBar-filterItemControl_BASIC-BILL_TYPES-vhi"},"wdio_ui5_key":"applicationmanageconditionprice-display-component---conditions--smartFilterBar-filterItemControl_BASIC-BILL_TYPES-vhi"}]}
RESULT: {"script":"<script> [1562 bytes]","args":[{"selector":{"id":"application-manageconditionprice-display-component---conditions--smartFilterBar-filterItemControl_BASIC-BILL_TYPES-vhi"},"wdio_ui5_key":"applicationmanageconditionprice-display-component---conditions--smartFilterBar-filterItemControl_BASIC-BILL_TYPES-vhi"}]}
RESULT: undefined
COMMAND: POST /session/a5881d3eaca756d633e860ab0441a8d1/element - {"using":"xpath","value":"//*[@id=\"application-manageconditionprice-display-component---conditions--smartFilterBar-filterItemControl_BASIC-BILL_TYPES-vhi\"]"}
RESULT: {"using":"xpath","value":"//*[@id=\"application-manageconditionprice-display-component---conditions--smartFilterBar-filterItemControl_BASIC-BILL_TYPES-vhi\"]"}
COMMAND: POST /session/a5881d3eaca756d633e860ab0441a8d1/element/f.70EA98C12271B5C153327B12E8209453.d.D84245FBD6217B2DB586D57117E3BC79.e.15643/click - {}
RESULT: {}
COMMAND: POST /session/a5881d3eaca756d633e860ab0441a8d1/execute/async - {"script":"<script> [1562 bytes]","args":[{"selector":{"id":"application-manageconditionprice-display-component---conditions--smartFilterBar-filterItemControl_BASIC-BILL_TYPES-valueHelpDialog-smartFilterBar-btnBasicSearch","searchOpenDialogs":true,"interaction":{"idSuffix":"I"}},"wdio_ui5_key":"applicationmanageconditionprice-display-component---conditions--smartFilterBar-filterItemControl_BASIC-BILL_TYPES-valueHelpDialog-smartFilterBar-btnBasicSearch"}]}
COMMAND: GET /session/a5881d3eaca756d633e860ab0441a8d1/screenshot - {}
RESULT: {"script":"<script> [1562 bytes]","args":[{"selector":{"id":"application-manageconditionprice-display-component---conditions--smartFilterBar-filterItemControl_BASIC-BILL_TYPES-valueHelpDialog-smartFilterBar-btnBasicSearch","searchOpenDialogs":true,"interaction":{"idSuffix":"I"}},"wdio_ui5_key":"applicationmanageconditionprice-display-component---conditions--smartFilterBar-filterItemControl_BASIC-BILL_TYPES-valueHelpDialog-smartFilterBar-btnBasicSearch"}]}
RESULT: undefined
COMMAND: POST /session/a5881d3eaca756d633e860ab0441a8d1/execute/async - {"script":"<script> [776 bytes]","args":[{"enterText":"PB","selector":{"id":"application-manageconditionprice-display-component---conditions--smartFilterBar-filterItemControl_BASIC-BILL_TYPES-valueHelpDialog-smartFilterBar-btnBasicSearch","searchOpenDialogs":true,"interaction":{"idSuffix":"I"}},"clearTextFirst":true,"interactionType":"ENTER_TEXT"}]}
RESULT: {}
RESULT: {"script":"<script> [776 bytes]","args":[{"enterText":"PB","selector":{"id":"application-manageconditionprice-display-component---conditions--smartFilterBar-filterItemControl_BASIC-BILL_TYPES-valueHelpDialog-smartFilterBar-btnBasicSearch","searchOpenDialogs":true,"interaction":{"idSuffix":"I"}},"clearTextFirst":true,"interactionType":"ENTER_TEXT"}]}
COMMAND: POST /session/a5881d3eaca756d633e860ab0441a8d1/actions - {"actions":[{"id":"action58","type":"key","parameters":{},"actions":[{"type":"keyDown","value":"î€‡"},{"type":"pause","duration":10},{"type":"keyUp","value":"î€‡"}]}]}
RESULT: {"actions":[{"id":"action58","type":"key","parameters":{},"actions":[{"type":"keyDown","value":"î€‡"},{"type":"pause","duration":10},{"type":"keyUp","value":"î€‡"}]}]}
COMMAND: GET /session/a5881d3eaca756d633e860ab0441a8d1/screenshot - {}
RESULT: {}
COMMAND: POST /session/a5881d3eaca756d633e860ab0441a8d1/element - {"using":"xpath","value":"//div[contains(@id, 'application-manageconditionprice-display-component---conditions--smartFilterBar-filterItemControl_BASIC-BILL_TYPES-valueHelpDialog-table-rowsel0')]"}
RESULT: {"using":"xpath","value":"//div[contains(@id, 'application-manageconditionprice-display-component---conditions--smartFilterBar-filterItemControl_BASIC-BILL_TYPES-valueHelpDialog-table-rowsel0')]"}
COMMAND: POST /session/a5881d3eaca756d633e860ab0441a8d1/element/f.70EA98C12271B5C153327B12E8209453.d.D84245FBD6217B2DB586D57117E3BC79.e.15652/click - {}
RESULT: {}
COMMAND: GET /session/a5881d3eaca756d633e860ab0441a8d1/screenshot - {}
RESULT: {}
COMMAND: POST /session/a5881d3eaca756d633e860ab0441a8d1/element - {"using":"xpath","value":"//bdi[contains(text(), \"OK\")]"}
RESULT: {"using":"xpath","value":"//bdi[contains(text(), \"OK\")]"}
COMMAND: POST /session/a5881d3eaca756d633e860ab0441a8d1/element/f.70EA98C12271B5C153327B12E8209453.d.D84245FBD6217B2DB586D57117E3BC79.e.15654/click - {}
RESULT: {}
COMMAND: GET /session/a5881d3eaca756d633e860ab0441a8d1/screenshot - {}
RESULT: {}
COMMAND: POST /session/a5881d3eaca756d633e860ab0441a8d1/element - {"using":"xpath","value":"//span[@id=\"application-manageconditionprice-display-component---conditions--smartTable-header-inner\"]"}
RESULT: {"using":"xpath","value":"//span[@id=\"application-manageconditionprice-display-component---conditions--smartTable-header-inner\"]"}
COMMAND: POST /session/a5881d3eaca756d633e860ab0441a8d1/elements - {"using":"xpath","value":"//span[@id=\"application-manageconditionprice-display-component---conditions--smartTable-header-inner\"]"}
RESULT: {"using":"xpath","value":"//span[@id=\"application-manageconditionprice-display-component---conditions--smartTable-header-inner\"]"}
COMMAND: POST /session/a5881d3eaca756d633e860ab0441a8d1/execute/sync - {"script":"<script> [56 bytes]","args":[{"element-6066-11e4-a52e-4f735466cecf":"f.70EA98C12271B5C153327B12E8209453.d.D84245FBD6217B2DB586D57117E3BC79.e.15657","ELEMENT":"f.70EA98C12271B5C153327B12E8209453.d.D84245FBD6217B2DB586D57117E3BC79.e.15657"}]}
RESULT: {"script":"<script> [56 bytes]","args":[{"element-6066-11e4-a52e-4f735466cecf":"f.70EA98C12271B5C153327B12E8209453.d.D84245FBD6217B2DB586D57117E3BC79.e.15657","ELEMENT":"f.70EA98C12271B5C153327B12E8209453.d.D84245FBD6217B2DB586D57117E3BC79.e.15657"}]}
COMMAND: POST /session/a5881d3eaca756d633e860ab0441a8d1/element - {"using":"css selector","value":"#shell-header-logo"}
COMMAND: GET /session/a5881d3eaca756d633e860ab0441a8d1/screenshot - {}
RESULT: {"using":"css selector","value":"#shell-header-logo"}
COMMAND: POST /session/a5881d3eaca756d633e860ab0441a8d1/element/f.70EA98C12271B5C153327B12E8209453.d.D84245FBD6217B2DB586D57117E3BC79.e.15298/click - {}
RESULT: {}
RESULT: {}
COMMAND: GET /session/a5881d3eaca756d633e860ab0441a8d1/screenshot - {}
RESULT: {}
]]></system-out>
    </testcase>
    <testcase classname="chrome.135_0_7049_96.windows.Performance_based_billing_(work_days)_US139742" name="Should add a counter to the equipment" time="48.831">
      <system-out><![CDATA[
RESULT: undefined
COMMAND: POST /session/a5881d3eaca756d633e860ab0441a8d1/element - {"using":"xpath","value":"//*[@id=\"__tile39\"]"}
RESULT: {"using":"xpath","value":"//*[@id=\"__tile39\"]"}
COMMAND: POST /session/a5881d3eaca756d633e860ab0441a8d1/element/f.70EA98C12271B5C153327B12E8209453.d.D84245FBD6217B2DB586D57117E3BC79.e.14288/click - {}
RESULT: {}
COMMAND: POST /session/a5881d3eaca756d633e860ab0441a8d1/execute/async - {"script":"<script> [1562 bytes]","args":[{"selector":{"id":"application-manageresources-display-component---masterRU--smartFilterBar-btnBasicSearch","interaction":{"idSuffix":"I"}},"wdio_ui5_key":"applicationmanageresources-display-component---masterRU--smartFilterBar-btnBasicSearch"}]}
COMMAND: GET /session/a5881d3eaca756d633e860ab0441a8d1/screenshot - {}
RESULT: {"script":"<script> [1562 bytes]","args":[{"selector":{"id":"application-manageresources-display-component---masterRU--smartFilterBar-btnBasicSearch","interaction":{"idSuffix":"I"}},"wdio_ui5_key":"applicationmanageresources-display-component---masterRU--smartFilterBar-btnBasicSearch"}]}
RESULT: undefined
COMMAND: POST /session/a5881d3eaca756d633e860ab0441a8d1/execute/async - {"script":"<script> [776 bytes]","args":[{"enterText":"wJWUDJ9q6n","selector":{"id":"application-manageresources-display-component---masterRU--smartFilterBar-btnBasicSearch","interaction":{"idSuffix":"I"}},"clearTextFirst":true,"interactionType":"ENTER_TEXT"}]}
RESULT: {}
RESULT: {"script":"<script> [776 bytes]","args":[{"enterText":"wJWUDJ9q6n","selector":{"id":"application-manageresources-display-component---masterRU--smartFilterBar-btnBasicSearch","interaction":{"idSuffix":"I"}},"clearTextFirst":true,"interactionType":"ENTER_TEXT"}]}
COMMAND: POST /session/a5881d3eaca756d633e860ab0441a8d1/actions - {"actions":[{"id":"action59","type":"key","parameters":{},"actions":[{"type":"keyDown","value":"î€‡"},{"type":"pause","duration":10},{"type":"keyUp","value":"î€‡"}]}]}
RESULT: {"actions":[{"id":"action59","type":"key","parameters":{},"actions":[{"type":"keyDown","value":"î€‡"},{"type":"pause","duration":10},{"type":"keyUp","value":"î€‡"}]}]}
COMMAND: GET /session/a5881d3eaca756d633e860ab0441a8d1/screenshot - {}
RESULT: {}
COMMAND: POST /session/a5881d3eaca756d633e860ab0441a8d1/execute/async - {"script":"<script> [1562 bytes]","args":[{"selector":{"id":"application-manageresources-display-component---masterRU--smartTable-header"},"wdio_ui5_key":"applicationmanageresources-display-component---masterRU--smartTable-header"}]}
RESULT: {"script":"<script> [1562 bytes]","args":[{"selector":{"id":"application-manageresources-display-component---masterRU--smartTable-header"},"wdio_ui5_key":"applicationmanageresources-display-component---masterRU--smartTable-header"}]}
RESULT: undefined
COMMAND: POST /session/a5881d3eaca756d633e860ab0441a8d1/execute/async - {"script":"<script> [6424 bytes]","args":[{"element-6066-11e4-a52e-4f735466cecf":"f.70EA98C12271B5C153327B12E8209453.d.D84245FBD6217B2DB586D57117E3BC79.e.15859"},"getText",[]]}
RESULT: {"script":"<script> [6424 bytes]","args":[{"element-6066-11e4-a52e-4f735466cecf":"f.70EA98C12271B5C153327B12E8209453.d.D84245FBD6217B2DB586D57117E3BC79.e.15859"},"getText",[]]}
COMMAND: POST /session/a5881d3eaca756d633e860ab0441a8d1/execute/async - {"script":"<script> [1562 bytes]","args":[{"selector":{"controlType":"sap.ui.core.Icon","viewName":"etm.portal.ui.manageresources.view.Master","viewId":"application-manageresources-display-component---masterRU","properties":{"src":{"regex":{"source":"slim\\-arrow\\-right"}}}},"wdio_ui5_key":"etmportal.ui.manageresources.view.Mastersap.ui.core.Icon{\"src\":{\"regex\":{\"source\":\"slim\\\\-arrow\\\\-right\"}}}"}]}
RESULT: {"script":"<script> [1562 bytes]","args":[{"selector":{"controlType":"sap.ui.core.Icon","viewName":"etm.portal.ui.manageresources.view.Master","viewId":"application-manageresources-display-component---masterRU","properties":{"src":{"regex":{"source":"slim\\-arrow\\-right"}}}},"wdio_ui5_key":"etmportal.ui.manageresources.view.Mastersap.ui.core.Icon{\"src\":{\"regex\":{\"source\":\"slim\\\\-arrow\\\\-right\"}}}"}]}
RESULT: undefined
COMMAND: POST /session/a5881d3eaca756d633e860ab0441a8d1/element - {"using":"xpath","value":"//*[@id=\"__item970-__clone2481-imgNav\"]"}
RESULT: {"using":"xpath","value":"//*[@id=\"__item970-__clone2481-imgNav\"]"}
COMMAND: POST /session/a5881d3eaca756d633e860ab0441a8d1/element/f.70EA98C12271B5C153327B12E8209453.d.D84245FBD6217B2DB586D57117E3BC79.e.15857/click - {}
RESULT: {}
COMMAND: GET /session/a5881d3eaca756d633e860ab0441a8d1/screenshot - {}
COMMAND: POST /session/a5881d3eaca756d633e860ab0441a8d1/element - {"using":"xpath","value":"//bdi[contains(text(), \"Edit\")]"}
RESULT: {}
RESULT: {"using":"xpath","value":"//bdi[contains(text(), \"Edit\")]"}
COMMAND: POST /session/a5881d3eaca756d633e860ab0441a8d1/execute/sync - {"script":"<script> [8489 bytes]","args":[{"element-6066-11e4-a52e-4f735466cecf":"f.70EA98C12271B5C153327B12E8209453.d.D84245FBD6217B2DB586D57117E3BC79.e.15959","ELEMENT":"f.70EA98C12271B5C153327B12E8209453.d.D84245FBD6217B2DB586D57117E3BC79.e.15959"}]}
RESULT: {"script":"<script> [8489 bytes]","args":[{"element-6066-11e4-a52e-4f735466cecf":"f.70EA98C12271B5C153327B12E8209453.d.D84245FBD6217B2DB586D57117E3BC79.e.15959","ELEMENT":"f.70EA98C12271B5C153327B12E8209453.d.D84245FBD6217B2DB586D57117E3BC79.e.15959"}]}
COMMAND: POST /session/a5881d3eaca756d633e860ab0441a8d1/element/f.70EA98C12271B5C153327B12E8209453.d.D84245FBD6217B2DB586D57117E3BC79.e.15959/click - {}
COMMAND: GET /session/a5881d3eaca756d633e860ab0441a8d1/screenshot - {}
RESULT: {}
COMMAND: GET /session/a5881d3eaca756d633e860ab0441a8d1/screenshot - {}
RESULT: {}
RESULT: {}
COMMAND: POST /session/a5881d3eaca756d633e860ab0441a8d1/execute/async - {"script":"<script> [1562 bytes]","args":[{"selector":{"id":"application-manageresources-display-component---editResource--editRruPage-anchBar-application-manageresources-display-component---editResource--counters-anchor","interaction":{"idSuffix":"BDI-content"}},"wdio_ui5_key":"applicationmanageresources-display-component---editResource--editRruPage-anchBar-application-manageresources-display-component---editResource--counters-anchor"}]}
RESULT: {"script":"<script> [1562 bytes]","args":[{"selector":{"id":"application-manageresources-display-component---editResource--editRruPage-anchBar-application-manageresources-display-component---editResource--counters-anchor","interaction":{"idSuffix":"BDI-content"}},"wdio_ui5_key":"applicationmanageresources-display-component---editResource--editRruPage-anchBar-application-manageresources-display-component---editResource--counters-anchor"}]}
RESULT: undefined
COMMAND: POST /session/a5881d3eaca756d633e860ab0441a8d1/element - {"using":"xpath","value":"//*[@id=\"application-manageresources-display-component---editResource--editRruPage-anchBar-application-manageresources-display-component---editResource--counters-anchor\"]"}
RESULT: {"using":"xpath","value":"//*[@id=\"application-manageresources-display-component---editResource--editRruPage-anchBar-application-manageresources-display-component---editResource--counters-anchor\"]"}
COMMAND: POST /session/a5881d3eaca756d633e860ab0441a8d1/element/f.70EA98C12271B5C153327B12E8209453.d.D84245FBD6217B2DB586D57117E3BC79.e.16121/click - {}
RESULT: {}
COMMAND: GET /session/a5881d3eaca756d633e860ab0441a8d1/screenshot - {}
RESULT: {}
COMMAND: POST /session/a5881d3eaca756d633e860ab0441a8d1/execute/async - {"script":"<script> [1562 bytes]","args":[{"selector":{"id":"application-manageresources-display-component---editResource--btnAddCounter-img"},"wdio_ui5_key":"applicationmanageresources-display-component---editResource--btnAddCounter-img"}]}
RESULT: {"script":"<script> [1562 bytes]","args":[{"selector":{"id":"application-manageresources-display-component---editResource--btnAddCounter-img"},"wdio_ui5_key":"applicationmanageresources-display-component---editResource--btnAddCounter-img"}]}
RESULT: undefined
COMMAND: POST /session/a5881d3eaca756d633e860ab0441a8d1/element - {"using":"xpath","value":"//*[@id=\"application-manageresources-display-component---editResource--btnAddCounter-img\"]"}
RESULT: {"using":"xpath","value":"//*[@id=\"application-manageresources-display-component---editResource--btnAddCounter-img\"]"}
COMMAND: POST /session/a5881d3eaca756d633e860ab0441a8d1/element/f.70EA98C12271B5C153327B12E8209453.d.D84245FBD6217B2DB586D57117E3BC79.e.16126/click - {}
RESULT: {}
COMMAND: POST /session/a5881d3eaca756d633e860ab0441a8d1/execute/async - {"script":"<script> [1562 bytes]","args":[{"selector":{"id":"application-manageresources-display-component---editResource--COUNTER_ID-application-manageresources-display-component---editResource--RUCounters-0-arrow"},"wdio_ui5_key":"applicationmanageresources-display-component---editResource--COUNTER_ID-application-manageresources-display-component---editResource--RUCounters-0-arrow"}]}
COMMAND: GET /session/a5881d3eaca756d633e860ab0441a8d1/screenshot - {}
RESULT: {}
RESULT: {"script":"<script> [1562 bytes]","args":[{"selector":{"id":"application-manageresources-display-component---editResource--COUNTER_ID-application-manageresources-display-component---editResource--RUCounters-0-arrow"},"wdio_ui5_key":"applicationmanageresources-display-component---editResource--COUNTER_ID-application-manageresources-display-component---editResource--RUCounters-0-arrow"}]}
RESULT: undefined
COMMAND: POST /session/a5881d3eaca756d633e860ab0441a8d1/element - {"using":"xpath","value":"//*[@id=\"application-manageresources-display-component---editResource--COUNTER_ID-application-manageresources-display-component---editResource--RUCounters-0-arrow\"]"}
RESULT: {"using":"xpath","value":"//*[@id=\"application-manageresources-display-component---editResource--COUNTER_ID-application-manageresources-display-component---editResource--RUCounters-0-arrow\"]"}
COMMAND: POST /session/a5881d3eaca756d633e860ab0441a8d1/element/f.70EA98C12271B5C153327B12E8209453.d.D84245FBD6217B2DB586D57117E3BC79.e.16141/click - {}
RESULT: {}
COMMAND: POST /session/a5881d3eaca756d633e860ab0441a8d1/execute/async - {"script":"<script> [1562 bytes]","args":[{"selector":{"controlType":"sap.m.StandardListItem","viewName":"etm.portal.ui.manageresources.view.EditResource","viewId":"application-manageresources-display-component---editResource","properties":{"title":"fuel"},"searchOpenDialogs":true,"interaction":{"idSuffix":"content"}},"wdio_ui5_key":"etmportal.ui.manageresources.view.EditResourcesap.m.StandardListItem{\"title\":\"fuel\"}"}]}
COMMAND: GET /session/a5881d3eaca756d633e860ab0441a8d1/screenshot - {}
RESULT: {"script":"<script> [1562 bytes]","args":[{"selector":{"controlType":"sap.m.StandardListItem","viewName":"etm.portal.ui.manageresources.view.EditResource","viewId":"application-manageresources-display-component---editResource","properties":{"title":"fuel"},"searchOpenDialogs":true,"interaction":{"idSuffix":"content"}},"wdio_ui5_key":"etmportal.ui.manageresources.view.EditResourcesap.m.StandardListItem{\"title\":\"fuel\"}"}]}
RESULT: undefined
COMMAND: POST /session/a5881d3eaca756d633e860ab0441a8d1/element - {"using":"xpath","value":"//*[@id=\"__item1275\"]"}
RESULT: {}
RESULT: {"using":"xpath","value":"//*[@id=\"__item1275\"]"}
COMMAND: POST /session/a5881d3eaca756d633e860ab0441a8d1/element/f.70EA98C12271B5C153327B12E8209453.d.D84245FBD6217B2DB586D57117E3BC79.e.16143/click - {}
RESULT: {}
COMMAND: POST /session/a5881d3eaca756d633e860ab0441a8d1/execute/async - {"script":"<script> [1562 bytes]","args":[{"selector":{"controlType":"sap.m.Button","viewName":"etm.portal.ui.manageresources.view.EditResource","viewId":"application-manageresources-display-component---editResource","i18NText":{"propertyName":"text","key":"save"},"interaction":{"idSuffix":"BDI-content"}},"wdio_ui5_key":"etmportal.ui.manageresources.view.EditResourcesap.m.Button{\"propertyName\":\"text\",\"key\":\"save\"}"}]}
COMMAND: GET /session/a5881d3eaca756d633e860ab0441a8d1/screenshot - {}
RESULT: {"script":"<script> [1562 bytes]","args":[{"selector":{"controlType":"sap.m.Button","viewName":"etm.portal.ui.manageresources.view.EditResource","viewId":"application-manageresources-display-component---editResource","i18NText":{"propertyName":"text","key":"save"},"interaction":{"idSuffix":"BDI-content"}},"wdio_ui5_key":"etmportal.ui.manageresources.view.EditResourcesap.m.Button{\"propertyName\":\"text\",\"key\":\"save\"}"}]}
RESULT: undefined
COMMAND: POST /session/a5881d3eaca756d633e860ab0441a8d1/element - {"using":"xpath","value":"//*[@id=\"__button192\"]"}
RESULT: {}
RESULT: {"using":"xpath","value":"//*[@id=\"__button192\"]"}
COMMAND: POST /session/a5881d3eaca756d633e860ab0441a8d1/element/f.70EA98C12271B5C153327B12E8209453.d.D84245FBD6217B2DB586D57117E3BC79.e.16145/click - {}
RESULT: {}
COMMAND: GET /session/a5881d3eaca756d633e860ab0441a8d1/screenshot - {}
RESULT: {}
COMMAND: POST /session/a5881d3eaca756d633e860ab0441a8d1/element - {"using":"css selector","value":"#shell-header-logo"}
RESULT: {"using":"css selector","value":"#shell-header-logo"}
COMMAND: POST /session/a5881d3eaca756d633e860ab0441a8d1/element/f.70EA98C12271B5C153327B12E8209453.d.D84245FBD6217B2DB586D57117E3BC79.e.15663/click - {}
RESULT: {}
COMMAND: GET /session/a5881d3eaca756d633e860ab0441a8d1/screenshot - {}
RESULT: {}
]]></system-out>
    </testcase>
    <testcase classname="chrome.135_0_7049_96.windows.Performance_based_billing_(work_days)_US139742" name="Should do a stock increase on the yard for the equipment" time="76.503">
      <system-out><![CDATA[
COMMAND: POST /session/a5881d3eaca756d633e860ab0441a8d1/execute/async - {"script":"<script> [1562 bytes]","args":[{"selector":{"controlType":"sap.m.Text","viewName":"etm.portal.ui.managehandoverstile.view.Master","properties":{"text":"Manage Handovers"},"interaction":{"idSuffix":"inner"}},"wdio_ui5_key":"etmportal.ui.managehandoverstile.view.Mastersap.m.Text{\"text\":\"Manage Handovers\"}"}]}
RESULT: {"script":"<script> [1562 bytes]","args":[{"selector":{"controlType":"sap.m.Text","viewName":"etm.portal.ui.managehandoverstile.view.Master","properties":{"text":"Manage Handovers"},"interaction":{"idSuffix":"inner"}},"wdio_ui5_key":"etmportal.ui.managehandoverstile.view.Mastersap.m.Text{\"text\":\"Manage Handovers\"}"}]}
RESULT: undefined
COMMAND: POST /session/a5881d3eaca756d633e860ab0441a8d1/element - {"using":"xpath","value":"//*[@id=\"__tile132-title\"]"}
RESULT: {"using":"xpath","value":"//*[@id=\"__tile132-title\"]"}
COMMAND: POST /session/a5881d3eaca756d633e860ab0441a8d1/element/f.70EA98C12271B5C153327B12E8209453.d.D84245FBD6217B2DB586D57117E3BC79.e.16154/click - {}
RESULT: {}
COMMAND: POST /session/a5881d3eaca756d633e860ab0441a8d1/element - {"using":"xpath","value":"//button[@data-kt=\"masterHOAddButton\"]"}
COMMAND: GET /session/a5881d3eaca756d633e860ab0441a8d1/screenshot - {}
RESULT: {"using":"xpath","value":"//button[@data-kt=\"masterHOAddButton\"]"}
COMMAND: POST /session/a5881d3eaca756d633e860ab0441a8d1/elements - {"using":"xpath","value":"//button[@data-kt=\"masterHOAddButton\"]"}
RESULT: {}
RESULT: {"using":"xpath","value":"//button[@data-kt=\"masterHOAddButton\"]"}
COMMAND: POST /session/a5881d3eaca756d633e860ab0441a8d1/elements - {"using":"xpath","value":"//button[@data-kt=\"masterHOAddButton\"]"}
RESULT: {"using":"xpath","value":"//button[@data-kt=\"masterHOAddButton\"]"}
COMMAND: POST /session/a5881d3eaca756d633e860ab0441a8d1/elements - {"using":"xpath","value":"//button[@data-kt=\"masterHOAddButton\"]"}
RESULT: {"using":"xpath","value":"//button[@data-kt=\"masterHOAddButton\"]"}
COMMAND: POST /session/a5881d3eaca756d633e860ab0441a8d1/elements - {"using":"xpath","value":"//button[@data-kt=\"masterHOAddButton\"]"}
RESULT: {"using":"xpath","value":"//button[@data-kt=\"masterHOAddButton\"]"}
COMMAND: POST /session/a5881d3eaca756d633e860ab0441a8d1/elements - {"using":"xpath","value":"//button[@data-kt=\"masterHOAddButton\"]"}
RESULT: {"using":"xpath","value":"//button[@data-kt=\"masterHOAddButton\"]"}
COMMAND: POST /session/a5881d3eaca756d633e860ab0441a8d1/elements - {"using":"xpath","value":"//button[@data-kt=\"masterHOAddButton\"]"}
RESULT: {"using":"xpath","value":"//button[@data-kt=\"masterHOAddButton\"]"}
COMMAND: POST /session/a5881d3eaca756d633e860ab0441a8d1/elements - {"using":"xpath","value":"//button[@data-kt=\"masterHOAddButton\"]"}
RESULT: {"using":"xpath","value":"//button[@data-kt=\"masterHOAddButton\"]"}
COMMAND: POST /session/a5881d3eaca756d633e860ab0441a8d1/element - {"using":"xpath","value":"//button[@data-kt=\"masterHOAddButton\"]"}
RESULT: {"using":"xpath","value":"//button[@data-kt=\"masterHOAddButton\"]"}
COMMAND: POST /session/a5881d3eaca756d633e860ab0441a8d1/execute/sync - {"script":"<script> [8489 bytes]","args":[{"element-6066-11e4-a52e-4f735466cecf":"f.70EA98C12271B5C153327B12E8209453.d.D84245FBD6217B2DB586D57117E3BC79.e.16189","ELEMENT":"f.70EA98C12271B5C153327B12E8209453.d.D84245FBD6217B2DB586D57117E3BC79.e.16189"}]}
RESULT: {"script":"<script> [8489 bytes]","args":[{"element-6066-11e4-a52e-4f735466cecf":"f.70EA98C12271B5C153327B12E8209453.d.D84245FBD6217B2DB586D57117E3BC79.e.16189","ELEMENT":"f.70EA98C12271B5C153327B12E8209453.d.D84245FBD6217B2DB586D57117E3BC79.e.16189"}]}
COMMAND: GET /session/a5881d3eaca756d633e860ab0441a8d1/element/f.70EA98C12271B5C153327B12E8209453.d.D84245FBD6217B2DB586D57117E3BC79.e.16189/enabled - {}
COMMAND: GET /session/a5881d3eaca756d633e860ab0441a8d1/screenshot - {}
RESULT: {}
COMMAND: POST /session/a5881d3eaca756d633e860ab0441a8d1/execute/sync - {"script":"<script> [8489 bytes]","args":[{"element-6066-11e4-a52e-4f735466cecf":"f.70EA98C12271B5C153327B12E8209453.d.D84245FBD6217B2DB586D57117E3BC79.e.16189","ELEMENT":"f.70EA98C12271B5C153327B12E8209453.d.D84245FBD6217B2DB586D57117E3BC79.e.16189"}]}
COMMAND: GET /session/a5881d3eaca756d633e860ab0441a8d1/screenshot - {}
RESULT: {}
RESULT: {"script":"<script> [8489 bytes]","args":[{"element-6066-11e4-a52e-4f735466cecf":"f.70EA98C12271B5C153327B12E8209453.d.D84245FBD6217B2DB586D57117E3BC79.e.16189","ELEMENT":"f.70EA98C12271B5C153327B12E8209453.d.D84245FBD6217B2DB586D57117E3BC79.e.16189"}]}
COMMAND: POST /session/a5881d3eaca756d633e860ab0441a8d1/execute/sync - {"script":"<script> [5351 bytes]","args":[{"element-6066-11e4-a52e-4f735466cecf":"f.70EA98C12271B5C153327B12E8209453.d.D84245FBD6217B2DB586D57117E3BC79.e.16189","ELEMENT":"f.70EA98C12271B5C153327B12E8209453.d.D84245FBD6217B2DB586D57117E3BC79.e.16189"}]}
COMMAND: GET /session/a5881d3eaca756d633e860ab0441a8d1/screenshot - {}
RESULT: {}
RESULT: {"script":"<script> [5351 bytes]","args":[{"element-6066-11e4-a52e-4f735466cecf":"f.70EA98C12271B5C153327B12E8209453.d.D84245FBD6217B2DB586D57117E3BC79.e.16189","ELEMENT":"f.70EA98C12271B5C153327B12E8209453.d.D84245FBD6217B2DB586D57117E3BC79.e.16189"}]}
COMMAND: POST /session/a5881d3eaca756d633e860ab0441a8d1/element/f.70EA98C12271B5C153327B12E8209453.d.D84245FBD6217B2DB586D57117E3BC79.e.16189/click - {}
COMMAND: GET /session/a5881d3eaca756d633e860ab0441a8d1/screenshot - {}
RESULT: {}
RESULT: {}
COMMAND: GET /session/a5881d3eaca756d633e860ab0441a8d1/screenshot - {}
RESULT: {}
RESULT: {}
COMMAND: POST /session/a5881d3eaca756d633e860ab0441a8d1/element - {"using":"xpath","value":"//span[contains(@id ,\"AddNewHO--typeSelect-arrow\")]"}
RESULT: {"using":"xpath","value":"//span[contains(@id ,\"AddNewHO--typeSelect-arrow\")]"}
COMMAND: POST /session/a5881d3eaca756d633e860ab0441a8d1/element/f.70EA98C12271B5C153327B12E8209453.d.D84245FBD6217B2DB586D57117E3BC79.e.16532/click - {}
RESULT: {}
COMMAND: GET /session/a5881d3eaca756d633e860ab0441a8d1/screenshot - {}
RESULT: {}
COMMAND: POST /session/a5881d3eaca756d633e860ab0441a8d1/element - {"using":"xpath","value":"(//li[contains(text(), \"stock increase yard\")])[1]"}
RESULT: {"using":"xpath","value":"(//li[contains(text(), \"stock increase yard\")])[1]"}
COMMAND: POST /session/a5881d3eaca756d633e860ab0441a8d1/element/f.70EA98C12271B5C153327B12E8209453.d.D84245FBD6217B2DB586D57117E3BC79.e.16533/click - {}
RESULT: {}
COMMAND: GET /session/a5881d3eaca756d633e860ab0441a8d1/screenshot - {}
RESULT: {}
COMMAND: POST /session/a5881d3eaca756d633e860ab0441a8d1/execute/async - {"script":"<script> [1562 bytes]","args":[{"selector":{"id":"application-managehandovers-display-component---AddNewHO--dueDate","interaction":{"idSuffix":"inner"}},"wdio_ui5_key":"applicationmanagehandovers-display-component---AddNewHO--dueDate"}]}
RESULT: {"script":"<script> [1562 bytes]","args":[{"selector":{"id":"application-managehandovers-display-component---AddNewHO--dueDate","interaction":{"idSuffix":"inner"}},"wdio_ui5_key":"applicationmanagehandovers-display-component---AddNewHO--dueDate"}]}
RESULT: undefined
COMMAND: POST /session/a5881d3eaca756d633e860ab0441a8d1/execute/async - {"script":"<script> [6424 bytes]","args":[{"element-6066-11e4-a52e-4f735466cecf":"f.70EA98C12271B5C153327B12E8209453.d.D84245FBD6217B2DB586D57117E3BC79.e.16535"},"setValue",["04/30/2025"]]}
RESULT: {"script":"<script> [6424 bytes]","args":[{"element-6066-11e4-a52e-4f735466cecf":"f.70EA98C12271B5C153327B12E8209453.d.D84245FBD6217B2DB586D57117E3BC79.e.16535"},"setValue",["04/30/2025"]]}
COMMAND: POST /session/a5881d3eaca756d633e860ab0441a8d1/element - {"using":"xpath","value":"//input[@id=\"generalSectionFrg--receiveYard-inner\"]"}
RESULT: {"using":"xpath","value":"//input[@id=\"generalSectionFrg--receiveYard-inner\"]"}
COMMAND: POST /session/a5881d3eaca756d633e860ab0441a8d1/element/f.70EA98C12271B5C153327B12E8209453.d.D84245FBD6217B2DB586D57117E3BC79.e.16541/clear - {}
RESULT: {}
COMMAND: POST /session/a5881d3eaca756d633e860ab0441a8d1/element/f.70EA98C12271B5C153327B12E8209453.d.D84245FBD6217B2DB586D57117E3BC79.e.16541/value - {"text":"469"}
COMMAND: GET /session/a5881d3eaca756d633e860ab0441a8d1/screenshot - {}
RESULT: {"text":"469"}
COMMAND: GET /session/a5881d3eaca756d633e860ab0441a8d1/screenshot - {}
RESULT: {}
RESULT: {}
COMMAND: POST /session/a5881d3eaca756d633e860ab0441a8d1/element - {"using":"xpath","value":"//li[.//span[text()='469']]"}
RESULT: {"using":"xpath","value":"//li[.//span[text()='469']]"}
COMMAND: POST /session/a5881d3eaca756d633e860ab0441a8d1/element/f.70EA98C12271B5C153327B12E8209453.d.D84245FBD6217B2DB586D57117E3BC79.e.16559/click - {}
RESULT: {}
COMMAND: GET /session/a5881d3eaca756d633e860ab0441a8d1/screenshot - {}
RESULT: {}
COMMAND: POST /session/a5881d3eaca756d633e860ab0441a8d1/execute/async - {"script":"<script> [1562 bytes]","args":[{"selector":{"id":"application-managehandovers-display-component---AddNewHO--ObjectPageLayout-anchBar-application-managehandovers-display-component---AddNewHO--section4-anchor","interaction":{"idSuffix":"BDI-content"}},"wdio_ui5_key":"applicationmanagehandovers-display-component---AddNewHO--ObjectPageLayout-anchBar-application-managehandovers-display-component---AddNewHO--section4-anchor"}]}
RESULT: {"script":"<script> [1562 bytes]","args":[{"selector":{"id":"application-managehandovers-display-component---AddNewHO--ObjectPageLayout-anchBar-application-managehandovers-display-component---AddNewHO--section4-anchor","interaction":{"idSuffix":"BDI-content"}},"wdio_ui5_key":"applicationmanagehandovers-display-component---AddNewHO--ObjectPageLayout-anchBar-application-managehandovers-display-component---AddNewHO--section4-anchor"}]}
RESULT: undefined
COMMAND: POST /session/a5881d3eaca756d633e860ab0441a8d1/element - {"using":"xpath","value":"//*[@id=\"application-managehandovers-display-component---AddNewHO--ObjectPageLayout-anchBar-application-managehandovers-display-component---AddNewHO--section4-anchor\"]"}
RESULT: {"using":"xpath","value":"//*[@id=\"application-managehandovers-display-component---AddNewHO--ObjectPageLayout-anchBar-application-managehandovers-display-component---AddNewHO--section4-anchor\"]"}
COMMAND: POST /session/a5881d3eaca756d633e860ab0441a8d1/element/f.70EA98C12271B5C153327B12E8209453.d.D84245FBD6217B2DB586D57117E3BC79.e.16561/click - {}
RESULT: {}
COMMAND: POST /session/a5881d3eaca756d633e860ab0441a8d1/element - {"using":"xpath","value":"//button[@aria-label=\"Add\"]"}
COMMAND: GET /session/a5881d3eaca756d633e860ab0441a8d1/screenshot - {}
RESULT: {"using":"xpath","value":"//button[@aria-label=\"Add\"]"}
COMMAND: POST /session/a5881d3eaca756d633e860ab0441a8d1/element/f.70EA98C12271B5C153327B12E8209453.d.D84245FBD6217B2DB586D57117E3BC79.e.16563/click - {}
RESULT: {}
RESULT: {}
COMMAND: GET /session/a5881d3eaca756d633e860ab0441a8d1/screenshot - {}
RESULT: {}
COMMAND: POST /session/a5881d3eaca756d633e860ab0441a8d1/execute/async - {"script":"<script> [1562 bytes]","args":[{"selector":{"id":"application-managehandovers-display-component---AddNewHO--smartFilterBar-btnBasicSearch","searchOpenDialogs":true,"interaction":{"idSuffix":"I"}},"wdio_ui5_key":"applicationmanagehandovers-display-component---AddNewHO--smartFilterBar-btnBasicSearch"}]}
RESULT: {"script":"<script> [1562 bytes]","args":[{"selector":{"id":"application-managehandovers-display-component---AddNewHO--smartFilterBar-btnBasicSearch","searchOpenDialogs":true,"interaction":{"idSuffix":"I"}},"wdio_ui5_key":"applicationmanagehandovers-display-component---AddNewHO--smartFilterBar-btnBasicSearch"}]}
RESULT: undefined
COMMAND: POST /session/a5881d3eaca756d633e860ab0441a8d1/execute/async - {"script":"<script> [776 bytes]","args":[{"enterText":"wJWUDJ9q6n","selector":{"id":"application-managehandovers-display-component---AddNewHO--smartFilterBar-btnBasicSearch","searchOpenDialogs":true,"interaction":{"idSuffix":"I"}},"clearTextFirst":true,"interactionType":"ENTER_TEXT"}]}
RESULT: {"script":"<script> [776 bytes]","args":[{"enterText":"wJWUDJ9q6n","selector":{"id":"application-managehandovers-display-component---AddNewHO--smartFilterBar-btnBasicSearch","searchOpenDialogs":true,"interaction":{"idSuffix":"I"}},"clearTextFirst":true,"interactionType":"ENTER_TEXT"}]}
COMMAND: POST /session/a5881d3eaca756d633e860ab0441a8d1/actions - {"actions":[{"id":"action60","type":"key","parameters":{},"actions":[{"type":"keyDown","value":"î€‡"},{"type":"pause","duration":10},{"type":"keyUp","value":"î€‡"}]}]}
RESULT: {"actions":[{"id":"action60","type":"key","parameters":{},"actions":[{"type":"keyDown","value":"î€‡"},{"type":"pause","duration":10},{"type":"keyUp","value":"î€‡"}]}]}
COMMAND: GET /session/a5881d3eaca756d633e860ab0441a8d1/screenshot - {}
RESULT: {}
COMMAND: POST /session/a5881d3eaca756d633e860ab0441a8d1/execute/async - {"script":"<script> [1562 bytes]","args":[{"selector":{"id":"application-managehandovers-display-component---AddNewHO--popup-sa","searchOpenDialogs":true,"interaction":{"idSuffix":"CbBg"}},"wdio_ui5_key":"applicationmanagehandovers-display-component---AddNewHO--popup-sa"}]}
RESULT: {"script":"<script> [1562 bytes]","args":[{"selector":{"id":"application-managehandovers-display-component---AddNewHO--popup-sa","searchOpenDialogs":true,"interaction":{"idSuffix":"CbBg"}},"wdio_ui5_key":"applicationmanagehandovers-display-component---AddNewHO--popup-sa"}]}
RESULT: undefined
COMMAND: POST /session/a5881d3eaca756d633e860ab0441a8d1/element - {"using":"xpath","value":"//*[@id=\"application-managehandovers-display-component---AddNewHO--popup-sa\"]"}
RESULT: {"using":"xpath","value":"//*[@id=\"application-managehandovers-display-component---AddNewHO--popup-sa\"]"}
COMMAND: POST /session/a5881d3eaca756d633e860ab0441a8d1/element/f.70EA98C12271B5C153327B12E8209453.d.D84245FBD6217B2DB586D57117E3BC79.e.16716/click - {}
RESULT: {}
COMMAND: GET /session/a5881d3eaca756d633e860ab0441a8d1/screenshot - {}
RESULT: {}
COMMAND: POST /session/a5881d3eaca756d633e860ab0441a8d1/element - {"using":"xpath","value":"//bdi[contains(text(), \"Select\")]"}
RESULT: {"using":"xpath","value":"//bdi[contains(text(), \"Select\")]"}
COMMAND: POST /session/a5881d3eaca756d633e860ab0441a8d1/element/f.70EA98C12271B5C153327B12E8209453.d.D84245FBD6217B2DB586D57117E3BC79.e.16717/click - {}
RESULT: {}
COMMAND: GET /session/a5881d3eaca756d633e860ab0441a8d1/screenshot - {}
RESULT: {}
COMMAND: POST /session/a5881d3eaca756d633e860ab0441a8d1/element - {"using":"xpath","value":"//button[@data-kt=\"AddNewHOSaveButton\"]"}
RESULT: {"using":"xpath","value":"//button[@data-kt=\"AddNewHOSaveButton\"]"}
COMMAND: POST /session/a5881d3eaca756d633e860ab0441a8d1/element/f.70EA98C12271B5C153327B12E8209453.d.D84245FBD6217B2DB586D57117E3BC79.e.16721/click - {}
RESULT: {}
COMMAND: GET /session/a5881d3eaca756d633e860ab0441a8d1/screenshot - {}
RESULT: {}
COMMAND: POST /session/a5881d3eaca756d633e860ab0441a8d1/execute/async - {"script":"<script> [1562 bytes]","args":[{"selector":{"id":"receiptDatePicker","viewName":"etm.portal.ui.managehandovers.view.DetailExecuteHO","interaction":{"idSuffix":"inner"}},"wdio_ui5_key":"receiptDatePickeretmportal.ui.managehandovers.view.DetailExecuteHO"}]}
RESULT: {"script":"<script> [1562 bytes]","args":[{"selector":{"id":"receiptDatePicker","viewName":"etm.portal.ui.managehandovers.view.DetailExecuteHO","interaction":{"idSuffix":"inner"}},"wdio_ui5_key":"receiptDatePickeretmportal.ui.managehandovers.view.DetailExecuteHO"}]}
RESULT: undefined
COMMAND: POST /session/a5881d3eaca756d633e860ab0441a8d1/execute/async - {"script":"<script> [6424 bytes]","args":[{"element-6066-11e4-a52e-4f735466cecf":"f.70EA98C12271B5C153327B12E8209453.d.D84245FBD6217B2DB586D57117E3BC79.e.16748"},"setValue",["04/30/2025"]]}
RESULT: {"script":"<script> [6424 bytes]","args":[{"element-6066-11e4-a52e-4f735466cecf":"f.70EA98C12271B5C153327B12E8209453.d.D84245FBD6217B2DB586D57117E3BC79.e.16748"},"setValue",["04/30/2025"]]}
COMMAND: POST /session/a5881d3eaca756d633e860ab0441a8d1/element - {"using":"xpath","value":"//button[@data-kt=\"PickingTableConfirmAllButton\"]"}
RESULT: {"using":"xpath","value":"//button[@data-kt=\"PickingTableConfirmAllButton\"]"}
COMMAND: POST /session/a5881d3eaca756d633e860ab0441a8d1/element/f.70EA98C12271B5C153327B12E8209453.d.D84245FBD6217B2DB586D57117E3BC79.e.16763/click - {}
RESULT: {}
COMMAND: GET /session/a5881d3eaca756d633e860ab0441a8d1/screenshot - {}
RESULT: {}
COMMAND: POST /session/a5881d3eaca756d633e860ab0441a8d1/element - {"using":"xpath","value":"//bdi[contains(text(), \"OK\")]"}
RESULT: {"using":"xpath","value":"//bdi[contains(text(), \"OK\")]"}
COMMAND: POST /session/a5881d3eaca756d633e860ab0441a8d1/element/f.70EA98C12271B5C153327B12E8209453.d.D84245FBD6217B2DB586D57117E3BC79.e.16765/click - {}
RESULT: {}
COMMAND: GET /session/a5881d3eaca756d633e860ab0441a8d1/screenshot - {}
RESULT: {}
COMMAND: POST /session/a5881d3eaca756d633e860ab0441a8d1/element - {"using":"xpath","value":"(//bdi[contains(text(), \"Receive\")])[2]"}
RESULT: {"using":"xpath","value":"(//bdi[contains(text(), \"Receive\")])[2]"}
COMMAND: POST /session/a5881d3eaca756d633e860ab0441a8d1/element/f.70EA98C12271B5C153327B12E8209453.d.D84245FBD6217B2DB586D57117E3BC79.e.16767/click - {}
RESULT: {}
COMMAND: GET /session/a5881d3eaca756d633e860ab0441a8d1/screenshot - {}
RESULT: {}
COMMAND: POST /session/a5881d3eaca756d633e860ab0441a8d1/element - {"using":"css selector","value":"#shell-header-logo"}
RESULT: {"using":"css selector","value":"#shell-header-logo"}
COMMAND: POST /session/a5881d3eaca756d633e860ab0441a8d1/element/f.70EA98C12271B5C153327B12E8209453.d.D84245FBD6217B2DB586D57117E3BC79.e.16156/click - {}
RESULT: {}
COMMAND: GET /session/a5881d3eaca756d633e860ab0441a8d1/screenshot - {}
RESULT: {}
]]></system-out>
    </testcase>
    <testcase classname="chrome.135_0_7049_96.windows.Performance_based_billing_(work_days)_US139742" name="Should create a new contract" time="56.722">
      <system-out><![CDATA[
COMMAND: POST /session/a5881d3eaca756d633e860ab0441a8d1/execute/async - {"script":"<script> [1562 bytes]","args":[{"selector":{"controlType":"sap.m.Text","viewName":"etm.portal.ui.managecontractstile.view.Master","properties":{"text":"Manage Contracts"},"interaction":{"idSuffix":"inner"}},"wdio_ui5_key":"etmportal.ui.managecontractstile.view.Mastersap.m.Text{\"text\":\"Manage Contracts\"}"}]}
RESULT: {"script":"<script> [1562 bytes]","args":[{"selector":{"controlType":"sap.m.Text","viewName":"etm.portal.ui.managecontractstile.view.Master","properties":{"text":"Manage Contracts"},"interaction":{"idSuffix":"inner"}},"wdio_ui5_key":"etmportal.ui.managecontractstile.view.Mastersap.m.Text{\"text\":\"Manage Contracts\"}"}]}
RESULT: undefined
COMMAND: POST /session/a5881d3eaca756d633e860ab0441a8d1/element - {"using":"xpath","value":"//*[@id=\"__tile130-title\"]"}
RESULT: {"using":"xpath","value":"//*[@id=\"__tile130-title\"]"}
COMMAND: POST /session/a5881d3eaca756d633e860ab0441a8d1/element/f.70EA98C12271B5C153327B12E8209453.d.D84245FBD6217B2DB586D57117E3BC79.e.16939/click - {}
RESULT: {}
COMMAND: GET /session/a5881d3eaca756d633e860ab0441a8d1/screenshot - {}
COMMAND: POST /session/a5881d3eaca756d633e860ab0441a8d1/element - {"using":"xpath","value":"//button[@data-kt=\"addButton\"]"}
RESULT: {}
RESULT: {"using":"xpath","value":"//button[@data-kt=\"addButton\"]"}
COMMAND: POST /session/a5881d3eaca756d633e860ab0441a8d1/elements - {"using":"xpath","value":"//button[@data-kt=\"addButton\"]"}
RESULT: {"using":"xpath","value":"//button[@data-kt=\"addButton\"]"}
COMMAND: POST /session/a5881d3eaca756d633e860ab0441a8d1/execute/sync - {"script":"<script> [8489 bytes]","args":[{"element-6066-11e4-a52e-4f735466cecf":"f.70EA98C12271B5C153327B12E8209453.d.D84245FBD6217B2DB586D57117E3BC79.e.17013","ELEMENT":"f.70EA98C12271B5C153327B12E8209453.d.D84245FBD6217B2DB586D57117E3BC79.e.17013"}]}
RESULT: {"script":"<script> [8489 bytes]","args":[{"element-6066-11e4-a52e-4f735466cecf":"f.70EA98C12271B5C153327B12E8209453.d.D84245FBD6217B2DB586D57117E3BC79.e.17013","ELEMENT":"f.70EA98C12271B5C153327B12E8209453.d.D84245FBD6217B2DB586D57117E3BC79.e.17013"}]}
COMMAND: GET /session/a5881d3eaca756d633e860ab0441a8d1/element/f.70EA98C12271B5C153327B12E8209453.d.D84245FBD6217B2DB586D57117E3BC79.e.17013/enabled - {}
COMMAND: GET /session/a5881d3eaca756d633e860ab0441a8d1/screenshot - {}
RESULT: {}
COMMAND: POST /session/a5881d3eaca756d633e860ab0441a8d1/execute/sync - {"script":"<script> [8489 bytes]","args":[{"element-6066-11e4-a52e-4f735466cecf":"f.70EA98C12271B5C153327B12E8209453.d.D84245FBD6217B2DB586D57117E3BC79.e.17013","ELEMENT":"f.70EA98C12271B5C153327B12E8209453.d.D84245FBD6217B2DB586D57117E3BC79.e.17013"}]}
COMMAND: GET /session/a5881d3eaca756d633e860ab0441a8d1/screenshot - {}
RESULT: {}
RESULT: {"script":"<script> [8489 bytes]","args":[{"element-6066-11e4-a52e-4f735466cecf":"f.70EA98C12271B5C153327B12E8209453.d.D84245FBD6217B2DB586D57117E3BC79.e.17013","ELEMENT":"f.70EA98C12271B5C153327B12E8209453.d.D84245FBD6217B2DB586D57117E3BC79.e.17013"}]}
COMMAND: POST /session/a5881d3eaca756d633e860ab0441a8d1/execute/sync - {"script":"<script> [5351 bytes]","args":[{"element-6066-11e4-a52e-4f735466cecf":"f.70EA98C12271B5C153327B12E8209453.d.D84245FBD6217B2DB586D57117E3BC79.e.17013","ELEMENT":"f.70EA98C12271B5C153327B12E8209453.d.D84245FBD6217B2DB586D57117E3BC79.e.17013"}]}
COMMAND: GET /session/a5881d3eaca756d633e860ab0441a8d1/screenshot - {}
RESULT: {}
RESULT: {"script":"<script> [5351 bytes]","args":[{"element-6066-11e4-a52e-4f735466cecf":"f.70EA98C12271B5C153327B12E8209453.d.D84245FBD6217B2DB586D57117E3BC79.e.17013","ELEMENT":"f.70EA98C12271B5C153327B12E8209453.d.D84245FBD6217B2DB586D57117E3BC79.e.17013"}]}
COMMAND: GET /session/a5881d3eaca756d633e860ab0441a8d1/screenshot - {}
RESULT: {}
RESULT: {}
COMMAND: POST /session/a5881d3eaca756d633e860ab0441a8d1/element/f.70EA98C12271B5C153327B12E8209453.d.D84245FBD6217B2DB586D57117E3BC79.e.17013/click - {}
RESULT: {}
COMMAND: GET /session/a5881d3eaca756d633e860ab0441a8d1/screenshot - {}
RESULT: {}
COMMAND: POST /session/a5881d3eaca756d633e860ab0441a8d1/execute/async - {"script":"<script> [1562 bytes]","args":[{"selector":{"id":"application-managecontracts-display-component---AddNewContract--projectDescription","interaction":{"idSuffix":"inner"}},"wdio_ui5_key":"applicationmanagecontracts-display-component---AddNewContract--projectDescription"}]}
RESULT: {"script":"<script> [1562 bytes]","args":[{"selector":{"id":"application-managecontracts-display-component---AddNewContract--projectDescription","interaction":{"idSuffix":"inner"}},"wdio_ui5_key":"applicationmanagecontracts-display-component---AddNewContract--projectDescription"}]}
RESULT: undefined
COMMAND: POST /session/a5881d3eaca756d633e860ab0441a8d1/execute/async - {"script":"<script> [776 bytes]","args":[{"enterText":"Performance Contract WDIO","selector":{"id":"application-managecontracts-display-component---AddNewContract--projectDescription","interaction":{"idSuffix":"inner"}},"clearTextFirst":true,"interactionType":"ENTER_TEXT"}]}
RESULT: {"script":"<script> [776 bytes]","args":[{"enterText":"Performance Contract WDIO","selector":{"id":"application-managecontracts-display-component---AddNewContract--projectDescription","interaction":{"idSuffix":"inner"}},"clearTextFirst":true,"interactionType":"ENTER_TEXT"}]}
COMMAND: POST /session/a5881d3eaca756d633e860ab0441a8d1/element - {"using":"xpath","value":"//input[@id=\"application-managecontracts-display-component---AddNewContract--site-inner\"]"}
RESULT: {"using":"xpath","value":"//input[@id=\"application-managecontracts-display-component---AddNewContract--site-inner\"]"}
COMMAND: POST /session/a5881d3eaca756d633e860ab0441a8d1/element/f.70EA98C12271B5C153327B12E8209453.d.D84245FBD6217B2DB586D57117E3BC79.e.17304/clear - {}
RESULT: {}
COMMAND: POST /session/a5881d3eaca756d633e860ab0441a8d1/element/f.70EA98C12271B5C153327B12E8209453.d.D84245FBD6217B2DB586D57117E3BC79.e.17304/value - {"text":"2306"}
COMMAND: GET /session/a5881d3eaca756d633e860ab0441a8d1/screenshot - {}
RESULT: {"text":"2306"}
COMMAND: GET /session/a5881d3eaca756d633e860ab0441a8d1/screenshot - {}
RESULT: {}
RESULT: {}
COMMAND: POST /session/a5881d3eaca756d633e860ab0441a8d1/element - {"using":"xpath","value":"//li[.//span[text()='2306']]"}
RESULT: {"using":"xpath","value":"//li[.//span[text()='2306']]"}
COMMAND: POST /session/a5881d3eaca756d633e860ab0441a8d1/element/f.70EA98C12271B5C153327B12E8209453.d.D84245FBD6217B2DB586D57117E3BC79.e.17329/click - {}
RESULT: {}
COMMAND: GET /session/a5881d3eaca756d633e860ab0441a8d1/screenshot - {}
RESULT: {}
COMMAND: POST /session/a5881d3eaca756d633e860ab0441a8d1/element - {"using":"xpath","value":"//input[@id=\"application-managecontracts-display-component---AddNewContract--yardId-inner\"]"}
RESULT: {"using":"xpath","value":"//input[@id=\"application-managecontracts-display-component---AddNewContract--yardId-inner\"]"}
COMMAND: GET /session/a5881d3eaca756d633e860ab0441a8d1/element/f.70EA98C12271B5C153327B12E8209453.d.D84245FBD6217B2DB586D57117E3BC79.e.17305/property/value - {}
RESULT: {}
COMMAND: POST /session/a5881d3eaca756d633e860ab0441a8d1/element - {"using":"xpath","value":"//input[@id=\"application-managecontracts-display-component---AddNewContract--customerSelect-inner\"]"}
COMMAND: GET /session/a5881d3eaca756d633e860ab0441a8d1/screenshot - {}
RESULT: {"using":"xpath","value":"//input[@id=\"application-managecontracts-display-component---AddNewContract--customerSelect-inner\"]"}
COMMAND: POST /session/a5881d3eaca756d633e860ab0441a8d1/element/f.70EA98C12271B5C153327B12E8209453.d.D84245FBD6217B2DB586D57117E3BC79.e.17303/clear - {}
RESULT: {}
RESULT: {}
COMMAND: POST /session/a5881d3eaca756d633e860ab0441a8d1/element/f.70EA98C12271B5C153327B12E8209453.d.D84245FBD6217B2DB586D57117E3BC79.e.17303/value - {"text":"1339"}
COMMAND: GET /session/a5881d3eaca756d633e860ab0441a8d1/screenshot - {}
RESULT: {"text":"1339"}
COMMAND: GET /session/a5881d3eaca756d633e860ab0441a8d1/screenshot - {}
RESULT: {}
RESULT: {}
COMMAND: POST /session/a5881d3eaca756d633e860ab0441a8d1/element - {"using":"xpath","value":"//li[.//span[text()='1339']]"}
RESULT: {"using":"xpath","value":"//li[.//span[text()='1339']]"}
COMMAND: POST /session/a5881d3eaca756d633e860ab0441a8d1/element/f.70EA98C12271B5C153327B12E8209453.d.D84245FBD6217B2DB586D57117E3BC79.e.17332/click - {}
RESULT: {}
COMMAND: GET /session/a5881d3eaca756d633e860ab0441a8d1/screenshot - {}
RESULT: {}
COMMAND: POST /session/a5881d3eaca756d633e860ab0441a8d1/element - {"using":"xpath","value":"//button[@data-kt=\"saveButton\"]"}
RESULT: {"using":"xpath","value":"//button[@data-kt=\"saveButton\"]"}
COMMAND: POST /session/a5881d3eaca756d633e860ab0441a8d1/element/f.70EA98C12271B5C153327B12E8209453.d.D84245FBD6217B2DB586D57117E3BC79.e.17320/click - {}
RESULT: {}
COMMAND: GET /session/a5881d3eaca756d633e860ab0441a8d1/screenshot - {}
RESULT: {}
COMMAND: POST /session/a5881d3eaca756d633e860ab0441a8d1/element - {"using":"xpath","value":"//span[contains(@id ,\"contractDetailTitleNoExpanded\")]"}
RESULT: {"using":"xpath","value":"//span[contains(@id ,\"contractDetailTitleNoExpanded\")]"}
COMMAND: POST /session/a5881d3eaca756d633e860ab0441a8d1/elements - {"using":"xpath","value":"//span[contains(@id ,\"contractDetailTitleNoExpanded\")]"}
RESULT: {"using":"xpath","value":"//span[contains(@id ,\"contractDetailTitleNoExpanded\")]"}
COMMAND: POST /session/a5881d3eaca756d633e860ab0441a8d1/execute/sync - {"script":"<script> [56 bytes]","args":[{"element-6066-11e4-a52e-4f735466cecf":"f.70EA98C12271B5C153327B12E8209453.d.D84245FBD6217B2DB586D57117E3BC79.e.17348","ELEMENT":"f.70EA98C12271B5C153327B12E8209453.d.D84245FBD6217B2DB586D57117E3BC79.e.17348"}]}
RESULT: {"script":"<script> [56 bytes]","args":[{"element-6066-11e4-a52e-4f735466cecf":"f.70EA98C12271B5C153327B12E8209453.d.D84245FBD6217B2DB586D57117E3BC79.e.17348","ELEMENT":"f.70EA98C12271B5C153327B12E8209453.d.D84245FBD6217B2DB586D57117E3BC79.e.17348"}]}
COMMAND: GET /session/a5881d3eaca756d633e860ab0441a8d1/screenshot - {}
RESULT: {}
]]></system-out>
    </testcase>
    <testcase classname="chrome.135_0_7049_96.windows.Performance_based_billing_(work_days)_US139742" name="Should add equipment to the contract" time="47.306">
      <system-out><![CDATA[
COMMAND: POST /session/a5881d3eaca756d633e860ab0441a8d1/element - {"using":"xpath","value":"//button[@data-kt=\"contractDetailEditBtnButton\"]"}
RESULT: {"using":"xpath","value":"//button[@data-kt=\"contractDetailEditBtnButton\"]"}
COMMAND: POST /session/a5881d3eaca756d633e860ab0441a8d1/element/f.70EA98C12271B5C153327B12E8209453.d.D84245FBD6217B2DB586D57117E3BC79.e.17350/click - {}
RESULT: {}
COMMAND: GET /session/a5881d3eaca756d633e860ab0441a8d1/screenshot - {}
RESULT: {}
COMMAND: POST /session/a5881d3eaca756d633e860ab0441a8d1/element - {"using":"xpath","value":"(//span[contains(text(), \"Additional Addresses\")])[2]"}
RESULT: {"using":"xpath","value":"(//span[contains(text(), \"Additional Addresses\")])[2]"}
COMMAND: POST /session/a5881d3eaca756d633e860ab0441a8d1/element/f.70EA98C12271B5C153327B12E8209453.d.D84245FBD6217B2DB586D57117E3BC79.e.17405/click - {}
RESULT: {}
COMMAND: GET /session/a5881d3eaca756d633e860ab0441a8d1/screenshot - {}
RESULT: {}
COMMAND: POST /session/a5881d3eaca756d633e860ab0441a8d1/element - {"using":"xpath","value":"//button[@data-kt=\"btnAddTableRowOverflowToolbarButton\"]"}
RESULT: {"using":"xpath","value":"//button[@data-kt=\"btnAddTableRowOverflowToolbarButton\"]"}
COMMAND: POST /session/a5881d3eaca756d633e860ab0441a8d1/element/f.70EA98C12271B5C153327B12E8209453.d.D84245FBD6217B2DB586D57117E3BC79.e.17408/click - {}
RESULT: {}
COMMAND: GET /session/a5881d3eaca756d633e860ab0441a8d1/screenshot - {}
RESULT: {}
COMMAND: POST /session/a5881d3eaca756d633e860ab0441a8d1/element - {"using":"xpath","value":"//div[(text() = 'Standard Entry' or . = 'Standard Entry')]"}
RESULT: {"using":"xpath","value":"//div[(text() = 'Standard Entry' or . = 'Standard Entry')]"}
COMMAND: POST /session/a5881d3eaca756d633e860ab0441a8d1/element/f.70EA98C12271B5C153327B12E8209453.d.D84245FBD6217B2DB586D57117E3BC79.e.17410/click - {}
RESULT: {}
COMMAND: GET /session/a5881d3eaca756d633e860ab0441a8d1/screenshot - {}
RESULT: {}
COMMAND: POST /session/a5881d3eaca756d633e860ab0441a8d1/element - {"using":"xpath","value":"//td[7]/div/div/input"}
RESULT: {"using":"xpath","value":"//td[7]/div/div/input"}
COMMAND: POST /session/a5881d3eaca756d633e860ab0441a8d1/element/f.70EA98C12271B5C153327B12E8209453.d.D84245FBD6217B2DB586D57117E3BC79.e.17419/clear - {}
RESULT: {}
COMMAND: POST /session/a5881d3eaca756d633e860ab0441a8d1/element/f.70EA98C12271B5C153327B12E8209453.d.D84245FBD6217B2DB586D57117E3BC79.e.17419/value - {"text":"wJWUDJ9q6n"}
COMMAND: GET /session/a5881d3eaca756d633e860ab0441a8d1/screenshot - {}
RESULT: {"text":"wJWUDJ9q6n"}
COMMAND: GET /session/a5881d3eaca756d633e860ab0441a8d1/screenshot - {}
RESULT: {}
RESULT: {}
COMMAND: POST /session/a5881d3eaca756d633e860ab0441a8d1/actions - {"actions":[{"id":"action61","type":"key","parameters":{},"actions":[{"type":"keyDown","value":"î€‡"},{"type":"pause","duration":10},{"type":"keyUp","value":"î€‡"}]}]}
RESULT: {"actions":[{"id":"action61","type":"key","parameters":{},"actions":[{"type":"keyDown","value":"î€‡"},{"type":"pause","duration":10},{"type":"keyUp","value":"î€‡"}]}]}
COMMAND: GET /session/a5881d3eaca756d633e860ab0441a8d1/screenshot - {}
RESULT: {}
COMMAND: POST /session/a5881d3eaca756d633e860ab0441a8d1/execute/sync - {"script":"<script> [276 bytes]","args":["No pricing information was found"]}
RESULT: {"script":"<script> [276 bytes]","args":["No pricing information was found"]}
COMMAND: POST /session/a5881d3eaca756d633e860ab0441a8d1/element - {"using":"xpath","value":"(//button[@data-kt=\"saveButton\"])[2]"}
COMMAND: GET /session/a5881d3eaca756d633e860ab0441a8d1/screenshot - {}
RESULT: {"using":"xpath","value":"(//button[@data-kt=\"saveButton\"])[2]"}
COMMAND: POST /session/a5881d3eaca756d633e860ab0441a8d1/element/f.70EA98C12271B5C153327B12E8209453.d.D84245FBD6217B2DB586D57117E3BC79.e.17434/click - {}
RESULT: {}
RESULT: {}
COMMAND: GET /session/a5881d3eaca756d633e860ab0441a8d1/screenshot - {}
RESULT: {}
COMMAND: POST /session/a5881d3eaca756d633e860ab0441a8d1/execute/sync - {"script":"<script> [276 bytes]","args":["Some contract items are having rental validity exceeding header rental validity"]}
RESULT: {"script":"<script> [276 bytes]","args":["Some contract items are having rental validity exceeding header rental validity"]}
COMMAND: GET /session/a5881d3eaca756d633e860ab0441a8d1/screenshot - {}
RESULT: {}
COMMAND: POST /session/a5881d3eaca756d633e860ab0441a8d1/element - {"using":"xpath","value":"//span[contains(@id ,\"contractItemsSmartTable-header-inner\")]"}
RESULT: {"using":"xpath","value":"//span[contains(@id ,\"contractItemsSmartTable-header-inner\")]"}
COMMAND: POST /session/a5881d3eaca756d633e860ab0441a8d1/elements - {"using":"xpath","value":"//span[contains(@id ,\"contractItemsSmartTable-header-inner\")]"}
RESULT: {"using":"xpath","value":"//span[contains(@id ,\"contractItemsSmartTable-header-inner\")]"}
COMMAND: POST /session/a5881d3eaca756d633e860ab0441a8d1/execute/sync - {"script":"<script> [56 bytes]","args":[{"element-6066-11e4-a52e-4f735466cecf":"f.70EA98C12271B5C153327B12E8209453.d.D84245FBD6217B2DB586D57117E3BC79.e.17442","ELEMENT":"f.70EA98C12271B5C153327B12E8209453.d.D84245FBD6217B2DB586D57117E3BC79.e.17442"}]}
RESULT: {"script":"<script> [56 bytes]","args":[{"element-6066-11e4-a52e-4f735466cecf":"f.70EA98C12271B5C153327B12E8209453.d.D84245FBD6217B2DB586D57117E3BC79.e.17442","ELEMENT":"f.70EA98C12271B5C153327B12E8209453.d.D84245FBD6217B2DB586D57117E3BC79.e.17442"}]}
]]></system-out>
    </testcase>
    <testcase classname="chrome.135_0_7049_96.windows.Performance_based_billing_(work_days)_US139742" name="Should do a provide to site handover" time="55.04">
      <system-out><![CDATA[
COMMAND: POST /session/a5881d3eaca756d633e860ab0441a8d1/element - {"using":"xpath","value":"//button[@data-kt=\"provideButton\"]"}
COMMAND: GET /session/a5881d3eaca756d633e860ab0441a8d1/screenshot - {}
RESULT: {"using":"xpath","value":"//button[@data-kt=\"provideButton\"]"}
COMMAND: POST /session/a5881d3eaca756d633e860ab0441a8d1/element/f.70EA98C12271B5C153327B12E8209453.d.D84245FBD6217B2DB586D57117E3BC79.e.17443/click - {}
RESULT: {}
RESULT: {}
COMMAND: GET /session/a5881d3eaca756d633e860ab0441a8d1/screenshot - {}
RESULT: undefined
COMMAND: POST /session/a5881d3eaca756d633e860ab0441a8d1/execute/async - {"script":"<script> [6424 bytes]","args":[{"element-6066-11e4-a52e-4f735466cecf":"f.70EA98C12271B5C153327B12E8209453.d.D84245FBD6217B2DB586D57117E3BC79.e.16535"},"setValue",["04/30/2025"]]}
RESULT: {}
COMMAND: POST /session/a5881d3eaca756d633e860ab0441a8d1/execute/async - {"script":"<script> [1562 bytes]","args":[{"selector":{"id":"application-managehandovers-display-component---AddNewHO--dueDate","interaction":{"idSuffix":"inner"}},"wdio_ui5_key":"applicationmanagehandovers-display-component---AddNewHO--dueDate"}]}
RESULT: {"script":"<script> [1562 bytes]","args":[{"selector":{"id":"application-managehandovers-display-component---AddNewHO--dueDate","interaction":{"idSuffix":"inner"}},"wdio_ui5_key":"applicationmanagehandovers-display-component---AddNewHO--dueDate"}]}
COMMAND: POST /session/a5881d3eaca756d633e860ab0441a8d1/execute/async - {"script":"<script> [6424 bytes]","args":[{"element-6066-11e4-a52e-4f735466cecf":"f.70EA98C12271B5C153327B12E8209453.d.D84245FBD6217B2DB586D57117E3BC79.e.17500"},"setValue",["04/30/2025"]]}
RESULT: {"script":"<script> [6424 bytes]","args":[{"element-6066-11e4-a52e-4f735466cecf":"f.70EA98C12271B5C153327B12E8209453.d.D84245FBD6217B2DB586D57117E3BC79.e.17500"},"setValue",["04/30/2025"]]}
COMMAND: POST /session/a5881d3eaca756d633e860ab0441a8d1/element - {"using":"xpath","value":"//bdi[contains(text(), \"Instructions\")]"}
RESULT: {"using":"xpath","value":"//bdi[contains(text(), \"Instructions\")]"}
COMMAND: POST /session/a5881d3eaca756d633e860ab0441a8d1/element/f.70EA98C12271B5C153327B12E8209453.d.D84245FBD6217B2DB586D57117E3BC79.e.17755/click - {}
RESULT: {}
COMMAND: GET /session/a5881d3eaca756d633e860ab0441a8d1/screenshot - {}
RESULT: {}
COMMAND: POST /session/a5881d3eaca756d633e860ab0441a8d1/element - {"using":"xpath","value":"//button[@data-kt=\"AddNewHOProvideAddItemsButton\"]"}
RESULT: {"using":"xpath","value":"//button[@data-kt=\"AddNewHOProvideAddItemsButton\"]"}
COMMAND: POST /session/a5881d3eaca756d633e860ab0441a8d1/element/f.70EA98C12271B5C153327B12E8209453.d.D84245FBD6217B2DB586D57117E3BC79.e.17759/click - {}
RESULT: {}
COMMAND: GET /session/a5881d3eaca756d633e860ab0441a8d1/screenshot - {}
RESULT: {}
RESULT: undefined
COMMAND: POST /session/a5881d3eaca756d633e860ab0441a8d1/element - {"using":"xpath","value":"//*[@id=\"application-managehandovers-display-component---AddNewHO--popup-sa\"]"}
RESULT: {"using":"xpath","value":"//*[@id=\"application-managehandovers-display-component---AddNewHO--popup-sa\"]"}
COMMAND: POST /session/a5881d3eaca756d633e860ab0441a8d1/element/f.70EA98C12271B5C153327B12E8209453.d.D84245FBD6217B2DB586D57117E3BC79.e.17768/click - {}
RESULT: {}
COMMAND: GET /session/a5881d3eaca756d633e860ab0441a8d1/screenshot - {}
RESULT: {}
COMMAND: POST /session/a5881d3eaca756d633e860ab0441a8d1/element - {"using":"xpath","value":"//*[contains(@id ,\"BDI-content\")][contains(text(), \"Select\")]"}
RESULT: {"using":"xpath","value":"//*[contains(@id ,\"BDI-content\")][contains(text(), \"Select\")]"}
COMMAND: POST /session/a5881d3eaca756d633e860ab0441a8d1/element/f.70EA98C12271B5C153327B12E8209453.d.D84245FBD6217B2DB586D57117E3BC79.e.17770/click - {}
RESULT: {}
COMMAND: GET /session/a5881d3eaca756d633e860ab0441a8d1/screenshot - {}
RESULT: {}
COMMAND: POST /session/a5881d3eaca756d633e860ab0441a8d1/execute/async - {"script":"<script> [1562 bytes]","args":[{"selector":{"id":"application-managehandovers-display-component---AddNewHO--confirmCreationButton","interaction":{"idSuffix":"BDI-content"}},"wdio_ui5_key":"applicationmanagehandovers-display-component---AddNewHO--confirmCreationButton"}]}
RESULT: {"script":"<script> [1562 bytes]","args":[{"selector":{"id":"application-managehandovers-display-component---AddNewHO--confirmCreationButton","interaction":{"idSuffix":"BDI-content"}},"wdio_ui5_key":"applicationmanagehandovers-display-component---AddNewHO--confirmCreationButton"}]}
RESULT: undefined
COMMAND: POST /session/a5881d3eaca756d633e860ab0441a8d1/element - {"using":"xpath","value":"//*[@id=\"application-managehandovers-display-component---AddNewHO--confirmCreationButton\"]"}
RESULT: {"using":"xpath","value":"//*[@id=\"application-managehandovers-display-component---AddNewHO--confirmCreationButton\"]"}
COMMAND: POST /session/a5881d3eaca756d633e860ab0441a8d1/element/f.70EA98C12271B5C153327B12E8209453.d.D84245FBD6217B2DB586D57117E3BC79.e.17567/click - {}
RESULT: {}
COMMAND: GET /session/a5881d3eaca756d633e860ab0441a8d1/screenshot - {}
RESULT: {}
COMMAND: POST /session/a5881d3eaca756d633e860ab0441a8d1/element - {"using":"xpath","value":"//button[@data-kt=\"PickingTableConfirmAllButton\"]"}
RESULT: {"using":"xpath","value":"//button[@data-kt=\"PickingTableConfirmAllButton\"]"}
COMMAND: POST /session/a5881d3eaca756d633e860ab0441a8d1/element/f.70EA98C12271B5C153327B12E8209453.d.D84245FBD6217B2DB586D57117E3BC79.e.17823/click - {}
RESULT: {}
COMMAND: GET /session/a5881d3eaca756d633e860ab0441a8d1/screenshot - {}
RESULT: {}
COMMAND: POST /session/a5881d3eaca756d633e860ab0441a8d1/element - {"using":"xpath","value":"//bdi[contains(text(), \"OK\")]"}
RESULT: {"using":"xpath","value":"//bdi[contains(text(), \"OK\")]"}
COMMAND: POST /session/a5881d3eaca756d633e860ab0441a8d1/element/f.70EA98C12271B5C153327B12E8209453.d.D84245FBD6217B2DB586D57117E3BC79.e.17827/click - {}
RESULT: {}
COMMAND: GET /session/a5881d3eaca756d633e860ab0441a8d1/screenshot - {}
RESULT: {}
COMMAND: POST /session/a5881d3eaca756d633e860ab0441a8d1/element - {"using":"xpath","value":"//bdi[contains(text(), \"Ok\")]"}
RESULT: {"using":"xpath","value":"//bdi[contains(text(), \"Ok\")]"}
COMMAND: POST /session/a5881d3eaca756d633e860ab0441a8d1/element/f.70EA98C12271B5C153327B12E8209453.d.D84245FBD6217B2DB586D57117E3BC79.e.17835/click - {}
RESULT: {}
COMMAND: GET /session/a5881d3eaca756d633e860ab0441a8d1/screenshot - {}
RESULT: {}
COMMAND: POST /session/a5881d3eaca756d633e860ab0441a8d1/element - {"using":"xpath","value":"//bdi[contains(text(), \"Issue\")]"}
RESULT: {"using":"xpath","value":"//bdi[contains(text(), \"Issue\")]"}
COMMAND: POST /session/a5881d3eaca756d633e860ab0441a8d1/element/f.70EA98C12271B5C153327B12E8209453.d.D84245FBD6217B2DB586D57117E3BC79.e.17837/click - {}
RESULT: {}
COMMAND: GET /session/a5881d3eaca756d633e860ab0441a8d1/screenshot - {}
RESULT: {}
COMMAND: POST /session/a5881d3eaca756d633e860ab0441a8d1/element - {"using":"css selector","value":"#shell-header-logo"}
RESULT: {"using":"css selector","value":"#shell-header-logo"}
COMMAND: POST /session/a5881d3eaca756d633e860ab0441a8d1/element/f.70EA98C12271B5C153327B12E8209453.d.D84245FBD6217B2DB586D57117E3BC79.e.16942/click - {}
RESULT: {}
COMMAND: GET /session/a5881d3eaca756d633e860ab0441a8d1/screenshot - {}
RESULT: {}
]]></system-out>
    </testcase>
    <testcase classname="chrome.135_0_7049_96.windows.Performance_based_billing_(work_days)_US139742" name="Should create a few performance documents" time="96.833">
      <system-out><![CDATA[
COMMAND: POST /session/a5881d3eaca756d633e860ab0441a8d1/window/fullscreen - {}
RESULT: {}
COMMAND: POST /session/a5881d3eaca756d633e860ab0441a8d1/execute/async - {"script":"<script> [1562 bytes]","args":[{"selector":{"controlType":"sap.m.GenericTile","properties":{"header":"Manage States & Performance"}},"wdio_ui5_key":"sapm.GenericTile{\"header\":\"Manage States & Performance\"}"}]}
RESULT: {"script":"<script> [1562 bytes]","args":[{"selector":{"controlType":"sap.m.GenericTile","properties":{"header":"Manage States & Performance"}},"wdio_ui5_key":"sapm.GenericTile{\"header\":\"Manage States & Performance\"}"}]}
RESULT: undefined
COMMAND: POST /session/a5881d3eaca756d633e860ab0441a8d1/element - {"using":"xpath","value":"//*[@id=\"__tile56\"]"}
RESULT: {"using":"xpath","value":"//*[@id=\"__tile56\"]"}
COMMAND: POST /session/a5881d3eaca756d633e860ab0441a8d1/element/f.70EA98C12271B5C153327B12E8209453.d.D84245FBD6217B2DB586D57117E3BC79.e.14394/click - {}
RESULT: {}
COMMAND: POST /session/a5881d3eaca756d633e860ab0441a8d1/element - {"using":"xpath","value":"//div[@id=\"application-managestatesandperformance-display-component---stateAndPerform--smartFilterBarResources-btnBasicSearch\"]"}
COMMAND: GET /session/a5881d3eaca756d633e860ab0441a8d1/screenshot - {}
RESULT: {"using":"xpath","value":"//div[@id=\"application-managestatesandperformance-display-component---stateAndPerform--smartFilterBarResources-btnBasicSearch\"]"}
COMMAND: POST /session/a5881d3eaca756d633e860ab0441a8d1/elements - {"using":"xpath","value":"//div[@id=\"application-managestatesandperformance-display-component---stateAndPerform--smartFilterBarResources-btnBasicSearch\"]"}
RESULT: {}
RESULT: {"using":"xpath","value":"//div[@id=\"application-managestatesandperformance-display-component---stateAndPerform--smartFilterBarResources-btnBasicSearch\"]"}
COMMAND: POST /session/a5881d3eaca756d633e860ab0441a8d1/elements - {"using":"xpath","value":"//div[@id=\"application-managestatesandperformance-display-component---stateAndPerform--smartFilterBarResources-btnBasicSearch\"]"}
RESULT: {"using":"xpath","value":"//div[@id=\"application-managestatesandperformance-display-component---stateAndPerform--smartFilterBarResources-btnBasicSearch\"]"}
COMMAND: POST /session/a5881d3eaca756d633e860ab0441a8d1/element - {"using":"xpath","value":"//div[@id=\"application-managestatesandperformance-display-component---stateAndPerform--smartFilterBarResources-btnBasicSearch\"]"}
RESULT: {"using":"xpath","value":"//div[@id=\"application-managestatesandperformance-display-component---stateAndPerform--smartFilterBarResources-btnBasicSearch\"]"}
COMMAND: POST /session/a5881d3eaca756d633e860ab0441a8d1/execute/sync - {"script":"<script> [8489 bytes]","args":[{"element-6066-11e4-a52e-4f735466cecf":"f.70EA98C12271B5C153327B12E8209453.d.D84245FBD6217B2DB586D57117E3BC79.e.18207","ELEMENT":"f.70EA98C12271B5C153327B12E8209453.d.D84245FBD6217B2DB586D57117E3BC79.e.18207"}]}
RESULT: {"script":"<script> [8489 bytes]","args":[{"element-6066-11e4-a52e-4f735466cecf":"f.70EA98C12271B5C153327B12E8209453.d.D84245FBD6217B2DB586D57117E3BC79.e.18207","ELEMENT":"f.70EA98C12271B5C153327B12E8209453.d.D84245FBD6217B2DB586D57117E3BC79.e.18207"}]}
COMMAND: GET /session/a5881d3eaca756d633e860ab0441a8d1/element/f.70EA98C12271B5C153327B12E8209453.d.D84245FBD6217B2DB586D57117E3BC79.e.18207/enabled - {}
COMMAND: GET /session/a5881d3eaca756d633e860ab0441a8d1/screenshot - {}
RESULT: {}
COMMAND: POST /session/a5881d3eaca756d633e860ab0441a8d1/execute/sync - {"script":"<script> [8489 bytes]","args":[{"element-6066-11e4-a52e-4f735466cecf":"f.70EA98C12271B5C153327B12E8209453.d.D84245FBD6217B2DB586D57117E3BC79.e.18207","ELEMENT":"f.70EA98C12271B5C153327B12E8209453.d.D84245FBD6217B2DB586D57117E3BC79.e.18207"}]}
COMMAND: GET /session/a5881d3eaca756d633e860ab0441a8d1/screenshot - {}
RESULT: {}
RESULT: {"script":"<script> [8489 bytes]","args":[{"element-6066-11e4-a52e-4f735466cecf":"f.70EA98C12271B5C153327B12E8209453.d.D84245FBD6217B2DB586D57117E3BC79.e.18207","ELEMENT":"f.70EA98C12271B5C153327B12E8209453.d.D84245FBD6217B2DB586D57117E3BC79.e.18207"}]}
COMMAND: POST /session/a5881d3eaca756d633e860ab0441a8d1/execute/sync - {"script":"<script> [5351 bytes]","args":[{"element-6066-11e4-a52e-4f735466cecf":"f.70EA98C12271B5C153327B12E8209453.d.D84245FBD6217B2DB586D57117E3BC79.e.18207","ELEMENT":"f.70EA98C12271B5C153327B12E8209453.d.D84245FBD6217B2DB586D57117E3BC79.e.18207"}]}
COMMAND: GET /session/a5881d3eaca756d633e860ab0441a8d1/screenshot - {}
RESULT: {}
RESULT: {"script":"<script> [5351 bytes]","args":[{"element-6066-11e4-a52e-4f735466cecf":"f.70EA98C12271B5C153327B12E8209453.d.D84245FBD6217B2DB586D57117E3BC79.e.18207","ELEMENT":"f.70EA98C12271B5C153327B12E8209453.d.D84245FBD6217B2DB586D57117E3BC79.e.18207"}]}
COMMAND: POST /session/a5881d3eaca756d633e860ab0441a8d1/execute/async - {"script":"<script> [1562 bytes]","args":[{"selector":{"id":"application-managestatesandperformance-display-component---stateAndPerform--smartFilterBarResources-btnBasicSearch","interaction":{"idSuffix":"I"}},"wdio_ui5_key":"applicationmanagestatesandperformance-display-component---stateAndPerform--smartFilterBarResources-btnBasicSearch"}]}
RESULT: {}
COMMAND: GET /session/a5881d3eaca756d633e860ab0441a8d1/screenshot - {}
RESULT: {"script":"<script> [1562 bytes]","args":[{"selector":{"id":"application-managestatesandperformance-display-component---stateAndPerform--smartFilterBarResources-btnBasicSearch","interaction":{"idSuffix":"I"}},"wdio_ui5_key":"applicationmanagestatesandperformance-display-component---stateAndPerform--smartFilterBarResources-btnBasicSearch"}]}
RESULT: undefined
COMMAND: POST /session/a5881d3eaca756d633e860ab0441a8d1/execute/async - {"script":"<script> [776 bytes]","args":[{"enterText":"wJWUDJ9q6n","selector":{"id":"application-managestatesandperformance-display-component---stateAndPerform--smartFilterBarResources-btnBasicSearch","interaction":{"idSuffix":"I"}},"clearTextFirst":true,"interactionType":"ENTER_TEXT"}]}
RESULT: {}
RESULT: {"script":"<script> [776 bytes]","args":[{"enterText":"wJWUDJ9q6n","selector":{"id":"application-managestatesandperformance-display-component---stateAndPerform--smartFilterBarResources-btnBasicSearch","interaction":{"idSuffix":"I"}},"clearTextFirst":true,"interactionType":"ENTER_TEXT"}]}
COMMAND: POST /session/a5881d3eaca756d633e860ab0441a8d1/actions - {"actions":[{"id":"action62","type":"key","parameters":{},"actions":[{"type":"keyDown","value":"î€‡"},{"type":"pause","duration":10},{"type":"keyUp","value":"î€‡"}]}]}
RESULT: {"actions":[{"id":"action62","type":"key","parameters":{},"actions":[{"type":"keyDown","value":"î€‡"},{"type":"pause","duration":10},{"type":"keyUp","value":"î€‡"}]}]}
COMMAND: GET /session/a5881d3eaca756d633e860ab0441a8d1/screenshot - {}
RESULT: {}
COMMAND: POST /session/a5881d3eaca756d633e860ab0441a8d1/execute/async - {"script":"<script> [1562 bytes]","args":[{"selector":{"id":"application-managestatesandperformance-display-component---stateAndPerform--stateAndPerformResourcesSmartTable-header"},"wdio_ui5_key":"applicationmanagestatesandperformance-display-component---stateAndPerform--stateAndPerformResourcesSmartTable-header"}]}
RESULT: {"script":"<script> [1562 bytes]","args":[{"selector":{"id":"application-managestatesandperformance-display-component---stateAndPerform--stateAndPerformResourcesSmartTable-header"},"wdio_ui5_key":"applicationmanagestatesandperformance-display-component---stateAndPerform--stateAndPerformResourcesSmartTable-header"}]}
RESULT: undefined
COMMAND: POST /session/a5881d3eaca756d633e860ab0441a8d1/execute/async - {"script":"<script> [6424 bytes]","args":[{"element-6066-11e4-a52e-4f735466cecf":"f.70EA98C12271B5C153327B12E8209453.d.D84245FBD6217B2DB586D57117E3BC79.e.18229"},"getText",[]]}
RESULT: {"script":"<script> [6424 bytes]","args":[{"element-6066-11e4-a52e-4f735466cecf":"f.70EA98C12271B5C153327B12E8209453.d.D84245FBD6217B2DB586D57117E3BC79.e.18229"},"getText",[]]}
COMMAND: POST /session/a5881d3eaca756d633e860ab0441a8d1/execute/async - {"script":"<script> [1562 bytes]","args":[{"selector":{"controlType":"sap.ui.core.Icon","viewName":"etm.portal.ui.managestatesandperformance.view.Master","viewId":"application-managestatesandperformance-display-component---stateAndPerform","properties":{"src":{"regex":{"source":"slim\\-arrow\\-right"}}}},"wdio_ui5_key":"etmportal.ui.managestatesandperformance.view.Mastersap.ui.core.Icon{\"src\":{\"regex\":{\"source\":\"slim\\\\-arrow\\\\-right\"}}}"}]}
RESULT: {"script":"<script> [1562 bytes]","args":[{"selector":{"controlType":"sap.ui.core.Icon","viewName":"etm.portal.ui.managestatesandperformance.view.Master","viewId":"application-managestatesandperformance-display-component---stateAndPerform","properties":{"src":{"regex":{"source":"slim\\-arrow\\-right"}}}},"wdio_ui5_key":"etmportal.ui.managestatesandperformance.view.Mastersap.ui.core.Icon{\"src\":{\"regex\":{\"source\":\"slim\\\\-arrow\\\\-right\"}}}"}]}
RESULT: undefined
COMMAND: POST /session/a5881d3eaca756d633e860ab0441a8d1/element - {"using":"xpath","value":"//*[@id=\"__item2314-__clone4172-imgNav\"]"}
RESULT: {"using":"xpath","value":"//*[@id=\"__item2314-__clone4172-imgNav\"]"}
COMMAND: POST /session/a5881d3eaca756d633e860ab0441a8d1/element/f.70EA98C12271B5C153327B12E8209453.d.D84245FBD6217B2DB586D57117E3BC79.e.18228/click - {}
RESULT: {}
COMMAND: GET /session/a5881d3eaca756d633e860ab0441a8d1/screenshot - {}
RESULT: {}
COMMAND: POST /session/a5881d3eaca756d633e860ab0441a8d1/execute/async - {"script":"<script> [1562 bytes]","args":[{"selector":{"controlType":"sap.m.Button","viewName":"etm.portal.ui.managestatesandperformance.view.Detail","viewId":"application-managestatesandperformance-display-component---detailStateAndPerform","properties":{"text":"Performance Documents"}},"wdio_ui5_key":"etmportal.ui.managestatesandperformance.view.Detailsap.m.Button{\"text\":\"Performance Documents\"}"}]}
RESULT: {"script":"<script> [1562 bytes]","args":[{"selector":{"controlType":"sap.m.Button","viewName":"etm.portal.ui.managestatesandperformance.view.Detail","viewId":"application-managestatesandperformance-display-component---detailStateAndPerform","properties":{"text":"Performance Documents"}},"wdio_ui5_key":"etmportal.ui.managestatesandperformance.view.Detailsap.m.Button{\"text\":\"Performance Documents\"}"}]}
RESULT: undefined
COMMAND: POST /session/a5881d3eaca756d633e860ab0441a8d1/element - {"using":"xpath","value":"//*[@id=\"__item2337-button\"]"}
RESULT: {"using":"xpath","value":"//*[@id=\"__item2337-button\"]"}
COMMAND: POST /session/a5881d3eaca756d633e860ab0441a8d1/element/f.70EA98C12271B5C153327B12E8209453.d.D84245FBD6217B2DB586D57117E3BC79.e.18273/click - {}
RESULT: {}
COMMAND: POST /session/a5881d3eaca756d633e860ab0441a8d1/execute/async - {"script":"<script> [1562 bytes]","args":[{"selector":{"controlType":"sap.m.Button","viewName":"etm.portal.ui.managestatesandperformance.view.Detail","viewId":"application-managestatesandperformance-display-component---detailStateAndPerform","i18NText":{"propertyName":"text","key":"createPerformanceDoc"},"interaction":{"idSuffix":"BDI-content"}},"wdio_ui5_key":"etmportal.ui.managestatesandperformance.view.Detailsap.m.Button{\"propertyName\":\"text\",\"key\":\"createPerformanceDoc\"}"}]}
COMMAND: GET /session/a5881d3eaca756d633e860ab0441a8d1/screenshot - {}
RESULT: {"script":"<script> [1562 bytes]","args":[{"selector":{"controlType":"sap.m.Button","viewName":"etm.portal.ui.managestatesandperformance.view.Detail","viewId":"application-managestatesandperformance-display-component---detailStateAndPerform","i18NText":{"propertyName":"text","key":"createPerformanceDoc"},"interaction":{"idSuffix":"BDI-content"}},"wdio_ui5_key":"etmportal.ui.managestatesandperformance.view.Detailsap.m.Button{\"propertyName\":\"text\",\"key\":\"createPerformanceDoc\"}"}]}
RESULT: undefined
COMMAND: POST /session/a5881d3eaca756d633e860ab0441a8d1/element - {"using":"xpath","value":"//*[@id=\"__button389\"]"}
RESULT: {}
RESULT: {"using":"xpath","value":"//*[@id=\"__button389\"]"}
COMMAND: POST /session/a5881d3eaca756d633e860ab0441a8d1/element/f.70EA98C12271B5C153327B12E8209453.d.D84245FBD6217B2DB586D57117E3BC79.e.18277/click - {}
RESULT: {}
COMMAND: POST /session/a5881d3eaca756d633e860ab0441a8d1/execute/async - {"script":"<script> [1562 bytes]","args":[{"selector":{"id":"application-managestatesandperformance-display-component---detailStateAndPerform--perfDocDatePicker","searchOpenDialogs":true,"interaction":{"idSuffix":"inner"}},"wdio_ui5_key":"applicationmanagestatesandperformance-display-component---detailStateAndPerform--perfDocDatePicker"}]}
COMMAND: GET /session/a5881d3eaca756d633e860ab0441a8d1/screenshot - {}
RESULT: {"script":"<script> [1562 bytes]","args":[{"selector":{"id":"application-managestatesandperformance-display-component---detailStateAndPerform--perfDocDatePicker","searchOpenDialogs":true,"interaction":{"idSuffix":"inner"}},"wdio_ui5_key":"applicationmanagestatesandperformance-display-component---detailStateAndPerform--perfDocDatePicker"}]}
RESULT: undefined
COMMAND: POST /session/a5881d3eaca756d633e860ab0441a8d1/execute/async - {"script":"<script> [776 bytes]","args":[{"enterText":"05/02/25","selector":{"id":"application-managestatesandperformance-display-component---detailStateAndPerform--perfDocDatePicker","searchOpenDialogs":true,"interaction":{"idSuffix":"inner"}},"clearTextFirst":true,"interactionType":"ENTER_TEXT"}]}
RESULT: {}
RESULT: {"script":"<script> [776 bytes]","args":[{"enterText":"05/02/25","selector":{"id":"application-managestatesandperformance-display-component---detailStateAndPerform--perfDocDatePicker","searchOpenDialogs":true,"interaction":{"idSuffix":"inner"}},"clearTextFirst":true,"interactionType":"ENTER_TEXT"}]}
COMMAND: POST /session/a5881d3eaca756d633e860ab0441a8d1/execute/async - {"script":"<script> [1562 bytes]","args":[{"selector":{"id":"application-managestatesandperformance-display-component---detailStateAndPerform--counterValue-input","searchOpenDialogs":true,"interaction":{"idSuffix":"inner"}},"wdio_ui5_key":"applicationmanagestatesandperformance-display-component---detailStateAndPerform--counterValue-input"}]}
RESULT: {"script":"<script> [1562 bytes]","args":[{"selector":{"id":"application-managestatesandperformance-display-component---detailStateAndPerform--counterValue-input","searchOpenDialogs":true,"interaction":{"idSuffix":"inner"}},"wdio_ui5_key":"applicationmanagestatesandperformance-display-component---detailStateAndPerform--counterValue-input"}]}
RESULT: undefined
COMMAND: POST /session/a5881d3eaca756d633e860ab0441a8d1/execute/async - {"script":"<script> [776 bytes]","args":[{"enterText":"15.00","selector":{"id":"application-managestatesandperformance-display-component---detailStateAndPerform--counterValue-input","searchOpenDialogs":true,"interaction":{"idSuffix":"inner"}},"clearTextFirst":true,"interactionType":"ENTER_TEXT"}]}
RESULT: {"script":"<script> [776 bytes]","args":[{"enterText":"15.00","selector":{"id":"application-managestatesandperformance-display-component---detailStateAndPerform--counterValue-input","searchOpenDialogs":true,"interaction":{"idSuffix":"inner"}},"clearTextFirst":true,"interactionType":"ENTER_TEXT"}]}
COMMAND: POST /session/a5881d3eaca756d633e860ab0441a8d1/execute/async - {"script":"<script> [1562 bytes]","args":[{"selector":{"controlType":"sap.m.Button","viewName":"etm.portal.ui.managestatesandperformance.view.Detail","viewId":"application-managestatesandperformance-display-component---detailStateAndPerform","bindingPath":{"path":"","propertyPath":"/allowAddEdit","modelName":"oScreenModel"},"searchOpenDialogs":true,"interaction":{"idSuffix":"BDI-content"}},"wdio_ui5_key":"etmportal.ui.managestatesandperformance.view.Detailsap.m.Button{\"path\":\"\",\"propertyPath\":\"/allowAddEdit\",\"modelName\":\"oScreenModel\"}"}]}
RESULT: {"script":"<script> [1562 bytes]","args":[{"selector":{"controlType":"sap.m.Button","viewName":"etm.portal.ui.managestatesandperformance.view.Detail","viewId":"application-managestatesandperformance-display-component---detailStateAndPerform","bindingPath":{"path":"","propertyPath":"/allowAddEdit","modelName":"oScreenModel"},"searchOpenDialogs":true,"interaction":{"idSuffix":"BDI-content"}},"wdio_ui5_key":"etmportal.ui.managestatesandperformance.view.Detailsap.m.Button{\"path\":\"\",\"propertyPath\":\"/allowAddEdit\",\"modelName\":\"oScreenModel\"}"}]}
RESULT: undefined
COMMAND: POST /session/a5881d3eaca756d633e860ab0441a8d1/element - {"using":"xpath","value":"//*[@id=\"__button396\"]"}
RESULT: {"using":"xpath","value":"//*[@id=\"__button396\"]"}
COMMAND: POST /session/a5881d3eaca756d633e860ab0441a8d1/element/f.70EA98C12271B5C153327B12E8209453.d.D84245FBD6217B2DB586D57117E3BC79.e.18292/click - {}
RESULT: {}
RESULT: undefined
COMMAND: POST /session/a5881d3eaca756d633e860ab0441a8d1/element - {"using":"xpath","value":"//*[@id=\"__button389\"]"}
COMMAND: GET /session/a5881d3eaca756d633e860ab0441a8d1/screenshot - {}
RESULT: {"using":"xpath","value":"//*[@id=\"__button389\"]"}
COMMAND: POST /session/a5881d3eaca756d633e860ab0441a8d1/element/f.70EA98C12271B5C153327B12E8209453.d.D84245FBD6217B2DB586D57117E3BC79.e.18277/click - {}
RESULT: {}
RESULT: {}
RESULT: undefined
COMMAND: POST /session/a5881d3eaca756d633e860ab0441a8d1/execute/async - {"script":"<script> [776 bytes]","args":[{"enterText":"05/06/25","selector":{"id":"application-managestatesandperformance-display-component---detailStateAndPerform--perfDocDatePicker","searchOpenDialogs":true,"interaction":{"idSuffix":"inner"}},"clearTextFirst":true,"interactionType":"ENTER_TEXT"}]}
COMMAND: GET /session/a5881d3eaca756d633e860ab0441a8d1/screenshot - {}
RESULT: {"script":"<script> [776 bytes]","args":[{"enterText":"05/06/25","selector":{"id":"application-managestatesandperformance-display-component---detailStateAndPerform--perfDocDatePicker","searchOpenDialogs":true,"interaction":{"idSuffix":"inner"}},"clearTextFirst":true,"interactionType":"ENTER_TEXT"}]}
RESULT: undefined
COMMAND: POST /session/a5881d3eaca756d633e860ab0441a8d1/execute/async - {"script":"<script> [776 bytes]","args":[{"enterText":"20.00","selector":{"id":"application-managestatesandperformance-display-component---detailStateAndPerform--counterValue-input","searchOpenDialogs":true,"interaction":{"idSuffix":"inner"}},"clearTextFirst":true,"interactionType":"ENTER_TEXT"}]}
RESULT: {}
RESULT: {"script":"<script> [776 bytes]","args":[{"enterText":"20.00","selector":{"id":"application-managestatesandperformance-display-component---detailStateAndPerform--counterValue-input","searchOpenDialogs":true,"interaction":{"idSuffix":"inner"}},"clearTextFirst":true,"interactionType":"ENTER_TEXT"}]}
COMMAND: POST /session/a5881d3eaca756d633e860ab0441a8d1/actions - {"actions":[{"id":"action63","type":"key","parameters":{},"actions":[{"type":"keyDown","value":"î€„"},{"type":"keyDown","value":"î€„"},{"type":"pause","duration":10},{"type":"keyUp","value":"î€„"},{"type":"keyUp","value":"î€„"}]}]}
RESULT: {"actions":[{"id":"action63","type":"key","parameters":{},"actions":[{"type":"keyDown","value":"î€„"},{"type":"keyDown","value":"î€„"},{"type":"pause","duration":10},{"type":"keyUp","value":"î€„"},{"type":"keyUp","value":"î€„"}]}]}
COMMAND: POST /session/a5881d3eaca756d633e860ab0441a8d1/actions - {"actions":[{"id":"action64","type":"key","parameters":{},"actions":[{"type":"keyDown","value":"î€‡"},{"type":"pause","duration":10},{"type":"keyUp","value":"î€‡"}]}]}
COMMAND: GET /session/a5881d3eaca756d633e860ab0441a8d1/screenshot - {}
RESULT: {"actions":[{"id":"action64","type":"key","parameters":{},"actions":[{"type":"keyDown","value":"î€‡"},{"type":"pause","duration":10},{"type":"keyUp","value":"î€‡"}]}]}
RESULT: undefined
COMMAND: POST /session/a5881d3eaca756d633e860ab0441a8d1/element - {"using":"xpath","value":"//*[@id=\"__button396\"]"}
COMMAND: GET /session/a5881d3eaca756d633e860ab0441a8d1/screenshot - {}
RESULT: {}
RESULT: {"using":"xpath","value":"//*[@id=\"__button396\"]"}
COMMAND: POST /session/a5881d3eaca756d633e860ab0441a8d1/elements - {"using":"xpath","value":"//*[@id=\"__button396\"]"}
RESULT: {}
RESULT: {"using":"xpath","value":"//*[@id=\"__button396\"]"}
COMMAND: POST /session/a5881d3eaca756d633e860ab0441a8d1/elements - {"using":"xpath","value":"//*[@id=\"__button396\"]"}
RESULT: {"using":"xpath","value":"//*[@id=\"__button396\"]"}
COMMAND: POST /session/a5881d3eaca756d633e860ab0441a8d1/elements - {"using":"xpath","value":"//*[@id=\"__button396\"]"}
RESULT: {"using":"xpath","value":"//*[@id=\"__button396\"]"}
COMMAND: POST /session/a5881d3eaca756d633e860ab0441a8d1/elements - {"using":"xpath","value":"//*[@id=\"__button396\"]"}
RESULT: {"using":"xpath","value":"//*[@id=\"__button396\"]"}
COMMAND: POST /session/a5881d3eaca756d633e860ab0441a8d1/elements - {"using":"xpath","value":"//*[@id=\"__button396\"]"}
RESULT: {"using":"xpath","value":"//*[@id=\"__button396\"]"}
COMMAND: POST /session/a5881d3eaca756d633e860ab0441a8d1/elements - {"using":"xpath","value":"//*[@id=\"__button396\"]"}
RESULT: {"using":"xpath","value":"//*[@id=\"__button396\"]"}
COMMAND: POST /session/a5881d3eaca756d633e860ab0441a8d1/elements - {"using":"xpath","value":"//*[@id=\"__button396\"]"}
RESULT: {"using":"xpath","value":"//*[@id=\"__button396\"]"}
COMMAND: POST /session/a5881d3eaca756d633e860ab0441a8d1/elements - {"using":"xpath","value":"//*[@id=\"__button396\"]"}
RESULT: {"using":"xpath","value":"//*[@id=\"__button396\"]"}
COMMAND: POST /session/a5881d3eaca756d633e860ab0441a8d1/elements - {"using":"xpath","value":"//*[@id=\"__button396\"]"}
RESULT: {"using":"xpath","value":"//*[@id=\"__button396\"]"}
COMMAND: POST /session/a5881d3eaca756d633e860ab0441a8d1/elements - {"using":"xpath","value":"//*[@id=\"__button396\"]"}
RESULT: {"using":"xpath","value":"//*[@id=\"__button396\"]"}
COMMAND: POST /session/a5881d3eaca756d633e860ab0441a8d1/elements - {"using":"xpath","value":"//*[@id=\"__button396\"]"}
RESULT: {"using":"xpath","value":"//*[@id=\"__button396\"]"}
COMMAND: POST /session/a5881d3eaca756d633e860ab0441a8d1/elements - {"using":"xpath","value":"//*[@id=\"__button396\"]"}
RESULT: {"using":"xpath","value":"//*[@id=\"__button396\"]"}
COMMAND: POST /session/a5881d3eaca756d633e860ab0441a8d1/elements - {"using":"xpath","value":"//*[@id=\"__button396\"]"}
RESULT: {"using":"xpath","value":"//*[@id=\"__button396\"]"}
COMMAND: POST /session/a5881d3eaca756d633e860ab0441a8d1/elements - {"using":"xpath","value":"//*[@id=\"__button396\"]"}
RESULT: {"using":"xpath","value":"//*[@id=\"__button396\"]"}
COMMAND: POST /session/a5881d3eaca756d633e860ab0441a8d1/elements - {"using":"xpath","value":"//*[@id=\"__button396\"]"}
RESULT: {"using":"xpath","value":"//*[@id=\"__button396\"]"}
COMMAND: POST /session/a5881d3eaca756d633e860ab0441a8d1/elements - {"using":"xpath","value":"//*[@id=\"__button396\"]"}
RESULT: {"using":"xpath","value":"//*[@id=\"__button396\"]"}
COMMAND: POST /session/a5881d3eaca756d633e860ab0441a8d1/elements - {"using":"xpath","value":"//*[@id=\"__button396\"]"}
RESULT: {"using":"xpath","value":"//*[@id=\"__button396\"]"}
COMMAND: POST /session/a5881d3eaca756d633e860ab0441a8d1/elements - {"using":"xpath","value":"//*[@id=\"__button396\"]"}
RESULT: {"using":"xpath","value":"//*[@id=\"__button396\"]"}
COMMAND: POST /session/a5881d3eaca756d633e860ab0441a8d1/elements - {"using":"xpath","value":"//*[@id=\"__button396\"]"}
RESULT: {"using":"xpath","value":"//*[@id=\"__button396\"]"}
COMMAND: POST /session/a5881d3eaca756d633e860ab0441a8d1/elements - {"using":"xpath","value":"//*[@id=\"__button396\"]"}
RESULT: {"using":"xpath","value":"//*[@id=\"__button396\"]"}
COMMAND: POST /session/a5881d3eaca756d633e860ab0441a8d1/elements - {"using":"xpath","value":"//*[@id=\"__button396\"]"}
RESULT: {"using":"xpath","value":"//*[@id=\"__button396\"]"}
COMMAND: POST /session/a5881d3eaca756d633e860ab0441a8d1/elements - {"using":"xpath","value":"//*[@id=\"__button396\"]"}
RESULT: {"using":"xpath","value":"//*[@id=\"__button396\"]"}
COMMAND: POST /session/a5881d3eaca756d633e860ab0441a8d1/elements - {"using":"xpath","value":"//*[@id=\"__button396\"]"}
RESULT: {"using":"xpath","value":"//*[@id=\"__button396\"]"}
COMMAND: POST /session/a5881d3eaca756d633e860ab0441a8d1/elements - {"using":"xpath","value":"//*[@id=\"__button396\"]"}
RESULT: {"using":"xpath","value":"//*[@id=\"__button396\"]"}
COMMAND: POST /session/a5881d3eaca756d633e860ab0441a8d1/elements - {"using":"xpath","value":"//*[@id=\"__button396\"]"}
RESULT: {"using":"xpath","value":"//*[@id=\"__button396\"]"}
COMMAND: POST /session/a5881d3eaca756d633e860ab0441a8d1/elements - {"using":"xpath","value":"//*[@id=\"__button396\"]"}
RESULT: {"using":"xpath","value":"//*[@id=\"__button396\"]"}
COMMAND: POST /session/a5881d3eaca756d633e860ab0441a8d1/elements - {"using":"xpath","value":"//*[@id=\"__button396\"]"}
RESULT: {"using":"xpath","value":"//*[@id=\"__button396\"]"}
COMMAND: POST /session/a5881d3eaca756d633e860ab0441a8d1/elements - {"using":"xpath","value":"//*[@id=\"__button396\"]"}
RESULT: {"using":"xpath","value":"//*[@id=\"__button396\"]"}
COMMAND: POST /session/a5881d3eaca756d633e860ab0441a8d1/elements - {"using":"xpath","value":"//*[@id=\"__button396\"]"}
RESULT: {"using":"xpath","value":"//*[@id=\"__button396\"]"}
COMMAND: POST /session/a5881d3eaca756d633e860ab0441a8d1/elements - {"using":"xpath","value":"//*[@id=\"__button396\"]"}
RESULT: {"using":"xpath","value":"//*[@id=\"__button396\"]"}
COMMAND: POST /session/a5881d3eaca756d633e860ab0441a8d1/elements - {"using":"xpath","value":"//*[@id=\"__button396\"]"}
RESULT: {"using":"xpath","value":"//*[@id=\"__button396\"]"}
COMMAND: POST /session/a5881d3eaca756d633e860ab0441a8d1/elements - {"using":"xpath","value":"//*[@id=\"__button396\"]"}
RESULT: {"using":"xpath","value":"//*[@id=\"__button396\"]"}
COMMAND: POST /session/a5881d3eaca756d633e860ab0441a8d1/elements - {"using":"xpath","value":"//*[@id=\"__button396\"]"}
RESULT: {"using":"xpath","value":"//*[@id=\"__button396\"]"}
COMMAND: POST /session/a5881d3eaca756d633e860ab0441a8d1/elements - {"using":"xpath","value":"//*[@id=\"__button396\"]"}
RESULT: {"using":"xpath","value":"//*[@id=\"__button396\"]"}
COMMAND: POST /session/a5881d3eaca756d633e860ab0441a8d1/elements - {"using":"xpath","value":"//*[@id=\"__button396\"]"}
RESULT: {"using":"xpath","value":"//*[@id=\"__button396\"]"}
COMMAND: POST /session/a5881d3eaca756d633e860ab0441a8d1/elements - {"using":"xpath","value":"//*[@id=\"__button396\"]"}
RESULT: {"using":"xpath","value":"//*[@id=\"__button396\"]"}
COMMAND: POST /session/a5881d3eaca756d633e860ab0441a8d1/elements - {"using":"xpath","value":"//*[@id=\"__button396\"]"}
RESULT: {"using":"xpath","value":"//*[@id=\"__button396\"]"}
COMMAND: POST /session/a5881d3eaca756d633e860ab0441a8d1/elements - {"using":"xpath","value":"//*[@id=\"__button396\"]"}
RESULT: {"using":"xpath","value":"//*[@id=\"__button396\"]"}
COMMAND: POST /session/a5881d3eaca756d633e860ab0441a8d1/elements - {"using":"xpath","value":"//*[@id=\"__button396\"]"}
RESULT: {"using":"xpath","value":"//*[@id=\"__button396\"]"}
COMMAND: POST /session/a5881d3eaca756d633e860ab0441a8d1/elements - {"using":"xpath","value":"//*[@id=\"__button396\"]"}
RESULT: {"using":"xpath","value":"//*[@id=\"__button396\"]"}
COMMAND: POST /session/a5881d3eaca756d633e860ab0441a8d1/elements - {"using":"xpath","value":"//*[@id=\"__button396\"]"}
RESULT: {"using":"xpath","value":"//*[@id=\"__button396\"]"}
COMMAND: POST /session/a5881d3eaca756d633e860ab0441a8d1/elements - {"using":"xpath","value":"//*[@id=\"__button396\"]"}
RESULT: {"using":"xpath","value":"//*[@id=\"__button396\"]"}
COMMAND: POST /session/a5881d3eaca756d633e860ab0441a8d1/elements - {"using":"xpath","value":"//*[@id=\"__button396\"]"}
RESULT: {"using":"xpath","value":"//*[@id=\"__button396\"]"}
COMMAND: POST /session/a5881d3eaca756d633e860ab0441a8d1/elements - {"using":"xpath","value":"//*[@id=\"__button396\"]"}
RESULT: {"using":"xpath","value":"//*[@id=\"__button396\"]"}
COMMAND: POST /session/a5881d3eaca756d633e860ab0441a8d1/elements - {"using":"xpath","value":"//*[@id=\"__button396\"]"}
RESULT: {"using":"xpath","value":"//*[@id=\"__button396\"]"}
COMMAND: POST /session/a5881d3eaca756d633e860ab0441a8d1/elements - {"using":"xpath","value":"//*[@id=\"__button396\"]"}
RESULT: {"using":"xpath","value":"//*[@id=\"__button396\"]"}
COMMAND: POST /session/a5881d3eaca756d633e860ab0441a8d1/elements - {"using":"xpath","value":"//*[@id=\"__button396\"]"}
RESULT: {"using":"xpath","value":"//*[@id=\"__button396\"]"}
COMMAND: POST /session/a5881d3eaca756d633e860ab0441a8d1/elements - {"using":"xpath","value":"//*[@id=\"__button396\"]"}
RESULT: {"using":"xpath","value":"//*[@id=\"__button396\"]"}
COMMAND: POST /session/a5881d3eaca756d633e860ab0441a8d1/elements - {"using":"xpath","value":"//*[@id=\"__button396\"]"}
RESULT: {"using":"xpath","value":"//*[@id=\"__button396\"]"}
COMMAND: POST /session/a5881d3eaca756d633e860ab0441a8d1/elements - {"using":"xpath","value":"//*[@id=\"__button396\"]"}
RESULT: {"using":"xpath","value":"//*[@id=\"__button396\"]"}
COMMAND: POST /session/a5881d3eaca756d633e860ab0441a8d1/elements - {"using":"xpath","value":"//*[@id=\"__button396\"]"}
RESULT: {"using":"xpath","value":"//*[@id=\"__button396\"]"}
COMMAND: POST /session/a5881d3eaca756d633e860ab0441a8d1/elements - {"using":"xpath","value":"//*[@id=\"__button396\"]"}
RESULT: {"using":"xpath","value":"//*[@id=\"__button396\"]"}
COMMAND: POST /session/a5881d3eaca756d633e860ab0441a8d1/elements - {"using":"xpath","value":"//*[@id=\"__button396\"]"}
RESULT: {"using":"xpath","value":"//*[@id=\"__button396\"]"}
COMMAND: POST /session/a5881d3eaca756d633e860ab0441a8d1/elements - {"using":"xpath","value":"//*[@id=\"__button396\"]"}
RESULT: {"using":"xpath","value":"//*[@id=\"__button396\"]"}
COMMAND: POST /session/a5881d3eaca756d633e860ab0441a8d1/elements - {"using":"xpath","value":"//*[@id=\"__button396\"]"}
RESULT: {"using":"xpath","value":"//*[@id=\"__button396\"]"}
COMMAND: POST /session/a5881d3eaca756d633e860ab0441a8d1/elements - {"using":"xpath","value":"//*[@id=\"__button396\"]"}
RESULT: {"using":"xpath","value":"//*[@id=\"__button396\"]"}
COMMAND: POST /session/a5881d3eaca756d633e860ab0441a8d1/elements - {"using":"xpath","value":"//*[@id=\"__button396\"]"}
RESULT: {"using":"xpath","value":"//*[@id=\"__button396\"]"}
COMMAND: POST /session/a5881d3eaca756d633e860ab0441a8d1/elements - {"using":"xpath","value":"//*[@id=\"__button396\"]"}
RESULT: {"using":"xpath","value":"//*[@id=\"__button396\"]"}
COMMAND: POST /session/a5881d3eaca756d633e860ab0441a8d1/elements - {"using":"xpath","value":"//*[@id=\"__button396\"]"}
RESULT: {"using":"xpath","value":"//*[@id=\"__button396\"]"}
COMMAND: POST /session/a5881d3eaca756d633e860ab0441a8d1/elements - {"using":"xpath","value":"//*[@id=\"__button396\"]"}
RESULT: {"using":"xpath","value":"//*[@id=\"__button396\"]"}
COMMAND: POST /session/a5881d3eaca756d633e860ab0441a8d1/elements - {"using":"xpath","value":"//*[@id=\"__button396\"]"}
RESULT: {"using":"xpath","value":"//*[@id=\"__button396\"]"}
COMMAND: POST /session/a5881d3eaca756d633e860ab0441a8d1/elements - {"using":"xpath","value":"//*[@id=\"__button396\"]"}
RESULT: {"using":"xpath","value":"//*[@id=\"__button396\"]"}
COMMAND: POST /session/a5881d3eaca756d633e860ab0441a8d1/elements - {"using":"xpath","value":"//*[@id=\"__button396\"]"}
RESULT: {"using":"xpath","value":"//*[@id=\"__button396\"]"}
COMMAND: POST /session/a5881d3eaca756d633e860ab0441a8d1/elements - {"using":"xpath","value":"//*[@id=\"__button396\"]"}
RESULT: {"using":"xpath","value":"//*[@id=\"__button396\"]"}
COMMAND: POST /session/a5881d3eaca756d633e860ab0441a8d1/elements - {"using":"xpath","value":"//*[@id=\"__button396\"]"}
RESULT: {"using":"xpath","value":"//*[@id=\"__button396\"]"}
COMMAND: POST /session/a5881d3eaca756d633e860ab0441a8d1/elements - {"using":"xpath","value":"//*[@id=\"__button396\"]"}
RESULT: {"using":"xpath","value":"//*[@id=\"__button396\"]"}
COMMAND: POST /session/a5881d3eaca756d633e860ab0441a8d1/elements - {"using":"xpath","value":"//*[@id=\"__button396\"]"}
RESULT: {"using":"xpath","value":"//*[@id=\"__button396\"]"}
COMMAND: POST /session/a5881d3eaca756d633e860ab0441a8d1/elements - {"using":"xpath","value":"//*[@id=\"__button396\"]"}
RESULT: {"using":"xpath","value":"//*[@id=\"__button396\"]"}
COMMAND: POST /session/a5881d3eaca756d633e860ab0441a8d1/elements - {"using":"xpath","value":"//*[@id=\"__button396\"]"}
RESULT: {"using":"xpath","value":"//*[@id=\"__button396\"]"}
COMMAND: POST /session/a5881d3eaca756d633e860ab0441a8d1/elements - {"using":"xpath","value":"//*[@id=\"__button396\"]"}
RESULT: {"using":"xpath","value":"//*[@id=\"__button396\"]"}
COMMAND: POST /session/a5881d3eaca756d633e860ab0441a8d1/elements - {"using":"xpath","value":"//*[@id=\"__button396\"]"}
RESULT: {"using":"xpath","value":"//*[@id=\"__button396\"]"}
COMMAND: POST /session/a5881d3eaca756d633e860ab0441a8d1/elements - {"using":"xpath","value":"//*[@id=\"__button396\"]"}
RESULT: {"using":"xpath","value":"//*[@id=\"__button396\"]"}
COMMAND: POST /session/a5881d3eaca756d633e860ab0441a8d1/elements - {"using":"xpath","value":"//*[@id=\"__button396\"]"}
RESULT: {"using":"xpath","value":"//*[@id=\"__button396\"]"}
COMMAND: POST /session/a5881d3eaca756d633e860ab0441a8d1/elements - {"using":"xpath","value":"//*[@id=\"__button396\"]"}
RESULT: {"using":"xpath","value":"//*[@id=\"__button396\"]"}
COMMAND: POST /session/a5881d3eaca756d633e860ab0441a8d1/elements - {"using":"xpath","value":"//*[@id=\"__button396\"]"}
RESULT: {"using":"xpath","value":"//*[@id=\"__button396\"]"}
COMMAND: POST /session/a5881d3eaca756d633e860ab0441a8d1/elements - {"using":"xpath","value":"//*[@id=\"__button396\"]"}
RESULT: {"using":"xpath","value":"//*[@id=\"__button396\"]"}
COMMAND: POST /session/a5881d3eaca756d633e860ab0441a8d1/elements - {"using":"xpath","value":"//*[@id=\"__button396\"]"}
RESULT: {"using":"xpath","value":"//*[@id=\"__button396\"]"}
COMMAND: POST /session/a5881d3eaca756d633e860ab0441a8d1/elements - {"using":"xpath","value":"//*[@id=\"__button396\"]"}
RESULT: {"using":"xpath","value":"//*[@id=\"__button396\"]"}
COMMAND: POST /session/a5881d3eaca756d633e860ab0441a8d1/elements - {"using":"xpath","value":"//*[@id=\"__button396\"]"}
RESULT: {"using":"xpath","value":"//*[@id=\"__button396\"]"}
COMMAND: POST /session/a5881d3eaca756d633e860ab0441a8d1/elements - {"using":"xpath","value":"//*[@id=\"__button396\"]"}
RESULT: {"using":"xpath","value":"//*[@id=\"__button396\"]"}
COMMAND: POST /session/a5881d3eaca756d633e860ab0441a8d1/elements - {"using":"xpath","value":"//*[@id=\"__button396\"]"}
RESULT: {"using":"xpath","value":"//*[@id=\"__button396\"]"}
COMMAND: POST /session/a5881d3eaca756d633e860ab0441a8d1/elements - {"using":"xpath","value":"//*[@id=\"__button396\"]"}
RESULT: {"using":"xpath","value":"//*[@id=\"__button396\"]"}
COMMAND: POST /session/a5881d3eaca756d633e860ab0441a8d1/elements - {"using":"xpath","value":"//*[@id=\"__button396\"]"}
RESULT: {"using":"xpath","value":"//*[@id=\"__button396\"]"}
COMMAND: POST /session/a5881d3eaca756d633e860ab0441a8d1/elements - {"using":"xpath","value":"//*[@id=\"__button396\"]"}
RESULT: {"using":"xpath","value":"//*[@id=\"__button396\"]"}
COMMAND: POST /session/a5881d3eaca756d633e860ab0441a8d1/elements - {"using":"xpath","value":"//*[@id=\"__button396\"]"}
RESULT: {"using":"xpath","value":"//*[@id=\"__button396\"]"}
COMMAND: POST /session/a5881d3eaca756d633e860ab0441a8d1/elements - {"using":"xpath","value":"//*[@id=\"__button396\"]"}
RESULT: {"using":"xpath","value":"//*[@id=\"__button396\"]"}
COMMAND: POST /session/a5881d3eaca756d633e860ab0441a8d1/elements - {"using":"xpath","value":"//*[@id=\"__button396\"]"}
RESULT: {"using":"xpath","value":"//*[@id=\"__button396\"]"}
COMMAND: POST /session/a5881d3eaca756d633e860ab0441a8d1/elements - {"using":"xpath","value":"//*[@id=\"__button396\"]"}
RESULT: {"using":"xpath","value":"//*[@id=\"__button396\"]"}
COMMAND: POST /session/a5881d3eaca756d633e860ab0441a8d1/elements - {"using":"xpath","value":"//*[@id=\"__button396\"]"}
RESULT: {"using":"xpath","value":"//*[@id=\"__button396\"]"}
COMMAND: POST /session/a5881d3eaca756d633e860ab0441a8d1/elements - {"using":"xpath","value":"//*[@id=\"__button396\"]"}
RESULT: {"using":"xpath","value":"//*[@id=\"__button396\"]"}
COMMAND: POST /session/a5881d3eaca756d633e860ab0441a8d1/elements - {"using":"xpath","value":"//*[@id=\"__button396\"]"}
RESULT: {"using":"xpath","value":"//*[@id=\"__button396\"]"}
COMMAND: POST /session/a5881d3eaca756d633e860ab0441a8d1/elements - {"using":"xpath","value":"//*[@id=\"__button396\"]"}
RESULT: {"using":"xpath","value":"//*[@id=\"__button396\"]"}
COMMAND: POST /session/a5881d3eaca756d633e860ab0441a8d1/elements - {"using":"xpath","value":"//*[@id=\"__button396\"]"}
RESULT: {"using":"xpath","value":"//*[@id=\"__button396\"]"}
COMMAND: POST /session/a5881d3eaca756d633e860ab0441a8d1/elements - {"using":"xpath","value":"//*[@id=\"__button396\"]"}
RESULT: {"using":"xpath","value":"//*[@id=\"__button396\"]"}
COMMAND: POST /session/a5881d3eaca756d633e860ab0441a8d1/elements - {"using":"xpath","value":"//*[@id=\"__button396\"]"}
RESULT: {"using":"xpath","value":"//*[@id=\"__button396\"]"}
COMMAND: POST /session/a5881d3eaca756d633e860ab0441a8d1/elements - {"using":"xpath","value":"//*[@id=\"__button396\"]"}
RESULT: {"using":"xpath","value":"//*[@id=\"__button396\"]"}
COMMAND: POST /session/a5881d3eaca756d633e860ab0441a8d1/elements - {"using":"xpath","value":"//*[@id=\"__button396\"]"}
RESULT: {"using":"xpath","value":"//*[@id=\"__button396\"]"}
COMMAND: POST /session/a5881d3eaca756d633e860ab0441a8d1/elements - {"using":"xpath","value":"//*[@id=\"__button396\"]"}
RESULT: {"using":"xpath","value":"//*[@id=\"__button396\"]"}
COMMAND: POST /session/a5881d3eaca756d633e860ab0441a8d1/elements - {"using":"xpath","value":"//*[@id=\"__button396\"]"}
RESULT: {"using":"xpath","value":"//*[@id=\"__button396\"]"}
COMMAND: POST /session/a5881d3eaca756d633e860ab0441a8d1/elements - {"using":"xpath","value":"//*[@id=\"__button396\"]"}
RESULT: {"using":"xpath","value":"//*[@id=\"__button396\"]"}
COMMAND: POST /session/a5881d3eaca756d633e860ab0441a8d1/elements - {"using":"xpath","value":"//*[@id=\"__button396\"]"}
RESULT: {"using":"xpath","value":"//*[@id=\"__button396\"]"}
COMMAND: POST /session/a5881d3eaca756d633e860ab0441a8d1/elements - {"using":"xpath","value":"//*[@id=\"__button396\"]"}
RESULT: {"using":"xpath","value":"//*[@id=\"__button396\"]"}
COMMAND: POST /session/a5881d3eaca756d633e860ab0441a8d1/elements - {"using":"xpath","value":"//*[@id=\"__button396\"]"}
RESULT: {"using":"xpath","value":"//*[@id=\"__button396\"]"}
COMMAND: POST /session/a5881d3eaca756d633e860ab0441a8d1/elements - {"using":"xpath","value":"//*[@id=\"__button396\"]"}
RESULT: {"using":"xpath","value":"//*[@id=\"__button396\"]"}
COMMAND: POST /session/a5881d3eaca756d633e860ab0441a8d1/elements - {"using":"xpath","value":"//*[@id=\"__button396\"]"}
RESULT: {"using":"xpath","value":"//*[@id=\"__button396\"]"}
COMMAND: POST /session/a5881d3eaca756d633e860ab0441a8d1/elements - {"using":"xpath","value":"//*[@id=\"__button396\"]"}
RESULT: {"using":"xpath","value":"//*[@id=\"__button396\"]"}
COMMAND: POST /session/a5881d3eaca756d633e860ab0441a8d1/elements - {"using":"xpath","value":"//*[@id=\"__button396\"]"}
RESULT: {"using":"xpath","value":"//*[@id=\"__button396\"]"}
COMMAND: POST /session/a5881d3eaca756d633e860ab0441a8d1/elements - {"using":"xpath","value":"//*[@id=\"__button396\"]"}
RESULT: {"using":"xpath","value":"//*[@id=\"__button396\"]"}
COMMAND: POST /session/a5881d3eaca756d633e860ab0441a8d1/elements - {"using":"xpath","value":"//*[@id=\"__button396\"]"}
RESULT: {"using":"xpath","value":"//*[@id=\"__button396\"]"}
COMMAND: POST /session/a5881d3eaca756d633e860ab0441a8d1/elements - {"using":"xpath","value":"//*[@id=\"__button396\"]"}
RESULT: {"using":"xpath","value":"//*[@id=\"__button396\"]"}
COMMAND: POST /session/a5881d3eaca756d633e860ab0441a8d1/elements - {"using":"xpath","value":"//*[@id=\"__button396\"]"}
RESULT: {"using":"xpath","value":"//*[@id=\"__button396\"]"}
COMMAND: POST /session/a5881d3eaca756d633e860ab0441a8d1/elements - {"using":"xpath","value":"//*[@id=\"__button396\"]"}
RESULT: {"using":"xpath","value":"//*[@id=\"__button396\"]"}
COMMAND: POST /session/a5881d3eaca756d633e860ab0441a8d1/elements - {"using":"xpath","value":"//*[@id=\"__button396\"]"}
RESULT: {"using":"xpath","value":"//*[@id=\"__button396\"]"}
COMMAND: POST /session/a5881d3eaca756d633e860ab0441a8d1/elements - {"using":"xpath","value":"//*[@id=\"__button396\"]"}
RESULT: {"using":"xpath","value":"//*[@id=\"__button396\"]"}
COMMAND: POST /session/a5881d3eaca756d633e860ab0441a8d1/elements - {"using":"xpath","value":"//*[@id=\"__button396\"]"}
RESULT: {"using":"xpath","value":"//*[@id=\"__button396\"]"}
COMMAND: POST /session/a5881d3eaca756d633e860ab0441a8d1/elements - {"using":"xpath","value":"//*[@id=\"__button396\"]"}
RESULT: {"using":"xpath","value":"//*[@id=\"__button396\"]"}
COMMAND: POST /session/a5881d3eaca756d633e860ab0441a8d1/elements - {"using":"xpath","value":"//*[@id=\"__button396\"]"}
RESULT: {"using":"xpath","value":"//*[@id=\"__button396\"]"}
COMMAND: POST /session/a5881d3eaca756d633e860ab0441a8d1/elements - {"using":"xpath","value":"//*[@id=\"__button396\"]"}
RESULT: {"using":"xpath","value":"//*[@id=\"__button396\"]"}
COMMAND: POST /session/a5881d3eaca756d633e860ab0441a8d1/elements - {"using":"xpath","value":"//*[@id=\"__button396\"]"}
RESULT: {"using":"xpath","value":"//*[@id=\"__button396\"]"}
COMMAND: POST /session/a5881d3eaca756d633e860ab0441a8d1/elements - {"using":"xpath","value":"//*[@id=\"__button396\"]"}
RESULT: {"using":"xpath","value":"//*[@id=\"__button396\"]"}
COMMAND: POST /session/a5881d3eaca756d633e860ab0441a8d1/elements - {"using":"xpath","value":"//*[@id=\"__button396\"]"}
COMMAND: POST /session/a5881d3eaca756d633e860ab0441a8d1/element - {"using":"css selector","value":"#shell-header-logo"}
RESULT: {"using":"xpath","value":"//*[@id=\"__button396\"]"}
RESULT: {"using":"css selector","value":"#shell-header-logo"}
COMMAND: POST /session/a5881d3eaca756d633e860ab0441a8d1/execute/sync - {"script":"<script> [8489 bytes]","args":[{"element-6066-11e4-a52e-4f735466cecf":"f.70EA98C12271B5C153327B12E8209453.d.D84245FBD6217B2DB586D57117E3BC79.e.18127","ELEMENT":"f.70EA98C12271B5C153327B12E8209453.d.D84245FBD6217B2DB586D57117E3BC79.e.18127"}]}
RESULT: {"script":"<script> [8489 bytes]","args":[{"element-6066-11e4-a52e-4f735466cecf":"f.70EA98C12271B5C153327B12E8209453.d.D84245FBD6217B2DB586D57117E3BC79.e.18127","ELEMENT":"f.70EA98C12271B5C153327B12E8209453.d.D84245FBD6217B2DB586D57117E3BC79.e.18127"}]}
COMMAND: POST /session/a5881d3eaca756d633e860ab0441a8d1/execute/sync - {"script":"<script> [5351 bytes]","args":[{"element-6066-11e4-a52e-4f735466cecf":"f.70EA98C12271B5C153327B12E8209453.d.D84245FBD6217B2DB586D57117E3BC79.e.18127","ELEMENT":"f.70EA98C12271B5C153327B12E8209453.d.D84245FBD6217B2DB586D57117E3BC79.e.18127"}]}
COMMAND: GET /session/a5881d3eaca756d633e860ab0441a8d1/screenshot - {}
RESULT: {"script":"<script> [5351 bytes]","args":[{"element-6066-11e4-a52e-4f735466cecf":"f.70EA98C12271B5C153327B12E8209453.d.D84245FBD6217B2DB586D57117E3BC79.e.18127","ELEMENT":"f.70EA98C12271B5C153327B12E8209453.d.D84245FBD6217B2DB586D57117E3BC79.e.18127"}]}
COMMAND: POST /session/a5881d3eaca756d633e860ab0441a8d1/element/f.70EA98C12271B5C153327B12E8209453.d.D84245FBD6217B2DB586D57117E3BC79.e.18127/click - {}
COMMAND: GET /session/a5881d3eaca756d633e860ab0441a8d1/screenshot - {}
RESULT: {}
RESULT: {}
]]></system-out>
    </testcase>
    <testcase classname="chrome.135_0_7049_96.windows.Performance_based_billing_(work_days)_US139742" name="Should go to Manage Billings and trigger calculation check the conditions applied" time="54.856">
      <system-out><![CDATA[
COMMAND: POST /session/a5881d3eaca756d633e860ab0441a8d1/execute/async - {"script":"<script> [1562 bytes]","args":[{"selector":{"controlType":"sap.m.GenericTile","properties":{"header":"Manage Billings"}},"wdio_ui5_key":"sapm.GenericTile{\"header\":\"Manage Billings\"}"}]}
COMMAND: GET /session/a5881d3eaca756d633e860ab0441a8d1/screenshot - {}
RESULT: {}
RESULT: {"script":"<script> [1562 bytes]","args":[{"selector":{"controlType":"sap.m.GenericTile","properties":{"header":"Manage Billings"}},"wdio_ui5_key":"sapm.GenericTile{\"header\":\"Manage Billings\"}"}]}
RESULT: undefined
COMMAND: POST /session/a5881d3eaca756d633e860ab0441a8d1/element - {"using":"xpath","value":"//*[@id=\"__tile51\"]"}
RESULT: {}
RESULT: {"using":"xpath","value":"//*[@id=\"__tile51\"]"}
COMMAND: POST /session/a5881d3eaca756d633e860ab0441a8d1/element/f.70EA98C12271B5C153327B12E8209453.d.D84245FBD6217B2DB586D57117E3BC79.e.14331/click - {}
RESULT: {}
COMMAND: GET /session/a5881d3eaca756d633e860ab0441a8d1/screenshot - {}
COMMAND: POST /session/a5881d3eaca756d633e860ab0441a8d1/execute/async - {"script":"<script> [1562 bytes]","args":[{"selector":{"id":"application-managebillings-display-component---billRunCalcResult--smartFilterBar-btnBasicSearch","interaction":{"idSuffix":"I"}},"wdio_ui5_key":"applicationmanagebillings-display-component---billRunCalcResult--smartFilterBar-btnBasicSearch"}]}
RESULT: {}
RESULT: {"script":"<script> [1562 bytes]","args":[{"selector":{"id":"application-managebillings-display-component---billRunCalcResult--smartFilterBar-btnBasicSearch","interaction":{"idSuffix":"I"}},"wdio_ui5_key":"applicationmanagebillings-display-component---billRunCalcResult--smartFilterBar-btnBasicSearch"}]}
RESULT: undefined
COMMAND: POST /session/a5881d3eaca756d633e860ab0441a8d1/execute/async - {"script":"<script> [776 bytes]","args":[{"enterText":"10420","selector":{"id":"application-managebillings-display-component---billRunCalcResult--smartFilterBar-btnBasicSearch","interaction":{"idSuffix":"I"}},"clearTextFirst":true,"interactionType":"ENTER_TEXT"}]}
RESULT: {"script":"<script> [776 bytes]","args":[{"enterText":"10420","selector":{"id":"application-managebillings-display-component---billRunCalcResult--smartFilterBar-btnBasicSearch","interaction":{"idSuffix":"I"}},"clearTextFirst":true,"interactionType":"ENTER_TEXT"}]}
COMMAND: POST /session/a5881d3eaca756d633e860ab0441a8d1/actions - {"actions":[{"id":"action65","type":"key","parameters":{},"actions":[{"type":"keyDown","value":"î€‡"},{"type":"pause","duration":10},{"type":"keyUp","value":"î€‡"}]}]}
RESULT: {"actions":[{"id":"action65","type":"key","parameters":{},"actions":[{"type":"keyDown","value":"î€‡"},{"type":"pause","duration":10},{"type":"keyUp","value":"î€‡"}]}]}
COMMAND: GET /session/a5881d3eaca756d633e860ab0441a8d1/screenshot - {}
RESULT: {}
COMMAND: POST /session/a5881d3eaca756d633e860ab0441a8d1/element - {"using":"xpath","value":"//td[@aria-colindex=\"1\"]/div/div[contains(@class, \"sapMCbBg\")]"}
RESULT: {"using":"xpath","value":"//td[@aria-colindex=\"1\"]/div/div[contains(@class, \"sapMCbBg\")]"}
COMMAND: POST /session/a5881d3eaca756d633e860ab0441a8d1/element/f.70EA98C12271B5C153327B12E8209453.d.D84245FBD6217B2DB586D57117E3BC79.e.18520/click - {}
RESULT: {}
COMMAND: GET /session/a5881d3eaca756d633e860ab0441a8d1/screenshot - {}
RESULT: {}
COMMAND: POST /session/a5881d3eaca756d633e860ab0441a8d1/execute/async - {"script":"<script> [1562 bytes]","args":[{"selector":{"id":"application-managebillings-display-component---billRunCalcResult--contractBillRunDate","interaction":{"idSuffix":"inner"}},"wdio_ui5_key":"applicationmanagebillings-display-component---billRunCalcResult--contractBillRunDate"}]}
RESULT: {"script":"<script> [1562 bytes]","args":[{"selector":{"id":"application-managebillings-display-component---billRunCalcResult--contractBillRunDate","interaction":{"idSuffix":"inner"}},"wdio_ui5_key":"applicationmanagebillings-display-component---billRunCalcResult--contractBillRunDate"}]}
RESULT: undefined
COMMAND: POST /session/a5881d3eaca756d633e860ab0441a8d1/execute/async - {"script":"<script> [776 bytes]","args":[{"enterText":"05/30/25","selector":{"id":"application-managebillings-display-component---billRunCalcResult--contractBillRunDate","interaction":{"idSuffix":"inner"}},"clearTextFirst":true,"interactionType":"ENTER_TEXT"}]}
RESULT: {"script":"<script> [776 bytes]","args":[{"enterText":"05/30/25","selector":{"id":"application-managebillings-display-component---billRunCalcResult--contractBillRunDate","interaction":{"idSuffix":"inner"}},"clearTextFirst":true,"interactionType":"ENTER_TEXT"}]}
COMMAND: POST /session/a5881d3eaca756d633e860ab0441a8d1/element - {"using":"xpath","value":"//bdi[contains(text(), \"Trigger Calculation\")]"}
RESULT: {"using":"xpath","value":"//bdi[contains(text(), \"Trigger Calculation\")]"}
COMMAND: POST /session/a5881d3eaca756d633e860ab0441a8d1/element/f.70EA98C12271B5C153327B12E8209453.d.D84245FBD6217B2DB586D57117E3BC79.e.18572/click - {}
RESULT: {}
COMMAND: GET /session/a5881d3eaca756d633e860ab0441a8d1/screenshot - {}
RESULT: {}
COMMAND: POST /session/a5881d3eaca756d633e860ab0441a8d1/element - {"using":"xpath","value":"(//span[contains(@id, \"imgNav\")])[1]"}
RESULT: {"using":"xpath","value":"(//span[contains(@id, \"imgNav\")])[1]"}
COMMAND: POST /session/a5881d3eaca756d633e860ab0441a8d1/element/f.70EA98C12271B5C153327B12E8209453.d.D84245FBD6217B2DB586D57117E3BC79.e.18521/click - {}
RESULT: {}
COMMAND: GET /session/a5881d3eaca756d633e860ab0441a8d1/screenshot - {}
RESULT: {}
COMMAND: POST /session/a5881d3eaca756d633e860ab0441a8d1/element - {"using":"xpath","value":"//tr/td[6]/div[1]/span[1]/span[1]"}
RESULT: {"using":"xpath","value":"//tr/td[6]/div[1]/span[1]/span[1]"}
COMMAND: GET /session/a5881d3eaca756d633e860ab0441a8d1/element/f.70EA98C12271B5C153327B12E8209453.d.D84245FBD6217B2DB586D57117E3BC79.e.18575/text - {}
RESULT: {}
COMMAND: POST /session/a5881d3eaca756d633e860ab0441a8d1/element - {"using":"xpath","value":"(//span[contains(@id, \"imgNav\")])[2]"}
RESULT: {"using":"xpath","value":"(//span[contains(@id, \"imgNav\")])[2]"}
COMMAND: POST /session/a5881d3eaca756d633e860ab0441a8d1/element/f.70EA98C12271B5C153327B12E8209453.d.D84245FBD6217B2DB586D57117E3BC79.e.18576/click - {}
RESULT: {}
COMMAND: POST /session/a5881d3eaca756d633e860ab0441a8d1/element - {"using":"xpath","value":"//bdi[contains(text(), \"Business Confirm\")]"}
COMMAND: GET /session/a5881d3eaca756d633e860ab0441a8d1/screenshot - {}
RESULT: {"using":"xpath","value":"//bdi[contains(text(), \"Business Confirm\")]"}
COMMAND: POST /session/a5881d3eaca756d633e860ab0441a8d1/elements - {"using":"xpath","value":"//bdi[contains(text(), \"Business Confirm\")]"}
RESULT: {}
RESULT: {"using":"xpath","value":"//bdi[contains(text(), \"Business Confirm\")]"}
COMMAND: POST /session/a5881d3eaca756d633e860ab0441a8d1/element - {"using":"xpath","value":"//bdi[contains(text(), \"Business Confirm\")]"}
RESULT: {"using":"xpath","value":"//bdi[contains(text(), \"Business Confirm\")]"}
COMMAND: POST /session/a5881d3eaca756d633e860ab0441a8d1/element/f.70EA98C12271B5C153327B12E8209453.d.D84245FBD6217B2DB586D57117E3BC79.e.18646/click - {}
RESULT: {}
COMMAND: POST /session/a5881d3eaca756d633e860ab0441a8d1/element - {"using":"css selector","value":"#shell-header-logo"}
COMMAND: GET /session/a5881d3eaca756d633e860ab0441a8d1/screenshot - {}
RESULT: {"using":"css selector","value":"#shell-header-logo"}
COMMAND: POST /session/a5881d3eaca756d633e860ab0441a8d1/element/f.70EA98C12271B5C153327B12E8209453.d.D84245FBD6217B2DB586D57117E3BC79.e.18306/click - {}
RESULT: {}
RESULT: {}
COMMAND: GET /session/a5881d3eaca756d633e860ab0441a8d1/screenshot - {}
RESULT: {}
COMMAND: POST /session/a5881d3eaca756d633e860ab0441a8d1/element - {"using":"css selector","value":"#j_username"}
COMMAND: POST /session/a5881d3eaca756d633e860ab0441a8d1/url - {"url":"https://qa-testing-00-live-etm-ui.cfapps.eu10-004.hana.ondemand.com/"}
RESULT: {"using":"css selector","value":"#j_username"}
COMMAND: POST /session/a5881d3eaca756d633e860ab0441a8d1/element - {"using":"css selector","value":"#j_username"}
RESULT: {"url":"https://qa-testing-00-live-etm-ui.cfapps.eu10-004.hana.ondemand.com/"}
RESULT: undefined
COMMAND: GET /session/a5881d3eaca756d633e860ab0441a8d1/screenshot - {}
RESULT: {"using":"css selector","value":"#j_username"}
COMMAND: POST /session/a5881d3eaca756d633e860ab0441a8d1/element - {"using":"css selector","value":"#shell-header-logo"}
RESULT: {}
RESULT: {"using":"css selector","value":"#shell-header-logo"}
COMMAND: POST /session/a5881d3eaca756d633e860ab0441a8d1/execute/sync - {"script":"<script> [8489 bytes]","args":[{"element-6066-11e4-a52e-4f735466cecf":"f.70EA98C12271B5C153327B12E8209453.d.9A3824C4E8DAC319840EAAEDB7CF1CFF.e.18665","ELEMENT":"f.70EA98C12271B5C153327B12E8209453.d.9A3824C4E8DAC319840EAAEDB7CF1CFF.e.18665"}]}
RESULT: {"script":"<script> [8489 bytes]","args":[{"element-6066-11e4-a52e-4f735466cecf":"f.70EA98C12271B5C153327B12E8209453.d.9A3824C4E8DAC319840EAAEDB7CF1CFF.e.18665","ELEMENT":"f.70EA98C12271B5C153327B12E8209453.d.9A3824C4E8DAC319840EAAEDB7CF1CFF.e.18665"}]}
COMMAND: POST /session/a5881d3eaca756d633e860ab0441a8d1/element - {"using":"css selector","value":"#shell-header-logo"}
COMMAND: GET /session/a5881d3eaca756d633e860ab0441a8d1/screenshot - {}
RESULT: {"using":"css selector","value":"#shell-header-logo"}
COMMAND: POST /session/a5881d3eaca756d633e860ab0441a8d1/execute/sync - {"script":"<script> [8489 bytes]","args":[{"element-6066-11e4-a52e-4f735466cecf":"f.70EA98C12271B5C153327B12E8209453.d.9A3824C4E8DAC319840EAAEDB7CF1CFF.e.18665","ELEMENT":"f.70EA98C12271B5C153327B12E8209453.d.9A3824C4E8DAC319840EAAEDB7CF1CFF.e.18665"}]}
RESULT: {}
RESULT: {"script":"<script> [8489 bytes]","args":[{"element-6066-11e4-a52e-4f735466cecf":"f.70EA98C12271B5C153327B12E8209453.d.9A3824C4E8DAC319840EAAEDB7CF1CFF.e.18665","ELEMENT":"f.70EA98C12271B5C153327B12E8209453.d.9A3824C4E8DAC319840EAAEDB7CF1CFF.e.18665"}]}
COMMAND: POST /session/a5881d3eaca756d633e860ab0441a8d1/execute/sync - {"script":"<script> [5351 bytes]","args":[{"element-6066-11e4-a52e-4f735466cecf":"f.70EA98C12271B5C153327B12E8209453.d.9A3824C4E8DAC319840EAAEDB7CF1CFF.e.18665","ELEMENT":"f.70EA98C12271B5C153327B12E8209453.d.9A3824C4E8DAC319840EAAEDB7CF1CFF.e.18665"}]}
COMMAND: GET /session/a5881d3eaca756d633e860ab0441a8d1/screenshot - {}
RESULT: {"script":"<script> [5351 bytes]","args":[{"element-6066-11e4-a52e-4f735466cecf":"f.70EA98C12271B5C153327B12E8209453.d.9A3824C4E8DAC319840EAAEDB7CF1CFF.e.18665","ELEMENT":"f.70EA98C12271B5C153327B12E8209453.d.9A3824C4E8DAC319840EAAEDB7CF1CFF.e.18665"}]}
COMMAND: POST /session/a5881d3eaca756d633e860ab0441a8d1/element - {"using":"css selector","value":"#shell-header-logo"}
COMMAND: GET /session/a5881d3eaca756d633e860ab0441a8d1/screenshot - {}
RESULT: {}
RESULT: {"using":"css selector","value":"#shell-header-logo"}
COMMAND: POST /session/a5881d3eaca756d633e860ab0441a8d1/element/f.70EA98C12271B5C153327B12E8209453.d.9A3824C4E8DAC319840EAAEDB7CF1CFF.e.18665/click - {}
RESULT: {}
RESULT: {}
COMMAND: GET /session/a5881d3eaca756d633e860ab0441a8d1/screenshot - {}
RESULT: {}
COMMAND: POST /session/a5881d3eaca756d633e860ab0441a8d1/execute/async - {"script":"<script> [189 bytes]","args":[]}
RESULT: {"script":"<script> [189 bytes]","args":[]}
COMMAND: POST /session/a5881d3eaca756d633e860ab0441a8d1/execute/async - {"script":"<script> [123 bytes]","args":[]}
RESULT: {"script":"<script> [123 bytes]","args":[]}
COMMAND: POST /session/a5881d3eaca756d633e860ab0441a8d1/timeouts - {"script":"<number>"}
RESULT: {"script":"<number>"}
COMMAND: GET /session/a5881d3eaca756d633e860ab0441a8d1/timeouts - {}
RESULT: {}
RESULT: undefined
COMMAND: POST /session/a5881d3eaca756d633e860ab0441a8d1/execute/async - {"script":"<script> [2676 bytes]","args":[]}
RESULT: {"script":"<script> [2676 bytes]","args":[]}
COMMAND: POST /session/a5881d3eaca756d633e860ab0441a8d1/execute/async - {"script":"<script> [2342 bytes]","args":[{"protocol":"http","hostname":"0.0.0.0","path":"/","capabilities":{"browserName":"chrome","goog:chromeOptions":{"binary":"C:\\Program Files\\Google\\Chrome\\Application\\chrome.exe","args":["--start-maximized"]}},"logLevel":"warn","connectionRetryTimeout":120000,"connectionRetryCount":3,"logLevels":{},"enableDirectConnect":true,"strictSSL":true,"_":"65 more keys: [\"cacheDir\",\"port\",\"requestedCapabilities\",\"automationProtocol\",\"baseUrl\",\"waitforInterval\",\"waitforTimeout\",\"onReload\",\"beforeCommand\",\"afterCommand\",\"rootDir\",\"specs\",\"suites\",\"exclude\",\"groupLogsByTestSpec\",\"excludeDriverLogs\",\"bail\",\"framework\",\"reporters\",\"services\",\"maxInstances\",\"maxInstancesPerCapability\",\"injectGlobals\",\"filesToWatch\",\"execArgv\",\"runnerEnv\",\"runner\",\"shard\",\"specFileRetries\",\"specFileRetriesDelay\",\"specFileRetriesDeferred\",\"reporterSyncInterval\",\"reporterSyncTimeout\",\"cucumberFeaturesWithLineNumbers\",\"autoCompileOpts\",\"mochaOpts\",\"jasmineOpts\",\"cucumberOpts\",\"onPrepare\",\"onWorkerStart\",\"onWorkerEnd\",\"before\",\"beforeSession\",\"beforeSuite\",\"beforeHook\",\"beforeTest\",\"afterTest\",\"afterHook\",\"afterSuite\",\"afterSession\",\"after\",\"onComplete\",\"beforeAssertion\",\"afterAssertion\",\"beforeFeature\",\"beforeScenario\",\"beforeStep\",\"afterStep\",\"afterScenario\",\"afterFeature\",\"_\",\"suite\",\"$0\",\"ignoredWorkerServices\",\"wdi5\"]"}]}
RESULT: {"script":"<script> [2342 bytes]","args":[{"protocol":"http","hostname":"0.0.0.0","path":"/","capabilities":{"browserName":"chrome","goog:chromeOptions":{"binary":"C:\\Program Files\\Google\\Chrome\\Application\\chrome.exe","args":["--start-maximized"]}},"logLevel":"warn","connectionRetryTimeout":120000,"connectionRetryCount":3,"logLevels":{},"enableDirectConnect":true,"strictSSL":true,"_":"65 more keys: [\"cacheDir\",\"port\",\"requestedCapabilities\",\"automationProtocol\",\"baseUrl\",\"waitforInterval\",\"waitforTimeout\",\"onReload\",\"beforeCommand\",\"afterCommand\",\"rootDir\",\"specs\",\"suites\",\"exclude\",\"groupLogsByTestSpec\",\"excludeDriverLogs\",\"bail\",\"framework\",\"reporters\",\"services\",\"maxInstances\",\"maxInstancesPerCapability\",\"injectGlobals\",\"filesToWatch\",\"execArgv\",\"runnerEnv\",\"runner\",\"shard\",\"specFileRetries\",\"specFileRetriesDelay\",\"specFileRetriesDeferred\",\"reporterSyncInterval\",\"reporterSyncTimeout\",\"cucumberFeaturesWithLineNumbers\",\"autoCompileOpts\",\"mochaOpts\",\"jasmineOpts\",\"cucumberOpts\",\"onPrepare\",\"onWorkerStart\",\"onWorkerEnd\",\"before\",\"beforeSession\",\"beforeSuite\",\"beforeHook\",\"beforeTest\",\"afterTest\",\"afterHook\",\"afterSuite\",\"afterSession\",\"after\",\"onComplete\",\"beforeAssertion\",\"afterAssertion\",\"beforeFeature\",\"beforeScenario\",\"beforeStep\",\"afterStep\",\"afterScenario\",\"afterFeature\",\"_\",\"suite\",\"$0\",\"ignoredWorkerServices\",\"wdi5\"]"}]}
COMMAND: POST /session/a5881d3eaca756d633e860ab0441a8d1/execute/async - {"script":"<script> [21126 bytes]","args":[35000]}
RESULT: {"script":"<script> [21126 bytes]","args":[35000]}
COMMAND: POST /session/a5881d3eaca756d633e860ab0441a8d1/window/maximize - {}
RESULT: {}
COMMAND: POST /session/a5881d3eaca756d633e860ab0441a8d1/execute/async - {"script":"<script> [1562 bytes]","args":[{"selector":{"id":"shell-header","interaction":{"idSuffix":"icon"}},"wdio_ui5_key":"shellheader"}]}
COMMAND: GET /session/a5881d3eaca756d633e860ab0441a8d1/screenshot - {}
RESULT: {"script":"<script> [1562 bytes]","args":[{"selector":{"id":"shell-header","interaction":{"idSuffix":"icon"}},"wdio_ui5_key":"shellheader"}]}
RESULT: undefined
COMMAND: POST /session/a5881d3eaca756d633e860ab0441a8d1/refresh - {}
RESULT: {}
RESULT: {}
COMMAND: GET /session/a5881d3eaca756d633e860ab0441a8d1/screenshot - {}
RESULT: {}
COMMAND: POST /session/a5881d3eaca756d633e860ab0441a8d1/refresh - {}
RESULT: {}
COMMAND: GET /session/a5881d3eaca756d633e860ab0441a8d1/screenshot - {}
RESULT: {}
COMMAND: POST /session/a5881d3eaca756d633e860ab0441a8d1/window/fullscreen - {}
RESULT: {}
COMMAND: POST /session/a5881d3eaca756d633e860ab0441a8d1/execute/async - {"script":"<script> [189 bytes]","args":[]}
RESULT: {"script":"<script> [189 bytes]","args":[]}
COMMAND: POST /session/a5881d3eaca756d633e860ab0441a8d1/execute/async - {"script":"<script> [123 bytes]","args":[]}
RESULT: {"script":"<script> [123 bytes]","args":[]}
COMMAND: POST /session/a5881d3eaca756d633e860ab0441a8d1/timeouts - {"script":"<number>"}
RESULT: {"script":"<number>"}
COMMAND: GET /session/a5881d3eaca756d633e860ab0441a8d1/timeouts - {}
RESULT: {}
RESULT: undefined
COMMAND: POST /session/a5881d3eaca756d633e860ab0441a8d1/execute/async - {"script":"<script> [2676 bytes]","args":[]}
RESULT: {"script":"<script> [2676 bytes]","args":[]}
COMMAND: POST /session/a5881d3eaca756d633e860ab0441a8d1/execute/async - {"script":"<script> [2342 bytes]","args":[{"protocol":"http","hostname":"0.0.0.0","path":"/","capabilities":{"browserName":"chrome","goog:chromeOptions":{"binary":"C:\\Program Files\\Google\\Chrome\\Application\\chrome.exe","args":["--start-maximized"]}},"logLevel":"warn","connectionRetryTimeout":120000,"connectionRetryCount":3,"logLevels":{},"enableDirectConnect":true,"strictSSL":true,"_":"65 more keys: [\"cacheDir\",\"port\",\"requestedCapabilities\",\"automationProtocol\",\"baseUrl\",\"waitforInterval\",\"waitforTimeout\",\"onReload\",\"beforeCommand\",\"afterCommand\",\"rootDir\",\"specs\",\"suites\",\"exclude\",\"groupLogsByTestSpec\",\"excludeDriverLogs\",\"bail\",\"framework\",\"reporters\",\"services\",\"maxInstances\",\"maxInstancesPerCapability\",\"injectGlobals\",\"filesToWatch\",\"execArgv\",\"runnerEnv\",\"runner\",\"shard\",\"specFileRetries\",\"specFileRetriesDelay\",\"specFileRetriesDeferred\",\"reporterSyncInterval\",\"reporterSyncTimeout\",\"cucumberFeaturesWithLineNumbers\",\"autoCompileOpts\",\"mochaOpts\",\"jasmineOpts\",\"cucumberOpts\",\"onPrepare\",\"onWorkerStart\",\"onWorkerEnd\",\"before\",\"beforeSession\",\"beforeSuite\",\"beforeHook\",\"beforeTest\",\"afterTest\",\"afterHook\",\"afterSuite\",\"afterSession\",\"after\",\"onComplete\",\"beforeAssertion\",\"afterAssertion\",\"beforeFeature\",\"beforeScenario\",\"beforeStep\",\"afterStep\",\"afterScenario\",\"afterFeature\",\"_\",\"suite\",\"$0\",\"ignoredWorkerServices\",\"wdi5\"]"}]}
RESULT: {"script":"<script> [2342 bytes]","args":[{"protocol":"http","hostname":"0.0.0.0","path":"/","capabilities":{"browserName":"chrome","goog:chromeOptions":{"binary":"C:\\Program Files\\Google\\Chrome\\Application\\chrome.exe","args":["--start-maximized"]}},"logLevel":"warn","connectionRetryTimeout":120000,"connectionRetryCount":3,"logLevels":{},"enableDirectConnect":true,"strictSSL":true,"_":"65 more keys: [\"cacheDir\",\"port\",\"requestedCapabilities\",\"automationProtocol\",\"baseUrl\",\"waitforInterval\",\"waitforTimeout\",\"onReload\",\"beforeCommand\",\"afterCommand\",\"rootDir\",\"specs\",\"suites\",\"exclude\",\"groupLogsByTestSpec\",\"excludeDriverLogs\",\"bail\",\"framework\",\"reporters\",\"services\",\"maxInstances\",\"maxInstancesPerCapability\",\"injectGlobals\",\"filesToWatch\",\"execArgv\",\"runnerEnv\",\"runner\",\"shard\",\"specFileRetries\",\"specFileRetriesDelay\",\"specFileRetriesDeferred\",\"reporterSyncInterval\",\"reporterSyncTimeout\",\"cucumberFeaturesWithLineNumbers\",\"autoCompileOpts\",\"mochaOpts\",\"jasmineOpts\",\"cucumberOpts\",\"onPrepare\",\"onWorkerStart\",\"onWorkerEnd\",\"before\",\"beforeSession\",\"beforeSuite\",\"beforeHook\",\"beforeTest\",\"afterTest\",\"afterHook\",\"afterSuite\",\"afterSession\",\"after\",\"onComplete\",\"beforeAssertion\",\"afterAssertion\",\"beforeFeature\",\"beforeScenario\",\"beforeStep\",\"afterStep\",\"afterScenario\",\"afterFeature\",\"_\",\"suite\",\"$0\",\"ignoredWorkerServices\",\"wdi5\"]"}]}
COMMAND: POST /session/a5881d3eaca756d633e860ab0441a8d1/execute/async - {"script":"<script> [21126 bytes]","args":[35000]}
RESULT: {"script":"<script> [21126 bytes]","args":[35000]}
]]></system-out>
    </testcase>
  </testsuite>
  <testsuite timestamp="2025-04-30T17:54:50" time="1290.942" tests="20" failures="4" errors="4" skipped="0">
    <properties>
      <property name="specId" value="0" />
      <property name="suiteName" value="Billing Calculation - Time based (considering transport times) US139738" />
      <property name="capabilities" value="chrome.135_0_7049_96.windows" />
      <property name="file" value="file:///D:/a/1/s/test/specs/BTS/billing-calculation-transp-times.spec.js" />
    </properties>
    <testcase classname="chrome.135_0_7049_96.windows.Billing_Calculation_-_Time_based_(considering_transport_times)_US139738" name="Should create a new yard" time="0.021">
      <system-out><![CDATA[
COMMAND: POST /session/a5881d3eaca756d633e860ab0441a8d1/window/fullscreen - {}
RESULT: {}
]]></system-out>
    </testcase>
    <testcase classname="chrome.135_0_7049_96.windows.Billing_Calculation_-_Time_based_(considering_transport_times)_US139738" name="Should create a new partner" time="0.003" />
    <testcase classname="chrome.135_0_7049_96.windows.Billing_Calculation_-_Time_based_(considering_transport_times)_US139738" name="Should create a new site" time="0.003" />
    <testcase classname="chrome.135_0_7049_96.windows.Billing_Calculation_-_Time_based_(considering_transport_times)_US139738" name="Should create the equipment" time="119.961">
      <system-out><![CDATA[
COMMAND: POST /session/a5881d3eaca756d633e860ab0441a8d1/execute/async - {"script":"<script> [1562 bytes]","args":[{"selector":{"controlType":"sap.m.GenericTile","properties":{"header":"Manage Resources"}},"wdio_ui5_key":"sapm.GenericTile{\"header\":\"Manage Resources\"}"}]}
RESULT: {"script":"<script> [1562 bytes]","args":[{"selector":{"controlType":"sap.m.GenericTile","properties":{"header":"Manage Resources"}},"wdio_ui5_key":"sapm.GenericTile{\"header\":\"Manage Resources\"}"}]}
RESULT: undefined
COMMAND: POST /session/a5881d3eaca756d633e860ab0441a8d1/element - {"using":"xpath","value":"//*[@id=\"__tile39\"]"}
RESULT: {"using":"xpath","value":"//*[@id=\"__tile39\"]"}
COMMAND: POST /session/a5881d3eaca756d633e860ab0441a8d1/element/f.70EA98C12271B5C153327B12E8209453.d.BE0BB3309143CCC08D39E8B88DD0C35D.e.18828/click - {}
RESULT: {}
COMMAND: POST /session/a5881d3eaca756d633e860ab0441a8d1/element - {"using":"xpath","value":"//button[@data-kt=\"addNewRUOverflowToolbarButton\"]"}
COMMAND: GET /session/a5881d3eaca756d633e860ab0441a8d1/screenshot - {}
RESULT: {"using":"xpath","value":"//button[@data-kt=\"addNewRUOverflowToolbarButton\"]"}
COMMAND: POST /session/a5881d3eaca756d633e860ab0441a8d1/elements - {"using":"xpath","value":"//button[@data-kt=\"addNewRUOverflowToolbarButton\"]"}
RESULT: {}
RESULT: {"using":"xpath","value":"//button[@data-kt=\"addNewRUOverflowToolbarButton\"]"}
COMMAND: POST /session/a5881d3eaca756d633e860ab0441a8d1/elements - {"using":"xpath","value":"//button[@data-kt=\"addNewRUOverflowToolbarButton\"]"}
RESULT: {"using":"xpath","value":"//button[@data-kt=\"addNewRUOverflowToolbarButton\"]"}
COMMAND: POST /session/a5881d3eaca756d633e860ab0441a8d1/elements - {"using":"xpath","value":"//button[@data-kt=\"addNewRUOverflowToolbarButton\"]"}
RESULT: {"using":"xpath","value":"//button[@data-kt=\"addNewRUOverflowToolbarButton\"]"}
COMMAND: POST /session/a5881d3eaca756d633e860ab0441a8d1/elements - {"using":"xpath","value":"//button[@data-kt=\"addNewRUOverflowToolbarButton\"]"}
RESULT: {"using":"xpath","value":"//button[@data-kt=\"addNewRUOverflowToolbarButton\"]"}
COMMAND: POST /session/a5881d3eaca756d633e860ab0441a8d1/elements - {"using":"xpath","value":"//button[@data-kt=\"addNewRUOverflowToolbarButton\"]"}
RESULT: {"using":"xpath","value":"//button[@data-kt=\"addNewRUOverflowToolbarButton\"]"}
COMMAND: POST /session/a5881d3eaca756d633e860ab0441a8d1/elements - {"using":"xpath","value":"//button[@data-kt=\"addNewRUOverflowToolbarButton\"]"}
RESULT: {"using":"xpath","value":"//button[@data-kt=\"addNewRUOverflowToolbarButton\"]"}
COMMAND: POST /session/a5881d3eaca756d633e860ab0441a8d1/elements - {"using":"xpath","value":"//button[@data-kt=\"addNewRUOverflowToolbarButton\"]"}
RESULT: {"using":"xpath","value":"//button[@data-kt=\"addNewRUOverflowToolbarButton\"]"}
COMMAND: POST /session/a5881d3eaca756d633e860ab0441a8d1/elements - {"using":"xpath","value":"//button[@data-kt=\"addNewRUOverflowToolbarButton\"]"}
RESULT: {"using":"xpath","value":"//button[@data-kt=\"addNewRUOverflowToolbarButton\"]"}
COMMAND: POST /session/a5881d3eaca756d633e860ab0441a8d1/elements - {"using":"xpath","value":"//button[@data-kt=\"addNewRUOverflowToolbarButton\"]"}
RESULT: {"using":"xpath","value":"//button[@data-kt=\"addNewRUOverflowToolbarButton\"]"}
COMMAND: POST /session/a5881d3eaca756d633e860ab0441a8d1/elements - {"using":"xpath","value":"//button[@data-kt=\"addNewRUOverflowToolbarButton\"]"}
RESULT: {"using":"xpath","value":"//button[@data-kt=\"addNewRUOverflowToolbarButton\"]"}
COMMAND: POST /session/a5881d3eaca756d633e860ab0441a8d1/elements - {"using":"xpath","value":"//button[@data-kt=\"addNewRUOverflowToolbarButton\"]"}
RESULT: {"using":"xpath","value":"//button[@data-kt=\"addNewRUOverflowToolbarButton\"]"}
COMMAND: POST /session/a5881d3eaca756d633e860ab0441a8d1/elements - {"using":"xpath","value":"//button[@data-kt=\"addNewRUOverflowToolbarButton\"]"}
RESULT: {"using":"xpath","value":"//button[@data-kt=\"addNewRUOverflowToolbarButton\"]"}
COMMAND: POST /session/a5881d3eaca756d633e860ab0441a8d1/elements - {"using":"xpath","value":"//button[@data-kt=\"addNewRUOverflowToolbarButton\"]"}
RESULT: {"using":"xpath","value":"//button[@data-kt=\"addNewRUOverflowToolbarButton\"]"}
COMMAND: POST /session/a5881d3eaca756d633e860ab0441a8d1/elements - {"using":"xpath","value":"//button[@data-kt=\"addNewRUOverflowToolbarButton\"]"}
RESULT: {"using":"xpath","value":"//button[@data-kt=\"addNewRUOverflowToolbarButton\"]"}
COMMAND: POST /session/a5881d3eaca756d633e860ab0441a8d1/elements - {"using":"xpath","value":"//button[@data-kt=\"addNewRUOverflowToolbarButton\"]"}
RESULT: {"using":"xpath","value":"//button[@data-kt=\"addNewRUOverflowToolbarButton\"]"}
COMMAND: POST /session/a5881d3eaca756d633e860ab0441a8d1/elements - {"using":"xpath","value":"//button[@data-kt=\"addNewRUOverflowToolbarButton\"]"}
RESULT: {"using":"xpath","value":"//button[@data-kt=\"addNewRUOverflowToolbarButton\"]"}
COMMAND: POST /session/a5881d3eaca756d633e860ab0441a8d1/element - {"using":"xpath","value":"//button[@data-kt=\"addNewRUOverflowToolbarButton\"]"}
RESULT: {"using":"xpath","value":"//button[@data-kt=\"addNewRUOverflowToolbarButton\"]"}
COMMAND: POST /session/a5881d3eaca756d633e860ab0441a8d1/execute/sync - {"script":"<script> [8489 bytes]","args":[{"element-6066-11e4-a52e-4f735466cecf":"f.70EA98C12271B5C153327B12E8209453.d.BE0BB3309143CCC08D39E8B88DD0C35D.e.18966","ELEMENT":"f.70EA98C12271B5C153327B12E8209453.d.BE0BB3309143CCC08D39E8B88DD0C35D.e.18966"}]}
RESULT: {"script":"<script> [8489 bytes]","args":[{"element-6066-11e4-a52e-4f735466cecf":"f.70EA98C12271B5C153327B12E8209453.d.BE0BB3309143CCC08D39E8B88DD0C35D.e.18966","ELEMENT":"f.70EA98C12271B5C153327B12E8209453.d.BE0BB3309143CCC08D39E8B88DD0C35D.e.18966"}]}
COMMAND: GET /session/a5881d3eaca756d633e860ab0441a8d1/element/f.70EA98C12271B5C153327B12E8209453.d.BE0BB3309143CCC08D39E8B88DD0C35D.e.18966/enabled - {}
COMMAND: GET /session/a5881d3eaca756d633e860ab0441a8d1/screenshot - {}
RESULT: {}
COMMAND: POST /session/a5881d3eaca756d633e860ab0441a8d1/execute/sync - {"script":"<script> [8489 bytes]","args":[{"element-6066-11e4-a52e-4f735466cecf":"f.70EA98C12271B5C153327B12E8209453.d.BE0BB3309143CCC08D39E8B88DD0C35D.e.18966","ELEMENT":"f.70EA98C12271B5C153327B12E8209453.d.BE0BB3309143CCC08D39E8B88DD0C35D.e.18966"}]}
COMMAND: GET /session/a5881d3eaca756d633e860ab0441a8d1/screenshot - {}
RESULT: {}
RESULT: {"script":"<script> [8489 bytes]","args":[{"element-6066-11e4-a52e-4f735466cecf":"f.70EA98C12271B5C153327B12E8209453.d.BE0BB3309143CCC08D39E8B88DD0C35D.e.18966","ELEMENT":"f.70EA98C12271B5C153327B12E8209453.d.BE0BB3309143CCC08D39E8B88DD0C35D.e.18966"}]}
COMMAND: POST /session/a5881d3eaca756d633e860ab0441a8d1/execute/sync - {"script":"<script> [5351 bytes]","args":[{"element-6066-11e4-a52e-4f735466cecf":"f.70EA98C12271B5C153327B12E8209453.d.BE0BB3309143CCC08D39E8B88DD0C35D.e.18966","ELEMENT":"f.70EA98C12271B5C153327B12E8209453.d.BE0BB3309143CCC08D39E8B88DD0C35D.e.18966"}]}
COMMAND: GET /session/a5881d3eaca756d633e860ab0441a8d1/screenshot - {}
RESULT: {}
RESULT: {"script":"<script> [5351 bytes]","args":[{"element-6066-11e4-a52e-4f735466cecf":"f.70EA98C12271B5C153327B12E8209453.d.BE0BB3309143CCC08D39E8B88DD0C35D.e.18966","ELEMENT":"f.70EA98C12271B5C153327B12E8209453.d.BE0BB3309143CCC08D39E8B88DD0C35D.e.18966"}]}
COMMAND: POST /session/a5881d3eaca756d633e860ab0441a8d1/element/f.70EA98C12271B5C153327B12E8209453.d.BE0BB3309143CCC08D39E8B88DD0C35D.e.18966/click - {}
COMMAND: GET /session/a5881d3eaca756d633e860ab0441a8d1/screenshot - {}
RESULT: {}
RESULT: {}
COMMAND: GET /session/a5881d3eaca756d633e860ab0441a8d1/screenshot - {}
RESULT: {}
RESULT: {}
COMMAND: POST /session/a5881d3eaca756d633e860ab0441a8d1/execute/async - {"script":"<script> [1562 bytes]","args":[{"selector":{"id":"application-manageresources-display-component---newResourceUnit--TYPE-arrow"},"wdio_ui5_key":"applicationmanageresources-display-component---newResourceUnit--TYPE-arrow"}]}
RESULT: {"script":"<script> [1562 bytes]","args":[{"selector":{"id":"application-manageresources-display-component---newResourceUnit--TYPE-arrow"},"wdio_ui5_key":"applicationmanageresources-display-component---newResourceUnit--TYPE-arrow"}]}
RESULT: undefined
COMMAND: POST /session/a5881d3eaca756d633e860ab0441a8d1/element - {"using":"xpath","value":"//*[@id=\"application-manageresources-display-component---newResourceUnit--TYPE-arrow\"]"}
RESULT: {"using":"xpath","value":"//*[@id=\"application-manageresources-display-component---newResourceUnit--TYPE-arrow\"]"}
COMMAND: POST /session/a5881d3eaca756d633e860ab0441a8d1/element/f.70EA98C12271B5C153327B12E8209453.d.BE0BB3309143CCC08D39E8B88DD0C35D.e.19337/click - {}
RESULT: {}
COMMAND: POST /session/a5881d3eaca756d633e860ab0441a8d1/element - {"using":"xpath","value":"//input[@id=\"application-manageresources-display-component---newResourceUnit--TYPE-inner\"]"}
COMMAND: GET /session/a5881d3eaca756d633e860ab0441a8d1/screenshot - {}
RESULT: {"using":"xpath","value":"//input[@id=\"application-manageresources-display-component---newResourceUnit--TYPE-inner\"]"}
COMMAND: POST /session/a5881d3eaca756d633e860ab0441a8d1/element/f.70EA98C12271B5C153327B12E8209453.d.BE0BB3309143CCC08D39E8B88DD0C35D.e.19317/clear - {}
RESULT: {}
RESULT: {}
COMMAND: POST /session/a5881d3eaca756d633e860ab0441a8d1/element/f.70EA98C12271B5C153327B12E8209453.d.BE0BB3309143CCC08D39E8B88DD0C35D.e.19317/value - {"text":"Equipment"}
COMMAND: GET /session/a5881d3eaca756d633e860ab0441a8d1/screenshot - {}
RESULT: {"text":"Equipment"}
COMMAND: GET /session/a5881d3eaca756d633e860ab0441a8d1/screenshot - {}
RESULT: {}
RESULT: {}
COMMAND: POST /session/a5881d3eaca756d633e860ab0441a8d1/actions - {"actions":[{"id":"action66","type":"key","parameters":{},"actions":[{"type":"keyDown","value":"î€‡"},{"type":"pause","duration":10},{"type":"keyUp","value":"î€‡"}]}]}
RESULT: {"actions":[{"id":"action66","type":"key","parameters":{},"actions":[{"type":"keyDown","value":"î€‡"},{"type":"pause","duration":10},{"type":"keyUp","value":"î€‡"}]}]}
COMMAND: POST /session/a5881d3eaca756d633e860ab0441a8d1/execute/async - {"script":"<script> [1562 bytes]","args":[{"selector":{"id":"application-manageresources-display-component---newResourceUnit--resourceId","interaction":{"idSuffix":"inner"}},"wdio_ui5_key":"applicationmanageresources-display-component---newResourceUnit--resourceId"}]}
COMMAND: GET /session/a5881d3eaca756d633e860ab0441a8d1/screenshot - {}
RESULT: {"script":"<script> [1562 bytes]","args":[{"selector":{"id":"application-manageresources-display-component---newResourceUnit--resourceId","interaction":{"idSuffix":"inner"}},"wdio_ui5_key":"applicationmanageresources-display-component---newResourceUnit--resourceId"}]}
RESULT: undefined
COMMAND: POST /session/a5881d3eaca756d633e860ab0441a8d1/execute/async - {"script":"<script> [776 bytes]","args":[{"enterText":"MQymFh0Mzy","selector":{"id":"application-manageresources-display-component---newResourceUnit--resourceId","interaction":{"idSuffix":"inner"}},"clearTextFirst":true,"interactionType":"ENTER_TEXT"}]}
RESULT: {}
RESULT: {"script":"<script> [776 bytes]","args":[{"enterText":"MQymFh0Mzy","selector":{"id":"application-manageresources-display-component---newResourceUnit--resourceId","interaction":{"idSuffix":"inner"}},"clearTextFirst":true,"interactionType":"ENTER_TEXT"}]}
COMMAND: POST /session/a5881d3eaca756d633e860ab0441a8d1/execute/async - {"script":"<script> [1562 bytes]","args":[{"selector":{"id":"application-manageresources-display-component---newResourceUnit--SHORT_TEXT","interaction":{"idSuffix":"inner"}},"wdio_ui5_key":"applicationmanageresources-display-component---newResourceUnit--SHORT_TEXT"}]}
RESULT: {"script":"<script> [1562 bytes]","args":[{"selector":{"id":"application-manageresources-display-component---newResourceUnit--SHORT_TEXT","interaction":{"idSuffix":"inner"}},"wdio_ui5_key":"applicationmanageresources-display-component---newResourceUnit--SHORT_TEXT"}]}
RESULT: undefined
COMMAND: POST /session/a5881d3eaca756d633e860ab0441a8d1/execute/async - {"script":"<script> [776 bytes]","args":[{"enterText":"Intercompany Equipment WDIO","selector":{"id":"application-manageresources-display-component---newResourceUnit--SHORT_TEXT","interaction":{"idSuffix":"inner"}},"clearTextFirst":true,"interactionType":"ENTER_TEXT"}]}
RESULT: {"script":"<script> [776 bytes]","args":[{"enterText":"Intercompany Equipment WDIO","selector":{"id":"application-manageresources-display-component---newResourceUnit--SHORT_TEXT","interaction":{"idSuffix":"inner"}},"clearTextFirst":true,"interactionType":"ENTER_TEXT"}]}
COMMAND: POST /session/a5881d3eaca756d633e860ab0441a8d1/execute/async - {"script":"<script> [1562 bytes]","args":[{"selector":{"id":"application-manageresources-display-component---newResourceUnit--BASE_UNIT_OF_MEASURE","interaction":{"idSuffix":"inner"}},"wdio_ui5_key":"applicationmanageresources-display-component---newResourceUnit--BASE_UNIT_OF_MEASURE"}]}
RESULT: {"script":"<script> [1562 bytes]","args":[{"selector":{"id":"application-manageresources-display-component---newResourceUnit--BASE_UNIT_OF_MEASURE","interaction":{"idSuffix":"inner"}},"wdio_ui5_key":"applicationmanageresources-display-component---newResourceUnit--BASE_UNIT_OF_MEASURE"}]}
RESULT: undefined
COMMAND: POST /session/a5881d3eaca756d633e860ab0441a8d1/execute/async - {"script":"<script> [776 bytes]","args":[{"enterText":"Piece","selector":{"id":"application-manageresources-display-component---newResourceUnit--BASE_UNIT_OF_MEASURE","interaction":{"idSuffix":"inner"}},"clearTextFirst":true,"interactionType":"ENTER_TEXT"}]}
RESULT: {"script":"<script> [776 bytes]","args":[{"enterText":"Piece","selector":{"id":"application-manageresources-display-component---newResourceUnit--BASE_UNIT_OF_MEASURE","interaction":{"idSuffix":"inner"}},"clearTextFirst":true,"interactionType":"ENTER_TEXT"}]}
COMMAND: POST /session/a5881d3eaca756d633e860ab0441a8d1/execute/async - {"script":"<script> [1562 bytes]","args":[{"selector":{"id":"application-manageresources-display-component---newResourceUnit--WEIGHT_UNIT","interaction":{"idSuffix":"inner"}},"wdio_ui5_key":"applicationmanageresources-display-component---newResourceUnit--WEIGHT_UNIT"}]}
RESULT: {"script":"<script> [1562 bytes]","args":[{"selector":{"id":"application-manageresources-display-component---newResourceUnit--WEIGHT_UNIT","interaction":{"idSuffix":"inner"}},"wdio_ui5_key":"applicationmanageresources-display-component---newResourceUnit--WEIGHT_UNIT"}]}
RESULT: undefined
COMMAND: POST /session/a5881d3eaca756d633e860ab0441a8d1/execute/async - {"script":"<script> [776 bytes]","args":[{"enterText":"Gram","selector":{"id":"application-manageresources-display-component---newResourceUnit--WEIGHT_UNIT","interaction":{"idSuffix":"inner"}},"clearTextFirst":true,"interactionType":"ENTER_TEXT"}]}
RESULT: {"script":"<script> [776 bytes]","args":[{"enterText":"Gram","selector":{"id":"application-manageresources-display-component---newResourceUnit--WEIGHT_UNIT","interaction":{"idSuffix":"inner"}},"clearTextFirst":true,"interactionType":"ENTER_TEXT"}]}
COMMAND: POST /session/a5881d3eaca756d633e860ab0441a8d1/execute/async - {"script":"<script> [1562 bytes]","args":[{"selector":{"id":"application-manageresources-display-component---newResourceUnit--DIMENSION_UNIT","interaction":{"idSuffix":"inner"}},"wdio_ui5_key":"applicationmanageresources-display-component---newResourceUnit--DIMENSION_UNIT"}]}
RESULT: {"script":"<script> [1562 bytes]","args":[{"selector":{"id":"application-manageresources-display-component---newResourceUnit--DIMENSION_UNIT","interaction":{"idSuffix":"inner"}},"wdio_ui5_key":"applicationmanageresources-display-component---newResourceUnit--DIMENSION_UNIT"}]}
RESULT: undefined
COMMAND: POST /session/a5881d3eaca756d633e860ab0441a8d1/execute/async - {"script":"<script> [776 bytes]","args":[{"enterText":"Meter","selector":{"id":"application-manageresources-display-component---newResourceUnit--DIMENSION_UNIT","interaction":{"idSuffix":"inner"}},"clearTextFirst":true,"interactionType":"ENTER_TEXT"}]}
RESULT: {"script":"<script> [776 bytes]","args":[{"enterText":"Meter","selector":{"id":"application-manageresources-display-component---newResourceUnit--DIMENSION_UNIT","interaction":{"idSuffix":"inner"}},"clearTextFirst":true,"interactionType":"ENTER_TEXT"}]}
COMMAND: POST /session/a5881d3eaca756d633e860ab0441a8d1/execute/async - {"script":"<script> [1562 bytes]","args":[{"selector":{"id":"application-manageresources-display-component---newResourceUnit--newRRUPage-anchBar-application-manageresources-display-component---newResourceUnit--control-anchor","interaction":{"idSuffix":"BDI-content"}},"wdio_ui5_key":"applicationmanageresources-display-component---newResourceUnit--newRRUPage-anchBar-application-manageresources-display-component---newResourceUnit--control-anchor"}]}
RESULT: {"script":"<script> [1562 bytes]","args":[{"selector":{"id":"application-manageresources-display-component---newResourceUnit--newRRUPage-anchBar-application-manageresources-display-component---newResourceUnit--control-anchor","interaction":{"idSuffix":"BDI-content"}},"wdio_ui5_key":"applicationmanageresources-display-component---newResourceUnit--newRRUPage-anchBar-application-manageresources-display-component---newResourceUnit--control-anchor"}]}
RESULT: undefined
COMMAND: POST /session/a5881d3eaca756d633e860ab0441a8d1/element - {"using":"xpath","value":"//*[@id=\"application-manageresources-display-component---newResourceUnit--newRRUPage-anchBar-application-manageresources-display-component---newResourceUnit--control-anchor\"]"}
RESULT: {"using":"xpath","value":"//*[@id=\"application-manageresources-display-component---newResourceUnit--newRRUPage-anchBar-application-manageresources-display-component---newResourceUnit--control-anchor\"]"}
COMMAND: POST /session/a5881d3eaca756d633e860ab0441a8d1/element/f.70EA98C12271B5C153327B12E8209453.d.BE0BB3309143CCC08D39E8B88DD0C35D.e.19472/click - {}
RESULT: {}
COMMAND: POST /session/a5881d3eaca756d633e860ab0441a8d1/execute/async - {"script":"<script> [1562 bytes]","args":[{"selector":{"id":"application-manageresources-display-component---newResourceUnit--PLANNING_GROUP","interaction":{"idSuffix":"inner"}},"wdio_ui5_key":"applicationmanageresources-display-component---newResourceUnit--PLANNING_GROUP"}]}
COMMAND: GET /session/a5881d3eaca756d633e860ab0441a8d1/screenshot - {}
RESULT: {"script":"<script> [1562 bytes]","args":[{"selector":{"id":"application-manageresources-display-component---newResourceUnit--PLANNING_GROUP","interaction":{"idSuffix":"inner"}},"wdio_ui5_key":"applicationmanageresources-display-component---newResourceUnit--PLANNING_GROUP"}]}
RESULT: undefined
COMMAND: POST /session/a5881d3eaca756d633e860ab0441a8d1/execute/async - {"script":"<script> [776 bytes]","args":[{"enterText":"Heavy Equi","selector":{"id":"application-manageresources-display-component---newResourceUnit--PLANNING_GROUP","interaction":{"idSuffix":"inner"}},"clearTextFirst":true,"interactionType":"ENTER_TEXT"}]}
RESULT: {}
RESULT: {"script":"<script> [776 bytes]","args":[{"enterText":"Heavy Equi","selector":{"id":"application-manageresources-display-component---newResourceUnit--PLANNING_GROUP","interaction":{"idSuffix":"inner"}},"clearTextFirst":true,"interactionType":"ENTER_TEXT"}]}
COMMAND: POST /session/a5881d3eaca756d633e860ab0441a8d1/execute/async - {"script":"<script> [1562 bytes]","args":[{"selector":{"id":"application-manageresources-display-component---newResourceUnit--ITEM_TYPE-arrow"},"wdio_ui5_key":"applicationmanageresources-display-component---newResourceUnit--ITEM_TYPE-arrow"}]}
RESULT: {"script":"<script> [1562 bytes]","args":[{"selector":{"id":"application-manageresources-display-component---newResourceUnit--ITEM_TYPE-arrow"},"wdio_ui5_key":"applicationmanageresources-display-component---newResourceUnit--ITEM_TYPE-arrow"}]}
RESULT: undefined
COMMAND: POST /session/a5881d3eaca756d633e860ab0441a8d1/element - {"using":"xpath","value":"//*[@id=\"application-manageresources-display-component---newResourceUnit--ITEM_TYPE-arrow\"]"}
RESULT: {"using":"xpath","value":"//*[@id=\"application-manageresources-display-component---newResourceUnit--ITEM_TYPE-arrow\"]"}
COMMAND: POST /session/a5881d3eaca756d633e860ab0441a8d1/element/f.70EA98C12271B5C153327B12E8209453.d.BE0BB3309143CCC08D39E8B88DD0C35D.e.19481/click - {}
RESULT: {}
COMMAND: POST /session/a5881d3eaca756d633e860ab0441a8d1/element - {"using":"xpath","value":"(//span[contains(text(), \"Resource Unit\")])[2]"}
COMMAND: GET /session/a5881d3eaca756d633e860ab0441a8d1/screenshot - {}
RESULT: {"using":"xpath","value":"(//span[contains(text(), \"Resource Unit\")])[2]"}
COMMAND: POST /session/a5881d3eaca756d633e860ab0441a8d1/element/f.70EA98C12271B5C153327B12E8209453.d.BE0BB3309143CCC08D39E8B88DD0C35D.e.19482/click - {}
RESULT: {}
RESULT: {}
COMMAND: GET /session/a5881d3eaca756d633e860ab0441a8d1/screenshot - {}
RESULT: {}
COMMAND: POST /session/a5881d3eaca756d633e860ab0441a8d1/element - {"using":"css selector","value":"#application-manageresources-display-component---newResourceUnit--btnAddTimeSegment"}
RESULT: {"using":"css selector","value":"#application-manageresources-display-component---newResourceUnit--btnAddTimeSegment"}
COMMAND: GET /session/a5881d3eaca756d633e860ab0441a8d1/element/f.70EA98C12271B5C153327B12E8209453.d.BE0BB3309143CCC08D39E8B88DD0C35D.e.19483/rect - {}
RESULT: {}
COMMAND: GET /session/a5881d3eaca756d633e860ab0441a8d1/window/rect - {}
RESULT: {}
COMMAND: POST /session/a5881d3eaca756d633e860ab0441a8d1/execute/sync - {"script":"<script> [92 bytes]","args":[]}
RESULT: {"script":"<script> [92 bytes]","args":[]}
COMMAND: POST /session/a5881d3eaca756d633e860ab0441a8d1/actions - {"actions":[{"id":"action67","type":"wheel","parameters":{},"actions":[{"type":"scroll","x":-1888,"y":-32,"deltaX":0,"deltaY":0,"duration":0,"origin":{"element-6066-11e4-a52e-4f735466cecf":"f.70EA98C12271B5C153327B12E8209453.d.BE0BB3309143CCC08D39E8B88DD0C35D.e.19483"}}]}]}
COMMAND: GET /session/a5881d3eaca756d633e860ab0441a8d1/screenshot - {}
RESULT: {}
COMMAND: POST /session/a5881d3eaca756d633e860ab0441a8d1/execute/sync - {"script":"<script> [79 bytes]","args":[{"element-6066-11e4-a52e-4f735466cecf":"f.70EA98C12271B5C153327B12E8209453.d.BE0BB3309143CCC08D39E8B88DD0C35D.e.19483","ELEMENT":"f.70EA98C12271B5C153327B12E8209453.d.BE0BB3309143CCC08D39E8B88DD0C35D.e.19483"},{"block":"start","inline":"nearest"}]}
RESULT: {"script":"<script> [79 bytes]","args":[{"element-6066-11e4-a52e-4f735466cecf":"f.70EA98C12271B5C153327B12E8209453.d.BE0BB3309143CCC08D39E8B88DD0C35D.e.19483","ELEMENT":"f.70EA98C12271B5C153327B12E8209453.d.BE0BB3309143CCC08D39E8B88DD0C35D.e.19483"},{"block":"start","inline":"nearest"}]}
COMMAND: POST /session/a5881d3eaca756d633e860ab0441a8d1/execute/async - {"script":"<script> [1562 bytes]","args":[{"selector":{"id":"application-manageresources-display-component---newResourceUnit--btnAddTimeSegment","interaction":{"idSuffix":"inner"}},"wdio_ui5_key":"applicationmanageresources-display-component---newResourceUnit--btnAddTimeSegment"}]}
COMMAND: GET /session/a5881d3eaca756d633e860ab0441a8d1/screenshot - {}
RESULT: {"script":"<script> [1562 bytes]","args":[{"selector":{"id":"application-manageresources-display-component---newResourceUnit--btnAddTimeSegment","interaction":{"idSuffix":"inner"}},"wdio_ui5_key":"applicationmanageresources-display-component---newResourceUnit--btnAddTimeSegment"}]}
RESULT: undefined
COMMAND: POST /session/a5881d3eaca756d633e860ab0441a8d1/element - {"using":"xpath","value":"//*[@id=\"application-manageresources-display-component---newResourceUnit--btnAddTimeSegment\"]"}
RESULT: {}
RESULT: {"using":"xpath","value":"//*[@id=\"application-manageresources-display-component---newResourceUnit--btnAddTimeSegment\"]"}
COMMAND: POST /session/a5881d3eaca756d633e860ab0441a8d1/element/f.70EA98C12271B5C153327B12E8209453.d.BE0BB3309143CCC08D39E8B88DD0C35D.e.19483/click - {}
RESULT: {}
COMMAND: GET /session/a5881d3eaca756d633e860ab0441a8d1/screenshot - {}
RESULT: {}
COMMAND: POST /session/a5881d3eaca756d633e860ab0441a8d1/element - {"using":"xpath","value":"//input[@id=\"application-manageresources-display-component---newResourceUnit--idRuTSAdmin-application-manageresources-display-component---newResourceUnit--RUTimeSegment-0-inner\"]"}
RESULT: {"using":"xpath","value":"//input[@id=\"application-manageresources-display-component---newResourceUnit--idRuTSAdmin-application-manageresources-display-component---newResourceUnit--RUTimeSegment-0-inner\"]"}
COMMAND: POST /session/a5881d3eaca756d633e860ab0441a8d1/element/f.70EA98C12271B5C153327B12E8209453.d.BE0BB3309143CCC08D39E8B88DD0C35D.e.19489/clear - {}
RESULT: {}
COMMAND: POST /session/a5881d3eaca756d633e860ab0441a8d1/element/f.70EA98C12271B5C153327B12E8209453.d.BE0BB3309143CCC08D39E8B88DD0C35D.e.19489/value - {"text":"466"}
COMMAND: GET /session/a5881d3eaca756d633e860ab0441a8d1/screenshot - {}
RESULT: {"text":"466"}
COMMAND: GET /session/a5881d3eaca756d633e860ab0441a8d1/screenshot - {}
RESULT: {}
RESULT: {}
COMMAND: POST /session/a5881d3eaca756d633e860ab0441a8d1/element - {"using":"xpath","value":"//li[.//span[text()='466']]"}
RESULT: {"using":"xpath","value":"//li[.//span[text()='466']]"}
COMMAND: POST /session/a5881d3eaca756d633e860ab0441a8d1/element/f.70EA98C12271B5C153327B12E8209453.d.BE0BB3309143CCC08D39E8B88DD0C35D.e.19501/click - {}
RESULT: {}
COMMAND: GET /session/a5881d3eaca756d633e860ab0441a8d1/screenshot - {}
RESULT: {}
COMMAND: POST /session/a5881d3eaca756d633e860ab0441a8d1/element - {"using":"xpath","value":"(//span[contains(@id, \"-application-manageresources-display-component---newResourceUnit--RUTimeSegment-0-arrow\")])[6]"}
RESULT: {"using":"xpath","value":"(//span[contains(@id, \"-application-manageresources-display-component---newResourceUnit--RUTimeSegment-0-arrow\")])[6]"}
COMMAND: POST /session/a5881d3eaca756d633e860ab0441a8d1/element/f.70EA98C12271B5C153327B12E8209453.d.BE0BB3309143CCC08D39E8B88DD0C35D.e.19502/click - {}
RESULT: {}
COMMAND: GET /session/a5881d3eaca756d633e860ab0441a8d1/screenshot - {}
RESULT: {}
COMMAND: POST /session/a5881d3eaca756d633e860ab0441a8d1/element - {"using":"xpath","value":"//span[contains(text(), \"PM Order\")]"}
RESULT: {"using":"xpath","value":"//span[contains(text(), \"PM Order\")]"}
COMMAND: POST /session/a5881d3eaca756d633e860ab0441a8d1/element/f.70EA98C12271B5C153327B12E8209453.d.BE0BB3309143CCC08D39E8B88DD0C35D.e.19505/click - {}
RESULT: {}
COMMAND: GET /session/a5881d3eaca756d633e860ab0441a8d1/screenshot - {}
RESULT: {}
COMMAND: POST /session/a5881d3eaca756d633e860ab0441a8d1/element - {"using":"xpath","value":"(//span[contains(@id ,\"manageresources-display-component---newResourceUnit--RUTimeSegment-0-vhi\")])[1]"}
RESULT: {"using":"xpath","value":"(//span[contains(@id ,\"manageresources-display-component---newResourceUnit--RUTimeSegment-0-vhi\")])[1]"}
COMMAND: GET /session/a5881d3eaca756d633e860ab0441a8d1/element/f.70EA98C12271B5C153327B12E8209453.d.BE0BB3309143CCC08D39E8B88DD0C35D.e.19509/rect - {}
RESULT: {}
COMMAND: GET /session/a5881d3eaca756d633e860ab0441a8d1/window/rect - {}
RESULT: {}
COMMAND: POST /session/a5881d3eaca756d633e860ab0441a8d1/execute/sync - {"script":"<script> [92 bytes]","args":[]}
RESULT: {"script":"<script> [92 bytes]","args":[]}
COMMAND: POST /session/a5881d3eaca756d633e860ab0441a8d1/actions - {"actions":[{"id":"action68","type":"wheel","parameters":{},"actions":[{"type":"scroll","x":-869,"y":-24,"deltaX":0,"deltaY":0,"duration":0,"origin":{"element-6066-11e4-a52e-4f735466cecf":"f.70EA98C12271B5C153327B12E8209453.d.BE0BB3309143CCC08D39E8B88DD0C35D.e.19509"}}]}]}
COMMAND: GET /session/a5881d3eaca756d633e860ab0441a8d1/screenshot - {}
RESULT: {"actions":[{"id":"action68","type":"wheel","parameters":{},"actions":[{"type":"scroll","x":-869,"y":-24,"deltaX":0,"deltaY":0,"duration":0,"origin":{"element-6066-11e4-a52e-4f735466cecf":"f.70EA98C12271B5C153327B12E8209453.d.BE0BB3309143CCC08D39E8B88DD0C35D.e.19509"}}]}]}
COMMAND: DELETE /session/a5881d3eaca756d633e860ab0441a8d1/actions - {}
COMMAND: GET /session/a5881d3eaca756d633e860ab0441a8d1/screenshot - {}
RESULT: {}
RESULT: {}
COMMAND: GET /session/a5881d3eaca756d633e860ab0441a8d1/screenshot - {}
RESULT: {}
RESULT: {}
COMMAND: POST /session/a5881d3eaca756d633e860ab0441a8d1/element/f.70EA98C12271B5C153327B12E8209453.d.BE0BB3309143CCC08D39E8B88DD0C35D.e.19509/click - {}
RESULT: {}
COMMAND: GET /session/a5881d3eaca756d633e860ab0441a8d1/screenshot - {}
RESULT: {}
COMMAND: POST /session/a5881d3eaca756d633e860ab0441a8d1/execute/async - {"script":"<script> [1562 bytes]","args":[{"selector":{"controlType":"sap.m.SearchField","properties":{"placeholder":"Search"},"searchOpenDialogs":true,"interaction":{"idSuffix":"I"}},"wdio_ui5_key":"sapm.SearchField{\"placeholder\":\"Search\"}"}]}
RESULT: {"script":"<script> [1562 bytes]","args":[{"selector":{"controlType":"sap.m.SearchField","properties":{"placeholder":"Search"},"searchOpenDialogs":true,"interaction":{"idSuffix":"I"}},"wdio_ui5_key":"sapm.SearchField{\"placeholder\":\"Search\"}"}]}
RESULT: undefined
COMMAND: POST /session/a5881d3eaca756d633e860ab0441a8d1/execute/async - {"script":"<script> [776 bytes]","args":[{"enterText":"4000360","selector":{"controlType":"sap.m.SearchField","properties":{"placeholder":"Search"},"searchOpenDialogs":true,"interaction":{"idSuffix":"I"}},"clearTextFirst":true,"interactionType":"ENTER_TEXT"}]}
RESULT: {"script":"<script> [776 bytes]","args":[{"enterText":"4000360","selector":{"controlType":"sap.m.SearchField","properties":{"placeholder":"Search"},"searchOpenDialogs":true,"interaction":{"idSuffix":"I"}},"clearTextFirst":true,"interactionType":"ENTER_TEXT"}]}
COMMAND: POST /session/a5881d3eaca756d633e860ab0441a8d1/actions - {"actions":[{"id":"action69","type":"key","parameters":{},"actions":[{"type":"keyDown","value":"î€‡"},{"type":"pause","duration":10},{"type":"keyUp","value":"î€‡"}]}]}
RESULT: {"actions":[{"id":"action69","type":"key","parameters":{},"actions":[{"type":"keyDown","value":"î€‡"},{"type":"pause","duration":10},{"type":"keyUp","value":"î€‡"}]}]}
COMMAND: GET /session/a5881d3eaca756d633e860ab0441a8d1/screenshot - {}
RESULT: {}
COMMAND: POST /session/a5881d3eaca756d633e860ab0441a8d1/element - {"using":"xpath","value":"//td/div/span[contains(text(), \"BGL Vehicles\")]"}
RESULT: {"using":"xpath","value":"//td/div/span[contains(text(), \"BGL Vehicles\")]"}
COMMAND: POST /session/a5881d3eaca756d633e860ab0441a8d1/element/f.70EA98C12271B5C153327B12E8209453.d.BE0BB3309143CCC08D39E8B88DD0C35D.e.19532/click - {}
RESULT: {}
COMMAND: GET /session/a5881d3eaca756d633e860ab0441a8d1/screenshot - {}
RESULT: {}
COMMAND: POST /session/a5881d3eaca756d633e860ab0441a8d1/element - {"using":"xpath","value":"//bdi[contains(text(), \"OK\")]"}
RESULT: {"using":"xpath","value":"//bdi[contains(text(), \"OK\")]"}
COMMAND: POST /session/a5881d3eaca756d633e860ab0441a8d1/element/f.70EA98C12271B5C153327B12E8209453.d.BE0BB3309143CCC08D39E8B88DD0C35D.e.19533/click - {}
RESULT: {}
COMMAND: GET /session/a5881d3eaca756d633e860ab0441a8d1/screenshot - {}
RESULT: {}
COMMAND: POST /session/a5881d3eaca756d633e860ab0441a8d1/execute/async - {"script":"<script> [1562 bytes]","args":[{"selector":{"id":"application-manageresources-display-component---newResourceUnit--newRRUPage-anchBar-application-manageresources-display-component---newResourceUnit--resource-anchor","interaction":{"idSuffix":"BDI-content"}},"wdio_ui5_key":"applicationmanageresources-display-component---newResourceUnit--newRRUPage-anchBar-application-manageresources-display-component---newResourceUnit--resource-anchor"}]}
RESULT: {"script":"<script> [1562 bytes]","args":[{"selector":{"id":"application-manageresources-display-component---newResourceUnit--newRRUPage-anchBar-application-manageresources-display-component---newResourceUnit--resource-anchor","interaction":{"idSuffix":"BDI-content"}},"wdio_ui5_key":"applicationmanageresources-display-component---newResourceUnit--newRRUPage-anchBar-application-manageresources-display-component---newResourceUnit--resource-anchor"}]}
RESULT: undefined
COMMAND: POST /session/a5881d3eaca756d633e860ab0441a8d1/element - {"using":"xpath","value":"//*[@id=\"application-manageresources-display-component---newResourceUnit--newRRUPage-anchBar-application-manageresources-display-component---newResourceUnit--resource-anchor\"]"}
RESULT: {"using":"xpath","value":"//*[@id=\"application-manageresources-display-component---newResourceUnit--newRRUPage-anchBar-application-manageresources-display-component---newResourceUnit--resource-anchor\"]"}
COMMAND: POST /session/a5881d3eaca756d633e860ab0441a8d1/element/f.70EA98C12271B5C153327B12E8209453.d.BE0BB3309143CCC08D39E8B88DD0C35D.e.19537/click - {}
RESULT: {}
COMMAND: POST /session/a5881d3eaca756d633e860ab0441a8d1/execute/async - {"script":"<script> [1562 bytes]","args":[{"selector":{"id":"application-manageresources-display-component---newResourceUnit--PLANNED_DELIVERY_DATE","interaction":{"idSuffix":"inner"}},"wdio_ui5_key":"applicationmanageresources-display-component---newResourceUnit--PLANNED_DELIVERY_DATE"}]}
COMMAND: GET /session/a5881d3eaca756d633e860ab0441a8d1/screenshot - {}
RESULT: {"script":"<script> [1562 bytes]","args":[{"selector":{"id":"application-manageresources-display-component---newResourceUnit--PLANNED_DELIVERY_DATE","interaction":{"idSuffix":"inner"}},"wdio_ui5_key":"applicationmanageresources-display-component---newResourceUnit--PLANNED_DELIVERY_DATE"}]}
RESULT: undefined
COMMAND: POST /session/a5881d3eaca756d633e860ab0441a8d1/execute/async - {"script":"<script> [6424 bytes]","args":[{"element-6066-11e4-a52e-4f735466cecf":"f.70EA98C12271B5C153327B12E8209453.d.BE0BB3309143CCC08D39E8B88DD0C35D.e.19395"},"setValue",["4/30/25"]]}
RESULT: {}
RESULT: {"script":"<script> [6424 bytes]","args":[{"element-6066-11e4-a52e-4f735466cecf":"f.70EA98C12271B5C153327B12E8209453.d.BE0BB3309143CCC08D39E8B88DD0C35D.e.19395"},"setValue",["4/30/25"]]}
COMMAND: POST /session/a5881d3eaca756d633e860ab0441a8d1/element - {"using":"xpath","value":"//button[@data-kt=\"resourceUnitSaveButton\"]"}
RESULT: {"using":"xpath","value":"//button[@data-kt=\"resourceUnitSaveButton\"]"}
COMMAND: POST /session/a5881d3eaca756d633e860ab0441a8d1/element/f.70EA98C12271B5C153327B12E8209453.d.BE0BB3309143CCC08D39E8B88DD0C35D.e.19356/click - {}
RESULT: {}
COMMAND: GET /session/a5881d3eaca756d633e860ab0441a8d1/screenshot - {}
RESULT: {}
COMMAND: POST /session/a5881d3eaca756d633e860ab0441a8d1/element - {"using":"xpath","value":"//bdi[contains(text(), \"Close\")]"}
RESULT: {"using":"xpath","value":"//bdi[contains(text(), \"Close\")]"}
COMMAND: POST /session/a5881d3eaca756d633e860ab0441a8d1/element/f.70EA98C12271B5C153327B12E8209453.d.BE0BB3309143CCC08D39E8B88DD0C35D.e.19545/click - {}
RESULT: {}
COMMAND: GET /session/a5881d3eaca756d633e860ab0441a8d1/screenshot - {}
RESULT: {}
COMMAND: POST /session/a5881d3eaca756d633e860ab0441a8d1/element - {"using":"xpath","value":"(//button[contains(@id ,\"actionsToolbar-overflowButton\")])[1]"}
RESULT: {"using":"xpath","value":"(//button[contains(@id ,\"actionsToolbar-overflowButton\")])[1]"}
COMMAND: POST /session/a5881d3eaca756d633e860ab0441a8d1/element/f.70EA98C12271B5C153327B12E8209453.d.BE0BB3309143CCC08D39E8B88DD0C35D.e.19600/click - {}
RESULT: {}
COMMAND: GET /session/a5881d3eaca756d633e860ab0441a8d1/screenshot - {}
RESULT: {}
COMMAND: POST /session/a5881d3eaca756d633e860ab0441a8d1/element - {"using":"xpath","value":"//button[@data-kt=\"priceInfoButton\"]"}
RESULT: {"using":"xpath","value":"//button[@data-kt=\"priceInfoButton\"]"}
COMMAND: POST /session/a5881d3eaca756d633e860ab0441a8d1/element/f.70EA98C12271B5C153327B12E8209453.d.BE0BB3309143CCC08D39E8B88DD0C35D.e.19602/click - {}
RESULT: {}
COMMAND: GET /session/a5881d3eaca756d633e860ab0441a8d1/screenshot - {}
]]></system-out>
    </testcase>
    <testcase classname="chrome.135_0_7049_96.windows.Billing_Calculation_-_Time_based_(considering_transport_times)_US139738" name="Should create new pricing rule for the equipment" time="51.592">
      <system-out><![CDATA[
COMMAND: POST /session/a5881d3eaca756d633e860ab0441a8d1/element - {"using":"xpath","value":"//button[@data-kt=\"addButton\"]"}
RESULT: {}
RESULT: {"using":"xpath","value":"//button[@data-kt=\"addButton\"]"}
COMMAND: POST /session/a5881d3eaca756d633e860ab0441a8d1/elements - {"using":"xpath","value":"//button[@data-kt=\"addButton\"]"}
RESULT: {"using":"xpath","value":"//button[@data-kt=\"addButton\"]"}
COMMAND: POST /session/a5881d3eaca756d633e860ab0441a8d1/elements - {"using":"xpath","value":"//button[@data-kt=\"addButton\"]"}
RESULT: {"using":"xpath","value":"//button[@data-kt=\"addButton\"]"}
COMMAND: POST /session/a5881d3eaca756d633e860ab0441a8d1/elements - {"using":"xpath","value":"//button[@data-kt=\"addButton\"]"}
RESULT: {"using":"xpath","value":"//button[@data-kt=\"addButton\"]"}
COMMAND: POST /session/a5881d3eaca756d633e860ab0441a8d1/elements - {"using":"xpath","value":"//button[@data-kt=\"addButton\"]"}
RESULT: {"using":"xpath","value":"//button[@data-kt=\"addButton\"]"}
COMMAND: POST /session/a5881d3eaca756d633e860ab0441a8d1/element - {"using":"xpath","value":"//button[@data-kt=\"addButton\"]"}
RESULT: {"using":"xpath","value":"//button[@data-kt=\"addButton\"]"}
COMMAND: POST /session/a5881d3eaca756d633e860ab0441a8d1/execute/sync - {"script":"<script> [8489 bytes]","args":[{"element-6066-11e4-a52e-4f735466cecf":"f.70EA98C12271B5C153327B12E8209453.d.BE0BB3309143CCC08D39E8B88DD0C35D.e.19639","ELEMENT":"f.70EA98C12271B5C153327B12E8209453.d.BE0BB3309143CCC08D39E8B88DD0C35D.e.19639"}]}
RESULT: {"script":"<script> [8489 bytes]","args":[{"element-6066-11e4-a52e-4f735466cecf":"f.70EA98C12271B5C153327B12E8209453.d.BE0BB3309143CCC08D39E8B88DD0C35D.e.19639","ELEMENT":"f.70EA98C12271B5C153327B12E8209453.d.BE0BB3309143CCC08D39E8B88DD0C35D.e.19639"}]}
COMMAND: GET /session/a5881d3eaca756d633e860ab0441a8d1/element/f.70EA98C12271B5C153327B12E8209453.d.BE0BB3309143CCC08D39E8B88DD0C35D.e.19639/enabled - {}
COMMAND: GET /session/a5881d3eaca756d633e860ab0441a8d1/screenshot - {}
RESULT: {}
COMMAND: POST /session/a5881d3eaca756d633e860ab0441a8d1/execute/sync - {"script":"<script> [8489 bytes]","args":[{"element-6066-11e4-a52e-4f735466cecf":"f.70EA98C12271B5C153327B12E8209453.d.BE0BB3309143CCC08D39E8B88DD0C35D.e.19639","ELEMENT":"f.70EA98C12271B5C153327B12E8209453.d.BE0BB3309143CCC08D39E8B88DD0C35D.e.19639"}]}
COMMAND: GET /session/a5881d3eaca756d633e860ab0441a8d1/screenshot - {}
RESULT: {}
RESULT: {"script":"<script> [8489 bytes]","args":[{"element-6066-11e4-a52e-4f735466cecf":"f.70EA98C12271B5C153327B12E8209453.d.BE0BB3309143CCC08D39E8B88DD0C35D.e.19639","ELEMENT":"f.70EA98C12271B5C153327B12E8209453.d.BE0BB3309143CCC08D39E8B88DD0C35D.e.19639"}]}
COMMAND: POST /session/a5881d3eaca756d633e860ab0441a8d1/execute/sync - {"script":"<script> [5351 bytes]","args":[{"element-6066-11e4-a52e-4f735466cecf":"f.70EA98C12271B5C153327B12E8209453.d.BE0BB3309143CCC08D39E8B88DD0C35D.e.19639","ELEMENT":"f.70EA98C12271B5C153327B12E8209453.d.BE0BB3309143CCC08D39E8B88DD0C35D.e.19639"}]}
COMMAND: GET /session/a5881d3eaca756d633e860ab0441a8d1/screenshot - {}
RESULT: {}
RESULT: {"script":"<script> [5351 bytes]","args":[{"element-6066-11e4-a52e-4f735466cecf":"f.70EA98C12271B5C153327B12E8209453.d.BE0BB3309143CCC08D39E8B88DD0C35D.e.19639","ELEMENT":"f.70EA98C12271B5C153327B12E8209453.d.BE0BB3309143CCC08D39E8B88DD0C35D.e.19639"}]}
COMMAND: POST /session/a5881d3eaca756d633e860ab0441a8d1/element/f.70EA98C12271B5C153327B12E8209453.d.BE0BB3309143CCC08D39E8B88DD0C35D.e.19639/click - {}
COMMAND: GET /session/a5881d3eaca756d633e860ab0441a8d1/screenshot - {}
RESULT: {}
RESULT: {}
COMMAND: GET /session/a5881d3eaca756d633e860ab0441a8d1/screenshot - {}
RESULT: {}
RESULT: {}
COMMAND: POST /session/a5881d3eaca756d633e860ab0441a8d1/execute/async - {"script":"<script> [1562 bytes]","args":[{"selector":{"controlType":"sap.m.Title","viewName":"etm.portal.ui.managepricingrules.view.NewItem","viewId":"application-managepricingrules-display-component---newInfoPriceItem","properties":{"text":"New Pricing Rules - Item Level"}},"wdio_ui5_key":"etmportal.ui.managepricingrules.view.NewItemsap.m.Title{\"text\":\"New Pricing Rules - Item Level\"}"}]}
RESULT: {"script":"<script> [1562 bytes]","args":[{"selector":{"controlType":"sap.m.Title","viewName":"etm.portal.ui.managepricingrules.view.NewItem","viewId":"application-managepricingrules-display-component---newInfoPriceItem","properties":{"text":"New Pricing Rules - Item Level"}},"wdio_ui5_key":"etmportal.ui.managepricingrules.view.NewItemsap.m.Title{\"text\":\"New Pricing Rules - Item Level\"}"}]}
RESULT: undefined
COMMAND: POST /session/a5881d3eaca756d633e860ab0441a8d1/execute/async - {"script":"<script> [6424 bytes]","args":[{"element-6066-11e4-a52e-4f735466cecf":"f.70EA98C12271B5C153327B12E8209453.d.BE0BB3309143CCC08D39E8B88DD0C35D.e.19810"},"getText",[]]}
RESULT: {"script":"<script> [6424 bytes]","args":[{"element-6066-11e4-a52e-4f735466cecf":"f.70EA98C12271B5C153327B12E8209453.d.BE0BB3309143CCC08D39E8B88DD0C35D.e.19810"},"getText",[]]}
COMMAND: POST /session/a5881d3eaca756d633e860ab0441a8d1/execute/async - {"script":"<script> [1562 bytes]","args":[{"selector":{"id":"application-managepricingrules-display-component---newInfoPriceItem--condValidTo","interaction":{"idSuffix":"inner"}},"wdio_ui5_key":"applicationmanagepricingrules-display-component---newInfoPriceItem--condValidTo"}]}
RESULT: {"script":"<script> [1562 bytes]","args":[{"selector":{"id":"application-managepricingrules-display-component---newInfoPriceItem--condValidTo","interaction":{"idSuffix":"inner"}},"wdio_ui5_key":"applicationmanagepricingrules-display-component---newInfoPriceItem--condValidTo"}]}
RESULT: undefined
COMMAND: POST /session/a5881d3eaca756d633e860ab0441a8d1/execute/async - {"script":"<script> [776 bytes]","args":[{"enterText":"12/30/25","selector":{"id":"application-managepricingrules-display-component---newInfoPriceItem--condValidTo","interaction":{"idSuffix":"inner"}},"clearTextFirst":true,"interactionType":"ENTER_TEXT"}]}
RESULT: {"script":"<script> [776 bytes]","args":[{"enterText":"12/30/25","selector":{"id":"application-managepricingrules-display-component---newInfoPriceItem--condValidTo","interaction":{"idSuffix":"inner"}},"clearTextFirst":true,"interactionType":"ENTER_TEXT"}]}
COMMAND: POST /session/a5881d3eaca756d633e860ab0441a8d1/execute/async - {"script":"<script> [1562 bytes]","args":[{"selector":{"id":"application-managepricingrules-display-component---newInfoPriceItem--billType-arrow"},"wdio_ui5_key":"applicationmanagepricingrules-display-component---newInfoPriceItem--billType-arrow"}]}
RESULT: {"script":"<script> [1562 bytes]","args":[{"selector":{"id":"application-managepricingrules-display-component---newInfoPriceItem--billType-arrow"},"wdio_ui5_key":"applicationmanagepricingrules-display-component---newInfoPriceItem--billType-arrow"}]}
RESULT: undefined
COMMAND: POST /session/a5881d3eaca756d633e860ab0441a8d1/element - {"using":"xpath","value":"//*[@id=\"application-managepricingrules-display-component---newInfoPriceItem--billType-arrow\"]"}
RESULT: {"using":"xpath","value":"//*[@id=\"application-managepricingrules-display-component---newInfoPriceItem--billType-arrow\"]"}
COMMAND: POST /session/a5881d3eaca756d633e860ab0441a8d1/element/f.70EA98C12271B5C153327B12E8209453.d.BE0BB3309143CCC08D39E8B88DD0C35D.e.19768/click - {}
RESULT: {}
COMMAND: POST /session/a5881d3eaca756d633e860ab0441a8d1/element - {"using":"xpath","value":"//span[contains(text(), \"TB - Time based\")]"}
COMMAND: GET /session/a5881d3eaca756d633e860ab0441a8d1/screenshot - {}
RESULT: {"using":"xpath","value":"//span[contains(text(), \"TB - Time based\")]"}
COMMAND: POST /session/a5881d3eaca756d633e860ab0441a8d1/element/f.70EA98C12271B5C153327B12E8209453.d.BE0BB3309143CCC08D39E8B88DD0C35D.e.19812/click - {}
RESULT: {}
RESULT: {}
COMMAND: POST /session/a5881d3eaca756d633e860ab0441a8d1/execute/async - {"script":"<script> [1562 bytes]","args":[{"selector":{"id":"application-managepricingrules-display-component---newInfoPriceItem--priceProc-arrow"},"wdio_ui5_key":"applicationmanagepricingrules-display-component---newInfoPriceItem--priceProc-arrow"}]}
COMMAND: GET /session/a5881d3eaca756d633e860ab0441a8d1/screenshot - {}
RESULT: {"script":"<script> [1562 bytes]","args":[{"selector":{"id":"application-managepricingrules-display-component---newInfoPriceItem--priceProc-arrow"},"wdio_ui5_key":"applicationmanagepricingrules-display-component---newInfoPriceItem--priceProc-arrow"}]}
RESULT: undefined
COMMAND: POST /session/a5881d3eaca756d633e860ab0441a8d1/element - {"using":"xpath","value":"//*[@id=\"application-managepricingrules-display-component---newInfoPriceItem--priceProc-arrow\"]"}
RESULT: {}
RESULT: {"using":"xpath","value":"//*[@id=\"application-managepricingrules-display-component---newInfoPriceItem--priceProc-arrow\"]"}
COMMAND: POST /session/a5881d3eaca756d633e860ab0441a8d1/element/f.70EA98C12271B5C153327B12E8209453.d.BE0BB3309143CCC08D39E8B88DD0C35D.e.19775/click - {}
RESULT: {}
COMMAND: POST /session/a5881d3eaca756d633e860ab0441a8d1/element - {"using":"xpath","value":"//span[contains(text(), \"TBS - Time based standard\")]"}
COMMAND: GET /session/a5881d3eaca756d633e860ab0441a8d1/screenshot - {}
RESULT: {"using":"xpath","value":"//span[contains(text(), \"TBS - Time based standard\")]"}
COMMAND: POST /session/a5881d3eaca756d633e860ab0441a8d1/element/f.70EA98C12271B5C153327B12E8209453.d.BE0BB3309143CCC08D39E8B88DD0C35D.e.19813/click - {}
RESULT: {}
RESULT: {}
COMMAND: POST /session/a5881d3eaca756d633e860ab0441a8d1/execute/async - {"script":"<script> [1562 bytes]","args":[{"selector":{"id":"application-managepricingrules-display-component---newInfoPriceItem--calcBase-arrow"},"wdio_ui5_key":"applicationmanagepricingrules-display-component---newInfoPriceItem--calcBase-arrow"}]}
COMMAND: GET /session/a5881d3eaca756d633e860ab0441a8d1/screenshot - {}
RESULT: {"script":"<script> [1562 bytes]","args":[{"selector":{"id":"application-managepricingrules-display-component---newInfoPriceItem--calcBase-arrow"},"wdio_ui5_key":"applicationmanagepricingrules-display-component---newInfoPriceItem--calcBase-arrow"}]}
RESULT: undefined
COMMAND: POST /session/a5881d3eaca756d633e860ab0441a8d1/element - {"using":"xpath","value":"//*[@id=\"application-managepricingrules-display-component---newInfoPriceItem--calcBase-arrow\"]"}
RESULT: {}
RESULT: {"using":"xpath","value":"//*[@id=\"application-managepricingrules-display-component---newInfoPriceItem--calcBase-arrow\"]"}
COMMAND: POST /session/a5881d3eaca756d633e860ab0441a8d1/element/f.70EA98C12271B5C153327B12E8209453.d.BE0BB3309143CCC08D39E8B88DD0C35D.e.19782/click - {}
RESULT: {}
COMMAND: GET /session/a5881d3eaca756d633e860ab0441a8d1/screenshot - {}
RESULT: {}
COMMAND: POST /session/a5881d3eaca756d633e860ab0441a8d1/element - {"using":"xpath","value":"//span[contains(text(), \"0006 - TB(calendar days)\")]"}
RESULT: {"using":"xpath","value":"//span[contains(text(), \"0006 - TB(calendar days)\")]"}
COMMAND: POST /session/a5881d3eaca756d633e860ab0441a8d1/element/f.70EA98C12271B5C153327B12E8209453.d.BE0BB3309143CCC08D39E8B88DD0C35D.e.19814/click - {}
RESULT: {}
COMMAND: GET /session/a5881d3eaca756d633e860ab0441a8d1/screenshot - {}
RESULT: {}
COMMAND: POST /session/a5881d3eaca756d633e860ab0441a8d1/execute/async - {"script":"<script> [1562 bytes]","args":[{"selector":{"id":"application-managepricingrules-display-component---newInfoPriceItem--daysMonth","interaction":{"idSuffix":"inner"}},"wdio_ui5_key":"applicationmanagepricingrules-display-component---newInfoPriceItem--daysMonth"}]}
RESULT: {"script":"<script> [1562 bytes]","args":[{"selector":{"id":"application-managepricingrules-display-component---newInfoPriceItem--daysMonth","interaction":{"idSuffix":"inner"}},"wdio_ui5_key":"applicationmanagepricingrules-display-component---newInfoPriceItem--daysMonth"}]}
RESULT: undefined
COMMAND: POST /session/a5881d3eaca756d633e860ab0441a8d1/execute/async - {"script":"<script> [776 bytes]","args":[{"enterText":"30","selector":{"id":"application-managepricingrules-display-component---newInfoPriceItem--daysMonth","interaction":{"idSuffix":"inner"}},"clearTextFirst":true,"interactionType":"ENTER_TEXT"}]}
RESULT: {"script":"<script> [776 bytes]","args":[{"enterText":"30","selector":{"id":"application-managepricingrules-display-component---newInfoPriceItem--daysMonth","interaction":{"idSuffix":"inner"}},"clearTextFirst":true,"interactionType":"ENTER_TEXT"}]}
COMMAND: POST /session/a5881d3eaca756d633e860ab0441a8d1/element - {"using":"xpath","value":"//button[@data-kt=\"saveNewRuleButton\"]"}
RESULT: {"using":"xpath","value":"//button[@data-kt=\"saveNewRuleButton\"]"}
COMMAND: POST /session/a5881d3eaca756d633e860ab0441a8d1/element/f.70EA98C12271B5C153327B12E8209453.d.BE0BB3309143CCC08D39E8B88DD0C35D.e.19802/click - {}
RESULT: {}
COMMAND: GET /session/a5881d3eaca756d633e860ab0441a8d1/screenshot - {}
RESULT: {}
COMMAND: POST /session/a5881d3eaca756d633e860ab0441a8d1/execute/async - {"script":"<script> [1562 bytes]","args":[{"selector":{"id":"application-managepricingrules-display-component---priceInfoItem--smartFilterBar-btnBasicSearch","interaction":{"idSuffix":"I"}},"wdio_ui5_key":"applicationmanagepricingrules-display-component---priceInfoItem--smartFilterBar-btnBasicSearch"}]}
RESULT: {"script":"<script> [1562 bytes]","args":[{"selector":{"id":"application-managepricingrules-display-component---priceInfoItem--smartFilterBar-btnBasicSearch","interaction":{"idSuffix":"I"}},"wdio_ui5_key":"applicationmanagepricingrules-display-component---priceInfoItem--smartFilterBar-btnBasicSearch"}]}
RESULT: undefined
COMMAND: POST /session/a5881d3eaca756d633e860ab0441a8d1/execute/async - {"script":"<script> [776 bytes]","args":[{"enterText":"MQymFh0Mzy","selector":{"id":"application-managepricingrules-display-component---priceInfoItem--smartFilterBar-btnBasicSearch","interaction":{"idSuffix":"I"}},"clearTextFirst":true,"interactionType":"ENTER_TEXT"}]}
RESULT: {"script":"<script> [776 bytes]","args":[{"enterText":"MQymFh0Mzy","selector":{"id":"application-managepricingrules-display-component---priceInfoItem--smartFilterBar-btnBasicSearch","interaction":{"idSuffix":"I"}},"clearTextFirst":true,"interactionType":"ENTER_TEXT"}]}
COMMAND: POST /session/a5881d3eaca756d633e860ab0441a8d1/actions - {"actions":[{"id":"action70","type":"key","parameters":{},"actions":[{"type":"keyDown","value":"î€‡"},{"type":"pause","duration":10},{"type":"keyUp","value":"î€‡"}]}]}
RESULT: {"actions":[{"id":"action70","type":"key","parameters":{},"actions":[{"type":"keyDown","value":"î€‡"},{"type":"pause","duration":10},{"type":"keyUp","value":"î€‡"}]}]}
COMMAND: GET /session/a5881d3eaca756d633e860ab0441a8d1/screenshot - {}
RESULT: {}
COMMAND: POST /session/a5881d3eaca756d633e860ab0441a8d1/element - {"using":"xpath","value":"//span[@id=\"application-managepricingrules-display-component---priceInfoItem--smartTable-header-inner\"]"}
RESULT: {"using":"xpath","value":"//span[@id=\"application-managepricingrules-display-component---priceInfoItem--smartTable-header-inner\"]"}
COMMAND: POST /session/a5881d3eaca756d633e860ab0441a8d1/elements - {"using":"xpath","value":"//span[@id=\"application-managepricingrules-display-component---priceInfoItem--smartTable-header-inner\"]"}
RESULT: {"using":"xpath","value":"//span[@id=\"application-managepricingrules-display-component---priceInfoItem--smartTable-header-inner\"]"}
COMMAND: POST /session/a5881d3eaca756d633e860ab0441a8d1/execute/sync - {"script":"<script> [56 bytes]","args":[{"element-6066-11e4-a52e-4f735466cecf":"f.70EA98C12271B5C153327B12E8209453.d.BE0BB3309143CCC08D39E8B88DD0C35D.e.19827","ELEMENT":"f.70EA98C12271B5C153327B12E8209453.d.BE0BB3309143CCC08D39E8B88DD0C35D.e.19827"}]}
RESULT: {"script":"<script> [56 bytes]","args":[{"element-6066-11e4-a52e-4f735466cecf":"f.70EA98C12271B5C153327B12E8209453.d.BE0BB3309143CCC08D39E8B88DD0C35D.e.19827","ELEMENT":"f.70EA98C12271B5C153327B12E8209453.d.BE0BB3309143CCC08D39E8B88DD0C35D.e.19827"}]}
COMMAND: POST /session/a5881d3eaca756d633e860ab0441a8d1/element - {"using":"css selector","value":"#shell-header-logo"}
COMMAND: GET /session/a5881d3eaca756d633e860ab0441a8d1/screenshot - {}
RESULT: {"using":"css selector","value":"#shell-header-logo"}
COMMAND: POST /session/a5881d3eaca756d633e860ab0441a8d1/element/f.70EA98C12271B5C153327B12E8209453.d.BE0BB3309143CCC08D39E8B88DD0C35D.e.18937/click - {}
RESULT: {}
RESULT: {}
COMMAND: GET /session/a5881d3eaca756d633e860ab0441a8d1/screenshot - {}
RESULT: {}
]]></system-out>
    </testcase>
    <testcase classname="chrome.135_0_7049_96.windows.Billing_Calculation_-_Time_based_(considering_transport_times)_US139738" name="Should create new pricing condition for the equipment" time="63.217">
      <system-out><![CDATA[
COMMAND: POST /session/a5881d3eaca756d633e860ab0441a8d1/execute/async - {"script":"<script> [1562 bytes]","args":[{"selector":{"controlType":"sap.m.Text","properties":{"text":"Manage Conditions & Prices"},"interaction":{"idSuffix":"inner"}},"wdio_ui5_key":"sapm.Text{\"text\":\"Manage Conditions & Prices\"}"}]}
RESULT: {"script":"<script> [1562 bytes]","args":[{"selector":{"controlType":"sap.m.Text","properties":{"text":"Manage Conditions & Prices"},"interaction":{"idSuffix":"inner"}},"wdio_ui5_key":"sapm.Text{\"text\":\"Manage Conditions & Prices\"}"}]}
RESULT: undefined
COMMAND: POST /session/a5881d3eaca756d633e860ab0441a8d1/element - {"using":"xpath","value":"//*[@id=\"__tile53-title\"]"}
RESULT: {"using":"xpath","value":"//*[@id=\"__tile53-title\"]"}
COMMAND: POST /session/a5881d3eaca756d633e860ab0441a8d1/element/f.70EA98C12271B5C153327B12E8209453.d.BE0BB3309143CCC08D39E8B88DD0C35D.e.19830/click - {}
RESULT: {}
COMMAND: POST /session/a5881d3eaca756d633e860ab0441a8d1/element - {"using":"xpath","value":"//button[@aria-label=\"Create\"]"}
COMMAND: GET /session/a5881d3eaca756d633e860ab0441a8d1/screenshot - {}
RESULT: {"using":"xpath","value":"//button[@aria-label=\"Create\"]"}
COMMAND: POST /session/a5881d3eaca756d633e860ab0441a8d1/elements - {"using":"xpath","value":"//button[@aria-label=\"Create\"]"}
RESULT: {}
RESULT: {"using":"xpath","value":"//button[@aria-label=\"Create\"]"}
COMMAND: POST /session/a5881d3eaca756d633e860ab0441a8d1/elements - {"using":"xpath","value":"//button[@aria-label=\"Create\"]"}
RESULT: {"using":"xpath","value":"//button[@aria-label=\"Create\"]"}
COMMAND: POST /session/a5881d3eaca756d633e860ab0441a8d1/elements - {"using":"xpath","value":"//button[@aria-label=\"Create\"]"}
RESULT: {"using":"xpath","value":"//button[@aria-label=\"Create\"]"}
COMMAND: POST /session/a5881d3eaca756d633e860ab0441a8d1/elements - {"using":"xpath","value":"//button[@aria-label=\"Create\"]"}
RESULT: {"using":"xpath","value":"//button[@aria-label=\"Create\"]"}
COMMAND: POST /session/a5881d3eaca756d633e860ab0441a8d1/elements - {"using":"xpath","value":"//button[@aria-label=\"Create\"]"}
RESULT: {"using":"xpath","value":"//button[@aria-label=\"Create\"]"}
COMMAND: POST /session/a5881d3eaca756d633e860ab0441a8d1/element - {"using":"xpath","value":"//button[@aria-label=\"Create\"]"}
RESULT: {"using":"xpath","value":"//button[@aria-label=\"Create\"]"}
COMMAND: POST /session/a5881d3eaca756d633e860ab0441a8d1/execute/sync - {"script":"<script> [8489 bytes]","args":[{"element-6066-11e4-a52e-4f735466cecf":"f.70EA98C12271B5C153327B12E8209453.d.BE0BB3309143CCC08D39E8B88DD0C35D.e.19877","ELEMENT":"f.70EA98C12271B5C153327B12E8209453.d.BE0BB3309143CCC08D39E8B88DD0C35D.e.19877"}]}
RESULT: {"script":"<script> [8489 bytes]","args":[{"element-6066-11e4-a52e-4f735466cecf":"f.70EA98C12271B5C153327B12E8209453.d.BE0BB3309143CCC08D39E8B88DD0C35D.e.19877","ELEMENT":"f.70EA98C12271B5C153327B12E8209453.d.BE0BB3309143CCC08D39E8B88DD0C35D.e.19877"}]}
COMMAND: GET /session/a5881d3eaca756d633e860ab0441a8d1/element/f.70EA98C12271B5C153327B12E8209453.d.BE0BB3309143CCC08D39E8B88DD0C35D.e.19877/enabled - {}
COMMAND: GET /session/a5881d3eaca756d633e860ab0441a8d1/screenshot - {}
RESULT: {}
COMMAND: POST /session/a5881d3eaca756d633e860ab0441a8d1/execute/sync - {"script":"<script> [8489 bytes]","args":[{"element-6066-11e4-a52e-4f735466cecf":"f.70EA98C12271B5C153327B12E8209453.d.BE0BB3309143CCC08D39E8B88DD0C35D.e.19877","ELEMENT":"f.70EA98C12271B5C153327B12E8209453.d.BE0BB3309143CCC08D39E8B88DD0C35D.e.19877"}]}
COMMAND: GET /session/a5881d3eaca756d633e860ab0441a8d1/screenshot - {}
RESULT: {}
RESULT: {"script":"<script> [8489 bytes]","args":[{"element-6066-11e4-a52e-4f735466cecf":"f.70EA98C12271B5C153327B12E8209453.d.BE0BB3309143CCC08D39E8B88DD0C35D.e.19877","ELEMENT":"f.70EA98C12271B5C153327B12E8209453.d.BE0BB3309143CCC08D39E8B88DD0C35D.e.19877"}]}
COMMAND: POST /session/a5881d3eaca756d633e860ab0441a8d1/execute/sync - {"script":"<script> [5351 bytes]","args":[{"element-6066-11e4-a52e-4f735466cecf":"f.70EA98C12271B5C153327B12E8209453.d.BE0BB3309143CCC08D39E8B88DD0C35D.e.19877","ELEMENT":"f.70EA98C12271B5C153327B12E8209453.d.BE0BB3309143CCC08D39E8B88DD0C35D.e.19877"}]}
COMMAND: GET /session/a5881d3eaca756d633e860ab0441a8d1/screenshot - {}
RESULT: {}
RESULT: {"script":"<script> [5351 bytes]","args":[{"element-6066-11e4-a52e-4f735466cecf":"f.70EA98C12271B5C153327B12E8209453.d.BE0BB3309143CCC08D39E8B88DD0C35D.e.19877","ELEMENT":"f.70EA98C12271B5C153327B12E8209453.d.BE0BB3309143CCC08D39E8B88DD0C35D.e.19877"}]}
COMMAND: POST /session/a5881d3eaca756d633e860ab0441a8d1/element/f.70EA98C12271B5C153327B12E8209453.d.BE0BB3309143CCC08D39E8B88DD0C35D.e.19877/click - {}
COMMAND: GET /session/a5881d3eaca756d633e860ab0441a8d1/screenshot - {}
RESULT: {}
RESULT: {}
COMMAND: GET /session/a5881d3eaca756d633e860ab0441a8d1/screenshot - {}
RESULT: {}
RESULT: {}
COMMAND: POST /session/a5881d3eaca756d633e860ab0441a8d1/actions - {"actions":[{"id":"action71","type":"key","parameters":{},"actions":[{"type":"keyDown","value":"î€‡"},{"type":"pause","duration":10},{"type":"keyUp","value":"î€‡"}]}]}
RESULT: {"actions":[{"id":"action71","type":"key","parameters":{},"actions":[{"type":"keyDown","value":"î€‡"},{"type":"pause","duration":10},{"type":"keyUp","value":"î€‡"}]}]}
COMMAND: GET /session/a5881d3eaca756d633e860ab0441a8d1/screenshot - {}
RESULT: {}
COMMAND: POST /session/a5881d3eaca756d633e860ab0441a8d1/execute/async - {"script":"<script> [1562 bytes]","args":[{"selector":{"id":"application-manageconditionprice-display-component---newCondition--condBillCond-arrow"},"wdio_ui5_key":"applicationmanageconditionprice-display-component---newCondition--condBillCond-arrow"}]}
RESULT: {"script":"<script> [1562 bytes]","args":[{"selector":{"id":"application-manageconditionprice-display-component---newCondition--condBillCond-arrow"},"wdio_ui5_key":"applicationmanageconditionprice-display-component---newCondition--condBillCond-arrow"}]}
RESULT: undefined
COMMAND: POST /session/a5881d3eaca756d633e860ab0441a8d1/element - {"using":"xpath","value":"//*[@id=\"application-manageconditionprice-display-component---newCondition--condBillCond-arrow\"]"}
RESULT: {"using":"xpath","value":"//*[@id=\"application-manageconditionprice-display-component---newCondition--condBillCond-arrow\"]"}
COMMAND: POST /session/a5881d3eaca756d633e860ab0441a8d1/element/f.70EA98C12271B5C153327B12E8209453.d.BE0BB3309143CCC08D39E8B88DD0C35D.e.20061/click - {}
RESULT: {}
COMMAND: GET /session/a5881d3eaca756d633e860ab0441a8d1/screenshot - {}
RESULT: {}
COMMAND: POST /session/a5881d3eaca756d633e860ab0441a8d1/element - {"using":"xpath","value":"//li[.//span[contains(text(), \"DISP - D&I special price\")]]"}
RESULT: {"using":"xpath","value":"//li[.//span[contains(text(), \"DISP - D&I special price\")]]"}
COMMAND: POST /session/a5881d3eaca756d633e860ab0441a8d1/element/f.70EA98C12271B5C153327B12E8209453.d.BE0BB3309143CCC08D39E8B88DD0C35D.e.20065/click - {}
RESULT: {}
COMMAND: GET /session/a5881d3eaca756d633e860ab0441a8d1/screenshot - {}
RESULT: {}
COMMAND: POST /session/a5881d3eaca756d633e860ab0441a8d1/execute/async - {"script":"<script> [1562 bytes]","args":[{"selector":{"id":"application-manageconditionprice-display-component---newCondition--condValidTo","interaction":{"idSuffix":"inner"}},"wdio_ui5_key":"applicationmanageconditionprice-display-component---newCondition--condValidTo"}]}
RESULT: {"script":"<script> [1562 bytes]","args":[{"selector":{"id":"application-manageconditionprice-display-component---newCondition--condValidTo","interaction":{"idSuffix":"inner"}},"wdio_ui5_key":"applicationmanageconditionprice-display-component---newCondition--condValidTo"}]}
RESULT: undefined
COMMAND: POST /session/a5881d3eaca756d633e860ab0441a8d1/execute/async - {"script":"<script> [776 bytes]","args":[{"enterText":"12/30/25","selector":{"id":"application-manageconditionprice-display-component---newCondition--condValidTo","interaction":{"idSuffix":"inner"}},"clearTextFirst":true,"interactionType":"ENTER_TEXT"}]}
RESULT: {"script":"<script> [776 bytes]","args":[{"enterText":"12/30/25","selector":{"id":"application-manageconditionprice-display-component---newCondition--condValidTo","interaction":{"idSuffix":"inner"}},"clearTextFirst":true,"interactionType":"ENTER_TEXT"}]}
COMMAND: POST /session/a5881d3eaca756d633e860ab0441a8d1/element - {"using":"xpath","value":"//input[@id=\"application-manageconditionprice-display-component---newCondition--condRU-inner\"]"}
RESULT: {"using":"xpath","value":"//input[@id=\"application-manageconditionprice-display-component---newCondition--condRU-inner\"]"}
COMMAND: POST /session/a5881d3eaca756d633e860ab0441a8d1/element/f.70EA98C12271B5C153327B12E8209453.d.BE0BB3309143CCC08D39E8B88DD0C35D.e.19928/clear - {}
RESULT: {}
COMMAND: POST /session/a5881d3eaca756d633e860ab0441a8d1/element/f.70EA98C12271B5C153327B12E8209453.d.BE0BB3309143CCC08D39E8B88DD0C35D.e.19928/value - {"text":"MQymFh0Mzy"}
COMMAND: GET /session/a5881d3eaca756d633e860ab0441a8d1/screenshot - {}
RESULT: {"text":"MQymFh0Mzy"}
COMMAND: GET /session/a5881d3eaca756d633e860ab0441a8d1/screenshot - {}
RESULT: {}
RESULT: {}
COMMAND: POST /session/a5881d3eaca756d633e860ab0441a8d1/actions - {"actions":[{"id":"action72","type":"key","parameters":{},"actions":[{"type":"keyDown","value":"î€‡"},{"type":"pause","duration":10},{"type":"keyUp","value":"î€‡"}]}]}
RESULT: {"actions":[{"id":"action72","type":"key","parameters":{},"actions":[{"type":"keyDown","value":"î€‡"},{"type":"pause","duration":10},{"type":"keyUp","value":"î€‡"}]}]}
COMMAND: POST /session/a5881d3eaca756d633e860ab0441a8d1/execute/async - {"script":"<script> [1562 bytes]","args":[{"selector":{"id":"application-manageconditionprice-display-component---newCondition--condBaseQty","interaction":{"idSuffix":"inner"}},"wdio_ui5_key":"applicationmanageconditionprice-display-component---newCondition--condBaseQty"}]}
COMMAND: GET /session/a5881d3eaca756d633e860ab0441a8d1/screenshot - {}
RESULT: {"script":"<script> [1562 bytes]","args":[{"selector":{"id":"application-manageconditionprice-display-component---newCondition--condBaseQty","interaction":{"idSuffix":"inner"}},"wdio_ui5_key":"applicationmanageconditionprice-display-component---newCondition--condBaseQty"}]}
RESULT: undefined
COMMAND: POST /session/a5881d3eaca756d633e860ab0441a8d1/execute/async - {"script":"<script> [776 bytes]","args":[{"enterText":"1","selector":{"id":"application-manageconditionprice-display-component---newCondition--condBaseQty","interaction":{"idSuffix":"inner"}},"clearTextFirst":true,"interactionType":"ENTER_TEXT"}]}
RESULT: {}
RESULT: {"script":"<script> [776 bytes]","args":[{"enterText":"1","selector":{"id":"application-manageconditionprice-display-component---newCondition--condBaseQty","interaction":{"idSuffix":"inner"}},"clearTextFirst":true,"interactionType":"ENTER_TEXT"}]}
COMMAND: POST /session/a5881d3eaca756d633e860ab0441a8d1/execute/async - {"script":"<script> [1562 bytes]","args":[{"selector":{"id":"application-manageconditionprice-display-component---newCondition--condValue","interaction":{"idSuffix":"inner"}},"wdio_ui5_key":"applicationmanageconditionprice-display-component---newCondition--condValue"}]}
RESULT: {"script":"<script> [1562 bytes]","args":[{"selector":{"id":"application-manageconditionprice-display-component---newCondition--condValue","interaction":{"idSuffix":"inner"}},"wdio_ui5_key":"applicationmanageconditionprice-display-component---newCondition--condValue"}]}
RESULT: undefined
COMMAND: POST /session/a5881d3eaca756d633e860ab0441a8d1/execute/async - {"script":"<script> [776 bytes]","args":[{"enterText":"100","selector":{"id":"application-manageconditionprice-display-component---newCondition--condValue","interaction":{"idSuffix":"inner"}},"clearTextFirst":true,"interactionType":"ENTER_TEXT"}]}
RESULT: {"script":"<script> [776 bytes]","args":[{"enterText":"100","selector":{"id":"application-manageconditionprice-display-component---newCondition--condValue","interaction":{"idSuffix":"inner"}},"clearTextFirst":true,"interactionType":"ENTER_TEXT"}]}
COMMAND: POST /session/a5881d3eaca756d633e860ab0441a8d1/execute/async - {"script":"<script> [1562 bytes]","args":[{"selector":{"id":"application-manageconditionprice-display-component---newCondition--condCurr-arrow"},"wdio_ui5_key":"applicationmanageconditionprice-display-component---newCondition--condCurr-arrow"}]}
RESULT: {"script":"<script> [1562 bytes]","args":[{"selector":{"id":"application-manageconditionprice-display-component---newCondition--condCurr-arrow"},"wdio_ui5_key":"applicationmanageconditionprice-display-component---newCondition--condCurr-arrow"}]}
RESULT: undefined
COMMAND: POST /session/a5881d3eaca756d633e860ab0441a8d1/element - {"using":"xpath","value":"//*[@id=\"application-manageconditionprice-display-component---newCondition--condCurr-arrow\"]"}
RESULT: {"using":"xpath","value":"//*[@id=\"application-manageconditionprice-display-component---newCondition--condCurr-arrow\"]"}
COMMAND: POST /session/a5881d3eaca756d633e860ab0441a8d1/element/f.70EA98C12271B5C153327B12E8209453.d.BE0BB3309143CCC08D39E8B88DD0C35D.e.20039/click - {}
RESULT: {}
COMMAND: POST /session/a5881d3eaca756d633e860ab0441a8d1/element - {"using":"xpath","value":"//span[contains(text(), \"Euro\")]"}
COMMAND: GET /session/a5881d3eaca756d633e860ab0441a8d1/screenshot - {}
RESULT: {"using":"xpath","value":"//span[contains(text(), \"Euro\")]"}
COMMAND: POST /session/a5881d3eaca756d633e860ab0441a8d1/element/f.70EA98C12271B5C153327B12E8209453.d.BE0BB3309143CCC08D39E8B88DD0C35D.e.20102/click - {}
RESULT: {}
RESULT: {}
COMMAND: POST /session/a5881d3eaca756d633e860ab0441a8d1/element - {"using":"xpath","value":"//button[@data-kt=\"saveButton\"]"}
COMMAND: GET /session/a5881d3eaca756d633e860ab0441a8d1/screenshot - {}
RESULT: {"using":"xpath","value":"//button[@data-kt=\"saveButton\"]"}
COMMAND: POST /session/a5881d3eaca756d633e860ab0441a8d1/element/f.70EA98C12271B5C153327B12E8209453.d.BE0BB3309143CCC08D39E8B88DD0C35D.e.20040/click - {}
RESULT: {}
RESULT: {}
COMMAND: GET /session/a5881d3eaca756d633e860ab0441a8d1/screenshot - {}
RESULT: {}
COMMAND: POST /session/a5881d3eaca756d633e860ab0441a8d1/execute/async - {"script":"<script> [1562 bytes]","args":[{"selector":{"id":"application-manageconditionprice-display-component---conditions--smartFilterBar-btnBasicSearch","interaction":{"idSuffix":"I"}},"wdio_ui5_key":"applicationmanageconditionprice-display-component---conditions--smartFilterBar-btnBasicSearch"}]}
RESULT: {"script":"<script> [1562 bytes]","args":[{"selector":{"id":"application-manageconditionprice-display-component---conditions--smartFilterBar-btnBasicSearch","interaction":{"idSuffix":"I"}},"wdio_ui5_key":"applicationmanageconditionprice-display-component---conditions--smartFilterBar-btnBasicSearch"}]}
RESULT: undefined
COMMAND: POST /session/a5881d3eaca756d633e860ab0441a8d1/execute/async - {"script":"<script> [776 bytes]","args":[{"enterText":"MQymFh0Mzy","selector":{"id":"application-manageconditionprice-display-component---conditions--smartFilterBar-btnBasicSearch","interaction":{"idSuffix":"I"}},"clearTextFirst":true,"interactionType":"ENTER_TEXT"}]}
RESULT: {"script":"<script> [776 bytes]","args":[{"enterText":"MQymFh0Mzy","selector":{"id":"application-manageconditionprice-display-component---conditions--smartFilterBar-btnBasicSearch","interaction":{"idSuffix":"I"}},"clearTextFirst":true,"interactionType":"ENTER_TEXT"}]}
COMMAND: POST /session/a5881d3eaca756d633e860ab0441a8d1/actions - {"actions":[{"id":"action73","type":"key","parameters":{},"actions":[{"type":"keyDown","value":"î€‡"},{"type":"pause","duration":10},{"type":"keyUp","value":"î€‡"}]}]}
RESULT: {"actions":[{"id":"action73","type":"key","parameters":{},"actions":[{"type":"keyDown","value":"î€‡"},{"type":"pause","duration":10},{"type":"keyUp","value":"î€‡"}]}]}
COMMAND: GET /session/a5881d3eaca756d633e860ab0441a8d1/screenshot - {}
RESULT: {}
COMMAND: POST /session/a5881d3eaca756d633e860ab0441a8d1/execute/async - {"script":"<script> [1562 bytes]","args":[{"selector":{"id":"application-manageconditionprice-display-component---conditions--smartFilterBar-filterItemControl_BASIC-BILL_TYPES-vhi"},"wdio_ui5_key":"applicationmanageconditionprice-display-component---conditions--smartFilterBar-filterItemControl_BASIC-BILL_TYPES-vhi"}]}
RESULT: {"script":"<script> [1562 bytes]","args":[{"selector":{"id":"application-manageconditionprice-display-component---conditions--smartFilterBar-filterItemControl_BASIC-BILL_TYPES-vhi"},"wdio_ui5_key":"applicationmanageconditionprice-display-component---conditions--smartFilterBar-filterItemControl_BASIC-BILL_TYPES-vhi"}]}
RESULT: undefined
COMMAND: POST /session/a5881d3eaca756d633e860ab0441a8d1/element - {"using":"xpath","value":"//*[@id=\"application-manageconditionprice-display-component---conditions--smartFilterBar-filterItemControl_BASIC-BILL_TYPES-vhi\"]"}
RESULT: {"using":"xpath","value":"//*[@id=\"application-manageconditionprice-display-component---conditions--smartFilterBar-filterItemControl_BASIC-BILL_TYPES-vhi\"]"}
COMMAND: POST /session/a5881d3eaca756d633e860ab0441a8d1/element/f.70EA98C12271B5C153327B12E8209453.d.BE0BB3309143CCC08D39E8B88DD0C35D.e.20208/click - {}
RESULT: {}
COMMAND: POST /session/a5881d3eaca756d633e860ab0441a8d1/execute/async - {"script":"<script> [1562 bytes]","args":[{"selector":{"id":"application-manageconditionprice-display-component---conditions--smartFilterBar-filterItemControl_BASIC-BILL_TYPES-valueHelpDialog-smartFilterBar-btnBasicSearch","searchOpenDialogs":true,"interaction":{"idSuffix":"I"}},"wdio_ui5_key":"applicationmanageconditionprice-display-component---conditions--smartFilterBar-filterItemControl_BASIC-BILL_TYPES-valueHelpDialog-smartFilterBar-btnBasicSearch"}]}
COMMAND: GET /session/a5881d3eaca756d633e860ab0441a8d1/screenshot - {}
RESULT: {"script":"<script> [1562 bytes]","args":[{"selector":{"id":"application-manageconditionprice-display-component---conditions--smartFilterBar-filterItemControl_BASIC-BILL_TYPES-valueHelpDialog-smartFilterBar-btnBasicSearch","searchOpenDialogs":true,"interaction":{"idSuffix":"I"}},"wdio_ui5_key":"applicationmanageconditionprice-display-component---conditions--smartFilterBar-filterItemControl_BASIC-BILL_TYPES-valueHelpDialog-smartFilterBar-btnBasicSearch"}]}
RESULT: undefined
COMMAND: POST /session/a5881d3eaca756d633e860ab0441a8d1/execute/async - {"script":"<script> [776 bytes]","args":[{"enterText":"TB","selector":{"id":"application-manageconditionprice-display-component---conditions--smartFilterBar-filterItemControl_BASIC-BILL_TYPES-valueHelpDialog-smartFilterBar-btnBasicSearch","searchOpenDialogs":true,"interaction":{"idSuffix":"I"}},"clearTextFirst":true,"interactionType":"ENTER_TEXT"}]}
RESULT: {}
RESULT: {"script":"<script> [776 bytes]","args":[{"enterText":"TB","selector":{"id":"application-manageconditionprice-display-component---conditions--smartFilterBar-filterItemControl_BASIC-BILL_TYPES-valueHelpDialog-smartFilterBar-btnBasicSearch","searchOpenDialogs":true,"interaction":{"idSuffix":"I"}},"clearTextFirst":true,"interactionType":"ENTER_TEXT"}]}
COMMAND: POST /session/a5881d3eaca756d633e860ab0441a8d1/actions - {"actions":[{"id":"action74","type":"key","parameters":{},"actions":[{"type":"keyDown","value":"î€‡"},{"type":"pause","duration":10},{"type":"keyUp","value":"î€‡"}]}]}
RESULT: {"actions":[{"id":"action74","type":"key","parameters":{},"actions":[{"type":"keyDown","value":"î€‡"},{"type":"pause","duration":10},{"type":"keyUp","value":"î€‡"}]}]}
COMMAND: GET /session/a5881d3eaca756d633e860ab0441a8d1/screenshot - {}
RESULT: {}
COMMAND: POST /session/a5881d3eaca756d633e860ab0441a8d1/element - {"using":"xpath","value":"//div[contains(@id, 'application-manageconditionprice-display-component---conditions--smartFilterBar-filterItemControl_BASIC-BILL_TYPES-valueHelpDialog-table-rowsel0')]"}
RESULT: {"using":"xpath","value":"//div[contains(@id, 'application-manageconditionprice-display-component---conditions--smartFilterBar-filterItemControl_BASIC-BILL_TYPES-valueHelpDialog-table-rowsel0')]"}
COMMAND: POST /session/a5881d3eaca756d633e860ab0441a8d1/element/f.70EA98C12271B5C153327B12E8209453.d.BE0BB3309143CCC08D39E8B88DD0C35D.e.20217/click - {}
RESULT: {}
COMMAND: GET /session/a5881d3eaca756d633e860ab0441a8d1/screenshot - {}
RESULT: {}
COMMAND: POST /session/a5881d3eaca756d633e860ab0441a8d1/element - {"using":"xpath","value":"//bdi[contains(text(), \"OK\")]"}
RESULT: {"using":"xpath","value":"//bdi[contains(text(), \"OK\")]"}
COMMAND: POST /session/a5881d3eaca756d633e860ab0441a8d1/element/f.70EA98C12271B5C153327B12E8209453.d.BE0BB3309143CCC08D39E8B88DD0C35D.e.20219/click - {}
RESULT: {}
COMMAND: GET /session/a5881d3eaca756d633e860ab0441a8d1/screenshot - {}
RESULT: {}
COMMAND: POST /session/a5881d3eaca756d633e860ab0441a8d1/element - {"using":"xpath","value":"//span[@id=\"application-manageconditionprice-display-component---conditions--smartTable-header-inner\"]"}
RESULT: {"using":"xpath","value":"//span[@id=\"application-manageconditionprice-display-component---conditions--smartTable-header-inner\"]"}
COMMAND: POST /session/a5881d3eaca756d633e860ab0441a8d1/elements - {"using":"xpath","value":"//span[@id=\"application-manageconditionprice-display-component---conditions--smartTable-header-inner\"]"}
RESULT: {"using":"xpath","value":"//span[@id=\"application-manageconditionprice-display-component---conditions--smartTable-header-inner\"]"}
COMMAND: POST /session/a5881d3eaca756d633e860ab0441a8d1/execute/sync - {"script":"<script> [56 bytes]","args":[{"element-6066-11e4-a52e-4f735466cecf":"f.70EA98C12271B5C153327B12E8209453.d.BE0BB3309143CCC08D39E8B88DD0C35D.e.20222","ELEMENT":"f.70EA98C12271B5C153327B12E8209453.d.BE0BB3309143CCC08D39E8B88DD0C35D.e.20222"}]}
RESULT: {"script":"<script> [56 bytes]","args":[{"element-6066-11e4-a52e-4f735466cecf":"f.70EA98C12271B5C153327B12E8209453.d.BE0BB3309143CCC08D39E8B88DD0C35D.e.20222","ELEMENT":"f.70EA98C12271B5C153327B12E8209453.d.BE0BB3309143CCC08D39E8B88DD0C35D.e.20222"}]}
COMMAND: POST /session/a5881d3eaca756d633e860ab0441a8d1/element - {"using":"css selector","value":"#shell-header-logo"}
COMMAND: GET /session/a5881d3eaca756d633e860ab0441a8d1/screenshot - {}
RESULT: {"using":"css selector","value":"#shell-header-logo"}
COMMAND: POST /session/a5881d3eaca756d633e860ab0441a8d1/element/f.70EA98C12271B5C153327B12E8209453.d.BE0BB3309143CCC08D39E8B88DD0C35D.e.19834/click - {}
RESULT: {}
RESULT: {}
COMMAND: GET /session/a5881d3eaca756d633e860ab0441a8d1/screenshot - {}
RESULT: {}
]]></system-out>
    </testcase>
    <testcase classname="chrome.135_0_7049_96.windows.Billing_Calculation_-_Time_based_(considering_transport_times)_US139738" name="Should do a stock increase for the equipment" time="81.101">
      <system-out><![CDATA[
COMMAND: POST /session/a5881d3eaca756d633e860ab0441a8d1/execute/async - {"script":"<script> [1562 bytes]","args":[{"selector":{"controlType":"sap.m.Text","viewName":"etm.portal.ui.managehandoverstile.view.Master","properties":{"text":"Manage Handovers"},"interaction":{"idSuffix":"inner"}},"wdio_ui5_key":"etmportal.ui.managehandoverstile.view.Mastersap.m.Text{\"text\":\"Manage Handovers\"}"}]}
RESULT: {"script":"<script> [1562 bytes]","args":[{"selector":{"controlType":"sap.m.Text","viewName":"etm.portal.ui.managehandoverstile.view.Master","properties":{"text":"Manage Handovers"},"interaction":{"idSuffix":"inner"}},"wdio_ui5_key":"etmportal.ui.managehandoverstile.view.Mastersap.m.Text{\"text\":\"Manage Handovers\"}"}]}
RESULT: undefined
COMMAND: POST /session/a5881d3eaca756d633e860ab0441a8d1/element - {"using":"xpath","value":"//*[@id=\"__tile132-title\"]"}
RESULT: {"using":"xpath","value":"//*[@id=\"__tile132-title\"]"}
COMMAND: POST /session/a5881d3eaca756d633e860ab0441a8d1/element/f.70EA98C12271B5C153327B12E8209453.d.BE0BB3309143CCC08D39E8B88DD0C35D.e.20227/click - {}
RESULT: {}
COMMAND: POST /session/a5881d3eaca756d633e860ab0441a8d1/element - {"using":"xpath","value":"//button[@data-kt=\"masterHOAddButton\"]"}
COMMAND: GET /session/a5881d3eaca756d633e860ab0441a8d1/screenshot - {}
RESULT: {"using":"xpath","value":"//button[@data-kt=\"masterHOAddButton\"]"}
COMMAND: POST /session/a5881d3eaca756d633e860ab0441a8d1/elements - {"using":"xpath","value":"//button[@data-kt=\"masterHOAddButton\"]"}
RESULT: {}
RESULT: {"using":"xpath","value":"//button[@data-kt=\"masterHOAddButton\"]"}
COMMAND: POST /session/a5881d3eaca756d633e860ab0441a8d1/element - {"using":"xpath","value":"//button[@data-kt=\"masterHOAddButton\"]"}
RESULT: {"using":"xpath","value":"//button[@data-kt=\"masterHOAddButton\"]"}
COMMAND: POST /session/a5881d3eaca756d633e860ab0441a8d1/execute/sync - {"script":"<script> [8489 bytes]","args":[{"element-6066-11e4-a52e-4f735466cecf":"f.70EA98C12271B5C153327B12E8209453.d.BE0BB3309143CCC08D39E8B88DD0C35D.e.20264","ELEMENT":"f.70EA98C12271B5C153327B12E8209453.d.BE0BB3309143CCC08D39E8B88DD0C35D.e.20264"}]}
RESULT: {"script":"<script> [8489 bytes]","args":[{"element-6066-11e4-a52e-4f735466cecf":"f.70EA98C12271B5C153327B12E8209453.d.BE0BB3309143CCC08D39E8B88DD0C35D.e.20264","ELEMENT":"f.70EA98C12271B5C153327B12E8209453.d.BE0BB3309143CCC08D39E8B88DD0C35D.e.20264"}]}
COMMAND: GET /session/a5881d3eaca756d633e860ab0441a8d1/element/f.70EA98C12271B5C153327B12E8209453.d.BE0BB3309143CCC08D39E8B88DD0C35D.e.20264/enabled - {}
COMMAND: GET /session/a5881d3eaca756d633e860ab0441a8d1/screenshot - {}
RESULT: {}
COMMAND: POST /session/a5881d3eaca756d633e860ab0441a8d1/execute/sync - {"script":"<script> [8489 bytes]","args":[{"element-6066-11e4-a52e-4f735466cecf":"f.70EA98C12271B5C153327B12E8209453.d.BE0BB3309143CCC08D39E8B88DD0C35D.e.20264","ELEMENT":"f.70EA98C12271B5C153327B12E8209453.d.BE0BB3309143CCC08D39E8B88DD0C35D.e.20264"}]}
COMMAND: GET /session/a5881d3eaca756d633e860ab0441a8d1/screenshot - {}
RESULT: {}
RESULT: {"script":"<script> [8489 bytes]","args":[{"element-6066-11e4-a52e-4f735466cecf":"f.70EA98C12271B5C153327B12E8209453.d.BE0BB3309143CCC08D39E8B88DD0C35D.e.20264","ELEMENT":"f.70EA98C12271B5C153327B12E8209453.d.BE0BB3309143CCC08D39E8B88DD0C35D.e.20264"}]}
COMMAND: POST /session/a5881d3eaca756d633e860ab0441a8d1/execute/sync - {"script":"<script> [5351 bytes]","args":[{"element-6066-11e4-a52e-4f735466cecf":"f.70EA98C12271B5C153327B12E8209453.d.BE0BB3309143CCC08D39E8B88DD0C35D.e.20264","ELEMENT":"f.70EA98C12271B5C153327B12E8209453.d.BE0BB3309143CCC08D39E8B88DD0C35D.e.20264"}]}
COMMAND: GET /session/a5881d3eaca756d633e860ab0441a8d1/screenshot - {}
RESULT: {}
RESULT: {"script":"<script> [5351 bytes]","args":[{"element-6066-11e4-a52e-4f735466cecf":"f.70EA98C12271B5C153327B12E8209453.d.BE0BB3309143CCC08D39E8B88DD0C35D.e.20264","ELEMENT":"f.70EA98C12271B5C153327B12E8209453.d.BE0BB3309143CCC08D39E8B88DD0C35D.e.20264"}]}
COMMAND: POST /session/a5881d3eaca756d633e860ab0441a8d1/element/f.70EA98C12271B5C153327B12E8209453.d.BE0BB3309143CCC08D39E8B88DD0C35D.e.20264/click - {}
COMMAND: GET /session/a5881d3eaca756d633e860ab0441a8d1/screenshot - {}
RESULT: {}
RESULT: {}
COMMAND: GET /session/a5881d3eaca756d633e860ab0441a8d1/screenshot - {}
RESULT: {}
COMMAND: POST /session/a5881d3eaca756d633e860ab0441a8d1/element - {"using":"xpath","value":"//span[contains(@id ,\"AddNewHO--typeSelect-arrow\")]"}
RESULT: {}
RESULT: {"using":"xpath","value":"//span[contains(@id ,\"AddNewHO--typeSelect-arrow\")]"}
COMMAND: POST /session/a5881d3eaca756d633e860ab0441a8d1/element/f.70EA98C12271B5C153327B12E8209453.d.BE0BB3309143CCC08D39E8B88DD0C35D.e.20605/click - {}
RESULT: {}
COMMAND: GET /session/a5881d3eaca756d633e860ab0441a8d1/screenshot - {}
RESULT: {}
COMMAND: POST /session/a5881d3eaca756d633e860ab0441a8d1/element - {"using":"xpath","value":"(//li[contains(text(), \"stock increase yard\")])[1]"}
RESULT: {"using":"xpath","value":"(//li[contains(text(), \"stock increase yard\")])[1]"}
COMMAND: POST /session/a5881d3eaca756d633e860ab0441a8d1/element/f.70EA98C12271B5C153327B12E8209453.d.BE0BB3309143CCC08D39E8B88DD0C35D.e.20606/click - {}
RESULT: {}
COMMAND: GET /session/a5881d3eaca756d633e860ab0441a8d1/screenshot - {}
RESULT: {}
COMMAND: POST /session/a5881d3eaca756d633e860ab0441a8d1/execute/async - {"script":"<script> [1562 bytes]","args":[{"selector":{"id":"application-managehandovers-display-component---AddNewHO--dueDate","interaction":{"idSuffix":"inner"}},"wdio_ui5_key":"applicationmanagehandovers-display-component---AddNewHO--dueDate"}]}
RESULT: {"script":"<script> [1562 bytes]","args":[{"selector":{"id":"application-managehandovers-display-component---AddNewHO--dueDate","interaction":{"idSuffix":"inner"}},"wdio_ui5_key":"applicationmanagehandovers-display-component---AddNewHO--dueDate"}]}
RESULT: undefined
COMMAND: POST /session/a5881d3eaca756d633e860ab0441a8d1/execute/async - {"script":"<script> [6424 bytes]","args":[{"element-6066-11e4-a52e-4f735466cecf":"f.70EA98C12271B5C153327B12E8209453.d.BE0BB3309143CCC08D39E8B88DD0C35D.e.20608"},"setValue",["04/30/2025"]]}
RESULT: {"script":"<script> [6424 bytes]","args":[{"element-6066-11e4-a52e-4f735466cecf":"f.70EA98C12271B5C153327B12E8209453.d.BE0BB3309143CCC08D39E8B88DD0C35D.e.20608"},"setValue",["04/30/2025"]]}
COMMAND: POST /session/a5881d3eaca756d633e860ab0441a8d1/element - {"using":"xpath","value":"//input[@id=\"generalSectionFrg--receiveYard-inner\"]"}
RESULT: {"using":"xpath","value":"//input[@id=\"generalSectionFrg--receiveYard-inner\"]"}
COMMAND: POST /session/a5881d3eaca756d633e860ab0441a8d1/element/f.70EA98C12271B5C153327B12E8209453.d.BE0BB3309143CCC08D39E8B88DD0C35D.e.20614/clear - {}
RESULT: {}
COMMAND: POST /session/a5881d3eaca756d633e860ab0441a8d1/element/f.70EA98C12271B5C153327B12E8209453.d.BE0BB3309143CCC08D39E8B88DD0C35D.e.20614/value - {"text":"466"}
COMMAND: GET /session/a5881d3eaca756d633e860ab0441a8d1/screenshot - {}
RESULT: {}
RESULT: {"text":"466"}
COMMAND: GET /session/a5881d3eaca756d633e860ab0441a8d1/screenshot - {}
RESULT: {}
COMMAND: POST /session/a5881d3eaca756d633e860ab0441a8d1/element - {"using":"xpath","value":"//li[.//span[text()='466']]"}
RESULT: {"using":"xpath","value":"//li[.//span[text()='466']]"}
COMMAND: POST /session/a5881d3eaca756d633e860ab0441a8d1/element/f.70EA98C12271B5C153327B12E8209453.d.BE0BB3309143CCC08D39E8B88DD0C35D.e.20632/click - {}
RESULT: {}
COMMAND: GET /session/a5881d3eaca756d633e860ab0441a8d1/screenshot - {}
RESULT: {}
COMMAND: POST /session/a5881d3eaca756d633e860ab0441a8d1/execute/async - {"script":"<script> [1562 bytes]","args":[{"selector":{"id":"application-managehandovers-display-component---AddNewHO--ObjectPageLayout-anchBar-application-managehandovers-display-component---AddNewHO--section4-anchor","interaction":{"idSuffix":"BDI-content"}},"wdio_ui5_key":"applicationmanagehandovers-display-component---AddNewHO--ObjectPageLayout-anchBar-application-managehandovers-display-component---AddNewHO--section4-anchor"}]}
RESULT: {"script":"<script> [1562 bytes]","args":[{"selector":{"id":"application-managehandovers-display-component---AddNewHO--ObjectPageLayout-anchBar-application-managehandovers-display-component---AddNewHO--section4-anchor","interaction":{"idSuffix":"BDI-content"}},"wdio_ui5_key":"applicationmanagehandovers-display-component---AddNewHO--ObjectPageLayout-anchBar-application-managehandovers-display-component---AddNewHO--section4-anchor"}]}
RESULT: undefined
COMMAND: POST /session/a5881d3eaca756d633e860ab0441a8d1/element - {"using":"xpath","value":"//*[@id=\"application-managehandovers-display-component---AddNewHO--ObjectPageLayout-anchBar-application-managehandovers-display-component---AddNewHO--section4-anchor\"]"}
RESULT: {"using":"xpath","value":"//*[@id=\"application-managehandovers-display-component---AddNewHO--ObjectPageLayout-anchBar-application-managehandovers-display-component---AddNewHO--section4-anchor\"]"}
COMMAND: POST /session/a5881d3eaca756d633e860ab0441a8d1/element/f.70EA98C12271B5C153327B12E8209453.d.BE0BB3309143CCC08D39E8B88DD0C35D.e.20634/click - {}
RESULT: {}
COMMAND: POST /session/a5881d3eaca756d633e860ab0441a8d1/element - {"using":"xpath","value":"//button[@aria-label=\"Add\"]"}
COMMAND: GET /session/a5881d3eaca756d633e860ab0441a8d1/screenshot - {}
RESULT: {"using":"xpath","value":"//button[@aria-label=\"Add\"]"}
COMMAND: POST /session/a5881d3eaca756d633e860ab0441a8d1/element/f.70EA98C12271B5C153327B12E8209453.d.BE0BB3309143CCC08D39E8B88DD0C35D.e.20636/click - {}
RESULT: {}
RESULT: {}
COMMAND: GET /session/a5881d3eaca756d633e860ab0441a8d1/screenshot - {}
RESULT: {}
COMMAND: POST /session/a5881d3eaca756d633e860ab0441a8d1/execute/async - {"script":"<script> [1562 bytes]","args":[{"selector":{"id":"application-managehandovers-display-component---AddNewHO--smartFilterBar-btnBasicSearch","searchOpenDialogs":true,"interaction":{"idSuffix":"I"}},"wdio_ui5_key":"applicationmanagehandovers-display-component---AddNewHO--smartFilterBar-btnBasicSearch"}]}
RESULT: {"script":"<script> [1562 bytes]","args":[{"selector":{"id":"application-managehandovers-display-component---AddNewHO--smartFilterBar-btnBasicSearch","searchOpenDialogs":true,"interaction":{"idSuffix":"I"}},"wdio_ui5_key":"applicationmanagehandovers-display-component---AddNewHO--smartFilterBar-btnBasicSearch"}]}
RESULT: undefined
COMMAND: POST /session/a5881d3eaca756d633e860ab0441a8d1/execute/async - {"script":"<script> [776 bytes]","args":[{"enterText":"MQymFh0Mzy","selector":{"id":"application-managehandovers-display-component---AddNewHO--smartFilterBar-btnBasicSearch","searchOpenDialogs":true,"interaction":{"idSuffix":"I"}},"clearTextFirst":true,"interactionType":"ENTER_TEXT"}]}
RESULT: {"script":"<script> [776 bytes]","args":[{"enterText":"MQymFh0Mzy","selector":{"id":"application-managehandovers-display-component---AddNewHO--smartFilterBar-btnBasicSearch","searchOpenDialogs":true,"interaction":{"idSuffix":"I"}},"clearTextFirst":true,"interactionType":"ENTER_TEXT"}]}
COMMAND: POST /session/a5881d3eaca756d633e860ab0441a8d1/actions - {"actions":[{"id":"action75","type":"key","parameters":{},"actions":[{"type":"keyDown","value":"î€‡"},{"type":"pause","duration":10},{"type":"keyUp","value":"î€‡"}]}]}
RESULT: {"actions":[{"id":"action75","type":"key","parameters":{},"actions":[{"type":"keyDown","value":"î€‡"},{"type":"pause","duration":10},{"type":"keyUp","value":"î€‡"}]}]}
COMMAND: GET /session/a5881d3eaca756d633e860ab0441a8d1/screenshot - {}
RESULT: {}
COMMAND: POST /session/a5881d3eaca756d633e860ab0441a8d1/execute/async - {"script":"<script> [1562 bytes]","args":[{"selector":{"id":"application-managehandovers-display-component---AddNewHO--popup-sa","searchOpenDialogs":true,"interaction":{"idSuffix":"CbBg"}},"wdio_ui5_key":"applicationmanagehandovers-display-component---AddNewHO--popup-sa"}]}
RESULT: {"script":"<script> [1562 bytes]","args":[{"selector":{"id":"application-managehandovers-display-component---AddNewHO--popup-sa","searchOpenDialogs":true,"interaction":{"idSuffix":"CbBg"}},"wdio_ui5_key":"applicationmanagehandovers-display-component---AddNewHO--popup-sa"}]}
RESULT: undefined
COMMAND: POST /session/a5881d3eaca756d633e860ab0441a8d1/element - {"using":"xpath","value":"//*[@id=\"application-managehandovers-display-component---AddNewHO--popup-sa\"]"}
RESULT: {"using":"xpath","value":"//*[@id=\"application-managehandovers-display-component---AddNewHO--popup-sa\"]"}
COMMAND: POST /session/a5881d3eaca756d633e860ab0441a8d1/element/f.70EA98C12271B5C153327B12E8209453.d.BE0BB3309143CCC08D39E8B88DD0C35D.e.20789/click - {}
RESULT: {}
COMMAND: GET /session/a5881d3eaca756d633e860ab0441a8d1/screenshot - {}
RESULT: {}
COMMAND: POST /session/a5881d3eaca756d633e860ab0441a8d1/element - {"using":"xpath","value":"//bdi[contains(text(), \"Select\")]"}
RESULT: {"using":"xpath","value":"//bdi[contains(text(), \"Select\")]"}
COMMAND: POST /session/a5881d3eaca756d633e860ab0441a8d1/element/f.70EA98C12271B5C153327B12E8209453.d.BE0BB3309143CCC08D39E8B88DD0C35D.e.20790/click - {}
RESULT: {}
COMMAND: GET /session/a5881d3eaca756d633e860ab0441a8d1/screenshot - {}
RESULT: {}
COMMAND: POST /session/a5881d3eaca756d633e860ab0441a8d1/element - {"using":"xpath","value":"//button[@data-kt=\"AddNewHOSaveButton\"]"}
RESULT: {"using":"xpath","value":"//button[@data-kt=\"AddNewHOSaveButton\"]"}
COMMAND: POST /session/a5881d3eaca756d633e860ab0441a8d1/element/f.70EA98C12271B5C153327B12E8209453.d.BE0BB3309143CCC08D39E8B88DD0C35D.e.20794/click - {}
RESULT: {}
COMMAND: GET /session/a5881d3eaca756d633e860ab0441a8d1/screenshot - {}
RESULT: {}
COMMAND: POST /session/a5881d3eaca756d633e860ab0441a8d1/execute/async - {"script":"<script> [1562 bytes]","args":[{"selector":{"id":"receiptDatePicker","viewName":"etm.portal.ui.managehandovers.view.DetailExecuteHO","interaction":{"idSuffix":"inner"}},"wdio_ui5_key":"receiptDatePickeretmportal.ui.managehandovers.view.DetailExecuteHO"}]}
RESULT: {"script":"<script> [1562 bytes]","args":[{"selector":{"id":"receiptDatePicker","viewName":"etm.portal.ui.managehandovers.view.DetailExecuteHO","interaction":{"idSuffix":"inner"}},"wdio_ui5_key":"receiptDatePickeretmportal.ui.managehandovers.view.DetailExecuteHO"}]}
RESULT: undefined
COMMAND: POST /session/a5881d3eaca756d633e860ab0441a8d1/execute/async - {"script":"<script> [6424 bytes]","args":[{"element-6066-11e4-a52e-4f735466cecf":"f.70EA98C12271B5C153327B12E8209453.d.BE0BB3309143CCC08D39E8B88DD0C35D.e.20821"},"setValue",["04/30/2025"]]}
RESULT: {"script":"<script> [6424 bytes]","args":[{"element-6066-11e4-a52e-4f735466cecf":"f.70EA98C12271B5C153327B12E8209453.d.BE0BB3309143CCC08D39E8B88DD0C35D.e.20821"},"setValue",["04/30/2025"]]}
COMMAND: POST /session/a5881d3eaca756d633e860ab0441a8d1/element - {"using":"xpath","value":"//button[@data-kt=\"PickingTableConfirmAllButton\"]"}
RESULT: {"using":"xpath","value":"//button[@data-kt=\"PickingTableConfirmAllButton\"]"}
COMMAND: POST /session/a5881d3eaca756d633e860ab0441a8d1/element/f.70EA98C12271B5C153327B12E8209453.d.BE0BB3309143CCC08D39E8B88DD0C35D.e.20836/click - {}
RESULT: {}
COMMAND: GET /session/a5881d3eaca756d633e860ab0441a8d1/screenshot - {}
RESULT: {}
COMMAND: POST /session/a5881d3eaca756d633e860ab0441a8d1/element - {"using":"xpath","value":"//bdi[contains(text(), \"OK\")]"}
RESULT: {"using":"xpath","value":"//bdi[contains(text(), \"OK\")]"}
COMMAND: POST /session/a5881d3eaca756d633e860ab0441a8d1/element/f.70EA98C12271B5C153327B12E8209453.d.BE0BB3309143CCC08D39E8B88DD0C35D.e.20838/click - {}
RESULT: {}
COMMAND: GET /session/a5881d3eaca756d633e860ab0441a8d1/screenshot - {}
RESULT: {}
COMMAND: POST /session/a5881d3eaca756d633e860ab0441a8d1/element - {"using":"xpath","value":"(//bdi[contains(text(), \"Receive\")])[2]"}
RESULT: {"using":"xpath","value":"(//bdi[contains(text(), \"Receive\")])[2]"}
COMMAND: POST /session/a5881d3eaca756d633e860ab0441a8d1/element/f.70EA98C12271B5C153327B12E8209453.d.BE0BB3309143CCC08D39E8B88DD0C35D.e.20840/click - {}
RESULT: {}
COMMAND: GET /session/a5881d3eaca756d633e860ab0441a8d1/screenshot - {}
RESULT: {}
COMMAND: POST /session/a5881d3eaca756d633e860ab0441a8d1/element - {"using":"css selector","value":"#shell-header-logo"}
RESULT: {"using":"css selector","value":"#shell-header-logo"}
COMMAND: POST /session/a5881d3eaca756d633e860ab0441a8d1/element/f.70EA98C12271B5C153327B12E8209453.d.BE0BB3309143CCC08D39E8B88DD0C35D.e.20229/click - {}
RESULT: {}
COMMAND: GET /session/a5881d3eaca756d633e860ab0441a8d1/screenshot - {}
RESULT: {}
]]></system-out>
    </testcase>
    <testcase classname="chrome.135_0_7049_96.windows.Billing_Calculation_-_Time_based_(considering_transport_times)_US139738" name="Should create a new contract" time="52.793">
      <system-out><![CDATA[
COMMAND: POST /session/a5881d3eaca756d633e860ab0441a8d1/execute/async - {"script":"<script> [1562 bytes]","args":[{"selector":{"controlType":"sap.m.Text","viewName":"etm.portal.ui.managecontractstile.view.Master","properties":{"text":"Manage Contracts"},"interaction":{"idSuffix":"inner"}},"wdio_ui5_key":"etmportal.ui.managecontractstile.view.Mastersap.m.Text{\"text\":\"Manage Contracts\"}"}]}
RESULT: {"script":"<script> [1562 bytes]","args":[{"selector":{"controlType":"sap.m.Text","viewName":"etm.portal.ui.managecontractstile.view.Master","properties":{"text":"Manage Contracts"},"interaction":{"idSuffix":"inner"}},"wdio_ui5_key":"etmportal.ui.managecontractstile.view.Mastersap.m.Text{\"text\":\"Manage Contracts\"}"}]}
RESULT: undefined
COMMAND: POST /session/a5881d3eaca756d633e860ab0441a8d1/element - {"using":"xpath","value":"//*[@id=\"__tile130-title\"]"}
RESULT: {"using":"xpath","value":"//*[@id=\"__tile130-title\"]"}
COMMAND: POST /session/a5881d3eaca756d633e860ab0441a8d1/element/f.70EA98C12271B5C153327B12E8209453.d.BE0BB3309143CCC08D39E8B88DD0C35D.e.21014/click - {}
RESULT: {}
COMMAND: GET /session/a5881d3eaca756d633e860ab0441a8d1/screenshot - {}
RESULT: {}
COMMAND: POST /session/a5881d3eaca756d633e860ab0441a8d1/element - {"using":"xpath","value":"//button[@data-kt=\"addButton\"]"}
RESULT: {"using":"xpath","value":"//button[@data-kt=\"addButton\"]"}
COMMAND: POST /session/a5881d3eaca756d633e860ab0441a8d1/elements - {"using":"xpath","value":"//button[@data-kt=\"addButton\"]"}
RESULT: {"using":"xpath","value":"//button[@data-kt=\"addButton\"]"}
COMMAND: POST /session/a5881d3eaca756d633e860ab0441a8d1/execute/sync - {"script":"<script> [8489 bytes]","args":[{"element-6066-11e4-a52e-4f735466cecf":"f.70EA98C12271B5C153327B12E8209453.d.BE0BB3309143CCC08D39E8B88DD0C35D.e.21084","ELEMENT":"f.70EA98C12271B5C153327B12E8209453.d.BE0BB3309143CCC08D39E8B88DD0C35D.e.21084"}]}
RESULT: {"script":"<script> [8489 bytes]","args":[{"element-6066-11e4-a52e-4f735466cecf":"f.70EA98C12271B5C153327B12E8209453.d.BE0BB3309143CCC08D39E8B88DD0C35D.e.21084","ELEMENT":"f.70EA98C12271B5C153327B12E8209453.d.BE0BB3309143CCC08D39E8B88DD0C35D.e.21084"}]}
COMMAND: GET /session/a5881d3eaca756d633e860ab0441a8d1/element/f.70EA98C12271B5C153327B12E8209453.d.BE0BB3309143CCC08D39E8B88DD0C35D.e.21084/enabled - {}
COMMAND: GET /session/a5881d3eaca756d633e860ab0441a8d1/screenshot - {}
RESULT: {}
COMMAND: POST /session/a5881d3eaca756d633e860ab0441a8d1/execute/sync - {"script":"<script> [8489 bytes]","args":[{"element-6066-11e4-a52e-4f735466cecf":"f.70EA98C12271B5C153327B12E8209453.d.BE0BB3309143CCC08D39E8B88DD0C35D.e.21084","ELEMENT":"f.70EA98C12271B5C153327B12E8209453.d.BE0BB3309143CCC08D39E8B88DD0C35D.e.21084"}]}
COMMAND: GET /session/a5881d3eaca756d633e860ab0441a8d1/screenshot - {}
RESULT: {}
RESULT: {"script":"<script> [8489 bytes]","args":[{"element-6066-11e4-a52e-4f735466cecf":"f.70EA98C12271B5C153327B12E8209453.d.BE0BB3309143CCC08D39E8B88DD0C35D.e.21084","ELEMENT":"f.70EA98C12271B5C153327B12E8209453.d.BE0BB3309143CCC08D39E8B88DD0C35D.e.21084"}]}
COMMAND: POST /session/a5881d3eaca756d633e860ab0441a8d1/execute/sync - {"script":"<script> [5351 bytes]","args":[{"element-6066-11e4-a52e-4f735466cecf":"f.70EA98C12271B5C153327B12E8209453.d.BE0BB3309143CCC08D39E8B88DD0C35D.e.21084","ELEMENT":"f.70EA98C12271B5C153327B12E8209453.d.BE0BB3309143CCC08D39E8B88DD0C35D.e.21084"}]}
COMMAND: GET /session/a5881d3eaca756d633e860ab0441a8d1/screenshot - {}
RESULT: {}
RESULT: {"script":"<script> [5351 bytes]","args":[{"element-6066-11e4-a52e-4f735466cecf":"f.70EA98C12271B5C153327B12E8209453.d.BE0BB3309143CCC08D39E8B88DD0C35D.e.21084","ELEMENT":"f.70EA98C12271B5C153327B12E8209453.d.BE0BB3309143CCC08D39E8B88DD0C35D.e.21084"}]}
COMMAND: GET /session/a5881d3eaca756d633e860ab0441a8d1/screenshot - {}
RESULT: {}
RESULT: {}
COMMAND: POST /session/a5881d3eaca756d633e860ab0441a8d1/element/f.70EA98C12271B5C153327B12E8209453.d.BE0BB3309143CCC08D39E8B88DD0C35D.e.21084/click - {}
RESULT: {}
COMMAND: GET /session/a5881d3eaca756d633e860ab0441a8d1/screenshot - {}
RESULT: {}
COMMAND: POST /session/a5881d3eaca756d633e860ab0441a8d1/execute/async - {"script":"<script> [1562 bytes]","args":[{"selector":{"id":"application-managecontracts-display-component---AddNewContract--projectDescription","interaction":{"idSuffix":"inner"}},"wdio_ui5_key":"applicationmanagecontracts-display-component---AddNewContract--projectDescription"}]}
RESULT: {"script":"<script> [1562 bytes]","args":[{"selector":{"id":"application-managecontracts-display-component---AddNewContract--projectDescription","interaction":{"idSuffix":"inner"}},"wdio_ui5_key":"applicationmanagecontracts-display-component---AddNewContract--projectDescription"}]}
RESULT: undefined
COMMAND: POST /session/a5881d3eaca756d633e860ab0441a8d1/execute/async - {"script":"<script> [776 bytes]","args":[{"enterText":"Contract WDIO","selector":{"id":"application-managecontracts-display-component---AddNewContract--projectDescription","interaction":{"idSuffix":"inner"}},"clearTextFirst":true,"interactionType":"ENTER_TEXT"}]}
RESULT: {"script":"<script> [776 bytes]","args":[{"enterText":"Contract WDIO","selector":{"id":"application-managecontracts-display-component---AddNewContract--projectDescription","interaction":{"idSuffix":"inner"}},"clearTextFirst":true,"interactionType":"ENTER_TEXT"}]}
COMMAND: POST /session/a5881d3eaca756d633e860ab0441a8d1/element - {"using":"xpath","value":"//input[@id=\"application-managecontracts-display-component---AddNewContract--site-inner\"]"}
RESULT: {"using":"xpath","value":"//input[@id=\"application-managecontracts-display-component---AddNewContract--site-inner\"]"}
COMMAND: POST /session/a5881d3eaca756d633e860ab0441a8d1/element/f.70EA98C12271B5C153327B12E8209453.d.BE0BB3309143CCC08D39E8B88DD0C35D.e.21377/clear - {}
RESULT: {}
COMMAND: POST /session/a5881d3eaca756d633e860ab0441a8d1/element/f.70EA98C12271B5C153327B12E8209453.d.BE0BB3309143CCC08D39E8B88DD0C35D.e.21377/value - {"text":"2302"}
COMMAND: GET /session/a5881d3eaca756d633e860ab0441a8d1/screenshot - {}
RESULT: {"text":"2302"}
COMMAND: GET /session/a5881d3eaca756d633e860ab0441a8d1/screenshot - {}
RESULT: {}
RESULT: {}
COMMAND: POST /session/a5881d3eaca756d633e860ab0441a8d1/element - {"using":"xpath","value":"//li[.//span[text()='2302']]"}
RESULT: {"using":"xpath","value":"//li[.//span[text()='2302']]"}
COMMAND: POST /session/a5881d3eaca756d633e860ab0441a8d1/element/f.70EA98C12271B5C153327B12E8209453.d.BE0BB3309143CCC08D39E8B88DD0C35D.e.21401/click - {}
RESULT: {}
COMMAND: GET /session/a5881d3eaca756d633e860ab0441a8d1/screenshot - {}
RESULT: {}
COMMAND: POST /session/a5881d3eaca756d633e860ab0441a8d1/element - {"using":"xpath","value":"//input[@id=\"application-managecontracts-display-component---AddNewContract--yardId-inner\"]"}
RESULT: {"using":"xpath","value":"//input[@id=\"application-managecontracts-display-component---AddNewContract--yardId-inner\"]"}
COMMAND: GET /session/a5881d3eaca756d633e860ab0441a8d1/element/f.70EA98C12271B5C153327B12E8209453.d.BE0BB3309143CCC08D39E8B88DD0C35D.e.21378/property/value - {}
RESULT: {}
COMMAND: POST /session/a5881d3eaca756d633e860ab0441a8d1/element - {"using":"xpath","value":"//input[@id=\"application-managecontracts-display-component---AddNewContract--customerSelect-inner\"]"}
COMMAND: GET /session/a5881d3eaca756d633e860ab0441a8d1/screenshot - {}
RESULT: {}
RESULT: {"using":"xpath","value":"//input[@id=\"application-managecontracts-display-component---AddNewContract--customerSelect-inner\"]"}
COMMAND: POST /session/a5881d3eaca756d633e860ab0441a8d1/element/f.70EA98C12271B5C153327B12E8209453.d.BE0BB3309143CCC08D39E8B88DD0C35D.e.21376/clear - {}
RESULT: {}
COMMAND: POST /session/a5881d3eaca756d633e860ab0441a8d1/element/f.70EA98C12271B5C153327B12E8209453.d.BE0BB3309143CCC08D39E8B88DD0C35D.e.21376/value - {"text":"1335"}
COMMAND: GET /session/a5881d3eaca756d633e860ab0441a8d1/screenshot - {}
RESULT: {"text":"1335"}
COMMAND: GET /session/a5881d3eaca756d633e860ab0441a8d1/screenshot - {}
RESULT: {}
RESULT: {}
COMMAND: POST /session/a5881d3eaca756d633e860ab0441a8d1/element - {"using":"xpath","value":"//li[.//span[text()='1335']]"}
RESULT: {"using":"xpath","value":"//li[.//span[text()='1335']]"}
COMMAND: POST /session/a5881d3eaca756d633e860ab0441a8d1/element/f.70EA98C12271B5C153327B12E8209453.d.BE0BB3309143CCC08D39E8B88DD0C35D.e.21404/click - {}
RESULT: {}
COMMAND: GET /session/a5881d3eaca756d633e860ab0441a8d1/screenshot - {}
RESULT: {}
COMMAND: POST /session/a5881d3eaca756d633e860ab0441a8d1/element - {"using":"xpath","value":"//button[@data-kt=\"saveButton\"]"}
RESULT: {"using":"xpath","value":"//button[@data-kt=\"saveButton\"]"}
COMMAND: POST /session/a5881d3eaca756d633e860ab0441a8d1/element/f.70EA98C12271B5C153327B12E8209453.d.BE0BB3309143CCC08D39E8B88DD0C35D.e.21393/click - {}
RESULT: {}
COMMAND: GET /session/a5881d3eaca756d633e860ab0441a8d1/screenshot - {}
RESULT: {}
COMMAND: POST /session/a5881d3eaca756d633e860ab0441a8d1/element - {"using":"xpath","value":"//span[contains(@id ,\"contractDetailTitleNoExpanded\")]"}
RESULT: {"using":"xpath","value":"//span[contains(@id ,\"contractDetailTitleNoExpanded\")]"}
COMMAND: POST /session/a5881d3eaca756d633e860ab0441a8d1/elements - {"using":"xpath","value":"//span[contains(@id ,\"contractDetailTitleNoExpanded\")]"}
RESULT: {"using":"xpath","value":"//span[contains(@id ,\"contractDetailTitleNoExpanded\")]"}
COMMAND: POST /session/a5881d3eaca756d633e860ab0441a8d1/execute/sync - {"script":"<script> [56 bytes]","args":[{"element-6066-11e4-a52e-4f735466cecf":"f.70EA98C12271B5C153327B12E8209453.d.BE0BB3309143CCC08D39E8B88DD0C35D.e.21473","ELEMENT":"f.70EA98C12271B5C153327B12E8209453.d.BE0BB3309143CCC08D39E8B88DD0C35D.e.21473"}]}
RESULT: {"script":"<script> [56 bytes]","args":[{"element-6066-11e4-a52e-4f735466cecf":"f.70EA98C12271B5C153327B12E8209453.d.BE0BB3309143CCC08D39E8B88DD0C35D.e.21473","ELEMENT":"f.70EA98C12271B5C153327B12E8209453.d.BE0BB3309143CCC08D39E8B88DD0C35D.e.21473"}]}
COMMAND: GET /session/a5881d3eaca756d633e860ab0441a8d1/screenshot - {}
RESULT: {}
]]></system-out>
    </testcase>
    <testcase classname="chrome.135_0_7049_96.windows.Billing_Calculation_-_Time_based_(considering_transport_times)_US139738" name="Should add transport time checkbox on contract details" time="16.251">
      <system-out><![CDATA[
COMMAND: POST /session/a5881d3eaca756d633e860ab0441a8d1/element - {"using":"xpath","value":"//button[@data-kt=\"contractDetailEditBtnButton\"]"}
RESULT: {"using":"xpath","value":"//button[@data-kt=\"contractDetailEditBtnButton\"]"}
COMMAND: POST /session/a5881d3eaca756d633e860ab0441a8d1/element/f.70EA98C12271B5C153327B12E8209453.d.BE0BB3309143CCC08D39E8B88DD0C35D.e.21476/click - {}
RESULT: {}
COMMAND: GET /session/a5881d3eaca756d633e860ab0441a8d1/screenshot - {}
RESULT: {}
COMMAND: POST /session/a5881d3eaca756d633e860ab0441a8d1/element - {"using":"xpath","value":"(//span[contains(text(), \"Contract Billing\")])[2]"}
RESULT: {"using":"xpath","value":"(//span[contains(text(), \"Contract Billing\")])[2]"}
COMMAND: POST /session/a5881d3eaca756d633e860ab0441a8d1/element/f.70EA98C12271B5C153327B12E8209453.d.BE0BB3309143CCC08D39E8B88DD0C35D.e.21532/click - {}
RESULT: {}
COMMAND: GET /session/a5881d3eaca756d633e860ab0441a8d1/screenshot - {}
RESULT: {}
COMMAND: POST /session/a5881d3eaca756d633e860ab0441a8d1/element - {"using":"xpath","value":"(//div[contains(@id, \"transportTimesBilled-CbBg\")])"}
RESULT: {"using":"xpath","value":"(//div[contains(@id, \"transportTimesBilled-CbBg\")])"}
COMMAND: POST /session/a5881d3eaca756d633e860ab0441a8d1/element/f.70EA98C12271B5C153327B12E8209453.d.BE0BB3309143CCC08D39E8B88DD0C35D.e.21562/click - {}
RESULT: {}
COMMAND: GET /session/a5881d3eaca756d633e860ab0441a8d1/screenshot - {}
RESULT: {}
COMMAND: POST /session/a5881d3eaca756d633e860ab0441a8d1/element - {"using":"xpath","value":"(//button[@data-kt=\"saveButton\"])[2]"}
RESULT: {"using":"xpath","value":"(//button[@data-kt=\"saveButton\"])[2]"}
COMMAND: POST /session/a5881d3eaca756d633e860ab0441a8d1/element/f.70EA98C12271B5C153327B12E8209453.d.BE0BB3309143CCC08D39E8B88DD0C35D.e.21563/click - {}
RESULT: {}
COMMAND: GET /session/a5881d3eaca756d633e860ab0441a8d1/screenshot - {}
RESULT: {}
]]></system-out>
    </testcase>
    <testcase classname="chrome.135_0_7049_96.windows.Billing_Calculation_-_Time_based_(considering_transport_times)_US139738" name="Should add created equipment to contract" time="46.298">
      <system-out><![CDATA[
COMMAND: POST /session/a5881d3eaca756d633e860ab0441a8d1/element - {"using":"xpath","value":"//button[@data-kt=\"contractDetailEditBtnButton\"]"}
RESULT: {"using":"xpath","value":"//button[@data-kt=\"contractDetailEditBtnButton\"]"}
COMMAND: POST /session/a5881d3eaca756d633e860ab0441a8d1/element/f.70EA98C12271B5C153327B12E8209453.d.BE0BB3309143CCC08D39E8B88DD0C35D.e.21476/click - {}
RESULT: {}
COMMAND: GET /session/a5881d3eaca756d633e860ab0441a8d1/screenshot - {}
RESULT: {}
COMMAND: POST /session/a5881d3eaca756d633e860ab0441a8d1/element - {"using":"xpath","value":"(//span[contains(text(), \"Additional Addresses\")])[2]"}
RESULT: {"using":"xpath","value":"(//span[contains(text(), \"Additional Addresses\")])[2]"}
COMMAND: POST /session/a5881d3eaca756d633e860ab0441a8d1/element/f.70EA98C12271B5C153327B12E8209453.d.BE0BB3309143CCC08D39E8B88DD0C35D.e.21582/click - {}
RESULT: {}
COMMAND: GET /session/a5881d3eaca756d633e860ab0441a8d1/screenshot - {}
RESULT: {}
COMMAND: POST /session/a5881d3eaca756d633e860ab0441a8d1/element - {"using":"xpath","value":"//button[@data-kt=\"btnAddTableRowOverflowToolbarButton\"]"}
RESULT: {"using":"xpath","value":"//button[@data-kt=\"btnAddTableRowOverflowToolbarButton\"]"}
COMMAND: POST /session/a5881d3eaca756d633e860ab0441a8d1/element/f.70EA98C12271B5C153327B12E8209453.d.BE0BB3309143CCC08D39E8B88DD0C35D.e.21584/click - {}
RESULT: {}
COMMAND: GET /session/a5881d3eaca756d633e860ab0441a8d1/screenshot - {}
RESULT: {}
COMMAND: POST /session/a5881d3eaca756d633e860ab0441a8d1/element - {"using":"xpath","value":"//div[(text() = 'Standard Entry' or . = 'Standard Entry')]"}
RESULT: {"using":"xpath","value":"//div[(text() = 'Standard Entry' or . = 'Standard Entry')]"}
COMMAND: POST /session/a5881d3eaca756d633e860ab0441a8d1/element/f.70EA98C12271B5C153327B12E8209453.d.BE0BB3309143CCC08D39E8B88DD0C35D.e.21586/click - {}
RESULT: {}
COMMAND: GET /session/a5881d3eaca756d633e860ab0441a8d1/screenshot - {}
RESULT: {}
COMMAND: POST /session/a5881d3eaca756d633e860ab0441a8d1/element - {"using":"xpath","value":"//td[7]/div/div/input"}
RESULT: {"using":"xpath","value":"//td[7]/div/div/input"}
COMMAND: POST /session/a5881d3eaca756d633e860ab0441a8d1/element/f.70EA98C12271B5C153327B12E8209453.d.BE0BB3309143CCC08D39E8B88DD0C35D.e.21595/clear - {}
RESULT: {}
COMMAND: POST /session/a5881d3eaca756d633e860ab0441a8d1/element/f.70EA98C12271B5C153327B12E8209453.d.BE0BB3309143CCC08D39E8B88DD0C35D.e.21595/value - {"text":"MQymFh0Mzy"}
COMMAND: GET /session/a5881d3eaca756d633e860ab0441a8d1/screenshot - {}
RESULT: {"text":"MQymFh0Mzy"}
COMMAND: GET /session/a5881d3eaca756d633e860ab0441a8d1/screenshot - {}
RESULT: {}
RESULT: {}
COMMAND: POST /session/a5881d3eaca756d633e860ab0441a8d1/actions - {"actions":[{"id":"action76","type":"key","parameters":{},"actions":[{"type":"keyDown","value":"î€‡"},{"type":"pause","duration":10},{"type":"keyUp","value":"î€‡"}]}]}
RESULT: {"actions":[{"id":"action76","type":"key","parameters":{},"actions":[{"type":"keyDown","value":"î€‡"},{"type":"pause","duration":10},{"type":"keyUp","value":"î€‡"}]}]}
COMMAND: GET /session/a5881d3eaca756d633e860ab0441a8d1/screenshot - {}
RESULT: {}
COMMAND: POST /session/a5881d3eaca756d633e860ab0441a8d1/execute/sync - {"script":"<script> [276 bytes]","args":["No pricing information was found"]}
RESULT: {"script":"<script> [276 bytes]","args":["No pricing information was found"]}
COMMAND: POST /session/a5881d3eaca756d633e860ab0441a8d1/element - {"using":"xpath","value":"(//button[@data-kt=\"saveButton\"])[2]"}
COMMAND: GET /session/a5881d3eaca756d633e860ab0441a8d1/screenshot - {}
RESULT: {"using":"xpath","value":"(//button[@data-kt=\"saveButton\"])[2]"}
COMMAND: POST /session/a5881d3eaca756d633e860ab0441a8d1/element/f.70EA98C12271B5C153327B12E8209453.d.BE0BB3309143CCC08D39E8B88DD0C35D.e.21563/click - {}
RESULT: {}
RESULT: {}
COMMAND: GET /session/a5881d3eaca756d633e860ab0441a8d1/screenshot - {}
RESULT: {}
COMMAND: POST /session/a5881d3eaca756d633e860ab0441a8d1/execute/sync - {"script":"<script> [276 bytes]","args":["Some contract items are having rental validity exceeding header rental validity"]}
RESULT: {"script":"<script> [276 bytes]","args":["Some contract items are having rental validity exceeding header rental validity"]}
COMMAND: GET /session/a5881d3eaca756d633e860ab0441a8d1/screenshot - {}
RESULT: {}
COMMAND: POST /session/a5881d3eaca756d633e860ab0441a8d1/element - {"using":"xpath","value":"//span[contains(@id ,\"contractItemsSmartTable-header-inner\")]"}
RESULT: {"using":"xpath","value":"//span[contains(@id ,\"contractItemsSmartTable-header-inner\")]"}
COMMAND: POST /session/a5881d3eaca756d633e860ab0441a8d1/elements - {"using":"xpath","value":"//span[contains(@id ,\"contractItemsSmartTable-header-inner\")]"}
RESULT: {"using":"xpath","value":"//span[contains(@id ,\"contractItemsSmartTable-header-inner\")]"}
COMMAND: POST /session/a5881d3eaca756d633e860ab0441a8d1/execute/sync - {"script":"<script> [56 bytes]","args":[{"element-6066-11e4-a52e-4f735466cecf":"f.70EA98C12271B5C153327B12E8209453.d.BE0BB3309143CCC08D39E8B88DD0C35D.e.21615","ELEMENT":"f.70EA98C12271B5C153327B12E8209453.d.BE0BB3309143CCC08D39E8B88DD0C35D.e.21615"}]}
RESULT: {"script":"<script> [56 bytes]","args":[{"element-6066-11e4-a52e-4f735466cecf":"f.70EA98C12271B5C153327B12E8209453.d.BE0BB3309143CCC08D39E8B88DD0C35D.e.21615","ELEMENT":"f.70EA98C12271B5C153327B12E8209453.d.BE0BB3309143CCC08D39E8B88DD0C35D.e.21615"}]}
]]></system-out>
    </testcase>
    <testcase classname="chrome.135_0_7049_96.windows.Billing_Calculation_-_Time_based_(considering_transport_times)_US139738" name="Should do a provide to site 2 step" time="129.493">
      <system-out><![CDATA[
COMMAND: GET /session/a5881d3eaca756d633e860ab0441a8d1/screenshot - {}
COMMAND: POST /session/a5881d3eaca756d633e860ab0441a8d1/element - {"using":"xpath","value":"//button[@data-kt=\"provideButton\"]"}
RESULT: {}
RESULT: {"using":"xpath","value":"//button[@data-kt=\"provideButton\"]"}
COMMAND: POST /session/a5881d3eaca756d633e860ab0441a8d1/element/f.70EA98C12271B5C153327B12E8209453.d.BE0BB3309143CCC08D39E8B88DD0C35D.e.21616/click - {}
RESULT: {}
COMMAND: GET /session/a5881d3eaca756d633e860ab0441a8d1/screenshot - {}
RESULT: {}
COMMAND: POST /session/a5881d3eaca756d633e860ab0441a8d1/element - {"using":"xpath","value":"(//div[contains(@id, \"application-managehandovers-display-component---AddNewHO--oneStep-CbBg\")])"}
RESULT: {"using":"xpath","value":"(//div[contains(@id, \"application-managehandovers-display-component---AddNewHO--oneStep-CbBg\")])"}
COMMAND: POST /session/a5881d3eaca756d633e860ab0441a8d1/element - {"using":"xpath","value":"(//div[contains(@id, \"application-managehandovers-display-component---AddNewHO--oneStep-CbBg\")])/input"}
RESULT: {"using":"xpath","value":"(//div[contains(@id, \"application-managehandovers-display-component---AddNewHO--oneStep-CbBg\")])/input"}
COMMAND: GET /session/a5881d3eaca756d633e860ab0441a8d1/element/f.70EA98C12271B5C153327B12E8209453.d.BE0BB3309143CCC08D39E8B88DD0C35D.e.21677/attribute/checked - {}
RESULT: {}
RESULT: undefined
COMMAND: POST /session/a5881d3eaca756d633e860ab0441a8d1/execute/async - {"script":"<script> [6424 bytes]","args":[{"element-6066-11e4-a52e-4f735466cecf":"f.70EA98C12271B5C153327B12E8209453.d.BE0BB3309143CCC08D39E8B88DD0C35D.e.20608"},"setValue",["04/30/2025"]]}
COMMAND: POST /session/a5881d3eaca756d633e860ab0441a8d1/element/f.70EA98C12271B5C153327B12E8209453.d.BE0BB3309143CCC08D39E8B88DD0C35D.e.21924/click - {}
RESULT: {}
COMMAND: GET /session/a5881d3eaca756d633e860ab0441a8d1/screenshot - {}
COMMAND: POST /session/a5881d3eaca756d633e860ab0441a8d1/execute/async - {"script":"<script> [1562 bytes]","args":[{"selector":{"id":"application-managehandovers-display-component---AddNewHO--dueDate","interaction":{"idSuffix":"inner"}},"wdio_ui5_key":"applicationmanagehandovers-display-component---AddNewHO--dueDate"}]}
RESULT: {}
RESULT: {"script":"<script> [1562 bytes]","args":[{"selector":{"id":"application-managehandovers-display-component---AddNewHO--dueDate","interaction":{"idSuffix":"inner"}},"wdio_ui5_key":"applicationmanagehandovers-display-component---AddNewHO--dueDate"}]}
COMMAND: POST /session/a5881d3eaca756d633e860ab0441a8d1/execute/async - {"script":"<script> [6424 bytes]","args":[{"element-6066-11e4-a52e-4f735466cecf":"f.70EA98C12271B5C153327B12E8209453.d.BE0BB3309143CCC08D39E8B88DD0C35D.e.21673"},"setValue",["04/30/2025"]]}
RESULT: {"script":"<script> [6424 bytes]","args":[{"element-6066-11e4-a52e-4f735466cecf":"f.70EA98C12271B5C153327B12E8209453.d.BE0BB3309143CCC08D39E8B88DD0C35D.e.21673"},"setValue",["04/30/2025"]]}
COMMAND: POST /session/a5881d3eaca756d633e860ab0441a8d1/element - {"using":"xpath","value":"//bdi[contains(text(), \"Instructions\")]"}
RESULT: {"using":"xpath","value":"//bdi[contains(text(), \"Instructions\")]"}
COMMAND: POST /session/a5881d3eaca756d633e860ab0441a8d1/element/f.70EA98C12271B5C153327B12E8209453.d.BE0BB3309143CCC08D39E8B88DD0C35D.e.21928/click - {}
RESULT: {}
COMMAND: GET /session/a5881d3eaca756d633e860ab0441a8d1/screenshot - {}
RESULT: {}
COMMAND: POST /session/a5881d3eaca756d633e860ab0441a8d1/element - {"using":"xpath","value":"//button[@data-kt=\"AddNewHOProvideAddItemsButton\"]"}
RESULT: {"using":"xpath","value":"//button[@data-kt=\"AddNewHOProvideAddItemsButton\"]"}
COMMAND: POST /session/a5881d3eaca756d633e860ab0441a8d1/element/f.70EA98C12271B5C153327B12E8209453.d.BE0BB3309143CCC08D39E8B88DD0C35D.e.21932/click - {}
RESULT: {}
COMMAND: GET /session/a5881d3eaca756d633e860ab0441a8d1/screenshot - {}
RESULT: {}
RESULT: undefined
COMMAND: POST /session/a5881d3eaca756d633e860ab0441a8d1/element - {"using":"xpath","value":"//*[@id=\"application-managehandovers-display-component---AddNewHO--popup-sa\"]"}
RESULT: {"using":"xpath","value":"//*[@id=\"application-managehandovers-display-component---AddNewHO--popup-sa\"]"}
COMMAND: POST /session/a5881d3eaca756d633e860ab0441a8d1/element/f.70EA98C12271B5C153327B12E8209453.d.BE0BB3309143CCC08D39E8B88DD0C35D.e.21941/click - {}
RESULT: {}
COMMAND: GET /session/a5881d3eaca756d633e860ab0441a8d1/screenshot - {}
RESULT: {}
COMMAND: POST /session/a5881d3eaca756d633e860ab0441a8d1/element - {"using":"xpath","value":"//*[contains(@id ,\"BDI-content\")][contains(text(), \"Select\")]"}
RESULT: {"using":"xpath","value":"//*[contains(@id ,\"BDI-content\")][contains(text(), \"Select\")]"}
COMMAND: POST /session/a5881d3eaca756d633e860ab0441a8d1/element/f.70EA98C12271B5C153327B12E8209453.d.BE0BB3309143CCC08D39E8B88DD0C35D.e.21943/click - {}
RESULT: {}
COMMAND: GET /session/a5881d3eaca756d633e860ab0441a8d1/screenshot - {}
RESULT: {}
COMMAND: POST /session/a5881d3eaca756d633e860ab0441a8d1/execute/async - {"script":"<script> [1562 bytes]","args":[{"selector":{"id":"application-managehandovers-display-component---AddNewHO--confirmCreationButton","interaction":{"idSuffix":"BDI-content"}},"wdio_ui5_key":"applicationmanagehandovers-display-component---AddNewHO--confirmCreationButton"}]}
RESULT: {"script":"<script> [1562 bytes]","args":[{"selector":{"id":"application-managehandovers-display-component---AddNewHO--confirmCreationButton","interaction":{"idSuffix":"BDI-content"}},"wdio_ui5_key":"applicationmanagehandovers-display-component---AddNewHO--confirmCreationButton"}]}
RESULT: undefined
COMMAND: POST /session/a5881d3eaca756d633e860ab0441a8d1/element - {"using":"xpath","value":"//*[@id=\"application-managehandovers-display-component---AddNewHO--confirmCreationButton\"]"}
RESULT: {"using":"xpath","value":"//*[@id=\"application-managehandovers-display-component---AddNewHO--confirmCreationButton\"]"}
COMMAND: POST /session/a5881d3eaca756d633e860ab0441a8d1/element/f.70EA98C12271B5C153327B12E8209453.d.BE0BB3309143CCC08D39E8B88DD0C35D.e.21739/click - {}
RESULT: {}
COMMAND: GET /session/a5881d3eaca756d633e860ab0441a8d1/screenshot - {}
RESULT: {}
COMMAND: POST /session/a5881d3eaca756d633e860ab0441a8d1/element - {"using":"xpath","value":"//button[@data-kt=\"PickingTableConfirmAllButton\"]"}
RESULT: {"using":"xpath","value":"//button[@data-kt=\"PickingTableConfirmAllButton\"]"}
COMMAND: POST /session/a5881d3eaca756d633e860ab0441a8d1/element/f.70EA98C12271B5C153327B12E8209453.d.BE0BB3309143CCC08D39E8B88DD0C35D.e.21982/click - {}
COMMAND: POST /session/a5881d3eaca756d633e860ab0441a8d1/element - {"using":"xpath","value":"//button[@data-kt=\"PickingTableConfirmAllButton\"]"}
RESULT: {"using":"xpath","value":"//button[@data-kt=\"PickingTableConfirmAllButton\"]"}
COMMAND: POST /session/a5881d3eaca756d633e860ab0441a8d1/element/f.70EA98C12271B5C153327B12E8209453.d.BE0BB3309143CCC08D39E8B88DD0C35D.e.21982/click - {}
COMMAND: POST /session/a5881d3eaca756d633e860ab0441a8d1/element - {"using":"xpath","value":"//button[@data-kt=\"PickingTableConfirmAllButton\"]"}
RESULT: {"using":"xpath","value":"//button[@data-kt=\"PickingTableConfirmAllButton\"]"}
COMMAND: POST /session/a5881d3eaca756d633e860ab0441a8d1/element/f.70EA98C12271B5C153327B12E8209453.d.BE0BB3309143CCC08D39E8B88DD0C35D.e.22002/click - {}
RESULT: {}
COMMAND: GET /session/a5881d3eaca756d633e860ab0441a8d1/screenshot - {}
RESULT: {}
COMMAND: POST /session/a5881d3eaca756d633e860ab0441a8d1/element - {"using":"xpath","value":"//bdi[contains(text(), \"OK\")]"}
RESULT: {"using":"xpath","value":"//bdi[contains(text(), \"OK\")]"}
COMMAND: POST /session/a5881d3eaca756d633e860ab0441a8d1/element/f.70EA98C12271B5C153327B12E8209453.d.BE0BB3309143CCC08D39E8B88DD0C35D.e.22004/click - {}
RESULT: {}
COMMAND: GET /session/a5881d3eaca756d633e860ab0441a8d1/screenshot - {}
RESULT: {}
COMMAND: POST /session/a5881d3eaca756d633e860ab0441a8d1/element - {"using":"xpath","value":"//button[@data-kt=\"execHoPickButton\"]"}
RESULT: {"using":"xpath","value":"//button[@data-kt=\"execHoPickButton\"]"}
COMMAND: POST /session/a5881d3eaca756d633e860ab0441a8d1/element/f.70EA98C12271B5C153327B12E8209453.d.BE0BB3309143CCC08D39E8B88DD0C35D.e.22006/click - {}
RESULT: {}
COMMAND: GET /session/a5881d3eaca756d633e860ab0441a8d1/screenshot - {}
RESULT: {}
COMMAND: POST /session/a5881d3eaca756d633e860ab0441a8d1/element - {"using":"xpath","value":"//span[contains(@id ,\"filterItemControl_BASIC-RECEIVE_CONTRACT-vhi\")]"}
RESULT: {"using":"xpath","value":"//span[contains(@id ,\"filterItemControl_BASIC-RECEIVE_CONTRACT-vhi\")]"}
COMMAND: POST /session/a5881d3eaca756d633e860ab0441a8d1/element/f.70EA98C12271B5C153327B12E8209453.d.BE0BB3309143CCC08D39E8B88DD0C35D.e.22182/click - {}
RESULT: {}
COMMAND: GET /session/a5881d3eaca756d633e860ab0441a8d1/screenshot - {}
RESULT: {}
COMMAND: POST /session/a5881d3eaca756d633e860ab0441a8d1/execute/async - {"script":"<script> [1562 bytes]","args":[{"selector":{"controlType":"sap.m.SearchField","viewName":"etm.portal.ui.managehandovers.view.MasterHO","bindingPath":{"path":"","propertyPath":"/_BASIC_SEARCH_FIELD","modelName":"fi1t3rM0d31"},"searchOpenDialogs":true,"interaction":{"idSuffix":"I"}},"wdio_ui5_key":"etmportal.ui.managehandovers.view.MasterHOsap.m.SearchField{\"path\":\"\",\"propertyPath\":\"/_BASIC_SEARCH_FIELD\",\"modelName\":\"fi1t3rM0d31\"}"}]}
RESULT: {"script":"<script> [1562 bytes]","args":[{"selector":{"controlType":"sap.m.SearchField","viewName":"etm.portal.ui.managehandovers.view.MasterHO","bindingPath":{"path":"","propertyPath":"/_BASIC_SEARCH_FIELD","modelName":"fi1t3rM0d31"},"searchOpenDialogs":true,"interaction":{"idSuffix":"I"}},"wdio_ui5_key":"etmportal.ui.managehandovers.view.MasterHOsap.m.SearchField{\"path\":\"\",\"propertyPath\":\"/_BASIC_SEARCH_FIELD\",\"modelName\":\"fi1t3rM0d31\"}"}]}
RESULT: undefined
COMMAND: POST /session/a5881d3eaca756d633e860ab0441a8d1/execute/async - {"script":"<script> [776 bytes]","args":[{"enterText":"10421","selector":{"controlType":"sap.m.SearchField","viewName":"etm.portal.ui.managehandovers.view.MasterHO","bindingPath":{"path":"","propertyPath":"/_BASIC_SEARCH_FIELD","modelName":"fi1t3rM0d31"},"searchOpenDialogs":true,"interaction":{"idSuffix":"I"}},"clearTextFirst":true,"interactionType":"ENTER_TEXT"}]}
RESULT: {"script":"<script> [776 bytes]","args":[{"enterText":"10421","selector":{"controlType":"sap.m.SearchField","viewName":"etm.portal.ui.managehandovers.view.MasterHO","bindingPath":{"path":"","propertyPath":"/_BASIC_SEARCH_FIELD","modelName":"fi1t3rM0d31"},"searchOpenDialogs":true,"interaction":{"idSuffix":"I"}},"clearTextFirst":true,"interactionType":"ENTER_TEXT"}]}
COMMAND: POST /session/a5881d3eaca756d633e860ab0441a8d1/actions - {"actions":[{"id":"action77","type":"key","parameters":{},"actions":[{"type":"keyDown","value":"î€‡"},{"type":"pause","duration":10},{"type":"keyUp","value":"î€‡"}]}]}
RESULT: {"actions":[{"id":"action77","type":"key","parameters":{},"actions":[{"type":"keyDown","value":"î€‡"},{"type":"pause","duration":10},{"type":"keyUp","value":"î€‡"}]}]}
COMMAND: GET /session/a5881d3eaca756d633e860ab0441a8d1/screenshot - {}
RESULT: {}
COMMAND: POST /session/a5881d3eaca756d633e860ab0441a8d1/element - {"using":"xpath","value":"//div[contains(@id, 'filterItemControl_BASIC-RECEIVE_CONTRACT-valueHelpDialog-table-rowsel0')]"}
RESULT: {"using":"xpath","value":"//div[contains(@id, 'filterItemControl_BASIC-RECEIVE_CONTRACT-valueHelpDialog-table-rowsel0')]"}
COMMAND: POST /session/a5881d3eaca756d633e860ab0441a8d1/element/f.70EA98C12271B5C153327B12E8209453.d.BE0BB3309143CCC08D39E8B88DD0C35D.e.22191/click - {}
RESULT: {}
COMMAND: GET /session/a5881d3eaca756d633e860ab0441a8d1/screenshot - {}
RESULT: {}
COMMAND: POST /session/a5881d3eaca756d633e860ab0441a8d1/element - {"using":"xpath","value":"//bdi[contains(text(), \"OK\")]"}
RESULT: {"using":"xpath","value":"//bdi[contains(text(), \"OK\")]"}
COMMAND: POST /session/a5881d3eaca756d633e860ab0441a8d1/element/f.70EA98C12271B5C153327B12E8209453.d.BE0BB3309143CCC08D39E8B88DD0C35D.e.22193/click - {}
RESULT: {}
COMMAND: GET /session/a5881d3eaca756d633e860ab0441a8d1/screenshot - {}
RESULT: {}
COMMAND: POST /session/a5881d3eaca756d633e860ab0441a8d1/element - {"using":"xpath","value":"//span[contains(@id, \"smartTable-header-inner\")]"}
RESULT: {"using":"xpath","value":"//span[contains(@id, \"smartTable-header-inner\")]"}
COMMAND: POST /session/a5881d3eaca756d633e860ab0441a8d1/elements - {"using":"xpath","value":"//span[contains(@id, \"smartTable-header-inner\")]"}
RESULT: {"using":"xpath","value":"//span[contains(@id, \"smartTable-header-inner\")]"}
COMMAND: POST /session/a5881d3eaca756d633e860ab0441a8d1/execute/sync - {"script":"<script> [56 bytes]","args":[{"element-6066-11e4-a52e-4f735466cecf":"f.70EA98C12271B5C153327B12E8209453.d.BE0BB3309143CCC08D39E8B88DD0C35D.e.22223","ELEMENT":"f.70EA98C12271B5C153327B12E8209453.d.BE0BB3309143CCC08D39E8B88DD0C35D.e.22223"}]}
RESULT: {"script":"<script> [56 bytes]","args":[{"element-6066-11e4-a52e-4f735466cecf":"f.70EA98C12271B5C153327B12E8209453.d.BE0BB3309143CCC08D39E8B88DD0C35D.e.22223","ELEMENT":"f.70EA98C12271B5C153327B12E8209453.d.BE0BB3309143CCC08D39E8B88DD0C35D.e.22223"}]}
COMMAND: POST /session/a5881d3eaca756d633e860ab0441a8d1/element - {"using":"xpath","value":"//table[contains(@id, \"customHandovers\")]//tbody/tr[1]/td[2]/span"}
COMMAND: GET /session/a5881d3eaca756d633e860ab0441a8d1/screenshot - {}
RESULT: {"using":"xpath","value":"//table[contains(@id, \"customHandovers\")]//tbody/tr[1]/td[2]/span"}
COMMAND: POST /session/a5881d3eaca756d633e860ab0441a8d1/execute/sync - {"script":"<script> [56 bytes]","args":[{"element-6066-11e4-a52e-4f735466cecf":"f.70EA98C12271B5C153327B12E8209453.d.BE0BB3309143CCC08D39E8B88DD0C35D.e.22224","ELEMENT":"f.70EA98C12271B5C153327B12E8209453.d.BE0BB3309143CCC08D39E8B88DD0C35D.e.22224"}]}
RESULT: {}
RESULT: {"script":"<script> [56 bytes]","args":[{"element-6066-11e4-a52e-4f735466cecf":"f.70EA98C12271B5C153327B12E8209453.d.BE0BB3309143CCC08D39E8B88DD0C35D.e.22224","ELEMENT":"f.70EA98C12271B5C153327B12E8209453.d.BE0BB3309143CCC08D39E8B88DD0C35D.e.22224"}]}
COMMAND: POST /session/a5881d3eaca756d633e860ab0441a8d1/element - {"using":"xpath","value":"(//span[contains(@id, \"imgNav\")])[1]"}
COMMAND: GET /session/a5881d3eaca756d633e860ab0441a8d1/screenshot - {}
RESULT: {"using":"xpath","value":"(//span[contains(@id, \"imgNav\")])[1]"}
COMMAND: POST /session/a5881d3eaca756d633e860ab0441a8d1/element/f.70EA98C12271B5C153327B12E8209453.d.BE0BB3309143CCC08D39E8B88DD0C35D.e.22220/click - {}
RESULT: {}
RESULT: {}
COMMAND: GET /session/a5881d3eaca756d633e860ab0441a8d1/screenshot - {}
RESULT: {}
COMMAND: POST /session/a5881d3eaca756d633e860ab0441a8d1/element - {"using":"xpath","value":"//button[@data-kt=\"PickingTableConfirmAllButton\"]"}
RESULT: {"using":"xpath","value":"//button[@data-kt=\"PickingTableConfirmAllButton\"]"}
COMMAND: POST /session/a5881d3eaca756d633e860ab0441a8d1/element/f.70EA98C12271B5C153327B12E8209453.d.BE0BB3309143CCC08D39E8B88DD0C35D.e.22264/click - {}
RESULT: {}
COMMAND: GET /session/a5881d3eaca756d633e860ab0441a8d1/screenshot - {}
RESULT: {}
COMMAND: POST /session/a5881d3eaca756d633e860ab0441a8d1/element - {"using":"xpath","value":"//bdi[contains(text(), \"OK\")]"}
RESULT: {"using":"xpath","value":"//bdi[contains(text(), \"OK\")]"}
COMMAND: POST /session/a5881d3eaca756d633e860ab0441a8d1/element/f.70EA98C12271B5C153327B12E8209453.d.BE0BB3309143CCC08D39E8B88DD0C35D.e.22275/click - {}
RESULT: {}
COMMAND: GET /session/a5881d3eaca756d633e860ab0441a8d1/screenshot - {}
RESULT: {}
COMMAND: POST /session/a5881d3eaca756d633e860ab0441a8d1/element - {"using":"xpath","value":"//button[@data-kt=\"execHoIssueButton\"]"}
RESULT: {"using":"xpath","value":"//button[@data-kt=\"execHoIssueButton\"]"}
COMMAND: POST /session/a5881d3eaca756d633e860ab0441a8d1/element/f.70EA98C12271B5C153327B12E8209453.d.BE0BB3309143CCC08D39E8B88DD0C35D.e.22277/click - {}
RESULT: {}
COMMAND: GET /session/a5881d3eaca756d633e860ab0441a8d1/screenshot - {}
RESULT: {}
COMMAND: POST /session/a5881d3eaca756d633e860ab0441a8d1/element - {"using":"xpath","value":"//input[contains(@id ,\"smartFilterBar-btnBasicSearch-I\")]"}
RESULT: {"using":"xpath","value":"//input[contains(@id ,\"smartFilterBar-btnBasicSearch-I\")]"}
COMMAND: POST /session/a5881d3eaca756d633e860ab0441a8d1/elements - {"using":"xpath","value":"//input[contains(@id ,\"smartFilterBar-btnBasicSearch-I\")]"}
RESULT: {"using":"xpath","value":"//input[contains(@id ,\"smartFilterBar-btnBasicSearch-I\")]"}
COMMAND: POST /session/a5881d3eaca756d633e860ab0441a8d1/execute/sync - {"script":"<script> [8489 bytes]","args":[{"element-6066-11e4-a52e-4f735466cecf":"f.70EA98C12271B5C153327B12E8209453.d.BE0BB3309143CCC08D39E8B88DD0C35D.e.21672","ELEMENT":"f.70EA98C12271B5C153327B12E8209453.d.BE0BB3309143CCC08D39E8B88DD0C35D.e.21672"}]}
RESULT: {"script":"<script> [8489 bytes]","args":[{"element-6066-11e4-a52e-4f735466cecf":"f.70EA98C12271B5C153327B12E8209453.d.BE0BB3309143CCC08D39E8B88DD0C35D.e.21672","ELEMENT":"f.70EA98C12271B5C153327B12E8209453.d.BE0BB3309143CCC08D39E8B88DD0C35D.e.21672"}]}
COMMAND: GET /session/a5881d3eaca756d633e860ab0441a8d1/element/f.70EA98C12271B5C153327B12E8209453.d.BE0BB3309143CCC08D39E8B88DD0C35D.e.21672/enabled - {}
COMMAND: GET /session/a5881d3eaca756d633e860ab0441a8d1/screenshot - {}
RESULT: {}
COMMAND: POST /session/a5881d3eaca756d633e860ab0441a8d1/element/f.70EA98C12271B5C153327B12E8209453.d.BE0BB3309143CCC08D39E8B88DD0C35D.e.21672/clear - {}
COMMAND: GET /session/a5881d3eaca756d633e860ab0441a8d1/screenshot - {}
RESULT: {}
RESULT: {}
COMMAND: POST /session/a5881d3eaca756d633e860ab0441a8d1/element/f.70EA98C12271B5C153327B12E8209453.d.BE0BB3309143CCC08D39E8B88DD0C35D.e.21672/value - {"text":"30594"}
COMMAND: GET /session/a5881d3eaca756d633e860ab0441a8d1/screenshot - {}
RESULT: {}
RESULT: {"text":"30594"}
COMMAND: GET /session/a5881d3eaca756d633e860ab0441a8d1/screenshot - {}
RESULT: {}
RESULT: {}
COMMAND: POST /session/a5881d3eaca756d633e860ab0441a8d1/actions - {"actions":[{"id":"action78","type":"key","parameters":{},"actions":[{"type":"keyDown","value":"î€‡"},{"type":"pause","duration":10},{"type":"keyUp","value":"î€‡"}]}]}
RESULT: {"actions":[{"id":"action78","type":"key","parameters":{},"actions":[{"type":"keyDown","value":"î€‡"},{"type":"pause","duration":10},{"type":"keyUp","value":"î€‡"}]}]}
COMMAND: GET /session/a5881d3eaca756d633e860ab0441a8d1/screenshot - {}
RESULT: {}
COMMAND: POST /session/a5881d3eaca756d633e860ab0441a8d1/element - {"using":"xpath","value":"//span[contains(@id, \"smartTable-header-inner\")]"}
RESULT: {"using":"xpath","value":"//span[contains(@id, \"smartTable-header-inner\")]"}
COMMAND: POST /session/a5881d3eaca756d633e860ab0441a8d1/elements - {"using":"xpath","value":"//span[contains(@id, \"smartTable-header-inner\")]"}
RESULT: {"using":"xpath","value":"//span[contains(@id, \"smartTable-header-inner\")]"}
COMMAND: POST /session/a5881d3eaca756d633e860ab0441a8d1/execute/sync - {"script":"<script> [56 bytes]","args":[{"element-6066-11e4-a52e-4f735466cecf":"f.70EA98C12271B5C153327B12E8209453.d.BE0BB3309143CCC08D39E8B88DD0C35D.e.22223","ELEMENT":"f.70EA98C12271B5C153327B12E8209453.d.BE0BB3309143CCC08D39E8B88DD0C35D.e.22223"}]}
RESULT: {"script":"<script> [56 bytes]","args":[{"element-6066-11e4-a52e-4f735466cecf":"f.70EA98C12271B5C153327B12E8209453.d.BE0BB3309143CCC08D39E8B88DD0C35D.e.22223","ELEMENT":"f.70EA98C12271B5C153327B12E8209453.d.BE0BB3309143CCC08D39E8B88DD0C35D.e.22223"}]}
COMMAND: POST /session/a5881d3eaca756d633e860ab0441a8d1/elements - {"using":"xpath","value":"//thead[contains(@class, \"sapMTableTH\")]/tr/th"}
COMMAND: GET /session/a5881d3eaca756d633e860ab0441a8d1/screenshot - {}
RESULT: {"using":"xpath","value":"//thead[contains(@class, \"sapMTableTH\")]/tr/th"}
COMMAND: GET /session/a5881d3eaca756d633e860ab0441a8d1/element/f.70EA98C12271B5C153327B12E8209453.d.BE0BB3309143CCC08D39E8B88DD0C35D.e.22313/text - {}
RESULT: {}
RESULT: {}
COMMAND: GET /session/a5881d3eaca756d633e860ab0441a8d1/element/f.70EA98C12271B5C153327B12E8209453.d.BE0BB3309143CCC08D39E8B88DD0C35D.e.22314/text - {}
RESULT: {}
COMMAND: GET /session/a5881d3eaca756d633e860ab0441a8d1/element/f.70EA98C12271B5C153327B12E8209453.d.BE0BB3309143CCC08D39E8B88DD0C35D.e.21705/text - {}
RESULT: {}
COMMAND: GET /session/a5881d3eaca756d633e860ab0441a8d1/element/f.70EA98C12271B5C153327B12E8209453.d.BE0BB3309143CCC08D39E8B88DD0C35D.e.21707/text - {}
RESULT: {}
COMMAND: GET /session/a5881d3eaca756d633e860ab0441a8d1/element/f.70EA98C12271B5C153327B12E8209453.d.BE0BB3309143CCC08D39E8B88DD0C35D.e.22279/text - {}
RESULT: {}
COMMAND: GET /session/a5881d3eaca756d633e860ab0441a8d1/element/f.70EA98C12271B5C153327B12E8209453.d.BE0BB3309143CCC08D39E8B88DD0C35D.e.22280/text - {}
RESULT: {}
COMMAND: GET /session/a5881d3eaca756d633e860ab0441a8d1/element/f.70EA98C12271B5C153327B12E8209453.d.BE0BB3309143CCC08D39E8B88DD0C35D.e.22281/text - {}
RESULT: {}
COMMAND: GET /session/a5881d3eaca756d633e860ab0441a8d1/element/f.70EA98C12271B5C153327B12E8209453.d.BE0BB3309143CCC08D39E8B88DD0C35D.e.22282/text - {}
RESULT: {}
COMMAND: GET /session/a5881d3eaca756d633e860ab0441a8d1/element/f.70EA98C12271B5C153327B12E8209453.d.BE0BB3309143CCC08D39E8B88DD0C35D.e.22283/text - {}
RESULT: {}
COMMAND: GET /session/a5881d3eaca756d633e860ab0441a8d1/element/f.70EA98C12271B5C153327B12E8209453.d.BE0BB3309143CCC08D39E8B88DD0C35D.e.22284/text - {}
RESULT: {}
COMMAND: GET /session/a5881d3eaca756d633e860ab0441a8d1/element/f.70EA98C12271B5C153327B12E8209453.d.BE0BB3309143CCC08D39E8B88DD0C35D.e.22285/text - {}
RESULT: {}
COMMAND: GET /session/a5881d3eaca756d633e860ab0441a8d1/element/f.70EA98C12271B5C153327B12E8209453.d.BE0BB3309143CCC08D39E8B88DD0C35D.e.22286/text - {}
RESULT: {}
COMMAND: GET /session/a5881d3eaca756d633e860ab0441a8d1/element/f.70EA98C12271B5C153327B12E8209453.d.BE0BB3309143CCC08D39E8B88DD0C35D.e.22287/text - {}
RESULT: {}
COMMAND: GET /session/a5881d3eaca756d633e860ab0441a8d1/element/f.70EA98C12271B5C153327B12E8209453.d.BE0BB3309143CCC08D39E8B88DD0C35D.e.21708/text - {}
RESULT: {}
COMMAND: POST /session/a5881d3eaca756d633e860ab0441a8d1/element - {"using":"xpath","value":"//tbody[contains(@id, \"customHandoversTable-tblBody\")]/tr[1]/td[14]/div/span"}
RESULT: {"using":"xpath","value":"//tbody[contains(@id, \"customHandoversTable-tblBody\")]/tr[1]/td[14]/div/span"}
COMMAND: POST /session/a5881d3eaca756d633e860ab0441a8d1/execute/sync - {"script":"<script> [56 bytes]","args":[{"element-6066-11e4-a52e-4f735466cecf":"f.70EA98C12271B5C153327B12E8209453.d.BE0BB3309143CCC08D39E8B88DD0C35D.e.22366","ELEMENT":"f.70EA98C12271B5C153327B12E8209453.d.BE0BB3309143CCC08D39E8B88DD0C35D.e.22366"}]}
RESULT: {"script":"<script> [56 bytes]","args":[{"element-6066-11e4-a52e-4f735466cecf":"f.70EA98C12271B5C153327B12E8209453.d.BE0BB3309143CCC08D39E8B88DD0C35D.e.22366","ELEMENT":"f.70EA98C12271B5C153327B12E8209453.d.BE0BB3309143CCC08D39E8B88DD0C35D.e.22366"}]}
COMMAND: POST /session/a5881d3eaca756d633e860ab0441a8d1/element - {"using":"xpath","value":"(//span[contains(@id, \"imgNav\")])[1]"}
COMMAND: GET /session/a5881d3eaca756d633e860ab0441a8d1/screenshot - {}
RESULT: {"using":"xpath","value":"(//span[contains(@id, \"imgNav\")])[1]"}
COMMAND: POST /session/a5881d3eaca756d633e860ab0441a8d1/element/f.70EA98C12271B5C153327B12E8209453.d.BE0BB3309143CCC08D39E8B88DD0C35D.e.22367/click - {}
RESULT: {}
RESULT: {}
COMMAND: GET /session/a5881d3eaca756d633e860ab0441a8d1/screenshot - {}
RESULT: {}
RESULT: undefined
COMMAND: POST /session/a5881d3eaca756d633e860ab0441a8d1/execute/async - {"script":"<script> [776 bytes]","args":[{"enterText":"05/07/25","selector":{"id":"receiptDatePicker","viewName":"etm.portal.ui.managehandovers.view.DetailExecuteHO","interaction":{"idSuffix":"inner"}},"clearTextFirst":true,"interactionType":"ENTER_TEXT"}]}
RESULT: {"script":"<script> [776 bytes]","args":[{"enterText":"05/07/25","selector":{"id":"receiptDatePicker","viewName":"etm.portal.ui.managehandovers.view.DetailExecuteHO","interaction":{"idSuffix":"inner"}},"clearTextFirst":true,"interactionType":"ENTER_TEXT"}]}
COMMAND: POST /session/a5881d3eaca756d633e860ab0441a8d1/element - {"using":"xpath","value":"//button[@data-kt=\"PickingTableConfirmAllButton\"]"}
RESULT: {"using":"xpath","value":"//button[@data-kt=\"PickingTableConfirmAllButton\"]"}
COMMAND: POST /session/a5881d3eaca756d633e860ab0441a8d1/element/f.70EA98C12271B5C153327B12E8209453.d.BE0BB3309143CCC08D39E8B88DD0C35D.e.22386/click - {}
RESULT: {}
COMMAND: GET /session/a5881d3eaca756d633e860ab0441a8d1/screenshot - {}
RESULT: {}
COMMAND: POST /session/a5881d3eaca756d633e860ab0441a8d1/element - {"using":"xpath","value":"//bdi[contains(text(), \"OK\")]"}
RESULT: {"using":"xpath","value":"//bdi[contains(text(), \"OK\")]"}
COMMAND: POST /session/a5881d3eaca756d633e860ab0441a8d1/element/f.70EA98C12271B5C153327B12E8209453.d.BE0BB3309143CCC08D39E8B88DD0C35D.e.22405/click - {}
RESULT: {}
COMMAND: GET /session/a5881d3eaca756d633e860ab0441a8d1/screenshot - {}
RESULT: {}
COMMAND: POST /session/a5881d3eaca756d633e860ab0441a8d1/element - {"using":"xpath","value":"//button[@data-kt= \"execHoReceiveButton\"]"}
RESULT: {"using":"xpath","value":"//button[@data-kt= \"execHoReceiveButton\"]"}
COMMAND: POST /session/a5881d3eaca756d633e860ab0441a8d1/element/f.70EA98C12271B5C153327B12E8209453.d.BE0BB3309143CCC08D39E8B88DD0C35D.e.22407/click - {}
RESULT: {}
COMMAND: GET /session/a5881d3eaca756d633e860ab0441a8d1/screenshot - {}
RESULT: {}
COMMAND: POST /session/a5881d3eaca756d633e860ab0441a8d1/element - {"using":"xpath","value":"//input[contains(@id ,\"smartFilterBar-btnBasicSearch-I\")]"}
RESULT: {"using":"xpath","value":"//input[contains(@id ,\"smartFilterBar-btnBasicSearch-I\")]"}
COMMAND: POST /session/a5881d3eaca756d633e860ab0441a8d1/elements - {"using":"xpath","value":"//input[contains(@id ,\"smartFilterBar-btnBasicSearch-I\")]"}
RESULT: {"using":"xpath","value":"//input[contains(@id ,\"smartFilterBar-btnBasicSearch-I\")]"}
COMMAND: POST /session/a5881d3eaca756d633e860ab0441a8d1/execute/sync - {"script":"<script> [8489 bytes]","args":[{"element-6066-11e4-a52e-4f735466cecf":"f.70EA98C12271B5C153327B12E8209453.d.BE0BB3309143CCC08D39E8B88DD0C35D.e.21672","ELEMENT":"f.70EA98C12271B5C153327B12E8209453.d.BE0BB3309143CCC08D39E8B88DD0C35D.e.21672"}]}
RESULT: {"script":"<script> [8489 bytes]","args":[{"element-6066-11e4-a52e-4f735466cecf":"f.70EA98C12271B5C153327B12E8209453.d.BE0BB3309143CCC08D39E8B88DD0C35D.e.21672","ELEMENT":"f.70EA98C12271B5C153327B12E8209453.d.BE0BB3309143CCC08D39E8B88DD0C35D.e.21672"}]}
COMMAND: GET /session/a5881d3eaca756d633e860ab0441a8d1/element/f.70EA98C12271B5C153327B12E8209453.d.BE0BB3309143CCC08D39E8B88DD0C35D.e.21672/enabled - {}
COMMAND: GET /session/a5881d3eaca756d633e860ab0441a8d1/screenshot - {}
RESULT: {}
COMMAND: POST /session/a5881d3eaca756d633e860ab0441a8d1/element/f.70EA98C12271B5C153327B12E8209453.d.BE0BB3309143CCC08D39E8B88DD0C35D.e.21672/clear - {}
COMMAND: GET /session/a5881d3eaca756d633e860ab0441a8d1/screenshot - {}
RESULT: {}
RESULT: {}
COMMAND: POST /session/a5881d3eaca756d633e860ab0441a8d1/element/f.70EA98C12271B5C153327B12E8209453.d.BE0BB3309143CCC08D39E8B88DD0C35D.e.21672/value - {"text":"30594"}
COMMAND: GET /session/a5881d3eaca756d633e860ab0441a8d1/screenshot - {}
RESULT: {}
RESULT: {"text":"30594"}
COMMAND: GET /session/a5881d3eaca756d633e860ab0441a8d1/screenshot - {}
RESULT: {}
RESULT: {}
COMMAND: POST /session/a5881d3eaca756d633e860ab0441a8d1/actions - {"actions":[{"id":"action79","type":"key","parameters":{},"actions":[{"type":"keyDown","value":"î€‡"},{"type":"pause","duration":10},{"type":"keyUp","value":"î€‡"}]}]}
RESULT: {"actions":[{"id":"action79","type":"key","parameters":{},"actions":[{"type":"keyDown","value":"î€‡"},{"type":"pause","duration":10},{"type":"keyUp","value":"î€‡"}]}]}
COMMAND: GET /session/a5881d3eaca756d633e860ab0441a8d1/screenshot - {}
RESULT: {}
COMMAND: POST /session/a5881d3eaca756d633e860ab0441a8d1/element - {"using":"xpath","value":"//span[contains(@id, \"smartTable-header-inner\")]"}
RESULT: {"using":"xpath","value":"//span[contains(@id, \"smartTable-header-inner\")]"}
COMMAND: POST /session/a5881d3eaca756d633e860ab0441a8d1/elements - {"using":"xpath","value":"//span[contains(@id, \"smartTable-header-inner\")]"}
RESULT: {"using":"xpath","value":"//span[contains(@id, \"smartTable-header-inner\")]"}
COMMAND: POST /session/a5881d3eaca756d633e860ab0441a8d1/execute/sync - {"script":"<script> [56 bytes]","args":[{"element-6066-11e4-a52e-4f735466cecf":"f.70EA98C12271B5C153327B12E8209453.d.BE0BB3309143CCC08D39E8B88DD0C35D.e.22223","ELEMENT":"f.70EA98C12271B5C153327B12E8209453.d.BE0BB3309143CCC08D39E8B88DD0C35D.e.22223"}]}
RESULT: {"script":"<script> [56 bytes]","args":[{"element-6066-11e4-a52e-4f735466cecf":"f.70EA98C12271B5C153327B12E8209453.d.BE0BB3309143CCC08D39E8B88DD0C35D.e.22223","ELEMENT":"f.70EA98C12271B5C153327B12E8209453.d.BE0BB3309143CCC08D39E8B88DD0C35D.e.22223"}]}
COMMAND: POST /session/a5881d3eaca756d633e860ab0441a8d1/elements - {"using":"xpath","value":"//thead[contains(@class, \"sapMTableTH\")]/tr/th"}
COMMAND: GET /session/a5881d3eaca756d633e860ab0441a8d1/screenshot - {}
RESULT: {"using":"xpath","value":"//thead[contains(@class, \"sapMTableTH\")]/tr/th"}
COMMAND: GET /session/a5881d3eaca756d633e860ab0441a8d1/element/f.70EA98C12271B5C153327B12E8209453.d.BE0BB3309143CCC08D39E8B88DD0C35D.e.22313/text - {}
RESULT: {}
RESULT: {}
COMMAND: GET /session/a5881d3eaca756d633e860ab0441a8d1/element/f.70EA98C12271B5C153327B12E8209453.d.BE0BB3309143CCC08D39E8B88DD0C35D.e.22314/text - {}
RESULT: {}
COMMAND: GET /session/a5881d3eaca756d633e860ab0441a8d1/element/f.70EA98C12271B5C153327B12E8209453.d.BE0BB3309143CCC08D39E8B88DD0C35D.e.21705/text - {}
RESULT: {}
COMMAND: GET /session/a5881d3eaca756d633e860ab0441a8d1/element/f.70EA98C12271B5C153327B12E8209453.d.BE0BB3309143CCC08D39E8B88DD0C35D.e.21707/text - {}
RESULT: {}
COMMAND: GET /session/a5881d3eaca756d633e860ab0441a8d1/element/f.70EA98C12271B5C153327B12E8209453.d.BE0BB3309143CCC08D39E8B88DD0C35D.e.22412/text - {}
RESULT: {}
COMMAND: GET /session/a5881d3eaca756d633e860ab0441a8d1/element/f.70EA98C12271B5C153327B12E8209453.d.BE0BB3309143CCC08D39E8B88DD0C35D.e.22413/text - {}
RESULT: {}
COMMAND: GET /session/a5881d3eaca756d633e860ab0441a8d1/element/f.70EA98C12271B5C153327B12E8209453.d.BE0BB3309143CCC08D39E8B88DD0C35D.e.22414/text - {}
RESULT: {}
COMMAND: GET /session/a5881d3eaca756d633e860ab0441a8d1/element/f.70EA98C12271B5C153327B12E8209453.d.BE0BB3309143CCC08D39E8B88DD0C35D.e.22415/text - {}
RESULT: {}
COMMAND: GET /session/a5881d3eaca756d633e860ab0441a8d1/element/f.70EA98C12271B5C153327B12E8209453.d.BE0BB3309143CCC08D39E8B88DD0C35D.e.22416/text - {}
RESULT: {}
COMMAND: GET /session/a5881d3eaca756d633e860ab0441a8d1/element/f.70EA98C12271B5C153327B12E8209453.d.BE0BB3309143CCC08D39E8B88DD0C35D.e.22417/text - {}
RESULT: {}
COMMAND: GET /session/a5881d3eaca756d633e860ab0441a8d1/element/f.70EA98C12271B5C153327B12E8209453.d.BE0BB3309143CCC08D39E8B88DD0C35D.e.22418/text - {}
RESULT: {}
COMMAND: GET /session/a5881d3eaca756d633e860ab0441a8d1/element/f.70EA98C12271B5C153327B12E8209453.d.BE0BB3309143CCC08D39E8B88DD0C35D.e.22419/text - {}
RESULT: {}
COMMAND: GET /session/a5881d3eaca756d633e860ab0441a8d1/element/f.70EA98C12271B5C153327B12E8209453.d.BE0BB3309143CCC08D39E8B88DD0C35D.e.22420/text - {}
RESULT: {}
COMMAND: GET /session/a5881d3eaca756d633e860ab0441a8d1/element/f.70EA98C12271B5C153327B12E8209453.d.BE0BB3309143CCC08D39E8B88DD0C35D.e.21708/text - {}
RESULT: {}
COMMAND: POST /session/a5881d3eaca756d633e860ab0441a8d1/element - {"using":"xpath","value":"//tbody[contains(@id, \"customHandoversTable-tblBody\")]/tr[1]/td[14]/div/span"}
RESULT: {"using":"xpath","value":"//tbody[contains(@id, \"customHandoversTable-tblBody\")]/tr[1]/td[14]/div/span"}
COMMAND: POST /session/a5881d3eaca756d633e860ab0441a8d1/execute/sync - {"script":"<script> [56 bytes]","args":[{"element-6066-11e4-a52e-4f735466cecf":"f.70EA98C12271B5C153327B12E8209453.d.BE0BB3309143CCC08D39E8B88DD0C35D.e.22461","ELEMENT":"f.70EA98C12271B5C153327B12E8209453.d.BE0BB3309143CCC08D39E8B88DD0C35D.e.22461"}]}
RESULT: {"script":"<script> [56 bytes]","args":[{"element-6066-11e4-a52e-4f735466cecf":"f.70EA98C12271B5C153327B12E8209453.d.BE0BB3309143CCC08D39E8B88DD0C35D.e.22461","ELEMENT":"f.70EA98C12271B5C153327B12E8209453.d.BE0BB3309143CCC08D39E8B88DD0C35D.e.22461"}]}
COMMAND: POST /session/a5881d3eaca756d633e860ab0441a8d1/element - {"using":"css selector","value":"#shell-header-logo"}
COMMAND: GET /session/a5881d3eaca756d633e860ab0441a8d1/screenshot - {}
RESULT: {"using":"css selector","value":"#shell-header-logo"}
COMMAND: POST /session/a5881d3eaca756d633e860ab0441a8d1/element/f.70EA98C12271B5C153327B12E8209453.d.BE0BB3309143CCC08D39E8B88DD0C35D.e.21017/click - {}
RESULT: {}
RESULT: {}
COMMAND: GET /session/a5881d3eaca756d633e860ab0441a8d1/screenshot - {}
RESULT: {}
]]></system-out>
    </testcase>
    <testcase classname="chrome.135_0_7049_96.windows.Billing_Calculation_-_Time_based_(considering_transport_times)_US139738" name="Should navigate to Manage Billings and trigger contract calculation business confirm it" time="54.426">
      <system-out><![CDATA[
COMMAND: POST /session/a5881d3eaca756d633e860ab0441a8d1/execute/async - {"script":"<script> [1562 bytes]","args":[{"selector":{"controlType":"sap.m.GenericTile","properties":{"header":"Manage Billings"}},"wdio_ui5_key":"sapm.GenericTile{\"header\":\"Manage Billings\"}"}]}
RESULT: {"script":"<script> [1562 bytes]","args":[{"selector":{"controlType":"sap.m.GenericTile","properties":{"header":"Manage Billings"}},"wdio_ui5_key":"sapm.GenericTile{\"header\":\"Manage Billings\"}"}]}
RESULT: undefined
COMMAND: POST /session/a5881d3eaca756d633e860ab0441a8d1/element - {"using":"xpath","value":"//*[@id=\"__tile51\"]"}
RESULT: {"using":"xpath","value":"//*[@id=\"__tile51\"]"}
COMMAND: POST /session/a5881d3eaca756d633e860ab0441a8d1/element/f.70EA98C12271B5C153327B12E8209453.d.BE0BB3309143CCC08D39E8B88DD0C35D.e.18870/click - {}
RESULT: {}
COMMAND: GET /session/a5881d3eaca756d633e860ab0441a8d1/screenshot - {}
COMMAND: POST /session/a5881d3eaca756d633e860ab0441a8d1/execute/async - {"script":"<script> [1562 bytes]","args":[{"selector":{"id":"application-managebillings-display-component---billRunCalcResult--smartFilterBar-btnBasicSearch","interaction":{"idSuffix":"I"}},"wdio_ui5_key":"applicationmanagebillings-display-component---billRunCalcResult--smartFilterBar-btnBasicSearch"}]}
RESULT: {}
RESULT: {"script":"<script> [1562 bytes]","args":[{"selector":{"id":"application-managebillings-display-component---billRunCalcResult--smartFilterBar-btnBasicSearch","interaction":{"idSuffix":"I"}},"wdio_ui5_key":"applicationmanagebillings-display-component---billRunCalcResult--smartFilterBar-btnBasicSearch"}]}
RESULT: undefined
COMMAND: POST /session/a5881d3eaca756d633e860ab0441a8d1/execute/async - {"script":"<script> [776 bytes]","args":[{"enterText":"10421","selector":{"id":"application-managebillings-display-component---billRunCalcResult--smartFilterBar-btnBasicSearch","interaction":{"idSuffix":"I"}},"clearTextFirst":true,"interactionType":"ENTER_TEXT"}]}
RESULT: {"script":"<script> [776 bytes]","args":[{"enterText":"10421","selector":{"id":"application-managebillings-display-component---billRunCalcResult--smartFilterBar-btnBasicSearch","interaction":{"idSuffix":"I"}},"clearTextFirst":true,"interactionType":"ENTER_TEXT"}]}
COMMAND: POST /session/a5881d3eaca756d633e860ab0441a8d1/actions - {"actions":[{"id":"action80","type":"key","parameters":{},"actions":[{"type":"keyDown","value":"î€‡"},{"type":"pause","duration":10},{"type":"keyUp","value":"î€‡"}]}]}
RESULT: {"actions":[{"id":"action80","type":"key","parameters":{},"actions":[{"type":"keyDown","value":"î€‡"},{"type":"pause","duration":10},{"type":"keyUp","value":"î€‡"}]}]}
COMMAND: GET /session/a5881d3eaca756d633e860ab0441a8d1/screenshot - {}
RESULT: {}
COMMAND: POST /session/a5881d3eaca756d633e860ab0441a8d1/element - {"using":"xpath","value":"//td[@aria-colindex=\"1\"]/div/div[contains(@class, \"sapMCbBg\")]"}
RESULT: {"using":"xpath","value":"//td[@aria-colindex=\"1\"]/div/div[contains(@class, \"sapMCbBg\")]"}
COMMAND: POST /session/a5881d3eaca756d633e860ab0441a8d1/element/f.70EA98C12271B5C153327B12E8209453.d.BE0BB3309143CCC08D39E8B88DD0C35D.e.22674/click - {}
RESULT: {}
COMMAND: GET /session/a5881d3eaca756d633e860ab0441a8d1/screenshot - {}
RESULT: {}
COMMAND: POST /session/a5881d3eaca756d633e860ab0441a8d1/execute/async - {"script":"<script> [1562 bytes]","args":[{"selector":{"id":"application-managebillings-display-component---billRunCalcResult--contractBillRunDate","interaction":{"idSuffix":"inner"}},"wdio_ui5_key":"applicationmanagebillings-display-component---billRunCalcResult--contractBillRunDate"}]}
RESULT: {"script":"<script> [1562 bytes]","args":[{"selector":{"id":"application-managebillings-display-component---billRunCalcResult--contractBillRunDate","interaction":{"idSuffix":"inner"}},"wdio_ui5_key":"applicationmanagebillings-display-component---billRunCalcResult--contractBillRunDate"}]}
RESULT: undefined
COMMAND: POST /session/a5881d3eaca756d633e860ab0441a8d1/execute/async - {"script":"<script> [776 bytes]","args":[{"enterText":"04/30/25","selector":{"id":"application-managebillings-display-component---billRunCalcResult--contractBillRunDate","interaction":{"idSuffix":"inner"}},"clearTextFirst":true,"interactionType":"ENTER_TEXT"}]}
RESULT: {"script":"<script> [776 bytes]","args":[{"enterText":"04/30/25","selector":{"id":"application-managebillings-display-component---billRunCalcResult--contractBillRunDate","interaction":{"idSuffix":"inner"}},"clearTextFirst":true,"interactionType":"ENTER_TEXT"}]}
COMMAND: POST /session/a5881d3eaca756d633e860ab0441a8d1/element - {"using":"xpath","value":"//bdi[contains(text(), \"Trigger Calculation\")]"}
RESULT: {"using":"xpath","value":"//bdi[contains(text(), \"Trigger Calculation\")]"}
COMMAND: POST /session/a5881d3eaca756d633e860ab0441a8d1/element/f.70EA98C12271B5C153327B12E8209453.d.BE0BB3309143CCC08D39E8B88DD0C35D.e.22726/click - {}
RESULT: {}
COMMAND: GET /session/a5881d3eaca756d633e860ab0441a8d1/screenshot - {}
RESULT: {}
COMMAND: POST /session/a5881d3eaca756d633e860ab0441a8d1/element - {"using":"xpath","value":"(//span[contains(@id, \"imgNav\")])[1]"}
RESULT: {"using":"xpath","value":"(//span[contains(@id, \"imgNav\")])[1]"}
COMMAND: POST /session/a5881d3eaca756d633e860ab0441a8d1/element/f.70EA98C12271B5C153327B12E8209453.d.BE0BB3309143CCC08D39E8B88DD0C35D.e.22675/click - {}
RESULT: {}
COMMAND: GET /session/a5881d3eaca756d633e860ab0441a8d1/screenshot - {}
RESULT: {}
COMMAND: POST /session/a5881d3eaca756d633e860ab0441a8d1/element - {"using":"xpath","value":"//tr/td[6]/div[1]/span[1]/span[1]"}
RESULT: {"using":"xpath","value":"//tr/td[6]/div[1]/span[1]/span[1]"}
COMMAND: GET /session/a5881d3eaca756d633e860ab0441a8d1/element/f.70EA98C12271B5C153327B12E8209453.d.BE0BB3309143CCC08D39E8B88DD0C35D.e.22730/text - {}
RESULT: {}
COMMAND: POST /session/a5881d3eaca756d633e860ab0441a8d1/element - {"using":"xpath","value":"(//span[contains(@id, \"imgNav\")])[2]"}
RESULT: {"using":"xpath","value":"(//span[contains(@id, \"imgNav\")])[2]"}
COMMAND: POST /session/a5881d3eaca756d633e860ab0441a8d1/element/f.70EA98C12271B5C153327B12E8209453.d.BE0BB3309143CCC08D39E8B88DD0C35D.e.22731/click - {}
RESULT: {}
COMMAND: POST /session/a5881d3eaca756d633e860ab0441a8d1/element - {"using":"xpath","value":"//bdi[contains(text(), \"Business Confirm\")]"}
COMMAND: GET /session/a5881d3eaca756d633e860ab0441a8d1/screenshot - {}
RESULT: {"using":"xpath","value":"//bdi[contains(text(), \"Business Confirm\")]"}
COMMAND: POST /session/a5881d3eaca756d633e860ab0441a8d1/elements - {"using":"xpath","value":"//bdi[contains(text(), \"Business Confirm\")]"}
RESULT: {}
RESULT: {"using":"xpath","value":"//bdi[contains(text(), \"Business Confirm\")]"}
COMMAND: POST /session/a5881d3eaca756d633e860ab0441a8d1/element - {"using":"xpath","value":"//bdi[contains(text(), \"Business Confirm\")]"}
RESULT: {"using":"xpath","value":"//bdi[contains(text(), \"Business Confirm\")]"}
COMMAND: POST /session/a5881d3eaca756d633e860ab0441a8d1/element/f.70EA98C12271B5C153327B12E8209453.d.BE0BB3309143CCC08D39E8B88DD0C35D.e.22780/click - {}
RESULT: {}
COMMAND: POST /session/a5881d3eaca756d633e860ab0441a8d1/element - {"using":"css selector","value":"#shell-header-logo"}
COMMAND: GET /session/a5881d3eaca756d633e860ab0441a8d1/screenshot - {}
RESULT: {"using":"css selector","value":"#shell-header-logo"}
COMMAND: POST /session/a5881d3eaca756d633e860ab0441a8d1/element/f.70EA98C12271B5C153327B12E8209453.d.BE0BB3309143CCC08D39E8B88DD0C35D.e.22465/click - {}
RESULT: {}
RESULT: {}
COMMAND: GET /session/a5881d3eaca756d633e860ab0441a8d1/screenshot - {}
RESULT: {}
]]></system-out>
    </testcase>
    <testcase classname="chrome.135_0_7049_96.windows.Billing_Calculation_-_Time_based_(considering_transport_times)_US139738" name="Should transfer the billing all the way to completion" time="69.772">
      <system-out><![CDATA[
COMMAND: POST /session/a5881d3eaca756d633e860ab0441a8d1/execute/async - {"script":"<script> [1562 bytes]","args":[{"selector":{"controlType":"sap.m.GenericTile","properties":{"header":"Billing Transfer"}},"wdio_ui5_key":"sapm.GenericTile{\"header\":\"Billing Transfer\"}"}]}
RESULT: {"script":"<script> [1562 bytes]","args":[{"selector":{"controlType":"sap.m.GenericTile","properties":{"header":"Billing Transfer"}},"wdio_ui5_key":"sapm.GenericTile{\"header\":\"Billing Transfer\"}"}]}
RESULT: undefined
COMMAND: POST /session/a5881d3eaca756d633e860ab0441a8d1/element - {"using":"xpath","value":"//*[@id=\"__tile50\"]"}
RESULT: {"using":"xpath","value":"//*[@id=\"__tile50\"]"}
COMMAND: POST /session/a5881d3eaca756d633e860ab0441a8d1/element/f.70EA98C12271B5C153327B12E8209453.d.BE0BB3309143CCC08D39E8B88DD0C35D.e.18868/click - {}
RESULT: {}
COMMAND: POST /session/a5881d3eaca756d633e860ab0441a8d1/element - {"using":"xpath","value":"//input[contains(@id ,\"application-billingtransfer-display-component---billingWorkbench--smartFilterBar-btnBasicSearch\")]"}
COMMAND: GET /session/a5881d3eaca756d633e860ab0441a8d1/screenshot - {}
RESULT: {"using":"xpath","value":"//input[contains(@id ,\"application-billingtransfer-display-component---billingWorkbench--smartFilterBar-btnBasicSearch\")]"}
COMMAND: POST /session/a5881d3eaca756d633e860ab0441a8d1/elements - {"using":"xpath","value":"//input[contains(@id ,\"application-billingtransfer-display-component---billingWorkbench--smartFilterBar-btnBasicSearch\")]"}
RESULT: {}
RESULT: {"using":"xpath","value":"//input[contains(@id ,\"application-billingtransfer-display-component---billingWorkbench--smartFilterBar-btnBasicSearch\")]"}
COMMAND: POST /session/a5881d3eaca756d633e860ab0441a8d1/elements - {"using":"xpath","value":"//input[contains(@id ,\"application-billingtransfer-display-component---billingWorkbench--smartFilterBar-btnBasicSearch\")]"}
RESULT: {"using":"xpath","value":"//input[contains(@id ,\"application-billingtransfer-display-component---billingWorkbench--smartFilterBar-btnBasicSearch\")]"}
COMMAND: POST /session/a5881d3eaca756d633e860ab0441a8d1/elements - {"using":"xpath","value":"//input[contains(@id ,\"application-billingtransfer-display-component---billingWorkbench--smartFilterBar-btnBasicSearch\")]"}
RESULT: {"using":"xpath","value":"//input[contains(@id ,\"application-billingtransfer-display-component---billingWorkbench--smartFilterBar-btnBasicSearch\")]"}
COMMAND: POST /session/a5881d3eaca756d633e860ab0441a8d1/elements - {"using":"xpath","value":"//input[contains(@id ,\"application-billingtransfer-display-component---billingWorkbench--smartFilterBar-btnBasicSearch\")]"}
RESULT: {"using":"xpath","value":"//input[contains(@id ,\"application-billingtransfer-display-component---billingWorkbench--smartFilterBar-btnBasicSearch\")]"}
COMMAND: POST /session/a5881d3eaca756d633e860ab0441a8d1/element - {"using":"xpath","value":"//input[contains(@id ,\"application-billingtransfer-display-component---billingWorkbench--smartFilterBar-btnBasicSearch\")]"}
RESULT: {"using":"xpath","value":"//input[contains(@id ,\"application-billingtransfer-display-component---billingWorkbench--smartFilterBar-btnBasicSearch\")]"}
COMMAND: POST /session/a5881d3eaca756d633e860ab0441a8d1/execute/sync - {"script":"<script> [8489 bytes]","args":[{"element-6066-11e4-a52e-4f735466cecf":"f.70EA98C12271B5C153327B12E8209453.d.BE0BB3309143CCC08D39E8B88DD0C35D.e.22792","ELEMENT":"f.70EA98C12271B5C153327B12E8209453.d.BE0BB3309143CCC08D39E8B88DD0C35D.e.22792"}]}
RESULT: {"script":"<script> [8489 bytes]","args":[{"element-6066-11e4-a52e-4f735466cecf":"f.70EA98C12271B5C153327B12E8209453.d.BE0BB3309143CCC08D39E8B88DD0C35D.e.22792","ELEMENT":"f.70EA98C12271B5C153327B12E8209453.d.BE0BB3309143CCC08D39E8B88DD0C35D.e.22792"}]}
COMMAND: GET /session/a5881d3eaca756d633e860ab0441a8d1/element/f.70EA98C12271B5C153327B12E8209453.d.BE0BB3309143CCC08D39E8B88DD0C35D.e.22792/enabled - {}
COMMAND: GET /session/a5881d3eaca756d633e860ab0441a8d1/screenshot - {}
RESULT: {}
COMMAND: POST /session/a5881d3eaca756d633e860ab0441a8d1/element/f.70EA98C12271B5C153327B12E8209453.d.BE0BB3309143CCC08D39E8B88DD0C35D.e.22792/click - {}
COMMAND: GET /session/a5881d3eaca756d633e860ab0441a8d1/screenshot - {}
RESULT: {}
RESULT: {}
COMMAND: GET /session/a5881d3eaca756d633e860ab0441a8d1/screenshot - {}
RESULT: {}
RESULT: {}
COMMAND: POST /session/a5881d3eaca756d633e860ab0441a8d1/element/f.70EA98C12271B5C153327B12E8209453.d.BE0BB3309143CCC08D39E8B88DD0C35D.e.22792/clear - {}
RESULT: {}
COMMAND: POST /session/a5881d3eaca756d633e860ab0441a8d1/element/f.70EA98C12271B5C153327B12E8209453.d.BE0BB3309143CCC08D39E8B88DD0C35D.e.22792/value - {"text":"10421"}
COMMAND: GET /session/a5881d3eaca756d633e860ab0441a8d1/screenshot - {}
RESULT: {"text":"10421"}
COMMAND: POST /session/a5881d3eaca756d633e860ab0441a8d1/actions - {"actions":[{"id":"action81","type":"key","parameters":{},"actions":[{"type":"keyDown","value":"î€‡"},{"type":"pause","duration":10},{"type":"keyUp","value":"î€‡"}]}]}
COMMAND: GET /session/a5881d3eaca756d633e860ab0441a8d1/screenshot - {}
RESULT: {}
RESULT: {"actions":[{"id":"action81","type":"key","parameters":{},"actions":[{"type":"keyDown","value":"î€‡"},{"type":"pause","duration":10},{"type":"keyUp","value":"î€‡"}]}]}
COMMAND: GET /session/a5881d3eaca756d633e860ab0441a8d1/screenshot - {}
RESULT: {}
RESULT: {}
COMMAND: POST /session/a5881d3eaca756d633e860ab0441a8d1/element - {"using":"xpath","value":"//span[contains(@id ,\"application-billingtransfer-display-component---billingWorkbench--smartTableBillingRuns-header-inner\")]"}
RESULT: {"using":"xpath","value":"//span[contains(@id ,\"application-billingtransfer-display-component---billingWorkbench--smartTableBillingRuns-header-inner\")]"}
COMMAND: POST /session/a5881d3eaca756d633e860ab0441a8d1/elements - {"using":"xpath","value":"//span[contains(@id ,\"application-billingtransfer-display-component---billingWorkbench--smartTableBillingRuns-header-inner\")]"}
RESULT: {"using":"xpath","value":"//span[contains(@id ,\"application-billingtransfer-display-component---billingWorkbench--smartTableBillingRuns-header-inner\")]"}
COMMAND: POST /session/a5881d3eaca756d633e860ab0441a8d1/execute/sync - {"script":"<script> [56 bytes]","args":[{"element-6066-11e4-a52e-4f735466cecf":"f.70EA98C12271B5C153327B12E8209453.d.BE0BB3309143CCC08D39E8B88DD0C35D.e.22953","ELEMENT":"f.70EA98C12271B5C153327B12E8209453.d.BE0BB3309143CCC08D39E8B88DD0C35D.e.22953"}]}
RESULT: {"script":"<script> [56 bytes]","args":[{"element-6066-11e4-a52e-4f735466cecf":"f.70EA98C12271B5C153327B12E8209453.d.BE0BB3309143CCC08D39E8B88DD0C35D.e.22953","ELEMENT":"f.70EA98C12271B5C153327B12E8209453.d.BE0BB3309143CCC08D39E8B88DD0C35D.e.22953"}]}
COMMAND: POST /session/a5881d3eaca756d633e860ab0441a8d1/element - {"using":"xpath","value":"//td[@aria-colindex=\"1\"]/div/div[contains(@class, \"sapMCbBg\")]"}
COMMAND: GET /session/a5881d3eaca756d633e860ab0441a8d1/screenshot - {}
RESULT: {"using":"xpath","value":"//td[@aria-colindex=\"1\"]/div/div[contains(@class, \"sapMCbBg\")]"}
COMMAND: POST /session/a5881d3eaca756d633e860ab0441a8d1/element/f.70EA98C12271B5C153327B12E8209453.d.BE0BB3309143CCC08D39E8B88DD0C35D.e.22920/click - {}
RESULT: {}
RESULT: {}
COMMAND: GET /session/a5881d3eaca756d633e860ab0441a8d1/screenshot - {}
RESULT: {}
COMMAND: POST /session/a5881d3eaca756d633e860ab0441a8d1/element - {"using":"xpath","value":"//bdi[contains(text(), \"Check\")]"}
RESULT: {"using":"xpath","value":"//bdi[contains(text(), \"Check\")]"}
COMMAND: POST /session/a5881d3eaca756d633e860ab0441a8d1/element/f.70EA98C12271B5C153327B12E8209453.d.BE0BB3309143CCC08D39E8B88DD0C35D.e.22954/click - {}
RESULT: {}
COMMAND: GET /session/a5881d3eaca756d633e860ab0441a8d1/screenshot - {}
RESULT: {}
COMMAND: POST /session/a5881d3eaca756d633e860ab0441a8d1/element - {"using":"xpath","value":"//bdi[contains(text(), \"OK\")]"}
RESULT: {"using":"xpath","value":"//bdi[contains(text(), \"OK\")]"}
COMMAND: POST /session/a5881d3eaca756d633e860ab0441a8d1/element/f.70EA98C12271B5C153327B12E8209453.d.BE0BB3309143CCC08D39E8B88DD0C35D.e.22957/click - {}
RESULT: {}
COMMAND: GET /session/a5881d3eaca756d633e860ab0441a8d1/screenshot - {}
RESULT: {}
COMMAND: POST /session/a5881d3eaca756d633e860ab0441a8d1/element - {"using":"xpath","value":"(//span[contains(text(), \"CO/SD checked\")]/parent::div/preceding-sibling::div/span)[1]"}
RESULT: {"using":"xpath","value":"(//span[contains(text(), \"CO/SD checked\")]/parent::div/preceding-sibling::div/span)[1]"}
COMMAND: POST /session/a5881d3eaca756d633e860ab0441a8d1/element/f.70EA98C12271B5C153327B12E8209453.d.BE0BB3309143CCC08D39E8B88DD0C35D.e.22958/click - {}
RESULT: {}
COMMAND: GET /session/a5881d3eaca756d633e860ab0441a8d1/screenshot - {}
RESULT: {}
COMMAND: POST /session/a5881d3eaca756d633e860ab0441a8d1/element - {"using":"xpath","value":"//input[contains(@id ,\"application-billingtransfer-display-component---billingWorkbench--smartFilterBar-btnBasicSearch\")]"}
RESULT: {"using":"xpath","value":"//input[contains(@id ,\"application-billingtransfer-display-component---billingWorkbench--smartFilterBar-btnBasicSearch\")]"}
COMMAND: POST /session/a5881d3eaca756d633e860ab0441a8d1/elements - {"using":"xpath","value":"//input[contains(@id ,\"application-billingtransfer-display-component---billingWorkbench--smartFilterBar-btnBasicSearch\")]"}
RESULT: {"using":"xpath","value":"//input[contains(@id ,\"application-billingtransfer-display-component---billingWorkbench--smartFilterBar-btnBasicSearch\")]"}
COMMAND: POST /session/a5881d3eaca756d633e860ab0441a8d1/execute/sync - {"script":"<script> [8489 bytes]","args":[{"element-6066-11e4-a52e-4f735466cecf":"f.70EA98C12271B5C153327B12E8209453.d.BE0BB3309143CCC08D39E8B88DD0C35D.e.22792","ELEMENT":"f.70EA98C12271B5C153327B12E8209453.d.BE0BB3309143CCC08D39E8B88DD0C35D.e.22792"}]}
RESULT: {"script":"<script> [8489 bytes]","args":[{"element-6066-11e4-a52e-4f735466cecf":"f.70EA98C12271B5C153327B12E8209453.d.BE0BB3309143CCC08D39E8B88DD0C35D.e.22792","ELEMENT":"f.70EA98C12271B5C153327B12E8209453.d.BE0BB3309143CCC08D39E8B88DD0C35D.e.22792"}]}
COMMAND: GET /session/a5881d3eaca756d633e860ab0441a8d1/element/f.70EA98C12271B5C153327B12E8209453.d.BE0BB3309143CCC08D39E8B88DD0C35D.e.22792/enabled - {}
COMMAND: GET /session/a5881d3eaca756d633e860ab0441a8d1/screenshot - {}
RESULT: {}
COMMAND: POST /session/a5881d3eaca756d633e860ab0441a8d1/element/f.70EA98C12271B5C153327B12E8209453.d.BE0BB3309143CCC08D39E8B88DD0C35D.e.22792/click - {}
COMMAND: GET /session/a5881d3eaca756d633e860ab0441a8d1/screenshot - {}
RESULT: {}
RESULT: {}
COMMAND: GET /session/a5881d3eaca756d633e860ab0441a8d1/screenshot - {}
RESULT: {}
RESULT: {}
COMMAND: POST /session/a5881d3eaca756d633e860ab0441a8d1/element/f.70EA98C12271B5C153327B12E8209453.d.BE0BB3309143CCC08D39E8B88DD0C35D.e.22792/clear - {}
RESULT: {}
COMMAND: POST /session/a5881d3eaca756d633e860ab0441a8d1/element/f.70EA98C12271B5C153327B12E8209453.d.BE0BB3309143CCC08D39E8B88DD0C35D.e.22792/value - {"text":"10421"}
COMMAND: GET /session/a5881d3eaca756d633e860ab0441a8d1/screenshot - {}
RESULT: {"text":"10421"}
COMMAND: POST /session/a5881d3eaca756d633e860ab0441a8d1/actions - {"actions":[{"id":"action82","type":"key","parameters":{},"actions":[{"type":"keyDown","value":"î€‡"},{"type":"pause","duration":10},{"type":"keyUp","value":"î€‡"}]}]}
COMMAND: GET /session/a5881d3eaca756d633e860ab0441a8d1/screenshot - {}
RESULT: {}
RESULT: {"actions":[{"id":"action82","type":"key","parameters":{},"actions":[{"type":"keyDown","value":"î€‡"},{"type":"pause","duration":10},{"type":"keyUp","value":"î€‡"}]}]}
COMMAND: GET /session/a5881d3eaca756d633e860ab0441a8d1/screenshot - {}
RESULT: {}
RESULT: {}
COMMAND: POST /session/a5881d3eaca756d633e860ab0441a8d1/element - {"using":"xpath","value":"//span[contains(@id ,\"application-billingtransfer-display-component---billingWorkbench--smartTableBillingRuns-header-inner\")]"}
RESULT: {"using":"xpath","value":"//span[contains(@id ,\"application-billingtransfer-display-component---billingWorkbench--smartTableBillingRuns-header-inner\")]"}
COMMAND: POST /session/a5881d3eaca756d633e860ab0441a8d1/elements - {"using":"xpath","value":"//span[contains(@id ,\"application-billingtransfer-display-component---billingWorkbench--smartTableBillingRuns-header-inner\")]"}
RESULT: {"using":"xpath","value":"//span[contains(@id ,\"application-billingtransfer-display-component---billingWorkbench--smartTableBillingRuns-header-inner\")]"}
COMMAND: POST /session/a5881d3eaca756d633e860ab0441a8d1/execute/sync - {"script":"<script> [56 bytes]","args":[{"element-6066-11e4-a52e-4f735466cecf":"f.70EA98C12271B5C153327B12E8209453.d.BE0BB3309143CCC08D39E8B88DD0C35D.e.22953","ELEMENT":"f.70EA98C12271B5C153327B12E8209453.d.BE0BB3309143CCC08D39E8B88DD0C35D.e.22953"}]}
RESULT: {"script":"<script> [56 bytes]","args":[{"element-6066-11e4-a52e-4f735466cecf":"f.70EA98C12271B5C153327B12E8209453.d.BE0BB3309143CCC08D39E8B88DD0C35D.e.22953","ELEMENT":"f.70EA98C12271B5C153327B12E8209453.d.BE0BB3309143CCC08D39E8B88DD0C35D.e.22953"}]}
COMMAND: POST /session/a5881d3eaca756d633e860ab0441a8d1/element - {"using":"xpath","value":"//td[@aria-colindex=\"1\"]/div/div[contains(@class, \"sapMCbBg\")]"}
COMMAND: GET /session/a5881d3eaca756d633e860ab0441a8d1/screenshot - {}
RESULT: {"using":"xpath","value":"//td[@aria-colindex=\"1\"]/div/div[contains(@class, \"sapMCbBg\")]"}
COMMAND: POST /session/a5881d3eaca756d633e860ab0441a8d1/element/f.70EA98C12271B5C153327B12E8209453.d.BE0BB3309143CCC08D39E8B88DD0C35D.e.22962/click - {}
RESULT: {}
RESULT: {}
COMMAND: GET /session/a5881d3eaca756d633e860ab0441a8d1/screenshot - {}
RESULT: {}
COMMAND: POST /session/a5881d3eaca756d633e860ab0441a8d1/element - {"using":"xpath","value":"//bdi[text()=\"Transfer\"]"}
RESULT: {"using":"xpath","value":"//bdi[text()=\"Transfer\"]"}
COMMAND: POST /session/a5881d3eaca756d633e860ab0441a8d1/element/f.70EA98C12271B5C153327B12E8209453.d.BE0BB3309143CCC08D39E8B88DD0C35D.e.22963/click - {}
RESULT: {}
COMMAND: GET /session/a5881d3eaca756d633e860ab0441a8d1/screenshot - {}
RESULT: {}
COMMAND: POST /session/a5881d3eaca756d633e860ab0441a8d1/element - {"using":"xpath","value":"//bdi[contains(text(), \"OK\")]"}
RESULT: {"using":"xpath","value":"//bdi[contains(text(), \"OK\")]"}
COMMAND: POST /session/a5881d3eaca756d633e860ab0441a8d1/element/f.70EA98C12271B5C153327B12E8209453.d.BE0BB3309143CCC08D39E8B88DD0C35D.e.22966/click - {}
RESULT: {}
COMMAND: GET /session/a5881d3eaca756d633e860ab0441a8d1/screenshot - {}
RESULT: {}
COMMAND: POST /session/a5881d3eaca756d633e860ab0441a8d1/element - {"using":"xpath","value":"(//span[contains(text(), \"Completed\")]/parent::div/preceding-sibling::div/span)[1]"}
RESULT: {"using":"xpath","value":"(//span[contains(text(), \"Completed\")]/parent::div/preceding-sibling::div/span)[1]"}
COMMAND: POST /session/a5881d3eaca756d633e860ab0441a8d1/element/f.70EA98C12271B5C153327B12E8209453.d.BE0BB3309143CCC08D39E8B88DD0C35D.e.22974/click - {}
RESULT: {}
COMMAND: POST /session/a5881d3eaca756d633e860ab0441a8d1/element - {"using":"xpath","value":"//input[contains(@id ,\"application-billingtransfer-display-component---billingWorkbench--smartFilterBar-btnBasicSearch\")]"}
COMMAND: GET /session/a5881d3eaca756d633e860ab0441a8d1/screenshot - {}
RESULT: {"using":"xpath","value":"//input[contains(@id ,\"application-billingtransfer-display-component---billingWorkbench--smartFilterBar-btnBasicSearch\")]"}
COMMAND: POST /session/a5881d3eaca756d633e860ab0441a8d1/elements - {"using":"xpath","value":"//input[contains(@id ,\"application-billingtransfer-display-component---billingWorkbench--smartFilterBar-btnBasicSearch\")]"}
RESULT: {}
RESULT: {"using":"xpath","value":"//input[contains(@id ,\"application-billingtransfer-display-component---billingWorkbench--smartFilterBar-btnBasicSearch\")]"}
COMMAND: POST /session/a5881d3eaca756d633e860ab0441a8d1/execute/sync - {"script":"<script> [8489 bytes]","args":[{"element-6066-11e4-a52e-4f735466cecf":"f.70EA98C12271B5C153327B12E8209453.d.BE0BB3309143CCC08D39E8B88DD0C35D.e.22792","ELEMENT":"f.70EA98C12271B5C153327B12E8209453.d.BE0BB3309143CCC08D39E8B88DD0C35D.e.22792"}]}
RESULT: {"script":"<script> [8489 bytes]","args":[{"element-6066-11e4-a52e-4f735466cecf":"f.70EA98C12271B5C153327B12E8209453.d.BE0BB3309143CCC08D39E8B88DD0C35D.e.22792","ELEMENT":"f.70EA98C12271B5C153327B12E8209453.d.BE0BB3309143CCC08D39E8B88DD0C35D.e.22792"}]}
COMMAND: GET /session/a5881d3eaca756d633e860ab0441a8d1/element/f.70EA98C12271B5C153327B12E8209453.d.BE0BB3309143CCC08D39E8B88DD0C35D.e.22792/enabled - {}
COMMAND: GET /session/a5881d3eaca756d633e860ab0441a8d1/screenshot - {}
RESULT: {}
COMMAND: POST /session/a5881d3eaca756d633e860ab0441a8d1/element/f.70EA98C12271B5C153327B12E8209453.d.BE0BB3309143CCC08D39E8B88DD0C35D.e.22792/click - {}
COMMAND: GET /session/a5881d3eaca756d633e860ab0441a8d1/screenshot - {}
RESULT: {}
RESULT: {}
COMMAND: GET /session/a5881d3eaca756d633e860ab0441a8d1/screenshot - {}
RESULT: {}
RESULT: {}
COMMAND: POST /session/a5881d3eaca756d633e860ab0441a8d1/element/f.70EA98C12271B5C153327B12E8209453.d.BE0BB3309143CCC08D39E8B88DD0C35D.e.22792/clear - {}
RESULT: {}
COMMAND: POST /session/a5881d3eaca756d633e860ab0441a8d1/element/f.70EA98C12271B5C153327B12E8209453.d.BE0BB3309143CCC08D39E8B88DD0C35D.e.22792/value - {"text":"10421"}
COMMAND: GET /session/a5881d3eaca756d633e860ab0441a8d1/screenshot - {}
RESULT: {"text":"10421"}
COMMAND: POST /session/a5881d3eaca756d633e860ab0441a8d1/actions - {"actions":[{"id":"action83","type":"key","parameters":{},"actions":[{"type":"keyDown","value":"î€‡"},{"type":"pause","duration":10},{"type":"keyUp","value":"î€‡"}]}]}
COMMAND: GET /session/a5881d3eaca756d633e860ab0441a8d1/screenshot - {}
RESULT: {}
RESULT: {"actions":[{"id":"action83","type":"key","parameters":{},"actions":[{"type":"keyDown","value":"î€‡"},{"type":"pause","duration":10},{"type":"keyUp","value":"î€‡"}]}]}
COMMAND: GET /session/a5881d3eaca756d633e860ab0441a8d1/screenshot - {}
RESULT: {}
RESULT: {}
COMMAND: POST /session/a5881d3eaca756d633e860ab0441a8d1/element - {"using":"xpath","value":"//span[contains(@id ,\"application-billingtransfer-display-component---billingWorkbench--smartTableBillingRuns-header-inner\")]"}
RESULT: {"using":"xpath","value":"//span[contains(@id ,\"application-billingtransfer-display-component---billingWorkbench--smartTableBillingRuns-header-inner\")]"}
COMMAND: POST /session/a5881d3eaca756d633e860ab0441a8d1/elements - {"using":"xpath","value":"//span[contains(@id ,\"application-billingtransfer-display-component---billingWorkbench--smartTableBillingRuns-header-inner\")]"}
RESULT: {"using":"xpath","value":"//span[contains(@id ,\"application-billingtransfer-display-component---billingWorkbench--smartTableBillingRuns-header-inner\")]"}
COMMAND: POST /session/a5881d3eaca756d633e860ab0441a8d1/execute/sync - {"script":"<script> [56 bytes]","args":[{"element-6066-11e4-a52e-4f735466cecf":"f.70EA98C12271B5C153327B12E8209453.d.BE0BB3309143CCC08D39E8B88DD0C35D.e.22953","ELEMENT":"f.70EA98C12271B5C153327B12E8209453.d.BE0BB3309143CCC08D39E8B88DD0C35D.e.22953"}]}
RESULT: {"script":"<script> [56 bytes]","args":[{"element-6066-11e4-a52e-4f735466cecf":"f.70EA98C12271B5C153327B12E8209453.d.BE0BB3309143CCC08D39E8B88DD0C35D.e.22953","ELEMENT":"f.70EA98C12271B5C153327B12E8209453.d.BE0BB3309143CCC08D39E8B88DD0C35D.e.22953"}]}
COMMAND: POST /session/a5881d3eaca756d633e860ab0441a8d1/element - {"using":"css selector","value":"#shell-header-logo"}
COMMAND: GET /session/a5881d3eaca756d633e860ab0441a8d1/screenshot - {}
RESULT: {"using":"css selector","value":"#shell-header-logo"}
COMMAND: POST /session/a5881d3eaca756d633e860ab0441a8d1/element/f.70EA98C12271B5C153327B12E8209453.d.BE0BB3309143CCC08D39E8B88DD0C35D.e.22790/click - {}
RESULT: {}
RESULT: {}
COMMAND: GET /session/a5881d3eaca756d633e860ab0441a8d1/screenshot - {}
RESULT: {}
]]></system-out>
    </testcase>
    <testcase classname="chrome.135_0_7049_96.windows.Billing_Calculation_-_Time_based_(considering_transport_times)_US139738" name="Should navigate to the contract item check the billed until field value" time="44.993">
      <system-out><![CDATA[
RESULT: undefined
COMMAND: POST /session/a5881d3eaca756d633e860ab0441a8d1/element - {"using":"xpath","value":"//*[@id=\"__tile130-title\"]"}
RESULT: {"using":"xpath","value":"//*[@id=\"__tile130-title\"]"}
COMMAND: POST /session/a5881d3eaca756d633e860ab0441a8d1/element/f.70EA98C12271B5C153327B12E8209453.d.BE0BB3309143CCC08D39E8B88DD0C35D.e.21014/click - {}
RESULT: {}
COMMAND: GET /session/a5881d3eaca756d633e860ab0441a8d1/screenshot - {}
RESULT: {}
COMMAND: POST /session/a5881d3eaca756d633e860ab0441a8d1/element - {"using":"xpath","value":"//button[@data-kt=\"addButton\"]"}
RESULT: {"using":"xpath","value":"//button[@data-kt=\"addButton\"]"}
COMMAND: POST /session/a5881d3eaca756d633e860ab0441a8d1/elements - {"using":"xpath","value":"//button[@data-kt=\"addButton\"]"}
RESULT: {"using":"xpath","value":"//button[@data-kt=\"addButton\"]"}
COMMAND: POST /session/a5881d3eaca756d633e860ab0441a8d1/execute/sync - {"script":"<script> [8489 bytes]","args":[{"element-6066-11e4-a52e-4f735466cecf":"f.70EA98C12271B5C153327B12E8209453.d.BE0BB3309143CCC08D39E8B88DD0C35D.e.23044","ELEMENT":"f.70EA98C12271B5C153327B12E8209453.d.BE0BB3309143CCC08D39E8B88DD0C35D.e.23044"}]}
RESULT: {"script":"<script> [8489 bytes]","args":[{"element-6066-11e4-a52e-4f735466cecf":"f.70EA98C12271B5C153327B12E8209453.d.BE0BB3309143CCC08D39E8B88DD0C35D.e.23044","ELEMENT":"f.70EA98C12271B5C153327B12E8209453.d.BE0BB3309143CCC08D39E8B88DD0C35D.e.23044"}]}
COMMAND: GET /session/a5881d3eaca756d633e860ab0441a8d1/element/f.70EA98C12271B5C153327B12E8209453.d.BE0BB3309143CCC08D39E8B88DD0C35D.e.23044/enabled - {}
COMMAND: GET /session/a5881d3eaca756d633e860ab0441a8d1/screenshot - {}
RESULT: {}
COMMAND: POST /session/a5881d3eaca756d633e860ab0441a8d1/execute/sync - {"script":"<script> [8489 bytes]","args":[{"element-6066-11e4-a52e-4f735466cecf":"f.70EA98C12271B5C153327B12E8209453.d.BE0BB3309143CCC08D39E8B88DD0C35D.e.23044","ELEMENT":"f.70EA98C12271B5C153327B12E8209453.d.BE0BB3309143CCC08D39E8B88DD0C35D.e.23044"}]}
COMMAND: GET /session/a5881d3eaca756d633e860ab0441a8d1/screenshot - {}
RESULT: {}
RESULT: {"script":"<script> [8489 bytes]","args":[{"element-6066-11e4-a52e-4f735466cecf":"f.70EA98C12271B5C153327B12E8209453.d.BE0BB3309143CCC08D39E8B88DD0C35D.e.23044","ELEMENT":"f.70EA98C12271B5C153327B12E8209453.d.BE0BB3309143CCC08D39E8B88DD0C35D.e.23044"}]}
COMMAND: POST /session/a5881d3eaca756d633e860ab0441a8d1/execute/sync - {"script":"<script> [5351 bytes]","args":[{"element-6066-11e4-a52e-4f735466cecf":"f.70EA98C12271B5C153327B12E8209453.d.BE0BB3309143CCC08D39E8B88DD0C35D.e.23044","ELEMENT":"f.70EA98C12271B5C153327B12E8209453.d.BE0BB3309143CCC08D39E8B88DD0C35D.e.23044"}]}
COMMAND: GET /session/a5881d3eaca756d633e860ab0441a8d1/screenshot - {}
RESULT: {}
RESULT: {"script":"<script> [5351 bytes]","args":[{"element-6066-11e4-a52e-4f735466cecf":"f.70EA98C12271B5C153327B12E8209453.d.BE0BB3309143CCC08D39E8B88DD0C35D.e.23044","ELEMENT":"f.70EA98C12271B5C153327B12E8209453.d.BE0BB3309143CCC08D39E8B88DD0C35D.e.23044"}]}
COMMAND: POST /session/a5881d3eaca756d633e860ab0441a8d1/element - {"using":"xpath","value":"//input[contains(@id ,\"smartContractFilterBar-btnBasicSearch-I\")]"}
COMMAND: GET /session/a5881d3eaca756d633e860ab0441a8d1/screenshot - {}
RESULT: {}
RESULT: {"using":"xpath","value":"//input[contains(@id ,\"smartContractFilterBar-btnBasicSearch-I\")]"}
COMMAND: POST /session/a5881d3eaca756d633e860ab0441a8d1/elements - {"using":"xpath","value":"//input[contains(@id ,\"smartContractFilterBar-btnBasicSearch-I\")]"}
RESULT: {}
RESULT: {"using":"xpath","value":"//input[contains(@id ,\"smartContractFilterBar-btnBasicSearch-I\")]"}
COMMAND: POST /session/a5881d3eaca756d633e860ab0441a8d1/execute/sync - {"script":"<script> [8489 bytes]","args":[{"element-6066-11e4-a52e-4f735466cecf":"f.70EA98C12271B5C153327B12E8209453.d.BE0BB3309143CCC08D39E8B88DD0C35D.e.22981","ELEMENT":"f.70EA98C12271B5C153327B12E8209453.d.BE0BB3309143CCC08D39E8B88DD0C35D.e.22981"}]}
RESULT: {"script":"<script> [8489 bytes]","args":[{"element-6066-11e4-a52e-4f735466cecf":"f.70EA98C12271B5C153327B12E8209453.d.BE0BB3309143CCC08D39E8B88DD0C35D.e.22981","ELEMENT":"f.70EA98C12271B5C153327B12E8209453.d.BE0BB3309143CCC08D39E8B88DD0C35D.e.22981"}]}
COMMAND: GET /session/a5881d3eaca756d633e860ab0441a8d1/element/f.70EA98C12271B5C153327B12E8209453.d.BE0BB3309143CCC08D39E8B88DD0C35D.e.22981/enabled - {}
COMMAND: GET /session/a5881d3eaca756d633e860ab0441a8d1/screenshot - {}
RESULT: {}
COMMAND: POST /session/a5881d3eaca756d633e860ab0441a8d1/element/f.70EA98C12271B5C153327B12E8209453.d.BE0BB3309143CCC08D39E8B88DD0C35D.e.22981/clear - {}
COMMAND: GET /session/a5881d3eaca756d633e860ab0441a8d1/screenshot - {}
RESULT: {}
RESULT: {}
COMMAND: POST /session/a5881d3eaca756d633e860ab0441a8d1/element/f.70EA98C12271B5C153327B12E8209453.d.BE0BB3309143CCC08D39E8B88DD0C35D.e.22981/value - {"text":"10421"}
COMMAND: GET /session/a5881d3eaca756d633e860ab0441a8d1/screenshot - {}
RESULT: {}
RESULT: {"text":"10421"}
COMMAND: GET /session/a5881d3eaca756d633e860ab0441a8d1/screenshot - {}
RESULT: {}
RESULT: {}
COMMAND: POST /session/a5881d3eaca756d633e860ab0441a8d1/actions - {"actions":[{"id":"action84","type":"key","parameters":{},"actions":[{"type":"keyDown","value":"î€‡"},{"type":"pause","duration":10},{"type":"keyUp","value":"î€‡"}]}]}
RESULT: {"actions":[{"id":"action84","type":"key","parameters":{},"actions":[{"type":"keyDown","value":"î€‡"},{"type":"pause","duration":10},{"type":"keyUp","value":"î€‡"}]}]}
COMMAND: GET /session/a5881d3eaca756d633e860ab0441a8d1/screenshot - {}
RESULT: {}
COMMAND: POST /session/a5881d3eaca756d633e860ab0441a8d1/element - {"using":"xpath","value":"//span[contains(@id, \"masterListContractsSmartTable-header-inner\")]"}
RESULT: {"using":"xpath","value":"//span[contains(@id, \"masterListContractsSmartTable-header-inner\")]"}
COMMAND: POST /session/a5881d3eaca756d633e860ab0441a8d1/elements - {"using":"xpath","value":"//span[contains(@id, \"masterListContractsSmartTable-header-inner\")]"}
RESULT: {"using":"xpath","value":"//span[contains(@id, \"masterListContractsSmartTable-header-inner\")]"}
COMMAND: POST /session/a5881d3eaca756d633e860ab0441a8d1/execute/sync - {"script":"<script> [56 bytes]","args":[{"element-6066-11e4-a52e-4f735466cecf":"f.70EA98C12271B5C153327B12E8209453.d.BE0BB3309143CCC08D39E8B88DD0C35D.e.23102","ELEMENT":"f.70EA98C12271B5C153327B12E8209453.d.BE0BB3309143CCC08D39E8B88DD0C35D.e.23102"}]}
RESULT: {"script":"<script> [56 bytes]","args":[{"element-6066-11e4-a52e-4f735466cecf":"f.70EA98C12271B5C153327B12E8209453.d.BE0BB3309143CCC08D39E8B88DD0C35D.e.23102","ELEMENT":"f.70EA98C12271B5C153327B12E8209453.d.BE0BB3309143CCC08D39E8B88DD0C35D.e.23102"}]}
COMMAND: POST /session/a5881d3eaca756d633e860ab0441a8d1/element - {"using":"xpath","value":"(//span[contains(@id, \"imgNav\")])[1]"}
COMMAND: GET /session/a5881d3eaca756d633e860ab0441a8d1/screenshot - {}
RESULT: {"using":"xpath","value":"(//span[contains(@id, \"imgNav\")])[1]"}
COMMAND: POST /session/a5881d3eaca756d633e860ab0441a8d1/element/f.70EA98C12271B5C153327B12E8209453.d.BE0BB3309143CCC08D39E8B88DD0C35D.e.23100/click - {}
RESULT: {}
RESULT: {}
COMMAND: GET /session/a5881d3eaca756d633e860ab0441a8d1/screenshot - {}
RESULT: {}
COMMAND: POST /session/a5881d3eaca756d633e860ab0441a8d1/element - {"using":"xpath","value":"//tr[@data-kt=\"productsColumnListItem\"]//td//span[contains(@id, \"imgNav\")][1]"}
RESULT: {"using":"xpath","value":"//tr[@data-kt=\"productsColumnListItem\"]//td//span[contains(@id, \"imgNav\")][1]"}
COMMAND: POST /session/a5881d3eaca756d633e860ab0441a8d1/element/f.70EA98C12271B5C153327B12E8209453.d.BE0BB3309143CCC08D39E8B88DD0C35D.e.23262/click - {}
RESULT: {}
COMMAND: GET /session/a5881d3eaca756d633e860ab0441a8d1/screenshot - {}
RESULT: {}
COMMAND: POST /session/a5881d3eaca756d633e860ab0441a8d1/element - {"using":"xpath","value":"//section[contains(@id, \"application-managecontracts-display-component---BillingItem--ObjectPageLayout-OPHeaderContent\")]/div/div/div/div/div[2]/div/div[2]/span"}
RESULT: {"using":"xpath","value":"//section[contains(@id, \"application-managecontracts-display-component---BillingItem--ObjectPageLayout-OPHeaderContent\")]/div/div/div/div/div[2]/div/div[2]/span"}
COMMAND: POST /session/a5881d3eaca756d633e860ab0441a8d1/execute/sync - {"script":"<script> [56 bytes]","args":[{"element-6066-11e4-a52e-4f735466cecf":"f.70EA98C12271B5C153327B12E8209453.d.BE0BB3309143CCC08D39E8B88DD0C35D.e.23399","ELEMENT":"f.70EA98C12271B5C153327B12E8209453.d.BE0BB3309143CCC08D39E8B88DD0C35D.e.23399"}]}
RESULT: {"script":"<script> [56 bytes]","args":[{"element-6066-11e4-a52e-4f735466cecf":"f.70EA98C12271B5C153327B12E8209453.d.BE0BB3309143CCC08D39E8B88DD0C35D.e.23399","ELEMENT":"f.70EA98C12271B5C153327B12E8209453.d.BE0BB3309143CCC08D39E8B88DD0C35D.e.23399"}]}
COMMAND: POST /session/a5881d3eaca756d633e860ab0441a8d1/element - {"using":"xpath","value":"//table[contains(@id, \"application-managecontracts-display-component---BillingItem--billingList-listUl\")]//td//*[contains(text(), \"partial billed\")]"}
COMMAND: GET /session/a5881d3eaca756d633e860ab0441a8d1/screenshot - {}
RESULT: {"using":"xpath","value":"//table[contains(@id, \"application-managecontracts-display-component---BillingItem--billingList-listUl\")]//td//*[contains(text(), \"partial billed\")]"}
COMMAND: POST /session/a5881d3eaca756d633e860ab0441a8d1/execute/sync - {"script":"<script> [56 bytes]","args":[{"element-6066-11e4-a52e-4f735466cecf":"f.70EA98C12271B5C153327B12E8209453.d.BE0BB3309143CCC08D39E8B88DD0C35D.e.23400","ELEMENT":"f.70EA98C12271B5C153327B12E8209453.d.BE0BB3309143CCC08D39E8B88DD0C35D.e.23400"}]}
RESULT: {}
RESULT: {"script":"<script> [56 bytes]","args":[{"element-6066-11e4-a52e-4f735466cecf":"f.70EA98C12271B5C153327B12E8209453.d.BE0BB3309143CCC08D39E8B88DD0C35D.e.23400","ELEMENT":"f.70EA98C12271B5C153327B12E8209453.d.BE0BB3309143CCC08D39E8B88DD0C35D.e.23400"}]}
COMMAND: POST /session/a5881d3eaca756d633e860ab0441a8d1/element - {"using":"css selector","value":"#shell-header-logo"}
COMMAND: GET /session/a5881d3eaca756d633e860ab0441a8d1/screenshot - {}
RESULT: {"using":"css selector","value":"#shell-header-logo"}
COMMAND: POST /session/a5881d3eaca756d633e860ab0441a8d1/element/f.70EA98C12271B5C153327B12E8209453.d.BE0BB3309143CCC08D39E8B88DD0C35D.e.22979/click - {}
RESULT: {}
RESULT: {}
COMMAND: GET /session/a5881d3eaca756d633e860ab0441a8d1/screenshot - {}
RESULT: {}
]]></system-out>
    </testcase>
    <testcase classname="chrome.135_0_7049_96.windows.Billing_Calculation_-_Time_based_(considering_transport_times)_US139738" name="Should do a handover return 2 step 7 days after provide or 14 days from today receive it in 21 days" time="149.236">
      <system-out><![CDATA[
RESULT: undefined
COMMAND: POST /session/a5881d3eaca756d633e860ab0441a8d1/element - {"using":"xpath","value":"//*[@id=\"__tile130-title\"]"}
RESULT: {"using":"xpath","value":"//*[@id=\"__tile130-title\"]"}
COMMAND: POST /session/a5881d3eaca756d633e860ab0441a8d1/element/f.70EA98C12271B5C153327B12E8209453.d.BE0BB3309143CCC08D39E8B88DD0C35D.e.21014/click - {}
RESULT: {}
COMMAND: GET /session/a5881d3eaca756d633e860ab0441a8d1/screenshot - {}
COMMAND: POST /session/a5881d3eaca756d633e860ab0441a8d1/element - {"using":"xpath","value":"//button[@data-kt=\"addButton\"]"}
RESULT: {}
RESULT: {"using":"xpath","value":"//button[@data-kt=\"addButton\"]"}
COMMAND: POST /session/a5881d3eaca756d633e860ab0441a8d1/elements - {"using":"xpath","value":"//button[@data-kt=\"addButton\"]"}
RESULT: {"using":"xpath","value":"//button[@data-kt=\"addButton\"]"}
COMMAND: POST /session/a5881d3eaca756d633e860ab0441a8d1/execute/sync - {"script":"<script> [8489 bytes]","args":[{"element-6066-11e4-a52e-4f735466cecf":"f.70EA98C12271B5C153327B12E8209453.d.BE0BB3309143CCC08D39E8B88DD0C35D.e.23470","ELEMENT":"f.70EA98C12271B5C153327B12E8209453.d.BE0BB3309143CCC08D39E8B88DD0C35D.e.23470"}]}
RESULT: {"script":"<script> [8489 bytes]","args":[{"element-6066-11e4-a52e-4f735466cecf":"f.70EA98C12271B5C153327B12E8209453.d.BE0BB3309143CCC08D39E8B88DD0C35D.e.23470","ELEMENT":"f.70EA98C12271B5C153327B12E8209453.d.BE0BB3309143CCC08D39E8B88DD0C35D.e.23470"}]}
COMMAND: GET /session/a5881d3eaca756d633e860ab0441a8d1/element/f.70EA98C12271B5C153327B12E8209453.d.BE0BB3309143CCC08D39E8B88DD0C35D.e.23470/enabled - {}
COMMAND: GET /session/a5881d3eaca756d633e860ab0441a8d1/screenshot - {}
RESULT: {}
COMMAND: POST /session/a5881d3eaca756d633e860ab0441a8d1/execute/sync - {"script":"<script> [8489 bytes]","args":[{"element-6066-11e4-a52e-4f735466cecf":"f.70EA98C12271B5C153327B12E8209453.d.BE0BB3309143CCC08D39E8B88DD0C35D.e.23470","ELEMENT":"f.70EA98C12271B5C153327B12E8209453.d.BE0BB3309143CCC08D39E8B88DD0C35D.e.23470"}]}
COMMAND: GET /session/a5881d3eaca756d633e860ab0441a8d1/screenshot - {}
RESULT: {}
RESULT: {"script":"<script> [8489 bytes]","args":[{"element-6066-11e4-a52e-4f735466cecf":"f.70EA98C12271B5C153327B12E8209453.d.BE0BB3309143CCC08D39E8B88DD0C35D.e.23470","ELEMENT":"f.70EA98C12271B5C153327B12E8209453.d.BE0BB3309143CCC08D39E8B88DD0C35D.e.23470"}]}
COMMAND: POST /session/a5881d3eaca756d633e860ab0441a8d1/execute/sync - {"script":"<script> [5351 bytes]","args":[{"element-6066-11e4-a52e-4f735466cecf":"f.70EA98C12271B5C153327B12E8209453.d.BE0BB3309143CCC08D39E8B88DD0C35D.e.23470","ELEMENT":"f.70EA98C12271B5C153327B12E8209453.d.BE0BB3309143CCC08D39E8B88DD0C35D.e.23470"}]}
COMMAND: GET /session/a5881d3eaca756d633e860ab0441a8d1/screenshot - {}
RESULT: {}
RESULT: {"script":"<script> [5351 bytes]","args":[{"element-6066-11e4-a52e-4f735466cecf":"f.70EA98C12271B5C153327B12E8209453.d.BE0BB3309143CCC08D39E8B88DD0C35D.e.23470","ELEMENT":"f.70EA98C12271B5C153327B12E8209453.d.BE0BB3309143CCC08D39E8B88DD0C35D.e.23470"}]}
COMMAND: GET /session/a5881d3eaca756d633e860ab0441a8d1/screenshot - {}
RESULT: {}
RESULT: {}
COMMAND: POST /session/a5881d3eaca756d633e860ab0441a8d1/element - {"using":"xpath","value":"//input[contains(@id ,\"smartContractFilterBar-btnBasicSearch-I\")]"}
RESULT: {"using":"xpath","value":"//input[contains(@id ,\"smartContractFilterBar-btnBasicSearch-I\")]"}
COMMAND: POST /session/a5881d3eaca756d633e860ab0441a8d1/elements - {"using":"xpath","value":"//input[contains(@id ,\"smartContractFilterBar-btnBasicSearch-I\")]"}
RESULT: {"using":"xpath","value":"//input[contains(@id ,\"smartContractFilterBar-btnBasicSearch-I\")]"}
COMMAND: POST /session/a5881d3eaca756d633e860ab0441a8d1/execute/sync - {"script":"<script> [8489 bytes]","args":[{"element-6066-11e4-a52e-4f735466cecf":"f.70EA98C12271B5C153327B12E8209453.d.BE0BB3309143CCC08D39E8B88DD0C35D.e.23406","ELEMENT":"f.70EA98C12271B5C153327B12E8209453.d.BE0BB3309143CCC08D39E8B88DD0C35D.e.23406"}]}
RESULT: {"script":"<script> [8489 bytes]","args":[{"element-6066-11e4-a52e-4f735466cecf":"f.70EA98C12271B5C153327B12E8209453.d.BE0BB3309143CCC08D39E8B88DD0C35D.e.23406","ELEMENT":"f.70EA98C12271B5C153327B12E8209453.d.BE0BB3309143CCC08D39E8B88DD0C35D.e.23406"}]}
COMMAND: GET /session/a5881d3eaca756d633e860ab0441a8d1/element/f.70EA98C12271B5C153327B12E8209453.d.BE0BB3309143CCC08D39E8B88DD0C35D.e.23406/enabled - {}
COMMAND: GET /session/a5881d3eaca756d633e860ab0441a8d1/screenshot - {}
RESULT: {}
COMMAND: POST /session/a5881d3eaca756d633e860ab0441a8d1/element/f.70EA98C12271B5C153327B12E8209453.d.BE0BB3309143CCC08D39E8B88DD0C35D.e.23406/clear - {}
COMMAND: GET /session/a5881d3eaca756d633e860ab0441a8d1/screenshot - {}
RESULT: {}
RESULT: {}
COMMAND: POST /session/a5881d3eaca756d633e860ab0441a8d1/element/f.70EA98C12271B5C153327B12E8209453.d.BE0BB3309143CCC08D39E8B88DD0C35D.e.23406/value - {"text":"10421"}
COMMAND: GET /session/a5881d3eaca756d633e860ab0441a8d1/screenshot - {}
RESULT: {}
RESULT: {"text":"10421"}
COMMAND: GET /session/a5881d3eaca756d633e860ab0441a8d1/screenshot - {}
RESULT: {}
RESULT: {}
COMMAND: POST /session/a5881d3eaca756d633e860ab0441a8d1/actions - {"actions":[{"id":"action85","type":"key","parameters":{},"actions":[{"type":"keyDown","value":"î€‡"},{"type":"pause","duration":10},{"type":"keyUp","value":"î€‡"}]}]}
RESULT: {"actions":[{"id":"action85","type":"key","parameters":{},"actions":[{"type":"keyDown","value":"î€‡"},{"type":"pause","duration":10},{"type":"keyUp","value":"î€‡"}]}]}
COMMAND: GET /session/a5881d3eaca756d633e860ab0441a8d1/screenshot - {}
RESULT: {}
COMMAND: POST /session/a5881d3eaca756d633e860ab0441a8d1/element - {"using":"xpath","value":"//span[contains(@id, \"masterListContractsSmartTable-header-inner\")]"}
RESULT: {"using":"xpath","value":"//span[contains(@id, \"masterListContractsSmartTable-header-inner\")]"}
COMMAND: POST /session/a5881d3eaca756d633e860ab0441a8d1/elements - {"using":"xpath","value":"//span[contains(@id, \"masterListContractsSmartTable-header-inner\")]"}
RESULT: {"using":"xpath","value":"//span[contains(@id, \"masterListContractsSmartTable-header-inner\")]"}
COMMAND: POST /session/a5881d3eaca756d633e860ab0441a8d1/execute/sync - {"script":"<script> [56 bytes]","args":[{"element-6066-11e4-a52e-4f735466cecf":"f.70EA98C12271B5C153327B12E8209453.d.BE0BB3309143CCC08D39E8B88DD0C35D.e.23532","ELEMENT":"f.70EA98C12271B5C153327B12E8209453.d.BE0BB3309143CCC08D39E8B88DD0C35D.e.23532"}]}
RESULT: {"script":"<script> [56 bytes]","args":[{"element-6066-11e4-a52e-4f735466cecf":"f.70EA98C12271B5C153327B12E8209453.d.BE0BB3309143CCC08D39E8B88DD0C35D.e.23532","ELEMENT":"f.70EA98C12271B5C153327B12E8209453.d.BE0BB3309143CCC08D39E8B88DD0C35D.e.23532"}]}
COMMAND: POST /session/a5881d3eaca756d633e860ab0441a8d1/element - {"using":"xpath","value":"(//span[contains(@id, \"imgNav\")])[1]"}
COMMAND: GET /session/a5881d3eaca756d633e860ab0441a8d1/screenshot - {}
RESULT: {"using":"xpath","value":"(//span[contains(@id, \"imgNav\")])[1]"}
COMMAND: POST /session/a5881d3eaca756d633e860ab0441a8d1/element/f.70EA98C12271B5C153327B12E8209453.d.BE0BB3309143CCC08D39E8B88DD0C35D.e.23531/click - {}
RESULT: {}
RESULT: {}
COMMAND: GET /session/a5881d3eaca756d633e860ab0441a8d1/screenshot - {}
RESULT: {}
COMMAND: POST /session/a5881d3eaca756d633e860ab0441a8d1/element - {"using":"xpath","value":"//button[contains(@id, \"contractDetailReturnButton\")]"}
RESULT: {"using":"xpath","value":"//button[contains(@id, \"contractDetailReturnButton\")]"}
COMMAND: POST /session/a5881d3eaca756d633e860ab0441a8d1/element/f.70EA98C12271B5C153327B12E8209453.d.BE0BB3309143CCC08D39E8B88DD0C35D.e.23605/click - {}
RESULT: {}
COMMAND: GET /session/a5881d3eaca756d633e860ab0441a8d1/screenshot - {}
RESULT: undefined
COMMAND: POST /session/a5881d3eaca756d633e860ab0441a8d1/execute/async - {"script":"<script> [776 bytes]","args":[{"enterText":"05/14/25","selector":{"id":"application-managehandovers-display-component---AddNewHO--dueDate","interaction":{"idSuffix":"inner"}},"clearTextFirst":true,"interactionType":"ENTER_TEXT"}]}
RESULT: {}
RESULT: {"script":"<script> [776 bytes]","args":[{"enterText":"05/14/25","selector":{"id":"application-managehandovers-display-component---AddNewHO--dueDate","interaction":{"idSuffix":"inner"}},"clearTextFirst":true,"interactionType":"ENTER_TEXT"}]}
COMMAND: POST /session/a5881d3eaca756d633e860ab0441a8d1/element - {"using":"xpath","value":"//bdi[contains(text(), \"Instructions\")]"}
RESULT: {"using":"xpath","value":"//bdi[contains(text(), \"Instructions\")]"}
COMMAND: POST /session/a5881d3eaca756d633e860ab0441a8d1/element/f.70EA98C12271B5C153327B12E8209453.d.BE0BB3309143CCC08D39E8B88DD0C35D.e.24007/click - {}
RESULT: {}
COMMAND: GET /session/a5881d3eaca756d633e860ab0441a8d1/screenshot - {}
RESULT: {}
COMMAND: POST /session/a5881d3eaca756d633e860ab0441a8d1/element - {"using":"xpath","value":"//button[@data-kt=\"AddNewHOProvideAddItemsButton\"]"}
RESULT: {"using":"xpath","value":"//button[@data-kt=\"AddNewHOProvideAddItemsButton\"]"}
COMMAND: POST /session/a5881d3eaca756d633e860ab0441a8d1/element/f.70EA98C12271B5C153327B12E8209453.d.BE0BB3309143CCC08D39E8B88DD0C35D.e.23814/click - {}
RESULT: {}
COMMAND: GET /session/a5881d3eaca756d633e860ab0441a8d1/screenshot - {}
RESULT: {}
RESULT: undefined
COMMAND: POST /session/a5881d3eaca756d633e860ab0441a8d1/element - {"using":"xpath","value":"//*[@id=\"application-managehandovers-display-component---AddNewHO--popup-sa\"]"}
RESULT: {"using":"xpath","value":"//*[@id=\"application-managehandovers-display-component---AddNewHO--popup-sa\"]"}
COMMAND: POST /session/a5881d3eaca756d633e860ab0441a8d1/element/f.70EA98C12271B5C153327B12E8209453.d.BE0BB3309143CCC08D39E8B88DD0C35D.e.24025/click - {}
RESULT: {}
COMMAND: GET /session/a5881d3eaca756d633e860ab0441a8d1/screenshot - {}
RESULT: {}
COMMAND: POST /session/a5881d3eaca756d633e860ab0441a8d1/element - {"using":"xpath","value":"//*[contains(@id ,\"BDI-content\")][contains(text(), \"Select\")]"}
RESULT: {"using":"xpath","value":"//*[contains(@id ,\"BDI-content\")][contains(text(), \"Select\")]"}
COMMAND: POST /session/a5881d3eaca756d633e860ab0441a8d1/element/f.70EA98C12271B5C153327B12E8209453.d.BE0BB3309143CCC08D39E8B88DD0C35D.e.24027/click - {}
RESULT: {}
COMMAND: GET /session/a5881d3eaca756d633e860ab0441a8d1/screenshot - {}
RESULT: {}
COMMAND: POST /session/a5881d3eaca756d633e860ab0441a8d1/element - {"using":"xpath","value":"(//div[contains(@id, \"application-managehandovers-display-component---AddNewHO--oneStep-CbBg\")])"}
RESULT: {"using":"xpath","value":"(//div[contains(@id, \"application-managehandovers-display-component---AddNewHO--oneStep-CbBg\")])"}
COMMAND: POST /session/a5881d3eaca756d633e860ab0441a8d1/element/f.70EA98C12271B5C153327B12E8209453.d.BE0BB3309143CCC08D39E8B88DD0C35D.e.24035/click - {}
RESULT: {}
RESULT: undefined
COMMAND: POST /session/a5881d3eaca756d633e860ab0441a8d1/element - {"using":"xpath","value":"//*[@id=\"application-managehandovers-display-component---AddNewHO--confirmCreationButton\"]"}
COMMAND: GET /session/a5881d3eaca756d633e860ab0441a8d1/screenshot - {}
RESULT: {"using":"xpath","value":"//*[@id=\"application-managehandovers-display-component---AddNewHO--confirmCreationButton\"]"}
COMMAND: POST /session/a5881d3eaca756d633e860ab0441a8d1/element/f.70EA98C12271B5C153327B12E8209453.d.BE0BB3309143CCC08D39E8B88DD0C35D.e.23821/click - {}
RESULT: {}
RESULT: {}
COMMAND: GET /session/a5881d3eaca756d633e860ab0441a8d1/screenshot - {}
RESULT: {}
COMMAND: POST /session/a5881d3eaca756d633e860ab0441a8d1/element - {"using":"xpath","value":"//button[@data-kt=\"PickingTableConfirmAllButton\"]"}
RESULT: {"using":"xpath","value":"//button[@data-kt=\"PickingTableConfirmAllButton\"]"}
COMMAND: POST /session/a5881d3eaca756d633e860ab0441a8d1/element/f.70EA98C12271B5C153327B12E8209453.d.BE0BB3309143CCC08D39E8B88DD0C35D.e.24066/click - {}
COMMAND: POST /session/a5881d3eaca756d633e860ab0441a8d1/element - {"using":"xpath","value":"//button[@data-kt=\"PickingTableConfirmAllButton\"]"}
RESULT: {"using":"xpath","value":"//button[@data-kt=\"PickingTableConfirmAllButton\"]"}
COMMAND: POST /session/a5881d3eaca756d633e860ab0441a8d1/element/f.70EA98C12271B5C153327B12E8209453.d.BE0BB3309143CCC08D39E8B88DD0C35D.e.24066/click - {}
COMMAND: POST /session/a5881d3eaca756d633e860ab0441a8d1/element - {"using":"xpath","value":"//button[@data-kt=\"PickingTableConfirmAllButton\"]"}
RESULT: {"using":"xpath","value":"//button[@data-kt=\"PickingTableConfirmAllButton\"]"}
COMMAND: POST /session/a5881d3eaca756d633e860ab0441a8d1/element/f.70EA98C12271B5C153327B12E8209453.d.BE0BB3309143CCC08D39E8B88DD0C35D.e.24089/click - {}
RESULT: {}
COMMAND: GET /session/a5881d3eaca756d633e860ab0441a8d1/screenshot - {}
RESULT: {}
COMMAND: POST /session/a5881d3eaca756d633e860ab0441a8d1/element - {"using":"xpath","value":"//bdi[contains(text(), \"OK\")]"}
RESULT: {"using":"xpath","value":"//bdi[contains(text(), \"OK\")]"}
COMMAND: POST /session/a5881d3eaca756d633e860ab0441a8d1/element/f.70EA98C12271B5C153327B12E8209453.d.BE0BB3309143CCC08D39E8B88DD0C35D.e.24092/click - {}
RESULT: {}
COMMAND: GET /session/a5881d3eaca756d633e860ab0441a8d1/screenshot - {}
RESULT: {}
COMMAND: POST /session/a5881d3eaca756d633e860ab0441a8d1/element - {"using":"xpath","value":"//button[@data-kt=\"execHoPickButton\"]"}
RESULT: {"using":"xpath","value":"//button[@data-kt=\"execHoPickButton\"]"}
COMMAND: POST /session/a5881d3eaca756d633e860ab0441a8d1/element/f.70EA98C12271B5C153327B12E8209453.d.BE0BB3309143CCC08D39E8B88DD0C35D.e.24094/click - {}
RESULT: {}
COMMAND: GET /session/a5881d3eaca756d633e860ab0441a8d1/screenshot - {}
RESULT: {}
COMMAND: POST /session/a5881d3eaca756d633e860ab0441a8d1/element - {"using":"xpath","value":"//span[contains(@id ,\"filterItemControl_BASIC-SEND_CONTRACT-vhi\")]"}
RESULT: {"using":"xpath","value":"//span[contains(@id ,\"filterItemControl_BASIC-SEND_CONTRACT-vhi\")]"}
COMMAND: POST /session/a5881d3eaca756d633e860ab0441a8d1/element/f.70EA98C12271B5C153327B12E8209453.d.BE0BB3309143CCC08D39E8B88DD0C35D.e.24273/click - {}
RESULT: {}
COMMAND: GET /session/a5881d3eaca756d633e860ab0441a8d1/screenshot - {}
RESULT: {}
RESULT: undefined
COMMAND: POST /session/a5881d3eaca756d633e860ab0441a8d1/execute/async - {"script":"<script> [776 bytes]","args":[{"enterText":"10421","selector":{"controlType":"sap.m.SearchField","viewName":"etm.portal.ui.managehandovers.view.MasterHO","bindingPath":{"path":"","propertyPath":"/_BASIC_SEARCH_FIELD","modelName":"fi1t3rM0d31"},"searchOpenDialogs":true,"interaction":{"idSuffix":"I"}},"clearTextFirst":true,"interactionType":"ENTER_TEXT"}]}
RESULT: {"script":"<script> [776 bytes]","args":[{"enterText":"10421","selector":{"controlType":"sap.m.SearchField","viewName":"etm.portal.ui.managehandovers.view.MasterHO","bindingPath":{"path":"","propertyPath":"/_BASIC_SEARCH_FIELD","modelName":"fi1t3rM0d31"},"searchOpenDialogs":true,"interaction":{"idSuffix":"I"}},"clearTextFirst":true,"interactionType":"ENTER_TEXT"}]}
COMMAND: POST /session/a5881d3eaca756d633e860ab0441a8d1/actions - {"actions":[{"id":"action86","type":"key","parameters":{},"actions":[{"type":"keyDown","value":"î€‡"},{"type":"pause","duration":10},{"type":"keyUp","value":"î€‡"}]}]}
RESULT: {"actions":[{"id":"action86","type":"key","parameters":{},"actions":[{"type":"keyDown","value":"î€‡"},{"type":"pause","duration":10},{"type":"keyUp","value":"î€‡"}]}]}
COMMAND: GET /session/a5881d3eaca756d633e860ab0441a8d1/screenshot - {}
RESULT: {}
COMMAND: POST /session/a5881d3eaca756d633e860ab0441a8d1/element - {"using":"xpath","value":"//div[contains(@id, 'filterItemControl_BASIC-SEND_CONTRACT-valueHelpDialog-table-rowsel0')]"}
RESULT: {"using":"xpath","value":"//div[contains(@id, 'filterItemControl_BASIC-SEND_CONTRACT-valueHelpDialog-table-rowsel0')]"}
COMMAND: POST /session/a5881d3eaca756d633e860ab0441a8d1/element/f.70EA98C12271B5C153327B12E8209453.d.BE0BB3309143CCC08D39E8B88DD0C35D.e.24281/click - {}
RESULT: {}
COMMAND: GET /session/a5881d3eaca756d633e860ab0441a8d1/screenshot - {}
RESULT: {}
COMMAND: POST /session/a5881d3eaca756d633e860ab0441a8d1/element - {"using":"xpath","value":"//bdi[contains(text(), \"OK\")]"}
RESULT: {"using":"xpath","value":"//bdi[contains(text(), \"OK\")]"}
COMMAND: POST /session/a5881d3eaca756d633e860ab0441a8d1/element/f.70EA98C12271B5C153327B12E8209453.d.BE0BB3309143CCC08D39E8B88DD0C35D.e.24283/click - {}
RESULT: {}
COMMAND: GET /session/a5881d3eaca756d633e860ab0441a8d1/screenshot - {}
RESULT: {}
COMMAND: POST /session/a5881d3eaca756d633e860ab0441a8d1/element - {"using":"xpath","value":"//span[contains(@id, \"smartTable-header-inner\")]"}
RESULT: {"using":"xpath","value":"//span[contains(@id, \"smartTable-header-inner\")]"}
COMMAND: POST /session/a5881d3eaca756d633e860ab0441a8d1/elements - {"using":"xpath","value":"//span[contains(@id, \"smartTable-header-inner\")]"}
RESULT: {"using":"xpath","value":"//span[contains(@id, \"smartTable-header-inner\")]"}
COMMAND: POST /session/a5881d3eaca756d633e860ab0441a8d1/execute/sync - {"script":"<script> [56 bytes]","args":[{"element-6066-11e4-a52e-4f735466cecf":"f.70EA98C12271B5C153327B12E8209453.d.BE0BB3309143CCC08D39E8B88DD0C35D.e.24312","ELEMENT":"f.70EA98C12271B5C153327B12E8209453.d.BE0BB3309143CCC08D39E8B88DD0C35D.e.24312"}]}
RESULT: {"script":"<script> [56 bytes]","args":[{"element-6066-11e4-a52e-4f735466cecf":"f.70EA98C12271B5C153327B12E8209453.d.BE0BB3309143CCC08D39E8B88DD0C35D.e.24312","ELEMENT":"f.70EA98C12271B5C153327B12E8209453.d.BE0BB3309143CCC08D39E8B88DD0C35D.e.24312"}]}
COMMAND: POST /session/a5881d3eaca756d633e860ab0441a8d1/element - {"using":"xpath","value":"//table[contains(@id, \"customHandovers\")]//tbody/tr[1]/td[2]/span"}
COMMAND: GET /session/a5881d3eaca756d633e860ab0441a8d1/screenshot - {}
RESULT: {"using":"xpath","value":"//table[contains(@id, \"customHandovers\")]//tbody/tr[1]/td[2]/span"}
COMMAND: POST /session/a5881d3eaca756d633e860ab0441a8d1/execute/sync - {"script":"<script> [56 bytes]","args":[{"element-6066-11e4-a52e-4f735466cecf":"f.70EA98C12271B5C153327B12E8209453.d.BE0BB3309143CCC08D39E8B88DD0C35D.e.24313","ELEMENT":"f.70EA98C12271B5C153327B12E8209453.d.BE0BB3309143CCC08D39E8B88DD0C35D.e.24313"}]}
RESULT: {}
RESULT: {"script":"<script> [56 bytes]","args":[{"element-6066-11e4-a52e-4f735466cecf":"f.70EA98C12271B5C153327B12E8209453.d.BE0BB3309143CCC08D39E8B88DD0C35D.e.24313","ELEMENT":"f.70EA98C12271B5C153327B12E8209453.d.BE0BB3309143CCC08D39E8B88DD0C35D.e.24313"}]}
COMMAND: POST /session/a5881d3eaca756d633e860ab0441a8d1/element - {"using":"xpath","value":"(//span[contains(@id, \"imgNav\")])[1]"}
COMMAND: GET /session/a5881d3eaca756d633e860ab0441a8d1/screenshot - {}
RESULT: {"using":"xpath","value":"(//span[contains(@id, \"imgNav\")])[1]"}
COMMAND: POST /session/a5881d3eaca756d633e860ab0441a8d1/element/f.70EA98C12271B5C153327B12E8209453.d.BE0BB3309143CCC08D39E8B88DD0C35D.e.24310/click - {}
RESULT: {}
RESULT: {}
COMMAND: GET /session/a5881d3eaca756d633e860ab0441a8d1/screenshot - {}
RESULT: {}
COMMAND: POST /session/a5881d3eaca756d633e860ab0441a8d1/element - {"using":"xpath","value":"//button[@data-kt=\"PickingTableConfirmAllButton\"]"}
RESULT: {"using":"xpath","value":"//button[@data-kt=\"PickingTableConfirmAllButton\"]"}
COMMAND: POST /session/a5881d3eaca756d633e860ab0441a8d1/element/f.70EA98C12271B5C153327B12E8209453.d.BE0BB3309143CCC08D39E8B88DD0C35D.e.24353/click - {}
RESULT: {}
COMMAND: GET /session/a5881d3eaca756d633e860ab0441a8d1/screenshot - {}
RESULT: {}
COMMAND: POST /session/a5881d3eaca756d633e860ab0441a8d1/element - {"using":"xpath","value":"//bdi[contains(text(), \"OK\")]"}
RESULT: {"using":"xpath","value":"//bdi[contains(text(), \"OK\")]"}
COMMAND: POST /session/a5881d3eaca756d633e860ab0441a8d1/element/f.70EA98C12271B5C153327B12E8209453.d.BE0BB3309143CCC08D39E8B88DD0C35D.e.24363/click - {}
RESULT: {}
COMMAND: GET /session/a5881d3eaca756d633e860ab0441a8d1/screenshot - {}
RESULT: {}
COMMAND: POST /session/a5881d3eaca756d633e860ab0441a8d1/element - {"using":"xpath","value":"//button[@data-kt=\"execHoIssueButton\"]"}
RESULT: {"using":"xpath","value":"//button[@data-kt=\"execHoIssueButton\"]"}
COMMAND: POST /session/a5881d3eaca756d633e860ab0441a8d1/element/f.70EA98C12271B5C153327B12E8209453.d.BE0BB3309143CCC08D39E8B88DD0C35D.e.24365/click - {}
RESULT: {}
COMMAND: GET /session/a5881d3eaca756d633e860ab0441a8d1/screenshot - {}
RESULT: {}
COMMAND: POST /session/a5881d3eaca756d633e860ab0441a8d1/element - {"using":"xpath","value":"//input[contains(@id ,\"smartFilterBar-btnBasicSearch-I\")]"}
RESULT: {"using":"xpath","value":"//input[contains(@id ,\"smartFilterBar-btnBasicSearch-I\")]"}
COMMAND: POST /session/a5881d3eaca756d633e860ab0441a8d1/elements - {"using":"xpath","value":"//input[contains(@id ,\"smartFilterBar-btnBasicSearch-I\")]"}
RESULT: {"using":"xpath","value":"//input[contains(@id ,\"smartFilterBar-btnBasicSearch-I\")]"}
COMMAND: POST /session/a5881d3eaca756d633e860ab0441a8d1/execute/sync - {"script":"<script> [8489 bytes]","args":[{"element-6066-11e4-a52e-4f735466cecf":"f.70EA98C12271B5C153327B12E8209453.d.BE0BB3309143CCC08D39E8B88DD0C35D.e.23757","ELEMENT":"f.70EA98C12271B5C153327B12E8209453.d.BE0BB3309143CCC08D39E8B88DD0C35D.e.23757"}]}
RESULT: {"script":"<script> [8489 bytes]","args":[{"element-6066-11e4-a52e-4f735466cecf":"f.70EA98C12271B5C153327B12E8209453.d.BE0BB3309143CCC08D39E8B88DD0C35D.e.23757","ELEMENT":"f.70EA98C12271B5C153327B12E8209453.d.BE0BB3309143CCC08D39E8B88DD0C35D.e.23757"}]}
COMMAND: GET /session/a5881d3eaca756d633e860ab0441a8d1/element/f.70EA98C12271B5C153327B12E8209453.d.BE0BB3309143CCC08D39E8B88DD0C35D.e.23757/enabled - {}
COMMAND: GET /session/a5881d3eaca756d633e860ab0441a8d1/screenshot - {}
RESULT: {}
COMMAND: POST /session/a5881d3eaca756d633e860ab0441a8d1/element/f.70EA98C12271B5C153327B12E8209453.d.BE0BB3309143CCC08D39E8B88DD0C35D.e.23757/clear - {}
COMMAND: GET /session/a5881d3eaca756d633e860ab0441a8d1/screenshot - {}
RESULT: {}
RESULT: {}
COMMAND: POST /session/a5881d3eaca756d633e860ab0441a8d1/element/f.70EA98C12271B5C153327B12E8209453.d.BE0BB3309143CCC08D39E8B88DD0C35D.e.23757/value - {"text":"30597"}
COMMAND: GET /session/a5881d3eaca756d633e860ab0441a8d1/screenshot - {}
RESULT: {}
RESULT: {"text":"30597"}
COMMAND: GET /session/a5881d3eaca756d633e860ab0441a8d1/screenshot - {}
RESULT: {}
RESULT: {}
COMMAND: POST /session/a5881d3eaca756d633e860ab0441a8d1/actions - {"actions":[{"id":"action87","type":"key","parameters":{},"actions":[{"type":"keyDown","value":"î€‡"},{"type":"pause","duration":10},{"type":"keyUp","value":"î€‡"}]}]}
RESULT: {"actions":[{"id":"action87","type":"key","parameters":{},"actions":[{"type":"keyDown","value":"î€‡"},{"type":"pause","duration":10},{"type":"keyUp","value":"î€‡"}]}]}
COMMAND: GET /session/a5881d3eaca756d633e860ab0441a8d1/screenshot - {}
RESULT: {}
COMMAND: POST /session/a5881d3eaca756d633e860ab0441a8d1/element - {"using":"xpath","value":"//span[contains(@id, \"smartTable-header-inner\")]"}
RESULT: {"using":"xpath","value":"//span[contains(@id, \"smartTable-header-inner\")]"}
COMMAND: POST /session/a5881d3eaca756d633e860ab0441a8d1/elements - {"using":"xpath","value":"//span[contains(@id, \"smartTable-header-inner\")]"}
RESULT: {"using":"xpath","value":"//span[contains(@id, \"smartTable-header-inner\")]"}
COMMAND: POST /session/a5881d3eaca756d633e860ab0441a8d1/execute/sync - {"script":"<script> [56 bytes]","args":[{"element-6066-11e4-a52e-4f735466cecf":"f.70EA98C12271B5C153327B12E8209453.d.BE0BB3309143CCC08D39E8B88DD0C35D.e.24312","ELEMENT":"f.70EA98C12271B5C153327B12E8209453.d.BE0BB3309143CCC08D39E8B88DD0C35D.e.24312"}]}
RESULT: {"script":"<script> [56 bytes]","args":[{"element-6066-11e4-a52e-4f735466cecf":"f.70EA98C12271B5C153327B12E8209453.d.BE0BB3309143CCC08D39E8B88DD0C35D.e.24312","ELEMENT":"f.70EA98C12271B5C153327B12E8209453.d.BE0BB3309143CCC08D39E8B88DD0C35D.e.24312"}]}
COMMAND: POST /session/a5881d3eaca756d633e860ab0441a8d1/elements - {"using":"xpath","value":"//thead[contains(@class, \"sapMTableTH\")]/tr/th"}
COMMAND: GET /session/a5881d3eaca756d633e860ab0441a8d1/screenshot - {}
RESULT: {"using":"xpath","value":"//thead[contains(@class, \"sapMTableTH\")]/tr/th"}
COMMAND: GET /session/a5881d3eaca756d633e860ab0441a8d1/element/f.70EA98C12271B5C153327B12E8209453.d.BE0BB3309143CCC08D39E8B88DD0C35D.e.24398/text - {}
RESULT: {}
RESULT: {}
COMMAND: GET /session/a5881d3eaca756d633e860ab0441a8d1/element/f.70EA98C12271B5C153327B12E8209453.d.BE0BB3309143CCC08D39E8B88DD0C35D.e.24399/text - {}
RESULT: {}
COMMAND: GET /session/a5881d3eaca756d633e860ab0441a8d1/element/f.70EA98C12271B5C153327B12E8209453.d.BE0BB3309143CCC08D39E8B88DD0C35D.e.23788/text - {}
RESULT: {}
COMMAND: GET /session/a5881d3eaca756d633e860ab0441a8d1/element/f.70EA98C12271B5C153327B12E8209453.d.BE0BB3309143CCC08D39E8B88DD0C35D.e.23790/text - {}
RESULT: {}
COMMAND: GET /session/a5881d3eaca756d633e860ab0441a8d1/element/f.70EA98C12271B5C153327B12E8209453.d.BE0BB3309143CCC08D39E8B88DD0C35D.e.24367/text - {}
RESULT: {}
COMMAND: GET /session/a5881d3eaca756d633e860ab0441a8d1/element/f.70EA98C12271B5C153327B12E8209453.d.BE0BB3309143CCC08D39E8B88DD0C35D.e.24368/text - {}
RESULT: {}
COMMAND: GET /session/a5881d3eaca756d633e860ab0441a8d1/element/f.70EA98C12271B5C153327B12E8209453.d.BE0BB3309143CCC08D39E8B88DD0C35D.e.24369/text - {}
RESULT: {}
COMMAND: GET /session/a5881d3eaca756d633e860ab0441a8d1/element/f.70EA98C12271B5C153327B12E8209453.d.BE0BB3309143CCC08D39E8B88DD0C35D.e.24370/text - {}
RESULT: {}
COMMAND: GET /session/a5881d3eaca756d633e860ab0441a8d1/element/f.70EA98C12271B5C153327B12E8209453.d.BE0BB3309143CCC08D39E8B88DD0C35D.e.24371/text - {}
RESULT: {}
COMMAND: GET /session/a5881d3eaca756d633e860ab0441a8d1/element/f.70EA98C12271B5C153327B12E8209453.d.BE0BB3309143CCC08D39E8B88DD0C35D.e.24372/text - {}
RESULT: {}
COMMAND: GET /session/a5881d3eaca756d633e860ab0441a8d1/element/f.70EA98C12271B5C153327B12E8209453.d.BE0BB3309143CCC08D39E8B88DD0C35D.e.24373/text - {}
RESULT: {}
COMMAND: GET /session/a5881d3eaca756d633e860ab0441a8d1/element/f.70EA98C12271B5C153327B12E8209453.d.BE0BB3309143CCC08D39E8B88DD0C35D.e.24374/text - {}
RESULT: {}
COMMAND: GET /session/a5881d3eaca756d633e860ab0441a8d1/element/f.70EA98C12271B5C153327B12E8209453.d.BE0BB3309143CCC08D39E8B88DD0C35D.e.24375/text - {}
RESULT: {}
COMMAND: GET /session/a5881d3eaca756d633e860ab0441a8d1/element/f.70EA98C12271B5C153327B12E8209453.d.BE0BB3309143CCC08D39E8B88DD0C35D.e.23791/text - {}
RESULT: {}
COMMAND: POST /session/a5881d3eaca756d633e860ab0441a8d1/element - {"using":"xpath","value":"//tbody[contains(@id, \"customHandoversTable-tblBody\")]/tr[1]/td[14]/div/span"}
RESULT: {"using":"xpath","value":"//tbody[contains(@id, \"customHandoversTable-tblBody\")]/tr[1]/td[14]/div/span"}
COMMAND: POST /session/a5881d3eaca756d633e860ab0441a8d1/execute/sync - {"script":"<script> [56 bytes]","args":[{"element-6066-11e4-a52e-4f735466cecf":"f.70EA98C12271B5C153327B12E8209453.d.BE0BB3309143CCC08D39E8B88DD0C35D.e.24452","ELEMENT":"f.70EA98C12271B5C153327B12E8209453.d.BE0BB3309143CCC08D39E8B88DD0C35D.e.24452"}]}
RESULT: {"script":"<script> [56 bytes]","args":[{"element-6066-11e4-a52e-4f735466cecf":"f.70EA98C12271B5C153327B12E8209453.d.BE0BB3309143CCC08D39E8B88DD0C35D.e.24452","ELEMENT":"f.70EA98C12271B5C153327B12E8209453.d.BE0BB3309143CCC08D39E8B88DD0C35D.e.24452"}]}
COMMAND: POST /session/a5881d3eaca756d633e860ab0441a8d1/element - {"using":"xpath","value":"(//span[contains(@id, \"imgNav\")])[1]"}
COMMAND: GET /session/a5881d3eaca756d633e860ab0441a8d1/screenshot - {}
RESULT: {"using":"xpath","value":"(//span[contains(@id, \"imgNav\")])[1]"}
COMMAND: POST /session/a5881d3eaca756d633e860ab0441a8d1/element/f.70EA98C12271B5C153327B12E8209453.d.BE0BB3309143CCC08D39E8B88DD0C35D.e.24453/click - {}
RESULT: {}
RESULT: {}
COMMAND: GET /session/a5881d3eaca756d633e860ab0441a8d1/screenshot - {}
RESULT: {}
RESULT: undefined
COMMAND: POST /session/a5881d3eaca756d633e860ab0441a8d1/execute/async - {"script":"<script> [776 bytes]","args":[{"enterText":"05/21/25","selector":{"id":"receiptDatePicker","viewName":"etm.portal.ui.managehandovers.view.DetailExecuteHO","interaction":{"idSuffix":"inner"}},"clearTextFirst":true,"interactionType":"ENTER_TEXT"}]}
RESULT: {"script":"<script> [776 bytes]","args":[{"enterText":"05/21/25","selector":{"id":"receiptDatePicker","viewName":"etm.portal.ui.managehandovers.view.DetailExecuteHO","interaction":{"idSuffix":"inner"}},"clearTextFirst":true,"interactionType":"ENTER_TEXT"}]}
COMMAND: POST /session/a5881d3eaca756d633e860ab0441a8d1/element - {"using":"xpath","value":"//bdi[contains(text(), \"OK\")]"}
RESULT: {"using":"xpath","value":"//bdi[contains(text(), \"OK\")]"}
COMMAND: POST /session/a5881d3eaca756d633e860ab0441a8d1/element/f.70EA98C12271B5C153327B12E8209453.d.BE0BB3309143CCC08D39E8B88DD0C35D.e.24491/click - {}
RESULT: {}
COMMAND: GET /session/a5881d3eaca756d633e860ab0441a8d1/screenshot - {}
RESULT: {}
COMMAND: POST /session/a5881d3eaca756d633e860ab0441a8d1/element - {"using":"xpath","value":"//button[@data-kt=\"PickingTableConfirmAllButton\"]"}
RESULT: {"using":"xpath","value":"//button[@data-kt=\"PickingTableConfirmAllButton\"]"}
COMMAND: POST /session/a5881d3eaca756d633e860ab0441a8d1/element/f.70EA98C12271B5C153327B12E8209453.d.BE0BB3309143CCC08D39E8B88DD0C35D.e.24503/click - {}
RESULT: {}
COMMAND: GET /session/a5881d3eaca756d633e860ab0441a8d1/screenshot - {}
RESULT: {}
COMMAND: POST /session/a5881d3eaca756d633e860ab0441a8d1/element - {"using":"xpath","value":"//bdi[contains(text(), \"OK\")]"}
RESULT: {"using":"xpath","value":"//bdi[contains(text(), \"OK\")]"}
COMMAND: POST /session/a5881d3eaca756d633e860ab0441a8d1/element/f.70EA98C12271B5C153327B12E8209453.d.BE0BB3309143CCC08D39E8B88DD0C35D.e.24507/click - {}
RESULT: {}
COMMAND: GET /session/a5881d3eaca756d633e860ab0441a8d1/screenshot - {}
RESULT: {}
COMMAND: POST /session/a5881d3eaca756d633e860ab0441a8d1/element - {"using":"xpath","value":"//button[@data-kt= \"execHoReceiveButton\"]"}
RESULT: {"using":"xpath","value":"//button[@data-kt= \"execHoReceiveButton\"]"}
COMMAND: POST /session/a5881d3eaca756d633e860ab0441a8d1/element/f.70EA98C12271B5C153327B12E8209453.d.BE0BB3309143CCC08D39E8B88DD0C35D.e.24508/click - {}
RESULT: {}
COMMAND: GET /session/a5881d3eaca756d633e860ab0441a8d1/screenshot - {}
RESULT: {}
COMMAND: POST /session/a5881d3eaca756d633e860ab0441a8d1/element - {"using":"xpath","value":"//input[contains(@id ,\"smartFilterBar-btnBasicSearch-I\")]"}
RESULT: {"using":"xpath","value":"//input[contains(@id ,\"smartFilterBar-btnBasicSearch-I\")]"}
COMMAND: POST /session/a5881d3eaca756d633e860ab0441a8d1/elements - {"using":"xpath","value":"//input[contains(@id ,\"smartFilterBar-btnBasicSearch-I\")]"}
RESULT: {"using":"xpath","value":"//input[contains(@id ,\"smartFilterBar-btnBasicSearch-I\")]"}
COMMAND: POST /session/a5881d3eaca756d633e860ab0441a8d1/execute/sync - {"script":"<script> [8489 bytes]","args":[{"element-6066-11e4-a52e-4f735466cecf":"f.70EA98C12271B5C153327B12E8209453.d.BE0BB3309143CCC08D39E8B88DD0C35D.e.23757","ELEMENT":"f.70EA98C12271B5C153327B12E8209453.d.BE0BB3309143CCC08D39E8B88DD0C35D.e.23757"}]}
RESULT: {"script":"<script> [8489 bytes]","args":[{"element-6066-11e4-a52e-4f735466cecf":"f.70EA98C12271B5C153327B12E8209453.d.BE0BB3309143CCC08D39E8B88DD0C35D.e.23757","ELEMENT":"f.70EA98C12271B5C153327B12E8209453.d.BE0BB3309143CCC08D39E8B88DD0C35D.e.23757"}]}
COMMAND: GET /session/a5881d3eaca756d633e860ab0441a8d1/element/f.70EA98C12271B5C153327B12E8209453.d.BE0BB3309143CCC08D39E8B88DD0C35D.e.23757/enabled - {}
COMMAND: GET /session/a5881d3eaca756d633e860ab0441a8d1/screenshot - {}
RESULT: {}
COMMAND: POST /session/a5881d3eaca756d633e860ab0441a8d1/element/f.70EA98C12271B5C153327B12E8209453.d.BE0BB3309143CCC08D39E8B88DD0C35D.e.23757/clear - {}
COMMAND: GET /session/a5881d3eaca756d633e860ab0441a8d1/screenshot - {}
RESULT: {}
RESULT: {}
COMMAND: POST /session/a5881d3eaca756d633e860ab0441a8d1/element/f.70EA98C12271B5C153327B12E8209453.d.BE0BB3309143CCC08D39E8B88DD0C35D.e.23757/value - {"text":"30597"}
COMMAND: GET /session/a5881d3eaca756d633e860ab0441a8d1/screenshot - {}
RESULT: {}
RESULT: {"text":"30597"}
COMMAND: GET /session/a5881d3eaca756d633e860ab0441a8d1/screenshot - {}
RESULT: {}
RESULT: {}
COMMAND: POST /session/a5881d3eaca756d633e860ab0441a8d1/actions - {"actions":[{"id":"action88","type":"key","parameters":{},"actions":[{"type":"keyDown","value":"î€‡"},{"type":"pause","duration":10},{"type":"keyUp","value":"î€‡"}]}]}
RESULT: {"actions":[{"id":"action88","type":"key","parameters":{},"actions":[{"type":"keyDown","value":"î€‡"},{"type":"pause","duration":10},{"type":"keyUp","value":"î€‡"}]}]}
COMMAND: GET /session/a5881d3eaca756d633e860ab0441a8d1/screenshot - {}
RESULT: {}
COMMAND: POST /session/a5881d3eaca756d633e860ab0441a8d1/element - {"using":"xpath","value":"//span[contains(@id, \"smartTable-header-inner\")]"}
RESULT: {"using":"xpath","value":"//span[contains(@id, \"smartTable-header-inner\")]"}
COMMAND: POST /session/a5881d3eaca756d633e860ab0441a8d1/elements - {"using":"xpath","value":"//span[contains(@id, \"smartTable-header-inner\")]"}
RESULT: {"using":"xpath","value":"//span[contains(@id, \"smartTable-header-inner\")]"}
COMMAND: POST /session/a5881d3eaca756d633e860ab0441a8d1/execute/sync - {"script":"<script> [56 bytes]","args":[{"element-6066-11e4-a52e-4f735466cecf":"f.70EA98C12271B5C153327B12E8209453.d.BE0BB3309143CCC08D39E8B88DD0C35D.e.24312","ELEMENT":"f.70EA98C12271B5C153327B12E8209453.d.BE0BB3309143CCC08D39E8B88DD0C35D.e.24312"}]}
RESULT: {"script":"<script> [56 bytes]","args":[{"element-6066-11e4-a52e-4f735466cecf":"f.70EA98C12271B5C153327B12E8209453.d.BE0BB3309143CCC08D39E8B88DD0C35D.e.24312","ELEMENT":"f.70EA98C12271B5C153327B12E8209453.d.BE0BB3309143CCC08D39E8B88DD0C35D.e.24312"}]}
COMMAND: POST /session/a5881d3eaca756d633e860ab0441a8d1/elements - {"using":"xpath","value":"//thead[contains(@class, \"sapMTableTH\")]/tr/th"}
COMMAND: GET /session/a5881d3eaca756d633e860ab0441a8d1/screenshot - {}
RESULT: {"using":"xpath","value":"//thead[contains(@class, \"sapMTableTH\")]/tr/th"}
COMMAND: GET /session/a5881d3eaca756d633e860ab0441a8d1/element/f.70EA98C12271B5C153327B12E8209453.d.BE0BB3309143CCC08D39E8B88DD0C35D.e.24398/text - {}
RESULT: {}
RESULT: {}
COMMAND: GET /session/a5881d3eaca756d633e860ab0441a8d1/element/f.70EA98C12271B5C153327B12E8209453.d.BE0BB3309143CCC08D39E8B88DD0C35D.e.24399/text - {}
RESULT: {}
COMMAND: GET /session/a5881d3eaca756d633e860ab0441a8d1/element/f.70EA98C12271B5C153327B12E8209453.d.BE0BB3309143CCC08D39E8B88DD0C35D.e.23788/text - {}
RESULT: {}
COMMAND: GET /session/a5881d3eaca756d633e860ab0441a8d1/element/f.70EA98C12271B5C153327B12E8209453.d.BE0BB3309143CCC08D39E8B88DD0C35D.e.23790/text - {}
RESULT: {}
COMMAND: GET /session/a5881d3eaca756d633e860ab0441a8d1/element/f.70EA98C12271B5C153327B12E8209453.d.BE0BB3309143CCC08D39E8B88DD0C35D.e.24512/text - {}
RESULT: {}
COMMAND: GET /session/a5881d3eaca756d633e860ab0441a8d1/element/f.70EA98C12271B5C153327B12E8209453.d.BE0BB3309143CCC08D39E8B88DD0C35D.e.24513/text - {}
RESULT: {}
COMMAND: GET /session/a5881d3eaca756d633e860ab0441a8d1/element/f.70EA98C12271B5C153327B12E8209453.d.BE0BB3309143CCC08D39E8B88DD0C35D.e.24514/text - {}
RESULT: {}
COMMAND: GET /session/a5881d3eaca756d633e860ab0441a8d1/element/f.70EA98C12271B5C153327B12E8209453.d.BE0BB3309143CCC08D39E8B88DD0C35D.e.24515/text - {}
RESULT: {}
COMMAND: GET /session/a5881d3eaca756d633e860ab0441a8d1/element/f.70EA98C12271B5C153327B12E8209453.d.BE0BB3309143CCC08D39E8B88DD0C35D.e.24516/text - {}
RESULT: {}
COMMAND: GET /session/a5881d3eaca756d633e860ab0441a8d1/element/f.70EA98C12271B5C153327B12E8209453.d.BE0BB3309143CCC08D39E8B88DD0C35D.e.24517/text - {}
RESULT: {}
COMMAND: GET /session/a5881d3eaca756d633e860ab0441a8d1/element/f.70EA98C12271B5C153327B12E8209453.d.BE0BB3309143CCC08D39E8B88DD0C35D.e.24518/text - {}
RESULT: {}
COMMAND: GET /session/a5881d3eaca756d633e860ab0441a8d1/element/f.70EA98C12271B5C153327B12E8209453.d.BE0BB3309143CCC08D39E8B88DD0C35D.e.24519/text - {}
RESULT: {}
COMMAND: GET /session/a5881d3eaca756d633e860ab0441a8d1/element/f.70EA98C12271B5C153327B12E8209453.d.BE0BB3309143CCC08D39E8B88DD0C35D.e.24520/text - {}
RESULT: {}
COMMAND: GET /session/a5881d3eaca756d633e860ab0441a8d1/element/f.70EA98C12271B5C153327B12E8209453.d.BE0BB3309143CCC08D39E8B88DD0C35D.e.23791/text - {}
RESULT: {}
COMMAND: POST /session/a5881d3eaca756d633e860ab0441a8d1/element - {"using":"xpath","value":"//tbody[contains(@id, \"customHandoversTable-tblBody\")]/tr[1]/td[14]/div/span"}
RESULT: {"using":"xpath","value":"//tbody[contains(@id, \"customHandoversTable-tblBody\")]/tr[1]/td[14]/div/span"}
COMMAND: POST /session/a5881d3eaca756d633e860ab0441a8d1/execute/sync - {"script":"<script> [56 bytes]","args":[{"element-6066-11e4-a52e-4f735466cecf":"f.70EA98C12271B5C153327B12E8209453.d.BE0BB3309143CCC08D39E8B88DD0C35D.e.24564","ELEMENT":"f.70EA98C12271B5C153327B12E8209453.d.BE0BB3309143CCC08D39E8B88DD0C35D.e.24564"}]}
RESULT: {"script":"<script> [56 bytes]","args":[{"element-6066-11e4-a52e-4f735466cecf":"f.70EA98C12271B5C153327B12E8209453.d.BE0BB3309143CCC08D39E8B88DD0C35D.e.24564","ELEMENT":"f.70EA98C12271B5C153327B12E8209453.d.BE0BB3309143CCC08D39E8B88DD0C35D.e.24564"}]}
COMMAND: POST /session/a5881d3eaca756d633e860ab0441a8d1/element - {"using":"css selector","value":"#shell-header-logo"}
COMMAND: GET /session/a5881d3eaca756d633e860ab0441a8d1/screenshot - {}
RESULT: {"using":"css selector","value":"#shell-header-logo"}
COMMAND: POST /session/a5881d3eaca756d633e860ab0441a8d1/element/f.70EA98C12271B5C153327B12E8209453.d.BE0BB3309143CCC08D39E8B88DD0C35D.e.23404/click - {}
RESULT: {}
RESULT: {}
COMMAND: GET /session/a5881d3eaca756d633e860ab0441a8d1/screenshot - {}
RESULT: {}
]]></system-out>
    </testcase>
    <testcase classname="chrome.135_0_7049_96.windows.Billing_Calculation_-_Time_based_(considering_transport_times)_US139738" name="Should do another billing run but in around 17 days from today" time="57.409">
      <system-out><![CDATA[
RESULT: undefined
COMMAND: POST /session/a5881d3eaca756d633e860ab0441a8d1/element - {"using":"xpath","value":"//*[@id=\"__tile51\"]"}
RESULT: {"using":"xpath","value":"//*[@id=\"__tile51\"]"}
COMMAND: POST /session/a5881d3eaca756d633e860ab0441a8d1/element/f.70EA98C12271B5C153327B12E8209453.d.BE0BB3309143CCC08D39E8B88DD0C35D.e.18870/click - {}
RESULT: {}
COMMAND: GET /session/a5881d3eaca756d633e860ab0441a8d1/screenshot - {}
RESULT: {}
RESULT: undefined
COMMAND: POST /session/a5881d3eaca756d633e860ab0441a8d1/execute/async - {"script":"<script> [776 bytes]","args":[{"enterText":"10421","selector":{"id":"application-managebillings-display-component---billRunCalcResult--smartFilterBar-btnBasicSearch","interaction":{"idSuffix":"I"}},"clearTextFirst":true,"interactionType":"ENTER_TEXT"}]}
RESULT: {"script":"<script> [776 bytes]","args":[{"enterText":"10421","selector":{"id":"application-managebillings-display-component---billRunCalcResult--smartFilterBar-btnBasicSearch","interaction":{"idSuffix":"I"}},"clearTextFirst":true,"interactionType":"ENTER_TEXT"}]}
COMMAND: POST /session/a5881d3eaca756d633e860ab0441a8d1/actions - {"actions":[{"id":"action89","type":"key","parameters":{},"actions":[{"type":"keyDown","value":"î€‡"},{"type":"pause","duration":10},{"type":"keyUp","value":"î€‡"}]}]}
RESULT: {"actions":[{"id":"action89","type":"key","parameters":{},"actions":[{"type":"keyDown","value":"î€‡"},{"type":"pause","duration":10},{"type":"keyUp","value":"î€‡"}]}]}
COMMAND: GET /session/a5881d3eaca756d633e860ab0441a8d1/screenshot - {}
RESULT: {}
COMMAND: POST /session/a5881d3eaca756d633e860ab0441a8d1/element - {"using":"xpath","value":"//td[@aria-colindex=\"1\"]/div/div[contains(@class, \"sapMCbBg\")]"}
RESULT: {"using":"xpath","value":"//td[@aria-colindex=\"1\"]/div/div[contains(@class, \"sapMCbBg\")]"}
COMMAND: POST /session/a5881d3eaca756d633e860ab0441a8d1/element/f.70EA98C12271B5C153327B12E8209453.d.BE0BB3309143CCC08D39E8B88DD0C35D.e.24777/click - {}
RESULT: {}
COMMAND: GET /session/a5881d3eaca756d633e860ab0441a8d1/screenshot - {}
RESULT: {}
RESULT: undefined
COMMAND: POST /session/a5881d3eaca756d633e860ab0441a8d1/execute/async - {"script":"<script> [776 bytes]","args":[{"enterText":"05/17/25","selector":{"id":"application-managebillings-display-component---billRunCalcResult--contractBillRunDate","interaction":{"idSuffix":"inner"}},"clearTextFirst":true,"interactionType":"ENTER_TEXT"}]}
RESULT: {"script":"<script> [776 bytes]","args":[{"enterText":"05/17/25","selector":{"id":"application-managebillings-display-component---billRunCalcResult--contractBillRunDate","interaction":{"idSuffix":"inner"}},"clearTextFirst":true,"interactionType":"ENTER_TEXT"}]}
COMMAND: POST /session/a5881d3eaca756d633e860ab0441a8d1/element - {"using":"xpath","value":"//bdi[contains(text(), \"Trigger Calculation\")]"}
RESULT: {"using":"xpath","value":"//bdi[contains(text(), \"Trigger Calculation\")]"}
COMMAND: POST /session/a5881d3eaca756d633e860ab0441a8d1/element/f.70EA98C12271B5C153327B12E8209453.d.BE0BB3309143CCC08D39E8B88DD0C35D.e.24827/click - {}
RESULT: {}
COMMAND: GET /session/a5881d3eaca756d633e860ab0441a8d1/screenshot - {}
RESULT: {}
COMMAND: POST /session/a5881d3eaca756d633e860ab0441a8d1/element - {"using":"xpath","value":"(//span[contains(@id, \"imgNav\")])[1]"}
RESULT: {"using":"xpath","value":"(//span[contains(@id, \"imgNav\")])[1]"}
COMMAND: POST /session/a5881d3eaca756d633e860ab0441a8d1/element/f.70EA98C12271B5C153327B12E8209453.d.BE0BB3309143CCC08D39E8B88DD0C35D.e.24778/click - {}
RESULT: {}
COMMAND: GET /session/a5881d3eaca756d633e860ab0441a8d1/screenshot - {}
RESULT: {}
COMMAND: POST /session/a5881d3eaca756d633e860ab0441a8d1/element - {"using":"xpath","value":"//tr/td[6]/div[1]/span[1]/span[1]"}
RESULT: {"using":"xpath","value":"//tr/td[6]/div[1]/span[1]/span[1]"}
COMMAND: GET /session/a5881d3eaca756d633e860ab0441a8d1/element/f.70EA98C12271B5C153327B12E8209453.d.BE0BB3309143CCC08D39E8B88DD0C35D.e.24831/text - {}
RESULT: {}
COMMAND: POST /session/a5881d3eaca756d633e860ab0441a8d1/element - {"using":"xpath","value":"(//span[contains(@id, \"imgNav\")])[2]"}
RESULT: {"using":"xpath","value":"(//span[contains(@id, \"imgNav\")])[2]"}
COMMAND: POST /session/a5881d3eaca756d633e860ab0441a8d1/element/f.70EA98C12271B5C153327B12E8209453.d.BE0BB3309143CCC08D39E8B88DD0C35D.e.24832/click - {}
RESULT: {}
COMMAND: POST /session/a5881d3eaca756d633e860ab0441a8d1/element - {"using":"xpath","value":"//bdi[contains(text(), \"Business Confirm\")]"}
COMMAND: GET /session/a5881d3eaca756d633e860ab0441a8d1/screenshot - {}
RESULT: {"using":"xpath","value":"//bdi[contains(text(), \"Business Confirm\")]"}
COMMAND: POST /session/a5881d3eaca756d633e860ab0441a8d1/elements - {"using":"xpath","value":"//bdi[contains(text(), \"Business Confirm\")]"}
RESULT: {}
RESULT: {"using":"xpath","value":"//bdi[contains(text(), \"Business Confirm\")]"}
COMMAND: POST /session/a5881d3eaca756d633e860ab0441a8d1/element - {"using":"xpath","value":"//bdi[contains(text(), \"Business Confirm\")]"}
RESULT: {"using":"xpath","value":"//bdi[contains(text(), \"Business Confirm\")]"}
COMMAND: POST /session/a5881d3eaca756d633e860ab0441a8d1/element/f.70EA98C12271B5C153327B12E8209453.d.BE0BB3309143CCC08D39E8B88DD0C35D.e.24880/click - {}
RESULT: {}
COMMAND: POST /session/a5881d3eaca756d633e860ab0441a8d1/element - {"using":"css selector","value":"#shell-header-logo"}
COMMAND: GET /session/a5881d3eaca756d633e860ab0441a8d1/screenshot - {}
RESULT: {"using":"css selector","value":"#shell-header-logo"}
COMMAND: POST /session/a5881d3eaca756d633e860ab0441a8d1/element/f.70EA98C12271B5C153327B12E8209453.d.BE0BB3309143CCC08D39E8B88DD0C35D.e.24568/click - {}
RESULT: {}
RESULT: {}
COMMAND: GET /session/a5881d3eaca756d633e860ab0441a8d1/screenshot - {}
RESULT: {}
]]></system-out>
    </testcase>
  </testsuite>
</testsuites>