<?xml version="1.0" encoding="UTF-8"?>
<testsuites tests="7" failures="7" errors="7" skipped="0">
  <testsuite timestamp="2025-05-06T16:36:27" time="507.61" tests="7" failures="7" errors="7" skipped="0">
    <properties>
      <property name="specId" value="0" />
      <property name="suiteName" value="Create masterdata for Yard Overview - trigger provide US130988" />
      <property name="capabilities" value="chrome.135_0_7049_115.windows" />
      <property name="file" value="file:///D:/a/1/s/test/specs/HTR/yard-movement-putaways.spec.js" />
    </properties>
  </testsuite>
</testsuites>