<?xml version="1.0" encoding="UTF-8"?>
<testsuites tests="24" failures="4" errors="4" skipped="0">
  <testsuite timestamp="2025-06-05T15:37:42" time="643.853" tests="5" failures="0" errors="0" skipped="0">
    <properties>
      <property name="specId" value="0" />
      <property name="suiteName" value="Manage Requests Tags Tests US120163" />
      <property name="capabilities" value="chrome.137_0_7151_56.windows" />
      <property name="file" value="file:///D:/a/1/s/test/specs/R2C/create-request-Tags.spec.js" />
    </properties>
    <testcase classname="chrome.137_0_7151_56.windows.Manage_Requests_Tags_Tests_US120163" name="Should create a new yard" time="134.475">
      <system-out><![CDATA[
COMMAND: POST /session/25dcfb25871b33b6fbae40ebb9612352/execute/async - {"script":"<script> [1562 bytes]","args":[{"selector":{"controlType":"sap.m.GenericTile","properties":{"header":"Manage Yards"}},"wdio_ui5_key":"sapm.GenericTile{\"header\":\"Manage Yards\"}"}]}
RESULT: {"script":"<script> [1562 bytes]","args":[{"selector":{"controlType":"sap.m.GenericTile","properties":{"header":"Manage Yards"}},"wdio_ui5_key":"sapm.GenericTile{\"header\":\"Manage Yards\"}"}]}
RESULT: undefined
COMMAND: POST /session/25dcfb25871b33b6fbae40ebb9612352/element - {"using":"xpath","value":"//*[@id=\"__tile41\"]"}
RESULT: {"using":"xpath","value":"//*[@id=\"__tile41\"]"}
COMMAND: POST /session/25dcfb25871b33b6fbae40ebb9612352/element/f.2438752634DB01E0CA013ABFBE801384.d.06E2C22741BB64423BAA169FF95E858A.e.113/click - {}
RESULT: {}
COMMAND: GET /session/25dcfb25871b33b6fbae40ebb9612352/screenshot - {}
RESULT: {}
COMMAND: POST /session/25dcfb25871b33b6fbae40ebb9612352/elements - {"using":"xpath","value":"//span[text()='Error']"}
RESULT: {"using":"xpath","value":"//span[text()='Error']"}
COMMAND: POST /session/25dcfb25871b33b6fbae40ebb9612352/execute/async - {"script":"<script> [1562 bytes]","args":[{"selector":{"controlType":"sap.ui.core.Icon","viewName":"etm.portal.ui.manageyards.view.Master","viewId":"application-manageyards-display-component---masterYard","properties":{"src":{"regex":{"source":"add"}}}},"wdio_ui5_key":"etmportal.ui.manageyards.view.Mastersap.ui.core.Icon{\"src\":{\"regex\":{\"source\":\"add\"}}}"}]}
RESULT: {"script":"<script> [1562 bytes]","args":[{"selector":{"controlType":"sap.ui.core.Icon","viewName":"etm.portal.ui.manageyards.view.Master","viewId":"application-manageyards-display-component---masterYard","properties":{"src":{"regex":{"source":"add"}}}},"wdio_ui5_key":"etmportal.ui.manageyards.view.Mastersap.ui.core.Icon{\"src\":{\"regex\":{\"source\":\"add\"}}}"}]}
RESULT: undefined
COMMAND: POST /session/25dcfb25871b33b6fbae40ebb9612352/element - {"using":"xpath","value":"//*[@id=\"__button4-img\"]"}
RESULT: {"using":"xpath","value":"//*[@id=\"__button4-img\"]"}
COMMAND: POST /session/25dcfb25871b33b6fbae40ebb9612352/element/f.2438752634DB01E0CA013ABFBE801384.d.06E2C22741BB64423BAA169FF95E858A.e.161/click - {}
RESULT: {}
COMMAND: GET /session/25dcfb25871b33b6fbae40ebb9612352/screenshot - {}
RESULT: {}
COMMAND: POST /session/25dcfb25871b33b6fbae40ebb9612352/execute/async - {"script":"<script> [1562 bytes]","args":[{"selector":{"id":"application-manageyards-display-component---NewYard--yardId","interaction":{"idSuffix":"inner"}},"wdio_ui5_key":"applicationmanageyards-display-component---NewYard--yardId"}]}
RESULT: {"script":"<script> [1562 bytes]","args":[{"selector":{"id":"application-manageyards-display-component---NewYard--yardId","interaction":{"idSuffix":"inner"}},"wdio_ui5_key":"applicationmanageyards-display-component---NewYard--yardId"}]}
RESULT: undefined
COMMAND: POST /session/25dcfb25871b33b6fbae40ebb9612352/element - {"using":"xpath","value":"//*[@id=\"application-manageyards-display-component---NewYard--addressDetailDetailsName1-inner\"]"}
RESULT: {"using":"xpath","value":"//*[@id=\"application-manageyards-display-component---NewYard--addressDetailDetailsName1-inner\"]"}
COMMAND: POST /session/25dcfb25871b33b6fbae40ebb9612352/element/f.2438752634DB01E0CA013ABFBE801384.d.06E2C22741BB64423BAA169FF95E858A.e.378/clear - {}
RESULT: {}
COMMAND: POST /session/25dcfb25871b33b6fbae40ebb9612352/element/f.2438752634DB01E0CA013ABFBE801384.d.06E2C22741BB64423BAA169FF95E858A.e.378/value - {"text":"WebdriverYardg92yd"}
COMMAND: GET /session/25dcfb25871b33b6fbae40ebb9612352/screenshot - {}
RESULT: {"text":"WebdriverYardg92yd"}
COMMAND: POST /session/25dcfb25871b33b6fbae40ebb9612352/element - {"using":"xpath","value":"//*[@id=\"application-manageyards-display-component---NewYard--addressDetailDetailsLanguage-inner\"]"}
COMMAND: GET /session/25dcfb25871b33b6fbae40ebb9612352/screenshot - {}
RESULT: {}
RESULT: {"using":"xpath","value":"//*[@id=\"application-manageyards-display-component---NewYard--addressDetailDetailsLanguage-inner\"]"}
COMMAND: POST /session/25dcfb25871b33b6fbae40ebb9612352/element/f.2438752634DB01E0CA013ABFBE801384.d.06E2C22741BB64423BAA169FF95E858A.e.379/clear - {}
RESULT: {}
RESULT: {}
COMMAND: POST /session/25dcfb25871b33b6fbae40ebb9612352/element/f.2438752634DB01E0CA013ABFBE801384.d.06E2C22741BB64423BAA169FF95E858A.e.379/value - {"text":"Romanian"}
COMMAND: GET /session/25dcfb25871b33b6fbae40ebb9612352/screenshot - {}
RESULT: {"text":"Romanian"}
COMMAND: POST /session/25dcfb25871b33b6fbae40ebb9612352/element - {"using":"xpath","value":"//input[contains(@id ,\"application-manageyards-display-component---NewYard--addressDetailDetailsName1-inner\")]"}
COMMAND: GET /session/25dcfb25871b33b6fbae40ebb9612352/screenshot - {}
RESULT: {}
RESULT: {"using":"xpath","value":"//input[contains(@id ,\"application-manageyards-display-component---NewYard--addressDetailDetailsName1-inner\")]"}
COMMAND: GET /session/25dcfb25871b33b6fbae40ebb9612352/element/f.2438752634DB01E0CA013ABFBE801384.d.06E2C22741BB64423BAA169FF95E858A.e.378/property/value - {}
RESULT: {}
RESULT: {}
COMMAND: GET /session/25dcfb25871b33b6fbae40ebb9612352/screenshot - {}
RESULT: {}
COMMAND: POST /session/25dcfb25871b33b6fbae40ebb9612352/element - {"using":"xpath","value":"//*[@id=\"application-manageyards-display-component---NewYard--addressDetailDetailsCity1-inner\"]"}
RESULT: {"using":"xpath","value":"//*[@id=\"application-manageyards-display-component---NewYard--addressDetailDetailsCity1-inner\"]"}
COMMAND: POST /session/25dcfb25871b33b6fbae40ebb9612352/element/f.2438752634DB01E0CA013ABFBE801384.d.06E2C22741BB64423BAA169FF95E858A.e.381/clear - {}
RESULT: {}
COMMAND: POST /session/25dcfb25871b33b6fbae40ebb9612352/element/f.2438752634DB01E0CA013ABFBE801384.d.06E2C22741BB64423BAA169FF95E858A.e.381/value - {"text":"Bucuresti"}
COMMAND: GET /session/25dcfb25871b33b6fbae40ebb9612352/screenshot - {}
RESULT: {"text":"Bucuresti"}
COMMAND: GET /session/25dcfb25871b33b6fbae40ebb9612352/screenshot - {}
RESULT: {}
RESULT: {}
COMMAND: POST /session/25dcfb25871b33b6fbae40ebb9612352/element - {"using":"xpath","value":"//*[@id=\"application-manageyards-display-component---NewYard--addressDetailDetailsCountry-inner\"]"}
RESULT: {"using":"xpath","value":"//*[@id=\"application-manageyards-display-component---NewYard--addressDetailDetailsCountry-inner\"]"}
COMMAND: POST /session/25dcfb25871b33b6fbae40ebb9612352/element/f.2438752634DB01E0CA013ABFBE801384.d.06E2C22741BB64423BAA169FF95E858A.e.385/clear - {}
RESULT: {}
COMMAND: POST /session/25dcfb25871b33b6fbae40ebb9612352/element/f.2438752634DB01E0CA013ABFBE801384.d.06E2C22741BB64423BAA169FF95E858A.e.385/value - {"text":"Romania"}
COMMAND: GET /session/25dcfb25871b33b6fbae40ebb9612352/screenshot - {}
RESULT: {"text":"Romania"}
COMMAND: GET /session/25dcfb25871b33b6fbae40ebb9612352/screenshot - {}
RESULT: {}
RESULT: {}
COMMAND: POST /session/25dcfb25871b33b6fbae40ebb9612352/element - {"using":"xpath","value":"//div[contains(text(), \"Commercial\")]"}
RESULT: {"using":"xpath","value":"//div[contains(text(), \"Commercial\")]"}
COMMAND: GET /session/25dcfb25871b33b6fbae40ebb9612352/element/f.2438752634DB01E0CA013ABFBE801384.d.06E2C22741BB64423BAA169FF95E858A.e.574/rect - {}
RESULT: {}
COMMAND: GET /session/25dcfb25871b33b6fbae40ebb9612352/window/rect - {}
RESULT: {}
COMMAND: POST /session/25dcfb25871b33b6fbae40ebb9612352/execute/sync - {"script":"<script> [92 bytes]","args":[]}
RESULT: {"script":"<script> [92 bytes]","args":[]}
COMMAND: POST /session/25dcfb25871b33b6fbae40ebb9612352/actions - {"actions":[{"id":"action1","type":"wheel","parameters":{},"actions":[{"type":"scroll","x":-1841,"y":-44,"deltaX":0,"deltaY":0,"duration":0,"origin":{"element-6066-11e4-a52e-4f735466cecf":"f.2438752634DB01E0CA013ABFBE801384.d.06E2C22741BB64423BAA169FF95E858A.e.574"}}]}]}
COMMAND: GET /session/25dcfb25871b33b6fbae40ebb9612352/screenshot - {}
RESULT: {}
COMMAND: POST /session/25dcfb25871b33b6fbae40ebb9612352/execute/sync - {"script":"<script> [79 bytes]","args":[{"element-6066-11e4-a52e-4f735466cecf":"f.2438752634DB01E0CA013ABFBE801384.d.06E2C22741BB64423BAA169FF95E858A.e.574","ELEMENT":"f.2438752634DB01E0CA013ABFBE801384.d.06E2C22741BB64423BAA169FF95E858A.e.574"},{"block":"start","inline":"nearest"}]}
RESULT: {"script":"<script> [79 bytes]","args":[{"element-6066-11e4-a52e-4f735466cecf":"f.2438752634DB01E0CA013ABFBE801384.d.06E2C22741BB64423BAA169FF95E858A.e.574","ELEMENT":"f.2438752634DB01E0CA013ABFBE801384.d.06E2C22741BB64423BAA169FF95E858A.e.574"},{"block":"start","inline":"nearest"}]}
COMMAND: GET /session/25dcfb25871b33b6fbae40ebb9612352/screenshot - {}
RESULT: {}
COMMAND: POST /session/25dcfb25871b33b6fbae40ebb9612352/execute/async - {"script":"<script> [1562 bytes]","args":[{"selector":{"id":"application-manageyards-display-component---NewYard--addressEditDetailsCostObjectCstType-arrow"},"wdio_ui5_key":"applicationmanageyards-display-component---NewYard--addressEditDetailsCostObjectCstType-arrow"}]}
RESULT: {"script":"<script> [1562 bytes]","args":[{"selector":{"id":"application-manageyards-display-component---NewYard--addressEditDetailsCostObjectCstType-arrow"},"wdio_ui5_key":"applicationmanageyards-display-component---NewYard--addressEditDetailsCostObjectCstType-arrow"}]}
RESULT: undefined
COMMAND: POST /session/25dcfb25871b33b6fbae40ebb9612352/element - {"using":"xpath","value":"//*[@id=\"application-manageyards-display-component---NewYard--addressEditDetailsCostObjectCstType-arrow\"]"}
RESULT: {"using":"xpath","value":"//*[@id=\"application-manageyards-display-component---NewYard--addressEditDetailsCostObjectCstType-arrow\"]"}
COMMAND: POST /session/25dcfb25871b33b6fbae40ebb9612352/element/f.2438752634DB01E0CA013ABFBE801384.d.06E2C22741BB64423BAA169FF95E858A.e.582/click - {}
RESULT: {}
COMMAND: POST /session/25dcfb25871b33b6fbae40ebb9612352/element - {"using":"xpath","value":"//span[contains(text(), \"Cost Center\")]"}
COMMAND: GET /session/25dcfb25871b33b6fbae40ebb9612352/screenshot - {}
RESULT: {"using":"xpath","value":"//span[contains(text(), \"Cost Center\")]"}
COMMAND: POST /session/25dcfb25871b33b6fbae40ebb9612352/element/f.2438752634DB01E0CA013ABFBE801384.d.06E2C22741BB64423BAA169FF95E858A.e.583/click - {}
RESULT: {}
RESULT: {}
COMMAND: GET /session/25dcfb25871b33b6fbae40ebb9612352/screenshot - {}
RESULT: {}
COMMAND: POST /session/25dcfb25871b33b6fbae40ebb9612352/execute/async - {"script":"<script> [1562 bytes]","args":[{"selector":{"id":"application-manageyards-display-component---NewYard--addressNewCostObjectCstID-vhi"},"wdio_ui5_key":"applicationmanageyards-display-component---NewYard--addressNewCostObjectCstID-vhi"}]}
RESULT: {"script":"<script> [1562 bytes]","args":[{"selector":{"id":"application-manageyards-display-component---NewYard--addressNewCostObjectCstID-vhi"},"wdio_ui5_key":"applicationmanageyards-display-component---NewYard--addressNewCostObjectCstID-vhi"}]}
RESULT: undefined
COMMAND: POST /session/25dcfb25871b33b6fbae40ebb9612352/element - {"using":"xpath","value":"//*[@id=\"application-manageyards-display-component---NewYard--addressNewCostObjectCstID-vhi\"]"}
RESULT: {"using":"xpath","value":"//*[@id=\"application-manageyards-display-component---NewYard--addressNewCostObjectCstID-vhi\"]"}
COMMAND: POST /session/25dcfb25871b33b6fbae40ebb9612352/element/f.2438752634DB01E0CA013ABFBE801384.d.06E2C22741BB64423BAA169FF95E858A.e.598/click - {}
RESULT: {}
COMMAND: GET /session/25dcfb25871b33b6fbae40ebb9612352/screenshot - {}
RESULT: {}
COMMAND: POST /session/25dcfb25871b33b6fbae40ebb9612352/execute/async - {"script":"<script> [1562 bytes]","args":[{"selector":{"controlType":"sap.m.SearchField","properties":{"placeholder":"Search"},"searchOpenDialogs":true,"interaction":{"idSuffix":"I"}},"wdio_ui5_key":"sapm.SearchField{\"placeholder\":\"Search\"}"}]}
RESULT: {"script":"<script> [1562 bytes]","args":[{"selector":{"controlType":"sap.m.SearchField","properties":{"placeholder":"Search"},"searchOpenDialogs":true,"interaction":{"idSuffix":"I"}},"wdio_ui5_key":"sapm.SearchField{\"placeholder\":\"Search\"}"}]}
RESULT: undefined
COMMAND: POST /session/25dcfb25871b33b6fbae40ebb9612352/execute/async - {"script":"<script> [776 bytes]","args":[{"enterText":"10001013","selector":{"controlType":"sap.m.SearchField","properties":{"placeholder":"Search"},"searchOpenDialogs":true,"interaction":{"idSuffix":"I"}},"clearTextFirst":true,"interactionType":"ENTER_TEXT"}]}
RESULT: {"script":"<script> [776 bytes]","args":[{"enterText":"10001013","selector":{"controlType":"sap.m.SearchField","properties":{"placeholder":"Search"},"searchOpenDialogs":true,"interaction":{"idSuffix":"I"}},"clearTextFirst":true,"interactionType":"ENTER_TEXT"}]}
COMMAND: POST /session/25dcfb25871b33b6fbae40ebb9612352/actions - {"actions":[{"id":"action2","type":"key","parameters":{},"actions":[{"type":"keyDown","value":"î€‡"},{"type":"pause","duration":10},{"type":"keyUp","value":"î€‡"}]}]}
RESULT: {"actions":[{"id":"action2","type":"key","parameters":{},"actions":[{"type":"keyDown","value":"î€‡"},{"type":"pause","duration":10},{"type":"keyUp","value":"î€‡"}]}]}
COMMAND: GET /session/25dcfb25871b33b6fbae40ebb9612352/screenshot - {}
RESULT: {}
COMMAND: POST /session/25dcfb25871b33b6fbae40ebb9612352/element - {"using":"xpath","value":"//span[contains(text(), \"General Management\")]"}
RESULT: {"using":"xpath","value":"//span[contains(text(), \"General Management\")]"}
COMMAND: POST /session/25dcfb25871b33b6fbae40ebb9612352/element/f.2438752634DB01E0CA013ABFBE801384.d.06E2C22741BB64423BAA169FF95E858A.e.639/click - {}
RESULT: {}
COMMAND: GET /session/25dcfb25871b33b6fbae40ebb9612352/screenshot - {}
RESULT: {}
COMMAND: POST /session/25dcfb25871b33b6fbae40ebb9612352/element - {"using":"xpath","value":"//bdi[contains(text(), \"OK\")]"}
RESULT: {"using":"xpath","value":"//bdi[contains(text(), \"OK\")]"}
COMMAND: POST /session/25dcfb25871b33b6fbae40ebb9612352/element/f.2438752634DB01E0CA013ABFBE801384.d.06E2C22741BB64423BAA169FF95E858A.e.640/click - {}
RESULT: {}
COMMAND: GET /session/25dcfb25871b33b6fbae40ebb9612352/screenshot - {}
RESULT: {}
COMMAND: POST /session/25dcfb25871b33b6fbae40ebb9612352/execute/async - {"script":"<script> [1562 bytes]","args":[{"selector":{"controlType":"sap.m.Button","viewName":"etm.portal.ui.manageyards.view.New","viewId":"application-manageyards-display-component---NewYard","i18NText":{"propertyName":"text","key":"save"},"interaction":{"idSuffix":"inner"}},"wdio_ui5_key":"etmportal.ui.manageyards.view.Newsap.m.Button{\"propertyName\":\"text\",\"key\":\"save\"}"}]}
RESULT: {"script":"<script> [1562 bytes]","args":[{"selector":{"controlType":"sap.m.Button","viewName":"etm.portal.ui.manageyards.view.New","viewId":"application-manageyards-display-component---NewYard","i18NText":{"propertyName":"text","key":"save"},"interaction":{"idSuffix":"inner"}},"wdio_ui5_key":"etmportal.ui.manageyards.view.Newsap.m.Button{\"propertyName\":\"text\",\"key\":\"save\"}"}]}
RESULT: undefined
COMMAND: POST /session/25dcfb25871b33b6fbae40ebb9612352/element - {"using":"xpath","value":"//*[@id=\"__button18\"]"}
RESULT: {"using":"xpath","value":"//*[@id=\"__button18\"]"}
COMMAND: POST /session/25dcfb25871b33b6fbae40ebb9612352/element/f.2438752634DB01E0CA013ABFBE801384.d.06E2C22741BB64423BAA169FF95E858A.e.552/click - {}
RESULT: {}
COMMAND: GET /session/25dcfb25871b33b6fbae40ebb9612352/screenshot - {}
RESULT: {}
COMMAND: POST /session/25dcfb25871b33b6fbae40ebb9612352/element - {"using":"xpath","value":"//header/div/div[2]/div[2]/span"}
RESULT: {"using":"xpath","value":"//header/div/div[2]/div[2]/span"}
COMMAND: GET /session/25dcfb25871b33b6fbae40ebb9612352/element/f.2438752634DB01E0CA013ABFBE801384.d.06E2C22741BB64423BAA169FF95E858A.e.844/text - {}
RESULT: {}
COMMAND: POST /session/25dcfb25871b33b6fbae40ebb9612352/execute/async - {"script":"<script> [1562 bytes]","args":[{"selector":{"controlType":"sap.m.OverflowToolbarButton","viewName":"etm.portal.ui.manageyards.view.Detail","viewId":"application-manageyards-display-component---detailYard","i18NText":{"propertyName":"tooltip","key":"closeColumn"},"interaction":{"idSuffix":"inner"}},"wdio_ui5_key":"etmportal.ui.manageyards.view.Detailsap.m.OverflowToolbarButton{\"propertyName\":\"tooltip\",\"key\":\"closeColumn\"}"}]}
RESULT: {"script":"<script> [1562 bytes]","args":[{"selector":{"controlType":"sap.m.OverflowToolbarButton","viewName":"etm.portal.ui.manageyards.view.Detail","viewId":"application-manageyards-display-component---detailYard","i18NText":{"propertyName":"tooltip","key":"closeColumn"},"interaction":{"idSuffix":"inner"}},"wdio_ui5_key":"etmportal.ui.manageyards.view.Detailsap.m.OverflowToolbarButton{\"propertyName\":\"tooltip\",\"key\":\"closeColumn\"}"}]}
RESULT: undefined
COMMAND: POST /session/25dcfb25871b33b6fbae40ebb9612352/element - {"using":"xpath","value":"//*[@id=\"__button42\"]"}
RESULT: {"using":"xpath","value":"//*[@id=\"__button42\"]"}
COMMAND: POST /session/25dcfb25871b33b6fbae40ebb9612352/element/f.2438752634DB01E0CA013ABFBE801384.d.06E2C22741BB64423BAA169FF95E858A.e.846/click - {}
RESULT: {}
COMMAND: GET /session/25dcfb25871b33b6fbae40ebb9612352/screenshot - {}
RESULT: {}
COMMAND: POST /session/25dcfb25871b33b6fbae40ebb9612352/element - {"using":"css selector","value":"#shell-header-logo"}
RESULT: {"using":"css selector","value":"#shell-header-logo"}
COMMAND: POST /session/25dcfb25871b33b6fbae40ebb9612352/element/f.2438752634DB01E0CA013ABFBE801384.d.06E2C22741BB64423BAA169FF95E858A.e.116/click - {}
RESULT: {}
COMMAND: GET /session/25dcfb25871b33b6fbae40ebb9612352/screenshot - {}
RESULT: {}
COMMAND: POST /session/25dcfb25871b33b6fbae40ebb9612352/refresh - {}
RESULT: {}
COMMAND: GET /session/25dcfb25871b33b6fbae40ebb9612352/screenshot - {}
RESULT: {}
RESULT: undefined
RESULT: undefined
COMMAND: POST /session/25dcfb25871b33b6fbae40ebb9612352/execute/async - {"script":"<script> [189 bytes]","args":[]}
RESULT: {"script":"<script> [189 bytes]","args":[]}
COMMAND: POST /session/25dcfb25871b33b6fbae40ebb9612352/execute/async - {"script":"<script> [123 bytes]","args":[]}
RESULT: {"script":"<script> [123 bytes]","args":[]}
COMMAND: POST /session/25dcfb25871b33b6fbae40ebb9612352/timeouts - {"script":"<number>"}
RESULT: {"script":"<number>"}
COMMAND: GET /session/25dcfb25871b33b6fbae40ebb9612352/timeouts - {}
RESULT: {}
RESULT: undefined
COMMAND: POST /session/25dcfb25871b33b6fbae40ebb9612352/execute/async - {"script":"<script> [2676 bytes]","args":[]}
RESULT: {"script":"<script> [2676 bytes]","args":[]}
COMMAND: POST /session/25dcfb25871b33b6fbae40ebb9612352/execute/async - {"script":"<script> [2342 bytes]","args":[{"protocol":"http","hostname":"0.0.0.0","path":"/","capabilities":{"browserName":"chrome","goog:chromeOptions":{"binary":"C:\\Program Files\\Google\\Chrome\\Application\\chrome.exe","args":["--start-maximized"]}},"logLevel":"warn","connectionRetryTimeout":120000,"connectionRetryCount":3,"logLevels":{},"enableDirectConnect":true,"strictSSL":true,"_":"65 more keys: [\"cacheDir\",\"port\",\"requestedCapabilities\",\"automationProtocol\",\"baseUrl\",\"waitforInterval\",\"waitforTimeout\",\"onReload\",\"beforeCommand\",\"afterCommand\",\"rootDir\",\"specs\",\"suites\",\"exclude\",\"groupLogsByTestSpec\",\"excludeDriverLogs\",\"bail\",\"framework\",\"reporters\",\"services\",\"maxInstances\",\"maxInstancesPerCapability\",\"injectGlobals\",\"filesToWatch\",\"execArgv\",\"runnerEnv\",\"runner\",\"shard\",\"specFileRetries\",\"specFileRetriesDelay\",\"specFileRetriesDeferred\",\"reporterSyncInterval\",\"reporterSyncTimeout\",\"cucumberFeaturesWithLineNumbers\",\"autoCompileOpts\",\"mochaOpts\",\"jasmineOpts\",\"cucumberOpts\",\"onPrepare\",\"onWorkerStart\",\"onWorkerEnd\",\"before\",\"beforeSession\",\"beforeSuite\",\"beforeHook\",\"beforeTest\",\"afterTest\",\"afterHook\",\"afterSuite\",\"afterSession\",\"after\",\"onComplete\",\"beforeAssertion\",\"afterAssertion\",\"beforeFeature\",\"beforeScenario\",\"beforeStep\",\"afterStep\",\"afterScenario\",\"afterFeature\",\"_\",\"suite\",\"$0\",\"ignoredWorkerServices\",\"wdi5\"]"}]}
RESULT: {"script":"<script> [2342 bytes]","args":[{"protocol":"http","hostname":"0.0.0.0","path":"/","capabilities":{"browserName":"chrome","goog:chromeOptions":{"binary":"C:\\Program Files\\Google\\Chrome\\Application\\chrome.exe","args":["--start-maximized"]}},"logLevel":"warn","connectionRetryTimeout":120000,"connectionRetryCount":3,"logLevels":{},"enableDirectConnect":true,"strictSSL":true,"_":"65 more keys: [\"cacheDir\",\"port\",\"requestedCapabilities\",\"automationProtocol\",\"baseUrl\",\"waitforInterval\",\"waitforTimeout\",\"onReload\",\"beforeCommand\",\"afterCommand\",\"rootDir\",\"specs\",\"suites\",\"exclude\",\"groupLogsByTestSpec\",\"excludeDriverLogs\",\"bail\",\"framework\",\"reporters\",\"services\",\"maxInstances\",\"maxInstancesPerCapability\",\"injectGlobals\",\"filesToWatch\",\"execArgv\",\"runnerEnv\",\"runner\",\"shard\",\"specFileRetries\",\"specFileRetriesDelay\",\"specFileRetriesDeferred\",\"reporterSyncInterval\",\"reporterSyncTimeout\",\"cucumberFeaturesWithLineNumbers\",\"autoCompileOpts\",\"mochaOpts\",\"jasmineOpts\",\"cucumberOpts\",\"onPrepare\",\"onWorkerStart\",\"onWorkerEnd\",\"before\",\"beforeSession\",\"beforeSuite\",\"beforeHook\",\"beforeTest\",\"afterTest\",\"afterHook\",\"afterSuite\",\"afterSession\",\"after\",\"onComplete\",\"beforeAssertion\",\"afterAssertion\",\"beforeFeature\",\"beforeScenario\",\"beforeStep\",\"afterStep\",\"afterScenario\",\"afterFeature\",\"_\",\"suite\",\"$0\",\"ignoredWorkerServices\",\"wdi5\"]"}]}
COMMAND: POST /session/25dcfb25871b33b6fbae40ebb9612352/execute/async - {"script":"<script> [21126 bytes]","args":[35000]}
RESULT: {"script":"<script> [21126 bytes]","args":[35000]}
]]></system-out>
    </testcase>
    <testcase classname="chrome.137_0_7151_56.windows.Manage_Requests_Tags_Tests_US120163" name="Should create a new partner" time="79.154">
      <system-out><![CDATA[
COMMAND: POST /session/25dcfb25871b33b6fbae40ebb9612352/execute/async - {"script":"<script> [1562 bytes]","args":[{"selector":{"controlType":"sap.m.GenericTile","properties":{"header":"Manage Partners"}},"wdio_ui5_key":"sapm.GenericTile{\"header\":\"Manage Partners\"}"}]}
RESULT: {"script":"<script> [1562 bytes]","args":[{"selector":{"controlType":"sap.m.GenericTile","properties":{"header":"Manage Partners"}},"wdio_ui5_key":"sapm.GenericTile{\"header\":\"Manage Partners\"}"}]}
RESULT: undefined
COMMAND: POST /session/25dcfb25871b33b6fbae40ebb9612352/element - {"using":"xpath","value":"//*[@id=\"__tile38\"]"}
RESULT: {"using":"xpath","value":"//*[@id=\"__tile38\"]"}
COMMAND: POST /session/25dcfb25871b33b6fbae40ebb9612352/element/f.2438752634DB01E0CA013ABFBE801384.d.FF458E1398CD8CFEF4119275EDFF7587.e.1197/click - {}
RESULT: {}
COMMAND: GET /session/25dcfb25871b33b6fbae40ebb9612352/screenshot - {}
RESULT: {}
COMMAND: POST /session/25dcfb25871b33b6fbae40ebb9612352/elements - {"using":"xpath","value":"//span[text()='Error']"}
RESULT: {"using":"xpath","value":"//span[text()='Error']"}
COMMAND: POST /session/25dcfb25871b33b6fbae40ebb9612352/execute/async - {"script":"<script> [1562 bytes]","args":[{"selector":{"controlType":"sap.ui.core.Icon","viewName":"etm.portal.ui.managepartners.view.Master","viewId":"application-managepartners-display-component---masterPtm","properties":{"src":{"regex":{"source":"add"}}}},"wdio_ui5_key":"etmportal.ui.managepartners.view.Mastersap.ui.core.Icon{\"src\":{\"regex\":{\"source\":\"add\"}}}"}]}
RESULT: {"script":"<script> [1562 bytes]","args":[{"selector":{"controlType":"sap.ui.core.Icon","viewName":"etm.portal.ui.managepartners.view.Master","viewId":"application-managepartners-display-component---masterPtm","properties":{"src":{"regex":{"source":"add"}}}},"wdio_ui5_key":"etmportal.ui.managepartners.view.Mastersap.ui.core.Icon{\"src\":{\"regex\":{\"source\":\"add\"}}}"}]}
RESULT: undefined
COMMAND: POST /session/25dcfb25871b33b6fbae40ebb9612352/element - {"using":"xpath","value":"//*[@id=\"__button4-img\"]"}
RESULT: {"using":"xpath","value":"//*[@id=\"__button4-img\"]"}
COMMAND: POST /session/25dcfb25871b33b6fbae40ebb9612352/element/f.2438752634DB01E0CA013ABFBE801384.d.FF458E1398CD8CFEF4119275EDFF7587.e.1250/click - {}
RESULT: {}
COMMAND: GET /session/25dcfb25871b33b6fbae40ebb9612352/screenshot - {}
RESULT: {}
COMMAND: POST /session/25dcfb25871b33b6fbae40ebb9612352/execute/async - {"script":"<script> [1562 bytes]","args":[{"selector":{"id":"application-managepartners-display-component---NewPartner--partnerId","interaction":{"idSuffix":"inner"}},"wdio_ui5_key":"applicationmanagepartners-display-component---NewPartner--partnerId"}]}
RESULT: {"script":"<script> [1562 bytes]","args":[{"selector":{"id":"application-managepartners-display-component---NewPartner--partnerId","interaction":{"idSuffix":"inner"}},"wdio_ui5_key":"applicationmanagepartners-display-component---NewPartner--partnerId"}]}
RESULT: undefined
COMMAND: POST /session/25dcfb25871b33b6fbae40ebb9612352/execute/async - {"script":"<script> [1562 bytes]","args":[{"selector":{"id":"application-managepartners-display-component---NewPartner--addressDetailDetailsName1","interaction":{"idSuffix":"inner"}},"wdio_ui5_key":"applicationmanagepartners-display-component---NewPartner--addressDetailDetailsName1"}]}
RESULT: {"script":"<script> [1562 bytes]","args":[{"selector":{"id":"application-managepartners-display-component---NewPartner--addressDetailDetailsName1","interaction":{"idSuffix":"inner"}},"wdio_ui5_key":"applicationmanagepartners-display-component---NewPartner--addressDetailDetailsName1"}]}
RESULT: undefined
COMMAND: POST /session/25dcfb25871b33b6fbae40ebb9612352/execute/async - {"script":"<script> [776 bytes]","args":[{"enterText":"WebdriverPartner7c7tfh","selector":{"id":"application-managepartners-display-component---NewPartner--addressDetailDetailsName1","interaction":{"idSuffix":"inner"}},"clearTextFirst":true,"interactionType":"ENTER_TEXT"}]}
RESULT: {"script":"<script> [776 bytes]","args":[{"enterText":"WebdriverPartner7c7tfh","selector":{"id":"application-managepartners-display-component---NewPartner--addressDetailDetailsName1","interaction":{"idSuffix":"inner"}},"clearTextFirst":true,"interactionType":"ENTER_TEXT"}]}
COMMAND: POST /session/25dcfb25871b33b6fbae40ebb9612352/execute/async - {"script":"<script> [1562 bytes]","args":[{"selector":{"id":"application-managepartners-display-component---NewPartner--addressDetailDetailsLanguage","interaction":{"idSuffix":"inner"}},"wdio_ui5_key":"applicationmanagepartners-display-component---NewPartner--addressDetailDetailsLanguage"}]}
RESULT: {"script":"<script> [1562 bytes]","args":[{"selector":{"id":"application-managepartners-display-component---NewPartner--addressDetailDetailsLanguage","interaction":{"idSuffix":"inner"}},"wdio_ui5_key":"applicationmanagepartners-display-component---NewPartner--addressDetailDetailsLanguage"}]}
RESULT: undefined
COMMAND: POST /session/25dcfb25871b33b6fbae40ebb9612352/execute/async - {"script":"<script> [776 bytes]","args":[{"enterText":"Romanian","selector":{"id":"application-managepartners-display-component---NewPartner--addressDetailDetailsLanguage","interaction":{"idSuffix":"inner"}},"clearTextFirst":true,"interactionType":"ENTER_TEXT"}]}
RESULT: {"script":"<script> [776 bytes]","args":[{"enterText":"Romanian","selector":{"id":"application-managepartners-display-component---NewPartner--addressDetailDetailsLanguage","interaction":{"idSuffix":"inner"}},"clearTextFirst":true,"interactionType":"ENTER_TEXT"}]}
COMMAND: POST /session/25dcfb25871b33b6fbae40ebb9612352/element - {"using":"xpath","value":"//input[contains(@id ,\"application-managepartners-display-component---NewPartner--addressDetailDetailsName1-inner\")]"}
RESULT: {"using":"xpath","value":"//input[contains(@id ,\"application-managepartners-display-component---NewPartner--addressDetailDetailsName1-inner\")]"}
COMMAND: GET /session/25dcfb25871b33b6fbae40ebb9612352/element/f.2438752634DB01E0CA013ABFBE801384.d.FF458E1398CD8CFEF4119275EDFF7587.e.1421/property/value - {}
RESULT: {}
COMMAND: POST /session/25dcfb25871b33b6fbae40ebb9612352/execute/async - {"script":"<script> [1562 bytes]","args":[{"selector":{"id":"application-managepartners-display-component---NewPartner--addressDetailDetailsCity1","interaction":{"idSuffix":"inner"}},"wdio_ui5_key":"applicationmanagepartners-display-component---NewPartner--addressDetailDetailsCity1"}]}
COMMAND: GET /session/25dcfb25871b33b6fbae40ebb9612352/screenshot - {}
RESULT: {"script":"<script> [1562 bytes]","args":[{"selector":{"id":"application-managepartners-display-component---NewPartner--addressDetailDetailsCity1","interaction":{"idSuffix":"inner"}},"wdio_ui5_key":"applicationmanagepartners-display-component---NewPartner--addressDetailDetailsCity1"}]}
RESULT: undefined
COMMAND: POST /session/25dcfb25871b33b6fbae40ebb9612352/execute/async - {"script":"<script> [776 bytes]","args":[{"enterText":"Bucharest","selector":{"id":"application-managepartners-display-component---NewPartner--addressDetailDetailsCity1","interaction":{"idSuffix":"inner"}},"clearTextFirst":true,"interactionType":"ENTER_TEXT"}]}
RESULT: {}
RESULT: {"script":"<script> [776 bytes]","args":[{"enterText":"Bucharest","selector":{"id":"application-managepartners-display-component---NewPartner--addressDetailDetailsCity1","interaction":{"idSuffix":"inner"}},"clearTextFirst":true,"interactionType":"ENTER_TEXT"}]}
COMMAND: POST /session/25dcfb25871b33b6fbae40ebb9612352/execute/async - {"script":"<script> [1562 bytes]","args":[{"selector":{"id":"application-managepartners-display-component---NewPartner--addressDetailDetailsCountry","interaction":{"idSuffix":"inner"}},"wdio_ui5_key":"applicationmanagepartners-display-component---NewPartner--addressDetailDetailsCountry"}]}
RESULT: {"script":"<script> [1562 bytes]","args":[{"selector":{"id":"application-managepartners-display-component---NewPartner--addressDetailDetailsCountry","interaction":{"idSuffix":"inner"}},"wdio_ui5_key":"applicationmanagepartners-display-component---NewPartner--addressDetailDetailsCountry"}]}
RESULT: undefined
COMMAND: POST /session/25dcfb25871b33b6fbae40ebb9612352/execute/async - {"script":"<script> [6424 bytes]","args":[{"element-6066-11e4-a52e-4f735466cecf":"f.2438752634DB01E0CA013ABFBE801384.d.FF458E1398CD8CFEF4119275EDFF7587.e.1428"},"setValue",["Romania"]]}
RESULT: {"script":"<script> [6424 bytes]","args":[{"element-6066-11e4-a52e-4f735466cecf":"f.2438752634DB01E0CA013ABFBE801384.d.FF458E1398CD8CFEF4119275EDFF7587.e.1428"},"setValue",["Romania"]]}
COMMAND: POST /session/25dcfb25871b33b6fbae40ebb9612352/execute/async - {"script":"<script> [1562 bytes]","args":[{"selector":{"id":"application-managepartners-display-component---NewPartner--partnerDetailInternal","interaction":{"idSuffix":"inner"}},"wdio_ui5_key":"applicationmanagepartners-display-component---NewPartner--partnerDetailInternal"}]}
RESULT: {"script":"<script> [1562 bytes]","args":[{"selector":{"id":"application-managepartners-display-component---NewPartner--partnerDetailInternal","interaction":{"idSuffix":"inner"}},"wdio_ui5_key":"applicationmanagepartners-display-component---NewPartner--partnerDetailInternal"}]}
RESULT: undefined
COMMAND: POST /session/25dcfb25871b33b6fbae40ebb9612352/execute/async - {"script":"<script> [776 bytes]","args":[{"enterText":"External partner","selector":{"id":"application-managepartners-display-component---NewPartner--partnerDetailInternal","interaction":{"idSuffix":"inner"}},"clearTextFirst":true,"interactionType":"ENTER_TEXT"}]}
RESULT: {"script":"<script> [776 bytes]","args":[{"enterText":"External partner","selector":{"id":"application-managepartners-display-component---NewPartner--partnerDetailInternal","interaction":{"idSuffix":"inner"}},"clearTextFirst":true,"interactionType":"ENTER_TEXT"}]}
COMMAND: POST /session/25dcfb25871b33b6fbae40ebb9612352/execute/async - {"script":"<script> [1562 bytes]","args":[{"selector":{"id":"application-managepartners-display-component---NewPartner--partnerDetailsCurrency","interaction":{"idSuffix":"inner"}},"wdio_ui5_key":"applicationmanagepartners-display-component---NewPartner--partnerDetailsCurrency"}]}
RESULT: {"script":"<script> [1562 bytes]","args":[{"selector":{"id":"application-managepartners-display-component---NewPartner--partnerDetailsCurrency","interaction":{"idSuffix":"inner"}},"wdio_ui5_key":"applicationmanagepartners-display-component---NewPartner--partnerDetailsCurrency"}]}
RESULT: undefined
COMMAND: POST /session/25dcfb25871b33b6fbae40ebb9612352/execute/async - {"script":"<script> [776 bytes]","args":[{"enterText":"Euro","selector":{"id":"application-managepartners-display-component---NewPartner--partnerDetailsCurrency","interaction":{"idSuffix":"inner"}},"clearTextFirst":true,"interactionType":"ENTER_TEXT"}]}
RESULT: {"script":"<script> [776 bytes]","args":[{"enterText":"Euro","selector":{"id":"application-managepartners-display-component---NewPartner--partnerDetailsCurrency","interaction":{"idSuffix":"inner"}},"clearTextFirst":true,"interactionType":"ENTER_TEXT"}]}
COMMAND: POST /session/25dcfb25871b33b6fbae40ebb9612352/execute/async - {"script":"<script> [1562 bytes]","args":[{"selector":{"controlType":"sap.m.Button","viewName":"etm.portal.ui.managepartners.view.NewPartner","viewId":"application-managepartners-display-component---NewPartner","properties":{"text":"Commercial"},"interaction":{"idSuffix":"BDI-content"}},"wdio_ui5_key":"etmportal.ui.managepartners.view.NewPartnersap.m.Button{\"text\":\"Commercial\"}"}]}
RESULT: {"script":"<script> [1562 bytes]","args":[{"selector":{"controlType":"sap.m.Button","viewName":"etm.portal.ui.managepartners.view.NewPartner","viewId":"application-managepartners-display-component---NewPartner","properties":{"text":"Commercial"},"interaction":{"idSuffix":"BDI-content"}},"wdio_ui5_key":"etmportal.ui.managepartners.view.NewPartnersap.m.Button{\"text\":\"Commercial\"}"}]}
RESULT: undefined
COMMAND: POST /session/25dcfb25871b33b6fbae40ebb9612352/element - {"using":"xpath","value":"//*[@id=\"application-managepartners-display-component---NewPartner--ObjectPageLayout-anchBar-__section5-anchor\"]"}
RESULT: {"using":"xpath","value":"//*[@id=\"application-managepartners-display-component---NewPartner--ObjectPageLayout-anchBar-__section5-anchor\"]"}
COMMAND: POST /session/25dcfb25871b33b6fbae40ebb9612352/element/f.2438752634DB01E0CA013ABFBE801384.d.FF458E1398CD8CFEF4119275EDFF7587.e.1678/click - {}
RESULT: {}
COMMAND: GET /session/25dcfb25871b33b6fbae40ebb9612352/screenshot - {}
RESULT: {}
COMMAND: POST /session/25dcfb25871b33b6fbae40ebb9612352/execute/async - {"script":"<script> [1562 bytes]","args":[{"selector":{"id":"application-managepartners-display-component---NewPartner--btnAddTableRow-img"},"wdio_ui5_key":"applicationmanagepartners-display-component---NewPartner--btnAddTableRow-img"}]}
RESULT: {"script":"<script> [1562 bytes]","args":[{"selector":{"id":"application-managepartners-display-component---NewPartner--btnAddTableRow-img"},"wdio_ui5_key":"applicationmanagepartners-display-component---NewPartner--btnAddTableRow-img"}]}
RESULT: undefined
COMMAND: POST /session/25dcfb25871b33b6fbae40ebb9612352/element - {"using":"xpath","value":"//*[@id=\"application-managepartners-display-component---NewPartner--btnAddTableRow-img\"]"}
RESULT: {"using":"xpath","value":"//*[@id=\"application-managepartners-display-component---NewPartner--btnAddTableRow-img\"]"}
COMMAND: POST /session/25dcfb25871b33b6fbae40ebb9612352/element/f.2438752634DB01E0CA013ABFBE801384.d.FF458E1398CD8CFEF4119275EDFF7587.e.1684/click - {}
RESULT: {}
COMMAND: POST /session/25dcfb25871b33b6fbae40ebb9612352/element - {"using":"xpath","value":"//input[contains(@id ,\"application-managepartners-display-component---NewPartner--assignmentYard-application-managepartners-display-component---NewPartner\")]"}
COMMAND: GET /session/25dcfb25871b33b6fbae40ebb9612352/screenshot - {}
RESULT: {"using":"xpath","value":"//input[contains(@id ,\"application-managepartners-display-component---NewPartner--assignmentYard-application-managepartners-display-component---NewPartner\")]"}
COMMAND: POST /session/25dcfb25871b33b6fbae40ebb9612352/element/f.2438752634DB01E0CA013ABFBE801384.d.FF458E1398CD8CFEF4119275EDFF7587.e.1687/clear - {}
RESULT: {}
RESULT: {}
COMMAND: POST /session/25dcfb25871b33b6fbae40ebb9612352/element/f.2438752634DB01E0CA013ABFBE801384.d.FF458E1398CD8CFEF4119275EDFF7587.e.1687/value - {"text":"WebdriverYardg92yd"}
COMMAND: GET /session/25dcfb25871b33b6fbae40ebb9612352/screenshot - {}
RESULT: {"text":"WebdriverYardg92yd"}
COMMAND: GET /session/25dcfb25871b33b6fbae40ebb9612352/screenshot - {}
RESULT: {}
RESULT: {}
COMMAND: POST /session/25dcfb25871b33b6fbae40ebb9612352/execute/async - {"script":"<script> [1562 bytes]","args":[{"selector":{"controlType":"sap.m.Button","viewName":"etm.portal.ui.managepartners.view.NewPartner","viewId":"application-managepartners-display-component---NewPartner","i18NText":{"propertyName":"text","key":"save"},"interaction":{"idSuffix":"BDI-content"}},"wdio_ui5_key":"etmportal.ui.managepartners.view.NewPartnersap.m.Button{\"propertyName\":\"text\",\"key\":\"save\"}"}]}
RESULT: {"script":"<script> [1562 bytes]","args":[{"selector":{"controlType":"sap.m.Button","viewName":"etm.portal.ui.managepartners.view.NewPartner","viewId":"application-managepartners-display-component---NewPartner","i18NText":{"propertyName":"text","key":"save"},"interaction":{"idSuffix":"BDI-content"}},"wdio_ui5_key":"etmportal.ui.managepartners.view.NewPartnersap.m.Button{\"propertyName\":\"text\",\"key\":\"save\"}"}]}
RESULT: undefined
COMMAND: POST /session/25dcfb25871b33b6fbae40ebb9612352/element - {"using":"xpath","value":"//*[@id=\"__button12\"]"}
RESULT: {"using":"xpath","value":"//*[@id=\"__button12\"]"}
COMMAND: POST /session/25dcfb25871b33b6fbae40ebb9612352/element/f.2438752634DB01E0CA013ABFBE801384.d.FF458E1398CD8CFEF4119275EDFF7587.e.1618/click - {}
RESULT: {}
COMMAND: GET /session/25dcfb25871b33b6fbae40ebb9612352/screenshot - {}
RESULT: {}
COMMAND: POST /session/25dcfb25871b33b6fbae40ebb9612352/element - {"using":"xpath","value":"//header/div/div[2]/div[2]/span"}
RESULT: {"using":"xpath","value":"//header/div/div[2]/div[2]/span"}
COMMAND: GET /session/25dcfb25871b33b6fbae40ebb9612352/element/f.2438752634DB01E0CA013ABFBE801384.d.FF458E1398CD8CFEF4119275EDFF7587.e.1859/text - {}
RESULT: {}
COMMAND: POST /session/25dcfb25871b33b6fbae40ebb9612352/element - {"using":"xpath","value":"//header/div/div/div/div/div/div[2]/div/span"}
RESULT: {"using":"xpath","value":"//header/div/div/div/div/div/div[2]/div/span"}
COMMAND: GET /session/25dcfb25871b33b6fbae40ebb9612352/element/f.2438752634DB01E0CA013ABFBE801384.d.FF458E1398CD8CFEF4119275EDFF7587.e.1860/text - {}
RESULT: {}
COMMAND: POST /session/25dcfb25871b33b6fbae40ebb9612352/execute/async - {"script":"<script> [1562 bytes]","args":[{"selector":{"id":"application-managepartners-display-component---detailPtm--partnerType"},"wdio_ui5_key":"applicationmanagepartners-display-component---detailPtm--partnerType"}]}
RESULT: {"script":"<script> [1562 bytes]","args":[{"selector":{"id":"application-managepartners-display-component---detailPtm--partnerType"},"wdio_ui5_key":"applicationmanagepartners-display-component---detailPtm--partnerType"}]}
RESULT: undefined
COMMAND: POST /session/25dcfb25871b33b6fbae40ebb9612352/execute/async - {"script":"<script> [6424 bytes]","args":[{"element-6066-11e4-a52e-4f735466cecf":"f.2438752634DB01E0CA013ABFBE801384.d.FF458E1398CD8CFEF4119275EDFF7587.e.1861"},"getText",[]]}
RESULT: {"script":"<script> [6424 bytes]","args":[{"element-6066-11e4-a52e-4f735466cecf":"f.2438752634DB01E0CA013ABFBE801384.d.FF458E1398CD8CFEF4119275EDFF7587.e.1861"},"getText",[]]}
COMMAND: POST /session/25dcfb25871b33b6fbae40ebb9612352/element - {"using":"css selector","value":"#shell-header-logo"}
RESULT: {"using":"css selector","value":"#shell-header-logo"}
COMMAND: POST /session/25dcfb25871b33b6fbae40ebb9612352/element/f.2438752634DB01E0CA013ABFBE801384.d.FF458E1398CD8CFEF4119275EDFF7587.e.1200/click - {}
RESULT: {}
COMMAND: GET /session/25dcfb25871b33b6fbae40ebb9612352/screenshot - {}
RESULT: {}
]]></system-out>
    </testcase>
    <testcase classname="chrome.137_0_7151_56.windows.Manage_Requests_Tags_Tests_US120163" name="Should create a new site" time="101.536">
      <system-out><![CDATA[
COMMAND: POST /session/25dcfb25871b33b6fbae40ebb9612352/execute/async - {"script":"<script> [1562 bytes]","args":[{"selector":{"controlType":"sap.m.GenericTile","properties":{"header":"Manage Sites"}},"wdio_ui5_key":"sapm.GenericTile{\"header\":\"Manage Sites\"}"}]}
RESULT: {"script":"<script> [1562 bytes]","args":[{"selector":{"controlType":"sap.m.GenericTile","properties":{"header":"Manage Sites"}},"wdio_ui5_key":"sapm.GenericTile{\"header\":\"Manage Sites\"}"}]}
RESULT: undefined
COMMAND: POST /session/25dcfb25871b33b6fbae40ebb9612352/element - {"using":"xpath","value":"//*[@id=\"__tile40\"]"}
RESULT: {"using":"xpath","value":"//*[@id=\"__tile40\"]"}
COMMAND: POST /session/25dcfb25871b33b6fbae40ebb9612352/element/f.2438752634DB01E0CA013ABFBE801384.d.FF458E1398CD8CFEF4119275EDFF7587.e.1863/click - {}
RESULT: {}
COMMAND: GET /session/25dcfb25871b33b6fbae40ebb9612352/screenshot - {}
RESULT: {}
COMMAND: POST /session/25dcfb25871b33b6fbae40ebb9612352/elements - {"using":"xpath","value":"//span[text()='Error']"}
RESULT: {"using":"xpath","value":"//span[text()='Error']"}
COMMAND: POST /session/25dcfb25871b33b6fbae40ebb9612352/execute/async - {"script":"<script> [1562 bytes]","args":[{"selector":{"controlType":"sap.ui.core.Icon","viewName":"etm.portal.ui.managesites.view.Master","viewId":"application-managesites-display-component---masterSite","properties":{"src":{"regex":{"source":"add"}}}},"wdio_ui5_key":"etmportal.ui.managesites.view.Mastersap.ui.core.Icon{\"src\":{\"regex\":{\"source\":\"add\"}}}"}]}
RESULT: {"script":"<script> [1562 bytes]","args":[{"selector":{"controlType":"sap.ui.core.Icon","viewName":"etm.portal.ui.managesites.view.Master","viewId":"application-managesites-display-component---masterSite","properties":{"src":{"regex":{"source":"add"}}}},"wdio_ui5_key":"etmportal.ui.managesites.view.Mastersap.ui.core.Icon{\"src\":{\"regex\":{\"source\":\"add\"}}}"}]}
RESULT: undefined
COMMAND: POST /session/25dcfb25871b33b6fbae40ebb9612352/element - {"using":"xpath","value":"//*[@id=\"__button52-img\"]"}
RESULT: {"using":"xpath","value":"//*[@id=\"__button52-img\"]"}
COMMAND: POST /session/25dcfb25871b33b6fbae40ebb9612352/element/f.2438752634DB01E0CA013ABFBE801384.d.FF458E1398CD8CFEF4119275EDFF7587.e.1912/click - {}
RESULT: {}
COMMAND: POST /session/25dcfb25871b33b6fbae40ebb9612352/execute/async - {"script":"<script> [1562 bytes]","args":[{"selector":{"id":"application-managesites-display-component---NewSite--siteId","interaction":{"idSuffix":"inner"}},"wdio_ui5_key":"applicationmanagesites-display-component---NewSite--siteId"}]}
COMMAND: GET /session/25dcfb25871b33b6fbae40ebb9612352/screenshot - {}
RESULT: {"script":"<script> [1562 bytes]","args":[{"selector":{"id":"application-managesites-display-component---NewSite--siteId","interaction":{"idSuffix":"inner"}},"wdio_ui5_key":"applicationmanagesites-display-component---NewSite--siteId"}]}
RESULT: undefined
COMMAND: POST /session/25dcfb25871b33b6fbae40ebb9612352/execute/async - {"script":"<script> [1562 bytes]","args":[{"selector":{"id":"application-managesites-display-component---NewSite--addressDetailDetailsName1","interaction":{"idSuffix":"inner"}},"wdio_ui5_key":"applicationmanagesites-display-component---NewSite--addressDetailDetailsName1"}]}
RESULT: {}
RESULT: {"script":"<script> [1562 bytes]","args":[{"selector":{"id":"application-managesites-display-component---NewSite--addressDetailDetailsName1","interaction":{"idSuffix":"inner"}},"wdio_ui5_key":"applicationmanagesites-display-component---NewSite--addressDetailDetailsName1"}]}
RESULT: undefined
COMMAND: POST /session/25dcfb25871b33b6fbae40ebb9612352/execute/async - {"script":"<script> [776 bytes]","args":[{"enterText":"WebdriverSitemjpzv","selector":{"id":"application-managesites-display-component---NewSite--addressDetailDetailsName1","interaction":{"idSuffix":"inner"}},"clearTextFirst":true,"interactionType":"ENTER_TEXT"}]}
RESULT: {"script":"<script> [776 bytes]","args":[{"enterText":"WebdriverSitemjpzv","selector":{"id":"application-managesites-display-component---NewSite--addressDetailDetailsName1","interaction":{"idSuffix":"inner"}},"clearTextFirst":true,"interactionType":"ENTER_TEXT"}]}
COMMAND: POST /session/25dcfb25871b33b6fbae40ebb9612352/execute/async - {"script":"<script> [1562 bytes]","args":[{"selector":{"id":"application-managesites-display-component---NewSite--addressDetailDetailsLanguage","interaction":{"idSuffix":"inner"}},"wdio_ui5_key":"applicationmanagesites-display-component---NewSite--addressDetailDetailsLanguage"}]}
RESULT: {"script":"<script> [1562 bytes]","args":[{"selector":{"id":"application-managesites-display-component---NewSite--addressDetailDetailsLanguage","interaction":{"idSuffix":"inner"}},"wdio_ui5_key":"applicationmanagesites-display-component---NewSite--addressDetailDetailsLanguage"}]}
RESULT: undefined
COMMAND: POST /session/25dcfb25871b33b6fbae40ebb9612352/execute/async - {"script":"<script> [776 bytes]","args":[{"enterText":"Romanian","selector":{"id":"application-managesites-display-component---NewSite--addressDetailDetailsLanguage","interaction":{"idSuffix":"inner"}},"clearTextFirst":true,"interactionType":"ENTER_TEXT"}]}
RESULT: {"script":"<script> [776 bytes]","args":[{"enterText":"Romanian","selector":{"id":"application-managesites-display-component---NewSite--addressDetailDetailsLanguage","interaction":{"idSuffix":"inner"}},"clearTextFirst":true,"interactionType":"ENTER_TEXT"}]}
COMMAND: POST /session/25dcfb25871b33b6fbae40ebb9612352/execute/async - {"script":"<script> [1562 bytes]","args":[{"selector":{"id":"application-managesites-display-component---NewSite--addressDetailDetailsCity1","interaction":{"idSuffix":"inner"}},"wdio_ui5_key":"applicationmanagesites-display-component---NewSite--addressDetailDetailsCity1"}]}
RESULT: {"script":"<script> [1562 bytes]","args":[{"selector":{"id":"application-managesites-display-component---NewSite--addressDetailDetailsCity1","interaction":{"idSuffix":"inner"}},"wdio_ui5_key":"applicationmanagesites-display-component---NewSite--addressDetailDetailsCity1"}]}
RESULT: undefined
COMMAND: POST /session/25dcfb25871b33b6fbae40ebb9612352/execute/async - {"script":"<script> [776 bytes]","args":[{"enterText":"Bucharest","selector":{"id":"application-managesites-display-component---NewSite--addressDetailDetailsCity1","interaction":{"idSuffix":"inner"}},"clearTextFirst":true,"interactionType":"ENTER_TEXT"}]}
RESULT: {"script":"<script> [776 bytes]","args":[{"enterText":"Bucharest","selector":{"id":"application-managesites-display-component---NewSite--addressDetailDetailsCity1","interaction":{"idSuffix":"inner"}},"clearTextFirst":true,"interactionType":"ENTER_TEXT"}]}
COMMAND: POST /session/25dcfb25871b33b6fbae40ebb9612352/execute/async - {"script":"<script> [1562 bytes]","args":[{"selector":{"id":"application-managesites-display-component---NewSite--addressDetailDetailsCountry","interaction":{"idSuffix":"inner"}},"wdio_ui5_key":"applicationmanagesites-display-component---NewSite--addressDetailDetailsCountry"}]}
RESULT: {"script":"<script> [1562 bytes]","args":[{"selector":{"id":"application-managesites-display-component---NewSite--addressDetailDetailsCountry","interaction":{"idSuffix":"inner"}},"wdio_ui5_key":"applicationmanagesites-display-component---NewSite--addressDetailDetailsCountry"}]}
RESULT: undefined
COMMAND: POST /session/25dcfb25871b33b6fbae40ebb9612352/execute/async - {"script":"<script> [776 bytes]","args":[{"enterText":"Romania","selector":{"id":"application-managesites-display-component---NewSite--addressDetailDetailsCountry","interaction":{"idSuffix":"inner"}},"clearTextFirst":true,"interactionType":"ENTER_TEXT"}]}
RESULT: {"script":"<script> [776 bytes]","args":[{"enterText":"Romania","selector":{"id":"application-managesites-display-component---NewSite--addressDetailDetailsCountry","interaction":{"idSuffix":"inner"}},"clearTextFirst":true,"interactionType":"ENTER_TEXT"}]}
COMMAND: POST /session/25dcfb25871b33b6fbae40ebb9612352/element - {"using":"css selector","value":"#application-managesites-display-component---NewSite--addressDetailDetailsCalendar-inner"}
RESULT: {"using":"css selector","value":"#application-managesites-display-component---NewSite--addressDetailDetailsCalendar-inner"}
COMMAND: POST /session/25dcfb25871b33b6fbae40ebb9612352/element/f.2438752634DB01E0CA013ABFBE801384.d.FF458E1398CD8CFEF4119275EDFF7587.e.2293/clear - {}
RESULT: {}
COMMAND: POST /session/25dcfb25871b33b6fbae40ebb9612352/element/f.2438752634DB01E0CA013ABFBE801384.d.FF458E1398CD8CFEF4119275EDFF7587.e.2293/value - {"text":"Germany"}
COMMAND: GET /session/25dcfb25871b33b6fbae40ebb9612352/screenshot - {}
RESULT: {"text":"Germany"}
COMMAND: POST /session/25dcfb25871b33b6fbae40ebb9612352/execute/async - {"script":"<script> [1562 bytes]","args":[{"selector":{"id":"application-managesites-display-component---NewSite--addressEditDetailsCostObjectCstType-arrow"},"wdio_ui5_key":"applicationmanagesites-display-component---NewSite--addressEditDetailsCostObjectCstType-arrow"}]}
COMMAND: GET /session/25dcfb25871b33b6fbae40ebb9612352/screenshot - {}
RESULT: {}
RESULT: {"script":"<script> [1562 bytes]","args":[{"selector":{"id":"application-managesites-display-component---NewSite--addressEditDetailsCostObjectCstType-arrow"},"wdio_ui5_key":"applicationmanagesites-display-component---NewSite--addressEditDetailsCostObjectCstType-arrow"}]}
RESULT: undefined
COMMAND: POST /session/25dcfb25871b33b6fbae40ebb9612352/element - {"using":"xpath","value":"//*[@id=\"application-managesites-display-component---NewSite--addressEditDetailsCostObjectCstType-arrow\"]"}
RESULT: {}
RESULT: {"using":"xpath","value":"//*[@id=\"application-managesites-display-component---NewSite--addressEditDetailsCostObjectCstType-arrow\"]"}
COMMAND: POST /session/25dcfb25871b33b6fbae40ebb9612352/element/f.2438752634DB01E0CA013ABFBE801384.d.FF458E1398CD8CFEF4119275EDFF7587.e.2496/click - {}
RESULT: {}
COMMAND: POST /session/25dcfb25871b33b6fbae40ebb9612352/element - {"using":"xpath","value":"//span[contains(text(), \"Work Breakdown Structure\")]"}
COMMAND: GET /session/25dcfb25871b33b6fbae40ebb9612352/screenshot - {}
RESULT: {"using":"xpath","value":"//span[contains(text(), \"Work Breakdown Structure\")]"}
COMMAND: POST /session/25dcfb25871b33b6fbae40ebb9612352/element/f.2438752634DB01E0CA013ABFBE801384.d.FF458E1398CD8CFEF4119275EDFF7587.e.2497/click - {}
RESULT: {}
RESULT: {}
COMMAND: GET /session/25dcfb25871b33b6fbae40ebb9612352/screenshot - {}
RESULT: {}
COMMAND: POST /session/25dcfb25871b33b6fbae40ebb9612352/execute/async - {"script":"<script> [1562 bytes]","args":[{"selector":{"id":"application-managesites-display-component---NewSite--addressNewCostObjectCstID-vhi"},"wdio_ui5_key":"applicationmanagesites-display-component---NewSite--addressNewCostObjectCstID-vhi"}]}
RESULT: {"script":"<script> [1562 bytes]","args":[{"selector":{"id":"application-managesites-display-component---NewSite--addressNewCostObjectCstID-vhi"},"wdio_ui5_key":"applicationmanagesites-display-component---NewSite--addressNewCostObjectCstID-vhi"}]}
RESULT: undefined
COMMAND: POST /session/25dcfb25871b33b6fbae40ebb9612352/element - {"using":"xpath","value":"//*[@id=\"application-managesites-display-component---NewSite--addressNewCostObjectCstID-vhi\"]"}
RESULT: {"using":"xpath","value":"//*[@id=\"application-managesites-display-component---NewSite--addressNewCostObjectCstID-vhi\"]"}
COMMAND: POST /session/25dcfb25871b33b6fbae40ebb9612352/element/f.2438752634DB01E0CA013ABFBE801384.d.FF458E1398CD8CFEF4119275EDFF7587.e.2502/click - {}
RESULT: {}
COMMAND: GET /session/25dcfb25871b33b6fbae40ebb9612352/screenshot - {}
RESULT: {}
COMMAND: POST /session/25dcfb25871b33b6fbae40ebb9612352/execute/async - {"script":"<script> [1562 bytes]","args":[{"selector":{"controlType":"sap.m.SearchField","properties":{"placeholder":"Search"},"searchOpenDialogs":true,"interaction":{"idSuffix":"I"}},"wdio_ui5_key":"sapm.SearchField{\"placeholder\":\"Search\"}"}]}
RESULT: {"script":"<script> [1562 bytes]","args":[{"selector":{"controlType":"sap.m.SearchField","properties":{"placeholder":"Search"},"searchOpenDialogs":true,"interaction":{"idSuffix":"I"}},"wdio_ui5_key":"sapm.SearchField{\"placeholder\":\"Search\"}"}]}
RESULT: undefined
COMMAND: POST /session/25dcfb25871b33b6fbae40ebb9612352/execute/async - {"script":"<script> [776 bytes]","args":[{"enterText":"A1-000100-01","selector":{"controlType":"sap.m.SearchField","properties":{"placeholder":"Search"},"searchOpenDialogs":true,"interaction":{"idSuffix":"I"}},"clearTextFirst":true,"interactionType":"ENTER_TEXT"}]}
RESULT: {"script":"<script> [776 bytes]","args":[{"enterText":"A1-000100-01","selector":{"controlType":"sap.m.SearchField","properties":{"placeholder":"Search"},"searchOpenDialogs":true,"interaction":{"idSuffix":"I"}},"clearTextFirst":true,"interactionType":"ENTER_TEXT"}]}
COMMAND: POST /session/25dcfb25871b33b6fbae40ebb9612352/actions - {"actions":[{"id":"action3","type":"key","parameters":{},"actions":[{"type":"keyDown","value":"î€‡"},{"type":"pause","duration":10},{"type":"keyUp","value":"î€‡"}]}]}
RESULT: {"actions":[{"id":"action3","type":"key","parameters":{},"actions":[{"type":"keyDown","value":"î€‡"},{"type":"pause","duration":10},{"type":"keyUp","value":"î€‡"}]}]}
COMMAND: GET /session/25dcfb25871b33b6fbae40ebb9612352/screenshot - {}
RESULT: {}
COMMAND: POST /session/25dcfb25871b33b6fbae40ebb9612352/element - {"using":"xpath","value":"//span[contains(text(), \"Template for ETO-Process\")]"}
RESULT: {"using":"xpath","value":"//span[contains(text(), \"Template for ETO-Process\")]"}
COMMAND: POST /session/25dcfb25871b33b6fbae40ebb9612352/element/f.2438752634DB01E0CA013ABFBE801384.d.FF458E1398CD8CFEF4119275EDFF7587.e.2521/click - {}
RESULT: {}
COMMAND: GET /session/25dcfb25871b33b6fbae40ebb9612352/screenshot - {}
RESULT: {}
COMMAND: POST /session/25dcfb25871b33b6fbae40ebb9612352/element - {"using":"xpath","value":"//bdi[contains(text(), \"OK\")]"}
RESULT: {"using":"xpath","value":"//bdi[contains(text(), \"OK\")]"}
COMMAND: POST /session/25dcfb25871b33b6fbae40ebb9612352/element/f.2438752634DB01E0CA013ABFBE801384.d.FF458E1398CD8CFEF4119275EDFF7587.e.2522/click - {}
RESULT: {}
COMMAND: GET /session/25dcfb25871b33b6fbae40ebb9612352/screenshot - {}
RESULT: {}
COMMAND: POST /session/25dcfb25871b33b6fbae40ebb9612352/element - {"using":"xpath","value":"//input[@id=\"application-managesites-display-component---NewSite--addressDetailDetailsYard-inner\"]"}
RESULT: {"using":"xpath","value":"//input[@id=\"application-managesites-display-component---NewSite--addressDetailDetailsYard-inner\"]"}
COMMAND: POST /session/25dcfb25871b33b6fbae40ebb9612352/element/f.2438752634DB01E0CA013ABFBE801384.d.FF458E1398CD8CFEF4119275EDFF7587.e.2294/value - {"text":"WebdriverYardg92yd"}
RESULT: {"text":"WebdriverYardg92yd"}
COMMAND: GET /session/25dcfb25871b33b6fbae40ebb9612352/screenshot - {}
RESULT: {}
COMMAND: POST /session/25dcfb25871b33b6fbae40ebb9612352/actions - {"actions":[{"id":"action4","type":"key","parameters":{},"actions":[{"type":"keyDown","value":"î€‡"},{"type":"pause","duration":10},{"type":"keyUp","value":"î€‡"}]}]}
RESULT: {"actions":[{"id":"action4","type":"key","parameters":{},"actions":[{"type":"keyDown","value":"î€‡"},{"type":"pause","duration":10},{"type":"keyUp","value":"î€‡"}]}]}
COMMAND: GET /session/25dcfb25871b33b6fbae40ebb9612352/screenshot - {}
RESULT: {}
COMMAND: POST /session/25dcfb25871b33b6fbae40ebb9612352/element - {"using":"xpath","value":"//input[@id=\"application-managesites-display-component---NewSite--addressDetailDetailsPartner-inner\"]"}
RESULT: {"using":"xpath","value":"//input[@id=\"application-managesites-display-component---NewSite--addressDetailDetailsPartner-inner\"]"}
COMMAND: POST /session/25dcfb25871b33b6fbae40ebb9612352/elements - {"using":"xpath","value":"//input[@id=\"application-managesites-display-component---NewSite--addressDetailDetailsPartner-inner\"]"}
RESULT: {"using":"xpath","value":"//input[@id=\"application-managesites-display-component---NewSite--addressDetailDetailsPartner-inner\"]"}
COMMAND: POST /session/25dcfb25871b33b6fbae40ebb9612352/execute/async - {"script":"<script> [1562 bytes]","args":[{"selector":{"controlType":"sap.m.Button","viewName":"etm.portal.ui.managesites.view.NewSmartSite","viewId":"application-managesites-display-component---NewSite","properties":{"text":"Commercial"},"interaction":{"idSuffix":"BDI-content"}},"wdio_ui5_key":"etmportal.ui.managesites.view.NewSmartSitesap.m.Button{\"text\":\"Commercial\"}"}]}
RESULT: {"script":"<script> [1562 bytes]","args":[{"selector":{"controlType":"sap.m.Button","viewName":"etm.portal.ui.managesites.view.NewSmartSite","viewId":"application-managesites-display-component---NewSite","properties":{"text":"Commercial"},"interaction":{"idSuffix":"BDI-content"}},"wdio_ui5_key":"etmportal.ui.managesites.view.NewSmartSitesap.m.Button{\"text\":\"Commercial\"}"}]}
RESULT: undefined
COMMAND: POST /session/25dcfb25871b33b6fbae40ebb9612352/element - {"using":"xpath","value":"//*[@id=\"application-managesites-display-component---NewSite--ObjectPageLayout-anchBar-__section31-anchor\"]"}
RESULT: {"using":"xpath","value":"//*[@id=\"application-managesites-display-component---NewSite--ObjectPageLayout-anchBar-__section31-anchor\"]"}
COMMAND: POST /session/25dcfb25871b33b6fbae40ebb9612352/element/f.2438752634DB01E0CA013ABFBE801384.d.FF458E1398CD8CFEF4119275EDFF7587.e.2529/click - {}
RESULT: {}
COMMAND: POST /session/25dcfb25871b33b6fbae40ebb9612352/execute/async - {"script":"<script> [1562 bytes]","args":[{"selector":{"controlType":"sap.m.Button","viewName":"etm.portal.ui.managesites.view.NewSmartSite","viewId":"application-managesites-display-component---NewSite","i18NText":{"propertyName":"text","key":"save"},"interaction":{"idSuffix":"BDI-content"}},"wdio_ui5_key":"etmportal.ui.managesites.view.NewSmartSitesap.m.Button{\"propertyName\":\"text\",\"key\":\"save\"}"}]}
COMMAND: GET /session/25dcfb25871b33b6fbae40ebb9612352/screenshot - {}
RESULT: {"script":"<script> [1562 bytes]","args":[{"selector":{"controlType":"sap.m.Button","viewName":"etm.portal.ui.managesites.view.NewSmartSite","viewId":"application-managesites-display-component---NewSite","i18NText":{"propertyName":"text","key":"save"},"interaction":{"idSuffix":"BDI-content"}},"wdio_ui5_key":"etmportal.ui.managesites.view.NewSmartSitesap.m.Button{\"propertyName\":\"text\",\"key\":\"save\"}"}]}
RESULT: undefined
COMMAND: POST /session/25dcfb25871b33b6fbae40ebb9612352/element - {"using":"xpath","value":"//*[@id=\"__button64\"]"}
RESULT: {}
RESULT: {"using":"xpath","value":"//*[@id=\"__button64\"]"}
COMMAND: POST /session/25dcfb25871b33b6fbae40ebb9612352/element/f.2438752634DB01E0CA013ABFBE801384.d.FF458E1398CD8CFEF4119275EDFF7587.e.2470/click - {}
RESULT: {}
COMMAND: GET /session/25dcfb25871b33b6fbae40ebb9612352/screenshot - {}
RESULT: {}
COMMAND: POST /session/25dcfb25871b33b6fbae40ebb9612352/execute/async - {"script":"<script> [1562 bytes]","args":[{"selector":{"id":"application-managesites-display-component---detailSite--addressDetailDetailsYardText"},"wdio_ui5_key":"applicationmanagesites-display-component---detailSite--addressDetailDetailsYardText"}]}
RESULT: {"script":"<script> [1562 bytes]","args":[{"selector":{"id":"application-managesites-display-component---detailSite--addressDetailDetailsYardText"},"wdio_ui5_key":"applicationmanagesites-display-component---detailSite--addressDetailDetailsYardText"}]}
RESULT: undefined
COMMAND: POST /session/25dcfb25871b33b6fbae40ebb9612352/element - {"using":"xpath","value":"//header/div/div[2]/div[2]/span"}
RESULT: {"using":"xpath","value":"//header/div/div[2]/div[2]/span"}
COMMAND: GET /session/25dcfb25871b33b6fbae40ebb9612352/element/f.2438752634DB01E0CA013ABFBE801384.d.FF458E1398CD8CFEF4119275EDFF7587.e.2731/text - {}
RESULT: {}
COMMAND: POST /session/25dcfb25871b33b6fbae40ebb9612352/element - {"using":"xpath","value":"//header/div/div/div/div/div/div[2]/div/span"}
RESULT: {"using":"xpath","value":"//header/div/div/div/div/div/div[2]/div/span"}
COMMAND: GET /session/25dcfb25871b33b6fbae40ebb9612352/element/f.2438752634DB01E0CA013ABFBE801384.d.FF458E1398CD8CFEF4119275EDFF7587.e.2732/text - {}
RESULT: {}
COMMAND: POST /session/25dcfb25871b33b6fbae40ebb9612352/element - {"using":"css selector","value":"#shell-header-logo"}
RESULT: {"using":"css selector","value":"#shell-header-logo"}
COMMAND: POST /session/25dcfb25871b33b6fbae40ebb9612352/element/f.2438752634DB01E0CA013ABFBE801384.d.FF458E1398CD8CFEF4119275EDFF7587.e.1866/click - {}
RESULT: {}
COMMAND: GET /session/25dcfb25871b33b6fbae40ebb9612352/screenshot - {}
RESULT: {}
]]></system-out>
    </testcase>
    <testcase classname="chrome.137_0_7151_56.windows.Manage_Requests_Tags_Tests_US120163" name="Should Create New Request Tags" time="203.323">
      <system-out><![CDATA[
COMMAND: POST /session/25dcfb25871b33b6fbae40ebb9612352/execute/async - {"script":"<script> [1562 bytes]","args":[{"selector":{"controlType":"sap.m.GenericTile","properties":{"header":"Manage Requests"}},"wdio_ui5_key":"sapm.GenericTile{\"header\":\"Manage Requests\"}"}]}
RESULT: {"script":"<script> [1562 bytes]","args":[{"selector":{"controlType":"sap.m.GenericTile","properties":{"header":"Manage Requests"}},"wdio_ui5_key":"sapm.GenericTile{\"header\":\"Manage Requests\"}"}]}
RESULT: undefined
COMMAND: POST /session/25dcfb25871b33b6fbae40ebb9612352/element - {"using":"xpath","value":"//*[@id=\"__tile47\"]"}
RESULT: {"using":"xpath","value":"//*[@id=\"__tile47\"]"}
COMMAND: POST /session/25dcfb25871b33b6fbae40ebb9612352/element/f.2438752634DB01E0CA013ABFBE801384.d.FF458E1398CD8CFEF4119275EDFF7587.e.2734/click - {}
RESULT: {}
COMMAND: GET /session/25dcfb25871b33b6fbae40ebb9612352/screenshot - {}
RESULT: {}
COMMAND: POST /session/25dcfb25871b33b6fbae40ebb9612352/elements - {"using":"xpath","value":"//span[text()='Error']"}
RESULT: {"using":"xpath","value":"//span[text()='Error']"}
COMMAND: POST /session/25dcfb25871b33b6fbae40ebb9612352/element - {"using":"xpath","value":"//button[contains(@data-kt ,\"btnCreateNewOverflowToolbarButton\")]"}
COMMAND: POST /session/25dcfb25871b33b6fbae40ebb9612352/element - {"using":"xpath","value":"(//span[contains(@class ,\"sapMObjStatusText\")])[1]"}
RESULT: {"using":"xpath","value":"//button[contains(@data-kt ,\"btnCreateNewOverflowToolbarButton\")]"}
COMMAND: POST /session/25dcfb25871b33b6fbae40ebb9612352/element/f.2438752634DB01E0CA013ABFBE801384.d.FF458E1398CD8CFEF4119275EDFF7587.e.2792/click - {}
RESULT: {"using":"xpath","value":"(//span[contains(@class ,\"sapMObjStatusText\")])[1]"}
COMMAND: POST /session/25dcfb25871b33b6fbae40ebb9612352/execute/sync - {"script":"<script> [8489 bytes]","args":[{"element-6066-11e4-a52e-4f735466cecf":"f.2438752634DB01E0CA013ABFBE801384.d.FF458E1398CD8CFEF4119275EDFF7587.e.2829","ELEMENT":"f.2438752634DB01E0CA013ABFBE801384.d.FF458E1398CD8CFEF4119275EDFF7587.e.2829"}]}
RESULT: {}
COMMAND: GET /session/25dcfb25871b33b6fbae40ebb9612352/screenshot - {}
RESULT: {"script":"<script> [8489 bytes]","args":[{"element-6066-11e4-a52e-4f735466cecf":"f.2438752634DB01E0CA013ABFBE801384.d.FF458E1398CD8CFEF4119275EDFF7587.e.2829","ELEMENT":"f.2438752634DB01E0CA013ABFBE801384.d.FF458E1398CD8CFEF4119275EDFF7587.e.2829"}]}
COMMAND: GET /session/25dcfb25871b33b6fbae40ebb9612352/screenshot - {}
RESULT: {}
RESULT: {}
COMMAND: POST /session/25dcfb25871b33b6fbae40ebb9612352/element - {"using":"xpath","value":"//input[contains(@id ,\"yardId-inner\")]"}
RESULT: {"using":"xpath","value":"//input[contains(@id ,\"yardId-inner\")]"}
COMMAND: POST /session/25dcfb25871b33b6fbae40ebb9612352/execute/sync - {"script":"<script> [8489 bytes]","args":[{"element-6066-11e4-a52e-4f735466cecf":"f.2438752634DB01E0CA013ABFBE801384.d.FF458E1398CD8CFEF4119275EDFF7587.e.2912","ELEMENT":"f.2438752634DB01E0CA013ABFBE801384.d.FF458E1398CD8CFEF4119275EDFF7587.e.2912"}]}
RESULT: {"script":"<script> [8489 bytes]","args":[{"element-6066-11e4-a52e-4f735466cecf":"f.2438752634DB01E0CA013ABFBE801384.d.FF458E1398CD8CFEF4119275EDFF7587.e.2912","ELEMENT":"f.2438752634DB01E0CA013ABFBE801384.d.FF458E1398CD8CFEF4119275EDFF7587.e.2912"}]}
COMMAND: POST /session/25dcfb25871b33b6fbae40ebb9612352/element - {"using":"xpath","value":"//input[contains(@id ,\"yardId-inner\")]"}
COMMAND: GET /session/25dcfb25871b33b6fbae40ebb9612352/screenshot - {}
RESULT: {"using":"xpath","value":"//input[contains(@id ,\"yardId-inner\")]"}
COMMAND: GET /session/25dcfb25871b33b6fbae40ebb9612352/element/f.2438752634DB01E0CA013ABFBE801384.d.FF458E1398CD8CFEF4119275EDFF7587.e.2912/enabled - {}
RESULT: {}
RESULT: {}
COMMAND: POST /session/25dcfb25871b33b6fbae40ebb9612352/element/f.2438752634DB01E0CA013ABFBE801384.d.FF458E1398CD8CFEF4119275EDFF7587.e.2912/clear - {}
COMMAND: GET /session/25dcfb25871b33b6fbae40ebb9612352/screenshot - {}
RESULT: {}
COMMAND: POST /session/25dcfb25871b33b6fbae40ebb9612352/element/f.2438752634DB01E0CA013ABFBE801384.d.FF458E1398CD8CFEF4119275EDFF7587.e.2912/value - {"text":"WebdriverYardg92yd"}
COMMAND: GET /session/25dcfb25871b33b6fbae40ebb9612352/screenshot - {}
RESULT: {}
RESULT: {"text":"WebdriverYardg92yd"}
COMMAND: GET /session/25dcfb25871b33b6fbae40ebb9612352/screenshot - {}
RESULT: {}
RESULT: {}
COMMAND: POST /session/25dcfb25871b33b6fbae40ebb9612352/element - {"using":"xpath","value":"//input[contains(@id ,\"customerNumber-inner\")]"}
RESULT: {"using":"xpath","value":"//input[contains(@id ,\"customerNumber-inner\")]"}
COMMAND: POST /session/25dcfb25871b33b6fbae40ebb9612352/element/f.2438752634DB01E0CA013ABFBE801384.d.FF458E1398CD8CFEF4119275EDFF7587.e.2906/value - {"text":"WebdriverPartner7c7tfh"}
COMMAND: POST /session/25dcfb25871b33b6fbae40ebb9612352/actions - {"actions":[{"id":"action5","type":"key","parameters":{},"actions":[{"type":"keyDown","value":"î€‡"},{"type":"pause","duration":10},{"type":"keyUp","value":"î€‡"}]}]}
RESULT: {"text":"WebdriverPartner7c7tfh"}
COMMAND: GET /session/25dcfb25871b33b6fbae40ebb9612352/screenshot - {}
RESULT: {"actions":[{"id":"action5","type":"key","parameters":{},"actions":[{"type":"keyDown","value":"î€‡"},{"type":"pause","duration":10},{"type":"keyUp","value":"î€‡"}]}]}
COMMAND: GET /session/25dcfb25871b33b6fbae40ebb9612352/screenshot - {}
RESULT: {}
RESULT: {}
COMMAND: POST /session/25dcfb25871b33b6fbae40ebb9612352/element/f.2438752634DB01E0CA013ABFBE801384.d.FF458E1398CD8CFEF4119275EDFF7587.e.2912/clear - {}
RESULT: {}
COMMAND: POST /session/25dcfb25871b33b6fbae40ebb9612352/element/f.2438752634DB01E0CA013ABFBE801384.d.FF458E1398CD8CFEF4119275EDFF7587.e.2912/clear - {}
COMMAND: GET /session/25dcfb25871b33b6fbae40ebb9612352/screenshot - {}
RESULT: {}
COMMAND: POST /session/25dcfb25871b33b6fbae40ebb9612352/element/f.2438752634DB01E0CA013ABFBE801384.d.FF458E1398CD8CFEF4119275EDFF7587.e.2912/value - {"text":"WebdriverYardg92yd"}
COMMAND: GET /session/25dcfb25871b33b6fbae40ebb9612352/screenshot - {}
RESULT: {}
RESULT: {"text":"WebdriverYardg92yd"}
COMMAND: GET /session/25dcfb25871b33b6fbae40ebb9612352/screenshot - {}
RESULT: {}
COMMAND: POST /session/25dcfb25871b33b6fbae40ebb9612352/actions - {"actions":[{"id":"action6","type":"key","parameters":{},"actions":[{"type":"keyDown","value":"î€‡"},{"type":"pause","duration":10},{"type":"keyUp","value":"î€‡"}]}]}
RESULT: {}
RESULT: {"actions":[{"id":"action6","type":"key","parameters":{},"actions":[{"type":"keyDown","value":"î€‡"},{"type":"pause","duration":10},{"type":"keyUp","value":"î€‡"}]}]}
COMMAND: GET /session/25dcfb25871b33b6fbae40ebb9612352/screenshot - {}
RESULT: {}
COMMAND: GET /session/25dcfb25871b33b6fbae40ebb9612352/element/f.2438752634DB01E0CA013ABFBE801384.d.FF458E1398CD8CFEF4119275EDFF7587.e.2906/property/value - {}
RESULT: {}
COMMAND: POST /session/25dcfb25871b33b6fbae40ebb9612352/element/f.2438752634DB01E0CA013ABFBE801384.d.FF458E1398CD8CFEF4119275EDFF7587.e.2906/clear - {}
COMMAND: GET /session/25dcfb25871b33b6fbae40ebb9612352/screenshot - {}
RESULT: {}
COMMAND: GET /session/25dcfb25871b33b6fbae40ebb9612352/screenshot - {}
RESULT: {}
RESULT: {}
COMMAND: POST /session/25dcfb25871b33b6fbae40ebb9612352/actions - {"actions":[{"id":"action7","type":"key","parameters":{},"actions":[{"type":"keyDown","value":"î€‡"},{"type":"pause","duration":10},{"type":"keyUp","value":"î€‡"}]}]}
RESULT: {"actions":[{"id":"action7","type":"key","parameters":{},"actions":[{"type":"keyDown","value":"î€‡"},{"type":"pause","duration":10},{"type":"keyUp","value":"î€‡"}]}]}
COMMAND: GET /session/25dcfb25871b33b6fbae40ebb9612352/screenshot - {}
RESULT: {}
COMMAND: POST /session/25dcfb25871b33b6fbae40ebb9612352/element/f.2438752634DB01E0CA013ABFBE801384.d.FF458E1398CD8CFEF4119275EDFF7587.e.2906/value - {"text":"WebdriverPartner7c7tfh"}
RESULT: {"text":"WebdriverPartner7c7tfh"}
COMMAND: GET /session/25dcfb25871b33b6fbae40ebb9612352/screenshot - {}
RESULT: {}
COMMAND: POST /session/25dcfb25871b33b6fbae40ebb9612352/actions - {"actions":[{"id":"action8","type":"key","parameters":{},"actions":[{"type":"keyDown","value":"î€‡"},{"type":"pause","duration":10},{"type":"keyUp","value":"î€‡"}]}]}
RESULT: {"actions":[{"id":"action8","type":"key","parameters":{},"actions":[{"type":"keyDown","value":"î€‡"},{"type":"pause","duration":10},{"type":"keyUp","value":"î€‡"}]}]}
COMMAND: GET /session/25dcfb25871b33b6fbae40ebb9612352/screenshot - {}
RESULT: {}
COMMAND: POST /session/25dcfb25871b33b6fbae40ebb9612352/element - {"using":"xpath","value":"//input[contains(@id ,\"requestSiteId-inner\")]"}
RESULT: {"using":"xpath","value":"//input[contains(@id ,\"requestSiteId-inner\")]"}
COMMAND: POST /session/25dcfb25871b33b6fbae40ebb9612352/element/f.2438752634DB01E0CA013ABFBE801384.d.FF458E1398CD8CFEF4119275EDFF7587.e.2905/value - {"text":"WebdriverSitemjpzv"}
RESULT: {"text":"WebdriverSitemjpzv"}
COMMAND: GET /session/25dcfb25871b33b6fbae40ebb9612352/screenshot - {}
RESULT: {}
COMMAND: POST /session/25dcfb25871b33b6fbae40ebb9612352/actions - {"actions":[{"id":"action9","type":"key","parameters":{},"actions":[{"type":"keyDown","value":"î€‡"},{"type":"pause","duration":10},{"type":"keyUp","value":"î€‡"}]}]}
RESULT: {"actions":[{"id":"action9","type":"key","parameters":{},"actions":[{"type":"keyDown","value":"î€‡"},{"type":"pause","duration":10},{"type":"keyUp","value":"î€‡"}]}]}
COMMAND: GET /session/25dcfb25871b33b6fbae40ebb9612352/screenshot - {}
RESULT: {}
COMMAND: POST /session/25dcfb25871b33b6fbae40ebb9612352/execute/async - {"script":"<script> [1562 bytes]","args":[{"selector":{"controlType":"sap.m.Input","viewName":"etm.portal.ui.managerequests.view.NewRequest","bindingPath":{"path":"","propertyPath":"/DESCRIPTION","modelName":"oNewRequestModel"},"interaction":{"idSuffix":"inner"}},"wdio_ui5_key":"etmportal.ui.managerequests.view.NewRequestsap.m.Input{\"path\":\"\",\"propertyPath\":\"/DESCRIPTION\",\"modelName\":\"oNewRequestModel\"}"}]}
RESULT: {"script":"<script> [1562 bytes]","args":[{"selector":{"controlType":"sap.m.Input","viewName":"etm.portal.ui.managerequests.view.NewRequest","bindingPath":{"path":"","propertyPath":"/DESCRIPTION","modelName":"oNewRequestModel"},"interaction":{"idSuffix":"inner"}},"wdio_ui5_key":"etmportal.ui.managerequests.view.NewRequestsap.m.Input{\"path\":\"\",\"propertyPath\":\"/DESCRIPTION\",\"modelName\":\"oNewRequestModel\"}"}]}
RESULT: undefined
COMMAND: POST /session/25dcfb25871b33b6fbae40ebb9612352/execute/async - {"script":"<script> [776 bytes]","args":[{"enterText":"Wdi5 Tags Test","selector":{"controlType":"sap.m.Input","viewName":"etm.portal.ui.managerequests.view.NewRequest","bindingPath":{"path":"","propertyPath":"/DESCRIPTION","modelName":"oNewRequestModel"},"interaction":{"idSuffix":"inner"}},"clearTextFirst":true,"interactionType":"ENTER_TEXT"}]}
RESULT: {"script":"<script> [776 bytes]","args":[{"enterText":"Wdi5 Tags Test","selector":{"controlType":"sap.m.Input","viewName":"etm.portal.ui.managerequests.view.NewRequest","bindingPath":{"path":"","propertyPath":"/DESCRIPTION","modelName":"oNewRequestModel"},"interaction":{"idSuffix":"inner"}},"clearTextFirst":true,"interactionType":"ENTER_TEXT"}]}
COMMAND: POST /session/25dcfb25871b33b6fbae40ebb9612352/execute/async - {"script":"<script> [1562 bytes]","args":[{"selector":{"id":"tagInputAdd","viewName":"etm.portal.ui.managerequests.view.NewRequest","interaction":{"idSuffix":"inner"}},"wdio_ui5_key":"tagInputAddetmportal.ui.managerequests.view.NewRequest"}]}
RESULT: {"script":"<script> [1562 bytes]","args":[{"selector":{"id":"tagInputAdd","viewName":"etm.portal.ui.managerequests.view.NewRequest","interaction":{"idSuffix":"inner"}},"wdio_ui5_key":"tagInputAddetmportal.ui.managerequests.view.NewRequest"}]}
RESULT: undefined
COMMAND: POST /session/25dcfb25871b33b6fbae40ebb9612352/execute/async - {"script":"<script> [776 bytes]","args":[{"enterText":"RefTag","selector":{"id":"tagInputAdd","viewName":"etm.portal.ui.managerequests.view.NewRequest","interaction":{"idSuffix":"inner"}},"clearTextFirst":true,"interactionType":"ENTER_TEXT"}]}
RESULT: {"script":"<script> [776 bytes]","args":[{"enterText":"RefTag","selector":{"id":"tagInputAdd","viewName":"etm.portal.ui.managerequests.view.NewRequest","interaction":{"idSuffix":"inner"}},"clearTextFirst":true,"interactionType":"ENTER_TEXT"}]}
COMMAND: POST /session/25dcfb25871b33b6fbae40ebb9612352/actions - {"actions":[{"id":"action10","type":"key","parameters":{},"actions":[{"type":"keyDown","value":"î€‡"},{"type":"pause","duration":10},{"type":"keyUp","value":"î€‡"}]}]}
RESULT: {"actions":[{"id":"action10","type":"key","parameters":{},"actions":[{"type":"keyDown","value":"î€‡"},{"type":"pause","duration":10},{"type":"keyUp","value":"î€‡"}]}]}
COMMAND: GET /session/25dcfb25871b33b6fbae40ebb9612352/screenshot - {}
RESULT: {}
RESULT: undefined
COMMAND: POST /session/25dcfb25871b33b6fbae40ebb9612352/execute/async - {"script":"<script> [776 bytes]","args":[{"enterText":"tag-header","selector":{"id":"tagInputAdd","viewName":"etm.portal.ui.managerequests.view.NewRequest","interaction":{"idSuffix":"inner"}},"clearTextFirst":true,"interactionType":"ENTER_TEXT"}]}
RESULT: {"script":"<script> [776 bytes]","args":[{"enterText":"tag-header","selector":{"id":"tagInputAdd","viewName":"etm.portal.ui.managerequests.view.NewRequest","interaction":{"idSuffix":"inner"}},"clearTextFirst":true,"interactionType":"ENTER_TEXT"}]}
COMMAND: POST /session/25dcfb25871b33b6fbae40ebb9612352/actions - {"actions":[{"id":"action11","type":"key","parameters":{},"actions":[{"type":"keyDown","value":"î€‡"},{"type":"pause","duration":10},{"type":"keyUp","value":"î€‡"}]}]}
RESULT: {"actions":[{"id":"action11","type":"key","parameters":{},"actions":[{"type":"keyDown","value":"î€‡"},{"type":"pause","duration":10},{"type":"keyUp","value":"î€‡"}]}]}
COMMAND: GET /session/25dcfb25871b33b6fbae40ebb9612352/screenshot - {}
RESULT: {}
RESULT: undefined
COMMAND: POST /session/25dcfb25871b33b6fbae40ebb9612352/execute/async - {"script":"<script> [776 bytes]","args":[{"enterText":"tag-duplicate","selector":{"id":"tagInputAdd","viewName":"etm.portal.ui.managerequests.view.NewRequest","interaction":{"idSuffix":"inner"}},"clearTextFirst":true,"interactionType":"ENTER_TEXT"}]}
RESULT: {"script":"<script> [776 bytes]","args":[{"enterText":"tag-duplicate","selector":{"id":"tagInputAdd","viewName":"etm.portal.ui.managerequests.view.NewRequest","interaction":{"idSuffix":"inner"}},"clearTextFirst":true,"interactionType":"ENTER_TEXT"}]}
COMMAND: POST /session/25dcfb25871b33b6fbae40ebb9612352/actions - {"actions":[{"id":"action12","type":"key","parameters":{},"actions":[{"type":"keyDown","value":"î€‡"},{"type":"pause","duration":10},{"type":"keyUp","value":"î€‡"}]}]}
RESULT: {"actions":[{"id":"action12","type":"key","parameters":{},"actions":[{"type":"keyDown","value":"î€‡"},{"type":"pause","duration":10},{"type":"keyUp","value":"î€‡"}]}]}
COMMAND: GET /session/25dcfb25871b33b6fbae40ebb9612352/screenshot - {}
RESULT: {}
COMMAND: POST /session/25dcfb25871b33b6fbae40ebb9612352/execute/async - {"script":"<script> [1562 bytes]","args":[{"selector":{"id":"tagsLayoutAdd","viewName":"etm.portal.ui.managerequests.view.NewRequest"},"wdio_ui5_key":"tagsLayoutAddetmportal.ui.managerequests.view.NewRequest"}]}
RESULT: {"script":"<script> [1562 bytes]","args":[{"selector":{"id":"tagsLayoutAdd","viewName":"etm.portal.ui.managerequests.view.NewRequest"},"wdio_ui5_key":"tagsLayoutAddetmportal.ui.managerequests.view.NewRequest"}]}
RESULT: undefined
COMMAND: POST /session/25dcfb25871b33b6fbae40ebb9612352/execute/async - {"script":"<script> [6424 bytes]","args":[{"element-6066-11e4-a52e-4f735466cecf":"f.2438752634DB01E0CA013ABFBE801384.d.FF458E1398CD8CFEF4119275EDFF7587.e.3058"},"getTokens",[]]}
RESULT: {"script":"<script> [6424 bytes]","args":[{"element-6066-11e4-a52e-4f735466cecf":"f.2438752634DB01E0CA013ABFBE801384.d.FF458E1398CD8CFEF4119275EDFF7587.e.3058"},"getTokens",[]]}
COMMAND: POST /session/25dcfb25871b33b6fbae40ebb9612352/execute/async - {"script":"<script> [1562 bytes]","args":[{"wdio_ui5_key":"__token9","selector":{"id":"__token9"}}]}
COMMAND: POST /session/25dcfb25871b33b6fbae40ebb9612352/execute/async - {"script":"<script> [1562 bytes]","args":[{"wdio_ui5_key":"__token10","selector":{"id":"__token10"}}]}
COMMAND: POST /session/25dcfb25871b33b6fbae40ebb9612352/execute/async - {"script":"<script> [1562 bytes]","args":[{"wdio_ui5_key":"__token8","selector":{"id":"__token8"}}]}
RESULT: {"script":"<script> [1562 bytes]","args":[{"wdio_ui5_key":"__token8","selector":{"id":"__token8"}}]}
RESULT: undefined
RESULT: {"script":"<script> [1562 bytes]","args":[{"wdio_ui5_key":"__token10","selector":{"id":"__token10"}}]}
RESULT: undefined
RESULT: {"script":"<script> [1562 bytes]","args":[{"wdio_ui5_key":"__token9","selector":{"id":"__token9"}}]}
RESULT: undefined
COMMAND: POST /session/25dcfb25871b33b6fbae40ebb9612352/execute/async - {"script":"<script> [1562 bytes]","args":[{"selector":{"controlType":"sap.ui.core.Icon","viewName":"etm.portal.ui.managerequests.view.NewRequest","properties":{"src":{"regex":{"source":"decline"}}},"ancestor":{"controlType":"sap.m.Token","viewName":"etm.portal.ui.managerequests.view.NewRequest","properties":{"text":"tag-duplicate"}}},"wdio_ui5_key":"etmportal.ui.managerequests.view.NewRequestsap.ui.core.Icon{\"src\":{\"regex\":{\"source\":\"decline\"}}}{\"controlType\":\"sap.m.Token\",\"viewName\":\"etm.portal.ui.managerequests.view.NewRequest\",\"properties\":{\"text\":\"tag-duplicate\"}}"}]}
RESULT: {"script":"<script> [1562 bytes]","args":[{"selector":{"controlType":"sap.ui.core.Icon","viewName":"etm.portal.ui.managerequests.view.NewRequest","properties":{"src":{"regex":{"source":"decline"}}},"ancestor":{"controlType":"sap.m.Token","viewName":"etm.portal.ui.managerequests.view.NewRequest","properties":{"text":"tag-duplicate"}}},"wdio_ui5_key":"etmportal.ui.managerequests.view.NewRequestsap.ui.core.Icon{\"src\":{\"regex\":{\"source\":\"decline\"}}}{\"controlType\":\"sap.m.Token\",\"viewName\":\"etm.portal.ui.managerequests.view.NewRequest\",\"properties\":{\"text\":\"tag-duplicate\"}}"}]}
RESULT: undefined
COMMAND: POST /session/25dcfb25871b33b6fbae40ebb9612352/element - {"using":"xpath","value":"//*[@id=\"__token10-icon\"]"}
RESULT: {"using":"xpath","value":"//*[@id=\"__token10-icon\"]"}
COMMAND: POST /session/25dcfb25871b33b6fbae40ebb9612352/element/f.2438752634DB01E0CA013ABFBE801384.d.FF458E1398CD8CFEF4119275EDFF7587.e.3094/click - {}
RESULT: {}
COMMAND: POST /session/25dcfb25871b33b6fbae40ebb9612352/execute/async - {"script":"<script> [1562 bytes]","args":[{"selector":{"controlType":"sap.ui.core.Icon","viewName":"etm.portal.ui.managerequests.view.NewRequest","properties":{"src":{"regex":{"source":"decline"}}},"ancestor":{"controlType":"sap.m.Token","viewName":"etm.portal.ui.managerequests.view.NewRequest","properties":{"text":"tag1"}}},"wdio_ui5_key":"etmportal.ui.managerequests.view.NewRequestsap.ui.core.Icon{\"src\":{\"regex\":{\"source\":\"decline\"}}}{\"controlType\":\"sap.m.Token\",\"viewName\":\"etm.portal.ui.managerequests.view.NewRequest\",\"properties\":{\"text\":\"tag1\"}}"}]}
COMMAND: GET /session/25dcfb25871b33b6fbae40ebb9612352/screenshot - {}
RESULT: {"script":"<script> [1562 bytes]","args":[{"selector":{"controlType":"sap.ui.core.Icon","viewName":"etm.portal.ui.managerequests.view.NewRequest","properties":{"src":{"regex":{"source":"decline"}}},"ancestor":{"controlType":"sap.m.Token","viewName":"etm.portal.ui.managerequests.view.NewRequest","properties":{"text":"tag1"}}},"wdio_ui5_key":"etmportal.ui.managerequests.view.NewRequestsap.ui.core.Icon{\"src\":{\"regex\":{\"source\":\"decline\"}}}{\"controlType\":\"sap.m.Token\",\"viewName\":\"etm.portal.ui.managerequests.view.NewRequest\",\"properties\":{\"text\":\"tag1\"}}"}]}
RESULT: undefined
RESULT: {}
COMMAND: POST /session/25dcfb25871b33b6fbae40ebb9612352/actions - {"actions":[{"id":"action13","type":"key","parameters":{},"actions":[{"type":"keyDown","value":"î€Œ"},{"type":"pause","duration":10},{"type":"keyUp","value":"î€Œ"}]}]}
RESULT: {"actions":[{"id":"action13","type":"key","parameters":{},"actions":[{"type":"keyDown","value":"î€Œ"},{"type":"pause","duration":10},{"type":"keyUp","value":"î€Œ"}]}]}
COMMAND: GET /session/25dcfb25871b33b6fbae40ebb9612352/screenshot - {}
RESULT: {}
RESULT: undefined
COMMAND: POST /session/25dcfb25871b33b6fbae40ebb9612352/execute/async - {"script":"<script> [6424 bytes]","args":[{"element-6066-11e4-a52e-4f735466cecf":"f.2438752634DB01E0CA013ABFBE801384.d.FF458E1398CD8CFEF4119275EDFF7587.e.3058"},"getTokens",[]]}
RESULT: {"script":"<script> [6424 bytes]","args":[{"element-6066-11e4-a52e-4f735466cecf":"f.2438752634DB01E0CA013ABFBE801384.d.FF458E1398CD8CFEF4119275EDFF7587.e.3058"},"getTokens",[]]}
RESULT: undefined
RESULT: undefined
COMMAND: POST /session/25dcfb25871b33b6fbae40ebb9612352/execute/async - {"script":"<script> [1562 bytes]","args":[{"selector":{"controlType":"sap.m.Button","viewName":"etm.portal.ui.managerequests.view.NewRequest","properties":{"text":"Items"},"interaction":{"idSuffix":"BDI-content"}},"wdio_ui5_key":"etmportal.ui.managerequests.view.NewRequestsap.m.Button{\"text\":\"Items\"}"}]}
RESULT: {"script":"<script> [1562 bytes]","args":[{"selector":{"controlType":"sap.m.Button","viewName":"etm.portal.ui.managerequests.view.NewRequest","properties":{"text":"Items"},"interaction":{"idSuffix":"BDI-content"}},"wdio_ui5_key":"etmportal.ui.managerequests.view.NewRequestsap.m.Button{\"text\":\"Items\"}"}]}
RESULT: undefined
COMMAND: POST /session/25dcfb25871b33b6fbae40ebb9612352/element - {"using":"xpath","value":"//*[@id=\"__xmlview59--newRequestPage-anchBar-__xmlview59--requestItemsSection-anchor\"]"}
RESULT: {"using":"xpath","value":"//*[@id=\"__xmlview59--newRequestPage-anchBar-__xmlview59--requestItemsSection-anchor\"]"}
COMMAND: POST /session/25dcfb25871b33b6fbae40ebb9612352/element/f.2438752634DB01E0CA013ABFBE801384.d.FF458E1398CD8CFEF4119275EDFF7587.e.3101/click - {}
RESULT: {}
COMMAND: GET /session/25dcfb25871b33b6fbae40ebb9612352/screenshot - {}
RESULT: {}
COMMAND: POST /session/25dcfb25871b33b6fbae40ebb9612352/execute/async - {"script":"<script> [1562 bytes]","args":[{"selector":{"controlType":"sap.ui.core.Icon","viewName":"etm.portal.ui.managerequests.view.NewRequest","properties":{"src":{"regex":{"source":"inspect"}}}},"wdio_ui5_key":"etmportal.ui.managerequests.view.NewRequestsap.ui.core.Icon{\"src\":{\"regex\":{\"source\":\"inspect\"}}}"}]}
RESULT: {"script":"<script> [1562 bytes]","args":[{"selector":{"controlType":"sap.ui.core.Icon","viewName":"etm.portal.ui.managerequests.view.NewRequest","properties":{"src":{"regex":{"source":"inspect"}}}},"wdio_ui5_key":"etmportal.ui.managerequests.view.NewRequestsap.ui.core.Icon{\"src\":{\"regex\":{\"source\":\"inspect\"}}}"}]}
RESULT: undefined
COMMAND: POST /session/25dcfb25871b33b6fbae40ebb9612352/element - {"using":"xpath","value":"//*[@id=\"__button114-img\"]"}
RESULT: {"using":"xpath","value":"//*[@id=\"__button114-img\"]"}
COMMAND: POST /session/25dcfb25871b33b6fbae40ebb9612352/element/f.2438752634DB01E0CA013ABFBE801384.d.FF458E1398CD8CFEF4119275EDFF7587.e.3106/click - {}
RESULT: {}
COMMAND: GET /session/25dcfb25871b33b6fbae40ebb9612352/screenshot - {}
RESULT: {}
COMMAND: POST /session/25dcfb25871b33b6fbae40ebb9612352/execute/async - {"script":"<script> [1562 bytes]","args":[{"selector":{"controlType":"sap.ui.core.Icon","viewName":"etm.portal.ui.managerequests.view.NewRequest","properties":{"src":{"regex":{"source":"add"}}}},"wdio_ui5_key":"etmportal.ui.managerequests.view.NewRequestsap.ui.core.Icon{\"src\":{\"regex\":{\"source\":\"add\"}}}"}]}
RESULT: {"script":"<script> [1562 bytes]","args":[{"selector":{"controlType":"sap.ui.core.Icon","viewName":"etm.portal.ui.managerequests.view.NewRequest","properties":{"src":{"regex":{"source":"add"}}}},"wdio_ui5_key":"etmportal.ui.managerequests.view.NewRequestsap.ui.core.Icon{\"src\":{\"regex\":{\"source\":\"add\"}}}"}]}
RESULT: undefined
COMMAND: POST /session/25dcfb25871b33b6fbae40ebb9612352/element - {"using":"xpath","value":"//*[@id=\"__xmlview59--btnAddTableRow-img\"]"}
RESULT: {"using":"xpath","value":"//*[@id=\"__xmlview59--btnAddTableRow-img\"]"}
COMMAND: POST /session/25dcfb25871b33b6fbae40ebb9612352/element/f.2438752634DB01E0CA013ABFBE801384.d.FF458E1398CD8CFEF4119275EDFF7587.e.3114/click - {}
RESULT: {}
COMMAND: GET /session/25dcfb25871b33b6fbae40ebb9612352/screenshot - {}
RESULT: {}
COMMAND: POST /session/25dcfb25871b33b6fbae40ebb9612352/execute/async - {"script":"<script> [1562 bytes]","args":[{"selector":{"controlType":"sap.ui.unified.MenuItem","viewName":"etm.portal.ui.managerequests.view.NewRequest","i18NText":{"propertyName":"text","key":"standardEntry"},"searchOpenDialogs":true,"interaction":{"idSuffix":"txt"}},"wdio_ui5_key":"etmportal.ui.managerequests.view.NewRequestsap.ui.unified.MenuItem{\"propertyName\":\"text\",\"key\":\"standardEntry\"}"}]}
RESULT: {"script":"<script> [1562 bytes]","args":[{"selector":{"controlType":"sap.ui.unified.MenuItem","viewName":"etm.portal.ui.managerequests.view.NewRequest","i18NText":{"propertyName":"text","key":"standardEntry"},"searchOpenDialogs":true,"interaction":{"idSuffix":"txt"}},"wdio_ui5_key":"etmportal.ui.managerequests.view.NewRequestsap.ui.unified.MenuItem{\"propertyName\":\"text\",\"key\":\"standardEntry\"}"}]}
RESULT: undefined
COMMAND: POST /session/25dcfb25871b33b6fbae40ebb9612352/element - {"using":"xpath","value":"//*[@id=\"__item1920\"]"}
RESULT: {"using":"xpath","value":"//*[@id=\"__item1920\"]"}
COMMAND: POST /session/25dcfb25871b33b6fbae40ebb9612352/element/f.2438752634DB01E0CA013ABFBE801384.d.FF458E1398CD8CFEF4119275EDFF7587.e.3117/click - {}
RESULT: {}
COMMAND: GET /session/25dcfb25871b33b6fbae40ebb9612352/screenshot - {}
RESULT: {}
RESULT: undefined
COMMAND: POST /session/25dcfb25871b33b6fbae40ebb9612352/element - {"using":"xpath","value":"//*[@id=\"__xmlview59--btnAddTableRow-img\"]"}
RESULT: {"using":"xpath","value":"//*[@id=\"__xmlview59--btnAddTableRow-img\"]"}
COMMAND: POST /session/25dcfb25871b33b6fbae40ebb9612352/element/f.2438752634DB01E0CA013ABFBE801384.d.FF458E1398CD8CFEF4119275EDFF7587.e.3114/click - {}
RESULT: {}
COMMAND: GET /session/25dcfb25871b33b6fbae40ebb9612352/screenshot - {}
RESULT: {}
RESULT: undefined
COMMAND: POST /session/25dcfb25871b33b6fbae40ebb9612352/element - {"using":"xpath","value":"//*[@id=\"__item1920\"]"}
RESULT: {"using":"xpath","value":"//*[@id=\"__item1920\"]"}
COMMAND: POST /session/25dcfb25871b33b6fbae40ebb9612352/element/f.2438752634DB01E0CA013ABFBE801384.d.FF458E1398CD8CFEF4119275EDFF7587.e.3138/click - {}
RESULT: {}
COMMAND: GET /session/25dcfb25871b33b6fbae40ebb9612352/screenshot - {}
RESULT: {}
COMMAND: POST /session/25dcfb25871b33b6fbae40ebb9612352/element - {"using":"xpath","value":"(//input[contains(@id ,\"requestItemsTable-0-inner\")])[5]"}
RESULT: {"using":"xpath","value":"(//input[contains(@id ,\"requestItemsTable-0-inner\")])[5]"}
COMMAND: POST /session/25dcfb25871b33b6fbae40ebb9612352/element/f.2438752634DB01E0CA013ABFBE801384.d.FF458E1398CD8CFEF4119275EDFF7587.e.3129/clear - {}
RESULT: {}
COMMAND: POST /session/25dcfb25871b33b6fbae40ebb9612352/element/f.2438752634DB01E0CA013ABFBE801384.d.FF458E1398CD8CFEF4119275EDFF7587.e.3129/value - {"text":"1000001"}
COMMAND: GET /session/25dcfb25871b33b6fbae40ebb9612352/screenshot - {}
RESULT: {"text":"1000001"}
COMMAND: GET /session/25dcfb25871b33b6fbae40ebb9612352/screenshot - {}
RESULT: {}
RESULT: {}
COMMAND: POST /session/25dcfb25871b33b6fbae40ebb9612352/actions - {"actions":[{"id":"action14","type":"key","parameters":{},"actions":[{"type":"keyDown","value":"î€‡"},{"type":"pause","duration":10},{"type":"keyUp","value":"î€‡"}]}]}
RESULT: {"actions":[{"id":"action14","type":"key","parameters":{},"actions":[{"type":"keyDown","value":"î€‡"},{"type":"pause","duration":10},{"type":"keyUp","value":"î€‡"}]}]}
COMMAND: POST /session/25dcfb25871b33b6fbae40ebb9612352/element - {"using":"xpath","value":"(//input[contains(@id ,\"requestItemsTable-1-inner\")])[5]"}
COMMAND: GET /session/25dcfb25871b33b6fbae40ebb9612352/screenshot - {}
RESULT: {"using":"xpath","value":"(//input[contains(@id ,\"requestItemsTable-1-inner\")])[5]"}
COMMAND: POST /session/25dcfb25871b33b6fbae40ebb9612352/element/f.2438752634DB01E0CA013ABFBE801384.d.FF458E1398CD8CFEF4119275EDFF7587.e.3144/clear - {}
RESULT: {}
RESULT: {}
COMMAND: POST /session/25dcfb25871b33b6fbae40ebb9612352/element/f.2438752634DB01E0CA013ABFBE801384.d.FF458E1398CD8CFEF4119275EDFF7587.e.3144/value - {"text":"1000002"}
COMMAND: GET /session/25dcfb25871b33b6fbae40ebb9612352/screenshot - {}
RESULT: {"text":"1000002"}
COMMAND: GET /session/25dcfb25871b33b6fbae40ebb9612352/screenshot - {}
RESULT: {}
RESULT: {}
COMMAND: POST /session/25dcfb25871b33b6fbae40ebb9612352/actions - {"actions":[{"id":"action15","type":"key","parameters":{},"actions":[{"type":"keyDown","value":"î€‡"},{"type":"pause","duration":10},{"type":"keyUp","value":"î€‡"}]}]}
RESULT: {"actions":[{"id":"action15","type":"key","parameters":{},"actions":[{"type":"keyDown","value":"î€‡"},{"type":"pause","duration":10},{"type":"keyUp","value":"î€‡"}]}]}
COMMAND: POST /session/25dcfb25871b33b6fbae40ebb9612352/execute/async - {"script":"<script> [1562 bytes]","args":[{"selector":{"controlType":"sap.m.Input","viewName":"etm.portal.ui.managerequests.view.NewRequest","bindingPath":{"path":"","propertyPath":"/Tags","modelName":"catalogModel"},"ancestor":{"controlType":"sap.m.ColumnListItem","viewName":"etm.portal.ui.managerequests.view.NewRequest","bindingPath":{"modelName":"newRequestItems","path":"/RequestItems/0"},"ancestor":{"id":"requestItemsTable","viewName":"etm.portal.ui.managerequests.view.NewRequest"}},"interaction":{"idSuffix":"inner"}},"wdio_ui5_key":"etmportal.ui.managerequests.view.NewRequestsap.m.Input{\"path\":\"\",\"propertyPath\":\"/Tags\",\"modelName\":\"catalogModel\"}{\"controlType\":\"sap.m.ColumnListItem\",\"viewName\":\"etm.portal.ui.managerequests.view.NewRequest\",\"bindingPath\":{\"modelName\":\"newRequestItems\",\"path\":\"/RequestItems/0\"},\"ancestor\":{\"id\":\"requestItemsTable\",\"viewName\":\"etm.portal.ui.managerequests.view.NewRequest\"}}"}]}
COMMAND: GET /session/25dcfb25871b33b6fbae40ebb9612352/screenshot - {}
RESULT: {"script":"<script> [1562 bytes]","args":[{"selector":{"controlType":"sap.m.Input","viewName":"etm.portal.ui.managerequests.view.NewRequest","bindingPath":{"path":"","propertyPath":"/Tags","modelName":"catalogModel"},"ancestor":{"controlType":"sap.m.ColumnListItem","viewName":"etm.portal.ui.managerequests.view.NewRequest","bindingPath":{"modelName":"newRequestItems","path":"/RequestItems/0"},"ancestor":{"id":"requestItemsTable","viewName":"etm.portal.ui.managerequests.view.NewRequest"}},"interaction":{"idSuffix":"inner"}},"wdio_ui5_key":"etmportal.ui.managerequests.view.NewRequestsap.m.Input{\"path\":\"\",\"propertyPath\":\"/Tags\",\"modelName\":\"catalogModel\"}{\"controlType\":\"sap.m.ColumnListItem\",\"viewName\":\"etm.portal.ui.managerequests.view.NewRequest\",\"bindingPath\":{\"modelName\":\"newRequestItems\",\"path\":\"/RequestItems/0\"},\"ancestor\":{\"id\":\"requestItemsTable\",\"viewName\":\"etm.portal.ui.managerequests.view.NewRequest\"}}"}]}
RESULT: undefined
COMMAND: POST /session/25dcfb25871b33b6fbae40ebb9612352/execute/async - {"script":"<script> [776 bytes]","args":[{"enterText":"tag1","selector":{"controlType":"sap.m.Input","viewName":"etm.portal.ui.managerequests.view.NewRequest","bindingPath":{"path":"","propertyPath":"/Tags","modelName":"catalogModel"},"ancestor":{"controlType":"sap.m.ColumnListItem","viewName":"etm.portal.ui.managerequests.view.NewRequest","bindingPath":{"modelName":"newRequestItems","path":"/RequestItems/0"},"ancestor":{"id":"requestItemsTable","viewName":"etm.portal.ui.managerequests.view.NewRequest"}},"interaction":{"idSuffix":"inner"}},"clearTextFirst":true,"interactionType":"ENTER_TEXT"}]}
RESULT: {}
RESULT: {"script":"<script> [776 bytes]","args":[{"enterText":"tag1","selector":{"controlType":"sap.m.Input","viewName":"etm.portal.ui.managerequests.view.NewRequest","bindingPath":{"path":"","propertyPath":"/Tags","modelName":"catalogModel"},"ancestor":{"controlType":"sap.m.ColumnListItem","viewName":"etm.portal.ui.managerequests.view.NewRequest","bindingPath":{"modelName":"newRequestItems","path":"/RequestItems/0"},"ancestor":{"id":"requestItemsTable","viewName":"etm.portal.ui.managerequests.view.NewRequest"}},"interaction":{"idSuffix":"inner"}},"clearTextFirst":true,"interactionType":"ENTER_TEXT"}]}
COMMAND: POST /session/25dcfb25871b33b6fbae40ebb9612352/actions - {"actions":[{"id":"action16","type":"key","parameters":{},"actions":[{"type":"keyDown","value":"î€‡"},{"type":"pause","duration":10},{"type":"keyUp","value":"î€‡"}]}]}
RESULT: {"actions":[{"id":"action16","type":"key","parameters":{},"actions":[{"type":"keyDown","value":"î€‡"},{"type":"pause","duration":10},{"type":"keyUp","value":"î€‡"}]}]}
RESULT: undefined
COMMAND: POST /session/25dcfb25871b33b6fbae40ebb9612352/execute/async - {"script":"<script> [776 bytes]","args":[{"enterText":"tag-duplicate","selector":{"controlType":"sap.m.Input","viewName":"etm.portal.ui.managerequests.view.NewRequest","bindingPath":{"path":"","propertyPath":"/Tags","modelName":"catalogModel"},"ancestor":{"controlType":"sap.m.ColumnListItem","viewName":"etm.portal.ui.managerequests.view.NewRequest","bindingPath":{"modelName":"newRequestItems","path":"/RequestItems/0"},"ancestor":{"id":"requestItemsTable","viewName":"etm.portal.ui.managerequests.view.NewRequest"}},"interaction":{"idSuffix":"inner"}},"clearTextFirst":true,"interactionType":"ENTER_TEXT"}]}
COMMAND: GET /session/25dcfb25871b33b6fbae40ebb9612352/screenshot - {}
RESULT: {"script":"<script> [776 bytes]","args":[{"enterText":"tag-duplicate","selector":{"controlType":"sap.m.Input","viewName":"etm.portal.ui.managerequests.view.NewRequest","bindingPath":{"path":"","propertyPath":"/Tags","modelName":"catalogModel"},"ancestor":{"controlType":"sap.m.ColumnListItem","viewName":"etm.portal.ui.managerequests.view.NewRequest","bindingPath":{"modelName":"newRequestItems","path":"/RequestItems/0"},"ancestor":{"id":"requestItemsTable","viewName":"etm.portal.ui.managerequests.view.NewRequest"}},"interaction":{"idSuffix":"inner"}},"clearTextFirst":true,"interactionType":"ENTER_TEXT"}]}
RESULT: {}
COMMAND: POST /session/25dcfb25871b33b6fbae40ebb9612352/actions - {"actions":[{"id":"action17","type":"key","parameters":{},"actions":[{"type":"keyDown","value":"î€‡"},{"type":"pause","duration":10},{"type":"keyUp","value":"î€‡"}]}]}
RESULT: {"actions":[{"id":"action17","type":"key","parameters":{},"actions":[{"type":"keyDown","value":"î€‡"},{"type":"pause","duration":10},{"type":"keyUp","value":"î€‡"}]}]}
COMMAND: GET /session/25dcfb25871b33b6fbae40ebb9612352/screenshot - {}
RESULT: {}
COMMAND: POST /session/25dcfb25871b33b6fbae40ebb9612352/execute/async - {"script":"<script> [1562 bytes]","args":[{"selector":{"controlType":"sap.m.Input","viewName":"etm.portal.ui.managerequests.view.NewRequest","bindingPath":{"path":"","propertyPath":"/Tags","modelName":"catalogModel"},"ancestor":{"controlType":"sap.m.ColumnListItem","viewName":"etm.portal.ui.managerequests.view.NewRequest","bindingPath":{"modelName":"newRequestItems","path":"/RequestItems/1"},"ancestor":{"id":"requestItemsTable","viewName":"etm.portal.ui.managerequests.view.NewRequest"}},"interaction":{"idSuffix":"inner"}},"wdio_ui5_key":"etmportal.ui.managerequests.view.NewRequestsap.m.Input{\"path\":\"\",\"propertyPath\":\"/Tags\",\"modelName\":\"catalogModel\"}{\"controlType\":\"sap.m.ColumnListItem\",\"viewName\":\"etm.portal.ui.managerequests.view.NewRequest\",\"bindingPath\":{\"modelName\":\"newRequestItems\",\"path\":\"/RequestItems/1\"},\"ancestor\":{\"id\":\"requestItemsTable\",\"viewName\":\"etm.portal.ui.managerequests.view.NewRequest\"}}"}]}
RESULT: {"script":"<script> [1562 bytes]","args":[{"selector":{"controlType":"sap.m.Input","viewName":"etm.portal.ui.managerequests.view.NewRequest","bindingPath":{"path":"","propertyPath":"/Tags","modelName":"catalogModel"},"ancestor":{"controlType":"sap.m.ColumnListItem","viewName":"etm.portal.ui.managerequests.view.NewRequest","bindingPath":{"modelName":"newRequestItems","path":"/RequestItems/1"},"ancestor":{"id":"requestItemsTable","viewName":"etm.portal.ui.managerequests.view.NewRequest"}},"interaction":{"idSuffix":"inner"}},"wdio_ui5_key":"etmportal.ui.managerequests.view.NewRequestsap.m.Input{\"path\":\"\",\"propertyPath\":\"/Tags\",\"modelName\":\"catalogModel\"}{\"controlType\":\"sap.m.ColumnListItem\",\"viewName\":\"etm.portal.ui.managerequests.view.NewRequest\",\"bindingPath\":{\"modelName\":\"newRequestItems\",\"path\":\"/RequestItems/1\"},\"ancestor\":{\"id\":\"requestItemsTable\",\"viewName\":\"etm.portal.ui.managerequests.view.NewRequest\"}}"}]}
RESULT: undefined
COMMAND: POST /session/25dcfb25871b33b6fbae40ebb9612352/execute/async - {"script":"<script> [776 bytes]","args":[{"enterText":"tag1","selector":{"controlType":"sap.m.Input","viewName":"etm.portal.ui.managerequests.view.NewRequest","bindingPath":{"path":"","propertyPath":"/Tags","modelName":"catalogModel"},"ancestor":{"controlType":"sap.m.ColumnListItem","viewName":"etm.portal.ui.managerequests.view.NewRequest","bindingPath":{"modelName":"newRequestItems","path":"/RequestItems/1"},"ancestor":{"id":"requestItemsTable","viewName":"etm.portal.ui.managerequests.view.NewRequest"}},"interaction":{"idSuffix":"inner"}},"clearTextFirst":true,"interactionType":"ENTER_TEXT"}]}
RESULT: {"script":"<script> [776 bytes]","args":[{"enterText":"tag1","selector":{"controlType":"sap.m.Input","viewName":"etm.portal.ui.managerequests.view.NewRequest","bindingPath":{"path":"","propertyPath":"/Tags","modelName":"catalogModel"},"ancestor":{"controlType":"sap.m.ColumnListItem","viewName":"etm.portal.ui.managerequests.view.NewRequest","bindingPath":{"modelName":"newRequestItems","path":"/RequestItems/1"},"ancestor":{"id":"requestItemsTable","viewName":"etm.portal.ui.managerequests.view.NewRequest"}},"interaction":{"idSuffix":"inner"}},"clearTextFirst":true,"interactionType":"ENTER_TEXT"}]}
COMMAND: POST /session/25dcfb25871b33b6fbae40ebb9612352/actions - {"actions":[{"id":"action18","type":"key","parameters":{},"actions":[{"type":"keyDown","value":"î€‡"},{"type":"pause","duration":10},{"type":"keyUp","value":"î€‡"}]}]}
RESULT: {"actions":[{"id":"action18","type":"key","parameters":{},"actions":[{"type":"keyDown","value":"î€‡"},{"type":"pause","duration":10},{"type":"keyUp","value":"î€‡"}]}]}
RESULT: undefined
COMMAND: POST /session/25dcfb25871b33b6fbae40ebb9612352/execute/async - {"script":"<script> [776 bytes]","args":[{"enterText":"tag-duplicate","selector":{"controlType":"sap.m.Input","viewName":"etm.portal.ui.managerequests.view.NewRequest","bindingPath":{"path":"","propertyPath":"/Tags","modelName":"catalogModel"},"ancestor":{"controlType":"sap.m.ColumnListItem","viewName":"etm.portal.ui.managerequests.view.NewRequest","bindingPath":{"modelName":"newRequestItems","path":"/RequestItems/1"},"ancestor":{"id":"requestItemsTable","viewName":"etm.portal.ui.managerequests.view.NewRequest"}},"interaction":{"idSuffix":"inner"}},"clearTextFirst":true,"interactionType":"ENTER_TEXT"}]}
COMMAND: GET /session/25dcfb25871b33b6fbae40ebb9612352/screenshot - {}
RESULT: {"script":"<script> [776 bytes]","args":[{"enterText":"tag-duplicate","selector":{"controlType":"sap.m.Input","viewName":"etm.portal.ui.managerequests.view.NewRequest","bindingPath":{"path":"","propertyPath":"/Tags","modelName":"catalogModel"},"ancestor":{"controlType":"sap.m.ColumnListItem","viewName":"etm.portal.ui.managerequests.view.NewRequest","bindingPath":{"modelName":"newRequestItems","path":"/RequestItems/1"},"ancestor":{"id":"requestItemsTable","viewName":"etm.portal.ui.managerequests.view.NewRequest"}},"interaction":{"idSuffix":"inner"}},"clearTextFirst":true,"interactionType":"ENTER_TEXT"}]}
RESULT: {}
COMMAND: POST /session/25dcfb25871b33b6fbae40ebb9612352/actions - {"actions":[{"id":"action19","type":"key","parameters":{},"actions":[{"type":"keyDown","value":"î€‡"},{"type":"pause","duration":10},{"type":"keyUp","value":"î€‡"}]}]}
RESULT: {"actions":[{"id":"action19","type":"key","parameters":{},"actions":[{"type":"keyDown","value":"î€‡"},{"type":"pause","duration":10},{"type":"keyUp","value":"î€‡"}]}]}
COMMAND: GET /session/25dcfb25871b33b6fbae40ebb9612352/screenshot - {}
RESULT: {}
COMMAND: POST /session/25dcfb25871b33b6fbae40ebb9612352/execute/async - {"script":"<script> [1562 bytes]","args":[{"selector":{"controlType":"sap.ui.core.Icon","viewName":"etm.portal.ui.managerequests.view.NewRequest","properties":{"src":{"regex":{"source":"slim\\-arrow\\-down"}}},"ancestor":{"controlType":"sap.m.Button","viewName":"etm.portal.ui.managerequests.view.NewRequest","properties":{"icon":"sap-icon://slim-arrow-down"}}},"wdio_ui5_key":"etmportal.ui.managerequests.view.NewRequestsap.ui.core.Icon{\"src\":{\"regex\":{\"source\":\"slim\\\\-arrow\\\\-down\"}}}{\"controlType\":\"sap.m.Button\",\"viewName\":\"etm.portal.ui.managerequests.view.NewRequest\",\"properties\":{\"icon\":\"sap-icon://slim-arrow-down\"}}"}]}
RESULT: {"script":"<script> [1562 bytes]","args":[{"selector":{"controlType":"sap.ui.core.Icon","viewName":"etm.portal.ui.managerequests.view.NewRequest","properties":{"src":{"regex":{"source":"slim\\-arrow\\-down"}}},"ancestor":{"controlType":"sap.m.Button","viewName":"etm.portal.ui.managerequests.view.NewRequest","properties":{"icon":"sap-icon://slim-arrow-down"}}},"wdio_ui5_key":"etmportal.ui.managerequests.view.NewRequestsap.ui.core.Icon{\"src\":{\"regex\":{\"source\":\"slim\\\\-arrow\\\\-down\"}}}{\"controlType\":\"sap.m.Button\",\"viewName\":\"etm.portal.ui.managerequests.view.NewRequest\",\"properties\":{\"icon\":\"sap-icon://slim-arrow-down\"}}"}]}
RESULT: undefined
COMMAND: POST /session/25dcfb25871b33b6fbae40ebb9612352/element - {"using":"xpath","value":"//*[@id=\"__title25-expandBtn-img\"]"}
RESULT: {"using":"xpath","value":"//*[@id=\"__title25-expandBtn-img\"]"}
COMMAND: POST /session/25dcfb25871b33b6fbae40ebb9612352/element/f.2438752634DB01E0CA013ABFBE801384.d.FF458E1398CD8CFEF4119275EDFF7587.e.3190/click - {}
RESULT: {}
COMMAND: GET /session/25dcfb25871b33b6fbae40ebb9612352/screenshot - {}
RESULT: {}
COMMAND: POST /session/25dcfb25871b33b6fbae40ebb9612352/element - {"using":"xpath","value":"//div[contains(@data-kt ,\"splitAllocationObjectStatus\")]"}
RESULT: {"using":"xpath","value":"//div[contains(@data-kt ,\"splitAllocationObjectStatus\")]"}
COMMAND: POST /session/25dcfb25871b33b6fbae40ebb9612352/elements - {"using":"xpath","value":"//div[contains(@data-kt ,\"splitAllocationObjectStatus\")]"}
RESULT: {"using":"xpath","value":"//div[contains(@data-kt ,\"splitAllocationObjectStatus\")]"}
COMMAND: POST /session/25dcfb25871b33b6fbae40ebb9612352/execute/async - {"script":"<script> [1562 bytes]","args":[{"selector":{"controlType":"sap.ui.core.Icon","viewName":"etm.portal.ui.managerequests.view.NewRequest","properties":{"src":{"regex":{"source":"message\\-error"}}},"ancestor":{"controlType":"sap.m.ColumnListItem","viewName":"etm.portal.ui.managerequests.view.NewRequest","bindingPath":{"modelName":"newRequestItems","path":"/RequestItems/0"},"ancestor":{"id":"requestItemsTable","viewName":"etm.portal.ui.managerequests.view.NewRequest"}}},"wdio_ui5_key":"etmportal.ui.managerequests.view.NewRequestsap.ui.core.Icon{\"src\":{\"regex\":{\"source\":\"message\\\\-error\"}}}{\"controlType\":\"sap.m.ColumnListItem\",\"viewName\":\"etm.portal.ui.managerequests.view.NewRequest\",\"bindingPath\":{\"modelName\":\"newRequestItems\",\"path\":\"/RequestItems/0\"},\"ancestor\":{\"id\":\"requestItemsTable\",\"viewName\":\"etm.portal.ui.managerequests.view.NewRequest\"}}"}]}
RESULT: {"script":"<script> [1562 bytes]","args":[{"selector":{"controlType":"sap.ui.core.Icon","viewName":"etm.portal.ui.managerequests.view.NewRequest","properties":{"src":{"regex":{"source":"message\\-error"}}},"ancestor":{"controlType":"sap.m.ColumnListItem","viewName":"etm.portal.ui.managerequests.view.NewRequest","bindingPath":{"modelName":"newRequestItems","path":"/RequestItems/0"},"ancestor":{"id":"requestItemsTable","viewName":"etm.portal.ui.managerequests.view.NewRequest"}}},"wdio_ui5_key":"etmportal.ui.managerequests.view.NewRequestsap.ui.core.Icon{\"src\":{\"regex\":{\"source\":\"message\\\\-error\"}}}{\"controlType\":\"sap.m.ColumnListItem\",\"viewName\":\"etm.portal.ui.managerequests.view.NewRequest\",\"bindingPath\":{\"modelName\":\"newRequestItems\",\"path\":\"/RequestItems/0\"},\"ancestor\":{\"id\":\"requestItemsTable\",\"viewName\":\"etm.portal.ui.managerequests.view.NewRequest\"}}"}]}
RESULT: undefined
COMMAND: POST /session/25dcfb25871b33b6fbae40ebb9612352/element - {"using":"xpath","value":"//*[@id=\"__status6-__xmlview59--requestItemsTable-0-icon\"]"}
RESULT: {"using":"xpath","value":"//*[@id=\"__status6-__xmlview59--requestItemsTable-0-icon\"]"}
COMMAND: POST /session/25dcfb25871b33b6fbae40ebb9612352/element/f.2438752634DB01E0CA013ABFBE801384.d.FF458E1398CD8CFEF4119275EDFF7587.e.3171/click - {}
RESULT: {}
COMMAND: GET /session/25dcfb25871b33b6fbae40ebb9612352/screenshot - {}
RESULT: {}
COMMAND: POST /session/25dcfb25871b33b6fbae40ebb9612352/execute/async - {"script":"<script> [1562 bytes]","args":[{"selector":{"id":"costObjectAdminTypeComboBox","viewName":"etm.portal.ui.managerequests.view.NewRequest","searchOpenDialogs":true,"interaction":{"idSuffix":"inner"}},"wdio_ui5_key":"costObjectAdminTypeComboBoxetmportal.ui.managerequests.view.NewRequest"}]}
RESULT: {"script":"<script> [1562 bytes]","args":[{"selector":{"id":"costObjectAdminTypeComboBox","viewName":"etm.portal.ui.managerequests.view.NewRequest","searchOpenDialogs":true,"interaction":{"idSuffix":"inner"}},"wdio_ui5_key":"costObjectAdminTypeComboBoxetmportal.ui.managerequests.view.NewRequest"}]}
RESULT: undefined
COMMAND: POST /session/25dcfb25871b33b6fbae40ebb9612352/execute/async - {"script":"<script> [776 bytes]","args":[{"enterText":"Cost Center","selector":{"id":"costObjectAdminTypeComboBox","viewName":"etm.portal.ui.managerequests.view.NewRequest","searchOpenDialogs":true,"interaction":{"idSuffix":"inner"}},"clearTextFirst":true,"interactionType":"ENTER_TEXT"}]}
RESULT: {"script":"<script> [776 bytes]","args":[{"enterText":"Cost Center","selector":{"id":"costObjectAdminTypeComboBox","viewName":"etm.portal.ui.managerequests.view.NewRequest","searchOpenDialogs":true,"interaction":{"idSuffix":"inner"}},"clearTextFirst":true,"interactionType":"ENTER_TEXT"}]}
COMMAND: POST /session/25dcfb25871b33b6fbae40ebb9612352/actions - {"actions":[{"id":"action20","type":"key","parameters":{},"actions":[{"type":"keyDown","value":"î€‡"},{"type":"pause","duration":10},{"type":"keyUp","value":"î€‡"}]}]}
RESULT: {"actions":[{"id":"action20","type":"key","parameters":{},"actions":[{"type":"keyDown","value":"î€‡"},{"type":"pause","duration":10},{"type":"keyUp","value":"î€‡"}]}]}
COMMAND: GET /session/25dcfb25871b33b6fbae40ebb9612352/screenshot - {}
RESULT: {}
COMMAND: POST /session/25dcfb25871b33b6fbae40ebb9612352/execute/async - {"script":"<script> [1562 bytes]","args":[{"selector":{"id":"costObjectIdComboBox","viewName":"etm.portal.ui.managerequests.view.NewRequest","searchOpenDialogs":true,"interaction":{"idSuffix":"inner"}},"wdio_ui5_key":"costObjectIdComboBoxetmportal.ui.managerequests.view.NewRequest"}]}
RESULT: {"script":"<script> [1562 bytes]","args":[{"selector":{"id":"costObjectIdComboBox","viewName":"etm.portal.ui.managerequests.view.NewRequest","searchOpenDialogs":true,"interaction":{"idSuffix":"inner"}},"wdio_ui5_key":"costObjectIdComboBoxetmportal.ui.managerequests.view.NewRequest"}]}
RESULT: undefined
COMMAND: POST /session/25dcfb25871b33b6fbae40ebb9612352/execute/async - {"script":"<script> [776 bytes]","args":[{"enterText":"1001 - 1001","selector":{"id":"costObjectIdComboBox","viewName":"etm.portal.ui.managerequests.view.NewRequest","searchOpenDialogs":true,"interaction":{"idSuffix":"inner"}},"clearTextFirst":true,"interactionType":"ENTER_TEXT"}]}
RESULT: {"script":"<script> [776 bytes]","args":[{"enterText":"1001 - 1001","selector":{"id":"costObjectIdComboBox","viewName":"etm.portal.ui.managerequests.view.NewRequest","searchOpenDialogs":true,"interaction":{"idSuffix":"inner"}},"clearTextFirst":true,"interactionType":"ENTER_TEXT"}]}
COMMAND: POST /session/25dcfb25871b33b6fbae40ebb9612352/actions - {"actions":[{"id":"action21","type":"key","parameters":{},"actions":[{"type":"keyDown","value":"î€‡"},{"type":"pause","duration":10},{"type":"keyUp","value":"î€‡"}]}]}
RESULT: {"actions":[{"id":"action21","type":"key","parameters":{},"actions":[{"type":"keyDown","value":"î€‡"},{"type":"pause","duration":10},{"type":"keyUp","value":"î€‡"}]}]}
COMMAND: GET /session/25dcfb25871b33b6fbae40ebb9612352/screenshot - {}
RESULT: {}
COMMAND: POST /session/25dcfb25871b33b6fbae40ebb9612352/element - {"using":"xpath","value":"(//bdi[(text() = 'Save' or . = 'Save')])[1]"}
RESULT: {"using":"xpath","value":"(//bdi[(text() = 'Save' or . = 'Save')])[1]"}
COMMAND: POST /session/25dcfb25871b33b6fbae40ebb9612352/element/f.2438752634DB01E0CA013ABFBE801384.d.FF458E1398CD8CFEF4119275EDFF7587.e.3211/click - {}
RESULT: {}
COMMAND: POST /session/25dcfb25871b33b6fbae40ebb9612352/execute/async - {"script":"<script> [1562 bytes]","args":[{"selector":{"controlType":"sap.ui.core.Icon","viewName":"etm.portal.ui.managerequests.view.NewRequest","properties":{"src":{"regex":{"source":"message\\-error"}}},"ancestor":{"controlType":"sap.m.ColumnListItem","viewName":"etm.portal.ui.managerequests.view.NewRequest","bindingPath":{"modelName":"newRequestItems","path":"/RequestItems/1"},"ancestor":{"id":"requestItemsTable","viewName":"etm.portal.ui.managerequests.view.NewRequest"}}},"wdio_ui5_key":"etmportal.ui.managerequests.view.NewRequestsap.ui.core.Icon{\"src\":{\"regex\":{\"source\":\"message\\\\-error\"}}}{\"controlType\":\"sap.m.ColumnListItem\",\"viewName\":\"etm.portal.ui.managerequests.view.NewRequest\",\"bindingPath\":{\"modelName\":\"newRequestItems\",\"path\":\"/RequestItems/1\"},\"ancestor\":{\"id\":\"requestItemsTable\",\"viewName\":\"etm.portal.ui.managerequests.view.NewRequest\"}}"}]}
COMMAND: GET /session/25dcfb25871b33b6fbae40ebb9612352/screenshot - {}
RESULT: {"script":"<script> [1562 bytes]","args":[{"selector":{"controlType":"sap.ui.core.Icon","viewName":"etm.portal.ui.managerequests.view.NewRequest","properties":{"src":{"regex":{"source":"message\\-error"}}},"ancestor":{"controlType":"sap.m.ColumnListItem","viewName":"etm.portal.ui.managerequests.view.NewRequest","bindingPath":{"modelName":"newRequestItems","path":"/RequestItems/1"},"ancestor":{"id":"requestItemsTable","viewName":"etm.portal.ui.managerequests.view.NewRequest"}}},"wdio_ui5_key":"etmportal.ui.managerequests.view.NewRequestsap.ui.core.Icon{\"src\":{\"regex\":{\"source\":\"message\\\\-error\"}}}{\"controlType\":\"sap.m.ColumnListItem\",\"viewName\":\"etm.portal.ui.managerequests.view.NewRequest\",\"bindingPath\":{\"modelName\":\"newRequestItems\",\"path\":\"/RequestItems/1\"},\"ancestor\":{\"id\":\"requestItemsTable\",\"viewName\":\"etm.portal.ui.managerequests.view.NewRequest\"}}"}]}
RESULT: undefined
COMMAND: POST /session/25dcfb25871b33b6fbae40ebb9612352/element - {"using":"xpath","value":"//*[@id=\"__status6-__xmlview59--requestItemsTable-1-icon\"]"}
RESULT: {}
RESULT: {"using":"xpath","value":"//*[@id=\"__status6-__xmlview59--requestItemsTable-1-icon\"]"}
COMMAND: POST /session/25dcfb25871b33b6fbae40ebb9612352/element/f.2438752634DB01E0CA013ABFBE801384.d.FF458E1398CD8CFEF4119275EDFF7587.e.3188/click - {}
RESULT: {}
COMMAND: GET /session/25dcfb25871b33b6fbae40ebb9612352/screenshot - {}
RESULT: {}
RESULT: undefined
COMMAND: POST /session/25dcfb25871b33b6fbae40ebb9612352/execute/async - {"script":"<script> [776 bytes]","args":[{"enterText":"Cost Center","selector":{"id":"costObjectAdminTypeComboBox","viewName":"etm.portal.ui.managerequests.view.NewRequest","searchOpenDialogs":true,"interaction":{"idSuffix":"inner"}},"clearTextFirst":true,"interactionType":"ENTER_TEXT"}]}
RESULT: {"script":"<script> [776 bytes]","args":[{"enterText":"Cost Center","selector":{"id":"costObjectAdminTypeComboBox","viewName":"etm.portal.ui.managerequests.view.NewRequest","searchOpenDialogs":true,"interaction":{"idSuffix":"inner"}},"clearTextFirst":true,"interactionType":"ENTER_TEXT"}]}
COMMAND: POST /session/25dcfb25871b33b6fbae40ebb9612352/actions - {"actions":[{"id":"action22","type":"key","parameters":{},"actions":[{"type":"keyDown","value":"î€‡"},{"type":"pause","duration":10},{"type":"keyUp","value":"î€‡"}]}]}
RESULT: {"actions":[{"id":"action22","type":"key","parameters":{},"actions":[{"type":"keyDown","value":"î€‡"},{"type":"pause","duration":10},{"type":"keyUp","value":"î€‡"}]}]}
COMMAND: GET /session/25dcfb25871b33b6fbae40ebb9612352/screenshot - {}
RESULT: {}
RESULT: undefined
COMMAND: POST /session/25dcfb25871b33b6fbae40ebb9612352/execute/async - {"script":"<script> [776 bytes]","args":[{"enterText":"1001 - 1001","selector":{"id":"costObjectIdComboBox","viewName":"etm.portal.ui.managerequests.view.NewRequest","searchOpenDialogs":true,"interaction":{"idSuffix":"inner"}},"clearTextFirst":true,"interactionType":"ENTER_TEXT"}]}
RESULT: {"script":"<script> [776 bytes]","args":[{"enterText":"1001 - 1001","selector":{"id":"costObjectIdComboBox","viewName":"etm.portal.ui.managerequests.view.NewRequest","searchOpenDialogs":true,"interaction":{"idSuffix":"inner"}},"clearTextFirst":true,"interactionType":"ENTER_TEXT"}]}
COMMAND: POST /session/25dcfb25871b33b6fbae40ebb9612352/actions - {"actions":[{"id":"action23","type":"key","parameters":{},"actions":[{"type":"keyDown","value":"î€‡"},{"type":"pause","duration":10},{"type":"keyUp","value":"î€‡"}]}]}
RESULT: {"actions":[{"id":"action23","type":"key","parameters":{},"actions":[{"type":"keyDown","value":"î€‡"},{"type":"pause","duration":10},{"type":"keyUp","value":"î€‡"}]}]}
COMMAND: GET /session/25dcfb25871b33b6fbae40ebb9612352/screenshot - {}
RESULT: {}
COMMAND: POST /session/25dcfb25871b33b6fbae40ebb9612352/element - {"using":"xpath","value":"(//bdi[(text() = 'Save' or . = 'Save')])[1]"}
RESULT: {"using":"xpath","value":"(//bdi[(text() = 'Save' or . = 'Save')])[1]"}
COMMAND: POST /session/25dcfb25871b33b6fbae40ebb9612352/element/f.2438752634DB01E0CA013ABFBE801384.d.FF458E1398CD8CFEF4119275EDFF7587.e.3225/click - {}
RESULT: {}
COMMAND: POST /session/25dcfb25871b33b6fbae40ebb9612352/execute/async - {"script":"<script> [1562 bytes]","args":[{"selector":{"controlType":"sap.ui.core.Icon","viewName":"etm.portal.ui.managerequests.view.NewRequest","properties":{"src":{"regex":{"source":"decline"}}},"ancestor":{"controlType":"sap.m.Token","viewName":"etm.portal.ui.managerequests.view.NewRequest","bindingPath":{"path":"/RequestItems/0/TOKENS/0","propertyPath":"TAG","modelName":"newRequestItems"}}},"wdio_ui5_key":"etmportal.ui.managerequests.view.NewRequestsap.ui.core.Icon{\"src\":{\"regex\":{\"source\":\"decline\"}}}{\"controlType\":\"sap.m.Token\",\"viewName\":\"etm.portal.ui.managerequests.view.NewRequest\",\"bindingPath\":{\"path\":\"/RequestItems/0/TOKENS/0\",\"propertyPath\":\"TAG\",\"modelName\":\"newRequestItems\"}}"}]}
COMMAND: GET /session/25dcfb25871b33b6fbae40ebb9612352/screenshot - {}
RESULT: {"script":"<script> [1562 bytes]","args":[{"selector":{"controlType":"sap.ui.core.Icon","viewName":"etm.portal.ui.managerequests.view.NewRequest","properties":{"src":{"regex":{"source":"decline"}}},"ancestor":{"controlType":"sap.m.Token","viewName":"etm.portal.ui.managerequests.view.NewRequest","bindingPath":{"path":"/RequestItems/0/TOKENS/0","propertyPath":"TAG","modelName":"newRequestItems"}}},"wdio_ui5_key":"etmportal.ui.managerequests.view.NewRequestsap.ui.core.Icon{\"src\":{\"regex\":{\"source\":\"decline\"}}}{\"controlType\":\"sap.m.Token\",\"viewName\":\"etm.portal.ui.managerequests.view.NewRequest\",\"bindingPath\":{\"path\":\"/RequestItems/0/TOKENS/0\",\"propertyPath\":\"TAG\",\"modelName\":\"newRequestItems\"}}"}]}
RESULT: undefined
COMMAND: POST /session/25dcfb25871b33b6fbae40ebb9612352/element - {"using":"xpath","value":"//*[@id=\"__token7-__tokenizer62-__xmlview59--requestItemsTable-0-0-icon\"]"}
RESULT: {}
RESULT: {"using":"xpath","value":"//*[@id=\"__token7-__tokenizer62-__xmlview59--requestItemsTable-0-0-icon\"]"}
COMMAND: POST /session/25dcfb25871b33b6fbae40ebb9612352/element/f.2438752634DB01E0CA013ABFBE801384.d.FF458E1398CD8CFEF4119275EDFF7587.e.3227/click - {}
RESULT: {}
COMMAND: GET /session/25dcfb25871b33b6fbae40ebb9612352/screenshot - {}
RESULT: {}
COMMAND: POST /session/25dcfb25871b33b6fbae40ebb9612352/actions - {"actions":[{"id":"action24","type":"key","parameters":{},"actions":[{"type":"keyDown","value":"î€Œ"},{"type":"pause","duration":10},{"type":"keyUp","value":"î€Œ"}]}]}
RESULT: {"actions":[{"id":"action24","type":"key","parameters":{},"actions":[{"type":"keyDown","value":"î€Œ"},{"type":"pause","duration":10},{"type":"keyUp","value":"î€Œ"}]}]}
COMMAND: GET /session/25dcfb25871b33b6fbae40ebb9612352/screenshot - {}
RESULT: {}
COMMAND: POST /session/25dcfb25871b33b6fbae40ebb9612352/execute/async - {"script":"<script> [1562 bytes]","args":[{"selector":{"controlType":"sap.m.Tokenizer","viewName":"etm.portal.ui.managerequests.view.NewRequest","bindingPath":{"path":"/RequestItems/0","propertyPath":"TOKENS","modelName":"newRequestItems"}},"wdio_ui5_key":"etmportal.ui.managerequests.view.NewRequestsap.m.Tokenizer{\"path\":\"/RequestItems/0\",\"propertyPath\":\"TOKENS\",\"modelName\":\"newRequestItems\"}"}]}
RESULT: {"script":"<script> [1562 bytes]","args":[{"selector":{"controlType":"sap.m.Tokenizer","viewName":"etm.portal.ui.managerequests.view.NewRequest","bindingPath":{"path":"/RequestItems/0","propertyPath":"TOKENS","modelName":"newRequestItems"}},"wdio_ui5_key":"etmportal.ui.managerequests.view.NewRequestsap.m.Tokenizer{\"path\":\"/RequestItems/0\",\"propertyPath\":\"TOKENS\",\"modelName\":\"newRequestItems\"}"}]}
RESULT: undefined
COMMAND: POST /session/25dcfb25871b33b6fbae40ebb9612352/execute/async - {"script":"<script> [6424 bytes]","args":[{"element-6066-11e4-a52e-4f735466cecf":"f.2438752634DB01E0CA013ABFBE801384.d.FF458E1398CD8CFEF4119275EDFF7587.e.3233"},"getTokens",[]]}
RESULT: {"script":"<script> [6424 bytes]","args":[{"element-6066-11e4-a52e-4f735466cecf":"f.2438752634DB01E0CA013ABFBE801384.d.FF458E1398CD8CFEF4119275EDFF7587.e.3233"},"getTokens",[]]}
COMMAND: POST /session/25dcfb25871b33b6fbae40ebb9612352/execute/async - {"script":"<script> [1562 bytes]","args":[{"wdio_ui5_key":"__token7-__tokenizer62-__xmlview59--requestItemsTable-0-0","selector":{"id":"__token7-__tokenizer62-__xmlview59--requestItemsTable-0-0"}}]}
RESULT: {"script":"<script> [1562 bytes]","args":[{"wdio_ui5_key":"__token7-__tokenizer62-__xmlview59--requestItemsTable-0-0","selector":{"id":"__token7-__tokenizer62-__xmlview59--requestItemsTable-0-0"}}]}
RESULT: undefined
RESULT: undefined
COMMAND: POST /session/25dcfb25871b33b6fbae40ebb9612352/execute/async - {"script":"<script> [776 bytes]","args":[{"enterText":"tagRequest1","selector":{"controlType":"sap.m.Input","viewName":"etm.portal.ui.managerequests.view.NewRequest","bindingPath":{"path":"","propertyPath":"/Tags","modelName":"catalogModel"},"ancestor":{"controlType":"sap.m.ColumnListItem","viewName":"etm.portal.ui.managerequests.view.NewRequest","bindingPath":{"modelName":"newRequestItems","path":"/RequestItems/0"},"ancestor":{"id":"requestItemsTable","viewName":"etm.portal.ui.managerequests.view.NewRequest"}},"interaction":{"idSuffix":"inner"}},"clearTextFirst":true,"interactionType":"ENTER_TEXT"}]}
RESULT: {"script":"<script> [776 bytes]","args":[{"enterText":"tagRequest1","selector":{"controlType":"sap.m.Input","viewName":"etm.portal.ui.managerequests.view.NewRequest","bindingPath":{"path":"","propertyPath":"/Tags","modelName":"catalogModel"},"ancestor":{"controlType":"sap.m.ColumnListItem","viewName":"etm.portal.ui.managerequests.view.NewRequest","bindingPath":{"modelName":"newRequestItems","path":"/RequestItems/0"},"ancestor":{"id":"requestItemsTable","viewName":"etm.portal.ui.managerequests.view.NewRequest"}},"interaction":{"idSuffix":"inner"}},"clearTextFirst":true,"interactionType":"ENTER_TEXT"}]}
COMMAND: POST /session/25dcfb25871b33b6fbae40ebb9612352/actions - {"actions":[{"id":"action25","type":"key","parameters":{},"actions":[{"type":"keyDown","value":"î€‡"},{"type":"pause","duration":10},{"type":"keyUp","value":"î€‡"}]}]}
RESULT: {"actions":[{"id":"action25","type":"key","parameters":{},"actions":[{"type":"keyDown","value":"î€‡"},{"type":"pause","duration":10},{"type":"keyUp","value":"î€‡"}]}]}
COMMAND: GET /session/25dcfb25871b33b6fbae40ebb9612352/screenshot - {}
RESULT: {}
RESULT: undefined
COMMAND: POST /session/25dcfb25871b33b6fbae40ebb9612352/execute/async - {"script":"<script> [6424 bytes]","args":[{"element-6066-11e4-a52e-4f735466cecf":"f.2438752634DB01E0CA013ABFBE801384.d.FF458E1398CD8CFEF4119275EDFF7587.e.3233"},"getTokens",[]]}
RESULT: {"script":"<script> [6424 bytes]","args":[{"element-6066-11e4-a52e-4f735466cecf":"f.2438752634DB01E0CA013ABFBE801384.d.FF458E1398CD8CFEF4119275EDFF7587.e.3233"},"getTokens",[]]}
COMMAND: POST /session/25dcfb25871b33b6fbae40ebb9612352/execute/async - {"script":"<script> [1562 bytes]","args":[{"wdio_ui5_key":"__token7-__tokenizer62-__xmlview59--requestItemsTable-0-1","selector":{"id":"__token7-__tokenizer62-__xmlview59--requestItemsTable-0-1"}}]}
RESULT: undefined
RESULT: {"script":"<script> [1562 bytes]","args":[{"wdio_ui5_key":"__token7-__tokenizer62-__xmlview59--requestItemsTable-0-1","selector":{"id":"__token7-__tokenizer62-__xmlview59--requestItemsTable-0-1"}}]}
RESULT: undefined
COMMAND: POST /session/25dcfb25871b33b6fbae40ebb9612352/execute/async - {"script":"<script> [1562 bytes]","args":[{"selector":{"controlType":"sap.ui.core.Icon","viewName":"etm.portal.ui.managerequests.view.NewRequest","properties":{"src":{"regex":{"source":"decline"}}},"ancestor":{"controlType":"sap.m.Token","viewName":"etm.portal.ui.managerequests.view.NewRequest","bindingPath":{"path":"/RequestItems/1/TOKENS/0","propertyPath":"TAG","modelName":"newRequestItems"}}},"wdio_ui5_key":"etmportal.ui.managerequests.view.NewRequestsap.ui.core.Icon{\"src\":{\"regex\":{\"source\":\"decline\"}}}{\"controlType\":\"sap.m.Token\",\"viewName\":\"etm.portal.ui.managerequests.view.NewRequest\",\"bindingPath\":{\"path\":\"/RequestItems/1/TOKENS/0\",\"propertyPath\":\"TAG\",\"modelName\":\"newRequestItems\"}}"}]}
RESULT: {"script":"<script> [1562 bytes]","args":[{"selector":{"controlType":"sap.ui.core.Icon","viewName":"etm.portal.ui.managerequests.view.NewRequest","properties":{"src":{"regex":{"source":"decline"}}},"ancestor":{"controlType":"sap.m.Token","viewName":"etm.portal.ui.managerequests.view.NewRequest","bindingPath":{"path":"/RequestItems/1/TOKENS/0","propertyPath":"TAG","modelName":"newRequestItems"}}},"wdio_ui5_key":"etmportal.ui.managerequests.view.NewRequestsap.ui.core.Icon{\"src\":{\"regex\":{\"source\":\"decline\"}}}{\"controlType\":\"sap.m.Token\",\"viewName\":\"etm.portal.ui.managerequests.view.NewRequest\",\"bindingPath\":{\"path\":\"/RequestItems/1/TOKENS/0\",\"propertyPath\":\"TAG\",\"modelName\":\"newRequestItems\"}}"}]}
RESULT: undefined
COMMAND: POST /session/25dcfb25871b33b6fbae40ebb9612352/element - {"using":"xpath","value":"//*[@id=\"__token7-__tokenizer62-__xmlview59--requestItemsTable-1-0-icon\"]"}
RESULT: {"using":"xpath","value":"//*[@id=\"__token7-__tokenizer62-__xmlview59--requestItemsTable-1-0-icon\"]"}
COMMAND: POST /session/25dcfb25871b33b6fbae40ebb9612352/element/f.2438752634DB01E0CA013ABFBE801384.d.FF458E1398CD8CFEF4119275EDFF7587.e.3235/click - {}
RESULT: {}
COMMAND: GET /session/25dcfb25871b33b6fbae40ebb9612352/screenshot - {}
RESULT: {}
COMMAND: POST /session/25dcfb25871b33b6fbae40ebb9612352/actions - {"actions":[{"id":"action26","type":"key","parameters":{},"actions":[{"type":"keyDown","value":"î€Œ"},{"type":"pause","duration":10},{"type":"keyUp","value":"î€Œ"}]}]}
RESULT: {"actions":[{"id":"action26","type":"key","parameters":{},"actions":[{"type":"keyDown","value":"î€Œ"},{"type":"pause","duration":10},{"type":"keyUp","value":"î€Œ"}]}]}
COMMAND: GET /session/25dcfb25871b33b6fbae40ebb9612352/screenshot - {}
RESULT: {}
COMMAND: POST /session/25dcfb25871b33b6fbae40ebb9612352/execute/async - {"script":"<script> [1562 bytes]","args":[{"selector":{"controlType":"sap.m.Tokenizer","viewName":"etm.portal.ui.managerequests.view.NewRequest","bindingPath":{"path":"/RequestItems/1","propertyPath":"TOKENS","modelName":"newRequestItems"}},"wdio_ui5_key":"etmportal.ui.managerequests.view.NewRequestsap.m.Tokenizer{\"path\":\"/RequestItems/1\",\"propertyPath\":\"TOKENS\",\"modelName\":\"newRequestItems\"}"}]}
RESULT: {"script":"<script> [1562 bytes]","args":[{"selector":{"controlType":"sap.m.Tokenizer","viewName":"etm.portal.ui.managerequests.view.NewRequest","bindingPath":{"path":"/RequestItems/1","propertyPath":"TOKENS","modelName":"newRequestItems"}},"wdio_ui5_key":"etmportal.ui.managerequests.view.NewRequestsap.m.Tokenizer{\"path\":\"/RequestItems/1\",\"propertyPath\":\"TOKENS\",\"modelName\":\"newRequestItems\"}"}]}
RESULT: undefined
COMMAND: POST /session/25dcfb25871b33b6fbae40ebb9612352/execute/async - {"script":"<script> [6424 bytes]","args":[{"element-6066-11e4-a52e-4f735466cecf":"f.2438752634DB01E0CA013ABFBE801384.d.FF458E1398CD8CFEF4119275EDFF7587.e.3241"},"getTokens",[]]}
RESULT: {"script":"<script> [6424 bytes]","args":[{"element-6066-11e4-a52e-4f735466cecf":"f.2438752634DB01E0CA013ABFBE801384.d.FF458E1398CD8CFEF4119275EDFF7587.e.3241"},"getTokens",[]]}
COMMAND: POST /session/25dcfb25871b33b6fbae40ebb9612352/execute/async - {"script":"<script> [1562 bytes]","args":[{"wdio_ui5_key":"__token7-__tokenizer62-__xmlview59--requestItemsTable-1-0","selector":{"id":"__token7-__tokenizer62-__xmlview59--requestItemsTable-1-0"}}]}
RESULT: {"script":"<script> [1562 bytes]","args":[{"wdio_ui5_key":"__token7-__tokenizer62-__xmlview59--requestItemsTable-1-0","selector":{"id":"__token7-__tokenizer62-__xmlview59--requestItemsTable-1-0"}}]}
RESULT: undefined
RESULT: undefined
COMMAND: POST /session/25dcfb25871b33b6fbae40ebb9612352/execute/async - {"script":"<script> [776 bytes]","args":[{"enterText":"tagRequest1","selector":{"controlType":"sap.m.Input","viewName":"etm.portal.ui.managerequests.view.NewRequest","bindingPath":{"path":"","propertyPath":"/Tags","modelName":"catalogModel"},"ancestor":{"controlType":"sap.m.ColumnListItem","viewName":"etm.portal.ui.managerequests.view.NewRequest","bindingPath":{"modelName":"newRequestItems","path":"/RequestItems/1"},"ancestor":{"id":"requestItemsTable","viewName":"etm.portal.ui.managerequests.view.NewRequest"}},"interaction":{"idSuffix":"inner"}},"clearTextFirst":true,"interactionType":"ENTER_TEXT"}]}
RESULT: {"script":"<script> [776 bytes]","args":[{"enterText":"tagRequest1","selector":{"controlType":"sap.m.Input","viewName":"etm.portal.ui.managerequests.view.NewRequest","bindingPath":{"path":"","propertyPath":"/Tags","modelName":"catalogModel"},"ancestor":{"controlType":"sap.m.ColumnListItem","viewName":"etm.portal.ui.managerequests.view.NewRequest","bindingPath":{"modelName":"newRequestItems","path":"/RequestItems/1"},"ancestor":{"id":"requestItemsTable","viewName":"etm.portal.ui.managerequests.view.NewRequest"}},"interaction":{"idSuffix":"inner"}},"clearTextFirst":true,"interactionType":"ENTER_TEXT"}]}
COMMAND: POST /session/25dcfb25871b33b6fbae40ebb9612352/actions - {"actions":[{"id":"action27","type":"key","parameters":{},"actions":[{"type":"keyDown","value":"î€‡"},{"type":"pause","duration":10},{"type":"keyUp","value":"î€‡"}]}]}
RESULT: {"actions":[{"id":"action27","type":"key","parameters":{},"actions":[{"type":"keyDown","value":"î€‡"},{"type":"pause","duration":10},{"type":"keyUp","value":"î€‡"}]}]}
COMMAND: GET /session/25dcfb25871b33b6fbae40ebb9612352/screenshot - {}
RESULT: {}
RESULT: undefined
COMMAND: POST /session/25dcfb25871b33b6fbae40ebb9612352/execute/async - {"script":"<script> [6424 bytes]","args":[{"element-6066-11e4-a52e-4f735466cecf":"f.2438752634DB01E0CA013ABFBE801384.d.FF458E1398CD8CFEF4119275EDFF7587.e.3241"},"getTokens",[]]}
RESULT: {"script":"<script> [6424 bytes]","args":[{"element-6066-11e4-a52e-4f735466cecf":"f.2438752634DB01E0CA013ABFBE801384.d.FF458E1398CD8CFEF4119275EDFF7587.e.3241"},"getTokens",[]]}
COMMAND: POST /session/25dcfb25871b33b6fbae40ebb9612352/execute/async - {"script":"<script> [1562 bytes]","args":[{"wdio_ui5_key":"__token7-__tokenizer62-__xmlview59--requestItemsTable-1-1","selector":{"id":"__token7-__tokenizer62-__xmlview59--requestItemsTable-1-1"}}]}
RESULT: undefined
RESULT: {"script":"<script> [1562 bytes]","args":[{"wdio_ui5_key":"__token7-__tokenizer62-__xmlview59--requestItemsTable-1-1","selector":{"id":"__token7-__tokenizer62-__xmlview59--requestItemsTable-1-1"}}]}
RESULT: undefined
COMMAND: POST /session/25dcfb25871b33b6fbae40ebb9612352/execute/async - {"script":"<script> [1562 bytes]","args":[{"selector":{"controlType":"sap.m.Button","viewName":"etm.portal.ui.managerequests.view.NewRequest","properties":{"text":"Save"},"i18NText":{"propertyName":"tooltip","key":"save"},"interaction":{"idSuffix":"BDI-content"}},"wdio_ui5_key":"etmportal.ui.managerequests.view.NewRequestsap.m.Button{\"propertyName\":\"tooltip\",\"key\":\"save\"}{\"text\":\"Save\"}"}]}
RESULT: {"script":"<script> [1562 bytes]","args":[{"selector":{"controlType":"sap.m.Button","viewName":"etm.portal.ui.managerequests.view.NewRequest","properties":{"text":"Save"},"i18NText":{"propertyName":"tooltip","key":"save"},"interaction":{"idSuffix":"BDI-content"}},"wdio_ui5_key":"etmportal.ui.managerequests.view.NewRequestsap.m.Button{\"propertyName\":\"tooltip\",\"key\":\"save\"}{\"text\":\"Save\"}"}]}
RESULT: undefined
COMMAND: POST /session/25dcfb25871b33b6fbae40ebb9612352/element - {"using":"xpath","value":"//*[@id=\"__button117\"]"}
RESULT: {"using":"xpath","value":"//*[@id=\"__button117\"]"}
COMMAND: POST /session/25dcfb25871b33b6fbae40ebb9612352/element/f.2438752634DB01E0CA013ABFBE801384.d.FF458E1398CD8CFEF4119275EDFF7587.e.3019/click - {}
RESULT: {}
COMMAND: GET /session/25dcfb25871b33b6fbae40ebb9612352/screenshot - {}
RESULT: {}
COMMAND: POST /session/25dcfb25871b33b6fbae40ebb9612352/element - {"using":"xpath","value":"//bdi[contains(@id ,\"BDI-content\")][contains(text(), \"Close\")]"}
RESULT: {"using":"xpath","value":"//bdi[contains(@id ,\"BDI-content\")][contains(text(), \"Close\")]"}
COMMAND: POST /session/25dcfb25871b33b6fbae40ebb9612352/element/f.2438752634DB01E0CA013ABFBE801384.d.FF458E1398CD8CFEF4119275EDFF7587.e.3250/click - {}
RESULT: {}
COMMAND: GET /session/25dcfb25871b33b6fbae40ebb9612352/screenshot - {}
RESULT: {}
]]></system-out>
    </testcase>
    <testcase classname="chrome.137_0_7151_56.windows.Manage_Requests_Tags_Tests_US120163" name="Should Edit Request Tags" time="95.546">
      <system-out><![CDATA[
COMMAND: POST /session/25dcfb25871b33b6fbae40ebb9612352/execute/async - {"script":"<script> [1562 bytes]","args":[{"selector":{"controlType":"sap.ui.core.Icon","viewName":"etm.portal.ui.managerequests.view.Detail","properties":{"src":{"regex":{"source":"overflow"}}}},"wdio_ui5_key":"etmportal.ui.managerequests.view.Detailsap.ui.core.Icon{\"src\":{\"regex\":{\"source\":\"overflow\"}}}"}]}
RESULT: {"script":"<script> [1562 bytes]","args":[{"selector":{"controlType":"sap.ui.core.Icon","viewName":"etm.portal.ui.managerequests.view.Detail","properties":{"src":{"regex":{"source":"overflow"}}}},"wdio_ui5_key":"etmportal.ui.managerequests.view.Detailsap.ui.core.Icon{\"src\":{\"regex\":{\"source\":\"overflow\"}}}"}]}
RESULT: undefined
COMMAND: POST /session/25dcfb25871b33b6fbae40ebb9612352/element - {"using":"xpath","value":"//*[@id=\"__xmlview60--detailHeaderTitle-_actionsToolbar-overflowButton-img\"]"}
RESULT: {"using":"xpath","value":"//*[@id=\"__xmlview60--detailHeaderTitle-_actionsToolbar-overflowButton-img\"]"}
COMMAND: POST /session/25dcfb25871b33b6fbae40ebb9612352/element/f.2438752634DB01E0CA013ABFBE801384.d.FF458E1398CD8CFEF4119275EDFF7587.e.3375/click - {}
RESULT: {}
COMMAND: GET /session/25dcfb25871b33b6fbae40ebb9612352/screenshot - {}
RESULT: {}
COMMAND: POST /session/25dcfb25871b33b6fbae40ebb9612352/execute/async - {"script":"<script> [1562 bytes]","args":[{"selector":{"controlType":"sap.uxap.ObjectPageHeaderActionButton","viewName":"etm.portal.ui.managerequests.view.Detail","i18NText":{"propertyName":"text","key":"edit"},"searchOpenDialogs":true,"interaction":{"idSuffix":"inner"}},"wdio_ui5_key":"etmportal.ui.managerequests.view.Detailsap.uxap.ObjectPageHeaderActionButton{\"propertyName\":\"text\",\"key\":\"edit\"}"}]}
RESULT: {"script":"<script> [1562 bytes]","args":[{"selector":{"controlType":"sap.uxap.ObjectPageHeaderActionButton","viewName":"etm.portal.ui.managerequests.view.Detail","i18NText":{"propertyName":"text","key":"edit"},"searchOpenDialogs":true,"interaction":{"idSuffix":"inner"}},"wdio_ui5_key":"etmportal.ui.managerequests.view.Detailsap.uxap.ObjectPageHeaderActionButton{\"propertyName\":\"text\",\"key\":\"edit\"}"}]}
RESULT: undefined
COMMAND: POST /session/25dcfb25871b33b6fbae40ebb9612352/element - {"using":"xpath","value":"//*[@id=\"__button138\"]"}
RESULT: {"using":"xpath","value":"//*[@id=\"__button138\"]"}
COMMAND: POST /session/25dcfb25871b33b6fbae40ebb9612352/element/f.2438752634DB01E0CA013ABFBE801384.d.FF458E1398CD8CFEF4119275EDFF7587.e.3377/click - {}
RESULT: {}
COMMAND: GET /session/25dcfb25871b33b6fbae40ebb9612352/screenshot - {}
RESULT: {}
COMMAND: POST /session/25dcfb25871b33b6fbae40ebb9612352/execute/async - {"script":"<script> [1562 bytes]","args":[{"selector":{"controlType":"sap.ui.core.Icon","viewName":"etm.portal.ui.managerequests.view.Edit","properties":{"src":{"regex":{"source":"decline"}}},"ancestor":{"controlType":"sap.m.Token","viewName":"etm.portal.ui.managerequests.view.Edit","bindingPath":{"propertyPath":"TAG","modelName":"catalogModel"},"properties":{"text":"RefTag"}}},"wdio_ui5_key":"etmportal.ui.managerequests.view.Editsap.ui.core.Icon{\"src\":{\"regex\":{\"source\":\"decline\"}}}{\"controlType\":\"sap.m.Token\",\"viewName\":\"etm.portal.ui.managerequests.view.Edit\",\"bindingPath\":{\"propertyPath\":\"TAG\",\"modelName\":\"catalogModel\"},\"properties\":{\"text\":\"RefTag\"}}"}]}
RESULT: {"script":"<script> [1562 bytes]","args":[{"selector":{"controlType":"sap.ui.core.Icon","viewName":"etm.portal.ui.managerequests.view.Edit","properties":{"src":{"regex":{"source":"decline"}}},"ancestor":{"controlType":"sap.m.Token","viewName":"etm.portal.ui.managerequests.view.Edit","bindingPath":{"propertyPath":"TAG","modelName":"catalogModel"},"properties":{"text":"RefTag"}}},"wdio_ui5_key":"etmportal.ui.managerequests.view.Editsap.ui.core.Icon{\"src\":{\"regex\":{\"source\":\"decline\"}}}{\"controlType\":\"sap.m.Token\",\"viewName\":\"etm.portal.ui.managerequests.view.Edit\",\"bindingPath\":{\"propertyPath\":\"TAG\",\"modelName\":\"catalogModel\"},\"properties\":{\"text\":\"RefTag\"}}"}]}
RESULT: undefined
COMMAND: POST /session/25dcfb25871b33b6fbae40ebb9612352/element - {"using":"xpath","value":"//*[@id=\"__token13-__tokenizer64-0-icon\"]"}
RESULT: {"using":"xpath","value":"//*[@id=\"__token13-__tokenizer64-0-icon\"]"}
COMMAND: POST /session/25dcfb25871b33b6fbae40ebb9612352/element/f.2438752634DB01E0CA013ABFBE801384.d.FF458E1398CD8CFEF4119275EDFF7587.e.3485/click - {}
RESULT: {}
COMMAND: POST /session/25dcfb25871b33b6fbae40ebb9612352/execute/async - {"script":"<script> [1562 bytes]","args":[{"selector":{"id":"tagMultiInputRequests","viewName":"etm.portal.ui.managerequests.view.Edit","interaction":{"idSuffix":"inner"}},"wdio_ui5_key":"tagMultiInputRequestsetmportal.ui.managerequests.view.Edit"}]}
COMMAND: GET /session/25dcfb25871b33b6fbae40ebb9612352/screenshot - {}
RESULT: {"script":"<script> [1562 bytes]","args":[{"selector":{"id":"tagMultiInputRequests","viewName":"etm.portal.ui.managerequests.view.Edit","interaction":{"idSuffix":"inner"}},"wdio_ui5_key":"tagMultiInputRequestsetmportal.ui.managerequests.view.Edit"}]}
RESULT: undefined
COMMAND: POST /session/25dcfb25871b33b6fbae40ebb9612352/execute/async - {"script":"<script> [6424 bytes]","args":[{"element-6066-11e4-a52e-4f735466cecf":"f.2438752634DB01E0CA013ABFBE801384.d.FF458E1398CD8CFEF4119275EDFF7587.e.3411"},"getTokens",[]]}
RESULT: {}
RESULT: {"script":"<script> [6424 bytes]","args":[{"element-6066-11e4-a52e-4f735466cecf":"f.2438752634DB01E0CA013ABFBE801384.d.FF458E1398CD8CFEF4119275EDFF7587.e.3411"},"getTokens",[]]}
COMMAND: POST /session/25dcfb25871b33b6fbae40ebb9612352/execute/async - {"script":"<script> [1562 bytes]","args":[{"wdio_ui5_key":"__token13-__tokenizer64-1","selector":{"id":"__token13-__tokenizer64-1"}}]}
RESULT: {"script":"<script> [1562 bytes]","args":[{"wdio_ui5_key":"__token13-__tokenizer64-1","selector":{"id":"__token13-__tokenizer64-1"}}]}
RESULT: undefined
RESULT: undefined
COMMAND: POST /session/25dcfb25871b33b6fbae40ebb9612352/execute/async - {"script":"<script> [776 bytes]","args":[{"enterText":"RefTag","selector":{"id":"tagMultiInputRequests","viewName":"etm.portal.ui.managerequests.view.Edit","interaction":{"idSuffix":"inner"}},"clearTextFirst":true,"interactionType":"ENTER_TEXT"}]}
RESULT: {"script":"<script> [776 bytes]","args":[{"enterText":"RefTag","selector":{"id":"tagMultiInputRequests","viewName":"etm.portal.ui.managerequests.view.Edit","interaction":{"idSuffix":"inner"}},"clearTextFirst":true,"interactionType":"ENTER_TEXT"}]}
COMMAND: POST /session/25dcfb25871b33b6fbae40ebb9612352/actions - {"actions":[{"id":"action28","type":"key","parameters":{},"actions":[{"type":"keyDown","value":"î€‡"},{"type":"pause","duration":10},{"type":"keyUp","value":"î€‡"}]}]}
RESULT: {"actions":[{"id":"action28","type":"key","parameters":{},"actions":[{"type":"keyDown","value":"î€‡"},{"type":"pause","duration":10},{"type":"keyUp","value":"î€‡"}]}]}
COMMAND: GET /session/25dcfb25871b33b6fbae40ebb9612352/screenshot - {}
RESULT: {}
RESULT: undefined
COMMAND: POST /session/25dcfb25871b33b6fbae40ebb9612352/execute/async - {"script":"<script> [6424 bytes]","args":[{"element-6066-11e4-a52e-4f735466cecf":"f.2438752634DB01E0CA013ABFBE801384.d.FF458E1398CD8CFEF4119275EDFF7587.e.3411"},"getTokens",[]]}
RESULT: {"script":"<script> [6424 bytes]","args":[{"element-6066-11e4-a52e-4f735466cecf":"f.2438752634DB01E0CA013ABFBE801384.d.FF458E1398CD8CFEF4119275EDFF7587.e.3411"},"getTokens",[]]}
COMMAND: POST /session/25dcfb25871b33b6fbae40ebb9612352/execute/async - {"script":"<script> [1562 bytes]","args":[{"wdio_ui5_key":"__token16","selector":{"id":"__token16"}}]}
RESULT: undefined
RESULT: {"script":"<script> [1562 bytes]","args":[{"wdio_ui5_key":"__token16","selector":{"id":"__token16"}}]}
RESULT: undefined
COMMAND: POST /session/25dcfb25871b33b6fbae40ebb9612352/execute/async - {"script":"<script> [1562 bytes]","args":[{"selector":{"controlType":"sap.m.Button","viewName":"etm.portal.ui.managerequests.view.Edit","properties":{"text":"Items (2)"},"interaction":{"idSuffix":"BDI-content"}},"wdio_ui5_key":"etmportal.ui.managerequests.view.Editsap.m.Button{\"text\":\"Items (2)\"}"}]}
RESULT: {"script":"<script> [1562 bytes]","args":[{"selector":{"controlType":"sap.m.Button","viewName":"etm.portal.ui.managerequests.view.Edit","properties":{"text":"Items (2)"},"interaction":{"idSuffix":"BDI-content"}},"wdio_ui5_key":"etmportal.ui.managerequests.view.Editsap.m.Button{\"text\":\"Items (2)\"}"}]}
RESULT: undefined
COMMAND: POST /session/25dcfb25871b33b6fbae40ebb9612352/element - {"using":"xpath","value":"//*[@id=\"__xmlview61--editRequestPage-anchBar-__xmlview61--requestItemsSection-anchor\"]"}
RESULT: {"using":"xpath","value":"//*[@id=\"__xmlview61--editRequestPage-anchBar-__xmlview61--requestItemsSection-anchor\"]"}
COMMAND: POST /session/25dcfb25871b33b6fbae40ebb9612352/element/f.2438752634DB01E0CA013ABFBE801384.d.FF458E1398CD8CFEF4119275EDFF7587.e.3490/click - {}
RESULT: {}
COMMAND: GET /session/25dcfb25871b33b6fbae40ebb9612352/screenshot - {}
RESULT: {}
COMMAND: POST /session/25dcfb25871b33b6fbae40ebb9612352/execute/async - {"script":"<script> [1562 bytes]","args":[{"selector":{"controlType":"sap.ui.core.Icon","viewName":"etm.portal.ui.managerequests.view.Edit","properties":{"src":{"regex":{"source":"inspect"}}}},"wdio_ui5_key":"etmportal.ui.managerequests.view.Editsap.ui.core.Icon{\"src\":{\"regex\":{\"source\":\"inspect\"}}}"}]}
RESULT: {"script":"<script> [1562 bytes]","args":[{"selector":{"controlType":"sap.ui.core.Icon","viewName":"etm.portal.ui.managerequests.view.Edit","properties":{"src":{"regex":{"source":"inspect"}}}},"wdio_ui5_key":"etmportal.ui.managerequests.view.Editsap.ui.core.Icon{\"src\":{\"regex\":{\"source\":\"inspect\"}}}"}]}
RESULT: undefined
COMMAND: POST /session/25dcfb25871b33b6fbae40ebb9612352/element - {"using":"xpath","value":"//*[@id=\"__button165-img\"]"}
RESULT: {"using":"xpath","value":"//*[@id=\"__button165-img\"]"}
COMMAND: POST /session/25dcfb25871b33b6fbae40ebb9612352/element/f.2438752634DB01E0CA013ABFBE801384.d.FF458E1398CD8CFEF4119275EDFF7587.e.3496/click - {}
RESULT: {}
COMMAND: GET /session/25dcfb25871b33b6fbae40ebb9612352/screenshot - {}
RESULT: {}
COMMAND: POST /session/25dcfb25871b33b6fbae40ebb9612352/execute/async - {"script":"<script> [1562 bytes]","args":[{"selector":{"controlType":"sap.m.Tokenizer","viewName":"etm.portal.ui.managerequests.view.Edit","bindingPath":{"path":"/RequestItems/0","propertyPath":"LINK_TO_TAGS","modelName":"RequestItemsModel"}},"wdio_ui5_key":"etmportal.ui.managerequests.view.Editsap.m.Tokenizer{\"path\":\"/RequestItems/0\",\"propertyPath\":\"LINK_TO_TAGS\",\"modelName\":\"RequestItemsModel\"}"}]}
RESULT: {"script":"<script> [1562 bytes]","args":[{"selector":{"controlType":"sap.m.Tokenizer","viewName":"etm.portal.ui.managerequests.view.Edit","bindingPath":{"path":"/RequestItems/0","propertyPath":"LINK_TO_TAGS","modelName":"RequestItemsModel"}},"wdio_ui5_key":"etmportal.ui.managerequests.view.Editsap.m.Tokenizer{\"path\":\"/RequestItems/0\",\"propertyPath\":\"LINK_TO_TAGS\",\"modelName\":\"RequestItemsModel\"}"}]}
RESULT: undefined
COMMAND: POST /session/25dcfb25871b33b6fbae40ebb9612352/element - {"using":"xpath","value":"//*[@id=\"__tokenizer66\"]"}
RESULT: {"using":"xpath","value":"//*[@id=\"__tokenizer66\"]"}
COMMAND: POST /session/25dcfb25871b33b6fbae40ebb9612352/element/f.2438752634DB01E0CA013ABFBE801384.d.FF458E1398CD8CFEF4119275EDFF7587.e.3498/click - {}
RESULT: {}
COMMAND: GET /session/25dcfb25871b33b6fbae40ebb9612352/screenshot - {}
RESULT: {}
COMMAND: POST /session/25dcfb25871b33b6fbae40ebb9612352/execute/async - {"script":"<script> [1562 bytes]","args":[{"selector":{"controlType":"sap.ui.core.Icon","viewName":"etm.portal.ui.managerequests.view.Edit","properties":{"src":{"regex":{"source":"decline"}}},"searchOpenDialogs":true,"ancestor":{"controlType":"sap.m.StandardListItem","viewName":"etm.portal.ui.managerequests.view.Edit","properties":{"title":"tag-duplicate"},"searchOpenDialogs":true}},"wdio_ui5_key":"etmportal.ui.managerequests.view.Editsap.ui.core.Icon{\"src\":{\"regex\":{\"source\":\"decline\"}}}{\"controlType\":\"sap.m.StandardListItem\",\"viewName\":\"etm.portal.ui.managerequests.view.Edit\",\"properties\":{\"title\":\"tag-duplicate\"},\"searchOpenDialogs\":true}"}]}
RESULT: {"script":"<script> [1562 bytes]","args":[{"selector":{"controlType":"sap.ui.core.Icon","viewName":"etm.portal.ui.managerequests.view.Edit","properties":{"src":{"regex":{"source":"decline"}}},"searchOpenDialogs":true,"ancestor":{"controlType":"sap.m.StandardListItem","viewName":"etm.portal.ui.managerequests.view.Edit","properties":{"title":"tag-duplicate"},"searchOpenDialogs":true}},"wdio_ui5_key":"etmportal.ui.managerequests.view.Editsap.ui.core.Icon{\"src\":{\"regex\":{\"source\":\"decline\"}}}{\"controlType\":\"sap.m.StandardListItem\",\"viewName\":\"etm.portal.ui.managerequests.view.Edit\",\"properties\":{\"title\":\"tag-duplicate\"},\"searchOpenDialogs\":true}"}]}
RESULT: undefined
COMMAND: POST /session/25dcfb25871b33b6fbae40ebb9612352/element - {"using":"xpath","value":"//*[@id=\"__item2263-imgDel-img\"]"}
RESULT: {"using":"xpath","value":"//*[@id=\"__item2263-imgDel-img\"]"}
COMMAND: POST /session/25dcfb25871b33b6fbae40ebb9612352/element/f.2438752634DB01E0CA013ABFBE801384.d.FF458E1398CD8CFEF4119275EDFF7587.e.3501/click - {}
RESULT: {}
COMMAND: GET /session/25dcfb25871b33b6fbae40ebb9612352/screenshot - {}
RESULT: {}
COMMAND: POST /session/25dcfb25871b33b6fbae40ebb9612352/actions - {"actions":[{"id":"action29","type":"key","parameters":{},"actions":[{"type":"keyDown","value":"î€Œ"},{"type":"pause","duration":10},{"type":"keyUp","value":"î€Œ"}]}]}
RESULT: {"actions":[{"id":"action29","type":"key","parameters":{},"actions":[{"type":"keyDown","value":"î€Œ"},{"type":"pause","duration":10},{"type":"keyUp","value":"î€Œ"}]}]}
COMMAND: POST /session/25dcfb25871b33b6fbae40ebb9612352/execute/async - {"script":"<script> [1562 bytes]","args":[{"selector":{"controlType":"sap.m.Tokenizer","viewName":"etm.portal.ui.managerequests.view.Edit","bindingPath":{"path":"/RequestItems/1","propertyPath":"LINK_TO_TAGS","modelName":"RequestItemsModel"}},"wdio_ui5_key":"etmportal.ui.managerequests.view.Editsap.m.Tokenizer{\"path\":\"/RequestItems/1\",\"propertyPath\":\"LINK_TO_TAGS\",\"modelName\":\"RequestItemsModel\"}"}]}
COMMAND: GET /session/25dcfb25871b33b6fbae40ebb9612352/screenshot - {}
RESULT: {"script":"<script> [1562 bytes]","args":[{"selector":{"controlType":"sap.m.Tokenizer","viewName":"etm.portal.ui.managerequests.view.Edit","bindingPath":{"path":"/RequestItems/1","propertyPath":"LINK_TO_TAGS","modelName":"RequestItemsModel"}},"wdio_ui5_key":"etmportal.ui.managerequests.view.Editsap.m.Tokenizer{\"path\":\"/RequestItems/1\",\"propertyPath\":\"LINK_TO_TAGS\",\"modelName\":\"RequestItemsModel\"}"}]}
RESULT: undefined
COMMAND: POST /session/25dcfb25871b33b6fbae40ebb9612352/element - {"using":"xpath","value":"//*[@id=\"__tokenizer67\"]"}
RESULT: {}
RESULT: {"using":"xpath","value":"//*[@id=\"__tokenizer67\"]"}
COMMAND: POST /session/25dcfb25871b33b6fbae40ebb9612352/element/f.2438752634DB01E0CA013ABFBE801384.d.FF458E1398CD8CFEF4119275EDFF7587.e.3504/click - {}
RESULT: {}
COMMAND: GET /session/25dcfb25871b33b6fbae40ebb9612352/screenshot - {}
RESULT: {}
COMMAND: POST /session/25dcfb25871b33b6fbae40ebb9612352/execute/async - {"script":"<script> [1562 bytes]","args":[{"selector":{"controlType":"sap.ui.core.Icon","viewName":"etm.portal.ui.managerequests.view.Edit","properties":{"src":{"regex":{"source":"decline"}}},"searchOpenDialogs":true,"ancestor":{"controlType":"sap.m.StandardListItem","viewName":"etm.portal.ui.managerequests.view.Edit","properties":{"title":"tagRequest1"},"searchOpenDialogs":true}},"wdio_ui5_key":"etmportal.ui.managerequests.view.Editsap.ui.core.Icon{\"src\":{\"regex\":{\"source\":\"decline\"}}}{\"controlType\":\"sap.m.StandardListItem\",\"viewName\":\"etm.portal.ui.managerequests.view.Edit\",\"properties\":{\"title\":\"tagRequest1\"},\"searchOpenDialogs\":true}"}]}
RESULT: {"script":"<script> [1562 bytes]","args":[{"selector":{"controlType":"sap.ui.core.Icon","viewName":"etm.portal.ui.managerequests.view.Edit","properties":{"src":{"regex":{"source":"decline"}}},"searchOpenDialogs":true,"ancestor":{"controlType":"sap.m.StandardListItem","viewName":"etm.portal.ui.managerequests.view.Edit","properties":{"title":"tagRequest1"},"searchOpenDialogs":true}},"wdio_ui5_key":"etmportal.ui.managerequests.view.Editsap.ui.core.Icon{\"src\":{\"regex\":{\"source\":\"decline\"}}}{\"controlType\":\"sap.m.StandardListItem\",\"viewName\":\"etm.portal.ui.managerequests.view.Edit\",\"properties\":{\"title\":\"tagRequest1\"},\"searchOpenDialogs\":true}"}]}
RESULT: undefined
COMMAND: POST /session/25dcfb25871b33b6fbae40ebb9612352/element - {"using":"xpath","value":"//*[@id=\"__item2271-imgDel-img\"]"}
RESULT: {"using":"xpath","value":"//*[@id=\"__item2271-imgDel-img\"]"}
COMMAND: POST /session/25dcfb25871b33b6fbae40ebb9612352/element/f.2438752634DB01E0CA013ABFBE801384.d.FF458E1398CD8CFEF4119275EDFF7587.e.3507/click - {}
RESULT: {}
COMMAND: GET /session/25dcfb25871b33b6fbae40ebb9612352/screenshot - {}
RESULT: {}
COMMAND: POST /session/25dcfb25871b33b6fbae40ebb9612352/execute/async - {"script":"<script> [1562 bytes]","args":[{"selector":{"controlType":"sap.ui.core.Icon","viewName":"etm.portal.ui.managerequests.view.Edit","properties":{"src":{"regex":{"source":"decline"}}},"searchOpenDialogs":true,"ancestor":{"controlType":"sap.m.StandardListItem","viewName":"etm.portal.ui.managerequests.view.Edit","properties":{"title":"RefTag"},"searchOpenDialogs":true}},"wdio_ui5_key":"etmportal.ui.managerequests.view.Editsap.ui.core.Icon{\"src\":{\"regex\":{\"source\":\"decline\"}}}{\"controlType\":\"sap.m.StandardListItem\",\"viewName\":\"etm.portal.ui.managerequests.view.Edit\",\"properties\":{\"title\":\"RefTag\"},\"searchOpenDialogs\":true}"}]}
RESULT: {"script":"<script> [1562 bytes]","args":[{"selector":{"controlType":"sap.ui.core.Icon","viewName":"etm.portal.ui.managerequests.view.Edit","properties":{"src":{"regex":{"source":"decline"}}},"searchOpenDialogs":true,"ancestor":{"controlType":"sap.m.StandardListItem","viewName":"etm.portal.ui.managerequests.view.Edit","properties":{"title":"RefTag"},"searchOpenDialogs":true}},"wdio_ui5_key":"etmportal.ui.managerequests.view.Editsap.ui.core.Icon{\"src\":{\"regex\":{\"source\":\"decline\"}}}{\"controlType\":\"sap.m.StandardListItem\",\"viewName\":\"etm.portal.ui.managerequests.view.Edit\",\"properties\":{\"title\":\"RefTag\"},\"searchOpenDialogs\":true}"}]}
RESULT: undefined
COMMAND: POST /session/25dcfb25871b33b6fbae40ebb9612352/element - {"using":"xpath","value":"//*[@id=\"__item2275-imgDel-img\"]"}
RESULT: {"using":"xpath","value":"//*[@id=\"__item2275-imgDel-img\"]"}
COMMAND: POST /session/25dcfb25871b33b6fbae40ebb9612352/element/f.2438752634DB01E0CA013ABFBE801384.d.FF458E1398CD8CFEF4119275EDFF7587.e.3510/click - {}
RESULT: {}
COMMAND: GET /session/25dcfb25871b33b6fbae40ebb9612352/screenshot - {}
RESULT: {}
COMMAND: POST /session/25dcfb25871b33b6fbae40ebb9612352/execute/async - {"script":"<script> [1562 bytes]","args":[{"selector":{"controlType":"sap.ui.core.Icon","viewName":"etm.portal.ui.managerequests.view.Edit","properties":{"src":{"regex":{"source":"decline"}}},"searchOpenDialogs":true,"ancestor":{"controlType":"sap.m.StandardListItem","viewName":"etm.portal.ui.managerequests.view.Edit","properties":{"title":"tag-header"},"searchOpenDialogs":true}},"wdio_ui5_key":"etmportal.ui.managerequests.view.Editsap.ui.core.Icon{\"src\":{\"regex\":{\"source\":\"decline\"}}}{\"controlType\":\"sap.m.StandardListItem\",\"viewName\":\"etm.portal.ui.managerequests.view.Edit\",\"properties\":{\"title\":\"tag-header\"},\"searchOpenDialogs\":true}"}]}
RESULT: {"script":"<script> [1562 bytes]","args":[{"selector":{"controlType":"sap.ui.core.Icon","viewName":"etm.portal.ui.managerequests.view.Edit","properties":{"src":{"regex":{"source":"decline"}}},"searchOpenDialogs":true,"ancestor":{"controlType":"sap.m.StandardListItem","viewName":"etm.portal.ui.managerequests.view.Edit","properties":{"title":"tag-header"},"searchOpenDialogs":true}},"wdio_ui5_key":"etmportal.ui.managerequests.view.Editsap.ui.core.Icon{\"src\":{\"regex\":{\"source\":\"decline\"}}}{\"controlType\":\"sap.m.StandardListItem\",\"viewName\":\"etm.portal.ui.managerequests.view.Edit\",\"properties\":{\"title\":\"tag-header\"},\"searchOpenDialogs\":true}"}]}
RESULT: undefined
COMMAND: POST /session/25dcfb25871b33b6fbae40ebb9612352/element - {"using":"xpath","value":"//*[@id=\"__item2278-imgDel-img\"]"}
RESULT: {"using":"xpath","value":"//*[@id=\"__item2278-imgDel-img\"]"}
COMMAND: POST /session/25dcfb25871b33b6fbae40ebb9612352/element/f.2438752634DB01E0CA013ABFBE801384.d.FF458E1398CD8CFEF4119275EDFF7587.e.3513/click - {}
RESULT: {}
COMMAND: GET /session/25dcfb25871b33b6fbae40ebb9612352/screenshot - {}
RESULT: {}
COMMAND: POST /session/25dcfb25871b33b6fbae40ebb9612352/actions - {"actions":[{"id":"action30","type":"key","parameters":{},"actions":[{"type":"keyDown","value":"î€ƒ"},{"type":"pause","duration":10},{"type":"keyUp","value":"î€ƒ"}]}]}
RESULT: {"actions":[{"id":"action30","type":"key","parameters":{},"actions":[{"type":"keyDown","value":"î€ƒ"},{"type":"pause","duration":10},{"type":"keyUp","value":"î€ƒ"}]}]}
COMMAND: POST /session/25dcfb25871b33b6fbae40ebb9612352/actions - {"actions":[{"id":"action31","type":"key","parameters":{},"actions":[{"type":"keyDown","value":"î€ƒ"},{"type":"pause","duration":10},{"type":"keyUp","value":"î€ƒ"}]}]}
COMMAND: GET /session/25dcfb25871b33b6fbae40ebb9612352/screenshot - {}
RESULT: {"actions":[{"id":"action31","type":"key","parameters":{},"actions":[{"type":"keyDown","value":"î€ƒ"},{"type":"pause","duration":10},{"type":"keyUp","value":"î€ƒ"}]}]}
COMMAND: GET /session/25dcfb25871b33b6fbae40ebb9612352/screenshot - {}
RESULT: {}
RESULT: {}
COMMAND: POST /session/25dcfb25871b33b6fbae40ebb9612352/execute/async - {"script":"<script> [1562 bytes]","args":[{"selector":{"controlType":"sap.m.Button","viewName":"etm.portal.ui.managerequests.view.Edit","i18NText":{"propertyName":"tooltip","key":"save"},"interaction":{"idSuffix":"BDI-content"}},"wdio_ui5_key":"etmportal.ui.managerequests.view.Editsap.m.Button{\"propertyName\":\"tooltip\",\"key\":\"save\"}"}]}
RESULT: {"script":"<script> [1562 bytes]","args":[{"selector":{"controlType":"sap.m.Button","viewName":"etm.portal.ui.managerequests.view.Edit","i18NText":{"propertyName":"tooltip","key":"save"},"interaction":{"idSuffix":"BDI-content"}},"wdio_ui5_key":"etmportal.ui.managerequests.view.Editsap.m.Button{\"propertyName\":\"tooltip\",\"key\":\"save\"}"}]}
RESULT: undefined
COMMAND: POST /session/25dcfb25871b33b6fbae40ebb9612352/element - {"using":"xpath","value":"//*[@id=\"__xmlview61--saveButtonId\"]"}
RESULT: {"using":"xpath","value":"//*[@id=\"__xmlview61--saveButtonId\"]"}
COMMAND: POST /session/25dcfb25871b33b6fbae40ebb9612352/element/f.2438752634DB01E0CA013ABFBE801384.d.FF458E1398CD8CFEF4119275EDFF7587.e.3420/click - {}
RESULT: {}
COMMAND: GET /session/25dcfb25871b33b6fbae40ebb9612352/screenshot - {}
RESULT: {}
COMMAND: POST /session/25dcfb25871b33b6fbae40ebb9612352/execute/async - {"script":"<script> [1562 bytes]","args":[{"selector":{"id":"tagsLayoutViewMode","viewName":"etm.portal.ui.managerequests.view.Detail"},"wdio_ui5_key":"tagsLayoutViewModeetmportal.ui.managerequests.view.Detail"}]}
RESULT: {"script":"<script> [1562 bytes]","args":[{"selector":{"id":"tagsLayoutViewMode","viewName":"etm.portal.ui.managerequests.view.Detail"},"wdio_ui5_key":"tagsLayoutViewModeetmportal.ui.managerequests.view.Detail"}]}
RESULT: undefined
COMMAND: POST /session/25dcfb25871b33b6fbae40ebb9612352/execute/async - {"script":"<script> [6424 bytes]","args":[{"element-6066-11e4-a52e-4f735466cecf":"f.2438752634DB01E0CA013ABFBE801384.d.FF458E1398CD8CFEF4119275EDFF7587.e.3641"},"getTokens",[]]}
RESULT: {"script":"<script> [6424 bytes]","args":[{"element-6066-11e4-a52e-4f735466cecf":"f.2438752634DB01E0CA013ABFBE801384.d.FF458E1398CD8CFEF4119275EDFF7587.e.3641"},"getTokens",[]]}
COMMAND: POST /session/25dcfb25871b33b6fbae40ebb9612352/execute/async - {"script":"<script> [1562 bytes]","args":[{"wdio_ui5_key":"__token11-__xmlview60--tagsLayoutViewMode-1","selector":{"id":"__token11-__xmlview60--tagsLayoutViewMode-1"}}]}
COMMAND: POST /session/25dcfb25871b33b6fbae40ebb9612352/execute/async - {"script":"<script> [1562 bytes]","args":[{"wdio_ui5_key":"__token11-__xmlview60--tagsLayoutViewMode-0","selector":{"id":"__token11-__xmlview60--tagsLayoutViewMode-0"}}]}
RESULT: {"script":"<script> [1562 bytes]","args":[{"wdio_ui5_key":"__token11-__xmlview60--tagsLayoutViewMode-1","selector":{"id":"__token11-__xmlview60--tagsLayoutViewMode-1"}}]}
RESULT: undefined
RESULT: {"script":"<script> [1562 bytes]","args":[{"wdio_ui5_key":"__token11-__xmlview60--tagsLayoutViewMode-0","selector":{"id":"__token11-__xmlview60--tagsLayoutViewMode-0"}}]}
RESULT: undefined
COMMAND: POST /session/25dcfb25871b33b6fbae40ebb9612352/execute/async - {"script":"<script> [1562 bytes]","args":[{"selector":{"controlType":"sap.m.OverflowToolbarButton","viewName":"etm.portal.ui.managerequests.view.Detail","properties":{"text":"Settings"},"interaction":{"idSuffix":"inner"}},"wdio_ui5_key":"etmportal.ui.managerequests.view.Detailsap.m.OverflowToolbarButton{\"text\":\"Settings\"}"}]}
RESULT: {"script":"<script> [1562 bytes]","args":[{"selector":{"controlType":"sap.m.OverflowToolbarButton","viewName":"etm.portal.ui.managerequests.view.Detail","properties":{"text":"Settings"},"interaction":{"idSuffix":"inner"}},"wdio_ui5_key":"etmportal.ui.managerequests.view.Detailsap.m.OverflowToolbarButton{\"text\":\"Settings\"}"}]}
RESULT: undefined
COMMAND: POST /session/25dcfb25871b33b6fbae40ebb9612352/element - {"using":"xpath","value":"//*[@id=\"__xmlview60--smartTableRequestItems-btnPersonalisation\"]"}
RESULT: {"using":"xpath","value":"//*[@id=\"__xmlview60--smartTableRequestItems-btnPersonalisation\"]"}
COMMAND: POST /session/25dcfb25871b33b6fbae40ebb9612352/element/f.2438752634DB01E0CA013ABFBE801384.d.FF458E1398CD8CFEF4119275EDFF7587.e.3645/click - {}
RESULT: {}
COMMAND: POST /session/25dcfb25871b33b6fbae40ebb9612352/execute/async - {"script":"<script> [1562 bytes]","args":[{"selector":{"controlType":"sap.m.SearchField","viewName":"etm.portal.ui.managerequests.view.Detail","searchOpenDialogs":true,"interaction":{"idSuffix":"I"}},"wdio_ui5_key":"etmportal.ui.managerequests.view.Detailsap.m.SearchField"}]}
COMMAND: GET /session/25dcfb25871b33b6fbae40ebb9612352/screenshot - {}
RESULT: {"script":"<script> [1562 bytes]","args":[{"selector":{"controlType":"sap.m.SearchField","viewName":"etm.portal.ui.managerequests.view.Detail","searchOpenDialogs":true,"interaction":{"idSuffix":"I"}},"wdio_ui5_key":"etmportal.ui.managerequests.view.Detailsap.m.SearchField"}]}
RESULT: undefined
COMMAND: POST /session/25dcfb25871b33b6fbae40ebb9612352/execute/async - {"script":"<script> [776 bytes]","args":[{"enterText":"tag","selector":{"controlType":"sap.m.SearchField","viewName":"etm.portal.ui.managerequests.view.Detail","searchOpenDialogs":true,"interaction":{"idSuffix":"I"}},"clearTextFirst":true,"interactionType":"ENTER_TEXT"}]}
RESULT: {}
RESULT: {"script":"<script> [776 bytes]","args":[{"enterText":"tag","selector":{"controlType":"sap.m.SearchField","viewName":"etm.portal.ui.managerequests.view.Detail","searchOpenDialogs":true,"interaction":{"idSuffix":"I"}},"clearTextFirst":true,"interactionType":"ENTER_TEXT"}]}
COMMAND: POST /session/25dcfb25871b33b6fbae40ebb9612352/element - {"using":"xpath","value":"//div[contains(@id ,\"innerSelectionPanelTable-0-selectMulti-CbBg\")]"}
RESULT: {"using":"xpath","value":"//div[contains(@id ,\"innerSelectionPanelTable-0-selectMulti-CbBg\")]"}
COMMAND: POST /session/25dcfb25871b33b6fbae40ebb9612352/element/f.2438752634DB01E0CA013ABFBE801384.d.FF458E1398CD8CFEF4119275EDFF7587.e.3682/click - {}
RESULT: {}
COMMAND: POST /session/25dcfb25871b33b6fbae40ebb9612352/execute/async - {"script":"<script> [1562 bytes]","args":[{"selector":{"controlType":"sap.m.Button","viewName":"etm.portal.ui.managerequests.view.Detail","properties":{"text":"OK"},"searchOpenDialogs":true,"interaction":{"idSuffix":"BDI-content"}},"wdio_ui5_key":"etmportal.ui.managerequests.view.Detailsap.m.Button{\"text\":\"OK\"}"}]}
COMMAND: GET /session/25dcfb25871b33b6fbae40ebb9612352/screenshot - {}
RESULT: {"script":"<script> [1562 bytes]","args":[{"selector":{"controlType":"sap.m.Button","viewName":"etm.portal.ui.managerequests.view.Detail","properties":{"text":"OK"},"searchOpenDialogs":true,"interaction":{"idSuffix":"BDI-content"}},"wdio_ui5_key":"etmportal.ui.managerequests.view.Detailsap.m.Button{\"text\":\"OK\"}"}]}
RESULT: undefined
COMMAND: POST /session/25dcfb25871b33b6fbae40ebb9612352/element - {"using":"xpath","value":"//*[@id=\"__popup378-confirmBtn\"]"}
RESULT: {}
RESULT: {"using":"xpath","value":"//*[@id=\"__popup378-confirmBtn\"]"}
COMMAND: POST /session/25dcfb25871b33b6fbae40ebb9612352/element/f.2438752634DB01E0CA013ABFBE801384.d.FF458E1398CD8CFEF4119275EDFF7587.e.3687/click - {}
RESULT: {}
COMMAND: GET /session/25dcfb25871b33b6fbae40ebb9612352/screenshot - {}
RESULT: {}
COMMAND: POST /session/25dcfb25871b33b6fbae40ebb9612352/execute/async - {"script":"<script> [1562 bytes]","args":[{"selector":{"controlType":"sap.m.Text","viewName":"etm.portal.ui.managerequests.view.Detail","bindingPath":{"propertyPath":"NO","modelName":"catalogModel"}},"wdio_ui5_key":"etmportal.ui.managerequests.view.Detailsap.m.Text{\"propertyPath\":\"NO\",\"modelName\":\"catalogModel\"}"}]}
RESULT: {"script":"<script> [1562 bytes]","args":[{"selector":{"controlType":"sap.m.Text","viewName":"etm.portal.ui.managerequests.view.Detail","bindingPath":{"propertyPath":"NO","modelName":"catalogModel"}},"wdio_ui5_key":"etmportal.ui.managerequests.view.Detailsap.m.Text{\"propertyPath\":\"NO\",\"modelName\":\"catalogModel\"}"}]}
RESULT: undefined
COMMAND: POST /session/25dcfb25871b33b6fbae40ebb9612352/execute/async - {"script":"<script> [6424 bytes]","args":[{"element-6066-11e4-a52e-4f735466cecf":"f.2438752634DB01E0CA013ABFBE801384.d.FF458E1398CD8CFEF4119275EDFF7587.e.3709"},"getText",[]]}
RESULT: {"script":"<script> [6424 bytes]","args":[{"element-6066-11e4-a52e-4f735466cecf":"f.2438752634DB01E0CA013ABFBE801384.d.FF458E1398CD8CFEF4119275EDFF7587.e.3709"},"getText",[]]}
COMMAND: POST /session/25dcfb25871b33b6fbae40ebb9612352/execute/async - {"script":"<script> [1562 bytes]","args":[{"selector":{"controlType":"sap.m.Tokenizer","viewName":"etm.portal.ui.managerequests.view.Detail","bindingPath":{"path":"/SmartRequestItemsPlanningBoard(ITEM=10m,REQUEST='20263')","propertyPath":"LINK_TO_TAGS"}},"wdio_ui5_key":"etmportal.ui.managerequests.view.Detailsap.m.Tokenizer{\"path\":\"/SmartRequestItemsPlanningBoard(ITEM=10m,REQUEST='20263')\",\"propertyPath\":\"LINK_TO_TAGS\"}"}]}
RESULT: {"script":"<script> [1562 bytes]","args":[{"selector":{"controlType":"sap.m.Tokenizer","viewName":"etm.portal.ui.managerequests.view.Detail","bindingPath":{"path":"/SmartRequestItemsPlanningBoard(ITEM=10m,REQUEST='20263')","propertyPath":"LINK_TO_TAGS"}},"wdio_ui5_key":"etmportal.ui.managerequests.view.Detailsap.m.Tokenizer{\"path\":\"/SmartRequestItemsPlanningBoard(ITEM=10m,REQUEST='20263')\",\"propertyPath\":\"LINK_TO_TAGS\"}"}]}
RESULT: undefined
COMMAND: POST /session/25dcfb25871b33b6fbae40ebb9612352/execute/async - {"script":"<script> [6424 bytes]","args":[{"element-6066-11e4-a52e-4f735466cecf":"f.2438752634DB01E0CA013ABFBE801384.d.FF458E1398CD8CFEF4119275EDFF7587.e.3710"},"getTokens",[]]}
RESULT: {"script":"<script> [6424 bytes]","args":[{"element-6066-11e4-a52e-4f735466cecf":"f.2438752634DB01E0CA013ABFBE801384.d.FF458E1398CD8CFEF4119275EDFF7587.e.3710"},"getTokens",[]]}
COMMAND: POST /session/25dcfb25871b33b6fbae40ebb9612352/execute/async - {"script":"<script> [1562 bytes]","args":[{"wdio_ui5_key":"__token12-__tokenizer63-__clone5188-1","selector":{"id":"__token12-__tokenizer63-__clone5188-1"}}]}
COMMAND: POST /session/25dcfb25871b33b6fbae40ebb9612352/execute/async - {"script":"<script> [1562 bytes]","args":[{"wdio_ui5_key":"__token12-__tokenizer63-__clone5188-2","selector":{"id":"__token12-__tokenizer63-__clone5188-2"}}]}
COMMAND: POST /session/25dcfb25871b33b6fbae40ebb9612352/execute/async - {"script":"<script> [1562 bytes]","args":[{"wdio_ui5_key":"__token12-__tokenizer63-__clone5188-0","selector":{"id":"__token12-__tokenizer63-__clone5188-0"}}]}
RESULT: {"script":"<script> [1562 bytes]","args":[{"wdio_ui5_key":"__token12-__tokenizer63-__clone5188-1","selector":{"id":"__token12-__tokenizer63-__clone5188-1"}}]}
RESULT: undefined
RESULT: {"script":"<script> [1562 bytes]","args":[{"wdio_ui5_key":"__token12-__tokenizer63-__clone5188-2","selector":{"id":"__token12-__tokenizer63-__clone5188-2"}}]}
RESULT: undefined
RESULT: {"script":"<script> [1562 bytes]","args":[{"wdio_ui5_key":"__token12-__tokenizer63-__clone5188-0","selector":{"id":"__token12-__tokenizer63-__clone5188-0"}}]}
RESULT: undefined
COMMAND: POST /session/25dcfb25871b33b6fbae40ebb9612352/element - {"using":"xpath","value":"(//span[contains(text(), \"tag-header\")])[2]"}
RESULT: {"using":"xpath","value":"(//span[contains(text(), \"tag-header\")])[2]"}
COMMAND: POST /session/25dcfb25871b33b6fbae40ebb9612352/elements - {"using":"xpath","value":"(//span[contains(text(), \"tag-header\")])[2]"}
RESULT: {"using":"xpath","value":"(//span[contains(text(), \"tag-header\")])[2]"}
COMMAND: POST /session/25dcfb25871b33b6fbae40ebb9612352/execute/async - {"script":"<script> [1562 bytes]","args":[{"selector":{"controlType":"sap.m.Tokenizer","viewName":"etm.portal.ui.managerequests.view.Detail","bindingPath":{"path":"/SmartRequestItemsPlanningBoard(ITEM=20m,REQUEST='20263')","propertyPath":"LINK_TO_TAGS"}},"wdio_ui5_key":"etmportal.ui.managerequests.view.Detailsap.m.Tokenizer{\"path\":\"/SmartRequestItemsPlanningBoard(ITEM=20m,REQUEST='20263')\",\"propertyPath\":\"LINK_TO_TAGS\"}"}]}
RESULT: {"script":"<script> [1562 bytes]","args":[{"selector":{"controlType":"sap.m.Tokenizer","viewName":"etm.portal.ui.managerequests.view.Detail","bindingPath":{"path":"/SmartRequestItemsPlanningBoard(ITEM=20m,REQUEST='20263')","propertyPath":"LINK_TO_TAGS"}},"wdio_ui5_key":"etmportal.ui.managerequests.view.Detailsap.m.Tokenizer{\"path\":\"/SmartRequestItemsPlanningBoard(ITEM=20m,REQUEST='20263')\",\"propertyPath\":\"LINK_TO_TAGS\"}"}]}
RESULT: undefined
COMMAND: POST /session/25dcfb25871b33b6fbae40ebb9612352/execute/async - {"script":"<script> [6424 bytes]","args":[{"element-6066-11e4-a52e-4f735466cecf":"f.2438752634DB01E0CA013ABFBE801384.d.FF458E1398CD8CFEF4119275EDFF7587.e.3715"},"getTokens",[]]}
RESULT: {"script":"<script> [6424 bytes]","args":[{"element-6066-11e4-a52e-4f735466cecf":"f.2438752634DB01E0CA013ABFBE801384.d.FF458E1398CD8CFEF4119275EDFF7587.e.3715"},"getTokens",[]]}
COMMAND: POST /session/25dcfb25871b33b6fbae40ebb9612352/element - {"using":"css selector","value":"#shell-header-logo"}
RESULT: {"using":"css selector","value":"#shell-header-logo"}
COMMAND: POST /session/25dcfb25871b33b6fbae40ebb9612352/element/f.2438752634DB01E0CA013ABFBE801384.d.FF458E1398CD8CFEF4119275EDFF7587.e.2737/click - {}
RESULT: {}
COMMAND: GET /session/25dcfb25871b33b6fbae40ebb9612352/screenshot - {}
RESULT: {}
]]></system-out>
    </testcase>
  </testsuite>
  <testsuite timestamp="2025-06-05T15:48:25" time="552.399" tests="4" failures="0" errors="0" skipped="0">
    <properties>
      <property name="specId" value="0" />
      <property name="suiteName" value="Manage request + Contract processing pick up option US120163 " />
      <property name="capabilities" value="chrome.137_0_7151_56.windows" />
      <property name="file" value="file:///D:/a/1/s/test/specs/R2C/create-request-Pickup.spec.js" />
    </properties>
    <testcase classname="chrome.137_0_7151_56.windows.Manage_request_+_Contract_processing_pick_up_option_US120163_" name="Should create a new contract" time="72.318">
      <system-out><![CDATA[
COMMAND: POST /session/25dcfb25871b33b6fbae40ebb9612352/execute/async - {"script":"<script> [1562 bytes]","args":[{"selector":{"controlType":"sap.m.Text","viewName":"etm.portal.ui.managecontractstile.view.Master","properties":{"text":"Manage Contracts"},"interaction":{"idSuffix":"inner"}},"wdio_ui5_key":"etmportal.ui.managecontractstile.view.Mastersap.m.Text{\"text\":\"Manage Contracts\"}"}]}
RESULT: {"script":"<script> [1562 bytes]","args":[{"selector":{"controlType":"sap.m.Text","viewName":"etm.portal.ui.managecontractstile.view.Master","properties":{"text":"Manage Contracts"},"interaction":{"idSuffix":"inner"}},"wdio_ui5_key":"etmportal.ui.managecontractstile.view.Mastersap.m.Text{\"text\":\"Manage Contracts\"}"}]}
RESULT: undefined
COMMAND: POST /session/25dcfb25871b33b6fbae40ebb9612352/element - {"using":"xpath","value":"//*[@id=\"__tile132-title\"]"}
RESULT: {"using":"xpath","value":"//*[@id=\"__tile132-title\"]"}
COMMAND: POST /session/25dcfb25871b33b6fbae40ebb9612352/element/f.2438752634DB01E0CA013ABFBE801384.d.FF458E1398CD8CFEF4119275EDFF7587.e.3719/click - {}
RESULT: {}
COMMAND: GET /session/25dcfb25871b33b6fbae40ebb9612352/screenshot - {}
RESULT: {}
COMMAND: POST /session/25dcfb25871b33b6fbae40ebb9612352/execute/async - {"script":"<script> [1562 bytes]","args":[{"selector":{"controlType":"sap.ui.core.Icon","viewName":"etm.portal.ui.managecontracts.view.Master","properties":{"src":{"regex":{"source":"add"}}}},"wdio_ui5_key":"etmportal.ui.managecontracts.view.Mastersap.ui.core.Icon{\"src\":{\"regex\":{\"source\":\"add\"}}}"}]}
RESULT: {"script":"<script> [1562 bytes]","args":[{"selector":{"controlType":"sap.ui.core.Icon","viewName":"etm.portal.ui.managecontracts.view.Master","properties":{"src":{"regex":{"source":"add"}}}},"wdio_ui5_key":"etmportal.ui.managecontracts.view.Mastersap.ui.core.Icon{\"src\":{\"regex\":{\"source\":\"add\"}}}"}]}
RESULT: undefined
COMMAND: POST /session/25dcfb25871b33b6fbae40ebb9612352/element - {"using":"xpath","value":"//*[@id=\"__button187-img\"]"}
RESULT: {"using":"xpath","value":"//*[@id=\"__button187-img\"]"}
COMMAND: POST /session/25dcfb25871b33b6fbae40ebb9612352/element/f.2438752634DB01E0CA013ABFBE801384.d.FF458E1398CD8CFEF4119275EDFF7587.e.3765/click - {}
RESULT: {}
COMMAND: POST /session/25dcfb25871b33b6fbae40ebb9612352/execute/async - {"script":"<script> [1562 bytes]","args":[{"selector":{"id":"application-managecontracts-display-component---AddNewContract--projectDescription","interaction":{"idSuffix":"inner"}},"wdio_ui5_key":"applicationmanagecontracts-display-component---AddNewContract--projectDescription"}]}
COMMAND: GET /session/25dcfb25871b33b6fbae40ebb9612352/screenshot - {}
RESULT: {"script":"<script> [1562 bytes]","args":[{"selector":{"id":"application-managecontracts-display-component---AddNewContract--projectDescription","interaction":{"idSuffix":"inner"}},"wdio_ui5_key":"applicationmanagecontracts-display-component---AddNewContract--projectDescription"}]}
RESULT: undefined
COMMAND: POST /session/25dcfb25871b33b6fbae40ebb9612352/execute/async - {"script":"<script> [776 bytes]","args":[{"enterText":"PickupContractg0deh","selector":{"id":"application-managecontracts-display-component---AddNewContract--projectDescription","interaction":{"idSuffix":"inner"}},"clearTextFirst":true,"interactionType":"ENTER_TEXT"}]}
RESULT: {}
RESULT: {"script":"<script> [776 bytes]","args":[{"enterText":"PickupContractg0deh","selector":{"id":"application-managecontracts-display-component---AddNewContract--projectDescription","interaction":{"idSuffix":"inner"}},"clearTextFirst":true,"interactionType":"ENTER_TEXT"}]}
COMMAND: POST /session/25dcfb25871b33b6fbae40ebb9612352/element - {"using":"xpath","value":"//input[contains(@id ,\"application-managecontracts-display-component---AddNewContract--yardId-inner\")]"}
RESULT: {"using":"xpath","value":"//input[contains(@id ,\"application-managecontracts-display-component---AddNewContract--yardId-inner\")]"}
COMMAND: POST /session/25dcfb25871b33b6fbae40ebb9612352/element/f.2438752634DB01E0CA013ABFBE801384.d.FF458E1398CD8CFEF4119275EDFF7587.e.4031/value - {"text":"WebdriverYardg92yd"}
RESULT: {"text":"WebdriverYardg92yd"}
COMMAND: GET /session/25dcfb25871b33b6fbae40ebb9612352/screenshot - {}
RESULT: {}
COMMAND: POST /session/25dcfb25871b33b6fbae40ebb9612352/actions - {"actions":[{"id":"action32","type":"key","parameters":{},"actions":[{"type":"keyDown","value":"î€‡"},{"type":"pause","duration":10},{"type":"keyUp","value":"î€‡"}]}]}
RESULT: {"actions":[{"id":"action32","type":"key","parameters":{},"actions":[{"type":"keyDown","value":"î€‡"},{"type":"pause","duration":10},{"type":"keyUp","value":"î€‡"}]}]}
COMMAND: GET /session/25dcfb25871b33b6fbae40ebb9612352/screenshot - {}
RESULT: {}
COMMAND: POST /session/25dcfb25871b33b6fbae40ebb9612352/element - {"using":"xpath","value":"//input[contains(@id ,\"application-managecontracts-display-component---AddNewContract--customerSelect-inner\")]"}
RESULT: {"using":"xpath","value":"//input[contains(@id ,\"application-managecontracts-display-component---AddNewContract--customerSelect-inner\")]"}
COMMAND: POST /session/25dcfb25871b33b6fbae40ebb9612352/element/f.2438752634DB01E0CA013ABFBE801384.d.FF458E1398CD8CFEF4119275EDFF7587.e.4029/value - {"text":"WebdriverPartner7c7tfh"}
RESULT: {"text":"WebdriverPartner7c7tfh"}
COMMAND: GET /session/25dcfb25871b33b6fbae40ebb9612352/screenshot - {}
RESULT: {}
COMMAND: POST /session/25dcfb25871b33b6fbae40ebb9612352/actions - {"actions":[{"id":"action33","type":"key","parameters":{},"actions":[{"type":"keyDown","value":"î€‡"},{"type":"pause","duration":10},{"type":"keyUp","value":"î€‡"}]}]}
RESULT: {"actions":[{"id":"action33","type":"key","parameters":{},"actions":[{"type":"keyDown","value":"î€‡"},{"type":"pause","duration":10},{"type":"keyUp","value":"î€‡"}]}]}
COMMAND: GET /session/25dcfb25871b33b6fbae40ebb9612352/screenshot - {}
RESULT: {}
COMMAND: POST /session/25dcfb25871b33b6fbae40ebb9612352/element - {"using":"xpath","value":"//input[contains(@id ,\"application-managecontracts-display-component---AddNewContract--site-inner\")]"}
RESULT: {"using":"xpath","value":"//input[contains(@id ,\"application-managecontracts-display-component---AddNewContract--site-inner\")]"}
COMMAND: POST /session/25dcfb25871b33b6fbae40ebb9612352/element/f.2438752634DB01E0CA013ABFBE801384.d.FF458E1398CD8CFEF4119275EDFF7587.e.4030/value - {"text":"WebdriverSitemjpzv"}
RESULT: {"text":"WebdriverSitemjpzv"}
COMMAND: GET /session/25dcfb25871b33b6fbae40ebb9612352/screenshot - {}
RESULT: {}
COMMAND: POST /session/25dcfb25871b33b6fbae40ebb9612352/actions - {"actions":[{"id":"action34","type":"key","parameters":{},"actions":[{"type":"keyDown","value":"î€‡"},{"type":"pause","duration":10},{"type":"keyUp","value":"î€‡"}]}]}
RESULT: {"actions":[{"id":"action34","type":"key","parameters":{},"actions":[{"type":"keyDown","value":"î€‡"},{"type":"pause","duration":10},{"type":"keyUp","value":"î€‡"}]}]}
COMMAND: GET /session/25dcfb25871b33b6fbae40ebb9612352/screenshot - {}
COMMAND: POST /session/25dcfb25871b33b6fbae40ebb9612352/execute/async - {"script":"<script> [1562 bytes]","args":[{"selector":{"id":"application-managecontracts-display-component---AddNewContract--saveBtn","interaction":{"idSuffix":"BDI-content"}},"wdio_ui5_key":"applicationmanagecontracts-display-component---AddNewContract--saveBtn"}]}
RESULT: {}
RESULT: {"script":"<script> [1562 bytes]","args":[{"selector":{"id":"application-managecontracts-display-component---AddNewContract--saveBtn","interaction":{"idSuffix":"BDI-content"}},"wdio_ui5_key":"applicationmanagecontracts-display-component---AddNewContract--saveBtn"}]}
RESULT: undefined
COMMAND: POST /session/25dcfb25871b33b6fbae40ebb9612352/element - {"using":"xpath","value":"//*[@id=\"application-managecontracts-display-component---AddNewContract--saveBtn\"]"}
RESULT: {"using":"xpath","value":"//*[@id=\"application-managecontracts-display-component---AddNewContract--saveBtn\"]"}
COMMAND: POST /session/25dcfb25871b33b6fbae40ebb9612352/element/f.2438752634DB01E0CA013ABFBE801384.d.FF458E1398CD8CFEF4119275EDFF7587.e.4104/click - {}
RESULT: {}
COMMAND: GET /session/25dcfb25871b33b6fbae40ebb9612352/screenshot - {}
RESULT: {}
COMMAND: POST /session/25dcfb25871b33b6fbae40ebb9612352/element - {"using":"xpath","value":"//span[contains(@id ,\"contractDetailTitleNoExpanded\")]"}
RESULT: {"using":"xpath","value":"//span[contains(@id ,\"contractDetailTitleNoExpanded\")]"}
COMMAND: GET /session/25dcfb25871b33b6fbae40ebb9612352/element/f.2438752634DB01E0CA013ABFBE801384.d.FF458E1398CD8CFEF4119275EDFF7587.e.4188/text - {}
RESULT: {}
COMMAND: POST /session/25dcfb25871b33b6fbae40ebb9612352/element - {"using":"css selector","value":"#shell-header-logo"}
RESULT: {"using":"css selector","value":"#shell-header-logo"}
COMMAND: POST /session/25dcfb25871b33b6fbae40ebb9612352/element/f.2438752634DB01E0CA013ABFBE801384.d.FF458E1398CD8CFEF4119275EDFF7587.e.3722/click - {}
RESULT: {}
COMMAND: GET /session/25dcfb25871b33b6fbae40ebb9612352/screenshot - {}
RESULT: {}
]]></system-out>
    </testcase>
    <testcase classname="chrome.137_0_7151_56.windows.Manage_request_+_Contract_processing_pick_up_option_US120163_" name="Should create a new material" time="140.147">
      <system-out><![CDATA[
COMMAND: POST /session/25dcfb25871b33b6fbae40ebb9612352/execute/async - {"script":"<script> [1562 bytes]","args":[{"selector":{"controlType":"sap.m.GenericTile","properties":{"header":"Manage Resources"}},"wdio_ui5_key":"sapm.GenericTile{\"header\":\"Manage Resources\"}"}]}
RESULT: {"script":"<script> [1562 bytes]","args":[{"selector":{"controlType":"sap.m.GenericTile","properties":{"header":"Manage Resources"}},"wdio_ui5_key":"sapm.GenericTile{\"header\":\"Manage Resources\"}"}]}
RESULT: undefined
COMMAND: POST /session/25dcfb25871b33b6fbae40ebb9612352/element - {"using":"xpath","value":"//*[@id=\"__tile39\"]"}
RESULT: {"using":"xpath","value":"//*[@id=\"__tile39\"]"}
COMMAND: POST /session/25dcfb25871b33b6fbae40ebb9612352/element/f.2438752634DB01E0CA013ABFBE801384.d.FF458E1398CD8CFEF4119275EDFF7587.e.4190/click - {}
RESULT: {}
COMMAND: GET /session/25dcfb25871b33b6fbae40ebb9612352/screenshot - {}
RESULT: {}
COMMAND: POST /session/25dcfb25871b33b6fbae40ebb9612352/elements - {"using":"xpath","value":"//span[text()='Error']"}
RESULT: {"using":"xpath","value":"//span[text()='Error']"}
COMMAND: POST /session/25dcfb25871b33b6fbae40ebb9612352/element - {"using":"xpath","value":"//button[@data-kt=\"addNewRUOverflowToolbarButton\"]"}
RESULT: {"using":"xpath","value":"//button[@data-kt=\"addNewRUOverflowToolbarButton\"]"}
COMMAND: POST /session/25dcfb25871b33b6fbae40ebb9612352/execute/sync - {"script":"<script> [8489 bytes]","args":[{"element-6066-11e4-a52e-4f735466cecf":"f.2438752634DB01E0CA013ABFBE801384.d.FF458E1398CD8CFEF4119275EDFF7587.e.4232","ELEMENT":"f.2438752634DB01E0CA013ABFBE801384.d.FF458E1398CD8CFEF4119275EDFF7587.e.4232"}]}
RESULT: {"script":"<script> [8489 bytes]","args":[{"element-6066-11e4-a52e-4f735466cecf":"f.2438752634DB01E0CA013ABFBE801384.d.FF458E1398CD8CFEF4119275EDFF7587.e.4232","ELEMENT":"f.2438752634DB01E0CA013ABFBE801384.d.FF458E1398CD8CFEF4119275EDFF7587.e.4232"}]}
COMMAND: POST /session/25dcfb25871b33b6fbae40ebb9612352/element/f.2438752634DB01E0CA013ABFBE801384.d.FF458E1398CD8CFEF4119275EDFF7587.e.4232/click - {}
COMMAND: GET /session/25dcfb25871b33b6fbae40ebb9612352/screenshot - {}
RESULT: {}
COMMAND: POST /session/25dcfb25871b33b6fbae40ebb9612352/execute/async - {"script":"<script> [1562 bytes]","args":[{"selector":{"id":"application-manageresources-display-component---newResourceUnit--TYPE-arrow"},"wdio_ui5_key":"applicationmanageresources-display-component---newResourceUnit--TYPE-arrow"}]}
COMMAND: GET /session/25dcfb25871b33b6fbae40ebb9612352/screenshot - {}
RESULT: {}
RESULT: {"script":"<script> [1562 bytes]","args":[{"selector":{"id":"application-manageresources-display-component---newResourceUnit--TYPE-arrow"},"wdio_ui5_key":"applicationmanageresources-display-component---newResourceUnit--TYPE-arrow"}]}
RESULT: undefined
COMMAND: POST /session/25dcfb25871b33b6fbae40ebb9612352/element - {"using":"xpath","value":"//*[@id=\"application-manageresources-display-component---newResourceUnit--TYPE-arrow\"]"}
RESULT: {}
RESULT: {"using":"xpath","value":"//*[@id=\"application-manageresources-display-component---newResourceUnit--TYPE-arrow\"]"}
COMMAND: POST /session/25dcfb25871b33b6fbae40ebb9612352/element/f.2438752634DB01E0CA013ABFBE801384.d.FF458E1398CD8CFEF4119275EDFF7587.e.4561/click - {}
RESULT: {}
COMMAND: POST /session/25dcfb25871b33b6fbae40ebb9612352/execute/async - {"script":"<script> [1562 bytes]","args":[{"selector":{"controlType":"sap.m.StandardListItem","viewName":"reusables.view.manageresources.NewResourceUnit","viewId":"application-manageresources-display-component---newResourceUnit","properties":{"title":"Material"},"searchOpenDialogs":true,"interaction":{"idSuffix":"titleText"}},"wdio_ui5_key":"reusablesview.manageresources.NewResourceUnitsap.m.StandardListItem{\"title\":\"Material\"}"}]}
COMMAND: GET /session/25dcfb25871b33b6fbae40ebb9612352/screenshot - {}
RESULT: {"script":"<script> [1562 bytes]","args":[{"selector":{"controlType":"sap.m.StandardListItem","viewName":"reusables.view.manageresources.NewResourceUnit","viewId":"application-manageresources-display-component---newResourceUnit","properties":{"title":"Material"},"searchOpenDialogs":true,"interaction":{"idSuffix":"titleText"}},"wdio_ui5_key":"reusablesview.manageresources.NewResourceUnitsap.m.StandardListItem{\"title\":\"Material\"}"}]}
RESULT: undefined
COMMAND: POST /session/25dcfb25871b33b6fbae40ebb9612352/element - {"using":"xpath","value":"//*[@id=\"__item4958\"]"}
RESULT: {}
RESULT: {"using":"xpath","value":"//*[@id=\"__item4958\"]"}
COMMAND: POST /session/25dcfb25871b33b6fbae40ebb9612352/element/f.2438752634DB01E0CA013ABFBE801384.d.FF458E1398CD8CFEF4119275EDFF7587.e.4564/click - {}
RESULT: {}
COMMAND: POST /session/25dcfb25871b33b6fbae40ebb9612352/execute/async - {"script":"<script> [1562 bytes]","args":[{"selector":{"id":"application-manageresources-display-component---newResourceUnit--SHORT_TEXT","interaction":{"idSuffix":"inner"}},"wdio_ui5_key":"applicationmanageresources-display-component---newResourceUnit--SHORT_TEXT"}]}
COMMAND: GET /session/25dcfb25871b33b6fbae40ebb9612352/screenshot - {}
RESULT: {"script":"<script> [1562 bytes]","args":[{"selector":{"id":"application-manageresources-display-component---newResourceUnit--SHORT_TEXT","interaction":{"idSuffix":"inner"}},"wdio_ui5_key":"applicationmanageresources-display-component---newResourceUnit--SHORT_TEXT"}]}
RESULT: undefined
COMMAND: POST /session/25dcfb25871b33b6fbae40ebb9612352/execute/async - {"script":"<script> [776 bytes]","args":[{"enterText":"WebdriverMatTestgnnfb","selector":{"id":"application-manageresources-display-component---newResourceUnit--SHORT_TEXT","interaction":{"idSuffix":"inner"}},"clearTextFirst":true,"interactionType":"ENTER_TEXT"}]}
RESULT: {}
RESULT: {"script":"<script> [776 bytes]","args":[{"enterText":"WebdriverMatTestgnnfb","selector":{"id":"application-manageresources-display-component---newResourceUnit--SHORT_TEXT","interaction":{"idSuffix":"inner"}},"clearTextFirst":true,"interactionType":"ENTER_TEXT"}]}
COMMAND: POST /session/25dcfb25871b33b6fbae40ebb9612352/execute/async - {"script":"<script> [1562 bytes]","args":[{"selector":{"id":"application-manageresources-display-component---newResourceUnit--BASE_UNIT_OF_MEASURE-arrow"},"wdio_ui5_key":"applicationmanageresources-display-component---newResourceUnit--BASE_UNIT_OF_MEASURE-arrow"}]}
RESULT: {"script":"<script> [1562 bytes]","args":[{"selector":{"id":"application-manageresources-display-component---newResourceUnit--BASE_UNIT_OF_MEASURE-arrow"},"wdio_ui5_key":"applicationmanageresources-display-component---newResourceUnit--BASE_UNIT_OF_MEASURE-arrow"}]}
RESULT: undefined
COMMAND: POST /session/25dcfb25871b33b6fbae40ebb9612352/element - {"using":"xpath","value":"//*[@id=\"application-manageresources-display-component---newResourceUnit--BASE_UNIT_OF_MEASURE-arrow\"]"}
RESULT: {"using":"xpath","value":"//*[@id=\"application-manageresources-display-component---newResourceUnit--BASE_UNIT_OF_MEASURE-arrow\"]"}
COMMAND: POST /session/25dcfb25871b33b6fbae40ebb9612352/element/f.2438752634DB01E0CA013ABFBE801384.d.FF458E1398CD8CFEF4119275EDFF7587.e.4684/click - {}
RESULT: {}
COMMAND: POST /session/25dcfb25871b33b6fbae40ebb9612352/execute/async - {"script":"<script> [1562 bytes]","args":[{"selector":{"controlType":"sap.m.StandardListItem","viewName":"reusables.view.manageresources.NewResourceUnit","viewId":"application-manageresources-display-component---newResourceUnit","properties":{"title":"Piece"},"searchOpenDialogs":true,"interaction":{"idSuffix":"titleText"}},"wdio_ui5_key":"reusablesview.manageresources.NewResourceUnitsap.m.StandardListItem{\"title\":\"Piece\"}"}]}
COMMAND: GET /session/25dcfb25871b33b6fbae40ebb9612352/screenshot - {}
RESULT: {"script":"<script> [1562 bytes]","args":[{"selector":{"controlType":"sap.m.StandardListItem","viewName":"reusables.view.manageresources.NewResourceUnit","viewId":"application-manageresources-display-component---newResourceUnit","properties":{"title":"Piece"},"searchOpenDialogs":true,"interaction":{"idSuffix":"titleText"}},"wdio_ui5_key":"reusablesview.manageresources.NewResourceUnitsap.m.StandardListItem{\"title\":\"Piece\"}"}]}
RESULT: undefined
COMMAND: POST /session/25dcfb25871b33b6fbae40ebb9612352/element - {"using":"xpath","value":"//*[@id=\"__item5011\"]"}
RESULT: {}
RESULT: {"using":"xpath","value":"//*[@id=\"__item5011\"]"}
COMMAND: POST /session/25dcfb25871b33b6fbae40ebb9612352/element/f.2438752634DB01E0CA013ABFBE801384.d.FF458E1398CD8CFEF4119275EDFF7587.e.4686/click - {}
RESULT: {}
COMMAND: POST /session/25dcfb25871b33b6fbae40ebb9612352/element - {"using":"xpath","value":"//input[contains(@id ,\"application-manageresources-display-component---newResourceUnit--SHORT_TEXT-inner\")]"}
COMMAND: GET /session/25dcfb25871b33b6fbae40ebb9612352/screenshot - {}
RESULT: {"using":"xpath","value":"//input[contains(@id ,\"application-manageresources-display-component---newResourceUnit--SHORT_TEXT-inner\")]"}
COMMAND: GET /session/25dcfb25871b33b6fbae40ebb9612352/element/f.2438752634DB01E0CA013ABFBE801384.d.FF458E1398CD8CFEF4119275EDFF7587.e.4581/property/value - {}
RESULT: {}
RESULT: {}
COMMAND: POST /session/25dcfb25871b33b6fbae40ebb9612352/execute/async - {"script":"<script> [1562 bytes]","args":[{"selector":{"id":"application-manageresources-display-component---newResourceUnit--WEIGHT_UNIT-arrow"},"wdio_ui5_key":"applicationmanageresources-display-component---newResourceUnit--WEIGHT_UNIT-arrow"}]}
COMMAND: GET /session/25dcfb25871b33b6fbae40ebb9612352/screenshot - {}
RESULT: {"script":"<script> [1562 bytes]","args":[{"selector":{"id":"application-manageresources-display-component---newResourceUnit--WEIGHT_UNIT-arrow"},"wdio_ui5_key":"applicationmanageresources-display-component---newResourceUnit--WEIGHT_UNIT-arrow"}]}
RESULT: undefined
COMMAND: POST /session/25dcfb25871b33b6fbae40ebb9612352/element - {"using":"xpath","value":"//*[@id=\"application-manageresources-display-component---newResourceUnit--WEIGHT_UNIT-arrow\"]"}
RESULT: {}
RESULT: {"using":"xpath","value":"//*[@id=\"application-manageresources-display-component---newResourceUnit--WEIGHT_UNIT-arrow\"]"}
COMMAND: POST /session/25dcfb25871b33b6fbae40ebb9612352/element/f.2438752634DB01E0CA013ABFBE801384.d.FF458E1398CD8CFEF4119275EDFF7587.e.4687/click - {}
RESULT: {}
COMMAND: POST /session/25dcfb25871b33b6fbae40ebb9612352/execute/async - {"script":"<script> [1562 bytes]","args":[{"selector":{"controlType":"sap.m.StandardListItem","viewName":"reusables.view.manageresources.NewResourceUnit","viewId":"application-manageresources-display-component---newResourceUnit","properties":{"title":"Gram"},"searchOpenDialogs":true,"interaction":{"idSuffix":"content"}},"wdio_ui5_key":"reusablesview.manageresources.NewResourceUnitsap.m.StandardListItem{\"title\":\"Gram\"}"}]}
COMMAND: GET /session/25dcfb25871b33b6fbae40ebb9612352/screenshot - {}
RESULT: {"script":"<script> [1562 bytes]","args":[{"selector":{"controlType":"sap.m.StandardListItem","viewName":"reusables.view.manageresources.NewResourceUnit","viewId":"application-manageresources-display-component---newResourceUnit","properties":{"title":"Gram"},"searchOpenDialogs":true,"interaction":{"idSuffix":"content"}},"wdio_ui5_key":"reusablesview.manageresources.NewResourceUnitsap.m.StandardListItem{\"title\":\"Gram\"}"}]}
RESULT: undefined
COMMAND: POST /session/25dcfb25871b33b6fbae40ebb9612352/element - {"using":"xpath","value":"//*[@id=\"__item5076\"]"}
RESULT: {}
RESULT: {"using":"xpath","value":"//*[@id=\"__item5076\"]"}
COMMAND: POST /session/25dcfb25871b33b6fbae40ebb9612352/element/f.2438752634DB01E0CA013ABFBE801384.d.FF458E1398CD8CFEF4119275EDFF7587.e.4689/click - {}
RESULT: {}
COMMAND: POST /session/25dcfb25871b33b6fbae40ebb9612352/execute/async - {"script":"<script> [1562 bytes]","args":[{"selector":{"id":"application-manageresources-display-component---newResourceUnit--newRRUPage-OPHeaderContent-collapseBtn-img"},"wdio_ui5_key":"applicationmanageresources-display-component---newResourceUnit--newRRUPage-OPHeaderContent-collapseBtn-img"}]}
COMMAND: GET /session/25dcfb25871b33b6fbae40ebb9612352/screenshot - {}
RESULT: {"script":"<script> [1562 bytes]","args":[{"selector":{"id":"application-manageresources-display-component---newResourceUnit--newRRUPage-OPHeaderContent-collapseBtn-img"},"wdio_ui5_key":"applicationmanageresources-display-component---newResourceUnit--newRRUPage-OPHeaderContent-collapseBtn-img"}]}
RESULT: undefined
COMMAND: POST /session/25dcfb25871b33b6fbae40ebb9612352/element - {"using":"xpath","value":"//*[@id=\"application-manageresources-display-component---newResourceUnit--newRRUPage-OPHeaderContent-collapseBtn-img\"]"}
RESULT: {}
RESULT: {"using":"xpath","value":"//*[@id=\"application-manageresources-display-component---newResourceUnit--newRRUPage-OPHeaderContent-collapseBtn-img\"]"}
COMMAND: POST /session/25dcfb25871b33b6fbae40ebb9612352/element/f.2438752634DB01E0CA013ABFBE801384.d.FF458E1398CD8CFEF4119275EDFF7587.e.4571/click - {}
RESULT: {}
COMMAND: GET /session/25dcfb25871b33b6fbae40ebb9612352/screenshot - {}
RESULT: {}
COMMAND: POST /session/25dcfb25871b33b6fbae40ebb9612352/element - {"using":"xpath","value":"(//span[contains(@id ,\"application-manageresources-display-component---newResourceUnit--DIMENSION_UNIT-arrow\")])[1]"}
RESULT: {"using":"xpath","value":"(//span[contains(@id ,\"application-manageresources-display-component---newResourceUnit--DIMENSION_UNIT-arrow\")])[1]"}
COMMAND: POST /session/25dcfb25871b33b6fbae40ebb9612352/element/f.2438752634DB01E0CA013ABFBE801384.d.FF458E1398CD8CFEF4119275EDFF7587.e.4693/click - {}
RESULT: {}
COMMAND: GET /session/25dcfb25871b33b6fbae40ebb9612352/screenshot - {}
RESULT: {}
COMMAND: POST /session/25dcfb25871b33b6fbae40ebb9612352/execute/async - {"script":"<script> [1562 bytes]","args":[{"selector":{"controlType":"sap.m.StandardListItem","viewName":"reusables.view.manageresources.NewResourceUnit","viewId":"application-manageresources-display-component---newResourceUnit","properties":{"title":"Centimeter"},"searchOpenDialogs":true,"interaction":{"idSuffix":"titleText"}},"wdio_ui5_key":"reusablesview.manageresources.NewResourceUnitsap.m.StandardListItem{\"title\":\"Centimeter\"}"}]}
RESULT: {"script":"<script> [1562 bytes]","args":[{"selector":{"controlType":"sap.m.StandardListItem","viewName":"reusables.view.manageresources.NewResourceUnit","viewId":"application-manageresources-display-component---newResourceUnit","properties":{"title":"Centimeter"},"searchOpenDialogs":true,"interaction":{"idSuffix":"titleText"}},"wdio_ui5_key":"reusablesview.manageresources.NewResourceUnitsap.m.StandardListItem{\"title\":\"Centimeter\"}"}]}
RESULT: undefined
COMMAND: POST /session/25dcfb25871b33b6fbae40ebb9612352/element - {"using":"xpath","value":"//*[@id=\"__item5079\"]"}
RESULT: {"using":"xpath","value":"//*[@id=\"__item5079\"]"}
COMMAND: POST /session/25dcfb25871b33b6fbae40ebb9612352/element/f.2438752634DB01E0CA013ABFBE801384.d.FF458E1398CD8CFEF4119275EDFF7587.e.4697/click - {}
RESULT: {}
COMMAND: POST /session/25dcfb25871b33b6fbae40ebb9612352/execute/async - {"script":"<script> [1562 bytes]","args":[{"selector":{"id":"application-manageresources-display-component---newResourceUnit--newRRUPage-anchBar-application-manageresources-display-component---newResourceUnit--reference-anchor","interaction":{"idSuffix":"BDI-content"}},"wdio_ui5_key":"applicationmanageresources-display-component---newResourceUnit--newRRUPage-anchBar-application-manageresources-display-component---newResourceUnit--reference-anchor"}]}
COMMAND: GET /session/25dcfb25871b33b6fbae40ebb9612352/screenshot - {}
RESULT: {"script":"<script> [1562 bytes]","args":[{"selector":{"id":"application-manageresources-display-component---newResourceUnit--newRRUPage-anchBar-application-manageresources-display-component---newResourceUnit--reference-anchor","interaction":{"idSuffix":"BDI-content"}},"wdio_ui5_key":"applicationmanageresources-display-component---newResourceUnit--newRRUPage-anchBar-application-manageresources-display-component---newResourceUnit--reference-anchor"}]}
RESULT: undefined
COMMAND: POST /session/25dcfb25871b33b6fbae40ebb9612352/element - {"using":"xpath","value":"//*[@id=\"application-manageresources-display-component---newResourceUnit--newRRUPage-anchBar-application-manageresources-display-component---newResourceUnit--reference-anchor\"]"}
RESULT: {}
RESULT: {"using":"xpath","value":"//*[@id=\"application-manageresources-display-component---newResourceUnit--newRRUPage-anchBar-application-manageresources-display-component---newResourceUnit--reference-anchor\"]"}
COMMAND: POST /session/25dcfb25871b33b6fbae40ebb9612352/element/f.2438752634DB01E0CA013ABFBE801384.d.FF458E1398CD8CFEF4119275EDFF7587.e.4699/click - {}
RESULT: {}
COMMAND: POST /session/25dcfb25871b33b6fbae40ebb9612352/execute/async - {"script":"<script> [1562 bytes]","args":[{"selector":{"id":"application-manageresources-display-component---newResourceUnit--PLANNING_GROUP-arrow"},"wdio_ui5_key":"applicationmanageresources-display-component---newResourceUnit--PLANNING_GROUP-arrow"}]}
COMMAND: GET /session/25dcfb25871b33b6fbae40ebb9612352/screenshot - {}
RESULT: {"script":"<script> [1562 bytes]","args":[{"selector":{"id":"application-manageresources-display-component---newResourceUnit--PLANNING_GROUP-arrow"},"wdio_ui5_key":"applicationmanageresources-display-component---newResourceUnit--PLANNING_GROUP-arrow"}]}
RESULT: undefined
COMMAND: POST /session/25dcfb25871b33b6fbae40ebb9612352/element - {"using":"xpath","value":"//*[@id=\"application-manageresources-display-component---newResourceUnit--PLANNING_GROUP-arrow\"]"}
RESULT: {}
RESULT: {"using":"xpath","value":"//*[@id=\"application-manageresources-display-component---newResourceUnit--PLANNING_GROUP-arrow\"]"}
COMMAND: POST /session/25dcfb25871b33b6fbae40ebb9612352/element/f.2438752634DB01E0CA013ABFBE801384.d.FF458E1398CD8CFEF4119275EDFF7587.e.4703/click - {}
RESULT: {}
COMMAND: POST /session/25dcfb25871b33b6fbae40ebb9612352/execute/async - {"script":"<script> [1562 bytes]","args":[{"selector":{"controlType":"sap.m.StandardListItem","viewName":"reusables.view.manageresources.NewResourceUnit","viewId":"application-manageresources-display-component---newResourceUnit","properties":{"title":"Heavy Equi"},"searchOpenDialogs":true,"interaction":{"idSuffix":"content"}},"wdio_ui5_key":"reusablesview.manageresources.NewResourceUnitsap.m.StandardListItem{\"title\":\"Heavy Equi\"}"}]}
COMMAND: GET /session/25dcfb25871b33b6fbae40ebb9612352/screenshot - {}
RESULT: {"script":"<script> [1562 bytes]","args":[{"selector":{"controlType":"sap.m.StandardListItem","viewName":"reusables.view.manageresources.NewResourceUnit","viewId":"application-manageresources-display-component---newResourceUnit","properties":{"title":"Heavy Equi"},"searchOpenDialogs":true,"interaction":{"idSuffix":"content"}},"wdio_ui5_key":"reusablesview.manageresources.NewResourceUnitsap.m.StandardListItem{\"title\":\"Heavy Equi\"}"}]}
RESULT: undefined
COMMAND: POST /session/25dcfb25871b33b6fbae40ebb9612352/element - {"using":"xpath","value":"//*[@id=\"__item5087\"]"}
RESULT: {}
RESULT: {"using":"xpath","value":"//*[@id=\"__item5087\"]"}
COMMAND: POST /session/25dcfb25871b33b6fbae40ebb9612352/element/f.2438752634DB01E0CA013ABFBE801384.d.FF458E1398CD8CFEF4119275EDFF7587.e.4705/click - {}
RESULT: {}
COMMAND: GET /session/25dcfb25871b33b6fbae40ebb9612352/screenshot - {}
RESULT: {}
COMMAND: POST /session/25dcfb25871b33b6fbae40ebb9612352/execute/async - {"script":"<script> [1562 bytes]","args":[{"selector":{"id":"application-manageresources-display-component---newResourceUnit--PLANNING_INDICATOR-arrow"},"wdio_ui5_key":"applicationmanageresources-display-component---newResourceUnit--PLANNING_INDICATOR-arrow"}]}
RESULT: {"script":"<script> [1562 bytes]","args":[{"selector":{"id":"application-manageresources-display-component---newResourceUnit--PLANNING_INDICATOR-arrow"},"wdio_ui5_key":"applicationmanageresources-display-component---newResourceUnit--PLANNING_INDICATOR-arrow"}]}
RESULT: undefined
COMMAND: POST /session/25dcfb25871b33b6fbae40ebb9612352/element - {"using":"xpath","value":"//*[@id=\"application-manageresources-display-component---newResourceUnit--PLANNING_INDICATOR-arrow\"]"}
RESULT: {"using":"xpath","value":"//*[@id=\"application-manageresources-display-component---newResourceUnit--PLANNING_INDICATOR-arrow\"]"}
COMMAND: POST /session/25dcfb25871b33b6fbae40ebb9612352/element/f.2438752634DB01E0CA013ABFBE801384.d.FF458E1398CD8CFEF4119275EDFF7587.e.4706/click - {}
RESULT: {}
COMMAND: POST /session/25dcfb25871b33b6fbae40ebb9612352/execute/async - {"script":"<script> [1562 bytes]","args":[{"selector":{"controlType":"sap.m.StandardListItem","viewName":"reusables.view.manageresources.NewResourceUnit","viewId":"application-manageresources-display-component---newResourceUnit","properties":{"title":"10 - infinite"},"searchOpenDialogs":true,"interaction":{"idSuffix":"content"}},"wdio_ui5_key":"reusablesview.manageresources.NewResourceUnitsap.m.StandardListItem{\"title\":\"10 - infinite\"}"}]}
COMMAND: GET /session/25dcfb25871b33b6fbae40ebb9612352/screenshot - {}
RESULT: {"script":"<script> [1562 bytes]","args":[{"selector":{"controlType":"sap.m.StandardListItem","viewName":"reusables.view.manageresources.NewResourceUnit","viewId":"application-manageresources-display-component---newResourceUnit","properties":{"title":"10 - infinite"},"searchOpenDialogs":true,"interaction":{"idSuffix":"content"}},"wdio_ui5_key":"reusablesview.manageresources.NewResourceUnitsap.m.StandardListItem{\"title\":\"10 - infinite\"}"}]}
RESULT: undefined
COMMAND: POST /session/25dcfb25871b33b6fbae40ebb9612352/element - {"using":"xpath","value":"//*[@id=\"__item5097\"]"}
RESULT: {}
RESULT: {"using":"xpath","value":"//*[@id=\"__item5097\"]"}
COMMAND: POST /session/25dcfb25871b33b6fbae40ebb9612352/element/f.2438752634DB01E0CA013ABFBE801384.d.FF458E1398CD8CFEF4119275EDFF7587.e.4708/click - {}
RESULT: {}
COMMAND: GET /session/25dcfb25871b33b6fbae40ebb9612352/screenshot - {}
RESULT: {}
COMMAND: POST /session/25dcfb25871b33b6fbae40ebb9612352/element - {"using":"xpath","value":"//bdi[contains(text(), \"Time Segment\")]"}
RESULT: {"using":"xpath","value":"//bdi[contains(text(), \"Time Segment\")]"}
COMMAND: GET /session/25dcfb25871b33b6fbae40ebb9612352/element/f.2438752634DB01E0CA013ABFBE801384.d.FF458E1398CD8CFEF4119275EDFF7587.e.4709/rect - {}
RESULT: {}
COMMAND: GET /session/25dcfb25871b33b6fbae40ebb9612352/window/rect - {}
RESULT: {}
COMMAND: POST /session/25dcfb25871b33b6fbae40ebb9612352/execute/sync - {"script":"<script> [92 bytes]","args":[]}
RESULT: {"script":"<script> [92 bytes]","args":[]}
COMMAND: POST /session/25dcfb25871b33b6fbae40ebb9612352/actions - {"actions":[{"id":"action35","type":"wheel","parameters":{},"actions":[{"type":"scroll","x":-1820,"y":-21,"deltaX":0,"deltaY":0,"duration":0,"origin":{"element-6066-11e4-a52e-4f735466cecf":"f.2438752634DB01E0CA013ABFBE801384.d.FF458E1398CD8CFEF4119275EDFF7587.e.4709"}}]}]}
COMMAND: GET /session/25dcfb25871b33b6fbae40ebb9612352/screenshot - {}
RESULT: {}
COMMAND: POST /session/25dcfb25871b33b6fbae40ebb9612352/execute/sync - {"script":"<script> [79 bytes]","args":[{"element-6066-11e4-a52e-4f735466cecf":"f.2438752634DB01E0CA013ABFBE801384.d.FF458E1398CD8CFEF4119275EDFF7587.e.4709","ELEMENT":"f.2438752634DB01E0CA013ABFBE801384.d.FF458E1398CD8CFEF4119275EDFF7587.e.4709"},{"block":"start","inline":"nearest"}]}
RESULT: {"script":"<script> [79 bytes]","args":[{"element-6066-11e4-a52e-4f735466cecf":"f.2438752634DB01E0CA013ABFBE801384.d.FF458E1398CD8CFEF4119275EDFF7587.e.4709","ELEMENT":"f.2438752634DB01E0CA013ABFBE801384.d.FF458E1398CD8CFEF4119275EDFF7587.e.4709"},{"block":"start","inline":"nearest"}]}
COMMAND: GET /session/25dcfb25871b33b6fbae40ebb9612352/screenshot - {}
RESULT: {}
COMMAND: POST /session/25dcfb25871b33b6fbae40ebb9612352/element - {"using":"xpath","value":"//span[@id=\"application-manageresources-display-component---newResourceUnit--btnAddTimeSegment-img\"]"}
RESULT: {"using":"xpath","value":"//span[@id=\"application-manageresources-display-component---newResourceUnit--btnAddTimeSegment-img\"]"}
COMMAND: POST /session/25dcfb25871b33b6fbae40ebb9612352/execute/sync - {"script":"<script> [8489 bytes]","args":[{"element-6066-11e4-a52e-4f735466cecf":"f.2438752634DB01E0CA013ABFBE801384.d.FF458E1398CD8CFEF4119275EDFF7587.e.4712","ELEMENT":"f.2438752634DB01E0CA013ABFBE801384.d.FF458E1398CD8CFEF4119275EDFF7587.e.4712"}]}
RESULT: {"script":"<script> [8489 bytes]","args":[{"element-6066-11e4-a52e-4f735466cecf":"f.2438752634DB01E0CA013ABFBE801384.d.FF458E1398CD8CFEF4119275EDFF7587.e.4712","ELEMENT":"f.2438752634DB01E0CA013ABFBE801384.d.FF458E1398CD8CFEF4119275EDFF7587.e.4712"}]}
COMMAND: POST /session/25dcfb25871b33b6fbae40ebb9612352/element/f.2438752634DB01E0CA013ABFBE801384.d.FF458E1398CD8CFEF4119275EDFF7587.e.4712/click - {}
COMMAND: GET /session/25dcfb25871b33b6fbae40ebb9612352/screenshot - {}
RESULT: {}
COMMAND: GET /session/25dcfb25871b33b6fbae40ebb9612352/screenshot - {}
COMMAND: POST /session/25dcfb25871b33b6fbae40ebb9612352/element - {"using":"xpath","value":"//input[@id=\"application-manageresources-display-component---newResourceUnit--idRuTSAdmin-application-manageresources-display-component---newResourceUnit--RUTimeSegment-0-inner\"]"}
RESULT: {}
RESULT: {}
RESULT: {"using":"xpath","value":"//input[@id=\"application-manageresources-display-component---newResourceUnit--idRuTSAdmin-application-manageresources-display-component---newResourceUnit--RUTimeSegment-0-inner\"]"}
COMMAND: POST /session/25dcfb25871b33b6fbae40ebb9612352/element/f.2438752634DB01E0CA013ABFBE801384.d.FF458E1398CD8CFEF4119275EDFF7587.e.4715/clear - {}
RESULT: {}
COMMAND: POST /session/25dcfb25871b33b6fbae40ebb9612352/element/f.2438752634DB01E0CA013ABFBE801384.d.FF458E1398CD8CFEF4119275EDFF7587.e.4715/value - {"text":"WebdriverYardg92yd"}
COMMAND: GET /session/25dcfb25871b33b6fbae40ebb9612352/screenshot - {}
RESULT: {"text":"WebdriverYardg92yd"}
COMMAND: GET /session/25dcfb25871b33b6fbae40ebb9612352/screenshot - {}
RESULT: {}
RESULT: {}
COMMAND: POST /session/25dcfb25871b33b6fbae40ebb9612352/actions - {"actions":[{"id":"action36","type":"key","parameters":{},"actions":[{"type":"keyDown","value":"î€‡"},{"type":"pause","duration":10},{"type":"keyUp","value":"î€‡"}]}]}
RESULT: {"actions":[{"id":"action36","type":"key","parameters":{},"actions":[{"type":"keyDown","value":"î€‡"},{"type":"pause","duration":10},{"type":"keyUp","value":"î€‡"}]}]}
COMMAND: GET /session/25dcfb25871b33b6fbae40ebb9612352/screenshot - {}
RESULT: {}
COMMAND: POST /session/25dcfb25871b33b6fbae40ebb9612352/execute/async - {"script":"<script> [1562 bytes]","args":[{"selector":{"controlType":"sap.m.Button","viewName":"reusables.view.manageresources.NewResourceUnit","viewId":"application-manageresources-display-component---newResourceUnit","i18NText":{"propertyName":"tooltip","key":"save"},"interaction":{"idSuffix":"BDI-content"}},"wdio_ui5_key":"reusablesview.manageresources.NewResourceUnitsap.m.Button{\"propertyName\":\"tooltip\",\"key\":\"save\"}"}]}
RESULT: {"script":"<script> [1562 bytes]","args":[{"selector":{"controlType":"sap.m.Button","viewName":"reusables.view.manageresources.NewResourceUnit","viewId":"application-manageresources-display-component---newResourceUnit","i18NText":{"propertyName":"tooltip","key":"save"},"interaction":{"idSuffix":"BDI-content"}},"wdio_ui5_key":"reusablesview.manageresources.NewResourceUnitsap.m.Button{\"propertyName\":\"tooltip\",\"key\":\"save\"}"}]}
RESULT: undefined
COMMAND: POST /session/25dcfb25871b33b6fbae40ebb9612352/element - {"using":"xpath","value":"//*[@id=\"application-manageresources-display-component---newResourceUnit--createRuButton\"]"}
RESULT: {"using":"xpath","value":"//*[@id=\"application-manageresources-display-component---newResourceUnit--createRuButton\"]"}
COMMAND: POST /session/25dcfb25871b33b6fbae40ebb9612352/element/f.2438752634DB01E0CA013ABFBE801384.d.FF458E1398CD8CFEF4119275EDFF7587.e.4577/click - {}
RESULT: {}
COMMAND: GET /session/25dcfb25871b33b6fbae40ebb9612352/screenshot - {}
RESULT: {}
COMMAND: POST /session/25dcfb25871b33b6fbae40ebb9612352/execute/async - {"script":"<script> [1562 bytes]","args":[{"selector":{"controlType":"sap.m.Title","properties":{"text":"Success"},"searchOpenDialogs":true},"wdio_ui5_key":"sapm.Title{\"text\":\"Success\"}"}]}
RESULT: {"script":"<script> [1562 bytes]","args":[{"selector":{"controlType":"sap.m.Title","properties":{"text":"Success"},"searchOpenDialogs":true},"wdio_ui5_key":"sapm.Title{\"text\":\"Success\"}"}]}
RESULT: undefined
COMMAND: POST /session/25dcfb25871b33b6fbae40ebb9612352/execute/async - {"script":"<script> [6424 bytes]","args":[{"element-6066-11e4-a52e-4f735466cecf":"f.2438752634DB01E0CA013ABFBE801384.d.FF458E1398CD8CFEF4119275EDFF7587.e.4730"},"getText",[]]}
RESULT: {"script":"<script> [6424 bytes]","args":[{"element-6066-11e4-a52e-4f735466cecf":"f.2438752634DB01E0CA013ABFBE801384.d.FF458E1398CD8CFEF4119275EDFF7587.e.4730"},"getText",[]]}
COMMAND: POST /session/25dcfb25871b33b6fbae40ebb9612352/element - {"using":"xpath","value":"//*[contains(@id, '__text') and (contains(text(), 'successfully created') or contains(., 'successfully created'))]"}
RESULT: {"using":"xpath","value":"//*[contains(@id, '__text') and (contains(text(), 'successfully created') or contains(., 'successfully created'))]"}
COMMAND: GET /session/25dcfb25871b33b6fbae40ebb9612352/element/f.2438752634DB01E0CA013ABFBE801384.d.FF458E1398CD8CFEF4119275EDFF7587.e.4728/text - {}
RESULT: {}
COMMAND: POST /session/25dcfb25871b33b6fbae40ebb9612352/execute/async - {"script":"<script> [1562 bytes]","args":[{"selector":{"controlType":"sap.m.Button","properties":{"text":"Close"},"searchOpenDialogs":true,"interaction":{"idSuffix":"BDI-content"}},"wdio_ui5_key":"sapm.Button{\"text\":\"Close\"}"}]}
RESULT: {"script":"<script> [1562 bytes]","args":[{"selector":{"controlType":"sap.m.Button","properties":{"text":"Close"},"searchOpenDialogs":true,"interaction":{"idSuffix":"BDI-content"}},"wdio_ui5_key":"sapm.Button{\"text\":\"Close\"}"}]}
RESULT: undefined
COMMAND: POST /session/25dcfb25871b33b6fbae40ebb9612352/element - {"using":"xpath","value":"//*[@id=\"__mbox-btn-1\"]"}
RESULT: {"using":"xpath","value":"//*[@id=\"__mbox-btn-1\"]"}
COMMAND: POST /session/25dcfb25871b33b6fbae40ebb9612352/element/f.2438752634DB01E0CA013ABFBE801384.d.FF458E1398CD8CFEF4119275EDFF7587.e.4727/click - {}
RESULT: {}
COMMAND: GET /session/25dcfb25871b33b6fbae40ebb9612352/screenshot - {}
RESULT: {}
COMMAND: POST /session/25dcfb25871b33b6fbae40ebb9612352/execute/async - {"script":"<script> [1562 bytes]","args":[{"selector":{"controlType":"sap.ui.core.Icon","viewName":"etm.portal.ui.manageresources.view.Detail","viewId":"application-manageresources-display-component---detailRU","properties":{"src":{"regex":{"source":"overflow"}}}},"wdio_ui5_key":"etmportal.ui.manageresources.view.Detailsap.ui.core.Icon{\"src\":{\"regex\":{\"source\":\"overflow\"}}}"}]}
RESULT: {"script":"<script> [1562 bytes]","args":[{"selector":{"controlType":"sap.ui.core.Icon","viewName":"etm.portal.ui.manageresources.view.Detail","viewId":"application-manageresources-display-component---detailRU","properties":{"src":{"regex":{"source":"overflow"}}}},"wdio_ui5_key":"etmportal.ui.manageresources.view.Detailsap.ui.core.Icon{\"src\":{\"regex\":{\"source\":\"overflow\"}}}"}]}
RESULT: undefined
COMMAND: POST /session/25dcfb25871b33b6fbae40ebb9612352/element - {"using":"xpath","value":"//*[@id=\"__title81-_actionsToolbar-overflowButton-img\"]"}
RESULT: {"using":"xpath","value":"//*[@id=\"__title81-_actionsToolbar-overflowButton-img\"]"}
COMMAND: POST /session/25dcfb25871b33b6fbae40ebb9612352/element/f.2438752634DB01E0CA013ABFBE801384.d.FF458E1398CD8CFEF4119275EDFF7587.e.4759/click - {}
RESULT: {}
COMMAND: POST /session/25dcfb25871b33b6fbae40ebb9612352/execute/async - {"script":"<script> [1562 bytes]","args":[{"selector":{"controlType":"sap.m.Button","viewName":"etm.portal.ui.manageresources.view.Detail","viewId":"application-manageresources-display-component---detailRU","i18NText":{"propertyName":"tooltip","key":"closeColumn"},"searchOpenDialogs":true,"interaction":{"idSuffix":"inner"}},"wdio_ui5_key":"etmportal.ui.manageresources.view.Detailsap.m.Button{\"propertyName\":\"tooltip\",\"key\":\"closeColumn\"}"}]}
COMMAND: GET /session/25dcfb25871b33b6fbae40ebb9612352/screenshot - {}
RESULT: {"script":"<script> [1562 bytes]","args":[{"selector":{"controlType":"sap.m.Button","viewName":"etm.portal.ui.manageresources.view.Detail","viewId":"application-manageresources-display-component---detailRU","i18NText":{"propertyName":"tooltip","key":"closeColumn"},"searchOpenDialogs":true,"interaction":{"idSuffix":"inner"}},"wdio_ui5_key":"etmportal.ui.manageresources.view.Detailsap.m.Button{\"propertyName\":\"tooltip\",\"key\":\"closeColumn\"}"}]}
RESULT: undefined
COMMAND: POST /session/25dcfb25871b33b6fbae40ebb9612352/element - {"using":"xpath","value":"//*[@id=\"__button257\"]"}
RESULT: {}
RESULT: {"using":"xpath","value":"//*[@id=\"__button257\"]"}
COMMAND: POST /session/25dcfb25871b33b6fbae40ebb9612352/element/f.2438752634DB01E0CA013ABFBE801384.d.FF458E1398CD8CFEF4119275EDFF7587.e.4761/click - {}
RESULT: {}
COMMAND: GET /session/25dcfb25871b33b6fbae40ebb9612352/screenshot - {}
RESULT: {}
COMMAND: POST /session/25dcfb25871b33b6fbae40ebb9612352/refresh - {}
RESULT: {}
COMMAND: GET /session/25dcfb25871b33b6fbae40ebb9612352/screenshot - {}
RESULT: {}
COMMAND: POST /session/25dcfb25871b33b6fbae40ebb9612352/execute/async - {"script":"<script> [189 bytes]","args":[]}
RESULT: {"script":"<script> [189 bytes]","args":[]}
COMMAND: POST /session/25dcfb25871b33b6fbae40ebb9612352/execute/async - {"script":"<script> [123 bytes]","args":[]}
RESULT: {"script":"<script> [123 bytes]","args":[]}
COMMAND: POST /session/25dcfb25871b33b6fbae40ebb9612352/timeouts - {"script":"<number>"}
RESULT: {"script":"<number>"}
COMMAND: GET /session/25dcfb25871b33b6fbae40ebb9612352/timeouts - {}
RESULT: {}
RESULT: undefined
COMMAND: POST /session/25dcfb25871b33b6fbae40ebb9612352/execute/async - {"script":"<script> [2676 bytes]","args":[]}
RESULT: {"script":"<script> [2676 bytes]","args":[]}
COMMAND: POST /session/25dcfb25871b33b6fbae40ebb9612352/execute/async - {"script":"<script> [2342 bytes]","args":[{"protocol":"http","hostname":"0.0.0.0","path":"/","capabilities":{"browserName":"chrome","goog:chromeOptions":{"binary":"C:\\Program Files\\Google\\Chrome\\Application\\chrome.exe","args":["--start-maximized"]}},"logLevel":"warn","connectionRetryTimeout":120000,"connectionRetryCount":3,"logLevels":{},"enableDirectConnect":true,"strictSSL":true,"_":"65 more keys: [\"cacheDir\",\"port\",\"requestedCapabilities\",\"automationProtocol\",\"baseUrl\",\"waitforInterval\",\"waitforTimeout\",\"onReload\",\"beforeCommand\",\"afterCommand\",\"rootDir\",\"specs\",\"suites\",\"exclude\",\"groupLogsByTestSpec\",\"excludeDriverLogs\",\"bail\",\"framework\",\"reporters\",\"services\",\"maxInstances\",\"maxInstancesPerCapability\",\"injectGlobals\",\"filesToWatch\",\"execArgv\",\"runnerEnv\",\"runner\",\"shard\",\"specFileRetries\",\"specFileRetriesDelay\",\"specFileRetriesDeferred\",\"reporterSyncInterval\",\"reporterSyncTimeout\",\"cucumberFeaturesWithLineNumbers\",\"autoCompileOpts\",\"mochaOpts\",\"jasmineOpts\",\"cucumberOpts\",\"onPrepare\",\"onWorkerStart\",\"onWorkerEnd\",\"before\",\"beforeSession\",\"beforeSuite\",\"beforeHook\",\"beforeTest\",\"afterTest\",\"afterHook\",\"afterSuite\",\"afterSession\",\"after\",\"onComplete\",\"beforeAssertion\",\"afterAssertion\",\"beforeFeature\",\"beforeScenario\",\"beforeStep\",\"afterStep\",\"afterScenario\",\"afterFeature\",\"_\",\"suite\",\"$0\",\"ignoredWorkerServices\",\"wdi5\"]"}]}
RESULT: {"script":"<script> [2342 bytes]","args":[{"protocol":"http","hostname":"0.0.0.0","path":"/","capabilities":{"browserName":"chrome","goog:chromeOptions":{"binary":"C:\\Program Files\\Google\\Chrome\\Application\\chrome.exe","args":["--start-maximized"]}},"logLevel":"warn","connectionRetryTimeout":120000,"connectionRetryCount":3,"logLevels":{},"enableDirectConnect":true,"strictSSL":true,"_":"65 more keys: [\"cacheDir\",\"port\",\"requestedCapabilities\",\"automationProtocol\",\"baseUrl\",\"waitforInterval\",\"waitforTimeout\",\"onReload\",\"beforeCommand\",\"afterCommand\",\"rootDir\",\"specs\",\"suites\",\"exclude\",\"groupLogsByTestSpec\",\"excludeDriverLogs\",\"bail\",\"framework\",\"reporters\",\"services\",\"maxInstances\",\"maxInstancesPerCapability\",\"injectGlobals\",\"filesToWatch\",\"execArgv\",\"runnerEnv\",\"runner\",\"shard\",\"specFileRetries\",\"specFileRetriesDelay\",\"specFileRetriesDeferred\",\"reporterSyncInterval\",\"reporterSyncTimeout\",\"cucumberFeaturesWithLineNumbers\",\"autoCompileOpts\",\"mochaOpts\",\"jasmineOpts\",\"cucumberOpts\",\"onPrepare\",\"onWorkerStart\",\"onWorkerEnd\",\"before\",\"beforeSession\",\"beforeSuite\",\"beforeHook\",\"beforeTest\",\"afterTest\",\"afterHook\",\"afterSuite\",\"afterSession\",\"after\",\"onComplete\",\"beforeAssertion\",\"afterAssertion\",\"beforeFeature\",\"beforeScenario\",\"beforeStep\",\"afterStep\",\"afterScenario\",\"afterFeature\",\"_\",\"suite\",\"$0\",\"ignoredWorkerServices\",\"wdi5\"]"}]}
COMMAND: POST /session/25dcfb25871b33b6fbae40ebb9612352/execute/async - {"script":"<script> [21126 bytes]","args":[35000]}
RESULT: {"script":"<script> [21126 bytes]","args":[35000]}
COMMAND: POST /session/25dcfb25871b33b6fbae40ebb9612352/element - {"using":"css selector","value":"#shell-header-logo"}
RESULT: {"using":"css selector","value":"#shell-header-logo"}
COMMAND: POST /session/25dcfb25871b33b6fbae40ebb9612352/element/f.2438752634DB01E0CA013ABFBE801384.d.C6B478A5979D18AFFB935890AF921609.e.4813/click - {}
RESULT: {}
COMMAND: GET /session/25dcfb25871b33b6fbae40ebb9612352/screenshot - {}
RESULT: {}
COMMAND: POST /session/25dcfb25871b33b6fbae40ebb9612352/element - {"using":"css selector","value":"#shell-header-logo"}
RESULT: {"using":"css selector","value":"#shell-header-logo"}
COMMAND: POST /session/25dcfb25871b33b6fbae40ebb9612352/element/f.2438752634DB01E0CA013ABFBE801384.d.C6B478A5979D18AFFB935890AF921609.e.4997/click - {}
RESULT: {}
COMMAND: GET /session/25dcfb25871b33b6fbae40ebb9612352/screenshot - {}
RESULT: {}
]]></system-out>
    </testcase>
    <testcase classname="chrome.137_0_7151_56.windows.Manage_request_+_Contract_processing_pick_up_option_US120163_" name="Should Create New Request pick up option" time="167.689">
      <system-out><![CDATA[
COMMAND: POST /session/25dcfb25871b33b6fbae40ebb9612352/element - {"using":"css selector","value":"#shell-header-logo"}
RESULT: {"using":"css selector","value":"#shell-header-logo"}
COMMAND: POST /session/25dcfb25871b33b6fbae40ebb9612352/element/f.2438752634DB01E0CA013ABFBE801384.d.C6B478A5979D18AFFB935890AF921609.e.4997/click - {}
RESULT: {}
COMMAND: GET /session/25dcfb25871b33b6fbae40ebb9612352/screenshot - {}
RESULT: {}
COMMAND: POST /session/25dcfb25871b33b6fbae40ebb9612352/execute/async - {"script":"<script> [1562 bytes]","args":[{"selector":{"controlType":"sap.m.GenericTile","properties":{"header":"Manage Requests"}},"wdio_ui5_key":"sapm.GenericTile{\"header\":\"Manage Requests\"}"}]}
RESULT: {"script":"<script> [1562 bytes]","args":[{"selector":{"controlType":"sap.m.GenericTile","properties":{"header":"Manage Requests"}},"wdio_ui5_key":"sapm.GenericTile{\"header\":\"Manage Requests\"}"}]}
RESULT: undefined
COMMAND: POST /session/25dcfb25871b33b6fbae40ebb9612352/element - {"using":"xpath","value":"//*[@id=\"__tile47\"]"}
RESULT: {"using":"xpath","value":"//*[@id=\"__tile47\"]"}
COMMAND: POST /session/25dcfb25871b33b6fbae40ebb9612352/element/f.2438752634DB01E0CA013ABFBE801384.d.C6B478A5979D18AFFB935890AF921609.e.5000/click - {}
RESULT: {}
COMMAND: GET /session/25dcfb25871b33b6fbae40ebb9612352/screenshot - {}
RESULT: {}
COMMAND: POST /session/25dcfb25871b33b6fbae40ebb9612352/elements - {"using":"xpath","value":"//span[text()='Error']"}
RESULT: {"using":"xpath","value":"//span[text()='Error']"}
COMMAND: POST /session/25dcfb25871b33b6fbae40ebb9612352/refresh - {}
RESULT: {}
COMMAND: GET /session/25dcfb25871b33b6fbae40ebb9612352/screenshot - {}
RESULT: {}
COMMAND: POST /session/25dcfb25871b33b6fbae40ebb9612352/execute/async - {"script":"<script> [189 bytes]","args":[]}
RESULT: {"script":"<script> [189 bytes]","args":[]}
COMMAND: POST /session/25dcfb25871b33b6fbae40ebb9612352/execute/async - {"script":"<script> [123 bytes]","args":[]}
RESULT: {"script":"<script> [123 bytes]","args":[]}
COMMAND: POST /session/25dcfb25871b33b6fbae40ebb9612352/timeouts - {"script":"<number>"}
RESULT: {"script":"<number>"}
COMMAND: GET /session/25dcfb25871b33b6fbae40ebb9612352/timeouts - {}
RESULT: {}
RESULT: undefined
COMMAND: POST /session/25dcfb25871b33b6fbae40ebb9612352/execute/async - {"script":"<script> [2676 bytes]","args":[]}
RESULT: {"script":"<script> [2676 bytes]","args":[]}
COMMAND: POST /session/25dcfb25871b33b6fbae40ebb9612352/execute/async - {"script":"<script> [2342 bytes]","args":[{"protocol":"http","hostname":"0.0.0.0","path":"/","capabilities":{"browserName":"chrome","goog:chromeOptions":{"binary":"C:\\Program Files\\Google\\Chrome\\Application\\chrome.exe","args":["--start-maximized"]}},"logLevel":"warn","connectionRetryTimeout":120000,"connectionRetryCount":3,"logLevels":{},"enableDirectConnect":true,"strictSSL":true,"_":"65 more keys: [\"cacheDir\",\"port\",\"requestedCapabilities\",\"automationProtocol\",\"baseUrl\",\"waitforInterval\",\"waitforTimeout\",\"onReload\",\"beforeCommand\",\"afterCommand\",\"rootDir\",\"specs\",\"suites\",\"exclude\",\"groupLogsByTestSpec\",\"excludeDriverLogs\",\"bail\",\"framework\",\"reporters\",\"services\",\"maxInstances\",\"maxInstancesPerCapability\",\"injectGlobals\",\"filesToWatch\",\"execArgv\",\"runnerEnv\",\"runner\",\"shard\",\"specFileRetries\",\"specFileRetriesDelay\",\"specFileRetriesDeferred\",\"reporterSyncInterval\",\"reporterSyncTimeout\",\"cucumberFeaturesWithLineNumbers\",\"autoCompileOpts\",\"mochaOpts\",\"jasmineOpts\",\"cucumberOpts\",\"onPrepare\",\"onWorkerStart\",\"onWorkerEnd\",\"before\",\"beforeSession\",\"beforeSuite\",\"beforeHook\",\"beforeTest\",\"afterTest\",\"afterHook\",\"afterSuite\",\"afterSession\",\"after\",\"onComplete\",\"beforeAssertion\",\"afterAssertion\",\"beforeFeature\",\"beforeScenario\",\"beforeStep\",\"afterStep\",\"afterScenario\",\"afterFeature\",\"_\",\"suite\",\"$0\",\"ignoredWorkerServices\",\"wdi5\"]"}]}
RESULT: {"script":"<script> [2342 bytes]","args":[{"protocol":"http","hostname":"0.0.0.0","path":"/","capabilities":{"browserName":"chrome","goog:chromeOptions":{"binary":"C:\\Program Files\\Google\\Chrome\\Application\\chrome.exe","args":["--start-maximized"]}},"logLevel":"warn","connectionRetryTimeout":120000,"connectionRetryCount":3,"logLevels":{},"enableDirectConnect":true,"strictSSL":true,"_":"65 more keys: [\"cacheDir\",\"port\",\"requestedCapabilities\",\"automationProtocol\",\"baseUrl\",\"waitforInterval\",\"waitforTimeout\",\"onReload\",\"beforeCommand\",\"afterCommand\",\"rootDir\",\"specs\",\"suites\",\"exclude\",\"groupLogsByTestSpec\",\"excludeDriverLogs\",\"bail\",\"framework\",\"reporters\",\"services\",\"maxInstances\",\"maxInstancesPerCapability\",\"injectGlobals\",\"filesToWatch\",\"execArgv\",\"runnerEnv\",\"runner\",\"shard\",\"specFileRetries\",\"specFileRetriesDelay\",\"specFileRetriesDeferred\",\"reporterSyncInterval\",\"reporterSyncTimeout\",\"cucumberFeaturesWithLineNumbers\",\"autoCompileOpts\",\"mochaOpts\",\"jasmineOpts\",\"cucumberOpts\",\"onPrepare\",\"onWorkerStart\",\"onWorkerEnd\",\"before\",\"beforeSession\",\"beforeSuite\",\"beforeHook\",\"beforeTest\",\"afterTest\",\"afterHook\",\"afterSuite\",\"afterSession\",\"after\",\"onComplete\",\"beforeAssertion\",\"afterAssertion\",\"beforeFeature\",\"beforeScenario\",\"beforeStep\",\"afterStep\",\"afterScenario\",\"afterFeature\",\"_\",\"suite\",\"$0\",\"ignoredWorkerServices\",\"wdi5\"]"}]}
COMMAND: POST /session/25dcfb25871b33b6fbae40ebb9612352/execute/async - {"script":"<script> [21126 bytes]","args":[35000]}
RESULT: {"script":"<script> [21126 bytes]","args":[35000]}
COMMAND: POST /session/25dcfb25871b33b6fbae40ebb9612352/element - {"using":"xpath","value":"//button[contains(@data-kt ,\"btnCreateNewOverflowToolbarButton\")]"}
COMMAND: POST /session/25dcfb25871b33b6fbae40ebb9612352/element - {"using":"xpath","value":"(//span[contains(@class ,\"sapMObjStatusText\")])[1]"}
RESULT: {"using":"xpath","value":"//button[contains(@data-kt ,\"btnCreateNewOverflowToolbarButton\")]"}
COMMAND: POST /session/25dcfb25871b33b6fbae40ebb9612352/element/f.2438752634DB01E0CA013ABFBE801384.d.088796359D29AC6CA5A1D42D5F654DCD.e.5157/click - {}
RESULT: {"using":"xpath","value":"(//span[contains(@class ,\"sapMObjStatusText\")])[1]"}
COMMAND: POST /session/25dcfb25871b33b6fbae40ebb9612352/execute/sync - {"script":"<script> [8489 bytes]","args":[{"element-6066-11e4-a52e-4f735466cecf":"f.2438752634DB01E0CA013ABFBE801384.d.088796359D29AC6CA5A1D42D5F654DCD.e.5198","ELEMENT":"f.2438752634DB01E0CA013ABFBE801384.d.088796359D29AC6CA5A1D42D5F654DCD.e.5198"}]}
RESULT: {}
RESULT: {"script":"<script> [8489 bytes]","args":[{"element-6066-11e4-a52e-4f735466cecf":"f.2438752634DB01E0CA013ABFBE801384.d.088796359D29AC6CA5A1D42D5F654DCD.e.5198","ELEMENT":"f.2438752634DB01E0CA013ABFBE801384.d.088796359D29AC6CA5A1D42D5F654DCD.e.5198"}]}
COMMAND: GET /session/25dcfb25871b33b6fbae40ebb9612352/screenshot - {}
COMMAND: GET /session/25dcfb25871b33b6fbae40ebb9612352/screenshot - {}
RESULT: {}
RESULT: {}
COMMAND: POST /session/25dcfb25871b33b6fbae40ebb9612352/element - {"using":"xpath","value":"//input[contains(@id ,\"yardId-inner\")]"}
RESULT: {"using":"xpath","value":"//input[contains(@id ,\"yardId-inner\")]"}
COMMAND: POST /session/25dcfb25871b33b6fbae40ebb9612352/execute/sync - {"script":"<script> [8489 bytes]","args":[{"element-6066-11e4-a52e-4f735466cecf":"f.2438752634DB01E0CA013ABFBE801384.d.088796359D29AC6CA5A1D42D5F654DCD.e.5279","ELEMENT":"f.2438752634DB01E0CA013ABFBE801384.d.088796359D29AC6CA5A1D42D5F654DCD.e.5279"}]}
RESULT: {"script":"<script> [8489 bytes]","args":[{"element-6066-11e4-a52e-4f735466cecf":"f.2438752634DB01E0CA013ABFBE801384.d.088796359D29AC6CA5A1D42D5F654DCD.e.5279","ELEMENT":"f.2438752634DB01E0CA013ABFBE801384.d.088796359D29AC6CA5A1D42D5F654DCD.e.5279"}]}
COMMAND: POST /session/25dcfb25871b33b6fbae40ebb9612352/element - {"using":"xpath","value":"//input[contains(@id ,\"requestContractNo-inner\")]"}
COMMAND: POST /session/25dcfb25871b33b6fbae40ebb9612352/element - {"using":"xpath","value":"//input[contains(@id ,\"yardId-inner\")]"}
COMMAND: GET /session/25dcfb25871b33b6fbae40ebb9612352/screenshot - {}
RESULT: {"using":"xpath","value":"//input[contains(@id ,\"requestContractNo-inner\")]"}
COMMAND: POST /session/25dcfb25871b33b6fbae40ebb9612352/element/f.2438752634DB01E0CA013ABFBE801384.d.088796359D29AC6CA5A1D42D5F654DCD.e.5274/value - {"text":"10463"}
RESULT: {"using":"xpath","value":"//input[contains(@id ,\"yardId-inner\")]"}
COMMAND: GET /session/25dcfb25871b33b6fbae40ebb9612352/element/f.2438752634DB01E0CA013ABFBE801384.d.088796359D29AC6CA5A1D42D5F654DCD.e.5279/enabled - {}
RESULT: {}
RESULT: {"text":"10463"}
COMMAND: GET /session/25dcfb25871b33b6fbae40ebb9612352/screenshot - {}
RESULT: {}
COMMAND: GET /session/25dcfb25871b33b6fbae40ebb9612352/screenshot - {}
COMMAND: POST /session/25dcfb25871b33b6fbae40ebb9612352/actions - {"actions":[{"id":"action37","type":"key","parameters":{},"actions":[{"type":"keyDown","value":"î€‡"},{"type":"pause","duration":10},{"type":"keyUp","value":"î€‡"}]}]}
RESULT: {}
RESULT: {}
RESULT: {"actions":[{"id":"action37","type":"key","parameters":{},"actions":[{"type":"keyDown","value":"î€‡"},{"type":"pause","duration":10},{"type":"keyUp","value":"î€‡"}]}]}
COMMAND: GET /session/25dcfb25871b33b6fbae40ebb9612352/screenshot - {}
RESULT: {}
COMMAND: POST /session/25dcfb25871b33b6fbae40ebb9612352/execute/async - {"script":"<script> [1562 bytes]","args":[{"selector":{"controlType":"sap.m.Button","viewName":"etm.portal.ui.managerequests.view.NewRequest","properties":{"text":"Items"},"interaction":{"idSuffix":"BDI-content"}},"wdio_ui5_key":"etmportal.ui.managerequests.view.NewRequestsap.m.Button{\"text\":\"Items\"}"}]}
RESULT: {"script":"<script> [1562 bytes]","args":[{"selector":{"controlType":"sap.m.Button","viewName":"etm.portal.ui.managerequests.view.NewRequest","properties":{"text":"Items"},"interaction":{"idSuffix":"BDI-content"}},"wdio_ui5_key":"etmportal.ui.managerequests.view.NewRequestsap.m.Button{\"text\":\"Items\"}"}]}
RESULT: undefined
COMMAND: POST /session/25dcfb25871b33b6fbae40ebb9612352/element - {"using":"xpath","value":"//*[@id=\"__xmlview1--newRequestPage-anchBar-__xmlview1--requestItemsSection-anchor\"]"}
RESULT: {"using":"xpath","value":"//*[@id=\"__xmlview1--newRequestPage-anchBar-__xmlview1--requestItemsSection-anchor\"]"}
COMMAND: POST /session/25dcfb25871b33b6fbae40ebb9612352/element/f.2438752634DB01E0CA013ABFBE801384.d.088796359D29AC6CA5A1D42D5F654DCD.e.5452/click - {}
RESULT: {}
COMMAND: GET /session/25dcfb25871b33b6fbae40ebb9612352/screenshot - {}
RESULT: {}
COMMAND: POST /session/25dcfb25871b33b6fbae40ebb9612352/execute/async - {"script":"<script> [1562 bytes]","args":[{"selector":{"controlType":"sap.ui.core.Icon","viewName":"etm.portal.ui.managerequests.view.NewRequest","properties":{"src":{"regex":{"source":"inspect"}}}},"wdio_ui5_key":"etmportal.ui.managerequests.view.NewRequestsap.ui.core.Icon{\"src\":{\"regex\":{\"source\":\"inspect\"}}}"}]}
RESULT: {"script":"<script> [1562 bytes]","args":[{"selector":{"controlType":"sap.ui.core.Icon","viewName":"etm.portal.ui.managerequests.view.NewRequest","properties":{"src":{"regex":{"source":"inspect"}}}},"wdio_ui5_key":"etmportal.ui.managerequests.view.NewRequestsap.ui.core.Icon{\"src\":{\"regex\":{\"source\":\"inspect\"}}}"}]}
RESULT: undefined
COMMAND: POST /session/25dcfb25871b33b6fbae40ebb9612352/element - {"using":"xpath","value":"//*[@id=\"__button8-img\"]"}
RESULT: {"using":"xpath","value":"//*[@id=\"__button8-img\"]"}
COMMAND: POST /session/25dcfb25871b33b6fbae40ebb9612352/element/f.2438752634DB01E0CA013ABFBE801384.d.088796359D29AC6CA5A1D42D5F654DCD.e.5457/click - {}
RESULT: {}
COMMAND: GET /session/25dcfb25871b33b6fbae40ebb9612352/screenshot - {}
RESULT: {}
COMMAND: POST /session/25dcfb25871b33b6fbae40ebb9612352/execute/async - {"script":"<script> [1562 bytes]","args":[{"selector":{"controlType":"sap.ui.core.Icon","viewName":"etm.portal.ui.managerequests.view.NewRequest","properties":{"src":{"regex":{"source":"add"}}}},"wdio_ui5_key":"etmportal.ui.managerequests.view.NewRequestsap.ui.core.Icon{\"src\":{\"regex\":{\"source\":\"add\"}}}"}]}
RESULT: {"script":"<script> [1562 bytes]","args":[{"selector":{"controlType":"sap.ui.core.Icon","viewName":"etm.portal.ui.managerequests.view.NewRequest","properties":{"src":{"regex":{"source":"add"}}}},"wdio_ui5_key":"etmportal.ui.managerequests.view.NewRequestsap.ui.core.Icon{\"src\":{\"regex\":{\"source\":\"add\"}}}"}]}
RESULT: undefined
COMMAND: POST /session/25dcfb25871b33b6fbae40ebb9612352/element - {"using":"xpath","value":"//*[@id=\"__xmlview1--btnAddTableRow-img\"]"}
RESULT: {"using":"xpath","value":"//*[@id=\"__xmlview1--btnAddTableRow-img\"]"}
COMMAND: POST /session/25dcfb25871b33b6fbae40ebb9612352/element/f.2438752634DB01E0CA013ABFBE801384.d.088796359D29AC6CA5A1D42D5F654DCD.e.5465/click - {}
RESULT: {}
COMMAND: GET /session/25dcfb25871b33b6fbae40ebb9612352/screenshot - {}
RESULT: {}
COMMAND: POST /session/25dcfb25871b33b6fbae40ebb9612352/execute/async - {"script":"<script> [1562 bytes]","args":[{"selector":{"controlType":"sap.ui.unified.MenuItem","viewName":"etm.portal.ui.managerequests.view.NewRequest","i18NText":{"propertyName":"text","key":"standardEntry"},"searchOpenDialogs":true,"interaction":{"idSuffix":"txt"}},"wdio_ui5_key":"etmportal.ui.managerequests.view.NewRequestsap.ui.unified.MenuItem{\"propertyName\":\"text\",\"key\":\"standardEntry\"}"}]}
RESULT: {"script":"<script> [1562 bytes]","args":[{"selector":{"controlType":"sap.ui.unified.MenuItem","viewName":"etm.portal.ui.managerequests.view.NewRequest","i18NText":{"propertyName":"text","key":"standardEntry"},"searchOpenDialogs":true,"interaction":{"idSuffix":"txt"}},"wdio_ui5_key":"etmportal.ui.managerequests.view.NewRequestsap.ui.unified.MenuItem{\"propertyName\":\"text\",\"key\":\"standardEntry\"}"}]}
RESULT: undefined
COMMAND: POST /session/25dcfb25871b33b6fbae40ebb9612352/element - {"using":"xpath","value":"//*[@id=\"__item178\"]"}
RESULT: {"using":"xpath","value":"//*[@id=\"__item178\"]"}
COMMAND: POST /session/25dcfb25871b33b6fbae40ebb9612352/element/f.2438752634DB01E0CA013ABFBE801384.d.088796359D29AC6CA5A1D42D5F654DCD.e.5469/click - {}
RESULT: {}
COMMAND: GET /session/25dcfb25871b33b6fbae40ebb9612352/screenshot - {}
RESULT: {}
RESULT: undefined
COMMAND: POST /session/25dcfb25871b33b6fbae40ebb9612352/element - {"using":"xpath","value":"//*[@id=\"__xmlview1--btnAddTableRow-img\"]"}
RESULT: {"using":"xpath","value":"//*[@id=\"__xmlview1--btnAddTableRow-img\"]"}
COMMAND: POST /session/25dcfb25871b33b6fbae40ebb9612352/element/f.2438752634DB01E0CA013ABFBE801384.d.088796359D29AC6CA5A1D42D5F654DCD.e.5465/click - {}
RESULT: {}
COMMAND: GET /session/25dcfb25871b33b6fbae40ebb9612352/screenshot - {}
RESULT: {}
RESULT: undefined
COMMAND: POST /session/25dcfb25871b33b6fbae40ebb9612352/element - {"using":"xpath","value":"//*[@id=\"__item178\"]"}
RESULT: {"using":"xpath","value":"//*[@id=\"__item178\"]"}
COMMAND: POST /session/25dcfb25871b33b6fbae40ebb9612352/element/f.2438752634DB01E0CA013ABFBE801384.d.088796359D29AC6CA5A1D42D5F654DCD.e.5490/click - {}
RESULT: {}
COMMAND: GET /session/25dcfb25871b33b6fbae40ebb9612352/screenshot - {}
RESULT: {}
COMMAND: POST /session/25dcfb25871b33b6fbae40ebb9612352/element - {"using":"xpath","value":"(//input[contains(@id ,\"requestItemsTable-0-inner\")])[5]"}
RESULT: {"using":"xpath","value":"(//input[contains(@id ,\"requestItemsTable-0-inner\")])[5]"}
COMMAND: POST /session/25dcfb25871b33b6fbae40ebb9612352/element/f.2438752634DB01E0CA013ABFBE801384.d.088796359D29AC6CA5A1D42D5F654DCD.e.5481/clear - {}
RESULT: {}
COMMAND: POST /session/25dcfb25871b33b6fbae40ebb9612352/element/f.2438752634DB01E0CA013ABFBE801384.d.088796359D29AC6CA5A1D42D5F654DCD.e.5481/value - {"text":"1000001"}
COMMAND: GET /session/25dcfb25871b33b6fbae40ebb9612352/screenshot - {}
RESULT: {"text":"1000001"}
COMMAND: GET /session/25dcfb25871b33b6fbae40ebb9612352/screenshot - {}
RESULT: {}
RESULT: {}
COMMAND: POST /session/25dcfb25871b33b6fbae40ebb9612352/actions - {"actions":[{"id":"action38","type":"key","parameters":{},"actions":[{"type":"keyDown","value":"î€‡"},{"type":"pause","duration":10},{"type":"keyUp","value":"î€‡"}]}]}
RESULT: {"actions":[{"id":"action38","type":"key","parameters":{},"actions":[{"type":"keyDown","value":"î€‡"},{"type":"pause","duration":10},{"type":"keyUp","value":"î€‡"}]}]}
COMMAND: POST /session/25dcfb25871b33b6fbae40ebb9612352/element - {"using":"xpath","value":"(//input[contains(@id ,\"requestItemsTable-1-inner\")])[5]"}
COMMAND: GET /session/25dcfb25871b33b6fbae40ebb9612352/screenshot - {}
RESULT: {"using":"xpath","value":"(//input[contains(@id ,\"requestItemsTable-1-inner\")])[5]"}
COMMAND: POST /session/25dcfb25871b33b6fbae40ebb9612352/element/f.2438752634DB01E0CA013ABFBE801384.d.088796359D29AC6CA5A1D42D5F654DCD.e.5496/clear - {}
RESULT: {}
RESULT: {}
COMMAND: POST /session/25dcfb25871b33b6fbae40ebb9612352/element/f.2438752634DB01E0CA013ABFBE801384.d.088796359D29AC6CA5A1D42D5F654DCD.e.5496/value - {"text":"200392"}
COMMAND: GET /session/25dcfb25871b33b6fbae40ebb9612352/screenshot - {}
RESULT: {"text":"200392"}
COMMAND: GET /session/25dcfb25871b33b6fbae40ebb9612352/screenshot - {}
RESULT: {}
RESULT: {}
COMMAND: POST /session/25dcfb25871b33b6fbae40ebb9612352/actions - {"actions":[{"id":"action39","type":"key","parameters":{},"actions":[{"type":"keyDown","value":"î€‡"},{"type":"pause","duration":10},{"type":"keyUp","value":"î€‡"}]}]}
RESULT: {"actions":[{"id":"action39","type":"key","parameters":{},"actions":[{"type":"keyDown","value":"î€‡"},{"type":"pause","duration":10},{"type":"keyUp","value":"î€‡"}]}]}
COMMAND: POST /session/25dcfb25871b33b6fbae40ebb9612352/element - {"using":"xpath","value":"//div[contains(@data-kt ,\"splitAllocationObjectStatus\")]"}
COMMAND: GET /session/25dcfb25871b33b6fbae40ebb9612352/screenshot - {}
RESULT: {"using":"xpath","value":"//div[contains(@data-kt ,\"splitAllocationObjectStatus\")]"}
COMMAND: POST /session/25dcfb25871b33b6fbae40ebb9612352/elements - {"using":"xpath","value":"//div[contains(@data-kt ,\"splitAllocationObjectStatus\")]"}
RESULT: {}
RESULT: {"using":"xpath","value":"//div[contains(@data-kt ,\"splitAllocationObjectStatus\")]"}
COMMAND: POST /session/25dcfb25871b33b6fbae40ebb9612352/execute/async - {"script":"<script> [1562 bytes]","args":[{"selector":{"controlType":"sap.ui.core.Icon","viewName":"etm.portal.ui.managerequests.view.NewRequest","properties":{"src":{"regex":{"source":"message\\-error"}}},"ancestor":{"controlType":"sap.m.ColumnListItem","viewName":"etm.portal.ui.managerequests.view.NewRequest","bindingPath":{"modelName":"newRequestItems","path":"/RequestItems/0"},"ancestor":{"id":"requestItemsTable","viewName":"etm.portal.ui.managerequests.view.NewRequest"}}},"wdio_ui5_key":"etmportal.ui.managerequests.view.NewRequestsap.ui.core.Icon{\"src\":{\"regex\":{\"source\":\"message\\\\-error\"}}}{\"controlType\":\"sap.m.ColumnListItem\",\"viewName\":\"etm.portal.ui.managerequests.view.NewRequest\",\"bindingPath\":{\"modelName\":\"newRequestItems\",\"path\":\"/RequestItems/0\"},\"ancestor\":{\"id\":\"requestItemsTable\",\"viewName\":\"etm.portal.ui.managerequests.view.NewRequest\"}}"}]}
RESULT: {"script":"<script> [1562 bytes]","args":[{"selector":{"controlType":"sap.ui.core.Icon","viewName":"etm.portal.ui.managerequests.view.NewRequest","properties":{"src":{"regex":{"source":"message\\-error"}}},"ancestor":{"controlType":"sap.m.ColumnListItem","viewName":"etm.portal.ui.managerequests.view.NewRequest","bindingPath":{"modelName":"newRequestItems","path":"/RequestItems/0"},"ancestor":{"id":"requestItemsTable","viewName":"etm.portal.ui.managerequests.view.NewRequest"}}},"wdio_ui5_key":"etmportal.ui.managerequests.view.NewRequestsap.ui.core.Icon{\"src\":{\"regex\":{\"source\":\"message\\\\-error\"}}}{\"controlType\":\"sap.m.ColumnListItem\",\"viewName\":\"etm.portal.ui.managerequests.view.NewRequest\",\"bindingPath\":{\"modelName\":\"newRequestItems\",\"path\":\"/RequestItems/0\"},\"ancestor\":{\"id\":\"requestItemsTable\",\"viewName\":\"etm.portal.ui.managerequests.view.NewRequest\"}}"}]}
RESULT: undefined
COMMAND: POST /session/25dcfb25871b33b6fbae40ebb9612352/element - {"using":"xpath","value":"//*[@id=\"__status4-__xmlview1--requestItemsTable-0-icon\"]"}
RESULT: {"using":"xpath","value":"//*[@id=\"__status4-__xmlview1--requestItemsTable-0-icon\"]"}
COMMAND: POST /session/25dcfb25871b33b6fbae40ebb9612352/element/f.2438752634DB01E0CA013ABFBE801384.d.088796359D29AC6CA5A1D42D5F654DCD.e.5508/click - {}
RESULT: {}
COMMAND: GET /session/25dcfb25871b33b6fbae40ebb9612352/screenshot - {}
RESULT: {}
COMMAND: POST /session/25dcfb25871b33b6fbae40ebb9612352/execute/async - {"script":"<script> [1562 bytes]","args":[{"selector":{"id":"costObjectAdminTypeComboBox","viewName":"etm.portal.ui.managerequests.view.NewRequest","searchOpenDialogs":true,"interaction":{"idSuffix":"inner"}},"wdio_ui5_key":"costObjectAdminTypeComboBoxetmportal.ui.managerequests.view.NewRequest"}]}
RESULT: {"script":"<script> [1562 bytes]","args":[{"selector":{"id":"costObjectAdminTypeComboBox","viewName":"etm.portal.ui.managerequests.view.NewRequest","searchOpenDialogs":true,"interaction":{"idSuffix":"inner"}},"wdio_ui5_key":"costObjectAdminTypeComboBoxetmportal.ui.managerequests.view.NewRequest"}]}
RESULT: undefined
COMMAND: POST /session/25dcfb25871b33b6fbae40ebb9612352/execute/async - {"script":"<script> [776 bytes]","args":[{"enterText":"Cost Center","selector":{"id":"costObjectAdminTypeComboBox","viewName":"etm.portal.ui.managerequests.view.NewRequest","searchOpenDialogs":true,"interaction":{"idSuffix":"inner"}},"clearTextFirst":true,"interactionType":"ENTER_TEXT"}]}
RESULT: {"script":"<script> [776 bytes]","args":[{"enterText":"Cost Center","selector":{"id":"costObjectAdminTypeComboBox","viewName":"etm.portal.ui.managerequests.view.NewRequest","searchOpenDialogs":true,"interaction":{"idSuffix":"inner"}},"clearTextFirst":true,"interactionType":"ENTER_TEXT"}]}
COMMAND: POST /session/25dcfb25871b33b6fbae40ebb9612352/actions - {"actions":[{"id":"action40","type":"key","parameters":{},"actions":[{"type":"keyDown","value":"î€‡"},{"type":"pause","duration":10},{"type":"keyUp","value":"î€‡"}]}]}
RESULT: {"actions":[{"id":"action40","type":"key","parameters":{},"actions":[{"type":"keyDown","value":"î€‡"},{"type":"pause","duration":10},{"type":"keyUp","value":"î€‡"}]}]}
COMMAND: GET /session/25dcfb25871b33b6fbae40ebb9612352/screenshot - {}
RESULT: {}
COMMAND: POST /session/25dcfb25871b33b6fbae40ebb9612352/execute/async - {"script":"<script> [1562 bytes]","args":[{"selector":{"id":"costObjectIdComboBox","viewName":"etm.portal.ui.managerequests.view.NewRequest","searchOpenDialogs":true,"interaction":{"idSuffix":"inner"}},"wdio_ui5_key":"costObjectIdComboBoxetmportal.ui.managerequests.view.NewRequest"}]}
RESULT: {"script":"<script> [1562 bytes]","args":[{"selector":{"id":"costObjectIdComboBox","viewName":"etm.portal.ui.managerequests.view.NewRequest","searchOpenDialogs":true,"interaction":{"idSuffix":"inner"}},"wdio_ui5_key":"costObjectIdComboBoxetmportal.ui.managerequests.view.NewRequest"}]}
RESULT: undefined
COMMAND: POST /session/25dcfb25871b33b6fbae40ebb9612352/execute/async - {"script":"<script> [776 bytes]","args":[{"enterText":"1001 - 1001","selector":{"id":"costObjectIdComboBox","viewName":"etm.portal.ui.managerequests.view.NewRequest","searchOpenDialogs":true,"interaction":{"idSuffix":"inner"}},"clearTextFirst":true,"interactionType":"ENTER_TEXT"}]}
RESULT: {"script":"<script> [776 bytes]","args":[{"enterText":"1001 - 1001","selector":{"id":"costObjectIdComboBox","viewName":"etm.portal.ui.managerequests.view.NewRequest","searchOpenDialogs":true,"interaction":{"idSuffix":"inner"}},"clearTextFirst":true,"interactionType":"ENTER_TEXT"}]}
COMMAND: POST /session/25dcfb25871b33b6fbae40ebb9612352/actions - {"actions":[{"id":"action41","type":"key","parameters":{},"actions":[{"type":"keyDown","value":"î€‡"},{"type":"pause","duration":10},{"type":"keyUp","value":"î€‡"}]}]}
RESULT: {"actions":[{"id":"action41","type":"key","parameters":{},"actions":[{"type":"keyDown","value":"î€‡"},{"type":"pause","duration":10},{"type":"keyUp","value":"î€‡"}]}]}
COMMAND: GET /session/25dcfb25871b33b6fbae40ebb9612352/screenshot - {}
RESULT: {}
COMMAND: POST /session/25dcfb25871b33b6fbae40ebb9612352/element - {"using":"xpath","value":"(//bdi[(text() = 'Save' or . = 'Save')])[1]"}
RESULT: {"using":"xpath","value":"(//bdi[(text() = 'Save' or . = 'Save')])[1]"}
COMMAND: POST /session/25dcfb25871b33b6fbae40ebb9612352/element/f.2438752634DB01E0CA013ABFBE801384.d.088796359D29AC6CA5A1D42D5F654DCD.e.5523/click - {}
RESULT: {}
COMMAND: POST /session/25dcfb25871b33b6fbae40ebb9612352/execute/async - {"script":"<script> [1562 bytes]","args":[{"selector":{"controlType":"sap.ui.core.Icon","viewName":"etm.portal.ui.managerequests.view.NewRequest","properties":{"src":{"regex":{"source":"message\\-error"}}},"ancestor":{"controlType":"sap.m.ColumnListItem","viewName":"etm.portal.ui.managerequests.view.NewRequest","bindingPath":{"modelName":"newRequestItems","path":"/RequestItems/1"},"ancestor":{"id":"requestItemsTable","viewName":"etm.portal.ui.managerequests.view.NewRequest"}}},"wdio_ui5_key":"etmportal.ui.managerequests.view.NewRequestsap.ui.core.Icon{\"src\":{\"regex\":{\"source\":\"message\\\\-error\"}}}{\"controlType\":\"sap.m.ColumnListItem\",\"viewName\":\"etm.portal.ui.managerequests.view.NewRequest\",\"bindingPath\":{\"modelName\":\"newRequestItems\",\"path\":\"/RequestItems/1\"},\"ancestor\":{\"id\":\"requestItemsTable\",\"viewName\":\"etm.portal.ui.managerequests.view.NewRequest\"}}"}]}
COMMAND: GET /session/25dcfb25871b33b6fbae40ebb9612352/screenshot - {}
RESULT: {"script":"<script> [1562 bytes]","args":[{"selector":{"controlType":"sap.ui.core.Icon","viewName":"etm.portal.ui.managerequests.view.NewRequest","properties":{"src":{"regex":{"source":"message\\-error"}}},"ancestor":{"controlType":"sap.m.ColumnListItem","viewName":"etm.portal.ui.managerequests.view.NewRequest","bindingPath":{"modelName":"newRequestItems","path":"/RequestItems/1"},"ancestor":{"id":"requestItemsTable","viewName":"etm.portal.ui.managerequests.view.NewRequest"}}},"wdio_ui5_key":"etmportal.ui.managerequests.view.NewRequestsap.ui.core.Icon{\"src\":{\"regex\":{\"source\":\"message\\\\-error\"}}}{\"controlType\":\"sap.m.ColumnListItem\",\"viewName\":\"etm.portal.ui.managerequests.view.NewRequest\",\"bindingPath\":{\"modelName\":\"newRequestItems\",\"path\":\"/RequestItems/1\"},\"ancestor\":{\"id\":\"requestItemsTable\",\"viewName\":\"etm.portal.ui.managerequests.view.NewRequest\"}}"}]}
RESULT: undefined
COMMAND: POST /session/25dcfb25871b33b6fbae40ebb9612352/element - {"using":"xpath","value":"//*[@id=\"__status4-__xmlview1--requestItemsTable-1-icon\"]"}
RESULT: {}
RESULT: {"using":"xpath","value":"//*[@id=\"__status4-__xmlview1--requestItemsTable-1-icon\"]"}
COMMAND: POST /session/25dcfb25871b33b6fbae40ebb9612352/element/f.2438752634DB01E0CA013ABFBE801384.d.088796359D29AC6CA5A1D42D5F654DCD.e.5526/click - {}
RESULT: {}
COMMAND: GET /session/25dcfb25871b33b6fbae40ebb9612352/screenshot - {}
RESULT: {}
RESULT: undefined
COMMAND: POST /session/25dcfb25871b33b6fbae40ebb9612352/execute/async - {"script":"<script> [776 bytes]","args":[{"enterText":"Cost Center","selector":{"id":"costObjectAdminTypeComboBox","viewName":"etm.portal.ui.managerequests.view.NewRequest","searchOpenDialogs":true,"interaction":{"idSuffix":"inner"}},"clearTextFirst":true,"interactionType":"ENTER_TEXT"}]}
RESULT: {"script":"<script> [776 bytes]","args":[{"enterText":"Cost Center","selector":{"id":"costObjectAdminTypeComboBox","viewName":"etm.portal.ui.managerequests.view.NewRequest","searchOpenDialogs":true,"interaction":{"idSuffix":"inner"}},"clearTextFirst":true,"interactionType":"ENTER_TEXT"}]}
COMMAND: POST /session/25dcfb25871b33b6fbae40ebb9612352/actions - {"actions":[{"id":"action42","type":"key","parameters":{},"actions":[{"type":"keyDown","value":"î€‡"},{"type":"pause","duration":10},{"type":"keyUp","value":"î€‡"}]}]}
RESULT: {"actions":[{"id":"action42","type":"key","parameters":{},"actions":[{"type":"keyDown","value":"î€‡"},{"type":"pause","duration":10},{"type":"keyUp","value":"î€‡"}]}]}
COMMAND: GET /session/25dcfb25871b33b6fbae40ebb9612352/screenshot - {}
RESULT: {}
RESULT: undefined
COMMAND: POST /session/25dcfb25871b33b6fbae40ebb9612352/execute/async - {"script":"<script> [776 bytes]","args":[{"enterText":"1001 - 1001","selector":{"id":"costObjectIdComboBox","viewName":"etm.portal.ui.managerequests.view.NewRequest","searchOpenDialogs":true,"interaction":{"idSuffix":"inner"}},"clearTextFirst":true,"interactionType":"ENTER_TEXT"}]}
RESULT: {"script":"<script> [776 bytes]","args":[{"enterText":"1001 - 1001","selector":{"id":"costObjectIdComboBox","viewName":"etm.portal.ui.managerequests.view.NewRequest","searchOpenDialogs":true,"interaction":{"idSuffix":"inner"}},"clearTextFirst":true,"interactionType":"ENTER_TEXT"}]}
COMMAND: POST /session/25dcfb25871b33b6fbae40ebb9612352/actions - {"actions":[{"id":"action43","type":"key","parameters":{},"actions":[{"type":"keyDown","value":"î€‡"},{"type":"pause","duration":10},{"type":"keyUp","value":"î€‡"}]}]}
RESULT: {"actions":[{"id":"action43","type":"key","parameters":{},"actions":[{"type":"keyDown","value":"î€‡"},{"type":"pause","duration":10},{"type":"keyUp","value":"î€‡"}]}]}
COMMAND: GET /session/25dcfb25871b33b6fbae40ebb9612352/screenshot - {}
RESULT: {}
COMMAND: POST /session/25dcfb25871b33b6fbae40ebb9612352/element - {"using":"xpath","value":"(//bdi[(text() = 'Save' or . = 'Save')])[1]"}
RESULT: {"using":"xpath","value":"(//bdi[(text() = 'Save' or . = 'Save')])[1]"}
COMMAND: POST /session/25dcfb25871b33b6fbae40ebb9612352/element/f.2438752634DB01E0CA013ABFBE801384.d.088796359D29AC6CA5A1D42D5F654DCD.e.5538/click - {}
RESULT: {}
COMMAND: GET /session/25dcfb25871b33b6fbae40ebb9612352/screenshot - {}
RESULT: {}
COMMAND: POST /session/25dcfb25871b33b6fbae40ebb9612352/execute/async - {"script":"<script> [1562 bytes]","args":[{"selector":{"controlType":"sap.m.Button","viewName":"etm.portal.ui.managerequests.view.NewRequest","bindingPath":{"path":"/RequestItems/0","propertyPath":"PICK_UP","modelName":"newRequestItems"},"interaction":{"idSuffix":"BDI-content"}},"wdio_ui5_key":"etmportal.ui.managerequests.view.NewRequestsap.m.Button{\"path\":\"/RequestItems/0\",\"propertyPath\":\"PICK_UP\",\"modelName\":\"newRequestItems\"}"}]}
RESULT: {"script":"<script> [1562 bytes]","args":[{"selector":{"controlType":"sap.m.Button","viewName":"etm.portal.ui.managerequests.view.NewRequest","bindingPath":{"path":"/RequestItems/0","propertyPath":"PICK_UP","modelName":"newRequestItems"},"interaction":{"idSuffix":"BDI-content"}},"wdio_ui5_key":"etmportal.ui.managerequests.view.NewRequestsap.m.Button{\"path\":\"/RequestItems/0\",\"propertyPath\":\"PICK_UP\",\"modelName\":\"newRequestItems\"}"}]}
RESULT: undefined
COMMAND: POST /session/25dcfb25871b33b6fbae40ebb9612352/element - {"using":"xpath","value":"//*[@id=\"__xmlview1--pickUpItemButton-__xmlview1--requestItemsTable-0\"]"}
RESULT: {"using":"xpath","value":"//*[@id=\"__xmlview1--pickUpItemButton-__xmlview1--requestItemsTable-0\"]"}
COMMAND: POST /session/25dcfb25871b33b6fbae40ebb9612352/element/f.2438752634DB01E0CA013ABFBE801384.d.088796359D29AC6CA5A1D42D5F654DCD.e.5542/click - {}
RESULT: {}
COMMAND: GET /session/25dcfb25871b33b6fbae40ebb9612352/screenshot - {}
RESULT: {}
COMMAND: POST /session/25dcfb25871b33b6fbae40ebb9612352/execute/async - {"script":"<script> [1562 bytes]","args":[{"selector":{"controlType":"sap.m.Button","viewName":"etm.portal.ui.managerequests.view.NewRequest","properties":{"text":"Save"},"i18NText":{"propertyName":"tooltip","key":"save"},"interaction":{"idSuffix":"BDI-content"}},"wdio_ui5_key":"etmportal.ui.managerequests.view.NewRequestsap.m.Button{\"propertyName\":\"tooltip\",\"key\":\"save\"}{\"text\":\"Save\"}"}]}
RESULT: {"script":"<script> [1562 bytes]","args":[{"selector":{"controlType":"sap.m.Button","viewName":"etm.portal.ui.managerequests.view.NewRequest","properties":{"text":"Save"},"i18NText":{"propertyName":"tooltip","key":"save"},"interaction":{"idSuffix":"BDI-content"}},"wdio_ui5_key":"etmportal.ui.managerequests.view.NewRequestsap.m.Button{\"propertyName\":\"tooltip\",\"key\":\"save\"}{\"text\":\"Save\"}"}]}
RESULT: undefined
COMMAND: POST /session/25dcfb25871b33b6fbae40ebb9612352/element - {"using":"xpath","value":"//*[@id=\"__button11\"]"}
RESULT: {"using":"xpath","value":"//*[@id=\"__button11\"]"}
COMMAND: POST /session/25dcfb25871b33b6fbae40ebb9612352/element/f.2438752634DB01E0CA013ABFBE801384.d.088796359D29AC6CA5A1D42D5F654DCD.e.5378/click - {}
RESULT: {}
COMMAND: GET /session/25dcfb25871b33b6fbae40ebb9612352/screenshot - {}
RESULT: {}
COMMAND: POST /session/25dcfb25871b33b6fbae40ebb9612352/execute/async - {"script":"<script> [1562 bytes]","args":[{"selector":{"controlType":"sap.m.Text","searchOpenDialogs":true},"wdio_ui5_key":"sapm.Text"}]}
RESULT: {"script":"<script> [1562 bytes]","args":[{"selector":{"controlType":"sap.m.Text","searchOpenDialogs":true},"wdio_ui5_key":"sapm.Text"}]}
RESULT: undefined
COMMAND: POST /session/25dcfb25871b33b6fbae40ebb9612352/execute/async - {"script":"<script> [6424 bytes]","args":[{"element-6066-11e4-a52e-4f735466cecf":"f.2438752634DB01E0CA013ABFBE801384.d.088796359D29AC6CA5A1D42D5F654DCD.e.5546"},"getText",[]]}
RESULT: {"script":"<script> [6424 bytes]","args":[{"element-6066-11e4-a52e-4f735466cecf":"f.2438752634DB01E0CA013ABFBE801384.d.088796359D29AC6CA5A1D42D5F654DCD.e.5546"},"getText",[]]}
COMMAND: POST /session/25dcfb25871b33b6fbae40ebb9612352/execute/async - {"script":"<script> [1562 bytes]","args":[{"selector":{"controlType":"sap.m.Button","properties":{"text":"Close"},"searchOpenDialogs":true,"interaction":{"idSuffix":"BDI-content"}},"wdio_ui5_key":"sapm.Button{\"text\":\"Close\"}"}]}
RESULT: {"script":"<script> [1562 bytes]","args":[{"selector":{"controlType":"sap.m.Button","properties":{"text":"Close"},"searchOpenDialogs":true,"interaction":{"idSuffix":"BDI-content"}},"wdio_ui5_key":"sapm.Button{\"text\":\"Close\"}"}]}
RESULT: undefined
COMMAND: POST /session/25dcfb25871b33b6fbae40ebb9612352/element - {"using":"xpath","value":"//*[@id=\"__mbox-btn-0\"]"}
RESULT: {"using":"xpath","value":"//*[@id=\"__mbox-btn-0\"]"}
COMMAND: POST /session/25dcfb25871b33b6fbae40ebb9612352/element/f.2438752634DB01E0CA013ABFBE801384.d.088796359D29AC6CA5A1D42D5F654DCD.e.5545/click - {}
RESULT: {}
COMMAND: GET /session/25dcfb25871b33b6fbae40ebb9612352/screenshot - {}
RESULT: {}
COMMAND: POST /session/25dcfb25871b33b6fbae40ebb9612352/execute/async - {"script":"<script> [1562 bytes]","args":[{"selector":{"controlType":"sap.m.Button","viewName":"etm.portal.ui.managerequests.view.Detail","bindingPath":{"path":"/SmartRequestItemsPlanningBoard(ITEM=10m,REQUEST='20265')","propertyPath":"PICK_UP"}},"wdio_ui5_key":"etmportal.ui.managerequests.view.Detailsap.m.Button{\"path\":\"/SmartRequestItemsPlanningBoard(ITEM=10m,REQUEST='20265')\",\"propertyPath\":\"PICK_UP\"}"}]}
RESULT: {"script":"<script> [1562 bytes]","args":[{"selector":{"controlType":"sap.m.Button","viewName":"etm.portal.ui.managerequests.view.Detail","bindingPath":{"path":"/SmartRequestItemsPlanningBoard(ITEM=10m,REQUEST='20265')","propertyPath":"PICK_UP"}},"wdio_ui5_key":"etmportal.ui.managerequests.view.Detailsap.m.Button{\"path\":\"/SmartRequestItemsPlanningBoard(ITEM=10m,REQUEST='20265')\",\"propertyPath\":\"PICK_UP\"}"}]}
RESULT: undefined
COMMAND: POST /session/25dcfb25871b33b6fbae40ebb9612352/execute/async - {"script":"<script> [6424 bytes]","args":[{"element-6066-11e4-a52e-4f735466cecf":"f.2438752634DB01E0CA013ABFBE801384.d.088796359D29AC6CA5A1D42D5F654DCD.e.5669"},"getType",[]]}
RESULT: {"script":"<script> [6424 bytes]","args":[{"element-6066-11e4-a52e-4f735466cecf":"f.2438752634DB01E0CA013ABFBE801384.d.088796359D29AC6CA5A1D42D5F654DCD.e.5669"},"getType",[]]}
COMMAND: POST /session/25dcfb25871b33b6fbae40ebb9612352/execute/async - {"script":"<script> [1562 bytes]","args":[{"selector":{"controlType":"sap.m.Button","viewName":"etm.portal.ui.managerequests.view.Detail","bindingPath":{"path":"/SmartRequestItemsPlanningBoard(ITEM=20m,REQUEST='20265')","propertyPath":"PICK_UP"}},"wdio_ui5_key":"etmportal.ui.managerequests.view.Detailsap.m.Button{\"path\":\"/SmartRequestItemsPlanningBoard(ITEM=20m,REQUEST='20265')\",\"propertyPath\":\"PICK_UP\"}"}]}
RESULT: {"script":"<script> [1562 bytes]","args":[{"selector":{"controlType":"sap.m.Button","viewName":"etm.portal.ui.managerequests.view.Detail","bindingPath":{"path":"/SmartRequestItemsPlanningBoard(ITEM=20m,REQUEST='20265')","propertyPath":"PICK_UP"}},"wdio_ui5_key":"etmportal.ui.managerequests.view.Detailsap.m.Button{\"path\":\"/SmartRequestItemsPlanningBoard(ITEM=20m,REQUEST='20265')\",\"propertyPath\":\"PICK_UP\"}"}]}
RESULT: undefined
COMMAND: POST /session/25dcfb25871b33b6fbae40ebb9612352/execute/async - {"script":"<script> [6424 bytes]","args":[{"element-6066-11e4-a52e-4f735466cecf":"f.2438752634DB01E0CA013ABFBE801384.d.088796359D29AC6CA5A1D42D5F654DCD.e.5670"},"getType",[]]}
RESULT: {"script":"<script> [6424 bytes]","args":[{"element-6066-11e4-a52e-4f735466cecf":"f.2438752634DB01E0CA013ABFBE801384.d.088796359D29AC6CA5A1D42D5F654DCD.e.5670"},"getType",[]]}
COMMAND: POST /session/25dcfb25871b33b6fbae40ebb9612352/execute/async - {"script":"<script> [1562 bytes]","args":[{"selector":{"id":"pickUpSwitchHeader","viewName":"etm.portal.ui.managerequests.view.Detail","interaction":{"idSuffix":"handle"}},"wdio_ui5_key":"pickUpSwitchHeaderetmportal.ui.managerequests.view.Detail"}]}
RESULT: {"script":"<script> [1562 bytes]","args":[{"selector":{"id":"pickUpSwitchHeader","viewName":"etm.portal.ui.managerequests.view.Detail","interaction":{"idSuffix":"handle"}},"wdio_ui5_key":"pickUpSwitchHeaderetmportal.ui.managerequests.view.Detail"}]}
RESULT: undefined
COMMAND: POST /session/25dcfb25871b33b6fbae40ebb9612352/element - {"using":"xpath","value":"//*[@id=\"__xmlview2--pickUpSwitchHeader\"]"}
RESULT: {"using":"xpath","value":"//*[@id=\"__xmlview2--pickUpSwitchHeader\"]"}
COMMAND: POST /session/25dcfb25871b33b6fbae40ebb9612352/element/f.2438752634DB01E0CA013ABFBE801384.d.088796359D29AC6CA5A1D42D5F654DCD.e.5623/click - {}
RESULT: {}
COMMAND: POST /session/25dcfb25871b33b6fbae40ebb9612352/execute/async - {"script":"<script> [1562 bytes]","args":[{"selector":{"controlType":"sap.ui.core.Icon","viewName":"etm.portal.ui.managerequests.view.Detail","properties":{"src":{"regex":{"source":"pushpin\\-off"}}}},"wdio_ui5_key":"etmportal.ui.managerequests.view.Detailsap.ui.core.Icon{\"src\":{\"regex\":{\"source\":\"pushpin\\\\-off\"}}}"}]}
COMMAND: GET /session/25dcfb25871b33b6fbae40ebb9612352/screenshot - {}
RESULT: {"script":"<script> [1562 bytes]","args":[{"selector":{"controlType":"sap.ui.core.Icon","viewName":"etm.portal.ui.managerequests.view.Detail","properties":{"src":{"regex":{"source":"pushpin\\-off"}}}},"wdio_ui5_key":"etmportal.ui.managerequests.view.Detailsap.ui.core.Icon{\"src\":{\"regex\":{\"source\":\"pushpin\\\\-off\"}}}"}]}
RESULT: undefined
COMMAND: POST /session/25dcfb25871b33b6fbae40ebb9612352/element - {"using":"xpath","value":"//*[@id=\"__xmlview2--detailRequestPage-OPHeaderContent-pinBtn-img\"]"}
RESULT: {}
RESULT: {"using":"xpath","value":"//*[@id=\"__xmlview2--detailRequestPage-OPHeaderContent-pinBtn-img\"]"}
COMMAND: POST /session/25dcfb25871b33b6fbae40ebb9612352/element/f.2438752634DB01E0CA013ABFBE801384.d.088796359D29AC6CA5A1D42D5F654DCD.e.5631/click - {}
RESULT: {}
RESULT: undefined
COMMAND: POST /session/25dcfb25871b33b6fbae40ebb9612352/execute/async - {"script":"<script> [6424 bytes]","args":[{"element-6066-11e4-a52e-4f735466cecf":"f.2438752634DB01E0CA013ABFBE801384.d.088796359D29AC6CA5A1D42D5F654DCD.e.5669"},"getType",[]]}
COMMAND: GET /session/25dcfb25871b33b6fbae40ebb9612352/screenshot - {}
RESULT: {"script":"<script> [6424 bytes]","args":[{"element-6066-11e4-a52e-4f735466cecf":"f.2438752634DB01E0CA013ABFBE801384.d.088796359D29AC6CA5A1D42D5F654DCD.e.5669"},"getType",[]]}
RESULT: undefined
COMMAND: POST /session/25dcfb25871b33b6fbae40ebb9612352/execute/async - {"script":"<script> [6424 bytes]","args":[{"element-6066-11e4-a52e-4f735466cecf":"f.2438752634DB01E0CA013ABFBE801384.d.088796359D29AC6CA5A1D42D5F654DCD.e.5670"},"getType",[]]}
RESULT: {}
RESULT: {"script":"<script> [6424 bytes]","args":[{"element-6066-11e4-a52e-4f735466cecf":"f.2438752634DB01E0CA013ABFBE801384.d.088796359D29AC6CA5A1D42D5F654DCD.e.5670"},"getType",[]]}
COMMAND: POST /session/25dcfb25871b33b6fbae40ebb9612352/execute/async - {"script":"<script> [1562 bytes]","args":[{"selector":{"controlType":"sap.ui.core.Icon","viewName":"etm.portal.ui.managerequests.view.Detail","properties":{"src":{"regex":{"source":"date\\-time"}}},"ancestor":{"controlType":"sap.m.ColumnListItem","viewName":"etm.portal.ui.managerequests.view.Detail","bindingPath":{"path":"/SmartRequestItemsPlanningBoard(ITEM=10m,REQUEST='20265')"},"ancestor":{"id":"requestItemsTable","viewName":"etm.portal.ui.managerequests.view.Detail"}}},"wdio_ui5_key":"etmportal.ui.managerequests.view.Detailsap.ui.core.Icon{\"src\":{\"regex\":{\"source\":\"date\\\\-time\"}}}{\"controlType\":\"sap.m.ColumnListItem\",\"viewName\":\"etm.portal.ui.managerequests.view.Detail\",\"bindingPath\":{\"path\":\"/SmartRequestItemsPlanningBoard(ITEM=10m,REQUEST='20265')\"},\"ancestor\":{\"id\":\"requestItemsTable\",\"viewName\":\"etm.portal.ui.managerequests.view.Detail\"}}"}]}
RESULT: {"script":"<script> [1562 bytes]","args":[{"selector":{"controlType":"sap.ui.core.Icon","viewName":"etm.portal.ui.managerequests.view.Detail","properties":{"src":{"regex":{"source":"date\\-time"}}},"ancestor":{"controlType":"sap.m.ColumnListItem","viewName":"etm.portal.ui.managerequests.view.Detail","bindingPath":{"path":"/SmartRequestItemsPlanningBoard(ITEM=10m,REQUEST='20265')"},"ancestor":{"id":"requestItemsTable","viewName":"etm.portal.ui.managerequests.view.Detail"}}},"wdio_ui5_key":"etmportal.ui.managerequests.view.Detailsap.ui.core.Icon{\"src\":{\"regex\":{\"source\":\"date\\\\-time\"}}}{\"controlType\":\"sap.m.ColumnListItem\",\"viewName\":\"etm.portal.ui.managerequests.view.Detail\",\"bindingPath\":{\"path\":\"/SmartRequestItemsPlanningBoard(ITEM=10m,REQUEST='20265')\"},\"ancestor\":{\"id\":\"requestItemsTable\",\"viewName\":\"etm.portal.ui.managerequests.view.Detail\"}}"}]}
RESULT: undefined
COMMAND: POST /session/25dcfb25871b33b6fbae40ebb9612352/element - {"using":"xpath","value":"//*[@id=\"__button39-__clone1825-img\"]"}
RESULT: {"using":"xpath","value":"//*[@id=\"__button39-__clone1825-img\"]"}
COMMAND: POST /session/25dcfb25871b33b6fbae40ebb9612352/element/f.2438752634DB01E0CA013ABFBE801384.d.088796359D29AC6CA5A1D42D5F654DCD.e.5677/click - {}
RESULT: {}
COMMAND: POST /session/25dcfb25871b33b6fbae40ebb9612352/execute/async - {"script":"<script> [1562 bytes]","args":[{"selector":{"controlType":"sap.m.Button","viewName":"etm.portal.ui.managerequests.view.Detail","properties":{"text":"Close"},"searchOpenDialogs":true,"interaction":{"idSuffix":"inner"}},"wdio_ui5_key":"etmportal.ui.managerequests.view.Detailsap.m.Button{\"text\":\"Close\"}"}]}
COMMAND: GET /session/25dcfb25871b33b6fbae40ebb9612352/screenshot - {}
RESULT: {"script":"<script> [1562 bytes]","args":[{"selector":{"controlType":"sap.m.Button","viewName":"etm.portal.ui.managerequests.view.Detail","properties":{"text":"Close"},"searchOpenDialogs":true,"interaction":{"idSuffix":"inner"}},"wdio_ui5_key":"etmportal.ui.managerequests.view.Detailsap.m.Button{\"text\":\"Close\"}"}]}
RESULT: undefined
COMMAND: POST /session/25dcfb25871b33b6fbae40ebb9612352/element - {"using":"xpath","value":"//*[@id=\"__button49\"]"}
RESULT: {}
RESULT: {"using":"xpath","value":"//*[@id=\"__button49\"]"}
COMMAND: POST /session/25dcfb25871b33b6fbae40ebb9612352/element/f.2438752634DB01E0CA013ABFBE801384.d.088796359D29AC6CA5A1D42D5F654DCD.e.5679/click - {}
RESULT: {}
COMMAND: POST /session/25dcfb25871b33b6fbae40ebb9612352/execute/async - {"script":"<script> [1562 bytes]","args":[{"selector":{"controlType":"sap.ui.core.Icon","viewName":"etm.portal.ui.managerequests.view.Detail","properties":{"src":{"regex":{"source":"date\\-time"}}},"ancestor":{"controlType":"sap.m.ColumnListItem","viewName":"etm.portal.ui.managerequests.view.Detail","bindingPath":{"path":"/SmartRequestItemsPlanningBoard(ITEM=20m,REQUEST='20265')"},"ancestor":{"id":"requestItemsTable","viewName":"etm.portal.ui.managerequests.view.Detail"}}},"wdio_ui5_key":"etmportal.ui.managerequests.view.Detailsap.ui.core.Icon{\"src\":{\"regex\":{\"source\":\"date\\\\-time\"}}}{\"controlType\":\"sap.m.ColumnListItem\",\"viewName\":\"etm.portal.ui.managerequests.view.Detail\",\"bindingPath\":{\"path\":\"/SmartRequestItemsPlanningBoard(ITEM=20m,REQUEST='20265')\"},\"ancestor\":{\"id\":\"requestItemsTable\",\"viewName\":\"etm.portal.ui.managerequests.view.Detail\"}}"}]}
COMMAND: GET /session/25dcfb25871b33b6fbae40ebb9612352/screenshot - {}
RESULT: {"script":"<script> [1562 bytes]","args":[{"selector":{"controlType":"sap.ui.core.Icon","viewName":"etm.portal.ui.managerequests.view.Detail","properties":{"src":{"regex":{"source":"date\\-time"}}},"ancestor":{"controlType":"sap.m.ColumnListItem","viewName":"etm.portal.ui.managerequests.view.Detail","bindingPath":{"path":"/SmartRequestItemsPlanningBoard(ITEM=20m,REQUEST='20265')"},"ancestor":{"id":"requestItemsTable","viewName":"etm.portal.ui.managerequests.view.Detail"}}},"wdio_ui5_key":"etmportal.ui.managerequests.view.Detailsap.ui.core.Icon{\"src\":{\"regex\":{\"source\":\"date\\\\-time\"}}}{\"controlType\":\"sap.m.ColumnListItem\",\"viewName\":\"etm.portal.ui.managerequests.view.Detail\",\"bindingPath\":{\"path\":\"/SmartRequestItemsPlanningBoard(ITEM=20m,REQUEST='20265')\"},\"ancestor\":{\"id\":\"requestItemsTable\",\"viewName\":\"etm.portal.ui.managerequests.view.Detail\"}}"}]}
RESULT: undefined
COMMAND: POST /session/25dcfb25871b33b6fbae40ebb9612352/element - {"using":"xpath","value":"//*[@id=\"__button39-__clone1826-img\"]"}
RESULT: {}
RESULT: {"using":"xpath","value":"//*[@id=\"__button39-__clone1826-img\"]"}
COMMAND: POST /session/25dcfb25871b33b6fbae40ebb9612352/element/f.2438752634DB01E0CA013ABFBE801384.d.088796359D29AC6CA5A1D42D5F654DCD.e.5693/click - {}
RESULT: {}
RESULT: undefined
COMMAND: POST /session/25dcfb25871b33b6fbae40ebb9612352/element - {"using":"xpath","value":"//*[@id=\"__button49\"]"}
COMMAND: GET /session/25dcfb25871b33b6fbae40ebb9612352/screenshot - {}
RESULT: {"using":"xpath","value":"//*[@id=\"__button49\"]"}
COMMAND: POST /session/25dcfb25871b33b6fbae40ebb9612352/elements - {"using":"xpath","value":"//*[@id=\"__button49\"]"}
RESULT: {}
RESULT: {"using":"xpath","value":"//*[@id=\"__button49\"]"}
COMMAND: POST /session/25dcfb25871b33b6fbae40ebb9612352/element - {"using":"xpath","value":"//*[@id=\"__button49\"]"}
RESULT: {"using":"xpath","value":"//*[@id=\"__button49\"]"}
COMMAND: POST /session/25dcfb25871b33b6fbae40ebb9612352/element/f.2438752634DB01E0CA013ABFBE801384.d.088796359D29AC6CA5A1D42D5F654DCD.e.5700/click - {}
RESULT: {}
COMMAND: POST /session/25dcfb25871b33b6fbae40ebb9612352/execute/async - {"script":"<script> [189 bytes]","args":[]}
COMMAND: GET /session/25dcfb25871b33b6fbae40ebb9612352/screenshot - {}
RESULT: {"script":"<script> [189 bytes]","args":[]}
COMMAND: POST /session/25dcfb25871b33b6fbae40ebb9612352/execute/async - {"script":"<script> [123 bytes]","args":[]}
RESULT: {}
RESULT: {"script":"<script> [123 bytes]","args":[]}
COMMAND: POST /session/25dcfb25871b33b6fbae40ebb9612352/timeouts - {"script":"<number>"}
RESULT: {"script":"<number>"}
COMMAND: GET /session/25dcfb25871b33b6fbae40ebb9612352/timeouts - {}
RESULT: {}
RESULT: undefined
COMMAND: POST /session/25dcfb25871b33b6fbae40ebb9612352/execute/async - {"script":"<script> [2676 bytes]","args":[]}
RESULT: {"script":"<script> [2676 bytes]","args":[]}
COMMAND: POST /session/25dcfb25871b33b6fbae40ebb9612352/execute/async - {"script":"<script> [2342 bytes]","args":[{"protocol":"http","hostname":"0.0.0.0","path":"/","capabilities":{"browserName":"chrome","goog:chromeOptions":{"binary":"C:\\Program Files\\Google\\Chrome\\Application\\chrome.exe","args":["--start-maximized"]}},"logLevel":"warn","connectionRetryTimeout":120000,"connectionRetryCount":3,"logLevels":{},"enableDirectConnect":true,"strictSSL":true,"_":"65 more keys: [\"cacheDir\",\"port\",\"requestedCapabilities\",\"automationProtocol\",\"baseUrl\",\"waitforInterval\",\"waitforTimeout\",\"onReload\",\"beforeCommand\",\"afterCommand\",\"rootDir\",\"specs\",\"suites\",\"exclude\",\"groupLogsByTestSpec\",\"excludeDriverLogs\",\"bail\",\"framework\",\"reporters\",\"services\",\"maxInstances\",\"maxInstancesPerCapability\",\"injectGlobals\",\"filesToWatch\",\"execArgv\",\"runnerEnv\",\"runner\",\"shard\",\"specFileRetries\",\"specFileRetriesDelay\",\"specFileRetriesDeferred\",\"reporterSyncInterval\",\"reporterSyncTimeout\",\"cucumberFeaturesWithLineNumbers\",\"autoCompileOpts\",\"mochaOpts\",\"jasmineOpts\",\"cucumberOpts\",\"onPrepare\",\"onWorkerStart\",\"onWorkerEnd\",\"before\",\"beforeSession\",\"beforeSuite\",\"beforeHook\",\"beforeTest\",\"afterTest\",\"afterHook\",\"afterSuite\",\"afterSession\",\"after\",\"onComplete\",\"beforeAssertion\",\"afterAssertion\",\"beforeFeature\",\"beforeScenario\",\"beforeStep\",\"afterStep\",\"afterScenario\",\"afterFeature\",\"_\",\"suite\",\"$0\",\"ignoredWorkerServices\",\"wdi5\"]"}]}
RESULT: {"script":"<script> [2342 bytes]","args":[{"protocol":"http","hostname":"0.0.0.0","path":"/","capabilities":{"browserName":"chrome","goog:chromeOptions":{"binary":"C:\\Program Files\\Google\\Chrome\\Application\\chrome.exe","args":["--start-maximized"]}},"logLevel":"warn","connectionRetryTimeout":120000,"connectionRetryCount":3,"logLevels":{},"enableDirectConnect":true,"strictSSL":true,"_":"65 more keys: [\"cacheDir\",\"port\",\"requestedCapabilities\",\"automationProtocol\",\"baseUrl\",\"waitforInterval\",\"waitforTimeout\",\"onReload\",\"beforeCommand\",\"afterCommand\",\"rootDir\",\"specs\",\"suites\",\"exclude\",\"groupLogsByTestSpec\",\"excludeDriverLogs\",\"bail\",\"framework\",\"reporters\",\"services\",\"maxInstances\",\"maxInstancesPerCapability\",\"injectGlobals\",\"filesToWatch\",\"execArgv\",\"runnerEnv\",\"runner\",\"shard\",\"specFileRetries\",\"specFileRetriesDelay\",\"specFileRetriesDeferred\",\"reporterSyncInterval\",\"reporterSyncTimeout\",\"cucumberFeaturesWithLineNumbers\",\"autoCompileOpts\",\"mochaOpts\",\"jasmineOpts\",\"cucumberOpts\",\"onPrepare\",\"onWorkerStart\",\"onWorkerEnd\",\"before\",\"beforeSession\",\"beforeSuite\",\"beforeHook\",\"beforeTest\",\"afterTest\",\"afterHook\",\"afterSuite\",\"afterSession\",\"after\",\"onComplete\",\"beforeAssertion\",\"afterAssertion\",\"beforeFeature\",\"beforeScenario\",\"beforeStep\",\"afterStep\",\"afterScenario\",\"afterFeature\",\"_\",\"suite\",\"$0\",\"ignoredWorkerServices\",\"wdi5\"]"}]}
COMMAND: POST /session/25dcfb25871b33b6fbae40ebb9612352/execute/async - {"script":"<script> [21126 bytes]","args":[35000]}
RESULT: {"script":"<script> [21126 bytes]","args":[35000]}
COMMAND: POST /session/25dcfb25871b33b6fbae40ebb9612352/execute/async - {"script":"<script> [1562 bytes]","args":[{"selector":{"controlType":"sap.m.Button","viewName":"etm.portal.ui.managerequests.view.Detail","bindingPath":{"path":"/SmartRequestItemsPlanningBoard(ITEM=10m,REQUEST='20265')","propertyPath":"PICK_UP"}},"wdio_ui5_key":"etmportal.ui.managerequests.view.Detailsap.m.Button{\"path\":\"/SmartRequestItemsPlanningBoard(ITEM=10m,REQUEST='20265')\",\"propertyPath\":\"PICK_UP\"}"}]}
RESULT: {"script":"<script> [1562 bytes]","args":[{"selector":{"controlType":"sap.m.Button","viewName":"etm.portal.ui.managerequests.view.Detail","bindingPath":{"path":"/SmartRequestItemsPlanningBoard(ITEM=10m,REQUEST='20265')","propertyPath":"PICK_UP"}},"wdio_ui5_key":"etmportal.ui.managerequests.view.Detailsap.m.Button{\"path\":\"/SmartRequestItemsPlanningBoard(ITEM=10m,REQUEST='20265')\",\"propertyPath\":\"PICK_UP\"}"}]}
RESULT: undefined
COMMAND: POST /session/25dcfb25871b33b6fbae40ebb9612352/execute/async - {"script":"<script> [6424 bytes]","args":[{"element-6066-11e4-a52e-4f735466cecf":"f.2438752634DB01E0CA013ABFBE801384.d.088796359D29AC6CA5A1D42D5F654DCD.e.5669"},"getType",[]]}
RESULT: {"script":"<script> [6424 bytes]","args":[{"element-6066-11e4-a52e-4f735466cecf":"f.2438752634DB01E0CA013ABFBE801384.d.088796359D29AC6CA5A1D42D5F654DCD.e.5669"},"getType",[]]}
COMMAND: POST /session/25dcfb25871b33b6fbae40ebb9612352/execute/async - {"script":"<script> [1562 bytes]","args":[{"selector":{"controlType":"sap.m.Button","viewName":"etm.portal.ui.managerequests.view.Detail","bindingPath":{"path":"/SmartRequestItemsPlanningBoard(ITEM=20m,REQUEST='20265')","propertyPath":"PICK_UP"}},"wdio_ui5_key":"etmportal.ui.managerequests.view.Detailsap.m.Button{\"path\":\"/SmartRequestItemsPlanningBoard(ITEM=20m,REQUEST='20265')\",\"propertyPath\":\"PICK_UP\"}"}]}
RESULT: {"script":"<script> [1562 bytes]","args":[{"selector":{"controlType":"sap.m.Button","viewName":"etm.portal.ui.managerequests.view.Detail","bindingPath":{"path":"/SmartRequestItemsPlanningBoard(ITEM=20m,REQUEST='20265')","propertyPath":"PICK_UP"}},"wdio_ui5_key":"etmportal.ui.managerequests.view.Detailsap.m.Button{\"path\":\"/SmartRequestItemsPlanningBoard(ITEM=20m,REQUEST='20265')\",\"propertyPath\":\"PICK_UP\"}"}]}
RESULT: undefined
COMMAND: POST /session/25dcfb25871b33b6fbae40ebb9612352/execute/async - {"script":"<script> [6424 bytes]","args":[{"element-6066-11e4-a52e-4f735466cecf":"f.2438752634DB01E0CA013ABFBE801384.d.088796359D29AC6CA5A1D42D5F654DCD.e.5670"},"getType",[]]}
RESULT: {"script":"<script> [6424 bytes]","args":[{"element-6066-11e4-a52e-4f735466cecf":"f.2438752634DB01E0CA013ABFBE801384.d.088796359D29AC6CA5A1D42D5F654DCD.e.5670"},"getType",[]]}
]]></system-out>
    </testcase>
    <testcase classname="chrome.137_0_7151_56.windows.Manage_request_+_Contract_processing_pick_up_option_US120163_" name="Should Contract processing pick up option" time="165.376">
      <system-out><![CDATA[
COMMAND: POST /session/25dcfb25871b33b6fbae40ebb9612352/execute/async - {"script":"<script> [1562 bytes]","args":[{"selector":{"id":"requestContractNo","viewName":"etm.portal.ui.managerequests.view.Detail"},"wdio_ui5_key":"requestContractNoetmportal.ui.managerequests.view.Detail"}]}
RESULT: {"script":"<script> [1562 bytes]","args":[{"selector":{"id":"requestContractNo","viewName":"etm.portal.ui.managerequests.view.Detail"},"wdio_ui5_key":"requestContractNoetmportal.ui.managerequests.view.Detail"}]}
RESULT: undefined
COMMAND: POST /session/25dcfb25871b33b6fbae40ebb9612352/element - {"using":"xpath","value":"//*[@id=\"__xmlview2--requestContractNo\"]"}
RESULT: {"using":"xpath","value":"//*[@id=\"__xmlview2--requestContractNo\"]"}
COMMAND: POST /session/25dcfb25871b33b6fbae40ebb9612352/element/f.2438752634DB01E0CA013ABFBE801384.d.088796359D29AC6CA5A1D42D5F654DCD.e.5704/click - {}
RESULT: {}
COMMAND: POST /session/25dcfb25871b33b6fbae40ebb9612352/execute/async - {"script":"<script> [1562 bytes]","args":[{"selector":{"controlType":"sap.m.Link","viewName":"etm.portal.ui.managerequests.view.Detail","properties":{"text":"Contract Overview"},"searchOpenDialogs":true},"wdio_ui5_key":"etmportal.ui.managerequests.view.Detailsap.m.Link{\"text\":\"Contract Overview\"}"}]}
COMMAND: GET /session/25dcfb25871b33b6fbae40ebb9612352/screenshot - {}
RESULT: {"script":"<script> [1562 bytes]","args":[{"selector":{"controlType":"sap.m.Link","viewName":"etm.portal.ui.managerequests.view.Detail","properties":{"text":"Contract Overview"},"searchOpenDialogs":true},"wdio_ui5_key":"etmportal.ui.managerequests.view.Detailsap.m.Link{\"text\":\"Contract Overview\"}"}]}
RESULT: undefined
COMMAND: POST /session/25dcfb25871b33b6fbae40ebb9612352/element - {"using":"xpath","value":"//*[@id=\"__link8\"]"}
RESULT: {}
RESULT: {"using":"xpath","value":"//*[@id=\"__link8\"]"}
COMMAND: POST /session/25dcfb25871b33b6fbae40ebb9612352/element/f.2438752634DB01E0CA013ABFBE801384.d.088796359D29AC6CA5A1D42D5F654DCD.e.5706/click - {}
RESULT: {}
COMMAND: GET /session/25dcfb25871b33b6fbae40ebb9612352/screenshot - {}
RESULT: {}
COMMAND: POST /session/25dcfb25871b33b6fbae40ebb9612352/element - {"using":"xpath","value":"//div[contains(@id ,\"headerBillingItemsTabFilter-text\")]"}
RESULT: {"using":"xpath","value":"//div[contains(@id ,\"headerBillingItemsTabFilter-text\")]"}
COMMAND: POST /session/25dcfb25871b33b6fbae40ebb9612352/elements - {"using":"xpath","value":"//div[contains(@id ,\"headerBillingItemsTabFilter-text\")]"}
RESULT: {"using":"xpath","value":"//div[contains(@id ,\"headerBillingItemsTabFilter-text\")]"}
COMMAND: POST /session/25dcfb25871b33b6fbae40ebb9612352/elements - {"using":"xpath","value":"//div[contains(@id ,\"headerBillingItemsTabFilter-text\")]"}
RESULT: {"using":"xpath","value":"//div[contains(@id ,\"headerBillingItemsTabFilter-text\")]"}
COMMAND: POST /session/25dcfb25871b33b6fbae40ebb9612352/elements - {"using":"xpath","value":"//div[contains(@id ,\"headerBillingItemsTabFilter-text\")]"}
RESULT: {"using":"xpath","value":"//div[contains(@id ,\"headerBillingItemsTabFilter-text\")]"}
COMMAND: POST /session/25dcfb25871b33b6fbae40ebb9612352/element - {"using":"xpath","value":"//div[contains(@id ,\"headerBillingItemsTabFilter-text\")]"}
RESULT: {"using":"xpath","value":"//div[contains(@id ,\"headerBillingItemsTabFilter-text\")]"}
COMMAND: POST /session/25dcfb25871b33b6fbae40ebb9612352/element/f.2438752634DB01E0CA013ABFBE801384.d.088796359D29AC6CA5A1D42D5F654DCD.e.5863/click - {}
RESULT: {}
COMMAND: GET /session/25dcfb25871b33b6fbae40ebb9612352/screenshot - {}
RESULT: {}
COMMAND: POST /session/25dcfb25871b33b6fbae40ebb9612352/execute/async - {"script":"<script> [1562 bytes]","args":[{"selector":{"id":"addRequestItemBtn","viewName":"etm.portal.ui.managecontracts.view.Detail","interaction":{"idSuffix":"BDI-content"}},"wdio_ui5_key":"addRequestItemBtnetmportal.ui.managecontracts.view.Detail"}]}
RESULT: {"script":"<script> [1562 bytes]","args":[{"selector":{"id":"addRequestItemBtn","viewName":"etm.portal.ui.managecontracts.view.Detail","interaction":{"idSuffix":"BDI-content"}},"wdio_ui5_key":"addRequestItemBtnetmportal.ui.managecontracts.view.Detail"}]}
RESULT: undefined
COMMAND: POST /session/25dcfb25871b33b6fbae40ebb9612352/element - {"using":"xpath","value":"//*[@id=\"__xmlview4--addRequestItemBtn\"]"}
RESULT: {"using":"xpath","value":"//*[@id=\"__xmlview4--addRequestItemBtn\"]"}
COMMAND: POST /session/25dcfb25871b33b6fbae40ebb9612352/element/f.2438752634DB01E0CA013ABFBE801384.d.088796359D29AC6CA5A1D42D5F654DCD.e.5821/click - {}
RESULT: {}
COMMAND: GET /session/25dcfb25871b33b6fbae40ebb9612352/screenshot - {}
RESULT: {}
COMMAND: POST /session/25dcfb25871b33b6fbae40ebb9612352/element - {"using":"xpath","value":"//div[contains(@id ,\"popupRequestTable-sa-CbBg\")]"}
RESULT: {"using":"xpath","value":"//div[contains(@id ,\"popupRequestTable-sa-CbBg\")]"}
COMMAND: POST /session/25dcfb25871b33b6fbae40ebb9612352/element/f.2438752634DB01E0CA013ABFBE801384.d.088796359D29AC6CA5A1D42D5F654DCD.e.5940/click - {}
RESULT: {}
COMMAND: GET /session/25dcfb25871b33b6fbae40ebb9612352/screenshot - {}
RESULT: {}
COMMAND: POST /session/25dcfb25871b33b6fbae40ebb9612352/execute/async - {"script":"<script> [1562 bytes]","args":[{"selector":{"controlType":"sap.m.Button","viewName":"etm.portal.ui.managecontracts.view.Detail","i18NText":{"propertyName":"text","key":"selectionDone"},"searchOpenDialogs":true,"interaction":{"idSuffix":"content"}},"wdio_ui5_key":"etmportal.ui.managecontracts.view.Detailsap.m.Button{\"propertyName\":\"text\",\"key\":\"selectionDone\"}"}]}
RESULT: {"script":"<script> [1562 bytes]","args":[{"selector":{"controlType":"sap.m.Button","viewName":"etm.portal.ui.managecontracts.view.Detail","i18NText":{"propertyName":"text","key":"selectionDone"},"searchOpenDialogs":true,"interaction":{"idSuffix":"content"}},"wdio_ui5_key":"etmportal.ui.managecontracts.view.Detailsap.m.Button{\"propertyName\":\"text\",\"key\":\"selectionDone\"}"}]}
RESULT: undefined
COMMAND: POST /session/25dcfb25871b33b6fbae40ebb9612352/element - {"using":"xpath","value":"//*[@id=\"__button64\"]"}
RESULT: {"using":"xpath","value":"//*[@id=\"__button64\"]"}
COMMAND: POST /session/25dcfb25871b33b6fbae40ebb9612352/element/f.2438752634DB01E0CA013ABFBE801384.d.088796359D29AC6CA5A1D42D5F654DCD.e.5942/click - {}
RESULT: {}
COMMAND: POST /session/25dcfb25871b33b6fbae40ebb9612352/execute/async - {"script":"<script> [1562 bytes]","args":[{"selector":{"controlType":"sap.m.Button","properties":{"text":"OK"},"searchOpenDialogs":true,"interaction":{"idSuffix":"inner"}},"wdio_ui5_key":"sapm.Button{\"text\":\"OK\"}"}]}
COMMAND: GET /session/25dcfb25871b33b6fbae40ebb9612352/screenshot - {}
RESULT: {"script":"<script> [1562 bytes]","args":[{"selector":{"controlType":"sap.m.Button","properties":{"text":"OK"},"searchOpenDialogs":true,"interaction":{"idSuffix":"inner"}},"wdio_ui5_key":"sapm.Button{\"text\":\"OK\"}"}]}
RESULT: undefined
COMMAND: POST /session/25dcfb25871b33b6fbae40ebb9612352/element - {"using":"xpath","value":"//*[@id=\"__mbox-btn-1\"]"}
RESULT: {}
RESULT: {"using":"xpath","value":"//*[@id=\"__mbox-btn-1\"]"}
COMMAND: POST /session/25dcfb25871b33b6fbae40ebb9612352/element/f.2438752634DB01E0CA013ABFBE801384.d.088796359D29AC6CA5A1D42D5F654DCD.e.5944/click - {}
RESULT: {}
COMMAND: GET /session/25dcfb25871b33b6fbae40ebb9612352/screenshot - {}
RESULT: {}
COMMAND: POST /session/25dcfb25871b33b6fbae40ebb9612352/element - {"using":"xpath","value":"//div[contains(@id ,\"headerBillingItemsTabFilter-text\")]"}
RESULT: {"using":"xpath","value":"//div[contains(@id ,\"headerBillingItemsTabFilter-text\")]"}
COMMAND: POST /session/25dcfb25871b33b6fbae40ebb9612352/element/f.2438752634DB01E0CA013ABFBE801384.d.088796359D29AC6CA5A1D42D5F654DCD.e.5863/click - {}
RESULT: {}
COMMAND: GET /session/25dcfb25871b33b6fbae40ebb9612352/screenshot - {}
RESULT: {}
COMMAND: POST /session/25dcfb25871b33b6fbae40ebb9612352/element - {"using":"xpath","value":"//button[contains(@data-kt ,\"refreshButton\")]"}
RESULT: {"using":"xpath","value":"//button[contains(@data-kt ,\"refreshButton\")]"}
COMMAND: POST /session/25dcfb25871b33b6fbae40ebb9612352/element/f.2438752634DB01E0CA013ABFBE801384.d.088796359D29AC6CA5A1D42D5F654DCD.e.5818/click - {}
RESULT: {}
COMMAND: GET /session/25dcfb25871b33b6fbae40ebb9612352/screenshot - {}
RESULT: {}
COMMAND: POST /session/25dcfb25871b33b6fbae40ebb9612352/element - {"using":"xpath","value":"//div[contains(@id ,\"headerBillingItemsTabFilter-text\")]"}
RESULT: {"using":"xpath","value":"//div[contains(@id ,\"headerBillingItemsTabFilter-text\")]"}
COMMAND: POST /session/25dcfb25871b33b6fbae40ebb9612352/element/f.2438752634DB01E0CA013ABFBE801384.d.088796359D29AC6CA5A1D42D5F654DCD.e.5863/click - {}
RESULT: {}
COMMAND: GET /session/25dcfb25871b33b6fbae40ebb9612352/screenshot - {}
RESULT: {}
COMMAND: POST /session/25dcfb25871b33b6fbae40ebb9612352/execute/async - {"script":"<script> [1562 bytes]","args":[{"selector":{"id":"contractDetailProvideButton","viewName":"etm.portal.ui.managecontracts.view.Detail","interaction":{"idSuffix":"BDI-content"}},"wdio_ui5_key":"contractDetailProvideButtonetmportal.ui.managecontracts.view.Detail"}]}
RESULT: {"script":"<script> [1562 bytes]","args":[{"selector":{"id":"contractDetailProvideButton","viewName":"etm.portal.ui.managecontracts.view.Detail","interaction":{"idSuffix":"BDI-content"}},"wdio_ui5_key":"contractDetailProvideButtonetmportal.ui.managecontracts.view.Detail"}]}
RESULT: undefined
COMMAND: POST /session/25dcfb25871b33b6fbae40ebb9612352/element - {"using":"xpath","value":"//*[@id=\"__xmlview4--contractDetailProvideButton\"]"}
RESULT: {"using":"xpath","value":"//*[@id=\"__xmlview4--contractDetailProvideButton\"]"}
COMMAND: POST /session/25dcfb25871b33b6fbae40ebb9612352/element/f.2438752634DB01E0CA013ABFBE801384.d.088796359D29AC6CA5A1D42D5F654DCD.e.5827/click - {}
RESULT: {}
COMMAND: GET /session/25dcfb25871b33b6fbae40ebb9612352/screenshot - {}
RESULT: {}
COMMAND: POST /session/25dcfb25871b33b6fbae40ebb9612352/execute/async - {"script":"<script> [1562 bytes]","args":[{"selector":{"id":"application-managehandovers-display-component---AddNewHO--pickUpCheckbox","interaction":{"idSuffix":"CbBg"}},"wdio_ui5_key":"applicationmanagehandovers-display-component---AddNewHO--pickUpCheckbox"}]}
RESULT: {"script":"<script> [1562 bytes]","args":[{"selector":{"id":"application-managehandovers-display-component---AddNewHO--pickUpCheckbox","interaction":{"idSuffix":"CbBg"}},"wdio_ui5_key":"applicationmanagehandovers-display-component---AddNewHO--pickUpCheckbox"}]}
RESULT: undefined
COMMAND: POST /session/25dcfb25871b33b6fbae40ebb9612352/element - {"using":"xpath","value":"//*[@id=\"application-managehandovers-display-component---AddNewHO--pickUpCheckbox\"]"}
RESULT: {"using":"xpath","value":"//*[@id=\"application-managehandovers-display-component---AddNewHO--pickUpCheckbox\"]"}
COMMAND: POST /session/25dcfb25871b33b6fbae40ebb9612352/element/f.2438752634DB01E0CA013ABFBE801384.d.088796359D29AC6CA5A1D42D5F654DCD.e.6120/click - {}
RESULT: {}
COMMAND: POST /session/25dcfb25871b33b6fbae40ebb9612352/execute/async - {"script":"<script> [1562 bytes]","args":[{"selector":{"id":"application-managehandovers-display-component---AddNewHO--ObjectPageLayout-anchBar-application-managehandovers-display-component---AddNewHO--section4-anchor","interaction":{"idSuffix":"content"}},"wdio_ui5_key":"applicationmanagehandovers-display-component---AddNewHO--ObjectPageLayout-anchBar-application-managehandovers-display-component---AddNewHO--section4-anchor"}]}
COMMAND: GET /session/25dcfb25871b33b6fbae40ebb9612352/screenshot - {}
RESULT: {"script":"<script> [1562 bytes]","args":[{"selector":{"id":"application-managehandovers-display-component---AddNewHO--ObjectPageLayout-anchBar-application-managehandovers-display-component---AddNewHO--section4-anchor","interaction":{"idSuffix":"content"}},"wdio_ui5_key":"applicationmanagehandovers-display-component---AddNewHO--ObjectPageLayout-anchBar-application-managehandovers-display-component---AddNewHO--section4-anchor"}]}
RESULT: undefined
COMMAND: POST /session/25dcfb25871b33b6fbae40ebb9612352/element - {"using":"xpath","value":"//*[@id=\"application-managehandovers-display-component---AddNewHO--ObjectPageLayout-anchBar-application-managehandovers-display-component---AddNewHO--section4-anchor\"]"}
RESULT: {}
RESULT: {"using":"xpath","value":"//*[@id=\"application-managehandovers-display-component---AddNewHO--ObjectPageLayout-anchBar-application-managehandovers-display-component---AddNewHO--section4-anchor\"]"}
COMMAND: POST /session/25dcfb25871b33b6fbae40ebb9612352/element/f.2438752634DB01E0CA013ABFBE801384.d.088796359D29AC6CA5A1D42D5F654DCD.e.6124/click - {}
RESULT: {}
COMMAND: POST /session/25dcfb25871b33b6fbae40ebb9612352/execute/async - {"script":"<script> [1562 bytes]","args":[{"selector":{"controlType":"sap.m.Button","viewName":"etm.portal.ui.managehandovers.view.AddNewHO","viewId":"application-managehandovers-display-component---AddNewHO","i18NText":{"propertyName":"tooltip","key":"addItems"},"interaction":{"idSuffix":"inner"}},"wdio_ui5_key":"etmportal.ui.managehandovers.view.AddNewHOsap.m.Button{\"propertyName\":\"tooltip\",\"key\":\"addItems\"}"}]}
COMMAND: GET /session/25dcfb25871b33b6fbae40ebb9612352/screenshot - {}
RESULT: {"script":"<script> [1562 bytes]","args":[{"selector":{"controlType":"sap.m.Button","viewName":"etm.portal.ui.managehandovers.view.AddNewHO","viewId":"application-managehandovers-display-component---AddNewHO","i18NText":{"propertyName":"tooltip","key":"addItems"},"interaction":{"idSuffix":"inner"}},"wdio_ui5_key":"etmportal.ui.managehandovers.view.AddNewHOsap.m.Button{\"propertyName\":\"tooltip\",\"key\":\"addItems\"}"}]}
RESULT: undefined
COMMAND: POST /session/25dcfb25871b33b6fbae40ebb9612352/element - {"using":"xpath","value":"//*[@id=\"__button81\"]"}
RESULT: {}
RESULT: {"using":"xpath","value":"//*[@id=\"__button81\"]"}
COMMAND: POST /session/25dcfb25871b33b6fbae40ebb9612352/element/f.2438752634DB01E0CA013ABFBE801384.d.088796359D29AC6CA5A1D42D5F654DCD.e.6128/click - {}
RESULT: {}
COMMAND: POST /session/25dcfb25871b33b6fbae40ebb9612352/execute/async - {"script":"<script> [1562 bytes]","args":[{"selector":{"id":"application-managehandovers-display-component---AddNewHO--smartTableHOPopup-header","searchOpenDialogs":true},"wdio_ui5_key":"applicationmanagehandovers-display-component---AddNewHO--smartTableHOPopup-header"}]}
COMMAND: GET /session/25dcfb25871b33b6fbae40ebb9612352/screenshot - {}
RESULT: {"script":"<script> [1562 bytes]","args":[{"selector":{"id":"application-managehandovers-display-component---AddNewHO--smartTableHOPopup-header","searchOpenDialogs":true},"wdio_ui5_key":"applicationmanagehandovers-display-component---AddNewHO--smartTableHOPopup-header"}]}
RESULT: undefined
COMMAND: POST /session/25dcfb25871b33b6fbae40ebb9612352/execute/async - {"script":"<script> [6424 bytes]","args":[{"element-6066-11e4-a52e-4f735466cecf":"f.2438752634DB01E0CA013ABFBE801384.d.088796359D29AC6CA5A1D42D5F654DCD.e.6143"},"getText",[]]}
RESULT: {}
RESULT: {"script":"<script> [6424 bytes]","args":[{"element-6066-11e4-a52e-4f735466cecf":"f.2438752634DB01E0CA013ABFBE801384.d.088796359D29AC6CA5A1D42D5F654DCD.e.6143"},"getText",[]]}
COMMAND: POST /session/25dcfb25871b33b6fbae40ebb9612352/actions - {"actions":[{"id":"action44","type":"key","parameters":{},"actions":[{"type":"keyDown","value":"î€Œ"},{"type":"pause","duration":10},{"type":"keyUp","value":"î€Œ"}]}]}
RESULT: {"actions":[{"id":"action44","type":"key","parameters":{},"actions":[{"type":"keyDown","value":"î€Œ"},{"type":"pause","duration":10},{"type":"keyUp","value":"î€Œ"}]}]}
COMMAND: GET /session/25dcfb25871b33b6fbae40ebb9612352/screenshot - {}
RESULT: {}
COMMAND: POST /session/25dcfb25871b33b6fbae40ebb9612352/execute/async - {"script":"<script> [1562 bytes]","args":[{"selector":{"id":"backBtn"},"wdio_ui5_key":"backBtn"}]}
RESULT: {"script":"<script> [1562 bytes]","args":[{"selector":{"id":"backBtn"},"wdio_ui5_key":"backBtn"}]}
RESULT: undefined
COMMAND: POST /session/25dcfb25871b33b6fbae40ebb9612352/element - {"using":"xpath","value":"//*[@id=\"backBtn\"]"}
RESULT: {"using":"xpath","value":"//*[@id=\"backBtn\"]"}
COMMAND: POST /session/25dcfb25871b33b6fbae40ebb9612352/element/f.2438752634DB01E0CA013ABFBE801384.d.088796359D29AC6CA5A1D42D5F654DCD.e.6145/click - {}
RESULT: {}
COMMAND: GET /session/25dcfb25871b33b6fbae40ebb9612352/screenshot - {}
COMMAND: POST /session/25dcfb25871b33b6fbae40ebb9612352/refresh - {}
RESULT: {}
RESULT: {}
COMMAND: GET /session/25dcfb25871b33b6fbae40ebb9612352/screenshot - {}
RESULT: {}
COMMAND: POST /session/25dcfb25871b33b6fbae40ebb9612352/execute/async - {"script":"<script> [189 bytes]","args":[]}
RESULT: {"script":"<script> [189 bytes]","args":[]}
COMMAND: POST /session/25dcfb25871b33b6fbae40ebb9612352/execute/async - {"script":"<script> [123 bytes]","args":[]}
RESULT: {"script":"<script> [123 bytes]","args":[]}
COMMAND: POST /session/25dcfb25871b33b6fbae40ebb9612352/timeouts - {"script":"<number>"}
RESULT: {"script":"<number>"}
COMMAND: GET /session/25dcfb25871b33b6fbae40ebb9612352/timeouts - {}
RESULT: {}
RESULT: undefined
COMMAND: POST /session/25dcfb25871b33b6fbae40ebb9612352/execute/async - {"script":"<script> [2676 bytes]","args":[]}
RESULT: {"script":"<script> [2676 bytes]","args":[]}
COMMAND: POST /session/25dcfb25871b33b6fbae40ebb9612352/execute/async - {"script":"<script> [2342 bytes]","args":[{"protocol":"http","hostname":"0.0.0.0","path":"/","capabilities":{"browserName":"chrome","goog:chromeOptions":{"binary":"C:\\Program Files\\Google\\Chrome\\Application\\chrome.exe","args":["--start-maximized"]}},"logLevel":"warn","connectionRetryTimeout":120000,"connectionRetryCount":3,"logLevels":{},"enableDirectConnect":true,"strictSSL":true,"_":"65 more keys: [\"cacheDir\",\"port\",\"requestedCapabilities\",\"automationProtocol\",\"baseUrl\",\"waitforInterval\",\"waitforTimeout\",\"onReload\",\"beforeCommand\",\"afterCommand\",\"rootDir\",\"specs\",\"suites\",\"exclude\",\"groupLogsByTestSpec\",\"excludeDriverLogs\",\"bail\",\"framework\",\"reporters\",\"services\",\"maxInstances\",\"maxInstancesPerCapability\",\"injectGlobals\",\"filesToWatch\",\"execArgv\",\"runnerEnv\",\"runner\",\"shard\",\"specFileRetries\",\"specFileRetriesDelay\",\"specFileRetriesDeferred\",\"reporterSyncInterval\",\"reporterSyncTimeout\",\"cucumberFeaturesWithLineNumbers\",\"autoCompileOpts\",\"mochaOpts\",\"jasmineOpts\",\"cucumberOpts\",\"onPrepare\",\"onWorkerStart\",\"onWorkerEnd\",\"before\",\"beforeSession\",\"beforeSuite\",\"beforeHook\",\"beforeTest\",\"afterTest\",\"afterHook\",\"afterSuite\",\"afterSession\",\"after\",\"onComplete\",\"beforeAssertion\",\"afterAssertion\",\"beforeFeature\",\"beforeScenario\",\"beforeStep\",\"afterStep\",\"afterScenario\",\"afterFeature\",\"_\",\"suite\",\"$0\",\"ignoredWorkerServices\",\"wdi5\"]"}]}
RESULT: {"script":"<script> [2342 bytes]","args":[{"protocol":"http","hostname":"0.0.0.0","path":"/","capabilities":{"browserName":"chrome","goog:chromeOptions":{"binary":"C:\\Program Files\\Google\\Chrome\\Application\\chrome.exe","args":["--start-maximized"]}},"logLevel":"warn","connectionRetryTimeout":120000,"connectionRetryCount":3,"logLevels":{},"enableDirectConnect":true,"strictSSL":true,"_":"65 more keys: [\"cacheDir\",\"port\",\"requestedCapabilities\",\"automationProtocol\",\"baseUrl\",\"waitforInterval\",\"waitforTimeout\",\"onReload\",\"beforeCommand\",\"afterCommand\",\"rootDir\",\"specs\",\"suites\",\"exclude\",\"groupLogsByTestSpec\",\"excludeDriverLogs\",\"bail\",\"framework\",\"reporters\",\"services\",\"maxInstances\",\"maxInstancesPerCapability\",\"injectGlobals\",\"filesToWatch\",\"execArgv\",\"runnerEnv\",\"runner\",\"shard\",\"specFileRetries\",\"specFileRetriesDelay\",\"specFileRetriesDeferred\",\"reporterSyncInterval\",\"reporterSyncTimeout\",\"cucumberFeaturesWithLineNumbers\",\"autoCompileOpts\",\"mochaOpts\",\"jasmineOpts\",\"cucumberOpts\",\"onPrepare\",\"onWorkerStart\",\"onWorkerEnd\",\"before\",\"beforeSession\",\"beforeSuite\",\"beforeHook\",\"beforeTest\",\"afterTest\",\"afterHook\",\"afterSuite\",\"afterSession\",\"after\",\"onComplete\",\"beforeAssertion\",\"afterAssertion\",\"beforeFeature\",\"beforeScenario\",\"beforeStep\",\"afterStep\",\"afterScenario\",\"afterFeature\",\"_\",\"suite\",\"$0\",\"ignoredWorkerServices\",\"wdi5\"]"}]}
COMMAND: POST /session/25dcfb25871b33b6fbae40ebb9612352/execute/async - {"script":"<script> [21126 bytes]","args":[35000]}
RESULT: {"script":"<script> [21126 bytes]","args":[35000]}
COMMAND: POST /session/25dcfb25871b33b6fbae40ebb9612352/element - {"using":"xpath","value":"//div[contains(@id ,\"headerBillingItemsTabFilter-text\")]"}
RESULT: {"using":"xpath","value":"//div[contains(@id ,\"headerBillingItemsTabFilter-text\")]"}
COMMAND: POST /session/25dcfb25871b33b6fbae40ebb9612352/element/f.2438752634DB01E0CA013ABFBE801384.d.98CAB07E4F20B581E58DE69D63E692DE.e.6226/click - {}
RESULT: {}
COMMAND: GET /session/25dcfb25871b33b6fbae40ebb9612352/screenshot - {}
COMMAND: POST /session/25dcfb25871b33b6fbae40ebb9612352/execute/async - {"script":"<script> [1562 bytes]","args":[{"selector":{"id":"revertPlanningBtn","viewName":"etm.portal.ui.managecontracts.view.Detail","interaction":{"idSuffix":"BDI-content"}},"wdio_ui5_key":"revertPlanningBtnetmportal.ui.managecontracts.view.Detail"}]}
RESULT: {}
RESULT: {"script":"<script> [1562 bytes]","args":[{"selector":{"id":"revertPlanningBtn","viewName":"etm.portal.ui.managecontracts.view.Detail","interaction":{"idSuffix":"BDI-content"}},"wdio_ui5_key":"revertPlanningBtnetmportal.ui.managecontracts.view.Detail"}]}
RESULT: undefined
COMMAND: POST /session/25dcfb25871b33b6fbae40ebb9612352/element - {"using":"xpath","value":"//*[@id=\"__xmlview1--revertPlanningBtn\"]"}
RESULT: {"using":"xpath","value":"//*[@id=\"__xmlview1--revertPlanningBtn\"]"}
COMMAND: POST /session/25dcfb25871b33b6fbae40ebb9612352/element/f.2438752634DB01E0CA013ABFBE801384.d.98CAB07E4F20B581E58DE69D63E692DE.e.6305/click - {}
RESULT: {}
COMMAND: GET /session/25dcfb25871b33b6fbae40ebb9612352/screenshot - {}
RESULT: {}
COMMAND: POST /session/25dcfb25871b33b6fbae40ebb9612352/actions - {"actions":[{"id":"action45","type":"key","parameters":{},"actions":[{"type":"keyDown","value":"î€‡"},{"type":"pause","duration":10},{"type":"keyUp","value":"î€‡"}]}]}
RESULT: {"actions":[{"id":"action45","type":"key","parameters":{},"actions":[{"type":"keyDown","value":"î€‡"},{"type":"pause","duration":10},{"type":"keyUp","value":"î€‡"}]}]}
COMMAND: GET /session/25dcfb25871b33b6fbae40ebb9612352/screenshot - {}
RESULT: {}
COMMAND: POST /session/25dcfb25871b33b6fbae40ebb9612352/element - {"using":"xpath","value":"//div[contains(@id ,\"ProductsTable-sa-CbBg\")]"}
RESULT: {"using":"xpath","value":"//div[contains(@id ,\"ProductsTable-sa-CbBg\")]"}
COMMAND: POST /session/25dcfb25871b33b6fbae40ebb9612352/element/f.2438752634DB01E0CA013ABFBE801384.d.98CAB07E4F20B581E58DE69D63E692DE.e.6435/click - {}
RESULT: {}
COMMAND: GET /session/25dcfb25871b33b6fbae40ebb9612352/screenshot - {}
RESULT: {}
COMMAND: POST /session/25dcfb25871b33b6fbae40ebb9612352/execute/async - {"script":"<script> [1562 bytes]","args":[{"selector":{"id":"executeRevertPlanningBtn","viewName":"etm.portal.ui.managecontracts.view.Detail","interaction":{"idSuffix":"BDI-content"}},"wdio_ui5_key":"executeRevertPlanningBtnetmportal.ui.managecontracts.view.Detail"}]}
RESULT: {"script":"<script> [1562 bytes]","args":[{"selector":{"id":"executeRevertPlanningBtn","viewName":"etm.portal.ui.managecontracts.view.Detail","interaction":{"idSuffix":"BDI-content"}},"wdio_ui5_key":"executeRevertPlanningBtnetmportal.ui.managecontracts.view.Detail"}]}
RESULT: undefined
COMMAND: POST /session/25dcfb25871b33b6fbae40ebb9612352/element - {"using":"xpath","value":"//*[@id=\"__xmlview1--executeRevertPlanningBtn\"]"}
RESULT: {"using":"xpath","value":"//*[@id=\"__xmlview1--executeRevertPlanningBtn\"]"}
COMMAND: POST /session/25dcfb25871b33b6fbae40ebb9612352/element/f.2438752634DB01E0CA013ABFBE801384.d.98CAB07E4F20B581E58DE69D63E692DE.e.6434/click - {}
RESULT: {}
COMMAND: GET /session/25dcfb25871b33b6fbae40ebb9612352/screenshot - {}
RESULT: {}
COMMAND: POST /session/25dcfb25871b33b6fbae40ebb9612352/actions - {"actions":[{"id":"action46","type":"key","parameters":{},"actions":[{"type":"keyDown","value":"î€‡"},{"type":"pause","duration":10},{"type":"keyUp","value":"î€‡"}]}]}
RESULT: {"actions":[{"id":"action46","type":"key","parameters":{},"actions":[{"type":"keyDown","value":"î€‡"},{"type":"pause","duration":10},{"type":"keyUp","value":"î€‡"}]}]}
COMMAND: POST /session/25dcfb25871b33b6fbae40ebb9612352/execute/async - {"script":"<script> [1562 bytes]","args":[{"selector":{"id":"backBtn"},"wdio_ui5_key":"backBtn"}]}
COMMAND: GET /session/25dcfb25871b33b6fbae40ebb9612352/screenshot - {}
RESULT: {"script":"<script> [1562 bytes]","args":[{"selector":{"id":"backBtn"},"wdio_ui5_key":"backBtn"}]}
RESULT: undefined
COMMAND: POST /session/25dcfb25871b33b6fbae40ebb9612352/element - {"using":"xpath","value":"//*[@id=\"backBtn\"]"}
RESULT: {}
RESULT: {"using":"xpath","value":"//*[@id=\"backBtn\"]"}
COMMAND: POST /session/25dcfb25871b33b6fbae40ebb9612352/element/f.2438752634DB01E0CA013ABFBE801384.d.98CAB07E4F20B581E58DE69D63E692DE.e.6447/click - {}
RESULT: {}
COMMAND: GET /session/25dcfb25871b33b6fbae40ebb9612352/screenshot - {}
RESULT: {}
COMMAND: POST /session/25dcfb25871b33b6fbae40ebb9612352/refresh - {}
RESULT: {}
COMMAND: GET /session/25dcfb25871b33b6fbae40ebb9612352/screenshot - {}
RESULT: {}
COMMAND: POST /session/25dcfb25871b33b6fbae40ebb9612352/execute/async - {"script":"<script> [189 bytes]","args":[]}
RESULT: {"script":"<script> [189 bytes]","args":[]}
COMMAND: POST /session/25dcfb25871b33b6fbae40ebb9612352/execute/async - {"script":"<script> [123 bytes]","args":[]}
RESULT: {"script":"<script> [123 bytes]","args":[]}
COMMAND: POST /session/25dcfb25871b33b6fbae40ebb9612352/timeouts - {"script":"<number>"}
RESULT: {"script":"<number>"}
COMMAND: GET /session/25dcfb25871b33b6fbae40ebb9612352/timeouts - {}
RESULT: {}
RESULT: undefined
COMMAND: POST /session/25dcfb25871b33b6fbae40ebb9612352/execute/async - {"script":"<script> [2676 bytes]","args":[]}
RESULT: {"script":"<script> [2676 bytes]","args":[]}
COMMAND: POST /session/25dcfb25871b33b6fbae40ebb9612352/execute/async - {"script":"<script> [2342 bytes]","args":[{"protocol":"http","hostname":"0.0.0.0","path":"/","capabilities":{"browserName":"chrome","goog:chromeOptions":{"binary":"C:\\Program Files\\Google\\Chrome\\Application\\chrome.exe","args":["--start-maximized"]}},"logLevel":"warn","connectionRetryTimeout":120000,"connectionRetryCount":3,"logLevels":{},"enableDirectConnect":true,"strictSSL":true,"_":"65 more keys: [\"cacheDir\",\"port\",\"requestedCapabilities\",\"automationProtocol\",\"baseUrl\",\"waitforInterval\",\"waitforTimeout\",\"onReload\",\"beforeCommand\",\"afterCommand\",\"rootDir\",\"specs\",\"suites\",\"exclude\",\"groupLogsByTestSpec\",\"excludeDriverLogs\",\"bail\",\"framework\",\"reporters\",\"services\",\"maxInstances\",\"maxInstancesPerCapability\",\"injectGlobals\",\"filesToWatch\",\"execArgv\",\"runnerEnv\",\"runner\",\"shard\",\"specFileRetries\",\"specFileRetriesDelay\",\"specFileRetriesDeferred\",\"reporterSyncInterval\",\"reporterSyncTimeout\",\"cucumberFeaturesWithLineNumbers\",\"autoCompileOpts\",\"mochaOpts\",\"jasmineOpts\",\"cucumberOpts\",\"onPrepare\",\"onWorkerStart\",\"onWorkerEnd\",\"before\",\"beforeSession\",\"beforeSuite\",\"beforeHook\",\"beforeTest\",\"afterTest\",\"afterHook\",\"afterSuite\",\"afterSession\",\"after\",\"onComplete\",\"beforeAssertion\",\"afterAssertion\",\"beforeFeature\",\"beforeScenario\",\"beforeStep\",\"afterStep\",\"afterScenario\",\"afterFeature\",\"_\",\"suite\",\"$0\",\"ignoredWorkerServices\",\"wdi5\"]"}]}
RESULT: {"script":"<script> [2342 bytes]","args":[{"protocol":"http","hostname":"0.0.0.0","path":"/","capabilities":{"browserName":"chrome","goog:chromeOptions":{"binary":"C:\\Program Files\\Google\\Chrome\\Application\\chrome.exe","args":["--start-maximized"]}},"logLevel":"warn","connectionRetryTimeout":120000,"connectionRetryCount":3,"logLevels":{},"enableDirectConnect":true,"strictSSL":true,"_":"65 more keys: [\"cacheDir\",\"port\",\"requestedCapabilities\",\"automationProtocol\",\"baseUrl\",\"waitforInterval\",\"waitforTimeout\",\"onReload\",\"beforeCommand\",\"afterCommand\",\"rootDir\",\"specs\",\"suites\",\"exclude\",\"groupLogsByTestSpec\",\"excludeDriverLogs\",\"bail\",\"framework\",\"reporters\",\"services\",\"maxInstances\",\"maxInstancesPerCapability\",\"injectGlobals\",\"filesToWatch\",\"execArgv\",\"runnerEnv\",\"runner\",\"shard\",\"specFileRetries\",\"specFileRetriesDelay\",\"specFileRetriesDeferred\",\"reporterSyncInterval\",\"reporterSyncTimeout\",\"cucumberFeaturesWithLineNumbers\",\"autoCompileOpts\",\"mochaOpts\",\"jasmineOpts\",\"cucumberOpts\",\"onPrepare\",\"onWorkerStart\",\"onWorkerEnd\",\"before\",\"beforeSession\",\"beforeSuite\",\"beforeHook\",\"beforeTest\",\"afterTest\",\"afterHook\",\"afterSuite\",\"afterSession\",\"after\",\"onComplete\",\"beforeAssertion\",\"afterAssertion\",\"beforeFeature\",\"beforeScenario\",\"beforeStep\",\"afterStep\",\"afterScenario\",\"afterFeature\",\"_\",\"suite\",\"$0\",\"ignoredWorkerServices\",\"wdi5\"]"}]}
COMMAND: POST /session/25dcfb25871b33b6fbae40ebb9612352/execute/async - {"script":"<script> [21126 bytes]","args":[35000]}
RESULT: {"script":"<script> [21126 bytes]","args":[35000]}
COMMAND: POST /session/25dcfb25871b33b6fbae40ebb9612352/execute/async - {"script":"<script> [1562 bytes]","args":[{"selector":{"controlType":"sap.m.ObjectStatus","viewName":"etm.portal.ui.managerequests.view.Detail","bindingPath":{"path":"/RequestHeaders('20265')","propertyPath":"LINK_TO_STATUS/DESCRIPTION","modelName":"catalogModel"}},"wdio_ui5_key":"etmportal.ui.managerequests.view.Detailsap.m.ObjectStatus{\"path\":\"/RequestHeaders('20265')\",\"propertyPath\":\"LINK_TO_STATUS/DESCRIPTION\",\"modelName\":\"catalogModel\"}"}]}
RESULT: {"script":"<script> [1562 bytes]","args":[{"selector":{"controlType":"sap.m.ObjectStatus","viewName":"etm.portal.ui.managerequests.view.Detail","bindingPath":{"path":"/RequestHeaders('20265')","propertyPath":"LINK_TO_STATUS/DESCRIPTION","modelName":"catalogModel"}},"wdio_ui5_key":"etmportal.ui.managerequests.view.Detailsap.m.ObjectStatus{\"path\":\"/RequestHeaders('20265')\",\"propertyPath\":\"LINK_TO_STATUS/DESCRIPTION\",\"modelName\":\"catalogModel\"}"}]}
RESULT: undefined
COMMAND: POST /session/25dcfb25871b33b6fbae40ebb9612352/execute/async - {"script":"<script> [6424 bytes]","args":[{"element-6066-11e4-a52e-4f735466cecf":"f.2438752634DB01E0CA013ABFBE801384.d.B7828ADA311EF47D41C2B4FC4355F8E1.e.6747"},"getText",[]]}
RESULT: {"script":"<script> [6424 bytes]","args":[{"element-6066-11e4-a52e-4f735466cecf":"f.2438752634DB01E0CA013ABFBE801384.d.B7828ADA311EF47D41C2B4FC4355F8E1.e.6747"},"getText",[]]}
COMMAND: POST /session/25dcfb25871b33b6fbae40ebb9612352/execute/async - {"script":"<script> [1562 bytes]","args":[{"selector":{"controlType":"sap.m.Button","viewName":"etm.portal.ui.managerequests.view.Detail","bindingPath":{"path":"/SmartRequestItemsPlanningBoard(ITEM=10m,REQUEST='20265')","propertyPath":"PICK_UP"}},"wdio_ui5_key":"etmportal.ui.managerequests.view.Detailsap.m.Button{\"path\":\"/SmartRequestItemsPlanningBoard(ITEM=10m,REQUEST='20265')\",\"propertyPath\":\"PICK_UP\"}"}]}
RESULT: {"script":"<script> [1562 bytes]","args":[{"selector":{"controlType":"sap.m.Button","viewName":"etm.portal.ui.managerequests.view.Detail","bindingPath":{"path":"/SmartRequestItemsPlanningBoard(ITEM=10m,REQUEST='20265')","propertyPath":"PICK_UP"}},"wdio_ui5_key":"etmportal.ui.managerequests.view.Detailsap.m.Button{\"path\":\"/SmartRequestItemsPlanningBoard(ITEM=10m,REQUEST='20265')\",\"propertyPath\":\"PICK_UP\"}"}]}
RESULT: undefined
COMMAND: POST /session/25dcfb25871b33b6fbae40ebb9612352/execute/async - {"script":"<script> [6424 bytes]","args":[{"element-6066-11e4-a52e-4f735466cecf":"f.2438752634DB01E0CA013ABFBE801384.d.B7828ADA311EF47D41C2B4FC4355F8E1.e.6739"},"getType",[]]}
RESULT: {"script":"<script> [6424 bytes]","args":[{"element-6066-11e4-a52e-4f735466cecf":"f.2438752634DB01E0CA013ABFBE801384.d.B7828ADA311EF47D41C2B4FC4355F8E1.e.6739"},"getType",[]]}
COMMAND: POST /session/25dcfb25871b33b6fbae40ebb9612352/execute/async - {"script":"<script> [1562 bytes]","args":[{"selector":{"controlType":"sap.m.Button","viewName":"etm.portal.ui.managerequests.view.Detail","bindingPath":{"path":"/SmartRequestItemsPlanningBoard(ITEM=20m,REQUEST='20265')","propertyPath":"PICK_UP"}},"wdio_ui5_key":"etmportal.ui.managerequests.view.Detailsap.m.Button{\"path\":\"/SmartRequestItemsPlanningBoard(ITEM=20m,REQUEST='20265')\",\"propertyPath\":\"PICK_UP\"}"}]}
RESULT: {"script":"<script> [1562 bytes]","args":[{"selector":{"controlType":"sap.m.Button","viewName":"etm.portal.ui.managerequests.view.Detail","bindingPath":{"path":"/SmartRequestItemsPlanningBoard(ITEM=20m,REQUEST='20265')","propertyPath":"PICK_UP"}},"wdio_ui5_key":"etmportal.ui.managerequests.view.Detailsap.m.Button{\"path\":\"/SmartRequestItemsPlanningBoard(ITEM=20m,REQUEST='20265')\",\"propertyPath\":\"PICK_UP\"}"}]}
RESULT: undefined
COMMAND: POST /session/25dcfb25871b33b6fbae40ebb9612352/execute/async - {"script":"<script> [6424 bytes]","args":[{"element-6066-11e4-a52e-4f735466cecf":"f.2438752634DB01E0CA013ABFBE801384.d.B7828ADA311EF47D41C2B4FC4355F8E1.e.6749"},"getType",[]]}
RESULT: {"script":"<script> [6424 bytes]","args":[{"element-6066-11e4-a52e-4f735466cecf":"f.2438752634DB01E0CA013ABFBE801384.d.B7828ADA311EF47D41C2B4FC4355F8E1.e.6749"},"getType",[]]}
COMMAND: POST /session/25dcfb25871b33b6fbae40ebb9612352/element - {"using":"css selector","value":"#shell-header-logo"}
RESULT: {"using":"css selector","value":"#shell-header-logo"}
COMMAND: POST /session/25dcfb25871b33b6fbae40ebb9612352/element/f.2438752634DB01E0CA013ABFBE801384.d.B7828ADA311EF47D41C2B4FC4355F8E1.e.6539/click - {}
RESULT: {}
COMMAND: GET /session/25dcfb25871b33b6fbae40ebb9612352/screenshot - {}
RESULT: {}
COMMAND: POST /session/25dcfb25871b33b6fbae40ebb9612352/execute/async - {"script":"<script> [1562 bytes]","args":[{"selector":{"controlType":"sap.m.GenericTile","properties":{"header":"Manage Classifications"}},"wdio_ui5_key":"sapm.GenericTile{\"header\":\"Manage Classifications\"}"}]}
RESULT: {"script":"<script> [1562 bytes]","args":[{"selector":{"controlType":"sap.m.GenericTile","properties":{"header":"Manage Classifications"}},"wdio_ui5_key":"sapm.GenericTile{\"header\":\"Manage Classifications\"}"}]}
RESULT: undefined
COMMAND: POST /session/25dcfb25871b33b6fbae40ebb9612352/element - {"using":"xpath","value":"//*[@id=\"__tile115\"]"}
RESULT: {"using":"xpath","value":"//*[@id=\"__tile115\"]"}
COMMAND: POST /session/25dcfb25871b33b6fbae40ebb9612352/element/f.2438752634DB01E0CA013ABFBE801384.d.B7828ADA311EF47D41C2B4FC4355F8E1.e.6763/click - {}
RESULT: {}
COMMAND: GET /session/25dcfb25871b33b6fbae40ebb9612352/screenshot - {}
RESULT: {}
COMMAND: POST /session/25dcfb25871b33b6fbae40ebb9612352/elements - {"using":"xpath","value":"//span[text()='Error']"}
RESULT: {"using":"xpath","value":"//span[text()='Error']"}
]]></system-out>
    </testcase>
  </testsuite>
  <testsuite timestamp="2025-06-05T15:57:38" time="377.807" tests="4" failures="0" errors="0" skipped="0">
    <properties>
      <property name="specId" value="0" />
      <property name="suiteName" value="Manage requests - requests specifications US141095" />
      <property name="capabilities" value="chrome.137_0_7151_56.windows" />
      <property name="file" value="file:///D:/a/1/s/test/specs/R2C/manage-requests-request-specifications.spec.js" />
    </properties>
    <testcase classname="chrome.137_0_7151_56.windows.Manage_requests_-_requests_specifications_US141095" name="Should create a new classification of type request item" time="38.85">
      <system-out><![CDATA[
COMMAND: POST /session/25dcfb25871b33b6fbae40ebb9612352/execute/async - {"script":"<script> [1562 bytes]","args":[{"selector":{"controlType":"sap.ui.core.Icon","viewName":"etm.portal.ui.manageclassifications.view.Master","viewId":"application-manageclassifications-display-component---classificationMaster","properties":{"src":{"regex":{"source":"add"}}}},"wdio_ui5_key":"etmportal.ui.manageclassifications.view.Mastersap.ui.core.Icon{\"src\":{\"regex\":{\"source\":\"add\"}}}"}]}
RESULT: {"script":"<script> [1562 bytes]","args":[{"selector":{"controlType":"sap.ui.core.Icon","viewName":"etm.portal.ui.manageclassifications.view.Master","viewId":"application-manageclassifications-display-component---classificationMaster","properties":{"src":{"regex":{"source":"add"}}}},"wdio_ui5_key":"etmportal.ui.manageclassifications.view.Mastersap.ui.core.Icon{\"src\":{\"regex\":{\"source\":\"add\"}}}"}]}
RESULT: undefined
COMMAND: POST /session/25dcfb25871b33b6fbae40ebb9612352/element - {"using":"xpath","value":"//*[@id=\"__button27-img\"]"}
RESULT: {"using":"xpath","value":"//*[@id=\"__button27-img\"]"}
COMMAND: POST /session/25dcfb25871b33b6fbae40ebb9612352/element/f.2438752634DB01E0CA013ABFBE801384.d.B7828ADA311EF47D41C2B4FC4355F8E1.e.6801/click - {}
RESULT: {}
COMMAND: POST /session/25dcfb25871b33b6fbae40ebb9612352/execute/async - {"script":"<script> [1562 bytes]","args":[{"selector":{"id":"application-manageclassifications-display-component---classificationCreate--classHeaderName","interaction":{"idSuffix":"inner"}},"wdio_ui5_key":"applicationmanageclassifications-display-component---classificationCreate--classHeaderName"}]}
COMMAND: GET /session/25dcfb25871b33b6fbae40ebb9612352/screenshot - {}
RESULT: {"script":"<script> [1562 bytes]","args":[{"selector":{"id":"application-manageclassifications-display-component---classificationCreate--classHeaderName","interaction":{"idSuffix":"inner"}},"wdio_ui5_key":"applicationmanageclassifications-display-component---classificationCreate--classHeaderName"}]}
RESULT: undefined
COMMAND: POST /session/25dcfb25871b33b6fbae40ebb9612352/execute/async - {"script":"<script> [776 bytes]","args":[{"enterText":"WebdriverItemClassgdlls","selector":{"id":"application-manageclassifications-display-component---classificationCreate--classHeaderName","interaction":{"idSuffix":"inner"}},"clearTextFirst":true,"interactionType":"ENTER_TEXT"}]}
RESULT: {}
RESULT: {"script":"<script> [776 bytes]","args":[{"enterText":"WebdriverItemClassgdlls","selector":{"id":"application-manageclassifications-display-component---classificationCreate--classHeaderName","interaction":{"idSuffix":"inner"}},"clearTextFirst":true,"interactionType":"ENTER_TEXT"}]}
COMMAND: POST /session/25dcfb25871b33b6fbae40ebb9612352/execute/async - {"script":"<script> [1562 bytes]","args":[{"selector":{"controlType":"sap.ui.core.Icon","viewName":"etm.portal.ui.manageclassifications.view.Create","viewId":"application-manageclassifications-display-component---classificationCreate","properties":{"src":{"regex":{"source":"slim\\-arrow\\-down"}}}},"wdio_ui5_key":"etmportal.ui.manageclassifications.view.Createsap.ui.core.Icon{\"src\":{\"regex\":{\"source\":\"slim\\\\-arrow\\\\-down\"}}}"}]}
RESULT: {"script":"<script> [1562 bytes]","args":[{"selector":{"controlType":"sap.ui.core.Icon","viewName":"etm.portal.ui.manageclassifications.view.Create","viewId":"application-manageclassifications-display-component---classificationCreate","properties":{"src":{"regex":{"source":"slim\\-arrow\\-down"}}}},"wdio_ui5_key":"etmportal.ui.manageclassifications.view.Createsap.ui.core.Icon{\"src\":{\"regex\":{\"source\":\"slim\\\\-arrow\\\\-down\"}}}"}]}
RESULT: undefined
COMMAND: POST /session/25dcfb25871b33b6fbae40ebb9612352/element - {"using":"xpath","value":"//*[@id=\"__box12-arrow\"]"}
RESULT: {"using":"xpath","value":"//*[@id=\"__box12-arrow\"]"}
COMMAND: POST /session/25dcfb25871b33b6fbae40ebb9612352/element/f.2438752634DB01E0CA013ABFBE801384.d.B7828ADA311EF47D41C2B4FC4355F8E1.e.7144/click - {}
RESULT: {}
COMMAND: POST /session/25dcfb25871b33b6fbae40ebb9612352/execute/async - {"script":"<script> [1562 bytes]","args":[{"selector":{"controlType":"sap.m.StandardListItem","viewName":"etm.portal.ui.manageclassifications.view.Create","viewId":"application-manageclassifications-display-component---classificationCreate","properties":{"title":"Request Item Specifications"},"searchOpenDialogs":true,"interaction":{"idSuffix":"titleText"}},"wdio_ui5_key":"etmportal.ui.manageclassifications.view.Createsap.m.StandardListItem{\"title\":\"Request Item Specifications\"}"}]}
COMMAND: GET /session/25dcfb25871b33b6fbae40ebb9612352/screenshot - {}
RESULT: {"script":"<script> [1562 bytes]","args":[{"selector":{"controlType":"sap.m.StandardListItem","viewName":"etm.portal.ui.manageclassifications.view.Create","viewId":"application-manageclassifications-display-component---classificationCreate","properties":{"title":"Request Item Specifications"},"searchOpenDialogs":true,"interaction":{"idSuffix":"titleText"}},"wdio_ui5_key":"etmportal.ui.manageclassifications.view.Createsap.m.StandardListItem{\"title\":\"Request Item Specifications\"}"}]}
RESULT: undefined
COMMAND: POST /session/25dcfb25871b33b6fbae40ebb9612352/element - {"using":"xpath","value":"//*[@id=\"__item88\"]"}
RESULT: {}
RESULT: {"using":"xpath","value":"//*[@id=\"__item88\"]"}
COMMAND: POST /session/25dcfb25871b33b6fbae40ebb9612352/element/f.2438752634DB01E0CA013ABFBE801384.d.B7828ADA311EF47D41C2B4FC4355F8E1.e.7182/click - {}
RESULT: {}
COMMAND: POST /session/25dcfb25871b33b6fbae40ebb9612352/execute/async - {"script":"<script> [1562 bytes]","args":[{"selector":{"controlType":"sap.ui.core.Icon","viewName":"etm.portal.ui.manageclassifications.view.Create","viewId":"application-manageclassifications-display-component---classificationCreate","properties":{"src":{"regex":{"source":"add"}}}},"wdio_ui5_key":"etmportal.ui.manageclassifications.view.Createsap.ui.core.Icon{\"src\":{\"regex\":{\"source\":\"add\"}}}"}]}
COMMAND: GET /session/25dcfb25871b33b6fbae40ebb9612352/screenshot - {}
RESULT: {"script":"<script> [1562 bytes]","args":[{"selector":{"controlType":"sap.ui.core.Icon","viewName":"etm.portal.ui.manageclassifications.view.Create","viewId":"application-manageclassifications-display-component---classificationCreate","properties":{"src":{"regex":{"source":"add"}}}},"wdio_ui5_key":"etmportal.ui.manageclassifications.view.Createsap.ui.core.Icon{\"src\":{\"regex\":{\"source\":\"add\"}}}"}]}
RESULT: undefined
COMMAND: POST /session/25dcfb25871b33b6fbae40ebb9612352/element - {"using":"xpath","value":"//*[@id=\"__button32-img\"]"}
RESULT: {}
RESULT: {"using":"xpath","value":"//*[@id=\"__button32-img\"]"}
COMMAND: POST /session/25dcfb25871b33b6fbae40ebb9612352/element/f.2438752634DB01E0CA013ABFBE801384.d.B7828ADA311EF47D41C2B4FC4355F8E1.e.7147/click - {}
RESULT: {}
COMMAND: POST /session/25dcfb25871b33b6fbae40ebb9612352/execute/async - {"script":"<script> [1562 bytes]","args":[{"selector":{"controlType":"sap.m.Input","viewName":"etm.portal.ui.manageclassifications.view.Create","viewId":"application-manageclassifications-display-component---classificationCreate","bindingPath":{"path":"/0","propertyPath":"PROPERTY","modelName":"newConfigModel"},"interaction":{"idSuffix":"inner"}},"wdio_ui5_key":"etmportal.ui.manageclassifications.view.Createsap.m.Input{\"path\":\"/0\",\"propertyPath\":\"PROPERTY\",\"modelName\":\"newConfigModel\"}"}]}
COMMAND: GET /session/25dcfb25871b33b6fbae40ebb9612352/screenshot - {}
RESULT: {"script":"<script> [1562 bytes]","args":[{"selector":{"controlType":"sap.m.Input","viewName":"etm.portal.ui.manageclassifications.view.Create","viewId":"application-manageclassifications-display-component---classificationCreate","bindingPath":{"path":"/0","propertyPath":"PROPERTY","modelName":"newConfigModel"},"interaction":{"idSuffix":"inner"}},"wdio_ui5_key":"etmportal.ui.manageclassifications.view.Createsap.m.Input{\"path\":\"/0\",\"propertyPath\":\"PROPERTY\",\"modelName\":\"newConfigModel\"}"}]}
RESULT: undefined
COMMAND: POST /session/25dcfb25871b33b6fbae40ebb9612352/execute/async - {"script":"<script> [776 bytes]","args":[{"enterText":"Color","selector":{"controlType":"sap.m.Input","viewName":"etm.portal.ui.manageclassifications.view.Create","viewId":"application-manageclassifications-display-component---classificationCreate","bindingPath":{"path":"/0","propertyPath":"PROPERTY","modelName":"newConfigModel"},"interaction":{"idSuffix":"inner"}},"clearTextFirst":true,"interactionType":"ENTER_TEXT"}]}
RESULT: {}
RESULT: {"script":"<script> [776 bytes]","args":[{"enterText":"Color","selector":{"controlType":"sap.m.Input","viewName":"etm.portal.ui.manageclassifications.view.Create","viewId":"application-manageclassifications-display-component---classificationCreate","bindingPath":{"path":"/0","propertyPath":"PROPERTY","modelName":"newConfigModel"},"interaction":{"idSuffix":"inner"}},"clearTextFirst":true,"interactionType":"ENTER_TEXT"}]}
COMMAND: POST /session/25dcfb25871b33b6fbae40ebb9612352/execute/async - {"script":"<script> [1562 bytes]","args":[{"selector":{"controlType":"sap.m.Input","viewName":"etm.portal.ui.manageclassifications.view.Create","viewId":"application-manageclassifications-display-component---classificationCreate","bindingPath":{"path":"/0","propertyPath":"DESCRIPTION","modelName":"newConfigModel"},"interaction":{"idSuffix":"inner"}},"wdio_ui5_key":"etmportal.ui.manageclassifications.view.Createsap.m.Input{\"path\":\"/0\",\"propertyPath\":\"DESCRIPTION\",\"modelName\":\"newConfigModel\"}"}]}
RESULT: {"script":"<script> [1562 bytes]","args":[{"selector":{"controlType":"sap.m.Input","viewName":"etm.portal.ui.manageclassifications.view.Create","viewId":"application-manageclassifications-display-component---classificationCreate","bindingPath":{"path":"/0","propertyPath":"DESCRIPTION","modelName":"newConfigModel"},"interaction":{"idSuffix":"inner"}},"wdio_ui5_key":"etmportal.ui.manageclassifications.view.Createsap.m.Input{\"path\":\"/0\",\"propertyPath\":\"DESCRIPTION\",\"modelName\":\"newConfigModel\"}"}]}
RESULT: undefined
COMMAND: POST /session/25dcfb25871b33b6fbae40ebb9612352/execute/async - {"script":"<script> [776 bytes]","args":[{"enterText":"Color","selector":{"controlType":"sap.m.Input","viewName":"etm.portal.ui.manageclassifications.view.Create","viewId":"application-manageclassifications-display-component---classificationCreate","bindingPath":{"path":"/0","propertyPath":"DESCRIPTION","modelName":"newConfigModel"},"interaction":{"idSuffix":"inner"}},"clearTextFirst":true,"interactionType":"ENTER_TEXT"}]}
RESULT: {"script":"<script> [776 bytes]","args":[{"enterText":"Color","selector":{"controlType":"sap.m.Input","viewName":"etm.portal.ui.manageclassifications.view.Create","viewId":"application-manageclassifications-display-component---classificationCreate","bindingPath":{"path":"/0","propertyPath":"DESCRIPTION","modelName":"newConfigModel"},"interaction":{"idSuffix":"inner"}},"clearTextFirst":true,"interactionType":"ENTER_TEXT"}]}
COMMAND: POST /session/25dcfb25871b33b6fbae40ebb9612352/execute/async - {"script":"<script> [1562 bytes]","args":[{"selector":{"controlType":"sap.ui.core.Icon","viewName":"etm.portal.ui.manageclassifications.view.Create","viewId":"application-manageclassifications-display-component---classificationCreate","properties":{"src":{"regex":{"source":"slim\\-arrow\\-down"}}},"ancestor":{"controlType":"sap.m.ComboBox","viewName":"etm.portal.ui.manageclassifications.view.Create","viewId":"application-manageclassifications-display-component---classificationCreate","bindingPath":{"path":"/0","propertyPath":"VALUE_TYPE","modelName":"newConfigModel"}}},"wdio_ui5_key":"etmportal.ui.manageclassifications.view.Createsap.ui.core.Icon{\"src\":{\"regex\":{\"source\":\"slim\\\\-arrow\\\\-down\"}}}{\"controlType\":\"sap.m.ComboBox\",\"viewName\":\"etm.portal.ui.manageclassifications.view.Create\",\"viewId\":\"application-manageclassifications-display-component---classificationCreate\",\"bindingPath\":{\"path\":\"/0\",\"propertyPath\":\"VALUE_TYPE\",\"modelName\":\"newConfigModel\"}}"}]}
RESULT: {"script":"<script> [1562 bytes]","args":[{"selector":{"controlType":"sap.ui.core.Icon","viewName":"etm.portal.ui.manageclassifications.view.Create","viewId":"application-manageclassifications-display-component---classificationCreate","properties":{"src":{"regex":{"source":"slim\\-arrow\\-down"}}},"ancestor":{"controlType":"sap.m.ComboBox","viewName":"etm.portal.ui.manageclassifications.view.Create","viewId":"application-manageclassifications-display-component---classificationCreate","bindingPath":{"path":"/0","propertyPath":"VALUE_TYPE","modelName":"newConfigModel"}}},"wdio_ui5_key":"etmportal.ui.manageclassifications.view.Createsap.ui.core.Icon{\"src\":{\"regex\":{\"source\":\"slim\\\\-arrow\\\\-down\"}}}{\"controlType\":\"sap.m.ComboBox\",\"viewName\":\"etm.portal.ui.manageclassifications.view.Create\",\"viewId\":\"application-manageclassifications-display-component---classificationCreate\",\"bindingPath\":{\"path\":\"/0\",\"propertyPath\":\"VALUE_TYPE\",\"modelName\":\"newConfigModel\"}}"}]}
RESULT: undefined
COMMAND: POST /session/25dcfb25871b33b6fbae40ebb9612352/element - {"using":"xpath","value":"//*[@id=\"__box13-application-manageclassifications-display-component---classificationCreate--configurationList-0-arrow\"]"}
RESULT: {"using":"xpath","value":"//*[@id=\"__box13-application-manageclassifications-display-component---classificationCreate--configurationList-0-arrow\"]"}
COMMAND: POST /session/25dcfb25871b33b6fbae40ebb9612352/element/f.2438752634DB01E0CA013ABFBE801384.d.B7828ADA311EF47D41C2B4FC4355F8E1.e.7191/click - {}
RESULT: {}
COMMAND: POST /session/25dcfb25871b33b6fbae40ebb9612352/execute/async - {"script":"<script> [1562 bytes]","args":[{"selector":{"controlType":"sap.m.StandardListItem","viewName":"etm.portal.ui.manageclassifications.view.Create","viewId":"application-manageclassifications-display-component---classificationCreate","properties":{"title":"Dropdown"},"searchOpenDialogs":true,"interaction":{"idSuffix":"titleText"}},"wdio_ui5_key":"etmportal.ui.manageclassifications.view.Createsap.m.StandardListItem{\"title\":\"Dropdown\"}"}]}
COMMAND: GET /session/25dcfb25871b33b6fbae40ebb9612352/screenshot - {}
RESULT: {"script":"<script> [1562 bytes]","args":[{"selector":{"controlType":"sap.m.StandardListItem","viewName":"etm.portal.ui.manageclassifications.view.Create","viewId":"application-manageclassifications-display-component---classificationCreate","properties":{"title":"Dropdown"},"searchOpenDialogs":true,"interaction":{"idSuffix":"titleText"}},"wdio_ui5_key":"etmportal.ui.manageclassifications.view.Createsap.m.StandardListItem{\"title\":\"Dropdown\"}"}]}
RESULT: undefined
COMMAND: POST /session/25dcfb25871b33b6fbae40ebb9612352/element - {"using":"xpath","value":"//*[@id=\"__item96\"]"}
RESULT: {}
RESULT: {"using":"xpath","value":"//*[@id=\"__item96\"]"}
COMMAND: POST /session/25dcfb25871b33b6fbae40ebb9612352/element/f.2438752634DB01E0CA013ABFBE801384.d.B7828ADA311EF47D41C2B4FC4355F8E1.e.7193/click - {}
RESULT: {}
COMMAND: POST /session/25dcfb25871b33b6fbae40ebb9612352/execute/async - {"script":"<script> [1562 bytes]","args":[{"selector":{"controlType":"sap.ui.core.Icon","viewName":"etm.portal.ui.manageclassifications.view.Create","viewId":"application-manageclassifications-display-component---classificationCreate","properties":{"src":{"regex":{"source":"crm\\-service\\-manager"}}}},"wdio_ui5_key":"etmportal.ui.manageclassifications.view.Createsap.ui.core.Icon{\"src\":{\"regex\":{\"source\":\"crm\\\\-service\\\\-manager\"}}}"}]}
COMMAND: GET /session/25dcfb25871b33b6fbae40ebb9612352/screenshot - {}
RESULT: {"script":"<script> [1562 bytes]","args":[{"selector":{"controlType":"sap.ui.core.Icon","viewName":"etm.portal.ui.manageclassifications.view.Create","viewId":"application-manageclassifications-display-component---classificationCreate","properties":{"src":{"regex":{"source":"crm\\-service\\-manager"}}}},"wdio_ui5_key":"etmportal.ui.manageclassifications.view.Createsap.ui.core.Icon{\"src\":{\"regex\":{\"source\":\"crm\\\\-service\\\\-manager\"}}}"}]}
RESULT: undefined
COMMAND: POST /session/25dcfb25871b33b6fbae40ebb9612352/element - {"using":"xpath","value":"//*[@id=\"__button34-application-manageclassifications-display-component---classificationCreate--configurationList-0-img\"]"}
RESULT: {}
RESULT: {"using":"xpath","value":"//*[@id=\"__button34-application-manageclassifications-display-component---classificationCreate--configurationList-0-img\"]"}
COMMAND: POST /session/25dcfb25871b33b6fbae40ebb9612352/element/f.2438752634DB01E0CA013ABFBE801384.d.B7828ADA311EF47D41C2B4FC4355F8E1.e.7195/click - {}
RESULT: {}
COMMAND: POST /session/25dcfb25871b33b6fbae40ebb9612352/element - {"using":"xpath","value":"//button[@title=\"Add additional value\"]"}
COMMAND: GET /session/25dcfb25871b33b6fbae40ebb9612352/screenshot - {}
RESULT: {"using":"xpath","value":"//button[@title=\"Add additional value\"]"}
COMMAND: POST /session/25dcfb25871b33b6fbae40ebb9612352/element/f.2438752634DB01E0CA013ABFBE801384.d.B7828ADA311EF47D41C2B4FC4355F8E1.e.7196/click - {}
RESULT: {}
RESULT: {}
COMMAND: POST /session/25dcfb25871b33b6fbae40ebb9612352/execute/async - {"script":"<script> [1562 bytes]","args":[{"selector":{"controlType":"sap.m.Input","viewName":"etm.portal.ui.manageclassifications.view.Create","viewId":"application-manageclassifications-display-component---classificationCreate","bindingPath":{"path":"/VALUES/0","propertyPath":"VALUE","modelName":"dropdownValuesModel"},"searchOpenDialogs":true,"interaction":{"idSuffix":"inner"}},"wdio_ui5_key":"etmportal.ui.manageclassifications.view.Createsap.m.Input{\"path\":\"/VALUES/0\",\"propertyPath\":\"VALUE\",\"modelName\":\"dropdownValuesModel\"}"}]}
COMMAND: GET /session/25dcfb25871b33b6fbae40ebb9612352/screenshot - {}
RESULT: {"script":"<script> [1562 bytes]","args":[{"selector":{"controlType":"sap.m.Input","viewName":"etm.portal.ui.manageclassifications.view.Create","viewId":"application-manageclassifications-display-component---classificationCreate","bindingPath":{"path":"/VALUES/0","propertyPath":"VALUE","modelName":"dropdownValuesModel"},"searchOpenDialogs":true,"interaction":{"idSuffix":"inner"}},"wdio_ui5_key":"etmportal.ui.manageclassifications.view.Createsap.m.Input{\"path\":\"/VALUES/0\",\"propertyPath\":\"VALUE\",\"modelName\":\"dropdownValuesModel\"}"}]}
RESULT: undefined
COMMAND: POST /session/25dcfb25871b33b6fbae40ebb9612352/execute/async - {"script":"<script> [776 bytes]","args":[{"enterText":"1","selector":{"controlType":"sap.m.Input","viewName":"etm.portal.ui.manageclassifications.view.Create","viewId":"application-manageclassifications-display-component---classificationCreate","bindingPath":{"path":"/VALUES/0","propertyPath":"VALUE","modelName":"dropdownValuesModel"},"searchOpenDialogs":true,"interaction":{"idSuffix":"inner"}},"clearTextFirst":true,"interactionType":"ENTER_TEXT"}]}
RESULT: {}
RESULT: {"script":"<script> [776 bytes]","args":[{"enterText":"1","selector":{"controlType":"sap.m.Input","viewName":"etm.portal.ui.manageclassifications.view.Create","viewId":"application-manageclassifications-display-component---classificationCreate","bindingPath":{"path":"/VALUES/0","propertyPath":"VALUE","modelName":"dropdownValuesModel"},"searchOpenDialogs":true,"interaction":{"idSuffix":"inner"}},"clearTextFirst":true,"interactionType":"ENTER_TEXT"}]}
COMMAND: POST /session/25dcfb25871b33b6fbae40ebb9612352/execute/async - {"script":"<script> [1562 bytes]","args":[{"selector":{"controlType":"sap.m.Input","viewName":"etm.portal.ui.manageclassifications.view.Create","viewId":"application-manageclassifications-display-component---classificationCreate","bindingPath":{"path":"/VALUES/0","propertyPath":"TEXT","modelName":"dropdownValuesModel"},"searchOpenDialogs":true,"interaction":{"idSuffix":"inner"}},"wdio_ui5_key":"etmportal.ui.manageclassifications.view.Createsap.m.Input{\"path\":\"/VALUES/0\",\"propertyPath\":\"TEXT\",\"modelName\":\"dropdownValuesModel\"}"}]}
RESULT: {"script":"<script> [1562 bytes]","args":[{"selector":{"controlType":"sap.m.Input","viewName":"etm.portal.ui.manageclassifications.view.Create","viewId":"application-manageclassifications-display-component---classificationCreate","bindingPath":{"path":"/VALUES/0","propertyPath":"TEXT","modelName":"dropdownValuesModel"},"searchOpenDialogs":true,"interaction":{"idSuffix":"inner"}},"wdio_ui5_key":"etmportal.ui.manageclassifications.view.Createsap.m.Input{\"path\":\"/VALUES/0\",\"propertyPath\":\"TEXT\",\"modelName\":\"dropdownValuesModel\"}"}]}
RESULT: undefined
COMMAND: POST /session/25dcfb25871b33b6fbae40ebb9612352/execute/async - {"script":"<script> [776 bytes]","args":[{"enterText":"blue","selector":{"controlType":"sap.m.Input","viewName":"etm.portal.ui.manageclassifications.view.Create","viewId":"application-manageclassifications-display-component---classificationCreate","bindingPath":{"path":"/VALUES/0","propertyPath":"TEXT","modelName":"dropdownValuesModel"},"searchOpenDialogs":true,"interaction":{"idSuffix":"inner"}},"clearTextFirst":true,"interactionType":"ENTER_TEXT"}]}
RESULT: {"script":"<script> [776 bytes]","args":[{"enterText":"blue","selector":{"controlType":"sap.m.Input","viewName":"etm.portal.ui.manageclassifications.view.Create","viewId":"application-manageclassifications-display-component---classificationCreate","bindingPath":{"path":"/VALUES/0","propertyPath":"TEXT","modelName":"dropdownValuesModel"},"searchOpenDialogs":true,"interaction":{"idSuffix":"inner"}},"clearTextFirst":true,"interactionType":"ENTER_TEXT"}]}
COMMAND: POST /session/25dcfb25871b33b6fbae40ebb9612352/element - {"using":"xpath","value":"//button[@title=\"Add additional value\"]"}
RESULT: {"using":"xpath","value":"//button[@title=\"Add additional value\"]"}
COMMAND: POST /session/25dcfb25871b33b6fbae40ebb9612352/element/f.2438752634DB01E0CA013ABFBE801384.d.B7828ADA311EF47D41C2B4FC4355F8E1.e.7196/click - {}
RESULT: {}
COMMAND: POST /session/25dcfb25871b33b6fbae40ebb9612352/execute/async - {"script":"<script> [1562 bytes]","args":[{"selector":{"controlType":"sap.m.Input","viewName":"etm.portal.ui.manageclassifications.view.Create","viewId":"application-manageclassifications-display-component---classificationCreate","bindingPath":{"path":"/VALUES/1","propertyPath":"VALUE","modelName":"dropdownValuesModel"},"searchOpenDialogs":true,"interaction":{"idSuffix":"inner"}},"wdio_ui5_key":"etmportal.ui.manageclassifications.view.Createsap.m.Input{\"path\":\"/VALUES/1\",\"propertyPath\":\"VALUE\",\"modelName\":\"dropdownValuesModel\"}"}]}
COMMAND: GET /session/25dcfb25871b33b6fbae40ebb9612352/screenshot - {}
RESULT: {"script":"<script> [1562 bytes]","args":[{"selector":{"controlType":"sap.m.Input","viewName":"etm.portal.ui.manageclassifications.view.Create","viewId":"application-manageclassifications-display-component---classificationCreate","bindingPath":{"path":"/VALUES/1","propertyPath":"VALUE","modelName":"dropdownValuesModel"},"searchOpenDialogs":true,"interaction":{"idSuffix":"inner"}},"wdio_ui5_key":"etmportal.ui.manageclassifications.view.Createsap.m.Input{\"path\":\"/VALUES/1\",\"propertyPath\":\"VALUE\",\"modelName\":\"dropdownValuesModel\"}"}]}
RESULT: undefined
COMMAND: POST /session/25dcfb25871b33b6fbae40ebb9612352/execute/async - {"script":"<script> [776 bytes]","args":[{"enterText":"2","selector":{"controlType":"sap.m.Input","viewName":"etm.portal.ui.manageclassifications.view.Create","viewId":"application-manageclassifications-display-component---classificationCreate","bindingPath":{"path":"/VALUES/1","propertyPath":"VALUE","modelName":"dropdownValuesModel"},"searchOpenDialogs":true,"interaction":{"idSuffix":"inner"}},"clearTextFirst":true,"interactionType":"ENTER_TEXT"}]}
RESULT: {}
RESULT: {"script":"<script> [776 bytes]","args":[{"enterText":"2","selector":{"controlType":"sap.m.Input","viewName":"etm.portal.ui.manageclassifications.view.Create","viewId":"application-manageclassifications-display-component---classificationCreate","bindingPath":{"path":"/VALUES/1","propertyPath":"VALUE","modelName":"dropdownValuesModel"},"searchOpenDialogs":true,"interaction":{"idSuffix":"inner"}},"clearTextFirst":true,"interactionType":"ENTER_TEXT"}]}
COMMAND: POST /session/25dcfb25871b33b6fbae40ebb9612352/execute/async - {"script":"<script> [1562 bytes]","args":[{"selector":{"controlType":"sap.m.Input","viewName":"etm.portal.ui.manageclassifications.view.Create","viewId":"application-manageclassifications-display-component---classificationCreate","bindingPath":{"path":"/VALUES/1","propertyPath":"TEXT","modelName":"dropdownValuesModel"},"searchOpenDialogs":true,"interaction":{"idSuffix":"inner"}},"wdio_ui5_key":"etmportal.ui.manageclassifications.view.Createsap.m.Input{\"path\":\"/VALUES/1\",\"propertyPath\":\"TEXT\",\"modelName\":\"dropdownValuesModel\"}"}]}
RESULT: {"script":"<script> [1562 bytes]","args":[{"selector":{"controlType":"sap.m.Input","viewName":"etm.portal.ui.manageclassifications.view.Create","viewId":"application-manageclassifications-display-component---classificationCreate","bindingPath":{"path":"/VALUES/1","propertyPath":"TEXT","modelName":"dropdownValuesModel"},"searchOpenDialogs":true,"interaction":{"idSuffix":"inner"}},"wdio_ui5_key":"etmportal.ui.manageclassifications.view.Createsap.m.Input{\"path\":\"/VALUES/1\",\"propertyPath\":\"TEXT\",\"modelName\":\"dropdownValuesModel\"}"}]}
RESULT: undefined
COMMAND: POST /session/25dcfb25871b33b6fbae40ebb9612352/execute/async - {"script":"<script> [776 bytes]","args":[{"enterText":"red","selector":{"controlType":"sap.m.Input","viewName":"etm.portal.ui.manageclassifications.view.Create","viewId":"application-manageclassifications-display-component---classificationCreate","bindingPath":{"path":"/VALUES/1","propertyPath":"TEXT","modelName":"dropdownValuesModel"},"searchOpenDialogs":true,"interaction":{"idSuffix":"inner"}},"clearTextFirst":true,"interactionType":"ENTER_TEXT"}]}
RESULT: {"script":"<script> [776 bytes]","args":[{"enterText":"red","selector":{"controlType":"sap.m.Input","viewName":"etm.portal.ui.manageclassifications.view.Create","viewId":"application-manageclassifications-display-component---classificationCreate","bindingPath":{"path":"/VALUES/1","propertyPath":"TEXT","modelName":"dropdownValuesModel"},"searchOpenDialogs":true,"interaction":{"idSuffix":"inner"}},"clearTextFirst":true,"interactionType":"ENTER_TEXT"}]}
COMMAND: POST /session/25dcfb25871b33b6fbae40ebb9612352/execute/async - {"script":"<script> [1562 bytes]","args":[{"selector":{"controlType":"sap.m.Button","viewName":"etm.portal.ui.manageclassifications.view.Create","viewId":"application-manageclassifications-display-component---classificationCreate","i18NText":{"propertyName":"text","key":"save"},"searchOpenDialogs":true,"interaction":{"idSuffix":"BDI-content"}},"wdio_ui5_key":"etmportal.ui.manageclassifications.view.Createsap.m.Button{\"propertyName\":\"text\",\"key\":\"save\"}"}]}
RESULT: {"script":"<script> [1562 bytes]","args":[{"selector":{"controlType":"sap.m.Button","viewName":"etm.portal.ui.manageclassifications.view.Create","viewId":"application-manageclassifications-display-component---classificationCreate","i18NText":{"propertyName":"text","key":"save"},"searchOpenDialogs":true,"interaction":{"idSuffix":"BDI-content"}},"wdio_ui5_key":"etmportal.ui.manageclassifications.view.Createsap.m.Button{\"propertyName\":\"text\",\"key\":\"save\"}"}]}
RESULT: undefined
COMMAND: POST /session/25dcfb25871b33b6fbae40ebb9612352/element - {"using":"xpath","value":"//*[@id=\"__button44\"]"}
RESULT: {"using":"xpath","value":"//*[@id=\"__button44\"]"}
COMMAND: POST /session/25dcfb25871b33b6fbae40ebb9612352/element/f.2438752634DB01E0CA013ABFBE801384.d.B7828ADA311EF47D41C2B4FC4355F8E1.e.7216/click - {}
RESULT: {}
COMMAND: GET /session/25dcfb25871b33b6fbae40ebb9612352/screenshot - {}
RESULT: {}
COMMAND: POST /session/25dcfb25871b33b6fbae40ebb9612352/element - {"using":"xpath","value":"//button[@title=\"Save\"]"}
RESULT: {"using":"xpath","value":"//button[@title=\"Save\"]"}
COMMAND: POST /session/25dcfb25871b33b6fbae40ebb9612352/element/f.2438752634DB01E0CA013ABFBE801384.d.B7828ADA311EF47D41C2B4FC4355F8E1.e.7155/click - {}
RESULT: {}
COMMAND: GET /session/25dcfb25871b33b6fbae40ebb9612352/screenshot - {}
RESULT: {}
COMMAND: POST /session/25dcfb25871b33b6fbae40ebb9612352/execute/async - {"script":"<script> [1562 bytes]","args":[{"selector":{"id":"application-manageclassifications-display-component---classificationMaster--smartFilterBar-btnBasicSearch","interaction":{"idSuffix":"I"}},"wdio_ui5_key":"applicationmanageclassifications-display-component---classificationMaster--smartFilterBar-btnBasicSearch"}]}
RESULT: {"script":"<script> [1562 bytes]","args":[{"selector":{"id":"application-manageclassifications-display-component---classificationMaster--smartFilterBar-btnBasicSearch","interaction":{"idSuffix":"I"}},"wdio_ui5_key":"applicationmanageclassifications-display-component---classificationMaster--smartFilterBar-btnBasicSearch"}]}
RESULT: undefined
COMMAND: POST /session/25dcfb25871b33b6fbae40ebb9612352/execute/async - {"script":"<script> [776 bytes]","args":[{"enterText":"WebdriverItemClassgdlls","selector":{"id":"application-manageclassifications-display-component---classificationMaster--smartFilterBar-btnBasicSearch","interaction":{"idSuffix":"I"}},"clearTextFirst":true,"interactionType":"ENTER_TEXT"}]}
RESULT: {"script":"<script> [776 bytes]","args":[{"enterText":"WebdriverItemClassgdlls","selector":{"id":"application-manageclassifications-display-component---classificationMaster--smartFilterBar-btnBasicSearch","interaction":{"idSuffix":"I"}},"clearTextFirst":true,"interactionType":"ENTER_TEXT"}]}
COMMAND: POST /session/25dcfb25871b33b6fbae40ebb9612352/actions - {"actions":[{"id":"action47","type":"key","parameters":{},"actions":[{"type":"keyDown","value":"î€‡"},{"type":"pause","duration":10},{"type":"keyUp","value":"î€‡"}]}]}
RESULT: {"actions":[{"id":"action47","type":"key","parameters":{},"actions":[{"type":"keyDown","value":"î€‡"},{"type":"pause","duration":10},{"type":"keyUp","value":"î€‡"}]}]}
COMMAND: POST /session/25dcfb25871b33b6fbae40ebb9612352/execute/async - {"script":"<script> [1562 bytes]","args":[{"selector":{"id":"application-manageclassifications-display-component---classificationMaster--smartTable-header"},"wdio_ui5_key":"applicationmanageclassifications-display-component---classificationMaster--smartTable-header"}]}
COMMAND: GET /session/25dcfb25871b33b6fbae40ebb9612352/screenshot - {}
RESULT: {"script":"<script> [1562 bytes]","args":[{"selector":{"id":"application-manageclassifications-display-component---classificationMaster--smartTable-header"},"wdio_ui5_key":"applicationmanageclassifications-display-component---classificationMaster--smartTable-header"}]}
RESULT: undefined
COMMAND: POST /session/25dcfb25871b33b6fbae40ebb9612352/execute/async - {"script":"<script> [6424 bytes]","args":[{"element-6066-11e4-a52e-4f735466cecf":"f.2438752634DB01E0CA013ABFBE801384.d.B7828ADA311EF47D41C2B4FC4355F8E1.e.7409"},"getText",[]]}
RESULT: {}
RESULT: {"script":"<script> [6424 bytes]","args":[{"element-6066-11e4-a52e-4f735466cecf":"f.2438752634DB01E0CA013ABFBE801384.d.B7828ADA311EF47D41C2B4FC4355F8E1.e.7409"},"getText",[]]}
COMMAND: POST /session/25dcfb25871b33b6fbae40ebb9612352/element - {"using":"css selector","value":"#shell-header-logo"}
RESULT: {"using":"css selector","value":"#shell-header-logo"}
COMMAND: POST /session/25dcfb25871b33b6fbae40ebb9612352/element/f.2438752634DB01E0CA013ABFBE801384.d.B7828ADA311EF47D41C2B4FC4355F8E1.e.6767/click - {}
RESULT: {}
COMMAND: GET /session/25dcfb25871b33b6fbae40ebb9612352/screenshot - {}
RESULT: {}
]]></system-out>
    </testcase>
    <testcase classname="chrome.137_0_7151_56.windows.Manage_requests_-_requests_specifications_US141095" name="Should create a new section and a catalog item" time="127.889">
      <system-out><![CDATA[
COMMAND: POST /session/25dcfb25871b33b6fbae40ebb9612352/execute/async - {"script":"<script> [1562 bytes]","args":[{"selector":{"controlType":"sap.m.GenericTile","properties":{"header":"Manage Catalogs"}},"wdio_ui5_key":"sapm.GenericTile{\"header\":\"Manage Catalogs\"}"}]}
RESULT: {"script":"<script> [1562 bytes]","args":[{"selector":{"controlType":"sap.m.GenericTile","properties":{"header":"Manage Catalogs"}},"wdio_ui5_key":"sapm.GenericTile{\"header\":\"Manage Catalogs\"}"}]}
RESULT: undefined
COMMAND: POST /session/25dcfb25871b33b6fbae40ebb9612352/element - {"using":"xpath","value":"//*[@id=\"__tile37\"]"}
RESULT: {"using":"xpath","value":"//*[@id=\"__tile37\"]"}
COMMAND: POST /session/25dcfb25871b33b6fbae40ebb9612352/element/f.2438752634DB01E0CA013ABFBE801384.d.B7828ADA311EF47D41C2B4FC4355F8E1.e.7413/click - {}
RESULT: {}
COMMAND: GET /session/25dcfb25871b33b6fbae40ebb9612352/screenshot - {}
RESULT: {}
COMMAND: POST /session/25dcfb25871b33b6fbae40ebb9612352/elements - {"using":"xpath","value":"//span[text()='Error']"}
RESULT: {"using":"xpath","value":"//span[text()='Error']"}
COMMAND: POST /session/25dcfb25871b33b6fbae40ebb9612352/execute/async - {"script":"<script> [1562 bytes]","args":[{"selector":{"controlType":"sap.m.Text","viewName":"etm.portal.ui.managecatalogs.view.MasterCatalogs","viewId":"application-managecatalogs-display-component---masterCatalogs","bindingPath":{"path":"/Catalogs('0D7502D073D53A0F1700BE067B89AFF9')","propertyPath":"DESCRIPTION","modelName":"catalogModel"}},"wdio_ui5_key":"etmportal.ui.managecatalogs.view.MasterCatalogssap.m.Text{\"path\":\"/Catalogs('0D7502D073D53A0F1700BE067B89AFF9')\",\"propertyPath\":\"DESCRIPTION\",\"modelName\":\"catalogModel\"}"}]}
RESULT: {"script":"<script> [1562 bytes]","args":[{"selector":{"controlType":"sap.m.Text","viewName":"etm.portal.ui.managecatalogs.view.MasterCatalogs","viewId":"application-managecatalogs-display-component---masterCatalogs","bindingPath":{"path":"/Catalogs('0D7502D073D53A0F1700BE067B89AFF9')","propertyPath":"DESCRIPTION","modelName":"catalogModel"}},"wdio_ui5_key":"etmportal.ui.managecatalogs.view.MasterCatalogssap.m.Text{\"path\":\"/Catalogs('0D7502D073D53A0F1700BE067B89AFF9')\",\"propertyPath\":\"DESCRIPTION\",\"modelName\":\"catalogModel\"}"}]}
RESULT: undefined
COMMAND: POST /session/25dcfb25871b33b6fbae40ebb9612352/element - {"using":"xpath","value":"//*[@id=\"__text434-application-managecatalogs-display-component---masterCatalogs--CatalogsTable-11\"]"}
RESULT: {"using":"xpath","value":"//*[@id=\"__text434-application-managecatalogs-display-component---masterCatalogs--CatalogsTable-11\"]"}
COMMAND: POST /session/25dcfb25871b33b6fbae40ebb9612352/element/f.2438752634DB01E0CA013ABFBE801384.d.B7828ADA311EF47D41C2B4FC4355F8E1.e.7481/click - {}
RESULT: {}
COMMAND: POST /session/25dcfb25871b33b6fbae40ebb9612352/execute/async - {"script":"<script> [1562 bytes]","args":[{"selector":{"controlType":"sap.ui.layout.HorizontalLayout","viewName":"etm.portal.ui.managecatalogs.view.MasterItems","viewId":"application-managecatalogs-display-component---masterCatalogItems","ancestor":{"id":"application-managecatalogs-display-component---masterCatalogItems--idCatalogItemsTree-rows-row0"}},"wdio_ui5_key":"etmportal.ui.managecatalogs.view.MasterItemssap.ui.layout.HorizontalLayout{\"id\":\"application-managecatalogs-display-component---masterCatalogItems--idCatalogItemsTree-rows-row0\"}"}]}
COMMAND: GET /session/25dcfb25871b33b6fbae40ebb9612352/screenshot - {}
RESULT: {"script":"<script> [1562 bytes]","args":[{"selector":{"controlType":"sap.ui.layout.HorizontalLayout","viewName":"etm.portal.ui.managecatalogs.view.MasterItems","viewId":"application-managecatalogs-display-component---masterCatalogItems","ancestor":{"id":"application-managecatalogs-display-component---masterCatalogItems--idCatalogItemsTree-rows-row0"}},"wdio_ui5_key":"etmportal.ui.managecatalogs.view.MasterItemssap.ui.layout.HorizontalLayout{\"id\":\"application-managecatalogs-display-component---masterCatalogItems--idCatalogItemsTree-rows-row0\"}"}]}
RESULT: undefined
COMMAND: POST /session/25dcfb25871b33b6fbae40ebb9612352/element - {"using":"xpath","value":"//*[@id=\"__layout40-__clone446\"]"}
RESULT: {}
RESULT: {"using":"xpath","value":"//*[@id=\"__layout40-__clone446\"]"}
COMMAND: POST /session/25dcfb25871b33b6fbae40ebb9612352/element/f.2438752634DB01E0CA013ABFBE801384.d.B7828ADA311EF47D41C2B4FC4355F8E1.e.7517/click - {}
RESULT: {}
COMMAND: GET /session/25dcfb25871b33b6fbae40ebb9612352/screenshot - {}
COMMAND: POST /session/25dcfb25871b33b6fbae40ebb9612352/execute/async - {"script":"<script> [1562 bytes]","args":[{"selector":{"controlType":"sap.m.Button","viewName":"etm.portal.ui.managecatalogs.view.Detail","viewId":"application-managecatalogs-display-component---detailCatalog","i18NText":{"propertyName":"text","key":"edit"},"interaction":{"idSuffix":"BDI-content"}},"wdio_ui5_key":"etmportal.ui.managecatalogs.view.Detailsap.m.Button{\"propertyName\":\"text\",\"key\":\"edit\"}"}]}
RESULT: {}
RESULT: {"script":"<script> [1562 bytes]","args":[{"selector":{"controlType":"sap.m.Button","viewName":"etm.portal.ui.managecatalogs.view.Detail","viewId":"application-managecatalogs-display-component---detailCatalog","i18NText":{"propertyName":"text","key":"edit"},"interaction":{"idSuffix":"BDI-content"}},"wdio_ui5_key":"etmportal.ui.managecatalogs.view.Detailsap.m.Button{\"propertyName\":\"text\",\"key\":\"edit\"}"}]}
RESULT: undefined
COMMAND: POST /session/25dcfb25871b33b6fbae40ebb9612352/element - {"using":"xpath","value":"//*[@id=\"__button88\"]"}
RESULT: {"using":"xpath","value":"//*[@id=\"__button88\"]"}
COMMAND: POST /session/25dcfb25871b33b6fbae40ebb9612352/element/f.2438752634DB01E0CA013ABFBE801384.d.B7828ADA311EF47D41C2B4FC4355F8E1.e.7636/click - {}
RESULT: {}
COMMAND: GET /session/25dcfb25871b33b6fbae40ebb9612352/screenshot - {}
RESULT: {}
COMMAND: POST /session/25dcfb25871b33b6fbae40ebb9612352/element - {"using":"xpath","value":"//bdi[contains(text(), \"Unlock\")]"}
RESULT: {"using":"xpath","value":"//bdi[contains(text(), \"Unlock\")]"}
COMMAND: POST /session/25dcfb25871b33b6fbae40ebb9612352/elements - {"using":"xpath","value":"//bdi[contains(text(), \"Unlock\")]"}
RESULT: {"using":"xpath","value":"//bdi[contains(text(), \"Unlock\")]"}
COMMAND: POST /session/25dcfb25871b33b6fbae40ebb9612352/execute/async - {"script":"<script> [1562 bytes]","args":[{"selector":{"controlType":"sap.ui.core.Icon","viewName":"etm.portal.ui.managecatalogs.view.Detail","viewId":"application-managecatalogs-display-component---detailCatalog","properties":{"src":{"regex":{"source":"add\\-folder"}}}},"wdio_ui5_key":"etmportal.ui.managecatalogs.view.Detailsap.ui.core.Icon{\"src\":{\"regex\":{\"source\":\"add\\\\-folder\"}}}"}]}
RESULT: {"script":"<script> [1562 bytes]","args":[{"selector":{"controlType":"sap.ui.core.Icon","viewName":"etm.portal.ui.managecatalogs.view.Detail","viewId":"application-managecatalogs-display-component---detailCatalog","properties":{"src":{"regex":{"source":"add\\-folder"}}}},"wdio_ui5_key":"etmportal.ui.managecatalogs.view.Detailsap.ui.core.Icon{\"src\":{\"regex\":{\"source\":\"add\\\\-folder\"}}}"}]}
RESULT: undefined
COMMAND: POST /session/25dcfb25871b33b6fbae40ebb9612352/element - {"using":"xpath","value":"//*[@id=\"__button96-img\"]"}
RESULT: {"using":"xpath","value":"//*[@id=\"__button96-img\"]"}
COMMAND: POST /session/25dcfb25871b33b6fbae40ebb9612352/element/f.2438752634DB01E0CA013ABFBE801384.d.B7828ADA311EF47D41C2B4FC4355F8E1.e.7644/click - {}
RESULT: {}
COMMAND: GET /session/25dcfb25871b33b6fbae40ebb9612352/screenshot - {}
RESULT: {}
COMMAND: POST /session/25dcfb25871b33b6fbae40ebb9612352/execute/async - {"script":"<script> [1562 bytes]","args":[{"selector":{"id":"application-managecatalogs-display-component---detailCatalog--numberInput","searchOpenDialogs":true,"interaction":{"idSuffix":"inner"}},"wdio_ui5_key":"applicationmanagecatalogs-display-component---detailCatalog--numberInput"}]}
RESULT: {"script":"<script> [1562 bytes]","args":[{"selector":{"id":"application-managecatalogs-display-component---detailCatalog--numberInput","searchOpenDialogs":true,"interaction":{"idSuffix":"inner"}},"wdio_ui5_key":"applicationmanagecatalogs-display-component---detailCatalog--numberInput"}]}
RESULT: undefined
COMMAND: POST /session/25dcfb25871b33b6fbae40ebb9612352/execute/async - {"script":"<script> [776 bytes]","args":[{"enterText":"Section602zjl","selector":{"id":"application-managecatalogs-display-component---detailCatalog--numberInput","searchOpenDialogs":true,"interaction":{"idSuffix":"inner"}},"clearTextFirst":true,"interactionType":"ENTER_TEXT"}]}
RESULT: {"script":"<script> [776 bytes]","args":[{"enterText":"Section602zjl","selector":{"id":"application-managecatalogs-display-component---detailCatalog--numberInput","searchOpenDialogs":true,"interaction":{"idSuffix":"inner"}},"clearTextFirst":true,"interactionType":"ENTER_TEXT"}]}
COMMAND: POST /session/25dcfb25871b33b6fbae40ebb9612352/element - {"using":"css selector","value":"#application-managecatalogs-display-component---detailCatalog--nameInput-inner"}
RESULT: {"using":"css selector","value":"#application-managecatalogs-display-component---detailCatalog--nameInput-inner"}
COMMAND: POST /session/25dcfb25871b33b6fbae40ebb9612352/elements - {"using":"css selector","value":"#application-managecatalogs-display-component---detailCatalog--nameInput-inner"}
RESULT: {"using":"css selector","value":"#application-managecatalogs-display-component---detailCatalog--nameInput-inner"}
COMMAND: POST /session/25dcfb25871b33b6fbae40ebb9612352/element/f.2438752634DB01E0CA013ABFBE801384.d.B7828ADA311EF47D41C2B4FC4355F8E1.e.7648/clear - {}
RESULT: {}
COMMAND: POST /session/25dcfb25871b33b6fbae40ebb9612352/element/f.2438752634DB01E0CA013ABFBE801384.d.B7828ADA311EF47D41C2B4FC4355F8E1.e.7648/value - {"text":"Webdriveryfg7n"}
COMMAND: GET /session/25dcfb25871b33b6fbae40ebb9612352/screenshot - {}
RESULT: {"text":"Webdriveryfg7n"}
COMMAND: POST /session/25dcfb25871b33b6fbae40ebb9612352/execute/async - {"script":"<script> [1562 bytes]","args":[{"selector":{"controlType":"sap.m.Button","viewName":"etm.portal.ui.managecatalogs.view.Detail","viewId":"application-managecatalogs-display-component---detailCatalog","i18NText":{"propertyName":"text","key":"create"},"searchOpenDialogs":true,"interaction":{"idSuffix":"BDI-content"}},"wdio_ui5_key":"etmportal.ui.managecatalogs.view.Detailsap.m.Button{\"propertyName\":\"text\",\"key\":\"create\"}"}]}
COMMAND: GET /session/25dcfb25871b33b6fbae40ebb9612352/screenshot - {}
RESULT: {}
RESULT: {"script":"<script> [1562 bytes]","args":[{"selector":{"controlType":"sap.m.Button","viewName":"etm.portal.ui.managecatalogs.view.Detail","viewId":"application-managecatalogs-display-component---detailCatalog","i18NText":{"propertyName":"text","key":"create"},"searchOpenDialogs":true,"interaction":{"idSuffix":"BDI-content"}},"wdio_ui5_key":"etmportal.ui.managecatalogs.view.Detailsap.m.Button{\"propertyName\":\"text\",\"key\":\"create\"}"}]}
RESULT: undefined
COMMAND: POST /session/25dcfb25871b33b6fbae40ebb9612352/element - {"using":"xpath","value":"//*[@id=\"__button66\"]"}
RESULT: {}
RESULT: {"using":"xpath","value":"//*[@id=\"__button66\"]"}
COMMAND: POST /session/25dcfb25871b33b6fbae40ebb9612352/element/f.2438752634DB01E0CA013ABFBE801384.d.B7828ADA311EF47D41C2B4FC4355F8E1.e.7653/click - {}
RESULT: {}
COMMAND: GET /session/25dcfb25871b33b6fbae40ebb9612352/screenshot - {}
RESULT: {}
COMMAND: POST /session/25dcfb25871b33b6fbae40ebb9612352/element - {"using":"xpath","value":"//button[@title=\"Save\"]"}
RESULT: {"using":"xpath","value":"//button[@title=\"Save\"]"}
COMMAND: POST /session/25dcfb25871b33b6fbae40ebb9612352/element/f.2438752634DB01E0CA013ABFBE801384.d.B7828ADA311EF47D41C2B4FC4355F8E1.e.7654/click - {}
RESULT: {}
COMMAND: POST /session/25dcfb25871b33b6fbae40ebb9612352/execute/async - {"script":"<script> [1562 bytes]","args":[{"selector":{"controlType":"sap.ui.core.Icon","viewName":"etm.portal.ui.managecatalogs.view.Detail","viewId":"application-managecatalogs-display-component---detailCatalog","properties":{"src":{"regex":{"source":"decline"}}}},"wdio_ui5_key":"etmportal.ui.managecatalogs.view.Detailsap.ui.core.Icon{\"src\":{\"regex\":{\"source\":\"decline\"}}}"}]}
COMMAND: GET /session/25dcfb25871b33b6fbae40ebb9612352/screenshot - {}
RESULT: {"script":"<script> [1562 bytes]","args":[{"selector":{"controlType":"sap.ui.core.Icon","viewName":"etm.portal.ui.managecatalogs.view.Detail","viewId":"application-managecatalogs-display-component---detailCatalog","properties":{"src":{"regex":{"source":"decline"}}}},"wdio_ui5_key":"etmportal.ui.managecatalogs.view.Detailsap.ui.core.Icon{\"src\":{\"regex\":{\"source\":\"decline\"}}}"}]}
RESULT: undefined
COMMAND: POST /session/25dcfb25871b33b6fbae40ebb9612352/element - {"using":"xpath","value":"//*[@id=\"__button91-img\"]"}
RESULT: {}
RESULT: {"using":"xpath","value":"//*[@id=\"__button91-img\"]"}
COMMAND: POST /session/25dcfb25871b33b6fbae40ebb9612352/element/f.2438752634DB01E0CA013ABFBE801384.d.B7828ADA311EF47D41C2B4FC4355F8E1.e.7660/click - {}
RESULT: {}
COMMAND: GET /session/25dcfb25871b33b6fbae40ebb9612352/screenshot - {}
RESULT: {}
COMMAND: POST /session/25dcfb25871b33b6fbae40ebb9612352/execute/async - {"script":"<script> [1562 bytes]","args":[{"selector":{"controlType":"sap.ui.core.Icon","viewName":"etm.portal.ui.managecatalogs.view.MasterItems","viewId":"application-managecatalogs-display-component---masterCatalogItems","properties":{"src":{"regex":{"source":"refresh"}}}},"wdio_ui5_key":"etmportal.ui.managecatalogs.view.MasterItemssap.ui.core.Icon{\"src\":{\"regex\":{\"source\":\"refresh\"}}}"}]}
RESULT: {"script":"<script> [1562 bytes]","args":[{"selector":{"controlType":"sap.ui.core.Icon","viewName":"etm.portal.ui.managecatalogs.view.MasterItems","viewId":"application-managecatalogs-display-component---masterCatalogItems","properties":{"src":{"regex":{"source":"refresh"}}}},"wdio_ui5_key":"etmportal.ui.managecatalogs.view.MasterItemssap.ui.core.Icon{\"src\":{\"regex\":{\"source\":\"refresh\"}}}"}]}
RESULT: undefined
COMMAND: POST /session/25dcfb25871b33b6fbae40ebb9612352/element - {"using":"xpath","value":"//*[@id=\"__button64-img\"]"}
RESULT: {"using":"xpath","value":"//*[@id=\"__button64-img\"]"}
COMMAND: POST /session/25dcfb25871b33b6fbae40ebb9612352/element/f.2438752634DB01E0CA013ABFBE801384.d.B7828ADA311EF47D41C2B4FC4355F8E1.e.7696/click - {}
RESULT: {}
COMMAND: POST /session/25dcfb25871b33b6fbae40ebb9612352/execute/async - {"script":"<script> [1562 bytes]","args":[{"selector":{"id":"application-managecatalogs-display-component---masterCatalogItems--searchItemsField","interaction":{"idSuffix":"I"}},"wdio_ui5_key":"applicationmanagecatalogs-display-component---masterCatalogItems--searchItemsField"}]}
COMMAND: GET /session/25dcfb25871b33b6fbae40ebb9612352/screenshot - {}
RESULT: {"script":"<script> [1562 bytes]","args":[{"selector":{"id":"application-managecatalogs-display-component---masterCatalogItems--searchItemsField","interaction":{"idSuffix":"I"}},"wdio_ui5_key":"applicationmanagecatalogs-display-component---masterCatalogItems--searchItemsField"}]}
RESULT: undefined
COMMAND: POST /session/25dcfb25871b33b6fbae40ebb9612352/execute/async - {"script":"<script> [776 bytes]","args":[{"enterText":"Webdriveryfg7n","selector":{"id":"application-managecatalogs-display-component---masterCatalogItems--searchItemsField","interaction":{"idSuffix":"I"}},"clearTextFirst":true,"interactionType":"ENTER_TEXT"}]}
RESULT: {}
RESULT: {"script":"<script> [776 bytes]","args":[{"enterText":"Webdriveryfg7n","selector":{"id":"application-managecatalogs-display-component---masterCatalogItems--searchItemsField","interaction":{"idSuffix":"I"}},"clearTextFirst":true,"interactionType":"ENTER_TEXT"}]}
COMMAND: POST /session/25dcfb25871b33b6fbae40ebb9612352/actions - {"actions":[{"id":"action48","type":"key","parameters":{},"actions":[{"type":"keyDown","value":"î€‡"},{"type":"pause","duration":10},{"type":"keyUp","value":"î€‡"}]}]}
RESULT: {"actions":[{"id":"action48","type":"key","parameters":{},"actions":[{"type":"keyDown","value":"î€‡"},{"type":"pause","duration":10},{"type":"keyUp","value":"î€‡"}]}]}
COMMAND: POST /session/25dcfb25871b33b6fbae40ebb9612352/element - {"using":"xpath","value":"(//span[contains(text(), \"Webdriveryfg7n\")])[1]"}
COMMAND: GET /session/25dcfb25871b33b6fbae40ebb9612352/screenshot - {}
RESULT: {"using":"xpath","value":"(//span[contains(text(), \"Webdriveryfg7n\")])[1]"}
COMMAND: POST /session/25dcfb25871b33b6fbae40ebb9612352/element/f.2438752634DB01E0CA013ABFBE801384.d.B7828ADA311EF47D41C2B4FC4355F8E1.e.7699/click - {}
RESULT: {}
RESULT: {}
COMMAND: GET /session/25dcfb25871b33b6fbae40ebb9612352/screenshot - {}
RESULT: {}
RESULT: undefined
COMMAND: POST /session/25dcfb25871b33b6fbae40ebb9612352/element - {"using":"xpath","value":"//*[@id=\"__button88\"]"}
RESULT: {"using":"xpath","value":"//*[@id=\"__button88\"]"}
COMMAND: POST /session/25dcfb25871b33b6fbae40ebb9612352/element/f.2438752634DB01E0CA013ABFBE801384.d.B7828ADA311EF47D41C2B4FC4355F8E1.e.7736/click - {}
RESULT: {}
COMMAND: GET /session/25dcfb25871b33b6fbae40ebb9612352/screenshot - {}
RESULT: {}
RESULT: undefined
COMMAND: POST /session/25dcfb25871b33b6fbae40ebb9612352/element - {"using":"xpath","value":"//*[@id=\"__button96-img\"]"}
RESULT: {"using":"xpath","value":"//*[@id=\"__button96-img\"]"}
COMMAND: POST /session/25dcfb25871b33b6fbae40ebb9612352/element/f.2438752634DB01E0CA013ABFBE801384.d.B7828ADA311EF47D41C2B4FC4355F8E1.e.7786/click - {}
RESULT: {}
COMMAND: GET /session/25dcfb25871b33b6fbae40ebb9612352/screenshot - {}
RESULT: {}
RESULT: undefined
COMMAND: POST /session/25dcfb25871b33b6fbae40ebb9612352/execute/async - {"script":"<script> [776 bytes]","args":[{"enterText":"SecondSectiontvtj8","selector":{"id":"application-managecatalogs-display-component---detailCatalog--numberInput","searchOpenDialogs":true,"interaction":{"idSuffix":"inner"}},"clearTextFirst":true,"interactionType":"ENTER_TEXT"}]}
RESULT: {"script":"<script> [776 bytes]","args":[{"enterText":"SecondSectiontvtj8","selector":{"id":"application-managecatalogs-display-component---detailCatalog--numberInput","searchOpenDialogs":true,"interaction":{"idSuffix":"inner"}},"clearTextFirst":true,"interactionType":"ENTER_TEXT"}]}
COMMAND: POST /session/25dcfb25871b33b6fbae40ebb9612352/element - {"using":"xpath","value":"//input[contains(@id ,\"application-managecatalogs-display-component---detailCatalog--nameInput-inner\")]"}
RESULT: {"using":"xpath","value":"//input[contains(@id ,\"application-managecatalogs-display-component---detailCatalog--nameInput-inner\")]"}
COMMAND: POST /session/25dcfb25871b33b6fbae40ebb9612352/elements - {"using":"xpath","value":"//input[contains(@id ,\"application-managecatalogs-display-component---detailCatalog--nameInput-inner\")]"}
RESULT: {"using":"xpath","value":"//input[contains(@id ,\"application-managecatalogs-display-component---detailCatalog--nameInput-inner\")]"}
COMMAND: POST /session/25dcfb25871b33b6fbae40ebb9612352/element/f.2438752634DB01E0CA013ABFBE801384.d.B7828ADA311EF47D41C2B4FC4355F8E1.e.7789/clear - {}
RESULT: {}
COMMAND: POST /session/25dcfb25871b33b6fbae40ebb9612352/element/f.2438752634DB01E0CA013ABFBE801384.d.B7828ADA311EF47D41C2B4FC4355F8E1.e.7789/value - {"text":"webdriversecondw2nd2"}
COMMAND: GET /session/25dcfb25871b33b6fbae40ebb9612352/screenshot - {}
RESULT: {"text":"webdriversecondw2nd2"}
RESULT: undefined
COMMAND: POST /session/25dcfb25871b33b6fbae40ebb9612352/element - {"using":"xpath","value":"//*[@id=\"__button66\"]"}
COMMAND: GET /session/25dcfb25871b33b6fbae40ebb9612352/screenshot - {}
RESULT: {}
RESULT: {"using":"xpath","value":"//*[@id=\"__button66\"]"}
COMMAND: POST /session/25dcfb25871b33b6fbae40ebb9612352/element/f.2438752634DB01E0CA013ABFBE801384.d.B7828ADA311EF47D41C2B4FC4355F8E1.e.7793/click - {}
RESULT: {}
RESULT: {}
COMMAND: GET /session/25dcfb25871b33b6fbae40ebb9612352/screenshot - {}
RESULT: {}
COMMAND: POST /session/25dcfb25871b33b6fbae40ebb9612352/element - {"using":"xpath","value":"//button[@title=\"Save\"]"}
RESULT: {"using":"xpath","value":"//button[@title=\"Save\"]"}
COMMAND: POST /session/25dcfb25871b33b6fbae40ebb9612352/element/f.2438752634DB01E0CA013ABFBE801384.d.B7828ADA311EF47D41C2B4FC4355F8E1.e.7771/click - {}
RESULT: {}
COMMAND: GET /session/25dcfb25871b33b6fbae40ebb9612352/screenshot - {}
RESULT: {}
RESULT: undefined
COMMAND: POST /session/25dcfb25871b33b6fbae40ebb9612352/element - {"using":"xpath","value":"//*[@id=\"__button91-img\"]"}
RESULT: {"using":"xpath","value":"//*[@id=\"__button91-img\"]"}
COMMAND: POST /session/25dcfb25871b33b6fbae40ebb9612352/element/f.2438752634DB01E0CA013ABFBE801384.d.B7828ADA311EF47D41C2B4FC4355F8E1.e.7743/click - {}
RESULT: {}
COMMAND: GET /session/25dcfb25871b33b6fbae40ebb9612352/screenshot - {}
RESULT: {}
RESULT: undefined
COMMAND: POST /session/25dcfb25871b33b6fbae40ebb9612352/element - {"using":"xpath","value":"//*[@id=\"__button64-img\"]"}
RESULT: {"using":"xpath","value":"//*[@id=\"__button64-img\"]"}
COMMAND: POST /session/25dcfb25871b33b6fbae40ebb9612352/element/f.2438752634DB01E0CA013ABFBE801384.d.B7828ADA311EF47D41C2B4FC4355F8E1.e.7833/click - {}
RESULT: {}
COMMAND: GET /session/25dcfb25871b33b6fbae40ebb9612352/screenshot - {}
RESULT: {}
RESULT: undefined
COMMAND: POST /session/25dcfb25871b33b6fbae40ebb9612352/execute/async - {"script":"<script> [776 bytes]","args":[{"enterText":"SecondSectiontvtj8","selector":{"id":"application-managecatalogs-display-component---masterCatalogItems--searchItemsField","interaction":{"idSuffix":"I"}},"clearTextFirst":true,"interactionType":"ENTER_TEXT"}]}
RESULT: {"script":"<script> [776 bytes]","args":[{"enterText":"SecondSectiontvtj8","selector":{"id":"application-managecatalogs-display-component---masterCatalogItems--searchItemsField","interaction":{"idSuffix":"I"}},"clearTextFirst":true,"interactionType":"ENTER_TEXT"}]}
COMMAND: POST /session/25dcfb25871b33b6fbae40ebb9612352/actions - {"actions":[{"id":"action49","type":"key","parameters":{},"actions":[{"type":"keyDown","value":"î€‡"},{"type":"pause","duration":10},{"type":"keyUp","value":"î€‡"}]}]}
RESULT: {"actions":[{"id":"action49","type":"key","parameters":{},"actions":[{"type":"keyDown","value":"î€‡"},{"type":"pause","duration":10},{"type":"keyUp","value":"î€‡"}]}]}
COMMAND: POST /session/25dcfb25871b33b6fbae40ebb9612352/element - {"using":"xpath","value":"(//span[contains(text(), \"SecondSectiontvtj8\")])[1]"}
COMMAND: GET /session/25dcfb25871b33b6fbae40ebb9612352/screenshot - {}
RESULT: {"using":"xpath","value":"(//span[contains(text(), \"SecondSectiontvtj8\")])[1]"}
COMMAND: POST /session/25dcfb25871b33b6fbae40ebb9612352/element/f.2438752634DB01E0CA013ABFBE801384.d.B7828ADA311EF47D41C2B4FC4355F8E1.e.7836/click - {}
RESULT: {}
RESULT: {}
COMMAND: POST /session/25dcfb25871b33b6fbae40ebb9612352/element - {"using":"xpath","value":"(//span[contains(text(), \"SecondSectiontvtj8\")])[1]"}
COMMAND: GET /session/25dcfb25871b33b6fbae40ebb9612352/screenshot - {}
RESULT: {"using":"xpath","value":"(//span[contains(text(), \"SecondSectiontvtj8\")])[1]"}
COMMAND: GET /session/25dcfb25871b33b6fbae40ebb9612352/element/f.2438752634DB01E0CA013ABFBE801384.d.B7828ADA311EF47D41C2B4FC4355F8E1.e.7836/text - {}
RESULT: {}
COMMAND: POST /session/25dcfb25871b33b6fbae40ebb9612352/element - {"using":"xpath","value":"(//span[contains(text(), \"SecondSectiontvtj8\")])[1]"}
RESULT: {"using":"xpath","value":"(//span[contains(text(), \"SecondSectiontvtj8\")])[1]"}
COMMAND: GET /session/25dcfb25871b33b6fbae40ebb9612352/element/f.2438752634DB01E0CA013ABFBE801384.d.B7828ADA311EF47D41C2B4FC4355F8E1.e.7836/text - {}
COMMAND: POST /session/25dcfb25871b33b6fbae40ebb9612352/element - {"using":"xpath","value":"(//span[contains(text(), \"SecondSectiontvtj8\")])[1]"}
RESULT: {"using":"xpath","value":"(//span[contains(text(), \"SecondSectiontvtj8\")])[1]"}
COMMAND: GET /session/25dcfb25871b33b6fbae40ebb9612352/element/f.2438752634DB01E0CA013ABFBE801384.d.B7828ADA311EF47D41C2B4FC4355F8E1.e.7887/text - {}
RESULT: {}
COMMAND: POST /session/25dcfb25871b33b6fbae40ebb9612352/refresh - {}
RESULT: {}
COMMAND: GET /session/25dcfb25871b33b6fbae40ebb9612352/screenshot - {}
RESULT: {}
COMMAND: POST /session/25dcfb25871b33b6fbae40ebb9612352/execute/async - {"script":"<script> [189 bytes]","args":[]}
RESULT: {"script":"<script> [189 bytes]","args":[]}
COMMAND: POST /session/25dcfb25871b33b6fbae40ebb9612352/execute/async - {"script":"<script> [123 bytes]","args":[]}
RESULT: {"script":"<script> [123 bytes]","args":[]}
COMMAND: POST /session/25dcfb25871b33b6fbae40ebb9612352/timeouts - {"script":"<number>"}
RESULT: {"script":"<number>"}
COMMAND: GET /session/25dcfb25871b33b6fbae40ebb9612352/timeouts - {}
RESULT: {}
RESULT: undefined
COMMAND: POST /session/25dcfb25871b33b6fbae40ebb9612352/execute/async - {"script":"<script> [2676 bytes]","args":[]}
RESULT: {"script":"<script> [2676 bytes]","args":[]}
COMMAND: POST /session/25dcfb25871b33b6fbae40ebb9612352/execute/async - {"script":"<script> [2342 bytes]","args":[{"protocol":"http","hostname":"0.0.0.0","path":"/","capabilities":{"browserName":"chrome","goog:chromeOptions":{"binary":"C:\\Program Files\\Google\\Chrome\\Application\\chrome.exe","args":["--start-maximized"]}},"logLevel":"warn","connectionRetryTimeout":120000,"connectionRetryCount":3,"logLevels":{},"enableDirectConnect":true,"strictSSL":true,"_":"65 more keys: [\"cacheDir\",\"port\",\"requestedCapabilities\",\"automationProtocol\",\"baseUrl\",\"waitforInterval\",\"waitforTimeout\",\"onReload\",\"beforeCommand\",\"afterCommand\",\"rootDir\",\"specs\",\"suites\",\"exclude\",\"groupLogsByTestSpec\",\"excludeDriverLogs\",\"bail\",\"framework\",\"reporters\",\"services\",\"maxInstances\",\"maxInstancesPerCapability\",\"injectGlobals\",\"filesToWatch\",\"execArgv\",\"runnerEnv\",\"runner\",\"shard\",\"specFileRetries\",\"specFileRetriesDelay\",\"specFileRetriesDeferred\",\"reporterSyncInterval\",\"reporterSyncTimeout\",\"cucumberFeaturesWithLineNumbers\",\"autoCompileOpts\",\"mochaOpts\",\"jasmineOpts\",\"cucumberOpts\",\"onPrepare\",\"onWorkerStart\",\"onWorkerEnd\",\"before\",\"beforeSession\",\"beforeSuite\",\"beforeHook\",\"beforeTest\",\"afterTest\",\"afterHook\",\"afterSuite\",\"afterSession\",\"after\",\"onComplete\",\"beforeAssertion\",\"afterAssertion\",\"beforeFeature\",\"beforeScenario\",\"beforeStep\",\"afterStep\",\"afterScenario\",\"afterFeature\",\"_\",\"suite\",\"$0\",\"ignoredWorkerServices\",\"wdi5\"]"}]}
RESULT: {"script":"<script> [2342 bytes]","args":[{"protocol":"http","hostname":"0.0.0.0","path":"/","capabilities":{"browserName":"chrome","goog:chromeOptions":{"binary":"C:\\Program Files\\Google\\Chrome\\Application\\chrome.exe","args":["--start-maximized"]}},"logLevel":"warn","connectionRetryTimeout":120000,"connectionRetryCount":3,"logLevels":{},"enableDirectConnect":true,"strictSSL":true,"_":"65 more keys: [\"cacheDir\",\"port\",\"requestedCapabilities\",\"automationProtocol\",\"baseUrl\",\"waitforInterval\",\"waitforTimeout\",\"onReload\",\"beforeCommand\",\"afterCommand\",\"rootDir\",\"specs\",\"suites\",\"exclude\",\"groupLogsByTestSpec\",\"excludeDriverLogs\",\"bail\",\"framework\",\"reporters\",\"services\",\"maxInstances\",\"maxInstancesPerCapability\",\"injectGlobals\",\"filesToWatch\",\"execArgv\",\"runnerEnv\",\"runner\",\"shard\",\"specFileRetries\",\"specFileRetriesDelay\",\"specFileRetriesDeferred\",\"reporterSyncInterval\",\"reporterSyncTimeout\",\"cucumberFeaturesWithLineNumbers\",\"autoCompileOpts\",\"mochaOpts\",\"jasmineOpts\",\"cucumberOpts\",\"onPrepare\",\"onWorkerStart\",\"onWorkerEnd\",\"before\",\"beforeSession\",\"beforeSuite\",\"beforeHook\",\"beforeTest\",\"afterTest\",\"afterHook\",\"afterSuite\",\"afterSession\",\"after\",\"onComplete\",\"beforeAssertion\",\"afterAssertion\",\"beforeFeature\",\"beforeScenario\",\"beforeStep\",\"afterStep\",\"afterScenario\",\"afterFeature\",\"_\",\"suite\",\"$0\",\"ignoredWorkerServices\",\"wdi5\"]"}]}
COMMAND: POST /session/25dcfb25871b33b6fbae40ebb9612352/execute/async - {"script":"<script> [21126 bytes]","args":[35000]}
RESULT: {"script":"<script> [21126 bytes]","args":[35000]}
COMMAND: POST /session/25dcfb25871b33b6fbae40ebb9612352/execute/async - {"script":"<script> [1562 bytes]","args":[{"selector":{"controlType":"sap.m.Button","viewName":"etm.portal.ui.managecatalogs.view.Detail","viewId":"application-managecatalogs-display-component---detailCatalog","i18NText":{"propertyName":"text","key":"edit"},"interaction":{"idSuffix":"BDI-content"}},"wdio_ui5_key":"etmportal.ui.managecatalogs.view.Detailsap.m.Button{\"propertyName\":\"text\",\"key\":\"edit\"}"}]}
RESULT: {"script":"<script> [1562 bytes]","args":[{"selector":{"controlType":"sap.m.Button","viewName":"etm.portal.ui.managecatalogs.view.Detail","viewId":"application-managecatalogs-display-component---detailCatalog","i18NText":{"propertyName":"text","key":"edit"},"interaction":{"idSuffix":"BDI-content"}},"wdio_ui5_key":"etmportal.ui.managecatalogs.view.Detailsap.m.Button{\"propertyName\":\"text\",\"key\":\"edit\"}"}]}
RESULT: undefined
COMMAND: POST /session/25dcfb25871b33b6fbae40ebb9612352/element - {"using":"xpath","value":"//*[@id=\"__button25\"]"}
RESULT: {"using":"xpath","value":"//*[@id=\"__button25\"]"}
COMMAND: POST /session/25dcfb25871b33b6fbae40ebb9612352/element/f.2438752634DB01E0CA013ABFBE801384.d.15CE08B931C7721A42496D7139B8D2A2.e.7945/click - {}
RESULT: {}
COMMAND: POST /session/25dcfb25871b33b6fbae40ebb9612352/execute/async - {"script":"<script> [1562 bytes]","args":[{"selector":{"controlType":"sap.ui.core.Icon","viewName":"etm.portal.ui.managecatalogs.view.Detail","viewId":"application-managecatalogs-display-component---detailCatalog","properties":{"src":{"regex":{"source":"add\\-document"}}}},"wdio_ui5_key":"etmportal.ui.managecatalogs.view.Detailsap.ui.core.Icon{\"src\":{\"regex\":{\"source\":\"add\\\\-document\"}}}"}]}
COMMAND: GET /session/25dcfb25871b33b6fbae40ebb9612352/screenshot - {}
RESULT: {"script":"<script> [1562 bytes]","args":[{"selector":{"controlType":"sap.ui.core.Icon","viewName":"etm.portal.ui.managecatalogs.view.Detail","viewId":"application-managecatalogs-display-component---detailCatalog","properties":{"src":{"regex":{"source":"add\\-document"}}}},"wdio_ui5_key":"etmportal.ui.managecatalogs.view.Detailsap.ui.core.Icon{\"src\":{\"regex\":{\"source\":\"add\\\\-document\"}}}"}]}
RESULT: undefined
COMMAND: POST /session/25dcfb25871b33b6fbae40ebb9612352/element - {"using":"xpath","value":"//*[@id=\"__button34-img\"]"}
RESULT: {}
RESULT: {"using":"xpath","value":"//*[@id=\"__button34-img\"]"}
COMMAND: POST /session/25dcfb25871b33b6fbae40ebb9612352/element/f.2438752634DB01E0CA013ABFBE801384.d.15CE08B931C7721A42496D7139B8D2A2.e.7951/click - {}
RESULT: {}
COMMAND: POST /session/25dcfb25871b33b6fbae40ebb9612352/execute/async - {"script":"<script> [1562 bytes]","args":[{"selector":{"id":"application-managecatalogs-display-component---detailCatalog--newItemNumberInput","searchOpenDialogs":true,"interaction":{"idSuffix":"inner"}},"wdio_ui5_key":"applicationmanagecatalogs-display-component---detailCatalog--newItemNumberInput"}]}
COMMAND: GET /session/25dcfb25871b33b6fbae40ebb9612352/screenshot - {}
RESULT: {"script":"<script> [1562 bytes]","args":[{"selector":{"id":"application-managecatalogs-display-component---detailCatalog--newItemNumberInput","searchOpenDialogs":true,"interaction":{"idSuffix":"inner"}},"wdio_ui5_key":"applicationmanagecatalogs-display-component---detailCatalog--newItemNumberInput"}]}
RESULT: undefined
COMMAND: POST /session/25dcfb25871b33b6fbae40ebb9612352/execute/async - {"script":"<script> [776 bytes]","args":[{"enterText":"catalogItemyx5hp","selector":{"id":"application-managecatalogs-display-component---detailCatalog--newItemNumberInput","searchOpenDialogs":true,"interaction":{"idSuffix":"inner"}},"clearTextFirst":true,"interactionType":"ENTER_TEXT"}]}
RESULT: {}
RESULT: {"script":"<script> [776 bytes]","args":[{"enterText":"catalogItemyx5hp","selector":{"id":"application-managecatalogs-display-component---detailCatalog--newItemNumberInput","searchOpenDialogs":true,"interaction":{"idSuffix":"inner"}},"clearTextFirst":true,"interactionType":"ENTER_TEXT"}]}
COMMAND: POST /session/25dcfb25871b33b6fbae40ebb9612352/execute/async - {"script":"<script> [1562 bytes]","args":[{"selector":{"controlType":"sap.m.Input","viewName":"etm.portal.ui.managecatalogs.view.Detail","viewId":"application-managecatalogs-display-component---detailCatalog","bindingPath":{"path":"","propertyPath":"/DESCRIPTION"},"searchOpenDialogs":true,"interaction":{"idSuffix":"inner"}},"wdio_ui5_key":"etmportal.ui.managecatalogs.view.Detailsap.m.Input{\"path\":\"\",\"propertyPath\":\"/DESCRIPTION\"}"}]}
RESULT: {"script":"<script> [1562 bytes]","args":[{"selector":{"controlType":"sap.m.Input","viewName":"etm.portal.ui.managecatalogs.view.Detail","viewId":"application-managecatalogs-display-component---detailCatalog","bindingPath":{"path":"","propertyPath":"/DESCRIPTION"},"searchOpenDialogs":true,"interaction":{"idSuffix":"inner"}},"wdio_ui5_key":"etmportal.ui.managecatalogs.view.Detailsap.m.Input{\"path\":\"\",\"propertyPath\":\"/DESCRIPTION\"}"}]}
RESULT: undefined
COMMAND: POST /session/25dcfb25871b33b6fbae40ebb9612352/execute/async - {"script":"<script> [776 bytes]","args":[{"enterText":"catalogItemName38wvu","selector":{"controlType":"sap.m.Input","viewName":"etm.portal.ui.managecatalogs.view.Detail","viewId":"application-managecatalogs-display-component---detailCatalog","bindingPath":{"path":"","propertyPath":"/DESCRIPTION"},"searchOpenDialogs":true,"interaction":{"idSuffix":"inner"}},"clearTextFirst":true,"interactionType":"ENTER_TEXT"}]}
RESULT: {"script":"<script> [776 bytes]","args":[{"enterText":"catalogItemName38wvu","selector":{"controlType":"sap.m.Input","viewName":"etm.portal.ui.managecatalogs.view.Detail","viewId":"application-managecatalogs-display-component---detailCatalog","bindingPath":{"path":"","propertyPath":"/DESCRIPTION"},"searchOpenDialogs":true,"interaction":{"idSuffix":"inner"}},"clearTextFirst":true,"interactionType":"ENTER_TEXT"}]}
COMMAND: POST /session/25dcfb25871b33b6fbae40ebb9612352/execute/async - {"script":"<script> [1562 bytes]","args":[{"selector":{"controlType":"sap.m.Button","viewName":"etm.portal.ui.managecatalogs.view.Detail","viewId":"application-managecatalogs-display-component---detailCatalog","i18NText":{"propertyName":"text","key":"create"},"searchOpenDialogs":true,"interaction":{"idSuffix":"BDI-content"}},"wdio_ui5_key":"etmportal.ui.managecatalogs.view.Detailsap.m.Button{\"propertyName\":\"text\",\"key\":\"create\"}"}]}
RESULT: {"script":"<script> [1562 bytes]","args":[{"selector":{"controlType":"sap.m.Button","viewName":"etm.portal.ui.managecatalogs.view.Detail","viewId":"application-managecatalogs-display-component---detailCatalog","i18NText":{"propertyName":"text","key":"create"},"searchOpenDialogs":true,"interaction":{"idSuffix":"BDI-content"}},"wdio_ui5_key":"etmportal.ui.managecatalogs.view.Detailsap.m.Button{\"propertyName\":\"text\",\"key\":\"create\"}"}]}
RESULT: undefined
COMMAND: POST /session/25dcfb25871b33b6fbae40ebb9612352/element - {"using":"xpath","value":"//*[@id=\"__button9\"]"}
RESULT: {"using":"xpath","value":"//*[@id=\"__button9\"]"}
COMMAND: POST /session/25dcfb25871b33b6fbae40ebb9612352/element/f.2438752634DB01E0CA013ABFBE801384.d.15CE08B931C7721A42496D7139B8D2A2.e.7961/click - {}
RESULT: {}
COMMAND: GET /session/25dcfb25871b33b6fbae40ebb9612352/screenshot - {}
RESULT: {}
COMMAND: POST /session/25dcfb25871b33b6fbae40ebb9612352/element - {"using":"xpath","value":"//button[@title=\"Save\"]"}
RESULT: {"using":"xpath","value":"//button[@title=\"Save\"]"}
COMMAND: POST /session/25dcfb25871b33b6fbae40ebb9612352/element/f.2438752634DB01E0CA013ABFBE801384.d.15CE08B931C7721A42496D7139B8D2A2.e.7962/click - {}
RESULT: {}
COMMAND: GET /session/25dcfb25871b33b6fbae40ebb9612352/screenshot - {}
RESULT: {}
COMMAND: POST /session/25dcfb25871b33b6fbae40ebb9612352/execute/async - {"script":"<script> [1562 bytes]","args":[{"selector":{"controlType":"sap.ui.core.Icon","viewName":"etm.portal.ui.managecatalogs.view.Detail","viewId":"application-managecatalogs-display-component---detailCatalog","properties":{"src":{"regex":{"source":"decline"}}}},"wdio_ui5_key":"etmportal.ui.managecatalogs.view.Detailsap.ui.core.Icon{\"src\":{\"regex\":{\"source\":\"decline\"}}}"}]}
RESULT: {"script":"<script> [1562 bytes]","args":[{"selector":{"controlType":"sap.ui.core.Icon","viewName":"etm.portal.ui.managecatalogs.view.Detail","viewId":"application-managecatalogs-display-component---detailCatalog","properties":{"src":{"regex":{"source":"decline"}}}},"wdio_ui5_key":"etmportal.ui.managecatalogs.view.Detailsap.ui.core.Icon{\"src\":{\"regex\":{\"source\":\"decline\"}}}"}]}
RESULT: undefined
COMMAND: POST /session/25dcfb25871b33b6fbae40ebb9612352/element - {"using":"xpath","value":"//*[@id=\"__button28-img\"]"}
RESULT: {"using":"xpath","value":"//*[@id=\"__button28-img\"]"}
COMMAND: POST /session/25dcfb25871b33b6fbae40ebb9612352/element/f.2438752634DB01E0CA013ABFBE801384.d.15CE08B931C7721A42496D7139B8D2A2.e.7969/click - {}
RESULT: {}
COMMAND: GET /session/25dcfb25871b33b6fbae40ebb9612352/screenshot - {}
RESULT: {}
COMMAND: POST /session/25dcfb25871b33b6fbae40ebb9612352/execute/async - {"script":"<script> [1562 bytes]","args":[{"selector":{"controlType":"sap.ui.core.Icon","viewName":"etm.portal.ui.managecatalogs.view.MasterItems","viewId":"application-managecatalogs-display-component---masterCatalogItems","properties":{"src":{"regex":{"source":"refresh"}}}},"wdio_ui5_key":"etmportal.ui.managecatalogs.view.MasterItemssap.ui.core.Icon{\"src\":{\"regex\":{\"source\":\"refresh\"}}}"}]}
RESULT: {"script":"<script> [1562 bytes]","args":[{"selector":{"controlType":"sap.ui.core.Icon","viewName":"etm.portal.ui.managecatalogs.view.MasterItems","viewId":"application-managecatalogs-display-component---masterCatalogItems","properties":{"src":{"regex":{"source":"refresh"}}}},"wdio_ui5_key":"etmportal.ui.managecatalogs.view.MasterItemssap.ui.core.Icon{\"src\":{\"regex\":{\"source\":\"refresh\"}}}"}]}
RESULT: undefined
COMMAND: POST /session/25dcfb25871b33b6fbae40ebb9612352/element - {"using":"xpath","value":"//*[@id=\"__button1-img\"]"}
RESULT: {"using":"xpath","value":"//*[@id=\"__button1-img\"]"}
COMMAND: POST /session/25dcfb25871b33b6fbae40ebb9612352/element/f.2438752634DB01E0CA013ABFBE801384.d.15CE08B931C7721A42496D7139B8D2A2.e.7977/click - {}
RESULT: {}
COMMAND: GET /session/25dcfb25871b33b6fbae40ebb9612352/screenshot - {}
RESULT: {}
COMMAND: POST /session/25dcfb25871b33b6fbae40ebb9612352/execute/async - {"script":"<script> [1562 bytes]","args":[{"selector":{"id":"application-managecatalogs-display-component---masterCatalogItems--searchItemsField","interaction":{"idSuffix":"I"}},"wdio_ui5_key":"applicationmanagecatalogs-display-component---masterCatalogItems--searchItemsField"}]}
RESULT: {"script":"<script> [1562 bytes]","args":[{"selector":{"id":"application-managecatalogs-display-component---masterCatalogItems--searchItemsField","interaction":{"idSuffix":"I"}},"wdio_ui5_key":"applicationmanagecatalogs-display-component---masterCatalogItems--searchItemsField"}]}
RESULT: undefined
COMMAND: POST /session/25dcfb25871b33b6fbae40ebb9612352/execute/async - {"script":"<script> [776 bytes]","args":[{"enterText":"catalogItemName38wvu","selector":{"id":"application-managecatalogs-display-component---masterCatalogItems--searchItemsField","interaction":{"idSuffix":"I"}},"clearTextFirst":true,"interactionType":"ENTER_TEXT"}]}
RESULT: {"script":"<script> [776 bytes]","args":[{"enterText":"catalogItemName38wvu","selector":{"id":"application-managecatalogs-display-component---masterCatalogItems--searchItemsField","interaction":{"idSuffix":"I"}},"clearTextFirst":true,"interactionType":"ENTER_TEXT"}]}
COMMAND: POST /session/25dcfb25871b33b6fbae40ebb9612352/actions - {"actions":[{"id":"action50","type":"key","parameters":{},"actions":[{"type":"keyDown","value":"î€‡"},{"type":"pause","duration":10},{"type":"keyUp","value":"î€‡"}]}]}
RESULT: {"actions":[{"id":"action50","type":"key","parameters":{},"actions":[{"type":"keyDown","value":"î€‡"},{"type":"pause","duration":10},{"type":"keyUp","value":"î€‡"}]}]}
COMMAND: POST /session/25dcfb25871b33b6fbae40ebb9612352/element - {"using":"xpath","value":"(//span[contains(text(), \"catalogItemName38wvu\")])[1]"}
COMMAND: GET /session/25dcfb25871b33b6fbae40ebb9612352/screenshot - {}
RESULT: {"using":"xpath","value":"(//span[contains(text(), \"catalogItemName38wvu\")])[1]"}
COMMAND: POST /session/25dcfb25871b33b6fbae40ebb9612352/element/f.2438752634DB01E0CA013ABFBE801384.d.15CE08B931C7721A42496D7139B8D2A2.e.8015/click - {}
RESULT: {}
RESULT: {}
COMMAND: GET /session/25dcfb25871b33b6fbae40ebb9612352/screenshot - {}
RESULT: {}
COMMAND: POST /session/25dcfb25871b33b6fbae40ebb9612352/element - {"using":"xpath","value":"//span[contains(text(), \"catalogItemyx5hp\")]"}
RESULT: {"using":"xpath","value":"//span[contains(text(), \"catalogItemyx5hp\")]"}
COMMAND: GET /session/25dcfb25871b33b6fbae40ebb9612352/element/f.2438752634DB01E0CA013ABFBE801384.d.15CE08B931C7721A42496D7139B8D2A2.e.8077/text - {}
RESULT: {}
]]></system-out>
    </testcase>
    <testcase classname="chrome.137_0_7151_56.windows.Manage_requests_-_requests_specifications_US141095" name="Should add the classification to the catalog item" time="35.181">
      <system-out><![CDATA[
RESULT: undefined
COMMAND: POST /session/25dcfb25871b33b6fbae40ebb9612352/element - {"using":"xpath","value":"//*[@id=\"__button25\"]"}
RESULT: {"using":"xpath","value":"//*[@id=\"__button25\"]"}
COMMAND: POST /session/25dcfb25871b33b6fbae40ebb9612352/element/f.2438752634DB01E0CA013ABFBE801384.d.15CE08B931C7721A42496D7139B8D2A2.e.8078/click - {}
RESULT: {}
COMMAND: GET /session/25dcfb25871b33b6fbae40ebb9612352/screenshot - {}
RESULT: {}
COMMAND: POST /session/25dcfb25871b33b6fbae40ebb9612352/execute/async - {"script":"<script> [1562 bytes]","args":[{"selector":{"id":"application-managecatalogs-display-component---detailCatalog--BASE_UNIT_OF_MEASURE-arrow"},"wdio_ui5_key":"applicationmanagecatalogs-display-component---detailCatalog--BASE_UNIT_OF_MEASURE-arrow"}]}
RESULT: {"script":"<script> [1562 bytes]","args":[{"selector":{"id":"application-managecatalogs-display-component---detailCatalog--BASE_UNIT_OF_MEASURE-arrow"},"wdio_ui5_key":"applicationmanagecatalogs-display-component---detailCatalog--BASE_UNIT_OF_MEASURE-arrow"}]}
RESULT: undefined
COMMAND: POST /session/25dcfb25871b33b6fbae40ebb9612352/element - {"using":"xpath","value":"//*[@id=\"application-managecatalogs-display-component---detailCatalog--BASE_UNIT_OF_MEASURE-arrow\"]"}
RESULT: {"using":"xpath","value":"//*[@id=\"application-managecatalogs-display-component---detailCatalog--BASE_UNIT_OF_MEASURE-arrow\"]"}
COMMAND: POST /session/25dcfb25871b33b6fbae40ebb9612352/element/f.2438752634DB01E0CA013ABFBE801384.d.15CE08B931C7721A42496D7139B8D2A2.e.8105/click - {}
RESULT: {}
COMMAND: POST /session/25dcfb25871b33b6fbae40ebb9612352/execute/async - {"script":"<script> [1562 bytes]","args":[{"selector":{"controlType":"sap.m.StandardListItem","viewName":"etm.portal.ui.managecatalogs.view.Detail","viewId":"application-managecatalogs-display-component---detailCatalog","properties":{"title":"Piece"},"searchOpenDialogs":true,"interaction":{"idSuffix":"titleText"}},"wdio_ui5_key":"etmportal.ui.managecatalogs.view.Detailsap.m.StandardListItem{\"title\":\"Piece\"}"}]}
COMMAND: GET /session/25dcfb25871b33b6fbae40ebb9612352/screenshot - {}
RESULT: {"script":"<script> [1562 bytes]","args":[{"selector":{"controlType":"sap.m.StandardListItem","viewName":"etm.portal.ui.managecatalogs.view.Detail","viewId":"application-managecatalogs-display-component---detailCatalog","properties":{"title":"Piece"},"searchOpenDialogs":true,"interaction":{"idSuffix":"titleText"}},"wdio_ui5_key":"etmportal.ui.managecatalogs.view.Detailsap.m.StandardListItem{\"title\":\"Piece\"}"}]}
RESULT: undefined
COMMAND: POST /session/25dcfb25871b33b6fbae40ebb9612352/element - {"using":"xpath","value":"//*[@id=\"__item218\"]"}
RESULT: {}
RESULT: {"using":"xpath","value":"//*[@id=\"__item218\"]"}
COMMAND: POST /session/25dcfb25871b33b6fbae40ebb9612352/element/f.2438752634DB01E0CA013ABFBE801384.d.15CE08B931C7721A42496D7139B8D2A2.e.8109/click - {}
RESULT: {}
COMMAND: POST /session/25dcfb25871b33b6fbae40ebb9612352/element - {"using":"xpath","value":"//button[contains(@data-kt ,\"ClassificationAddClassButton\")]"}
COMMAND: GET /session/25dcfb25871b33b6fbae40ebb9612352/screenshot - {}
RESULT: {"using":"xpath","value":"//button[contains(@data-kt ,\"ClassificationAddClassButton\")]"}
COMMAND: POST /session/25dcfb25871b33b6fbae40ebb9612352/element/f.2438752634DB01E0CA013ABFBE801384.d.15CE08B931C7721A42496D7139B8D2A2.e.8110/click - {}
RESULT: {}
RESULT: {}
COMMAND: GET /session/25dcfb25871b33b6fbae40ebb9612352/screenshot - {}
RESULT: {}
COMMAND: POST /session/25dcfb25871b33b6fbae40ebb9612352/element - {"using":"xpath","value":"//input[contains(@id ,\"searchField-I\")]"}
RESULT: {"using":"xpath","value":"//input[contains(@id ,\"searchField-I\")]"}
COMMAND: POST /session/25dcfb25871b33b6fbae40ebb9612352/element/f.2438752634DB01E0CA013ABFBE801384.d.15CE08B931C7721A42496D7139B8D2A2.e.8115/value - {"text":"WebdriverItemClassgdlls"}
RESULT: {"text":"WebdriverItemClassgdlls"}
COMMAND: POST /session/25dcfb25871b33b6fbae40ebb9612352/actions - {"actions":[{"id":"action51","type":"key","parameters":{},"actions":[{"type":"keyDown","value":"î€‡"},{"type":"pause","duration":10},{"type":"keyUp","value":"î€‡"}]}]}
COMMAND: GET /session/25dcfb25871b33b6fbae40ebb9612352/screenshot - {}
RESULT: {"actions":[{"id":"action51","type":"key","parameters":{},"actions":[{"type":"keyDown","value":"î€‡"},{"type":"pause","duration":10},{"type":"keyUp","value":"î€‡"}]}]}
COMMAND: GET /session/25dcfb25871b33b6fbae40ebb9612352/screenshot - {}
RESULT: {}
RESULT: {}
COMMAND: POST /session/25dcfb25871b33b6fbae40ebb9612352/element - {"using":"xpath","value":"//span[contains(text(), \"WebdriverItemClassgdlls\")]"}
RESULT: {"using":"xpath","value":"//span[contains(text(), \"WebdriverItemClassgdlls\")]"}
COMMAND: POST /session/25dcfb25871b33b6fbae40ebb9612352/element/f.2438752634DB01E0CA013ABFBE801384.d.15CE08B931C7721A42496D7139B8D2A2.e.8132/click - {}
RESULT: {}
COMMAND: GET /session/25dcfb25871b33b6fbae40ebb9612352/screenshot - {}
RESULT: {}
COMMAND: POST /session/25dcfb25871b33b6fbae40ebb9612352/execute/async - {"script":"<script> [1562 bytes]","args":[{"selector":{"controlType":"sap.m.Button","viewName":"etm.portal.ui.managecatalogs.view.Detail","viewId":"application-managecatalogs-display-component---detailCatalog","properties":{"text":"Classification"},"interaction":{"idSuffix":"BDI-content"}},"wdio_ui5_key":"etmportal.ui.managecatalogs.view.Detailsap.m.Button{\"text\":\"Classification\"}"}]}
RESULT: {"script":"<script> [1562 bytes]","args":[{"selector":{"controlType":"sap.m.Button","viewName":"etm.portal.ui.managecatalogs.view.Detail","viewId":"application-managecatalogs-display-component---detailCatalog","properties":{"text":"Classification"},"interaction":{"idSuffix":"BDI-content"}},"wdio_ui5_key":"etmportal.ui.managecatalogs.view.Detailsap.m.Button{\"text\":\"Classification\"}"}]}
RESULT: undefined
COMMAND: POST /session/25dcfb25871b33b6fbae40ebb9612352/element - {"using":"xpath","value":"//*[@id=\"application-managecatalogs-display-component---detailCatalog--ObjectPageLayout-anchBar-__section3-anchor\"]"}
RESULT: {"using":"xpath","value":"//*[@id=\"application-managecatalogs-display-component---detailCatalog--ObjectPageLayout-anchBar-__section3-anchor\"]"}
COMMAND: POST /session/25dcfb25871b33b6fbae40ebb9612352/element/f.2438752634DB01E0CA013ABFBE801384.d.15CE08B931C7721A42496D7139B8D2A2.e.8137/click - {}
RESULT: {}
COMMAND: POST /session/25dcfb25871b33b6fbae40ebb9612352/execute/async - {"script":"<script> [1562 bytes]","args":[{"selector":{"controlType":"sap.ui.core.Icon","viewName":"etm.portal.ui.managecatalogs.view.Detail","viewId":"application-managecatalogs-display-component---detailCatalog","properties":{"src":{"regex":{"source":"slim\\-arrow\\-right"}}},"ancestor":{"controlType":"sap.m.Panel","viewName":"etm.portal.ui.managecatalogs.view.Detail","viewId":"application-managecatalogs-display-component---detailCatalog"}},"wdio_ui5_key":"etmportal.ui.managecatalogs.view.Detailsap.ui.core.Icon{\"src\":{\"regex\":{\"source\":\"slim\\\\-arrow\\\\-right\"}}}{\"controlType\":\"sap.m.Panel\",\"viewName\":\"etm.portal.ui.managecatalogs.view.Detail\",\"viewId\":\"application-managecatalogs-display-component---detailCatalog\"}"}]}
COMMAND: GET /session/25dcfb25871b33b6fbae40ebb9612352/screenshot - {}
RESULT: {"script":"<script> [1562 bytes]","args":[{"selector":{"controlType":"sap.ui.core.Icon","viewName":"etm.portal.ui.managecatalogs.view.Detail","viewId":"application-managecatalogs-display-component---detailCatalog","properties":{"src":{"regex":{"source":"slim\\-arrow\\-right"}}},"ancestor":{"controlType":"sap.m.Panel","viewName":"etm.portal.ui.managecatalogs.view.Detail","viewId":"application-managecatalogs-display-component---detailCatalog"}},"wdio_ui5_key":"etmportal.ui.managecatalogs.view.Detailsap.ui.core.Icon{\"src\":{\"regex\":{\"source\":\"slim\\\\-arrow\\\\-right\"}}}{\"controlType\":\"sap.m.Panel\",\"viewName\":\"etm.portal.ui.managecatalogs.view.Detail\",\"viewId\":\"application-managecatalogs-display-component---detailCatalog\"}"}]}
RESULT: undefined
COMMAND: POST /session/25dcfb25871b33b6fbae40ebb9612352/element - {"using":"xpath","value":"//*[@id=\"__panel0-__layout17-0-expandButton-img\"]"}
RESULT: {}
RESULT: {"using":"xpath","value":"//*[@id=\"__panel0-__layout17-0-expandButton-img\"]"}
COMMAND: POST /session/25dcfb25871b33b6fbae40ebb9612352/element/f.2438752634DB01E0CA013ABFBE801384.d.15CE08B931C7721A42496D7139B8D2A2.e.8143/click - {}
RESULT: {}
COMMAND: POST /session/25dcfb25871b33b6fbae40ebb9612352/execute/async - {"script":"<script> [1562 bytes]","args":[{"selector":{"controlType":"sap.ui.core.Icon","viewName":"etm.portal.ui.managecatalogs.view.Detail","viewId":"application-managecatalogs-display-component---detailCatalog","properties":{"src":{"regex":{"source":"slim\\-arrow\\-down"}}},"ancestor":{"controlType":"sap.m.ColumnListItem","viewName":"etm.portal.ui.managecatalogs.view.Detail","viewId":"application-managecatalogs-display-component---detailCatalog","bindingPath":{"modelName":"classModel","path":"/data/0/PROPERTIES/0"},"ancestor":{"controlType":"sap.m.Table","viewName":"etm.portal.ui.managecatalogs.view.Detail","viewId":"application-managecatalogs-display-component---detailCatalog","bindingPath":{"path":"/data/0","propertyPath":"PROPERTIES","modelName":"classModel"}}}},"wdio_ui5_key":"etmportal.ui.managecatalogs.view.Detailsap.ui.core.Icon{\"src\":{\"regex\":{\"source\":\"slim\\\\-arrow\\\\-down\"}}}{\"controlType\":\"sap.m.ColumnListItem\",\"viewName\":\"etm.portal.ui.managecatalogs.view.Detail\",\"viewId\":\"application-managecatalogs-display-component---detailCatalog\",\"bindingPath\":{\"modelName\":\"classModel\",\"path\":\"/data/0/PROPERTIES/0\"},\"ancestor\":{\"controlType\":\"sap.m.Table\",\"viewName\":\"etm.portal.ui.managecatalogs.view.Detail\",\"viewId\":\"application-managecatalogs-display-component---detailCatalog\",\"bindingPath\":{\"path\":\"/data/0\",\"propertyPath\":\"PROPERTIES\",\"modelName\":\"classModel\"}}}"}]}
COMMAND: GET /session/25dcfb25871b33b6fbae40ebb9612352/screenshot - {}
RESULT: {"script":"<script> [1562 bytes]","args":[{"selector":{"controlType":"sap.ui.core.Icon","viewName":"etm.portal.ui.managecatalogs.view.Detail","viewId":"application-managecatalogs-display-component---detailCatalog","properties":{"src":{"regex":{"source":"slim\\-arrow\\-down"}}},"ancestor":{"controlType":"sap.m.ColumnListItem","viewName":"etm.portal.ui.managecatalogs.view.Detail","viewId":"application-managecatalogs-display-component---detailCatalog","bindingPath":{"modelName":"classModel","path":"/data/0/PROPERTIES/0"},"ancestor":{"controlType":"sap.m.Table","viewName":"etm.portal.ui.managecatalogs.view.Detail","viewId":"application-managecatalogs-display-component---detailCatalog","bindingPath":{"path":"/data/0","propertyPath":"PROPERTIES","modelName":"classModel"}}}},"wdio_ui5_key":"etmportal.ui.managecatalogs.view.Detailsap.ui.core.Icon{\"src\":{\"regex\":{\"source\":\"slim\\\\-arrow\\\\-down\"}}}{\"controlType\":\"sap.m.ColumnListItem\",\"viewName\":\"etm.portal.ui.managecatalogs.view.Detail\",\"viewId\":\"application-managecatalogs-display-component---detailCatalog\",\"bindingPath\":{\"modelName\":\"classModel\",\"path\":\"/data/0/PROPERTIES/0\"},\"ancestor\":{\"controlType\":\"sap.m.Table\",\"viewName\":\"etm.portal.ui.managecatalogs.view.Detail\",\"viewId\":\"application-managecatalogs-display-component---detailCatalog\",\"bindingPath\":{\"path\":\"/data/0\",\"propertyPath\":\"PROPERTIES\",\"modelName\":\"classModel\"}}}"}]}
RESULT: undefined
COMMAND: POST /session/25dcfb25871b33b6fbae40ebb9612352/element - {"using":"xpath","value":"//*[@id=\"__box31-arrow\"]"}
RESULT: {}
RESULT: {"using":"xpath","value":"//*[@id=\"__box31-arrow\"]"}
COMMAND: POST /session/25dcfb25871b33b6fbae40ebb9612352/element/f.2438752634DB01E0CA013ABFBE801384.d.15CE08B931C7721A42496D7139B8D2A2.e.8157/click - {}
RESULT: {}
COMMAND: POST /session/25dcfb25871b33b6fbae40ebb9612352/execute/async - {"script":"<script> [1562 bytes]","args":[{"selector":{"controlType":"sap.m.StandardListItem","viewName":"etm.portal.ui.managecatalogs.view.Detail","viewId":"application-managecatalogs-display-component---detailCatalog","properties":{"title":"red"},"searchOpenDialogs":true,"interaction":{"idSuffix":"content"}},"wdio_ui5_key":"etmportal.ui.managecatalogs.view.Detailsap.m.StandardListItem{\"title\":\"red\"}"}]}
COMMAND: GET /session/25dcfb25871b33b6fbae40ebb9612352/screenshot - {}
RESULT: {"script":"<script> [1562 bytes]","args":[{"selector":{"controlType":"sap.m.StandardListItem","viewName":"etm.portal.ui.managecatalogs.view.Detail","viewId":"application-managecatalogs-display-component---detailCatalog","properties":{"title":"red"},"searchOpenDialogs":true,"interaction":{"idSuffix":"content"}},"wdio_ui5_key":"etmportal.ui.managecatalogs.view.Detailsap.m.StandardListItem{\"title\":\"red\"}"}]}
RESULT: undefined
COMMAND: POST /session/25dcfb25871b33b6fbae40ebb9612352/element - {"using":"xpath","value":"//*[@id=\"__item226\"]"}
RESULT: {}
RESULT: {"using":"xpath","value":"//*[@id=\"__item226\"]"}
COMMAND: POST /session/25dcfb25871b33b6fbae40ebb9612352/element/f.2438752634DB01E0CA013ABFBE801384.d.15CE08B931C7721A42496D7139B8D2A2.e.8160/click - {}
RESULT: {}
COMMAND: GET /session/25dcfb25871b33b6fbae40ebb9612352/screenshot - {}
RESULT: {}
COMMAND: POST /session/25dcfb25871b33b6fbae40ebb9612352/execute/async - {"script":"<script> [1562 bytes]","args":[{"selector":{"controlType":"sap.m.Button","viewName":"etm.portal.ui.managecatalogs.view.Detail","viewId":"application-managecatalogs-display-component---detailCatalog","i18NText":{"propertyName":"text","key":"save"},"interaction":{"idSuffix":"BDI-content"}},"wdio_ui5_key":"etmportal.ui.managecatalogs.view.Detailsap.m.Button{\"propertyName\":\"text\",\"key\":\"save\"}"}]}
RESULT: {"script":"<script> [1562 bytes]","args":[{"selector":{"controlType":"sap.m.Button","viewName":"etm.portal.ui.managecatalogs.view.Detail","viewId":"application-managecatalogs-display-component---detailCatalog","i18NText":{"propertyName":"text","key":"save"},"interaction":{"idSuffix":"BDI-content"}},"wdio_ui5_key":"etmportal.ui.managecatalogs.view.Detailsap.m.Button{\"propertyName\":\"text\",\"key\":\"save\"}"}]}
RESULT: undefined
COMMAND: POST /session/25dcfb25871b33b6fbae40ebb9612352/element - {"using":"xpath","value":"//*[@id=\"__button43\"]"}
RESULT: {"using":"xpath","value":"//*[@id=\"__button43\"]"}
COMMAND: POST /session/25dcfb25871b33b6fbae40ebb9612352/element/f.2438752634DB01E0CA013ABFBE801384.d.15CE08B931C7721A42496D7139B8D2A2.e.8080/click - {}
RESULT: {}
COMMAND: GET /session/25dcfb25871b33b6fbae40ebb9612352/screenshot - {}
RESULT: {}
COMMAND: POST /session/25dcfb25871b33b6fbae40ebb9612352/element - {"using":"css selector","value":"#shell-header-logo"}
RESULT: {"using":"css selector","value":"#shell-header-logo"}
COMMAND: POST /session/25dcfb25871b33b6fbae40ebb9612352/element/f.2438752634DB01E0CA013ABFBE801384.d.15CE08B931C7721A42496D7139B8D2A2.e.7911/click - {}
RESULT: {}
COMMAND: GET /session/25dcfb25871b33b6fbae40ebb9612352/screenshot - {}
RESULT: {}
]]></system-out>
    </testcase>
    <testcase classname="chrome.137_0_7151_56.windows.Manage_requests_-_requests_specifications_US141095" name="Should create a new request and add the catalog item with the specifications" time="146.926">
      <system-out><![CDATA[
COMMAND: POST /session/25dcfb25871b33b6fbae40ebb9612352/execute/async - {"script":"<script> [1562 bytes]","args":[{"selector":{"controlType":"sap.m.GenericTile","properties":{"header":"Manage Requests"}},"wdio_ui5_key":"sapm.GenericTile{\"header\":\"Manage Requests\"}"}]}
RESULT: {"script":"<script> [1562 bytes]","args":[{"selector":{"controlType":"sap.m.GenericTile","properties":{"header":"Manage Requests"}},"wdio_ui5_key":"sapm.GenericTile{\"header\":\"Manage Requests\"}"}]}
RESULT: undefined
COMMAND: POST /session/25dcfb25871b33b6fbae40ebb9612352/element - {"using":"xpath","value":"//*[@id=\"__tile47\"]"}
RESULT: {"using":"xpath","value":"//*[@id=\"__tile47\"]"}
COMMAND: POST /session/25dcfb25871b33b6fbae40ebb9612352/element/f.2438752634DB01E0CA013ABFBE801384.d.15CE08B931C7721A42496D7139B8D2A2.e.8191/click - {}
RESULT: {}
COMMAND: GET /session/25dcfb25871b33b6fbae40ebb9612352/screenshot - {}
RESULT: {}
COMMAND: POST /session/25dcfb25871b33b6fbae40ebb9612352/elements - {"using":"xpath","value":"//span[text()='Error']"}
RESULT: {"using":"xpath","value":"//span[text()='Error']"}
COMMAND: POST /session/25dcfb25871b33b6fbae40ebb9612352/element - {"using":"xpath","value":"//button[contains(@data-kt ,\"btnCreateNewOverflowToolbarButton\")]"}
COMMAND: POST /session/25dcfb25871b33b6fbae40ebb9612352/element - {"using":"xpath","value":"(//span[contains(@class ,\"sapMObjStatusText\")])[1]"}
RESULT: {"using":"xpath","value":"//button[contains(@data-kt ,\"btnCreateNewOverflowToolbarButton\")]"}
COMMAND: POST /session/25dcfb25871b33b6fbae40ebb9612352/element/f.2438752634DB01E0CA013ABFBE801384.d.15CE08B931C7721A42496D7139B8D2A2.e.8247/click - {}
RESULT: {"using":"xpath","value":"(//span[contains(@class ,\"sapMObjStatusText\")])[1]"}
COMMAND: POST /session/25dcfb25871b33b6fbae40ebb9612352/execute/sync - {"script":"<script> [8489 bytes]","args":[{"element-6066-11e4-a52e-4f735466cecf":"f.2438752634DB01E0CA013ABFBE801384.d.15CE08B931C7721A42496D7139B8D2A2.e.8283","ELEMENT":"f.2438752634DB01E0CA013ABFBE801384.d.15CE08B931C7721A42496D7139B8D2A2.e.8283"}]}
RESULT: {}
COMMAND: GET /session/25dcfb25871b33b6fbae40ebb9612352/screenshot - {}
RESULT: {"script":"<script> [8489 bytes]","args":[{"element-6066-11e4-a52e-4f735466cecf":"f.2438752634DB01E0CA013ABFBE801384.d.15CE08B931C7721A42496D7139B8D2A2.e.8283","ELEMENT":"f.2438752634DB01E0CA013ABFBE801384.d.15CE08B931C7721A42496D7139B8D2A2.e.8283"}]}
COMMAND: GET /session/25dcfb25871b33b6fbae40ebb9612352/screenshot - {}
RESULT: {}
RESULT: {}
COMMAND: POST /session/25dcfb25871b33b6fbae40ebb9612352/element - {"using":"xpath","value":"//input[contains(@id ,\"yardId-inner\")]"}
RESULT: {"using":"xpath","value":"//input[contains(@id ,\"yardId-inner\")]"}
COMMAND: POST /session/25dcfb25871b33b6fbae40ebb9612352/execute/sync - {"script":"<script> [8489 bytes]","args":[{"element-6066-11e4-a52e-4f735466cecf":"f.2438752634DB01E0CA013ABFBE801384.d.15CE08B931C7721A42496D7139B8D2A2.e.8364","ELEMENT":"f.2438752634DB01E0CA013ABFBE801384.d.15CE08B931C7721A42496D7139B8D2A2.e.8364"}]}
RESULT: {"script":"<script> [8489 bytes]","args":[{"element-6066-11e4-a52e-4f735466cecf":"f.2438752634DB01E0CA013ABFBE801384.d.15CE08B931C7721A42496D7139B8D2A2.e.8364","ELEMENT":"f.2438752634DB01E0CA013ABFBE801384.d.15CE08B931C7721A42496D7139B8D2A2.e.8364"}]}
COMMAND: POST /session/25dcfb25871b33b6fbae40ebb9612352/element - {"using":"xpath","value":"//input[contains(@id ,\"yardId-inner\")]"}
COMMAND: GET /session/25dcfb25871b33b6fbae40ebb9612352/screenshot - {}
RESULT: {"using":"xpath","value":"//input[contains(@id ,\"yardId-inner\")]"}
COMMAND: GET /session/25dcfb25871b33b6fbae40ebb9612352/element/f.2438752634DB01E0CA013ABFBE801384.d.15CE08B931C7721A42496D7139B8D2A2.e.8364/enabled - {}
RESULT: {}
RESULT: {}
COMMAND: POST /session/25dcfb25871b33b6fbae40ebb9612352/element/f.2438752634DB01E0CA013ABFBE801384.d.15CE08B931C7721A42496D7139B8D2A2.e.8364/clear - {}
COMMAND: GET /session/25dcfb25871b33b6fbae40ebb9612352/screenshot - {}
RESULT: {}
COMMAND: POST /session/25dcfb25871b33b6fbae40ebb9612352/element/f.2438752634DB01E0CA013ABFBE801384.d.15CE08B931C7721A42496D7139B8D2A2.e.8364/value - {"text":"WebdriverYardg92yd"}
COMMAND: GET /session/25dcfb25871b33b6fbae40ebb9612352/screenshot - {}
RESULT: {}
RESULT: {"text":"WebdriverYardg92yd"}
COMMAND: GET /session/25dcfb25871b33b6fbae40ebb9612352/screenshot - {}
RESULT: {}
RESULT: {}
COMMAND: POST /session/25dcfb25871b33b6fbae40ebb9612352/element - {"using":"xpath","value":"//input[contains(@id ,\"customerNumber-inner\")]"}
RESULT: {"using":"xpath","value":"//input[contains(@id ,\"customerNumber-inner\")]"}
COMMAND: POST /session/25dcfb25871b33b6fbae40ebb9612352/element/f.2438752634DB01E0CA013ABFBE801384.d.15CE08B931C7721A42496D7139B8D2A2.e.8358/value - {"text":"WebdriverPartner7c7tfh"}
COMMAND: POST /session/25dcfb25871b33b6fbae40ebb9612352/actions - {"actions":[{"id":"action52","type":"key","parameters":{},"actions":[{"type":"keyDown","value":"î€‡"},{"type":"pause","duration":10},{"type":"keyUp","value":"î€‡"}]}]}
RESULT: {"actions":[{"id":"action52","type":"key","parameters":{},"actions":[{"type":"keyDown","value":"î€‡"},{"type":"pause","duration":10},{"type":"keyUp","value":"î€‡"}]}]}
COMMAND: GET /session/25dcfb25871b33b6fbae40ebb9612352/screenshot - {}
RESULT: {"text":"WebdriverPartner7c7tfh"}
COMMAND: GET /session/25dcfb25871b33b6fbae40ebb9612352/screenshot - {}
RESULT: {}
RESULT: {}
COMMAND: POST /session/25dcfb25871b33b6fbae40ebb9612352/actions - {"actions":[{"id":"action53","type":"key","parameters":{},"actions":[{"type":"keyDown","value":"î€‡"},{"type":"pause","duration":10},{"type":"keyUp","value":"î€‡"}]}]}
RESULT: {"actions":[{"id":"action53","type":"key","parameters":{},"actions":[{"type":"keyDown","value":"î€‡"},{"type":"pause","duration":10},{"type":"keyUp","value":"î€‡"}]}]}
COMMAND: GET /session/25dcfb25871b33b6fbae40ebb9612352/screenshot - {}
RESULT: {}
COMMAND: POST /session/25dcfb25871b33b6fbae40ebb9612352/element - {"using":"xpath","value":"//input[contains(@id ,\"requestSiteId-inner\")]"}
RESULT: {"using":"xpath","value":"//input[contains(@id ,\"requestSiteId-inner\")]"}
COMMAND: POST /session/25dcfb25871b33b6fbae40ebb9612352/element/f.2438752634DB01E0CA013ABFBE801384.d.15CE08B931C7721A42496D7139B8D2A2.e.8357/value - {"text":"WebdriverSitemjpzv"}
RESULT: {"text":"WebdriverSitemjpzv"}
COMMAND: GET /session/25dcfb25871b33b6fbae40ebb9612352/screenshot - {}
RESULT: {}
COMMAND: POST /session/25dcfb25871b33b6fbae40ebb9612352/actions - {"actions":[{"id":"action54","type":"key","parameters":{},"actions":[{"type":"keyDown","value":"î€‡"},{"type":"pause","duration":10},{"type":"keyUp","value":"î€‡"}]}]}
RESULT: {"actions":[{"id":"action54","type":"key","parameters":{},"actions":[{"type":"keyDown","value":"î€‡"},{"type":"pause","duration":10},{"type":"keyUp","value":"î€‡"}]}]}
COMMAND: POST /session/25dcfb25871b33b6fbae40ebb9612352/execute/async - {"script":"<script> [1562 bytes]","args":[{"selector":{"controlType":"sap.ui.core.Icon","viewName":"etm.portal.ui.managerequests.view.NewRequest","properties":{"src":{"regex":{"source":"add"}}}},"wdio_ui5_key":"etmportal.ui.managerequests.view.NewRequestsap.ui.core.Icon{\"src\":{\"regex\":{\"source\":\"add\"}}}"}]}
COMMAND: GET /session/25dcfb25871b33b6fbae40ebb9612352/screenshot - {}
RESULT: {"script":"<script> [1562 bytes]","args":[{"selector":{"controlType":"sap.ui.core.Icon","viewName":"etm.portal.ui.managerequests.view.NewRequest","properties":{"src":{"regex":{"source":"add"}}}},"wdio_ui5_key":"etmportal.ui.managerequests.view.NewRequestsap.ui.core.Icon{\"src\":{\"regex\":{\"source\":\"add\"}}}"}]}
RESULT: undefined
COMMAND: POST /session/25dcfb25871b33b6fbae40ebb9612352/element - {"using":"xpath","value":"//*[@id=\"__xmlview59--btnAddTableRow-img\"]"}
RESULT: {}
RESULT: {"using":"xpath","value":"//*[@id=\"__xmlview59--btnAddTableRow-img\"]"}
COMMAND: POST /session/25dcfb25871b33b6fbae40ebb9612352/element/f.2438752634DB01E0CA013ABFBE801384.d.15CE08B931C7721A42496D7139B8D2A2.e.8537/click - {}
RESULT: {}
COMMAND: GET /session/25dcfb25871b33b6fbae40ebb9612352/screenshot - {}
RESULT: {}
COMMAND: POST /session/25dcfb25871b33b6fbae40ebb9612352/actions - {"actions":[{"id":"action55","type":"key","parameters":{},"actions":[{"type":"keyDown","value":"î€•"},{"type":"pause","duration":10},{"type":"keyUp","value":"î€•"}]}]}
RESULT: {"actions":[{"id":"action55","type":"key","parameters":{},"actions":[{"type":"keyDown","value":"î€•"},{"type":"pause","duration":10},{"type":"keyUp","value":"î€•"}]}]}
COMMAND: POST /session/25dcfb25871b33b6fbae40ebb9612352/actions - {"actions":[{"id":"action56","type":"key","parameters":{},"actions":[{"type":"keyDown","value":"î€‡"},{"type":"pause","duration":10},{"type":"keyUp","value":"î€‡"}]}]}
COMMAND: GET /session/25dcfb25871b33b6fbae40ebb9612352/screenshot - {}
RESULT: {"actions":[{"id":"action56","type":"key","parameters":{},"actions":[{"type":"keyDown","value":"î€‡"},{"type":"pause","duration":10},{"type":"keyUp","value":"î€‡"}]}]}
COMMAND: POST /session/25dcfb25871b33b6fbae40ebb9612352/element - {"using":"xpath","value":"(//input[contains(@id ,\"requestItemsTable-0-inner\")])[1]"}
COMMAND: GET /session/25dcfb25871b33b6fbae40ebb9612352/screenshot - {}
RESULT: {}
RESULT: {"using":"xpath","value":"(//input[contains(@id ,\"requestItemsTable-0-inner\")])[1]"}
COMMAND: POST /session/25dcfb25871b33b6fbae40ebb9612352/element/f.2438752634DB01E0CA013ABFBE801384.d.15CE08B931C7721A42496D7139B8D2A2.e.8542/clear - {}
RESULT: {}
RESULT: {}
COMMAND: POST /session/25dcfb25871b33b6fbae40ebb9612352/element/f.2438752634DB01E0CA013ABFBE801384.d.15CE08B931C7721A42496D7139B8D2A2.e.8542/value - {"text":"catalogItemName38wvu"}
COMMAND: GET /session/25dcfb25871b33b6fbae40ebb9612352/screenshot - {}
RESULT: {"text":"catalogItemName38wvu"}
COMMAND: GET /session/25dcfb25871b33b6fbae40ebb9612352/screenshot - {}
RESULT: {}
RESULT: {}
COMMAND: POST /session/25dcfb25871b33b6fbae40ebb9612352/actions - {"actions":[{"id":"action57","type":"key","parameters":{},"actions":[{"type":"keyDown","value":"î€‡"},{"type":"pause","duration":10},{"type":"keyUp","value":"î€‡"}]}]}
RESULT: {"actions":[{"id":"action57","type":"key","parameters":{},"actions":[{"type":"keyDown","value":"î€‡"},{"type":"pause","duration":10},{"type":"keyUp","value":"î€‡"}]}]}
COMMAND: GET /session/25dcfb25871b33b6fbae40ebb9612352/screenshot - {}
RESULT: {}
COMMAND: POST /session/25dcfb25871b33b6fbae40ebb9612352/execute/async - {"script":"<script> [1562 bytes]","args":[{"selector":{"controlType":"sap.m.Button","viewName":"etm.portal.ui.managerequests.view.NewRequest","i18NText":{"propertyName":"text","key":"requestSpecifications"},"interaction":{"idSuffix":"BDI-content"}},"wdio_ui5_key":"etmportal.ui.managerequests.view.NewRequestsap.m.Button{\"propertyName\":\"text\",\"key\":\"requestSpecifications\"}"}]}
RESULT: {"script":"<script> [1562 bytes]","args":[{"selector":{"controlType":"sap.m.Button","viewName":"etm.portal.ui.managerequests.view.NewRequest","i18NText":{"propertyName":"text","key":"requestSpecifications"},"interaction":{"idSuffix":"BDI-content"}},"wdio_ui5_key":"etmportal.ui.managerequests.view.NewRequestsap.m.Button{\"propertyName\":\"text\",\"key\":\"requestSpecifications\"}"}]}
RESULT: undefined
COMMAND: POST /session/25dcfb25871b33b6fbae40ebb9612352/element - {"using":"xpath","value":"//*[@id=\"__button78-__xmlview59--requestItemsTable-0\"]"}
RESULT: {"using":"xpath","value":"//*[@id=\"__button78-__xmlview59--requestItemsTable-0\"]"}
COMMAND: POST /session/25dcfb25871b33b6fbae40ebb9612352/element/f.2438752634DB01E0CA013ABFBE801384.d.15CE08B931C7721A42496D7139B8D2A2.e.8556/click - {}
RESULT: {}
COMMAND: GET /session/25dcfb25871b33b6fbae40ebb9612352/screenshot - {}
RESULT: {}
COMMAND: POST /session/25dcfb25871b33b6fbae40ebb9612352/element - {"using":"xpath","value":"//input[@value=\"red\"]"}
RESULT: {"using":"xpath","value":"//input[@value=\"red\"]"}
COMMAND: POST /session/25dcfb25871b33b6fbae40ebb9612352/elements - {"using":"xpath","value":"//input[@value=\"red\"]"}
RESULT: {"using":"xpath","value":"//input[@value=\"red\"]"}
COMMAND: POST /session/25dcfb25871b33b6fbae40ebb9612352/execute/async - {"script":"<script> [1562 bytes]","args":[{"selector":{"controlType":"sap.m.Text","viewName":"etm.portal.ui.managerequests.view.NewRequest","bindingPath":{"path":"/currentEntries/0/PROPERTIES/0","propertyPath":"DESCRIPTION","modelName":"techSpecsClassificationModel"},"searchOpenDialogs":true},"wdio_ui5_key":"etmportal.ui.managerequests.view.NewRequestsap.m.Text{\"path\":\"/currentEntries/0/PROPERTIES/0\",\"propertyPath\":\"DESCRIPTION\",\"modelName\":\"techSpecsClassificationModel\"}"}]}
RESULT: {"script":"<script> [1562 bytes]","args":[{"selector":{"controlType":"sap.m.Text","viewName":"etm.portal.ui.managerequests.view.NewRequest","bindingPath":{"path":"/currentEntries/0/PROPERTIES/0","propertyPath":"DESCRIPTION","modelName":"techSpecsClassificationModel"},"searchOpenDialogs":true},"wdio_ui5_key":"etmportal.ui.managerequests.view.NewRequestsap.m.Text{\"path\":\"/currentEntries/0/PROPERTIES/0\",\"propertyPath\":\"DESCRIPTION\",\"modelName\":\"techSpecsClassificationModel\"}"}]}
RESULT: undefined
COMMAND: POST /session/25dcfb25871b33b6fbae40ebb9612352/execute/async - {"script":"<script> [6424 bytes]","args":[{"element-6066-11e4-a52e-4f735466cecf":"f.2438752634DB01E0CA013ABFBE801384.d.15CE08B931C7721A42496D7139B8D2A2.e.8565"},"getText",[]]}
RESULT: {"script":"<script> [6424 bytes]","args":[{"element-6066-11e4-a52e-4f735466cecf":"f.2438752634DB01E0CA013ABFBE801384.d.15CE08B931C7721A42496D7139B8D2A2.e.8565"},"getText",[]]}
COMMAND: POST /session/25dcfb25871b33b6fbae40ebb9612352/execute/async - {"script":"<script> [1562 bytes]","args":[{"selector":{"controlType":"sap.ui.core.Icon","viewName":"etm.portal.ui.managerequests.view.NewRequest","properties":{"src":{"regex":{"source":"slim\\-arrow\\-down"}}},"searchOpenDialogs":true},"wdio_ui5_key":"etmportal.ui.managerequests.view.NewRequestsap.ui.core.Icon{\"src\":{\"regex\":{\"source\":\"slim\\\\-arrow\\\\-down\"}}}"}]}
RESULT: {"script":"<script> [1562 bytes]","args":[{"selector":{"controlType":"sap.ui.core.Icon","viewName":"etm.portal.ui.managerequests.view.NewRequest","properties":{"src":{"regex":{"source":"slim\\-arrow\\-down"}}},"searchOpenDialogs":true},"wdio_ui5_key":"etmportal.ui.managerequests.view.NewRequestsap.ui.core.Icon{\"src\":{\"regex\":{\"source\":\"slim\\\\-arrow\\\\-down\"}}}"}]}
RESULT: undefined
COMMAND: POST /session/25dcfb25871b33b6fbae40ebb9612352/element - {"using":"xpath","value":"//*[@id=\"__box58-arrow\"]"}
RESULT: {"using":"xpath","value":"//*[@id=\"__box58-arrow\"]"}
COMMAND: POST /session/25dcfb25871b33b6fbae40ebb9612352/element/f.2438752634DB01E0CA013ABFBE801384.d.15CE08B931C7721A42496D7139B8D2A2.e.8566/click - {}
RESULT: {}
COMMAND: POST /session/25dcfb25871b33b6fbae40ebb9612352/execute/async - {"script":"<script> [1562 bytes]","args":[{"selector":{"controlType":"sap.m.StandardListItem","viewName":"etm.portal.ui.managerequests.view.NewRequest","properties":{"title":"blue"},"searchOpenDialogs":true,"interaction":{"idSuffix":"content"}},"wdio_ui5_key":"etmportal.ui.managerequests.view.NewRequestsap.m.StandardListItem{\"title\":\"blue\"}"}]}
COMMAND: GET /session/25dcfb25871b33b6fbae40ebb9612352/screenshot - {}
RESULT: {"script":"<script> [1562 bytes]","args":[{"selector":{"controlType":"sap.m.StandardListItem","viewName":"etm.portal.ui.managerequests.view.NewRequest","properties":{"title":"blue"},"searchOpenDialogs":true,"interaction":{"idSuffix":"content"}},"wdio_ui5_key":"etmportal.ui.managerequests.view.NewRequestsap.m.StandardListItem{\"title\":\"blue\"}"}]}
RESULT: undefined
COMMAND: POST /session/25dcfb25871b33b6fbae40ebb9612352/element - {"using":"xpath","value":"//*[@id=\"__item1129\"]"}
RESULT: {}
RESULT: {"using":"xpath","value":"//*[@id=\"__item1129\"]"}
COMMAND: POST /session/25dcfb25871b33b6fbae40ebb9612352/element/f.2438752634DB01E0CA013ABFBE801384.d.15CE08B931C7721A42496D7139B8D2A2.e.8568/click - {}
RESULT: {}
COMMAND: GET /session/25dcfb25871b33b6fbae40ebb9612352/screenshot - {}
RESULT: {}
COMMAND: POST /session/25dcfb25871b33b6fbae40ebb9612352/execute/async - {"script":"<script> [1562 bytes]","args":[{"selector":{"id":"saveButton","viewName":"etm.portal.ui.managerequests.view.NewRequest","searchOpenDialogs":true,"interaction":{"idSuffix":"BDI-content"}},"wdio_ui5_key":"saveButtonetmportal.ui.managerequests.view.NewRequest"}]}
RESULT: {"script":"<script> [1562 bytes]","args":[{"selector":{"id":"saveButton","viewName":"etm.portal.ui.managerequests.view.NewRequest","searchOpenDialogs":true,"interaction":{"idSuffix":"BDI-content"}},"wdio_ui5_key":"saveButtonetmportal.ui.managerequests.view.NewRequest"}]}
RESULT: undefined
COMMAND: POST /session/25dcfb25871b33b6fbae40ebb9612352/element - {"using":"xpath","value":"//*[@id=\"__xmlview59--saveButton\"]"}
RESULT: {"using":"xpath","value":"//*[@id=\"__xmlview59--saveButton\"]"}
COMMAND: POST /session/25dcfb25871b33b6fbae40ebb9612352/element/f.2438752634DB01E0CA013ABFBE801384.d.15CE08B931C7721A42496D7139B8D2A2.e.8563/click - {}
RESULT: {}
COMMAND: POST /session/25dcfb25871b33b6fbae40ebb9612352/execute/async - {"script":"<script> [1562 bytes]","args":[{"selector":{"controlType":"sap.ui.core.Icon","viewName":"etm.portal.ui.managerequests.view.NewRequest","properties":{"src":{"regex":{"source":"slim\\-arrow\\-down"}}},"ancestor":{"controlType":"sap.m.Button","viewName":"etm.portal.ui.managerequests.view.NewRequest","properties":{"icon":"sap-icon://slim-arrow-down"}}},"wdio_ui5_key":"etmportal.ui.managerequests.view.NewRequestsap.ui.core.Icon{\"src\":{\"regex\":{\"source\":\"slim\\\\-arrow\\\\-down\"}}}{\"controlType\":\"sap.m.Button\",\"viewName\":\"etm.portal.ui.managerequests.view.NewRequest\",\"properties\":{\"icon\":\"sap-icon://slim-arrow-down\"}}"}]}
COMMAND: GET /session/25dcfb25871b33b6fbae40ebb9612352/screenshot - {}
RESULT: {"script":"<script> [1562 bytes]","args":[{"selector":{"controlType":"sap.ui.core.Icon","viewName":"etm.portal.ui.managerequests.view.NewRequest","properties":{"src":{"regex":{"source":"slim\\-arrow\\-down"}}},"ancestor":{"controlType":"sap.m.Button","viewName":"etm.portal.ui.managerequests.view.NewRequest","properties":{"icon":"sap-icon://slim-arrow-down"}}},"wdio_ui5_key":"etmportal.ui.managerequests.view.NewRequestsap.ui.core.Icon{\"src\":{\"regex\":{\"source\":\"slim\\\\-arrow\\\\-down\"}}}{\"controlType\":\"sap.m.Button\",\"viewName\":\"etm.portal.ui.managerequests.view.NewRequest\",\"properties\":{\"icon\":\"sap-icon://slim-arrow-down\"}}"}]}
RESULT: undefined
RESULT: {}
COMMAND: POST /session/25dcfb25871b33b6fbae40ebb9612352/element - {"using":"xpath","value":"//div[contains(@data-kt ,\"splitAllocationObjectStatus\")]"}
RESULT: {"using":"xpath","value":"//div[contains(@data-kt ,\"splitAllocationObjectStatus\")]"}
COMMAND: POST /session/25dcfb25871b33b6fbae40ebb9612352/elements - {"using":"xpath","value":"//div[contains(@data-kt ,\"splitAllocationObjectStatus\")]"}
RESULT: {"using":"xpath","value":"//div[contains(@data-kt ,\"splitAllocationObjectStatus\")]"}
COMMAND: POST /session/25dcfb25871b33b6fbae40ebb9612352/execute/async - {"script":"<script> [1562 bytes]","args":[{"selector":{"controlType":"sap.ui.core.Icon","viewName":"etm.portal.ui.managerequests.view.NewRequest","properties":{"src":{"regex":{"source":"message\\-error"}}}},"wdio_ui5_key":"etmportal.ui.managerequests.view.NewRequestsap.ui.core.Icon{\"src\":{\"regex\":{\"source\":\"message\\\\-error\"}}}"}]}
RESULT: {"script":"<script> [1562 bytes]","args":[{"selector":{"controlType":"sap.ui.core.Icon","viewName":"etm.portal.ui.managerequests.view.NewRequest","properties":{"src":{"regex":{"source":"message\\-error"}}}},"wdio_ui5_key":"etmportal.ui.managerequests.view.NewRequestsap.ui.core.Icon{\"src\":{\"regex\":{\"source\":\"message\\\\-error\"}}}"}]}
RESULT: undefined
COMMAND: POST /session/25dcfb25871b33b6fbae40ebb9612352/element - {"using":"xpath","value":"//*[@id=\"__status4-__xmlview59--requestItemsTable-0-icon\"]"}
RESULT: {"using":"xpath","value":"//*[@id=\"__status4-__xmlview59--requestItemsTable-0-icon\"]"}
COMMAND: POST /session/25dcfb25871b33b6fbae40ebb9612352/element/f.2438752634DB01E0CA013ABFBE801384.d.15CE08B931C7721A42496D7139B8D2A2.e.8571/click - {}
RESULT: {}
COMMAND: POST /session/25dcfb25871b33b6fbae40ebb9612352/execute/async - {"script":"<script> [1562 bytes]","args":[{"selector":{"controlType":"sap.ui.core.Icon","viewName":"etm.portal.ui.managerequests.view.NewRequest","properties":{"src":{"regex":{"source":"slim\\-arrow\\-down"}}},"searchOpenDialogs":true,"ancestor":{"id":"costObjectAdminTypeComboBox","viewName":"etm.portal.ui.managerequests.view.NewRequest","searchOpenDialogs":true}},"wdio_ui5_key":"etmportal.ui.managerequests.view.NewRequestsap.ui.core.Icon{\"src\":{\"regex\":{\"source\":\"slim\\\\-arrow\\\\-down\"}}}{\"id\":\"costObjectAdminTypeComboBox\",\"viewName\":\"etm.portal.ui.managerequests.view.NewRequest\",\"searchOpenDialogs\":true}"}]}
COMMAND: GET /session/25dcfb25871b33b6fbae40ebb9612352/screenshot - {}
RESULT: {"script":"<script> [1562 bytes]","args":[{"selector":{"controlType":"sap.ui.core.Icon","viewName":"etm.portal.ui.managerequests.view.NewRequest","properties":{"src":{"regex":{"source":"slim\\-arrow\\-down"}}},"searchOpenDialogs":true,"ancestor":{"id":"costObjectAdminTypeComboBox","viewName":"etm.portal.ui.managerequests.view.NewRequest","searchOpenDialogs":true}},"wdio_ui5_key":"etmportal.ui.managerequests.view.NewRequestsap.ui.core.Icon{\"src\":{\"regex\":{\"source\":\"slim\\\\-arrow\\\\-down\"}}}{\"id\":\"costObjectAdminTypeComboBox\",\"viewName\":\"etm.portal.ui.managerequests.view.NewRequest\",\"searchOpenDialogs\":true}"}]}
RESULT: undefined
COMMAND: POST /session/25dcfb25871b33b6fbae40ebb9612352/element - {"using":"xpath","value":"//*[@id=\"__xmlview59--costObjectAdminTypeComboBox-arrow\"]"}
RESULT: {}
RESULT: {"using":"xpath","value":"//*[@id=\"__xmlview59--costObjectAdminTypeComboBox-arrow\"]"}
COMMAND: POST /session/25dcfb25871b33b6fbae40ebb9612352/element/f.2438752634DB01E0CA013ABFBE801384.d.15CE08B931C7721A42496D7139B8D2A2.e.8575/click - {}
RESULT: {}
COMMAND: POST /session/25dcfb25871b33b6fbae40ebb9612352/execute/async - {"script":"<script> [1562 bytes]","args":[{"selector":{"controlType":"sap.m.StandardListItem","viewName":"etm.portal.ui.managerequests.view.NewRequest","properties":{"title":"Cost Center"},"searchOpenDialogs":true,"interaction":{"idSuffix":"titleText"}},"wdio_ui5_key":"etmportal.ui.managerequests.view.NewRequestsap.m.StandardListItem{\"title\":\"Cost Center\"}"}]}
COMMAND: GET /session/25dcfb25871b33b6fbae40ebb9612352/screenshot - {}
RESULT: {"script":"<script> [1562 bytes]","args":[{"selector":{"controlType":"sap.m.StandardListItem","viewName":"etm.portal.ui.managerequests.view.NewRequest","properties":{"title":"Cost Center"},"searchOpenDialogs":true,"interaction":{"idSuffix":"titleText"}},"wdio_ui5_key":"etmportal.ui.managerequests.view.NewRequestsap.m.StandardListItem{\"title\":\"Cost Center\"}"}]}
RESULT: undefined
COMMAND: POST /session/25dcfb25871b33b6fbae40ebb9612352/element - {"using":"xpath","value":"//*[@id=\"__item1132\"]"}
RESULT: {}
RESULT: {"using":"xpath","value":"//*[@id=\"__item1132\"]"}
COMMAND: POST /session/25dcfb25871b33b6fbae40ebb9612352/element/f.2438752634DB01E0CA013ABFBE801384.d.15CE08B931C7721A42496D7139B8D2A2.e.8578/click - {}
RESULT: {}
COMMAND: GET /session/25dcfb25871b33b6fbae40ebb9612352/screenshot - {}
RESULT: {}
COMMAND: POST /session/25dcfb25871b33b6fbae40ebb9612352/execute/async - {"script":"<script> [1562 bytes]","args":[{"selector":{"controlType":"sap.ui.core.Icon","viewName":"etm.portal.ui.managerequests.view.NewRequest","properties":{"src":{"regex":{"source":"value\\-help"}}},"searchOpenDialogs":true},"wdio_ui5_key":"etmportal.ui.managerequests.view.NewRequestsap.ui.core.Icon{\"src\":{\"regex\":{\"source\":\"value\\\\-help\"}}}"}]}
RESULT: {"script":"<script> [1562 bytes]","args":[{"selector":{"controlType":"sap.ui.core.Icon","viewName":"etm.portal.ui.managerequests.view.NewRequest","properties":{"src":{"regex":{"source":"value\\-help"}}},"searchOpenDialogs":true},"wdio_ui5_key":"etmportal.ui.managerequests.view.NewRequestsap.ui.core.Icon{\"src\":{\"regex\":{\"source\":\"value\\\\-help\"}}}"}]}
RESULT: undefined
COMMAND: POST /session/25dcfb25871b33b6fbae40ebb9612352/element - {"using":"xpath","value":"//*[@id=\"__xmlview59--costObjectIdComboBox-vhi\"]"}
RESULT: {"using":"xpath","value":"//*[@id=\"__xmlview59--costObjectIdComboBox-vhi\"]"}
COMMAND: POST /session/25dcfb25871b33b6fbae40ebb9612352/element/f.2438752634DB01E0CA013ABFBE801384.d.15CE08B931C7721A42496D7139B8D2A2.e.8585/click - {}
RESULT: {}
COMMAND: POST /session/25dcfb25871b33b6fbae40ebb9612352/execute/async - {"script":"<script> [1562 bytes]","args":[{"selector":{"controlType":"sap.m.SearchField","properties":{"placeholder":"Search"},"searchOpenDialogs":true,"interaction":{"idSuffix":"I"}},"wdio_ui5_key":"sapm.SearchField{\"placeholder\":\"Search\"}"}]}
COMMAND: GET /session/25dcfb25871b33b6fbae40ebb9612352/screenshot - {}
RESULT: {"script":"<script> [1562 bytes]","args":[{"selector":{"controlType":"sap.m.SearchField","properties":{"placeholder":"Search"},"searchOpenDialogs":true,"interaction":{"idSuffix":"I"}},"wdio_ui5_key":"sapm.SearchField{\"placeholder\":\"Search\"}"}]}
RESULT: undefined
COMMAND: POST /session/25dcfb25871b33b6fbae40ebb9612352/execute/async - {"script":"<script> [776 bytes]","args":[{"enterText":"10001010","selector":{"controlType":"sap.m.SearchField","properties":{"placeholder":"Search"},"searchOpenDialogs":true,"interaction":{"idSuffix":"I"}},"clearTextFirst":true,"interactionType":"ENTER_TEXT"}]}
RESULT: {}
RESULT: {"script":"<script> [776 bytes]","args":[{"enterText":"10001010","selector":{"controlType":"sap.m.SearchField","properties":{"placeholder":"Search"},"searchOpenDialogs":true,"interaction":{"idSuffix":"I"}},"clearTextFirst":true,"interactionType":"ENTER_TEXT"}]}
COMMAND: POST /session/25dcfb25871b33b6fbae40ebb9612352/actions - {"actions":[{"id":"action58","type":"key","parameters":{},"actions":[{"type":"keyDown","value":"î€‡"},{"type":"pause","duration":10},{"type":"keyUp","value":"î€‡"}]}]}
RESULT: {"actions":[{"id":"action58","type":"key","parameters":{},"actions":[{"type":"keyDown","value":"î€‡"},{"type":"pause","duration":10},{"type":"keyUp","value":"î€‡"}]}]}
COMMAND: GET /session/25dcfb25871b33b6fbae40ebb9612352/screenshot - {}
RESULT: {}
COMMAND: POST /session/25dcfb25871b33b6fbae40ebb9612352/execute/async - {"script":"<script> [1562 bytes]","args":[{"selector":{"controlType":"sap.m.Text","bindingPath":{"path":"/C_CostCtrValueHelp(CostCenter='10001010',ControllingArea='Z001')","propertyPath":"CostCenterName","modelName":"CostCenterModel"},"searchOpenDialogs":true},"wdio_ui5_key":"sapm.Text{\"path\":\"/C_CostCtrValueHelp(CostCenter='10001010',ControllingArea='Z001')\",\"propertyPath\":\"CostCenterName\",\"modelName\":\"CostCenterModel\"}"}]}
RESULT: {"script":"<script> [1562 bytes]","args":[{"selector":{"controlType":"sap.m.Text","bindingPath":{"path":"/C_CostCtrValueHelp(CostCenter='10001010',ControllingArea='Z001')","propertyPath":"CostCenterName","modelName":"CostCenterModel"},"searchOpenDialogs":true},"wdio_ui5_key":"sapm.Text{\"path\":\"/C_CostCtrValueHelp(CostCenter='10001010',ControllingArea='Z001')\",\"propertyPath\":\"CostCenterName\",\"modelName\":\"CostCenterModel\"}"}]}
RESULT: undefined
COMMAND: POST /session/25dcfb25871b33b6fbae40ebb9612352/element - {"using":"xpath","value":"//*[@id=\"__text550-__clone1344\"]"}
RESULT: {"using":"xpath","value":"//*[@id=\"__text550-__clone1344\"]"}
COMMAND: POST /session/25dcfb25871b33b6fbae40ebb9612352/element/f.2438752634DB01E0CA013ABFBE801384.d.15CE08B931C7721A42496D7139B8D2A2.e.8625/click - {}
RESULT: {}
COMMAND: POST /session/25dcfb25871b33b6fbae40ebb9612352/execute/async - {"script":"<script> [1562 bytes]","args":[{"selector":{"controlType":"sap.m.Button","properties":{"text":"OK"},"searchOpenDialogs":true,"interaction":{"idSuffix":"BDI-content"}},"wdio_ui5_key":"sapm.Button{\"text\":\"OK\"}"}]}
COMMAND: GET /session/25dcfb25871b33b6fbae40ebb9612352/screenshot - {}
RESULT: {"script":"<script> [1562 bytes]","args":[{"selector":{"controlType":"sap.m.Button","properties":{"text":"OK"},"searchOpenDialogs":true,"interaction":{"idSuffix":"BDI-content"}},"wdio_ui5_key":"sapm.Button{\"text\":\"OK\"}"}]}
RESULT: undefined
COMMAND: POST /session/25dcfb25871b33b6fbae40ebb9612352/element - {"using":"xpath","value":"//*[@id=\"__dialog2-ok\"]"}
RESULT: {}
RESULT: {"using":"xpath","value":"//*[@id=\"__dialog2-ok\"]"}
COMMAND: POST /session/25dcfb25871b33b6fbae40ebb9612352/element/f.2438752634DB01E0CA013ABFBE801384.d.15CE08B931C7721A42496D7139B8D2A2.e.8627/click - {}
RESULT: {}
COMMAND: GET /session/25dcfb25871b33b6fbae40ebb9612352/screenshot - {}
RESULT: {}
COMMAND: POST /session/25dcfb25871b33b6fbae40ebb9612352/execute/async - {"script":"<script> [1562 bytes]","args":[{"selector":{"controlType":"sap.m.Button","viewName":"etm.portal.ui.managerequests.view.NewRequest","i18NText":{"propertyName":"text","key":"save"},"searchOpenDialogs":true,"interaction":{"idSuffix":"BDI-content"}},"wdio_ui5_key":"etmportal.ui.managerequests.view.NewRequestsap.m.Button{\"propertyName\":\"text\",\"key\":\"save\"}"}]}
RESULT: {"script":"<script> [1562 bytes]","args":[{"selector":{"controlType":"sap.m.Button","viewName":"etm.portal.ui.managerequests.view.NewRequest","i18NText":{"propertyName":"text","key":"save"},"searchOpenDialogs":true,"interaction":{"idSuffix":"BDI-content"}},"wdio_ui5_key":"etmportal.ui.managerequests.view.NewRequestsap.m.Button{\"propertyName\":\"text\",\"key\":\"save\"}"}]}
RESULT: undefined
COMMAND: POST /session/25dcfb25871b33b6fbae40ebb9612352/element - {"using":"xpath","value":"//*[@id=\"__button91\"]"}
RESULT: {"using":"xpath","value":"//*[@id=\"__button91\"]"}
COMMAND: POST /session/25dcfb25871b33b6fbae40ebb9612352/element/f.2438752634DB01E0CA013ABFBE801384.d.15CE08B931C7721A42496D7139B8D2A2.e.8631/click - {}
RESULT: {}
COMMAND: GET /session/25dcfb25871b33b6fbae40ebb9612352/screenshot - {}
RESULT: {}
COMMAND: POST /session/25dcfb25871b33b6fbae40ebb9612352/execute/async - {"script":"<script> [1562 bytes]","args":[{"selector":{"controlType":"sap.m.Button","viewName":"etm.portal.ui.managerequests.view.NewRequest","i18NText":{"propertyName":"tooltip","key":"save"},"interaction":{"idSuffix":"content"}},"wdio_ui5_key":"etmportal.ui.managerequests.view.NewRequestsap.m.Button{\"propertyName\":\"tooltip\",\"key\":\"save\"}"}]}
RESULT: {"script":"<script> [1562 bytes]","args":[{"selector":{"controlType":"sap.m.Button","viewName":"etm.portal.ui.managerequests.view.NewRequest","i18NText":{"propertyName":"tooltip","key":"save"},"interaction":{"idSuffix":"content"}},"wdio_ui5_key":"etmportal.ui.managerequests.view.NewRequestsap.m.Button{\"propertyName\":\"tooltip\",\"key\":\"save\"}"}]}
RESULT: undefined
COMMAND: POST /session/25dcfb25871b33b6fbae40ebb9612352/element - {"using":"xpath","value":"//*[@id=\"__button80\"]"}
RESULT: {"using":"xpath","value":"//*[@id=\"__button80\"]"}
COMMAND: POST /session/25dcfb25871b33b6fbae40ebb9612352/element/f.2438752634DB01E0CA013ABFBE801384.d.15CE08B931C7721A42496D7139B8D2A2.e.8466/click - {}
RESULT: {}
COMMAND: GET /session/25dcfb25871b33b6fbae40ebb9612352/screenshot - {}
RESULT: {}
COMMAND: POST /session/25dcfb25871b33b6fbae40ebb9612352/execute/async - {"script":"<script> [1562 bytes]","args":[{"selector":{"controlType":"sap.m.Title","properties":{"text":"Success"},"searchOpenDialogs":true},"wdio_ui5_key":"sapm.Title{\"text\":\"Success\"}"}]}
RESULT: {"script":"<script> [1562 bytes]","args":[{"selector":{"controlType":"sap.m.Title","properties":{"text":"Success"},"searchOpenDialogs":true},"wdio_ui5_key":"sapm.Title{\"text\":\"Success\"}"}]}
RESULT: undefined
COMMAND: POST /session/25dcfb25871b33b6fbae40ebb9612352/execute/async - {"script":"<script> [6424 bytes]","args":[{"element-6066-11e4-a52e-4f735466cecf":"f.2438752634DB01E0CA013ABFBE801384.d.15CE08B931C7721A42496D7139B8D2A2.e.8636"},"getText",[]]}
RESULT: {"script":"<script> [6424 bytes]","args":[{"element-6066-11e4-a52e-4f735466cecf":"f.2438752634DB01E0CA013ABFBE801384.d.15CE08B931C7721A42496D7139B8D2A2.e.8636"},"getText",[]]}
COMMAND: POST /session/25dcfb25871b33b6fbae40ebb9612352/execute/async - {"script":"<script> [1562 bytes]","args":[{"selector":{"controlType":"sap.m.Button","properties":{"text":"Close"},"searchOpenDialogs":true,"interaction":{"idSuffix":"BDI-content"}},"wdio_ui5_key":"sapm.Button{\"text\":\"Close\"}"}]}
RESULT: {"script":"<script> [1562 bytes]","args":[{"selector":{"controlType":"sap.m.Button","properties":{"text":"Close"},"searchOpenDialogs":true,"interaction":{"idSuffix":"BDI-content"}},"wdio_ui5_key":"sapm.Button{\"text\":\"Close\"}"}]}
RESULT: undefined
COMMAND: POST /session/25dcfb25871b33b6fbae40ebb9612352/element - {"using":"xpath","value":"//*[@id=\"__mbox-btn-0\"]"}
RESULT: {"using":"xpath","value":"//*[@id=\"__mbox-btn-0\"]"}
COMMAND: POST /session/25dcfb25871b33b6fbae40ebb9612352/element/f.2438752634DB01E0CA013ABFBE801384.d.15CE08B931C7721A42496D7139B8D2A2.e.8635/click - {}
RESULT: {}
COMMAND: GET /session/25dcfb25871b33b6fbae40ebb9612352/screenshot - {}
RESULT: {}
COMMAND: POST /session/25dcfb25871b33b6fbae40ebb9612352/execute/async - {"script":"<script> [1562 bytes]","args":[{"selector":{"controlType":"sap.m.Button","viewName":"etm.portal.ui.managerequests.view.Detail","i18NText":{"propertyName":"text","key":"requestSpecifications"},"interaction":{"idSuffix":"BDI-content"}},"wdio_ui5_key":"etmportal.ui.managerequests.view.Detailsap.m.Button{\"propertyName\":\"text\",\"key\":\"requestSpecifications\"}"}]}
RESULT: {"script":"<script> [1562 bytes]","args":[{"selector":{"controlType":"sap.m.Button","viewName":"etm.portal.ui.managerequests.view.Detail","i18NText":{"propertyName":"text","key":"requestSpecifications"},"interaction":{"idSuffix":"BDI-content"}},"wdio_ui5_key":"etmportal.ui.managerequests.view.Detailsap.m.Button{\"propertyName\":\"text\",\"key\":\"requestSpecifications\"}"}]}
RESULT: undefined
COMMAND: POST /session/25dcfb25871b33b6fbae40ebb9612352/element - {"using":"xpath","value":"//*[@id=\"__button107-__clone1383\"]"}
RESULT: {"using":"xpath","value":"//*[@id=\"__button107-__clone1383\"]"}
COMMAND: POST /session/25dcfb25871b33b6fbae40ebb9612352/element/f.2438752634DB01E0CA013ABFBE801384.d.15CE08B931C7721A42496D7139B8D2A2.e.8751/click - {}
RESULT: {}
COMMAND: GET /session/25dcfb25871b33b6fbae40ebb9612352/screenshot - {}
RESULT: {}
COMMAND: POST /session/25dcfb25871b33b6fbae40ebb9612352/element - {"using":"xpath","value":"//input[@value=\"blue\"]"}
RESULT: {"using":"xpath","value":"//input[@value=\"blue\"]"}
COMMAND: POST /session/25dcfb25871b33b6fbae40ebb9612352/elements - {"using":"xpath","value":"//input[@value=\"blue\"]"}
RESULT: {"using":"xpath","value":"//input[@value=\"blue\"]"}
COMMAND: POST /session/25dcfb25871b33b6fbae40ebb9612352/execute/async - {"script":"<script> [1562 bytes]","args":[{"selector":{"id":"cancelRequestSpecificationsButton","viewName":"etm.portal.ui.managerequests.view.Detail","searchOpenDialogs":true,"interaction":{"idSuffix":"BDI-content"}},"wdio_ui5_key":"cancelRequestSpecificationsButtonetmportal.ui.managerequests.view.Detail"}]}
RESULT: {"script":"<script> [1562 bytes]","args":[{"selector":{"id":"cancelRequestSpecificationsButton","viewName":"etm.portal.ui.managerequests.view.Detail","searchOpenDialogs":true,"interaction":{"idSuffix":"BDI-content"}},"wdio_ui5_key":"cancelRequestSpecificationsButtonetmportal.ui.managerequests.view.Detail"}]}
RESULT: undefined
COMMAND: POST /session/25dcfb25871b33b6fbae40ebb9612352/element - {"using":"xpath","value":"//*[@id=\"__xmlview60--cancelRequestSpecificationsButton\"]"}
RESULT: {"using":"xpath","value":"//*[@id=\"__xmlview60--cancelRequestSpecificationsButton\"]"}
COMMAND: POST /session/25dcfb25871b33b6fbae40ebb9612352/element/f.2438752634DB01E0CA013ABFBE801384.d.15CE08B931C7721A42496D7139B8D2A2.e.8771/click - {}
RESULT: {}
COMMAND: GET /session/25dcfb25871b33b6fbae40ebb9612352/screenshot - {}
COMMAND: POST /session/25dcfb25871b33b6fbae40ebb9612352/element - {"using":"css selector","value":"#shell-header-logo"}
RESULT: {}
RESULT: {"using":"css selector","value":"#shell-header-logo"}
COMMAND: POST /session/25dcfb25871b33b6fbae40ebb9612352/element/f.2438752634DB01E0CA013ABFBE801384.d.15CE08B931C7721A42496D7139B8D2A2.e.8194/click - {}
RESULT: {}
COMMAND: GET /session/25dcfb25871b33b6fbae40ebb9612352/screenshot - {}
RESULT: {}
]]></system-out>
    </testcase>
  </testsuite>
  <testsuite timestamp="2025-06-05T16:03:56" time="344.33" tests="3" failures="0" errors="0" skipped="0">
    <properties>
      <property name="specId" value="0" />
      <property name="suiteName" value="Reserve/Unreserve request item via reserve option US139161" />
      <property name="capabilities" value="chrome.137_0_7151_56.windows" />
      <property name="file" value="file:///D:/a/1/s/test/specs/R2C/reserve-unreserve-request-item-via-reserve-option.spec.js" />
    </properties>
    <testcase classname="chrome.137_0_7151_56.windows.Reserve/Unreserve_request_item_via_reserve_option_US139161" name="Should add the material to the catalog item" time="77.814">
      <system-out><![CDATA[
COMMAND: POST /session/25dcfb25871b33b6fbae40ebb9612352/execute/async - {"script":"<script> [1562 bytes]","args":[{"selector":{"controlType":"sap.m.GenericTile","properties":{"header":"Manage Catalogs"}},"wdio_ui5_key":"sapm.GenericTile{\"header\":\"Manage Catalogs\"}"}]}
RESULT: {"script":"<script> [1562 bytes]","args":[{"selector":{"controlType":"sap.m.GenericTile","properties":{"header":"Manage Catalogs"}},"wdio_ui5_key":"sapm.GenericTile{\"header\":\"Manage Catalogs\"}"}]}
RESULT: undefined
COMMAND: POST /session/25dcfb25871b33b6fbae40ebb9612352/element - {"using":"xpath","value":"//*[@id=\"__tile37\"]"}
RESULT: {"using":"xpath","value":"//*[@id=\"__tile37\"]"}
COMMAND: POST /session/25dcfb25871b33b6fbae40ebb9612352/element/f.2438752634DB01E0CA013ABFBE801384.d.15CE08B931C7721A42496D7139B8D2A2.e.8778/click - {}
RESULT: {}
COMMAND: GET /session/25dcfb25871b33b6fbae40ebb9612352/screenshot - {}
RESULT: {}
COMMAND: POST /session/25dcfb25871b33b6fbae40ebb9612352/elements - {"using":"xpath","value":"//span[text()='Error']"}
RESULT: {"using":"xpath","value":"//span[text()='Error']"}
COMMAND: POST /session/25dcfb25871b33b6fbae40ebb9612352/execute/async - {"script":"<script> [1562 bytes]","args":[{"selector":{"controlType":"sap.m.Text","viewName":"etm.portal.ui.managecatalogs.view.MasterCatalogs","viewId":"application-managecatalogs-display-component---masterCatalogs","bindingPath":{"path":"/Catalogs('0D7502D073D53A0F1700BE067B89AFF9')","propertyPath":"DESCRIPTION","modelName":"catalogModel"}},"wdio_ui5_key":"etmportal.ui.managecatalogs.view.MasterCatalogssap.m.Text{\"path\":\"/Catalogs('0D7502D073D53A0F1700BE067B89AFF9')\",\"propertyPath\":\"DESCRIPTION\",\"modelName\":\"catalogModel\"}"}]}
RESULT: {"script":"<script> [1562 bytes]","args":[{"selector":{"controlType":"sap.m.Text","viewName":"etm.portal.ui.managecatalogs.view.MasterCatalogs","viewId":"application-managecatalogs-display-component---masterCatalogs","bindingPath":{"path":"/Catalogs('0D7502D073D53A0F1700BE067B89AFF9')","propertyPath":"DESCRIPTION","modelName":"catalogModel"}},"wdio_ui5_key":"etmportal.ui.managecatalogs.view.MasterCatalogssap.m.Text{\"path\":\"/Catalogs('0D7502D073D53A0F1700BE067B89AFF9')\",\"propertyPath\":\"DESCRIPTION\",\"modelName\":\"catalogModel\"}"}]}
RESULT: undefined
COMMAND: POST /session/25dcfb25871b33b6fbae40ebb9612352/element - {"using":"xpath","value":"//*[@id=\"__text685-application-managecatalogs-display-component---masterCatalogs--CatalogsTable-11\"]"}
RESULT: {"using":"xpath","value":"//*[@id=\"__text685-application-managecatalogs-display-component---masterCatalogs--CatalogsTable-11\"]"}
COMMAND: POST /session/25dcfb25871b33b6fbae40ebb9612352/element/f.2438752634DB01E0CA013ABFBE801384.d.15CE08B931C7721A42496D7139B8D2A2.e.8849/click - {}
RESULT: {}
RESULT: undefined
COMMAND: POST /session/25dcfb25871b33b6fbae40ebb9612352/execute/async - {"script":"<script> [776 bytes]","args":[{"enterText":"catalogItemyx5hp","selector":{"id":"application-managecatalogs-display-component---masterCatalogItems--searchItemsField","interaction":{"idSuffix":"I"}},"clearTextFirst":true,"interactionType":"ENTER_TEXT"}]}
COMMAND: GET /session/25dcfb25871b33b6fbae40ebb9612352/screenshot - {}
RESULT: {"script":"<script> [776 bytes]","args":[{"enterText":"catalogItemyx5hp","selector":{"id":"application-managecatalogs-display-component---masterCatalogItems--searchItemsField","interaction":{"idSuffix":"I"}},"clearTextFirst":true,"interactionType":"ENTER_TEXT"}]}
COMMAND: POST /session/25dcfb25871b33b6fbae40ebb9612352/actions - {"actions":[{"id":"action59","type":"key","parameters":{},"actions":[{"type":"keyDown","value":"î€‡"},{"type":"pause","duration":10},{"type":"keyUp","value":"î€‡"}]}]}
RESULT: {}
RESULT: {"actions":[{"id":"action59","type":"key","parameters":{},"actions":[{"type":"keyDown","value":"î€‡"},{"type":"pause","duration":10},{"type":"keyUp","value":"î€‡"}]}]}
COMMAND: POST /session/25dcfb25871b33b6fbae40ebb9612352/element - {"using":"xpath","value":"(//span[contains(text(), \"catalogItemyx5hp\")])[1]"}
COMMAND: GET /session/25dcfb25871b33b6fbae40ebb9612352/screenshot - {}
RESULT: {"using":"xpath","value":"(//span[contains(text(), \"catalogItemyx5hp\")])[1]"}
COMMAND: POST /session/25dcfb25871b33b6fbae40ebb9612352/element/f.2438752634DB01E0CA013ABFBE801384.d.15CE08B931C7721A42496D7139B8D2A2.e.8887/click - {}
RESULT: {}
RESULT: {}
COMMAND: GET /session/25dcfb25871b33b6fbae40ebb9612352/screenshot - {}
RESULT: {}
COMMAND: POST /session/25dcfb25871b33b6fbae40ebb9612352/element - {"using":"xpath","value":"//*[contains(@id ,\"BDI-content\")][contains(text(), \"Edit\")]"}
RESULT: {"using":"xpath","value":"//*[contains(@id ,\"BDI-content\")][contains(text(), \"Edit\")]"}
COMMAND: POST /session/25dcfb25871b33b6fbae40ebb9612352/element/f.2438752634DB01E0CA013ABFBE801384.d.15CE08B931C7721A42496D7139B8D2A2.e.8966/click - {}
RESULT: {}
COMMAND: GET /session/25dcfb25871b33b6fbae40ebb9612352/screenshot - {}
RESULT: {}
COMMAND: POST /session/25dcfb25871b33b6fbae40ebb9612352/element - {"using":"xpath","value":"//bdi[contains(text(), \"Assigned Resources\")]"}
RESULT: {"using":"xpath","value":"//bdi[contains(text(), \"Assigned Resources\")]"}
COMMAND: POST /session/25dcfb25871b33b6fbae40ebb9612352/element/f.2438752634DB01E0CA013ABFBE801384.d.15CE08B931C7721A42496D7139B8D2A2.e.8992/click - {}
RESULT: {}
COMMAND: GET /session/25dcfb25871b33b6fbae40ebb9612352/screenshot - {}
RESULT: {}
COMMAND: POST /session/25dcfb25871b33b6fbae40ebb9612352/element - {"using":"xpath","value":"//button[contains(@data-kt ,\"catalogItemAssignRuButton\")]"}
RESULT: {"using":"xpath","value":"//button[contains(@data-kt ,\"catalogItemAssignRuButton\")]"}
COMMAND: POST /session/25dcfb25871b33b6fbae40ebb9612352/element/f.2438752634DB01E0CA013ABFBE801384.d.15CE08B931C7721A42496D7139B8D2A2.e.8998/click - {}
RESULT: {}
COMMAND: GET /session/25dcfb25871b33b6fbae40ebb9612352/screenshot - {}
RESULT: {}
COMMAND: POST /session/25dcfb25871b33b6fbae40ebb9612352/actions - {"actions":[{"id":"action60","type":"key","parameters":{},"actions":[{"type":"keyDown","value":"î€‡"},{"type":"pause","duration":10},{"type":"keyUp","value":"î€‡"}]}]}
RESULT: {"actions":[{"id":"action60","type":"key","parameters":{},"actions":[{"type":"keyDown","value":"î€‡"},{"type":"pause","duration":10},{"type":"keyUp","value":"î€‡"}]}]}
COMMAND: GET /session/25dcfb25871b33b6fbae40ebb9612352/screenshot - {}
RESULT: {}
COMMAND: POST /session/25dcfb25871b33b6fbae40ebb9612352/execute/async - {"script":"<script> [1562 bytes]","args":[{"selector":{"id":"application-managecatalogs-display-component---detailCatalog--assignRUSearchField-vhi","searchOpenDialogs":true},"wdio_ui5_key":"applicationmanagecatalogs-display-component---detailCatalog--assignRUSearchField-vhi"}]}
RESULT: {"script":"<script> [1562 bytes]","args":[{"selector":{"id":"application-managecatalogs-display-component---detailCatalog--assignRUSearchField-vhi","searchOpenDialogs":true},"wdio_ui5_key":"applicationmanagecatalogs-display-component---detailCatalog--assignRUSearchField-vhi"}]}
RESULT: undefined
COMMAND: POST /session/25dcfb25871b33b6fbae40ebb9612352/element - {"using":"xpath","value":"//*[@id=\"application-managecatalogs-display-component---detailCatalog--assignRUSearchField-vhi\"]"}
RESULT: {"using":"xpath","value":"//*[@id=\"application-managecatalogs-display-component---detailCatalog--assignRUSearchField-vhi\"]"}
COMMAND: POST /session/25dcfb25871b33b6fbae40ebb9612352/element/f.2438752634DB01E0CA013ABFBE801384.d.15CE08B931C7721A42496D7139B8D2A2.e.9014/click - {}
RESULT: {}
COMMAND: GET /session/25dcfb25871b33b6fbae40ebb9612352/screenshot - {}
RESULT: {}
COMMAND: POST /session/25dcfb25871b33b6fbae40ebb9612352/element - {"using":"xpath","value":"//input[contains(@id ,\"searchField-I\")]"}
RESULT: {"using":"xpath","value":"//input[contains(@id ,\"searchField-I\")]"}
COMMAND: POST /session/25dcfb25871b33b6fbae40ebb9612352/element/f.2438752634DB01E0CA013ABFBE801384.d.15CE08B931C7721A42496D7139B8D2A2.e.9018/clear - {}
RESULT: {}
COMMAND: POST /session/25dcfb25871b33b6fbae40ebb9612352/element/f.2438752634DB01E0CA013ABFBE801384.d.15CE08B931C7721A42496D7139B8D2A2.e.9018/value - {"text":"WebdriverMatTestgnnfb"}
COMMAND: GET /session/25dcfb25871b33b6fbae40ebb9612352/screenshot - {}
RESULT: {"text":"WebdriverMatTestgnnfb"}
COMMAND: GET /session/25dcfb25871b33b6fbae40ebb9612352/screenshot - {}
RESULT: {}
RESULT: {}
COMMAND: POST /session/25dcfb25871b33b6fbae40ebb9612352/actions - {"actions":[{"id":"action61","type":"key","parameters":{},"actions":[{"type":"keyDown","value":"î€‡"},{"type":"pause","duration":10},{"type":"keyUp","value":"î€‡"}]}]}
RESULT: {"actions":[{"id":"action61","type":"key","parameters":{},"actions":[{"type":"keyDown","value":"î€‡"},{"type":"pause","duration":10},{"type":"keyUp","value":"î€‡"}]}]}
COMMAND: GET /session/25dcfb25871b33b6fbae40ebb9612352/screenshot - {}
RESULT: {}
COMMAND: POST /session/25dcfb25871b33b6fbae40ebb9612352/actions - {"actions":[{"id":"action62","type":"key","parameters":{},"actions":[{"type":"keyDown","value":"î€„"},{"type":"pause","duration":10},{"type":"keyUp","value":"î€„"}]}]}
RESULT: {"actions":[{"id":"action62","type":"key","parameters":{},"actions":[{"type":"keyDown","value":"î€„"},{"type":"pause","duration":10},{"type":"keyUp","value":"î€„"}]}]}
COMMAND: GET /session/25dcfb25871b33b6fbae40ebb9612352/screenshot - {}
RESULT: {}
COMMAND: POST /session/25dcfb25871b33b6fbae40ebb9612352/actions - {"actions":[{"id":"action63","type":"key","parameters":{},"actions":[{"type":"keyDown","value":"î€‡"},{"type":"pause","duration":10},{"type":"keyUp","value":"î€‡"}]}]}
RESULT: {"actions":[{"id":"action63","type":"key","parameters":{},"actions":[{"type":"keyDown","value":"î€‡"},{"type":"pause","duration":10},{"type":"keyUp","value":"î€‡"}]}]}
COMMAND: GET /session/25dcfb25871b33b6fbae40ebb9612352/screenshot - {}
RESULT: {}
COMMAND: POST /session/25dcfb25871b33b6fbae40ebb9612352/element - {"using":"xpath","value":"//bdi[contains(@id ,\"application-managecatalogs-display-component---detailCatalog--RUAssignmentSaveButton-BDI-content\")]"}
RESULT: {"using":"xpath","value":"//bdi[contains(@id ,\"application-managecatalogs-display-component---detailCatalog--RUAssignmentSaveButton-BDI-content\")]"}
COMMAND: POST /session/25dcfb25871b33b6fbae40ebb9612352/element/f.2438752634DB01E0CA013ABFBE801384.d.15CE08B931C7721A42496D7139B8D2A2.e.9049/click - {}
RESULT: {}
COMMAND: GET /session/25dcfb25871b33b6fbae40ebb9612352/screenshot - {}
RESULT: {}
COMMAND: POST /session/25dcfb25871b33b6fbae40ebb9612352/element - {"using":"xpath","value":"//bdi[contains(text(), \"Save\")]"}
RESULT: {"using":"xpath","value":"//bdi[contains(text(), \"Save\")]"}
COMMAND: POST /session/25dcfb25871b33b6fbae40ebb9612352/element/f.2438752634DB01E0CA013ABFBE801384.d.15CE08B931C7721A42496D7139B8D2A2.e.9066/click - {}
RESULT: {}
COMMAND: GET /session/25dcfb25871b33b6fbae40ebb9612352/screenshot - {}
RESULT: {}
COMMAND: POST /session/25dcfb25871b33b6fbae40ebb9612352/element - {"using":"css selector","value":"#shell-header-logo"}
RESULT: {"using":"css selector","value":"#shell-header-logo"}
COMMAND: POST /session/25dcfb25871b33b6fbae40ebb9612352/element/f.2438752634DB01E0CA013ABFBE801384.d.15CE08B931C7721A42496D7139B8D2A2.e.8782/click - {}
RESULT: {}
COMMAND: GET /session/25dcfb25871b33b6fbae40ebb9612352/screenshot - {}
RESULT: {}
COMMAND: POST /session/25dcfb25871b33b6fbae40ebb9612352/refresh - {}
RESULT: {}
COMMAND: GET /session/25dcfb25871b33b6fbae40ebb9612352/screenshot - {}
RESULT: {}
COMMAND: POST /session/25dcfb25871b33b6fbae40ebb9612352/execute/async - {"script":"<script> [189 bytes]","args":[]}
RESULT: {"script":"<script> [189 bytes]","args":[]}
COMMAND: POST /session/25dcfb25871b33b6fbae40ebb9612352/execute/async - {"script":"<script> [123 bytes]","args":[]}
RESULT: {"script":"<script> [123 bytes]","args":[]}
COMMAND: POST /session/25dcfb25871b33b6fbae40ebb9612352/timeouts - {"script":"<number>"}
RESULT: {"script":"<number>"}
COMMAND: GET /session/25dcfb25871b33b6fbae40ebb9612352/timeouts - {}
RESULT: {}
RESULT: undefined
COMMAND: POST /session/25dcfb25871b33b6fbae40ebb9612352/execute/async - {"script":"<script> [2676 bytes]","args":[]}
RESULT: {"script":"<script> [2676 bytes]","args":[]}
COMMAND: POST /session/25dcfb25871b33b6fbae40ebb9612352/execute/async - {"script":"<script> [2342 bytes]","args":[{"protocol":"http","hostname":"0.0.0.0","path":"/","capabilities":{"browserName":"chrome","goog:chromeOptions":{"binary":"C:\\Program Files\\Google\\Chrome\\Application\\chrome.exe","args":["--start-maximized"]}},"logLevel":"warn","connectionRetryTimeout":120000,"connectionRetryCount":3,"logLevels":{},"enableDirectConnect":true,"strictSSL":true,"_":"65 more keys: [\"cacheDir\",\"port\",\"requestedCapabilities\",\"automationProtocol\",\"baseUrl\",\"waitforInterval\",\"waitforTimeout\",\"onReload\",\"beforeCommand\",\"afterCommand\",\"rootDir\",\"specs\",\"suites\",\"exclude\",\"groupLogsByTestSpec\",\"excludeDriverLogs\",\"bail\",\"framework\",\"reporters\",\"services\",\"maxInstances\",\"maxInstancesPerCapability\",\"injectGlobals\",\"filesToWatch\",\"execArgv\",\"runnerEnv\",\"runner\",\"shard\",\"specFileRetries\",\"specFileRetriesDelay\",\"specFileRetriesDeferred\",\"reporterSyncInterval\",\"reporterSyncTimeout\",\"cucumberFeaturesWithLineNumbers\",\"autoCompileOpts\",\"mochaOpts\",\"jasmineOpts\",\"cucumberOpts\",\"onPrepare\",\"onWorkerStart\",\"onWorkerEnd\",\"before\",\"beforeSession\",\"beforeSuite\",\"beforeHook\",\"beforeTest\",\"afterTest\",\"afterHook\",\"afterSuite\",\"afterSession\",\"after\",\"onComplete\",\"beforeAssertion\",\"afterAssertion\",\"beforeFeature\",\"beforeScenario\",\"beforeStep\",\"afterStep\",\"afterScenario\",\"afterFeature\",\"_\",\"suite\",\"$0\",\"ignoredWorkerServices\",\"wdi5\"]"}]}
RESULT: {"script":"<script> [2342 bytes]","args":[{"protocol":"http","hostname":"0.0.0.0","path":"/","capabilities":{"browserName":"chrome","goog:chromeOptions":{"binary":"C:\\Program Files\\Google\\Chrome\\Application\\chrome.exe","args":["--start-maximized"]}},"logLevel":"warn","connectionRetryTimeout":120000,"connectionRetryCount":3,"logLevels":{},"enableDirectConnect":true,"strictSSL":true,"_":"65 more keys: [\"cacheDir\",\"port\",\"requestedCapabilities\",\"automationProtocol\",\"baseUrl\",\"waitforInterval\",\"waitforTimeout\",\"onReload\",\"beforeCommand\",\"afterCommand\",\"rootDir\",\"specs\",\"suites\",\"exclude\",\"groupLogsByTestSpec\",\"excludeDriverLogs\",\"bail\",\"framework\",\"reporters\",\"services\",\"maxInstances\",\"maxInstancesPerCapability\",\"injectGlobals\",\"filesToWatch\",\"execArgv\",\"runnerEnv\",\"runner\",\"shard\",\"specFileRetries\",\"specFileRetriesDelay\",\"specFileRetriesDeferred\",\"reporterSyncInterval\",\"reporterSyncTimeout\",\"cucumberFeaturesWithLineNumbers\",\"autoCompileOpts\",\"mochaOpts\",\"jasmineOpts\",\"cucumberOpts\",\"onPrepare\",\"onWorkerStart\",\"onWorkerEnd\",\"before\",\"beforeSession\",\"beforeSuite\",\"beforeHook\",\"beforeTest\",\"afterTest\",\"afterHook\",\"afterSuite\",\"afterSession\",\"after\",\"onComplete\",\"beforeAssertion\",\"afterAssertion\",\"beforeFeature\",\"beforeScenario\",\"beforeStep\",\"afterStep\",\"afterScenario\",\"afterFeature\",\"_\",\"suite\",\"$0\",\"ignoredWorkerServices\",\"wdi5\"]"}]}
COMMAND: POST /session/25dcfb25871b33b6fbae40ebb9612352/execute/async - {"script":"<script> [21126 bytes]","args":[35000]}
RESULT: {"script":"<script> [21126 bytes]","args":[35000]}
]]></system-out>
    </testcase>
    <testcase classname="chrome.137_0_7151_56.windows.Reserve/Unreserve_request_item_via_reserve_option_US139161" name="Should create a new request with a catalog item that can be planned" time="161.269">
      <system-out><![CDATA[
COMMAND: POST /session/25dcfb25871b33b6fbae40ebb9612352/execute/async - {"script":"<script> [1562 bytes]","args":[{"selector":{"controlType":"sap.m.GenericTile","properties":{"header":"Manage Requests"}},"wdio_ui5_key":"sapm.GenericTile{\"header\":\"Manage Requests\"}"}]}
RESULT: {"script":"<script> [1562 bytes]","args":[{"selector":{"controlType":"sap.m.GenericTile","properties":{"header":"Manage Requests"}},"wdio_ui5_key":"sapm.GenericTile{\"header\":\"Manage Requests\"}"}]}
RESULT: undefined
COMMAND: POST /session/25dcfb25871b33b6fbae40ebb9612352/element - {"using":"xpath","value":"//*[@id=\"__tile47\"]"}
RESULT: {"using":"xpath","value":"//*[@id=\"__tile47\"]"}
COMMAND: POST /session/25dcfb25871b33b6fbae40ebb9612352/element/f.2438752634DB01E0CA013ABFBE801384.d.D23F10A2963A7576225279222F20D66F.e.9112/click - {}
RESULT: {}
COMMAND: GET /session/25dcfb25871b33b6fbae40ebb9612352/screenshot - {}
RESULT: {}
COMMAND: POST /session/25dcfb25871b33b6fbae40ebb9612352/elements - {"using":"xpath","value":"//span[text()='Error']"}
RESULT: {"using":"xpath","value":"//span[text()='Error']"}
COMMAND: POST /session/25dcfb25871b33b6fbae40ebb9612352/element - {"using":"xpath","value":"//button[contains(@data-kt ,\"btnCreateNewOverflowToolbarButton\")]"}
COMMAND: POST /session/25dcfb25871b33b6fbae40ebb9612352/element - {"using":"xpath","value":"(//span[contains(@class ,\"sapMObjStatusText\")])[1]"}
RESULT: {"using":"xpath","value":"//button[contains(@data-kt ,\"btnCreateNewOverflowToolbarButton\")]"}
COMMAND: POST /session/25dcfb25871b33b6fbae40ebb9612352/element/f.2438752634DB01E0CA013ABFBE801384.d.D23F10A2963A7576225279222F20D66F.e.9169/click - {}
RESULT: {"using":"xpath","value":"(//span[contains(@class ,\"sapMObjStatusText\")])[1]"}
COMMAND: POST /session/25dcfb25871b33b6fbae40ebb9612352/execute/sync - {"script":"<script> [8489 bytes]","args":[{"element-6066-11e4-a52e-4f735466cecf":"f.2438752634DB01E0CA013ABFBE801384.d.D23F10A2963A7576225279222F20D66F.e.9206","ELEMENT":"f.2438752634DB01E0CA013ABFBE801384.d.D23F10A2963A7576225279222F20D66F.e.9206"}]}
RESULT: {}
COMMAND: GET /session/25dcfb25871b33b6fbae40ebb9612352/screenshot - {}
COMMAND: POST /session/25dcfb25871b33b6fbae40ebb9612352/element - {"using":"xpath","value":"(//span[contains(@class ,\"sapMObjStatusText\")])[1]"}
RESULT: {}
RESULT: {"using":"xpath","value":"(//span[contains(@class ,\"sapMObjStatusText\")])[1]"}
COMMAND: POST /session/25dcfb25871b33b6fbae40ebb9612352/execute/sync - {"script":"<script> [8489 bytes]","args":[{"element-6066-11e4-a52e-4f735466cecf":"f.2438752634DB01E0CA013ABFBE801384.d.D23F10A2963A7576225279222F20D66F.e.9454","ELEMENT":"f.2438752634DB01E0CA013ABFBE801384.d.D23F10A2963A7576225279222F20D66F.e.9454"}]}
RESULT: {"script":"<script> [8489 bytes]","args":[{"element-6066-11e4-a52e-4f735466cecf":"f.2438752634DB01E0CA013ABFBE801384.d.D23F10A2963A7576225279222F20D66F.e.9454","ELEMENT":"f.2438752634DB01E0CA013ABFBE801384.d.D23F10A2963A7576225279222F20D66F.e.9454"}]}
COMMAND: GET /session/25dcfb25871b33b6fbae40ebb9612352/screenshot - {}
RESULT: {}
COMMAND: POST /session/25dcfb25871b33b6fbae40ebb9612352/element - {"using":"xpath","value":"//input[contains(@id ,\"yardId-inner\")]"}
RESULT: {"using":"xpath","value":"//input[contains(@id ,\"yardId-inner\")]"}
COMMAND: POST /session/25dcfb25871b33b6fbae40ebb9612352/execute/sync - {"script":"<script> [8489 bytes]","args":[{"element-6066-11e4-a52e-4f735466cecf":"f.2438752634DB01E0CA013ABFBE801384.d.D23F10A2963A7576225279222F20D66F.e.9288","ELEMENT":"f.2438752634DB01E0CA013ABFBE801384.d.D23F10A2963A7576225279222F20D66F.e.9288"}]}
RESULT: {"script":"<script> [8489 bytes]","args":[{"element-6066-11e4-a52e-4f735466cecf":"f.2438752634DB01E0CA013ABFBE801384.d.D23F10A2963A7576225279222F20D66F.e.9288","ELEMENT":"f.2438752634DB01E0CA013ABFBE801384.d.D23F10A2963A7576225279222F20D66F.e.9288"}]}
COMMAND: POST /session/25dcfb25871b33b6fbae40ebb9612352/element - {"using":"xpath","value":"//input[contains(@id ,\"yardId-inner\")]"}
COMMAND: GET /session/25dcfb25871b33b6fbae40ebb9612352/screenshot - {}
RESULT: {"using":"xpath","value":"//input[contains(@id ,\"yardId-inner\")]"}
COMMAND: GET /session/25dcfb25871b33b6fbae40ebb9612352/element/f.2438752634DB01E0CA013ABFBE801384.d.D23F10A2963A7576225279222F20D66F.e.9288/enabled - {}
RESULT: {}
RESULT: {}
COMMAND: POST /session/25dcfb25871b33b6fbae40ebb9612352/element/f.2438752634DB01E0CA013ABFBE801384.d.D23F10A2963A7576225279222F20D66F.e.9288/clear - {}
COMMAND: GET /session/25dcfb25871b33b6fbae40ebb9612352/screenshot - {}
RESULT: {}
COMMAND: POST /session/25dcfb25871b33b6fbae40ebb9612352/element/f.2438752634DB01E0CA013ABFBE801384.d.D23F10A2963A7576225279222F20D66F.e.9288/value - {"text":"WebdriverYardg92yd"}
COMMAND: GET /session/25dcfb25871b33b6fbae40ebb9612352/screenshot - {}
RESULT: {}
RESULT: {"text":"WebdriverYardg92yd"}
COMMAND: GET /session/25dcfb25871b33b6fbae40ebb9612352/screenshot - {}
RESULT: {}
RESULT: {}
COMMAND: POST /session/25dcfb25871b33b6fbae40ebb9612352/element - {"using":"xpath","value":"//input[contains(@id ,\"customerNumber-inner\")]"}
RESULT: {"using":"xpath","value":"//input[contains(@id ,\"customerNumber-inner\")]"}
COMMAND: POST /session/25dcfb25871b33b6fbae40ebb9612352/element/f.2438752634DB01E0CA013ABFBE801384.d.D23F10A2963A7576225279222F20D66F.e.9282/value - {"text":"WebdriverPartner7c7tfh"}
COMMAND: POST /session/25dcfb25871b33b6fbae40ebb9612352/actions - {"actions":[{"id":"action64","type":"key","parameters":{},"actions":[{"type":"keyDown","value":"î€‡"},{"type":"pause","duration":10},{"type":"keyUp","value":"î€‡"}]}]}
RESULT: {"text":"WebdriverPartner7c7tfh"}
COMMAND: GET /session/25dcfb25871b33b6fbae40ebb9612352/screenshot - {}
RESULT: {"actions":[{"id":"action64","type":"key","parameters":{},"actions":[{"type":"keyDown","value":"î€‡"},{"type":"pause","duration":10},{"type":"keyUp","value":"î€‡"}]}]}
COMMAND: GET /session/25dcfb25871b33b6fbae40ebb9612352/screenshot - {}
RESULT: {}
RESULT: {}
COMMAND: POST /session/25dcfb25871b33b6fbae40ebb9612352/actions - {"actions":[{"id":"action65","type":"key","parameters":{},"actions":[{"type":"keyDown","value":"î€‡"},{"type":"pause","duration":10},{"type":"keyUp","value":"î€‡"}]}]}
RESULT: {"actions":[{"id":"action65","type":"key","parameters":{},"actions":[{"type":"keyDown","value":"î€‡"},{"type":"pause","duration":10},{"type":"keyUp","value":"î€‡"}]}]}
COMMAND: GET /session/25dcfb25871b33b6fbae40ebb9612352/screenshot - {}
RESULT: {}
COMMAND: GET /session/25dcfb25871b33b6fbae40ebb9612352/element/f.2438752634DB01E0CA013ABFBE801384.d.D23F10A2963A7576225279222F20D66F.e.9282/property/value - {}
RESULT: {}
COMMAND: GET /session/25dcfb25871b33b6fbae40ebb9612352/screenshot - {}
RESULT: {}
COMMAND: POST /session/25dcfb25871b33b6fbae40ebb9612352/element - {"using":"xpath","value":"//input[contains(@id ,\"requestSiteId-inner\")]"}
RESULT: {"using":"xpath","value":"//input[contains(@id ,\"requestSiteId-inner\")]"}
COMMAND: POST /session/25dcfb25871b33b6fbae40ebb9612352/element/f.2438752634DB01E0CA013ABFBE801384.d.D23F10A2963A7576225279222F20D66F.e.9281/value - {"text":"WebdriverSitemjpzv"}
RESULT: {"text":"WebdriverSitemjpzv"}
COMMAND: GET /session/25dcfb25871b33b6fbae40ebb9612352/screenshot - {}
RESULT: {}
COMMAND: POST /session/25dcfb25871b33b6fbae40ebb9612352/actions - {"actions":[{"id":"action66","type":"key","parameters":{},"actions":[{"type":"keyDown","value":"î€‡"},{"type":"pause","duration":10},{"type":"keyUp","value":"î€‡"}]}]}
RESULT: {"actions":[{"id":"action66","type":"key","parameters":{},"actions":[{"type":"keyDown","value":"î€‡"},{"type":"pause","duration":10},{"type":"keyUp","value":"î€‡"}]}]}
COMMAND: GET /session/25dcfb25871b33b6fbae40ebb9612352/screenshot - {}
RESULT: {}
COMMAND: POST /session/25dcfb25871b33b6fbae40ebb9612352/element - {"using":"xpath","value":"//button[contains(@data-kt ,\"requestItemAddOverflowToolbarButton\")]"}
RESULT: {"using":"xpath","value":"//button[contains(@data-kt ,\"requestItemAddOverflowToolbarButton\")]"}
COMMAND: POST /session/25dcfb25871b33b6fbae40ebb9612352/element/f.2438752634DB01E0CA013ABFBE801384.d.D23F10A2963A7576225279222F20D66F.e.9481/click - {}
RESULT: {}
COMMAND: GET /session/25dcfb25871b33b6fbae40ebb9612352/screenshot - {}
RESULT: {}
COMMAND: POST /session/25dcfb25871b33b6fbae40ebb9612352/actions - {"actions":[{"id":"action67","type":"key","parameters":{},"actions":[{"type":"keyDown","value":"î€•"},{"type":"pause","duration":10},{"type":"keyUp","value":"î€•"}]}]}
RESULT: {"actions":[{"id":"action67","type":"key","parameters":{},"actions":[{"type":"keyDown","value":"î€•"},{"type":"pause","duration":10},{"type":"keyUp","value":"î€•"}]}]}
COMMAND: POST /session/25dcfb25871b33b6fbae40ebb9612352/actions - {"actions":[{"id":"action68","type":"key","parameters":{},"actions":[{"type":"keyDown","value":"î€‡"},{"type":"pause","duration":10},{"type":"keyUp","value":"î€‡"}]}]}
COMMAND: GET /session/25dcfb25871b33b6fbae40ebb9612352/screenshot - {}
RESULT: {"actions":[{"id":"action68","type":"key","parameters":{},"actions":[{"type":"keyDown","value":"î€‡"},{"type":"pause","duration":10},{"type":"keyUp","value":"î€‡"}]}]}
COMMAND: POST /session/25dcfb25871b33b6fbae40ebb9612352/element - {"using":"xpath","value":"(//input[contains(@id ,\"requestItemsTable-0-inner\")])[1]"}
COMMAND: GET /session/25dcfb25871b33b6fbae40ebb9612352/screenshot - {}
RESULT: {}
RESULT: {"using":"xpath","value":"(//input[contains(@id ,\"requestItemsTable-0-inner\")])[1]"}
COMMAND: POST /session/25dcfb25871b33b6fbae40ebb9612352/element/f.2438752634DB01E0CA013ABFBE801384.d.D23F10A2963A7576225279222F20D66F.e.9485/clear - {}
RESULT: {}
RESULT: {}
COMMAND: POST /session/25dcfb25871b33b6fbae40ebb9612352/element/f.2438752634DB01E0CA013ABFBE801384.d.D23F10A2963A7576225279222F20D66F.e.9485/value - {"text":"catalogItemyx5hp"}
COMMAND: GET /session/25dcfb25871b33b6fbae40ebb9612352/screenshot - {}
RESULT: {"text":"catalogItemyx5hp"}
COMMAND: GET /session/25dcfb25871b33b6fbae40ebb9612352/screenshot - {}
RESULT: {}
RESULT: {}
COMMAND: POST /session/25dcfb25871b33b6fbae40ebb9612352/actions - {"actions":[{"id":"action69","type":"key","parameters":{},"actions":[{"type":"keyDown","value":"î€‡"},{"type":"pause","duration":10},{"type":"keyUp","value":"î€‡"}]}]}
RESULT: {"actions":[{"id":"action69","type":"key","parameters":{},"actions":[{"type":"keyDown","value":"î€‡"},{"type":"pause","duration":10},{"type":"keyUp","value":"î€‡"}]}]}
COMMAND: GET /session/25dcfb25871b33b6fbae40ebb9612352/screenshot - {}
RESULT: {}
COMMAND: POST /session/25dcfb25871b33b6fbae40ebb9612352/execute/async - {"script":"<script> [1562 bytes]","args":[{"selector":{"controlType":"sap.ui.core.Icon","viewName":"etm.portal.ui.managerequests.view.NewRequest","properties":{"src":{"regex":{"source":"slim\\-arrow\\-down"}}},"ancestor":{"controlType":"sap.m.Button","viewName":"etm.portal.ui.managerequests.view.NewRequest","properties":{"icon":"sap-icon://slim-arrow-down"}}},"wdio_ui5_key":"etmportal.ui.managerequests.view.NewRequestsap.ui.core.Icon{\"src\":{\"regex\":{\"source\":\"slim\\\\-arrow\\\\-down\"}}}{\"controlType\":\"sap.m.Button\",\"viewName\":\"etm.portal.ui.managerequests.view.NewRequest\",\"properties\":{\"icon\":\"sap-icon://slim-arrow-down\"}}"}]}
RESULT: {"script":"<script> [1562 bytes]","args":[{"selector":{"controlType":"sap.ui.core.Icon","viewName":"etm.portal.ui.managerequests.view.NewRequest","properties":{"src":{"regex":{"source":"slim\\-arrow\\-down"}}},"ancestor":{"controlType":"sap.m.Button","viewName":"etm.portal.ui.managerequests.view.NewRequest","properties":{"icon":"sap-icon://slim-arrow-down"}}},"wdio_ui5_key":"etmportal.ui.managerequests.view.NewRequestsap.ui.core.Icon{\"src\":{\"regex\":{\"source\":\"slim\\\\-arrow\\\\-down\"}}}{\"controlType\":\"sap.m.Button\",\"viewName\":\"etm.portal.ui.managerequests.view.NewRequest\",\"properties\":{\"icon\":\"sap-icon://slim-arrow-down\"}}"}]}
RESULT: undefined
COMMAND: POST /session/25dcfb25871b33b6fbae40ebb9612352/element - {"using":"xpath","value":"//div[contains(@data-kt ,\"splitAllocationObjectStatus\")]"}
RESULT: {"using":"xpath","value":"//div[contains(@data-kt ,\"splitAllocationObjectStatus\")]"}
COMMAND: POST /session/25dcfb25871b33b6fbae40ebb9612352/elements - {"using":"xpath","value":"//div[contains(@data-kt ,\"splitAllocationObjectStatus\")]"}
RESULT: {"using":"xpath","value":"//div[contains(@data-kt ,\"splitAllocationObjectStatus\")]"}
COMMAND: POST /session/25dcfb25871b33b6fbae40ebb9612352/execute/async - {"script":"<script> [1562 bytes]","args":[{"selector":{"controlType":"sap.ui.core.Icon","viewName":"etm.portal.ui.managerequests.view.NewRequest","properties":{"src":{"regex":{"source":"message\\-error"}}}},"wdio_ui5_key":"etmportal.ui.managerequests.view.NewRequestsap.ui.core.Icon{\"src\":{\"regex\":{\"source\":\"message\\\\-error\"}}}"}]}
RESULT: {"script":"<script> [1562 bytes]","args":[{"selector":{"controlType":"sap.ui.core.Icon","viewName":"etm.portal.ui.managerequests.view.NewRequest","properties":{"src":{"regex":{"source":"message\\-error"}}}},"wdio_ui5_key":"etmportal.ui.managerequests.view.NewRequestsap.ui.core.Icon{\"src\":{\"regex\":{\"source\":\"message\\\\-error\"}}}"}]}
RESULT: undefined
COMMAND: POST /session/25dcfb25871b33b6fbae40ebb9612352/element - {"using":"xpath","value":"//*[@id=\"__status4-__xmlview59--requestItemsTable-0-icon\"]"}
RESULT: {"using":"xpath","value":"//*[@id=\"__status4-__xmlview59--requestItemsTable-0-icon\"]"}
COMMAND: POST /session/25dcfb25871b33b6fbae40ebb9612352/element/f.2438752634DB01E0CA013ABFBE801384.d.D23F10A2963A7576225279222F20D66F.e.9500/click - {}
RESULT: {}
COMMAND: POST /session/25dcfb25871b33b6fbae40ebb9612352/execute/async - {"script":"<script> [1562 bytes]","args":[{"selector":{"controlType":"sap.ui.core.Icon","viewName":"etm.portal.ui.managerequests.view.NewRequest","properties":{"src":{"regex":{"source":"slim\\-arrow\\-down"}}},"searchOpenDialogs":true,"ancestor":{"id":"costObjectAdminTypeComboBox","viewName":"etm.portal.ui.managerequests.view.NewRequest","searchOpenDialogs":true}},"wdio_ui5_key":"etmportal.ui.managerequests.view.NewRequestsap.ui.core.Icon{\"src\":{\"regex\":{\"source\":\"slim\\\\-arrow\\\\-down\"}}}{\"id\":\"costObjectAdminTypeComboBox\",\"viewName\":\"etm.portal.ui.managerequests.view.NewRequest\",\"searchOpenDialogs\":true}"}]}
COMMAND: GET /session/25dcfb25871b33b6fbae40ebb9612352/screenshot - {}
RESULT: {"script":"<script> [1562 bytes]","args":[{"selector":{"controlType":"sap.ui.core.Icon","viewName":"etm.portal.ui.managerequests.view.NewRequest","properties":{"src":{"regex":{"source":"slim\\-arrow\\-down"}}},"searchOpenDialogs":true,"ancestor":{"id":"costObjectAdminTypeComboBox","viewName":"etm.portal.ui.managerequests.view.NewRequest","searchOpenDialogs":true}},"wdio_ui5_key":"etmportal.ui.managerequests.view.NewRequestsap.ui.core.Icon{\"src\":{\"regex\":{\"source\":\"slim\\\\-arrow\\\\-down\"}}}{\"id\":\"costObjectAdminTypeComboBox\",\"viewName\":\"etm.portal.ui.managerequests.view.NewRequest\",\"searchOpenDialogs\":true}"}]}
RESULT: undefined
COMMAND: POST /session/25dcfb25871b33b6fbae40ebb9612352/element - {"using":"xpath","value":"//*[@id=\"__xmlview59--costObjectAdminTypeComboBox-arrow\"]"}
RESULT: {}
RESULT: {"using":"xpath","value":"//*[@id=\"__xmlview59--costObjectAdminTypeComboBox-arrow\"]"}
COMMAND: POST /session/25dcfb25871b33b6fbae40ebb9612352/element/f.2438752634DB01E0CA013ABFBE801384.d.D23F10A2963A7576225279222F20D66F.e.9505/click - {}
RESULT: {}
COMMAND: POST /session/25dcfb25871b33b6fbae40ebb9612352/execute/async - {"script":"<script> [1562 bytes]","args":[{"selector":{"controlType":"sap.m.StandardListItem","viewName":"etm.portal.ui.managerequests.view.NewRequest","properties":{"title":"Cost Center"},"searchOpenDialogs":true,"interaction":{"idSuffix":"titleText"}},"wdio_ui5_key":"etmportal.ui.managerequests.view.NewRequestsap.m.StandardListItem{\"title\":\"Cost Center\"}"}]}
COMMAND: GET /session/25dcfb25871b33b6fbae40ebb9612352/screenshot - {}
RESULT: {"script":"<script> [1562 bytes]","args":[{"selector":{"controlType":"sap.m.StandardListItem","viewName":"etm.portal.ui.managerequests.view.NewRequest","properties":{"title":"Cost Center"},"searchOpenDialogs":true,"interaction":{"idSuffix":"titleText"}},"wdio_ui5_key":"etmportal.ui.managerequests.view.NewRequestsap.m.StandardListItem{\"title\":\"Cost Center\"}"}]}
RESULT: undefined
COMMAND: POST /session/25dcfb25871b33b6fbae40ebb9612352/element - {"using":"xpath","value":"//*[@id=\"__item1403\"]"}
RESULT: {}
RESULT: {"using":"xpath","value":"//*[@id=\"__item1403\"]"}
COMMAND: POST /session/25dcfb25871b33b6fbae40ebb9612352/element/f.2438752634DB01E0CA013ABFBE801384.d.D23F10A2963A7576225279222F20D66F.e.9507/click - {}
RESULT: {}
COMMAND: GET /session/25dcfb25871b33b6fbae40ebb9612352/screenshot - {}
RESULT: {}
COMMAND: POST /session/25dcfb25871b33b6fbae40ebb9612352/execute/async - {"script":"<script> [1562 bytes]","args":[{"selector":{"controlType":"sap.ui.core.Icon","viewName":"etm.portal.ui.managerequests.view.NewRequest","properties":{"src":{"regex":{"source":"value\\-help"}}},"searchOpenDialogs":true},"wdio_ui5_key":"etmportal.ui.managerequests.view.NewRequestsap.ui.core.Icon{\"src\":{\"regex\":{\"source\":\"value\\\\-help\"}}}"}]}
RESULT: {"script":"<script> [1562 bytes]","args":[{"selector":{"controlType":"sap.ui.core.Icon","viewName":"etm.portal.ui.managerequests.view.NewRequest","properties":{"src":{"regex":{"source":"value\\-help"}}},"searchOpenDialogs":true},"wdio_ui5_key":"etmportal.ui.managerequests.view.NewRequestsap.ui.core.Icon{\"src\":{\"regex\":{\"source\":\"value\\\\-help\"}}}"}]}
RESULT: undefined
COMMAND: POST /session/25dcfb25871b33b6fbae40ebb9612352/element - {"using":"xpath","value":"//*[@id=\"__xmlview59--costObjectIdComboBox-vhi\"]"}
RESULT: {"using":"xpath","value":"//*[@id=\"__xmlview59--costObjectIdComboBox-vhi\"]"}
COMMAND: POST /session/25dcfb25871b33b6fbae40ebb9612352/element/f.2438752634DB01E0CA013ABFBE801384.d.D23F10A2963A7576225279222F20D66F.e.9514/click - {}
RESULT: {}
COMMAND: POST /session/25dcfb25871b33b6fbae40ebb9612352/execute/async - {"script":"<script> [1562 bytes]","args":[{"selector":{"controlType":"sap.m.SearchField","properties":{"placeholder":"Search"},"searchOpenDialogs":true,"interaction":{"idSuffix":"I"}},"wdio_ui5_key":"sapm.SearchField{\"placeholder\":\"Search\"}"}]}
COMMAND: GET /session/25dcfb25871b33b6fbae40ebb9612352/screenshot - {}
RESULT: {"script":"<script> [1562 bytes]","args":[{"selector":{"controlType":"sap.m.SearchField","properties":{"placeholder":"Search"},"searchOpenDialogs":true,"interaction":{"idSuffix":"I"}},"wdio_ui5_key":"sapm.SearchField{\"placeholder\":\"Search\"}"}]}
RESULT: undefined
COMMAND: POST /session/25dcfb25871b33b6fbae40ebb9612352/execute/async - {"script":"<script> [776 bytes]","args":[{"enterText":"10001010","selector":{"controlType":"sap.m.SearchField","properties":{"placeholder":"Search"},"searchOpenDialogs":true,"interaction":{"idSuffix":"I"}},"clearTextFirst":true,"interactionType":"ENTER_TEXT"}]}
RESULT: {}
RESULT: {"script":"<script> [776 bytes]","args":[{"enterText":"10001010","selector":{"controlType":"sap.m.SearchField","properties":{"placeholder":"Search"},"searchOpenDialogs":true,"interaction":{"idSuffix":"I"}},"clearTextFirst":true,"interactionType":"ENTER_TEXT"}]}
COMMAND: POST /session/25dcfb25871b33b6fbae40ebb9612352/actions - {"actions":[{"id":"action70","type":"key","parameters":{},"actions":[{"type":"keyDown","value":"î€‡"},{"type":"pause","duration":10},{"type":"keyUp","value":"î€‡"}]}]}
RESULT: {"actions":[{"id":"action70","type":"key","parameters":{},"actions":[{"type":"keyDown","value":"î€‡"},{"type":"pause","duration":10},{"type":"keyUp","value":"î€‡"}]}]}
COMMAND: GET /session/25dcfb25871b33b6fbae40ebb9612352/screenshot - {}
RESULT: {}
COMMAND: POST /session/25dcfb25871b33b6fbae40ebb9612352/execute/async - {"script":"<script> [1562 bytes]","args":[{"selector":{"controlType":"sap.m.Text","bindingPath":{"path":"/C_CostCtrValueHelp(CostCenter='10001010',ControllingArea='Z001')","propertyPath":"CostCenterName","modelName":"CostCenterModel"},"searchOpenDialogs":true},"wdio_ui5_key":"sapm.Text{\"path\":\"/C_CostCtrValueHelp(CostCenter='10001010',ControllingArea='Z001')\",\"propertyPath\":\"CostCenterName\",\"modelName\":\"CostCenterModel\"}"}]}
RESULT: {"script":"<script> [1562 bytes]","args":[{"selector":{"controlType":"sap.m.Text","bindingPath":{"path":"/C_CostCtrValueHelp(CostCenter='10001010',ControllingArea='Z001')","propertyPath":"CostCenterName","modelName":"CostCenterModel"},"searchOpenDialogs":true},"wdio_ui5_key":"sapm.Text{\"path\":\"/C_CostCtrValueHelp(CostCenter='10001010',ControllingArea='Z001')\",\"propertyPath\":\"CostCenterName\",\"modelName\":\"CostCenterModel\"}"}]}
RESULT: undefined
COMMAND: POST /session/25dcfb25871b33b6fbae40ebb9612352/element - {"using":"xpath","value":"//*[@id=\"__text291-__clone1540\"]"}
RESULT: {"using":"xpath","value":"//*[@id=\"__text291-__clone1540\"]"}
COMMAND: POST /session/25dcfb25871b33b6fbae40ebb9612352/element/f.2438752634DB01E0CA013ABFBE801384.d.D23F10A2963A7576225279222F20D66F.e.9555/click - {}
RESULT: {}
COMMAND: POST /session/25dcfb25871b33b6fbae40ebb9612352/execute/async - {"script":"<script> [1562 bytes]","args":[{"selector":{"controlType":"sap.m.Button","properties":{"text":"OK"},"searchOpenDialogs":true,"interaction":{"idSuffix":"BDI-content"}},"wdio_ui5_key":"sapm.Button{\"text\":\"OK\"}"}]}
COMMAND: GET /session/25dcfb25871b33b6fbae40ebb9612352/screenshot - {}
RESULT: {"script":"<script> [1562 bytes]","args":[{"selector":{"controlType":"sap.m.Button","properties":{"text":"OK"},"searchOpenDialogs":true,"interaction":{"idSuffix":"BDI-content"}},"wdio_ui5_key":"sapm.Button{\"text\":\"OK\"}"}]}
RESULT: undefined
COMMAND: POST /session/25dcfb25871b33b6fbae40ebb9612352/element - {"using":"xpath","value":"//*[@id=\"__dialog1-ok\"]"}
RESULT: {}
RESULT: {"using":"xpath","value":"//*[@id=\"__dialog1-ok\"]"}
COMMAND: POST /session/25dcfb25871b33b6fbae40ebb9612352/element/f.2438752634DB01E0CA013ABFBE801384.d.D23F10A2963A7576225279222F20D66F.e.9557/click - {}
RESULT: {}
COMMAND: GET /session/25dcfb25871b33b6fbae40ebb9612352/screenshot - {}
RESULT: {}
COMMAND: POST /session/25dcfb25871b33b6fbae40ebb9612352/execute/async - {"script":"<script> [1562 bytes]","args":[{"selector":{"controlType":"sap.m.Button","viewName":"etm.portal.ui.managerequests.view.NewRequest","i18NText":{"propertyName":"text","key":"save"},"searchOpenDialogs":true,"interaction":{"idSuffix":"BDI-content"}},"wdio_ui5_key":"etmportal.ui.managerequests.view.NewRequestsap.m.Button{\"propertyName\":\"text\",\"key\":\"save\"}"}]}
RESULT: {"script":"<script> [1562 bytes]","args":[{"selector":{"controlType":"sap.m.Button","viewName":"etm.portal.ui.managerequests.view.NewRequest","i18NText":{"propertyName":"text","key":"save"},"searchOpenDialogs":true,"interaction":{"idSuffix":"BDI-content"}},"wdio_ui5_key":"etmportal.ui.managerequests.view.NewRequestsap.m.Button{\"propertyName\":\"text\",\"key\":\"save\"}"}]}
RESULT: undefined
COMMAND: POST /session/25dcfb25871b33b6fbae40ebb9612352/element - {"using":"xpath","value":"//*[@id=\"__button24\"]"}
RESULT: {"using":"xpath","value":"//*[@id=\"__button24\"]"}
COMMAND: POST /session/25dcfb25871b33b6fbae40ebb9612352/element/f.2438752634DB01E0CA013ABFBE801384.d.D23F10A2963A7576225279222F20D66F.e.9561/click - {}
RESULT: {}
COMMAND: GET /session/25dcfb25871b33b6fbae40ebb9612352/screenshot - {}
RESULT: {}
COMMAND: POST /session/25dcfb25871b33b6fbae40ebb9612352/element - {"using":"xpath","value":"(//bdi[contains(text() ,\"Save\")])[1]"}
RESULT: {"using":"xpath","value":"(//bdi[contains(text() ,\"Save\")])[1]"}
COMMAND: POST /session/25dcfb25871b33b6fbae40ebb9612352/element/f.2438752634DB01E0CA013ABFBE801384.d.D23F10A2963A7576225279222F20D66F.e.9564/click - {}
RESULT: {}
COMMAND: GET /session/25dcfb25871b33b6fbae40ebb9612352/screenshot - {}
RESULT: {}
COMMAND: POST /session/25dcfb25871b33b6fbae40ebb9612352/execute/async - {"script":"<script> [1562 bytes]","args":[{"selector":{"controlType":"sap.m.Title","properties":{"text":"Success"},"searchOpenDialogs":true},"wdio_ui5_key":"sapm.Title{\"text\":\"Success\"}"}]}
RESULT: {"script":"<script> [1562 bytes]","args":[{"selector":{"controlType":"sap.m.Title","properties":{"text":"Success"},"searchOpenDialogs":true},"wdio_ui5_key":"sapm.Title{\"text\":\"Success\"}"}]}
RESULT: undefined
COMMAND: POST /session/25dcfb25871b33b6fbae40ebb9612352/execute/async - {"script":"<script> [6424 bytes]","args":[{"element-6066-11e4-a52e-4f735466cecf":"f.2438752634DB01E0CA013ABFBE801384.d.D23F10A2963A7576225279222F20D66F.e.9567"},"getText",[]]}
RESULT: {"script":"<script> [6424 bytes]","args":[{"element-6066-11e4-a52e-4f735466cecf":"f.2438752634DB01E0CA013ABFBE801384.d.D23F10A2963A7576225279222F20D66F.e.9567"},"getText",[]]}
COMMAND: POST /session/25dcfb25871b33b6fbae40ebb9612352/execute/async - {"script":"<script> [1562 bytes]","args":[{"selector":{"controlType":"sap.m.Button","properties":{"text":"Close"},"searchOpenDialogs":true,"interaction":{"idSuffix":"BDI-content"}},"wdio_ui5_key":"sapm.Button{\"text\":\"Close\"}"}]}
RESULT: {"script":"<script> [1562 bytes]","args":[{"selector":{"controlType":"sap.m.Button","properties":{"text":"Close"},"searchOpenDialogs":true,"interaction":{"idSuffix":"BDI-content"}},"wdio_ui5_key":"sapm.Button{\"text\":\"Close\"}"}]}
RESULT: undefined
COMMAND: POST /session/25dcfb25871b33b6fbae40ebb9612352/element - {"using":"xpath","value":"//*[@id=\"__mbox-btn-0\"]"}
RESULT: {"using":"xpath","value":"//*[@id=\"__mbox-btn-0\"]"}
COMMAND: POST /session/25dcfb25871b33b6fbae40ebb9612352/element/f.2438752634DB01E0CA013ABFBE801384.d.D23F10A2963A7576225279222F20D66F.e.9566/click - {}
RESULT: {}
COMMAND: GET /session/25dcfb25871b33b6fbae40ebb9612352/screenshot - {}
RESULT: {}
]]></system-out>
    </testcase>
    <testcase classname="chrome.137_0_7151_56.windows.Reserve/Unreserve_request_item_via_reserve_option_US139161" name="Should navigate to planning board and reserve the resource" time="100.769">
      <system-out><![CDATA[
COMMAND: POST /session/25dcfb25871b33b6fbae40ebb9612352/execute/async - {"script":"<script> [1562 bytes]","args":[{"selector":{"controlType":"sap.m.Button","viewName":"etm.portal.ui.managerequests.view.Detail","i18NText":{"propertyName":"text","key":"planningSituation"},"interaction":{"idSuffix":"BDI-content"}},"wdio_ui5_key":"etmportal.ui.managerequests.view.Detailsap.m.Button{\"propertyName\":\"text\",\"key\":\"planningSituation\"}"}]}
RESULT: {"script":"<script> [1562 bytes]","args":[{"selector":{"controlType":"sap.m.Button","viewName":"etm.portal.ui.managerequests.view.Detail","i18NText":{"propertyName":"text","key":"planningSituation"},"interaction":{"idSuffix":"BDI-content"}},"wdio_ui5_key":"etmportal.ui.managerequests.view.Detailsap.m.Button{\"propertyName\":\"text\",\"key\":\"planningSituation\"}"}]}
RESULT: undefined
COMMAND: POST /session/25dcfb25871b33b6fbae40ebb9612352/element - {"using":"xpath","value":"//*[@id=\"__button27\"]"}
RESULT: {"using":"xpath","value":"//*[@id=\"__button27\"]"}
COMMAND: POST /session/25dcfb25871b33b6fbae40ebb9612352/element/f.2438752634DB01E0CA013ABFBE801384.d.D23F10A2963A7576225279222F20D66F.e.9592/click - {}
RESULT: {}
COMMAND: GET /session/25dcfb25871b33b6fbae40ebb9612352/screenshot - {}
RESULT: {}
COMMAND: POST /session/25dcfb25871b33b6fbae40ebb9612352/element - {"using":"xpath","value":"(//span[contains(@title ,\"WebdriverYardg92yd\")])[1]"}
RESULT: {"using":"xpath","value":"(//span[contains(@title ,\"WebdriverYardg92yd\")])[1]"}
COMMAND: POST /session/25dcfb25871b33b6fbae40ebb9612352/elements - {"using":"xpath","value":"(//span[contains(@title ,\"WebdriverYardg92yd\")])[1]"}
RESULT: {"using":"xpath","value":"(//span[contains(@title ,\"WebdriverYardg92yd\")])[1]"}
COMMAND: POST /session/25dcfb25871b33b6fbae40ebb9612352/elements - {"using":"xpath","value":"(//span[contains(@title ,\"WebdriverYardg92yd\")])[1]"}
RESULT: {"using":"xpath","value":"(//span[contains(@title ,\"WebdriverYardg92yd\")])[1]"}
COMMAND: POST /session/25dcfb25871b33b6fbae40ebb9612352/elements - {"using":"xpath","value":"(//span[contains(@title ,\"WebdriverYardg92yd\")])[1]"}
RESULT: {"using":"xpath","value":"(//span[contains(@title ,\"WebdriverYardg92yd\")])[1]"}
COMMAND: POST /session/25dcfb25871b33b6fbae40ebb9612352/elements - {"using":"xpath","value":"(//span[contains(@title ,\"WebdriverYardg92yd\")])[1]"}
RESULT: {"using":"xpath","value":"(//span[contains(@title ,\"WebdriverYardg92yd\")])[1]"}
COMMAND: POST /session/25dcfb25871b33b6fbae40ebb9612352/elements - {"using":"xpath","value":"(//span[contains(@title ,\"WebdriverYardg92yd\")])[1]"}
RESULT: {"using":"xpath","value":"(//span[contains(@title ,\"WebdriverYardg92yd\")])[1]"}
COMMAND: POST /session/25dcfb25871b33b6fbae40ebb9612352/elements - {"using":"xpath","value":"(//span[contains(@title ,\"WebdriverYardg92yd\")])[1]"}
RESULT: {"using":"xpath","value":"(//span[contains(@title ,\"WebdriverYardg92yd\")])[1]"}
COMMAND: POST /session/25dcfb25871b33b6fbae40ebb9612352/elements - {"using":"xpath","value":"(//span[contains(@title ,\"WebdriverYardg92yd\")])[1]"}
RESULT: {"using":"xpath","value":"(//span[contains(@title ,\"WebdriverYardg92yd\")])[1]"}
COMMAND: POST /session/25dcfb25871b33b6fbae40ebb9612352/elements - {"using":"xpath","value":"(//span[contains(@title ,\"WebdriverYardg92yd\")])[1]"}
RESULT: {"using":"xpath","value":"(//span[contains(@title ,\"WebdriverYardg92yd\")])[1]"}
COMMAND: POST /session/25dcfb25871b33b6fbae40ebb9612352/elements - {"using":"xpath","value":"(//span[contains(@title ,\"WebdriverYardg92yd\")])[1]"}
RESULT: {"using":"xpath","value":"(//span[contains(@title ,\"WebdriverYardg92yd\")])[1]"}
COMMAND: POST /session/25dcfb25871b33b6fbae40ebb9612352/elements - {"using":"xpath","value":"(//span[contains(@title ,\"WebdriverYardg92yd\")])[1]"}
RESULT: {"using":"xpath","value":"(//span[contains(@title ,\"WebdriverYardg92yd\")])[1]"}
COMMAND: POST /session/25dcfb25871b33b6fbae40ebb9612352/elements - {"using":"xpath","value":"(//span[contains(@title ,\"WebdriverYardg92yd\")])[1]"}
RESULT: {"using":"xpath","value":"(//span[contains(@title ,\"WebdriverYardg92yd\")])[1]"}
COMMAND: POST /session/25dcfb25871b33b6fbae40ebb9612352/elements - {"using":"xpath","value":"(//span[contains(@title ,\"WebdriverYardg92yd\")])[1]"}
RESULT: {"using":"xpath","value":"(//span[contains(@title ,\"WebdriverYardg92yd\")])[1]"}
COMMAND: POST /session/25dcfb25871b33b6fbae40ebb9612352/elements - {"using":"xpath","value":"(//span[contains(@title ,\"WebdriverYardg92yd\")])[1]"}
RESULT: {"using":"xpath","value":"(//span[contains(@title ,\"WebdriverYardg92yd\")])[1]"}
COMMAND: POST /session/25dcfb25871b33b6fbae40ebb9612352/elements - {"using":"xpath","value":"(//span[contains(@title ,\"WebdriverYardg92yd\")])[1]"}
RESULT: {"using":"xpath","value":"(//span[contains(@title ,\"WebdriverYardg92yd\")])[1]"}
COMMAND: POST /session/25dcfb25871b33b6fbae40ebb9612352/elements - {"using":"xpath","value":"(//span[contains(@title ,\"WebdriverYardg92yd\")])[1]"}
RESULT: {"using":"xpath","value":"(//span[contains(@title ,\"WebdriverYardg92yd\")])[1]"}
COMMAND: POST /session/25dcfb25871b33b6fbae40ebb9612352/elements - {"using":"xpath","value":"(//span[contains(@title ,\"WebdriverYardg92yd\")])[1]"}
RESULT: {"using":"xpath","value":"(//span[contains(@title ,\"WebdriverYardg92yd\")])[1]"}
COMMAND: POST /session/25dcfb25871b33b6fbae40ebb9612352/elements - {"using":"xpath","value":"(//span[contains(@title ,\"WebdriverYardg92yd\")])[1]"}
RESULT: {"using":"xpath","value":"(//span[contains(@title ,\"WebdriverYardg92yd\")])[1]"}
COMMAND: POST /session/25dcfb25871b33b6fbae40ebb9612352/elements - {"using":"xpath","value":"(//span[contains(@title ,\"WebdriverYardg92yd\")])[1]"}
RESULT: {"using":"xpath","value":"(//span[contains(@title ,\"WebdriverYardg92yd\")])[1]"}
COMMAND: POST /session/25dcfb25871b33b6fbae40ebb9612352/elements - {"using":"xpath","value":"(//span[contains(@title ,\"WebdriverYardg92yd\")])[1]"}
RESULT: {"using":"xpath","value":"(//span[contains(@title ,\"WebdriverYardg92yd\")])[1]"}
COMMAND: POST /session/25dcfb25871b33b6fbae40ebb9612352/elements - {"using":"xpath","value":"(//span[contains(@title ,\"WebdriverYardg92yd\")])[1]"}
RESULT: {"using":"xpath","value":"(//span[contains(@title ,\"WebdriverYardg92yd\")])[1]"}
COMMAND: POST /session/25dcfb25871b33b6fbae40ebb9612352/elements - {"using":"xpath","value":"(//span[contains(@title ,\"WebdriverYardg92yd\")])[1]"}
RESULT: {"using":"xpath","value":"(//span[contains(@title ,\"WebdriverYardg92yd\")])[1]"}
COMMAND: POST /session/25dcfb25871b33b6fbae40ebb9612352/elements - {"using":"xpath","value":"(//span[contains(@title ,\"WebdriverYardg92yd\")])[1]"}
RESULT: {"using":"xpath","value":"(//span[contains(@title ,\"WebdriverYardg92yd\")])[1]"}
COMMAND: POST /session/25dcfb25871b33b6fbae40ebb9612352/elements - {"using":"xpath","value":"(//span[contains(@title ,\"WebdriverYardg92yd\")])[1]"}
RESULT: {"using":"xpath","value":"(//span[contains(@title ,\"WebdriverYardg92yd\")])[1]"}
COMMAND: POST /session/25dcfb25871b33b6fbae40ebb9612352/elements - {"using":"xpath","value":"(//span[contains(@title ,\"WebdriverYardg92yd\")])[1]"}
RESULT: {"using":"xpath","value":"(//span[contains(@title ,\"WebdriverYardg92yd\")])[1]"}
COMMAND: POST /session/25dcfb25871b33b6fbae40ebb9612352/elements - {"using":"xpath","value":"(//span[contains(@title ,\"WebdriverYardg92yd\")])[1]"}
RESULT: {"using":"xpath","value":"(//span[contains(@title ,\"WebdriverYardg92yd\")])[1]"}
COMMAND: POST /session/25dcfb25871b33b6fbae40ebb9612352/elements - {"using":"xpath","value":"(//span[contains(@title ,\"WebdriverYardg92yd\")])[1]"}
RESULT: {"using":"xpath","value":"(//span[contains(@title ,\"WebdriverYardg92yd\")])[1]"}
COMMAND: POST /session/25dcfb25871b33b6fbae40ebb9612352/elements - {"using":"xpath","value":"(//span[contains(@title ,\"WebdriverYardg92yd\")])[1]"}
RESULT: {"using":"xpath","value":"(//span[contains(@title ,\"WebdriverYardg92yd\")])[1]"}
COMMAND: POST /session/25dcfb25871b33b6fbae40ebb9612352/elements - {"using":"xpath","value":"(//span[contains(@title ,\"WebdriverYardg92yd\")])[1]"}
RESULT: {"using":"xpath","value":"(//span[contains(@title ,\"WebdriverYardg92yd\")])[1]"}
COMMAND: POST /session/25dcfb25871b33b6fbae40ebb9612352/elements - {"using":"xpath","value":"(//span[contains(@title ,\"WebdriverYardg92yd\")])[1]"}
RESULT: {"using":"xpath","value":"(//span[contains(@title ,\"WebdriverYardg92yd\")])[1]"}
COMMAND: POST /session/25dcfb25871b33b6fbae40ebb9612352/elements - {"using":"xpath","value":"(//span[contains(@title ,\"WebdriverYardg92yd\")])[1]"}
RESULT: {"using":"xpath","value":"(//span[contains(@title ,\"WebdriverYardg92yd\")])[1]"}
COMMAND: POST /session/25dcfb25871b33b6fbae40ebb9612352/elements - {"using":"xpath","value":"(//span[contains(@title ,\"WebdriverYardg92yd\")])[1]"}
RESULT: {"using":"xpath","value":"(//span[contains(@title ,\"WebdriverYardg92yd\")])[1]"}
COMMAND: POST /session/25dcfb25871b33b6fbae40ebb9612352/elements - {"using":"xpath","value":"(//span[contains(@title ,\"WebdriverYardg92yd\")])[1]"}
RESULT: {"using":"xpath","value":"(//span[contains(@title ,\"WebdriverYardg92yd\")])[1]"}
COMMAND: POST /session/25dcfb25871b33b6fbae40ebb9612352/elements - {"using":"xpath","value":"(//span[contains(@title ,\"WebdriverYardg92yd\")])[1]"}
RESULT: {"using":"xpath","value":"(//span[contains(@title ,\"WebdriverYardg92yd\")])[1]"}
COMMAND: POST /session/25dcfb25871b33b6fbae40ebb9612352/elements - {"using":"xpath","value":"(//span[contains(@title ,\"WebdriverYardg92yd\")])[1]"}
RESULT: {"using":"xpath","value":"(//span[contains(@title ,\"WebdriverYardg92yd\")])[1]"}
COMMAND: POST /session/25dcfb25871b33b6fbae40ebb9612352/elements - {"using":"xpath","value":"(//span[contains(@title ,\"WebdriverYardg92yd\")])[1]"}
RESULT: {"using":"xpath","value":"(//span[contains(@title ,\"WebdriverYardg92yd\")])[1]"}
COMMAND: POST /session/25dcfb25871b33b6fbae40ebb9612352/element - {"using":"xpath","value":"(//span[contains(@title ,\"WebdriverYardg92yd\")])[1]"}
RESULT: {"using":"xpath","value":"(//span[contains(@title ,\"WebdriverYardg92yd\")])[1]"}
COMMAND: POST /session/25dcfb25871b33b6fbae40ebb9612352/execute/sync - {"script":"<script> [8489 bytes]","args":[{"element-6066-11e4-a52e-4f735466cecf":"f.2438752634DB01E0CA013ABFBE801384.d.D23F10A2963A7576225279222F20D66F.e.10047","ELEMENT":"f.2438752634DB01E0CA013ABFBE801384.d.D23F10A2963A7576225279222F20D66F.e.10047"}]}
RESULT: {"script":"<script> [8489 bytes]","args":[{"element-6066-11e4-a52e-4f735466cecf":"f.2438752634DB01E0CA013ABFBE801384.d.D23F10A2963A7576225279222F20D66F.e.10047","ELEMENT":"f.2438752634DB01E0CA013ABFBE801384.d.D23F10A2963A7576225279222F20D66F.e.10047"}]}
COMMAND: POST /session/25dcfb25871b33b6fbae40ebb9612352/element - {"using":"xpath","value":"(//span[contains(@title ,\"WebdriverYardg92yd\")])[1]"}
COMMAND: GET /session/25dcfb25871b33b6fbae40ebb9612352/screenshot - {}
RESULT: {"using":"xpath","value":"(//span[contains(@title ,\"WebdriverYardg92yd\")])[1]"}
COMMAND: POST /session/25dcfb25871b33b6fbae40ebb9612352/actions - {"actions":[{"id":"action71","type":"pointer","parameters":{"pointerType":"mouse"},"actions":[{"type":"pointerMove","button":0,"width":0,"height":0,"pressure":0,"tangentialPressure":0,"tiltX":0,"tiltY":0,"twist":0,"altitudeAngle":0,"_":"5 more keys: [\"azimuthAngle\",\"x\",\"y\",\"duration\",\"origin\"]"},{"type":"pointerDown","button":2,"width":0,"height":0,"pressure":0,"tangentialPressure":0,"tiltX":0,"tiltY":0,"twist":0,"altitudeAngle":0,"_":"1 more keys: [\"azimuthAngle\"]"},{"type":"pointerUp","button":2}]}]}
RESULT: {}
RESULT: {"actions":[{"id":"action71","type":"pointer","parameters":{"pointerType":"mouse"},"actions":[{"type":"pointerMove","button":0,"width":0,"height":0,"pressure":0,"tangentialPressure":0,"tiltX":0,"tiltY":0,"twist":0,"altitudeAngle":0,"_":"5 more keys: [\"azimuthAngle\",\"x\",\"y\",\"duration\",\"origin\"]"},{"type":"pointerDown","button":2,"width":0,"height":0,"pressure":0,"tangentialPressure":0,"tiltX":0,"tiltY":0,"twist":0,"altitudeAngle":0,"_":"1 more keys: [\"azimuthAngle\"]"},{"type":"pointerUp","button":2}]}]}
COMMAND: DELETE /session/25dcfb25871b33b6fbae40ebb9612352/actions - {}
COMMAND: GET /session/25dcfb25871b33b6fbae40ebb9612352/screenshot - {}
RESULT: {}
COMMAND: GET /session/25dcfb25871b33b6fbae40ebb9612352/screenshot - {}
RESULT: {}
RESULT: {}
COMMAND: POST /session/25dcfb25871b33b6fbae40ebb9612352/actions - {"actions":[{"id":"action72","type":"key","parameters":{},"actions":[{"type":"keyDown","value":"î€•"},{"type":"pause","duration":10},{"type":"keyUp","value":"î€•"}]}]}
RESULT: {"actions":[{"id":"action72","type":"key","parameters":{},"actions":[{"type":"keyDown","value":"î€•"},{"type":"pause","duration":10},{"type":"keyUp","value":"î€•"}]}]}
COMMAND: GET /session/25dcfb25871b33b6fbae40ebb9612352/screenshot - {}
RESULT: {}
COMMAND: POST /session/25dcfb25871b33b6fbae40ebb9612352/actions - {"actions":[{"id":"action73","type":"key","parameters":{},"actions":[{"type":"keyDown","value":"î€‡"},{"type":"pause","duration":10},{"type":"keyUp","value":"î€‡"}]}]}
RESULT: {"actions":[{"id":"action73","type":"key","parameters":{},"actions":[{"type":"keyDown","value":"î€‡"},{"type":"pause","duration":10},{"type":"keyUp","value":"î€‡"}]}]}
COMMAND: GET /session/25dcfb25871b33b6fbae40ebb9612352/screenshot - {}
RESULT: {}
COMMAND: POST /session/25dcfb25871b33b6fbae40ebb9612352/execute/async - {"script":"<script> [1562 bytes]","args":[{"selector":{"id":"application-planningboard-display-component---pB_RequestHeader--RUreservationComment","searchOpenDialogs":true,"interaction":{"idSuffix":"inner"}},"wdio_ui5_key":"applicationplanningboard-display-component---pB_RequestHeader--RUreservationComment"}]}
RESULT: {"script":"<script> [1562 bytes]","args":[{"selector":{"id":"application-planningboard-display-component---pB_RequestHeader--RUreservationComment","searchOpenDialogs":true,"interaction":{"idSuffix":"inner"}},"wdio_ui5_key":"applicationplanningboard-display-component---pB_RequestHeader--RUreservationComment"}]}
RESULT: undefined
COMMAND: POST /session/25dcfb25871b33b6fbae40ebb9612352/execute/async - {"script":"<script> [776 bytes]","args":[{"enterText":"WdIORes1znq6o","selector":{"id":"application-planningboard-display-component---pB_RequestHeader--RUreservationComment","searchOpenDialogs":true,"interaction":{"idSuffix":"inner"}},"clearTextFirst":true,"interactionType":"ENTER_TEXT"}]}
RESULT: {"script":"<script> [776 bytes]","args":[{"enterText":"WdIORes1znq6o","selector":{"id":"application-planningboard-display-component---pB_RequestHeader--RUreservationComment","searchOpenDialogs":true,"interaction":{"idSuffix":"inner"}},"clearTextFirst":true,"interactionType":"ENTER_TEXT"}]}
COMMAND: POST /session/25dcfb25871b33b6fbae40ebb9612352/execute/async - {"script":"<script> [1562 bytes]","args":[{"selector":{"controlType":"sap.m.Button","viewName":"etm.portal.ui.planningboard.view.detail.RequestHeader","viewId":"application-planningboard-display-component---pB_RequestHeader","properties":{"text":"Ok"},"searchOpenDialogs":true,"interaction":{"idSuffix":"BDI-content"}},"wdio_ui5_key":"etmportal.ui.planningboard.view.detail.RequestHeadersap.m.Button{\"text\":\"Ok\"}"}]}
RESULT: {"script":"<script> [1562 bytes]","args":[{"selector":{"controlType":"sap.m.Button","viewName":"etm.portal.ui.planningboard.view.detail.RequestHeader","viewId":"application-planningboard-display-component---pB_RequestHeader","properties":{"text":"Ok"},"searchOpenDialogs":true,"interaction":{"idSuffix":"BDI-content"}},"wdio_ui5_key":"etmportal.ui.planningboard.view.detail.RequestHeadersap.m.Button{\"text\":\"Ok\"}"}]}
RESULT: undefined
COMMAND: POST /session/25dcfb25871b33b6fbae40ebb9612352/element - {"using":"xpath","value":"//*[@id=\"__button192\"]"}
RESULT: {"using":"xpath","value":"//*[@id=\"__button192\"]"}
COMMAND: POST /session/25dcfb25871b33b6fbae40ebb9612352/element/f.2438752634DB01E0CA013ABFBE801384.d.D23F10A2963A7576225279222F20D66F.e.10062/click - {}
RESULT: {}
COMMAND: GET /session/25dcfb25871b33b6fbae40ebb9612352/screenshot - {}
RESULT: {}
COMMAND: POST /session/25dcfb25871b33b6fbae40ebb9612352/element - {"using":"xpath","value":"//span[contains(@title ,\"WebdriverYardg92yd\")]"}
RESULT: {"using":"xpath","value":"//span[contains(@title ,\"WebdriverYardg92yd\")]"}
COMMAND: POST /session/25dcfb25871b33b6fbae40ebb9612352/actions - {"actions":[{"id":"action74","type":"pointer","parameters":{"pointerType":"mouse"},"actions":[{"type":"pointerMove","button":0,"width":0,"height":0,"pressure":0,"tangentialPressure":0,"tiltX":0,"tiltY":0,"twist":0,"altitudeAngle":0,"_":"5 more keys: [\"azimuthAngle\",\"x\",\"y\",\"duration\",\"origin\"]"},{"type":"pointerDown","button":2,"width":0,"height":0,"pressure":0,"tangentialPressure":0,"tiltX":0,"tiltY":0,"twist":0,"altitudeAngle":0,"_":"1 more keys: [\"azimuthAngle\"]"},{"type":"pointerUp","button":2}]}]}
RESULT: {"actions":[{"id":"action74","type":"pointer","parameters":{"pointerType":"mouse"},"actions":[{"type":"pointerMove","button":0,"width":0,"height":0,"pressure":0,"tangentialPressure":0,"tiltX":0,"tiltY":0,"twist":0,"altitudeAngle":0,"_":"5 more keys: [\"azimuthAngle\",\"x\",\"y\",\"duration\",\"origin\"]"},{"type":"pointerDown","button":2,"width":0,"height":0,"pressure":0,"tangentialPressure":0,"tiltX":0,"tiltY":0,"twist":0,"altitudeAngle":0,"_":"1 more keys: [\"azimuthAngle\"]"},{"type":"pointerUp","button":2}]}]}
COMMAND: DELETE /session/25dcfb25871b33b6fbae40ebb9612352/actions - {}
COMMAND: GET /session/25dcfb25871b33b6fbae40ebb9612352/screenshot - {}
RESULT: {}
COMMAND: GET /session/25dcfb25871b33b6fbae40ebb9612352/screenshot - {}
RESULT: {}
RESULT: {}
COMMAND: POST /session/25dcfb25871b33b6fbae40ebb9612352/actions - {"actions":[{"id":"action75","type":"key","parameters":{},"actions":[{"type":"keyDown","value":"î€•"},{"type":"pause","duration":10},{"type":"keyUp","value":"î€•"}]}]}
RESULT: {"actions":[{"id":"action75","type":"key","parameters":{},"actions":[{"type":"keyDown","value":"î€•"},{"type":"pause","duration":10},{"type":"keyUp","value":"î€•"}]}]}
COMMAND: GET /session/25dcfb25871b33b6fbae40ebb9612352/screenshot - {}
RESULT: {}
COMMAND: POST /session/25dcfb25871b33b6fbae40ebb9612352/actions - {"actions":[{"id":"action76","type":"key","parameters":{},"actions":[{"type":"keyDown","value":"î€‡"},{"type":"pause","duration":10},{"type":"keyUp","value":"î€‡"}]}]}
RESULT: {"actions":[{"id":"action76","type":"key","parameters":{},"actions":[{"type":"keyDown","value":"î€‡"},{"type":"pause","duration":10},{"type":"keyUp","value":"î€‡"}]}]}
COMMAND: GET /session/25dcfb25871b33b6fbae40ebb9612352/screenshot - {}
RESULT: {}
RESULT: undefined
COMMAND: POST /session/25dcfb25871b33b6fbae40ebb9612352/execute/async - {"script":"<script> [776 bytes]","args":[{"enterText":"WdIORes2ormxu","selector":{"id":"application-planningboard-display-component---pB_RequestHeader--RUreservationComment","searchOpenDialogs":true,"interaction":{"idSuffix":"inner"}},"clearTextFirst":true,"interactionType":"ENTER_TEXT"}]}
RESULT: {"script":"<script> [776 bytes]","args":[{"enterText":"WdIORes2ormxu","selector":{"id":"application-planningboard-display-component---pB_RequestHeader--RUreservationComment","searchOpenDialogs":true,"interaction":{"idSuffix":"inner"}},"clearTextFirst":true,"interactionType":"ENTER_TEXT"}]}
RESULT: undefined
COMMAND: POST /session/25dcfb25871b33b6fbae40ebb9612352/element - {"using":"xpath","value":"//*[@id=\"__button192\"]"}
RESULT: {"using":"xpath","value":"//*[@id=\"__button192\"]"}
COMMAND: POST /session/25dcfb25871b33b6fbae40ebb9612352/element/f.2438752634DB01E0CA013ABFBE801384.d.D23F10A2963A7576225279222F20D66F.e.10137/click - {}
RESULT: {}
COMMAND: GET /session/25dcfb25871b33b6fbae40ebb9612352/screenshot - {}
RESULT: {}
COMMAND: POST /session/25dcfb25871b33b6fbae40ebb9612352/execute/async - {"script":"<script> [1562 bytes]","args":[{"selector":{"controlType":"sap.m.Button","viewName":"etm.portal.ui.planningboard.view.detail.RequestHeader","viewId":"application-planningboard-display-component---pB_RequestHeader","i18NText":{"propertyName":"text","key":"close"},"ancestor":{"id":"application-planningboard-display-component---pB_RequestHeader--requestItemDetails"},"interaction":{"idSuffix":"BDI-content"}},"wdio_ui5_key":"etmportal.ui.planningboard.view.detail.RequestHeadersap.m.Button{\"propertyName\":\"text\",\"key\":\"close\"}{\"id\":\"application-planningboard-display-component---pB_RequestHeader--requestItemDetails\"}"}]}
RESULT: {"script":"<script> [1562 bytes]","args":[{"selector":{"controlType":"sap.m.Button","viewName":"etm.portal.ui.planningboard.view.detail.RequestHeader","viewId":"application-planningboard-display-component---pB_RequestHeader","i18NText":{"propertyName":"text","key":"close"},"ancestor":{"id":"application-planningboard-display-component---pB_RequestHeader--requestItemDetails"},"interaction":{"idSuffix":"BDI-content"}},"wdio_ui5_key":"etmportal.ui.planningboard.view.detail.RequestHeadersap.m.Button{\"propertyName\":\"text\",\"key\":\"close\"}{\"id\":\"application-planningboard-display-component---pB_RequestHeader--requestItemDetails\"}"}]}
RESULT: undefined
COMMAND: POST /session/25dcfb25871b33b6fbae40ebb9612352/element - {"using":"xpath","value":"//*[@id=\"__button68\"]"}
RESULT: {"using":"xpath","value":"//*[@id=\"__button68\"]"}
COMMAND: POST /session/25dcfb25871b33b6fbae40ebb9612352/element/f.2438752634DB01E0CA013ABFBE801384.d.D23F10A2963A7576225279222F20D66F.e.9929/click - {}
RESULT: {}
COMMAND: GET /session/25dcfb25871b33b6fbae40ebb9612352/screenshot - {}
RESULT: {}
COMMAND: POST /session/25dcfb25871b33b6fbae40ebb9612352/execute/async - {"script":"<script> [1562 bytes]","args":[{"selector":{"id":"application-planningboard-display-component---pB_Master--selectView","interaction":{"idSuffix":"arrow"}},"wdio_ui5_key":"applicationplanningboard-display-component---pB_Master--selectView"}]}
RESULT: {"script":"<script> [1562 bytes]","args":[{"selector":{"id":"application-planningboard-display-component---pB_Master--selectView","interaction":{"idSuffix":"arrow"}},"wdio_ui5_key":"applicationplanningboard-display-component---pB_Master--selectView"}]}
RESULT: undefined
COMMAND: POST /session/25dcfb25871b33b6fbae40ebb9612352/element - {"using":"xpath","value":"//*[@id=\"application-planningboard-display-component---pB_Master--selectView\"]"}
RESULT: {"using":"xpath","value":"//*[@id=\"application-planningboard-display-component---pB_Master--selectView\"]"}
COMMAND: POST /session/25dcfb25871b33b6fbae40ebb9612352/element/f.2438752634DB01E0CA013ABFBE801384.d.D23F10A2963A7576225279222F20D66F.e.10356/click - {}
RESULT: {}
COMMAND: GET /session/25dcfb25871b33b6fbae40ebb9612352/screenshot - {}
RESULT: {}
COMMAND: POST /session/25dcfb25871b33b6fbae40ebb9612352/execute/async - {"script":"<script> [1562 bytes]","args":[{"selector":{"controlType":"sap.ui.core.Item","viewName":"etm.portal.ui.planningboard.view.Master","viewId":"application-planningboard-display-component---pB_Master","i18NText":{"propertyName":"text","key":"manageReservations"},"searchOpenDialogs":true},"wdio_ui5_key":"etmportal.ui.planningboard.view.Mastersap.ui.core.Item{\"propertyName\":\"text\",\"key\":\"manageReservations\"}"}]}
RESULT: {"script":"<script> [1562 bytes]","args":[{"selector":{"controlType":"sap.ui.core.Item","viewName":"etm.portal.ui.planningboard.view.Master","viewId":"application-planningboard-display-component---pB_Master","i18NText":{"propertyName":"text","key":"manageReservations"},"searchOpenDialogs":true},"wdio_ui5_key":"etmportal.ui.planningboard.view.Mastersap.ui.core.Item{\"propertyName\":\"text\",\"key\":\"manageReservations\"}"}]}
RESULT: undefined
COMMAND: POST /session/25dcfb25871b33b6fbae40ebb9612352/element - {"using":"xpath","value":"//*[@id=\"__item1450\"]"}
RESULT: {"using":"xpath","value":"//*[@id=\"__item1450\"]"}
COMMAND: POST /session/25dcfb25871b33b6fbae40ebb9612352/element/f.2438752634DB01E0CA013ABFBE801384.d.D23F10A2963A7576225279222F20D66F.e.10357/click - {}
RESULT: {}
COMMAND: GET /session/25dcfb25871b33b6fbae40ebb9612352/screenshot - {}
RESULT: {}
COMMAND: POST /session/25dcfb25871b33b6fbae40ebb9612352/element - {"using":"xpath","value":"//span[contains(@id ,\"clone\")][contains(text(), \"WdIORes1znq6o\")]"}
RESULT: {"using":"xpath","value":"//span[contains(@id ,\"clone\")][contains(text(), \"WdIORes1znq6o\")]"}
COMMAND: GET /session/25dcfb25871b33b6fbae40ebb9612352/element/f.2438752634DB01E0CA013ABFBE801384.d.D23F10A2963A7576225279222F20D66F.e.10373/text - {}
RESULT: {}
COMMAND: POST /session/25dcfb25871b33b6fbae40ebb9612352/element - {"using":"xpath","value":"//span[contains(@id ,\"clone\")][contains(text(), \"WdIORes2ormxu\")]"}
RESULT: {"using":"xpath","value":"//span[contains(@id ,\"clone\")][contains(text(), \"WdIORes2ormxu\")]"}
COMMAND: POST /session/25dcfb25871b33b6fbae40ebb9612352/element/f.2438752634DB01E0CA013ABFBE801384.d.D23F10A2963A7576225279222F20D66F.e.10374/click - {}
RESULT: {}
COMMAND: GET /session/25dcfb25871b33b6fbae40ebb9612352/screenshot - {}
RESULT: {}
COMMAND: POST /session/25dcfb25871b33b6fbae40ebb9612352/actions - {"actions":[{"id":"action77","type":"key","parameters":{},"actions":[{"type":"keyDown","value":"î€‡"},{"type":"pause","duration":10},{"type":"keyUp","value":"î€‡"}]}]}
RESULT: {"actions":[{"id":"action77","type":"key","parameters":{},"actions":[{"type":"keyDown","value":"î€‡"},{"type":"pause","duration":10},{"type":"keyUp","value":"î€‡"}]}]}
COMMAND: GET /session/25dcfb25871b33b6fbae40ebb9612352/screenshot - {}
RESULT: {}
COMMAND: POST /session/25dcfb25871b33b6fbae40ebb9612352/execute/async - {"script":"<script> [1562 bytes]","args":[{"selector":{"controlType":"sap.m.Button","viewName":"etm.portal.ui.planningboard.view.detail.Planning","viewId":"application-planningboard-display-component---pB_Planning","i18NText":{"propertyName":"text","key":"unplan"},"interaction":{"idSuffix":"BDI-content"}},"wdio_ui5_key":"etmportal.ui.planningboard.view.detail.Planningsap.m.Button{\"propertyName\":\"text\",\"key\":\"unplan\"}"}]}
RESULT: {"script":"<script> [1562 bytes]","args":[{"selector":{"controlType":"sap.m.Button","viewName":"etm.portal.ui.planningboard.view.detail.Planning","viewId":"application-planningboard-display-component---pB_Planning","i18NText":{"propertyName":"text","key":"unplan"},"interaction":{"idSuffix":"BDI-content"}},"wdio_ui5_key":"etmportal.ui.planningboard.view.detail.Planningsap.m.Button{\"propertyName\":\"text\",\"key\":\"unplan\"}"}]}
RESULT: undefined
COMMAND: POST /session/25dcfb25871b33b6fbae40ebb9612352/element - {"using":"xpath","value":"//*[@id=\"__button258\"]"}
RESULT: {"using":"xpath","value":"//*[@id=\"__button258\"]"}
COMMAND: POST /session/25dcfb25871b33b6fbae40ebb9612352/element/f.2438752634DB01E0CA013ABFBE801384.d.D23F10A2963A7576225279222F20D66F.e.10420/click - {}
RESULT: {}
COMMAND: GET /session/25dcfb25871b33b6fbae40ebb9612352/screenshot - {}
RESULT: {}
COMMAND: POST /session/25dcfb25871b33b6fbae40ebb9612352/element - {"using":"xpath","value":"//span[contains(@id ,\"clone\")][contains(text(), \"WdIORes2ormxu\")]"}
RESULT: {"using":"xpath","value":"//span[contains(@id ,\"clone\")][contains(text(), \"WdIORes2ormxu\")]"}
COMMAND: POST /session/25dcfb25871b33b6fbae40ebb9612352/element - {"using":"xpath","value":"//span[contains(@id ,\"clone\")][contains(text(), \"WdIORes2ormxu\")]"}
RESULT: {"using":"xpath","value":"//span[contains(@id ,\"clone\")][contains(text(), \"WdIORes2ormxu\")]"}
COMMAND: POST /session/25dcfb25871b33b6fbae40ebb9612352/element - {"using":"xpath","value":"//span[contains(@id ,\"clone\")][contains(text(), \"WdIORes1znq6o\")]"}
RESULT: {"using":"xpath","value":"//span[contains(@id ,\"clone\")][contains(text(), \"WdIORes1znq6o\")]"}
COMMAND: POST /session/25dcfb25871b33b6fbae40ebb9612352/element/f.2438752634DB01E0CA013ABFBE801384.d.D23F10A2963A7576225279222F20D66F.e.10484/click - {}
RESULT: {}
COMMAND: GET /session/25dcfb25871b33b6fbae40ebb9612352/screenshot - {}
RESULT: {}
COMMAND: POST /session/25dcfb25871b33b6fbae40ebb9612352/actions - {"actions":[{"id":"action78","type":"key","parameters":{},"actions":[{"type":"keyDown","value":"î€‡"},{"type":"pause","duration":10},{"type":"keyUp","value":"î€‡"}]}]}
RESULT: {"actions":[{"id":"action78","type":"key","parameters":{},"actions":[{"type":"keyDown","value":"î€‡"},{"type":"pause","duration":10},{"type":"keyUp","value":"î€‡"}]}]}
COMMAND: GET /session/25dcfb25871b33b6fbae40ebb9612352/screenshot - {}
RESULT: {}
]]></system-out>
    </testcase>
  </testsuite>
  <testsuite timestamp="2025-06-05T16:09:40" time="36.934" tests="1" failures="0" errors="0" skipped="0">
    <properties>
      <property name="specId" value="0" />
      <property name="suiteName" value="Reserve/Unreserve request item via reserve option US139161" />
      <property name="capabilities" value="chrome.137_0_7151_56.windows" />
      <property name="file" value="file:///D:/a/1/s/test/specs/R2C/manage-reservations-view-planning-board.spec.js" />
    </properties>
    <testcase classname="chrome.137_0_7151_56.windows.Reserve/Unreserve_request_item_via_reserve_option_US139161" name="Should open a reservation to verify and edit the details" time="36.932">
      <system-out><![CDATA[
COMMAND: POST /session/25dcfb25871b33b6fbae40ebb9612352/element - {"using":"xpath","value":"//button[contains(@data-kt, \"editButton\")]"}
RESULT: {"using":"xpath","value":"//button[contains(@data-kt, \"editButton\")]"}
COMMAND: POST /session/25dcfb25871b33b6fbae40ebb9612352/execute/sync - {"script":"<script> [8489 bytes]","args":[{"element-6066-11e4-a52e-4f735466cecf":"f.2438752634DB01E0CA013ABFBE801384.d.D23F10A2963A7576225279222F20D66F.e.10519","ELEMENT":"f.2438752634DB01E0CA013ABFBE801384.d.D23F10A2963A7576225279222F20D66F.e.10519"}]}
RESULT: {"script":"<script> [8489 bytes]","args":[{"element-6066-11e4-a52e-4f735466cecf":"f.2438752634DB01E0CA013ABFBE801384.d.D23F10A2963A7576225279222F20D66F.e.10519","ELEMENT":"f.2438752634DB01E0CA013ABFBE801384.d.D23F10A2963A7576225279222F20D66F.e.10519"}]}
COMMAND: POST /session/25dcfb25871b33b6fbae40ebb9612352/element - {"using":"xpath","value":"//button[contains(@data-kt, \"unplanButton\")]"}
COMMAND: GET /session/25dcfb25871b33b6fbae40ebb9612352/screenshot - {}
RESULT: {"using":"xpath","value":"//button[contains(@data-kt, \"unplanButton\")]"}
COMMAND: POST /session/25dcfb25871b33b6fbae40ebb9612352/execute/sync - {"script":"<script> [8489 bytes]","args":[{"element-6066-11e4-a52e-4f735466cecf":"f.2438752634DB01E0CA013ABFBE801384.d.D23F10A2963A7576225279222F20D66F.e.10538","ELEMENT":"f.2438752634DB01E0CA013ABFBE801384.d.D23F10A2963A7576225279222F20D66F.e.10538"}]}
RESULT: {}
RESULT: {"script":"<script> [8489 bytes]","args":[{"element-6066-11e4-a52e-4f735466cecf":"f.2438752634DB01E0CA013ABFBE801384.d.D23F10A2963A7576225279222F20D66F.e.10538","ELEMENT":"f.2438752634DB01E0CA013ABFBE801384.d.D23F10A2963A7576225279222F20D66F.e.10538"}]}
COMMAND: POST /session/25dcfb25871b33b6fbae40ebb9612352/element - {"using":"xpath","value":"//button[contains(@data-kt, \"editButton\")]"}
COMMAND: GET /session/25dcfb25871b33b6fbae40ebb9612352/screenshot - {}
RESULT: {}
RESULT: {"using":"xpath","value":"//button[contains(@data-kt, \"editButton\")]"}
COMMAND: POST /session/25dcfb25871b33b6fbae40ebb9612352/element/f.2438752634DB01E0CA013ABFBE801384.d.D23F10A2963A7576225279222F20D66F.e.10519/click - {}
RESULT: {}
COMMAND: POST /session/25dcfb25871b33b6fbae40ebb9612352/element - {"using":"xpath","value":"(//input[contains(@id ,\"picker\")][contains(@aria-roledescription ,\"Date Input\")])[4]"}
COMMAND: GET /session/25dcfb25871b33b6fbae40ebb9612352/screenshot - {}
RESULT: {"using":"xpath","value":"(//input[contains(@id ,\"picker\")][contains(@aria-roledescription ,\"Date Input\")])[4]"}
COMMAND: POST /session/25dcfb25871b33b6fbae40ebb9612352/element/f.2438752634DB01E0CA013ABFBE801384.d.D23F10A2963A7576225279222F20D66F.e.10506/clear - {}
RESULT: {}
RESULT: {}
COMMAND: POST /session/25dcfb25871b33b6fbae40ebb9612352/element/f.2438752634DB01E0CA013ABFBE801384.d.D23F10A2963A7576225279222F20D66F.e.10506/value - {"text":"6/7/25"}
COMMAND: GET /session/25dcfb25871b33b6fbae40ebb9612352/screenshot - {}
RESULT: {"text":"6/7/25"}
COMMAND: GET /session/25dcfb25871b33b6fbae40ebb9612352/screenshot - {}
RESULT: {}
RESULT: {}
COMMAND: POST /session/25dcfb25871b33b6fbae40ebb9612352/element - {"using":"xpath","value":"//bdi[contains(text(), \"Save\")]"}
RESULT: {"using":"xpath","value":"//bdi[contains(text(), \"Save\")]"}
COMMAND: POST /session/25dcfb25871b33b6fbae40ebb9612352/element/f.2438752634DB01E0CA013ABFBE801384.d.D23F10A2963A7576225279222F20D66F.e.10561/click - {}
RESULT: {}
COMMAND: GET /session/25dcfb25871b33b6fbae40ebb9612352/screenshot - {}
RESULT: {}
COMMAND: POST /session/25dcfb25871b33b6fbae40ebb9612352/element - {"using":"xpath","value":"(//input[contains(@id ,\"picker\")][contains(@aria-roledescription ,\"Date Input\")])[4]"}
RESULT: {"using":"xpath","value":"(//input[contains(@id ,\"picker\")][contains(@aria-roledescription ,\"Date Input\")])[4]"}
COMMAND: GET /session/25dcfb25871b33b6fbae40ebb9612352/element/f.2438752634DB01E0CA013ABFBE801384.d.D23F10A2963A7576225279222F20D66F.e.10506/property/value - {}
RESULT: {}
COMMAND: GET /session/25dcfb25871b33b6fbae40ebb9612352/screenshot - {}
RESULT: {}
COMMAND: POST /session/25dcfb25871b33b6fbae40ebb9612352/element - {"using":"xpath","value":"//bdi[contains(text(), \"Unplan\")]"}
RESULT: {"using":"xpath","value":"//bdi[contains(text(), \"Unplan\")]"}
COMMAND: POST /session/25dcfb25871b33b6fbae40ebb9612352/element/f.2438752634DB01E0CA013ABFBE801384.d.D23F10A2963A7576225279222F20D66F.e.10573/click - {}
RESULT: {}
COMMAND: GET /session/25dcfb25871b33b6fbae40ebb9612352/screenshot - {}
RESULT: {}
COMMAND: POST /session/25dcfb25871b33b6fbae40ebb9612352/element - {"using":"css selector","value":"#shell-header-logo"}
RESULT: {"using":"css selector","value":"#shell-header-logo"}
COMMAND: POST /session/25dcfb25871b33b6fbae40ebb9612352/element/f.2438752634DB01E0CA013ABFBE801384.d.D23F10A2963A7576225279222F20D66F.e.9113/click - {}
RESULT: {}
COMMAND: GET /session/25dcfb25871b33b6fbae40ebb9612352/screenshot - {}
RESULT: {}
]]></system-out>
    </testcase>
  </testsuite>
  <testsuite timestamp="2025-06-05T16:10:17" time="268.617" tests="4" failures="4" errors="4" skipped="0">
    <properties>
      <property name="specId" value="0" />
      <property name="suiteName" value="Process request items into an existing quotation US120163" />
      <property name="capabilities" value="chrome.137_0_7151_56.windows" />
      <property name="file" value="file:///D:/a/1/s/test/specs/R2C/process-request-items-into-existing-quotation.spec.js" />
    </properties>
  </testsuite>
  <testsuite timestamp="2025-06-05T16:14:45" time="307.326" tests="3" failures="0" errors="0" skipped="0">
    <properties>
      <property name="specId" value="0" />
      <property name="suiteName" value="Process request items into new quotation US120163" />
      <property name="capabilities" value="chrome.137_0_7151_56.windows" />
      <property name="file" value="file:///D:/a/1/s/test/specs/R2C/process-request-items-into-new-quotation.spec.js" />
    </properties>
    <testcase classname="chrome.137_0_7151_56.windows.Process_request_items_into_new_quotation_US120163" name="Should create a new request with catalog items and plan it" time="194.544">
      <system-out><![CDATA[
COMMAND: POST /session/25dcfb25871b33b6fbae40ebb9612352/execute/async - {"script":"<script> [1562 bytes]","args":[{"selector":{"controlType":"sap.m.GenericTile","properties":{"header":"Manage Requests"}},"wdio_ui5_key":"sapm.GenericTile{\"header\":\"Manage Requests\"}"}]}
RESULT: {"script":"<script> [1562 bytes]","args":[{"selector":{"controlType":"sap.m.GenericTile","properties":{"header":"Manage Requests"}},"wdio_ui5_key":"sapm.GenericTile{\"header\":\"Manage Requests\"}"}]}
RESULT: undefined
COMMAND: POST /session/25dcfb25871b33b6fbae40ebb9612352/element - {"using":"xpath","value":"//*[@id=\"__tile47\"]"}
RESULT: {"using":"xpath","value":"//*[@id=\"__tile47\"]"}
COMMAND: POST /session/25dcfb25871b33b6fbae40ebb9612352/element/f.2438752634DB01E0CA013ABFBE801384.d.B48ECFAE134929A6D3D476E30FE9B991.e.11267/click - {}
RESULT: {}
COMMAND: GET /session/25dcfb25871b33b6fbae40ebb9612352/screenshot - {}
RESULT: {}
COMMAND: POST /session/25dcfb25871b33b6fbae40ebb9612352/elements - {"using":"xpath","value":"//span[text()='Error']"}
RESULT: {"using":"xpath","value":"//span[text()='Error']"}
COMMAND: POST /session/25dcfb25871b33b6fbae40ebb9612352/element - {"using":"xpath","value":"//button[contains(@data-kt ,\"btnCreateNewOverflowToolbarButton\")]"}
COMMAND: POST /session/25dcfb25871b33b6fbae40ebb9612352/element - {"using":"xpath","value":"(//span[contains(@class ,\"sapMObjStatusText\")])[1]"}
RESULT: {"using":"xpath","value":"//button[contains(@data-kt ,\"btnCreateNewOverflowToolbarButton\")]"}
COMMAND: POST /session/25dcfb25871b33b6fbae40ebb9612352/element/f.2438752634DB01E0CA013ABFBE801384.d.B48ECFAE134929A6D3D476E30FE9B991.e.11324/click - {}
RESULT: {"using":"xpath","value":"(//span[contains(@class ,\"sapMObjStatusText\")])[1]"}
COMMAND: POST /session/25dcfb25871b33b6fbae40ebb9612352/execute/sync - {"script":"<script> [8489 bytes]","args":[{"element-6066-11e4-a52e-4f735466cecf":"f.2438752634DB01E0CA013ABFBE801384.d.B48ECFAE134929A6D3D476E30FE9B991.e.11360","ELEMENT":"f.2438752634DB01E0CA013ABFBE801384.d.B48ECFAE134929A6D3D476E30FE9B991.e.11360"}]}
RESULT: {}
COMMAND: GET /session/25dcfb25871b33b6fbae40ebb9612352/screenshot - {}
RESULT: {"script":"<script> [8489 bytes]","args":[{"element-6066-11e4-a52e-4f735466cecf":"f.2438752634DB01E0CA013ABFBE801384.d.B48ECFAE134929A6D3D476E30FE9B991.e.11360","ELEMENT":"f.2438752634DB01E0CA013ABFBE801384.d.B48ECFAE134929A6D3D476E30FE9B991.e.11360"}]}
COMMAND: GET /session/25dcfb25871b33b6fbae40ebb9612352/screenshot - {}
RESULT: {}
RESULT: {}
COMMAND: POST /session/25dcfb25871b33b6fbae40ebb9612352/element - {"using":"xpath","value":"//input[contains(@id ,\"yardId-inner\")]"}
RESULT: {"using":"xpath","value":"//input[contains(@id ,\"yardId-inner\")]"}
COMMAND: POST /session/25dcfb25871b33b6fbae40ebb9612352/execute/sync - {"script":"<script> [8489 bytes]","args":[{"element-6066-11e4-a52e-4f735466cecf":"f.2438752634DB01E0CA013ABFBE801384.d.B48ECFAE134929A6D3D476E30FE9B991.e.11441","ELEMENT":"f.2438752634DB01E0CA013ABFBE801384.d.B48ECFAE134929A6D3D476E30FE9B991.e.11441"}]}
RESULT: {"script":"<script> [8489 bytes]","args":[{"element-6066-11e4-a52e-4f735466cecf":"f.2438752634DB01E0CA013ABFBE801384.d.B48ECFAE134929A6D3D476E30FE9B991.e.11441","ELEMENT":"f.2438752634DB01E0CA013ABFBE801384.d.B48ECFAE134929A6D3D476E30FE9B991.e.11441"}]}
COMMAND: POST /session/25dcfb25871b33b6fbae40ebb9612352/element - {"using":"xpath","value":"//input[contains(@id ,\"yardId-inner\")]"}
COMMAND: GET /session/25dcfb25871b33b6fbae40ebb9612352/screenshot - {}
RESULT: {"using":"xpath","value":"//input[contains(@id ,\"yardId-inner\")]"}
COMMAND: GET /session/25dcfb25871b33b6fbae40ebb9612352/element/f.2438752634DB01E0CA013ABFBE801384.d.B48ECFAE134929A6D3D476E30FE9B991.e.11441/enabled - {}
RESULT: {}
RESULT: {}
COMMAND: POST /session/25dcfb25871b33b6fbae40ebb9612352/element/f.2438752634DB01E0CA013ABFBE801384.d.B48ECFAE134929A6D3D476E30FE9B991.e.11441/clear - {}
COMMAND: GET /session/25dcfb25871b33b6fbae40ebb9612352/screenshot - {}
RESULT: {}
COMMAND: POST /session/25dcfb25871b33b6fbae40ebb9612352/element/f.2438752634DB01E0CA013ABFBE801384.d.B48ECFAE134929A6D3D476E30FE9B991.e.11441/value - {"text":"WebdriverYardg92yd"}
COMMAND: GET /session/25dcfb25871b33b6fbae40ebb9612352/screenshot - {}
RESULT: {}
COMMAND: POST /session/25dcfb25871b33b6fbae40ebb9612352/element - {"using":"xpath","value":"//input[contains(@id ,\"customerNumber-inner\")]"}
RESULT: {"text":"WebdriverYardg92yd"}
COMMAND: GET /session/25dcfb25871b33b6fbae40ebb9612352/screenshot - {}
RESULT: {}
RESULT: {"using":"xpath","value":"//input[contains(@id ,\"customerNumber-inner\")]"}
COMMAND: POST /session/25dcfb25871b33b6fbae40ebb9612352/element/f.2438752634DB01E0CA013ABFBE801384.d.B48ECFAE134929A6D3D476E30FE9B991.e.11435/value - {"text":"WebdriverPartner7c7tfh"}
RESULT: {}
RESULT: {"text":"WebdriverPartner7c7tfh"}
COMMAND: GET /session/25dcfb25871b33b6fbae40ebb9612352/screenshot - {}
RESULT: {}
COMMAND: POST /session/25dcfb25871b33b6fbae40ebb9612352/actions - {"actions":[{"id":"action82","type":"key","parameters":{},"actions":[{"type":"keyDown","value":"î€‡"},{"type":"pause","duration":10},{"type":"keyUp","value":"î€‡"}]}]}
RESULT: {"actions":[{"id":"action82","type":"key","parameters":{},"actions":[{"type":"keyDown","value":"î€‡"},{"type":"pause","duration":10},{"type":"keyUp","value":"î€‡"}]}]}
COMMAND: GET /session/25dcfb25871b33b6fbae40ebb9612352/screenshot - {}
RESULT: {}
COMMAND: POST /session/25dcfb25871b33b6fbae40ebb9612352/element/f.2438752634DB01E0CA013ABFBE801384.d.B48ECFAE134929A6D3D476E30FE9B991.e.11441/clear - {}
COMMAND: POST /session/25dcfb25871b33b6fbae40ebb9612352/actions - {"actions":[{"id":"action83","type":"key","parameters":{},"actions":[{"type":"keyDown","value":"î€‡"},{"type":"pause","duration":10},{"type":"keyUp","value":"î€‡"}]}]}
RESULT: {}
COMMAND: POST /session/25dcfb25871b33b6fbae40ebb9612352/element/f.2438752634DB01E0CA013ABFBE801384.d.B48ECFAE134929A6D3D476E30FE9B991.e.11441/clear - {}
COMMAND: GET /session/25dcfb25871b33b6fbae40ebb9612352/screenshot - {}
RESULT: {"actions":[{"id":"action83","type":"key","parameters":{},"actions":[{"type":"keyDown","value":"î€‡"},{"type":"pause","duration":10},{"type":"keyUp","value":"î€‡"}]}]}
RESULT: {}
COMMAND: POST /session/25dcfb25871b33b6fbae40ebb9612352/element/f.2438752634DB01E0CA013ABFBE801384.d.B48ECFAE134929A6D3D476E30FE9B991.e.11441/value - {"text":"WebdriverYardg92yd"}
COMMAND: GET /session/25dcfb25871b33b6fbae40ebb9612352/screenshot - {}
COMMAND: GET /session/25dcfb25871b33b6fbae40ebb9612352/screenshot - {}
RESULT: {}
RESULT: {"text":"WebdriverYardg92yd"}
COMMAND: GET /session/25dcfb25871b33b6fbae40ebb9612352/screenshot - {}
RESULT: {}
RESULT: {}
RESULT: {}
COMMAND: GET /session/25dcfb25871b33b6fbae40ebb9612352/element/f.2438752634DB01E0CA013ABFBE801384.d.B48ECFAE134929A6D3D476E30FE9B991.e.11435/property/value - {}
RESULT: {}
COMMAND: POST /session/25dcfb25871b33b6fbae40ebb9612352/element/f.2438752634DB01E0CA013ABFBE801384.d.B48ECFAE134929A6D3D476E30FE9B991.e.11435/value - {"text":"WebdriverPartner7c7tfh"}
COMMAND: GET /session/25dcfb25871b33b6fbae40ebb9612352/screenshot - {}
RESULT: {"text":"WebdriverPartner7c7tfh"}
COMMAND: GET /session/25dcfb25871b33b6fbae40ebb9612352/screenshot - {}
RESULT: {}
RESULT: {}
COMMAND: POST /session/25dcfb25871b33b6fbae40ebb9612352/actions - {"actions":[{"id":"action84","type":"key","parameters":{},"actions":[{"type":"keyDown","value":"î€‡"},{"type":"pause","duration":10},{"type":"keyUp","value":"î€‡"}]}]}
RESULT: {"actions":[{"id":"action84","type":"key","parameters":{},"actions":[{"type":"keyDown","value":"î€‡"},{"type":"pause","duration":10},{"type":"keyUp","value":"î€‡"}]}]}
COMMAND: GET /session/25dcfb25871b33b6fbae40ebb9612352/screenshot - {}
RESULT: {}
COMMAND: POST /session/25dcfb25871b33b6fbae40ebb9612352/actions - {"actions":[{"id":"action85","type":"key","parameters":{},"actions":[{"type":"keyDown","value":"î€‡"},{"type":"pause","duration":10},{"type":"keyUp","value":"î€‡"}]}]}
RESULT: {"actions":[{"id":"action85","type":"key","parameters":{},"actions":[{"type":"keyDown","value":"î€‡"},{"type":"pause","duration":10},{"type":"keyUp","value":"î€‡"}]}]}
COMMAND: GET /session/25dcfb25871b33b6fbae40ebb9612352/screenshot - {}
RESULT: {}
COMMAND: POST /session/25dcfb25871b33b6fbae40ebb9612352/element - {"using":"xpath","value":"//input[contains(@id ,\"requestSiteId-inner\")]"}
RESULT: {"using":"xpath","value":"//input[contains(@id ,\"requestSiteId-inner\")]"}
COMMAND: POST /session/25dcfb25871b33b6fbae40ebb9612352/element/f.2438752634DB01E0CA013ABFBE801384.d.B48ECFAE134929A6D3D476E30FE9B991.e.11434/value - {"text":"WebdriverSitemjpzv"}
RESULT: {"text":"WebdriverSitemjpzv"}
COMMAND: GET /session/25dcfb25871b33b6fbae40ebb9612352/screenshot - {}
RESULT: {}
COMMAND: POST /session/25dcfb25871b33b6fbae40ebb9612352/actions - {"actions":[{"id":"action86","type":"key","parameters":{},"actions":[{"type":"keyDown","value":"î€‡"},{"type":"pause","duration":10},{"type":"keyUp","value":"î€‡"}]}]}
RESULT: {"actions":[{"id":"action86","type":"key","parameters":{},"actions":[{"type":"keyDown","value":"î€‡"},{"type":"pause","duration":10},{"type":"keyUp","value":"î€‡"}]}]}
COMMAND: GET /session/25dcfb25871b33b6fbae40ebb9612352/screenshot - {}
RESULT: {}
COMMAND: POST /session/25dcfb25871b33b6fbae40ebb9612352/element - {"using":"xpath","value":"//button[contains(@data-kt ,\"requestItemAddOverflowToolbarButton\")]"}
RESULT: {"using":"xpath","value":"//button[contains(@data-kt ,\"requestItemAddOverflowToolbarButton\")]"}
COMMAND: POST /session/25dcfb25871b33b6fbae40ebb9612352/element/f.2438752634DB01E0CA013ABFBE801384.d.B48ECFAE134929A6D3D476E30FE9B991.e.11616/click - {}
RESULT: {}
COMMAND: GET /session/25dcfb25871b33b6fbae40ebb9612352/screenshot - {}
RESULT: {}
COMMAND: POST /session/25dcfb25871b33b6fbae40ebb9612352/actions - {"actions":[{"id":"action87","type":"key","parameters":{},"actions":[{"type":"keyDown","value":"î€•"},{"type":"pause","duration":10},{"type":"keyUp","value":"î€•"}]}]}
RESULT: {"actions":[{"id":"action87","type":"key","parameters":{},"actions":[{"type":"keyDown","value":"î€•"},{"type":"pause","duration":10},{"type":"keyUp","value":"î€•"}]}]}
COMMAND: POST /session/25dcfb25871b33b6fbae40ebb9612352/actions - {"actions":[{"id":"action88","type":"key","parameters":{},"actions":[{"type":"keyDown","value":"î€‡"},{"type":"pause","duration":10},{"type":"keyUp","value":"î€‡"}]}]}
COMMAND: GET /session/25dcfb25871b33b6fbae40ebb9612352/screenshot - {}
RESULT: {"actions":[{"id":"action88","type":"key","parameters":{},"actions":[{"type":"keyDown","value":"î€‡"},{"type":"pause","duration":10},{"type":"keyUp","value":"î€‡"}]}]}
COMMAND: GET /session/25dcfb25871b33b6fbae40ebb9612352/screenshot - {}
RESULT: {}
RESULT: {}
COMMAND: POST /session/25dcfb25871b33b6fbae40ebb9612352/element - {"using":"xpath","value":"(//input[contains(@id ,\"requestItemsTable-0-inner\")])[1]"}
RESULT: {"using":"xpath","value":"(//input[contains(@id ,\"requestItemsTable-0-inner\")])[1]"}
COMMAND: POST /session/25dcfb25871b33b6fbae40ebb9612352/element/f.2438752634DB01E0CA013ABFBE801384.d.B48ECFAE134929A6D3D476E30FE9B991.e.11620/clear - {}
RESULT: {}
COMMAND: POST /session/25dcfb25871b33b6fbae40ebb9612352/element/f.2438752634DB01E0CA013ABFBE801384.d.B48ECFAE134929A6D3D476E30FE9B991.e.11620/value - {"text":"catalogItemyx5hp"}
COMMAND: GET /session/25dcfb25871b33b6fbae40ebb9612352/screenshot - {}
RESULT: {"text":"catalogItemyx5hp"}
COMMAND: GET /session/25dcfb25871b33b6fbae40ebb9612352/screenshot - {}
RESULT: {}
RESULT: {}
COMMAND: POST /session/25dcfb25871b33b6fbae40ebb9612352/actions - {"actions":[{"id":"action89","type":"key","parameters":{},"actions":[{"type":"keyDown","value":"î€‡"},{"type":"pause","duration":10},{"type":"keyUp","value":"î€‡"}]}]}
RESULT: {"actions":[{"id":"action89","type":"key","parameters":{},"actions":[{"type":"keyDown","value":"î€‡"},{"type":"pause","duration":10},{"type":"keyUp","value":"î€‡"}]}]}
COMMAND: GET /session/25dcfb25871b33b6fbae40ebb9612352/screenshot - {}
RESULT: {}
COMMAND: POST /session/25dcfb25871b33b6fbae40ebb9612352/execute/async - {"script":"<script> [1562 bytes]","args":[{"selector":{"controlType":"sap.ui.core.Icon","viewName":"etm.portal.ui.managerequests.view.NewRequest","properties":{"src":{"regex":{"source":"slim\\-arrow\\-down"}}},"ancestor":{"controlType":"sap.m.Button","viewName":"etm.portal.ui.managerequests.view.NewRequest","properties":{"icon":"sap-icon://slim-arrow-down"}}},"wdio_ui5_key":"etmportal.ui.managerequests.view.NewRequestsap.ui.core.Icon{\"src\":{\"regex\":{\"source\":\"slim\\\\-arrow\\\\-down\"}}}{\"controlType\":\"sap.m.Button\",\"viewName\":\"etm.portal.ui.managerequests.view.NewRequest\",\"properties\":{\"icon\":\"sap-icon://slim-arrow-down\"}}"}]}
RESULT: {"script":"<script> [1562 bytes]","args":[{"selector":{"controlType":"sap.ui.core.Icon","viewName":"etm.portal.ui.managerequests.view.NewRequest","properties":{"src":{"regex":{"source":"slim\\-arrow\\-down"}}},"ancestor":{"controlType":"sap.m.Button","viewName":"etm.portal.ui.managerequests.view.NewRequest","properties":{"icon":"sap-icon://slim-arrow-down"}}},"wdio_ui5_key":"etmportal.ui.managerequests.view.NewRequestsap.ui.core.Icon{\"src\":{\"regex\":{\"source\":\"slim\\\\-arrow\\\\-down\"}}}{\"controlType\":\"sap.m.Button\",\"viewName\":\"etm.portal.ui.managerequests.view.NewRequest\",\"properties\":{\"icon\":\"sap-icon://slim-arrow-down\"}}"}]}
RESULT: undefined
COMMAND: POST /session/25dcfb25871b33b6fbae40ebb9612352/element - {"using":"xpath","value":"//div[contains(@data-kt ,\"splitAllocationObjectStatus\")]"}
RESULT: {"using":"xpath","value":"//div[contains(@data-kt ,\"splitAllocationObjectStatus\")]"}
COMMAND: POST /session/25dcfb25871b33b6fbae40ebb9612352/elements - {"using":"xpath","value":"//div[contains(@data-kt ,\"splitAllocationObjectStatus\")]"}
RESULT: {"using":"xpath","value":"//div[contains(@data-kt ,\"splitAllocationObjectStatus\")]"}
COMMAND: POST /session/25dcfb25871b33b6fbae40ebb9612352/execute/async - {"script":"<script> [1562 bytes]","args":[{"selector":{"controlType":"sap.ui.core.Icon","viewName":"etm.portal.ui.managerequests.view.NewRequest","properties":{"src":{"regex":{"source":"message\\-error"}}}},"wdio_ui5_key":"etmportal.ui.managerequests.view.NewRequestsap.ui.core.Icon{\"src\":{\"regex\":{\"source\":\"message\\\\-error\"}}}"}]}
RESULT: {"script":"<script> [1562 bytes]","args":[{"selector":{"controlType":"sap.ui.core.Icon","viewName":"etm.portal.ui.managerequests.view.NewRequest","properties":{"src":{"regex":{"source":"message\\-error"}}}},"wdio_ui5_key":"etmportal.ui.managerequests.view.NewRequestsap.ui.core.Icon{\"src\":{\"regex\":{\"source\":\"message\\\\-error\"}}}"}]}
RESULT: undefined
COMMAND: POST /session/25dcfb25871b33b6fbae40ebb9612352/element - {"using":"xpath","value":"//*[@id=\"__status4-__xmlview59--requestItemsTable-0-icon\"]"}
RESULT: {"using":"xpath","value":"//*[@id=\"__status4-__xmlview59--requestItemsTable-0-icon\"]"}
COMMAND: POST /session/25dcfb25871b33b6fbae40ebb9612352/element/f.2438752634DB01E0CA013ABFBE801384.d.B48ECFAE134929A6D3D476E30FE9B991.e.11635/click - {}
RESULT: {}
COMMAND: POST /session/25dcfb25871b33b6fbae40ebb9612352/execute/async - {"script":"<script> [1562 bytes]","args":[{"selector":{"controlType":"sap.ui.core.Icon","viewName":"etm.portal.ui.managerequests.view.NewRequest","properties":{"src":{"regex":{"source":"slim\\-arrow\\-down"}}},"searchOpenDialogs":true,"ancestor":{"id":"costObjectAdminTypeComboBox","viewName":"etm.portal.ui.managerequests.view.NewRequest","searchOpenDialogs":true}},"wdio_ui5_key":"etmportal.ui.managerequests.view.NewRequestsap.ui.core.Icon{\"src\":{\"regex\":{\"source\":\"slim\\\\-arrow\\\\-down\"}}}{\"id\":\"costObjectAdminTypeComboBox\",\"viewName\":\"etm.portal.ui.managerequests.view.NewRequest\",\"searchOpenDialogs\":true}"}]}
COMMAND: GET /session/25dcfb25871b33b6fbae40ebb9612352/screenshot - {}
RESULT: {"script":"<script> [1562 bytes]","args":[{"selector":{"controlType":"sap.ui.core.Icon","viewName":"etm.portal.ui.managerequests.view.NewRequest","properties":{"src":{"regex":{"source":"slim\\-arrow\\-down"}}},"searchOpenDialogs":true,"ancestor":{"id":"costObjectAdminTypeComboBox","viewName":"etm.portal.ui.managerequests.view.NewRequest","searchOpenDialogs":true}},"wdio_ui5_key":"etmportal.ui.managerequests.view.NewRequestsap.ui.core.Icon{\"src\":{\"regex\":{\"source\":\"slim\\\\-arrow\\\\-down\"}}}{\"id\":\"costObjectAdminTypeComboBox\",\"viewName\":\"etm.portal.ui.managerequests.view.NewRequest\",\"searchOpenDialogs\":true}"}]}
RESULT: undefined
COMMAND: POST /session/25dcfb25871b33b6fbae40ebb9612352/element - {"using":"xpath","value":"//*[@id=\"__xmlview59--costObjectAdminTypeComboBox-arrow\"]"}
RESULT: {}
RESULT: {"using":"xpath","value":"//*[@id=\"__xmlview59--costObjectAdminTypeComboBox-arrow\"]"}
COMMAND: POST /session/25dcfb25871b33b6fbae40ebb9612352/element/f.2438752634DB01E0CA013ABFBE801384.d.B48ECFAE134929A6D3D476E30FE9B991.e.11640/click - {}
RESULT: {}
COMMAND: POST /session/25dcfb25871b33b6fbae40ebb9612352/execute/async - {"script":"<script> [1562 bytes]","args":[{"selector":{"controlType":"sap.m.StandardListItem","viewName":"etm.portal.ui.managerequests.view.NewRequest","properties":{"title":"Cost Center"},"searchOpenDialogs":true,"interaction":{"idSuffix":"titleText"}},"wdio_ui5_key":"etmportal.ui.managerequests.view.NewRequestsap.m.StandardListItem{\"title\":\"Cost Center\"}"}]}
COMMAND: GET /session/25dcfb25871b33b6fbae40ebb9612352/screenshot - {}
RESULT: {"script":"<script> [1562 bytes]","args":[{"selector":{"controlType":"sap.m.StandardListItem","viewName":"etm.portal.ui.managerequests.view.NewRequest","properties":{"title":"Cost Center"},"searchOpenDialogs":true,"interaction":{"idSuffix":"titleText"}},"wdio_ui5_key":"etmportal.ui.managerequests.view.NewRequestsap.m.StandardListItem{\"title\":\"Cost Center\"}"}]}
RESULT: undefined
COMMAND: POST /session/25dcfb25871b33b6fbae40ebb9612352/element - {"using":"xpath","value":"//*[@id=\"__item879\"]"}
RESULT: {}
RESULT: {"using":"xpath","value":"//*[@id=\"__item879\"]"}
COMMAND: POST /session/25dcfb25871b33b6fbae40ebb9612352/element/f.2438752634DB01E0CA013ABFBE801384.d.B48ECFAE134929A6D3D476E30FE9B991.e.11643/click - {}
RESULT: {}
COMMAND: GET /session/25dcfb25871b33b6fbae40ebb9612352/screenshot - {}
RESULT: {}
COMMAND: POST /session/25dcfb25871b33b6fbae40ebb9612352/execute/async - {"script":"<script> [1562 bytes]","args":[{"selector":{"controlType":"sap.ui.core.Icon","viewName":"etm.portal.ui.managerequests.view.NewRequest","properties":{"src":{"regex":{"source":"value\\-help"}}},"searchOpenDialogs":true},"wdio_ui5_key":"etmportal.ui.managerequests.view.NewRequestsap.ui.core.Icon{\"src\":{\"regex\":{\"source\":\"value\\\\-help\"}}}"}]}
RESULT: {"script":"<script> [1562 bytes]","args":[{"selector":{"controlType":"sap.ui.core.Icon","viewName":"etm.portal.ui.managerequests.view.NewRequest","properties":{"src":{"regex":{"source":"value\\-help"}}},"searchOpenDialogs":true},"wdio_ui5_key":"etmportal.ui.managerequests.view.NewRequestsap.ui.core.Icon{\"src\":{\"regex\":{\"source\":\"value\\\\-help\"}}}"}]}
RESULT: undefined
COMMAND: POST /session/25dcfb25871b33b6fbae40ebb9612352/element - {"using":"xpath","value":"//*[@id=\"__xmlview59--costObjectIdComboBox-vhi\"]"}
RESULT: {"using":"xpath","value":"//*[@id=\"__xmlview59--costObjectIdComboBox-vhi\"]"}
COMMAND: POST /session/25dcfb25871b33b6fbae40ebb9612352/element/f.2438752634DB01E0CA013ABFBE801384.d.B48ECFAE134929A6D3D476E30FE9B991.e.11650/click - {}
RESULT: {}
COMMAND: POST /session/25dcfb25871b33b6fbae40ebb9612352/execute/async - {"script":"<script> [1562 bytes]","args":[{"selector":{"controlType":"sap.m.SearchField","properties":{"placeholder":"Search"},"searchOpenDialogs":true,"interaction":{"idSuffix":"I"}},"wdio_ui5_key":"sapm.SearchField{\"placeholder\":\"Search\"}"}]}
COMMAND: GET /session/25dcfb25871b33b6fbae40ebb9612352/screenshot - {}
RESULT: {"script":"<script> [1562 bytes]","args":[{"selector":{"controlType":"sap.m.SearchField","properties":{"placeholder":"Search"},"searchOpenDialogs":true,"interaction":{"idSuffix":"I"}},"wdio_ui5_key":"sapm.SearchField{\"placeholder\":\"Search\"}"}]}
RESULT: undefined
COMMAND: POST /session/25dcfb25871b33b6fbae40ebb9612352/execute/async - {"script":"<script> [776 bytes]","args":[{"enterText":"10001010","selector":{"controlType":"sap.m.SearchField","properties":{"placeholder":"Search"},"searchOpenDialogs":true,"interaction":{"idSuffix":"I"}},"clearTextFirst":true,"interactionType":"ENTER_TEXT"}]}
RESULT: {}
RESULT: {"script":"<script> [776 bytes]","args":[{"enterText":"10001010","selector":{"controlType":"sap.m.SearchField","properties":{"placeholder":"Search"},"searchOpenDialogs":true,"interaction":{"idSuffix":"I"}},"clearTextFirst":true,"interactionType":"ENTER_TEXT"}]}
COMMAND: POST /session/25dcfb25871b33b6fbae40ebb9612352/actions - {"actions":[{"id":"action90","type":"key","parameters":{},"actions":[{"type":"keyDown","value":"î€‡"},{"type":"pause","duration":10},{"type":"keyUp","value":"î€‡"}]}]}
RESULT: {"actions":[{"id":"action90","type":"key","parameters":{},"actions":[{"type":"keyDown","value":"î€‡"},{"type":"pause","duration":10},{"type":"keyUp","value":"î€‡"}]}]}
COMMAND: GET /session/25dcfb25871b33b6fbae40ebb9612352/screenshot - {}
RESULT: {}
COMMAND: POST /session/25dcfb25871b33b6fbae40ebb9612352/execute/async - {"script":"<script> [1562 bytes]","args":[{"selector":{"controlType":"sap.m.Text","bindingPath":{"path":"/C_CostCtrValueHelp(CostCenter='10001010',ControllingArea='Z001')","propertyPath":"CostCenterName","modelName":"CostCenterModel"},"searchOpenDialogs":true},"wdio_ui5_key":"sapm.Text{\"path\":\"/C_CostCtrValueHelp(CostCenter='10001010',ControllingArea='Z001')\",\"propertyPath\":\"CostCenterName\",\"modelName\":\"CostCenterModel\"}"}]}
RESULT: {"script":"<script> [1562 bytes]","args":[{"selector":{"controlType":"sap.m.Text","bindingPath":{"path":"/C_CostCtrValueHelp(CostCenter='10001010',ControllingArea='Z001')","propertyPath":"CostCenterName","modelName":"CostCenterModel"},"searchOpenDialogs":true},"wdio_ui5_key":"sapm.Text{\"path\":\"/C_CostCtrValueHelp(CostCenter='10001010',ControllingArea='Z001')\",\"propertyPath\":\"CostCenterName\",\"modelName\":\"CostCenterModel\"}"}]}
RESULT: undefined
COMMAND: POST /session/25dcfb25871b33b6fbae40ebb9612352/element - {"using":"xpath","value":"//*[@id=\"__text291-__clone1017\"]"}
RESULT: {"using":"xpath","value":"//*[@id=\"__text291-__clone1017\"]"}
COMMAND: POST /session/25dcfb25871b33b6fbae40ebb9612352/element/f.2438752634DB01E0CA013ABFBE801384.d.B48ECFAE134929A6D3D476E30FE9B991.e.11690/click - {}
RESULT: {}
COMMAND: POST /session/25dcfb25871b33b6fbae40ebb9612352/execute/async - {"script":"<script> [1562 bytes]","args":[{"selector":{"controlType":"sap.m.Button","properties":{"text":"OK"},"searchOpenDialogs":true,"interaction":{"idSuffix":"BDI-content"}},"wdio_ui5_key":"sapm.Button{\"text\":\"OK\"}"}]}
COMMAND: GET /session/25dcfb25871b33b6fbae40ebb9612352/screenshot - {}
RESULT: {"script":"<script> [1562 bytes]","args":[{"selector":{"controlType":"sap.m.Button","properties":{"text":"OK"},"searchOpenDialogs":true,"interaction":{"idSuffix":"BDI-content"}},"wdio_ui5_key":"sapm.Button{\"text\":\"OK\"}"}]}
RESULT: undefined
COMMAND: POST /session/25dcfb25871b33b6fbae40ebb9612352/element - {"using":"xpath","value":"//*[@id=\"__dialog1-ok\"]"}
RESULT: {}
RESULT: {"using":"xpath","value":"//*[@id=\"__dialog1-ok\"]"}
COMMAND: POST /session/25dcfb25871b33b6fbae40ebb9612352/element/f.2438752634DB01E0CA013ABFBE801384.d.B48ECFAE134929A6D3D476E30FE9B991.e.11692/click - {}
RESULT: {}
COMMAND: GET /session/25dcfb25871b33b6fbae40ebb9612352/screenshot - {}
RESULT: {}
COMMAND: POST /session/25dcfb25871b33b6fbae40ebb9612352/execute/async - {"script":"<script> [1562 bytes]","args":[{"selector":{"controlType":"sap.m.Button","viewName":"etm.portal.ui.managerequests.view.NewRequest","i18NText":{"propertyName":"text","key":"save"},"searchOpenDialogs":true,"interaction":{"idSuffix":"BDI-content"}},"wdio_ui5_key":"etmportal.ui.managerequests.view.NewRequestsap.m.Button{\"propertyName\":\"text\",\"key\":\"save\"}"}]}
RESULT: {"script":"<script> [1562 bytes]","args":[{"selector":{"controlType":"sap.m.Button","viewName":"etm.portal.ui.managerequests.view.NewRequest","i18NText":{"propertyName":"text","key":"save"},"searchOpenDialogs":true,"interaction":{"idSuffix":"BDI-content"}},"wdio_ui5_key":"etmportal.ui.managerequests.view.NewRequestsap.m.Button{\"propertyName\":\"text\",\"key\":\"save\"}"}]}
RESULT: undefined
COMMAND: POST /session/25dcfb25871b33b6fbae40ebb9612352/element - {"using":"xpath","value":"//*[@id=\"__button24\"]"}
RESULT: {"using":"xpath","value":"//*[@id=\"__button24\"]"}
COMMAND: POST /session/25dcfb25871b33b6fbae40ebb9612352/element/f.2438752634DB01E0CA013ABFBE801384.d.B48ECFAE134929A6D3D476E30FE9B991.e.11696/click - {}
RESULT: {}
COMMAND: GET /session/25dcfb25871b33b6fbae40ebb9612352/screenshot - {}
RESULT: {}
COMMAND: POST /session/25dcfb25871b33b6fbae40ebb9612352/element - {"using":"xpath","value":"(//bdi[contains(text() ,\"Save\")])[1]"}
RESULT: {"using":"xpath","value":"(//bdi[contains(text() ,\"Save\")])[1]"}
COMMAND: POST /session/25dcfb25871b33b6fbae40ebb9612352/element/f.2438752634DB01E0CA013ABFBE801384.d.B48ECFAE134929A6D3D476E30FE9B991.e.11698/click - {}
RESULT: {}
COMMAND: GET /session/25dcfb25871b33b6fbae40ebb9612352/screenshot - {}
RESULT: {}
COMMAND: POST /session/25dcfb25871b33b6fbae40ebb9612352/execute/async - {"script":"<script> [1562 bytes]","args":[{"selector":{"controlType":"sap.m.Title","properties":{"text":"Success"},"searchOpenDialogs":true},"wdio_ui5_key":"sapm.Title{\"text\":\"Success\"}"}]}
RESULT: {"script":"<script> [1562 bytes]","args":[{"selector":{"controlType":"sap.m.Title","properties":{"text":"Success"},"searchOpenDialogs":true},"wdio_ui5_key":"sapm.Title{\"text\":\"Success\"}"}]}
RESULT: undefined
COMMAND: POST /session/25dcfb25871b33b6fbae40ebb9612352/execute/async - {"script":"<script> [6424 bytes]","args":[{"element-6066-11e4-a52e-4f735466cecf":"f.2438752634DB01E0CA013ABFBE801384.d.B48ECFAE134929A6D3D476E30FE9B991.e.11701"},"getText",[]]}
RESULT: {"script":"<script> [6424 bytes]","args":[{"element-6066-11e4-a52e-4f735466cecf":"f.2438752634DB01E0CA013ABFBE801384.d.B48ECFAE134929A6D3D476E30FE9B991.e.11701"},"getText",[]]}
COMMAND: POST /session/25dcfb25871b33b6fbae40ebb9612352/execute/async - {"script":"<script> [1562 bytes]","args":[{"selector":{"controlType":"sap.m.Button","properties":{"text":"Close"},"searchOpenDialogs":true,"interaction":{"idSuffix":"BDI-content"}},"wdio_ui5_key":"sapm.Button{\"text\":\"Close\"}"}]}
RESULT: {"script":"<script> [1562 bytes]","args":[{"selector":{"controlType":"sap.m.Button","properties":{"text":"Close"},"searchOpenDialogs":true,"interaction":{"idSuffix":"BDI-content"}},"wdio_ui5_key":"sapm.Button{\"text\":\"Close\"}"}]}
RESULT: undefined
COMMAND: POST /session/25dcfb25871b33b6fbae40ebb9612352/element - {"using":"xpath","value":"//*[@id=\"__mbox-btn-0\"]"}
RESULT: {"using":"xpath","value":"//*[@id=\"__mbox-btn-0\"]"}
COMMAND: POST /session/25dcfb25871b33b6fbae40ebb9612352/element/f.2438752634DB01E0CA013ABFBE801384.d.B48ECFAE134929A6D3D476E30FE9B991.e.11699/click - {}
RESULT: {}
COMMAND: GET /session/25dcfb25871b33b6fbae40ebb9612352/screenshot - {}
RESULT: {}
COMMAND: POST /session/25dcfb25871b33b6fbae40ebb9612352/execute/async - {"script":"<script> [1562 bytes]","args":[{"selector":{"controlType":"sap.m.Text","viewName":"etm.portal.ui.managerequests.view.Detail","bindingPath":{"propertyPath":"NO","modelName":"catalogModel"}},"wdio_ui5_key":"etmportal.ui.managerequests.view.Detailsap.m.Text{\"propertyPath\":\"NO\",\"modelName\":\"catalogModel\"}"}]}
RESULT: {"script":"<script> [1562 bytes]","args":[{"selector":{"controlType":"sap.m.Text","viewName":"etm.portal.ui.managerequests.view.Detail","bindingPath":{"propertyPath":"NO","modelName":"catalogModel"}},"wdio_ui5_key":"etmportal.ui.managerequests.view.Detailsap.m.Text{\"propertyPath\":\"NO\",\"modelName\":\"catalogModel\"}"}]}
RESULT: undefined
COMMAND: POST /session/25dcfb25871b33b6fbae40ebb9612352/execute/async - {"script":"<script> [6424 bytes]","args":[{"element-6066-11e4-a52e-4f735466cecf":"f.2438752634DB01E0CA013ABFBE801384.d.B48ECFAE134929A6D3D476E30FE9B991.e.11831"},"getText",[]]}
RESULT: {"script":"<script> [6424 bytes]","args":[{"element-6066-11e4-a52e-4f735466cecf":"f.2438752634DB01E0CA013ABFBE801384.d.B48ECFAE134929A6D3D476E30FE9B991.e.11831"},"getText",[]]}
COMMAND: POST /session/25dcfb25871b33b6fbae40ebb9612352/execute/async - {"script":"<script> [1562 bytes]","args":[{"selector":{"controlType":"sap.ui.core.Icon","viewName":"etm.portal.ui.managerequests.view.Detail","properties":{"src":{"regex":{"source":"date\\-time"}}},"ancestor":{"controlType":"sap.m.ColumnListItem","viewName":"etm.portal.ui.managerequests.view.Detail","bindingPath":{"path":"/SmartRequestItemsPlanningBoard(ITEM=10m,REQUEST='20268')"},"ancestor":{"id":"requestItemsTable","viewName":"etm.portal.ui.managerequests.view.Detail"}}},"wdio_ui5_key":"etmportal.ui.managerequests.view.Detailsap.ui.core.Icon{\"src\":{\"regex\":{\"source\":\"date\\\\-time\"}}}{\"controlType\":\"sap.m.ColumnListItem\",\"viewName\":\"etm.portal.ui.managerequests.view.Detail\",\"bindingPath\":{\"path\":\"/SmartRequestItemsPlanningBoard(ITEM=10m,REQUEST='20268')\"},\"ancestor\":{\"id\":\"requestItemsTable\",\"viewName\":\"etm.portal.ui.managerequests.view.Detail\"}}"}]}
RESULT: {"script":"<script> [1562 bytes]","args":[{"selector":{"controlType":"sap.ui.core.Icon","viewName":"etm.portal.ui.managerequests.view.Detail","properties":{"src":{"regex":{"source":"date\\-time"}}},"ancestor":{"controlType":"sap.m.ColumnListItem","viewName":"etm.portal.ui.managerequests.view.Detail","bindingPath":{"path":"/SmartRequestItemsPlanningBoard(ITEM=10m,REQUEST='20268')"},"ancestor":{"id":"requestItemsTable","viewName":"etm.portal.ui.managerequests.view.Detail"}}},"wdio_ui5_key":"etmportal.ui.managerequests.view.Detailsap.ui.core.Icon{\"src\":{\"regex\":{\"source\":\"date\\\\-time\"}}}{\"controlType\":\"sap.m.ColumnListItem\",\"viewName\":\"etm.portal.ui.managerequests.view.Detail\",\"bindingPath\":{\"path\":\"/SmartRequestItemsPlanningBoard(ITEM=10m,REQUEST='20268')\"},\"ancestor\":{\"id\":\"requestItemsTable\",\"viewName\":\"etm.portal.ui.managerequests.view.Detail\"}}"}]}
RESULT: undefined
COMMAND: POST /session/25dcfb25871b33b6fbae40ebb9612352/element - {"using":"xpath","value":"//*[@id=\"__button39-__clone1056-img\"]"}
RESULT: {"using":"xpath","value":"//*[@id=\"__button39-__clone1056-img\"]"}
COMMAND: POST /session/25dcfb25871b33b6fbae40ebb9612352/element/f.2438752634DB01E0CA013ABFBE801384.d.B48ECFAE134929A6D3D476E30FE9B991.e.11832/click - {}
RESULT: {}
COMMAND: POST /session/25dcfb25871b33b6fbae40ebb9612352/execute/async - {"script":"<script> [1562 bytes]","args":[{"selector":{"controlType":"sap.m.Button","viewName":"etm.portal.ui.managerequests.view.Detail","properties":{"text":"Close"},"searchOpenDialogs":true,"interaction":{"idSuffix":"BDI-content"}},"wdio_ui5_key":"etmportal.ui.managerequests.view.Detailsap.m.Button{\"text\":\"Close\"}"}]}
COMMAND: GET /session/25dcfb25871b33b6fbae40ebb9612352/screenshot - {}
RESULT: {"script":"<script> [1562 bytes]","args":[{"selector":{"controlType":"sap.m.Button","viewName":"etm.portal.ui.managerequests.view.Detail","properties":{"text":"Close"},"searchOpenDialogs":true,"interaction":{"idSuffix":"BDI-content"}},"wdio_ui5_key":"etmportal.ui.managerequests.view.Detailsap.m.Button{\"text\":\"Close\"}"}]}
RESULT: undefined
COMMAND: POST /session/25dcfb25871b33b6fbae40ebb9612352/element - {"using":"xpath","value":"//*[@id=\"__button49\"]"}
RESULT: {}
RESULT: {"using":"xpath","value":"//*[@id=\"__button49\"]"}
COMMAND: POST /session/25dcfb25871b33b6fbae40ebb9612352/element/f.2438752634DB01E0CA013ABFBE801384.d.B48ECFAE134929A6D3D476E30FE9B991.e.11835/click - {}
RESULT: {}
COMMAND: POST /session/25dcfb25871b33b6fbae40ebb9612352/refresh - {}
COMMAND: GET /session/25dcfb25871b33b6fbae40ebb9612352/screenshot - {}
RESULT: {}
COMMAND: GET /session/25dcfb25871b33b6fbae40ebb9612352/screenshot - {}
RESULT: {}
RESULT: {}
COMMAND: POST /session/25dcfb25871b33b6fbae40ebb9612352/execute/async - {"script":"<script> [189 bytes]","args":[]}
RESULT: {"script":"<script> [189 bytes]","args":[]}
COMMAND: POST /session/25dcfb25871b33b6fbae40ebb9612352/execute/async - {"script":"<script> [123 bytes]","args":[]}
RESULT: {"script":"<script> [123 bytes]","args":[]}
COMMAND: POST /session/25dcfb25871b33b6fbae40ebb9612352/timeouts - {"script":"<number>"}
RESULT: {"script":"<number>"}
COMMAND: GET /session/25dcfb25871b33b6fbae40ebb9612352/timeouts - {}
RESULT: {}
RESULT: undefined
COMMAND: POST /session/25dcfb25871b33b6fbae40ebb9612352/execute/async - {"script":"<script> [2676 bytes]","args":[]}
RESULT: {"script":"<script> [2676 bytes]","args":[]}
COMMAND: POST /session/25dcfb25871b33b6fbae40ebb9612352/execute/async - {"script":"<script> [2342 bytes]","args":[{"protocol":"http","hostname":"0.0.0.0","path":"/","capabilities":{"browserName":"chrome","goog:chromeOptions":{"binary":"C:\\Program Files\\Google\\Chrome\\Application\\chrome.exe","args":["--start-maximized"]}},"logLevel":"warn","connectionRetryTimeout":120000,"connectionRetryCount":3,"logLevels":{},"enableDirectConnect":true,"strictSSL":true,"_":"65 more keys: [\"cacheDir\",\"port\",\"requestedCapabilities\",\"automationProtocol\",\"baseUrl\",\"waitforInterval\",\"waitforTimeout\",\"onReload\",\"beforeCommand\",\"afterCommand\",\"rootDir\",\"specs\",\"suites\",\"exclude\",\"groupLogsByTestSpec\",\"excludeDriverLogs\",\"bail\",\"framework\",\"reporters\",\"services\",\"maxInstances\",\"maxInstancesPerCapability\",\"injectGlobals\",\"filesToWatch\",\"execArgv\",\"runnerEnv\",\"runner\",\"shard\",\"specFileRetries\",\"specFileRetriesDelay\",\"specFileRetriesDeferred\",\"reporterSyncInterval\",\"reporterSyncTimeout\",\"cucumberFeaturesWithLineNumbers\",\"autoCompileOpts\",\"mochaOpts\",\"jasmineOpts\",\"cucumberOpts\",\"onPrepare\",\"onWorkerStart\",\"onWorkerEnd\",\"before\",\"beforeSession\",\"beforeSuite\",\"beforeHook\",\"beforeTest\",\"afterTest\",\"afterHook\",\"afterSuite\",\"afterSession\",\"after\",\"onComplete\",\"beforeAssertion\",\"afterAssertion\",\"beforeFeature\",\"beforeScenario\",\"beforeStep\",\"afterStep\",\"afterScenario\",\"afterFeature\",\"_\",\"suite\",\"$0\",\"ignoredWorkerServices\",\"wdi5\"]"}]}
RESULT: {"script":"<script> [2342 bytes]","args":[{"protocol":"http","hostname":"0.0.0.0","path":"/","capabilities":{"browserName":"chrome","goog:chromeOptions":{"binary":"C:\\Program Files\\Google\\Chrome\\Application\\chrome.exe","args":["--start-maximized"]}},"logLevel":"warn","connectionRetryTimeout":120000,"connectionRetryCount":3,"logLevels":{},"enableDirectConnect":true,"strictSSL":true,"_":"65 more keys: [\"cacheDir\",\"port\",\"requestedCapabilities\",\"automationProtocol\",\"baseUrl\",\"waitforInterval\",\"waitforTimeout\",\"onReload\",\"beforeCommand\",\"afterCommand\",\"rootDir\",\"specs\",\"suites\",\"exclude\",\"groupLogsByTestSpec\",\"excludeDriverLogs\",\"bail\",\"framework\",\"reporters\",\"services\",\"maxInstances\",\"maxInstancesPerCapability\",\"injectGlobals\",\"filesToWatch\",\"execArgv\",\"runnerEnv\",\"runner\",\"shard\",\"specFileRetries\",\"specFileRetriesDelay\",\"specFileRetriesDeferred\",\"reporterSyncInterval\",\"reporterSyncTimeout\",\"cucumberFeaturesWithLineNumbers\",\"autoCompileOpts\",\"mochaOpts\",\"jasmineOpts\",\"cucumberOpts\",\"onPrepare\",\"onWorkerStart\",\"onWorkerEnd\",\"before\",\"beforeSession\",\"beforeSuite\",\"beforeHook\",\"beforeTest\",\"afterTest\",\"afterHook\",\"afterSuite\",\"afterSession\",\"after\",\"onComplete\",\"beforeAssertion\",\"afterAssertion\",\"beforeFeature\",\"beforeScenario\",\"beforeStep\",\"afterStep\",\"afterScenario\",\"afterFeature\",\"_\",\"suite\",\"$0\",\"ignoredWorkerServices\",\"wdi5\"]"}]}
COMMAND: POST /session/25dcfb25871b33b6fbae40ebb9612352/execute/async - {"script":"<script> [21126 bytes]","args":[35000]}
RESULT: {"script":"<script> [21126 bytes]","args":[35000]}
]]></system-out>
    </testcase>
    <testcase classname="chrome.137_0_7151_56.windows.Process_request_items_into_new_quotation_US120163" name="Should process the request into a new quotation" time="52.254">
      <system-out><![CDATA[
COMMAND: GET /session/25dcfb25871b33b6fbae40ebb9612352/window - {}
RESULT: {}
COMMAND: POST /session/25dcfb25871b33b6fbae40ebb9612352/element - {"using":"xpath","value":"//span[contains(@id ,\"detailHeaderTitle-_actionsToolbar-overflowButton-img\")]"}
RESULT: {"using":"xpath","value":"//span[contains(@id ,\"detailHeaderTitle-_actionsToolbar-overflowButton-img\")]"}
COMMAND: POST /session/25dcfb25871b33b6fbae40ebb9612352/element/f.2438752634DB01E0CA013ABFBE801384.d.AB9D658121FA3E8E81517DBC1A39C41E.e.12060/click - {}
RESULT: {}
COMMAND: GET /session/25dcfb25871b33b6fbae40ebb9612352/screenshot - {}
RESULT: {}
COMMAND: POST /session/25dcfb25871b33b6fbae40ebb9612352/element - {"using":"xpath","value":"//span[contains(@id ,\"actionsMenuButton-internalSplitBtn-arrowButton-img\")]"}
RESULT: {"using":"xpath","value":"//span[contains(@id ,\"actionsMenuButton-internalSplitBtn-arrowButton-img\")]"}
COMMAND: POST /session/25dcfb25871b33b6fbae40ebb9612352/element/f.2438752634DB01E0CA013ABFBE801384.d.AB9D658121FA3E8E81517DBC1A39C41E.e.12063/click - {}
RESULT: {}
COMMAND: GET /session/25dcfb25871b33b6fbae40ebb9612352/screenshot - {}
RESULT: {}
COMMAND: POST /session/25dcfb25871b33b6fbae40ebb9612352/actions - {"actions":[{"id":"action91","type":"key","parameters":{},"actions":[{"type":"keyDown","value":"î€•"},{"type":"pause","duration":10},{"type":"keyUp","value":"î€•"}]}]}
RESULT: {"actions":[{"id":"action91","type":"key","parameters":{},"actions":[{"type":"keyDown","value":"î€•"},{"type":"pause","duration":10},{"type":"keyUp","value":"î€•"}]}]}
COMMAND: GET /session/25dcfb25871b33b6fbae40ebb9612352/screenshot - {}
RESULT: {}
COMMAND: POST /session/25dcfb25871b33b6fbae40ebb9612352/actions - {"actions":[{"id":"action92","type":"key","parameters":{},"actions":[{"type":"keyDown","value":"î€‡"},{"type":"pause","duration":10},{"type":"keyUp","value":"î€‡"}]}]}
RESULT: {"actions":[{"id":"action92","type":"key","parameters":{},"actions":[{"type":"keyDown","value":"î€‡"},{"type":"pause","duration":10},{"type":"keyUp","value":"î€‡"}]}]}
COMMAND: GET /session/25dcfb25871b33b6fbae40ebb9612352/screenshot - {}
RESULT: {}
COMMAND: POST /session/25dcfb25871b33b6fbae40ebb9612352/actions - {"actions":[{"id":"action93","type":"key","parameters":{},"actions":[{"type":"keyDown","value":"î€‡"},{"type":"pause","duration":10},{"type":"keyUp","value":"î€‡"}]}]}
RESULT: {"actions":[{"id":"action93","type":"key","parameters":{},"actions":[{"type":"keyDown","value":"î€‡"},{"type":"pause","duration":10},{"type":"keyUp","value":"î€‡"}]}]}
COMMAND: GET /session/25dcfb25871b33b6fbae40ebb9612352/screenshot - {}
RESULT: {}
COMMAND: POST /session/25dcfb25871b33b6fbae40ebb9612352/actions - {"actions":[{"id":"action94","type":"key","parameters":{},"actions":[{"type":"keyDown","value":"î€‡"},{"type":"pause","duration":10},{"type":"keyUp","value":"î€‡"}]}]}
RESULT: {"actions":[{"id":"action94","type":"key","parameters":{},"actions":[{"type":"keyDown","value":"î€‡"},{"type":"pause","duration":10},{"type":"keyUp","value":"î€‡"}]}]}
COMMAND: GET /session/25dcfb25871b33b6fbae40ebb9612352/screenshot - {}
RESULT: {}
COMMAND: POST /session/25dcfb25871b33b6fbae40ebb9612352/actions - {"actions":[{"id":"action95","type":"key","parameters":{},"actions":[{"type":"keyDown","value":"î€‡"},{"type":"pause","duration":10},{"type":"keyUp","value":"î€‡"}]}]}
RESULT: {"actions":[{"id":"action95","type":"key","parameters":{},"actions":[{"type":"keyDown","value":"î€‡"},{"type":"pause","duration":10},{"type":"keyUp","value":"î€‡"}]}]}
COMMAND: GET /session/25dcfb25871b33b6fbae40ebb9612352/screenshot - {}
RESULT: {}
COMMAND: GET /session/25dcfb25871b33b6fbae40ebb9612352/window/handles - {}
RESULT: {}
COMMAND: GET /session/25dcfb25871b33b6fbae40ebb9612352/window/handles - {}
RESULT: {}
COMMAND: POST /session/25dcfb25871b33b6fbae40ebb9612352/window - {"handle":"A08BA51ECB4A590BDAE5D3243D6DAA99"}
RESULT: {"handle":"A08BA51ECB4A590BDAE5D3243D6DAA99"}
COMMAND: GET /session/25dcfb25871b33b6fbae40ebb9612352/url - {}
RESULT: {}
COMMAND: GET /session/25dcfb25871b33b6fbae40ebb9612352/screenshot - {}
RESULT: {}
COMMAND: POST /session/25dcfb25871b33b6fbae40ebb9612352/element - {"using":"xpath","value":"//span[contains(text(), \"Header Billing Items\")]"}
RESULT: {"using":"xpath","value":"//span[contains(text(), \"Header Billing Items\")]"}
COMMAND: POST /session/25dcfb25871b33b6fbae40ebb9612352/element/f.A08BA51ECB4A590BDAE5D3243D6DAA99.d.7E07428D9F08303FB4633C774591DDED.e.12286/click - {}
RESULT: {}
COMMAND: GET /session/25dcfb25871b33b6fbae40ebb9612352/screenshot - {}
RESULT: {}
COMMAND: POST /session/25dcfb25871b33b6fbae40ebb9612352/element - {"using":"xpath","value":"//span[contains(@id ,\"contractItemsSmartTable-header-inner\")]"}
RESULT: {"using":"xpath","value":"//span[contains(@id ,\"contractItemsSmartTable-header-inner\")]"}
COMMAND: GET /session/25dcfb25871b33b6fbae40ebb9612352/element/f.A08BA51ECB4A590BDAE5D3243D6DAA99.d.7E07428D9F08303FB4633C774591DDED.e.12288/text - {}
RESULT: {}
COMMAND: POST /session/25dcfb25871b33b6fbae40ebb9612352/element - {"using":"xpath","value":"//span[@class=\"sapMObjStatusText\"][contains(text(), \"proposed\")]"}
RESULT: {"using":"xpath","value":"//span[@class=\"sapMObjStatusText\"][contains(text(), \"proposed\")]"}
COMMAND: GET /session/25dcfb25871b33b6fbae40ebb9612352/element/f.A08BA51ECB4A590BDAE5D3243D6DAA99.d.7E07428D9F08303FB4633C774591DDED.e.12289/text - {}
RESULT: {}
COMMAND: DELETE /session/25dcfb25871b33b6fbae40ebb9612352/window - {}
RESULT: {}
COMMAND: POST /session/25dcfb25871b33b6fbae40ebb9612352/window - {"handle":"2438752634DB01E0CA013ABFBE801384"}
RESULT: {"handle":"2438752634DB01E0CA013ABFBE801384"}
COMMAND: GET /session/25dcfb25871b33b6fbae40ebb9612352/url - {}
RESULT: {}
COMMAND: GET /session/25dcfb25871b33b6fbae40ebb9612352/screenshot - {}
RESULT: {}
]]></system-out>
    </testcase>
    <testcase classname="chrome.137_0_7151_56.windows.Process_request_items_into_new_quotation_US120163" name="Should navigate back to the request and check the request and item statuses" time="32.833">
      <system-out><![CDATA[
COMMAND: POST /session/25dcfb25871b33b6fbae40ebb9612352/refresh - {}
RESULT: {}
COMMAND: GET /session/25dcfb25871b33b6fbae40ebb9612352/screenshot - {}
RESULT: {}
COMMAND: POST /session/25dcfb25871b33b6fbae40ebb9612352/execute/async - {"script":"<script> [189 bytes]","args":[]}
RESULT: {"script":"<script> [189 bytes]","args":[]}
COMMAND: POST /session/25dcfb25871b33b6fbae40ebb9612352/execute/async - {"script":"<script> [123 bytes]","args":[]}
RESULT: {"script":"<script> [123 bytes]","args":[]}
COMMAND: POST /session/25dcfb25871b33b6fbae40ebb9612352/timeouts - {"script":"<number>"}
RESULT: {"script":"<number>"}
COMMAND: GET /session/25dcfb25871b33b6fbae40ebb9612352/timeouts - {}
RESULT: {}
RESULT: undefined
COMMAND: POST /session/25dcfb25871b33b6fbae40ebb9612352/execute/async - {"script":"<script> [2676 bytes]","args":[]}
RESULT: {"script":"<script> [2676 bytes]","args":[]}
COMMAND: POST /session/25dcfb25871b33b6fbae40ebb9612352/execute/async - {"script":"<script> [2342 bytes]","args":[{"protocol":"http","hostname":"0.0.0.0","path":"/","capabilities":{"browserName":"chrome","goog:chromeOptions":{"binary":"C:\\Program Files\\Google\\Chrome\\Application\\chrome.exe","args":["--start-maximized"]}},"logLevel":"warn","connectionRetryTimeout":120000,"connectionRetryCount":3,"logLevels":{},"enableDirectConnect":true,"strictSSL":true,"_":"65 more keys: [\"cacheDir\",\"port\",\"requestedCapabilities\",\"automationProtocol\",\"baseUrl\",\"waitforInterval\",\"waitforTimeout\",\"onReload\",\"beforeCommand\",\"afterCommand\",\"rootDir\",\"specs\",\"suites\",\"exclude\",\"groupLogsByTestSpec\",\"excludeDriverLogs\",\"bail\",\"framework\",\"reporters\",\"services\",\"maxInstances\",\"maxInstancesPerCapability\",\"injectGlobals\",\"filesToWatch\",\"execArgv\",\"runnerEnv\",\"runner\",\"shard\",\"specFileRetries\",\"specFileRetriesDelay\",\"specFileRetriesDeferred\",\"reporterSyncInterval\",\"reporterSyncTimeout\",\"cucumberFeaturesWithLineNumbers\",\"autoCompileOpts\",\"mochaOpts\",\"jasmineOpts\",\"cucumberOpts\",\"onPrepare\",\"onWorkerStart\",\"onWorkerEnd\",\"before\",\"beforeSession\",\"beforeSuite\",\"beforeHook\",\"beforeTest\",\"afterTest\",\"afterHook\",\"afterSuite\",\"afterSession\",\"after\",\"onComplete\",\"beforeAssertion\",\"afterAssertion\",\"beforeFeature\",\"beforeScenario\",\"beforeStep\",\"afterStep\",\"afterScenario\",\"afterFeature\",\"_\",\"suite\",\"$0\",\"ignoredWorkerServices\",\"wdi5\"]"}]}
RESULT: {"script":"<script> [2342 bytes]","args":[{"protocol":"http","hostname":"0.0.0.0","path":"/","capabilities":{"browserName":"chrome","goog:chromeOptions":{"binary":"C:\\Program Files\\Google\\Chrome\\Application\\chrome.exe","args":["--start-maximized"]}},"logLevel":"warn","connectionRetryTimeout":120000,"connectionRetryCount":3,"logLevels":{},"enableDirectConnect":true,"strictSSL":true,"_":"65 more keys: [\"cacheDir\",\"port\",\"requestedCapabilities\",\"automationProtocol\",\"baseUrl\",\"waitforInterval\",\"waitforTimeout\",\"onReload\",\"beforeCommand\",\"afterCommand\",\"rootDir\",\"specs\",\"suites\",\"exclude\",\"groupLogsByTestSpec\",\"excludeDriverLogs\",\"bail\",\"framework\",\"reporters\",\"services\",\"maxInstances\",\"maxInstancesPerCapability\",\"injectGlobals\",\"filesToWatch\",\"execArgv\",\"runnerEnv\",\"runner\",\"shard\",\"specFileRetries\",\"specFileRetriesDelay\",\"specFileRetriesDeferred\",\"reporterSyncInterval\",\"reporterSyncTimeout\",\"cucumberFeaturesWithLineNumbers\",\"autoCompileOpts\",\"mochaOpts\",\"jasmineOpts\",\"cucumberOpts\",\"onPrepare\",\"onWorkerStart\",\"onWorkerEnd\",\"before\",\"beforeSession\",\"beforeSuite\",\"beforeHook\",\"beforeTest\",\"afterTest\",\"afterHook\",\"afterSuite\",\"afterSession\",\"after\",\"onComplete\",\"beforeAssertion\",\"afterAssertion\",\"beforeFeature\",\"beforeScenario\",\"beforeStep\",\"afterStep\",\"afterScenario\",\"afterFeature\",\"_\",\"suite\",\"$0\",\"ignoredWorkerServices\",\"wdi5\"]"}]}
COMMAND: POST /session/25dcfb25871b33b6fbae40ebb9612352/execute/async - {"script":"<script> [21126 bytes]","args":[35000]}
RESULT: {"script":"<script> [21126 bytes]","args":[35000]}
COMMAND: POST /session/25dcfb25871b33b6fbae40ebb9612352/execute/async - {"script":"<script> [1562 bytes]","args":[{"selector":{"controlType":"sap.m.Text","viewName":"etm.portal.ui.managerequests.view.Detail","bindingPath":{"path":"/SmartRequestItemsPlanningBoard(ITEM=10m,REQUEST='20268')","propertyPath":"STATUS_DESC"}},"wdio_ui5_key":"etmportal.ui.managerequests.view.Detailsap.m.Text{\"path\":\"/SmartRequestItemsPlanningBoard(ITEM=10m,REQUEST='20268')\",\"propertyPath\":\"STATUS_DESC\"}"}]}
RESULT: {"script":"<script> [1562 bytes]","args":[{"selector":{"controlType":"sap.m.Text","viewName":"etm.portal.ui.managerequests.view.Detail","bindingPath":{"path":"/SmartRequestItemsPlanningBoard(ITEM=10m,REQUEST='20268')","propertyPath":"STATUS_DESC"}},"wdio_ui5_key":"etmportal.ui.managerequests.view.Detailsap.m.Text{\"path\":\"/SmartRequestItemsPlanningBoard(ITEM=10m,REQUEST='20268')\",\"propertyPath\":\"STATUS_DESC\"}"}]}
RESULT: undefined
COMMAND: POST /session/25dcfb25871b33b6fbae40ebb9612352/execute/async - {"script":"<script> [6424 bytes]","args":[{"element-6066-11e4-a52e-4f735466cecf":"f.2438752634DB01E0CA013ABFBE801384.d.7EE88F112DF5DC448E3A2A87A041C359.e.12500"},"getText",[]]}
RESULT: {"script":"<script> [6424 bytes]","args":[{"element-6066-11e4-a52e-4f735466cecf":"f.2438752634DB01E0CA013ABFBE801384.d.7EE88F112DF5DC448E3A2A87A041C359.e.12500"},"getText",[]]}
COMMAND: POST /session/25dcfb25871b33b6fbae40ebb9612352/execute/async - {"script":"<script> [1562 bytes]","args":[{"selector":{"controlType":"sap.m.ObjectStatus","viewName":"etm.portal.ui.managerequests.view.Detail","bindingPath":{"path":"/RequestHeaders('20268')","propertyPath":"LINK_TO_STATUS/DESCRIPTION","modelName":"catalogModel"}},"wdio_ui5_key":"etmportal.ui.managerequests.view.Detailsap.m.ObjectStatus{\"path\":\"/RequestHeaders('20268')\",\"propertyPath\":\"LINK_TO_STATUS/DESCRIPTION\",\"modelName\":\"catalogModel\"}"}]}
RESULT: {"script":"<script> [1562 bytes]","args":[{"selector":{"controlType":"sap.m.ObjectStatus","viewName":"etm.portal.ui.managerequests.view.Detail","bindingPath":{"path":"/RequestHeaders('20268')","propertyPath":"LINK_TO_STATUS/DESCRIPTION","modelName":"catalogModel"}},"wdio_ui5_key":"etmportal.ui.managerequests.view.Detailsap.m.ObjectStatus{\"path\":\"/RequestHeaders('20268')\",\"propertyPath\":\"LINK_TO_STATUS/DESCRIPTION\",\"modelName\":\"catalogModel\"}"}]}
RESULT: undefined
COMMAND: POST /session/25dcfb25871b33b6fbae40ebb9612352/execute/async - {"script":"<script> [6424 bytes]","args":[{"element-6066-11e4-a52e-4f735466cecf":"f.2438752634DB01E0CA013ABFBE801384.d.7EE88F112DF5DC448E3A2A87A041C359.e.12502"},"getText",[]]}
RESULT: {"script":"<script> [6424 bytes]","args":[{"element-6066-11e4-a52e-4f735466cecf":"f.2438752634DB01E0CA013ABFBE801384.d.7EE88F112DF5DC448E3A2A87A041C359.e.12502"},"getText",[]]}
COMMAND: DELETE /session/25dcfb25871b33b6fbae40ebb9612352 - {}
RESULT: {}
]]></system-out>
    </testcase>
  </testsuite>
</testsuites>