<?xml version="1.0" encoding="UTF-8"?>
<testsuites tests="2" failures="0" errors="0" skipped="0">
  <testsuite timestamp="2025-05-15T17:26:26" time="20.849" tests="2" failures="0" errors="0" skipped="0">
    <properties>
      <property name="specId" value="0" />
      <property name="suiteName" value="Check QaLive System is up, or stop pipeline" />
      <property name="capabilities" value="chrome.136_0_7103_93.windows" />
      <property name="file" value="file:///D:/a/1/s/test/specs/TECH/check-QaLive-up.spec.js" />
    </properties>
    <testcase classname="chrome.136_0_7103_93.windows.Check_QaLive_System_is_up,_or_stop_pipeline" name="should check for errors on the home page and stop pipeline if found" time="0.084">
      <system-out><![CDATA[
COMMAND: GET /session/5e8ea2cc54f3e7b2cd00a95db26a03ce/source - {}
RESULT: {}
]]></system-out>
    </testcase>
    <testcase classname="chrome.136_0_7103_93.windows.Check_QaLive_System_is_up,_or_stop_pipeline" name="should check if the number in the specified element is greater than 0" time="0.073">
      <system-out><![CDATA[
COMMAND: POST /session/5e8ea2cc54f3e7b2cd00a95db26a03ce/element - {"using":"css selector","value":"div.sapSuiteStackedMCBarLabel"}
RESULT: {"using":"css selector","value":"div.sapSuiteStackedMCBarLabel"}
COMMAND: GET /session/5e8ea2cc54f3e7b2cd00a95db26a03ce/element/f.DF3584E7326F3E60051127EF22A4B11F.d.10723D1AB314A10626011388A80F61B8.e.112/text - {}
RESULT: {}
COMMAND: DELETE /session/5e8ea2cc54f3e7b2cd00a95db26a03ce - {}
RESULT: {}
]]></system-out>
    </testcase>
  </testsuite>
</testsuites>