<?xml version="1.0" encoding="UTF-8"?>
<testsuites tests="82" failures="20" errors="20" skipped="0">
  <testsuite timestamp="2025-05-15T08:03:23" time="694.884" tests="8" failures="0" errors="0" skipped="0">
    <properties>
      <property name="specId" value="0" />
      <property name="suiteName" value="Stock increase - with WHM US125587" />
      <property name="capabilities" value="chrome.136_0_7103_49.windows" />
      <property name="file" value="file:///D:/a/1/s/test/specs/HTR/stock-increase.spec.js" />
    </properties>
    <testcase classname="chrome.136_0_7103_49.windows.Stock_increase_-_with_WHM_US125587" name="Should create a new WHM yard" time="113.716">
      <system-out><![CDATA[
COMMAND: POST /session/7f6ec3857c10649f26842f36b7e75a4c/window/fullscreen - {}
RESULT: {}
COMMAND: POST /session/7f6ec3857c10649f26842f36b7e75a4c/execute/async - {"script":"<script> [1562 bytes]","args":[{"selector":{"controlType":"sap.m.GenericTile","properties":{"header":"Manage Yards"}},"wdio_ui5_key":"sapm.GenericTile{\"header\":\"Manage Yards\"}"}]}
RESULT: {"script":"<script> [1562 bytes]","args":[{"selector":{"controlType":"sap.m.GenericTile","properties":{"header":"Manage Yards"}},"wdio_ui5_key":"sapm.GenericTile{\"header\":\"Manage Yards\"}"}]}
RESULT: undefined
COMMAND: POST /session/7f6ec3857c10649f26842f36b7e75a4c/element - {"using":"xpath","value":"//*[@id=\"__tile41\"]"}
RESULT: {"using":"xpath","value":"//*[@id=\"__tile41\"]"}
COMMAND: POST /session/7f6ec3857c10649f26842f36b7e75a4c/element/f.4BE7CB3E9946CAC77AC1BA1FEFE24C33.d.35D69E8BEE7571125DE1ABCE92C451C4.e.128/click - {}
RESULT: {}
COMMAND: GET /session/7f6ec3857c10649f26842f36b7e75a4c/screenshot - {}
RESULT: {}
COMMAND: POST /session/7f6ec3857c10649f26842f36b7e75a4c/elements - {"using":"xpath","value":"//span[text()='Error']"}
RESULT: {"using":"xpath","value":"//span[text()='Error']"}
COMMAND: POST /session/7f6ec3857c10649f26842f36b7e75a4c/element - {"using":"xpath","value":"//button[@data-kt=\"addNewYardOverflowToolbarButton\"]"}
RESULT: {"using":"xpath","value":"//button[@data-kt=\"addNewYardOverflowToolbarButton\"]"}
COMMAND: POST /session/7f6ec3857c10649f26842f36b7e75a4c/elements - {"using":"xpath","value":"//button[@data-kt=\"addNewYardOverflowToolbarButton\"]"}
RESULT: {"using":"xpath","value":"//button[@data-kt=\"addNewYardOverflowToolbarButton\"]"}
COMMAND: POST /session/7f6ec3857c10649f26842f36b7e75a4c/execute/sync - {"script":"<script> [8489 bytes]","args":[{"element-6066-11e4-a52e-4f735466cecf":"f.4BE7CB3E9946CAC77AC1BA1FEFE24C33.d.35D69E8BEE7571125DE1ABCE92C451C4.e.261","ELEMENT":"f.4BE7CB3E9946CAC77AC1BA1FEFE24C33.d.35D69E8BEE7571125DE1ABCE92C451C4.e.261"}]}
RESULT: {"script":"<script> [8489 bytes]","args":[{"element-6066-11e4-a52e-4f735466cecf":"f.4BE7CB3E9946CAC77AC1BA1FEFE24C33.d.35D69E8BEE7571125DE1ABCE92C451C4.e.261","ELEMENT":"f.4BE7CB3E9946CAC77AC1BA1FEFE24C33.d.35D69E8BEE7571125DE1ABCE92C451C4.e.261"}]}
COMMAND: GET /session/7f6ec3857c10649f26842f36b7e75a4c/element/f.4BE7CB3E9946CAC77AC1BA1FEFE24C33.d.35D69E8BEE7571125DE1ABCE92C451C4.e.261/enabled - {}
COMMAND: GET /session/7f6ec3857c10649f26842f36b7e75a4c/screenshot - {}
RESULT: {}
COMMAND: POST /session/7f6ec3857c10649f26842f36b7e75a4c/execute/sync - {"script":"<script> [8489 bytes]","args":[{"element-6066-11e4-a52e-4f735466cecf":"f.4BE7CB3E9946CAC77AC1BA1FEFE24C33.d.35D69E8BEE7571125DE1ABCE92C451C4.e.261","ELEMENT":"f.4BE7CB3E9946CAC77AC1BA1FEFE24C33.d.35D69E8BEE7571125DE1ABCE92C451C4.e.261"}]}
COMMAND: GET /session/7f6ec3857c10649f26842f36b7e75a4c/screenshot - {}
RESULT: {}
RESULT: {"script":"<script> [8489 bytes]","args":[{"element-6066-11e4-a52e-4f735466cecf":"f.4BE7CB3E9946CAC77AC1BA1FEFE24C33.d.35D69E8BEE7571125DE1ABCE92C451C4.e.261","ELEMENT":"f.4BE7CB3E9946CAC77AC1BA1FEFE24C33.d.35D69E8BEE7571125DE1ABCE92C451C4.e.261"}]}
COMMAND: POST /session/7f6ec3857c10649f26842f36b7e75a4c/execute/sync - {"script":"<script> [5351 bytes]","args":[{"element-6066-11e4-a52e-4f735466cecf":"f.4BE7CB3E9946CAC77AC1BA1FEFE24C33.d.35D69E8BEE7571125DE1ABCE92C451C4.e.261","ELEMENT":"f.4BE7CB3E9946CAC77AC1BA1FEFE24C33.d.35D69E8BEE7571125DE1ABCE92C451C4.e.261"}]}
COMMAND: GET /session/7f6ec3857c10649f26842f36b7e75a4c/screenshot - {}
RESULT: {}
RESULT: {"script":"<script> [5351 bytes]","args":[{"element-6066-11e4-a52e-4f735466cecf":"f.4BE7CB3E9946CAC77AC1BA1FEFE24C33.d.35D69E8BEE7571125DE1ABCE92C451C4.e.261","ELEMENT":"f.4BE7CB3E9946CAC77AC1BA1FEFE24C33.d.35D69E8BEE7571125DE1ABCE92C451C4.e.261"}]}
COMMAND: POST /session/7f6ec3857c10649f26842f36b7e75a4c/element/f.4BE7CB3E9946CAC77AC1BA1FEFE24C33.d.35D69E8BEE7571125DE1ABCE92C451C4.e.261/click - {}
COMMAND: GET /session/7f6ec3857c10649f26842f36b7e75a4c/screenshot - {}
RESULT: {}
RESULT: {}
COMMAND: GET /session/7f6ec3857c10649f26842f36b7e75a4c/screenshot - {}
RESULT: {}
RESULT: {}
COMMAND: POST /session/7f6ec3857c10649f26842f36b7e75a4c/element - {"using":"xpath","value":"//input[@id=\"application-manageyards-display-component---NewYard--yardId-inner\"]"}
RESULT: {"using":"xpath","value":"//input[@id=\"application-manageyards-display-component---NewYard--yardId-inner\"]"}
COMMAND: POST /session/7f6ec3857c10649f26842f36b7e75a4c/element - {"using":"xpath","value":"//input[@id=\"application-manageyards-display-component---NewYard--yardId-inner\"]"}
RESULT: {"using":"xpath","value":"//input[@id=\"application-manageyards-display-component---NewYard--yardId-inner\"]"}
COMMAND: POST /session/7f6ec3857c10649f26842f36b7e75a4c/execute/async - {"script":"<script> [1562 bytes]","args":[{"selector":{"id":"application-manageyards-display-component---NewYard--addressDetailDetailsName1","interaction":{"idSuffix":"inner"}},"wdio_ui5_key":"applicationmanageyards-display-component---NewYard--addressDetailDetailsName1"}]}
RESULT: {"script":"<script> [1562 bytes]","args":[{"selector":{"id":"application-manageyards-display-component---NewYard--addressDetailDetailsName1","interaction":{"idSuffix":"inner"}},"wdio_ui5_key":"applicationmanageyards-display-component---NewYard--addressDetailDetailsName1"}]}
RESULT: undefined
COMMAND: POST /session/7f6ec3857c10649f26842f36b7e75a4c/execute/async - {"script":"<script> [776 bytes]","args":[{"enterText":"Warehouse Managed WDIO","selector":{"id":"application-manageyards-display-component---NewYard--addressDetailDetailsName1","interaction":{"idSuffix":"inner"}},"clearTextFirst":true,"interactionType":"ENTER_TEXT"}]}
RESULT: {"script":"<script> [776 bytes]","args":[{"enterText":"Warehouse Managed WDIO","selector":{"id":"application-manageyards-display-component---NewYard--addressDetailDetailsName1","interaction":{"idSuffix":"inner"}},"clearTextFirst":true,"interactionType":"ENTER_TEXT"}]}
COMMAND: POST /session/7f6ec3857c10649f26842f36b7e75a4c/execute/async - {"script":"<script> [1562 bytes]","args":[{"selector":{"id":"application-manageyards-display-component---NewYard--addressDetailDetailsLanguage-arrow"},"wdio_ui5_key":"applicationmanageyards-display-component---NewYard--addressDetailDetailsLanguage-arrow"}]}
RESULT: {"script":"<script> [1562 bytes]","args":[{"selector":{"id":"application-manageyards-display-component---NewYard--addressDetailDetailsLanguage-arrow"},"wdio_ui5_key":"applicationmanageyards-display-component---NewYard--addressDetailDetailsLanguage-arrow"}]}
RESULT: undefined
COMMAND: POST /session/7f6ec3857c10649f26842f36b7e75a4c/element - {"using":"xpath","value":"//*[@id=\"application-manageyards-display-component---NewYard--addressDetailDetailsLanguage-arrow\"]"}
RESULT: {"using":"xpath","value":"//*[@id=\"application-manageyards-display-component---NewYard--addressDetailDetailsLanguage-arrow\"]"}
COMMAND: POST /session/7f6ec3857c10649f26842f36b7e75a4c/element/f.4BE7CB3E9946CAC77AC1BA1FEFE24C33.d.35D69E8BEE7571125DE1ABCE92C451C4.e.693/click - {}
RESULT: {}
COMMAND: POST /session/7f6ec3857c10649f26842f36b7e75a4c/element - {"using":"xpath","value":"//span[contains(text(), \"English\")]"}
COMMAND: GET /session/7f6ec3857c10649f26842f36b7e75a4c/screenshot - {}
RESULT: {"using":"xpath","value":"//span[contains(text(), \"English\")]"}
COMMAND: POST /session/7f6ec3857c10649f26842f36b7e75a4c/element/f.4BE7CB3E9946CAC77AC1BA1FEFE24C33.d.35D69E8BEE7571125DE1ABCE92C451C4.e.694/click - {}
RESULT: {}
RESULT: {}
COMMAND: POST /session/7f6ec3857c10649f26842f36b7e75a4c/execute/async - {"script":"<script> [1562 bytes]","args":[{"selector":{"id":"application-manageyards-display-component---NewYard--addressDetailDetailsCity1","interaction":{"idSuffix":"inner"}},"wdio_ui5_key":"applicationmanageyards-display-component---NewYard--addressDetailDetailsCity1"}]}
COMMAND: GET /session/7f6ec3857c10649f26842f36b7e75a4c/screenshot - {}
RESULT: {"script":"<script> [1562 bytes]","args":[{"selector":{"id":"application-manageyards-display-component---NewYard--addressDetailDetailsCity1","interaction":{"idSuffix":"inner"}},"wdio_ui5_key":"applicationmanageyards-display-component---NewYard--addressDetailDetailsCity1"}]}
RESULT: undefined
COMMAND: POST /session/7f6ec3857c10649f26842f36b7e75a4c/execute/async - {"script":"<script> [776 bytes]","args":[{"enterText":"Rosario","selector":{"id":"application-manageyards-display-component---NewYard--addressDetailDetailsCity1","interaction":{"idSuffix":"inner"}},"clearTextFirst":true,"interactionType":"ENTER_TEXT"}]}
RESULT: {}
RESULT: {"script":"<script> [776 bytes]","args":[{"enterText":"Rosario","selector":{"id":"application-manageyards-display-component---NewYard--addressDetailDetailsCity1","interaction":{"idSuffix":"inner"}},"clearTextFirst":true,"interactionType":"ENTER_TEXT"}]}
COMMAND: POST /session/7f6ec3857c10649f26842f36b7e75a4c/execute/async - {"script":"<script> [1562 bytes]","args":[{"selector":{"id":"application-manageyards-display-component---NewYard--addressDetailDetailsCountry-arrow"},"wdio_ui5_key":"applicationmanageyards-display-component---NewYard--addressDetailDetailsCountry-arrow"}]}
RESULT: {"script":"<script> [1562 bytes]","args":[{"selector":{"id":"application-manageyards-display-component---NewYard--addressDetailDetailsCountry-arrow"},"wdio_ui5_key":"applicationmanageyards-display-component---NewYard--addressDetailDetailsCountry-arrow"}]}
RESULT: undefined
COMMAND: POST /session/7f6ec3857c10649f26842f36b7e75a4c/element - {"using":"xpath","value":"//*[@id=\"application-manageyards-display-component---NewYard--addressDetailDetailsCountry-arrow\"]"}
RESULT: {"using":"xpath","value":"//*[@id=\"application-manageyards-display-component---NewYard--addressDetailDetailsCountry-arrow\"]"}
COMMAND: POST /session/7f6ec3857c10649f26842f36b7e75a4c/element/f.4BE7CB3E9946CAC77AC1BA1FEFE24C33.d.35D69E8BEE7571125DE1ABCE92C451C4.e.696/click - {}
RESULT: {}
COMMAND: POST /session/7f6ec3857c10649f26842f36b7e75a4c/element - {"using":"xpath","value":"//span[contains(text(), \"Argentina\")]"}
COMMAND: GET /session/7f6ec3857c10649f26842f36b7e75a4c/screenshot - {}
RESULT: {"using":"xpath","value":"//span[contains(text(), \"Argentina\")]"}
COMMAND: POST /session/7f6ec3857c10649f26842f36b7e75a4c/element/f.4BE7CB3E9946CAC77AC1BA1FEFE24C33.d.35D69E8BEE7571125DE1ABCE92C451C4.e.698/click - {}
RESULT: {}
RESULT: {}
COMMAND: POST /session/7f6ec3857c10649f26842f36b7e75a4c/execute/async - {"script":"<script> [1562 bytes]","args":[{"selector":{"id":"application-manageyards-display-component---NewYard--addressEditDetailsCostObjectCstType-arrow"},"wdio_ui5_key":"applicationmanageyards-display-component---NewYard--addressEditDetailsCostObjectCstType-arrow"}]}
COMMAND: GET /session/7f6ec3857c10649f26842f36b7e75a4c/screenshot - {}
RESULT: {"script":"<script> [1562 bytes]","args":[{"selector":{"id":"application-manageyards-display-component---NewYard--addressEditDetailsCostObjectCstType-arrow"},"wdio_ui5_key":"applicationmanageyards-display-component---NewYard--addressEditDetailsCostObjectCstType-arrow"}]}
RESULT: undefined
COMMAND: POST /session/7f6ec3857c10649f26842f36b7e75a4c/element - {"using":"xpath","value":"//*[@id=\"application-manageyards-display-component---NewYard--addressEditDetailsCostObjectCstType-arrow\"]"}
RESULT: {}
RESULT: {"using":"xpath","value":"//*[@id=\"application-manageyards-display-component---NewYard--addressEditDetailsCostObjectCstType-arrow\"]"}
COMMAND: POST /session/7f6ec3857c10649f26842f36b7e75a4c/element/f.4BE7CB3E9946CAC77AC1BA1FEFE24C33.d.35D69E8BEE7571125DE1ABCE92C451C4.e.699/click - {}
RESULT: {}
COMMAND: POST /session/7f6ec3857c10649f26842f36b7e75a4c/element - {"using":"xpath","value":"//span[contains(text(), \"Cost Center\")]"}
COMMAND: GET /session/7f6ec3857c10649f26842f36b7e75a4c/screenshot - {}
RESULT: {"using":"xpath","value":"//span[contains(text(), \"Cost Center\")]"}
COMMAND: POST /session/7f6ec3857c10649f26842f36b7e75a4c/element/f.4BE7CB3E9946CAC77AC1BA1FEFE24C33.d.35D69E8BEE7571125DE1ABCE92C451C4.e.700/click - {}
RESULT: {}
RESULT: {}
COMMAND: GET /session/7f6ec3857c10649f26842f36b7e75a4c/screenshot - {}
RESULT: {}
COMMAND: POST /session/7f6ec3857c10649f26842f36b7e75a4c/element - {"using":"xpath","value":"//span[@id=\"application-manageyards-display-component---NewYard--addressNewCostObjectCstID-vhi\"]"}
RESULT: {"using":"xpath","value":"//span[@id=\"application-manageyards-display-component---NewYard--addressNewCostObjectCstID-vhi\"]"}
COMMAND: POST /session/7f6ec3857c10649f26842f36b7e75a4c/execute/sync - {"script":"<script> [8489 bytes]","args":[{"element-6066-11e4-a52e-4f735466cecf":"f.4BE7CB3E9946CAC77AC1BA1FEFE24C33.d.35D69E8BEE7571125DE1ABCE92C451C4.e.704","ELEMENT":"f.4BE7CB3E9946CAC77AC1BA1FEFE24C33.d.35D69E8BEE7571125DE1ABCE92C451C4.e.704"}]}
RESULT: {"script":"<script> [8489 bytes]","args":[{"element-6066-11e4-a52e-4f735466cecf":"f.4BE7CB3E9946CAC77AC1BA1FEFE24C33.d.35D69E8BEE7571125DE1ABCE92C451C4.e.704","ELEMENT":"f.4BE7CB3E9946CAC77AC1BA1FEFE24C33.d.35D69E8BEE7571125DE1ABCE92C451C4.e.704"}]}
COMMAND: POST /session/7f6ec3857c10649f26842f36b7e75a4c/execute/async - {"script":"<script> [1562 bytes]","args":[{"selector":{"id":"application-manageyards-display-component---NewYard--addressNewCostObjectCstID-vhi"},"wdio_ui5_key":"applicationmanageyards-display-component---NewYard--addressNewCostObjectCstID-vhi"}]}
COMMAND: GET /session/7f6ec3857c10649f26842f36b7e75a4c/screenshot - {}
RESULT: {"script":"<script> [1562 bytes]","args":[{"selector":{"id":"application-manageyards-display-component---NewYard--addressNewCostObjectCstID-vhi"},"wdio_ui5_key":"applicationmanageyards-display-component---NewYard--addressNewCostObjectCstID-vhi"}]}
RESULT: undefined
COMMAND: POST /session/7f6ec3857c10649f26842f36b7e75a4c/element - {"using":"xpath","value":"//*[@id=\"application-manageyards-display-component---NewYard--addressNewCostObjectCstID-vhi\"]"}
RESULT: {}
RESULT: {"using":"xpath","value":"//*[@id=\"application-manageyards-display-component---NewYard--addressNewCostObjectCstID-vhi\"]"}
COMMAND: POST /session/7f6ec3857c10649f26842f36b7e75a4c/element/f.4BE7CB3E9946CAC77AC1BA1FEFE24C33.d.35D69E8BEE7571125DE1ABCE92C451C4.e.704/click - {}
RESULT: {}
COMMAND: GET /session/7f6ec3857c10649f26842f36b7e75a4c/screenshot - {}
RESULT: {}
COMMAND: POST /session/7f6ec3857c10649f26842f36b7e75a4c/execute/async - {"script":"<script> [1562 bytes]","args":[{"selector":{"controlType":"sap.m.SearchField","properties":{"placeholder":"Search"},"searchOpenDialogs":true,"interaction":{"idSuffix":"I"}},"wdio_ui5_key":"sapm.SearchField{\"placeholder\":\"Search\"}"}]}
RESULT: {"script":"<script> [1562 bytes]","args":[{"selector":{"controlType":"sap.m.SearchField","properties":{"placeholder":"Search"},"searchOpenDialogs":true,"interaction":{"idSuffix":"I"}},"wdio_ui5_key":"sapm.SearchField{\"placeholder\":\"Search\"}"}]}
RESULT: undefined
COMMAND: POST /session/7f6ec3857c10649f26842f36b7e75a4c/execute/async - {"script":"<script> [776 bytes]","args":[{"enterText":"bauh_b","selector":{"controlType":"sap.m.SearchField","properties":{"placeholder":"Search"},"searchOpenDialogs":true,"interaction":{"idSuffix":"I"}},"clearTextFirst":true,"interactionType":"ENTER_TEXT"}]}
RESULT: {"script":"<script> [776 bytes]","args":[{"enterText":"bauh_b","selector":{"controlType":"sap.m.SearchField","properties":{"placeholder":"Search"},"searchOpenDialogs":true,"interaction":{"idSuffix":"I"}},"clearTextFirst":true,"interactionType":"ENTER_TEXT"}]}
COMMAND: POST /session/7f6ec3857c10649f26842f36b7e75a4c/actions - {"actions":[{"id":"action1","type":"key","parameters":{},"actions":[{"type":"keyDown","value":"î€‡"},{"type":"pause","duration":10},{"type":"keyUp","value":"î€‡"}]}]}
RESULT: {"actions":[{"id":"action1","type":"key","parameters":{},"actions":[{"type":"keyDown","value":"î€‡"},{"type":"pause","duration":10},{"type":"keyUp","value":"î€‡"}]}]}
COMMAND: GET /session/7f6ec3857c10649f26842f36b7e75a4c/screenshot - {}
RESULT: {}
COMMAND: POST /session/7f6ec3857c10649f26842f36b7e75a4c/element - {"using":"xpath","value":"//span[contains(text(), \"Demo Yard\")]"}
RESULT: {"using":"xpath","value":"//span[contains(text(), \"Demo Yard\")]"}
COMMAND: POST /session/7f6ec3857c10649f26842f36b7e75a4c/element/f.4BE7CB3E9946CAC77AC1BA1FEFE24C33.d.35D69E8BEE7571125DE1ABCE92C451C4.e.744/click - {}
RESULT: {}
COMMAND: GET /session/7f6ec3857c10649f26842f36b7e75a4c/screenshot - {}
RESULT: {}
COMMAND: POST /session/7f6ec3857c10649f26842f36b7e75a4c/element - {"using":"xpath","value":"//bdi[contains(text(), \"OK\")]"}
RESULT: {"using":"xpath","value":"//bdi[contains(text(), \"OK\")]"}
COMMAND: POST /session/7f6ec3857c10649f26842f36b7e75a4c/element/f.4BE7CB3E9946CAC77AC1BA1FEFE24C33.d.35D69E8BEE7571125DE1ABCE92C451C4.e.745/click - {}
RESULT: {}
COMMAND: GET /session/7f6ec3857c10649f26842f36b7e75a4c/screenshot - {}
RESULT: {}
COMMAND: POST /session/7f6ec3857c10649f26842f36b7e75a4c/execute/async - {"script":"<script> [1562 bytes]","args":[{"selector":{"id":"application-manageyards-display-component---NewYard--addressEditDetailsCurrency-arrow"},"wdio_ui5_key":"applicationmanageyards-display-component---NewYard--addressEditDetailsCurrency-arrow"}]}
RESULT: {"script":"<script> [1562 bytes]","args":[{"selector":{"id":"application-manageyards-display-component---NewYard--addressEditDetailsCurrency-arrow"},"wdio_ui5_key":"applicationmanageyards-display-component---NewYard--addressEditDetailsCurrency-arrow"}]}
RESULT: undefined
COMMAND: POST /session/7f6ec3857c10649f26842f36b7e75a4c/element - {"using":"xpath","value":"//*[@id=\"application-manageyards-display-component---NewYard--addressEditDetailsCurrency-arrow\"]"}
RESULT: {"using":"xpath","value":"//*[@id=\"application-manageyards-display-component---NewYard--addressEditDetailsCurrency-arrow\"]"}
COMMAND: POST /session/7f6ec3857c10649f26842f36b7e75a4c/element/f.4BE7CB3E9946CAC77AC1BA1FEFE24C33.d.35D69E8BEE7571125DE1ABCE92C451C4.e.748/click - {}
RESULT: {}
COMMAND: POST /session/7f6ec3857c10649f26842f36b7e75a4c/element - {"using":"xpath","value":"//span[contains(text(), \"Euro\")]"}
COMMAND: GET /session/7f6ec3857c10649f26842f36b7e75a4c/screenshot - {}
RESULT: {"using":"xpath","value":"//span[contains(text(), \"Euro\")]"}
COMMAND: POST /session/7f6ec3857c10649f26842f36b7e75a4c/element/f.4BE7CB3E9946CAC77AC1BA1FEFE24C33.d.35D69E8BEE7571125DE1ABCE92C451C4.e.749/click - {}
RESULT: {}
RESULT: {}
COMMAND: POST /session/7f6ec3857c10649f26842f36b7e75a4c/execute/async - {"script":"<script> [1562 bytes]","args":[{"selector":{"controlType":"sap.m.Input","viewName":"etm.portal.ui.manageyards.view.New","viewId":"application-manageyards-display-component---NewYard","bindingPath":{"path":"","propertyPath":"/CONTROLLING_AREA","modelName":"NewYardModel"},"interaction":{"idSuffix":"inner"}},"wdio_ui5_key":"etmportal.ui.manageyards.view.Newsap.m.Input{\"path\":\"\",\"propertyPath\":\"/CONTROLLING_AREA\",\"modelName\":\"NewYardModel\"}"}]}
COMMAND: GET /session/7f6ec3857c10649f26842f36b7e75a4c/screenshot - {}
RESULT: {"script":"<script> [1562 bytes]","args":[{"selector":{"controlType":"sap.m.Input","viewName":"etm.portal.ui.manageyards.view.New","viewId":"application-manageyards-display-component---NewYard","bindingPath":{"path":"","propertyPath":"/CONTROLLING_AREA","modelName":"NewYardModel"},"interaction":{"idSuffix":"inner"}},"wdio_ui5_key":"etmportal.ui.manageyards.view.Newsap.m.Input{\"path\":\"\",\"propertyPath\":\"/CONTROLLING_AREA\",\"modelName\":\"NewYardModel\"}"}]}
RESULT: undefined
COMMAND: POST /session/7f6ec3857c10649f26842f36b7e75a4c/execute/async - {"script":"<script> [776 bytes]","args":[{"enterText":"Z001","selector":{"controlType":"sap.m.Input","viewName":"etm.portal.ui.manageyards.view.New","viewId":"application-manageyards-display-component---NewYard","bindingPath":{"path":"","propertyPath":"/CONTROLLING_AREA","modelName":"NewYardModel"},"interaction":{"idSuffix":"inner"}},"clearTextFirst":true,"interactionType":"ENTER_TEXT"}]}
RESULT: {}
RESULT: {"script":"<script> [776 bytes]","args":[{"enterText":"Z001","selector":{"controlType":"sap.m.Input","viewName":"etm.portal.ui.manageyards.view.New","viewId":"application-manageyards-display-component---NewYard","bindingPath":{"path":"","propertyPath":"/CONTROLLING_AREA","modelName":"NewYardModel"},"interaction":{"idSuffix":"inner"}},"clearTextFirst":true,"interactionType":"ENTER_TEXT"}]}
COMMAND: POST /session/7f6ec3857c10649f26842f36b7e75a4c/execute/async - {"script":"<script> [1562 bytes]","args":[{"selector":{"id":"application-manageyards-display-component---NewYard--companyCodeComboBox","interaction":{"idSuffix":"inner"}},"wdio_ui5_key":"applicationmanageyards-display-component---NewYard--companyCodeComboBox"}]}
RESULT: {"script":"<script> [1562 bytes]","args":[{"selector":{"id":"application-manageyards-display-component---NewYard--companyCodeComboBox","interaction":{"idSuffix":"inner"}},"wdio_ui5_key":"applicationmanageyards-display-component---NewYard--companyCodeComboBox"}]}
RESULT: undefined
COMMAND: POST /session/7f6ec3857c10649f26842f36b7e75a4c/execute/async - {"script":"<script> [776 bytes]","args":[{"enterText":"1000","selector":{"id":"application-manageyards-display-component---NewYard--companyCodeComboBox","interaction":{"idSuffix":"inner"}},"clearTextFirst":true,"interactionType":"ENTER_TEXT"}]}
RESULT: {"script":"<script> [776 bytes]","args":[{"enterText":"1000","selector":{"id":"application-manageyards-display-component---NewYard--companyCodeComboBox","interaction":{"idSuffix":"inner"}},"clearTextFirst":true,"interactionType":"ENTER_TEXT"}]}
COMMAND: POST /session/7f6ec3857c10649f26842f36b7e75a4c/execute/async - {"script":"<script> [1562 bytes]","args":[{"selector":{"controlType":"sap.m.Input","viewName":"etm.portal.ui.manageyards.view.New","viewId":"application-manageyards-display-component---NewYard","bindingPath":{"path":"","propertyPath":"/PLANT","modelName":"NewYardModel"},"interaction":{"idSuffix":"inner"}},"wdio_ui5_key":"etmportal.ui.manageyards.view.Newsap.m.Input{\"path\":\"\",\"propertyPath\":\"/PLANT\",\"modelName\":\"NewYardModel\"}"}]}
RESULT: {"script":"<script> [1562 bytes]","args":[{"selector":{"controlType":"sap.m.Input","viewName":"etm.portal.ui.manageyards.view.New","viewId":"application-manageyards-display-component---NewYard","bindingPath":{"path":"","propertyPath":"/PLANT","modelName":"NewYardModel"},"interaction":{"idSuffix":"inner"}},"wdio_ui5_key":"etmportal.ui.manageyards.view.Newsap.m.Input{\"path\":\"\",\"propertyPath\":\"/PLANT\",\"modelName\":\"NewYardModel\"}"}]}
RESULT: undefined
COMMAND: POST /session/7f6ec3857c10649f26842f36b7e75a4c/execute/async - {"script":"<script> [776 bytes]","args":[{"enterText":"1001","selector":{"controlType":"sap.m.Input","viewName":"etm.portal.ui.manageyards.view.New","viewId":"application-manageyards-display-component---NewYard","bindingPath":{"path":"","propertyPath":"/PLANT","modelName":"NewYardModel"},"interaction":{"idSuffix":"inner"}},"clearTextFirst":true,"interactionType":"ENTER_TEXT"}]}
RESULT: {"script":"<script> [776 bytes]","args":[{"enterText":"1001","selector":{"controlType":"sap.m.Input","viewName":"etm.portal.ui.manageyards.view.New","viewId":"application-manageyards-display-component---NewYard","bindingPath":{"path":"","propertyPath":"/PLANT","modelName":"NewYardModel"},"interaction":{"idSuffix":"inner"}},"clearTextFirst":true,"interactionType":"ENTER_TEXT"}]}
COMMAND: POST /session/7f6ec3857c10649f26842f36b7e75a4c/execute/async - {"script":"<script> [1562 bytes]","args":[{"selector":{"controlType":"sap.m.Input","viewName":"etm.portal.ui.manageyards.view.New","viewId":"application-manageyards-display-component---NewYard","bindingPath":{"path":"","propertyPath":"/SALES_AREA_VKORG","modelName":"NewYardModel"},"interaction":{"idSuffix":"inner"}},"wdio_ui5_key":"etmportal.ui.manageyards.view.Newsap.m.Input{\"path\":\"\",\"propertyPath\":\"/SALES_AREA_VKORG\",\"modelName\":\"NewYardModel\"}"}]}
RESULT: {"script":"<script> [1562 bytes]","args":[{"selector":{"controlType":"sap.m.Input","viewName":"etm.portal.ui.manageyards.view.New","viewId":"application-manageyards-display-component---NewYard","bindingPath":{"path":"","propertyPath":"/SALES_AREA_VKORG","modelName":"NewYardModel"},"interaction":{"idSuffix":"inner"}},"wdio_ui5_key":"etmportal.ui.manageyards.view.Newsap.m.Input{\"path\":\"\",\"propertyPath\":\"/SALES_AREA_VKORG\",\"modelName\":\"NewYardModel\"}"}]}
RESULT: undefined
COMMAND: POST /session/7f6ec3857c10649f26842f36b7e75a4c/execute/async - {"script":"<script> [776 bytes]","args":[{"enterText":"C002","selector":{"controlType":"sap.m.Input","viewName":"etm.portal.ui.manageyards.view.New","viewId":"application-manageyards-display-component---NewYard","bindingPath":{"path":"","propertyPath":"/SALES_AREA_VKORG","modelName":"NewYardModel"},"interaction":{"idSuffix":"inner"}},"clearTextFirst":true,"interactionType":"ENTER_TEXT"}]}
RESULT: {"script":"<script> [776 bytes]","args":[{"enterText":"C002","selector":{"controlType":"sap.m.Input","viewName":"etm.portal.ui.manageyards.view.New","viewId":"application-manageyards-display-component---NewYard","bindingPath":{"path":"","propertyPath":"/SALES_AREA_VKORG","modelName":"NewYardModel"},"interaction":{"idSuffix":"inner"}},"clearTextFirst":true,"interactionType":"ENTER_TEXT"}]}
COMMAND: POST /session/7f6ec3857c10649f26842f36b7e75a4c/execute/async - {"script":"<script> [1562 bytes]","args":[{"selector":{"controlType":"sap.m.Input","viewName":"etm.portal.ui.manageyards.view.New","viewId":"application-manageyards-display-component---NewYard","bindingPath":{"path":"","propertyPath":"/SALES_AREA_VTWEG","modelName":"NewYardModel"},"interaction":{"idSuffix":"inner"}},"wdio_ui5_key":"etmportal.ui.manageyards.view.Newsap.m.Input{\"path\":\"\",\"propertyPath\":\"/SALES_AREA_VTWEG\",\"modelName\":\"NewYardModel\"}"}]}
RESULT: {"script":"<script> [1562 bytes]","args":[{"selector":{"controlType":"sap.m.Input","viewName":"etm.portal.ui.manageyards.view.New","viewId":"application-manageyards-display-component---NewYard","bindingPath":{"path":"","propertyPath":"/SALES_AREA_VTWEG","modelName":"NewYardModel"},"interaction":{"idSuffix":"inner"}},"wdio_ui5_key":"etmportal.ui.manageyards.view.Newsap.m.Input{\"path\":\"\",\"propertyPath\":\"/SALES_AREA_VTWEG\",\"modelName\":\"NewYardModel\"}"}]}
RESULT: undefined
COMMAND: POST /session/7f6ec3857c10649f26842f36b7e75a4c/execute/async - {"script":"<script> [776 bytes]","args":[{"enterText":"C2","selector":{"controlType":"sap.m.Input","viewName":"etm.portal.ui.manageyards.view.New","viewId":"application-manageyards-display-component---NewYard","bindingPath":{"path":"","propertyPath":"/SALES_AREA_VTWEG","modelName":"NewYardModel"},"interaction":{"idSuffix":"inner"}},"clearTextFirst":true,"interactionType":"ENTER_TEXT"}]}
RESULT: {"script":"<script> [776 bytes]","args":[{"enterText":"C2","selector":{"controlType":"sap.m.Input","viewName":"etm.portal.ui.manageyards.view.New","viewId":"application-manageyards-display-component---NewYard","bindingPath":{"path":"","propertyPath":"/SALES_AREA_VTWEG","modelName":"NewYardModel"},"interaction":{"idSuffix":"inner"}},"clearTextFirst":true,"interactionType":"ENTER_TEXT"}]}
COMMAND: POST /session/7f6ec3857c10649f26842f36b7e75a4c/execute/async - {"script":"<script> [1562 bytes]","args":[{"selector":{"controlType":"sap.m.Input","viewName":"etm.portal.ui.manageyards.view.New","viewId":"application-manageyards-display-component---NewYard","bindingPath":{"path":"","propertyPath":"/SALES_AREA_SPART","modelName":"NewYardModel"},"interaction":{"idSuffix":"inner"}},"wdio_ui5_key":"etmportal.ui.manageyards.view.Newsap.m.Input{\"path\":\"\",\"propertyPath\":\"/SALES_AREA_SPART\",\"modelName\":\"NewYardModel\"}"}]}
RESULT: {"script":"<script> [1562 bytes]","args":[{"selector":{"controlType":"sap.m.Input","viewName":"etm.portal.ui.manageyards.view.New","viewId":"application-manageyards-display-component---NewYard","bindingPath":{"path":"","propertyPath":"/SALES_AREA_SPART","modelName":"NewYardModel"},"interaction":{"idSuffix":"inner"}},"wdio_ui5_key":"etmportal.ui.manageyards.view.Newsap.m.Input{\"path\":\"\",\"propertyPath\":\"/SALES_AREA_SPART\",\"modelName\":\"NewYardModel\"}"}]}
RESULT: undefined
COMMAND: POST /session/7f6ec3857c10649f26842f36b7e75a4c/execute/async - {"script":"<script> [776 bytes]","args":[{"enterText":"C2","selector":{"controlType":"sap.m.Input","viewName":"etm.portal.ui.manageyards.view.New","viewId":"application-manageyards-display-component---NewYard","bindingPath":{"path":"","propertyPath":"/SALES_AREA_SPART","modelName":"NewYardModel"},"interaction":{"idSuffix":"inner"}},"clearTextFirst":true,"interactionType":"ENTER_TEXT"}]}
RESULT: {"script":"<script> [776 bytes]","args":[{"enterText":"C2","selector":{"controlType":"sap.m.Input","viewName":"etm.portal.ui.manageyards.view.New","viewId":"application-manageyards-display-component---NewYard","bindingPath":{"path":"","propertyPath":"/SALES_AREA_SPART","modelName":"NewYardModel"},"interaction":{"idSuffix":"inner"}},"clearTextFirst":true,"interactionType":"ENTER_TEXT"}]}
COMMAND: POST /session/7f6ec3857c10649f26842f36b7e75a4c/execute/async - {"script":"<script> [1562 bytes]","args":[{"selector":{"controlType":"sap.m.Input","viewName":"etm.portal.ui.manageyards.view.New","viewId":"application-manageyards-display-component---NewYard","bindingPath":{"path":"","propertyPath":"/SHIP_POINT","modelName":"NewYardModel"},"interaction":{"idSuffix":"inner"}},"wdio_ui5_key":"etmportal.ui.manageyards.view.Newsap.m.Input{\"path\":\"\",\"propertyPath\":\"/SHIP_POINT\",\"modelName\":\"NewYardModel\"}"}]}
RESULT: {"script":"<script> [1562 bytes]","args":[{"selector":{"controlType":"sap.m.Input","viewName":"etm.portal.ui.manageyards.view.New","viewId":"application-manageyards-display-component---NewYard","bindingPath":{"path":"","propertyPath":"/SHIP_POINT","modelName":"NewYardModel"},"interaction":{"idSuffix":"inner"}},"wdio_ui5_key":"etmportal.ui.manageyards.view.Newsap.m.Input{\"path\":\"\",\"propertyPath\":\"/SHIP_POINT\",\"modelName\":\"NewYardModel\"}"}]}
RESULT: undefined
COMMAND: POST /session/7f6ec3857c10649f26842f36b7e75a4c/execute/async - {"script":"<script> [776 bytes]","args":[{"enterText":"1710","selector":{"controlType":"sap.m.Input","viewName":"etm.portal.ui.manageyards.view.New","viewId":"application-manageyards-display-component---NewYard","bindingPath":{"path":"","propertyPath":"/SHIP_POINT","modelName":"NewYardModel"},"interaction":{"idSuffix":"inner"}},"clearTextFirst":true,"interactionType":"ENTER_TEXT"}]}
RESULT: {"script":"<script> [776 bytes]","args":[{"enterText":"1710","selector":{"controlType":"sap.m.Input","viewName":"etm.portal.ui.manageyards.view.New","viewId":"application-manageyards-display-component---NewYard","bindingPath":{"path":"","propertyPath":"/SHIP_POINT","modelName":"NewYardModel"},"interaction":{"idSuffix":"inner"}},"clearTextFirst":true,"interactionType":"ENTER_TEXT"}]}
COMMAND: POST /session/7f6ec3857c10649f26842f36b7e75a4c/execute/async - {"script":"<script> [1562 bytes]","args":[{"selector":{"controlType":"sap.m.Input","viewName":"etm.portal.ui.manageyards.view.New","viewId":"application-manageyards-display-component---NewYard","bindingPath":{"path":"","propertyPath":"/DELIVERY_TYPE","modelName":"NewYardModel"},"interaction":{"idSuffix":"inner"}},"wdio_ui5_key":"etmportal.ui.manageyards.view.Newsap.m.Input{\"path\":\"\",\"propertyPath\":\"/DELIVERY_TYPE\",\"modelName\":\"NewYardModel\"}"}]}
RESULT: {"script":"<script> [1562 bytes]","args":[{"selector":{"controlType":"sap.m.Input","viewName":"etm.portal.ui.manageyards.view.New","viewId":"application-manageyards-display-component---NewYard","bindingPath":{"path":"","propertyPath":"/DELIVERY_TYPE","modelName":"NewYardModel"},"interaction":{"idSuffix":"inner"}},"wdio_ui5_key":"etmportal.ui.manageyards.view.Newsap.m.Input{\"path\":\"\",\"propertyPath\":\"/DELIVERY_TYPE\",\"modelName\":\"NewYardModel\"}"}]}
RESULT: undefined
COMMAND: POST /session/7f6ec3857c10649f26842f36b7e75a4c/execute/async - {"script":"<script> [776 bytes]","args":[{"enterText":"ZL01","selector":{"controlType":"sap.m.Input","viewName":"etm.portal.ui.manageyards.view.New","viewId":"application-manageyards-display-component---NewYard","bindingPath":{"path":"","propertyPath":"/DELIVERY_TYPE","modelName":"NewYardModel"},"interaction":{"idSuffix":"inner"}},"clearTextFirst":true,"interactionType":"ENTER_TEXT"}]}
RESULT: {"script":"<script> [776 bytes]","args":[{"enterText":"ZL01","selector":{"controlType":"sap.m.Input","viewName":"etm.portal.ui.manageyards.view.New","viewId":"application-manageyards-display-component---NewYard","bindingPath":{"path":"","propertyPath":"/DELIVERY_TYPE","modelName":"NewYardModel"},"interaction":{"idSuffix":"inner"}},"clearTextFirst":true,"interactionType":"ENTER_TEXT"}]}
COMMAND: POST /session/7f6ec3857c10649f26842f36b7e75a4c/execute/async - {"script":"<script> [1562 bytes]","args":[{"selector":{"controlType":"sap.m.Input","viewName":"etm.portal.ui.manageyards.view.New","viewId":"application-manageyards-display-component---NewYard","bindingPath":{"path":"","propertyPath":"/AUART","modelName":"NewYardModel"},"interaction":{"idSuffix":"inner"}},"wdio_ui5_key":"etmportal.ui.manageyards.view.Newsap.m.Input{\"path\":\"\",\"propertyPath\":\"/AUART\",\"modelName\":\"NewYardModel\"}"}]}
RESULT: {"script":"<script> [1562 bytes]","args":[{"selector":{"controlType":"sap.m.Input","viewName":"etm.portal.ui.manageyards.view.New","viewId":"application-manageyards-display-component---NewYard","bindingPath":{"path":"","propertyPath":"/AUART","modelName":"NewYardModel"},"interaction":{"idSuffix":"inner"}},"wdio_ui5_key":"etmportal.ui.manageyards.view.Newsap.m.Input{\"path\":\"\",\"propertyPath\":\"/AUART\",\"modelName\":\"NewYardModel\"}"}]}
RESULT: undefined
COMMAND: POST /session/7f6ec3857c10649f26842f36b7e75a4c/execute/async - {"script":"<script> [776 bytes]","args":[{"enterText":"TA","selector":{"controlType":"sap.m.Input","viewName":"etm.portal.ui.manageyards.view.New","viewId":"application-manageyards-display-component---NewYard","bindingPath":{"path":"","propertyPath":"/AUART","modelName":"NewYardModel"},"interaction":{"idSuffix":"inner"}},"clearTextFirst":true,"interactionType":"ENTER_TEXT"}]}
RESULT: {"script":"<script> [776 bytes]","args":[{"enterText":"TA","selector":{"controlType":"sap.m.Input","viewName":"etm.portal.ui.manageyards.view.New","viewId":"application-manageyards-display-component---NewYard","bindingPath":{"path":"","propertyPath":"/AUART","modelName":"NewYardModel"},"interaction":{"idSuffix":"inner"}},"clearTextFirst":true,"interactionType":"ENTER_TEXT"}]}
COMMAND: POST /session/7f6ec3857c10649f26842f36b7e75a4c/execute/async - {"script":"<script> [1562 bytes]","args":[{"selector":{"id":"application-manageyards-display-component---NewYard--whmCheckBox","interaction":{"idSuffix":"CbBg"}},"wdio_ui5_key":"applicationmanageyards-display-component---NewYard--whmCheckBox"}]}
RESULT: {"script":"<script> [1562 bytes]","args":[{"selector":{"id":"application-manageyards-display-component---NewYard--whmCheckBox","interaction":{"idSuffix":"CbBg"}},"wdio_ui5_key":"applicationmanageyards-display-component---NewYard--whmCheckBox"}]}
RESULT: undefined
COMMAND: POST /session/7f6ec3857c10649f26842f36b7e75a4c/element - {"using":"xpath","value":"//*[@id=\"application-manageyards-display-component---NewYard--whmCheckBox\"]"}
RESULT: {"using":"xpath","value":"//*[@id=\"application-manageyards-display-component---NewYard--whmCheckBox\"]"}
COMMAND: POST /session/7f6ec3857c10649f26842f36b7e75a4c/element/f.4BE7CB3E9946CAC77AC1BA1FEFE24C33.d.35D69E8BEE7571125DE1ABCE92C451C4.e.769/click - {}
RESULT: {}
COMMAND: GET /session/7f6ec3857c10649f26842f36b7e75a4c/screenshot - {}
RESULT: {}
COMMAND: POST /session/7f6ec3857c10649f26842f36b7e75a4c/element - {"using":"xpath","value":"//button[@data-kt=\"newYardSaveButton\"]"}
RESULT: {"using":"xpath","value":"//button[@data-kt=\"newYardSaveButton\"]"}
COMMAND: POST /session/7f6ec3857c10649f26842f36b7e75a4c/element/f.4BE7CB3E9946CAC77AC1BA1FEFE24C33.d.35D69E8BEE7571125DE1ABCE92C451C4.e.646/click - {}
RESULT: {}
COMMAND: GET /session/7f6ec3857c10649f26842f36b7e75a4c/screenshot - {}
RESULT: {}
COMMAND: POST /session/7f6ec3857c10649f26842f36b7e75a4c/element - {"using":"xpath","value":"//header[contains(@id, 'ObjectPageLayout-headerTitle')]/div[1]/div[2]/div[1]/span[1]"}
RESULT: {"using":"xpath","value":"//header[contains(@id, 'ObjectPageLayout-headerTitle')]/div[1]/div[2]/div[1]/span[1]"}
COMMAND: POST /session/7f6ec3857c10649f26842f36b7e75a4c/elements - {"using":"xpath","value":"//header[contains(@id, 'ObjectPageLayout-headerTitle')]/div[1]/div[2]/div[1]/span[1]"}
RESULT: {"using":"xpath","value":"//header[contains(@id, 'ObjectPageLayout-headerTitle')]/div[1]/div[2]/div[1]/span[1]"}
COMMAND: POST /session/7f6ec3857c10649f26842f36b7e75a4c/execute/sync - {"script":"<script> [56 bytes]","args":[{"element-6066-11e4-a52e-4f735466cecf":"f.4BE7CB3E9946CAC77AC1BA1FEFE24C33.d.35D69E8BEE7571125DE1ABCE92C451C4.e.975","ELEMENT":"f.4BE7CB3E9946CAC77AC1BA1FEFE24C33.d.35D69E8BEE7571125DE1ABCE92C451C4.e.975"}]}
RESULT: {"script":"<script> [56 bytes]","args":[{"element-6066-11e4-a52e-4f735466cecf":"f.4BE7CB3E9946CAC77AC1BA1FEFE24C33.d.35D69E8BEE7571125DE1ABCE92C451C4.e.975","ELEMENT":"f.4BE7CB3E9946CAC77AC1BA1FEFE24C33.d.35D69E8BEE7571125DE1ABCE92C451C4.e.975"}]}
COMMAND: GET /session/7f6ec3857c10649f26842f36b7e75a4c/screenshot - {}
RESULT: {}
COMMAND: POST /session/7f6ec3857c10649f26842f36b7e75a4c/element - {"using":"css selector","value":"#shell-header-logo"}
RESULT: {"using":"css selector","value":"#shell-header-logo"}
COMMAND: POST /session/7f6ec3857c10649f26842f36b7e75a4c/element/f.4BE7CB3E9946CAC77AC1BA1FEFE24C33.d.35D69E8BEE7571125DE1ABCE92C451C4.e.230/click - {}
RESULT: {}
COMMAND: GET /session/7f6ec3857c10649f26842f36b7e75a4c/screenshot - {}
RESULT: {}
COMMAND: POST /session/7f6ec3857c10649f26842f36b7e75a4c/execute/sync - {"script":"<script> [299 bytes]","args":[["getModel","getResource"]]}
RESULT: {"script":"<script> [299 bytes]","args":[["getModel","getResource"]]}
COMMAND: GET /session/7f6ec3857c10649f26842f36b7e75a4c/screenshot - {}
]]></system-out>
    </testcase>
    <testcase classname="chrome.136_0_7103_49.windows.Stock_increase_-_with_WHM_US125587" name="Should create a new external WHM partner" time="89.25">
      <system-out><![CDATA[
COMMAND: POST /session/7f6ec3857c10649f26842f36b7e75a4c/window/fullscreen - {}
RESULT: {}
RESULT: {}
COMMAND: POST /session/7f6ec3857c10649f26842f36b7e75a4c/execute/async - {"script":"<script> [1562 bytes]","args":[{"selector":{"controlType":"sap.m.GenericTile","properties":{"header":"Manage Partners"}},"wdio_ui5_key":"sapm.GenericTile{\"header\":\"Manage Partners\"}"}]}
RESULT: {"script":"<script> [1562 bytes]","args":[{"selector":{"controlType":"sap.m.GenericTile","properties":{"header":"Manage Partners"}},"wdio_ui5_key":"sapm.GenericTile{\"header\":\"Manage Partners\"}"}]}
RESULT: undefined
COMMAND: POST /session/7f6ec3857c10649f26842f36b7e75a4c/element - {"using":"xpath","value":"//*[@id=\"__tile38\"]"}
RESULT: {"using":"xpath","value":"//*[@id=\"__tile38\"]"}
COMMAND: POST /session/7f6ec3857c10649f26842f36b7e75a4c/element/f.4BE7CB3E9946CAC77AC1BA1FEFE24C33.d.35D69E8BEE7571125DE1ABCE92C451C4.e.120/click - {}
RESULT: {}
COMMAND: GET /session/7f6ec3857c10649f26842f36b7e75a4c/screenshot - {}
RESULT: {}
COMMAND: POST /session/7f6ec3857c10649f26842f36b7e75a4c/elements - {"using":"xpath","value":"//span[text()='Error']"}
RESULT: {"using":"xpath","value":"//span[text()='Error']"}
COMMAND: POST /session/7f6ec3857c10649f26842f36b7e75a4c/element - {"using":"xpath","value":"//button[@data-kt=\"addButton\"]"}
RESULT: {"using":"xpath","value":"//button[@data-kt=\"addButton\"]"}
COMMAND: POST /session/7f6ec3857c10649f26842f36b7e75a4c/elements - {"using":"xpath","value":"//button[@data-kt=\"addButton\"]"}
RESULT: {"using":"xpath","value":"//button[@data-kt=\"addButton\"]"}
COMMAND: POST /session/7f6ec3857c10649f26842f36b7e75a4c/execute/sync - {"script":"<script> [8489 bytes]","args":[{"element-6066-11e4-a52e-4f735466cecf":"f.4BE7CB3E9946CAC77AC1BA1FEFE24C33.d.35D69E8BEE7571125DE1ABCE92C451C4.e.1023","ELEMENT":"f.4BE7CB3E9946CAC77AC1BA1FEFE24C33.d.35D69E8BEE7571125DE1ABCE92C451C4.e.1023"}]}
RESULT: {"script":"<script> [8489 bytes]","args":[{"element-6066-11e4-a52e-4f735466cecf":"f.4BE7CB3E9946CAC77AC1BA1FEFE24C33.d.35D69E8BEE7571125DE1ABCE92C451C4.e.1023","ELEMENT":"f.4BE7CB3E9946CAC77AC1BA1FEFE24C33.d.35D69E8BEE7571125DE1ABCE92C451C4.e.1023"}]}
COMMAND: GET /session/7f6ec3857c10649f26842f36b7e75a4c/element/f.4BE7CB3E9946CAC77AC1BA1FEFE24C33.d.35D69E8BEE7571125DE1ABCE92C451C4.e.1023/enabled - {}
COMMAND: GET /session/7f6ec3857c10649f26842f36b7e75a4c/screenshot - {}
RESULT: {}
COMMAND: POST /session/7f6ec3857c10649f26842f36b7e75a4c/execute/sync - {"script":"<script> [8489 bytes]","args":[{"element-6066-11e4-a52e-4f735466cecf":"f.4BE7CB3E9946CAC77AC1BA1FEFE24C33.d.35D69E8BEE7571125DE1ABCE92C451C4.e.1023","ELEMENT":"f.4BE7CB3E9946CAC77AC1BA1FEFE24C33.d.35D69E8BEE7571125DE1ABCE92C451C4.e.1023"}]}
COMMAND: GET /session/7f6ec3857c10649f26842f36b7e75a4c/screenshot - {}
RESULT: {}
RESULT: {"script":"<script> [8489 bytes]","args":[{"element-6066-11e4-a52e-4f735466cecf":"f.4BE7CB3E9946CAC77AC1BA1FEFE24C33.d.35D69E8BEE7571125DE1ABCE92C451C4.e.1023","ELEMENT":"f.4BE7CB3E9946CAC77AC1BA1FEFE24C33.d.35D69E8BEE7571125DE1ABCE92C451C4.e.1023"}]}
COMMAND: POST /session/7f6ec3857c10649f26842f36b7e75a4c/execute/sync - {"script":"<script> [5351 bytes]","args":[{"element-6066-11e4-a52e-4f735466cecf":"f.4BE7CB3E9946CAC77AC1BA1FEFE24C33.d.35D69E8BEE7571125DE1ABCE92C451C4.e.1023","ELEMENT":"f.4BE7CB3E9946CAC77AC1BA1FEFE24C33.d.35D69E8BEE7571125DE1ABCE92C451C4.e.1023"}]}
COMMAND: GET /session/7f6ec3857c10649f26842f36b7e75a4c/screenshot - {}
RESULT: {}
RESULT: {"script":"<script> [5351 bytes]","args":[{"element-6066-11e4-a52e-4f735466cecf":"f.4BE7CB3E9946CAC77AC1BA1FEFE24C33.d.35D69E8BEE7571125DE1ABCE92C451C4.e.1023","ELEMENT":"f.4BE7CB3E9946CAC77AC1BA1FEFE24C33.d.35D69E8BEE7571125DE1ABCE92C451C4.e.1023"}]}
COMMAND: POST /session/7f6ec3857c10649f26842f36b7e75a4c/element/f.4BE7CB3E9946CAC77AC1BA1FEFE24C33.d.35D69E8BEE7571125DE1ABCE92C451C4.e.1023/click - {}
COMMAND: GET /session/7f6ec3857c10649f26842f36b7e75a4c/screenshot - {}
RESULT: {}
RESULT: {}
COMMAND: GET /session/7f6ec3857c10649f26842f36b7e75a4c/screenshot - {}
RESULT: {}
RESULT: {}
COMMAND: POST /session/7f6ec3857c10649f26842f36b7e75a4c/execute/async - {"script":"<script> [1562 bytes]","args":[{"selector":{"id":"application-managepartners-display-component---NewPartner--addressDetailDetailsName1","interaction":{"idSuffix":"inner"}},"wdio_ui5_key":"applicationmanagepartners-display-component---NewPartner--addressDetailDetailsName1"}]}
RESULT: {"script":"<script> [1562 bytes]","args":[{"selector":{"id":"application-managepartners-display-component---NewPartner--addressDetailDetailsName1","interaction":{"idSuffix":"inner"}},"wdio_ui5_key":"applicationmanagepartners-display-component---NewPartner--addressDetailDetailsName1"}]}
RESULT: undefined
COMMAND: POST /session/7f6ec3857c10649f26842f36b7e75a4c/execute/async - {"script":"<script> [776 bytes]","args":[{"enterText":"External Partner WDIO","selector":{"id":"application-managepartners-display-component---NewPartner--addressDetailDetailsName1","interaction":{"idSuffix":"inner"}},"clearTextFirst":true,"interactionType":"ENTER_TEXT"}]}
RESULT: {"script":"<script> [776 bytes]","args":[{"enterText":"External Partner WDIO","selector":{"id":"application-managepartners-display-component---NewPartner--addressDetailDetailsName1","interaction":{"idSuffix":"inner"}},"clearTextFirst":true,"interactionType":"ENTER_TEXT"}]}
COMMAND: POST /session/7f6ec3857c10649f26842f36b7e75a4c/execute/async - {"script":"<script> [1562 bytes]","args":[{"selector":{"id":"application-managepartners-display-component---NewPartner--addressDetailDetailsLanguage-arrow"},"wdio_ui5_key":"applicationmanagepartners-display-component---NewPartner--addressDetailDetailsLanguage-arrow"}]}
RESULT: {"script":"<script> [1562 bytes]","args":[{"selector":{"id":"application-managepartners-display-component---NewPartner--addressDetailDetailsLanguage-arrow"},"wdio_ui5_key":"applicationmanagepartners-display-component---NewPartner--addressDetailDetailsLanguage-arrow"}]}
RESULT: undefined
COMMAND: POST /session/7f6ec3857c10649f26842f36b7e75a4c/element - {"using":"xpath","value":"//*[@id=\"application-managepartners-display-component---NewPartner--addressDetailDetailsLanguage-arrow\"]"}
RESULT: {"using":"xpath","value":"//*[@id=\"application-managepartners-display-component---NewPartner--addressDetailDetailsLanguage-arrow\"]"}
COMMAND: POST /session/7f6ec3857c10649f26842f36b7e75a4c/element/f.4BE7CB3E9946CAC77AC1BA1FEFE24C33.d.35D69E8BEE7571125DE1ABCE92C451C4.e.1466/click - {}
RESULT: {}
COMMAND: POST /session/7f6ec3857c10649f26842f36b7e75a4c/element - {"using":"xpath","value":"//span[contains(text(), \"English\")]"}
COMMAND: GET /session/7f6ec3857c10649f26842f36b7e75a4c/screenshot - {}
RESULT: {"using":"xpath","value":"//span[contains(text(), \"English\")]"}
COMMAND: POST /session/7f6ec3857c10649f26842f36b7e75a4c/element/f.4BE7CB3E9946CAC77AC1BA1FEFE24C33.d.35D69E8BEE7571125DE1ABCE92C451C4.e.1467/click - {}
RESULT: {}
RESULT: {}
COMMAND: GET /session/7f6ec3857c10649f26842f36b7e75a4c/screenshot - {}
RESULT: {}
COMMAND: POST /session/7f6ec3857c10649f26842f36b7e75a4c/execute/async - {"script":"<script> [1562 bytes]","args":[{"selector":{"id":"application-managepartners-display-component---NewPartner--addressDetailDetailsCity1","interaction":{"idSuffix":"inner"}},"wdio_ui5_key":"applicationmanagepartners-display-component---NewPartner--addressDetailDetailsCity1"}]}
RESULT: {"script":"<script> [1562 bytes]","args":[{"selector":{"id":"application-managepartners-display-component---NewPartner--addressDetailDetailsCity1","interaction":{"idSuffix":"inner"}},"wdio_ui5_key":"applicationmanagepartners-display-component---NewPartner--addressDetailDetailsCity1"}]}
RESULT: undefined
COMMAND: POST /session/7f6ec3857c10649f26842f36b7e75a4c/execute/async - {"script":"<script> [776 bytes]","args":[{"enterText":"Rosario","selector":{"id":"application-managepartners-display-component---NewPartner--addressDetailDetailsCity1","interaction":{"idSuffix":"inner"}},"clearTextFirst":true,"interactionType":"ENTER_TEXT"}]}
RESULT: {"script":"<script> [776 bytes]","args":[{"enterText":"Rosario","selector":{"id":"application-managepartners-display-component---NewPartner--addressDetailDetailsCity1","interaction":{"idSuffix":"inner"}},"clearTextFirst":true,"interactionType":"ENTER_TEXT"}]}
COMMAND: POST /session/7f6ec3857c10649f26842f36b7e75a4c/execute/async - {"script":"<script> [1562 bytes]","args":[{"selector":{"id":"application-managepartners-display-component---NewPartner--addressDetailDetailsCountry-arrow"},"wdio_ui5_key":"applicationmanagepartners-display-component---NewPartner--addressDetailDetailsCountry-arrow"}]}
RESULT: {"script":"<script> [1562 bytes]","args":[{"selector":{"id":"application-managepartners-display-component---NewPartner--addressDetailDetailsCountry-arrow"},"wdio_ui5_key":"applicationmanagepartners-display-component---NewPartner--addressDetailDetailsCountry-arrow"}]}
RESULT: undefined
COMMAND: POST /session/7f6ec3857c10649f26842f36b7e75a4c/element - {"using":"xpath","value":"//*[@id=\"application-managepartners-display-component---NewPartner--addressDetailDetailsCountry-arrow\"]"}
RESULT: {"using":"xpath","value":"//*[@id=\"application-managepartners-display-component---NewPartner--addressDetailDetailsCountry-arrow\"]"}
COMMAND: POST /session/7f6ec3857c10649f26842f36b7e75a4c/element/f.4BE7CB3E9946CAC77AC1BA1FEFE24C33.d.35D69E8BEE7571125DE1ABCE92C451C4.e.1453/click - {}
RESULT: {}
COMMAND: POST /session/7f6ec3857c10649f26842f36b7e75a4c/element - {"using":"xpath","value":"//span[contains(text(), \"Argentina\")]"}
COMMAND: GET /session/7f6ec3857c10649f26842f36b7e75a4c/screenshot - {}
RESULT: {"using":"xpath","value":"//span[contains(text(), \"Argentina\")]"}
COMMAND: POST /session/7f6ec3857c10649f26842f36b7e75a4c/element/f.4BE7CB3E9946CAC77AC1BA1FEFE24C33.d.35D69E8BEE7571125DE1ABCE92C451C4.e.1469/click - {}
RESULT: {}
RESULT: {}
COMMAND: GET /session/7f6ec3857c10649f26842f36b7e75a4c/screenshot - {}
RESULT: {}
COMMAND: POST /session/7f6ec3857c10649f26842f36b7e75a4c/element - {"using":"xpath","value":"//bdi[contains(text(), \"Commercial\")]"}
RESULT: {"using":"xpath","value":"//bdi[contains(text(), \"Commercial\")]"}
COMMAND: POST /session/7f6ec3857c10649f26842f36b7e75a4c/element/f.4BE7CB3E9946CAC77AC1BA1FEFE24C33.d.35D69E8BEE7571125DE1ABCE92C451C4.e.1470/click - {}
RESULT: {}
COMMAND: GET /session/7f6ec3857c10649f26842f36b7e75a4c/screenshot - {}
RESULT: {}
COMMAND: POST /session/7f6ec3857c10649f26842f36b7e75a4c/execute/async - {"script":"<script> [1562 bytes]","args":[{"selector":{"id":"application-managepartners-display-component---NewPartner--partnerDetailInternal-arrow"},"wdio_ui5_key":"applicationmanagepartners-display-component---NewPartner--partnerDetailInternal-arrow"}]}
RESULT: {"script":"<script> [1562 bytes]","args":[{"selector":{"id":"application-managepartners-display-component---NewPartner--partnerDetailInternal-arrow"},"wdio_ui5_key":"applicationmanagepartners-display-component---NewPartner--partnerDetailInternal-arrow"}]}
RESULT: undefined
COMMAND: POST /session/7f6ec3857c10649f26842f36b7e75a4c/element - {"using":"xpath","value":"//*[@id=\"application-managepartners-display-component---NewPartner--partnerDetailInternal-arrow\"]"}
RESULT: {"using":"xpath","value":"//*[@id=\"application-managepartners-display-component---NewPartner--partnerDetailInternal-arrow\"]"}
COMMAND: POST /session/7f6ec3857c10649f26842f36b7e75a4c/element/f.4BE7CB3E9946CAC77AC1BA1FEFE24C33.d.35D69E8BEE7571125DE1ABCE92C451C4.e.1476/click - {}
RESULT: {}
COMMAND: POST /session/7f6ec3857c10649f26842f36b7e75a4c/element - {"using":"xpath","value":"//span[contains(text(), \"External partner\")]"}
COMMAND: GET /session/7f6ec3857c10649f26842f36b7e75a4c/screenshot - {}
RESULT: {"using":"xpath","value":"//span[contains(text(), \"External partner\")]"}
COMMAND: POST /session/7f6ec3857c10649f26842f36b7e75a4c/element/f.4BE7CB3E9946CAC77AC1BA1FEFE24C33.d.35D69E8BEE7571125DE1ABCE92C451C4.e.1479/click - {}
RESULT: {}
RESULT: {}
COMMAND: POST /session/7f6ec3857c10649f26842f36b7e75a4c/execute/async - {"script":"<script> [1562 bytes]","args":[{"selector":{"id":"application-managepartners-display-component---NewPartner--partnerDetailsCurrency-arrow"},"wdio_ui5_key":"applicationmanagepartners-display-component---NewPartner--partnerDetailsCurrency-arrow"}]}
COMMAND: GET /session/7f6ec3857c10649f26842f36b7e75a4c/screenshot - {}
RESULT: {"script":"<script> [1562 bytes]","args":[{"selector":{"id":"application-managepartners-display-component---NewPartner--partnerDetailsCurrency-arrow"},"wdio_ui5_key":"applicationmanagepartners-display-component---NewPartner--partnerDetailsCurrency-arrow"}]}
RESULT: undefined
COMMAND: POST /session/7f6ec3857c10649f26842f36b7e75a4c/element - {"using":"xpath","value":"//*[@id=\"application-managepartners-display-component---NewPartner--partnerDetailsCurrency-arrow\"]"}
RESULT: {}
RESULT: {"using":"xpath","value":"//*[@id=\"application-managepartners-display-component---NewPartner--partnerDetailsCurrency-arrow\"]"}
COMMAND: POST /session/7f6ec3857c10649f26842f36b7e75a4c/element/f.4BE7CB3E9946CAC77AC1BA1FEFE24C33.d.35D69E8BEE7571125DE1ABCE92C451C4.e.1484/click - {}
RESULT: {}
COMMAND: POST /session/7f6ec3857c10649f26842f36b7e75a4c/element - {"using":"xpath","value":"//span[contains(text(), \"US Dollar\")]"}
COMMAND: GET /session/7f6ec3857c10649f26842f36b7e75a4c/screenshot - {}
RESULT: {"using":"xpath","value":"//span[contains(text(), \"US Dollar\")]"}
COMMAND: POST /session/7f6ec3857c10649f26842f36b7e75a4c/element/f.4BE7CB3E9946CAC77AC1BA1FEFE24C33.d.35D69E8BEE7571125DE1ABCE92C451C4.e.1485/click - {}
RESULT: {}
RESULT: {}
COMMAND: GET /session/7f6ec3857c10649f26842f36b7e75a4c/screenshot - {}
RESULT: {}
COMMAND: POST /session/7f6ec3857c10649f26842f36b7e75a4c/element - {"using":"xpath","value":"//input[@id=\"application-managepartners-display-component---NewPartner--companyCodeComboBox-inner\"]"}
RESULT: {"using":"xpath","value":"//input[@id=\"application-managepartners-display-component---NewPartner--companyCodeComboBox-inner\"]"}
COMMAND: POST /session/7f6ec3857c10649f26842f36b7e75a4c/element/f.4BE7CB3E9946CAC77AC1BA1FEFE24C33.d.35D69E8BEE7571125DE1ABCE92C451C4.e.1335/clear - {}
RESULT: {}
COMMAND: POST /session/7f6ec3857c10649f26842f36b7e75a4c/element/f.4BE7CB3E9946CAC77AC1BA1FEFE24C33.d.35D69E8BEE7571125DE1ABCE92C451C4.e.1335/value - {"text":"C002"}
COMMAND: GET /session/7f6ec3857c10649f26842f36b7e75a4c/screenshot - {}
RESULT: {"text":"C002"}
COMMAND: GET /session/7f6ec3857c10649f26842f36b7e75a4c/screenshot - {}
RESULT: {}
RESULT: {}
COMMAND: POST /session/7f6ec3857c10649f26842f36b7e75a4c/element - {"using":"xpath","value":"//li[.//span[text()= \"C002\"]]"}
RESULT: {"using":"xpath","value":"//li[.//span[text()= \"C002\"]]"}
COMMAND: POST /session/7f6ec3857c10649f26842f36b7e75a4c/element/f.4BE7CB3E9946CAC77AC1BA1FEFE24C33.d.35D69E8BEE7571125DE1ABCE92C451C4.e.1489/click - {}
RESULT: {}
COMMAND: GET /session/7f6ec3857c10649f26842f36b7e75a4c/screenshot - {}
RESULT: {}
COMMAND: POST /session/7f6ec3857c10649f26842f36b7e75a4c/execute/async - {"script":"<script> [1562 bytes]","args":[{"selector":{"id":"application-managepartners-display-component---NewPartner--btnAddTableRow-img"},"wdio_ui5_key":"applicationmanagepartners-display-component---NewPartner--btnAddTableRow-img"}]}
RESULT: {"script":"<script> [1562 bytes]","args":[{"selector":{"id":"application-managepartners-display-component---NewPartner--btnAddTableRow-img"},"wdio_ui5_key":"applicationmanagepartners-display-component---NewPartner--btnAddTableRow-img"}]}
RESULT: undefined
COMMAND: POST /session/7f6ec3857c10649f26842f36b7e75a4c/element - {"using":"xpath","value":"//*[@id=\"application-managepartners-display-component---NewPartner--btnAddTableRow-img\"]"}
RESULT: {"using":"xpath","value":"//*[@id=\"application-managepartners-display-component---NewPartner--btnAddTableRow-img\"]"}
COMMAND: POST /session/7f6ec3857c10649f26842f36b7e75a4c/element/f.4BE7CB3E9946CAC77AC1BA1FEFE24C33.d.35D69E8BEE7571125DE1ABCE92C451C4.e.1490/click - {}
RESULT: {}
COMMAND: GET /session/7f6ec3857c10649f26842f36b7e75a4c/screenshot - {}
RESULT: {}
COMMAND: POST /session/7f6ec3857c10649f26842f36b7e75a4c/element - {"using":"xpath","value":"//input[@id=\"application-managepartners-display-component---NewPartner--assignmentYard-application-managepartners-display-component---NewPartner--assignmentsTable-0-inner\"]"}
RESULT: {"using":"xpath","value":"//input[@id=\"application-managepartners-display-component---NewPartner--assignmentYard-application-managepartners-display-component---NewPartner--assignmentsTable-0-inner\"]"}
COMMAND: POST /session/7f6ec3857c10649f26842f36b7e75a4c/element/f.4BE7CB3E9946CAC77AC1BA1FEFE24C33.d.35D69E8BEE7571125DE1ABCE92C451C4.e.1493/clear - {}
RESULT: {}
COMMAND: POST /session/7f6ec3857c10649f26842f36b7e75a4c/element/f.4BE7CB3E9946CAC77AC1BA1FEFE24C33.d.35D69E8BEE7571125DE1ABCE92C451C4.e.1493/value - {"text":"384"}
COMMAND: GET /session/7f6ec3857c10649f26842f36b7e75a4c/screenshot - {}
RESULT: {"text":"384"}
COMMAND: GET /session/7f6ec3857c10649f26842f36b7e75a4c/screenshot - {}
RESULT: {}
RESULT: {}
COMMAND: POST /session/7f6ec3857c10649f26842f36b7e75a4c/element - {"using":"xpath","value":"//li[.//span[text()='384']]"}
RESULT: {"using":"xpath","value":"//li[.//span[text()='384']]"}
COMMAND: POST /session/7f6ec3857c10649f26842f36b7e75a4c/element/f.4BE7CB3E9946CAC77AC1BA1FEFE24C33.d.35D69E8BEE7571125DE1ABCE92C451C4.e.1501/click - {}
RESULT: {}
COMMAND: GET /session/7f6ec3857c10649f26842f36b7e75a4c/screenshot - {}
RESULT: {}
COMMAND: POST /session/7f6ec3857c10649f26842f36b7e75a4c/actions - {"actions":[{"id":"action2","type":"key","parameters":{},"actions":[{"type":"keyDown","value":"î€‡"},{"type":"pause","duration":10},{"type":"keyUp","value":"î€‡"}]}]}
RESULT: {"actions":[{"id":"action2","type":"key","parameters":{},"actions":[{"type":"keyDown","value":"î€‡"},{"type":"pause","duration":10},{"type":"keyUp","value":"î€‡"}]}]}
COMMAND: POST /session/7f6ec3857c10649f26842f36b7e75a4c/element - {"using":"xpath","value":"//td[contains(@id, \"assignmentsTable-0-cell2\")]/div/div"}
COMMAND: GET /session/7f6ec3857c10649f26842f36b7e75a4c/screenshot - {}
RESULT: {"using":"xpath","value":"//td[contains(@id, \"assignmentsTable-0-cell2\")]/div/div"}
COMMAND: POST /session/7f6ec3857c10649f26842f36b7e75a4c/element/f.4BE7CB3E9946CAC77AC1BA1FEFE24C33.d.35D69E8BEE7571125DE1ABCE92C451C4.e.1504/click - {}
RESULT: {}
RESULT: {}
COMMAND: GET /session/7f6ec3857c10649f26842f36b7e75a4c/screenshot - {}
RESULT: {}
COMMAND: POST /session/7f6ec3857c10649f26842f36b7e75a4c/element - {"using":"xpath","value":"//button[@data-kt=\"saveButton\"]"}
RESULT: {"using":"xpath","value":"//button[@data-kt=\"saveButton\"]"}
COMMAND: POST /session/7f6ec3857c10649f26842f36b7e75a4c/element/f.4BE7CB3E9946CAC77AC1BA1FEFE24C33.d.35D69E8BEE7571125DE1ABCE92C451C4.e.1366/click - {}
RESULT: {}
COMMAND: GET /session/7f6ec3857c10649f26842f36b7e75a4c/screenshot - {}
RESULT: {}
COMMAND: POST /session/7f6ec3857c10649f26842f36b7e75a4c/element - {"using":"xpath","value":"//header[contains(@id, 'ObjectPageLayout-headerTitle')]/div[1]/div[2]/div[2]/span[1]"}
RESULT: {"using":"xpath","value":"//header[contains(@id, 'ObjectPageLayout-headerTitle')]/div[1]/div[2]/div[2]/span[1]"}
COMMAND: POST /session/7f6ec3857c10649f26842f36b7e75a4c/elements - {"using":"xpath","value":"//header[contains(@id, 'ObjectPageLayout-headerTitle')]/div[1]/div[2]/div[2]/span[1]"}
RESULT: {"using":"xpath","value":"//header[contains(@id, 'ObjectPageLayout-headerTitle')]/div[1]/div[2]/div[2]/span[1]"}
COMMAND: POST /session/7f6ec3857c10649f26842f36b7e75a4c/execute/sync - {"script":"<script> [56 bytes]","args":[{"element-6066-11e4-a52e-4f735466cecf":"f.4BE7CB3E9946CAC77AC1BA1FEFE24C33.d.35D69E8BEE7571125DE1ABCE92C451C4.e.1667","ELEMENT":"f.4BE7CB3E9946CAC77AC1BA1FEFE24C33.d.35D69E8BEE7571125DE1ABCE92C451C4.e.1667"}]}
RESULT: {"script":"<script> [56 bytes]","args":[{"element-6066-11e4-a52e-4f735466cecf":"f.4BE7CB3E9946CAC77AC1BA1FEFE24C33.d.35D69E8BEE7571125DE1ABCE92C451C4.e.1667","ELEMENT":"f.4BE7CB3E9946CAC77AC1BA1FEFE24C33.d.35D69E8BEE7571125DE1ABCE92C451C4.e.1667"}]}
COMMAND: POST /session/7f6ec3857c10649f26842f36b7e75a4c/element - {"using":"css selector","value":"#shell-header-logo"}
COMMAND: GET /session/7f6ec3857c10649f26842f36b7e75a4c/screenshot - {}
RESULT: {"using":"css selector","value":"#shell-header-logo"}
COMMAND: POST /session/7f6ec3857c10649f26842f36b7e75a4c/element/f.4BE7CB3E9946CAC77AC1BA1FEFE24C33.d.35D69E8BEE7571125DE1ABCE92C451C4.e.978/click - {}
RESULT: {}
RESULT: {}
COMMAND: GET /session/7f6ec3857c10649f26842f36b7e75a4c/screenshot - {}
RESULT: {}
COMMAND: POST /session/7f6ec3857c10649f26842f36b7e75a4c/execute/sync - {"script":"<script> [299 bytes]","args":[["getModel","getResource"]]}
RESULT: {"script":"<script> [299 bytes]","args":[["getModel","getResource"]]}
]]></system-out>
    </testcase>
    <testcase classname="chrome.136_0_7103_49.windows.Stock_increase_-_with_WHM_US125587" name="Should create a new WHM site" time="89.672">
      <system-out><![CDATA[
COMMAND: POST /session/7f6ec3857c10649f26842f36b7e75a4c/execute/async - {"script":"<script> [1562 bytes]","args":[{"selector":{"controlType":"sap.m.GenericTile","properties":{"header":"Manage Sites"}},"wdio_ui5_key":"sapm.GenericTile{\"header\":\"Manage Sites\"}"}]}
COMMAND: GET /session/7f6ec3857c10649f26842f36b7e75a4c/screenshot - {}
RESULT: {"script":"<script> [1562 bytes]","args":[{"selector":{"controlType":"sap.m.GenericTile","properties":{"header":"Manage Sites"}},"wdio_ui5_key":"sapm.GenericTile{\"header\":\"Manage Sites\"}"}]}
RESULT: undefined
COMMAND: POST /session/7f6ec3857c10649f26842f36b7e75a4c/element - {"using":"xpath","value":"//*[@id=\"__tile40\"]"}
RESULT: {}
RESULT: {"using":"xpath","value":"//*[@id=\"__tile40\"]"}
COMMAND: POST /session/7f6ec3857c10649f26842f36b7e75a4c/element/f.4BE7CB3E9946CAC77AC1BA1FEFE24C33.d.35D69E8BEE7571125DE1ABCE92C451C4.e.108/click - {}
RESULT: {}
COMMAND: GET /session/7f6ec3857c10649f26842f36b7e75a4c/screenshot - {}
RESULT: {}
COMMAND: POST /session/7f6ec3857c10649f26842f36b7e75a4c/elements - {"using":"xpath","value":"//span[text()='Error']"}
RESULT: {"using":"xpath","value":"//span[text()='Error']"}
COMMAND: POST /session/7f6ec3857c10649f26842f36b7e75a4c/element - {"using":"xpath","value":"//button[@data-kt=\"addOverflowToolbarButton\"]"}
RESULT: {"using":"xpath","value":"//button[@data-kt=\"addOverflowToolbarButton\"]"}
COMMAND: POST /session/7f6ec3857c10649f26842f36b7e75a4c/elements - {"using":"xpath","value":"//button[@data-kt=\"addOverflowToolbarButton\"]"}
RESULT: {"using":"xpath","value":"//button[@data-kt=\"addOverflowToolbarButton\"]"}
COMMAND: POST /session/7f6ec3857c10649f26842f36b7e75a4c/execute/sync - {"script":"<script> [8489 bytes]","args":[{"element-6066-11e4-a52e-4f735466cecf":"f.4BE7CB3E9946CAC77AC1BA1FEFE24C33.d.35D69E8BEE7571125DE1ABCE92C451C4.e.1713","ELEMENT":"f.4BE7CB3E9946CAC77AC1BA1FEFE24C33.d.35D69E8BEE7571125DE1ABCE92C451C4.e.1713"}]}
RESULT: {"script":"<script> [8489 bytes]","args":[{"element-6066-11e4-a52e-4f735466cecf":"f.4BE7CB3E9946CAC77AC1BA1FEFE24C33.d.35D69E8BEE7571125DE1ABCE92C451C4.e.1713","ELEMENT":"f.4BE7CB3E9946CAC77AC1BA1FEFE24C33.d.35D69E8BEE7571125DE1ABCE92C451C4.e.1713"}]}
COMMAND: GET /session/7f6ec3857c10649f26842f36b7e75a4c/element/f.4BE7CB3E9946CAC77AC1BA1FEFE24C33.d.35D69E8BEE7571125DE1ABCE92C451C4.e.1713/enabled - {}
COMMAND: GET /session/7f6ec3857c10649f26842f36b7e75a4c/screenshot - {}
RESULT: {}
COMMAND: POST /session/7f6ec3857c10649f26842f36b7e75a4c/execute/sync - {"script":"<script> [8489 bytes]","args":[{"element-6066-11e4-a52e-4f735466cecf":"f.4BE7CB3E9946CAC77AC1BA1FEFE24C33.d.35D69E8BEE7571125DE1ABCE92C451C4.e.1713","ELEMENT":"f.4BE7CB3E9946CAC77AC1BA1FEFE24C33.d.35D69E8BEE7571125DE1ABCE92C451C4.e.1713"}]}
COMMAND: GET /session/7f6ec3857c10649f26842f36b7e75a4c/screenshot - {}
RESULT: {}
RESULT: {"script":"<script> [8489 bytes]","args":[{"element-6066-11e4-a52e-4f735466cecf":"f.4BE7CB3E9946CAC77AC1BA1FEFE24C33.d.35D69E8BEE7571125DE1ABCE92C451C4.e.1713","ELEMENT":"f.4BE7CB3E9946CAC77AC1BA1FEFE24C33.d.35D69E8BEE7571125DE1ABCE92C451C4.e.1713"}]}
COMMAND: POST /session/7f6ec3857c10649f26842f36b7e75a4c/execute/sync - {"script":"<script> [5351 bytes]","args":[{"element-6066-11e4-a52e-4f735466cecf":"f.4BE7CB3E9946CAC77AC1BA1FEFE24C33.d.35D69E8BEE7571125DE1ABCE92C451C4.e.1713","ELEMENT":"f.4BE7CB3E9946CAC77AC1BA1FEFE24C33.d.35D69E8BEE7571125DE1ABCE92C451C4.e.1713"}]}
COMMAND: GET /session/7f6ec3857c10649f26842f36b7e75a4c/screenshot - {}
RESULT: {}
RESULT: {"script":"<script> [5351 bytes]","args":[{"element-6066-11e4-a52e-4f735466cecf":"f.4BE7CB3E9946CAC77AC1BA1FEFE24C33.d.35D69E8BEE7571125DE1ABCE92C451C4.e.1713","ELEMENT":"f.4BE7CB3E9946CAC77AC1BA1FEFE24C33.d.35D69E8BEE7571125DE1ABCE92C451C4.e.1713"}]}
COMMAND: POST /session/7f6ec3857c10649f26842f36b7e75a4c/element/f.4BE7CB3E9946CAC77AC1BA1FEFE24C33.d.35D69E8BEE7571125DE1ABCE92C451C4.e.1713/click - {}
COMMAND: GET /session/7f6ec3857c10649f26842f36b7e75a4c/screenshot - {}
RESULT: {}
RESULT: {}
COMMAND: GET /session/7f6ec3857c10649f26842f36b7e75a4c/screenshot - {}
RESULT: {}
RESULT: {}
COMMAND: POST /session/7f6ec3857c10649f26842f36b7e75a4c/element - {"using":"xpath","value":"//input[@id=\"application-managesites-display-component---NewSite--siteId-inner\"]"}
RESULT: {"using":"xpath","value":"//input[@id=\"application-managesites-display-component---NewSite--siteId-inner\"]"}
COMMAND: POST /session/7f6ec3857c10649f26842f36b7e75a4c/element - {"using":"xpath","value":"//input[@id=\"application-managesites-display-component---NewSite--siteId-inner\"]"}
RESULT: {"using":"xpath","value":"//input[@id=\"application-managesites-display-component---NewSite--siteId-inner\"]"}
COMMAND: POST /session/7f6ec3857c10649f26842f36b7e75a4c/execute/async - {"script":"<script> [1562 bytes]","args":[{"selector":{"id":"application-managesites-display-component---NewSite--addressDetailDetailsName1","interaction":{"idSuffix":"inner"}},"wdio_ui5_key":"applicationmanagesites-display-component---NewSite--addressDetailDetailsName1"}]}
RESULT: {"script":"<script> [1562 bytes]","args":[{"selector":{"id":"application-managesites-display-component---NewSite--addressDetailDetailsName1","interaction":{"idSuffix":"inner"}},"wdio_ui5_key":"applicationmanagesites-display-component---NewSite--addressDetailDetailsName1"}]}
RESULT: undefined
COMMAND: POST /session/7f6ec3857c10649f26842f36b7e75a4c/execute/async - {"script":"<script> [776 bytes]","args":[{"enterText":"Warehouse Managed Site WDIO","selector":{"id":"application-managesites-display-component---NewSite--addressDetailDetailsName1","interaction":{"idSuffix":"inner"}},"clearTextFirst":true,"interactionType":"ENTER_TEXT"}]}
RESULT: {"script":"<script> [776 bytes]","args":[{"enterText":"Warehouse Managed Site WDIO","selector":{"id":"application-managesites-display-component---NewSite--addressDetailDetailsName1","interaction":{"idSuffix":"inner"}},"clearTextFirst":true,"interactionType":"ENTER_TEXT"}]}
COMMAND: POST /session/7f6ec3857c10649f26842f36b7e75a4c/execute/async - {"script":"<script> [1562 bytes]","args":[{"selector":{"id":"application-managesites-display-component---NewSite--addressDetailDetailsLanguage-arrow"},"wdio_ui5_key":"applicationmanagesites-display-component---NewSite--addressDetailDetailsLanguage-arrow"}]}
RESULT: {"script":"<script> [1562 bytes]","args":[{"selector":{"id":"application-managesites-display-component---NewSite--addressDetailDetailsLanguage-arrow"},"wdio_ui5_key":"applicationmanagesites-display-component---NewSite--addressDetailDetailsLanguage-arrow"}]}
RESULT: undefined
COMMAND: POST /session/7f6ec3857c10649f26842f36b7e75a4c/element - {"using":"xpath","value":"//*[@id=\"application-managesites-display-component---NewSite--addressDetailDetailsLanguage-arrow\"]"}
RESULT: {"using":"xpath","value":"//*[@id=\"application-managesites-display-component---NewSite--addressDetailDetailsLanguage-arrow\"]"}
COMMAND: POST /session/7f6ec3857c10649f26842f36b7e75a4c/element/f.4BE7CB3E9946CAC77AC1BA1FEFE24C33.d.35D69E8BEE7571125DE1ABCE92C451C4.e.2126/click - {}
RESULT: {}
COMMAND: POST /session/7f6ec3857c10649f26842f36b7e75a4c/element - {"using":"xpath","value":"//span[contains(text(), \"English\")]"}
COMMAND: GET /session/7f6ec3857c10649f26842f36b7e75a4c/screenshot - {}
RESULT: {"using":"xpath","value":"//span[contains(text(), \"English\")]"}
COMMAND: POST /session/7f6ec3857c10649f26842f36b7e75a4c/element/f.4BE7CB3E9946CAC77AC1BA1FEFE24C33.d.35D69E8BEE7571125DE1ABCE92C451C4.e.2127/click - {}
RESULT: {}
RESULT: {}
COMMAND: POST /session/7f6ec3857c10649f26842f36b7e75a4c/execute/async - {"script":"<script> [1562 bytes]","args":[{"selector":{"id":"application-managesites-display-component---NewSite--addressDetailDetailsCity1","interaction":{"idSuffix":"inner"}},"wdio_ui5_key":"applicationmanagesites-display-component---NewSite--addressDetailDetailsCity1"}]}
COMMAND: GET /session/7f6ec3857c10649f26842f36b7e75a4c/screenshot - {}
RESULT: {"script":"<script> [1562 bytes]","args":[{"selector":{"id":"application-managesites-display-component---NewSite--addressDetailDetailsCity1","interaction":{"idSuffix":"inner"}},"wdio_ui5_key":"applicationmanagesites-display-component---NewSite--addressDetailDetailsCity1"}]}
RESULT: undefined
COMMAND: POST /session/7f6ec3857c10649f26842f36b7e75a4c/execute/async - {"script":"<script> [776 bytes]","args":[{"enterText":"Rosario","selector":{"id":"application-managesites-display-component---NewSite--addressDetailDetailsCity1","interaction":{"idSuffix":"inner"}},"clearTextFirst":true,"interactionType":"ENTER_TEXT"}]}
RESULT: {}
RESULT: {"script":"<script> [776 bytes]","args":[{"enterText":"Rosario","selector":{"id":"application-managesites-display-component---NewSite--addressDetailDetailsCity1","interaction":{"idSuffix":"inner"}},"clearTextFirst":true,"interactionType":"ENTER_TEXT"}]}
COMMAND: POST /session/7f6ec3857c10649f26842f36b7e75a4c/execute/async - {"script":"<script> [1562 bytes]","args":[{"selector":{"id":"application-managesites-display-component---NewSite--addressDetailDetailsCountry-arrow"},"wdio_ui5_key":"applicationmanagesites-display-component---NewSite--addressDetailDetailsCountry-arrow"}]}
RESULT: {"script":"<script> [1562 bytes]","args":[{"selector":{"id":"application-managesites-display-component---NewSite--addressDetailDetailsCountry-arrow"},"wdio_ui5_key":"applicationmanagesites-display-component---NewSite--addressDetailDetailsCountry-arrow"}]}
RESULT: undefined
COMMAND: POST /session/7f6ec3857c10649f26842f36b7e75a4c/element - {"using":"xpath","value":"//*[@id=\"application-managesites-display-component---NewSite--addressDetailDetailsCountry-arrow\"]"}
RESULT: {"using":"xpath","value":"//*[@id=\"application-managesites-display-component---NewSite--addressDetailDetailsCountry-arrow\"]"}
COMMAND: POST /session/7f6ec3857c10649f26842f36b7e75a4c/element/f.4BE7CB3E9946CAC77AC1BA1FEFE24C33.d.35D69E8BEE7571125DE1ABCE92C451C4.e.2129/click - {}
RESULT: {}
COMMAND: POST /session/7f6ec3857c10649f26842f36b7e75a4c/element - {"using":"xpath","value":"//span[contains(text(), \"Argentina\")]"}
COMMAND: GET /session/7f6ec3857c10649f26842f36b7e75a4c/screenshot - {}
RESULT: {"using":"xpath","value":"//span[contains(text(), \"Argentina\")]"}
COMMAND: POST /session/7f6ec3857c10649f26842f36b7e75a4c/element/f.4BE7CB3E9946CAC77AC1BA1FEFE24C33.d.35D69E8BEE7571125DE1ABCE92C451C4.e.2131/click - {}
RESULT: {}
RESULT: {}
COMMAND: GET /session/7f6ec3857c10649f26842f36b7e75a4c/screenshot - {}
RESULT: {}
COMMAND: POST /session/7f6ec3857c10649f26842f36b7e75a4c/execute/async - {"script":"<script> [1562 bytes]","args":[{"selector":{"id":"application-managesites-display-component---NewSite--addressEditDetailsCostObjectCstType-arrow"},"wdio_ui5_key":"applicationmanagesites-display-component---NewSite--addressEditDetailsCostObjectCstType-arrow"}]}
RESULT: {"script":"<script> [1562 bytes]","args":[{"selector":{"id":"application-managesites-display-component---NewSite--addressEditDetailsCostObjectCstType-arrow"},"wdio_ui5_key":"applicationmanagesites-display-component---NewSite--addressEditDetailsCostObjectCstType-arrow"}]}
RESULT: undefined
COMMAND: POST /session/7f6ec3857c10649f26842f36b7e75a4c/element - {"using":"xpath","value":"//*[@id=\"application-managesites-display-component---NewSite--addressEditDetailsCostObjectCstType-arrow\"]"}
RESULT: {"using":"xpath","value":"//*[@id=\"application-managesites-display-component---NewSite--addressEditDetailsCostObjectCstType-arrow\"]"}
COMMAND: POST /session/7f6ec3857c10649f26842f36b7e75a4c/element/f.4BE7CB3E9946CAC77AC1BA1FEFE24C33.d.35D69E8BEE7571125DE1ABCE92C451C4.e.2132/click - {}
RESULT: {}
COMMAND: POST /session/7f6ec3857c10649f26842f36b7e75a4c/element - {"using":"xpath","value":"//span[contains(text(), \"Cost Center\")]"}
COMMAND: GET /session/7f6ec3857c10649f26842f36b7e75a4c/screenshot - {}
RESULT: {"using":"xpath","value":"//span[contains(text(), \"Cost Center\")]"}
COMMAND: POST /session/7f6ec3857c10649f26842f36b7e75a4c/element/f.4BE7CB3E9946CAC77AC1BA1FEFE24C33.d.35D69E8BEE7571125DE1ABCE92C451C4.e.2133/click - {}
RESULT: {}
RESULT: {}
COMMAND: GET /session/7f6ec3857c10649f26842f36b7e75a4c/screenshot - {}
RESULT: {}
COMMAND: POST /session/7f6ec3857c10649f26842f36b7e75a4c/element - {"using":"xpath","value":"//span[@id=\"application-managesites-display-component---NewSite--addressNewCostObjectCstID-vhi\"]"}
RESULT: {"using":"xpath","value":"//span[@id=\"application-managesites-display-component---NewSite--addressNewCostObjectCstID-vhi\"]"}
COMMAND: POST /session/7f6ec3857c10649f26842f36b7e75a4c/execute/sync - {"script":"<script> [8489 bytes]","args":[{"element-6066-11e4-a52e-4f735466cecf":"f.4BE7CB3E9946CAC77AC1BA1FEFE24C33.d.35D69E8BEE7571125DE1ABCE92C451C4.e.2137","ELEMENT":"f.4BE7CB3E9946CAC77AC1BA1FEFE24C33.d.35D69E8BEE7571125DE1ABCE92C451C4.e.2137"}]}
RESULT: {"script":"<script> [8489 bytes]","args":[{"element-6066-11e4-a52e-4f735466cecf":"f.4BE7CB3E9946CAC77AC1BA1FEFE24C33.d.35D69E8BEE7571125DE1ABCE92C451C4.e.2137","ELEMENT":"f.4BE7CB3E9946CAC77AC1BA1FEFE24C33.d.35D69E8BEE7571125DE1ABCE92C451C4.e.2137"}]}
COMMAND: POST /session/7f6ec3857c10649f26842f36b7e75a4c/execute/async - {"script":"<script> [1562 bytes]","args":[{"selector":{"id":"application-managesites-display-component---NewSite--addressNewCostObjectCstID-vhi"},"wdio_ui5_key":"applicationmanagesites-display-component---NewSite--addressNewCostObjectCstID-vhi"}]}
COMMAND: GET /session/7f6ec3857c10649f26842f36b7e75a4c/screenshot - {}
RESULT: {"script":"<script> [1562 bytes]","args":[{"selector":{"id":"application-managesites-display-component---NewSite--addressNewCostObjectCstID-vhi"},"wdio_ui5_key":"applicationmanagesites-display-component---NewSite--addressNewCostObjectCstID-vhi"}]}
RESULT: undefined
COMMAND: POST /session/7f6ec3857c10649f26842f36b7e75a4c/element - {"using":"xpath","value":"//*[@id=\"application-managesites-display-component---NewSite--addressNewCostObjectCstID-vhi\"]"}
RESULT: {}
RESULT: {"using":"xpath","value":"//*[@id=\"application-managesites-display-component---NewSite--addressNewCostObjectCstID-vhi\"]"}
COMMAND: POST /session/7f6ec3857c10649f26842f36b7e75a4c/element/f.4BE7CB3E9946CAC77AC1BA1FEFE24C33.d.35D69E8BEE7571125DE1ABCE92C451C4.e.2137/click - {}
RESULT: {}
COMMAND: GET /session/7f6ec3857c10649f26842f36b7e75a4c/screenshot - {}
RESULT: {}
RESULT: undefined
COMMAND: POST /session/7f6ec3857c10649f26842f36b7e75a4c/execute/async - {"script":"<script> [776 bytes]","args":[{"enterText":"10001013","selector":{"controlType":"sap.m.SearchField","properties":{"placeholder":"Search"},"searchOpenDialogs":true,"interaction":{"idSuffix":"I"}},"clearTextFirst":true,"interactionType":"ENTER_TEXT"}]}
RESULT: {"script":"<script> [776 bytes]","args":[{"enterText":"10001013","selector":{"controlType":"sap.m.SearchField","properties":{"placeholder":"Search"},"searchOpenDialogs":true,"interaction":{"idSuffix":"I"}},"clearTextFirst":true,"interactionType":"ENTER_TEXT"}]}
COMMAND: POST /session/7f6ec3857c10649f26842f36b7e75a4c/actions - {"actions":[{"id":"action3","type":"key","parameters":{},"actions":[{"type":"keyDown","value":"î€‡"},{"type":"pause","duration":10},{"type":"keyUp","value":"î€‡"}]}]}
RESULT: {"actions":[{"id":"action3","type":"key","parameters":{},"actions":[{"type":"keyDown","value":"î€‡"},{"type":"pause","duration":10},{"type":"keyUp","value":"î€‡"}]}]}
COMMAND: GET /session/7f6ec3857c10649f26842f36b7e75a4c/screenshot - {}
RESULT: {}
COMMAND: POST /session/7f6ec3857c10649f26842f36b7e75a4c/element - {"using":"xpath","value":"//span[contains(text(), \"General Management\")]"}
RESULT: {"using":"xpath","value":"//span[contains(text(), \"General Management\")]"}
COMMAND: POST /session/7f6ec3857c10649f26842f36b7e75a4c/element/f.4BE7CB3E9946CAC77AC1BA1FEFE24C33.d.35D69E8BEE7571125DE1ABCE92C451C4.e.2175/click - {}
RESULT: {}
COMMAND: GET /session/7f6ec3857c10649f26842f36b7e75a4c/screenshot - {}
RESULT: {}
COMMAND: POST /session/7f6ec3857c10649f26842f36b7e75a4c/element - {"using":"xpath","value":"//bdi[contains(text(), \"OK\")]"}
RESULT: {"using":"xpath","value":"//bdi[contains(text(), \"OK\")]"}
COMMAND: POST /session/7f6ec3857c10649f26842f36b7e75a4c/element/f.4BE7CB3E9946CAC77AC1BA1FEFE24C33.d.35D69E8BEE7571125DE1ABCE92C451C4.e.2176/click - {}
RESULT: {}
COMMAND: GET /session/7f6ec3857c10649f26842f36b7e75a4c/screenshot - {}
RESULT: {}
COMMAND: POST /session/7f6ec3857c10649f26842f36b7e75a4c/element - {"using":"xpath","value":"//input[@id=\"application-managesites-display-component---NewSite--addressDetailDetailsCalendar-inner\"]"}
RESULT: {"using":"xpath","value":"//input[@id=\"application-managesites-display-component---NewSite--addressDetailDetailsCalendar-inner\"]"}
COMMAND: POST /session/7f6ec3857c10649f26842f36b7e75a4c/element/f.4BE7CB3E9946CAC77AC1BA1FEFE24C33.d.35D69E8BEE7571125DE1ABCE92C451C4.e.1883/clear - {}
RESULT: {}
COMMAND: POST /session/7f6ec3857c10649f26842f36b7e75a4c/element/f.4BE7CB3E9946CAC77AC1BA1FEFE24C33.d.35D69E8BEE7571125DE1ABCE92C451C4.e.1883/value - {"text":"Unit"}
COMMAND: GET /session/7f6ec3857c10649f26842f36b7e75a4c/screenshot - {}
RESULT: {"text":"Unit"}
COMMAND: GET /session/7f6ec3857c10649f26842f36b7e75a4c/screenshot - {}
RESULT: {}
RESULT: {}
COMMAND: POST /session/7f6ec3857c10649f26842f36b7e75a4c/actions - {"actions":[{"id":"action4","type":"key","parameters":{},"actions":[{"type":"keyDown","value":"î€‡"},{"type":"pause","duration":10},{"type":"keyUp","value":"î€‡"}]}]}
RESULT: {"actions":[{"id":"action4","type":"key","parameters":{},"actions":[{"type":"keyDown","value":"î€‡"},{"type":"pause","duration":10},{"type":"keyUp","value":"î€‡"}]}]}
COMMAND: POST /session/7f6ec3857c10649f26842f36b7e75a4c/element - {"using":"xpath","value":"//input[@id=\"application-managesites-display-component---NewSite--addressDetailDetailsYard-inner\"]"}
COMMAND: GET /session/7f6ec3857c10649f26842f36b7e75a4c/screenshot - {}
RESULT: {"using":"xpath","value":"//input[@id=\"application-managesites-display-component---NewSite--addressDetailDetailsYard-inner\"]"}
COMMAND: POST /session/7f6ec3857c10649f26842f36b7e75a4c/element/f.4BE7CB3E9946CAC77AC1BA1FEFE24C33.d.35D69E8BEE7571125DE1ABCE92C451C4.e.1884/clear - {}
RESULT: {}
RESULT: {}
COMMAND: POST /session/7f6ec3857c10649f26842f36b7e75a4c/element/f.4BE7CB3E9946CAC77AC1BA1FEFE24C33.d.35D69E8BEE7571125DE1ABCE92C451C4.e.1884/value - {"text":"384"}
COMMAND: GET /session/7f6ec3857c10649f26842f36b7e75a4c/screenshot - {}
RESULT: {"text":"384"}
COMMAND: GET /session/7f6ec3857c10649f26842f36b7e75a4c/screenshot - {}
RESULT: {}
RESULT: {}
COMMAND: POST /session/7f6ec3857c10649f26842f36b7e75a4c/element - {"using":"xpath","value":"//li[.//span[text()='384']]"}
RESULT: {"using":"xpath","value":"//li[.//span[text()='384']]"}
COMMAND: POST /session/7f6ec3857c10649f26842f36b7e75a4c/element/f.4BE7CB3E9946CAC77AC1BA1FEFE24C33.d.35D69E8BEE7571125DE1ABCE92C451C4.e.2184/click - {}
RESULT: {}
COMMAND: GET /session/7f6ec3857c10649f26842f36b7e75a4c/screenshot - {}
RESULT: {}
COMMAND: POST /session/7f6ec3857c10649f26842f36b7e75a4c/element - {"using":"xpath","value":"//input[@id=\"application-managesites-display-component---NewSite--addressDetailDetailsPartner-inner\"]"}
RESULT: {"using":"xpath","value":"//input[@id=\"application-managesites-display-component---NewSite--addressDetailDetailsPartner-inner\"]"}
COMMAND: POST /session/7f6ec3857c10649f26842f36b7e75a4c/element - {"using":"xpath","value":"//input[@id=\"application-managesites-display-component---NewSite--addressDetailDetailsPartner-inner\"]"}
RESULT: {"using":"xpath","value":"//input[@id=\"application-managesites-display-component---NewSite--addressDetailDetailsPartner-inner\"]"}
COMMAND: POST /session/7f6ec3857c10649f26842f36b7e75a4c/execute/async - {"script":"<script> [1562 bytes]","args":[{"selector":{"id":"application-managesites-display-component---NewSite--siteWhmCheckBox-label","interaction":{"idSuffix":"bdi"}},"wdio_ui5_key":"applicationmanagesites-display-component---NewSite--siteWhmCheckBox-label"}]}
RESULT: {"script":"<script> [1562 bytes]","args":[{"selector":{"id":"application-managesites-display-component---NewSite--siteWhmCheckBox-label","interaction":{"idSuffix":"bdi"}},"wdio_ui5_key":"applicationmanagesites-display-component---NewSite--siteWhmCheckBox-label"}]}
RESULT: undefined
COMMAND: POST /session/7f6ec3857c10649f26842f36b7e75a4c/element - {"using":"xpath","value":"//*[@id=\"application-managesites-display-component---NewSite--siteWhmCheckBox-label\"]"}
RESULT: {"using":"xpath","value":"//*[@id=\"application-managesites-display-component---NewSite--siteWhmCheckBox-label\"]"}
COMMAND: POST /session/7f6ec3857c10649f26842f36b7e75a4c/element/f.4BE7CB3E9946CAC77AC1BA1FEFE24C33.d.35D69E8BEE7571125DE1ABCE92C451C4.e.2186/click - {}
RESULT: {}
COMMAND: GET /session/7f6ec3857c10649f26842f36b7e75a4c/screenshot - {}
RESULT: {}
COMMAND: POST /session/7f6ec3857c10649f26842f36b7e75a4c/element - {"using":"xpath","value":"//button[@data-kt=\"saveButton\"]"}
RESULT: {"using":"xpath","value":"//button[@data-kt=\"saveButton\"]"}
COMMAND: POST /session/7f6ec3857c10649f26842f36b7e75a4c/element/f.4BE7CB3E9946CAC77AC1BA1FEFE24C33.d.35D69E8BEE7571125DE1ABCE92C451C4.e.2047/click - {}
RESULT: {}
COMMAND: GET /session/7f6ec3857c10649f26842f36b7e75a4c/screenshot - {}
RESULT: {}
COMMAND: POST /session/7f6ec3857c10649f26842f36b7e75a4c/element - {"using":"xpath","value":"//header[contains(@id, 'ObjectPageLayout-headerTitle')]/div[1]/div[2]/div[2]/span[1]"}
RESULT: {"using":"xpath","value":"//header[contains(@id, 'ObjectPageLayout-headerTitle')]/div[1]/div[2]/div[2]/span[1]"}
COMMAND: POST /session/7f6ec3857c10649f26842f36b7e75a4c/elements - {"using":"xpath","value":"//header[contains(@id, 'ObjectPageLayout-headerTitle')]/div[1]/div[2]/div[2]/span[1]"}
RESULT: {"using":"xpath","value":"//header[contains(@id, 'ObjectPageLayout-headerTitle')]/div[1]/div[2]/div[2]/span[1]"}
COMMAND: POST /session/7f6ec3857c10649f26842f36b7e75a4c/execute/sync - {"script":"<script> [56 bytes]","args":[{"element-6066-11e4-a52e-4f735466cecf":"f.4BE7CB3E9946CAC77AC1BA1FEFE24C33.d.35D69E8BEE7571125DE1ABCE92C451C4.e.2391","ELEMENT":"f.4BE7CB3E9946CAC77AC1BA1FEFE24C33.d.35D69E8BEE7571125DE1ABCE92C451C4.e.2391"}]}
RESULT: {"script":"<script> [56 bytes]","args":[{"element-6066-11e4-a52e-4f735466cecf":"f.4BE7CB3E9946CAC77AC1BA1FEFE24C33.d.35D69E8BEE7571125DE1ABCE92C451C4.e.2391","ELEMENT":"f.4BE7CB3E9946CAC77AC1BA1FEFE24C33.d.35D69E8BEE7571125DE1ABCE92C451C4.e.2391"}]}
COMMAND: POST /session/7f6ec3857c10649f26842f36b7e75a4c/element - {"using":"css selector","value":"#shell-header-logo"}
COMMAND: GET /session/7f6ec3857c10649f26842f36b7e75a4c/screenshot - {}
RESULT: {"using":"css selector","value":"#shell-header-logo"}
COMMAND: POST /session/7f6ec3857c10649f26842f36b7e75a4c/element/f.4BE7CB3E9946CAC77AC1BA1FEFE24C33.d.35D69E8BEE7571125DE1ABCE92C451C4.e.1671/click - {}
RESULT: {}
RESULT: {}
COMMAND: GET /session/7f6ec3857c10649f26842f36b7e75a4c/screenshot - {}
RESULT: {}
COMMAND: POST /session/7f6ec3857c10649f26842f36b7e75a4c/execute/sync - {"script":"<script> [299 bytes]","args":[["getModel","getResource"]]}
RESULT: {"script":"<script> [299 bytes]","args":[["getModel","getResource"]]}
]]></system-out>
    </testcase>
    <testcase classname="chrome.136_0_7103_49.windows.Stock_increase_-_with_WHM_US125587" name="Should create a new material" time="112.256">
      <system-out><![CDATA[
COMMAND: GET /session/7f6ec3857c10649f26842f36b7e75a4c/screenshot - {}
COMMAND: POST /session/7f6ec3857c10649f26842f36b7e75a4c/execute/async - {"script":"<script> [1562 bytes]","args":[{"selector":{"controlType":"sap.m.GenericTile","properties":{"header":"Manage Resources"}},"wdio_ui5_key":"sapm.GenericTile{\"header\":\"Manage Resources\"}"}]}
RESULT: {}
RESULT: {"script":"<script> [1562 bytes]","args":[{"selector":{"controlType":"sap.m.GenericTile","properties":{"header":"Manage Resources"}},"wdio_ui5_key":"sapm.GenericTile{\"header\":\"Manage Resources\"}"}]}
RESULT: undefined
COMMAND: POST /session/7f6ec3857c10649f26842f36b7e75a4c/element - {"using":"xpath","value":"//*[@id=\"__tile39\"]"}
RESULT: {"using":"xpath","value":"//*[@id=\"__tile39\"]"}
COMMAND: POST /session/7f6ec3857c10649f26842f36b7e75a4c/element/f.4BE7CB3E9946CAC77AC1BA1FEFE24C33.d.35D69E8BEE7571125DE1ABCE92C451C4.e.123/click - {}
RESULT: {}
COMMAND: GET /session/7f6ec3857c10649f26842f36b7e75a4c/screenshot - {}
RESULT: {}
COMMAND: POST /session/7f6ec3857c10649f26842f36b7e75a4c/elements - {"using":"xpath","value":"//span[text()='Error']"}
RESULT: {"using":"xpath","value":"//span[text()='Error']"}
COMMAND: POST /session/7f6ec3857c10649f26842f36b7e75a4c/element - {"using":"xpath","value":"//button[@data-kt=\"addNewRUOverflowToolbarButton\"]"}
RESULT: {"using":"xpath","value":"//button[@data-kt=\"addNewRUOverflowToolbarButton\"]"}
COMMAND: POST /session/7f6ec3857c10649f26842f36b7e75a4c/elements - {"using":"xpath","value":"//button[@data-kt=\"addNewRUOverflowToolbarButton\"]"}
RESULT: {"using":"xpath","value":"//button[@data-kt=\"addNewRUOverflowToolbarButton\"]"}
COMMAND: POST /session/7f6ec3857c10649f26842f36b7e75a4c/execute/sync - {"script":"<script> [8489 bytes]","args":[{"element-6066-11e4-a52e-4f735466cecf":"f.4BE7CB3E9946CAC77AC1BA1FEFE24C33.d.35D69E8BEE7571125DE1ABCE92C451C4.e.2425","ELEMENT":"f.4BE7CB3E9946CAC77AC1BA1FEFE24C33.d.35D69E8BEE7571125DE1ABCE92C451C4.e.2425"}]}
RESULT: {"script":"<script> [8489 bytes]","args":[{"element-6066-11e4-a52e-4f735466cecf":"f.4BE7CB3E9946CAC77AC1BA1FEFE24C33.d.35D69E8BEE7571125DE1ABCE92C451C4.e.2425","ELEMENT":"f.4BE7CB3E9946CAC77AC1BA1FEFE24C33.d.35D69E8BEE7571125DE1ABCE92C451C4.e.2425"}]}
COMMAND: GET /session/7f6ec3857c10649f26842f36b7e75a4c/element/f.4BE7CB3E9946CAC77AC1BA1FEFE24C33.d.35D69E8BEE7571125DE1ABCE92C451C4.e.2425/enabled - {}
COMMAND: GET /session/7f6ec3857c10649f26842f36b7e75a4c/screenshot - {}
RESULT: {}
COMMAND: POST /session/7f6ec3857c10649f26842f36b7e75a4c/execute/sync - {"script":"<script> [8489 bytes]","args":[{"element-6066-11e4-a52e-4f735466cecf":"f.4BE7CB3E9946CAC77AC1BA1FEFE24C33.d.35D69E8BEE7571125DE1ABCE92C451C4.e.2425","ELEMENT":"f.4BE7CB3E9946CAC77AC1BA1FEFE24C33.d.35D69E8BEE7571125DE1ABCE92C451C4.e.2425"}]}
COMMAND: GET /session/7f6ec3857c10649f26842f36b7e75a4c/screenshot - {}
RESULT: {}
RESULT: {"script":"<script> [8489 bytes]","args":[{"element-6066-11e4-a52e-4f735466cecf":"f.4BE7CB3E9946CAC77AC1BA1FEFE24C33.d.35D69E8BEE7571125DE1ABCE92C451C4.e.2425","ELEMENT":"f.4BE7CB3E9946CAC77AC1BA1FEFE24C33.d.35D69E8BEE7571125DE1ABCE92C451C4.e.2425"}]}
COMMAND: POST /session/7f6ec3857c10649f26842f36b7e75a4c/execute/sync - {"script":"<script> [5351 bytes]","args":[{"element-6066-11e4-a52e-4f735466cecf":"f.4BE7CB3E9946CAC77AC1BA1FEFE24C33.d.35D69E8BEE7571125DE1ABCE92C451C4.e.2425","ELEMENT":"f.4BE7CB3E9946CAC77AC1BA1FEFE24C33.d.35D69E8BEE7571125DE1ABCE92C451C4.e.2425"}]}
COMMAND: GET /session/7f6ec3857c10649f26842f36b7e75a4c/screenshot - {}
RESULT: {}
RESULT: {"script":"<script> [5351 bytes]","args":[{"element-6066-11e4-a52e-4f735466cecf":"f.4BE7CB3E9946CAC77AC1BA1FEFE24C33.d.35D69E8BEE7571125DE1ABCE92C451C4.e.2425","ELEMENT":"f.4BE7CB3E9946CAC77AC1BA1FEFE24C33.d.35D69E8BEE7571125DE1ABCE92C451C4.e.2425"}]}
COMMAND: POST /session/7f6ec3857c10649f26842f36b7e75a4c/element/f.4BE7CB3E9946CAC77AC1BA1FEFE24C33.d.35D69E8BEE7571125DE1ABCE92C451C4.e.2425/click - {}
COMMAND: GET /session/7f6ec3857c10649f26842f36b7e75a4c/screenshot - {}
RESULT: {}
RESULT: {}
COMMAND: GET /session/7f6ec3857c10649f26842f36b7e75a4c/screenshot - {}
RESULT: {}
RESULT: {}
COMMAND: POST /session/7f6ec3857c10649f26842f36b7e75a4c/execute/async - {"script":"<script> [1562 bytes]","args":[{"selector":{"id":"application-manageresources-display-component---newResourceUnit--TYPE-arrow"},"wdio_ui5_key":"applicationmanageresources-display-component---newResourceUnit--TYPE-arrow"}]}
RESULT: {"script":"<script> [1562 bytes]","args":[{"selector":{"id":"application-manageresources-display-component---newResourceUnit--TYPE-arrow"},"wdio_ui5_key":"applicationmanageresources-display-component---newResourceUnit--TYPE-arrow"}]}
RESULT: undefined
COMMAND: POST /session/7f6ec3857c10649f26842f36b7e75a4c/element - {"using":"xpath","value":"//*[@id=\"application-manageresources-display-component---newResourceUnit--TYPE-arrow\"]"}
RESULT: {"using":"xpath","value":"//*[@id=\"application-manageresources-display-component---newResourceUnit--TYPE-arrow\"]"}
COMMAND: POST /session/7f6ec3857c10649f26842f36b7e75a4c/element/f.4BE7CB3E9946CAC77AC1BA1FEFE24C33.d.35D69E8BEE7571125DE1ABCE92C451C4.e.2792/click - {}
RESULT: {}
COMMAND: POST /session/7f6ec3857c10649f26842f36b7e75a4c/element - {"using":"xpath","value":"//input[@id=\"application-manageresources-display-component---newResourceUnit--TYPE-inner\"]"}
COMMAND: GET /session/7f6ec3857c10649f26842f36b7e75a4c/screenshot - {}
RESULT: {"using":"xpath","value":"//input[@id=\"application-manageresources-display-component---newResourceUnit--TYPE-inner\"]"}
COMMAND: POST /session/7f6ec3857c10649f26842f36b7e75a4c/element/f.4BE7CB3E9946CAC77AC1BA1FEFE24C33.d.35D69E8BEE7571125DE1ABCE92C451C4.e.2776/clear - {}
RESULT: {}
RESULT: {}
COMMAND: POST /session/7f6ec3857c10649f26842f36b7e75a4c/element/f.4BE7CB3E9946CAC77AC1BA1FEFE24C33.d.35D69E8BEE7571125DE1ABCE92C451C4.e.2776/value - {"text":"Material"}
COMMAND: GET /session/7f6ec3857c10649f26842f36b7e75a4c/screenshot - {}
RESULT: {"text":"Material"}
COMMAND: GET /session/7f6ec3857c10649f26842f36b7e75a4c/screenshot - {}
RESULT: {}
RESULT: {}
COMMAND: POST /session/7f6ec3857c10649f26842f36b7e75a4c/actions - {"actions":[{"id":"action5","type":"key","parameters":{},"actions":[{"type":"keyDown","value":"î€‡"},{"type":"pause","duration":10},{"type":"keyUp","value":"î€‡"}]}]}
RESULT: {"actions":[{"id":"action5","type":"key","parameters":{},"actions":[{"type":"keyDown","value":"î€‡"},{"type":"pause","duration":10},{"type":"keyUp","value":"î€‡"}]}]}
COMMAND: POST /session/7f6ec3857c10649f26842f36b7e75a4c/execute/async - {"script":"<script> [1562 bytes]","args":[{"selector":{"id":"application-manageresources-display-component---newResourceUnit--SHORT_TEXT","interaction":{"idSuffix":"inner"}},"wdio_ui5_key":"applicationmanageresources-display-component---newResourceUnit--SHORT_TEXT"}]}
COMMAND: GET /session/7f6ec3857c10649f26842f36b7e75a4c/screenshot - {}
RESULT: {"script":"<script> [1562 bytes]","args":[{"selector":{"id":"application-manageresources-display-component---newResourceUnit--SHORT_TEXT","interaction":{"idSuffix":"inner"}},"wdio_ui5_key":"applicationmanageresources-display-component---newResourceUnit--SHORT_TEXT"}]}
RESULT: undefined
COMMAND: POST /session/7f6ec3857c10649f26842f36b7e75a4c/execute/async - {"script":"<script> [776 bytes]","args":[{"enterText":"Cement WDIO","selector":{"id":"application-manageresources-display-component---newResourceUnit--SHORT_TEXT","interaction":{"idSuffix":"inner"}},"clearTextFirst":true,"interactionType":"ENTER_TEXT"}]}
RESULT: {}
RESULT: {"script":"<script> [776 bytes]","args":[{"enterText":"Cement WDIO","selector":{"id":"application-manageresources-display-component---newResourceUnit--SHORT_TEXT","interaction":{"idSuffix":"inner"}},"clearTextFirst":true,"interactionType":"ENTER_TEXT"}]}
COMMAND: POST /session/7f6ec3857c10649f26842f36b7e75a4c/execute/async - {"script":"<script> [1562 bytes]","args":[{"selector":{"id":"application-manageresources-display-component---newResourceUnit--BASE_UNIT_OF_MEASURE","interaction":{"idSuffix":"inner"}},"wdio_ui5_key":"applicationmanageresources-display-component---newResourceUnit--BASE_UNIT_OF_MEASURE"}]}
RESULT: {"script":"<script> [1562 bytes]","args":[{"selector":{"id":"application-manageresources-display-component---newResourceUnit--BASE_UNIT_OF_MEASURE","interaction":{"idSuffix":"inner"}},"wdio_ui5_key":"applicationmanageresources-display-component---newResourceUnit--BASE_UNIT_OF_MEASURE"}]}
RESULT: undefined
COMMAND: POST /session/7f6ec3857c10649f26842f36b7e75a4c/execute/async - {"script":"<script> [776 bytes]","args":[{"enterText":"Piece","selector":{"id":"application-manageresources-display-component---newResourceUnit--BASE_UNIT_OF_MEASURE","interaction":{"idSuffix":"inner"}},"clearTextFirst":true,"interactionType":"ENTER_TEXT"}]}
RESULT: {"script":"<script> [776 bytes]","args":[{"enterText":"Piece","selector":{"id":"application-manageresources-display-component---newResourceUnit--BASE_UNIT_OF_MEASURE","interaction":{"idSuffix":"inner"}},"clearTextFirst":true,"interactionType":"ENTER_TEXT"}]}
COMMAND: POST /session/7f6ec3857c10649f26842f36b7e75a4c/execute/async - {"script":"<script> [1562 bytes]","args":[{"selector":{"id":"application-manageresources-display-component---newResourceUnit--WEIGHT_UNIT","interaction":{"idSuffix":"inner"}},"wdio_ui5_key":"applicationmanageresources-display-component---newResourceUnit--WEIGHT_UNIT"}]}
RESULT: {"script":"<script> [1562 bytes]","args":[{"selector":{"id":"application-manageresources-display-component---newResourceUnit--WEIGHT_UNIT","interaction":{"idSuffix":"inner"}},"wdio_ui5_key":"applicationmanageresources-display-component---newResourceUnit--WEIGHT_UNIT"}]}
RESULT: undefined
COMMAND: POST /session/7f6ec3857c10649f26842f36b7e75a4c/execute/async - {"script":"<script> [776 bytes]","args":[{"enterText":"Gram","selector":{"id":"application-manageresources-display-component---newResourceUnit--WEIGHT_UNIT","interaction":{"idSuffix":"inner"}},"clearTextFirst":true,"interactionType":"ENTER_TEXT"}]}
RESULT: {"script":"<script> [776 bytes]","args":[{"enterText":"Gram","selector":{"id":"application-manageresources-display-component---newResourceUnit--WEIGHT_UNIT","interaction":{"idSuffix":"inner"}},"clearTextFirst":true,"interactionType":"ENTER_TEXT"}]}
COMMAND: POST /session/7f6ec3857c10649f26842f36b7e75a4c/execute/async - {"script":"<script> [1562 bytes]","args":[{"selector":{"id":"application-manageresources-display-component---newResourceUnit--DIMENSION_UNIT","interaction":{"idSuffix":"inner"}},"wdio_ui5_key":"applicationmanageresources-display-component---newResourceUnit--DIMENSION_UNIT"}]}
RESULT: {"script":"<script> [1562 bytes]","args":[{"selector":{"id":"application-manageresources-display-component---newResourceUnit--DIMENSION_UNIT","interaction":{"idSuffix":"inner"}},"wdio_ui5_key":"applicationmanageresources-display-component---newResourceUnit--DIMENSION_UNIT"}]}
RESULT: undefined
COMMAND: POST /session/7f6ec3857c10649f26842f36b7e75a4c/execute/async - {"script":"<script> [776 bytes]","args":[{"enterText":"Meter","selector":{"id":"application-manageresources-display-component---newResourceUnit--DIMENSION_UNIT","interaction":{"idSuffix":"inner"}},"clearTextFirst":true,"interactionType":"ENTER_TEXT"}]}
RESULT: {"script":"<script> [776 bytes]","args":[{"enterText":"Meter","selector":{"id":"application-manageresources-display-component---newResourceUnit--DIMENSION_UNIT","interaction":{"idSuffix":"inner"}},"clearTextFirst":true,"interactionType":"ENTER_TEXT"}]}
COMMAND: POST /session/7f6ec3857c10649f26842f36b7e75a4c/execute/async - {"script":"<script> [1562 bytes]","args":[{"selector":{"id":"application-manageresources-display-component---newResourceUnit--newRRUPage-anchBar-application-manageresources-display-component---newResourceUnit--control-anchor","interaction":{"idSuffix":"BDI-content"}},"wdio_ui5_key":"applicationmanageresources-display-component---newResourceUnit--newRRUPage-anchBar-application-manageresources-display-component---newResourceUnit--control-anchor"}]}
RESULT: {"script":"<script> [1562 bytes]","args":[{"selector":{"id":"application-manageresources-display-component---newResourceUnit--newRRUPage-anchBar-application-manageresources-display-component---newResourceUnit--control-anchor","interaction":{"idSuffix":"BDI-content"}},"wdio_ui5_key":"applicationmanageresources-display-component---newResourceUnit--newRRUPage-anchBar-application-manageresources-display-component---newResourceUnit--control-anchor"}]}
RESULT: undefined
COMMAND: POST /session/7f6ec3857c10649f26842f36b7e75a4c/element - {"using":"xpath","value":"//*[@id=\"application-manageresources-display-component---newResourceUnit--newRRUPage-anchBar-application-manageresources-display-component---newResourceUnit--control-anchor\"]"}
RESULT: {"using":"xpath","value":"//*[@id=\"application-manageresources-display-component---newResourceUnit--newRRUPage-anchBar-application-manageresources-display-component---newResourceUnit--control-anchor\"]"}
COMMAND: POST /session/7f6ec3857c10649f26842f36b7e75a4c/element/f.4BE7CB3E9946CAC77AC1BA1FEFE24C33.d.35D69E8BEE7571125DE1ABCE92C451C4.e.2857/click - {}
RESULT: {}
COMMAND: POST /session/7f6ec3857c10649f26842f36b7e75a4c/execute/async - {"script":"<script> [1562 bytes]","args":[{"selector":{"id":"application-manageresources-display-component---newResourceUnit--PLANNING_GROUP","interaction":{"idSuffix":"inner"}},"wdio_ui5_key":"applicationmanageresources-display-component---newResourceUnit--PLANNING_GROUP"}]}
COMMAND: GET /session/7f6ec3857c10649f26842f36b7e75a4c/screenshot - {}
RESULT: {"script":"<script> [1562 bytes]","args":[{"selector":{"id":"application-manageresources-display-component---newResourceUnit--PLANNING_GROUP","interaction":{"idSuffix":"inner"}},"wdio_ui5_key":"applicationmanageresources-display-component---newResourceUnit--PLANNING_GROUP"}]}
RESULT: undefined
COMMAND: POST /session/7f6ec3857c10649f26842f36b7e75a4c/execute/async - {"script":"<script> [776 bytes]","args":[{"enterText":"Material","selector":{"id":"application-manageresources-display-component---newResourceUnit--PLANNING_GROUP","interaction":{"idSuffix":"inner"}},"clearTextFirst":true,"interactionType":"ENTER_TEXT"}]}
RESULT: {}
RESULT: {"script":"<script> [776 bytes]","args":[{"enterText":"Material","selector":{"id":"application-manageresources-display-component---newResourceUnit--PLANNING_GROUP","interaction":{"idSuffix":"inner"}},"clearTextFirst":true,"interactionType":"ENTER_TEXT"}]}
COMMAND: POST /session/7f6ec3857c10649f26842f36b7e75a4c/execute/async - {"script":"<script> [1562 bytes]","args":[{"selector":{"id":"application-manageresources-display-component---newResourceUnit--PLANNING_INDICATOR","interaction":{"idSuffix":"inner"}},"wdio_ui5_key":"applicationmanageresources-display-component---newResourceUnit--PLANNING_INDICATOR"}]}
RESULT: {"script":"<script> [1562 bytes]","args":[{"selector":{"id":"application-manageresources-display-component---newResourceUnit--PLANNING_INDICATOR","interaction":{"idSuffix":"inner"}},"wdio_ui5_key":"applicationmanageresources-display-component---newResourceUnit--PLANNING_INDICATOR"}]}
RESULT: undefined
COMMAND: POST /session/7f6ec3857c10649f26842f36b7e75a4c/execute/async - {"script":"<script> [776 bytes]","args":[{"enterText":"10 - infinite","selector":{"id":"application-manageresources-display-component---newResourceUnit--PLANNING_INDICATOR","interaction":{"idSuffix":"inner"}},"clearTextFirst":true,"interactionType":"ENTER_TEXT"}]}
RESULT: {"script":"<script> [776 bytes]","args":[{"enterText":"10 - infinite","selector":{"id":"application-manageresources-display-component---newResourceUnit--PLANNING_INDICATOR","interaction":{"idSuffix":"inner"}},"clearTextFirst":true,"interactionType":"ENTER_TEXT"}]}
COMMAND: POST /session/7f6ec3857c10649f26842f36b7e75a4c/element - {"using":"css selector","value":"#application-manageresources-display-component---newResourceUnit--btnAddTimeSegment"}
RESULT: {"using":"css selector","value":"#application-manageresources-display-component---newResourceUnit--btnAddTimeSegment"}
COMMAND: GET /session/7f6ec3857c10649f26842f36b7e75a4c/element/f.4BE7CB3E9946CAC77AC1BA1FEFE24C33.d.35D69E8BEE7571125DE1ABCE92C451C4.e.2865/rect - {}
RESULT: {}
COMMAND: GET /session/7f6ec3857c10649f26842f36b7e75a4c/window/rect - {}
RESULT: {}
COMMAND: POST /session/7f6ec3857c10649f26842f36b7e75a4c/execute/sync - {"script":"<script> [92 bytes]","args":[]}
RESULT: {"script":"<script> [92 bytes]","args":[]}
COMMAND: POST /session/7f6ec3857c10649f26842f36b7e75a4c/actions - {"actions":[{"id":"action6","type":"wheel","parameters":{},"actions":[{"type":"scroll","x":-1888,"y":-32,"deltaX":0,"deltaY":0,"duration":0,"origin":{"element-6066-11e4-a52e-4f735466cecf":"f.4BE7CB3E9946CAC77AC1BA1FEFE24C33.d.35D69E8BEE7571125DE1ABCE92C451C4.e.2865"}}]}]}
COMMAND: GET /session/7f6ec3857c10649f26842f36b7e75a4c/screenshot - {}
RESULT: {}
COMMAND: POST /session/7f6ec3857c10649f26842f36b7e75a4c/execute/sync - {"script":"<script> [79 bytes]","args":[{"element-6066-11e4-a52e-4f735466cecf":"f.4BE7CB3E9946CAC77AC1BA1FEFE24C33.d.35D69E8BEE7571125DE1ABCE92C451C4.e.2865","ELEMENT":"f.4BE7CB3E9946CAC77AC1BA1FEFE24C33.d.35D69E8BEE7571125DE1ABCE92C451C4.e.2865"},{"block":"start","inline":"nearest"}]}
RESULT: {"script":"<script> [79 bytes]","args":[{"element-6066-11e4-a52e-4f735466cecf":"f.4BE7CB3E9946CAC77AC1BA1FEFE24C33.d.35D69E8BEE7571125DE1ABCE92C451C4.e.2865","ELEMENT":"f.4BE7CB3E9946CAC77AC1BA1FEFE24C33.d.35D69E8BEE7571125DE1ABCE92C451C4.e.2865"},{"block":"start","inline":"nearest"}]}
COMMAND: POST /session/7f6ec3857c10649f26842f36b7e75a4c/execute/async - {"script":"<script> [1562 bytes]","args":[{"selector":{"id":"application-manageresources-display-component---newResourceUnit--btnAddTimeSegment","interaction":{"idSuffix":"inner"}},"wdio_ui5_key":"applicationmanageresources-display-component---newResourceUnit--btnAddTimeSegment"}]}
COMMAND: GET /session/7f6ec3857c10649f26842f36b7e75a4c/screenshot - {}
RESULT: {"script":"<script> [1562 bytes]","args":[{"selector":{"id":"application-manageresources-display-component---newResourceUnit--btnAddTimeSegment","interaction":{"idSuffix":"inner"}},"wdio_ui5_key":"applicationmanageresources-display-component---newResourceUnit--btnAddTimeSegment"}]}
RESULT: undefined
COMMAND: POST /session/7f6ec3857c10649f26842f36b7e75a4c/element - {"using":"xpath","value":"//*[@id=\"application-manageresources-display-component---newResourceUnit--btnAddTimeSegment\"]"}
RESULT: {}
RESULT: {"using":"xpath","value":"//*[@id=\"application-manageresources-display-component---newResourceUnit--btnAddTimeSegment\"]"}
COMMAND: POST /session/7f6ec3857c10649f26842f36b7e75a4c/element/f.4BE7CB3E9946CAC77AC1BA1FEFE24C33.d.35D69E8BEE7571125DE1ABCE92C451C4.e.2865/click - {}
RESULT: {}
COMMAND: GET /session/7f6ec3857c10649f26842f36b7e75a4c/screenshot - {}
RESULT: {}
COMMAND: POST /session/7f6ec3857c10649f26842f36b7e75a4c/element - {"using":"xpath","value":"//input[@id=\"application-manageresources-display-component---newResourceUnit--idRuTSAdmin-application-manageresources-display-component---newResourceUnit--RUTimeSegment-0-inner\"]"}
RESULT: {"using":"xpath","value":"//input[@id=\"application-manageresources-display-component---newResourceUnit--idRuTSAdmin-application-manageresources-display-component---newResourceUnit--RUTimeSegment-0-inner\"]"}
COMMAND: POST /session/7f6ec3857c10649f26842f36b7e75a4c/element/f.4BE7CB3E9946CAC77AC1BA1FEFE24C33.d.35D69E8BEE7571125DE1ABCE92C451C4.e.2870/clear - {}
RESULT: {}
COMMAND: POST /session/7f6ec3857c10649f26842f36b7e75a4c/element/f.4BE7CB3E9946CAC77AC1BA1FEFE24C33.d.35D69E8BEE7571125DE1ABCE92C451C4.e.2870/value - {"text":"384"}
COMMAND: GET /session/7f6ec3857c10649f26842f36b7e75a4c/screenshot - {}
RESULT: {"text":"384"}
COMMAND: GET /session/7f6ec3857c10649f26842f36b7e75a4c/screenshot - {}
RESULT: {}
RESULT: {}
COMMAND: POST /session/7f6ec3857c10649f26842f36b7e75a4c/element - {"using":"xpath","value":"//li[.//span[text()='384']]"}
RESULT: {"using":"xpath","value":"//li[.//span[text()='384']]"}
COMMAND: POST /session/7f6ec3857c10649f26842f36b7e75a4c/element/f.4BE7CB3E9946CAC77AC1BA1FEFE24C33.d.35D69E8BEE7571125DE1ABCE92C451C4.e.2878/click - {}
RESULT: {}
COMMAND: GET /session/7f6ec3857c10649f26842f36b7e75a4c/screenshot - {}
RESULT: {}
COMMAND: POST /session/7f6ec3857c10649f26842f36b7e75a4c/element - {"using":"xpath","value":"(//span[contains(@id, \"-application-manageresources-display-component---newResourceUnit--RUTimeSegment-0-arrow\")])[2]"}
RESULT: {"using":"xpath","value":"(//span[contains(@id, \"-application-manageresources-display-component---newResourceUnit--RUTimeSegment-0-arrow\")])[2]"}
COMMAND: POST /session/7f6ec3857c10649f26842f36b7e75a4c/element/f.4BE7CB3E9946CAC77AC1BA1FEFE24C33.d.35D69E8BEE7571125DE1ABCE92C451C4.e.2879/click - {}
RESULT: {}
COMMAND: POST /session/7f6ec3857c10649f26842f36b7e75a4c/element - {"using":"xpath","value":"//span[contains(text(), \"PM Order\")]"}
COMMAND: GET /session/7f6ec3857c10649f26842f36b7e75a4c/screenshot - {}
RESULT: {"using":"xpath","value":"//span[contains(text(), \"PM Order\")]"}
COMMAND: POST /session/7f6ec3857c10649f26842f36b7e75a4c/element/f.4BE7CB3E9946CAC77AC1BA1FEFE24C33.d.35D69E8BEE7571125DE1ABCE92C451C4.e.2880/click - {}
RESULT: {}
RESULT: {}
COMMAND: GET /session/7f6ec3857c10649f26842f36b7e75a4c/screenshot - {}
RESULT: {}
COMMAND: POST /session/7f6ec3857c10649f26842f36b7e75a4c/element - {"using":"xpath","value":"//td/div/div/div/span[contains(@id, \"newResourceUnit--RUTimeSegment-0-vhi\")][1]"}
RESULT: {"using":"xpath","value":"//td/div/div/div/span[contains(@id, \"newResourceUnit--RUTimeSegment-0-vhi\")][1]"}
COMMAND: GET /session/7f6ec3857c10649f26842f36b7e75a4c/element/f.4BE7CB3E9946CAC77AC1BA1FEFE24C33.d.35D69E8BEE7571125DE1ABCE92C451C4.e.2884/rect - {}
RESULT: {}
COMMAND: GET /session/7f6ec3857c10649f26842f36b7e75a4c/window/rect - {}
RESULT: {}
COMMAND: POST /session/7f6ec3857c10649f26842f36b7e75a4c/execute/sync - {"script":"<script> [92 bytes]","args":[]}
RESULT: {"script":"<script> [92 bytes]","args":[]}
COMMAND: POST /session/7f6ec3857c10649f26842f36b7e75a4c/actions - {"actions":[{"id":"action7","type":"wheel","parameters":{},"actions":[{"type":"scroll","x":-1888,"y":-24,"deltaX":0,"deltaY":0,"duration":0,"origin":{"element-6066-11e4-a52e-4f735466cecf":"f.4BE7CB3E9946CAC77AC1BA1FEFE24C33.d.35D69E8BEE7571125DE1ABCE92C451C4.e.2884"}}]}]}
COMMAND: GET /session/7f6ec3857c10649f26842f36b7e75a4c/screenshot - {}
RESULT: {}
COMMAND: POST /session/7f6ec3857c10649f26842f36b7e75a4c/execute/sync - {"script":"<script> [79 bytes]","args":[{"element-6066-11e4-a52e-4f735466cecf":"f.4BE7CB3E9946CAC77AC1BA1FEFE24C33.d.35D69E8BEE7571125DE1ABCE92C451C4.e.2884","ELEMENT":"f.4BE7CB3E9946CAC77AC1BA1FEFE24C33.d.35D69E8BEE7571125DE1ABCE92C451C4.e.2884"},{"block":"start","inline":"nearest"}]}
RESULT: {"script":"<script> [79 bytes]","args":[{"element-6066-11e4-a52e-4f735466cecf":"f.4BE7CB3E9946CAC77AC1BA1FEFE24C33.d.35D69E8BEE7571125DE1ABCE92C451C4.e.2884","ELEMENT":"f.4BE7CB3E9946CAC77AC1BA1FEFE24C33.d.35D69E8BEE7571125DE1ABCE92C451C4.e.2884"},{"block":"start","inline":"nearest"}]}
COMMAND: GET /session/7f6ec3857c10649f26842f36b7e75a4c/screenshot - {}
RESULT: {}
COMMAND: POST /session/7f6ec3857c10649f26842f36b7e75a4c/element/f.4BE7CB3E9946CAC77AC1BA1FEFE24C33.d.35D69E8BEE7571125DE1ABCE92C451C4.e.2884/click - {}
RESULT: {}
COMMAND: GET /session/7f6ec3857c10649f26842f36b7e75a4c/screenshot - {}
RESULT: {}
RESULT: undefined
COMMAND: POST /session/7f6ec3857c10649f26842f36b7e75a4c/execute/async - {"script":"<script> [776 bytes]","args":[{"enterText":"4000360","selector":{"controlType":"sap.m.SearchField","properties":{"placeholder":"Search"},"searchOpenDialogs":true,"interaction":{"idSuffix":"I"}},"clearTextFirst":true,"interactionType":"ENTER_TEXT"}]}
RESULT: {"script":"<script> [776 bytes]","args":[{"enterText":"4000360","selector":{"controlType":"sap.m.SearchField","properties":{"placeholder":"Search"},"searchOpenDialogs":true,"interaction":{"idSuffix":"I"}},"clearTextFirst":true,"interactionType":"ENTER_TEXT"}]}
COMMAND: POST /session/7f6ec3857c10649f26842f36b7e75a4c/actions - {"actions":[{"id":"action8","type":"key","parameters":{},"actions":[{"type":"keyDown","value":"î€‡"},{"type":"pause","duration":10},{"type":"keyUp","value":"î€‡"}]}]}
RESULT: {"actions":[{"id":"action8","type":"key","parameters":{},"actions":[{"type":"keyDown","value":"î€‡"},{"type":"pause","duration":10},{"type":"keyUp","value":"î€‡"}]}]}
COMMAND: GET /session/7f6ec3857c10649f26842f36b7e75a4c/screenshot - {}
RESULT: {}
COMMAND: POST /session/7f6ec3857c10649f26842f36b7e75a4c/element - {"using":"xpath","value":"//td/div/span[contains(text(), \"BGL Vehicles\")]"}
RESULT: {"using":"xpath","value":"//td/div/span[contains(text(), \"BGL Vehicles\")]"}
COMMAND: POST /session/7f6ec3857c10649f26842f36b7e75a4c/element/f.4BE7CB3E9946CAC77AC1BA1FEFE24C33.d.35D69E8BEE7571125DE1ABCE92C451C4.e.2903/click - {}
RESULT: {}
COMMAND: GET /session/7f6ec3857c10649f26842f36b7e75a4c/screenshot - {}
RESULT: {}
COMMAND: POST /session/7f6ec3857c10649f26842f36b7e75a4c/element - {"using":"xpath","value":"//bdi[contains(text(), \"OK\")]"}
RESULT: {"using":"xpath","value":"//bdi[contains(text(), \"OK\")]"}
COMMAND: POST /session/7f6ec3857c10649f26842f36b7e75a4c/element/f.4BE7CB3E9946CAC77AC1BA1FEFE24C33.d.35D69E8BEE7571125DE1ABCE92C451C4.e.2904/click - {}
RESULT: {}
COMMAND: GET /session/7f6ec3857c10649f26842f36b7e75a4c/screenshot - {}
RESULT: {}
COMMAND: POST /session/7f6ec3857c10649f26842f36b7e75a4c/element - {"using":"xpath","value":"//label[contains(@class, 'sapMLabelRequired') and .//bdi[contains(text(), 'Planned Retirement')]]"}
RESULT: {"using":"xpath","value":"//label[contains(@class, 'sapMLabelRequired') and .//bdi[contains(text(), 'Planned Retirement')]]"}
COMMAND: POST /session/7f6ec3857c10649f26842f36b7e75a4c/elements - {"using":"xpath","value":"//label[contains(@class, 'sapMLabelRequired') and .//bdi[contains(text(), 'Planned Retirement')]]"}
RESULT: {"using":"xpath","value":"//label[contains(@class, 'sapMLabelRequired') and .//bdi[contains(text(), 'Planned Retirement')]]"}
COMMAND: POST /session/7f6ec3857c10649f26842f36b7e75a4c/element - {"using":"xpath","value":"//button[@data-kt=\"resourceUnitSaveButton\"]"}
RESULT: {"using":"xpath","value":"//button[@data-kt=\"resourceUnitSaveButton\"]"}
COMMAND: POST /session/7f6ec3857c10649f26842f36b7e75a4c/element/f.4BE7CB3E9946CAC77AC1BA1FEFE24C33.d.35D69E8BEE7571125DE1ABCE92C451C4.e.2810/click - {}
RESULT: {}
COMMAND: GET /session/7f6ec3857c10649f26842f36b7e75a4c/screenshot - {}
RESULT: {}
COMMAND: POST /session/7f6ec3857c10649f26842f36b7e75a4c/element - {"using":"xpath","value":"//bdi[contains(text(), \"Close\")]"}
RESULT: {"using":"xpath","value":"//bdi[contains(text(), \"Close\")]"}
COMMAND: POST /session/7f6ec3857c10649f26842f36b7e75a4c/element/f.4BE7CB3E9946CAC77AC1BA1FEFE24C33.d.35D69E8BEE7571125DE1ABCE92C451C4.e.2910/click - {}
RESULT: {}
COMMAND: GET /session/7f6ec3857c10649f26842f36b7e75a4c/screenshot - {}
RESULT: {}
COMMAND: POST /session/7f6ec3857c10649f26842f36b7e75a4c/element - {"using":"xpath","value":"//header[contains(@id, 'detailRruPage-headerTitle')]/div[1]/div[2]/div[2]/span[1]"}
RESULT: {"using":"xpath","value":"//header[contains(@id, 'detailRruPage-headerTitle')]/div[1]/div[2]/div[2]/span[1]"}
COMMAND: POST /session/7f6ec3857c10649f26842f36b7e75a4c/elements - {"using":"xpath","value":"//header[contains(@id, 'detailRruPage-headerTitle')]/div[1]/div[2]/div[2]/span[1]"}
RESULT: {"using":"xpath","value":"//header[contains(@id, 'detailRruPage-headerTitle')]/div[1]/div[2]/div[2]/span[1]"}
COMMAND: POST /session/7f6ec3857c10649f26842f36b7e75a4c/execute/sync - {"script":"<script> [56 bytes]","args":[{"element-6066-11e4-a52e-4f735466cecf":"f.4BE7CB3E9946CAC77AC1BA1FEFE24C33.d.35D69E8BEE7571125DE1ABCE92C451C4.e.2936","ELEMENT":"f.4BE7CB3E9946CAC77AC1BA1FEFE24C33.d.35D69E8BEE7571125DE1ABCE92C451C4.e.2936"}]}
RESULT: {"script":"<script> [56 bytes]","args":[{"element-6066-11e4-a52e-4f735466cecf":"f.4BE7CB3E9946CAC77AC1BA1FEFE24C33.d.35D69E8BEE7571125DE1ABCE92C451C4.e.2936","ELEMENT":"f.4BE7CB3E9946CAC77AC1BA1FEFE24C33.d.35D69E8BEE7571125DE1ABCE92C451C4.e.2936"}]}
COMMAND: POST /session/7f6ec3857c10649f26842f36b7e75a4c/element - {"using":"css selector","value":"#shell-header-logo"}
COMMAND: GET /session/7f6ec3857c10649f26842f36b7e75a4c/screenshot - {}
RESULT: {"using":"css selector","value":"#shell-header-logo"}
COMMAND: POST /session/7f6ec3857c10649f26842f36b7e75a4c/element/f.4BE7CB3E9946CAC77AC1BA1FEFE24C33.d.35D69E8BEE7571125DE1ABCE92C451C4.e.2395/click - {}
RESULT: {}
RESULT: {}
COMMAND: GET /session/7f6ec3857c10649f26842f36b7e75a4c/screenshot - {}
RESULT: {}
]]></system-out>
    </testcase>
    <testcase classname="chrome.136_0_7103_49.windows.Stock_increase_-_with_WHM_US125587" name="Bin Status Report Should Create New Organization yard" time="79.593">
      <system-out><![CDATA[
COMMAND: POST /session/7f6ec3857c10649f26842f36b7e75a4c/execute/async - {"script":"<script> [1562 bytes]","args":[{"selector":{"controlType":"sap.m.GenericTile","properties":{"header":"Bin Status Report"}},"wdio_ui5_key":"sapm.GenericTile{\"header\":\"Bin Status Report\"}"}]}
RESULT: {"script":"<script> [1562 bytes]","args":[{"selector":{"controlType":"sap.m.GenericTile","properties":{"header":"Bin Status Report"}},"wdio_ui5_key":"sapm.GenericTile{\"header\":\"Bin Status Report\"}"}]}
RESULT: undefined
COMMAND: POST /session/7f6ec3857c10649f26842f36b7e75a4c/element - {"using":"xpath","value":"//*[@id=\"__tile104\"]"}
RESULT: {"using":"xpath","value":"//*[@id=\"__tile104\"]"}
COMMAND: POST /session/7f6ec3857c10649f26842f36b7e75a4c/element/f.4BE7CB3E9946CAC77AC1BA1FEFE24C33.d.35D69E8BEE7571125DE1ABCE92C451C4.e.2938/click - {}
RESULT: {}
COMMAND: GET /session/7f6ec3857c10649f26842f36b7e75a4c/screenshot - {}
RESULT: {}
COMMAND: POST /session/7f6ec3857c10649f26842f36b7e75a4c/elements - {"using":"xpath","value":"//span[text()='Error']"}
RESULT: {"using":"xpath","value":"//span[text()='Error']"}
COMMAND: POST /session/7f6ec3857c10649f26842f36b7e75a4c/element - {"using":"xpath","value":"//button[@id=\"application-binstatusreport-display-component---warehousing--createOrgBtn\"]"}
RESULT: {"using":"xpath","value":"//button[@id=\"application-binstatusreport-display-component---warehousing--createOrgBtn\"]"}
COMMAND: POST /session/7f6ec3857c10649f26842f36b7e75a4c/elements - {"using":"xpath","value":"//button[@id=\"application-binstatusreport-display-component---warehousing--createOrgBtn\"]"}
RESULT: {"using":"xpath","value":"//button[@id=\"application-binstatusreport-display-component---warehousing--createOrgBtn\"]"}
COMMAND: POST /session/7f6ec3857c10649f26842f36b7e75a4c/execute/sync - {"script":"<script> [8489 bytes]","args":[{"element-6066-11e4-a52e-4f735466cecf":"f.4BE7CB3E9946CAC77AC1BA1FEFE24C33.d.35D69E8BEE7571125DE1ABCE92C451C4.e.2995","ELEMENT":"f.4BE7CB3E9946CAC77AC1BA1FEFE24C33.d.35D69E8BEE7571125DE1ABCE92C451C4.e.2995"}]}
RESULT: {"script":"<script> [8489 bytes]","args":[{"element-6066-11e4-a52e-4f735466cecf":"f.4BE7CB3E9946CAC77AC1BA1FEFE24C33.d.35D69E8BEE7571125DE1ABCE92C451C4.e.2995","ELEMENT":"f.4BE7CB3E9946CAC77AC1BA1FEFE24C33.d.35D69E8BEE7571125DE1ABCE92C451C4.e.2995"}]}
COMMAND: GET /session/7f6ec3857c10649f26842f36b7e75a4c/element/f.4BE7CB3E9946CAC77AC1BA1FEFE24C33.d.35D69E8BEE7571125DE1ABCE92C451C4.e.2995/enabled - {}
COMMAND: GET /session/7f6ec3857c10649f26842f36b7e75a4c/screenshot - {}
RESULT: {}
COMMAND: POST /session/7f6ec3857c10649f26842f36b7e75a4c/execute/sync - {"script":"<script> [8489 bytes]","args":[{"element-6066-11e4-a52e-4f735466cecf":"f.4BE7CB3E9946CAC77AC1BA1FEFE24C33.d.35D69E8BEE7571125DE1ABCE92C451C4.e.2995","ELEMENT":"f.4BE7CB3E9946CAC77AC1BA1FEFE24C33.d.35D69E8BEE7571125DE1ABCE92C451C4.e.2995"}]}
COMMAND: GET /session/7f6ec3857c10649f26842f36b7e75a4c/screenshot - {}
RESULT: {}
RESULT: {"script":"<script> [8489 bytes]","args":[{"element-6066-11e4-a52e-4f735466cecf":"f.4BE7CB3E9946CAC77AC1BA1FEFE24C33.d.35D69E8BEE7571125DE1ABCE92C451C4.e.2995","ELEMENT":"f.4BE7CB3E9946CAC77AC1BA1FEFE24C33.d.35D69E8BEE7571125DE1ABCE92C451C4.e.2995"}]}
COMMAND: POST /session/7f6ec3857c10649f26842f36b7e75a4c/execute/sync - {"script":"<script> [5351 bytes]","args":[{"element-6066-11e4-a52e-4f735466cecf":"f.4BE7CB3E9946CAC77AC1BA1FEFE24C33.d.35D69E8BEE7571125DE1ABCE92C451C4.e.2995","ELEMENT":"f.4BE7CB3E9946CAC77AC1BA1FEFE24C33.d.35D69E8BEE7571125DE1ABCE92C451C4.e.2995"}]}
COMMAND: GET /session/7f6ec3857c10649f26842f36b7e75a4c/screenshot - {}
RESULT: {}
RESULT: {"script":"<script> [5351 bytes]","args":[{"element-6066-11e4-a52e-4f735466cecf":"f.4BE7CB3E9946CAC77AC1BA1FEFE24C33.d.35D69E8BEE7571125DE1ABCE92C451C4.e.2995","ELEMENT":"f.4BE7CB3E9946CAC77AC1BA1FEFE24C33.d.35D69E8BEE7571125DE1ABCE92C451C4.e.2995"}]}
COMMAND: GET /session/7f6ec3857c10649f26842f36b7e75a4c/screenshot - {}
RESULT: {}
RESULT: {}
COMMAND: POST /session/7f6ec3857c10649f26842f36b7e75a4c/element/f.4BE7CB3E9946CAC77AC1BA1FEFE24C33.d.35D69E8BEE7571125DE1ABCE92C451C4.e.2995/click - {}
RESULT: {}
COMMAND: GET /session/7f6ec3857c10649f26842f36b7e75a4c/screenshot - {}
RESULT: {}
COMMAND: POST /session/7f6ec3857c10649f26842f36b7e75a4c/execute/async - {"script":"<script> [1562 bytes]","args":[{"selector":{"id":"createOrganizationPop--sectionInput","searchOpenDialogs":true,"interaction":{"idSuffix":"inner"}},"wdio_ui5_key":"createOrganizationPopsectionInput"}]}
RESULT: {"script":"<script> [1562 bytes]","args":[{"selector":{"id":"createOrganizationPop--sectionInput","searchOpenDialogs":true,"interaction":{"idSuffix":"inner"}},"wdio_ui5_key":"createOrganizationPopsectionInput"}]}
RESULT: undefined
COMMAND: POST /session/7f6ec3857c10649f26842f36b7e75a4c/execute/async - {"script":"<script> [776 bytes]","args":[{"enterText":"WDIO-384","selector":{"id":"createOrganizationPop--sectionInput","searchOpenDialogs":true,"interaction":{"idSuffix":"inner"}},"clearTextFirst":true,"interactionType":"ENTER_TEXT"}]}
RESULT: {"script":"<script> [776 bytes]","args":[{"enterText":"WDIO-384","selector":{"id":"createOrganizationPop--sectionInput","searchOpenDialogs":true,"interaction":{"idSuffix":"inner"}},"clearTextFirst":true,"interactionType":"ENTER_TEXT"}]}
COMMAND: POST /session/7f6ec3857c10649f26842f36b7e75a4c/execute/async - {"script":"<script> [1562 bytes]","args":[{"selector":{"id":"createOrganizationPop--descriptionInput","searchOpenDialogs":true,"interaction":{"idSuffix":"inner"}},"wdio_ui5_key":"createOrganizationPopdescriptionInput"}]}
RESULT: {"script":"<script> [1562 bytes]","args":[{"selector":{"id":"createOrganizationPop--descriptionInput","searchOpenDialogs":true,"interaction":{"idSuffix":"inner"}},"wdio_ui5_key":"createOrganizationPopdescriptionInput"}]}
RESULT: undefined
COMMAND: POST /session/7f6ec3857c10649f26842f36b7e75a4c/execute/async - {"script":"<script> [776 bytes]","args":[{"enterText":"Shipping-384","selector":{"id":"createOrganizationPop--descriptionInput","searchOpenDialogs":true,"interaction":{"idSuffix":"inner"}},"clearTextFirst":true,"interactionType":"ENTER_TEXT"}]}
RESULT: {"script":"<script> [776 bytes]","args":[{"enterText":"Shipping-384","selector":{"id":"createOrganizationPop--descriptionInput","searchOpenDialogs":true,"interaction":{"idSuffix":"inner"}},"clearTextFirst":true,"interactionType":"ENTER_TEXT"}]}
COMMAND: POST /session/7f6ec3857c10649f26842f36b7e75a4c/element - {"using":"css selector","value":"#createOrganizationPop--yardOrg-inner"}
RESULT: {"using":"css selector","value":"#createOrganizationPop--yardOrg-inner"}
COMMAND: POST /session/7f6ec3857c10649f26842f36b7e75a4c/element/f.4BE7CB3E9946CAC77AC1BA1FEFE24C33.d.35D69E8BEE7571125DE1ABCE92C451C4.e.3037/clear - {}
RESULT: {}
COMMAND: POST /session/7f6ec3857c10649f26842f36b7e75a4c/element/f.4BE7CB3E9946CAC77AC1BA1FEFE24C33.d.35D69E8BEE7571125DE1ABCE92C451C4.e.3037/value - {"text":"384"}
COMMAND: GET /session/7f6ec3857c10649f26842f36b7e75a4c/screenshot - {}
RESULT: {"text":"384"}
COMMAND: GET /session/7f6ec3857c10649f26842f36b7e75a4c/screenshot - {}
RESULT: {}
RESULT: {}
COMMAND: POST /session/7f6ec3857c10649f26842f36b7e75a4c/actions - {"actions":[{"id":"action9","type":"key","parameters":{},"actions":[{"type":"keyDown","value":"î€‡"},{"type":"pause","duration":10},{"type":"keyUp","value":"î€‡"}]}]}
RESULT: {"actions":[{"id":"action9","type":"key","parameters":{},"actions":[{"type":"keyDown","value":"î€‡"},{"type":"pause","duration":10},{"type":"keyUp","value":"î€‡"}]}]}
COMMAND: POST /session/7f6ec3857c10649f26842f36b7e75a4c/execute/async - {"script":"<script> [1562 bytes]","args":[{"selector":{"id":"createOrganizationPop--grZone","searchOpenDialogs":true,"interaction":{"idSuffix":"CbBg"}},"wdio_ui5_key":"createOrganizationPopgrZone"}]}
COMMAND: GET /session/7f6ec3857c10649f26842f36b7e75a4c/screenshot - {}
RESULT: {"script":"<script> [1562 bytes]","args":[{"selector":{"id":"createOrganizationPop--grZone","searchOpenDialogs":true,"interaction":{"idSuffix":"CbBg"}},"wdio_ui5_key":"createOrganizationPopgrZone"}]}
RESULT: undefined
COMMAND: POST /session/7f6ec3857c10649f26842f36b7e75a4c/element - {"using":"xpath","value":"//*[@id=\"createOrganizationPop--grZone\"]"}
RESULT: {}
RESULT: {"using":"xpath","value":"//*[@id=\"createOrganizationPop--grZone\"]"}
COMMAND: POST /session/7f6ec3857c10649f26842f36b7e75a4c/element/f.4BE7CB3E9946CAC77AC1BA1FEFE24C33.d.35D69E8BEE7571125DE1ABCE92C451C4.e.3058/click - {}
RESULT: {}
COMMAND: GET /session/7f6ec3857c10649f26842f36b7e75a4c/screenshot - {}
RESULT: {}
COMMAND: POST /session/7f6ec3857c10649f26842f36b7e75a4c/execute/async - {"script":"<script> [1562 bytes]","args":[{"selector":{"id":"createOrganizationPop--giZone","searchOpenDialogs":true,"interaction":{"idSuffix":"CbBg"}},"wdio_ui5_key":"createOrganizationPopgiZone"}]}
RESULT: {"script":"<script> [1562 bytes]","args":[{"selector":{"id":"createOrganizationPop--giZone","searchOpenDialogs":true,"interaction":{"idSuffix":"CbBg"}},"wdio_ui5_key":"createOrganizationPopgiZone"}]}
RESULT: undefined
COMMAND: POST /session/7f6ec3857c10649f26842f36b7e75a4c/element - {"using":"xpath","value":"//*[@id=\"createOrganizationPop--giZone\"]"}
RESULT: {"using":"xpath","value":"//*[@id=\"createOrganizationPop--giZone\"]"}
COMMAND: POST /session/7f6ec3857c10649f26842f36b7e75a4c/element/f.4BE7CB3E9946CAC77AC1BA1FEFE24C33.d.35D69E8BEE7571125DE1ABCE92C451C4.e.3060/click - {}
RESULT: {}
COMMAND: GET /session/7f6ec3857c10649f26842f36b7e75a4c/screenshot - {}
RESULT: {}
COMMAND: POST /session/7f6ec3857c10649f26842f36b7e75a4c/execute/async - {"script":"<script> [1562 bytes]","args":[{"selector":{"id":"createOrganizationPop--binNoInput","searchOpenDialogs":true,"interaction":{"idSuffix":"inner"}},"wdio_ui5_key":"createOrganizationPopbinNoInput"}]}
RESULT: {"script":"<script> [1562 bytes]","args":[{"selector":{"id":"createOrganizationPop--binNoInput","searchOpenDialogs":true,"interaction":{"idSuffix":"inner"}},"wdio_ui5_key":"createOrganizationPopbinNoInput"}]}
RESULT: undefined
COMMAND: POST /session/7f6ec3857c10649f26842f36b7e75a4c/execute/async - {"script":"<script> [776 bytes]","args":[{"enterText":"Bin-Wd","selector":{"id":"createOrganizationPop--binNoInput","searchOpenDialogs":true,"interaction":{"idSuffix":"inner"}},"clearTextFirst":true,"interactionType":"ENTER_TEXT"}]}
RESULT: {"script":"<script> [776 bytes]","args":[{"enterText":"Bin-Wd","selector":{"id":"createOrganizationPop--binNoInput","searchOpenDialogs":true,"interaction":{"idSuffix":"inner"}},"clearTextFirst":true,"interactionType":"ENTER_TEXT"}]}
COMMAND: POST /session/7f6ec3857c10649f26842f36b7e75a4c/execute/async - {"script":"<script> [1562 bytes]","args":[{"selector":{"id":"createOrganizationPop--descriptionId","searchOpenDialogs":true,"interaction":{"idSuffix":"inner"}},"wdio_ui5_key":"createOrganizationPopdescriptionId"}]}
RESULT: {"script":"<script> [1562 bytes]","args":[{"selector":{"id":"createOrganizationPop--descriptionId","searchOpenDialogs":true,"interaction":{"idSuffix":"inner"}},"wdio_ui5_key":"createOrganizationPopdescriptionId"}]}
RESULT: undefined
COMMAND: POST /session/7f6ec3857c10649f26842f36b7e75a4c/execute/async - {"script":"<script> [776 bytes]","args":[{"enterText":"Shipping-Wd","selector":{"id":"createOrganizationPop--descriptionId","searchOpenDialogs":true,"interaction":{"idSuffix":"inner"}},"clearTextFirst":true,"interactionType":"ENTER_TEXT"}]}
RESULT: {"script":"<script> [776 bytes]","args":[{"enterText":"Shipping-Wd","selector":{"id":"createOrganizationPop--descriptionId","searchOpenDialogs":true,"interaction":{"idSuffix":"inner"}},"clearTextFirst":true,"interactionType":"ENTER_TEXT"}]}
COMMAND: POST /session/7f6ec3857c10649f26842f36b7e75a4c/execute/async - {"script":"<script> [1562 bytes]","args":[{"selector":{"controlType":"sap.m.CheckBox","viewName":"etm.portal.ui.binstatusreport.view.MasterWareBins","viewId":"application-binstatusreport-display-component---warehousing","bindingPath":{"path":"","propertyPath":"/ZONE","modelName":"newBin"},"searchOpenDialogs":true,"interaction":{"idSuffix":"CbBg"}},"wdio_ui5_key":"etmportal.ui.binstatusreport.view.MasterWareBinssap.m.CheckBox{\"path\":\"\",\"propertyPath\":\"/ZONE\",\"modelName\":\"newBin\"}"}]}
RESULT: {"script":"<script> [1562 bytes]","args":[{"selector":{"controlType":"sap.m.CheckBox","viewName":"etm.portal.ui.binstatusreport.view.MasterWareBins","viewId":"application-binstatusreport-display-component---warehousing","bindingPath":{"path":"","propertyPath":"/ZONE","modelName":"newBin"},"searchOpenDialogs":true,"interaction":{"idSuffix":"CbBg"}},"wdio_ui5_key":"etmportal.ui.binstatusreport.view.MasterWareBinssap.m.CheckBox{\"path\":\"\",\"propertyPath\":\"/ZONE\",\"modelName\":\"newBin\"}"}]}
RESULT: undefined
COMMAND: POST /session/7f6ec3857c10649f26842f36b7e75a4c/element - {"using":"xpath","value":"//*[@id=\"__box56\"]"}
RESULT: {"using":"xpath","value":"//*[@id=\"__box56\"]"}
COMMAND: POST /session/7f6ec3857c10649f26842f36b7e75a4c/element/f.4BE7CB3E9946CAC77AC1BA1FEFE24C33.d.35D69E8BEE7571125DE1ABCE92C451C4.e.3064/click - {}
RESULT: {}
COMMAND: GET /session/7f6ec3857c10649f26842f36b7e75a4c/screenshot - {}
RESULT: {}
COMMAND: POST /session/7f6ec3857c10649f26842f36b7e75a4c/execute/async - {"script":"<script> [1562 bytes]","args":[{"selector":{"id":"createOrganizationPop--binTypesCB","searchOpenDialogs":true,"interaction":{"idSuffix":"inner"}},"wdio_ui5_key":"createOrganizationPopbinTypesCB"}]}
RESULT: {"script":"<script> [1562 bytes]","args":[{"selector":{"id":"createOrganizationPop--binTypesCB","searchOpenDialogs":true,"interaction":{"idSuffix":"inner"}},"wdio_ui5_key":"createOrganizationPopbinTypesCB"}]}
RESULT: undefined
COMMAND: POST /session/7f6ec3857c10649f26842f36b7e75a4c/execute/async - {"script":"<script> [776 bytes]","args":[{"enterText":"1 - General / No capacity check","selector":{"id":"createOrganizationPop--binTypesCB","searchOpenDialogs":true,"interaction":{"idSuffix":"inner"}},"clearTextFirst":true,"interactionType":"ENTER_TEXT"}]}
RESULT: {"script":"<script> [776 bytes]","args":[{"enterText":"1 - General / No capacity check","selector":{"id":"createOrganizationPop--binTypesCB","searchOpenDialogs":true,"interaction":{"idSuffix":"inner"}},"clearTextFirst":true,"interactionType":"ENTER_TEXT"}]}
COMMAND: POST /session/7f6ec3857c10649f26842f36b7e75a4c/actions - {"actions":[{"id":"action10","type":"key","parameters":{},"actions":[{"type":"keyDown","value":"î€‡"},{"type":"pause","duration":10},{"type":"keyUp","value":"î€‡"}]}]}
RESULT: {"actions":[{"id":"action10","type":"key","parameters":{},"actions":[{"type":"keyDown","value":"î€‡"},{"type":"pause","duration":10},{"type":"keyUp","value":"î€‡"}]}]}
COMMAND: GET /session/7f6ec3857c10649f26842f36b7e75a4c/screenshot - {}
RESULT: {}
COMMAND: POST /session/7f6ec3857c10649f26842f36b7e75a4c/execute/async - {"script":"<script> [1562 bytes]","args":[{"selector":{"id":"createOrganizationPop--finishBtn","searchOpenDialogs":true,"interaction":{"idSuffix":"BDI-content"}},"wdio_ui5_key":"createOrganizationPopfinishBtn"}]}
RESULT: {"script":"<script> [1562 bytes]","args":[{"selector":{"id":"createOrganizationPop--finishBtn","searchOpenDialogs":true,"interaction":{"idSuffix":"BDI-content"}},"wdio_ui5_key":"createOrganizationPopfinishBtn"}]}
RESULT: undefined
COMMAND: POST /session/7f6ec3857c10649f26842f36b7e75a4c/element - {"using":"xpath","value":"//*[@id=\"createOrganizationPop--finishBtn\"]"}
RESULT: {"using":"xpath","value":"//*[@id=\"createOrganizationPop--finishBtn\"]"}
COMMAND: POST /session/7f6ec3857c10649f26842f36b7e75a4c/element/f.4BE7CB3E9946CAC77AC1BA1FEFE24C33.d.35D69E8BEE7571125DE1ABCE92C451C4.e.3067/click - {}
RESULT: {}
COMMAND: GET /session/7f6ec3857c10649f26842f36b7e75a4c/screenshot - {}
RESULT: {}
COMMAND: POST /session/7f6ec3857c10649f26842f36b7e75a4c/element - {"using":"css selector","value":"#shell-header-logo"}
RESULT: {"using":"css selector","value":"#shell-header-logo"}
COMMAND: POST /session/7f6ec3857c10649f26842f36b7e75a4c/element/f.4BE7CB3E9946CAC77AC1BA1FEFE24C33.d.35D69E8BEE7571125DE1ABCE92C451C4.e.2945/click - {}
RESULT: {}
COMMAND: GET /session/7f6ec3857c10649f26842f36b7e75a4c/screenshot - {}
RESULT: {}
]]></system-out>
    </testcase>
    <testcase classname="chrome.136_0_7103_49.windows.Stock_increase_-_with_WHM_US125587" name="Bin Status Report Should Create New Organization for Site" time="65.145">
      <system-out><![CDATA[
RESULT: undefined
COMMAND: POST /session/7f6ec3857c10649f26842f36b7e75a4c/element - {"using":"xpath","value":"//*[@id=\"__tile104\"]"}
RESULT: {"using":"xpath","value":"//*[@id=\"__tile104\"]"}
COMMAND: POST /session/7f6ec3857c10649f26842f36b7e75a4c/element/f.4BE7CB3E9946CAC77AC1BA1FEFE24C33.d.35D69E8BEE7571125DE1ABCE92C451C4.e.2938/click - {}
RESULT: {}
COMMAND: GET /session/7f6ec3857c10649f26842f36b7e75a4c/screenshot - {}
RESULT: {}
COMMAND: POST /session/7f6ec3857c10649f26842f36b7e75a4c/elements - {"using":"xpath","value":"//span[text()='Error']"}
RESULT: {"using":"xpath","value":"//span[text()='Error']"}
COMMAND: POST /session/7f6ec3857c10649f26842f36b7e75a4c/element - {"using":"xpath","value":"//button[@id=\"application-binstatusreport-display-component---warehousing--createOrgBtn\"]"}
RESULT: {"using":"xpath","value":"//button[@id=\"application-binstatusreport-display-component---warehousing--createOrgBtn\"]"}
COMMAND: POST /session/7f6ec3857c10649f26842f36b7e75a4c/elements - {"using":"xpath","value":"//button[@id=\"application-binstatusreport-display-component---warehousing--createOrgBtn\"]"}
RESULT: {"using":"xpath","value":"//button[@id=\"application-binstatusreport-display-component---warehousing--createOrgBtn\"]"}
COMMAND: POST /session/7f6ec3857c10649f26842f36b7e75a4c/execute/sync - {"script":"<script> [8489 bytes]","args":[{"element-6066-11e4-a52e-4f735466cecf":"f.4BE7CB3E9946CAC77AC1BA1FEFE24C33.d.35D69E8BEE7571125DE1ABCE92C451C4.e.3129","ELEMENT":"f.4BE7CB3E9946CAC77AC1BA1FEFE24C33.d.35D69E8BEE7571125DE1ABCE92C451C4.e.3129"}]}
RESULT: {"script":"<script> [8489 bytes]","args":[{"element-6066-11e4-a52e-4f735466cecf":"f.4BE7CB3E9946CAC77AC1BA1FEFE24C33.d.35D69E8BEE7571125DE1ABCE92C451C4.e.3129","ELEMENT":"f.4BE7CB3E9946CAC77AC1BA1FEFE24C33.d.35D69E8BEE7571125DE1ABCE92C451C4.e.3129"}]}
COMMAND: GET /session/7f6ec3857c10649f26842f36b7e75a4c/element/f.4BE7CB3E9946CAC77AC1BA1FEFE24C33.d.35D69E8BEE7571125DE1ABCE92C451C4.e.3129/enabled - {}
COMMAND: GET /session/7f6ec3857c10649f26842f36b7e75a4c/screenshot - {}
RESULT: {}
COMMAND: POST /session/7f6ec3857c10649f26842f36b7e75a4c/execute/sync - {"script":"<script> [8489 bytes]","args":[{"element-6066-11e4-a52e-4f735466cecf":"f.4BE7CB3E9946CAC77AC1BA1FEFE24C33.d.35D69E8BEE7571125DE1ABCE92C451C4.e.3129","ELEMENT":"f.4BE7CB3E9946CAC77AC1BA1FEFE24C33.d.35D69E8BEE7571125DE1ABCE92C451C4.e.3129"}]}
COMMAND: GET /session/7f6ec3857c10649f26842f36b7e75a4c/screenshot - {}
RESULT: {}
RESULT: {"script":"<script> [8489 bytes]","args":[{"element-6066-11e4-a52e-4f735466cecf":"f.4BE7CB3E9946CAC77AC1BA1FEFE24C33.d.35D69E8BEE7571125DE1ABCE92C451C4.e.3129","ELEMENT":"f.4BE7CB3E9946CAC77AC1BA1FEFE24C33.d.35D69E8BEE7571125DE1ABCE92C451C4.e.3129"}]}
COMMAND: POST /session/7f6ec3857c10649f26842f36b7e75a4c/execute/sync - {"script":"<script> [5351 bytes]","args":[{"element-6066-11e4-a52e-4f735466cecf":"f.4BE7CB3E9946CAC77AC1BA1FEFE24C33.d.35D69E8BEE7571125DE1ABCE92C451C4.e.3129","ELEMENT":"f.4BE7CB3E9946CAC77AC1BA1FEFE24C33.d.35D69E8BEE7571125DE1ABCE92C451C4.e.3129"}]}
COMMAND: GET /session/7f6ec3857c10649f26842f36b7e75a4c/screenshot - {}
RESULT: {}
RESULT: {"script":"<script> [5351 bytes]","args":[{"element-6066-11e4-a52e-4f735466cecf":"f.4BE7CB3E9946CAC77AC1BA1FEFE24C33.d.35D69E8BEE7571125DE1ABCE92C451C4.e.3129","ELEMENT":"f.4BE7CB3E9946CAC77AC1BA1FEFE24C33.d.35D69E8BEE7571125DE1ABCE92C451C4.e.3129"}]}
COMMAND: GET /session/7f6ec3857c10649f26842f36b7e75a4c/screenshot - {}
RESULT: {}
RESULT: {}
COMMAND: POST /session/7f6ec3857c10649f26842f36b7e75a4c/element/f.4BE7CB3E9946CAC77AC1BA1FEFE24C33.d.35D69E8BEE7571125DE1ABCE92C451C4.e.3129/click - {}
RESULT: {}
COMMAND: GET /session/7f6ec3857c10649f26842f36b7e75a4c/screenshot - {}
RESULT: {}
RESULT: undefined
COMMAND: POST /session/7f6ec3857c10649f26842f36b7e75a4c/execute/async - {"script":"<script> [776 bytes]","args":[{"enterText":"2162","selector":{"id":"createOrganizationPop--sectionInput","searchOpenDialogs":true,"interaction":{"idSuffix":"inner"}},"clearTextFirst":true,"interactionType":"ENTER_TEXT"}]}
RESULT: {"script":"<script> [776 bytes]","args":[{"enterText":"2162","selector":{"id":"createOrganizationPop--sectionInput","searchOpenDialogs":true,"interaction":{"idSuffix":"inner"}},"clearTextFirst":true,"interactionType":"ENTER_TEXT"}]}
RESULT: undefined
COMMAND: POST /session/7f6ec3857c10649f26842f36b7e75a4c/execute/async - {"script":"<script> [776 bytes]","args":[{"enterText":"WDIO-2162","selector":{"id":"createOrganizationPop--descriptionInput","searchOpenDialogs":true,"interaction":{"idSuffix":"inner"}},"clearTextFirst":true,"interactionType":"ENTER_TEXT"}]}
RESULT: {"script":"<script> [776 bytes]","args":[{"enterText":"WDIO-2162","selector":{"id":"createOrganizationPop--descriptionInput","searchOpenDialogs":true,"interaction":{"idSuffix":"inner"}},"clearTextFirst":true,"interactionType":"ENTER_TEXT"}]}
COMMAND: POST /session/7f6ec3857c10649f26842f36b7e75a4c/element - {"using":"css selector","value":"#createOrganizationPop--siteOrg-inner"}
RESULT: {"using":"css selector","value":"#createOrganizationPop--siteOrg-inner"}
COMMAND: POST /session/7f6ec3857c10649f26842f36b7e75a4c/element/f.4BE7CB3E9946CAC77AC1BA1FEFE24C33.d.35D69E8BEE7571125DE1ABCE92C451C4.e.3145/clear - {}
RESULT: {}
COMMAND: POST /session/7f6ec3857c10649f26842f36b7e75a4c/element/f.4BE7CB3E9946CAC77AC1BA1FEFE24C33.d.35D69E8BEE7571125DE1ABCE92C451C4.e.3145/value - {"text":"2162"}
COMMAND: GET /session/7f6ec3857c10649f26842f36b7e75a4c/screenshot - {}
RESULT: {"text":"2162"}
COMMAND: GET /session/7f6ec3857c10649f26842f36b7e75a4c/screenshot - {}
RESULT: {}
RESULT: {}
COMMAND: POST /session/7f6ec3857c10649f26842f36b7e75a4c/actions - {"actions":[{"id":"action11","type":"key","parameters":{},"actions":[{"type":"keyDown","value":"î€‡"},{"type":"pause","duration":10},{"type":"keyUp","value":"î€‡"}]}]}
RESULT: {"actions":[{"id":"action11","type":"key","parameters":{},"actions":[{"type":"keyDown","value":"î€‡"},{"type":"pause","duration":10},{"type":"keyUp","value":"î€‡"}]}]}
RESULT: undefined
COMMAND: POST /session/7f6ec3857c10649f26842f36b7e75a4c/element - {"using":"xpath","value":"//*[@id=\"createOrganizationPop--giZone\"]"}
COMMAND: GET /session/7f6ec3857c10649f26842f36b7e75a4c/screenshot - {}
RESULT: {"using":"xpath","value":"//*[@id=\"createOrganizationPop--giZone\"]"}
COMMAND: POST /session/7f6ec3857c10649f26842f36b7e75a4c/element/f.4BE7CB3E9946CAC77AC1BA1FEFE24C33.d.35D69E8BEE7571125DE1ABCE92C451C4.e.3163/click - {}
RESULT: {}
RESULT: {}
COMMAND: GET /session/7f6ec3857c10649f26842f36b7e75a4c/screenshot - {}
RESULT: {}
RESULT: undefined
COMMAND: POST /session/7f6ec3857c10649f26842f36b7e75a4c/execute/async - {"script":"<script> [776 bytes]","args":[{"enterText":"WD-BIN","selector":{"id":"createOrganizationPop--binNoInput","searchOpenDialogs":true,"interaction":{"idSuffix":"inner"}},"clearTextFirst":true,"interactionType":"ENTER_TEXT"}]}
RESULT: {"script":"<script> [776 bytes]","args":[{"enterText":"WD-BIN","selector":{"id":"createOrganizationPop--binNoInput","searchOpenDialogs":true,"interaction":{"idSuffix":"inner"}},"clearTextFirst":true,"interactionType":"ENTER_TEXT"}]}
RESULT: undefined
COMMAND: POST /session/7f6ec3857c10649f26842f36b7e75a4c/execute/async - {"script":"<script> [776 bytes]","args":[{"enterText":"WD-BIN","selector":{"id":"createOrganizationPop--descriptionId","searchOpenDialogs":true,"interaction":{"idSuffix":"inner"}},"clearTextFirst":true,"interactionType":"ENTER_TEXT"}]}
RESULT: {"script":"<script> [776 bytes]","args":[{"enterText":"WD-BIN","selector":{"id":"createOrganizationPop--descriptionId","searchOpenDialogs":true,"interaction":{"idSuffix":"inner"}},"clearTextFirst":true,"interactionType":"ENTER_TEXT"}]}
COMMAND: POST /session/7f6ec3857c10649f26842f36b7e75a4c/execute/async - {"script":"<script> [1562 bytes]","args":[{"selector":{"controlType":"sap.m.CheckBox","viewName":"etm.portal.ui.binstatusreport.view.MasterWareBins","viewId":"application-binstatusreport-display-component---warehousing","bindingPath":{"propertyPath":"/ZONE","modelName":"newBin"},"searchOpenDialogs":true,"interaction":{"idSuffix":"CbBg"}},"wdio_ui5_key":"etmportal.ui.binstatusreport.view.MasterWareBinssap.m.CheckBox{\"propertyPath\":\"/ZONE\",\"modelName\":\"newBin\"}"}]}
RESULT: {"script":"<script> [1562 bytes]","args":[{"selector":{"controlType":"sap.m.CheckBox","viewName":"etm.portal.ui.binstatusreport.view.MasterWareBins","viewId":"application-binstatusreport-display-component---warehousing","bindingPath":{"propertyPath":"/ZONE","modelName":"newBin"},"searchOpenDialogs":true,"interaction":{"idSuffix":"CbBg"}},"wdio_ui5_key":"etmportal.ui.binstatusreport.view.MasterWareBinssap.m.CheckBox{\"propertyPath\":\"/ZONE\",\"modelName\":\"newBin\"}"}]}
RESULT: undefined
COMMAND: POST /session/7f6ec3857c10649f26842f36b7e75a4c/element - {"using":"xpath","value":"//*[@id=\"__box68\"]"}
RESULT: {"using":"xpath","value":"//*[@id=\"__box68\"]"}
COMMAND: POST /session/7f6ec3857c10649f26842f36b7e75a4c/element/f.4BE7CB3E9946CAC77AC1BA1FEFE24C33.d.35D69E8BEE7571125DE1ABCE92C451C4.e.3165/click - {}
RESULT: {}
COMMAND: GET /session/7f6ec3857c10649f26842f36b7e75a4c/screenshot - {}
RESULT: {}
RESULT: undefined
COMMAND: POST /session/7f6ec3857c10649f26842f36b7e75a4c/execute/async - {"script":"<script> [776 bytes]","args":[{"enterText":"1 - General / No capacity check","selector":{"id":"createOrganizationPop--binTypesCB","searchOpenDialogs":true,"interaction":{"idSuffix":"inner"}},"clearTextFirst":true,"interactionType":"ENTER_TEXT"}]}
RESULT: {"script":"<script> [776 bytes]","args":[{"enterText":"1 - General / No capacity check","selector":{"id":"createOrganizationPop--binTypesCB","searchOpenDialogs":true,"interaction":{"idSuffix":"inner"}},"clearTextFirst":true,"interactionType":"ENTER_TEXT"}]}
COMMAND: POST /session/7f6ec3857c10649f26842f36b7e75a4c/execute/async - {"script":"<script> [1562 bytes]","args":[{"selector":{"id":"createOrganizationPop--capacityId","searchOpenDialogs":true,"interaction":{"idSuffix":"inner"}},"wdio_ui5_key":"createOrganizationPopcapacityId"}]}
RESULT: {"script":"<script> [1562 bytes]","args":[{"selector":{"id":"createOrganizationPop--capacityId","searchOpenDialogs":true,"interaction":{"idSuffix":"inner"}},"wdio_ui5_key":"createOrganizationPopcapacityId"}]}
RESULT: undefined
COMMAND: POST /session/7f6ec3857c10649f26842f36b7e75a4c/actions - {"actions":[{"id":"action12","type":"key","parameters":{},"actions":[{"type":"keyDown","value":"î€‡"},{"type":"pause","duration":10},{"type":"keyUp","value":"î€‡"}]}]}
RESULT: {"actions":[{"id":"action12","type":"key","parameters":{},"actions":[{"type":"keyDown","value":"î€‡"},{"type":"pause","duration":10},{"type":"keyUp","value":"î€‡"}]}]}
COMMAND: GET /session/7f6ec3857c10649f26842f36b7e75a4c/screenshot - {}
RESULT: {}
RESULT: undefined
COMMAND: POST /session/7f6ec3857c10649f26842f36b7e75a4c/element - {"using":"xpath","value":"//*[@id=\"createOrganizationPop--finishBtn\"]"}
RESULT: {"using":"xpath","value":"//*[@id=\"createOrganizationPop--finishBtn\"]"}
COMMAND: POST /session/7f6ec3857c10649f26842f36b7e75a4c/element/f.4BE7CB3E9946CAC77AC1BA1FEFE24C33.d.35D69E8BEE7571125DE1ABCE92C451C4.e.3172/click - {}
RESULT: {}
COMMAND: GET /session/7f6ec3857c10649f26842f36b7e75a4c/screenshot - {}
RESULT: {}
COMMAND: POST /session/7f6ec3857c10649f26842f36b7e75a4c/element - {"using":"css selector","value":"#shell-header-logo"}
RESULT: {"using":"css selector","value":"#shell-header-logo"}
COMMAND: POST /session/7f6ec3857c10649f26842f36b7e75a4c/element/f.4BE7CB3E9946CAC77AC1BA1FEFE24C33.d.35D69E8BEE7571125DE1ABCE92C451C4.e.3076/click - {}
RESULT: {}
COMMAND: GET /session/7f6ec3857c10649f26842f36b7e75a4c/screenshot - {}
RESULT: {}
]]></system-out>
    </testcase>
    <testcase classname="chrome.136_0_7103_49.windows.Stock_increase_-_with_WHM_US125587" name="Create a Warehouse Movement for created yard" time="45.954">
      <system-out><![CDATA[
COMMAND: POST /session/7f6ec3857c10649f26842f36b7e75a4c/execute/async - {"script":"<script> [1562 bytes]","args":[{"selector":{"controlType":"sap.m.GenericTile","properties":{"header":"Manage Warehouse Movements"}},"wdio_ui5_key":"sapm.GenericTile{\"header\":\"Manage Warehouse Movements\"}"}]}
RESULT: {"script":"<script> [1562 bytes]","args":[{"selector":{"controlType":"sap.m.GenericTile","properties":{"header":"Manage Warehouse Movements"}},"wdio_ui5_key":"sapm.GenericTile{\"header\":\"Manage Warehouse Movements\"}"}]}
RESULT: undefined
COMMAND: POST /session/7f6ec3857c10649f26842f36b7e75a4c/element - {"using":"xpath","value":"//*[@id=\"__tile105\"]"}
RESULT: {"using":"xpath","value":"//*[@id=\"__tile105\"]"}
COMMAND: POST /session/7f6ec3857c10649f26842f36b7e75a4c/element/f.4BE7CB3E9946CAC77AC1BA1FEFE24C33.d.35D69E8BEE7571125DE1ABCE92C451C4.e.3194/click - {}
RESULT: {}
COMMAND: GET /session/7f6ec3857c10649f26842f36b7e75a4c/screenshot - {}
RESULT: {}
COMMAND: POST /session/7f6ec3857c10649f26842f36b7e75a4c/elements - {"using":"xpath","value":"//span[text()='Error']"}
RESULT: {"using":"xpath","value":"//span[text()='Error']"}
COMMAND: POST /session/7f6ec3857c10649f26842f36b7e75a4c/element - {"using":"xpath","value":"//input[@id='application-warehousemovements-display-component---warehouseMovements--smartFilterBar-filterItemControl_BASIC-YARD-inner']"}
RESULT: {"using":"xpath","value":"//input[@id='application-warehousemovements-display-component---warehouseMovements--smartFilterBar-filterItemControl_BASIC-YARD-inner']"}
COMMAND: POST /session/7f6ec3857c10649f26842f36b7e75a4c/elements - {"using":"xpath","value":"//input[@id='application-warehousemovements-display-component---warehouseMovements--smartFilterBar-filterItemControl_BASIC-YARD-inner']"}
RESULT: {"using":"xpath","value":"//input[@id='application-warehousemovements-display-component---warehouseMovements--smartFilterBar-filterItemControl_BASIC-YARD-inner']"}
COMMAND: POST /session/7f6ec3857c10649f26842f36b7e75a4c/execute/sync - {"script":"<script> [8489 bytes]","args":[{"element-6066-11e4-a52e-4f735466cecf":"f.4BE7CB3E9946CAC77AC1BA1FEFE24C33.d.35D69E8BEE7571125DE1ABCE92C451C4.e.3202","ELEMENT":"f.4BE7CB3E9946CAC77AC1BA1FEFE24C33.d.35D69E8BEE7571125DE1ABCE92C451C4.e.3202"}]}
RESULT: {"script":"<script> [8489 bytes]","args":[{"element-6066-11e4-a52e-4f735466cecf":"f.4BE7CB3E9946CAC77AC1BA1FEFE24C33.d.35D69E8BEE7571125DE1ABCE92C451C4.e.3202","ELEMENT":"f.4BE7CB3E9946CAC77AC1BA1FEFE24C33.d.35D69E8BEE7571125DE1ABCE92C451C4.e.3202"}]}
COMMAND: GET /session/7f6ec3857c10649f26842f36b7e75a4c/element/f.4BE7CB3E9946CAC77AC1BA1FEFE24C33.d.35D69E8BEE7571125DE1ABCE92C451C4.e.3202/enabled - {}
COMMAND: GET /session/7f6ec3857c10649f26842f36b7e75a4c/screenshot - {}
RESULT: {}
COMMAND: POST /session/7f6ec3857c10649f26842f36b7e75a4c/execute/sync - {"script":"<script> [8489 bytes]","args":[{"element-6066-11e4-a52e-4f735466cecf":"f.4BE7CB3E9946CAC77AC1BA1FEFE24C33.d.35D69E8BEE7571125DE1ABCE92C451C4.e.3202","ELEMENT":"f.4BE7CB3E9946CAC77AC1BA1FEFE24C33.d.35D69E8BEE7571125DE1ABCE92C451C4.e.3202"}]}
COMMAND: GET /session/7f6ec3857c10649f26842f36b7e75a4c/screenshot - {}
RESULT: {}
RESULT: {"script":"<script> [8489 bytes]","args":[{"element-6066-11e4-a52e-4f735466cecf":"f.4BE7CB3E9946CAC77AC1BA1FEFE24C33.d.35D69E8BEE7571125DE1ABCE92C451C4.e.3202","ELEMENT":"f.4BE7CB3E9946CAC77AC1BA1FEFE24C33.d.35D69E8BEE7571125DE1ABCE92C451C4.e.3202"}]}
COMMAND: POST /session/7f6ec3857c10649f26842f36b7e75a4c/execute/sync - {"script":"<script> [5351 bytes]","args":[{"element-6066-11e4-a52e-4f735466cecf":"f.4BE7CB3E9946CAC77AC1BA1FEFE24C33.d.35D69E8BEE7571125DE1ABCE92C451C4.e.3202","ELEMENT":"f.4BE7CB3E9946CAC77AC1BA1FEFE24C33.d.35D69E8BEE7571125DE1ABCE92C451C4.e.3202"}]}
COMMAND: GET /session/7f6ec3857c10649f26842f36b7e75a4c/screenshot - {}
RESULT: {}
RESULT: {"script":"<script> [5351 bytes]","args":[{"element-6066-11e4-a52e-4f735466cecf":"f.4BE7CB3E9946CAC77AC1BA1FEFE24C33.d.35D69E8BEE7571125DE1ABCE92C451C4.e.3202","ELEMENT":"f.4BE7CB3E9946CAC77AC1BA1FEFE24C33.d.35D69E8BEE7571125DE1ABCE92C451C4.e.3202"}]}
COMMAND: GET /session/7f6ec3857c10649f26842f36b7e75a4c/screenshot - {}
RESULT: {}
RESULT: {}
COMMAND: POST /session/7f6ec3857c10649f26842f36b7e75a4c/element/f.4BE7CB3E9946CAC77AC1BA1FEFE24C33.d.35D69E8BEE7571125DE1ABCE92C451C4.e.3202/clear - {}
RESULT: {}
COMMAND: POST /session/7f6ec3857c10649f26842f36b7e75a4c/element/f.4BE7CB3E9946CAC77AC1BA1FEFE24C33.d.35D69E8BEE7571125DE1ABCE92C451C4.e.3202/value - {"text":"384"}
COMMAND: GET /session/7f6ec3857c10649f26842f36b7e75a4c/screenshot - {}
RESULT: {"text":"384"}
COMMAND: POST /session/7f6ec3857c10649f26842f36b7e75a4c/actions - {"actions":[{"id":"action13","type":"key","parameters":{},"actions":[{"type":"keyDown","value":"î€‡"},{"type":"pause","duration":10},{"type":"keyUp","value":"î€‡"}]}]}
COMMAND: GET /session/7f6ec3857c10649f26842f36b7e75a4c/screenshot - {}
RESULT: {}
RESULT: {"actions":[{"id":"action13","type":"key","parameters":{},"actions":[{"type":"keyDown","value":"î€‡"},{"type":"pause","duration":10},{"type":"keyUp","value":"î€‡"}]}]}
COMMAND: GET /session/7f6ec3857c10649f26842f36b7e75a4c/screenshot - {}
RESULT: {}
RESULT: {}
COMMAND: POST /session/7f6ec3857c10649f26842f36b7e75a4c/element - {"using":"xpath","value":"//button[contains(@data-kt, \"MasterMovementAddOverflowToolbarButton\")]"}
RESULT: {"using":"xpath","value":"//button[contains(@data-kt, \"MasterMovementAddOverflowToolbarButton\")]"}
COMMAND: POST /session/7f6ec3857c10649f26842f36b7e75a4c/element/f.4BE7CB3E9946CAC77AC1BA1FEFE24C33.d.35D69E8BEE7571125DE1ABCE92C451C4.e.3241/click - {}
RESULT: {}
COMMAND: GET /session/7f6ec3857c10649f26842f36b7e75a4c/screenshot - {}
RESULT: {}
COMMAND: POST /session/7f6ec3857c10649f26842f36b7e75a4c/element - {"using":"xpath","value":"//*[@id=\"application-warehousemovements-display-component---addMovement--sectionsList-arrow\"]"}
RESULT: {"using":"xpath","value":"//*[@id=\"application-warehousemovements-display-component---addMovement--sectionsList-arrow\"]"}
COMMAND: POST /session/7f6ec3857c10649f26842f36b7e75a4c/element/f.4BE7CB3E9946CAC77AC1BA1FEFE24C33.d.35D69E8BEE7571125DE1ABCE92C451C4.e.3391/click - {}
RESULT: {}
COMMAND: POST /session/7f6ec3857c10649f26842f36b7e75a4c/actions - {"actions":[{"id":"action14","type":"key","parameters":{},"actions":[{"type":"keyDown","value":"î€•"},{"type":"pause","duration":10},{"type":"keyUp","value":"î€•"}]}]}
COMMAND: GET /session/7f6ec3857c10649f26842f36b7e75a4c/screenshot - {}
RESULT: {"actions":[{"id":"action14","type":"key","parameters":{},"actions":[{"type":"keyDown","value":"î€•"},{"type":"pause","duration":10},{"type":"keyUp","value":"î€•"}]}]}
COMMAND: GET /session/7f6ec3857c10649f26842f36b7e75a4c/screenshot - {}
RESULT: {}
RESULT: {}
COMMAND: POST /session/7f6ec3857c10649f26842f36b7e75a4c/actions - {"actions":[{"id":"action15","type":"key","parameters":{},"actions":[{"type":"keyDown","value":"î€‡"},{"type":"pause","duration":10},{"type":"keyUp","value":"î€‡"}]}]}
RESULT: {"actions":[{"id":"action15","type":"key","parameters":{},"actions":[{"type":"keyDown","value":"î€‡"},{"type":"pause","duration":10},{"type":"keyUp","value":"î€‡"}]}]}
COMMAND: GET /session/7f6ec3857c10649f26842f36b7e75a4c/screenshot - {}
RESULT: {}
COMMAND: POST /session/7f6ec3857c10649f26842f36b7e75a4c/element - {"using":"xpath","value":"//*[@id=\"application-warehousemovements-display-component---addMovement--saveMovementBtn-BDI-content\" and text()=\"Save\"]"}
RESULT: {"using":"xpath","value":"//*[@id=\"application-warehousemovements-display-component---addMovement--saveMovementBtn-BDI-content\" and text()=\"Save\"]"}
COMMAND: POST /session/7f6ec3857c10649f26842f36b7e75a4c/element/f.4BE7CB3E9946CAC77AC1BA1FEFE24C33.d.35D69E8BEE7571125DE1ABCE92C451C4.e.3392/click - {}
RESULT: {}
COMMAND: GET /session/7f6ec3857c10649f26842f36b7e75a4c/screenshot - {}
RESULT: {}
COMMAND: POST /session/7f6ec3857c10649f26842f36b7e75a4c/element - {"using":"css selector","value":"#shell-header-logo"}
RESULT: {"using":"css selector","value":"#shell-header-logo"}
COMMAND: POST /session/7f6ec3857c10649f26842f36b7e75a4c/element/f.4BE7CB3E9946CAC77AC1BA1FEFE24C33.d.35D69E8BEE7571125DE1ABCE92C451C4.e.3197/click - {}
RESULT: {}
COMMAND: GET /session/7f6ec3857c10649f26842f36b7e75a4c/screenshot - {}
RESULT: {}
]]></system-out>
    </testcase>
    <testcase classname="chrome.136_0_7103_49.windows.Stock_increase_-_with_WHM_US125587" name="Should do a stock increase handover" time="84.369">
      <system-out><![CDATA[
COMMAND: POST /session/7f6ec3857c10649f26842f36b7e75a4c/execute/async - {"script":"<script> [1562 bytes]","args":[{"selector":{"controlType":"sap.m.GenericTile","properties":{"header":"Manage Handovers"}},"wdio_ui5_key":"sapm.GenericTile{\"header\":\"Manage Handovers\"}"}]}
RESULT: {"script":"<script> [1562 bytes]","args":[{"selector":{"controlType":"sap.m.GenericTile","properties":{"header":"Manage Handovers"}},"wdio_ui5_key":"sapm.GenericTile{\"header\":\"Manage Handovers\"}"}]}
RESULT: undefined
COMMAND: POST /session/7f6ec3857c10649f26842f36b7e75a4c/element - {"using":"xpath","value":"//*[@id=\"__tile133\"]"}
RESULT: {"using":"xpath","value":"//*[@id=\"__tile133\"]"}
COMMAND: POST /session/7f6ec3857c10649f26842f36b7e75a4c/element/f.4BE7CB3E9946CAC77AC1BA1FEFE24C33.d.35D69E8BEE7571125DE1ABCE92C451C4.e.205/click - {}
RESULT: {}
COMMAND: GET /session/7f6ec3857c10649f26842f36b7e75a4c/screenshot - {}
RESULT: {}
COMMAND: POST /session/7f6ec3857c10649f26842f36b7e75a4c/elements - {"using":"xpath","value":"//span[text()='Error']"}
RESULT: {"using":"xpath","value":"//span[text()='Error']"}
COMMAND: POST /session/7f6ec3857c10649f26842f36b7e75a4c/element - {"using":"xpath","value":"//button[@data-kt=\"masterHOAddButton\"]"}
RESULT: {"using":"xpath","value":"//button[@data-kt=\"masterHOAddButton\"]"}
COMMAND: POST /session/7f6ec3857c10649f26842f36b7e75a4c/elements - {"using":"xpath","value":"//button[@data-kt=\"masterHOAddButton\"]"}
RESULT: {"using":"xpath","value":"//button[@data-kt=\"masterHOAddButton\"]"}
COMMAND: POST /session/7f6ec3857c10649f26842f36b7e75a4c/execute/sync - {"script":"<script> [8489 bytes]","args":[{"element-6066-11e4-a52e-4f735466cecf":"f.4BE7CB3E9946CAC77AC1BA1FEFE24C33.d.35D69E8BEE7571125DE1ABCE92C451C4.e.3495","ELEMENT":"f.4BE7CB3E9946CAC77AC1BA1FEFE24C33.d.35D69E8BEE7571125DE1ABCE92C451C4.e.3495"}]}
RESULT: {"script":"<script> [8489 bytes]","args":[{"element-6066-11e4-a52e-4f735466cecf":"f.4BE7CB3E9946CAC77AC1BA1FEFE24C33.d.35D69E8BEE7571125DE1ABCE92C451C4.e.3495","ELEMENT":"f.4BE7CB3E9946CAC77AC1BA1FEFE24C33.d.35D69E8BEE7571125DE1ABCE92C451C4.e.3495"}]}
COMMAND: GET /session/7f6ec3857c10649f26842f36b7e75a4c/element/f.4BE7CB3E9946CAC77AC1BA1FEFE24C33.d.35D69E8BEE7571125DE1ABCE92C451C4.e.3495/enabled - {}
COMMAND: GET /session/7f6ec3857c10649f26842f36b7e75a4c/screenshot - {}
RESULT: {}
COMMAND: POST /session/7f6ec3857c10649f26842f36b7e75a4c/execute/sync - {"script":"<script> [8489 bytes]","args":[{"element-6066-11e4-a52e-4f735466cecf":"f.4BE7CB3E9946CAC77AC1BA1FEFE24C33.d.35D69E8BEE7571125DE1ABCE92C451C4.e.3495","ELEMENT":"f.4BE7CB3E9946CAC77AC1BA1FEFE24C33.d.35D69E8BEE7571125DE1ABCE92C451C4.e.3495"}]}
COMMAND: GET /session/7f6ec3857c10649f26842f36b7e75a4c/screenshot - {}
RESULT: {}
RESULT: {"script":"<script> [8489 bytes]","args":[{"element-6066-11e4-a52e-4f735466cecf":"f.4BE7CB3E9946CAC77AC1BA1FEFE24C33.d.35D69E8BEE7571125DE1ABCE92C451C4.e.3495","ELEMENT":"f.4BE7CB3E9946CAC77AC1BA1FEFE24C33.d.35D69E8BEE7571125DE1ABCE92C451C4.e.3495"}]}
COMMAND: POST /session/7f6ec3857c10649f26842f36b7e75a4c/execute/sync - {"script":"<script> [5351 bytes]","args":[{"element-6066-11e4-a52e-4f735466cecf":"f.4BE7CB3E9946CAC77AC1BA1FEFE24C33.d.35D69E8BEE7571125DE1ABCE92C451C4.e.3495","ELEMENT":"f.4BE7CB3E9946CAC77AC1BA1FEFE24C33.d.35D69E8BEE7571125DE1ABCE92C451C4.e.3495"}]}
COMMAND: GET /session/7f6ec3857c10649f26842f36b7e75a4c/screenshot - {}
RESULT: {}
RESULT: {"script":"<script> [5351 bytes]","args":[{"element-6066-11e4-a52e-4f735466cecf":"f.4BE7CB3E9946CAC77AC1BA1FEFE24C33.d.35D69E8BEE7571125DE1ABCE92C451C4.e.3495","ELEMENT":"f.4BE7CB3E9946CAC77AC1BA1FEFE24C33.d.35D69E8BEE7571125DE1ABCE92C451C4.e.3495"}]}
COMMAND: POST /session/7f6ec3857c10649f26842f36b7e75a4c/element/f.4BE7CB3E9946CAC77AC1BA1FEFE24C33.d.35D69E8BEE7571125DE1ABCE92C451C4.e.3495/click - {}
COMMAND: GET /session/7f6ec3857c10649f26842f36b7e75a4c/screenshot - {}
RESULT: {}
RESULT: {}
COMMAND: GET /session/7f6ec3857c10649f26842f36b7e75a4c/screenshot - {}
RESULT: {}
RESULT: {}
COMMAND: POST /session/7f6ec3857c10649f26842f36b7e75a4c/element - {"using":"xpath","value":"//span[contains(@id ,\"AddNewHO--typeSelect-arrow\")]"}
RESULT: {"using":"xpath","value":"//span[contains(@id ,\"AddNewHO--typeSelect-arrow\")]"}
COMMAND: POST /session/7f6ec3857c10649f26842f36b7e75a4c/element/f.4BE7CB3E9946CAC77AC1BA1FEFE24C33.d.35D69E8BEE7571125DE1ABCE92C451C4.e.3837/click - {}
RESULT: {}
COMMAND: GET /session/7f6ec3857c10649f26842f36b7e75a4c/screenshot - {}
RESULT: {}
COMMAND: POST /session/7f6ec3857c10649f26842f36b7e75a4c/element - {"using":"xpath","value":"(//li[contains(text(), \"stock increase yard\")])[1]"}
RESULT: {"using":"xpath","value":"(//li[contains(text(), \"stock increase yard\")])[1]"}
COMMAND: POST /session/7f6ec3857c10649f26842f36b7e75a4c/element/f.4BE7CB3E9946CAC77AC1BA1FEFE24C33.d.35D69E8BEE7571125DE1ABCE92C451C4.e.3838/click - {}
RESULT: {}
COMMAND: GET /session/7f6ec3857c10649f26842f36b7e75a4c/screenshot - {}
RESULT: {}
COMMAND: POST /session/7f6ec3857c10649f26842f36b7e75a4c/execute/async - {"script":"<script> [1562 bytes]","args":[{"selector":{"id":"application-managehandovers-display-component---AddNewHO--dueDate","interaction":{"idSuffix":"inner"}},"wdio_ui5_key":"applicationmanagehandovers-display-component---AddNewHO--dueDate"}]}
RESULT: {"script":"<script> [1562 bytes]","args":[{"selector":{"id":"application-managehandovers-display-component---AddNewHO--dueDate","interaction":{"idSuffix":"inner"}},"wdio_ui5_key":"applicationmanagehandovers-display-component---AddNewHO--dueDate"}]}
RESULT: undefined
COMMAND: POST /session/7f6ec3857c10649f26842f36b7e75a4c/execute/async - {"script":"<script> [6424 bytes]","args":[{"element-6066-11e4-a52e-4f735466cecf":"f.4BE7CB3E9946CAC77AC1BA1FEFE24C33.d.35D69E8BEE7571125DE1ABCE92C451C4.e.3840"},"setValue",["5/15/25"]]}
RESULT: {"script":"<script> [6424 bytes]","args":[{"element-6066-11e4-a52e-4f735466cecf":"f.4BE7CB3E9946CAC77AC1BA1FEFE24C33.d.35D69E8BEE7571125DE1ABCE92C451C4.e.3840"},"setValue",["5/15/25"]]}
COMMAND: POST /session/7f6ec3857c10649f26842f36b7e75a4c/element - {"using":"xpath","value":"//input[@id=\"generalSectionFrg--receiveYard-inner\"]"}
RESULT: {"using":"xpath","value":"//input[@id=\"generalSectionFrg--receiveYard-inner\"]"}
COMMAND: POST /session/7f6ec3857c10649f26842f36b7e75a4c/element/f.4BE7CB3E9946CAC77AC1BA1FEFE24C33.d.35D69E8BEE7571125DE1ABCE92C451C4.e.3844/clear - {}
RESULT: {}
COMMAND: POST /session/7f6ec3857c10649f26842f36b7e75a4c/element/f.4BE7CB3E9946CAC77AC1BA1FEFE24C33.d.35D69E8BEE7571125DE1ABCE92C451C4.e.3844/value - {"text":"384"}
COMMAND: GET /session/7f6ec3857c10649f26842f36b7e75a4c/screenshot - {}
RESULT: {"text":"384"}
COMMAND: GET /session/7f6ec3857c10649f26842f36b7e75a4c/screenshot - {}
RESULT: {}
RESULT: {}
COMMAND: POST /session/7f6ec3857c10649f26842f36b7e75a4c/element - {"using":"xpath","value":"//li[.//span[text()='384']]"}
RESULT: {"using":"xpath","value":"//li[.//span[text()='384']]"}
COMMAND: POST /session/7f6ec3857c10649f26842f36b7e75a4c/element/f.4BE7CB3E9946CAC77AC1BA1FEFE24C33.d.35D69E8BEE7571125DE1ABCE92C451C4.e.3862/click - {}
RESULT: {}
COMMAND: GET /session/7f6ec3857c10649f26842f36b7e75a4c/screenshot - {}
RESULT: {}
COMMAND: POST /session/7f6ec3857c10649f26842f36b7e75a4c/execute/async - {"script":"<script> [1562 bytes]","args":[{"selector":{"id":"application-managehandovers-display-component---AddNewHO--ObjectPageLayout-anchBar-application-managehandovers-display-component---AddNewHO--section4-anchor","interaction":{"idSuffix":"BDI-content"}},"wdio_ui5_key":"applicationmanagehandovers-display-component---AddNewHO--ObjectPageLayout-anchBar-application-managehandovers-display-component---AddNewHO--section4-anchor"}]}
RESULT: {"script":"<script> [1562 bytes]","args":[{"selector":{"id":"application-managehandovers-display-component---AddNewHO--ObjectPageLayout-anchBar-application-managehandovers-display-component---AddNewHO--section4-anchor","interaction":{"idSuffix":"BDI-content"}},"wdio_ui5_key":"applicationmanagehandovers-display-component---AddNewHO--ObjectPageLayout-anchBar-application-managehandovers-display-component---AddNewHO--section4-anchor"}]}
RESULT: undefined
COMMAND: POST /session/7f6ec3857c10649f26842f36b7e75a4c/element - {"using":"xpath","value":"//*[@id=\"application-managehandovers-display-component---AddNewHO--ObjectPageLayout-anchBar-application-managehandovers-display-component---AddNewHO--section4-anchor\"]"}
RESULT: {"using":"xpath","value":"//*[@id=\"application-managehandovers-display-component---AddNewHO--ObjectPageLayout-anchBar-application-managehandovers-display-component---AddNewHO--section4-anchor\"]"}
COMMAND: POST /session/7f6ec3857c10649f26842f36b7e75a4c/element/f.4BE7CB3E9946CAC77AC1BA1FEFE24C33.d.35D69E8BEE7571125DE1ABCE92C451C4.e.3864/click - {}
RESULT: {}
COMMAND: POST /session/7f6ec3857c10649f26842f36b7e75a4c/element - {"using":"xpath","value":"//button[@aria-label=\"Add\"]"}
COMMAND: GET /session/7f6ec3857c10649f26842f36b7e75a4c/screenshot - {}
RESULT: {"using":"xpath","value":"//button[@aria-label=\"Add\"]"}
COMMAND: POST /session/7f6ec3857c10649f26842f36b7e75a4c/element/f.4BE7CB3E9946CAC77AC1BA1FEFE24C33.d.35D69E8BEE7571125DE1ABCE92C451C4.e.3866/click - {}
RESULT: {}
RESULT: {}
COMMAND: GET /session/7f6ec3857c10649f26842f36b7e75a4c/screenshot - {}
RESULT: {}
COMMAND: POST /session/7f6ec3857c10649f26842f36b7e75a4c/execute/async - {"script":"<script> [1562 bytes]","args":[{"selector":{"id":"application-managehandovers-display-component---AddNewHO--smartFilterBar-btnBasicSearch","searchOpenDialogs":true,"interaction":{"idSuffix":"I"}},"wdio_ui5_key":"applicationmanagehandovers-display-component---AddNewHO--smartFilterBar-btnBasicSearch"}]}
RESULT: {"script":"<script> [1562 bytes]","args":[{"selector":{"id":"application-managehandovers-display-component---AddNewHO--smartFilterBar-btnBasicSearch","searchOpenDialogs":true,"interaction":{"idSuffix":"I"}},"wdio_ui5_key":"applicationmanagehandovers-display-component---AddNewHO--smartFilterBar-btnBasicSearch"}]}
RESULT: undefined
COMMAND: POST /session/7f6ec3857c10649f26842f36b7e75a4c/execute/async - {"script":"<script> [776 bytes]","args":[{"enterText":"200166","selector":{"id":"application-managehandovers-display-component---AddNewHO--smartFilterBar-btnBasicSearch","searchOpenDialogs":true,"interaction":{"idSuffix":"I"}},"clearTextFirst":true,"interactionType":"ENTER_TEXT"}]}
RESULT: {"script":"<script> [776 bytes]","args":[{"enterText":"200166","selector":{"id":"application-managehandovers-display-component---AddNewHO--smartFilterBar-btnBasicSearch","searchOpenDialogs":true,"interaction":{"idSuffix":"I"}},"clearTextFirst":true,"interactionType":"ENTER_TEXT"}]}
COMMAND: POST /session/7f6ec3857c10649f26842f36b7e75a4c/actions - {"actions":[{"id":"action16","type":"key","parameters":{},"actions":[{"type":"keyDown","value":"î€‡"},{"type":"pause","duration":10},{"type":"keyUp","value":"î€‡"}]}]}
RESULT: {"actions":[{"id":"action16","type":"key","parameters":{},"actions":[{"type":"keyDown","value":"î€‡"},{"type":"pause","duration":10},{"type":"keyUp","value":"î€‡"}]}]}
COMMAND: GET /session/7f6ec3857c10649f26842f36b7e75a4c/screenshot - {}
RESULT: {}
COMMAND: POST /session/7f6ec3857c10649f26842f36b7e75a4c/execute/async - {"script":"<script> [1562 bytes]","args":[{"selector":{"id":"application-managehandovers-display-component---AddNewHO--popup-sa","searchOpenDialogs":true,"interaction":{"idSuffix":"CbBg"}},"wdio_ui5_key":"applicationmanagehandovers-display-component---AddNewHO--popup-sa"}]}
RESULT: {"script":"<script> [1562 bytes]","args":[{"selector":{"id":"application-managehandovers-display-component---AddNewHO--popup-sa","searchOpenDialogs":true,"interaction":{"idSuffix":"CbBg"}},"wdio_ui5_key":"applicationmanagehandovers-display-component---AddNewHO--popup-sa"}]}
RESULT: undefined
COMMAND: POST /session/7f6ec3857c10649f26842f36b7e75a4c/element - {"using":"xpath","value":"//*[@id=\"application-managehandovers-display-component---AddNewHO--popup-sa\"]"}
RESULT: {"using":"xpath","value":"//*[@id=\"application-managehandovers-display-component---AddNewHO--popup-sa\"]"}
COMMAND: POST /session/7f6ec3857c10649f26842f36b7e75a4c/element/f.4BE7CB3E9946CAC77AC1BA1FEFE24C33.d.35D69E8BEE7571125DE1ABCE92C451C4.e.4017/click - {}
RESULT: {}
COMMAND: GET /session/7f6ec3857c10649f26842f36b7e75a4c/screenshot - {}
RESULT: {}
COMMAND: POST /session/7f6ec3857c10649f26842f36b7e75a4c/element - {"using":"xpath","value":"//bdi[contains(text(), \"Select\")]"}
RESULT: {"using":"xpath","value":"//bdi[contains(text(), \"Select\")]"}
COMMAND: POST /session/7f6ec3857c10649f26842f36b7e75a4c/element/f.4BE7CB3E9946CAC77AC1BA1FEFE24C33.d.35D69E8BEE7571125DE1ABCE92C451C4.e.4018/click - {}
RESULT: {}
COMMAND: GET /session/7f6ec3857c10649f26842f36b7e75a4c/screenshot - {}
RESULT: {}
COMMAND: POST /session/7f6ec3857c10649f26842f36b7e75a4c/element - {"using":"xpath","value":"//button[@data-kt=\"AddNewHOSaveButton\"]"}
RESULT: {"using":"xpath","value":"//button[@data-kt=\"AddNewHOSaveButton\"]"}
COMMAND: POST /session/7f6ec3857c10649f26842f36b7e75a4c/element/f.4BE7CB3E9946CAC77AC1BA1FEFE24C33.d.35D69E8BEE7571125DE1ABCE92C451C4.e.4022/click - {}
RESULT: {}
COMMAND: GET /session/7f6ec3857c10649f26842f36b7e75a4c/screenshot - {}
RESULT: {}
COMMAND: POST /session/7f6ec3857c10649f26842f36b7e75a4c/execute/async - {"script":"<script> [1562 bytes]","args":[{"selector":{"id":"receiptDatePicker","viewName":"etm.portal.ui.managehandovers.view.DetailExecuteHO","interaction":{"idSuffix":"inner"}},"wdio_ui5_key":"receiptDatePickeretmportal.ui.managehandovers.view.DetailExecuteHO"}]}
RESULT: {"script":"<script> [1562 bytes]","args":[{"selector":{"id":"receiptDatePicker","viewName":"etm.portal.ui.managehandovers.view.DetailExecuteHO","interaction":{"idSuffix":"inner"}},"wdio_ui5_key":"receiptDatePickeretmportal.ui.managehandovers.view.DetailExecuteHO"}]}
RESULT: undefined
COMMAND: POST /session/7f6ec3857c10649f26842f36b7e75a4c/execute/async - {"script":"<script> [6424 bytes]","args":[{"element-6066-11e4-a52e-4f735466cecf":"f.4BE7CB3E9946CAC77AC1BA1FEFE24C33.d.35D69E8BEE7571125DE1ABCE92C451C4.e.4032"},"setValue",["5/15/25"]]}
RESULT: {"script":"<script> [6424 bytes]","args":[{"element-6066-11e4-a52e-4f735466cecf":"f.4BE7CB3E9946CAC77AC1BA1FEFE24C33.d.35D69E8BEE7571125DE1ABCE92C451C4.e.4032"},"setValue",["5/15/25"]]}
COMMAND: POST /session/7f6ec3857c10649f26842f36b7e75a4c/element - {"using":"xpath","value":"//button[@data-kt=\"PickingTableConfirmAllButton\"]"}
RESULT: {"using":"xpath","value":"//button[@data-kt=\"PickingTableConfirmAllButton\"]"}
COMMAND: POST /session/7f6ec3857c10649f26842f36b7e75a4c/element/f.4BE7CB3E9946CAC77AC1BA1FEFE24C33.d.35D69E8BEE7571125DE1ABCE92C451C4.e.4056/click - {}
RESULT: {}
COMMAND: GET /session/7f6ec3857c10649f26842f36b7e75a4c/screenshot - {}
RESULT: {}
COMMAND: POST /session/7f6ec3857c10649f26842f36b7e75a4c/element - {"using":"xpath","value":"//bdi[contains(text(), \"OK\")]"}
RESULT: {"using":"xpath","value":"//bdi[contains(text(), \"OK\")]"}
COMMAND: POST /session/7f6ec3857c10649f26842f36b7e75a4c/element/f.4BE7CB3E9946CAC77AC1BA1FEFE24C33.d.35D69E8BEE7571125DE1ABCE92C451C4.e.4058/click - {}
RESULT: {}
COMMAND: GET /session/7f6ec3857c10649f26842f36b7e75a4c/screenshot - {}
RESULT: {}
COMMAND: POST /session/7f6ec3857c10649f26842f36b7e75a4c/element - {"using":"xpath","value":"(//bdi[contains(text(), \"Receive\")])[2]"}
RESULT: {"using":"xpath","value":"(//bdi[contains(text(), \"Receive\")])[2]"}
COMMAND: POST /session/7f6ec3857c10649f26842f36b7e75a4c/element/f.4BE7CB3E9946CAC77AC1BA1FEFE24C33.d.35D69E8BEE7571125DE1ABCE92C451C4.e.4060/click - {}
RESULT: {}
COMMAND: GET /session/7f6ec3857c10649f26842f36b7e75a4c/screenshot - {}
RESULT: {}
COMMAND: POST /session/7f6ec3857c10649f26842f36b7e75a4c/element - {"using":"css selector","value":"#shell-header-logo"}
RESULT: {"using":"css selector","value":"#shell-header-logo"}
COMMAND: POST /session/7f6ec3857c10649f26842f36b7e75a4c/element/f.4BE7CB3E9946CAC77AC1BA1FEFE24C33.d.35D69E8BEE7571125DE1ABCE92C451C4.e.3462/click - {}
RESULT: {}
COMMAND: GET /session/7f6ec3857c10649f26842f36b7e75a4c/screenshot - {}
RESULT: {}
COMMAND: POST /session/7f6ec3857c10649f26842f36b7e75a4c/element - {"using":"css selector","value":"#j_username"}
COMMAND: POST /session/7f6ec3857c10649f26842f36b7e75a4c/url - {"url":"https://qa-testing-00-live-etm-ui.cfapps.eu10-004.hana.ondemand.com/"}
RESULT: {"url":"https://qa-testing-00-live-etm-ui.cfapps.eu10-004.hana.ondemand.com/"}
RESULT: undefined
COMMAND: GET /session/7f6ec3857c10649f26842f36b7e75a4c/screenshot - {}
RESULT: {"using":"css selector","value":"#j_username"}
COMMAND: POST /session/7f6ec3857c10649f26842f36b7e75a4c/element - {"using":"css selector","value":"#j_username"}
RESULT: {}
RESULT: {"using":"css selector","value":"#j_username"}
COMMAND: POST /session/7f6ec3857c10649f26842f36b7e75a4c/element - {"using":"css selector","value":"#shell-header-logo"}
RESULT: {"using":"css selector","value":"#shell-header-logo"}
COMMAND: POST /session/7f6ec3857c10649f26842f36b7e75a4c/execute/sync - {"script":"<script> [8489 bytes]","args":[{"element-6066-11e4-a52e-4f735466cecf":"f.4BE7CB3E9946CAC77AC1BA1FEFE24C33.d.CBD01DD1E642EDBC3440376879881D20.e.4351","ELEMENT":"f.4BE7CB3E9946CAC77AC1BA1FEFE24C33.d.CBD01DD1E642EDBC3440376879881D20.e.4351"}]}
RESULT: {"script":"<script> [8489 bytes]","args":[{"element-6066-11e4-a52e-4f735466cecf":"f.4BE7CB3E9946CAC77AC1BA1FEFE24C33.d.CBD01DD1E642EDBC3440376879881D20.e.4351","ELEMENT":"f.4BE7CB3E9946CAC77AC1BA1FEFE24C33.d.CBD01DD1E642EDBC3440376879881D20.e.4351"}]}
COMMAND: POST /session/7f6ec3857c10649f26842f36b7e75a4c/element - {"using":"css selector","value":"#shell-header-logo"}
COMMAND: GET /session/7f6ec3857c10649f26842f36b7e75a4c/screenshot - {}
RESULT: {"using":"css selector","value":"#shell-header-logo"}
COMMAND: POST /session/7f6ec3857c10649f26842f36b7e75a4c/execute/sync - {"script":"<script> [8489 bytes]","args":[{"element-6066-11e4-a52e-4f735466cecf":"f.4BE7CB3E9946CAC77AC1BA1FEFE24C33.d.CBD01DD1E642EDBC3440376879881D20.e.4351","ELEMENT":"f.4BE7CB3E9946CAC77AC1BA1FEFE24C33.d.CBD01DD1E642EDBC3440376879881D20.e.4351"}]}
RESULT: {}
RESULT: {"script":"<script> [8489 bytes]","args":[{"element-6066-11e4-a52e-4f735466cecf":"f.4BE7CB3E9946CAC77AC1BA1FEFE24C33.d.CBD01DD1E642EDBC3440376879881D20.e.4351","ELEMENT":"f.4BE7CB3E9946CAC77AC1BA1FEFE24C33.d.CBD01DD1E642EDBC3440376879881D20.e.4351"}]}
COMMAND: POST /session/7f6ec3857c10649f26842f36b7e75a4c/execute/sync - {"script":"<script> [5351 bytes]","args":[{"element-6066-11e4-a52e-4f735466cecf":"f.4BE7CB3E9946CAC77AC1BA1FEFE24C33.d.CBD01DD1E642EDBC3440376879881D20.e.4351","ELEMENT":"f.4BE7CB3E9946CAC77AC1BA1FEFE24C33.d.CBD01DD1E642EDBC3440376879881D20.e.4351"}]}
COMMAND: GET /session/7f6ec3857c10649f26842f36b7e75a4c/screenshot - {}
RESULT: {"script":"<script> [5351 bytes]","args":[{"element-6066-11e4-a52e-4f735466cecf":"f.4BE7CB3E9946CAC77AC1BA1FEFE24C33.d.CBD01DD1E642EDBC3440376879881D20.e.4351","ELEMENT":"f.4BE7CB3E9946CAC77AC1BA1FEFE24C33.d.CBD01DD1E642EDBC3440376879881D20.e.4351"}]}
COMMAND: POST /session/7f6ec3857c10649f26842f36b7e75a4c/element - {"using":"css selector","value":"#shell-header-logo"}
COMMAND: GET /session/7f6ec3857c10649f26842f36b7e75a4c/screenshot - {}
RESULT: {}
RESULT: {"using":"css selector","value":"#shell-header-logo"}
COMMAND: POST /session/7f6ec3857c10649f26842f36b7e75a4c/element/f.4BE7CB3E9946CAC77AC1BA1FEFE24C33.d.CBD01DD1E642EDBC3440376879881D20.e.4351/click - {}
RESULT: {}
RESULT: {}
COMMAND: GET /session/7f6ec3857c10649f26842f36b7e75a4c/screenshot - {}
RESULT: {}
COMMAND: POST /session/7f6ec3857c10649f26842f36b7e75a4c/execute/async - {"script":"<script> [189 bytes]","args":[]}
RESULT: {"script":"<script> [189 bytes]","args":[]}
COMMAND: POST /session/7f6ec3857c10649f26842f36b7e75a4c/execute/async - {"script":"<script> [123 bytes]","args":[]}
RESULT: {"script":"<script> [123 bytes]","args":[]}
COMMAND: POST /session/7f6ec3857c10649f26842f36b7e75a4c/timeouts - {"script":"<number>"}
RESULT: {"script":"<number>"}
COMMAND: GET /session/7f6ec3857c10649f26842f36b7e75a4c/timeouts - {}
RESULT: {}
RESULT: undefined
COMMAND: POST /session/7f6ec3857c10649f26842f36b7e75a4c/execute/async - {"script":"<script> [2676 bytes]","args":[]}
RESULT: {"script":"<script> [2676 bytes]","args":[]}
COMMAND: POST /session/7f6ec3857c10649f26842f36b7e75a4c/execute/async - {"script":"<script> [2342 bytes]","args":[{"protocol":"http","hostname":"0.0.0.0","path":"/","capabilities":{"browserName":"chrome","goog:chromeOptions":{"binary":"C:\\Program Files\\Google\\Chrome\\Application\\chrome.exe","args":["--start-maximized"]}},"logLevel":"warn","connectionRetryTimeout":120000,"connectionRetryCount":3,"logLevels":{},"enableDirectConnect":true,"strictSSL":true,"_":"65 more keys: [\"cacheDir\",\"port\",\"requestedCapabilities\",\"automationProtocol\",\"baseUrl\",\"waitforInterval\",\"waitforTimeout\",\"onReload\",\"beforeCommand\",\"afterCommand\",\"rootDir\",\"specs\",\"suites\",\"exclude\",\"groupLogsByTestSpec\",\"excludeDriverLogs\",\"bail\",\"framework\",\"reporters\",\"services\",\"maxInstances\",\"maxInstancesPerCapability\",\"injectGlobals\",\"filesToWatch\",\"execArgv\",\"runnerEnv\",\"runner\",\"shard\",\"specFileRetries\",\"specFileRetriesDelay\",\"specFileRetriesDeferred\",\"reporterSyncInterval\",\"reporterSyncTimeout\",\"cucumberFeaturesWithLineNumbers\",\"autoCompileOpts\",\"mochaOpts\",\"jasmineOpts\",\"cucumberOpts\",\"onPrepare\",\"onWorkerStart\",\"onWorkerEnd\",\"before\",\"beforeSession\",\"beforeSuite\",\"beforeHook\",\"beforeTest\",\"afterTest\",\"afterHook\",\"afterSuite\",\"afterSession\",\"after\",\"onComplete\",\"beforeAssertion\",\"afterAssertion\",\"beforeFeature\",\"beforeScenario\",\"beforeStep\",\"afterStep\",\"afterScenario\",\"afterFeature\",\"_\",\"suite\",\"$0\",\"ignoredWorkerServices\",\"wdi5\"]"}]}
RESULT: {"script":"<script> [2342 bytes]","args":[{"protocol":"http","hostname":"0.0.0.0","path":"/","capabilities":{"browserName":"chrome","goog:chromeOptions":{"binary":"C:\\Program Files\\Google\\Chrome\\Application\\chrome.exe","args":["--start-maximized"]}},"logLevel":"warn","connectionRetryTimeout":120000,"connectionRetryCount":3,"logLevels":{},"enableDirectConnect":true,"strictSSL":true,"_":"65 more keys: [\"cacheDir\",\"port\",\"requestedCapabilities\",\"automationProtocol\",\"baseUrl\",\"waitforInterval\",\"waitforTimeout\",\"onReload\",\"beforeCommand\",\"afterCommand\",\"rootDir\",\"specs\",\"suites\",\"exclude\",\"groupLogsByTestSpec\",\"excludeDriverLogs\",\"bail\",\"framework\",\"reporters\",\"services\",\"maxInstances\",\"maxInstancesPerCapability\",\"injectGlobals\",\"filesToWatch\",\"execArgv\",\"runnerEnv\",\"runner\",\"shard\",\"specFileRetries\",\"specFileRetriesDelay\",\"specFileRetriesDeferred\",\"reporterSyncInterval\",\"reporterSyncTimeout\",\"cucumberFeaturesWithLineNumbers\",\"autoCompileOpts\",\"mochaOpts\",\"jasmineOpts\",\"cucumberOpts\",\"onPrepare\",\"onWorkerStart\",\"onWorkerEnd\",\"before\",\"beforeSession\",\"beforeSuite\",\"beforeHook\",\"beforeTest\",\"afterTest\",\"afterHook\",\"afterSuite\",\"afterSession\",\"after\",\"onComplete\",\"beforeAssertion\",\"afterAssertion\",\"beforeFeature\",\"beforeScenario\",\"beforeStep\",\"afterStep\",\"afterScenario\",\"afterFeature\",\"_\",\"suite\",\"$0\",\"ignoredWorkerServices\",\"wdi5\"]"}]}
COMMAND: POST /session/7f6ec3857c10649f26842f36b7e75a4c/execute/async - {"script":"<script> [21126 bytes]","args":[35000]}
RESULT: {"script":"<script> [21126 bytes]","args":[35000]}
COMMAND: POST /session/7f6ec3857c10649f26842f36b7e75a4c/window/maximize - {}
RESULT: {}
COMMAND: POST /session/7f6ec3857c10649f26842f36b7e75a4c/execute/async - {"script":"<script> [1562 bytes]","args":[{"selector":{"id":"shell-header","interaction":{"idSuffix":"icon"}},"wdio_ui5_key":"shellheader"}]}
COMMAND: GET /session/7f6ec3857c10649f26842f36b7e75a4c/screenshot - {}
RESULT: {"script":"<script> [1562 bytes]","args":[{"selector":{"id":"shell-header","interaction":{"idSuffix":"icon"}},"wdio_ui5_key":"shellheader"}]}
RESULT: undefined
COMMAND: POST /session/7f6ec3857c10649f26842f36b7e75a4c/window/fullscreen - {}
RESULT: {}
RESULT: {}
]]></system-out>
    </testcase>
  </testsuite>
  <testsuite timestamp="2025-05-15T08:14:58" time="128.683" tests="6" failures="0" errors="0" skipped="0">
    <properties>
      <property name="specId" value="0" />
      <property name="suiteName" value="Provide to Site w/ warehouse management w/ clarification US115878" />
      <property name="capabilities" value="chrome.136_0_7103_49.windows" />
      <property name="file" value="file:///D:/a/1/s/test/specs/HTR/provide-to-site-w-warehouse-w-clarification.spec.js" />
    </properties>
    <testcase classname="chrome.136_0_7103_49.windows.Provide_to_Site_w/_warehouse_management_w/_clarification_US115878" name="Should create a new WHM yard" time="0.012">
      <system-out><![CDATA[
COMMAND: POST /session/7f6ec3857c10649f26842f36b7e75a4c/window/fullscreen - {}
RESULT: {}
]]></system-out>
    </testcase>
    <testcase classname="chrome.136_0_7103_49.windows.Provide_to_Site_w/_warehouse_management_w/_clarification_US115878" name="Should create a new external WHM partner" time="0.004" />
    <testcase classname="chrome.136_0_7103_49.windows.Provide_to_Site_w/_warehouse_management_w/_clarification_US115878" name="Should create a new WHM site" time="0.003" />
    <testcase classname="chrome.136_0_7103_49.windows.Provide_to_Site_w/_warehouse_management_w/_clarification_US115878" name="Should create a new material" time="116.482">
      <system-out><![CDATA[
COMMAND: POST /session/7f6ec3857c10649f26842f36b7e75a4c/execute/async - {"script":"<script> [1562 bytes]","args":[{"selector":{"controlType":"sap.m.GenericTile","properties":{"header":"Manage Resources"}},"wdio_ui5_key":"sapm.GenericTile{\"header\":\"Manage Resources\"}"}]}
RESULT: {"script":"<script> [1562 bytes]","args":[{"selector":{"controlType":"sap.m.GenericTile","properties":{"header":"Manage Resources"}},"wdio_ui5_key":"sapm.GenericTile{\"header\":\"Manage Resources\"}"}]}
RESULT: undefined
COMMAND: POST /session/7f6ec3857c10649f26842f36b7e75a4c/element - {"using":"xpath","value":"//*[@id=\"__tile31\"]"}
RESULT: {"using":"xpath","value":"//*[@id=\"__tile31\"]"}
COMMAND: POST /session/7f6ec3857c10649f26842f36b7e75a4c/element/f.4BE7CB3E9946CAC77AC1BA1FEFE24C33.d.CBD01DD1E642EDBC3440376879881D20.e.4377/click - {}
RESULT: {}
COMMAND: GET /session/7f6ec3857c10649f26842f36b7e75a4c/screenshot - {}
RESULT: {}
COMMAND: POST /session/7f6ec3857c10649f26842f36b7e75a4c/elements - {"using":"xpath","value":"//span[text()='Error']"}
RESULT: {"using":"xpath","value":"//span[text()='Error']"}
COMMAND: POST /session/7f6ec3857c10649f26842f36b7e75a4c/element - {"using":"xpath","value":"//button[@data-kt=\"addNewRUOverflowToolbarButton\"]"}
RESULT: {"using":"xpath","value":"//button[@data-kt=\"addNewRUOverflowToolbarButton\"]"}
COMMAND: POST /session/7f6ec3857c10649f26842f36b7e75a4c/elements - {"using":"xpath","value":"//button[@data-kt=\"addNewRUOverflowToolbarButton\"]"}
RESULT: {"using":"xpath","value":"//button[@data-kt=\"addNewRUOverflowToolbarButton\"]"}
COMMAND: POST /session/7f6ec3857c10649f26842f36b7e75a4c/execute/sync - {"script":"<script> [8489 bytes]","args":[{"element-6066-11e4-a52e-4f735466cecf":"f.4BE7CB3E9946CAC77AC1BA1FEFE24C33.d.CBD01DD1E642EDBC3440376879881D20.e.4508","ELEMENT":"f.4BE7CB3E9946CAC77AC1BA1FEFE24C33.d.CBD01DD1E642EDBC3440376879881D20.e.4508"}]}
RESULT: {"script":"<script> [8489 bytes]","args":[{"element-6066-11e4-a52e-4f735466cecf":"f.4BE7CB3E9946CAC77AC1BA1FEFE24C33.d.CBD01DD1E642EDBC3440376879881D20.e.4508","ELEMENT":"f.4BE7CB3E9946CAC77AC1BA1FEFE24C33.d.CBD01DD1E642EDBC3440376879881D20.e.4508"}]}
COMMAND: GET /session/7f6ec3857c10649f26842f36b7e75a4c/element/f.4BE7CB3E9946CAC77AC1BA1FEFE24C33.d.CBD01DD1E642EDBC3440376879881D20.e.4508/enabled - {}
COMMAND: GET /session/7f6ec3857c10649f26842f36b7e75a4c/screenshot - {}
RESULT: {}
COMMAND: POST /session/7f6ec3857c10649f26842f36b7e75a4c/execute/sync - {"script":"<script> [8489 bytes]","args":[{"element-6066-11e4-a52e-4f735466cecf":"f.4BE7CB3E9946CAC77AC1BA1FEFE24C33.d.CBD01DD1E642EDBC3440376879881D20.e.4508","ELEMENT":"f.4BE7CB3E9946CAC77AC1BA1FEFE24C33.d.CBD01DD1E642EDBC3440376879881D20.e.4508"}]}
COMMAND: GET /session/7f6ec3857c10649f26842f36b7e75a4c/screenshot - {}
RESULT: {}
RESULT: {"script":"<script> [8489 bytes]","args":[{"element-6066-11e4-a52e-4f735466cecf":"f.4BE7CB3E9946CAC77AC1BA1FEFE24C33.d.CBD01DD1E642EDBC3440376879881D20.e.4508","ELEMENT":"f.4BE7CB3E9946CAC77AC1BA1FEFE24C33.d.CBD01DD1E642EDBC3440376879881D20.e.4508"}]}
COMMAND: POST /session/7f6ec3857c10649f26842f36b7e75a4c/execute/sync - {"script":"<script> [5351 bytes]","args":[{"element-6066-11e4-a52e-4f735466cecf":"f.4BE7CB3E9946CAC77AC1BA1FEFE24C33.d.CBD01DD1E642EDBC3440376879881D20.e.4508","ELEMENT":"f.4BE7CB3E9946CAC77AC1BA1FEFE24C33.d.CBD01DD1E642EDBC3440376879881D20.e.4508"}]}
COMMAND: GET /session/7f6ec3857c10649f26842f36b7e75a4c/screenshot - {}
RESULT: {}
RESULT: {"script":"<script> [5351 bytes]","args":[{"element-6066-11e4-a52e-4f735466cecf":"f.4BE7CB3E9946CAC77AC1BA1FEFE24C33.d.CBD01DD1E642EDBC3440376879881D20.e.4508","ELEMENT":"f.4BE7CB3E9946CAC77AC1BA1FEFE24C33.d.CBD01DD1E642EDBC3440376879881D20.e.4508"}]}
COMMAND: POST /session/7f6ec3857c10649f26842f36b7e75a4c/element/f.4BE7CB3E9946CAC77AC1BA1FEFE24C33.d.CBD01DD1E642EDBC3440376879881D20.e.4508/click - {}
COMMAND: GET /session/7f6ec3857c10649f26842f36b7e75a4c/screenshot - {}
RESULT: {}
RESULT: {}
COMMAND: GET /session/7f6ec3857c10649f26842f36b7e75a4c/screenshot - {}
RESULT: {}
RESULT: {}
COMMAND: POST /session/7f6ec3857c10649f26842f36b7e75a4c/execute/async - {"script":"<script> [1562 bytes]","args":[{"selector":{"id":"application-manageresources-display-component---newResourceUnit--TYPE-arrow"},"wdio_ui5_key":"applicationmanageresources-display-component---newResourceUnit--TYPE-arrow"}]}
RESULT: {"script":"<script> [1562 bytes]","args":[{"selector":{"id":"application-manageresources-display-component---newResourceUnit--TYPE-arrow"},"wdio_ui5_key":"applicationmanageresources-display-component---newResourceUnit--TYPE-arrow"}]}
RESULT: undefined
COMMAND: POST /session/7f6ec3857c10649f26842f36b7e75a4c/element - {"using":"xpath","value":"//*[@id=\"application-manageresources-display-component---newResourceUnit--TYPE-arrow\"]"}
RESULT: {"using":"xpath","value":"//*[@id=\"application-manageresources-display-component---newResourceUnit--TYPE-arrow\"]"}
COMMAND: POST /session/7f6ec3857c10649f26842f36b7e75a4c/element/f.4BE7CB3E9946CAC77AC1BA1FEFE24C33.d.CBD01DD1E642EDBC3440376879881D20.e.4873/click - {}
RESULT: {}
COMMAND: POST /session/7f6ec3857c10649f26842f36b7e75a4c/element - {"using":"xpath","value":"//input[@id=\"application-manageresources-display-component---newResourceUnit--TYPE-inner\"]"}
COMMAND: GET /session/7f6ec3857c10649f26842f36b7e75a4c/screenshot - {}
RESULT: {"using":"xpath","value":"//input[@id=\"application-manageresources-display-component---newResourceUnit--TYPE-inner\"]"}
COMMAND: POST /session/7f6ec3857c10649f26842f36b7e75a4c/element/f.4BE7CB3E9946CAC77AC1BA1FEFE24C33.d.CBD01DD1E642EDBC3440376879881D20.e.4853/clear - {}
RESULT: {}
RESULT: {}
COMMAND: POST /session/7f6ec3857c10649f26842f36b7e75a4c/element/f.4BE7CB3E9946CAC77AC1BA1FEFE24C33.d.CBD01DD1E642EDBC3440376879881D20.e.4853/value - {"text":"Material"}
COMMAND: GET /session/7f6ec3857c10649f26842f36b7e75a4c/screenshot - {}
RESULT: {"text":"Material"}
COMMAND: GET /session/7f6ec3857c10649f26842f36b7e75a4c/screenshot - {}
RESULT: {}
RESULT: {}
COMMAND: POST /session/7f6ec3857c10649f26842f36b7e75a4c/actions - {"actions":[{"id":"action17","type":"key","parameters":{},"actions":[{"type":"keyDown","value":"î€‡"},{"type":"pause","duration":10},{"type":"keyUp","value":"î€‡"}]}]}
RESULT: {"actions":[{"id":"action17","type":"key","parameters":{},"actions":[{"type":"keyDown","value":"î€‡"},{"type":"pause","duration":10},{"type":"keyUp","value":"î€‡"}]}]}
COMMAND: POST /session/7f6ec3857c10649f26842f36b7e75a4c/execute/async - {"script":"<script> [1562 bytes]","args":[{"selector":{"id":"application-manageresources-display-component---newResourceUnit--SHORT_TEXT","interaction":{"idSuffix":"inner"}},"wdio_ui5_key":"applicationmanageresources-display-component---newResourceUnit--SHORT_TEXT"}]}
COMMAND: GET /session/7f6ec3857c10649f26842f36b7e75a4c/screenshot - {}
RESULT: {"script":"<script> [1562 bytes]","args":[{"selector":{"id":"application-manageresources-display-component---newResourceUnit--SHORT_TEXT","interaction":{"idSuffix":"inner"}},"wdio_ui5_key":"applicationmanageresources-display-component---newResourceUnit--SHORT_TEXT"}]}
RESULT: undefined
COMMAND: POST /session/7f6ec3857c10649f26842f36b7e75a4c/execute/async - {"script":"<script> [776 bytes]","args":[{"enterText":"Cement WDIO","selector":{"id":"application-manageresources-display-component---newResourceUnit--SHORT_TEXT","interaction":{"idSuffix":"inner"}},"clearTextFirst":true,"interactionType":"ENTER_TEXT"}]}
RESULT: {}
RESULT: {"script":"<script> [776 bytes]","args":[{"enterText":"Cement WDIO","selector":{"id":"application-manageresources-display-component---newResourceUnit--SHORT_TEXT","interaction":{"idSuffix":"inner"}},"clearTextFirst":true,"interactionType":"ENTER_TEXT"}]}
COMMAND: POST /session/7f6ec3857c10649f26842f36b7e75a4c/execute/async - {"script":"<script> [1562 bytes]","args":[{"selector":{"id":"application-manageresources-display-component---newResourceUnit--BASE_UNIT_OF_MEASURE","interaction":{"idSuffix":"inner"}},"wdio_ui5_key":"applicationmanageresources-display-component---newResourceUnit--BASE_UNIT_OF_MEASURE"}]}
RESULT: {"script":"<script> [1562 bytes]","args":[{"selector":{"id":"application-manageresources-display-component---newResourceUnit--BASE_UNIT_OF_MEASURE","interaction":{"idSuffix":"inner"}},"wdio_ui5_key":"applicationmanageresources-display-component---newResourceUnit--BASE_UNIT_OF_MEASURE"}]}
RESULT: undefined
COMMAND: POST /session/7f6ec3857c10649f26842f36b7e75a4c/execute/async - {"script":"<script> [776 bytes]","args":[{"enterText":"Piece","selector":{"id":"application-manageresources-display-component---newResourceUnit--BASE_UNIT_OF_MEASURE","interaction":{"idSuffix":"inner"}},"clearTextFirst":true,"interactionType":"ENTER_TEXT"}]}
RESULT: {"script":"<script> [776 bytes]","args":[{"enterText":"Piece","selector":{"id":"application-manageresources-display-component---newResourceUnit--BASE_UNIT_OF_MEASURE","interaction":{"idSuffix":"inner"}},"clearTextFirst":true,"interactionType":"ENTER_TEXT"}]}
COMMAND: POST /session/7f6ec3857c10649f26842f36b7e75a4c/execute/async - {"script":"<script> [1562 bytes]","args":[{"selector":{"id":"application-manageresources-display-component---newResourceUnit--WEIGHT_UNIT","interaction":{"idSuffix":"inner"}},"wdio_ui5_key":"applicationmanageresources-display-component---newResourceUnit--WEIGHT_UNIT"}]}
RESULT: {"script":"<script> [1562 bytes]","args":[{"selector":{"id":"application-manageresources-display-component---newResourceUnit--WEIGHT_UNIT","interaction":{"idSuffix":"inner"}},"wdio_ui5_key":"applicationmanageresources-display-component---newResourceUnit--WEIGHT_UNIT"}]}
RESULT: undefined
COMMAND: POST /session/7f6ec3857c10649f26842f36b7e75a4c/execute/async - {"script":"<script> [776 bytes]","args":[{"enterText":"Gram","selector":{"id":"application-manageresources-display-component---newResourceUnit--WEIGHT_UNIT","interaction":{"idSuffix":"inner"}},"clearTextFirst":true,"interactionType":"ENTER_TEXT"}]}
RESULT: {"script":"<script> [776 bytes]","args":[{"enterText":"Gram","selector":{"id":"application-manageresources-display-component---newResourceUnit--WEIGHT_UNIT","interaction":{"idSuffix":"inner"}},"clearTextFirst":true,"interactionType":"ENTER_TEXT"}]}
COMMAND: POST /session/7f6ec3857c10649f26842f36b7e75a4c/execute/async - {"script":"<script> [1562 bytes]","args":[{"selector":{"id":"application-manageresources-display-component---newResourceUnit--DIMENSION_UNIT","interaction":{"idSuffix":"inner"}},"wdio_ui5_key":"applicationmanageresources-display-component---newResourceUnit--DIMENSION_UNIT"}]}
RESULT: {"script":"<script> [1562 bytes]","args":[{"selector":{"id":"application-manageresources-display-component---newResourceUnit--DIMENSION_UNIT","interaction":{"idSuffix":"inner"}},"wdio_ui5_key":"applicationmanageresources-display-component---newResourceUnit--DIMENSION_UNIT"}]}
RESULT: undefined
COMMAND: POST /session/7f6ec3857c10649f26842f36b7e75a4c/execute/async - {"script":"<script> [776 bytes]","args":[{"enterText":"Meter","selector":{"id":"application-manageresources-display-component---newResourceUnit--DIMENSION_UNIT","interaction":{"idSuffix":"inner"}},"clearTextFirst":true,"interactionType":"ENTER_TEXT"}]}
RESULT: {"script":"<script> [776 bytes]","args":[{"enterText":"Meter","selector":{"id":"application-manageresources-display-component---newResourceUnit--DIMENSION_UNIT","interaction":{"idSuffix":"inner"}},"clearTextFirst":true,"interactionType":"ENTER_TEXT"}]}
COMMAND: POST /session/7f6ec3857c10649f26842f36b7e75a4c/execute/async - {"script":"<script> [1562 bytes]","args":[{"selector":{"id":"application-manageresources-display-component---newResourceUnit--newRRUPage-anchBar-application-manageresources-display-component---newResourceUnit--control-anchor","interaction":{"idSuffix":"BDI-content"}},"wdio_ui5_key":"applicationmanageresources-display-component---newResourceUnit--newRRUPage-anchBar-application-manageresources-display-component---newResourceUnit--control-anchor"}]}
RESULT: {"script":"<script> [1562 bytes]","args":[{"selector":{"id":"application-manageresources-display-component---newResourceUnit--newRRUPage-anchBar-application-manageresources-display-component---newResourceUnit--control-anchor","interaction":{"idSuffix":"BDI-content"}},"wdio_ui5_key":"applicationmanageresources-display-component---newResourceUnit--newRRUPage-anchBar-application-manageresources-display-component---newResourceUnit--control-anchor"}]}
RESULT: undefined
COMMAND: POST /session/7f6ec3857c10649f26842f36b7e75a4c/element - {"using":"xpath","value":"//*[@id=\"application-manageresources-display-component---newResourceUnit--newRRUPage-anchBar-application-manageresources-display-component---newResourceUnit--control-anchor\"]"}
RESULT: {"using":"xpath","value":"//*[@id=\"application-manageresources-display-component---newResourceUnit--newRRUPage-anchBar-application-manageresources-display-component---newResourceUnit--control-anchor\"]"}
COMMAND: POST /session/7f6ec3857c10649f26842f36b7e75a4c/element/f.4BE7CB3E9946CAC77AC1BA1FEFE24C33.d.CBD01DD1E642EDBC3440376879881D20.e.4938/click - {}
RESULT: {}
COMMAND: POST /session/7f6ec3857c10649f26842f36b7e75a4c/execute/async - {"script":"<script> [1562 bytes]","args":[{"selector":{"id":"application-manageresources-display-component---newResourceUnit--PLANNING_GROUP","interaction":{"idSuffix":"inner"}},"wdio_ui5_key":"applicationmanageresources-display-component---newResourceUnit--PLANNING_GROUP"}]}
COMMAND: GET /session/7f6ec3857c10649f26842f36b7e75a4c/screenshot - {}
RESULT: {"script":"<script> [1562 bytes]","args":[{"selector":{"id":"application-manageresources-display-component---newResourceUnit--PLANNING_GROUP","interaction":{"idSuffix":"inner"}},"wdio_ui5_key":"applicationmanageresources-display-component---newResourceUnit--PLANNING_GROUP"}]}
RESULT: undefined
COMMAND: POST /session/7f6ec3857c10649f26842f36b7e75a4c/execute/async - {"script":"<script> [776 bytes]","args":[{"enterText":"Material","selector":{"id":"application-manageresources-display-component---newResourceUnit--PLANNING_GROUP","interaction":{"idSuffix":"inner"}},"clearTextFirst":true,"interactionType":"ENTER_TEXT"}]}
RESULT: {}
RESULT: {"script":"<script> [776 bytes]","args":[{"enterText":"Material","selector":{"id":"application-manageresources-display-component---newResourceUnit--PLANNING_GROUP","interaction":{"idSuffix":"inner"}},"clearTextFirst":true,"interactionType":"ENTER_TEXT"}]}
COMMAND: POST /session/7f6ec3857c10649f26842f36b7e75a4c/execute/async - {"script":"<script> [1562 bytes]","args":[{"selector":{"id":"application-manageresources-display-component---newResourceUnit--PLANNING_INDICATOR","interaction":{"idSuffix":"inner"}},"wdio_ui5_key":"applicationmanageresources-display-component---newResourceUnit--PLANNING_INDICATOR"}]}
RESULT: {"script":"<script> [1562 bytes]","args":[{"selector":{"id":"application-manageresources-display-component---newResourceUnit--PLANNING_INDICATOR","interaction":{"idSuffix":"inner"}},"wdio_ui5_key":"applicationmanageresources-display-component---newResourceUnit--PLANNING_INDICATOR"}]}
RESULT: undefined
COMMAND: POST /session/7f6ec3857c10649f26842f36b7e75a4c/execute/async - {"script":"<script> [776 bytes]","args":[{"enterText":"10 - infinite","selector":{"id":"application-manageresources-display-component---newResourceUnit--PLANNING_INDICATOR","interaction":{"idSuffix":"inner"}},"clearTextFirst":true,"interactionType":"ENTER_TEXT"}]}
RESULT: {"script":"<script> [776 bytes]","args":[{"enterText":"10 - infinite","selector":{"id":"application-manageresources-display-component---newResourceUnit--PLANNING_INDICATOR","interaction":{"idSuffix":"inner"}},"clearTextFirst":true,"interactionType":"ENTER_TEXT"}]}
COMMAND: POST /session/7f6ec3857c10649f26842f36b7e75a4c/element - {"using":"css selector","value":"#application-manageresources-display-component---newResourceUnit--btnAddTimeSegment"}
RESULT: {"using":"css selector","value":"#application-manageresources-display-component---newResourceUnit--btnAddTimeSegment"}
COMMAND: GET /session/7f6ec3857c10649f26842f36b7e75a4c/element/f.4BE7CB3E9946CAC77AC1BA1FEFE24C33.d.CBD01DD1E642EDBC3440376879881D20.e.4948/rect - {}
RESULT: {}
COMMAND: GET /session/7f6ec3857c10649f26842f36b7e75a4c/window/rect - {}
RESULT: {}
COMMAND: POST /session/7f6ec3857c10649f26842f36b7e75a4c/execute/sync - {"script":"<script> [92 bytes]","args":[]}
RESULT: {"script":"<script> [92 bytes]","args":[]}
COMMAND: POST /session/7f6ec3857c10649f26842f36b7e75a4c/actions - {"actions":[{"id":"action18","type":"wheel","parameters":{},"actions":[{"type":"scroll","x":-1888,"y":-32,"deltaX":0,"deltaY":0,"duration":0,"origin":{"element-6066-11e4-a52e-4f735466cecf":"f.4BE7CB3E9946CAC77AC1BA1FEFE24C33.d.CBD01DD1E642EDBC3440376879881D20.e.4948"}}]}]}
COMMAND: GET /session/7f6ec3857c10649f26842f36b7e75a4c/screenshot - {}
RESULT: {}
COMMAND: POST /session/7f6ec3857c10649f26842f36b7e75a4c/execute/sync - {"script":"<script> [79 bytes]","args":[{"element-6066-11e4-a52e-4f735466cecf":"f.4BE7CB3E9946CAC77AC1BA1FEFE24C33.d.CBD01DD1E642EDBC3440376879881D20.e.4948","ELEMENT":"f.4BE7CB3E9946CAC77AC1BA1FEFE24C33.d.CBD01DD1E642EDBC3440376879881D20.e.4948"},{"block":"start","inline":"nearest"}]}
RESULT: {"script":"<script> [79 bytes]","args":[{"element-6066-11e4-a52e-4f735466cecf":"f.4BE7CB3E9946CAC77AC1BA1FEFE24C33.d.CBD01DD1E642EDBC3440376879881D20.e.4948","ELEMENT":"f.4BE7CB3E9946CAC77AC1BA1FEFE24C33.d.CBD01DD1E642EDBC3440376879881D20.e.4948"},{"block":"start","inline":"nearest"}]}
COMMAND: POST /session/7f6ec3857c10649f26842f36b7e75a4c/execute/async - {"script":"<script> [1562 bytes]","args":[{"selector":{"id":"application-manageresources-display-component---newResourceUnit--btnAddTimeSegment","interaction":{"idSuffix":"inner"}},"wdio_ui5_key":"applicationmanageresources-display-component---newResourceUnit--btnAddTimeSegment"}]}
COMMAND: GET /session/7f6ec3857c10649f26842f36b7e75a4c/screenshot - {}
RESULT: {"script":"<script> [1562 bytes]","args":[{"selector":{"id":"application-manageresources-display-component---newResourceUnit--btnAddTimeSegment","interaction":{"idSuffix":"inner"}},"wdio_ui5_key":"applicationmanageresources-display-component---newResourceUnit--btnAddTimeSegment"}]}
RESULT: undefined
COMMAND: POST /session/7f6ec3857c10649f26842f36b7e75a4c/element - {"using":"xpath","value":"//*[@id=\"application-manageresources-display-component---newResourceUnit--btnAddTimeSegment\"]"}
RESULT: {}
RESULT: {"using":"xpath","value":"//*[@id=\"application-manageresources-display-component---newResourceUnit--btnAddTimeSegment\"]"}
COMMAND: POST /session/7f6ec3857c10649f26842f36b7e75a4c/element/f.4BE7CB3E9946CAC77AC1BA1FEFE24C33.d.CBD01DD1E642EDBC3440376879881D20.e.4948/click - {}
RESULT: {}
COMMAND: GET /session/7f6ec3857c10649f26842f36b7e75a4c/screenshot - {}
RESULT: {}
COMMAND: POST /session/7f6ec3857c10649f26842f36b7e75a4c/element - {"using":"xpath","value":"//input[@id=\"application-manageresources-display-component---newResourceUnit--idRuTSAdmin-application-manageresources-display-component---newResourceUnit--RUTimeSegment-0-inner\"]"}
RESULT: {"using":"xpath","value":"//input[@id=\"application-manageresources-display-component---newResourceUnit--idRuTSAdmin-application-manageresources-display-component---newResourceUnit--RUTimeSegment-0-inner\"]"}
COMMAND: POST /session/7f6ec3857c10649f26842f36b7e75a4c/element/f.4BE7CB3E9946CAC77AC1BA1FEFE24C33.d.CBD01DD1E642EDBC3440376879881D20.e.4953/clear - {}
RESULT: {}
COMMAND: POST /session/7f6ec3857c10649f26842f36b7e75a4c/element/f.4BE7CB3E9946CAC77AC1BA1FEFE24C33.d.CBD01DD1E642EDBC3440376879881D20.e.4953/value - {"text":"384"}
COMMAND: GET /session/7f6ec3857c10649f26842f36b7e75a4c/screenshot - {}
RESULT: {"text":"384"}
COMMAND: GET /session/7f6ec3857c10649f26842f36b7e75a4c/screenshot - {}
RESULT: {}
RESULT: {}
COMMAND: POST /session/7f6ec3857c10649f26842f36b7e75a4c/element - {"using":"xpath","value":"//li[.//span[text()='384']]"}
RESULT: {"using":"xpath","value":"//li[.//span[text()='384']]"}
COMMAND: POST /session/7f6ec3857c10649f26842f36b7e75a4c/element/f.4BE7CB3E9946CAC77AC1BA1FEFE24C33.d.CBD01DD1E642EDBC3440376879881D20.e.4962/click - {}
RESULT: {}
COMMAND: GET /session/7f6ec3857c10649f26842f36b7e75a4c/screenshot - {}
RESULT: {}
COMMAND: POST /session/7f6ec3857c10649f26842f36b7e75a4c/element - {"using":"xpath","value":"(//span[contains(@id, \"-application-manageresources-display-component---newResourceUnit--RUTimeSegment-0-arrow\")])[2]"}
RESULT: {"using":"xpath","value":"(//span[contains(@id, \"-application-manageresources-display-component---newResourceUnit--RUTimeSegment-0-arrow\")])[2]"}
COMMAND: POST /session/7f6ec3857c10649f26842f36b7e75a4c/element/f.4BE7CB3E9946CAC77AC1BA1FEFE24C33.d.CBD01DD1E642EDBC3440376879881D20.e.4963/click - {}
RESULT: {}
COMMAND: POST /session/7f6ec3857c10649f26842f36b7e75a4c/element - {"using":"xpath","value":"//span[contains(text(), \"PM Order\")]"}
COMMAND: GET /session/7f6ec3857c10649f26842f36b7e75a4c/screenshot - {}
RESULT: {"using":"xpath","value":"//span[contains(text(), \"PM Order\")]"}
COMMAND: POST /session/7f6ec3857c10649f26842f36b7e75a4c/element/f.4BE7CB3E9946CAC77AC1BA1FEFE24C33.d.CBD01DD1E642EDBC3440376879881D20.e.4964/click - {}
RESULT: {}
RESULT: {}
COMMAND: GET /session/7f6ec3857c10649f26842f36b7e75a4c/screenshot - {}
RESULT: {}
COMMAND: POST /session/7f6ec3857c10649f26842f36b7e75a4c/element - {"using":"xpath","value":"//td/div/div/div/span[contains(@id, \"newResourceUnit--RUTimeSegment-0-vhi\")][1]"}
RESULT: {"using":"xpath","value":"//td/div/div/div/span[contains(@id, \"newResourceUnit--RUTimeSegment-0-vhi\")][1]"}
COMMAND: GET /session/7f6ec3857c10649f26842f36b7e75a4c/element/f.4BE7CB3E9946CAC77AC1BA1FEFE24C33.d.CBD01DD1E642EDBC3440376879881D20.e.4968/rect - {}
RESULT: {}
COMMAND: GET /session/7f6ec3857c10649f26842f36b7e75a4c/window/rect - {}
RESULT: {}
COMMAND: POST /session/7f6ec3857c10649f26842f36b7e75a4c/execute/sync - {"script":"<script> [92 bytes]","args":[]}
RESULT: {"script":"<script> [92 bytes]","args":[]}
COMMAND: POST /session/7f6ec3857c10649f26842f36b7e75a4c/actions - {"actions":[{"id":"action19","type":"wheel","parameters":{},"actions":[{"type":"scroll","x":-1888,"y":-24,"deltaX":0,"deltaY":0,"duration":0,"origin":{"element-6066-11e4-a52e-4f735466cecf":"f.4BE7CB3E9946CAC77AC1BA1FEFE24C33.d.CBD01DD1E642EDBC3440376879881D20.e.4968"}}]}]}
COMMAND: GET /session/7f6ec3857c10649f26842f36b7e75a4c/screenshot - {}
RESULT: {}
COMMAND: POST /session/7f6ec3857c10649f26842f36b7e75a4c/execute/sync - {"script":"<script> [79 bytes]","args":[{"element-6066-11e4-a52e-4f735466cecf":"f.4BE7CB3E9946CAC77AC1BA1FEFE24C33.d.CBD01DD1E642EDBC3440376879881D20.e.4968","ELEMENT":"f.4BE7CB3E9946CAC77AC1BA1FEFE24C33.d.CBD01DD1E642EDBC3440376879881D20.e.4968"},{"block":"start","inline":"nearest"}]}
RESULT: {"script":"<script> [79 bytes]","args":[{"element-6066-11e4-a52e-4f735466cecf":"f.4BE7CB3E9946CAC77AC1BA1FEFE24C33.d.CBD01DD1E642EDBC3440376879881D20.e.4968","ELEMENT":"f.4BE7CB3E9946CAC77AC1BA1FEFE24C33.d.CBD01DD1E642EDBC3440376879881D20.e.4968"},{"block":"start","inline":"nearest"}]}
COMMAND: GET /session/7f6ec3857c10649f26842f36b7e75a4c/screenshot - {}
RESULT: {}
COMMAND: POST /session/7f6ec3857c10649f26842f36b7e75a4c/element/f.4BE7CB3E9946CAC77AC1BA1FEFE24C33.d.CBD01DD1E642EDBC3440376879881D20.e.4968/click - {}
RESULT: {}
COMMAND: GET /session/7f6ec3857c10649f26842f36b7e75a4c/screenshot - {}
RESULT: {}
COMMAND: POST /session/7f6ec3857c10649f26842f36b7e75a4c/execute/async - {"script":"<script> [1562 bytes]","args":[{"selector":{"controlType":"sap.m.SearchField","properties":{"placeholder":"Search"},"searchOpenDialogs":true,"interaction":{"idSuffix":"I"}},"wdio_ui5_key":"sapm.SearchField{\"placeholder\":\"Search\"}"}]}
RESULT: {"script":"<script> [1562 bytes]","args":[{"selector":{"controlType":"sap.m.SearchField","properties":{"placeholder":"Search"},"searchOpenDialogs":true,"interaction":{"idSuffix":"I"}},"wdio_ui5_key":"sapm.SearchField{\"placeholder\":\"Search\"}"}]}
RESULT: undefined
COMMAND: POST /session/7f6ec3857c10649f26842f36b7e75a4c/execute/async - {"script":"<script> [776 bytes]","args":[{"enterText":"4000360","selector":{"controlType":"sap.m.SearchField","properties":{"placeholder":"Search"},"searchOpenDialogs":true,"interaction":{"idSuffix":"I"}},"clearTextFirst":true,"interactionType":"ENTER_TEXT"}]}
RESULT: {"script":"<script> [776 bytes]","args":[{"enterText":"4000360","selector":{"controlType":"sap.m.SearchField","properties":{"placeholder":"Search"},"searchOpenDialogs":true,"interaction":{"idSuffix":"I"}},"clearTextFirst":true,"interactionType":"ENTER_TEXT"}]}
COMMAND: POST /session/7f6ec3857c10649f26842f36b7e75a4c/actions - {"actions":[{"id":"action20","type":"key","parameters":{},"actions":[{"type":"keyDown","value":"î€‡"},{"type":"pause","duration":10},{"type":"keyUp","value":"î€‡"}]}]}
RESULT: {"actions":[{"id":"action20","type":"key","parameters":{},"actions":[{"type":"keyDown","value":"î€‡"},{"type":"pause","duration":10},{"type":"keyUp","value":"î€‡"}]}]}
COMMAND: GET /session/7f6ec3857c10649f26842f36b7e75a4c/screenshot - {}
RESULT: {}
COMMAND: POST /session/7f6ec3857c10649f26842f36b7e75a4c/element - {"using":"xpath","value":"//td/div/span[contains(text(), \"BGL Vehicles\")]"}
RESULT: {"using":"xpath","value":"//td/div/span[contains(text(), \"BGL Vehicles\")]"}
COMMAND: POST /session/7f6ec3857c10649f26842f36b7e75a4c/element/f.4BE7CB3E9946CAC77AC1BA1FEFE24C33.d.CBD01DD1E642EDBC3440376879881D20.e.4989/click - {}
RESULT: {}
COMMAND: GET /session/7f6ec3857c10649f26842f36b7e75a4c/screenshot - {}
RESULT: {}
COMMAND: POST /session/7f6ec3857c10649f26842f36b7e75a4c/element - {"using":"xpath","value":"//bdi[contains(text(), \"OK\")]"}
RESULT: {"using":"xpath","value":"//bdi[contains(text(), \"OK\")]"}
COMMAND: POST /session/7f6ec3857c10649f26842f36b7e75a4c/element/f.4BE7CB3E9946CAC77AC1BA1FEFE24C33.d.CBD01DD1E642EDBC3440376879881D20.e.4990/click - {}
RESULT: {}
COMMAND: GET /session/7f6ec3857c10649f26842f36b7e75a4c/screenshot - {}
RESULT: {}
COMMAND: POST /session/7f6ec3857c10649f26842f36b7e75a4c/element - {"using":"xpath","value":"//label[contains(@class, 'sapMLabelRequired') and .//bdi[contains(text(), 'Planned Retirement')]]"}
RESULT: {"using":"xpath","value":"//label[contains(@class, 'sapMLabelRequired') and .//bdi[contains(text(), 'Planned Retirement')]]"}
COMMAND: POST /session/7f6ec3857c10649f26842f36b7e75a4c/elements - {"using":"xpath","value":"//label[contains(@class, 'sapMLabelRequired') and .//bdi[contains(text(), 'Planned Retirement')]]"}
RESULT: {"using":"xpath","value":"//label[contains(@class, 'sapMLabelRequired') and .//bdi[contains(text(), 'Planned Retirement')]]"}
COMMAND: POST /session/7f6ec3857c10649f26842f36b7e75a4c/element - {"using":"xpath","value":"//button[@data-kt=\"resourceUnitSaveButton\"]"}
RESULT: {"using":"xpath","value":"//button[@data-kt=\"resourceUnitSaveButton\"]"}
COMMAND: POST /session/7f6ec3857c10649f26842f36b7e75a4c/element/f.4BE7CB3E9946CAC77AC1BA1FEFE24C33.d.CBD01DD1E642EDBC3440376879881D20.e.4890/click - {}
RESULT: {}
COMMAND: GET /session/7f6ec3857c10649f26842f36b7e75a4c/screenshot - {}
RESULT: {}
COMMAND: POST /session/7f6ec3857c10649f26842f36b7e75a4c/element - {"using":"xpath","value":"//bdi[contains(text(), \"Close\")]"}
RESULT: {"using":"xpath","value":"//bdi[contains(text(), \"Close\")]"}
COMMAND: POST /session/7f6ec3857c10649f26842f36b7e75a4c/element/f.4BE7CB3E9946CAC77AC1BA1FEFE24C33.d.CBD01DD1E642EDBC3440376879881D20.e.4996/click - {}
RESULT: {}
COMMAND: GET /session/7f6ec3857c10649f26842f36b7e75a4c/screenshot - {}
RESULT: {}
COMMAND: POST /session/7f6ec3857c10649f26842f36b7e75a4c/element - {"using":"xpath","value":"//header[contains(@id, 'detailRruPage-headerTitle')]/div[1]/div[2]/div[2]/span[1]"}
RESULT: {"using":"xpath","value":"//header[contains(@id, 'detailRruPage-headerTitle')]/div[1]/div[2]/div[2]/span[1]"}
COMMAND: POST /session/7f6ec3857c10649f26842f36b7e75a4c/elements - {"using":"xpath","value":"//header[contains(@id, 'detailRruPage-headerTitle')]/div[1]/div[2]/div[2]/span[1]"}
RESULT: {"using":"xpath","value":"//header[contains(@id, 'detailRruPage-headerTitle')]/div[1]/div[2]/div[2]/span[1]"}
COMMAND: POST /session/7f6ec3857c10649f26842f36b7e75a4c/execute/sync - {"script":"<script> [56 bytes]","args":[{"element-6066-11e4-a52e-4f735466cecf":"f.4BE7CB3E9946CAC77AC1BA1FEFE24C33.d.CBD01DD1E642EDBC3440376879881D20.e.5028","ELEMENT":"f.4BE7CB3E9946CAC77AC1BA1FEFE24C33.d.CBD01DD1E642EDBC3440376879881D20.e.5028"}]}
RESULT: {"script":"<script> [56 bytes]","args":[{"element-6066-11e4-a52e-4f735466cecf":"f.4BE7CB3E9946CAC77AC1BA1FEFE24C33.d.CBD01DD1E642EDBC3440376879881D20.e.5028","ELEMENT":"f.4BE7CB3E9946CAC77AC1BA1FEFE24C33.d.CBD01DD1E642EDBC3440376879881D20.e.5028"}]}
COMMAND: POST /session/7f6ec3857c10649f26842f36b7e75a4c/element - {"using":"css selector","value":"#shell-header-logo"}
COMMAND: GET /session/7f6ec3857c10649f26842f36b7e75a4c/screenshot - {}
RESULT: {"using":"css selector","value":"#shell-header-logo"}
COMMAND: POST /session/7f6ec3857c10649f26842f36b7e75a4c/element/f.4BE7CB3E9946CAC77AC1BA1FEFE24C33.d.CBD01DD1E642EDBC3440376879881D20.e.4351/click - {}
RESULT: {}
RESULT: {}
COMMAND: GET /session/7f6ec3857c10649f26842f36b7e75a4c/screenshot - {}
RESULT: {}
]]></system-out>
    </testcase>
    <testcase classname="chrome.136_0_7103_49.windows.Provide_to_Site_w/_warehouse_management_w/_clarification_US115878" name="Bin Status Report Should Create New Organization yard" time="0.005" />
    <testcase classname="chrome.136_0_7103_49.windows.Provide_to_Site_w/_warehouse_management_w/_clarification_US115878" name="Bin Status Report Should Create New Organization for Site" time="0.004" />
  </testsuite>
  <testsuite timestamp="2025-05-15T08:17:07" time="433.261" tests="6" failures="0" errors="0" skipped="0">
    <properties>
      <property name="specId" value="0" />
      <property name="suiteName" value="Provide to Site w/ warehouse management w clarification" />
      <property name="capabilities" value="chrome.136_0_7103_49.windows" />
      <property name="file" value="file:///D:/a/1/s/test/specs/HTR/provide-to-site-w-warehouse-w-clarification.spec.js" />
    </properties>
    <testcase classname="chrome.136_0_7103_49.windows.Provide_to_Site_w/_warehouse_management_w_clarification" name="Should do a stock increase handover" time="85.045">
      <system-out><![CDATA[
COMMAND: POST /session/7f6ec3857c10649f26842f36b7e75a4c/execute/async - {"script":"<script> [1562 bytes]","args":[{"selector":{"controlType":"sap.m.GenericTile","properties":{"header":"Manage Handovers"}},"wdio_ui5_key":"sapm.GenericTile{\"header\":\"Manage Handovers\"}"}]}
RESULT: {"script":"<script> [1562 bytes]","args":[{"selector":{"controlType":"sap.m.GenericTile","properties":{"header":"Manage Handovers"}},"wdio_ui5_key":"sapm.GenericTile{\"header\":\"Manage Handovers\"}"}]}
RESULT: undefined
COMMAND: POST /session/7f6ec3857c10649f26842f36b7e75a4c/element - {"using":"xpath","value":"//*[@id=\"__tile130\"]"}
RESULT: {"using":"xpath","value":"//*[@id=\"__tile130\"]"}
COMMAND: POST /session/7f6ec3857c10649f26842f36b7e75a4c/element/f.4BE7CB3E9946CAC77AC1BA1FEFE24C33.d.CBD01DD1E642EDBC3440376879881D20.e.4404/click - {}
RESULT: {}
COMMAND: GET /session/7f6ec3857c10649f26842f36b7e75a4c/screenshot - {}
RESULT: {}
COMMAND: POST /session/7f6ec3857c10649f26842f36b7e75a4c/elements - {"using":"xpath","value":"//span[text()='Error']"}
RESULT: {"using":"xpath","value":"//span[text()='Error']"}
COMMAND: POST /session/7f6ec3857c10649f26842f36b7e75a4c/element - {"using":"xpath","value":"//button[@data-kt=\"masterHOAddButton\"]"}
RESULT: {"using":"xpath","value":"//button[@data-kt=\"masterHOAddButton\"]"}
COMMAND: POST /session/7f6ec3857c10649f26842f36b7e75a4c/elements - {"using":"xpath","value":"//button[@data-kt=\"masterHOAddButton\"]"}
RESULT: {"using":"xpath","value":"//button[@data-kt=\"masterHOAddButton\"]"}
COMMAND: POST /session/7f6ec3857c10649f26842f36b7e75a4c/execute/sync - {"script":"<script> [8489 bytes]","args":[{"element-6066-11e4-a52e-4f735466cecf":"f.4BE7CB3E9946CAC77AC1BA1FEFE24C33.d.CBD01DD1E642EDBC3440376879881D20.e.5066","ELEMENT":"f.4BE7CB3E9946CAC77AC1BA1FEFE24C33.d.CBD01DD1E642EDBC3440376879881D20.e.5066"}]}
RESULT: {"script":"<script> [8489 bytes]","args":[{"element-6066-11e4-a52e-4f735466cecf":"f.4BE7CB3E9946CAC77AC1BA1FEFE24C33.d.CBD01DD1E642EDBC3440376879881D20.e.5066","ELEMENT":"f.4BE7CB3E9946CAC77AC1BA1FEFE24C33.d.CBD01DD1E642EDBC3440376879881D20.e.5066"}]}
COMMAND: GET /session/7f6ec3857c10649f26842f36b7e75a4c/element/f.4BE7CB3E9946CAC77AC1BA1FEFE24C33.d.CBD01DD1E642EDBC3440376879881D20.e.5066/enabled - {}
COMMAND: GET /session/7f6ec3857c10649f26842f36b7e75a4c/screenshot - {}
RESULT: {}
COMMAND: POST /session/7f6ec3857c10649f26842f36b7e75a4c/execute/sync - {"script":"<script> [8489 bytes]","args":[{"element-6066-11e4-a52e-4f735466cecf":"f.4BE7CB3E9946CAC77AC1BA1FEFE24C33.d.CBD01DD1E642EDBC3440376879881D20.e.5066","ELEMENT":"f.4BE7CB3E9946CAC77AC1BA1FEFE24C33.d.CBD01DD1E642EDBC3440376879881D20.e.5066"}]}
COMMAND: GET /session/7f6ec3857c10649f26842f36b7e75a4c/screenshot - {}
RESULT: {}
RESULT: {"script":"<script> [8489 bytes]","args":[{"element-6066-11e4-a52e-4f735466cecf":"f.4BE7CB3E9946CAC77AC1BA1FEFE24C33.d.CBD01DD1E642EDBC3440376879881D20.e.5066","ELEMENT":"f.4BE7CB3E9946CAC77AC1BA1FEFE24C33.d.CBD01DD1E642EDBC3440376879881D20.e.5066"}]}
COMMAND: POST /session/7f6ec3857c10649f26842f36b7e75a4c/execute/sync - {"script":"<script> [5351 bytes]","args":[{"element-6066-11e4-a52e-4f735466cecf":"f.4BE7CB3E9946CAC77AC1BA1FEFE24C33.d.CBD01DD1E642EDBC3440376879881D20.e.5066","ELEMENT":"f.4BE7CB3E9946CAC77AC1BA1FEFE24C33.d.CBD01DD1E642EDBC3440376879881D20.e.5066"}]}
COMMAND: GET /session/7f6ec3857c10649f26842f36b7e75a4c/screenshot - {}
RESULT: {}
RESULT: {"script":"<script> [5351 bytes]","args":[{"element-6066-11e4-a52e-4f735466cecf":"f.4BE7CB3E9946CAC77AC1BA1FEFE24C33.d.CBD01DD1E642EDBC3440376879881D20.e.5066","ELEMENT":"f.4BE7CB3E9946CAC77AC1BA1FEFE24C33.d.CBD01DD1E642EDBC3440376879881D20.e.5066"}]}
COMMAND: POST /session/7f6ec3857c10649f26842f36b7e75a4c/element/f.4BE7CB3E9946CAC77AC1BA1FEFE24C33.d.CBD01DD1E642EDBC3440376879881D20.e.5066/click - {}
COMMAND: GET /session/7f6ec3857c10649f26842f36b7e75a4c/screenshot - {}
RESULT: {}
RESULT: {}
COMMAND: GET /session/7f6ec3857c10649f26842f36b7e75a4c/screenshot - {}
RESULT: {}
RESULT: {}
COMMAND: POST /session/7f6ec3857c10649f26842f36b7e75a4c/element - {"using":"xpath","value":"//span[contains(@id ,\"AddNewHO--typeSelect-arrow\")]"}
RESULT: {"using":"xpath","value":"//span[contains(@id ,\"AddNewHO--typeSelect-arrow\")]"}
COMMAND: POST /session/7f6ec3857c10649f26842f36b7e75a4c/element/f.4BE7CB3E9946CAC77AC1BA1FEFE24C33.d.CBD01DD1E642EDBC3440376879881D20.e.5428/click - {}
RESULT: {}
COMMAND: GET /session/7f6ec3857c10649f26842f36b7e75a4c/screenshot - {}
RESULT: {}
COMMAND: POST /session/7f6ec3857c10649f26842f36b7e75a4c/element - {"using":"xpath","value":"(//li[contains(text(), \"stock increase yard\")])[1]"}
RESULT: {"using":"xpath","value":"(//li[contains(text(), \"stock increase yard\")])[1]"}
COMMAND: POST /session/7f6ec3857c10649f26842f36b7e75a4c/element/f.4BE7CB3E9946CAC77AC1BA1FEFE24C33.d.CBD01DD1E642EDBC3440376879881D20.e.5429/click - {}
RESULT: {}
COMMAND: GET /session/7f6ec3857c10649f26842f36b7e75a4c/screenshot - {}
RESULT: {}
COMMAND: POST /session/7f6ec3857c10649f26842f36b7e75a4c/execute/async - {"script":"<script> [1562 bytes]","args":[{"selector":{"id":"application-managehandovers-display-component---AddNewHO--dueDate","interaction":{"idSuffix":"inner"}},"wdio_ui5_key":"applicationmanagehandovers-display-component---AddNewHO--dueDate"}]}
RESULT: {"script":"<script> [1562 bytes]","args":[{"selector":{"id":"application-managehandovers-display-component---AddNewHO--dueDate","interaction":{"idSuffix":"inner"}},"wdio_ui5_key":"applicationmanagehandovers-display-component---AddNewHO--dueDate"}]}
RESULT: undefined
COMMAND: POST /session/7f6ec3857c10649f26842f36b7e75a4c/execute/async - {"script":"<script> [6424 bytes]","args":[{"element-6066-11e4-a52e-4f735466cecf":"f.4BE7CB3E9946CAC77AC1BA1FEFE24C33.d.CBD01DD1E642EDBC3440376879881D20.e.5431"},"setValue",["5/15/25"]]}
RESULT: {"script":"<script> [6424 bytes]","args":[{"element-6066-11e4-a52e-4f735466cecf":"f.4BE7CB3E9946CAC77AC1BA1FEFE24C33.d.CBD01DD1E642EDBC3440376879881D20.e.5431"},"setValue",["5/15/25"]]}
COMMAND: POST /session/7f6ec3857c10649f26842f36b7e75a4c/element - {"using":"xpath","value":"//input[@id=\"generalSectionFrg--receiveYard-inner\"]"}
RESULT: {"using":"xpath","value":"//input[@id=\"generalSectionFrg--receiveYard-inner\"]"}
COMMAND: POST /session/7f6ec3857c10649f26842f36b7e75a4c/element/f.4BE7CB3E9946CAC77AC1BA1FEFE24C33.d.CBD01DD1E642EDBC3440376879881D20.e.5435/clear - {}
RESULT: {}
COMMAND: POST /session/7f6ec3857c10649f26842f36b7e75a4c/element/f.4BE7CB3E9946CAC77AC1BA1FEFE24C33.d.CBD01DD1E642EDBC3440376879881D20.e.5435/value - {"text":"384"}
COMMAND: GET /session/7f6ec3857c10649f26842f36b7e75a4c/screenshot - {}
RESULT: {"text":"384"}
COMMAND: GET /session/7f6ec3857c10649f26842f36b7e75a4c/screenshot - {}
RESULT: {}
RESULT: {}
COMMAND: POST /session/7f6ec3857c10649f26842f36b7e75a4c/element - {"using":"xpath","value":"//li[.//span[text()='384']]"}
RESULT: {"using":"xpath","value":"//li[.//span[text()='384']]"}
COMMAND: POST /session/7f6ec3857c10649f26842f36b7e75a4c/element/f.4BE7CB3E9946CAC77AC1BA1FEFE24C33.d.CBD01DD1E642EDBC3440376879881D20.e.5452/click - {}
RESULT: {}
COMMAND: GET /session/7f6ec3857c10649f26842f36b7e75a4c/screenshot - {}
RESULT: {}
COMMAND: POST /session/7f6ec3857c10649f26842f36b7e75a4c/execute/async - {"script":"<script> [1562 bytes]","args":[{"selector":{"id":"application-managehandovers-display-component---AddNewHO--ObjectPageLayout-anchBar-application-managehandovers-display-component---AddNewHO--section4-anchor","interaction":{"idSuffix":"BDI-content"}},"wdio_ui5_key":"applicationmanagehandovers-display-component---AddNewHO--ObjectPageLayout-anchBar-application-managehandovers-display-component---AddNewHO--section4-anchor"}]}
RESULT: {"script":"<script> [1562 bytes]","args":[{"selector":{"id":"application-managehandovers-display-component---AddNewHO--ObjectPageLayout-anchBar-application-managehandovers-display-component---AddNewHO--section4-anchor","interaction":{"idSuffix":"BDI-content"}},"wdio_ui5_key":"applicationmanagehandovers-display-component---AddNewHO--ObjectPageLayout-anchBar-application-managehandovers-display-component---AddNewHO--section4-anchor"}]}
RESULT: undefined
COMMAND: POST /session/7f6ec3857c10649f26842f36b7e75a4c/element - {"using":"xpath","value":"//*[@id=\"application-managehandovers-display-component---AddNewHO--ObjectPageLayout-anchBar-application-managehandovers-display-component---AddNewHO--section4-anchor\"]"}
RESULT: {"using":"xpath","value":"//*[@id=\"application-managehandovers-display-component---AddNewHO--ObjectPageLayout-anchBar-application-managehandovers-display-component---AddNewHO--section4-anchor\"]"}
COMMAND: POST /session/7f6ec3857c10649f26842f36b7e75a4c/element/f.4BE7CB3E9946CAC77AC1BA1FEFE24C33.d.CBD01DD1E642EDBC3440376879881D20.e.5454/click - {}
RESULT: {}
COMMAND: POST /session/7f6ec3857c10649f26842f36b7e75a4c/element - {"using":"xpath","value":"//button[@aria-label=\"Add\"]"}
COMMAND: GET /session/7f6ec3857c10649f26842f36b7e75a4c/screenshot - {}
RESULT: {"using":"xpath","value":"//button[@aria-label=\"Add\"]"}
COMMAND: POST /session/7f6ec3857c10649f26842f36b7e75a4c/element/f.4BE7CB3E9946CAC77AC1BA1FEFE24C33.d.CBD01DD1E642EDBC3440376879881D20.e.5456/click - {}
RESULT: {}
RESULT: {}
COMMAND: GET /session/7f6ec3857c10649f26842f36b7e75a4c/screenshot - {}
RESULT: {}
COMMAND: POST /session/7f6ec3857c10649f26842f36b7e75a4c/execute/async - {"script":"<script> [1562 bytes]","args":[{"selector":{"id":"application-managehandovers-display-component---AddNewHO--smartFilterBar-btnBasicSearch","searchOpenDialogs":true,"interaction":{"idSuffix":"I"}},"wdio_ui5_key":"applicationmanagehandovers-display-component---AddNewHO--smartFilterBar-btnBasicSearch"}]}
RESULT: {"script":"<script> [1562 bytes]","args":[{"selector":{"id":"application-managehandovers-display-component---AddNewHO--smartFilterBar-btnBasicSearch","searchOpenDialogs":true,"interaction":{"idSuffix":"I"}},"wdio_ui5_key":"applicationmanagehandovers-display-component---AddNewHO--smartFilterBar-btnBasicSearch"}]}
RESULT: undefined
COMMAND: POST /session/7f6ec3857c10649f26842f36b7e75a4c/execute/async - {"script":"<script> [776 bytes]","args":[{"enterText":"200168","selector":{"id":"application-managehandovers-display-component---AddNewHO--smartFilterBar-btnBasicSearch","searchOpenDialogs":true,"interaction":{"idSuffix":"I"}},"clearTextFirst":true,"interactionType":"ENTER_TEXT"}]}
RESULT: {"script":"<script> [776 bytes]","args":[{"enterText":"200168","selector":{"id":"application-managehandovers-display-component---AddNewHO--smartFilterBar-btnBasicSearch","searchOpenDialogs":true,"interaction":{"idSuffix":"I"}},"clearTextFirst":true,"interactionType":"ENTER_TEXT"}]}
COMMAND: POST /session/7f6ec3857c10649f26842f36b7e75a4c/actions - {"actions":[{"id":"action21","type":"key","parameters":{},"actions":[{"type":"keyDown","value":"î€‡"},{"type":"pause","duration":10},{"type":"keyUp","value":"î€‡"}]}]}
RESULT: {"actions":[{"id":"action21","type":"key","parameters":{},"actions":[{"type":"keyDown","value":"î€‡"},{"type":"pause","duration":10},{"type":"keyUp","value":"î€‡"}]}]}
COMMAND: GET /session/7f6ec3857c10649f26842f36b7e75a4c/screenshot - {}
RESULT: {}
COMMAND: POST /session/7f6ec3857c10649f26842f36b7e75a4c/execute/async - {"script":"<script> [1562 bytes]","args":[{"selector":{"id":"application-managehandovers-display-component---AddNewHO--popup-sa","searchOpenDialogs":true,"interaction":{"idSuffix":"CbBg"}},"wdio_ui5_key":"applicationmanagehandovers-display-component---AddNewHO--popup-sa"}]}
RESULT: {"script":"<script> [1562 bytes]","args":[{"selector":{"id":"application-managehandovers-display-component---AddNewHO--popup-sa","searchOpenDialogs":true,"interaction":{"idSuffix":"CbBg"}},"wdio_ui5_key":"applicationmanagehandovers-display-component---AddNewHO--popup-sa"}]}
RESULT: undefined
COMMAND: POST /session/7f6ec3857c10649f26842f36b7e75a4c/element - {"using":"xpath","value":"//*[@id=\"application-managehandovers-display-component---AddNewHO--popup-sa\"]"}
RESULT: {"using":"xpath","value":"//*[@id=\"application-managehandovers-display-component---AddNewHO--popup-sa\"]"}
COMMAND: POST /session/7f6ec3857c10649f26842f36b7e75a4c/element/f.4BE7CB3E9946CAC77AC1BA1FEFE24C33.d.CBD01DD1E642EDBC3440376879881D20.e.5610/click - {}
RESULT: {}
COMMAND: GET /session/7f6ec3857c10649f26842f36b7e75a4c/screenshot - {}
RESULT: {}
COMMAND: POST /session/7f6ec3857c10649f26842f36b7e75a4c/element - {"using":"xpath","value":"//bdi[contains(text(), \"Select\")]"}
RESULT: {"using":"xpath","value":"//bdi[contains(text(), \"Select\")]"}
COMMAND: POST /session/7f6ec3857c10649f26842f36b7e75a4c/element/f.4BE7CB3E9946CAC77AC1BA1FEFE24C33.d.CBD01DD1E642EDBC3440376879881D20.e.5611/click - {}
RESULT: {}
COMMAND: GET /session/7f6ec3857c10649f26842f36b7e75a4c/screenshot - {}
RESULT: {}
COMMAND: POST /session/7f6ec3857c10649f26842f36b7e75a4c/element - {"using":"xpath","value":"//button[@data-kt=\"AddNewHOSaveButton\"]"}
RESULT: {"using":"xpath","value":"//button[@data-kt=\"AddNewHOSaveButton\"]"}
COMMAND: POST /session/7f6ec3857c10649f26842f36b7e75a4c/element/f.4BE7CB3E9946CAC77AC1BA1FEFE24C33.d.CBD01DD1E642EDBC3440376879881D20.e.5615/click - {}
RESULT: {}
COMMAND: GET /session/7f6ec3857c10649f26842f36b7e75a4c/screenshot - {}
COMMAND: POST /session/7f6ec3857c10649f26842f36b7e75a4c/execute/async - {"script":"<script> [1562 bytes]","args":[{"selector":{"id":"receiptDatePicker","viewName":"etm.portal.ui.managehandovers.view.DetailExecuteHO","interaction":{"idSuffix":"inner"}},"wdio_ui5_key":"receiptDatePickeretmportal.ui.managehandovers.view.DetailExecuteHO"}]}
RESULT: {}
RESULT: {"script":"<script> [1562 bytes]","args":[{"selector":{"id":"receiptDatePicker","viewName":"etm.portal.ui.managehandovers.view.DetailExecuteHO","interaction":{"idSuffix":"inner"}},"wdio_ui5_key":"receiptDatePickeretmportal.ui.managehandovers.view.DetailExecuteHO"}]}
RESULT: undefined
COMMAND: POST /session/7f6ec3857c10649f26842f36b7e75a4c/execute/async - {"script":"<script> [6424 bytes]","args":[{"element-6066-11e4-a52e-4f735466cecf":"f.4BE7CB3E9946CAC77AC1BA1FEFE24C33.d.CBD01DD1E642EDBC3440376879881D20.e.5631"},"setValue",["5/15/25"]]}
RESULT: {"script":"<script> [6424 bytes]","args":[{"element-6066-11e4-a52e-4f735466cecf":"f.4BE7CB3E9946CAC77AC1BA1FEFE24C33.d.CBD01DD1E642EDBC3440376879881D20.e.5631"},"setValue",["5/15/25"]]}
COMMAND: POST /session/7f6ec3857c10649f26842f36b7e75a4c/element - {"using":"xpath","value":"//button[@data-kt=\"PickingTableConfirmAllButton\"]"}
RESULT: {"using":"xpath","value":"//button[@data-kt=\"PickingTableConfirmAllButton\"]"}
COMMAND: POST /session/7f6ec3857c10649f26842f36b7e75a4c/element/f.4BE7CB3E9946CAC77AC1BA1FEFE24C33.d.CBD01DD1E642EDBC3440376879881D20.e.5649/click - {}
RESULT: {}
COMMAND: GET /session/7f6ec3857c10649f26842f36b7e75a4c/screenshot - {}
RESULT: {}
COMMAND: POST /session/7f6ec3857c10649f26842f36b7e75a4c/element - {"using":"xpath","value":"//bdi[contains(text(), \"OK\")]"}
RESULT: {"using":"xpath","value":"//bdi[contains(text(), \"OK\")]"}
COMMAND: POST /session/7f6ec3857c10649f26842f36b7e75a4c/element/f.4BE7CB3E9946CAC77AC1BA1FEFE24C33.d.CBD01DD1E642EDBC3440376879881D20.e.5651/click - {}
RESULT: {}
COMMAND: GET /session/7f6ec3857c10649f26842f36b7e75a4c/screenshot - {}
RESULT: {}
COMMAND: POST /session/7f6ec3857c10649f26842f36b7e75a4c/element - {"using":"xpath","value":"(//bdi[contains(text(), \"Receive\")])[2]"}
RESULT: {"using":"xpath","value":"(//bdi[contains(text(), \"Receive\")])[2]"}
COMMAND: POST /session/7f6ec3857c10649f26842f36b7e75a4c/element/f.4BE7CB3E9946CAC77AC1BA1FEFE24C33.d.CBD01DD1E642EDBC3440376879881D20.e.5653/click - {}
RESULT: {}
COMMAND: GET /session/7f6ec3857c10649f26842f36b7e75a4c/screenshot - {}
RESULT: {}
COMMAND: POST /session/7f6ec3857c10649f26842f36b7e75a4c/element - {"using":"css selector","value":"#shell-header-logo"}
RESULT: {"using":"css selector","value":"#shell-header-logo"}
COMMAND: POST /session/7f6ec3857c10649f26842f36b7e75a4c/element/f.4BE7CB3E9946CAC77AC1BA1FEFE24C33.d.CBD01DD1E642EDBC3440376879881D20.e.5033/click - {}
RESULT: {}
COMMAND: GET /session/7f6ec3857c10649f26842f36b7e75a4c/screenshot - {}
RESULT: {}
]]></system-out>
    </testcase>
    <testcase classname="chrome.136_0_7103_49.windows.Provide_to_Site_w/_warehouse_management_w_clarification" name="Should create a new contract" time="56.714">
      <system-out><![CDATA[
COMMAND: POST /session/7f6ec3857c10649f26842f36b7e75a4c/execute/async - {"script":"<script> [1562 bytes]","args":[{"selector":{"controlType":"sap.m.GenericTile","properties":{"header":"Manage Contracts"}},"wdio_ui5_key":"sapm.GenericTile{\"header\":\"Manage Contracts\"}"}]}
RESULT: {"script":"<script> [1562 bytes]","args":[{"selector":{"controlType":"sap.m.GenericTile","properties":{"header":"Manage Contracts"}},"wdio_ui5_key":"sapm.GenericTile{\"header\":\"Manage Contracts\"}"}]}
RESULT: undefined
COMMAND: POST /session/7f6ec3857c10649f26842f36b7e75a4c/element - {"using":"xpath","value":"//*[@id=\"__tile133\"]"}
RESULT: {"using":"xpath","value":"//*[@id=\"__tile133\"]"}
COMMAND: POST /session/7f6ec3857c10649f26842f36b7e75a4c/element/f.4BE7CB3E9946CAC77AC1BA1FEFE24C33.d.CBD01DD1E642EDBC3440376879881D20.e.4393/click - {}
RESULT: {}
COMMAND: GET /session/7f6ec3857c10649f26842f36b7e75a4c/screenshot - {}
RESULT: {}
COMMAND: POST /session/7f6ec3857c10649f26842f36b7e75a4c/elements - {"using":"xpath","value":"//span[text()='Error']"}
RESULT: {"using":"xpath","value":"//span[text()='Error']"}
COMMAND: POST /session/7f6ec3857c10649f26842f36b7e75a4c/element - {"using":"xpath","value":"//button[@data-kt=\"addButton\"]"}
RESULT: {"using":"xpath","value":"//button[@data-kt=\"addButton\"]"}
COMMAND: POST /session/7f6ec3857c10649f26842f36b7e75a4c/elements - {"using":"xpath","value":"//button[@data-kt=\"addButton\"]"}
RESULT: {"using":"xpath","value":"//button[@data-kt=\"addButton\"]"}
COMMAND: POST /session/7f6ec3857c10649f26842f36b7e75a4c/execute/sync - {"script":"<script> [8489 bytes]","args":[{"element-6066-11e4-a52e-4f735466cecf":"f.4BE7CB3E9946CAC77AC1BA1FEFE24C33.d.CBD01DD1E642EDBC3440376879881D20.e.5869","ELEMENT":"f.4BE7CB3E9946CAC77AC1BA1FEFE24C33.d.CBD01DD1E642EDBC3440376879881D20.e.5869"}]}
RESULT: {"script":"<script> [8489 bytes]","args":[{"element-6066-11e4-a52e-4f735466cecf":"f.4BE7CB3E9946CAC77AC1BA1FEFE24C33.d.CBD01DD1E642EDBC3440376879881D20.e.5869","ELEMENT":"f.4BE7CB3E9946CAC77AC1BA1FEFE24C33.d.CBD01DD1E642EDBC3440376879881D20.e.5869"}]}
COMMAND: GET /session/7f6ec3857c10649f26842f36b7e75a4c/element/f.4BE7CB3E9946CAC77AC1BA1FEFE24C33.d.CBD01DD1E642EDBC3440376879881D20.e.5869/enabled - {}
COMMAND: GET /session/7f6ec3857c10649f26842f36b7e75a4c/screenshot - {}
RESULT: {}
COMMAND: POST /session/7f6ec3857c10649f26842f36b7e75a4c/execute/sync - {"script":"<script> [8489 bytes]","args":[{"element-6066-11e4-a52e-4f735466cecf":"f.4BE7CB3E9946CAC77AC1BA1FEFE24C33.d.CBD01DD1E642EDBC3440376879881D20.e.5869","ELEMENT":"f.4BE7CB3E9946CAC77AC1BA1FEFE24C33.d.CBD01DD1E642EDBC3440376879881D20.e.5869"}]}
COMMAND: GET /session/7f6ec3857c10649f26842f36b7e75a4c/screenshot - {}
RESULT: {}
RESULT: {"script":"<script> [8489 bytes]","args":[{"element-6066-11e4-a52e-4f735466cecf":"f.4BE7CB3E9946CAC77AC1BA1FEFE24C33.d.CBD01DD1E642EDBC3440376879881D20.e.5869","ELEMENT":"f.4BE7CB3E9946CAC77AC1BA1FEFE24C33.d.CBD01DD1E642EDBC3440376879881D20.e.5869"}]}
COMMAND: POST /session/7f6ec3857c10649f26842f36b7e75a4c/execute/sync - {"script":"<script> [5351 bytes]","args":[{"element-6066-11e4-a52e-4f735466cecf":"f.4BE7CB3E9946CAC77AC1BA1FEFE24C33.d.CBD01DD1E642EDBC3440376879881D20.e.5869","ELEMENT":"f.4BE7CB3E9946CAC77AC1BA1FEFE24C33.d.CBD01DD1E642EDBC3440376879881D20.e.5869"}]}
COMMAND: GET /session/7f6ec3857c10649f26842f36b7e75a4c/screenshot - {}
RESULT: {}
RESULT: {"script":"<script> [5351 bytes]","args":[{"element-6066-11e4-a52e-4f735466cecf":"f.4BE7CB3E9946CAC77AC1BA1FEFE24C33.d.CBD01DD1E642EDBC3440376879881D20.e.5869","ELEMENT":"f.4BE7CB3E9946CAC77AC1BA1FEFE24C33.d.CBD01DD1E642EDBC3440376879881D20.e.5869"}]}
COMMAND: GET /session/7f6ec3857c10649f26842f36b7e75a4c/screenshot - {}
RESULT: {}
RESULT: {}
COMMAND: POST /session/7f6ec3857c10649f26842f36b7e75a4c/element/f.4BE7CB3E9946CAC77AC1BA1FEFE24C33.d.CBD01DD1E642EDBC3440376879881D20.e.5869/click - {}
RESULT: {}
COMMAND: GET /session/7f6ec3857c10649f26842f36b7e75a4c/screenshot - {}
COMMAND: POST /session/7f6ec3857c10649f26842f36b7e75a4c/execute/async - {"script":"<script> [1562 bytes]","args":[{"selector":{"id":"application-managecontracts-display-component---AddNewContract--projectDescription","interaction":{"idSuffix":"inner"}},"wdio_ui5_key":"applicationmanagecontracts-display-component---AddNewContract--projectDescription"}]}
RESULT: {}
RESULT: {"script":"<script> [1562 bytes]","args":[{"selector":{"id":"application-managecontracts-display-component---AddNewContract--projectDescription","interaction":{"idSuffix":"inner"}},"wdio_ui5_key":"applicationmanagecontracts-display-component---AddNewContract--projectDescription"}]}
RESULT: undefined
COMMAND: POST /session/7f6ec3857c10649f26842f36b7e75a4c/execute/async - {"script":"<script> [776 bytes]","args":[{"enterText":"Contract WDIO","selector":{"id":"application-managecontracts-display-component---AddNewContract--projectDescription","interaction":{"idSuffix":"inner"}},"clearTextFirst":true,"interactionType":"ENTER_TEXT"}]}
RESULT: {"script":"<script> [776 bytes]","args":[{"enterText":"Contract WDIO","selector":{"id":"application-managecontracts-display-component---AddNewContract--projectDescription","interaction":{"idSuffix":"inner"}},"clearTextFirst":true,"interactionType":"ENTER_TEXT"}]}
COMMAND: POST /session/7f6ec3857c10649f26842f36b7e75a4c/element - {"using":"xpath","value":"//input[@id=\"application-managecontracts-display-component---AddNewContract--site-inner\"]"}
RESULT: {"using":"xpath","value":"//input[@id=\"application-managecontracts-display-component---AddNewContract--site-inner\"]"}
COMMAND: POST /session/7f6ec3857c10649f26842f36b7e75a4c/element/f.4BE7CB3E9946CAC77AC1BA1FEFE24C33.d.CBD01DD1E642EDBC3440376879881D20.e.6230/clear - {}
RESULT: {}
COMMAND: POST /session/7f6ec3857c10649f26842f36b7e75a4c/element/f.4BE7CB3E9946CAC77AC1BA1FEFE24C33.d.CBD01DD1E642EDBC3440376879881D20.e.6230/value - {"text":"2162"}
COMMAND: GET /session/7f6ec3857c10649f26842f36b7e75a4c/screenshot - {}
RESULT: {"text":"2162"}
COMMAND: GET /session/7f6ec3857c10649f26842f36b7e75a4c/screenshot - {}
RESULT: {}
RESULT: {}
COMMAND: POST /session/7f6ec3857c10649f26842f36b7e75a4c/element - {"using":"xpath","value":"//li[.//span[text()='2162']]"}
RESULT: {"using":"xpath","value":"//li[.//span[text()='2162']]"}
COMMAND: POST /session/7f6ec3857c10649f26842f36b7e75a4c/element/f.4BE7CB3E9946CAC77AC1BA1FEFE24C33.d.CBD01DD1E642EDBC3440376879881D20.e.6261/click - {}
RESULT: {}
COMMAND: GET /session/7f6ec3857c10649f26842f36b7e75a4c/screenshot - {}
RESULT: {}
COMMAND: POST /session/7f6ec3857c10649f26842f36b7e75a4c/element - {"using":"xpath","value":"//input[@id=\"application-managecontracts-display-component---AddNewContract--yardId-inner\"]"}
RESULT: {"using":"xpath","value":"//input[@id=\"application-managecontracts-display-component---AddNewContract--yardId-inner\"]"}
COMMAND: GET /session/7f6ec3857c10649f26842f36b7e75a4c/element/f.4BE7CB3E9946CAC77AC1BA1FEFE24C33.d.CBD01DD1E642EDBC3440376879881D20.e.6231/property/value - {}
RESULT: {}
COMMAND: POST /session/7f6ec3857c10649f26842f36b7e75a4c/element - {"using":"xpath","value":"//input[@id=\"application-managecontracts-display-component---AddNewContract--customerSelect-inner\"]"}
COMMAND: GET /session/7f6ec3857c10649f26842f36b7e75a4c/screenshot - {}
RESULT: {"using":"xpath","value":"//input[@id=\"application-managecontracts-display-component---AddNewContract--customerSelect-inner\"]"}
COMMAND: POST /session/7f6ec3857c10649f26842f36b7e75a4c/element/f.4BE7CB3E9946CAC77AC1BA1FEFE24C33.d.CBD01DD1E642EDBC3440376879881D20.e.6229/clear - {}
RESULT: {}
RESULT: {}
COMMAND: POST /session/7f6ec3857c10649f26842f36b7e75a4c/element/f.4BE7CB3E9946CAC77AC1BA1FEFE24C33.d.CBD01DD1E642EDBC3440376879881D20.e.6229/value - {"text":"1199"}
COMMAND: GET /session/7f6ec3857c10649f26842f36b7e75a4c/screenshot - {}
RESULT: {"text":"1199"}
COMMAND: GET /session/7f6ec3857c10649f26842f36b7e75a4c/screenshot - {}
RESULT: {}
RESULT: {}
COMMAND: POST /session/7f6ec3857c10649f26842f36b7e75a4c/element - {"using":"xpath","value":"//li[.//span[text()='1199']]"}
RESULT: {"using":"xpath","value":"//li[.//span[text()='1199']]"}
COMMAND: POST /session/7f6ec3857c10649f26842f36b7e75a4c/element/f.4BE7CB3E9946CAC77AC1BA1FEFE24C33.d.CBD01DD1E642EDBC3440376879881D20.e.6264/click - {}
RESULT: {}
COMMAND: GET /session/7f6ec3857c10649f26842f36b7e75a4c/screenshot - {}
RESULT: {}
COMMAND: POST /session/7f6ec3857c10649f26842f36b7e75a4c/element - {"using":"xpath","value":"//button[@data-kt=\"saveButton\"]"}
RESULT: {"using":"xpath","value":"//button[@data-kt=\"saveButton\"]"}
COMMAND: POST /session/7f6ec3857c10649f26842f36b7e75a4c/element/f.4BE7CB3E9946CAC77AC1BA1FEFE24C33.d.CBD01DD1E642EDBC3440376879881D20.e.6265/click - {}
RESULT: {}
COMMAND: GET /session/7f6ec3857c10649f26842f36b7e75a4c/screenshot - {}
RESULT: {}
COMMAND: POST /session/7f6ec3857c10649f26842f36b7e75a4c/element - {"using":"xpath","value":"//span[contains(@id ,\"contractDetailTitleNoExpanded\")]"}
RESULT: {"using":"xpath","value":"//span[contains(@id ,\"contractDetailTitleNoExpanded\")]"}
COMMAND: POST /session/7f6ec3857c10649f26842f36b7e75a4c/elements - {"using":"xpath","value":"//span[contains(@id ,\"contractDetailTitleNoExpanded\")]"}
RESULT: {"using":"xpath","value":"//span[contains(@id ,\"contractDetailTitleNoExpanded\")]"}
COMMAND: POST /session/7f6ec3857c10649f26842f36b7e75a4c/execute/sync - {"script":"<script> [56 bytes]","args":[{"element-6066-11e4-a52e-4f735466cecf":"f.4BE7CB3E9946CAC77AC1BA1FEFE24C33.d.CBD01DD1E642EDBC3440376879881D20.e.6280","ELEMENT":"f.4BE7CB3E9946CAC77AC1BA1FEFE24C33.d.CBD01DD1E642EDBC3440376879881D20.e.6280"}]}
RESULT: {"script":"<script> [56 bytes]","args":[{"element-6066-11e4-a52e-4f735466cecf":"f.4BE7CB3E9946CAC77AC1BA1FEFE24C33.d.CBD01DD1E642EDBC3440376879881D20.e.6280","ELEMENT":"f.4BE7CB3E9946CAC77AC1BA1FEFE24C33.d.CBD01DD1E642EDBC3440376879881D20.e.6280"}]}
COMMAND: GET /session/7f6ec3857c10649f26842f36b7e75a4c/screenshot - {}
RESULT: {}
]]></system-out>
    </testcase>
    <testcase classname="chrome.136_0_7103_49.windows.Provide_to_Site_w/_warehouse_management_w_clarification" name="Should add equipment to the contract" time="56.404">
      <system-out><![CDATA[
COMMAND: POST /session/7f6ec3857c10649f26842f36b7e75a4c/element - {"using":"xpath","value":"//button[@data-kt=\"contractDetailEditBtnButton\"]"}
RESULT: {"using":"xpath","value":"//button[@data-kt=\"contractDetailEditBtnButton\"]"}
COMMAND: POST /session/7f6ec3857c10649f26842f36b7e75a4c/element/f.4BE7CB3E9946CAC77AC1BA1FEFE24C33.d.CBD01DD1E642EDBC3440376879881D20.e.6282/click - {}
RESULT: {}
COMMAND: GET /session/7f6ec3857c10649f26842f36b7e75a4c/screenshot - {}
RESULT: {}
COMMAND: POST /session/7f6ec3857c10649f26842f36b7e75a4c/element - {"using":"xpath","value":"(//span[contains(text(), \"Additional Addresses\")])[2]"}
RESULT: {"using":"xpath","value":"(//span[contains(text(), \"Additional Addresses\")])[2]"}
COMMAND: POST /session/7f6ec3857c10649f26842f36b7e75a4c/element/f.4BE7CB3E9946CAC77AC1BA1FEFE24C33.d.CBD01DD1E642EDBC3440376879881D20.e.6343/click - {}
RESULT: {}
COMMAND: GET /session/7f6ec3857c10649f26842f36b7e75a4c/screenshot - {}
RESULT: {}
COMMAND: POST /session/7f6ec3857c10649f26842f36b7e75a4c/element - {"using":"xpath","value":"//button[@data-kt=\"btnAddTableRowOverflowToolbarButton\"]"}
RESULT: {"using":"xpath","value":"//button[@data-kt=\"btnAddTableRowOverflowToolbarButton\"]"}
COMMAND: POST /session/7f6ec3857c10649f26842f36b7e75a4c/element/f.4BE7CB3E9946CAC77AC1BA1FEFE24C33.d.CBD01DD1E642EDBC3440376879881D20.e.6346/click - {}
RESULT: {}
COMMAND: GET /session/7f6ec3857c10649f26842f36b7e75a4c/screenshot - {}
RESULT: {}
COMMAND: POST /session/7f6ec3857c10649f26842f36b7e75a4c/element - {"using":"xpath","value":"//div[(text() = 'Standard Entry' or . = 'Standard Entry')]"}
RESULT: {"using":"xpath","value":"//div[(text() = 'Standard Entry' or . = 'Standard Entry')]"}
COMMAND: POST /session/7f6ec3857c10649f26842f36b7e75a4c/element/f.4BE7CB3E9946CAC77AC1BA1FEFE24C33.d.CBD01DD1E642EDBC3440376879881D20.e.6348/click - {}
RESULT: {}
COMMAND: GET /session/7f6ec3857c10649f26842f36b7e75a4c/screenshot - {}
RESULT: {}
COMMAND: POST /session/7f6ec3857c10649f26842f36b7e75a4c/element - {"using":"xpath","value":"//td[6]/div/div/div/span"}
RESULT: {"using":"xpath","value":"//td[6]/div/div/div/span"}
COMMAND: POST /session/7f6ec3857c10649f26842f36b7e75a4c/element/f.4BE7CB3E9946CAC77AC1BA1FEFE24C33.d.CBD01DD1E642EDBC3440376879881D20.e.6360/click - {}
RESULT: {}
COMMAND: GET /session/7f6ec3857c10649f26842f36b7e75a4c/screenshot - {}
RESULT: {}
COMMAND: POST /session/7f6ec3857c10649f26842f36b7e75a4c/element - {"using":"xpath","value":"(//span[contains(text(), \"Material\")])"}
RESULT: {"using":"xpath","value":"(//span[contains(text(), \"Material\")])"}
COMMAND: POST /session/7f6ec3857c10649f26842f36b7e75a4c/element/f.4BE7CB3E9946CAC77AC1BA1FEFE24C33.d.CBD01DD1E642EDBC3440376879881D20.e.6361/click - {}
RESULT: {}
COMMAND: GET /session/7f6ec3857c10649f26842f36b7e75a4c/screenshot - {}
RESULT: {}
COMMAND: POST /session/7f6ec3857c10649f26842f36b7e75a4c/element - {"using":"xpath","value":"//td[7]/div/div/input"}
RESULT: {"using":"xpath","value":"//td[7]/div/div/input"}
COMMAND: POST /session/7f6ec3857c10649f26842f36b7e75a4c/element/f.4BE7CB3E9946CAC77AC1BA1FEFE24C33.d.CBD01DD1E642EDBC3440376879881D20.e.6365/clear - {}
RESULT: {}
COMMAND: POST /session/7f6ec3857c10649f26842f36b7e75a4c/element/f.4BE7CB3E9946CAC77AC1BA1FEFE24C33.d.CBD01DD1E642EDBC3440376879881D20.e.6365/value - {"text":"200168"}
COMMAND: GET /session/7f6ec3857c10649f26842f36b7e75a4c/screenshot - {}
RESULT: {"text":"200168"}
COMMAND: GET /session/7f6ec3857c10649f26842f36b7e75a4c/screenshot - {}
RESULT: {}
RESULT: {}
COMMAND: POST /session/7f6ec3857c10649f26842f36b7e75a4c/actions - {"actions":[{"id":"action22","type":"key","parameters":{},"actions":[{"type":"keyDown","value":"î€‡"},{"type":"pause","duration":10},{"type":"keyUp","value":"î€‡"}]}]}
RESULT: {"actions":[{"id":"action22","type":"key","parameters":{},"actions":[{"type":"keyDown","value":"î€‡"},{"type":"pause","duration":10},{"type":"keyUp","value":"î€‡"}]}]}
COMMAND: GET /session/7f6ec3857c10649f26842f36b7e75a4c/screenshot - {}
RESULT: {}
COMMAND: POST /session/7f6ec3857c10649f26842f36b7e75a4c/execute/sync - {"script":"<script> [276 bytes]","args":["No pricing information was found"]}
RESULT: {"script":"<script> [276 bytes]","args":["No pricing information was found"]}
COMMAND: POST /session/7f6ec3857c10649f26842f36b7e75a4c/element - {"using":"xpath","value":"//bdi[contains(text(), \"OK\")]"}
COMMAND: GET /session/7f6ec3857c10649f26842f36b7e75a4c/screenshot - {}
RESULT: {"using":"xpath","value":"//bdi[contains(text(), \"OK\")]"}
COMMAND: POST /session/7f6ec3857c10649f26842f36b7e75a4c/element/f.4BE7CB3E9946CAC77AC1BA1FEFE24C33.d.CBD01DD1E642EDBC3440376879881D20.e.6391/click - {}
RESULT: {}
RESULT: {}
COMMAND: GET /session/7f6ec3857c10649f26842f36b7e75a4c/screenshot - {}
RESULT: {}
COMMAND: POST /session/7f6ec3857c10649f26842f36b7e75a4c/element - {"using":"xpath","value":"(//button[@data-kt=\"saveButton\"])[2]"}
RESULT: {"using":"xpath","value":"(//button[@data-kt=\"saveButton\"])[2]"}
COMMAND: POST /session/7f6ec3857c10649f26842f36b7e75a4c/element/f.4BE7CB3E9946CAC77AC1BA1FEFE24C33.d.CBD01DD1E642EDBC3440376879881D20.e.6392/click - {}
RESULT: {}
COMMAND: GET /session/7f6ec3857c10649f26842f36b7e75a4c/screenshot - {}
RESULT: {}
COMMAND: POST /session/7f6ec3857c10649f26842f36b7e75a4c/execute/sync - {"script":"<script> [276 bytes]","args":["Some contract items are having rental validity exceeding header rental validity"]}
RESULT: {"script":"<script> [276 bytes]","args":["Some contract items are having rental validity exceeding header rental validity"]}
COMMAND: GET /session/7f6ec3857c10649f26842f36b7e75a4c/screenshot - {}
RESULT: {}
COMMAND: POST /session/7f6ec3857c10649f26842f36b7e75a4c/element - {"using":"xpath","value":"//span[contains(@id ,\"contractItemsSmartTable-header-inner\")]"}
RESULT: {"using":"xpath","value":"//span[contains(@id ,\"contractItemsSmartTable-header-inner\")]"}
COMMAND: POST /session/7f6ec3857c10649f26842f36b7e75a4c/elements - {"using":"xpath","value":"//span[contains(@id ,\"contractItemsSmartTable-header-inner\")]"}
RESULT: {"using":"xpath","value":"//span[contains(@id ,\"contractItemsSmartTable-header-inner\")]"}
COMMAND: POST /session/7f6ec3857c10649f26842f36b7e75a4c/execute/sync - {"script":"<script> [56 bytes]","args":[{"element-6066-11e4-a52e-4f735466cecf":"f.4BE7CB3E9946CAC77AC1BA1FEFE24C33.d.CBD01DD1E642EDBC3440376879881D20.e.6396","ELEMENT":"f.4BE7CB3E9946CAC77AC1BA1FEFE24C33.d.CBD01DD1E642EDBC3440376879881D20.e.6396"}]}
RESULT: {"script":"<script> [56 bytes]","args":[{"element-6066-11e4-a52e-4f735466cecf":"f.4BE7CB3E9946CAC77AC1BA1FEFE24C33.d.CBD01DD1E642EDBC3440376879881D20.e.6396","ELEMENT":"f.4BE7CB3E9946CAC77AC1BA1FEFE24C33.d.CBD01DD1E642EDBC3440376879881D20.e.6396"}]}
]]></system-out>
    </testcase>
    <testcase classname="chrome.136_0_7103_49.windows.Provide_to_Site_w/_warehouse_management_w_clarification" name="Should provide to site" time="34.482">
      <system-out><![CDATA[
COMMAND: POST /session/7f6ec3857c10649f26842f36b7e75a4c/element - {"using":"xpath","value":"//button[@data-kt=\"provideButton\"]"}
COMMAND: GET /session/7f6ec3857c10649f26842f36b7e75a4c/screenshot - {}
RESULT: {"using":"xpath","value":"//button[@data-kt=\"provideButton\"]"}
COMMAND: POST /session/7f6ec3857c10649f26842f36b7e75a4c/element/f.4BE7CB3E9946CAC77AC1BA1FEFE24C33.d.CBD01DD1E642EDBC3440376879881D20.e.6397/click - {}
RESULT: {}
RESULT: {}
COMMAND: GET /session/7f6ec3857c10649f26842f36b7e75a4c/screenshot - {}
RESULT: undefined
COMMAND: POST /session/7f6ec3857c10649f26842f36b7e75a4c/execute/async - {"script":"<script> [6424 bytes]","args":[{"element-6066-11e4-a52e-4f735466cecf":"f.4BE7CB3E9946CAC77AC1BA1FEFE24C33.d.CBD01DD1E642EDBC3440376879881D20.e.5431"},"setValue",["05/15/25"]]}
RESULT: {}
COMMAND: POST /session/7f6ec3857c10649f26842f36b7e75a4c/execute/async - {"script":"<script> [1562 bytes]","args":[{"selector":{"id":"application-managehandovers-display-component---AddNewHO--dueDate","interaction":{"idSuffix":"inner"}},"wdio_ui5_key":"applicationmanagehandovers-display-component---AddNewHO--dueDate"}]}
RESULT: {"script":"<script> [1562 bytes]","args":[{"selector":{"id":"application-managehandovers-display-component---AddNewHO--dueDate","interaction":{"idSuffix":"inner"}},"wdio_ui5_key":"applicationmanagehandovers-display-component---AddNewHO--dueDate"}]}
COMMAND: POST /session/7f6ec3857c10649f26842f36b7e75a4c/execute/async - {"script":"<script> [6424 bytes]","args":[{"element-6066-11e4-a52e-4f735466cecf":"f.4BE7CB3E9946CAC77AC1BA1FEFE24C33.d.CBD01DD1E642EDBC3440376879881D20.e.6454"},"setValue",["05/15/25"]]}
RESULT: {"script":"<script> [6424 bytes]","args":[{"element-6066-11e4-a52e-4f735466cecf":"f.4BE7CB3E9946CAC77AC1BA1FEFE24C33.d.CBD01DD1E642EDBC3440376879881D20.e.6454"},"setValue",["05/15/25"]]}
COMMAND: POST /session/7f6ec3857c10649f26842f36b7e75a4c/element - {"using":"xpath","value":"//bdi[contains(text(), \"Instructions\")]"}
RESULT: {"using":"xpath","value":"//bdi[contains(text(), \"Instructions\")]"}
COMMAND: POST /session/7f6ec3857c10649f26842f36b7e75a4c/element/f.4BE7CB3E9946CAC77AC1BA1FEFE24C33.d.CBD01DD1E642EDBC3440376879881D20.e.6703/click - {}
RESULT: {}
COMMAND: GET /session/7f6ec3857c10649f26842f36b7e75a4c/screenshot - {}
RESULT: {}
COMMAND: POST /session/7f6ec3857c10649f26842f36b7e75a4c/element - {"using":"xpath","value":"//button[@data-kt=\"AddNewHOProvideAddItemsButton\"]"}
RESULT: {"using":"xpath","value":"//button[@data-kt=\"AddNewHOProvideAddItemsButton\"]"}
COMMAND: POST /session/7f6ec3857c10649f26842f36b7e75a4c/element/f.4BE7CB3E9946CAC77AC1BA1FEFE24C33.d.CBD01DD1E642EDBC3440376879881D20.e.6707/click - {}
RESULT: {}
COMMAND: GET /session/7f6ec3857c10649f26842f36b7e75a4c/screenshot - {}
RESULT: {}
RESULT: undefined
COMMAND: POST /session/7f6ec3857c10649f26842f36b7e75a4c/element - {"using":"xpath","value":"//*[@id=\"application-managehandovers-display-component---AddNewHO--popup-sa\"]"}
RESULT: {"using":"xpath","value":"//*[@id=\"application-managehandovers-display-component---AddNewHO--popup-sa\"]"}
COMMAND: POST /session/7f6ec3857c10649f26842f36b7e75a4c/element/f.4BE7CB3E9946CAC77AC1BA1FEFE24C33.d.CBD01DD1E642EDBC3440376879881D20.e.6716/click - {}
RESULT: {}
COMMAND: GET /session/7f6ec3857c10649f26842f36b7e75a4c/screenshot - {}
RESULT: {}
COMMAND: POST /session/7f6ec3857c10649f26842f36b7e75a4c/element - {"using":"xpath","value":"//*[contains(@id ,\"BDI-content\")][contains(text(), \"Select\")]"}
RESULT: {"using":"xpath","value":"//*[contains(@id ,\"BDI-content\")][contains(text(), \"Select\")]"}
COMMAND: POST /session/7f6ec3857c10649f26842f36b7e75a4c/element/f.4BE7CB3E9946CAC77AC1BA1FEFE24C33.d.CBD01DD1E642EDBC3440376879881D20.e.6718/click - {}
RESULT: {}
COMMAND: GET /session/7f6ec3857c10649f26842f36b7e75a4c/screenshot - {}
RESULT: {}
COMMAND: POST /session/7f6ec3857c10649f26842f36b7e75a4c/element - {"using":"xpath","value":"//bdi[(text() = 'Save' or . = 'Save')]"}
RESULT: {"using":"xpath","value":"//bdi[(text() = 'Save' or . = 'Save')]"}
COMMAND: POST /session/7f6ec3857c10649f26842f36b7e75a4c/element/f.4BE7CB3E9946CAC77AC1BA1FEFE24C33.d.CBD01DD1E642EDBC3440376879881D20.e.6721/click - {}
RESULT: {}
COMMAND: GET /session/7f6ec3857c10649f26842f36b7e75a4c/screenshot - {}
RESULT: {}
]]></system-out>
    </testcase>
    <testcase classname="chrome.136_0_7103_49.windows.Provide_to_Site_w/_warehouse_management_w_clarification" name="Should test for Handover Execution" time="141.064">
      <system-out><![CDATA[
COMMAND: POST /session/7f6ec3857c10649f26842f36b7e75a4c/execute/async - {"script":"<script> [1562 bytes]","args":[{"selector":{"controlType":"sap.m.Link","viewName":"etm.portal.ui.managehandovers.view.DetailExecuteHO","bindingPath":{"path":"","propertyPath":"/wmDoc","modelName":"warehouseMovModel"}},"wdio_ui5_key":"etmportal.ui.managehandovers.view.DetailExecuteHOsap.m.Link{\"path\":\"\",\"propertyPath\":\"/wmDoc\",\"modelName\":\"warehouseMovModel\"}"}]}
RESULT: {"script":"<script> [1562 bytes]","args":[{"selector":{"controlType":"sap.m.Link","viewName":"etm.portal.ui.managehandovers.view.DetailExecuteHO","bindingPath":{"path":"","propertyPath":"/wmDoc","modelName":"warehouseMovModel"}},"wdio_ui5_key":"etmportal.ui.managehandovers.view.DetailExecuteHOsap.m.Link{\"path\":\"\",\"propertyPath\":\"/wmDoc\",\"modelName\":\"warehouseMovModel\"}"}]}
RESULT: undefined
COMMAND: POST /session/7f6ec3857c10649f26842f36b7e75a4c/element - {"using":"xpath","value":"//*[@id=\"__link81\"]"}
RESULT: {"using":"xpath","value":"//*[@id=\"__link81\"]"}
COMMAND: POST /session/7f6ec3857c10649f26842f36b7e75a4c/element/f.4BE7CB3E9946CAC77AC1BA1FEFE24C33.d.CBD01DD1E642EDBC3440376879881D20.e.6748/click - {}
RESULT: {}
COMMAND: GET /session/7f6ec3857c10649f26842f36b7e75a4c/screenshot - {}
RESULT: {}
COMMAND: POST /session/7f6ec3857c10649f26842f36b7e75a4c/execute/async - {"script":"<script> [1562 bytes]","args":[{"selector":{"controlType":"sap.m.Link","viewName":"etm.portal.ui.managehandovers.view.DetailExecuteHO","properties":{"text":"Warehouse Overview"},"searchOpenDialogs":true},"wdio_ui5_key":"etmportal.ui.managehandovers.view.DetailExecuteHOsap.m.Link{\"text\":\"Warehouse Overview\"}"}]}
RESULT: {"script":"<script> [1562 bytes]","args":[{"selector":{"controlType":"sap.m.Link","viewName":"etm.portal.ui.managehandovers.view.DetailExecuteHO","properties":{"text":"Warehouse Overview"},"searchOpenDialogs":true},"wdio_ui5_key":"etmportal.ui.managehandovers.view.DetailExecuteHOsap.m.Link{\"text\":\"Warehouse Overview\"}"}]}
RESULT: undefined
COMMAND: POST /session/7f6ec3857c10649f26842f36b7e75a4c/element - {"using":"xpath","value":"//*[@id=\"__link96\"]"}
RESULT: {"using":"xpath","value":"//*[@id=\"__link96\"]"}
COMMAND: POST /session/7f6ec3857c10649f26842f36b7e75a4c/element/f.4BE7CB3E9946CAC77AC1BA1FEFE24C33.d.CBD01DD1E642EDBC3440376879881D20.e.6752/click - {}
RESULT: {}
COMMAND: GET /session/7f6ec3857c10649f26842f36b7e75a4c/screenshot - {}
RESULT: {}
COMMAND: POST /session/7f6ec3857c10649f26842f36b7e75a4c/execute/async - {"script":"<script> [1562 bytes]","args":[{"selector":{"controlType":"sap.m.Button","viewName":"etm.portal.ui.warehousemovements.view.DisplayMovement","viewId":"application-warehousemovements-display-component---displayMovement","i18NText":{"propertyName":"text","key":"execution"},"interaction":{"idSuffix":"BDI-content"}},"wdio_ui5_key":"etmportal.ui.warehousemovements.view.DisplayMovementsap.m.Button{\"propertyName\":\"text\",\"key\":\"execution\"}"}]}
RESULT: {"script":"<script> [1562 bytes]","args":[{"selector":{"controlType":"sap.m.Button","viewName":"etm.portal.ui.warehousemovements.view.DisplayMovement","viewId":"application-warehousemovements-display-component---displayMovement","i18NText":{"propertyName":"text","key":"execution"},"interaction":{"idSuffix":"BDI-content"}},"wdio_ui5_key":"etmportal.ui.warehousemovements.view.DisplayMovementsap.m.Button{\"propertyName\":\"text\",\"key\":\"execution\"}"}]}
RESULT: undefined
COMMAND: POST /session/7f6ec3857c10649f26842f36b7e75a4c/element - {"using":"xpath","value":"//*[@id=\"__button219\"]"}
RESULT: {"using":"xpath","value":"//*[@id=\"__button219\"]"}
COMMAND: POST /session/7f6ec3857c10649f26842f36b7e75a4c/element/f.4BE7CB3E9946CAC77AC1BA1FEFE24C33.d.CBD01DD1E642EDBC3440376879881D20.e.6867/click - {}
RESULT: {}
COMMAND: GET /session/7f6ec3857c10649f26842f36b7e75a4c/screenshot - {}
RESULT: {}
COMMAND: POST /session/7f6ec3857c10649f26842f36b7e75a4c/execute/async - {"script":"<script> [1562 bytes]","args":[{"selector":{"controlType":"sap.m.Button","viewName":"etm.portal.ui.warehousemovements.view.ExecuteMovement","viewId":"application-warehousemovements-display-component---executeMovement","properties":{"text":"Items"},"interaction":{"idSuffix":"BDI-content"}},"wdio_ui5_key":"etmportal.ui.warehousemovements.view.ExecuteMovementsap.m.Button{\"text\":\"Items\"}"}]}
RESULT: {"script":"<script> [1562 bytes]","args":[{"selector":{"controlType":"sap.m.Button","viewName":"etm.portal.ui.warehousemovements.view.ExecuteMovement","viewId":"application-warehousemovements-display-component---executeMovement","properties":{"text":"Items"},"interaction":{"idSuffix":"BDI-content"}},"wdio_ui5_key":"etmportal.ui.warehousemovements.view.ExecuteMovementsap.m.Button{\"text\":\"Items\"}"}]}
RESULT: undefined
COMMAND: POST /session/7f6ec3857c10649f26842f36b7e75a4c/element - {"using":"xpath","value":"//*[@id=\"__layout353-anchBar-application-warehousemovements-display-component---executeMovement--itemsSection-anchor\"]"}
RESULT: {"using":"xpath","value":"//*[@id=\"__layout353-anchBar-application-warehousemovements-display-component---executeMovement--itemsSection-anchor\"]"}
COMMAND: POST /session/7f6ec3857c10649f26842f36b7e75a4c/element/f.4BE7CB3E9946CAC77AC1BA1FEFE24C33.d.CBD01DD1E642EDBC3440376879881D20.e.6967/click - {}
RESULT: {}
COMMAND: GET /session/7f6ec3857c10649f26842f36b7e75a4c/screenshot - {}
RESULT: {}
COMMAND: POST /session/7f6ec3857c10649f26842f36b7e75a4c/execute/async - {"script":"<script> [1562 bytes]","args":[{"selector":{"controlType":"sap.m.ToggleButton","viewName":"etm.portal.ui.warehousemovements.view.ExecuteMovement","viewId":"application-warehousemovements-display-component---executeMovement","bindingPath":{"propertyPath":"STATUS","modelName":"catalogModel"},"interaction":{"idSuffix":"BDI-content"}},"wdio_ui5_key":"etmportal.ui.warehousemovements.view.ExecuteMovementsap.m.ToggleButton{\"propertyPath\":\"STATUS\",\"modelName\":\"catalogModel\"}"}]}
RESULT: {"script":"<script> [1562 bytes]","args":[{"selector":{"controlType":"sap.m.ToggleButton","viewName":"etm.portal.ui.warehousemovements.view.ExecuteMovement","viewId":"application-warehousemovements-display-component---executeMovement","bindingPath":{"propertyPath":"STATUS","modelName":"catalogModel"},"interaction":{"idSuffix":"BDI-content"}},"wdio_ui5_key":"etmportal.ui.warehousemovements.view.ExecuteMovementsap.m.ToggleButton{\"propertyPath\":\"STATUS\",\"modelName\":\"catalogModel\"}"}]}
RESULT: undefined
COMMAND: POST /session/7f6ec3857c10649f26842f36b7e75a4c/element - {"using":"xpath","value":"//*[@id=\"__button242-__clone2629\"]"}
RESULT: {"using":"xpath","value":"//*[@id=\"__button242-__clone2629\"]"}
COMMAND: POST /session/7f6ec3857c10649f26842f36b7e75a4c/element/f.4BE7CB3E9946CAC77AC1BA1FEFE24C33.d.CBD01DD1E642EDBC3440376879881D20.e.6940/click - {}
RESULT: {}
RESULT: undefined
COMMAND: POST /session/7f6ec3857c10649f26842f36b7e75a4c/element - {"using":"xpath","value":"//*[@id=\"__button242-__clone2629\"]"}
COMMAND: GET /session/7f6ec3857c10649f26842f36b7e75a4c/screenshot - {}
RESULT: {"using":"xpath","value":"//*[@id=\"__button242-__clone2629\"]"}
COMMAND: POST /session/7f6ec3857c10649f26842f36b7e75a4c/element/f.4BE7CB3E9946CAC77AC1BA1FEFE24C33.d.CBD01DD1E642EDBC3440376879881D20.e.6940/click - {}
RESULT: {}
RESULT: {}
COMMAND: GET /session/7f6ec3857c10649f26842f36b7e75a4c/screenshot - {}
RESULT: {}
COMMAND: POST /session/7f6ec3857c10649f26842f36b7e75a4c/element - {"using":"xpath","value":"//section[contains(@id,\"FC-NoHead\")]/div[1]/div[5]/div[2]/span"}
RESULT: {"using":"xpath","value":"//section[contains(@id,\"FC-NoHead\")]/div[1]/div[5]/div[2]/span"}
COMMAND: POST /session/7f6ec3857c10649f26842f36b7e75a4c/elements - {"using":"xpath","value":"//section[contains(@id,\"FC-NoHead\")]/div[1]/div[5]/div[2]/span"}
RESULT: {"using":"xpath","value":"//section[contains(@id,\"FC-NoHead\")]/div[1]/div[5]/div[2]/span"}
COMMAND: POST /session/7f6ec3857c10649f26842f36b7e75a4c/execute/sync - {"script":"<script> [56 bytes]","args":[{"element-6066-11e4-a52e-4f735466cecf":"f.4BE7CB3E9946CAC77AC1BA1FEFE24C33.d.CBD01DD1E642EDBC3440376879881D20.e.6975","ELEMENT":"f.4BE7CB3E9946CAC77AC1BA1FEFE24C33.d.CBD01DD1E642EDBC3440376879881D20.e.6975"}]}
RESULT: {"script":"<script> [56 bytes]","args":[{"element-6066-11e4-a52e-4f735466cecf":"f.4BE7CB3E9946CAC77AC1BA1FEFE24C33.d.CBD01DD1E642EDBC3440376879881D20.e.6975","ELEMENT":"f.4BE7CB3E9946CAC77AC1BA1FEFE24C33.d.CBD01DD1E642EDBC3440376879881D20.e.6975"}]}
COMMAND: POST /session/7f6ec3857c10649f26842f36b7e75a4c/actions - {"actions":[{"id":"action23","type":"key","parameters":{},"actions":[{"type":"keyDown","value":"î€‡"},{"type":"pause","duration":10},{"type":"keyUp","value":"î€‡"}]}]}
COMMAND: GET /session/7f6ec3857c10649f26842f36b7e75a4c/screenshot - {}
RESULT: {"actions":[{"id":"action23","type":"key","parameters":{},"actions":[{"type":"keyDown","value":"î€‡"},{"type":"pause","duration":10},{"type":"keyUp","value":"î€‡"}]}]}
COMMAND: POST /session/7f6ec3857c10649f26842f36b7e75a4c/execute/async - {"script":"<script> [1562 bytes]","args":[{"selector":{"id":"application-warehousemovements-display-component---executeMovement--executeId","interaction":{"idSuffix":"BDI-content"}},"wdio_ui5_key":"applicationwarehousemovements-display-component---executeMovement--executeId"}]}
COMMAND: GET /session/7f6ec3857c10649f26842f36b7e75a4c/screenshot - {}
RESULT: {}
RESULT: {"script":"<script> [1562 bytes]","args":[{"selector":{"id":"application-warehousemovements-display-component---executeMovement--executeId","interaction":{"idSuffix":"BDI-content"}},"wdio_ui5_key":"applicationwarehousemovements-display-component---executeMovement--executeId"}]}
RESULT: undefined
COMMAND: POST /session/7f6ec3857c10649f26842f36b7e75a4c/element - {"using":"xpath","value":"//*[@id=\"application-warehousemovements-display-component---executeMovement--executeId\"]"}
RESULT: {}
RESULT: {"using":"xpath","value":"//*[@id=\"application-warehousemovements-display-component---executeMovement--executeId\"]"}
COMMAND: POST /session/7f6ec3857c10649f26842f36b7e75a4c/element/f.4BE7CB3E9946CAC77AC1BA1FEFE24C33.d.CBD01DD1E642EDBC3440376879881D20.e.6934/click - {}
RESULT: {}
COMMAND: GET /session/7f6ec3857c10649f26842f36b7e75a4c/screenshot - {}
RESULT: {}
COMMAND: POST /session/7f6ec3857c10649f26842f36b7e75a4c/element - {"using":"css selector","value":"#shell-header-logo"}
RESULT: {"using":"css selector","value":"#shell-header-logo"}
COMMAND: POST /session/7f6ec3857c10649f26842f36b7e75a4c/element/f.4BE7CB3E9946CAC77AC1BA1FEFE24C33.d.CBD01DD1E642EDBC3440376879881D20.e.5828/click - {}
RESULT: {}
COMMAND: GET /session/7f6ec3857c10649f26842f36b7e75a4c/screenshot - {}
RESULT: {}
RESULT: undefined
COMMAND: POST /session/7f6ec3857c10649f26842f36b7e75a4c/element - {"using":"xpath","value":"//*[@id=\"__tile130\"]"}
RESULT: {"using":"xpath","value":"//*[@id=\"__tile130\"]"}
COMMAND: POST /session/7f6ec3857c10649f26842f36b7e75a4c/element/f.4BE7CB3E9946CAC77AC1BA1FEFE24C33.d.CBD01DD1E642EDBC3440376879881D20.e.4404/click - {}
RESULT: {}
COMMAND: GET /session/7f6ec3857c10649f26842f36b7e75a4c/screenshot - {}
RESULT: {}
COMMAND: POST /session/7f6ec3857c10649f26842f36b7e75a4c/elements - {"using":"xpath","value":"//span[text()='Error']"}
RESULT: {"using":"xpath","value":"//span[text()='Error']"}
COMMAND: POST /session/7f6ec3857c10649f26842f36b7e75a4c/execute/async - {"script":"<script> [1562 bytes]","args":[{"selector":{"controlType":"sap.m.SearchField","viewName":"etm.portal.ui.managehandovers.view.MasterHO","bindingPath":{"propertyPath":"/_BASIC_SEARCH_FIELD","modelName":"fi1t3rM0d31"},"interaction":{"idSuffix":"I"}},"wdio_ui5_key":"etmportal.ui.managehandovers.view.MasterHOsap.m.SearchField{\"propertyPath\":\"/_BASIC_SEARCH_FIELD\",\"modelName\":\"fi1t3rM0d31\"}"}]}
RESULT: {"script":"<script> [1562 bytes]","args":[{"selector":{"controlType":"sap.m.SearchField","viewName":"etm.portal.ui.managehandovers.view.MasterHO","bindingPath":{"propertyPath":"/_BASIC_SEARCH_FIELD","modelName":"fi1t3rM0d31"},"interaction":{"idSuffix":"I"}},"wdio_ui5_key":"etmportal.ui.managehandovers.view.MasterHOsap.m.SearchField{\"propertyPath\":\"/_BASIC_SEARCH_FIELD\",\"modelName\":\"fi1t3rM0d31\"}"}]}
RESULT: undefined
COMMAND: POST /session/7f6ec3857c10649f26842f36b7e75a4c/execute/async - {"script":"<script> [776 bytes]","args":[{"enterText":"30421","selector":{"controlType":"sap.m.SearchField","viewName":"etm.portal.ui.managehandovers.view.MasterHO","bindingPath":{"propertyPath":"/_BASIC_SEARCH_FIELD","modelName":"fi1t3rM0d31"},"interaction":{"idSuffix":"I"}},"clearTextFirst":true,"interactionType":"ENTER_TEXT"}]}
RESULT: {"script":"<script> [776 bytes]","args":[{"enterText":"30421","selector":{"controlType":"sap.m.SearchField","viewName":"etm.portal.ui.managehandovers.view.MasterHO","bindingPath":{"propertyPath":"/_BASIC_SEARCH_FIELD","modelName":"fi1t3rM0d31"},"interaction":{"idSuffix":"I"}},"clearTextFirst":true,"interactionType":"ENTER_TEXT"}]}
COMMAND: POST /session/7f6ec3857c10649f26842f36b7e75a4c/actions - {"actions":[{"id":"action24","type":"key","parameters":{},"actions":[{"type":"keyDown","value":"î€‡"},{"type":"pause","duration":10},{"type":"keyUp","value":"î€‡"}]}]}
RESULT: {"actions":[{"id":"action24","type":"key","parameters":{},"actions":[{"type":"keyDown","value":"î€‡"},{"type":"pause","duration":10},{"type":"keyUp","value":"î€‡"}]}]}
COMMAND: GET /session/7f6ec3857c10649f26842f36b7e75a4c/screenshot - {}
RESULT: {}
COMMAND: POST /session/7f6ec3857c10649f26842f36b7e75a4c/execute/async - {"script":"<script> [1562 bytes]","args":[{"selector":{"controlType":"sap.ui.core.Icon","viewName":"etm.portal.ui.managehandovers.view.MasterHO","properties":{"src":{"regex":{"source":"slim\\-arrow\\-right"}}}},"wdio_ui5_key":"etmportal.ui.managehandovers.view.MasterHOsap.ui.core.Icon{\"src\":{\"regex\":{\"source\":\"slim\\\\-arrow\\\\-right\"}}}"}]}
RESULT: {"script":"<script> [1562 bytes]","args":[{"selector":{"controlType":"sap.ui.core.Icon","viewName":"etm.portal.ui.managehandovers.view.MasterHO","properties":{"src":{"regex":{"source":"slim\\-arrow\\-right"}}}},"wdio_ui5_key":"etmportal.ui.managehandovers.view.MasterHOsap.ui.core.Icon{\"src\":{\"regex\":{\"source\":\"slim\\\\-arrow\\\\-right\"}}}"}]}
RESULT: undefined
COMMAND: POST /session/7f6ec3857c10649f26842f36b7e75a4c/element - {"using":"xpath","value":"//*[@id=\"__item1397-__clone2708-imgNav\"]"}
RESULT: {"using":"xpath","value":"//*[@id=\"__item1397-__clone2708-imgNav\"]"}
COMMAND: POST /session/7f6ec3857c10649f26842f36b7e75a4c/element/f.4BE7CB3E9946CAC77AC1BA1FEFE24C33.d.CBD01DD1E642EDBC3440376879881D20.e.7319/click - {}
RESULT: {}
COMMAND: GET /session/7f6ec3857c10649f26842f36b7e75a4c/screenshot - {}
RESULT: {}
COMMAND: POST /session/7f6ec3857c10649f26842f36b7e75a4c/execute/async - {"script":"<script> [1562 bytes]","args":[{"selector":{"controlType":"sap.m.Button","viewName":"etm.portal.ui.managehandovers.view.DetailExecuteHO","i18NText":{"propertyName":"text","key":"confirmAll"},"interaction":{"idSuffix":"BDI-content"}},"wdio_ui5_key":"etmportal.ui.managehandovers.view.DetailExecuteHOsap.m.Button{\"propertyName\":\"text\",\"key\":\"confirmAll\"}"}]}
RESULT: {"script":"<script> [1562 bytes]","args":[{"selector":{"controlType":"sap.m.Button","viewName":"etm.portal.ui.managehandovers.view.DetailExecuteHO","i18NText":{"propertyName":"text","key":"confirmAll"},"interaction":{"idSuffix":"BDI-content"}},"wdio_ui5_key":"etmportal.ui.managehandovers.view.DetailExecuteHOsap.m.Button{\"propertyName\":\"text\",\"key\":\"confirmAll\"}"}]}
RESULT: undefined
COMMAND: POST /session/7f6ec3857c10649f26842f36b7e75a4c/element - {"using":"xpath","value":"//*[@id=\"__button280\"]"}
RESULT: {"using":"xpath","value":"//*[@id=\"__button280\"]"}
COMMAND: POST /session/7f6ec3857c10649f26842f36b7e75a4c/element/f.4BE7CB3E9946CAC77AC1BA1FEFE24C33.d.CBD01DD1E642EDBC3440376879881D20.e.7402/click - {}
RESULT: {}
COMMAND: GET /session/7f6ec3857c10649f26842f36b7e75a4c/screenshot - {}
RESULT: {}
COMMAND: POST /session/7f6ec3857c10649f26842f36b7e75a4c/actions - {"actions":[{"id":"action25","type":"key","parameters":{},"actions":[{"type":"keyDown","value":"î€‡"},{"type":"pause","duration":10},{"type":"keyUp","value":"î€‡"}]}]}
RESULT: {"actions":[{"id":"action25","type":"key","parameters":{},"actions":[{"type":"keyDown","value":"î€‡"},{"type":"pause","duration":10},{"type":"keyUp","value":"î€‡"}]}]}
COMMAND: GET /session/7f6ec3857c10649f26842f36b7e75a4c/screenshot - {}
RESULT: {}
COMMAND: POST /session/7f6ec3857c10649f26842f36b7e75a4c/element - {"using":"xpath","value":"//button[@data-kt=\"execHoIssueButton\"]"}
RESULT: {"using":"xpath","value":"//button[@data-kt=\"execHoIssueButton\"]"}
COMMAND: POST /session/7f6ec3857c10649f26842f36b7e75a4c/element/f.4BE7CB3E9946CAC77AC1BA1FEFE24C33.d.CBD01DD1E642EDBC3440376879881D20.e.7411/click - {}
RESULT: {}
COMMAND: GET /session/7f6ec3857c10649f26842f36b7e75a4c/screenshot - {}
RESULT: {}
RESULT: undefined
COMMAND: POST /session/7f6ec3857c10649f26842f36b7e75a4c/execute/async - {"script":"<script> [776 bytes]","args":[{"enterText":"30421","selector":{"controlType":"sap.m.SearchField","viewName":"etm.portal.ui.managehandovers.view.MasterHO","bindingPath":{"propertyPath":"/_BASIC_SEARCH_FIELD","modelName":"fi1t3rM0d31"},"interaction":{"idSuffix":"I"}},"clearTextFirst":true,"interactionType":"ENTER_TEXT"}]}
RESULT: {"script":"<script> [776 bytes]","args":[{"enterText":"30421","selector":{"controlType":"sap.m.SearchField","viewName":"etm.portal.ui.managehandovers.view.MasterHO","bindingPath":{"propertyPath":"/_BASIC_SEARCH_FIELD","modelName":"fi1t3rM0d31"},"interaction":{"idSuffix":"I"}},"clearTextFirst":true,"interactionType":"ENTER_TEXT"}]}
COMMAND: POST /session/7f6ec3857c10649f26842f36b7e75a4c/actions - {"actions":[{"id":"action26","type":"key","parameters":{},"actions":[{"type":"keyDown","value":"î€‡"},{"type":"pause","duration":10},{"type":"keyUp","value":"î€‡"}]}]}
RESULT: {"actions":[{"id":"action26","type":"key","parameters":{},"actions":[{"type":"keyDown","value":"î€‡"},{"type":"pause","duration":10},{"type":"keyUp","value":"î€‡"}]}]}
COMMAND: GET /session/7f6ec3857c10649f26842f36b7e75a4c/screenshot - {}
RESULT: {}
COMMAND: POST /session/7f6ec3857c10649f26842f36b7e75a4c/element - {"using":"xpath","value":"//span[(text() = '30421' or . = '30421')]"}
RESULT: {"using":"xpath","value":"//span[(text() = '30421' or . = '30421')]"}
COMMAND: POST /session/7f6ec3857c10649f26842f36b7e75a4c/element/f.4BE7CB3E9946CAC77AC1BA1FEFE24C33.d.CBD01DD1E642EDBC3440376879881D20.e.7456/click - {}
RESULT: {}
COMMAND: GET /session/7f6ec3857c10649f26842f36b7e75a4c/screenshot - {}
RESULT: {}
COMMAND: POST /session/7f6ec3857c10649f26842f36b7e75a4c/element - {"using":"xpath","value":"//span[contains(text(), \"Instructions\")]"}
RESULT: {"using":"xpath","value":"//span[contains(text(), \"Instructions\")]"}
COMMAND: POST /session/7f6ec3857c10649f26842f36b7e75a4c/element/f.4BE7CB3E9946CAC77AC1BA1FEFE24C33.d.CBD01DD1E642EDBC3440376879881D20.e.7495/click - {}
RESULT: {}
COMMAND: GET /session/7f6ec3857c10649f26842f36b7e75a4c/screenshot - {}
RESULT: {}
COMMAND: POST /session/7f6ec3857c10649f26842f36b7e75a4c/element - {"using":"xpath","value":"//span[contains(text(), \"Instructions\")]"}
RESULT: {"using":"xpath","value":"//span[contains(text(), \"Instructions\")]"}
COMMAND: POST /session/7f6ec3857c10649f26842f36b7e75a4c/element/f.4BE7CB3E9946CAC77AC1BA1FEFE24C33.d.CBD01DD1E642EDBC3440376879881D20.e.7495/click - {}
RESULT: {}
COMMAND: GET /session/7f6ec3857c10649f26842f36b7e75a4c/screenshot - {}
RESULT: {}
COMMAND: POST /session/7f6ec3857c10649f26842f36b7e75a4c/execute/async - {"script":"<script> [1562 bytes]","args":[{"selector":{"controlType":"sap.m.ComboBox","viewName":"etm.portal.ui.managehandovers.view.DetailExecuteHO","bindingPath":{"propertyPath":"RECEIVING_SECTION","modelName":"catalogModel"},"interaction":{"idSuffix":"inner"}},"wdio_ui5_key":"etmportal.ui.managehandovers.view.DetailExecuteHOsap.m.ComboBox{\"propertyPath\":\"RECEIVING_SECTION\",\"modelName\":\"catalogModel\"}"}]}
RESULT: {"script":"<script> [1562 bytes]","args":[{"selector":{"controlType":"sap.m.ComboBox","viewName":"etm.portal.ui.managehandovers.view.DetailExecuteHO","bindingPath":{"propertyPath":"RECEIVING_SECTION","modelName":"catalogModel"},"interaction":{"idSuffix":"inner"}},"wdio_ui5_key":"etmportal.ui.managehandovers.view.DetailExecuteHOsap.m.ComboBox{\"propertyPath\":\"RECEIVING_SECTION\",\"modelName\":\"catalogModel\"}"}]}
RESULT: undefined
COMMAND: POST /session/7f6ec3857c10649f26842f36b7e75a4c/execute/async - {"script":"<script> [776 bytes]","args":[{"enterText":"WDIO-2162","selector":{"controlType":"sap.m.ComboBox","viewName":"etm.portal.ui.managehandovers.view.DetailExecuteHO","bindingPath":{"propertyPath":"RECEIVING_SECTION","modelName":"catalogModel"},"interaction":{"idSuffix":"inner"}},"clearTextFirst":true,"interactionType":"ENTER_TEXT"}]}
RESULT: {"script":"<script> [776 bytes]","args":[{"enterText":"WDIO-2162","selector":{"controlType":"sap.m.ComboBox","viewName":"etm.portal.ui.managehandovers.view.DetailExecuteHO","bindingPath":{"propertyPath":"RECEIVING_SECTION","modelName":"catalogModel"},"interaction":{"idSuffix":"inner"}},"clearTextFirst":true,"interactionType":"ENTER_TEXT"}]}
COMMAND: POST /session/7f6ec3857c10649f26842f36b7e75a4c/actions - {"actions":[{"id":"action27","type":"key","parameters":{},"actions":[{"type":"keyDown","value":"î€‡"},{"type":"pause","duration":10},{"type":"keyUp","value":"î€‡"}]}]}
RESULT: {"actions":[{"id":"action27","type":"key","parameters":{},"actions":[{"type":"keyDown","value":"î€‡"},{"type":"pause","duration":10},{"type":"keyUp","value":"î€‡"}]}]}
COMMAND: GET /session/7f6ec3857c10649f26842f36b7e75a4c/screenshot - {}
RESULT: {}
COMMAND: POST /session/7f6ec3857c10649f26842f36b7e75a4c/element - {"using":"xpath","value":"//button[@data-kt= \"execHoReceiveButton\"]"}
RESULT: {"using":"xpath","value":"//button[@data-kt= \"execHoReceiveButton\"]"}
COMMAND: POST /session/7f6ec3857c10649f26842f36b7e75a4c/element/f.4BE7CB3E9946CAC77AC1BA1FEFE24C33.d.CBD01DD1E642EDBC3440376879881D20.e.7501/click - {}
RESULT: {}
COMMAND: GET /session/7f6ec3857c10649f26842f36b7e75a4c/screenshot - {}
RESULT: {}
COMMAND: POST /session/7f6ec3857c10649f26842f36b7e75a4c/execute/async - {"script":"<script> [1562 bytes]","args":[{"selector":{"controlType":"sap.m.Button","properties":{"text":"Continue"},"searchOpenDialogs":true,"interaction":{"idSuffix":"content"}},"wdio_ui5_key":"sapm.Button{\"text\":\"Continue\"}"}]}
RESULT: {"script":"<script> [1562 bytes]","args":[{"selector":{"controlType":"sap.m.Button","properties":{"text":"Continue"},"searchOpenDialogs":true,"interaction":{"idSuffix":"content"}},"wdio_ui5_key":"sapm.Button{\"text\":\"Continue\"}"}]}
RESULT: undefined
COMMAND: POST /session/7f6ec3857c10649f26842f36b7e75a4c/element - {"using":"xpath","value":"//*[@id=\"__mbox-btn-6\"]"}
RESULT: {"using":"xpath","value":"//*[@id=\"__mbox-btn-6\"]"}
COMMAND: POST /session/7f6ec3857c10649f26842f36b7e75a4c/element/f.4BE7CB3E9946CAC77AC1BA1FEFE24C33.d.CBD01DD1E642EDBC3440376879881D20.e.7502/click - {}
RESULT: {}
COMMAND: GET /session/7f6ec3857c10649f26842f36b7e75a4c/screenshot - {}
RESULT: {}
COMMAND: POST /session/7f6ec3857c10649f26842f36b7e75a4c/element - {"using":"css selector","value":"#shell-header-logo"}
RESULT: {"using":"css selector","value":"#shell-header-logo"}
COMMAND: POST /session/7f6ec3857c10649f26842f36b7e75a4c/element/f.4BE7CB3E9946CAC77AC1BA1FEFE24C33.d.CBD01DD1E642EDBC3440376879881D20.e.7041/click - {}
RESULT: {}
COMMAND: GET /session/7f6ec3857c10649f26842f36b7e75a4c/screenshot - {}
RESULT: {}
]]></system-out>
    </testcase>
    <testcase classname="chrome.136_0_7103_49.windows.Provide_to_Site_w/_warehouse_management_w_clarification" name="Should test for Clarification" time="59.545">
      <system-out><![CDATA[
RESULT: undefined
COMMAND: POST /session/7f6ec3857c10649f26842f36b7e75a4c/element - {"using":"xpath","value":"//*[@id=\"__tile130\"]"}
RESULT: {"using":"xpath","value":"//*[@id=\"__tile130\"]"}
COMMAND: POST /session/7f6ec3857c10649f26842f36b7e75a4c/element/f.4BE7CB3E9946CAC77AC1BA1FEFE24C33.d.CBD01DD1E642EDBC3440376879881D20.e.4404/click - {}
RESULT: {}
COMMAND: GET /session/7f6ec3857c10649f26842f36b7e75a4c/screenshot - {}
RESULT: {}
COMMAND: POST /session/7f6ec3857c10649f26842f36b7e75a4c/elements - {"using":"xpath","value":"//span[text()='Error']"}
RESULT: {"using":"xpath","value":"//span[text()='Error']"}
RESULT: undefined
COMMAND: POST /session/7f6ec3857c10649f26842f36b7e75a4c/execute/async - {"script":"<script> [776 bytes]","args":[{"enterText":"30421","selector":{"controlType":"sap.m.SearchField","viewName":"etm.portal.ui.managehandovers.view.MasterHO","bindingPath":{"propertyPath":"/_BASIC_SEARCH_FIELD","modelName":"fi1t3rM0d31"},"interaction":{"idSuffix":"I"}},"clearTextFirst":true,"interactionType":"ENTER_TEXT"}]}
RESULT: {"script":"<script> [776 bytes]","args":[{"enterText":"30421","selector":{"controlType":"sap.m.SearchField","viewName":"etm.portal.ui.managehandovers.view.MasterHO","bindingPath":{"propertyPath":"/_BASIC_SEARCH_FIELD","modelName":"fi1t3rM0d31"},"interaction":{"idSuffix":"I"}},"clearTextFirst":true,"interactionType":"ENTER_TEXT"}]}
COMMAND: POST /session/7f6ec3857c10649f26842f36b7e75a4c/actions - {"actions":[{"id":"action28","type":"key","parameters":{},"actions":[{"type":"keyDown","value":"î€‡"},{"type":"pause","duration":10},{"type":"keyUp","value":"î€‡"}]}]}
RESULT: {"actions":[{"id":"action28","type":"key","parameters":{},"actions":[{"type":"keyDown","value":"î€‡"},{"type":"pause","duration":10},{"type":"keyUp","value":"î€‡"}]}]}
COMMAND: GET /session/7f6ec3857c10649f26842f36b7e75a4c/screenshot - {}
RESULT: {}
COMMAND: POST /session/7f6ec3857c10649f26842f36b7e75a4c/element - {"using":"xpath","value":"//span[(text() = '30421' or . = '30421')]"}
RESULT: {"using":"xpath","value":"//span[(text() = '30421' or . = '30421')]"}
COMMAND: POST /session/7f6ec3857c10649f26842f36b7e75a4c/element/f.4BE7CB3E9946CAC77AC1BA1FEFE24C33.d.CBD01DD1E642EDBC3440376879881D20.e.7670/click - {}
RESULT: {}
COMMAND: GET /session/7f6ec3857c10649f26842f36b7e75a4c/screenshot - {}
RESULT: {}
COMMAND: POST /session/7f6ec3857c10649f26842f36b7e75a4c/element - {"using":"xpath","value":"//span[contains(text(), \"Instructions\")]"}
RESULT: {"using":"xpath","value":"//span[contains(text(), \"Instructions\")]"}
COMMAND: POST /session/7f6ec3857c10649f26842f36b7e75a4c/element/f.4BE7CB3E9946CAC77AC1BA1FEFE24C33.d.CBD01DD1E642EDBC3440376879881D20.e.7755/click - {}
RESULT: {}
COMMAND: GET /session/7f6ec3857c10649f26842f36b7e75a4c/screenshot - {}
RESULT: {}
COMMAND: POST /session/7f6ec3857c10649f26842f36b7e75a4c/element - {"using":"xpath","value":"//span[contains(text(), \"Instructions\")]"}
RESULT: {"using":"xpath","value":"//span[contains(text(), \"Instructions\")]"}
COMMAND: POST /session/7f6ec3857c10649f26842f36b7e75a4c/element/f.4BE7CB3E9946CAC77AC1BA1FEFE24C33.d.CBD01DD1E642EDBC3440376879881D20.e.7755/click - {}
RESULT: {}
COMMAND: GET /session/7f6ec3857c10649f26842f36b7e75a4c/screenshot - {}
RESULT: {}
COMMAND: POST /session/7f6ec3857c10649f26842f36b7e75a4c/element - {"using":"xpath","value":"//button[.//bdi[text() = \"Refuse\"]]"}
RESULT: {"using":"xpath","value":"//button[.//bdi[text() = \"Refuse\"]]"}
COMMAND: POST /session/7f6ec3857c10649f26842f36b7e75a4c/element/f.4BE7CB3E9946CAC77AC1BA1FEFE24C33.d.CBD01DD1E642EDBC3440376879881D20.e.7760/click - {}
RESULT: {}
COMMAND: GET /session/7f6ec3857c10649f26842f36b7e75a4c/screenshot - {}
RESULT: {}
COMMAND: POST /session/7f6ec3857c10649f26842f36b7e75a4c/element - {"using":"xpath","value":"//button[@data-kt= \"execHoReceiveRefuseButton\"]"}
RESULT: {"using":"xpath","value":"//button[@data-kt= \"execHoReceiveRefuseButton\"]"}
COMMAND: POST /session/7f6ec3857c10649f26842f36b7e75a4c/element/f.4BE7CB3E9946CAC77AC1BA1FEFE24C33.d.CBD01DD1E642EDBC3440376879881D20.e.7762/click - {}
RESULT: {}
COMMAND: GET /session/7f6ec3857c10649f26842f36b7e75a4c/screenshot - {}
RESULT: {}
COMMAND: POST /session/7f6ec3857c10649f26842f36b7e75a4c/element - {"using":"css selector","value":"#shell-header-logo"}
RESULT: {"using":"css selector","value":"#shell-header-logo"}
COMMAND: POST /session/7f6ec3857c10649f26842f36b7e75a4c/element/f.4BE7CB3E9946CAC77AC1BA1FEFE24C33.d.CBD01DD1E642EDBC3440376879881D20.e.7546/click - {}
RESULT: {}
COMMAND: GET /session/7f6ec3857c10649f26842f36b7e75a4c/screenshot - {}
RESULT: {}
COMMAND: POST /session/7f6ec3857c10649f26842f36b7e75a4c/element - {"using":"css selector","value":"#j_username"}
COMMAND: POST /session/7f6ec3857c10649f26842f36b7e75a4c/url - {"url":"https://qa-testing-00-live-etm-ui.cfapps.eu10-004.hana.ondemand.com/"}
RESULT: {"using":"css selector","value":"#j_username"}
COMMAND: POST /session/7f6ec3857c10649f26842f36b7e75a4c/element - {"using":"css selector","value":"#j_username"}
RESULT: {"url":"https://qa-testing-00-live-etm-ui.cfapps.eu10-004.hana.ondemand.com/"}
RESULT: undefined
COMMAND: GET /session/7f6ec3857c10649f26842f36b7e75a4c/screenshot - {}
RESULT: {"using":"css selector","value":"#j_username"}
COMMAND: POST /session/7f6ec3857c10649f26842f36b7e75a4c/element - {"using":"css selector","value":"#shell-header-logo"}
RESULT: {}
RESULT: {"using":"css selector","value":"#shell-header-logo"}
COMMAND: POST /session/7f6ec3857c10649f26842f36b7e75a4c/execute/sync - {"script":"<script> [8489 bytes]","args":[{"element-6066-11e4-a52e-4f735466cecf":"f.4BE7CB3E9946CAC77AC1BA1FEFE24C33.d.231D643531EE65CED78F717C84BF2402.e.7819","ELEMENT":"f.4BE7CB3E9946CAC77AC1BA1FEFE24C33.d.231D643531EE65CED78F717C84BF2402.e.7819"}]}
RESULT: {"script":"<script> [8489 bytes]","args":[{"element-6066-11e4-a52e-4f735466cecf":"f.4BE7CB3E9946CAC77AC1BA1FEFE24C33.d.231D643531EE65CED78F717C84BF2402.e.7819","ELEMENT":"f.4BE7CB3E9946CAC77AC1BA1FEFE24C33.d.231D643531EE65CED78F717C84BF2402.e.7819"}]}
COMMAND: POST /session/7f6ec3857c10649f26842f36b7e75a4c/element - {"using":"css selector","value":"#shell-header-logo"}
COMMAND: GET /session/7f6ec3857c10649f26842f36b7e75a4c/screenshot - {}
RESULT: {"using":"css selector","value":"#shell-header-logo"}
COMMAND: POST /session/7f6ec3857c10649f26842f36b7e75a4c/execute/sync - {"script":"<script> [8489 bytes]","args":[{"element-6066-11e4-a52e-4f735466cecf":"f.4BE7CB3E9946CAC77AC1BA1FEFE24C33.d.231D643531EE65CED78F717C84BF2402.e.7819","ELEMENT":"f.4BE7CB3E9946CAC77AC1BA1FEFE24C33.d.231D643531EE65CED78F717C84BF2402.e.7819"}]}
RESULT: {}
RESULT: {"script":"<script> [8489 bytes]","args":[{"element-6066-11e4-a52e-4f735466cecf":"f.4BE7CB3E9946CAC77AC1BA1FEFE24C33.d.231D643531EE65CED78F717C84BF2402.e.7819","ELEMENT":"f.4BE7CB3E9946CAC77AC1BA1FEFE24C33.d.231D643531EE65CED78F717C84BF2402.e.7819"}]}
COMMAND: POST /session/7f6ec3857c10649f26842f36b7e75a4c/execute/sync - {"script":"<script> [5351 bytes]","args":[{"element-6066-11e4-a52e-4f735466cecf":"f.4BE7CB3E9946CAC77AC1BA1FEFE24C33.d.231D643531EE65CED78F717C84BF2402.e.7819","ELEMENT":"f.4BE7CB3E9946CAC77AC1BA1FEFE24C33.d.231D643531EE65CED78F717C84BF2402.e.7819"}]}
COMMAND: GET /session/7f6ec3857c10649f26842f36b7e75a4c/screenshot - {}
RESULT: {"script":"<script> [5351 bytes]","args":[{"element-6066-11e4-a52e-4f735466cecf":"f.4BE7CB3E9946CAC77AC1BA1FEFE24C33.d.231D643531EE65CED78F717C84BF2402.e.7819","ELEMENT":"f.4BE7CB3E9946CAC77AC1BA1FEFE24C33.d.231D643531EE65CED78F717C84BF2402.e.7819"}]}
COMMAND: POST /session/7f6ec3857c10649f26842f36b7e75a4c/element - {"using":"css selector","value":"#shell-header-logo"}
COMMAND: GET /session/7f6ec3857c10649f26842f36b7e75a4c/screenshot - {}
RESULT: {}
RESULT: {"using":"css selector","value":"#shell-header-logo"}
COMMAND: POST /session/7f6ec3857c10649f26842f36b7e75a4c/element/f.4BE7CB3E9946CAC77AC1BA1FEFE24C33.d.231D643531EE65CED78F717C84BF2402.e.7819/click - {}
RESULT: {}
RESULT: {}
COMMAND: GET /session/7f6ec3857c10649f26842f36b7e75a4c/screenshot - {}
RESULT: {}
COMMAND: POST /session/7f6ec3857c10649f26842f36b7e75a4c/execute/async - {"script":"<script> [189 bytes]","args":[]}
RESULT: {"script":"<script> [189 bytes]","args":[]}
COMMAND: POST /session/7f6ec3857c10649f26842f36b7e75a4c/execute/async - {"script":"<script> [123 bytes]","args":[]}
RESULT: {"script":"<script> [123 bytes]","args":[]}
COMMAND: POST /session/7f6ec3857c10649f26842f36b7e75a4c/timeouts - {"script":"<number>"}
RESULT: {"script":"<number>"}
COMMAND: GET /session/7f6ec3857c10649f26842f36b7e75a4c/timeouts - {}
RESULT: {}
RESULT: undefined
COMMAND: POST /session/7f6ec3857c10649f26842f36b7e75a4c/execute/async - {"script":"<script> [2676 bytes]","args":[]}
RESULT: {"script":"<script> [2676 bytes]","args":[]}
COMMAND: POST /session/7f6ec3857c10649f26842f36b7e75a4c/execute/async - {"script":"<script> [2342 bytes]","args":[{"protocol":"http","hostname":"0.0.0.0","path":"/","capabilities":{"browserName":"chrome","goog:chromeOptions":{"binary":"C:\\Program Files\\Google\\Chrome\\Application\\chrome.exe","args":["--start-maximized"]}},"logLevel":"warn","connectionRetryTimeout":120000,"connectionRetryCount":3,"logLevels":{},"enableDirectConnect":true,"strictSSL":true,"_":"65 more keys: [\"cacheDir\",\"port\",\"requestedCapabilities\",\"automationProtocol\",\"baseUrl\",\"waitforInterval\",\"waitforTimeout\",\"onReload\",\"beforeCommand\",\"afterCommand\",\"rootDir\",\"specs\",\"suites\",\"exclude\",\"groupLogsByTestSpec\",\"excludeDriverLogs\",\"bail\",\"framework\",\"reporters\",\"services\",\"maxInstances\",\"maxInstancesPerCapability\",\"injectGlobals\",\"filesToWatch\",\"execArgv\",\"runnerEnv\",\"runner\",\"shard\",\"specFileRetries\",\"specFileRetriesDelay\",\"specFileRetriesDeferred\",\"reporterSyncInterval\",\"reporterSyncTimeout\",\"cucumberFeaturesWithLineNumbers\",\"autoCompileOpts\",\"mochaOpts\",\"jasmineOpts\",\"cucumberOpts\",\"onPrepare\",\"onWorkerStart\",\"onWorkerEnd\",\"before\",\"beforeSession\",\"beforeSuite\",\"beforeHook\",\"beforeTest\",\"afterTest\",\"afterHook\",\"afterSuite\",\"afterSession\",\"after\",\"onComplete\",\"beforeAssertion\",\"afterAssertion\",\"beforeFeature\",\"beforeScenario\",\"beforeStep\",\"afterStep\",\"afterScenario\",\"afterFeature\",\"_\",\"suite\",\"$0\",\"ignoredWorkerServices\",\"wdi5\"]"}]}
RESULT: {"script":"<script> [2342 bytes]","args":[{"protocol":"http","hostname":"0.0.0.0","path":"/","capabilities":{"browserName":"chrome","goog:chromeOptions":{"binary":"C:\\Program Files\\Google\\Chrome\\Application\\chrome.exe","args":["--start-maximized"]}},"logLevel":"warn","connectionRetryTimeout":120000,"connectionRetryCount":3,"logLevels":{},"enableDirectConnect":true,"strictSSL":true,"_":"65 more keys: [\"cacheDir\",\"port\",\"requestedCapabilities\",\"automationProtocol\",\"baseUrl\",\"waitforInterval\",\"waitforTimeout\",\"onReload\",\"beforeCommand\",\"afterCommand\",\"rootDir\",\"specs\",\"suites\",\"exclude\",\"groupLogsByTestSpec\",\"excludeDriverLogs\",\"bail\",\"framework\",\"reporters\",\"services\",\"maxInstances\",\"maxInstancesPerCapability\",\"injectGlobals\",\"filesToWatch\",\"execArgv\",\"runnerEnv\",\"runner\",\"shard\",\"specFileRetries\",\"specFileRetriesDelay\",\"specFileRetriesDeferred\",\"reporterSyncInterval\",\"reporterSyncTimeout\",\"cucumberFeaturesWithLineNumbers\",\"autoCompileOpts\",\"mochaOpts\",\"jasmineOpts\",\"cucumberOpts\",\"onPrepare\",\"onWorkerStart\",\"onWorkerEnd\",\"before\",\"beforeSession\",\"beforeSuite\",\"beforeHook\",\"beforeTest\",\"afterTest\",\"afterHook\",\"afterSuite\",\"afterSession\",\"after\",\"onComplete\",\"beforeAssertion\",\"afterAssertion\",\"beforeFeature\",\"beforeScenario\",\"beforeStep\",\"afterStep\",\"afterScenario\",\"afterFeature\",\"_\",\"suite\",\"$0\",\"ignoredWorkerServices\",\"wdi5\"]"}]}
COMMAND: POST /session/7f6ec3857c10649f26842f36b7e75a4c/execute/async - {"script":"<script> [21126 bytes]","args":[35000]}
RESULT: {"script":"<script> [21126 bytes]","args":[35000]}
COMMAND: POST /session/7f6ec3857c10649f26842f36b7e75a4c/window/maximize - {}
RESULT: {}
COMMAND: POST /session/7f6ec3857c10649f26842f36b7e75a4c/execute/async - {"script":"<script> [1562 bytes]","args":[{"selector":{"id":"shell-header","interaction":{"idSuffix":"icon"}},"wdio_ui5_key":"shellheader"}]}
COMMAND: GET /session/7f6ec3857c10649f26842f36b7e75a4c/screenshot - {}
RESULT: {"script":"<script> [1562 bytes]","args":[{"selector":{"id":"shell-header","interaction":{"idSuffix":"icon"}},"wdio_ui5_key":"shellheader"}]}
RESULT: undefined
COMMAND: POST /session/7f6ec3857c10649f26842f36b7e75a4c/window/fullscreen - {}
RESULT: {}
RESULT: {}
]]></system-out>
    </testcase>
  </testsuite>
  <testsuite timestamp="2025-05-15T08:24:20" time="123.44" tests="6" failures="0" errors="0" skipped="0">
    <properties>
      <property name="specId" value="0" />
      <property name="suiteName" value="Provide to Site w/ warehouse management w/o clarification US113782 " />
      <property name="capabilities" value="chrome.136_0_7103_49.windows" />
      <property name="file" value="file:///D:/a/1/s/test/specs/HTR/provide-to-site-w-warehouse-wo-clarification.spec.js" />
    </properties>
    <testcase classname="chrome.136_0_7103_49.windows.Provide_to_Site_w/_warehouse_management_w/o_clarification_US113782_" name="Should create a new WHM yard" time="0.008">
      <system-out><![CDATA[
COMMAND: POST /session/7f6ec3857c10649f26842f36b7e75a4c/window/fullscreen - {}
RESULT: {}
]]></system-out>
    </testcase>
    <testcase classname="chrome.136_0_7103_49.windows.Provide_to_Site_w/_warehouse_management_w/o_clarification_US113782_" name="Should create a new external WHM partner" time="0.003" />
    <testcase classname="chrome.136_0_7103_49.windows.Provide_to_Site_w/_warehouse_management_w/o_clarification_US113782_" name="Should create a new WHM site" time="0.003" />
    <testcase classname="chrome.136_0_7103_49.windows.Provide_to_Site_w/_warehouse_management_w/o_clarification_US113782_" name="Should create a new material" time="111.459">
      <system-out><![CDATA[
COMMAND: POST /session/7f6ec3857c10649f26842f36b7e75a4c/execute/async - {"script":"<script> [1562 bytes]","args":[{"selector":{"controlType":"sap.m.GenericTile","properties":{"header":"Manage Resources"}},"wdio_ui5_key":"sapm.GenericTile{\"header\":\"Manage Resources\"}"}]}
RESULT: {"script":"<script> [1562 bytes]","args":[{"selector":{"controlType":"sap.m.GenericTile","properties":{"header":"Manage Resources"}},"wdio_ui5_key":"sapm.GenericTile{\"header\":\"Manage Resources\"}"}]}
RESULT: undefined
COMMAND: POST /session/7f6ec3857c10649f26842f36b7e75a4c/element - {"using":"xpath","value":"//*[@id=\"__tile31\"]"}
RESULT: {"using":"xpath","value":"//*[@id=\"__tile31\"]"}
COMMAND: POST /session/7f6ec3857c10649f26842f36b7e75a4c/element/f.4BE7CB3E9946CAC77AC1BA1FEFE24C33.d.231D643531EE65CED78F717C84BF2402.e.7837/click - {}
RESULT: {}
COMMAND: GET /session/7f6ec3857c10649f26842f36b7e75a4c/screenshot - {}
RESULT: {}
COMMAND: POST /session/7f6ec3857c10649f26842f36b7e75a4c/elements - {"using":"xpath","value":"//span[text()='Error']"}
RESULT: {"using":"xpath","value":"//span[text()='Error']"}
COMMAND: POST /session/7f6ec3857c10649f26842f36b7e75a4c/element - {"using":"xpath","value":"//button[@data-kt=\"addNewRUOverflowToolbarButton\"]"}
RESULT: {"using":"xpath","value":"//button[@data-kt=\"addNewRUOverflowToolbarButton\"]"}
COMMAND: POST /session/7f6ec3857c10649f26842f36b7e75a4c/elements - {"using":"xpath","value":"//button[@data-kt=\"addNewRUOverflowToolbarButton\"]"}
RESULT: {"using":"xpath","value":"//button[@data-kt=\"addNewRUOverflowToolbarButton\"]"}
COMMAND: POST /session/7f6ec3857c10649f26842f36b7e75a4c/execute/sync - {"script":"<script> [8489 bytes]","args":[{"element-6066-11e4-a52e-4f735466cecf":"f.4BE7CB3E9946CAC77AC1BA1FEFE24C33.d.231D643531EE65CED78F717C84BF2402.e.7979","ELEMENT":"f.4BE7CB3E9946CAC77AC1BA1FEFE24C33.d.231D643531EE65CED78F717C84BF2402.e.7979"}]}
RESULT: {"script":"<script> [8489 bytes]","args":[{"element-6066-11e4-a52e-4f735466cecf":"f.4BE7CB3E9946CAC77AC1BA1FEFE24C33.d.231D643531EE65CED78F717C84BF2402.e.7979","ELEMENT":"f.4BE7CB3E9946CAC77AC1BA1FEFE24C33.d.231D643531EE65CED78F717C84BF2402.e.7979"}]}
COMMAND: GET /session/7f6ec3857c10649f26842f36b7e75a4c/element/f.4BE7CB3E9946CAC77AC1BA1FEFE24C33.d.231D643531EE65CED78F717C84BF2402.e.7979/enabled - {}
COMMAND: GET /session/7f6ec3857c10649f26842f36b7e75a4c/screenshot - {}
RESULT: {}
COMMAND: POST /session/7f6ec3857c10649f26842f36b7e75a4c/execute/sync - {"script":"<script> [8489 bytes]","args":[{"element-6066-11e4-a52e-4f735466cecf":"f.4BE7CB3E9946CAC77AC1BA1FEFE24C33.d.231D643531EE65CED78F717C84BF2402.e.7979","ELEMENT":"f.4BE7CB3E9946CAC77AC1BA1FEFE24C33.d.231D643531EE65CED78F717C84BF2402.e.7979"}]}
COMMAND: GET /session/7f6ec3857c10649f26842f36b7e75a4c/screenshot - {}
RESULT: {}
RESULT: {"script":"<script> [8489 bytes]","args":[{"element-6066-11e4-a52e-4f735466cecf":"f.4BE7CB3E9946CAC77AC1BA1FEFE24C33.d.231D643531EE65CED78F717C84BF2402.e.7979","ELEMENT":"f.4BE7CB3E9946CAC77AC1BA1FEFE24C33.d.231D643531EE65CED78F717C84BF2402.e.7979"}]}
COMMAND: POST /session/7f6ec3857c10649f26842f36b7e75a4c/execute/sync - {"script":"<script> [5351 bytes]","args":[{"element-6066-11e4-a52e-4f735466cecf":"f.4BE7CB3E9946CAC77AC1BA1FEFE24C33.d.231D643531EE65CED78F717C84BF2402.e.7979","ELEMENT":"f.4BE7CB3E9946CAC77AC1BA1FEFE24C33.d.231D643531EE65CED78F717C84BF2402.e.7979"}]}
COMMAND: GET /session/7f6ec3857c10649f26842f36b7e75a4c/screenshot - {}
RESULT: {}
RESULT: {"script":"<script> [5351 bytes]","args":[{"element-6066-11e4-a52e-4f735466cecf":"f.4BE7CB3E9946CAC77AC1BA1FEFE24C33.d.231D643531EE65CED78F717C84BF2402.e.7979","ELEMENT":"f.4BE7CB3E9946CAC77AC1BA1FEFE24C33.d.231D643531EE65CED78F717C84BF2402.e.7979"}]}
COMMAND: POST /session/7f6ec3857c10649f26842f36b7e75a4c/element/f.4BE7CB3E9946CAC77AC1BA1FEFE24C33.d.231D643531EE65CED78F717C84BF2402.e.7979/click - {}
COMMAND: GET /session/7f6ec3857c10649f26842f36b7e75a4c/screenshot - {}
RESULT: {}
RESULT: {}
COMMAND: GET /session/7f6ec3857c10649f26842f36b7e75a4c/screenshot - {}
RESULT: {}
COMMAND: POST /session/7f6ec3857c10649f26842f36b7e75a4c/execute/async - {"script":"<script> [1562 bytes]","args":[{"selector":{"id":"application-manageresources-display-component---newResourceUnit--TYPE-arrow"},"wdio_ui5_key":"applicationmanageresources-display-component---newResourceUnit--TYPE-arrow"}]}
RESULT: {}
RESULT: {"script":"<script> [1562 bytes]","args":[{"selector":{"id":"application-manageresources-display-component---newResourceUnit--TYPE-arrow"},"wdio_ui5_key":"applicationmanageresources-display-component---newResourceUnit--TYPE-arrow"}]}
RESULT: undefined
COMMAND: POST /session/7f6ec3857c10649f26842f36b7e75a4c/element - {"using":"xpath","value":"//*[@id=\"application-manageresources-display-component---newResourceUnit--TYPE-arrow\"]"}
RESULT: {"using":"xpath","value":"//*[@id=\"application-manageresources-display-component---newResourceUnit--TYPE-arrow\"]"}
COMMAND: POST /session/7f6ec3857c10649f26842f36b7e75a4c/element/f.4BE7CB3E9946CAC77AC1BA1FEFE24C33.d.231D643531EE65CED78F717C84BF2402.e.8326/click - {}
RESULT: {}
COMMAND: POST /session/7f6ec3857c10649f26842f36b7e75a4c/element - {"using":"xpath","value":"//input[@id=\"application-manageresources-display-component---newResourceUnit--TYPE-inner\"]"}
COMMAND: GET /session/7f6ec3857c10649f26842f36b7e75a4c/screenshot - {}
RESULT: {"using":"xpath","value":"//input[@id=\"application-manageresources-display-component---newResourceUnit--TYPE-inner\"]"}
COMMAND: POST /session/7f6ec3857c10649f26842f36b7e75a4c/element/f.4BE7CB3E9946CAC77AC1BA1FEFE24C33.d.231D643531EE65CED78F717C84BF2402.e.8319/clear - {}
RESULT: {}
RESULT: {}
COMMAND: POST /session/7f6ec3857c10649f26842f36b7e75a4c/element/f.4BE7CB3E9946CAC77AC1BA1FEFE24C33.d.231D643531EE65CED78F717C84BF2402.e.8319/value - {"text":"Material"}
COMMAND: GET /session/7f6ec3857c10649f26842f36b7e75a4c/screenshot - {}
RESULT: {"text":"Material"}
COMMAND: GET /session/7f6ec3857c10649f26842f36b7e75a4c/screenshot - {}
RESULT: {}
RESULT: {}
COMMAND: POST /session/7f6ec3857c10649f26842f36b7e75a4c/actions - {"actions":[{"id":"action29","type":"key","parameters":{},"actions":[{"type":"keyDown","value":"î€‡"},{"type":"pause","duration":10},{"type":"keyUp","value":"î€‡"}]}]}
RESULT: {"actions":[{"id":"action29","type":"key","parameters":{},"actions":[{"type":"keyDown","value":"î€‡"},{"type":"pause","duration":10},{"type":"keyUp","value":"î€‡"}]}]}
COMMAND: POST /session/7f6ec3857c10649f26842f36b7e75a4c/execute/async - {"script":"<script> [1562 bytes]","args":[{"selector":{"id":"application-manageresources-display-component---newResourceUnit--SHORT_TEXT","interaction":{"idSuffix":"inner"}},"wdio_ui5_key":"applicationmanageresources-display-component---newResourceUnit--SHORT_TEXT"}]}
COMMAND: GET /session/7f6ec3857c10649f26842f36b7e75a4c/screenshot - {}
RESULT: {"script":"<script> [1562 bytes]","args":[{"selector":{"id":"application-manageresources-display-component---newResourceUnit--SHORT_TEXT","interaction":{"idSuffix":"inner"}},"wdio_ui5_key":"applicationmanageresources-display-component---newResourceUnit--SHORT_TEXT"}]}
RESULT: undefined
COMMAND: POST /session/7f6ec3857c10649f26842f36b7e75a4c/execute/async - {"script":"<script> [776 bytes]","args":[{"enterText":"Cement WDIO","selector":{"id":"application-manageresources-display-component---newResourceUnit--SHORT_TEXT","interaction":{"idSuffix":"inner"}},"clearTextFirst":true,"interactionType":"ENTER_TEXT"}]}
RESULT: {}
RESULT: {"script":"<script> [776 bytes]","args":[{"enterText":"Cement WDIO","selector":{"id":"application-manageresources-display-component---newResourceUnit--SHORT_TEXT","interaction":{"idSuffix":"inner"}},"clearTextFirst":true,"interactionType":"ENTER_TEXT"}]}
COMMAND: POST /session/7f6ec3857c10649f26842f36b7e75a4c/execute/async - {"script":"<script> [1562 bytes]","args":[{"selector":{"id":"application-manageresources-display-component---newResourceUnit--BASE_UNIT_OF_MEASURE","interaction":{"idSuffix":"inner"}},"wdio_ui5_key":"applicationmanageresources-display-component---newResourceUnit--BASE_UNIT_OF_MEASURE"}]}
RESULT: {"script":"<script> [1562 bytes]","args":[{"selector":{"id":"application-manageresources-display-component---newResourceUnit--BASE_UNIT_OF_MEASURE","interaction":{"idSuffix":"inner"}},"wdio_ui5_key":"applicationmanageresources-display-component---newResourceUnit--BASE_UNIT_OF_MEASURE"}]}
RESULT: undefined
COMMAND: POST /session/7f6ec3857c10649f26842f36b7e75a4c/execute/async - {"script":"<script> [776 bytes]","args":[{"enterText":"Piece","selector":{"id":"application-manageresources-display-component---newResourceUnit--BASE_UNIT_OF_MEASURE","interaction":{"idSuffix":"inner"}},"clearTextFirst":true,"interactionType":"ENTER_TEXT"}]}
RESULT: {"script":"<script> [776 bytes]","args":[{"enterText":"Piece","selector":{"id":"application-manageresources-display-component---newResourceUnit--BASE_UNIT_OF_MEASURE","interaction":{"idSuffix":"inner"}},"clearTextFirst":true,"interactionType":"ENTER_TEXT"}]}
COMMAND: POST /session/7f6ec3857c10649f26842f36b7e75a4c/execute/async - {"script":"<script> [1562 bytes]","args":[{"selector":{"id":"application-manageresources-display-component---newResourceUnit--WEIGHT_UNIT","interaction":{"idSuffix":"inner"}},"wdio_ui5_key":"applicationmanageresources-display-component---newResourceUnit--WEIGHT_UNIT"}]}
RESULT: {"script":"<script> [1562 bytes]","args":[{"selector":{"id":"application-manageresources-display-component---newResourceUnit--WEIGHT_UNIT","interaction":{"idSuffix":"inner"}},"wdio_ui5_key":"applicationmanageresources-display-component---newResourceUnit--WEIGHT_UNIT"}]}
RESULT: undefined
COMMAND: POST /session/7f6ec3857c10649f26842f36b7e75a4c/execute/async - {"script":"<script> [776 bytes]","args":[{"enterText":"Gram","selector":{"id":"application-manageresources-display-component---newResourceUnit--WEIGHT_UNIT","interaction":{"idSuffix":"inner"}},"clearTextFirst":true,"interactionType":"ENTER_TEXT"}]}
RESULT: {"script":"<script> [776 bytes]","args":[{"enterText":"Gram","selector":{"id":"application-manageresources-display-component---newResourceUnit--WEIGHT_UNIT","interaction":{"idSuffix":"inner"}},"clearTextFirst":true,"interactionType":"ENTER_TEXT"}]}
COMMAND: POST /session/7f6ec3857c10649f26842f36b7e75a4c/execute/async - {"script":"<script> [1562 bytes]","args":[{"selector":{"id":"application-manageresources-display-component---newResourceUnit--DIMENSION_UNIT","interaction":{"idSuffix":"inner"}},"wdio_ui5_key":"applicationmanageresources-display-component---newResourceUnit--DIMENSION_UNIT"}]}
RESULT: {"script":"<script> [1562 bytes]","args":[{"selector":{"id":"application-manageresources-display-component---newResourceUnit--DIMENSION_UNIT","interaction":{"idSuffix":"inner"}},"wdio_ui5_key":"applicationmanageresources-display-component---newResourceUnit--DIMENSION_UNIT"}]}
RESULT: undefined
COMMAND: POST /session/7f6ec3857c10649f26842f36b7e75a4c/execute/async - {"script":"<script> [776 bytes]","args":[{"enterText":"Meter","selector":{"id":"application-manageresources-display-component---newResourceUnit--DIMENSION_UNIT","interaction":{"idSuffix":"inner"}},"clearTextFirst":true,"interactionType":"ENTER_TEXT"}]}
RESULT: {"script":"<script> [776 bytes]","args":[{"enterText":"Meter","selector":{"id":"application-manageresources-display-component---newResourceUnit--DIMENSION_UNIT","interaction":{"idSuffix":"inner"}},"clearTextFirst":true,"interactionType":"ENTER_TEXT"}]}
COMMAND: POST /session/7f6ec3857c10649f26842f36b7e75a4c/execute/async - {"script":"<script> [1562 bytes]","args":[{"selector":{"id":"application-manageresources-display-component---newResourceUnit--newRRUPage-anchBar-application-manageresources-display-component---newResourceUnit--control-anchor","interaction":{"idSuffix":"BDI-content"}},"wdio_ui5_key":"applicationmanageresources-display-component---newResourceUnit--newRRUPage-anchBar-application-manageresources-display-component---newResourceUnit--control-anchor"}]}
RESULT: {"script":"<script> [1562 bytes]","args":[{"selector":{"id":"application-manageresources-display-component---newResourceUnit--newRRUPage-anchBar-application-manageresources-display-component---newResourceUnit--control-anchor","interaction":{"idSuffix":"BDI-content"}},"wdio_ui5_key":"applicationmanageresources-display-component---newResourceUnit--newRRUPage-anchBar-application-manageresources-display-component---newResourceUnit--control-anchor"}]}
RESULT: undefined
COMMAND: POST /session/7f6ec3857c10649f26842f36b7e75a4c/element - {"using":"xpath","value":"//*[@id=\"application-manageresources-display-component---newResourceUnit--newRRUPage-anchBar-application-manageresources-display-component---newResourceUnit--control-anchor\"]"}
RESULT: {"using":"xpath","value":"//*[@id=\"application-manageresources-display-component---newResourceUnit--newRRUPage-anchBar-application-manageresources-display-component---newResourceUnit--control-anchor\"]"}
COMMAND: POST /session/7f6ec3857c10649f26842f36b7e75a4c/element/f.4BE7CB3E9946CAC77AC1BA1FEFE24C33.d.231D643531EE65CED78F717C84BF2402.e.8391/click - {}
RESULT: {}
COMMAND: POST /session/7f6ec3857c10649f26842f36b7e75a4c/execute/async - {"script":"<script> [1562 bytes]","args":[{"selector":{"id":"application-manageresources-display-component---newResourceUnit--PLANNING_GROUP","interaction":{"idSuffix":"inner"}},"wdio_ui5_key":"applicationmanageresources-display-component---newResourceUnit--PLANNING_GROUP"}]}
COMMAND: GET /session/7f6ec3857c10649f26842f36b7e75a4c/screenshot - {}
RESULT: {"script":"<script> [1562 bytes]","args":[{"selector":{"id":"application-manageresources-display-component---newResourceUnit--PLANNING_GROUP","interaction":{"idSuffix":"inner"}},"wdio_ui5_key":"applicationmanageresources-display-component---newResourceUnit--PLANNING_GROUP"}]}
RESULT: undefined
COMMAND: POST /session/7f6ec3857c10649f26842f36b7e75a4c/execute/async - {"script":"<script> [776 bytes]","args":[{"enterText":"Material","selector":{"id":"application-manageresources-display-component---newResourceUnit--PLANNING_GROUP","interaction":{"idSuffix":"inner"}},"clearTextFirst":true,"interactionType":"ENTER_TEXT"}]}
RESULT: {}
RESULT: {"script":"<script> [776 bytes]","args":[{"enterText":"Material","selector":{"id":"application-manageresources-display-component---newResourceUnit--PLANNING_GROUP","interaction":{"idSuffix":"inner"}},"clearTextFirst":true,"interactionType":"ENTER_TEXT"}]}
COMMAND: POST /session/7f6ec3857c10649f26842f36b7e75a4c/execute/async - {"script":"<script> [1562 bytes]","args":[{"selector":{"id":"application-manageresources-display-component---newResourceUnit--PLANNING_INDICATOR","interaction":{"idSuffix":"inner"}},"wdio_ui5_key":"applicationmanageresources-display-component---newResourceUnit--PLANNING_INDICATOR"}]}
RESULT: {"script":"<script> [1562 bytes]","args":[{"selector":{"id":"application-manageresources-display-component---newResourceUnit--PLANNING_INDICATOR","interaction":{"idSuffix":"inner"}},"wdio_ui5_key":"applicationmanageresources-display-component---newResourceUnit--PLANNING_INDICATOR"}]}
RESULT: undefined
COMMAND: POST /session/7f6ec3857c10649f26842f36b7e75a4c/execute/async - {"script":"<script> [776 bytes]","args":[{"enterText":"10 - infinite","selector":{"id":"application-manageresources-display-component---newResourceUnit--PLANNING_INDICATOR","interaction":{"idSuffix":"inner"}},"clearTextFirst":true,"interactionType":"ENTER_TEXT"}]}
RESULT: {"script":"<script> [776 bytes]","args":[{"enterText":"10 - infinite","selector":{"id":"application-manageresources-display-component---newResourceUnit--PLANNING_INDICATOR","interaction":{"idSuffix":"inner"}},"clearTextFirst":true,"interactionType":"ENTER_TEXT"}]}
COMMAND: POST /session/7f6ec3857c10649f26842f36b7e75a4c/element - {"using":"css selector","value":"#application-manageresources-display-component---newResourceUnit--btnAddTimeSegment"}
RESULT: {"using":"css selector","value":"#application-manageresources-display-component---newResourceUnit--btnAddTimeSegment"}
COMMAND: GET /session/7f6ec3857c10649f26842f36b7e75a4c/element/f.4BE7CB3E9946CAC77AC1BA1FEFE24C33.d.231D643531EE65CED78F717C84BF2402.e.8399/rect - {}
RESULT: {}
COMMAND: GET /session/7f6ec3857c10649f26842f36b7e75a4c/window/rect - {}
RESULT: {}
COMMAND: POST /session/7f6ec3857c10649f26842f36b7e75a4c/execute/sync - {"script":"<script> [92 bytes]","args":[]}
RESULT: {"script":"<script> [92 bytes]","args":[]}
COMMAND: POST /session/7f6ec3857c10649f26842f36b7e75a4c/actions - {"actions":[{"id":"action30","type":"wheel","parameters":{},"actions":[{"type":"scroll","x":-1888,"y":-32,"deltaX":0,"deltaY":0,"duration":0,"origin":{"element-6066-11e4-a52e-4f735466cecf":"f.4BE7CB3E9946CAC77AC1BA1FEFE24C33.d.231D643531EE65CED78F717C84BF2402.e.8399"}}]}]}
COMMAND: GET /session/7f6ec3857c10649f26842f36b7e75a4c/screenshot - {}
RESULT: {}
COMMAND: POST /session/7f6ec3857c10649f26842f36b7e75a4c/execute/sync - {"script":"<script> [79 bytes]","args":[{"element-6066-11e4-a52e-4f735466cecf":"f.4BE7CB3E9946CAC77AC1BA1FEFE24C33.d.231D643531EE65CED78F717C84BF2402.e.8399","ELEMENT":"f.4BE7CB3E9946CAC77AC1BA1FEFE24C33.d.231D643531EE65CED78F717C84BF2402.e.8399"},{"block":"start","inline":"nearest"}]}
RESULT: {"script":"<script> [79 bytes]","args":[{"element-6066-11e4-a52e-4f735466cecf":"f.4BE7CB3E9946CAC77AC1BA1FEFE24C33.d.231D643531EE65CED78F717C84BF2402.e.8399","ELEMENT":"f.4BE7CB3E9946CAC77AC1BA1FEFE24C33.d.231D643531EE65CED78F717C84BF2402.e.8399"},{"block":"start","inline":"nearest"}]}
COMMAND: POST /session/7f6ec3857c10649f26842f36b7e75a4c/execute/async - {"script":"<script> [1562 bytes]","args":[{"selector":{"id":"application-manageresources-display-component---newResourceUnit--btnAddTimeSegment","interaction":{"idSuffix":"inner"}},"wdio_ui5_key":"applicationmanageresources-display-component---newResourceUnit--btnAddTimeSegment"}]}
COMMAND: GET /session/7f6ec3857c10649f26842f36b7e75a4c/screenshot - {}
RESULT: {"script":"<script> [1562 bytes]","args":[{"selector":{"id":"application-manageresources-display-component---newResourceUnit--btnAddTimeSegment","interaction":{"idSuffix":"inner"}},"wdio_ui5_key":"applicationmanageresources-display-component---newResourceUnit--btnAddTimeSegment"}]}
RESULT: undefined
COMMAND: POST /session/7f6ec3857c10649f26842f36b7e75a4c/element - {"using":"xpath","value":"//*[@id=\"application-manageresources-display-component---newResourceUnit--btnAddTimeSegment\"]"}
RESULT: {}
RESULT: {"using":"xpath","value":"//*[@id=\"application-manageresources-display-component---newResourceUnit--btnAddTimeSegment\"]"}
COMMAND: POST /session/7f6ec3857c10649f26842f36b7e75a4c/element/f.4BE7CB3E9946CAC77AC1BA1FEFE24C33.d.231D643531EE65CED78F717C84BF2402.e.8399/click - {}
RESULT: {}
COMMAND: GET /session/7f6ec3857c10649f26842f36b7e75a4c/screenshot - {}
RESULT: {}
COMMAND: POST /session/7f6ec3857c10649f26842f36b7e75a4c/element - {"using":"xpath","value":"//input[@id=\"application-manageresources-display-component---newResourceUnit--idRuTSAdmin-application-manageresources-display-component---newResourceUnit--RUTimeSegment-0-inner\"]"}
RESULT: {"using":"xpath","value":"//input[@id=\"application-manageresources-display-component---newResourceUnit--idRuTSAdmin-application-manageresources-display-component---newResourceUnit--RUTimeSegment-0-inner\"]"}
COMMAND: POST /session/7f6ec3857c10649f26842f36b7e75a4c/element/f.4BE7CB3E9946CAC77AC1BA1FEFE24C33.d.231D643531EE65CED78F717C84BF2402.e.8404/clear - {}
RESULT: {}
COMMAND: POST /session/7f6ec3857c10649f26842f36b7e75a4c/element/f.4BE7CB3E9946CAC77AC1BA1FEFE24C33.d.231D643531EE65CED78F717C84BF2402.e.8404/value - {"text":"384"}
COMMAND: GET /session/7f6ec3857c10649f26842f36b7e75a4c/screenshot - {}
RESULT: {"text":"384"}
COMMAND: GET /session/7f6ec3857c10649f26842f36b7e75a4c/screenshot - {}
RESULT: {}
RESULT: {}
COMMAND: POST /session/7f6ec3857c10649f26842f36b7e75a4c/element - {"using":"xpath","value":"//li[.//span[text()='384']]"}
RESULT: {"using":"xpath","value":"//li[.//span[text()='384']]"}
COMMAND: POST /session/7f6ec3857c10649f26842f36b7e75a4c/element/f.4BE7CB3E9946CAC77AC1BA1FEFE24C33.d.231D643531EE65CED78F717C84BF2402.e.8413/click - {}
RESULT: {}
COMMAND: GET /session/7f6ec3857c10649f26842f36b7e75a4c/screenshot - {}
RESULT: {}
COMMAND: POST /session/7f6ec3857c10649f26842f36b7e75a4c/element - {"using":"xpath","value":"(//span[contains(@id, \"-application-manageresources-display-component---newResourceUnit--RUTimeSegment-0-arrow\")])[2]"}
RESULT: {"using":"xpath","value":"(//span[contains(@id, \"-application-manageresources-display-component---newResourceUnit--RUTimeSegment-0-arrow\")])[2]"}
COMMAND: POST /session/7f6ec3857c10649f26842f36b7e75a4c/element/f.4BE7CB3E9946CAC77AC1BA1FEFE24C33.d.231D643531EE65CED78F717C84BF2402.e.8414/click - {}
RESULT: {}
COMMAND: POST /session/7f6ec3857c10649f26842f36b7e75a4c/element - {"using":"xpath","value":"//span[contains(text(), \"PM Order\")]"}
COMMAND: GET /session/7f6ec3857c10649f26842f36b7e75a4c/screenshot - {}
RESULT: {"using":"xpath","value":"//span[contains(text(), \"PM Order\")]"}
COMMAND: POST /session/7f6ec3857c10649f26842f36b7e75a4c/element/f.4BE7CB3E9946CAC77AC1BA1FEFE24C33.d.231D643531EE65CED78F717C84BF2402.e.8415/click - {}
RESULT: {}
RESULT: {}
COMMAND: GET /session/7f6ec3857c10649f26842f36b7e75a4c/screenshot - {}
RESULT: {}
COMMAND: POST /session/7f6ec3857c10649f26842f36b7e75a4c/element - {"using":"xpath","value":"//td/div/div/div/span[contains(@id, \"newResourceUnit--RUTimeSegment-0-vhi\")][1]"}
RESULT: {"using":"xpath","value":"//td/div/div/div/span[contains(@id, \"newResourceUnit--RUTimeSegment-0-vhi\")][1]"}
COMMAND: GET /session/7f6ec3857c10649f26842f36b7e75a4c/element/f.4BE7CB3E9946CAC77AC1BA1FEFE24C33.d.231D643531EE65CED78F717C84BF2402.e.8419/rect - {}
RESULT: {}
COMMAND: GET /session/7f6ec3857c10649f26842f36b7e75a4c/window/rect - {}
RESULT: {}
COMMAND: POST /session/7f6ec3857c10649f26842f36b7e75a4c/execute/sync - {"script":"<script> [92 bytes]","args":[]}
RESULT: {"script":"<script> [92 bytes]","args":[]}
COMMAND: POST /session/7f6ec3857c10649f26842f36b7e75a4c/actions - {"actions":[{"id":"action31","type":"wheel","parameters":{},"actions":[{"type":"scroll","x":-1888,"y":-24,"deltaX":0,"deltaY":0,"duration":0,"origin":{"element-6066-11e4-a52e-4f735466cecf":"f.4BE7CB3E9946CAC77AC1BA1FEFE24C33.d.231D643531EE65CED78F717C84BF2402.e.8419"}}]}]}
COMMAND: GET /session/7f6ec3857c10649f26842f36b7e75a4c/screenshot - {}
RESULT: {}
COMMAND: POST /session/7f6ec3857c10649f26842f36b7e75a4c/execute/sync - {"script":"<script> [79 bytes]","args":[{"element-6066-11e4-a52e-4f735466cecf":"f.4BE7CB3E9946CAC77AC1BA1FEFE24C33.d.231D643531EE65CED78F717C84BF2402.e.8419","ELEMENT":"f.4BE7CB3E9946CAC77AC1BA1FEFE24C33.d.231D643531EE65CED78F717C84BF2402.e.8419"},{"block":"start","inline":"nearest"}]}
RESULT: {"script":"<script> [79 bytes]","args":[{"element-6066-11e4-a52e-4f735466cecf":"f.4BE7CB3E9946CAC77AC1BA1FEFE24C33.d.231D643531EE65CED78F717C84BF2402.e.8419","ELEMENT":"f.4BE7CB3E9946CAC77AC1BA1FEFE24C33.d.231D643531EE65CED78F717C84BF2402.e.8419"},{"block":"start","inline":"nearest"}]}
COMMAND: GET /session/7f6ec3857c10649f26842f36b7e75a4c/screenshot - {}
RESULT: {}
COMMAND: POST /session/7f6ec3857c10649f26842f36b7e75a4c/element/f.4BE7CB3E9946CAC77AC1BA1FEFE24C33.d.231D643531EE65CED78F717C84BF2402.e.8419/click - {}
RESULT: {}
COMMAND: GET /session/7f6ec3857c10649f26842f36b7e75a4c/screenshot - {}
RESULT: {}
COMMAND: POST /session/7f6ec3857c10649f26842f36b7e75a4c/execute/async - {"script":"<script> [1562 bytes]","args":[{"selector":{"controlType":"sap.m.SearchField","properties":{"placeholder":"Search"},"searchOpenDialogs":true,"interaction":{"idSuffix":"I"}},"wdio_ui5_key":"sapm.SearchField{\"placeholder\":\"Search\"}"}]}
RESULT: {"script":"<script> [1562 bytes]","args":[{"selector":{"controlType":"sap.m.SearchField","properties":{"placeholder":"Search"},"searchOpenDialogs":true,"interaction":{"idSuffix":"I"}},"wdio_ui5_key":"sapm.SearchField{\"placeholder\":\"Search\"}"}]}
RESULT: undefined
COMMAND: POST /session/7f6ec3857c10649f26842f36b7e75a4c/execute/async - {"script":"<script> [776 bytes]","args":[{"enterText":"4000360","selector":{"controlType":"sap.m.SearchField","properties":{"placeholder":"Search"},"searchOpenDialogs":true,"interaction":{"idSuffix":"I"}},"clearTextFirst":true,"interactionType":"ENTER_TEXT"}]}
RESULT: {"script":"<script> [776 bytes]","args":[{"enterText":"4000360","selector":{"controlType":"sap.m.SearchField","properties":{"placeholder":"Search"},"searchOpenDialogs":true,"interaction":{"idSuffix":"I"}},"clearTextFirst":true,"interactionType":"ENTER_TEXT"}]}
COMMAND: POST /session/7f6ec3857c10649f26842f36b7e75a4c/actions - {"actions":[{"id":"action32","type":"key","parameters":{},"actions":[{"type":"keyDown","value":"î€‡"},{"type":"pause","duration":10},{"type":"keyUp","value":"î€‡"}]}]}
RESULT: {"actions":[{"id":"action32","type":"key","parameters":{},"actions":[{"type":"keyDown","value":"î€‡"},{"type":"pause","duration":10},{"type":"keyUp","value":"î€‡"}]}]}
COMMAND: GET /session/7f6ec3857c10649f26842f36b7e75a4c/screenshot - {}
RESULT: {}
COMMAND: POST /session/7f6ec3857c10649f26842f36b7e75a4c/element - {"using":"xpath","value":"//td/div/span[contains(text(), \"BGL Vehicles\")]"}
RESULT: {"using":"xpath","value":"//td/div/span[contains(text(), \"BGL Vehicles\")]"}
COMMAND: POST /session/7f6ec3857c10649f26842f36b7e75a4c/element/f.4BE7CB3E9946CAC77AC1BA1FEFE24C33.d.231D643531EE65CED78F717C84BF2402.e.8440/click - {}
RESULT: {}
COMMAND: GET /session/7f6ec3857c10649f26842f36b7e75a4c/screenshot - {}
RESULT: {}
COMMAND: POST /session/7f6ec3857c10649f26842f36b7e75a4c/element - {"using":"xpath","value":"//bdi[contains(text(), \"OK\")]"}
RESULT: {"using":"xpath","value":"//bdi[contains(text(), \"OK\")]"}
COMMAND: POST /session/7f6ec3857c10649f26842f36b7e75a4c/element/f.4BE7CB3E9946CAC77AC1BA1FEFE24C33.d.231D643531EE65CED78F717C84BF2402.e.8441/click - {}
RESULT: {}
COMMAND: GET /session/7f6ec3857c10649f26842f36b7e75a4c/screenshot - {}
RESULT: {}
COMMAND: POST /session/7f6ec3857c10649f26842f36b7e75a4c/element - {"using":"xpath","value":"//label[contains(@class, 'sapMLabelRequired') and .//bdi[contains(text(), 'Planned Retirement')]]"}
RESULT: {"using":"xpath","value":"//label[contains(@class, 'sapMLabelRequired') and .//bdi[contains(text(), 'Planned Retirement')]]"}
COMMAND: POST /session/7f6ec3857c10649f26842f36b7e75a4c/elements - {"using":"xpath","value":"//label[contains(@class, 'sapMLabelRequired') and .//bdi[contains(text(), 'Planned Retirement')]]"}
RESULT: {"using":"xpath","value":"//label[contains(@class, 'sapMLabelRequired') and .//bdi[contains(text(), 'Planned Retirement')]]"}
COMMAND: POST /session/7f6ec3857c10649f26842f36b7e75a4c/element - {"using":"xpath","value":"//button[@data-kt=\"resourceUnitSaveButton\"]"}
RESULT: {"using":"xpath","value":"//button[@data-kt=\"resourceUnitSaveButton\"]"}
COMMAND: POST /session/7f6ec3857c10649f26842f36b7e75a4c/element/f.4BE7CB3E9946CAC77AC1BA1FEFE24C33.d.231D643531EE65CED78F717C84BF2402.e.8344/click - {}
RESULT: {}
COMMAND: GET /session/7f6ec3857c10649f26842f36b7e75a4c/screenshot - {}
RESULT: {}
COMMAND: POST /session/7f6ec3857c10649f26842f36b7e75a4c/element - {"using":"xpath","value":"//bdi[contains(text(), \"Close\")]"}
RESULT: {"using":"xpath","value":"//bdi[contains(text(), \"Close\")]"}
COMMAND: POST /session/7f6ec3857c10649f26842f36b7e75a4c/element/f.4BE7CB3E9946CAC77AC1BA1FEFE24C33.d.231D643531EE65CED78F717C84BF2402.e.8447/click - {}
RESULT: {}
COMMAND: GET /session/7f6ec3857c10649f26842f36b7e75a4c/screenshot - {}
RESULT: {}
COMMAND: POST /session/7f6ec3857c10649f26842f36b7e75a4c/element - {"using":"xpath","value":"//header[contains(@id, 'detailRruPage-headerTitle')]/div[1]/div[2]/div[2]/span[1]"}
RESULT: {"using":"xpath","value":"//header[contains(@id, 'detailRruPage-headerTitle')]/div[1]/div[2]/div[2]/span[1]"}
COMMAND: POST /session/7f6ec3857c10649f26842f36b7e75a4c/elements - {"using":"xpath","value":"//header[contains(@id, 'detailRruPage-headerTitle')]/div[1]/div[2]/div[2]/span[1]"}
RESULT: {"using":"xpath","value":"//header[contains(@id, 'detailRruPage-headerTitle')]/div[1]/div[2]/div[2]/span[1]"}
COMMAND: POST /session/7f6ec3857c10649f26842f36b7e75a4c/execute/sync - {"script":"<script> [56 bytes]","args":[{"element-6066-11e4-a52e-4f735466cecf":"f.4BE7CB3E9946CAC77AC1BA1FEFE24C33.d.231D643531EE65CED78F717C84BF2402.e.8473","ELEMENT":"f.4BE7CB3E9946CAC77AC1BA1FEFE24C33.d.231D643531EE65CED78F717C84BF2402.e.8473"}]}
RESULT: {"script":"<script> [56 bytes]","args":[{"element-6066-11e4-a52e-4f735466cecf":"f.4BE7CB3E9946CAC77AC1BA1FEFE24C33.d.231D643531EE65CED78F717C84BF2402.e.8473","ELEMENT":"f.4BE7CB3E9946CAC77AC1BA1FEFE24C33.d.231D643531EE65CED78F717C84BF2402.e.8473"}]}
COMMAND: POST /session/7f6ec3857c10649f26842f36b7e75a4c/element - {"using":"css selector","value":"#shell-header-logo"}
COMMAND: GET /session/7f6ec3857c10649f26842f36b7e75a4c/screenshot - {}
RESULT: {"using":"css selector","value":"#shell-header-logo"}
COMMAND: POST /session/7f6ec3857c10649f26842f36b7e75a4c/element/f.4BE7CB3E9946CAC77AC1BA1FEFE24C33.d.231D643531EE65CED78F717C84BF2402.e.7819/click - {}
RESULT: {}
RESULT: {}
COMMAND: GET /session/7f6ec3857c10649f26842f36b7e75a4c/screenshot - {}
RESULT: {}
]]></system-out>
    </testcase>
    <testcase classname="chrome.136_0_7103_49.windows.Provide_to_Site_w/_warehouse_management_w/o_clarification_US113782_" name="Bin Status Report Should Create New Organization yard" time="0.004" />
    <testcase classname="chrome.136_0_7103_49.windows.Provide_to_Site_w/_warehouse_management_w/o_clarification_US113782_" name="Bin Status Report Should Create New Organization for Site" time="0.003" />
  </testsuite>
  <testsuite timestamp="2025-05-15T08:26:24" time="391.48" tests="5" failures="0" errors="0" skipped="0">
    <properties>
      <property name="specId" value="0" />
      <property name="suiteName" value="Provide to Site w/ warehouse management wo clarification" />
      <property name="capabilities" value="chrome.136_0_7103_49.windows" />
      <property name="file" value="file:///D:/a/1/s/test/specs/HTR/provide-to-site-w-warehouse-wo-clarification.spec.js" />
    </properties>
    <testcase classname="chrome.136_0_7103_49.windows.Provide_to_Site_w/_warehouse_management_wo_clarification" name="Should do a stock increase handover" time="90.697">
      <system-out><![CDATA[
COMMAND: POST /session/7f6ec3857c10649f26842f36b7e75a4c/execute/async - {"script":"<script> [1562 bytes]","args":[{"selector":{"controlType":"sap.m.GenericTile","properties":{"header":"Manage Handovers"}},"wdio_ui5_key":"sapm.GenericTile{\"header\":\"Manage Handovers\"}"}]}
RESULT: {"script":"<script> [1562 bytes]","args":[{"selector":{"controlType":"sap.m.GenericTile","properties":{"header":"Manage Handovers"}},"wdio_ui5_key":"sapm.GenericTile{\"header\":\"Manage Handovers\"}"}]}
RESULT: undefined
COMMAND: POST /session/7f6ec3857c10649f26842f36b7e75a4c/element - {"using":"xpath","value":"//*[@id=\"__tile131\"]"}
RESULT: {"using":"xpath","value":"//*[@id=\"__tile131\"]"}
COMMAND: POST /session/7f6ec3857c10649f26842f36b7e75a4c/element/f.4BE7CB3E9946CAC77AC1BA1FEFE24C33.d.231D643531EE65CED78F717C84BF2402.e.7864/click - {}
RESULT: {}
COMMAND: GET /session/7f6ec3857c10649f26842f36b7e75a4c/screenshot - {}
RESULT: {}
COMMAND: POST /session/7f6ec3857c10649f26842f36b7e75a4c/elements - {"using":"xpath","value":"//span[text()='Error']"}
RESULT: {"using":"xpath","value":"//span[text()='Error']"}
COMMAND: POST /session/7f6ec3857c10649f26842f36b7e75a4c/element - {"using":"xpath","value":"//button[@data-kt=\"masterHOAddButton\"]"}
RESULT: {"using":"xpath","value":"//button[@data-kt=\"masterHOAddButton\"]"}
COMMAND: POST /session/7f6ec3857c10649f26842f36b7e75a4c/elements - {"using":"xpath","value":"//button[@data-kt=\"masterHOAddButton\"]"}
RESULT: {"using":"xpath","value":"//button[@data-kt=\"masterHOAddButton\"]"}
COMMAND: POST /session/7f6ec3857c10649f26842f36b7e75a4c/elements - {"using":"xpath","value":"//button[@data-kt=\"masterHOAddButton\"]"}
RESULT: {"using":"xpath","value":"//button[@data-kt=\"masterHOAddButton\"]"}
COMMAND: POST /session/7f6ec3857c10649f26842f36b7e75a4c/element - {"using":"xpath","value":"//button[@data-kt=\"masterHOAddButton\"]"}
RESULT: {"using":"xpath","value":"//button[@data-kt=\"masterHOAddButton\"]"}
COMMAND: POST /session/7f6ec3857c10649f26842f36b7e75a4c/execute/sync - {"script":"<script> [8489 bytes]","args":[{"element-6066-11e4-a52e-4f735466cecf":"f.4BE7CB3E9946CAC77AC1BA1FEFE24C33.d.231D643531EE65CED78F717C84BF2402.e.8514","ELEMENT":"f.4BE7CB3E9946CAC77AC1BA1FEFE24C33.d.231D643531EE65CED78F717C84BF2402.e.8514"}]}
RESULT: {"script":"<script> [8489 bytes]","args":[{"element-6066-11e4-a52e-4f735466cecf":"f.4BE7CB3E9946CAC77AC1BA1FEFE24C33.d.231D643531EE65CED78F717C84BF2402.e.8514","ELEMENT":"f.4BE7CB3E9946CAC77AC1BA1FEFE24C33.d.231D643531EE65CED78F717C84BF2402.e.8514"}]}
COMMAND: GET /session/7f6ec3857c10649f26842f36b7e75a4c/element/f.4BE7CB3E9946CAC77AC1BA1FEFE24C33.d.231D643531EE65CED78F717C84BF2402.e.8514/enabled - {}
COMMAND: GET /session/7f6ec3857c10649f26842f36b7e75a4c/screenshot - {}
RESULT: {}
COMMAND: POST /session/7f6ec3857c10649f26842f36b7e75a4c/execute/sync - {"script":"<script> [8489 bytes]","args":[{"element-6066-11e4-a52e-4f735466cecf":"f.4BE7CB3E9946CAC77AC1BA1FEFE24C33.d.231D643531EE65CED78F717C84BF2402.e.8514","ELEMENT":"f.4BE7CB3E9946CAC77AC1BA1FEFE24C33.d.231D643531EE65CED78F717C84BF2402.e.8514"}]}
COMMAND: GET /session/7f6ec3857c10649f26842f36b7e75a4c/screenshot - {}
RESULT: {}
RESULT: {"script":"<script> [8489 bytes]","args":[{"element-6066-11e4-a52e-4f735466cecf":"f.4BE7CB3E9946CAC77AC1BA1FEFE24C33.d.231D643531EE65CED78F717C84BF2402.e.8514","ELEMENT":"f.4BE7CB3E9946CAC77AC1BA1FEFE24C33.d.231D643531EE65CED78F717C84BF2402.e.8514"}]}
COMMAND: POST /session/7f6ec3857c10649f26842f36b7e75a4c/execute/sync - {"script":"<script> [5351 bytes]","args":[{"element-6066-11e4-a52e-4f735466cecf":"f.4BE7CB3E9946CAC77AC1BA1FEFE24C33.d.231D643531EE65CED78F717C84BF2402.e.8514","ELEMENT":"f.4BE7CB3E9946CAC77AC1BA1FEFE24C33.d.231D643531EE65CED78F717C84BF2402.e.8514"}]}
COMMAND: GET /session/7f6ec3857c10649f26842f36b7e75a4c/screenshot - {}
RESULT: {}
RESULT: {"script":"<script> [5351 bytes]","args":[{"element-6066-11e4-a52e-4f735466cecf":"f.4BE7CB3E9946CAC77AC1BA1FEFE24C33.d.231D643531EE65CED78F717C84BF2402.e.8514","ELEMENT":"f.4BE7CB3E9946CAC77AC1BA1FEFE24C33.d.231D643531EE65CED78F717C84BF2402.e.8514"}]}
COMMAND: POST /session/7f6ec3857c10649f26842f36b7e75a4c/element/f.4BE7CB3E9946CAC77AC1BA1FEFE24C33.d.231D643531EE65CED78F717C84BF2402.e.8514/click - {}
COMMAND: GET /session/7f6ec3857c10649f26842f36b7e75a4c/screenshot - {}
RESULT: {}
RESULT: {}
COMMAND: GET /session/7f6ec3857c10649f26842f36b7e75a4c/screenshot - {}
RESULT: {}
RESULT: {}
COMMAND: POST /session/7f6ec3857c10649f26842f36b7e75a4c/element - {"using":"xpath","value":"//span[contains(@id ,\"AddNewHO--typeSelect-arrow\")]"}
RESULT: {"using":"xpath","value":"//span[contains(@id ,\"AddNewHO--typeSelect-arrow\")]"}
COMMAND: POST /session/7f6ec3857c10649f26842f36b7e75a4c/element/f.4BE7CB3E9946CAC77AC1BA1FEFE24C33.d.231D643531EE65CED78F717C84BF2402.e.8877/click - {}
RESULT: {}
COMMAND: GET /session/7f6ec3857c10649f26842f36b7e75a4c/screenshot - {}
RESULT: {}
COMMAND: POST /session/7f6ec3857c10649f26842f36b7e75a4c/element - {"using":"xpath","value":"(//li[contains(text(), \"stock increase yard\")])[1]"}
RESULT: {"using":"xpath","value":"(//li[contains(text(), \"stock increase yard\")])[1]"}
COMMAND: POST /session/7f6ec3857c10649f26842f36b7e75a4c/element/f.4BE7CB3E9946CAC77AC1BA1FEFE24C33.d.231D643531EE65CED78F717C84BF2402.e.8878/click - {}
RESULT: {}
COMMAND: GET /session/7f6ec3857c10649f26842f36b7e75a4c/screenshot - {}
RESULT: {}
COMMAND: POST /session/7f6ec3857c10649f26842f36b7e75a4c/execute/async - {"script":"<script> [1562 bytes]","args":[{"selector":{"id":"application-managehandovers-display-component---AddNewHO--dueDate","interaction":{"idSuffix":"inner"}},"wdio_ui5_key":"applicationmanagehandovers-display-component---AddNewHO--dueDate"}]}
RESULT: {"script":"<script> [1562 bytes]","args":[{"selector":{"id":"application-managehandovers-display-component---AddNewHO--dueDate","interaction":{"idSuffix":"inner"}},"wdio_ui5_key":"applicationmanagehandovers-display-component---AddNewHO--dueDate"}]}
RESULT: undefined
COMMAND: POST /session/7f6ec3857c10649f26842f36b7e75a4c/execute/async - {"script":"<script> [6424 bytes]","args":[{"element-6066-11e4-a52e-4f735466cecf":"f.4BE7CB3E9946CAC77AC1BA1FEFE24C33.d.231D643531EE65CED78F717C84BF2402.e.8880"},"setValue",["5/15/25"]]}
RESULT: {"script":"<script> [6424 bytes]","args":[{"element-6066-11e4-a52e-4f735466cecf":"f.4BE7CB3E9946CAC77AC1BA1FEFE24C33.d.231D643531EE65CED78F717C84BF2402.e.8880"},"setValue",["5/15/25"]]}
COMMAND: POST /session/7f6ec3857c10649f26842f36b7e75a4c/element - {"using":"xpath","value":"//input[@id=\"generalSectionFrg--receiveYard-inner\"]"}
RESULT: {"using":"xpath","value":"//input[@id=\"generalSectionFrg--receiveYard-inner\"]"}
COMMAND: POST /session/7f6ec3857c10649f26842f36b7e75a4c/element/f.4BE7CB3E9946CAC77AC1BA1FEFE24C33.d.231D643531EE65CED78F717C84BF2402.e.8884/clear - {}
RESULT: {}
COMMAND: POST /session/7f6ec3857c10649f26842f36b7e75a4c/element/f.4BE7CB3E9946CAC77AC1BA1FEFE24C33.d.231D643531EE65CED78F717C84BF2402.e.8884/value - {"text":"384"}
COMMAND: GET /session/7f6ec3857c10649f26842f36b7e75a4c/screenshot - {}
RESULT: {"text":"384"}
COMMAND: GET /session/7f6ec3857c10649f26842f36b7e75a4c/screenshot - {}
RESULT: {}
RESULT: {}
COMMAND: POST /session/7f6ec3857c10649f26842f36b7e75a4c/element - {"using":"xpath","value":"//li[.//span[text()='384']]"}
RESULT: {"using":"xpath","value":"//li[.//span[text()='384']]"}
COMMAND: POST /session/7f6ec3857c10649f26842f36b7e75a4c/element/f.4BE7CB3E9946CAC77AC1BA1FEFE24C33.d.231D643531EE65CED78F717C84BF2402.e.8901/click - {}
RESULT: {}
COMMAND: GET /session/7f6ec3857c10649f26842f36b7e75a4c/screenshot - {}
RESULT: {}
COMMAND: POST /session/7f6ec3857c10649f26842f36b7e75a4c/execute/async - {"script":"<script> [1562 bytes]","args":[{"selector":{"id":"application-managehandovers-display-component---AddNewHO--ObjectPageLayout-anchBar-application-managehandovers-display-component---AddNewHO--section4-anchor","interaction":{"idSuffix":"BDI-content"}},"wdio_ui5_key":"applicationmanagehandovers-display-component---AddNewHO--ObjectPageLayout-anchBar-application-managehandovers-display-component---AddNewHO--section4-anchor"}]}
RESULT: {"script":"<script> [1562 bytes]","args":[{"selector":{"id":"application-managehandovers-display-component---AddNewHO--ObjectPageLayout-anchBar-application-managehandovers-display-component---AddNewHO--section4-anchor","interaction":{"idSuffix":"BDI-content"}},"wdio_ui5_key":"applicationmanagehandovers-display-component---AddNewHO--ObjectPageLayout-anchBar-application-managehandovers-display-component---AddNewHO--section4-anchor"}]}
RESULT: undefined
COMMAND: POST /session/7f6ec3857c10649f26842f36b7e75a4c/element - {"using":"xpath","value":"//*[@id=\"application-managehandovers-display-component---AddNewHO--ObjectPageLayout-anchBar-application-managehandovers-display-component---AddNewHO--section4-anchor\"]"}
RESULT: {"using":"xpath","value":"//*[@id=\"application-managehandovers-display-component---AddNewHO--ObjectPageLayout-anchBar-application-managehandovers-display-component---AddNewHO--section4-anchor\"]"}
COMMAND: POST /session/7f6ec3857c10649f26842f36b7e75a4c/element/f.4BE7CB3E9946CAC77AC1BA1FEFE24C33.d.231D643531EE65CED78F717C84BF2402.e.8903/click - {}
RESULT: {}
COMMAND: POST /session/7f6ec3857c10649f26842f36b7e75a4c/element - {"using":"xpath","value":"//button[@aria-label=\"Add\"]"}
COMMAND: GET /session/7f6ec3857c10649f26842f36b7e75a4c/screenshot - {}
RESULT: {"using":"xpath","value":"//button[@aria-label=\"Add\"]"}
COMMAND: POST /session/7f6ec3857c10649f26842f36b7e75a4c/element/f.4BE7CB3E9946CAC77AC1BA1FEFE24C33.d.231D643531EE65CED78F717C84BF2402.e.8905/click - {}
RESULT: {}
RESULT: {}
COMMAND: GET /session/7f6ec3857c10649f26842f36b7e75a4c/screenshot - {}
RESULT: {}
COMMAND: POST /session/7f6ec3857c10649f26842f36b7e75a4c/execute/async - {"script":"<script> [1562 bytes]","args":[{"selector":{"id":"application-managehandovers-display-component---AddNewHO--smartFilterBar-btnBasicSearch","searchOpenDialogs":true,"interaction":{"idSuffix":"I"}},"wdio_ui5_key":"applicationmanagehandovers-display-component---AddNewHO--smartFilterBar-btnBasicSearch"}]}
RESULT: {"script":"<script> [1562 bytes]","args":[{"selector":{"id":"application-managehandovers-display-component---AddNewHO--smartFilterBar-btnBasicSearch","searchOpenDialogs":true,"interaction":{"idSuffix":"I"}},"wdio_ui5_key":"applicationmanagehandovers-display-component---AddNewHO--smartFilterBar-btnBasicSearch"}]}
RESULT: undefined
COMMAND: POST /session/7f6ec3857c10649f26842f36b7e75a4c/execute/async - {"script":"<script> [776 bytes]","args":[{"enterText":"200169","selector":{"id":"application-managehandovers-display-component---AddNewHO--smartFilterBar-btnBasicSearch","searchOpenDialogs":true,"interaction":{"idSuffix":"I"}},"clearTextFirst":true,"interactionType":"ENTER_TEXT"}]}
RESULT: {"script":"<script> [776 bytes]","args":[{"enterText":"200169","selector":{"id":"application-managehandovers-display-component---AddNewHO--smartFilterBar-btnBasicSearch","searchOpenDialogs":true,"interaction":{"idSuffix":"I"}},"clearTextFirst":true,"interactionType":"ENTER_TEXT"}]}
COMMAND: POST /session/7f6ec3857c10649f26842f36b7e75a4c/actions - {"actions":[{"id":"action33","type":"key","parameters":{},"actions":[{"type":"keyDown","value":"î€‡"},{"type":"pause","duration":10},{"type":"keyUp","value":"î€‡"}]}]}
RESULT: {"actions":[{"id":"action33","type":"key","parameters":{},"actions":[{"type":"keyDown","value":"î€‡"},{"type":"pause","duration":10},{"type":"keyUp","value":"î€‡"}]}]}
COMMAND: GET /session/7f6ec3857c10649f26842f36b7e75a4c/screenshot - {}
RESULT: {}
COMMAND: POST /session/7f6ec3857c10649f26842f36b7e75a4c/execute/async - {"script":"<script> [1562 bytes]","args":[{"selector":{"id":"application-managehandovers-display-component---AddNewHO--popup-sa","searchOpenDialogs":true,"interaction":{"idSuffix":"CbBg"}},"wdio_ui5_key":"applicationmanagehandovers-display-component---AddNewHO--popup-sa"}]}
RESULT: {"script":"<script> [1562 bytes]","args":[{"selector":{"id":"application-managehandovers-display-component---AddNewHO--popup-sa","searchOpenDialogs":true,"interaction":{"idSuffix":"CbBg"}},"wdio_ui5_key":"applicationmanagehandovers-display-component---AddNewHO--popup-sa"}]}
RESULT: undefined
COMMAND: POST /session/7f6ec3857c10649f26842f36b7e75a4c/element - {"using":"xpath","value":"//*[@id=\"application-managehandovers-display-component---AddNewHO--popup-sa\"]"}
RESULT: {"using":"xpath","value":"//*[@id=\"application-managehandovers-display-component---AddNewHO--popup-sa\"]"}
COMMAND: POST /session/7f6ec3857c10649f26842f36b7e75a4c/element/f.4BE7CB3E9946CAC77AC1BA1FEFE24C33.d.231D643531EE65CED78F717C84BF2402.e.9057/click - {}
RESULT: {}
COMMAND: GET /session/7f6ec3857c10649f26842f36b7e75a4c/screenshot - {}
RESULT: {}
COMMAND: POST /session/7f6ec3857c10649f26842f36b7e75a4c/element - {"using":"xpath","value":"//bdi[contains(text(), \"Select\")]"}
RESULT: {"using":"xpath","value":"//bdi[contains(text(), \"Select\")]"}
COMMAND: POST /session/7f6ec3857c10649f26842f36b7e75a4c/element/f.4BE7CB3E9946CAC77AC1BA1FEFE24C33.d.231D643531EE65CED78F717C84BF2402.e.9058/click - {}
RESULT: {}
COMMAND: GET /session/7f6ec3857c10649f26842f36b7e75a4c/screenshot - {}
RESULT: {}
COMMAND: POST /session/7f6ec3857c10649f26842f36b7e75a4c/element - {"using":"xpath","value":"//button[@data-kt=\"AddNewHOSaveButton\"]"}
RESULT: {"using":"xpath","value":"//button[@data-kt=\"AddNewHOSaveButton\"]"}
COMMAND: POST /session/7f6ec3857c10649f26842f36b7e75a4c/element/f.4BE7CB3E9946CAC77AC1BA1FEFE24C33.d.231D643531EE65CED78F717C84BF2402.e.9062/click - {}
RESULT: {}
COMMAND: GET /session/7f6ec3857c10649f26842f36b7e75a4c/screenshot - {}
RESULT: {}
COMMAND: POST /session/7f6ec3857c10649f26842f36b7e75a4c/execute/async - {"script":"<script> [1562 bytes]","args":[{"selector":{"id":"receiptDatePicker","viewName":"etm.portal.ui.managehandovers.view.DetailExecuteHO","interaction":{"idSuffix":"inner"}},"wdio_ui5_key":"receiptDatePickeretmportal.ui.managehandovers.view.DetailExecuteHO"}]}
RESULT: {"script":"<script> [1562 bytes]","args":[{"selector":{"id":"receiptDatePicker","viewName":"etm.portal.ui.managehandovers.view.DetailExecuteHO","interaction":{"idSuffix":"inner"}},"wdio_ui5_key":"receiptDatePickeretmportal.ui.managehandovers.view.DetailExecuteHO"}]}
RESULT: undefined
COMMAND: POST /session/7f6ec3857c10649f26842f36b7e75a4c/execute/async - {"script":"<script> [6424 bytes]","args":[{"element-6066-11e4-a52e-4f735466cecf":"f.4BE7CB3E9946CAC77AC1BA1FEFE24C33.d.231D643531EE65CED78F717C84BF2402.e.9076"},"setValue",["5/15/25"]]}
RESULT: {"script":"<script> [6424 bytes]","args":[{"element-6066-11e4-a52e-4f735466cecf":"f.4BE7CB3E9946CAC77AC1BA1FEFE24C33.d.231D643531EE65CED78F717C84BF2402.e.9076"},"setValue",["5/15/25"]]}
COMMAND: POST /session/7f6ec3857c10649f26842f36b7e75a4c/element - {"using":"xpath","value":"//button[@data-kt=\"PickingTableConfirmAllButton\"]"}
RESULT: {"using":"xpath","value":"//button[@data-kt=\"PickingTableConfirmAllButton\"]"}
COMMAND: POST /session/7f6ec3857c10649f26842f36b7e75a4c/element/f.4BE7CB3E9946CAC77AC1BA1FEFE24C33.d.231D643531EE65CED78F717C84BF2402.e.9093/click - {}
RESULT: {}
COMMAND: GET /session/7f6ec3857c10649f26842f36b7e75a4c/screenshot - {}
RESULT: {}
COMMAND: POST /session/7f6ec3857c10649f26842f36b7e75a4c/element - {"using":"xpath","value":"//bdi[contains(text(), \"OK\")]"}
RESULT: {"using":"xpath","value":"//bdi[contains(text(), \"OK\")]"}
COMMAND: POST /session/7f6ec3857c10649f26842f36b7e75a4c/element/f.4BE7CB3E9946CAC77AC1BA1FEFE24C33.d.231D643531EE65CED78F717C84BF2402.e.9095/click - {}
RESULT: {}
COMMAND: GET /session/7f6ec3857c10649f26842f36b7e75a4c/screenshot - {}
RESULT: {}
COMMAND: POST /session/7f6ec3857c10649f26842f36b7e75a4c/element - {"using":"xpath","value":"(//bdi[contains(text(), \"Receive\")])[2]"}
RESULT: {"using":"xpath","value":"(//bdi[contains(text(), \"Receive\")])[2]"}
COMMAND: POST /session/7f6ec3857c10649f26842f36b7e75a4c/element/f.4BE7CB3E9946CAC77AC1BA1FEFE24C33.d.231D643531EE65CED78F717C84BF2402.e.9097/click - {}
RESULT: {}
COMMAND: GET /session/7f6ec3857c10649f26842f36b7e75a4c/screenshot - {}
RESULT: {}
COMMAND: POST /session/7f6ec3857c10649f26842f36b7e75a4c/element - {"using":"css selector","value":"#shell-header-logo"}
RESULT: {"using":"css selector","value":"#shell-header-logo"}
COMMAND: POST /session/7f6ec3857c10649f26842f36b7e75a4c/element/f.4BE7CB3E9946CAC77AC1BA1FEFE24C33.d.231D643531EE65CED78F717C84BF2402.e.8478/click - {}
RESULT: {}
COMMAND: GET /session/7f6ec3857c10649f26842f36b7e75a4c/screenshot - {}
RESULT: {}
]]></system-out>
    </testcase>
    <testcase classname="chrome.136_0_7103_49.windows.Provide_to_Site_w/_warehouse_management_wo_clarification" name="Should create a new contract" time="56.278">
      <system-out><![CDATA[
COMMAND: POST /session/7f6ec3857c10649f26842f36b7e75a4c/execute/async - {"script":"<script> [1562 bytes]","args":[{"selector":{"controlType":"sap.m.GenericTile","properties":{"header":"Manage Contracts"}},"wdio_ui5_key":"sapm.GenericTile{\"header\":\"Manage Contracts\"}"}]}
RESULT: {"script":"<script> [1562 bytes]","args":[{"selector":{"controlType":"sap.m.GenericTile","properties":{"header":"Manage Contracts"}},"wdio_ui5_key":"sapm.GenericTile{\"header\":\"Manage Contracts\"}"}]}
RESULT: undefined
COMMAND: POST /session/7f6ec3857c10649f26842f36b7e75a4c/element - {"using":"xpath","value":"//*[@id=\"__tile133\"]"}
RESULT: {"using":"xpath","value":"//*[@id=\"__tile133\"]"}
COMMAND: POST /session/7f6ec3857c10649f26842f36b7e75a4c/element/f.4BE7CB3E9946CAC77AC1BA1FEFE24C33.d.231D643531EE65CED78F717C84BF2402.e.7853/click - {}
RESULT: {}
COMMAND: GET /session/7f6ec3857c10649f26842f36b7e75a4c/screenshot - {}
RESULT: {}
COMMAND: POST /session/7f6ec3857c10649f26842f36b7e75a4c/elements - {"using":"xpath","value":"//span[text()='Error']"}
RESULT: {"using":"xpath","value":"//span[text()='Error']"}
COMMAND: POST /session/7f6ec3857c10649f26842f36b7e75a4c/element - {"using":"xpath","value":"//button[@data-kt=\"addButton\"]"}
RESULT: {"using":"xpath","value":"//button[@data-kt=\"addButton\"]"}
COMMAND: POST /session/7f6ec3857c10649f26842f36b7e75a4c/elements - {"using":"xpath","value":"//button[@data-kt=\"addButton\"]"}
RESULT: {"using":"xpath","value":"//button[@data-kt=\"addButton\"]"}
COMMAND: POST /session/7f6ec3857c10649f26842f36b7e75a4c/execute/sync - {"script":"<script> [8489 bytes]","args":[{"element-6066-11e4-a52e-4f735466cecf":"f.4BE7CB3E9946CAC77AC1BA1FEFE24C33.d.231D643531EE65CED78F717C84BF2402.e.9468","ELEMENT":"f.4BE7CB3E9946CAC77AC1BA1FEFE24C33.d.231D643531EE65CED78F717C84BF2402.e.9468"}]}
RESULT: {"script":"<script> [8489 bytes]","args":[{"element-6066-11e4-a52e-4f735466cecf":"f.4BE7CB3E9946CAC77AC1BA1FEFE24C33.d.231D643531EE65CED78F717C84BF2402.e.9468","ELEMENT":"f.4BE7CB3E9946CAC77AC1BA1FEFE24C33.d.231D643531EE65CED78F717C84BF2402.e.9468"}]}
COMMAND: GET /session/7f6ec3857c10649f26842f36b7e75a4c/element/f.4BE7CB3E9946CAC77AC1BA1FEFE24C33.d.231D643531EE65CED78F717C84BF2402.e.9468/enabled - {}
COMMAND: GET /session/7f6ec3857c10649f26842f36b7e75a4c/screenshot - {}
RESULT: {}
COMMAND: POST /session/7f6ec3857c10649f26842f36b7e75a4c/execute/sync - {"script":"<script> [8489 bytes]","args":[{"element-6066-11e4-a52e-4f735466cecf":"f.4BE7CB3E9946CAC77AC1BA1FEFE24C33.d.231D643531EE65CED78F717C84BF2402.e.9468","ELEMENT":"f.4BE7CB3E9946CAC77AC1BA1FEFE24C33.d.231D643531EE65CED78F717C84BF2402.e.9468"}]}
COMMAND: GET /session/7f6ec3857c10649f26842f36b7e75a4c/screenshot - {}
RESULT: {}
RESULT: {"script":"<script> [8489 bytes]","args":[{"element-6066-11e4-a52e-4f735466cecf":"f.4BE7CB3E9946CAC77AC1BA1FEFE24C33.d.231D643531EE65CED78F717C84BF2402.e.9468","ELEMENT":"f.4BE7CB3E9946CAC77AC1BA1FEFE24C33.d.231D643531EE65CED78F717C84BF2402.e.9468"}]}
COMMAND: POST /session/7f6ec3857c10649f26842f36b7e75a4c/execute/sync - {"script":"<script> [5351 bytes]","args":[{"element-6066-11e4-a52e-4f735466cecf":"f.4BE7CB3E9946CAC77AC1BA1FEFE24C33.d.231D643531EE65CED78F717C84BF2402.e.9468","ELEMENT":"f.4BE7CB3E9946CAC77AC1BA1FEFE24C33.d.231D643531EE65CED78F717C84BF2402.e.9468"}]}
COMMAND: GET /session/7f6ec3857c10649f26842f36b7e75a4c/screenshot - {}
RESULT: {}
RESULT: {"script":"<script> [5351 bytes]","args":[{"element-6066-11e4-a52e-4f735466cecf":"f.4BE7CB3E9946CAC77AC1BA1FEFE24C33.d.231D643531EE65CED78F717C84BF2402.e.9468","ELEMENT":"f.4BE7CB3E9946CAC77AC1BA1FEFE24C33.d.231D643531EE65CED78F717C84BF2402.e.9468"}]}
COMMAND: GET /session/7f6ec3857c10649f26842f36b7e75a4c/screenshot - {}
RESULT: {}
RESULT: {}
COMMAND: POST /session/7f6ec3857c10649f26842f36b7e75a4c/element/f.4BE7CB3E9946CAC77AC1BA1FEFE24C33.d.231D643531EE65CED78F717C84BF2402.e.9468/click - {}
RESULT: {}
COMMAND: GET /session/7f6ec3857c10649f26842f36b7e75a4c/screenshot - {}
COMMAND: POST /session/7f6ec3857c10649f26842f36b7e75a4c/execute/async - {"script":"<script> [1562 bytes]","args":[{"selector":{"id":"application-managecontracts-display-component---AddNewContract--projectDescription","interaction":{"idSuffix":"inner"}},"wdio_ui5_key":"applicationmanagecontracts-display-component---AddNewContract--projectDescription"}]}
RESULT: {}
RESULT: {"script":"<script> [1562 bytes]","args":[{"selector":{"id":"application-managecontracts-display-component---AddNewContract--projectDescription","interaction":{"idSuffix":"inner"}},"wdio_ui5_key":"applicationmanagecontracts-display-component---AddNewContract--projectDescription"}]}
RESULT: undefined
COMMAND: POST /session/7f6ec3857c10649f26842f36b7e75a4c/execute/async - {"script":"<script> [776 bytes]","args":[{"enterText":"Contract WDIO","selector":{"id":"application-managecontracts-display-component---AddNewContract--projectDescription","interaction":{"idSuffix":"inner"}},"clearTextFirst":true,"interactionType":"ENTER_TEXT"}]}
RESULT: {"script":"<script> [776 bytes]","args":[{"enterText":"Contract WDIO","selector":{"id":"application-managecontracts-display-component---AddNewContract--projectDescription","interaction":{"idSuffix":"inner"}},"clearTextFirst":true,"interactionType":"ENTER_TEXT"}]}
COMMAND: POST /session/7f6ec3857c10649f26842f36b7e75a4c/element - {"using":"xpath","value":"//input[@id=\"application-managecontracts-display-component---AddNewContract--site-inner\"]"}
RESULT: {"using":"xpath","value":"//input[@id=\"application-managecontracts-display-component---AddNewContract--site-inner\"]"}
COMMAND: POST /session/7f6ec3857c10649f26842f36b7e75a4c/element/f.4BE7CB3E9946CAC77AC1BA1FEFE24C33.d.231D643531EE65CED78F717C84BF2402.e.9825/clear - {}
RESULT: {}
COMMAND: POST /session/7f6ec3857c10649f26842f36b7e75a4c/element/f.4BE7CB3E9946CAC77AC1BA1FEFE24C33.d.231D643531EE65CED78F717C84BF2402.e.9825/value - {"text":"2162"}
COMMAND: GET /session/7f6ec3857c10649f26842f36b7e75a4c/screenshot - {}
RESULT: {"text":"2162"}
COMMAND: GET /session/7f6ec3857c10649f26842f36b7e75a4c/screenshot - {}
RESULT: {}
RESULT: {}
COMMAND: POST /session/7f6ec3857c10649f26842f36b7e75a4c/element - {"using":"xpath","value":"//li[.//span[text()='2162']]"}
RESULT: {"using":"xpath","value":"//li[.//span[text()='2162']]"}
COMMAND: POST /session/7f6ec3857c10649f26842f36b7e75a4c/element/f.4BE7CB3E9946CAC77AC1BA1FEFE24C33.d.231D643531EE65CED78F717C84BF2402.e.9856/click - {}
RESULT: {}
COMMAND: GET /session/7f6ec3857c10649f26842f36b7e75a4c/screenshot - {}
RESULT: {}
COMMAND: POST /session/7f6ec3857c10649f26842f36b7e75a4c/element - {"using":"xpath","value":"//input[@id=\"application-managecontracts-display-component---AddNewContract--yardId-inner\"]"}
RESULT: {"using":"xpath","value":"//input[@id=\"application-managecontracts-display-component---AddNewContract--yardId-inner\"]"}
COMMAND: GET /session/7f6ec3857c10649f26842f36b7e75a4c/element/f.4BE7CB3E9946CAC77AC1BA1FEFE24C33.d.231D643531EE65CED78F717C84BF2402.e.9826/property/value - {}
RESULT: {}
COMMAND: POST /session/7f6ec3857c10649f26842f36b7e75a4c/element - {"using":"xpath","value":"//input[@id=\"application-managecontracts-display-component---AddNewContract--customerSelect-inner\"]"}
COMMAND: GET /session/7f6ec3857c10649f26842f36b7e75a4c/screenshot - {}
RESULT: {"using":"xpath","value":"//input[@id=\"application-managecontracts-display-component---AddNewContract--customerSelect-inner\"]"}
COMMAND: POST /session/7f6ec3857c10649f26842f36b7e75a4c/element/f.4BE7CB3E9946CAC77AC1BA1FEFE24C33.d.231D643531EE65CED78F717C84BF2402.e.9824/clear - {}
RESULT: {}
RESULT: {}
COMMAND: POST /session/7f6ec3857c10649f26842f36b7e75a4c/element/f.4BE7CB3E9946CAC77AC1BA1FEFE24C33.d.231D643531EE65CED78F717C84BF2402.e.9824/value - {"text":"1199"}
COMMAND: GET /session/7f6ec3857c10649f26842f36b7e75a4c/screenshot - {}
RESULT: {"text":"1199"}
COMMAND: GET /session/7f6ec3857c10649f26842f36b7e75a4c/screenshot - {}
RESULT: {}
RESULT: {}
COMMAND: POST /session/7f6ec3857c10649f26842f36b7e75a4c/element - {"using":"xpath","value":"//li[.//span[text()='1199']]"}
RESULT: {"using":"xpath","value":"//li[.//span[text()='1199']]"}
COMMAND: POST /session/7f6ec3857c10649f26842f36b7e75a4c/element/f.4BE7CB3E9946CAC77AC1BA1FEFE24C33.d.231D643531EE65CED78F717C84BF2402.e.9859/click - {}
RESULT: {}
COMMAND: GET /session/7f6ec3857c10649f26842f36b7e75a4c/screenshot - {}
RESULT: {}
COMMAND: POST /session/7f6ec3857c10649f26842f36b7e75a4c/element - {"using":"xpath","value":"//button[@data-kt=\"saveButton\"]"}
RESULT: {"using":"xpath","value":"//button[@data-kt=\"saveButton\"]"}
COMMAND: POST /session/7f6ec3857c10649f26842f36b7e75a4c/element/f.4BE7CB3E9946CAC77AC1BA1FEFE24C33.d.231D643531EE65CED78F717C84BF2402.e.9860/click - {}
RESULT: {}
COMMAND: GET /session/7f6ec3857c10649f26842f36b7e75a4c/screenshot - {}
RESULT: {}
COMMAND: POST /session/7f6ec3857c10649f26842f36b7e75a4c/element - {"using":"xpath","value":"//span[contains(@id ,\"contractDetailTitleNoExpanded\")]"}
RESULT: {"using":"xpath","value":"//span[contains(@id ,\"contractDetailTitleNoExpanded\")]"}
COMMAND: POST /session/7f6ec3857c10649f26842f36b7e75a4c/elements - {"using":"xpath","value":"//span[contains(@id ,\"contractDetailTitleNoExpanded\")]"}
RESULT: {"using":"xpath","value":"//span[contains(@id ,\"contractDetailTitleNoExpanded\")]"}
COMMAND: POST /session/7f6ec3857c10649f26842f36b7e75a4c/execute/sync - {"script":"<script> [56 bytes]","args":[{"element-6066-11e4-a52e-4f735466cecf":"f.4BE7CB3E9946CAC77AC1BA1FEFE24C33.d.231D643531EE65CED78F717C84BF2402.e.9931","ELEMENT":"f.4BE7CB3E9946CAC77AC1BA1FEFE24C33.d.231D643531EE65CED78F717C84BF2402.e.9931"}]}
RESULT: {"script":"<script> [56 bytes]","args":[{"element-6066-11e4-a52e-4f735466cecf":"f.4BE7CB3E9946CAC77AC1BA1FEFE24C33.d.231D643531EE65CED78F717C84BF2402.e.9931","ELEMENT":"f.4BE7CB3E9946CAC77AC1BA1FEFE24C33.d.231D643531EE65CED78F717C84BF2402.e.9931"}]}
COMMAND: GET /session/7f6ec3857c10649f26842f36b7e75a4c/screenshot - {}
RESULT: {}
]]></system-out>
    </testcase>
    <testcase classname="chrome.136_0_7103_49.windows.Provide_to_Site_w/_warehouse_management_wo_clarification" name="Should add equipment to the contract" time="56.437">
      <system-out><![CDATA[
COMMAND: POST /session/7f6ec3857c10649f26842f36b7e75a4c/element - {"using":"xpath","value":"//button[@data-kt=\"contractDetailEditBtnButton\"]"}
RESULT: {"using":"xpath","value":"//button[@data-kt=\"contractDetailEditBtnButton\"]"}
COMMAND: POST /session/7f6ec3857c10649f26842f36b7e75a4c/element/f.4BE7CB3E9946CAC77AC1BA1FEFE24C33.d.231D643531EE65CED78F717C84BF2402.e.9932/click - {}
RESULT: {}
COMMAND: GET /session/7f6ec3857c10649f26842f36b7e75a4c/screenshot - {}
RESULT: {}
COMMAND: POST /session/7f6ec3857c10649f26842f36b7e75a4c/element - {"using":"xpath","value":"(//span[contains(text(), \"Additional Addresses\")])[2]"}
RESULT: {"using":"xpath","value":"(//span[contains(text(), \"Additional Addresses\")])[2]"}
COMMAND: POST /session/7f6ec3857c10649f26842f36b7e75a4c/element/f.4BE7CB3E9946CAC77AC1BA1FEFE24C33.d.231D643531EE65CED78F717C84BF2402.e.9986/click - {}
RESULT: {}
COMMAND: GET /session/7f6ec3857c10649f26842f36b7e75a4c/screenshot - {}
RESULT: {}
COMMAND: POST /session/7f6ec3857c10649f26842f36b7e75a4c/element - {"using":"xpath","value":"//button[@data-kt=\"btnAddTableRowOverflowToolbarButton\"]"}
RESULT: {"using":"xpath","value":"//button[@data-kt=\"btnAddTableRowOverflowToolbarButton\"]"}
COMMAND: POST /session/7f6ec3857c10649f26842f36b7e75a4c/element/f.4BE7CB3E9946CAC77AC1BA1FEFE24C33.d.231D643531EE65CED78F717C84BF2402.e.9990/click - {}
RESULT: {}
COMMAND: GET /session/7f6ec3857c10649f26842f36b7e75a4c/screenshot - {}
RESULT: {}
COMMAND: POST /session/7f6ec3857c10649f26842f36b7e75a4c/element - {"using":"xpath","value":"//div[(text() = 'Standard Entry' or . = 'Standard Entry')]"}
RESULT: {"using":"xpath","value":"//div[(text() = 'Standard Entry' or . = 'Standard Entry')]"}
COMMAND: POST /session/7f6ec3857c10649f26842f36b7e75a4c/element/f.4BE7CB3E9946CAC77AC1BA1FEFE24C33.d.231D643531EE65CED78F717C84BF2402.e.9992/click - {}
RESULT: {}
COMMAND: GET /session/7f6ec3857c10649f26842f36b7e75a4c/screenshot - {}
RESULT: {}
COMMAND: POST /session/7f6ec3857c10649f26842f36b7e75a4c/element - {"using":"xpath","value":"//td[6]/div/div/div/span"}
RESULT: {"using":"xpath","value":"//td[6]/div/div/div/span"}
COMMAND: POST /session/7f6ec3857c10649f26842f36b7e75a4c/element/f.4BE7CB3E9946CAC77AC1BA1FEFE24C33.d.231D643531EE65CED78F717C84BF2402.e.10004/click - {}
RESULT: {}
COMMAND: GET /session/7f6ec3857c10649f26842f36b7e75a4c/screenshot - {}
RESULT: {}
COMMAND: POST /session/7f6ec3857c10649f26842f36b7e75a4c/element - {"using":"xpath","value":"(//span[contains(text(), \"Material\")])"}
RESULT: {"using":"xpath","value":"(//span[contains(text(), \"Material\")])"}
COMMAND: POST /session/7f6ec3857c10649f26842f36b7e75a4c/element/f.4BE7CB3E9946CAC77AC1BA1FEFE24C33.d.231D643531EE65CED78F717C84BF2402.e.10005/click - {}
RESULT: {}
COMMAND: GET /session/7f6ec3857c10649f26842f36b7e75a4c/screenshot - {}
RESULT: {}
COMMAND: POST /session/7f6ec3857c10649f26842f36b7e75a4c/element - {"using":"xpath","value":"//td[7]/div/div/input"}
RESULT: {"using":"xpath","value":"//td[7]/div/div/input"}
COMMAND: POST /session/7f6ec3857c10649f26842f36b7e75a4c/element/f.4BE7CB3E9946CAC77AC1BA1FEFE24C33.d.231D643531EE65CED78F717C84BF2402.e.10009/clear - {}
RESULT: {}
COMMAND: POST /session/7f6ec3857c10649f26842f36b7e75a4c/element/f.4BE7CB3E9946CAC77AC1BA1FEFE24C33.d.231D643531EE65CED78F717C84BF2402.e.10009/value - {"text":"200169"}
COMMAND: GET /session/7f6ec3857c10649f26842f36b7e75a4c/screenshot - {}
RESULT: {"text":"200169"}
COMMAND: GET /session/7f6ec3857c10649f26842f36b7e75a4c/screenshot - {}
RESULT: {}
RESULT: {}
COMMAND: POST /session/7f6ec3857c10649f26842f36b7e75a4c/actions - {"actions":[{"id":"action34","type":"key","parameters":{},"actions":[{"type":"keyDown","value":"î€‡"},{"type":"pause","duration":10},{"type":"keyUp","value":"î€‡"}]}]}
RESULT: {"actions":[{"id":"action34","type":"key","parameters":{},"actions":[{"type":"keyDown","value":"î€‡"},{"type":"pause","duration":10},{"type":"keyUp","value":"î€‡"}]}]}
COMMAND: GET /session/7f6ec3857c10649f26842f36b7e75a4c/screenshot - {}
RESULT: {}
COMMAND: POST /session/7f6ec3857c10649f26842f36b7e75a4c/execute/sync - {"script":"<script> [276 bytes]","args":["No pricing information was found"]}
RESULT: {"script":"<script> [276 bytes]","args":["No pricing information was found"]}
COMMAND: POST /session/7f6ec3857c10649f26842f36b7e75a4c/element - {"using":"xpath","value":"//bdi[contains(text(), \"OK\")]"}
COMMAND: GET /session/7f6ec3857c10649f26842f36b7e75a4c/screenshot - {}
RESULT: {"using":"xpath","value":"//bdi[contains(text(), \"OK\")]"}
COMMAND: POST /session/7f6ec3857c10649f26842f36b7e75a4c/element/f.4BE7CB3E9946CAC77AC1BA1FEFE24C33.d.231D643531EE65CED78F717C84BF2402.e.10035/click - {}
RESULT: {}
RESULT: {}
COMMAND: GET /session/7f6ec3857c10649f26842f36b7e75a4c/screenshot - {}
RESULT: {}
COMMAND: POST /session/7f6ec3857c10649f26842f36b7e75a4c/element - {"using":"xpath","value":"(//button[@data-kt=\"saveButton\"])[2]"}
RESULT: {"using":"xpath","value":"(//button[@data-kt=\"saveButton\"])[2]"}
COMMAND: POST /session/7f6ec3857c10649f26842f36b7e75a4c/element/f.4BE7CB3E9946CAC77AC1BA1FEFE24C33.d.231D643531EE65CED78F717C84BF2402.e.10036/click - {}
RESULT: {}
COMMAND: GET /session/7f6ec3857c10649f26842f36b7e75a4c/screenshot - {}
RESULT: {}
COMMAND: POST /session/7f6ec3857c10649f26842f36b7e75a4c/execute/sync - {"script":"<script> [276 bytes]","args":["Some contract items are having rental validity exceeding header rental validity"]}
RESULT: {"script":"<script> [276 bytes]","args":["Some contract items are having rental validity exceeding header rental validity"]}
COMMAND: GET /session/7f6ec3857c10649f26842f36b7e75a4c/screenshot - {}
RESULT: {}
COMMAND: POST /session/7f6ec3857c10649f26842f36b7e75a4c/element - {"using":"xpath","value":"//span[contains(@id ,\"contractItemsSmartTable-header-inner\")]"}
RESULT: {"using":"xpath","value":"//span[contains(@id ,\"contractItemsSmartTable-header-inner\")]"}
COMMAND: POST /session/7f6ec3857c10649f26842f36b7e75a4c/elements - {"using":"xpath","value":"//span[contains(@id ,\"contractItemsSmartTable-header-inner\")]"}
RESULT: {"using":"xpath","value":"//span[contains(@id ,\"contractItemsSmartTable-header-inner\")]"}
COMMAND: POST /session/7f6ec3857c10649f26842f36b7e75a4c/execute/sync - {"script":"<script> [56 bytes]","args":[{"element-6066-11e4-a52e-4f735466cecf":"f.4BE7CB3E9946CAC77AC1BA1FEFE24C33.d.231D643531EE65CED78F717C84BF2402.e.10040","ELEMENT":"f.4BE7CB3E9946CAC77AC1BA1FEFE24C33.d.231D643531EE65CED78F717C84BF2402.e.10040"}]}
RESULT: {"script":"<script> [56 bytes]","args":[{"element-6066-11e4-a52e-4f735466cecf":"f.4BE7CB3E9946CAC77AC1BA1FEFE24C33.d.231D643531EE65CED78F717C84BF2402.e.10040","ELEMENT":"f.4BE7CB3E9946CAC77AC1BA1FEFE24C33.d.231D643531EE65CED78F717C84BF2402.e.10040"}]}
]]></system-out>
    </testcase>
    <testcase classname="chrome.136_0_7103_49.windows.Provide_to_Site_w/_warehouse_management_wo_clarification" name="Should provide to site" time="37.058">
      <system-out><![CDATA[
COMMAND: GET /session/7f6ec3857c10649f26842f36b7e75a4c/screenshot - {}
COMMAND: POST /session/7f6ec3857c10649f26842f36b7e75a4c/element - {"using":"xpath","value":"//button[@data-kt=\"provideButton\"]"}
RESULT: {}
RESULT: {"using":"xpath","value":"//button[@data-kt=\"provideButton\"]"}
COMMAND: POST /session/7f6ec3857c10649f26842f36b7e75a4c/element/f.4BE7CB3E9946CAC77AC1BA1FEFE24C33.d.231D643531EE65CED78F717C84BF2402.e.10041/click - {}
RESULT: {}
COMMAND: GET /session/7f6ec3857c10649f26842f36b7e75a4c/screenshot - {}
RESULT: {}
RESULT: undefined
COMMAND: POST /session/7f6ec3857c10649f26842f36b7e75a4c/execute/async - {"script":"<script> [6424 bytes]","args":[{"element-6066-11e4-a52e-4f735466cecf":"f.4BE7CB3E9946CAC77AC1BA1FEFE24C33.d.231D643531EE65CED78F717C84BF2402.e.8880"},"setValue",["05/15/25"]]}
COMMAND: POST /session/7f6ec3857c10649f26842f36b7e75a4c/execute/async - {"script":"<script> [1562 bytes]","args":[{"selector":{"id":"application-managehandovers-display-component---AddNewHO--dueDate","interaction":{"idSuffix":"inner"}},"wdio_ui5_key":"applicationmanagehandovers-display-component---AddNewHO--dueDate"}]}
RESULT: {"script":"<script> [1562 bytes]","args":[{"selector":{"id":"application-managehandovers-display-component---AddNewHO--dueDate","interaction":{"idSuffix":"inner"}},"wdio_ui5_key":"applicationmanagehandovers-display-component---AddNewHO--dueDate"}]}
COMMAND: POST /session/7f6ec3857c10649f26842f36b7e75a4c/execute/async - {"script":"<script> [6424 bytes]","args":[{"element-6066-11e4-a52e-4f735466cecf":"f.4BE7CB3E9946CAC77AC1BA1FEFE24C33.d.231D643531EE65CED78F717C84BF2402.e.10098"},"setValue",["05/15/25"]]}
RESULT: {"script":"<script> [6424 bytes]","args":[{"element-6066-11e4-a52e-4f735466cecf":"f.4BE7CB3E9946CAC77AC1BA1FEFE24C33.d.231D643531EE65CED78F717C84BF2402.e.10098"},"setValue",["05/15/25"]]}
COMMAND: POST /session/7f6ec3857c10649f26842f36b7e75a4c/element - {"using":"xpath","value":"//bdi[contains(text(), \"Instructions\")]"}
RESULT: {"using":"xpath","value":"//bdi[contains(text(), \"Instructions\")]"}
COMMAND: POST /session/7f6ec3857c10649f26842f36b7e75a4c/element/f.4BE7CB3E9946CAC77AC1BA1FEFE24C33.d.231D643531EE65CED78F717C84BF2402.e.10348/click - {}
RESULT: {}
COMMAND: GET /session/7f6ec3857c10649f26842f36b7e75a4c/screenshot - {}
RESULT: {}
COMMAND: POST /session/7f6ec3857c10649f26842f36b7e75a4c/element - {"using":"xpath","value":"//button[@data-kt=\"AddNewHOProvideAddItemsButton\"]"}
RESULT: {"using":"xpath","value":"//button[@data-kt=\"AddNewHOProvideAddItemsButton\"]"}
COMMAND: POST /session/7f6ec3857c10649f26842f36b7e75a4c/element/f.4BE7CB3E9946CAC77AC1BA1FEFE24C33.d.231D643531EE65CED78F717C84BF2402.e.10352/click - {}
RESULT: {}
COMMAND: GET /session/7f6ec3857c10649f26842f36b7e75a4c/screenshot - {}
RESULT: {}
RESULT: undefined
COMMAND: POST /session/7f6ec3857c10649f26842f36b7e75a4c/element - {"using":"xpath","value":"//*[@id=\"application-managehandovers-display-component---AddNewHO--popup-sa\"]"}
RESULT: {"using":"xpath","value":"//*[@id=\"application-managehandovers-display-component---AddNewHO--popup-sa\"]"}
COMMAND: POST /session/7f6ec3857c10649f26842f36b7e75a4c/element/f.4BE7CB3E9946CAC77AC1BA1FEFE24C33.d.231D643531EE65CED78F717C84BF2402.e.10361/click - {}
RESULT: {}
COMMAND: GET /session/7f6ec3857c10649f26842f36b7e75a4c/screenshot - {}
RESULT: {}
COMMAND: POST /session/7f6ec3857c10649f26842f36b7e75a4c/element - {"using":"xpath","value":"//*[contains(@id ,\"BDI-content\")][contains(text(), \"Select\")]"}
RESULT: {"using":"xpath","value":"//*[contains(@id ,\"BDI-content\")][contains(text(), \"Select\")]"}
COMMAND: POST /session/7f6ec3857c10649f26842f36b7e75a4c/element/f.4BE7CB3E9946CAC77AC1BA1FEFE24C33.d.231D643531EE65CED78F717C84BF2402.e.10363/click - {}
RESULT: {}
COMMAND: GET /session/7f6ec3857c10649f26842f36b7e75a4c/screenshot - {}
RESULT: {}
COMMAND: POST /session/7f6ec3857c10649f26842f36b7e75a4c/element - {"using":"xpath","value":"//bdi[(text() = 'Save' or . = 'Save')]"}
RESULT: {"using":"xpath","value":"//bdi[(text() = 'Save' or . = 'Save')]"}
COMMAND: POST /session/7f6ec3857c10649f26842f36b7e75a4c/element/f.4BE7CB3E9946CAC77AC1BA1FEFE24C33.d.231D643531EE65CED78F717C84BF2402.e.10366/click - {}
RESULT: {}
COMMAND: GET /session/7f6ec3857c10649f26842f36b7e75a4c/screenshot - {}
RESULT: {}
]]></system-out>
    </testcase>
    <testcase classname="chrome.136_0_7103_49.windows.Provide_to_Site_w/_warehouse_management_wo_clarification" name="Should Test for Handover Execution" time="151.006">
      <system-out><![CDATA[
COMMAND: POST /session/7f6ec3857c10649f26842f36b7e75a4c/execute/async - {"script":"<script> [1562 bytes]","args":[{"selector":{"controlType":"sap.m.Link","viewName":"etm.portal.ui.managehandovers.view.DetailExecuteHO","bindingPath":{"path":"","propertyPath":"/wmDoc","modelName":"warehouseMovModel"}},"wdio_ui5_key":"etmportal.ui.managehandovers.view.DetailExecuteHOsap.m.Link{\"path\":\"\",\"propertyPath\":\"/wmDoc\",\"modelName\":\"warehouseMovModel\"}"}]}
RESULT: {"script":"<script> [1562 bytes]","args":[{"selector":{"controlType":"sap.m.Link","viewName":"etm.portal.ui.managehandovers.view.DetailExecuteHO","bindingPath":{"path":"","propertyPath":"/wmDoc","modelName":"warehouseMovModel"}},"wdio_ui5_key":"etmportal.ui.managehandovers.view.DetailExecuteHOsap.m.Link{\"path\":\"\",\"propertyPath\":\"/wmDoc\",\"modelName\":\"warehouseMovModel\"}"}]}
RESULT: undefined
COMMAND: POST /session/7f6ec3857c10649f26842f36b7e75a4c/element - {"using":"xpath","value":"//*[@id=\"__link81\"]"}
RESULT: {"using":"xpath","value":"//*[@id=\"__link81\"]"}
COMMAND: POST /session/7f6ec3857c10649f26842f36b7e75a4c/element/f.4BE7CB3E9946CAC77AC1BA1FEFE24C33.d.231D643531EE65CED78F717C84BF2402.e.10391/click - {}
RESULT: {}
COMMAND: GET /session/7f6ec3857c10649f26842f36b7e75a4c/screenshot - {}
RESULT: {}
COMMAND: POST /session/7f6ec3857c10649f26842f36b7e75a4c/execute/async - {"script":"<script> [1562 bytes]","args":[{"selector":{"controlType":"sap.m.Link","viewName":"etm.portal.ui.managehandovers.view.DetailExecuteHO","properties":{"text":"Warehouse Overview"},"searchOpenDialogs":true},"wdio_ui5_key":"etmportal.ui.managehandovers.view.DetailExecuteHOsap.m.Link{\"text\":\"Warehouse Overview\"}"}]}
RESULT: {"script":"<script> [1562 bytes]","args":[{"selector":{"controlType":"sap.m.Link","viewName":"etm.portal.ui.managehandovers.view.DetailExecuteHO","properties":{"text":"Warehouse Overview"},"searchOpenDialogs":true},"wdio_ui5_key":"etmportal.ui.managehandovers.view.DetailExecuteHOsap.m.Link{\"text\":\"Warehouse Overview\"}"}]}
RESULT: undefined
COMMAND: POST /session/7f6ec3857c10649f26842f36b7e75a4c/element - {"using":"xpath","value":"//*[@id=\"__link96\"]"}
RESULT: {"using":"xpath","value":"//*[@id=\"__link96\"]"}
COMMAND: POST /session/7f6ec3857c10649f26842f36b7e75a4c/element/f.4BE7CB3E9946CAC77AC1BA1FEFE24C33.d.231D643531EE65CED78F717C84BF2402.e.10393/click - {}
RESULT: {}
COMMAND: GET /session/7f6ec3857c10649f26842f36b7e75a4c/screenshot - {}
RESULT: {}
COMMAND: POST /session/7f6ec3857c10649f26842f36b7e75a4c/execute/async - {"script":"<script> [1562 bytes]","args":[{"selector":{"controlType":"sap.m.Button","viewName":"etm.portal.ui.warehousemovements.view.DisplayMovement","viewId":"application-warehousemovements-display-component---displayMovement","i18NText":{"propertyName":"text","key":"execution"},"interaction":{"idSuffix":"BDI-content"}},"wdio_ui5_key":"etmportal.ui.warehousemovements.view.DisplayMovementsap.m.Button{\"propertyName\":\"text\",\"key\":\"execution\"}"}]}
RESULT: {"script":"<script> [1562 bytes]","args":[{"selector":{"controlType":"sap.m.Button","viewName":"etm.portal.ui.warehousemovements.view.DisplayMovement","viewId":"application-warehousemovements-display-component---displayMovement","i18NText":{"propertyName":"text","key":"execution"},"interaction":{"idSuffix":"BDI-content"}},"wdio_ui5_key":"etmportal.ui.warehousemovements.view.DisplayMovementsap.m.Button{\"propertyName\":\"text\",\"key\":\"execution\"}"}]}
RESULT: undefined
COMMAND: POST /session/7f6ec3857c10649f26842f36b7e75a4c/element - {"using":"xpath","value":"//*[@id=\"__button219\"]"}
RESULT: {"using":"xpath","value":"//*[@id=\"__button219\"]"}
COMMAND: POST /session/7f6ec3857c10649f26842f36b7e75a4c/element/f.4BE7CB3E9946CAC77AC1BA1FEFE24C33.d.231D643531EE65CED78F717C84BF2402.e.10510/click - {}
RESULT: {}
COMMAND: GET /session/7f6ec3857c10649f26842f36b7e75a4c/screenshot - {}
RESULT: {}
COMMAND: POST /session/7f6ec3857c10649f26842f36b7e75a4c/execute/async - {"script":"<script> [1562 bytes]","args":[{"selector":{"controlType":"sap.m.Button","viewName":"etm.portal.ui.warehousemovements.view.ExecuteMovement","viewId":"application-warehousemovements-display-component---executeMovement","properties":{"text":"Items"},"interaction":{"idSuffix":"BDI-content"}},"wdio_ui5_key":"etmportal.ui.warehousemovements.view.ExecuteMovementsap.m.Button{\"text\":\"Items\"}"}]}
RESULT: {"script":"<script> [1562 bytes]","args":[{"selector":{"controlType":"sap.m.Button","viewName":"etm.portal.ui.warehousemovements.view.ExecuteMovement","viewId":"application-warehousemovements-display-component---executeMovement","properties":{"text":"Items"},"interaction":{"idSuffix":"BDI-content"}},"wdio_ui5_key":"etmportal.ui.warehousemovements.view.ExecuteMovementsap.m.Button{\"text\":\"Items\"}"}]}
RESULT: undefined
COMMAND: POST /session/7f6ec3857c10649f26842f36b7e75a4c/element - {"using":"xpath","value":"//*[@id=\"__layout353-anchBar-application-warehousemovements-display-component---executeMovement--itemsSection-anchor\"]"}
RESULT: {"using":"xpath","value":"//*[@id=\"__layout353-anchBar-application-warehousemovements-display-component---executeMovement--itemsSection-anchor\"]"}
COMMAND: POST /session/7f6ec3857c10649f26842f36b7e75a4c/element/f.4BE7CB3E9946CAC77AC1BA1FEFE24C33.d.231D643531EE65CED78F717C84BF2402.e.10612/click - {}
RESULT: {}
COMMAND: GET /session/7f6ec3857c10649f26842f36b7e75a4c/screenshot - {}
RESULT: {}
COMMAND: POST /session/7f6ec3857c10649f26842f36b7e75a4c/execute/async - {"script":"<script> [1562 bytes]","args":[{"selector":{"controlType":"sap.m.ToggleButton","viewName":"etm.portal.ui.warehousemovements.view.ExecuteMovement","viewId":"application-warehousemovements-display-component---executeMovement","bindingPath":{"propertyPath":"STATUS","modelName":"catalogModel"},"interaction":{"idSuffix":"BDI-content"}},"wdio_ui5_key":"etmportal.ui.warehousemovements.view.ExecuteMovementsap.m.ToggleButton{\"propertyPath\":\"STATUS\",\"modelName\":\"catalogModel\"}"}]}
RESULT: {"script":"<script> [1562 bytes]","args":[{"selector":{"controlType":"sap.m.ToggleButton","viewName":"etm.portal.ui.warehousemovements.view.ExecuteMovement","viewId":"application-warehousemovements-display-component---executeMovement","bindingPath":{"propertyPath":"STATUS","modelName":"catalogModel"},"interaction":{"idSuffix":"BDI-content"}},"wdio_ui5_key":"etmportal.ui.warehousemovements.view.ExecuteMovementsap.m.ToggleButton{\"propertyPath\":\"STATUS\",\"modelName\":\"catalogModel\"}"}]}
RESULT: undefined
COMMAND: POST /session/7f6ec3857c10649f26842f36b7e75a4c/element - {"using":"xpath","value":"//*[@id=\"__button242-__clone2629\"]"}
RESULT: {"using":"xpath","value":"//*[@id=\"__button242-__clone2629\"]"}
COMMAND: POST /session/7f6ec3857c10649f26842f36b7e75a4c/element/f.4BE7CB3E9946CAC77AC1BA1FEFE24C33.d.231D643531EE65CED78F717C84BF2402.e.10585/click - {}
RESULT: {}
RESULT: undefined
COMMAND: POST /session/7f6ec3857c10649f26842f36b7e75a4c/element - {"using":"xpath","value":"//*[@id=\"__button242-__clone2629\"]"}
COMMAND: GET /session/7f6ec3857c10649f26842f36b7e75a4c/screenshot - {}
RESULT: {"using":"xpath","value":"//*[@id=\"__button242-__clone2629\"]"}
COMMAND: POST /session/7f6ec3857c10649f26842f36b7e75a4c/element/f.4BE7CB3E9946CAC77AC1BA1FEFE24C33.d.231D643531EE65CED78F717C84BF2402.e.10585/click - {}
RESULT: {}
RESULT: {}
COMMAND: GET /session/7f6ec3857c10649f26842f36b7e75a4c/screenshot - {}
RESULT: {}
RESULT: undefined
COMMAND: POST /session/7f6ec3857c10649f26842f36b7e75a4c/execute/async - {"script":"<script> [6424 bytes]","args":[{"element-6066-11e4-a52e-4f735466cecf":"f.4BE7CB3E9946CAC77AC1BA1FEFE24C33.d.231D643531EE65CED78F717C84BF2402.e.10618"},"getText",[]]}
RESULT: {"script":"<script> [6424 bytes]","args":[{"element-6066-11e4-a52e-4f735466cecf":"f.4BE7CB3E9946CAC77AC1BA1FEFE24C33.d.231D643531EE65CED78F717C84BF2402.e.10618"},"getText",[]]}
COMMAND: POST /session/7f6ec3857c10649f26842f36b7e75a4c/element - {"using":"xpath","value":"//section[contains(@id,\"FC-NoHead\")]/div[1]/div[5]/div[2]/span"}
RESULT: {"using":"xpath","value":"//section[contains(@id,\"FC-NoHead\")]/div[1]/div[5]/div[2]/span"}
COMMAND: POST /session/7f6ec3857c10649f26842f36b7e75a4c/elements - {"using":"xpath","value":"//section[contains(@id,\"FC-NoHead\")]/div[1]/div[5]/div[2]/span"}
RESULT: {"using":"xpath","value":"//section[contains(@id,\"FC-NoHead\")]/div[1]/div[5]/div[2]/span"}
COMMAND: POST /session/7f6ec3857c10649f26842f36b7e75a4c/execute/sync - {"script":"<script> [56 bytes]","args":[{"element-6066-11e4-a52e-4f735466cecf":"f.4BE7CB3E9946CAC77AC1BA1FEFE24C33.d.231D643531EE65CED78F717C84BF2402.e.10620","ELEMENT":"f.4BE7CB3E9946CAC77AC1BA1FEFE24C33.d.231D643531EE65CED78F717C84BF2402.e.10620"}]}
RESULT: {"script":"<script> [56 bytes]","args":[{"element-6066-11e4-a52e-4f735466cecf":"f.4BE7CB3E9946CAC77AC1BA1FEFE24C33.d.231D643531EE65CED78F717C84BF2402.e.10620","ELEMENT":"f.4BE7CB3E9946CAC77AC1BA1FEFE24C33.d.231D643531EE65CED78F717C84BF2402.e.10620"}]}
COMMAND: POST /session/7f6ec3857c10649f26842f36b7e75a4c/actions - {"actions":[{"id":"action35","type":"key","parameters":{},"actions":[{"type":"keyDown","value":"î€‡"},{"type":"pause","duration":10},{"type":"keyUp","value":"î€‡"}]}]}
COMMAND: GET /session/7f6ec3857c10649f26842f36b7e75a4c/screenshot - {}
RESULT: {"actions":[{"id":"action35","type":"key","parameters":{},"actions":[{"type":"keyDown","value":"î€‡"},{"type":"pause","duration":10},{"type":"keyUp","value":"î€‡"}]}]}
COMMAND: POST /session/7f6ec3857c10649f26842f36b7e75a4c/execute/async - {"script":"<script> [1562 bytes]","args":[{"selector":{"id":"application-warehousemovements-display-component---executeMovement--executeId","interaction":{"idSuffix":"BDI-content"}},"wdio_ui5_key":"applicationwarehousemovements-display-component---executeMovement--executeId"}]}
COMMAND: GET /session/7f6ec3857c10649f26842f36b7e75a4c/screenshot - {}
RESULT: {}
RESULT: {"script":"<script> [1562 bytes]","args":[{"selector":{"id":"application-warehousemovements-display-component---executeMovement--executeId","interaction":{"idSuffix":"BDI-content"}},"wdio_ui5_key":"applicationwarehousemovements-display-component---executeMovement--executeId"}]}
RESULT: undefined
COMMAND: POST /session/7f6ec3857c10649f26842f36b7e75a4c/element - {"using":"xpath","value":"//*[@id=\"application-warehousemovements-display-component---executeMovement--executeId\"]"}
RESULT: {}
RESULT: {"using":"xpath","value":"//*[@id=\"application-warehousemovements-display-component---executeMovement--executeId\"]"}
COMMAND: POST /session/7f6ec3857c10649f26842f36b7e75a4c/element/f.4BE7CB3E9946CAC77AC1BA1FEFE24C33.d.231D643531EE65CED78F717C84BF2402.e.10579/click - {}
RESULT: {}
COMMAND: GET /session/7f6ec3857c10649f26842f36b7e75a4c/screenshot - {}
RESULT: {}
COMMAND: POST /session/7f6ec3857c10649f26842f36b7e75a4c/element - {"using":"css selector","value":"#shell-header-logo"}
RESULT: {"using":"css selector","value":"#shell-header-logo"}
COMMAND: POST /session/7f6ec3857c10649f26842f36b7e75a4c/element/f.4BE7CB3E9946CAC77AC1BA1FEFE24C33.d.231D643531EE65CED78F717C84BF2402.e.9423/click - {}
RESULT: {}
COMMAND: GET /session/7f6ec3857c10649f26842f36b7e75a4c/screenshot - {}
RESULT: {}
RESULT: undefined
COMMAND: POST /session/7f6ec3857c10649f26842f36b7e75a4c/element - {"using":"xpath","value":"//*[@id=\"__tile131\"]"}
RESULT: {"using":"xpath","value":"//*[@id=\"__tile131\"]"}
COMMAND: POST /session/7f6ec3857c10649f26842f36b7e75a4c/element/f.4BE7CB3E9946CAC77AC1BA1FEFE24C33.d.231D643531EE65CED78F717C84BF2402.e.7864/click - {}
RESULT: {}
COMMAND: GET /session/7f6ec3857c10649f26842f36b7e75a4c/screenshot - {}
RESULT: {}
COMMAND: POST /session/7f6ec3857c10649f26842f36b7e75a4c/elements - {"using":"xpath","value":"//span[text()='Error']"}
RESULT: {"using":"xpath","value":"//span[text()='Error']"}
COMMAND: POST /session/7f6ec3857c10649f26842f36b7e75a4c/execute/async - {"script":"<script> [1562 bytes]","args":[{"selector":{"controlType":"sap.m.SearchField","viewName":"etm.portal.ui.managehandovers.view.MasterHO","bindingPath":{"propertyPath":"/_BASIC_SEARCH_FIELD","modelName":"fi1t3rM0d31"},"interaction":{"idSuffix":"I"}},"wdio_ui5_key":"etmportal.ui.managehandovers.view.MasterHOsap.m.SearchField{\"propertyPath\":\"/_BASIC_SEARCH_FIELD\",\"modelName\":\"fi1t3rM0d31\"}"}]}
RESULT: {"script":"<script> [1562 bytes]","args":[{"selector":{"controlType":"sap.m.SearchField","viewName":"etm.portal.ui.managehandovers.view.MasterHO","bindingPath":{"propertyPath":"/_BASIC_SEARCH_FIELD","modelName":"fi1t3rM0d31"},"interaction":{"idSuffix":"I"}},"wdio_ui5_key":"etmportal.ui.managehandovers.view.MasterHOsap.m.SearchField{\"propertyPath\":\"/_BASIC_SEARCH_FIELD\",\"modelName\":\"fi1t3rM0d31\"}"}]}
RESULT: undefined
COMMAND: POST /session/7f6ec3857c10649f26842f36b7e75a4c/execute/async - {"script":"<script> [776 bytes]","args":[{"enterText":"30423","selector":{"controlType":"sap.m.SearchField","viewName":"etm.portal.ui.managehandovers.view.MasterHO","bindingPath":{"propertyPath":"/_BASIC_SEARCH_FIELD","modelName":"fi1t3rM0d31"},"interaction":{"idSuffix":"I"}},"clearTextFirst":true,"interactionType":"ENTER_TEXT"}]}
RESULT: {"script":"<script> [776 bytes]","args":[{"enterText":"30423","selector":{"controlType":"sap.m.SearchField","viewName":"etm.portal.ui.managehandovers.view.MasterHO","bindingPath":{"propertyPath":"/_BASIC_SEARCH_FIELD","modelName":"fi1t3rM0d31"},"interaction":{"idSuffix":"I"}},"clearTextFirst":true,"interactionType":"ENTER_TEXT"}]}
COMMAND: POST /session/7f6ec3857c10649f26842f36b7e75a4c/actions - {"actions":[{"id":"action36","type":"key","parameters":{},"actions":[{"type":"keyDown","value":"î€‡"},{"type":"pause","duration":10},{"type":"keyUp","value":"î€‡"}]}]}
RESULT: {"actions":[{"id":"action36","type":"key","parameters":{},"actions":[{"type":"keyDown","value":"î€‡"},{"type":"pause","duration":10},{"type":"keyUp","value":"î€‡"}]}]}
COMMAND: GET /session/7f6ec3857c10649f26842f36b7e75a4c/screenshot - {}
RESULT: {}
COMMAND: POST /session/7f6ec3857c10649f26842f36b7e75a4c/execute/async - {"script":"<script> [1562 bytes]","args":[{"selector":{"controlType":"sap.ui.core.Icon","viewName":"etm.portal.ui.managehandovers.view.MasterHO","properties":{"src":{"regex":{"source":"slim\\-arrow\\-right"}}}},"wdio_ui5_key":"etmportal.ui.managehandovers.view.MasterHOsap.ui.core.Icon{\"src\":{\"regex\":{\"source\":\"slim\\\\-arrow\\\\-right\"}}}"}]}
RESULT: {"script":"<script> [1562 bytes]","args":[{"selector":{"controlType":"sap.ui.core.Icon","viewName":"etm.portal.ui.managehandovers.view.MasterHO","properties":{"src":{"regex":{"source":"slim\\-arrow\\-right"}}}},"wdio_ui5_key":"etmportal.ui.managehandovers.view.MasterHOsap.ui.core.Icon{\"src\":{\"regex\":{\"source\":\"slim\\\\-arrow\\\\-right\"}}}"}]}
RESULT: undefined
COMMAND: POST /session/7f6ec3857c10649f26842f36b7e75a4c/element - {"using":"xpath","value":"//*[@id=\"__item1395-__clone2708-imgNav\"]"}
RESULT: {"using":"xpath","value":"//*[@id=\"__item1395-__clone2708-imgNav\"]"}
COMMAND: POST /session/7f6ec3857c10649f26842f36b7e75a4c/element/f.4BE7CB3E9946CAC77AC1BA1FEFE24C33.d.231D643531EE65CED78F717C84BF2402.e.10799/click - {}
RESULT: {}
COMMAND: GET /session/7f6ec3857c10649f26842f36b7e75a4c/screenshot - {}
RESULT: {}
COMMAND: POST /session/7f6ec3857c10649f26842f36b7e75a4c/execute/async - {"script":"<script> [1562 bytes]","args":[{"selector":{"controlType":"sap.m.Button","viewName":"etm.portal.ui.managehandovers.view.DetailExecuteHO","i18NText":{"propertyName":"text","key":"confirmAll"},"interaction":{"idSuffix":"BDI-content"}},"wdio_ui5_key":"etmportal.ui.managehandovers.view.DetailExecuteHOsap.m.Button{\"propertyName\":\"text\",\"key\":\"confirmAll\"}"}]}
RESULT: {"script":"<script> [1562 bytes]","args":[{"selector":{"controlType":"sap.m.Button","viewName":"etm.portal.ui.managehandovers.view.DetailExecuteHO","i18NText":{"propertyName":"text","key":"confirmAll"},"interaction":{"idSuffix":"BDI-content"}},"wdio_ui5_key":"etmportal.ui.managehandovers.view.DetailExecuteHOsap.m.Button{\"propertyName\":\"text\",\"key\":\"confirmAll\"}"}]}
RESULT: undefined
COMMAND: POST /session/7f6ec3857c10649f26842f36b7e75a4c/element - {"using":"xpath","value":"//*[@id=\"__button280\"]"}
RESULT: {"using":"xpath","value":"//*[@id=\"__button280\"]"}
COMMAND: POST /session/7f6ec3857c10649f26842f36b7e75a4c/element/f.4BE7CB3E9946CAC77AC1BA1FEFE24C33.d.231D643531EE65CED78F717C84BF2402.e.10889/click - {}
RESULT: {}
COMMAND: GET /session/7f6ec3857c10649f26842f36b7e75a4c/screenshot - {}
RESULT: {}
COMMAND: POST /session/7f6ec3857c10649f26842f36b7e75a4c/actions - {"actions":[{"id":"action37","type":"key","parameters":{},"actions":[{"type":"keyDown","value":"î€‡"},{"type":"pause","duration":10},{"type":"keyUp","value":"î€‡"}]}]}
RESULT: {"actions":[{"id":"action37","type":"key","parameters":{},"actions":[{"type":"keyDown","value":"î€‡"},{"type":"pause","duration":10},{"type":"keyUp","value":"î€‡"}]}]}
COMMAND: GET /session/7f6ec3857c10649f26842f36b7e75a4c/screenshot - {}
RESULT: {}
COMMAND: POST /session/7f6ec3857c10649f26842f36b7e75a4c/element - {"using":"xpath","value":"//button[@data-kt=\"execHoIssueButton\"]"}
RESULT: {"using":"xpath","value":"//button[@data-kt=\"execHoIssueButton\"]"}
COMMAND: POST /session/7f6ec3857c10649f26842f36b7e75a4c/element/f.4BE7CB3E9946CAC77AC1BA1FEFE24C33.d.231D643531EE65CED78F717C84BF2402.e.10893/click - {}
RESULT: {}
COMMAND: GET /session/7f6ec3857c10649f26842f36b7e75a4c/screenshot - {}
RESULT: {}
RESULT: undefined
COMMAND: POST /session/7f6ec3857c10649f26842f36b7e75a4c/execute/async - {"script":"<script> [776 bytes]","args":[{"enterText":"30423","selector":{"controlType":"sap.m.SearchField","viewName":"etm.portal.ui.managehandovers.view.MasterHO","bindingPath":{"propertyPath":"/_BASIC_SEARCH_FIELD","modelName":"fi1t3rM0d31"},"interaction":{"idSuffix":"I"}},"clearTextFirst":true,"interactionType":"ENTER_TEXT"}]}
RESULT: {"script":"<script> [776 bytes]","args":[{"enterText":"30423","selector":{"controlType":"sap.m.SearchField","viewName":"etm.portal.ui.managehandovers.view.MasterHO","bindingPath":{"propertyPath":"/_BASIC_SEARCH_FIELD","modelName":"fi1t3rM0d31"},"interaction":{"idSuffix":"I"}},"clearTextFirst":true,"interactionType":"ENTER_TEXT"}]}
COMMAND: POST /session/7f6ec3857c10649f26842f36b7e75a4c/actions - {"actions":[{"id":"action38","type":"key","parameters":{},"actions":[{"type":"keyDown","value":"î€‡"},{"type":"pause","duration":10},{"type":"keyUp","value":"î€‡"}]}]}
RESULT: {"actions":[{"id":"action38","type":"key","parameters":{},"actions":[{"type":"keyDown","value":"î€‡"},{"type":"pause","duration":10},{"type":"keyUp","value":"î€‡"}]}]}
COMMAND: GET /session/7f6ec3857c10649f26842f36b7e75a4c/screenshot - {}
RESULT: {}
COMMAND: POST /session/7f6ec3857c10649f26842f36b7e75a4c/element - {"using":"xpath","value":"//span[(text() = '30423' or . = '30423')]"}
RESULT: {"using":"xpath","value":"//span[(text() = '30423' or . = '30423')]"}
COMMAND: POST /session/7f6ec3857c10649f26842f36b7e75a4c/element/f.4BE7CB3E9946CAC77AC1BA1FEFE24C33.d.231D643531EE65CED78F717C84BF2402.e.10941/click - {}
RESULT: {}
COMMAND: GET /session/7f6ec3857c10649f26842f36b7e75a4c/screenshot - {}
RESULT: {}
COMMAND: POST /session/7f6ec3857c10649f26842f36b7e75a4c/element - {"using":"xpath","value":"//span[contains(text(), \"Instructions\")]"}
RESULT: {"using":"xpath","value":"//span[contains(text(), \"Instructions\")]"}
COMMAND: POST /session/7f6ec3857c10649f26842f36b7e75a4c/element/f.4BE7CB3E9946CAC77AC1BA1FEFE24C33.d.231D643531EE65CED78F717C84BF2402.e.10980/click - {}
RESULT: {}
COMMAND: GET /session/7f6ec3857c10649f26842f36b7e75a4c/screenshot - {}
RESULT: {}
COMMAND: POST /session/7f6ec3857c10649f26842f36b7e75a4c/element - {"using":"xpath","value":"//span[contains(text(), \"Instructions\")]"}
RESULT: {"using":"xpath","value":"//span[contains(text(), \"Instructions\")]"}
COMMAND: POST /session/7f6ec3857c10649f26842f36b7e75a4c/element/f.4BE7CB3E9946CAC77AC1BA1FEFE24C33.d.231D643531EE65CED78F717C84BF2402.e.10980/click - {}
RESULT: {}
COMMAND: GET /session/7f6ec3857c10649f26842f36b7e75a4c/screenshot - {}
RESULT: {}
COMMAND: POST /session/7f6ec3857c10649f26842f36b7e75a4c/execute/async - {"script":"<script> [1562 bytes]","args":[{"selector":{"controlType":"sap.m.ComboBox","viewName":"etm.portal.ui.managehandovers.view.DetailExecuteHO","bindingPath":{"propertyPath":"RECEIVING_SECTION","modelName":"catalogModel"},"interaction":{"idSuffix":"inner"}},"wdio_ui5_key":"etmportal.ui.managehandovers.view.DetailExecuteHOsap.m.ComboBox{\"propertyPath\":\"RECEIVING_SECTION\",\"modelName\":\"catalogModel\"}"}]}
RESULT: {"script":"<script> [1562 bytes]","args":[{"selector":{"controlType":"sap.m.ComboBox","viewName":"etm.portal.ui.managehandovers.view.DetailExecuteHO","bindingPath":{"propertyPath":"RECEIVING_SECTION","modelName":"catalogModel"},"interaction":{"idSuffix":"inner"}},"wdio_ui5_key":"etmportal.ui.managehandovers.view.DetailExecuteHOsap.m.ComboBox{\"propertyPath\":\"RECEIVING_SECTION\",\"modelName\":\"catalogModel\"}"}]}
RESULT: undefined
COMMAND: POST /session/7f6ec3857c10649f26842f36b7e75a4c/execute/async - {"script":"<script> [776 bytes]","args":[{"enterText":"WDIO-2162","selector":{"controlType":"sap.m.ComboBox","viewName":"etm.portal.ui.managehandovers.view.DetailExecuteHO","bindingPath":{"propertyPath":"RECEIVING_SECTION","modelName":"catalogModel"},"interaction":{"idSuffix":"inner"}},"clearTextFirst":true,"interactionType":"ENTER_TEXT"}]}
RESULT: {"script":"<script> [776 bytes]","args":[{"enterText":"WDIO-2162","selector":{"controlType":"sap.m.ComboBox","viewName":"etm.portal.ui.managehandovers.view.DetailExecuteHO","bindingPath":{"propertyPath":"RECEIVING_SECTION","modelName":"catalogModel"},"interaction":{"idSuffix":"inner"}},"clearTextFirst":true,"interactionType":"ENTER_TEXT"}]}
COMMAND: POST /session/7f6ec3857c10649f26842f36b7e75a4c/actions - {"actions":[{"id":"action39","type":"key","parameters":{},"actions":[{"type":"keyDown","value":"î€‡"},{"type":"pause","duration":10},{"type":"keyUp","value":"î€‡"}]}]}
RESULT: {"actions":[{"id":"action39","type":"key","parameters":{},"actions":[{"type":"keyDown","value":"î€‡"},{"type":"pause","duration":10},{"type":"keyUp","value":"î€‡"}]}]}
COMMAND: GET /session/7f6ec3857c10649f26842f36b7e75a4c/screenshot - {}
RESULT: {}
COMMAND: POST /session/7f6ec3857c10649f26842f36b7e75a4c/element - {"using":"xpath","value":"//button[@data-kt= \"execHoReceiveButton\"]"}
RESULT: {"using":"xpath","value":"//button[@data-kt= \"execHoReceiveButton\"]"}
COMMAND: POST /session/7f6ec3857c10649f26842f36b7e75a4c/element/f.4BE7CB3E9946CAC77AC1BA1FEFE24C33.d.231D643531EE65CED78F717C84BF2402.e.10986/click - {}
RESULT: {}
COMMAND: GET /session/7f6ec3857c10649f26842f36b7e75a4c/screenshot - {}
RESULT: {}
COMMAND: POST /session/7f6ec3857c10649f26842f36b7e75a4c/execute/async - {"script":"<script> [1562 bytes]","args":[{"selector":{"controlType":"sap.m.Button","properties":{"text":"Continue"},"searchOpenDialogs":true,"interaction":{"idSuffix":"content"}},"wdio_ui5_key":"sapm.Button{\"text\":\"Continue\"}"}]}
RESULT: {"script":"<script> [1562 bytes]","args":[{"selector":{"controlType":"sap.m.Button","properties":{"text":"Continue"},"searchOpenDialogs":true,"interaction":{"idSuffix":"content"}},"wdio_ui5_key":"sapm.Button{\"text\":\"Continue\"}"}]}
RESULT: undefined
COMMAND: POST /session/7f6ec3857c10649f26842f36b7e75a4c/element - {"using":"xpath","value":"//*[@id=\"__mbox-btn-6\"]"}
RESULT: {"using":"xpath","value":"//*[@id=\"__mbox-btn-6\"]"}
COMMAND: POST /session/7f6ec3857c10649f26842f36b7e75a4c/element/f.4BE7CB3E9946CAC77AC1BA1FEFE24C33.d.231D643531EE65CED78F717C84BF2402.e.10987/click - {}
RESULT: {}
COMMAND: GET /session/7f6ec3857c10649f26842f36b7e75a4c/screenshot - {}
RESULT: {}
COMMAND: POST /session/7f6ec3857c10649f26842f36b7e75a4c/element - {"using":"css selector","value":"#shell-header-logo"}
RESULT: {"using":"css selector","value":"#shell-header-logo"}
COMMAND: POST /session/7f6ec3857c10649f26842f36b7e75a4c/element/f.4BE7CB3E9946CAC77AC1BA1FEFE24C33.d.231D643531EE65CED78F717C84BF2402.e.10684/click - {}
RESULT: {}
COMMAND: GET /session/7f6ec3857c10649f26842f36b7e75a4c/screenshot - {}
RESULT: {}
COMMAND: POST /session/7f6ec3857c10649f26842f36b7e75a4c/element - {"using":"css selector","value":"#j_username"}
COMMAND: POST /session/7f6ec3857c10649f26842f36b7e75a4c/url - {"url":"https://qa-testing-00-live-etm-ui.cfapps.eu10-004.hana.ondemand.com/"}
RESULT: {"using":"css selector","value":"#j_username"}
COMMAND: POST /session/7f6ec3857c10649f26842f36b7e75a4c/element - {"using":"css selector","value":"#j_username"}
RESULT: {"url":"https://qa-testing-00-live-etm-ui.cfapps.eu10-004.hana.ondemand.com/"}
RESULT: undefined
COMMAND: GET /session/7f6ec3857c10649f26842f36b7e75a4c/screenshot - {}
RESULT: {"using":"css selector","value":"#j_username"}
COMMAND: POST /session/7f6ec3857c10649f26842f36b7e75a4c/element - {"using":"css selector","value":"#shell-header-logo"}
RESULT: {}
RESULT: {"using":"css selector","value":"#shell-header-logo"}
COMMAND: POST /session/7f6ec3857c10649f26842f36b7e75a4c/execute/sync - {"script":"<script> [8489 bytes]","args":[{"element-6066-11e4-a52e-4f735466cecf":"f.4BE7CB3E9946CAC77AC1BA1FEFE24C33.d.F10FE0916F84E12FD1F8AB01FB0E1F85.e.11042","ELEMENT":"f.4BE7CB3E9946CAC77AC1BA1FEFE24C33.d.F10FE0916F84E12FD1F8AB01FB0E1F85.e.11042"}]}
RESULT: {"script":"<script> [8489 bytes]","args":[{"element-6066-11e4-a52e-4f735466cecf":"f.4BE7CB3E9946CAC77AC1BA1FEFE24C33.d.F10FE0916F84E12FD1F8AB01FB0E1F85.e.11042","ELEMENT":"f.4BE7CB3E9946CAC77AC1BA1FEFE24C33.d.F10FE0916F84E12FD1F8AB01FB0E1F85.e.11042"}]}
COMMAND: POST /session/7f6ec3857c10649f26842f36b7e75a4c/element - {"using":"css selector","value":"#shell-header-logo"}
COMMAND: GET /session/7f6ec3857c10649f26842f36b7e75a4c/screenshot - {}
RESULT: {"using":"css selector","value":"#shell-header-logo"}
COMMAND: POST /session/7f6ec3857c10649f26842f36b7e75a4c/execute/sync - {"script":"<script> [8489 bytes]","args":[{"element-6066-11e4-a52e-4f735466cecf":"f.4BE7CB3E9946CAC77AC1BA1FEFE24C33.d.F10FE0916F84E12FD1F8AB01FB0E1F85.e.11042","ELEMENT":"f.4BE7CB3E9946CAC77AC1BA1FEFE24C33.d.F10FE0916F84E12FD1F8AB01FB0E1F85.e.11042"}]}
RESULT: {}
RESULT: {"script":"<script> [8489 bytes]","args":[{"element-6066-11e4-a52e-4f735466cecf":"f.4BE7CB3E9946CAC77AC1BA1FEFE24C33.d.F10FE0916F84E12FD1F8AB01FB0E1F85.e.11042","ELEMENT":"f.4BE7CB3E9946CAC77AC1BA1FEFE24C33.d.F10FE0916F84E12FD1F8AB01FB0E1F85.e.11042"}]}
COMMAND: POST /session/7f6ec3857c10649f26842f36b7e75a4c/execute/sync - {"script":"<script> [5351 bytes]","args":[{"element-6066-11e4-a52e-4f735466cecf":"f.4BE7CB3E9946CAC77AC1BA1FEFE24C33.d.F10FE0916F84E12FD1F8AB01FB0E1F85.e.11042","ELEMENT":"f.4BE7CB3E9946CAC77AC1BA1FEFE24C33.d.F10FE0916F84E12FD1F8AB01FB0E1F85.e.11042"}]}
COMMAND: GET /session/7f6ec3857c10649f26842f36b7e75a4c/screenshot - {}
RESULT: {"script":"<script> [5351 bytes]","args":[{"element-6066-11e4-a52e-4f735466cecf":"f.4BE7CB3E9946CAC77AC1BA1FEFE24C33.d.F10FE0916F84E12FD1F8AB01FB0E1F85.e.11042","ELEMENT":"f.4BE7CB3E9946CAC77AC1BA1FEFE24C33.d.F10FE0916F84E12FD1F8AB01FB0E1F85.e.11042"}]}
COMMAND: POST /session/7f6ec3857c10649f26842f36b7e75a4c/element - {"using":"css selector","value":"#shell-header-logo"}
COMMAND: GET /session/7f6ec3857c10649f26842f36b7e75a4c/screenshot - {}
RESULT: {}
RESULT: {"using":"css selector","value":"#shell-header-logo"}
COMMAND: POST /session/7f6ec3857c10649f26842f36b7e75a4c/element/f.4BE7CB3E9946CAC77AC1BA1FEFE24C33.d.F10FE0916F84E12FD1F8AB01FB0E1F85.e.11042/click - {}
RESULT: {}
RESULT: {}
COMMAND: GET /session/7f6ec3857c10649f26842f36b7e75a4c/screenshot - {}
RESULT: {}
COMMAND: POST /session/7f6ec3857c10649f26842f36b7e75a4c/execute/async - {"script":"<script> [189 bytes]","args":[]}
RESULT: {"script":"<script> [189 bytes]","args":[]}
COMMAND: POST /session/7f6ec3857c10649f26842f36b7e75a4c/execute/async - {"script":"<script> [123 bytes]","args":[]}
RESULT: {"script":"<script> [123 bytes]","args":[]}
COMMAND: POST /session/7f6ec3857c10649f26842f36b7e75a4c/timeouts - {"script":"<number>"}
RESULT: {"script":"<number>"}
COMMAND: GET /session/7f6ec3857c10649f26842f36b7e75a4c/timeouts - {}
RESULT: {}
RESULT: undefined
COMMAND: POST /session/7f6ec3857c10649f26842f36b7e75a4c/execute/async - {"script":"<script> [2676 bytes]","args":[]}
RESULT: {"script":"<script> [2676 bytes]","args":[]}
COMMAND: POST /session/7f6ec3857c10649f26842f36b7e75a4c/execute/async - {"script":"<script> [2342 bytes]","args":[{"protocol":"http","hostname":"0.0.0.0","path":"/","capabilities":{"browserName":"chrome","goog:chromeOptions":{"binary":"C:\\Program Files\\Google\\Chrome\\Application\\chrome.exe","args":["--start-maximized"]}},"logLevel":"warn","connectionRetryTimeout":120000,"connectionRetryCount":3,"logLevels":{},"enableDirectConnect":true,"strictSSL":true,"_":"65 more keys: [\"cacheDir\",\"port\",\"requestedCapabilities\",\"automationProtocol\",\"baseUrl\",\"waitforInterval\",\"waitforTimeout\",\"onReload\",\"beforeCommand\",\"afterCommand\",\"rootDir\",\"specs\",\"suites\",\"exclude\",\"groupLogsByTestSpec\",\"excludeDriverLogs\",\"bail\",\"framework\",\"reporters\",\"services\",\"maxInstances\",\"maxInstancesPerCapability\",\"injectGlobals\",\"filesToWatch\",\"execArgv\",\"runnerEnv\",\"runner\",\"shard\",\"specFileRetries\",\"specFileRetriesDelay\",\"specFileRetriesDeferred\",\"reporterSyncInterval\",\"reporterSyncTimeout\",\"cucumberFeaturesWithLineNumbers\",\"autoCompileOpts\",\"mochaOpts\",\"jasmineOpts\",\"cucumberOpts\",\"onPrepare\",\"onWorkerStart\",\"onWorkerEnd\",\"before\",\"beforeSession\",\"beforeSuite\",\"beforeHook\",\"beforeTest\",\"afterTest\",\"afterHook\",\"afterSuite\",\"afterSession\",\"after\",\"onComplete\",\"beforeAssertion\",\"afterAssertion\",\"beforeFeature\",\"beforeScenario\",\"beforeStep\",\"afterStep\",\"afterScenario\",\"afterFeature\",\"_\",\"suite\",\"$0\",\"ignoredWorkerServices\",\"wdi5\"]"}]}
RESULT: {"script":"<script> [2342 bytes]","args":[{"protocol":"http","hostname":"0.0.0.0","path":"/","capabilities":{"browserName":"chrome","goog:chromeOptions":{"binary":"C:\\Program Files\\Google\\Chrome\\Application\\chrome.exe","args":["--start-maximized"]}},"logLevel":"warn","connectionRetryTimeout":120000,"connectionRetryCount":3,"logLevels":{},"enableDirectConnect":true,"strictSSL":true,"_":"65 more keys: [\"cacheDir\",\"port\",\"requestedCapabilities\",\"automationProtocol\",\"baseUrl\",\"waitforInterval\",\"waitforTimeout\",\"onReload\",\"beforeCommand\",\"afterCommand\",\"rootDir\",\"specs\",\"suites\",\"exclude\",\"groupLogsByTestSpec\",\"excludeDriverLogs\",\"bail\",\"framework\",\"reporters\",\"services\",\"maxInstances\",\"maxInstancesPerCapability\",\"injectGlobals\",\"filesToWatch\",\"execArgv\",\"runnerEnv\",\"runner\",\"shard\",\"specFileRetries\",\"specFileRetriesDelay\",\"specFileRetriesDeferred\",\"reporterSyncInterval\",\"reporterSyncTimeout\",\"cucumberFeaturesWithLineNumbers\",\"autoCompileOpts\",\"mochaOpts\",\"jasmineOpts\",\"cucumberOpts\",\"onPrepare\",\"onWorkerStart\",\"onWorkerEnd\",\"before\",\"beforeSession\",\"beforeSuite\",\"beforeHook\",\"beforeTest\",\"afterTest\",\"afterHook\",\"afterSuite\",\"afterSession\",\"after\",\"onComplete\",\"beforeAssertion\",\"afterAssertion\",\"beforeFeature\",\"beforeScenario\",\"beforeStep\",\"afterStep\",\"afterScenario\",\"afterFeature\",\"_\",\"suite\",\"$0\",\"ignoredWorkerServices\",\"wdi5\"]"}]}
COMMAND: POST /session/7f6ec3857c10649f26842f36b7e75a4c/execute/async - {"script":"<script> [21126 bytes]","args":[35000]}
RESULT: {"script":"<script> [21126 bytes]","args":[35000]}
COMMAND: POST /session/7f6ec3857c10649f26842f36b7e75a4c/window/maximize - {}
RESULT: {}
COMMAND: POST /session/7f6ec3857c10649f26842f36b7e75a4c/execute/async - {"script":"<script> [1562 bytes]","args":[{"selector":{"id":"shell-header","interaction":{"idSuffix":"icon"}},"wdio_ui5_key":"shellheader"}]}
COMMAND: GET /session/7f6ec3857c10649f26842f36b7e75a4c/screenshot - {}
RESULT: {"script":"<script> [1562 bytes]","args":[{"selector":{"id":"shell-header","interaction":{"idSuffix":"icon"}},"wdio_ui5_key":"shellheader"}]}
RESULT: undefined
COMMAND: POST /session/7f6ec3857c10649f26842f36b7e75a4c/window/fullscreen - {}
RESULT: {}
RESULT: {}
]]></system-out>
    </testcase>
  </testsuite>
  <testsuite timestamp="2025-05-15T08:32:55" time="411.472" tests="4" failures="0" errors="0" skipped="0">
    <properties>
      <property name="specId" value="0" />
      <property name="suiteName" value="Provide to Site w/o warehouse management w/ clarification US116605" />
      <property name="capabilities" value="chrome.136_0_7103_49.windows" />
      <property name="file" value="file:///D:/a/1/s/test/specs/HTR/provide-to-site-wo-warehouse-w-clarification.spec.js" />
    </properties>
    <testcase classname="chrome.136_0_7103_49.windows.Provide_to_Site_w/o_warehouse_management_w/_clarification_US116605" name="Should create a new yard" time="109.019">
      <system-out><![CDATA[
COMMAND: POST /session/7f6ec3857c10649f26842f36b7e75a4c/window/fullscreen - {}
RESULT: {}
COMMAND: POST /session/7f6ec3857c10649f26842f36b7e75a4c/execute/async - {"script":"<script> [1562 bytes]","args":[{"selector":{"controlType":"sap.m.GenericTile","properties":{"header":"Manage Yards"}},"wdio_ui5_key":"sapm.GenericTile{\"header\":\"Manage Yards\"}"}]}
RESULT: {"script":"<script> [1562 bytes]","args":[{"selector":{"controlType":"sap.m.GenericTile","properties":{"header":"Manage Yards"}},"wdio_ui5_key":"sapm.GenericTile{\"header\":\"Manage Yards\"}"}]}
RESULT: undefined
COMMAND: POST /session/7f6ec3857c10649f26842f36b7e75a4c/element - {"using":"xpath","value":"//*[@id=\"__tile33\"]"}
RESULT: {"using":"xpath","value":"//*[@id=\"__tile33\"]"}
COMMAND: POST /session/7f6ec3857c10649f26842f36b7e75a4c/element/f.4BE7CB3E9946CAC77AC1BA1FEFE24C33.d.F10FE0916F84E12FD1F8AB01FB0E1F85.e.11065/click - {}
RESULT: {}
COMMAND: GET /session/7f6ec3857c10649f26842f36b7e75a4c/screenshot - {}
RESULT: {}
COMMAND: POST /session/7f6ec3857c10649f26842f36b7e75a4c/elements - {"using":"xpath","value":"//span[text()='Error']"}
RESULT: {"using":"xpath","value":"//span[text()='Error']"}
COMMAND: POST /session/7f6ec3857c10649f26842f36b7e75a4c/element - {"using":"xpath","value":"//button[@data-kt=\"addNewYardOverflowToolbarButton\"]"}
RESULT: {"using":"xpath","value":"//button[@data-kt=\"addNewYardOverflowToolbarButton\"]"}
COMMAND: POST /session/7f6ec3857c10649f26842f36b7e75a4c/elements - {"using":"xpath","value":"//button[@data-kt=\"addNewYardOverflowToolbarButton\"]"}
RESULT: {"using":"xpath","value":"//button[@data-kt=\"addNewYardOverflowToolbarButton\"]"}
COMMAND: POST /session/7f6ec3857c10649f26842f36b7e75a4c/execute/sync - {"script":"<script> [8489 bytes]","args":[{"element-6066-11e4-a52e-4f735466cecf":"f.4BE7CB3E9946CAC77AC1BA1FEFE24C33.d.F10FE0916F84E12FD1F8AB01FB0E1F85.e.11203","ELEMENT":"f.4BE7CB3E9946CAC77AC1BA1FEFE24C33.d.F10FE0916F84E12FD1F8AB01FB0E1F85.e.11203"}]}
RESULT: {"script":"<script> [8489 bytes]","args":[{"element-6066-11e4-a52e-4f735466cecf":"f.4BE7CB3E9946CAC77AC1BA1FEFE24C33.d.F10FE0916F84E12FD1F8AB01FB0E1F85.e.11203","ELEMENT":"f.4BE7CB3E9946CAC77AC1BA1FEFE24C33.d.F10FE0916F84E12FD1F8AB01FB0E1F85.e.11203"}]}
COMMAND: GET /session/7f6ec3857c10649f26842f36b7e75a4c/element/f.4BE7CB3E9946CAC77AC1BA1FEFE24C33.d.F10FE0916F84E12FD1F8AB01FB0E1F85.e.11203/enabled - {}
COMMAND: GET /session/7f6ec3857c10649f26842f36b7e75a4c/screenshot - {}
RESULT: {}
COMMAND: POST /session/7f6ec3857c10649f26842f36b7e75a4c/execute/sync - {"script":"<script> [8489 bytes]","args":[{"element-6066-11e4-a52e-4f735466cecf":"f.4BE7CB3E9946CAC77AC1BA1FEFE24C33.d.F10FE0916F84E12FD1F8AB01FB0E1F85.e.11203","ELEMENT":"f.4BE7CB3E9946CAC77AC1BA1FEFE24C33.d.F10FE0916F84E12FD1F8AB01FB0E1F85.e.11203"}]}
COMMAND: GET /session/7f6ec3857c10649f26842f36b7e75a4c/screenshot - {}
RESULT: {}
RESULT: {"script":"<script> [8489 bytes]","args":[{"element-6066-11e4-a52e-4f735466cecf":"f.4BE7CB3E9946CAC77AC1BA1FEFE24C33.d.F10FE0916F84E12FD1F8AB01FB0E1F85.e.11203","ELEMENT":"f.4BE7CB3E9946CAC77AC1BA1FEFE24C33.d.F10FE0916F84E12FD1F8AB01FB0E1F85.e.11203"}]}
COMMAND: POST /session/7f6ec3857c10649f26842f36b7e75a4c/execute/sync - {"script":"<script> [5351 bytes]","args":[{"element-6066-11e4-a52e-4f735466cecf":"f.4BE7CB3E9946CAC77AC1BA1FEFE24C33.d.F10FE0916F84E12FD1F8AB01FB0E1F85.e.11203","ELEMENT":"f.4BE7CB3E9946CAC77AC1BA1FEFE24C33.d.F10FE0916F84E12FD1F8AB01FB0E1F85.e.11203"}]}
COMMAND: GET /session/7f6ec3857c10649f26842f36b7e75a4c/screenshot - {}
RESULT: {}
RESULT: {"script":"<script> [5351 bytes]","args":[{"element-6066-11e4-a52e-4f735466cecf":"f.4BE7CB3E9946CAC77AC1BA1FEFE24C33.d.F10FE0916F84E12FD1F8AB01FB0E1F85.e.11203","ELEMENT":"f.4BE7CB3E9946CAC77AC1BA1FEFE24C33.d.F10FE0916F84E12FD1F8AB01FB0E1F85.e.11203"}]}
COMMAND: POST /session/7f6ec3857c10649f26842f36b7e75a4c/element/f.4BE7CB3E9946CAC77AC1BA1FEFE24C33.d.F10FE0916F84E12FD1F8AB01FB0E1F85.e.11203/click - {}
COMMAND: GET /session/7f6ec3857c10649f26842f36b7e75a4c/screenshot - {}
RESULT: {}
RESULT: {}
COMMAND: GET /session/7f6ec3857c10649f26842f36b7e75a4c/screenshot - {}
RESULT: {}
RESULT: {}
COMMAND: POST /session/7f6ec3857c10649f26842f36b7e75a4c/element - {"using":"xpath","value":"//input[@id=\"application-manageyards-display-component---NewYard--yardId-inner\"]"}
RESULT: {"using":"xpath","value":"//input[@id=\"application-manageyards-display-component---NewYard--yardId-inner\"]"}
COMMAND: POST /session/7f6ec3857c10649f26842f36b7e75a4c/element - {"using":"xpath","value":"//input[@id=\"application-manageyards-display-component---NewYard--yardId-inner\"]"}
RESULT: {"using":"xpath","value":"//input[@id=\"application-manageyards-display-component---NewYard--yardId-inner\"]"}
COMMAND: POST /session/7f6ec3857c10649f26842f36b7e75a4c/execute/async - {"script":"<script> [1562 bytes]","args":[{"selector":{"id":"application-manageyards-display-component---NewYard--addressDetailDetailsName1","interaction":{"idSuffix":"inner"}},"wdio_ui5_key":"applicationmanageyards-display-component---NewYard--addressDetailDetailsName1"}]}
RESULT: {"script":"<script> [1562 bytes]","args":[{"selector":{"id":"application-manageyards-display-component---NewYard--addressDetailDetailsName1","interaction":{"idSuffix":"inner"}},"wdio_ui5_key":"applicationmanageyards-display-component---NewYard--addressDetailDetailsName1"}]}
RESULT: undefined
COMMAND: POST /session/7f6ec3857c10649f26842f36b7e75a4c/execute/async - {"script":"<script> [776 bytes]","args":[{"enterText":"Other Yard WDIO","selector":{"id":"application-manageyards-display-component---NewYard--addressDetailDetailsName1","interaction":{"idSuffix":"inner"}},"clearTextFirst":true,"interactionType":"ENTER_TEXT"}]}
RESULT: {"script":"<script> [776 bytes]","args":[{"enterText":"Other Yard WDIO","selector":{"id":"application-manageyards-display-component---NewYard--addressDetailDetailsName1","interaction":{"idSuffix":"inner"}},"clearTextFirst":true,"interactionType":"ENTER_TEXT"}]}
COMMAND: POST /session/7f6ec3857c10649f26842f36b7e75a4c/execute/async - {"script":"<script> [1562 bytes]","args":[{"selector":{"id":"application-manageyards-display-component---NewYard--addressDetailDetailsLanguage-arrow"},"wdio_ui5_key":"applicationmanageyards-display-component---NewYard--addressDetailDetailsLanguage-arrow"}]}
RESULT: {"script":"<script> [1562 bytes]","args":[{"selector":{"id":"application-manageyards-display-component---NewYard--addressDetailDetailsLanguage-arrow"},"wdio_ui5_key":"applicationmanageyards-display-component---NewYard--addressDetailDetailsLanguage-arrow"}]}
RESULT: undefined
COMMAND: POST /session/7f6ec3857c10649f26842f36b7e75a4c/element - {"using":"xpath","value":"//*[@id=\"application-manageyards-display-component---NewYard--addressDetailDetailsLanguage-arrow\"]"}
RESULT: {"using":"xpath","value":"//*[@id=\"application-manageyards-display-component---NewYard--addressDetailDetailsLanguage-arrow\"]"}
COMMAND: POST /session/7f6ec3857c10649f26842f36b7e75a4c/element/f.4BE7CB3E9946CAC77AC1BA1FEFE24C33.d.F10FE0916F84E12FD1F8AB01FB0E1F85.e.11627/click - {}
RESULT: {}
COMMAND: POST /session/7f6ec3857c10649f26842f36b7e75a4c/element - {"using":"xpath","value":"//span[contains(text(), \"English\")]"}
COMMAND: GET /session/7f6ec3857c10649f26842f36b7e75a4c/screenshot - {}
RESULT: {"using":"xpath","value":"//span[contains(text(), \"English\")]"}
COMMAND: POST /session/7f6ec3857c10649f26842f36b7e75a4c/element/f.4BE7CB3E9946CAC77AC1BA1FEFE24C33.d.F10FE0916F84E12FD1F8AB01FB0E1F85.e.11628/click - {}
RESULT: {}
RESULT: {}
COMMAND: POST /session/7f6ec3857c10649f26842f36b7e75a4c/execute/async - {"script":"<script> [1562 bytes]","args":[{"selector":{"id":"application-manageyards-display-component---NewYard--addressDetailDetailsCity1","interaction":{"idSuffix":"inner"}},"wdio_ui5_key":"applicationmanageyards-display-component---NewYard--addressDetailDetailsCity1"}]}
COMMAND: GET /session/7f6ec3857c10649f26842f36b7e75a4c/screenshot - {}
RESULT: {"script":"<script> [1562 bytes]","args":[{"selector":{"id":"application-manageyards-display-component---NewYard--addressDetailDetailsCity1","interaction":{"idSuffix":"inner"}},"wdio_ui5_key":"applicationmanageyards-display-component---NewYard--addressDetailDetailsCity1"}]}
RESULT: undefined
COMMAND: POST /session/7f6ec3857c10649f26842f36b7e75a4c/execute/async - {"script":"<script> [776 bytes]","args":[{"enterText":"Rosario","selector":{"id":"application-manageyards-display-component---NewYard--addressDetailDetailsCity1","interaction":{"idSuffix":"inner"}},"clearTextFirst":true,"interactionType":"ENTER_TEXT"}]}
RESULT: {}
RESULT: {"script":"<script> [776 bytes]","args":[{"enterText":"Rosario","selector":{"id":"application-manageyards-display-component---NewYard--addressDetailDetailsCity1","interaction":{"idSuffix":"inner"}},"clearTextFirst":true,"interactionType":"ENTER_TEXT"}]}
COMMAND: POST /session/7f6ec3857c10649f26842f36b7e75a4c/execute/async - {"script":"<script> [1562 bytes]","args":[{"selector":{"id":"application-manageyards-display-component---NewYard--addressDetailDetailsCountry-arrow"},"wdio_ui5_key":"applicationmanageyards-display-component---NewYard--addressDetailDetailsCountry-arrow"}]}
RESULT: {"script":"<script> [1562 bytes]","args":[{"selector":{"id":"application-manageyards-display-component---NewYard--addressDetailDetailsCountry-arrow"},"wdio_ui5_key":"applicationmanageyards-display-component---NewYard--addressDetailDetailsCountry-arrow"}]}
RESULT: undefined
COMMAND: POST /session/7f6ec3857c10649f26842f36b7e75a4c/element - {"using":"xpath","value":"//*[@id=\"application-manageyards-display-component---NewYard--addressDetailDetailsCountry-arrow\"]"}
RESULT: {"using":"xpath","value":"//*[@id=\"application-manageyards-display-component---NewYard--addressDetailDetailsCountry-arrow\"]"}
COMMAND: POST /session/7f6ec3857c10649f26842f36b7e75a4c/element/f.4BE7CB3E9946CAC77AC1BA1FEFE24C33.d.F10FE0916F84E12FD1F8AB01FB0E1F85.e.11630/click - {}
RESULT: {}
COMMAND: POST /session/7f6ec3857c10649f26842f36b7e75a4c/element - {"using":"xpath","value":"//span[contains(text(), \"Argentina\")]"}
COMMAND: GET /session/7f6ec3857c10649f26842f36b7e75a4c/screenshot - {}
RESULT: {"using":"xpath","value":"//span[contains(text(), \"Argentina\")]"}
COMMAND: POST /session/7f6ec3857c10649f26842f36b7e75a4c/element/f.4BE7CB3E9946CAC77AC1BA1FEFE24C33.d.F10FE0916F84E12FD1F8AB01FB0E1F85.e.11631/click - {}
RESULT: {}
RESULT: {}
COMMAND: POST /session/7f6ec3857c10649f26842f36b7e75a4c/execute/async - {"script":"<script> [1562 bytes]","args":[{"selector":{"id":"application-manageyards-display-component---NewYard--addressEditDetailsCostObjectCstType-arrow"},"wdio_ui5_key":"applicationmanageyards-display-component---NewYard--addressEditDetailsCostObjectCstType-arrow"}]}
COMMAND: GET /session/7f6ec3857c10649f26842f36b7e75a4c/screenshot - {}
RESULT: {"script":"<script> [1562 bytes]","args":[{"selector":{"id":"application-manageyards-display-component---NewYard--addressEditDetailsCostObjectCstType-arrow"},"wdio_ui5_key":"applicationmanageyards-display-component---NewYard--addressEditDetailsCostObjectCstType-arrow"}]}
RESULT: undefined
COMMAND: POST /session/7f6ec3857c10649f26842f36b7e75a4c/element - {"using":"xpath","value":"//*[@id=\"application-manageyards-display-component---NewYard--addressEditDetailsCostObjectCstType-arrow\"]"}
RESULT: {}
RESULT: {"using":"xpath","value":"//*[@id=\"application-manageyards-display-component---NewYard--addressEditDetailsCostObjectCstType-arrow\"]"}
COMMAND: POST /session/7f6ec3857c10649f26842f36b7e75a4c/element/f.4BE7CB3E9946CAC77AC1BA1FEFE24C33.d.F10FE0916F84E12FD1F8AB01FB0E1F85.e.11633/click - {}
RESULT: {}
COMMAND: POST /session/7f6ec3857c10649f26842f36b7e75a4c/element - {"using":"xpath","value":"//span[contains(text(), \"Cost Center\")]"}
COMMAND: GET /session/7f6ec3857c10649f26842f36b7e75a4c/screenshot - {}
RESULT: {"using":"xpath","value":"//span[contains(text(), \"Cost Center\")]"}
COMMAND: POST /session/7f6ec3857c10649f26842f36b7e75a4c/element/f.4BE7CB3E9946CAC77AC1BA1FEFE24C33.d.F10FE0916F84E12FD1F8AB01FB0E1F85.e.11634/click - {}
RESULT: {}
RESULT: {}
COMMAND: GET /session/7f6ec3857c10649f26842f36b7e75a4c/screenshot - {}
RESULT: {}
COMMAND: POST /session/7f6ec3857c10649f26842f36b7e75a4c/element - {"using":"xpath","value":"//span[@id=\"application-manageyards-display-component---NewYard--addressNewCostObjectCstID-vhi\"]"}
RESULT: {"using":"xpath","value":"//span[@id=\"application-manageyards-display-component---NewYard--addressNewCostObjectCstID-vhi\"]"}
COMMAND: POST /session/7f6ec3857c10649f26842f36b7e75a4c/execute/sync - {"script":"<script> [8489 bytes]","args":[{"element-6066-11e4-a52e-4f735466cecf":"f.4BE7CB3E9946CAC77AC1BA1FEFE24C33.d.F10FE0916F84E12FD1F8AB01FB0E1F85.e.11638","ELEMENT":"f.4BE7CB3E9946CAC77AC1BA1FEFE24C33.d.F10FE0916F84E12FD1F8AB01FB0E1F85.e.11638"}]}
RESULT: {"script":"<script> [8489 bytes]","args":[{"element-6066-11e4-a52e-4f735466cecf":"f.4BE7CB3E9946CAC77AC1BA1FEFE24C33.d.F10FE0916F84E12FD1F8AB01FB0E1F85.e.11638","ELEMENT":"f.4BE7CB3E9946CAC77AC1BA1FEFE24C33.d.F10FE0916F84E12FD1F8AB01FB0E1F85.e.11638"}]}
COMMAND: POST /session/7f6ec3857c10649f26842f36b7e75a4c/execute/async - {"script":"<script> [1562 bytes]","args":[{"selector":{"id":"application-manageyards-display-component---NewYard--addressNewCostObjectCstID-vhi"},"wdio_ui5_key":"applicationmanageyards-display-component---NewYard--addressNewCostObjectCstID-vhi"}]}
COMMAND: GET /session/7f6ec3857c10649f26842f36b7e75a4c/screenshot - {}
RESULT: {"script":"<script> [1562 bytes]","args":[{"selector":{"id":"application-manageyards-display-component---NewYard--addressNewCostObjectCstID-vhi"},"wdio_ui5_key":"applicationmanageyards-display-component---NewYard--addressNewCostObjectCstID-vhi"}]}
RESULT: undefined
COMMAND: POST /session/7f6ec3857c10649f26842f36b7e75a4c/element - {"using":"xpath","value":"//*[@id=\"application-manageyards-display-component---NewYard--addressNewCostObjectCstID-vhi\"]"}
RESULT: {}
RESULT: {"using":"xpath","value":"//*[@id=\"application-manageyards-display-component---NewYard--addressNewCostObjectCstID-vhi\"]"}
COMMAND: POST /session/7f6ec3857c10649f26842f36b7e75a4c/element/f.4BE7CB3E9946CAC77AC1BA1FEFE24C33.d.F10FE0916F84E12FD1F8AB01FB0E1F85.e.11638/click - {}
RESULT: {}
COMMAND: GET /session/7f6ec3857c10649f26842f36b7e75a4c/screenshot - {}
RESULT: {}
COMMAND: POST /session/7f6ec3857c10649f26842f36b7e75a4c/execute/async - {"script":"<script> [1562 bytes]","args":[{"selector":{"controlType":"sap.m.SearchField","properties":{"placeholder":"Search"},"searchOpenDialogs":true,"interaction":{"idSuffix":"I"}},"wdio_ui5_key":"sapm.SearchField{\"placeholder\":\"Search\"}"}]}
RESULT: {"script":"<script> [1562 bytes]","args":[{"selector":{"controlType":"sap.m.SearchField","properties":{"placeholder":"Search"},"searchOpenDialogs":true,"interaction":{"idSuffix":"I"}},"wdio_ui5_key":"sapm.SearchField{\"placeholder\":\"Search\"}"}]}
RESULT: undefined
COMMAND: POST /session/7f6ec3857c10649f26842f36b7e75a4c/execute/async - {"script":"<script> [776 bytes]","args":[{"enterText":"bauh_b","selector":{"controlType":"sap.m.SearchField","properties":{"placeholder":"Search"},"searchOpenDialogs":true,"interaction":{"idSuffix":"I"}},"clearTextFirst":true,"interactionType":"ENTER_TEXT"}]}
RESULT: {"script":"<script> [776 bytes]","args":[{"enterText":"bauh_b","selector":{"controlType":"sap.m.SearchField","properties":{"placeholder":"Search"},"searchOpenDialogs":true,"interaction":{"idSuffix":"I"}},"clearTextFirst":true,"interactionType":"ENTER_TEXT"}]}
COMMAND: POST /session/7f6ec3857c10649f26842f36b7e75a4c/actions - {"actions":[{"id":"action40","type":"key","parameters":{},"actions":[{"type":"keyDown","value":"î€‡"},{"type":"pause","duration":10},{"type":"keyUp","value":"î€‡"}]}]}
RESULT: {"actions":[{"id":"action40","type":"key","parameters":{},"actions":[{"type":"keyDown","value":"î€‡"},{"type":"pause","duration":10},{"type":"keyUp","value":"î€‡"}]}]}
COMMAND: GET /session/7f6ec3857c10649f26842f36b7e75a4c/screenshot - {}
RESULT: {}
COMMAND: POST /session/7f6ec3857c10649f26842f36b7e75a4c/element - {"using":"xpath","value":"//span[contains(text(), \"Demo Yard\")]"}
RESULT: {"using":"xpath","value":"//span[contains(text(), \"Demo Yard\")]"}
COMMAND: POST /session/7f6ec3857c10649f26842f36b7e75a4c/element/f.4BE7CB3E9946CAC77AC1BA1FEFE24C33.d.F10FE0916F84E12FD1F8AB01FB0E1F85.e.11678/click - {}
RESULT: {}
COMMAND: GET /session/7f6ec3857c10649f26842f36b7e75a4c/screenshot - {}
RESULT: {}
COMMAND: POST /session/7f6ec3857c10649f26842f36b7e75a4c/element - {"using":"xpath","value":"//bdi[contains(text(), \"OK\")]"}
RESULT: {"using":"xpath","value":"//bdi[contains(text(), \"OK\")]"}
COMMAND: POST /session/7f6ec3857c10649f26842f36b7e75a4c/element/f.4BE7CB3E9946CAC77AC1BA1FEFE24C33.d.F10FE0916F84E12FD1F8AB01FB0E1F85.e.11679/click - {}
RESULT: {}
COMMAND: GET /session/7f6ec3857c10649f26842f36b7e75a4c/screenshot - {}
RESULT: {}
COMMAND: POST /session/7f6ec3857c10649f26842f36b7e75a4c/execute/async - {"script":"<script> [1562 bytes]","args":[{"selector":{"id":"application-manageyards-display-component---NewYard--addressEditDetailsCurrency-arrow"},"wdio_ui5_key":"applicationmanageyards-display-component---NewYard--addressEditDetailsCurrency-arrow"}]}
RESULT: {"script":"<script> [1562 bytes]","args":[{"selector":{"id":"application-manageyards-display-component---NewYard--addressEditDetailsCurrency-arrow"},"wdio_ui5_key":"applicationmanageyards-display-component---NewYard--addressEditDetailsCurrency-arrow"}]}
RESULT: undefined
COMMAND: POST /session/7f6ec3857c10649f26842f36b7e75a4c/element - {"using":"xpath","value":"//*[@id=\"application-manageyards-display-component---NewYard--addressEditDetailsCurrency-arrow\"]"}
RESULT: {"using":"xpath","value":"//*[@id=\"application-manageyards-display-component---NewYard--addressEditDetailsCurrency-arrow\"]"}
COMMAND: POST /session/7f6ec3857c10649f26842f36b7e75a4c/element/f.4BE7CB3E9946CAC77AC1BA1FEFE24C33.d.F10FE0916F84E12FD1F8AB01FB0E1F85.e.11682/click - {}
RESULT: {}
COMMAND: POST /session/7f6ec3857c10649f26842f36b7e75a4c/element - {"using":"xpath","value":"//span[contains(text(), \"Euro\")]"}
COMMAND: GET /session/7f6ec3857c10649f26842f36b7e75a4c/screenshot - {}
RESULT: {"using":"xpath","value":"//span[contains(text(), \"Euro\")]"}
COMMAND: POST /session/7f6ec3857c10649f26842f36b7e75a4c/element/f.4BE7CB3E9946CAC77AC1BA1FEFE24C33.d.F10FE0916F84E12FD1F8AB01FB0E1F85.e.11683/click - {}
RESULT: {}
RESULT: {}
COMMAND: POST /session/7f6ec3857c10649f26842f36b7e75a4c/execute/async - {"script":"<script> [1562 bytes]","args":[{"selector":{"controlType":"sap.m.Input","viewName":"etm.portal.ui.manageyards.view.New","viewId":"application-manageyards-display-component---NewYard","bindingPath":{"path":"","propertyPath":"/CONTROLLING_AREA","modelName":"NewYardModel"},"interaction":{"idSuffix":"inner"}},"wdio_ui5_key":"etmportal.ui.manageyards.view.Newsap.m.Input{\"path\":\"\",\"propertyPath\":\"/CONTROLLING_AREA\",\"modelName\":\"NewYardModel\"}"}]}
COMMAND: GET /session/7f6ec3857c10649f26842f36b7e75a4c/screenshot - {}
RESULT: {"script":"<script> [1562 bytes]","args":[{"selector":{"controlType":"sap.m.Input","viewName":"etm.portal.ui.manageyards.view.New","viewId":"application-manageyards-display-component---NewYard","bindingPath":{"path":"","propertyPath":"/CONTROLLING_AREA","modelName":"NewYardModel"},"interaction":{"idSuffix":"inner"}},"wdio_ui5_key":"etmportal.ui.manageyards.view.Newsap.m.Input{\"path\":\"\",\"propertyPath\":\"/CONTROLLING_AREA\",\"modelName\":\"NewYardModel\"}"}]}
RESULT: undefined
COMMAND: POST /session/7f6ec3857c10649f26842f36b7e75a4c/execute/async - {"script":"<script> [776 bytes]","args":[{"enterText":"Z001","selector":{"controlType":"sap.m.Input","viewName":"etm.portal.ui.manageyards.view.New","viewId":"application-manageyards-display-component---NewYard","bindingPath":{"path":"","propertyPath":"/CONTROLLING_AREA","modelName":"NewYardModel"},"interaction":{"idSuffix":"inner"}},"clearTextFirst":true,"interactionType":"ENTER_TEXT"}]}
RESULT: {}
RESULT: {"script":"<script> [776 bytes]","args":[{"enterText":"Z001","selector":{"controlType":"sap.m.Input","viewName":"etm.portal.ui.manageyards.view.New","viewId":"application-manageyards-display-component---NewYard","bindingPath":{"path":"","propertyPath":"/CONTROLLING_AREA","modelName":"NewYardModel"},"interaction":{"idSuffix":"inner"}},"clearTextFirst":true,"interactionType":"ENTER_TEXT"}]}
COMMAND: POST /session/7f6ec3857c10649f26842f36b7e75a4c/execute/async - {"script":"<script> [1562 bytes]","args":[{"selector":{"id":"application-manageyards-display-component---NewYard--companyCodeComboBox","interaction":{"idSuffix":"inner"}},"wdio_ui5_key":"applicationmanageyards-display-component---NewYard--companyCodeComboBox"}]}
RESULT: {"script":"<script> [1562 bytes]","args":[{"selector":{"id":"application-manageyards-display-component---NewYard--companyCodeComboBox","interaction":{"idSuffix":"inner"}},"wdio_ui5_key":"applicationmanageyards-display-component---NewYard--companyCodeComboBox"}]}
RESULT: undefined
COMMAND: POST /session/7f6ec3857c10649f26842f36b7e75a4c/execute/async - {"script":"<script> [776 bytes]","args":[{"enterText":"1000","selector":{"id":"application-manageyards-display-component---NewYard--companyCodeComboBox","interaction":{"idSuffix":"inner"}},"clearTextFirst":true,"interactionType":"ENTER_TEXT"}]}
RESULT: {"script":"<script> [776 bytes]","args":[{"enterText":"1000","selector":{"id":"application-manageyards-display-component---NewYard--companyCodeComboBox","interaction":{"idSuffix":"inner"}},"clearTextFirst":true,"interactionType":"ENTER_TEXT"}]}
COMMAND: POST /session/7f6ec3857c10649f26842f36b7e75a4c/execute/async - {"script":"<script> [1562 bytes]","args":[{"selector":{"controlType":"sap.m.Input","viewName":"etm.portal.ui.manageyards.view.New","viewId":"application-manageyards-display-component---NewYard","bindingPath":{"path":"","propertyPath":"/PLANT","modelName":"NewYardModel"},"interaction":{"idSuffix":"inner"}},"wdio_ui5_key":"etmportal.ui.manageyards.view.Newsap.m.Input{\"path\":\"\",\"propertyPath\":\"/PLANT\",\"modelName\":\"NewYardModel\"}"}]}
RESULT: {"script":"<script> [1562 bytes]","args":[{"selector":{"controlType":"sap.m.Input","viewName":"etm.portal.ui.manageyards.view.New","viewId":"application-manageyards-display-component---NewYard","bindingPath":{"path":"","propertyPath":"/PLANT","modelName":"NewYardModel"},"interaction":{"idSuffix":"inner"}},"wdio_ui5_key":"etmportal.ui.manageyards.view.Newsap.m.Input{\"path\":\"\",\"propertyPath\":\"/PLANT\",\"modelName\":\"NewYardModel\"}"}]}
RESULT: undefined
COMMAND: POST /session/7f6ec3857c10649f26842f36b7e75a4c/execute/async - {"script":"<script> [776 bytes]","args":[{"enterText":"1001","selector":{"controlType":"sap.m.Input","viewName":"etm.portal.ui.manageyards.view.New","viewId":"application-manageyards-display-component---NewYard","bindingPath":{"path":"","propertyPath":"/PLANT","modelName":"NewYardModel"},"interaction":{"idSuffix":"inner"}},"clearTextFirst":true,"interactionType":"ENTER_TEXT"}]}
RESULT: {"script":"<script> [776 bytes]","args":[{"enterText":"1001","selector":{"controlType":"sap.m.Input","viewName":"etm.portal.ui.manageyards.view.New","viewId":"application-manageyards-display-component---NewYard","bindingPath":{"path":"","propertyPath":"/PLANT","modelName":"NewYardModel"},"interaction":{"idSuffix":"inner"}},"clearTextFirst":true,"interactionType":"ENTER_TEXT"}]}
COMMAND: POST /session/7f6ec3857c10649f26842f36b7e75a4c/execute/async - {"script":"<script> [1562 bytes]","args":[{"selector":{"controlType":"sap.m.Input","viewName":"etm.portal.ui.manageyards.view.New","viewId":"application-manageyards-display-component---NewYard","bindingPath":{"path":"","propertyPath":"/SALES_AREA_VKORG","modelName":"NewYardModel"},"interaction":{"idSuffix":"inner"}},"wdio_ui5_key":"etmportal.ui.manageyards.view.Newsap.m.Input{\"path\":\"\",\"propertyPath\":\"/SALES_AREA_VKORG\",\"modelName\":\"NewYardModel\"}"}]}
RESULT: {"script":"<script> [1562 bytes]","args":[{"selector":{"controlType":"sap.m.Input","viewName":"etm.portal.ui.manageyards.view.New","viewId":"application-manageyards-display-component---NewYard","bindingPath":{"path":"","propertyPath":"/SALES_AREA_VKORG","modelName":"NewYardModel"},"interaction":{"idSuffix":"inner"}},"wdio_ui5_key":"etmportal.ui.manageyards.view.Newsap.m.Input{\"path\":\"\",\"propertyPath\":\"/SALES_AREA_VKORG\",\"modelName\":\"NewYardModel\"}"}]}
RESULT: undefined
COMMAND: POST /session/7f6ec3857c10649f26842f36b7e75a4c/execute/async - {"script":"<script> [776 bytes]","args":[{"enterText":"C002","selector":{"controlType":"sap.m.Input","viewName":"etm.portal.ui.manageyards.view.New","viewId":"application-manageyards-display-component---NewYard","bindingPath":{"path":"","propertyPath":"/SALES_AREA_VKORG","modelName":"NewYardModel"},"interaction":{"idSuffix":"inner"}},"clearTextFirst":true,"interactionType":"ENTER_TEXT"}]}
RESULT: {"script":"<script> [776 bytes]","args":[{"enterText":"C002","selector":{"controlType":"sap.m.Input","viewName":"etm.portal.ui.manageyards.view.New","viewId":"application-manageyards-display-component---NewYard","bindingPath":{"path":"","propertyPath":"/SALES_AREA_VKORG","modelName":"NewYardModel"},"interaction":{"idSuffix":"inner"}},"clearTextFirst":true,"interactionType":"ENTER_TEXT"}]}
COMMAND: POST /session/7f6ec3857c10649f26842f36b7e75a4c/execute/async - {"script":"<script> [1562 bytes]","args":[{"selector":{"controlType":"sap.m.Input","viewName":"etm.portal.ui.manageyards.view.New","viewId":"application-manageyards-display-component---NewYard","bindingPath":{"path":"","propertyPath":"/SALES_AREA_VTWEG","modelName":"NewYardModel"},"interaction":{"idSuffix":"inner"}},"wdio_ui5_key":"etmportal.ui.manageyards.view.Newsap.m.Input{\"path\":\"\",\"propertyPath\":\"/SALES_AREA_VTWEG\",\"modelName\":\"NewYardModel\"}"}]}
RESULT: {"script":"<script> [1562 bytes]","args":[{"selector":{"controlType":"sap.m.Input","viewName":"etm.portal.ui.manageyards.view.New","viewId":"application-manageyards-display-component---NewYard","bindingPath":{"path":"","propertyPath":"/SALES_AREA_VTWEG","modelName":"NewYardModel"},"interaction":{"idSuffix":"inner"}},"wdio_ui5_key":"etmportal.ui.manageyards.view.Newsap.m.Input{\"path\":\"\",\"propertyPath\":\"/SALES_AREA_VTWEG\",\"modelName\":\"NewYardModel\"}"}]}
RESULT: undefined
COMMAND: POST /session/7f6ec3857c10649f26842f36b7e75a4c/execute/async - {"script":"<script> [776 bytes]","args":[{"enterText":"C2","selector":{"controlType":"sap.m.Input","viewName":"etm.portal.ui.manageyards.view.New","viewId":"application-manageyards-display-component---NewYard","bindingPath":{"path":"","propertyPath":"/SALES_AREA_VTWEG","modelName":"NewYardModel"},"interaction":{"idSuffix":"inner"}},"clearTextFirst":true,"interactionType":"ENTER_TEXT"}]}
RESULT: {"script":"<script> [776 bytes]","args":[{"enterText":"C2","selector":{"controlType":"sap.m.Input","viewName":"etm.portal.ui.manageyards.view.New","viewId":"application-manageyards-display-component---NewYard","bindingPath":{"path":"","propertyPath":"/SALES_AREA_VTWEG","modelName":"NewYardModel"},"interaction":{"idSuffix":"inner"}},"clearTextFirst":true,"interactionType":"ENTER_TEXT"}]}
COMMAND: POST /session/7f6ec3857c10649f26842f36b7e75a4c/execute/async - {"script":"<script> [1562 bytes]","args":[{"selector":{"controlType":"sap.m.Input","viewName":"etm.portal.ui.manageyards.view.New","viewId":"application-manageyards-display-component---NewYard","bindingPath":{"path":"","propertyPath":"/SALES_AREA_SPART","modelName":"NewYardModel"},"interaction":{"idSuffix":"inner"}},"wdio_ui5_key":"etmportal.ui.manageyards.view.Newsap.m.Input{\"path\":\"\",\"propertyPath\":\"/SALES_AREA_SPART\",\"modelName\":\"NewYardModel\"}"}]}
RESULT: {"script":"<script> [1562 bytes]","args":[{"selector":{"controlType":"sap.m.Input","viewName":"etm.portal.ui.manageyards.view.New","viewId":"application-manageyards-display-component---NewYard","bindingPath":{"path":"","propertyPath":"/SALES_AREA_SPART","modelName":"NewYardModel"},"interaction":{"idSuffix":"inner"}},"wdio_ui5_key":"etmportal.ui.manageyards.view.Newsap.m.Input{\"path\":\"\",\"propertyPath\":\"/SALES_AREA_SPART\",\"modelName\":\"NewYardModel\"}"}]}
RESULT: undefined
COMMAND: POST /session/7f6ec3857c10649f26842f36b7e75a4c/execute/async - {"script":"<script> [776 bytes]","args":[{"enterText":"C2","selector":{"controlType":"sap.m.Input","viewName":"etm.portal.ui.manageyards.view.New","viewId":"application-manageyards-display-component---NewYard","bindingPath":{"path":"","propertyPath":"/SALES_AREA_SPART","modelName":"NewYardModel"},"interaction":{"idSuffix":"inner"}},"clearTextFirst":true,"interactionType":"ENTER_TEXT"}]}
RESULT: {"script":"<script> [776 bytes]","args":[{"enterText":"C2","selector":{"controlType":"sap.m.Input","viewName":"etm.portal.ui.manageyards.view.New","viewId":"application-manageyards-display-component---NewYard","bindingPath":{"path":"","propertyPath":"/SALES_AREA_SPART","modelName":"NewYardModel"},"interaction":{"idSuffix":"inner"}},"clearTextFirst":true,"interactionType":"ENTER_TEXT"}]}
COMMAND: POST /session/7f6ec3857c10649f26842f36b7e75a4c/execute/async - {"script":"<script> [1562 bytes]","args":[{"selector":{"controlType":"sap.m.Input","viewName":"etm.portal.ui.manageyards.view.New","viewId":"application-manageyards-display-component---NewYard","bindingPath":{"path":"","propertyPath":"/SHIP_POINT","modelName":"NewYardModel"},"interaction":{"idSuffix":"inner"}},"wdio_ui5_key":"etmportal.ui.manageyards.view.Newsap.m.Input{\"path\":\"\",\"propertyPath\":\"/SHIP_POINT\",\"modelName\":\"NewYardModel\"}"}]}
RESULT: {"script":"<script> [1562 bytes]","args":[{"selector":{"controlType":"sap.m.Input","viewName":"etm.portal.ui.manageyards.view.New","viewId":"application-manageyards-display-component---NewYard","bindingPath":{"path":"","propertyPath":"/SHIP_POINT","modelName":"NewYardModel"},"interaction":{"idSuffix":"inner"}},"wdio_ui5_key":"etmportal.ui.manageyards.view.Newsap.m.Input{\"path\":\"\",\"propertyPath\":\"/SHIP_POINT\",\"modelName\":\"NewYardModel\"}"}]}
RESULT: undefined
COMMAND: POST /session/7f6ec3857c10649f26842f36b7e75a4c/execute/async - {"script":"<script> [776 bytes]","args":[{"enterText":"1710","selector":{"controlType":"sap.m.Input","viewName":"etm.portal.ui.manageyards.view.New","viewId":"application-manageyards-display-component---NewYard","bindingPath":{"path":"","propertyPath":"/SHIP_POINT","modelName":"NewYardModel"},"interaction":{"idSuffix":"inner"}},"clearTextFirst":true,"interactionType":"ENTER_TEXT"}]}
RESULT: {"script":"<script> [776 bytes]","args":[{"enterText":"1710","selector":{"controlType":"sap.m.Input","viewName":"etm.portal.ui.manageyards.view.New","viewId":"application-manageyards-display-component---NewYard","bindingPath":{"path":"","propertyPath":"/SHIP_POINT","modelName":"NewYardModel"},"interaction":{"idSuffix":"inner"}},"clearTextFirst":true,"interactionType":"ENTER_TEXT"}]}
COMMAND: POST /session/7f6ec3857c10649f26842f36b7e75a4c/execute/async - {"script":"<script> [1562 bytes]","args":[{"selector":{"controlType":"sap.m.Input","viewName":"etm.portal.ui.manageyards.view.New","viewId":"application-manageyards-display-component---NewYard","bindingPath":{"path":"","propertyPath":"/DELIVERY_TYPE","modelName":"NewYardModel"},"interaction":{"idSuffix":"inner"}},"wdio_ui5_key":"etmportal.ui.manageyards.view.Newsap.m.Input{\"path\":\"\",\"propertyPath\":\"/DELIVERY_TYPE\",\"modelName\":\"NewYardModel\"}"}]}
RESULT: {"script":"<script> [1562 bytes]","args":[{"selector":{"controlType":"sap.m.Input","viewName":"etm.portal.ui.manageyards.view.New","viewId":"application-manageyards-display-component---NewYard","bindingPath":{"path":"","propertyPath":"/DELIVERY_TYPE","modelName":"NewYardModel"},"interaction":{"idSuffix":"inner"}},"wdio_ui5_key":"etmportal.ui.manageyards.view.Newsap.m.Input{\"path\":\"\",\"propertyPath\":\"/DELIVERY_TYPE\",\"modelName\":\"NewYardModel\"}"}]}
RESULT: undefined
COMMAND: POST /session/7f6ec3857c10649f26842f36b7e75a4c/execute/async - {"script":"<script> [776 bytes]","args":[{"enterText":"ZL01","selector":{"controlType":"sap.m.Input","viewName":"etm.portal.ui.manageyards.view.New","viewId":"application-manageyards-display-component---NewYard","bindingPath":{"path":"","propertyPath":"/DELIVERY_TYPE","modelName":"NewYardModel"},"interaction":{"idSuffix":"inner"}},"clearTextFirst":true,"interactionType":"ENTER_TEXT"}]}
RESULT: {"script":"<script> [776 bytes]","args":[{"enterText":"ZL01","selector":{"controlType":"sap.m.Input","viewName":"etm.portal.ui.manageyards.view.New","viewId":"application-manageyards-display-component---NewYard","bindingPath":{"path":"","propertyPath":"/DELIVERY_TYPE","modelName":"NewYardModel"},"interaction":{"idSuffix":"inner"}},"clearTextFirst":true,"interactionType":"ENTER_TEXT"}]}
COMMAND: POST /session/7f6ec3857c10649f26842f36b7e75a4c/execute/async - {"script":"<script> [1562 bytes]","args":[{"selector":{"controlType":"sap.m.Input","viewName":"etm.portal.ui.manageyards.view.New","viewId":"application-manageyards-display-component---NewYard","bindingPath":{"path":"","propertyPath":"/AUART","modelName":"NewYardModel"},"interaction":{"idSuffix":"inner"}},"wdio_ui5_key":"etmportal.ui.manageyards.view.Newsap.m.Input{\"path\":\"\",\"propertyPath\":\"/AUART\",\"modelName\":\"NewYardModel\"}"}]}
RESULT: {"script":"<script> [1562 bytes]","args":[{"selector":{"controlType":"sap.m.Input","viewName":"etm.portal.ui.manageyards.view.New","viewId":"application-manageyards-display-component---NewYard","bindingPath":{"path":"","propertyPath":"/AUART","modelName":"NewYardModel"},"interaction":{"idSuffix":"inner"}},"wdio_ui5_key":"etmportal.ui.manageyards.view.Newsap.m.Input{\"path\":\"\",\"propertyPath\":\"/AUART\",\"modelName\":\"NewYardModel\"}"}]}
RESULT: undefined
COMMAND: POST /session/7f6ec3857c10649f26842f36b7e75a4c/execute/async - {"script":"<script> [776 bytes]","args":[{"enterText":"TA","selector":{"controlType":"sap.m.Input","viewName":"etm.portal.ui.manageyards.view.New","viewId":"application-manageyards-display-component---NewYard","bindingPath":{"path":"","propertyPath":"/AUART","modelName":"NewYardModel"},"interaction":{"idSuffix":"inner"}},"clearTextFirst":true,"interactionType":"ENTER_TEXT"}]}
RESULT: {"script":"<script> [776 bytes]","args":[{"enterText":"TA","selector":{"controlType":"sap.m.Input","viewName":"etm.portal.ui.manageyards.view.New","viewId":"application-manageyards-display-component---NewYard","bindingPath":{"path":"","propertyPath":"/AUART","modelName":"NewYardModel"},"interaction":{"idSuffix":"inner"}},"clearTextFirst":true,"interactionType":"ENTER_TEXT"}]}
COMMAND: POST /session/7f6ec3857c10649f26842f36b7e75a4c/element - {"using":"xpath","value":"//button[@data-kt=\"newYardSaveButton\"]"}
RESULT: {"using":"xpath","value":"//button[@data-kt=\"newYardSaveButton\"]"}
COMMAND: POST /session/7f6ec3857c10649f26842f36b7e75a4c/element/f.4BE7CB3E9946CAC77AC1BA1FEFE24C33.d.F10FE0916F84E12FD1F8AB01FB0E1F85.e.11585/click - {}
RESULT: {}
COMMAND: GET /session/7f6ec3857c10649f26842f36b7e75a4c/screenshot - {}
RESULT: {}
COMMAND: POST /session/7f6ec3857c10649f26842f36b7e75a4c/element - {"using":"xpath","value":"//header[contains(@id, 'ObjectPageLayout-headerTitle')]/div[1]/div[2]/div[1]/span[1]"}
RESULT: {"using":"xpath","value":"//header[contains(@id, 'ObjectPageLayout-headerTitle')]/div[1]/div[2]/div[1]/span[1]"}
COMMAND: POST /session/7f6ec3857c10649f26842f36b7e75a4c/elements - {"using":"xpath","value":"//header[contains(@id, 'ObjectPageLayout-headerTitle')]/div[1]/div[2]/div[1]/span[1]"}
RESULT: {"using":"xpath","value":"//header[contains(@id, 'ObjectPageLayout-headerTitle')]/div[1]/div[2]/div[1]/span[1]"}
COMMAND: POST /session/7f6ec3857c10649f26842f36b7e75a4c/execute/sync - {"script":"<script> [56 bytes]","args":[{"element-6066-11e4-a52e-4f735466cecf":"f.4BE7CB3E9946CAC77AC1BA1FEFE24C33.d.F10FE0916F84E12FD1F8AB01FB0E1F85.e.11907","ELEMENT":"f.4BE7CB3E9946CAC77AC1BA1FEFE24C33.d.F10FE0916F84E12FD1F8AB01FB0E1F85.e.11907"}]}
RESULT: {"script":"<script> [56 bytes]","args":[{"element-6066-11e4-a52e-4f735466cecf":"f.4BE7CB3E9946CAC77AC1BA1FEFE24C33.d.F10FE0916F84E12FD1F8AB01FB0E1F85.e.11907","ELEMENT":"f.4BE7CB3E9946CAC77AC1BA1FEFE24C33.d.F10FE0916F84E12FD1F8AB01FB0E1F85.e.11907"}]}
COMMAND: GET /session/7f6ec3857c10649f26842f36b7e75a4c/screenshot - {}
RESULT: {}
COMMAND: POST /session/7f6ec3857c10649f26842f36b7e75a4c/element - {"using":"css selector","value":"#shell-header-logo"}
RESULT: {"using":"css selector","value":"#shell-header-logo"}
COMMAND: POST /session/7f6ec3857c10649f26842f36b7e75a4c/element/f.4BE7CB3E9946CAC77AC1BA1FEFE24C33.d.F10FE0916F84E12FD1F8AB01FB0E1F85.e.11042/click - {}
RESULT: {}
COMMAND: GET /session/7f6ec3857c10649f26842f36b7e75a4c/screenshot - {}
RESULT: {}
COMMAND: POST /session/7f6ec3857c10649f26842f36b7e75a4c/execute/sync - {"script":"<script> [299 bytes]","args":[["getModel","getResource"]]}
RESULT: {"script":"<script> [299 bytes]","args":[["getModel","getResource"]]}
COMMAND: GET /session/7f6ec3857c10649f26842f36b7e75a4c/screenshot - {}
]]></system-out>
    </testcase>
    <testcase classname="chrome.136_0_7103_49.windows.Provide_to_Site_w/o_warehouse_management_w/_clarification_US116605" name="Should create a new external partner" time="93.636">
      <system-out><![CDATA[
COMMAND: POST /session/7f6ec3857c10649f26842f36b7e75a4c/window/fullscreen - {}
RESULT: {}
RESULT: {}
COMMAND: POST /session/7f6ec3857c10649f26842f36b7e75a4c/execute/async - {"script":"<script> [1562 bytes]","args":[{"selector":{"controlType":"sap.m.GenericTile","properties":{"header":"Manage Partners"}},"wdio_ui5_key":"sapm.GenericTile{\"header\":\"Manage Partners\"}"}]}
RESULT: {"script":"<script> [1562 bytes]","args":[{"selector":{"controlType":"sap.m.GenericTile","properties":{"header":"Manage Partners"}},"wdio_ui5_key":"sapm.GenericTile{\"header\":\"Manage Partners\"}"}]}
RESULT: undefined
COMMAND: POST /session/7f6ec3857c10649f26842f36b7e75a4c/element - {"using":"xpath","value":"//*[@id=\"__tile30\"]"}
RESULT: {"using":"xpath","value":"//*[@id=\"__tile30\"]"}
COMMAND: POST /session/7f6ec3857c10649f26842f36b7e75a4c/element/f.4BE7CB3E9946CAC77AC1BA1FEFE24C33.d.F10FE0916F84E12FD1F8AB01FB0E1F85.e.11056/click - {}
RESULT: {}
COMMAND: GET /session/7f6ec3857c10649f26842f36b7e75a4c/screenshot - {}
RESULT: {}
COMMAND: POST /session/7f6ec3857c10649f26842f36b7e75a4c/elements - {"using":"xpath","value":"//span[text()='Error']"}
RESULT: {"using":"xpath","value":"//span[text()='Error']"}
COMMAND: POST /session/7f6ec3857c10649f26842f36b7e75a4c/element - {"using":"xpath","value":"//button[@data-kt=\"addButton\"]"}
RESULT: {"using":"xpath","value":"//button[@data-kt=\"addButton\"]"}
COMMAND: POST /session/7f6ec3857c10649f26842f36b7e75a4c/elements - {"using":"xpath","value":"//button[@data-kt=\"addButton\"]"}
RESULT: {"using":"xpath","value":"//button[@data-kt=\"addButton\"]"}
COMMAND: POST /session/7f6ec3857c10649f26842f36b7e75a4c/execute/sync - {"script":"<script> [8489 bytes]","args":[{"element-6066-11e4-a52e-4f735466cecf":"f.4BE7CB3E9946CAC77AC1BA1FEFE24C33.d.F10FE0916F84E12FD1F8AB01FB0E1F85.e.11957","ELEMENT":"f.4BE7CB3E9946CAC77AC1BA1FEFE24C33.d.F10FE0916F84E12FD1F8AB01FB0E1F85.e.11957"}]}
RESULT: {"script":"<script> [8489 bytes]","args":[{"element-6066-11e4-a52e-4f735466cecf":"f.4BE7CB3E9946CAC77AC1BA1FEFE24C33.d.F10FE0916F84E12FD1F8AB01FB0E1F85.e.11957","ELEMENT":"f.4BE7CB3E9946CAC77AC1BA1FEFE24C33.d.F10FE0916F84E12FD1F8AB01FB0E1F85.e.11957"}]}
COMMAND: GET /session/7f6ec3857c10649f26842f36b7e75a4c/element/f.4BE7CB3E9946CAC77AC1BA1FEFE24C33.d.F10FE0916F84E12FD1F8AB01FB0E1F85.e.11957/enabled - {}
COMMAND: GET /session/7f6ec3857c10649f26842f36b7e75a4c/screenshot - {}
RESULT: {}
COMMAND: POST /session/7f6ec3857c10649f26842f36b7e75a4c/execute/sync - {"script":"<script> [8489 bytes]","args":[{"element-6066-11e4-a52e-4f735466cecf":"f.4BE7CB3E9946CAC77AC1BA1FEFE24C33.d.F10FE0916F84E12FD1F8AB01FB0E1F85.e.11957","ELEMENT":"f.4BE7CB3E9946CAC77AC1BA1FEFE24C33.d.F10FE0916F84E12FD1F8AB01FB0E1F85.e.11957"}]}
COMMAND: GET /session/7f6ec3857c10649f26842f36b7e75a4c/screenshot - {}
RESULT: {}
RESULT: {"script":"<script> [8489 bytes]","args":[{"element-6066-11e4-a52e-4f735466cecf":"f.4BE7CB3E9946CAC77AC1BA1FEFE24C33.d.F10FE0916F84E12FD1F8AB01FB0E1F85.e.11957","ELEMENT":"f.4BE7CB3E9946CAC77AC1BA1FEFE24C33.d.F10FE0916F84E12FD1F8AB01FB0E1F85.e.11957"}]}
COMMAND: POST /session/7f6ec3857c10649f26842f36b7e75a4c/execute/sync - {"script":"<script> [5351 bytes]","args":[{"element-6066-11e4-a52e-4f735466cecf":"f.4BE7CB3E9946CAC77AC1BA1FEFE24C33.d.F10FE0916F84E12FD1F8AB01FB0E1F85.e.11957","ELEMENT":"f.4BE7CB3E9946CAC77AC1BA1FEFE24C33.d.F10FE0916F84E12FD1F8AB01FB0E1F85.e.11957"}]}
COMMAND: GET /session/7f6ec3857c10649f26842f36b7e75a4c/screenshot - {}
RESULT: {}
RESULT: {"script":"<script> [5351 bytes]","args":[{"element-6066-11e4-a52e-4f735466cecf":"f.4BE7CB3E9946CAC77AC1BA1FEFE24C33.d.F10FE0916F84E12FD1F8AB01FB0E1F85.e.11957","ELEMENT":"f.4BE7CB3E9946CAC77AC1BA1FEFE24C33.d.F10FE0916F84E12FD1F8AB01FB0E1F85.e.11957"}]}
COMMAND: POST /session/7f6ec3857c10649f26842f36b7e75a4c/element/f.4BE7CB3E9946CAC77AC1BA1FEFE24C33.d.F10FE0916F84E12FD1F8AB01FB0E1F85.e.11957/click - {}
COMMAND: GET /session/7f6ec3857c10649f26842f36b7e75a4c/screenshot - {}
RESULT: {}
RESULT: {}
COMMAND: GET /session/7f6ec3857c10649f26842f36b7e75a4c/screenshot - {}
COMMAND: POST /session/7f6ec3857c10649f26842f36b7e75a4c/execute/async - {"script":"<script> [1562 bytes]","args":[{"selector":{"id":"application-managepartners-display-component---NewPartner--addressDetailDetailsName1","interaction":{"idSuffix":"inner"}},"wdio_ui5_key":"applicationmanagepartners-display-component---NewPartner--addressDetailDetailsName1"}]}
RESULT: {}
RESULT: {}
RESULT: {"script":"<script> [1562 bytes]","args":[{"selector":{"id":"application-managepartners-display-component---NewPartner--addressDetailDetailsName1","interaction":{"idSuffix":"inner"}},"wdio_ui5_key":"applicationmanagepartners-display-component---NewPartner--addressDetailDetailsName1"}]}
RESULT: undefined
COMMAND: POST /session/7f6ec3857c10649f26842f36b7e75a4c/execute/async - {"script":"<script> [776 bytes]","args":[{"enterText":"External Partner WDIO","selector":{"id":"application-managepartners-display-component---NewPartner--addressDetailDetailsName1","interaction":{"idSuffix":"inner"}},"clearTextFirst":true,"interactionType":"ENTER_TEXT"}]}
RESULT: {"script":"<script> [776 bytes]","args":[{"enterText":"External Partner WDIO","selector":{"id":"application-managepartners-display-component---NewPartner--addressDetailDetailsName1","interaction":{"idSuffix":"inner"}},"clearTextFirst":true,"interactionType":"ENTER_TEXT"}]}
COMMAND: POST /session/7f6ec3857c10649f26842f36b7e75a4c/execute/async - {"script":"<script> [1562 bytes]","args":[{"selector":{"id":"application-managepartners-display-component---NewPartner--addressDetailDetailsLanguage-arrow"},"wdio_ui5_key":"applicationmanagepartners-display-component---NewPartner--addressDetailDetailsLanguage-arrow"}]}
RESULT: {"script":"<script> [1562 bytes]","args":[{"selector":{"id":"application-managepartners-display-component---NewPartner--addressDetailDetailsLanguage-arrow"},"wdio_ui5_key":"applicationmanagepartners-display-component---NewPartner--addressDetailDetailsLanguage-arrow"}]}
RESULT: undefined
COMMAND: POST /session/7f6ec3857c10649f26842f36b7e75a4c/element - {"using":"xpath","value":"//*[@id=\"application-managepartners-display-component---NewPartner--addressDetailDetailsLanguage-arrow\"]"}
RESULT: {"using":"xpath","value":"//*[@id=\"application-managepartners-display-component---NewPartner--addressDetailDetailsLanguage-arrow\"]"}
COMMAND: POST /session/7f6ec3857c10649f26842f36b7e75a4c/element/f.4BE7CB3E9946CAC77AC1BA1FEFE24C33.d.F10FE0916F84E12FD1F8AB01FB0E1F85.e.12404/click - {}
RESULT: {}
COMMAND: POST /session/7f6ec3857c10649f26842f36b7e75a4c/element - {"using":"xpath","value":"//span[contains(text(), \"English\")]"}
COMMAND: GET /session/7f6ec3857c10649f26842f36b7e75a4c/screenshot - {}
RESULT: {"using":"xpath","value":"//span[contains(text(), \"English\")]"}
COMMAND: POST /session/7f6ec3857c10649f26842f36b7e75a4c/element/f.4BE7CB3E9946CAC77AC1BA1FEFE24C33.d.F10FE0916F84E12FD1F8AB01FB0E1F85.e.12405/click - {}
RESULT: {}
RESULT: {}
COMMAND: GET /session/7f6ec3857c10649f26842f36b7e75a4c/screenshot - {}
RESULT: {}
COMMAND: POST /session/7f6ec3857c10649f26842f36b7e75a4c/execute/async - {"script":"<script> [1562 bytes]","args":[{"selector":{"id":"application-managepartners-display-component---NewPartner--addressDetailDetailsCity1","interaction":{"idSuffix":"inner"}},"wdio_ui5_key":"applicationmanagepartners-display-component---NewPartner--addressDetailDetailsCity1"}]}
RESULT: {"script":"<script> [1562 bytes]","args":[{"selector":{"id":"application-managepartners-display-component---NewPartner--addressDetailDetailsCity1","interaction":{"idSuffix":"inner"}},"wdio_ui5_key":"applicationmanagepartners-display-component---NewPartner--addressDetailDetailsCity1"}]}
RESULT: undefined
COMMAND: POST /session/7f6ec3857c10649f26842f36b7e75a4c/execute/async - {"script":"<script> [776 bytes]","args":[{"enterText":"Rosario","selector":{"id":"application-managepartners-display-component---NewPartner--addressDetailDetailsCity1","interaction":{"idSuffix":"inner"}},"clearTextFirst":true,"interactionType":"ENTER_TEXT"}]}
RESULT: {"script":"<script> [776 bytes]","args":[{"enterText":"Rosario","selector":{"id":"application-managepartners-display-component---NewPartner--addressDetailDetailsCity1","interaction":{"idSuffix":"inner"}},"clearTextFirst":true,"interactionType":"ENTER_TEXT"}]}
COMMAND: POST /session/7f6ec3857c10649f26842f36b7e75a4c/execute/async - {"script":"<script> [1562 bytes]","args":[{"selector":{"id":"application-managepartners-display-component---NewPartner--addressDetailDetailsCountry-arrow"},"wdio_ui5_key":"applicationmanagepartners-display-component---NewPartner--addressDetailDetailsCountry-arrow"}]}
RESULT: {"script":"<script> [1562 bytes]","args":[{"selector":{"id":"application-managepartners-display-component---NewPartner--addressDetailDetailsCountry-arrow"},"wdio_ui5_key":"applicationmanagepartners-display-component---NewPartner--addressDetailDetailsCountry-arrow"}]}
RESULT: undefined
COMMAND: POST /session/7f6ec3857c10649f26842f36b7e75a4c/element - {"using":"xpath","value":"//*[@id=\"application-managepartners-display-component---NewPartner--addressDetailDetailsCountry-arrow\"]"}
RESULT: {"using":"xpath","value":"//*[@id=\"application-managepartners-display-component---NewPartner--addressDetailDetailsCountry-arrow\"]"}
COMMAND: POST /session/7f6ec3857c10649f26842f36b7e75a4c/element/f.4BE7CB3E9946CAC77AC1BA1FEFE24C33.d.F10FE0916F84E12FD1F8AB01FB0E1F85.e.12391/click - {}
RESULT: {}
COMMAND: POST /session/7f6ec3857c10649f26842f36b7e75a4c/element - {"using":"xpath","value":"//span[contains(text(), \"Argentina\")]"}
COMMAND: GET /session/7f6ec3857c10649f26842f36b7e75a4c/screenshot - {}
RESULT: {"using":"xpath","value":"//span[contains(text(), \"Argentina\")]"}
COMMAND: POST /session/7f6ec3857c10649f26842f36b7e75a4c/element/f.4BE7CB3E9946CAC77AC1BA1FEFE24C33.d.F10FE0916F84E12FD1F8AB01FB0E1F85.e.12407/click - {}
RESULT: {}
RESULT: {}
COMMAND: GET /session/7f6ec3857c10649f26842f36b7e75a4c/screenshot - {}
RESULT: {}
COMMAND: POST /session/7f6ec3857c10649f26842f36b7e75a4c/element - {"using":"xpath","value":"//bdi[contains(text(), \"Commercial\")]"}
RESULT: {"using":"xpath","value":"//bdi[contains(text(), \"Commercial\")]"}
COMMAND: POST /session/7f6ec3857c10649f26842f36b7e75a4c/element/f.4BE7CB3E9946CAC77AC1BA1FEFE24C33.d.F10FE0916F84E12FD1F8AB01FB0E1F85.e.12408/click - {}
RESULT: {}
COMMAND: GET /session/7f6ec3857c10649f26842f36b7e75a4c/screenshot - {}
RESULT: {}
COMMAND: POST /session/7f6ec3857c10649f26842f36b7e75a4c/execute/async - {"script":"<script> [1562 bytes]","args":[{"selector":{"id":"application-managepartners-display-component---NewPartner--partnerDetailInternal-arrow"},"wdio_ui5_key":"applicationmanagepartners-display-component---NewPartner--partnerDetailInternal-arrow"}]}
RESULT: {"script":"<script> [1562 bytes]","args":[{"selector":{"id":"application-managepartners-display-component---NewPartner--partnerDetailInternal-arrow"},"wdio_ui5_key":"applicationmanagepartners-display-component---NewPartner--partnerDetailInternal-arrow"}]}
RESULT: undefined
COMMAND: POST /session/7f6ec3857c10649f26842f36b7e75a4c/element - {"using":"xpath","value":"//*[@id=\"application-managepartners-display-component---NewPartner--partnerDetailInternal-arrow\"]"}
RESULT: {"using":"xpath","value":"//*[@id=\"application-managepartners-display-component---NewPartner--partnerDetailInternal-arrow\"]"}
COMMAND: POST /session/7f6ec3857c10649f26842f36b7e75a4c/element/f.4BE7CB3E9946CAC77AC1BA1FEFE24C33.d.F10FE0916F84E12FD1F8AB01FB0E1F85.e.12414/click - {}
RESULT: {}
COMMAND: POST /session/7f6ec3857c10649f26842f36b7e75a4c/element - {"using":"xpath","value":"//span[contains(text(), \"External partner\")]"}
COMMAND: GET /session/7f6ec3857c10649f26842f36b7e75a4c/screenshot - {}
RESULT: {"using":"xpath","value":"//span[contains(text(), \"External partner\")]"}
COMMAND: POST /session/7f6ec3857c10649f26842f36b7e75a4c/element/f.4BE7CB3E9946CAC77AC1BA1FEFE24C33.d.F10FE0916F84E12FD1F8AB01FB0E1F85.e.12417/click - {}
RESULT: {}
RESULT: {}
COMMAND: POST /session/7f6ec3857c10649f26842f36b7e75a4c/execute/async - {"script":"<script> [1562 bytes]","args":[{"selector":{"id":"application-managepartners-display-component---NewPartner--partnerDetailsCurrency-arrow"},"wdio_ui5_key":"applicationmanagepartners-display-component---NewPartner--partnerDetailsCurrency-arrow"}]}
COMMAND: GET /session/7f6ec3857c10649f26842f36b7e75a4c/screenshot - {}
RESULT: {"script":"<script> [1562 bytes]","args":[{"selector":{"id":"application-managepartners-display-component---NewPartner--partnerDetailsCurrency-arrow"},"wdio_ui5_key":"applicationmanagepartners-display-component---NewPartner--partnerDetailsCurrency-arrow"}]}
RESULT: undefined
COMMAND: POST /session/7f6ec3857c10649f26842f36b7e75a4c/element - {"using":"xpath","value":"//*[@id=\"application-managepartners-display-component---NewPartner--partnerDetailsCurrency-arrow\"]"}
RESULT: {}
RESULT: {"using":"xpath","value":"//*[@id=\"application-managepartners-display-component---NewPartner--partnerDetailsCurrency-arrow\"]"}
COMMAND: POST /session/7f6ec3857c10649f26842f36b7e75a4c/element/f.4BE7CB3E9946CAC77AC1BA1FEFE24C33.d.F10FE0916F84E12FD1F8AB01FB0E1F85.e.12422/click - {}
RESULT: {}
COMMAND: POST /session/7f6ec3857c10649f26842f36b7e75a4c/element - {"using":"xpath","value":"//span[contains(text(), \"US Dollar\")]"}
COMMAND: GET /session/7f6ec3857c10649f26842f36b7e75a4c/screenshot - {}
RESULT: {"using":"xpath","value":"//span[contains(text(), \"US Dollar\")]"}
COMMAND: POST /session/7f6ec3857c10649f26842f36b7e75a4c/element/f.4BE7CB3E9946CAC77AC1BA1FEFE24C33.d.F10FE0916F84E12FD1F8AB01FB0E1F85.e.12423/click - {}
RESULT: {}
RESULT: {}
COMMAND: GET /session/7f6ec3857c10649f26842f36b7e75a4c/screenshot - {}
RESULT: {}
COMMAND: POST /session/7f6ec3857c10649f26842f36b7e75a4c/element - {"using":"xpath","value":"//input[@id=\"application-managepartners-display-component---NewPartner--companyCodeComboBox-inner\"]"}
RESULT: {"using":"xpath","value":"//input[@id=\"application-managepartners-display-component---NewPartner--companyCodeComboBox-inner\"]"}
COMMAND: POST /session/7f6ec3857c10649f26842f36b7e75a4c/element/f.4BE7CB3E9946CAC77AC1BA1FEFE24C33.d.F10FE0916F84E12FD1F8AB01FB0E1F85.e.12272/clear - {}
RESULT: {}
COMMAND: POST /session/7f6ec3857c10649f26842f36b7e75a4c/element/f.4BE7CB3E9946CAC77AC1BA1FEFE24C33.d.F10FE0916F84E12FD1F8AB01FB0E1F85.e.12272/value - {"text":"C002"}
COMMAND: GET /session/7f6ec3857c10649f26842f36b7e75a4c/screenshot - {}
RESULT: {"text":"C002"}
COMMAND: GET /session/7f6ec3857c10649f26842f36b7e75a4c/screenshot - {}
RESULT: {}
RESULT: {}
COMMAND: POST /session/7f6ec3857c10649f26842f36b7e75a4c/element - {"using":"xpath","value":"//li[.//span[text()= \"C002\"]]"}
RESULT: {"using":"xpath","value":"//li[.//span[text()= \"C002\"]]"}
COMMAND: POST /session/7f6ec3857c10649f26842f36b7e75a4c/element/f.4BE7CB3E9946CAC77AC1BA1FEFE24C33.d.F10FE0916F84E12FD1F8AB01FB0E1F85.e.12427/click - {}
RESULT: {}
COMMAND: GET /session/7f6ec3857c10649f26842f36b7e75a4c/screenshot - {}
RESULT: {}
COMMAND: POST /session/7f6ec3857c10649f26842f36b7e75a4c/execute/async - {"script":"<script> [1562 bytes]","args":[{"selector":{"id":"application-managepartners-display-component---NewPartner--btnAddTableRow-img"},"wdio_ui5_key":"applicationmanagepartners-display-component---NewPartner--btnAddTableRow-img"}]}
RESULT: {"script":"<script> [1562 bytes]","args":[{"selector":{"id":"application-managepartners-display-component---NewPartner--btnAddTableRow-img"},"wdio_ui5_key":"applicationmanagepartners-display-component---NewPartner--btnAddTableRow-img"}]}
RESULT: undefined
COMMAND: POST /session/7f6ec3857c10649f26842f36b7e75a4c/element - {"using":"xpath","value":"//*[@id=\"application-managepartners-display-component---NewPartner--btnAddTableRow-img\"]"}
RESULT: {"using":"xpath","value":"//*[@id=\"application-managepartners-display-component---NewPartner--btnAddTableRow-img\"]"}
COMMAND: POST /session/7f6ec3857c10649f26842f36b7e75a4c/element/f.4BE7CB3E9946CAC77AC1BA1FEFE24C33.d.F10FE0916F84E12FD1F8AB01FB0E1F85.e.12428/click - {}
RESULT: {}
COMMAND: GET /session/7f6ec3857c10649f26842f36b7e75a4c/screenshot - {}
RESULT: {}
COMMAND: POST /session/7f6ec3857c10649f26842f36b7e75a4c/element - {"using":"xpath","value":"//input[@id=\"application-managepartners-display-component---NewPartner--assignmentYard-application-managepartners-display-component---NewPartner--assignmentsTable-0-inner\"]"}
RESULT: {"using":"xpath","value":"//input[@id=\"application-managepartners-display-component---NewPartner--assignmentYard-application-managepartners-display-component---NewPartner--assignmentsTable-0-inner\"]"}
COMMAND: POST /session/7f6ec3857c10649f26842f36b7e75a4c/element/f.4BE7CB3E9946CAC77AC1BA1FEFE24C33.d.F10FE0916F84E12FD1F8AB01FB0E1F85.e.12431/clear - {}
RESULT: {}
COMMAND: POST /session/7f6ec3857c10649f26842f36b7e75a4c/element/f.4BE7CB3E9946CAC77AC1BA1FEFE24C33.d.F10FE0916F84E12FD1F8AB01FB0E1F85.e.12431/value - {"text":"388"}
COMMAND: GET /session/7f6ec3857c10649f26842f36b7e75a4c/screenshot - {}
RESULT: {"text":"388"}
COMMAND: GET /session/7f6ec3857c10649f26842f36b7e75a4c/screenshot - {}
RESULT: {}
RESULT: {}
COMMAND: POST /session/7f6ec3857c10649f26842f36b7e75a4c/element - {"using":"xpath","value":"//li[.//span[text()='388']]"}
RESULT: {"using":"xpath","value":"//li[.//span[text()='388']]"}
COMMAND: POST /session/7f6ec3857c10649f26842f36b7e75a4c/element/f.4BE7CB3E9946CAC77AC1BA1FEFE24C33.d.F10FE0916F84E12FD1F8AB01FB0E1F85.e.12439/click - {}
RESULT: {}
COMMAND: GET /session/7f6ec3857c10649f26842f36b7e75a4c/screenshot - {}
RESULT: {}
COMMAND: POST /session/7f6ec3857c10649f26842f36b7e75a4c/actions - {"actions":[{"id":"action41","type":"key","parameters":{},"actions":[{"type":"keyDown","value":"î€‡"},{"type":"pause","duration":10},{"type":"keyUp","value":"î€‡"}]}]}
RESULT: {"actions":[{"id":"action41","type":"key","parameters":{},"actions":[{"type":"keyDown","value":"î€‡"},{"type":"pause","duration":10},{"type":"keyUp","value":"î€‡"}]}]}
COMMAND: POST /session/7f6ec3857c10649f26842f36b7e75a4c/element - {"using":"xpath","value":"//td[contains(@id, \"assignmentsTable-0-cell2\")]/div/div"}
COMMAND: GET /session/7f6ec3857c10649f26842f36b7e75a4c/screenshot - {}
RESULT: {"using":"xpath","value":"//td[contains(@id, \"assignmentsTable-0-cell2\")]/div/div"}
COMMAND: POST /session/7f6ec3857c10649f26842f36b7e75a4c/element/f.4BE7CB3E9946CAC77AC1BA1FEFE24C33.d.F10FE0916F84E12FD1F8AB01FB0E1F85.e.12442/click - {}
RESULT: {}
RESULT: {}
COMMAND: GET /session/7f6ec3857c10649f26842f36b7e75a4c/screenshot - {}
RESULT: {}
COMMAND: POST /session/7f6ec3857c10649f26842f36b7e75a4c/element - {"using":"xpath","value":"//button[@data-kt=\"saveButton\"]"}
RESULT: {"using":"xpath","value":"//button[@data-kt=\"saveButton\"]"}
COMMAND: POST /session/7f6ec3857c10649f26842f36b7e75a4c/element/f.4BE7CB3E9946CAC77AC1BA1FEFE24C33.d.F10FE0916F84E12FD1F8AB01FB0E1F85.e.12305/click - {}
RESULT: {}
COMMAND: GET /session/7f6ec3857c10649f26842f36b7e75a4c/screenshot - {}
RESULT: {}
COMMAND: POST /session/7f6ec3857c10649f26842f36b7e75a4c/element - {"using":"xpath","value":"//header[contains(@id, 'ObjectPageLayout-headerTitle')]/div[1]/div[2]/div[2]/span[1]"}
RESULT: {"using":"xpath","value":"//header[contains(@id, 'ObjectPageLayout-headerTitle')]/div[1]/div[2]/div[2]/span[1]"}
COMMAND: POST /session/7f6ec3857c10649f26842f36b7e75a4c/elements - {"using":"xpath","value":"//header[contains(@id, 'ObjectPageLayout-headerTitle')]/div[1]/div[2]/div[2]/span[1]"}
RESULT: {"using":"xpath","value":"//header[contains(@id, 'ObjectPageLayout-headerTitle')]/div[1]/div[2]/div[2]/span[1]"}
COMMAND: POST /session/7f6ec3857c10649f26842f36b7e75a4c/execute/sync - {"script":"<script> [56 bytes]","args":[{"element-6066-11e4-a52e-4f735466cecf":"f.4BE7CB3E9946CAC77AC1BA1FEFE24C33.d.F10FE0916F84E12FD1F8AB01FB0E1F85.e.12606","ELEMENT":"f.4BE7CB3E9946CAC77AC1BA1FEFE24C33.d.F10FE0916F84E12FD1F8AB01FB0E1F85.e.12606"}]}
RESULT: {"script":"<script> [56 bytes]","args":[{"element-6066-11e4-a52e-4f735466cecf":"f.4BE7CB3E9946CAC77AC1BA1FEFE24C33.d.F10FE0916F84E12FD1F8AB01FB0E1F85.e.12606","ELEMENT":"f.4BE7CB3E9946CAC77AC1BA1FEFE24C33.d.F10FE0916F84E12FD1F8AB01FB0E1F85.e.12606"}]}
COMMAND: POST /session/7f6ec3857c10649f26842f36b7e75a4c/element - {"using":"css selector","value":"#shell-header-logo"}
COMMAND: GET /session/7f6ec3857c10649f26842f36b7e75a4c/screenshot - {}
RESULT: {"using":"css selector","value":"#shell-header-logo"}
COMMAND: POST /session/7f6ec3857c10649f26842f36b7e75a4c/element/f.4BE7CB3E9946CAC77AC1BA1FEFE24C33.d.F10FE0916F84E12FD1F8AB01FB0E1F85.e.11913/click - {}
RESULT: {}
RESULT: {}
COMMAND: GET /session/7f6ec3857c10649f26842f36b7e75a4c/screenshot - {}
RESULT: {}
COMMAND: POST /session/7f6ec3857c10649f26842f36b7e75a4c/execute/sync - {"script":"<script> [299 bytes]","args":[["getModel","getResource"]]}
RESULT: {"script":"<script> [299 bytes]","args":[["getModel","getResource"]]}
]]></system-out>
    </testcase>
    <testcase classname="chrome.136_0_7103_49.windows.Provide_to_Site_w/o_warehouse_management_w/_clarification_US116605" name="Should create a new site" time="88.393">
      <system-out><![CDATA[
COMMAND: GET /session/7f6ec3857c10649f26842f36b7e75a4c/screenshot - {}
COMMAND: POST /session/7f6ec3857c10649f26842f36b7e75a4c/execute/async - {"script":"<script> [1562 bytes]","args":[{"selector":{"controlType":"sap.m.GenericTile","properties":{"header":"Manage Sites"}},"wdio_ui5_key":"sapm.GenericTile{\"header\":\"Manage Sites\"}"}]}
RESULT: {}
RESULT: {"script":"<script> [1562 bytes]","args":[{"selector":{"controlType":"sap.m.GenericTile","properties":{"header":"Manage Sites"}},"wdio_ui5_key":"sapm.GenericTile{\"header\":\"Manage Sites\"}"}]}
RESULT: undefined
COMMAND: POST /session/7f6ec3857c10649f26842f36b7e75a4c/element - {"using":"xpath","value":"//*[@id=\"__tile32\"]"}
RESULT: {"using":"xpath","value":"//*[@id=\"__tile32\"]"}
COMMAND: POST /session/7f6ec3857c10649f26842f36b7e75a4c/element/f.4BE7CB3E9946CAC77AC1BA1FEFE24C33.d.F10FE0916F84E12FD1F8AB01FB0E1F85.e.11062/click - {}
RESULT: {}
COMMAND: GET /session/7f6ec3857c10649f26842f36b7e75a4c/screenshot - {}
RESULT: {}
COMMAND: POST /session/7f6ec3857c10649f26842f36b7e75a4c/elements - {"using":"xpath","value":"//span[text()='Error']"}
RESULT: {"using":"xpath","value":"//span[text()='Error']"}
COMMAND: POST /session/7f6ec3857c10649f26842f36b7e75a4c/element - {"using":"xpath","value":"//button[@data-kt=\"addOverflowToolbarButton\"]"}
RESULT: {"using":"xpath","value":"//button[@data-kt=\"addOverflowToolbarButton\"]"}
COMMAND: POST /session/7f6ec3857c10649f26842f36b7e75a4c/elements - {"using":"xpath","value":"//button[@data-kt=\"addOverflowToolbarButton\"]"}
RESULT: {"using":"xpath","value":"//button[@data-kt=\"addOverflowToolbarButton\"]"}
COMMAND: POST /session/7f6ec3857c10649f26842f36b7e75a4c/execute/sync - {"script":"<script> [8489 bytes]","args":[{"element-6066-11e4-a52e-4f735466cecf":"f.4BE7CB3E9946CAC77AC1BA1FEFE24C33.d.F10FE0916F84E12FD1F8AB01FB0E1F85.e.12652","ELEMENT":"f.4BE7CB3E9946CAC77AC1BA1FEFE24C33.d.F10FE0916F84E12FD1F8AB01FB0E1F85.e.12652"}]}
RESULT: {"script":"<script> [8489 bytes]","args":[{"element-6066-11e4-a52e-4f735466cecf":"f.4BE7CB3E9946CAC77AC1BA1FEFE24C33.d.F10FE0916F84E12FD1F8AB01FB0E1F85.e.12652","ELEMENT":"f.4BE7CB3E9946CAC77AC1BA1FEFE24C33.d.F10FE0916F84E12FD1F8AB01FB0E1F85.e.12652"}]}
COMMAND: GET /session/7f6ec3857c10649f26842f36b7e75a4c/element/f.4BE7CB3E9946CAC77AC1BA1FEFE24C33.d.F10FE0916F84E12FD1F8AB01FB0E1F85.e.12652/enabled - {}
COMMAND: GET /session/7f6ec3857c10649f26842f36b7e75a4c/screenshot - {}
RESULT: {}
COMMAND: POST /session/7f6ec3857c10649f26842f36b7e75a4c/execute/sync - {"script":"<script> [8489 bytes]","args":[{"element-6066-11e4-a52e-4f735466cecf":"f.4BE7CB3E9946CAC77AC1BA1FEFE24C33.d.F10FE0916F84E12FD1F8AB01FB0E1F85.e.12652","ELEMENT":"f.4BE7CB3E9946CAC77AC1BA1FEFE24C33.d.F10FE0916F84E12FD1F8AB01FB0E1F85.e.12652"}]}
COMMAND: GET /session/7f6ec3857c10649f26842f36b7e75a4c/screenshot - {}
RESULT: {}
RESULT: {"script":"<script> [8489 bytes]","args":[{"element-6066-11e4-a52e-4f735466cecf":"f.4BE7CB3E9946CAC77AC1BA1FEFE24C33.d.F10FE0916F84E12FD1F8AB01FB0E1F85.e.12652","ELEMENT":"f.4BE7CB3E9946CAC77AC1BA1FEFE24C33.d.F10FE0916F84E12FD1F8AB01FB0E1F85.e.12652"}]}
COMMAND: POST /session/7f6ec3857c10649f26842f36b7e75a4c/execute/sync - {"script":"<script> [5351 bytes]","args":[{"element-6066-11e4-a52e-4f735466cecf":"f.4BE7CB3E9946CAC77AC1BA1FEFE24C33.d.F10FE0916F84E12FD1F8AB01FB0E1F85.e.12652","ELEMENT":"f.4BE7CB3E9946CAC77AC1BA1FEFE24C33.d.F10FE0916F84E12FD1F8AB01FB0E1F85.e.12652"}]}
COMMAND: GET /session/7f6ec3857c10649f26842f36b7e75a4c/screenshot - {}
RESULT: {}
RESULT: {"script":"<script> [5351 bytes]","args":[{"element-6066-11e4-a52e-4f735466cecf":"f.4BE7CB3E9946CAC77AC1BA1FEFE24C33.d.F10FE0916F84E12FD1F8AB01FB0E1F85.e.12652","ELEMENT":"f.4BE7CB3E9946CAC77AC1BA1FEFE24C33.d.F10FE0916F84E12FD1F8AB01FB0E1F85.e.12652"}]}
COMMAND: POST /session/7f6ec3857c10649f26842f36b7e75a4c/element/f.4BE7CB3E9946CAC77AC1BA1FEFE24C33.d.F10FE0916F84E12FD1F8AB01FB0E1F85.e.12652/click - {}
COMMAND: GET /session/7f6ec3857c10649f26842f36b7e75a4c/screenshot - {}
RESULT: {}
RESULT: {}
COMMAND: GET /session/7f6ec3857c10649f26842f36b7e75a4c/screenshot - {}
COMMAND: POST /session/7f6ec3857c10649f26842f36b7e75a4c/element - {"using":"xpath","value":"//input[@id=\"application-managesites-display-component---NewSite--siteId-inner\"]"}
RESULT: {}
RESULT: {}
RESULT: {"using":"xpath","value":"//input[@id=\"application-managesites-display-component---NewSite--siteId-inner\"]"}
COMMAND: POST /session/7f6ec3857c10649f26842f36b7e75a4c/element - {"using":"xpath","value":"//input[@id=\"application-managesites-display-component---NewSite--siteId-inner\"]"}
RESULT: {"using":"xpath","value":"//input[@id=\"application-managesites-display-component---NewSite--siteId-inner\"]"}
COMMAND: POST /session/7f6ec3857c10649f26842f36b7e75a4c/execute/async - {"script":"<script> [1562 bytes]","args":[{"selector":{"id":"application-managesites-display-component---NewSite--addressDetailDetailsName1","interaction":{"idSuffix":"inner"}},"wdio_ui5_key":"applicationmanagesites-display-component---NewSite--addressDetailDetailsName1"}]}
RESULT: {"script":"<script> [1562 bytes]","args":[{"selector":{"id":"application-managesites-display-component---NewSite--addressDetailDetailsName1","interaction":{"idSuffix":"inner"}},"wdio_ui5_key":"applicationmanagesites-display-component---NewSite--addressDetailDetailsName1"}]}
RESULT: undefined
COMMAND: POST /session/7f6ec3857c10649f26842f36b7e75a4c/execute/async - {"script":"<script> [776 bytes]","args":[{"enterText":"Other Type Site WDIO","selector":{"id":"application-managesites-display-component---NewSite--addressDetailDetailsName1","interaction":{"idSuffix":"inner"}},"clearTextFirst":true,"interactionType":"ENTER_TEXT"}]}
RESULT: {"script":"<script> [776 bytes]","args":[{"enterText":"Other Type Site WDIO","selector":{"id":"application-managesites-display-component---NewSite--addressDetailDetailsName1","interaction":{"idSuffix":"inner"}},"clearTextFirst":true,"interactionType":"ENTER_TEXT"}]}
COMMAND: POST /session/7f6ec3857c10649f26842f36b7e75a4c/execute/async - {"script":"<script> [1562 bytes]","args":[{"selector":{"id":"application-managesites-display-component---NewSite--addressDetailDetailsLanguage-arrow"},"wdio_ui5_key":"applicationmanagesites-display-component---NewSite--addressDetailDetailsLanguage-arrow"}]}
RESULT: {"script":"<script> [1562 bytes]","args":[{"selector":{"id":"application-managesites-display-component---NewSite--addressDetailDetailsLanguage-arrow"},"wdio_ui5_key":"applicationmanagesites-display-component---NewSite--addressDetailDetailsLanguage-arrow"}]}
RESULT: undefined
COMMAND: POST /session/7f6ec3857c10649f26842f36b7e75a4c/element - {"using":"xpath","value":"//*[@id=\"application-managesites-display-component---NewSite--addressDetailDetailsLanguage-arrow\"]"}
RESULT: {"using":"xpath","value":"//*[@id=\"application-managesites-display-component---NewSite--addressDetailDetailsLanguage-arrow\"]"}
COMMAND: POST /session/7f6ec3857c10649f26842f36b7e75a4c/element/f.4BE7CB3E9946CAC77AC1BA1FEFE24C33.d.F10FE0916F84E12FD1F8AB01FB0E1F85.e.13276/click - {}
RESULT: {}
COMMAND: POST /session/7f6ec3857c10649f26842f36b7e75a4c/element - {"using":"xpath","value":"//span[contains(text(), \"English\")]"}
COMMAND: GET /session/7f6ec3857c10649f26842f36b7e75a4c/screenshot - {}
RESULT: {"using":"xpath","value":"//span[contains(text(), \"English\")]"}
COMMAND: POST /session/7f6ec3857c10649f26842f36b7e75a4c/element/f.4BE7CB3E9946CAC77AC1BA1FEFE24C33.d.F10FE0916F84E12FD1F8AB01FB0E1F85.e.13277/click - {}
RESULT: {}
RESULT: {}
COMMAND: POST /session/7f6ec3857c10649f26842f36b7e75a4c/execute/async - {"script":"<script> [1562 bytes]","args":[{"selector":{"id":"application-managesites-display-component---NewSite--addressDetailDetailsCity1","interaction":{"idSuffix":"inner"}},"wdio_ui5_key":"applicationmanagesites-display-component---NewSite--addressDetailDetailsCity1"}]}
COMMAND: GET /session/7f6ec3857c10649f26842f36b7e75a4c/screenshot - {}
RESULT: {"script":"<script> [1562 bytes]","args":[{"selector":{"id":"application-managesites-display-component---NewSite--addressDetailDetailsCity1","interaction":{"idSuffix":"inner"}},"wdio_ui5_key":"applicationmanagesites-display-component---NewSite--addressDetailDetailsCity1"}]}
RESULT: undefined
COMMAND: POST /session/7f6ec3857c10649f26842f36b7e75a4c/execute/async - {"script":"<script> [776 bytes]","args":[{"enterText":"Rosario","selector":{"id":"application-managesites-display-component---NewSite--addressDetailDetailsCity1","interaction":{"idSuffix":"inner"}},"clearTextFirst":true,"interactionType":"ENTER_TEXT"}]}
RESULT: {}
RESULT: {"script":"<script> [776 bytes]","args":[{"enterText":"Rosario","selector":{"id":"application-managesites-display-component---NewSite--addressDetailDetailsCity1","interaction":{"idSuffix":"inner"}},"clearTextFirst":true,"interactionType":"ENTER_TEXT"}]}
COMMAND: POST /session/7f6ec3857c10649f26842f36b7e75a4c/execute/async - {"script":"<script> [1562 bytes]","args":[{"selector":{"id":"application-managesites-display-component---NewSite--addressDetailDetailsCountry-arrow"},"wdio_ui5_key":"applicationmanagesites-display-component---NewSite--addressDetailDetailsCountry-arrow"}]}
RESULT: {"script":"<script> [1562 bytes]","args":[{"selector":{"id":"application-managesites-display-component---NewSite--addressDetailDetailsCountry-arrow"},"wdio_ui5_key":"applicationmanagesites-display-component---NewSite--addressDetailDetailsCountry-arrow"}]}
RESULT: undefined
COMMAND: POST /session/7f6ec3857c10649f26842f36b7e75a4c/element - {"using":"xpath","value":"//*[@id=\"application-managesites-display-component---NewSite--addressDetailDetailsCountry-arrow\"]"}
RESULT: {"using":"xpath","value":"//*[@id=\"application-managesites-display-component---NewSite--addressDetailDetailsCountry-arrow\"]"}
COMMAND: POST /session/7f6ec3857c10649f26842f36b7e75a4c/element/f.4BE7CB3E9946CAC77AC1BA1FEFE24C33.d.F10FE0916F84E12FD1F8AB01FB0E1F85.e.13279/click - {}
RESULT: {}
COMMAND: POST /session/7f6ec3857c10649f26842f36b7e75a4c/element - {"using":"xpath","value":"//span[contains(text(), \"Argentina\")]"}
COMMAND: GET /session/7f6ec3857c10649f26842f36b7e75a4c/screenshot - {}
RESULT: {"using":"xpath","value":"//span[contains(text(), \"Argentina\")]"}
COMMAND: POST /session/7f6ec3857c10649f26842f36b7e75a4c/element/f.4BE7CB3E9946CAC77AC1BA1FEFE24C33.d.F10FE0916F84E12FD1F8AB01FB0E1F85.e.13280/click - {}
RESULT: {}
RESULT: {}
COMMAND: GET /session/7f6ec3857c10649f26842f36b7e75a4c/screenshot - {}
RESULT: {}
COMMAND: POST /session/7f6ec3857c10649f26842f36b7e75a4c/execute/async - {"script":"<script> [1562 bytes]","args":[{"selector":{"id":"application-managesites-display-component---NewSite--addressEditDetailsCostObjectCstType-arrow"},"wdio_ui5_key":"applicationmanagesites-display-component---NewSite--addressEditDetailsCostObjectCstType-arrow"}]}
RESULT: {"script":"<script> [1562 bytes]","args":[{"selector":{"id":"application-managesites-display-component---NewSite--addressEditDetailsCostObjectCstType-arrow"},"wdio_ui5_key":"applicationmanagesites-display-component---NewSite--addressEditDetailsCostObjectCstType-arrow"}]}
RESULT: undefined
COMMAND: POST /session/7f6ec3857c10649f26842f36b7e75a4c/element - {"using":"xpath","value":"//*[@id=\"application-managesites-display-component---NewSite--addressEditDetailsCostObjectCstType-arrow\"]"}
RESULT: {"using":"xpath","value":"//*[@id=\"application-managesites-display-component---NewSite--addressEditDetailsCostObjectCstType-arrow\"]"}
COMMAND: POST /session/7f6ec3857c10649f26842f36b7e75a4c/element/f.4BE7CB3E9946CAC77AC1BA1FEFE24C33.d.F10FE0916F84E12FD1F8AB01FB0E1F85.e.13282/click - {}
RESULT: {}
COMMAND: POST /session/7f6ec3857c10649f26842f36b7e75a4c/element - {"using":"xpath","value":"//span[contains(text(), \"Cost Center\")]"}
COMMAND: GET /session/7f6ec3857c10649f26842f36b7e75a4c/screenshot - {}
RESULT: {"using":"xpath","value":"//span[contains(text(), \"Cost Center\")]"}
COMMAND: POST /session/7f6ec3857c10649f26842f36b7e75a4c/element/f.4BE7CB3E9946CAC77AC1BA1FEFE24C33.d.F10FE0916F84E12FD1F8AB01FB0E1F85.e.13283/click - {}
RESULT: {}
RESULT: {}
COMMAND: GET /session/7f6ec3857c10649f26842f36b7e75a4c/screenshot - {}
RESULT: {}
COMMAND: POST /session/7f6ec3857c10649f26842f36b7e75a4c/element - {"using":"xpath","value":"//span[@id=\"application-managesites-display-component---NewSite--addressNewCostObjectCstID-vhi\"]"}
RESULT: {"using":"xpath","value":"//span[@id=\"application-managesites-display-component---NewSite--addressNewCostObjectCstID-vhi\"]"}
COMMAND: POST /session/7f6ec3857c10649f26842f36b7e75a4c/execute/sync - {"script":"<script> [8489 bytes]","args":[{"element-6066-11e4-a52e-4f735466cecf":"f.4BE7CB3E9946CAC77AC1BA1FEFE24C33.d.F10FE0916F84E12FD1F8AB01FB0E1F85.e.13288","ELEMENT":"f.4BE7CB3E9946CAC77AC1BA1FEFE24C33.d.F10FE0916F84E12FD1F8AB01FB0E1F85.e.13288"}]}
RESULT: {"script":"<script> [8489 bytes]","args":[{"element-6066-11e4-a52e-4f735466cecf":"f.4BE7CB3E9946CAC77AC1BA1FEFE24C33.d.F10FE0916F84E12FD1F8AB01FB0E1F85.e.13288","ELEMENT":"f.4BE7CB3E9946CAC77AC1BA1FEFE24C33.d.F10FE0916F84E12FD1F8AB01FB0E1F85.e.13288"}]}
COMMAND: POST /session/7f6ec3857c10649f26842f36b7e75a4c/execute/async - {"script":"<script> [1562 bytes]","args":[{"selector":{"id":"application-managesites-display-component---NewSite--addressNewCostObjectCstID-vhi"},"wdio_ui5_key":"applicationmanagesites-display-component---NewSite--addressNewCostObjectCstID-vhi"}]}
COMMAND: GET /session/7f6ec3857c10649f26842f36b7e75a4c/screenshot - {}
RESULT: {"script":"<script> [1562 bytes]","args":[{"selector":{"id":"application-managesites-display-component---NewSite--addressNewCostObjectCstID-vhi"},"wdio_ui5_key":"applicationmanagesites-display-component---NewSite--addressNewCostObjectCstID-vhi"}]}
RESULT: undefined
COMMAND: POST /session/7f6ec3857c10649f26842f36b7e75a4c/element - {"using":"xpath","value":"//*[@id=\"application-managesites-display-component---NewSite--addressNewCostObjectCstID-vhi\"]"}
RESULT: {}
RESULT: {"using":"xpath","value":"//*[@id=\"application-managesites-display-component---NewSite--addressNewCostObjectCstID-vhi\"]"}
COMMAND: POST /session/7f6ec3857c10649f26842f36b7e75a4c/element/f.4BE7CB3E9946CAC77AC1BA1FEFE24C33.d.F10FE0916F84E12FD1F8AB01FB0E1F85.e.13288/click - {}
RESULT: {}
COMMAND: GET /session/7f6ec3857c10649f26842f36b7e75a4c/screenshot - {}
RESULT: {}
RESULT: undefined
COMMAND: POST /session/7f6ec3857c10649f26842f36b7e75a4c/execute/async - {"script":"<script> [776 bytes]","args":[{"enterText":"10001013","selector":{"controlType":"sap.m.SearchField","properties":{"placeholder":"Search"},"searchOpenDialogs":true,"interaction":{"idSuffix":"I"}},"clearTextFirst":true,"interactionType":"ENTER_TEXT"}]}
RESULT: {"script":"<script> [776 bytes]","args":[{"enterText":"10001013","selector":{"controlType":"sap.m.SearchField","properties":{"placeholder":"Search"},"searchOpenDialogs":true,"interaction":{"idSuffix":"I"}},"clearTextFirst":true,"interactionType":"ENTER_TEXT"}]}
COMMAND: POST /session/7f6ec3857c10649f26842f36b7e75a4c/actions - {"actions":[{"id":"action42","type":"key","parameters":{},"actions":[{"type":"keyDown","value":"î€‡"},{"type":"pause","duration":10},{"type":"keyUp","value":"î€‡"}]}]}
RESULT: {"actions":[{"id":"action42","type":"key","parameters":{},"actions":[{"type":"keyDown","value":"î€‡"},{"type":"pause","duration":10},{"type":"keyUp","value":"î€‡"}]}]}
COMMAND: GET /session/7f6ec3857c10649f26842f36b7e75a4c/screenshot - {}
RESULT: {}
COMMAND: POST /session/7f6ec3857c10649f26842f36b7e75a4c/element - {"using":"xpath","value":"//span[contains(text(), \"General Management\")]"}
RESULT: {"using":"xpath","value":"//span[contains(text(), \"General Management\")]"}
COMMAND: POST /session/7f6ec3857c10649f26842f36b7e75a4c/element/f.4BE7CB3E9946CAC77AC1BA1FEFE24C33.d.F10FE0916F84E12FD1F8AB01FB0E1F85.e.13328/click - {}
RESULT: {}
COMMAND: GET /session/7f6ec3857c10649f26842f36b7e75a4c/screenshot - {}
RESULT: {}
COMMAND: POST /session/7f6ec3857c10649f26842f36b7e75a4c/element - {"using":"xpath","value":"//bdi[contains(text(), \"OK\")]"}
RESULT: {"using":"xpath","value":"//bdi[contains(text(), \"OK\")]"}
COMMAND: POST /session/7f6ec3857c10649f26842f36b7e75a4c/element/f.4BE7CB3E9946CAC77AC1BA1FEFE24C33.d.F10FE0916F84E12FD1F8AB01FB0E1F85.e.13329/click - {}
RESULT: {}
COMMAND: GET /session/7f6ec3857c10649f26842f36b7e75a4c/screenshot - {}
RESULT: {}
COMMAND: POST /session/7f6ec3857c10649f26842f36b7e75a4c/element - {"using":"xpath","value":"//input[@id=\"application-managesites-display-component---NewSite--addressDetailDetailsCalendar-inner\"]"}
RESULT: {"using":"xpath","value":"//input[@id=\"application-managesites-display-component---NewSite--addressDetailDetailsCalendar-inner\"]"}
COMMAND: POST /session/7f6ec3857c10649f26842f36b7e75a4c/element/f.4BE7CB3E9946CAC77AC1BA1FEFE24C33.d.F10FE0916F84E12FD1F8AB01FB0E1F85.e.13073/clear - {}
RESULT: {}
COMMAND: POST /session/7f6ec3857c10649f26842f36b7e75a4c/element/f.4BE7CB3E9946CAC77AC1BA1FEFE24C33.d.F10FE0916F84E12FD1F8AB01FB0E1F85.e.13073/value - {"text":"Unit"}
COMMAND: GET /session/7f6ec3857c10649f26842f36b7e75a4c/screenshot - {}
RESULT: {"text":"Unit"}
COMMAND: GET /session/7f6ec3857c10649f26842f36b7e75a4c/screenshot - {}
RESULT: {}
RESULT: {}
COMMAND: POST /session/7f6ec3857c10649f26842f36b7e75a4c/actions - {"actions":[{"id":"action43","type":"key","parameters":{},"actions":[{"type":"keyDown","value":"î€‡"},{"type":"pause","duration":10},{"type":"keyUp","value":"î€‡"}]}]}
RESULT: {"actions":[{"id":"action43","type":"key","parameters":{},"actions":[{"type":"keyDown","value":"î€‡"},{"type":"pause","duration":10},{"type":"keyUp","value":"î€‡"}]}]}
COMMAND: POST /session/7f6ec3857c10649f26842f36b7e75a4c/element - {"using":"xpath","value":"//input[@id=\"application-managesites-display-component---NewSite--addressDetailDetailsYard-inner\"]"}
COMMAND: GET /session/7f6ec3857c10649f26842f36b7e75a4c/screenshot - {}
RESULT: {"using":"xpath","value":"//input[@id=\"application-managesites-display-component---NewSite--addressDetailDetailsYard-inner\"]"}
COMMAND: POST /session/7f6ec3857c10649f26842f36b7e75a4c/element/f.4BE7CB3E9946CAC77AC1BA1FEFE24C33.d.F10FE0916F84E12FD1F8AB01FB0E1F85.e.13074/clear - {}
RESULT: {}
RESULT: {}
COMMAND: POST /session/7f6ec3857c10649f26842f36b7e75a4c/element/f.4BE7CB3E9946CAC77AC1BA1FEFE24C33.d.F10FE0916F84E12FD1F8AB01FB0E1F85.e.13074/value - {"text":"388"}
COMMAND: GET /session/7f6ec3857c10649f26842f36b7e75a4c/screenshot - {}
RESULT: {"text":"388"}
COMMAND: GET /session/7f6ec3857c10649f26842f36b7e75a4c/screenshot - {}
RESULT: {}
RESULT: {}
COMMAND: POST /session/7f6ec3857c10649f26842f36b7e75a4c/element - {"using":"xpath","value":"//li[.//span[text()='388']]"}
RESULT: {"using":"xpath","value":"//li[.//span[text()='388']]"}
COMMAND: POST /session/7f6ec3857c10649f26842f36b7e75a4c/element/f.4BE7CB3E9946CAC77AC1BA1FEFE24C33.d.F10FE0916F84E12FD1F8AB01FB0E1F85.e.13337/click - {}
RESULT: {}
COMMAND: GET /session/7f6ec3857c10649f26842f36b7e75a4c/screenshot - {}
RESULT: {}
COMMAND: POST /session/7f6ec3857c10649f26842f36b7e75a4c/element - {"using":"xpath","value":"//input[@id=\"application-managesites-display-component---NewSite--addressDetailDetailsPartner-inner\"]"}
RESULT: {"using":"xpath","value":"//input[@id=\"application-managesites-display-component---NewSite--addressDetailDetailsPartner-inner\"]"}
COMMAND: POST /session/7f6ec3857c10649f26842f36b7e75a4c/element - {"using":"xpath","value":"//input[@id=\"application-managesites-display-component---NewSite--addressDetailDetailsPartner-inner\"]"}
RESULT: {"using":"xpath","value":"//input[@id=\"application-managesites-display-component---NewSite--addressDetailDetailsPartner-inner\"]"}
COMMAND: POST /session/7f6ec3857c10649f26842f36b7e75a4c/element - {"using":"xpath","value":"//button[@data-kt=\"saveButton\"]"}
RESULT: {"using":"xpath","value":"//button[@data-kt=\"saveButton\"]"}
COMMAND: POST /session/7f6ec3857c10649f26842f36b7e75a4c/element/f.4BE7CB3E9946CAC77AC1BA1FEFE24C33.d.F10FE0916F84E12FD1F8AB01FB0E1F85.e.13213/click - {}
RESULT: {}
COMMAND: GET /session/7f6ec3857c10649f26842f36b7e75a4c/screenshot - {}
RESULT: {}
COMMAND: POST /session/7f6ec3857c10649f26842f36b7e75a4c/element - {"using":"xpath","value":"//header[contains(@id, 'ObjectPageLayout-headerTitle')]/div[1]/div[2]/div[2]/span[1]"}
RESULT: {"using":"xpath","value":"//header[contains(@id, 'ObjectPageLayout-headerTitle')]/div[1]/div[2]/div[2]/span[1]"}
COMMAND: POST /session/7f6ec3857c10649f26842f36b7e75a4c/elements - {"using":"xpath","value":"//header[contains(@id, 'ObjectPageLayout-headerTitle')]/div[1]/div[2]/div[2]/span[1]"}
RESULT: {"using":"xpath","value":"//header[contains(@id, 'ObjectPageLayout-headerTitle')]/div[1]/div[2]/div[2]/span[1]"}
COMMAND: POST /session/7f6ec3857c10649f26842f36b7e75a4c/execute/sync - {"script":"<script> [56 bytes]","args":[{"element-6066-11e4-a52e-4f735466cecf":"f.4BE7CB3E9946CAC77AC1BA1FEFE24C33.d.F10FE0916F84E12FD1F8AB01FB0E1F85.e.13540","ELEMENT":"f.4BE7CB3E9946CAC77AC1BA1FEFE24C33.d.F10FE0916F84E12FD1F8AB01FB0E1F85.e.13540"}]}
RESULT: {"script":"<script> [56 bytes]","args":[{"element-6066-11e4-a52e-4f735466cecf":"f.4BE7CB3E9946CAC77AC1BA1FEFE24C33.d.F10FE0916F84E12FD1F8AB01FB0E1F85.e.13540","ELEMENT":"f.4BE7CB3E9946CAC77AC1BA1FEFE24C33.d.F10FE0916F84E12FD1F8AB01FB0E1F85.e.13540"}]}
COMMAND: POST /session/7f6ec3857c10649f26842f36b7e75a4c/element - {"using":"css selector","value":"#shell-header-logo"}
COMMAND: GET /session/7f6ec3857c10649f26842f36b7e75a4c/screenshot - {}
RESULT: {"using":"css selector","value":"#shell-header-logo"}
COMMAND: POST /session/7f6ec3857c10649f26842f36b7e75a4c/element/f.4BE7CB3E9946CAC77AC1BA1FEFE24C33.d.F10FE0916F84E12FD1F8AB01FB0E1F85.e.12610/click - {}
RESULT: {}
RESULT: {}
COMMAND: GET /session/7f6ec3857c10649f26842f36b7e75a4c/screenshot - {}
RESULT: {}
COMMAND: POST /session/7f6ec3857c10649f26842f36b7e75a4c/execute/sync - {"script":"<script> [299 bytes]","args":[["getModel","getResource"]]}
RESULT: {"script":"<script> [299 bytes]","args":[["getModel","getResource"]]}
COMMAND: GET /session/7f6ec3857c10649f26842f36b7e75a4c/screenshot - {}
]]></system-out>
    </testcase>
    <testcase classname="chrome.136_0_7103_49.windows.Provide_to_Site_w/o_warehouse_management_w/_clarification_US116605" name="Should create a new material" time="106.66">
      <system-out><![CDATA[
COMMAND: POST /session/7f6ec3857c10649f26842f36b7e75a4c/execute/async - {"script":"<script> [1562 bytes]","args":[{"selector":{"controlType":"sap.m.GenericTile","properties":{"header":"Manage Resources"}},"wdio_ui5_key":"sapm.GenericTile{\"header\":\"Manage Resources\"}"}]}
RESULT: {}
RESULT: {"script":"<script> [1562 bytes]","args":[{"selector":{"controlType":"sap.m.GenericTile","properties":{"header":"Manage Resources"}},"wdio_ui5_key":"sapm.GenericTile{\"header\":\"Manage Resources\"}"}]}
RESULT: undefined
COMMAND: POST /session/7f6ec3857c10649f26842f36b7e75a4c/element - {"using":"xpath","value":"//*[@id=\"__tile31\"]"}
RESULT: {"using":"xpath","value":"//*[@id=\"__tile31\"]"}
COMMAND: POST /session/7f6ec3857c10649f26842f36b7e75a4c/element/f.4BE7CB3E9946CAC77AC1BA1FEFE24C33.d.F10FE0916F84E12FD1F8AB01FB0E1F85.e.11059/click - {}
RESULT: {}
COMMAND: GET /session/7f6ec3857c10649f26842f36b7e75a4c/screenshot - {}
RESULT: {}
COMMAND: POST /session/7f6ec3857c10649f26842f36b7e75a4c/elements - {"using":"xpath","value":"//span[text()='Error']"}
RESULT: {"using":"xpath","value":"//span[text()='Error']"}
COMMAND: POST /session/7f6ec3857c10649f26842f36b7e75a4c/element - {"using":"xpath","value":"//button[@data-kt=\"addNewRUOverflowToolbarButton\"]"}
RESULT: {"using":"xpath","value":"//button[@data-kt=\"addNewRUOverflowToolbarButton\"]"}
COMMAND: POST /session/7f6ec3857c10649f26842f36b7e75a4c/elements - {"using":"xpath","value":"//button[@data-kt=\"addNewRUOverflowToolbarButton\"]"}
RESULT: {"using":"xpath","value":"//button[@data-kt=\"addNewRUOverflowToolbarButton\"]"}
COMMAND: POST /session/7f6ec3857c10649f26842f36b7e75a4c/execute/sync - {"script":"<script> [8489 bytes]","args":[{"element-6066-11e4-a52e-4f735466cecf":"f.4BE7CB3E9946CAC77AC1BA1FEFE24C33.d.F10FE0916F84E12FD1F8AB01FB0E1F85.e.13584","ELEMENT":"f.4BE7CB3E9946CAC77AC1BA1FEFE24C33.d.F10FE0916F84E12FD1F8AB01FB0E1F85.e.13584"}]}
RESULT: {"script":"<script> [8489 bytes]","args":[{"element-6066-11e4-a52e-4f735466cecf":"f.4BE7CB3E9946CAC77AC1BA1FEFE24C33.d.F10FE0916F84E12FD1F8AB01FB0E1F85.e.13584","ELEMENT":"f.4BE7CB3E9946CAC77AC1BA1FEFE24C33.d.F10FE0916F84E12FD1F8AB01FB0E1F85.e.13584"}]}
COMMAND: GET /session/7f6ec3857c10649f26842f36b7e75a4c/element/f.4BE7CB3E9946CAC77AC1BA1FEFE24C33.d.F10FE0916F84E12FD1F8AB01FB0E1F85.e.13584/enabled - {}
COMMAND: GET /session/7f6ec3857c10649f26842f36b7e75a4c/screenshot - {}
RESULT: {}
COMMAND: POST /session/7f6ec3857c10649f26842f36b7e75a4c/execute/sync - {"script":"<script> [8489 bytes]","args":[{"element-6066-11e4-a52e-4f735466cecf":"f.4BE7CB3E9946CAC77AC1BA1FEFE24C33.d.F10FE0916F84E12FD1F8AB01FB0E1F85.e.13584","ELEMENT":"f.4BE7CB3E9946CAC77AC1BA1FEFE24C33.d.F10FE0916F84E12FD1F8AB01FB0E1F85.e.13584"}]}
COMMAND: GET /session/7f6ec3857c10649f26842f36b7e75a4c/screenshot - {}
RESULT: {}
RESULT: {"script":"<script> [8489 bytes]","args":[{"element-6066-11e4-a52e-4f735466cecf":"f.4BE7CB3E9946CAC77AC1BA1FEFE24C33.d.F10FE0916F84E12FD1F8AB01FB0E1F85.e.13584","ELEMENT":"f.4BE7CB3E9946CAC77AC1BA1FEFE24C33.d.F10FE0916F84E12FD1F8AB01FB0E1F85.e.13584"}]}
COMMAND: POST /session/7f6ec3857c10649f26842f36b7e75a4c/execute/sync - {"script":"<script> [5351 bytes]","args":[{"element-6066-11e4-a52e-4f735466cecf":"f.4BE7CB3E9946CAC77AC1BA1FEFE24C33.d.F10FE0916F84E12FD1F8AB01FB0E1F85.e.13584","ELEMENT":"f.4BE7CB3E9946CAC77AC1BA1FEFE24C33.d.F10FE0916F84E12FD1F8AB01FB0E1F85.e.13584"}]}
COMMAND: GET /session/7f6ec3857c10649f26842f36b7e75a4c/screenshot - {}
RESULT: {}
RESULT: {"script":"<script> [5351 bytes]","args":[{"element-6066-11e4-a52e-4f735466cecf":"f.4BE7CB3E9946CAC77AC1BA1FEFE24C33.d.F10FE0916F84E12FD1F8AB01FB0E1F85.e.13584","ELEMENT":"f.4BE7CB3E9946CAC77AC1BA1FEFE24C33.d.F10FE0916F84E12FD1F8AB01FB0E1F85.e.13584"}]}
COMMAND: POST /session/7f6ec3857c10649f26842f36b7e75a4c/element/f.4BE7CB3E9946CAC77AC1BA1FEFE24C33.d.F10FE0916F84E12FD1F8AB01FB0E1F85.e.13584/click - {}
COMMAND: GET /session/7f6ec3857c10649f26842f36b7e75a4c/screenshot - {}
RESULT: {}
RESULT: {}
COMMAND: GET /session/7f6ec3857c10649f26842f36b7e75a4c/screenshot - {}
COMMAND: POST /session/7f6ec3857c10649f26842f36b7e75a4c/execute/async - {"script":"<script> [1562 bytes]","args":[{"selector":{"id":"application-manageresources-display-component---newResourceUnit--TYPE-arrow"},"wdio_ui5_key":"applicationmanageresources-display-component---newResourceUnit--TYPE-arrow"}]}
RESULT: {}
RESULT: {}
RESULT: {"script":"<script> [1562 bytes]","args":[{"selector":{"id":"application-manageresources-display-component---newResourceUnit--TYPE-arrow"},"wdio_ui5_key":"applicationmanageresources-display-component---newResourceUnit--TYPE-arrow"}]}
RESULT: undefined
COMMAND: POST /session/7f6ec3857c10649f26842f36b7e75a4c/element - {"using":"xpath","value":"//*[@id=\"application-manageresources-display-component---newResourceUnit--TYPE-arrow\"]"}
RESULT: {"using":"xpath","value":"//*[@id=\"application-manageresources-display-component---newResourceUnit--TYPE-arrow\"]"}
COMMAND: POST /session/7f6ec3857c10649f26842f36b7e75a4c/element/f.4BE7CB3E9946CAC77AC1BA1FEFE24C33.d.F10FE0916F84E12FD1F8AB01FB0E1F85.e.13932/click - {}
RESULT: {}
COMMAND: POST /session/7f6ec3857c10649f26842f36b7e75a4c/element - {"using":"xpath","value":"//input[@id=\"application-manageresources-display-component---newResourceUnit--TYPE-inner\"]"}
COMMAND: GET /session/7f6ec3857c10649f26842f36b7e75a4c/screenshot - {}
RESULT: {"using":"xpath","value":"//input[@id=\"application-manageresources-display-component---newResourceUnit--TYPE-inner\"]"}
COMMAND: POST /session/7f6ec3857c10649f26842f36b7e75a4c/element/f.4BE7CB3E9946CAC77AC1BA1FEFE24C33.d.F10FE0916F84E12FD1F8AB01FB0E1F85.e.13924/clear - {}
RESULT: {}
RESULT: {}
COMMAND: POST /session/7f6ec3857c10649f26842f36b7e75a4c/element/f.4BE7CB3E9946CAC77AC1BA1FEFE24C33.d.F10FE0916F84E12FD1F8AB01FB0E1F85.e.13924/value - {"text":"Material"}
COMMAND: GET /session/7f6ec3857c10649f26842f36b7e75a4c/screenshot - {}
RESULT: {"text":"Material"}
COMMAND: GET /session/7f6ec3857c10649f26842f36b7e75a4c/screenshot - {}
RESULT: {}
RESULT: {}
COMMAND: POST /session/7f6ec3857c10649f26842f36b7e75a4c/actions - {"actions":[{"id":"action44","type":"key","parameters":{},"actions":[{"type":"keyDown","value":"î€‡"},{"type":"pause","duration":10},{"type":"keyUp","value":"î€‡"}]}]}
RESULT: {"actions":[{"id":"action44","type":"key","parameters":{},"actions":[{"type":"keyDown","value":"î€‡"},{"type":"pause","duration":10},{"type":"keyUp","value":"î€‡"}]}]}
COMMAND: POST /session/7f6ec3857c10649f26842f36b7e75a4c/execute/async - {"script":"<script> [1562 bytes]","args":[{"selector":{"id":"application-manageresources-display-component---newResourceUnit--SHORT_TEXT","interaction":{"idSuffix":"inner"}},"wdio_ui5_key":"applicationmanageresources-display-component---newResourceUnit--SHORT_TEXT"}]}
COMMAND: GET /session/7f6ec3857c10649f26842f36b7e75a4c/screenshot - {}
RESULT: {"script":"<script> [1562 bytes]","args":[{"selector":{"id":"application-manageresources-display-component---newResourceUnit--SHORT_TEXT","interaction":{"idSuffix":"inner"}},"wdio_ui5_key":"applicationmanageresources-display-component---newResourceUnit--SHORT_TEXT"}]}
RESULT: undefined
COMMAND: POST /session/7f6ec3857c10649f26842f36b7e75a4c/execute/async - {"script":"<script> [776 bytes]","args":[{"enterText":"Cement WDIO","selector":{"id":"application-manageresources-display-component---newResourceUnit--SHORT_TEXT","interaction":{"idSuffix":"inner"}},"clearTextFirst":true,"interactionType":"ENTER_TEXT"}]}
RESULT: {}
RESULT: {"script":"<script> [776 bytes]","args":[{"enterText":"Cement WDIO","selector":{"id":"application-manageresources-display-component---newResourceUnit--SHORT_TEXT","interaction":{"idSuffix":"inner"}},"clearTextFirst":true,"interactionType":"ENTER_TEXT"}]}
COMMAND: POST /session/7f6ec3857c10649f26842f36b7e75a4c/execute/async - {"script":"<script> [1562 bytes]","args":[{"selector":{"id":"application-manageresources-display-component---newResourceUnit--BASE_UNIT_OF_MEASURE","interaction":{"idSuffix":"inner"}},"wdio_ui5_key":"applicationmanageresources-display-component---newResourceUnit--BASE_UNIT_OF_MEASURE"}]}
RESULT: {"script":"<script> [1562 bytes]","args":[{"selector":{"id":"application-manageresources-display-component---newResourceUnit--BASE_UNIT_OF_MEASURE","interaction":{"idSuffix":"inner"}},"wdio_ui5_key":"applicationmanageresources-display-component---newResourceUnit--BASE_UNIT_OF_MEASURE"}]}
RESULT: undefined
COMMAND: POST /session/7f6ec3857c10649f26842f36b7e75a4c/execute/async - {"script":"<script> [776 bytes]","args":[{"enterText":"Piece","selector":{"id":"application-manageresources-display-component---newResourceUnit--BASE_UNIT_OF_MEASURE","interaction":{"idSuffix":"inner"}},"clearTextFirst":true,"interactionType":"ENTER_TEXT"}]}
RESULT: {"script":"<script> [776 bytes]","args":[{"enterText":"Piece","selector":{"id":"application-manageresources-display-component---newResourceUnit--BASE_UNIT_OF_MEASURE","interaction":{"idSuffix":"inner"}},"clearTextFirst":true,"interactionType":"ENTER_TEXT"}]}
COMMAND: POST /session/7f6ec3857c10649f26842f36b7e75a4c/execute/async - {"script":"<script> [1562 bytes]","args":[{"selector":{"id":"application-manageresources-display-component---newResourceUnit--WEIGHT_UNIT","interaction":{"idSuffix":"inner"}},"wdio_ui5_key":"applicationmanageresources-display-component---newResourceUnit--WEIGHT_UNIT"}]}
RESULT: {"script":"<script> [1562 bytes]","args":[{"selector":{"id":"application-manageresources-display-component---newResourceUnit--WEIGHT_UNIT","interaction":{"idSuffix":"inner"}},"wdio_ui5_key":"applicationmanageresources-display-component---newResourceUnit--WEIGHT_UNIT"}]}
RESULT: undefined
COMMAND: POST /session/7f6ec3857c10649f26842f36b7e75a4c/execute/async - {"script":"<script> [776 bytes]","args":[{"enterText":"Gram","selector":{"id":"application-manageresources-display-component---newResourceUnit--WEIGHT_UNIT","interaction":{"idSuffix":"inner"}},"clearTextFirst":true,"interactionType":"ENTER_TEXT"}]}
RESULT: {"script":"<script> [776 bytes]","args":[{"enterText":"Gram","selector":{"id":"application-manageresources-display-component---newResourceUnit--WEIGHT_UNIT","interaction":{"idSuffix":"inner"}},"clearTextFirst":true,"interactionType":"ENTER_TEXT"}]}
COMMAND: POST /session/7f6ec3857c10649f26842f36b7e75a4c/execute/async - {"script":"<script> [1562 bytes]","args":[{"selector":{"id":"application-manageresources-display-component---newResourceUnit--DIMENSION_UNIT","interaction":{"idSuffix":"inner"}},"wdio_ui5_key":"applicationmanageresources-display-component---newResourceUnit--DIMENSION_UNIT"}]}
RESULT: {"script":"<script> [1562 bytes]","args":[{"selector":{"id":"application-manageresources-display-component---newResourceUnit--DIMENSION_UNIT","interaction":{"idSuffix":"inner"}},"wdio_ui5_key":"applicationmanageresources-display-component---newResourceUnit--DIMENSION_UNIT"}]}
RESULT: undefined
COMMAND: POST /session/7f6ec3857c10649f26842f36b7e75a4c/execute/async - {"script":"<script> [776 bytes]","args":[{"enterText":"Meter","selector":{"id":"application-manageresources-display-component---newResourceUnit--DIMENSION_UNIT","interaction":{"idSuffix":"inner"}},"clearTextFirst":true,"interactionType":"ENTER_TEXT"}]}
RESULT: {"script":"<script> [776 bytes]","args":[{"enterText":"Meter","selector":{"id":"application-manageresources-display-component---newResourceUnit--DIMENSION_UNIT","interaction":{"idSuffix":"inner"}},"clearTextFirst":true,"interactionType":"ENTER_TEXT"}]}
COMMAND: POST /session/7f6ec3857c10649f26842f36b7e75a4c/execute/async - {"script":"<script> [1562 bytes]","args":[{"selector":{"id":"application-manageresources-display-component---newResourceUnit--newRRUPage-anchBar-application-manageresources-display-component---newResourceUnit--control-anchor","interaction":{"idSuffix":"BDI-content"}},"wdio_ui5_key":"applicationmanageresources-display-component---newResourceUnit--newRRUPage-anchBar-application-manageresources-display-component---newResourceUnit--control-anchor"}]}
RESULT: {"script":"<script> [1562 bytes]","args":[{"selector":{"id":"application-manageresources-display-component---newResourceUnit--newRRUPage-anchBar-application-manageresources-display-component---newResourceUnit--control-anchor","interaction":{"idSuffix":"BDI-content"}},"wdio_ui5_key":"applicationmanageresources-display-component---newResourceUnit--newRRUPage-anchBar-application-manageresources-display-component---newResourceUnit--control-anchor"}]}
RESULT: undefined
COMMAND: POST /session/7f6ec3857c10649f26842f36b7e75a4c/element - {"using":"xpath","value":"//*[@id=\"application-manageresources-display-component---newResourceUnit--newRRUPage-anchBar-application-manageresources-display-component---newResourceUnit--control-anchor\"]"}
RESULT: {"using":"xpath","value":"//*[@id=\"application-manageresources-display-component---newResourceUnit--newRRUPage-anchBar-application-manageresources-display-component---newResourceUnit--control-anchor\"]"}
COMMAND: POST /session/7f6ec3857c10649f26842f36b7e75a4c/element/f.4BE7CB3E9946CAC77AC1BA1FEFE24C33.d.F10FE0916F84E12FD1F8AB01FB0E1F85.e.13996/click - {}
RESULT: {}
COMMAND: POST /session/7f6ec3857c10649f26842f36b7e75a4c/execute/async - {"script":"<script> [1562 bytes]","args":[{"selector":{"id":"application-manageresources-display-component---newResourceUnit--PLANNING_GROUP","interaction":{"idSuffix":"inner"}},"wdio_ui5_key":"applicationmanageresources-display-component---newResourceUnit--PLANNING_GROUP"}]}
COMMAND: GET /session/7f6ec3857c10649f26842f36b7e75a4c/screenshot - {}
RESULT: {"script":"<script> [1562 bytes]","args":[{"selector":{"id":"application-manageresources-display-component---newResourceUnit--PLANNING_GROUP","interaction":{"idSuffix":"inner"}},"wdio_ui5_key":"applicationmanageresources-display-component---newResourceUnit--PLANNING_GROUP"}]}
RESULT: undefined
COMMAND: POST /session/7f6ec3857c10649f26842f36b7e75a4c/execute/async - {"script":"<script> [776 bytes]","args":[{"enterText":"Material","selector":{"id":"application-manageresources-display-component---newResourceUnit--PLANNING_GROUP","interaction":{"idSuffix":"inner"}},"clearTextFirst":true,"interactionType":"ENTER_TEXT"}]}
RESULT: {}
RESULT: {"script":"<script> [776 bytes]","args":[{"enterText":"Material","selector":{"id":"application-manageresources-display-component---newResourceUnit--PLANNING_GROUP","interaction":{"idSuffix":"inner"}},"clearTextFirst":true,"interactionType":"ENTER_TEXT"}]}
COMMAND: POST /session/7f6ec3857c10649f26842f36b7e75a4c/execute/async - {"script":"<script> [1562 bytes]","args":[{"selector":{"id":"application-manageresources-display-component---newResourceUnit--PLANNING_INDICATOR","interaction":{"idSuffix":"inner"}},"wdio_ui5_key":"applicationmanageresources-display-component---newResourceUnit--PLANNING_INDICATOR"}]}
RESULT: {"script":"<script> [1562 bytes]","args":[{"selector":{"id":"application-manageresources-display-component---newResourceUnit--PLANNING_INDICATOR","interaction":{"idSuffix":"inner"}},"wdio_ui5_key":"applicationmanageresources-display-component---newResourceUnit--PLANNING_INDICATOR"}]}
RESULT: undefined
COMMAND: POST /session/7f6ec3857c10649f26842f36b7e75a4c/execute/async - {"script":"<script> [776 bytes]","args":[{"enterText":"10 - infinite","selector":{"id":"application-manageresources-display-component---newResourceUnit--PLANNING_INDICATOR","interaction":{"idSuffix":"inner"}},"clearTextFirst":true,"interactionType":"ENTER_TEXT"}]}
RESULT: {"script":"<script> [776 bytes]","args":[{"enterText":"10 - infinite","selector":{"id":"application-manageresources-display-component---newResourceUnit--PLANNING_INDICATOR","interaction":{"idSuffix":"inner"}},"clearTextFirst":true,"interactionType":"ENTER_TEXT"}]}
COMMAND: POST /session/7f6ec3857c10649f26842f36b7e75a4c/element - {"using":"css selector","value":"#application-manageresources-display-component---newResourceUnit--btnAddTimeSegment"}
RESULT: {"using":"css selector","value":"#application-manageresources-display-component---newResourceUnit--btnAddTimeSegment"}
COMMAND: GET /session/7f6ec3857c10649f26842f36b7e75a4c/element/f.4BE7CB3E9946CAC77AC1BA1FEFE24C33.d.F10FE0916F84E12FD1F8AB01FB0E1F85.e.14004/rect - {}
RESULT: {}
COMMAND: GET /session/7f6ec3857c10649f26842f36b7e75a4c/window/rect - {}
RESULT: {}
COMMAND: POST /session/7f6ec3857c10649f26842f36b7e75a4c/execute/sync - {"script":"<script> [92 bytes]","args":[]}
RESULT: {"script":"<script> [92 bytes]","args":[]}
COMMAND: POST /session/7f6ec3857c10649f26842f36b7e75a4c/actions - {"actions":[{"id":"action45","type":"wheel","parameters":{},"actions":[{"type":"scroll","x":-1888,"y":-32,"deltaX":0,"deltaY":0,"duration":0,"origin":{"element-6066-11e4-a52e-4f735466cecf":"f.4BE7CB3E9946CAC77AC1BA1FEFE24C33.d.F10FE0916F84E12FD1F8AB01FB0E1F85.e.14004"}}]}]}
COMMAND: GET /session/7f6ec3857c10649f26842f36b7e75a4c/screenshot - {}
RESULT: {}
COMMAND: POST /session/7f6ec3857c10649f26842f36b7e75a4c/execute/sync - {"script":"<script> [79 bytes]","args":[{"element-6066-11e4-a52e-4f735466cecf":"f.4BE7CB3E9946CAC77AC1BA1FEFE24C33.d.F10FE0916F84E12FD1F8AB01FB0E1F85.e.14004","ELEMENT":"f.4BE7CB3E9946CAC77AC1BA1FEFE24C33.d.F10FE0916F84E12FD1F8AB01FB0E1F85.e.14004"},{"block":"start","inline":"nearest"}]}
RESULT: {"script":"<script> [79 bytes]","args":[{"element-6066-11e4-a52e-4f735466cecf":"f.4BE7CB3E9946CAC77AC1BA1FEFE24C33.d.F10FE0916F84E12FD1F8AB01FB0E1F85.e.14004","ELEMENT":"f.4BE7CB3E9946CAC77AC1BA1FEFE24C33.d.F10FE0916F84E12FD1F8AB01FB0E1F85.e.14004"},{"block":"start","inline":"nearest"}]}
COMMAND: POST /session/7f6ec3857c10649f26842f36b7e75a4c/execute/async - {"script":"<script> [1562 bytes]","args":[{"selector":{"id":"application-manageresources-display-component---newResourceUnit--btnAddTimeSegment","interaction":{"idSuffix":"inner"}},"wdio_ui5_key":"applicationmanageresources-display-component---newResourceUnit--btnAddTimeSegment"}]}
COMMAND: GET /session/7f6ec3857c10649f26842f36b7e75a4c/screenshot - {}
RESULT: {"script":"<script> [1562 bytes]","args":[{"selector":{"id":"application-manageresources-display-component---newResourceUnit--btnAddTimeSegment","interaction":{"idSuffix":"inner"}},"wdio_ui5_key":"applicationmanageresources-display-component---newResourceUnit--btnAddTimeSegment"}]}
RESULT: undefined
COMMAND: POST /session/7f6ec3857c10649f26842f36b7e75a4c/element - {"using":"xpath","value":"//*[@id=\"application-manageresources-display-component---newResourceUnit--btnAddTimeSegment\"]"}
RESULT: {}
RESULT: {"using":"xpath","value":"//*[@id=\"application-manageresources-display-component---newResourceUnit--btnAddTimeSegment\"]"}
COMMAND: POST /session/7f6ec3857c10649f26842f36b7e75a4c/element/f.4BE7CB3E9946CAC77AC1BA1FEFE24C33.d.F10FE0916F84E12FD1F8AB01FB0E1F85.e.14004/click - {}
RESULT: {}
COMMAND: GET /session/7f6ec3857c10649f26842f36b7e75a4c/screenshot - {}
RESULT: {}
COMMAND: POST /session/7f6ec3857c10649f26842f36b7e75a4c/element - {"using":"xpath","value":"//input[@id=\"application-manageresources-display-component---newResourceUnit--idRuTSAdmin-application-manageresources-display-component---newResourceUnit--RUTimeSegment-0-inner\"]"}
RESULT: {"using":"xpath","value":"//input[@id=\"application-manageresources-display-component---newResourceUnit--idRuTSAdmin-application-manageresources-display-component---newResourceUnit--RUTimeSegment-0-inner\"]"}
COMMAND: POST /session/7f6ec3857c10649f26842f36b7e75a4c/element/f.4BE7CB3E9946CAC77AC1BA1FEFE24C33.d.F10FE0916F84E12FD1F8AB01FB0E1F85.e.14009/clear - {}
RESULT: {}
COMMAND: POST /session/7f6ec3857c10649f26842f36b7e75a4c/element/f.4BE7CB3E9946CAC77AC1BA1FEFE24C33.d.F10FE0916F84E12FD1F8AB01FB0E1F85.e.14009/value - {"text":"388"}
COMMAND: GET /session/7f6ec3857c10649f26842f36b7e75a4c/screenshot - {}
RESULT: {"text":"388"}
COMMAND: GET /session/7f6ec3857c10649f26842f36b7e75a4c/screenshot - {}
RESULT: {}
RESULT: {}
COMMAND: POST /session/7f6ec3857c10649f26842f36b7e75a4c/element - {"using":"xpath","value":"//li[.//span[text()='388']]"}
RESULT: {"using":"xpath","value":"//li[.//span[text()='388']]"}
COMMAND: POST /session/7f6ec3857c10649f26842f36b7e75a4c/element/f.4BE7CB3E9946CAC77AC1BA1FEFE24C33.d.F10FE0916F84E12FD1F8AB01FB0E1F85.e.14018/click - {}
RESULT: {}
COMMAND: GET /session/7f6ec3857c10649f26842f36b7e75a4c/screenshot - {}
RESULT: {}
COMMAND: POST /session/7f6ec3857c10649f26842f36b7e75a4c/element - {"using":"xpath","value":"(//span[contains(@id, \"-application-manageresources-display-component---newResourceUnit--RUTimeSegment-0-arrow\")])[2]"}
RESULT: {"using":"xpath","value":"(//span[contains(@id, \"-application-manageresources-display-component---newResourceUnit--RUTimeSegment-0-arrow\")])[2]"}
COMMAND: POST /session/7f6ec3857c10649f26842f36b7e75a4c/element/f.4BE7CB3E9946CAC77AC1BA1FEFE24C33.d.F10FE0916F84E12FD1F8AB01FB0E1F85.e.14019/click - {}
RESULT: {}
COMMAND: POST /session/7f6ec3857c10649f26842f36b7e75a4c/element - {"using":"xpath","value":"//span[contains(text(), \"PM Order\")]"}
COMMAND: GET /session/7f6ec3857c10649f26842f36b7e75a4c/screenshot - {}
RESULT: {"using":"xpath","value":"//span[contains(text(), \"PM Order\")]"}
COMMAND: POST /session/7f6ec3857c10649f26842f36b7e75a4c/element/f.4BE7CB3E9946CAC77AC1BA1FEFE24C33.d.F10FE0916F84E12FD1F8AB01FB0E1F85.e.14020/click - {}
RESULT: {}
RESULT: {}
COMMAND: GET /session/7f6ec3857c10649f26842f36b7e75a4c/screenshot - {}
RESULT: {}
COMMAND: POST /session/7f6ec3857c10649f26842f36b7e75a4c/element - {"using":"xpath","value":"//td/div/div/div/span[contains(@id, \"newResourceUnit--RUTimeSegment-0-vhi\")][1]"}
RESULT: {"using":"xpath","value":"//td/div/div/div/span[contains(@id, \"newResourceUnit--RUTimeSegment-0-vhi\")][1]"}
COMMAND: GET /session/7f6ec3857c10649f26842f36b7e75a4c/element/f.4BE7CB3E9946CAC77AC1BA1FEFE24C33.d.F10FE0916F84E12FD1F8AB01FB0E1F85.e.14024/rect - {}
RESULT: {}
COMMAND: GET /session/7f6ec3857c10649f26842f36b7e75a4c/window/rect - {}
RESULT: {}
COMMAND: POST /session/7f6ec3857c10649f26842f36b7e75a4c/execute/sync - {"script":"<script> [92 bytes]","args":[]}
RESULT: {"script":"<script> [92 bytes]","args":[]}
COMMAND: POST /session/7f6ec3857c10649f26842f36b7e75a4c/actions - {"actions":[{"id":"action46","type":"wheel","parameters":{},"actions":[{"type":"scroll","x":-1888,"y":-24,"deltaX":0,"deltaY":0,"duration":0,"origin":{"element-6066-11e4-a52e-4f735466cecf":"f.4BE7CB3E9946CAC77AC1BA1FEFE24C33.d.F10FE0916F84E12FD1F8AB01FB0E1F85.e.14024"}}]}]}
COMMAND: GET /session/7f6ec3857c10649f26842f36b7e75a4c/screenshot - {}
RESULT: {}
COMMAND: POST /session/7f6ec3857c10649f26842f36b7e75a4c/execute/sync - {"script":"<script> [79 bytes]","args":[{"element-6066-11e4-a52e-4f735466cecf":"f.4BE7CB3E9946CAC77AC1BA1FEFE24C33.d.F10FE0916F84E12FD1F8AB01FB0E1F85.e.14024","ELEMENT":"f.4BE7CB3E9946CAC77AC1BA1FEFE24C33.d.F10FE0916F84E12FD1F8AB01FB0E1F85.e.14024"},{"block":"start","inline":"nearest"}]}
RESULT: {"script":"<script> [79 bytes]","args":[{"element-6066-11e4-a52e-4f735466cecf":"f.4BE7CB3E9946CAC77AC1BA1FEFE24C33.d.F10FE0916F84E12FD1F8AB01FB0E1F85.e.14024","ELEMENT":"f.4BE7CB3E9946CAC77AC1BA1FEFE24C33.d.F10FE0916F84E12FD1F8AB01FB0E1F85.e.14024"},{"block":"start","inline":"nearest"}]}
COMMAND: GET /session/7f6ec3857c10649f26842f36b7e75a4c/screenshot - {}
RESULT: {}
COMMAND: POST /session/7f6ec3857c10649f26842f36b7e75a4c/element/f.4BE7CB3E9946CAC77AC1BA1FEFE24C33.d.F10FE0916F84E12FD1F8AB01FB0E1F85.e.14024/click - {}
RESULT: {}
COMMAND: GET /session/7f6ec3857c10649f26842f36b7e75a4c/screenshot - {}
RESULT: {}
RESULT: undefined
COMMAND: POST /session/7f6ec3857c10649f26842f36b7e75a4c/execute/async - {"script":"<script> [776 bytes]","args":[{"enterText":"4000360","selector":{"controlType":"sap.m.SearchField","properties":{"placeholder":"Search"},"searchOpenDialogs":true,"interaction":{"idSuffix":"I"}},"clearTextFirst":true,"interactionType":"ENTER_TEXT"}]}
RESULT: {"script":"<script> [776 bytes]","args":[{"enterText":"4000360","selector":{"controlType":"sap.m.SearchField","properties":{"placeholder":"Search"},"searchOpenDialogs":true,"interaction":{"idSuffix":"I"}},"clearTextFirst":true,"interactionType":"ENTER_TEXT"}]}
COMMAND: POST /session/7f6ec3857c10649f26842f36b7e75a4c/actions - {"actions":[{"id":"action47","type":"key","parameters":{},"actions":[{"type":"keyDown","value":"î€‡"},{"type":"pause","duration":10},{"type":"keyUp","value":"î€‡"}]}]}
RESULT: {"actions":[{"id":"action47","type":"key","parameters":{},"actions":[{"type":"keyDown","value":"î€‡"},{"type":"pause","duration":10},{"type":"keyUp","value":"î€‡"}]}]}
COMMAND: GET /session/7f6ec3857c10649f26842f36b7e75a4c/screenshot - {}
RESULT: {}
COMMAND: POST /session/7f6ec3857c10649f26842f36b7e75a4c/element - {"using":"xpath","value":"//td/div/span[contains(text(), \"BGL Vehicles\")]"}
RESULT: {"using":"xpath","value":"//td/div/span[contains(text(), \"BGL Vehicles\")]"}
COMMAND: POST /session/7f6ec3857c10649f26842f36b7e75a4c/element/f.4BE7CB3E9946CAC77AC1BA1FEFE24C33.d.F10FE0916F84E12FD1F8AB01FB0E1F85.e.14043/click - {}
RESULT: {}
COMMAND: GET /session/7f6ec3857c10649f26842f36b7e75a4c/screenshot - {}
RESULT: {}
COMMAND: POST /session/7f6ec3857c10649f26842f36b7e75a4c/element - {"using":"xpath","value":"//bdi[contains(text(), \"OK\")]"}
RESULT: {"using":"xpath","value":"//bdi[contains(text(), \"OK\")]"}
COMMAND: POST /session/7f6ec3857c10649f26842f36b7e75a4c/element/f.4BE7CB3E9946CAC77AC1BA1FEFE24C33.d.F10FE0916F84E12FD1F8AB01FB0E1F85.e.14044/click - {}
RESULT: {}
COMMAND: GET /session/7f6ec3857c10649f26842f36b7e75a4c/screenshot - {}
RESULT: {}
COMMAND: POST /session/7f6ec3857c10649f26842f36b7e75a4c/element - {"using":"xpath","value":"//label[contains(@class, 'sapMLabelRequired') and .//bdi[contains(text(), 'Planned Retirement')]]"}
RESULT: {"using":"xpath","value":"//label[contains(@class, 'sapMLabelRequired') and .//bdi[contains(text(), 'Planned Retirement')]]"}
COMMAND: POST /session/7f6ec3857c10649f26842f36b7e75a4c/elements - {"using":"xpath","value":"//label[contains(@class, 'sapMLabelRequired') and .//bdi[contains(text(), 'Planned Retirement')]]"}
RESULT: {"using":"xpath","value":"//label[contains(@class, 'sapMLabelRequired') and .//bdi[contains(text(), 'Planned Retirement')]]"}
COMMAND: POST /session/7f6ec3857c10649f26842f36b7e75a4c/element - {"using":"xpath","value":"//button[@data-kt=\"resourceUnitSaveButton\"]"}
RESULT: {"using":"xpath","value":"//button[@data-kt=\"resourceUnitSaveButton\"]"}
COMMAND: POST /session/7f6ec3857c10649f26842f36b7e75a4c/element/f.4BE7CB3E9946CAC77AC1BA1FEFE24C33.d.F10FE0916F84E12FD1F8AB01FB0E1F85.e.13949/click - {}
RESULT: {}
COMMAND: GET /session/7f6ec3857c10649f26842f36b7e75a4c/screenshot - {}
RESULT: {}
COMMAND: POST /session/7f6ec3857c10649f26842f36b7e75a4c/element - {"using":"xpath","value":"//bdi[contains(text(), \"Close\")]"}
RESULT: {"using":"xpath","value":"//bdi[contains(text(), \"Close\")]"}
COMMAND: POST /session/7f6ec3857c10649f26842f36b7e75a4c/element/f.4BE7CB3E9946CAC77AC1BA1FEFE24C33.d.F10FE0916F84E12FD1F8AB01FB0E1F85.e.14050/click - {}
RESULT: {}
COMMAND: GET /session/7f6ec3857c10649f26842f36b7e75a4c/screenshot - {}
RESULT: {}
COMMAND: POST /session/7f6ec3857c10649f26842f36b7e75a4c/element - {"using":"xpath","value":"//header[contains(@id, 'detailRruPage-headerTitle')]/div[1]/div[2]/div[2]/span[1]"}
RESULT: {"using":"xpath","value":"//header[contains(@id, 'detailRruPage-headerTitle')]/div[1]/div[2]/div[2]/span[1]"}
COMMAND: POST /session/7f6ec3857c10649f26842f36b7e75a4c/elements - {"using":"xpath","value":"//header[contains(@id, 'detailRruPage-headerTitle')]/div[1]/div[2]/div[2]/span[1]"}
RESULT: {"using":"xpath","value":"//header[contains(@id, 'detailRruPage-headerTitle')]/div[1]/div[2]/div[2]/span[1]"}
COMMAND: POST /session/7f6ec3857c10649f26842f36b7e75a4c/execute/sync - {"script":"<script> [56 bytes]","args":[{"element-6066-11e4-a52e-4f735466cecf":"f.4BE7CB3E9946CAC77AC1BA1FEFE24C33.d.F10FE0916F84E12FD1F8AB01FB0E1F85.e.14077","ELEMENT":"f.4BE7CB3E9946CAC77AC1BA1FEFE24C33.d.F10FE0916F84E12FD1F8AB01FB0E1F85.e.14077"}]}
RESULT: {"script":"<script> [56 bytes]","args":[{"element-6066-11e4-a52e-4f735466cecf":"f.4BE7CB3E9946CAC77AC1BA1FEFE24C33.d.F10FE0916F84E12FD1F8AB01FB0E1F85.e.14077","ELEMENT":"f.4BE7CB3E9946CAC77AC1BA1FEFE24C33.d.F10FE0916F84E12FD1F8AB01FB0E1F85.e.14077"}]}
COMMAND: POST /session/7f6ec3857c10649f26842f36b7e75a4c/element - {"using":"css selector","value":"#shell-header-logo"}
COMMAND: GET /session/7f6ec3857c10649f26842f36b7e75a4c/screenshot - {}
RESULT: {"using":"css selector","value":"#shell-header-logo"}
COMMAND: POST /session/7f6ec3857c10649f26842f36b7e75a4c/element/f.4BE7CB3E9946CAC77AC1BA1FEFE24C33.d.F10FE0916F84E12FD1F8AB01FB0E1F85.e.13543/click - {}
RESULT: {}
RESULT: {}
COMMAND: GET /session/7f6ec3857c10649f26842f36b7e75a4c/screenshot - {}
RESULT: {}
]]></system-out>
    </testcase>
  </testsuite>
  <testsuite timestamp="2025-05-15T08:39:47" time="319.127" tests="6" failures="2" errors="2" skipped="0">
    <properties>
      <property name="specId" value="0" />
      <property name="suiteName" value="Provide to Site w/o warehouse management w clarification" />
      <property name="capabilities" value="chrome.136_0_7103_49.windows" />
      <property name="file" value="file:///D:/a/1/s/test/specs/HTR/provide-to-site-wo-warehouse-w-clarification.spec.js" />
    </properties>
    <testcase classname="chrome.136_0_7103_49.windows.Provide_to_Site_w/o_warehouse_management_w_clarification" name="Should do a stock increase handover" time="82.103">
      <system-out><![CDATA[
COMMAND: POST /session/7f6ec3857c10649f26842f36b7e75a4c/execute/async - {"script":"<script> [1562 bytes]","args":[{"selector":{"controlType":"sap.m.GenericTile","properties":{"header":"Manage Handovers"}},"wdio_ui5_key":"sapm.GenericTile{\"header\":\"Manage Handovers\"}"}]}
RESULT: {"script":"<script> [1562 bytes]","args":[{"selector":{"controlType":"sap.m.GenericTile","properties":{"header":"Manage Handovers"}},"wdio_ui5_key":"sapm.GenericTile{\"header\":\"Manage Handovers\"}"}]}
RESULT: undefined
COMMAND: POST /session/7f6ec3857c10649f26842f36b7e75a4c/element - {"using":"xpath","value":"//*[@id=\"__tile131\"]"}
RESULT: {"using":"xpath","value":"//*[@id=\"__tile131\"]"}
COMMAND: POST /session/7f6ec3857c10649f26842f36b7e75a4c/element/f.4BE7CB3E9946CAC77AC1BA1FEFE24C33.d.F10FE0916F84E12FD1F8AB01FB0E1F85.e.11086/click - {}
RESULT: {}
COMMAND: GET /session/7f6ec3857c10649f26842f36b7e75a4c/screenshot - {}
RESULT: {}
COMMAND: POST /session/7f6ec3857c10649f26842f36b7e75a4c/elements - {"using":"xpath","value":"//span[text()='Error']"}
RESULT: {"using":"xpath","value":"//span[text()='Error']"}
COMMAND: POST /session/7f6ec3857c10649f26842f36b7e75a4c/element - {"using":"xpath","value":"//button[@data-kt=\"masterHOAddButton\"]"}
RESULT: {"using":"xpath","value":"//button[@data-kt=\"masterHOAddButton\"]"}
COMMAND: POST /session/7f6ec3857c10649f26842f36b7e75a4c/elements - {"using":"xpath","value":"//button[@data-kt=\"masterHOAddButton\"]"}
RESULT: {"using":"xpath","value":"//button[@data-kt=\"masterHOAddButton\"]"}
COMMAND: POST /session/7f6ec3857c10649f26842f36b7e75a4c/execute/sync - {"script":"<script> [8489 bytes]","args":[{"element-6066-11e4-a52e-4f735466cecf":"f.4BE7CB3E9946CAC77AC1BA1FEFE24C33.d.F10FE0916F84E12FD1F8AB01FB0E1F85.e.14121","ELEMENT":"f.4BE7CB3E9946CAC77AC1BA1FEFE24C33.d.F10FE0916F84E12FD1F8AB01FB0E1F85.e.14121"}]}
RESULT: {"script":"<script> [8489 bytes]","args":[{"element-6066-11e4-a52e-4f735466cecf":"f.4BE7CB3E9946CAC77AC1BA1FEFE24C33.d.F10FE0916F84E12FD1F8AB01FB0E1F85.e.14121","ELEMENT":"f.4BE7CB3E9946CAC77AC1BA1FEFE24C33.d.F10FE0916F84E12FD1F8AB01FB0E1F85.e.14121"}]}
COMMAND: GET /session/7f6ec3857c10649f26842f36b7e75a4c/element/f.4BE7CB3E9946CAC77AC1BA1FEFE24C33.d.F10FE0916F84E12FD1F8AB01FB0E1F85.e.14121/enabled - {}
COMMAND: GET /session/7f6ec3857c10649f26842f36b7e75a4c/screenshot - {}
RESULT: {}
COMMAND: POST /session/7f6ec3857c10649f26842f36b7e75a4c/execute/sync - {"script":"<script> [8489 bytes]","args":[{"element-6066-11e4-a52e-4f735466cecf":"f.4BE7CB3E9946CAC77AC1BA1FEFE24C33.d.F10FE0916F84E12FD1F8AB01FB0E1F85.e.14121","ELEMENT":"f.4BE7CB3E9946CAC77AC1BA1FEFE24C33.d.F10FE0916F84E12FD1F8AB01FB0E1F85.e.14121"}]}
COMMAND: GET /session/7f6ec3857c10649f26842f36b7e75a4c/screenshot - {}
RESULT: {}
RESULT: {"script":"<script> [8489 bytes]","args":[{"element-6066-11e4-a52e-4f735466cecf":"f.4BE7CB3E9946CAC77AC1BA1FEFE24C33.d.F10FE0916F84E12FD1F8AB01FB0E1F85.e.14121","ELEMENT":"f.4BE7CB3E9946CAC77AC1BA1FEFE24C33.d.F10FE0916F84E12FD1F8AB01FB0E1F85.e.14121"}]}
COMMAND: POST /session/7f6ec3857c10649f26842f36b7e75a4c/execute/sync - {"script":"<script> [5351 bytes]","args":[{"element-6066-11e4-a52e-4f735466cecf":"f.4BE7CB3E9946CAC77AC1BA1FEFE24C33.d.F10FE0916F84E12FD1F8AB01FB0E1F85.e.14121","ELEMENT":"f.4BE7CB3E9946CAC77AC1BA1FEFE24C33.d.F10FE0916F84E12FD1F8AB01FB0E1F85.e.14121"}]}
COMMAND: GET /session/7f6ec3857c10649f26842f36b7e75a4c/screenshot - {}
RESULT: {}
RESULT: {"script":"<script> [5351 bytes]","args":[{"element-6066-11e4-a52e-4f735466cecf":"f.4BE7CB3E9946CAC77AC1BA1FEFE24C33.d.F10FE0916F84E12FD1F8AB01FB0E1F85.e.14121","ELEMENT":"f.4BE7CB3E9946CAC77AC1BA1FEFE24C33.d.F10FE0916F84E12FD1F8AB01FB0E1F85.e.14121"}]}
COMMAND: POST /session/7f6ec3857c10649f26842f36b7e75a4c/element/f.4BE7CB3E9946CAC77AC1BA1FEFE24C33.d.F10FE0916F84E12FD1F8AB01FB0E1F85.e.14121/click - {}
COMMAND: GET /session/7f6ec3857c10649f26842f36b7e75a4c/screenshot - {}
RESULT: {}
RESULT: {}
COMMAND: GET /session/7f6ec3857c10649f26842f36b7e75a4c/screenshot - {}
RESULT: {}
RESULT: {}
COMMAND: POST /session/7f6ec3857c10649f26842f36b7e75a4c/element - {"using":"xpath","value":"//span[contains(@id ,\"AddNewHO--typeSelect-arrow\")]"}
RESULT: {"using":"xpath","value":"//span[contains(@id ,\"AddNewHO--typeSelect-arrow\")]"}
COMMAND: POST /session/7f6ec3857c10649f26842f36b7e75a4c/element/f.4BE7CB3E9946CAC77AC1BA1FEFE24C33.d.F10FE0916F84E12FD1F8AB01FB0E1F85.e.14456/click - {}
RESULT: {}
COMMAND: GET /session/7f6ec3857c10649f26842f36b7e75a4c/screenshot - {}
RESULT: {}
COMMAND: POST /session/7f6ec3857c10649f26842f36b7e75a4c/element - {"using":"xpath","value":"(//li[contains(text(), \"stock increase yard\")])[1]"}
RESULT: {"using":"xpath","value":"(//li[contains(text(), \"stock increase yard\")])[1]"}
COMMAND: POST /session/7f6ec3857c10649f26842f36b7e75a4c/element/f.4BE7CB3E9946CAC77AC1BA1FEFE24C33.d.F10FE0916F84E12FD1F8AB01FB0E1F85.e.14457/click - {}
RESULT: {}
COMMAND: GET /session/7f6ec3857c10649f26842f36b7e75a4c/screenshot - {}
RESULT: {}
COMMAND: POST /session/7f6ec3857c10649f26842f36b7e75a4c/execute/async - {"script":"<script> [1562 bytes]","args":[{"selector":{"id":"application-managehandovers-display-component---AddNewHO--dueDate","interaction":{"idSuffix":"inner"}},"wdio_ui5_key":"applicationmanagehandovers-display-component---AddNewHO--dueDate"}]}
RESULT: {"script":"<script> [1562 bytes]","args":[{"selector":{"id":"application-managehandovers-display-component---AddNewHO--dueDate","interaction":{"idSuffix":"inner"}},"wdio_ui5_key":"applicationmanagehandovers-display-component---AddNewHO--dueDate"}]}
RESULT: undefined
COMMAND: POST /session/7f6ec3857c10649f26842f36b7e75a4c/execute/async - {"script":"<script> [6424 bytes]","args":[{"element-6066-11e4-a52e-4f735466cecf":"f.4BE7CB3E9946CAC77AC1BA1FEFE24C33.d.F10FE0916F84E12FD1F8AB01FB0E1F85.e.14459"},"setValue",["5/15/25"]]}
RESULT: {"script":"<script> [6424 bytes]","args":[{"element-6066-11e4-a52e-4f735466cecf":"f.4BE7CB3E9946CAC77AC1BA1FEFE24C33.d.F10FE0916F84E12FD1F8AB01FB0E1F85.e.14459"},"setValue",["5/15/25"]]}
COMMAND: POST /session/7f6ec3857c10649f26842f36b7e75a4c/element - {"using":"xpath","value":"//input[@id=\"generalSectionFrg--receiveYard-inner\"]"}
RESULT: {"using":"xpath","value":"//input[@id=\"generalSectionFrg--receiveYard-inner\"]"}
COMMAND: POST /session/7f6ec3857c10649f26842f36b7e75a4c/element/f.4BE7CB3E9946CAC77AC1BA1FEFE24C33.d.F10FE0916F84E12FD1F8AB01FB0E1F85.e.14463/clear - {}
RESULT: {}
COMMAND: POST /session/7f6ec3857c10649f26842f36b7e75a4c/element/f.4BE7CB3E9946CAC77AC1BA1FEFE24C33.d.F10FE0916F84E12FD1F8AB01FB0E1F85.e.14463/value - {"text":"388"}
COMMAND: GET /session/7f6ec3857c10649f26842f36b7e75a4c/screenshot - {}
RESULT: {"text":"388"}
COMMAND: GET /session/7f6ec3857c10649f26842f36b7e75a4c/screenshot - {}
RESULT: {}
RESULT: {}
COMMAND: POST /session/7f6ec3857c10649f26842f36b7e75a4c/element - {"using":"xpath","value":"//li[.//span[text()='388']]"}
RESULT: {"using":"xpath","value":"//li[.//span[text()='388']]"}
COMMAND: POST /session/7f6ec3857c10649f26842f36b7e75a4c/element/f.4BE7CB3E9946CAC77AC1BA1FEFE24C33.d.F10FE0916F84E12FD1F8AB01FB0E1F85.e.14481/click - {}
RESULT: {}
COMMAND: GET /session/7f6ec3857c10649f26842f36b7e75a4c/screenshot - {}
RESULT: {}
COMMAND: POST /session/7f6ec3857c10649f26842f36b7e75a4c/execute/async - {"script":"<script> [1562 bytes]","args":[{"selector":{"id":"application-managehandovers-display-component---AddNewHO--ObjectPageLayout-anchBar-application-managehandovers-display-component---AddNewHO--section4-anchor","interaction":{"idSuffix":"BDI-content"}},"wdio_ui5_key":"applicationmanagehandovers-display-component---AddNewHO--ObjectPageLayout-anchBar-application-managehandovers-display-component---AddNewHO--section4-anchor"}]}
RESULT: {"script":"<script> [1562 bytes]","args":[{"selector":{"id":"application-managehandovers-display-component---AddNewHO--ObjectPageLayout-anchBar-application-managehandovers-display-component---AddNewHO--section4-anchor","interaction":{"idSuffix":"BDI-content"}},"wdio_ui5_key":"applicationmanagehandovers-display-component---AddNewHO--ObjectPageLayout-anchBar-application-managehandovers-display-component---AddNewHO--section4-anchor"}]}
RESULT: undefined
COMMAND: POST /session/7f6ec3857c10649f26842f36b7e75a4c/element - {"using":"xpath","value":"//*[@id=\"application-managehandovers-display-component---AddNewHO--ObjectPageLayout-anchBar-application-managehandovers-display-component---AddNewHO--section4-anchor\"]"}
RESULT: {"using":"xpath","value":"//*[@id=\"application-managehandovers-display-component---AddNewHO--ObjectPageLayout-anchBar-application-managehandovers-display-component---AddNewHO--section4-anchor\"]"}
COMMAND: POST /session/7f6ec3857c10649f26842f36b7e75a4c/element/f.4BE7CB3E9946CAC77AC1BA1FEFE24C33.d.F10FE0916F84E12FD1F8AB01FB0E1F85.e.14483/click - {}
RESULT: {}
COMMAND: POST /session/7f6ec3857c10649f26842f36b7e75a4c/element - {"using":"xpath","value":"//button[@aria-label=\"Add\"]"}
COMMAND: GET /session/7f6ec3857c10649f26842f36b7e75a4c/screenshot - {}
RESULT: {"using":"xpath","value":"//button[@aria-label=\"Add\"]"}
COMMAND: POST /session/7f6ec3857c10649f26842f36b7e75a4c/element/f.4BE7CB3E9946CAC77AC1BA1FEFE24C33.d.F10FE0916F84E12FD1F8AB01FB0E1F85.e.14485/click - {}
RESULT: {}
RESULT: {}
COMMAND: GET /session/7f6ec3857c10649f26842f36b7e75a4c/screenshot - {}
RESULT: {}
COMMAND: POST /session/7f6ec3857c10649f26842f36b7e75a4c/execute/async - {"script":"<script> [1562 bytes]","args":[{"selector":{"id":"application-managehandovers-display-component---AddNewHO--smartFilterBar-btnBasicSearch","searchOpenDialogs":true,"interaction":{"idSuffix":"I"}},"wdio_ui5_key":"applicationmanagehandovers-display-component---AddNewHO--smartFilterBar-btnBasicSearch"}]}
RESULT: {"script":"<script> [1562 bytes]","args":[{"selector":{"id":"application-managehandovers-display-component---AddNewHO--smartFilterBar-btnBasicSearch","searchOpenDialogs":true,"interaction":{"idSuffix":"I"}},"wdio_ui5_key":"applicationmanagehandovers-display-component---AddNewHO--smartFilterBar-btnBasicSearch"}]}
RESULT: undefined
COMMAND: POST /session/7f6ec3857c10649f26842f36b7e75a4c/execute/async - {"script":"<script> [776 bytes]","args":[{"enterText":"200171","selector":{"id":"application-managehandovers-display-component---AddNewHO--smartFilterBar-btnBasicSearch","searchOpenDialogs":true,"interaction":{"idSuffix":"I"}},"clearTextFirst":true,"interactionType":"ENTER_TEXT"}]}
RESULT: {"script":"<script> [776 bytes]","args":[{"enterText":"200171","selector":{"id":"application-managehandovers-display-component---AddNewHO--smartFilterBar-btnBasicSearch","searchOpenDialogs":true,"interaction":{"idSuffix":"I"}},"clearTextFirst":true,"interactionType":"ENTER_TEXT"}]}
COMMAND: POST /session/7f6ec3857c10649f26842f36b7e75a4c/actions - {"actions":[{"id":"action48","type":"key","parameters":{},"actions":[{"type":"keyDown","value":"î€‡"},{"type":"pause","duration":10},{"type":"keyUp","value":"î€‡"}]}]}
RESULT: {"actions":[{"id":"action48","type":"key","parameters":{},"actions":[{"type":"keyDown","value":"î€‡"},{"type":"pause","duration":10},{"type":"keyUp","value":"î€‡"}]}]}
COMMAND: GET /session/7f6ec3857c10649f26842f36b7e75a4c/screenshot - {}
RESULT: {}
COMMAND: POST /session/7f6ec3857c10649f26842f36b7e75a4c/execute/async - {"script":"<script> [1562 bytes]","args":[{"selector":{"id":"application-managehandovers-display-component---AddNewHO--popup-sa","searchOpenDialogs":true,"interaction":{"idSuffix":"CbBg"}},"wdio_ui5_key":"applicationmanagehandovers-display-component---AddNewHO--popup-sa"}]}
RESULT: {"script":"<script> [1562 bytes]","args":[{"selector":{"id":"application-managehandovers-display-component---AddNewHO--popup-sa","searchOpenDialogs":true,"interaction":{"idSuffix":"CbBg"}},"wdio_ui5_key":"applicationmanagehandovers-display-component---AddNewHO--popup-sa"}]}
RESULT: undefined
COMMAND: POST /session/7f6ec3857c10649f26842f36b7e75a4c/element - {"using":"xpath","value":"//*[@id=\"application-managehandovers-display-component---AddNewHO--popup-sa\"]"}
RESULT: {"using":"xpath","value":"//*[@id=\"application-managehandovers-display-component---AddNewHO--popup-sa\"]"}
COMMAND: POST /session/7f6ec3857c10649f26842f36b7e75a4c/element/f.4BE7CB3E9946CAC77AC1BA1FEFE24C33.d.F10FE0916F84E12FD1F8AB01FB0E1F85.e.14636/click - {}
RESULT: {}
COMMAND: GET /session/7f6ec3857c10649f26842f36b7e75a4c/screenshot - {}
RESULT: {}
COMMAND: POST /session/7f6ec3857c10649f26842f36b7e75a4c/element - {"using":"xpath","value":"//bdi[contains(text(), \"Select\")]"}
RESULT: {"using":"xpath","value":"//bdi[contains(text(), \"Select\")]"}
COMMAND: POST /session/7f6ec3857c10649f26842f36b7e75a4c/element/f.4BE7CB3E9946CAC77AC1BA1FEFE24C33.d.F10FE0916F84E12FD1F8AB01FB0E1F85.e.14637/click - {}
RESULT: {}
COMMAND: GET /session/7f6ec3857c10649f26842f36b7e75a4c/screenshot - {}
RESULT: {}
COMMAND: POST /session/7f6ec3857c10649f26842f36b7e75a4c/element - {"using":"xpath","value":"//button[@data-kt=\"AddNewHOSaveButton\"]"}
RESULT: {"using":"xpath","value":"//button[@data-kt=\"AddNewHOSaveButton\"]"}
COMMAND: POST /session/7f6ec3857c10649f26842f36b7e75a4c/element/f.4BE7CB3E9946CAC77AC1BA1FEFE24C33.d.F10FE0916F84E12FD1F8AB01FB0E1F85.e.14641/click - {}
RESULT: {}
COMMAND: GET /session/7f6ec3857c10649f26842f36b7e75a4c/screenshot - {}
RESULT: {}
COMMAND: POST /session/7f6ec3857c10649f26842f36b7e75a4c/execute/async - {"script":"<script> [1562 bytes]","args":[{"selector":{"id":"receiptDatePicker","viewName":"etm.portal.ui.managehandovers.view.DetailExecuteHO","interaction":{"idSuffix":"inner"}},"wdio_ui5_key":"receiptDatePickeretmportal.ui.managehandovers.view.DetailExecuteHO"}]}
RESULT: {"script":"<script> [1562 bytes]","args":[{"selector":{"id":"receiptDatePicker","viewName":"etm.portal.ui.managehandovers.view.DetailExecuteHO","interaction":{"idSuffix":"inner"}},"wdio_ui5_key":"receiptDatePickeretmportal.ui.managehandovers.view.DetailExecuteHO"}]}
RESULT: undefined
COMMAND: POST /session/7f6ec3857c10649f26842f36b7e75a4c/execute/async - {"script":"<script> [6424 bytes]","args":[{"element-6066-11e4-a52e-4f735466cecf":"f.4BE7CB3E9946CAC77AC1BA1FEFE24C33.d.F10FE0916F84E12FD1F8AB01FB0E1F85.e.14660"},"setValue",["5/15/25"]]}
RESULT: {"script":"<script> [6424 bytes]","args":[{"element-6066-11e4-a52e-4f735466cecf":"f.4BE7CB3E9946CAC77AC1BA1FEFE24C33.d.F10FE0916F84E12FD1F8AB01FB0E1F85.e.14660"},"setValue",["5/15/25"]]}
COMMAND: POST /session/7f6ec3857c10649f26842f36b7e75a4c/element - {"using":"xpath","value":"//button[@data-kt=\"PickingTableConfirmAllButton\"]"}
RESULT: {"using":"xpath","value":"//button[@data-kt=\"PickingTableConfirmAllButton\"]"}
COMMAND: POST /session/7f6ec3857c10649f26842f36b7e75a4c/element/f.4BE7CB3E9946CAC77AC1BA1FEFE24C33.d.F10FE0916F84E12FD1F8AB01FB0E1F85.e.14674/click - {}
RESULT: {}
COMMAND: GET /session/7f6ec3857c10649f26842f36b7e75a4c/screenshot - {}
RESULT: {}
COMMAND: POST /session/7f6ec3857c10649f26842f36b7e75a4c/element - {"using":"xpath","value":"//bdi[contains(text(), \"OK\")]"}
RESULT: {"using":"xpath","value":"//bdi[contains(text(), \"OK\")]"}
COMMAND: POST /session/7f6ec3857c10649f26842f36b7e75a4c/element/f.4BE7CB3E9946CAC77AC1BA1FEFE24C33.d.F10FE0916F84E12FD1F8AB01FB0E1F85.e.14676/click - {}
RESULT: {}
COMMAND: GET /session/7f6ec3857c10649f26842f36b7e75a4c/screenshot - {}
RESULT: {}
COMMAND: POST /session/7f6ec3857c10649f26842f36b7e75a4c/element - {"using":"xpath","value":"(//bdi[contains(text(), \"Receive\")])[2]"}
RESULT: {"using":"xpath","value":"(//bdi[contains(text(), \"Receive\")])[2]"}
COMMAND: POST /session/7f6ec3857c10649f26842f36b7e75a4c/element/f.4BE7CB3E9946CAC77AC1BA1FEFE24C33.d.F10FE0916F84E12FD1F8AB01FB0E1F85.e.14678/click - {}
RESULT: {}
COMMAND: GET /session/7f6ec3857c10649f26842f36b7e75a4c/screenshot - {}
RESULT: {}
COMMAND: POST /session/7f6ec3857c10649f26842f36b7e75a4c/element - {"using":"css selector","value":"#shell-header-logo"}
RESULT: {"using":"css selector","value":"#shell-header-logo"}
COMMAND: POST /session/7f6ec3857c10649f26842f36b7e75a4c/element/f.4BE7CB3E9946CAC77AC1BA1FEFE24C33.d.F10FE0916F84E12FD1F8AB01FB0E1F85.e.14082/click - {}
RESULT: {}
COMMAND: GET /session/7f6ec3857c10649f26842f36b7e75a4c/screenshot - {}
RESULT: {}
]]></system-out>
    </testcase>
    <testcase classname="chrome.136_0_7103_49.windows.Provide_to_Site_w/o_warehouse_management_w_clarification" name="Should create a new contract" time="60.837">
      <system-out><![CDATA[
COMMAND: POST /session/7f6ec3857c10649f26842f36b7e75a4c/execute/async - {"script":"<script> [1562 bytes]","args":[{"selector":{"controlType":"sap.m.GenericTile","properties":{"header":"Manage Contracts"}},"wdio_ui5_key":"sapm.GenericTile{\"header\":\"Manage Contracts\"}"}]}
RESULT: {"script":"<script> [1562 bytes]","args":[{"selector":{"controlType":"sap.m.GenericTile","properties":{"header":"Manage Contracts"}},"wdio_ui5_key":"sapm.GenericTile{\"header\":\"Manage Contracts\"}"}]}
RESULT: undefined
COMMAND: POST /session/7f6ec3857c10649f26842f36b7e75a4c/element - {"using":"xpath","value":"//*[@id=\"__tile132\"]"}
RESULT: {"using":"xpath","value":"//*[@id=\"__tile132\"]"}
COMMAND: POST /session/7f6ec3857c10649f26842f36b7e75a4c/element/f.4BE7CB3E9946CAC77AC1BA1FEFE24C33.d.F10FE0916F84E12FD1F8AB01FB0E1F85.e.11075/click - {}
RESULT: {}
COMMAND: GET /session/7f6ec3857c10649f26842f36b7e75a4c/screenshot - {}
RESULT: {}
COMMAND: POST /session/7f6ec3857c10649f26842f36b7e75a4c/elements - {"using":"xpath","value":"//span[text()='Error']"}
RESULT: {"using":"xpath","value":"//span[text()='Error']"}
COMMAND: POST /session/7f6ec3857c10649f26842f36b7e75a4c/element - {"using":"xpath","value":"//button[@data-kt=\"addButton\"]"}
RESULT: {"using":"xpath","value":"//button[@data-kt=\"addButton\"]"}
COMMAND: POST /session/7f6ec3857c10649f26842f36b7e75a4c/elements - {"using":"xpath","value":"//button[@data-kt=\"addButton\"]"}
RESULT: {"using":"xpath","value":"//button[@data-kt=\"addButton\"]"}
COMMAND: POST /session/7f6ec3857c10649f26842f36b7e75a4c/execute/sync - {"script":"<script> [8489 bytes]","args":[{"element-6066-11e4-a52e-4f735466cecf":"f.4BE7CB3E9946CAC77AC1BA1FEFE24C33.d.F10FE0916F84E12FD1F8AB01FB0E1F85.e.14892","ELEMENT":"f.4BE7CB3E9946CAC77AC1BA1FEFE24C33.d.F10FE0916F84E12FD1F8AB01FB0E1F85.e.14892"}]}
RESULT: {"script":"<script> [8489 bytes]","args":[{"element-6066-11e4-a52e-4f735466cecf":"f.4BE7CB3E9946CAC77AC1BA1FEFE24C33.d.F10FE0916F84E12FD1F8AB01FB0E1F85.e.14892","ELEMENT":"f.4BE7CB3E9946CAC77AC1BA1FEFE24C33.d.F10FE0916F84E12FD1F8AB01FB0E1F85.e.14892"}]}
COMMAND: GET /session/7f6ec3857c10649f26842f36b7e75a4c/element/f.4BE7CB3E9946CAC77AC1BA1FEFE24C33.d.F10FE0916F84E12FD1F8AB01FB0E1F85.e.14892/enabled - {}
COMMAND: GET /session/7f6ec3857c10649f26842f36b7e75a4c/screenshot - {}
RESULT: {}
COMMAND: POST /session/7f6ec3857c10649f26842f36b7e75a4c/execute/sync - {"script":"<script> [8489 bytes]","args":[{"element-6066-11e4-a52e-4f735466cecf":"f.4BE7CB3E9946CAC77AC1BA1FEFE24C33.d.F10FE0916F84E12FD1F8AB01FB0E1F85.e.14892","ELEMENT":"f.4BE7CB3E9946CAC77AC1BA1FEFE24C33.d.F10FE0916F84E12FD1F8AB01FB0E1F85.e.14892"}]}
COMMAND: GET /session/7f6ec3857c10649f26842f36b7e75a4c/screenshot - {}
RESULT: {}
RESULT: {"script":"<script> [8489 bytes]","args":[{"element-6066-11e4-a52e-4f735466cecf":"f.4BE7CB3E9946CAC77AC1BA1FEFE24C33.d.F10FE0916F84E12FD1F8AB01FB0E1F85.e.14892","ELEMENT":"f.4BE7CB3E9946CAC77AC1BA1FEFE24C33.d.F10FE0916F84E12FD1F8AB01FB0E1F85.e.14892"}]}
COMMAND: POST /session/7f6ec3857c10649f26842f36b7e75a4c/execute/sync - {"script":"<script> [5351 bytes]","args":[{"element-6066-11e4-a52e-4f735466cecf":"f.4BE7CB3E9946CAC77AC1BA1FEFE24C33.d.F10FE0916F84E12FD1F8AB01FB0E1F85.e.14892","ELEMENT":"f.4BE7CB3E9946CAC77AC1BA1FEFE24C33.d.F10FE0916F84E12FD1F8AB01FB0E1F85.e.14892"}]}
COMMAND: GET /session/7f6ec3857c10649f26842f36b7e75a4c/screenshot - {}
RESULT: {}
RESULT: {}
RESULT: {"script":"<script> [5351 bytes]","args":[{"element-6066-11e4-a52e-4f735466cecf":"f.4BE7CB3E9946CAC77AC1BA1FEFE24C33.d.F10FE0916F84E12FD1F8AB01FB0E1F85.e.14892","ELEMENT":"f.4BE7CB3E9946CAC77AC1BA1FEFE24C33.d.F10FE0916F84E12FD1F8AB01FB0E1F85.e.14892"}]}
COMMAND: GET /session/7f6ec3857c10649f26842f36b7e75a4c/screenshot - {}
RESULT: {}
COMMAND: POST /session/7f6ec3857c10649f26842f36b7e75a4c/element/f.4BE7CB3E9946CAC77AC1BA1FEFE24C33.d.F10FE0916F84E12FD1F8AB01FB0E1F85.e.14892/click - {}
RESULT: {}
COMMAND: GET /session/7f6ec3857c10649f26842f36b7e75a4c/screenshot - {}
RESULT: {}
COMMAND: POST /session/7f6ec3857c10649f26842f36b7e75a4c/execute/async - {"script":"<script> [1562 bytes]","args":[{"selector":{"id":"application-managecontracts-display-component---AddNewContract--projectDescription","interaction":{"idSuffix":"inner"}},"wdio_ui5_key":"applicationmanagecontracts-display-component---AddNewContract--projectDescription"}]}
RESULT: {"script":"<script> [1562 bytes]","args":[{"selector":{"id":"application-managecontracts-display-component---AddNewContract--projectDescription","interaction":{"idSuffix":"inner"}},"wdio_ui5_key":"applicationmanagecontracts-display-component---AddNewContract--projectDescription"}]}
RESULT: undefined
COMMAND: POST /session/7f6ec3857c10649f26842f36b7e75a4c/execute/async - {"script":"<script> [776 bytes]","args":[{"enterText":"Contract WDIO","selector":{"id":"application-managecontracts-display-component---AddNewContract--projectDescription","interaction":{"idSuffix":"inner"}},"clearTextFirst":true,"interactionType":"ENTER_TEXT"}]}
RESULT: {"script":"<script> [776 bytes]","args":[{"enterText":"Contract WDIO","selector":{"id":"application-managecontracts-display-component---AddNewContract--projectDescription","interaction":{"idSuffix":"inner"}},"clearTextFirst":true,"interactionType":"ENTER_TEXT"}]}
COMMAND: POST /session/7f6ec3857c10649f26842f36b7e75a4c/element - {"using":"xpath","value":"//input[@id=\"application-managecontracts-display-component---AddNewContract--site-inner\"]"}
RESULT: {"using":"xpath","value":"//input[@id=\"application-managecontracts-display-component---AddNewContract--site-inner\"]"}
COMMAND: POST /session/7f6ec3857c10649f26842f36b7e75a4c/element/f.4BE7CB3E9946CAC77AC1BA1FEFE24C33.d.F10FE0916F84E12FD1F8AB01FB0E1F85.e.15282/clear - {}
RESULT: {}
COMMAND: POST /session/7f6ec3857c10649f26842f36b7e75a4c/element/f.4BE7CB3E9946CAC77AC1BA1FEFE24C33.d.F10FE0916F84E12FD1F8AB01FB0E1F85.e.15282/value - {"text":"2165"}
COMMAND: GET /session/7f6ec3857c10649f26842f36b7e75a4c/screenshot - {}
RESULT: {"text":"2165"}
COMMAND: GET /session/7f6ec3857c10649f26842f36b7e75a4c/screenshot - {}
RESULT: {}
RESULT: {}
COMMAND: POST /session/7f6ec3857c10649f26842f36b7e75a4c/element - {"using":"xpath","value":"//li[.//span[text()='2165']]"}
RESULT: {"using":"xpath","value":"//li[.//span[text()='2165']]"}
COMMAND: POST /session/7f6ec3857c10649f26842f36b7e75a4c/element/f.4BE7CB3E9946CAC77AC1BA1FEFE24C33.d.F10FE0916F84E12FD1F8AB01FB0E1F85.e.15318/click - {}
RESULT: {}
COMMAND: GET /session/7f6ec3857c10649f26842f36b7e75a4c/screenshot - {}
RESULT: {}
COMMAND: POST /session/7f6ec3857c10649f26842f36b7e75a4c/element - {"using":"xpath","value":"//input[@id=\"application-managecontracts-display-component---AddNewContract--yardId-inner\"]"}
RESULT: {"using":"xpath","value":"//input[@id=\"application-managecontracts-display-component---AddNewContract--yardId-inner\"]"}
COMMAND: GET /session/7f6ec3857c10649f26842f36b7e75a4c/element/f.4BE7CB3E9946CAC77AC1BA1FEFE24C33.d.F10FE0916F84E12FD1F8AB01FB0E1F85.e.15283/property/value - {}
RESULT: {}
COMMAND: POST /session/7f6ec3857c10649f26842f36b7e75a4c/element - {"using":"xpath","value":"//input[@id=\"application-managecontracts-display-component---AddNewContract--customerSelect-inner\"]"}
COMMAND: GET /session/7f6ec3857c10649f26842f36b7e75a4c/screenshot - {}
RESULT: {"using":"xpath","value":"//input[@id=\"application-managecontracts-display-component---AddNewContract--customerSelect-inner\"]"}
COMMAND: POST /session/7f6ec3857c10649f26842f36b7e75a4c/element/f.4BE7CB3E9946CAC77AC1BA1FEFE24C33.d.F10FE0916F84E12FD1F8AB01FB0E1F85.e.15281/clear - {}
RESULT: {}
RESULT: {}
COMMAND: POST /session/7f6ec3857c10649f26842f36b7e75a4c/element/f.4BE7CB3E9946CAC77AC1BA1FEFE24C33.d.F10FE0916F84E12FD1F8AB01FB0E1F85.e.15281/value - {"text":"1202"}
COMMAND: GET /session/7f6ec3857c10649f26842f36b7e75a4c/screenshot - {}
RESULT: {"text":"1202"}
COMMAND: GET /session/7f6ec3857c10649f26842f36b7e75a4c/screenshot - {}
RESULT: {}
RESULT: {}
COMMAND: POST /session/7f6ec3857c10649f26842f36b7e75a4c/element - {"using":"xpath","value":"//li[.//span[text()='1202']]"}
RESULT: {"using":"xpath","value":"//li[.//span[text()='1202']]"}
COMMAND: POST /session/7f6ec3857c10649f26842f36b7e75a4c/element/f.4BE7CB3E9946CAC77AC1BA1FEFE24C33.d.F10FE0916F84E12FD1F8AB01FB0E1F85.e.15321/click - {}
RESULT: {}
COMMAND: GET /session/7f6ec3857c10649f26842f36b7e75a4c/screenshot - {}
RESULT: {}
COMMAND: POST /session/7f6ec3857c10649f26842f36b7e75a4c/element - {"using":"xpath","value":"//button[@data-kt=\"saveButton\"]"}
RESULT: {"using":"xpath","value":"//button[@data-kt=\"saveButton\"]"}
COMMAND: POST /session/7f6ec3857c10649f26842f36b7e75a4c/element/f.4BE7CB3E9946CAC77AC1BA1FEFE24C33.d.F10FE0916F84E12FD1F8AB01FB0E1F85.e.15322/click - {}
RESULT: {}
COMMAND: GET /session/7f6ec3857c10649f26842f36b7e75a4c/screenshot - {}
RESULT: {}
COMMAND: POST /session/7f6ec3857c10649f26842f36b7e75a4c/element - {"using":"xpath","value":"//span[contains(@id ,\"contractDetailTitleNoExpanded\")]"}
RESULT: {"using":"xpath","value":"//span[contains(@id ,\"contractDetailTitleNoExpanded\")]"}
COMMAND: POST /session/7f6ec3857c10649f26842f36b7e75a4c/elements - {"using":"xpath","value":"//span[contains(@id ,\"contractDetailTitleNoExpanded\")]"}
RESULT: {"using":"xpath","value":"//span[contains(@id ,\"contractDetailTitleNoExpanded\")]"}
COMMAND: POST /session/7f6ec3857c10649f26842f36b7e75a4c/execute/sync - {"script":"<script> [56 bytes]","args":[{"element-6066-11e4-a52e-4f735466cecf":"f.4BE7CB3E9946CAC77AC1BA1FEFE24C33.d.F10FE0916F84E12FD1F8AB01FB0E1F85.e.15330","ELEMENT":"f.4BE7CB3E9946CAC77AC1BA1FEFE24C33.d.F10FE0916F84E12FD1F8AB01FB0E1F85.e.15330"}]}
RESULT: {"script":"<script> [56 bytes]","args":[{"element-6066-11e4-a52e-4f735466cecf":"f.4BE7CB3E9946CAC77AC1BA1FEFE24C33.d.F10FE0916F84E12FD1F8AB01FB0E1F85.e.15330","ELEMENT":"f.4BE7CB3E9946CAC77AC1BA1FEFE24C33.d.F10FE0916F84E12FD1F8AB01FB0E1F85.e.15330"}]}
COMMAND: GET /session/7f6ec3857c10649f26842f36b7e75a4c/screenshot - {}
RESULT: {}
]]></system-out>
    </testcase>
    <testcase classname="chrome.136_0_7103_49.windows.Provide_to_Site_w/o_warehouse_management_w_clarification" name="Should add equipment to the contract" time="55.909">
      <system-out><![CDATA[
COMMAND: POST /session/7f6ec3857c10649f26842f36b7e75a4c/element - {"using":"xpath","value":"//button[@data-kt=\"contractDetailEditBtnButton\"]"}
RESULT: {"using":"xpath","value":"//button[@data-kt=\"contractDetailEditBtnButton\"]"}
COMMAND: POST /session/7f6ec3857c10649f26842f36b7e75a4c/element/f.4BE7CB3E9946CAC77AC1BA1FEFE24C33.d.F10FE0916F84E12FD1F8AB01FB0E1F85.e.15333/click - {}
RESULT: {}
COMMAND: GET /session/7f6ec3857c10649f26842f36b7e75a4c/screenshot - {}
RESULT: {}
COMMAND: POST /session/7f6ec3857c10649f26842f36b7e75a4c/element - {"using":"xpath","value":"(//span[contains(text(), \"Additional Addresses\")])[2]"}
RESULT: {"using":"xpath","value":"(//span[contains(text(), \"Additional Addresses\")])[2]"}
COMMAND: POST /session/7f6ec3857c10649f26842f36b7e75a4c/element/f.4BE7CB3E9946CAC77AC1BA1FEFE24C33.d.F10FE0916F84E12FD1F8AB01FB0E1F85.e.15388/click - {}
RESULT: {}
COMMAND: GET /session/7f6ec3857c10649f26842f36b7e75a4c/screenshot - {}
RESULT: {}
COMMAND: POST /session/7f6ec3857c10649f26842f36b7e75a4c/element - {"using":"xpath","value":"//button[@data-kt=\"btnAddTableRowOverflowToolbarButton\"]"}
RESULT: {"using":"xpath","value":"//button[@data-kt=\"btnAddTableRowOverflowToolbarButton\"]"}
COMMAND: POST /session/7f6ec3857c10649f26842f36b7e75a4c/element/f.4BE7CB3E9946CAC77AC1BA1FEFE24C33.d.F10FE0916F84E12FD1F8AB01FB0E1F85.e.15391/click - {}
RESULT: {}
COMMAND: GET /session/7f6ec3857c10649f26842f36b7e75a4c/screenshot - {}
RESULT: {}
COMMAND: POST /session/7f6ec3857c10649f26842f36b7e75a4c/element - {"using":"xpath","value":"//div[(text() = 'Standard Entry' or . = 'Standard Entry')]"}
RESULT: {"using":"xpath","value":"//div[(text() = 'Standard Entry' or . = 'Standard Entry')]"}
COMMAND: POST /session/7f6ec3857c10649f26842f36b7e75a4c/element/f.4BE7CB3E9946CAC77AC1BA1FEFE24C33.d.F10FE0916F84E12FD1F8AB01FB0E1F85.e.15393/click - {}
RESULT: {}
COMMAND: GET /session/7f6ec3857c10649f26842f36b7e75a4c/screenshot - {}
RESULT: {}
COMMAND: POST /session/7f6ec3857c10649f26842f36b7e75a4c/element - {"using":"xpath","value":"//td[6]/div/div/div/span"}
RESULT: {"using":"xpath","value":"//td[6]/div/div/div/span"}
COMMAND: POST /session/7f6ec3857c10649f26842f36b7e75a4c/element/f.4BE7CB3E9946CAC77AC1BA1FEFE24C33.d.F10FE0916F84E12FD1F8AB01FB0E1F85.e.15405/click - {}
RESULT: {}
COMMAND: GET /session/7f6ec3857c10649f26842f36b7e75a4c/screenshot - {}
RESULT: {}
COMMAND: POST /session/7f6ec3857c10649f26842f36b7e75a4c/element - {"using":"xpath","value":"(//span[contains(text(), \"Material\")])"}
RESULT: {"using":"xpath","value":"(//span[contains(text(), \"Material\")])"}
COMMAND: POST /session/7f6ec3857c10649f26842f36b7e75a4c/element/f.4BE7CB3E9946CAC77AC1BA1FEFE24C33.d.F10FE0916F84E12FD1F8AB01FB0E1F85.e.15406/click - {}
RESULT: {}
COMMAND: GET /session/7f6ec3857c10649f26842f36b7e75a4c/screenshot - {}
RESULT: {}
COMMAND: POST /session/7f6ec3857c10649f26842f36b7e75a4c/element - {"using":"xpath","value":"//td[7]/div/div/input"}
RESULT: {"using":"xpath","value":"//td[7]/div/div/input"}
COMMAND: POST /session/7f6ec3857c10649f26842f36b7e75a4c/element/f.4BE7CB3E9946CAC77AC1BA1FEFE24C33.d.F10FE0916F84E12FD1F8AB01FB0E1F85.e.15410/clear - {}
RESULT: {}
COMMAND: POST /session/7f6ec3857c10649f26842f36b7e75a4c/element/f.4BE7CB3E9946CAC77AC1BA1FEFE24C33.d.F10FE0916F84E12FD1F8AB01FB0E1F85.e.15410/value - {"text":"200171"}
COMMAND: GET /session/7f6ec3857c10649f26842f36b7e75a4c/screenshot - {}
RESULT: {"text":"200171"}
COMMAND: GET /session/7f6ec3857c10649f26842f36b7e75a4c/screenshot - {}
RESULT: {}
RESULT: {}
COMMAND: POST /session/7f6ec3857c10649f26842f36b7e75a4c/actions - {"actions":[{"id":"action49","type":"key","parameters":{},"actions":[{"type":"keyDown","value":"î€‡"},{"type":"pause","duration":10},{"type":"keyUp","value":"î€‡"}]}]}
RESULT: {"actions":[{"id":"action49","type":"key","parameters":{},"actions":[{"type":"keyDown","value":"î€‡"},{"type":"pause","duration":10},{"type":"keyUp","value":"î€‡"}]}]}
COMMAND: GET /session/7f6ec3857c10649f26842f36b7e75a4c/screenshot - {}
RESULT: {}
COMMAND: POST /session/7f6ec3857c10649f26842f36b7e75a4c/execute/sync - {"script":"<script> [276 bytes]","args":["No pricing information was found"]}
RESULT: {"script":"<script> [276 bytes]","args":["No pricing information was found"]}
COMMAND: POST /session/7f6ec3857c10649f26842f36b7e75a4c/element - {"using":"xpath","value":"//bdi[contains(text(), \"OK\")]"}
COMMAND: GET /session/7f6ec3857c10649f26842f36b7e75a4c/screenshot - {}
RESULT: {"using":"xpath","value":"//bdi[contains(text(), \"OK\")]"}
COMMAND: POST /session/7f6ec3857c10649f26842f36b7e75a4c/element/f.4BE7CB3E9946CAC77AC1BA1FEFE24C33.d.F10FE0916F84E12FD1F8AB01FB0E1F85.e.15436/click - {}
RESULT: {}
RESULT: {}
COMMAND: GET /session/7f6ec3857c10649f26842f36b7e75a4c/screenshot - {}
RESULT: {}
COMMAND: POST /session/7f6ec3857c10649f26842f36b7e75a4c/element - {"using":"xpath","value":"(//button[@data-kt=\"saveButton\"])[2]"}
RESULT: {"using":"xpath","value":"(//button[@data-kt=\"saveButton\"])[2]"}
COMMAND: POST /session/7f6ec3857c10649f26842f36b7e75a4c/element/f.4BE7CB3E9946CAC77AC1BA1FEFE24C33.d.F10FE0916F84E12FD1F8AB01FB0E1F85.e.15437/click - {}
RESULT: {}
COMMAND: GET /session/7f6ec3857c10649f26842f36b7e75a4c/screenshot - {}
RESULT: {}
COMMAND: POST /session/7f6ec3857c10649f26842f36b7e75a4c/execute/sync - {"script":"<script> [276 bytes]","args":["Some contract items are having rental validity exceeding header rental validity"]}
RESULT: {"script":"<script> [276 bytes]","args":["Some contract items are having rental validity exceeding header rental validity"]}
COMMAND: GET /session/7f6ec3857c10649f26842f36b7e75a4c/screenshot - {}
RESULT: {}
COMMAND: POST /session/7f6ec3857c10649f26842f36b7e75a4c/element - {"using":"xpath","value":"//span[contains(@id ,\"contractItemsSmartTable-header-inner\")]"}
RESULT: {"using":"xpath","value":"//span[contains(@id ,\"contractItemsSmartTable-header-inner\")]"}
COMMAND: POST /session/7f6ec3857c10649f26842f36b7e75a4c/elements - {"using":"xpath","value":"//span[contains(@id ,\"contractItemsSmartTable-header-inner\")]"}
RESULT: {"using":"xpath","value":"//span[contains(@id ,\"contractItemsSmartTable-header-inner\")]"}
COMMAND: POST /session/7f6ec3857c10649f26842f36b7e75a4c/execute/sync - {"script":"<script> [56 bytes]","args":[{"element-6066-11e4-a52e-4f735466cecf":"f.4BE7CB3E9946CAC77AC1BA1FEFE24C33.d.F10FE0916F84E12FD1F8AB01FB0E1F85.e.15442","ELEMENT":"f.4BE7CB3E9946CAC77AC1BA1FEFE24C33.d.F10FE0916F84E12FD1F8AB01FB0E1F85.e.15442"}]}
RESULT: {"script":"<script> [56 bytes]","args":[{"element-6066-11e4-a52e-4f735466cecf":"f.4BE7CB3E9946CAC77AC1BA1FEFE24C33.d.F10FE0916F84E12FD1F8AB01FB0E1F85.e.15442","ELEMENT":"f.4BE7CB3E9946CAC77AC1BA1FEFE24C33.d.F10FE0916F84E12FD1F8AB01FB0E1F85.e.15442"}]}
]]></system-out>
    </testcase>
    <testcase classname="chrome.136_0_7103_49.windows.Provide_to_Site_w/o_warehouse_management_w_clarification" name="Should test for Clarification" time="0.004">
      <system-out><![CDATA[
COMMAND: POST /session/7f6ec3857c10649f26842f36b7e75a4c/element - {"using":"css selector","value":"#j_username"}
COMMAND: POST /session/7f6ec3857c10649f26842f36b7e75a4c/url - {"url":"https://qa-testing-00-live-etm-ui.cfapps.eu10-004.hana.ondemand.com/"}
COMMAND: GET /session/7f6ec3857c10649f26842f36b7e75a4c/screenshot - {}
COMMAND: GET /session/7f6ec3857c10649f26842f36b7e75a4c/screenshot - {}
RESULT: {"url":"https://qa-testing-00-live-etm-ui.cfapps.eu10-004.hana.ondemand.com/"}
RESULT: undefined
COMMAND: GET /session/7f6ec3857c10649f26842f36b7e75a4c/screenshot - {}
RESULT: {"using":"css selector","value":"#j_username"}
COMMAND: POST /session/7f6ec3857c10649f26842f36b7e75a4c/element - {"using":"css selector","value":"#j_username"}
RESULT: {}
RESULT: {}
RESULT: {}
RESULT: {"using":"css selector","value":"#j_username"}
COMMAND: POST /session/7f6ec3857c10649f26842f36b7e75a4c/element - {"using":"css selector","value":"#shell-header-logo"}
RESULT: {"using":"css selector","value":"#shell-header-logo"}
COMMAND: POST /session/7f6ec3857c10649f26842f36b7e75a4c/execute/sync - {"script":"<script> [8489 bytes]","args":[{"element-6066-11e4-a52e-4f735466cecf":"f.4BE7CB3E9946CAC77AC1BA1FEFE24C33.d.AC2D40E4C563C29F36187D02D5C6463F.e.15827","ELEMENT":"f.4BE7CB3E9946CAC77AC1BA1FEFE24C33.d.AC2D40E4C563C29F36187D02D5C6463F.e.15827"}]}
RESULT: {"script":"<script> [8489 bytes]","args":[{"element-6066-11e4-a52e-4f735466cecf":"f.4BE7CB3E9946CAC77AC1BA1FEFE24C33.d.AC2D40E4C563C29F36187D02D5C6463F.e.15827","ELEMENT":"f.4BE7CB3E9946CAC77AC1BA1FEFE24C33.d.AC2D40E4C563C29F36187D02D5C6463F.e.15827"}]}
COMMAND: POST /session/7f6ec3857c10649f26842f36b7e75a4c/element - {"using":"css selector","value":"#shell-header-logo"}
COMMAND: GET /session/7f6ec3857c10649f26842f36b7e75a4c/screenshot - {}
RESULT: {"using":"css selector","value":"#shell-header-logo"}
COMMAND: POST /session/7f6ec3857c10649f26842f36b7e75a4c/execute/sync - {"script":"<script> [8489 bytes]","args":[{"element-6066-11e4-a52e-4f735466cecf":"f.4BE7CB3E9946CAC77AC1BA1FEFE24C33.d.AC2D40E4C563C29F36187D02D5C6463F.e.15827","ELEMENT":"f.4BE7CB3E9946CAC77AC1BA1FEFE24C33.d.AC2D40E4C563C29F36187D02D5C6463F.e.15827"}]}
RESULT: {}
RESULT: {"script":"<script> [8489 bytes]","args":[{"element-6066-11e4-a52e-4f735466cecf":"f.4BE7CB3E9946CAC77AC1BA1FEFE24C33.d.AC2D40E4C563C29F36187D02D5C6463F.e.15827","ELEMENT":"f.4BE7CB3E9946CAC77AC1BA1FEFE24C33.d.AC2D40E4C563C29F36187D02D5C6463F.e.15827"}]}
COMMAND: POST /session/7f6ec3857c10649f26842f36b7e75a4c/execute/sync - {"script":"<script> [5351 bytes]","args":[{"element-6066-11e4-a52e-4f735466cecf":"f.4BE7CB3E9946CAC77AC1BA1FEFE24C33.d.AC2D40E4C563C29F36187D02D5C6463F.e.15827","ELEMENT":"f.4BE7CB3E9946CAC77AC1BA1FEFE24C33.d.AC2D40E4C563C29F36187D02D5C6463F.e.15827"}]}
COMMAND: GET /session/7f6ec3857c10649f26842f36b7e75a4c/screenshot - {}
RESULT: {"script":"<script> [5351 bytes]","args":[{"element-6066-11e4-a52e-4f735466cecf":"f.4BE7CB3E9946CAC77AC1BA1FEFE24C33.d.AC2D40E4C563C29F36187D02D5C6463F.e.15827","ELEMENT":"f.4BE7CB3E9946CAC77AC1BA1FEFE24C33.d.AC2D40E4C563C29F36187D02D5C6463F.e.15827"}]}
COMMAND: POST /session/7f6ec3857c10649f26842f36b7e75a4c/element - {"using":"css selector","value":"#shell-header-logo"}
COMMAND: GET /session/7f6ec3857c10649f26842f36b7e75a4c/screenshot - {}
RESULT: {}
RESULT: {"using":"css selector","value":"#shell-header-logo"}
COMMAND: POST /session/7f6ec3857c10649f26842f36b7e75a4c/element/f.4BE7CB3E9946CAC77AC1BA1FEFE24C33.d.AC2D40E4C563C29F36187D02D5C6463F.e.15827/click - {}
RESULT: {}
RESULT: {}
COMMAND: GET /session/7f6ec3857c10649f26842f36b7e75a4c/screenshot - {}
RESULT: {}
COMMAND: POST /session/7f6ec3857c10649f26842f36b7e75a4c/execute/async - {"script":"<script> [189 bytes]","args":[]}
RESULT: {"script":"<script> [189 bytes]","args":[]}
COMMAND: POST /session/7f6ec3857c10649f26842f36b7e75a4c/execute/async - {"script":"<script> [123 bytes]","args":[]}
RESULT: {"script":"<script> [123 bytes]","args":[]}
COMMAND: POST /session/7f6ec3857c10649f26842f36b7e75a4c/timeouts - {"script":"<number>"}
RESULT: {"script":"<number>"}
COMMAND: GET /session/7f6ec3857c10649f26842f36b7e75a4c/timeouts - {}
RESULT: {}
RESULT: undefined
COMMAND: POST /session/7f6ec3857c10649f26842f36b7e75a4c/execute/async - {"script":"<script> [2676 bytes]","args":[]}
RESULT: {"script":"<script> [2676 bytes]","args":[]}
COMMAND: POST /session/7f6ec3857c10649f26842f36b7e75a4c/execute/async - {"script":"<script> [2342 bytes]","args":[{"protocol":"http","hostname":"0.0.0.0","path":"/","capabilities":{"browserName":"chrome","goog:chromeOptions":{"binary":"C:\\Program Files\\Google\\Chrome\\Application\\chrome.exe","args":["--start-maximized"]}},"logLevel":"warn","connectionRetryTimeout":120000,"connectionRetryCount":3,"logLevels":{},"enableDirectConnect":true,"strictSSL":true,"_":"65 more keys: [\"cacheDir\",\"port\",\"requestedCapabilities\",\"automationProtocol\",\"baseUrl\",\"waitforInterval\",\"waitforTimeout\",\"onReload\",\"beforeCommand\",\"afterCommand\",\"rootDir\",\"specs\",\"suites\",\"exclude\",\"groupLogsByTestSpec\",\"excludeDriverLogs\",\"bail\",\"framework\",\"reporters\",\"services\",\"maxInstances\",\"maxInstancesPerCapability\",\"injectGlobals\",\"filesToWatch\",\"execArgv\",\"runnerEnv\",\"runner\",\"shard\",\"specFileRetries\",\"specFileRetriesDelay\",\"specFileRetriesDeferred\",\"reporterSyncInterval\",\"reporterSyncTimeout\",\"cucumberFeaturesWithLineNumbers\",\"autoCompileOpts\",\"mochaOpts\",\"jasmineOpts\",\"cucumberOpts\",\"onPrepare\",\"onWorkerStart\",\"onWorkerEnd\",\"before\",\"beforeSession\",\"beforeSuite\",\"beforeHook\",\"beforeTest\",\"afterTest\",\"afterHook\",\"afterSuite\",\"afterSession\",\"after\",\"onComplete\",\"beforeAssertion\",\"afterAssertion\",\"beforeFeature\",\"beforeScenario\",\"beforeStep\",\"afterStep\",\"afterScenario\",\"afterFeature\",\"_\",\"suite\",\"$0\",\"ignoredWorkerServices\",\"wdi5\"]"}]}
RESULT: {"script":"<script> [2342 bytes]","args":[{"protocol":"http","hostname":"0.0.0.0","path":"/","capabilities":{"browserName":"chrome","goog:chromeOptions":{"binary":"C:\\Program Files\\Google\\Chrome\\Application\\chrome.exe","args":["--start-maximized"]}},"logLevel":"warn","connectionRetryTimeout":120000,"connectionRetryCount":3,"logLevels":{},"enableDirectConnect":true,"strictSSL":true,"_":"65 more keys: [\"cacheDir\",\"port\",\"requestedCapabilities\",\"automationProtocol\",\"baseUrl\",\"waitforInterval\",\"waitforTimeout\",\"onReload\",\"beforeCommand\",\"afterCommand\",\"rootDir\",\"specs\",\"suites\",\"exclude\",\"groupLogsByTestSpec\",\"excludeDriverLogs\",\"bail\",\"framework\",\"reporters\",\"services\",\"maxInstances\",\"maxInstancesPerCapability\",\"injectGlobals\",\"filesToWatch\",\"execArgv\",\"runnerEnv\",\"runner\",\"shard\",\"specFileRetries\",\"specFileRetriesDelay\",\"specFileRetriesDeferred\",\"reporterSyncInterval\",\"reporterSyncTimeout\",\"cucumberFeaturesWithLineNumbers\",\"autoCompileOpts\",\"mochaOpts\",\"jasmineOpts\",\"cucumberOpts\",\"onPrepare\",\"onWorkerStart\",\"onWorkerEnd\",\"before\",\"beforeSession\",\"beforeSuite\",\"beforeHook\",\"beforeTest\",\"afterTest\",\"afterHook\",\"afterSuite\",\"afterSession\",\"after\",\"onComplete\",\"beforeAssertion\",\"afterAssertion\",\"beforeFeature\",\"beforeScenario\",\"beforeStep\",\"afterStep\",\"afterScenario\",\"afterFeature\",\"_\",\"suite\",\"$0\",\"ignoredWorkerServices\",\"wdi5\"]"}]}
COMMAND: POST /session/7f6ec3857c10649f26842f36b7e75a4c/execute/async - {"script":"<script> [21126 bytes]","args":[35000]}
RESULT: {"script":"<script> [21126 bytes]","args":[35000]}
COMMAND: POST /session/7f6ec3857c10649f26842f36b7e75a4c/window/maximize - {}
RESULT: {}
COMMAND: POST /session/7f6ec3857c10649f26842f36b7e75a4c/execute/async - {"script":"<script> [1562 bytes]","args":[{"selector":{"id":"shell-header","interaction":{"idSuffix":"icon"}},"wdio_ui5_key":"shellheader"}]}
COMMAND: GET /session/7f6ec3857c10649f26842f36b7e75a4c/screenshot - {}
RESULT: {"script":"<script> [1562 bytes]","args":[{"selector":{"id":"shell-header","interaction":{"idSuffix":"icon"}},"wdio_ui5_key":"shellheader"}]}
RESULT: undefined
COMMAND: POST /session/7f6ec3857c10649f26842f36b7e75a4c/window/fullscreen - {}
RESULT: {}
RESULT: {}
]]></system-out>
    </testcase>
  </testsuite>
  <testsuite timestamp="2025-05-15T08:45:06" time="127.29" tests="4" failures="0" errors="0" skipped="0">
    <properties>
      <property name="specId" value="0" />
      <property name="suiteName" value="Provide to Site w/o warehouse management w/o clarification US116612" />
      <property name="capabilities" value="chrome.136_0_7103_49.windows" />
      <property name="file" value="file:///D:/a/1/s/test/specs/HTR/provide-to-site-wo-warehouse-wo-clarification.spec.js" />
    </properties>
    <testcase classname="chrome.136_0_7103_49.windows.Provide_to_Site_w/o_warehouse_management_w/o_clarification_US116612" name="Should create a new yard" time="0.015">
      <system-out><![CDATA[
COMMAND: POST /session/7f6ec3857c10649f26842f36b7e75a4c/window/fullscreen - {}
RESULT: {}
]]></system-out>
    </testcase>
    <testcase classname="chrome.136_0_7103_49.windows.Provide_to_Site_w/o_warehouse_management_w/o_clarification_US116612" name="Should create a new external partner" time="0.004" />
    <testcase classname="chrome.136_0_7103_49.windows.Provide_to_Site_w/o_warehouse_management_w/o_clarification_US116612" name="Should create a new site" time="0.003" />
    <testcase classname="chrome.136_0_7103_49.windows.Provide_to_Site_w/o_warehouse_management_w/o_clarification_US116612" name="Should create a new material" time="113.37">
      <system-out><![CDATA[
COMMAND: POST /session/7f6ec3857c10649f26842f36b7e75a4c/execute/async - {"script":"<script> [1562 bytes]","args":[{"selector":{"controlType":"sap.m.GenericTile","properties":{"header":"Manage Resources"}},"wdio_ui5_key":"sapm.GenericTile{\"header\":\"Manage Resources\"}"}]}
RESULT: {"script":"<script> [1562 bytes]","args":[{"selector":{"controlType":"sap.m.GenericTile","properties":{"header":"Manage Resources"}},"wdio_ui5_key":"sapm.GenericTile{\"header\":\"Manage Resources\"}"}]}
RESULT: undefined
COMMAND: POST /session/7f6ec3857c10649f26842f36b7e75a4c/element - {"using":"xpath","value":"//*[@id=\"__tile31\"]"}
RESULT: {"using":"xpath","value":"//*[@id=\"__tile31\"]"}
COMMAND: POST /session/7f6ec3857c10649f26842f36b7e75a4c/element/f.4BE7CB3E9946CAC77AC1BA1FEFE24C33.d.AC2D40E4C563C29F36187D02D5C6463F.e.15846/click - {}
RESULT: {}
COMMAND: GET /session/7f6ec3857c10649f26842f36b7e75a4c/screenshot - {}
RESULT: {}
COMMAND: POST /session/7f6ec3857c10649f26842f36b7e75a4c/elements - {"using":"xpath","value":"//span[text()='Error']"}
RESULT: {"using":"xpath","value":"//span[text()='Error']"}
COMMAND: POST /session/7f6ec3857c10649f26842f36b7e75a4c/element - {"using":"xpath","value":"//button[@data-kt=\"addNewRUOverflowToolbarButton\"]"}
RESULT: {"using":"xpath","value":"//button[@data-kt=\"addNewRUOverflowToolbarButton\"]"}
COMMAND: POST /session/7f6ec3857c10649f26842f36b7e75a4c/elements - {"using":"xpath","value":"//button[@data-kt=\"addNewRUOverflowToolbarButton\"]"}
RESULT: {"using":"xpath","value":"//button[@data-kt=\"addNewRUOverflowToolbarButton\"]"}
COMMAND: POST /session/7f6ec3857c10649f26842f36b7e75a4c/execute/sync - {"script":"<script> [8489 bytes]","args":[{"element-6066-11e4-a52e-4f735466cecf":"f.4BE7CB3E9946CAC77AC1BA1FEFE24C33.d.AC2D40E4C563C29F36187D02D5C6463F.e.15977","ELEMENT":"f.4BE7CB3E9946CAC77AC1BA1FEFE24C33.d.AC2D40E4C563C29F36187D02D5C6463F.e.15977"}]}
RESULT: {"script":"<script> [8489 bytes]","args":[{"element-6066-11e4-a52e-4f735466cecf":"f.4BE7CB3E9946CAC77AC1BA1FEFE24C33.d.AC2D40E4C563C29F36187D02D5C6463F.e.15977","ELEMENT":"f.4BE7CB3E9946CAC77AC1BA1FEFE24C33.d.AC2D40E4C563C29F36187D02D5C6463F.e.15977"}]}
COMMAND: GET /session/7f6ec3857c10649f26842f36b7e75a4c/element/f.4BE7CB3E9946CAC77AC1BA1FEFE24C33.d.AC2D40E4C563C29F36187D02D5C6463F.e.15977/enabled - {}
COMMAND: GET /session/7f6ec3857c10649f26842f36b7e75a4c/screenshot - {}
RESULT: {}
COMMAND: POST /session/7f6ec3857c10649f26842f36b7e75a4c/execute/sync - {"script":"<script> [8489 bytes]","args":[{"element-6066-11e4-a52e-4f735466cecf":"f.4BE7CB3E9946CAC77AC1BA1FEFE24C33.d.AC2D40E4C563C29F36187D02D5C6463F.e.15977","ELEMENT":"f.4BE7CB3E9946CAC77AC1BA1FEFE24C33.d.AC2D40E4C563C29F36187D02D5C6463F.e.15977"}]}
COMMAND: GET /session/7f6ec3857c10649f26842f36b7e75a4c/screenshot - {}
RESULT: {}
RESULT: {"script":"<script> [8489 bytes]","args":[{"element-6066-11e4-a52e-4f735466cecf":"f.4BE7CB3E9946CAC77AC1BA1FEFE24C33.d.AC2D40E4C563C29F36187D02D5C6463F.e.15977","ELEMENT":"f.4BE7CB3E9946CAC77AC1BA1FEFE24C33.d.AC2D40E4C563C29F36187D02D5C6463F.e.15977"}]}
COMMAND: POST /session/7f6ec3857c10649f26842f36b7e75a4c/execute/sync - {"script":"<script> [5351 bytes]","args":[{"element-6066-11e4-a52e-4f735466cecf":"f.4BE7CB3E9946CAC77AC1BA1FEFE24C33.d.AC2D40E4C563C29F36187D02D5C6463F.e.15977","ELEMENT":"f.4BE7CB3E9946CAC77AC1BA1FEFE24C33.d.AC2D40E4C563C29F36187D02D5C6463F.e.15977"}]}
COMMAND: GET /session/7f6ec3857c10649f26842f36b7e75a4c/screenshot - {}
RESULT: {}
RESULT: {"script":"<script> [5351 bytes]","args":[{"element-6066-11e4-a52e-4f735466cecf":"f.4BE7CB3E9946CAC77AC1BA1FEFE24C33.d.AC2D40E4C563C29F36187D02D5C6463F.e.15977","ELEMENT":"f.4BE7CB3E9946CAC77AC1BA1FEFE24C33.d.AC2D40E4C563C29F36187D02D5C6463F.e.15977"}]}
COMMAND: POST /session/7f6ec3857c10649f26842f36b7e75a4c/element/f.4BE7CB3E9946CAC77AC1BA1FEFE24C33.d.AC2D40E4C563C29F36187D02D5C6463F.e.15977/click - {}
COMMAND: GET /session/7f6ec3857c10649f26842f36b7e75a4c/screenshot - {}
RESULT: {}
RESULT: {}
COMMAND: GET /session/7f6ec3857c10649f26842f36b7e75a4c/screenshot - {}
RESULT: {}
RESULT: {}
COMMAND: POST /session/7f6ec3857c10649f26842f36b7e75a4c/execute/async - {"script":"<script> [1562 bytes]","args":[{"selector":{"id":"application-manageresources-display-component---newResourceUnit--TYPE-arrow"},"wdio_ui5_key":"applicationmanageresources-display-component---newResourceUnit--TYPE-arrow"}]}
RESULT: {"script":"<script> [1562 bytes]","args":[{"selector":{"id":"application-manageresources-display-component---newResourceUnit--TYPE-arrow"},"wdio_ui5_key":"applicationmanageresources-display-component---newResourceUnit--TYPE-arrow"}]}
RESULT: undefined
COMMAND: POST /session/7f6ec3857c10649f26842f36b7e75a4c/element - {"using":"xpath","value":"//*[@id=\"application-manageresources-display-component---newResourceUnit--TYPE-arrow\"]"}
RESULT: {"using":"xpath","value":"//*[@id=\"application-manageresources-display-component---newResourceUnit--TYPE-arrow\"]"}
COMMAND: POST /session/7f6ec3857c10649f26842f36b7e75a4c/element/f.4BE7CB3E9946CAC77AC1BA1FEFE24C33.d.AC2D40E4C563C29F36187D02D5C6463F.e.16338/click - {}
RESULT: {}
COMMAND: POST /session/7f6ec3857c10649f26842f36b7e75a4c/element - {"using":"xpath","value":"//input[@id=\"application-manageresources-display-component---newResourceUnit--TYPE-inner\"]"}
COMMAND: GET /session/7f6ec3857c10649f26842f36b7e75a4c/screenshot - {}
RESULT: {"using":"xpath","value":"//input[@id=\"application-manageresources-display-component---newResourceUnit--TYPE-inner\"]"}
COMMAND: POST /session/7f6ec3857c10649f26842f36b7e75a4c/element/f.4BE7CB3E9946CAC77AC1BA1FEFE24C33.d.AC2D40E4C563C29F36187D02D5C6463F.e.16332/clear - {}
RESULT: {}
RESULT: {}
COMMAND: POST /session/7f6ec3857c10649f26842f36b7e75a4c/element/f.4BE7CB3E9946CAC77AC1BA1FEFE24C33.d.AC2D40E4C563C29F36187D02D5C6463F.e.16332/value - {"text":"Material"}
COMMAND: GET /session/7f6ec3857c10649f26842f36b7e75a4c/screenshot - {}
RESULT: {"text":"Material"}
COMMAND: GET /session/7f6ec3857c10649f26842f36b7e75a4c/screenshot - {}
RESULT: {}
RESULT: {}
COMMAND: POST /session/7f6ec3857c10649f26842f36b7e75a4c/actions - {"actions":[{"id":"action50","type":"key","parameters":{},"actions":[{"type":"keyDown","value":"î€‡"},{"type":"pause","duration":10},{"type":"keyUp","value":"î€‡"}]}]}
RESULT: {"actions":[{"id":"action50","type":"key","parameters":{},"actions":[{"type":"keyDown","value":"î€‡"},{"type":"pause","duration":10},{"type":"keyUp","value":"î€‡"}]}]}
COMMAND: POST /session/7f6ec3857c10649f26842f36b7e75a4c/execute/async - {"script":"<script> [1562 bytes]","args":[{"selector":{"id":"application-manageresources-display-component---newResourceUnit--SHORT_TEXT","interaction":{"idSuffix":"inner"}},"wdio_ui5_key":"applicationmanageresources-display-component---newResourceUnit--SHORT_TEXT"}]}
COMMAND: GET /session/7f6ec3857c10649f26842f36b7e75a4c/screenshot - {}
RESULT: {"script":"<script> [1562 bytes]","args":[{"selector":{"id":"application-manageresources-display-component---newResourceUnit--SHORT_TEXT","interaction":{"idSuffix":"inner"}},"wdio_ui5_key":"applicationmanageresources-display-component---newResourceUnit--SHORT_TEXT"}]}
RESULT: undefined
COMMAND: POST /session/7f6ec3857c10649f26842f36b7e75a4c/execute/async - {"script":"<script> [776 bytes]","args":[{"enterText":"Cement WDIO","selector":{"id":"application-manageresources-display-component---newResourceUnit--SHORT_TEXT","interaction":{"idSuffix":"inner"}},"clearTextFirst":true,"interactionType":"ENTER_TEXT"}]}
RESULT: {}
RESULT: {"script":"<script> [776 bytes]","args":[{"enterText":"Cement WDIO","selector":{"id":"application-manageresources-display-component---newResourceUnit--SHORT_TEXT","interaction":{"idSuffix":"inner"}},"clearTextFirst":true,"interactionType":"ENTER_TEXT"}]}
COMMAND: POST /session/7f6ec3857c10649f26842f36b7e75a4c/execute/async - {"script":"<script> [1562 bytes]","args":[{"selector":{"id":"application-manageresources-display-component---newResourceUnit--BASE_UNIT_OF_MEASURE","interaction":{"idSuffix":"inner"}},"wdio_ui5_key":"applicationmanageresources-display-component---newResourceUnit--BASE_UNIT_OF_MEASURE"}]}
RESULT: {"script":"<script> [1562 bytes]","args":[{"selector":{"id":"application-manageresources-display-component---newResourceUnit--BASE_UNIT_OF_MEASURE","interaction":{"idSuffix":"inner"}},"wdio_ui5_key":"applicationmanageresources-display-component---newResourceUnit--BASE_UNIT_OF_MEASURE"}]}
RESULT: undefined
COMMAND: POST /session/7f6ec3857c10649f26842f36b7e75a4c/execute/async - {"script":"<script> [776 bytes]","args":[{"enterText":"Piece","selector":{"id":"application-manageresources-display-component---newResourceUnit--BASE_UNIT_OF_MEASURE","interaction":{"idSuffix":"inner"}},"clearTextFirst":true,"interactionType":"ENTER_TEXT"}]}
RESULT: {"script":"<script> [776 bytes]","args":[{"enterText":"Piece","selector":{"id":"application-manageresources-display-component---newResourceUnit--BASE_UNIT_OF_MEASURE","interaction":{"idSuffix":"inner"}},"clearTextFirst":true,"interactionType":"ENTER_TEXT"}]}
COMMAND: POST /session/7f6ec3857c10649f26842f36b7e75a4c/execute/async - {"script":"<script> [1562 bytes]","args":[{"selector":{"id":"application-manageresources-display-component---newResourceUnit--WEIGHT_UNIT","interaction":{"idSuffix":"inner"}},"wdio_ui5_key":"applicationmanageresources-display-component---newResourceUnit--WEIGHT_UNIT"}]}
RESULT: {"script":"<script> [1562 bytes]","args":[{"selector":{"id":"application-manageresources-display-component---newResourceUnit--WEIGHT_UNIT","interaction":{"idSuffix":"inner"}},"wdio_ui5_key":"applicationmanageresources-display-component---newResourceUnit--WEIGHT_UNIT"}]}
RESULT: undefined
COMMAND: POST /session/7f6ec3857c10649f26842f36b7e75a4c/execute/async - {"script":"<script> [776 bytes]","args":[{"enterText":"Gram","selector":{"id":"application-manageresources-display-component---newResourceUnit--WEIGHT_UNIT","interaction":{"idSuffix":"inner"}},"clearTextFirst":true,"interactionType":"ENTER_TEXT"}]}
RESULT: {"script":"<script> [776 bytes]","args":[{"enterText":"Gram","selector":{"id":"application-manageresources-display-component---newResourceUnit--WEIGHT_UNIT","interaction":{"idSuffix":"inner"}},"clearTextFirst":true,"interactionType":"ENTER_TEXT"}]}
COMMAND: POST /session/7f6ec3857c10649f26842f36b7e75a4c/execute/async - {"script":"<script> [1562 bytes]","args":[{"selector":{"id":"application-manageresources-display-component---newResourceUnit--DIMENSION_UNIT","interaction":{"idSuffix":"inner"}},"wdio_ui5_key":"applicationmanageresources-display-component---newResourceUnit--DIMENSION_UNIT"}]}
RESULT: {"script":"<script> [1562 bytes]","args":[{"selector":{"id":"application-manageresources-display-component---newResourceUnit--DIMENSION_UNIT","interaction":{"idSuffix":"inner"}},"wdio_ui5_key":"applicationmanageresources-display-component---newResourceUnit--DIMENSION_UNIT"}]}
RESULT: undefined
COMMAND: POST /session/7f6ec3857c10649f26842f36b7e75a4c/execute/async - {"script":"<script> [776 bytes]","args":[{"enterText":"Meter","selector":{"id":"application-manageresources-display-component---newResourceUnit--DIMENSION_UNIT","interaction":{"idSuffix":"inner"}},"clearTextFirst":true,"interactionType":"ENTER_TEXT"}]}
RESULT: {"script":"<script> [776 bytes]","args":[{"enterText":"Meter","selector":{"id":"application-manageresources-display-component---newResourceUnit--DIMENSION_UNIT","interaction":{"idSuffix":"inner"}},"clearTextFirst":true,"interactionType":"ENTER_TEXT"}]}
COMMAND: POST /session/7f6ec3857c10649f26842f36b7e75a4c/execute/async - {"script":"<script> [1562 bytes]","args":[{"selector":{"id":"application-manageresources-display-component---newResourceUnit--newRRUPage-anchBar-application-manageresources-display-component---newResourceUnit--control-anchor","interaction":{"idSuffix":"BDI-content"}},"wdio_ui5_key":"applicationmanageresources-display-component---newResourceUnit--newRRUPage-anchBar-application-manageresources-display-component---newResourceUnit--control-anchor"}]}
RESULT: {"script":"<script> [1562 bytes]","args":[{"selector":{"id":"application-manageresources-display-component---newResourceUnit--newRRUPage-anchBar-application-manageresources-display-component---newResourceUnit--control-anchor","interaction":{"idSuffix":"BDI-content"}},"wdio_ui5_key":"applicationmanageresources-display-component---newResourceUnit--newRRUPage-anchBar-application-manageresources-display-component---newResourceUnit--control-anchor"}]}
RESULT: undefined
COMMAND: POST /session/7f6ec3857c10649f26842f36b7e75a4c/element - {"using":"xpath","value":"//*[@id=\"application-manageresources-display-component---newResourceUnit--newRRUPage-anchBar-application-manageresources-display-component---newResourceUnit--control-anchor\"]"}
RESULT: {"using":"xpath","value":"//*[@id=\"application-manageresources-display-component---newResourceUnit--newRRUPage-anchBar-application-manageresources-display-component---newResourceUnit--control-anchor\"]"}
COMMAND: POST /session/7f6ec3857c10649f26842f36b7e75a4c/element/f.4BE7CB3E9946CAC77AC1BA1FEFE24C33.d.AC2D40E4C563C29F36187D02D5C6463F.e.16403/click - {}
RESULT: {}
COMMAND: POST /session/7f6ec3857c10649f26842f36b7e75a4c/execute/async - {"script":"<script> [1562 bytes]","args":[{"selector":{"id":"application-manageresources-display-component---newResourceUnit--PLANNING_GROUP","interaction":{"idSuffix":"inner"}},"wdio_ui5_key":"applicationmanageresources-display-component---newResourceUnit--PLANNING_GROUP"}]}
COMMAND: GET /session/7f6ec3857c10649f26842f36b7e75a4c/screenshot - {}
RESULT: {"script":"<script> [1562 bytes]","args":[{"selector":{"id":"application-manageresources-display-component---newResourceUnit--PLANNING_GROUP","interaction":{"idSuffix":"inner"}},"wdio_ui5_key":"applicationmanageresources-display-component---newResourceUnit--PLANNING_GROUP"}]}
RESULT: undefined
COMMAND: POST /session/7f6ec3857c10649f26842f36b7e75a4c/execute/async - {"script":"<script> [776 bytes]","args":[{"enterText":"Material","selector":{"id":"application-manageresources-display-component---newResourceUnit--PLANNING_GROUP","interaction":{"idSuffix":"inner"}},"clearTextFirst":true,"interactionType":"ENTER_TEXT"}]}
RESULT: {}
RESULT: {"script":"<script> [776 bytes]","args":[{"enterText":"Material","selector":{"id":"application-manageresources-display-component---newResourceUnit--PLANNING_GROUP","interaction":{"idSuffix":"inner"}},"clearTextFirst":true,"interactionType":"ENTER_TEXT"}]}
COMMAND: POST /session/7f6ec3857c10649f26842f36b7e75a4c/execute/async - {"script":"<script> [1562 bytes]","args":[{"selector":{"id":"application-manageresources-display-component---newResourceUnit--PLANNING_INDICATOR","interaction":{"idSuffix":"inner"}},"wdio_ui5_key":"applicationmanageresources-display-component---newResourceUnit--PLANNING_INDICATOR"}]}
RESULT: {"script":"<script> [1562 bytes]","args":[{"selector":{"id":"application-manageresources-display-component---newResourceUnit--PLANNING_INDICATOR","interaction":{"idSuffix":"inner"}},"wdio_ui5_key":"applicationmanageresources-display-component---newResourceUnit--PLANNING_INDICATOR"}]}
RESULT: undefined
COMMAND: POST /session/7f6ec3857c10649f26842f36b7e75a4c/execute/async - {"script":"<script> [776 bytes]","args":[{"enterText":"10 - infinite","selector":{"id":"application-manageresources-display-component---newResourceUnit--PLANNING_INDICATOR","interaction":{"idSuffix":"inner"}},"clearTextFirst":true,"interactionType":"ENTER_TEXT"}]}
RESULT: {"script":"<script> [776 bytes]","args":[{"enterText":"10 - infinite","selector":{"id":"application-manageresources-display-component---newResourceUnit--PLANNING_INDICATOR","interaction":{"idSuffix":"inner"}},"clearTextFirst":true,"interactionType":"ENTER_TEXT"}]}
COMMAND: POST /session/7f6ec3857c10649f26842f36b7e75a4c/element - {"using":"css selector","value":"#application-manageresources-display-component---newResourceUnit--btnAddTimeSegment"}
RESULT: {"using":"css selector","value":"#application-manageresources-display-component---newResourceUnit--btnAddTimeSegment"}
COMMAND: GET /session/7f6ec3857c10649f26842f36b7e75a4c/element/f.4BE7CB3E9946CAC77AC1BA1FEFE24C33.d.AC2D40E4C563C29F36187D02D5C6463F.e.16411/rect - {}
RESULT: {}
COMMAND: GET /session/7f6ec3857c10649f26842f36b7e75a4c/window/rect - {}
RESULT: {}
COMMAND: POST /session/7f6ec3857c10649f26842f36b7e75a4c/execute/sync - {"script":"<script> [92 bytes]","args":[]}
RESULT: {"script":"<script> [92 bytes]","args":[]}
COMMAND: POST /session/7f6ec3857c10649f26842f36b7e75a4c/actions - {"actions":[{"id":"action51","type":"wheel","parameters":{},"actions":[{"type":"scroll","x":-1888,"y":-32,"deltaX":0,"deltaY":0,"duration":0,"origin":{"element-6066-11e4-a52e-4f735466cecf":"f.4BE7CB3E9946CAC77AC1BA1FEFE24C33.d.AC2D40E4C563C29F36187D02D5C6463F.e.16411"}}]}]}
COMMAND: GET /session/7f6ec3857c10649f26842f36b7e75a4c/screenshot - {}
RESULT: {}
COMMAND: POST /session/7f6ec3857c10649f26842f36b7e75a4c/execute/sync - {"script":"<script> [79 bytes]","args":[{"element-6066-11e4-a52e-4f735466cecf":"f.4BE7CB3E9946CAC77AC1BA1FEFE24C33.d.AC2D40E4C563C29F36187D02D5C6463F.e.16411","ELEMENT":"f.4BE7CB3E9946CAC77AC1BA1FEFE24C33.d.AC2D40E4C563C29F36187D02D5C6463F.e.16411"},{"block":"start","inline":"nearest"}]}
RESULT: {"script":"<script> [79 bytes]","args":[{"element-6066-11e4-a52e-4f735466cecf":"f.4BE7CB3E9946CAC77AC1BA1FEFE24C33.d.AC2D40E4C563C29F36187D02D5C6463F.e.16411","ELEMENT":"f.4BE7CB3E9946CAC77AC1BA1FEFE24C33.d.AC2D40E4C563C29F36187D02D5C6463F.e.16411"},{"block":"start","inline":"nearest"}]}
COMMAND: POST /session/7f6ec3857c10649f26842f36b7e75a4c/execute/async - {"script":"<script> [1562 bytes]","args":[{"selector":{"id":"application-manageresources-display-component---newResourceUnit--btnAddTimeSegment","interaction":{"idSuffix":"inner"}},"wdio_ui5_key":"applicationmanageresources-display-component---newResourceUnit--btnAddTimeSegment"}]}
COMMAND: GET /session/7f6ec3857c10649f26842f36b7e75a4c/screenshot - {}
RESULT: {"script":"<script> [1562 bytes]","args":[{"selector":{"id":"application-manageresources-display-component---newResourceUnit--btnAddTimeSegment","interaction":{"idSuffix":"inner"}},"wdio_ui5_key":"applicationmanageresources-display-component---newResourceUnit--btnAddTimeSegment"}]}
RESULT: undefined
COMMAND: POST /session/7f6ec3857c10649f26842f36b7e75a4c/element - {"using":"xpath","value":"//*[@id=\"application-manageresources-display-component---newResourceUnit--btnAddTimeSegment\"]"}
RESULT: {}
RESULT: {"using":"xpath","value":"//*[@id=\"application-manageresources-display-component---newResourceUnit--btnAddTimeSegment\"]"}
COMMAND: POST /session/7f6ec3857c10649f26842f36b7e75a4c/element/f.4BE7CB3E9946CAC77AC1BA1FEFE24C33.d.AC2D40E4C563C29F36187D02D5C6463F.e.16411/click - {}
RESULT: {}
COMMAND: GET /session/7f6ec3857c10649f26842f36b7e75a4c/screenshot - {}
RESULT: {}
COMMAND: POST /session/7f6ec3857c10649f26842f36b7e75a4c/element - {"using":"xpath","value":"//input[@id=\"application-manageresources-display-component---newResourceUnit--idRuTSAdmin-application-manageresources-display-component---newResourceUnit--RUTimeSegment-0-inner\"]"}
RESULT: {"using":"xpath","value":"//input[@id=\"application-manageresources-display-component---newResourceUnit--idRuTSAdmin-application-manageresources-display-component---newResourceUnit--RUTimeSegment-0-inner\"]"}
COMMAND: POST /session/7f6ec3857c10649f26842f36b7e75a4c/element/f.4BE7CB3E9946CAC77AC1BA1FEFE24C33.d.AC2D40E4C563C29F36187D02D5C6463F.e.16416/clear - {}
RESULT: {}
COMMAND: POST /session/7f6ec3857c10649f26842f36b7e75a4c/element/f.4BE7CB3E9946CAC77AC1BA1FEFE24C33.d.AC2D40E4C563C29F36187D02D5C6463F.e.16416/value - {"text":"388"}
COMMAND: GET /session/7f6ec3857c10649f26842f36b7e75a4c/screenshot - {}
RESULT: {"text":"388"}
COMMAND: GET /session/7f6ec3857c10649f26842f36b7e75a4c/screenshot - {}
RESULT: {}
RESULT: {}
COMMAND: POST /session/7f6ec3857c10649f26842f36b7e75a4c/element - {"using":"xpath","value":"//li[.//span[text()='388']]"}
RESULT: {"using":"xpath","value":"//li[.//span[text()='388']]"}
COMMAND: POST /session/7f6ec3857c10649f26842f36b7e75a4c/element/f.4BE7CB3E9946CAC77AC1BA1FEFE24C33.d.AC2D40E4C563C29F36187D02D5C6463F.e.16425/click - {}
RESULT: {}
COMMAND: GET /session/7f6ec3857c10649f26842f36b7e75a4c/screenshot - {}
RESULT: {}
COMMAND: POST /session/7f6ec3857c10649f26842f36b7e75a4c/element - {"using":"xpath","value":"(//span[contains(@id, \"-application-manageresources-display-component---newResourceUnit--RUTimeSegment-0-arrow\")])[2]"}
RESULT: {"using":"xpath","value":"(//span[contains(@id, \"-application-manageresources-display-component---newResourceUnit--RUTimeSegment-0-arrow\")])[2]"}
COMMAND: POST /session/7f6ec3857c10649f26842f36b7e75a4c/element/f.4BE7CB3E9946CAC77AC1BA1FEFE24C33.d.AC2D40E4C563C29F36187D02D5C6463F.e.16426/click - {}
RESULT: {}
COMMAND: POST /session/7f6ec3857c10649f26842f36b7e75a4c/element - {"using":"xpath","value":"//span[contains(text(), \"PM Order\")]"}
COMMAND: GET /session/7f6ec3857c10649f26842f36b7e75a4c/screenshot - {}
RESULT: {"using":"xpath","value":"//span[contains(text(), \"PM Order\")]"}
COMMAND: POST /session/7f6ec3857c10649f26842f36b7e75a4c/element/f.4BE7CB3E9946CAC77AC1BA1FEFE24C33.d.AC2D40E4C563C29F36187D02D5C6463F.e.16427/click - {}
RESULT: {}
RESULT: {}
COMMAND: GET /session/7f6ec3857c10649f26842f36b7e75a4c/screenshot - {}
RESULT: {}
COMMAND: POST /session/7f6ec3857c10649f26842f36b7e75a4c/element - {"using":"xpath","value":"//td/div/div/div/span[contains(@id, \"newResourceUnit--RUTimeSegment-0-vhi\")][1]"}
RESULT: {"using":"xpath","value":"//td/div/div/div/span[contains(@id, \"newResourceUnit--RUTimeSegment-0-vhi\")][1]"}
COMMAND: GET /session/7f6ec3857c10649f26842f36b7e75a4c/element/f.4BE7CB3E9946CAC77AC1BA1FEFE24C33.d.AC2D40E4C563C29F36187D02D5C6463F.e.16431/rect - {}
RESULT: {}
COMMAND: GET /session/7f6ec3857c10649f26842f36b7e75a4c/window/rect - {}
RESULT: {}
COMMAND: POST /session/7f6ec3857c10649f26842f36b7e75a4c/execute/sync - {"script":"<script> [92 bytes]","args":[]}
RESULT: {"script":"<script> [92 bytes]","args":[]}
COMMAND: POST /session/7f6ec3857c10649f26842f36b7e75a4c/actions - {"actions":[{"id":"action52","type":"wheel","parameters":{},"actions":[{"type":"scroll","x":-1888,"y":-24,"deltaX":0,"deltaY":0,"duration":0,"origin":{"element-6066-11e4-a52e-4f735466cecf":"f.4BE7CB3E9946CAC77AC1BA1FEFE24C33.d.AC2D40E4C563C29F36187D02D5C6463F.e.16431"}}]}]}
COMMAND: GET /session/7f6ec3857c10649f26842f36b7e75a4c/screenshot - {}
RESULT: {}
COMMAND: POST /session/7f6ec3857c10649f26842f36b7e75a4c/execute/sync - {"script":"<script> [79 bytes]","args":[{"element-6066-11e4-a52e-4f735466cecf":"f.4BE7CB3E9946CAC77AC1BA1FEFE24C33.d.AC2D40E4C563C29F36187D02D5C6463F.e.16431","ELEMENT":"f.4BE7CB3E9946CAC77AC1BA1FEFE24C33.d.AC2D40E4C563C29F36187D02D5C6463F.e.16431"},{"block":"start","inline":"nearest"}]}
RESULT: {"script":"<script> [79 bytes]","args":[{"element-6066-11e4-a52e-4f735466cecf":"f.4BE7CB3E9946CAC77AC1BA1FEFE24C33.d.AC2D40E4C563C29F36187D02D5C6463F.e.16431","ELEMENT":"f.4BE7CB3E9946CAC77AC1BA1FEFE24C33.d.AC2D40E4C563C29F36187D02D5C6463F.e.16431"},{"block":"start","inline":"nearest"}]}
COMMAND: GET /session/7f6ec3857c10649f26842f36b7e75a4c/screenshot - {}
RESULT: {}
COMMAND: POST /session/7f6ec3857c10649f26842f36b7e75a4c/element/f.4BE7CB3E9946CAC77AC1BA1FEFE24C33.d.AC2D40E4C563C29F36187D02D5C6463F.e.16431/click - {}
RESULT: {}
COMMAND: GET /session/7f6ec3857c10649f26842f36b7e75a4c/screenshot - {}
RESULT: {}
COMMAND: POST /session/7f6ec3857c10649f26842f36b7e75a4c/execute/async - {"script":"<script> [1562 bytes]","args":[{"selector":{"controlType":"sap.m.SearchField","properties":{"placeholder":"Search"},"searchOpenDialogs":true,"interaction":{"idSuffix":"I"}},"wdio_ui5_key":"sapm.SearchField{\"placeholder\":\"Search\"}"}]}
RESULT: {"script":"<script> [1562 bytes]","args":[{"selector":{"controlType":"sap.m.SearchField","properties":{"placeholder":"Search"},"searchOpenDialogs":true,"interaction":{"idSuffix":"I"}},"wdio_ui5_key":"sapm.SearchField{\"placeholder\":\"Search\"}"}]}
RESULT: undefined
COMMAND: POST /session/7f6ec3857c10649f26842f36b7e75a4c/execute/async - {"script":"<script> [776 bytes]","args":[{"enterText":"4000360","selector":{"controlType":"sap.m.SearchField","properties":{"placeholder":"Search"},"searchOpenDialogs":true,"interaction":{"idSuffix":"I"}},"clearTextFirst":true,"interactionType":"ENTER_TEXT"}]}
RESULT: {"script":"<script> [776 bytes]","args":[{"enterText":"4000360","selector":{"controlType":"sap.m.SearchField","properties":{"placeholder":"Search"},"searchOpenDialogs":true,"interaction":{"idSuffix":"I"}},"clearTextFirst":true,"interactionType":"ENTER_TEXT"}]}
COMMAND: POST /session/7f6ec3857c10649f26842f36b7e75a4c/actions - {"actions":[{"id":"action53","type":"key","parameters":{},"actions":[{"type":"keyDown","value":"î€‡"},{"type":"pause","duration":10},{"type":"keyUp","value":"î€‡"}]}]}
RESULT: {"actions":[{"id":"action53","type":"key","parameters":{},"actions":[{"type":"keyDown","value":"î€‡"},{"type":"pause","duration":10},{"type":"keyUp","value":"î€‡"}]}]}
COMMAND: GET /session/7f6ec3857c10649f26842f36b7e75a4c/screenshot - {}
RESULT: {}
COMMAND: POST /session/7f6ec3857c10649f26842f36b7e75a4c/element - {"using":"xpath","value":"//td/div/span[contains(text(), \"BGL Vehicles\")]"}
RESULT: {"using":"xpath","value":"//td/div/span[contains(text(), \"BGL Vehicles\")]"}
COMMAND: POST /session/7f6ec3857c10649f26842f36b7e75a4c/element/f.4BE7CB3E9946CAC77AC1BA1FEFE24C33.d.AC2D40E4C563C29F36187D02D5C6463F.e.16452/click - {}
RESULT: {}
COMMAND: GET /session/7f6ec3857c10649f26842f36b7e75a4c/screenshot - {}
RESULT: {}
COMMAND: POST /session/7f6ec3857c10649f26842f36b7e75a4c/element - {"using":"xpath","value":"//bdi[contains(text(), \"OK\")]"}
RESULT: {"using":"xpath","value":"//bdi[contains(text(), \"OK\")]"}
COMMAND: POST /session/7f6ec3857c10649f26842f36b7e75a4c/element/f.4BE7CB3E9946CAC77AC1BA1FEFE24C33.d.AC2D40E4C563C29F36187D02D5C6463F.e.16453/click - {}
RESULT: {}
COMMAND: GET /session/7f6ec3857c10649f26842f36b7e75a4c/screenshot - {}
RESULT: {}
COMMAND: POST /session/7f6ec3857c10649f26842f36b7e75a4c/element - {"using":"xpath","value":"//label[contains(@class, 'sapMLabelRequired') and .//bdi[contains(text(), 'Planned Retirement')]]"}
RESULT: {"using":"xpath","value":"//label[contains(@class, 'sapMLabelRequired') and .//bdi[contains(text(), 'Planned Retirement')]]"}
COMMAND: POST /session/7f6ec3857c10649f26842f36b7e75a4c/elements - {"using":"xpath","value":"//label[contains(@class, 'sapMLabelRequired') and .//bdi[contains(text(), 'Planned Retirement')]]"}
RESULT: {"using":"xpath","value":"//label[contains(@class, 'sapMLabelRequired') and .//bdi[contains(text(), 'Planned Retirement')]]"}
COMMAND: POST /session/7f6ec3857c10649f26842f36b7e75a4c/element - {"using":"xpath","value":"//button[@data-kt=\"resourceUnitSaveButton\"]"}
RESULT: {"using":"xpath","value":"//button[@data-kt=\"resourceUnitSaveButton\"]"}
COMMAND: POST /session/7f6ec3857c10649f26842f36b7e75a4c/element/f.4BE7CB3E9946CAC77AC1BA1FEFE24C33.d.AC2D40E4C563C29F36187D02D5C6463F.e.16355/click - {}
RESULT: {}
COMMAND: GET /session/7f6ec3857c10649f26842f36b7e75a4c/screenshot - {}
RESULT: {}
COMMAND: POST /session/7f6ec3857c10649f26842f36b7e75a4c/element - {"using":"xpath","value":"//bdi[contains(text(), \"Close\")]"}
RESULT: {"using":"xpath","value":"//bdi[contains(text(), \"Close\")]"}
COMMAND: POST /session/7f6ec3857c10649f26842f36b7e75a4c/element/f.4BE7CB3E9946CAC77AC1BA1FEFE24C33.d.AC2D40E4C563C29F36187D02D5C6463F.e.16459/click - {}
RESULT: {}
COMMAND: GET /session/7f6ec3857c10649f26842f36b7e75a4c/screenshot - {}
RESULT: {}
COMMAND: POST /session/7f6ec3857c10649f26842f36b7e75a4c/element - {"using":"xpath","value":"//header[contains(@id, 'detailRruPage-headerTitle')]/div[1]/div[2]/div[2]/span[1]"}
RESULT: {"using":"xpath","value":"//header[contains(@id, 'detailRruPage-headerTitle')]/div[1]/div[2]/div[2]/span[1]"}
COMMAND: POST /session/7f6ec3857c10649f26842f36b7e75a4c/elements - {"using":"xpath","value":"//header[contains(@id, 'detailRruPage-headerTitle')]/div[1]/div[2]/div[2]/span[1]"}
RESULT: {"using":"xpath","value":"//header[contains(@id, 'detailRruPage-headerTitle')]/div[1]/div[2]/div[2]/span[1]"}
COMMAND: POST /session/7f6ec3857c10649f26842f36b7e75a4c/execute/sync - {"script":"<script> [56 bytes]","args":[{"element-6066-11e4-a52e-4f735466cecf":"f.4BE7CB3E9946CAC77AC1BA1FEFE24C33.d.AC2D40E4C563C29F36187D02D5C6463F.e.16486","ELEMENT":"f.4BE7CB3E9946CAC77AC1BA1FEFE24C33.d.AC2D40E4C563C29F36187D02D5C6463F.e.16486"}]}
RESULT: {"script":"<script> [56 bytes]","args":[{"element-6066-11e4-a52e-4f735466cecf":"f.4BE7CB3E9946CAC77AC1BA1FEFE24C33.d.AC2D40E4C563C29F36187D02D5C6463F.e.16486","ELEMENT":"f.4BE7CB3E9946CAC77AC1BA1FEFE24C33.d.AC2D40E4C563C29F36187D02D5C6463F.e.16486"}]}
COMMAND: POST /session/7f6ec3857c10649f26842f36b7e75a4c/element - {"using":"css selector","value":"#shell-header-logo"}
COMMAND: GET /session/7f6ec3857c10649f26842f36b7e75a4c/screenshot - {}
RESULT: {"using":"css selector","value":"#shell-header-logo"}
COMMAND: POST /session/7f6ec3857c10649f26842f36b7e75a4c/element/f.4BE7CB3E9946CAC77AC1BA1FEFE24C33.d.AC2D40E4C563C29F36187D02D5C6463F.e.15827/click - {}
RESULT: {}
RESULT: {}
COMMAND: GET /session/7f6ec3857c10649f26842f36b7e75a4c/screenshot - {}
RESULT: {}
]]></system-out>
    </testcase>
  </testsuite>
  <testsuite timestamp="2025-05-15T08:47:13" time="309.777" tests="6" failures="2" errors="2" skipped="0">
    <properties>
      <property name="specId" value="0" />
      <property name="suiteName" value="Provide to Site w/o warehouse management w/o clarification" />
      <property name="capabilities" value="chrome.136_0_7103_49.windows" />
      <property name="file" value="file:///D:/a/1/s/test/specs/HTR/provide-to-site-wo-warehouse-wo-clarification.spec.js" />
    </properties>
    <testcase classname="chrome.136_0_7103_49.windows.Provide_to_Site_w/o_warehouse_management_w/o_clarification" name="Should do a stock increase handover" time="81.702">
      <system-out><![CDATA[
COMMAND: POST /session/7f6ec3857c10649f26842f36b7e75a4c/execute/async - {"script":"<script> [1562 bytes]","args":[{"selector":{"controlType":"sap.m.GenericTile","properties":{"header":"Manage Handovers"}},"wdio_ui5_key":"sapm.GenericTile{\"header\":\"Manage Handovers\"}"}]}
RESULT: {"script":"<script> [1562 bytes]","args":[{"selector":{"controlType":"sap.m.GenericTile","properties":{"header":"Manage Handovers"}},"wdio_ui5_key":"sapm.GenericTile{\"header\":\"Manage Handovers\"}"}]}
RESULT: undefined
COMMAND: POST /session/7f6ec3857c10649f26842f36b7e75a4c/element - {"using":"xpath","value":"//*[@id=\"__tile130\"]"}
RESULT: {"using":"xpath","value":"//*[@id=\"__tile130\"]"}
COMMAND: POST /session/7f6ec3857c10649f26842f36b7e75a4c/element/f.4BE7CB3E9946CAC77AC1BA1FEFE24C33.d.AC2D40E4C563C29F36187D02D5C6463F.e.15873/click - {}
RESULT: {}
COMMAND: GET /session/7f6ec3857c10649f26842f36b7e75a4c/screenshot - {}
RESULT: {}
COMMAND: POST /session/7f6ec3857c10649f26842f36b7e75a4c/elements - {"using":"xpath","value":"//span[text()='Error']"}
RESULT: {"using":"xpath","value":"//span[text()='Error']"}
COMMAND: POST /session/7f6ec3857c10649f26842f36b7e75a4c/element - {"using":"xpath","value":"//button[@data-kt=\"masterHOAddButton\"]"}
RESULT: {"using":"xpath","value":"//button[@data-kt=\"masterHOAddButton\"]"}
COMMAND: POST /session/7f6ec3857c10649f26842f36b7e75a4c/elements - {"using":"xpath","value":"//button[@data-kt=\"masterHOAddButton\"]"}
RESULT: {"using":"xpath","value":"//button[@data-kt=\"masterHOAddButton\"]"}
COMMAND: POST /session/7f6ec3857c10649f26842f36b7e75a4c/execute/sync - {"script":"<script> [8489 bytes]","args":[{"element-6066-11e4-a52e-4f735466cecf":"f.4BE7CB3E9946CAC77AC1BA1FEFE24C33.d.AC2D40E4C563C29F36187D02D5C6463F.e.16528","ELEMENT":"f.4BE7CB3E9946CAC77AC1BA1FEFE24C33.d.AC2D40E4C563C29F36187D02D5C6463F.e.16528"}]}
RESULT: {"script":"<script> [8489 bytes]","args":[{"element-6066-11e4-a52e-4f735466cecf":"f.4BE7CB3E9946CAC77AC1BA1FEFE24C33.d.AC2D40E4C563C29F36187D02D5C6463F.e.16528","ELEMENT":"f.4BE7CB3E9946CAC77AC1BA1FEFE24C33.d.AC2D40E4C563C29F36187D02D5C6463F.e.16528"}]}
COMMAND: GET /session/7f6ec3857c10649f26842f36b7e75a4c/element/f.4BE7CB3E9946CAC77AC1BA1FEFE24C33.d.AC2D40E4C563C29F36187D02D5C6463F.e.16528/enabled - {}
COMMAND: GET /session/7f6ec3857c10649f26842f36b7e75a4c/screenshot - {}
RESULT: {}
COMMAND: POST /session/7f6ec3857c10649f26842f36b7e75a4c/execute/sync - {"script":"<script> [8489 bytes]","args":[{"element-6066-11e4-a52e-4f735466cecf":"f.4BE7CB3E9946CAC77AC1BA1FEFE24C33.d.AC2D40E4C563C29F36187D02D5C6463F.e.16528","ELEMENT":"f.4BE7CB3E9946CAC77AC1BA1FEFE24C33.d.AC2D40E4C563C29F36187D02D5C6463F.e.16528"}]}
COMMAND: GET /session/7f6ec3857c10649f26842f36b7e75a4c/screenshot - {}
RESULT: {}
RESULT: {"script":"<script> [8489 bytes]","args":[{"element-6066-11e4-a52e-4f735466cecf":"f.4BE7CB3E9946CAC77AC1BA1FEFE24C33.d.AC2D40E4C563C29F36187D02D5C6463F.e.16528","ELEMENT":"f.4BE7CB3E9946CAC77AC1BA1FEFE24C33.d.AC2D40E4C563C29F36187D02D5C6463F.e.16528"}]}
COMMAND: POST /session/7f6ec3857c10649f26842f36b7e75a4c/execute/sync - {"script":"<script> [5351 bytes]","args":[{"element-6066-11e4-a52e-4f735466cecf":"f.4BE7CB3E9946CAC77AC1BA1FEFE24C33.d.AC2D40E4C563C29F36187D02D5C6463F.e.16528","ELEMENT":"f.4BE7CB3E9946CAC77AC1BA1FEFE24C33.d.AC2D40E4C563C29F36187D02D5C6463F.e.16528"}]}
COMMAND: GET /session/7f6ec3857c10649f26842f36b7e75a4c/screenshot - {}
RESULT: {}
RESULT: {"script":"<script> [5351 bytes]","args":[{"element-6066-11e4-a52e-4f735466cecf":"f.4BE7CB3E9946CAC77AC1BA1FEFE24C33.d.AC2D40E4C563C29F36187D02D5C6463F.e.16528","ELEMENT":"f.4BE7CB3E9946CAC77AC1BA1FEFE24C33.d.AC2D40E4C563C29F36187D02D5C6463F.e.16528"}]}
COMMAND: POST /session/7f6ec3857c10649f26842f36b7e75a4c/element/f.4BE7CB3E9946CAC77AC1BA1FEFE24C33.d.AC2D40E4C563C29F36187D02D5C6463F.e.16528/click - {}
COMMAND: GET /session/7f6ec3857c10649f26842f36b7e75a4c/screenshot - {}
RESULT: {}
RESULT: {}
COMMAND: GET /session/7f6ec3857c10649f26842f36b7e75a4c/screenshot - {}
RESULT: {}
RESULT: {}
COMMAND: POST /session/7f6ec3857c10649f26842f36b7e75a4c/element - {"using":"xpath","value":"//span[contains(@id ,\"AddNewHO--typeSelect-arrow\")]"}
RESULT: {"using":"xpath","value":"//span[contains(@id ,\"AddNewHO--typeSelect-arrow\")]"}
COMMAND: POST /session/7f6ec3857c10649f26842f36b7e75a4c/element/f.4BE7CB3E9946CAC77AC1BA1FEFE24C33.d.AC2D40E4C563C29F36187D02D5C6463F.e.16865/click - {}
RESULT: {}
COMMAND: GET /session/7f6ec3857c10649f26842f36b7e75a4c/screenshot - {}
RESULT: {}
COMMAND: POST /session/7f6ec3857c10649f26842f36b7e75a4c/element - {"using":"xpath","value":"(//li[contains(text(), \"stock increase yard\")])[1]"}
RESULT: {"using":"xpath","value":"(//li[contains(text(), \"stock increase yard\")])[1]"}
COMMAND: POST /session/7f6ec3857c10649f26842f36b7e75a4c/element/f.4BE7CB3E9946CAC77AC1BA1FEFE24C33.d.AC2D40E4C563C29F36187D02D5C6463F.e.16866/click - {}
RESULT: {}
COMMAND: GET /session/7f6ec3857c10649f26842f36b7e75a4c/screenshot - {}
RESULT: {}
COMMAND: POST /session/7f6ec3857c10649f26842f36b7e75a4c/execute/async - {"script":"<script> [1562 bytes]","args":[{"selector":{"id":"application-managehandovers-display-component---AddNewHO--dueDate","interaction":{"idSuffix":"inner"}},"wdio_ui5_key":"applicationmanagehandovers-display-component---AddNewHO--dueDate"}]}
RESULT: {"script":"<script> [1562 bytes]","args":[{"selector":{"id":"application-managehandovers-display-component---AddNewHO--dueDate","interaction":{"idSuffix":"inner"}},"wdio_ui5_key":"applicationmanagehandovers-display-component---AddNewHO--dueDate"}]}
RESULT: undefined
COMMAND: POST /session/7f6ec3857c10649f26842f36b7e75a4c/execute/async - {"script":"<script> [6424 bytes]","args":[{"element-6066-11e4-a52e-4f735466cecf":"f.4BE7CB3E9946CAC77AC1BA1FEFE24C33.d.AC2D40E4C563C29F36187D02D5C6463F.e.16868"},"setValue",["5/15/25"]]}
RESULT: {"script":"<script> [6424 bytes]","args":[{"element-6066-11e4-a52e-4f735466cecf":"f.4BE7CB3E9946CAC77AC1BA1FEFE24C33.d.AC2D40E4C563C29F36187D02D5C6463F.e.16868"},"setValue",["5/15/25"]]}
COMMAND: POST /session/7f6ec3857c10649f26842f36b7e75a4c/element - {"using":"xpath","value":"//input[@id=\"generalSectionFrg--receiveYard-inner\"]"}
RESULT: {"using":"xpath","value":"//input[@id=\"generalSectionFrg--receiveYard-inner\"]"}
COMMAND: POST /session/7f6ec3857c10649f26842f36b7e75a4c/element/f.4BE7CB3E9946CAC77AC1BA1FEFE24C33.d.AC2D40E4C563C29F36187D02D5C6463F.e.16872/clear - {}
RESULT: {}
COMMAND: POST /session/7f6ec3857c10649f26842f36b7e75a4c/element/f.4BE7CB3E9946CAC77AC1BA1FEFE24C33.d.AC2D40E4C563C29F36187D02D5C6463F.e.16872/value - {"text":"388"}
COMMAND: GET /session/7f6ec3857c10649f26842f36b7e75a4c/screenshot - {}
RESULT: {"text":"388"}
COMMAND: GET /session/7f6ec3857c10649f26842f36b7e75a4c/screenshot - {}
RESULT: {}
RESULT: {}
COMMAND: POST /session/7f6ec3857c10649f26842f36b7e75a4c/element - {"using":"xpath","value":"//li[.//span[text()='388']]"}
RESULT: {"using":"xpath","value":"//li[.//span[text()='388']]"}
COMMAND: POST /session/7f6ec3857c10649f26842f36b7e75a4c/element/f.4BE7CB3E9946CAC77AC1BA1FEFE24C33.d.AC2D40E4C563C29F36187D02D5C6463F.e.16890/click - {}
RESULT: {}
COMMAND: GET /session/7f6ec3857c10649f26842f36b7e75a4c/screenshot - {}
RESULT: {}
COMMAND: POST /session/7f6ec3857c10649f26842f36b7e75a4c/execute/async - {"script":"<script> [1562 bytes]","args":[{"selector":{"id":"application-managehandovers-display-component---AddNewHO--ObjectPageLayout-anchBar-application-managehandovers-display-component---AddNewHO--section4-anchor","interaction":{"idSuffix":"BDI-content"}},"wdio_ui5_key":"applicationmanagehandovers-display-component---AddNewHO--ObjectPageLayout-anchBar-application-managehandovers-display-component---AddNewHO--section4-anchor"}]}
RESULT: {"script":"<script> [1562 bytes]","args":[{"selector":{"id":"application-managehandovers-display-component---AddNewHO--ObjectPageLayout-anchBar-application-managehandovers-display-component---AddNewHO--section4-anchor","interaction":{"idSuffix":"BDI-content"}},"wdio_ui5_key":"applicationmanagehandovers-display-component---AddNewHO--ObjectPageLayout-anchBar-application-managehandovers-display-component---AddNewHO--section4-anchor"}]}
RESULT: undefined
COMMAND: POST /session/7f6ec3857c10649f26842f36b7e75a4c/element - {"using":"xpath","value":"//*[@id=\"application-managehandovers-display-component---AddNewHO--ObjectPageLayout-anchBar-application-managehandovers-display-component---AddNewHO--section4-anchor\"]"}
RESULT: {"using":"xpath","value":"//*[@id=\"application-managehandovers-display-component---AddNewHO--ObjectPageLayout-anchBar-application-managehandovers-display-component---AddNewHO--section4-anchor\"]"}
COMMAND: POST /session/7f6ec3857c10649f26842f36b7e75a4c/element/f.4BE7CB3E9946CAC77AC1BA1FEFE24C33.d.AC2D40E4C563C29F36187D02D5C6463F.e.16892/click - {}
RESULT: {}
COMMAND: POST /session/7f6ec3857c10649f26842f36b7e75a4c/element - {"using":"xpath","value":"//button[@aria-label=\"Add\"]"}
COMMAND: GET /session/7f6ec3857c10649f26842f36b7e75a4c/screenshot - {}
RESULT: {"using":"xpath","value":"//button[@aria-label=\"Add\"]"}
COMMAND: POST /session/7f6ec3857c10649f26842f36b7e75a4c/element/f.4BE7CB3E9946CAC77AC1BA1FEFE24C33.d.AC2D40E4C563C29F36187D02D5C6463F.e.16894/click - {}
RESULT: {}
RESULT: {}
COMMAND: GET /session/7f6ec3857c10649f26842f36b7e75a4c/screenshot - {}
RESULT: {}
COMMAND: POST /session/7f6ec3857c10649f26842f36b7e75a4c/execute/async - {"script":"<script> [1562 bytes]","args":[{"selector":{"id":"application-managehandovers-display-component---AddNewHO--smartFilterBar-btnBasicSearch","searchOpenDialogs":true,"interaction":{"idSuffix":"I"}},"wdio_ui5_key":"applicationmanagehandovers-display-component---AddNewHO--smartFilterBar-btnBasicSearch"}]}
RESULT: {"script":"<script> [1562 bytes]","args":[{"selector":{"id":"application-managehandovers-display-component---AddNewHO--smartFilterBar-btnBasicSearch","searchOpenDialogs":true,"interaction":{"idSuffix":"I"}},"wdio_ui5_key":"applicationmanagehandovers-display-component---AddNewHO--smartFilterBar-btnBasicSearch"}]}
RESULT: undefined
COMMAND: POST /session/7f6ec3857c10649f26842f36b7e75a4c/execute/async - {"script":"<script> [776 bytes]","args":[{"enterText":"200172","selector":{"id":"application-managehandovers-display-component---AddNewHO--smartFilterBar-btnBasicSearch","searchOpenDialogs":true,"interaction":{"idSuffix":"I"}},"clearTextFirst":true,"interactionType":"ENTER_TEXT"}]}
RESULT: {"script":"<script> [776 bytes]","args":[{"enterText":"200172","selector":{"id":"application-managehandovers-display-component---AddNewHO--smartFilterBar-btnBasicSearch","searchOpenDialogs":true,"interaction":{"idSuffix":"I"}},"clearTextFirst":true,"interactionType":"ENTER_TEXT"}]}
COMMAND: POST /session/7f6ec3857c10649f26842f36b7e75a4c/actions - {"actions":[{"id":"action54","type":"key","parameters":{},"actions":[{"type":"keyDown","value":"î€‡"},{"type":"pause","duration":10},{"type":"keyUp","value":"î€‡"}]}]}
RESULT: {"actions":[{"id":"action54","type":"key","parameters":{},"actions":[{"type":"keyDown","value":"î€‡"},{"type":"pause","duration":10},{"type":"keyUp","value":"î€‡"}]}]}
COMMAND: GET /session/7f6ec3857c10649f26842f36b7e75a4c/screenshot - {}
RESULT: {}
COMMAND: POST /session/7f6ec3857c10649f26842f36b7e75a4c/execute/async - {"script":"<script> [1562 bytes]","args":[{"selector":{"id":"application-managehandovers-display-component---AddNewHO--popup-sa","searchOpenDialogs":true,"interaction":{"idSuffix":"CbBg"}},"wdio_ui5_key":"applicationmanagehandovers-display-component---AddNewHO--popup-sa"}]}
RESULT: {"script":"<script> [1562 bytes]","args":[{"selector":{"id":"application-managehandovers-display-component---AddNewHO--popup-sa","searchOpenDialogs":true,"interaction":{"idSuffix":"CbBg"}},"wdio_ui5_key":"applicationmanagehandovers-display-component---AddNewHO--popup-sa"}]}
RESULT: undefined
COMMAND: POST /session/7f6ec3857c10649f26842f36b7e75a4c/element - {"using":"xpath","value":"//*[@id=\"application-managehandovers-display-component---AddNewHO--popup-sa\"]"}
RESULT: {"using":"xpath","value":"//*[@id=\"application-managehandovers-display-component---AddNewHO--popup-sa\"]"}
COMMAND: POST /session/7f6ec3857c10649f26842f36b7e75a4c/element/f.4BE7CB3E9946CAC77AC1BA1FEFE24C33.d.AC2D40E4C563C29F36187D02D5C6463F.e.17048/click - {}
RESULT: {}
COMMAND: GET /session/7f6ec3857c10649f26842f36b7e75a4c/screenshot - {}
RESULT: {}
COMMAND: POST /session/7f6ec3857c10649f26842f36b7e75a4c/element - {"using":"xpath","value":"//bdi[contains(text(), \"Select\")]"}
RESULT: {"using":"xpath","value":"//bdi[contains(text(), \"Select\")]"}
COMMAND: POST /session/7f6ec3857c10649f26842f36b7e75a4c/element/f.4BE7CB3E9946CAC77AC1BA1FEFE24C33.d.AC2D40E4C563C29F36187D02D5C6463F.e.17049/click - {}
RESULT: {}
COMMAND: GET /session/7f6ec3857c10649f26842f36b7e75a4c/screenshot - {}
RESULT: {}
COMMAND: POST /session/7f6ec3857c10649f26842f36b7e75a4c/element - {"using":"xpath","value":"//button[@data-kt=\"AddNewHOSaveButton\"]"}
RESULT: {"using":"xpath","value":"//button[@data-kt=\"AddNewHOSaveButton\"]"}
COMMAND: POST /session/7f6ec3857c10649f26842f36b7e75a4c/element/f.4BE7CB3E9946CAC77AC1BA1FEFE24C33.d.AC2D40E4C563C29F36187D02D5C6463F.e.17053/click - {}
RESULT: {}
COMMAND: GET /session/7f6ec3857c10649f26842f36b7e75a4c/screenshot - {}
RESULT: {}
COMMAND: POST /session/7f6ec3857c10649f26842f36b7e75a4c/execute/async - {"script":"<script> [1562 bytes]","args":[{"selector":{"id":"receiptDatePicker","viewName":"etm.portal.ui.managehandovers.view.DetailExecuteHO","interaction":{"idSuffix":"inner"}},"wdio_ui5_key":"receiptDatePickeretmportal.ui.managehandovers.view.DetailExecuteHO"}]}
RESULT: {"script":"<script> [1562 bytes]","args":[{"selector":{"id":"receiptDatePicker","viewName":"etm.portal.ui.managehandovers.view.DetailExecuteHO","interaction":{"idSuffix":"inner"}},"wdio_ui5_key":"receiptDatePickeretmportal.ui.managehandovers.view.DetailExecuteHO"}]}
RESULT: undefined
COMMAND: POST /session/7f6ec3857c10649f26842f36b7e75a4c/execute/async - {"script":"<script> [6424 bytes]","args":[{"element-6066-11e4-a52e-4f735466cecf":"f.4BE7CB3E9946CAC77AC1BA1FEFE24C33.d.AC2D40E4C563C29F36187D02D5C6463F.e.17068"},"setValue",["5/15/25"]]}
RESULT: {"script":"<script> [6424 bytes]","args":[{"element-6066-11e4-a52e-4f735466cecf":"f.4BE7CB3E9946CAC77AC1BA1FEFE24C33.d.AC2D40E4C563C29F36187D02D5C6463F.e.17068"},"setValue",["5/15/25"]]}
COMMAND: POST /session/7f6ec3857c10649f26842f36b7e75a4c/element - {"using":"xpath","value":"//button[@data-kt=\"PickingTableConfirmAllButton\"]"}
RESULT: {"using":"xpath","value":"//button[@data-kt=\"PickingTableConfirmAllButton\"]"}
COMMAND: POST /session/7f6ec3857c10649f26842f36b7e75a4c/element/f.4BE7CB3E9946CAC77AC1BA1FEFE24C33.d.AC2D40E4C563C29F36187D02D5C6463F.e.17086/click - {}
RESULT: {}
COMMAND: GET /session/7f6ec3857c10649f26842f36b7e75a4c/screenshot - {}
RESULT: {}
COMMAND: POST /session/7f6ec3857c10649f26842f36b7e75a4c/element - {"using":"xpath","value":"//bdi[contains(text(), \"OK\")]"}
RESULT: {"using":"xpath","value":"//bdi[contains(text(), \"OK\")]"}
COMMAND: POST /session/7f6ec3857c10649f26842f36b7e75a4c/element/f.4BE7CB3E9946CAC77AC1BA1FEFE24C33.d.AC2D40E4C563C29F36187D02D5C6463F.e.17088/click - {}
RESULT: {}
COMMAND: GET /session/7f6ec3857c10649f26842f36b7e75a4c/screenshot - {}
RESULT: {}
COMMAND: POST /session/7f6ec3857c10649f26842f36b7e75a4c/element - {"using":"xpath","value":"(//bdi[contains(text(), \"Receive\")])[2]"}
RESULT: {"using":"xpath","value":"(//bdi[contains(text(), \"Receive\")])[2]"}
COMMAND: POST /session/7f6ec3857c10649f26842f36b7e75a4c/element/f.4BE7CB3E9946CAC77AC1BA1FEFE24C33.d.AC2D40E4C563C29F36187D02D5C6463F.e.17090/click - {}
RESULT: {}
COMMAND: GET /session/7f6ec3857c10649f26842f36b7e75a4c/screenshot - {}
RESULT: {}
COMMAND: POST /session/7f6ec3857c10649f26842f36b7e75a4c/element - {"using":"css selector","value":"#shell-header-logo"}
RESULT: {"using":"css selector","value":"#shell-header-logo"}
COMMAND: POST /session/7f6ec3857c10649f26842f36b7e75a4c/element/f.4BE7CB3E9946CAC77AC1BA1FEFE24C33.d.AC2D40E4C563C29F36187D02D5C6463F.e.16491/click - {}
RESULT: {}
COMMAND: GET /session/7f6ec3857c10649f26842f36b7e75a4c/screenshot - {}
RESULT: {}
]]></system-out>
    </testcase>
    <testcase classname="chrome.136_0_7103_49.windows.Provide_to_Site_w/o_warehouse_management_w/o_clarification" name="Should create a new contract" time="58.587">
      <system-out><![CDATA[
COMMAND: POST /session/7f6ec3857c10649f26842f36b7e75a4c/execute/async - {"script":"<script> [1562 bytes]","args":[{"selector":{"controlType":"sap.m.GenericTile","properties":{"header":"Manage Contracts"}},"wdio_ui5_key":"sapm.GenericTile{\"header\":\"Manage Contracts\"}"}]}
RESULT: {"script":"<script> [1562 bytes]","args":[{"selector":{"controlType":"sap.m.GenericTile","properties":{"header":"Manage Contracts"}},"wdio_ui5_key":"sapm.GenericTile{\"header\":\"Manage Contracts\"}"}]}
RESULT: undefined
COMMAND: POST /session/7f6ec3857c10649f26842f36b7e75a4c/element - {"using":"xpath","value":"//*[@id=\"__tile131\"]"}
RESULT: {"using":"xpath","value":"//*[@id=\"__tile131\"]"}
COMMAND: POST /session/7f6ec3857c10649f26842f36b7e75a4c/element/f.4BE7CB3E9946CAC77AC1BA1FEFE24C33.d.AC2D40E4C563C29F36187D02D5C6463F.e.15862/click - {}
RESULT: {}
COMMAND: GET /session/7f6ec3857c10649f26842f36b7e75a4c/screenshot - {}
RESULT: {}
COMMAND: POST /session/7f6ec3857c10649f26842f36b7e75a4c/elements - {"using":"xpath","value":"//span[text()='Error']"}
RESULT: {"using":"xpath","value":"//span[text()='Error']"}
COMMAND: POST /session/7f6ec3857c10649f26842f36b7e75a4c/element - {"using":"xpath","value":"//button[@data-kt=\"addButton\"]"}
RESULT: {"using":"xpath","value":"//button[@data-kt=\"addButton\"]"}
COMMAND: POST /session/7f6ec3857c10649f26842f36b7e75a4c/elements - {"using":"xpath","value":"//button[@data-kt=\"addButton\"]"}
RESULT: {"using":"xpath","value":"//button[@data-kt=\"addButton\"]"}
COMMAND: POST /session/7f6ec3857c10649f26842f36b7e75a4c/execute/sync - {"script":"<script> [8489 bytes]","args":[{"element-6066-11e4-a52e-4f735466cecf":"f.4BE7CB3E9946CAC77AC1BA1FEFE24C33.d.AC2D40E4C563C29F36187D02D5C6463F.e.17302","ELEMENT":"f.4BE7CB3E9946CAC77AC1BA1FEFE24C33.d.AC2D40E4C563C29F36187D02D5C6463F.e.17302"}]}
RESULT: {"script":"<script> [8489 bytes]","args":[{"element-6066-11e4-a52e-4f735466cecf":"f.4BE7CB3E9946CAC77AC1BA1FEFE24C33.d.AC2D40E4C563C29F36187D02D5C6463F.e.17302","ELEMENT":"f.4BE7CB3E9946CAC77AC1BA1FEFE24C33.d.AC2D40E4C563C29F36187D02D5C6463F.e.17302"}]}
COMMAND: GET /session/7f6ec3857c10649f26842f36b7e75a4c/element/f.4BE7CB3E9946CAC77AC1BA1FEFE24C33.d.AC2D40E4C563C29F36187D02D5C6463F.e.17302/enabled - {}
COMMAND: GET /session/7f6ec3857c10649f26842f36b7e75a4c/screenshot - {}
RESULT: {}
COMMAND: POST /session/7f6ec3857c10649f26842f36b7e75a4c/execute/sync - {"script":"<script> [8489 bytes]","args":[{"element-6066-11e4-a52e-4f735466cecf":"f.4BE7CB3E9946CAC77AC1BA1FEFE24C33.d.AC2D40E4C563C29F36187D02D5C6463F.e.17302","ELEMENT":"f.4BE7CB3E9946CAC77AC1BA1FEFE24C33.d.AC2D40E4C563C29F36187D02D5C6463F.e.17302"}]}
COMMAND: GET /session/7f6ec3857c10649f26842f36b7e75a4c/screenshot - {}
RESULT: {}
RESULT: {"script":"<script> [8489 bytes]","args":[{"element-6066-11e4-a52e-4f735466cecf":"f.4BE7CB3E9946CAC77AC1BA1FEFE24C33.d.AC2D40E4C563C29F36187D02D5C6463F.e.17302","ELEMENT":"f.4BE7CB3E9946CAC77AC1BA1FEFE24C33.d.AC2D40E4C563C29F36187D02D5C6463F.e.17302"}]}
COMMAND: POST /session/7f6ec3857c10649f26842f36b7e75a4c/execute/sync - {"script":"<script> [5351 bytes]","args":[{"element-6066-11e4-a52e-4f735466cecf":"f.4BE7CB3E9946CAC77AC1BA1FEFE24C33.d.AC2D40E4C563C29F36187D02D5C6463F.e.17302","ELEMENT":"f.4BE7CB3E9946CAC77AC1BA1FEFE24C33.d.AC2D40E4C563C29F36187D02D5C6463F.e.17302"}]}
COMMAND: GET /session/7f6ec3857c10649f26842f36b7e75a4c/screenshot - {}
RESULT: {}
RESULT: {"script":"<script> [5351 bytes]","args":[{"element-6066-11e4-a52e-4f735466cecf":"f.4BE7CB3E9946CAC77AC1BA1FEFE24C33.d.AC2D40E4C563C29F36187D02D5C6463F.e.17302","ELEMENT":"f.4BE7CB3E9946CAC77AC1BA1FEFE24C33.d.AC2D40E4C563C29F36187D02D5C6463F.e.17302"}]}
COMMAND: GET /session/7f6ec3857c10649f26842f36b7e75a4c/screenshot - {}
RESULT: {}
RESULT: {}
COMMAND: POST /session/7f6ec3857c10649f26842f36b7e75a4c/element/f.4BE7CB3E9946CAC77AC1BA1FEFE24C33.d.AC2D40E4C563C29F36187D02D5C6463F.e.17302/click - {}
RESULT: {}
COMMAND: GET /session/7f6ec3857c10649f26842f36b7e75a4c/screenshot - {}
RESULT: {}
COMMAND: POST /session/7f6ec3857c10649f26842f36b7e75a4c/execute/async - {"script":"<script> [1562 bytes]","args":[{"selector":{"id":"application-managecontracts-display-component---AddNewContract--projectDescription","interaction":{"idSuffix":"inner"}},"wdio_ui5_key":"applicationmanagecontracts-display-component---AddNewContract--projectDescription"}]}
RESULT: {"script":"<script> [1562 bytes]","args":[{"selector":{"id":"application-managecontracts-display-component---AddNewContract--projectDescription","interaction":{"idSuffix":"inner"}},"wdio_ui5_key":"applicationmanagecontracts-display-component---AddNewContract--projectDescription"}]}
RESULT: undefined
COMMAND: POST /session/7f6ec3857c10649f26842f36b7e75a4c/execute/async - {"script":"<script> [776 bytes]","args":[{"enterText":"Contract WDIO","selector":{"id":"application-managecontracts-display-component---AddNewContract--projectDescription","interaction":{"idSuffix":"inner"}},"clearTextFirst":true,"interactionType":"ENTER_TEXT"}]}
RESULT: {"script":"<script> [776 bytes]","args":[{"enterText":"Contract WDIO","selector":{"id":"application-managecontracts-display-component---AddNewContract--projectDescription","interaction":{"idSuffix":"inner"}},"clearTextFirst":true,"interactionType":"ENTER_TEXT"}]}
COMMAND: POST /session/7f6ec3857c10649f26842f36b7e75a4c/element - {"using":"xpath","value":"//input[@id=\"application-managecontracts-display-component---AddNewContract--site-inner\"]"}
RESULT: {"using":"xpath","value":"//input[@id=\"application-managecontracts-display-component---AddNewContract--site-inner\"]"}
COMMAND: POST /session/7f6ec3857c10649f26842f36b7e75a4c/element/f.4BE7CB3E9946CAC77AC1BA1FEFE24C33.d.AC2D40E4C563C29F36187D02D5C6463F.e.17663/clear - {}
RESULT: {}
COMMAND: POST /session/7f6ec3857c10649f26842f36b7e75a4c/element/f.4BE7CB3E9946CAC77AC1BA1FEFE24C33.d.AC2D40E4C563C29F36187D02D5C6463F.e.17663/value - {"text":"2165"}
COMMAND: GET /session/7f6ec3857c10649f26842f36b7e75a4c/screenshot - {}
RESULT: {"text":"2165"}
COMMAND: GET /session/7f6ec3857c10649f26842f36b7e75a4c/screenshot - {}
RESULT: {}
RESULT: {}
COMMAND: POST /session/7f6ec3857c10649f26842f36b7e75a4c/element - {"using":"xpath","value":"//li[.//span[text()='2165']]"}
RESULT: {"using":"xpath","value":"//li[.//span[text()='2165']]"}
COMMAND: POST /session/7f6ec3857c10649f26842f36b7e75a4c/element/f.4BE7CB3E9946CAC77AC1BA1FEFE24C33.d.AC2D40E4C563C29F36187D02D5C6463F.e.17695/click - {}
RESULT: {}
COMMAND: GET /session/7f6ec3857c10649f26842f36b7e75a4c/screenshot - {}
RESULT: {}
COMMAND: POST /session/7f6ec3857c10649f26842f36b7e75a4c/element - {"using":"xpath","value":"//input[@id=\"application-managecontracts-display-component---AddNewContract--yardId-inner\"]"}
RESULT: {"using":"xpath","value":"//input[@id=\"application-managecontracts-display-component---AddNewContract--yardId-inner\"]"}
COMMAND: GET /session/7f6ec3857c10649f26842f36b7e75a4c/element/f.4BE7CB3E9946CAC77AC1BA1FEFE24C33.d.AC2D40E4C563C29F36187D02D5C6463F.e.17664/property/value - {}
RESULT: {}
COMMAND: POST /session/7f6ec3857c10649f26842f36b7e75a4c/element - {"using":"xpath","value":"//input[@id=\"application-managecontracts-display-component---AddNewContract--customerSelect-inner\"]"}
COMMAND: GET /session/7f6ec3857c10649f26842f36b7e75a4c/screenshot - {}
RESULT: {"using":"xpath","value":"//input[@id=\"application-managecontracts-display-component---AddNewContract--customerSelect-inner\"]"}
COMMAND: POST /session/7f6ec3857c10649f26842f36b7e75a4c/element/f.4BE7CB3E9946CAC77AC1BA1FEFE24C33.d.AC2D40E4C563C29F36187D02D5C6463F.e.17662/clear - {}
RESULT: {}
RESULT: {}
COMMAND: POST /session/7f6ec3857c10649f26842f36b7e75a4c/element/f.4BE7CB3E9946CAC77AC1BA1FEFE24C33.d.AC2D40E4C563C29F36187D02D5C6463F.e.17662/value - {"text":"1202"}
COMMAND: GET /session/7f6ec3857c10649f26842f36b7e75a4c/screenshot - {}
RESULT: {"text":"1202"}
COMMAND: GET /session/7f6ec3857c10649f26842f36b7e75a4c/screenshot - {}
RESULT: {}
RESULT: {}
COMMAND: POST /session/7f6ec3857c10649f26842f36b7e75a4c/element - {"using":"xpath","value":"//li[.//span[text()='1202']]"}
RESULT: {"using":"xpath","value":"//li[.//span[text()='1202']]"}
COMMAND: POST /session/7f6ec3857c10649f26842f36b7e75a4c/element/f.4BE7CB3E9946CAC77AC1BA1FEFE24C33.d.AC2D40E4C563C29F36187D02D5C6463F.e.17698/click - {}
RESULT: {}
COMMAND: GET /session/7f6ec3857c10649f26842f36b7e75a4c/screenshot - {}
RESULT: {}
COMMAND: POST /session/7f6ec3857c10649f26842f36b7e75a4c/element - {"using":"xpath","value":"//button[@data-kt=\"saveButton\"]"}
RESULT: {"using":"xpath","value":"//button[@data-kt=\"saveButton\"]"}
COMMAND: POST /session/7f6ec3857c10649f26842f36b7e75a4c/element/f.4BE7CB3E9946CAC77AC1BA1FEFE24C33.d.AC2D40E4C563C29F36187D02D5C6463F.e.17699/click - {}
RESULT: {}
COMMAND: GET /session/7f6ec3857c10649f26842f36b7e75a4c/screenshot - {}
RESULT: {}
COMMAND: POST /session/7f6ec3857c10649f26842f36b7e75a4c/element - {"using":"xpath","value":"//span[contains(@id ,\"contractDetailTitleNoExpanded\")]"}
RESULT: {"using":"xpath","value":"//span[contains(@id ,\"contractDetailTitleNoExpanded\")]"}
COMMAND: POST /session/7f6ec3857c10649f26842f36b7e75a4c/elements - {"using":"xpath","value":"//span[contains(@id ,\"contractDetailTitleNoExpanded\")]"}
RESULT: {"using":"xpath","value":"//span[contains(@id ,\"contractDetailTitleNoExpanded\")]"}
COMMAND: POST /session/7f6ec3857c10649f26842f36b7e75a4c/execute/sync - {"script":"<script> [56 bytes]","args":[{"element-6066-11e4-a52e-4f735466cecf":"f.4BE7CB3E9946CAC77AC1BA1FEFE24C33.d.AC2D40E4C563C29F36187D02D5C6463F.e.17768","ELEMENT":"f.4BE7CB3E9946CAC77AC1BA1FEFE24C33.d.AC2D40E4C563C29F36187D02D5C6463F.e.17768"}]}
RESULT: {"script":"<script> [56 bytes]","args":[{"element-6066-11e4-a52e-4f735466cecf":"f.4BE7CB3E9946CAC77AC1BA1FEFE24C33.d.AC2D40E4C563C29F36187D02D5C6463F.e.17768","ELEMENT":"f.4BE7CB3E9946CAC77AC1BA1FEFE24C33.d.AC2D40E4C563C29F36187D02D5C6463F.e.17768"}]}
COMMAND: GET /session/7f6ec3857c10649f26842f36b7e75a4c/screenshot - {}
RESULT: {}
]]></system-out>
    </testcase>
    <testcase classname="chrome.136_0_7103_49.windows.Provide_to_Site_w/o_warehouse_management_w/o_clarification" name="Should add equipment to the contract" time="56.782">
      <system-out><![CDATA[
COMMAND: POST /session/7f6ec3857c10649f26842f36b7e75a4c/element - {"using":"xpath","value":"//button[@data-kt=\"contractDetailEditBtnButton\"]"}
RESULT: {"using":"xpath","value":"//button[@data-kt=\"contractDetailEditBtnButton\"]"}
COMMAND: POST /session/7f6ec3857c10649f26842f36b7e75a4c/element/f.4BE7CB3E9946CAC77AC1BA1FEFE24C33.d.AC2D40E4C563C29F36187D02D5C6463F.e.17771/click - {}
RESULT: {}
COMMAND: GET /session/7f6ec3857c10649f26842f36b7e75a4c/screenshot - {}
RESULT: {}
COMMAND: POST /session/7f6ec3857c10649f26842f36b7e75a4c/element - {"using":"xpath","value":"(//span[contains(text(), \"Additional Addresses\")])[2]"}
RESULT: {"using":"xpath","value":"(//span[contains(text(), \"Additional Addresses\")])[2]"}
COMMAND: POST /session/7f6ec3857c10649f26842f36b7e75a4c/element/f.4BE7CB3E9946CAC77AC1BA1FEFE24C33.d.AC2D40E4C563C29F36187D02D5C6463F.e.17825/click - {}
RESULT: {}
COMMAND: GET /session/7f6ec3857c10649f26842f36b7e75a4c/screenshot - {}
RESULT: {}
COMMAND: POST /session/7f6ec3857c10649f26842f36b7e75a4c/element - {"using":"xpath","value":"//button[@data-kt=\"btnAddTableRowOverflowToolbarButton\"]"}
RESULT: {"using":"xpath","value":"//button[@data-kt=\"btnAddTableRowOverflowToolbarButton\"]"}
COMMAND: POST /session/7f6ec3857c10649f26842f36b7e75a4c/element/f.4BE7CB3E9946CAC77AC1BA1FEFE24C33.d.AC2D40E4C563C29F36187D02D5C6463F.e.17829/click - {}
RESULT: {}
COMMAND: GET /session/7f6ec3857c10649f26842f36b7e75a4c/screenshot - {}
RESULT: {}
COMMAND: POST /session/7f6ec3857c10649f26842f36b7e75a4c/element - {"using":"xpath","value":"//div[(text() = 'Standard Entry' or . = 'Standard Entry')]"}
RESULT: {"using":"xpath","value":"//div[(text() = 'Standard Entry' or . = 'Standard Entry')]"}
COMMAND: POST /session/7f6ec3857c10649f26842f36b7e75a4c/element/f.4BE7CB3E9946CAC77AC1BA1FEFE24C33.d.AC2D40E4C563C29F36187D02D5C6463F.e.17831/click - {}
RESULT: {}
COMMAND: GET /session/7f6ec3857c10649f26842f36b7e75a4c/screenshot - {}
RESULT: {}
COMMAND: POST /session/7f6ec3857c10649f26842f36b7e75a4c/element - {"using":"xpath","value":"//td[6]/div/div/div/span"}
RESULT: {"using":"xpath","value":"//td[6]/div/div/div/span"}
COMMAND: POST /session/7f6ec3857c10649f26842f36b7e75a4c/element/f.4BE7CB3E9946CAC77AC1BA1FEFE24C33.d.AC2D40E4C563C29F36187D02D5C6463F.e.17843/click - {}
RESULT: {}
COMMAND: GET /session/7f6ec3857c10649f26842f36b7e75a4c/screenshot - {}
RESULT: {}
COMMAND: POST /session/7f6ec3857c10649f26842f36b7e75a4c/element - {"using":"xpath","value":"(//span[contains(text(), \"Material\")])"}
RESULT: {"using":"xpath","value":"(//span[contains(text(), \"Material\")])"}
COMMAND: POST /session/7f6ec3857c10649f26842f36b7e75a4c/element/f.4BE7CB3E9946CAC77AC1BA1FEFE24C33.d.AC2D40E4C563C29F36187D02D5C6463F.e.17844/click - {}
RESULT: {}
COMMAND: GET /session/7f6ec3857c10649f26842f36b7e75a4c/screenshot - {}
RESULT: {}
COMMAND: POST /session/7f6ec3857c10649f26842f36b7e75a4c/element - {"using":"xpath","value":"//td[7]/div/div/input"}
RESULT: {"using":"xpath","value":"//td[7]/div/div/input"}
COMMAND: POST /session/7f6ec3857c10649f26842f36b7e75a4c/element/f.4BE7CB3E9946CAC77AC1BA1FEFE24C33.d.AC2D40E4C563C29F36187D02D5C6463F.e.17848/clear - {}
RESULT: {}
COMMAND: POST /session/7f6ec3857c10649f26842f36b7e75a4c/element/f.4BE7CB3E9946CAC77AC1BA1FEFE24C33.d.AC2D40E4C563C29F36187D02D5C6463F.e.17848/value - {"text":"200172"}
COMMAND: GET /session/7f6ec3857c10649f26842f36b7e75a4c/screenshot - {}
RESULT: {"text":"200172"}
COMMAND: GET /session/7f6ec3857c10649f26842f36b7e75a4c/screenshot - {}
RESULT: {}
RESULT: {}
COMMAND: POST /session/7f6ec3857c10649f26842f36b7e75a4c/actions - {"actions":[{"id":"action55","type":"key","parameters":{},"actions":[{"type":"keyDown","value":"î€‡"},{"type":"pause","duration":10},{"type":"keyUp","value":"î€‡"}]}]}
RESULT: {"actions":[{"id":"action55","type":"key","parameters":{},"actions":[{"type":"keyDown","value":"î€‡"},{"type":"pause","duration":10},{"type":"keyUp","value":"î€‡"}]}]}
COMMAND: GET /session/7f6ec3857c10649f26842f36b7e75a4c/screenshot - {}
RESULT: {}
COMMAND: POST /session/7f6ec3857c10649f26842f36b7e75a4c/execute/sync - {"script":"<script> [276 bytes]","args":["No pricing information was found"]}
RESULT: {"script":"<script> [276 bytes]","args":["No pricing information was found"]}
COMMAND: POST /session/7f6ec3857c10649f26842f36b7e75a4c/element - {"using":"xpath","value":"//bdi[contains(text(), \"OK\")]"}
COMMAND: GET /session/7f6ec3857c10649f26842f36b7e75a4c/screenshot - {}
RESULT: {"using":"xpath","value":"//bdi[contains(text(), \"OK\")]"}
COMMAND: POST /session/7f6ec3857c10649f26842f36b7e75a4c/element/f.4BE7CB3E9946CAC77AC1BA1FEFE24C33.d.AC2D40E4C563C29F36187D02D5C6463F.e.17874/click - {}
RESULT: {}
RESULT: {}
COMMAND: GET /session/7f6ec3857c10649f26842f36b7e75a4c/screenshot - {}
RESULT: {}
COMMAND: POST /session/7f6ec3857c10649f26842f36b7e75a4c/element - {"using":"xpath","value":"(//button[@data-kt=\"saveButton\"])[2]"}
RESULT: {"using":"xpath","value":"(//button[@data-kt=\"saveButton\"])[2]"}
COMMAND: POST /session/7f6ec3857c10649f26842f36b7e75a4c/element/f.4BE7CB3E9946CAC77AC1BA1FEFE24C33.d.AC2D40E4C563C29F36187D02D5C6463F.e.17875/click - {}
RESULT: {}
COMMAND: GET /session/7f6ec3857c10649f26842f36b7e75a4c/screenshot - {}
RESULT: {}
COMMAND: POST /session/7f6ec3857c10649f26842f36b7e75a4c/execute/sync - {"script":"<script> [276 bytes]","args":["Some contract items are having rental validity exceeding header rental validity"]}
RESULT: {"script":"<script> [276 bytes]","args":["Some contract items are having rental validity exceeding header rental validity"]}
COMMAND: GET /session/7f6ec3857c10649f26842f36b7e75a4c/screenshot - {}
RESULT: {}
COMMAND: POST /session/7f6ec3857c10649f26842f36b7e75a4c/element - {"using":"xpath","value":"//span[contains(@id ,\"contractItemsSmartTable-header-inner\")]"}
RESULT: {"using":"xpath","value":"//span[contains(@id ,\"contractItemsSmartTable-header-inner\")]"}
COMMAND: POST /session/7f6ec3857c10649f26842f36b7e75a4c/elements - {"using":"xpath","value":"//span[contains(@id ,\"contractItemsSmartTable-header-inner\")]"}
RESULT: {"using":"xpath","value":"//span[contains(@id ,\"contractItemsSmartTable-header-inner\")]"}
COMMAND: POST /session/7f6ec3857c10649f26842f36b7e75a4c/execute/sync - {"script":"<script> [56 bytes]","args":[{"element-6066-11e4-a52e-4f735466cecf":"f.4BE7CB3E9946CAC77AC1BA1FEFE24C33.d.AC2D40E4C563C29F36187D02D5C6463F.e.17880","ELEMENT":"f.4BE7CB3E9946CAC77AC1BA1FEFE24C33.d.AC2D40E4C563C29F36187D02D5C6463F.e.17880"}]}
RESULT: {"script":"<script> [56 bytes]","args":[{"element-6066-11e4-a52e-4f735466cecf":"f.4BE7CB3E9946CAC77AC1BA1FEFE24C33.d.AC2D40E4C563C29F36187D02D5C6463F.e.17880","ELEMENT":"f.4BE7CB3E9946CAC77AC1BA1FEFE24C33.d.AC2D40E4C563C29F36187D02D5C6463F.e.17880"}]}
COMMAND: GET /session/7f6ec3857c10649f26842f36b7e75a4c/screenshot - {}
]]></system-out>
    </testcase>
    <testcase classname="chrome.136_0_7103_49.windows.Provide_to_Site_w/o_warehouse_management_w/o_clarification" name="Should test for Clarification" time="0.007">
      <system-out><![CDATA[
COMMAND: GET /session/7f6ec3857c10649f26842f36b7e75a4c/screenshot - {}
COMMAND: POST /session/7f6ec3857c10649f26842f36b7e75a4c/element - {"using":"css selector","value":"#j_username"}
COMMAND: POST /session/7f6ec3857c10649f26842f36b7e75a4c/url - {"url":"https://qa-testing-00-live-etm-ui.cfapps.eu10-004.hana.ondemand.com/"}
COMMAND: GET /session/7f6ec3857c10649f26842f36b7e75a4c/screenshot - {}
RESULT: {}
RESULT: {}
RESULT: {"url":"https://qa-testing-00-live-etm-ui.cfapps.eu10-004.hana.ondemand.com/"}
RESULT: undefined
COMMAND: GET /session/7f6ec3857c10649f26842f36b7e75a4c/screenshot - {}
RESULT: {"using":"css selector","value":"#j_username"}
COMMAND: POST /session/7f6ec3857c10649f26842f36b7e75a4c/element - {"using":"css selector","value":"#j_username"}
RESULT: {}
RESULT: {"using":"css selector","value":"#j_username"}
COMMAND: POST /session/7f6ec3857c10649f26842f36b7e75a4c/element - {"using":"css selector","value":"#shell-header-logo"}
RESULT: {"using":"css selector","value":"#shell-header-logo"}
COMMAND: POST /session/7f6ec3857c10649f26842f36b7e75a4c/execute/sync - {"script":"<script> [8489 bytes]","args":[{"element-6066-11e4-a52e-4f735466cecf":"f.4BE7CB3E9946CAC77AC1BA1FEFE24C33.d.EB2FED126CDFF95CB20192CAF23F7B5C.e.18260","ELEMENT":"f.4BE7CB3E9946CAC77AC1BA1FEFE24C33.d.EB2FED126CDFF95CB20192CAF23F7B5C.e.18260"}]}
RESULT: {"script":"<script> [8489 bytes]","args":[{"element-6066-11e4-a52e-4f735466cecf":"f.4BE7CB3E9946CAC77AC1BA1FEFE24C33.d.EB2FED126CDFF95CB20192CAF23F7B5C.e.18260","ELEMENT":"f.4BE7CB3E9946CAC77AC1BA1FEFE24C33.d.EB2FED126CDFF95CB20192CAF23F7B5C.e.18260"}]}
COMMAND: POST /session/7f6ec3857c10649f26842f36b7e75a4c/element - {"using":"css selector","value":"#shell-header-logo"}
COMMAND: GET /session/7f6ec3857c10649f26842f36b7e75a4c/screenshot - {}
RESULT: {"using":"css selector","value":"#shell-header-logo"}
COMMAND: POST /session/7f6ec3857c10649f26842f36b7e75a4c/execute/sync - {"script":"<script> [8489 bytes]","args":[{"element-6066-11e4-a52e-4f735466cecf":"f.4BE7CB3E9946CAC77AC1BA1FEFE24C33.d.EB2FED126CDFF95CB20192CAF23F7B5C.e.18260","ELEMENT":"f.4BE7CB3E9946CAC77AC1BA1FEFE24C33.d.EB2FED126CDFF95CB20192CAF23F7B5C.e.18260"}]}
RESULT: {}
RESULT: {"script":"<script> [8489 bytes]","args":[{"element-6066-11e4-a52e-4f735466cecf":"f.4BE7CB3E9946CAC77AC1BA1FEFE24C33.d.EB2FED126CDFF95CB20192CAF23F7B5C.e.18260","ELEMENT":"f.4BE7CB3E9946CAC77AC1BA1FEFE24C33.d.EB2FED126CDFF95CB20192CAF23F7B5C.e.18260"}]}
COMMAND: POST /session/7f6ec3857c10649f26842f36b7e75a4c/execute/sync - {"script":"<script> [5351 bytes]","args":[{"element-6066-11e4-a52e-4f735466cecf":"f.4BE7CB3E9946CAC77AC1BA1FEFE24C33.d.EB2FED126CDFF95CB20192CAF23F7B5C.e.18260","ELEMENT":"f.4BE7CB3E9946CAC77AC1BA1FEFE24C33.d.EB2FED126CDFF95CB20192CAF23F7B5C.e.18260"}]}
COMMAND: GET /session/7f6ec3857c10649f26842f36b7e75a4c/screenshot - {}
RESULT: {"script":"<script> [5351 bytes]","args":[{"element-6066-11e4-a52e-4f735466cecf":"f.4BE7CB3E9946CAC77AC1BA1FEFE24C33.d.EB2FED126CDFF95CB20192CAF23F7B5C.e.18260","ELEMENT":"f.4BE7CB3E9946CAC77AC1BA1FEFE24C33.d.EB2FED126CDFF95CB20192CAF23F7B5C.e.18260"}]}
COMMAND: POST /session/7f6ec3857c10649f26842f36b7e75a4c/element - {"using":"css selector","value":"#shell-header-logo"}
COMMAND: GET /session/7f6ec3857c10649f26842f36b7e75a4c/screenshot - {}
RESULT: {}
RESULT: {"using":"css selector","value":"#shell-header-logo"}
COMMAND: POST /session/7f6ec3857c10649f26842f36b7e75a4c/element/f.4BE7CB3E9946CAC77AC1BA1FEFE24C33.d.EB2FED126CDFF95CB20192CAF23F7B5C.e.18260/click - {}
RESULT: {}
RESULT: {}
COMMAND: GET /session/7f6ec3857c10649f26842f36b7e75a4c/screenshot - {}
RESULT: {}
COMMAND: POST /session/7f6ec3857c10649f26842f36b7e75a4c/execute/async - {"script":"<script> [189 bytes]","args":[]}
RESULT: {"script":"<script> [189 bytes]","args":[]}
COMMAND: POST /session/7f6ec3857c10649f26842f36b7e75a4c/execute/async - {"script":"<script> [123 bytes]","args":[]}
RESULT: {"script":"<script> [123 bytes]","args":[]}
COMMAND: POST /session/7f6ec3857c10649f26842f36b7e75a4c/timeouts - {"script":"<number>"}
RESULT: {"script":"<number>"}
COMMAND: GET /session/7f6ec3857c10649f26842f36b7e75a4c/timeouts - {}
RESULT: {}
RESULT: undefined
COMMAND: POST /session/7f6ec3857c10649f26842f36b7e75a4c/execute/async - {"script":"<script> [2676 bytes]","args":[]}
RESULT: {"script":"<script> [2676 bytes]","args":[]}
COMMAND: POST /session/7f6ec3857c10649f26842f36b7e75a4c/execute/async - {"script":"<script> [2342 bytes]","args":[{"protocol":"http","hostname":"0.0.0.0","path":"/","capabilities":{"browserName":"chrome","goog:chromeOptions":{"binary":"C:\\Program Files\\Google\\Chrome\\Application\\chrome.exe","args":["--start-maximized"]}},"logLevel":"warn","connectionRetryTimeout":120000,"connectionRetryCount":3,"logLevels":{},"enableDirectConnect":true,"strictSSL":true,"_":"65 more keys: [\"cacheDir\",\"port\",\"requestedCapabilities\",\"automationProtocol\",\"baseUrl\",\"waitforInterval\",\"waitforTimeout\",\"onReload\",\"beforeCommand\",\"afterCommand\",\"rootDir\",\"specs\",\"suites\",\"exclude\",\"groupLogsByTestSpec\",\"excludeDriverLogs\",\"bail\",\"framework\",\"reporters\",\"services\",\"maxInstances\",\"maxInstancesPerCapability\",\"injectGlobals\",\"filesToWatch\",\"execArgv\",\"runnerEnv\",\"runner\",\"shard\",\"specFileRetries\",\"specFileRetriesDelay\",\"specFileRetriesDeferred\",\"reporterSyncInterval\",\"reporterSyncTimeout\",\"cucumberFeaturesWithLineNumbers\",\"autoCompileOpts\",\"mochaOpts\",\"jasmineOpts\",\"cucumberOpts\",\"onPrepare\",\"onWorkerStart\",\"onWorkerEnd\",\"before\",\"beforeSession\",\"beforeSuite\",\"beforeHook\",\"beforeTest\",\"afterTest\",\"afterHook\",\"afterSuite\",\"afterSession\",\"after\",\"onComplete\",\"beforeAssertion\",\"afterAssertion\",\"beforeFeature\",\"beforeScenario\",\"beforeStep\",\"afterStep\",\"afterScenario\",\"afterFeature\",\"_\",\"suite\",\"$0\",\"ignoredWorkerServices\",\"wdi5\"]"}]}
RESULT: {"script":"<script> [2342 bytes]","args":[{"protocol":"http","hostname":"0.0.0.0","path":"/","capabilities":{"browserName":"chrome","goog:chromeOptions":{"binary":"C:\\Program Files\\Google\\Chrome\\Application\\chrome.exe","args":["--start-maximized"]}},"logLevel":"warn","connectionRetryTimeout":120000,"connectionRetryCount":3,"logLevels":{},"enableDirectConnect":true,"strictSSL":true,"_":"65 more keys: [\"cacheDir\",\"port\",\"requestedCapabilities\",\"automationProtocol\",\"baseUrl\",\"waitforInterval\",\"waitforTimeout\",\"onReload\",\"beforeCommand\",\"afterCommand\",\"rootDir\",\"specs\",\"suites\",\"exclude\",\"groupLogsByTestSpec\",\"excludeDriverLogs\",\"bail\",\"framework\",\"reporters\",\"services\",\"maxInstances\",\"maxInstancesPerCapability\",\"injectGlobals\",\"filesToWatch\",\"execArgv\",\"runnerEnv\",\"runner\",\"shard\",\"specFileRetries\",\"specFileRetriesDelay\",\"specFileRetriesDeferred\",\"reporterSyncInterval\",\"reporterSyncTimeout\",\"cucumberFeaturesWithLineNumbers\",\"autoCompileOpts\",\"mochaOpts\",\"jasmineOpts\",\"cucumberOpts\",\"onPrepare\",\"onWorkerStart\",\"onWorkerEnd\",\"before\",\"beforeSession\",\"beforeSuite\",\"beforeHook\",\"beforeTest\",\"afterTest\",\"afterHook\",\"afterSuite\",\"afterSession\",\"after\",\"onComplete\",\"beforeAssertion\",\"afterAssertion\",\"beforeFeature\",\"beforeScenario\",\"beforeStep\",\"afterStep\",\"afterScenario\",\"afterFeature\",\"_\",\"suite\",\"$0\",\"ignoredWorkerServices\",\"wdi5\"]"}]}
COMMAND: POST /session/7f6ec3857c10649f26842f36b7e75a4c/execute/async - {"script":"<script> [21126 bytes]","args":[35000]}
RESULT: {"script":"<script> [21126 bytes]","args":[35000]}
COMMAND: POST /session/7f6ec3857c10649f26842f36b7e75a4c/window/maximize - {}
RESULT: {}
COMMAND: POST /session/7f6ec3857c10649f26842f36b7e75a4c/execute/async - {"script":"<script> [1562 bytes]","args":[{"selector":{"id":"shell-header","interaction":{"idSuffix":"icon"}},"wdio_ui5_key":"shellheader"}]}
COMMAND: GET /session/7f6ec3857c10649f26842f36b7e75a4c/screenshot - {}
RESULT: {"script":"<script> [1562 bytes]","args":[{"selector":{"id":"shell-header","interaction":{"idSuffix":"icon"}},"wdio_ui5_key":"shellheader"}]}
RESULT: undefined
COMMAND: POST /session/7f6ec3857c10649f26842f36b7e75a4c/refresh - {}
RESULT: {}
RESULT: {}
COMMAND: GET /session/7f6ec3857c10649f26842f36b7e75a4c/screenshot - {}
RESULT: {}
COMMAND: POST /session/7f6ec3857c10649f26842f36b7e75a4c/refresh - {}
RESULT: {}
COMMAND: GET /session/7f6ec3857c10649f26842f36b7e75a4c/screenshot - {}
RESULT: {}
COMMAND: POST /session/7f6ec3857c10649f26842f36b7e75a4c/window/fullscreen - {}
RESULT: {}
COMMAND: POST /session/7f6ec3857c10649f26842f36b7e75a4c/execute/async - {"script":"<script> [189 bytes]","args":[]}
RESULT: {"script":"<script> [189 bytes]","args":[]}
COMMAND: POST /session/7f6ec3857c10649f26842f36b7e75a4c/execute/async - {"script":"<script> [123 bytes]","args":[]}
RESULT: {"script":"<script> [123 bytes]","args":[]}
COMMAND: POST /session/7f6ec3857c10649f26842f36b7e75a4c/timeouts - {"script":"<number>"}
RESULT: {"script":"<number>"}
COMMAND: GET /session/7f6ec3857c10649f26842f36b7e75a4c/timeouts - {}
RESULT: {}
RESULT: undefined
COMMAND: POST /session/7f6ec3857c10649f26842f36b7e75a4c/execute/async - {"script":"<script> [2676 bytes]","args":[]}
RESULT: {"script":"<script> [2676 bytes]","args":[]}
COMMAND: POST /session/7f6ec3857c10649f26842f36b7e75a4c/execute/async - {"script":"<script> [2342 bytes]","args":[{"protocol":"http","hostname":"0.0.0.0","path":"/","capabilities":{"browserName":"chrome","goog:chromeOptions":{"binary":"C:\\Program Files\\Google\\Chrome\\Application\\chrome.exe","args":["--start-maximized"]}},"logLevel":"warn","connectionRetryTimeout":120000,"connectionRetryCount":3,"logLevels":{},"enableDirectConnect":true,"strictSSL":true,"_":"65 more keys: [\"cacheDir\",\"port\",\"requestedCapabilities\",\"automationProtocol\",\"baseUrl\",\"waitforInterval\",\"waitforTimeout\",\"onReload\",\"beforeCommand\",\"afterCommand\",\"rootDir\",\"specs\",\"suites\",\"exclude\",\"groupLogsByTestSpec\",\"excludeDriverLogs\",\"bail\",\"framework\",\"reporters\",\"services\",\"maxInstances\",\"maxInstancesPerCapability\",\"injectGlobals\",\"filesToWatch\",\"execArgv\",\"runnerEnv\",\"runner\",\"shard\",\"specFileRetries\",\"specFileRetriesDelay\",\"specFileRetriesDeferred\",\"reporterSyncInterval\",\"reporterSyncTimeout\",\"cucumberFeaturesWithLineNumbers\",\"autoCompileOpts\",\"mochaOpts\",\"jasmineOpts\",\"cucumberOpts\",\"onPrepare\",\"onWorkerStart\",\"onWorkerEnd\",\"before\",\"beforeSession\",\"beforeSuite\",\"beforeHook\",\"beforeTest\",\"afterTest\",\"afterHook\",\"afterSuite\",\"afterSession\",\"after\",\"onComplete\",\"beforeAssertion\",\"afterAssertion\",\"beforeFeature\",\"beforeScenario\",\"beforeStep\",\"afterStep\",\"afterScenario\",\"afterFeature\",\"_\",\"suite\",\"$0\",\"ignoredWorkerServices\",\"wdi5\"]"}]}
RESULT: {"script":"<script> [2342 bytes]","args":[{"protocol":"http","hostname":"0.0.0.0","path":"/","capabilities":{"browserName":"chrome","goog:chromeOptions":{"binary":"C:\\Program Files\\Google\\Chrome\\Application\\chrome.exe","args":["--start-maximized"]}},"logLevel":"warn","connectionRetryTimeout":120000,"connectionRetryCount":3,"logLevels":{},"enableDirectConnect":true,"strictSSL":true,"_":"65 more keys: [\"cacheDir\",\"port\",\"requestedCapabilities\",\"automationProtocol\",\"baseUrl\",\"waitforInterval\",\"waitforTimeout\",\"onReload\",\"beforeCommand\",\"afterCommand\",\"rootDir\",\"specs\",\"suites\",\"exclude\",\"groupLogsByTestSpec\",\"excludeDriverLogs\",\"bail\",\"framework\",\"reporters\",\"services\",\"maxInstances\",\"maxInstancesPerCapability\",\"injectGlobals\",\"filesToWatch\",\"execArgv\",\"runnerEnv\",\"runner\",\"shard\",\"specFileRetries\",\"specFileRetriesDelay\",\"specFileRetriesDeferred\",\"reporterSyncInterval\",\"reporterSyncTimeout\",\"cucumberFeaturesWithLineNumbers\",\"autoCompileOpts\",\"mochaOpts\",\"jasmineOpts\",\"cucumberOpts\",\"onPrepare\",\"onWorkerStart\",\"onWorkerEnd\",\"before\",\"beforeSession\",\"beforeSuite\",\"beforeHook\",\"beforeTest\",\"afterTest\",\"afterHook\",\"afterSuite\",\"afterSession\",\"after\",\"onComplete\",\"beforeAssertion\",\"afterAssertion\",\"beforeFeature\",\"beforeScenario\",\"beforeStep\",\"afterStep\",\"afterScenario\",\"afterFeature\",\"_\",\"suite\",\"$0\",\"ignoredWorkerServices\",\"wdi5\"]"}]}
COMMAND: POST /session/7f6ec3857c10649f26842f36b7e75a4c/execute/async - {"script":"<script> [21126 bytes]","args":[35000]}
RESULT: {"script":"<script> [21126 bytes]","args":[35000]}
]]></system-out>
    </testcase>
  </testsuite>
  <testsuite timestamp="2025-05-15T08:52:23" time="403.339" tests="8" failures="5" errors="5" skipped="0">
    <properties>
      <property name="specId" value="0" />
      <property name="suiteName" value="Return from Site w/ warehouse management w/ clarification US125588" />
      <property name="capabilities" value="chrome.136_0_7103_49.windows" />
      <property name="file" value="file:///D:/a/1/s/test/specs/HTR/return-from-site-w-warehouse-management-w-clarification.spec.js" />
    </properties>
    <testcase classname="chrome.136_0_7103_49.windows.Return_from_Site_w/_warehouse_management_w/_clarification_US125588" name="Should create a new WHM yard" time="0.01">
      <system-out><![CDATA[
COMMAND: POST /session/7f6ec3857c10649f26842f36b7e75a4c/window/fullscreen - {}
RESULT: {}
]]></system-out>
    </testcase>
    <testcase classname="chrome.136_0_7103_49.windows.Return_from_Site_w/_warehouse_management_w/_clarification_US125588" name="Should create a new external WHM partner" time="0.004" />
    <testcase classname="chrome.136_0_7103_49.windows.Return_from_Site_w/_warehouse_management_w/_clarification_US125588" name="Should create a new WHM site" time="0.004" />
  </testsuite>
  <testsuite timestamp="2025-05-15T08:59:06" time="445.61" tests="7" failures="7" errors="7" skipped="0">
    <properties>
      <property name="specId" value="0" />
      <property name="suiteName" value="Provide to Site w/ warehouse management w clarification" />
      <property name="capabilities" value="chrome.136_0_7103_49.windows" />
      <property name="file" value="file:///D:/a/1/s/test/specs/HTR/return-from-site-w-warehouse-management-w-clarification.spec.js" />
    </properties>
  </testsuite>
  <testsuite timestamp="2025-05-15T09:06:32" time="261.78" tests="9" failures="2" errors="2" skipped="0">
    <properties>
      <property name="specId" value="0" />
      <property name="suiteName" value="Create masterdata for Yard Overview - trigger provide US130988" />
      <property name="capabilities" value="chrome.136_0_7103_49.windows" />
      <property name="file" value="file:///D:/a/1/s/test/specs/HTR/stock-decrease.spec.js" />
    </properties>
    <testcase classname="chrome.136_0_7103_49.windows.Create_masterdata_for_Yard_Overview_-_trigger_provide_US130988" name="Should create a new WHM yard" time="0.013">
      <system-out><![CDATA[
COMMAND: POST /session/7f6ec3857c10649f26842f36b7e75a4c/window/fullscreen - {}
RESULT: {}
]]></system-out>
    </testcase>
    <testcase classname="chrome.136_0_7103_49.windows.Create_masterdata_for_Yard_Overview_-_trigger_provide_US130988" name="Should create a new partner" time="0.003" />
    <testcase classname="chrome.136_0_7103_49.windows.Create_masterdata_for_Yard_Overview_-_trigger_provide_US130988" name="Should create a new site" time="0.004" />
    <testcase classname="chrome.136_0_7103_49.windows.Create_masterdata_for_Yard_Overview_-_trigger_provide_US130988" name="Should create a new material" time="116.051">
      <system-out><![CDATA[
COMMAND: POST /session/7f6ec3857c10649f26842f36b7e75a4c/execute/async - {"script":"<script> [1562 bytes]","args":[{"selector":{"controlType":"sap.m.GenericTile","properties":{"header":"Manage Resources"}},"wdio_ui5_key":"sapm.GenericTile{\"header\":\"Manage Resources\"}"}]}
RESULT: {"script":"<script> [1562 bytes]","args":[{"selector":{"controlType":"sap.m.GenericTile","properties":{"header":"Manage Resources"}},"wdio_ui5_key":"sapm.GenericTile{\"header\":\"Manage Resources\"}"}]}
RESULT: undefined
COMMAND: POST /session/7f6ec3857c10649f26842f36b7e75a4c/element - {"using":"xpath","value":"//*[@id=\"__tile31\"]"}
RESULT: {"using":"xpath","value":"//*[@id=\"__tile31\"]"}
COMMAND: POST /session/7f6ec3857c10649f26842f36b7e75a4c/element/f.4BE7CB3E9946CAC77AC1BA1FEFE24C33.d.C28BE9190C251768F552AC31AF060CA5.e.19431/click - {}
RESULT: {}
COMMAND: GET /session/7f6ec3857c10649f26842f36b7e75a4c/screenshot - {}
RESULT: {}
COMMAND: POST /session/7f6ec3857c10649f26842f36b7e75a4c/elements - {"using":"xpath","value":"//span[text()='Error']"}
RESULT: {"using":"xpath","value":"//span[text()='Error']"}
COMMAND: POST /session/7f6ec3857c10649f26842f36b7e75a4c/element - {"using":"xpath","value":"//button[@data-kt=\"addNewRUOverflowToolbarButton\"]"}
RESULT: {"using":"xpath","value":"//button[@data-kt=\"addNewRUOverflowToolbarButton\"]"}
COMMAND: POST /session/7f6ec3857c10649f26842f36b7e75a4c/elements - {"using":"xpath","value":"//button[@data-kt=\"addNewRUOverflowToolbarButton\"]"}
RESULT: {"using":"xpath","value":"//button[@data-kt=\"addNewRUOverflowToolbarButton\"]"}
COMMAND: POST /session/7f6ec3857c10649f26842f36b7e75a4c/element - {"using":"xpath","value":"//button[@data-kt=\"addNewRUOverflowToolbarButton\"]"}
RESULT: {"using":"xpath","value":"//button[@data-kt=\"addNewRUOverflowToolbarButton\"]"}
COMMAND: POST /session/7f6ec3857c10649f26842f36b7e75a4c/execute/sync - {"script":"<script> [8489 bytes]","args":[{"element-6066-11e4-a52e-4f735466cecf":"f.4BE7CB3E9946CAC77AC1BA1FEFE24C33.d.C28BE9190C251768F552AC31AF060CA5.e.19572","ELEMENT":"f.4BE7CB3E9946CAC77AC1BA1FEFE24C33.d.C28BE9190C251768F552AC31AF060CA5.e.19572"}]}
RESULT: {"script":"<script> [8489 bytes]","args":[{"element-6066-11e4-a52e-4f735466cecf":"f.4BE7CB3E9946CAC77AC1BA1FEFE24C33.d.C28BE9190C251768F552AC31AF060CA5.e.19572","ELEMENT":"f.4BE7CB3E9946CAC77AC1BA1FEFE24C33.d.C28BE9190C251768F552AC31AF060CA5.e.19572"}]}
COMMAND: GET /session/7f6ec3857c10649f26842f36b7e75a4c/element/f.4BE7CB3E9946CAC77AC1BA1FEFE24C33.d.C28BE9190C251768F552AC31AF060CA5.e.19572/enabled - {}
COMMAND: GET /session/7f6ec3857c10649f26842f36b7e75a4c/screenshot - {}
RESULT: {}
COMMAND: POST /session/7f6ec3857c10649f26842f36b7e75a4c/execute/sync - {"script":"<script> [8489 bytes]","args":[{"element-6066-11e4-a52e-4f735466cecf":"f.4BE7CB3E9946CAC77AC1BA1FEFE24C33.d.C28BE9190C251768F552AC31AF060CA5.e.19572","ELEMENT":"f.4BE7CB3E9946CAC77AC1BA1FEFE24C33.d.C28BE9190C251768F552AC31AF060CA5.e.19572"}]}
COMMAND: GET /session/7f6ec3857c10649f26842f36b7e75a4c/screenshot - {}
RESULT: {}
RESULT: {"script":"<script> [8489 bytes]","args":[{"element-6066-11e4-a52e-4f735466cecf":"f.4BE7CB3E9946CAC77AC1BA1FEFE24C33.d.C28BE9190C251768F552AC31AF060CA5.e.19572","ELEMENT":"f.4BE7CB3E9946CAC77AC1BA1FEFE24C33.d.C28BE9190C251768F552AC31AF060CA5.e.19572"}]}
COMMAND: POST /session/7f6ec3857c10649f26842f36b7e75a4c/execute/sync - {"script":"<script> [5351 bytes]","args":[{"element-6066-11e4-a52e-4f735466cecf":"f.4BE7CB3E9946CAC77AC1BA1FEFE24C33.d.C28BE9190C251768F552AC31AF060CA5.e.19572","ELEMENT":"f.4BE7CB3E9946CAC77AC1BA1FEFE24C33.d.C28BE9190C251768F552AC31AF060CA5.e.19572"}]}
COMMAND: GET /session/7f6ec3857c10649f26842f36b7e75a4c/screenshot - {}
RESULT: {}
RESULT: {"script":"<script> [5351 bytes]","args":[{"element-6066-11e4-a52e-4f735466cecf":"f.4BE7CB3E9946CAC77AC1BA1FEFE24C33.d.C28BE9190C251768F552AC31AF060CA5.e.19572","ELEMENT":"f.4BE7CB3E9946CAC77AC1BA1FEFE24C33.d.C28BE9190C251768F552AC31AF060CA5.e.19572"}]}
COMMAND: POST /session/7f6ec3857c10649f26842f36b7e75a4c/element/f.4BE7CB3E9946CAC77AC1BA1FEFE24C33.d.C28BE9190C251768F552AC31AF060CA5.e.19572/click - {}
COMMAND: GET /session/7f6ec3857c10649f26842f36b7e75a4c/screenshot - {}
RESULT: {}
RESULT: {}
COMMAND: GET /session/7f6ec3857c10649f26842f36b7e75a4c/screenshot - {}
RESULT: {}
COMMAND: POST /session/7f6ec3857c10649f26842f36b7e75a4c/execute/async - {"script":"<script> [1562 bytes]","args":[{"selector":{"id":"application-manageresources-display-component---newResourceUnit--TYPE-arrow"},"wdio_ui5_key":"applicationmanageresources-display-component---newResourceUnit--TYPE-arrow"}]}
RESULT: {}
RESULT: {"script":"<script> [1562 bytes]","args":[{"selector":{"id":"application-manageresources-display-component---newResourceUnit--TYPE-arrow"},"wdio_ui5_key":"applicationmanageresources-display-component---newResourceUnit--TYPE-arrow"}]}
RESULT: undefined
COMMAND: POST /session/7f6ec3857c10649f26842f36b7e75a4c/element - {"using":"xpath","value":"//*[@id=\"application-manageresources-display-component---newResourceUnit--TYPE-arrow\"]"}
RESULT: {"using":"xpath","value":"//*[@id=\"application-manageresources-display-component---newResourceUnit--TYPE-arrow\"]"}
COMMAND: POST /session/7f6ec3857c10649f26842f36b7e75a4c/element/f.4BE7CB3E9946CAC77AC1BA1FEFE24C33.d.C28BE9190C251768F552AC31AF060CA5.e.19921/click - {}
RESULT: {}
COMMAND: POST /session/7f6ec3857c10649f26842f36b7e75a4c/element - {"using":"xpath","value":"//input[@id=\"application-manageresources-display-component---newResourceUnit--TYPE-inner\"]"}
COMMAND: GET /session/7f6ec3857c10649f26842f36b7e75a4c/screenshot - {}
RESULT: {"using":"xpath","value":"//input[@id=\"application-manageresources-display-component---newResourceUnit--TYPE-inner\"]"}
COMMAND: POST /session/7f6ec3857c10649f26842f36b7e75a4c/element/f.4BE7CB3E9946CAC77AC1BA1FEFE24C33.d.C28BE9190C251768F552AC31AF060CA5.e.19912/clear - {}
RESULT: {}
RESULT: {}
COMMAND: POST /session/7f6ec3857c10649f26842f36b7e75a4c/element/f.4BE7CB3E9946CAC77AC1BA1FEFE24C33.d.C28BE9190C251768F552AC31AF060CA5.e.19912/value - {"text":"Material"}
COMMAND: GET /session/7f6ec3857c10649f26842f36b7e75a4c/screenshot - {}
RESULT: {"text":"Material"}
COMMAND: GET /session/7f6ec3857c10649f26842f36b7e75a4c/screenshot - {}
RESULT: {}
RESULT: {}
COMMAND: POST /session/7f6ec3857c10649f26842f36b7e75a4c/actions - {"actions":[{"id":"action58","type":"key","parameters":{},"actions":[{"type":"keyDown","value":"î€‡"},{"type":"pause","duration":10},{"type":"keyUp","value":"î€‡"}]}]}
RESULT: {"actions":[{"id":"action58","type":"key","parameters":{},"actions":[{"type":"keyDown","value":"î€‡"},{"type":"pause","duration":10},{"type":"keyUp","value":"î€‡"}]}]}
COMMAND: POST /session/7f6ec3857c10649f26842f36b7e75a4c/execute/async - {"script":"<script> [1562 bytes]","args":[{"selector":{"id":"application-manageresources-display-component---newResourceUnit--SHORT_TEXT","interaction":{"idSuffix":"inner"}},"wdio_ui5_key":"applicationmanageresources-display-component---newResourceUnit--SHORT_TEXT"}]}
COMMAND: GET /session/7f6ec3857c10649f26842f36b7e75a4c/screenshot - {}
RESULT: {"script":"<script> [1562 bytes]","args":[{"selector":{"id":"application-manageresources-display-component---newResourceUnit--SHORT_TEXT","interaction":{"idSuffix":"inner"}},"wdio_ui5_key":"applicationmanageresources-display-component---newResourceUnit--SHORT_TEXT"}]}
RESULT: undefined
COMMAND: POST /session/7f6ec3857c10649f26842f36b7e75a4c/execute/async - {"script":"<script> [776 bytes]","args":[{"enterText":"Cement WDIO","selector":{"id":"application-manageresources-display-component---newResourceUnit--SHORT_TEXT","interaction":{"idSuffix":"inner"}},"clearTextFirst":true,"interactionType":"ENTER_TEXT"}]}
RESULT: {}
RESULT: {"script":"<script> [776 bytes]","args":[{"enterText":"Cement WDIO","selector":{"id":"application-manageresources-display-component---newResourceUnit--SHORT_TEXT","interaction":{"idSuffix":"inner"}},"clearTextFirst":true,"interactionType":"ENTER_TEXT"}]}
COMMAND: POST /session/7f6ec3857c10649f26842f36b7e75a4c/execute/async - {"script":"<script> [1562 bytes]","args":[{"selector":{"id":"application-manageresources-display-component---newResourceUnit--BASE_UNIT_OF_MEASURE","interaction":{"idSuffix":"inner"}},"wdio_ui5_key":"applicationmanageresources-display-component---newResourceUnit--BASE_UNIT_OF_MEASURE"}]}
RESULT: {"script":"<script> [1562 bytes]","args":[{"selector":{"id":"application-manageresources-display-component---newResourceUnit--BASE_UNIT_OF_MEASURE","interaction":{"idSuffix":"inner"}},"wdio_ui5_key":"applicationmanageresources-display-component---newResourceUnit--BASE_UNIT_OF_MEASURE"}]}
RESULT: undefined
COMMAND: POST /session/7f6ec3857c10649f26842f36b7e75a4c/execute/async - {"script":"<script> [776 bytes]","args":[{"enterText":"Piece","selector":{"id":"application-manageresources-display-component---newResourceUnit--BASE_UNIT_OF_MEASURE","interaction":{"idSuffix":"inner"}},"clearTextFirst":true,"interactionType":"ENTER_TEXT"}]}
RESULT: {"script":"<script> [776 bytes]","args":[{"enterText":"Piece","selector":{"id":"application-manageresources-display-component---newResourceUnit--BASE_UNIT_OF_MEASURE","interaction":{"idSuffix":"inner"}},"clearTextFirst":true,"interactionType":"ENTER_TEXT"}]}
COMMAND: POST /session/7f6ec3857c10649f26842f36b7e75a4c/execute/async - {"script":"<script> [1562 bytes]","args":[{"selector":{"id":"application-manageresources-display-component---newResourceUnit--WEIGHT_UNIT","interaction":{"idSuffix":"inner"}},"wdio_ui5_key":"applicationmanageresources-display-component---newResourceUnit--WEIGHT_UNIT"}]}
RESULT: {"script":"<script> [1562 bytes]","args":[{"selector":{"id":"application-manageresources-display-component---newResourceUnit--WEIGHT_UNIT","interaction":{"idSuffix":"inner"}},"wdio_ui5_key":"applicationmanageresources-display-component---newResourceUnit--WEIGHT_UNIT"}]}
RESULT: undefined
COMMAND: POST /session/7f6ec3857c10649f26842f36b7e75a4c/execute/async - {"script":"<script> [776 bytes]","args":[{"enterText":"Gram","selector":{"id":"application-manageresources-display-component---newResourceUnit--WEIGHT_UNIT","interaction":{"idSuffix":"inner"}},"clearTextFirst":true,"interactionType":"ENTER_TEXT"}]}
RESULT: {"script":"<script> [776 bytes]","args":[{"enterText":"Gram","selector":{"id":"application-manageresources-display-component---newResourceUnit--WEIGHT_UNIT","interaction":{"idSuffix":"inner"}},"clearTextFirst":true,"interactionType":"ENTER_TEXT"}]}
COMMAND: POST /session/7f6ec3857c10649f26842f36b7e75a4c/execute/async - {"script":"<script> [1562 bytes]","args":[{"selector":{"id":"application-manageresources-display-component---newResourceUnit--DIMENSION_UNIT","interaction":{"idSuffix":"inner"}},"wdio_ui5_key":"applicationmanageresources-display-component---newResourceUnit--DIMENSION_UNIT"}]}
RESULT: {"script":"<script> [1562 bytes]","args":[{"selector":{"id":"application-manageresources-display-component---newResourceUnit--DIMENSION_UNIT","interaction":{"idSuffix":"inner"}},"wdio_ui5_key":"applicationmanageresources-display-component---newResourceUnit--DIMENSION_UNIT"}]}
RESULT: undefined
COMMAND: POST /session/7f6ec3857c10649f26842f36b7e75a4c/execute/async - {"script":"<script> [776 bytes]","args":[{"enterText":"Meter","selector":{"id":"application-manageresources-display-component---newResourceUnit--DIMENSION_UNIT","interaction":{"idSuffix":"inner"}},"clearTextFirst":true,"interactionType":"ENTER_TEXT"}]}
RESULT: {"script":"<script> [776 bytes]","args":[{"enterText":"Meter","selector":{"id":"application-manageresources-display-component---newResourceUnit--DIMENSION_UNIT","interaction":{"idSuffix":"inner"}},"clearTextFirst":true,"interactionType":"ENTER_TEXT"}]}
COMMAND: POST /session/7f6ec3857c10649f26842f36b7e75a4c/execute/async - {"script":"<script> [1562 bytes]","args":[{"selector":{"id":"application-manageresources-display-component---newResourceUnit--newRRUPage-anchBar-application-manageresources-display-component---newResourceUnit--control-anchor","interaction":{"idSuffix":"BDI-content"}},"wdio_ui5_key":"applicationmanageresources-display-component---newResourceUnit--newRRUPage-anchBar-application-manageresources-display-component---newResourceUnit--control-anchor"}]}
RESULT: {"script":"<script> [1562 bytes]","args":[{"selector":{"id":"application-manageresources-display-component---newResourceUnit--newRRUPage-anchBar-application-manageresources-display-component---newResourceUnit--control-anchor","interaction":{"idSuffix":"BDI-content"}},"wdio_ui5_key":"applicationmanageresources-display-component---newResourceUnit--newRRUPage-anchBar-application-manageresources-display-component---newResourceUnit--control-anchor"}]}
RESULT: undefined
COMMAND: POST /session/7f6ec3857c10649f26842f36b7e75a4c/element - {"using":"xpath","value":"//*[@id=\"application-manageresources-display-component---newResourceUnit--newRRUPage-anchBar-application-manageresources-display-component---newResourceUnit--control-anchor\"]"}
RESULT: {"using":"xpath","value":"//*[@id=\"application-manageresources-display-component---newResourceUnit--newRRUPage-anchBar-application-manageresources-display-component---newResourceUnit--control-anchor\"]"}
COMMAND: POST /session/7f6ec3857c10649f26842f36b7e75a4c/element/f.4BE7CB3E9946CAC77AC1BA1FEFE24C33.d.C28BE9190C251768F552AC31AF060CA5.e.19986/click - {}
RESULT: {}
COMMAND: POST /session/7f6ec3857c10649f26842f36b7e75a4c/execute/async - {"script":"<script> [1562 bytes]","args":[{"selector":{"id":"application-manageresources-display-component---newResourceUnit--PLANNING_GROUP","interaction":{"idSuffix":"inner"}},"wdio_ui5_key":"applicationmanageresources-display-component---newResourceUnit--PLANNING_GROUP"}]}
COMMAND: GET /session/7f6ec3857c10649f26842f36b7e75a4c/screenshot - {}
RESULT: {"script":"<script> [1562 bytes]","args":[{"selector":{"id":"application-manageresources-display-component---newResourceUnit--PLANNING_GROUP","interaction":{"idSuffix":"inner"}},"wdio_ui5_key":"applicationmanageresources-display-component---newResourceUnit--PLANNING_GROUP"}]}
RESULT: undefined
COMMAND: POST /session/7f6ec3857c10649f26842f36b7e75a4c/execute/async - {"script":"<script> [776 bytes]","args":[{"enterText":"Material","selector":{"id":"application-manageresources-display-component---newResourceUnit--PLANNING_GROUP","interaction":{"idSuffix":"inner"}},"clearTextFirst":true,"interactionType":"ENTER_TEXT"}]}
RESULT: {}
RESULT: {"script":"<script> [776 bytes]","args":[{"enterText":"Material","selector":{"id":"application-manageresources-display-component---newResourceUnit--PLANNING_GROUP","interaction":{"idSuffix":"inner"}},"clearTextFirst":true,"interactionType":"ENTER_TEXT"}]}
COMMAND: POST /session/7f6ec3857c10649f26842f36b7e75a4c/execute/async - {"script":"<script> [1562 bytes]","args":[{"selector":{"id":"application-manageresources-display-component---newResourceUnit--PLANNING_INDICATOR","interaction":{"idSuffix":"inner"}},"wdio_ui5_key":"applicationmanageresources-display-component---newResourceUnit--PLANNING_INDICATOR"}]}
RESULT: {"script":"<script> [1562 bytes]","args":[{"selector":{"id":"application-manageresources-display-component---newResourceUnit--PLANNING_INDICATOR","interaction":{"idSuffix":"inner"}},"wdio_ui5_key":"applicationmanageresources-display-component---newResourceUnit--PLANNING_INDICATOR"}]}
RESULT: undefined
COMMAND: POST /session/7f6ec3857c10649f26842f36b7e75a4c/execute/async - {"script":"<script> [776 bytes]","args":[{"enterText":"10 - infinite","selector":{"id":"application-manageresources-display-component---newResourceUnit--PLANNING_INDICATOR","interaction":{"idSuffix":"inner"}},"clearTextFirst":true,"interactionType":"ENTER_TEXT"}]}
RESULT: {"script":"<script> [776 bytes]","args":[{"enterText":"10 - infinite","selector":{"id":"application-manageresources-display-component---newResourceUnit--PLANNING_INDICATOR","interaction":{"idSuffix":"inner"}},"clearTextFirst":true,"interactionType":"ENTER_TEXT"}]}
COMMAND: POST /session/7f6ec3857c10649f26842f36b7e75a4c/element - {"using":"css selector","value":"#application-manageresources-display-component---newResourceUnit--btnAddTimeSegment"}
RESULT: {"using":"css selector","value":"#application-manageresources-display-component---newResourceUnit--btnAddTimeSegment"}
COMMAND: GET /session/7f6ec3857c10649f26842f36b7e75a4c/element/f.4BE7CB3E9946CAC77AC1BA1FEFE24C33.d.C28BE9190C251768F552AC31AF060CA5.e.19996/rect - {}
RESULT: {}
COMMAND: GET /session/7f6ec3857c10649f26842f36b7e75a4c/window/rect - {}
RESULT: {}
COMMAND: POST /session/7f6ec3857c10649f26842f36b7e75a4c/execute/sync - {"script":"<script> [92 bytes]","args":[]}
RESULT: {"script":"<script> [92 bytes]","args":[]}
COMMAND: POST /session/7f6ec3857c10649f26842f36b7e75a4c/actions - {"actions":[{"id":"action59","type":"wheel","parameters":{},"actions":[{"type":"scroll","x":-1888,"y":-32,"deltaX":0,"deltaY":0,"duration":0,"origin":{"element-6066-11e4-a52e-4f735466cecf":"f.4BE7CB3E9946CAC77AC1BA1FEFE24C33.d.C28BE9190C251768F552AC31AF060CA5.e.19996"}}]}]}
COMMAND: GET /session/7f6ec3857c10649f26842f36b7e75a4c/screenshot - {}
RESULT: {}
COMMAND: POST /session/7f6ec3857c10649f26842f36b7e75a4c/execute/sync - {"script":"<script> [79 bytes]","args":[{"element-6066-11e4-a52e-4f735466cecf":"f.4BE7CB3E9946CAC77AC1BA1FEFE24C33.d.C28BE9190C251768F552AC31AF060CA5.e.19996","ELEMENT":"f.4BE7CB3E9946CAC77AC1BA1FEFE24C33.d.C28BE9190C251768F552AC31AF060CA5.e.19996"},{"block":"start","inline":"nearest"}]}
RESULT: {"script":"<script> [79 bytes]","args":[{"element-6066-11e4-a52e-4f735466cecf":"f.4BE7CB3E9946CAC77AC1BA1FEFE24C33.d.C28BE9190C251768F552AC31AF060CA5.e.19996","ELEMENT":"f.4BE7CB3E9946CAC77AC1BA1FEFE24C33.d.C28BE9190C251768F552AC31AF060CA5.e.19996"},{"block":"start","inline":"nearest"}]}
COMMAND: POST /session/7f6ec3857c10649f26842f36b7e75a4c/execute/async - {"script":"<script> [1562 bytes]","args":[{"selector":{"id":"application-manageresources-display-component---newResourceUnit--btnAddTimeSegment","interaction":{"idSuffix":"inner"}},"wdio_ui5_key":"applicationmanageresources-display-component---newResourceUnit--btnAddTimeSegment"}]}
COMMAND: GET /session/7f6ec3857c10649f26842f36b7e75a4c/screenshot - {}
RESULT: {"script":"<script> [1562 bytes]","args":[{"selector":{"id":"application-manageresources-display-component---newResourceUnit--btnAddTimeSegment","interaction":{"idSuffix":"inner"}},"wdio_ui5_key":"applicationmanageresources-display-component---newResourceUnit--btnAddTimeSegment"}]}
RESULT: undefined
COMMAND: POST /session/7f6ec3857c10649f26842f36b7e75a4c/element - {"using":"xpath","value":"//*[@id=\"application-manageresources-display-component---newResourceUnit--btnAddTimeSegment\"]"}
RESULT: {}
RESULT: {"using":"xpath","value":"//*[@id=\"application-manageresources-display-component---newResourceUnit--btnAddTimeSegment\"]"}
COMMAND: POST /session/7f6ec3857c10649f26842f36b7e75a4c/element/f.4BE7CB3E9946CAC77AC1BA1FEFE24C33.d.C28BE9190C251768F552AC31AF060CA5.e.19996/click - {}
RESULT: {}
COMMAND: GET /session/7f6ec3857c10649f26842f36b7e75a4c/screenshot - {}
RESULT: {}
COMMAND: POST /session/7f6ec3857c10649f26842f36b7e75a4c/element - {"using":"xpath","value":"//input[@id=\"application-manageresources-display-component---newResourceUnit--idRuTSAdmin-application-manageresources-display-component---newResourceUnit--RUTimeSegment-0-inner\"]"}
RESULT: {"using":"xpath","value":"//input[@id=\"application-manageresources-display-component---newResourceUnit--idRuTSAdmin-application-manageresources-display-component---newResourceUnit--RUTimeSegment-0-inner\"]"}
COMMAND: POST /session/7f6ec3857c10649f26842f36b7e75a4c/element/f.4BE7CB3E9946CAC77AC1BA1FEFE24C33.d.C28BE9190C251768F552AC31AF060CA5.e.20001/clear - {}
RESULT: {}
COMMAND: POST /session/7f6ec3857c10649f26842f36b7e75a4c/element/f.4BE7CB3E9946CAC77AC1BA1FEFE24C33.d.C28BE9190C251768F552AC31AF060CA5.e.20001/value - {"text":"384"}
COMMAND: GET /session/7f6ec3857c10649f26842f36b7e75a4c/screenshot - {}
RESULT: {"text":"384"}
COMMAND: GET /session/7f6ec3857c10649f26842f36b7e75a4c/screenshot - {}
RESULT: {}
RESULT: {}
COMMAND: POST /session/7f6ec3857c10649f26842f36b7e75a4c/element - {"using":"xpath","value":"//li[.//span[text()='384']]"}
RESULT: {"using":"xpath","value":"//li[.//span[text()='384']]"}
COMMAND: POST /session/7f6ec3857c10649f26842f36b7e75a4c/element/f.4BE7CB3E9946CAC77AC1BA1FEFE24C33.d.C28BE9190C251768F552AC31AF060CA5.e.20008/click - {}
RESULT: {}
COMMAND: GET /session/7f6ec3857c10649f26842f36b7e75a4c/screenshot - {}
RESULT: {}
COMMAND: POST /session/7f6ec3857c10649f26842f36b7e75a4c/element - {"using":"xpath","value":"(//span[contains(@id, \"-application-manageresources-display-component---newResourceUnit--RUTimeSegment-0-arrow\")])[2]"}
RESULT: {"using":"xpath","value":"(//span[contains(@id, \"-application-manageresources-display-component---newResourceUnit--RUTimeSegment-0-arrow\")])[2]"}
COMMAND: POST /session/7f6ec3857c10649f26842f36b7e75a4c/element/f.4BE7CB3E9946CAC77AC1BA1FEFE24C33.d.C28BE9190C251768F552AC31AF060CA5.e.20009/click - {}
RESULT: {}
COMMAND: POST /session/7f6ec3857c10649f26842f36b7e75a4c/element - {"using":"xpath","value":"//span[contains(text(), \"PM Order\")]"}
COMMAND: GET /session/7f6ec3857c10649f26842f36b7e75a4c/screenshot - {}
RESULT: {"using":"xpath","value":"//span[contains(text(), \"PM Order\")]"}
COMMAND: POST /session/7f6ec3857c10649f26842f36b7e75a4c/element/f.4BE7CB3E9946CAC77AC1BA1FEFE24C33.d.C28BE9190C251768F552AC31AF060CA5.e.20010/click - {}
RESULT: {}
RESULT: {}
COMMAND: GET /session/7f6ec3857c10649f26842f36b7e75a4c/screenshot - {}
RESULT: {}
COMMAND: POST /session/7f6ec3857c10649f26842f36b7e75a4c/element - {"using":"xpath","value":"//td/div/div/div/span[contains(@id, \"newResourceUnit--RUTimeSegment-0-vhi\")][1]"}
RESULT: {"using":"xpath","value":"//td/div/div/div/span[contains(@id, \"newResourceUnit--RUTimeSegment-0-vhi\")][1]"}
COMMAND: GET /session/7f6ec3857c10649f26842f36b7e75a4c/element/f.4BE7CB3E9946CAC77AC1BA1FEFE24C33.d.C28BE9190C251768F552AC31AF060CA5.e.20014/rect - {}
RESULT: {}
COMMAND: GET /session/7f6ec3857c10649f26842f36b7e75a4c/window/rect - {}
RESULT: {}
COMMAND: POST /session/7f6ec3857c10649f26842f36b7e75a4c/execute/sync - {"script":"<script> [92 bytes]","args":[]}
RESULT: {"script":"<script> [92 bytes]","args":[]}
COMMAND: POST /session/7f6ec3857c10649f26842f36b7e75a4c/actions - {"actions":[{"id":"action60","type":"wheel","parameters":{},"actions":[{"type":"scroll","x":-1888,"y":-24,"deltaX":0,"deltaY":0,"duration":0,"origin":{"element-6066-11e4-a52e-4f735466cecf":"f.4BE7CB3E9946CAC77AC1BA1FEFE24C33.d.C28BE9190C251768F552AC31AF060CA5.e.20014"}}]}]}
COMMAND: GET /session/7f6ec3857c10649f26842f36b7e75a4c/screenshot - {}
RESULT: {}
COMMAND: POST /session/7f6ec3857c10649f26842f36b7e75a4c/execute/sync - {"script":"<script> [79 bytes]","args":[{"element-6066-11e4-a52e-4f735466cecf":"f.4BE7CB3E9946CAC77AC1BA1FEFE24C33.d.C28BE9190C251768F552AC31AF060CA5.e.20014","ELEMENT":"f.4BE7CB3E9946CAC77AC1BA1FEFE24C33.d.C28BE9190C251768F552AC31AF060CA5.e.20014"},{"block":"start","inline":"nearest"}]}
RESULT: {"script":"<script> [79 bytes]","args":[{"element-6066-11e4-a52e-4f735466cecf":"f.4BE7CB3E9946CAC77AC1BA1FEFE24C33.d.C28BE9190C251768F552AC31AF060CA5.e.20014","ELEMENT":"f.4BE7CB3E9946CAC77AC1BA1FEFE24C33.d.C28BE9190C251768F552AC31AF060CA5.e.20014"},{"block":"start","inline":"nearest"}]}
COMMAND: GET /session/7f6ec3857c10649f26842f36b7e75a4c/screenshot - {}
RESULT: {}
COMMAND: POST /session/7f6ec3857c10649f26842f36b7e75a4c/element/f.4BE7CB3E9946CAC77AC1BA1FEFE24C33.d.C28BE9190C251768F552AC31AF060CA5.e.20014/click - {}
RESULT: {}
COMMAND: GET /session/7f6ec3857c10649f26842f36b7e75a4c/screenshot - {}
RESULT: {}
COMMAND: POST /session/7f6ec3857c10649f26842f36b7e75a4c/execute/async - {"script":"<script> [1562 bytes]","args":[{"selector":{"controlType":"sap.m.SearchField","properties":{"placeholder":"Search"},"searchOpenDialogs":true,"interaction":{"idSuffix":"I"}},"wdio_ui5_key":"sapm.SearchField{\"placeholder\":\"Search\"}"}]}
RESULT: {"script":"<script> [1562 bytes]","args":[{"selector":{"controlType":"sap.m.SearchField","properties":{"placeholder":"Search"},"searchOpenDialogs":true,"interaction":{"idSuffix":"I"}},"wdio_ui5_key":"sapm.SearchField{\"placeholder\":\"Search\"}"}]}
RESULT: undefined
COMMAND: POST /session/7f6ec3857c10649f26842f36b7e75a4c/execute/async - {"script":"<script> [776 bytes]","args":[{"enterText":"4000360","selector":{"controlType":"sap.m.SearchField","properties":{"placeholder":"Search"},"searchOpenDialogs":true,"interaction":{"idSuffix":"I"}},"clearTextFirst":true,"interactionType":"ENTER_TEXT"}]}
RESULT: {"script":"<script> [776 bytes]","args":[{"enterText":"4000360","selector":{"controlType":"sap.m.SearchField","properties":{"placeholder":"Search"},"searchOpenDialogs":true,"interaction":{"idSuffix":"I"}},"clearTextFirst":true,"interactionType":"ENTER_TEXT"}]}
COMMAND: POST /session/7f6ec3857c10649f26842f36b7e75a4c/actions - {"actions":[{"id":"action61","type":"key","parameters":{},"actions":[{"type":"keyDown","value":"î€‡"},{"type":"pause","duration":10},{"type":"keyUp","value":"î€‡"}]}]}
RESULT: {"actions":[{"id":"action61","type":"key","parameters":{},"actions":[{"type":"keyDown","value":"î€‡"},{"type":"pause","duration":10},{"type":"keyUp","value":"î€‡"}]}]}
COMMAND: GET /session/7f6ec3857c10649f26842f36b7e75a4c/screenshot - {}
RESULT: {}
COMMAND: POST /session/7f6ec3857c10649f26842f36b7e75a4c/element - {"using":"xpath","value":"//td/div/span[contains(text(), \"BGL Vehicles\")]"}
RESULT: {"using":"xpath","value":"//td/div/span[contains(text(), \"BGL Vehicles\")]"}
COMMAND: POST /session/7f6ec3857c10649f26842f36b7e75a4c/element/f.4BE7CB3E9946CAC77AC1BA1FEFE24C33.d.C28BE9190C251768F552AC31AF060CA5.e.20035/click - {}
RESULT: {}
COMMAND: GET /session/7f6ec3857c10649f26842f36b7e75a4c/screenshot - {}
RESULT: {}
COMMAND: POST /session/7f6ec3857c10649f26842f36b7e75a4c/element - {"using":"xpath","value":"//bdi[contains(text(), \"OK\")]"}
RESULT: {"using":"xpath","value":"//bdi[contains(text(), \"OK\")]"}
COMMAND: POST /session/7f6ec3857c10649f26842f36b7e75a4c/element/f.4BE7CB3E9946CAC77AC1BA1FEFE24C33.d.C28BE9190C251768F552AC31AF060CA5.e.20036/click - {}
RESULT: {}
COMMAND: GET /session/7f6ec3857c10649f26842f36b7e75a4c/screenshot - {}
RESULT: {}
COMMAND: POST /session/7f6ec3857c10649f26842f36b7e75a4c/element - {"using":"xpath","value":"//label[contains(@class, 'sapMLabelRequired') and .//bdi[contains(text(), 'Planned Retirement')]]"}
RESULT: {"using":"xpath","value":"//label[contains(@class, 'sapMLabelRequired') and .//bdi[contains(text(), 'Planned Retirement')]]"}
COMMAND: POST /session/7f6ec3857c10649f26842f36b7e75a4c/elements - {"using":"xpath","value":"//label[contains(@class, 'sapMLabelRequired') and .//bdi[contains(text(), 'Planned Retirement')]]"}
RESULT: {"using":"xpath","value":"//label[contains(@class, 'sapMLabelRequired') and .//bdi[contains(text(), 'Planned Retirement')]]"}
COMMAND: POST /session/7f6ec3857c10649f26842f36b7e75a4c/element - {"using":"xpath","value":"//button[@data-kt=\"resourceUnitSaveButton\"]"}
RESULT: {"using":"xpath","value":"//button[@data-kt=\"resourceUnitSaveButton\"]"}
COMMAND: POST /session/7f6ec3857c10649f26842f36b7e75a4c/element/f.4BE7CB3E9946CAC77AC1BA1FEFE24C33.d.C28BE9190C251768F552AC31AF060CA5.e.19938/click - {}
RESULT: {}
COMMAND: GET /session/7f6ec3857c10649f26842f36b7e75a4c/screenshot - {}
RESULT: {}
COMMAND: POST /session/7f6ec3857c10649f26842f36b7e75a4c/element - {"using":"xpath","value":"//bdi[contains(text(), \"Close\")]"}
RESULT: {"using":"xpath","value":"//bdi[contains(text(), \"Close\")]"}
COMMAND: POST /session/7f6ec3857c10649f26842f36b7e75a4c/element/f.4BE7CB3E9946CAC77AC1BA1FEFE24C33.d.C28BE9190C251768F552AC31AF060CA5.e.20043/click - {}
RESULT: {}
COMMAND: GET /session/7f6ec3857c10649f26842f36b7e75a4c/screenshot - {}
RESULT: {}
COMMAND: POST /session/7f6ec3857c10649f26842f36b7e75a4c/element - {"using":"xpath","value":"//header[contains(@id, 'detailRruPage-headerTitle')]/div[1]/div[2]/div[2]/span[1]"}
RESULT: {"using":"xpath","value":"//header[contains(@id, 'detailRruPage-headerTitle')]/div[1]/div[2]/div[2]/span[1]"}
COMMAND: POST /session/7f6ec3857c10649f26842f36b7e75a4c/elements - {"using":"xpath","value":"//header[contains(@id, 'detailRruPage-headerTitle')]/div[1]/div[2]/div[2]/span[1]"}
RESULT: {"using":"xpath","value":"//header[contains(@id, 'detailRruPage-headerTitle')]/div[1]/div[2]/div[2]/span[1]"}
COMMAND: POST /session/7f6ec3857c10649f26842f36b7e75a4c/execute/sync - {"script":"<script> [56 bytes]","args":[{"element-6066-11e4-a52e-4f735466cecf":"f.4BE7CB3E9946CAC77AC1BA1FEFE24C33.d.C28BE9190C251768F552AC31AF060CA5.e.20070","ELEMENT":"f.4BE7CB3E9946CAC77AC1BA1FEFE24C33.d.C28BE9190C251768F552AC31AF060CA5.e.20070"}]}
RESULT: {"script":"<script> [56 bytes]","args":[{"element-6066-11e4-a52e-4f735466cecf":"f.4BE7CB3E9946CAC77AC1BA1FEFE24C33.d.C28BE9190C251768F552AC31AF060CA5.e.20070","ELEMENT":"f.4BE7CB3E9946CAC77AC1BA1FEFE24C33.d.C28BE9190C251768F552AC31AF060CA5.e.20070"}]}
COMMAND: POST /session/7f6ec3857c10649f26842f36b7e75a4c/element - {"using":"css selector","value":"#shell-header-logo"}
COMMAND: GET /session/7f6ec3857c10649f26842f36b7e75a4c/screenshot - {}
RESULT: {"using":"css selector","value":"#shell-header-logo"}
COMMAND: POST /session/7f6ec3857c10649f26842f36b7e75a4c/element/f.4BE7CB3E9946CAC77AC1BA1FEFE24C33.d.C28BE9190C251768F552AC31AF060CA5.e.19412/click - {}
RESULT: {}
RESULT: {}
COMMAND: GET /session/7f6ec3857c10649f26842f36b7e75a4c/screenshot - {}
RESULT: {}
]]></system-out>
    </testcase>
    <testcase classname="chrome.136_0_7103_49.windows.Create_masterdata_for_Yard_Overview_-_trigger_provide_US130988" name="Bin Status Report Should Create New Organization yard" time="0.004" />
    <testcase classname="chrome.136_0_7103_49.windows.Create_masterdata_for_Yard_Overview_-_trigger_provide_US130988" name="Create a Warehouse Movement for created yard" time="42.214">
      <system-out><![CDATA[
COMMAND: POST /session/7f6ec3857c10649f26842f36b7e75a4c/execute/async - {"script":"<script> [1562 bytes]","args":[{"selector":{"controlType":"sap.m.GenericTile","properties":{"header":"Manage Warehouse Movements"}},"wdio_ui5_key":"sapm.GenericTile{\"header\":\"Manage Warehouse Movements\"}"}]}
RESULT: {"script":"<script> [1562 bytes]","args":[{"selector":{"controlType":"sap.m.GenericTile","properties":{"header":"Manage Warehouse Movements"}},"wdio_ui5_key":"sapm.GenericTile{\"header\":\"Manage Warehouse Movements\"}"}]}
RESULT: undefined
COMMAND: POST /session/7f6ec3857c10649f26842f36b7e75a4c/element - {"using":"xpath","value":"//*[@id=\"__tile105\"]"}
RESULT: {"using":"xpath","value":"//*[@id=\"__tile105\"]"}
COMMAND: POST /session/7f6ec3857c10649f26842f36b7e75a4c/element/f.4BE7CB3E9946CAC77AC1BA1FEFE24C33.d.C28BE9190C251768F552AC31AF060CA5.e.20074/click - {}
RESULT: {}
COMMAND: POST /session/7f6ec3857c10649f26842f36b7e75a4c/element - {"using":"xpath","value":"//input[@id='application-warehousemovements-display-component---warehouseMovements--smartFilterBar-filterItemControl_BASIC-YARD-inner']"}
COMMAND: GET /session/7f6ec3857c10649f26842f36b7e75a4c/screenshot - {}
RESULT: {"using":"xpath","value":"//input[@id='application-warehousemovements-display-component---warehouseMovements--smartFilterBar-filterItemControl_BASIC-YARD-inner']"}
COMMAND: POST /session/7f6ec3857c10649f26842f36b7e75a4c/elements - {"using":"xpath","value":"//input[@id='application-warehousemovements-display-component---warehouseMovements--smartFilterBar-filterItemControl_BASIC-YARD-inner']"}
RESULT: {}
RESULT: {"using":"xpath","value":"//input[@id='application-warehousemovements-display-component---warehouseMovements--smartFilterBar-filterItemControl_BASIC-YARD-inner']"}
COMMAND: POST /session/7f6ec3857c10649f26842f36b7e75a4c/element - {"using":"xpath","value":"//input[@id='application-warehousemovements-display-component---warehouseMovements--smartFilterBar-filterItemControl_BASIC-YARD-inner']"}
RESULT: {"using":"xpath","value":"//input[@id='application-warehousemovements-display-component---warehouseMovements--smartFilterBar-filterItemControl_BASIC-YARD-inner']"}
COMMAND: POST /session/7f6ec3857c10649f26842f36b7e75a4c/execute/sync - {"script":"<script> [8489 bytes]","args":[{"element-6066-11e4-a52e-4f735466cecf":"f.4BE7CB3E9946CAC77AC1BA1FEFE24C33.d.C28BE9190C251768F552AC31AF060CA5.e.20097","ELEMENT":"f.4BE7CB3E9946CAC77AC1BA1FEFE24C33.d.C28BE9190C251768F552AC31AF060CA5.e.20097"}]}
RESULT: {"script":"<script> [8489 bytes]","args":[{"element-6066-11e4-a52e-4f735466cecf":"f.4BE7CB3E9946CAC77AC1BA1FEFE24C33.d.C28BE9190C251768F552AC31AF060CA5.e.20097","ELEMENT":"f.4BE7CB3E9946CAC77AC1BA1FEFE24C33.d.C28BE9190C251768F552AC31AF060CA5.e.20097"}]}
COMMAND: GET /session/7f6ec3857c10649f26842f36b7e75a4c/element/f.4BE7CB3E9946CAC77AC1BA1FEFE24C33.d.C28BE9190C251768F552AC31AF060CA5.e.20097/enabled - {}
COMMAND: GET /session/7f6ec3857c10649f26842f36b7e75a4c/screenshot - {}
RESULT: {}
COMMAND: POST /session/7f6ec3857c10649f26842f36b7e75a4c/execute/sync - {"script":"<script> [8489 bytes]","args":[{"element-6066-11e4-a52e-4f735466cecf":"f.4BE7CB3E9946CAC77AC1BA1FEFE24C33.d.C28BE9190C251768F552AC31AF060CA5.e.20097","ELEMENT":"f.4BE7CB3E9946CAC77AC1BA1FEFE24C33.d.C28BE9190C251768F552AC31AF060CA5.e.20097"}]}
COMMAND: GET /session/7f6ec3857c10649f26842f36b7e75a4c/screenshot - {}
RESULT: {}
RESULT: {"script":"<script> [8489 bytes]","args":[{"element-6066-11e4-a52e-4f735466cecf":"f.4BE7CB3E9946CAC77AC1BA1FEFE24C33.d.C28BE9190C251768F552AC31AF060CA5.e.20097","ELEMENT":"f.4BE7CB3E9946CAC77AC1BA1FEFE24C33.d.C28BE9190C251768F552AC31AF060CA5.e.20097"}]}
COMMAND: POST /session/7f6ec3857c10649f26842f36b7e75a4c/execute/sync - {"script":"<script> [5351 bytes]","args":[{"element-6066-11e4-a52e-4f735466cecf":"f.4BE7CB3E9946CAC77AC1BA1FEFE24C33.d.C28BE9190C251768F552AC31AF060CA5.e.20097","ELEMENT":"f.4BE7CB3E9946CAC77AC1BA1FEFE24C33.d.C28BE9190C251768F552AC31AF060CA5.e.20097"}]}
COMMAND: GET /session/7f6ec3857c10649f26842f36b7e75a4c/screenshot - {}
RESULT: {}
RESULT: {"script":"<script> [5351 bytes]","args":[{"element-6066-11e4-a52e-4f735466cecf":"f.4BE7CB3E9946CAC77AC1BA1FEFE24C33.d.C28BE9190C251768F552AC31AF060CA5.e.20097","ELEMENT":"f.4BE7CB3E9946CAC77AC1BA1FEFE24C33.d.C28BE9190C251768F552AC31AF060CA5.e.20097"}]}
COMMAND: GET /session/7f6ec3857c10649f26842f36b7e75a4c/screenshot - {}
RESULT: {}
RESULT: {}
COMMAND: POST /session/7f6ec3857c10649f26842f36b7e75a4c/element/f.4BE7CB3E9946CAC77AC1BA1FEFE24C33.d.C28BE9190C251768F552AC31AF060CA5.e.20097/clear - {}
RESULT: {}
COMMAND: POST /session/7f6ec3857c10649f26842f36b7e75a4c/element/f.4BE7CB3E9946CAC77AC1BA1FEFE24C33.d.C28BE9190C251768F552AC31AF060CA5.e.20097/value - {"text":"384"}
COMMAND: GET /session/7f6ec3857c10649f26842f36b7e75a4c/screenshot - {}
RESULT: {"text":"384"}
COMMAND: POST /session/7f6ec3857c10649f26842f36b7e75a4c/actions - {"actions":[{"id":"action62","type":"key","parameters":{},"actions":[{"type":"keyDown","value":"î€‡"},{"type":"pause","duration":10},{"type":"keyUp","value":"î€‡"}]}]}
COMMAND: GET /session/7f6ec3857c10649f26842f36b7e75a4c/screenshot - {}
RESULT: {}
RESULT: {"actions":[{"id":"action62","type":"key","parameters":{},"actions":[{"type":"keyDown","value":"î€‡"},{"type":"pause","duration":10},{"type":"keyUp","value":"î€‡"}]}]}
COMMAND: GET /session/7f6ec3857c10649f26842f36b7e75a4c/screenshot - {}
RESULT: {}
RESULT: {}
COMMAND: POST /session/7f6ec3857c10649f26842f36b7e75a4c/element - {"using":"xpath","value":"//button[contains(@data-kt, \"MasterMovementAddOverflowToolbarButton\")]"}
RESULT: {"using":"xpath","value":"//button[contains(@data-kt, \"MasterMovementAddOverflowToolbarButton\")]"}
COMMAND: POST /session/7f6ec3857c10649f26842f36b7e75a4c/element/f.4BE7CB3E9946CAC77AC1BA1FEFE24C33.d.C28BE9190C251768F552AC31AF060CA5.e.20119/click - {}
RESULT: {}
COMMAND: GET /session/7f6ec3857c10649f26842f36b7e75a4c/screenshot - {}
RESULT: {}
COMMAND: POST /session/7f6ec3857c10649f26842f36b7e75a4c/element - {"using":"xpath","value":"//*[@id=\"application-warehousemovements-display-component---addMovement--sectionsList-arrow\"]"}
RESULT: {"using":"xpath","value":"//*[@id=\"application-warehousemovements-display-component---addMovement--sectionsList-arrow\"]"}
COMMAND: POST /session/7f6ec3857c10649f26842f36b7e75a4c/element/f.4BE7CB3E9946CAC77AC1BA1FEFE24C33.d.C28BE9190C251768F552AC31AF060CA5.e.20321/click - {}
RESULT: {}
COMMAND: POST /session/7f6ec3857c10649f26842f36b7e75a4c/actions - {"actions":[{"id":"action63","type":"key","parameters":{},"actions":[{"type":"keyDown","value":"î€•"},{"type":"pause","duration":10},{"type":"keyUp","value":"î€•"}]}]}
COMMAND: GET /session/7f6ec3857c10649f26842f36b7e75a4c/screenshot - {}
RESULT: {}
RESULT: {"actions":[{"id":"action63","type":"key","parameters":{},"actions":[{"type":"keyDown","value":"î€•"},{"type":"pause","duration":10},{"type":"keyUp","value":"î€•"}]}]}
COMMAND: GET /session/7f6ec3857c10649f26842f36b7e75a4c/screenshot - {}
RESULT: {}
COMMAND: POST /session/7f6ec3857c10649f26842f36b7e75a4c/actions - {"actions":[{"id":"action64","type":"key","parameters":{},"actions":[{"type":"keyDown","value":"î€‡"},{"type":"pause","duration":10},{"type":"keyUp","value":"î€‡"}]}]}
RESULT: {"actions":[{"id":"action64","type":"key","parameters":{},"actions":[{"type":"keyDown","value":"î€‡"},{"type":"pause","duration":10},{"type":"keyUp","value":"î€‡"}]}]}
COMMAND: GET /session/7f6ec3857c10649f26842f36b7e75a4c/screenshot - {}
RESULT: {}
COMMAND: POST /session/7f6ec3857c10649f26842f36b7e75a4c/element - {"using":"xpath","value":"//*[@id=\"application-warehousemovements-display-component---addMovement--saveMovementBtn-BDI-content\" and text()=\"Save\"]"}
RESULT: {"using":"xpath","value":"//*[@id=\"application-warehousemovements-display-component---addMovement--saveMovementBtn-BDI-content\" and text()=\"Save\"]"}
COMMAND: POST /session/7f6ec3857c10649f26842f36b7e75a4c/element/f.4BE7CB3E9946CAC77AC1BA1FEFE24C33.d.C28BE9190C251768F552AC31AF060CA5.e.20322/click - {}
RESULT: {}
COMMAND: GET /session/7f6ec3857c10649f26842f36b7e75a4c/screenshot - {}
RESULT: {}
COMMAND: POST /session/7f6ec3857c10649f26842f36b7e75a4c/element - {"using":"css selector","value":"#shell-header-logo"}
RESULT: {"using":"css selector","value":"#shell-header-logo"}
COMMAND: POST /session/7f6ec3857c10649f26842f36b7e75a4c/element/f.4BE7CB3E9946CAC77AC1BA1FEFE24C33.d.C28BE9190C251768F552AC31AF060CA5.e.20078/click - {}
RESULT: {}
COMMAND: GET /session/7f6ec3857c10649f26842f36b7e75a4c/screenshot - {}
RESULT: {}
]]></system-out>
    </testcase>
    <testcase classname="chrome.136_0_7103_49.windows.Create_masterdata_for_Yard_Overview_-_trigger_provide_US130988" name="Set status to defect" time="33.891">
      <system-out><![CDATA[
COMMAND: POST /session/7f6ec3857c10649f26842f36b7e75a4c/execute/async - {"script":"<script> [1562 bytes]","args":[{"selector":{"controlType":"sap.ushell.ui.launchpad.AnchorItem","bindingPath":{"path":"/groups/3","propertyPath":"index"},"interaction":{"idSuffix":"inner"}},"wdio_ui5_key":"sapushell.ui.launchpad.AnchorItem{\"path\":\"/groups/3\",\"propertyPath\":\"index\"}"}]}
COMMAND: GET /session/7f6ec3857c10649f26842f36b7e75a4c/screenshot - {}
RESULT: {"script":"<script> [1562 bytes]","args":[{"selector":{"controlType":"sap.ushell.ui.launchpad.AnchorItem","bindingPath":{"path":"/groups/3","propertyPath":"index"},"interaction":{"idSuffix":"inner"}},"wdio_ui5_key":"sapushell.ui.launchpad.AnchorItem{\"path\":\"/groups/3\",\"propertyPath\":\"index\"}"}]}
RESULT: undefined
RESULT: {}
COMMAND: POST /session/7f6ec3857c10649f26842f36b7e75a4c/execute/async - {"script":"<script> [1562 bytes]","args":[{"selector":{"controlType":"sap.m.GenericTile","properties":{"header":"Manage States & Performance"}},"wdio_ui5_key":"sapm.GenericTile{\"header\":\"Manage States & Performance\"}"}]}
RESULT: {"script":"<script> [1562 bytes]","args":[{"selector":{"controlType":"sap.m.GenericTile","properties":{"header":"Manage States & Performance"}},"wdio_ui5_key":"sapm.GenericTile{\"header\":\"Manage States & Performance\"}"}]}
RESULT: undefined
COMMAND: POST /session/7f6ec3857c10649f26842f36b7e75a4c/elements - {"using":"xpath","value":"//span[text()='Error']"}
RESULT: {"using":"xpath","value":"//span[text()='Error']"}
COMMAND: POST /session/7f6ec3857c10649f26842f36b7e75a4c/execute/async - {"script":"<script> [1562 bytes]","args":[{"selector":{"controlType":"sap.ui.core.Icon","viewName":"etm.portal.ui.managestatesandperformance.view.Master","viewId":"application-managestatesandperformance-display-component---stateAndPerform","properties":{"src":{"regex":{"source":"inventory"}}}},"wdio_ui5_key":"etmportal.ui.managestatesandperformance.view.Mastersap.ui.core.Icon{\"src\":{\"regex\":{\"source\":\"inventory\"}}}"}]}
RESULT: {"script":"<script> [1562 bytes]","args":[{"selector":{"controlType":"sap.ui.core.Icon","viewName":"etm.portal.ui.managestatesandperformance.view.Master","viewId":"application-managestatesandperformance-display-component---stateAndPerform","properties":{"src":{"regex":{"source":"inventory"}}}},"wdio_ui5_key":"etmportal.ui.managestatesandperformance.view.Mastersap.ui.core.Icon{\"src\":{\"regex\":{\"source\":\"inventory\"}}}"}]}
RESULT: undefined
COMMAND: POST /session/7f6ec3857c10649f26842f36b7e75a4c/execute/async - {"script":"<script> [1562 bytes]","args":[{"selector":{"id":"application-managestatesandperformance-display-component---stateAndPerform--smartFilterBarYard-btnBasicSearch","interaction":{"idSuffix":"I"}},"wdio_ui5_key":"applicationmanagestatesandperformance-display-component---stateAndPerform--smartFilterBarYard-btnBasicSearch"}]}
RESULT: {"script":"<script> [1562 bytes]","args":[{"selector":{"id":"application-managestatesandperformance-display-component---stateAndPerform--smartFilterBarYard-btnBasicSearch","interaction":{"idSuffix":"I"}},"wdio_ui5_key":"applicationmanagestatesandperformance-display-component---stateAndPerform--smartFilterBarYard-btnBasicSearch"}]}
RESULT: undefined
COMMAND: POST /session/7f6ec3857c10649f26842f36b7e75a4c/execute/async - {"script":"<script> [1562 bytes]","args":[{"selector":{"controlType":"sap.m.ColumnListItem","viewName":"etm.portal.ui.managestatesandperformance.view.Master","viewId":"application-managestatesandperformance-display-component---stateAndPerform","properties":{"type":"Navigation"},"interaction":{"idSuffix":"cell0"}},"wdio_ui5_key":"etmportal.ui.managestatesandperformance.view.Mastersap.m.ColumnListItem{\"type\":\"Navigation\"}"}]}
RESULT: {"script":"<script> [1562 bytes]","args":[{"selector":{"controlType":"sap.m.ColumnListItem","viewName":"etm.portal.ui.managestatesandperformance.view.Master","viewId":"application-managestatesandperformance-display-component---stateAndPerform","properties":{"type":"Navigation"},"interaction":{"idSuffix":"cell0"}},"wdio_ui5_key":"etmportal.ui.managestatesandperformance.view.Mastersap.m.ColumnListItem{\"type\":\"Navigation\"}"}]}
RESULT: undefined
COMMAND: POST /session/7f6ec3857c10649f26842f36b7e75a4c/execute/async - {"script":"<script> [1562 bytes]","args":[{"selector":{"controlType":"sap.m.Button","viewName":"etm.portal.ui.managestatesandperformance.view.Detail","viewId":"application-managestatesandperformance-display-component---detailStateAndPerform","i18NText":{"propertyName":"text","key":"createStateChange"},"interaction":{"idSuffix":"content"}},"wdio_ui5_key":"etmportal.ui.managestatesandperformance.view.Detailsap.m.Button{\"propertyName\":\"text\",\"key\":\"createStateChange\"}"}]}
RESULT: {"script":"<script> [1562 bytes]","args":[{"selector":{"controlType":"sap.m.Button","viewName":"etm.portal.ui.managestatesandperformance.view.Detail","viewId":"application-managestatesandperformance-display-component---detailStateAndPerform","i18NText":{"propertyName":"text","key":"createStateChange"},"interaction":{"idSuffix":"content"}},"wdio_ui5_key":"etmportal.ui.managestatesandperformance.view.Detailsap.m.Button{\"propertyName\":\"text\",\"key\":\"createStateChange\"}"}]}
RESULT: undefined
COMMAND: POST /session/7f6ec3857c10649f26842f36b7e75a4c/execute/async - {"script":"<script> [1562 bytes]","args":[{"selector":{"id":"addStateDialog--stateSelect","searchOpenDialogs":true,"interaction":{"idSuffix":"arrow"}},"wdio_ui5_key":"addStateDialogstateSelect"}]}
RESULT: {"script":"<script> [1562 bytes]","args":[{"selector":{"id":"addStateDialog--stateSelect","searchOpenDialogs":true,"interaction":{"idSuffix":"arrow"}},"wdio_ui5_key":"addStateDialogstateSelect"}]}
RESULT: undefined
COMMAND: POST /session/7f6ec3857c10649f26842f36b7e75a4c/execute/async - {"script":"<script> [1562 bytes]","args":[{"selector":{"controlType":"sap.ui.core.Item","viewName":"etm.portal.ui.managestatesandperformance.view.Detail","viewId":"application-managestatesandperformance-display-component---detailStateAndPerform","bindingPath":{"path":"/StateTypes(70)","propertyPath":"STATE","modelName":"catalogModel"},"searchOpenDialogs":true},"wdio_ui5_key":"etmportal.ui.managestatesandperformance.view.Detailsap.ui.core.Item{\"path\":\"/StateTypes(70)\",\"propertyPath\":\"STATE\",\"modelName\":\"catalogModel\"}"}]}
RESULT: {"script":"<script> [1562 bytes]","args":[{"selector":{"controlType":"sap.ui.core.Item","viewName":"etm.portal.ui.managestatesandperformance.view.Detail","viewId":"application-managestatesandperformance-display-component---detailStateAndPerform","bindingPath":{"path":"/StateTypes(70)","propertyPath":"STATE","modelName":"catalogModel"},"searchOpenDialogs":true},"wdio_ui5_key":"etmportal.ui.managestatesandperformance.view.Detailsap.ui.core.Item{\"path\":\"/StateTypes(70)\",\"propertyPath\":\"STATE\",\"modelName\":\"catalogModel\"}"}]}
RESULT: undefined
COMMAND: POST /session/7f6ec3857c10649f26842f36b7e75a4c/execute/async - {"script":"<script> [1562 bytes]","args":[{"selector":{"controlType":"sap.m.NumericInput","viewName":"etm.portal.ui.managestatesandperformance.view.Detail","viewId":"application-managestatesandperformance-display-component---detailStateAndPerform","properties":{"value":"0"},"searchOpenDialogs":true,"interaction":{"idSuffix":"inner"}},"wdio_ui5_key":"etmportal.ui.managestatesandperformance.view.Detailsap.m.NumericInput{\"value\":\"0\"}"}]}
RESULT: {"script":"<script> [1562 bytes]","args":[{"selector":{"controlType":"sap.m.NumericInput","viewName":"etm.portal.ui.managestatesandperformance.view.Detail","viewId":"application-managestatesandperformance-display-component---detailStateAndPerform","properties":{"value":"0"},"searchOpenDialogs":true,"interaction":{"idSuffix":"inner"}},"wdio_ui5_key":"etmportal.ui.managestatesandperformance.view.Detailsap.m.NumericInput{\"value\":\"0\"}"}]}
RESULT: undefined
COMMAND: POST /session/7f6ec3857c10649f26842f36b7e75a4c/execute/async - {"script":"<script> [1562 bytes]","args":[{"selector":{"controlType":"sap.m.Button","viewName":"etm.portal.ui.managestatesandperformance.view.Detail","viewId":"application-managestatesandperformance-display-component---detailStateAndPerform","i18NText":{"propertyName":"text","key":"save"},"searchOpenDialogs":true,"interaction":{"idSuffix":"BDI-content"}},"wdio_ui5_key":"etmportal.ui.managestatesandperformance.view.Detailsap.m.Button{\"propertyName\":\"text\",\"key\":\"save\"}"}]}
RESULT: {"script":"<script> [1562 bytes]","args":[{"selector":{"controlType":"sap.m.Button","viewName":"etm.portal.ui.managestatesandperformance.view.Detail","viewId":"application-managestatesandperformance-display-component---detailStateAndPerform","i18NText":{"propertyName":"text","key":"save"},"searchOpenDialogs":true,"interaction":{"idSuffix":"BDI-content"}},"wdio_ui5_key":"etmportal.ui.managestatesandperformance.view.Detailsap.m.Button{\"propertyName\":\"text\",\"key\":\"save\"}"}]}
RESULT: undefined
COMMAND: POST /session/7f6ec3857c10649f26842f36b7e75a4c/element - {"using":"css selector","value":"#shell-header-logo"}
RESULT: {"using":"css selector","value":"#shell-header-logo"}
COMMAND: POST /session/7f6ec3857c10649f26842f36b7e75a4c/element/f.4BE7CB3E9946CAC77AC1BA1FEFE24C33.d.C28BE9190C251768F552AC31AF060CA5.e.20439/click - {}
RESULT: {}
COMMAND: GET /session/7f6ec3857c10649f26842f36b7e75a4c/screenshot - {}
RESULT: {}
]]></system-out>
    </testcase>
  </testsuite>
  <testsuite timestamp="2025-05-15T09:10:54" time="568.483" tests="7" failures="2" errors="2" skipped="0">
    <properties>
      <property name="specId" value="0" />
      <property name="suiteName" value="Transfer Yard to Yard US131076" />
      <property name="capabilities" value="chrome.136_0_7103_49.windows" />
      <property name="file" value="file:///D:/a/1/s/test/specs/HTR/transfer-yard-to-yard.spec.js" />
    </properties>
    <testcase classname="chrome.136_0_7103_49.windows.Transfer_Yard_to_Yard_US131076" name="Should create a new yard" time="0.022">
      <system-out><![CDATA[
COMMAND: POST /session/7f6ec3857c10649f26842f36b7e75a4c/window/fullscreen - {}
RESULT: {}
]]></system-out>
    </testcase>
    <testcase classname="chrome.136_0_7103_49.windows.Transfer_Yard_to_Yard_US131076" name="Should create a new 2nd yard" time="114.714">
      <system-out><![CDATA[
COMMAND: POST /session/7f6ec3857c10649f26842f36b7e75a4c/window/fullscreen - {}
RESULT: {}
COMMAND: POST /session/7f6ec3857c10649f26842f36b7e75a4c/execute/async - {"script":"<script> [1562 bytes]","args":[{"selector":{"controlType":"sap.m.GenericTile","properties":{"header":"Manage Yards"}},"wdio_ui5_key":"sapm.GenericTile{\"header\":\"Manage Yards\"}"}]}
RESULT: {"script":"<script> [1562 bytes]","args":[{"selector":{"controlType":"sap.m.GenericTile","properties":{"header":"Manage Yards"}},"wdio_ui5_key":"sapm.GenericTile{\"header\":\"Manage Yards\"}"}]}
RESULT: undefined
COMMAND: POST /session/7f6ec3857c10649f26842f36b7e75a4c/element - {"using":"xpath","value":"//*[@id=\"__tile33\"]"}
RESULT: {"using":"xpath","value":"//*[@id=\"__tile33\"]"}
COMMAND: POST /session/7f6ec3857c10649f26842f36b7e75a4c/element/f.4BE7CB3E9946CAC77AC1BA1FEFE24C33.d.C40F414F5E3A0358A01E3F8B41FCFFB2.e.21404/click - {}
RESULT: {}
COMMAND: GET /session/7f6ec3857c10649f26842f36b7e75a4c/screenshot - {}
RESULT: {}
COMMAND: POST /session/7f6ec3857c10649f26842f36b7e75a4c/elements - {"using":"xpath","value":"//span[text()='Error']"}
RESULT: {"using":"xpath","value":"//span[text()='Error']"}
COMMAND: POST /session/7f6ec3857c10649f26842f36b7e75a4c/element - {"using":"xpath","value":"//button[@data-kt=\"addNewYardOverflowToolbarButton\"]"}
RESULT: {"using":"xpath","value":"//button[@data-kt=\"addNewYardOverflowToolbarButton\"]"}
COMMAND: POST /session/7f6ec3857c10649f26842f36b7e75a4c/elements - {"using":"xpath","value":"//button[@data-kt=\"addNewYardOverflowToolbarButton\"]"}
RESULT: {"using":"xpath","value":"//button[@data-kt=\"addNewYardOverflowToolbarButton\"]"}
COMMAND: POST /session/7f6ec3857c10649f26842f36b7e75a4c/execute/sync - {"script":"<script> [8489 bytes]","args":[{"element-6066-11e4-a52e-4f735466cecf":"f.4BE7CB3E9946CAC77AC1BA1FEFE24C33.d.C40F414F5E3A0358A01E3F8B41FCFFB2.e.21528","ELEMENT":"f.4BE7CB3E9946CAC77AC1BA1FEFE24C33.d.C40F414F5E3A0358A01E3F8B41FCFFB2.e.21528"}]}
RESULT: {"script":"<script> [8489 bytes]","args":[{"element-6066-11e4-a52e-4f735466cecf":"f.4BE7CB3E9946CAC77AC1BA1FEFE24C33.d.C40F414F5E3A0358A01E3F8B41FCFFB2.e.21528","ELEMENT":"f.4BE7CB3E9946CAC77AC1BA1FEFE24C33.d.C40F414F5E3A0358A01E3F8B41FCFFB2.e.21528"}]}
COMMAND: GET /session/7f6ec3857c10649f26842f36b7e75a4c/element/f.4BE7CB3E9946CAC77AC1BA1FEFE24C33.d.C40F414F5E3A0358A01E3F8B41FCFFB2.e.21528/enabled - {}
COMMAND: GET /session/7f6ec3857c10649f26842f36b7e75a4c/screenshot - {}
RESULT: {}
COMMAND: POST /session/7f6ec3857c10649f26842f36b7e75a4c/execute/sync - {"script":"<script> [8489 bytes]","args":[{"element-6066-11e4-a52e-4f735466cecf":"f.4BE7CB3E9946CAC77AC1BA1FEFE24C33.d.C40F414F5E3A0358A01E3F8B41FCFFB2.e.21528","ELEMENT":"f.4BE7CB3E9946CAC77AC1BA1FEFE24C33.d.C40F414F5E3A0358A01E3F8B41FCFFB2.e.21528"}]}
COMMAND: GET /session/7f6ec3857c10649f26842f36b7e75a4c/screenshot - {}
RESULT: {}
RESULT: {"script":"<script> [8489 bytes]","args":[{"element-6066-11e4-a52e-4f735466cecf":"f.4BE7CB3E9946CAC77AC1BA1FEFE24C33.d.C40F414F5E3A0358A01E3F8B41FCFFB2.e.21528","ELEMENT":"f.4BE7CB3E9946CAC77AC1BA1FEFE24C33.d.C40F414F5E3A0358A01E3F8B41FCFFB2.e.21528"}]}
COMMAND: POST /session/7f6ec3857c10649f26842f36b7e75a4c/execute/sync - {"script":"<script> [5351 bytes]","args":[{"element-6066-11e4-a52e-4f735466cecf":"f.4BE7CB3E9946CAC77AC1BA1FEFE24C33.d.C40F414F5E3A0358A01E3F8B41FCFFB2.e.21528","ELEMENT":"f.4BE7CB3E9946CAC77AC1BA1FEFE24C33.d.C40F414F5E3A0358A01E3F8B41FCFFB2.e.21528"}]}
COMMAND: GET /session/7f6ec3857c10649f26842f36b7e75a4c/screenshot - {}
RESULT: {}
RESULT: {"script":"<script> [5351 bytes]","args":[{"element-6066-11e4-a52e-4f735466cecf":"f.4BE7CB3E9946CAC77AC1BA1FEFE24C33.d.C40F414F5E3A0358A01E3F8B41FCFFB2.e.21528","ELEMENT":"f.4BE7CB3E9946CAC77AC1BA1FEFE24C33.d.C40F414F5E3A0358A01E3F8B41FCFFB2.e.21528"}]}
COMMAND: POST /session/7f6ec3857c10649f26842f36b7e75a4c/element/f.4BE7CB3E9946CAC77AC1BA1FEFE24C33.d.C40F414F5E3A0358A01E3F8B41FCFFB2.e.21528/click - {}
COMMAND: GET /session/7f6ec3857c10649f26842f36b7e75a4c/screenshot - {}
RESULT: {}
RESULT: {}
COMMAND: GET /session/7f6ec3857c10649f26842f36b7e75a4c/screenshot - {}
RESULT: {}
RESULT: {}
COMMAND: POST /session/7f6ec3857c10649f26842f36b7e75a4c/element - {"using":"xpath","value":"//input[@id=\"application-manageyards-display-component---NewYard--yardId-inner\"]"}
RESULT: {"using":"xpath","value":"//input[@id=\"application-manageyards-display-component---NewYard--yardId-inner\"]"}
COMMAND: POST /session/7f6ec3857c10649f26842f36b7e75a4c/element - {"using":"xpath","value":"//input[@id=\"application-manageyards-display-component---NewYard--yardId-inner\"]"}
RESULT: {"using":"xpath","value":"//input[@id=\"application-manageyards-display-component---NewYard--yardId-inner\"]"}
COMMAND: POST /session/7f6ec3857c10649f26842f36b7e75a4c/execute/async - {"script":"<script> [1562 bytes]","args":[{"selector":{"id":"application-manageyards-display-component---NewYard--addressDetailDetailsName1","interaction":{"idSuffix":"inner"}},"wdio_ui5_key":"applicationmanageyards-display-component---NewYard--addressDetailDetailsName1"}]}
RESULT: {"script":"<script> [1562 bytes]","args":[{"selector":{"id":"application-manageyards-display-component---NewYard--addressDetailDetailsName1","interaction":{"idSuffix":"inner"}},"wdio_ui5_key":"applicationmanageyards-display-component---NewYard--addressDetailDetailsName1"}]}
RESULT: undefined
COMMAND: POST /session/7f6ec3857c10649f26842f36b7e75a4c/execute/async - {"script":"<script> [776 bytes]","args":[{"enterText":"Intracompany Yard wdIO","selector":{"id":"application-manageyards-display-component---NewYard--addressDetailDetailsName1","interaction":{"idSuffix":"inner"}},"clearTextFirst":true,"interactionType":"ENTER_TEXT"}]}
RESULT: {"script":"<script> [776 bytes]","args":[{"enterText":"Intracompany Yard wdIO","selector":{"id":"application-manageyards-display-component---NewYard--addressDetailDetailsName1","interaction":{"idSuffix":"inner"}},"clearTextFirst":true,"interactionType":"ENTER_TEXT"}]}
COMMAND: POST /session/7f6ec3857c10649f26842f36b7e75a4c/execute/async - {"script":"<script> [1562 bytes]","args":[{"selector":{"id":"application-manageyards-display-component---NewYard--addressDetailDetailsLanguage-arrow"},"wdio_ui5_key":"applicationmanageyards-display-component---NewYard--addressDetailDetailsLanguage-arrow"}]}
RESULT: {"script":"<script> [1562 bytes]","args":[{"selector":{"id":"application-manageyards-display-component---NewYard--addressDetailDetailsLanguage-arrow"},"wdio_ui5_key":"applicationmanageyards-display-component---NewYard--addressDetailDetailsLanguage-arrow"}]}
RESULT: undefined
COMMAND: POST /session/7f6ec3857c10649f26842f36b7e75a4c/element - {"using":"xpath","value":"//*[@id=\"application-manageyards-display-component---NewYard--addressDetailDetailsLanguage-arrow\"]"}
RESULT: {"using":"xpath","value":"//*[@id=\"application-manageyards-display-component---NewYard--addressDetailDetailsLanguage-arrow\"]"}
COMMAND: POST /session/7f6ec3857c10649f26842f36b7e75a4c/element/f.4BE7CB3E9946CAC77AC1BA1FEFE24C33.d.C40F414F5E3A0358A01E3F8B41FCFFB2.e.21972/click - {}
RESULT: {}
COMMAND: POST /session/7f6ec3857c10649f26842f36b7e75a4c/element - {"using":"xpath","value":"//span[contains(text(), \"English\")]"}
COMMAND: GET /session/7f6ec3857c10649f26842f36b7e75a4c/screenshot - {}
RESULT: {"using":"xpath","value":"//span[contains(text(), \"English\")]"}
COMMAND: POST /session/7f6ec3857c10649f26842f36b7e75a4c/element/f.4BE7CB3E9946CAC77AC1BA1FEFE24C33.d.C40F414F5E3A0358A01E3F8B41FCFFB2.e.21973/click - {}
RESULT: {}
RESULT: {}
COMMAND: POST /session/7f6ec3857c10649f26842f36b7e75a4c/execute/async - {"script":"<script> [1562 bytes]","args":[{"selector":{"id":"application-manageyards-display-component---NewYard--addressDetailDetailsCity1","interaction":{"idSuffix":"inner"}},"wdio_ui5_key":"applicationmanageyards-display-component---NewYard--addressDetailDetailsCity1"}]}
COMMAND: GET /session/7f6ec3857c10649f26842f36b7e75a4c/screenshot - {}
RESULT: {"script":"<script> [1562 bytes]","args":[{"selector":{"id":"application-manageyards-display-component---NewYard--addressDetailDetailsCity1","interaction":{"idSuffix":"inner"}},"wdio_ui5_key":"applicationmanageyards-display-component---NewYard--addressDetailDetailsCity1"}]}
RESULT: undefined
COMMAND: POST /session/7f6ec3857c10649f26842f36b7e75a4c/execute/async - {"script":"<script> [776 bytes]","args":[{"enterText":"Rosario","selector":{"id":"application-manageyards-display-component---NewYard--addressDetailDetailsCity1","interaction":{"idSuffix":"inner"}},"clearTextFirst":true,"interactionType":"ENTER_TEXT"}]}
RESULT: {}
RESULT: {"script":"<script> [776 bytes]","args":[{"enterText":"Rosario","selector":{"id":"application-manageyards-display-component---NewYard--addressDetailDetailsCity1","interaction":{"idSuffix":"inner"}},"clearTextFirst":true,"interactionType":"ENTER_TEXT"}]}
COMMAND: POST /session/7f6ec3857c10649f26842f36b7e75a4c/execute/async - {"script":"<script> [1562 bytes]","args":[{"selector":{"id":"application-manageyards-display-component---NewYard--addressDetailDetailsCountry-arrow"},"wdio_ui5_key":"applicationmanageyards-display-component---NewYard--addressDetailDetailsCountry-arrow"}]}
RESULT: {"script":"<script> [1562 bytes]","args":[{"selector":{"id":"application-manageyards-display-component---NewYard--addressDetailDetailsCountry-arrow"},"wdio_ui5_key":"applicationmanageyards-display-component---NewYard--addressDetailDetailsCountry-arrow"}]}
RESULT: undefined
COMMAND: POST /session/7f6ec3857c10649f26842f36b7e75a4c/element - {"using":"xpath","value":"//*[@id=\"application-manageyards-display-component---NewYard--addressDetailDetailsCountry-arrow\"]"}
RESULT: {"using":"xpath","value":"//*[@id=\"application-manageyards-display-component---NewYard--addressDetailDetailsCountry-arrow\"]"}
COMMAND: POST /session/7f6ec3857c10649f26842f36b7e75a4c/element/f.4BE7CB3E9946CAC77AC1BA1FEFE24C33.d.C40F414F5E3A0358A01E3F8B41FCFFB2.e.21975/click - {}
RESULT: {}
COMMAND: POST /session/7f6ec3857c10649f26842f36b7e75a4c/element - {"using":"xpath","value":"//span[contains(text(), \"Argentina\")]"}
COMMAND: GET /session/7f6ec3857c10649f26842f36b7e75a4c/screenshot - {}
RESULT: {"using":"xpath","value":"//span[contains(text(), \"Argentina\")]"}
COMMAND: POST /session/7f6ec3857c10649f26842f36b7e75a4c/element/f.4BE7CB3E9946CAC77AC1BA1FEFE24C33.d.C40F414F5E3A0358A01E3F8B41FCFFB2.e.21976/click - {}
RESULT: {}
RESULT: {}
COMMAND: POST /session/7f6ec3857c10649f26842f36b7e75a4c/execute/async - {"script":"<script> [1562 bytes]","args":[{"selector":{"id":"application-manageyards-display-component---NewYard--addressEditDetailsCostObjectCstType-arrow"},"wdio_ui5_key":"applicationmanageyards-display-component---NewYard--addressEditDetailsCostObjectCstType-arrow"}]}
COMMAND: GET /session/7f6ec3857c10649f26842f36b7e75a4c/screenshot - {}
RESULT: {"script":"<script> [1562 bytes]","args":[{"selector":{"id":"application-manageyards-display-component---NewYard--addressEditDetailsCostObjectCstType-arrow"},"wdio_ui5_key":"applicationmanageyards-display-component---NewYard--addressEditDetailsCostObjectCstType-arrow"}]}
RESULT: undefined
COMMAND: POST /session/7f6ec3857c10649f26842f36b7e75a4c/element - {"using":"xpath","value":"//*[@id=\"application-manageyards-display-component---NewYard--addressEditDetailsCostObjectCstType-arrow\"]"}
RESULT: {}
RESULT: {"using":"xpath","value":"//*[@id=\"application-manageyards-display-component---NewYard--addressEditDetailsCostObjectCstType-arrow\"]"}
COMMAND: POST /session/7f6ec3857c10649f26842f36b7e75a4c/element/f.4BE7CB3E9946CAC77AC1BA1FEFE24C33.d.C40F414F5E3A0358A01E3F8B41FCFFB2.e.21977/click - {}
RESULT: {}
COMMAND: POST /session/7f6ec3857c10649f26842f36b7e75a4c/element - {"using":"xpath","value":"//span[contains(text(), \"Cost Center\")]"}
COMMAND: GET /session/7f6ec3857c10649f26842f36b7e75a4c/screenshot - {}
RESULT: {"using":"xpath","value":"//span[contains(text(), \"Cost Center\")]"}
COMMAND: POST /session/7f6ec3857c10649f26842f36b7e75a4c/element/f.4BE7CB3E9946CAC77AC1BA1FEFE24C33.d.C40F414F5E3A0358A01E3F8B41FCFFB2.e.21978/click - {}
RESULT: {}
RESULT: {}
COMMAND: GET /session/7f6ec3857c10649f26842f36b7e75a4c/screenshot - {}
RESULT: {}
COMMAND: POST /session/7f6ec3857c10649f26842f36b7e75a4c/element - {"using":"xpath","value":"//span[@id=\"application-manageyards-display-component---NewYard--addressNewCostObjectCstID-vhi\"]"}
RESULT: {"using":"xpath","value":"//span[@id=\"application-manageyards-display-component---NewYard--addressNewCostObjectCstID-vhi\"]"}
COMMAND: POST /session/7f6ec3857c10649f26842f36b7e75a4c/execute/sync - {"script":"<script> [8489 bytes]","args":[{"element-6066-11e4-a52e-4f735466cecf":"f.4BE7CB3E9946CAC77AC1BA1FEFE24C33.d.C40F414F5E3A0358A01E3F8B41FCFFB2.e.21982","ELEMENT":"f.4BE7CB3E9946CAC77AC1BA1FEFE24C33.d.C40F414F5E3A0358A01E3F8B41FCFFB2.e.21982"}]}
RESULT: {"script":"<script> [8489 bytes]","args":[{"element-6066-11e4-a52e-4f735466cecf":"f.4BE7CB3E9946CAC77AC1BA1FEFE24C33.d.C40F414F5E3A0358A01E3F8B41FCFFB2.e.21982","ELEMENT":"f.4BE7CB3E9946CAC77AC1BA1FEFE24C33.d.C40F414F5E3A0358A01E3F8B41FCFFB2.e.21982"}]}
COMMAND: POST /session/7f6ec3857c10649f26842f36b7e75a4c/execute/async - {"script":"<script> [1562 bytes]","args":[{"selector":{"id":"application-manageyards-display-component---NewYard--addressNewCostObjectCstID-vhi"},"wdio_ui5_key":"applicationmanageyards-display-component---NewYard--addressNewCostObjectCstID-vhi"}]}
COMMAND: GET /session/7f6ec3857c10649f26842f36b7e75a4c/screenshot - {}
RESULT: {"script":"<script> [1562 bytes]","args":[{"selector":{"id":"application-manageyards-display-component---NewYard--addressNewCostObjectCstID-vhi"},"wdio_ui5_key":"applicationmanageyards-display-component---NewYard--addressNewCostObjectCstID-vhi"}]}
RESULT: undefined
COMMAND: POST /session/7f6ec3857c10649f26842f36b7e75a4c/element - {"using":"xpath","value":"//*[@id=\"application-manageyards-display-component---NewYard--addressNewCostObjectCstID-vhi\"]"}
RESULT: {}
RESULT: {"using":"xpath","value":"//*[@id=\"application-manageyards-display-component---NewYard--addressNewCostObjectCstID-vhi\"]"}
COMMAND: POST /session/7f6ec3857c10649f26842f36b7e75a4c/element/f.4BE7CB3E9946CAC77AC1BA1FEFE24C33.d.C40F414F5E3A0358A01E3F8B41FCFFB2.e.21982/click - {}
RESULT: {}
COMMAND: GET /session/7f6ec3857c10649f26842f36b7e75a4c/screenshot - {}
RESULT: {}
COMMAND: POST /session/7f6ec3857c10649f26842f36b7e75a4c/execute/async - {"script":"<script> [1562 bytes]","args":[{"selector":{"controlType":"sap.m.SearchField","properties":{"placeholder":"Search"},"searchOpenDialogs":true,"interaction":{"idSuffix":"I"}},"wdio_ui5_key":"sapm.SearchField{\"placeholder\":\"Search\"}"}]}
RESULT: {"script":"<script> [1562 bytes]","args":[{"selector":{"controlType":"sap.m.SearchField","properties":{"placeholder":"Search"},"searchOpenDialogs":true,"interaction":{"idSuffix":"I"}},"wdio_ui5_key":"sapm.SearchField{\"placeholder\":\"Search\"}"}]}
RESULT: undefined
COMMAND: POST /session/7f6ec3857c10649f26842f36b7e75a4c/execute/async - {"script":"<script> [776 bytes]","args":[{"enterText":"bauh_b","selector":{"controlType":"sap.m.SearchField","properties":{"placeholder":"Search"},"searchOpenDialogs":true,"interaction":{"idSuffix":"I"}},"clearTextFirst":true,"interactionType":"ENTER_TEXT"}]}
RESULT: {"script":"<script> [776 bytes]","args":[{"enterText":"bauh_b","selector":{"controlType":"sap.m.SearchField","properties":{"placeholder":"Search"},"searchOpenDialogs":true,"interaction":{"idSuffix":"I"}},"clearTextFirst":true,"interactionType":"ENTER_TEXT"}]}
COMMAND: POST /session/7f6ec3857c10649f26842f36b7e75a4c/actions - {"actions":[{"id":"action65","type":"key","parameters":{},"actions":[{"type":"keyDown","value":"î€‡"},{"type":"pause","duration":10},{"type":"keyUp","value":"î€‡"}]}]}
RESULT: {"actions":[{"id":"action65","type":"key","parameters":{},"actions":[{"type":"keyDown","value":"î€‡"},{"type":"pause","duration":10},{"type":"keyUp","value":"î€‡"}]}]}
COMMAND: GET /session/7f6ec3857c10649f26842f36b7e75a4c/screenshot - {}
RESULT: {}
COMMAND: POST /session/7f6ec3857c10649f26842f36b7e75a4c/element - {"using":"xpath","value":"//span[contains(text(), \"Demo Yard\")]"}
RESULT: {"using":"xpath","value":"//span[contains(text(), \"Demo Yard\")]"}
COMMAND: POST /session/7f6ec3857c10649f26842f36b7e75a4c/element/f.4BE7CB3E9946CAC77AC1BA1FEFE24C33.d.C40F414F5E3A0358A01E3F8B41FCFFB2.e.22022/click - {}
RESULT: {}
COMMAND: GET /session/7f6ec3857c10649f26842f36b7e75a4c/screenshot - {}
RESULT: {}
COMMAND: POST /session/7f6ec3857c10649f26842f36b7e75a4c/element - {"using":"xpath","value":"//bdi[contains(text(), \"OK\")]"}
RESULT: {"using":"xpath","value":"//bdi[contains(text(), \"OK\")]"}
COMMAND: POST /session/7f6ec3857c10649f26842f36b7e75a4c/element/f.4BE7CB3E9946CAC77AC1BA1FEFE24C33.d.C40F414F5E3A0358A01E3F8B41FCFFB2.e.22023/click - {}
RESULT: {}
COMMAND: GET /session/7f6ec3857c10649f26842f36b7e75a4c/screenshot - {}
RESULT: {}
COMMAND: POST /session/7f6ec3857c10649f26842f36b7e75a4c/execute/async - {"script":"<script> [1562 bytes]","args":[{"selector":{"id":"application-manageyards-display-component---NewYard--addressEditDetailsCurrency-arrow"},"wdio_ui5_key":"applicationmanageyards-display-component---NewYard--addressEditDetailsCurrency-arrow"}]}
RESULT: {"script":"<script> [1562 bytes]","args":[{"selector":{"id":"application-manageyards-display-component---NewYard--addressEditDetailsCurrency-arrow"},"wdio_ui5_key":"applicationmanageyards-display-component---NewYard--addressEditDetailsCurrency-arrow"}]}
RESULT: undefined
COMMAND: POST /session/7f6ec3857c10649f26842f36b7e75a4c/element - {"using":"xpath","value":"//*[@id=\"application-manageyards-display-component---NewYard--addressEditDetailsCurrency-arrow\"]"}
RESULT: {"using":"xpath","value":"//*[@id=\"application-manageyards-display-component---NewYard--addressEditDetailsCurrency-arrow\"]"}
COMMAND: POST /session/7f6ec3857c10649f26842f36b7e75a4c/element/f.4BE7CB3E9946CAC77AC1BA1FEFE24C33.d.C40F414F5E3A0358A01E3F8B41FCFFB2.e.22026/click - {}
RESULT: {}
COMMAND: POST /session/7f6ec3857c10649f26842f36b7e75a4c/element - {"using":"xpath","value":"//span[contains(text(), \"Euro\")]"}
COMMAND: GET /session/7f6ec3857c10649f26842f36b7e75a4c/screenshot - {}
RESULT: {"using":"xpath","value":"//span[contains(text(), \"Euro\")]"}
COMMAND: POST /session/7f6ec3857c10649f26842f36b7e75a4c/element/f.4BE7CB3E9946CAC77AC1BA1FEFE24C33.d.C40F414F5E3A0358A01E3F8B41FCFFB2.e.22027/click - {}
RESULT: {}
RESULT: {}
COMMAND: POST /session/7f6ec3857c10649f26842f36b7e75a4c/execute/async - {"script":"<script> [1562 bytes]","args":[{"selector":{"controlType":"sap.m.Input","viewName":"etm.portal.ui.manageyards.view.New","viewId":"application-manageyards-display-component---NewYard","bindingPath":{"path":"","propertyPath":"/CONTROLLING_AREA","modelName":"NewYardModel"},"interaction":{"idSuffix":"inner"}},"wdio_ui5_key":"etmportal.ui.manageyards.view.Newsap.m.Input{\"path\":\"\",\"propertyPath\":\"/CONTROLLING_AREA\",\"modelName\":\"NewYardModel\"}"}]}
COMMAND: GET /session/7f6ec3857c10649f26842f36b7e75a4c/screenshot - {}
RESULT: {"script":"<script> [1562 bytes]","args":[{"selector":{"controlType":"sap.m.Input","viewName":"etm.portal.ui.manageyards.view.New","viewId":"application-manageyards-display-component---NewYard","bindingPath":{"path":"","propertyPath":"/CONTROLLING_AREA","modelName":"NewYardModel"},"interaction":{"idSuffix":"inner"}},"wdio_ui5_key":"etmportal.ui.manageyards.view.Newsap.m.Input{\"path\":\"\",\"propertyPath\":\"/CONTROLLING_AREA\",\"modelName\":\"NewYardModel\"}"}]}
RESULT: undefined
COMMAND: POST /session/7f6ec3857c10649f26842f36b7e75a4c/execute/async - {"script":"<script> [776 bytes]","args":[{"enterText":"Z001","selector":{"controlType":"sap.m.Input","viewName":"etm.portal.ui.manageyards.view.New","viewId":"application-manageyards-display-component---NewYard","bindingPath":{"path":"","propertyPath":"/CONTROLLING_AREA","modelName":"NewYardModel"},"interaction":{"idSuffix":"inner"}},"clearTextFirst":true,"interactionType":"ENTER_TEXT"}]}
RESULT: {}
RESULT: {"script":"<script> [776 bytes]","args":[{"enterText":"Z001","selector":{"controlType":"sap.m.Input","viewName":"etm.portal.ui.manageyards.view.New","viewId":"application-manageyards-display-component---NewYard","bindingPath":{"path":"","propertyPath":"/CONTROLLING_AREA","modelName":"NewYardModel"},"interaction":{"idSuffix":"inner"}},"clearTextFirst":true,"interactionType":"ENTER_TEXT"}]}
COMMAND: POST /session/7f6ec3857c10649f26842f36b7e75a4c/execute/async - {"script":"<script> [1562 bytes]","args":[{"selector":{"id":"application-manageyards-display-component---NewYard--companyCodeComboBox","interaction":{"idSuffix":"inner"}},"wdio_ui5_key":"applicationmanageyards-display-component---NewYard--companyCodeComboBox"}]}
RESULT: {"script":"<script> [1562 bytes]","args":[{"selector":{"id":"application-manageyards-display-component---NewYard--companyCodeComboBox","interaction":{"idSuffix":"inner"}},"wdio_ui5_key":"applicationmanageyards-display-component---NewYard--companyCodeComboBox"}]}
RESULT: undefined
COMMAND: POST /session/7f6ec3857c10649f26842f36b7e75a4c/execute/async - {"script":"<script> [776 bytes]","args":[{"enterText":"1000","selector":{"id":"application-manageyards-display-component---NewYard--companyCodeComboBox","interaction":{"idSuffix":"inner"}},"clearTextFirst":true,"interactionType":"ENTER_TEXT"}]}
RESULT: {"script":"<script> [776 bytes]","args":[{"enterText":"1000","selector":{"id":"application-manageyards-display-component---NewYard--companyCodeComboBox","interaction":{"idSuffix":"inner"}},"clearTextFirst":true,"interactionType":"ENTER_TEXT"}]}
COMMAND: POST /session/7f6ec3857c10649f26842f36b7e75a4c/execute/async - {"script":"<script> [1562 bytes]","args":[{"selector":{"controlType":"sap.m.Input","viewName":"etm.portal.ui.manageyards.view.New","viewId":"application-manageyards-display-component---NewYard","bindingPath":{"path":"","propertyPath":"/PLANT","modelName":"NewYardModel"},"interaction":{"idSuffix":"inner"}},"wdio_ui5_key":"etmportal.ui.manageyards.view.Newsap.m.Input{\"path\":\"\",\"propertyPath\":\"/PLANT\",\"modelName\":\"NewYardModel\"}"}]}
RESULT: {"script":"<script> [1562 bytes]","args":[{"selector":{"controlType":"sap.m.Input","viewName":"etm.portal.ui.manageyards.view.New","viewId":"application-manageyards-display-component---NewYard","bindingPath":{"path":"","propertyPath":"/PLANT","modelName":"NewYardModel"},"interaction":{"idSuffix":"inner"}},"wdio_ui5_key":"etmportal.ui.manageyards.view.Newsap.m.Input{\"path\":\"\",\"propertyPath\":\"/PLANT\",\"modelName\":\"NewYardModel\"}"}]}
RESULT: undefined
COMMAND: POST /session/7f6ec3857c10649f26842f36b7e75a4c/execute/async - {"script":"<script> [776 bytes]","args":[{"enterText":"1001","selector":{"controlType":"sap.m.Input","viewName":"etm.portal.ui.manageyards.view.New","viewId":"application-manageyards-display-component---NewYard","bindingPath":{"path":"","propertyPath":"/PLANT","modelName":"NewYardModel"},"interaction":{"idSuffix":"inner"}},"clearTextFirst":true,"interactionType":"ENTER_TEXT"}]}
RESULT: {"script":"<script> [776 bytes]","args":[{"enterText":"1001","selector":{"controlType":"sap.m.Input","viewName":"etm.portal.ui.manageyards.view.New","viewId":"application-manageyards-display-component---NewYard","bindingPath":{"path":"","propertyPath":"/PLANT","modelName":"NewYardModel"},"interaction":{"idSuffix":"inner"}},"clearTextFirst":true,"interactionType":"ENTER_TEXT"}]}
COMMAND: POST /session/7f6ec3857c10649f26842f36b7e75a4c/execute/async - {"script":"<script> [1562 bytes]","args":[{"selector":{"controlType":"sap.m.Input","viewName":"etm.portal.ui.manageyards.view.New","viewId":"application-manageyards-display-component---NewYard","bindingPath":{"path":"","propertyPath":"/SALES_AREA_VKORG","modelName":"NewYardModel"},"interaction":{"idSuffix":"inner"}},"wdio_ui5_key":"etmportal.ui.manageyards.view.Newsap.m.Input{\"path\":\"\",\"propertyPath\":\"/SALES_AREA_VKORG\",\"modelName\":\"NewYardModel\"}"}]}
RESULT: {"script":"<script> [1562 bytes]","args":[{"selector":{"controlType":"sap.m.Input","viewName":"etm.portal.ui.manageyards.view.New","viewId":"application-manageyards-display-component---NewYard","bindingPath":{"path":"","propertyPath":"/SALES_AREA_VKORG","modelName":"NewYardModel"},"interaction":{"idSuffix":"inner"}},"wdio_ui5_key":"etmportal.ui.manageyards.view.Newsap.m.Input{\"path\":\"\",\"propertyPath\":\"/SALES_AREA_VKORG\",\"modelName\":\"NewYardModel\"}"}]}
RESULT: undefined
COMMAND: POST /session/7f6ec3857c10649f26842f36b7e75a4c/execute/async - {"script":"<script> [776 bytes]","args":[{"enterText":"C002","selector":{"controlType":"sap.m.Input","viewName":"etm.portal.ui.manageyards.view.New","viewId":"application-manageyards-display-component---NewYard","bindingPath":{"path":"","propertyPath":"/SALES_AREA_VKORG","modelName":"NewYardModel"},"interaction":{"idSuffix":"inner"}},"clearTextFirst":true,"interactionType":"ENTER_TEXT"}]}
RESULT: {"script":"<script> [776 bytes]","args":[{"enterText":"C002","selector":{"controlType":"sap.m.Input","viewName":"etm.portal.ui.manageyards.view.New","viewId":"application-manageyards-display-component---NewYard","bindingPath":{"path":"","propertyPath":"/SALES_AREA_VKORG","modelName":"NewYardModel"},"interaction":{"idSuffix":"inner"}},"clearTextFirst":true,"interactionType":"ENTER_TEXT"}]}
COMMAND: POST /session/7f6ec3857c10649f26842f36b7e75a4c/execute/async - {"script":"<script> [1562 bytes]","args":[{"selector":{"controlType":"sap.m.Input","viewName":"etm.portal.ui.manageyards.view.New","viewId":"application-manageyards-display-component---NewYard","bindingPath":{"path":"","propertyPath":"/SALES_AREA_VTWEG","modelName":"NewYardModel"},"interaction":{"idSuffix":"inner"}},"wdio_ui5_key":"etmportal.ui.manageyards.view.Newsap.m.Input{\"path\":\"\",\"propertyPath\":\"/SALES_AREA_VTWEG\",\"modelName\":\"NewYardModel\"}"}]}
RESULT: {"script":"<script> [1562 bytes]","args":[{"selector":{"controlType":"sap.m.Input","viewName":"etm.portal.ui.manageyards.view.New","viewId":"application-manageyards-display-component---NewYard","bindingPath":{"path":"","propertyPath":"/SALES_AREA_VTWEG","modelName":"NewYardModel"},"interaction":{"idSuffix":"inner"}},"wdio_ui5_key":"etmportal.ui.manageyards.view.Newsap.m.Input{\"path\":\"\",\"propertyPath\":\"/SALES_AREA_VTWEG\",\"modelName\":\"NewYardModel\"}"}]}
RESULT: undefined
COMMAND: POST /session/7f6ec3857c10649f26842f36b7e75a4c/execute/async - {"script":"<script> [776 bytes]","args":[{"enterText":"C2","selector":{"controlType":"sap.m.Input","viewName":"etm.portal.ui.manageyards.view.New","viewId":"application-manageyards-display-component---NewYard","bindingPath":{"path":"","propertyPath":"/SALES_AREA_VTWEG","modelName":"NewYardModel"},"interaction":{"idSuffix":"inner"}},"clearTextFirst":true,"interactionType":"ENTER_TEXT"}]}
RESULT: {"script":"<script> [776 bytes]","args":[{"enterText":"C2","selector":{"controlType":"sap.m.Input","viewName":"etm.portal.ui.manageyards.view.New","viewId":"application-manageyards-display-component---NewYard","bindingPath":{"path":"","propertyPath":"/SALES_AREA_VTWEG","modelName":"NewYardModel"},"interaction":{"idSuffix":"inner"}},"clearTextFirst":true,"interactionType":"ENTER_TEXT"}]}
COMMAND: POST /session/7f6ec3857c10649f26842f36b7e75a4c/execute/async - {"script":"<script> [1562 bytes]","args":[{"selector":{"controlType":"sap.m.Input","viewName":"etm.portal.ui.manageyards.view.New","viewId":"application-manageyards-display-component---NewYard","bindingPath":{"path":"","propertyPath":"/SALES_AREA_SPART","modelName":"NewYardModel"},"interaction":{"idSuffix":"inner"}},"wdio_ui5_key":"etmportal.ui.manageyards.view.Newsap.m.Input{\"path\":\"\",\"propertyPath\":\"/SALES_AREA_SPART\",\"modelName\":\"NewYardModel\"}"}]}
RESULT: {"script":"<script> [1562 bytes]","args":[{"selector":{"controlType":"sap.m.Input","viewName":"etm.portal.ui.manageyards.view.New","viewId":"application-manageyards-display-component---NewYard","bindingPath":{"path":"","propertyPath":"/SALES_AREA_SPART","modelName":"NewYardModel"},"interaction":{"idSuffix":"inner"}},"wdio_ui5_key":"etmportal.ui.manageyards.view.Newsap.m.Input{\"path\":\"\",\"propertyPath\":\"/SALES_AREA_SPART\",\"modelName\":\"NewYardModel\"}"}]}
RESULT: undefined
COMMAND: POST /session/7f6ec3857c10649f26842f36b7e75a4c/execute/async - {"script":"<script> [776 bytes]","args":[{"enterText":"C2","selector":{"controlType":"sap.m.Input","viewName":"etm.portal.ui.manageyards.view.New","viewId":"application-manageyards-display-component---NewYard","bindingPath":{"path":"","propertyPath":"/SALES_AREA_SPART","modelName":"NewYardModel"},"interaction":{"idSuffix":"inner"}},"clearTextFirst":true,"interactionType":"ENTER_TEXT"}]}
RESULT: {"script":"<script> [776 bytes]","args":[{"enterText":"C2","selector":{"controlType":"sap.m.Input","viewName":"etm.portal.ui.manageyards.view.New","viewId":"application-manageyards-display-component---NewYard","bindingPath":{"path":"","propertyPath":"/SALES_AREA_SPART","modelName":"NewYardModel"},"interaction":{"idSuffix":"inner"}},"clearTextFirst":true,"interactionType":"ENTER_TEXT"}]}
COMMAND: POST /session/7f6ec3857c10649f26842f36b7e75a4c/execute/async - {"script":"<script> [1562 bytes]","args":[{"selector":{"controlType":"sap.m.Input","viewName":"etm.portal.ui.manageyards.view.New","viewId":"application-manageyards-display-component---NewYard","bindingPath":{"path":"","propertyPath":"/SHIP_POINT","modelName":"NewYardModel"},"interaction":{"idSuffix":"inner"}},"wdio_ui5_key":"etmportal.ui.manageyards.view.Newsap.m.Input{\"path\":\"\",\"propertyPath\":\"/SHIP_POINT\",\"modelName\":\"NewYardModel\"}"}]}
RESULT: {"script":"<script> [1562 bytes]","args":[{"selector":{"controlType":"sap.m.Input","viewName":"etm.portal.ui.manageyards.view.New","viewId":"application-manageyards-display-component---NewYard","bindingPath":{"path":"","propertyPath":"/SHIP_POINT","modelName":"NewYardModel"},"interaction":{"idSuffix":"inner"}},"wdio_ui5_key":"etmportal.ui.manageyards.view.Newsap.m.Input{\"path\":\"\",\"propertyPath\":\"/SHIP_POINT\",\"modelName\":\"NewYardModel\"}"}]}
RESULT: undefined
COMMAND: POST /session/7f6ec3857c10649f26842f36b7e75a4c/execute/async - {"script":"<script> [776 bytes]","args":[{"enterText":"1710","selector":{"controlType":"sap.m.Input","viewName":"etm.portal.ui.manageyards.view.New","viewId":"application-manageyards-display-component---NewYard","bindingPath":{"path":"","propertyPath":"/SHIP_POINT","modelName":"NewYardModel"},"interaction":{"idSuffix":"inner"}},"clearTextFirst":true,"interactionType":"ENTER_TEXT"}]}
RESULT: {"script":"<script> [776 bytes]","args":[{"enterText":"1710","selector":{"controlType":"sap.m.Input","viewName":"etm.portal.ui.manageyards.view.New","viewId":"application-manageyards-display-component---NewYard","bindingPath":{"path":"","propertyPath":"/SHIP_POINT","modelName":"NewYardModel"},"interaction":{"idSuffix":"inner"}},"clearTextFirst":true,"interactionType":"ENTER_TEXT"}]}
COMMAND: POST /session/7f6ec3857c10649f26842f36b7e75a4c/execute/async - {"script":"<script> [1562 bytes]","args":[{"selector":{"controlType":"sap.m.Input","viewName":"etm.portal.ui.manageyards.view.New","viewId":"application-manageyards-display-component---NewYard","bindingPath":{"path":"","propertyPath":"/DELIVERY_TYPE","modelName":"NewYardModel"},"interaction":{"idSuffix":"inner"}},"wdio_ui5_key":"etmportal.ui.manageyards.view.Newsap.m.Input{\"path\":\"\",\"propertyPath\":\"/DELIVERY_TYPE\",\"modelName\":\"NewYardModel\"}"}]}
RESULT: {"script":"<script> [1562 bytes]","args":[{"selector":{"controlType":"sap.m.Input","viewName":"etm.portal.ui.manageyards.view.New","viewId":"application-manageyards-display-component---NewYard","bindingPath":{"path":"","propertyPath":"/DELIVERY_TYPE","modelName":"NewYardModel"},"interaction":{"idSuffix":"inner"}},"wdio_ui5_key":"etmportal.ui.manageyards.view.Newsap.m.Input{\"path\":\"\",\"propertyPath\":\"/DELIVERY_TYPE\",\"modelName\":\"NewYardModel\"}"}]}
RESULT: undefined
COMMAND: POST /session/7f6ec3857c10649f26842f36b7e75a4c/execute/async - {"script":"<script> [776 bytes]","args":[{"enterText":"ZL01","selector":{"controlType":"sap.m.Input","viewName":"etm.portal.ui.manageyards.view.New","viewId":"application-manageyards-display-component---NewYard","bindingPath":{"path":"","propertyPath":"/DELIVERY_TYPE","modelName":"NewYardModel"},"interaction":{"idSuffix":"inner"}},"clearTextFirst":true,"interactionType":"ENTER_TEXT"}]}
RESULT: {"script":"<script> [776 bytes]","args":[{"enterText":"ZL01","selector":{"controlType":"sap.m.Input","viewName":"etm.portal.ui.manageyards.view.New","viewId":"application-manageyards-display-component---NewYard","bindingPath":{"path":"","propertyPath":"/DELIVERY_TYPE","modelName":"NewYardModel"},"interaction":{"idSuffix":"inner"}},"clearTextFirst":true,"interactionType":"ENTER_TEXT"}]}
COMMAND: POST /session/7f6ec3857c10649f26842f36b7e75a4c/execute/async - {"script":"<script> [1562 bytes]","args":[{"selector":{"controlType":"sap.m.Input","viewName":"etm.portal.ui.manageyards.view.New","viewId":"application-manageyards-display-component---NewYard","bindingPath":{"path":"","propertyPath":"/AUART","modelName":"NewYardModel"},"interaction":{"idSuffix":"inner"}},"wdio_ui5_key":"etmportal.ui.manageyards.view.Newsap.m.Input{\"path\":\"\",\"propertyPath\":\"/AUART\",\"modelName\":\"NewYardModel\"}"}]}
RESULT: {"script":"<script> [1562 bytes]","args":[{"selector":{"controlType":"sap.m.Input","viewName":"etm.portal.ui.manageyards.view.New","viewId":"application-manageyards-display-component---NewYard","bindingPath":{"path":"","propertyPath":"/AUART","modelName":"NewYardModel"},"interaction":{"idSuffix":"inner"}},"wdio_ui5_key":"etmportal.ui.manageyards.view.Newsap.m.Input{\"path\":\"\",\"propertyPath\":\"/AUART\",\"modelName\":\"NewYardModel\"}"}]}
RESULT: undefined
COMMAND: POST /session/7f6ec3857c10649f26842f36b7e75a4c/execute/async - {"script":"<script> [776 bytes]","args":[{"enterText":"TA","selector":{"controlType":"sap.m.Input","viewName":"etm.portal.ui.manageyards.view.New","viewId":"application-manageyards-display-component---NewYard","bindingPath":{"path":"","propertyPath":"/AUART","modelName":"NewYardModel"},"interaction":{"idSuffix":"inner"}},"clearTextFirst":true,"interactionType":"ENTER_TEXT"}]}
RESULT: {"script":"<script> [776 bytes]","args":[{"enterText":"TA","selector":{"controlType":"sap.m.Input","viewName":"etm.portal.ui.manageyards.view.New","viewId":"application-manageyards-display-component---NewYard","bindingPath":{"path":"","propertyPath":"/AUART","modelName":"NewYardModel"},"interaction":{"idSuffix":"inner"}},"clearTextFirst":true,"interactionType":"ENTER_TEXT"}]}
COMMAND: POST /session/7f6ec3857c10649f26842f36b7e75a4c/element - {"using":"xpath","value":"//button[@data-kt=\"newYardSaveButton\"]"}
RESULT: {"using":"xpath","value":"//button[@data-kt=\"newYardSaveButton\"]"}
COMMAND: POST /session/7f6ec3857c10649f26842f36b7e75a4c/element/f.4BE7CB3E9946CAC77AC1BA1FEFE24C33.d.C40F414F5E3A0358A01E3F8B41FCFFB2.e.21922/click - {}
RESULT: {}
COMMAND: GET /session/7f6ec3857c10649f26842f36b7e75a4c/screenshot - {}
RESULT: {}
COMMAND: POST /session/7f6ec3857c10649f26842f36b7e75a4c/element - {"using":"xpath","value":"//header[contains(@id, 'ObjectPageLayout-headerTitle')]/div[1]/div[2]/div[1]/span[1]"}
RESULT: {"using":"xpath","value":"//header[contains(@id, 'ObjectPageLayout-headerTitle')]/div[1]/div[2]/div[1]/span[1]"}
COMMAND: POST /session/7f6ec3857c10649f26842f36b7e75a4c/elements - {"using":"xpath","value":"//header[contains(@id, 'ObjectPageLayout-headerTitle')]/div[1]/div[2]/div[1]/span[1]"}
RESULT: {"using":"xpath","value":"//header[contains(@id, 'ObjectPageLayout-headerTitle')]/div[1]/div[2]/div[1]/span[1]"}
COMMAND: POST /session/7f6ec3857c10649f26842f36b7e75a4c/execute/sync - {"script":"<script> [56 bytes]","args":[{"element-6066-11e4-a52e-4f735466cecf":"f.4BE7CB3E9946CAC77AC1BA1FEFE24C33.d.C40F414F5E3A0358A01E3F8B41FCFFB2.e.22253","ELEMENT":"f.4BE7CB3E9946CAC77AC1BA1FEFE24C33.d.C40F414F5E3A0358A01E3F8B41FCFFB2.e.22253"}]}
RESULT: {"script":"<script> [56 bytes]","args":[{"element-6066-11e4-a52e-4f735466cecf":"f.4BE7CB3E9946CAC77AC1BA1FEFE24C33.d.C40F414F5E3A0358A01E3F8B41FCFFB2.e.22253","ELEMENT":"f.4BE7CB3E9946CAC77AC1BA1FEFE24C33.d.C40F414F5E3A0358A01E3F8B41FCFFB2.e.22253"}]}
COMMAND: GET /session/7f6ec3857c10649f26842f36b7e75a4c/screenshot - {}
RESULT: {}
COMMAND: POST /session/7f6ec3857c10649f26842f36b7e75a4c/element - {"using":"css selector","value":"#shell-header-logo"}
RESULT: {"using":"css selector","value":"#shell-header-logo"}
COMMAND: POST /session/7f6ec3857c10649f26842f36b7e75a4c/element/f.4BE7CB3E9946CAC77AC1BA1FEFE24C33.d.C40F414F5E3A0358A01E3F8B41FCFFB2.e.21372/click - {}
RESULT: {}
COMMAND: GET /session/7f6ec3857c10649f26842f36b7e75a4c/screenshot - {}
RESULT: {}
COMMAND: POST /session/7f6ec3857c10649f26842f36b7e75a4c/execute/sync - {"script":"<script> [299 bytes]","args":[["getModel","getResource"]]}
RESULT: {"script":"<script> [299 bytes]","args":[["getModel","getResource"]]}
]]></system-out>
    </testcase>
    <testcase classname="chrome.136_0_7103_49.windows.Transfer_Yard_to_Yard_US131076" name="Should create the equipment" time="137.326">
      <system-out><![CDATA[
COMMAND: POST /session/7f6ec3857c10649f26842f36b7e75a4c/execute/async - {"script":"<script> [1562 bytes]","args":[{"selector":{"controlType":"sap.m.GenericTile","properties":{"header":"Manage Resources"}},"wdio_ui5_key":"sapm.GenericTile{\"header\":\"Manage Resources\"}"}]}
COMMAND: GET /session/7f6ec3857c10649f26842f36b7e75a4c/screenshot - {}
RESULT: {"script":"<script> [1562 bytes]","args":[{"selector":{"controlType":"sap.m.GenericTile","properties":{"header":"Manage Resources"}},"wdio_ui5_key":"sapm.GenericTile{\"header\":\"Manage Resources\"}"}]}
RESULT: undefined
COMMAND: POST /session/7f6ec3857c10649f26842f36b7e75a4c/element - {"using":"xpath","value":"//*[@id=\"__tile31\"]"}
RESULT: {}
RESULT: {"using":"xpath","value":"//*[@id=\"__tile31\"]"}
COMMAND: POST /session/7f6ec3857c10649f26842f36b7e75a4c/element/f.4BE7CB3E9946CAC77AC1BA1FEFE24C33.d.C40F414F5E3A0358A01E3F8B41FCFFB2.e.21398/click - {}
RESULT: {}
COMMAND: GET /session/7f6ec3857c10649f26842f36b7e75a4c/screenshot - {}
RESULT: {}
COMMAND: POST /session/7f6ec3857c10649f26842f36b7e75a4c/elements - {"using":"xpath","value":"//span[text()='Error']"}
RESULT: {"using":"xpath","value":"//span[text()='Error']"}
COMMAND: POST /session/7f6ec3857c10649f26842f36b7e75a4c/element - {"using":"xpath","value":"//button[@data-kt=\"addNewRUOverflowToolbarButton\"]"}
RESULT: {"using":"xpath","value":"//button[@data-kt=\"addNewRUOverflowToolbarButton\"]"}
COMMAND: POST /session/7f6ec3857c10649f26842f36b7e75a4c/elements - {"using":"xpath","value":"//button[@data-kt=\"addNewRUOverflowToolbarButton\"]"}
RESULT: {"using":"xpath","value":"//button[@data-kt=\"addNewRUOverflowToolbarButton\"]"}
COMMAND: POST /session/7f6ec3857c10649f26842f36b7e75a4c/execute/sync - {"script":"<script> [8489 bytes]","args":[{"element-6066-11e4-a52e-4f735466cecf":"f.4BE7CB3E9946CAC77AC1BA1FEFE24C33.d.C40F414F5E3A0358A01E3F8B41FCFFB2.e.22298","ELEMENT":"f.4BE7CB3E9946CAC77AC1BA1FEFE24C33.d.C40F414F5E3A0358A01E3F8B41FCFFB2.e.22298"}]}
RESULT: {"script":"<script> [8489 bytes]","args":[{"element-6066-11e4-a52e-4f735466cecf":"f.4BE7CB3E9946CAC77AC1BA1FEFE24C33.d.C40F414F5E3A0358A01E3F8B41FCFFB2.e.22298","ELEMENT":"f.4BE7CB3E9946CAC77AC1BA1FEFE24C33.d.C40F414F5E3A0358A01E3F8B41FCFFB2.e.22298"}]}
COMMAND: GET /session/7f6ec3857c10649f26842f36b7e75a4c/element/f.4BE7CB3E9946CAC77AC1BA1FEFE24C33.d.C40F414F5E3A0358A01E3F8B41FCFFB2.e.22298/enabled - {}
COMMAND: GET /session/7f6ec3857c10649f26842f36b7e75a4c/screenshot - {}
RESULT: {}
COMMAND: POST /session/7f6ec3857c10649f26842f36b7e75a4c/execute/sync - {"script":"<script> [8489 bytes]","args":[{"element-6066-11e4-a52e-4f735466cecf":"f.4BE7CB3E9946CAC77AC1BA1FEFE24C33.d.C40F414F5E3A0358A01E3F8B41FCFFB2.e.22298","ELEMENT":"f.4BE7CB3E9946CAC77AC1BA1FEFE24C33.d.C40F414F5E3A0358A01E3F8B41FCFFB2.e.22298"}]}
COMMAND: GET /session/7f6ec3857c10649f26842f36b7e75a4c/screenshot - {}
RESULT: {}
RESULT: {"script":"<script> [8489 bytes]","args":[{"element-6066-11e4-a52e-4f735466cecf":"f.4BE7CB3E9946CAC77AC1BA1FEFE24C33.d.C40F414F5E3A0358A01E3F8B41FCFFB2.e.22298","ELEMENT":"f.4BE7CB3E9946CAC77AC1BA1FEFE24C33.d.C40F414F5E3A0358A01E3F8B41FCFFB2.e.22298"}]}
COMMAND: POST /session/7f6ec3857c10649f26842f36b7e75a4c/execute/sync - {"script":"<script> [5351 bytes]","args":[{"element-6066-11e4-a52e-4f735466cecf":"f.4BE7CB3E9946CAC77AC1BA1FEFE24C33.d.C40F414F5E3A0358A01E3F8B41FCFFB2.e.22298","ELEMENT":"f.4BE7CB3E9946CAC77AC1BA1FEFE24C33.d.C40F414F5E3A0358A01E3F8B41FCFFB2.e.22298"}]}
COMMAND: GET /session/7f6ec3857c10649f26842f36b7e75a4c/screenshot - {}
RESULT: {}
RESULT: {"script":"<script> [5351 bytes]","args":[{"element-6066-11e4-a52e-4f735466cecf":"f.4BE7CB3E9946CAC77AC1BA1FEFE24C33.d.C40F414F5E3A0358A01E3F8B41FCFFB2.e.22298","ELEMENT":"f.4BE7CB3E9946CAC77AC1BA1FEFE24C33.d.C40F414F5E3A0358A01E3F8B41FCFFB2.e.22298"}]}
COMMAND: POST /session/7f6ec3857c10649f26842f36b7e75a4c/element/f.4BE7CB3E9946CAC77AC1BA1FEFE24C33.d.C40F414F5E3A0358A01E3F8B41FCFFB2.e.22298/click - {}
COMMAND: GET /session/7f6ec3857c10649f26842f36b7e75a4c/screenshot - {}
RESULT: {}
RESULT: {}
COMMAND: GET /session/7f6ec3857c10649f26842f36b7e75a4c/screenshot - {}
COMMAND: POST /session/7f6ec3857c10649f26842f36b7e75a4c/execute/async - {"script":"<script> [1562 bytes]","args":[{"selector":{"id":"application-manageresources-display-component---newResourceUnit--TYPE-arrow"},"wdio_ui5_key":"applicationmanageresources-display-component---newResourceUnit--TYPE-arrow"}]}
RESULT: {}
RESULT: {}
RESULT: {"script":"<script> [1562 bytes]","args":[{"selector":{"id":"application-manageresources-display-component---newResourceUnit--TYPE-arrow"},"wdio_ui5_key":"applicationmanageresources-display-component---newResourceUnit--TYPE-arrow"}]}
RESULT: undefined
COMMAND: POST /session/7f6ec3857c10649f26842f36b7e75a4c/element - {"using":"xpath","value":"//*[@id=\"application-manageresources-display-component---newResourceUnit--TYPE-arrow\"]"}
RESULT: {"using":"xpath","value":"//*[@id=\"application-manageresources-display-component---newResourceUnit--TYPE-arrow\"]"}
COMMAND: POST /session/7f6ec3857c10649f26842f36b7e75a4c/element/f.4BE7CB3E9946CAC77AC1BA1FEFE24C33.d.C40F414F5E3A0358A01E3F8B41FCFFB2.e.22651/click - {}
RESULT: {}
COMMAND: POST /session/7f6ec3857c10649f26842f36b7e75a4c/element - {"using":"xpath","value":"//input[@id=\"application-manageresources-display-component---newResourceUnit--TYPE-inner\"]"}
COMMAND: GET /session/7f6ec3857c10649f26842f36b7e75a4c/screenshot - {}
RESULT: {"using":"xpath","value":"//input[@id=\"application-manageresources-display-component---newResourceUnit--TYPE-inner\"]"}
COMMAND: POST /session/7f6ec3857c10649f26842f36b7e75a4c/element/f.4BE7CB3E9946CAC77AC1BA1FEFE24C33.d.C40F414F5E3A0358A01E3F8B41FCFFB2.e.22635/clear - {}
RESULT: {}
RESULT: {}
COMMAND: POST /session/7f6ec3857c10649f26842f36b7e75a4c/element/f.4BE7CB3E9946CAC77AC1BA1FEFE24C33.d.C40F414F5E3A0358A01E3F8B41FCFFB2.e.22635/value - {"text":"Equipment"}
COMMAND: GET /session/7f6ec3857c10649f26842f36b7e75a4c/screenshot - {}
RESULT: {"text":"Equipment"}
COMMAND: GET /session/7f6ec3857c10649f26842f36b7e75a4c/screenshot - {}
RESULT: {}
RESULT: {}
COMMAND: POST /session/7f6ec3857c10649f26842f36b7e75a4c/actions - {"actions":[{"id":"action66","type":"key","parameters":{},"actions":[{"type":"keyDown","value":"î€‡"},{"type":"pause","duration":10},{"type":"keyUp","value":"î€‡"}]}]}
RESULT: {"actions":[{"id":"action66","type":"key","parameters":{},"actions":[{"type":"keyDown","value":"î€‡"},{"type":"pause","duration":10},{"type":"keyUp","value":"î€‡"}]}]}
COMMAND: POST /session/7f6ec3857c10649f26842f36b7e75a4c/execute/async - {"script":"<script> [1562 bytes]","args":[{"selector":{"id":"application-manageresources-display-component---newResourceUnit--resourceId","interaction":{"idSuffix":"inner"}},"wdio_ui5_key":"applicationmanageresources-display-component---newResourceUnit--resourceId"}]}
COMMAND: GET /session/7f6ec3857c10649f26842f36b7e75a4c/screenshot - {}
RESULT: {"script":"<script> [1562 bytes]","args":[{"selector":{"id":"application-manageresources-display-component---newResourceUnit--resourceId","interaction":{"idSuffix":"inner"}},"wdio_ui5_key":"applicationmanageresources-display-component---newResourceUnit--resourceId"}]}
RESULT: undefined
COMMAND: POST /session/7f6ec3857c10649f26842f36b7e75a4c/execute/async - {"script":"<script> [776 bytes]","args":[{"enterText":"u5VmEwmlUm","selector":{"id":"application-manageresources-display-component---newResourceUnit--resourceId","interaction":{"idSuffix":"inner"}},"clearTextFirst":true,"interactionType":"ENTER_TEXT"}]}
RESULT: {}
RESULT: {"script":"<script> [776 bytes]","args":[{"enterText":"u5VmEwmlUm","selector":{"id":"application-manageresources-display-component---newResourceUnit--resourceId","interaction":{"idSuffix":"inner"}},"clearTextFirst":true,"interactionType":"ENTER_TEXT"}]}
COMMAND: POST /session/7f6ec3857c10649f26842f36b7e75a4c/execute/async - {"script":"<script> [1562 bytes]","args":[{"selector":{"id":"application-manageresources-display-component---newResourceUnit--SHORT_TEXT","interaction":{"idSuffix":"inner"}},"wdio_ui5_key":"applicationmanageresources-display-component---newResourceUnit--SHORT_TEXT"}]}
RESULT: {"script":"<script> [1562 bytes]","args":[{"selector":{"id":"application-manageresources-display-component---newResourceUnit--SHORT_TEXT","interaction":{"idSuffix":"inner"}},"wdio_ui5_key":"applicationmanageresources-display-component---newResourceUnit--SHORT_TEXT"}]}
RESULT: undefined
COMMAND: POST /session/7f6ec3857c10649f26842f36b7e75a4c/execute/async - {"script":"<script> [776 bytes]","args":[{"enterText":"Intercompany Equipment WDIO","selector":{"id":"application-manageresources-display-component---newResourceUnit--SHORT_TEXT","interaction":{"idSuffix":"inner"}},"clearTextFirst":true,"interactionType":"ENTER_TEXT"}]}
RESULT: {"script":"<script> [776 bytes]","args":[{"enterText":"Intercompany Equipment WDIO","selector":{"id":"application-manageresources-display-component---newResourceUnit--SHORT_TEXT","interaction":{"idSuffix":"inner"}},"clearTextFirst":true,"interactionType":"ENTER_TEXT"}]}
COMMAND: POST /session/7f6ec3857c10649f26842f36b7e75a4c/execute/async - {"script":"<script> [1562 bytes]","args":[{"selector":{"id":"application-manageresources-display-component---newResourceUnit--BASE_UNIT_OF_MEASURE","interaction":{"idSuffix":"inner"}},"wdio_ui5_key":"applicationmanageresources-display-component---newResourceUnit--BASE_UNIT_OF_MEASURE"}]}
RESULT: {"script":"<script> [1562 bytes]","args":[{"selector":{"id":"application-manageresources-display-component---newResourceUnit--BASE_UNIT_OF_MEASURE","interaction":{"idSuffix":"inner"}},"wdio_ui5_key":"applicationmanageresources-display-component---newResourceUnit--BASE_UNIT_OF_MEASURE"}]}
RESULT: undefined
COMMAND: POST /session/7f6ec3857c10649f26842f36b7e75a4c/execute/async - {"script":"<script> [776 bytes]","args":[{"enterText":"Piece","selector":{"id":"application-manageresources-display-component---newResourceUnit--BASE_UNIT_OF_MEASURE","interaction":{"idSuffix":"inner"}},"clearTextFirst":true,"interactionType":"ENTER_TEXT"}]}
RESULT: {"script":"<script> [776 bytes]","args":[{"enterText":"Piece","selector":{"id":"application-manageresources-display-component---newResourceUnit--BASE_UNIT_OF_MEASURE","interaction":{"idSuffix":"inner"}},"clearTextFirst":true,"interactionType":"ENTER_TEXT"}]}
COMMAND: POST /session/7f6ec3857c10649f26842f36b7e75a4c/execute/async - {"script":"<script> [1562 bytes]","args":[{"selector":{"id":"application-manageresources-display-component---newResourceUnit--WEIGHT_UNIT","interaction":{"idSuffix":"inner"}},"wdio_ui5_key":"applicationmanageresources-display-component---newResourceUnit--WEIGHT_UNIT"}]}
RESULT: {"script":"<script> [1562 bytes]","args":[{"selector":{"id":"application-manageresources-display-component---newResourceUnit--WEIGHT_UNIT","interaction":{"idSuffix":"inner"}},"wdio_ui5_key":"applicationmanageresources-display-component---newResourceUnit--WEIGHT_UNIT"}]}
RESULT: undefined
COMMAND: POST /session/7f6ec3857c10649f26842f36b7e75a4c/execute/async - {"script":"<script> [776 bytes]","args":[{"enterText":"Gram","selector":{"id":"application-manageresources-display-component---newResourceUnit--WEIGHT_UNIT","interaction":{"idSuffix":"inner"}},"clearTextFirst":true,"interactionType":"ENTER_TEXT"}]}
RESULT: {"script":"<script> [776 bytes]","args":[{"enterText":"Gram","selector":{"id":"application-manageresources-display-component---newResourceUnit--WEIGHT_UNIT","interaction":{"idSuffix":"inner"}},"clearTextFirst":true,"interactionType":"ENTER_TEXT"}]}
COMMAND: POST /session/7f6ec3857c10649f26842f36b7e75a4c/execute/async - {"script":"<script> [1562 bytes]","args":[{"selector":{"id":"application-manageresources-display-component---newResourceUnit--DIMENSION_UNIT","interaction":{"idSuffix":"inner"}},"wdio_ui5_key":"applicationmanageresources-display-component---newResourceUnit--DIMENSION_UNIT"}]}
RESULT: {"script":"<script> [1562 bytes]","args":[{"selector":{"id":"application-manageresources-display-component---newResourceUnit--DIMENSION_UNIT","interaction":{"idSuffix":"inner"}},"wdio_ui5_key":"applicationmanageresources-display-component---newResourceUnit--DIMENSION_UNIT"}]}
RESULT: undefined
COMMAND: POST /session/7f6ec3857c10649f26842f36b7e75a4c/execute/async - {"script":"<script> [776 bytes]","args":[{"enterText":"Meter","selector":{"id":"application-manageresources-display-component---newResourceUnit--DIMENSION_UNIT","interaction":{"idSuffix":"inner"}},"clearTextFirst":true,"interactionType":"ENTER_TEXT"}]}
RESULT: {"script":"<script> [776 bytes]","args":[{"enterText":"Meter","selector":{"id":"application-manageresources-display-component---newResourceUnit--DIMENSION_UNIT","interaction":{"idSuffix":"inner"}},"clearTextFirst":true,"interactionType":"ENTER_TEXT"}]}
COMMAND: POST /session/7f6ec3857c10649f26842f36b7e75a4c/execute/async - {"script":"<script> [1562 bytes]","args":[{"selector":{"id":"application-manageresources-display-component---newResourceUnit--newRRUPage-anchBar-application-manageresources-display-component---newResourceUnit--control-anchor","interaction":{"idSuffix":"BDI-content"}},"wdio_ui5_key":"applicationmanageresources-display-component---newResourceUnit--newRRUPage-anchBar-application-manageresources-display-component---newResourceUnit--control-anchor"}]}
RESULT: {"script":"<script> [1562 bytes]","args":[{"selector":{"id":"application-manageresources-display-component---newResourceUnit--newRRUPage-anchBar-application-manageresources-display-component---newResourceUnit--control-anchor","interaction":{"idSuffix":"BDI-content"}},"wdio_ui5_key":"applicationmanageresources-display-component---newResourceUnit--newRRUPage-anchBar-application-manageresources-display-component---newResourceUnit--control-anchor"}]}
RESULT: undefined
COMMAND: POST /session/7f6ec3857c10649f26842f36b7e75a4c/element - {"using":"xpath","value":"//*[@id=\"application-manageresources-display-component---newResourceUnit--newRRUPage-anchBar-application-manageresources-display-component---newResourceUnit--control-anchor\"]"}
RESULT: {"using":"xpath","value":"//*[@id=\"application-manageresources-display-component---newResourceUnit--newRRUPage-anchBar-application-manageresources-display-component---newResourceUnit--control-anchor\"]"}
COMMAND: POST /session/7f6ec3857c10649f26842f36b7e75a4c/element/f.4BE7CB3E9946CAC77AC1BA1FEFE24C33.d.C40F414F5E3A0358A01E3F8B41FCFFB2.e.22781/click - {}
RESULT: {}
COMMAND: POST /session/7f6ec3857c10649f26842f36b7e75a4c/execute/async - {"script":"<script> [1562 bytes]","args":[{"selector":{"id":"application-manageresources-display-component---newResourceUnit--PLANNING_GROUP","interaction":{"idSuffix":"inner"}},"wdio_ui5_key":"applicationmanageresources-display-component---newResourceUnit--PLANNING_GROUP"}]}
COMMAND: GET /session/7f6ec3857c10649f26842f36b7e75a4c/screenshot - {}
RESULT: {"script":"<script> [1562 bytes]","args":[{"selector":{"id":"application-manageresources-display-component---newResourceUnit--PLANNING_GROUP","interaction":{"idSuffix":"inner"}},"wdio_ui5_key":"applicationmanageresources-display-component---newResourceUnit--PLANNING_GROUP"}]}
RESULT: undefined
COMMAND: POST /session/7f6ec3857c10649f26842f36b7e75a4c/execute/async - {"script":"<script> [776 bytes]","args":[{"enterText":"Heavy Equi","selector":{"id":"application-manageresources-display-component---newResourceUnit--PLANNING_GROUP","interaction":{"idSuffix":"inner"}},"clearTextFirst":true,"interactionType":"ENTER_TEXT"}]}
RESULT: {}
RESULT: {"script":"<script> [776 bytes]","args":[{"enterText":"Heavy Equi","selector":{"id":"application-manageresources-display-component---newResourceUnit--PLANNING_GROUP","interaction":{"idSuffix":"inner"}},"clearTextFirst":true,"interactionType":"ENTER_TEXT"}]}
COMMAND: POST /session/7f6ec3857c10649f26842f36b7e75a4c/execute/async - {"script":"<script> [1562 bytes]","args":[{"selector":{"id":"application-manageresources-display-component---newResourceUnit--ITEM_TYPE-arrow"},"wdio_ui5_key":"applicationmanageresources-display-component---newResourceUnit--ITEM_TYPE-arrow"}]}
RESULT: {"script":"<script> [1562 bytes]","args":[{"selector":{"id":"application-manageresources-display-component---newResourceUnit--ITEM_TYPE-arrow"},"wdio_ui5_key":"applicationmanageresources-display-component---newResourceUnit--ITEM_TYPE-arrow"}]}
RESULT: undefined
COMMAND: POST /session/7f6ec3857c10649f26842f36b7e75a4c/element - {"using":"xpath","value":"//*[@id=\"application-manageresources-display-component---newResourceUnit--ITEM_TYPE-arrow\"]"}
RESULT: {"using":"xpath","value":"//*[@id=\"application-manageresources-display-component---newResourceUnit--ITEM_TYPE-arrow\"]"}
COMMAND: POST /session/7f6ec3857c10649f26842f36b7e75a4c/element/f.4BE7CB3E9946CAC77AC1BA1FEFE24C33.d.C40F414F5E3A0358A01E3F8B41FCFFB2.e.22790/click - {}
RESULT: {}
COMMAND: POST /session/7f6ec3857c10649f26842f36b7e75a4c/element - {"using":"xpath","value":"(//span[contains(text(), \"Resource Unit\")])[2]"}
COMMAND: GET /session/7f6ec3857c10649f26842f36b7e75a4c/screenshot - {}
RESULT: {"using":"xpath","value":"(//span[contains(text(), \"Resource Unit\")])[2]"}
COMMAND: POST /session/7f6ec3857c10649f26842f36b7e75a4c/element/f.4BE7CB3E9946CAC77AC1BA1FEFE24C33.d.C40F414F5E3A0358A01E3F8B41FCFFB2.e.22791/click - {}
RESULT: {}
RESULT: {}
COMMAND: GET /session/7f6ec3857c10649f26842f36b7e75a4c/screenshot - {}
RESULT: {}
COMMAND: POST /session/7f6ec3857c10649f26842f36b7e75a4c/element - {"using":"css selector","value":"#application-manageresources-display-component---newResourceUnit--btnAddTimeSegment"}
RESULT: {"using":"css selector","value":"#application-manageresources-display-component---newResourceUnit--btnAddTimeSegment"}
COMMAND: GET /session/7f6ec3857c10649f26842f36b7e75a4c/element/f.4BE7CB3E9946CAC77AC1BA1FEFE24C33.d.C40F414F5E3A0358A01E3F8B41FCFFB2.e.22792/rect - {}
RESULT: {}
COMMAND: GET /session/7f6ec3857c10649f26842f36b7e75a4c/window/rect - {}
RESULT: {}
COMMAND: POST /session/7f6ec3857c10649f26842f36b7e75a4c/execute/sync - {"script":"<script> [92 bytes]","args":[]}
RESULT: {"script":"<script> [92 bytes]","args":[]}
COMMAND: POST /session/7f6ec3857c10649f26842f36b7e75a4c/actions - {"actions":[{"id":"action67","type":"wheel","parameters":{},"actions":[{"type":"scroll","x":-1888,"y":-32,"deltaX":0,"deltaY":0,"duration":0,"origin":{"element-6066-11e4-a52e-4f735466cecf":"f.4BE7CB3E9946CAC77AC1BA1FEFE24C33.d.C40F414F5E3A0358A01E3F8B41FCFFB2.e.22792"}}]}]}
COMMAND: GET /session/7f6ec3857c10649f26842f36b7e75a4c/screenshot - {}
RESULT: {}
COMMAND: POST /session/7f6ec3857c10649f26842f36b7e75a4c/execute/sync - {"script":"<script> [79 bytes]","args":[{"element-6066-11e4-a52e-4f735466cecf":"f.4BE7CB3E9946CAC77AC1BA1FEFE24C33.d.C40F414F5E3A0358A01E3F8B41FCFFB2.e.22792","ELEMENT":"f.4BE7CB3E9946CAC77AC1BA1FEFE24C33.d.C40F414F5E3A0358A01E3F8B41FCFFB2.e.22792"},{"block":"start","inline":"nearest"}]}
RESULT: {"script":"<script> [79 bytes]","args":[{"element-6066-11e4-a52e-4f735466cecf":"f.4BE7CB3E9946CAC77AC1BA1FEFE24C33.d.C40F414F5E3A0358A01E3F8B41FCFFB2.e.22792","ELEMENT":"f.4BE7CB3E9946CAC77AC1BA1FEFE24C33.d.C40F414F5E3A0358A01E3F8B41FCFFB2.e.22792"},{"block":"start","inline":"nearest"}]}
COMMAND: POST /session/7f6ec3857c10649f26842f36b7e75a4c/execute/async - {"script":"<script> [1562 bytes]","args":[{"selector":{"id":"application-manageresources-display-component---newResourceUnit--btnAddTimeSegment","interaction":{"idSuffix":"inner"}},"wdio_ui5_key":"applicationmanageresources-display-component---newResourceUnit--btnAddTimeSegment"}]}
COMMAND: GET /session/7f6ec3857c10649f26842f36b7e75a4c/screenshot - {}
RESULT: {"script":"<script> [1562 bytes]","args":[{"selector":{"id":"application-manageresources-display-component---newResourceUnit--btnAddTimeSegment","interaction":{"idSuffix":"inner"}},"wdio_ui5_key":"applicationmanageresources-display-component---newResourceUnit--btnAddTimeSegment"}]}
RESULT: undefined
COMMAND: POST /session/7f6ec3857c10649f26842f36b7e75a4c/element - {"using":"xpath","value":"//*[@id=\"application-manageresources-display-component---newResourceUnit--btnAddTimeSegment\"]"}
RESULT: {}
RESULT: {"using":"xpath","value":"//*[@id=\"application-manageresources-display-component---newResourceUnit--btnAddTimeSegment\"]"}
COMMAND: POST /session/7f6ec3857c10649f26842f36b7e75a4c/element/f.4BE7CB3E9946CAC77AC1BA1FEFE24C33.d.C40F414F5E3A0358A01E3F8B41FCFFB2.e.22792/click - {}
RESULT: {}
COMMAND: GET /session/7f6ec3857c10649f26842f36b7e75a4c/screenshot - {}
RESULT: {}
COMMAND: POST /session/7f6ec3857c10649f26842f36b7e75a4c/element - {"using":"xpath","value":"//input[@id=\"application-manageresources-display-component---newResourceUnit--idRuTSAdmin-application-manageresources-display-component---newResourceUnit--RUTimeSegment-0-inner\"]"}
RESULT: {"using":"xpath","value":"//input[@id=\"application-manageresources-display-component---newResourceUnit--idRuTSAdmin-application-manageresources-display-component---newResourceUnit--RUTimeSegment-0-inner\"]"}
COMMAND: POST /session/7f6ec3857c10649f26842f36b7e75a4c/element/f.4BE7CB3E9946CAC77AC1BA1FEFE24C33.d.C40F414F5E3A0358A01E3F8B41FCFFB2.e.22798/clear - {}
RESULT: {}
COMMAND: POST /session/7f6ec3857c10649f26842f36b7e75a4c/element/f.4BE7CB3E9946CAC77AC1BA1FEFE24C33.d.C40F414F5E3A0358A01E3F8B41FCFFB2.e.22798/value - {"text":"388"}
COMMAND: GET /session/7f6ec3857c10649f26842f36b7e75a4c/screenshot - {}
RESULT: {"text":"388"}
COMMAND: GET /session/7f6ec3857c10649f26842f36b7e75a4c/screenshot - {}
RESULT: {}
RESULT: {}
COMMAND: POST /session/7f6ec3857c10649f26842f36b7e75a4c/element - {"using":"xpath","value":"//li[.//span[text()='388']]"}
RESULT: {"using":"xpath","value":"//li[.//span[text()='388']]"}
COMMAND: POST /session/7f6ec3857c10649f26842f36b7e75a4c/element/f.4BE7CB3E9946CAC77AC1BA1FEFE24C33.d.C40F414F5E3A0358A01E3F8B41FCFFB2.e.22810/click - {}
RESULT: {}
COMMAND: GET /session/7f6ec3857c10649f26842f36b7e75a4c/screenshot - {}
RESULT: {}
COMMAND: POST /session/7f6ec3857c10649f26842f36b7e75a4c/element - {"using":"xpath","value":"(//span[contains(@id, \"-application-manageresources-display-component---newResourceUnit--RUTimeSegment-0-arrow\")])[6]"}
RESULT: {"using":"xpath","value":"(//span[contains(@id, \"-application-manageresources-display-component---newResourceUnit--RUTimeSegment-0-arrow\")])[6]"}
COMMAND: POST /session/7f6ec3857c10649f26842f36b7e75a4c/element/f.4BE7CB3E9946CAC77AC1BA1FEFE24C33.d.C40F414F5E3A0358A01E3F8B41FCFFB2.e.22811/click - {}
RESULT: {}
COMMAND: GET /session/7f6ec3857c10649f26842f36b7e75a4c/screenshot - {}
RESULT: {}
COMMAND: POST /session/7f6ec3857c10649f26842f36b7e75a4c/element - {"using":"xpath","value":"//span[contains(text(), \"PM Order\")]"}
RESULT: {"using":"xpath","value":"//span[contains(text(), \"PM Order\")]"}
COMMAND: POST /session/7f6ec3857c10649f26842f36b7e75a4c/element/f.4BE7CB3E9946CAC77AC1BA1FEFE24C33.d.C40F414F5E3A0358A01E3F8B41FCFFB2.e.22814/click - {}
RESULT: {}
COMMAND: GET /session/7f6ec3857c10649f26842f36b7e75a4c/screenshot - {}
RESULT: {}
COMMAND: POST /session/7f6ec3857c10649f26842f36b7e75a4c/element - {"using":"xpath","value":"(//span[contains(@id ,\"manageresources-display-component---newResourceUnit--RUTimeSegment-0-vhi\")])[1]"}
RESULT: {"using":"xpath","value":"(//span[contains(@id ,\"manageresources-display-component---newResourceUnit--RUTimeSegment-0-vhi\")])[1]"}
COMMAND: GET /session/7f6ec3857c10649f26842f36b7e75a4c/element/f.4BE7CB3E9946CAC77AC1BA1FEFE24C33.d.C40F414F5E3A0358A01E3F8B41FCFFB2.e.22818/rect - {}
RESULT: {}
COMMAND: GET /session/7f6ec3857c10649f26842f36b7e75a4c/window/rect - {}
RESULT: {}
COMMAND: POST /session/7f6ec3857c10649f26842f36b7e75a4c/execute/sync - {"script":"<script> [92 bytes]","args":[]}
RESULT: {"script":"<script> [92 bytes]","args":[]}
COMMAND: POST /session/7f6ec3857c10649f26842f36b7e75a4c/actions - {"actions":[{"id":"action68","type":"wheel","parameters":{},"actions":[{"type":"scroll","x":-869,"y":-24,"deltaX":0,"deltaY":0,"duration":0,"origin":{"element-6066-11e4-a52e-4f735466cecf":"f.4BE7CB3E9946CAC77AC1BA1FEFE24C33.d.C40F414F5E3A0358A01E3F8B41FCFFB2.e.22818"}}]}]}
COMMAND: GET /session/7f6ec3857c10649f26842f36b7e75a4c/screenshot - {}
RESULT: {"actions":[{"id":"action68","type":"wheel","parameters":{},"actions":[{"type":"scroll","x":-869,"y":-24,"deltaX":0,"deltaY":0,"duration":0,"origin":{"element-6066-11e4-a52e-4f735466cecf":"f.4BE7CB3E9946CAC77AC1BA1FEFE24C33.d.C40F414F5E3A0358A01E3F8B41FCFFB2.e.22818"}}]}]}
COMMAND: DELETE /session/7f6ec3857c10649f26842f36b7e75a4c/actions - {}
COMMAND: GET /session/7f6ec3857c10649f26842f36b7e75a4c/screenshot - {}
RESULT: {}
RESULT: {}
COMMAND: GET /session/7f6ec3857c10649f26842f36b7e75a4c/screenshot - {}
RESULT: {}
RESULT: {}
COMMAND: POST /session/7f6ec3857c10649f26842f36b7e75a4c/element/f.4BE7CB3E9946CAC77AC1BA1FEFE24C33.d.C40F414F5E3A0358A01E3F8B41FCFFB2.e.22818/click - {}
RESULT: {}
COMMAND: GET /session/7f6ec3857c10649f26842f36b7e75a4c/screenshot - {}
RESULT: {}
RESULT: undefined
COMMAND: POST /session/7f6ec3857c10649f26842f36b7e75a4c/execute/async - {"script":"<script> [776 bytes]","args":[{"enterText":"4000360","selector":{"controlType":"sap.m.SearchField","properties":{"placeholder":"Search"},"searchOpenDialogs":true,"interaction":{"idSuffix":"I"}},"clearTextFirst":true,"interactionType":"ENTER_TEXT"}]}
RESULT: {"script":"<script> [776 bytes]","args":[{"enterText":"4000360","selector":{"controlType":"sap.m.SearchField","properties":{"placeholder":"Search"},"searchOpenDialogs":true,"interaction":{"idSuffix":"I"}},"clearTextFirst":true,"interactionType":"ENTER_TEXT"}]}
COMMAND: POST /session/7f6ec3857c10649f26842f36b7e75a4c/actions - {"actions":[{"id":"action69","type":"key","parameters":{},"actions":[{"type":"keyDown","value":"î€‡"},{"type":"pause","duration":10},{"type":"keyUp","value":"î€‡"}]}]}
RESULT: {"actions":[{"id":"action69","type":"key","parameters":{},"actions":[{"type":"keyDown","value":"î€‡"},{"type":"pause","duration":10},{"type":"keyUp","value":"î€‡"}]}]}
COMMAND: GET /session/7f6ec3857c10649f26842f36b7e75a4c/screenshot - {}
RESULT: {}
COMMAND: POST /session/7f6ec3857c10649f26842f36b7e75a4c/element - {"using":"xpath","value":"//td/div/span[contains(text(), \"BGL Vehicles\")]"}
RESULT: {"using":"xpath","value":"//td/div/span[contains(text(), \"BGL Vehicles\")]"}
COMMAND: POST /session/7f6ec3857c10649f26842f36b7e75a4c/element/f.4BE7CB3E9946CAC77AC1BA1FEFE24C33.d.C40F414F5E3A0358A01E3F8B41FCFFB2.e.22838/click - {}
RESULT: {}
COMMAND: GET /session/7f6ec3857c10649f26842f36b7e75a4c/screenshot - {}
RESULT: {}
COMMAND: POST /session/7f6ec3857c10649f26842f36b7e75a4c/element - {"using":"xpath","value":"//bdi[contains(text(), \"OK\")]"}
RESULT: {"using":"xpath","value":"//bdi[contains(text(), \"OK\")]"}
COMMAND: POST /session/7f6ec3857c10649f26842f36b7e75a4c/element/f.4BE7CB3E9946CAC77AC1BA1FEFE24C33.d.C40F414F5E3A0358A01E3F8B41FCFFB2.e.22839/click - {}
RESULT: {}
COMMAND: GET /session/7f6ec3857c10649f26842f36b7e75a4c/screenshot - {}
RESULT: {}
COMMAND: POST /session/7f6ec3857c10649f26842f36b7e75a4c/execute/async - {"script":"<script> [1562 bytes]","args":[{"selector":{"id":"application-manageresources-display-component---newResourceUnit--newRRUPage-anchBar-application-manageresources-display-component---newResourceUnit--resource-anchor","interaction":{"idSuffix":"BDI-content"}},"wdio_ui5_key":"applicationmanageresources-display-component---newResourceUnit--newRRUPage-anchBar-application-manageresources-display-component---newResourceUnit--resource-anchor"}]}
RESULT: {"script":"<script> [1562 bytes]","args":[{"selector":{"id":"application-manageresources-display-component---newResourceUnit--newRRUPage-anchBar-application-manageresources-display-component---newResourceUnit--resource-anchor","interaction":{"idSuffix":"BDI-content"}},"wdio_ui5_key":"applicationmanageresources-display-component---newResourceUnit--newRRUPage-anchBar-application-manageresources-display-component---newResourceUnit--resource-anchor"}]}
RESULT: undefined
COMMAND: POST /session/7f6ec3857c10649f26842f36b7e75a4c/element - {"using":"xpath","value":"//*[@id=\"application-manageresources-display-component---newResourceUnit--newRRUPage-anchBar-application-manageresources-display-component---newResourceUnit--resource-anchor\"]"}
RESULT: {"using":"xpath","value":"//*[@id=\"application-manageresources-display-component---newResourceUnit--newRRUPage-anchBar-application-manageresources-display-component---newResourceUnit--resource-anchor\"]"}
COMMAND: POST /session/7f6ec3857c10649f26842f36b7e75a4c/element/f.4BE7CB3E9946CAC77AC1BA1FEFE24C33.d.C40F414F5E3A0358A01E3F8B41FCFFB2.e.22843/click - {}
RESULT: {}
COMMAND: POST /session/7f6ec3857c10649f26842f36b7e75a4c/execute/async - {"script":"<script> [1562 bytes]","args":[{"selector":{"id":"application-manageresources-display-component---newResourceUnit--PLANNED_DELIVERY_DATE","interaction":{"idSuffix":"inner"}},"wdio_ui5_key":"applicationmanageresources-display-component---newResourceUnit--PLANNED_DELIVERY_DATE"}]}
COMMAND: GET /session/7f6ec3857c10649f26842f36b7e75a4c/screenshot - {}
RESULT: {}
RESULT: {"script":"<script> [1562 bytes]","args":[{"selector":{"id":"application-manageresources-display-component---newResourceUnit--PLANNED_DELIVERY_DATE","interaction":{"idSuffix":"inner"}},"wdio_ui5_key":"applicationmanageresources-display-component---newResourceUnit--PLANNED_DELIVERY_DATE"}]}
RESULT: undefined
COMMAND: POST /session/7f6ec3857c10649f26842f36b7e75a4c/execute/async - {"script":"<script> [6424 bytes]","args":[{"element-6066-11e4-a52e-4f735466cecf":"f.4BE7CB3E9946CAC77AC1BA1FEFE24C33.d.C40F414F5E3A0358A01E3F8B41FCFFB2.e.22706"},"setValue",["5/15/25"]]}
RESULT: {"script":"<script> [6424 bytes]","args":[{"element-6066-11e4-a52e-4f735466cecf":"f.4BE7CB3E9946CAC77AC1BA1FEFE24C33.d.C40F414F5E3A0358A01E3F8B41FCFFB2.e.22706"},"setValue",["5/15/25"]]}
COMMAND: POST /session/7f6ec3857c10649f26842f36b7e75a4c/element - {"using":"xpath","value":"//label[contains(@class, 'sapMLabelRequired') and .//bdi[contains(text(), 'Planned Retirement')]]"}
RESULT: {"using":"xpath","value":"//label[contains(@class, 'sapMLabelRequired') and .//bdi[contains(text(), 'Planned Retirement')]]"}
COMMAND: POST /session/7f6ec3857c10649f26842f36b7e75a4c/elements - {"using":"xpath","value":"//label[contains(@class, 'sapMLabelRequired') and .//bdi[contains(text(), 'Planned Retirement')]]"}
RESULT: {"using":"xpath","value":"//label[contains(@class, 'sapMLabelRequired') and .//bdi[contains(text(), 'Planned Retirement')]]"}
COMMAND: POST /session/7f6ec3857c10649f26842f36b7e75a4c/element - {"using":"xpath","value":"//button[@data-kt=\"resourceUnitSaveButton\"]"}
RESULT: {"using":"xpath","value":"//button[@data-kt=\"resourceUnitSaveButton\"]"}
COMMAND: POST /session/7f6ec3857c10649f26842f36b7e75a4c/element/f.4BE7CB3E9946CAC77AC1BA1FEFE24C33.d.C40F414F5E3A0358A01E3F8B41FCFFB2.e.22667/click - {}
RESULT: {}
COMMAND: GET /session/7f6ec3857c10649f26842f36b7e75a4c/screenshot - {}
RESULT: {}
COMMAND: POST /session/7f6ec3857c10649f26842f36b7e75a4c/element - {"using":"xpath","value":"//bdi[contains(text(), \"Close\")]"}
RESULT: {"using":"xpath","value":"//bdi[contains(text(), \"Close\")]"}
COMMAND: POST /session/7f6ec3857c10649f26842f36b7e75a4c/element/f.4BE7CB3E9946CAC77AC1BA1FEFE24C33.d.C40F414F5E3A0358A01E3F8B41FCFFB2.e.22851/click - {}
RESULT: {}
COMMAND: GET /session/7f6ec3857c10649f26842f36b7e75a4c/screenshot - {}
RESULT: {}
COMMAND: POST /session/7f6ec3857c10649f26842f36b7e75a4c/element - {"using":"xpath","value":"(//button[contains(@id ,\"actionsToolbar-overflowButton\")])[1]"}
RESULT: {"using":"xpath","value":"(//button[contains(@id ,\"actionsToolbar-overflowButton\")])[1]"}
COMMAND: POST /session/7f6ec3857c10649f26842f36b7e75a4c/element/f.4BE7CB3E9946CAC77AC1BA1FEFE24C33.d.C40F414F5E3A0358A01E3F8B41FCFFB2.e.22907/click - {}
RESULT: {}
COMMAND: GET /session/7f6ec3857c10649f26842f36b7e75a4c/screenshot - {}
RESULT: {}
COMMAND: POST /session/7f6ec3857c10649f26842f36b7e75a4c/element - {"using":"xpath","value":"//button[@data-kt=\"priceInfoButton\"]"}
RESULT: {"using":"xpath","value":"//button[@data-kt=\"priceInfoButton\"]"}
COMMAND: POST /session/7f6ec3857c10649f26842f36b7e75a4c/element/f.4BE7CB3E9946CAC77AC1BA1FEFE24C33.d.C40F414F5E3A0358A01E3F8B41FCFFB2.e.22909/click - {}
RESULT: {}
COMMAND: GET /session/7f6ec3857c10649f26842f36b7e75a4c/screenshot - {}
RESULT: {}
COMMAND: POST /session/7f6ec3857c10649f26842f36b7e75a4c/element - {"using":"css selector","value":"#shell-header-logo"}
RESULT: {"using":"css selector","value":"#shell-header-logo"}
COMMAND: POST /session/7f6ec3857c10649f26842f36b7e75a4c/element/f.4BE7CB3E9946CAC77AC1BA1FEFE24C33.d.C40F414F5E3A0358A01E3F8B41FCFFB2.e.22259/click - {}
RESULT: {}
COMMAND: GET /session/7f6ec3857c10649f26842f36b7e75a4c/screenshot - {}
RESULT: {}
]]></system-out>
    </testcase>
    <testcase classname="chrome.136_0_7103_49.windows.Transfer_Yard_to_Yard_US131076" name="Prereq Should create a new equipment multipart" time="111.863">
      <system-out><![CDATA[
RESULT: undefined
COMMAND: POST /session/7f6ec3857c10649f26842f36b7e75a4c/element - {"using":"xpath","value":"//*[@id=\"__tile31\"]"}
RESULT: {"using":"xpath","value":"//*[@id=\"__tile31\"]"}
COMMAND: POST /session/7f6ec3857c10649f26842f36b7e75a4c/element/f.4BE7CB3E9946CAC77AC1BA1FEFE24C33.d.C40F414F5E3A0358A01E3F8B41FCFFB2.e.21398/click - {}
RESULT: {}
COMMAND: GET /session/7f6ec3857c10649f26842f36b7e75a4c/screenshot - {}
RESULT: {}
COMMAND: POST /session/7f6ec3857c10649f26842f36b7e75a4c/elements - {"using":"xpath","value":"//span[text()='Error']"}
RESULT: {"using":"xpath","value":"//span[text()='Error']"}
COMMAND: POST /session/7f6ec3857c10649f26842f36b7e75a4c/element - {"using":"xpath","value":"//button[@data-kt=\"addNewRUOverflowToolbarButton\"]"}
RESULT: {"using":"xpath","value":"//button[@data-kt=\"addNewRUOverflowToolbarButton\"]"}
COMMAND: POST /session/7f6ec3857c10649f26842f36b7e75a4c/elements - {"using":"xpath","value":"//button[@data-kt=\"addNewRUOverflowToolbarButton\"]"}
RESULT: {"using":"xpath","value":"//button[@data-kt=\"addNewRUOverflowToolbarButton\"]"}
COMMAND: POST /session/7f6ec3857c10649f26842f36b7e75a4c/execute/sync - {"script":"<script> [8489 bytes]","args":[{"element-6066-11e4-a52e-4f735466cecf":"f.4BE7CB3E9946CAC77AC1BA1FEFE24C33.d.C40F414F5E3A0358A01E3F8B41FCFFB2.e.22954","ELEMENT":"f.4BE7CB3E9946CAC77AC1BA1FEFE24C33.d.C40F414F5E3A0358A01E3F8B41FCFFB2.e.22954"}]}
RESULT: {"script":"<script> [8489 bytes]","args":[{"element-6066-11e4-a52e-4f735466cecf":"f.4BE7CB3E9946CAC77AC1BA1FEFE24C33.d.C40F414F5E3A0358A01E3F8B41FCFFB2.e.22954","ELEMENT":"f.4BE7CB3E9946CAC77AC1BA1FEFE24C33.d.C40F414F5E3A0358A01E3F8B41FCFFB2.e.22954"}]}
COMMAND: GET /session/7f6ec3857c10649f26842f36b7e75a4c/element/f.4BE7CB3E9946CAC77AC1BA1FEFE24C33.d.C40F414F5E3A0358A01E3F8B41FCFFB2.e.22954/enabled - {}
COMMAND: GET /session/7f6ec3857c10649f26842f36b7e75a4c/screenshot - {}
RESULT: {}
COMMAND: POST /session/7f6ec3857c10649f26842f36b7e75a4c/execute/sync - {"script":"<script> [8489 bytes]","args":[{"element-6066-11e4-a52e-4f735466cecf":"f.4BE7CB3E9946CAC77AC1BA1FEFE24C33.d.C40F414F5E3A0358A01E3F8B41FCFFB2.e.22954","ELEMENT":"f.4BE7CB3E9946CAC77AC1BA1FEFE24C33.d.C40F414F5E3A0358A01E3F8B41FCFFB2.e.22954"}]}
COMMAND: GET /session/7f6ec3857c10649f26842f36b7e75a4c/screenshot - {}
RESULT: {}
RESULT: {"script":"<script> [8489 bytes]","args":[{"element-6066-11e4-a52e-4f735466cecf":"f.4BE7CB3E9946CAC77AC1BA1FEFE24C33.d.C40F414F5E3A0358A01E3F8B41FCFFB2.e.22954","ELEMENT":"f.4BE7CB3E9946CAC77AC1BA1FEFE24C33.d.C40F414F5E3A0358A01E3F8B41FCFFB2.e.22954"}]}
COMMAND: POST /session/7f6ec3857c10649f26842f36b7e75a4c/execute/sync - {"script":"<script> [5351 bytes]","args":[{"element-6066-11e4-a52e-4f735466cecf":"f.4BE7CB3E9946CAC77AC1BA1FEFE24C33.d.C40F414F5E3A0358A01E3F8B41FCFFB2.e.22954","ELEMENT":"f.4BE7CB3E9946CAC77AC1BA1FEFE24C33.d.C40F414F5E3A0358A01E3F8B41FCFFB2.e.22954"}]}
COMMAND: GET /session/7f6ec3857c10649f26842f36b7e75a4c/screenshot - {}
RESULT: {}
RESULT: {"script":"<script> [5351 bytes]","args":[{"element-6066-11e4-a52e-4f735466cecf":"f.4BE7CB3E9946CAC77AC1BA1FEFE24C33.d.C40F414F5E3A0358A01E3F8B41FCFFB2.e.22954","ELEMENT":"f.4BE7CB3E9946CAC77AC1BA1FEFE24C33.d.C40F414F5E3A0358A01E3F8B41FCFFB2.e.22954"}]}
COMMAND: POST /session/7f6ec3857c10649f26842f36b7e75a4c/element/f.4BE7CB3E9946CAC77AC1BA1FEFE24C33.d.C40F414F5E3A0358A01E3F8B41FCFFB2.e.22954/click - {}
COMMAND: GET /session/7f6ec3857c10649f26842f36b7e75a4c/screenshot - {}
RESULT: {}
RESULT: {}
COMMAND: GET /session/7f6ec3857c10649f26842f36b7e75a4c/screenshot - {}
RESULT: undefined
COMMAND: POST /session/7f6ec3857c10649f26842f36b7e75a4c/element - {"using":"xpath","value":"//*[@id=\"application-manageresources-display-component---newResourceUnit--TYPE-arrow\"]"}
RESULT: {}
RESULT: {}
RESULT: {"using":"xpath","value":"//*[@id=\"application-manageresources-display-component---newResourceUnit--TYPE-arrow\"]"}
COMMAND: POST /session/7f6ec3857c10649f26842f36b7e75a4c/element/f.4BE7CB3E9946CAC77AC1BA1FEFE24C33.d.C40F414F5E3A0358A01E3F8B41FCFFB2.e.23308/click - {}
RESULT: {}
COMMAND: POST /session/7f6ec3857c10649f26842f36b7e75a4c/element - {"using":"xpath","value":"//input[@id=\"application-manageresources-display-component---newResourceUnit--TYPE-inner\"]"}
COMMAND: GET /session/7f6ec3857c10649f26842f36b7e75a4c/screenshot - {}
RESULT: {"using":"xpath","value":"//input[@id=\"application-manageresources-display-component---newResourceUnit--TYPE-inner\"]"}
COMMAND: POST /session/7f6ec3857c10649f26842f36b7e75a4c/element/f.4BE7CB3E9946CAC77AC1BA1FEFE24C33.d.C40F414F5E3A0358A01E3F8B41FCFFB2.e.23292/clear - {}
RESULT: {}
RESULT: {}
COMMAND: POST /session/7f6ec3857c10649f26842f36b7e75a4c/element/f.4BE7CB3E9946CAC77AC1BA1FEFE24C33.d.C40F414F5E3A0358A01E3F8B41FCFFB2.e.23292/value - {"text":"Equi Multipart"}
COMMAND: GET /session/7f6ec3857c10649f26842f36b7e75a4c/screenshot - {}
RESULT: {"text":"Equi Multipart"}
COMMAND: GET /session/7f6ec3857c10649f26842f36b7e75a4c/screenshot - {}
RESULT: {}
RESULT: {}
COMMAND: POST /session/7f6ec3857c10649f26842f36b7e75a4c/actions - {"actions":[{"id":"action70","type":"key","parameters":{},"actions":[{"type":"keyDown","value":"î€‡"},{"type":"pause","duration":10},{"type":"keyUp","value":"î€‡"}]}]}
RESULT: {"actions":[{"id":"action70","type":"key","parameters":{},"actions":[{"type":"keyDown","value":"î€‡"},{"type":"pause","duration":10},{"type":"keyUp","value":"î€‡"}]}]}
RESULT: undefined
COMMAND: POST /session/7f6ec3857c10649f26842f36b7e75a4c/execute/async - {"script":"<script> [776 bytes]","args":[{"enterText":"Equipment Multipart WDIO","selector":{"id":"application-manageresources-display-component---newResourceUnit--SHORT_TEXT","interaction":{"idSuffix":"inner"}},"clearTextFirst":true,"interactionType":"ENTER_TEXT"}]}
COMMAND: GET /session/7f6ec3857c10649f26842f36b7e75a4c/screenshot - {}
RESULT: {"script":"<script> [776 bytes]","args":[{"enterText":"Equipment Multipart WDIO","selector":{"id":"application-manageresources-display-component---newResourceUnit--SHORT_TEXT","interaction":{"idSuffix":"inner"}},"clearTextFirst":true,"interactionType":"ENTER_TEXT"}]}
RESULT: undefined
COMMAND: POST /session/7f6ec3857c10649f26842f36b7e75a4c/execute/async - {"script":"<script> [776 bytes]","args":[{"enterText":"Piece","selector":{"id":"application-manageresources-display-component---newResourceUnit--BASE_UNIT_OF_MEASURE","interaction":{"idSuffix":"inner"}},"clearTextFirst":true,"interactionType":"ENTER_TEXT"}]}
RESULT: {}
RESULT: {"script":"<script> [776 bytes]","args":[{"enterText":"Piece","selector":{"id":"application-manageresources-display-component---newResourceUnit--BASE_UNIT_OF_MEASURE","interaction":{"idSuffix":"inner"}},"clearTextFirst":true,"interactionType":"ENTER_TEXT"}]}
RESULT: undefined
COMMAND: POST /session/7f6ec3857c10649f26842f36b7e75a4c/execute/async - {"script":"<script> [776 bytes]","args":[{"enterText":"Gram","selector":{"id":"application-manageresources-display-component---newResourceUnit--WEIGHT_UNIT","interaction":{"idSuffix":"inner"}},"clearTextFirst":true,"interactionType":"ENTER_TEXT"}]}
RESULT: {"script":"<script> [776 bytes]","args":[{"enterText":"Gram","selector":{"id":"application-manageresources-display-component---newResourceUnit--WEIGHT_UNIT","interaction":{"idSuffix":"inner"}},"clearTextFirst":true,"interactionType":"ENTER_TEXT"}]}
RESULT: undefined
COMMAND: POST /session/7f6ec3857c10649f26842f36b7e75a4c/execute/async - {"script":"<script> [776 bytes]","args":[{"enterText":"Meter","selector":{"id":"application-manageresources-display-component---newResourceUnit--DIMENSION_UNIT","interaction":{"idSuffix":"inner"}},"clearTextFirst":true,"interactionType":"ENTER_TEXT"}]}
RESULT: {"script":"<script> [776 bytes]","args":[{"enterText":"Meter","selector":{"id":"application-manageresources-display-component---newResourceUnit--DIMENSION_UNIT","interaction":{"idSuffix":"inner"}},"clearTextFirst":true,"interactionType":"ENTER_TEXT"}]}
RESULT: undefined
COMMAND: POST /session/7f6ec3857c10649f26842f36b7e75a4c/element - {"using":"xpath","value":"//*[@id=\"application-manageresources-display-component---newResourceUnit--newRRUPage-anchBar-application-manageresources-display-component---newResourceUnit--control-anchor\"]"}
RESULT: {"using":"xpath","value":"//*[@id=\"application-manageresources-display-component---newResourceUnit--newRRUPage-anchBar-application-manageresources-display-component---newResourceUnit--control-anchor\"]"}
COMMAND: POST /session/7f6ec3857c10649f26842f36b7e75a4c/element/f.4BE7CB3E9946CAC77AC1BA1FEFE24C33.d.C40F414F5E3A0358A01E3F8B41FCFFB2.e.23371/click - {}
RESULT: {}
RESULT: undefined
COMMAND: POST /session/7f6ec3857c10649f26842f36b7e75a4c/execute/async - {"script":"<script> [776 bytes]","args":[{"enterText":"Heavy Equi","selector":{"id":"application-manageresources-display-component---newResourceUnit--PLANNING_GROUP","interaction":{"idSuffix":"inner"}},"clearTextFirst":true,"interactionType":"ENTER_TEXT"}]}
COMMAND: GET /session/7f6ec3857c10649f26842f36b7e75a4c/screenshot - {}
RESULT: {"script":"<script> [776 bytes]","args":[{"enterText":"Heavy Equi","selector":{"id":"application-manageresources-display-component---newResourceUnit--PLANNING_GROUP","interaction":{"idSuffix":"inner"}},"clearTextFirst":true,"interactionType":"ENTER_TEXT"}]}
RESULT: {}
COMMAND: POST /session/7f6ec3857c10649f26842f36b7e75a4c/execute/async - {"script":"<script> [1562 bytes]","args":[{"selector":{"id":"application-manageresources-display-component---newResourceUnit--PLANNING_INDICATOR","interaction":{"idSuffix":"inner"}},"wdio_ui5_key":"applicationmanageresources-display-component---newResourceUnit--PLANNING_INDICATOR"}]}
RESULT: {"script":"<script> [1562 bytes]","args":[{"selector":{"id":"application-manageresources-display-component---newResourceUnit--PLANNING_INDICATOR","interaction":{"idSuffix":"inner"}},"wdio_ui5_key":"applicationmanageresources-display-component---newResourceUnit--PLANNING_INDICATOR"}]}
RESULT: undefined
COMMAND: POST /session/7f6ec3857c10649f26842f36b7e75a4c/execute/async - {"script":"<script> [776 bytes]","args":[{"enterText":"10 - infinite","selector":{"id":"application-manageresources-display-component---newResourceUnit--PLANNING_INDICATOR","interaction":{"idSuffix":"inner"}},"clearTextFirst":true,"interactionType":"ENTER_TEXT"}]}
RESULT: {"script":"<script> [776 bytes]","args":[{"enterText":"10 - infinite","selector":{"id":"application-manageresources-display-component---newResourceUnit--PLANNING_INDICATOR","interaction":{"idSuffix":"inner"}},"clearTextFirst":true,"interactionType":"ENTER_TEXT"}]}
RESULT: undefined
COMMAND: POST /session/7f6ec3857c10649f26842f36b7e75a4c/element - {"using":"xpath","value":"//*[@id=\"application-manageresources-display-component---newResourceUnit--ITEM_TYPE-arrow\"]"}
RESULT: {"using":"xpath","value":"//*[@id=\"application-manageresources-display-component---newResourceUnit--ITEM_TYPE-arrow\"]"}
COMMAND: POST /session/7f6ec3857c10649f26842f36b7e75a4c/element/f.4BE7CB3E9946CAC77AC1BA1FEFE24C33.d.C40F414F5E3A0358A01E3F8B41FCFFB2.e.23378/click - {}
RESULT: {}
COMMAND: GET /session/7f6ec3857c10649f26842f36b7e75a4c/screenshot - {}
RESULT: {}
COMMAND: POST /session/7f6ec3857c10649f26842f36b7e75a4c/execute/async - {"script":"<script> [1562 bytes]","args":[{"selector":{"controlType":"sap.m.StandardListItem","viewName":"reusables.view.manageresources.NewResourceUnit","viewId":"application-manageresources-display-component---newResourceUnit","properties":{"title":"Pool Equipment"},"searchOpenDialogs":true,"interaction":{"idSuffix":"content"}},"wdio_ui5_key":"reusablesview.manageresources.NewResourceUnitsap.m.StandardListItem{\"title\":\"Pool Equipment\"}"}]}
RESULT: {"script":"<script> [1562 bytes]","args":[{"selector":{"controlType":"sap.m.StandardListItem","viewName":"reusables.view.manageresources.NewResourceUnit","viewId":"application-manageresources-display-component---newResourceUnit","properties":{"title":"Pool Equipment"},"searchOpenDialogs":true,"interaction":{"idSuffix":"content"}},"wdio_ui5_key":"reusablesview.manageresources.NewResourceUnitsap.m.StandardListItem{\"title\":\"Pool Equipment\"}"}]}
RESULT: undefined
COMMAND: POST /session/7f6ec3857c10649f26842f36b7e75a4c/element - {"using":"xpath","value":"//*[@id=\"__item1116\"]"}
RESULT: {"using":"xpath","value":"//*[@id=\"__item1116\"]"}
COMMAND: POST /session/7f6ec3857c10649f26842f36b7e75a4c/element/f.4BE7CB3E9946CAC77AC1BA1FEFE24C33.d.C40F414F5E3A0358A01E3F8B41FCFFB2.e.23380/click - {}
RESULT: {}
COMMAND: GET /session/7f6ec3857c10649f26842f36b7e75a4c/screenshot - {}
RESULT: {}
COMMAND: POST /session/7f6ec3857c10649f26842f36b7e75a4c/element - {"using":"css selector","value":"#application-manageresources-display-component---newResourceUnit--btnAddTimeSegment"}
RESULT: {"using":"css selector","value":"#application-manageresources-display-component---newResourceUnit--btnAddTimeSegment"}
COMMAND: GET /session/7f6ec3857c10649f26842f36b7e75a4c/element/f.4BE7CB3E9946CAC77AC1BA1FEFE24C33.d.C40F414F5E3A0358A01E3F8B41FCFFB2.e.23381/rect - {}
RESULT: {}
COMMAND: GET /session/7f6ec3857c10649f26842f36b7e75a4c/window/rect - {}
RESULT: {}
COMMAND: POST /session/7f6ec3857c10649f26842f36b7e75a4c/execute/sync - {"script":"<script> [92 bytes]","args":[]}
RESULT: {"script":"<script> [92 bytes]","args":[]}
COMMAND: POST /session/7f6ec3857c10649f26842f36b7e75a4c/actions - {"actions":[{"id":"action71","type":"wheel","parameters":{},"actions":[{"type":"scroll","x":-1888,"y":-32,"deltaX":0,"deltaY":0,"duration":0,"origin":{"element-6066-11e4-a52e-4f735466cecf":"f.4BE7CB3E9946CAC77AC1BA1FEFE24C33.d.C40F414F5E3A0358A01E3F8B41FCFFB2.e.23381"}}]}]}
COMMAND: GET /session/7f6ec3857c10649f26842f36b7e75a4c/screenshot - {}
RESULT: {}
COMMAND: POST /session/7f6ec3857c10649f26842f36b7e75a4c/execute/sync - {"script":"<script> [79 bytes]","args":[{"element-6066-11e4-a52e-4f735466cecf":"f.4BE7CB3E9946CAC77AC1BA1FEFE24C33.d.C40F414F5E3A0358A01E3F8B41FCFFB2.e.23381","ELEMENT":"f.4BE7CB3E9946CAC77AC1BA1FEFE24C33.d.C40F414F5E3A0358A01E3F8B41FCFFB2.e.23381"},{"block":"start","inline":"nearest"}]}
RESULT: {"script":"<script> [79 bytes]","args":[{"element-6066-11e4-a52e-4f735466cecf":"f.4BE7CB3E9946CAC77AC1BA1FEFE24C33.d.C40F414F5E3A0358A01E3F8B41FCFFB2.e.23381","ELEMENT":"f.4BE7CB3E9946CAC77AC1BA1FEFE24C33.d.C40F414F5E3A0358A01E3F8B41FCFFB2.e.23381"},{"block":"start","inline":"nearest"}]}
RESULT: undefined
COMMAND: POST /session/7f6ec3857c10649f26842f36b7e75a4c/element - {"using":"xpath","value":"//*[@id=\"application-manageresources-display-component---newResourceUnit--btnAddTimeSegment\"]"}
COMMAND: GET /session/7f6ec3857c10649f26842f36b7e75a4c/screenshot - {}
RESULT: {"using":"xpath","value":"//*[@id=\"application-manageresources-display-component---newResourceUnit--btnAddTimeSegment\"]"}
COMMAND: POST /session/7f6ec3857c10649f26842f36b7e75a4c/element/f.4BE7CB3E9946CAC77AC1BA1FEFE24C33.d.C40F414F5E3A0358A01E3F8B41FCFFB2.e.23381/click - {}
RESULT: {}
RESULT: {}
COMMAND: GET /session/7f6ec3857c10649f26842f36b7e75a4c/screenshot - {}
RESULT: {}
COMMAND: POST /session/7f6ec3857c10649f26842f36b7e75a4c/element - {"using":"xpath","value":"//input[@id=\"application-manageresources-display-component---newResourceUnit--idRuTSAdmin-application-manageresources-display-component---newResourceUnit--RUTimeSegment-0-inner\"]"}
RESULT: {"using":"xpath","value":"//input[@id=\"application-manageresources-display-component---newResourceUnit--idRuTSAdmin-application-manageresources-display-component---newResourceUnit--RUTimeSegment-0-inner\"]"}
COMMAND: POST /session/7f6ec3857c10649f26842f36b7e75a4c/element/f.4BE7CB3E9946CAC77AC1BA1FEFE24C33.d.C40F414F5E3A0358A01E3F8B41FCFFB2.e.23384/clear - {}
RESULT: {}
COMMAND: POST /session/7f6ec3857c10649f26842f36b7e75a4c/element/f.4BE7CB3E9946CAC77AC1BA1FEFE24C33.d.C40F414F5E3A0358A01E3F8B41FCFFB2.e.23384/value - {"text":"388"}
COMMAND: GET /session/7f6ec3857c10649f26842f36b7e75a4c/screenshot - {}
RESULT: {"text":"388"}
COMMAND: GET /session/7f6ec3857c10649f26842f36b7e75a4c/screenshot - {}
RESULT: {}
RESULT: {}
COMMAND: POST /session/7f6ec3857c10649f26842f36b7e75a4c/element - {"using":"xpath","value":"//li[.//span[text()='388']]"}
RESULT: {"using":"xpath","value":"//li[.//span[text()='388']]"}
COMMAND: POST /session/7f6ec3857c10649f26842f36b7e75a4c/element/f.4BE7CB3E9946CAC77AC1BA1FEFE24C33.d.C40F414F5E3A0358A01E3F8B41FCFFB2.e.23399/click - {}
RESULT: {}
COMMAND: GET /session/7f6ec3857c10649f26842f36b7e75a4c/screenshot - {}
RESULT: {}
COMMAND: POST /session/7f6ec3857c10649f26842f36b7e75a4c/element - {"using":"xpath","value":"(//span[contains(@id, \"-application-manageresources-display-component---newResourceUnit--RUTimeSegment-0-arrow\")])[5]"}
RESULT: {"using":"xpath","value":"(//span[contains(@id, \"-application-manageresources-display-component---newResourceUnit--RUTimeSegment-0-arrow\")])[5]"}
COMMAND: POST /session/7f6ec3857c10649f26842f36b7e75a4c/element/f.4BE7CB3E9946CAC77AC1BA1FEFE24C33.d.C40F414F5E3A0358A01E3F8B41FCFFB2.e.23400/click - {}
RESULT: {}
COMMAND: GET /session/7f6ec3857c10649f26842f36b7e75a4c/screenshot - {}
RESULT: {}
COMMAND: POST /session/7f6ec3857c10649f26842f36b7e75a4c/element - {"using":"xpath","value":"//span[contains(text(), \"PM Order\")]"}
RESULT: {"using":"xpath","value":"//span[contains(text(), \"PM Order\")]"}
COMMAND: POST /session/7f6ec3857c10649f26842f36b7e75a4c/element/f.4BE7CB3E9946CAC77AC1BA1FEFE24C33.d.C40F414F5E3A0358A01E3F8B41FCFFB2.e.23401/click - {}
RESULT: {}
COMMAND: GET /session/7f6ec3857c10649f26842f36b7e75a4c/screenshot - {}
RESULT: {}
COMMAND: POST /session/7f6ec3857c10649f26842f36b7e75a4c/element - {"using":"xpath","value":"(//span[contains(@id ,\"manageresources-display-component---newResourceUnit--RUTimeSegment-0-vhi\")])[1]"}
RESULT: {"using":"xpath","value":"(//span[contains(@id ,\"manageresources-display-component---newResourceUnit--RUTimeSegment-0-vhi\")])[1]"}
COMMAND: GET /session/7f6ec3857c10649f26842f36b7e75a4c/element/f.4BE7CB3E9946CAC77AC1BA1FEFE24C33.d.C40F414F5E3A0358A01E3F8B41FCFFB2.e.23405/rect - {}
RESULT: {}
COMMAND: GET /session/7f6ec3857c10649f26842f36b7e75a4c/window/rect - {}
RESULT: {}
COMMAND: POST /session/7f6ec3857c10649f26842f36b7e75a4c/execute/sync - {"script":"<script> [92 bytes]","args":[]}
RESULT: {"script":"<script> [92 bytes]","args":[]}
COMMAND: POST /session/7f6ec3857c10649f26842f36b7e75a4c/actions - {"actions":[{"id":"action72","type":"wheel","parameters":{},"actions":[{"type":"scroll","x":-1888,"y":-24,"deltaX":0,"deltaY":0,"duration":0,"origin":{"element-6066-11e4-a52e-4f735466cecf":"f.4BE7CB3E9946CAC77AC1BA1FEFE24C33.d.C40F414F5E3A0358A01E3F8B41FCFFB2.e.23405"}}]}]}
COMMAND: GET /session/7f6ec3857c10649f26842f36b7e75a4c/screenshot - {}
RESULT: {}
COMMAND: POST /session/7f6ec3857c10649f26842f36b7e75a4c/execute/sync - {"script":"<script> [79 bytes]","args":[{"element-6066-11e4-a52e-4f735466cecf":"f.4BE7CB3E9946CAC77AC1BA1FEFE24C33.d.C40F414F5E3A0358A01E3F8B41FCFFB2.e.23405","ELEMENT":"f.4BE7CB3E9946CAC77AC1BA1FEFE24C33.d.C40F414F5E3A0358A01E3F8B41FCFFB2.e.23405"},{"block":"start","inline":"nearest"}]}
RESULT: {"script":"<script> [79 bytes]","args":[{"element-6066-11e4-a52e-4f735466cecf":"f.4BE7CB3E9946CAC77AC1BA1FEFE24C33.d.C40F414F5E3A0358A01E3F8B41FCFFB2.e.23405","ELEMENT":"f.4BE7CB3E9946CAC77AC1BA1FEFE24C33.d.C40F414F5E3A0358A01E3F8B41FCFFB2.e.23405"},{"block":"start","inline":"nearest"}]}
COMMAND: GET /session/7f6ec3857c10649f26842f36b7e75a4c/screenshot - {}
RESULT: {}
COMMAND: POST /session/7f6ec3857c10649f26842f36b7e75a4c/element/f.4BE7CB3E9946CAC77AC1BA1FEFE24C33.d.C40F414F5E3A0358A01E3F8B41FCFFB2.e.23405/click - {}
RESULT: {}
COMMAND: GET /session/7f6ec3857c10649f26842f36b7e75a4c/screenshot - {}
RESULT: {}
RESULT: undefined
COMMAND: POST /session/7f6ec3857c10649f26842f36b7e75a4c/execute/async - {"script":"<script> [776 bytes]","args":[{"enterText":"4000360","selector":{"controlType":"sap.m.SearchField","properties":{"placeholder":"Search"},"searchOpenDialogs":true,"interaction":{"idSuffix":"I"}},"clearTextFirst":true,"interactionType":"ENTER_TEXT"}]}
RESULT: {"script":"<script> [776 bytes]","args":[{"enterText":"4000360","selector":{"controlType":"sap.m.SearchField","properties":{"placeholder":"Search"},"searchOpenDialogs":true,"interaction":{"idSuffix":"I"}},"clearTextFirst":true,"interactionType":"ENTER_TEXT"}]}
COMMAND: POST /session/7f6ec3857c10649f26842f36b7e75a4c/actions - {"actions":[{"id":"action73","type":"key","parameters":{},"actions":[{"type":"keyDown","value":"î€‡"},{"type":"pause","duration":10},{"type":"keyUp","value":"î€‡"}]}]}
RESULT: {"actions":[{"id":"action73","type":"key","parameters":{},"actions":[{"type":"keyDown","value":"î€‡"},{"type":"pause","duration":10},{"type":"keyUp","value":"î€‡"}]}]}
COMMAND: GET /session/7f6ec3857c10649f26842f36b7e75a4c/screenshot - {}
RESULT: {}
COMMAND: POST /session/7f6ec3857c10649f26842f36b7e75a4c/element - {"using":"xpath","value":"//td/div/span[contains(text(), \"BGL Vehicles\")]"}
RESULT: {"using":"xpath","value":"//td/div/span[contains(text(), \"BGL Vehicles\")]"}
COMMAND: POST /session/7f6ec3857c10649f26842f36b7e75a4c/element/f.4BE7CB3E9946CAC77AC1BA1FEFE24C33.d.C40F414F5E3A0358A01E3F8B41FCFFB2.e.23424/click - {}
RESULT: {}
COMMAND: GET /session/7f6ec3857c10649f26842f36b7e75a4c/screenshot - {}
RESULT: {}
COMMAND: POST /session/7f6ec3857c10649f26842f36b7e75a4c/element - {"using":"xpath","value":"//bdi[contains(text(), \"OK\")]"}
RESULT: {"using":"xpath","value":"//bdi[contains(text(), \"OK\")]"}
COMMAND: POST /session/7f6ec3857c10649f26842f36b7e75a4c/element/f.4BE7CB3E9946CAC77AC1BA1FEFE24C33.d.C40F414F5E3A0358A01E3F8B41FCFFB2.e.23425/click - {}
RESULT: {}
COMMAND: GET /session/7f6ec3857c10649f26842f36b7e75a4c/screenshot - {}
RESULT: {}
COMMAND: POST /session/7f6ec3857c10649f26842f36b7e75a4c/element - {"using":"xpath","value":"//label[contains(@class, 'sapMLabelRequired') and .//bdi[contains(text(), 'Planned Retirement')]]"}
RESULT: {"using":"xpath","value":"//label[contains(@class, 'sapMLabelRequired') and .//bdi[contains(text(), 'Planned Retirement')]]"}
COMMAND: POST /session/7f6ec3857c10649f26842f36b7e75a4c/elements - {"using":"xpath","value":"//label[contains(@class, 'sapMLabelRequired') and .//bdi[contains(text(), 'Planned Retirement')]]"}
RESULT: {"using":"xpath","value":"//label[contains(@class, 'sapMLabelRequired') and .//bdi[contains(text(), 'Planned Retirement')]]"}
COMMAND: POST /session/7f6ec3857c10649f26842f36b7e75a4c/element - {"using":"xpath","value":"//button[@data-kt=\"resourceUnitSaveButton\"]"}
RESULT: {"using":"xpath","value":"//button[@data-kt=\"resourceUnitSaveButton\"]"}
COMMAND: POST /session/7f6ec3857c10649f26842f36b7e75a4c/element/f.4BE7CB3E9946CAC77AC1BA1FEFE24C33.d.C40F414F5E3A0358A01E3F8B41FCFFB2.e.23325/click - {}
RESULT: {}
COMMAND: GET /session/7f6ec3857c10649f26842f36b7e75a4c/screenshot - {}
RESULT: {}
COMMAND: POST /session/7f6ec3857c10649f26842f36b7e75a4c/element - {"using":"xpath","value":"//bdi[contains(text(), \"Close\")]"}
RESULT: {"using":"xpath","value":"//bdi[contains(text(), \"Close\")]"}
COMMAND: POST /session/7f6ec3857c10649f26842f36b7e75a4c/element/f.4BE7CB3E9946CAC77AC1BA1FEFE24C33.d.C40F414F5E3A0358A01E3F8B41FCFFB2.e.23431/click - {}
RESULT: {}
COMMAND: GET /session/7f6ec3857c10649f26842f36b7e75a4c/screenshot - {}
RESULT: {}
COMMAND: POST /session/7f6ec3857c10649f26842f36b7e75a4c/element - {"using":"xpath","value":"//header[contains(@id, 'detailRruPage-headerTitle')]/div[1]/div[2]/div[2]/span[1]"}
RESULT: {"using":"xpath","value":"//header[contains(@id, 'detailRruPage-headerTitle')]/div[1]/div[2]/div[2]/span[1]"}
COMMAND: POST /session/7f6ec3857c10649f26842f36b7e75a4c/elements - {"using":"xpath","value":"//header[contains(@id, 'detailRruPage-headerTitle')]/div[1]/div[2]/div[2]/span[1]"}
RESULT: {"using":"xpath","value":"//header[contains(@id, 'detailRruPage-headerTitle')]/div[1]/div[2]/div[2]/span[1]"}
COMMAND: POST /session/7f6ec3857c10649f26842f36b7e75a4c/execute/sync - {"script":"<script> [56 bytes]","args":[{"element-6066-11e4-a52e-4f735466cecf":"f.4BE7CB3E9946CAC77AC1BA1FEFE24C33.d.C40F414F5E3A0358A01E3F8B41FCFFB2.e.23466","ELEMENT":"f.4BE7CB3E9946CAC77AC1BA1FEFE24C33.d.C40F414F5E3A0358A01E3F8B41FCFFB2.e.23466"}]}
RESULT: {"script":"<script> [56 bytes]","args":[{"element-6066-11e4-a52e-4f735466cecf":"f.4BE7CB3E9946CAC77AC1BA1FEFE24C33.d.C40F414F5E3A0358A01E3F8B41FCFFB2.e.23466","ELEMENT":"f.4BE7CB3E9946CAC77AC1BA1FEFE24C33.d.C40F414F5E3A0358A01E3F8B41FCFFB2.e.23466"}]}
COMMAND: POST /session/7f6ec3857c10649f26842f36b7e75a4c/element - {"using":"css selector","value":"#shell-header-logo"}
COMMAND: GET /session/7f6ec3857c10649f26842f36b7e75a4c/screenshot - {}
RESULT: {"using":"css selector","value":"#shell-header-logo"}
COMMAND: POST /session/7f6ec3857c10649f26842f36b7e75a4c/element/f.4BE7CB3E9946CAC77AC1BA1FEFE24C33.d.C40F414F5E3A0358A01E3F8B41FCFFB2.e.22915/click - {}
RESULT: {}
RESULT: {}
COMMAND: GET /session/7f6ec3857c10649f26842f36b7e75a4c/screenshot - {}
RESULT: {}
]]></system-out>
    </testcase>
    <testcase classname="chrome.136_0_7103_49.windows.Transfer_Yard_to_Yard_US131076" name="Should do a stock increase handover" time="82.397">
      <system-out><![CDATA[
COMMAND: POST /session/7f6ec3857c10649f26842f36b7e75a4c/execute/async - {"script":"<script> [1562 bytes]","args":[{"selector":{"controlType":"sap.m.GenericTile","properties":{"header":"Manage Handovers"}},"wdio_ui5_key":"sapm.GenericTile{\"header\":\"Manage Handovers\"}"}]}
RESULT: {"script":"<script> [1562 bytes]","args":[{"selector":{"controlType":"sap.m.GenericTile","properties":{"header":"Manage Handovers"}},"wdio_ui5_key":"sapm.GenericTile{\"header\":\"Manage Handovers\"}"}]}
RESULT: undefined
COMMAND: POST /session/7f6ec3857c10649f26842f36b7e75a4c/element - {"using":"xpath","value":"//*[@id=\"__tile131\"]"}
RESULT: {"using":"xpath","value":"//*[@id=\"__tile131\"]"}
COMMAND: POST /session/7f6ec3857c10649f26842f36b7e75a4c/element/f.4BE7CB3E9946CAC77AC1BA1FEFE24C33.d.C40F414F5E3A0358A01E3F8B41FCFFB2.e.21424/click - {}
RESULT: {}
COMMAND: GET /session/7f6ec3857c10649f26842f36b7e75a4c/screenshot - {}
RESULT: {}
COMMAND: POST /session/7f6ec3857c10649f26842f36b7e75a4c/elements - {"using":"xpath","value":"//span[text()='Error']"}
RESULT: {"using":"xpath","value":"//span[text()='Error']"}
COMMAND: POST /session/7f6ec3857c10649f26842f36b7e75a4c/element - {"using":"xpath","value":"//button[@data-kt=\"masterHOAddButton\"]"}
RESULT: {"using":"xpath","value":"//button[@data-kt=\"masterHOAddButton\"]"}
COMMAND: POST /session/7f6ec3857c10649f26842f36b7e75a4c/elements - {"using":"xpath","value":"//button[@data-kt=\"masterHOAddButton\"]"}
RESULT: {"using":"xpath","value":"//button[@data-kt=\"masterHOAddButton\"]"}
COMMAND: POST /session/7f6ec3857c10649f26842f36b7e75a4c/execute/sync - {"script":"<script> [8489 bytes]","args":[{"element-6066-11e4-a52e-4f735466cecf":"f.4BE7CB3E9946CAC77AC1BA1FEFE24C33.d.C40F414F5E3A0358A01E3F8B41FCFFB2.e.23506","ELEMENT":"f.4BE7CB3E9946CAC77AC1BA1FEFE24C33.d.C40F414F5E3A0358A01E3F8B41FCFFB2.e.23506"}]}
RESULT: {"script":"<script> [8489 bytes]","args":[{"element-6066-11e4-a52e-4f735466cecf":"f.4BE7CB3E9946CAC77AC1BA1FEFE24C33.d.C40F414F5E3A0358A01E3F8B41FCFFB2.e.23506","ELEMENT":"f.4BE7CB3E9946CAC77AC1BA1FEFE24C33.d.C40F414F5E3A0358A01E3F8B41FCFFB2.e.23506"}]}
COMMAND: GET /session/7f6ec3857c10649f26842f36b7e75a4c/element/f.4BE7CB3E9946CAC77AC1BA1FEFE24C33.d.C40F414F5E3A0358A01E3F8B41FCFFB2.e.23506/enabled - {}
COMMAND: GET /session/7f6ec3857c10649f26842f36b7e75a4c/screenshot - {}
RESULT: {}
COMMAND: POST /session/7f6ec3857c10649f26842f36b7e75a4c/execute/sync - {"script":"<script> [8489 bytes]","args":[{"element-6066-11e4-a52e-4f735466cecf":"f.4BE7CB3E9946CAC77AC1BA1FEFE24C33.d.C40F414F5E3A0358A01E3F8B41FCFFB2.e.23506","ELEMENT":"f.4BE7CB3E9946CAC77AC1BA1FEFE24C33.d.C40F414F5E3A0358A01E3F8B41FCFFB2.e.23506"}]}
COMMAND: GET /session/7f6ec3857c10649f26842f36b7e75a4c/screenshot - {}
RESULT: {}
RESULT: {"script":"<script> [8489 bytes]","args":[{"element-6066-11e4-a52e-4f735466cecf":"f.4BE7CB3E9946CAC77AC1BA1FEFE24C33.d.C40F414F5E3A0358A01E3F8B41FCFFB2.e.23506","ELEMENT":"f.4BE7CB3E9946CAC77AC1BA1FEFE24C33.d.C40F414F5E3A0358A01E3F8B41FCFFB2.e.23506"}]}
COMMAND: POST /session/7f6ec3857c10649f26842f36b7e75a4c/execute/sync - {"script":"<script> [5351 bytes]","args":[{"element-6066-11e4-a52e-4f735466cecf":"f.4BE7CB3E9946CAC77AC1BA1FEFE24C33.d.C40F414F5E3A0358A01E3F8B41FCFFB2.e.23506","ELEMENT":"f.4BE7CB3E9946CAC77AC1BA1FEFE24C33.d.C40F414F5E3A0358A01E3F8B41FCFFB2.e.23506"}]}
COMMAND: GET /session/7f6ec3857c10649f26842f36b7e75a4c/screenshot - {}
RESULT: {}
RESULT: {"script":"<script> [5351 bytes]","args":[{"element-6066-11e4-a52e-4f735466cecf":"f.4BE7CB3E9946CAC77AC1BA1FEFE24C33.d.C40F414F5E3A0358A01E3F8B41FCFFB2.e.23506","ELEMENT":"f.4BE7CB3E9946CAC77AC1BA1FEFE24C33.d.C40F414F5E3A0358A01E3F8B41FCFFB2.e.23506"}]}
COMMAND: POST /session/7f6ec3857c10649f26842f36b7e75a4c/element/f.4BE7CB3E9946CAC77AC1BA1FEFE24C33.d.C40F414F5E3A0358A01E3F8B41FCFFB2.e.23506/click - {}
COMMAND: GET /session/7f6ec3857c10649f26842f36b7e75a4c/screenshot - {}
RESULT: {}
RESULT: {}
COMMAND: GET /session/7f6ec3857c10649f26842f36b7e75a4c/screenshot - {}
RESULT: {}
COMMAND: POST /session/7f6ec3857c10649f26842f36b7e75a4c/element - {"using":"xpath","value":"//span[contains(@id ,\"AddNewHO--typeSelect-arrow\")]"}
RESULT: {}
RESULT: {"using":"xpath","value":"//span[contains(@id ,\"AddNewHO--typeSelect-arrow\")]"}
COMMAND: POST /session/7f6ec3857c10649f26842f36b7e75a4c/element/f.4BE7CB3E9946CAC77AC1BA1FEFE24C33.d.C40F414F5E3A0358A01E3F8B41FCFFB2.e.23862/click - {}
RESULT: {}
COMMAND: GET /session/7f6ec3857c10649f26842f36b7e75a4c/screenshot - {}
RESULT: {}
COMMAND: POST /session/7f6ec3857c10649f26842f36b7e75a4c/element - {"using":"xpath","value":"(//li[contains(text(), \"stock increase yard\")])[1]"}
RESULT: {"using":"xpath","value":"(//li[contains(text(), \"stock increase yard\")])[1]"}
COMMAND: POST /session/7f6ec3857c10649f26842f36b7e75a4c/element/f.4BE7CB3E9946CAC77AC1BA1FEFE24C33.d.C40F414F5E3A0358A01E3F8B41FCFFB2.e.23863/click - {}
RESULT: {}
COMMAND: GET /session/7f6ec3857c10649f26842f36b7e75a4c/screenshot - {}
RESULT: {}
COMMAND: POST /session/7f6ec3857c10649f26842f36b7e75a4c/execute/async - {"script":"<script> [1562 bytes]","args":[{"selector":{"id":"application-managehandovers-display-component---AddNewHO--dueDate","interaction":{"idSuffix":"inner"}},"wdio_ui5_key":"applicationmanagehandovers-display-component---AddNewHO--dueDate"}]}
RESULT: {"script":"<script> [1562 bytes]","args":[{"selector":{"id":"application-managehandovers-display-component---AddNewHO--dueDate","interaction":{"idSuffix":"inner"}},"wdio_ui5_key":"applicationmanagehandovers-display-component---AddNewHO--dueDate"}]}
RESULT: undefined
COMMAND: POST /session/7f6ec3857c10649f26842f36b7e75a4c/execute/async - {"script":"<script> [6424 bytes]","args":[{"element-6066-11e4-a52e-4f735466cecf":"f.4BE7CB3E9946CAC77AC1BA1FEFE24C33.d.C40F414F5E3A0358A01E3F8B41FCFFB2.e.23865"},"setValue",["5/15/25"]]}
RESULT: {"script":"<script> [6424 bytes]","args":[{"element-6066-11e4-a52e-4f735466cecf":"f.4BE7CB3E9946CAC77AC1BA1FEFE24C33.d.C40F414F5E3A0358A01E3F8B41FCFFB2.e.23865"},"setValue",["5/15/25"]]}
COMMAND: POST /session/7f6ec3857c10649f26842f36b7e75a4c/element - {"using":"xpath","value":"//input[@id=\"generalSectionFrg--receiveYard-inner\"]"}
RESULT: {"using":"xpath","value":"//input[@id=\"generalSectionFrg--receiveYard-inner\"]"}
COMMAND: POST /session/7f6ec3857c10649f26842f36b7e75a4c/element/f.4BE7CB3E9946CAC77AC1BA1FEFE24C33.d.C40F414F5E3A0358A01E3F8B41FCFFB2.e.23869/clear - {}
RESULT: {}
COMMAND: POST /session/7f6ec3857c10649f26842f36b7e75a4c/element/f.4BE7CB3E9946CAC77AC1BA1FEFE24C33.d.C40F414F5E3A0358A01E3F8B41FCFFB2.e.23869/value - {"text":"388"}
COMMAND: GET /session/7f6ec3857c10649f26842f36b7e75a4c/screenshot - {}
RESULT: {"text":"388"}
COMMAND: GET /session/7f6ec3857c10649f26842f36b7e75a4c/screenshot - {}
RESULT: {}
RESULT: {}
COMMAND: POST /session/7f6ec3857c10649f26842f36b7e75a4c/element - {"using":"xpath","value":"//li[.//span[text()='388']]"}
RESULT: {"using":"xpath","value":"//li[.//span[text()='388']]"}
COMMAND: POST /session/7f6ec3857c10649f26842f36b7e75a4c/element/f.4BE7CB3E9946CAC77AC1BA1FEFE24C33.d.C40F414F5E3A0358A01E3F8B41FCFFB2.e.23885/click - {}
RESULT: {}
COMMAND: GET /session/7f6ec3857c10649f26842f36b7e75a4c/screenshot - {}
RESULT: {}
COMMAND: POST /session/7f6ec3857c10649f26842f36b7e75a4c/execute/async - {"script":"<script> [1562 bytes]","args":[{"selector":{"id":"application-managehandovers-display-component---AddNewHO--ObjectPageLayout-anchBar-application-managehandovers-display-component---AddNewHO--section4-anchor","interaction":{"idSuffix":"BDI-content"}},"wdio_ui5_key":"applicationmanagehandovers-display-component---AddNewHO--ObjectPageLayout-anchBar-application-managehandovers-display-component---AddNewHO--section4-anchor"}]}
RESULT: {"script":"<script> [1562 bytes]","args":[{"selector":{"id":"application-managehandovers-display-component---AddNewHO--ObjectPageLayout-anchBar-application-managehandovers-display-component---AddNewHO--section4-anchor","interaction":{"idSuffix":"BDI-content"}},"wdio_ui5_key":"applicationmanagehandovers-display-component---AddNewHO--ObjectPageLayout-anchBar-application-managehandovers-display-component---AddNewHO--section4-anchor"}]}
RESULT: undefined
COMMAND: POST /session/7f6ec3857c10649f26842f36b7e75a4c/element - {"using":"xpath","value":"//*[@id=\"application-managehandovers-display-component---AddNewHO--ObjectPageLayout-anchBar-application-managehandovers-display-component---AddNewHO--section4-anchor\"]"}
RESULT: {"using":"xpath","value":"//*[@id=\"application-managehandovers-display-component---AddNewHO--ObjectPageLayout-anchBar-application-managehandovers-display-component---AddNewHO--section4-anchor\"]"}
COMMAND: POST /session/7f6ec3857c10649f26842f36b7e75a4c/element/f.4BE7CB3E9946CAC77AC1BA1FEFE24C33.d.C40F414F5E3A0358A01E3F8B41FCFFB2.e.23887/click - {}
RESULT: {}
COMMAND: POST /session/7f6ec3857c10649f26842f36b7e75a4c/element - {"using":"xpath","value":"//button[@aria-label=\"Add\"]"}
COMMAND: GET /session/7f6ec3857c10649f26842f36b7e75a4c/screenshot - {}
RESULT: {"using":"xpath","value":"//button[@aria-label=\"Add\"]"}
COMMAND: POST /session/7f6ec3857c10649f26842f36b7e75a4c/element/f.4BE7CB3E9946CAC77AC1BA1FEFE24C33.d.C40F414F5E3A0358A01E3F8B41FCFFB2.e.23889/click - {}
RESULT: {}
RESULT: {}
COMMAND: GET /session/7f6ec3857c10649f26842f36b7e75a4c/screenshot - {}
RESULT: {}
COMMAND: POST /session/7f6ec3857c10649f26842f36b7e75a4c/execute/async - {"script":"<script> [1562 bytes]","args":[{"selector":{"id":"application-managehandovers-display-component---AddNewHO--smartFilterBar-btnBasicSearch","searchOpenDialogs":true,"interaction":{"idSuffix":"I"}},"wdio_ui5_key":"applicationmanagehandovers-display-component---AddNewHO--smartFilterBar-btnBasicSearch"}]}
RESULT: {"script":"<script> [1562 bytes]","args":[{"selector":{"id":"application-managehandovers-display-component---AddNewHO--smartFilterBar-btnBasicSearch","searchOpenDialogs":true,"interaction":{"idSuffix":"I"}},"wdio_ui5_key":"applicationmanagehandovers-display-component---AddNewHO--smartFilterBar-btnBasicSearch"}]}
RESULT: undefined
COMMAND: POST /session/7f6ec3857c10649f26842f36b7e75a4c/execute/async - {"script":"<script> [776 bytes]","args":[{"enterText":"u5VmEwmlUm","selector":{"id":"application-managehandovers-display-component---AddNewHO--smartFilterBar-btnBasicSearch","searchOpenDialogs":true,"interaction":{"idSuffix":"I"}},"clearTextFirst":true,"interactionType":"ENTER_TEXT"}]}
RESULT: {"script":"<script> [776 bytes]","args":[{"enterText":"u5VmEwmlUm","selector":{"id":"application-managehandovers-display-component---AddNewHO--smartFilterBar-btnBasicSearch","searchOpenDialogs":true,"interaction":{"idSuffix":"I"}},"clearTextFirst":true,"interactionType":"ENTER_TEXT"}]}
COMMAND: POST /session/7f6ec3857c10649f26842f36b7e75a4c/actions - {"actions":[{"id":"action74","type":"key","parameters":{},"actions":[{"type":"keyDown","value":"î€‡"},{"type":"pause","duration":10},{"type":"keyUp","value":"î€‡"}]}]}
RESULT: {"actions":[{"id":"action74","type":"key","parameters":{},"actions":[{"type":"keyDown","value":"î€‡"},{"type":"pause","duration":10},{"type":"keyUp","value":"î€‡"}]}]}
COMMAND: GET /session/7f6ec3857c10649f26842f36b7e75a4c/screenshot - {}
RESULT: {}
COMMAND: POST /session/7f6ec3857c10649f26842f36b7e75a4c/execute/async - {"script":"<script> [1562 bytes]","args":[{"selector":{"id":"application-managehandovers-display-component---AddNewHO--popup-sa","searchOpenDialogs":true,"interaction":{"idSuffix":"CbBg"}},"wdio_ui5_key":"applicationmanagehandovers-display-component---AddNewHO--popup-sa"}]}
RESULT: {"script":"<script> [1562 bytes]","args":[{"selector":{"id":"application-managehandovers-display-component---AddNewHO--popup-sa","searchOpenDialogs":true,"interaction":{"idSuffix":"CbBg"}},"wdio_ui5_key":"applicationmanagehandovers-display-component---AddNewHO--popup-sa"}]}
RESULT: undefined
COMMAND: POST /session/7f6ec3857c10649f26842f36b7e75a4c/element - {"using":"xpath","value":"//*[@id=\"application-managehandovers-display-component---AddNewHO--popup-sa\"]"}
RESULT: {"using":"xpath","value":"//*[@id=\"application-managehandovers-display-component---AddNewHO--popup-sa\"]"}
COMMAND: POST /session/7f6ec3857c10649f26842f36b7e75a4c/element/f.4BE7CB3E9946CAC77AC1BA1FEFE24C33.d.C40F414F5E3A0358A01E3F8B41FCFFB2.e.24042/click - {}
RESULT: {}
COMMAND: GET /session/7f6ec3857c10649f26842f36b7e75a4c/screenshot - {}
RESULT: {}
COMMAND: POST /session/7f6ec3857c10649f26842f36b7e75a4c/element - {"using":"xpath","value":"//bdi[contains(text(), \"Select\")]"}
RESULT: {"using":"xpath","value":"//bdi[contains(text(), \"Select\")]"}
COMMAND: POST /session/7f6ec3857c10649f26842f36b7e75a4c/element/f.4BE7CB3E9946CAC77AC1BA1FEFE24C33.d.C40F414F5E3A0358A01E3F8B41FCFFB2.e.24043/click - {}
RESULT: {}
COMMAND: GET /session/7f6ec3857c10649f26842f36b7e75a4c/screenshot - {}
RESULT: {}
COMMAND: POST /session/7f6ec3857c10649f26842f36b7e75a4c/element - {"using":"xpath","value":"//button[@data-kt=\"AddNewHOSaveButton\"]"}
RESULT: {"using":"xpath","value":"//button[@data-kt=\"AddNewHOSaveButton\"]"}
COMMAND: POST /session/7f6ec3857c10649f26842f36b7e75a4c/element/f.4BE7CB3E9946CAC77AC1BA1FEFE24C33.d.C40F414F5E3A0358A01E3F8B41FCFFB2.e.24047/click - {}
RESULT: {}
COMMAND: GET /session/7f6ec3857c10649f26842f36b7e75a4c/screenshot - {}
RESULT: {}
COMMAND: POST /session/7f6ec3857c10649f26842f36b7e75a4c/execute/async - {"script":"<script> [1562 bytes]","args":[{"selector":{"id":"receiptDatePicker","viewName":"etm.portal.ui.managehandovers.view.DetailExecuteHO","interaction":{"idSuffix":"inner"}},"wdio_ui5_key":"receiptDatePickeretmportal.ui.managehandovers.view.DetailExecuteHO"}]}
RESULT: {"script":"<script> [1562 bytes]","args":[{"selector":{"id":"receiptDatePicker","viewName":"etm.portal.ui.managehandovers.view.DetailExecuteHO","interaction":{"idSuffix":"inner"}},"wdio_ui5_key":"receiptDatePickeretmportal.ui.managehandovers.view.DetailExecuteHO"}]}
RESULT: undefined
COMMAND: POST /session/7f6ec3857c10649f26842f36b7e75a4c/execute/async - {"script":"<script> [6424 bytes]","args":[{"element-6066-11e4-a52e-4f735466cecf":"f.4BE7CB3E9946CAC77AC1BA1FEFE24C33.d.C40F414F5E3A0358A01E3F8B41FCFFB2.e.24068"},"setValue",["5/15/25"]]}
RESULT: {"script":"<script> [6424 bytes]","args":[{"element-6066-11e4-a52e-4f735466cecf":"f.4BE7CB3E9946CAC77AC1BA1FEFE24C33.d.C40F414F5E3A0358A01E3F8B41FCFFB2.e.24068"},"setValue",["5/15/25"]]}
COMMAND: POST /session/7f6ec3857c10649f26842f36b7e75a4c/element - {"using":"xpath","value":"//button[@data-kt=\"PickingTableConfirmAllButton\"]"}
RESULT: {"using":"xpath","value":"//button[@data-kt=\"PickingTableConfirmAllButton\"]"}
COMMAND: POST /session/7f6ec3857c10649f26842f36b7e75a4c/element/f.4BE7CB3E9946CAC77AC1BA1FEFE24C33.d.C40F414F5E3A0358A01E3F8B41FCFFB2.e.24082/click - {}
RESULT: {}
COMMAND: GET /session/7f6ec3857c10649f26842f36b7e75a4c/screenshot - {}
RESULT: {}
COMMAND: POST /session/7f6ec3857c10649f26842f36b7e75a4c/element - {"using":"xpath","value":"//bdi[contains(text(), \"OK\")]"}
RESULT: {"using":"xpath","value":"//bdi[contains(text(), \"OK\")]"}
COMMAND: POST /session/7f6ec3857c10649f26842f36b7e75a4c/element/f.4BE7CB3E9946CAC77AC1BA1FEFE24C33.d.C40F414F5E3A0358A01E3F8B41FCFFB2.e.24084/click - {}
RESULT: {}
COMMAND: GET /session/7f6ec3857c10649f26842f36b7e75a4c/screenshot - {}
RESULT: {}
COMMAND: POST /session/7f6ec3857c10649f26842f36b7e75a4c/element - {"using":"xpath","value":"(//bdi[contains(text(), \"Receive\")])[2]"}
RESULT: {"using":"xpath","value":"(//bdi[contains(text(), \"Receive\")])[2]"}
COMMAND: POST /session/7f6ec3857c10649f26842f36b7e75a4c/element/f.4BE7CB3E9946CAC77AC1BA1FEFE24C33.d.C40F414F5E3A0358A01E3F8B41FCFFB2.e.24086/click - {}
RESULT: {}
COMMAND: GET /session/7f6ec3857c10649f26842f36b7e75a4c/screenshot - {}
RESULT: {}
COMMAND: POST /session/7f6ec3857c10649f26842f36b7e75a4c/element - {"using":"css selector","value":"#shell-header-logo"}
RESULT: {"using":"css selector","value":"#shell-header-logo"}
COMMAND: POST /session/7f6ec3857c10649f26842f36b7e75a4c/element/f.4BE7CB3E9946CAC77AC1BA1FEFE24C33.d.C40F414F5E3A0358A01E3F8B41FCFFB2.e.23469/click - {}
RESULT: {}
COMMAND: GET /session/7f6ec3857c10649f26842f36b7e75a4c/screenshot - {}
RESULT: {}
]]></system-out>
    </testcase>
  </testsuite>
</testsuites>