<?xml version="1.0" encoding="UTF-8"?>
<testsuites tests="7" failures="0" errors="0" skipped="0">
  <testsuite timestamp="2025-06-04T15:20:55" time="786.871" tests="7" failures="0" errors="0" skipped="0">
    <properties>
      <property name="specId" value="0" />
      <property name="suiteName" value="Related resources for groups US139107" />
      <property name="capabilities" value="chrome.137_0_7151_56.windows" />
      <property name="file" value="file:///D:/a/1/s/test/specs/R2C/related-resources-area-rpg.spec.js" />
    </properties>
    <testcase classname="chrome.137_0_7151_56.windows.Related_resources_for_groups_US139107" name="Should create a new yard" time="127.777">
      <system-out><![CDATA[
COMMAND: POST /session/0eda8290aaf6d9c10b10c8a8e97b99f0/execute/async - {"script":"<script> [1562 bytes]","args":[{"selector":{"controlType":"sap.m.GenericTile","properties":{"header":"Manage Yards"}},"wdio_ui5_key":"sapm.GenericTile{\"header\":\"Manage Yards\"}"}]}
RESULT: {"script":"<script> [1562 bytes]","args":[{"selector":{"controlType":"sap.m.GenericTile","properties":{"header":"Manage Yards"}},"wdio_ui5_key":"sapm.GenericTile{\"header\":\"Manage Yards\"}"}]}
RESULT: undefined
COMMAND: POST /session/0eda8290aaf6d9c10b10c8a8e97b99f0/element - {"using":"xpath","value":"//*[@id=\"__tile41\"]"}
RESULT: {"using":"xpath","value":"//*[@id=\"__tile41\"]"}
COMMAND: POST /session/0eda8290aaf6d9c10b10c8a8e97b99f0/element/f.BADF7F127BB81D4F18EB6077F6D207A4.d.42DA0394CA4D9384030928E811A0E9D5.e.116/click - {}
RESULT: {}
COMMAND: GET /session/0eda8290aaf6d9c10b10c8a8e97b99f0/screenshot - {}
RESULT: {}
COMMAND: POST /session/0eda8290aaf6d9c10b10c8a8e97b99f0/elements - {"using":"xpath","value":"//span[text()='Error']"}
RESULT: {"using":"xpath","value":"//span[text()='Error']"}
COMMAND: POST /session/0eda8290aaf6d9c10b10c8a8e97b99f0/execute/async - {"script":"<script> [1562 bytes]","args":[{"selector":{"controlType":"sap.ui.core.Icon","viewName":"etm.portal.ui.manageyards.view.Master","viewId":"application-manageyards-display-component---masterYard","properties":{"src":{"regex":{"source":"add"}}}},"wdio_ui5_key":"etmportal.ui.manageyards.view.Mastersap.ui.core.Icon{\"src\":{\"regex\":{\"source\":\"add\"}}}"}]}
RESULT: {"script":"<script> [1562 bytes]","args":[{"selector":{"controlType":"sap.ui.core.Icon","viewName":"etm.portal.ui.manageyards.view.Master","viewId":"application-manageyards-display-component---masterYard","properties":{"src":{"regex":{"source":"add"}}}},"wdio_ui5_key":"etmportal.ui.manageyards.view.Mastersap.ui.core.Icon{\"src\":{\"regex\":{\"source\":\"add\"}}}"}]}
RESULT: undefined
COMMAND: POST /session/0eda8290aaf6d9c10b10c8a8e97b99f0/element - {"using":"xpath","value":"//*[@id=\"__button4-img\"]"}
RESULT: {"using":"xpath","value":"//*[@id=\"__button4-img\"]"}
COMMAND: POST /session/0eda8290aaf6d9c10b10c8a8e97b99f0/element/f.BADF7F127BB81D4F18EB6077F6D207A4.d.42DA0394CA4D9384030928E811A0E9D5.e.164/click - {}
RESULT: {}
COMMAND: GET /session/0eda8290aaf6d9c10b10c8a8e97b99f0/screenshot - {}
RESULT: {}
COMMAND: POST /session/0eda8290aaf6d9c10b10c8a8e97b99f0/execute/async - {"script":"<script> [1562 bytes]","args":[{"selector":{"id":"application-manageyards-display-component---NewYard--yardId","interaction":{"idSuffix":"inner"}},"wdio_ui5_key":"applicationmanageyards-display-component---NewYard--yardId"}]}
RESULT: {"script":"<script> [1562 bytes]","args":[{"selector":{"id":"application-manageyards-display-component---NewYard--yardId","interaction":{"idSuffix":"inner"}},"wdio_ui5_key":"applicationmanageyards-display-component---NewYard--yardId"}]}
RESULT: undefined
COMMAND: POST /session/0eda8290aaf6d9c10b10c8a8e97b99f0/element - {"using":"xpath","value":"//*[@id=\"application-manageyards-display-component---NewYard--addressDetailDetailsName1-inner\"]"}
RESULT: {"using":"xpath","value":"//*[@id=\"application-manageyards-display-component---NewYard--addressDetailDetailsName1-inner\"]"}
COMMAND: POST /session/0eda8290aaf6d9c10b10c8a8e97b99f0/element/f.BADF7F127BB81D4F18EB6077F6D207A4.d.42DA0394CA4D9384030928E811A0E9D5.e.380/clear - {}
RESULT: {}
COMMAND: POST /session/0eda8290aaf6d9c10b10c8a8e97b99f0/element/f.BADF7F127BB81D4F18EB6077F6D207A4.d.42DA0394CA4D9384030928E811A0E9D5.e.380/value - {"text":"WebdriverYard6bn1gi"}
COMMAND: GET /session/0eda8290aaf6d9c10b10c8a8e97b99f0/screenshot - {}
RESULT: {"text":"WebdriverYard6bn1gi"}
COMMAND: POST /session/0eda8290aaf6d9c10b10c8a8e97b99f0/element - {"using":"xpath","value":"//*[@id=\"application-manageyards-display-component---NewYard--addressDetailDetailsLanguage-inner\"]"}
COMMAND: GET /session/0eda8290aaf6d9c10b10c8a8e97b99f0/screenshot - {}
RESULT: {}
RESULT: {"using":"xpath","value":"//*[@id=\"application-manageyards-display-component---NewYard--addressDetailDetailsLanguage-inner\"]"}
COMMAND: POST /session/0eda8290aaf6d9c10b10c8a8e97b99f0/element/f.BADF7F127BB81D4F18EB6077F6D207A4.d.42DA0394CA4D9384030928E811A0E9D5.e.381/clear - {}
RESULT: {}
RESULT: {}
COMMAND: POST /session/0eda8290aaf6d9c10b10c8a8e97b99f0/element/f.BADF7F127BB81D4F18EB6077F6D207A4.d.42DA0394CA4D9384030928E811A0E9D5.e.381/value - {"text":"Romanian"}
COMMAND: GET /session/0eda8290aaf6d9c10b10c8a8e97b99f0/screenshot - {}
RESULT: {"text":"Romanian"}
COMMAND: POST /session/0eda8290aaf6d9c10b10c8a8e97b99f0/element - {"using":"xpath","value":"//input[contains(@id ,\"application-manageyards-display-component---NewYard--addressDetailDetailsName1-inner\")]"}
COMMAND: GET /session/0eda8290aaf6d9c10b10c8a8e97b99f0/screenshot - {}
RESULT: {}
RESULT: {"using":"xpath","value":"//input[contains(@id ,\"application-manageyards-display-component---NewYard--addressDetailDetailsName1-inner\")]"}
COMMAND: GET /session/0eda8290aaf6d9c10b10c8a8e97b99f0/element/f.BADF7F127BB81D4F18EB6077F6D207A4.d.42DA0394CA4D9384030928E811A0E9D5.e.380/property/value - {}
RESULT: {}
RESULT: {}
COMMAND: GET /session/0eda8290aaf6d9c10b10c8a8e97b99f0/screenshot - {}
RESULT: {}
COMMAND: POST /session/0eda8290aaf6d9c10b10c8a8e97b99f0/element - {"using":"xpath","value":"//*[@id=\"application-manageyards-display-component---NewYard--addressDetailDetailsCity1-inner\"]"}
RESULT: {"using":"xpath","value":"//*[@id=\"application-manageyards-display-component---NewYard--addressDetailDetailsCity1-inner\"]"}
COMMAND: POST /session/0eda8290aaf6d9c10b10c8a8e97b99f0/element/f.BADF7F127BB81D4F18EB6077F6D207A4.d.42DA0394CA4D9384030928E811A0E9D5.e.383/clear - {}
RESULT: {}
COMMAND: POST /session/0eda8290aaf6d9c10b10c8a8e97b99f0/element/f.BADF7F127BB81D4F18EB6077F6D207A4.d.42DA0394CA4D9384030928E811A0E9D5.e.383/value - {"text":"Bucuresti"}
COMMAND: GET /session/0eda8290aaf6d9c10b10c8a8e97b99f0/screenshot - {}
RESULT: {"text":"Bucuresti"}
COMMAND: GET /session/0eda8290aaf6d9c10b10c8a8e97b99f0/screenshot - {}
RESULT: {}
RESULT: {}
COMMAND: POST /session/0eda8290aaf6d9c10b10c8a8e97b99f0/element - {"using":"xpath","value":"//*[@id=\"application-manageyards-display-component---NewYard--addressDetailDetailsCountry-inner\"]"}
RESULT: {"using":"xpath","value":"//*[@id=\"application-manageyards-display-component---NewYard--addressDetailDetailsCountry-inner\"]"}
COMMAND: POST /session/0eda8290aaf6d9c10b10c8a8e97b99f0/element/f.BADF7F127BB81D4F18EB6077F6D207A4.d.42DA0394CA4D9384030928E811A0E9D5.e.387/clear - {}
RESULT: {}
COMMAND: POST /session/0eda8290aaf6d9c10b10c8a8e97b99f0/element/f.BADF7F127BB81D4F18EB6077F6D207A4.d.42DA0394CA4D9384030928E811A0E9D5.e.387/value - {"text":"Romania"}
COMMAND: GET /session/0eda8290aaf6d9c10b10c8a8e97b99f0/screenshot - {}
RESULT: {"text":"Romania"}
COMMAND: GET /session/0eda8290aaf6d9c10b10c8a8e97b99f0/screenshot - {}
RESULT: {}
RESULT: {}
COMMAND: POST /session/0eda8290aaf6d9c10b10c8a8e97b99f0/element - {"using":"xpath","value":"//div[contains(text(), \"Commercial\")]"}
RESULT: {"using":"xpath","value":"//div[contains(text(), \"Commercial\")]"}
COMMAND: GET /session/0eda8290aaf6d9c10b10c8a8e97b99f0/element/f.BADF7F127BB81D4F18EB6077F6D207A4.d.42DA0394CA4D9384030928E811A0E9D5.e.565/rect - {}
RESULT: {}
COMMAND: GET /session/0eda8290aaf6d9c10b10c8a8e97b99f0/window/rect - {}
RESULT: {}
COMMAND: POST /session/0eda8290aaf6d9c10b10c8a8e97b99f0/execute/sync - {"script":"<script> [92 bytes]","args":[]}
RESULT: {"script":"<script> [92 bytes]","args":[]}
COMMAND: POST /session/0eda8290aaf6d9c10b10c8a8e97b99f0/actions - {"actions":[{"id":"action1","type":"wheel","parameters":{},"actions":[{"type":"scroll","x":-1841,"y":-44,"deltaX":0,"deltaY":0,"duration":0,"origin":{"element-6066-11e4-a52e-4f735466cecf":"f.BADF7F127BB81D4F18EB6077F6D207A4.d.42DA0394CA4D9384030928E811A0E9D5.e.565"}}]}]}
COMMAND: GET /session/0eda8290aaf6d9c10b10c8a8e97b99f0/screenshot - {}
RESULT: {}
COMMAND: POST /session/0eda8290aaf6d9c10b10c8a8e97b99f0/execute/sync - {"script":"<script> [79 bytes]","args":[{"element-6066-11e4-a52e-4f735466cecf":"f.BADF7F127BB81D4F18EB6077F6D207A4.d.42DA0394CA4D9384030928E811A0E9D5.e.565","ELEMENT":"f.BADF7F127BB81D4F18EB6077F6D207A4.d.42DA0394CA4D9384030928E811A0E9D5.e.565"},{"block":"start","inline":"nearest"}]}
RESULT: {"script":"<script> [79 bytes]","args":[{"element-6066-11e4-a52e-4f735466cecf":"f.BADF7F127BB81D4F18EB6077F6D207A4.d.42DA0394CA4D9384030928E811A0E9D5.e.565","ELEMENT":"f.BADF7F127BB81D4F18EB6077F6D207A4.d.42DA0394CA4D9384030928E811A0E9D5.e.565"},{"block":"start","inline":"nearest"}]}
COMMAND: GET /session/0eda8290aaf6d9c10b10c8a8e97b99f0/screenshot - {}
RESULT: {}
COMMAND: POST /session/0eda8290aaf6d9c10b10c8a8e97b99f0/execute/async - {"script":"<script> [1562 bytes]","args":[{"selector":{"id":"application-manageyards-display-component---NewYard--addressEditDetailsCostObjectCstType-arrow"},"wdio_ui5_key":"applicationmanageyards-display-component---NewYard--addressEditDetailsCostObjectCstType-arrow"}]}
RESULT: {"script":"<script> [1562 bytes]","args":[{"selector":{"id":"application-manageyards-display-component---NewYard--addressEditDetailsCostObjectCstType-arrow"},"wdio_ui5_key":"applicationmanageyards-display-component---NewYard--addressEditDetailsCostObjectCstType-arrow"}]}
RESULT: undefined
COMMAND: POST /session/0eda8290aaf6d9c10b10c8a8e97b99f0/element - {"using":"xpath","value":"//*[@id=\"application-manageyards-display-component---NewYard--addressEditDetailsCostObjectCstType-arrow\"]"}
RESULT: {"using":"xpath","value":"//*[@id=\"application-manageyards-display-component---NewYard--addressEditDetailsCostObjectCstType-arrow\"]"}
COMMAND: POST /session/0eda8290aaf6d9c10b10c8a8e97b99f0/element/f.BADF7F127BB81D4F18EB6077F6D207A4.d.42DA0394CA4D9384030928E811A0E9D5.e.573/click - {}
RESULT: {}
COMMAND: POST /session/0eda8290aaf6d9c10b10c8a8e97b99f0/element - {"using":"xpath","value":"//span[contains(text(), \"Cost Center\")]"}
COMMAND: GET /session/0eda8290aaf6d9c10b10c8a8e97b99f0/screenshot - {}
RESULT: {"using":"xpath","value":"//span[contains(text(), \"Cost Center\")]"}
COMMAND: POST /session/0eda8290aaf6d9c10b10c8a8e97b99f0/element/f.BADF7F127BB81D4F18EB6077F6D207A4.d.42DA0394CA4D9384030928E811A0E9D5.e.574/click - {}
RESULT: {}
RESULT: {}
COMMAND: GET /session/0eda8290aaf6d9c10b10c8a8e97b99f0/screenshot - {}
RESULT: {}
COMMAND: POST /session/0eda8290aaf6d9c10b10c8a8e97b99f0/execute/async - {"script":"<script> [1562 bytes]","args":[{"selector":{"id":"application-manageyards-display-component---NewYard--addressNewCostObjectCstID-vhi"},"wdio_ui5_key":"applicationmanageyards-display-component---NewYard--addressNewCostObjectCstID-vhi"}]}
RESULT: {"script":"<script> [1562 bytes]","args":[{"selector":{"id":"application-manageyards-display-component---NewYard--addressNewCostObjectCstID-vhi"},"wdio_ui5_key":"applicationmanageyards-display-component---NewYard--addressNewCostObjectCstID-vhi"}]}
RESULT: undefined
COMMAND: POST /session/0eda8290aaf6d9c10b10c8a8e97b99f0/element - {"using":"xpath","value":"//*[@id=\"application-manageyards-display-component---NewYard--addressNewCostObjectCstID-vhi\"]"}
RESULT: {"using":"xpath","value":"//*[@id=\"application-manageyards-display-component---NewYard--addressNewCostObjectCstID-vhi\"]"}
COMMAND: POST /session/0eda8290aaf6d9c10b10c8a8e97b99f0/element/f.BADF7F127BB81D4F18EB6077F6D207A4.d.42DA0394CA4D9384030928E811A0E9D5.e.578/click - {}
RESULT: {}
COMMAND: GET /session/0eda8290aaf6d9c10b10c8a8e97b99f0/screenshot - {}
RESULT: {}
COMMAND: POST /session/0eda8290aaf6d9c10b10c8a8e97b99f0/execute/async - {"script":"<script> [1562 bytes]","args":[{"selector":{"controlType":"sap.m.SearchField","properties":{"placeholder":"Search"},"searchOpenDialogs":true,"interaction":{"idSuffix":"I"}},"wdio_ui5_key":"sapm.SearchField{\"placeholder\":\"Search\"}"}]}
RESULT: {"script":"<script> [1562 bytes]","args":[{"selector":{"controlType":"sap.m.SearchField","properties":{"placeholder":"Search"},"searchOpenDialogs":true,"interaction":{"idSuffix":"I"}},"wdio_ui5_key":"sapm.SearchField{\"placeholder\":\"Search\"}"}]}
RESULT: undefined
COMMAND: POST /session/0eda8290aaf6d9c10b10c8a8e97b99f0/execute/async - {"script":"<script> [776 bytes]","args":[{"enterText":"10001013","selector":{"controlType":"sap.m.SearchField","properties":{"placeholder":"Search"},"searchOpenDialogs":true,"interaction":{"idSuffix":"I"}},"clearTextFirst":true,"interactionType":"ENTER_TEXT"}]}
RESULT: {"script":"<script> [776 bytes]","args":[{"enterText":"10001013","selector":{"controlType":"sap.m.SearchField","properties":{"placeholder":"Search"},"searchOpenDialogs":true,"interaction":{"idSuffix":"I"}},"clearTextFirst":true,"interactionType":"ENTER_TEXT"}]}
COMMAND: POST /session/0eda8290aaf6d9c10b10c8a8e97b99f0/actions - {"actions":[{"id":"action2","type":"key","parameters":{},"actions":[{"type":"keyDown","value":"î€‡"},{"type":"pause","duration":10},{"type":"keyUp","value":"î€‡"}]}]}
RESULT: {"actions":[{"id":"action2","type":"key","parameters":{},"actions":[{"type":"keyDown","value":"î€‡"},{"type":"pause","duration":10},{"type":"keyUp","value":"î€‡"}]}]}
COMMAND: GET /session/0eda8290aaf6d9c10b10c8a8e97b99f0/screenshot - {}
RESULT: {}
COMMAND: POST /session/0eda8290aaf6d9c10b10c8a8e97b99f0/element - {"using":"xpath","value":"//span[contains(text(), \"General Management\")]"}
RESULT: {"using":"xpath","value":"//span[contains(text(), \"General Management\")]"}
COMMAND: POST /session/0eda8290aaf6d9c10b10c8a8e97b99f0/element/f.BADF7F127BB81D4F18EB6077F6D207A4.d.42DA0394CA4D9384030928E811A0E9D5.e.620/click - {}
RESULT: {}
COMMAND: GET /session/0eda8290aaf6d9c10b10c8a8e97b99f0/screenshot - {}
RESULT: {}
COMMAND: POST /session/0eda8290aaf6d9c10b10c8a8e97b99f0/element - {"using":"xpath","value":"//bdi[contains(text(), \"OK\")]"}
RESULT: {"using":"xpath","value":"//bdi[contains(text(), \"OK\")]"}
COMMAND: POST /session/0eda8290aaf6d9c10b10c8a8e97b99f0/element/f.BADF7F127BB81D4F18EB6077F6D207A4.d.42DA0394CA4D9384030928E811A0E9D5.e.621/click - {}
RESULT: {}
COMMAND: GET /session/0eda8290aaf6d9c10b10c8a8e97b99f0/screenshot - {}
RESULT: {}
COMMAND: POST /session/0eda8290aaf6d9c10b10c8a8e97b99f0/execute/async - {"script":"<script> [1562 bytes]","args":[{"selector":{"controlType":"sap.m.Button","viewName":"etm.portal.ui.manageyards.view.New","viewId":"application-manageyards-display-component---NewYard","i18NText":{"propertyName":"text","key":"save"},"interaction":{"idSuffix":"inner"}},"wdio_ui5_key":"etmportal.ui.manageyards.view.Newsap.m.Button{\"propertyName\":\"text\",\"key\":\"save\"}"}]}
RESULT: {"script":"<script> [1562 bytes]","args":[{"selector":{"controlType":"sap.m.Button","viewName":"etm.portal.ui.manageyards.view.New","viewId":"application-manageyards-display-component---NewYard","i18NText":{"propertyName":"text","key":"save"},"interaction":{"idSuffix":"inner"}},"wdio_ui5_key":"etmportal.ui.manageyards.view.Newsap.m.Button{\"propertyName\":\"text\",\"key\":\"save\"}"}]}
RESULT: undefined
COMMAND: POST /session/0eda8290aaf6d9c10b10c8a8e97b99f0/element - {"using":"xpath","value":"//*[@id=\"__button18\"]"}
RESULT: {"using":"xpath","value":"//*[@id=\"__button18\"]"}
COMMAND: POST /session/0eda8290aaf6d9c10b10c8a8e97b99f0/element/f.BADF7F127BB81D4F18EB6077F6D207A4.d.42DA0394CA4D9384030928E811A0E9D5.e.543/click - {}
RESULT: {}
COMMAND: GET /session/0eda8290aaf6d9c10b10c8a8e97b99f0/screenshot - {}
RESULT: {}
COMMAND: POST /session/0eda8290aaf6d9c10b10c8a8e97b99f0/element - {"using":"xpath","value":"//header/div/div[2]/div[2]/span"}
RESULT: {"using":"xpath","value":"//header/div/div[2]/div[2]/span"}
COMMAND: GET /session/0eda8290aaf6d9c10b10c8a8e97b99f0/element/f.BADF7F127BB81D4F18EB6077F6D207A4.d.42DA0394CA4D9384030928E811A0E9D5.e.817/text - {}
RESULT: {}
COMMAND: POST /session/0eda8290aaf6d9c10b10c8a8e97b99f0/execute/async - {"script":"<script> [1562 bytes]","args":[{"selector":{"controlType":"sap.m.OverflowToolbarButton","viewName":"etm.portal.ui.manageyards.view.Detail","viewId":"application-manageyards-display-component---detailYard","i18NText":{"propertyName":"tooltip","key":"closeColumn"},"interaction":{"idSuffix":"inner"}},"wdio_ui5_key":"etmportal.ui.manageyards.view.Detailsap.m.OverflowToolbarButton{\"propertyName\":\"tooltip\",\"key\":\"closeColumn\"}"}]}
RESULT: {"script":"<script> [1562 bytes]","args":[{"selector":{"controlType":"sap.m.OverflowToolbarButton","viewName":"etm.portal.ui.manageyards.view.Detail","viewId":"application-manageyards-display-component---detailYard","i18NText":{"propertyName":"tooltip","key":"closeColumn"},"interaction":{"idSuffix":"inner"}},"wdio_ui5_key":"etmportal.ui.manageyards.view.Detailsap.m.OverflowToolbarButton{\"propertyName\":\"tooltip\",\"key\":\"closeColumn\"}"}]}
RESULT: undefined
COMMAND: POST /session/0eda8290aaf6d9c10b10c8a8e97b99f0/element - {"using":"xpath","value":"//*[@id=\"__button42\"]"}
RESULT: {"using":"xpath","value":"//*[@id=\"__button42\"]"}
COMMAND: POST /session/0eda8290aaf6d9c10b10c8a8e97b99f0/element/f.BADF7F127BB81D4F18EB6077F6D207A4.d.42DA0394CA4D9384030928E811A0E9D5.e.819/click - {}
RESULT: {}
COMMAND: GET /session/0eda8290aaf6d9c10b10c8a8e97b99f0/screenshot - {}
COMMAND: POST /session/0eda8290aaf6d9c10b10c8a8e97b99f0/element - {"using":"css selector","value":"#shell-header-logo"}
RESULT: {}
RESULT: {"using":"css selector","value":"#shell-header-logo"}
COMMAND: POST /session/0eda8290aaf6d9c10b10c8a8e97b99f0/element/f.BADF7F127BB81D4F18EB6077F6D207A4.d.42DA0394CA4D9384030928E811A0E9D5.e.118/click - {}
RESULT: {}
COMMAND: GET /session/0eda8290aaf6d9c10b10c8a8e97b99f0/screenshot - {}
RESULT: {}
COMMAND: POST /session/0eda8290aaf6d9c10b10c8a8e97b99f0/refresh - {}
RESULT: {}
COMMAND: GET /session/0eda8290aaf6d9c10b10c8a8e97b99f0/screenshot - {}
RESULT: {}
COMMAND: POST /session/0eda8290aaf6d9c10b10c8a8e97b99f0/execute/async - {"script":"<script> [189 bytes]","args":[]}
RESULT: {"script":"<script> [189 bytes]","args":[]}
COMMAND: POST /session/0eda8290aaf6d9c10b10c8a8e97b99f0/execute/async - {"script":"<script> [123 bytes]","args":[]}
RESULT: {"script":"<script> [123 bytes]","args":[]}
COMMAND: POST /session/0eda8290aaf6d9c10b10c8a8e97b99f0/timeouts - {"script":"<number>"}
RESULT: {"script":"<number>"}
COMMAND: GET /session/0eda8290aaf6d9c10b10c8a8e97b99f0/timeouts - {}
RESULT: {}
RESULT: undefined
COMMAND: POST /session/0eda8290aaf6d9c10b10c8a8e97b99f0/execute/async - {"script":"<script> [2676 bytes]","args":[]}
RESULT: {"script":"<script> [2676 bytes]","args":[]}
COMMAND: POST /session/0eda8290aaf6d9c10b10c8a8e97b99f0/execute/async - {"script":"<script> [2342 bytes]","args":[{"protocol":"http","hostname":"0.0.0.0","path":"/","capabilities":{"browserName":"chrome","goog:chromeOptions":{"binary":"C:\\Program Files\\Google\\Chrome\\Application\\chrome.exe","args":["--start-maximized"]}},"logLevel":"warn","connectionRetryTimeout":120000,"connectionRetryCount":3,"logLevels":{},"enableDirectConnect":true,"strictSSL":true,"_":"65 more keys: [\"cacheDir\",\"port\",\"requestedCapabilities\",\"automationProtocol\",\"baseUrl\",\"waitforInterval\",\"waitforTimeout\",\"onReload\",\"beforeCommand\",\"afterCommand\",\"rootDir\",\"specs\",\"suites\",\"exclude\",\"groupLogsByTestSpec\",\"excludeDriverLogs\",\"bail\",\"framework\",\"reporters\",\"services\",\"maxInstances\",\"maxInstancesPerCapability\",\"injectGlobals\",\"filesToWatch\",\"execArgv\",\"runnerEnv\",\"runner\",\"shard\",\"specFileRetries\",\"specFileRetriesDelay\",\"specFileRetriesDeferred\",\"reporterSyncInterval\",\"reporterSyncTimeout\",\"cucumberFeaturesWithLineNumbers\",\"autoCompileOpts\",\"mochaOpts\",\"jasmineOpts\",\"cucumberOpts\",\"onPrepare\",\"onWorkerStart\",\"onWorkerEnd\",\"before\",\"beforeSession\",\"beforeSuite\",\"beforeHook\",\"beforeTest\",\"afterTest\",\"afterHook\",\"afterSuite\",\"afterSession\",\"after\",\"onComplete\",\"beforeAssertion\",\"afterAssertion\",\"beforeFeature\",\"beforeScenario\",\"beforeStep\",\"afterStep\",\"afterScenario\",\"afterFeature\",\"_\",\"suite\",\"$0\",\"ignoredWorkerServices\",\"wdi5\"]"}]}
RESULT: {"script":"<script> [2342 bytes]","args":[{"protocol":"http","hostname":"0.0.0.0","path":"/","capabilities":{"browserName":"chrome","goog:chromeOptions":{"binary":"C:\\Program Files\\Google\\Chrome\\Application\\chrome.exe","args":["--start-maximized"]}},"logLevel":"warn","connectionRetryTimeout":120000,"connectionRetryCount":3,"logLevels":{},"enableDirectConnect":true,"strictSSL":true,"_":"65 more keys: [\"cacheDir\",\"port\",\"requestedCapabilities\",\"automationProtocol\",\"baseUrl\",\"waitforInterval\",\"waitforTimeout\",\"onReload\",\"beforeCommand\",\"afterCommand\",\"rootDir\",\"specs\",\"suites\",\"exclude\",\"groupLogsByTestSpec\",\"excludeDriverLogs\",\"bail\",\"framework\",\"reporters\",\"services\",\"maxInstances\",\"maxInstancesPerCapability\",\"injectGlobals\",\"filesToWatch\",\"execArgv\",\"runnerEnv\",\"runner\",\"shard\",\"specFileRetries\",\"specFileRetriesDelay\",\"specFileRetriesDeferred\",\"reporterSyncInterval\",\"reporterSyncTimeout\",\"cucumberFeaturesWithLineNumbers\",\"autoCompileOpts\",\"mochaOpts\",\"jasmineOpts\",\"cucumberOpts\",\"onPrepare\",\"onWorkerStart\",\"onWorkerEnd\",\"before\",\"beforeSession\",\"beforeSuite\",\"beforeHook\",\"beforeTest\",\"afterTest\",\"afterHook\",\"afterSuite\",\"afterSession\",\"after\",\"onComplete\",\"beforeAssertion\",\"afterAssertion\",\"beforeFeature\",\"beforeScenario\",\"beforeStep\",\"afterStep\",\"afterScenario\",\"afterFeature\",\"_\",\"suite\",\"$0\",\"ignoredWorkerServices\",\"wdi5\"]"}]}
COMMAND: POST /session/0eda8290aaf6d9c10b10c8a8e97b99f0/execute/async - {"script":"<script> [21126 bytes]","args":[35000]}
RESULT: {"script":"<script> [21126 bytes]","args":[35000]}
]]></system-out>
    </testcase>
    <testcase classname="chrome.137_0_7151_56.windows.Related_resources_for_groups_US139107" name="Should create a resource of type group" time="95.119">
      <system-out><![CDATA[
COMMAND: POST /session/0eda8290aaf6d9c10b10c8a8e97b99f0/execute/async - {"script":"<script> [1562 bytes]","args":[{"selector":{"controlType":"sap.m.GenericTile","properties":{"header":"Manage Resources"}},"wdio_ui5_key":"sapm.GenericTile{\"header\":\"Manage Resources\"}"}]}
RESULT: {"script":"<script> [1562 bytes]","args":[{"selector":{"controlType":"sap.m.GenericTile","properties":{"header":"Manage Resources"}},"wdio_ui5_key":"sapm.GenericTile{\"header\":\"Manage Resources\"}"}]}
RESULT: undefined
COMMAND: POST /session/0eda8290aaf6d9c10b10c8a8e97b99f0/element - {"using":"xpath","value":"//*[@id=\"__tile39\"]"}
RESULT: {"using":"xpath","value":"//*[@id=\"__tile39\"]"}
COMMAND: POST /session/0eda8290aaf6d9c10b10c8a8e97b99f0/element/f.BADF7F127BB81D4F18EB6077F6D207A4.d.239349E6A4F476B2A88336AB42561BE1.e.1176/click - {}
RESULT: {}
COMMAND: GET /session/0eda8290aaf6d9c10b10c8a8e97b99f0/screenshot - {}
RESULT: {}
COMMAND: POST /session/0eda8290aaf6d9c10b10c8a8e97b99f0/elements - {"using":"xpath","value":"//span[text()='Error']"}
RESULT: {"using":"xpath","value":"//span[text()='Error']"}
COMMAND: POST /session/0eda8290aaf6d9c10b10c8a8e97b99f0/element - {"using":"xpath","value":"//button[@data-kt=\"addNewRUOverflowToolbarButton\"]"}
RESULT: {"using":"xpath","value":"//button[@data-kt=\"addNewRUOverflowToolbarButton\"]"}
COMMAND: POST /session/0eda8290aaf6d9c10b10c8a8e97b99f0/execute/sync - {"script":"<script> [8489 bytes]","args":[{"element-6066-11e4-a52e-4f735466cecf":"f.BADF7F127BB81D4F18EB6077F6D207A4.d.239349E6A4F476B2A88336AB42561BE1.e.1220","ELEMENT":"f.BADF7F127BB81D4F18EB6077F6D207A4.d.239349E6A4F476B2A88336AB42561BE1.e.1220"}]}
RESULT: {"script":"<script> [8489 bytes]","args":[{"element-6066-11e4-a52e-4f735466cecf":"f.BADF7F127BB81D4F18EB6077F6D207A4.d.239349E6A4F476B2A88336AB42561BE1.e.1220","ELEMENT":"f.BADF7F127BB81D4F18EB6077F6D207A4.d.239349E6A4F476B2A88336AB42561BE1.e.1220"}]}
COMMAND: POST /session/0eda8290aaf6d9c10b10c8a8e97b99f0/element/f.BADF7F127BB81D4F18EB6077F6D207A4.d.239349E6A4F476B2A88336AB42561BE1.e.1220/click - {}
COMMAND: GET /session/0eda8290aaf6d9c10b10c8a8e97b99f0/screenshot - {}
RESULT: {}
COMMAND: GET /session/0eda8290aaf6d9c10b10c8a8e97b99f0/screenshot - {}
RESULT: {}
RESULT: {}
COMMAND: POST /session/0eda8290aaf6d9c10b10c8a8e97b99f0/execute/async - {"script":"<script> [1562 bytes]","args":[{"selector":{"id":"application-manageresources-display-component---newResourceUnit--TYPE-arrow"},"wdio_ui5_key":"applicationmanageresources-display-component---newResourceUnit--TYPE-arrow"}]}
RESULT: {"script":"<script> [1562 bytes]","args":[{"selector":{"id":"application-manageresources-display-component---newResourceUnit--TYPE-arrow"},"wdio_ui5_key":"applicationmanageresources-display-component---newResourceUnit--TYPE-arrow"}]}
RESULT: undefined
COMMAND: POST /session/0eda8290aaf6d9c10b10c8a8e97b99f0/element - {"using":"xpath","value":"//*[@id=\"application-manageresources-display-component---newResourceUnit--TYPE-arrow\"]"}
RESULT: {"using":"xpath","value":"//*[@id=\"application-manageresources-display-component---newResourceUnit--TYPE-arrow\"]"}
COMMAND: POST /session/0eda8290aaf6d9c10b10c8a8e97b99f0/element/f.BADF7F127BB81D4F18EB6077F6D207A4.d.239349E6A4F476B2A88336AB42561BE1.e.1543/click - {}
RESULT: {}
COMMAND: POST /session/0eda8290aaf6d9c10b10c8a8e97b99f0/execute/async - {"script":"<script> [1562 bytes]","args":[{"selector":{"controlType":"sap.m.StandardListItem","viewName":"reusables.view.manageresources.NewResourceUnit","viewId":"application-manageresources-display-component---newResourceUnit","properties":{"title":"Group"},"searchOpenDialogs":true,"interaction":{"idSuffix":"content"}},"wdio_ui5_key":"reusablesview.manageresources.NewResourceUnitsap.m.StandardListItem{\"title\":\"Group\"}"}]}
COMMAND: GET /session/0eda8290aaf6d9c10b10c8a8e97b99f0/screenshot - {}
RESULT: {"script":"<script> [1562 bytes]","args":[{"selector":{"controlType":"sap.m.StandardListItem","viewName":"reusables.view.manageresources.NewResourceUnit","viewId":"application-manageresources-display-component---newResourceUnit","properties":{"title":"Group"},"searchOpenDialogs":true,"interaction":{"idSuffix":"content"}},"wdio_ui5_key":"reusablesview.manageresources.NewResourceUnitsap.m.StandardListItem{\"title\":\"Group\"}"}]}
RESULT: undefined
COMMAND: POST /session/0eda8290aaf6d9c10b10c8a8e97b99f0/element - {"using":"xpath","value":"//*[@id=\"__item154\"]"}
RESULT: {}
RESULT: {"using":"xpath","value":"//*[@id=\"__item154\"]"}
COMMAND: POST /session/0eda8290aaf6d9c10b10c8a8e97b99f0/element/f.BADF7F127BB81D4F18EB6077F6D207A4.d.239349E6A4F476B2A88336AB42561BE1.e.1546/click - {}
RESULT: {}
COMMAND: GET /session/0eda8290aaf6d9c10b10c8a8e97b99f0/screenshot - {}
RESULT: {}
COMMAND: POST /session/0eda8290aaf6d9c10b10c8a8e97b99f0/execute/async - {"script":"<script> [1562 bytes]","args":[{"selector":{"id":"application-manageresources-display-component---newResourceUnit--SHORT_TEXT","interaction":{"idSuffix":"inner"}},"wdio_ui5_key":"applicationmanageresources-display-component---newResourceUnit--SHORT_TEXT"}]}
RESULT: {"script":"<script> [1562 bytes]","args":[{"selector":{"id":"application-manageresources-display-component---newResourceUnit--SHORT_TEXT","interaction":{"idSuffix":"inner"}},"wdio_ui5_key":"applicationmanageresources-display-component---newResourceUnit--SHORT_TEXT"}]}
RESULT: undefined
COMMAND: POST /session/0eda8290aaf6d9c10b10c8a8e97b99f0/execute/async - {"script":"<script> [776 bytes]","args":[{"enterText":"WdIORUGroupeqhcy","selector":{"id":"application-manageresources-display-component---newResourceUnit--SHORT_TEXT","interaction":{"idSuffix":"inner"}},"clearTextFirst":true,"interactionType":"ENTER_TEXT"}]}
RESULT: {"script":"<script> [776 bytes]","args":[{"enterText":"WdIORUGroupeqhcy","selector":{"id":"application-manageresources-display-component---newResourceUnit--SHORT_TEXT","interaction":{"idSuffix":"inner"}},"clearTextFirst":true,"interactionType":"ENTER_TEXT"}]}
COMMAND: POST /session/0eda8290aaf6d9c10b10c8a8e97b99f0/execute/async - {"script":"<script> [1562 bytes]","args":[{"selector":{"id":"application-manageresources-display-component---newResourceUnit--BASE_UNIT_OF_MEASURE","interaction":{"idSuffix":"inner"}},"wdio_ui5_key":"applicationmanageresources-display-component---newResourceUnit--BASE_UNIT_OF_MEASURE"}]}
RESULT: {"script":"<script> [1562 bytes]","args":[{"selector":{"id":"application-manageresources-display-component---newResourceUnit--BASE_UNIT_OF_MEASURE","interaction":{"idSuffix":"inner"}},"wdio_ui5_key":"applicationmanageresources-display-component---newResourceUnit--BASE_UNIT_OF_MEASURE"}]}
RESULT: undefined
COMMAND: POST /session/0eda8290aaf6d9c10b10c8a8e97b99f0/execute/async - {"script":"<script> [776 bytes]","args":[{"enterText":"Piece","selector":{"id":"application-manageresources-display-component---newResourceUnit--BASE_UNIT_OF_MEASURE","interaction":{"idSuffix":"inner"}},"clearTextFirst":true,"interactionType":"ENTER_TEXT"}]}
RESULT: {"script":"<script> [776 bytes]","args":[{"enterText":"Piece","selector":{"id":"application-manageresources-display-component---newResourceUnit--BASE_UNIT_OF_MEASURE","interaction":{"idSuffix":"inner"}},"clearTextFirst":true,"interactionType":"ENTER_TEXT"}]}
COMMAND: POST /session/0eda8290aaf6d9c10b10c8a8e97b99f0/execute/async - {"script":"<script> [1562 bytes]","args":[{"selector":{"id":"application-manageresources-display-component---newResourceUnit--newRRUPage-OPHeaderContent-collapseBtn-img"},"wdio_ui5_key":"applicationmanageresources-display-component---newResourceUnit--newRRUPage-OPHeaderContent-collapseBtn-img"}]}
RESULT: {"script":"<script> [1562 bytes]","args":[{"selector":{"id":"application-manageresources-display-component---newResourceUnit--newRRUPage-OPHeaderContent-collapseBtn-img"},"wdio_ui5_key":"applicationmanageresources-display-component---newResourceUnit--newRRUPage-OPHeaderContent-collapseBtn-img"}]}
RESULT: undefined
COMMAND: POST /session/0eda8290aaf6d9c10b10c8a8e97b99f0/element - {"using":"xpath","value":"//*[@id=\"application-manageresources-display-component---newResourceUnit--newRRUPage-OPHeaderContent-collapseBtn-img\"]"}
RESULT: {"using":"xpath","value":"//*[@id=\"application-manageresources-display-component---newResourceUnit--newRRUPage-OPHeaderContent-collapseBtn-img\"]"}
COMMAND: POST /session/0eda8290aaf6d9c10b10c8a8e97b99f0/element/f.BADF7F127BB81D4F18EB6077F6D207A4.d.239349E6A4F476B2A88336AB42561BE1.e.1554/click - {}
RESULT: {}
COMMAND: GET /session/0eda8290aaf6d9c10b10c8a8e97b99f0/screenshot - {}
RESULT: {}
COMMAND: POST /session/0eda8290aaf6d9c10b10c8a8e97b99f0/execute/async - {"script":"<script> [1562 bytes]","args":[{"selector":{"id":"application-manageresources-display-component---newResourceUnit--newRRUPage-anchBar-application-manageresources-display-component---newResourceUnit--control-anchor","interaction":{"idSuffix":"BDI-content"}},"wdio_ui5_key":"applicationmanageresources-display-component---newResourceUnit--newRRUPage-anchBar-application-manageresources-display-component---newResourceUnit--control-anchor"}]}
RESULT: {"script":"<script> [1562 bytes]","args":[{"selector":{"id":"application-manageresources-display-component---newResourceUnit--newRRUPage-anchBar-application-manageresources-display-component---newResourceUnit--control-anchor","interaction":{"idSuffix":"BDI-content"}},"wdio_ui5_key":"applicationmanageresources-display-component---newResourceUnit--newRRUPage-anchBar-application-manageresources-display-component---newResourceUnit--control-anchor"}]}
RESULT: undefined
COMMAND: POST /session/0eda8290aaf6d9c10b10c8a8e97b99f0/element - {"using":"xpath","value":"//*[@id=\"application-manageresources-display-component---newResourceUnit--newRRUPage-anchBar-application-manageresources-display-component---newResourceUnit--control-anchor\"]"}
RESULT: {"using":"xpath","value":"//*[@id=\"application-manageresources-display-component---newResourceUnit--newRRUPage-anchBar-application-manageresources-display-component---newResourceUnit--control-anchor\"]"}
COMMAND: POST /session/0eda8290aaf6d9c10b10c8a8e97b99f0/element/f.BADF7F127BB81D4F18EB6077F6D207A4.d.239349E6A4F476B2A88336AB42561BE1.e.1665/click - {}
RESULT: {}
COMMAND: POST /session/0eda8290aaf6d9c10b10c8a8e97b99f0/execute/async - {"script":"<script> [1562 bytes]","args":[{"selector":{"id":"application-manageresources-display-component---newResourceUnit--PLANNING_GROUP","interaction":{"idSuffix":"inner"}},"wdio_ui5_key":"applicationmanageresources-display-component---newResourceUnit--PLANNING_GROUP"}]}
COMMAND: GET /session/0eda8290aaf6d9c10b10c8a8e97b99f0/screenshot - {}
RESULT: {"script":"<script> [1562 bytes]","args":[{"selector":{"id":"application-manageresources-display-component---newResourceUnit--PLANNING_GROUP","interaction":{"idSuffix":"inner"}},"wdio_ui5_key":"applicationmanageresources-display-component---newResourceUnit--PLANNING_GROUP"}]}
RESULT: undefined
COMMAND: POST /session/0eda8290aaf6d9c10b10c8a8e97b99f0/execute/async - {"script":"<script> [776 bytes]","args":[{"enterText":"Heavy Equi","selector":{"id":"application-manageresources-display-component---newResourceUnit--PLANNING_GROUP","interaction":{"idSuffix":"inner"}},"clearTextFirst":true,"interactionType":"ENTER_TEXT"}]}
RESULT: {}
RESULT: {"script":"<script> [776 bytes]","args":[{"enterText":"Heavy Equi","selector":{"id":"application-manageresources-display-component---newResourceUnit--PLANNING_GROUP","interaction":{"idSuffix":"inner"}},"clearTextFirst":true,"interactionType":"ENTER_TEXT"}]}
COMMAND: POST /session/0eda8290aaf6d9c10b10c8a8e97b99f0/element - {"using":"xpath","value":"//bdi[contains(text(), \"Time Segment\")]"}
RESULT: {"using":"xpath","value":"//bdi[contains(text(), \"Time Segment\")]"}
COMMAND: GET /session/0eda8290aaf6d9c10b10c8a8e97b99f0/element/f.BADF7F127BB81D4F18EB6077F6D207A4.d.239349E6A4F476B2A88336AB42561BE1.e.1672/rect - {}
RESULT: {}
COMMAND: GET /session/0eda8290aaf6d9c10b10c8a8e97b99f0/window/rect - {}
RESULT: {}
COMMAND: POST /session/0eda8290aaf6d9c10b10c8a8e97b99f0/execute/sync - {"script":"<script> [92 bytes]","args":[]}
RESULT: {"script":"<script> [92 bytes]","args":[]}
COMMAND: POST /session/0eda8290aaf6d9c10b10c8a8e97b99f0/actions - {"actions":[{"id":"action3","type":"wheel","parameters":{},"actions":[{"type":"scroll","x":-1820,"y":-21,"deltaX":0,"deltaY":0,"duration":0,"origin":{"element-6066-11e4-a52e-4f735466cecf":"f.BADF7F127BB81D4F18EB6077F6D207A4.d.239349E6A4F476B2A88336AB42561BE1.e.1672"}}]}]}
COMMAND: GET /session/0eda8290aaf6d9c10b10c8a8e97b99f0/screenshot - {}
RESULT: {}
COMMAND: POST /session/0eda8290aaf6d9c10b10c8a8e97b99f0/execute/sync - {"script":"<script> [79 bytes]","args":[{"element-6066-11e4-a52e-4f735466cecf":"f.BADF7F127BB81D4F18EB6077F6D207A4.d.239349E6A4F476B2A88336AB42561BE1.e.1672","ELEMENT":"f.BADF7F127BB81D4F18EB6077F6D207A4.d.239349E6A4F476B2A88336AB42561BE1.e.1672"},{"block":"start","inline":"nearest"}]}
RESULT: {"script":"<script> [79 bytes]","args":[{"element-6066-11e4-a52e-4f735466cecf":"f.BADF7F127BB81D4F18EB6077F6D207A4.d.239349E6A4F476B2A88336AB42561BE1.e.1672","ELEMENT":"f.BADF7F127BB81D4F18EB6077F6D207A4.d.239349E6A4F476B2A88336AB42561BE1.e.1672"},{"block":"start","inline":"nearest"}]}
COMMAND: GET /session/0eda8290aaf6d9c10b10c8a8e97b99f0/screenshot - {}
RESULT: {}
COMMAND: POST /session/0eda8290aaf6d9c10b10c8a8e97b99f0/execute/async - {"script":"<script> [1562 bytes]","args":[{"selector":{"id":"application-manageresources-display-component---newResourceUnit--btnAddTimeSegment-img"},"wdio_ui5_key":"applicationmanageresources-display-component---newResourceUnit--btnAddTimeSegment-img"}]}
RESULT: {"script":"<script> [1562 bytes]","args":[{"selector":{"id":"application-manageresources-display-component---newResourceUnit--btnAddTimeSegment-img"},"wdio_ui5_key":"applicationmanageresources-display-component---newResourceUnit--btnAddTimeSegment-img"}]}
RESULT: undefined
COMMAND: POST /session/0eda8290aaf6d9c10b10c8a8e97b99f0/element - {"using":"xpath","value":"//*[@id=\"application-manageresources-display-component---newResourceUnit--btnAddTimeSegment-img\"]"}
RESULT: {"using":"xpath","value":"//*[@id=\"application-manageresources-display-component---newResourceUnit--btnAddTimeSegment-img\"]"}
COMMAND: POST /session/0eda8290aaf6d9c10b10c8a8e97b99f0/element/f.BADF7F127BB81D4F18EB6077F6D207A4.d.239349E6A4F476B2A88336AB42561BE1.e.1675/click - {}
RESULT: {}
COMMAND: GET /session/0eda8290aaf6d9c10b10c8a8e97b99f0/screenshot - {}
RESULT: {}
COMMAND: POST /session/0eda8290aaf6d9c10b10c8a8e97b99f0/element - {"using":"xpath","value":"//input[@id=\"application-manageresources-display-component---newResourceUnit--idRuTSAdmin-application-manageresources-display-component---newResourceUnit--RUTimeSegment-0-inner\"]"}
RESULT: {"using":"xpath","value":"//input[@id=\"application-manageresources-display-component---newResourceUnit--idRuTSAdmin-application-manageresources-display-component---newResourceUnit--RUTimeSegment-0-inner\"]"}
COMMAND: POST /session/0eda8290aaf6d9c10b10c8a8e97b99f0/element/f.BADF7F127BB81D4F18EB6077F6D207A4.d.239349E6A4F476B2A88336AB42561BE1.e.1678/clear - {}
RESULT: {}
COMMAND: POST /session/0eda8290aaf6d9c10b10c8a8e97b99f0/element/f.BADF7F127BB81D4F18EB6077F6D207A4.d.239349E6A4F476B2A88336AB42561BE1.e.1678/value - {"text":"WebdriverYard6bn1gi"}
COMMAND: GET /session/0eda8290aaf6d9c10b10c8a8e97b99f0/screenshot - {}
RESULT: {"text":"WebdriverYard6bn1gi"}
COMMAND: GET /session/0eda8290aaf6d9c10b10c8a8e97b99f0/screenshot - {}
RESULT: {}
RESULT: {}
COMMAND: POST /session/0eda8290aaf6d9c10b10c8a8e97b99f0/actions - {"actions":[{"id":"action4","type":"key","parameters":{},"actions":[{"type":"keyDown","value":"î€‡"},{"type":"pause","duration":10},{"type":"keyUp","value":"î€‡"}]}]}
RESULT: {"actions":[{"id":"action4","type":"key","parameters":{},"actions":[{"type":"keyDown","value":"î€‡"},{"type":"pause","duration":10},{"type":"keyUp","value":"î€‡"}]}]}
COMMAND: GET /session/0eda8290aaf6d9c10b10c8a8e97b99f0/screenshot - {}
RESULT: {}
COMMAND: POST /session/0eda8290aaf6d9c10b10c8a8e97b99f0/execute/async - {"script":"<script> [1562 bytes]","args":[{"selector":{"controlType":"sap.m.Button","viewName":"reusables.view.manageresources.NewResourceUnit","viewId":"application-manageresources-display-component---newResourceUnit","i18NText":{"propertyName":"tooltip","key":"save"},"interaction":{"idSuffix":"BDI-content"}},"wdio_ui5_key":"reusablesview.manageresources.NewResourceUnitsap.m.Button{\"propertyName\":\"tooltip\",\"key\":\"save\"}"}]}
RESULT: {"script":"<script> [1562 bytes]","args":[{"selector":{"controlType":"sap.m.Button","viewName":"reusables.view.manageresources.NewResourceUnit","viewId":"application-manageresources-display-component---newResourceUnit","i18NText":{"propertyName":"tooltip","key":"save"},"interaction":{"idSuffix":"BDI-content"}},"wdio_ui5_key":"reusablesview.manageresources.NewResourceUnitsap.m.Button{\"propertyName\":\"tooltip\",\"key\":\"save\"}"}]}
RESULT: undefined
COMMAND: POST /session/0eda8290aaf6d9c10b10c8a8e97b99f0/element - {"using":"xpath","value":"//*[@id=\"application-manageresources-display-component---newResourceUnit--createRuButton\"]"}
RESULT: {"using":"xpath","value":"//*[@id=\"application-manageresources-display-component---newResourceUnit--createRuButton\"]"}
COMMAND: POST /session/0eda8290aaf6d9c10b10c8a8e97b99f0/element/f.BADF7F127BB81D4F18EB6077F6D207A4.d.239349E6A4F476B2A88336AB42561BE1.e.1560/click - {}
RESULT: {}
COMMAND: GET /session/0eda8290aaf6d9c10b10c8a8e97b99f0/screenshot - {}
RESULT: {}
COMMAND: POST /session/0eda8290aaf6d9c10b10c8a8e97b99f0/execute/async - {"script":"<script> [1562 bytes]","args":[{"selector":{"controlType":"sap.m.Button","properties":{"text":"Close"},"searchOpenDialogs":true,"interaction":{"idSuffix":"inner"}},"wdio_ui5_key":"sapm.Button{\"text\":\"Close\"}"}]}
RESULT: {"script":"<script> [1562 bytes]","args":[{"selector":{"controlType":"sap.m.Button","properties":{"text":"Close"},"searchOpenDialogs":true,"interaction":{"idSuffix":"inner"}},"wdio_ui5_key":"sapm.Button{\"text\":\"Close\"}"}]}
RESULT: undefined
COMMAND: POST /session/0eda8290aaf6d9c10b10c8a8e97b99f0/element - {"using":"xpath","value":"//*[@id=\"__mbox-btn-0\"]"}
RESULT: {"using":"xpath","value":"//*[@id=\"__mbox-btn-0\"]"}
COMMAND: POST /session/0eda8290aaf6d9c10b10c8a8e97b99f0/element/f.BADF7F127BB81D4F18EB6077F6D207A4.d.239349E6A4F476B2A88336AB42561BE1.e.1687/click - {}
RESULT: {}
COMMAND: GET /session/0eda8290aaf6d9c10b10c8a8e97b99f0/screenshot - {}
RESULT: {}
COMMAND: POST /session/0eda8290aaf6d9c10b10c8a8e97b99f0/element - {"using":"css selector","value":"#shell-header-logo"}
RESULT: {"using":"css selector","value":"#shell-header-logo"}
COMMAND: POST /session/0eda8290aaf6d9c10b10c8a8e97b99f0/element/f.BADF7F127BB81D4F18EB6077F6D207A4.d.239349E6A4F476B2A88336AB42561BE1.e.1179/click - {}
RESULT: {}
COMMAND: GET /session/0eda8290aaf6d9c10b10c8a8e97b99f0/screenshot - {}
RESULT: {}
]]></system-out>
    </testcase>
    <testcase classname="chrome.137_0_7151_56.windows.Related_resources_for_groups_US139107" name="Should create first equipment and add it to the group" time="123.896">
      <system-out><![CDATA[
RESULT: undefined
COMMAND: POST /session/0eda8290aaf6d9c10b10c8a8e97b99f0/element - {"using":"xpath","value":"//*[@id=\"__tile39\"]"}
RESULT: {"using":"xpath","value":"//*[@id=\"__tile39\"]"}
COMMAND: POST /session/0eda8290aaf6d9c10b10c8a8e97b99f0/element/f.BADF7F127BB81D4F18EB6077F6D207A4.d.239349E6A4F476B2A88336AB42561BE1.e.1176/click - {}
RESULT: {}
COMMAND: GET /session/0eda8290aaf6d9c10b10c8a8e97b99f0/screenshot - {}
RESULT: {}
COMMAND: POST /session/0eda8290aaf6d9c10b10c8a8e97b99f0/elements - {"using":"xpath","value":"//span[text()='Error']"}
RESULT: {"using":"xpath","value":"//span[text()='Error']"}
COMMAND: POST /session/0eda8290aaf6d9c10b10c8a8e97b99f0/element - {"using":"xpath","value":"//button[@data-kt=\"addNewRUOverflowToolbarButton\"]"}
RESULT: {"using":"xpath","value":"//button[@data-kt=\"addNewRUOverflowToolbarButton\"]"}
COMMAND: POST /session/0eda8290aaf6d9c10b10c8a8e97b99f0/execute/sync - {"script":"<script> [8489 bytes]","args":[{"element-6066-11e4-a52e-4f735466cecf":"f.BADF7F127BB81D4F18EB6077F6D207A4.d.239349E6A4F476B2A88336AB42561BE1.e.1760","ELEMENT":"f.BADF7F127BB81D4F18EB6077F6D207A4.d.239349E6A4F476B2A88336AB42561BE1.e.1760"}]}
RESULT: {"script":"<script> [8489 bytes]","args":[{"element-6066-11e4-a52e-4f735466cecf":"f.BADF7F127BB81D4F18EB6077F6D207A4.d.239349E6A4F476B2A88336AB42561BE1.e.1760","ELEMENT":"f.BADF7F127BB81D4F18EB6077F6D207A4.d.239349E6A4F476B2A88336AB42561BE1.e.1760"}]}
COMMAND: POST /session/0eda8290aaf6d9c10b10c8a8e97b99f0/element/f.BADF7F127BB81D4F18EB6077F6D207A4.d.239349E6A4F476B2A88336AB42561BE1.e.1760/click - {}
COMMAND: GET /session/0eda8290aaf6d9c10b10c8a8e97b99f0/screenshot - {}
RESULT: {}
COMMAND: GET /session/0eda8290aaf6d9c10b10c8a8e97b99f0/screenshot - {}
RESULT: {}
RESULT: {}
RESULT: undefined
COMMAND: POST /session/0eda8290aaf6d9c10b10c8a8e97b99f0/element - {"using":"xpath","value":"//*[@id=\"application-manageresources-display-component---newResourceUnit--TYPE-arrow\"]"}
RESULT: {"using":"xpath","value":"//*[@id=\"application-manageresources-display-component---newResourceUnit--TYPE-arrow\"]"}
COMMAND: POST /session/0eda8290aaf6d9c10b10c8a8e97b99f0/element/f.BADF7F127BB81D4F18EB6077F6D207A4.d.239349E6A4F476B2A88336AB42561BE1.e.2083/click - {}
RESULT: {}
COMMAND: POST /session/0eda8290aaf6d9c10b10c8a8e97b99f0/execute/async - {"script":"<script> [1562 bytes]","args":[{"selector":{"controlType":"sap.m.StandardListItem","viewName":"reusables.view.manageresources.NewResourceUnit","viewId":"application-manageresources-display-component---newResourceUnit","properties":{"title":"Equipment"},"searchOpenDialogs":true,"interaction":{"idSuffix":"content"}},"wdio_ui5_key":"reusablesview.manageresources.NewResourceUnitsap.m.StandardListItem{\"title\":\"Equipment\"}"}]}
COMMAND: GET /session/0eda8290aaf6d9c10b10c8a8e97b99f0/screenshot - {}
RESULT: {"script":"<script> [1562 bytes]","args":[{"selector":{"controlType":"sap.m.StandardListItem","viewName":"reusables.view.manageresources.NewResourceUnit","viewId":"application-manageresources-display-component---newResourceUnit","properties":{"title":"Equipment"},"searchOpenDialogs":true,"interaction":{"idSuffix":"content"}},"wdio_ui5_key":"reusablesview.manageresources.NewResourceUnitsap.m.StandardListItem{\"title\":\"Equipment\"}"}]}
RESULT: undefined
COMMAND: POST /session/0eda8290aaf6d9c10b10c8a8e97b99f0/element - {"using":"xpath","value":"//*[@id=\"__item935\"]"}
RESULT: {}
RESULT: {"using":"xpath","value":"//*[@id=\"__item935\"]"}
COMMAND: POST /session/0eda8290aaf6d9c10b10c8a8e97b99f0/element/f.BADF7F127BB81D4F18EB6077F6D207A4.d.239349E6A4F476B2A88336AB42561BE1.e.2089/click - {}
RESULT: {}
COMMAND: GET /session/0eda8290aaf6d9c10b10c8a8e97b99f0/screenshot - {}
RESULT: {}
COMMAND: POST /session/0eda8290aaf6d9c10b10c8a8e97b99f0/execute/async - {"script":"<script> [1562 bytes]","args":[{"selector":{"id":"application-manageresources-display-component---newResourceUnit--resourceId","interaction":{"idSuffix":"inner"}},"wdio_ui5_key":"applicationmanageresources-display-component---newResourceUnit--resourceId"}]}
RESULT: {"script":"<script> [1562 bytes]","args":[{"selector":{"id":"application-manageresources-display-component---newResourceUnit--resourceId","interaction":{"idSuffix":"inner"}},"wdio_ui5_key":"applicationmanageresources-display-component---newResourceUnit--resourceId"}]}
RESULT: undefined
COMMAND: POST /session/0eda8290aaf6d9c10b10c8a8e97b99f0/execute/async - {"script":"<script> [776 bytes]","args":[{"enterText":"WdIORUEquip1hensg","selector":{"id":"application-manageresources-display-component---newResourceUnit--resourceId","interaction":{"idSuffix":"inner"}},"clearTextFirst":true,"interactionType":"ENTER_TEXT"}]}
RESULT: {"script":"<script> [776 bytes]","args":[{"enterText":"WdIORUEquip1hensg","selector":{"id":"application-manageresources-display-component---newResourceUnit--resourceId","interaction":{"idSuffix":"inner"}},"clearTextFirst":true,"interactionType":"ENTER_TEXT"}]}
RESULT: undefined
COMMAND: POST /session/0eda8290aaf6d9c10b10c8a8e97b99f0/execute/async - {"script":"<script> [776 bytes]","args":[{"enterText":"WdIORUEquip1hensg","selector":{"id":"application-manageresources-display-component---newResourceUnit--SHORT_TEXT","interaction":{"idSuffix":"inner"}},"clearTextFirst":true,"interactionType":"ENTER_TEXT"}]}
RESULT: {"script":"<script> [776 bytes]","args":[{"enterText":"WdIORUEquip1hensg","selector":{"id":"application-manageresources-display-component---newResourceUnit--SHORT_TEXT","interaction":{"idSuffix":"inner"}},"clearTextFirst":true,"interactionType":"ENTER_TEXT"}]}
RESULT: undefined
COMMAND: POST /session/0eda8290aaf6d9c10b10c8a8e97b99f0/execute/async - {"script":"<script> [776 bytes]","args":[{"enterText":"Piece","selector":{"id":"application-manageresources-display-component---newResourceUnit--BASE_UNIT_OF_MEASURE","interaction":{"idSuffix":"inner"}},"clearTextFirst":true,"interactionType":"ENTER_TEXT"}]}
RESULT: {"script":"<script> [776 bytes]","args":[{"enterText":"Piece","selector":{"id":"application-manageresources-display-component---newResourceUnit--BASE_UNIT_OF_MEASURE","interaction":{"idSuffix":"inner"}},"clearTextFirst":true,"interactionType":"ENTER_TEXT"}]}
COMMAND: POST /session/0eda8290aaf6d9c10b10c8a8e97b99f0/element - {"using":"xpath","value":"//input[contains(@id ,\"application-manageresources-display-component---newResourceUnit--HIGHER_LEVEL_RESOURCE-inner\")]"}
RESULT: {"using":"xpath","value":"//input[contains(@id ,\"application-manageresources-display-component---newResourceUnit--HIGHER_LEVEL_RESOURCE-inner\")]"}
COMMAND: POST /session/0eda8290aaf6d9c10b10c8a8e97b99f0/element/f.BADF7F127BB81D4F18EB6077F6D207A4.d.239349E6A4F476B2A88336AB42561BE1.e.2111/value - {"text":"WdIORUGroupeqhcy"}
RESULT: {"text":"WdIORUGroupeqhcy"}
COMMAND: GET /session/0eda8290aaf6d9c10b10c8a8e97b99f0/screenshot - {}
RESULT: {}
COMMAND: POST /session/0eda8290aaf6d9c10b10c8a8e97b99f0/actions - {"actions":[{"id":"action5","type":"key","parameters":{},"actions":[{"type":"keyDown","value":"î€‡"},{"type":"pause","duration":10},{"type":"keyUp","value":"î€‡"}]}]}
RESULT: {"actions":[{"id":"action5","type":"key","parameters":{},"actions":[{"type":"keyDown","value":"î€‡"},{"type":"pause","duration":10},{"type":"keyUp","value":"î€‡"}]}]}
COMMAND: POST /session/0eda8290aaf6d9c10b10c8a8e97b99f0/execute/async - {"script":"<script> [1562 bytes]","args":[{"selector":{"id":"application-manageresources-display-component---newResourceUnit--WEIGHT_UNIT","interaction":{"idSuffix":"inner"}},"wdio_ui5_key":"applicationmanageresources-display-component---newResourceUnit--WEIGHT_UNIT"}]}
COMMAND: GET /session/0eda8290aaf6d9c10b10c8a8e97b99f0/screenshot - {}
RESULT: {"script":"<script> [1562 bytes]","args":[{"selector":{"id":"application-manageresources-display-component---newResourceUnit--WEIGHT_UNIT","interaction":{"idSuffix":"inner"}},"wdio_ui5_key":"applicationmanageresources-display-component---newResourceUnit--WEIGHT_UNIT"}]}
RESULT: undefined
COMMAND: POST /session/0eda8290aaf6d9c10b10c8a8e97b99f0/execute/async - {"script":"<script> [776 bytes]","args":[{"enterText":"Gram","selector":{"id":"application-manageresources-display-component---newResourceUnit--WEIGHT_UNIT","interaction":{"idSuffix":"inner"}},"clearTextFirst":true,"interactionType":"ENTER_TEXT"}]}
RESULT: {}
RESULT: {"script":"<script> [776 bytes]","args":[{"enterText":"Gram","selector":{"id":"application-manageresources-display-component---newResourceUnit--WEIGHT_UNIT","interaction":{"idSuffix":"inner"}},"clearTextFirst":true,"interactionType":"ENTER_TEXT"}]}
RESULT: undefined
COMMAND: POST /session/0eda8290aaf6d9c10b10c8a8e97b99f0/element - {"using":"xpath","value":"//*[@id=\"application-manageresources-display-component---newResourceUnit--newRRUPage-OPHeaderContent-collapseBtn-img\"]"}
RESULT: {"using":"xpath","value":"//*[@id=\"application-manageresources-display-component---newResourceUnit--newRRUPage-OPHeaderContent-collapseBtn-img\"]"}
COMMAND: POST /session/0eda8290aaf6d9c10b10c8a8e97b99f0/element/f.BADF7F127BB81D4F18EB6077F6D207A4.d.239349E6A4F476B2A88336AB42561BE1.e.2096/click - {}
RESULT: {}
COMMAND: GET /session/0eda8290aaf6d9c10b10c8a8e97b99f0/screenshot - {}
RESULT: {}
COMMAND: POST /session/0eda8290aaf6d9c10b10c8a8e97b99f0/element - {"using":"xpath","value":"(//span[contains(@id ,\"application-manageresources-display-component---newResourceUnit--DIMENSION_UNIT-arrow\")])[1]"}
RESULT: {"using":"xpath","value":"(//span[contains(@id ,\"application-manageresources-display-component---newResourceUnit--DIMENSION_UNIT-arrow\")])[1]"}
COMMAND: POST /session/0eda8290aaf6d9c10b10c8a8e97b99f0/element/f.BADF7F127BB81D4F18EB6077F6D207A4.d.239349E6A4F476B2A88336AB42561BE1.e.2246/click - {}
RESULT: {}
COMMAND: GET /session/0eda8290aaf6d9c10b10c8a8e97b99f0/screenshot - {}
RESULT: {}
COMMAND: POST /session/0eda8290aaf6d9c10b10c8a8e97b99f0/execute/async - {"script":"<script> [1562 bytes]","args":[{"selector":{"controlType":"sap.m.StandardListItem","viewName":"reusables.view.manageresources.NewResourceUnit","viewId":"application-manageresources-display-component---newResourceUnit","properties":{"title":"Centimeter"},"searchOpenDialogs":true,"interaction":{"idSuffix":"titleText"}},"wdio_ui5_key":"reusablesview.manageresources.NewResourceUnitsap.m.StandardListItem{\"title\":\"Centimeter\"}"}]}
RESULT: {"script":"<script> [1562 bytes]","args":[{"selector":{"controlType":"sap.m.StandardListItem","viewName":"reusables.view.manageresources.NewResourceUnit","viewId":"application-manageresources-display-component---newResourceUnit","properties":{"title":"Centimeter"},"searchOpenDialogs":true,"interaction":{"idSuffix":"titleText"}},"wdio_ui5_key":"reusablesview.manageresources.NewResourceUnitsap.m.StandardListItem{\"title\":\"Centimeter\"}"}]}
RESULT: undefined
COMMAND: POST /session/0eda8290aaf6d9c10b10c8a8e97b99f0/element - {"using":"xpath","value":"//*[@id=\"__item1042\"]"}
RESULT: {"using":"xpath","value":"//*[@id=\"__item1042\"]"}
COMMAND: POST /session/0eda8290aaf6d9c10b10c8a8e97b99f0/element/f.BADF7F127BB81D4F18EB6077F6D207A4.d.239349E6A4F476B2A88336AB42561BE1.e.2248/click - {}
RESULT: {}
COMMAND: GET /session/0eda8290aaf6d9c10b10c8a8e97b99f0/screenshot - {}
RESULT: {}
RESULT: undefined
COMMAND: POST /session/0eda8290aaf6d9c10b10c8a8e97b99f0/element - {"using":"xpath","value":"//*[@id=\"application-manageresources-display-component---newResourceUnit--newRRUPage-anchBar-application-manageresources-display-component---newResourceUnit--control-anchor\"]"}
RESULT: {"using":"xpath","value":"//*[@id=\"application-manageresources-display-component---newResourceUnit--newRRUPage-anchBar-application-manageresources-display-component---newResourceUnit--control-anchor\"]"}
COMMAND: POST /session/0eda8290aaf6d9c10b10c8a8e97b99f0/element/f.BADF7F127BB81D4F18EB6077F6D207A4.d.239349E6A4F476B2A88336AB42561BE1.e.2249/click - {}
RESULT: {}
RESULT: undefined
COMMAND: POST /session/0eda8290aaf6d9c10b10c8a8e97b99f0/execute/async - {"script":"<script> [776 bytes]","args":[{"enterText":"Heavy Equi","selector":{"id":"application-manageresources-display-component---newResourceUnit--PLANNING_GROUP","interaction":{"idSuffix":"inner"}},"clearTextFirst":true,"interactionType":"ENTER_TEXT"}]}
COMMAND: GET /session/0eda8290aaf6d9c10b10c8a8e97b99f0/screenshot - {}
RESULT: {"script":"<script> [776 bytes]","args":[{"enterText":"Heavy Equi","selector":{"id":"application-manageresources-display-component---newResourceUnit--PLANNING_GROUP","interaction":{"idSuffix":"inner"}},"clearTextFirst":true,"interactionType":"ENTER_TEXT"}]}
RESULT: {}
COMMAND: POST /session/0eda8290aaf6d9c10b10c8a8e97b99f0/execute/async - {"script":"<script> [1562 bytes]","args":[{"selector":{"id":"application-manageresources-display-component---newResourceUnit--ITEM_TYPE-arrow"},"wdio_ui5_key":"applicationmanageresources-display-component---newResourceUnit--ITEM_TYPE-arrow"}]}
RESULT: {"script":"<script> [1562 bytes]","args":[{"selector":{"id":"application-manageresources-display-component---newResourceUnit--ITEM_TYPE-arrow"},"wdio_ui5_key":"applicationmanageresources-display-component---newResourceUnit--ITEM_TYPE-arrow"}]}
RESULT: undefined
COMMAND: POST /session/0eda8290aaf6d9c10b10c8a8e97b99f0/element - {"using":"xpath","value":"//*[@id=\"application-manageresources-display-component---newResourceUnit--ITEM_TYPE-arrow\"]"}
RESULT: {"using":"xpath","value":"//*[@id=\"application-manageresources-display-component---newResourceUnit--ITEM_TYPE-arrow\"]"}
COMMAND: POST /session/0eda8290aaf6d9c10b10c8a8e97b99f0/element/f.BADF7F127BB81D4F18EB6077F6D207A4.d.239349E6A4F476B2A88336AB42561BE1.e.2255/click - {}
RESULT: {}
COMMAND: POST /session/0eda8290aaf6d9c10b10c8a8e97b99f0/execute/async - {"script":"<script> [1562 bytes]","args":[{"selector":{"controlType":"sap.m.StandardListItem","viewName":"reusables.view.manageresources.NewResourceUnit","viewId":"application-manageresources-display-component---newResourceUnit","properties":{"title":"Resource Unit"},"searchOpenDialogs":true,"interaction":{"idSuffix":"titleText"}},"wdio_ui5_key":"reusablesview.manageresources.NewResourceUnitsap.m.StandardListItem{\"title\":\"Resource Unit\"}"}]}
COMMAND: GET /session/0eda8290aaf6d9c10b10c8a8e97b99f0/screenshot - {}
RESULT: {"script":"<script> [1562 bytes]","args":[{"selector":{"controlType":"sap.m.StandardListItem","viewName":"reusables.view.manageresources.NewResourceUnit","viewId":"application-manageresources-display-component---newResourceUnit","properties":{"title":"Resource Unit"},"searchOpenDialogs":true,"interaction":{"idSuffix":"titleText"}},"wdio_ui5_key":"reusablesview.manageresources.NewResourceUnitsap.m.StandardListItem{\"title\":\"Resource Unit\"}"}]}
RESULT: undefined
COMMAND: POST /session/0eda8290aaf6d9c10b10c8a8e97b99f0/element - {"using":"xpath","value":"//*[@id=\"__item1064\"]"}
RESULT: {}
RESULT: {"using":"xpath","value":"//*[@id=\"__item1064\"]"}
COMMAND: POST /session/0eda8290aaf6d9c10b10c8a8e97b99f0/element/f.BADF7F127BB81D4F18EB6077F6D207A4.d.239349E6A4F476B2A88336AB42561BE1.e.2257/click - {}
RESULT: {}
COMMAND: POST /session/0eda8290aaf6d9c10b10c8a8e97b99f0/element - {"using":"xpath","value":"//bdi[contains(text(), \"Time Segment\")]"}
COMMAND: GET /session/0eda8290aaf6d9c10b10c8a8e97b99f0/screenshot - {}
RESULT: {"using":"xpath","value":"//bdi[contains(text(), \"Time Segment\")]"}
COMMAND: GET /session/0eda8290aaf6d9c10b10c8a8e97b99f0/element/f.BADF7F127BB81D4F18EB6077F6D207A4.d.239349E6A4F476B2A88336AB42561BE1.e.2264/rect - {}
RESULT: {}
RESULT: {}
COMMAND: GET /session/0eda8290aaf6d9c10b10c8a8e97b99f0/window/rect - {}
RESULT: {}
COMMAND: POST /session/0eda8290aaf6d9c10b10c8a8e97b99f0/execute/sync - {"script":"<script> [92 bytes]","args":[]}
RESULT: {"script":"<script> [92 bytes]","args":[]}
COMMAND: POST /session/0eda8290aaf6d9c10b10c8a8e97b99f0/actions - {"actions":[{"id":"action6","type":"wheel","parameters":{},"actions":[{"type":"scroll","x":-1820,"y":-21,"deltaX":0,"deltaY":0,"duration":0,"origin":{"element-6066-11e4-a52e-4f735466cecf":"f.BADF7F127BB81D4F18EB6077F6D207A4.d.239349E6A4F476B2A88336AB42561BE1.e.2264"}}]}]}
COMMAND: GET /session/0eda8290aaf6d9c10b10c8a8e97b99f0/screenshot - {}
RESULT: {}
COMMAND: POST /session/0eda8290aaf6d9c10b10c8a8e97b99f0/execute/sync - {"script":"<script> [79 bytes]","args":[{"element-6066-11e4-a52e-4f735466cecf":"f.BADF7F127BB81D4F18EB6077F6D207A4.d.239349E6A4F476B2A88336AB42561BE1.e.2264","ELEMENT":"f.BADF7F127BB81D4F18EB6077F6D207A4.d.239349E6A4F476B2A88336AB42561BE1.e.2264"},{"block":"start","inline":"nearest"}]}
RESULT: {"script":"<script> [79 bytes]","args":[{"element-6066-11e4-a52e-4f735466cecf":"f.BADF7F127BB81D4F18EB6077F6D207A4.d.239349E6A4F476B2A88336AB42561BE1.e.2264","ELEMENT":"f.BADF7F127BB81D4F18EB6077F6D207A4.d.239349E6A4F476B2A88336AB42561BE1.e.2264"},{"block":"start","inline":"nearest"}]}
RESULT: undefined
COMMAND: POST /session/0eda8290aaf6d9c10b10c8a8e97b99f0/element - {"using":"xpath","value":"//*[@id=\"application-manageresources-display-component---newResourceUnit--btnAddTimeSegment-img\"]"}
COMMAND: GET /session/0eda8290aaf6d9c10b10c8a8e97b99f0/screenshot - {}
RESULT: {"using":"xpath","value":"//*[@id=\"application-manageresources-display-component---newResourceUnit--btnAddTimeSegment-img\"]"}
COMMAND: POST /session/0eda8290aaf6d9c10b10c8a8e97b99f0/element/f.BADF7F127BB81D4F18EB6077F6D207A4.d.239349E6A4F476B2A88336AB42561BE1.e.2265/click - {}
RESULT: {}
RESULT: {}
COMMAND: GET /session/0eda8290aaf6d9c10b10c8a8e97b99f0/screenshot - {}
RESULT: {}
COMMAND: POST /session/0eda8290aaf6d9c10b10c8a8e97b99f0/element - {"using":"xpath","value":"//input[@id=\"application-manageresources-display-component---newResourceUnit--idRuTSAdmin-application-manageresources-display-component---newResourceUnit--RUTimeSegment-0-inner\"]"}
RESULT: {"using":"xpath","value":"//input[@id=\"application-manageresources-display-component---newResourceUnit--idRuTSAdmin-application-manageresources-display-component---newResourceUnit--RUTimeSegment-0-inner\"]"}
COMMAND: POST /session/0eda8290aaf6d9c10b10c8a8e97b99f0/element/f.BADF7F127BB81D4F18EB6077F6D207A4.d.239349E6A4F476B2A88336AB42561BE1.e.2271/clear - {}
RESULT: {}
COMMAND: POST /session/0eda8290aaf6d9c10b10c8a8e97b99f0/element/f.BADF7F127BB81D4F18EB6077F6D207A4.d.239349E6A4F476B2A88336AB42561BE1.e.2271/value - {"text":"WebdriverYard6bn1gi"}
COMMAND: GET /session/0eda8290aaf6d9c10b10c8a8e97b99f0/screenshot - {}
RESULT: {"text":"WebdriverYard6bn1gi"}
COMMAND: GET /session/0eda8290aaf6d9c10b10c8a8e97b99f0/screenshot - {}
RESULT: {}
RESULT: {}
COMMAND: POST /session/0eda8290aaf6d9c10b10c8a8e97b99f0/actions - {"actions":[{"id":"action7","type":"key","parameters":{},"actions":[{"type":"keyDown","value":"î€‡"},{"type":"pause","duration":10},{"type":"keyUp","value":"î€‡"}]}]}
RESULT: {"actions":[{"id":"action7","type":"key","parameters":{},"actions":[{"type":"keyDown","value":"î€‡"},{"type":"pause","duration":10},{"type":"keyUp","value":"î€‡"}]}]}
COMMAND: POST /session/0eda8290aaf6d9c10b10c8a8e97b99f0/execute/async - {"script":"<script> [1562 bytes]","args":[{"selector":{"controlType":"sap.ui.core.Icon","viewName":"reusables.view.manageresources.NewResourceUnit","viewId":"application-manageresources-display-component---newResourceUnit","properties":{"src":{"regex":{"source":"slim\\-arrow\\-down"}}},"ancestor":{"controlType":"sap.m.ComboBox","viewName":"reusables.view.manageresources.NewResourceUnit","viewId":"application-manageresources-display-component---newResourceUnit","bindingPath":{"path":"/RESOURCE_UNIT_TIME_SEQUENCES/0","propertyPath":"COST_OBJECT_ADMIN_CST_TYPE","modelName":"oNewRruModel"}}},"wdio_ui5_key":"reusablesview.manageresources.NewResourceUnitsap.ui.core.Icon{\"src\":{\"regex\":{\"source\":\"slim\\\\-arrow\\\\-down\"}}}{\"controlType\":\"sap.m.ComboBox\",\"viewName\":\"reusables.view.manageresources.NewResourceUnit\",\"viewId\":\"application-manageresources-display-component---newResourceUnit\",\"bindingPath\":{\"path\":\"/RESOURCE_UNIT_TIME_SEQUENCES/0\",\"propertyPath\":\"COST_OBJECT_ADMIN_CST_TYPE\",\"modelName\":\"oNewRruModel\"}}"}]}
COMMAND: GET /session/0eda8290aaf6d9c10b10c8a8e97b99f0/screenshot - {}
RESULT: {"script":"<script> [1562 bytes]","args":[{"selector":{"controlType":"sap.ui.core.Icon","viewName":"reusables.view.manageresources.NewResourceUnit","viewId":"application-manageresources-display-component---newResourceUnit","properties":{"src":{"regex":{"source":"slim\\-arrow\\-down"}}},"ancestor":{"controlType":"sap.m.ComboBox","viewName":"reusables.view.manageresources.NewResourceUnit","viewId":"application-manageresources-display-component---newResourceUnit","bindingPath":{"path":"/RESOURCE_UNIT_TIME_SEQUENCES/0","propertyPath":"COST_OBJECT_ADMIN_CST_TYPE","modelName":"oNewRruModel"}}},"wdio_ui5_key":"reusablesview.manageresources.NewResourceUnitsap.ui.core.Icon{\"src\":{\"regex\":{\"source\":\"slim\\\\-arrow\\\\-down\"}}}{\"controlType\":\"sap.m.ComboBox\",\"viewName\":\"reusables.view.manageresources.NewResourceUnit\",\"viewId\":\"application-manageresources-display-component---newResourceUnit\",\"bindingPath\":{\"path\":\"/RESOURCE_UNIT_TIME_SEQUENCES/0\",\"propertyPath\":\"COST_OBJECT_ADMIN_CST_TYPE\",\"modelName\":\"oNewRruModel\"}}"}]}
RESULT: undefined
COMMAND: POST /session/0eda8290aaf6d9c10b10c8a8e97b99f0/element - {"using":"xpath","value":"//*[@id=\"__box10-application-manageresources-display-component---newResourceUnit--RUTimeSegment-0-arrow\"]"}
RESULT: {}
RESULT: {"using":"xpath","value":"//*[@id=\"__box10-application-manageresources-display-component---newResourceUnit--RUTimeSegment-0-arrow\"]"}
COMMAND: POST /session/0eda8290aaf6d9c10b10c8a8e97b99f0/element/f.BADF7F127BB81D4F18EB6077F6D207A4.d.239349E6A4F476B2A88336AB42561BE1.e.2283/click - {}
RESULT: {}
COMMAND: POST /session/0eda8290aaf6d9c10b10c8a8e97b99f0/execute/async - {"script":"<script> [1562 bytes]","args":[{"selector":{"controlType":"sap.m.StandardListItem","viewName":"reusables.view.manageresources.NewResourceUnit","viewId":"application-manageresources-display-component---newResourceUnit","properties":{"title":"PM Order"},"searchOpenDialogs":true,"interaction":{"idSuffix":"titleText"}},"wdio_ui5_key":"reusablesview.manageresources.NewResourceUnitsap.m.StandardListItem{\"title\":\"PM Order\"}"}]}
COMMAND: GET /session/0eda8290aaf6d9c10b10c8a8e97b99f0/screenshot - {}
RESULT: {"script":"<script> [1562 bytes]","args":[{"selector":{"controlType":"sap.m.StandardListItem","viewName":"reusables.view.manageresources.NewResourceUnit","viewId":"application-manageresources-display-component---newResourceUnit","properties":{"title":"PM Order"},"searchOpenDialogs":true,"interaction":{"idSuffix":"titleText"}},"wdio_ui5_key":"reusablesview.manageresources.NewResourceUnitsap.m.StandardListItem{\"title\":\"PM Order\"}"}]}
RESULT: undefined
COMMAND: POST /session/0eda8290aaf6d9c10b10c8a8e97b99f0/element - {"using":"xpath","value":"//*[@id=\"__item1636\"]"}
RESULT: {}
RESULT: {"using":"xpath","value":"//*[@id=\"__item1636\"]"}
COMMAND: POST /session/0eda8290aaf6d9c10b10c8a8e97b99f0/element/f.BADF7F127BB81D4F18EB6077F6D207A4.d.239349E6A4F476B2A88336AB42561BE1.e.2287/click - {}
RESULT: {}
COMMAND: GET /session/0eda8290aaf6d9c10b10c8a8e97b99f0/screenshot - {}
RESULT: {}
COMMAND: POST /session/0eda8290aaf6d9c10b10c8a8e97b99f0/element - {"using":"xpath","value":"(//input[contains(@id ,\"-application-manageresources-display-component---newResourceUnit--RUTimeSegment-0-inner\")])[8]"}
RESULT: {"using":"xpath","value":"(//input[contains(@id ,\"-application-manageresources-display-component---newResourceUnit--RUTimeSegment-0-inner\")])[8]"}
COMMAND: POST /session/0eda8290aaf6d9c10b10c8a8e97b99f0/element/f.BADF7F127BB81D4F18EB6077F6D207A4.d.239349E6A4F476B2A88336AB42561BE1.e.2290/clear - {}
RESULT: {}
COMMAND: POST /session/0eda8290aaf6d9c10b10c8a8e97b99f0/element/f.BADF7F127BB81D4F18EB6077F6D207A4.d.239349E6A4F476B2A88336AB42561BE1.e.2290/value - {"text":"4000360"}
COMMAND: GET /session/0eda8290aaf6d9c10b10c8a8e97b99f0/screenshot - {}
RESULT: {"text":"4000360"}
COMMAND: GET /session/0eda8290aaf6d9c10b10c8a8e97b99f0/screenshot - {}
RESULT: {}
RESULT: {}
COMMAND: POST /session/0eda8290aaf6d9c10b10c8a8e97b99f0/actions - {"actions":[{"id":"action8","type":"key","parameters":{},"actions":[{"type":"keyDown","value":"î€‡"},{"type":"pause","duration":10},{"type":"keyUp","value":"î€‡"}]}]}
RESULT: {"actions":[{"id":"action8","type":"key","parameters":{},"actions":[{"type":"keyDown","value":"î€‡"},{"type":"pause","duration":10},{"type":"keyUp","value":"î€‡"}]}]}
COMMAND: GET /session/0eda8290aaf6d9c10b10c8a8e97b99f0/screenshot - {}
RESULT: {}
COMMAND: POST /session/0eda8290aaf6d9c10b10c8a8e97b99f0/element - {"using":"xpath","value":"//input[contains(@id ,\"application-manageresources-display-component---newResourceUnit--newTimeSegmentFromDatePicker-application-manageresources-display-component---newResourceUnit--RUTimeSegment-0-inner\")]"}
RESULT: {"using":"xpath","value":"//input[contains(@id ,\"application-manageresources-display-component---newResourceUnit--newTimeSegmentFromDatePicker-application-manageresources-display-component---newResourceUnit--RUTimeSegment-0-inner\")]"}
COMMAND: POST /session/0eda8290aaf6d9c10b10c8a8e97b99f0/element/f.BADF7F127BB81D4F18EB6077F6D207A4.d.239349E6A4F476B2A88336AB42561BE1.e.2278/clear - {}
RESULT: {}
COMMAND: POST /session/0eda8290aaf6d9c10b10c8a8e97b99f0/element/f.BADF7F127BB81D4F18EB6077F6D207A4.d.239349E6A4F476B2A88336AB42561BE1.e.2278/clear - {}
COMMAND: GET /session/0eda8290aaf6d9c10b10c8a8e97b99f0/screenshot - {}
RESULT: {}
COMMAND: POST /session/0eda8290aaf6d9c10b10c8a8e97b99f0/element/f.BADF7F127BB81D4F18EB6077F6D207A4.d.239349E6A4F476B2A88336AB42561BE1.e.2278/value - {"text":"7/4/24"}
COMMAND: GET /session/0eda8290aaf6d9c10b10c8a8e97b99f0/screenshot - {}
RESULT: {}
RESULT: {"text":"7/4/24"}
COMMAND: POST /session/0eda8290aaf6d9c10b10c8a8e97b99f0/execute/async - {"script":"<script> [1562 bytes]","args":[{"selector":{"id":"application-manageresources-display-component---newResourceUnit--newRRUPage-anchBar-application-manageresources-display-component---newResourceUnit--resource-anchor","interaction":{"idSuffix":"BDI-content"}},"wdio_ui5_key":"applicationmanageresources-display-component---newResourceUnit--newRRUPage-anchBar-application-manageresources-display-component---newResourceUnit--resource-anchor"}]}
COMMAND: GET /session/0eda8290aaf6d9c10b10c8a8e97b99f0/screenshot - {}
RESULT: {}
RESULT: {"script":"<script> [1562 bytes]","args":[{"selector":{"id":"application-manageresources-display-component---newResourceUnit--newRRUPage-anchBar-application-manageresources-display-component---newResourceUnit--resource-anchor","interaction":{"idSuffix":"BDI-content"}},"wdio_ui5_key":"applicationmanageresources-display-component---newResourceUnit--newRRUPage-anchBar-application-manageresources-display-component---newResourceUnit--resource-anchor"}]}
RESULT: undefined
COMMAND: POST /session/0eda8290aaf6d9c10b10c8a8e97b99f0/element - {"using":"xpath","value":"//*[@id=\"application-manageresources-display-component---newResourceUnit--newRRUPage-anchBar-application-manageresources-display-component---newResourceUnit--resource-anchor\"]"}
RESULT: {}
RESULT: {"using":"xpath","value":"//*[@id=\"application-manageresources-display-component---newResourceUnit--newRRUPage-anchBar-application-manageresources-display-component---newResourceUnit--resource-anchor\"]"}
COMMAND: POST /session/0eda8290aaf6d9c10b10c8a8e97b99f0/element/f.BADF7F127BB81D4F18EB6077F6D207A4.d.239349E6A4F476B2A88336AB42561BE1.e.2297/click - {}
RESULT: {}
COMMAND: POST /session/0eda8290aaf6d9c10b10c8a8e97b99f0/execute/async - {"script":"<script> [1562 bytes]","args":[{"selector":{"id":"application-manageresources-display-component---newResourceUnit--PLANNED_DELIVERY_DATE","interaction":{"idSuffix":"inner"}},"wdio_ui5_key":"applicationmanageresources-display-component---newResourceUnit--PLANNED_DELIVERY_DATE"}]}
COMMAND: GET /session/0eda8290aaf6d9c10b10c8a8e97b99f0/screenshot - {}
RESULT: {"script":"<script> [1562 bytes]","args":[{"selector":{"id":"application-manageresources-display-component---newResourceUnit--PLANNED_DELIVERY_DATE","interaction":{"idSuffix":"inner"}},"wdio_ui5_key":"applicationmanageresources-display-component---newResourceUnit--PLANNED_DELIVERY_DATE"}]}
RESULT: undefined
COMMAND: POST /session/0eda8290aaf6d9c10b10c8a8e97b99f0/execute/async - {"script":"<script> [6424 bytes]","args":[{"element-6066-11e4-a52e-4f735466cecf":"f.BADF7F127BB81D4F18EB6077F6D207A4.d.239349E6A4F476B2A88336AB42561BE1.e.2142"},"setValue",["7/4/24"]]}
RESULT: {}
RESULT: {"script":"<script> [6424 bytes]","args":[{"element-6066-11e4-a52e-4f735466cecf":"f.BADF7F127BB81D4F18EB6077F6D207A4.d.239349E6A4F476B2A88336AB42561BE1.e.2142"},"setValue",["7/4/24"]]}
COMMAND: POST /session/0eda8290aaf6d9c10b10c8a8e97b99f0/execute/async - {"script":"<script> [1562 bytes]","args":[{"selector":{"id":"application-manageresources-display-component---newResourceUnit--RETIRE_PLANNED_DATE","interaction":{"idSuffix":"inner"}},"wdio_ui5_key":"applicationmanageresources-display-component---newResourceUnit--RETIRE_PLANNED_DATE"}]}
RESULT: {"script":"<script> [1562 bytes]","args":[{"selector":{"id":"application-manageresources-display-component---newResourceUnit--RETIRE_PLANNED_DATE","interaction":{"idSuffix":"inner"}},"wdio_ui5_key":"applicationmanageresources-display-component---newResourceUnit--RETIRE_PLANNED_DATE"}]}
RESULT: undefined
COMMAND: POST /session/0eda8290aaf6d9c10b10c8a8e97b99f0/execute/async - {"script":"<script> [776 bytes]","args":[{"enterText":"3/14/29","selector":{"id":"application-manageresources-display-component---newResourceUnit--RETIRE_PLANNED_DATE","interaction":{"idSuffix":"inner"}},"clearTextFirst":true,"interactionType":"ENTER_TEXT"}]}
RESULT: {"script":"<script> [776 bytes]","args":[{"enterText":"3/14/29","selector":{"id":"application-manageresources-display-component---newResourceUnit--RETIRE_PLANNED_DATE","interaction":{"idSuffix":"inner"}},"clearTextFirst":true,"interactionType":"ENTER_TEXT"}]}
RESULT: undefined
COMMAND: POST /session/0eda8290aaf6d9c10b10c8a8e97b99f0/element - {"using":"xpath","value":"//*[@id=\"application-manageresources-display-component---newResourceUnit--createRuButton\"]"}
RESULT: {"using":"xpath","value":"//*[@id=\"application-manageresources-display-component---newResourceUnit--createRuButton\"]"}
COMMAND: POST /session/0eda8290aaf6d9c10b10c8a8e97b99f0/element/f.BADF7F127BB81D4F18EB6077F6D207A4.d.239349E6A4F476B2A88336AB42561BE1.e.2102/click - {}
RESULT: {}
COMMAND: GET /session/0eda8290aaf6d9c10b10c8a8e97b99f0/screenshot - {}
RESULT: {}
COMMAND: POST /session/0eda8290aaf6d9c10b10c8a8e97b99f0/element - {"using":"xpath","value":"(//bdi[contains(text(), \"Close\")])[1]"}
RESULT: {"using":"xpath","value":"(//bdi[contains(text(), \"Close\")])[1]"}
COMMAND: POST /session/0eda8290aaf6d9c10b10c8a8e97b99f0/element/f.BADF7F127BB81D4F18EB6077F6D207A4.d.239349E6A4F476B2A88336AB42561BE1.e.2309/click - {}
RESULT: {}
COMMAND: GET /session/0eda8290aaf6d9c10b10c8a8e97b99f0/screenshot - {}
RESULT: {}
]]></system-out>
    </testcase>
    <testcase classname="chrome.137_0_7151_56.windows.Related_resources_for_groups_US139107" name="Should create one more equipment using copy function and add it to the group" time="65.808">
      <system-out><![CDATA[
COMMAND: POST /session/0eda8290aaf6d9c10b10c8a8e97b99f0/element - {"using":"xpath","value":"//span[contains(@id ,\"actionsToolbar-overflowButton-img\")]"}
RESULT: {"using":"xpath","value":"//span[contains(@id ,\"actionsToolbar-overflowButton-img\")]"}
COMMAND: POST /session/0eda8290aaf6d9c10b10c8a8e97b99f0/execute/sync - {"script":"<script> [8489 bytes]","args":[{"element-6066-11e4-a52e-4f735466cecf":"f.BADF7F127BB81D4F18EB6077F6D207A4.d.239349E6A4F476B2A88336AB42561BE1.e.2339","ELEMENT":"f.BADF7F127BB81D4F18EB6077F6D207A4.d.239349E6A4F476B2A88336AB42561BE1.e.2339"}]}
RESULT: {"script":"<script> [8489 bytes]","args":[{"element-6066-11e4-a52e-4f735466cecf":"f.BADF7F127BB81D4F18EB6077F6D207A4.d.239349E6A4F476B2A88336AB42561BE1.e.2339","ELEMENT":"f.BADF7F127BB81D4F18EB6077F6D207A4.d.239349E6A4F476B2A88336AB42561BE1.e.2339"}]}
COMMAND: POST /session/0eda8290aaf6d9c10b10c8a8e97b99f0/execute/sync - {"script":"<script> [5351 bytes]","args":[{"element-6066-11e4-a52e-4f735466cecf":"f.BADF7F127BB81D4F18EB6077F6D207A4.d.239349E6A4F476B2A88336AB42561BE1.e.2339","ELEMENT":"f.BADF7F127BB81D4F18EB6077F6D207A4.d.239349E6A4F476B2A88336AB42561BE1.e.2339"}]}
COMMAND: GET /session/0eda8290aaf6d9c10b10c8a8e97b99f0/screenshot - {}
RESULT: {"script":"<script> [5351 bytes]","args":[{"element-6066-11e4-a52e-4f735466cecf":"f.BADF7F127BB81D4F18EB6077F6D207A4.d.239349E6A4F476B2A88336AB42561BE1.e.2339","ELEMENT":"f.BADF7F127BB81D4F18EB6077F6D207A4.d.239349E6A4F476B2A88336AB42561BE1.e.2339"}]}
COMMAND: GET /session/0eda8290aaf6d9c10b10c8a8e97b99f0/screenshot - {}
COMMAND: POST /session/0eda8290aaf6d9c10b10c8a8e97b99f0/execute/sync - {"script":"<script> [8489 bytes]","args":[{"element-6066-11e4-a52e-4f735466cecf":"f.BADF7F127BB81D4F18EB6077F6D207A4.d.239349E6A4F476B2A88336AB42561BE1.e.2339","ELEMENT":"f.BADF7F127BB81D4F18EB6077F6D207A4.d.239349E6A4F476B2A88336AB42561BE1.e.2339"}]}
RESULT: {}
RESULT: {}
RESULT: {"script":"<script> [8489 bytes]","args":[{"element-6066-11e4-a52e-4f735466cecf":"f.BADF7F127BB81D4F18EB6077F6D207A4.d.239349E6A4F476B2A88336AB42561BE1.e.2339","ELEMENT":"f.BADF7F127BB81D4F18EB6077F6D207A4.d.239349E6A4F476B2A88336AB42561BE1.e.2339"}]}
COMMAND: POST /session/0eda8290aaf6d9c10b10c8a8e97b99f0/execute/sync - {"script":"<script> [5351 bytes]","args":[{"element-6066-11e4-a52e-4f735466cecf":"f.BADF7F127BB81D4F18EB6077F6D207A4.d.239349E6A4F476B2A88336AB42561BE1.e.2339","ELEMENT":"f.BADF7F127BB81D4F18EB6077F6D207A4.d.239349E6A4F476B2A88336AB42561BE1.e.2339"}]}
COMMAND: GET /session/0eda8290aaf6d9c10b10c8a8e97b99f0/screenshot - {}
RESULT: {}
RESULT: {"script":"<script> [5351 bytes]","args":[{"element-6066-11e4-a52e-4f735466cecf":"f.BADF7F127BB81D4F18EB6077F6D207A4.d.239349E6A4F476B2A88336AB42561BE1.e.2339","ELEMENT":"f.BADF7F127BB81D4F18EB6077F6D207A4.d.239349E6A4F476B2A88336AB42561BE1.e.2339"}]}
COMMAND: GET /session/0eda8290aaf6d9c10b10c8a8e97b99f0/screenshot - {}
COMMAND: POST /session/0eda8290aaf6d9c10b10c8a8e97b99f0/execute/sync - {"script":"<script> [8489 bytes]","args":[{"element-6066-11e4-a52e-4f735466cecf":"f.BADF7F127BB81D4F18EB6077F6D207A4.d.239349E6A4F476B2A88336AB42561BE1.e.2339","ELEMENT":"f.BADF7F127BB81D4F18EB6077F6D207A4.d.239349E6A4F476B2A88336AB42561BE1.e.2339"}]}
RESULT: {"script":"<script> [8489 bytes]","args":[{"element-6066-11e4-a52e-4f735466cecf":"f.BADF7F127BB81D4F18EB6077F6D207A4.d.239349E6A4F476B2A88336AB42561BE1.e.2339","ELEMENT":"f.BADF7F127BB81D4F18EB6077F6D207A4.d.239349E6A4F476B2A88336AB42561BE1.e.2339"}]}
COMMAND: POST /session/0eda8290aaf6d9c10b10c8a8e97b99f0/execute/sync - {"script":"<script> [5351 bytes]","args":[{"element-6066-11e4-a52e-4f735466cecf":"f.BADF7F127BB81D4F18EB6077F6D207A4.d.239349E6A4F476B2A88336AB42561BE1.e.2339","ELEMENT":"f.BADF7F127BB81D4F18EB6077F6D207A4.d.239349E6A4F476B2A88336AB42561BE1.e.2339"}]}
COMMAND: GET /session/0eda8290aaf6d9c10b10c8a8e97b99f0/screenshot - {}
RESULT: {}
RESULT: {"script":"<script> [5351 bytes]","args":[{"element-6066-11e4-a52e-4f735466cecf":"f.BADF7F127BB81D4F18EB6077F6D207A4.d.239349E6A4F476B2A88336AB42561BE1.e.2339","ELEMENT":"f.BADF7F127BB81D4F18EB6077F6D207A4.d.239349E6A4F476B2A88336AB42561BE1.e.2339"}]}
COMMAND: POST /session/0eda8290aaf6d9c10b10c8a8e97b99f0/element/f.BADF7F127BB81D4F18EB6077F6D207A4.d.239349E6A4F476B2A88336AB42561BE1.e.2339/click - {}
COMMAND: GET /session/0eda8290aaf6d9c10b10c8a8e97b99f0/screenshot - {}
RESULT: {}
RESULT: {}
COMMAND: GET /session/0eda8290aaf6d9c10b10c8a8e97b99f0/screenshot - {}
RESULT: {}
RESULT: {}
COMMAND: POST /session/0eda8290aaf6d9c10b10c8a8e97b99f0/execute/async - {"script":"<script> [1562 bytes]","args":[{"selector":{"controlType":"sap.m.Button","viewName":"etm.portal.ui.manageresources.view.Detail","viewId":"application-manageresources-display-component---detailRU","i18NText":{"propertyName":"text","key":"copy"},"interaction":{"idSuffix":"BDI-content"}},"wdio_ui5_key":"etmportal.ui.manageresources.view.Detailsap.m.Button{\"propertyName\":\"text\",\"key\":\"copy\"}"}]}
RESULT: {"script":"<script> [1562 bytes]","args":[{"selector":{"controlType":"sap.m.Button","viewName":"etm.portal.ui.manageresources.view.Detail","viewId":"application-manageresources-display-component---detailRU","i18NText":{"propertyName":"text","key":"copy"},"interaction":{"idSuffix":"BDI-content"}},"wdio_ui5_key":"etmportal.ui.manageresources.view.Detailsap.m.Button{\"propertyName\":\"text\",\"key\":\"copy\"}"}]}
RESULT: undefined
COMMAND: POST /session/0eda8290aaf6d9c10b10c8a8e97b99f0/element - {"using":"xpath","value":"//*[@id=\"__button117\"]"}
RESULT: {"using":"xpath","value":"//*[@id=\"__button117\"]"}
COMMAND: POST /session/0eda8290aaf6d9c10b10c8a8e97b99f0/element/f.BADF7F127BB81D4F18EB6077F6D207A4.d.239349E6A4F476B2A88336AB42561BE1.e.2345/click - {}
RESULT: {}
COMMAND: GET /session/0eda8290aaf6d9c10b10c8a8e97b99f0/screenshot - {}
RESULT: {}
COMMAND: POST /session/0eda8290aaf6d9c10b10c8a8e97b99f0/execute/async - {"script":"<script> [1562 bytes]","args":[{"selector":{"controlType":"sap.m.Button","viewName":"etm.portal.ui.manageresources.view.Detail","viewId":"application-manageresources-display-component---detailRU","i18NText":{"propertyName":"text","key":"selectAll"},"searchOpenDialogs":true,"interaction":{"idSuffix":"BDI-content"}},"wdio_ui5_key":"etmportal.ui.manageresources.view.Detailsap.m.Button{\"propertyName\":\"text\",\"key\":\"selectAll\"}"}]}
RESULT: {"script":"<script> [1562 bytes]","args":[{"selector":{"controlType":"sap.m.Button","viewName":"etm.portal.ui.manageresources.view.Detail","viewId":"application-manageresources-display-component---detailRU","i18NText":{"propertyName":"text","key":"selectAll"},"searchOpenDialogs":true,"interaction":{"idSuffix":"BDI-content"}},"wdio_ui5_key":"etmportal.ui.manageresources.view.Detailsap.m.Button{\"propertyName\":\"text\",\"key\":\"selectAll\"}"}]}
RESULT: undefined
COMMAND: POST /session/0eda8290aaf6d9c10b10c8a8e97b99f0/element - {"using":"xpath","value":"//*[@id=\"__button168\"]"}
RESULT: {"using":"xpath","value":"//*[@id=\"__button168\"]"}
COMMAND: POST /session/0eda8290aaf6d9c10b10c8a8e97b99f0/element/f.BADF7F127BB81D4F18EB6077F6D207A4.d.239349E6A4F476B2A88336AB42561BE1.e.2346/click - {}
RESULT: {}
COMMAND: GET /session/0eda8290aaf6d9c10b10c8a8e97b99f0/screenshot - {}
RESULT: {}
COMMAND: POST /session/0eda8290aaf6d9c10b10c8a8e97b99f0/execute/async - {"script":"<script> [1562 bytes]","args":[{"selector":{"controlType":"sap.m.Button","viewName":"etm.portal.ui.manageresources.view.Detail","viewId":"application-manageresources-display-component---detailRU","i18NText":{"propertyName":"text","key":"confirm"},"searchOpenDialogs":true,"interaction":{"idSuffix":"content"}},"wdio_ui5_key":"etmportal.ui.manageresources.view.Detailsap.m.Button{\"propertyName\":\"text\",\"key\":\"confirm\"}"}]}
RESULT: {"script":"<script> [1562 bytes]","args":[{"selector":{"controlType":"sap.m.Button","viewName":"etm.portal.ui.manageresources.view.Detail","viewId":"application-manageresources-display-component---detailRU","i18NText":{"propertyName":"text","key":"confirm"},"searchOpenDialogs":true,"interaction":{"idSuffix":"content"}},"wdio_ui5_key":"etmportal.ui.manageresources.view.Detailsap.m.Button{\"propertyName\":\"text\",\"key\":\"confirm\"}"}]}
RESULT: undefined
COMMAND: POST /session/0eda8290aaf6d9c10b10c8a8e97b99f0/element - {"using":"xpath","value":"//*[@id=\"__button169\"]"}
RESULT: {"using":"xpath","value":"//*[@id=\"__button169\"]"}
COMMAND: POST /session/0eda8290aaf6d9c10b10c8a8e97b99f0/element/f.BADF7F127BB81D4F18EB6077F6D207A4.d.239349E6A4F476B2A88336AB42561BE1.e.2370/click - {}
RESULT: {}
COMMAND: GET /session/0eda8290aaf6d9c10b10c8a8e97b99f0/screenshot - {}
RESULT: {}
RESULT: undefined
COMMAND: POST /session/0eda8290aaf6d9c10b10c8a8e97b99f0/execute/async - {"script":"<script> [776 bytes]","args":[{"enterText":"WdIORUEquip2uqy17l","selector":{"id":"application-manageresources-display-component---newResourceUnit--resourceId","interaction":{"idSuffix":"inner"}},"clearTextFirst":true,"interactionType":"ENTER_TEXT"}]}
RESULT: {"script":"<script> [776 bytes]","args":[{"enterText":"WdIORUEquip2uqy17l","selector":{"id":"application-manageresources-display-component---newResourceUnit--resourceId","interaction":{"idSuffix":"inner"}},"clearTextFirst":true,"interactionType":"ENTER_TEXT"}]}
COMMAND: POST /session/0eda8290aaf6d9c10b10c8a8e97b99f0/element - {"using":"xpath","value":"//input[contains(@id ,\"application-manageresources-display-component---newResourceUnit--SHORT_TEXT-inner\")]"}
RESULT: {"using":"xpath","value":"//input[contains(@id ,\"application-manageresources-display-component---newResourceUnit--SHORT_TEXT-inner\")]"}
COMMAND: POST /session/0eda8290aaf6d9c10b10c8a8e97b99f0/element/f.BADF7F127BB81D4F18EB6077F6D207A4.d.239349E6A4F476B2A88336AB42561BE1.e.2107/clear - {}
RESULT: {}
COMMAND: POST /session/0eda8290aaf6d9c10b10c8a8e97b99f0/element/f.BADF7F127BB81D4F18EB6077F6D207A4.d.239349E6A4F476B2A88336AB42561BE1.e.2107/clear - {}
COMMAND: GET /session/0eda8290aaf6d9c10b10c8a8e97b99f0/screenshot - {}
RESULT: {}
COMMAND: POST /session/0eda8290aaf6d9c10b10c8a8e97b99f0/element/f.BADF7F127BB81D4F18EB6077F6D207A4.d.239349E6A4F476B2A88336AB42561BE1.e.2107/value - {"text":"WdIORUEquip2uqy17l"}
COMMAND: GET /session/0eda8290aaf6d9c10b10c8a8e97b99f0/screenshot - {}
RESULT: {}
RESULT: {"text":"WdIORUEquip2uqy17l"}
COMMAND: POST /session/0eda8290aaf6d9c10b10c8a8e97b99f0/element - {"using":"xpath","value":"//bdi[contains(text(), \"Time Segment\")]"}
COMMAND: GET /session/0eda8290aaf6d9c10b10c8a8e97b99f0/screenshot - {}
RESULT: {}
RESULT: {"using":"xpath","value":"//bdi[contains(text(), \"Time Segment\")]"}
COMMAND: GET /session/0eda8290aaf6d9c10b10c8a8e97b99f0/element/f.BADF7F127BB81D4F18EB6077F6D207A4.d.239349E6A4F476B2A88336AB42561BE1.e.2264/rect - {}
RESULT: {}
RESULT: {}
COMMAND: GET /session/0eda8290aaf6d9c10b10c8a8e97b99f0/window/rect - {}
RESULT: {}
COMMAND: POST /session/0eda8290aaf6d9c10b10c8a8e97b99f0/execute/sync - {"script":"<script> [92 bytes]","args":[]}
RESULT: {"script":"<script> [92 bytes]","args":[]}
COMMAND: POST /session/0eda8290aaf6d9c10b10c8a8e97b99f0/actions - {"actions":[{"id":"action9","type":"wheel","parameters":{},"actions":[{"type":"scroll","x":-1820,"y":962,"deltaX":0,"deltaY":0,"duration":0,"origin":{"element-6066-11e4-a52e-4f735466cecf":"f.BADF7F127BB81D4F18EB6077F6D207A4.d.239349E6A4F476B2A88336AB42561BE1.e.2264"}}]}]}
COMMAND: GET /session/0eda8290aaf6d9c10b10c8a8e97b99f0/screenshot - {}
RESULT: {}
COMMAND: POST /session/0eda8290aaf6d9c10b10c8a8e97b99f0/execute/sync - {"script":"<script> [79 bytes]","args":[{"element-6066-11e4-a52e-4f735466cecf":"f.BADF7F127BB81D4F18EB6077F6D207A4.d.239349E6A4F476B2A88336AB42561BE1.e.2264","ELEMENT":"f.BADF7F127BB81D4F18EB6077F6D207A4.d.239349E6A4F476B2A88336AB42561BE1.e.2264"},{"block":"start","inline":"nearest"}]}
RESULT: {"script":"<script> [79 bytes]","args":[{"element-6066-11e4-a52e-4f735466cecf":"f.BADF7F127BB81D4F18EB6077F6D207A4.d.239349E6A4F476B2A88336AB42561BE1.e.2264","ELEMENT":"f.BADF7F127BB81D4F18EB6077F6D207A4.d.239349E6A4F476B2A88336AB42561BE1.e.2264"},{"block":"start","inline":"nearest"}]}
COMMAND: GET /session/0eda8290aaf6d9c10b10c8a8e97b99f0/screenshot - {}
RESULT: {}
COMMAND: POST /session/0eda8290aaf6d9c10b10c8a8e97b99f0/element - {"using":"xpath","value":"//input[@id=\"application-manageresources-display-component---newResourceUnit--idRuTSAdmin-application-manageresources-display-component---newResourceUnit--RUTimeSegment-0-inner\"]"}
RESULT: {"using":"xpath","value":"//input[@id=\"application-manageresources-display-component---newResourceUnit--idRuTSAdmin-application-manageresources-display-component---newResourceUnit--RUTimeSegment-0-inner\"]"}
COMMAND: POST /session/0eda8290aaf6d9c10b10c8a8e97b99f0/element/f.BADF7F127BB81D4F18EB6077F6D207A4.d.239349E6A4F476B2A88336AB42561BE1.e.2271/clear - {}
RESULT: {}
COMMAND: POST /session/0eda8290aaf6d9c10b10c8a8e97b99f0/element/f.BADF7F127BB81D4F18EB6077F6D207A4.d.239349E6A4F476B2A88336AB42561BE1.e.2271/value - {"text":"WebdriverYard6bn1gi"}
COMMAND: GET /session/0eda8290aaf6d9c10b10c8a8e97b99f0/screenshot - {}
RESULT: {"text":"WebdriverYard6bn1gi"}
COMMAND: GET /session/0eda8290aaf6d9c10b10c8a8e97b99f0/screenshot - {}
RESULT: {}
RESULT: {}
COMMAND: POST /session/0eda8290aaf6d9c10b10c8a8e97b99f0/actions - {"actions":[{"id":"action10","type":"key","parameters":{},"actions":[{"type":"keyDown","value":"î€‡"},{"type":"pause","duration":10},{"type":"keyUp","value":"î€‡"}]}]}
RESULT: {"actions":[{"id":"action10","type":"key","parameters":{},"actions":[{"type":"keyDown","value":"î€‡"},{"type":"pause","duration":10},{"type":"keyUp","value":"î€‡"}]}]}
COMMAND: GET /session/0eda8290aaf6d9c10b10c8a8e97b99f0/screenshot - {}
RESULT: {}
RESULT: undefined
COMMAND: POST /session/0eda8290aaf6d9c10b10c8a8e97b99f0/element - {"using":"xpath","value":"//*[@id=\"__box10-application-manageresources-display-component---newResourceUnit--RUTimeSegment-0-arrow\"]"}
RESULT: {"using":"xpath","value":"//*[@id=\"__box10-application-manageresources-display-component---newResourceUnit--RUTimeSegment-0-arrow\"]"}
COMMAND: POST /session/0eda8290aaf6d9c10b10c8a8e97b99f0/element/f.BADF7F127BB81D4F18EB6077F6D207A4.d.239349E6A4F476B2A88336AB42561BE1.e.2283/click - {}
RESULT: {}
COMMAND: GET /session/0eda8290aaf6d9c10b10c8a8e97b99f0/screenshot - {}
RESULT: {}
COMMAND: POST /session/0eda8290aaf6d9c10b10c8a8e97b99f0/element - {"using":"xpath","value":"//span[contains(@id ,\"titleText\")][contains(text(), \"PM Order\")]"}
RESULT: {"using":"xpath","value":"//span[contains(@id ,\"titleText\")][contains(text(), \"PM Order\")]"}
COMMAND: POST /session/0eda8290aaf6d9c10b10c8a8e97b99f0/element/f.BADF7F127BB81D4F18EB6077F6D207A4.d.239349E6A4F476B2A88336AB42561BE1.e.2392/click - {}
RESULT: {}
COMMAND: GET /session/0eda8290aaf6d9c10b10c8a8e97b99f0/screenshot - {}
RESULT: {}
COMMAND: POST /session/0eda8290aaf6d9c10b10c8a8e97b99f0/element - {"using":"xpath","value":"(//input[contains(@id ,\"-application-manageresources-display-component---newResourceUnit--RUTimeSegment-0-inner\")])[8]"}
RESULT: {"using":"xpath","value":"(//input[contains(@id ,\"-application-manageresources-display-component---newResourceUnit--RUTimeSegment-0-inner\")])[8]"}
COMMAND: POST /session/0eda8290aaf6d9c10b10c8a8e97b99f0/element/f.BADF7F127BB81D4F18EB6077F6D207A4.d.239349E6A4F476B2A88336AB42561BE1.e.2395/clear - {}
RESULT: {}
COMMAND: POST /session/0eda8290aaf6d9c10b10c8a8e97b99f0/element/f.BADF7F127BB81D4F18EB6077F6D207A4.d.239349E6A4F476B2A88336AB42561BE1.e.2395/value - {"text":"4000360"}
COMMAND: GET /session/0eda8290aaf6d9c10b10c8a8e97b99f0/screenshot - {}
RESULT: {"text":"4000360"}
COMMAND: GET /session/0eda8290aaf6d9c10b10c8a8e97b99f0/screenshot - {}
RESULT: {}
RESULT: {}
COMMAND: POST /session/0eda8290aaf6d9c10b10c8a8e97b99f0/actions - {"actions":[{"id":"action11","type":"key","parameters":{},"actions":[{"type":"keyDown","value":"î€‡"},{"type":"pause","duration":10},{"type":"keyUp","value":"î€‡"}]}]}
RESULT: {"actions":[{"id":"action11","type":"key","parameters":{},"actions":[{"type":"keyDown","value":"î€‡"},{"type":"pause","duration":10},{"type":"keyUp","value":"î€‡"}]}]}
COMMAND: GET /session/0eda8290aaf6d9c10b10c8a8e97b99f0/screenshot - {}
RESULT: {}
RESULT: undefined
COMMAND: POST /session/0eda8290aaf6d9c10b10c8a8e97b99f0/element - {"using":"xpath","value":"//*[@id=\"application-manageresources-display-component---newResourceUnit--createRuButton\"]"}
RESULT: {"using":"xpath","value":"//*[@id=\"application-manageresources-display-component---newResourceUnit--createRuButton\"]"}
COMMAND: POST /session/0eda8290aaf6d9c10b10c8a8e97b99f0/element/f.BADF7F127BB81D4F18EB6077F6D207A4.d.239349E6A4F476B2A88336AB42561BE1.e.2102/click - {}
RESULT: {}
COMMAND: GET /session/0eda8290aaf6d9c10b10c8a8e97b99f0/screenshot - {}
RESULT: {}
COMMAND: POST /session/0eda8290aaf6d9c10b10c8a8e97b99f0/element - {"using":"xpath","value":"(//bdi[contains(text(), \"Close\")])[1]"}
RESULT: {"using":"xpath","value":"(//bdi[contains(text(), \"Close\")])[1]"}
COMMAND: POST /session/0eda8290aaf6d9c10b10c8a8e97b99f0/element/f.BADF7F127BB81D4F18EB6077F6D207A4.d.239349E6A4F476B2A88336AB42561BE1.e.2416/click - {}
RESULT: {}
COMMAND: GET /session/0eda8290aaf6d9c10b10c8a8e97b99f0/screenshot - {}
RESULT: {}
]]></system-out>
    </testcase>
    <testcase classname="chrome.137_0_7151_56.windows.Related_resources_for_groups_US139107" name="Should verify the Yard Overview hyperlinks in related resource" time="106.621">
      <system-out><![CDATA[
COMMAND: POST /session/0eda8290aaf6d9c10b10c8a8e97b99f0/execute/async - {"script":"<script> [1562 bytes]","args":[{"selector":{"controlType":"sap.ui.core.Icon","viewName":"etm.portal.ui.manageresources.view.Detail","viewId":"application-manageresources-display-component---detailRU","properties":{"src":{"regex":{"source":"decline"}}}},"wdio_ui5_key":"etmportal.ui.manageresources.view.Detailsap.ui.core.Icon{\"src\":{\"regex\":{\"source\":\"decline\"}}}"}]}
RESULT: {"script":"<script> [1562 bytes]","args":[{"selector":{"controlType":"sap.ui.core.Icon","viewName":"etm.portal.ui.manageresources.view.Detail","viewId":"application-manageresources-display-component---detailRU","properties":{"src":{"regex":{"source":"decline"}}}},"wdio_ui5_key":"etmportal.ui.manageresources.view.Detailsap.ui.core.Icon{\"src\":{\"regex\":{\"source\":\"decline\"}}}"}]}
RESULT: undefined
COMMAND: POST /session/0eda8290aaf6d9c10b10c8a8e97b99f0/element - {"using":"xpath","value":"//input[contains(@id ,\"application-manageresources-display-component---masterRU--smartFilterBar-btnBasicSearch-I\")]"}
RESULT: {"using":"xpath","value":"//input[contains(@id ,\"application-manageresources-display-component---masterRU--smartFilterBar-btnBasicSearch-I\")]"}
COMMAND: POST /session/0eda8290aaf6d9c10b10c8a8e97b99f0/element/f.BADF7F127BB81D4F18EB6077F6D207A4.d.239349E6A4F476B2A88336AB42561BE1.e.1735/value - {"text":"WdIORUGroupeqhcy"}
RESULT: {"text":"WdIORUGroupeqhcy"}
COMMAND: GET /session/0eda8290aaf6d9c10b10c8a8e97b99f0/screenshot - {}
RESULT: {}
COMMAND: POST /session/0eda8290aaf6d9c10b10c8a8e97b99f0/actions - {"actions":[{"id":"action12","type":"key","parameters":{},"actions":[{"type":"keyDown","value":"î€‡"},{"type":"pause","duration":10},{"type":"keyUp","value":"î€‡"}]}]}
RESULT: {"actions":[{"id":"action12","type":"key","parameters":{},"actions":[{"type":"keyDown","value":"î€‡"},{"type":"pause","duration":10},{"type":"keyUp","value":"î€‡"}]}]}
COMMAND: GET /session/0eda8290aaf6d9c10b10c8a8e97b99f0/screenshot - {}
RESULT: {}
COMMAND: POST /session/0eda8290aaf6d9c10b10c8a8e97b99f0/execute/async - {"script":"<script> [1562 bytes]","args":[{"selector":{"controlType":"sap.ui.core.Icon","viewName":"etm.portal.ui.manageresources.view.Master","viewId":"application-manageresources-display-component---masterRU","properties":{"src":{"regex":{"source":"slim\\-arrow\\-right"}}}},"wdio_ui5_key":"etmportal.ui.manageresources.view.Mastersap.ui.core.Icon{\"src\":{\"regex\":{\"source\":\"slim\\\\-arrow\\\\-right\"}}}"}]}
RESULT: {"script":"<script> [1562 bytes]","args":[{"selector":{"controlType":"sap.ui.core.Icon","viewName":"etm.portal.ui.manageresources.view.Master","viewId":"application-manageresources-display-component---masterRU","properties":{"src":{"regex":{"source":"slim\\-arrow\\-right"}}}},"wdio_ui5_key":"etmportal.ui.manageresources.view.Mastersap.ui.core.Icon{\"src\":{\"regex\":{\"source\":\"slim\\\\-arrow\\\\-right\"}}}"}]}
RESULT: undefined
COMMAND: POST /session/0eda8290aaf6d9c10b10c8a8e97b99f0/element - {"using":"xpath","value":"//*[@id=\"__item825-__clone2208-imgNav\"]"}
RESULT: {"using":"xpath","value":"//*[@id=\"__item825-__clone2208-imgNav\"]"}
COMMAND: POST /session/0eda8290aaf6d9c10b10c8a8e97b99f0/element/f.BADF7F127BB81D4F18EB6077F6D207A4.d.239349E6A4F476B2A88336AB42561BE1.e.1907/click - {}
RESULT: {}
COMMAND: GET /session/0eda8290aaf6d9c10b10c8a8e97b99f0/screenshot - {}
RESULT: {}
COMMAND: POST /session/0eda8290aaf6d9c10b10c8a8e97b99f0/element - {"using":"xpath","value":"//bdi[contains(@id ,\"application-manageresources-display-component---detailRU--openRelatedRus-BDI-content\")]"}
RESULT: {"using":"xpath","value":"//bdi[contains(@id ,\"application-manageresources-display-component---detailRU--openRelatedRus-BDI-content\")]"}
COMMAND: POST /session/0eda8290aaf6d9c10b10c8a8e97b99f0/execute/sync - {"script":"<script> [8489 bytes]","args":[{"element-6066-11e4-a52e-4f735466cecf":"f.BADF7F127BB81D4F18EB6077F6D207A4.d.239349E6A4F476B2A88336AB42561BE1.e.2659","ELEMENT":"f.BADF7F127BB81D4F18EB6077F6D207A4.d.239349E6A4F476B2A88336AB42561BE1.e.2659"}]}
RESULT: {"script":"<script> [8489 bytes]","args":[{"element-6066-11e4-a52e-4f735466cecf":"f.BADF7F127BB81D4F18EB6077F6D207A4.d.239349E6A4F476B2A88336AB42561BE1.e.2659","ELEMENT":"f.BADF7F127BB81D4F18EB6077F6D207A4.d.239349E6A4F476B2A88336AB42561BE1.e.2659"}]}
COMMAND: POST /session/0eda8290aaf6d9c10b10c8a8e97b99f0/execute/sync - {"script":"<script> [5351 bytes]","args":[{"element-6066-11e4-a52e-4f735466cecf":"f.BADF7F127BB81D4F18EB6077F6D207A4.d.239349E6A4F476B2A88336AB42561BE1.e.2659","ELEMENT":"f.BADF7F127BB81D4F18EB6077F6D207A4.d.239349E6A4F476B2A88336AB42561BE1.e.2659"}]}
COMMAND: GET /session/0eda8290aaf6d9c10b10c8a8e97b99f0/screenshot - {}
RESULT: {"script":"<script> [5351 bytes]","args":[{"element-6066-11e4-a52e-4f735466cecf":"f.BADF7F127BB81D4F18EB6077F6D207A4.d.239349E6A4F476B2A88336AB42561BE1.e.2659","ELEMENT":"f.BADF7F127BB81D4F18EB6077F6D207A4.d.239349E6A4F476B2A88336AB42561BE1.e.2659"}]}
COMMAND: POST /session/0eda8290aaf6d9c10b10c8a8e97b99f0/element/f.BADF7F127BB81D4F18EB6077F6D207A4.d.239349E6A4F476B2A88336AB42561BE1.e.2659/click - {}
COMMAND: GET /session/0eda8290aaf6d9c10b10c8a8e97b99f0/screenshot - {}
RESULT: {}
RESULT: {}
COMMAND: GET /session/0eda8290aaf6d9c10b10c8a8e97b99f0/screenshot - {}
RESULT: {}
RESULT: {}
COMMAND: POST /session/0eda8290aaf6d9c10b10c8a8e97b99f0/element - {"using":"xpath","value":"//*[contains(@data-kt ,\"openRUIdMenuLink\")]"}
RESULT: {"using":"xpath","value":"//*[contains(@data-kt ,\"openRUIdMenuLink\")]"}
COMMAND: POST /session/0eda8290aaf6d9c10b10c8a8e97b99f0/execute/sync - {"script":"<script> [8489 bytes]","args":[{"element-6066-11e4-a52e-4f735466cecf":"f.BADF7F127BB81D4F18EB6077F6D207A4.d.239349E6A4F476B2A88336AB42561BE1.e.2664","ELEMENT":"f.BADF7F127BB81D4F18EB6077F6D207A4.d.239349E6A4F476B2A88336AB42561BE1.e.2664"}]}
RESULT: {"script":"<script> [8489 bytes]","args":[{"element-6066-11e4-a52e-4f735466cecf":"f.BADF7F127BB81D4F18EB6077F6D207A4.d.239349E6A4F476B2A88336AB42561BE1.e.2664","ELEMENT":"f.BADF7F127BB81D4F18EB6077F6D207A4.d.239349E6A4F476B2A88336AB42561BE1.e.2664"}]}
COMMAND: POST /session/0eda8290aaf6d9c10b10c8a8e97b99f0/execute/sync - {"script":"<script> [5351 bytes]","args":[{"element-6066-11e4-a52e-4f735466cecf":"f.BADF7F127BB81D4F18EB6077F6D207A4.d.239349E6A4F476B2A88336AB42561BE1.e.2664","ELEMENT":"f.BADF7F127BB81D4F18EB6077F6D207A4.d.239349E6A4F476B2A88336AB42561BE1.e.2664"}]}
COMMAND: GET /session/0eda8290aaf6d9c10b10c8a8e97b99f0/screenshot - {}
RESULT: {"script":"<script> [5351 bytes]","args":[{"element-6066-11e4-a52e-4f735466cecf":"f.BADF7F127BB81D4F18EB6077F6D207A4.d.239349E6A4F476B2A88336AB42561BE1.e.2664","ELEMENT":"f.BADF7F127BB81D4F18EB6077F6D207A4.d.239349E6A4F476B2A88336AB42561BE1.e.2664"}]}
COMMAND: POST /session/0eda8290aaf6d9c10b10c8a8e97b99f0/execute/async - {"script":"<script> [1562 bytes]","args":[{"selector":{"id":"RelatedRUsFragmentID--smartTableRUs-header","searchOpenDialogs":true},"wdio_ui5_key":"RelatedRUsFragmentIDsmartTableRUs-header"}]}
COMMAND: GET /session/0eda8290aaf6d9c10b10c8a8e97b99f0/screenshot - {}
RESULT: {}
RESULT: {"script":"<script> [1562 bytes]","args":[{"selector":{"id":"RelatedRUsFragmentID--smartTableRUs-header","searchOpenDialogs":true},"wdio_ui5_key":"RelatedRUsFragmentIDsmartTableRUs-header"}]}
RESULT: undefined
COMMAND: POST /session/0eda8290aaf6d9c10b10c8a8e97b99f0/execute/async - {"script":"<script> [6424 bytes]","args":[{"element-6066-11e4-a52e-4f735466cecf":"f.BADF7F127BB81D4F18EB6077F6D207A4.d.239349E6A4F476B2A88336AB42561BE1.e.2665"},"getText",[]]}
RESULT: {}
RESULT: {"script":"<script> [6424 bytes]","args":[{"element-6066-11e4-a52e-4f735466cecf":"f.BADF7F127BB81D4F18EB6077F6D207A4.d.239349E6A4F476B2A88336AB42561BE1.e.2665"},"getText",[]]}
COMMAND: POST /session/0eda8290aaf6d9c10b10c8a8e97b99f0/element/f.BADF7F127BB81D4F18EB6077F6D207A4.d.239349E6A4F476B2A88336AB42561BE1.e.2664/click - {}
RESULT: {}
COMMAND: GET /session/0eda8290aaf6d9c10b10c8a8e97b99f0/screenshot - {}
RESULT: {}
COMMAND: POST /session/0eda8290aaf6d9c10b10c8a8e97b99f0/element - {"using":"xpath","value":"//*[contains(@data-kt ,\"ContextMenuId2Link\")][contains(text(), \"RU Overview\")]"}
RESULT: {"using":"xpath","value":"//*[contains(@data-kt ,\"ContextMenuId2Link\")][contains(text(), \"RU Overview\")]"}
COMMAND: POST /session/0eda8290aaf6d9c10b10c8a8e97b99f0/execute/sync - {"script":"<script> [8489 bytes]","args":[{"element-6066-11e4-a52e-4f735466cecf":"f.BADF7F127BB81D4F18EB6077F6D207A4.d.239349E6A4F476B2A88336AB42561BE1.e.2667","ELEMENT":"f.BADF7F127BB81D4F18EB6077F6D207A4.d.239349E6A4F476B2A88336AB42561BE1.e.2667"}]}
COMMAND: POST /session/0eda8290aaf6d9c10b10c8a8e97b99f0/element/f.BADF7F127BB81D4F18EB6077F6D207A4.d.239349E6A4F476B2A88336AB42561BE1.e.2667/click - {}
RESULT: {"script":"<script> [8489 bytes]","args":[{"element-6066-11e4-a52e-4f735466cecf":"f.BADF7F127BB81D4F18EB6077F6D207A4.d.239349E6A4F476B2A88336AB42561BE1.e.2667","ELEMENT":"f.BADF7F127BB81D4F18EB6077F6D207A4.d.239349E6A4F476B2A88336AB42561BE1.e.2667"}]}
COMMAND: GET /session/0eda8290aaf6d9c10b10c8a8e97b99f0/screenshot - {}
RESULT: {}
COMMAND: GET /session/0eda8290aaf6d9c10b10c8a8e97b99f0/screenshot - {}
RESULT: {}
RESULT: {}
COMMAND: POST /session/0eda8290aaf6d9c10b10c8a8e97b99f0/execute/async - {"script":"<script> [1562 bytes]","args":[{"selector":{"id":"shellAppTitle"},"wdio_ui5_key":"shellAppTitle"}]}
RESULT: {"script":"<script> [1562 bytes]","args":[{"selector":{"id":"shellAppTitle"},"wdio_ui5_key":"shellAppTitle"}]}
RESULT: undefined
COMMAND: POST /session/0eda8290aaf6d9c10b10c8a8e97b99f0/execute/async - {"script":"<script> [6424 bytes]","args":[{"element-6066-11e4-a52e-4f735466cecf":"f.BADF7F127BB81D4F18EB6077F6D207A4.d.239349E6A4F476B2A88336AB42561BE1.e.2978"},"getTitle",[]]}
RESULT: {"script":"<script> [6424 bytes]","args":[{"element-6066-11e4-a52e-4f735466cecf":"f.BADF7F127BB81D4F18EB6077F6D207A4.d.239349E6A4F476B2A88336AB42561BE1.e.2978"},"getTitle",[]]}
COMMAND: POST /session/0eda8290aaf6d9c10b10c8a8e97b99f0/element - {"using":"xpath","value":"//span[contains(@id ,\"application-manageresources-display-component---detailRU--snappedTitle-inner\")][contains(text(), \"WdIORUEquip1hensg\")]"}
RESULT: {"using":"xpath","value":"//span[contains(@id ,\"application-manageresources-display-component---detailRU--snappedTitle-inner\")][contains(text(), \"WdIORUEquip1hensg\")]"}
COMMAND: POST /session/0eda8290aaf6d9c10b10c8a8e97b99f0/element - {"using":"xpath","value":"//span[contains(@id ,\"application-manageresources-display-component---detailRU--snappedTitle-inner\")][contains(text(), \"WdIORUEquip1hensg\")]"}
COMMAND: POST /session/0eda8290aaf6d9c10b10c8a8e97b99f0/execute/async - {"script":"<script> [1562 bytes]","args":[{"selector":{"id":"backBtn"},"wdio_ui5_key":"backBtn"}]}
RESULT: {"using":"xpath","value":"//span[contains(@id ,\"application-manageresources-display-component---detailRU--snappedTitle-inner\")][contains(text(), \"WdIORUEquip1hensg\")]"}
RESULT: {"script":"<script> [1562 bytes]","args":[{"selector":{"id":"backBtn"},"wdio_ui5_key":"backBtn"}]}
RESULT: undefined
COMMAND: POST /session/0eda8290aaf6d9c10b10c8a8e97b99f0/element - {"using":"xpath","value":"//*[@id=\"backBtn\"]"}
RESULT: {"using":"xpath","value":"//*[@id=\"backBtn\"]"}
COMMAND: POST /session/0eda8290aaf6d9c10b10c8a8e97b99f0/element/f.BADF7F127BB81D4F18EB6077F6D207A4.d.239349E6A4F476B2A88336AB42561BE1.e.2979/click - {}
COMMAND: POST /session/0eda8290aaf6d9c10b10c8a8e97b99f0/element - {"using":"xpath","value":"//span[contains(@id ,\"application-manageresources-display-component---detailRU--snappedTitle-inner\")][contains(text(), \"WdIORUEquip1hensg\")]"}
RESULT: {}
COMMAND: GET /session/0eda8290aaf6d9c10b10c8a8e97b99f0/screenshot - {}
RESULT: {"using":"xpath","value":"//span[contains(@id ,\"application-manageresources-display-component---detailRU--snappedTitle-inner\")][contains(text(), \"WdIORUEquip1hensg\")]"}
RESULT: {}
COMMAND: POST /session/0eda8290aaf6d9c10b10c8a8e97b99f0/element - {"using":"xpath","value":"//span[contains(@id ,\"application-manageresources-display-component---detailRU--snappedTitle-inner\")][contains(text(), \"WdIORUEquip1hensg\")]"}
RESULT: {"using":"xpath","value":"//span[contains(@id ,\"application-manageresources-display-component---detailRU--snappedTitle-inner\")][contains(text(), \"WdIORUEquip1hensg\")]"}
COMMAND: POST /session/0eda8290aaf6d9c10b10c8a8e97b99f0/element - {"using":"xpath","value":"//span[contains(@id ,\"application-manageresources-display-component---detailRU--snappedTitle-inner\")][contains(text(), \"WdIORUEquip1hensg\")]"}
RESULT: {"using":"xpath","value":"//span[contains(@id ,\"application-manageresources-display-component---detailRU--snappedTitle-inner\")][contains(text(), \"WdIORUEquip1hensg\")]"}
COMMAND: POST /session/0eda8290aaf6d9c10b10c8a8e97b99f0/element - {"using":"xpath","value":"//span[contains(@id ,\"application-manageresources-display-component---detailRU--snappedTitle-inner\")][contains(text(), \"WdIORUEquip1hensg\")]"}
RESULT: {"using":"xpath","value":"//span[contains(@id ,\"application-manageresources-display-component---detailRU--snappedTitle-inner\")][contains(text(), \"WdIORUEquip1hensg\")]"}
COMMAND: POST /session/0eda8290aaf6d9c10b10c8a8e97b99f0/element - {"using":"xpath","value":"//span[contains(@id ,\"application-manageresources-display-component---detailRU--snappedTitle-inner\")][contains(text(), \"WdIORUEquip1hensg\")]"}
RESULT: {"using":"xpath","value":"//span[contains(@id ,\"application-manageresources-display-component---detailRU--snappedTitle-inner\")][contains(text(), \"WdIORUEquip1hensg\")]"}
COMMAND: POST /session/0eda8290aaf6d9c10b10c8a8e97b99f0/element - {"using":"xpath","value":"//span[contains(@id ,\"application-manageresources-display-component---detailRU--snappedTitle-inner\")][contains(text(), \"WdIORUEquip1hensg\")]"}
RESULT: {"using":"xpath","value":"//span[contains(@id ,\"application-manageresources-display-component---detailRU--snappedTitle-inner\")][contains(text(), \"WdIORUEquip1hensg\")]"}
COMMAND: POST /session/0eda8290aaf6d9c10b10c8a8e97b99f0/element - {"using":"xpath","value":"//span[contains(@id ,\"application-manageresources-display-component---detailRU--snappedTitle-inner\")][contains(text(), \"WdIORUEquip1hensg\")]"}
RESULT: {"using":"xpath","value":"//span[contains(@id ,\"application-manageresources-display-component---detailRU--snappedTitle-inner\")][contains(text(), \"WdIORUEquip1hensg\")]"}
COMMAND: POST /session/0eda8290aaf6d9c10b10c8a8e97b99f0/element - {"using":"xpath","value":"//span[contains(@id ,\"application-manageresources-display-component---detailRU--snappedTitle-inner\")][contains(text(), \"WdIORUEquip1hensg\")]"}
RESULT: {"using":"xpath","value":"//span[contains(@id ,\"application-manageresources-display-component---detailRU--snappedTitle-inner\")][contains(text(), \"WdIORUEquip1hensg\")]"}
COMMAND: POST /session/0eda8290aaf6d9c10b10c8a8e97b99f0/element - {"using":"xpath","value":"//span[contains(@id ,\"application-manageresources-display-component---detailRU--snappedTitle-inner\")][contains(text(), \"WdIORUEquip1hensg\")]"}
RESULT: {"using":"xpath","value":"//span[contains(@id ,\"application-manageresources-display-component---detailRU--snappedTitle-inner\")][contains(text(), \"WdIORUEquip1hensg\")]"}
COMMAND: POST /session/0eda8290aaf6d9c10b10c8a8e97b99f0/element - {"using":"xpath","value":"//span[contains(@id ,\"application-manageresources-display-component---detailRU--snappedTitle-inner\")][contains(text(), \"WdIORUEquip1hensg\")]"}
RESULT: {"using":"xpath","value":"//span[contains(@id ,\"application-manageresources-display-component---detailRU--snappedTitle-inner\")][contains(text(), \"WdIORUEquip1hensg\")]"}
COMMAND: POST /session/0eda8290aaf6d9c10b10c8a8e97b99f0/element - {"using":"xpath","value":"//span[contains(@id ,\"application-manageresources-display-component---detailRU--snappedTitle-inner\")][contains(text(), \"WdIORUEquip1hensg\")]"}
RESULT: {"using":"xpath","value":"//span[contains(@id ,\"application-manageresources-display-component---detailRU--snappedTitle-inner\")][contains(text(), \"WdIORUEquip1hensg\")]"}
COMMAND: POST /session/0eda8290aaf6d9c10b10c8a8e97b99f0/element - {"using":"xpath","value":"//span[contains(@id ,\"application-manageresources-display-component---detailRU--snappedTitle-inner\")][contains(text(), \"WdIORUEquip1hensg\")]"}
RESULT: {"using":"xpath","value":"//span[contains(@id ,\"application-manageresources-display-component---detailRU--snappedTitle-inner\")][contains(text(), \"WdIORUEquip1hensg\")]"}
COMMAND: POST /session/0eda8290aaf6d9c10b10c8a8e97b99f0/element - {"using":"xpath","value":"//span[contains(@id ,\"application-manageresources-display-component---detailRU--snappedTitle-inner\")][contains(text(), \"WdIORUEquip1hensg\")]"}
RESULT: {"using":"xpath","value":"//span[contains(@id ,\"application-manageresources-display-component---detailRU--snappedTitle-inner\")][contains(text(), \"WdIORUEquip1hensg\")]"}
COMMAND: POST /session/0eda8290aaf6d9c10b10c8a8e97b99f0/element - {"using":"xpath","value":"//span[contains(@id ,\"application-manageresources-display-component---detailRU--snappedTitle-inner\")][contains(text(), \"WdIORUEquip1hensg\")]"}
RESULT: {"using":"xpath","value":"//span[contains(@id ,\"application-manageresources-display-component---detailRU--snappedTitle-inner\")][contains(text(), \"WdIORUEquip1hensg\")]"}
COMMAND: POST /session/0eda8290aaf6d9c10b10c8a8e97b99f0/element - {"using":"xpath","value":"//span[contains(@id ,\"application-manageresources-display-component---detailRU--snappedTitle-inner\")][contains(text(), \"WdIORUEquip1hensg\")]"}
RESULT: {"using":"xpath","value":"//span[contains(@id ,\"application-manageresources-display-component---detailRU--snappedTitle-inner\")][contains(text(), \"WdIORUEquip1hensg\")]"}
COMMAND: POST /session/0eda8290aaf6d9c10b10c8a8e97b99f0/element - {"using":"xpath","value":"//span[contains(@id ,\"application-manageresources-display-component---detailRU--snappedTitle-inner\")][contains(text(), \"WdIORUEquip1hensg\")]"}
RESULT: {"using":"xpath","value":"//span[contains(@id ,\"application-manageresources-display-component---detailRU--snappedTitle-inner\")][contains(text(), \"WdIORUEquip1hensg\")]"}
COMMAND: POST /session/0eda8290aaf6d9c10b10c8a8e97b99f0/element - {"using":"xpath","value":"//span[contains(@id ,\"application-manageresources-display-component---detailRU--snappedTitle-inner\")][contains(text(), \"WdIORUEquip1hensg\")]"}
RESULT: {"using":"xpath","value":"//span[contains(@id ,\"application-manageresources-display-component---detailRU--snappedTitle-inner\")][contains(text(), \"WdIORUEquip1hensg\")]"}
COMMAND: POST /session/0eda8290aaf6d9c10b10c8a8e97b99f0/element - {"using":"xpath","value":"//span[contains(@id ,\"application-manageresources-display-component---detailRU--snappedTitle-inner\")][contains(text(), \"WdIORUEquip1hensg\")]"}
RESULT: {"using":"xpath","value":"//span[contains(@id ,\"application-manageresources-display-component---detailRU--snappedTitle-inner\")][contains(text(), \"WdIORUEquip1hensg\")]"}
COMMAND: POST /session/0eda8290aaf6d9c10b10c8a8e97b99f0/element - {"using":"xpath","value":"//span[contains(@id ,\"application-manageresources-display-component---detailRU--snappedTitle-inner\")][contains(text(), \"WdIORUEquip1hensg\")]"}
RESULT: {"using":"xpath","value":"//span[contains(@id ,\"application-manageresources-display-component---detailRU--snappedTitle-inner\")][contains(text(), \"WdIORUEquip1hensg\")]"}
COMMAND: POST /session/0eda8290aaf6d9c10b10c8a8e97b99f0/element - {"using":"xpath","value":"//span[contains(@id ,\"application-manageresources-display-component---detailRU--snappedTitle-inner\")][contains(text(), \"WdIORUEquip1hensg\")]"}
RESULT: {"using":"xpath","value":"//span[contains(@id ,\"application-manageresources-display-component---detailRU--snappedTitle-inner\")][contains(text(), \"WdIORUEquip1hensg\")]"}
COMMAND: POST /session/0eda8290aaf6d9c10b10c8a8e97b99f0/element - {"using":"xpath","value":"//span[contains(@id ,\"application-manageresources-display-component---detailRU--snappedTitle-inner\")][contains(text(), \"WdIORUEquip1hensg\")]"}
RESULT: {"using":"xpath","value":"//span[contains(@id ,\"application-manageresources-display-component---detailRU--snappedTitle-inner\")][contains(text(), \"WdIORUEquip1hensg\")]"}
COMMAND: POST /session/0eda8290aaf6d9c10b10c8a8e97b99f0/execute/sync - {"script":"<script> [8489 bytes]","args":[{"element-6066-11e4-a52e-4f735466cecf":"f.BADF7F127BB81D4F18EB6077F6D207A4.d.239349E6A4F476B2A88336AB42561BE1.e.2659","ELEMENT":"f.BADF7F127BB81D4F18EB6077F6D207A4.d.239349E6A4F476B2A88336AB42561BE1.e.2659"}]}
COMMAND: POST /session/0eda8290aaf6d9c10b10c8a8e97b99f0/element - {"using":"xpath","value":"//bdi[contains(@id ,\"application-manageresources-display-component---detailRU--openRelatedRus-BDI-content\")]"}
RESULT: {"using":"xpath","value":"//bdi[contains(@id ,\"application-manageresources-display-component---detailRU--openRelatedRus-BDI-content\")]"}
COMMAND: POST /session/0eda8290aaf6d9c10b10c8a8e97b99f0/execute/sync - {"script":"<script> [8489 bytes]","args":[{"element-6066-11e4-a52e-4f735466cecf":"f.BADF7F127BB81D4F18EB6077F6D207A4.d.239349E6A4F476B2A88336AB42561BE1.e.3271","ELEMENT":"f.BADF7F127BB81D4F18EB6077F6D207A4.d.239349E6A4F476B2A88336AB42561BE1.e.3271"}]}
RESULT: {"script":"<script> [8489 bytes]","args":[{"element-6066-11e4-a52e-4f735466cecf":"f.BADF7F127BB81D4F18EB6077F6D207A4.d.239349E6A4F476B2A88336AB42561BE1.e.3271","ELEMENT":"f.BADF7F127BB81D4F18EB6077F6D207A4.d.239349E6A4F476B2A88336AB42561BE1.e.3271"}]}
COMMAND: POST /session/0eda8290aaf6d9c10b10c8a8e97b99f0/execute/sync - {"script":"<script> [5351 bytes]","args":[{"element-6066-11e4-a52e-4f735466cecf":"f.BADF7F127BB81D4F18EB6077F6D207A4.d.239349E6A4F476B2A88336AB42561BE1.e.3271","ELEMENT":"f.BADF7F127BB81D4F18EB6077F6D207A4.d.239349E6A4F476B2A88336AB42561BE1.e.3271"}]}
COMMAND: GET /session/0eda8290aaf6d9c10b10c8a8e97b99f0/screenshot - {}
RESULT: {"script":"<script> [5351 bytes]","args":[{"element-6066-11e4-a52e-4f735466cecf":"f.BADF7F127BB81D4F18EB6077F6D207A4.d.239349E6A4F476B2A88336AB42561BE1.e.3271","ELEMENT":"f.BADF7F127BB81D4F18EB6077F6D207A4.d.239349E6A4F476B2A88336AB42561BE1.e.3271"}]}
COMMAND: POST /session/0eda8290aaf6d9c10b10c8a8e97b99f0/element/f.BADF7F127BB81D4F18EB6077F6D207A4.d.239349E6A4F476B2A88336AB42561BE1.e.3271/click - {}
COMMAND: GET /session/0eda8290aaf6d9c10b10c8a8e97b99f0/screenshot - {}
RESULT: {}
COMMAND: POST /session/0eda8290aaf6d9c10b10c8a8e97b99f0/element - {"using":"xpath","value":"//span[contains(@id ,\"application-manageresources-display-component---detailRU--snappedTitle-inner\")][contains(text(), \"WdIORUEquip1hensg\")]"}
RESULT: {}
COMMAND: GET /session/0eda8290aaf6d9c10b10c8a8e97b99f0/screenshot - {}
RESULT: {}
RESULT: {"using":"xpath","value":"//span[contains(@id ,\"application-manageresources-display-component---detailRU--snappedTitle-inner\")][contains(text(), \"WdIORUEquip1hensg\")]"}
RESULT: {}
COMMAND: POST /session/0eda8290aaf6d9c10b10c8a8e97b99f0/element - {"using":"xpath","value":"//span[contains(@id ,\"application-manageresources-display-component---detailRU--snappedTitle-inner\")][contains(text(), \"WdIORUEquip1hensg\")]"}
RESULT: {"using":"xpath","value":"//span[contains(@id ,\"application-manageresources-display-component---detailRU--snappedTitle-inner\")][contains(text(), \"WdIORUEquip1hensg\")]"}
COMMAND: POST /session/0eda8290aaf6d9c10b10c8a8e97b99f0/element - {"using":"xpath","value":"//span[contains(@id ,\"application-manageresources-display-component---detailRU--snappedTitle-inner\")][contains(text(), \"WdIORUEquip1hensg\")]"}
RESULT: {"using":"xpath","value":"//span[contains(@id ,\"application-manageresources-display-component---detailRU--snappedTitle-inner\")][contains(text(), \"WdIORUEquip1hensg\")]"}
COMMAND: POST /session/0eda8290aaf6d9c10b10c8a8e97b99f0/element - {"using":"xpath","value":"//span[contains(@id ,\"application-manageresources-display-component---detailRU--snappedTitle-inner\")][contains(text(), \"WdIORUEquip1hensg\")]"}
RESULT: {"using":"xpath","value":"//span[contains(@id ,\"application-manageresources-display-component---detailRU--snappedTitle-inner\")][contains(text(), \"WdIORUEquip1hensg\")]"}
COMMAND: POST /session/0eda8290aaf6d9c10b10c8a8e97b99f0/element - {"using":"xpath","value":"//span[contains(@id ,\"application-manageresources-display-component---detailRU--snappedTitle-inner\")][contains(text(), \"WdIORUEquip1hensg\")]"}
RESULT: {"using":"xpath","value":"//span[contains(@id ,\"application-manageresources-display-component---detailRU--snappedTitle-inner\")][contains(text(), \"WdIORUEquip1hensg\")]"}
COMMAND: POST /session/0eda8290aaf6d9c10b10c8a8e97b99f0/element - {"using":"xpath","value":"//span[contains(@id ,\"application-manageresources-display-component---detailRU--snappedTitle-inner\")][contains(text(), \"WdIORUEquip1hensg\")]"}
RESULT: {"using":"xpath","value":"//span[contains(@id ,\"application-manageresources-display-component---detailRU--snappedTitle-inner\")][contains(text(), \"WdIORUEquip1hensg\")]"}
COMMAND: POST /session/0eda8290aaf6d9c10b10c8a8e97b99f0/element - {"using":"xpath","value":"//span[contains(@id ,\"application-manageresources-display-component---detailRU--snappedTitle-inner\")][contains(text(), \"WdIORUEquip1hensg\")]"}
RESULT: {"using":"xpath","value":"//span[contains(@id ,\"application-manageresources-display-component---detailRU--snappedTitle-inner\")][contains(text(), \"WdIORUEquip1hensg\")]"}
COMMAND: POST /session/0eda8290aaf6d9c10b10c8a8e97b99f0/element - {"using":"xpath","value":"//span[contains(@id ,\"application-manageresources-display-component---detailRU--snappedTitle-inner\")][contains(text(), \"WdIORUEquip1hensg\")]"}
RESULT: {"using":"xpath","value":"//span[contains(@id ,\"application-manageresources-display-component---detailRU--snappedTitle-inner\")][contains(text(), \"WdIORUEquip1hensg\")]"}
COMMAND: POST /session/0eda8290aaf6d9c10b10c8a8e97b99f0/execute/sync - {"script":"<script> [8489 bytes]","args":[{"element-6066-11e4-a52e-4f735466cecf":"f.BADF7F127BB81D4F18EB6077F6D207A4.d.239349E6A4F476B2A88336AB42561BE1.e.2664","ELEMENT":"f.BADF7F127BB81D4F18EB6077F6D207A4.d.239349E6A4F476B2A88336AB42561BE1.e.2664"}]}
COMMAND: POST /session/0eda8290aaf6d9c10b10c8a8e97b99f0/element - {"using":"xpath","value":"//*[contains(@data-kt ,\"openRUIdMenuLink\")]"}
RESULT: {"using":"xpath","value":"//*[contains(@data-kt ,\"openRUIdMenuLink\")]"}
COMMAND: POST /session/0eda8290aaf6d9c10b10c8a8e97b99f0/execute/sync - {"script":"<script> [8489 bytes]","args":[{"element-6066-11e4-a52e-4f735466cecf":"f.BADF7F127BB81D4F18EB6077F6D207A4.d.239349E6A4F476B2A88336AB42561BE1.e.3275","ELEMENT":"f.BADF7F127BB81D4F18EB6077F6D207A4.d.239349E6A4F476B2A88336AB42561BE1.e.3275"}]}
RESULT: {"script":"<script> [8489 bytes]","args":[{"element-6066-11e4-a52e-4f735466cecf":"f.BADF7F127BB81D4F18EB6077F6D207A4.d.239349E6A4F476B2A88336AB42561BE1.e.3275","ELEMENT":"f.BADF7F127BB81D4F18EB6077F6D207A4.d.239349E6A4F476B2A88336AB42561BE1.e.3275"}]}
COMMAND: POST /session/0eda8290aaf6d9c10b10c8a8e97b99f0/execute/sync - {"script":"<script> [5351 bytes]","args":[{"element-6066-11e4-a52e-4f735466cecf":"f.BADF7F127BB81D4F18EB6077F6D207A4.d.239349E6A4F476B2A88336AB42561BE1.e.3275","ELEMENT":"f.BADF7F127BB81D4F18EB6077F6D207A4.d.239349E6A4F476B2A88336AB42561BE1.e.3275"}]}
COMMAND: GET /session/0eda8290aaf6d9c10b10c8a8e97b99f0/screenshot - {}
RESULT: {"script":"<script> [5351 bytes]","args":[{"element-6066-11e4-a52e-4f735466cecf":"f.BADF7F127BB81D4F18EB6077F6D207A4.d.239349E6A4F476B2A88336AB42561BE1.e.3275","ELEMENT":"f.BADF7F127BB81D4F18EB6077F6D207A4.d.239349E6A4F476B2A88336AB42561BE1.e.3275"}]}
COMMAND: POST /session/0eda8290aaf6d9c10b10c8a8e97b99f0/element/f.BADF7F127BB81D4F18EB6077F6D207A4.d.239349E6A4F476B2A88336AB42561BE1.e.3275/click - {}
COMMAND: GET /session/0eda8290aaf6d9c10b10c8a8e97b99f0/screenshot - {}
RESULT: {}
COMMAND: POST /session/0eda8290aaf6d9c10b10c8a8e97b99f0/element - {"using":"xpath","value":"//span[contains(@id ,\"application-manageresources-display-component---detailRU--snappedTitle-inner\")][contains(text(), \"WdIORUEquip1hensg\")]"}
RESULT: {}
COMMAND: GET /session/0eda8290aaf6d9c10b10c8a8e97b99f0/screenshot - {}
RESULT: {}
RESULT: {"using":"xpath","value":"//span[contains(@id ,\"application-manageresources-display-component---detailRU--snappedTitle-inner\")][contains(text(), \"WdIORUEquip1hensg\")]"}
RESULT: {}
COMMAND: POST /session/0eda8290aaf6d9c10b10c8a8e97b99f0/element - {"using":"xpath","value":"//span[contains(@id ,\"application-manageresources-display-component---detailRU--snappedTitle-inner\")][contains(text(), \"WdIORUEquip1hensg\")]"}
RESULT: {"using":"xpath","value":"//span[contains(@id ,\"application-manageresources-display-component---detailRU--snappedTitle-inner\")][contains(text(), \"WdIORUEquip1hensg\")]"}
COMMAND: POST /session/0eda8290aaf6d9c10b10c8a8e97b99f0/element - {"using":"xpath","value":"//span[contains(@id ,\"application-manageresources-display-component---detailRU--snappedTitle-inner\")][contains(text(), \"WdIORUEquip1hensg\")]"}
RESULT: {"using":"xpath","value":"//span[contains(@id ,\"application-manageresources-display-component---detailRU--snappedTitle-inner\")][contains(text(), \"WdIORUEquip1hensg\")]"}
COMMAND: POST /session/0eda8290aaf6d9c10b10c8a8e97b99f0/element - {"using":"xpath","value":"//span[contains(@id ,\"application-manageresources-display-component---detailRU--snappedTitle-inner\")][contains(text(), \"WdIORUEquip1hensg\")]"}
RESULT: {"using":"xpath","value":"//span[contains(@id ,\"application-manageresources-display-component---detailRU--snappedTitle-inner\")][contains(text(), \"WdIORUEquip1hensg\")]"}
COMMAND: POST /session/0eda8290aaf6d9c10b10c8a8e97b99f0/element - {"using":"xpath","value":"//button[contains(@data-kt ,\"ContextMenuExternalId2Link\")]"}
RESULT: {"using":"xpath","value":"//button[contains(@data-kt ,\"ContextMenuExternalId2Link\")]"}
COMMAND: POST /session/0eda8290aaf6d9c10b10c8a8e97b99f0/element/f.BADF7F127BB81D4F18EB6077F6D207A4.d.239349E6A4F476B2A88336AB42561BE1.e.3276/click - {}
RESULT: {}
COMMAND: GET /session/0eda8290aaf6d9c10b10c8a8e97b99f0/screenshot - {}
COMMAND: POST /session/0eda8290aaf6d9c10b10c8a8e97b99f0/element - {"using":"xpath","value":"//span[contains(@id ,\"application-manageresources-display-component---detailRU--snappedTitle-inner\")][contains(text(), \"WdIORUEquip1hensg\")]"}
RESULT: {}
RESULT: {"using":"xpath","value":"//span[contains(@id ,\"application-manageresources-display-component---detailRU--snappedTitle-inner\")][contains(text(), \"WdIORUEquip1hensg\")]"}
COMMAND: POST /session/0eda8290aaf6d9c10b10c8a8e97b99f0/element - {"using":"xpath","value":"//span[contains(@id ,\"application-manageresources-display-component---detailRU--snappedTitle-inner\")][contains(text(), \"WdIORUEquip1hensg\")]"}
RESULT: {"using":"xpath","value":"//span[contains(@id ,\"application-manageresources-display-component---detailRU--snappedTitle-inner\")][contains(text(), \"WdIORUEquip1hensg\")]"}
COMMAND: POST /session/0eda8290aaf6d9c10b10c8a8e97b99f0/element - {"using":"xpath","value":"//span[contains(@id ,\"application-manageresources-display-component---detailRU--snappedTitle-inner\")][contains(text(), \"WdIORUEquip1hensg\")]"}
RESULT: {"using":"xpath","value":"//span[contains(@id ,\"application-manageresources-display-component---detailRU--snappedTitle-inner\")][contains(text(), \"WdIORUEquip1hensg\")]"}
COMMAND: POST /session/0eda8290aaf6d9c10b10c8a8e97b99f0/element - {"using":"xpath","value":"//span[contains(@id ,\"application-manageresources-display-component---detailRU--snappedTitle-inner\")][contains(text(), \"WdIORUEquip1hensg\")]"}
RESULT: {"using":"xpath","value":"//span[contains(@id ,\"application-manageresources-display-component---detailRU--snappedTitle-inner\")][contains(text(), \"WdIORUEquip1hensg\")]"}
COMMAND: POST /session/0eda8290aaf6d9c10b10c8a8e97b99f0/element - {"using":"xpath","value":"//span[contains(@id ,\"application-manageresources-display-component---detailRU--snappedTitle-inner\")][contains(text(), \"WdIORUEquip1hensg\")]"}
RESULT: {"using":"xpath","value":"//span[contains(@id ,\"application-manageresources-display-component---detailRU--snappedTitle-inner\")][contains(text(), \"WdIORUEquip1hensg\")]"}
COMMAND: POST /session/0eda8290aaf6d9c10b10c8a8e97b99f0/element - {"using":"xpath","value":"//span[contains(@id ,\"application-manageresources-display-component---detailRU--snappedTitle-inner\")][contains(text(), \"WdIORUEquip1hensg\")]"}
RESULT: {"using":"xpath","value":"//span[contains(@id ,\"application-manageresources-display-component---detailRU--snappedTitle-inner\")][contains(text(), \"WdIORUEquip1hensg\")]"}
COMMAND: POST /session/0eda8290aaf6d9c10b10c8a8e97b99f0/element - {"using":"xpath","value":"//span[contains(@id ,\"application-manageresources-display-component---detailRU--snappedTitle-inner\")][contains(text(), \"WdIORUEquip1hensg\")]"}
RESULT: {"using":"xpath","value":"//span[contains(@id ,\"application-manageresources-display-component---detailRU--snappedTitle-inner\")][contains(text(), \"WdIORUEquip1hensg\")]"}
COMMAND: POST /session/0eda8290aaf6d9c10b10c8a8e97b99f0/element - {"using":"xpath","value":"//span[contains(@id ,\"application-manageresources-display-component---detailRU--snappedTitle-inner\")][contains(text(), \"WdIORUEquip1hensg\")]"}
RESULT: {"using":"xpath","value":"//span[contains(@id ,\"application-manageresources-display-component---detailRU--snappedTitle-inner\")][contains(text(), \"WdIORUEquip1hensg\")]"}
COMMAND: POST /session/0eda8290aaf6d9c10b10c8a8e97b99f0/element - {"using":"xpath","value":"//span[contains(@id ,\"application-manageresources-display-component---detailRU--snappedTitle-inner\")][contains(text(), \"WdIORUEquip1hensg\")]"}
RESULT: {"using":"xpath","value":"//span[contains(@id ,\"application-manageresources-display-component---detailRU--snappedTitle-inner\")][contains(text(), \"WdIORUEquip1hensg\")]"}
COMMAND: POST /session/0eda8290aaf6d9c10b10c8a8e97b99f0/element - {"using":"xpath","value":"//span[contains(@id ,\"application-manageresources-display-component---detailRU--snappedTitle-inner\")][contains(text(), \"WdIORUEquip1hensg\")]"}
RESULT: {"using":"xpath","value":"//span[contains(@id ,\"application-manageresources-display-component---detailRU--snappedTitle-inner\")][contains(text(), \"WdIORUEquip1hensg\")]"}
COMMAND: POST /session/0eda8290aaf6d9c10b10c8a8e97b99f0/element - {"using":"xpath","value":"//span[contains(@id ,\"application-manageresources-display-component---detailRU--snappedTitle-inner\")][contains(text(), \"WdIORUEquip1hensg\")]"}
RESULT: {"using":"xpath","value":"//span[contains(@id ,\"application-manageresources-display-component---detailRU--snappedTitle-inner\")][contains(text(), \"WdIORUEquip1hensg\")]"}
COMMAND: GET /session/0eda8290aaf6d9c10b10c8a8e97b99f0/window/handles - {}
RESULT: {}
COMMAND: POST /session/0eda8290aaf6d9c10b10c8a8e97b99f0/window - {"handle":"D78808E44CEDBCB6960581397C8B0DAA"}
RESULT: {"handle":"D78808E44CEDBCB6960581397C8B0DAA"}
COMMAND: GET /session/0eda8290aaf6d9c10b10c8a8e97b99f0/url - {}
COMMAND: POST /session/0eda8290aaf6d9c10b10c8a8e97b99f0/element - {"using":"xpath","value":"//span[contains(@id ,\"application-manageresources-display-component---detailRU--snappedTitle-inner\")][contains(text(), \"WdIORUEquip1hensg\")]"}
RESULT: {}
COMMAND: GET /session/0eda8290aaf6d9c10b10c8a8e97b99f0/screenshot - {}
RESULT: {"using":"xpath","value":"//span[contains(@id ,\"application-manageresources-display-component---detailRU--snappedTitle-inner\")][contains(text(), \"WdIORUEquip1hensg\")]"}
RESULT: {}
COMMAND: POST /session/0eda8290aaf6d9c10b10c8a8e97b99f0/element - {"using":"xpath","value":"//span[contains(@id ,\"application-manageresources-display-component---detailRU--snappedTitle-inner\")][contains(text(), \"WdIORUEquip1hensg\")]"}
RESULT: {"using":"xpath","value":"//span[contains(@id ,\"application-manageresources-display-component---detailRU--snappedTitle-inner\")][contains(text(), \"WdIORUEquip1hensg\")]"}
COMMAND: POST /session/0eda8290aaf6d9c10b10c8a8e97b99f0/element - {"using":"xpath","value":"//span[contains(@id ,\"application-manageresources-display-component---detailRU--snappedTitle-inner\")][contains(text(), \"WdIORUEquip1hensg\")]"}
RESULT: {"using":"xpath","value":"//span[contains(@id ,\"application-manageresources-display-component---detailRU--snappedTitle-inner\")][contains(text(), \"WdIORUEquip1hensg\")]"}
COMMAND: POST /session/0eda8290aaf6d9c10b10c8a8e97b99f0/element - {"using":"xpath","value":"//span[contains(@id ,\"application-manageresources-display-component---detailRU--snappedTitle-inner\")][contains(text(), \"WdIORUEquip1hensg\")]"}
RESULT: {"using":"xpath","value":"//span[contains(@id ,\"application-manageresources-display-component---detailRU--snappedTitle-inner\")][contains(text(), \"WdIORUEquip1hensg\")]"}
COMMAND: POST /session/0eda8290aaf6d9c10b10c8a8e97b99f0/element - {"using":"xpath","value":"//span[contains(@id ,\"application-manageresources-display-component---detailRU--snappedTitle-inner\")][contains(text(), \"WdIORUEquip1hensg\")]"}
RESULT: {"using":"xpath","value":"//span[contains(@id ,\"application-manageresources-display-component---detailRU--snappedTitle-inner\")][contains(text(), \"WdIORUEquip1hensg\")]"}
COMMAND: POST /session/0eda8290aaf6d9c10b10c8a8e97b99f0/element - {"using":"xpath","value":"//span[contains(@id ,\"application-manageresources-display-component---detailRU--snappedTitle-inner\")][contains(text(), \"WdIORUEquip1hensg\")]"}
RESULT: {"using":"xpath","value":"//span[contains(@id ,\"application-manageresources-display-component---detailRU--snappedTitle-inner\")][contains(text(), \"WdIORUEquip1hensg\")]"}
COMMAND: POST /session/0eda8290aaf6d9c10b10c8a8e97b99f0/element - {"using":"xpath","value":"//span[contains(@id ,\"application-manageresources-display-component---detailRU--snappedTitle-inner\")][contains(text(), \"WdIORUEquip1hensg\")]"}
RESULT: {"using":"xpath","value":"//span[contains(@id ,\"application-manageresources-display-component---detailRU--snappedTitle-inner\")][contains(text(), \"WdIORUEquip1hensg\")]"}
COMMAND: POST /session/0eda8290aaf6d9c10b10c8a8e97b99f0/element - {"using":"xpath","value":"//span[contains(@id ,\"application-manageresources-display-component---detailRU--snappedTitle-inner\")][contains(text(), \"WdIORUEquip1hensg\")]"}
RESULT: {"using":"xpath","value":"//span[contains(@id ,\"application-manageresources-display-component---detailRU--snappedTitle-inner\")][contains(text(), \"WdIORUEquip1hensg\")]"}
COMMAND: POST /session/0eda8290aaf6d9c10b10c8a8e97b99f0/element - {"using":"xpath","value":"//span[contains(@id ,\"application-manageresources-display-component---detailRU--snappedTitle-inner\")][contains(text(), \"WdIORUEquip1hensg\")]"}
RESULT: {"using":"xpath","value":"//span[contains(@id ,\"application-manageresources-display-component---detailRU--snappedTitle-inner\")][contains(text(), \"WdIORUEquip1hensg\")]"}
COMMAND: POST /session/0eda8290aaf6d9c10b10c8a8e97b99f0/element - {"using":"xpath","value":"//span[contains(@id ,\"application-manageresources-display-component---detailRU--snappedTitle-inner\")][contains(text(), \"WdIORUEquip1hensg\")]"}
COMMAND: DELETE /session/0eda8290aaf6d9c10b10c8a8e97b99f0/window - {}
COMMAND: POST /session/0eda8290aaf6d9c10b10c8a8e97b99f0/element - {"using":"xpath","value":"//span[contains(@id ,\"application-manageresources-display-component---detailRU--snappedTitle-inner\")][contains(text(), \"WdIORUEquip1hensg\")]"}
RESULT: {}
COMMAND: POST /session/0eda8290aaf6d9c10b10c8a8e97b99f0/window - {"handle":"BADF7F127BB81D4F18EB6077F6D207A4"}
RESULT: {"handle":"BADF7F127BB81D4F18EB6077F6D207A4"}
COMMAND: GET /session/0eda8290aaf6d9c10b10c8a8e97b99f0/url - {}
RESULT: {"using":"xpath","value":"//span[contains(@id ,\"application-manageresources-display-component---detailRU--snappedTitle-inner\")][contains(text(), \"WdIORUEquip1hensg\")]"}
RESULT: {"using":"xpath","value":"//span[contains(@id ,\"application-manageresources-display-component---detailRU--snappedTitle-inner\")][contains(text(), \"WdIORUEquip1hensg\")]"}
RESULT: {}
COMMAND: GET /session/0eda8290aaf6d9c10b10c8a8e97b99f0/screenshot - {}
COMMAND: POST /session/0eda8290aaf6d9c10b10c8a8e97b99f0/element - {"using":"xpath","value":"//span[contains(@id ,\"application-manageresources-display-component---detailRU--snappedTitle-inner\")][contains(text(), \"WdIORUEquip1hensg\")]"}
COMMAND: POST /session/0eda8290aaf6d9c10b10c8a8e97b99f0/element - {"using":"xpath","value":"//span[contains(@id ,\"application-manageresources-display-component---detailRU--snappedTitle-inner\")][contains(text(), \"WdIORUEquip1hensg\")]"}
RESULT: {}
RESULT: {"using":"xpath","value":"//span[contains(@id ,\"application-manageresources-display-component---detailRU--snappedTitle-inner\")][contains(text(), \"WdIORUEquip1hensg\")]"}
RESULT: {"using":"xpath","value":"//span[contains(@id ,\"application-manageresources-display-component---detailRU--snappedTitle-inner\")][contains(text(), \"WdIORUEquip1hensg\")]"}
COMMAND: POST /session/0eda8290aaf6d9c10b10c8a8e97b99f0/element - {"using":"xpath","value":"//span[contains(@id ,\"application-manageresources-display-component---detailRU--snappedTitle-inner\")][contains(text(), \"WdIORUEquip1hensg\")]"}
COMMAND: POST /session/0eda8290aaf6d9c10b10c8a8e97b99f0/element - {"using":"xpath","value":"//span[contains(@id ,\"application-manageresources-display-component---detailRU--snappedTitle-inner\")][contains(text(), \"WdIORUEquip1hensg\")]"}
RESULT: {"using":"xpath","value":"//span[contains(@id ,\"application-manageresources-display-component---detailRU--snappedTitle-inner\")][contains(text(), \"WdIORUEquip1hensg\")]"}
RESULT: {"using":"xpath","value":"//span[contains(@id ,\"application-manageresources-display-component---detailRU--snappedTitle-inner\")][contains(text(), \"WdIORUEquip1hensg\")]"}
COMMAND: POST /session/0eda8290aaf6d9c10b10c8a8e97b99f0/element - {"using":"xpath","value":"//span[contains(@id ,\"application-manageresources-display-component---detailRU--snappedTitle-inner\")][contains(text(), \"WdIORUEquip1hensg\")]"}
COMMAND: POST /session/0eda8290aaf6d9c10b10c8a8e97b99f0/element - {"using":"xpath","value":"//span[contains(@id ,\"application-manageresources-display-component---detailRU--snappedTitle-inner\")][contains(text(), \"WdIORUEquip1hensg\")]"}
RESULT: {"using":"xpath","value":"//span[contains(@id ,\"application-manageresources-display-component---detailRU--snappedTitle-inner\")][contains(text(), \"WdIORUEquip1hensg\")]"}
RESULT: {"using":"xpath","value":"//span[contains(@id ,\"application-manageresources-display-component---detailRU--snappedTitle-inner\")][contains(text(), \"WdIORUEquip1hensg\")]"}
COMMAND: POST /session/0eda8290aaf6d9c10b10c8a8e97b99f0/element - {"using":"xpath","value":"//span[contains(@id ,\"application-manageresources-display-component---detailRU--snappedTitle-inner\")][contains(text(), \"WdIORUEquip1hensg\")]"}
RESULT: {"using":"xpath","value":"//span[contains(@id ,\"application-manageresources-display-component---detailRU--snappedTitle-inner\")][contains(text(), \"WdIORUEquip1hensg\")]"}
COMMAND: POST /session/0eda8290aaf6d9c10b10c8a8e97b99f0/element - {"using":"xpath","value":"//span[contains(@id ,\"application-manageresources-display-component---detailRU--snappedTitle-inner\")][contains(text(), \"WdIORUEquip1hensg\")]"}
RESULT: {"using":"xpath","value":"//span[contains(@id ,\"application-manageresources-display-component---detailRU--snappedTitle-inner\")][contains(text(), \"WdIORUEquip1hensg\")]"}
COMMAND: POST /session/0eda8290aaf6d9c10b10c8a8e97b99f0/element - {"using":"xpath","value":"//span[contains(@id ,\"application-manageresources-display-component---detailRU--snappedTitle-inner\")][contains(text(), \"WdIORUEquip1hensg\")]"}
RESULT: {"using":"xpath","value":"//span[contains(@id ,\"application-manageresources-display-component---detailRU--snappedTitle-inner\")][contains(text(), \"WdIORUEquip1hensg\")]"}
COMMAND: POST /session/0eda8290aaf6d9c10b10c8a8e97b99f0/element - {"using":"xpath","value":"//span[contains(@id ,\"application-manageresources-display-component---detailRU--snappedTitle-inner\")][contains(text(), \"WdIORUEquip1hensg\")]"}
RESULT: {"using":"xpath","value":"//span[contains(@id ,\"application-manageresources-display-component---detailRU--snappedTitle-inner\")][contains(text(), \"WdIORUEquip1hensg\")]"}
COMMAND: POST /session/0eda8290aaf6d9c10b10c8a8e97b99f0/element - {"using":"xpath","value":"//span[contains(@id ,\"application-manageresources-display-component---detailRU--snappedTitle-inner\")][contains(text(), \"WdIORUEquip1hensg\")]"}
COMMAND: POST /session/0eda8290aaf6d9c10b10c8a8e97b99f0/element - {"using":"xpath","value":"//span[contains(@id ,\"application-manageresources-display-component---detailRU--snappedTitle-inner\")][contains(text(), \"WdIORUEquip1hensg\")]"}
RESULT: {"using":"xpath","value":"//span[contains(@id ,\"application-manageresources-display-component---detailRU--snappedTitle-inner\")][contains(text(), \"WdIORUEquip1hensg\")]"}
RESULT: {"using":"xpath","value":"//span[contains(@id ,\"application-manageresources-display-component---detailRU--snappedTitle-inner\")][contains(text(), \"WdIORUEquip1hensg\")]"}
COMMAND: POST /session/0eda8290aaf6d9c10b10c8a8e97b99f0/element - {"using":"xpath","value":"//span[contains(@id ,\"application-manageresources-display-component---detailRU--snappedTitle-inner\")][contains(text(), \"WdIORUEquip1hensg\")]"}
COMMAND: POST /session/0eda8290aaf6d9c10b10c8a8e97b99f0/element - {"using":"xpath","value":"//span[contains(@id ,\"application-manageresources-display-component---detailRU--snappedTitle-inner\")][contains(text(), \"WdIORUEquip1hensg\")]"}
RESULT: {"using":"xpath","value":"//span[contains(@id ,\"application-manageresources-display-component---detailRU--snappedTitle-inner\")][contains(text(), \"WdIORUEquip1hensg\")]"}
RESULT: {"using":"xpath","value":"//span[contains(@id ,\"application-manageresources-display-component---detailRU--snappedTitle-inner\")][contains(text(), \"WdIORUEquip1hensg\")]"}
COMMAND: POST /session/0eda8290aaf6d9c10b10c8a8e97b99f0/element - {"using":"xpath","value":"//span[contains(@id ,\"application-manageresources-display-component---detailRU--snappedTitle-inner\")][contains(text(), \"WdIORUEquip1hensg\")]"}
COMMAND: POST /session/0eda8290aaf6d9c10b10c8a8e97b99f0/element - {"using":"xpath","value":"//span[contains(@id ,\"application-manageresources-display-component---detailRU--snappedTitle-inner\")][contains(text(), \"WdIORUEquip1hensg\")]"}
RESULT: {"using":"xpath","value":"//span[contains(@id ,\"application-manageresources-display-component---detailRU--snappedTitle-inner\")][contains(text(), \"WdIORUEquip1hensg\")]"}
RESULT: {"using":"xpath","value":"//span[contains(@id ,\"application-manageresources-display-component---detailRU--snappedTitle-inner\")][contains(text(), \"WdIORUEquip1hensg\")]"}
COMMAND: POST /session/0eda8290aaf6d9c10b10c8a8e97b99f0/element - {"using":"xpath","value":"//span[contains(@id ,\"application-manageresources-display-component---detailRU--snappedTitle-inner\")][contains(text(), \"WdIORUEquip1hensg\")]"}
COMMAND: POST /session/0eda8290aaf6d9c10b10c8a8e97b99f0/element - {"using":"xpath","value":"//span[contains(@id ,\"application-manageresources-display-component---detailRU--snappedTitle-inner\")][contains(text(), \"WdIORUEquip1hensg\")]"}
RESULT: {"using":"xpath","value":"//span[contains(@id ,\"application-manageresources-display-component---detailRU--snappedTitle-inner\")][contains(text(), \"WdIORUEquip1hensg\")]"}
RESULT: {"using":"xpath","value":"//span[contains(@id ,\"application-manageresources-display-component---detailRU--snappedTitle-inner\")][contains(text(), \"WdIORUEquip1hensg\")]"}
]]></system-out>
    </testcase>
    <testcase classname="chrome.137_0_7151_56.windows.Related_resources_for_groups_US139107" name="Should verify the current location hyperlinks in related resources" time="167.294">
      <system-out><![CDATA[
COMMAND: POST /session/0eda8290aaf6d9c10b10c8a8e97b99f0/element - {"using":"xpath","value":"//*[contains(@data-kt ,\"openLocationActionMenuLink\")]"}
RESULT: {"using":"xpath","value":"//*[contains(@data-kt ,\"openLocationActionMenuLink\")]"}
COMMAND: POST /session/0eda8290aaf6d9c10b10c8a8e97b99f0/execute/sync - {"script":"<script> [8489 bytes]","args":[{"element-6066-11e4-a52e-4f735466cecf":"f.BADF7F127BB81D4F18EB6077F6D207A4.d.239349E6A4F476B2A88336AB42561BE1.e.3555","ELEMENT":"f.BADF7F127BB81D4F18EB6077F6D207A4.d.239349E6A4F476B2A88336AB42561BE1.e.3555"}]}
RESULT: {"script":"<script> [8489 bytes]","args":[{"element-6066-11e4-a52e-4f735466cecf":"f.BADF7F127BB81D4F18EB6077F6D207A4.d.239349E6A4F476B2A88336AB42561BE1.e.3555","ELEMENT":"f.BADF7F127BB81D4F18EB6077F6D207A4.d.239349E6A4F476B2A88336AB42561BE1.e.3555"}]}
COMMAND: POST /session/0eda8290aaf6d9c10b10c8a8e97b99f0/execute/sync - {"script":"<script> [5351 bytes]","args":[{"element-6066-11e4-a52e-4f735466cecf":"f.BADF7F127BB81D4F18EB6077F6D207A4.d.239349E6A4F476B2A88336AB42561BE1.e.3555","ELEMENT":"f.BADF7F127BB81D4F18EB6077F6D207A4.d.239349E6A4F476B2A88336AB42561BE1.e.3555"}]}
COMMAND: GET /session/0eda8290aaf6d9c10b10c8a8e97b99f0/screenshot - {}
RESULT: {"script":"<script> [5351 bytes]","args":[{"element-6066-11e4-a52e-4f735466cecf":"f.BADF7F127BB81D4F18EB6077F6D207A4.d.239349E6A4F476B2A88336AB42561BE1.e.3555","ELEMENT":"f.BADF7F127BB81D4F18EB6077F6D207A4.d.239349E6A4F476B2A88336AB42561BE1.e.3555"}]}
COMMAND: POST /session/0eda8290aaf6d9c10b10c8a8e97b99f0/element/f.BADF7F127BB81D4F18EB6077F6D207A4.d.239349E6A4F476B2A88336AB42561BE1.e.3555/click - {}
COMMAND: GET /session/0eda8290aaf6d9c10b10c8a8e97b99f0/screenshot - {}
COMMAND: POST /session/0eda8290aaf6d9c10b10c8a8e97b99f0/element - {"using":"xpath","value":"//span[contains(@id ,\"application-manageresources-display-component---detailRU--snappedTitle-inner\")][contains(text(), \"WdIORUEquip1hensg\")]"}
COMMAND: POST /session/0eda8290aaf6d9c10b10c8a8e97b99f0/element - {"using":"xpath","value":"//span[contains(@id ,\"application-manageresources-display-component---detailRU--snappedTitle-inner\")][contains(text(), \"WdIORUEquip1hensg\")]"}
RESULT: {}
RESULT: {}
COMMAND: GET /session/0eda8290aaf6d9c10b10c8a8e97b99f0/screenshot - {}
RESULT: {}
RESULT: {"using":"xpath","value":"//span[contains(@id ,\"application-manageresources-display-component---detailRU--snappedTitle-inner\")][contains(text(), \"WdIORUEquip1hensg\")]"}
RESULT: {"using":"xpath","value":"//span[contains(@id ,\"application-manageresources-display-component---detailRU--snappedTitle-inner\")][contains(text(), \"WdIORUEquip1hensg\")]"}
RESULT: {}
COMMAND: POST /session/0eda8290aaf6d9c10b10c8a8e97b99f0/element - {"using":"xpath","value":"//span[contains(@id ,\"application-manageresources-display-component---detailRU--snappedTitle-inner\")][contains(text(), \"WdIORUEquip1hensg\")]"}
COMMAND: POST /session/0eda8290aaf6d9c10b10c8a8e97b99f0/element - {"using":"xpath","value":"//span[contains(@id ,\"application-manageresources-display-component---detailRU--snappedTitle-inner\")][contains(text(), \"WdIORUEquip1hensg\")]"}
RESULT: {"using":"xpath","value":"//span[contains(@id ,\"application-manageresources-display-component---detailRU--snappedTitle-inner\")][contains(text(), \"WdIORUEquip1hensg\")]"}
RESULT: {"using":"xpath","value":"//span[contains(@id ,\"application-manageresources-display-component---detailRU--snappedTitle-inner\")][contains(text(), \"WdIORUEquip1hensg\")]"}
COMMAND: POST /session/0eda8290aaf6d9c10b10c8a8e97b99f0/element - {"using":"xpath","value":"//span[contains(@id ,\"application-manageresources-display-component---detailRU--snappedTitle-inner\")][contains(text(), \"WdIORUEquip1hensg\")]"}
RESULT: {"using":"xpath","value":"//span[contains(@id ,\"application-manageresources-display-component---detailRU--snappedTitle-inner\")][contains(text(), \"WdIORUEquip1hensg\")]"}
COMMAND: POST /session/0eda8290aaf6d9c10b10c8a8e97b99f0/element - {"using":"xpath","value":"//span[contains(@id ,\"application-manageresources-display-component---detailRU--snappedTitle-inner\")][contains(text(), \"WdIORUEquip1hensg\")]"}
RESULT: {"using":"xpath","value":"//span[contains(@id ,\"application-manageresources-display-component---detailRU--snappedTitle-inner\")][contains(text(), \"WdIORUEquip1hensg\")]"}
COMMAND: POST /session/0eda8290aaf6d9c10b10c8a8e97b99f0/element - {"using":"xpath","value":"//span[contains(@id ,\"application-manageresources-display-component---detailRU--snappedTitle-inner\")][contains(text(), \"WdIORUEquip1hensg\")]"}
RESULT: {"using":"xpath","value":"//span[contains(@id ,\"application-manageresources-display-component---detailRU--snappedTitle-inner\")][contains(text(), \"WdIORUEquip1hensg\")]"}
COMMAND: POST /session/0eda8290aaf6d9c10b10c8a8e97b99f0/element - {"using":"xpath","value":"//span[contains(@id ,\"application-manageresources-display-component---detailRU--snappedTitle-inner\")][contains(text(), \"WdIORUEquip1hensg\")]"}
RESULT: {"using":"xpath","value":"//span[contains(@id ,\"application-manageresources-display-component---detailRU--snappedTitle-inner\")][contains(text(), \"WdIORUEquip1hensg\")]"}
COMMAND: POST /session/0eda8290aaf6d9c10b10c8a8e97b99f0/element - {"using":"xpath","value":"//a[contains(@class ,\"sapMLnk sapMLnkMaxWidth sapUiTinyMarginTop\")][contains(text(), \"Yard Overview\")]"}
RESULT: {"using":"xpath","value":"//a[contains(@class ,\"sapMLnk sapMLnkMaxWidth sapUiTinyMarginTop\")][contains(text(), \"Yard Overview\")]"}
COMMAND: POST /session/0eda8290aaf6d9c10b10c8a8e97b99f0/execute/sync - {"script":"<script> [8489 bytes]","args":[{"element-6066-11e4-a52e-4f735466cecf":"f.BADF7F127BB81D4F18EB6077F6D207A4.d.239349E6A4F476B2A88336AB42561BE1.e.3557","ELEMENT":"f.BADF7F127BB81D4F18EB6077F6D207A4.d.239349E6A4F476B2A88336AB42561BE1.e.3557"}]}
COMMAND: POST /session/0eda8290aaf6d9c10b10c8a8e97b99f0/element - {"using":"xpath","value":"//a[contains(@class ,\"sapMLnk sapMLnkMaxWidth sapUiTinyMarginTop\")][contains(text(), \"Yard Address\")]"}
RESULT: {"script":"<script> [8489 bytes]","args":[{"element-6066-11e4-a52e-4f735466cecf":"f.BADF7F127BB81D4F18EB6077F6D207A4.d.239349E6A4F476B2A88336AB42561BE1.e.3557","ELEMENT":"f.BADF7F127BB81D4F18EB6077F6D207A4.d.239349E6A4F476B2A88336AB42561BE1.e.3557"}]}
COMMAND: GET /session/0eda8290aaf6d9c10b10c8a8e97b99f0/screenshot - {}
RESULT: {"using":"xpath","value":"//a[contains(@class ,\"sapMLnk sapMLnkMaxWidth sapUiTinyMarginTop\")][contains(text(), \"Yard Address\")]"}
COMMAND: POST /session/0eda8290aaf6d9c10b10c8a8e97b99f0/execute/sync - {"script":"<script> [8489 bytes]","args":[{"element-6066-11e4-a52e-4f735466cecf":"f.BADF7F127BB81D4F18EB6077F6D207A4.d.239349E6A4F476B2A88336AB42561BE1.e.3558","ELEMENT":"f.BADF7F127BB81D4F18EB6077F6D207A4.d.239349E6A4F476B2A88336AB42561BE1.e.3558"}]}
COMMAND: POST /session/0eda8290aaf6d9c10b10c8a8e97b99f0/element/f.BADF7F127BB81D4F18EB6077F6D207A4.d.239349E6A4F476B2A88336AB42561BE1.e.3557/click - {}
RESULT: {}
COMMAND: POST /session/0eda8290aaf6d9c10b10c8a8e97b99f0/element - {"using":"xpath","value":"//span[contains(@id ,\"application-manageresources-display-component---detailRU--snappedTitle-inner\")][contains(text(), \"WdIORUEquip1hensg\")]"}
COMMAND: POST /session/0eda8290aaf6d9c10b10c8a8e97b99f0/element - {"using":"xpath","value":"//span[contains(@id ,\"application-manageresources-display-component---detailRU--snappedTitle-inner\")][contains(text(), \"WdIORUEquip1hensg\")]"}
RESULT: {}
RESULT: {"script":"<script> [8489 bytes]","args":[{"element-6066-11e4-a52e-4f735466cecf":"f.BADF7F127BB81D4F18EB6077F6D207A4.d.239349E6A4F476B2A88336AB42561BE1.e.3558","ELEMENT":"f.BADF7F127BB81D4F18EB6077F6D207A4.d.239349E6A4F476B2A88336AB42561BE1.e.3558"}]}
COMMAND: GET /session/0eda8290aaf6d9c10b10c8a8e97b99f0/screenshot - {}
COMMAND: GET /session/0eda8290aaf6d9c10b10c8a8e97b99f0/screenshot - {}
RESULT: {"using":"xpath","value":"//span[contains(@id ,\"application-manageresources-display-component---detailRU--snappedTitle-inner\")][contains(text(), \"WdIORUEquip1hensg\")]"}
RESULT: {"using":"xpath","value":"//span[contains(@id ,\"application-manageresources-display-component---detailRU--snappedTitle-inner\")][contains(text(), \"WdIORUEquip1hensg\")]"}
RESULT: {}
RESULT: {}
COMMAND: POST /session/0eda8290aaf6d9c10b10c8a8e97b99f0/element - {"using":"xpath","value":"//span[contains(@id ,\"application-manageresources-display-component---detailRU--snappedTitle-inner\")][contains(text(), \"WdIORUEquip1hensg\")]"}
COMMAND: POST /session/0eda8290aaf6d9c10b10c8a8e97b99f0/element - {"using":"xpath","value":"//span[contains(@id ,\"application-manageresources-display-component---detailRU--snappedTitle-inner\")][contains(text(), \"WdIORUEquip1hensg\")]"}
RESULT: {"using":"xpath","value":"//span[contains(@id ,\"application-manageresources-display-component---detailRU--snappedTitle-inner\")][contains(text(), \"WdIORUEquip1hensg\")]"}
RESULT: {"using":"xpath","value":"//span[contains(@id ,\"application-manageresources-display-component---detailRU--snappedTitle-inner\")][contains(text(), \"WdIORUEquip1hensg\")]"}
COMMAND: POST /session/0eda8290aaf6d9c10b10c8a8e97b99f0/element - {"using":"xpath","value":"//span[contains(@id ,\"application-manageresources-display-component---detailRU--snappedTitle-inner\")][contains(text(), \"WdIORUEquip1hensg\")]"}
COMMAND: POST /session/0eda8290aaf6d9c10b10c8a8e97b99f0/element - {"using":"xpath","value":"//span[contains(@id ,\"application-manageresources-display-component---detailRU--snappedTitle-inner\")][contains(text(), \"WdIORUEquip1hensg\")]"}
RESULT: {"using":"xpath","value":"//span[contains(@id ,\"application-manageresources-display-component---detailRU--snappedTitle-inner\")][contains(text(), \"WdIORUEquip1hensg\")]"}
RESULT: {"using":"xpath","value":"//span[contains(@id ,\"application-manageresources-display-component---detailRU--snappedTitle-inner\")][contains(text(), \"WdIORUEquip1hensg\")]"}
COMMAND: POST /session/0eda8290aaf6d9c10b10c8a8e97b99f0/element - {"using":"xpath","value":"//span[contains(@id ,\"application-manageresources-display-component---detailRU--snappedTitle-inner\")][contains(text(), \"WdIORUEquip1hensg\")]"}
RESULT: {"using":"xpath","value":"//span[contains(@id ,\"application-manageresources-display-component---detailRU--snappedTitle-inner\")][contains(text(), \"WdIORUEquip1hensg\")]"}
COMMAND: POST /session/0eda8290aaf6d9c10b10c8a8e97b99f0/element - {"using":"xpath","value":"//span[contains(@id ,\"application-manageresources-display-component---detailRU--snappedTitle-inner\")][contains(text(), \"WdIORUEquip1hensg\")]"}
RESULT: {"using":"xpath","value":"//span[contains(@id ,\"application-manageresources-display-component---detailRU--snappedTitle-inner\")][contains(text(), \"WdIORUEquip1hensg\")]"}
COMMAND: POST /session/0eda8290aaf6d9c10b10c8a8e97b99f0/element - {"using":"xpath","value":"//span[contains(@id ,\"application-manageresources-display-component---detailRU--snappedTitle-inner\")][contains(text(), \"WdIORUEquip1hensg\")]"}
RESULT: {"using":"xpath","value":"//span[contains(@id ,\"application-manageresources-display-component---detailRU--snappedTitle-inner\")][contains(text(), \"WdIORUEquip1hensg\")]"}
COMMAND: POST /session/0eda8290aaf6d9c10b10c8a8e97b99f0/element - {"using":"xpath","value":"//span[contains(@id ,\"application-manageresources-display-component---detailRU--snappedTitle-inner\")][contains(text(), \"WdIORUEquip1hensg\")]"}
RESULT: {"using":"xpath","value":"//span[contains(@id ,\"application-manageresources-display-component---detailRU--snappedTitle-inner\")][contains(text(), \"WdIORUEquip1hensg\")]"}
COMMAND: POST /session/0eda8290aaf6d9c10b10c8a8e97b99f0/element - {"using":"xpath","value":"//span[contains(@id ,\"application-manageresources-display-component---detailRU--snappedTitle-inner\")][contains(text(), \"WdIORUEquip1hensg\")]"}
RESULT: {"using":"xpath","value":"//span[contains(@id ,\"application-manageresources-display-component---detailRU--snappedTitle-inner\")][contains(text(), \"WdIORUEquip1hensg\")]"}
COMMAND: POST /session/0eda8290aaf6d9c10b10c8a8e97b99f0/element - {"using":"xpath","value":"//span[contains(@id ,\"application-manageresources-display-component---detailRU--snappedTitle-inner\")][contains(text(), \"WdIORUEquip1hensg\")]"}
RESULT: {"using":"xpath","value":"//span[contains(@id ,\"application-manageresources-display-component---detailRU--snappedTitle-inner\")][contains(text(), \"WdIORUEquip1hensg\")]"}
COMMAND: POST /session/0eda8290aaf6d9c10b10c8a8e97b99f0/element - {"using":"xpath","value":"//span[contains(@id ,\"application-manageresources-display-component---detailRU--snappedTitle-inner\")][contains(text(), \"WdIORUEquip1hensg\")]"}
RESULT: {"using":"xpath","value":"//span[contains(@id ,\"application-manageresources-display-component---detailRU--snappedTitle-inner\")][contains(text(), \"WdIORUEquip1hensg\")]"}
COMMAND: POST /session/0eda8290aaf6d9c10b10c8a8e97b99f0/element - {"using":"xpath","value":"//span[contains(@id ,\"application-manageresources-display-component---detailRU--snappedTitle-inner\")][contains(text(), \"WdIORUEquip1hensg\")]"}
RESULT: {"using":"xpath","value":"//span[contains(@id ,\"application-manageresources-display-component---detailRU--snappedTitle-inner\")][contains(text(), \"WdIORUEquip1hensg\")]"}
COMMAND: POST /session/0eda8290aaf6d9c10b10c8a8e97b99f0/element - {"using":"xpath","value":"//span[contains(@id ,\"application-manageresources-display-component---detailRU--snappedTitle-inner\")][contains(text(), \"WdIORUEquip1hensg\")]"}
RESULT: {"using":"xpath","value":"//span[contains(@id ,\"application-manageresources-display-component---detailRU--snappedTitle-inner\")][contains(text(), \"WdIORUEquip1hensg\")]"}
COMMAND: POST /session/0eda8290aaf6d9c10b10c8a8e97b99f0/element - {"using":"xpath","value":"//span[contains(@id ,\"application-manageresources-display-component---detailRU--snappedTitle-inner\")][contains(text(), \"WdIORUEquip1hensg\")]"}
RESULT: {"using":"xpath","value":"//span[contains(@id ,\"application-manageresources-display-component---detailRU--snappedTitle-inner\")][contains(text(), \"WdIORUEquip1hensg\")]"}
COMMAND: POST /session/0eda8290aaf6d9c10b10c8a8e97b99f0/element - {"using":"xpath","value":"//span[contains(@id ,\"application-manageresources-display-component---detailRU--snappedTitle-inner\")][contains(text(), \"WdIORUEquip1hensg\")]"}
RESULT: {"using":"xpath","value":"//span[contains(@id ,\"application-manageresources-display-component---detailRU--snappedTitle-inner\")][contains(text(), \"WdIORUEquip1hensg\")]"}
COMMAND: POST /session/0eda8290aaf6d9c10b10c8a8e97b99f0/element - {"using":"xpath","value":"//span[contains(@id ,\"application-manageresources-display-component---detailRU--snappedTitle-inner\")][contains(text(), \"WdIORUEquip1hensg\")]"}
RESULT: {"using":"xpath","value":"//span[contains(@id ,\"application-manageresources-display-component---detailRU--snappedTitle-inner\")][contains(text(), \"WdIORUEquip1hensg\")]"}
RESULT: undefined
COMMAND: POST /session/0eda8290aaf6d9c10b10c8a8e97b99f0/execute/async - {"script":"<script> [6424 bytes]","args":[{"element-6066-11e4-a52e-4f735466cecf":"f.BADF7F127BB81D4F18EB6077F6D207A4.d.239349E6A4F476B2A88336AB42561BE1.e.2978"},"getTitle",[]]}
COMMAND: POST /session/0eda8290aaf6d9c10b10c8a8e97b99f0/execute/async - {"script":"<script> [1562 bytes]","args":[{"selector":{"id":"shellAppTitle"},"wdio_ui5_key":"shellAppTitle"}]}
COMMAND: POST /session/0eda8290aaf6d9c10b10c8a8e97b99f0/element - {"using":"xpath","value":"//span[contains(@id ,\"application-manageresources-display-component---detailRU--snappedTitle-inner\")][contains(text(), \"WdIORUEquip1hensg\")]"}
RESULT: {"script":"<script> [1562 bytes]","args":[{"selector":{"id":"shellAppTitle"},"wdio_ui5_key":"shellAppTitle"}]}
COMMAND: POST /session/0eda8290aaf6d9c10b10c8a8e97b99f0/execute/async - {"script":"<script> [6424 bytes]","args":[{"element-6066-11e4-a52e-4f735466cecf":"f.BADF7F127BB81D4F18EB6077F6D207A4.d.239349E6A4F476B2A88336AB42561BE1.e.3696"},"getTitle",[]]}
RESULT: {"using":"xpath","value":"//span[contains(@id ,\"application-manageresources-display-component---detailRU--snappedTitle-inner\")][contains(text(), \"WdIORUEquip1hensg\")]"}
RESULT: {"script":"<script> [6424 bytes]","args":[{"element-6066-11e4-a52e-4f735466cecf":"f.BADF7F127BB81D4F18EB6077F6D207A4.d.239349E6A4F476B2A88336AB42561BE1.e.3696"},"getTitle",[]]}
COMMAND: POST /session/0eda8290aaf6d9c10b10c8a8e97b99f0/element - {"using":"xpath","value":"(//span[contains(text(), \"WebdriverYard6bn1gi\")])[2]"}
RESULT: {"using":"xpath","value":"(//span[contains(text(), \"WebdriverYard6bn1gi\")])[2]"}
COMMAND: POST /session/0eda8290aaf6d9c10b10c8a8e97b99f0/execute/sync - {"script":"<script> [8489 bytes]","args":[{"element-6066-11e4-a52e-4f735466cecf":"f.BADF7F127BB81D4F18EB6077F6D207A4.d.239349E6A4F476B2A88336AB42561BE1.e.3697","ELEMENT":"f.BADF7F127BB81D4F18EB6077F6D207A4.d.239349E6A4F476B2A88336AB42561BE1.e.3697"}]}
RESULT: undefined
COMMAND: POST /session/0eda8290aaf6d9c10b10c8a8e97b99f0/element - {"using":"xpath","value":"//*[@id=\"backBtn\"]"}
RESULT: {"script":"<script> [8489 bytes]","args":[{"element-6066-11e4-a52e-4f735466cecf":"f.BADF7F127BB81D4F18EB6077F6D207A4.d.239349E6A4F476B2A88336AB42561BE1.e.3697","ELEMENT":"f.BADF7F127BB81D4F18EB6077F6D207A4.d.239349E6A4F476B2A88336AB42561BE1.e.3697"}]}
COMMAND: GET /session/0eda8290aaf6d9c10b10c8a8e97b99f0/screenshot - {}
RESULT: {"using":"xpath","value":"//*[@id=\"backBtn\"]"}
COMMAND: POST /session/0eda8290aaf6d9c10b10c8a8e97b99f0/element/f.BADF7F127BB81D4F18EB6077F6D207A4.d.239349E6A4F476B2A88336AB42561BE1.e.2979/click - {}
COMMAND: POST /session/0eda8290aaf6d9c10b10c8a8e97b99f0/element - {"using":"xpath","value":"//span[contains(@id ,\"application-manageresources-display-component---detailRU--snappedTitle-inner\")][contains(text(), \"WdIORUEquip1hensg\")]"}
RESULT: {}
RESULT: {}
COMMAND: GET /session/0eda8290aaf6d9c10b10c8a8e97b99f0/screenshot - {}
RESULT: {"using":"xpath","value":"//span[contains(@id ,\"application-manageresources-display-component---detailRU--snappedTitle-inner\")][contains(text(), \"WdIORUEquip1hensg\")]"}
COMMAND: POST /session/0eda8290aaf6d9c10b10c8a8e97b99f0/execute/sync - {"script":"<script> [8489 bytes]","args":[{"element-6066-11e4-a52e-4f735466cecf":"f.BADF7F127BB81D4F18EB6077F6D207A4.d.239349E6A4F476B2A88336AB42561BE1.e.3697","ELEMENT":"f.BADF7F127BB81D4F18EB6077F6D207A4.d.239349E6A4F476B2A88336AB42561BE1.e.3697"}]}
COMMAND: POST /session/0eda8290aaf6d9c10b10c8a8e97b99f0/element - {"using":"xpath","value":"//span[contains(@id ,\"application-manageresources-display-component---detailRU--snappedTitle-inner\")][contains(text(), \"WdIORUEquip1hensg\")]"}
RESULT: {}
COMMAND: POST /session/0eda8290aaf6d9c10b10c8a8e97b99f0/element - {"using":"xpath","value":"(//span[contains(text(), \"WebdriverYard6bn1gi\")])[2]"}
RESULT: {"using":"xpath","value":"//span[contains(@id ,\"application-manageresources-display-component---detailRU--snappedTitle-inner\")][contains(text(), \"WdIORUEquip1hensg\")]"}
RESULT: {"using":"xpath","value":"(//span[contains(text(), \"WebdriverYard6bn1gi\")])[2]"}
COMMAND: POST /session/0eda8290aaf6d9c10b10c8a8e97b99f0/element - {"using":"xpath","value":"(//span[contains(text(), \"WebdriverYard6bn1gi\")])[2]"}
RESULT: {"using":"xpath","value":"(//span[contains(text(), \"WebdriverYard6bn1gi\")])[2]"}
COMMAND: POST /session/0eda8290aaf6d9c10b10c8a8e97b99f0/element - {"using":"xpath","value":"//span[contains(@id ,\"application-manageresources-display-component---detailRU--snappedTitle-inner\")][contains(text(), \"WdIORUEquip1hensg\")]"}
RESULT: {"using":"xpath","value":"//span[contains(@id ,\"application-manageresources-display-component---detailRU--snappedTitle-inner\")][contains(text(), \"WdIORUEquip1hensg\")]"}
COMMAND: POST /session/0eda8290aaf6d9c10b10c8a8e97b99f0/element - {"using":"xpath","value":"(//span[contains(text(), \"WebdriverYard6bn1gi\")])[2]"}
RESULT: {"using":"xpath","value":"(//span[contains(text(), \"WebdriverYard6bn1gi\")])[2]"}
COMMAND: POST /session/0eda8290aaf6d9c10b10c8a8e97b99f0/element - {"using":"xpath","value":"//span[contains(@id ,\"application-manageresources-display-component---detailRU--snappedTitle-inner\")][contains(text(), \"WdIORUEquip1hensg\")]"}
RESULT: {"using":"xpath","value":"//span[contains(@id ,\"application-manageresources-display-component---detailRU--snappedTitle-inner\")][contains(text(), \"WdIORUEquip1hensg\")]"}
COMMAND: POST /session/0eda8290aaf6d9c10b10c8a8e97b99f0/element - {"using":"xpath","value":"(//span[contains(text(), \"WebdriverYard6bn1gi\")])[2]"}
RESULT: {"using":"xpath","value":"(//span[contains(text(), \"WebdriverYard6bn1gi\")])[2]"}
COMMAND: POST /session/0eda8290aaf6d9c10b10c8a8e97b99f0/element - {"using":"xpath","value":"//span[contains(@id ,\"application-manageresources-display-component---detailRU--snappedTitle-inner\")][contains(text(), \"WdIORUEquip1hensg\")]"}
RESULT: {"using":"xpath","value":"//span[contains(@id ,\"application-manageresources-display-component---detailRU--snappedTitle-inner\")][contains(text(), \"WdIORUEquip1hensg\")]"}
COMMAND: POST /session/0eda8290aaf6d9c10b10c8a8e97b99f0/element - {"using":"xpath","value":"(//span[contains(text(), \"WebdriverYard6bn1gi\")])[2]"}
COMMAND: POST /session/0eda8290aaf6d9c10b10c8a8e97b99f0/element - {"using":"xpath","value":"//span[contains(@id ,\"application-manageresources-display-component---detailRU--snappedTitle-inner\")][contains(text(), \"WdIORUEquip1hensg\")]"}
RESULT: {"using":"xpath","value":"(//span[contains(text(), \"WebdriverYard6bn1gi\")])[2]"}
RESULT: {"using":"xpath","value":"//span[contains(@id ,\"application-manageresources-display-component---detailRU--snappedTitle-inner\")][contains(text(), \"WdIORUEquip1hensg\")]"}
COMMAND: POST /session/0eda8290aaf6d9c10b10c8a8e97b99f0/element - {"using":"xpath","value":"(//span[contains(text(), \"WebdriverYard6bn1gi\")])[2]"}
COMMAND: POST /session/0eda8290aaf6d9c10b10c8a8e97b99f0/element - {"using":"xpath","value":"//span[contains(@id ,\"application-manageresources-display-component---detailRU--snappedTitle-inner\")][contains(text(), \"WdIORUEquip1hensg\")]"}
RESULT: {"using":"xpath","value":"(//span[contains(text(), \"WebdriverYard6bn1gi\")])[2]"}
RESULT: {"using":"xpath","value":"//span[contains(@id ,\"application-manageresources-display-component---detailRU--snappedTitle-inner\")][contains(text(), \"WdIORUEquip1hensg\")]"}
COMMAND: POST /session/0eda8290aaf6d9c10b10c8a8e97b99f0/element - {"using":"xpath","value":"(//span[contains(text(), \"WebdriverYard6bn1gi\")])[2]"}
COMMAND: POST /session/0eda8290aaf6d9c10b10c8a8e97b99f0/element - {"using":"xpath","value":"//span[contains(@id ,\"application-manageresources-display-component---detailRU--snappedTitle-inner\")][contains(text(), \"WdIORUEquip1hensg\")]"}
RESULT: {"using":"xpath","value":"(//span[contains(text(), \"WebdriverYard6bn1gi\")])[2]"}
COMMAND: POST /session/0eda8290aaf6d9c10b10c8a8e97b99f0/execute/sync - {"script":"<script> [8489 bytes]","args":[{"element-6066-11e4-a52e-4f735466cecf":"f.BADF7F127BB81D4F18EB6077F6D207A4.d.239349E6A4F476B2A88336AB42561BE1.e.3993","ELEMENT":"f.BADF7F127BB81D4F18EB6077F6D207A4.d.239349E6A4F476B2A88336AB42561BE1.e.3993"}]}
RESULT: {"using":"xpath","value":"//span[contains(@id ,\"application-manageresources-display-component---detailRU--snappedTitle-inner\")][contains(text(), \"WdIORUEquip1hensg\")]"}
RESULT: {"script":"<script> [8489 bytes]","args":[{"element-6066-11e4-a52e-4f735466cecf":"f.BADF7F127BB81D4F18EB6077F6D207A4.d.239349E6A4F476B2A88336AB42561BE1.e.3993","ELEMENT":"f.BADF7F127BB81D4F18EB6077F6D207A4.d.239349E6A4F476B2A88336AB42561BE1.e.3993"}]}
COMMAND: GET /session/0eda8290aaf6d9c10b10c8a8e97b99f0/screenshot - {}
RESULT: {}
COMMAND: POST /session/0eda8290aaf6d9c10b10c8a8e97b99f0/element - {"using":"xpath","value":"//span[contains(@id ,\"application-manageresources-display-component---detailRU--snappedTitle-inner\")][contains(text(), \"WdIORUEquip1hensg\")]"}
RESULT: {"using":"xpath","value":"//span[contains(@id ,\"application-manageresources-display-component---detailRU--snappedTitle-inner\")][contains(text(), \"WdIORUEquip1hensg\")]"}
COMMAND: POST /session/0eda8290aaf6d9c10b10c8a8e97b99f0/element - {"using":"xpath","value":"//span[contains(@id ,\"application-manageresources-display-component---detailRU--snappedTitle-inner\")][contains(text(), \"WdIORUEquip1hensg\")]"}
RESULT: {"using":"xpath","value":"//span[contains(@id ,\"application-manageresources-display-component---detailRU--snappedTitle-inner\")][contains(text(), \"WdIORUEquip1hensg\")]"}
COMMAND: POST /session/0eda8290aaf6d9c10b10c8a8e97b99f0/element - {"using":"xpath","value":"//span[contains(@id ,\"application-manageresources-display-component---detailRU--snappedTitle-inner\")][contains(text(), \"WdIORUEquip1hensg\")]"}
RESULT: {"using":"xpath","value":"//span[contains(@id ,\"application-manageresources-display-component---detailRU--snappedTitle-inner\")][contains(text(), \"WdIORUEquip1hensg\")]"}
COMMAND: POST /session/0eda8290aaf6d9c10b10c8a8e97b99f0/element - {"using":"xpath","value":"//span[contains(@id ,\"application-manageresources-display-component---detailRU--snappedTitle-inner\")][contains(text(), \"WdIORUEquip1hensg\")]"}
RESULT: {"using":"xpath","value":"//span[contains(@id ,\"application-manageresources-display-component---detailRU--snappedTitle-inner\")][contains(text(), \"WdIORUEquip1hensg\")]"}
COMMAND: POST /session/0eda8290aaf6d9c10b10c8a8e97b99f0/element - {"using":"xpath","value":"//span[contains(@id ,\"application-manageresources-display-component---detailRU--snappedTitle-inner\")][contains(text(), \"WdIORUEquip1hensg\")]"}
RESULT: {"using":"xpath","value":"//span[contains(@id ,\"application-manageresources-display-component---detailRU--snappedTitle-inner\")][contains(text(), \"WdIORUEquip1hensg\")]"}
COMMAND: POST /session/0eda8290aaf6d9c10b10c8a8e97b99f0/element - {"using":"xpath","value":"//span[contains(@id ,\"application-manageresources-display-component---detailRU--snappedTitle-inner\")][contains(text(), \"WdIORUEquip1hensg\")]"}
RESULT: {"using":"xpath","value":"//span[contains(@id ,\"application-manageresources-display-component---detailRU--snappedTitle-inner\")][contains(text(), \"WdIORUEquip1hensg\")]"}
COMMAND: POST /session/0eda8290aaf6d9c10b10c8a8e97b99f0/element - {"using":"xpath","value":"//span[contains(@id ,\"application-manageresources-display-component---detailRU--snappedTitle-inner\")][contains(text(), \"WdIORUEquip1hensg\")]"}
RESULT: {"using":"xpath","value":"//span[contains(@id ,\"application-manageresources-display-component---detailRU--snappedTitle-inner\")][contains(text(), \"WdIORUEquip1hensg\")]"}
COMMAND: POST /session/0eda8290aaf6d9c10b10c8a8e97b99f0/element - {"using":"xpath","value":"//span[contains(@id ,\"application-manageresources-display-component---detailRU--snappedTitle-inner\")][contains(text(), \"WdIORUEquip1hensg\")]"}
RESULT: {"using":"xpath","value":"//span[contains(@id ,\"application-manageresources-display-component---detailRU--snappedTitle-inner\")][contains(text(), \"WdIORUEquip1hensg\")]"}
COMMAND: POST /session/0eda8290aaf6d9c10b10c8a8e97b99f0/element - {"using":"xpath","value":"//bdi[contains(@id ,\"application-manageresources-display-component---detailRU--openRelatedRus-BDI-content\")]"}
RESULT: {"using":"xpath","value":"//bdi[contains(@id ,\"application-manageresources-display-component---detailRU--openRelatedRus-BDI-content\")]"}
COMMAND: POST /session/0eda8290aaf6d9c10b10c8a8e97b99f0/execute/sync - {"script":"<script> [8489 bytes]","args":[{"element-6066-11e4-a52e-4f735466cecf":"f.BADF7F127BB81D4F18EB6077F6D207A4.d.239349E6A4F476B2A88336AB42561BE1.e.3994","ELEMENT":"f.BADF7F127BB81D4F18EB6077F6D207A4.d.239349E6A4F476B2A88336AB42561BE1.e.3994"}]}
RESULT: {"script":"<script> [8489 bytes]","args":[{"element-6066-11e4-a52e-4f735466cecf":"f.BADF7F127BB81D4F18EB6077F6D207A4.d.239349E6A4F476B2A88336AB42561BE1.e.3994","ELEMENT":"f.BADF7F127BB81D4F18EB6077F6D207A4.d.239349E6A4F476B2A88336AB42561BE1.e.3994"}]}
COMMAND: POST /session/0eda8290aaf6d9c10b10c8a8e97b99f0/execute/sync - {"script":"<script> [5351 bytes]","args":[{"element-6066-11e4-a52e-4f735466cecf":"f.BADF7F127BB81D4F18EB6077F6D207A4.d.239349E6A4F476B2A88336AB42561BE1.e.3994","ELEMENT":"f.BADF7F127BB81D4F18EB6077F6D207A4.d.239349E6A4F476B2A88336AB42561BE1.e.3994"}]}
COMMAND: GET /session/0eda8290aaf6d9c10b10c8a8e97b99f0/screenshot - {}
RESULT: {"script":"<script> [5351 bytes]","args":[{"element-6066-11e4-a52e-4f735466cecf":"f.BADF7F127BB81D4F18EB6077F6D207A4.d.239349E6A4F476B2A88336AB42561BE1.e.3994","ELEMENT":"f.BADF7F127BB81D4F18EB6077F6D207A4.d.239349E6A4F476B2A88336AB42561BE1.e.3994"}]}
COMMAND: POST /session/0eda8290aaf6d9c10b10c8a8e97b99f0/element/f.BADF7F127BB81D4F18EB6077F6D207A4.d.239349E6A4F476B2A88336AB42561BE1.e.3994/click - {}
COMMAND: GET /session/0eda8290aaf6d9c10b10c8a8e97b99f0/screenshot - {}
RESULT: {}
COMMAND: POST /session/0eda8290aaf6d9c10b10c8a8e97b99f0/element - {"using":"xpath","value":"//span[contains(@id ,\"application-manageresources-display-component---detailRU--snappedTitle-inner\")][contains(text(), \"WdIORUEquip1hensg\")]"}
RESULT: {}
COMMAND: GET /session/0eda8290aaf6d9c10b10c8a8e97b99f0/screenshot - {}
RESULT: {}
RESULT: {"using":"xpath","value":"//span[contains(@id ,\"application-manageresources-display-component---detailRU--snappedTitle-inner\")][contains(text(), \"WdIORUEquip1hensg\")]"}
RESULT: {}
COMMAND: POST /session/0eda8290aaf6d9c10b10c8a8e97b99f0/element - {"using":"xpath","value":"//span[contains(@id ,\"application-manageresources-display-component---detailRU--snappedTitle-inner\")][contains(text(), \"WdIORUEquip1hensg\")]"}
RESULT: {"using":"xpath","value":"//span[contains(@id ,\"application-manageresources-display-component---detailRU--snappedTitle-inner\")][contains(text(), \"WdIORUEquip1hensg\")]"}
COMMAND: POST /session/0eda8290aaf6d9c10b10c8a8e97b99f0/element - {"using":"xpath","value":"//span[contains(@id ,\"application-manageresources-display-component---detailRU--snappedTitle-inner\")][contains(text(), \"WdIORUEquip1hensg\")]"}
RESULT: {"using":"xpath","value":"//span[contains(@id ,\"application-manageresources-display-component---detailRU--snappedTitle-inner\")][contains(text(), \"WdIORUEquip1hensg\")]"}
COMMAND: POST /session/0eda8290aaf6d9c10b10c8a8e97b99f0/element - {"using":"xpath","value":"//span[contains(@id ,\"application-manageresources-display-component---detailRU--snappedTitle-inner\")][contains(text(), \"WdIORUEquip1hensg\")]"}
RESULT: {"using":"xpath","value":"//span[contains(@id ,\"application-manageresources-display-component---detailRU--snappedTitle-inner\")][contains(text(), \"WdIORUEquip1hensg\")]"}
COMMAND: POST /session/0eda8290aaf6d9c10b10c8a8e97b99f0/element - {"using":"xpath","value":"//span[contains(@id ,\"application-manageresources-display-component---detailRU--snappedTitle-inner\")][contains(text(), \"WdIORUEquip1hensg\")]"}
RESULT: {"using":"xpath","value":"//span[contains(@id ,\"application-manageresources-display-component---detailRU--snappedTitle-inner\")][contains(text(), \"WdIORUEquip1hensg\")]"}
COMMAND: POST /session/0eda8290aaf6d9c10b10c8a8e97b99f0/element - {"using":"xpath","value":"//span[contains(@id ,\"application-manageresources-display-component---detailRU--snappedTitle-inner\")][contains(text(), \"WdIORUEquip1hensg\")]"}
RESULT: {"using":"xpath","value":"//span[contains(@id ,\"application-manageresources-display-component---detailRU--snappedTitle-inner\")][contains(text(), \"WdIORUEquip1hensg\")]"}
COMMAND: POST /session/0eda8290aaf6d9c10b10c8a8e97b99f0/element - {"using":"xpath","value":"//span[contains(@id ,\"application-manageresources-display-component---detailRU--snappedTitle-inner\")][contains(text(), \"WdIORUEquip1hensg\")]"}
RESULT: {"using":"xpath","value":"//span[contains(@id ,\"application-manageresources-display-component---detailRU--snappedTitle-inner\")][contains(text(), \"WdIORUEquip1hensg\")]"}
COMMAND: POST /session/0eda8290aaf6d9c10b10c8a8e97b99f0/element - {"using":"xpath","value":"//span[contains(@id ,\"application-manageresources-display-component---detailRU--snappedTitle-inner\")][contains(text(), \"WdIORUEquip1hensg\")]"}
RESULT: {"using":"xpath","value":"//span[contains(@id ,\"application-manageresources-display-component---detailRU--snappedTitle-inner\")][contains(text(), \"WdIORUEquip1hensg\")]"}
COMMAND: POST /session/0eda8290aaf6d9c10b10c8a8e97b99f0/element - {"using":"xpath","value":"//span[contains(@id ,\"application-manageresources-display-component---detailRU--snappedTitle-inner\")][contains(text(), \"WdIORUEquip1hensg\")]"}
RESULT: {"using":"xpath","value":"//span[contains(@id ,\"application-manageresources-display-component---detailRU--snappedTitle-inner\")][contains(text(), \"WdIORUEquip1hensg\")]"}
COMMAND: POST /session/0eda8290aaf6d9c10b10c8a8e97b99f0/element/f.BADF7F127BB81D4F18EB6077F6D207A4.d.239349E6A4F476B2A88336AB42561BE1.e.3555/click - {}
COMMAND: POST /session/0eda8290aaf6d9c10b10c8a8e97b99f0/element - {"using":"xpath","value":"//*[contains(@data-kt ,\"openLocationActionMenuLink\")]"}
RESULT: {"using":"xpath","value":"//*[contains(@data-kt ,\"openLocationActionMenuLink\")]"}
COMMAND: POST /session/0eda8290aaf6d9c10b10c8a8e97b99f0/element/f.BADF7F127BB81D4F18EB6077F6D207A4.d.239349E6A4F476B2A88336AB42561BE1.e.3555/click - {}
COMMAND: POST /session/0eda8290aaf6d9c10b10c8a8e97b99f0/element - {"using":"xpath","value":"//*[contains(@data-kt ,\"openLocationActionMenuLink\")]"}
RESULT: {"using":"xpath","value":"//*[contains(@data-kt ,\"openLocationActionMenuLink\")]"}
COMMAND: POST /session/0eda8290aaf6d9c10b10c8a8e97b99f0/element/f.BADF7F127BB81D4F18EB6077F6D207A4.d.239349E6A4F476B2A88336AB42561BE1.e.3998/click - {}
RESULT: {}
COMMAND: GET /session/0eda8290aaf6d9c10b10c8a8e97b99f0/screenshot - {}
COMMAND: POST /session/0eda8290aaf6d9c10b10c8a8e97b99f0/element - {"using":"xpath","value":"//span[contains(@id ,\"application-manageresources-display-component---detailRU--snappedTitle-inner\")][contains(text(), \"WdIORUEquip1hensg\")]"}
RESULT: {}
RESULT: {"using":"xpath","value":"//span[contains(@id ,\"application-manageresources-display-component---detailRU--snappedTitle-inner\")][contains(text(), \"WdIORUEquip1hensg\")]"}
COMMAND: POST /session/0eda8290aaf6d9c10b10c8a8e97b99f0/element - {"using":"xpath","value":"//span[contains(@id ,\"application-manageresources-display-component---detailRU--snappedTitle-inner\")][contains(text(), \"WdIORUEquip1hensg\")]"}
RESULT: {"using":"xpath","value":"//span[contains(@id ,\"application-manageresources-display-component---detailRU--snappedTitle-inner\")][contains(text(), \"WdIORUEquip1hensg\")]"}
COMMAND: POST /session/0eda8290aaf6d9c10b10c8a8e97b99f0/element - {"using":"xpath","value":"//span[contains(@id ,\"application-manageresources-display-component---detailRU--snappedTitle-inner\")][contains(text(), \"WdIORUEquip1hensg\")]"}
RESULT: {"using":"xpath","value":"//span[contains(@id ,\"application-manageresources-display-component---detailRU--snappedTitle-inner\")][contains(text(), \"WdIORUEquip1hensg\")]"}
COMMAND: POST /session/0eda8290aaf6d9c10b10c8a8e97b99f0/element - {"using":"xpath","value":"//span[contains(@id ,\"application-manageresources-display-component---detailRU--snappedTitle-inner\")][contains(text(), \"WdIORUEquip1hensg\")]"}
COMMAND: POST /session/0eda8290aaf6d9c10b10c8a8e97b99f0/element/f.BADF7F127BB81D4F18EB6077F6D207A4.d.239349E6A4F476B2A88336AB42561BE1.e.3558/click - {}
RESULT: {"using":"xpath","value":"//span[contains(@id ,\"application-manageresources-display-component---detailRU--snappedTitle-inner\")][contains(text(), \"WdIORUEquip1hensg\")]"}
COMMAND: POST /session/0eda8290aaf6d9c10b10c8a8e97b99f0/element - {"using":"xpath","value":"//a[contains(@class ,\"sapMLnk sapMLnkMaxWidth sapUiTinyMarginTop\")][contains(text(), \"Yard Address\")]"}
RESULT: {"using":"xpath","value":"//a[contains(@class ,\"sapMLnk sapMLnkMaxWidth sapUiTinyMarginTop\")][contains(text(), \"Yard Address\")]"}
COMMAND: POST /session/0eda8290aaf6d9c10b10c8a8e97b99f0/element/f.BADF7F127BB81D4F18EB6077F6D207A4.d.239349E6A4F476B2A88336AB42561BE1.e.3558/click - {}
COMMAND: POST /session/0eda8290aaf6d9c10b10c8a8e97b99f0/element - {"using":"xpath","value":"//a[contains(@class ,\"sapMLnk sapMLnkMaxWidth sapUiTinyMarginTop\")][contains(text(), \"Yard Address\")]"}
RESULT: {"using":"xpath","value":"//a[contains(@class ,\"sapMLnk sapMLnkMaxWidth sapUiTinyMarginTop\")][contains(text(), \"Yard Address\")]"}
COMMAND: POST /session/0eda8290aaf6d9c10b10c8a8e97b99f0/element/f.BADF7F127BB81D4F18EB6077F6D207A4.d.239349E6A4F476B2A88336AB42561BE1.e.4000/click - {}
COMMAND: POST /session/0eda8290aaf6d9c10b10c8a8e97b99f0/element - {"using":"xpath","value":"//span[contains(@id ,\"application-manageresources-display-component---detailRU--snappedTitle-inner\")][contains(text(), \"WdIORUEquip1hensg\")]"}
RESULT: {}
COMMAND: GET /session/0eda8290aaf6d9c10b10c8a8e97b99f0/screenshot - {}
RESULT: {"using":"xpath","value":"//span[contains(@id ,\"application-manageresources-display-component---detailRU--snappedTitle-inner\")][contains(text(), \"WdIORUEquip1hensg\")]"}
RESULT: {}
COMMAND: POST /session/0eda8290aaf6d9c10b10c8a8e97b99f0/element - {"using":"xpath","value":"//span[contains(@id ,\"application-manageresources-display-component---detailRU--snappedTitle-inner\")][contains(text(), \"WdIORUEquip1hensg\")]"}
RESULT: {"using":"xpath","value":"//span[contains(@id ,\"application-manageresources-display-component---detailRU--snappedTitle-inner\")][contains(text(), \"WdIORUEquip1hensg\")]"}
RESULT: undefined
COMMAND: POST /session/0eda8290aaf6d9c10b10c8a8e97b99f0/execute/async - {"script":"<script> [6424 bytes]","args":[{"element-6066-11e4-a52e-4f735466cecf":"f.BADF7F127BB81D4F18EB6077F6D207A4.d.239349E6A4F476B2A88336AB42561BE1.e.2978"},"getTitle",[]]}
COMMAND: POST /session/0eda8290aaf6d9c10b10c8a8e97b99f0/execute/async - {"script":"<script> [1562 bytes]","args":[{"selector":{"id":"shellAppTitle"},"wdio_ui5_key":"shellAppTitle"}]}
RESULT: {"script":"<script> [1562 bytes]","args":[{"selector":{"id":"shellAppTitle"},"wdio_ui5_key":"shellAppTitle"}]}
COMMAND: POST /session/0eda8290aaf6d9c10b10c8a8e97b99f0/execute/async - {"script":"<script> [6424 bytes]","args":[{"element-6066-11e4-a52e-4f735466cecf":"f.BADF7F127BB81D4F18EB6077F6D207A4.d.239349E6A4F476B2A88336AB42561BE1.e.4280"},"getTitle",[]]}
RESULT: {"script":"<script> [6424 bytes]","args":[{"element-6066-11e4-a52e-4f735466cecf":"f.BADF7F127BB81D4F18EB6077F6D207A4.d.239349E6A4F476B2A88336AB42561BE1.e.4280"},"getTitle",[]]}
COMMAND: POST /session/0eda8290aaf6d9c10b10c8a8e97b99f0/element - {"using":"xpath","value":"//span[contains(@id ,\"application-addressmanagement-display-component---detailAdm--addressDetailDetailsName1\")][contains(text(), \"WebdriverYard6bn1gi\")]"}
RESULT: {"using":"xpath","value":"//span[contains(@id ,\"application-addressmanagement-display-component---detailAdm--addressDetailDetailsName1\")][contains(text(), \"WebdriverYard6bn1gi\")]"}
COMMAND: POST /session/0eda8290aaf6d9c10b10c8a8e97b99f0/execute/sync - {"script":"<script> [8489 bytes]","args":[{"element-6066-11e4-a52e-4f735466cecf":"f.BADF7F127BB81D4F18EB6077F6D207A4.d.239349E6A4F476B2A88336AB42561BE1.e.4281","ELEMENT":"f.BADF7F127BB81D4F18EB6077F6D207A4.d.239349E6A4F476B2A88336AB42561BE1.e.4281"}]}
RESULT: undefined
COMMAND: POST /session/0eda8290aaf6d9c10b10c8a8e97b99f0/element - {"using":"xpath","value":"//*[@id=\"backBtn\"]"}
RESULT: {"script":"<script> [8489 bytes]","args":[{"element-6066-11e4-a52e-4f735466cecf":"f.BADF7F127BB81D4F18EB6077F6D207A4.d.239349E6A4F476B2A88336AB42561BE1.e.4281","ELEMENT":"f.BADF7F127BB81D4F18EB6077F6D207A4.d.239349E6A4F476B2A88336AB42561BE1.e.4281"}]}
COMMAND: GET /session/0eda8290aaf6d9c10b10c8a8e97b99f0/screenshot - {}
RESULT: {"using":"xpath","value":"//*[@id=\"backBtn\"]"}
COMMAND: POST /session/0eda8290aaf6d9c10b10c8a8e97b99f0/element/f.BADF7F127BB81D4F18EB6077F6D207A4.d.239349E6A4F476B2A88336AB42561BE1.e.2979/click - {}
RESULT: {}
RESULT: {}
COMMAND: GET /session/0eda8290aaf6d9c10b10c8a8e97b99f0/screenshot - {}
RESULT: {}
COMMAND: POST /session/0eda8290aaf6d9c10b10c8a8e97b99f0/execute/sync - {"script":"<script> [8489 bytes]","args":[{"element-6066-11e4-a52e-4f735466cecf":"f.BADF7F127BB81D4F18EB6077F6D207A4.d.239349E6A4F476B2A88336AB42561BE1.e.3994","ELEMENT":"f.BADF7F127BB81D4F18EB6077F6D207A4.d.239349E6A4F476B2A88336AB42561BE1.e.3994"}]}
COMMAND: POST /session/0eda8290aaf6d9c10b10c8a8e97b99f0/element - {"using":"xpath","value":"//bdi[contains(@id ,\"application-manageresources-display-component---detailRU--openRelatedRus-BDI-content\")]"}
RESULT: {"using":"xpath","value":"//bdi[contains(@id ,\"application-manageresources-display-component---detailRU--openRelatedRus-BDI-content\")]"}
COMMAND: POST /session/0eda8290aaf6d9c10b10c8a8e97b99f0/execute/sync - {"script":"<script> [8489 bytes]","args":[{"element-6066-11e4-a52e-4f735466cecf":"f.BADF7F127BB81D4F18EB6077F6D207A4.d.239349E6A4F476B2A88336AB42561BE1.e.4694","ELEMENT":"f.BADF7F127BB81D4F18EB6077F6D207A4.d.239349E6A4F476B2A88336AB42561BE1.e.4694"}]}
RESULT: {"script":"<script> [8489 bytes]","args":[{"element-6066-11e4-a52e-4f735466cecf":"f.BADF7F127BB81D4F18EB6077F6D207A4.d.239349E6A4F476B2A88336AB42561BE1.e.4694","ELEMENT":"f.BADF7F127BB81D4F18EB6077F6D207A4.d.239349E6A4F476B2A88336AB42561BE1.e.4694"}]}
COMMAND: POST /session/0eda8290aaf6d9c10b10c8a8e97b99f0/execute/sync - {"script":"<script> [5351 bytes]","args":[{"element-6066-11e4-a52e-4f735466cecf":"f.BADF7F127BB81D4F18EB6077F6D207A4.d.239349E6A4F476B2A88336AB42561BE1.e.4694","ELEMENT":"f.BADF7F127BB81D4F18EB6077F6D207A4.d.239349E6A4F476B2A88336AB42561BE1.e.4694"}]}
COMMAND: GET /session/0eda8290aaf6d9c10b10c8a8e97b99f0/screenshot - {}
RESULT: {"script":"<script> [5351 bytes]","args":[{"element-6066-11e4-a52e-4f735466cecf":"f.BADF7F127BB81D4F18EB6077F6D207A4.d.239349E6A4F476B2A88336AB42561BE1.e.4694","ELEMENT":"f.BADF7F127BB81D4F18EB6077F6D207A4.d.239349E6A4F476B2A88336AB42561BE1.e.4694"}]}
COMMAND: POST /session/0eda8290aaf6d9c10b10c8a8e97b99f0/element/f.BADF7F127BB81D4F18EB6077F6D207A4.d.239349E6A4F476B2A88336AB42561BE1.e.4694/click - {}
COMMAND: GET /session/0eda8290aaf6d9c10b10c8a8e97b99f0/screenshot - {}
RESULT: {}
RESULT: {}
COMMAND: GET /session/0eda8290aaf6d9c10b10c8a8e97b99f0/screenshot - {}
RESULT: {}
RESULT: {}
COMMAND: POST /session/0eda8290aaf6d9c10b10c8a8e97b99f0/element/f.BADF7F127BB81D4F18EB6077F6D207A4.d.239349E6A4F476B2A88336AB42561BE1.e.3998/click - {}
COMMAND: POST /session/0eda8290aaf6d9c10b10c8a8e97b99f0/element - {"using":"xpath","value":"//*[contains(@data-kt ,\"openLocationActionMenuLink\")]"}
RESULT: {"using":"xpath","value":"//*[contains(@data-kt ,\"openLocationActionMenuLink\")]"}
COMMAND: POST /session/0eda8290aaf6d9c10b10c8a8e97b99f0/element/f.BADF7F127BB81D4F18EB6077F6D207A4.d.239349E6A4F476B2A88336AB42561BE1.e.3998/click - {}
COMMAND: POST /session/0eda8290aaf6d9c10b10c8a8e97b99f0/element - {"using":"xpath","value":"//*[contains(@data-kt ,\"openLocationActionMenuLink\")]"}
RESULT: {"using":"xpath","value":"//*[contains(@data-kt ,\"openLocationActionMenuLink\")]"}
COMMAND: POST /session/0eda8290aaf6d9c10b10c8a8e97b99f0/element/f.BADF7F127BB81D4F18EB6077F6D207A4.d.239349E6A4F476B2A88336AB42561BE1.e.4698/click - {}
RESULT: {}
COMMAND: GET /session/0eda8290aaf6d9c10b10c8a8e97b99f0/screenshot - {}
RESULT: {}
COMMAND: POST /session/0eda8290aaf6d9c10b10c8a8e97b99f0/element - {"using":"xpath","value":"(//button[contains(@title ,\"Open in new tab\")])[1]"}
RESULT: {"using":"xpath","value":"(//button[contains(@title ,\"Open in new tab\")])[1]"}
COMMAND: POST /session/0eda8290aaf6d9c10b10c8a8e97b99f0/element/f.BADF7F127BB81D4F18EB6077F6D207A4.d.239349E6A4F476B2A88336AB42561BE1.e.4699/click - {}
RESULT: {}
COMMAND: GET /session/0eda8290aaf6d9c10b10c8a8e97b99f0/screenshot - {}
RESULT: {}
COMMAND: GET /session/0eda8290aaf6d9c10b10c8a8e97b99f0/window/handles - {}
RESULT: {}
COMMAND: POST /session/0eda8290aaf6d9c10b10c8a8e97b99f0/window - {"handle":"70C7B6163BE6EC3AC39BEDCE773990F7"}
RESULT: {"handle":"70C7B6163BE6EC3AC39BEDCE773990F7"}
COMMAND: GET /session/0eda8290aaf6d9c10b10c8a8e97b99f0/url - {}
RESULT: {}
COMMAND: GET /session/0eda8290aaf6d9c10b10c8a8e97b99f0/screenshot - {}
RESULT: {}
COMMAND: POST /session/0eda8290aaf6d9c10b10c8a8e97b99f0/execute/sync - {"script":"<script> [8489 bytes]","args":[{"element-6066-11e4-a52e-4f735466cecf":"f.BADF7F127BB81D4F18EB6077F6D207A4.d.239349E6A4F476B2A88336AB42561BE1.e.3993","ELEMENT":"f.BADF7F127BB81D4F18EB6077F6D207A4.d.239349E6A4F476B2A88336AB42561BE1.e.3993"}]}
COMMAND: DELETE /session/0eda8290aaf6d9c10b10c8a8e97b99f0/window - {}
RESULT: {}
COMMAND: POST /session/0eda8290aaf6d9c10b10c8a8e97b99f0/window - {"handle":"BADF7F127BB81D4F18EB6077F6D207A4"}
RESULT: {"handle":"BADF7F127BB81D4F18EB6077F6D207A4"}
COMMAND: GET /session/0eda8290aaf6d9c10b10c8a8e97b99f0/url - {}
COMMAND: POST /session/0eda8290aaf6d9c10b10c8a8e97b99f0/element - {"using":"xpath","value":"(//span[contains(text(), \"WebdriverYard6bn1gi\")])[2]"}
RESULT: {}
COMMAND: GET /session/0eda8290aaf6d9c10b10c8a8e97b99f0/screenshot - {}
RESULT: {"using":"xpath","value":"(//span[contains(text(), \"WebdriverYard6bn1gi\")])[2]"}
COMMAND: POST /session/0eda8290aaf6d9c10b10c8a8e97b99f0/execute/sync - {"script":"<script> [8489 bytes]","args":[{"element-6066-11e4-a52e-4f735466cecf":"f.BADF7F127BB81D4F18EB6077F6D207A4.d.239349E6A4F476B2A88336AB42561BE1.e.4729","ELEMENT":"f.BADF7F127BB81D4F18EB6077F6D207A4.d.239349E6A4F476B2A88336AB42561BE1.e.4729"}]}
RESULT: {}
RESULT: {"script":"<script> [8489 bytes]","args":[{"element-6066-11e4-a52e-4f735466cecf":"f.BADF7F127BB81D4F18EB6077F6D207A4.d.239349E6A4F476B2A88336AB42561BE1.e.4729","ELEMENT":"f.BADF7F127BB81D4F18EB6077F6D207A4.d.239349E6A4F476B2A88336AB42561BE1.e.4729"}]}
COMMAND: GET /session/0eda8290aaf6d9c10b10c8a8e97b99f0/screenshot - {}
RESULT: {}
COMMAND: POST /session/0eda8290aaf6d9c10b10c8a8e97b99f0/element - {"using":"xpath","value":"(//button[contains(@title ,\"Open in new tab\")])[2]"}
RESULT: {"using":"xpath","value":"(//button[contains(@title ,\"Open in new tab\")])[2]"}
COMMAND: POST /session/0eda8290aaf6d9c10b10c8a8e97b99f0/element/f.BADF7F127BB81D4F18EB6077F6D207A4.d.239349E6A4F476B2A88336AB42561BE1.e.4730/click - {}
RESULT: {}
COMMAND: GET /session/0eda8290aaf6d9c10b10c8a8e97b99f0/screenshot - {}
RESULT: {}
COMMAND: GET /session/0eda8290aaf6d9c10b10c8a8e97b99f0/window/handles - {}
RESULT: {}
COMMAND: POST /session/0eda8290aaf6d9c10b10c8a8e97b99f0/window - {"handle":"150B9EAAADA460FAFC442055428AEF2E"}
RESULT: {"handle":"150B9EAAADA460FAFC442055428AEF2E"}
COMMAND: GET /session/0eda8290aaf6d9c10b10c8a8e97b99f0/url - {}
RESULT: {}
COMMAND: GET /session/0eda8290aaf6d9c10b10c8a8e97b99f0/screenshot - {}
RESULT: {}
COMMAND: POST /session/0eda8290aaf6d9c10b10c8a8e97b99f0/execute/sync - {"script":"<script> [8489 bytes]","args":[{"element-6066-11e4-a52e-4f735466cecf":"f.BADF7F127BB81D4F18EB6077F6D207A4.d.239349E6A4F476B2A88336AB42561BE1.e.4281","ELEMENT":"f.BADF7F127BB81D4F18EB6077F6D207A4.d.239349E6A4F476B2A88336AB42561BE1.e.4281"}]}
COMMAND: DELETE /session/0eda8290aaf6d9c10b10c8a8e97b99f0/window - {}
RESULT: {}
COMMAND: POST /session/0eda8290aaf6d9c10b10c8a8e97b99f0/window - {"handle":"BADF7F127BB81D4F18EB6077F6D207A4"}
RESULT: {"handle":"BADF7F127BB81D4F18EB6077F6D207A4"}
COMMAND: GET /session/0eda8290aaf6d9c10b10c8a8e97b99f0/url - {}
COMMAND: POST /session/0eda8290aaf6d9c10b10c8a8e97b99f0/element - {"using":"xpath","value":"//span[contains(@id ,\"application-addressmanagement-display-component---detailAdm--addressDetailDetailsName1\")][contains(text(), \"WebdriverYard6bn1gi\")]"}
RESULT: {}
COMMAND: GET /session/0eda8290aaf6d9c10b10c8a8e97b99f0/screenshot - {}
RESULT: {"using":"xpath","value":"//span[contains(@id ,\"application-addressmanagement-display-component---detailAdm--addressDetailDetailsName1\")][contains(text(), \"WebdriverYard6bn1gi\")]"}
COMMAND: POST /session/0eda8290aaf6d9c10b10c8a8e97b99f0/element - {"using":"xpath","value":"//span[contains(@id ,\"application-addressmanagement-display-component---detailAdm--addressDetailDetailsName1\")][contains(text(), \"WebdriverYard6bn1gi\")]"}
RESULT: {}
RESULT: {"using":"xpath","value":"//span[contains(@id ,\"application-addressmanagement-display-component---detailAdm--addressDetailDetailsName1\")][contains(text(), \"WebdriverYard6bn1gi\")]"}
COMMAND: POST /session/0eda8290aaf6d9c10b10c8a8e97b99f0/element - {"using":"xpath","value":"//span[contains(@id ,\"application-addressmanagement-display-component---detailAdm--addressDetailDetailsName1\")][contains(text(), \"WebdriverYard6bn1gi\")]"}
RESULT: {"using":"xpath","value":"//span[contains(@id ,\"application-addressmanagement-display-component---detailAdm--addressDetailDetailsName1\")][contains(text(), \"WebdriverYard6bn1gi\")]"}
COMMAND: POST /session/0eda8290aaf6d9c10b10c8a8e97b99f0/element - {"using":"xpath","value":"//span[contains(@id ,\"application-addressmanagement-display-component---detailAdm--addressDetailDetailsName1\")][contains(text(), \"WebdriverYard6bn1gi\")]"}
RESULT: {"using":"xpath","value":"//span[contains(@id ,\"application-addressmanagement-display-component---detailAdm--addressDetailDetailsName1\")][contains(text(), \"WebdriverYard6bn1gi\")]"}
COMMAND: POST /session/0eda8290aaf6d9c10b10c8a8e97b99f0/element - {"using":"xpath","value":"//span[contains(@id ,\"application-addressmanagement-display-component---detailAdm--addressDetailDetailsName1\")][contains(text(), \"WebdriverYard6bn1gi\")]"}
RESULT: {"using":"xpath","value":"//span[contains(@id ,\"application-addressmanagement-display-component---detailAdm--addressDetailDetailsName1\")][contains(text(), \"WebdriverYard6bn1gi\")]"}
COMMAND: POST /session/0eda8290aaf6d9c10b10c8a8e97b99f0/element - {"using":"xpath","value":"//span[contains(@id ,\"application-addressmanagement-display-component---detailAdm--addressDetailDetailsName1\")][contains(text(), \"WebdriverYard6bn1gi\")]"}
RESULT: {"using":"xpath","value":"//span[contains(@id ,\"application-addressmanagement-display-component---detailAdm--addressDetailDetailsName1\")][contains(text(), \"WebdriverYard6bn1gi\")]"}
COMMAND: POST /session/0eda8290aaf6d9c10b10c8a8e97b99f0/element - {"using":"xpath","value":"//span[contains(@id ,\"application-addressmanagement-display-component---detailAdm--addressDetailDetailsName1\")][contains(text(), \"WebdriverYard6bn1gi\")]"}
RESULT: {"using":"xpath","value":"//span[contains(@id ,\"application-addressmanagement-display-component---detailAdm--addressDetailDetailsName1\")][contains(text(), \"WebdriverYard6bn1gi\")]"}
COMMAND: POST /session/0eda8290aaf6d9c10b10c8a8e97b99f0/element - {"using":"xpath","value":"//span[contains(@id ,\"application-addressmanagement-display-component---detailAdm--addressDetailDetailsName1\")][contains(text(), \"WebdriverYard6bn1gi\")]"}
RESULT: {"using":"xpath","value":"//span[contains(@id ,\"application-addressmanagement-display-component---detailAdm--addressDetailDetailsName1\")][contains(text(), \"WebdriverYard6bn1gi\")]"}
COMMAND: POST /session/0eda8290aaf6d9c10b10c8a8e97b99f0/element - {"using":"xpath","value":"//span[contains(@id ,\"application-addressmanagement-display-component---detailAdm--addressDetailDetailsName1\")][contains(text(), \"WebdriverYard6bn1gi\")]"}
RESULT: {"using":"xpath","value":"//span[contains(@id ,\"application-addressmanagement-display-component---detailAdm--addressDetailDetailsName1\")][contains(text(), \"WebdriverYard6bn1gi\")]"}
COMMAND: POST /session/0eda8290aaf6d9c10b10c8a8e97b99f0/element - {"using":"xpath","value":"//span[contains(@id ,\"application-addressmanagement-display-component---detailAdm--addressDetailDetailsName1\")][contains(text(), \"WebdriverYard6bn1gi\")]"}
RESULT: {"using":"xpath","value":"//span[contains(@id ,\"application-addressmanagement-display-component---detailAdm--addressDetailDetailsName1\")][contains(text(), \"WebdriverYard6bn1gi\")]"}
]]></system-out>
    </testcase>
    <testcase classname="chrome.137_0_7151_56.windows.Related_resources_for_groups_US139107" name="Should set one equipment to inactive and verify that it does not show in the releated resources" time="68.623">
      <system-out><![CDATA[
COMMAND: POST /session/0eda8290aaf6d9c10b10c8a8e97b99f0/element - {"using":"xpath","value":"//*[contains(@data-kt ,\"openRUIdMenuLink\")]"}
RESULT: {"using":"xpath","value":"//*[contains(@data-kt ,\"openRUIdMenuLink\")]"}
COMMAND: POST /session/0eda8290aaf6d9c10b10c8a8e97b99f0/execute/sync - {"script":"<script> [8489 bytes]","args":[{"element-6066-11e4-a52e-4f735466cecf":"f.BADF7F127BB81D4F18EB6077F6D207A4.d.239349E6A4F476B2A88336AB42561BE1.e.4931","ELEMENT":"f.BADF7F127BB81D4F18EB6077F6D207A4.d.239349E6A4F476B2A88336AB42561BE1.e.4931"}]}
RESULT: {"script":"<script> [8489 bytes]","args":[{"element-6066-11e4-a52e-4f735466cecf":"f.BADF7F127BB81D4F18EB6077F6D207A4.d.239349E6A4F476B2A88336AB42561BE1.e.4931","ELEMENT":"f.BADF7F127BB81D4F18EB6077F6D207A4.d.239349E6A4F476B2A88336AB42561BE1.e.4931"}]}
COMMAND: POST /session/0eda8290aaf6d9c10b10c8a8e97b99f0/execute/sync - {"script":"<script> [5351 bytes]","args":[{"element-6066-11e4-a52e-4f735466cecf":"f.BADF7F127BB81D4F18EB6077F6D207A4.d.239349E6A4F476B2A88336AB42561BE1.e.4931","ELEMENT":"f.BADF7F127BB81D4F18EB6077F6D207A4.d.239349E6A4F476B2A88336AB42561BE1.e.4931"}]}
COMMAND: GET /session/0eda8290aaf6d9c10b10c8a8e97b99f0/screenshot - {}
RESULT: {"script":"<script> [5351 bytes]","args":[{"element-6066-11e4-a52e-4f735466cecf":"f.BADF7F127BB81D4F18EB6077F6D207A4.d.239349E6A4F476B2A88336AB42561BE1.e.4931","ELEMENT":"f.BADF7F127BB81D4F18EB6077F6D207A4.d.239349E6A4F476B2A88336AB42561BE1.e.4931"}]}
COMMAND: POST /session/0eda8290aaf6d9c10b10c8a8e97b99f0/element/f.BADF7F127BB81D4F18EB6077F6D207A4.d.239349E6A4F476B2A88336AB42561BE1.e.4931/click - {}
COMMAND: GET /session/0eda8290aaf6d9c10b10c8a8e97b99f0/screenshot - {}
RESULT: {}
COMMAND: POST /session/0eda8290aaf6d9c10b10c8a8e97b99f0/element - {"using":"xpath","value":"//span[contains(@id ,\"application-addressmanagement-display-component---detailAdm--addressDetailDetailsName1\")][contains(text(), \"WebdriverYard6bn1gi\")]"}
RESULT: {}
COMMAND: GET /session/0eda8290aaf6d9c10b10c8a8e97b99f0/screenshot - {}
RESULT: {}
RESULT: {"using":"xpath","value":"//span[contains(@id ,\"application-addressmanagement-display-component---detailAdm--addressDetailDetailsName1\")][contains(text(), \"WebdriverYard6bn1gi\")]"}
RESULT: {}
COMMAND: POST /session/0eda8290aaf6d9c10b10c8a8e97b99f0/element - {"using":"xpath","value":"//span[contains(@id ,\"application-addressmanagement-display-component---detailAdm--addressDetailDetailsName1\")][contains(text(), \"WebdriverYard6bn1gi\")]"}
RESULT: {"using":"xpath","value":"//span[contains(@id ,\"application-addressmanagement-display-component---detailAdm--addressDetailDetailsName1\")][contains(text(), \"WebdriverYard6bn1gi\")]"}
COMMAND: POST /session/0eda8290aaf6d9c10b10c8a8e97b99f0/element - {"using":"xpath","value":"//span[contains(@id ,\"application-addressmanagement-display-component---detailAdm--addressDetailDetailsName1\")][contains(text(), \"WebdriverYard6bn1gi\")]"}
RESULT: {"using":"xpath","value":"//span[contains(@id ,\"application-addressmanagement-display-component---detailAdm--addressDetailDetailsName1\")][contains(text(), \"WebdriverYard6bn1gi\")]"}
COMMAND: POST /session/0eda8290aaf6d9c10b10c8a8e97b99f0/element - {"using":"xpath","value":"//span[contains(@id ,\"application-addressmanagement-display-component---detailAdm--addressDetailDetailsName1\")][contains(text(), \"WebdriverYard6bn1gi\")]"}
RESULT: {"using":"xpath","value":"//span[contains(@id ,\"application-addressmanagement-display-component---detailAdm--addressDetailDetailsName1\")][contains(text(), \"WebdriverYard6bn1gi\")]"}
COMMAND: POST /session/0eda8290aaf6d9c10b10c8a8e97b99f0/element - {"using":"xpath","value":"//*[contains(@data-kt ,\"ContextMenuId2Link\")][contains(text(), \"RU Overview\")]"}
RESULT: {"using":"xpath","value":"//*[contains(@data-kt ,\"ContextMenuId2Link\")][contains(text(), \"RU Overview\")]"}
COMMAND: POST /session/0eda8290aaf6d9c10b10c8a8e97b99f0/execute/sync - {"script":"<script> [8489 bytes]","args":[{"element-6066-11e4-a52e-4f735466cecf":"f.BADF7F127BB81D4F18EB6077F6D207A4.d.239349E6A4F476B2A88336AB42561BE1.e.4933","ELEMENT":"f.BADF7F127BB81D4F18EB6077F6D207A4.d.239349E6A4F476B2A88336AB42561BE1.e.4933"}]}
COMMAND: POST /session/0eda8290aaf6d9c10b10c8a8e97b99f0/element/f.BADF7F127BB81D4F18EB6077F6D207A4.d.239349E6A4F476B2A88336AB42561BE1.e.4933/click - {}
RESULT: {"script":"<script> [8489 bytes]","args":[{"element-6066-11e4-a52e-4f735466cecf":"f.BADF7F127BB81D4F18EB6077F6D207A4.d.239349E6A4F476B2A88336AB42561BE1.e.4933","ELEMENT":"f.BADF7F127BB81D4F18EB6077F6D207A4.d.239349E6A4F476B2A88336AB42561BE1.e.4933"}]}
COMMAND: GET /session/0eda8290aaf6d9c10b10c8a8e97b99f0/screenshot - {}
COMMAND: POST /session/0eda8290aaf6d9c10b10c8a8e97b99f0/element - {"using":"xpath","value":"//span[contains(@id ,\"application-addressmanagement-display-component---detailAdm--addressDetailDetailsName1\")][contains(text(), \"WebdriverYard6bn1gi\")]"}
RESULT: {}
COMMAND: GET /session/0eda8290aaf6d9c10b10c8a8e97b99f0/screenshot - {}
RESULT: {}
RESULT: {"using":"xpath","value":"//span[contains(@id ,\"application-addressmanagement-display-component---detailAdm--addressDetailDetailsName1\")][contains(text(), \"WebdriverYard6bn1gi\")]"}
RESULT: {}
COMMAND: POST /session/0eda8290aaf6d9c10b10c8a8e97b99f0/element - {"using":"xpath","value":"//span[contains(@id ,\"application-addressmanagement-display-component---detailAdm--addressDetailDetailsName1\")][contains(text(), \"WebdriverYard6bn1gi\")]"}
RESULT: {"using":"xpath","value":"//span[contains(@id ,\"application-addressmanagement-display-component---detailAdm--addressDetailDetailsName1\")][contains(text(), \"WebdriverYard6bn1gi\")]"}
COMMAND: POST /session/0eda8290aaf6d9c10b10c8a8e97b99f0/element - {"using":"xpath","value":"//span[contains(@id ,\"application-addressmanagement-display-component---detailAdm--addressDetailDetailsName1\")][contains(text(), \"WebdriverYard6bn1gi\")]"}
RESULT: {"using":"xpath","value":"//span[contains(@id ,\"application-addressmanagement-display-component---detailAdm--addressDetailDetailsName1\")][contains(text(), \"WebdriverYard6bn1gi\")]"}
COMMAND: POST /session/0eda8290aaf6d9c10b10c8a8e97b99f0/element - {"using":"xpath","value":"//span[contains(@id ,\"application-addressmanagement-display-component---detailAdm--addressDetailDetailsName1\")][contains(text(), \"WebdriverYard6bn1gi\")]"}
RESULT: {"using":"xpath","value":"//span[contains(@id ,\"application-addressmanagement-display-component---detailAdm--addressDetailDetailsName1\")][contains(text(), \"WebdriverYard6bn1gi\")]"}
COMMAND: POST /session/0eda8290aaf6d9c10b10c8a8e97b99f0/element - {"using":"xpath","value":"//span[contains(@id ,\"application-addressmanagement-display-component---detailAdm--addressDetailDetailsName1\")][contains(text(), \"WebdriverYard6bn1gi\")]"}
RESULT: {"using":"xpath","value":"//span[contains(@id ,\"application-addressmanagement-display-component---detailAdm--addressDetailDetailsName1\")][contains(text(), \"WebdriverYard6bn1gi\")]"}
COMMAND: POST /session/0eda8290aaf6d9c10b10c8a8e97b99f0/element - {"using":"xpath","value":"//span[contains(@id ,\"application-addressmanagement-display-component---detailAdm--addressDetailDetailsName1\")][contains(text(), \"WebdriverYard6bn1gi\")]"}
RESULT: {"using":"xpath","value":"//span[contains(@id ,\"application-addressmanagement-display-component---detailAdm--addressDetailDetailsName1\")][contains(text(), \"WebdriverYard6bn1gi\")]"}
COMMAND: POST /session/0eda8290aaf6d9c10b10c8a8e97b99f0/element - {"using":"xpath","value":"//span[contains(@id ,\"application-addressmanagement-display-component---detailAdm--addressDetailDetailsName1\")][contains(text(), \"WebdriverYard6bn1gi\")]"}
RESULT: {"using":"xpath","value":"//span[contains(@id ,\"application-addressmanagement-display-component---detailAdm--addressDetailDetailsName1\")][contains(text(), \"WebdriverYard6bn1gi\")]"}
COMMAND: POST /session/0eda8290aaf6d9c10b10c8a8e97b99f0/element - {"using":"xpath","value":"//span[contains(@id ,\"application-addressmanagement-display-component---detailAdm--addressDetailDetailsName1\")][contains(text(), \"WebdriverYard6bn1gi\")]"}
RESULT: {"using":"xpath","value":"//span[contains(@id ,\"application-addressmanagement-display-component---detailAdm--addressDetailDetailsName1\")][contains(text(), \"WebdriverYard6bn1gi\")]"}
COMMAND: POST /session/0eda8290aaf6d9c10b10c8a8e97b99f0/element - {"using":"xpath","value":"//span[contains(@id ,\"application-addressmanagement-display-component---detailAdm--addressDetailDetailsName1\")][contains(text(), \"WebdriverYard6bn1gi\")]"}
RESULT: {"using":"xpath","value":"//span[contains(@id ,\"application-addressmanagement-display-component---detailAdm--addressDetailDetailsName1\")][contains(text(), \"WebdriverYard6bn1gi\")]"}
COMMAND: POST /session/0eda8290aaf6d9c10b10c8a8e97b99f0/element - {"using":"xpath","value":"//span[contains(@id ,\"application-addressmanagement-display-component---detailAdm--addressDetailDetailsName1\")][contains(text(), \"WebdriverYard6bn1gi\")]"}
RESULT: {"using":"xpath","value":"//span[contains(@id ,\"application-addressmanagement-display-component---detailAdm--addressDetailDetailsName1\")][contains(text(), \"WebdriverYard6bn1gi\")]"}
COMMAND: POST /session/0eda8290aaf6d9c10b10c8a8e97b99f0/element - {"using":"xpath","value":"//span[contains(@id ,\"application-addressmanagement-display-component---detailAdm--addressDetailDetailsName1\")][contains(text(), \"WebdriverYard6bn1gi\")]"}
RESULT: {"using":"xpath","value":"//span[contains(@id ,\"application-addressmanagement-display-component---detailAdm--addressDetailDetailsName1\")][contains(text(), \"WebdriverYard6bn1gi\")]"}
COMMAND: POST /session/0eda8290aaf6d9c10b10c8a8e97b99f0/element - {"using":"xpath","value":"//span[contains(@id ,\"application-addressmanagement-display-component---detailAdm--addressDetailDetailsName1\")][contains(text(), \"WebdriverYard6bn1gi\")]"}
RESULT: {"using":"xpath","value":"//span[contains(@id ,\"application-addressmanagement-display-component---detailAdm--addressDetailDetailsName1\")][contains(text(), \"WebdriverYard6bn1gi\")]"}
COMMAND: POST /session/0eda8290aaf6d9c10b10c8a8e97b99f0/element - {"using":"xpath","value":"//span[contains(@id ,\"application-addressmanagement-display-component---detailAdm--addressDetailDetailsName1\")][contains(text(), \"WebdriverYard6bn1gi\")]"}
RESULT: {"using":"xpath","value":"//span[contains(@id ,\"application-addressmanagement-display-component---detailAdm--addressDetailDetailsName1\")][contains(text(), \"WebdriverYard6bn1gi\")]"}
COMMAND: POST /session/0eda8290aaf6d9c10b10c8a8e97b99f0/element - {"using":"xpath","value":"//span[contains(@id ,\"application-addressmanagement-display-component---detailAdm--addressDetailDetailsName1\")][contains(text(), \"WebdriverYard6bn1gi\")]"}
RESULT: {"using":"xpath","value":"//span[contains(@id ,\"application-addressmanagement-display-component---detailAdm--addressDetailDetailsName1\")][contains(text(), \"WebdriverYard6bn1gi\")]"}
COMMAND: POST /session/0eda8290aaf6d9c10b10c8a8e97b99f0/element - {"using":"xpath","value":"//span[contains(@id ,\"application-addressmanagement-display-component---detailAdm--addressDetailDetailsName1\")][contains(text(), \"WebdriverYard6bn1gi\")]"}
RESULT: {"using":"xpath","value":"//span[contains(@id ,\"application-addressmanagement-display-component---detailAdm--addressDetailDetailsName1\")][contains(text(), \"WebdriverYard6bn1gi\")]"}
COMMAND: POST /session/0eda8290aaf6d9c10b10c8a8e97b99f0/element - {"using":"xpath","value":"//span[contains(@id ,\"application-addressmanagement-display-component---detailAdm--addressDetailDetailsName1\")][contains(text(), \"WebdriverYard6bn1gi\")]"}
RESULT: {"using":"xpath","value":"//span[contains(@id ,\"application-addressmanagement-display-component---detailAdm--addressDetailDetailsName1\")][contains(text(), \"WebdriverYard6bn1gi\")]"}
COMMAND: POST /session/0eda8290aaf6d9c10b10c8a8e97b99f0/element - {"using":"xpath","value":"//span[contains(@id ,\"application-addressmanagement-display-component---detailAdm--addressDetailDetailsName1\")][contains(text(), \"WebdriverYard6bn1gi\")]"}
RESULT: {"using":"xpath","value":"//span[contains(@id ,\"application-addressmanagement-display-component---detailAdm--addressDetailDetailsName1\")][contains(text(), \"WebdriverYard6bn1gi\")]"}
COMMAND: POST /session/0eda8290aaf6d9c10b10c8a8e97b99f0/element - {"using":"xpath","value":"//span[contains(@id ,\"application-addressmanagement-display-component---detailAdm--addressDetailDetailsName1\")][contains(text(), \"WebdriverYard6bn1gi\")]"}
RESULT: {"using":"xpath","value":"//span[contains(@id ,\"application-addressmanagement-display-component---detailAdm--addressDetailDetailsName1\")][contains(text(), \"WebdriverYard6bn1gi\")]"}
COMMAND: POST /session/0eda8290aaf6d9c10b10c8a8e97b99f0/element - {"using":"xpath","value":"//span[contains(@id ,\"application-addressmanagement-display-component---detailAdm--addressDetailDetailsName1\")][contains(text(), \"WebdriverYard6bn1gi\")]"}
RESULT: {"using":"xpath","value":"//span[contains(@id ,\"application-addressmanagement-display-component---detailAdm--addressDetailDetailsName1\")][contains(text(), \"WebdriverYard6bn1gi\")]"}
COMMAND: POST /session/0eda8290aaf6d9c10b10c8a8e97b99f0/element - {"using":"xpath","value":"//span[contains(@id ,\"application-addressmanagement-display-component---detailAdm--addressDetailDetailsName1\")][contains(text(), \"WebdriverYard6bn1gi\")]"}
RESULT: {"using":"xpath","value":"//span[contains(@id ,\"application-addressmanagement-display-component---detailAdm--addressDetailDetailsName1\")][contains(text(), \"WebdriverYard6bn1gi\")]"}
COMMAND: POST /session/0eda8290aaf6d9c10b10c8a8e97b99f0/element - {"using":"xpath","value":"//span[contains(@id ,\"application-addressmanagement-display-component---detailAdm--addressDetailDetailsName1\")][contains(text(), \"WebdriverYard6bn1gi\")]"}
RESULT: {"using":"xpath","value":"//span[contains(@id ,\"application-addressmanagement-display-component---detailAdm--addressDetailDetailsName1\")][contains(text(), \"WebdriverYard6bn1gi\")]"}
COMMAND: POST /session/0eda8290aaf6d9c10b10c8a8e97b99f0/element - {"using":"xpath","value":"//span[contains(@id ,\"application-addressmanagement-display-component---detailAdm--addressDetailDetailsName1\")][contains(text(), \"WebdriverYard6bn1gi\")]"}
RESULT: {"using":"xpath","value":"//span[contains(@id ,\"application-addressmanagement-display-component---detailAdm--addressDetailDetailsName1\")][contains(text(), \"WebdriverYard6bn1gi\")]"}
COMMAND: POST /session/0eda8290aaf6d9c10b10c8a8e97b99f0/element - {"using":"xpath","value":"//span[contains(@id ,\"application-addressmanagement-display-component---detailAdm--addressDetailDetailsName1\")][contains(text(), \"WebdriverYard6bn1gi\")]"}
RESULT: {"using":"xpath","value":"//span[contains(@id ,\"application-addressmanagement-display-component---detailAdm--addressDetailDetailsName1\")][contains(text(), \"WebdriverYard6bn1gi\")]"}
COMMAND: POST /session/0eda8290aaf6d9c10b10c8a8e97b99f0/element - {"using":"xpath","value":"//span[contains(@id ,\"application-addressmanagement-display-component---detailAdm--addressDetailDetailsName1\")][contains(text(), \"WebdriverYard6bn1gi\")]"}
RESULT: {"using":"xpath","value":"//span[contains(@id ,\"application-addressmanagement-display-component---detailAdm--addressDetailDetailsName1\")][contains(text(), \"WebdriverYard6bn1gi\")]"}
COMMAND: POST /session/0eda8290aaf6d9c10b10c8a8e97b99f0/element - {"using":"xpath","value":"//span[contains(@id ,\"application-addressmanagement-display-component---detailAdm--addressDetailDetailsName1\")][contains(text(), \"WebdriverYard6bn1gi\")]"}
RESULT: {"using":"xpath","value":"//span[contains(@id ,\"application-addressmanagement-display-component---detailAdm--addressDetailDetailsName1\")][contains(text(), \"WebdriverYard6bn1gi\")]"}
COMMAND: POST /session/0eda8290aaf6d9c10b10c8a8e97b99f0/element - {"using":"xpath","value":"//span[contains(@id ,\"application-addressmanagement-display-component---detailAdm--addressDetailDetailsName1\")][contains(text(), \"WebdriverYard6bn1gi\")]"}
RESULT: {"using":"xpath","value":"//span[contains(@id ,\"application-addressmanagement-display-component---detailAdm--addressDetailDetailsName1\")][contains(text(), \"WebdriverYard6bn1gi\")]"}
COMMAND: POST /session/0eda8290aaf6d9c10b10c8a8e97b99f0/element - {"using":"xpath","value":"//span[contains(@id ,\"application-addressmanagement-display-component---detailAdm--addressDetailDetailsName1\")][contains(text(), \"WebdriverYard6bn1gi\")]"}
RESULT: {"using":"xpath","value":"//span[contains(@id ,\"application-addressmanagement-display-component---detailAdm--addressDetailDetailsName1\")][contains(text(), \"WebdriverYard6bn1gi\")]"}
COMMAND: POST /session/0eda8290aaf6d9c10b10c8a8e97b99f0/element - {"using":"xpath","value":"//span[contains(@id ,\"application-addressmanagement-display-component---detailAdm--addressDetailDetailsName1\")][contains(text(), \"WebdriverYard6bn1gi\")]"}
RESULT: {"using":"xpath","value":"//span[contains(@id ,\"application-addressmanagement-display-component---detailAdm--addressDetailDetailsName1\")][contains(text(), \"WebdriverYard6bn1gi\")]"}
COMMAND: POST /session/0eda8290aaf6d9c10b10c8a8e97b99f0/element - {"using":"xpath","value":"//span[contains(@id ,\"application-addressmanagement-display-component---detailAdm--addressDetailDetailsName1\")][contains(text(), \"WebdriverYard6bn1gi\")]"}
RESULT: {"using":"xpath","value":"//span[contains(@id ,\"application-addressmanagement-display-component---detailAdm--addressDetailDetailsName1\")][contains(text(), \"WebdriverYard6bn1gi\")]"}
COMMAND: POST /session/0eda8290aaf6d9c10b10c8a8e97b99f0/element - {"using":"xpath","value":"//span[contains(@id ,\"application-addressmanagement-display-component---detailAdm--addressDetailDetailsName1\")][contains(text(), \"WebdriverYard6bn1gi\")]"}
RESULT: {"using":"xpath","value":"//span[contains(@id ,\"application-addressmanagement-display-component---detailAdm--addressDetailDetailsName1\")][contains(text(), \"WebdriverYard6bn1gi\")]"}
COMMAND: POST /session/0eda8290aaf6d9c10b10c8a8e97b99f0/element - {"using":"xpath","value":"//span[contains(@id ,\"application-addressmanagement-display-component---detailAdm--addressDetailDetailsName1\")][contains(text(), \"WebdriverYard6bn1gi\")]"}
RESULT: {"using":"xpath","value":"//span[contains(@id ,\"application-addressmanagement-display-component---detailAdm--addressDetailDetailsName1\")][contains(text(), \"WebdriverYard6bn1gi\")]"}
COMMAND: POST /session/0eda8290aaf6d9c10b10c8a8e97b99f0/element - {"using":"xpath","value":"//span[contains(@id ,\"application-addressmanagement-display-component---detailAdm--addressDetailDetailsName1\")][contains(text(), \"WebdriverYard6bn1gi\")]"}
RESULT: {"using":"xpath","value":"//span[contains(@id ,\"application-addressmanagement-display-component---detailAdm--addressDetailDetailsName1\")][contains(text(), \"WebdriverYard6bn1gi\")]"}
COMMAND: POST /session/0eda8290aaf6d9c10b10c8a8e97b99f0/element - {"using":"xpath","value":"//span[contains(@id ,\"actionsToolbar-overflowButton-img\")]"}
RESULT: {"using":"xpath","value":"//span[contains(@id ,\"actionsToolbar-overflowButton-img\")]"}
COMMAND: POST /session/0eda8290aaf6d9c10b10c8a8e97b99f0/execute/sync - {"script":"<script> [8489 bytes]","args":[{"element-6066-11e4-a52e-4f735466cecf":"f.BADF7F127BB81D4F18EB6077F6D207A4.d.239349E6A4F476B2A88336AB42561BE1.e.5356","ELEMENT":"f.BADF7F127BB81D4F18EB6077F6D207A4.d.239349E6A4F476B2A88336AB42561BE1.e.5356"}]}
RESULT: {"script":"<script> [8489 bytes]","args":[{"element-6066-11e4-a52e-4f735466cecf":"f.BADF7F127BB81D4F18EB6077F6D207A4.d.239349E6A4F476B2A88336AB42561BE1.e.5356","ELEMENT":"f.BADF7F127BB81D4F18EB6077F6D207A4.d.239349E6A4F476B2A88336AB42561BE1.e.5356"}]}
COMMAND: POST /session/0eda8290aaf6d9c10b10c8a8e97b99f0/execute/sync - {"script":"<script> [5351 bytes]","args":[{"element-6066-11e4-a52e-4f735466cecf":"f.BADF7F127BB81D4F18EB6077F6D207A4.d.239349E6A4F476B2A88336AB42561BE1.e.5356","ELEMENT":"f.BADF7F127BB81D4F18EB6077F6D207A4.d.239349E6A4F476B2A88336AB42561BE1.e.5356"}]}
COMMAND: GET /session/0eda8290aaf6d9c10b10c8a8e97b99f0/screenshot - {}
RESULT: {"script":"<script> [5351 bytes]","args":[{"element-6066-11e4-a52e-4f735466cecf":"f.BADF7F127BB81D4F18EB6077F6D207A4.d.239349E6A4F476B2A88336AB42561BE1.e.5356","ELEMENT":"f.BADF7F127BB81D4F18EB6077F6D207A4.d.239349E6A4F476B2A88336AB42561BE1.e.5356"}]}
COMMAND: POST /session/0eda8290aaf6d9c10b10c8a8e97b99f0/element/f.BADF7F127BB81D4F18EB6077F6D207A4.d.239349E6A4F476B2A88336AB42561BE1.e.5356/click - {}
COMMAND: GET /session/0eda8290aaf6d9c10b10c8a8e97b99f0/screenshot - {}
COMMAND: POST /session/0eda8290aaf6d9c10b10c8a8e97b99f0/element - {"using":"xpath","value":"//span[contains(@id ,\"application-addressmanagement-display-component---detailAdm--addressDetailDetailsName1\")][contains(text(), \"WebdriverYard6bn1gi\")]"}
RESULT: {}
RESULT: {}
COMMAND: GET /session/0eda8290aaf6d9c10b10c8a8e97b99f0/screenshot - {}
RESULT: {}
RESULT: {"using":"xpath","value":"//span[contains(@id ,\"application-addressmanagement-display-component---detailAdm--addressDetailDetailsName1\")][contains(text(), \"WebdriverYard6bn1gi\")]"}
RESULT: {}
COMMAND: POST /session/0eda8290aaf6d9c10b10c8a8e97b99f0/element - {"using":"xpath","value":"//span[contains(@id ,\"application-addressmanagement-display-component---detailAdm--addressDetailDetailsName1\")][contains(text(), \"WebdriverYard6bn1gi\")]"}
RESULT: {"using":"xpath","value":"//span[contains(@id ,\"application-addressmanagement-display-component---detailAdm--addressDetailDetailsName1\")][contains(text(), \"WebdriverYard6bn1gi\")]"}
COMMAND: POST /session/0eda8290aaf6d9c10b10c8a8e97b99f0/element - {"using":"xpath","value":"//span[contains(@id ,\"application-addressmanagement-display-component---detailAdm--addressDetailDetailsName1\")][contains(text(), \"WebdriverYard6bn1gi\")]"}
RESULT: {"using":"xpath","value":"//span[contains(@id ,\"application-addressmanagement-display-component---detailAdm--addressDetailDetailsName1\")][contains(text(), \"WebdriverYard6bn1gi\")]"}
COMMAND: POST /session/0eda8290aaf6d9c10b10c8a8e97b99f0/element - {"using":"xpath","value":"//span[contains(@id ,\"application-addressmanagement-display-component---detailAdm--addressDetailDetailsName1\")][contains(text(), \"WebdriverYard6bn1gi\")]"}
RESULT: {"using":"xpath","value":"//span[contains(@id ,\"application-addressmanagement-display-component---detailAdm--addressDetailDetailsName1\")][contains(text(), \"WebdriverYard6bn1gi\")]"}
COMMAND: POST /session/0eda8290aaf6d9c10b10c8a8e97b99f0/element - {"using":"xpath","value":"(//bdi[contains(text(), \"Deactivate\")])[1]"}
RESULT: {"using":"xpath","value":"(//bdi[contains(text(), \"Deactivate\")])[1]"}
COMMAND: POST /session/0eda8290aaf6d9c10b10c8a8e97b99f0/element/f.BADF7F127BB81D4F18EB6077F6D207A4.d.239349E6A4F476B2A88336AB42561BE1.e.5359/click - {}
RESULT: {}
COMMAND: GET /session/0eda8290aaf6d9c10b10c8a8e97b99f0/screenshot - {}
COMMAND: POST /session/0eda8290aaf6d9c10b10c8a8e97b99f0/element - {"using":"xpath","value":"//span[contains(@id ,\"application-addressmanagement-display-component---detailAdm--addressDetailDetailsName1\")][contains(text(), \"WebdriverYard6bn1gi\")]"}
RESULT: {}
RESULT: {"using":"xpath","value":"//span[contains(@id ,\"application-addressmanagement-display-component---detailAdm--addressDetailDetailsName1\")][contains(text(), \"WebdriverYard6bn1gi\")]"}
COMMAND: POST /session/0eda8290aaf6d9c10b10c8a8e97b99f0/element - {"using":"xpath","value":"//span[contains(@id ,\"application-addressmanagement-display-component---detailAdm--addressDetailDetailsName1\")][contains(text(), \"WebdriverYard6bn1gi\")]"}
RESULT: {"using":"xpath","value":"//span[contains(@id ,\"application-addressmanagement-display-component---detailAdm--addressDetailDetailsName1\")][contains(text(), \"WebdriverYard6bn1gi\")]"}
COMMAND: POST /session/0eda8290aaf6d9c10b10c8a8e97b99f0/element - {"using":"xpath","value":"//span[contains(@id ,\"application-addressmanagement-display-component---detailAdm--addressDetailDetailsName1\")][contains(text(), \"WebdriverYard6bn1gi\")]"}
RESULT: {"using":"xpath","value":"//span[contains(@id ,\"application-addressmanagement-display-component---detailAdm--addressDetailDetailsName1\")][contains(text(), \"WebdriverYard6bn1gi\")]"}
COMMAND: POST /session/0eda8290aaf6d9c10b10c8a8e97b99f0/element - {"using":"xpath","value":"//span[contains(@id ,\"application-addressmanagement-display-component---detailAdm--addressDetailDetailsName1\")][contains(text(), \"WebdriverYard6bn1gi\")]"}
RESULT: {"using":"xpath","value":"//span[contains(@id ,\"application-addressmanagement-display-component---detailAdm--addressDetailDetailsName1\")][contains(text(), \"WebdriverYard6bn1gi\")]"}
COMMAND: POST /session/0eda8290aaf6d9c10b10c8a8e97b99f0/element - {"using":"xpath","value":"(//bdi[contains(text(), \"OK\")])[1]"}
RESULT: {"using":"xpath","value":"(//bdi[contains(text(), \"OK\")])[1]"}
COMMAND: POST /session/0eda8290aaf6d9c10b10c8a8e97b99f0/element/f.BADF7F127BB81D4F18EB6077F6D207A4.d.239349E6A4F476B2A88336AB42561BE1.e.5362/click - {}
RESULT: {}
COMMAND: GET /session/0eda8290aaf6d9c10b10c8a8e97b99f0/screenshot - {}
RESULT: {}
COMMAND: POST /session/0eda8290aaf6d9c10b10c8a8e97b99f0/element - {"using":"xpath","value":"//span[contains(@id ,\"application-addressmanagement-display-component---detailAdm--addressDetailDetailsName1\")][contains(text(), \"WebdriverYard6bn1gi\")]"}
RESULT: {"using":"xpath","value":"//span[contains(@id ,\"application-addressmanagement-display-component---detailAdm--addressDetailDetailsName1\")][contains(text(), \"WebdriverYard6bn1gi\")]"}
COMMAND: POST /session/0eda8290aaf6d9c10b10c8a8e97b99f0/element - {"using":"xpath","value":"//span[contains(@id ,\"application-addressmanagement-display-component---detailAdm--addressDetailDetailsName1\")][contains(text(), \"WebdriverYard6bn1gi\")]"}
RESULT: {"using":"xpath","value":"//span[contains(@id ,\"application-addressmanagement-display-component---detailAdm--addressDetailDetailsName1\")][contains(text(), \"WebdriverYard6bn1gi\")]"}
COMMAND: POST /session/0eda8290aaf6d9c10b10c8a8e97b99f0/element - {"using":"xpath","value":"//span[contains(@id ,\"application-addressmanagement-display-component---detailAdm--addressDetailDetailsName1\")][contains(text(), \"WebdriverYard6bn1gi\")]"}
RESULT: {"using":"xpath","value":"//span[contains(@id ,\"application-addressmanagement-display-component---detailAdm--addressDetailDetailsName1\")][contains(text(), \"WebdriverYard6bn1gi\")]"}
COMMAND: POST /session/0eda8290aaf6d9c10b10c8a8e97b99f0/element - {"using":"xpath","value":"//span[contains(@id ,\"application-addressmanagement-display-component---detailAdm--addressDetailDetailsName1\")][contains(text(), \"WebdriverYard6bn1gi\")]"}
RESULT: {"using":"xpath","value":"//span[contains(@id ,\"application-addressmanagement-display-component---detailAdm--addressDetailDetailsName1\")][contains(text(), \"WebdriverYard6bn1gi\")]"}
COMMAND: POST /session/0eda8290aaf6d9c10b10c8a8e97b99f0/element - {"using":"xpath","value":"//span[contains(@id ,\"application-addressmanagement-display-component---detailAdm--addressDetailDetailsName1\")][contains(text(), \"WebdriverYard6bn1gi\")]"}
RESULT: {"using":"xpath","value":"//span[contains(@id ,\"application-addressmanagement-display-component---detailAdm--addressDetailDetailsName1\")][contains(text(), \"WebdriverYard6bn1gi\")]"}
COMMAND: POST /session/0eda8290aaf6d9c10b10c8a8e97b99f0/element - {"using":"xpath","value":"//input[contains(@id ,\"application-manageresources-display-component---masterRU--smartFilterBar-btnBasicSearch-I\")]"}
RESULT: {"using":"xpath","value":"//input[contains(@id ,\"application-manageresources-display-component---masterRU--smartFilterBar-btnBasicSearch-I\")]"}
COMMAND: POST /session/0eda8290aaf6d9c10b10c8a8e97b99f0/element/f.BADF7F127BB81D4F18EB6077F6D207A4.d.239349E6A4F476B2A88336AB42561BE1.e.4943/value - {"text":"WdIORUGroupeqhcy"}
COMMAND: POST /session/0eda8290aaf6d9c10b10c8a8e97b99f0/element - {"using":"xpath","value":"//span[contains(@id ,\"application-addressmanagement-display-component---detailAdm--addressDetailDetailsName1\")][contains(text(), \"WebdriverYard6bn1gi\")]"}
RESULT: {"text":"WdIORUGroupeqhcy"}
COMMAND: GET /session/0eda8290aaf6d9c10b10c8a8e97b99f0/screenshot - {}
RESULT: {"using":"xpath","value":"//span[contains(@id ,\"application-addressmanagement-display-component---detailAdm--addressDetailDetailsName1\")][contains(text(), \"WebdriverYard6bn1gi\")]"}
RESULT: {}
COMMAND: POST /session/0eda8290aaf6d9c10b10c8a8e97b99f0/element - {"using":"xpath","value":"//span[contains(@id ,\"application-addressmanagement-display-component---detailAdm--addressDetailDetailsName1\")][contains(text(), \"WebdriverYard6bn1gi\")]"}
RESULT: {"using":"xpath","value":"//span[contains(@id ,\"application-addressmanagement-display-component---detailAdm--addressDetailDetailsName1\")][contains(text(), \"WebdriverYard6bn1gi\")]"}
COMMAND: POST /session/0eda8290aaf6d9c10b10c8a8e97b99f0/element - {"using":"xpath","value":"//span[contains(@id ,\"application-addressmanagement-display-component---detailAdm--addressDetailDetailsName1\")][contains(text(), \"WebdriverYard6bn1gi\")]"}
RESULT: {"using":"xpath","value":"//span[contains(@id ,\"application-addressmanagement-display-component---detailAdm--addressDetailDetailsName1\")][contains(text(), \"WebdriverYard6bn1gi\")]"}
COMMAND: POST /session/0eda8290aaf6d9c10b10c8a8e97b99f0/element - {"using":"xpath","value":"//span[contains(@id ,\"application-addressmanagement-display-component---detailAdm--addressDetailDetailsName1\")][contains(text(), \"WebdriverYard6bn1gi\")]"}
RESULT: {"using":"xpath","value":"//span[contains(@id ,\"application-addressmanagement-display-component---detailAdm--addressDetailDetailsName1\")][contains(text(), \"WebdriverYard6bn1gi\")]"}
COMMAND: POST /session/0eda8290aaf6d9c10b10c8a8e97b99f0/actions - {"actions":[{"id":"action13","type":"key","parameters":{},"actions":[{"type":"keyDown","value":"î€‡"},{"type":"pause","duration":10},{"type":"keyUp","value":"î€‡"}]}]}
RESULT: {"actions":[{"id":"action13","type":"key","parameters":{},"actions":[{"type":"keyDown","value":"î€‡"},{"type":"pause","duration":10},{"type":"keyUp","value":"î€‡"}]}]}
COMMAND: GET /session/0eda8290aaf6d9c10b10c8a8e97b99f0/screenshot - {}
COMMAND: POST /session/0eda8290aaf6d9c10b10c8a8e97b99f0/element - {"using":"xpath","value":"//span[contains(@id ,\"application-addressmanagement-display-component---detailAdm--addressDetailDetailsName1\")][contains(text(), \"WebdriverYard6bn1gi\")]"}
RESULT: {}
RESULT: {"using":"xpath","value":"//span[contains(@id ,\"application-addressmanagement-display-component---detailAdm--addressDetailDetailsName1\")][contains(text(), \"WebdriverYard6bn1gi\")]"}
COMMAND: POST /session/0eda8290aaf6d9c10b10c8a8e97b99f0/element - {"using":"xpath","value":"//span[contains(@id ,\"application-addressmanagement-display-component---detailAdm--addressDetailDetailsName1\")][contains(text(), \"WebdriverYard6bn1gi\")]"}
RESULT: {"using":"xpath","value":"//span[contains(@id ,\"application-addressmanagement-display-component---detailAdm--addressDetailDetailsName1\")][contains(text(), \"WebdriverYard6bn1gi\")]"}
COMMAND: POST /session/0eda8290aaf6d9c10b10c8a8e97b99f0/element - {"using":"xpath","value":"//span[contains(@id ,\"application-addressmanagement-display-component---detailAdm--addressDetailDetailsName1\")][contains(text(), \"WebdriverYard6bn1gi\")]"}
RESULT: {"using":"xpath","value":"//span[contains(@id ,\"application-addressmanagement-display-component---detailAdm--addressDetailDetailsName1\")][contains(text(), \"WebdriverYard6bn1gi\")]"}
COMMAND: POST /session/0eda8290aaf6d9c10b10c8a8e97b99f0/element - {"using":"xpath","value":"//span[contains(@id ,\"application-addressmanagement-display-component---detailAdm--addressDetailDetailsName1\")][contains(text(), \"WebdriverYard6bn1gi\")]"}
RESULT: {"using":"xpath","value":"//span[contains(@id ,\"application-addressmanagement-display-component---detailAdm--addressDetailDetailsName1\")][contains(text(), \"WebdriverYard6bn1gi\")]"}
COMMAND: POST /session/0eda8290aaf6d9c10b10c8a8e97b99f0/element - {"using":"xpath","value":"//span[contains(@id ,\"application-addressmanagement-display-component---detailAdm--addressDetailDetailsName1\")][contains(text(), \"WebdriverYard6bn1gi\")]"}
RESULT: {"using":"xpath","value":"//span[contains(@id ,\"application-addressmanagement-display-component---detailAdm--addressDetailDetailsName1\")][contains(text(), \"WebdriverYard6bn1gi\")]"}
COMMAND: POST /session/0eda8290aaf6d9c10b10c8a8e97b99f0/element - {"using":"xpath","value":"//span[contains(@id ,\"application-addressmanagement-display-component---detailAdm--addressDetailDetailsName1\")][contains(text(), \"WebdriverYard6bn1gi\")]"}
RESULT: {"using":"xpath","value":"//span[contains(@id ,\"application-addressmanagement-display-component---detailAdm--addressDetailDetailsName1\")][contains(text(), \"WebdriverYard6bn1gi\")]"}
COMMAND: POST /session/0eda8290aaf6d9c10b10c8a8e97b99f0/element - {"using":"xpath","value":"//span[contains(@id ,\"application-addressmanagement-display-component---detailAdm--addressDetailDetailsName1\")][contains(text(), \"WebdriverYard6bn1gi\")]"}
RESULT: {"using":"xpath","value":"//span[contains(@id ,\"application-addressmanagement-display-component---detailAdm--addressDetailDetailsName1\")][contains(text(), \"WebdriverYard6bn1gi\")]"}
COMMAND: POST /session/0eda8290aaf6d9c10b10c8a8e97b99f0/element - {"using":"xpath","value":"//span[contains(@id ,\"application-addressmanagement-display-component---detailAdm--addressDetailDetailsName1\")][contains(text(), \"WebdriverYard6bn1gi\")]"}
RESULT: {"using":"xpath","value":"//span[contains(@id ,\"application-addressmanagement-display-component---detailAdm--addressDetailDetailsName1\")][contains(text(), \"WebdriverYard6bn1gi\")]"}
COMMAND: POST /session/0eda8290aaf6d9c10b10c8a8e97b99f0/element - {"using":"xpath","value":"//span[contains(@id ,\"application-addressmanagement-display-component---detailAdm--addressDetailDetailsName1\")][contains(text(), \"WebdriverYard6bn1gi\")]"}
RESULT: {"using":"xpath","value":"//span[contains(@id ,\"application-addressmanagement-display-component---detailAdm--addressDetailDetailsName1\")][contains(text(), \"WebdriverYard6bn1gi\")]"}
COMMAND: POST /session/0eda8290aaf6d9c10b10c8a8e97b99f0/element - {"using":"xpath","value":"//span[contains(@id ,\"application-addressmanagement-display-component---detailAdm--addressDetailDetailsName1\")][contains(text(), \"WebdriverYard6bn1gi\")]"}
RESULT: {"using":"xpath","value":"//span[contains(@id ,\"application-addressmanagement-display-component---detailAdm--addressDetailDetailsName1\")][contains(text(), \"WebdriverYard6bn1gi\")]"}
COMMAND: POST /session/0eda8290aaf6d9c10b10c8a8e97b99f0/element - {"using":"xpath","value":"//span[contains(@id ,\"application-addressmanagement-display-component---detailAdm--addressDetailDetailsName1\")][contains(text(), \"WebdriverYard6bn1gi\")]"}
RESULT: {"using":"xpath","value":"//span[contains(@id ,\"application-addressmanagement-display-component---detailAdm--addressDetailDetailsName1\")][contains(text(), \"WebdriverYard6bn1gi\")]"}
COMMAND: POST /session/0eda8290aaf6d9c10b10c8a8e97b99f0/element - {"using":"xpath","value":"//span[contains(text(), \"WdIORUGroupeqhcy\")][contains(@class ,\"sapMText sapUiSelectable sapMTextBreakWord sapMTextMaxWidth\")]"}
RESULT: {"using":"xpath","value":"//span[contains(text(), \"WdIORUGroupeqhcy\")][contains(@class ,\"sapMText sapUiSelectable sapMTextBreakWord sapMTextMaxWidth\")]"}
COMMAND: POST /session/0eda8290aaf6d9c10b10c8a8e97b99f0/element/f.BADF7F127BB81D4F18EB6077F6D207A4.d.239349E6A4F476B2A88336AB42561BE1.e.5529/click - {}
RESULT: {}
COMMAND: GET /session/0eda8290aaf6d9c10b10c8a8e97b99f0/screenshot - {}
RESULT: {}
COMMAND: POST /session/0eda8290aaf6d9c10b10c8a8e97b99f0/element - {"using":"xpath","value":"//bdi[contains(@id ,\"application-manageresources-display-component---detailRU--openRelatedRus-BDI-content\")]"}
RESULT: {"using":"xpath","value":"//bdi[contains(@id ,\"application-manageresources-display-component---detailRU--openRelatedRus-BDI-content\")]"}
COMMAND: POST /session/0eda8290aaf6d9c10b10c8a8e97b99f0/execute/sync - {"script":"<script> [8489 bytes]","args":[{"element-6066-11e4-a52e-4f735466cecf":"f.BADF7F127BB81D4F18EB6077F6D207A4.d.239349E6A4F476B2A88336AB42561BE1.e.5642","ELEMENT":"f.BADF7F127BB81D4F18EB6077F6D207A4.d.239349E6A4F476B2A88336AB42561BE1.e.5642"}]}
RESULT: {"script":"<script> [8489 bytes]","args":[{"element-6066-11e4-a52e-4f735466cecf":"f.BADF7F127BB81D4F18EB6077F6D207A4.d.239349E6A4F476B2A88336AB42561BE1.e.5642","ELEMENT":"f.BADF7F127BB81D4F18EB6077F6D207A4.d.239349E6A4F476B2A88336AB42561BE1.e.5642"}]}
COMMAND: POST /session/0eda8290aaf6d9c10b10c8a8e97b99f0/execute/sync - {"script":"<script> [5351 bytes]","args":[{"element-6066-11e4-a52e-4f735466cecf":"f.BADF7F127BB81D4F18EB6077F6D207A4.d.239349E6A4F476B2A88336AB42561BE1.e.5642","ELEMENT":"f.BADF7F127BB81D4F18EB6077F6D207A4.d.239349E6A4F476B2A88336AB42561BE1.e.5642"}]}
COMMAND: GET /session/0eda8290aaf6d9c10b10c8a8e97b99f0/screenshot - {}
RESULT: {"script":"<script> [5351 bytes]","args":[{"element-6066-11e4-a52e-4f735466cecf":"f.BADF7F127BB81D4F18EB6077F6D207A4.d.239349E6A4F476B2A88336AB42561BE1.e.5642","ELEMENT":"f.BADF7F127BB81D4F18EB6077F6D207A4.d.239349E6A4F476B2A88336AB42561BE1.e.5642"}]}
COMMAND: POST /session/0eda8290aaf6d9c10b10c8a8e97b99f0/element/f.BADF7F127BB81D4F18EB6077F6D207A4.d.239349E6A4F476B2A88336AB42561BE1.e.5642/click - {}
COMMAND: GET /session/0eda8290aaf6d9c10b10c8a8e97b99f0/screenshot - {}
RESULT: {}
RESULT: {}
COMMAND: GET /session/0eda8290aaf6d9c10b10c8a8e97b99f0/screenshot - {}
RESULT: {}
RESULT: {}
RESULT: undefined
COMMAND: POST /session/0eda8290aaf6d9c10b10c8a8e97b99f0/execute/async - {"script":"<script> [6424 bytes]","args":[{"element-6066-11e4-a52e-4f735466cecf":"f.BADF7F127BB81D4F18EB6077F6D207A4.d.239349E6A4F476B2A88336AB42561BE1.e.2665"},"getText",[]]}
COMMAND: POST /session/0eda8290aaf6d9c10b10c8a8e97b99f0/execute/async - {"script":"<script> [1562 bytes]","args":[{"selector":{"id":"RelatedRUsFragmentID--smartTableRUs-header","searchOpenDialogs":true},"wdio_ui5_key":"RelatedRUsFragmentIDsmartTableRUs-header"}]}
RESULT: {"script":"<script> [1562 bytes]","args":[{"selector":{"id":"RelatedRUsFragmentID--smartTableRUs-header","searchOpenDialogs":true},"wdio_ui5_key":"RelatedRUsFragmentIDsmartTableRUs-header"}]}
COMMAND: POST /session/0eda8290aaf6d9c10b10c8a8e97b99f0/execute/async - {"script":"<script> [6424 bytes]","args":[{"element-6066-11e4-a52e-4f735466cecf":"f.BADF7F127BB81D4F18EB6077F6D207A4.d.239349E6A4F476B2A88336AB42561BE1.e.5647"},"getText",[]]}
RESULT: {"script":"<script> [6424 bytes]","args":[{"element-6066-11e4-a52e-4f735466cecf":"f.BADF7F127BB81D4F18EB6077F6D207A4.d.239349E6A4F476B2A88336AB42561BE1.e.5647"},"getText",[]]}
COMMAND: DELETE /session/0eda8290aaf6d9c10b10c8a8e97b99f0 - {}
RESULT: {}
]]></system-out>
    </testcase>
  </testsuite>
</testsuites>